<?xml version="1.0" encoding="UTF-8"?>
<testsuite xmlns:xsi="http://www.w3.org/2001/XMLSchema-instance" xsi:noNamespaceSchemaLocation="https://maven.apache.org/surefire/maven-surefire-plugin/xsd/surefire-test-report-3.0.xsd" version="3.0" name="org.apache.hadoop.ozone.client.rpc.TestContainerStateMachineFailures" time="187.571" tests="7" errors="1" skipped="0" failures="0">
  <properties>
    <property name="java.specification.version" value="21"/>
    <property name="sun.jnu.encoding" value="UTF-8"/>
    <property name="java.class.path" value="/home/runner/work/ozone/ozone/hadoop-ozone/integration-test/target/test-classes:/home/runner/work/ozone/ozone/hadoop-ozone/integration-test/target/classes:/home/runner/work/ozone/ozone/hadoop-hdds/server-scm/target/hdds-server-scm-2.0.0-SNAPSHOT.jar:/home/runner/.m2/repository/com/fasterxml/jackson/core/jackson-annotations/2.16.2/jackson-annotations-2.16.2.jar:/home/runner/.m2/repository/com/fasterxml/jackson/core/jackson-core/2.16.2/jackson-core-2.16.2.jar:/home/runner/.m2/repository/com/fasterxml/jackson/core/jackson-databind/2.16.2/jackson-databind-2.16.2.jar:/home/runner/.m2/repository/com/google/guava/guava/32.1.3-jre/guava-32.1.3-jre.jar:/home/runner/.m2/repository/com/google/guava/failureaccess/1.0.1/failureaccess-1.0.1.jar:/home/runner/.m2/repository/com/google/guava/listenablefuture/9999.0-empty-to-avoid-conflict-with-guava/listenablefuture-9999.0-empty-to-avoid-conflict-with-guava.jar:/home/runner/.m2/repository/org/checkerframework/checker-qual/3.37.0/checker-qual-3.37.0.jar:/home/runner/.m2/repository/com/google/errorprone/error_prone_annotations/2.29.2/error_prone_annotations-2.29.2.jar:/home/runner/.m2/repository/com/google/j2objc/j2objc-annotations/2.8/j2objc-annotations-2.8.jar:/home/runner/.m2/repository/com/google/protobuf/protobuf-java/2.5.0/protobuf-java-2.5.0.jar:/home/runner/.m2/repository/commons-collections/commons-collections/3.2.2/commons-collections-3.2.2.jar:/home/runner/.m2/repository/commons-io/commons-io/2.18.0/commons-io-2.18.0.jar:/home/runner/.m2/repository/info/picocli/picocli/4.7.5/picocli-4.7.5.jar:/home/runner/.m2/repository/io/dropwizard/metrics/metrics-core/3.2.6/metrics-core-3.2.6.jar:/home/runner/.m2/repository/jakarta/annotation/jakarta.annotation-api/2.1.1/jakarta.annotation-api-2.1.1.jar:/home/runner/.m2/repository/javax/servlet/javax.servlet-api/3.1.0/javax.servlet-api-3.1.0.jar:/home/runner/.m2/repository/org/apache/commons/commons-compress/1.27.1/commons-compress-1.27.1.jar:/home/runner/.m2/repository/org/apache/commons/commons-text/1.12.0/commons-text-1.12.0.jar:/home/runner/work/ozone/ozone/hadoop-hdds/client/target/hdds-client-2.0.0-SNAPSHOT.jar:/home/runner/work/ozone/ozone/hadoop-hdds/common/target/hdds-common-2.0.0-SNAPSHOT.jar:/home/runner/work/ozone/ozone/hadoop-hdds/config/target/hdds-config-2.0.0-SNAPSHOT.jar:/home/runner/work/ozone/ozone/hadoop-hdds/container-service/target/hdds-container-service-2.0.0-SNAPSHOT.jar:/home/runner/work/ozone/ozone/hadoop-hdds/hadoop-dependency-client/target/hdds-hadoop-dependency-client-2.0.0-SNAPSHOT.jar:/home/runner/.m2/repository/com/nimbusds/nimbus-jose-jwt/9.40/nimbus-jose-jwt-9.40.jar:/home/runner/work/ozone/ozone/hadoop-hdds/hadoop-dependency-server/target/hdds-hadoop-dependency-server-2.0.0-SNAPSHOT.jar:/home/runner/.m2/repository/org/apache/hadoop/hadoop-hdfs/3.4.1/hadoop-hdfs-3.4.1.jar:/home/runner/.m2/repository/org/apache/kerby/kerb-util/1.0.1/kerb-util-1.0.1.jar:/home/runner/.m2/repository/org/apache/kerby/kerby-config/1.0.1/kerby-config-1.0.1.jar:/home/runner/.m2/repository/org/apache/kerby/kerb-crypto/1.0.1/kerb-crypto-1.0.1.jar:/home/runner/work/ozone/ozone/hadoop-hdds/interface-admin/target/hdds-interface-admin-2.0.0-SNAPSHOT.jar:/home/runner/work/ozone/ozone/hadoop-hdds/interface-client/target/hdds-interface-client-2.0.0-SNAPSHOT.jar:/home/runner/work/ozone/ozone/hadoop-hdds/interface-server/target/hdds-interface-server-2.0.0-SNAPSHOT.jar:/home/runner/work/ozone/ozone/hadoop-hdds/framework/target/hdds-server-framework-2.0.0-SNAPSHOT.jar:/home/runner/.m2/repository/org/apache/ratis/ratis-client/3.1.2/ratis-client-3.1.2.jar:/home/runner/.m2/repository/org/apache/ratis/ratis-common/3.1.2/ratis-common-3.1.2.jar:/home/runner/.m2/repository/org/apache/ratis/ratis-grpc/3.1.2/ratis-grpc-3.1.2.jar:/home/runner/.m2/repository/org/apache/ratis/ratis-netty/3.1.2/ratis-netty-3.1.2.jar:/home/runner/.m2/repository/org/apache/ratis/ratis-proto/3.1.2/ratis-proto-3.1.2.jar:/home/runner/.m2/repository/org/apache/ratis/ratis-server-api/3.1.2/ratis-server-api-3.1.2.jar:/home/runner/.m2/repository/org/apache/ratis/ratis-thirdparty-misc/1.0.6/ratis-thirdparty-misc-1.0.6.jar:/home/runner/.m2/repository/org/bouncycastle/bcpkix-jdk18on/1.80/bcpkix-jdk18on-1.80.jar:/home/runner/.m2/repository/org/bouncycastle/bcprov-jdk18on/1.80/bcprov-jdk18on-1.80.jar:/home/runner/.m2/repository/org/eclipse/jetty/jetty-webapp/9.4.57.v20241219/jetty-webapp-9.4.57.v20241219.jar:/home/runner/.m2/repository/org/eclipse/jetty/jetty-xml/9.4.57.v20241219/jetty-xml-9.4.57.v20241219.jar:/home/runner/.m2/repository/org/slf4j/slf4j-api/2.0.16/slf4j-api-2.0.16.jar:/home/runner/work/ozone/ozone/hadoop-hdds/tools/target/hdds-tools-2.0.0-SNAPSHOT.jar:/home/runner/.m2/repository/ch/qos/reload4j/reload4j/1.2.26/reload4j-1.2.26.jar:/home/runner/.m2/repository/com/fasterxml/jackson/datatype/jackson-datatype-jsr310/2.16.2/jackson-datatype-jsr310-2.16.2.jar:/home/runner/.m2/repository/commons-cli/commons-cli/1.8.0/commons-cli-1.8.0.jar:/home/runner/.m2/repository/org/apache/ratis/ratis-tools/3.1.2/ratis-tools-3.1.2.jar:/home/runner/.m2/repository/org/kohsuke/metainf-services/metainf-services/1.11/metainf-services-1.11.jar:/home/runner/.m2/repository/org/slf4j/slf4j-reload4j/2.0.16/slf4j-reload4j-2.0.16.jar:/home/runner/.m2/repository/org/xerial/sqlite-jdbc/3.49.0.0/sqlite-jdbc-3.49.0.0.jar:/home/runner/work/ozone/ozone/hadoop-ozone/cli-shell/target/ozone-cli-shell-2.0.0-SNAPSHOT.jar:/home/runner/.m2/repository/commons-codec/commons-codec/1.17.1/commons-codec-1.17.1.jar:/home/runner/.m2/repository/info/picocli/picocli-shell-jline3/4.7.5/picocli-shell-jline3-4.7.5.jar:/home/runner/.m2/repository/jakarta/xml/bind/jakarta.xml.bind-api/2.3.3/jakarta.xml.bind-api-2.3.3.jar:/home/runner/.m2/repository/org/apache/httpcomponents/httpclient/4.5.14/httpclient-4.5.14.jar:/home/runner/work/ozone/ozone/hadoop-ozone/ozonefs-common/target/ozone-filesystem-common-2.0.0-SNAPSHOT.jar:/home/runner/work/ozone/ozone/hadoop-ozone/interface-client/target/ozone-interface-client-2.0.0-SNAPSHOT.jar:/home/runner/.m2/repository/org/jline/jline/3.29.0/jline-3.29.0.jar:/home/runner/work/ozone/ozone/hadoop-ozone/client/target/ozone-client-2.0.0-SNAPSHOT.jar:/home/runner/.m2/repository/com/github/stephenc/jcip/jcip-annotations/1.0-1/jcip-annotations-1.0-1.jar:/home/runner/work/ozone/ozone/hadoop-hdds/erasurecode/target/hdds-erasurecode-2.0.0-SNAPSHOT.jar:/home/runner/work/ozone/ozone/hadoop-ozone/common/target/ozone-common-2.0.0-SNAPSHOT.jar:/home/runner/.m2/repository/io/grpc/grpc-api/1.58.0/grpc-api-1.58.0.jar:/home/runner/.m2/repository/io/grpc/grpc-netty/1.58.0/grpc-netty-1.58.0.jar:/home/runner/.m2/repository/io/grpc/grpc-core/1.58.0/grpc-core-1.58.0.jar:/home/runner/.m2/repository/com/google/android/annotations/4.1.1.4/annotations-4.1.1.4.jar:/home/runner/.m2/repository/org/codehaus/mojo/animal-sniffer-annotations/1.23/animal-sniffer-annotations-1.23.jar:/home/runner/.m2/repository/io/grpc/grpc-context/1.58.0/grpc-context-1.58.0.jar:/home/runner/.m2/repository/io/grpc/grpc-util/1.58.0/grpc-util-1.58.0.jar:/home/runner/.m2/repository/io/perfmark/perfmark-api/0.26.0/perfmark-api-0.26.0.jar:/home/runner/.m2/repository/io/grpc/grpc-stub/1.58.0/grpc-stub-1.58.0.jar:/home/runner/.m2/repository/io/netty/netty-codec-http2/4.1.109.Final/netty-codec-http2-4.1.109.Final.jar:/home/runner/.m2/repository/io/netty/netty-codec-http/4.1.109.Final/netty-codec-http-4.1.109.Final.jar:/home/runner/.m2/repository/io/netty/netty-common/4.1.109.Final/netty-common-4.1.109.Final.jar:/home/runner/.m2/repository/io/netty/netty-handler/4.1.109.Final/netty-handler-4.1.109.Final.jar:/home/runner/.m2/repository/io/netty/netty-resolver/4.1.109.Final/netty-resolver-4.1.109.Final.jar:/home/runner/.m2/repository/io/netty/netty-handler-proxy/4.1.109.Final/netty-handler-proxy-4.1.109.Final.jar:/home/runner/.m2/repository/io/netty/netty-codec-socks/4.1.109.Final/netty-codec-socks-4.1.109.Final.jar:/home/runner/.m2/repository/org/apache/httpcomponents/httpcore/4.4.16/httpcore-4.4.16.jar:/home/runner/.m2/repository/io/netty/netty-tcnative-boringssl-static/2.0.65.Final/netty-tcnative-boringssl-static-2.0.65.Final.jar:/home/runner/.m2/repository/io/netty/netty-tcnative-classes/2.0.65.Final/netty-tcnative-classes-2.0.65.Final.jar:/home/runner/.m2/repository/io/netty/netty-tcnative-boringssl-static/2.0.65.Final/netty-tcnative-boringssl-static-2.0.65.Final-linux-x86_64.jar:/home/runner/.m2/repository/io/netty/netty-tcnative-boringssl-static/2.0.65.Final/netty-tcnative-boringssl-static-2.0.65.Final-linux-aarch_64.jar:/home/runner/.m2/repository/io/netty/netty-tcnative-boringssl-static/2.0.65.Final/netty-tcnative-boringssl-static-2.0.65.Final-osx-x86_64.jar:/home/runner/.m2/repository/io/netty/netty-tcnative-boringssl-static/2.0.65.Final/netty-tcnative-boringssl-static-2.0.65.Final-osx-aarch_64.jar:/home/runner/.m2/repository/io/netty/netty-tcnative-boringssl-static/2.0.65.Final/netty-tcnative-boringssl-static-2.0.65.Final-windows-x86_64.jar:/home/runner/work/ozone/ozone/hadoop-ozone/csi/target/ozone-csi-2.0.0-SNAPSHOT.jar:/home/runner/.m2/repository/com/google/protobuf/protobuf-java-util/3.19.6/protobuf-java-util-3.19.6.jar:/home/runner/.m2/repository/io/grpc/grpc-protobuf/1.58.0/grpc-protobuf-1.58.0.jar:/home/runner/.m2/repository/com/google/api/grpc/proto-google-common-protos/2.22.0/proto-google-common-protos-2.22.0.jar:/home/runner/.m2/repository/io/grpc/grpc-protobuf-lite/1.58.0/grpc-protobuf-lite-1.58.0.jar:/home/runner/.m2/repository/io/netty/netty-transport/4.1.109.Final/netty-transport-4.1.109.Final.jar:/home/runner/.m2/repository/io/netty/netty-transport-classes-epoll/4.1.109.Final/netty-transport-classes-epoll-4.1.109.Final.jar:/home/runner/.m2/repository/io/netty/netty-transport-native-epoll/4.1.109.Final/netty-transport-native-epoll-4.1.109.Final-linux-x86_64.jar:/home/runner/.m2/repository/io/netty/netty-transport-native-unix-common/4.1.109.Final/netty-transport-native-unix-common-4.1.109.Final.jar:/home/runner/work/ozone/ozone/hadoop-ozone/ozonefs/target/ozone-filesystem-2.0.0-SNAPSHOT.jar:/home/runner/.m2/repository/io/opentracing/opentracing-api/0.33.0/opentracing-api-0.33.0.jar:/home/runner/.m2/repository/io/opentracing/opentracing-util/0.33.0/opentracing-util-0.33.0.jar:/home/runner/work/ozone/ozone/hadoop-ozone/ozone-manager/target/ozone-manager-2.0.0-SNAPSHOT.jar:/home/runner/.m2/repository/com/sun/jersey/jersey-client/1.19.4/jersey-client-1.19.4.jar:/home/runner/.m2/repository/org/apache/kerby/kerby-util/1.0.1/kerby-util-1.0.1.jar:/home/runner/.m2/repository/org/apache/logging/log4j/log4j-api/2.24.2/log4j-api-2.24.2.jar:/home/runner/work/ozone/ozone/hadoop-hdds/managed-rocksdb/target/hdds-managed-rocksdb-2.0.0-SNAPSHOT.jar:/home/runner/work/ozone/ozone/hadoop-hdds/rocks-native/target/hdds-rocks-native-2.0.0-SNAPSHOT.jar:/home/runner/.m2/repository/org/eclipse/jetty/jetty-io/9.4.57.v20241219/jetty-io-9.4.57.v20241219.jar:/home/runner/work/ozone/ozone/hadoop-ozone/interface-storage/target/ozone-interface-storage-2.0.0-SNAPSHOT.jar:/home/runner/work/ozone/ozone/hadoop-hdds/rocksdb-checkpoint-differ/target/rocksdb-checkpoint-differ-2.0.0-SNAPSHOT.jar:/home/runner/.m2/repository/com/github/vlsi/mxgraph/jgraphx/3.9.12/jgraphx-3.9.12.jar:/home/runner/.m2/repository/org/jgrapht/jgrapht-core/1.4.0/jgrapht-core-1.4.0.jar:/home/runner/.m2/repository/org/jheaps/jheaps/0.11/jheaps-0.11.jar:/home/runner/.m2/repository/org/jgrapht/jgrapht-ext/1.4.0/jgrapht-ext-1.4.0.jar:/home/runner/.m2/repository/org/apache/ranger/ranger-intg/2.3.0/ranger-intg-2.3.0.jar:/home/runner/.m2/repository/org/apache/ranger/ranger-plugins-common/2.3.0/ranger-plugins-common-2.3.0.jar:/home/runner/.m2/repository/commons-lang/commons-lang/2.6/commons-lang-2.6.jar:/home/runner/.m2/repository/org/apache/ranger/ranger-plugins-cred/2.3.0/ranger-plugins-cred-2.3.0.jar:/home/runner/.m2/repository/org/apache/ranger/ranger-plugins-audit/2.3.0/ranger-plugins-audit-2.3.0.jar:/home/runner/.m2/repository/org/eclipse/jetty/jetty-client/9.4.57.v20241219/jetty-client-9.4.57.v20241219.jar:/home/runner/.m2/repository/org/apache/httpcomponents/httpmime/4.5.6/httpmime-4.5.6.jar:/home/runner/.m2/repository/org/apache/httpcomponents/httpcore-nio/4.4.16/httpcore-nio-4.4.16.jar:/home/runner/.m2/repository/org/apache/httpcomponents/httpasyncclient/4.1.3/httpasyncclient-4.1.3.jar:/home/runner/.m2/repository/com/carrotsearch/hppc/0.8.0/hppc-0.8.0.jar:/home/runner/.m2/repository/org/apache/orc/orc-core/1.5.8/orc-core-1.5.8.jar:/home/runner/.m2/repository/net/java/dev/jna/jna/5.2.0/jna-5.2.0.jar:/home/runner/.m2/repository/net/java/dev/jna/jna-platform/5.2.0/jna-platform-5.2.0.jar:/home/runner/.m2/repository/com/kstruct/gethostname4j/0.0.2/gethostname4j-0.0.2.jar:/home/runner/.m2/repository/org/apache/ranger/ranger-plugin-classloader/2.3.0/ranger-plugin-classloader-2.3.0.jar:/home/runner/.m2/repository/org/aspectj/aspectjrt/1.9.7/aspectjrt-1.9.7.jar:/home/runner/.m2/repository/org/aspectj/aspectjweaver/1.9.7/aspectjweaver-1.9.7.jar:/home/runner/.m2/repository/org/codehaus/jackson/jackson-core-asl/1.9.13/jackson-core-asl-1.9.13.jar:/home/runner/.m2/repository/org/codehaus/jackson/jackson-jaxrs/1.9.13/jackson-jaxrs-1.9.13.jar:/home/runner/.m2/repository/org/codehaus/jackson/jackson-mapper-asl/1.9.13/jackson-mapper-asl-1.9.13.jar:/home/runner/.m2/repository/org/eclipse/jetty/jetty-util/9.4.57.v20241219/jetty-util-9.4.57.v20241219.jar:/home/runner/.m2/repository/org/reflections/reflections/0.10.2/reflections-0.10.2.jar:/home/runner/.m2/repository/org/rocksdb/rocksdbjni/7.7.3/rocksdbjni-7.7.3.jar:/home/runner/work/ozone/ozone/hadoop-ozone/recon/target/ozone-recon-2.0.0-SNAPSHOT.jar:/home/runner/.m2/repository/aopalliance/aopalliance/1.0/aopalliance-1.0.jar:/home/runner/.m2/repository/com/google/inject/guice/6.0.0/guice-6.0.0.jar:/home/runner/.m2/repository/jakarta/inject/jakarta.inject-api/2.0.1/jakarta.inject-api-2.0.1.jar:/home/runner/.m2/repository/com/google/inject/extensions/guice-assistedinject/6.0.0/guice-assistedinject-6.0.0.jar:/home/runner/.m2/repository/com/google/inject/extensions/guice-servlet/6.0.0/guice-servlet-6.0.0.jar:/home/runner/.m2/repository/com/jolbox/bonecp/0.8.0.RELEASE/bonecp-0.8.0.RELEASE.jar:/home/runner/.m2/repository/jakarta/activation/jakarta.activation-api/1.2.2/jakarta.activation-api-1.2.2.jar:/home/runner/.m2/repository/jakarta/validation/jakarta.validation-api/2.0.2/jakarta.validation-api-2.0.2.jar:/home/runner/.m2/repository/jakarta/ws/rs/jakarta.ws.rs-api/2.1.6/jakarta.ws.rs-api-2.1.6.jar:/home/runner/.m2/repository/javax/inject/javax.inject/1/javax.inject-1.jar:/home/runner/.m2/repository/org/apache/derby/derby/10.14.2.0/derby-10.14.2.0.jar:/home/runner/work/ozone/ozone/hadoop-ozone/recon-codegen/target/ozone-reconcodegen-2.0.0-SNAPSHOT.jar:/home/runner/.m2/repository/org/eclipse/jetty/jetty-servlet/9.4.57.v20241219/jetty-servlet-9.4.57.v20241219.jar:/home/runner/.m2/repository/org/eclipse/jetty/jetty-security/9.4.57.v20241219/jetty-security-9.4.57.v20241219.jar:/home/runner/.m2/repository/org/glassfish/hk2/guice-bridge/2.6.1/guice-bridge-2.6.1.jar:/home/runner/.m2/repository/org/glassfish/hk2/hk2-api/2.6.1/hk2-api-2.6.1.jar:/home/runner/.m2/repository/org/glassfish/hk2/hk2-utils/2.6.1/hk2-utils-2.6.1.jar:/home/runner/.m2/repository/org/glassfish/hk2/external/aopalliance-repackaged/2.6.1/aopalliance-repackaged-2.6.1.jar:/home/runner/.m2/repository/org/glassfish/hk2/external/jakarta.inject/2.6.1/jakarta.inject-2.6.1.jar:/home/runner/.m2/repository/org/glassfish/jersey/containers/jersey-container-servlet/2.46/jersey-container-servlet-2.46.jar:/home/runner/.m2/repository/org/glassfish/jersey/containers/jersey-container-servlet-core/2.46/jersey-container-servlet-core-2.46.jar:/home/runner/.m2/repository/org/glassfish/jersey/core/jersey-common/2.46/jersey-common-2.46.jar:/home/runner/.m2/repository/org/glassfish/hk2/osgi-resource-locator/1.0.3/osgi-resource-locator-1.0.3.jar:/home/runner/.m2/repository/org/glassfish/jersey/core/jersey-server/2.46/jersey-server-2.46.jar:/home/runner/.m2/repository/org/glassfish/jersey/core/jersey-client/2.46/jersey-client-2.46.jar:/home/runner/.m2/repository/org/glassfish/jersey/inject/jersey-hk2/2.46/jersey-hk2-2.46.jar:/home/runner/.m2/repository/org/glassfish/hk2/hk2-locator/2.6.1/hk2-locator-2.6.1.jar:/home/runner/.m2/repository/org/glassfish/jersey/media/jersey-media-jaxb/2.46/jersey-media-jaxb-2.46.jar:/home/runner/.m2/repository/org/glassfish/jersey/media/jersey-media-json-jackson/2.46/jersey-media-json-jackson-2.46.jar:/home/runner/.m2/repository/org/glassfish/jersey/ext/jersey-entity-filtering/2.46/jersey-entity-filtering-2.46.jar:/home/runner/.m2/repository/org/javassist/javassist/3.30.2-GA/javassist-3.30.2-GA.jar:/home/runner/.m2/repository/org/jooq/jooq/3.11.10/jooq-3.11.10.jar:/home/runner/.m2/repository/org/jooq/jooq-codegen/3.11.10/jooq-codegen-3.11.10.jar:/home/runner/.m2/repository/org/jooq/jooq-meta/3.11.10/jooq-meta-3.11.10.jar:/home/runner/.m2/repository/org/springframework/spring-core/5.3.39/spring-core-5.3.39.jar:/home/runner/.m2/repository/org/springframework/spring-jdbc/5.3.39/spring-jdbc-5.3.39.jar:/home/runner/.m2/repository/org/springframework/spring-beans/5.3.39/spring-beans-5.3.39.jar:/home/runner/.m2/repository/org/springframework/spring-tx/5.3.39/spring-tx-5.3.39.jar:/home/runner/work/ozone/ozone/hadoop-ozone/s3gateway/target/ozone-s3gateway-2.0.0-SNAPSHOT.jar:/home/runner/.m2/repository/com/fasterxml/jackson/dataformat/jackson-dataformat-xml/2.16.2/jackson-dataformat-xml-2.16.2.jar:/home/runner/.m2/repository/com/fasterxml/jackson/module/jackson-module-jaxb-annotations/2.16.2/jackson-module-jaxb-annotations-2.16.2.jar:/home/runner/.m2/repository/io/opentracing/opentracing-noop/0.33.0/opentracing-noop-0.33.0.jar:/home/runner/.m2/repository/javax/annotation/javax.annotation-api/1.3.2/javax.annotation-api-1.3.2.jar:/home/runner/.m2/repository/javax/enterprise/cdi-api/2.0/cdi-api-2.0.jar:/home/runner/.m2/repository/javax/el/javax.el-api/3.0.0/javax.el-api-3.0.0.jar:/home/runner/.m2/repository/javax/interceptor/javax.interceptor-api/1.2/javax.interceptor-api-1.2.jar:/home/runner/.m2/repository/org/glassfish/jaxb/jaxb-runtime/2.3.9/jaxb-runtime-2.3.9.jar:/home/runner/.m2/repository/org/glassfish/jaxb/txw2/2.3.9/txw2-2.3.9.jar:/home/runner/.m2/repository/com/sun/istack/istack-commons-runtime/3.0.12/istack-commons-runtime-3.0.12.jar:/home/runner/.m2/repository/com/sun/activation/jakarta.activation/1.2.2/jakarta.activation-1.2.2.jar:/home/runner/.m2/repository/org/glassfish/jersey/ext/cdi/jersey-cdi1x/2.46/jersey-cdi1x-2.46.jar:/home/runner/.m2/repository/org/jboss/weld/servlet/weld-servlet-shaded/3.1.9.Final/weld-servlet-shaded-3.1.9.Final.jar:/home/runner/work/ozone/ozone/hadoop-ozone/tools/target/ozone-tools-2.0.0-SNAPSHOT.jar:/home/runner/.m2/repository/com/amazonaws/aws-java-sdk-core/1.12.661/aws-java-sdk-core-1.12.661.jar:/home/runner/.m2/repository/com/fasterxml/jackson/dataformat/jackson-dataformat-cbor/2.16.2/jackson-dataformat-cbor-2.16.2.jar:/home/runner/.m2/repository/joda-time/joda-time/2.12.7/joda-time-2.12.7.jar:/home/runner/.m2/repository/com/amazonaws/aws-java-sdk-s3/1.12.661/aws-java-sdk-s3-1.12.661.jar:/home/runner/.m2/repository/com/amazonaws/aws-java-sdk-kms/1.12.661/aws-java-sdk-kms-1.12.661.jar:/home/runner/.m2/repository/com/amazonaws/jmespath-java/1.12.661/jmespath-java-1.12.661.jar:/home/runner/.m2/repository/org/apache/ratis/ratis-shell/3.1.2/ratis-shell-3.1.2.jar:/home/runner/.m2/repository/org/apache/ratis/ratis-server/3.1.2/ratis-server-3.1.2.jar:/home/runner/.m2/repository/org/apache/ratis/ratis-metrics-api/3.1.2/ratis-metrics-api-3.1.2.jar:/home/runner/.m2/repository/org/hamcrest/hamcrest/2.2/hamcrest-2.2.jar:/home/runner/.m2/repository/org/slf4j/jul-to-slf4j/2.0.16/jul-to-slf4j-2.0.16.jar:/home/runner/.m2/repository/org/apache/commons/commons-lang3/3.17.0/commons-lang3-3.17.0.jar:/home/runner/.m2/repository/org/apache/hadoop/hadoop-common/3.4.1/hadoop-common-3.4.1-tests.jar:/home/runner/.m2/repository/org/apache/hadoop/thirdparty/hadoop-shaded-protobuf_3_25/1.3.0/hadoop-shaded-protobuf_3_25-1.3.0.jar:/home/runner/.m2/repository/org/apache/hadoop/hadoop-annotations/3.4.1/hadoop-annotations-3.4.1.jar:/home/runner/.m2/repository/org/apache/hadoop/thirdparty/hadoop-shaded-guava/1.3.0/hadoop-shaded-guava-1.3.0.jar:/home/runner/.m2/repository/org/apache/commons/commons-math3/3.6.1/commons-math3-3.6.1.jar:/home/runner/.m2/repository/commons-net/commons-net/3.11.1/commons-net-3.11.1.jar:/home/runner/.m2/repository/org/eclipse/jetty/jetty-server/9.4.57.v20241219/jetty-server-9.4.57.v20241219.jar:/home/runner/.m2/repository/javax/servlet/jsp/jsp-api/2.1/jsp-api-2.1.jar:/home/runner/.m2/repository/com/sun/jersey/jersey-core/1.19.4/jersey-core-1.19.4.jar:/home/runner/.m2/repository/javax/ws/rs/jsr311-api/1.1.1/jsr311-api-1.1.1.jar:/home/runner/.m2/repository/com/github/pjfanning/jersey-json/1.22.0/jersey-json-1.22.0.jar:/home/runner/.m2/repository/com/sun/xml/bind/jaxb-impl/2.2.3-1/jaxb-impl-2.2.3-1.jar:/home/runner/.m2/repository/org/codehaus/jettison/jettison/1.5.4/jettison-1.5.4.jar:/home/runner/.m2/repository/com/sun/jersey/jersey-server/1.19.4/jersey-server-1.19.4.jar:/home/runner/.m2/repository/commons-beanutils/commons-beanutils/1.9.4/commons-beanutils-1.9.4.jar:/home/runner/.m2/repository/org/apache/commons/commons-configuration2/2.11.0/commons-configuration2-2.11.0.jar:/home/runner/.m2/repository/org/apache/avro/avro/1.9.2/avro-1.9.2.jar:/home/runner/.m2/repository/com/google/re2j/re2j/1.7/re2j-1.7.jar:/home/runner/.m2/repository/com/google/code/gson/gson/2.10.1/gson-2.10.1.jar:/home/runner/.m2/repository/org/apache/hadoop/hadoop-auth/3.4.1/hadoop-auth-3.4.1.jar:/home/runner/.m2/repository/org/apache/curator/curator-framework/4.2.0/curator-framework-4.2.0.jar:/home/runner/.m2/repository/com/jcraft/jsch/0.1.55/jsch-0.1.55.jar:/home/runner/.m2/repository/org/apache/curator/curator-client/4.2.0/curator-client-4.2.0.jar:/home/runner/.m2/repository/org/apache/curator/curator-recipes/5.2.0/curator-recipes-5.2.0.jar:/home/runner/.m2/repository/com/google/code/findbugs/jsr305/3.0.2/jsr305-3.0.2.jar:/home/runner/.m2/repository/org/apache/zookeeper/zookeeper/3.8.4/zookeeper-3.8.4.jar:/home/runner/.m2/repository/org/apache/zookeeper/zookeeper-jute/3.8.4/zookeeper-jute-3.8.4.jar:/home/runner/.m2/repository/org/apache/yetus/audience-annotations/0.12.0/audience-annotations-0.12.0.jar:/home/runner/.m2/repository/io/netty/netty-transport-native-epoll/4.1.109.Final/netty-transport-native-epoll-4.1.109.Final.jar:/home/runner/.m2/repository/org/apache/kerby/kerb-core/1.0.1/kerb-core-1.0.1.jar:/home/runner/.m2/repository/org/apache/kerby/kerby-pkix/1.0.1/kerby-pkix-1.0.1.jar:/home/runner/.m2/repository/org/apache/kerby/kerby-asn1/1.0.1/kerby-asn1-1.0.1.jar:/home/runner/.m2/repository/org/codehaus/woodstox/stax2-api/4.2.2/stax2-api-4.2.2.jar:/home/runner/.m2/repository/com/fasterxml/woodstox/woodstox-core/5.4.0/woodstox-core-5.4.0.jar:/home/runner/.m2/repository/dnsjava/dnsjava/3.6.1/dnsjava-3.6.1.jar:/home/runner/.m2/repository/org/xerial/snappy/snappy-java/1.1.10.7/snappy-java-1.1.10.7.jar:/home/runner/.m2/repository/org/apache/hadoop/hadoop-distcp/3.4.1/hadoop-distcp-3.4.1.jar:/home/runner/.m2/repository/org/apache/hadoop/hadoop-distcp/3.4.1/hadoop-distcp-3.4.1-tests.jar:/home/runner/.m2/repository/org/apache/hadoop/hadoop-hdfs/3.4.1/hadoop-hdfs-3.4.1-tests.jar:/home/runner/.m2/repository/org/eclipse/jetty/jetty-util-ajax/9.4.57.v20241219/jetty-util-ajax-9.4.57.v20241219.jar:/home/runner/.m2/repository/commons-daemon/commons-daemon/1.4.0/commons-daemon-1.4.0.jar:/home/runner/.m2/repository/io/netty/netty-all/4.1.109.Final/netty-all-4.1.109.Final.jar:/home/runner/.m2/repository/io/netty/netty-codec-dns/4.1.109.Final/netty-codec-dns-4.1.109.Final.jar:/home/runner/.m2/repository/io/netty/netty-codec-haproxy/4.1.109.Final/netty-codec-haproxy-4.1.109.Final.jar:/home/runner/.m2/repository/io/netty/netty-codec-memcache/4.1.109.Final/netty-codec-memcache-4.1.109.Final.jar:/home/runner/.m2/repository/io/netty/netty-codec-mqtt/4.1.109.Final/netty-codec-mqtt-4.1.109.Final.jar:/home/runner/.m2/repository/io/netty/netty-codec-redis/4.1.109.Final/netty-codec-redis-4.1.109.Final.jar:/home/runner/.m2/repository/io/netty/netty-codec-smtp/4.1.109.Final/netty-codec-smtp-4.1.109.Final.jar:/home/runner/.m2/repository/io/netty/netty-codec-stomp/4.1.109.Final/netty-codec-stomp-4.1.109.Final.jar:/home/runner/.m2/repository/io/netty/netty-codec-xml/4.1.109.Final/netty-codec-xml-4.1.109.Final.jar:/home/runner/.m2/repository/io/netty/netty-handler-ssl-ocsp/4.1.109.Final/netty-handler-ssl-ocsp-4.1.109.Final.jar:/home/runner/.m2/repository/io/netty/netty-resolver-dns/4.1.109.Final/netty-resolver-dns-4.1.109.Final.jar:/home/runner/.m2/repository/io/netty/netty-transport-rxtx/4.1.109.Final/netty-transport-rxtx-4.1.109.Final.jar:/home/runner/.m2/repository/io/netty/netty-transport-sctp/4.1.109.Final/netty-transport-sctp-4.1.109.Final.jar:/home/runner/.m2/repository/io/netty/netty-transport-udt/4.1.109.Final/netty-transport-udt-4.1.109.Final.jar:/home/runner/.m2/repository/io/netty/netty-transport-classes-kqueue/4.1.109.Final/netty-transport-classes-kqueue-4.1.109.Final.jar:/home/runner/.m2/repository/io/netty/netty-resolver-dns-classes-macos/4.1.109.Final/netty-resolver-dns-classes-macos-4.1.109.Final.jar:/home/runner/.m2/repository/io/netty/netty-transport-native-epoll/4.1.109.Final/netty-transport-native-epoll-4.1.109.Final-linux-aarch_64.jar:/home/runner/.m2/repository/io/netty/netty-transport-native-epoll/4.1.109.Final/netty-transport-native-epoll-4.1.109.Final-linux-riscv64.jar:/home/runner/.m2/repository/io/netty/netty-transport-native-kqueue/4.1.109.Final/netty-transport-native-kqueue-4.1.109.Final-osx-x86_64.jar:/home/runner/.m2/repository/io/netty/netty-transport-native-kqueue/4.1.109.Final/netty-transport-native-kqueue-4.1.109.Final-osx-aarch_64.jar:/home/runner/.m2/repository/io/netty/netty-resolver-dns-native-macos/4.1.109.Final/netty-resolver-dns-native-macos-4.1.109.Final-osx-x86_64.jar:/home/runner/.m2/repository/io/netty/netty-resolver-dns-native-macos/4.1.109.Final/netty-resolver-dns-native-macos-4.1.109.Final-osx-aarch_64.jar:/home/runner/.m2/repository/org/fusesource/leveldbjni/leveldbjni-all/1.8/leveldbjni-all-1.8.jar:/home/runner/.m2/repository/org/apache/hadoop/hadoop-kms/3.4.1/hadoop-kms-3.4.1.jar:/home/runner/.m2/repository/org/apache/hadoop/hadoop-common/3.4.1/hadoop-common-3.4.1.jar:/home/runner/.m2/repository/org/apache/hadoop/hadoop-kms/3.4.1/hadoop-kms-3.4.1-tests.jar:/home/runner/.m2/repository/org/apache/hadoop/hadoop-mapreduce-client-core/3.4.1/hadoop-mapreduce-client-core-3.4.1.jar:/home/runner/.m2/repository/org/apache/hadoop/hadoop-yarn-client/3.4.1/hadoop-yarn-client-3.4.1.jar:/home/runner/.m2/repository/org/eclipse/jetty/websocket/websocket-client/9.4.53.v20231009/websocket-client-9.4.53.v20231009.jar:/home/runner/.m2/repository/org/eclipse/jetty/websocket/websocket-common/9.4.53.v20231009/websocket-common-9.4.53.v20231009.jar:/home/runner/.m2/repository/org/eclipse/jetty/websocket/websocket-api/9.4.53.v20231009/websocket-api-9.4.53.v20231009.jar:/home/runner/.m2/repository/org/apache/hadoop/hadoop-yarn-api/3.4.1/hadoop-yarn-api-3.4.1.jar:/home/runner/.m2/repository/org/apache/hadoop/hadoop-yarn-common/3.4.1/hadoop-yarn-common-3.4.1.jar:/home/runner/.m2/repository/javax/xml/bind/jaxb-api/2.2.11/jaxb-api-2.2.11.jar:/home/runner/.m2/repository/com/sun/jersey/contribs/jersey-guice/1.19.4/jersey-guice-1.19.4.jar:/home/runner/.m2/repository/com/fasterxml/jackson/jaxrs/jackson-jaxrs-json-provider/2.16.2/jackson-jaxrs-json-provider-2.16.2.jar:/home/runner/.m2/repository/com/fasterxml/jackson/jaxrs/jackson-jaxrs-base/2.16.2/jackson-jaxrs-base-2.16.2.jar:/home/runner/.m2/repository/org/apache/hadoop/hadoop-hdfs-client/3.4.1/hadoop-hdfs-client-3.4.1.jar:/home/runner/.m2/repository/org/apache/hadoop/hadoop-mapreduce-client-jobclient/3.4.1/hadoop-mapreduce-client-jobclient-3.4.1.jar:/home/runner/.m2/repository/org/apache/hadoop/hadoop-mapreduce-client-common/3.4.1/hadoop-mapreduce-client-common-3.4.1.jar:/home/runner/.m2/repository/org/apache/hadoop/hadoop-minikdc/3.4.1/hadoop-minikdc-3.4.1.jar:/home/runner/.m2/repository/org/apache/kerby/kerb-simplekdc/2.0.3/kerb-simplekdc-2.0.3.jar:/home/runner/.m2/repository/org/apache/kerby/kerb-client/2.0.3/kerb-client-2.0.3.jar:/home/runner/.m2/repository/org/apache/kerby/kerb-common/2.0.3/kerb-common-2.0.3.jar:/home/runner/.m2/repository/org/apache/kerby/token-provider/2.0.3/token-provider-2.0.3.jar:/home/runner/.m2/repository/org/apache/kerby/kerb-admin/2.0.3/kerb-admin-2.0.3.jar:/home/runner/.m2/repository/org/apache/kerby/kerb-server/2.0.3/kerb-server-2.0.3.jar:/home/runner/.m2/repository/org/apache/kerby/kerb-identity/2.0.3/kerb-identity-2.0.3.jar:/home/runner/.m2/repository/org/apache/kerby/kerby-xdr/2.0.3/kerby-xdr-2.0.3.jar:/home/runner/.m2/repository/junit/junit/4.13.2/junit-4.13.2.jar:/home/runner/.m2/repository/org/hamcrest/hamcrest-core/1.3/hamcrest-core-1.3.jar:/home/runner/work/ozone/ozone/hadoop-hdds/common/target/hdds-common-2.0.0-SNAPSHOT-tests.jar:/home/runner/.m2/repository/commons-validator/commons-validator/1.6/commons-validator-1.6.jar:/home/runner/.m2/repository/commons-digester/commons-digester/1.8.1/commons-digester-1.8.1.jar:/home/runner/.m2/repository/io/jaegertracing/jaeger-client/1.8.1/jaeger-client-1.8.1.jar:/home/runner/.m2/repository/io/jaegertracing/jaeger-thrift/1.8.1/jaeger-thrift-1.8.1.jar:/home/runner/.m2/repository/org/apache/thrift/libthrift/0.15.0/libthrift-0.15.0.jar:/home/runner/.m2/repository/com/squareup/okhttp3/okhttp/4.12.0/okhttp-4.12.0.jar:/home/runner/.m2/repository/com/squareup/okio/okio/3.6.0/okio-3.6.0.jar:/home/runner/.m2/repository/com/squareup/okio/okio-jvm/3.6.0/okio-jvm-3.6.0.jar:/home/runner/.m2/repository/org/jetbrains/kotlin/kotlin-stdlib-common/1.9.25/kotlin-stdlib-common-1.9.25.jar:/home/runner/.m2/repository/org/jetbrains/kotlin/kotlin-stdlib-jdk8/1.9.25/kotlin-stdlib-jdk8-1.9.25.jar:/home/runner/.m2/repository/org/jetbrains/kotlin/kotlin-stdlib-jdk7/1.9.25/kotlin-stdlib-jdk7-1.9.25.jar:/home/runner/.m2/repository/io/jaegertracing/jaeger-tracerresolver/1.8.1/jaeger-tracerresolver-1.8.1.jar:/home/runner/.m2/repository/io/opentracing/contrib/opentracing-tracerresolver/0.1.8/opentracing-tracerresolver-0.1.8.jar:/home/runner/.m2/repository/io/jaegertracing/jaeger-core/1.8.1/jaeger-core-1.8.1.jar:/home/runner/work/ozone/ozone/hadoop-hdds/annotations/target/hdds-annotation-processing-2.0.0-SNAPSHOT.jar:/home/runner/.m2/repository/org/apache/ratis/ratis-metrics-dropwizard3/3.1.2/ratis-metrics-dropwizard3-3.1.2.jar:/home/runner/.m2/repository/org/bouncycastle/bcutil-jdk18on/1.80/bcutil-jdk18on-1.80.jar:/home/runner/.m2/repository/org/jetbrains/kotlin/kotlin-stdlib/1.9.25/kotlin-stdlib-1.9.25.jar:/home/runner/.m2/repository/org/jetbrains/annotations/13.0/annotations-13.0.jar:/home/runner/.m2/repository/org/yaml/snakeyaml/2.0/snakeyaml-2.0.jar:/home/runner/work/ozone/ozone/hadoop-hdds/container-service/target/hdds-container-service-2.0.0-SNAPSHOT-tests.jar:/home/runner/.m2/repository/com/github/luben/zstd-jni/1.5.6-10/zstd-jni-1.5.6-10.jar:/home/runner/.m2/repository/io/netty/netty-buffer/4.1.109.Final/netty-buffer-4.1.109.Final.jar:/home/runner/.m2/repository/io/netty/netty-codec/4.1.109.Final/netty-codec-4.1.109.Final.jar:/home/runner/work/ozone/ozone/hadoop-hdds/framework/target/hdds-server-framework-2.0.0-SNAPSHOT-tests.jar:/home/runner/.m2/repository/com/github/jnr/jnr-constants/0.10.4/jnr-constants-0.10.4.jar:/home/runner/.m2/repository/com/github/jnr/jnr-posix/3.1.20/jnr-posix-3.1.20.jar:/home/runner/.m2/repository/com/github/jnr/jnr-ffi/2.2.17/jnr-ffi-2.2.17.jar:/home/runner/.m2/repository/com/github/jnr/jffi/1.3.13/jffi-1.3.13.jar:/home/runner/.m2/repository/com/github/jnr/jffi/1.3.13/jffi-1.3.13-native.jar:/home/runner/.m2/repository/org/ow2/asm/asm/9.7.1/asm-9.7.1.jar:/home/runner/.m2/repository/org/ow2/asm/asm-commons/9.7.1/asm-commons-9.7.1.jar:/home/runner/.m2/repository/org/ow2/asm/asm-analysis/9.7.1/asm-analysis-9.7.1.jar:/home/runner/.m2/repository/org/ow2/asm/asm-tree/9.7.1/asm-tree-9.7.1.jar:/home/runner/.m2/repository/org/ow2/asm/asm-util/9.7.1/asm-util-9.7.1.jar:/home/runner/.m2/repository/com/github/jnr/jnr-a64asm/1.0.0/jnr-a64asm-1.0.0.jar:/home/runner/.m2/repository/com/github/jnr/jnr-x86asm/1.0.2/jnr-x86asm-1.0.2.jar:/home/runner/.m2/repository/commons-fileupload/commons-fileupload/1.5/commons-fileupload-1.5.jar:/home/runner/.m2/repository/commons-logging/commons-logging/1.2/commons-logging-1.2.jar:/home/runner/.m2/repository/io/prometheus/simpleclient/0.16.0/simpleclient-0.16.0.jar:/home/runner/.m2/repository/io/prometheus/simpleclient_common/0.16.0/simpleclient_common-0.16.0.jar:/home/runner/.m2/repository/io/prometheus/simpleclient_dropwizard/0.16.0/simpleclient_dropwizard-0.16.0.jar:/home/runner/.m2/repository/org/apache/logging/log4j/log4j-core/2.24.2/log4j-core-2.24.2.jar:/home/runner/.m2/repository/org/eclipse/jetty/jetty-http/9.4.57.v20241219/jetty-http-9.4.57.v20241219.jar:/home/runner/.m2/repository/com/lmax/disruptor/3.4.4/disruptor-3.4.4.jar:/home/runner/work/ozone/ozone/hadoop-hdds/server-scm/target/hdds-server-scm-2.0.0-SNAPSHOT-tests.jar:/home/runner/work/ozone/ozone/hadoop-hdds/test-utils/target/hdds-test-utils-2.0.0-SNAPSHOT.jar:/home/runner/work/ozone/ozone/hadoop-ozone/ozone-manager/target/ozone-manager-2.0.0-SNAPSHOT-tests.jar:/home/runner/.m2/repository/org/assertj/assertj-core/3.27.3/assertj-core-3.27.3.jar:/home/runner/.m2/repository/net/bytebuddy/byte-buddy/1.15.11/byte-buddy-1.15.11.jar:/home/runner/.m2/repository/org/junit/jupiter/junit-jupiter-api/5.11.4/junit-jupiter-api-5.11.4.jar:/home/runner/.m2/repository/org/opentest4j/opentest4j/1.3.0/opentest4j-1.3.0.jar:/home/runner/.m2/repository/org/junit/platform/junit-platform-commons/1.11.4/junit-platform-commons-1.11.4.jar:/home/runner/.m2/repository/org/apiguardian/apiguardian-api/1.1.2/apiguardian-api-1.1.2.jar:/home/runner/.m2/repository/org/junit/jupiter/junit-jupiter-engine/5.11.4/junit-jupiter-engine-5.11.4.jar:/home/runner/.m2/repository/org/junit/platform/junit-platform-engine/1.11.4/junit-platform-engine-1.11.4.jar:/home/runner/.m2/repository/org/junit/jupiter/junit-jupiter-params/5.11.4/junit-jupiter-params-5.11.4.jar:/home/runner/.m2/repository/org/mockito/mockito-core/4.11.0/mockito-core-4.11.0.jar:/home/runner/.m2/repository/net/bytebuddy/byte-buddy-agent/1.12.19/byte-buddy-agent-1.12.19.jar:/home/runner/.m2/repository/org/objenesis/objenesis/3.3/objenesis-3.3.jar:/home/runner/.m2/repository/org/mockito/mockito-inline/4.11.0/mockito-inline-4.11.0.jar:/home/runner/.m2/repository/org/mockito/mockito-junit-jupiter/4.11.0/mockito-junit-jupiter-4.11.0.jar:/home/runner/work/ozone/ozone/hadoop-ozone/integration-test/target/gradle-enterprise/test-listeners.jar:"/>
    <property name="java.vm.vendor" value="Eclipse Adoptium"/>
    <property name="sun.arch.data.model" value="64"/>
    <property name="test.build.dir" value="/home/runner/work/ozone/ozone/hadoop-ozone/integration-test/target/test-dir"/>
    <property name="test.cache.data" value=""/>
    <property name="java.vendor.url" value="https://adoptium.net/"/>
    <property name="user.timezone" value="Etc/UTC"/>
    <property name="maven-surefire-plugin.argLineAccessArgs" value=" --add-opens java.management/com.sun.jmx.mbeanserver=ALL-UNNAMED --add-exports java.management/com.sun.jmx.mbeanserver=ALL-UNNAMED --add-opens java.base/java.nio=ALL-UNNAMED --add-opens java.base/java.lang=ALL-UNNAMED --add-opens java.base/java.lang.reflect=ALL-UNNAMED"/>
    <property name="os.name" value="Linux"/>
    <property name="java.vm.specification.version" value="21"/>
    <property name="test.build.data" value="/home/runner/work/ozone/ozone/hadoop-ozone/integration-test/target/test-dir"/>
    <property name="sun.java.launcher" value="SUN_STANDARD"/>
    <property name="sun.boot.library.path" value="/usr/lib/jvm/temurin-21-jdk-amd64/lib"/>
    <property name="sun.java.command" value="/home/runner/work/ozone/ozone/hadoop-ozone/integration-test/target/surefire/surefirebooter2231165877145113118.jar /home/runner/work/ozone/ozone/hadoop-ozone/integration-test/target/surefire 2025-02-19T06-13-41_686-jvmRun1 surefire12939507864648353169tmp surefire_3217199044111631355731tmp"/>
    <property name="jdk.debug" value="release"/>
    <property name="native.lib.tmp.dir" value="/tmp"/>
    <property name="surefire.test.class.path" value="/home/runner/work/ozone/ozone/hadoop-ozone/integration-test/target/test-classes:/home/runner/work/ozone/ozone/hadoop-ozone/integration-test/target/classes:/home/runner/work/ozone/ozone/hadoop-hdds/server-scm/target/hdds-server-scm-2.0.0-SNAPSHOT.jar:/home/runner/.m2/repository/com/fasterxml/jackson/core/jackson-annotations/2.16.2/jackson-annotations-2.16.2.jar:/home/runner/.m2/repository/com/fasterxml/jackson/core/jackson-core/2.16.2/jackson-core-2.16.2.jar:/home/runner/.m2/repository/com/fasterxml/jackson/core/jackson-databind/2.16.2/jackson-databind-2.16.2.jar:/home/runner/.m2/repository/com/google/guava/guava/32.1.3-jre/guava-32.1.3-jre.jar:/home/runner/.m2/repository/com/google/guava/failureaccess/1.0.1/failureaccess-1.0.1.jar:/home/runner/.m2/repository/com/google/guava/listenablefuture/9999.0-empty-to-avoid-conflict-with-guava/listenablefuture-9999.0-empty-to-avoid-conflict-with-guava.jar:/home/runner/.m2/repository/org/checkerframework/checker-qual/3.37.0/checker-qual-3.37.0.jar:/home/runner/.m2/repository/com/google/errorprone/error_prone_annotations/2.29.2/error_prone_annotations-2.29.2.jar:/home/runner/.m2/repository/com/google/j2objc/j2objc-annotations/2.8/j2objc-annotations-2.8.jar:/home/runner/.m2/repository/com/google/protobuf/protobuf-java/2.5.0/protobuf-java-2.5.0.jar:/home/runner/.m2/repository/commons-collections/commons-collections/3.2.2/commons-collections-3.2.2.jar:/home/runner/.m2/repository/commons-io/commons-io/2.18.0/commons-io-2.18.0.jar:/home/runner/.m2/repository/info/picocli/picocli/4.7.5/picocli-4.7.5.jar:/home/runner/.m2/repository/io/dropwizard/metrics/metrics-core/3.2.6/metrics-core-3.2.6.jar:/home/runner/.m2/repository/jakarta/annotation/jakarta.annotation-api/2.1.1/jakarta.annotation-api-2.1.1.jar:/home/runner/.m2/repository/javax/servlet/javax.servlet-api/3.1.0/javax.servlet-api-3.1.0.jar:/home/runner/.m2/repository/org/apache/commons/commons-compress/1.27.1/commons-compress-1.27.1.jar:/home/runner/.m2/repository/org/apache/commons/commons-text/1.12.0/commons-text-1.12.0.jar:/home/runner/work/ozone/ozone/hadoop-hdds/client/target/hdds-client-2.0.0-SNAPSHOT.jar:/home/runner/work/ozone/ozone/hadoop-hdds/common/target/hdds-common-2.0.0-SNAPSHOT.jar:/home/runner/work/ozone/ozone/hadoop-hdds/config/target/hdds-config-2.0.0-SNAPSHOT.jar:/home/runner/work/ozone/ozone/hadoop-hdds/container-service/target/hdds-container-service-2.0.0-SNAPSHOT.jar:/home/runner/work/ozone/ozone/hadoop-hdds/hadoop-dependency-client/target/hdds-hadoop-dependency-client-2.0.0-SNAPSHOT.jar:/home/runner/.m2/repository/com/nimbusds/nimbus-jose-jwt/9.40/nimbus-jose-jwt-9.40.jar:/home/runner/work/ozone/ozone/hadoop-hdds/hadoop-dependency-server/target/hdds-hadoop-dependency-server-2.0.0-SNAPSHOT.jar:/home/runner/.m2/repository/org/apache/hadoop/hadoop-hdfs/3.4.1/hadoop-hdfs-3.4.1.jar:/home/runner/.m2/repository/org/apache/kerby/kerb-util/1.0.1/kerb-util-1.0.1.jar:/home/runner/.m2/repository/org/apache/kerby/kerby-config/1.0.1/kerby-config-1.0.1.jar:/home/runner/.m2/repository/org/apache/kerby/kerb-crypto/1.0.1/kerb-crypto-1.0.1.jar:/home/runner/work/ozone/ozone/hadoop-hdds/interface-admin/target/hdds-interface-admin-2.0.0-SNAPSHOT.jar:/home/runner/work/ozone/ozone/hadoop-hdds/interface-client/target/hdds-interface-client-2.0.0-SNAPSHOT.jar:/home/runner/work/ozone/ozone/hadoop-hdds/interface-server/target/hdds-interface-server-2.0.0-SNAPSHOT.jar:/home/runner/work/ozone/ozone/hadoop-hdds/framework/target/hdds-server-framework-2.0.0-SNAPSHOT.jar:/home/runner/.m2/repository/org/apache/ratis/ratis-client/3.1.2/ratis-client-3.1.2.jar:/home/runner/.m2/repository/org/apache/ratis/ratis-common/3.1.2/ratis-common-3.1.2.jar:/home/runner/.m2/repository/org/apache/ratis/ratis-grpc/3.1.2/ratis-grpc-3.1.2.jar:/home/runner/.m2/repository/org/apache/ratis/ratis-netty/3.1.2/ratis-netty-3.1.2.jar:/home/runner/.m2/repository/org/apache/ratis/ratis-proto/3.1.2/ratis-proto-3.1.2.jar:/home/runner/.m2/repository/org/apache/ratis/ratis-server-api/3.1.2/ratis-server-api-3.1.2.jar:/home/runner/.m2/repository/org/apache/ratis/ratis-thirdparty-misc/1.0.6/ratis-thirdparty-misc-1.0.6.jar:/home/runner/.m2/repository/org/bouncycastle/bcpkix-jdk18on/1.80/bcpkix-jdk18on-1.80.jar:/home/runner/.m2/repository/org/bouncycastle/bcprov-jdk18on/1.80/bcprov-jdk18on-1.80.jar:/home/runner/.m2/repository/org/eclipse/jetty/jetty-webapp/9.4.57.v20241219/jetty-webapp-9.4.57.v20241219.jar:/home/runner/.m2/repository/org/eclipse/jetty/jetty-xml/9.4.57.v20241219/jetty-xml-9.4.57.v20241219.jar:/home/runner/.m2/repository/org/slf4j/slf4j-api/2.0.16/slf4j-api-2.0.16.jar:/home/runner/work/ozone/ozone/hadoop-hdds/tools/target/hdds-tools-2.0.0-SNAPSHOT.jar:/home/runner/.m2/repository/ch/qos/reload4j/reload4j/1.2.26/reload4j-1.2.26.jar:/home/runner/.m2/repository/com/fasterxml/jackson/datatype/jackson-datatype-jsr310/2.16.2/jackson-datatype-jsr310-2.16.2.jar:/home/runner/.m2/repository/commons-cli/commons-cli/1.8.0/commons-cli-1.8.0.jar:/home/runner/.m2/repository/org/apache/ratis/ratis-tools/3.1.2/ratis-tools-3.1.2.jar:/home/runner/.m2/repository/org/kohsuke/metainf-services/metainf-services/1.11/metainf-services-1.11.jar:/home/runner/.m2/repository/org/slf4j/slf4j-reload4j/2.0.16/slf4j-reload4j-2.0.16.jar:/home/runner/.m2/repository/org/xerial/sqlite-jdbc/3.49.0.0/sqlite-jdbc-3.49.0.0.jar:/home/runner/work/ozone/ozone/hadoop-ozone/cli-shell/target/ozone-cli-shell-2.0.0-SNAPSHOT.jar:/home/runner/.m2/repository/commons-codec/commons-codec/1.17.1/commons-codec-1.17.1.jar:/home/runner/.m2/repository/info/picocli/picocli-shell-jline3/4.7.5/picocli-shell-jline3-4.7.5.jar:/home/runner/.m2/repository/jakarta/xml/bind/jakarta.xml.bind-api/2.3.3/jakarta.xml.bind-api-2.3.3.jar:/home/runner/.m2/repository/org/apache/httpcomponents/httpclient/4.5.14/httpclient-4.5.14.jar:/home/runner/work/ozone/ozone/hadoop-ozone/ozonefs-common/target/ozone-filesystem-common-2.0.0-SNAPSHOT.jar:/home/runner/work/ozone/ozone/hadoop-ozone/interface-client/target/ozone-interface-client-2.0.0-SNAPSHOT.jar:/home/runner/.m2/repository/org/jline/jline/3.29.0/jline-3.29.0.jar:/home/runner/work/ozone/ozone/hadoop-ozone/client/target/ozone-client-2.0.0-SNAPSHOT.jar:/home/runner/.m2/repository/com/github/stephenc/jcip/jcip-annotations/1.0-1/jcip-annotations-1.0-1.jar:/home/runner/work/ozone/ozone/hadoop-hdds/erasurecode/target/hdds-erasurecode-2.0.0-SNAPSHOT.jar:/home/runner/work/ozone/ozone/hadoop-ozone/common/target/ozone-common-2.0.0-SNAPSHOT.jar:/home/runner/.m2/repository/io/grpc/grpc-api/1.58.0/grpc-api-1.58.0.jar:/home/runner/.m2/repository/io/grpc/grpc-netty/1.58.0/grpc-netty-1.58.0.jar:/home/runner/.m2/repository/io/grpc/grpc-core/1.58.0/grpc-core-1.58.0.jar:/home/runner/.m2/repository/com/google/android/annotations/4.1.1.4/annotations-4.1.1.4.jar:/home/runner/.m2/repository/org/codehaus/mojo/animal-sniffer-annotations/1.23/animal-sniffer-annotations-1.23.jar:/home/runner/.m2/repository/io/grpc/grpc-context/1.58.0/grpc-context-1.58.0.jar:/home/runner/.m2/repository/io/grpc/grpc-util/1.58.0/grpc-util-1.58.0.jar:/home/runner/.m2/repository/io/perfmark/perfmark-api/0.26.0/perfmark-api-0.26.0.jar:/home/runner/.m2/repository/io/grpc/grpc-stub/1.58.0/grpc-stub-1.58.0.jar:/home/runner/.m2/repository/io/netty/netty-codec-http2/4.1.109.Final/netty-codec-http2-4.1.109.Final.jar:/home/runner/.m2/repository/io/netty/netty-codec-http/4.1.109.Final/netty-codec-http-4.1.109.Final.jar:/home/runner/.m2/repository/io/netty/netty-common/4.1.109.Final/netty-common-4.1.109.Final.jar:/home/runner/.m2/repository/io/netty/netty-handler/4.1.109.Final/netty-handler-4.1.109.Final.jar:/home/runner/.m2/repository/io/netty/netty-resolver/4.1.109.Final/netty-resolver-4.1.109.Final.jar:/home/runner/.m2/repository/io/netty/netty-handler-proxy/4.1.109.Final/netty-handler-proxy-4.1.109.Final.jar:/home/runner/.m2/repository/io/netty/netty-codec-socks/4.1.109.Final/netty-codec-socks-4.1.109.Final.jar:/home/runner/.m2/repository/org/apache/httpcomponents/httpcore/4.4.16/httpcore-4.4.16.jar:/home/runner/.m2/repository/io/netty/netty-tcnative-boringssl-static/2.0.65.Final/netty-tcnative-boringssl-static-2.0.65.Final.jar:/home/runner/.m2/repository/io/netty/netty-tcnative-classes/2.0.65.Final/netty-tcnative-classes-2.0.65.Final.jar:/home/runner/.m2/repository/io/netty/netty-tcnative-boringssl-static/2.0.65.Final/netty-tcnative-boringssl-static-2.0.65.Final-linux-x86_64.jar:/home/runner/.m2/repository/io/netty/netty-tcnative-boringssl-static/2.0.65.Final/netty-tcnative-boringssl-static-2.0.65.Final-linux-aarch_64.jar:/home/runner/.m2/repository/io/netty/netty-tcnative-boringssl-static/2.0.65.Final/netty-tcnative-boringssl-static-2.0.65.Final-osx-x86_64.jar:/home/runner/.m2/repository/io/netty/netty-tcnative-boringssl-static/2.0.65.Final/netty-tcnative-boringssl-static-2.0.65.Final-osx-aarch_64.jar:/home/runner/.m2/repository/io/netty/netty-tcnative-boringssl-static/2.0.65.Final/netty-tcnative-boringssl-static-2.0.65.Final-windows-x86_64.jar:/home/runner/work/ozone/ozone/hadoop-ozone/csi/target/ozone-csi-2.0.0-SNAPSHOT.jar:/home/runner/.m2/repository/com/google/protobuf/protobuf-java-util/3.19.6/protobuf-java-util-3.19.6.jar:/home/runner/.m2/repository/io/grpc/grpc-protobuf/1.58.0/grpc-protobuf-1.58.0.jar:/home/runner/.m2/repository/com/google/api/grpc/proto-google-common-protos/2.22.0/proto-google-common-protos-2.22.0.jar:/home/runner/.m2/repository/io/grpc/grpc-protobuf-lite/1.58.0/grpc-protobuf-lite-1.58.0.jar:/home/runner/.m2/repository/io/netty/netty-transport/4.1.109.Final/netty-transport-4.1.109.Final.jar:/home/runner/.m2/repository/io/netty/netty-transport-classes-epoll/4.1.109.Final/netty-transport-classes-epoll-4.1.109.Final.jar:/home/runner/.m2/repository/io/netty/netty-transport-native-epoll/4.1.109.Final/netty-transport-native-epoll-4.1.109.Final-linux-x86_64.jar:/home/runner/.m2/repository/io/netty/netty-transport-native-unix-common/4.1.109.Final/netty-transport-native-unix-common-4.1.109.Final.jar:/home/runner/work/ozone/ozone/hadoop-ozone/ozonefs/target/ozone-filesystem-2.0.0-SNAPSHOT.jar:/home/runner/.m2/repository/io/opentracing/opentracing-api/0.33.0/opentracing-api-0.33.0.jar:/home/runner/.m2/repository/io/opentracing/opentracing-util/0.33.0/opentracing-util-0.33.0.jar:/home/runner/work/ozone/ozone/hadoop-ozone/ozone-manager/target/ozone-manager-2.0.0-SNAPSHOT.jar:/home/runner/.m2/repository/com/sun/jersey/jersey-client/1.19.4/jersey-client-1.19.4.jar:/home/runner/.m2/repository/org/apache/kerby/kerby-util/1.0.1/kerby-util-1.0.1.jar:/home/runner/.m2/repository/org/apache/logging/log4j/log4j-api/2.24.2/log4j-api-2.24.2.jar:/home/runner/work/ozone/ozone/hadoop-hdds/managed-rocksdb/target/hdds-managed-rocksdb-2.0.0-SNAPSHOT.jar:/home/runner/work/ozone/ozone/hadoop-hdds/rocks-native/target/hdds-rocks-native-2.0.0-SNAPSHOT.jar:/home/runner/.m2/repository/org/eclipse/jetty/jetty-io/9.4.57.v20241219/jetty-io-9.4.57.v20241219.jar:/home/runner/work/ozone/ozone/hadoop-ozone/interface-storage/target/ozone-interface-storage-2.0.0-SNAPSHOT.jar:/home/runner/work/ozone/ozone/hadoop-hdds/rocksdb-checkpoint-differ/target/rocksdb-checkpoint-differ-2.0.0-SNAPSHOT.jar:/home/runner/.m2/repository/com/github/vlsi/mxgraph/jgraphx/3.9.12/jgraphx-3.9.12.jar:/home/runner/.m2/repository/org/jgrapht/jgrapht-core/1.4.0/jgrapht-core-1.4.0.jar:/home/runner/.m2/repository/org/jheaps/jheaps/0.11/jheaps-0.11.jar:/home/runner/.m2/repository/org/jgrapht/jgrapht-ext/1.4.0/jgrapht-ext-1.4.0.jar:/home/runner/.m2/repository/org/apache/ranger/ranger-intg/2.3.0/ranger-intg-2.3.0.jar:/home/runner/.m2/repository/org/apache/ranger/ranger-plugins-common/2.3.0/ranger-plugins-common-2.3.0.jar:/home/runner/.m2/repository/commons-lang/commons-lang/2.6/commons-lang-2.6.jar:/home/runner/.m2/repository/org/apache/ranger/ranger-plugins-cred/2.3.0/ranger-plugins-cred-2.3.0.jar:/home/runner/.m2/repository/org/apache/ranger/ranger-plugins-audit/2.3.0/ranger-plugins-audit-2.3.0.jar:/home/runner/.m2/repository/org/eclipse/jetty/jetty-client/9.4.57.v20241219/jetty-client-9.4.57.v20241219.jar:/home/runner/.m2/repository/org/apache/httpcomponents/httpmime/4.5.6/httpmime-4.5.6.jar:/home/runner/.m2/repository/org/apache/httpcomponents/httpcore-nio/4.4.16/httpcore-nio-4.4.16.jar:/home/runner/.m2/repository/org/apache/httpcomponents/httpasyncclient/4.1.3/httpasyncclient-4.1.3.jar:/home/runner/.m2/repository/com/carrotsearch/hppc/0.8.0/hppc-0.8.0.jar:/home/runner/.m2/repository/org/apache/orc/orc-core/1.5.8/orc-core-1.5.8.jar:/home/runner/.m2/repository/net/java/dev/jna/jna/5.2.0/jna-5.2.0.jar:/home/runner/.m2/repository/net/java/dev/jna/jna-platform/5.2.0/jna-platform-5.2.0.jar:/home/runner/.m2/repository/com/kstruct/gethostname4j/0.0.2/gethostname4j-0.0.2.jar:/home/runner/.m2/repository/org/apache/ranger/ranger-plugin-classloader/2.3.0/ranger-plugin-classloader-2.3.0.jar:/home/runner/.m2/repository/org/aspectj/aspectjrt/1.9.7/aspectjrt-1.9.7.jar:/home/runner/.m2/repository/org/aspectj/aspectjweaver/1.9.7/aspectjweaver-1.9.7.jar:/home/runner/.m2/repository/org/codehaus/jackson/jackson-core-asl/1.9.13/jackson-core-asl-1.9.13.jar:/home/runner/.m2/repository/org/codehaus/jackson/jackson-jaxrs/1.9.13/jackson-jaxrs-1.9.13.jar:/home/runner/.m2/repository/org/codehaus/jackson/jackson-mapper-asl/1.9.13/jackson-mapper-asl-1.9.13.jar:/home/runner/.m2/repository/org/eclipse/jetty/jetty-util/9.4.57.v20241219/jetty-util-9.4.57.v20241219.jar:/home/runner/.m2/repository/org/reflections/reflections/0.10.2/reflections-0.10.2.jar:/home/runner/.m2/repository/org/rocksdb/rocksdbjni/7.7.3/rocksdbjni-7.7.3.jar:/home/runner/work/ozone/ozone/hadoop-ozone/recon/target/ozone-recon-2.0.0-SNAPSHOT.jar:/home/runner/.m2/repository/aopalliance/aopalliance/1.0/aopalliance-1.0.jar:/home/runner/.m2/repository/com/google/inject/guice/6.0.0/guice-6.0.0.jar:/home/runner/.m2/repository/jakarta/inject/jakarta.inject-api/2.0.1/jakarta.inject-api-2.0.1.jar:/home/runner/.m2/repository/com/google/inject/extensions/guice-assistedinject/6.0.0/guice-assistedinject-6.0.0.jar:/home/runner/.m2/repository/com/google/inject/extensions/guice-servlet/6.0.0/guice-servlet-6.0.0.jar:/home/runner/.m2/repository/com/jolbox/bonecp/0.8.0.RELEASE/bonecp-0.8.0.RELEASE.jar:/home/runner/.m2/repository/jakarta/activation/jakarta.activation-api/1.2.2/jakarta.activation-api-1.2.2.jar:/home/runner/.m2/repository/jakarta/validation/jakarta.validation-api/2.0.2/jakarta.validation-api-2.0.2.jar:/home/runner/.m2/repository/jakarta/ws/rs/jakarta.ws.rs-api/2.1.6/jakarta.ws.rs-api-2.1.6.jar:/home/runner/.m2/repository/javax/inject/javax.inject/1/javax.inject-1.jar:/home/runner/.m2/repository/org/apache/derby/derby/10.14.2.0/derby-10.14.2.0.jar:/home/runner/work/ozone/ozone/hadoop-ozone/recon-codegen/target/ozone-reconcodegen-2.0.0-SNAPSHOT.jar:/home/runner/.m2/repository/org/eclipse/jetty/jetty-servlet/9.4.57.v20241219/jetty-servlet-9.4.57.v20241219.jar:/home/runner/.m2/repository/org/eclipse/jetty/jetty-security/9.4.57.v20241219/jetty-security-9.4.57.v20241219.jar:/home/runner/.m2/repository/org/glassfish/hk2/guice-bridge/2.6.1/guice-bridge-2.6.1.jar:/home/runner/.m2/repository/org/glassfish/hk2/hk2-api/2.6.1/hk2-api-2.6.1.jar:/home/runner/.m2/repository/org/glassfish/hk2/hk2-utils/2.6.1/hk2-utils-2.6.1.jar:/home/runner/.m2/repository/org/glassfish/hk2/external/aopalliance-repackaged/2.6.1/aopalliance-repackaged-2.6.1.jar:/home/runner/.m2/repository/org/glassfish/hk2/external/jakarta.inject/2.6.1/jakarta.inject-2.6.1.jar:/home/runner/.m2/repository/org/glassfish/jersey/containers/jersey-container-servlet/2.46/jersey-container-servlet-2.46.jar:/home/runner/.m2/repository/org/glassfish/jersey/containers/jersey-container-servlet-core/2.46/jersey-container-servlet-core-2.46.jar:/home/runner/.m2/repository/org/glassfish/jersey/core/jersey-common/2.46/jersey-common-2.46.jar:/home/runner/.m2/repository/org/glassfish/hk2/osgi-resource-locator/1.0.3/osgi-resource-locator-1.0.3.jar:/home/runner/.m2/repository/org/glassfish/jersey/core/jersey-server/2.46/jersey-server-2.46.jar:/home/runner/.m2/repository/org/glassfish/jersey/core/jersey-client/2.46/jersey-client-2.46.jar:/home/runner/.m2/repository/org/glassfish/jersey/inject/jersey-hk2/2.46/jersey-hk2-2.46.jar:/home/runner/.m2/repository/org/glassfish/hk2/hk2-locator/2.6.1/hk2-locator-2.6.1.jar:/home/runner/.m2/repository/org/glassfish/jersey/media/jersey-media-jaxb/2.46/jersey-media-jaxb-2.46.jar:/home/runner/.m2/repository/org/glassfish/jersey/media/jersey-media-json-jackson/2.46/jersey-media-json-jackson-2.46.jar:/home/runner/.m2/repository/org/glassfish/jersey/ext/jersey-entity-filtering/2.46/jersey-entity-filtering-2.46.jar:/home/runner/.m2/repository/org/javassist/javassist/3.30.2-GA/javassist-3.30.2-GA.jar:/home/runner/.m2/repository/org/jooq/jooq/3.11.10/jooq-3.11.10.jar:/home/runner/.m2/repository/org/jooq/jooq-codegen/3.11.10/jooq-codegen-3.11.10.jar:/home/runner/.m2/repository/org/jooq/jooq-meta/3.11.10/jooq-meta-3.11.10.jar:/home/runner/.m2/repository/org/springframework/spring-core/5.3.39/spring-core-5.3.39.jar:/home/runner/.m2/repository/org/springframework/spring-jdbc/5.3.39/spring-jdbc-5.3.39.jar:/home/runner/.m2/repository/org/springframework/spring-beans/5.3.39/spring-beans-5.3.39.jar:/home/runner/.m2/repository/org/springframework/spring-tx/5.3.39/spring-tx-5.3.39.jar:/home/runner/work/ozone/ozone/hadoop-ozone/s3gateway/target/ozone-s3gateway-2.0.0-SNAPSHOT.jar:/home/runner/.m2/repository/com/fasterxml/jackson/dataformat/jackson-dataformat-xml/2.16.2/jackson-dataformat-xml-2.16.2.jar:/home/runner/.m2/repository/com/fasterxml/jackson/module/jackson-module-jaxb-annotations/2.16.2/jackson-module-jaxb-annotations-2.16.2.jar:/home/runner/.m2/repository/io/opentracing/opentracing-noop/0.33.0/opentracing-noop-0.33.0.jar:/home/runner/.m2/repository/javax/annotation/javax.annotation-api/1.3.2/javax.annotation-api-1.3.2.jar:/home/runner/.m2/repository/javax/enterprise/cdi-api/2.0/cdi-api-2.0.jar:/home/runner/.m2/repository/javax/el/javax.el-api/3.0.0/javax.el-api-3.0.0.jar:/home/runner/.m2/repository/javax/interceptor/javax.interceptor-api/1.2/javax.interceptor-api-1.2.jar:/home/runner/.m2/repository/org/glassfish/jaxb/jaxb-runtime/2.3.9/jaxb-runtime-2.3.9.jar:/home/runner/.m2/repository/org/glassfish/jaxb/txw2/2.3.9/txw2-2.3.9.jar:/home/runner/.m2/repository/com/sun/istack/istack-commons-runtime/3.0.12/istack-commons-runtime-3.0.12.jar:/home/runner/.m2/repository/com/sun/activation/jakarta.activation/1.2.2/jakarta.activation-1.2.2.jar:/home/runner/.m2/repository/org/glassfish/jersey/ext/cdi/jersey-cdi1x/2.46/jersey-cdi1x-2.46.jar:/home/runner/.m2/repository/org/jboss/weld/servlet/weld-servlet-shaded/3.1.9.Final/weld-servlet-shaded-3.1.9.Final.jar:/home/runner/work/ozone/ozone/hadoop-ozone/tools/target/ozone-tools-2.0.0-SNAPSHOT.jar:/home/runner/.m2/repository/com/amazonaws/aws-java-sdk-core/1.12.661/aws-java-sdk-core-1.12.661.jar:/home/runner/.m2/repository/com/fasterxml/jackson/dataformat/jackson-dataformat-cbor/2.16.2/jackson-dataformat-cbor-2.16.2.jar:/home/runner/.m2/repository/joda-time/joda-time/2.12.7/joda-time-2.12.7.jar:/home/runner/.m2/repository/com/amazonaws/aws-java-sdk-s3/1.12.661/aws-java-sdk-s3-1.12.661.jar:/home/runner/.m2/repository/com/amazonaws/aws-java-sdk-kms/1.12.661/aws-java-sdk-kms-1.12.661.jar:/home/runner/.m2/repository/com/amazonaws/jmespath-java/1.12.661/jmespath-java-1.12.661.jar:/home/runner/.m2/repository/org/apache/ratis/ratis-shell/3.1.2/ratis-shell-3.1.2.jar:/home/runner/.m2/repository/org/apache/ratis/ratis-server/3.1.2/ratis-server-3.1.2.jar:/home/runner/.m2/repository/org/apache/ratis/ratis-metrics-api/3.1.2/ratis-metrics-api-3.1.2.jar:/home/runner/.m2/repository/org/hamcrest/hamcrest/2.2/hamcrest-2.2.jar:/home/runner/.m2/repository/org/slf4j/jul-to-slf4j/2.0.16/jul-to-slf4j-2.0.16.jar:/home/runner/.m2/repository/org/apache/commons/commons-lang3/3.17.0/commons-lang3-3.17.0.jar:/home/runner/.m2/repository/org/apache/hadoop/hadoop-common/3.4.1/hadoop-common-3.4.1-tests.jar:/home/runner/.m2/repository/org/apache/hadoop/thirdparty/hadoop-shaded-protobuf_3_25/1.3.0/hadoop-shaded-protobuf_3_25-1.3.0.jar:/home/runner/.m2/repository/org/apache/hadoop/hadoop-annotations/3.4.1/hadoop-annotations-3.4.1.jar:/home/runner/.m2/repository/org/apache/hadoop/thirdparty/hadoop-shaded-guava/1.3.0/hadoop-shaded-guava-1.3.0.jar:/home/runner/.m2/repository/org/apache/commons/commons-math3/3.6.1/commons-math3-3.6.1.jar:/home/runner/.m2/repository/commons-net/commons-net/3.11.1/commons-net-3.11.1.jar:/home/runner/.m2/repository/org/eclipse/jetty/jetty-server/9.4.57.v20241219/jetty-server-9.4.57.v20241219.jar:/home/runner/.m2/repository/javax/servlet/jsp/jsp-api/2.1/jsp-api-2.1.jar:/home/runner/.m2/repository/com/sun/jersey/jersey-core/1.19.4/jersey-core-1.19.4.jar:/home/runner/.m2/repository/javax/ws/rs/jsr311-api/1.1.1/jsr311-api-1.1.1.jar:/home/runner/.m2/repository/com/github/pjfanning/jersey-json/1.22.0/jersey-json-1.22.0.jar:/home/runner/.m2/repository/com/sun/xml/bind/jaxb-impl/2.2.3-1/jaxb-impl-2.2.3-1.jar:/home/runner/.m2/repository/org/codehaus/jettison/jettison/1.5.4/jettison-1.5.4.jar:/home/runner/.m2/repository/com/sun/jersey/jersey-server/1.19.4/jersey-server-1.19.4.jar:/home/runner/.m2/repository/commons-beanutils/commons-beanutils/1.9.4/commons-beanutils-1.9.4.jar:/home/runner/.m2/repository/org/apache/commons/commons-configuration2/2.11.0/commons-configuration2-2.11.0.jar:/home/runner/.m2/repository/org/apache/avro/avro/1.9.2/avro-1.9.2.jar:/home/runner/.m2/repository/com/google/re2j/re2j/1.7/re2j-1.7.jar:/home/runner/.m2/repository/com/google/code/gson/gson/2.10.1/gson-2.10.1.jar:/home/runner/.m2/repository/org/apache/hadoop/hadoop-auth/3.4.1/hadoop-auth-3.4.1.jar:/home/runner/.m2/repository/org/apache/curator/curator-framework/4.2.0/curator-framework-4.2.0.jar:/home/runner/.m2/repository/com/jcraft/jsch/0.1.55/jsch-0.1.55.jar:/home/runner/.m2/repository/org/apache/curator/curator-client/4.2.0/curator-client-4.2.0.jar:/home/runner/.m2/repository/org/apache/curator/curator-recipes/5.2.0/curator-recipes-5.2.0.jar:/home/runner/.m2/repository/com/google/code/findbugs/jsr305/3.0.2/jsr305-3.0.2.jar:/home/runner/.m2/repository/org/apache/zookeeper/zookeeper/3.8.4/zookeeper-3.8.4.jar:/home/runner/.m2/repository/org/apache/zookeeper/zookeeper-jute/3.8.4/zookeeper-jute-3.8.4.jar:/home/runner/.m2/repository/org/apache/yetus/audience-annotations/0.12.0/audience-annotations-0.12.0.jar:/home/runner/.m2/repository/io/netty/netty-transport-native-epoll/4.1.109.Final/netty-transport-native-epoll-4.1.109.Final.jar:/home/runner/.m2/repository/org/apache/kerby/kerb-core/1.0.1/kerb-core-1.0.1.jar:/home/runner/.m2/repository/org/apache/kerby/kerby-pkix/1.0.1/kerby-pkix-1.0.1.jar:/home/runner/.m2/repository/org/apache/kerby/kerby-asn1/1.0.1/kerby-asn1-1.0.1.jar:/home/runner/.m2/repository/org/codehaus/woodstox/stax2-api/4.2.2/stax2-api-4.2.2.jar:/home/runner/.m2/repository/com/fasterxml/woodstox/woodstox-core/5.4.0/woodstox-core-5.4.0.jar:/home/runner/.m2/repository/dnsjava/dnsjava/3.6.1/dnsjava-3.6.1.jar:/home/runner/.m2/repository/org/xerial/snappy/snappy-java/1.1.10.7/snappy-java-1.1.10.7.jar:/home/runner/.m2/repository/org/apache/hadoop/hadoop-distcp/3.4.1/hadoop-distcp-3.4.1.jar:/home/runner/.m2/repository/org/apache/hadoop/hadoop-distcp/3.4.1/hadoop-distcp-3.4.1-tests.jar:/home/runner/.m2/repository/org/apache/hadoop/hadoop-hdfs/3.4.1/hadoop-hdfs-3.4.1-tests.jar:/home/runner/.m2/repository/org/eclipse/jetty/jetty-util-ajax/9.4.57.v20241219/jetty-util-ajax-9.4.57.v20241219.jar:/home/runner/.m2/repository/commons-daemon/commons-daemon/1.4.0/commons-daemon-1.4.0.jar:/home/runner/.m2/repository/io/netty/netty-all/4.1.109.Final/netty-all-4.1.109.Final.jar:/home/runner/.m2/repository/io/netty/netty-codec-dns/4.1.109.Final/netty-codec-dns-4.1.109.Final.jar:/home/runner/.m2/repository/io/netty/netty-codec-haproxy/4.1.109.Final/netty-codec-haproxy-4.1.109.Final.jar:/home/runner/.m2/repository/io/netty/netty-codec-memcache/4.1.109.Final/netty-codec-memcache-4.1.109.Final.jar:/home/runner/.m2/repository/io/netty/netty-codec-mqtt/4.1.109.Final/netty-codec-mqtt-4.1.109.Final.jar:/home/runner/.m2/repository/io/netty/netty-codec-redis/4.1.109.Final/netty-codec-redis-4.1.109.Final.jar:/home/runner/.m2/repository/io/netty/netty-codec-smtp/4.1.109.Final/netty-codec-smtp-4.1.109.Final.jar:/home/runner/.m2/repository/io/netty/netty-codec-stomp/4.1.109.Final/netty-codec-stomp-4.1.109.Final.jar:/home/runner/.m2/repository/io/netty/netty-codec-xml/4.1.109.Final/netty-codec-xml-4.1.109.Final.jar:/home/runner/.m2/repository/io/netty/netty-handler-ssl-ocsp/4.1.109.Final/netty-handler-ssl-ocsp-4.1.109.Final.jar:/home/runner/.m2/repository/io/netty/netty-resolver-dns/4.1.109.Final/netty-resolver-dns-4.1.109.Final.jar:/home/runner/.m2/repository/io/netty/netty-transport-rxtx/4.1.109.Final/netty-transport-rxtx-4.1.109.Final.jar:/home/runner/.m2/repository/io/netty/netty-transport-sctp/4.1.109.Final/netty-transport-sctp-4.1.109.Final.jar:/home/runner/.m2/repository/io/netty/netty-transport-udt/4.1.109.Final/netty-transport-udt-4.1.109.Final.jar:/home/runner/.m2/repository/io/netty/netty-transport-classes-kqueue/4.1.109.Final/netty-transport-classes-kqueue-4.1.109.Final.jar:/home/runner/.m2/repository/io/netty/netty-resolver-dns-classes-macos/4.1.109.Final/netty-resolver-dns-classes-macos-4.1.109.Final.jar:/home/runner/.m2/repository/io/netty/netty-transport-native-epoll/4.1.109.Final/netty-transport-native-epoll-4.1.109.Final-linux-aarch_64.jar:/home/runner/.m2/repository/io/netty/netty-transport-native-epoll/4.1.109.Final/netty-transport-native-epoll-4.1.109.Final-linux-riscv64.jar:/home/runner/.m2/repository/io/netty/netty-transport-native-kqueue/4.1.109.Final/netty-transport-native-kqueue-4.1.109.Final-osx-x86_64.jar:/home/runner/.m2/repository/io/netty/netty-transport-native-kqueue/4.1.109.Final/netty-transport-native-kqueue-4.1.109.Final-osx-aarch_64.jar:/home/runner/.m2/repository/io/netty/netty-resolver-dns-native-macos/4.1.109.Final/netty-resolver-dns-native-macos-4.1.109.Final-osx-x86_64.jar:/home/runner/.m2/repository/io/netty/netty-resolver-dns-native-macos/4.1.109.Final/netty-resolver-dns-native-macos-4.1.109.Final-osx-aarch_64.jar:/home/runner/.m2/repository/org/fusesource/leveldbjni/leveldbjni-all/1.8/leveldbjni-all-1.8.jar:/home/runner/.m2/repository/org/apache/hadoop/hadoop-kms/3.4.1/hadoop-kms-3.4.1.jar:/home/runner/.m2/repository/org/apache/hadoop/hadoop-common/3.4.1/hadoop-common-3.4.1.jar:/home/runner/.m2/repository/org/apache/hadoop/hadoop-kms/3.4.1/hadoop-kms-3.4.1-tests.jar:/home/runner/.m2/repository/org/apache/hadoop/hadoop-mapreduce-client-core/3.4.1/hadoop-mapreduce-client-core-3.4.1.jar:/home/runner/.m2/repository/org/apache/hadoop/hadoop-yarn-client/3.4.1/hadoop-yarn-client-3.4.1.jar:/home/runner/.m2/repository/org/eclipse/jetty/websocket/websocket-client/9.4.53.v20231009/websocket-client-9.4.53.v20231009.jar:/home/runner/.m2/repository/org/eclipse/jetty/websocket/websocket-common/9.4.53.v20231009/websocket-common-9.4.53.v20231009.jar:/home/runner/.m2/repository/org/eclipse/jetty/websocket/websocket-api/9.4.53.v20231009/websocket-api-9.4.53.v20231009.jar:/home/runner/.m2/repository/org/apache/hadoop/hadoop-yarn-api/3.4.1/hadoop-yarn-api-3.4.1.jar:/home/runner/.m2/repository/org/apache/hadoop/hadoop-yarn-common/3.4.1/hadoop-yarn-common-3.4.1.jar:/home/runner/.m2/repository/javax/xml/bind/jaxb-api/2.2.11/jaxb-api-2.2.11.jar:/home/runner/.m2/repository/com/sun/jersey/contribs/jersey-guice/1.19.4/jersey-guice-1.19.4.jar:/home/runner/.m2/repository/com/fasterxml/jackson/jaxrs/jackson-jaxrs-json-provider/2.16.2/jackson-jaxrs-json-provider-2.16.2.jar:/home/runner/.m2/repository/com/fasterxml/jackson/jaxrs/jackson-jaxrs-base/2.16.2/jackson-jaxrs-base-2.16.2.jar:/home/runner/.m2/repository/org/apache/hadoop/hadoop-hdfs-client/3.4.1/hadoop-hdfs-client-3.4.1.jar:/home/runner/.m2/repository/org/apache/hadoop/hadoop-mapreduce-client-jobclient/3.4.1/hadoop-mapreduce-client-jobclient-3.4.1.jar:/home/runner/.m2/repository/org/apache/hadoop/hadoop-mapreduce-client-common/3.4.1/hadoop-mapreduce-client-common-3.4.1.jar:/home/runner/.m2/repository/org/apache/hadoop/hadoop-minikdc/3.4.1/hadoop-minikdc-3.4.1.jar:/home/runner/.m2/repository/org/apache/kerby/kerb-simplekdc/2.0.3/kerb-simplekdc-2.0.3.jar:/home/runner/.m2/repository/org/apache/kerby/kerb-client/2.0.3/kerb-client-2.0.3.jar:/home/runner/.m2/repository/org/apache/kerby/kerb-common/2.0.3/kerb-common-2.0.3.jar:/home/runner/.m2/repository/org/apache/kerby/token-provider/2.0.3/token-provider-2.0.3.jar:/home/runner/.m2/repository/org/apache/kerby/kerb-admin/2.0.3/kerb-admin-2.0.3.jar:/home/runner/.m2/repository/org/apache/kerby/kerb-server/2.0.3/kerb-server-2.0.3.jar:/home/runner/.m2/repository/org/apache/kerby/kerb-identity/2.0.3/kerb-identity-2.0.3.jar:/home/runner/.m2/repository/org/apache/kerby/kerby-xdr/2.0.3/kerby-xdr-2.0.3.jar:/home/runner/.m2/repository/junit/junit/4.13.2/junit-4.13.2.jar:/home/runner/.m2/repository/org/hamcrest/hamcrest-core/1.3/hamcrest-core-1.3.jar:/home/runner/work/ozone/ozone/hadoop-hdds/common/target/hdds-common-2.0.0-SNAPSHOT-tests.jar:/home/runner/.m2/repository/commons-validator/commons-validator/1.6/commons-validator-1.6.jar:/home/runner/.m2/repository/commons-digester/commons-digester/1.8.1/commons-digester-1.8.1.jar:/home/runner/.m2/repository/io/jaegertracing/jaeger-client/1.8.1/jaeger-client-1.8.1.jar:/home/runner/.m2/repository/io/jaegertracing/jaeger-thrift/1.8.1/jaeger-thrift-1.8.1.jar:/home/runner/.m2/repository/org/apache/thrift/libthrift/0.15.0/libthrift-0.15.0.jar:/home/runner/.m2/repository/com/squareup/okhttp3/okhttp/4.12.0/okhttp-4.12.0.jar:/home/runner/.m2/repository/com/squareup/okio/okio/3.6.0/okio-3.6.0.jar:/home/runner/.m2/repository/com/squareup/okio/okio-jvm/3.6.0/okio-jvm-3.6.0.jar:/home/runner/.m2/repository/org/jetbrains/kotlin/kotlin-stdlib-common/1.9.25/kotlin-stdlib-common-1.9.25.jar:/home/runner/.m2/repository/org/jetbrains/kotlin/kotlin-stdlib-jdk8/1.9.25/kotlin-stdlib-jdk8-1.9.25.jar:/home/runner/.m2/repository/org/jetbrains/kotlin/kotlin-stdlib-jdk7/1.9.25/kotlin-stdlib-jdk7-1.9.25.jar:/home/runner/.m2/repository/io/jaegertracing/jaeger-tracerresolver/1.8.1/jaeger-tracerresolver-1.8.1.jar:/home/runner/.m2/repository/io/opentracing/contrib/opentracing-tracerresolver/0.1.8/opentracing-tracerresolver-0.1.8.jar:/home/runner/.m2/repository/io/jaegertracing/jaeger-core/1.8.1/jaeger-core-1.8.1.jar:/home/runner/work/ozone/ozone/hadoop-hdds/annotations/target/hdds-annotation-processing-2.0.0-SNAPSHOT.jar:/home/runner/.m2/repository/org/apache/ratis/ratis-metrics-dropwizard3/3.1.2/ratis-metrics-dropwizard3-3.1.2.jar:/home/runner/.m2/repository/org/bouncycastle/bcutil-jdk18on/1.80/bcutil-jdk18on-1.80.jar:/home/runner/.m2/repository/org/jetbrains/kotlin/kotlin-stdlib/1.9.25/kotlin-stdlib-1.9.25.jar:/home/runner/.m2/repository/org/jetbrains/annotations/13.0/annotations-13.0.jar:/home/runner/.m2/repository/org/yaml/snakeyaml/2.0/snakeyaml-2.0.jar:/home/runner/work/ozone/ozone/hadoop-hdds/container-service/target/hdds-container-service-2.0.0-SNAPSHOT-tests.jar:/home/runner/.m2/repository/com/github/luben/zstd-jni/1.5.6-10/zstd-jni-1.5.6-10.jar:/home/runner/.m2/repository/io/netty/netty-buffer/4.1.109.Final/netty-buffer-4.1.109.Final.jar:/home/runner/.m2/repository/io/netty/netty-codec/4.1.109.Final/netty-codec-4.1.109.Final.jar:/home/runner/work/ozone/ozone/hadoop-hdds/framework/target/hdds-server-framework-2.0.0-SNAPSHOT-tests.jar:/home/runner/.m2/repository/com/github/jnr/jnr-constants/0.10.4/jnr-constants-0.10.4.jar:/home/runner/.m2/repository/com/github/jnr/jnr-posix/3.1.20/jnr-posix-3.1.20.jar:/home/runner/.m2/repository/com/github/jnr/jnr-ffi/2.2.17/jnr-ffi-2.2.17.jar:/home/runner/.m2/repository/com/github/jnr/jffi/1.3.13/jffi-1.3.13.jar:/home/runner/.m2/repository/com/github/jnr/jffi/1.3.13/jffi-1.3.13-native.jar:/home/runner/.m2/repository/org/ow2/asm/asm/9.7.1/asm-9.7.1.jar:/home/runner/.m2/repository/org/ow2/asm/asm-commons/9.7.1/asm-commons-9.7.1.jar:/home/runner/.m2/repository/org/ow2/asm/asm-analysis/9.7.1/asm-analysis-9.7.1.jar:/home/runner/.m2/repository/org/ow2/asm/asm-tree/9.7.1/asm-tree-9.7.1.jar:/home/runner/.m2/repository/org/ow2/asm/asm-util/9.7.1/asm-util-9.7.1.jar:/home/runner/.m2/repository/com/github/jnr/jnr-a64asm/1.0.0/jnr-a64asm-1.0.0.jar:/home/runner/.m2/repository/com/github/jnr/jnr-x86asm/1.0.2/jnr-x86asm-1.0.2.jar:/home/runner/.m2/repository/commons-fileupload/commons-fileupload/1.5/commons-fileupload-1.5.jar:/home/runner/.m2/repository/commons-logging/commons-logging/1.2/commons-logging-1.2.jar:/home/runner/.m2/repository/io/prometheus/simpleclient/0.16.0/simpleclient-0.16.0.jar:/home/runner/.m2/repository/io/prometheus/simpleclient_common/0.16.0/simpleclient_common-0.16.0.jar:/home/runner/.m2/repository/io/prometheus/simpleclient_dropwizard/0.16.0/simpleclient_dropwizard-0.16.0.jar:/home/runner/.m2/repository/org/apache/logging/log4j/log4j-core/2.24.2/log4j-core-2.24.2.jar:/home/runner/.m2/repository/org/eclipse/jetty/jetty-http/9.4.57.v20241219/jetty-http-9.4.57.v20241219.jar:/home/runner/.m2/repository/com/lmax/disruptor/3.4.4/disruptor-3.4.4.jar:/home/runner/work/ozone/ozone/hadoop-hdds/server-scm/target/hdds-server-scm-2.0.0-SNAPSHOT-tests.jar:/home/runner/work/ozone/ozone/hadoop-hdds/test-utils/target/hdds-test-utils-2.0.0-SNAPSHOT.jar:/home/runner/work/ozone/ozone/hadoop-ozone/ozone-manager/target/ozone-manager-2.0.0-SNAPSHOT-tests.jar:/home/runner/.m2/repository/org/assertj/assertj-core/3.27.3/assertj-core-3.27.3.jar:/home/runner/.m2/repository/net/bytebuddy/byte-buddy/1.15.11/byte-buddy-1.15.11.jar:/home/runner/.m2/repository/org/junit/jupiter/junit-jupiter-api/5.11.4/junit-jupiter-api-5.11.4.jar:/home/runner/.m2/repository/org/opentest4j/opentest4j/1.3.0/opentest4j-1.3.0.jar:/home/runner/.m2/repository/org/junit/platform/junit-platform-commons/1.11.4/junit-platform-commons-1.11.4.jar:/home/runner/.m2/repository/org/apiguardian/apiguardian-api/1.1.2/apiguardian-api-1.1.2.jar:/home/runner/.m2/repository/org/junit/jupiter/junit-jupiter-engine/5.11.4/junit-jupiter-engine-5.11.4.jar:/home/runner/.m2/repository/org/junit/platform/junit-platform-engine/1.11.4/junit-platform-engine-1.11.4.jar:/home/runner/.m2/repository/org/junit/jupiter/junit-jupiter-params/5.11.4/junit-jupiter-params-5.11.4.jar:/home/runner/.m2/repository/org/mockito/mockito-core/4.11.0/mockito-core-4.11.0.jar:/home/runner/.m2/repository/net/bytebuddy/byte-buddy-agent/1.12.19/byte-buddy-agent-1.12.19.jar:/home/runner/.m2/repository/org/objenesis/objenesis/3.3/objenesis-3.3.jar:/home/runner/.m2/repository/org/mockito/mockito-inline/4.11.0/mockito-inline-4.11.0.jar:/home/runner/.m2/repository/org/mockito/mockito-junit-jupiter/4.11.0/mockito-junit-jupiter-4.11.0.jar:/home/runner/work/ozone/ozone/hadoop-ozone/integration-test/target/gradle-enterprise/test-listeners.jar:"/>
    <property name="sun.cpu.endian" value="little"/>
    <property name="user.home" value="/home/runner"/>
    <property name="user.language" value="en"/>
    <property name="java.specification.vendor" value="Oracle Corporation"/>
    <property name="skipRecon" value="true"/>
    <property name="java.version.date" value="2025-01-21"/>
    <property name="java.home" value="/usr/lib/jvm/temurin-21-jdk-amd64"/>
    <property name="java.security.krb5.conf" value="/home/runner/work/ozone/ozone/hadoop-ozone/integration-test/target/test-classes/krb5.conf"/>
    <property name="file.separator" value="/"/>
    <property name="basedir" value="/home/runner/work/ozone/ozone/hadoop-ozone/integration-test"/>
    <property name="java.vm.compressedOopsMode" value="Zero based"/>
    <property name="line.separator" value="&#10;"/>
    <property name="java.vm.specification.vendor" value="Oracle Corporation"/>
    <property name="java.specification.name" value="Java Platform API Specification"/>
    <property name="surefire.real.class.path" value="/home/runner/work/ozone/ozone/hadoop-ozone/integration-test/target/surefire/surefirebooter2231165877145113118.jar"/>
    <property name="hadoop.log.dir" value="/home/runner/work/ozone/ozone/hadoop-ozone/integration-test/target/log"/>
    <property name="sun.management.compiler" value="HotSpot 64-Bit Tiered Compilers"/>
    <property name="skipShade" value="true"/>
    <property name="java.runtime.version" value="21.0.6+7-LTS"/>
    <property name="user.name" value="runner"/>
    <property name="java.net.preferIPv4Stack" value="true"/>
    <property name="stdout.encoding" value="UTF-8"/>
    <property name="path.separator" value=":"/>
    <property name="java.security.egd" value="file:///dev/urandom"/>
    <property name="os.version" value="6.8.0-1021-azure"/>
    <property name="java.runtime.name" value="OpenJDK Runtime Environment"/>
    <property name="com.gradle.maven.scan.extension.test.listener.junitplatform.NestedExecutionSafeDelegatingTestExecutionListener" value="3cfdd820"/>
    <property name="file.encoding" value="UTF-8"/>
    <property name="java.vm.name" value="OpenJDK 64-Bit Server VM"/>
    <property name="java.vendor.version" value="Temurin-21.0.6+7"/>
    <property name="test.build.webapps" value=""/>
    <property name="develocity.listener.surefire.forkId" value="1"/>
    <property name="localRepository" value="/home/runner/.m2/repository"/>
    <property name="java.vendor.url.bug" value="https://github.com/adoptium/adoptium-support/issues"/>
    <property name="jetty.git.hash" value="df524e6b29271c2e09ba9aea83c18dc9db464a31"/>
    <property name="java.io.tmpdir" value="/tmp"/>
    <property name="require.test.libhadoop" value=""/>
    <property name="java.version" value="21.0.6"/>
    <property name="user.dir" value="/home/runner/work/ozone/ozone/hadoop-ozone/integration-test"/>
    <property name="os.arch" value="amd64"/>
    <property name="java.vm.specification.name" value="Java Virtual Machine Specification"/>
    <property name="test.build.classes" value="/home/runner/work/ozone/ozone/hadoop-ozone/integration-test/target/test-classes"/>
    <property name="org.apache.ratis.thirdparty.io.netty.allocator.useCacheForAllThreads" value="false"/>
    <property name="native.encoding" value="UTF-8"/>
    <property name="hadoop.tmp.dir" value="/home/runner/work/ozone/ozone/hadoop-ozone/integration-test/target/tmp"/>
    <property name="java.library.path" value="/usr/java/packages/lib:/usr/lib64:/lib64:/lib:/usr/lib"/>
    <property name="java.vm.info" value="mixed mode, sharing"/>
    <property name="stderr.encoding" value="UTF-8"/>
    <property name="java.vendor" value="Eclipse Adoptium"/>
    <property name="java.vm.version" value="21.0.6+7-LTS"/>
    <property name="sun.io.unicode.encoding" value="UnicodeLittle"/>
    <property name="develocity.listener.port" value="39639"/>
    <property name="java.class.version" value="65.0"/>
  </properties>
  <testcase name="testContainerStateMachineCloseOnMissingPipeline" classname="org.apache.hadoop.ozone.client.rpc.TestContainerStateMachineFailures" time="2.587"/>
  <testcase name="testContainerStateMachineSingleFailureRetry" classname="org.apache.hadoop.ozone.client.rpc.TestContainerStateMachineFailures" time="10.152"/>
  <testcase name="testWriteStateMachineDataIdempotencyWithClosedContainer" classname="org.apache.hadoop.ozone.client.rpc.TestContainerStateMachineFailures" time="0.353"/>
  <testcase name="testContainerStateMachineFailures" classname="org.apache.hadoop.ozone.client.rpc.TestContainerStateMachineFailures" time="23.258"/>
  <testcase name="testUnhealthyContainer" classname="org.apache.hadoop.ozone.client.rpc.TestContainerStateMachineFailures" time="52.388"/>
  <testcase name="testContainerStateMachineDualFailureRetry" classname="org.apache.hadoop.ozone.client.rpc.TestContainerStateMachineFailures" time="11.935"/>
  <testcase name="testContainerStateMachineRestartWithDNChangePipeline" classname="org.apache.hadoop.ozone.client.rpc.TestContainerStateMachineFailures" time="44.701">
    <error type="java.util.concurrent.TimeoutException"><![CDATA[java.util.concurrent.TimeoutException: 
Timed out waiting for condition. Thread diagnostics:
Timestamp: 2025-02-19 06:38:43,965

"2fdf8a61-8d2a-4048-aa8e-d82d5837d34a-BlockDeletingService#0" daemon prio=5 tid=1080 timed_waiting
java.lang.Thread.State: TIMED_WAITING
        at java.base@21.0.6/jdk.internal.misc.Unsafe.park(Native Method)
        at java.base@21.0.6/java.util.concurrent.locks.LockSupport.parkNanos(LockSupport.java:269)
        at java.base@21.0.6/java.util.concurrent.locks.AbstractQueuedSynchronizer$ConditionObject.awaitNanos(AbstractQueuedSynchronizer.java:1763)
        at java.base@21.0.6/java.util.concurrent.ScheduledThreadPoolExecutor$DelayedWorkQueue.take(ScheduledThreadPoolExecutor.java:1182)
        at java.base@21.0.6/java.util.concurrent.ScheduledThreadPoolExecutor$DelayedWorkQueue.take(ScheduledThreadPoolExecutor.java:899)
        at java.base@21.0.6/java.util.concurrent.ThreadPoolExecutor.getTask(ThreadPoolExecutor.java:1070)
        at java.base@21.0.6/java.util.concurrent.ThreadPoolExecutor.runWorker(ThreadPoolExecutor.java:1130)
        at java.base@21.0.6/java.util.concurrent.ThreadPoolExecutor$Worker.run(ThreadPoolExecutor.java:642)
        at java.base@21.0.6/java.lang.Thread.runWith(Thread.java:1596)
        at java.base@21.0.6/java.lang.Thread.run(Thread.java:1583)
"Socket Reader #5 for port 15006"  prio=5 tid=447 runnable
java.lang.Thread.State: RUNNABLE
        at java.base@21.0.6/sun.nio.ch.EPoll.wait(Native Method)
        at java.base@21.0.6/sun.nio.ch.EPollSelectorImpl.doSelect(EPollSelectorImpl.java:121)
        at java.base@21.0.6/sun.nio.ch.SelectorImpl.lockAndDoSelect(SelectorImpl.java:130)
        at java.base@21.0.6/sun.nio.ch.SelectorImpl.select(SelectorImpl.java:147)
        at app//org.apache.hadoop.ipc.Server$Listener$Reader.doRunLoop(Server.java:1497)
        at app//org.apache.hadoop.ipc.Server$Listener$Reader.run(Server.java:1476)
"49dd84ae-7ec9-4d92-bc53-345946144fea@group-A17754050E0F-SegmentedRaftLogWorker"  prio=5 tid=2370 timed_waiting
java.lang.Thread.State: TIMED_WAITING
        at java.base@21.0.6/jdk.internal.misc.Unsafe.park(Native Method)
        at java.base@21.0.6/java.util.concurrent.locks.LockSupport.parkNanos(LockSupport.java:269)
        at java.base@21.0.6/java.util.concurrent.locks.AbstractQueuedSynchronizer$ConditionObject.awaitNanos(AbstractQueuedSynchronizer.java:1763)
        at app//org.apache.ratis.util.DataBlockingQueue.poll(DataBlockingQueue.java:148)
        at app//org.apache.ratis.server.raftlog.segmented.SegmentedRaftLogWorker.run(SegmentedRaftLogWorker.java:307)
        at app//org.apache.ratis.server.raftlog.segmented.SegmentedRaftLogWorker$$Lambda/0x00007f7e9c334fd8.run(Unknown Source)
        at java.base@21.0.6/java.util.concurrent.Executors$RunnableAdapter.call(Executors.java:572)
        at java.base@21.0.6/java.util.concurrent.FutureTask.run(FutureTask.java:317)
        at java.base@21.0.6/java.util.concurrent.ThreadPoolExecutor.runWorker(ThreadPoolExecutor.java:1144)
        at java.base@21.0.6/java.util.concurrent.ThreadPoolExecutor$Worker.run(ThreadPoolExecutor.java:642)
        at java.base@21.0.6/java.lang.Thread.runWith(Thread.java:1596)
        at java.base@21.0.6/java.lang.Thread.run(Thread.java:1583)
"eb965ba7-12a8-46f3-92c0-bc6ff5b3bf3b-groupManagement" daemon prio=5 tid=1191 in Object.wait()
java.lang.Thread.State: WAITING (on object monitor)
        at java.base@21.0.6/jdk.internal.misc.Unsafe.park(Native Method)
        at java.base@21.0.6/java.util.concurrent.locks.LockSupport.park(LockSupport.java:371)
        at java.base@21.0.6/java.util.concurrent.locks.AbstractQueuedSynchronizer$ConditionNode.block(AbstractQueuedSynchronizer.java:519)
        at java.base@21.0.6/java.util.concurrent.ForkJoinPool.unmanagedBlock(ForkJoinPool.java:3780)
        at java.base@21.0.6/java.util.concurrent.ForkJoinPool.managedBlock(ForkJoinPool.java:3725)
        at java.base@21.0.6/java.util.concurrent.locks.AbstractQueuedSynchronizer$ConditionObject.await(AbstractQueuedSynchronizer.java:1712)
        at java.base@21.0.6/java.util.concurrent.LinkedBlockingQueue.take(LinkedBlockingQueue.java:435)
        at java.base@21.0.6/java.util.concurrent.ThreadPoolExecutor.getTask(ThreadPoolExecutor.java:1070)
        at java.base@21.0.6/java.util.concurrent.ThreadPoolExecutor.runWorker(ThreadPoolExecutor.java:1130)
        at java.base@21.0.6/java.util.concurrent.ThreadPoolExecutor$Worker.run(ThreadPoolExecutor.java:642)
        at java.base@21.0.6/java.lang.Thread.runWith(Thread.java:1596)
        at java.base@21.0.6/java.lang.Thread.run(Thread.java:1583)
"IPC Server handler 76 on default port 15002" daemon prio=5 tid=408 timed_waiting
java.lang.Thread.State: TIMED_WAITING
        at java.base@21.0.6/jdk.internal.misc.Unsafe.park(Native Method)
        at java.base@21.0.6/java.util.concurrent.locks.LockSupport.parkNanos(LockSupport.java:269)
        at java.base@21.0.6/java.util.concurrent.locks.AbstractQueuedSynchronizer$ConditionObject.awaitNanos(AbstractQueuedSynchronizer.java:1763)
        at java.base@21.0.6/java.util.concurrent.LinkedBlockingQueue.poll(LinkedBlockingQueue.java:460)
        at app//org.apache.hadoop.ipc.CallQueueManager.take(CallQueueManager.java:370)
        at app//org.apache.hadoop.ipc.Server$Handler.run(Server.java:3165)
"ccfadb7c-9180-4c4b-b969-671c642a7bd3-NettyServerStreamRpc-bossGroup--thread1"  prio=5 tid=930 runnable
java.lang.Thread.State: RUNNABLE
        at app//org.apache.ratis.thirdparty.io.netty.channel.epoll.Native.epollWait(Native Method)
        at app//org.apache.ratis.thirdparty.io.netty.channel.epoll.Native.epollWait(Native.java:220)
        at app//org.apache.ratis.thirdparty.io.netty.channel.epoll.Native.epollWait(Native.java:213)
        at app//org.apache.ratis.thirdparty.io.netty.channel.epoll.EpollEventLoop.epollWaitNoTimerChange(EpollEventLoop.java:308)
        at app//org.apache.ratis.thirdparty.io.netty.channel.epoll.EpollEventLoop.run(EpollEventLoop.java:365)
        at app//org.apache.ratis.thirdparty.io.netty.util.concurrent.SingleThreadEventExecutor$4.run(SingleThreadEventExecutor.java:997)
        at app//org.apache.ratis.thirdparty.io.netty.util.internal.ThreadExecutorMap$2.run(ThreadExecutorMap.java:74)
        at java.base@21.0.6/java.lang.Thread.runWith(Thread.java:1596)
        at java.base@21.0.6/java.lang.Thread.run(Thread.java:1583)
"PartialTableCache-Cleanup-0" daemon prio=5 tid=1510 in Object.wait()
java.lang.Thread.State: WAITING (on object monitor)
        at java.base@21.0.6/jdk.internal.misc.Unsafe.park(Native Method)
        at java.base@21.0.6/java.util.concurrent.locks.LockSupport.park(LockSupport.java:371)
        at java.base@21.0.6/java.util.concurrent.locks.AbstractQueuedSynchronizer$ConditionNode.block(AbstractQueuedSynchronizer.java:519)
        at java.base@21.0.6/java.util.concurrent.ForkJoinPool.unmanagedBlock(ForkJoinPool.java:3780)
        at java.base@21.0.6/java.util.concurrent.ForkJoinPool.managedBlock(ForkJoinPool.java:3725)
        at java.base@21.0.6/java.util.concurrent.locks.AbstractQueuedSynchronizer$ConditionObject.await(AbstractQueuedSynchronizer.java:1712)
        at java.base@21.0.6/java.util.concurrent.LinkedBlockingQueue.take(LinkedBlockingQueue.java:435)
        at java.base@21.0.6/java.util.concurrent.ThreadPoolExecutor.getTask(ThreadPoolExecutor.java:1070)
        at java.base@21.0.6/java.util.concurrent.ThreadPoolExecutor.runWorker(ThreadPoolExecutor.java:1130)
        at java.base@21.0.6/java.util.concurrent.ThreadPoolExecutor$Worker.run(ThreadPoolExecutor.java:642)
        at java.base@21.0.6/java.lang.Thread.runWith(Thread.java:1596)
        at java.base@21.0.6/java.lang.Thread.run(Thread.java:1583)
"IPC Server Responder" daemon prio=5 tid=2273 runnable
java.lang.Thread.State: RUNNABLE
        at java.base@21.0.6/sun.nio.ch.EPoll.wait(Native Method)
        at java.base@21.0.6/sun.nio.ch.EPollSelectorImpl.doSelect(EPollSelectorImpl.java:121)
        at java.base@21.0.6/sun.nio.ch.SelectorImpl.lockAndDoSelect(SelectorImpl.java:130)
        at java.base@21.0.6/sun.nio.ch.SelectorImpl.select(SelectorImpl.java:142)
        at app//org.apache.hadoop.ipc.Server$Responder.doRunLoop(Server.java:1733)
        at app//org.apache.hadoop.ipc.Server$Responder.run(Server.java:1716)
"qtp456552476-485" daemon prio=5 tid=485 timed_waiting
java.lang.Thread.State: TIMED_WAITING
        at java.base@21.0.6/jdk.internal.misc.Unsafe.park(Native Method)
        at java.base@21.0.6/java.util.concurrent.locks.LockSupport.parkNanos(LockSupport.java:269)
        at java.base@21.0.6/java.util.concurrent.locks.AbstractQueuedSynchronizer$ConditionObject.awaitNanos(AbstractQueuedSynchronizer.java:1763)
        at app//org.eclipse.jetty.util.BlockingArrayQueue.poll(BlockingArrayQueue.java:382)
        at app//org.eclipse.jetty.util.thread.QueuedThreadPool$Runner.idleJobPoll(QueuedThreadPool.java:974)
        at app//org.eclipse.jetty.util.thread.QueuedThreadPool$Runner.run(QueuedThreadPool.java:1018)
        at java.base@21.0.6/java.lang.Thread.runWith(Thread.java:1596)
        at java.base@21.0.6/java.lang.Thread.run(Thread.java:1583)
"Socket Reader #1 for port 15039"  prio=5 tid=668 runnable
java.lang.Thread.State: RUNNABLE
        at java.base@21.0.6/sun.nio.ch.EPoll.wait(Native Method)
        at java.base@21.0.6/sun.nio.ch.EPollSelectorImpl.doSelect(EPollSelectorImpl.java:121)
        at java.base@21.0.6/sun.nio.ch.SelectorImpl.lockAndDoSelect(SelectorImpl.java:130)
        at java.base@21.0.6/sun.nio.ch.SelectorImpl.select(SelectorImpl.java:147)
        at app//org.apache.hadoop.ipc.Server$Listener$Reader.doRunLoop(Server.java:1497)
        at app//org.apache.hadoop.ipc.Server$Listener$Reader.run(Server.java:1476)
"IPC Server handler 29 on default port 15001" daemon prio=5 tid=243 timed_waiting
java.lang.Thread.State: TIMED_WAITING
        at java.base@21.0.6/jdk.internal.misc.Unsafe.park(Native Method)
        at java.base@21.0.6/java.util.concurrent.locks.LockSupport.parkNanos(LockSupport.java:269)
        at java.base@21.0.6/java.util.concurrent.locks.AbstractQueuedSynchronizer$ConditionObject.awaitNanos(AbstractQueuedSynchronizer.java:1763)
        at java.base@21.0.6/java.util.concurrent.LinkedBlockingQueue.poll(LinkedBlockingQueue.java:460)
        at app//org.apache.hadoop.ipc.CallQueueManager.take(CallQueueManager.java:370)
        at app//org.apache.hadoop.ipc.Server$Handler.run(Server.java:3165)
"49dd84ae-7ec9-4d92-bc53-345946144fea@group-7BEF1D680E9B-cacheEviction-AwaitToRun" daemon prio=5 tid=2318 in Object.wait()
java.lang.Thread.State: WAITING (on object monitor)
        at java.base@21.0.6/jdk.internal.misc.Unsafe.park(Native Method)
        at java.base@21.0.6/java.util.concurrent.locks.LockSupport.park(LockSupport.java:371)
        at java.base@21.0.6/java.util.concurrent.locks.AbstractQueuedSynchronizer$ConditionNode.block(AbstractQueuedSynchronizer.java:519)
        at java.base@21.0.6/java.util.concurrent.ForkJoinPool.unmanagedBlock(ForkJoinPool.java:3780)
        at java.base@21.0.6/java.util.concurrent.ForkJoinPool.managedBlock(ForkJoinPool.java:3725)
        at java.base@21.0.6/java.util.concurrent.locks.AbstractQueuedSynchronizer$ConditionObject.await(AbstractQueuedSynchronizer.java:1712)
        at app//org.apache.ratis.util.AwaitForSignal.await(AwaitForSignal.java:48)
        at app//org.apache.ratis.util.AwaitToRun$RunnableImpl.run(AwaitToRun.java:47)
        at java.base@21.0.6/java.lang.Thread.runWith(Thread.java:1596)
        at java.base@21.0.6/java.lang.Thread.run(Thread.java:1583)
"IPC Server handler 4 on default port 15001" daemon prio=5 tid=218 timed_waiting
java.lang.Thread.State: TIMED_WAITING
        at java.base@21.0.6/jdk.internal.misc.Unsafe.park(Native Method)
        at java.base@21.0.6/java.util.concurrent.locks.LockSupport.parkNanos(LockSupport.java:269)
        at java.base@21.0.6/java.util.concurrent.locks.AbstractQueuedSynchronizer$ConditionObject.awaitNanos(AbstractQueuedSynchronizer.java:1763)
        at java.base@21.0.6/java.util.concurrent.LinkedBlockingQueue.poll(LinkedBlockingQueue.java:460)
        at app//org.apache.hadoop.ipc.CallQueueManager.take(CallQueueManager.java:370)
        at app//org.apache.hadoop.ipc.Server$Handler.run(Server.java:3165)
"2fdf8a61-8d2a-4048-aa8e-d82d5837d34a-groupManagement" daemon prio=5 tid=1247 in Object.wait()
java.lang.Thread.State: WAITING (on object monitor)
        at java.base@21.0.6/jdk.internal.misc.Unsafe.park(Native Method)
        at java.base@21.0.6/java.util.concurrent.locks.LockSupport.park(LockSupport.java:371)
        at java.base@21.0.6/java.util.concurrent.locks.AbstractQueuedSynchronizer$ConditionNode.block(AbstractQueuedSynchronizer.java:519)
        at java.base@21.0.6/java.util.concurrent.ForkJoinPool.unmanagedBlock(ForkJoinPool.java:3780)
        at java.base@21.0.6/java.util.concurrent.ForkJoinPool.managedBlock(ForkJoinPool.java:3725)
        at java.base@21.0.6/java.util.concurrent.locks.AbstractQueuedSynchronizer$ConditionObject.await(AbstractQueuedSynchronizer.java:1712)
        at java.base@21.0.6/java.util.concurrent.LinkedBlockingQueue.take(LinkedBlockingQueue.java:435)
        at java.base@21.0.6/java.util.concurrent.ThreadPoolExecutor.getTask(ThreadPoolExecutor.java:1070)
        at java.base@21.0.6/java.util.concurrent.ThreadPoolExecutor.runWorker(ThreadPoolExecutor.java:1130)
        at java.base@21.0.6/java.util.concurrent.ThreadPoolExecutor$Worker.run(ThreadPoolExecutor.java:642)
        at java.base@21.0.6/java.lang.Thread.runWith(Thread.java:1596)
        at java.base@21.0.6/java.lang.Thread.run(Thread.java:1583)
"pool-218-thread-1" daemon prio=5 tid=1089 timed_waiting
java.lang.Thread.State: TIMED_WAITING
        at java.base@21.0.6/jdk.internal.misc.Unsafe.park(Native Method)
        at java.base@21.0.6/java.util.concurrent.locks.LockSupport.parkNanos(LockSupport.java:269)
        at java.base@21.0.6/java.util.concurrent.locks.AbstractQueuedSynchronizer$ConditionObject.awaitNanos(AbstractQueuedSynchronizer.java:1763)
        at java.base@21.0.6/java.util.concurrent.ScheduledThreadPoolExecutor$DelayedWorkQueue.take(ScheduledThreadPoolExecutor.java:1182)
        at java.base@21.0.6/java.util.concurrent.ScheduledThreadPoolExecutor$DelayedWorkQueue.take(ScheduledThreadPoolExecutor.java:899)
        at java.base@21.0.6/java.util.concurrent.ThreadPoolExecutor.getTask(ThreadPoolExecutor.java:1070)
        at java.base@21.0.6/java.util.concurrent.ThreadPoolExecutor.runWorker(ThreadPoolExecutor.java:1130)
        at java.base@21.0.6/java.util.concurrent.ThreadPoolExecutor$Worker.run(ThreadPoolExecutor.java:642)
        at java.base@21.0.6/java.lang.Thread.runWith(Thread.java:1596)
        at java.base@21.0.6/java.lang.Thread.run(Thread.java:1583)
"IPC Server handler 33 on default port 15000" daemon prio=5 tid=147 timed_waiting
java.lang.Thread.State: TIMED_WAITING
        at java.base@21.0.6/jdk.internal.misc.Unsafe.park(Native Method)
        at java.base@21.0.6/java.util.concurrent.locks.LockSupport.parkNanos(LockSupport.java:269)
        at java.base@21.0.6/java.util.concurrent.locks.AbstractQueuedSynchronizer$ConditionObject.awaitNanos(AbstractQueuedSynchronizer.java:1763)
        at java.base@21.0.6/java.util.concurrent.LinkedBlockingQueue.poll(LinkedBlockingQueue.java:460)
        at app//org.apache.hadoop.ipc.CallQueueManager.take(CallQueueManager.java:370)
        at app//org.apache.hadoop.ipc.Server$Handler.run(Server.java:3165)
"ForkJoinPool.commonPool-worker-3" daemon prio=5 tid=441 timed_waiting
java.lang.Thread.State: TIMED_WAITING
        at java.base@21.0.6/jdk.internal.misc.Unsafe.park(Native Method)
        at java.base@21.0.6/java.util.concurrent.locks.LockSupport.parkUntil(LockSupport.java:449)
        at java.base@21.0.6/java.util.concurrent.ForkJoinPool.awaitWork(ForkJoinPool.java:1891)
        at java.base@21.0.6/java.util.concurrent.ForkJoinPool.runWorker(ForkJoinPool.java:1809)
        at java.base@21.0.6/java.util.concurrent.ForkJoinWorkerThread.run(ForkJoinWorkerThread.java:188)
"StaleRecoveringContainerScrubbingService#0" daemon prio=5 tid=1099 timed_waiting
java.lang.Thread.State: TIMED_WAITING
        at java.base@21.0.6/jdk.internal.misc.Unsafe.park(Native Method)
        at java.base@21.0.6/java.util.concurrent.locks.LockSupport.parkNanos(LockSupport.java:269)
        at java.base@21.0.6/java.util.concurrent.locks.AbstractQueuedSynchronizer$ConditionObject.awaitNanos(AbstractQueuedSynchronizer.java:1763)
        at java.base@21.0.6/java.util.concurrent.ScheduledThreadPoolExecutor$DelayedWorkQueue.take(ScheduledThreadPoolExecutor.java:1182)
        at java.base@21.0.6/java.util.concurrent.ScheduledThreadPoolExecutor$DelayedWorkQueue.take(ScheduledThreadPoolExecutor.java:899)
        at java.base@21.0.6/java.util.concurrent.ThreadPoolExecutor.getTask(ThreadPoolExecutor.java:1070)
        at java.base@21.0.6/java.util.concurrent.ThreadPoolExecutor.runWorker(ThreadPoolExecutor.java:1130)
        at java.base@21.0.6/java.util.concurrent.ThreadPoolExecutor$Worker.run(ThreadPoolExecutor.java:642)
        at java.base@21.0.6/java.lang.Thread.runWith(Thread.java:1596)
        at java.base@21.0.6/java.lang.Thread.run(Thread.java:1583)
"org.apache.hadoop.ozone.container.common.statemachine.commandhandler.DeleteBlocksCommandHandler$DeleteCmdWorker@270d54ea" daemon prio=5 tid=840 timed_waiting
java.lang.Thread.State: TIMED_WAITING
        at java.base@21.0.6/java.lang.Thread.sleep0(Native Method)
        at java.base@21.0.6/java.lang.Thread.sleep(Thread.java:509)
        at app//org.apache.hadoop.ozone.container.common.statemachine.commandhandler.DeleteBlocksCommandHandler$DeleteCmdWorker.run(DeleteBlocksCommandHandler.java:255)
        at java.base@21.0.6/java.lang.Thread.runWith(Thread.java:1596)
        at java.base@21.0.6/java.lang.Thread.run(Thread.java:1583)
"2fdf8a61-8d2a-4048-aa8e-d82d5837d34a-DatanodeStateMachineDaemonThread" daemon prio=5 tid=783 timed_waiting
java.lang.Thread.State: TIMED_WAITING
        at java.base@21.0.6/java.lang.Thread.sleep0(Native Method)
        at java.base@21.0.6/java.lang.Thread.sleep(Thread.java:509)
        at app//org.apache.hadoop.ozone.container.common.statemachine.DatanodeStateMachine.startStateMachineThread(DatanodeStateMachine.java:357)
        at app//org.apache.hadoop.ozone.container.common.statemachine.DatanodeStateMachine.lambda$startDaemon$1(DatanodeStateMachine.java:543)
        at app//org.apache.hadoop.ozone.container.common.statemachine.DatanodeStateMachine$$Lambda/0x00007f7e9c7d5a70.run(Unknown Source)
        at java.base@21.0.6/java.lang.Thread.runWith(Thread.java:1596)
        at java.base@21.0.6/java.lang.Thread.run(Thread.java:1583)
"IPC Server handler 4 on default port 15006" daemon prio=5 tid=495 timed_waiting
java.lang.Thread.State: TIMED_WAITING
        at java.base@21.0.6/jdk.internal.misc.Unsafe.park(Native Method)
        at java.base@21.0.6/java.util.concurrent.locks.LockSupport.parkNanos(LockSupport.java:269)
        at java.base@21.0.6/java.util.concurrent.locks.AbstractQueuedSynchronizer$ConditionObject.awaitNanos(AbstractQueuedSynchronizer.java:1763)
        at java.base@21.0.6/java.util.concurrent.LinkedBlockingQueue.poll(LinkedBlockingQueue.java:460)
        at app//org.apache.hadoop.ipc.CallQueueManager.take(CallQueueManager.java:370)
        at app//org.apache.hadoop.ipc.Server$Handler.run(Server.java:3165)
"IPC Server Responder" daemon prio=5 tid=454 runnable
java.lang.Thread.State: RUNNABLE
        at java.base@21.0.6/sun.nio.ch.EPoll.wait(Native Method)
        at java.base@21.0.6/sun.nio.ch.EPollSelectorImpl.doSelect(EPollSelectorImpl.java:121)
        at java.base@21.0.6/sun.nio.ch.SelectorImpl.lockAndDoSelect(SelectorImpl.java:130)
        at java.base@21.0.6/sun.nio.ch.SelectorImpl.select(SelectorImpl.java:142)
        at app//org.apache.hadoop.ipc.Server$Responder.doRunLoop(Server.java:1733)
        at app//org.apache.hadoop.ipc.Server$Responder.run(Server.java:1716)
"eb965ba7-12a8-46f3-92c0-bc6ff5b3bf3b-BlockDeletingService#2" daemon prio=5 tid=1819 in Object.wait()
java.lang.Thread.State: WAITING (on object monitor)
        at java.base@21.0.6/jdk.internal.misc.Unsafe.park(Native Method)
        at java.base@21.0.6/java.util.concurrent.locks.LockSupport.park(LockSupport.java:371)
        at java.base@21.0.6/java.util.concurrent.locks.AbstractQueuedSynchronizer$ConditionNode.block(AbstractQueuedSynchronizer.java:519)
        at java.base@21.0.6/java.util.concurrent.ForkJoinPool.unmanagedBlock(ForkJoinPool.java:3780)
        at java.base@21.0.6/java.util.concurrent.ForkJoinPool.managedBlock(ForkJoinPool.java:3725)
        at java.base@21.0.6/java.util.concurrent.locks.AbstractQueuedSynchronizer$ConditionObject.await(AbstractQueuedSynchronizer.java:1712)
        at java.base@21.0.6/java.util.concurrent.ScheduledThreadPoolExecutor$DelayedWorkQueue.take(ScheduledThreadPoolExecutor.java:1177)
        at java.base@21.0.6/java.util.concurrent.ScheduledThreadPoolExecutor$DelayedWorkQueue.take(ScheduledThreadPoolExecutor.java:899)
        at java.base@21.0.6/java.util.concurrent.ThreadPoolExecutor.getTask(ThreadPoolExecutor.java:1070)
        at java.base@21.0.6/java.util.concurrent.ThreadPoolExecutor.runWorker(ThreadPoolExecutor.java:1130)
        at java.base@21.0.6/java.util.concurrent.ThreadPoolExecutor$Worker.run(ThreadPoolExecutor.java:642)
        at java.base@21.0.6/java.lang.Thread.runWith(Thread.java:1596)
        at java.base@21.0.6/java.lang.Thread.run(Thread.java:1583)
"49dd84ae-7ec9-4d92-bc53-345946144fea@group-4434D0010B67-cacheEviction-AwaitToRun" daemon prio=5 tid=2354 in Object.wait()
java.lang.Thread.State: WAITING (on object monitor)
        at java.base@21.0.6/jdk.internal.misc.Unsafe.park(Native Method)
        at java.base@21.0.6/java.util.concurrent.locks.LockSupport.park(LockSupport.java:371)
        at java.base@21.0.6/java.util.concurrent.locks.AbstractQueuedSynchronizer$ConditionNode.block(AbstractQueuedSynchronizer.java:519)
        at java.base@21.0.6/java.util.concurrent.ForkJoinPool.unmanagedBlock(ForkJoinPool.java:3780)
        at java.base@21.0.6/java.util.concurrent.ForkJoinPool.managedBlock(ForkJoinPool.java:3725)
        at java.base@21.0.6/java.util.concurrent.locks.AbstractQueuedSynchronizer$ConditionObject.await(AbstractQueuedSynchronizer.java:1712)
        at app//org.apache.ratis.util.AwaitForSignal.await(AwaitForSignal.java:48)
        at app//org.apache.ratis.util.AwaitToRun$RunnableImpl.run(AwaitToRun.java:47)
        at java.base@21.0.6/java.lang.Thread.runWith(Thread.java:1596)
        at java.base@21.0.6/java.lang.Thread.run(Thread.java:1583)
"IPC Server handler 95 on default port 15001" daemon prio=5 tid=309 timed_waiting
java.lang.Thread.State: TIMED_WAITING
        at java.base@21.0.6/jdk.internal.misc.Unsafe.park(Native Method)
        at java.base@21.0.6/java.util.concurrent.locks.LockSupport.parkNanos(LockSupport.java:269)
        at java.base@21.0.6/java.util.concurrent.locks.AbstractQueuedSynchronizer$ConditionObject.awaitNanos(AbstractQueuedSynchronizer.java:1763)
        at java.base@21.0.6/java.util.concurrent.LinkedBlockingQueue.poll(LinkedBlockingQueue.java:460)
        at app//org.apache.hadoop.ipc.CallQueueManager.take(CallQueueManager.java:370)
        at app//org.apache.hadoop.ipc.Server$Handler.run(Server.java:3165)
"46d11c6d-db9b-44c9-8985-212dd9cf6636-ChunkReader-ELG-0" daemon prio=5 tid=1097 runnable
java.lang.Thread.State: RUNNABLE
        at app//org.apache.ratis.thirdparty.io.netty.channel.epoll.Native.epollWait(Native Method)
        at app//org.apache.ratis.thirdparty.io.netty.channel.epoll.Native.epollWait(Native.java:220)
        at app//org.apache.ratis.thirdparty.io.netty.channel.epoll.Native.epollWait(Native.java:213)
        at app//org.apache.ratis.thirdparty.io.netty.channel.epoll.EpollEventLoop.epollWaitNoTimerChange(EpollEventLoop.java:308)
        at app//org.apache.ratis.thirdparty.io.netty.channel.epoll.EpollEventLoop.run(EpollEventLoop.java:365)
        at app//org.apache.ratis.thirdparty.io.netty.util.concurrent.SingleThreadEventExecutor$4.run(SingleThreadEventExecutor.java:997)
        at app//org.apache.ratis.thirdparty.io.netty.util.internal.ThreadExecutorMap$2.run(ThreadExecutorMap.java:74)
        at java.base@21.0.6/java.lang.Thread.runWith(Thread.java:1596)
        at java.base@21.0.6/java.lang.Thread.run(Thread.java:1583)
"om1-DirectoryDeletingService#7" daemon prio=5 tid=476 in Object.wait()
java.lang.Thread.State: WAITING (on object monitor)
        at java.base@21.0.6/jdk.internal.misc.Unsafe.park(Native Method)
        at java.base@21.0.6/java.util.concurrent.locks.LockSupport.park(LockSupport.java:371)
        at java.base@21.0.6/java.util.concurrent.locks.AbstractQueuedSynchronizer$ConditionNode.block(AbstractQueuedSynchronizer.java:519)
        at java.base@21.0.6/java.util.concurrent.ForkJoinPool.unmanagedBlock(ForkJoinPool.java:3780)
        at java.base@21.0.6/java.util.concurrent.ForkJoinPool.managedBlock(ForkJoinPool.java:3725)
        at java.base@21.0.6/java.util.concurrent.locks.AbstractQueuedSynchronizer$ConditionObject.await(AbstractQueuedSynchronizer.java:1712)
        at java.base@21.0.6/java.util.concurrent.ScheduledThreadPoolExecutor$DelayedWorkQueue.take(ScheduledThreadPoolExecutor.java:1177)
        at java.base@21.0.6/java.util.concurrent.ScheduledThreadPoolExecutor$DelayedWorkQueue.take(ScheduledThreadPoolExecutor.java:899)
        at java.base@21.0.6/java.util.concurrent.ThreadPoolExecutor.getTask(ThreadPoolExecutor.java:1070)
        at java.base@21.0.6/java.util.concurrent.ThreadPoolExecutor.runWorker(ThreadPoolExecutor.java:1130)
        at java.base@21.0.6/java.util.concurrent.ThreadPoolExecutor$Worker.run(ThreadPoolExecutor.java:642)
        at java.base@21.0.6/java.lang.Thread.runWith(Thread.java:1596)
        at java.base@21.0.6/java.lang.Thread.run(Thread.java:1583)
"Socket Reader #10 for port 15093"  prio=5 tid=953 runnable
java.lang.Thread.State: RUNNABLE
        at java.base@21.0.6/sun.nio.ch.EPoll.wait(Native Method)
        at java.base@21.0.6/sun.nio.ch.EPollSelectorImpl.doSelect(EPollSelectorImpl.java:121)
        at java.base@21.0.6/sun.nio.ch.SelectorImpl.lockAndDoSelect(SelectorImpl.java:130)
        at java.base@21.0.6/sun.nio.ch.SelectorImpl.select(SelectorImpl.java:147)
        at app//org.apache.hadoop.ipc.Server$Listener$Reader.doRunLoop(Server.java:1497)
        at app//org.apache.hadoop.ipc.Server$Listener$Reader.run(Server.java:1476)
"IPC Server handler 5 on default port 15084" daemon prio=5 tid=1932 timed_waiting
java.lang.Thread.State: TIMED_WAITING
        at java.base@21.0.6/jdk.internal.misc.Unsafe.park(Native Method)
        at java.base@21.0.6/java.util.concurrent.locks.LockSupport.parkNanos(LockSupport.java:269)
        at java.base@21.0.6/java.util.concurrent.locks.AbstractQueuedSynchronizer$ConditionObject.awaitNanos(AbstractQueuedSynchronizer.java:1763)
        at java.base@21.0.6/java.util.concurrent.LinkedBlockingQueue.poll(LinkedBlockingQueue.java:460)
        at app//org.apache.hadoop.ipc.CallQueueManager.take(CallQueueManager.java:370)
        at app//org.apache.hadoop.ipc.Server$Handler.run(Server.java:3165)
"IPC Server handler 15 on default port 15001" daemon prio=5 tid=229 timed_waiting
java.lang.Thread.State: TIMED_WAITING
        at java.base@21.0.6/jdk.internal.misc.Unsafe.park(Native Method)
        at java.base@21.0.6/java.util.concurrent.locks.LockSupport.parkNanos(LockSupport.java:269)
        at java.base@21.0.6/java.util.concurrent.locks.AbstractQueuedSynchronizer$ConditionObject.awaitNanos(AbstractQueuedSynchronizer.java:1763)
        at java.base@21.0.6/java.util.concurrent.LinkedBlockingQueue.poll(LinkedBlockingQueue.java:460)
        at app//org.apache.hadoop.ipc.CallQueueManager.take(CallQueueManager.java:370)
        at app//org.apache.hadoop.ipc.Server$Handler.run(Server.java:3165)
"Socket Reader #3 for port 15002"  prio=5 tid=58 runnable
java.lang.Thread.State: RUNNABLE
        at java.base@21.0.6/sun.nio.ch.EPoll.wait(Native Method)
        at java.base@21.0.6/sun.nio.ch.EPollSelectorImpl.doSelect(EPollSelectorImpl.java:121)
        at java.base@21.0.6/sun.nio.ch.SelectorImpl.lockAndDoSelect(SelectorImpl.java:130)
        at java.base@21.0.6/sun.nio.ch.SelectorImpl.select(SelectorImpl.java:147)
        at app//org.apache.hadoop.ipc.Server$Listener$Reader.doRunLoop(Server.java:1497)
        at app//org.apache.hadoop.ipc.Server$Listener$Reader.run(Server.java:1476)
"pool-162-thread-1"  prio=5 tid=657 timed_waiting
java.lang.Thread.State: TIMED_WAITING
        at java.base@21.0.6/jdk.internal.misc.Unsafe.park(Native Method)
        at java.base@21.0.6/java.util.concurrent.locks.LockSupport.parkNanos(LockSupport.java:269)
        at java.base@21.0.6/java.util.concurrent.locks.AbstractQueuedSynchronizer$ConditionObject.awaitNanos(AbstractQueuedSynchronizer.java:1763)
        at java.base@21.0.6/java.util.concurrent.ScheduledThreadPoolExecutor$DelayedWorkQueue.take(ScheduledThreadPoolExecutor.java:1182)
        at java.base@21.0.6/java.util.concurrent.ScheduledThreadPoolExecutor$DelayedWorkQueue.take(ScheduledThreadPoolExecutor.java:899)
        at java.base@21.0.6/java.util.concurrent.ThreadPoolExecutor.getTask(ThreadPoolExecutor.java:1070)
        at java.base@21.0.6/java.util.concurrent.ThreadPoolExecutor.runWorker(ThreadPoolExecutor.java:1130)
        at java.base@21.0.6/java.util.concurrent.ThreadPoolExecutor$Worker.run(ThreadPoolExecutor.java:642)
        at java.base@21.0.6/java.lang.Thread.runWith(Thread.java:1596)
        at java.base@21.0.6/java.lang.Thread.run(Thread.java:1583)
"25fe7083-9332-4190-accf-9f4542114dd9-BlockDeletingService#1" daemon prio=5 tid=1961 timed_waiting
java.lang.Thread.State: TIMED_WAITING
        at java.base@21.0.6/jdk.internal.misc.Unsafe.park(Native Method)
        at java.base@21.0.6/java.util.concurrent.locks.LockSupport.parkNanos(LockSupport.java:269)
        at java.base@21.0.6/java.util.concurrent.locks.AbstractQueuedSynchronizer$ConditionObject.awaitNanos(AbstractQueuedSynchronizer.java:1763)
        at java.base@21.0.6/java.util.concurrent.ScheduledThreadPoolExecutor$DelayedWorkQueue.take(ScheduledThreadPoolExecutor.java:1182)
        at java.base@21.0.6/java.util.concurrent.ScheduledThreadPoolExecutor$DelayedWorkQueue.take(ScheduledThreadPoolExecutor.java:899)
        at java.base@21.0.6/java.util.concurrent.ThreadPoolExecutor.getTask(ThreadPoolExecutor.java:1070)
        at java.base@21.0.6/java.util.concurrent.ThreadPoolExecutor.runWorker(ThreadPoolExecutor.java:1130)
        at java.base@21.0.6/java.util.concurrent.ThreadPoolExecutor$Worker.run(ThreadPoolExecutor.java:642)
        at java.base@21.0.6/java.lang.Thread.runWith(Thread.java:1596)
        at java.base@21.0.6/java.lang.Thread.run(Thread.java:1583)
"IPC Server handler 10 on default port 15001" daemon prio=5 tid=224 timed_waiting
java.lang.Thread.State: TIMED_WAITING
        at java.base@21.0.6/jdk.internal.misc.Unsafe.park(Native Method)
        at java.base@21.0.6/java.util.concurrent.locks.LockSupport.parkNanos(LockSupport.java:269)
        at java.base@21.0.6/java.util.concurrent.locks.AbstractQueuedSynchronizer$ConditionObject.awaitNanos(AbstractQueuedSynchronizer.java:1763)
        at java.base@21.0.6/java.util.concurrent.LinkedBlockingQueue.poll(LinkedBlockingQueue.java:460)
        at app//org.apache.hadoop.ipc.CallQueueManager.take(CallQueueManager.java:370)
        at app//org.apache.hadoop.ipc.Server$Handler.run(Server.java:3165)
"IPC Server handler 3 on default port 15075" daemon prio=5 tid=868 timed_waiting
java.lang.Thread.State: TIMED_WAITING
        at java.base@21.0.6/jdk.internal.misc.Unsafe.park(Native Method)
        at java.base@21.0.6/java.util.concurrent.locks.LockSupport.parkNanos(LockSupport.java:269)
        at java.base@21.0.6/java.util.concurrent.locks.AbstractQueuedSynchronizer$ConditionObject.awaitNanos(AbstractQueuedSynchronizer.java:1763)
        at java.base@21.0.6/java.util.concurrent.LinkedBlockingQueue.poll(LinkedBlockingQueue.java:460)
        at app//org.apache.hadoop.ipc.CallQueueManager.take(CallQueueManager.java:370)
        at app//org.apache.hadoop.ipc.Server$Handler.run(Server.java:3165)
"IPC Server handler 82 on default port 15002" daemon prio=5 tid=414 timed_waiting
java.lang.Thread.State: TIMED_WAITING
        at java.base@21.0.6/jdk.internal.misc.Unsafe.park(Native Method)
        at java.base@21.0.6/java.util.concurrent.locks.LockSupport.parkNanos(LockSupport.java:269)
        at java.base@21.0.6/java.util.concurrent.locks.AbstractQueuedSynchronizer$ConditionObject.awaitNanos(AbstractQueuedSynchronizer.java:1763)
        at java.base@21.0.6/java.util.concurrent.LinkedBlockingQueue.poll(LinkedBlockingQueue.java:460)
        at app//org.apache.hadoop.ipc.CallQueueManager.take(CallQueueManager.java:370)
        at app//org.apache.hadoop.ipc.Server$Handler.run(Server.java:3165)
"IPC Server handler 39 on default port 15000" daemon prio=5 tid=153 timed_waiting
java.lang.Thread.State: TIMED_WAITING
        at java.base@21.0.6/jdk.internal.misc.Unsafe.park(Native Method)
        at java.base@21.0.6/java.util.concurrent.locks.LockSupport.parkNanos(LockSupport.java:269)
        at java.base@21.0.6/java.util.concurrent.locks.AbstractQueuedSynchronizer$ConditionObject.awaitNanos(AbstractQueuedSynchronizer.java:1763)
        at java.base@21.0.6/java.util.concurrent.LinkedBlockingQueue.poll(LinkedBlockingQueue.java:460)
        at app//org.apache.hadoop.ipc.CallQueueManager.take(CallQueueManager.java:370)
        at app//org.apache.hadoop.ipc.Server$Handler.run(Server.java:3165)
"2dcfdddc-a76f-4d49-b174-7a2bddacee37-server-thread3" daemon prio=5 tid=2392 timed_waiting
java.lang.Thread.State: TIMED_WAITING
        at java.base@21.0.6/jdk.internal.misc.Unsafe.park(Native Method)
        at java.base@21.0.6/java.util.concurrent.locks.LockSupport.parkNanos(LockSupport.java:410)
        at java.base@21.0.6/java.util.concurrent.LinkedTransferQueue$DualNode.await(LinkedTransferQueue.java:452)
        at java.base@21.0.6/java.util.concurrent.SynchronousQueue$Transferer.xferLifo(SynchronousQueue.java:194)
        at java.base@21.0.6/java.util.concurrent.SynchronousQueue.xfer(SynchronousQueue.java:235)
        at java.base@21.0.6/java.util.concurrent.SynchronousQueue.poll(SynchronousQueue.java:338)
        at java.base@21.0.6/java.util.concurrent.ThreadPoolExecutor.getTask(ThreadPoolExecutor.java:1069)
        at java.base@21.0.6/java.util.concurrent.ThreadPoolExecutor.runWorker(ThreadPoolExecutor.java:1130)
        at java.base@21.0.6/java.util.concurrent.ThreadPoolExecutor$Worker.run(ThreadPoolExecutor.java:642)
        at java.base@21.0.6/java.lang.Thread.runWith(Thread.java:1596)
        at java.base@21.0.6/java.lang.Thread.run(Thread.java:1583)
"Socket Reader #4 for port 15057"  prio=5 tid=763 runnable
java.lang.Thread.State: RUNNABLE
        at java.base@21.0.6/sun.nio.ch.EPoll.wait(Native Method)
        at java.base@21.0.6/sun.nio.ch.EPollSelectorImpl.doSelect(EPollSelectorImpl.java:121)
        at java.base@21.0.6/sun.nio.ch.SelectorImpl.lockAndDoSelect(SelectorImpl.java:130)
        at java.base@21.0.6/sun.nio.ch.SelectorImpl.select(SelectorImpl.java:147)
        at app//org.apache.hadoop.ipc.Server$Listener$Reader.doRunLoop(Server.java:1497)
        at app//org.apache.hadoop.ipc.Server$Listener$Reader.run(Server.java:1476)
"Socket Reader #7 for port 15048"  prio=5 tid=720 runnable
java.lang.Thread.State: RUNNABLE
        at java.base@21.0.6/sun.nio.ch.EPoll.wait(Native Method)
        at java.base@21.0.6/sun.nio.ch.EPollSelectorImpl.doSelect(EPollSelectorImpl.java:121)
        at java.base@21.0.6/sun.nio.ch.SelectorImpl.lockAndDoSelect(SelectorImpl.java:130)
        at java.base@21.0.6/sun.nio.ch.SelectorImpl.select(SelectorImpl.java:147)
        at app//org.apache.hadoop.ipc.Server$Listener$Reader.doRunLoop(Server.java:1497)
        at app//org.apache.hadoop.ipc.Server$Listener$Reader.run(Server.java:1476)
"Socket Reader #9 for port 15039"  prio=5 tid=676 runnable
java.lang.Thread.State: RUNNABLE
        at java.base@21.0.6/sun.nio.ch.EPoll.wait(Native Method)
        at java.base@21.0.6/sun.nio.ch.EPollSelectorImpl.doSelect(EPollSelectorImpl.java:121)
        at java.base@21.0.6/sun.nio.ch.SelectorImpl.lockAndDoSelect(SelectorImpl.java:130)
        at java.base@21.0.6/sun.nio.ch.SelectorImpl.select(SelectorImpl.java:147)
        at app//org.apache.hadoop.ipc.Server$Listener$Reader.doRunLoop(Server.java:1497)
        at app//org.apache.hadoop.ipc.Server$Listener$Reader.run(Server.java:1476)
"e20a886d-0459-4371-959f-f9bdb6931571-DatanodeReportManager-1" daemon prio=5 tid=877 in Object.wait()
java.lang.Thread.State: WAITING (on object monitor)
        at java.base@21.0.6/jdk.internal.misc.Unsafe.park(Native Method)
        at java.base@21.0.6/java.util.concurrent.locks.LockSupport.park(LockSupport.java:371)
        at java.base@21.0.6/java.util.concurrent.locks.AbstractQueuedSynchronizer$ConditionNode.block(AbstractQueuedSynchronizer.java:519)
        at java.base@21.0.6/java.util.concurrent.ForkJoinPool.unmanagedBlock(ForkJoinPool.java:3780)
        at java.base@21.0.6/java.util.concurrent.ForkJoinPool.managedBlock(ForkJoinPool.java:3725)
        at java.base@21.0.6/java.util.concurrent.locks.AbstractQueuedSynchronizer$ConditionObject.await(AbstractQueuedSynchronizer.java:1712)
        at java.base@21.0.6/java.util.concurrent.ScheduledThreadPoolExecutor$DelayedWorkQueue.take(ScheduledThreadPoolExecutor.java:1177)
        at java.base@21.0.6/java.util.concurrent.ScheduledThreadPoolExecutor$DelayedWorkQueue.take(ScheduledThreadPoolExecutor.java:899)
        at java.base@21.0.6/java.util.concurrent.ThreadPoolExecutor.getTask(ThreadPoolExecutor.java:1070)
        at java.base@21.0.6/java.util.concurrent.ThreadPoolExecutor.runWorker(ThreadPoolExecutor.java:1130)
        at java.base@21.0.6/java.util.concurrent.ThreadPoolExecutor$Worker.run(ThreadPoolExecutor.java:642)
        at java.base@21.0.6/java.lang.Thread.runWith(Thread.java:1596)
        at java.base@21.0.6/java.lang.Thread.run(Thread.java:1583)
"e20a886d-0459-4371-959f-f9bdb6931571-server-thread1" daemon prio=5 tid=2076 timed_waiting
java.lang.Thread.State: TIMED_WAITING
        at java.base@21.0.6/jdk.internal.misc.Unsafe.park(Native Method)
        at java.base@21.0.6/java.util.concurrent.locks.LockSupport.parkNanos(LockSupport.java:410)
        at java.base@21.0.6/java.util.concurrent.LinkedTransferQueue$DualNode.await(LinkedTransferQueue.java:452)
        at java.base@21.0.6/java.util.concurrent.SynchronousQueue$Transferer.xferLifo(SynchronousQueue.java:194)
        at java.base@21.0.6/java.util.concurrent.SynchronousQueue.xfer(SynchronousQueue.java:235)
        at java.base@21.0.6/java.util.concurrent.SynchronousQueue.poll(SynchronousQueue.java:338)
        at java.base@21.0.6/java.util.concurrent.ThreadPoolExecutor.getTask(ThreadPoolExecutor.java:1069)
        at java.base@21.0.6/java.util.concurrent.ThreadPoolExecutor.runWorker(ThreadPoolExecutor.java:1130)
        at java.base@21.0.6/java.util.concurrent.ThreadPoolExecutor$Worker.run(ThreadPoolExecutor.java:642)
        at java.base@21.0.6/java.lang.Thread.runWith(Thread.java:1596)
        at java.base@21.0.6/java.lang.Thread.run(Thread.java:1583)
"a13388fd-1835-4592-9b5c-4bd6c8202229-groupManagement"  prio=5 tid=46 in Object.wait()
java.lang.Thread.State: WAITING (on object monitor)
        at java.base@21.0.6/jdk.internal.misc.Unsafe.park(Native Method)
        at java.base@21.0.6/java.util.concurrent.locks.LockSupport.park(LockSupport.java:371)
        at java.base@21.0.6/java.util.concurrent.locks.AbstractQueuedSynchronizer$ConditionNode.block(AbstractQueuedSynchronizer.java:519)
        at java.base@21.0.6/java.util.concurrent.ForkJoinPool.unmanagedBlock(ForkJoinPool.java:3780)
        at java.base@21.0.6/java.util.concurrent.ForkJoinPool.managedBlock(ForkJoinPool.java:3725)
        at java.base@21.0.6/java.util.concurrent.locks.AbstractQueuedSynchronizer$ConditionObject.await(AbstractQueuedSynchronizer.java:1712)
        at java.base@21.0.6/java.util.concurrent.LinkedBlockingQueue.take(LinkedBlockingQueue.java:435)
        at java.base@21.0.6/java.util.concurrent.ThreadPoolExecutor.getTask(ThreadPoolExecutor.java:1070)
        at java.base@21.0.6/java.util.concurrent.ThreadPoolExecutor.runWorker(ThreadPoolExecutor.java:1130)
        at java.base@21.0.6/java.util.concurrent.ThreadPoolExecutor$Worker.run(ThreadPoolExecutor.java:642)
        at java.base@21.0.6/java.lang.Thread.runWith(Thread.java:1596)
        at java.base@21.0.6/java.lang.Thread.run(Thread.java:1583)
"IPC Server handler 41 on default port 15002" daemon prio=5 tid=373 timed_waiting
java.lang.Thread.State: TIMED_WAITING
        at java.base@21.0.6/jdk.internal.misc.Unsafe.park(Native Method)
        at java.base@21.0.6/java.util.concurrent.locks.LockSupport.parkNanos(LockSupport.java:269)
        at java.base@21.0.6/java.util.concurrent.locks.AbstractQueuedSynchronizer$ConditionObject.awaitNanos(AbstractQueuedSynchronizer.java:1763)
        at java.base@21.0.6/java.util.concurrent.LinkedBlockingQueue.poll(LinkedBlockingQueue.java:460)
        at app//org.apache.hadoop.ipc.CallQueueManager.take(CallQueueManager.java:370)
        at app//org.apache.hadoop.ipc.Server$Handler.run(Server.java:3165)
"IPC Server handler 96 on default port 15001" daemon prio=5 tid=310 timed_waiting
java.lang.Thread.State: TIMED_WAITING
        at java.base@21.0.6/jdk.internal.misc.Unsafe.park(Native Method)
        at java.base@21.0.6/java.util.concurrent.locks.LockSupport.parkNanos(LockSupport.java:269)
        at java.base@21.0.6/java.util.concurrent.locks.AbstractQueuedSynchronizer$ConditionObject.awaitNanos(AbstractQueuedSynchronizer.java:1763)
        at java.base@21.0.6/java.util.concurrent.LinkedBlockingQueue.poll(LinkedBlockingQueue.java:460)
        at app//org.apache.hadoop.ipc.CallQueueManager.take(CallQueueManager.java:370)
        at app//org.apache.hadoop.ipc.Server$Handler.run(Server.java:3165)
"qtp456552476-482" daemon prio=5 tid=482 runnable
java.lang.Thread.State: RUNNABLE
        at java.base@21.0.6/sun.nio.ch.EPoll.wait(Native Method)
        at java.base@21.0.6/sun.nio.ch.EPollSelectorImpl.doSelect(EPollSelectorImpl.java:121)
        at java.base@21.0.6/sun.nio.ch.SelectorImpl.lockAndDoSelect(SelectorImpl.java:130)
        at java.base@21.0.6/sun.nio.ch.SelectorImpl.select(SelectorImpl.java:147)
        at app//org.eclipse.jetty.io.ManagedSelector.nioSelect(ManagedSelector.java:183)
        at app//org.eclipse.jetty.io.ManagedSelector.select(ManagedSelector.java:190)
        at app//org.eclipse.jetty.io.ManagedSelector$SelectorProducer.select(ManagedSelector.java:606)
        at app//org.eclipse.jetty.io.ManagedSelector$SelectorProducer.produce(ManagedSelector.java:543)
        at app//org.eclipse.jetty.util.thread.strategy.EatWhatYouKill.produceTask(EatWhatYouKill.java:362)
        at app//org.eclipse.jetty.util.thread.strategy.EatWhatYouKill.doProduce(EatWhatYouKill.java:186)
        at app//org.eclipse.jetty.util.thread.strategy.EatWhatYouKill.tryProduce(EatWhatYouKill.java:173)
        at app//org.eclipse.jetty.util.thread.strategy.EatWhatYouKill.produce(EatWhatYouKill.java:137)
        at app//org.eclipse.jetty.io.ManagedSelector$$Lambda/0x00007f7e9c660000.run(Unknown Source)
        at app//org.eclipse.jetty.util.thread.QueuedThreadPool.runJob(QueuedThreadPool.java:883)
        at app//org.eclipse.jetty.util.thread.QueuedThreadPool$Runner.run(QueuedThreadPool.java:1034)
        at java.base@21.0.6/java.lang.Thread.runWith(Thread.java:1596)
        at java.base@21.0.6/java.lang.Thread.run(Thread.java:1583)
"e20a886d-0459-4371-959f-f9bdb6931571-ChunkWriter-0-0" daemon prio=5 tid=1110 in Object.wait()
java.lang.Thread.State: WAITING (on object monitor)
        at java.base@21.0.6/jdk.internal.misc.Unsafe.park(Native Method)
        at java.base@21.0.6/java.util.concurrent.locks.LockSupport.park(LockSupport.java:371)
        at java.base@21.0.6/java.util.concurrent.locks.AbstractQueuedSynchronizer$ConditionNode.block(AbstractQueuedSynchronizer.java:519)
        at java.base@21.0.6/java.util.concurrent.ForkJoinPool.unmanagedBlock(ForkJoinPool.java:3780)
        at java.base@21.0.6/java.util.concurrent.ForkJoinPool.managedBlock(ForkJoinPool.java:3725)
        at java.base@21.0.6/java.util.concurrent.locks.AbstractQueuedSynchronizer$ConditionObject.await(AbstractQueuedSynchronizer.java:1712)
        at java.base@21.0.6/java.util.concurrent.LinkedBlockingDeque.takeFirst(LinkedBlockingDeque.java:485)
        at java.base@21.0.6/java.util.concurrent.LinkedBlockingDeque.take(LinkedBlockingDeque.java:673)
        at java.base@21.0.6/java.util.concurrent.ThreadPoolExecutor.getTask(ThreadPoolExecutor.java:1070)
        at java.base@21.0.6/java.util.concurrent.ThreadPoolExecutor.runWorker(ThreadPoolExecutor.java:1130)
        at java.base@21.0.6/java.util.concurrent.ThreadPoolExecutor$Worker.run(ThreadPoolExecutor.java:642)
        at java.base@21.0.6/java.lang.Thread.runWith(Thread.java:1596)
        at java.base@21.0.6/java.lang.Thread.run(Thread.java:1583)
"IPC Server handler 56 on default port 15002" daemon prio=5 tid=388 timed_waiting
java.lang.Thread.State: TIMED_WAITING
        at java.base@21.0.6/jdk.internal.misc.Unsafe.park(Native Method)
        at java.base@21.0.6/java.util.concurrent.locks.LockSupport.parkNanos(LockSupport.java:269)
        at java.base@21.0.6/java.util.concurrent.locks.AbstractQueuedSynchronizer$ConditionObject.awaitNanos(AbstractQueuedSynchronizer.java:1763)
        at java.base@21.0.6/java.util.concurrent.LinkedBlockingQueue.poll(LinkedBlockingQueue.java:460)
        at app//org.apache.hadoop.ipc.CallQueueManager.take(CallQueueManager.java:370)
        at app//org.apache.hadoop.ipc.Server$Handler.run(Server.java:3165)
"qtp1705364626-664" daemon prio=5 tid=664 timed_waiting
java.lang.Thread.State: TIMED_WAITING
        at java.base@21.0.6/jdk.internal.misc.Unsafe.park(Native Method)
        at java.base@21.0.6/java.util.concurrent.locks.LockSupport.parkNanos(LockSupport.java:269)
        at java.base@21.0.6/java.util.concurrent.locks.AbstractQueuedSynchronizer$ConditionObject.awaitNanos(AbstractQueuedSynchronizer.java:1763)
        at app//org.eclipse.jetty.util.BlockingArrayQueue.poll(BlockingArrayQueue.java:382)
        at app//org.eclipse.jetty.util.thread.QueuedThreadPool$Runner.idleJobPoll(QueuedThreadPool.java:974)
        at app//org.eclipse.jetty.util.thread.QueuedThreadPool$Runner.run(QueuedThreadPool.java:1018)
        at java.base@21.0.6/java.lang.Thread.runWith(Thread.java:1596)
        at java.base@21.0.6/java.lang.Thread.run(Thread.java:1583)
"IPC Server handler 8 on default port 15048" daemon prio=5 tid=735 timed_waiting
java.lang.Thread.State: TIMED_WAITING
        at java.base@21.0.6/jdk.internal.misc.Unsafe.park(Native Method)
        at java.base@21.0.6/java.util.concurrent.locks.LockSupport.parkNanos(LockSupport.java:269)
        at java.base@21.0.6/java.util.concurrent.locks.AbstractQueuedSynchronizer$ConditionObject.awaitNanos(AbstractQueuedSynchronizer.java:1763)
        at java.base@21.0.6/java.util.concurrent.LinkedBlockingQueue.poll(LinkedBlockingQueue.java:460)
        at app//org.apache.hadoop.ipc.CallQueueManager.take(CallQueueManager.java:370)
        at app//org.apache.hadoop.ipc.Server$Handler.run(Server.java:3165)
"grpc-default-executor-2" daemon prio=5 tid=1363 timed_waiting
java.lang.Thread.State: TIMED_WAITING
        at java.base@21.0.6/jdk.internal.misc.Unsafe.park(Native Method)
        at java.base@21.0.6/java.util.concurrent.locks.LockSupport.parkNanos(LockSupport.java:410)
        at java.base@21.0.6/java.util.concurrent.LinkedTransferQueue$DualNode.await(LinkedTransferQueue.java:452)
        at java.base@21.0.6/java.util.concurrent.SynchronousQueue$Transferer.xferLifo(SynchronousQueue.java:194)
        at java.base@21.0.6/java.util.concurrent.SynchronousQueue.xfer(SynchronousQueue.java:235)
        at java.base@21.0.6/java.util.concurrent.SynchronousQueue.poll(SynchronousQueue.java:338)
        at java.base@21.0.6/java.util.concurrent.ThreadPoolExecutor.getTask(ThreadPoolExecutor.java:1069)
        at java.base@21.0.6/java.util.concurrent.ThreadPoolExecutor.runWorker(ThreadPoolExecutor.java:1130)
        at java.base@21.0.6/java.util.concurrent.ThreadPoolExecutor$Worker.run(ThreadPoolExecutor.java:642)
        at java.base@21.0.6/java.lang.Thread.runWith(Thread.java:1596)
        at java.base@21.0.6/java.lang.Thread.run(Thread.java:1583)
"null-request--thread1" daemon prio=5 tid=1540 timed_waiting
java.lang.Thread.State: TIMED_WAITING
        at java.base@21.0.6/jdk.internal.misc.Unsafe.park(Native Method)
        at java.base@21.0.6/java.util.concurrent.locks.LockSupport.parkNanos(LockSupport.java:269)
        at java.base@21.0.6/java.util.concurrent.locks.AbstractQueuedSynchronizer$ConditionObject.awaitNanos(AbstractQueuedSynchronizer.java:1763)
        at java.base@21.0.6/java.util.concurrent.LinkedBlockingQueue.poll(LinkedBlockingQueue.java:460)
        at java.base@21.0.6/java.util.concurrent.ThreadPoolExecutor.getTask(ThreadPoolExecutor.java:1069)
        at java.base@21.0.6/java.util.concurrent.ThreadPoolExecutor.runWorker(ThreadPoolExecutor.java:1130)
        at java.base@21.0.6/java.util.concurrent.ThreadPoolExecutor$Worker.run(ThreadPoolExecutor.java:642)
        at java.base@21.0.6/java.lang.Thread.runWith(Thread.java:1596)
        at java.base@21.0.6/java.lang.Thread.run(Thread.java:1583)
"IPC Server handler 72 on default port 15002" daemon prio=5 tid=404 timed_waiting
java.lang.Thread.State: TIMED_WAITING
        at java.base@21.0.6/jdk.internal.misc.Unsafe.park(Native Method)
        at java.base@21.0.6/java.util.concurrent.locks.LockSupport.parkNanos(LockSupport.java:269)
        at java.base@21.0.6/java.util.concurrent.locks.AbstractQueuedSynchronizer$ConditionObject.awaitNanos(AbstractQueuedSynchronizer.java:1763)
        at java.base@21.0.6/java.util.concurrent.LinkedBlockingQueue.poll(LinkedBlockingQueue.java:460)
        at app//org.apache.hadoop.ipc.CallQueueManager.take(CallQueueManager.java:370)
        at app//org.apache.hadoop.ipc.Server$Handler.run(Server.java:3165)
"Socket Reader #6 for port 15066"  prio=5 tid=811 runnable
java.lang.Thread.State: RUNNABLE
        at java.base@21.0.6/sun.nio.ch.EPoll.wait(Native Method)
        at java.base@21.0.6/sun.nio.ch.EPollSelectorImpl.doSelect(EPollSelectorImpl.java:121)
        at java.base@21.0.6/sun.nio.ch.SelectorImpl.lockAndDoSelect(SelectorImpl.java:130)
        at java.base@21.0.6/sun.nio.ch.SelectorImpl.select(SelectorImpl.java:147)
        at app//org.apache.hadoop.ipc.Server$Listener$Reader.doRunLoop(Server.java:1497)
        at app//org.apache.hadoop.ipc.Server$Listener$Reader.run(Server.java:1476)
"6b36f32d-918c-46a3-bfcb-888cb423c6dd-ChunkReader-ELG-0" daemon prio=5 tid=1007 runnable
java.lang.Thread.State: RUNNABLE
        at app//org.apache.ratis.thirdparty.io.netty.channel.epoll.Native.epollWait(Native Method)
        at app//org.apache.ratis.thirdparty.io.netty.channel.epoll.Native.epollWait(Native.java:220)
        at app//org.apache.ratis.thirdparty.io.netty.channel.epoll.Native.epollWait(Native.java:213)
        at app//org.apache.ratis.thirdparty.io.netty.channel.epoll.EpollEventLoop.epollWaitNoTimerChange(EpollEventLoop.java:308)
        at app//org.apache.ratis.thirdparty.io.netty.channel.epoll.EpollEventLoop.run(EpollEventLoop.java:365)
        at app//org.apache.ratis.thirdparty.io.netty.util.concurrent.SingleThreadEventExecutor$4.run(SingleThreadEventExecutor.java:997)
        at app//org.apache.ratis.thirdparty.io.netty.util.internal.ThreadExecutorMap$2.run(ThreadExecutorMap.java:74)
        at java.base@21.0.6/java.lang.Thread.runWith(Thread.java:1596)
        at java.base@21.0.6/java.lang.Thread.run(Thread.java:1583)
"timer1" daemon prio=5 tid=1368 timed_waiting
java.lang.Thread.State: TIMED_WAITING
        at java.base@21.0.6/java.lang.Object.wait0(Native Method)
        at java.base@21.0.6/java.lang.Object.wait(Object.java:366)
        at java.base@21.0.6/java.util.TimerThread.mainLoop(Timer.java:563)
        at java.base@21.0.6/java.util.TimerThread.run(Timer.java:516)
"2dcfdddc-a76f-4d49-b174-7a2bddacee37-CommandProcessorThread" daemon prio=5 tid=696 timed_waiting
java.lang.Thread.State: TIMED_WAITING
        at java.base@21.0.6/java.lang.Thread.sleep0(Native Method)
        at java.base@21.0.6/java.lang.Thread.sleep(Thread.java:509)
        at app//org.apache.hadoop.ozone.container.common.statemachine.DatanodeStateMachine.lambda$initCommandHandlerThread$4(DatanodeStateMachine.java:669)
        at app//org.apache.hadoop.ozone.container.common.statemachine.DatanodeStateMachine$$Lambda/0x00007f7e9c7d6b80.run(Unknown Source)
        at java.base@21.0.6/java.lang.Thread.runWith(Thread.java:1596)
        at java.base@21.0.6/java.lang.Thread.run(Thread.java:1583)
"IPC Server handler 97 on default port 15000" daemon prio=5 tid=211 timed_waiting
java.lang.Thread.State: TIMED_WAITING
        at java.base@21.0.6/jdk.internal.misc.Unsafe.park(Native Method)
        at java.base@21.0.6/java.util.concurrent.locks.LockSupport.parkNanos(LockSupport.java:269)
        at java.base@21.0.6/java.util.concurrent.locks.AbstractQueuedSynchronizer$ConditionObject.awaitNanos(AbstractQueuedSynchronizer.java:1763)
        at java.base@21.0.6/java.util.concurrent.LinkedBlockingQueue.poll(LinkedBlockingQueue.java:460)
        at app//org.apache.hadoop.ipc.CallQueueManager.take(CallQueueManager.java:370)
        at app//org.apache.hadoop.ipc.Server$Handler.run(Server.java:3165)
"IPC Server handler 2 on default port 15030" daemon prio=5 tid=637 timed_waiting
java.lang.Thread.State: TIMED_WAITING
        at java.base@21.0.6/jdk.internal.misc.Unsafe.park(Native Method)
        at java.base@21.0.6/java.util.concurrent.locks.LockSupport.parkNanos(LockSupport.java:269)
        at java.base@21.0.6/java.util.concurrent.locks.AbstractQueuedSynchronizer$ConditionObject.awaitNanos(AbstractQueuedSynchronizer.java:1763)
        at java.base@21.0.6/java.util.concurrent.LinkedBlockingQueue.poll(LinkedBlockingQueue.java:460)
        at app//org.apache.hadoop.ipc.CallQueueManager.take(CallQueueManager.java:370)
        at app//org.apache.hadoop.ipc.Server$Handler.run(Server.java:3165)
"Common-Cleaner" daemon prio=8 tid=17 timed_waiting
java.lang.Thread.State: TIMED_WAITING
        at java.base@21.0.6/jdk.internal.misc.Unsafe.park(Native Method)
        at java.base@21.0.6/java.util.concurrent.locks.LockSupport.parkNanos(LockSupport.java:269)
        at java.base@21.0.6/java.util.concurrent.locks.AbstractQueuedSynchronizer$ConditionObject.await(AbstractQueuedSynchronizer.java:1852)
        at java.base@21.0.6/java.lang.ref.ReferenceQueue.await(ReferenceQueue.java:71)
        at java.base@21.0.6/java.lang.ref.ReferenceQueue.remove0(ReferenceQueue.java:143)
        at java.base@21.0.6/java.lang.ref.ReferenceQueue.remove(ReferenceQueue.java:218)
        at java.base@21.0.6/jdk.internal.ref.CleanerImpl.run(CleanerImpl.java:140)
        at java.base@21.0.6/java.lang.Thread.runWith(Thread.java:1596)
        at java.base@21.0.6/java.lang.Thread.run(Thread.java:1583)
        at java.base@21.0.6/jdk.internal.misc.InnocuousThread.run(InnocuousThread.java:186)
"42086d8c-c943-47d6-a5f9-799709872375-PeriodicHDDSVolumeChecker" daemon prio=5 tid=1051 timed_waiting
java.lang.Thread.State: TIMED_WAITING
        at java.base@21.0.6/jdk.internal.misc.Unsafe.park(Native Method)
        at java.base@21.0.6/java.util.concurrent.locks.LockSupport.parkNanos(LockSupport.java:269)
        at java.base@21.0.6/java.util.concurrent.locks.AbstractQueuedSynchronizer$ConditionObject.awaitNanos(AbstractQueuedSynchronizer.java:1763)
        at java.base@21.0.6/java.util.concurrent.ScheduledThreadPoolExecutor$DelayedWorkQueue.take(ScheduledThreadPoolExecutor.java:1182)
        at java.base@21.0.6/java.util.concurrent.ScheduledThreadPoolExecutor$DelayedWorkQueue.take(ScheduledThreadPoolExecutor.java:899)
        at java.base@21.0.6/java.util.concurrent.ThreadPoolExecutor.getTask(ThreadPoolExecutor.java:1070)
        at java.base@21.0.6/java.util.concurrent.ThreadPoolExecutor.runWorker(ThreadPoolExecutor.java:1130)
        at java.base@21.0.6/java.util.concurrent.ThreadPoolExecutor$Worker.run(ThreadPoolExecutor.java:642)
        at java.base@21.0.6/java.lang.Thread.runWith(Thread.java:1596)
        at java.base@21.0.6/java.lang.Thread.run(Thread.java:1583)
"qtp538370932-1911" daemon prio=5 tid=1911 timed_waiting
java.lang.Thread.State: TIMED_WAITING
        at java.base@21.0.6/jdk.internal.misc.Unsafe.park(Native Method)
        at java.base@21.0.6/java.util.concurrent.locks.LockSupport.parkNanos(LockSupport.java:269)
        at java.base@21.0.6/java.util.concurrent.locks.AbstractQueuedSynchronizer$ConditionObject.awaitNanos(AbstractQueuedSynchronizer.java:1763)
        at app//org.eclipse.jetty.util.BlockingArrayQueue.poll(BlockingArrayQueue.java:382)
        at app//org.eclipse.jetty.util.thread.QueuedThreadPool$Runner.idleJobPoll(QueuedThreadPool.java:974)
        at app//org.eclipse.jetty.util.thread.QueuedThreadPool$Runner.run(QueuedThreadPool.java:1018)
        at java.base@21.0.6/java.lang.Thread.runWith(Thread.java:1596)
        at java.base@21.0.6/java.lang.Thread.run(Thread.java:1583)
"IPC Server handler 0 on default port 15084" daemon prio=5 tid=1927 timed_waiting
java.lang.Thread.State: TIMED_WAITING
        at java.base@21.0.6/jdk.internal.misc.Unsafe.park(Native Method)
        at java.base@21.0.6/java.util.concurrent.locks.LockSupport.parkNanos(LockSupport.java:269)
        at java.base@21.0.6/java.util.concurrent.locks.AbstractQueuedSynchronizer$ConditionObject.awaitNanos(AbstractQueuedSynchronizer.java:1763)
        at java.base@21.0.6/java.util.concurrent.LinkedBlockingQueue.poll(LinkedBlockingQueue.java:460)
        at app//org.apache.hadoop.ipc.CallQueueManager.take(CallQueueManager.java:370)
        at app//org.apache.hadoop.ipc.Server$Handler.run(Server.java:3165)
"46d11c6d-db9b-44c9-8985-212dd9cf6636-server-thread1" daemon prio=5 tid=2094 timed_waiting
java.lang.Thread.State: TIMED_WAITING
        at java.base@21.0.6/jdk.internal.misc.Unsafe.park(Native Method)
        at java.base@21.0.6/java.util.concurrent.locks.LockSupport.parkNanos(LockSupport.java:410)
        at java.base@21.0.6/java.util.concurrent.LinkedTransferQueue$DualNode.await(LinkedTransferQueue.java:452)
        at java.base@21.0.6/java.util.concurrent.SynchronousQueue$Transferer.xferLifo(SynchronousQueue.java:194)
        at java.base@21.0.6/java.util.concurrent.SynchronousQueue.xfer(SynchronousQueue.java:235)
        at java.base@21.0.6/java.util.concurrent.SynchronousQueue.poll(SynchronousQueue.java:338)
        at java.base@21.0.6/java.util.concurrent.ThreadPoolExecutor.getTask(ThreadPoolExecutor.java:1069)
        at java.base@21.0.6/java.util.concurrent.ThreadPoolExecutor.runWorker(ThreadPoolExecutor.java:1130)
        at java.base@21.0.6/java.util.concurrent.ThreadPoolExecutor$Worker.run(ThreadPoolExecutor.java:642)
        at java.base@21.0.6/java.lang.Thread.runWith(Thread.java:1596)
        at java.base@21.0.6/java.lang.Thread.run(Thread.java:1583)
"49dd84ae-7ec9-4d92-bc53-345946144fea-DatanodeReportManager-3" daemon prio=5 tid=2289 timed_waiting
java.lang.Thread.State: TIMED_WAITING
        at java.base@21.0.6/jdk.internal.misc.Unsafe.park(Native Method)
        at java.base@21.0.6/java.util.concurrent.locks.LockSupport.parkNanos(LockSupport.java:269)
        at java.base@21.0.6/java.util.concurrent.locks.AbstractQueuedSynchronizer$ConditionObject.awaitNanos(AbstractQueuedSynchronizer.java:1763)
        at java.base@21.0.6/java.util.concurrent.ScheduledThreadPoolExecutor$DelayedWorkQueue.take(ScheduledThreadPoolExecutor.java:1182)
        at java.base@21.0.6/java.util.concurrent.ScheduledThreadPoolExecutor$DelayedWorkQueue.take(ScheduledThreadPoolExecutor.java:899)
        at java.base@21.0.6/java.util.concurrent.ThreadPoolExecutor.getTask(ThreadPoolExecutor.java:1070)
        at java.base@21.0.6/java.util.concurrent.ThreadPoolExecutor.runWorker(ThreadPoolExecutor.java:1130)
        at java.base@21.0.6/java.util.concurrent.ThreadPoolExecutor$Worker.run(ThreadPoolExecutor.java:642)
        at java.base@21.0.6/java.lang.Thread.runWith(Thread.java:1596)
        at java.base@21.0.6/java.lang.Thread.run(Thread.java:1583)
"Socket Reader #6 for port 15048"  prio=5 tid=719 runnable
java.lang.Thread.State: RUNNABLE
        at java.base@21.0.6/sun.nio.ch.EPoll.wait(Native Method)
        at java.base@21.0.6/sun.nio.ch.EPollSelectorImpl.doSelect(EPollSelectorImpl.java:121)
        at java.base@21.0.6/sun.nio.ch.SelectorImpl.lockAndDoSelect(SelectorImpl.java:130)
        at java.base@21.0.6/sun.nio.ch.SelectorImpl.select(SelectorImpl.java:147)
        at app//org.apache.hadoop.ipc.Server$Listener$Reader.doRunLoop(Server.java:1497)
        at app//org.apache.hadoop.ipc.Server$Listener$Reader.run(Server.java:1476)
"IPC Server handler 38 on default port 15001" daemon prio=5 tid=252 timed_waiting
java.lang.Thread.State: TIMED_WAITING
        at java.base@21.0.6/jdk.internal.misc.Unsafe.park(Native Method)
        at java.base@21.0.6/java.util.concurrent.locks.LockSupport.parkNanos(LockSupport.java:269)
        at java.base@21.0.6/java.util.concurrent.locks.AbstractQueuedSynchronizer$ConditionObject.awaitNanos(AbstractQueuedSynchronizer.java:1763)
        at java.base@21.0.6/java.util.concurrent.LinkedBlockingQueue.poll(LinkedBlockingQueue.java:460)
        at app//org.apache.hadoop.ipc.CallQueueManager.take(CallQueueManager.java:370)
        at app//org.apache.hadoop.ipc.Server$Handler.run(Server.java:3165)
"JvmPauseMonitor2" daemon prio=5 tid=461 timed_waiting
java.lang.Thread.State: TIMED_WAITING
        at java.base@21.0.6/java.lang.Thread.sleep0(Native Method)
        at java.base@21.0.6/java.lang.Thread.sleep(Thread.java:558)
        at java.base@21.0.6/java.util.concurrent.TimeUnit.sleep(TimeUnit.java:446)
        at app//org.apache.ratis.util.TimeDuration.sleep(TimeDuration.java:353)
        at app//org.apache.ratis.util.TimeDuration.sleep(TimeDuration.java:338)
        at app//org.apache.ratis.util.JvmPauseMonitor.detectPause(JvmPauseMonitor.java:160)
        at app//org.apache.ratis.util.JvmPauseMonitor.run(JvmPauseMonitor.java:149)
        at app//org.apache.ratis.util.JvmPauseMonitor$$Lambda/0x00007f7e9c38d5c8.run(Unknown Source)
        at java.base@21.0.6/java.lang.Thread.runWith(Thread.java:1596)
        at java.base@21.0.6/java.lang.Thread.run(Thread.java:1583)
"eb965ba7-12a8-46f3-92c0-bc6ff5b3bf3b-server-thread2" daemon prio=5 tid=2411 timed_waiting
java.lang.Thread.State: TIMED_WAITING
        at java.base@21.0.6/jdk.internal.misc.Unsafe.park(Native Method)
        at java.base@21.0.6/java.util.concurrent.locks.LockSupport.parkNanos(LockSupport.java:410)
        at java.base@21.0.6/java.util.concurrent.LinkedTransferQueue$DualNode.await(LinkedTransferQueue.java:452)
        at java.base@21.0.6/java.util.concurrent.SynchronousQueue$Transferer.xferLifo(SynchronousQueue.java:194)
        at java.base@21.0.6/java.util.concurrent.SynchronousQueue.xfer(SynchronousQueue.java:235)
        at java.base@21.0.6/java.util.concurrent.SynchronousQueue.poll(SynchronousQueue.java:338)
        at java.base@21.0.6/java.util.concurrent.ThreadPoolExecutor.getTask(ThreadPoolExecutor.java:1069)
        at java.base@21.0.6/java.util.concurrent.ThreadPoolExecutor.runWorker(ThreadPoolExecutor.java:1130)
        at java.base@21.0.6/java.util.concurrent.ThreadPoolExecutor$Worker.run(ThreadPoolExecutor.java:642)
        at java.base@21.0.6/java.lang.Thread.runWith(Thread.java:1596)
        at java.base@21.0.6/java.lang.Thread.run(Thread.java:1583)
"Socket Reader #10 for port 15000"  prio=5 tid=93 runnable
java.lang.Thread.State: RUNNABLE
        at java.base@21.0.6/sun.nio.ch.EPoll.wait(Native Method)
        at java.base@21.0.6/sun.nio.ch.EPollSelectorImpl.doSelect(EPollSelectorImpl.java:121)
        at java.base@21.0.6/sun.nio.ch.SelectorImpl.lockAndDoSelect(SelectorImpl.java:130)
        at java.base@21.0.6/sun.nio.ch.SelectorImpl.select(SelectorImpl.java:147)
        at app//org.apache.hadoop.ipc.Server$Listener$Reader.doRunLoop(Server.java:1497)
        at app//org.apache.hadoop.ipc.Server$Listener$Reader.run(Server.java:1476)
"46d11c6d-db9b-44c9-8985-212dd9cf6636@group-CA8E8F8CF78E-SegmentedRaftLogWorker"  prio=5 tid=1991 timed_waiting
java.lang.Thread.State: TIMED_WAITING
        at java.base@21.0.6/jdk.internal.misc.Unsafe.park(Native Method)
        at java.base@21.0.6/java.util.concurrent.locks.LockSupport.parkNanos(LockSupport.java:269)
        at java.base@21.0.6/java.util.concurrent.locks.AbstractQueuedSynchronizer$ConditionObject.awaitNanos(AbstractQueuedSynchronizer.java:1763)
        at app//org.apache.ratis.util.DataBlockingQueue.poll(DataBlockingQueue.java:148)
        at app//org.apache.ratis.server.raftlog.segmented.SegmentedRaftLogWorker.run(SegmentedRaftLogWorker.java:307)
        at app//org.apache.ratis.server.raftlog.segmented.SegmentedRaftLogWorker$$Lambda/0x00007f7e9c334fd8.run(Unknown Source)
        at java.base@21.0.6/java.util.concurrent.Executors$RunnableAdapter.call(Executors.java:572)
        at java.base@21.0.6/java.util.concurrent.FutureTask.run(FutureTask.java:317)
        at java.base@21.0.6/java.util.concurrent.ThreadPoolExecutor.runWorker(ThreadPoolExecutor.java:1144)
        at java.base@21.0.6/java.util.concurrent.ThreadPoolExecutor$Worker.run(ThreadPoolExecutor.java:642)
        at java.base@21.0.6/java.lang.Thread.runWith(Thread.java:1596)
        at java.base@21.0.6/java.lang.Thread.run(Thread.java:1583)
"IPC Server handler 9 on default port 15084" daemon prio=5 tid=1936 timed_waiting
java.lang.Thread.State: TIMED_WAITING
        at java.base@21.0.6/jdk.internal.misc.Unsafe.park(Native Method)
        at java.base@21.0.6/java.util.concurrent.locks.LockSupport.parkNanos(LockSupport.java:269)
        at java.base@21.0.6/java.util.concurrent.locks.AbstractQueuedSynchronizer$ConditionObject.awaitNanos(AbstractQueuedSynchronizer.java:1763)
        at java.base@21.0.6/java.util.concurrent.LinkedBlockingQueue.poll(LinkedBlockingQueue.java:460)
        at app//org.apache.hadoop.ipc.CallQueueManager.take(CallQueueManager.java:370)
        at app//org.apache.hadoop.ipc.Server$Handler.run(Server.java:3165)
"42086d8c-c943-47d6-a5f9-799709872375-ChunkReader-8" daemon prio=5 tid=2168 in Object.wait()
java.lang.Thread.State: WAITING (on object monitor)
        at java.base@21.0.6/jdk.internal.misc.Unsafe.park(Native Method)
        at java.base@21.0.6/java.util.concurrent.locks.LockSupport.park(LockSupport.java:371)
        at java.base@21.0.6/java.util.concurrent.locks.AbstractQueuedSynchronizer$ConditionNode.block(AbstractQueuedSynchronizer.java:519)
        at java.base@21.0.6/java.util.concurrent.ForkJoinPool.unmanagedBlock(ForkJoinPool.java:3780)
        at java.base@21.0.6/java.util.concurrent.ForkJoinPool.managedBlock(ForkJoinPool.java:3725)
        at java.base@21.0.6/java.util.concurrent.locks.AbstractQueuedSynchronizer$ConditionObject.await(AbstractQueuedSynchronizer.java:1712)
        at java.base@21.0.6/java.util.concurrent.LinkedBlockingQueue.take(LinkedBlockingQueue.java:435)
        at java.base@21.0.6/java.util.concurrent.ThreadPoolExecutor.getTask(ThreadPoolExecutor.java:1070)
        at java.base@21.0.6/java.util.concurrent.ThreadPoolExecutor.runWorker(ThreadPoolExecutor.java:1130)
        at java.base@21.0.6/java.util.concurrent.ThreadPoolExecutor$Worker.run(ThreadPoolExecutor.java:642)
        at java.base@21.0.6/java.lang.Thread.runWith(Thread.java:1596)
        at java.base@21.0.6/java.lang.Thread.run(Thread.java:1583)
"om1-DirectoryDeletingService#5" daemon prio=5 tid=474 in Object.wait()
java.lang.Thread.State: WAITING (on object monitor)
        at java.base@21.0.6/jdk.internal.misc.Unsafe.park(Native Method)
        at java.base@21.0.6/java.util.concurrent.locks.LockSupport.park(LockSupport.java:371)
        at java.base@21.0.6/java.util.concurrent.locks.AbstractQueuedSynchronizer$ConditionNode.block(AbstractQueuedSynchronizer.java:519)
        at java.base@21.0.6/java.util.concurrent.ForkJoinPool.unmanagedBlock(ForkJoinPool.java:3780)
        at java.base@21.0.6/java.util.concurrent.ForkJoinPool.managedBlock(ForkJoinPool.java:3725)
        at java.base@21.0.6/java.util.concurrent.locks.AbstractQueuedSynchronizer$ConditionObject.await(AbstractQueuedSynchronizer.java:1712)
        at java.base@21.0.6/java.util.concurrent.ScheduledThreadPoolExecutor$DelayedWorkQueue.take(ScheduledThreadPoolExecutor.java:1177)
        at java.base@21.0.6/java.util.concurrent.ScheduledThreadPoolExecutor$DelayedWorkQueue.take(ScheduledThreadPoolExecutor.java:899)
        at java.base@21.0.6/java.util.concurrent.ThreadPoolExecutor.getTask(ThreadPoolExecutor.java:1070)
        at java.base@21.0.6/java.util.concurrent.ThreadPoolExecutor.runWorker(ThreadPoolExecutor.java:1130)
        at java.base@21.0.6/java.util.concurrent.ThreadPoolExecutor$Worker.run(ThreadPoolExecutor.java:642)
        at java.base@21.0.6/java.lang.Thread.runWith(Thread.java:1596)
        at java.base@21.0.6/java.lang.Thread.run(Thread.java:1583)
"Hadoop-Metrics-Updater-0" daemon prio=5 tid=68 timed_waiting
java.lang.Thread.State: TIMED_WAITING
        at java.base@21.0.6/jdk.internal.misc.Unsafe.park(Native Method)
        at java.base@21.0.6/java.util.concurrent.locks.LockSupport.parkNanos(LockSupport.java:269)
        at java.base@21.0.6/java.util.concurrent.locks.AbstractQueuedSynchronizer$ConditionObject.awaitNanos(AbstractQueuedSynchronizer.java:1763)
        at java.base@21.0.6/java.util.concurrent.ScheduledThreadPoolExecutor$DelayedWorkQueue.take(ScheduledThreadPoolExecutor.java:1182)
        at java.base@21.0.6/java.util.concurrent.ScheduledThreadPoolExecutor$DelayedWorkQueue.take(ScheduledThreadPoolExecutor.java:899)
        at java.base@21.0.6/java.util.concurrent.ThreadPoolExecutor.getTask(ThreadPoolExecutor.java:1070)
        at java.base@21.0.6/java.util.concurrent.ThreadPoolExecutor.runWorker(ThreadPoolExecutor.java:1130)
        at java.base@21.0.6/java.util.concurrent.ThreadPoolExecutor$Worker.run(ThreadPoolExecutor.java:642)
        at java.base@21.0.6/java.lang.Thread.runWith(Thread.java:1596)
        at java.base@21.0.6/java.lang.Thread.run(Thread.java:1583)
"42086d8c-c943-47d6-a5f9-799709872375-DatanodeReportManager-1" daemon prio=5 tid=739 in Object.wait()
java.lang.Thread.State: WAITING (on object monitor)
        at java.base@21.0.6/jdk.internal.misc.Unsafe.park(Native Method)
        at java.base@21.0.6/java.util.concurrent.locks.LockSupport.park(LockSupport.java:371)
        at java.base@21.0.6/java.util.concurrent.locks.AbstractQueuedSynchronizer$ConditionNode.block(AbstractQueuedSynchronizer.java:519)
        at java.base@21.0.6/java.util.concurrent.ForkJoinPool.unmanagedBlock(ForkJoinPool.java:3780)
        at java.base@21.0.6/java.util.concurrent.ForkJoinPool.managedBlock(ForkJoinPool.java:3725)
        at java.base@21.0.6/java.util.concurrent.locks.AbstractQueuedSynchronizer$ConditionObject.await(AbstractQueuedSynchronizer.java:1712)
        at java.base@21.0.6/java.util.concurrent.ScheduledThreadPoolExecutor$DelayedWorkQueue.take(ScheduledThreadPoolExecutor.java:1177)
        at java.base@21.0.6/java.util.concurrent.ScheduledThreadPoolExecutor$DelayedWorkQueue.take(ScheduledThreadPoolExecutor.java:899)
        at java.base@21.0.6/java.util.concurrent.ThreadPoolExecutor.getTask(ThreadPoolExecutor.java:1070)
        at java.base@21.0.6/java.util.concurrent.ThreadPoolExecutor.runWorker(ThreadPoolExecutor.java:1130)
        at java.base@21.0.6/java.util.concurrent.ThreadPoolExecutor$Worker.run(ThreadPoolExecutor.java:642)
        at java.base@21.0.6/java.lang.Thread.runWith(Thread.java:1596)
        at java.base@21.0.6/java.lang.Thread.run(Thread.java:1583)
"ContainerDataScanner(/home/runner/work/ozone/ozone/hadoop-ozone/integration-test/target/test-dir/MiniOzoneClusterImpl-3e129c02-f7f1-4d32-bd92-d681932e2c0d/ozone-meta/datanode-7/data-0/hdds)" daemon prio=5 tid=1091 timed_waiting
java.lang.Thread.State: TIMED_WAITING
        at java.base@21.0.6/java.lang.Thread.sleep0(Native Method)
        at java.base@21.0.6/java.lang.Thread.sleep(Thread.java:509)
        at app//org.apache.hadoop.ozone.container.ozoneimpl.AbstractBackgroundContainerScanner.handleRemainingSleep(AbstractBackgroundContainerScanner.java:128)
        at app//org.apache.hadoop.ozone.container.ozoneimpl.AbstractBackgroundContainerScanner.runIteration(AbstractBackgroundContainerScanner.java:95)
        at app//org.apache.hadoop.ozone.container.ozoneimpl.AbstractBackgroundContainerScanner.run(AbstractBackgroundContainerScanner.java:54)
"Socket Reader #1 for port 15012"  prio=5 tid=2262 runnable
java.lang.Thread.State: RUNNABLE
        at java.base@21.0.6/sun.nio.ch.EPoll.wait(Native Method)
        at java.base@21.0.6/sun.nio.ch.EPollSelectorImpl.doSelect(EPollSelectorImpl.java:121)
        at java.base@21.0.6/sun.nio.ch.SelectorImpl.lockAndDoSelect(SelectorImpl.java:130)
        at java.base@21.0.6/sun.nio.ch.SelectorImpl.select(SelectorImpl.java:147)
        at app//org.apache.hadoop.ipc.Server$Listener$Reader.doRunLoop(Server.java:1497)
        at app//org.apache.hadoop.ipc.Server$Listener$Reader.run(Server.java:1476)
"IPC Server handler 68 on default port 15001" daemon prio=5 tid=282 timed_waiting
java.lang.Thread.State: TIMED_WAITING
        at java.base@21.0.6/jdk.internal.misc.Unsafe.park(Native Method)
        at java.base@21.0.6/java.util.concurrent.locks.LockSupport.parkNanos(LockSupport.java:269)
        at java.base@21.0.6/java.util.concurrent.locks.AbstractQueuedSynchronizer$ConditionObject.awaitNanos(AbstractQueuedSynchronizer.java:1763)
        at java.base@21.0.6/java.util.concurrent.LinkedBlockingQueue.poll(LinkedBlockingQueue.java:460)
        at app//org.apache.hadoop.ipc.CallQueueManager.take(CallQueueManager.java:370)
        at app//org.apache.hadoop.ipc.Server$Handler.run(Server.java:3165)
"2fdf8a61-8d2a-4048-aa8e-d82d5837d34a@group-A68B45278972-FollowerState" daemon prio=5 tid=1411 timed_waiting
java.lang.Thread.State: TIMED_WAITING
        at java.base@21.0.6/java.lang.Thread.sleep0(Native Method)
        at java.base@21.0.6/java.lang.Thread.sleep(Thread.java:558)
        at java.base@21.0.6/java.util.concurrent.TimeUnit.sleep(TimeUnit.java:446)
        at app//org.apache.ratis.util.TimeDuration.sleep(TimeDuration.java:353)
        at app//org.apache.ratis.util.TimeDuration.sleep(TimeDuration.java:338)
        at app//org.apache.ratis.server.impl.FollowerState.runImpl(FollowerState.java:149)
        at app//org.apache.ratis.server.impl.FollowerState.run(FollowerState.java:130)
"ccfadb7c-9180-4c4b-b969-671c642a7bd3-RocksDBCompactionThread-0"  prio=5 tid=929 timed_waiting
java.lang.Thread.State: TIMED_WAITING
        at java.base@21.0.6/jdk.internal.misc.Unsafe.park(Native Method)
        at java.base@21.0.6/java.util.concurrent.locks.LockSupport.parkNanos(LockSupport.java:269)
        at java.base@21.0.6/java.util.concurrent.locks.AbstractQueuedSynchronizer$ConditionObject.awaitNanos(AbstractQueuedSynchronizer.java:1763)
        at java.base@21.0.6/java.util.concurrent.ScheduledThreadPoolExecutor$DelayedWorkQueue.take(ScheduledThreadPoolExecutor.java:1182)
        at java.base@21.0.6/java.util.concurrent.ScheduledThreadPoolExecutor$DelayedWorkQueue.take(ScheduledThreadPoolExecutor.java:899)
        at java.base@21.0.6/java.util.concurrent.ThreadPoolExecutor.getTask(ThreadPoolExecutor.java:1070)
        at java.base@21.0.6/java.util.concurrent.ThreadPoolExecutor.runWorker(ThreadPoolExecutor.java:1130)
        at java.base@21.0.6/java.util.concurrent.ThreadPoolExecutor$Worker.run(ThreadPoolExecutor.java:642)
        at java.base@21.0.6/java.lang.Thread.runWith(Thread.java:1596)
        at java.base@21.0.6/java.lang.Thread.run(Thread.java:1583)
"eb965ba7-12a8-46f3-92c0-bc6ff5b3bf3b-NettyServerStreamRpc-bossGroup--thread1"  prio=5 tid=606 runnable
java.lang.Thread.State: RUNNABLE
        at app//org.apache.ratis.thirdparty.io.netty.channel.epoll.Native.epollWait(Native Method)
        at app//org.apache.ratis.thirdparty.io.netty.channel.epoll.Native.epollWait(Native.java:220)
        at app//org.apache.ratis.thirdparty.io.netty.channel.epoll.Native.epollWait(Native.java:213)
        at app//org.apache.ratis.thirdparty.io.netty.channel.epoll.EpollEventLoop.epollWaitNoTimerChange(EpollEventLoop.java:308)
        at app//org.apache.ratis.thirdparty.io.netty.channel.epoll.EpollEventLoop.run(EpollEventLoop.java:365)
        at app//org.apache.ratis.thirdparty.io.netty.util.concurrent.SingleThreadEventExecutor$4.run(SingleThreadEventExecutor.java:997)
        at app//org.apache.ratis.thirdparty.io.netty.util.internal.ThreadExecutorMap$2.run(ThreadExecutorMap.java:74)
        at java.base@21.0.6/java.lang.Thread.runWith(Thread.java:1596)
        at java.base@21.0.6/java.lang.Thread.run(Thread.java:1583)
"EventQueue-ContainerRegistrationReportForContainerSafeModeRule" daemon prio=5 tid=1143 in Object.wait()
java.lang.Thread.State: WAITING (on object monitor)
        at java.base@21.0.6/jdk.internal.misc.Unsafe.park(Native Method)
        at java.base@21.0.6/java.util.concurrent.locks.LockSupport.park(LockSupport.java:371)
        at java.base@21.0.6/java.util.concurrent.locks.AbstractQueuedSynchronizer$ConditionNode.block(AbstractQueuedSynchronizer.java:519)
        at java.base@21.0.6/java.util.concurrent.ForkJoinPool.unmanagedBlock(ForkJoinPool.java:3780)
        at java.base@21.0.6/java.util.concurrent.ForkJoinPool.managedBlock(ForkJoinPool.java:3725)
        at java.base@21.0.6/java.util.concurrent.locks.AbstractQueuedSynchronizer$ConditionObject.await(AbstractQueuedSynchronizer.java:1712)
        at java.base@21.0.6/java.util.concurrent.LinkedBlockingQueue.take(LinkedBlockingQueue.java:435)
        at java.base@21.0.6/java.util.concurrent.ThreadPoolExecutor.getTask(ThreadPoolExecutor.java:1070)
        at java.base@21.0.6/java.util.concurrent.ThreadPoolExecutor.runWorker(ThreadPoolExecutor.java:1130)
        at java.base@21.0.6/java.util.concurrent.ThreadPoolExecutor$Worker.run(ThreadPoolExecutor.java:642)
        at java.base@21.0.6/java.lang.Thread.runWith(Thread.java:1596)
        at java.base@21.0.6/java.lang.Thread.run(Thread.java:1583)
"Socket Reader #1 for port 15001"  prio=5 tid=70 runnable
java.lang.Thread.State: RUNNABLE
        at java.base@21.0.6/sun.nio.ch.EPoll.wait(Native Method)
        at java.base@21.0.6/sun.nio.ch.EPollSelectorImpl.doSelect(EPollSelectorImpl.java:121)
        at java.base@21.0.6/sun.nio.ch.SelectorImpl.lockAndDoSelect(SelectorImpl.java:130)
        at java.base@21.0.6/sun.nio.ch.SelectorImpl.select(SelectorImpl.java:147)
        at app//org.apache.hadoop.ipc.Server$Listener$Reader.doRunLoop(Server.java:1497)
        at app//org.apache.hadoop.ipc.Server$Listener$Reader.run(Server.java:1476)
"ccfadb7c-9180-4c4b-b969-671c642a7bd3-ChunkWriter-3-0" daemon prio=5 tid=1155 in Object.wait()
java.lang.Thread.State: WAITING (on object monitor)
        at java.base@21.0.6/jdk.internal.misc.Unsafe.park(Native Method)
        at java.base@21.0.6/java.util.concurrent.locks.LockSupport.park(LockSupport.java:371)
        at java.base@21.0.6/java.util.concurrent.locks.AbstractQueuedSynchronizer$ConditionNode.block(AbstractQueuedSynchronizer.java:519)
        at java.base@21.0.6/java.util.concurrent.ForkJoinPool.unmanagedBlock(ForkJoinPool.java:3780)
        at java.base@21.0.6/java.util.concurrent.ForkJoinPool.managedBlock(ForkJoinPool.java:3725)
        at java.base@21.0.6/java.util.concurrent.locks.AbstractQueuedSynchronizer$ConditionObject.await(AbstractQueuedSynchronizer.java:1712)
        at java.base@21.0.6/java.util.concurrent.LinkedBlockingDeque.takeFirst(LinkedBlockingDeque.java:485)
        at java.base@21.0.6/java.util.concurrent.LinkedBlockingDeque.take(LinkedBlockingDeque.java:673)
        at java.base@21.0.6/java.util.concurrent.ThreadPoolExecutor.getTask(ThreadPoolExecutor.java:1070)
        at java.base@21.0.6/java.util.concurrent.ThreadPoolExecutor.runWorker(ThreadPoolExecutor.java:1130)
        at java.base@21.0.6/java.util.concurrent.ThreadPoolExecutor$Worker.run(ThreadPoolExecutor.java:642)
        at java.base@21.0.6/java.lang.Thread.runWith(Thread.java:1596)
        at java.base@21.0.6/java.lang.Thread.run(Thread.java:1583)
"IPC Server handler 11 on default port 15006" daemon prio=5 tid=502 timed_waiting
java.lang.Thread.State: TIMED_WAITING
        at java.base@21.0.6/jdk.internal.misc.Unsafe.park(Native Method)
        at java.base@21.0.6/java.util.concurrent.locks.LockSupport.parkNanos(LockSupport.java:269)
        at java.base@21.0.6/java.util.concurrent.locks.AbstractQueuedSynchronizer$ConditionObject.awaitNanos(AbstractQueuedSynchronizer.java:1763)
        at java.base@21.0.6/java.util.concurrent.LinkedBlockingQueue.poll(LinkedBlockingQueue.java:460)
        at app//org.apache.hadoop.ipc.CallQueueManager.take(CallQueueManager.java:370)
        at app//org.apache.hadoop.ipc.Server$Handler.run(Server.java:3165)
"Socket Reader #9 for port 15093"  prio=5 tid=952 runnable
java.lang.Thread.State: RUNNABLE
        at java.base@21.0.6/sun.nio.ch.EPoll.wait(Native Method)
        at java.base@21.0.6/sun.nio.ch.EPollSelectorImpl.doSelect(EPollSelectorImpl.java:121)
        at java.base@21.0.6/sun.nio.ch.SelectorImpl.lockAndDoSelect(SelectorImpl.java:130)
        at java.base@21.0.6/sun.nio.ch.SelectorImpl.select(SelectorImpl.java:147)
        at app//org.apache.hadoop.ipc.Server$Listener$Reader.doRunLoop(Server.java:1497)
        at app//org.apache.hadoop.ipc.Server$Listener$Reader.run(Server.java:1476)
"org.apache.hadoop.ozone.container.common.statemachine.commandhandler.DeleteBlocksCommandHandler$DeleteCmdWorker@32b03ec1" daemon prio=5 tid=608 timed_waiting
java.lang.Thread.State: TIMED_WAITING
        at java.base@21.0.6/java.lang.Thread.sleep0(Native Method)
        at java.base@21.0.6/java.lang.Thread.sleep(Thread.java:509)
        at app//org.apache.hadoop.ozone.container.common.statemachine.commandhandler.DeleteBlocksCommandHandler$DeleteCmdWorker.run(DeleteBlocksCommandHandler.java:255)
        at java.base@21.0.6/java.lang.Thread.runWith(Thread.java:1596)
        at java.base@21.0.6/java.lang.Thread.run(Thread.java:1583)
"qtp1625390205-568" daemon prio=5 tid=568 timed_waiting
java.lang.Thread.State: TIMED_WAITING
        at java.base@21.0.6/jdk.internal.misc.Unsafe.park(Native Method)
        at java.base@21.0.6/java.util.concurrent.locks.LockSupport.parkNanos(LockSupport.java:269)
        at java.base@21.0.6/java.util.concurrent.locks.AbstractQueuedSynchronizer$ConditionObject.awaitNanos(AbstractQueuedSynchronizer.java:1763)
        at app//org.eclipse.jetty.util.BlockingArrayQueue.poll(BlockingArrayQueue.java:382)
        at app//org.eclipse.jetty.util.thread.QueuedThreadPool$Runner.idleJobPoll(QueuedThreadPool.java:974)
        at app//org.eclipse.jetty.util.thread.QueuedThreadPool$Runner.run(QueuedThreadPool.java:1018)
        at java.base@21.0.6/java.lang.Thread.runWith(Thread.java:1596)
        at java.base@21.0.6/java.lang.Thread.run(Thread.java:1583)
"eb965ba7-12a8-46f3-92c0-bc6ff5b3bf3b-BlockDeletingService#0" daemon prio=5 tid=1026 timed_waiting
java.lang.Thread.State: TIMED_WAITING
        at java.base@21.0.6/jdk.internal.misc.Unsafe.park(Native Method)
        at java.base@21.0.6/java.util.concurrent.locks.LockSupport.parkNanos(LockSupport.java:269)
        at java.base@21.0.6/java.util.concurrent.locks.AbstractQueuedSynchronizer$ConditionObject.awaitNanos(AbstractQueuedSynchronizer.java:1763)
        at java.base@21.0.6/java.util.concurrent.ScheduledThreadPoolExecutor$DelayedWorkQueue.take(ScheduledThreadPoolExecutor.java:1182)
        at java.base@21.0.6/java.util.concurrent.ScheduledThreadPoolExecutor$DelayedWorkQueue.take(ScheduledThreadPoolExecutor.java:899)
        at java.base@21.0.6/java.util.concurrent.ThreadPoolExecutor.getTask(ThreadPoolExecutor.java:1070)
        at java.base@21.0.6/java.util.concurrent.ThreadPoolExecutor.runWorker(ThreadPoolExecutor.java:1130)
        at java.base@21.0.6/java.util.concurrent.ThreadPoolExecutor$Worker.run(ThreadPoolExecutor.java:642)
        at java.base@21.0.6/java.lang.Thread.runWith(Thread.java:1596)
        at java.base@21.0.6/java.lang.Thread.run(Thread.java:1583)
"UnderReplicatedProcessor" daemon prio=5 tid=52 timed_waiting
java.lang.Thread.State: TIMED_WAITING
        at java.base@21.0.6/java.lang.Object.wait0(Native Method)
        at java.base@21.0.6/java.lang.Object.wait(Object.java:366)
        at app//org.apache.hadoop.hdds.scm.container.replication.UnhealthyReplicationProcessor.run(UnhealthyReplicationProcessor.java:172)
        at java.base@21.0.6/java.lang.Thread.runWith(Thread.java:1596)
        at java.base@21.0.6/java.lang.Thread.run(Thread.java:1583)
"JvmPauseMonitor7" daemon prio=5 tid=1060 timed_waiting
java.lang.Thread.State: TIMED_WAITING
        at java.base@21.0.6/java.lang.Thread.sleep0(Native Method)
        at java.base@21.0.6/java.lang.Thread.sleep(Thread.java:558)
        at java.base@21.0.6/java.util.concurrent.TimeUnit.sleep(TimeUnit.java:446)
        at app//org.apache.ratis.util.TimeDuration.sleep(TimeDuration.java:353)
        at app//org.apache.ratis.util.TimeDuration.sleep(TimeDuration.java:338)
        at app//org.apache.ratis.util.JvmPauseMonitor.detectPause(JvmPauseMonitor.java:160)
        at app//org.apache.ratis.util.JvmPauseMonitor.run(JvmPauseMonitor.java:149)
        at app//org.apache.ratis.util.JvmPauseMonitor$$Lambda/0x00007f7e9c38d5c8.run(Unknown Source)
        at java.base@21.0.6/java.lang.Thread.runWith(Thread.java:1596)
        at java.base@21.0.6/java.lang.Thread.run(Thread.java:1583)
"qtp585405660-842" daemon prio=5 tid=842 runnable
java.lang.Thread.State: RUNNABLE
        at java.base@21.0.6/sun.nio.ch.EPoll.wait(Native Method)
        at java.base@21.0.6/sun.nio.ch.EPollSelectorImpl.doSelect(EPollSelectorImpl.java:121)
        at java.base@21.0.6/sun.nio.ch.SelectorImpl.lockAndDoSelect(SelectorImpl.java:130)
        at java.base@21.0.6/sun.nio.ch.SelectorImpl.select(SelectorImpl.java:147)
        at app//org.eclipse.jetty.io.ManagedSelector.nioSelect(ManagedSelector.java:183)
        at app//org.eclipse.jetty.io.ManagedSelector.select(ManagedSelector.java:190)
        at app//org.eclipse.jetty.io.ManagedSelector$SelectorProducer.select(ManagedSelector.java:606)
        at app//org.eclipse.jetty.io.ManagedSelector$SelectorProducer.produce(ManagedSelector.java:543)
        at app//org.eclipse.jetty.util.thread.strategy.EatWhatYouKill.produceTask(EatWhatYouKill.java:362)
        at app//org.eclipse.jetty.util.thread.strategy.EatWhatYouKill.doProduce(EatWhatYouKill.java:186)
        at app//org.eclipse.jetty.util.thread.strategy.EatWhatYouKill.tryProduce(EatWhatYouKill.java:173)
        at app//org.eclipse.jetty.util.thread.strategy.EatWhatYouKill.produce(EatWhatYouKill.java:137)
        at app//org.eclipse.jetty.io.ManagedSelector$$Lambda/0x00007f7e9c660000.run(Unknown Source)
        at app//org.eclipse.jetty.util.thread.QueuedThreadPool.runJob(QueuedThreadPool.java:883)
        at app//org.eclipse.jetty.util.thread.QueuedThreadPool$Runner.run(QueuedThreadPool.java:1034)
        at java.base@21.0.6/java.lang.Thread.runWith(Thread.java:1596)
        at java.base@21.0.6/java.lang.Thread.run(Thread.java:1583)
"Socket Reader #4 for port 15039"  prio=5 tid=671 runnable
java.lang.Thread.State: RUNNABLE
        at java.base@21.0.6/sun.nio.ch.EPoll.wait(Native Method)
        at java.base@21.0.6/sun.nio.ch.EPollSelectorImpl.doSelect(EPollSelectorImpl.java:121)
        at java.base@21.0.6/sun.nio.ch.SelectorImpl.lockAndDoSelect(SelectorImpl.java:130)
        at java.base@21.0.6/sun.nio.ch.SelectorImpl.select(SelectorImpl.java:147)
        at app//org.apache.hadoop.ipc.Server$Listener$Reader.doRunLoop(Server.java:1497)
        at app//org.apache.hadoop.ipc.Server$Listener$Reader.run(Server.java:1476)
"om1-SstFilteringService#0" daemon prio=5 tid=472 timed_waiting
java.lang.Thread.State: TIMED_WAITING
        at java.base@21.0.6/jdk.internal.misc.Unsafe.park(Native Method)
        at java.base@21.0.6/java.util.concurrent.locks.LockSupport.parkNanos(LockSupport.java:269)
        at java.base@21.0.6/java.util.concurrent.locks.AbstractQueuedSynchronizer$ConditionObject.awaitNanos(AbstractQueuedSynchronizer.java:1763)
        at java.base@21.0.6/java.util.concurrent.ScheduledThreadPoolExecutor$DelayedWorkQueue.take(ScheduledThreadPoolExecutor.java:1182)
        at java.base@21.0.6/java.util.concurrent.ScheduledThreadPoolExecutor$DelayedWorkQueue.take(ScheduledThreadPoolExecutor.java:899)
        at java.base@21.0.6/java.util.concurrent.ThreadPoolExecutor.getTask(ThreadPoolExecutor.java:1070)
        at java.base@21.0.6/java.util.concurrent.ThreadPoolExecutor.runWorker(ThreadPoolExecutor.java:1130)
        at java.base@21.0.6/java.util.concurrent.ThreadPoolExecutor$Worker.run(ThreadPoolExecutor.java:642)
        at java.base@21.0.6/java.lang.Thread.runWith(Thread.java:1596)
        at java.base@21.0.6/java.lang.Thread.run(Thread.java:1583)
"Socket Reader #10 for port 15075"  prio=5 tid=861 runnable
java.lang.Thread.State: RUNNABLE
        at java.base@21.0.6/sun.nio.ch.EPoll.wait(Native Method)
        at java.base@21.0.6/sun.nio.ch.EPollSelectorImpl.doSelect(EPollSelectorImpl.java:121)
        at java.base@21.0.6/sun.nio.ch.SelectorImpl.lockAndDoSelect(SelectorImpl.java:130)
        at java.base@21.0.6/sun.nio.ch.SelectorImpl.select(SelectorImpl.java:147)
        at app//org.apache.hadoop.ipc.Server$Listener$Reader.doRunLoop(Server.java:1497)
        at app//org.apache.hadoop.ipc.Server$Listener$Reader.run(Server.java:1476)
"IPC Server handler 49 on default port 15002" daemon prio=5 tid=381 timed_waiting
java.lang.Thread.State: TIMED_WAITING
        at java.base@21.0.6/jdk.internal.misc.Unsafe.park(Native Method)
        at java.base@21.0.6/java.util.concurrent.locks.LockSupport.parkNanos(LockSupport.java:269)
        at java.base@21.0.6/java.util.concurrent.locks.AbstractQueuedSynchronizer$ConditionObject.awaitNanos(AbstractQueuedSynchronizer.java:1763)
        at java.base@21.0.6/java.util.concurrent.LinkedBlockingQueue.poll(LinkedBlockingQueue.java:460)
        at app//org.apache.hadoop.ipc.CallQueueManager.take(CallQueueManager.java:370)
        at app//org.apache.hadoop.ipc.Server$Handler.run(Server.java:3165)
"6b36f32d-918c-46a3-bfcb-888cb423c6dd-DatanodeReportManager-1" daemon prio=5 tid=599 timed_waiting
java.lang.Thread.State: TIMED_WAITING
        at java.base@21.0.6/jdk.internal.misc.Unsafe.park(Native Method)
        at java.base@21.0.6/java.util.concurrent.locks.LockSupport.parkNanos(LockSupport.java:269)
        at java.base@21.0.6/java.util.concurrent.locks.AbstractQueuedSynchronizer$ConditionObject.awaitNanos(AbstractQueuedSynchronizer.java:1763)
        at java.base@21.0.6/java.util.concurrent.ScheduledThreadPoolExecutor$DelayedWorkQueue.take(ScheduledThreadPoolExecutor.java:1182)
        at java.base@21.0.6/java.util.concurrent.ScheduledThreadPoolExecutor$DelayedWorkQueue.take(ScheduledThreadPoolExecutor.java:899)
        at java.base@21.0.6/java.util.concurrent.ThreadPoolExecutor.getTask(ThreadPoolExecutor.java:1070)
        at java.base@21.0.6/java.util.concurrent.ThreadPoolExecutor.runWorker(ThreadPoolExecutor.java:1130)
        at java.base@21.0.6/java.util.concurrent.ThreadPoolExecutor$Worker.run(ThreadPoolExecutor.java:642)
        at java.base@21.0.6/java.lang.Thread.runWith(Thread.java:1596)
        at java.base@21.0.6/java.lang.Thread.run(Thread.java:1583)
"2dcfdddc-a76f-4d49-b174-7a2bddacee37-ContainerOp-9e09d6a8-9742-4eee-8124-a68b45278972-1"  prio=5 tid=1500 in Object.wait()
java.lang.Thread.State: WAITING (on object monitor)
        at java.base@21.0.6/jdk.internal.misc.Unsafe.park(Native Method)
        at java.base@21.0.6/java.util.concurrent.locks.LockSupport.park(LockSupport.java:371)
        at java.base@21.0.6/java.util.concurrent.locks.AbstractQueuedSynchronizer$ConditionNode.block(AbstractQueuedSynchronizer.java:519)
        at java.base@21.0.6/java.util.concurrent.ForkJoinPool.unmanagedBlock(ForkJoinPool.java:3780)
        at java.base@21.0.6/java.util.concurrent.ForkJoinPool.managedBlock(ForkJoinPool.java:3725)
        at java.base@21.0.6/java.util.concurrent.locks.AbstractQueuedSynchronizer$ConditionObject.await(AbstractQueuedSynchronizer.java:1712)
        at java.base@21.0.6/java.util.concurrent.LinkedBlockingQueue.take(LinkedBlockingQueue.java:435)
        at java.base@21.0.6/java.util.concurrent.ThreadPoolExecutor.getTask(ThreadPoolExecutor.java:1070)
        at java.base@21.0.6/java.util.concurrent.ThreadPoolExecutor.runWorker(ThreadPoolExecutor.java:1130)
        at java.base@21.0.6/java.util.concurrent.ThreadPoolExecutor$Worker.run(ThreadPoolExecutor.java:642)
        at java.base@21.0.6/java.lang.Thread.runWith(Thread.java:1596)
        at java.base@21.0.6/java.lang.Thread.run(Thread.java:1583)
"StaleRecoveringContainerScrubbingService#0" daemon prio=5 tid=1027 timed_waiting
java.lang.Thread.State: TIMED_WAITING
        at java.base@21.0.6/jdk.internal.misc.Unsafe.park(Native Method)
        at java.base@21.0.6/java.util.concurrent.locks.LockSupport.parkNanos(LockSupport.java:269)
        at java.base@21.0.6/java.util.concurrent.locks.AbstractQueuedSynchronizer$ConditionObject.awaitNanos(AbstractQueuedSynchronizer.java:1763)
        at java.base@21.0.6/java.util.concurrent.ScheduledThreadPoolExecutor$DelayedWorkQueue.take(ScheduledThreadPoolExecutor.java:1182)
        at java.base@21.0.6/java.util.concurrent.ScheduledThreadPoolExecutor$DelayedWorkQueue.take(ScheduledThreadPoolExecutor.java:899)
        at java.base@21.0.6/java.util.concurrent.ThreadPoolExecutor.getTask(ThreadPoolExecutor.java:1070)
        at java.base@21.0.6/java.util.concurrent.ThreadPoolExecutor.runWorker(ThreadPoolExecutor.java:1130)
        at java.base@21.0.6/java.util.concurrent.ThreadPoolExecutor$Worker.run(ThreadPoolExecutor.java:642)
        at java.base@21.0.6/java.lang.Thread.runWith(Thread.java:1596)
        at java.base@21.0.6/java.lang.Thread.run(Thread.java:1583)
"Socket Reader #2 for port 15000"  prio=5 tid=85 runnable
java.lang.Thread.State: RUNNABLE
        at java.base@21.0.6/sun.nio.ch.EPoll.wait(Native Method)
        at java.base@21.0.6/sun.nio.ch.EPollSelectorImpl.doSelect(EPollSelectorImpl.java:121)
        at java.base@21.0.6/sun.nio.ch.SelectorImpl.lockAndDoSelect(SelectorImpl.java:130)
        at java.base@21.0.6/sun.nio.ch.SelectorImpl.select(SelectorImpl.java:147)
        at app//org.apache.hadoop.ipc.Server$Listener$Reader.doRunLoop(Server.java:1497)
        at app//org.apache.hadoop.ipc.Server$Listener$Reader.run(Server.java:1476)
"49dd84ae-7ec9-4d92-bc53-345946144fea@group-A17754050E0F-LeaderStateImpl" daemon prio=5 tid=2413 timed_waiting
java.lang.Thread.State: TIMED_WAITING
        at java.base@21.0.6/jdk.internal.misc.Unsafe.park(Native Method)
        at java.base@21.0.6/java.util.concurrent.locks.LockSupport.parkNanos(LockSupport.java:269)
        at java.base@21.0.6/java.util.concurrent.locks.AbstractQueuedSynchronizer$ConditionObject.awaitNanos(AbstractQueuedSynchronizer.java:1763)
        at java.base@21.0.6/java.util.concurrent.ArrayBlockingQueue.poll(ArrayBlockingQueue.java:435)
        at app//org.apache.ratis.server.impl.LeaderStateImpl$EventQueue.poll(LeaderStateImpl.java:164)
        at app//org.apache.ratis.server.impl.LeaderStateImpl$EventProcessor.run(LeaderStateImpl.java:763)
"eb965ba7-12a8-46f3-92c0-bc6ff5b3bf3b-DatanodeStateMachineTaskThread-0"  prio=5 tid=651 in Object.wait()
java.lang.Thread.State: WAITING (on object monitor)
        at java.base@21.0.6/jdk.internal.misc.Unsafe.park(Native Method)
        at java.base@21.0.6/java.util.concurrent.locks.LockSupport.park(LockSupport.java:371)
        at java.base@21.0.6/java.util.concurrent.locks.AbstractQueuedSynchronizer$ConditionNode.block(AbstractQueuedSynchronizer.java:519)
        at java.base@21.0.6/java.util.concurrent.ForkJoinPool.unmanagedBlock(ForkJoinPool.java:3780)
        at java.base@21.0.6/java.util.concurrent.ForkJoinPool.managedBlock(ForkJoinPool.java:3725)
        at java.base@21.0.6/java.util.concurrent.locks.AbstractQueuedSynchronizer$ConditionObject.await(AbstractQueuedSynchronizer.java:1712)
        at java.base@21.0.6/java.util.concurrent.LinkedBlockingQueue.take(LinkedBlockingQueue.java:435)
        at java.base@21.0.6/java.util.concurrent.ThreadPoolExecutor.getTask(ThreadPoolExecutor.java:1070)
        at java.base@21.0.6/java.util.concurrent.ThreadPoolExecutor.runWorker(ThreadPoolExecutor.java:1130)
        at java.base@21.0.6/java.util.concurrent.ThreadPoolExecutor$Worker.run(ThreadPoolExecutor.java:642)
        at java.base@21.0.6/java.lang.Thread.runWith(Thread.java:1596)
        at java.base@21.0.6/java.lang.Thread.run(Thread.java:1583)
"JvmPauseMonitor8" daemon prio=5 tid=1078 timed_waiting
java.lang.Thread.State: TIMED_WAITING
        at java.base@21.0.6/java.lang.Thread.sleep0(Native Method)
        at java.base@21.0.6/java.lang.Thread.sleep(Thread.java:558)
        at java.base@21.0.6/java.util.concurrent.TimeUnit.sleep(TimeUnit.java:446)
        at app//org.apache.ratis.util.TimeDuration.sleep(TimeDuration.java:353)
        at app//org.apache.ratis.util.TimeDuration.sleep(TimeDuration.java:338)
        at app//org.apache.ratis.util.JvmPauseMonitor.detectPause(JvmPauseMonitor.java:160)
        at app//org.apache.ratis.util.JvmPauseMonitor.run(JvmPauseMonitor.java:149)
        at app//org.apache.ratis.util.JvmPauseMonitor$$Lambda/0x00007f7e9c38d5c8.run(Unknown Source)
        at java.base@21.0.6/java.lang.Thread.runWith(Thread.java:1596)
        at java.base@21.0.6/java.lang.Thread.run(Thread.java:1583)
"46d11c6d-db9b-44c9-8985-212dd9cf6636-ChunkWriter-3-0" daemon prio=5 tid=1095 in Object.wait()
java.lang.Thread.State: WAITING (on object monitor)
        at java.base@21.0.6/jdk.internal.misc.Unsafe.park(Native Method)
        at java.base@21.0.6/java.util.concurrent.locks.LockSupport.park(LockSupport.java:371)
        at java.base@21.0.6/java.util.concurrent.locks.AbstractQueuedSynchronizer$ConditionNode.block(AbstractQueuedSynchronizer.java:519)
        at java.base@21.0.6/java.util.concurrent.ForkJoinPool.unmanagedBlock(ForkJoinPool.java:3780)
        at java.base@21.0.6/java.util.concurrent.ForkJoinPool.managedBlock(ForkJoinPool.java:3725)
        at java.base@21.0.6/java.util.concurrent.locks.AbstractQueuedSynchronizer$ConditionObject.await(AbstractQueuedSynchronizer.java:1712)
        at java.base@21.0.6/java.util.concurrent.LinkedBlockingDeque.takeFirst(LinkedBlockingDeque.java:485)
        at java.base@21.0.6/java.util.concurrent.LinkedBlockingDeque.take(LinkedBlockingDeque.java:673)
        at java.base@21.0.6/java.util.concurrent.ThreadPoolExecutor.getTask(ThreadPoolExecutor.java:1070)
        at java.base@21.0.6/java.util.concurrent.ThreadPoolExecutor.runWorker(ThreadPoolExecutor.java:1130)
        at java.base@21.0.6/java.util.concurrent.ThreadPoolExecutor$Worker.run(ThreadPoolExecutor.java:642)
        at java.base@21.0.6/java.lang.Thread.runWith(Thread.java:1596)
        at java.base@21.0.6/java.lang.Thread.run(Thread.java:1583)
"49dd84ae-7ec9-4d92-bc53-345946144fea-NettyServerStreamRpc-bossGroup--thread1"  prio=5 tid=2238 runnable
java.lang.Thread.State: RUNNABLE
        at app//org.apache.ratis.thirdparty.io.netty.channel.epoll.Native.epollWait(Native Method)
        at app//org.apache.ratis.thirdparty.io.netty.channel.epoll.Native.epollWait(Native.java:220)
        at app//org.apache.ratis.thirdparty.io.netty.channel.epoll.Native.epollWait(Native.java:213)
        at app//org.apache.ratis.thirdparty.io.netty.channel.epoll.EpollEventLoop.epollWaitNoTimerChange(EpollEventLoop.java:308)
        at app//org.apache.ratis.thirdparty.io.netty.channel.epoll.EpollEventLoop.run(EpollEventLoop.java:365)
        at app//org.apache.ratis.thirdparty.io.netty.util.concurrent.SingleThreadEventExecutor$4.run(SingleThreadEventExecutor.java:997)
        at app//org.apache.ratis.thirdparty.io.netty.util.internal.ThreadExecutorMap$2.run(ThreadExecutorMap.java:74)
        at java.base@21.0.6/java.lang.Thread.runWith(Thread.java:1596)
        at java.base@21.0.6/java.lang.Thread.run(Thread.java:1583)
"2dcfdddc-a76f-4d49-b174-7a2bddacee37-DatanodeStateMachineTaskThread-1"  prio=5 tid=1030 in Object.wait()
java.lang.Thread.State: WAITING (on object monitor)
        at java.base@21.0.6/jdk.internal.misc.Unsafe.park(Native Method)
        at java.base@21.0.6/java.util.concurrent.locks.LockSupport.park(LockSupport.java:371)
        at java.base@21.0.6/java.util.concurrent.locks.AbstractQueuedSynchronizer$ConditionNode.block(AbstractQueuedSynchronizer.java:519)
        at java.base@21.0.6/java.util.concurrent.ForkJoinPool.unmanagedBlock(ForkJoinPool.java:3780)
        at java.base@21.0.6/java.util.concurrent.ForkJoinPool.managedBlock(ForkJoinPool.java:3725)
        at java.base@21.0.6/java.util.concurrent.locks.AbstractQueuedSynchronizer$ConditionObject.await(AbstractQueuedSynchronizer.java:1712)
        at java.base@21.0.6/java.util.concurrent.LinkedBlockingQueue.take(LinkedBlockingQueue.java:435)
        at java.base@21.0.6/java.util.concurrent.ThreadPoolExecutor.getTask(ThreadPoolExecutor.java:1070)
        at java.base@21.0.6/java.util.concurrent.ThreadPoolExecutor.runWorker(ThreadPoolExecutor.java:1130)
        at java.base@21.0.6/java.util.concurrent.ThreadPoolExecutor$Worker.run(ThreadPoolExecutor.java:642)
        at java.base@21.0.6/java.lang.Thread.runWith(Thread.java:1596)
        at java.base@21.0.6/java.lang.Thread.run(Thread.java:1583)
"46d11c6d-db9b-44c9-8985-212dd9cf6636-ChunkWriter-1-0" daemon prio=5 tid=1093 in Object.wait()
java.lang.Thread.State: WAITING (on object monitor)
        at java.base@21.0.6/jdk.internal.misc.Unsafe.park(Native Method)
        at java.base@21.0.6/java.util.concurrent.locks.LockSupport.park(LockSupport.java:371)
        at java.base@21.0.6/java.util.concurrent.locks.AbstractQueuedSynchronizer$ConditionNode.block(AbstractQueuedSynchronizer.java:519)
        at java.base@21.0.6/java.util.concurrent.ForkJoinPool.unmanagedBlock(ForkJoinPool.java:3780)
        at java.base@21.0.6/java.util.concurrent.ForkJoinPool.managedBlock(ForkJoinPool.java:3725)
        at java.base@21.0.6/java.util.concurrent.locks.AbstractQueuedSynchronizer$ConditionObject.await(AbstractQueuedSynchronizer.java:1712)
        at java.base@21.0.6/java.util.concurrent.LinkedBlockingDeque.takeFirst(LinkedBlockingDeque.java:485)
        at java.base@21.0.6/java.util.concurrent.LinkedBlockingDeque.take(LinkedBlockingDeque.java:673)
        at java.base@21.0.6/java.util.concurrent.ThreadPoolExecutor.getTask(ThreadPoolExecutor.java:1070)
        at java.base@21.0.6/java.util.concurrent.ThreadPoolExecutor.runWorker(ThreadPoolExecutor.java:1130)
        at java.base@21.0.6/java.util.concurrent.ThreadPoolExecutor$Worker.run(ThreadPoolExecutor.java:642)
        at java.base@21.0.6/java.lang.Thread.runWith(Thread.java:1596)
        at java.base@21.0.6/java.lang.Thread.run(Thread.java:1583)
"eb965ba7-12a8-46f3-92c0-bc6ff5b3bf3b-ContainerOp-e1fc892c-095b-4650-8f0f-81341f4e2824-8"  prio=5 tid=2414 in Object.wait()
java.lang.Thread.State: WAITING (on object monitor)
        at java.base@21.0.6/jdk.internal.misc.Unsafe.park(Native Method)
        at java.base@21.0.6/java.util.concurrent.locks.LockSupport.park(LockSupport.java:371)
        at java.base@21.0.6/java.util.concurrent.locks.AbstractQueuedSynchronizer$ConditionNode.block(AbstractQueuedSynchronizer.java:519)
        at java.base@21.0.6/java.util.concurrent.ForkJoinPool.unmanagedBlock(ForkJoinPool.java:3780)
        at java.base@21.0.6/java.util.concurrent.ForkJoinPool.managedBlock(ForkJoinPool.java:3725)
        at java.base@21.0.6/java.util.concurrent.locks.AbstractQueuedSynchronizer$ConditionObject.await(AbstractQueuedSynchronizer.java:1712)
        at java.base@21.0.6/java.util.concurrent.LinkedBlockingQueue.take(LinkedBlockingQueue.java:435)
        at java.base@21.0.6/java.util.concurrent.ThreadPoolExecutor.getTask(ThreadPoolExecutor.java:1070)
        at java.base@21.0.6/java.util.concurrent.ThreadPoolExecutor.runWorker(ThreadPoolExecutor.java:1130)
        at java.base@21.0.6/java.util.concurrent.ThreadPoolExecutor$Worker.run(ThreadPoolExecutor.java:642)
        at java.base@21.0.6/java.lang.Thread.runWith(Thread.java:1596)
        at java.base@21.0.6/java.lang.Thread.run(Thread.java:1583)
"om1-groupManagement"  prio=5 tid=440 in Object.wait()
java.lang.Thread.State: WAITING (on object monitor)
        at java.base@21.0.6/jdk.internal.misc.Unsafe.park(Native Method)
        at java.base@21.0.6/java.util.concurrent.locks.LockSupport.park(LockSupport.java:371)
        at java.base@21.0.6/java.util.concurrent.locks.AbstractQueuedSynchronizer$ConditionNode.block(AbstractQueuedSynchronizer.java:519)
        at java.base@21.0.6/java.util.concurrent.ForkJoinPool.unmanagedBlock(ForkJoinPool.java:3780)
        at java.base@21.0.6/java.util.concurrent.ForkJoinPool.managedBlock(ForkJoinPool.java:3725)
        at java.base@21.0.6/java.util.concurrent.locks.AbstractQueuedSynchronizer$ConditionObject.await(AbstractQueuedSynchronizer.java:1712)
        at java.base@21.0.6/java.util.concurrent.LinkedBlockingQueue.take(LinkedBlockingQueue.java:435)
        at java.base@21.0.6/java.util.concurrent.ThreadPoolExecutor.getTask(ThreadPoolExecutor.java:1070)
        at java.base@21.0.6/java.util.concurrent.ThreadPoolExecutor.runWorker(ThreadPoolExecutor.java:1130)
        at java.base@21.0.6/java.util.concurrent.ThreadPoolExecutor$Worker.run(ThreadPoolExecutor.java:642)
        at java.base@21.0.6/java.lang.Thread.runWith(Thread.java:1596)
        at java.base@21.0.6/java.lang.Thread.run(Thread.java:1583)
"6b36f32d-918c-46a3-bfcb-888cb423c6dd-ChunkWriter-0-0" daemon prio=5 tid=1002 in Object.wait()
java.lang.Thread.State: WAITING (on object monitor)
        at java.base@21.0.6/jdk.internal.misc.Unsafe.park(Native Method)
        at java.base@21.0.6/java.util.concurrent.locks.LockSupport.park(LockSupport.java:371)
        at java.base@21.0.6/java.util.concurrent.locks.AbstractQueuedSynchronizer$ConditionNode.block(AbstractQueuedSynchronizer.java:519)
        at java.base@21.0.6/java.util.concurrent.ForkJoinPool.unmanagedBlock(ForkJoinPool.java:3780)
        at java.base@21.0.6/java.util.concurrent.ForkJoinPool.managedBlock(ForkJoinPool.java:3725)
        at java.base@21.0.6/java.util.concurrent.locks.AbstractQueuedSynchronizer$ConditionObject.await(AbstractQueuedSynchronizer.java:1712)
        at java.base@21.0.6/java.util.concurrent.LinkedBlockingDeque.takeFirst(LinkedBlockingDeque.java:485)
        at java.base@21.0.6/java.util.concurrent.LinkedBlockingDeque.take(LinkedBlockingDeque.java:673)
        at java.base@21.0.6/java.util.concurrent.ThreadPoolExecutor.getTask(ThreadPoolExecutor.java:1070)
        at java.base@21.0.6/java.util.concurrent.ThreadPoolExecutor.runWorker(ThreadPoolExecutor.java:1130)
        at java.base@21.0.6/java.util.concurrent.ThreadPoolExecutor$Worker.run(ThreadPoolExecutor.java:642)
        at java.base@21.0.6/java.lang.Thread.runWith(Thread.java:1596)
        at java.base@21.0.6/java.lang.Thread.run(Thread.java:1583)
"pool-143-thread-1" daemon prio=5 tid=1035 timed_waiting
java.lang.Thread.State: TIMED_WAITING
        at java.base@21.0.6/jdk.internal.misc.Unsafe.park(Native Method)
        at java.base@21.0.6/java.util.concurrent.locks.LockSupport.parkNanos(LockSupport.java:269)
        at java.base@21.0.6/java.util.concurrent.locks.AbstractQueuedSynchronizer$ConditionObject.awaitNanos(AbstractQueuedSynchronizer.java:1763)
        at java.base@21.0.6/java.util.concurrent.ScheduledThreadPoolExecutor$DelayedWorkQueue.take(ScheduledThreadPoolExecutor.java:1182)
        at java.base@21.0.6/java.util.concurrent.ScheduledThreadPoolExecutor$DelayedWorkQueue.take(ScheduledThreadPoolExecutor.java:899)
        at java.base@21.0.6/java.util.concurrent.ThreadPoolExecutor.getTask(ThreadPoolExecutor.java:1070)
        at java.base@21.0.6/java.util.concurrent.ThreadPoolExecutor.runWorker(ThreadPoolExecutor.java:1130)
        at java.base@21.0.6/java.util.concurrent.ThreadPoolExecutor$Worker.run(ThreadPoolExecutor.java:642)
        at java.base@21.0.6/java.lang.Thread.runWith(Thread.java:1596)
        at java.base@21.0.6/java.lang.Thread.run(Thread.java:1583)
"EventQueue-PipelineActionsForPipelineActionHandler" daemon prio=5 tid=1520 in Object.wait()
java.lang.Thread.State: WAITING (on object monitor)
        at java.base@21.0.6/jdk.internal.misc.Unsafe.park(Native Method)
        at java.base@21.0.6/java.util.concurrent.locks.LockSupport.park(LockSupport.java:371)
        at java.base@21.0.6/java.util.concurrent.locks.AbstractQueuedSynchronizer$ConditionNode.block(AbstractQueuedSynchronizer.java:519)
        at java.base@21.0.6/java.util.concurrent.ForkJoinPool.unmanagedBlock(ForkJoinPool.java:3780)
        at java.base@21.0.6/java.util.concurrent.ForkJoinPool.managedBlock(ForkJoinPool.java:3725)
        at java.base@21.0.6/java.util.concurrent.locks.AbstractQueuedSynchronizer$ConditionObject.await(AbstractQueuedSynchronizer.java:1712)
        at java.base@21.0.6/java.util.concurrent.LinkedBlockingQueue.take(LinkedBlockingQueue.java:435)
        at java.base@21.0.6/java.util.concurrent.ThreadPoolExecutor.getTask(ThreadPoolExecutor.java:1070)
        at java.base@21.0.6/java.util.concurrent.ThreadPoolExecutor.runWorker(ThreadPoolExecutor.java:1130)
        at java.base@21.0.6/java.util.concurrent.ThreadPoolExecutor$Worker.run(ThreadPoolExecutor.java:642)
        at java.base@21.0.6/java.lang.Thread.runWith(Thread.java:1596)
        at java.base@21.0.6/java.lang.Thread.run(Thread.java:1583)
"IPC Server handler 6 on default port 15084" daemon prio=5 tid=1933 timed_waiting
java.lang.Thread.State: TIMED_WAITING
        at java.base@21.0.6/jdk.internal.misc.Unsafe.park(Native Method)
        at java.base@21.0.6/java.util.concurrent.locks.LockSupport.parkNanos(LockSupport.java:269)
        at java.base@21.0.6/java.util.concurrent.locks.AbstractQueuedSynchronizer$ConditionObject.awaitNanos(AbstractQueuedSynchronizer.java:1763)
        at java.base@21.0.6/java.util.concurrent.LinkedBlockingQueue.poll(LinkedBlockingQueue.java:460)
        at app//org.apache.hadoop.ipc.CallQueueManager.take(CallQueueManager.java:370)
        at app//org.apache.hadoop.ipc.Server$Handler.run(Server.java:3165)
"25fe7083-9332-4190-accf-9f4542114dd9@group-B5B4EE72DAEF->62ffdddc-aaf0-4ce5-9810-4c181ebbf473-GrpcLogAppender-LogAppenderDaemon" daemon prio=5 tid=2259 timed_waiting
java.lang.Thread.State: TIMED_WAITING
        at java.base@21.0.6/jdk.internal.misc.Unsafe.park(Native Method)
        at java.base@21.0.6/java.util.concurrent.locks.LockSupport.parkNanos(LockSupport.java:269)
        at java.base@21.0.6/java.util.concurrent.locks.AbstractQueuedSynchronizer$ConditionObject.await(AbstractQueuedSynchronizer.java:1852)
        at app//org.apache.ratis.util.AwaitForSignal.await(AwaitForSignal.java:65)
        at app//org.apache.ratis.grpc.server.GrpcLogAppender.mayWait(GrpcLogAppender.java:290)
        at app//org.apache.ratis.grpc.server.GrpcLogAppender.run(GrpcLogAppender.java:258)
        at app//org.apache.ratis.server.leader.LogAppenderDaemon.run(LogAppenderDaemon.java:80)
        at app//org.apache.ratis.server.leader.LogAppenderDaemon$$Lambda/0x00007f7e9c91a108.run(Unknown Source)
        at java.base@21.0.6/java.lang.Thread.runWith(Thread.java:1596)
        at java.base@21.0.6/java.lang.Thread.run(Thread.java:1583)
"IPC Server handler 35 on default port 15000" daemon prio=5 tid=149 timed_waiting
java.lang.Thread.State: TIMED_WAITING
        at java.base@21.0.6/jdk.internal.misc.Unsafe.park(Native Method)
        at java.base@21.0.6/java.util.concurrent.locks.LockSupport.parkNanos(LockSupport.java:269)
        at java.base@21.0.6/java.util.concurrent.locks.AbstractQueuedSynchronizer$ConditionObject.awaitNanos(AbstractQueuedSynchronizer.java:1763)
        at java.base@21.0.6/java.util.concurrent.LinkedBlockingQueue.poll(LinkedBlockingQueue.java:460)
        at app//org.apache.hadoop.ipc.CallQueueManager.take(CallQueueManager.java:370)
        at app//org.apache.hadoop.ipc.Server$Handler.run(Server.java:3165)
"42086d8c-c943-47d6-a5f9-799709872375-CommandProcessorThread" daemon prio=5 tid=742 timed_waiting
java.lang.Thread.State: TIMED_WAITING
        at java.base@21.0.6/java.lang.Thread.sleep0(Native Method)
        at java.base@21.0.6/java.lang.Thread.sleep(Thread.java:509)
        at app//org.apache.hadoop.ozone.container.common.statemachine.DatanodeStateMachine.lambda$initCommandHandlerThread$4(DatanodeStateMachine.java:669)
        at app//org.apache.hadoop.ozone.container.common.statemachine.DatanodeStateMachine$$Lambda/0x00007f7e9c7d6b80.run(Unknown Source)
        at java.base@21.0.6/java.lang.Thread.runWith(Thread.java:1596)
        at java.base@21.0.6/java.lang.Thread.run(Thread.java:1583)
"Socket Reader #4 for port 15012"  prio=5 tid=2265 runnable
java.lang.Thread.State: RUNNABLE
        at java.base@21.0.6/sun.nio.ch.EPoll.wait(Native Method)
        at java.base@21.0.6/sun.nio.ch.EPollSelectorImpl.doSelect(EPollSelectorImpl.java:121)
        at java.base@21.0.6/sun.nio.ch.SelectorImpl.lockAndDoSelect(SelectorImpl.java:130)
        at java.base@21.0.6/sun.nio.ch.SelectorImpl.select(SelectorImpl.java:147)
        at app//org.apache.hadoop.ipc.Server$Listener$Reader.doRunLoop(Server.java:1497)
        at app//org.apache.hadoop.ipc.Server$Listener$Reader.run(Server.java:1476)
"grpc-default-executor-3" daemon prio=5 tid=1364 timed_waiting
java.lang.Thread.State: TIMED_WAITING
        at java.base@21.0.6/jdk.internal.misc.Unsafe.park(Native Method)
        at java.base@21.0.6/java.util.concurrent.locks.LockSupport.parkNanos(LockSupport.java:410)
        at java.base@21.0.6/java.util.concurrent.LinkedTransferQueue$DualNode.await(LinkedTransferQueue.java:452)
        at java.base@21.0.6/java.util.concurrent.SynchronousQueue$Transferer.xferLifo(SynchronousQueue.java:194)
        at java.base@21.0.6/java.util.concurrent.SynchronousQueue.xfer(SynchronousQueue.java:235)
        at java.base@21.0.6/java.util.concurrent.SynchronousQueue.poll(SynchronousQueue.java:338)
        at java.base@21.0.6/java.util.concurrent.ThreadPoolExecutor.getTask(ThreadPoolExecutor.java:1069)
        at java.base@21.0.6/java.util.concurrent.ThreadPoolExecutor.runWorker(ThreadPoolExecutor.java:1130)
        at java.base@21.0.6/java.util.concurrent.ThreadPoolExecutor$Worker.run(ThreadPoolExecutor.java:642)
        at java.base@21.0.6/java.lang.Thread.runWith(Thread.java:1596)
        at java.base@21.0.6/java.lang.Thread.run(Thread.java:1583)
"prometheus" daemon prio=5 tid=326 in Object.wait()
java.lang.Thread.State: WAITING (on object monitor)
        at java.base@21.0.6/java.lang.Object.wait0(Native Method)
        at java.base@21.0.6/java.lang.Object.wait(Object.java:366)
        at java.base@21.0.6/java.lang.Object.wait(Object.java:339)
        at app//org.apache.hadoop.metrics2.impl.SinkQueue.waitForData(SinkQueue.java:114)
        at app//org.apache.hadoop.metrics2.impl.SinkQueue.consumeAll(SinkQueue.java:83)
        at app//org.apache.hadoop.metrics2.impl.MetricsSinkAdapter.publishMetricsFromQueue(MetricsSinkAdapter.java:135)
        at app//org.apache.hadoop.metrics2.impl.MetricsSinkAdapter$1.run(MetricsSinkAdapter.java:89)
"IPC Server listener on 15066" daemon prio=5 tid=805 runnable
java.lang.Thread.State: RUNNABLE
        at java.base@21.0.6/sun.nio.ch.EPoll.wait(Native Method)
        at java.base@21.0.6/sun.nio.ch.EPollSelectorImpl.doSelect(EPollSelectorImpl.java:121)
        at java.base@21.0.6/sun.nio.ch.SelectorImpl.lockAndDoSelect(SelectorImpl.java:130)
        at java.base@21.0.6/sun.nio.ch.SelectorImpl.select(SelectorImpl.java:147)
        at app//org.apache.hadoop.ipc.Server$Listener.run(Server.java:1559)
"IPC Server handler 64 on default port 15002" daemon prio=5 tid=396 timed_waiting
java.lang.Thread.State: TIMED_WAITING
        at java.base@21.0.6/jdk.internal.misc.Unsafe.park(Native Method)
        at java.base@21.0.6/java.util.concurrent.locks.LockSupport.parkNanos(LockSupport.java:269)
        at java.base@21.0.6/java.util.concurrent.locks.AbstractQueuedSynchronizer$ConditionObject.awaitNanos(AbstractQueuedSynchronizer.java:1763)
        at java.base@21.0.6/java.util.concurrent.LinkedBlockingQueue.poll(LinkedBlockingQueue.java:460)
        at app//org.apache.hadoop.ipc.CallQueueManager.take(CallQueueManager.java:370)
        at app//org.apache.hadoop.ipc.Server$Handler.run(Server.java:3165)
"qtp538370932-1908" daemon prio=5 tid=1908 timed_waiting
java.lang.Thread.State: TIMED_WAITING
        at java.base@21.0.6/jdk.internal.misc.Unsafe.park(Native Method)
        at java.base@21.0.6/java.util.concurrent.locks.LockSupport.parkNanos(LockSupport.java:269)
        at java.base@21.0.6/java.util.concurrent.locks.AbstractQueuedSynchronizer$ConditionObject.awaitNanos(AbstractQueuedSynchronizer.java:1763)
        at app//org.eclipse.jetty.util.BlockingArrayQueue.poll(BlockingArrayQueue.java:382)
        at app//org.eclipse.jetty.util.thread.QueuedThreadPool$Runner.idleJobPoll(QueuedThreadPool.java:974)
        at app//org.eclipse.jetty.util.thread.QueuedThreadPool$Runner.run(QueuedThreadPool.java:1018)
        at java.base@21.0.6/java.lang.Thread.runWith(Thread.java:1596)
        at java.base@21.0.6/java.lang.Thread.run(Thread.java:1583)
"25fe7083-9332-4190-accf-9f4542114dd9@group-CA8E8F8CF78E-cacheEviction-AwaitToRun" daemon prio=5 tid=1998 in Object.wait()
java.lang.Thread.State: WAITING (on object monitor)
        at java.base@21.0.6/jdk.internal.misc.Unsafe.park(Native Method)
        at java.base@21.0.6/java.util.concurrent.locks.LockSupport.park(LockSupport.java:371)
        at java.base@21.0.6/java.util.concurrent.locks.AbstractQueuedSynchronizer$ConditionNode.block(AbstractQueuedSynchronizer.java:519)
        at java.base@21.0.6/java.util.concurrent.ForkJoinPool.unmanagedBlock(ForkJoinPool.java:3780)
        at java.base@21.0.6/java.util.concurrent.ForkJoinPool.managedBlock(ForkJoinPool.java:3725)
        at java.base@21.0.6/java.util.concurrent.locks.AbstractQueuedSynchronizer$ConditionObject.await(AbstractQueuedSynchronizer.java:1712)
        at app//org.apache.ratis.util.AwaitForSignal.await(AwaitForSignal.java:48)
        at app//org.apache.ratis.util.AwaitToRun$RunnableImpl.run(AwaitToRun.java:47)
        at java.base@21.0.6/java.lang.Thread.runWith(Thread.java:1596)
        at java.base@21.0.6/java.lang.Thread.run(Thread.java:1583)
"IPC Server handler 70 on default port 15001" daemon prio=5 tid=284 timed_waiting
java.lang.Thread.State: TIMED_WAITING
        at java.base@21.0.6/jdk.internal.misc.Unsafe.park(Native Method)
        at java.base@21.0.6/java.util.concurrent.locks.LockSupport.parkNanos(LockSupport.java:269)
        at java.base@21.0.6/java.util.concurrent.locks.AbstractQueuedSynchronizer$ConditionObject.awaitNanos(AbstractQueuedSynchronizer.java:1763)
        at java.base@21.0.6/java.util.concurrent.LinkedBlockingQueue.poll(LinkedBlockingQueue.java:460)
        at app//org.apache.hadoop.ipc.CallQueueManager.take(CallQueueManager.java:370)
        at app//org.apache.hadoop.ipc.Server$Handler.run(Server.java:3165)
"IPC Server handler 66 on default port 15000" daemon prio=5 tid=180 timed_waiting
java.lang.Thread.State: TIMED_WAITING
        at java.base@21.0.6/jdk.internal.misc.Unsafe.park(Native Method)
        at java.base@21.0.6/java.util.concurrent.locks.LockSupport.parkNanos(LockSupport.java:269)
        at java.base@21.0.6/java.util.concurrent.locks.AbstractQueuedSynchronizer$ConditionObject.awaitNanos(AbstractQueuedSynchronizer.java:1763)
        at java.base@21.0.6/java.util.concurrent.LinkedBlockingQueue.poll(LinkedBlockingQueue.java:460)
        at app//org.apache.hadoop.ipc.CallQueueManager.take(CallQueueManager.java:370)
        at app//org.apache.hadoop.ipc.Server$Handler.run(Server.java:3165)
"JvmPauseMonitor12" daemon prio=5 tid=1156 timed_waiting
java.lang.Thread.State: TIMED_WAITING
        at java.base@21.0.6/java.lang.Thread.sleep0(Native Method)
        at java.base@21.0.6/java.lang.Thread.sleep(Thread.java:558)
        at java.base@21.0.6/java.util.concurrent.TimeUnit.sleep(TimeUnit.java:446)
        at app//org.apache.ratis.util.TimeDuration.sleep(TimeDuration.java:353)
        at app//org.apache.ratis.util.TimeDuration.sleep(TimeDuration.java:338)
        at app//org.apache.ratis.util.JvmPauseMonitor.detectPause(JvmPauseMonitor.java:160)
        at app//org.apache.ratis.util.JvmPauseMonitor.run(JvmPauseMonitor.java:149)
        at app//org.apache.ratis.util.JvmPauseMonitor$$Lambda/0x00007f7e9c38d5c8.run(Unknown Source)
        at java.base@21.0.6/java.lang.Thread.runWith(Thread.java:1596)
        at java.base@21.0.6/java.lang.Thread.run(Thread.java:1583)
"Socket Reader #5 for port 15012"  prio=5 tid=2266 runnable
java.lang.Thread.State: RUNNABLE
        at java.base@21.0.6/sun.nio.ch.EPoll.wait(Native Method)
        at java.base@21.0.6/sun.nio.ch.EPollSelectorImpl.doSelect(EPollSelectorImpl.java:121)
        at java.base@21.0.6/sun.nio.ch.SelectorImpl.lockAndDoSelect(SelectorImpl.java:130)
        at java.base@21.0.6/sun.nio.ch.SelectorImpl.select(SelectorImpl.java:147)
        at app//org.apache.hadoop.ipc.Server$Listener$Reader.doRunLoop(Server.java:1497)
        at app//org.apache.hadoop.ipc.Server$Listener$Reader.run(Server.java:1476)
"IPC Server listener on 15012" daemon prio=5 tid=2261 runnable
java.lang.Thread.State: RUNNABLE
        at java.base@21.0.6/sun.nio.ch.EPoll.wait(Native Method)
        at java.base@21.0.6/sun.nio.ch.EPollSelectorImpl.doSelect(EPollSelectorImpl.java:121)
        at java.base@21.0.6/sun.nio.ch.SelectorImpl.lockAndDoSelect(SelectorImpl.java:130)
        at java.base@21.0.6/sun.nio.ch.SelectorImpl.select(SelectorImpl.java:147)
        at app//org.apache.hadoop.ipc.Server$Listener.run(Server.java:1559)
"42086d8c-c943-47d6-a5f9-799709872375-ChunkReader-2" daemon prio=5 tid=1570 in Object.wait()
java.lang.Thread.State: WAITING (on object monitor)
        at java.base@21.0.6/jdk.internal.misc.Unsafe.park(Native Method)
        at java.base@21.0.6/java.util.concurrent.locks.LockSupport.park(LockSupport.java:371)
        at java.base@21.0.6/java.util.concurrent.locks.AbstractQueuedSynchronizer$ConditionNode.block(AbstractQueuedSynchronizer.java:519)
        at java.base@21.0.6/java.util.concurrent.ForkJoinPool.unmanagedBlock(ForkJoinPool.java:3780)
        at java.base@21.0.6/java.util.concurrent.ForkJoinPool.managedBlock(ForkJoinPool.java:3725)
        at java.base@21.0.6/java.util.concurrent.locks.AbstractQueuedSynchronizer$ConditionObject.await(AbstractQueuedSynchronizer.java:1712)
        at java.base@21.0.6/java.util.concurrent.LinkedBlockingQueue.take(LinkedBlockingQueue.java:435)
        at java.base@21.0.6/java.util.concurrent.ThreadPoolExecutor.getTask(ThreadPoolExecutor.java:1070)
        at java.base@21.0.6/java.util.concurrent.ThreadPoolExecutor.runWorker(ThreadPoolExecutor.java:1130)
        at java.base@21.0.6/java.util.concurrent.ThreadPoolExecutor$Worker.run(ThreadPoolExecutor.java:642)
        at java.base@21.0.6/java.lang.Thread.runWith(Thread.java:1596)
        at java.base@21.0.6/java.lang.Thread.run(Thread.java:1583)
"qtp585405660-845" daemon prio=5 tid=845 timed_waiting
java.lang.Thread.State: TIMED_WAITING
        at java.base@21.0.6/jdk.internal.misc.Unsafe.park(Native Method)
        at java.base@21.0.6/java.util.concurrent.locks.LockSupport.parkNanos(LockSupport.java:269)
        at java.base@21.0.6/java.util.concurrent.locks.AbstractQueuedSynchronizer$ConditionObject.awaitNanos(AbstractQueuedSynchronizer.java:1763)
        at app//org.eclipse.jetty.util.BlockingArrayQueue.poll(BlockingArrayQueue.java:382)
        at app//org.eclipse.jetty.util.thread.QueuedThreadPool$Runner.idleJobPoll(QueuedThreadPool.java:974)
        at app//org.eclipse.jetty.util.thread.QueuedThreadPool$Runner.run(QueuedThreadPool.java:1018)
        at java.base@21.0.6/java.lang.Thread.runWith(Thread.java:1596)
        at java.base@21.0.6/java.lang.Thread.run(Thread.java:1583)
"e20a886d-0459-4371-959f-f9bdb6931571@group-3A2BF5D858B4-SegmentedRaftLogWorker" daemon prio=5 tid=2332 timed_waiting
java.lang.Thread.State: TIMED_WAITING
        at java.base@21.0.6/jdk.internal.misc.Unsafe.park(Native Method)
        at java.base@21.0.6/java.util.concurrent.locks.LockSupport.parkNanos(LockSupport.java:269)
        at java.base@21.0.6/java.util.concurrent.locks.AbstractQueuedSynchronizer$ConditionObject.awaitNanos(AbstractQueuedSynchronizer.java:1763)
        at app//org.apache.ratis.util.DataBlockingQueue.poll(DataBlockingQueue.java:148)
        at app//org.apache.ratis.server.raftlog.segmented.SegmentedRaftLogWorker.run(SegmentedRaftLogWorker.java:307)
        at app//org.apache.ratis.server.raftlog.segmented.SegmentedRaftLogWorker$$Lambda/0x00007f7e9c334fd8.run(Unknown Source)
        at java.base@21.0.6/java.util.concurrent.Executors$RunnableAdapter.call(Executors.java:572)
        at java.base@21.0.6/java.util.concurrent.FutureTask.run(FutureTask.java:317)
        at java.base@21.0.6/java.util.concurrent.ThreadPoolExecutor.runWorker(ThreadPoolExecutor.java:1144)
        at java.base@21.0.6/java.util.concurrent.ThreadPoolExecutor$Worker.run(ThreadPoolExecutor.java:642)
        at java.base@21.0.6/java.lang.Thread.runWith(Thread.java:1596)
        at java.base@21.0.6/java.lang.Thread.run(Thread.java:1583)
"Socket Reader #4 for port 15000"  prio=5 tid=87 runnable
java.lang.Thread.State: RUNNABLE
        at java.base@21.0.6/sun.nio.ch.EPoll.wait(Native Method)
        at java.base@21.0.6/sun.nio.ch.EPollSelectorImpl.doSelect(EPollSelectorImpl.java:121)
        at java.base@21.0.6/sun.nio.ch.SelectorImpl.lockAndDoSelect(SelectorImpl.java:130)
        at java.base@21.0.6/sun.nio.ch.SelectorImpl.select(SelectorImpl.java:147)
        at app//org.apache.hadoop.ipc.Server$Listener$Reader.doRunLoop(Server.java:1497)
        at app//org.apache.hadoop.ipc.Server$Listener$Reader.run(Server.java:1476)
"2fdf8a61-8d2a-4048-aa8e-d82d5837d34a-RocksDBCompactionThread-0"  prio=5 tid=745 timed_waiting
java.lang.Thread.State: TIMED_WAITING
        at java.base@21.0.6/jdk.internal.misc.Unsafe.park(Native Method)
        at java.base@21.0.6/java.util.concurrent.locks.LockSupport.parkNanos(LockSupport.java:269)
        at java.base@21.0.6/java.util.concurrent.locks.AbstractQueuedSynchronizer$ConditionObject.awaitNanos(AbstractQueuedSynchronizer.java:1763)
        at java.base@21.0.6/java.util.concurrent.ScheduledThreadPoolExecutor$DelayedWorkQueue.take(ScheduledThreadPoolExecutor.java:1182)
        at java.base@21.0.6/java.util.concurrent.ScheduledThreadPoolExecutor$DelayedWorkQueue.take(ScheduledThreadPoolExecutor.java:899)
        at java.base@21.0.6/java.util.concurrent.ThreadPoolExecutor.getTask(ThreadPoolExecutor.java:1070)
        at java.base@21.0.6/java.util.concurrent.ThreadPoolExecutor.runWorker(ThreadPoolExecutor.java:1130)
        at java.base@21.0.6/java.util.concurrent.ThreadPoolExecutor$Worker.run(ThreadPoolExecutor.java:642)
        at java.base@21.0.6/java.lang.Thread.runWith(Thread.java:1596)
        at java.base@21.0.6/java.lang.Thread.run(Thread.java:1583)
"qtp179497095-322" daemon prio=5 tid=322 timed_waiting
java.lang.Thread.State: TIMED_WAITING
        at java.base@21.0.6/jdk.internal.misc.Unsafe.park(Native Method)
        at java.base@21.0.6/java.util.concurrent.locks.LockSupport.parkNanos(LockSupport.java:269)
        at java.base@21.0.6/java.util.concurrent.locks.AbstractQueuedSynchronizer$ConditionObject.awaitNanos(AbstractQueuedSynchronizer.java:1763)
        at app//org.eclipse.jetty.util.BlockingArrayQueue.poll(BlockingArrayQueue.java:382)
        at app//org.eclipse.jetty.util.thread.QueuedThreadPool$Runner.idleJobPoll(QueuedThreadPool.java:974)
        at app//org.eclipse.jetty.util.thread.QueuedThreadPool$Runner.run(QueuedThreadPool.java:1018)
        at java.base@21.0.6/java.lang.Thread.runWith(Thread.java:1596)
        at java.base@21.0.6/java.lang.Thread.run(Thread.java:1583)
"IPC Server handler 42 on default port 15001" daemon prio=5 tid=256 timed_waiting
java.lang.Thread.State: TIMED_WAITING
        at java.base@21.0.6/jdk.internal.misc.Unsafe.park(Native Method)
        at java.base@21.0.6/java.util.concurrent.locks.LockSupport.parkNanos(LockSupport.java:269)
        at java.base@21.0.6/java.util.concurrent.locks.AbstractQueuedSynchronizer$ConditionObject.awaitNanos(AbstractQueuedSynchronizer.java:1763)
        at java.base@21.0.6/java.util.concurrent.LinkedBlockingQueue.poll(LinkedBlockingQueue.java:460)
        at app//org.apache.hadoop.ipc.CallQueueManager.take(CallQueueManager.java:370)
        at app//org.apache.hadoop.ipc.Server$Handler.run(Server.java:3165)
"IPC Server handler 80 on default port 15001" daemon prio=5 tid=294 timed_waiting
java.lang.Thread.State: TIMED_WAITING
        at java.base@21.0.6/jdk.internal.misc.Unsafe.park(Native Method)
        at java.base@21.0.6/java.util.concurrent.locks.LockSupport.parkNanos(LockSupport.java:269)
        at java.base@21.0.6/java.util.concurrent.locks.AbstractQueuedSynchronizer$ConditionObject.awaitNanos(AbstractQueuedSynchronizer.java:1763)
        at java.base@21.0.6/java.util.concurrent.LinkedBlockingQueue.poll(LinkedBlockingQueue.java:460)
        at app//org.apache.hadoop.ipc.CallQueueManager.take(CallQueueManager.java:370)
        at app//org.apache.hadoop.ipc.Server$Handler.run(Server.java:3165)
"FixedThreadPoolWithAffinityExecutor-5-0" daemon prio=5 tid=102 timed_waiting
java.lang.Thread.State: TIMED_WAITING
        at java.base@21.0.6/jdk.internal.misc.Unsafe.park(Native Method)
        at java.base@21.0.6/java.util.concurrent.locks.LockSupport.parkNanos(LockSupport.java:269)
        at java.base@21.0.6/java.util.concurrent.locks.AbstractQueuedSynchronizer$ConditionObject.awaitNanos(AbstractQueuedSynchronizer.java:1763)
        at java.base@21.0.6/java.util.concurrent.LinkedBlockingQueue.poll(LinkedBlockingQueue.java:460)
        at app//org.apache.hadoop.hdds.scm.server.ContainerReportQueue.poll(ContainerReportQueue.java:269)
        at app//org.apache.hadoop.hdds.scm.server.ContainerReportQueue.poll(ContainerReportQueue.java:42)
        at app//org.apache.hadoop.hdds.server.events.FixedThreadPoolWithAffinityExecutor$ContainerReportProcessTask.run(FixedThreadPoolWithAffinityExecutor.java:252)
        at java.base@21.0.6/java.util.concurrent.Executors$RunnableAdapter.call(Executors.java:572)
        at java.base@21.0.6/java.util.concurrent.FutureTask.run(FutureTask.java:317)
        at java.base@21.0.6/java.util.concurrent.ThreadPoolExecutor.runWorker(ThreadPoolExecutor.java:1144)
        at java.base@21.0.6/java.util.concurrent.ThreadPoolExecutor$Worker.run(ThreadPoolExecutor.java:642)
        at java.base@21.0.6/java.lang.Thread.runWith(Thread.java:1596)
        at java.base@21.0.6/java.lang.Thread.run(Thread.java:1583)
"SnapshotCacheCleanupService" daemon prio=5 tid=435 timed_waiting
java.lang.Thread.State: TIMED_WAITING
        at java.base@21.0.6/jdk.internal.misc.Unsafe.park(Native Method)
        at java.base@21.0.6/java.util.concurrent.locks.LockSupport.parkNanos(LockSupport.java:269)
        at java.base@21.0.6/java.util.concurrent.locks.AbstractQueuedSynchronizer$ConditionObject.awaitNanos(AbstractQueuedSynchronizer.java:1763)
        at java.base@21.0.6/java.util.concurrent.ScheduledThreadPoolExecutor$DelayedWorkQueue.take(ScheduledThreadPoolExecutor.java:1182)
        at java.base@21.0.6/java.util.concurrent.ScheduledThreadPoolExecutor$DelayedWorkQueue.take(ScheduledThreadPoolExecutor.java:899)
        at java.base@21.0.6/java.util.concurrent.ThreadPoolExecutor.getTask(ThreadPoolExecutor.java:1070)
        at java.base@21.0.6/java.util.concurrent.ThreadPoolExecutor.runWorker(ThreadPoolExecutor.java:1130)
        at java.base@21.0.6/java.util.concurrent.ThreadPoolExecutor$Worker.run(ThreadPoolExecutor.java:642)
        at java.base@21.0.6/java.lang.Thread.runWith(Thread.java:1596)
        at java.base@21.0.6/java.lang.Thread.run(Thread.java:1583)
"6b36f32d-918c-46a3-bfcb-888cb423c6dd-RocksDBCompactionThread-0"  prio=5 tid=559 timed_waiting
java.lang.Thread.State: TIMED_WAITING
        at java.base@21.0.6/jdk.internal.misc.Unsafe.park(Native Method)
        at java.base@21.0.6/java.util.concurrent.locks.LockSupport.parkNanos(LockSupport.java:269)
        at java.base@21.0.6/java.util.concurrent.locks.AbstractQueuedSynchronizer$ConditionObject.awaitNanos(AbstractQueuedSynchronizer.java:1763)
        at java.base@21.0.6/java.util.concurrent.ScheduledThreadPoolExecutor$DelayedWorkQueue.take(ScheduledThreadPoolExecutor.java:1182)
        at java.base@21.0.6/java.util.concurrent.ScheduledThreadPoolExecutor$DelayedWorkQueue.take(ScheduledThreadPoolExecutor.java:899)
        at java.base@21.0.6/java.util.concurrent.ThreadPoolExecutor.getTask(ThreadPoolExecutor.java:1070)
        at java.base@21.0.6/java.util.concurrent.ThreadPoolExecutor.runWorker(ThreadPoolExecutor.java:1130)
        at java.base@21.0.6/java.util.concurrent.ThreadPoolExecutor$Worker.run(ThreadPoolExecutor.java:642)
        at java.base@21.0.6/java.lang.Thread.runWith(Thread.java:1596)
        at java.base@21.0.6/java.lang.Thread.run(Thread.java:1583)
"IPC Server handler 98 on default port 15002" daemon prio=5 tid=430 timed_waiting
java.lang.Thread.State: TIMED_WAITING
        at java.base@21.0.6/jdk.internal.misc.Unsafe.park(Native Method)
        at java.base@21.0.6/java.util.concurrent.locks.LockSupport.parkNanos(LockSupport.java:269)
        at java.base@21.0.6/java.util.concurrent.locks.AbstractQueuedSynchronizer$ConditionObject.awaitNanos(AbstractQueuedSynchronizer.java:1763)
        at java.base@21.0.6/java.util.concurrent.LinkedBlockingQueue.poll(LinkedBlockingQueue.java:460)
        at app//org.apache.hadoop.ipc.CallQueueManager.take(CallQueueManager.java:370)
        at app//org.apache.hadoop.ipc.Server$Handler.run(Server.java:3165)
"JvmPauseMonitor15" daemon prio=5 tid=2323 timed_waiting
java.lang.Thread.State: TIMED_WAITING
        at java.base@21.0.6/java.lang.Thread.sleep0(Native Method)
        at java.base@21.0.6/java.lang.Thread.sleep(Thread.java:558)
        at java.base@21.0.6/java.util.concurrent.TimeUnit.sleep(TimeUnit.java:446)
        at app//org.apache.ratis.util.TimeDuration.sleep(TimeDuration.java:353)
        at app//org.apache.ratis.util.TimeDuration.sleep(TimeDuration.java:338)
        at app//org.apache.ratis.util.JvmPauseMonitor.detectPause(JvmPauseMonitor.java:160)
        at app//org.apache.ratis.util.JvmPauseMonitor.run(JvmPauseMonitor.java:149)
        at app//org.apache.ratis.util.JvmPauseMonitor$$Lambda/0x00007f7e9c38d5c8.run(Unknown Source)
        at java.base@21.0.6/java.lang.Thread.runWith(Thread.java:1596)
        at java.base@21.0.6/java.lang.Thread.run(Thread.java:1583)
"2fdf8a61-8d2a-4048-aa8e-d82d5837d34a-ChunkReader-ELG-0" daemon prio=5 tid=1079 runnable
java.lang.Thread.State: RUNNABLE
        at app//org.apache.ratis.thirdparty.io.netty.channel.epoll.Native.epollWait0(Native Method)
        at app//org.apache.ratis.thirdparty.io.netty.channel.epoll.Native.epollWait(Native.java:193)
        at app//org.apache.ratis.thirdparty.io.netty.channel.epoll.EpollEventLoop.epollWait(EpollEventLoop.java:304)
        at app//org.apache.ratis.thirdparty.io.netty.channel.epoll.EpollEventLoop.run(EpollEventLoop.java:368)
        at app//org.apache.ratis.thirdparty.io.netty.util.concurrent.SingleThreadEventExecutor$4.run(SingleThreadEventExecutor.java:997)
        at app//org.apache.ratis.thirdparty.io.netty.util.internal.ThreadExecutorMap$2.run(ThreadExecutorMap.java:74)
        at java.base@21.0.6/java.lang.Thread.runWith(Thread.java:1596)
        at java.base@21.0.6/java.lang.Thread.run(Thread.java:1583)
"grpc-default-boss-ELG-1-1" daemon prio=5 tid=38 runnable
java.lang.Thread.State: RUNNABLE
        at app//org.apache.ratis.thirdparty.io.netty.channel.epoll.Native.epollWait(Native Method)
        at app//org.apache.ratis.thirdparty.io.netty.channel.epoll.Native.epollWait(Native.java:220)
        at app//org.apache.ratis.thirdparty.io.netty.channel.epoll.Native.epollWait(Native.java:213)
        at app//org.apache.ratis.thirdparty.io.netty.channel.epoll.EpollEventLoop.epollWaitNoTimerChange(EpollEventLoop.java:308)
        at app//org.apache.ratis.thirdparty.io.netty.channel.epoll.EpollEventLoop.run(EpollEventLoop.java:365)
        at app//org.apache.ratis.thirdparty.io.netty.util.concurrent.SingleThreadEventExecutor$4.run(SingleThreadEventExecutor.java:997)
        at app//org.apache.ratis.thirdparty.io.netty.util.internal.ThreadExecutorMap$2.run(ThreadExecutorMap.java:74)
        at app//org.apache.ratis.thirdparty.io.netty.util.concurrent.FastThreadLocalRunnable.run(FastThreadLocalRunnable.java:30)
        at java.base@21.0.6/java.lang.Thread.runWith(Thread.java:1596)
        at java.base@21.0.6/java.lang.Thread.run(Thread.java:1583)
"IPC Server handler 12 on default port 15006" daemon prio=5 tid=503 timed_waiting
java.lang.Thread.State: TIMED_WAITING
        at java.base@21.0.6/jdk.internal.misc.Unsafe.park(Native Method)
        at java.base@21.0.6/java.util.concurrent.locks.LockSupport.parkNanos(LockSupport.java:269)
        at java.base@21.0.6/java.util.concurrent.locks.AbstractQueuedSynchronizer$ConditionObject.awaitNanos(AbstractQueuedSynchronizer.java:1763)
        at java.base@21.0.6/java.util.concurrent.LinkedBlockingQueue.poll(LinkedBlockingQueue.java:460)
        at app//org.apache.hadoop.ipc.CallQueueManager.take(CallQueueManager.java:370)
        at app//org.apache.hadoop.ipc.Server$Handler.run(Server.java:3165)
"Hadoop-Metrics-Updater-0" daemon prio=5 tid=586 timed_waiting
java.lang.Thread.State: TIMED_WAITING
        at java.base@21.0.6/jdk.internal.misc.Unsafe.park(Native Method)
        at java.base@21.0.6/java.util.concurrent.locks.LockSupport.parkNanos(LockSupport.java:269)
        at java.base@21.0.6/java.util.concurrent.locks.AbstractQueuedSynchronizer$ConditionObject.awaitNanos(AbstractQueuedSynchronizer.java:1763)
        at java.base@21.0.6/java.util.concurrent.ScheduledThreadPoolExecutor$DelayedWorkQueue.take(ScheduledThreadPoolExecutor.java:1182)
        at java.base@21.0.6/java.util.concurrent.ScheduledThreadPoolExecutor$DelayedWorkQueue.take(ScheduledThreadPoolExecutor.java:899)
        at java.base@21.0.6/java.util.concurrent.ThreadPoolExecutor.getTask(ThreadPoolExecutor.java:1070)
        at java.base@21.0.6/java.util.concurrent.ThreadPoolExecutor.runWorker(ThreadPoolExecutor.java:1130)
        at java.base@21.0.6/java.util.concurrent.ThreadPoolExecutor$Worker.run(ThreadPoolExecutor.java:642)
        at java.base@21.0.6/java.lang.Thread.runWith(Thread.java:1596)
        at java.base@21.0.6/java.lang.Thread.run(Thread.java:1583)
"ccfadb7c-9180-4c4b-b969-671c642a7bd3@group-B04885C1B125-LeaderStateImpl" daemon prio=5 tid=1505 timed_waiting
java.lang.Thread.State: TIMED_WAITING
        at java.base@21.0.6/jdk.internal.misc.Unsafe.park(Native Method)
        at java.base@21.0.6/java.util.concurrent.locks.LockSupport.parkNanos(LockSupport.java:269)
        at java.base@21.0.6/java.util.concurrent.locks.AbstractQueuedSynchronizer$ConditionObject.awaitNanos(AbstractQueuedSynchronizer.java:1763)
        at java.base@21.0.6/java.util.concurrent.ArrayBlockingQueue.poll(ArrayBlockingQueue.java:435)
        at app//org.apache.ratis.server.impl.LeaderStateImpl$EventQueue.poll(LeaderStateImpl.java:164)
        at app//org.apache.ratis.server.impl.LeaderStateImpl$EventProcessor.run(LeaderStateImpl.java:763)
"Hadoop-Metrics-Updater-0" daemon prio=5 tid=2274 timed_waiting
java.lang.Thread.State: TIMED_WAITING
        at java.base@21.0.6/jdk.internal.misc.Unsafe.park(Native Method)
        at java.base@21.0.6/java.util.concurrent.locks.LockSupport.parkNanos(LockSupport.java:269)
        at java.base@21.0.6/java.util.concurrent.locks.AbstractQueuedSynchronizer$ConditionObject.awaitNanos(AbstractQueuedSynchronizer.java:1763)
        at java.base@21.0.6/java.util.concurrent.ScheduledThreadPoolExecutor$DelayedWorkQueue.take(ScheduledThreadPoolExecutor.java:1182)
        at java.base@21.0.6/java.util.concurrent.ScheduledThreadPoolExecutor$DelayedWorkQueue.take(ScheduledThreadPoolExecutor.java:899)
        at java.base@21.0.6/java.util.concurrent.ThreadPoolExecutor.getTask(ThreadPoolExecutor.java:1070)
        at java.base@21.0.6/java.util.concurrent.ThreadPoolExecutor.runWorker(ThreadPoolExecutor.java:1130)
        at java.base@21.0.6/java.util.concurrent.ThreadPoolExecutor$Worker.run(ThreadPoolExecutor.java:642)
        at java.base@21.0.6/java.lang.Thread.runWith(Thread.java:1596)
        at java.base@21.0.6/java.lang.Thread.run(Thread.java:1583)
"IPC Server handler 0 on default port 15006" daemon prio=5 tid=491 timed_waiting
java.lang.Thread.State: TIMED_WAITING
        at java.base@21.0.6/jdk.internal.misc.Unsafe.park(Native Method)
        at java.base@21.0.6/java.util.concurrent.locks.LockSupport.parkNanos(LockSupport.java:269)
        at java.base@21.0.6/java.util.concurrent.locks.AbstractQueuedSynchronizer$ConditionObject.awaitNanos(AbstractQueuedSynchronizer.java:1763)
        at java.base@21.0.6/java.util.concurrent.LinkedBlockingQueue.poll(LinkedBlockingQueue.java:460)
        at app//org.apache.hadoop.ipc.CallQueueManager.take(CallQueueManager.java:370)
        at app//org.apache.hadoop.ipc.Server$Handler.run(Server.java:3165)
"a13388fd-1835-4592-9b5c-4bd6c8202229@group-D681932E2C0D-StateMachineUpdater" daemon prio=5 tid=110 timed_waiting
java.lang.Thread.State: TIMED_WAITING
        at java.base@21.0.6/jdk.internal.misc.Unsafe.park(Native Method)
        at java.base@21.0.6/java.util.concurrent.locks.LockSupport.parkNanos(LockSupport.java:269)
        at java.base@21.0.6/java.util.concurrent.locks.AbstractQueuedSynchronizer$ConditionObject.await(AbstractQueuedSynchronizer.java:1852)
        at app//org.apache.ratis.util.AwaitForSignal.await(AwaitForSignal.java:65)
        at app//org.apache.ratis.server.impl.StateMachineUpdater.waitForCommit(StateMachineUpdater.java:219)
        at app//org.apache.ratis.server.impl.StateMachineUpdater.run(StateMachineUpdater.java:187)
        at java.base@21.0.6/java.lang.Thread.runWith(Thread.java:1596)
        at java.base@21.0.6/java.lang.Thread.run(Thread.java:1583)
"Hadoop-Metrics-Updater-0" daemon prio=5 tid=726 timed_waiting
java.lang.Thread.State: TIMED_WAITING
        at java.base@21.0.6/jdk.internal.misc.Unsafe.park(Native Method)
        at java.base@21.0.6/java.util.concurrent.locks.LockSupport.parkNanos(LockSupport.java:269)
        at java.base@21.0.6/java.util.concurrent.locks.AbstractQueuedSynchronizer$ConditionObject.awaitNanos(AbstractQueuedSynchronizer.java:1763)
        at java.base@21.0.6/java.util.concurrent.ScheduledThreadPoolExecutor$DelayedWorkQueue.take(ScheduledThreadPoolExecutor.java:1182)
        at java.base@21.0.6/java.util.concurrent.ScheduledThreadPoolExecutor$DelayedWorkQueue.take(ScheduledThreadPoolExecutor.java:899)
        at java.base@21.0.6/java.util.concurrent.ThreadPoolExecutor.getTask(ThreadPoolExecutor.java:1070)
        at java.base@21.0.6/java.util.concurrent.ThreadPoolExecutor.runWorker(ThreadPoolExecutor.java:1130)
        at java.base@21.0.6/java.util.concurrent.ThreadPoolExecutor$Worker.run(ThreadPoolExecutor.java:642)
        at java.base@21.0.6/java.lang.Thread.runWith(Thread.java:1596)
        at java.base@21.0.6/java.lang.Thread.run(Thread.java:1583)
"pool-293-thread-1" daemon prio=5 tid=1149 timed_waiting
java.lang.Thread.State: TIMED_WAITING
        at java.base@21.0.6/jdk.internal.misc.Unsafe.park(Native Method)
        at java.base@21.0.6/java.util.concurrent.locks.LockSupport.parkNanos(LockSupport.java:269)
        at java.base@21.0.6/java.util.concurrent.locks.AbstractQueuedSynchronizer$ConditionObject.awaitNanos(AbstractQueuedSynchronizer.java:1763)
        at java.base@21.0.6/java.util.concurrent.ScheduledThreadPoolExecutor$DelayedWorkQueue.take(ScheduledThreadPoolExecutor.java:1182)
        at java.base@21.0.6/java.util.concurrent.ScheduledThreadPoolExecutor$DelayedWorkQueue.take(ScheduledThreadPoolExecutor.java:899)
        at java.base@21.0.6/java.util.concurrent.ThreadPoolExecutor.getTask(ThreadPoolExecutor.java:1070)
        at java.base@21.0.6/java.util.concurrent.ThreadPoolExecutor.runWorker(ThreadPoolExecutor.java:1130)
        at java.base@21.0.6/java.util.concurrent.ThreadPoolExecutor$Worker.run(ThreadPoolExecutor.java:642)
        at java.base@21.0.6/java.lang.Thread.runWith(Thread.java:1596)
        at java.base@21.0.6/java.lang.Thread.run(Thread.java:1583)
"IPC Server handler 80 on default port 15000" daemon prio=5 tid=194 timed_waiting
java.lang.Thread.State: TIMED_WAITING
        at java.base@21.0.6/jdk.internal.misc.Unsafe.park(Native Method)
        at java.base@21.0.6/java.util.concurrent.locks.LockSupport.parkNanos(LockSupport.java:269)
        at java.base@21.0.6/java.util.concurrent.locks.AbstractQueuedSynchronizer$ConditionObject.awaitNanos(AbstractQueuedSynchronizer.java:1763)
        at java.base@21.0.6/java.util.concurrent.LinkedBlockingQueue.poll(LinkedBlockingQueue.java:460)
        at app//org.apache.hadoop.ipc.CallQueueManager.take(CallQueueManager.java:370)
        at app//org.apache.hadoop.ipc.Server$Handler.run(Server.java:3165)
"eb965ba7-12a8-46f3-92c0-bc6ff5b3bf3b-ContainerOp-e1fc892c-095b-4650-8f0f-81341f4e2824-3"  prio=5 tid=2295 in Object.wait()
java.lang.Thread.State: WAITING (on object monitor)
        at java.base@21.0.6/jdk.internal.misc.Unsafe.park(Native Method)
        at java.base@21.0.6/java.util.concurrent.locks.LockSupport.park(LockSupport.java:371)
        at java.base@21.0.6/java.util.concurrent.locks.AbstractQueuedSynchronizer$ConditionNode.block(AbstractQueuedSynchronizer.java:519)
        at java.base@21.0.6/java.util.concurrent.ForkJoinPool.unmanagedBlock(ForkJoinPool.java:3780)
        at java.base@21.0.6/java.util.concurrent.ForkJoinPool.managedBlock(ForkJoinPool.java:3725)
        at java.base@21.0.6/java.util.concurrent.locks.AbstractQueuedSynchronizer$ConditionObject.await(AbstractQueuedSynchronizer.java:1712)
        at java.base@21.0.6/java.util.concurrent.LinkedBlockingQueue.take(LinkedBlockingQueue.java:435)
        at java.base@21.0.6/java.util.concurrent.ThreadPoolExecutor.getTask(ThreadPoolExecutor.java:1070)
        at java.base@21.0.6/java.util.concurrent.ThreadPoolExecutor.runWorker(ThreadPoolExecutor.java:1130)
        at java.base@21.0.6/java.util.concurrent.ThreadPoolExecutor$Worker.run(ThreadPoolExecutor.java:642)
        at java.base@21.0.6/java.lang.Thread.runWith(Thread.java:1596)
        at java.base@21.0.6/java.lang.Thread.run(Thread.java:1583)
"2fdf8a61-8d2a-4048-aa8e-d82d5837d34a-ChunkReader-4" daemon prio=5 tid=2164 in Object.wait()
java.lang.Thread.State: WAITING (on object monitor)
        at java.base@21.0.6/jdk.internal.misc.Unsafe.park(Native Method)
        at java.base@21.0.6/java.util.concurrent.locks.LockSupport.park(LockSupport.java:371)
        at java.base@21.0.6/java.util.concurrent.locks.AbstractQueuedSynchronizer$ConditionNode.block(AbstractQueuedSynchronizer.java:519)
        at java.base@21.0.6/java.util.concurrent.ForkJoinPool.unmanagedBlock(ForkJoinPool.java:3780)
        at java.base@21.0.6/java.util.concurrent.ForkJoinPool.managedBlock(ForkJoinPool.java:3725)
        at java.base@21.0.6/java.util.concurrent.locks.AbstractQueuedSynchronizer$ConditionObject.await(AbstractQueuedSynchronizer.java:1712)
        at java.base@21.0.6/java.util.concurrent.LinkedBlockingQueue.take(LinkedBlockingQueue.java:435)
        at java.base@21.0.6/java.util.concurrent.ThreadPoolExecutor.getTask(ThreadPoolExecutor.java:1070)
        at java.base@21.0.6/java.util.concurrent.ThreadPoolExecutor.runWorker(ThreadPoolExecutor.java:1130)
        at java.base@21.0.6/java.util.concurrent.ThreadPoolExecutor$Worker.run(ThreadPoolExecutor.java:642)
        at java.base@21.0.6/java.lang.Thread.runWith(Thread.java:1596)
        at java.base@21.0.6/java.lang.Thread.run(Thread.java:1583)
"2dcfdddc-a76f-4d49-b174-7a2bddacee37-CloseContainerThread-1"  prio=5 tid=2059 in Object.wait()
java.lang.Thread.State: WAITING (on object monitor)
        at java.base@21.0.6/jdk.internal.misc.Unsafe.park(Native Method)
        at java.base@21.0.6/java.util.concurrent.locks.LockSupport.park(LockSupport.java:371)
        at java.base@21.0.6/java.util.concurrent.locks.AbstractQueuedSynchronizer$ConditionNode.block(AbstractQueuedSynchronizer.java:519)
        at java.base@21.0.6/java.util.concurrent.ForkJoinPool.unmanagedBlock(ForkJoinPool.java:3780)
        at java.base@21.0.6/java.util.concurrent.ForkJoinPool.managedBlock(ForkJoinPool.java:3725)
        at java.base@21.0.6/java.util.concurrent.locks.AbstractQueuedSynchronizer$ConditionObject.await(AbstractQueuedSynchronizer.java:1712)
        at java.base@21.0.6/java.util.concurrent.LinkedBlockingQueue.take(LinkedBlockingQueue.java:435)
        at java.base@21.0.6/java.util.concurrent.ThreadPoolExecutor.getTask(ThreadPoolExecutor.java:1070)
        at java.base@21.0.6/java.util.concurrent.ThreadPoolExecutor.runWorker(ThreadPoolExecutor.java:1130)
        at java.base@21.0.6/java.util.concurrent.ThreadPoolExecutor$Worker.run(ThreadPoolExecutor.java:642)
        at java.base@21.0.6/java.lang.Thread.runWith(Thread.java:1596)
        at java.base@21.0.6/java.lang.Thread.run(Thread.java:1583)
"IPC Server handler 48 on default port 15002" daemon prio=5 tid=380 timed_waiting
java.lang.Thread.State: TIMED_WAITING
        at java.base@21.0.6/jdk.internal.misc.Unsafe.park(Native Method)
        at java.base@21.0.6/java.util.concurrent.locks.LockSupport.parkNanos(LockSupport.java:269)
        at java.base@21.0.6/java.util.concurrent.locks.AbstractQueuedSynchronizer$ConditionObject.awaitNanos(AbstractQueuedSynchronizer.java:1763)
        at java.base@21.0.6/java.util.concurrent.LinkedBlockingQueue.poll(LinkedBlockingQueue.java:460)
        at app//org.apache.hadoop.ipc.CallQueueManager.take(CallQueueManager.java:370)
        at app//org.apache.hadoop.ipc.Server$Handler.run(Server.java:3165)
"qtp1705364626-658" daemon prio=5 tid=658 runnable
java.lang.Thread.State: RUNNABLE
        at java.base@21.0.6/sun.nio.ch.EPoll.wait(Native Method)
        at java.base@21.0.6/sun.nio.ch.EPollSelectorImpl.doSelect(EPollSelectorImpl.java:121)
        at java.base@21.0.6/sun.nio.ch.SelectorImpl.lockAndDoSelect(SelectorImpl.java:130)
        at java.base@21.0.6/sun.nio.ch.SelectorImpl.select(SelectorImpl.java:147)
        at app//org.eclipse.jetty.io.ManagedSelector.nioSelect(ManagedSelector.java:183)
        at app//org.eclipse.jetty.io.ManagedSelector.select(ManagedSelector.java:190)
        at app//org.eclipse.jetty.io.ManagedSelector$SelectorProducer.select(ManagedSelector.java:606)
        at app//org.eclipse.jetty.io.ManagedSelector$SelectorProducer.produce(ManagedSelector.java:543)
        at app//org.eclipse.jetty.util.thread.strategy.EatWhatYouKill.produceTask(EatWhatYouKill.java:362)
        at app//org.eclipse.jetty.util.thread.strategy.EatWhatYouKill.doProduce(EatWhatYouKill.java:186)
        at app//org.eclipse.jetty.util.thread.strategy.EatWhatYouKill.tryProduce(EatWhatYouKill.java:173)
        at app//org.eclipse.jetty.util.thread.strategy.EatWhatYouKill.produce(EatWhatYouKill.java:137)
        at app//org.eclipse.jetty.io.ManagedSelector$$Lambda/0x00007f7e9c660000.run(Unknown Source)
        at app//org.eclipse.jetty.util.thread.QueuedThreadPool.runJob(QueuedThreadPool.java:883)
        at app//org.eclipse.jetty.util.thread.QueuedThreadPool$Runner.run(QueuedThreadPool.java:1034)
        at java.base@21.0.6/java.lang.Thread.runWith(Thread.java:1596)
        at java.base@21.0.6/java.lang.Thread.run(Thread.java:1583)
"pool-193-thread-1" daemon prio=5 tid=1071 timed_waiting
java.lang.Thread.State: TIMED_WAITING
        at java.base@21.0.6/jdk.internal.misc.Unsafe.park(Native Method)
        at java.base@21.0.6/java.util.concurrent.locks.LockSupport.parkNanos(LockSupport.java:269)
        at java.base@21.0.6/java.util.concurrent.locks.AbstractQueuedSynchronizer$ConditionObject.awaitNanos(AbstractQueuedSynchronizer.java:1763)
        at java.base@21.0.6/java.util.concurrent.ScheduledThreadPoolExecutor$DelayedWorkQueue.take(ScheduledThreadPoolExecutor.java:1182)
        at java.base@21.0.6/java.util.concurrent.ScheduledThreadPoolExecutor$DelayedWorkQueue.take(ScheduledThreadPoolExecutor.java:899)
        at java.base@21.0.6/java.util.concurrent.ThreadPoolExecutor.getTask(ThreadPoolExecutor.java:1070)
        at java.base@21.0.6/java.util.concurrent.ThreadPoolExecutor.runWorker(ThreadPoolExecutor.java:1130)
        at java.base@21.0.6/java.util.concurrent.ThreadPoolExecutor$Worker.run(ThreadPoolExecutor.java:642)
        at java.base@21.0.6/java.lang.Thread.runWith(Thread.java:1596)
        at java.base@21.0.6/java.lang.Thread.run(Thread.java:1583)
"IPC Server handler 12 on default port 15002" daemon prio=5 tid=344 timed_waiting
java.lang.Thread.State: TIMED_WAITING
        at java.base@21.0.6/jdk.internal.misc.Unsafe.park(Native Method)
        at java.base@21.0.6/java.util.concurrent.locks.LockSupport.parkNanos(LockSupport.java:269)
        at java.base@21.0.6/java.util.concurrent.locks.AbstractQueuedSynchronizer$ConditionObject.awaitNanos(AbstractQueuedSynchronizer.java:1763)
        at java.base@21.0.6/java.util.concurrent.LinkedBlockingQueue.poll(LinkedBlockingQueue.java:460)
        at app//org.apache.hadoop.ipc.CallQueueManager.take(CallQueueManager.java:370)
        at app//org.apache.hadoop.ipc.Server$Handler.run(Server.java:3165)
"e20a886d-0459-4371-959f-f9bdb6931571@group-28DA08368176-StateMachineUpdater" daemon prio=5 tid=1325 timed_waiting
java.lang.Thread.State: TIMED_WAITING
        at java.base@21.0.6/jdk.internal.misc.Unsafe.park(Native Method)
        at java.base@21.0.6/java.util.concurrent.locks.LockSupport.parkNanos(LockSupport.java:269)
        at java.base@21.0.6/java.util.concurrent.locks.AbstractQueuedSynchronizer$ConditionObject.await(AbstractQueuedSynchronizer.java:1852)
        at app//org.apache.ratis.util.AwaitForSignal.await(AwaitForSignal.java:65)
        at app//org.apache.ratis.server.impl.StateMachineUpdater.waitForCommit(StateMachineUpdater.java:219)
        at app//org.apache.ratis.server.impl.StateMachineUpdater.run(StateMachineUpdater.java:187)
        at java.base@21.0.6/java.lang.Thread.runWith(Thread.java:1596)
        at java.base@21.0.6/java.lang.Thread.run(Thread.java:1583)
"surefire-forkedjvm-command-thread" daemon prio=5 tid=23 runnable
java.lang.Thread.State: RUNNABLE
        at java.base@21.0.6/java.io.FileInputStream.readBytes(Native Method)
        at java.base@21.0.6/java.io.FileInputStream.read(FileInputStream.java:287)
        at java.base@21.0.6/java.io.BufferedInputStream.fill(BufferedInputStream.java:291)
        at java.base@21.0.6/java.io.BufferedInputStream.read1(BufferedInputStream.java:347)
        at java.base@21.0.6/java.io.BufferedInputStream.implRead(BufferedInputStream.java:420)
        at java.base@21.0.6/java.io.BufferedInputStream.read(BufferedInputStream.java:399)
        at java.base@21.0.6/java.io.DataInputStream.readFully(DataInputStream.java:208)
        at java.base@21.0.6/java.io.DataInputStream.readInt(DataInputStream.java:385)
        at app//org.apache.maven.surefire.booter.MasterProcessCommand.decode(MasterProcessCommand.java:113)
        at app//org.apache.maven.surefire.booter.CommandReader$CommandRunnable.run(CommandReader.java:383)
        at java.base@21.0.6/java.lang.Thread.runWith(Thread.java:1596)
        at java.base@21.0.6/java.lang.Thread.run(Thread.java:1583)
"42086d8c-c943-47d6-a5f9-799709872375-DatanodeReportManager-0" daemon prio=5 tid=738 in Object.wait()
java.lang.Thread.State: WAITING (on object monitor)
        at java.base@21.0.6/jdk.internal.misc.Unsafe.park(Native Method)
        at java.base@21.0.6/java.util.concurrent.locks.LockSupport.park(LockSupport.java:371)
        at java.base@21.0.6/java.util.concurrent.locks.AbstractQueuedSynchronizer$ConditionNode.block(AbstractQueuedSynchronizer.java:519)
        at java.base@21.0.6/java.util.concurrent.ForkJoinPool.unmanagedBlock(ForkJoinPool.java:3780)
        at java.base@21.0.6/java.util.concurrent.ForkJoinPool.managedBlock(ForkJoinPool.java:3725)
        at java.base@21.0.6/java.util.concurrent.locks.AbstractQueuedSynchronizer$ConditionObject.await(AbstractQueuedSynchronizer.java:1712)
        at java.base@21.0.6/java.util.concurrent.ScheduledThreadPoolExecutor$DelayedWorkQueue.take(ScheduledThreadPoolExecutor.java:1177)
        at java.base@21.0.6/java.util.concurrent.ScheduledThreadPoolExecutor$DelayedWorkQueue.take(ScheduledThreadPoolExecutor.java:899)
        at java.base@21.0.6/java.util.concurrent.ThreadPoolExecutor.getTask(ThreadPoolExecutor.java:1070)
        at java.base@21.0.6/java.util.concurrent.ThreadPoolExecutor.runWorker(ThreadPoolExecutor.java:1130)
        at java.base@21.0.6/java.util.concurrent.ThreadPoolExecutor$Worker.run(ThreadPoolExecutor.java:642)
        at java.base@21.0.6/java.lang.Thread.runWith(Thread.java:1596)
        at java.base@21.0.6/java.lang.Thread.run(Thread.java:1583)
"IPC Server listener on 15075" daemon prio=5 tid=851 runnable
java.lang.Thread.State: RUNNABLE
        at java.base@21.0.6/sun.nio.ch.EPoll.wait(Native Method)
        at java.base@21.0.6/sun.nio.ch.EPollSelectorImpl.doSelect(EPollSelectorImpl.java:121)
        at java.base@21.0.6/sun.nio.ch.SelectorImpl.lockAndDoSelect(SelectorImpl.java:130)
        at java.base@21.0.6/sun.nio.ch.SelectorImpl.select(SelectorImpl.java:147)
        at app//org.apache.hadoop.ipc.Server$Listener.run(Server.java:1559)
"qtp1315138370-751" daemon prio=5 tid=751 runnable
java.lang.Thread.State: RUNNABLE
        at java.base@21.0.6/sun.nio.ch.EPoll.wait(Native Method)
        at java.base@21.0.6/sun.nio.ch.EPollSelectorImpl.doSelect(EPollSelectorImpl.java:121)
        at java.base@21.0.6/sun.nio.ch.SelectorImpl.lockAndDoSelect(SelectorImpl.java:130)
        at java.base@21.0.6/sun.nio.ch.SelectorImpl.select(SelectorImpl.java:147)
        at app//org.eclipse.jetty.io.ManagedSelector.nioSelect(ManagedSelector.java:183)
        at app//org.eclipse.jetty.io.ManagedSelector.select(ManagedSelector.java:190)
        at app//org.eclipse.jetty.io.ManagedSelector$SelectorProducer.select(ManagedSelector.java:606)
        at app//org.eclipse.jetty.io.ManagedSelector$SelectorProducer.produce(ManagedSelector.java:543)
        at app//org.eclipse.jetty.util.thread.strategy.EatWhatYouKill.produceTask(EatWhatYouKill.java:362)
        at app//org.eclipse.jetty.util.thread.strategy.EatWhatYouKill.doProduce(EatWhatYouKill.java:186)
        at app//org.eclipse.jetty.util.thread.strategy.EatWhatYouKill.tryProduce(EatWhatYouKill.java:173)
        at app//org.eclipse.jetty.util.thread.strategy.EatWhatYouKill.produce(EatWhatYouKill.java:137)
        at app//org.eclipse.jetty.io.ManagedSelector$$Lambda/0x00007f7e9c660000.run(Unknown Source)
        at app//org.eclipse.jetty.util.thread.QueuedThreadPool.runJob(QueuedThreadPool.java:883)
        at app//org.eclipse.jetty.util.thread.QueuedThreadPool$Runner.run(QueuedThreadPool.java:1034)
        at java.base@21.0.6/java.lang.Thread.runWith(Thread.java:1596)
        at java.base@21.0.6/java.lang.Thread.run(Thread.java:1583)
"Socket Reader #9 for port 15006"  prio=5 tid=451 runnable
java.lang.Thread.State: RUNNABLE
        at java.base@21.0.6/sun.nio.ch.EPoll.wait(Native Method)
        at java.base@21.0.6/sun.nio.ch.EPollSelectorImpl.doSelect(EPollSelectorImpl.java:121)
        at java.base@21.0.6/sun.nio.ch.SelectorImpl.lockAndDoSelect(SelectorImpl.java:130)
        at java.base@21.0.6/sun.nio.ch.SelectorImpl.select(SelectorImpl.java:147)
        at app//org.apache.hadoop.ipc.Server$Listener$Reader.doRunLoop(Server.java:1497)
        at app//org.apache.hadoop.ipc.Server$Listener$Reader.run(Server.java:1476)
"2fdf8a61-8d2a-4048-aa8e-d82d5837d34a@group-4434D0010B67-SegmentedRaftLogWorker" daemon prio=5 tid=2362 timed_waiting
java.lang.Thread.State: TIMED_WAITING
        at java.base@21.0.6/jdk.internal.misc.Unsafe.park(Native Method)
        at java.base@21.0.6/java.util.concurrent.locks.LockSupport.parkNanos(LockSupport.java:269)
        at java.base@21.0.6/java.util.concurrent.locks.AbstractQueuedSynchronizer$ConditionObject.awaitNanos(AbstractQueuedSynchronizer.java:1763)
        at app//org.apache.ratis.util.DataBlockingQueue.poll(DataBlockingQueue.java:148)
        at app//org.apache.ratis.server.raftlog.segmented.SegmentedRaftLogWorker.run(SegmentedRaftLogWorker.java:307)
        at app//org.apache.ratis.server.raftlog.segmented.SegmentedRaftLogWorker$$Lambda/0x00007f7e9c334fd8.run(Unknown Source)
        at java.base@21.0.6/java.util.concurrent.Executors$RunnableAdapter.call(Executors.java:572)
        at java.base@21.0.6/java.util.concurrent.FutureTask.run(FutureTask.java:317)
        at java.base@21.0.6/java.util.concurrent.ThreadPoolExecutor.runWorker(ThreadPoolExecutor.java:1144)
        at java.base@21.0.6/java.util.concurrent.ThreadPoolExecutor$Worker.run(ThreadPoolExecutor.java:642)
        at java.base@21.0.6/java.lang.Thread.runWith(Thread.java:1596)
        at java.base@21.0.6/java.lang.Thread.run(Thread.java:1583)
"Socket Reader #5 for port 15000"  prio=5 tid=88 runnable
java.lang.Thread.State: RUNNABLE
        at java.base@21.0.6/sun.nio.ch.EPoll.wait(Native Method)
        at java.base@21.0.6/sun.nio.ch.EPollSelectorImpl.doSelect(EPollSelectorImpl.java:121)
        at java.base@21.0.6/sun.nio.ch.SelectorImpl.lockAndDoSelect(SelectorImpl.java:130)
        at java.base@21.0.6/sun.nio.ch.SelectorImpl.select(SelectorImpl.java:147)
        at app//org.apache.hadoop.ipc.Server$Listener$Reader.doRunLoop(Server.java:1497)
        at app//org.apache.hadoop.ipc.Server$Listener$Reader.run(Server.java:1476)
"Socket Reader #2 for port 15030"  prio=5 tid=623 runnable
java.lang.Thread.State: RUNNABLE
        at java.base@21.0.6/sun.nio.ch.EPoll.wait(Native Method)
        at java.base@21.0.6/sun.nio.ch.EPollSelectorImpl.doSelect(EPollSelectorImpl.java:121)
        at java.base@21.0.6/sun.nio.ch.SelectorImpl.lockAndDoSelect(SelectorImpl.java:130)
        at java.base@21.0.6/sun.nio.ch.SelectorImpl.select(SelectorImpl.java:147)
        at app//org.apache.hadoop.ipc.Server$Listener$Reader.doRunLoop(Server.java:1497)
        at app//org.apache.hadoop.ipc.Server$Listener$Reader.run(Server.java:1476)
"Socket Reader #3 for port 15075"  prio=5 tid=854 runnable
java.lang.Thread.State: RUNNABLE
        at java.base@21.0.6/sun.nio.ch.EPoll.wait(Native Method)
        at java.base@21.0.6/sun.nio.ch.EPollSelectorImpl.doSelect(EPollSelectorImpl.java:121)
        at java.base@21.0.6/sun.nio.ch.SelectorImpl.lockAndDoSelect(SelectorImpl.java:130)
        at java.base@21.0.6/sun.nio.ch.SelectorImpl.select(SelectorImpl.java:147)
        at app//org.apache.hadoop.ipc.Server$Listener$Reader.doRunLoop(Server.java:1497)
        at app//org.apache.hadoop.ipc.Server$Listener$Reader.run(Server.java:1476)
"e20a886d-0459-4371-959f-f9bdb6931571@group-BBC2BE15DE85-FollowerState" daemon prio=5 tid=2071 timed_waiting
java.lang.Thread.State: TIMED_WAITING
        at java.base@21.0.6/java.lang.Thread.sleep0(Native Method)
        at java.base@21.0.6/java.lang.Thread.sleep(Thread.java:558)
        at java.base@21.0.6/java.util.concurrent.TimeUnit.sleep(TimeUnit.java:446)
        at app//org.apache.ratis.util.TimeDuration.sleep(TimeDuration.java:353)
        at app//org.apache.ratis.util.TimeDuration.sleep(TimeDuration.java:338)
        at app//org.apache.ratis.server.impl.FollowerState.runImpl(FollowerState.java:149)
        at app//org.apache.ratis.server.impl.FollowerState.run(FollowerState.java:130)
"IPC Server handler 1 on default port 15093" daemon prio=5 tid=958 timed_waiting
java.lang.Thread.State: TIMED_WAITING
        at java.base@21.0.6/jdk.internal.misc.Unsafe.park(Native Method)
        at java.base@21.0.6/java.util.concurrent.locks.LockSupport.parkNanos(LockSupport.java:269)
        at java.base@21.0.6/java.util.concurrent.locks.AbstractQueuedSynchronizer$ConditionObject.awaitNanos(AbstractQueuedSynchronizer.java:1763)
        at java.base@21.0.6/java.util.concurrent.LinkedBlockingQueue.poll(LinkedBlockingQueue.java:460)
        at app//org.apache.hadoop.ipc.CallQueueManager.take(CallQueueManager.java:370)
        at app//org.apache.hadoop.ipc.Server$Handler.run(Server.java:3165)
"IPC Server handler 43 on default port 15000" daemon prio=5 tid=157 timed_waiting
java.lang.Thread.State: TIMED_WAITING
        at java.base@21.0.6/jdk.internal.misc.Unsafe.park(Native Method)
        at java.base@21.0.6/java.util.concurrent.locks.LockSupport.parkNanos(LockSupport.java:269)
        at java.base@21.0.6/java.util.concurrent.locks.AbstractQueuedSynchronizer$ConditionObject.awaitNanos(AbstractQueuedSynchronizer.java:1763)
        at java.base@21.0.6/java.util.concurrent.LinkedBlockingQueue.poll(LinkedBlockingQueue.java:460)
        at app//org.apache.hadoop.ipc.CallQueueManager.take(CallQueueManager.java:370)
        at app//org.apache.hadoop.ipc.Server$Handler.run(Server.java:3165)
"om1-KeyDeletingService#0" daemon prio=5 tid=466 timed_waiting
java.lang.Thread.State: TIMED_WAITING
        at java.base@21.0.6/jdk.internal.misc.Unsafe.park(Native Method)
        at java.base@21.0.6/java.util.concurrent.locks.LockSupport.parkNanos(LockSupport.java:269)
        at java.base@21.0.6/java.util.concurrent.locks.AbstractQueuedSynchronizer$ConditionObject.awaitNanos(AbstractQueuedSynchronizer.java:1763)
        at java.base@21.0.6/java.util.concurrent.ScheduledThreadPoolExecutor$DelayedWorkQueue.take(ScheduledThreadPoolExecutor.java:1182)
        at java.base@21.0.6/java.util.concurrent.ScheduledThreadPoolExecutor$DelayedWorkQueue.take(ScheduledThreadPoolExecutor.java:899)
        at java.base@21.0.6/java.util.concurrent.ThreadPoolExecutor.getTask(ThreadPoolExecutor.java:1070)
        at java.base@21.0.6/java.util.concurrent.ThreadPoolExecutor.runWorker(ThreadPoolExecutor.java:1130)
        at java.base@21.0.6/java.util.concurrent.ThreadPoolExecutor$Worker.run(ThreadPoolExecutor.java:642)
        at java.base@21.0.6/java.lang.Thread.runWith(Thread.java:1596)
        at java.base@21.0.6/java.lang.Thread.run(Thread.java:1583)
"Socket Reader #3 for port 15057"  prio=5 tid=762 runnable
java.lang.Thread.State: RUNNABLE
        at java.base@21.0.6/sun.nio.ch.EPoll.wait(Native Method)
        at java.base@21.0.6/sun.nio.ch.EPollSelectorImpl.doSelect(EPollSelectorImpl.java:121)
        at java.base@21.0.6/sun.nio.ch.SelectorImpl.lockAndDoSelect(SelectorImpl.java:130)
        at java.base@21.0.6/sun.nio.ch.SelectorImpl.select(SelectorImpl.java:147)
        at app//org.apache.hadoop.ipc.Server$Listener$Reader.doRunLoop(Server.java:1497)
        at app//org.apache.hadoop.ipc.Server$Listener$Reader.run(Server.java:1476)
"qtp454923113-2248" daemon prio=5 tid=2248 timed_waiting
java.lang.Thread.State: TIMED_WAITING
        at java.base@21.0.6/jdk.internal.misc.Unsafe.park(Native Method)
        at java.base@21.0.6/java.util.concurrent.locks.LockSupport.parkNanos(LockSupport.java:269)
        at java.base@21.0.6/java.util.concurrent.locks.AbstractQueuedSynchronizer$ConditionObject.awaitNanos(AbstractQueuedSynchronizer.java:1763)
        at app//org.eclipse.jetty.util.BlockingArrayQueue.poll(BlockingArrayQueue.java:382)
        at app//org.eclipse.jetty.util.thread.QueuedThreadPool$Runner.idleJobPoll(QueuedThreadPool.java:974)
        at app//org.eclipse.jetty.util.thread.QueuedThreadPool$Runner.run(QueuedThreadPool.java:1018)
        at java.base@21.0.6/java.lang.Thread.runWith(Thread.java:1596)
        at java.base@21.0.6/java.lang.Thread.run(Thread.java:1583)
"IPC Server handler 0 on default port 15048" daemon prio=5 tid=727 timed_waiting
java.lang.Thread.State: TIMED_WAITING
        at java.base@21.0.6/jdk.internal.misc.Unsafe.park(Native Method)
        at java.base@21.0.6/java.util.concurrent.locks.LockSupport.parkNanos(LockSupport.java:269)
        at java.base@21.0.6/java.util.concurrent.locks.AbstractQueuedSynchronizer$ConditionObject.awaitNanos(AbstractQueuedSynchronizer.java:1763)
        at java.base@21.0.6/java.util.concurrent.LinkedBlockingQueue.poll(LinkedBlockingQueue.java:460)
        at app//org.apache.hadoop.ipc.CallQueueManager.take(CallQueueManager.java:370)
        at app//org.apache.hadoop.ipc.Server$Handler.run(Server.java:3165)
"Socket Reader #7 for port 15039"  prio=5 tid=674 runnable
java.lang.Thread.State: RUNNABLE
        at java.base@21.0.6/sun.nio.ch.EPoll.wait(Native Method)
        at java.base@21.0.6/sun.nio.ch.EPollSelectorImpl.doSelect(EPollSelectorImpl.java:121)
        at java.base@21.0.6/sun.nio.ch.SelectorImpl.lockAndDoSelect(SelectorImpl.java:130)
        at java.base@21.0.6/sun.nio.ch.SelectorImpl.select(SelectorImpl.java:147)
        at app//org.apache.hadoop.ipc.Server$Listener$Reader.doRunLoop(Server.java:1497)
        at app//org.apache.hadoop.ipc.Server$Listener$Reader.run(Server.java:1476)
"2fdf8a61-8d2a-4048-aa8e-d82d5837d34a@group-A68B45278972-cacheEviction-AwaitToRun" daemon prio=5 tid=1248 in Object.wait()
java.lang.Thread.State: WAITING (on object monitor)
        at java.base@21.0.6/jdk.internal.misc.Unsafe.park(Native Method)
        at java.base@21.0.6/java.util.concurrent.locks.LockSupport.park(LockSupport.java:371)
        at java.base@21.0.6/java.util.concurrent.locks.AbstractQueuedSynchronizer$ConditionNode.block(AbstractQueuedSynchronizer.java:519)
        at java.base@21.0.6/java.util.concurrent.ForkJoinPool.unmanagedBlock(ForkJoinPool.java:3780)
        at java.base@21.0.6/java.util.concurrent.ForkJoinPool.managedBlock(ForkJoinPool.java:3725)
        at java.base@21.0.6/java.util.concurrent.locks.AbstractQueuedSynchronizer$ConditionObject.await(AbstractQueuedSynchronizer.java:1712)
        at app//org.apache.ratis.util.AwaitForSignal.await(AwaitForSignal.java:48)
        at app//org.apache.ratis.util.AwaitToRun$RunnableImpl.run(AwaitToRun.java:47)
        at java.base@21.0.6/java.lang.Thread.runWith(Thread.java:1596)
        at java.base@21.0.6/java.lang.Thread.run(Thread.java:1583)
"Timer for 'StorageContainerManager' metrics system" daemon prio=5 tid=113 timed_waiting
java.lang.Thread.State: TIMED_WAITING
        at java.base@21.0.6/java.lang.Object.wait0(Native Method)
        at java.base@21.0.6/java.lang.Object.wait(Object.java:366)
        at java.base@21.0.6/java.util.TimerThread.mainLoop(Timer.java:563)
        at java.base@21.0.6/java.util.TimerThread.run(Timer.java:516)
"25fe7083-9332-4190-accf-9f4542114dd9-groupManagement" daemon prio=5 tid=1997 in Object.wait()
java.lang.Thread.State: WAITING (on object monitor)
        at java.base@21.0.6/jdk.internal.misc.Unsafe.park(Native Method)
        at java.base@21.0.6/java.util.concurrent.locks.LockSupport.park(LockSupport.java:371)
        at java.base@21.0.6/java.util.concurrent.locks.AbstractQueuedSynchronizer$ConditionNode.block(AbstractQueuedSynchronizer.java:519)
        at java.base@21.0.6/java.util.concurrent.ForkJoinPool.unmanagedBlock(ForkJoinPool.java:3780)
        at java.base@21.0.6/java.util.concurrent.ForkJoinPool.managedBlock(ForkJoinPool.java:3725)
        at java.base@21.0.6/java.util.concurrent.locks.AbstractQueuedSynchronizer$ConditionObject.await(AbstractQueuedSynchronizer.java:1712)
        at java.base@21.0.6/java.util.concurrent.LinkedBlockingQueue.take(LinkedBlockingQueue.java:435)
        at java.base@21.0.6/java.util.concurrent.ThreadPoolExecutor.getTask(ThreadPoolExecutor.java:1070)
        at java.base@21.0.6/java.util.concurrent.ThreadPoolExecutor.runWorker(ThreadPoolExecutor.java:1130)
        at java.base@21.0.6/java.util.concurrent.ThreadPoolExecutor$Worker.run(ThreadPoolExecutor.java:642)
        at java.base@21.0.6/java.lang.Thread.runWith(Thread.java:1596)
        at java.base@21.0.6/java.lang.Thread.run(Thread.java:1583)
"IPC Server handler 92 on default port 15002" daemon prio=5 tid=424 timed_waiting
java.lang.Thread.State: TIMED_WAITING
        at java.base@21.0.6/jdk.internal.misc.Unsafe.park(Native Method)
        at java.base@21.0.6/java.util.concurrent.locks.LockSupport.parkNanos(LockSupport.java:269)
        at java.base@21.0.6/java.util.concurrent.locks.AbstractQueuedSynchronizer$ConditionObject.awaitNanos(AbstractQueuedSynchronizer.java:1763)
        at java.base@21.0.6/java.util.concurrent.LinkedBlockingQueue.poll(LinkedBlockingQueue.java:460)
        at app//org.apache.hadoop.ipc.CallQueueManager.take(CallQueueManager.java:370)
        at app//org.apache.hadoop.ipc.Server$Handler.run(Server.java:3165)
"IPC Server handler 90 on default port 15001" daemon prio=5 tid=304 timed_waiting
java.lang.Thread.State: TIMED_WAITING
        at java.base@21.0.6/jdk.internal.misc.Unsafe.park(Native Method)
        at java.base@21.0.6/java.util.concurrent.locks.LockSupport.parkNanos(LockSupport.java:269)
        at java.base@21.0.6/java.util.concurrent.locks.AbstractQueuedSynchronizer$ConditionObject.awaitNanos(AbstractQueuedSynchronizer.java:1763)
        at java.base@21.0.6/java.util.concurrent.LinkedBlockingQueue.poll(LinkedBlockingQueue.java:460)
        at app//org.apache.hadoop.ipc.CallQueueManager.take(CallQueueManager.java:370)
        at app//org.apache.hadoop.ipc.Server$Handler.run(Server.java:3165)
"46d11c6d-db9b-44c9-8985-212dd9cf6636-PeriodicHDDSVolumeChecker" daemon prio=5 tid=1087 timed_waiting
java.lang.Thread.State: TIMED_WAITING
        at java.base@21.0.6/jdk.internal.misc.Unsafe.park(Native Method)
        at java.base@21.0.6/java.util.concurrent.locks.LockSupport.parkNanos(LockSupport.java:269)
        at java.base@21.0.6/java.util.concurrent.locks.AbstractQueuedSynchronizer$ConditionObject.awaitNanos(AbstractQueuedSynchronizer.java:1763)
        at java.base@21.0.6/java.util.concurrent.ScheduledThreadPoolExecutor$DelayedWorkQueue.take(ScheduledThreadPoolExecutor.java:1182)
        at java.base@21.0.6/java.util.concurrent.ScheduledThreadPoolExecutor$DelayedWorkQueue.take(ScheduledThreadPoolExecutor.java:899)
        at java.base@21.0.6/java.util.concurrent.ThreadPoolExecutor.getTask(ThreadPoolExecutor.java:1070)
        at java.base@21.0.6/java.util.concurrent.ThreadPoolExecutor.runWorker(ThreadPoolExecutor.java:1130)
        at java.base@21.0.6/java.util.concurrent.ThreadPoolExecutor$Worker.run(ThreadPoolExecutor.java:642)
        at java.base@21.0.6/java.lang.Thread.runWith(Thread.java:1596)
        at java.base@21.0.6/java.lang.Thread.run(Thread.java:1583)
"IPC Server handler 1 on default port 15000" daemon prio=5 tid=115 timed_waiting
java.lang.Thread.State: TIMED_WAITING
        at java.base@21.0.6/jdk.internal.misc.Unsafe.park(Native Method)
        at java.base@21.0.6/java.util.concurrent.locks.LockSupport.parkNanos(LockSupport.java:269)
        at java.base@21.0.6/java.util.concurrent.locks.AbstractQueuedSynchronizer$ConditionObject.awaitNanos(AbstractQueuedSynchronizer.java:1763)
        at java.base@21.0.6/java.util.concurrent.LinkedBlockingQueue.poll(LinkedBlockingQueue.java:460)
        at app//org.apache.hadoop.ipc.CallQueueManager.take(CallQueueManager.java:370)
        at app//org.apache.hadoop.ipc.Server$Handler.run(Server.java:3165)
"IPC Server handler 35 on default port 15002" daemon prio=5 tid=367 timed_waiting
java.lang.Thread.State: TIMED_WAITING
        at java.base@21.0.6/jdk.internal.misc.Unsafe.park(Native Method)
        at java.base@21.0.6/java.util.concurrent.locks.LockSupport.parkNanos(LockSupport.java:269)
        at java.base@21.0.6/java.util.concurrent.locks.AbstractQueuedSynchronizer$ConditionObject.awaitNanos(AbstractQueuedSynchronizer.java:1763)
        at java.base@21.0.6/java.util.concurrent.LinkedBlockingQueue.poll(LinkedBlockingQueue.java:460)
        at app//org.apache.hadoop.ipc.CallQueueManager.take(CallQueueManager.java:370)
        at app//org.apache.hadoop.ipc.Server$Handler.run(Server.java:3165)
"2fdf8a61-8d2a-4048-aa8e-d82d5837d34a-CommandProcessorThread" daemon prio=5 tid=788 timed_waiting
java.lang.Thread.State: TIMED_WAITING
        at java.base@21.0.6/java.lang.Thread.sleep0(Native Method)
        at java.base@21.0.6/java.lang.Thread.sleep(Thread.java:509)
        at app//org.apache.hadoop.ozone.container.common.statemachine.DatanodeStateMachine.lambda$initCommandHandlerThread$4(DatanodeStateMachine.java:669)
        at app//org.apache.hadoop.ozone.container.common.statemachine.DatanodeStateMachine$$Lambda/0x00007f7e9c7d6b80.run(Unknown Source)
        at java.base@21.0.6/java.lang.Thread.runWith(Thread.java:1596)
        at java.base@21.0.6/java.lang.Thread.run(Thread.java:1583)
"IPC Server handler 2 on default port 15000" daemon prio=5 tid=116 timed_waiting
java.lang.Thread.State: TIMED_WAITING
        at java.base@21.0.6/jdk.internal.misc.Unsafe.park(Native Method)
        at java.base@21.0.6/java.util.concurrent.locks.LockSupport.parkNanos(LockSupport.java:269)
        at java.base@21.0.6/java.util.concurrent.locks.AbstractQueuedSynchronizer$ConditionObject.awaitNanos(AbstractQueuedSynchronizer.java:1763)
        at java.base@21.0.6/java.util.concurrent.LinkedBlockingQueue.poll(LinkedBlockingQueue.java:460)
        at app//org.apache.hadoop.ipc.CallQueueManager.take(CallQueueManager.java:370)
        at app//org.apache.hadoop.ipc.Server$Handler.run(Server.java:3165)
"IPC Server handler 8 on default port 15093" daemon prio=5 tid=965 timed_waiting
java.lang.Thread.State: TIMED_WAITING
        at java.base@21.0.6/jdk.internal.misc.Unsafe.park(Native Method)
        at java.base@21.0.6/java.util.concurrent.locks.LockSupport.parkNanos(LockSupport.java:269)
        at java.base@21.0.6/java.util.concurrent.locks.AbstractQueuedSynchronizer$ConditionObject.awaitNanos(AbstractQueuedSynchronizer.java:1763)
        at java.base@21.0.6/java.util.concurrent.LinkedBlockingQueue.poll(LinkedBlockingQueue.java:460)
        at app//org.apache.hadoop.ipc.CallQueueManager.take(CallQueueManager.java:370)
        at app//org.apache.hadoop.ipc.Server$Handler.run(Server.java:3165)
"StaleRecoveringContainerScrubbingService#1" daemon prio=5 tid=1083 in Object.wait()
java.lang.Thread.State: WAITING (on object monitor)
        at java.base@21.0.6/jdk.internal.misc.Unsafe.park(Native Method)
        at java.base@21.0.6/java.util.concurrent.locks.LockSupport.park(LockSupport.java:371)
        at java.base@21.0.6/java.util.concurrent.locks.AbstractQueuedSynchronizer$ConditionNode.block(AbstractQueuedSynchronizer.java:519)
        at java.base@21.0.6/java.util.concurrent.ForkJoinPool.unmanagedBlock(ForkJoinPool.java:3780)
        at java.base@21.0.6/java.util.concurrent.ForkJoinPool.managedBlock(ForkJoinPool.java:3725)
        at java.base@21.0.6/java.util.concurrent.locks.AbstractQueuedSynchronizer$ConditionObject.await(AbstractQueuedSynchronizer.java:1712)
        at java.base@21.0.6/java.util.concurrent.ScheduledThreadPoolExecutor$DelayedWorkQueue.take(ScheduledThreadPoolExecutor.java:1177)
        at java.base@21.0.6/java.util.concurrent.ScheduledThreadPoolExecutor$DelayedWorkQueue.take(ScheduledThreadPoolExecutor.java:899)
        at java.base@21.0.6/java.util.concurrent.ThreadPoolExecutor.getTask(ThreadPoolExecutor.java:1070)
        at java.base@21.0.6/java.util.concurrent.ThreadPoolExecutor.runWorker(ThreadPoolExecutor.java:1130)
        at java.base@21.0.6/java.util.concurrent.ThreadPoolExecutor$Worker.run(ThreadPoolExecutor.java:642)
        at java.base@21.0.6/java.lang.Thread.runWith(Thread.java:1596)
        at java.base@21.0.6/java.lang.Thread.run(Thread.java:1583)
"JvmPauseMonitor10" daemon prio=5 tid=1114 timed_waiting
java.lang.Thread.State: TIMED_WAITING
        at java.base@21.0.6/java.lang.Thread.sleep0(Native Method)
        at java.base@21.0.6/java.lang.Thread.sleep(Thread.java:558)
        at java.base@21.0.6/java.util.concurrent.TimeUnit.sleep(TimeUnit.java:446)
        at app//org.apache.ratis.util.TimeDuration.sleep(TimeDuration.java:353)
        at app//org.apache.ratis.util.TimeDuration.sleep(TimeDuration.java:338)
        at app//org.apache.ratis.util.JvmPauseMonitor.detectPause(JvmPauseMonitor.java:160)
        at app//org.apache.ratis.util.JvmPauseMonitor.run(JvmPauseMonitor.java:149)
        at app//org.apache.ratis.util.JvmPauseMonitor$$Lambda/0x00007f7e9c38d5c8.run(Unknown Source)
        at java.base@21.0.6/java.lang.Thread.runWith(Thread.java:1596)
        at java.base@21.0.6/java.lang.Thread.run(Thread.java:1583)
"2fdf8a61-8d2a-4048-aa8e-d82d5837d34a-ChunkWriter-3-0" daemon prio=5 tid=1077 in Object.wait()
java.lang.Thread.State: WAITING (on object monitor)
        at java.base@21.0.6/jdk.internal.misc.Unsafe.park(Native Method)
        at java.base@21.0.6/java.util.concurrent.locks.LockSupport.park(LockSupport.java:371)
        at java.base@21.0.6/java.util.concurrent.locks.AbstractQueuedSynchronizer$ConditionNode.block(AbstractQueuedSynchronizer.java:519)
        at java.base@21.0.6/java.util.concurrent.ForkJoinPool.unmanagedBlock(ForkJoinPool.java:3780)
        at java.base@21.0.6/java.util.concurrent.ForkJoinPool.managedBlock(ForkJoinPool.java:3725)
        at java.base@21.0.6/java.util.concurrent.locks.AbstractQueuedSynchronizer$ConditionObject.await(AbstractQueuedSynchronizer.java:1712)
        at java.base@21.0.6/java.util.concurrent.LinkedBlockingDeque.takeFirst(LinkedBlockingDeque.java:485)
        at java.base@21.0.6/java.util.concurrent.LinkedBlockingDeque.take(LinkedBlockingDeque.java:673)
        at java.base@21.0.6/java.util.concurrent.ThreadPoolExecutor.getTask(ThreadPoolExecutor.java:1070)
        at java.base@21.0.6/java.util.concurrent.ThreadPoolExecutor.runWorker(ThreadPoolExecutor.java:1130)
        at java.base@21.0.6/java.util.concurrent.ThreadPoolExecutor$Worker.run(ThreadPoolExecutor.java:642)
        at java.base@21.0.6/java.lang.Thread.runWith(Thread.java:1596)
        at java.base@21.0.6/java.lang.Thread.run(Thread.java:1583)
"Socket Reader #4 for port 15084"  prio=5 tid=1917 runnable
java.lang.Thread.State: RUNNABLE
        at java.base@21.0.6/sun.nio.ch.EPoll.wait(Native Method)
        at java.base@21.0.6/sun.nio.ch.EPollSelectorImpl.doSelect(EPollSelectorImpl.java:121)
        at java.base@21.0.6/sun.nio.ch.SelectorImpl.lockAndDoSelect(SelectorImpl.java:130)
        at java.base@21.0.6/sun.nio.ch.SelectorImpl.select(SelectorImpl.java:147)
        at app//org.apache.hadoop.ipc.Server$Listener$Reader.doRunLoop(Server.java:1497)
        at app//org.apache.hadoop.ipc.Server$Listener$Reader.run(Server.java:1476)
"qtp1625390205-567" daemon prio=5 tid=567 timed_waiting
java.lang.Thread.State: TIMED_WAITING
        at java.base@21.0.6/jdk.internal.misc.Unsafe.park(Native Method)
        at java.base@21.0.6/java.util.concurrent.locks.LockSupport.parkNanos(LockSupport.java:269)
        at java.base@21.0.6/java.util.concurrent.locks.AbstractQueuedSynchronizer$ConditionObject.awaitNanos(AbstractQueuedSynchronizer.java:1763)
        at app//org.eclipse.jetty.util.BlockingArrayQueue.poll(BlockingArrayQueue.java:382)
        at app//org.eclipse.jetty.util.thread.QueuedThreadPool$Runner.idleJobPoll(QueuedThreadPool.java:974)
        at app//org.eclipse.jetty.util.thread.QueuedThreadPool$Runner.run(QueuedThreadPool.java:1018)
        at java.base@21.0.6/java.lang.Thread.runWith(Thread.java:1596)
        at java.base@21.0.6/java.lang.Thread.run(Thread.java:1583)
"IPC Server handler 50 on default port 15000" daemon prio=5 tid=164 timed_waiting
java.lang.Thread.State: TIMED_WAITING
        at java.base@21.0.6/jdk.internal.misc.Unsafe.park(Native Method)
        at java.base@21.0.6/java.util.concurrent.locks.LockSupport.parkNanos(LockSupport.java:269)
        at java.base@21.0.6/java.util.concurrent.locks.AbstractQueuedSynchronizer$ConditionObject.awaitNanos(AbstractQueuedSynchronizer.java:1763)
        at java.base@21.0.6/java.util.concurrent.LinkedBlockingQueue.poll(LinkedBlockingQueue.java:460)
        at app//org.apache.hadoop.ipc.CallQueueManager.take(CallQueueManager.java:370)
        at app//org.apache.hadoop.ipc.Server$Handler.run(Server.java:3165)
"timer5" daemon prio=5 tid=1396 timed_waiting
java.lang.Thread.State: TIMED_WAITING
        at java.base@21.0.6/java.lang.Object.wait0(Native Method)
        at java.base@21.0.6/java.lang.Object.wait(Object.java:366)
        at java.base@21.0.6/java.util.TimerThread.mainLoop(Timer.java:563)
        at java.base@21.0.6/java.util.TimerThread.run(Timer.java:516)
"IPC Server handler 40 on default port 15002" daemon prio=5 tid=372 timed_waiting
java.lang.Thread.State: TIMED_WAITING
        at java.base@21.0.6/jdk.internal.misc.Unsafe.park(Native Method)
        at java.base@21.0.6/java.util.concurrent.locks.LockSupport.parkNanos(LockSupport.java:269)
        at java.base@21.0.6/java.util.concurrent.locks.AbstractQueuedSynchronizer$ConditionObject.awaitNanos(AbstractQueuedSynchronizer.java:1763)
        at java.base@21.0.6/java.util.concurrent.LinkedBlockingQueue.poll(LinkedBlockingQueue.java:460)
        at app//org.apache.hadoop.ipc.CallQueueManager.take(CallQueueManager.java:370)
        at app//org.apache.hadoop.ipc.Server$Handler.run(Server.java:3165)
"42086d8c-c943-47d6-a5f9-799709872375-DatanodeStateMachineTaskThread-0"  prio=5 tid=743 in Object.wait()
java.lang.Thread.State: WAITING (on object monitor)
        at java.base@21.0.6/jdk.internal.misc.Unsafe.park(Native Method)
        at java.base@21.0.6/java.util.concurrent.locks.LockSupport.park(LockSupport.java:371)
        at java.base@21.0.6/java.util.concurrent.locks.AbstractQueuedSynchronizer$ConditionNode.block(AbstractQueuedSynchronizer.java:519)
        at java.base@21.0.6/java.util.concurrent.ForkJoinPool.unmanagedBlock(ForkJoinPool.java:3780)
        at java.base@21.0.6/java.util.concurrent.ForkJoinPool.managedBlock(ForkJoinPool.java:3725)
        at java.base@21.0.6/java.util.concurrent.locks.AbstractQueuedSynchronizer$ConditionObject.await(AbstractQueuedSynchronizer.java:1712)
        at java.base@21.0.6/java.util.concurrent.LinkedBlockingQueue.take(LinkedBlockingQueue.java:435)
        at java.base@21.0.6/java.util.concurrent.ThreadPoolExecutor.getTask(ThreadPoolExecutor.java:1070)
        at java.base@21.0.6/java.util.concurrent.ThreadPoolExecutor.runWorker(ThreadPoolExecutor.java:1130)
        at java.base@21.0.6/java.util.concurrent.ThreadPoolExecutor$Worker.run(ThreadPoolExecutor.java:642)
        at java.base@21.0.6/java.lang.Thread.runWith(Thread.java:1596)
        at java.base@21.0.6/java.lang.Thread.run(Thread.java:1583)
"49dd84ae-7ec9-4d92-bc53-345946144fea-ChunkWriter-0-0" daemon prio=5 tid=2312 in Object.wait()
java.lang.Thread.State: WAITING (on object monitor)
        at java.base@21.0.6/jdk.internal.misc.Unsafe.park(Native Method)
        at java.base@21.0.6/java.util.concurrent.locks.LockSupport.park(LockSupport.java:371)
        at java.base@21.0.6/java.util.concurrent.locks.AbstractQueuedSynchronizer$ConditionNode.block(AbstractQueuedSynchronizer.java:519)
        at java.base@21.0.6/java.util.concurrent.ForkJoinPool.unmanagedBlock(ForkJoinPool.java:3780)
        at java.base@21.0.6/java.util.concurrent.ForkJoinPool.managedBlock(ForkJoinPool.java:3725)
        at java.base@21.0.6/java.util.concurrent.locks.AbstractQueuedSynchronizer$ConditionObject.await(AbstractQueuedSynchronizer.java:1712)
        at java.base@21.0.6/java.util.concurrent.LinkedBlockingDeque.takeFirst(LinkedBlockingDeque.java:485)
        at java.base@21.0.6/java.util.concurrent.LinkedBlockingDeque.take(LinkedBlockingDeque.java:673)
        at java.base@21.0.6/java.util.concurrent.ThreadPoolExecutor.getTask(ThreadPoolExecutor.java:1070)
        at java.base@21.0.6/java.util.concurrent.ThreadPoolExecutor.runWorker(ThreadPoolExecutor.java:1130)
        at java.base@21.0.6/java.util.concurrent.ThreadPoolExecutor$Worker.run(ThreadPoolExecutor.java:642)
        at java.base@21.0.6/java.lang.Thread.runWith(Thread.java:1596)
        at java.base@21.0.6/java.lang.Thread.run(Thread.java:1583)
"StaleRecoveringContainerScrubbingService#0" daemon prio=5 tid=2326 timed_waiting
java.lang.Thread.State: TIMED_WAITING
        at java.base@21.0.6/jdk.internal.misc.Unsafe.park(Native Method)
        at java.base@21.0.6/java.util.concurrent.locks.LockSupport.parkNanos(LockSupport.java:269)
        at java.base@21.0.6/java.util.concurrent.locks.AbstractQueuedSynchronizer$ConditionObject.awaitNanos(AbstractQueuedSynchronizer.java:1763)
        at java.base@21.0.6/java.util.concurrent.ScheduledThreadPoolExecutor$DelayedWorkQueue.take(ScheduledThreadPoolExecutor.java:1182)
        at java.base@21.0.6/java.util.concurrent.ScheduledThreadPoolExecutor$DelayedWorkQueue.take(ScheduledThreadPoolExecutor.java:899)
        at java.base@21.0.6/java.util.concurrent.ThreadPoolExecutor.getTask(ThreadPoolExecutor.java:1070)
        at java.base@21.0.6/java.util.concurrent.ThreadPoolExecutor.runWorker(ThreadPoolExecutor.java:1130)
        at java.base@21.0.6/java.util.concurrent.ThreadPoolExecutor$Worker.run(ThreadPoolExecutor.java:642)
        at java.base@21.0.6/java.lang.Thread.runWith(Thread.java:1596)
        at java.base@21.0.6/java.lang.Thread.run(Thread.java:1583)
"IPC Server handler 3 on default port 15002" daemon prio=5 tid=335 timed_waiting
java.lang.Thread.State: TIMED_WAITING
        at java.base@21.0.6/jdk.internal.misc.Unsafe.park(Native Method)
        at java.base@21.0.6/java.util.concurrent.locks.LockSupport.parkNanos(LockSupport.java:269)
        at java.base@21.0.6/java.util.concurrent.locks.AbstractQueuedSynchronizer$ConditionObject.awaitNanos(AbstractQueuedSynchronizer.java:1763)
        at java.base@21.0.6/java.util.concurrent.LinkedBlockingQueue.poll(LinkedBlockingQueue.java:460)
        at app//org.apache.hadoop.ipc.CallQueueManager.take(CallQueueManager.java:370)
        at app//org.apache.hadoop.ipc.Server$Handler.run(Server.java:3165)
"Socket Reader #6 for port 15021"  prio=5 tid=579 runnable
java.lang.Thread.State: RUNNABLE
        at java.base@21.0.6/sun.nio.ch.EPoll.wait(Native Method)
        at java.base@21.0.6/sun.nio.ch.EPollSelectorImpl.doSelect(EPollSelectorImpl.java:121)
        at java.base@21.0.6/sun.nio.ch.SelectorImpl.lockAndDoSelect(SelectorImpl.java:130)
        at java.base@21.0.6/sun.nio.ch.SelectorImpl.select(SelectorImpl.java:147)
        at app//org.apache.hadoop.ipc.Server$Listener$Reader.doRunLoop(Server.java:1497)
        at app//org.apache.hadoop.ipc.Server$Listener$Reader.run(Server.java:1476)
"25fe7083-9332-4190-accf-9f4542114dd9-BlockDeletingService#2" daemon prio=5 tid=2419 in Object.wait()
java.lang.Thread.State: WAITING (on object monitor)
        at java.base@21.0.6/jdk.internal.misc.Unsafe.park(Native Method)
        at java.base@21.0.6/java.util.concurrent.locks.LockSupport.park(LockSupport.java:371)
        at java.base@21.0.6/java.util.concurrent.locks.AbstractQueuedSynchronizer$ConditionNode.block(AbstractQueuedSynchronizer.java:519)
        at java.base@21.0.6/java.util.concurrent.ForkJoinPool.unmanagedBlock(ForkJoinPool.java:3780)
        at java.base@21.0.6/java.util.concurrent.ForkJoinPool.managedBlock(ForkJoinPool.java:3725)
        at java.base@21.0.6/java.util.concurrent.locks.AbstractQueuedSynchronizer$ConditionObject.await(AbstractQueuedSynchronizer.java:1712)
        at java.base@21.0.6/java.util.concurrent.ScheduledThreadPoolExecutor$DelayedWorkQueue.take(ScheduledThreadPoolExecutor.java:1177)
        at java.base@21.0.6/java.util.concurrent.ScheduledThreadPoolExecutor$DelayedWorkQueue.take(ScheduledThreadPoolExecutor.java:899)
        at java.base@21.0.6/java.util.concurrent.ThreadPoolExecutor.getTask(ThreadPoolExecutor.java:1070)
        at java.base@21.0.6/java.util.concurrent.ThreadPoolExecutor.runWorker(ThreadPoolExecutor.java:1130)
        at java.base@21.0.6/java.util.concurrent.ThreadPoolExecutor$Worker.run(ThreadPoolExecutor.java:642)
        at java.base@21.0.6/java.lang.Thread.runWith(Thread.java:1596)
        at java.base@21.0.6/java.lang.Thread.run(Thread.java:1583)
"IPC Server handler 5 on default port 15000" daemon prio=5 tid=119 timed_waiting
java.lang.Thread.State: TIMED_WAITING
        at java.base@21.0.6/jdk.internal.misc.Unsafe.park(Native Method)
        at java.base@21.0.6/java.util.concurrent.locks.LockSupport.parkNanos(LockSupport.java:269)
        at java.base@21.0.6/java.util.concurrent.locks.AbstractQueuedSynchronizer$ConditionObject.awaitNanos(AbstractQueuedSynchronizer.java:1763)
        at java.base@21.0.6/java.util.concurrent.LinkedBlockingQueue.poll(LinkedBlockingQueue.java:460)
        at app//org.apache.hadoop.ipc.CallQueueManager.take(CallQueueManager.java:370)
        at app//org.apache.hadoop.ipc.Server$Handler.run(Server.java:3165)
"2dcfdddc-a76f-4d49-b174-7a2bddacee37-ChunkWriter-2-0" daemon prio=5 tid=1040 in Object.wait()
java.lang.Thread.State: WAITING (on object monitor)
        at java.base@21.0.6/jdk.internal.misc.Unsafe.park(Native Method)
        at java.base@21.0.6/java.util.concurrent.locks.LockSupport.park(LockSupport.java:371)
        at java.base@21.0.6/java.util.concurrent.locks.AbstractQueuedSynchronizer$ConditionNode.block(AbstractQueuedSynchronizer.java:519)
        at java.base@21.0.6/java.util.concurrent.ForkJoinPool.unmanagedBlock(ForkJoinPool.java:3780)
        at java.base@21.0.6/java.util.concurrent.ForkJoinPool.managedBlock(ForkJoinPool.java:3725)
        at java.base@21.0.6/java.util.concurrent.locks.AbstractQueuedSynchronizer$ConditionObject.await(AbstractQueuedSynchronizer.java:1712)
        at java.base@21.0.6/java.util.concurrent.LinkedBlockingDeque.takeFirst(LinkedBlockingDeque.java:485)
        at java.base@21.0.6/java.util.concurrent.LinkedBlockingDeque.take(LinkedBlockingDeque.java:673)
        at java.base@21.0.6/java.util.concurrent.ThreadPoolExecutor.getTask(ThreadPoolExecutor.java:1070)
        at java.base@21.0.6/java.util.concurrent.ThreadPoolExecutor.runWorker(ThreadPoolExecutor.java:1130)
        at java.base@21.0.6/java.util.concurrent.ThreadPoolExecutor$Worker.run(ThreadPoolExecutor.java:642)
        at java.base@21.0.6/java.lang.Thread.runWith(Thread.java:1596)
        at java.base@21.0.6/java.lang.Thread.run(Thread.java:1583)
"6b36f32d-918c-46a3-bfcb-888cb423c6dd-ContainerOp-e1fc892c-095b-4650-8f0f-81341f4e2824-8"  prio=5 tid=2415 in Object.wait()
java.lang.Thread.State: WAITING (on object monitor)
        at java.base@21.0.6/jdk.internal.misc.Unsafe.park(Native Method)
        at java.base@21.0.6/java.util.concurrent.locks.LockSupport.park(LockSupport.java:371)
        at java.base@21.0.6/java.util.concurrent.locks.AbstractQueuedSynchronizer$ConditionNode.block(AbstractQueuedSynchronizer.java:519)
        at java.base@21.0.6/java.util.concurrent.ForkJoinPool.unmanagedBlock(ForkJoinPool.java:3780)
        at java.base@21.0.6/java.util.concurrent.ForkJoinPool.managedBlock(ForkJoinPool.java:3725)
        at java.base@21.0.6/java.util.concurrent.locks.AbstractQueuedSynchronizer$ConditionObject.await(AbstractQueuedSynchronizer.java:1712)
        at java.base@21.0.6/java.util.concurrent.LinkedBlockingQueue.take(LinkedBlockingQueue.java:435)
        at java.base@21.0.6/java.util.concurrent.ThreadPoolExecutor.getTask(ThreadPoolExecutor.java:1070)
        at java.base@21.0.6/java.util.concurrent.ThreadPoolExecutor.runWorker(ThreadPoolExecutor.java:1130)
        at java.base@21.0.6/java.util.concurrent.ThreadPoolExecutor$Worker.run(ThreadPoolExecutor.java:642)
        at java.base@21.0.6/java.lang.Thread.runWith(Thread.java:1596)
        at java.base@21.0.6/java.lang.Thread.run(Thread.java:1583)
"IPC Server handler 6 on default port 15021" daemon prio=5 tid=593 timed_waiting
java.lang.Thread.State: TIMED_WAITING
        at java.base@21.0.6/jdk.internal.misc.Unsafe.park(Native Method)
        at java.base@21.0.6/java.util.concurrent.locks.LockSupport.parkNanos(LockSupport.java:269)
        at java.base@21.0.6/java.util.concurrent.locks.AbstractQueuedSynchronizer$ConditionObject.awaitNanos(AbstractQueuedSynchronizer.java:1763)
        at java.base@21.0.6/java.util.concurrent.LinkedBlockingQueue.poll(LinkedBlockingQueue.java:460)
        at app//org.apache.hadoop.ipc.CallQueueManager.take(CallQueueManager.java:370)
        at app//org.apache.hadoop.ipc.Server$Handler.run(Server.java:3165)
"2dcfdddc-a76f-4d49-b174-7a2bddacee37@group-5D3AD1A76108-StateMachineUpdater" daemon prio=5 tid=1242 timed_waiting
java.lang.Thread.State: TIMED_WAITING
        at java.base@21.0.6/jdk.internal.misc.Unsafe.park(Native Method)
        at java.base@21.0.6/java.util.concurrent.locks.LockSupport.parkNanos(LockSupport.java:269)
        at java.base@21.0.6/java.util.concurrent.locks.AbstractQueuedSynchronizer$ConditionObject.await(AbstractQueuedSynchronizer.java:1852)
        at app//org.apache.ratis.util.AwaitForSignal.await(AwaitForSignal.java:65)
        at app//org.apache.ratis.server.impl.StateMachineUpdater.waitForCommit(StateMachineUpdater.java:219)
        at app//org.apache.ratis.server.impl.StateMachineUpdater.run(StateMachineUpdater.java:187)
        at java.base@21.0.6/java.lang.Thread.runWith(Thread.java:1596)
        at java.base@21.0.6/java.lang.Thread.run(Thread.java:1583)
"IPC Server handler 4 on default port 15021" daemon prio=5 tid=591 timed_waiting
java.lang.Thread.State: TIMED_WAITING
        at java.base@21.0.6/jdk.internal.misc.Unsafe.park(Native Method)
        at java.base@21.0.6/java.util.concurrent.locks.LockSupport.parkNanos(LockSupport.java:269)
        at java.base@21.0.6/java.util.concurrent.locks.AbstractQueuedSynchronizer$ConditionObject.awaitNanos(AbstractQueuedSynchronizer.java:1763)
        at java.base@21.0.6/java.util.concurrent.LinkedBlockingQueue.poll(LinkedBlockingQueue.java:460)
        at app//org.apache.hadoop.ipc.CallQueueManager.take(CallQueueManager.java:370)
        at app//org.apache.hadoop.ipc.Server$Handler.run(Server.java:3165)
"Socket Reader #8 for port 15057"  prio=5 tid=767 runnable
java.lang.Thread.State: RUNNABLE
        at java.base@21.0.6/sun.nio.ch.EPoll.wait(Native Method)
        at java.base@21.0.6/sun.nio.ch.EPollSelectorImpl.doSelect(EPollSelectorImpl.java:121)
        at java.base@21.0.6/sun.nio.ch.SelectorImpl.lockAndDoSelect(SelectorImpl.java:130)
        at java.base@21.0.6/sun.nio.ch.SelectorImpl.select(SelectorImpl.java:147)
        at app//org.apache.hadoop.ipc.Server$Listener$Reader.doRunLoop(Server.java:1497)
        at app//org.apache.hadoop.ipc.Server$Listener$Reader.run(Server.java:1476)
"IPC Server handler 0 on default port 15012" daemon prio=5 tid=2275 timed_waiting
java.lang.Thread.State: TIMED_WAITING
        at java.base@21.0.6/jdk.internal.misc.Unsafe.park(Native Method)
        at java.base@21.0.6/java.util.concurrent.locks.LockSupport.parkNanos(LockSupport.java:269)
        at java.base@21.0.6/java.util.concurrent.locks.AbstractQueuedSynchronizer$ConditionObject.awaitNanos(AbstractQueuedSynchronizer.java:1763)
        at java.base@21.0.6/java.util.concurrent.LinkedBlockingQueue.poll(LinkedBlockingQueue.java:460)
        at app//org.apache.hadoop.ipc.CallQueueManager.take(CallQueueManager.java:370)
        at app//org.apache.hadoop.ipc.Server$Handler.run(Server.java:3165)
"42086d8c-c943-47d6-a5f9-799709872375-ChunkReader-5" daemon prio=5 tid=1573 in Object.wait()
java.lang.Thread.State: WAITING (on object monitor)
        at java.base@21.0.6/jdk.internal.misc.Unsafe.park(Native Method)
        at java.base@21.0.6/java.util.concurrent.locks.LockSupport.park(LockSupport.java:371)
        at java.base@21.0.6/java.util.concurrent.locks.AbstractQueuedSynchronizer$ConditionNode.block(AbstractQueuedSynchronizer.java:519)
        at java.base@21.0.6/java.util.concurrent.ForkJoinPool.unmanagedBlock(ForkJoinPool.java:3780)
        at java.base@21.0.6/java.util.concurrent.ForkJoinPool.managedBlock(ForkJoinPool.java:3725)
        at java.base@21.0.6/java.util.concurrent.locks.AbstractQueuedSynchronizer$ConditionObject.await(AbstractQueuedSynchronizer.java:1712)
        at java.base@21.0.6/java.util.concurrent.LinkedBlockingQueue.take(LinkedBlockingQueue.java:435)
        at java.base@21.0.6/java.util.concurrent.ThreadPoolExecutor.getTask(ThreadPoolExecutor.java:1070)
        at java.base@21.0.6/java.util.concurrent.ThreadPoolExecutor.runWorker(ThreadPoolExecutor.java:1130)
        at java.base@21.0.6/java.util.concurrent.ThreadPoolExecutor$Worker.run(ThreadPoolExecutor.java:642)
        at java.base@21.0.6/java.lang.Thread.runWith(Thread.java:1596)
        at java.base@21.0.6/java.lang.Thread.run(Thread.java:1583)
"FixedThreadPoolWithAffinityExecutor-9-0" daemon prio=5 tid=106 timed_waiting
java.lang.Thread.State: TIMED_WAITING
        at java.base@21.0.6/jdk.internal.misc.Unsafe.park(Native Method)
        at java.base@21.0.6/java.util.concurrent.locks.LockSupport.parkNanos(LockSupport.java:269)
        at java.base@21.0.6/java.util.concurrent.locks.AbstractQueuedSynchronizer$ConditionObject.awaitNanos(AbstractQueuedSynchronizer.java:1763)
        at java.base@21.0.6/java.util.concurrent.LinkedBlockingQueue.poll(LinkedBlockingQueue.java:460)
        at app//org.apache.hadoop.hdds.scm.server.ContainerReportQueue.poll(ContainerReportQueue.java:269)
        at app//org.apache.hadoop.hdds.scm.server.ContainerReportQueue.poll(ContainerReportQueue.java:42)
        at app//org.apache.hadoop.hdds.server.events.FixedThreadPoolWithAffinityExecutor$ContainerReportProcessTask.run(FixedThreadPoolWithAffinityExecutor.java:252)
        at java.base@21.0.6/java.util.concurrent.Executors$RunnableAdapter.call(Executors.java:572)
        at java.base@21.0.6/java.util.concurrent.FutureTask.run(FutureTask.java:317)
        at java.base@21.0.6/java.util.concurrent.ThreadPoolExecutor.runWorker(ThreadPoolExecutor.java:1144)
        at java.base@21.0.6/java.util.concurrent.ThreadPoolExecutor$Worker.run(ThreadPoolExecutor.java:642)
        at java.base@21.0.6/java.lang.Thread.runWith(Thread.java:1596)
        at java.base@21.0.6/java.lang.Thread.run(Thread.java:1583)
"Socket Reader #3 for port 15066"  prio=5 tid=808 runnable
java.lang.Thread.State: RUNNABLE
        at java.base@21.0.6/sun.nio.ch.EPoll.wait(Native Method)
        at java.base@21.0.6/sun.nio.ch.EPollSelectorImpl.doSelect(EPollSelectorImpl.java:121)
        at java.base@21.0.6/sun.nio.ch.SelectorImpl.lockAndDoSelect(SelectorImpl.java:130)
        at java.base@21.0.6/sun.nio.ch.SelectorImpl.select(SelectorImpl.java:147)
        at app//org.apache.hadoop.ipc.Server$Listener$Reader.doRunLoop(Server.java:1497)
        at app//org.apache.hadoop.ipc.Server$Listener$Reader.run(Server.java:1476)
"Socket Reader #9 for port 15057"  prio=5 tid=768 runnable
java.lang.Thread.State: RUNNABLE
        at java.base@21.0.6/sun.nio.ch.EPoll.wait(Native Method)
        at java.base@21.0.6/sun.nio.ch.EPollSelectorImpl.doSelect(EPollSelectorImpl.java:121)
        at java.base@21.0.6/sun.nio.ch.SelectorImpl.lockAndDoSelect(SelectorImpl.java:130)
        at java.base@21.0.6/sun.nio.ch.SelectorImpl.select(SelectorImpl.java:147)
        at app//org.apache.hadoop.ipc.Server$Listener$Reader.doRunLoop(Server.java:1497)
        at app//org.apache.hadoop.ipc.Server$Listener$Reader.run(Server.java:1476)
"Socket Reader #5 for port 15001"  prio=5 tid=74 runnable
java.lang.Thread.State: RUNNABLE
        at java.base@21.0.6/sun.nio.ch.EPoll.wait(Native Method)
        at java.base@21.0.6/sun.nio.ch.EPollSelectorImpl.doSelect(EPollSelectorImpl.java:121)
        at java.base@21.0.6/sun.nio.ch.SelectorImpl.lockAndDoSelect(SelectorImpl.java:130)
        at java.base@21.0.6/sun.nio.ch.SelectorImpl.select(SelectorImpl.java:147)
        at app//org.apache.hadoop.ipc.Server$Listener$Reader.doRunLoop(Server.java:1497)
        at app//org.apache.hadoop.ipc.Server$Listener$Reader.run(Server.java:1476)
"ContainerDataScanner(/home/runner/work/ozone/ozone/hadoop-ozone/integration-test/target/test-dir/MiniOzoneClusterImpl-3e129c02-f7f1-4d32-bd92-d681932e2c0d/ozone-meta/datanode-8/data-0/hdds)" daemon prio=5 tid=1109 timed_waiting
java.lang.Thread.State: TIMED_WAITING
        at java.base@21.0.6/java.lang.Thread.sleep0(Native Method)
        at java.base@21.0.6/java.lang.Thread.sleep(Thread.java:509)
        at app//org.apache.hadoop.ozone.container.ozoneimpl.AbstractBackgroundContainerScanner.handleRemainingSleep(AbstractBackgroundContainerScanner.java:128)
        at app//org.apache.hadoop.ozone.container.ozoneimpl.AbstractBackgroundContainerScanner.runIteration(AbstractBackgroundContainerScanner.java:95)
        at app//org.apache.hadoop.ozone.container.ozoneimpl.AbstractBackgroundContainerScanner.run(AbstractBackgroundContainerScanner.java:54)
"timer2" daemon prio=5 tid=1369 timed_waiting
java.lang.Thread.State: TIMED_WAITING
        at java.base@21.0.6/java.lang.Object.wait0(Native Method)
        at java.base@21.0.6/java.lang.Object.wait(Object.java:366)
        at java.base@21.0.6/java.util.TimerThread.mainLoop(Timer.java:563)
        at java.base@21.0.6/java.util.TimerThread.run(Timer.java:516)
"Socket Reader #7 for port 15057"  prio=5 tid=766 runnable
java.lang.Thread.State: RUNNABLE
        at java.base@21.0.6/sun.nio.ch.EPoll.wait(Native Method)
        at java.base@21.0.6/sun.nio.ch.EPollSelectorImpl.doSelect(EPollSelectorImpl.java:121)
        at java.base@21.0.6/sun.nio.ch.SelectorImpl.lockAndDoSelect(SelectorImpl.java:130)
        at java.base@21.0.6/sun.nio.ch.SelectorImpl.select(SelectorImpl.java:147)
        at app//org.apache.hadoop.ipc.Server$Listener$Reader.doRunLoop(Server.java:1497)
        at app//org.apache.hadoop.ipc.Server$Listener$Reader.run(Server.java:1476)
"2dcfdddc-a76f-4d49-b174-7a2bddacee37-BlockDeletingService#2" daemon prio=5 tid=1821 in Object.wait()
java.lang.Thread.State: WAITING (on object monitor)
        at java.base@21.0.6/jdk.internal.misc.Unsafe.park(Native Method)
        at java.base@21.0.6/java.util.concurrent.locks.LockSupport.park(LockSupport.java:371)
        at java.base@21.0.6/java.util.concurrent.locks.AbstractQueuedSynchronizer$ConditionNode.block(AbstractQueuedSynchronizer.java:519)
        at java.base@21.0.6/java.util.concurrent.ForkJoinPool.unmanagedBlock(ForkJoinPool.java:3780)
        at java.base@21.0.6/java.util.concurrent.ForkJoinPool.managedBlock(ForkJoinPool.java:3725)
        at java.base@21.0.6/java.util.concurrent.locks.AbstractQueuedSynchronizer$ConditionObject.await(AbstractQueuedSynchronizer.java:1712)
        at java.base@21.0.6/java.util.concurrent.ScheduledThreadPoolExecutor$DelayedWorkQueue.take(ScheduledThreadPoolExecutor.java:1177)
        at java.base@21.0.6/java.util.concurrent.ScheduledThreadPoolExecutor$DelayedWorkQueue.take(ScheduledThreadPoolExecutor.java:899)
        at java.base@21.0.6/java.util.concurrent.ThreadPoolExecutor.getTask(ThreadPoolExecutor.java:1070)
        at java.base@21.0.6/java.util.concurrent.ThreadPoolExecutor.runWorker(ThreadPoolExecutor.java:1130)
        at java.base@21.0.6/java.util.concurrent.ThreadPoolExecutor$Worker.run(ThreadPoolExecutor.java:642)
        at java.base@21.0.6/java.lang.Thread.runWith(Thread.java:1596)
        at java.base@21.0.6/java.lang.Thread.run(Thread.java:1583)
"IPC Server handler 1 on default port 15084" daemon prio=5 tid=1928 timed_waiting
java.lang.Thread.State: TIMED_WAITING
        at java.base@21.0.6/jdk.internal.misc.Unsafe.park(Native Method)
        at java.base@21.0.6/java.util.concurrent.locks.LockSupport.parkNanos(LockSupport.java:269)
        at java.base@21.0.6/java.util.concurrent.locks.AbstractQueuedSynchronizer$ConditionObject.awaitNanos(AbstractQueuedSynchronizer.java:1763)
        at java.base@21.0.6/java.util.concurrent.LinkedBlockingQueue.poll(LinkedBlockingQueue.java:460)
        at app//org.apache.hadoop.ipc.CallQueueManager.take(CallQueueManager.java:370)
        at app//org.apache.hadoop.ipc.Server$Handler.run(Server.java:3165)
"49dd84ae-7ec9-4d92-bc53-345946144fea@group-4434D0010B67-StateMachineUpdater" daemon prio=5 tid=2357 timed_waiting
java.lang.Thread.State: TIMED_WAITING
        at java.base@21.0.6/jdk.internal.misc.Unsafe.park(Native Method)
        at java.base@21.0.6/java.util.concurrent.locks.LockSupport.parkNanos(LockSupport.java:269)
        at java.base@21.0.6/java.util.concurrent.locks.AbstractQueuedSynchronizer$ConditionObject.await(AbstractQueuedSynchronizer.java:1852)
        at app//org.apache.ratis.util.AwaitForSignal.await(AwaitForSignal.java:65)
        at app//org.apache.ratis.server.impl.StateMachineUpdater.waitForCommit(StateMachineUpdater.java:219)
        at app//org.apache.ratis.server.impl.StateMachineUpdater.run(StateMachineUpdater.java:187)
        at java.base@21.0.6/java.lang.Thread.runWith(Thread.java:1596)
        at java.base@21.0.6/java.lang.Thread.run(Thread.java:1583)
"2fdf8a61-8d2a-4048-aa8e-d82d5837d34a@group-182221378AEC-cacheEviction-AwaitToRun" daemon prio=5 tid=1287 in Object.wait()
java.lang.Thread.State: WAITING (on object monitor)
        at java.base@21.0.6/jdk.internal.misc.Unsafe.park(Native Method)
        at java.base@21.0.6/java.util.concurrent.locks.LockSupport.park(LockSupport.java:371)
        at java.base@21.0.6/java.util.concurrent.locks.AbstractQueuedSynchronizer$ConditionNode.block(AbstractQueuedSynchronizer.java:519)
        at java.base@21.0.6/java.util.concurrent.ForkJoinPool.unmanagedBlock(ForkJoinPool.java:3780)
        at java.base@21.0.6/java.util.concurrent.ForkJoinPool.managedBlock(ForkJoinPool.java:3725)
        at java.base@21.0.6/java.util.concurrent.locks.AbstractQueuedSynchronizer$ConditionObject.await(AbstractQueuedSynchronizer.java:1712)
        at app//org.apache.ratis.util.AwaitForSignal.await(AwaitForSignal.java:48)
        at app//org.apache.ratis.util.AwaitToRun$RunnableImpl.run(AwaitToRun.java:47)
        at java.base@21.0.6/java.lang.Thread.runWith(Thread.java:1596)
        at java.base@21.0.6/java.lang.Thread.run(Thread.java:1583)
"qtp179497095-318" daemon prio=5 tid=318 runnable
java.lang.Thread.State: RUNNABLE
        at java.base@21.0.6/sun.nio.ch.EPoll.wait(Native Method)
        at java.base@21.0.6/sun.nio.ch.EPollSelectorImpl.doSelect(EPollSelectorImpl.java:121)
        at java.base@21.0.6/sun.nio.ch.SelectorImpl.lockAndDoSelect(SelectorImpl.java:130)
        at java.base@21.0.6/sun.nio.ch.SelectorImpl.select(SelectorImpl.java:147)
        at app//org.eclipse.jetty.io.ManagedSelector.nioSelect(ManagedSelector.java:183)
        at app//org.eclipse.jetty.io.ManagedSelector.select(ManagedSelector.java:190)
        at app//org.eclipse.jetty.io.ManagedSelector$SelectorProducer.select(ManagedSelector.java:606)
        at app//org.eclipse.jetty.io.ManagedSelector$SelectorProducer.produce(ManagedSelector.java:543)
        at app//org.eclipse.jetty.util.thread.strategy.EatWhatYouKill.produceTask(EatWhatYouKill.java:362)
        at app//org.eclipse.jetty.util.thread.strategy.EatWhatYouKill.doProduce(EatWhatYouKill.java:186)
        at app//org.eclipse.jetty.util.thread.strategy.EatWhatYouKill.tryProduce(EatWhatYouKill.java:173)
        at app//org.eclipse.jetty.util.thread.strategy.EatWhatYouKill.produce(EatWhatYouKill.java:137)
        at app//org.eclipse.jetty.io.ManagedSelector$$Lambda/0x00007f7e9c660000.run(Unknown Source)
        at app//org.eclipse.jetty.util.thread.QueuedThreadPool.runJob(QueuedThreadPool.java:883)
        at app//org.eclipse.jetty.util.thread.QueuedThreadPool$Runner.run(QueuedThreadPool.java:1034)
        at java.base@21.0.6/java.lang.Thread.runWith(Thread.java:1596)
        at java.base@21.0.6/java.lang.Thread.run(Thread.java:1583)
"Socket Reader #10 for port 15039"  prio=5 tid=677 runnable
java.lang.Thread.State: RUNNABLE
        at java.base@21.0.6/sun.nio.ch.EPoll.wait(Native Method)
        at java.base@21.0.6/sun.nio.ch.EPollSelectorImpl.doSelect(EPollSelectorImpl.java:121)
        at java.base@21.0.6/sun.nio.ch.SelectorImpl.lockAndDoSelect(SelectorImpl.java:130)
        at java.base@21.0.6/sun.nio.ch.SelectorImpl.select(SelectorImpl.java:147)
        at app//org.apache.hadoop.ipc.Server$Listener$Reader.doRunLoop(Server.java:1497)
        at app//org.apache.hadoop.ipc.Server$Listener$Reader.run(Server.java:1476)
"Socket Reader #10 for port 15012"  prio=5 tid=2271 runnable
java.lang.Thread.State: RUNNABLE
        at java.base@21.0.6/sun.nio.ch.EPoll.wait(Native Method)
        at java.base@21.0.6/sun.nio.ch.EPollSelectorImpl.doSelect(EPollSelectorImpl.java:121)
        at java.base@21.0.6/sun.nio.ch.SelectorImpl.lockAndDoSelect(SelectorImpl.java:130)
        at java.base@21.0.6/sun.nio.ch.SelectorImpl.select(SelectorImpl.java:147)
        at app//org.apache.hadoop.ipc.Server$Listener$Reader.doRunLoop(Server.java:1497)
        at app//org.apache.hadoop.ipc.Server$Listener$Reader.run(Server.java:1476)
"IPC Server handler 0 on default port 15021" daemon prio=5 tid=587 timed_waiting
java.lang.Thread.State: TIMED_WAITING
        at java.base@21.0.6/jdk.internal.misc.Unsafe.park(Native Method)
        at java.base@21.0.6/java.util.concurrent.locks.LockSupport.parkNanos(LockSupport.java:269)
        at java.base@21.0.6/java.util.concurrent.locks.AbstractQueuedSynchronizer$ConditionObject.awaitNanos(AbstractQueuedSynchronizer.java:1763)
        at java.base@21.0.6/java.util.concurrent.LinkedBlockingQueue.poll(LinkedBlockingQueue.java:460)
        at app//org.apache.hadoop.ipc.CallQueueManager.take(CallQueueManager.java:370)
        at app//org.apache.hadoop.ipc.Server$Handler.run(Server.java:3165)
"IPC Server handler 0 on default port 15093" daemon prio=5 tid=957 timed_waiting
java.lang.Thread.State: TIMED_WAITING
        at java.base@21.0.6/jdk.internal.misc.Unsafe.park(Native Method)
        at java.base@21.0.6/java.util.concurrent.locks.LockSupport.parkNanos(LockSupport.java:269)
        at java.base@21.0.6/java.util.concurrent.locks.AbstractQueuedSynchronizer$ConditionObject.awaitNanos(AbstractQueuedSynchronizer.java:1763)
        at java.base@21.0.6/java.util.concurrent.LinkedBlockingQueue.poll(LinkedBlockingQueue.java:460)
        at app//org.apache.hadoop.ipc.CallQueueManager.take(CallQueueManager.java:370)
        at app//org.apache.hadoop.ipc.Server$Handler.run(Server.java:3165)
"2dcfdddc-a76f-4d49-b174-7a2bddacee37@group-3A2BF5D858B4-StateMachineUpdater" daemon prio=5 tid=2345 timed_waiting
java.lang.Thread.State: TIMED_WAITING
        at java.base@21.0.6/jdk.internal.misc.Unsafe.park(Native Method)
        at java.base@21.0.6/java.util.concurrent.locks.LockSupport.parkNanos(LockSupport.java:269)
        at java.base@21.0.6/java.util.concurrent.locks.AbstractQueuedSynchronizer$ConditionObject.await(AbstractQueuedSynchronizer.java:1852)
        at app//org.apache.ratis.util.AwaitForSignal.await(AwaitForSignal.java:65)
        at app//org.apache.ratis.server.impl.StateMachineUpdater.waitForCommit(StateMachineUpdater.java:219)
        at app//org.apache.ratis.server.impl.StateMachineUpdater.run(StateMachineUpdater.java:187)
        at java.base@21.0.6/java.lang.Thread.runWith(Thread.java:1596)
        at java.base@21.0.6/java.lang.Thread.run(Thread.java:1583)
"e20a886d-0459-4371-959f-f9bdb6931571@group-BBC2BE15DE85-StateMachineUpdater" daemon prio=5 tid=1971 timed_waiting
java.lang.Thread.State: TIMED_WAITING
        at java.base@21.0.6/jdk.internal.misc.Unsafe.park(Native Method)
        at java.base@21.0.6/java.util.concurrent.locks.LockSupport.parkNanos(LockSupport.java:269)
        at java.base@21.0.6/java.util.concurrent.locks.AbstractQueuedSynchronizer$ConditionObject.await(AbstractQueuedSynchronizer.java:1852)
        at app//org.apache.ratis.util.AwaitForSignal.await(AwaitForSignal.java:65)
        at app//org.apache.ratis.server.impl.StateMachineUpdater.waitForCommit(StateMachineUpdater.java:219)
        at app//org.apache.ratis.server.impl.StateMachineUpdater.run(StateMachineUpdater.java:187)
        at java.base@21.0.6/java.lang.Thread.runWith(Thread.java:1596)
        at java.base@21.0.6/java.lang.Thread.run(Thread.java:1583)
"IPC Server handler 17 on default port 15006" daemon prio=5 tid=508 timed_waiting
java.lang.Thread.State: TIMED_WAITING
        at java.base@21.0.6/jdk.internal.misc.Unsafe.park(Native Method)
        at java.base@21.0.6/java.util.concurrent.locks.LockSupport.parkNanos(LockSupport.java:269)
        at java.base@21.0.6/java.util.concurrent.locks.AbstractQueuedSynchronizer$ConditionObject.awaitNanos(AbstractQueuedSynchronizer.java:1763)
        at java.base@21.0.6/java.util.concurrent.LinkedBlockingQueue.poll(LinkedBlockingQueue.java:460)
        at app//org.apache.hadoop.ipc.CallQueueManager.take(CallQueueManager.java:370)
        at app//org.apache.hadoop.ipc.Server$Handler.run(Server.java:3165)
"IPC Server handler 10 on default port 15006" daemon prio=5 tid=501 timed_waiting
java.lang.Thread.State: TIMED_WAITING
        at java.base@21.0.6/jdk.internal.misc.Unsafe.park(Native Method)
        at java.base@21.0.6/java.util.concurrent.locks.LockSupport.parkNanos(LockSupport.java:269)
        at java.base@21.0.6/java.util.concurrent.locks.AbstractQueuedSynchronizer$ConditionObject.awaitNanos(AbstractQueuedSynchronizer.java:1763)
        at java.base@21.0.6/java.util.concurrent.LinkedBlockingQueue.poll(LinkedBlockingQueue.java:460)
        at app//org.apache.hadoop.ipc.CallQueueManager.take(CallQueueManager.java:370)
        at app//org.apache.hadoop.ipc.Server$Handler.run(Server.java:3165)
"grpc-default-worker-ELG-3-4" daemon prio=5 tid=1182 runnable
java.lang.Thread.State: RUNNABLE
        at app//org.apache.ratis.thirdparty.io.netty.channel.epoll.Native.epollWait0(Native Method)
        at app//org.apache.ratis.thirdparty.io.netty.channel.epoll.Native.epollWait(Native.java:193)
        at app//org.apache.ratis.thirdparty.io.netty.channel.epoll.EpollEventLoop.epollWait(EpollEventLoop.java:304)
        at app//org.apache.ratis.thirdparty.io.netty.channel.epoll.EpollEventLoop.run(EpollEventLoop.java:368)
        at app//org.apache.ratis.thirdparty.io.netty.util.concurrent.SingleThreadEventExecutor$4.run(SingleThreadEventExecutor.java:997)
        at app//org.apache.ratis.thirdparty.io.netty.util.internal.ThreadExecutorMap$2.run(ThreadExecutorMap.java:74)
        at app//org.apache.ratis.thirdparty.io.netty.util.concurrent.FastThreadLocalRunnable.run(FastThreadLocalRunnable.java:30)
        at java.base@21.0.6/java.lang.Thread.runWith(Thread.java:1596)
        at java.base@21.0.6/java.lang.Thread.run(Thread.java:1583)
"Session-HouseKeeper-2da23e0f-1"  prio=5 tid=1912 timed_waiting
java.lang.Thread.State: TIMED_WAITING
        at java.base@21.0.6/jdk.internal.misc.Unsafe.park(Native Method)
        at java.base@21.0.6/java.util.concurrent.locks.LockSupport.parkNanos(LockSupport.java:269)
        at java.base@21.0.6/java.util.concurrent.locks.AbstractQueuedSynchronizer$ConditionObject.awaitNanos(AbstractQueuedSynchronizer.java:1763)
        at java.base@21.0.6/java.util.concurrent.ScheduledThreadPoolExecutor$DelayedWorkQueue.take(ScheduledThreadPoolExecutor.java:1182)
        at java.base@21.0.6/java.util.concurrent.ScheduledThreadPoolExecutor$DelayedWorkQueue.take(ScheduledThreadPoolExecutor.java:899)
        at java.base@21.0.6/java.util.concurrent.ThreadPoolExecutor.getTask(ThreadPoolExecutor.java:1070)
        at java.base@21.0.6/java.util.concurrent.ThreadPoolExecutor.runWorker(ThreadPoolExecutor.java:1130)
        at java.base@21.0.6/java.util.concurrent.ThreadPoolExecutor$Worker.run(ThreadPoolExecutor.java:642)
        at java.base@21.0.6/java.lang.Thread.runWith(Thread.java:1596)
        at java.base@21.0.6/java.lang.Thread.run(Thread.java:1583)
"NetworkTopologyPoller" daemon prio=5 tid=465 timed_waiting
java.lang.Thread.State: TIMED_WAITING
        at java.base@21.0.6/jdk.internal.misc.Unsafe.park(Native Method)
        at java.base@21.0.6/java.util.concurrent.locks.LockSupport.parkNanos(LockSupport.java:269)
        at java.base@21.0.6/java.util.concurrent.locks.AbstractQueuedSynchronizer$ConditionObject.awaitNanos(AbstractQueuedSynchronizer.java:1763)
        at java.base@21.0.6/java.util.concurrent.ScheduledThreadPoolExecutor$DelayedWorkQueue.take(ScheduledThreadPoolExecutor.java:1182)
        at java.base@21.0.6/java.util.concurrent.ScheduledThreadPoolExecutor$DelayedWorkQueue.take(ScheduledThreadPoolExecutor.java:899)
        at java.base@21.0.6/java.util.concurrent.ThreadPoolExecutor.getTask(ThreadPoolExecutor.java:1070)
        at java.base@21.0.6/java.util.concurrent.ThreadPoolExecutor.runWorker(ThreadPoolExecutor.java:1130)
        at java.base@21.0.6/java.util.concurrent.ThreadPoolExecutor$Worker.run(ThreadPoolExecutor.java:642)
        at java.base@21.0.6/java.lang.Thread.runWith(Thread.java:1596)
        at java.base@21.0.6/java.lang.Thread.run(Thread.java:1583)
"om1-DirectoryDeletingService#0" daemon prio=5 tid=467 in Object.wait()
java.lang.Thread.State: WAITING (on object monitor)
        at java.base@21.0.6/jdk.internal.misc.Unsafe.park(Native Method)
        at java.base@21.0.6/java.util.concurrent.locks.LockSupport.park(LockSupport.java:371)
        at java.base@21.0.6/java.util.concurrent.locks.AbstractQueuedSynchronizer$ConditionNode.block(AbstractQueuedSynchronizer.java:519)
        at java.base@21.0.6/java.util.concurrent.ForkJoinPool.unmanagedBlock(ForkJoinPool.java:3780)
        at java.base@21.0.6/java.util.concurrent.ForkJoinPool.managedBlock(ForkJoinPool.java:3725)
        at java.base@21.0.6/java.util.concurrent.locks.AbstractQueuedSynchronizer$ConditionObject.await(AbstractQueuedSynchronizer.java:1712)
        at java.base@21.0.6/java.util.concurrent.ScheduledThreadPoolExecutor$DelayedWorkQueue.take(ScheduledThreadPoolExecutor.java:1177)
        at java.base@21.0.6/java.util.concurrent.ScheduledThreadPoolExecutor$DelayedWorkQueue.take(ScheduledThreadPoolExecutor.java:899)
        at java.base@21.0.6/java.util.concurrent.ThreadPoolExecutor.getTask(ThreadPoolExecutor.java:1070)
        at java.base@21.0.6/java.util.concurrent.ThreadPoolExecutor.runWorker(ThreadPoolExecutor.java:1130)
        at java.base@21.0.6/java.util.concurrent.ThreadPoolExecutor$Worker.run(ThreadPoolExecutor.java:642)
        at java.base@21.0.6/java.lang.Thread.runWith(Thread.java:1596)
        at java.base@21.0.6/java.lang.Thread.run(Thread.java:1583)
"ccfadb7c-9180-4c4b-b969-671c642a7bd3@group-BBC2BE15DE85-StateMachineUpdater" daemon prio=5 tid=1975 timed_waiting
java.lang.Thread.State: TIMED_WAITING
        at java.base@21.0.6/jdk.internal.misc.Unsafe.park(Native Method)
        at java.base@21.0.6/java.util.concurrent.locks.LockSupport.parkNanos(LockSupport.java:269)
        at java.base@21.0.6/java.util.concurrent.locks.AbstractQueuedSynchronizer$ConditionObject.await(AbstractQueuedSynchronizer.java:1852)
        at app//org.apache.ratis.util.AwaitForSignal.await(AwaitForSignal.java:65)
        at app//org.apache.ratis.server.impl.StateMachineUpdater.waitForCommit(StateMachineUpdater.java:219)
        at app//org.apache.ratis.server.impl.StateMachineUpdater.run(StateMachineUpdater.java:187)
        at java.base@21.0.6/java.lang.Thread.runWith(Thread.java:1596)
        at java.base@21.0.6/java.lang.Thread.run(Thread.java:1583)
"49dd84ae-7ec9-4d92-bc53-345946144fea@group-4434D0010B67-FollowerState" daemon prio=5 tid=2402 timed_waiting
java.lang.Thread.State: TIMED_WAITING
        at java.base@21.0.6/java.lang.Thread.sleep0(Native Method)
        at java.base@21.0.6/java.lang.Thread.sleep(Thread.java:558)
        at java.base@21.0.6/java.util.concurrent.TimeUnit.sleep(TimeUnit.java:446)
        at app//org.apache.ratis.util.TimeDuration.sleep(TimeDuration.java:353)
        at app//org.apache.ratis.util.TimeDuration.sleep(TimeDuration.java:338)
        at app//org.apache.ratis.server.impl.FollowerState.runImpl(FollowerState.java:149)
        at app//org.apache.ratis.server.impl.FollowerState.run(FollowerState.java:130)
"qtp179497095-321" daemon prio=5 tid=321 timed_waiting
java.lang.Thread.State: TIMED_WAITING
        at java.base@21.0.6/jdk.internal.misc.Unsafe.park(Native Method)
        at java.base@21.0.6/java.util.concurrent.locks.LockSupport.parkNanos(LockSupport.java:269)
        at java.base@21.0.6/java.util.concurrent.locks.AbstractQueuedSynchronizer$ConditionObject.awaitNanos(AbstractQueuedSynchronizer.java:1763)
        at app//org.eclipse.jetty.util.BlockingArrayQueue.poll(BlockingArrayQueue.java:382)
        at app//org.eclipse.jetty.util.thread.QueuedThreadPool$Runner.idleJobPoll(QueuedThreadPool.java:974)
        at app//org.eclipse.jetty.util.thread.QueuedThreadPool$Runner.run(QueuedThreadPool.java:1018)
        at java.base@21.0.6/java.lang.Thread.runWith(Thread.java:1596)
        at java.base@21.0.6/java.lang.Thread.run(Thread.java:1583)
"e20a886d-0459-4371-959f-f9bdb6931571-PeriodicHDDSVolumeChecker" daemon prio=5 tid=1105 timed_waiting
java.lang.Thread.State: TIMED_WAITING
        at java.base@21.0.6/jdk.internal.misc.Unsafe.park(Native Method)
        at java.base@21.0.6/java.util.concurrent.locks.LockSupport.parkNanos(LockSupport.java:269)
        at java.base@21.0.6/java.util.concurrent.locks.AbstractQueuedSynchronizer$ConditionObject.awaitNanos(AbstractQueuedSynchronizer.java:1763)
        at java.base@21.0.6/java.util.concurrent.ScheduledThreadPoolExecutor$DelayedWorkQueue.take(ScheduledThreadPoolExecutor.java:1182)
        at java.base@21.0.6/java.util.concurrent.ScheduledThreadPoolExecutor$DelayedWorkQueue.take(ScheduledThreadPoolExecutor.java:899)
        at java.base@21.0.6/java.util.concurrent.ThreadPoolExecutor.getTask(ThreadPoolExecutor.java:1070)
        at java.base@21.0.6/java.util.concurrent.ThreadPoolExecutor.runWorker(ThreadPoolExecutor.java:1130)
        at java.base@21.0.6/java.util.concurrent.ThreadPoolExecutor$Worker.run(ThreadPoolExecutor.java:642)
        at java.base@21.0.6/java.lang.Thread.runWith(Thread.java:1596)
        at java.base@21.0.6/java.lang.Thread.run(Thread.java:1583)
"ccfadb7c-9180-4c4b-b969-671c642a7bd3-ChunkWriter-0-0" daemon prio=5 tid=1152 in Object.wait()
java.lang.Thread.State: WAITING (on object monitor)
        at java.base@21.0.6/jdk.internal.misc.Unsafe.park(Native Method)
        at java.base@21.0.6/java.util.concurrent.locks.LockSupport.park(LockSupport.java:371)
        at java.base@21.0.6/java.util.concurrent.locks.AbstractQueuedSynchronizer$ConditionNode.block(AbstractQueuedSynchronizer.java:519)
        at java.base@21.0.6/java.util.concurrent.ForkJoinPool.unmanagedBlock(ForkJoinPool.java:3780)
        at java.base@21.0.6/java.util.concurrent.ForkJoinPool.managedBlock(ForkJoinPool.java:3725)
        at java.base@21.0.6/java.util.concurrent.locks.AbstractQueuedSynchronizer$ConditionObject.await(AbstractQueuedSynchronizer.java:1712)
        at java.base@21.0.6/java.util.concurrent.LinkedBlockingDeque.takeFirst(LinkedBlockingDeque.java:485)
        at java.base@21.0.6/java.util.concurrent.LinkedBlockingDeque.take(LinkedBlockingDeque.java:673)
        at java.base@21.0.6/java.util.concurrent.ThreadPoolExecutor.getTask(ThreadPoolExecutor.java:1070)
        at java.base@21.0.6/java.util.concurrent.ThreadPoolExecutor.runWorker(ThreadPoolExecutor.java:1130)
        at java.base@21.0.6/java.util.concurrent.ThreadPoolExecutor$Worker.run(ThreadPoolExecutor.java:642)
        at java.base@21.0.6/java.lang.Thread.runWith(Thread.java:1596)
        at java.base@21.0.6/java.lang.Thread.run(Thread.java:1583)
"2dcfdddc-a76f-4d49-b174-7a2bddacee37-PeriodicHDDSVolumeChecker" daemon prio=5 tid=1033 timed_waiting
java.lang.Thread.State: TIMED_WAITING
        at java.base@21.0.6/jdk.internal.misc.Unsafe.park(Native Method)
        at java.base@21.0.6/java.util.concurrent.locks.LockSupport.parkNanos(LockSupport.java:269)
        at java.base@21.0.6/java.util.concurrent.locks.AbstractQueuedSynchronizer$ConditionObject.awaitNanos(AbstractQueuedSynchronizer.java:1763)
        at java.base@21.0.6/java.util.concurrent.ScheduledThreadPoolExecutor$DelayedWorkQueue.take(ScheduledThreadPoolExecutor.java:1182)
        at java.base@21.0.6/java.util.concurrent.ScheduledThreadPoolExecutor$DelayedWorkQueue.take(ScheduledThreadPoolExecutor.java:899)
        at java.base@21.0.6/java.util.concurrent.ThreadPoolExecutor.getTask(ThreadPoolExecutor.java:1070)
        at java.base@21.0.6/java.util.concurrent.ThreadPoolExecutor.runWorker(ThreadPoolExecutor.java:1130)
        at java.base@21.0.6/java.util.concurrent.ThreadPoolExecutor$Worker.run(ThreadPoolExecutor.java:642)
        at java.base@21.0.6/java.lang.Thread.runWith(Thread.java:1596)
        at java.base@21.0.6/java.lang.Thread.run(Thread.java:1583)
"IPC Server handler 36 on default port 15001" daemon prio=5 tid=250 timed_waiting
java.lang.Thread.State: TIMED_WAITING
        at java.base@21.0.6/jdk.internal.misc.Unsafe.park(Native Method)
        at java.base@21.0.6/java.util.concurrent.locks.LockSupport.parkNanos(LockSupport.java:269)
        at java.base@21.0.6/java.util.concurrent.locks.AbstractQueuedSynchronizer$ConditionObject.awaitNanos(AbstractQueuedSynchronizer.java:1763)
        at java.base@21.0.6/java.util.concurrent.LinkedBlockingQueue.poll(LinkedBlockingQueue.java:460)
        at app//org.apache.hadoop.ipc.CallQueueManager.take(CallQueueManager.java:370)
        at app//org.apache.hadoop.ipc.Server$Handler.run(Server.java:3165)
"ccfadb7c-9180-4c4b-b969-671c642a7bd3@group-BBC2BE15DE85->e20a886d-0459-4371-959f-f9bdb6931571-GrpcLogAppender-LogAppenderDaemon" daemon prio=5 tid=2074 timed_waiting
java.lang.Thread.State: TIMED_WAITING
        at java.base@21.0.6/jdk.internal.misc.Unsafe.park(Native Method)
        at java.base@21.0.6/java.util.concurrent.locks.LockSupport.parkNanos(LockSupport.java:269)
        at java.base@21.0.6/java.util.concurrent.locks.AbstractQueuedSynchronizer$ConditionObject.await(AbstractQueuedSynchronizer.java:1852)
        at app//org.apache.ratis.util.AwaitForSignal.await(AwaitForSignal.java:65)
        at app//org.apache.ratis.grpc.server.GrpcLogAppender.mayWait(GrpcLogAppender.java:290)
        at app//org.apache.ratis.grpc.server.GrpcLogAppender.run(GrpcLogAppender.java:258)
        at app//org.apache.ratis.server.leader.LogAppenderDaemon.run(LogAppenderDaemon.java:80)
        at app//org.apache.ratis.server.leader.LogAppenderDaemon$$Lambda/0x00007f7e9c91a108.run(Unknown Source)
        at java.base@21.0.6/java.lang.Thread.runWith(Thread.java:1596)
        at java.base@21.0.6/java.lang.Thread.run(Thread.java:1583)
"ContainerDataScanner(/home/runner/work/ozone/ozone/hadoop-ozone/integration-test/target/test-dir/MiniOzoneClusterImpl-3e129c02-f7f1-4d32-bd92-d681932e2c0d/ozone-meta/datanode-3/data-0/hdds)" daemon prio=5 tid=1019 timed_waiting
java.lang.Thread.State: TIMED_WAITING
        at java.base@21.0.6/java.lang.Thread.sleep0(Native Method)
        at java.base@21.0.6/java.lang.Thread.sleep(Thread.java:509)
        at app//org.apache.hadoop.ozone.container.ozoneimpl.AbstractBackgroundContainerScanner.handleRemainingSleep(AbstractBackgroundContainerScanner.java:128)
        at app//org.apache.hadoop.ozone.container.ozoneimpl.AbstractBackgroundContainerScanner.runIteration(AbstractBackgroundContainerScanner.java:95)
        at app//org.apache.hadoop.ozone.container.ozoneimpl.AbstractBackgroundContainerScanner.run(AbstractBackgroundContainerScanner.java:54)
"25fe7083-9332-4190-accf-9f4542114dd9@group-B5B4EE72DAEF-cacheEviction-AwaitToRun" daemon prio=5 tid=2016 in Object.wait()
java.lang.Thread.State: WAITING (on object monitor)
        at java.base@21.0.6/jdk.internal.misc.Unsafe.park(Native Method)
        at java.base@21.0.6/java.util.concurrent.locks.LockSupport.park(LockSupport.java:371)
        at java.base@21.0.6/java.util.concurrent.locks.AbstractQueuedSynchronizer$ConditionNode.block(AbstractQueuedSynchronizer.java:519)
        at java.base@21.0.6/java.util.concurrent.ForkJoinPool.unmanagedBlock(ForkJoinPool.java:3780)
        at java.base@21.0.6/java.util.concurrent.ForkJoinPool.managedBlock(ForkJoinPool.java:3725)
        at java.base@21.0.6/java.util.concurrent.locks.AbstractQueuedSynchronizer$ConditionObject.await(AbstractQueuedSynchronizer.java:1712)
        at app//org.apache.ratis.util.AwaitForSignal.await(AwaitForSignal.java:48)
        at app//org.apache.ratis.util.AwaitToRun$RunnableImpl.run(AwaitToRun.java:47)
        at java.base@21.0.6/java.lang.Thread.runWith(Thread.java:1596)
        at java.base@21.0.6/java.lang.Thread.run(Thread.java:1583)
"ccfadb7c-9180-4c4b-b969-671c642a7bd3-DatanodeStateMachineTaskThread-1"  prio=5 tid=1138 in Object.wait()
java.lang.Thread.State: WAITING (on object monitor)
        at java.base@21.0.6/jdk.internal.misc.Unsafe.park(Native Method)
        at java.base@21.0.6/java.util.concurrent.locks.LockSupport.park(LockSupport.java:371)
        at java.base@21.0.6/java.util.concurrent.locks.AbstractQueuedSynchronizer$ConditionNode.block(AbstractQueuedSynchronizer.java:519)
        at java.base@21.0.6/java.util.concurrent.ForkJoinPool.unmanagedBlock(ForkJoinPool.java:3780)
        at java.base@21.0.6/java.util.concurrent.ForkJoinPool.managedBlock(ForkJoinPool.java:3725)
        at java.base@21.0.6/java.util.concurrent.locks.AbstractQueuedSynchronizer$ConditionObject.await(AbstractQueuedSynchronizer.java:1712)
        at java.base@21.0.6/java.util.concurrent.LinkedBlockingQueue.take(LinkedBlockingQueue.java:435)
        at java.base@21.0.6/java.util.concurrent.ThreadPoolExecutor.getTask(ThreadPoolExecutor.java:1070)
        at java.base@21.0.6/java.util.concurrent.ThreadPoolExecutor.runWorker(ThreadPoolExecutor.java:1130)
        at java.base@21.0.6/java.util.concurrent.ThreadPoolExecutor$Worker.run(ThreadPoolExecutor.java:642)
        at java.base@21.0.6/java.lang.Thread.runWith(Thread.java:1596)
        at java.base@21.0.6/java.lang.Thread.run(Thread.java:1583)
"qtp538370932-1904" daemon prio=5 tid=1904 runnable
java.lang.Thread.State: RUNNABLE
        at java.base@21.0.6/sun.nio.ch.EPoll.wait(Native Method)
        at java.base@21.0.6/sun.nio.ch.EPollSelectorImpl.doSelect(EPollSelectorImpl.java:121)
        at java.base@21.0.6/sun.nio.ch.SelectorImpl.lockAndDoSelect(SelectorImpl.java:130)
        at java.base@21.0.6/sun.nio.ch.SelectorImpl.select(SelectorImpl.java:147)
        at app//org.eclipse.jetty.io.ManagedSelector.nioSelect(ManagedSelector.java:183)
        at app//org.eclipse.jetty.io.ManagedSelector.select(ManagedSelector.java:190)
        at app//org.eclipse.jetty.io.ManagedSelector$SelectorProducer.select(ManagedSelector.java:606)
        at app//org.eclipse.jetty.io.ManagedSelector$SelectorProducer.produce(ManagedSelector.java:543)
        at app//org.eclipse.jetty.util.thread.strategy.EatWhatYouKill.produceTask(EatWhatYouKill.java:362)
        at app//org.eclipse.jetty.util.thread.strategy.EatWhatYouKill.doProduce(EatWhatYouKill.java:186)
        at app//org.eclipse.jetty.util.thread.strategy.EatWhatYouKill.tryProduce(EatWhatYouKill.java:173)
        at app//org.eclipse.jetty.util.thread.strategy.EatWhatYouKill.produce(EatWhatYouKill.java:137)
        at app//org.eclipse.jetty.io.ManagedSelector$$Lambda/0x00007f7e9c660000.run(Unknown Source)
        at app//org.eclipse.jetty.util.thread.QueuedThreadPool.runJob(QueuedThreadPool.java:883)
        at app//org.eclipse.jetty.util.thread.QueuedThreadPool$Runner.run(QueuedThreadPool.java:1034)
        at java.base@21.0.6/java.lang.Thread.runWith(Thread.java:1596)
        at java.base@21.0.6/java.lang.Thread.run(Thread.java:1583)
"IPC Server handler 12 on default port 15000" daemon prio=5 tid=126 timed_waiting
java.lang.Thread.State: TIMED_WAITING
        at java.base@21.0.6/jdk.internal.misc.Unsafe.park(Native Method)
        at java.base@21.0.6/java.util.concurrent.locks.LockSupport.parkNanos(LockSupport.java:269)
        at java.base@21.0.6/java.util.concurrent.locks.AbstractQueuedSynchronizer$ConditionObject.awaitNanos(AbstractQueuedSynchronizer.java:1763)
        at java.base@21.0.6/java.util.concurrent.LinkedBlockingQueue.poll(LinkedBlockingQueue.java:460)
        at app//org.apache.hadoop.ipc.CallQueueManager.take(CallQueueManager.java:370)
        at app//org.apache.hadoop.ipc.Server$Handler.run(Server.java:3165)
"FullTableCache-Cleanup-0" daemon prio=5 tid=434 timed_waiting
java.lang.Thread.State: TIMED_WAITING
        at java.base@21.0.6/jdk.internal.misc.Unsafe.park(Native Method)
        at java.base@21.0.6/java.util.concurrent.locks.LockSupport.parkNanos(LockSupport.java:269)
        at java.base@21.0.6/java.util.concurrent.locks.AbstractQueuedSynchronizer$ConditionObject.awaitNanos(AbstractQueuedSynchronizer.java:1763)
        at java.base@21.0.6/java.util.concurrent.ScheduledThreadPoolExecutor$DelayedWorkQueue.take(ScheduledThreadPoolExecutor.java:1182)
        at java.base@21.0.6/java.util.concurrent.ScheduledThreadPoolExecutor$DelayedWorkQueue.take(ScheduledThreadPoolExecutor.java:899)
        at java.base@21.0.6/java.util.concurrent.ThreadPoolExecutor.getTask(ThreadPoolExecutor.java:1070)
        at java.base@21.0.6/java.util.concurrent.ThreadPoolExecutor.runWorker(ThreadPoolExecutor.java:1130)
        at java.base@21.0.6/java.util.concurrent.ThreadPoolExecutor$Worker.run(ThreadPoolExecutor.java:642)
        at java.base@21.0.6/java.lang.Thread.runWith(Thread.java:1596)
        at java.base@21.0.6/java.lang.Thread.run(Thread.java:1583)
"qtp456552476-486" daemon prio=5 tid=486 timed_waiting
java.lang.Thread.State: TIMED_WAITING
        at java.base@21.0.6/jdk.internal.misc.Unsafe.park(Native Method)
        at java.base@21.0.6/java.util.concurrent.locks.LockSupport.parkNanos(LockSupport.java:269)
        at java.base@21.0.6/java.util.concurrent.locks.AbstractQueuedSynchronizer$ConditionObject.awaitNanos(AbstractQueuedSynchronizer.java:1763)
        at app//org.eclipse.jetty.util.BlockingArrayQueue.poll(BlockingArrayQueue.java:382)
        at app//org.eclipse.jetty.util.thread.QueuedThreadPool$Runner.idleJobPoll(QueuedThreadPool.java:974)
        at app//org.eclipse.jetty.util.thread.QueuedThreadPool$Runner.run(QueuedThreadPool.java:1018)
        at java.base@21.0.6/java.lang.Thread.runWith(Thread.java:1596)
        at java.base@21.0.6/java.lang.Thread.run(Thread.java:1583)
"ContainerDataScanner(/home/runner/work/ozone/ozone/hadoop-ozone/integration-test/target/test-dir/MiniOzoneClusterImpl-3e129c02-f7f1-4d32-bd92-d681932e2c0d/ozone-meta/datanode-4/data-0/hdds)" daemon prio=5 tid=1037 timed_waiting
java.lang.Thread.State: TIMED_WAITING
        at java.base@21.0.6/java.lang.Thread.sleep0(Native Method)
        at java.base@21.0.6/java.lang.Thread.sleep(Thread.java:509)
        at app//org.apache.hadoop.ozone.container.ozoneimpl.AbstractBackgroundContainerScanner.handleRemainingSleep(AbstractBackgroundContainerScanner.java:128)
        at app//org.apache.hadoop.ozone.container.ozoneimpl.AbstractBackgroundContainerScanner.runIteration(AbstractBackgroundContainerScanner.java:95)
        at app//org.apache.hadoop.ozone.container.ozoneimpl.AbstractBackgroundContainerScanner.run(AbstractBackgroundContainerScanner.java:54)
"eb965ba7-12a8-46f3-92c0-bc6ff5b3bf3b@group-81341F4E2824-StateMachineUpdater" daemon prio=5 tid=1230 timed_waiting
java.lang.Thread.State: TIMED_WAITING
        at java.base@21.0.6/jdk.internal.misc.Unsafe.park(Native Method)
        at java.base@21.0.6/java.util.concurrent.locks.LockSupport.parkNanos(LockSupport.java:269)
        at java.base@21.0.6/java.util.concurrent.locks.AbstractQueuedSynchronizer$ConditionObject.await(AbstractQueuedSynchronizer.java:1852)
        at app//org.apache.ratis.util.AwaitForSignal.await(AwaitForSignal.java:65)
        at app//org.apache.ratis.server.impl.StateMachineUpdater.waitForCommit(StateMachineUpdater.java:219)
        at app//org.apache.ratis.server.impl.StateMachineUpdater.run(StateMachineUpdater.java:187)
        at java.base@21.0.6/java.lang.Thread.runWith(Thread.java:1596)
        at java.base@21.0.6/java.lang.Thread.run(Thread.java:1583)
"IPC Server handler 6 on default port 15000" daemon prio=5 tid=120 timed_waiting
java.lang.Thread.State: TIMED_WAITING
        at java.base@21.0.6/jdk.internal.misc.Unsafe.park(Native Method)
        at java.base@21.0.6/java.util.concurrent.locks.LockSupport.parkNanos(LockSupport.java:269)
        at java.base@21.0.6/java.util.concurrent.locks.AbstractQueuedSynchronizer$ConditionObject.awaitNanos(AbstractQueuedSynchronizer.java:1763)
        at java.base@21.0.6/java.util.concurrent.LinkedBlockingQueue.poll(LinkedBlockingQueue.java:460)
        at app//org.apache.hadoop.ipc.CallQueueManager.take(CallQueueManager.java:370)
        at app//org.apache.hadoop.ipc.Server$Handler.run(Server.java:3165)
"49dd84ae-7ec9-4d92-bc53-345946144fea-DatanodeReportManager-2" daemon prio=5 tid=2288 in Object.wait()
java.lang.Thread.State: WAITING (on object monitor)
        at java.base@21.0.6/jdk.internal.misc.Unsafe.park(Native Method)
        at java.base@21.0.6/java.util.concurrent.locks.LockSupport.park(LockSupport.java:371)
        at java.base@21.0.6/java.util.concurrent.locks.AbstractQueuedSynchronizer$ConditionNode.block(AbstractQueuedSynchronizer.java:519)
        at java.base@21.0.6/java.util.concurrent.ForkJoinPool.unmanagedBlock(ForkJoinPool.java:3780)
        at java.base@21.0.6/java.util.concurrent.ForkJoinPool.managedBlock(ForkJoinPool.java:3725)
        at java.base@21.0.6/java.util.concurrent.locks.AbstractQueuedSynchronizer$ConditionObject.await(AbstractQueuedSynchronizer.java:1712)
        at java.base@21.0.6/java.util.concurrent.ScheduledThreadPoolExecutor$DelayedWorkQueue.take(ScheduledThreadPoolExecutor.java:1177)
        at java.base@21.0.6/java.util.concurrent.ScheduledThreadPoolExecutor$DelayedWorkQueue.take(ScheduledThreadPoolExecutor.java:899)
        at java.base@21.0.6/java.util.concurrent.ThreadPoolExecutor.getTask(ThreadPoolExecutor.java:1070)
        at java.base@21.0.6/java.util.concurrent.ThreadPoolExecutor.runWorker(ThreadPoolExecutor.java:1130)
        at java.base@21.0.6/java.util.concurrent.ThreadPoolExecutor$Worker.run(ThreadPoolExecutor.java:642)
        at java.base@21.0.6/java.lang.Thread.runWith(Thread.java:1596)
        at java.base@21.0.6/java.lang.Thread.run(Thread.java:1583)
"IPC Server handler 8 on default port 15057" daemon prio=5 tid=781 timed_waiting
java.lang.Thread.State: TIMED_WAITING
        at java.base@21.0.6/jdk.internal.misc.Unsafe.park(Native Method)
        at java.base@21.0.6/java.util.concurrent.locks.LockSupport.parkNanos(LockSupport.java:269)
        at java.base@21.0.6/java.util.concurrent.locks.AbstractQueuedSynchronizer$ConditionObject.awaitNanos(AbstractQueuedSynchronizer.java:1763)
        at java.base@21.0.6/java.util.concurrent.LinkedBlockingQueue.poll(LinkedBlockingQueue.java:460)
        at app//org.apache.hadoop.ipc.CallQueueManager.take(CallQueueManager.java:370)
        at app//org.apache.hadoop.ipc.Server$Handler.run(Server.java:3165)
"46d11c6d-db9b-44c9-8985-212dd9cf6636@group-FD3C136676F4-SegmentedRaftLogWorker"  prio=5 tid=1294 timed_waiting
java.lang.Thread.State: TIMED_WAITING
        at java.base@21.0.6/jdk.internal.misc.Unsafe.park(Native Method)
        at java.base@21.0.6/java.util.concurrent.locks.LockSupport.parkNanos(LockSupport.java:269)
        at java.base@21.0.6/java.util.concurrent.locks.AbstractQueuedSynchronizer$ConditionObject.awaitNanos(AbstractQueuedSynchronizer.java:1763)
        at app//org.apache.ratis.util.DataBlockingQueue.poll(DataBlockingQueue.java:148)
        at app//org.apache.ratis.server.raftlog.segmented.SegmentedRaftLogWorker.run(SegmentedRaftLogWorker.java:307)
        at app//org.apache.ratis.server.raftlog.segmented.SegmentedRaftLogWorker$$Lambda/0x00007f7e9c334fd8.run(Unknown Source)
        at java.base@21.0.6/java.util.concurrent.Executors$RunnableAdapter.call(Executors.java:572)
        at java.base@21.0.6/java.util.concurrent.FutureTask.run(FutureTask.java:317)
        at java.base@21.0.6/java.util.concurrent.ThreadPoolExecutor.runWorker(ThreadPoolExecutor.java:1144)
        at java.base@21.0.6/java.util.concurrent.ThreadPoolExecutor$Worker.run(ThreadPoolExecutor.java:642)
        at java.base@21.0.6/java.lang.Thread.runWith(Thread.java:1596)
        at java.base@21.0.6/java.lang.Thread.run(Thread.java:1583)
"46d11c6d-db9b-44c9-8985-212dd9cf6636-DatanodeReportManager-1" daemon prio=5 tid=831 in Object.wait()
java.lang.Thread.State: WAITING (on object monitor)
        at java.base@21.0.6/jdk.internal.misc.Unsafe.park(Native Method)
        at java.base@21.0.6/java.util.concurrent.locks.LockSupport.park(LockSupport.java:371)
        at java.base@21.0.6/java.util.concurrent.locks.AbstractQueuedSynchronizer$ConditionNode.block(AbstractQueuedSynchronizer.java:519)
        at java.base@21.0.6/java.util.concurrent.ForkJoinPool.unmanagedBlock(ForkJoinPool.java:3780)
        at java.base@21.0.6/java.util.concurrent.ForkJoinPool.managedBlock(ForkJoinPool.java:3725)
        at java.base@21.0.6/java.util.concurrent.locks.AbstractQueuedSynchronizer$ConditionObject.await(AbstractQueuedSynchronizer.java:1712)
        at java.base@21.0.6/java.util.concurrent.ScheduledThreadPoolExecutor$DelayedWorkQueue.take(ScheduledThreadPoolExecutor.java:1177)
        at java.base@21.0.6/java.util.concurrent.ScheduledThreadPoolExecutor$DelayedWorkQueue.take(ScheduledThreadPoolExecutor.java:899)
        at java.base@21.0.6/java.util.concurrent.ThreadPoolExecutor.getTask(ThreadPoolExecutor.java:1070)
        at java.base@21.0.6/java.util.concurrent.ThreadPoolExecutor.runWorker(ThreadPoolExecutor.java:1130)
        at java.base@21.0.6/java.util.concurrent.ThreadPoolExecutor$Worker.run(ThreadPoolExecutor.java:642)
        at java.base@21.0.6/java.lang.Thread.runWith(Thread.java:1596)
        at java.base@21.0.6/java.lang.Thread.run(Thread.java:1583)
"Socket Reader #9 for port 15002"  prio=5 tid=64 runnable
java.lang.Thread.State: RUNNABLE
        at java.base@21.0.6/sun.nio.ch.EPoll.wait(Native Method)
        at java.base@21.0.6/sun.nio.ch.EPollSelectorImpl.doSelect(EPollSelectorImpl.java:121)
        at java.base@21.0.6/sun.nio.ch.SelectorImpl.lockAndDoSelect(SelectorImpl.java:130)
        at java.base@21.0.6/sun.nio.ch.SelectorImpl.select(SelectorImpl.java:147)
        at app//org.apache.hadoop.ipc.Server$Listener$Reader.doRunLoop(Server.java:1497)
        at app//org.apache.hadoop.ipc.Server$Listener$Reader.run(Server.java:1476)
"grpc-default-executor-1" daemon prio=5 tid=1190 timed_waiting
java.lang.Thread.State: TIMED_WAITING
        at java.base@21.0.6/jdk.internal.misc.Unsafe.park(Native Method)
        at java.base@21.0.6/java.util.concurrent.locks.LockSupport.parkNanos(LockSupport.java:410)
        at java.base@21.0.6/java.util.concurrent.LinkedTransferQueue$DualNode.await(LinkedTransferQueue.java:452)
        at java.base@21.0.6/java.util.concurrent.SynchronousQueue$Transferer.xferLifo(SynchronousQueue.java:194)
        at java.base@21.0.6/java.util.concurrent.SynchronousQueue.xfer(SynchronousQueue.java:235)
        at java.base@21.0.6/java.util.concurrent.SynchronousQueue.poll(SynchronousQueue.java:338)
        at java.base@21.0.6/java.util.concurrent.ThreadPoolExecutor.getTask(ThreadPoolExecutor.java:1069)
        at java.base@21.0.6/java.util.concurrent.ThreadPoolExecutor.runWorker(ThreadPoolExecutor.java:1130)
        at java.base@21.0.6/java.util.concurrent.ThreadPoolExecutor$Worker.run(ThreadPoolExecutor.java:642)
        at java.base@21.0.6/java.lang.Thread.runWith(Thread.java:1596)
        at java.base@21.0.6/java.lang.Thread.run(Thread.java:1583)
"25fe7083-9332-4190-accf-9f4542114dd9-CloseContainerThread-0"  prio=5 tid=1814 in Object.wait()
java.lang.Thread.State: WAITING (on object monitor)
        at java.base@21.0.6/jdk.internal.misc.Unsafe.park(Native Method)
        at java.base@21.0.6/java.util.concurrent.locks.LockSupport.park(LockSupport.java:371)
        at java.base@21.0.6/java.util.concurrent.locks.AbstractQueuedSynchronizer$ConditionNode.block(AbstractQueuedSynchronizer.java:519)
        at java.base@21.0.6/java.util.concurrent.ForkJoinPool.unmanagedBlock(ForkJoinPool.java:3780)
        at java.base@21.0.6/java.util.concurrent.ForkJoinPool.managedBlock(ForkJoinPool.java:3725)
        at java.base@21.0.6/java.util.concurrent.locks.AbstractQueuedSynchronizer$ConditionObject.await(AbstractQueuedSynchronizer.java:1712)
        at java.base@21.0.6/java.util.concurrent.LinkedBlockingQueue.take(LinkedBlockingQueue.java:435)
        at java.base@21.0.6/java.util.concurrent.ThreadPoolExecutor.getTask(ThreadPoolExecutor.java:1070)
        at java.base@21.0.6/java.util.concurrent.ThreadPoolExecutor.runWorker(ThreadPoolExecutor.java:1130)
        at java.base@21.0.6/java.util.concurrent.ThreadPoolExecutor$Worker.run(ThreadPoolExecutor.java:642)
        at java.base@21.0.6/java.lang.Thread.runWith(Thread.java:1596)
        at java.base@21.0.6/java.lang.Thread.run(Thread.java:1583)
"Socket Reader #3 for port 15012"  prio=5 tid=2264 runnable
java.lang.Thread.State: RUNNABLE
        at java.base@21.0.6/sun.nio.ch.EPoll.wait(Native Method)
        at java.base@21.0.6/sun.nio.ch.EPollSelectorImpl.doSelect(EPollSelectorImpl.java:121)
        at java.base@21.0.6/sun.nio.ch.SelectorImpl.lockAndDoSelect(SelectorImpl.java:130)
        at java.base@21.0.6/sun.nio.ch.SelectorImpl.select(SelectorImpl.java:147)
        at app//org.apache.hadoop.ipc.Server$Listener$Reader.doRunLoop(Server.java:1497)
        at app//org.apache.hadoop.ipc.Server$Listener$Reader.run(Server.java:1476)
"2fdf8a61-8d2a-4048-aa8e-d82d5837d34a-ChunkReader-1" daemon prio=5 tid=1566 in Object.wait()
java.lang.Thread.State: WAITING (on object monitor)
        at java.base@21.0.6/jdk.internal.misc.Unsafe.park(Native Method)
        at java.base@21.0.6/java.util.concurrent.locks.LockSupport.park(LockSupport.java:371)
        at java.base@21.0.6/java.util.concurrent.locks.AbstractQueuedSynchronizer$ConditionNode.block(AbstractQueuedSynchronizer.java:519)
        at java.base@21.0.6/java.util.concurrent.ForkJoinPool.unmanagedBlock(ForkJoinPool.java:3780)
        at java.base@21.0.6/java.util.concurrent.ForkJoinPool.managedBlock(ForkJoinPool.java:3725)
        at java.base@21.0.6/java.util.concurrent.locks.AbstractQueuedSynchronizer$ConditionObject.await(AbstractQueuedSynchronizer.java:1712)
        at java.base@21.0.6/java.util.concurrent.LinkedBlockingQueue.take(LinkedBlockingQueue.java:435)
        at java.base@21.0.6/java.util.concurrent.ThreadPoolExecutor.getTask(ThreadPoolExecutor.java:1070)
        at java.base@21.0.6/java.util.concurrent.ThreadPoolExecutor.runWorker(ThreadPoolExecutor.java:1130)
        at java.base@21.0.6/java.util.concurrent.ThreadPoolExecutor$Worker.run(ThreadPoolExecutor.java:642)
        at java.base@21.0.6/java.lang.Thread.runWith(Thread.java:1596)
        at java.base@21.0.6/java.lang.Thread.run(Thread.java:1583)
"IPC Server handler 26 on default port 15002" daemon prio=5 tid=358 timed_waiting
java.lang.Thread.State: TIMED_WAITING
        at java.base@21.0.6/jdk.internal.misc.Unsafe.park(Native Method)
        at java.base@21.0.6/java.util.concurrent.locks.LockSupport.parkNanos(LockSupport.java:269)
        at java.base@21.0.6/java.util.concurrent.locks.AbstractQueuedSynchronizer$ConditionObject.awaitNanos(AbstractQueuedSynchronizer.java:1763)
        at java.base@21.0.6/java.util.concurrent.LinkedBlockingQueue.poll(LinkedBlockingQueue.java:460)
        at app//org.apache.hadoop.ipc.CallQueueManager.take(CallQueueManager.java:370)
        at app//org.apache.hadoop.ipc.Server$Handler.run(Server.java:3165)
"2fdf8a61-8d2a-4048-aa8e-d82d5837d34a-CloseContainerThread-1"  prio=5 tid=2051 in Object.wait()
java.lang.Thread.State: WAITING (on object monitor)
        at java.base@21.0.6/jdk.internal.misc.Unsafe.park(Native Method)
        at java.base@21.0.6/java.util.concurrent.locks.LockSupport.park(LockSupport.java:371)
        at java.base@21.0.6/java.util.concurrent.locks.AbstractQueuedSynchronizer$ConditionNode.block(AbstractQueuedSynchronizer.java:519)
        at java.base@21.0.6/java.util.concurrent.ForkJoinPool.unmanagedBlock(ForkJoinPool.java:3780)
        at java.base@21.0.6/java.util.concurrent.ForkJoinPool.managedBlock(ForkJoinPool.java:3725)
        at java.base@21.0.6/java.util.concurrent.locks.AbstractQueuedSynchronizer$ConditionObject.await(AbstractQueuedSynchronizer.java:1712)
        at java.base@21.0.6/java.util.concurrent.LinkedBlockingQueue.take(LinkedBlockingQueue.java:435)
        at java.base@21.0.6/java.util.concurrent.ThreadPoolExecutor.getTask(ThreadPoolExecutor.java:1070)
        at java.base@21.0.6/java.util.concurrent.ThreadPoolExecutor.runWorker(ThreadPoolExecutor.java:1130)
        at java.base@21.0.6/java.util.concurrent.ThreadPoolExecutor$Worker.run(ThreadPoolExecutor.java:642)
        at java.base@21.0.6/java.lang.Thread.runWith(Thread.java:1596)
        at java.base@21.0.6/java.lang.Thread.run(Thread.java:1583)
"e20a886d-0459-4371-959f-f9bdb6931571-DatanodeStateMachineTaskThread-0"  prio=5 tid=881 in Object.wait()
java.lang.Thread.State: WAITING (on object monitor)
        at java.base@21.0.6/jdk.internal.misc.Unsafe.park(Native Method)
        at java.base@21.0.6/java.util.concurrent.locks.LockSupport.park(LockSupport.java:371)
        at java.base@21.0.6/java.util.concurrent.locks.AbstractQueuedSynchronizer$ConditionNode.block(AbstractQueuedSynchronizer.java:519)
        at java.base@21.0.6/java.util.concurrent.ForkJoinPool.unmanagedBlock(ForkJoinPool.java:3780)
        at java.base@21.0.6/java.util.concurrent.ForkJoinPool.managedBlock(ForkJoinPool.java:3725)
        at java.base@21.0.6/java.util.concurrent.locks.AbstractQueuedSynchronizer$ConditionObject.await(AbstractQueuedSynchronizer.java:1712)
        at java.base@21.0.6/java.util.concurrent.LinkedBlockingQueue.take(LinkedBlockingQueue.java:435)
        at java.base@21.0.6/java.util.concurrent.ThreadPoolExecutor.getTask(ThreadPoolExecutor.java:1070)
        at java.base@21.0.6/java.util.concurrent.ThreadPoolExecutor.runWorker(ThreadPoolExecutor.java:1130)
        at java.base@21.0.6/java.util.concurrent.ThreadPoolExecutor$Worker.run(ThreadPoolExecutor.java:642)
        at java.base@21.0.6/java.lang.Thread.runWith(Thread.java:1596)
        at java.base@21.0.6/java.lang.Thread.run(Thread.java:1583)
"eb965ba7-12a8-46f3-92c0-bc6ff5b3bf3b-PipelineCommandHandlerThread-0"  prio=5 tid=1212 in Object.wait()
java.lang.Thread.State: WAITING (on object monitor)
        at java.base@21.0.6/jdk.internal.misc.Unsafe.park(Native Method)
        at java.base@21.0.6/java.util.concurrent.locks.LockSupport.park(LockSupport.java:371)
        at java.base@21.0.6/java.util.concurrent.locks.AbstractQueuedSynchronizer$ConditionNode.block(AbstractQueuedSynchronizer.java:519)
        at java.base@21.0.6/java.util.concurrent.ForkJoinPool.unmanagedBlock(ForkJoinPool.java:3780)
        at java.base@21.0.6/java.util.concurrent.ForkJoinPool.managedBlock(ForkJoinPool.java:3725)
        at java.base@21.0.6/java.util.concurrent.locks.AbstractQueuedSynchronizer$ConditionObject.await(AbstractQueuedSynchronizer.java:1712)
        at java.base@21.0.6/java.util.concurrent.LinkedBlockingQueue.take(LinkedBlockingQueue.java:435)
        at java.base@21.0.6/java.util.concurrent.ThreadPoolExecutor.getTask(ThreadPoolExecutor.java:1070)
        at java.base@21.0.6/java.util.concurrent.ThreadPoolExecutor.runWorker(ThreadPoolExecutor.java:1130)
        at java.base@21.0.6/java.util.concurrent.ThreadPoolExecutor$Worker.run(ThreadPoolExecutor.java:642)
        at java.base@21.0.6/java.lang.Thread.runWith(Thread.java:1596)
        at java.base@21.0.6/java.lang.Thread.run(Thread.java:1583)
"2dcfdddc-a76f-4d49-b174-7a2bddacee37@group-A68B45278972->2fdf8a61-8d2a-4048-aa8e-d82d5837d34a-GrpcLogAppender-LogAppenderDaemon" daemon prio=5 tid=1414 timed_waiting
java.lang.Thread.State: TIMED_WAITING
        at java.base@21.0.6/jdk.internal.misc.Unsafe.park(Native Method)
        at java.base@21.0.6/java.util.concurrent.locks.LockSupport.parkNanos(LockSupport.java:269)
        at java.base@21.0.6/java.util.concurrent.locks.AbstractQueuedSynchronizer$ConditionObject.await(AbstractQueuedSynchronizer.java:1852)
        at app//org.apache.ratis.util.AwaitForSignal.await(AwaitForSignal.java:65)
        at app//org.apache.ratis.grpc.server.GrpcLogAppender.mayWait(GrpcLogAppender.java:290)
        at app//org.apache.ratis.grpc.server.GrpcLogAppender.run(GrpcLogAppender.java:258)
        at app//org.apache.ratis.server.leader.LogAppenderDaemon.run(LogAppenderDaemon.java:80)
        at app//org.apache.ratis.server.leader.LogAppenderDaemon$$Lambda/0x00007f7e9c91a108.run(Unknown Source)
        at java.base@21.0.6/java.lang.Thread.runWith(Thread.java:1596)
        at java.base@21.0.6/java.lang.Thread.run(Thread.java:1583)
"pool-483-thread-1" daemon prio=5 tid=2309 timed_waiting
java.lang.Thread.State: TIMED_WAITING
        at java.base@21.0.6/jdk.internal.misc.Unsafe.park(Native Method)
        at java.base@21.0.6/java.util.concurrent.locks.LockSupport.parkNanos(LockSupport.java:269)
        at java.base@21.0.6/java.util.concurrent.locks.AbstractQueuedSynchronizer$ConditionObject.awaitNanos(AbstractQueuedSynchronizer.java:1763)
        at java.base@21.0.6/java.util.concurrent.ScheduledThreadPoolExecutor$DelayedWorkQueue.take(ScheduledThreadPoolExecutor.java:1182)
        at java.base@21.0.6/java.util.concurrent.ScheduledThreadPoolExecutor$DelayedWorkQueue.take(ScheduledThreadPoolExecutor.java:899)
        at java.base@21.0.6/java.util.concurrent.ThreadPoolExecutor.getTask(ThreadPoolExecutor.java:1070)
        at java.base@21.0.6/java.util.concurrent.ThreadPoolExecutor.runWorker(ThreadPoolExecutor.java:1130)
        at java.base@21.0.6/java.util.concurrent.ThreadPoolExecutor$Worker.run(ThreadPoolExecutor.java:642)
        at java.base@21.0.6/java.lang.Thread.runWith(Thread.java:1596)
        at java.base@21.0.6/java.lang.Thread.run(Thread.java:1583)
"6b36f32d-918c-46a3-bfcb-888cb423c6dd-DatanodeReportManager-0" daemon prio=5 tid=598 in Object.wait()
java.lang.Thread.State: WAITING (on object monitor)
        at java.base@21.0.6/jdk.internal.misc.Unsafe.park(Native Method)
        at java.base@21.0.6/java.util.concurrent.locks.LockSupport.park(LockSupport.java:371)
        at java.base@21.0.6/java.util.concurrent.locks.AbstractQueuedSynchronizer$ConditionNode.block(AbstractQueuedSynchronizer.java:519)
        at java.base@21.0.6/java.util.concurrent.ForkJoinPool.unmanagedBlock(ForkJoinPool.java:3780)
        at java.base@21.0.6/java.util.concurrent.ForkJoinPool.managedBlock(ForkJoinPool.java:3725)
        at java.base@21.0.6/java.util.concurrent.locks.AbstractQueuedSynchronizer$ConditionObject.await(AbstractQueuedSynchronizer.java:1712)
        at java.base@21.0.6/java.util.concurrent.ScheduledThreadPoolExecutor$DelayedWorkQueue.take(ScheduledThreadPoolExecutor.java:1177)
        at java.base@21.0.6/java.util.concurrent.ScheduledThreadPoolExecutor$DelayedWorkQueue.take(ScheduledThreadPoolExecutor.java:899)
        at java.base@21.0.6/java.util.concurrent.ThreadPoolExecutor.getTask(ThreadPoolExecutor.java:1070)
        at java.base@21.0.6/java.util.concurrent.ThreadPoolExecutor.runWorker(ThreadPoolExecutor.java:1130)
        at java.base@21.0.6/java.util.concurrent.ThreadPoolExecutor$Worker.run(ThreadPoolExecutor.java:642)
        at java.base@21.0.6/java.lang.Thread.runWith(Thread.java:1596)
        at java.base@21.0.6/java.lang.Thread.run(Thread.java:1583)
"qtp585405660-846" daemon prio=5 tid=846 timed_waiting
java.lang.Thread.State: TIMED_WAITING
        at java.base@21.0.6/jdk.internal.misc.Unsafe.park(Native Method)
        at java.base@21.0.6/java.util.concurrent.locks.LockSupport.parkNanos(LockSupport.java:269)
        at java.base@21.0.6/java.util.concurrent.locks.AbstractQueuedSynchronizer$ConditionObject.awaitNanos(AbstractQueuedSynchronizer.java:1763)
        at app//org.eclipse.jetty.util.BlockingArrayQueue.poll(BlockingArrayQueue.java:382)
        at app//org.eclipse.jetty.util.thread.QueuedThreadPool$Runner.idleJobPoll(QueuedThreadPool.java:974)
        at app//org.eclipse.jetty.util.thread.QueuedThreadPool$Runner.run(QueuedThreadPool.java:1018)
        at java.base@21.0.6/java.lang.Thread.runWith(Thread.java:1596)
        at java.base@21.0.6/java.lang.Thread.run(Thread.java:1583)
"Session-HouseKeeper-2daa7c93-1"  prio=5 tid=804 timed_waiting
java.lang.Thread.State: TIMED_WAITING
        at java.base@21.0.6/jdk.internal.misc.Unsafe.park(Native Method)
        at java.base@21.0.6/java.util.concurrent.locks.LockSupport.parkNanos(LockSupport.java:269)
        at java.base@21.0.6/java.util.concurrent.locks.AbstractQueuedSynchronizer$ConditionObject.awaitNanos(AbstractQueuedSynchronizer.java:1763)
        at java.base@21.0.6/java.util.concurrent.ScheduledThreadPoolExecutor$DelayedWorkQueue.take(ScheduledThreadPoolExecutor.java:1182)
        at java.base@21.0.6/java.util.concurrent.ScheduledThreadPoolExecutor$DelayedWorkQueue.take(ScheduledThreadPoolExecutor.java:899)
        at java.base@21.0.6/java.util.concurrent.ThreadPoolExecutor.getTask(ThreadPoolExecutor.java:1070)
        at java.base@21.0.6/java.util.concurrent.ThreadPoolExecutor.runWorker(ThreadPoolExecutor.java:1130)
        at java.base@21.0.6/java.util.concurrent.ThreadPoolExecutor$Worker.run(ThreadPoolExecutor.java:642)
        at java.base@21.0.6/java.lang.Thread.runWith(Thread.java:1596)
        at java.base@21.0.6/java.lang.Thread.run(Thread.java:1583)
"IPC Server handler 14 on default port 15002" daemon prio=5 tid=346 timed_waiting
java.lang.Thread.State: TIMED_WAITING
        at java.base@21.0.6/jdk.internal.misc.Unsafe.park(Native Method)
        at java.base@21.0.6/java.util.concurrent.locks.LockSupport.parkNanos(LockSupport.java:269)
        at java.base@21.0.6/java.util.concurrent.locks.AbstractQueuedSynchronizer$ConditionObject.awaitNanos(AbstractQueuedSynchronizer.java:1763)
        at java.base@21.0.6/java.util.concurrent.LinkedBlockingQueue.poll(LinkedBlockingQueue.java:460)
        at app//org.apache.hadoop.ipc.CallQueueManager.take(CallQueueManager.java:370)
        at app//org.apache.hadoop.ipc.Server$Handler.run(Server.java:3165)
"ccfadb7c-9180-4c4b-b969-671c642a7bd3-BlockDeletingService#3" daemon prio=5 tid=2192 in Object.wait()
java.lang.Thread.State: WAITING (on object monitor)
        at java.base@21.0.6/jdk.internal.misc.Unsafe.park(Native Method)
        at java.base@21.0.6/java.util.concurrent.locks.LockSupport.park(LockSupport.java:371)
        at java.base@21.0.6/java.util.concurrent.locks.AbstractQueuedSynchronizer$ConditionNode.block(AbstractQueuedSynchronizer.java:519)
        at java.base@21.0.6/java.util.concurrent.ForkJoinPool.unmanagedBlock(ForkJoinPool.java:3780)
        at java.base@21.0.6/java.util.concurrent.ForkJoinPool.managedBlock(ForkJoinPool.java:3725)
        at java.base@21.0.6/java.util.concurrent.locks.AbstractQueuedSynchronizer$ConditionObject.await(AbstractQueuedSynchronizer.java:1712)
        at java.base@21.0.6/java.util.concurrent.ScheduledThreadPoolExecutor$DelayedWorkQueue.take(ScheduledThreadPoolExecutor.java:1177)
        at java.base@21.0.6/java.util.concurrent.ScheduledThreadPoolExecutor$DelayedWorkQueue.take(ScheduledThreadPoolExecutor.java:899)
        at java.base@21.0.6/java.util.concurrent.ThreadPoolExecutor.getTask(ThreadPoolExecutor.java:1070)
        at java.base@21.0.6/java.util.concurrent.ThreadPoolExecutor.runWorker(ThreadPoolExecutor.java:1130)
        at java.base@21.0.6/java.util.concurrent.ThreadPoolExecutor$Worker.run(ThreadPoolExecutor.java:642)
        at java.base@21.0.6/java.lang.Thread.runWith(Thread.java:1596)
        at java.base@21.0.6/java.lang.Thread.run(Thread.java:1583)
"49dd84ae-7ec9-4d92-bc53-345946144fea@group-4434D0010B67-SegmentedRaftLogWorker"  prio=5 tid=2355 timed_waiting
java.lang.Thread.State: TIMED_WAITING
        at java.base@21.0.6/jdk.internal.misc.Unsafe.park(Native Method)
        at java.base@21.0.6/java.util.concurrent.locks.LockSupport.parkNanos(LockSupport.java:269)
        at java.base@21.0.6/java.util.concurrent.locks.AbstractQueuedSynchronizer$ConditionObject.awaitNanos(AbstractQueuedSynchronizer.java:1763)
        at app//org.apache.ratis.util.DataBlockingQueue.poll(DataBlockingQueue.java:148)
        at app//org.apache.ratis.server.raftlog.segmented.SegmentedRaftLogWorker.run(SegmentedRaftLogWorker.java:307)
        at app//org.apache.ratis.server.raftlog.segmented.SegmentedRaftLogWorker$$Lambda/0x00007f7e9c334fd8.run(Unknown Source)
        at java.base@21.0.6/java.util.concurrent.Executors$RunnableAdapter.call(Executors.java:572)
        at java.base@21.0.6/java.util.concurrent.FutureTask.run(FutureTask.java:317)
        at java.base@21.0.6/java.util.concurrent.ThreadPoolExecutor.runWorker(ThreadPoolExecutor.java:1144)
        at java.base@21.0.6/java.util.concurrent.ThreadPoolExecutor$Worker.run(ThreadPoolExecutor.java:642)
        at java.base@21.0.6/java.lang.Thread.runWith(Thread.java:1596)
        at java.base@21.0.6/java.lang.Thread.run(Thread.java:1583)
"IPC Server Responder" daemon prio=5 tid=817 runnable
java.lang.Thread.State: RUNNABLE
        at java.base@21.0.6/sun.nio.ch.EPoll.wait(Native Method)
        at java.base@21.0.6/sun.nio.ch.EPollSelectorImpl.doSelect(EPollSelectorImpl.java:121)
        at java.base@21.0.6/sun.nio.ch.SelectorImpl.lockAndDoSelect(SelectorImpl.java:130)
        at java.base@21.0.6/sun.nio.ch.SelectorImpl.select(SelectorImpl.java:142)
        at app//org.apache.hadoop.ipc.Server$Responder.doRunLoop(Server.java:1733)
        at app//org.apache.hadoop.ipc.Server$Responder.run(Server.java:1716)
"Session-HouseKeeper-268f1aeb-1"  prio=5 tid=758 timed_waiting
java.lang.Thread.State: TIMED_WAITING
        at java.base@21.0.6/jdk.internal.misc.Unsafe.park(Native Method)
        at java.base@21.0.6/java.util.concurrent.locks.LockSupport.parkNanos(LockSupport.java:269)
        at java.base@21.0.6/java.util.concurrent.locks.AbstractQueuedSynchronizer$ConditionObject.awaitNanos(AbstractQueuedSynchronizer.java:1763)
        at java.base@21.0.6/java.util.concurrent.ScheduledThreadPoolExecutor$DelayedWorkQueue.take(ScheduledThreadPoolExecutor.java:1182)
        at java.base@21.0.6/java.util.concurrent.ScheduledThreadPoolExecutor$DelayedWorkQueue.take(ScheduledThreadPoolExecutor.java:899)
        at java.base@21.0.6/java.util.concurrent.ThreadPoolExecutor.getTask(ThreadPoolExecutor.java:1070)
        at java.base@21.0.6/java.util.concurrent.ThreadPoolExecutor.runWorker(ThreadPoolExecutor.java:1130)
        at java.base@21.0.6/java.util.concurrent.ThreadPoolExecutor$Worker.run(ThreadPoolExecutor.java:642)
        at java.base@21.0.6/java.lang.Thread.runWith(Thread.java:1596)
        at java.base@21.0.6/java.lang.Thread.run(Thread.java:1583)
"IPC Server handler 5 on default port 15066" daemon prio=5 tid=824 timed_waiting
java.lang.Thread.State: TIMED_WAITING
        at java.base@21.0.6/jdk.internal.misc.Unsafe.park(Native Method)
        at java.base@21.0.6/java.util.concurrent.locks.LockSupport.parkNanos(LockSupport.java:269)
        at java.base@21.0.6/java.util.concurrent.locks.AbstractQueuedSynchronizer$ConditionObject.awaitNanos(AbstractQueuedSynchronizer.java:1763)
        at java.base@21.0.6/java.util.concurrent.LinkedBlockingQueue.poll(LinkedBlockingQueue.java:460)
        at app//org.apache.hadoop.ipc.CallQueueManager.take(CallQueueManager.java:370)
        at app//org.apache.hadoop.ipc.Server$Handler.run(Server.java:3165)
"IPC Server idle connection scanner for port 15006" daemon prio=5 tid=453 timed_waiting
java.lang.Thread.State: TIMED_WAITING
        at java.base@21.0.6/java.lang.Object.wait0(Native Method)
        at java.base@21.0.6/java.lang.Object.wait(Object.java:366)
        at java.base@21.0.6/java.util.TimerThread.mainLoop(Timer.java:563)
        at java.base@21.0.6/java.util.TimerThread.run(Timer.java:516)
"SCMBlockDeletingService#0" daemon prio=5 tid=314 timed_waiting
java.lang.Thread.State: TIMED_WAITING
        at java.base@21.0.6/jdk.internal.misc.Unsafe.park(Native Method)
        at java.base@21.0.6/java.util.concurrent.locks.LockSupport.parkNanos(LockSupport.java:269)
        at java.base@21.0.6/java.util.concurrent.locks.AbstractQueuedSynchronizer$ConditionObject.awaitNanos(AbstractQueuedSynchronizer.java:1763)
        at java.base@21.0.6/java.util.concurrent.ScheduledThreadPoolExecutor$DelayedWorkQueue.take(ScheduledThreadPoolExecutor.java:1182)
        at java.base@21.0.6/java.util.concurrent.ScheduledThreadPoolExecutor$DelayedWorkQueue.take(ScheduledThreadPoolExecutor.java:899)
        at java.base@21.0.6/java.util.concurrent.ThreadPoolExecutor.getTask(ThreadPoolExecutor.java:1070)
        at java.base@21.0.6/java.util.concurrent.ThreadPoolExecutor.runWorker(ThreadPoolExecutor.java:1130)
        at java.base@21.0.6/java.util.concurrent.ThreadPoolExecutor$Worker.run(ThreadPoolExecutor.java:642)
        at java.base@21.0.6/java.lang.Thread.runWith(Thread.java:1596)
        at java.base@21.0.6/java.lang.Thread.run(Thread.java:1583)
"Socket Reader #2 for port 15001"  prio=5 tid=71 runnable
java.lang.Thread.State: RUNNABLE
        at java.base@21.0.6/sun.nio.ch.EPoll.wait(Native Method)
        at java.base@21.0.6/sun.nio.ch.EPollSelectorImpl.doSelect(EPollSelectorImpl.java:121)
        at java.base@21.0.6/sun.nio.ch.SelectorImpl.lockAndDoSelect(SelectorImpl.java:130)
        at java.base@21.0.6/sun.nio.ch.SelectorImpl.select(SelectorImpl.java:147)
        at app//org.apache.hadoop.ipc.Server$Listener$Reader.doRunLoop(Server.java:1497)
        at app//org.apache.hadoop.ipc.Server$Listener$Reader.run(Server.java:1476)
"timer7" daemon prio=5 tid=1399 timed_waiting
java.lang.Thread.State: TIMED_WAITING
        at java.base@21.0.6/java.lang.Object.wait0(Native Method)
        at java.base@21.0.6/java.lang.Object.wait(Object.java:366)
        at java.base@21.0.6/java.util.TimerThread.mainLoop(Timer.java:563)
        at java.base@21.0.6/java.util.TimerThread.run(Timer.java:516)
"IPC Server handler 3 on default port 15030" daemon prio=5 tid=638 timed_waiting
java.lang.Thread.State: TIMED_WAITING
        at java.base@21.0.6/jdk.internal.misc.Unsafe.park(Native Method)
        at java.base@21.0.6/java.util.concurrent.locks.LockSupport.parkNanos(LockSupport.java:269)
        at java.base@21.0.6/java.util.concurrent.locks.AbstractQueuedSynchronizer$ConditionObject.awaitNanos(AbstractQueuedSynchronizer.java:1763)
        at java.base@21.0.6/java.util.concurrent.LinkedBlockingQueue.poll(LinkedBlockingQueue.java:460)
        at app//org.apache.hadoop.ipc.CallQueueManager.take(CallQueueManager.java:370)
        at app//org.apache.hadoop.ipc.Server$Handler.run(Server.java:3165)
"42086d8c-c943-47d6-a5f9-799709872375-ChunkReader-ELG-0" daemon prio=5 tid=1061 runnable
java.lang.Thread.State: RUNNABLE
        at app//org.apache.ratis.thirdparty.io.netty.channel.epoll.Native.epollWait0(Native Method)
        at app//org.apache.ratis.thirdparty.io.netty.channel.epoll.Native.epollWait(Native.java:193)
        at app//org.apache.ratis.thirdparty.io.netty.channel.epoll.EpollEventLoop.epollWait(EpollEventLoop.java:304)
        at app//org.apache.ratis.thirdparty.io.netty.channel.epoll.EpollEventLoop.run(EpollEventLoop.java:368)
        at app//org.apache.ratis.thirdparty.io.netty.util.concurrent.SingleThreadEventExecutor$4.run(SingleThreadEventExecutor.java:997)
        at app//org.apache.ratis.thirdparty.io.netty.util.internal.ThreadExecutorMap$2.run(ThreadExecutorMap.java:74)
        at java.base@21.0.6/java.lang.Thread.runWith(Thread.java:1596)
        at java.base@21.0.6/java.lang.Thread.run(Thread.java:1583)
"42086d8c-c943-47d6-a5f9-799709872375-ChunkReader-3" daemon prio=5 tid=1571 in Object.wait()
java.lang.Thread.State: WAITING (on object monitor)
        at java.base@21.0.6/jdk.internal.misc.Unsafe.park(Native Method)
        at java.base@21.0.6/java.util.concurrent.locks.LockSupport.park(LockSupport.java:371)
        at java.base@21.0.6/java.util.concurrent.locks.AbstractQueuedSynchronizer$ConditionNode.block(AbstractQueuedSynchronizer.java:519)
        at java.base@21.0.6/java.util.concurrent.ForkJoinPool.unmanagedBlock(ForkJoinPool.java:3780)
        at java.base@21.0.6/java.util.concurrent.ForkJoinPool.managedBlock(ForkJoinPool.java:3725)
        at java.base@21.0.6/java.util.concurrent.locks.AbstractQueuedSynchronizer$ConditionObject.await(AbstractQueuedSynchronizer.java:1712)
        at java.base@21.0.6/java.util.concurrent.LinkedBlockingQueue.take(LinkedBlockingQueue.java:435)
        at java.base@21.0.6/java.util.concurrent.ThreadPoolExecutor.getTask(ThreadPoolExecutor.java:1070)
        at java.base@21.0.6/java.util.concurrent.ThreadPoolExecutor.runWorker(ThreadPoolExecutor.java:1130)
        at java.base@21.0.6/java.util.concurrent.ThreadPoolExecutor$Worker.run(ThreadPoolExecutor.java:642)
        at java.base@21.0.6/java.lang.Thread.runWith(Thread.java:1596)
        at java.base@21.0.6/java.lang.Thread.run(Thread.java:1583)
"Socket Reader #9 for port 15012"  prio=5 tid=2270 runnable
java.lang.Thread.State: RUNNABLE
        at java.base@21.0.6/sun.nio.ch.EPoll.wait(Native Method)
        at java.base@21.0.6/sun.nio.ch.EPollSelectorImpl.doSelect(EPollSelectorImpl.java:121)
        at java.base@21.0.6/sun.nio.ch.SelectorImpl.lockAndDoSelect(SelectorImpl.java:130)
        at java.base@21.0.6/sun.nio.ch.SelectorImpl.select(SelectorImpl.java:147)
        at app//org.apache.hadoop.ipc.Server$Listener$Reader.doRunLoop(Server.java:1497)
        at app//org.apache.hadoop.ipc.Server$Listener$Reader.run(Server.java:1476)
"ContainerMetadataScanner" daemon prio=5 tid=1054 timed_waiting
java.lang.Thread.State: TIMED_WAITING
        at java.base@21.0.6/java.lang.Thread.sleep0(Native Method)
        at java.base@21.0.6/java.lang.Thread.sleep(Thread.java:509)
        at app//org.apache.hadoop.ozone.container.ozoneimpl.AbstractBackgroundContainerScanner.handleRemainingSleep(AbstractBackgroundContainerScanner.java:128)
        at app//org.apache.hadoop.ozone.container.ozoneimpl.AbstractBackgroundContainerScanner.runIteration(AbstractBackgroundContainerScanner.java:95)
        at app//org.apache.hadoop.ozone.container.ozoneimpl.AbstractBackgroundContainerScanner.run(AbstractBackgroundContainerScanner.java:54)
"pool-504-thread-1"  prio=5 tid=2242 timed_waiting
java.lang.Thread.State: TIMED_WAITING
        at java.base@21.0.6/jdk.internal.misc.Unsafe.park(Native Method)
        at java.base@21.0.6/java.util.concurrent.locks.LockSupport.parkNanos(LockSupport.java:269)
        at java.base@21.0.6/java.util.concurrent.locks.AbstractQueuedSynchronizer$ConditionObject.awaitNanos(AbstractQueuedSynchronizer.java:1763)
        at java.base@21.0.6/java.util.concurrent.ScheduledThreadPoolExecutor$DelayedWorkQueue.take(ScheduledThreadPoolExecutor.java:1182)
        at java.base@21.0.6/java.util.concurrent.ScheduledThreadPoolExecutor$DelayedWorkQueue.take(ScheduledThreadPoolExecutor.java:899)
        at java.base@21.0.6/java.util.concurrent.ThreadPoolExecutor.getTask(ThreadPoolExecutor.java:1070)
        at java.base@21.0.6/java.util.concurrent.ThreadPoolExecutor.runWorker(ThreadPoolExecutor.java:1130)
        at java.base@21.0.6/java.util.concurrent.ThreadPoolExecutor$Worker.run(ThreadPoolExecutor.java:642)
        at java.base@21.0.6/java.lang.Thread.runWith(Thread.java:1596)
        at java.base@21.0.6/java.lang.Thread.run(Thread.java:1583)
"42086d8c-c943-47d6-a5f9-799709872375@group-3A2BF5D858B4-LeaderStateImpl" daemon prio=5 tid=2385 timed_waiting
java.lang.Thread.State: TIMED_WAITING
        at java.base@21.0.6/jdk.internal.misc.Unsafe.park(Native Method)
        at java.base@21.0.6/java.util.concurrent.locks.LockSupport.parkNanos(LockSupport.java:269)
        at java.base@21.0.6/java.util.concurrent.locks.AbstractQueuedSynchronizer$ConditionObject.awaitNanos(AbstractQueuedSynchronizer.java:1763)
        at java.base@21.0.6/java.util.concurrent.ArrayBlockingQueue.poll(ArrayBlockingQueue.java:435)
        at app//org.apache.ratis.server.impl.LeaderStateImpl$EventQueue.poll(LeaderStateImpl.java:164)
        at app//org.apache.ratis.server.impl.LeaderStateImpl$EventProcessor.run(LeaderStateImpl.java:763)
"ccfadb7c-9180-4c4b-b969-671c642a7bd3@group-CA8E8F8CF78E-StateMachineUpdater" daemon prio=5 tid=1989 timed_waiting
java.lang.Thread.State: TIMED_WAITING
        at java.base@21.0.6/jdk.internal.misc.Unsafe.park(Native Method)
        at java.base@21.0.6/java.util.concurrent.locks.LockSupport.parkNanos(LockSupport.java:269)
        at java.base@21.0.6/java.util.concurrent.locks.AbstractQueuedSynchronizer$ConditionObject.await(AbstractQueuedSynchronizer.java:1852)
        at app//org.apache.ratis.util.AwaitForSignal.await(AwaitForSignal.java:65)
        at app//org.apache.ratis.server.impl.StateMachineUpdater.waitForCommit(StateMachineUpdater.java:219)
        at app//org.apache.ratis.server.impl.StateMachineUpdater.run(StateMachineUpdater.java:187)
        at java.base@21.0.6/java.lang.Thread.runWith(Thread.java:1596)
        at java.base@21.0.6/java.lang.Thread.run(Thread.java:1583)
"2dcfdddc-a76f-4d49-b174-7a2bddacee37-CloseContainerThread-2"  prio=5 tid=2060 in Object.wait()
java.lang.Thread.State: WAITING (on object monitor)
        at java.base@21.0.6/jdk.internal.misc.Unsafe.park(Native Method)
        at java.base@21.0.6/java.util.concurrent.locks.LockSupport.park(LockSupport.java:371)
        at java.base@21.0.6/java.util.concurrent.locks.AbstractQueuedSynchronizer$ConditionNode.block(AbstractQueuedSynchronizer.java:519)
        at java.base@21.0.6/java.util.concurrent.ForkJoinPool.unmanagedBlock(ForkJoinPool.java:3780)
        at java.base@21.0.6/java.util.concurrent.ForkJoinPool.managedBlock(ForkJoinPool.java:3725)
        at java.base@21.0.6/java.util.concurrent.locks.AbstractQueuedSynchronizer$ConditionObject.await(AbstractQueuedSynchronizer.java:1712)
        at java.base@21.0.6/java.util.concurrent.LinkedBlockingQueue.take(LinkedBlockingQueue.java:435)
        at java.base@21.0.6/java.util.concurrent.ThreadPoolExecutor.getTask(ThreadPoolExecutor.java:1070)
        at java.base@21.0.6/java.util.concurrent.ThreadPoolExecutor.runWorker(ThreadPoolExecutor.java:1130)
        at java.base@21.0.6/java.util.concurrent.ThreadPoolExecutor$Worker.run(ThreadPoolExecutor.java:642)
        at java.base@21.0.6/java.lang.Thread.runWith(Thread.java:1596)
        at java.base@21.0.6/java.lang.Thread.run(Thread.java:1583)
"IPC Server handler 86 on default port 15000" daemon prio=5 tid=200 timed_waiting
java.lang.Thread.State: TIMED_WAITING
        at java.base@21.0.6/jdk.internal.misc.Unsafe.park(Native Method)
        at java.base@21.0.6/java.util.concurrent.locks.LockSupport.parkNanos(LockSupport.java:269)
        at java.base@21.0.6/java.util.concurrent.locks.AbstractQueuedSynchronizer$ConditionObject.awaitNanos(AbstractQueuedSynchronizer.java:1763)
        at java.base@21.0.6/java.util.concurrent.LinkedBlockingQueue.poll(LinkedBlockingQueue.java:460)
        at app//org.apache.hadoop.ipc.CallQueueManager.take(CallQueueManager.java:370)
        at app//org.apache.hadoop.ipc.Server$Handler.run(Server.java:3165)
"qtp1009893576-939" daemon prio=5 tid=939 timed_waiting
java.lang.Thread.State: TIMED_WAITING
        at java.base@21.0.6/jdk.internal.misc.Unsafe.park(Native Method)
        at java.base@21.0.6/java.util.concurrent.locks.LockSupport.parkNanos(LockSupport.java:269)
        at java.base@21.0.6/java.util.concurrent.locks.AbstractQueuedSynchronizer$ConditionObject.awaitNanos(AbstractQueuedSynchronizer.java:1763)
        at app//org.eclipse.jetty.util.BlockingArrayQueue.poll(BlockingArrayQueue.java:382)
        at app//org.eclipse.jetty.util.thread.QueuedThreadPool$Runner.idleJobPoll(QueuedThreadPool.java:974)
        at app//org.eclipse.jetty.util.thread.QueuedThreadPool$Runner.run(QueuedThreadPool.java:1018)
        at java.base@21.0.6/java.lang.Thread.runWith(Thread.java:1596)
        at java.base@21.0.6/java.lang.Thread.run(Thread.java:1583)
"IPC Server handler 97 on default port 15001" daemon prio=5 tid=311 timed_waiting
java.lang.Thread.State: TIMED_WAITING
        at java.base@21.0.6/jdk.internal.misc.Unsafe.park(Native Method)
        at java.base@21.0.6/java.util.concurrent.locks.LockSupport.parkNanos(LockSupport.java:269)
        at java.base@21.0.6/java.util.concurrent.locks.AbstractQueuedSynchronizer$ConditionObject.awaitNanos(AbstractQueuedSynchronizer.java:1763)
        at java.base@21.0.6/java.util.concurrent.LinkedBlockingQueue.poll(LinkedBlockingQueue.java:460)
        at app//org.apache.hadoop.ipc.CallQueueManager.take(CallQueueManager.java:370)
        at app//org.apache.hadoop.ipc.Server$Handler.run(Server.java:3165)
"eb965ba7-12a8-46f3-92c0-bc6ff5b3bf3b-DatanodeStateMachineTaskThread-1"  prio=5 tid=1012 in Object.wait()
java.lang.Thread.State: WAITING (on object monitor)
        at java.base@21.0.6/jdk.internal.misc.Unsafe.park(Native Method)
        at java.base@21.0.6/java.util.concurrent.locks.LockSupport.park(LockSupport.java:371)
        at java.base@21.0.6/java.util.concurrent.locks.AbstractQueuedSynchronizer$ConditionNode.block(AbstractQueuedSynchronizer.java:519)
        at java.base@21.0.6/java.util.concurrent.ForkJoinPool.unmanagedBlock(ForkJoinPool.java:3780)
        at java.base@21.0.6/java.util.concurrent.ForkJoinPool.managedBlock(ForkJoinPool.java:3725)
        at java.base@21.0.6/java.util.concurrent.locks.AbstractQueuedSynchronizer$ConditionObject.await(AbstractQueuedSynchronizer.java:1712)
        at java.base@21.0.6/java.util.concurrent.LinkedBlockingQueue.take(LinkedBlockingQueue.java:435)
        at java.base@21.0.6/java.util.concurrent.ThreadPoolExecutor.getTask(ThreadPoolExecutor.java:1070)
        at java.base@21.0.6/java.util.concurrent.ThreadPoolExecutor.runWorker(ThreadPoolExecutor.java:1130)
        at java.base@21.0.6/java.util.concurrent.ThreadPoolExecutor$Worker.run(ThreadPoolExecutor.java:642)
        at java.base@21.0.6/java.lang.Thread.runWith(Thread.java:1596)
        at java.base@21.0.6/java.lang.Thread.run(Thread.java:1583)
"IPC Server handler 53 on default port 15001" daemon prio=5 tid=267 timed_waiting
java.lang.Thread.State: TIMED_WAITING
        at java.base@21.0.6/jdk.internal.misc.Unsafe.park(Native Method)
        at java.base@21.0.6/java.util.concurrent.locks.LockSupport.parkNanos(LockSupport.java:269)
        at java.base@21.0.6/java.util.concurrent.locks.AbstractQueuedSynchronizer$ConditionObject.awaitNanos(AbstractQueuedSynchronizer.java:1763)
        at java.base@21.0.6/java.util.concurrent.LinkedBlockingQueue.poll(LinkedBlockingQueue.java:460)
        at app//org.apache.hadoop.ipc.CallQueueManager.take(CallQueueManager.java:370)
        at app//org.apache.hadoop.ipc.Server$Handler.run(Server.java:3165)
"qtp1009893576-941" daemon prio=5 tid=941 timed_waiting
java.lang.Thread.State: TIMED_WAITING
        at java.base@21.0.6/jdk.internal.misc.Unsafe.park(Native Method)
        at java.base@21.0.6/java.util.concurrent.locks.LockSupport.parkNanos(LockSupport.java:269)
        at java.base@21.0.6/java.util.concurrent.locks.AbstractQueuedSynchronizer$ConditionObject.awaitNanos(AbstractQueuedSynchronizer.java:1763)
        at app//org.eclipse.jetty.util.BlockingArrayQueue.poll(BlockingArrayQueue.java:382)
        at app//org.eclipse.jetty.util.thread.QueuedThreadPool$Runner.idleJobPoll(QueuedThreadPool.java:974)
        at app//org.eclipse.jetty.util.thread.QueuedThreadPool$Runner.run(QueuedThreadPool.java:1018)
        at java.base@21.0.6/java.lang.Thread.runWith(Thread.java:1596)
        at java.base@21.0.6/java.lang.Thread.run(Thread.java:1583)
"IPC Server handler 0 on default port 15075" daemon prio=5 tid=865 timed_waiting
java.lang.Thread.State: TIMED_WAITING
        at java.base@21.0.6/jdk.internal.misc.Unsafe.park(Native Method)
        at java.base@21.0.6/java.util.concurrent.locks.LockSupport.parkNanos(LockSupport.java:269)
        at java.base@21.0.6/java.util.concurrent.locks.AbstractQueuedSynchronizer$ConditionObject.awaitNanos(AbstractQueuedSynchronizer.java:1763)
        at java.base@21.0.6/java.util.concurrent.LinkedBlockingQueue.poll(LinkedBlockingQueue.java:460)
        at app//org.apache.hadoop.ipc.CallQueueManager.take(CallQueueManager.java:370)
        at app//org.apache.hadoop.ipc.Server$Handler.run(Server.java:3165)
"Socket Reader #5 for port 15030"  prio=5 tid=626 runnable
java.lang.Thread.State: RUNNABLE
        at java.base@21.0.6/sun.nio.ch.EPoll.wait(Native Method)
        at java.base@21.0.6/sun.nio.ch.EPollSelectorImpl.doSelect(EPollSelectorImpl.java:121)
        at java.base@21.0.6/sun.nio.ch.SelectorImpl.lockAndDoSelect(SelectorImpl.java:130)
        at java.base@21.0.6/sun.nio.ch.SelectorImpl.select(SelectorImpl.java:147)
        at app//org.apache.hadoop.ipc.Server$Listener$Reader.doRunLoop(Server.java:1497)
        at app//org.apache.hadoop.ipc.Server$Listener$Reader.run(Server.java:1476)
"StaleRecoveringContainerScrubbingService#3" daemon prio=5 tid=2187 in Object.wait()
java.lang.Thread.State: WAITING (on object monitor)
        at java.base@21.0.6/jdk.internal.misc.Unsafe.park(Native Method)
        at java.base@21.0.6/java.util.concurrent.locks.LockSupport.park(LockSupport.java:371)
        at java.base@21.0.6/java.util.concurrent.locks.AbstractQueuedSynchronizer$ConditionNode.block(AbstractQueuedSynchronizer.java:519)
        at java.base@21.0.6/java.util.concurrent.ForkJoinPool.unmanagedBlock(ForkJoinPool.java:3780)
        at java.base@21.0.6/java.util.concurrent.ForkJoinPool.managedBlock(ForkJoinPool.java:3725)
        at java.base@21.0.6/java.util.concurrent.locks.AbstractQueuedSynchronizer$ConditionObject.await(AbstractQueuedSynchronizer.java:1712)
        at java.base@21.0.6/java.util.concurrent.ScheduledThreadPoolExecutor$DelayedWorkQueue.take(ScheduledThreadPoolExecutor.java:1177)
        at java.base@21.0.6/java.util.concurrent.ScheduledThreadPoolExecutor$DelayedWorkQueue.take(ScheduledThreadPoolExecutor.java:899)
        at java.base@21.0.6/java.util.concurrent.ThreadPoolExecutor.getTask(ThreadPoolExecutor.java:1070)
        at java.base@21.0.6/java.util.concurrent.ThreadPoolExecutor.runWorker(ThreadPoolExecutor.java:1130)
        at java.base@21.0.6/java.util.concurrent.ThreadPoolExecutor$Worker.run(ThreadPoolExecutor.java:642)
        at java.base@21.0.6/java.lang.Thread.runWith(Thread.java:1596)
        at java.base@21.0.6/java.lang.Thread.run(Thread.java:1583)
"IPC Server handler 24 on default port 15001" daemon prio=5 tid=238 timed_waiting
java.lang.Thread.State: TIMED_WAITING
        at java.base@21.0.6/jdk.internal.misc.Unsafe.park(Native Method)
        at java.base@21.0.6/java.util.concurrent.locks.LockSupport.parkNanos(LockSupport.java:269)
        at java.base@21.0.6/java.util.concurrent.locks.AbstractQueuedSynchronizer$ConditionObject.awaitNanos(AbstractQueuedSynchronizer.java:1763)
        at java.base@21.0.6/java.util.concurrent.LinkedBlockingQueue.poll(LinkedBlockingQueue.java:460)
        at app//org.apache.hadoop.ipc.CallQueueManager.take(CallQueueManager.java:370)
        at app//org.apache.hadoop.ipc.Server$Handler.run(Server.java:3165)
"e20a886d-0459-4371-959f-f9bdb6931571@group-28DA08368176-SegmentedRaftLogWorker" daemon prio=5 tid=1323 timed_waiting
java.lang.Thread.State: TIMED_WAITING
        at java.base@21.0.6/jdk.internal.misc.Unsafe.park(Native Method)
        at java.base@21.0.6/java.util.concurrent.locks.LockSupport.parkNanos(LockSupport.java:269)
        at java.base@21.0.6/java.util.concurrent.locks.AbstractQueuedSynchronizer$ConditionObject.awaitNanos(AbstractQueuedSynchronizer.java:1763)
        at app//org.apache.ratis.util.DataBlockingQueue.poll(DataBlockingQueue.java:148)
        at app//org.apache.ratis.server.raftlog.segmented.SegmentedRaftLogWorker.run(SegmentedRaftLogWorker.java:307)
        at app//org.apache.ratis.server.raftlog.segmented.SegmentedRaftLogWorker$$Lambda/0x00007f7e9c334fd8.run(Unknown Source)
        at java.base@21.0.6/java.util.concurrent.Executors$RunnableAdapter.call(Executors.java:572)
        at java.base@21.0.6/java.util.concurrent.FutureTask.run(FutureTask.java:317)
        at java.base@21.0.6/java.util.concurrent.ThreadPoolExecutor.runWorker(ThreadPoolExecutor.java:1144)
        at java.base@21.0.6/java.util.concurrent.ThreadPoolExecutor$Worker.run(ThreadPoolExecutor.java:642)
        at java.base@21.0.6/java.lang.Thread.runWith(Thread.java:1596)
        at java.base@21.0.6/java.lang.Thread.run(Thread.java:1583)
"46d11c6d-db9b-44c9-8985-212dd9cf6636-server-thread1" daemon prio=5 tid=2077 timed_waiting
java.lang.Thread.State: TIMED_WAITING
        at java.base@21.0.6/jdk.internal.misc.Unsafe.park(Native Method)
        at java.base@21.0.6/java.util.concurrent.locks.LockSupport.parkNanos(LockSupport.java:410)
        at java.base@21.0.6/java.util.concurrent.LinkedTransferQueue$DualNode.await(LinkedTransferQueue.java:452)
        at java.base@21.0.6/java.util.concurrent.SynchronousQueue$Transferer.xferLifo(SynchronousQueue.java:194)
        at java.base@21.0.6/java.util.concurrent.SynchronousQueue.xfer(SynchronousQueue.java:235)
        at java.base@21.0.6/java.util.concurrent.SynchronousQueue.poll(SynchronousQueue.java:338)
        at java.base@21.0.6/java.util.concurrent.ThreadPoolExecutor.getTask(ThreadPoolExecutor.java:1069)
        at java.base@21.0.6/java.util.concurrent.ThreadPoolExecutor.runWorker(ThreadPoolExecutor.java:1130)
        at java.base@21.0.6/java.util.concurrent.ThreadPoolExecutor$Worker.run(ThreadPoolExecutor.java:642)
        at java.base@21.0.6/java.lang.Thread.runWith(Thread.java:1596)
        at java.base@21.0.6/java.lang.Thread.run(Thread.java:1583)
"IPC Server handler 38 on default port 15002" daemon prio=5 tid=370 timed_waiting
java.lang.Thread.State: TIMED_WAITING
        at java.base@21.0.6/jdk.internal.misc.Unsafe.park(Native Method)
        at java.base@21.0.6/java.util.concurrent.locks.LockSupport.parkNanos(LockSupport.java:269)
        at java.base@21.0.6/java.util.concurrent.locks.AbstractQueuedSynchronizer$ConditionObject.awaitNanos(AbstractQueuedSynchronizer.java:1763)
        at java.base@21.0.6/java.util.concurrent.LinkedBlockingQueue.poll(LinkedBlockingQueue.java:460)
        at app//org.apache.hadoop.ipc.CallQueueManager.take(CallQueueManager.java:370)
        at app//org.apache.hadoop.ipc.Server$Handler.run(Server.java:3165)
"IPC Server handler 3 on default port 15084" daemon prio=5 tid=1930 timed_waiting
java.lang.Thread.State: TIMED_WAITING
        at java.base@21.0.6/jdk.internal.misc.Unsafe.park(Native Method)
        at java.base@21.0.6/java.util.concurrent.locks.LockSupport.parkNanos(LockSupport.java:269)
        at java.base@21.0.6/java.util.concurrent.locks.AbstractQueuedSynchronizer$ConditionObject.awaitNanos(AbstractQueuedSynchronizer.java:1763)
        at java.base@21.0.6/java.util.concurrent.LinkedBlockingQueue.poll(LinkedBlockingQueue.java:460)
        at app//org.apache.hadoop.ipc.CallQueueManager.take(CallQueueManager.java:370)
        at app//org.apache.hadoop.ipc.Server$Handler.run(Server.java:3165)
"EventQueue-HealthyReadonlyToHealthyNodeForReadOnlyHealthyToHealthyNodeHandler" daemon prio=5 tid=1965 in Object.wait()
java.lang.Thread.State: WAITING (on object monitor)
        at java.base@21.0.6/jdk.internal.misc.Unsafe.park(Native Method)
        at java.base@21.0.6/java.util.concurrent.locks.LockSupport.park(LockSupport.java:371)
        at java.base@21.0.6/java.util.concurrent.locks.AbstractQueuedSynchronizer$ConditionNode.block(AbstractQueuedSynchronizer.java:519)
        at java.base@21.0.6/java.util.concurrent.ForkJoinPool.unmanagedBlock(ForkJoinPool.java:3780)
        at java.base@21.0.6/java.util.concurrent.ForkJoinPool.managedBlock(ForkJoinPool.java:3725)
        at java.base@21.0.6/java.util.concurrent.locks.AbstractQueuedSynchronizer$ConditionObject.await(AbstractQueuedSynchronizer.java:1712)
        at java.base@21.0.6/java.util.concurrent.LinkedBlockingQueue.take(LinkedBlockingQueue.java:435)
        at java.base@21.0.6/java.util.concurrent.ThreadPoolExecutor.getTask(ThreadPoolExecutor.java:1070)
        at java.base@21.0.6/java.util.concurrent.ThreadPoolExecutor.runWorker(ThreadPoolExecutor.java:1130)
        at java.base@21.0.6/java.util.concurrent.ThreadPoolExecutor$Worker.run(ThreadPoolExecutor.java:642)
        at java.base@21.0.6/java.lang.Thread.runWith(Thread.java:1596)
        at java.base@21.0.6/java.lang.Thread.run(Thread.java:1583)
"IPC Server handler 0 on default port 15057" daemon prio=5 tid=773 timed_waiting
java.lang.Thread.State: TIMED_WAITING
        at java.base@21.0.6/jdk.internal.misc.Unsafe.park(Native Method)
        at java.base@21.0.6/java.util.concurrent.locks.LockSupport.parkNanos(LockSupport.java:269)
        at java.base@21.0.6/java.util.concurrent.locks.AbstractQueuedSynchronizer$ConditionObject.awaitNanos(AbstractQueuedSynchronizer.java:1763)
        at java.base@21.0.6/java.util.concurrent.LinkedBlockingQueue.poll(LinkedBlockingQueue.java:460)
        at app//org.apache.hadoop.ipc.CallQueueManager.take(CallQueueManager.java:370)
        at app//org.apache.hadoop.ipc.Server$Handler.run(Server.java:3165)
"6b36f32d-918c-46a3-bfcb-888cb423c6dd-server-thread2" daemon prio=5 tid=1400 timed_waiting
java.lang.Thread.State: TIMED_WAITING
        at java.base@21.0.6/jdk.internal.misc.Unsafe.park(Native Method)
        at java.base@21.0.6/java.util.concurrent.locks.LockSupport.parkNanos(LockSupport.java:410)
        at java.base@21.0.6/java.util.concurrent.LinkedTransferQueue$DualNode.await(LinkedTransferQueue.java:452)
        at java.base@21.0.6/java.util.concurrent.SynchronousQueue$Transferer.xferLifo(SynchronousQueue.java:194)
        at java.base@21.0.6/java.util.concurrent.SynchronousQueue.xfer(SynchronousQueue.java:235)
        at java.base@21.0.6/java.util.concurrent.SynchronousQueue.poll(SynchronousQueue.java:338)
        at java.base@21.0.6/java.util.concurrent.ThreadPoolExecutor.getTask(ThreadPoolExecutor.java:1069)
        at java.base@21.0.6/java.util.concurrent.ThreadPoolExecutor.runWorker(ThreadPoolExecutor.java:1130)
        at java.base@21.0.6/java.util.concurrent.ThreadPoolExecutor$Worker.run(ThreadPoolExecutor.java:642)
        at java.base@21.0.6/java.lang.Thread.runWith(Thread.java:1596)
        at java.base@21.0.6/java.lang.Thread.run(Thread.java:1583)
"IPC Server handler 36 on default port 15000" daemon prio=5 tid=150 timed_waiting
java.lang.Thread.State: TIMED_WAITING
        at java.base@21.0.6/jdk.internal.misc.Unsafe.park(Native Method)
        at java.base@21.0.6/java.util.concurrent.locks.LockSupport.parkNanos(LockSupport.java:269)
        at java.base@21.0.6/java.util.concurrent.locks.AbstractQueuedSynchronizer$ConditionObject.awaitNanos(AbstractQueuedSynchronizer.java:1763)
        at java.base@21.0.6/java.util.concurrent.LinkedBlockingQueue.poll(LinkedBlockingQueue.java:460)
        at app//org.apache.hadoop.ipc.CallQueueManager.take(CallQueueManager.java:370)
        at app//org.apache.hadoop.ipc.Server$Handler.run(Server.java:3165)
"IPC Server handler 5 on default port 15075" daemon prio=5 tid=870 timed_waiting
java.lang.Thread.State: TIMED_WAITING
        at java.base@21.0.6/jdk.internal.misc.Unsafe.park(Native Method)
        at java.base@21.0.6/java.util.concurrent.locks.LockSupport.parkNanos(LockSupport.java:269)
        at java.base@21.0.6/java.util.concurrent.locks.AbstractQueuedSynchronizer$ConditionObject.awaitNanos(AbstractQueuedSynchronizer.java:1763)
        at java.base@21.0.6/java.util.concurrent.LinkedBlockingQueue.poll(LinkedBlockingQueue.java:460)
        at app//org.apache.hadoop.ipc.CallQueueManager.take(CallQueueManager.java:370)
        at app//org.apache.hadoop.ipc.Server$Handler.run(Server.java:3165)
"62ffdddc-aaf0-4ce5-9810-4c181ebbf473-CloseContainerThread-1"  prio=5 tid=1696 in Object.wait()
java.lang.Thread.State: WAITING (on object monitor)
        at java.base@21.0.6/jdk.internal.misc.Unsafe.park(Native Method)
        at java.base@21.0.6/java.util.concurrent.locks.LockSupport.park(LockSupport.java:371)
        at java.base@21.0.6/java.util.concurrent.locks.AbstractQueuedSynchronizer$ConditionNode.block(AbstractQueuedSynchronizer.java:519)
        at java.base@21.0.6/java.util.concurrent.ForkJoinPool.unmanagedBlock(ForkJoinPool.java:3780)
        at java.base@21.0.6/java.util.concurrent.ForkJoinPool.managedBlock(ForkJoinPool.java:3725)
        at java.base@21.0.6/java.util.concurrent.locks.AbstractQueuedSynchronizer$ConditionObject.await(AbstractQueuedSynchronizer.java:1712)
        at java.base@21.0.6/java.util.concurrent.LinkedBlockingQueue.take(LinkedBlockingQueue.java:435)
        at java.base@21.0.6/java.util.concurrent.ThreadPoolExecutor.getTask(ThreadPoolExecutor.java:1070)
        at java.base@21.0.6/java.util.concurrent.ThreadPoolExecutor.runWorker(ThreadPoolExecutor.java:1130)
        at java.base@21.0.6/java.util.concurrent.ThreadPoolExecutor$Worker.run(ThreadPoolExecutor.java:642)
        at java.base@21.0.6/java.lang.Thread.runWith(Thread.java:1596)
        at java.base@21.0.6/java.lang.Thread.run(Thread.java:1583)
"2fdf8a61-8d2a-4048-aa8e-d82d5837d34a-CloseContainerThread-2"  prio=5 tid=2052 in Object.wait()
java.lang.Thread.State: WAITING (on object monitor)
        at java.base@21.0.6/jdk.internal.misc.Unsafe.park(Native Method)
        at java.base@21.0.6/java.util.concurrent.locks.LockSupport.park(LockSupport.java:371)
        at java.base@21.0.6/java.util.concurrent.locks.AbstractQueuedSynchronizer$ConditionNode.block(AbstractQueuedSynchronizer.java:519)
        at java.base@21.0.6/java.util.concurrent.ForkJoinPool.unmanagedBlock(ForkJoinPool.java:3780)
        at java.base@21.0.6/java.util.concurrent.ForkJoinPool.managedBlock(ForkJoinPool.java:3725)
        at java.base@21.0.6/java.util.concurrent.locks.AbstractQueuedSynchronizer$ConditionObject.await(AbstractQueuedSynchronizer.java:1712)
        at java.base@21.0.6/java.util.concurrent.LinkedBlockingQueue.take(LinkedBlockingQueue.java:435)
        at java.base@21.0.6/java.util.concurrent.ThreadPoolExecutor.getTask(ThreadPoolExecutor.java:1070)
        at java.base@21.0.6/java.util.concurrent.ThreadPoolExecutor.runWorker(ThreadPoolExecutor.java:1130)
        at java.base@21.0.6/java.util.concurrent.ThreadPoolExecutor$Worker.run(ThreadPoolExecutor.java:642)
        at java.base@21.0.6/java.lang.Thread.runWith(Thread.java:1596)
        at java.base@21.0.6/java.lang.Thread.run(Thread.java:1583)
"IPC Server handler 39 on default port 15001" daemon prio=5 tid=253 timed_waiting
java.lang.Thread.State: TIMED_WAITING
        at java.base@21.0.6/jdk.internal.misc.Unsafe.park(Native Method)
        at java.base@21.0.6/java.util.concurrent.locks.LockSupport.parkNanos(LockSupport.java:269)
        at java.base@21.0.6/java.util.concurrent.locks.AbstractQueuedSynchronizer$ConditionObject.awaitNanos(AbstractQueuedSynchronizer.java:1763)
        at java.base@21.0.6/java.util.concurrent.LinkedBlockingQueue.poll(LinkedBlockingQueue.java:460)
        at app//org.apache.hadoop.ipc.CallQueueManager.take(CallQueueManager.java:370)
        at app//org.apache.hadoop.ipc.Server$Handler.run(Server.java:3165)
"2fdf8a61-8d2a-4048-aa8e-d82d5837d34a@group-182221378AEC-SegmentedRaftLogWorker" daemon prio=5 tid=1288 timed_waiting
java.lang.Thread.State: TIMED_WAITING
        at java.base@21.0.6/jdk.internal.misc.Unsafe.park(Native Method)
        at java.base@21.0.6/java.util.concurrent.locks.LockSupport.parkNanos(LockSupport.java:269)
        at java.base@21.0.6/java.util.concurrent.locks.AbstractQueuedSynchronizer$ConditionObject.awaitNanos(AbstractQueuedSynchronizer.java:1763)
        at app//org.apache.ratis.util.DataBlockingQueue.poll(DataBlockingQueue.java:148)
        at app//org.apache.ratis.server.raftlog.segmented.SegmentedRaftLogWorker.run(SegmentedRaftLogWorker.java:307)
        at app//org.apache.ratis.server.raftlog.segmented.SegmentedRaftLogWorker$$Lambda/0x00007f7e9c334fd8.run(Unknown Source)
        at java.base@21.0.6/java.util.concurrent.Executors$RunnableAdapter.call(Executors.java:572)
        at java.base@21.0.6/java.util.concurrent.FutureTask.run(FutureTask.java:317)
        at java.base@21.0.6/java.util.concurrent.ThreadPoolExecutor.runWorker(ThreadPoolExecutor.java:1144)
        at java.base@21.0.6/java.util.concurrent.ThreadPoolExecutor$Worker.run(ThreadPoolExecutor.java:642)
        at java.base@21.0.6/java.lang.Thread.runWith(Thread.java:1596)
        at java.base@21.0.6/java.lang.Thread.run(Thread.java:1583)
"eb965ba7-12a8-46f3-92c0-bc6ff5b3bf3b-ContainerOp-e1fc892c-095b-4650-8f0f-81341f4e2824-2"  prio=5 tid=2292 in Object.wait()
java.lang.Thread.State: WAITING (on object monitor)
        at java.base@21.0.6/jdk.internal.misc.Unsafe.park(Native Method)
        at java.base@21.0.6/java.util.concurrent.locks.LockSupport.park(LockSupport.java:371)
        at java.base@21.0.6/java.util.concurrent.locks.AbstractQueuedSynchronizer$ConditionNode.block(AbstractQueuedSynchronizer.java:519)
        at java.base@21.0.6/java.util.concurrent.ForkJoinPool.unmanagedBlock(ForkJoinPool.java:3780)
        at java.base@21.0.6/java.util.concurrent.ForkJoinPool.managedBlock(ForkJoinPool.java:3725)
        at java.base@21.0.6/java.util.concurrent.locks.AbstractQueuedSynchronizer$ConditionObject.await(AbstractQueuedSynchronizer.java:1712)
        at java.base@21.0.6/java.util.concurrent.LinkedBlockingQueue.take(LinkedBlockingQueue.java:435)
        at java.base@21.0.6/java.util.concurrent.ThreadPoolExecutor.getTask(ThreadPoolExecutor.java:1070)
        at java.base@21.0.6/java.util.concurrent.ThreadPoolExecutor.runWorker(ThreadPoolExecutor.java:1130)
        at java.base@21.0.6/java.util.concurrent.ThreadPoolExecutor$Worker.run(ThreadPoolExecutor.java:642)
        at java.base@21.0.6/java.lang.Thread.runWith(Thread.java:1596)
        at java.base@21.0.6/java.lang.Thread.run(Thread.java:1583)
"Hadoop-Metrics-Updater-0" daemon prio=5 tid=864 timed_waiting
java.lang.Thread.State: TIMED_WAITING
        at java.base@21.0.6/jdk.internal.misc.Unsafe.park(Native Method)
        at java.base@21.0.6/java.util.concurrent.locks.LockSupport.parkNanos(LockSupport.java:269)
        at java.base@21.0.6/java.util.concurrent.locks.AbstractQueuedSynchronizer$ConditionObject.awaitNanos(AbstractQueuedSynchronizer.java:1763)
        at java.base@21.0.6/java.util.concurrent.ScheduledThreadPoolExecutor$DelayedWorkQueue.take(ScheduledThreadPoolExecutor.java:1182)
        at java.base@21.0.6/java.util.concurrent.ScheduledThreadPoolExecutor$DelayedWorkQueue.take(ScheduledThreadPoolExecutor.java:899)
        at java.base@21.0.6/java.util.concurrent.ThreadPoolExecutor.getTask(ThreadPoolExecutor.java:1070)
        at java.base@21.0.6/java.util.concurrent.ThreadPoolExecutor.runWorker(ThreadPoolExecutor.java:1130)
        at java.base@21.0.6/java.util.concurrent.ThreadPoolExecutor$Worker.run(ThreadPoolExecutor.java:642)
        at java.base@21.0.6/java.lang.Thread.runWith(Thread.java:1596)
        at java.base@21.0.6/java.lang.Thread.run(Thread.java:1583)
"IPC Server handler 7 on default port 15012" daemon prio=5 tid=2282 timed_waiting
java.lang.Thread.State: TIMED_WAITING
        at java.base@21.0.6/jdk.internal.misc.Unsafe.park(Native Method)
        at java.base@21.0.6/java.util.concurrent.locks.LockSupport.parkNanos(LockSupport.java:269)
        at java.base@21.0.6/java.util.concurrent.locks.AbstractQueuedSynchronizer$ConditionObject.awaitNanos(AbstractQueuedSynchronizer.java:1763)
        at java.base@21.0.6/java.util.concurrent.LinkedBlockingQueue.poll(LinkedBlockingQueue.java:460)
        at app//org.apache.hadoop.ipc.CallQueueManager.take(CallQueueManager.java:370)
        at app//org.apache.hadoop.ipc.Server$Handler.run(Server.java:3165)
"IPC Server handler 7 on default port 15048" daemon prio=5 tid=734 timed_waiting
java.lang.Thread.State: TIMED_WAITING
        at java.base@21.0.6/jdk.internal.misc.Unsafe.park(Native Method)
        at java.base@21.0.6/java.util.concurrent.locks.LockSupport.parkNanos(LockSupport.java:269)
        at java.base@21.0.6/java.util.concurrent.locks.AbstractQueuedSynchronizer$ConditionObject.awaitNanos(AbstractQueuedSynchronizer.java:1763)
        at java.base@21.0.6/java.util.concurrent.LinkedBlockingQueue.poll(LinkedBlockingQueue.java:460)
        at app//org.apache.hadoop.ipc.CallQueueManager.take(CallQueueManager.java:370)
        at app//org.apache.hadoop.ipc.Server$Handler.run(Server.java:3165)
"LeakDetector-ManagedRocksObject0" daemon prio=5 tid=44 in Object.wait()
java.lang.Thread.State: WAITING (on object monitor)
        at java.base@21.0.6/jdk.internal.misc.Unsafe.park(Native Method)
        at java.base@21.0.6/java.util.concurrent.locks.LockSupport.park(LockSupport.java:371)
        at java.base@21.0.6/java.util.concurrent.locks.AbstractQueuedSynchronizer$ConditionNode.block(AbstractQueuedSynchronizer.java:519)
        at java.base@21.0.6/java.util.concurrent.ForkJoinPool.unmanagedBlock(ForkJoinPool.java:3780)
        at java.base@21.0.6/java.util.concurrent.ForkJoinPool.managedBlock(ForkJoinPool.java:3725)
        at java.base@21.0.6/java.util.concurrent.locks.AbstractQueuedSynchronizer$ConditionObject.await(AbstractQueuedSynchronizer.java:1712)
        at java.base@21.0.6/java.lang.ref.ReferenceQueue.await(ReferenceQueue.java:67)
        at java.base@21.0.6/java.lang.ref.ReferenceQueue.remove0(ReferenceQueue.java:158)
        at java.base@21.0.6/java.lang.ref.ReferenceQueue.remove(ReferenceQueue.java:234)
        at app//org.apache.hadoop.hdds.utils.LeakDetector.run(LeakDetector.java:79)
        at app//org.apache.hadoop.hdds.utils.LeakDetector$$Lambda/0x00007f7e9c41e680.run(Unknown Source)
        at java.base@21.0.6/java.lang.Thread.runWith(Thread.java:1596)
        at java.base@21.0.6/java.lang.Thread.run(Thread.java:1583)
"timer6" daemon prio=5 tid=1397 timed_waiting
java.lang.Thread.State: TIMED_WAITING
        at java.base@21.0.6/java.lang.Object.wait0(Native Method)
        at java.base@21.0.6/java.lang.Object.wait(Object.java:366)
        at java.base@21.0.6/java.util.TimerThread.mainLoop(Timer.java:563)
        at java.base@21.0.6/java.util.TimerThread.run(Timer.java:516)
"IPC Server handler 42 on default port 15000" daemon prio=5 tid=156 timed_waiting
java.lang.Thread.State: TIMED_WAITING
        at java.base@21.0.6/jdk.internal.misc.Unsafe.park(Native Method)
        at java.base@21.0.6/java.util.concurrent.locks.LockSupport.parkNanos(LockSupport.java:269)
        at java.base@21.0.6/java.util.concurrent.locks.AbstractQueuedSynchronizer$ConditionObject.awaitNanos(AbstractQueuedSynchronizer.java:1763)
        at java.base@21.0.6/java.util.concurrent.LinkedBlockingQueue.poll(LinkedBlockingQueue.java:460)
        at app//org.apache.hadoop.ipc.CallQueueManager.take(CallQueueManager.java:370)
        at app//org.apache.hadoop.ipc.Server$Handler.run(Server.java:3165)
"IPC Server handler 73 on default port 15001" daemon prio=5 tid=287 timed_waiting
java.lang.Thread.State: TIMED_WAITING
        at java.base@21.0.6/jdk.internal.misc.Unsafe.park(Native Method)
        at java.base@21.0.6/java.util.concurrent.locks.LockSupport.parkNanos(LockSupport.java:269)
        at java.base@21.0.6/java.util.concurrent.locks.AbstractQueuedSynchronizer$ConditionObject.awaitNanos(AbstractQueuedSynchronizer.java:1763)
        at java.base@21.0.6/java.util.concurrent.LinkedBlockingQueue.poll(LinkedBlockingQueue.java:460)
        at app//org.apache.hadoop.ipc.CallQueueManager.take(CallQueueManager.java:370)
        at app//org.apache.hadoop.ipc.Server$Handler.run(Server.java:3165)
"Session-HouseKeeper-79a92277-1"  prio=5 tid=325 timed_waiting
java.lang.Thread.State: TIMED_WAITING
        at java.base@21.0.6/jdk.internal.misc.Unsafe.park(Native Method)
        at java.base@21.0.6/java.util.concurrent.locks.LockSupport.parkNanos(LockSupport.java:269)
        at java.base@21.0.6/java.util.concurrent.locks.AbstractQueuedSynchronizer$ConditionObject.awaitNanos(AbstractQueuedSynchronizer.java:1763)
        at java.base@21.0.6/java.util.concurrent.ScheduledThreadPoolExecutor$DelayedWorkQueue.take(ScheduledThreadPoolExecutor.java:1182)
        at java.base@21.0.6/java.util.concurrent.ScheduledThreadPoolExecutor$DelayedWorkQueue.take(ScheduledThreadPoolExecutor.java:899)
        at java.base@21.0.6/java.util.concurrent.ThreadPoolExecutor.getTask(ThreadPoolExecutor.java:1070)
        at java.base@21.0.6/java.util.concurrent.ThreadPoolExecutor.runWorker(ThreadPoolExecutor.java:1130)
        at java.base@21.0.6/java.util.concurrent.ThreadPoolExecutor$Worker.run(ThreadPoolExecutor.java:642)
        at java.base@21.0.6/java.lang.Thread.runWith(Thread.java:1596)
        at java.base@21.0.6/java.lang.Thread.run(Thread.java:1583)
"qtp454923113-2250" daemon prio=5 tid=2250 timed_waiting
java.lang.Thread.State: TIMED_WAITING
        at java.base@21.0.6/jdk.internal.misc.Unsafe.park(Native Method)
        at java.base@21.0.6/java.util.concurrent.locks.LockSupport.parkNanos(LockSupport.java:269)
        at java.base@21.0.6/java.util.concurrent.locks.AbstractQueuedSynchronizer$ConditionObject.awaitNanos(AbstractQueuedSynchronizer.java:1763)
        at app//org.eclipse.jetty.util.BlockingArrayQueue.poll(BlockingArrayQueue.java:382)
        at app//org.eclipse.jetty.util.thread.QueuedThreadPool$Runner.idleJobPoll(QueuedThreadPool.java:974)
        at app//org.eclipse.jetty.util.thread.QueuedThreadPool$Runner.run(QueuedThreadPool.java:1018)
        at java.base@21.0.6/java.lang.Thread.runWith(Thread.java:1596)
        at java.base@21.0.6/java.lang.Thread.run(Thread.java:1583)
"qtp1625390205-569" daemon prio=5 tid=569 timed_waiting
java.lang.Thread.State: TIMED_WAITING
        at java.base@21.0.6/jdk.internal.misc.Unsafe.park(Native Method)
        at java.base@21.0.6/java.util.concurrent.locks.LockSupport.parkNanos(LockSupport.java:269)
        at java.base@21.0.6/java.util.concurrent.locks.AbstractQueuedSynchronizer$ConditionObject.awaitNanos(AbstractQueuedSynchronizer.java:1763)
        at app//org.eclipse.jetty.util.BlockingArrayQueue.poll(BlockingArrayQueue.java:382)
        at app//org.eclipse.jetty.util.thread.QueuedThreadPool$Runner.idleJobPoll(QueuedThreadPool.java:974)
        at app//org.eclipse.jetty.util.thread.QueuedThreadPool$Runner.run(QueuedThreadPool.java:1018)
        at java.base@21.0.6/java.lang.Thread.runWith(Thread.java:1596)
        at java.base@21.0.6/java.lang.Thread.run(Thread.java:1583)
"qtp1315138370-756" daemon prio=5 tid=756 timed_waiting
java.lang.Thread.State: TIMED_WAITING
        at java.base@21.0.6/jdk.internal.misc.Unsafe.park(Native Method)
        at java.base@21.0.6/java.util.concurrent.locks.LockSupport.parkNanos(LockSupport.java:269)
        at java.base@21.0.6/java.util.concurrent.locks.AbstractQueuedSynchronizer$ConditionObject.awaitNanos(AbstractQueuedSynchronizer.java:1763)
        at app//org.eclipse.jetty.util.BlockingArrayQueue.poll(BlockingArrayQueue.java:382)
        at app//org.eclipse.jetty.util.thread.QueuedThreadPool$Runner.idleJobPoll(QueuedThreadPool.java:974)
        at app//org.eclipse.jetty.util.thread.QueuedThreadPool$Runner.run(QueuedThreadPool.java:1018)
        at java.base@21.0.6/java.lang.Thread.runWith(Thread.java:1596)
        at java.base@21.0.6/java.lang.Thread.run(Thread.java:1583)
"qtp1315138370-753" daemon prio=5 tid=753 timed_waiting
java.lang.Thread.State: TIMED_WAITING
        at java.base@21.0.6/jdk.internal.misc.Unsafe.park(Native Method)
        at java.base@21.0.6/java.util.concurrent.locks.LockSupport.parkNanos(LockSupport.java:269)
        at java.base@21.0.6/java.util.concurrent.locks.AbstractQueuedSynchronizer$ConditionObject.awaitNanos(AbstractQueuedSynchronizer.java:1763)
        at app//org.eclipse.jetty.util.BlockingArrayQueue.poll(BlockingArrayQueue.java:382)
        at app//org.eclipse.jetty.util.thread.QueuedThreadPool$Runner.idleJobPoll(QueuedThreadPool.java:974)
        at app//org.eclipse.jetty.util.thread.QueuedThreadPool$Runner.run(QueuedThreadPool.java:1018)
        at java.base@21.0.6/java.lang.Thread.runWith(Thread.java:1596)
        at java.base@21.0.6/java.lang.Thread.run(Thread.java:1583)
"qtp1009893576-936-acceptor-0@54091829-ServerConnector@772a73b4{HTTP/1.1, (http/1.1)}{0.0.0.0:15092}" daemon prio=3 tid=936 runnable
java.lang.Thread.State: RUNNABLE
        at java.base@21.0.6/sun.nio.ch.Net.accept(Native Method)
        at java.base@21.0.6/sun.nio.ch.ServerSocketChannelImpl.implAccept(ServerSocketChannelImpl.java:433)
        at java.base@21.0.6/sun.nio.ch.ServerSocketChannelImpl.accept(ServerSocketChannelImpl.java:399)
        at app//org.eclipse.jetty.server.ServerConnector.accept(ServerConnector.java:388)
        at app//org.eclipse.jetty.server.AbstractConnector$Acceptor.run(AbstractConnector.java:704)
        at app//org.eclipse.jetty.util.thread.QueuedThreadPool.runJob(QueuedThreadPool.java:883)
        at app//org.eclipse.jetty.util.thread.QueuedThreadPool$Runner.run(QueuedThreadPool.java:1034)
        at java.base@21.0.6/java.lang.Thread.runWith(Thread.java:1596)
        at java.base@21.0.6/java.lang.Thread.run(Thread.java:1583)
"IPC Server handler 7 on default port 15066" daemon prio=5 tid=826 timed_waiting
java.lang.Thread.State: TIMED_WAITING
        at java.base@21.0.6/jdk.internal.misc.Unsafe.park(Native Method)
        at java.base@21.0.6/java.util.concurrent.locks.LockSupport.parkNanos(LockSupport.java:269)
        at java.base@21.0.6/java.util.concurrent.locks.AbstractQueuedSynchronizer$ConditionObject.awaitNanos(AbstractQueuedSynchronizer.java:1763)
        at java.base@21.0.6/java.util.concurrent.LinkedBlockingQueue.poll(LinkedBlockingQueue.java:460)
        at app//org.apache.hadoop.ipc.CallQueueManager.take(CallQueueManager.java:370)
        at app//org.apache.hadoop.ipc.Server$Handler.run(Server.java:3165)
"om1-client-thread1" daemon prio=5 tid=1448 timed_waiting
java.lang.Thread.State: TIMED_WAITING
        at java.base@21.0.6/jdk.internal.misc.Unsafe.park(Native Method)
        at java.base@21.0.6/java.util.concurrent.locks.LockSupport.parkNanos(LockSupport.java:410)
        at java.base@21.0.6/java.util.concurrent.LinkedTransferQueue$DualNode.await(LinkedTransferQueue.java:452)
        at java.base@21.0.6/java.util.concurrent.SynchronousQueue$Transferer.xferLifo(SynchronousQueue.java:194)
        at java.base@21.0.6/java.util.concurrent.SynchronousQueue.xfer(SynchronousQueue.java:235)
        at java.base@21.0.6/java.util.concurrent.SynchronousQueue.poll(SynchronousQueue.java:338)
        at java.base@21.0.6/java.util.concurrent.ThreadPoolExecutor.getTask(ThreadPoolExecutor.java:1069)
        at java.base@21.0.6/java.util.concurrent.ThreadPoolExecutor.runWorker(ThreadPoolExecutor.java:1130)
        at java.base@21.0.6/java.util.concurrent.ThreadPoolExecutor$Worker.run(ThreadPoolExecutor.java:642)
        at java.base@21.0.6/java.lang.Thread.runWith(Thread.java:1596)
        at java.base@21.0.6/java.lang.Thread.run(Thread.java:1583)
"IPC Server handler 78 on default port 15001" daemon prio=5 tid=292 timed_waiting
java.lang.Thread.State: TIMED_WAITING
        at java.base@21.0.6/jdk.internal.misc.Unsafe.park(Native Method)
        at java.base@21.0.6/java.util.concurrent.locks.LockSupport.parkNanos(LockSupport.java:269)
        at java.base@21.0.6/java.util.concurrent.locks.AbstractQueuedSynchronizer$ConditionObject.awaitNanos(AbstractQueuedSynchronizer.java:1763)
        at java.base@21.0.6/java.util.concurrent.LinkedBlockingQueue.poll(LinkedBlockingQueue.java:460)
        at app//org.apache.hadoop.ipc.CallQueueManager.take(CallQueueManager.java:370)
        at app//org.apache.hadoop.ipc.Server$Handler.run(Server.java:3165)
"timer3" daemon prio=5 tid=1374 timed_waiting
java.lang.Thread.State: TIMED_WAITING
        at java.base@21.0.6/java.lang.Object.wait0(Native Method)
        at java.base@21.0.6/java.lang.Object.wait(Object.java:366)
        at java.base@21.0.6/java.util.TimerThread.mainLoop(Timer.java:563)
        at java.base@21.0.6/java.util.TimerThread.run(Timer.java:516)
"6b36f32d-918c-46a3-bfcb-888cb423c6dd-PeriodicHDDSVolumeChecker" daemon prio=5 tid=997 timed_waiting
java.lang.Thread.State: TIMED_WAITING
        at java.base@21.0.6/jdk.internal.misc.Unsafe.park(Native Method)
        at java.base@21.0.6/java.util.concurrent.locks.LockSupport.parkNanos(LockSupport.java:269)
        at java.base@21.0.6/java.util.concurrent.locks.AbstractQueuedSynchronizer$ConditionObject.awaitNanos(AbstractQueuedSynchronizer.java:1763)
        at java.base@21.0.6/java.util.concurrent.ScheduledThreadPoolExecutor$DelayedWorkQueue.take(ScheduledThreadPoolExecutor.java:1182)
        at java.base@21.0.6/java.util.concurrent.ScheduledThreadPoolExecutor$DelayedWorkQueue.take(ScheduledThreadPoolExecutor.java:899)
        at java.base@21.0.6/java.util.concurrent.ThreadPoolExecutor.getTask(ThreadPoolExecutor.java:1070)
        at java.base@21.0.6/java.util.concurrent.ThreadPoolExecutor.runWorker(ThreadPoolExecutor.java:1130)
        at java.base@21.0.6/java.util.concurrent.ThreadPoolExecutor$Worker.run(ThreadPoolExecutor.java:642)
        at java.base@21.0.6/java.lang.Thread.runWith(Thread.java:1596)
        at java.base@21.0.6/java.lang.Thread.run(Thread.java:1583)
"Socket Reader #1 for port 15093"  prio=5 tid=944 runnable
java.lang.Thread.State: RUNNABLE
        at java.base@21.0.6/sun.nio.ch.EPoll.wait(Native Method)
        at java.base@21.0.6/sun.nio.ch.EPollSelectorImpl.doSelect(EPollSelectorImpl.java:121)
        at java.base@21.0.6/sun.nio.ch.SelectorImpl.lockAndDoSelect(SelectorImpl.java:130)
        at java.base@21.0.6/sun.nio.ch.SelectorImpl.select(SelectorImpl.java:147)
        at app//org.apache.hadoop.ipc.Server$Listener$Reader.doRunLoop(Server.java:1497)
        at app//org.apache.hadoop.ipc.Server$Listener$Reader.run(Server.java:1476)
"42086d8c-c943-47d6-a5f9-799709872375@group-21EBC56F7032-SegmentedRaftLogWorker" daemon prio=5 tid=1276 timed_waiting
java.lang.Thread.State: TIMED_WAITING
        at java.base@21.0.6/jdk.internal.misc.Unsafe.park(Native Method)
        at java.base@21.0.6/java.util.concurrent.locks.LockSupport.parkNanos(LockSupport.java:269)
        at java.base@21.0.6/java.util.concurrent.locks.AbstractQueuedSynchronizer$ConditionObject.awaitNanos(AbstractQueuedSynchronizer.java:1763)
        at app//org.apache.ratis.util.DataBlockingQueue.poll(DataBlockingQueue.java:148)
        at app//org.apache.ratis.server.raftlog.segmented.SegmentedRaftLogWorker.run(SegmentedRaftLogWorker.java:307)
        at app//org.apache.ratis.server.raftlog.segmented.SegmentedRaftLogWorker$$Lambda/0x00007f7e9c334fd8.run(Unknown Source)
        at java.base@21.0.6/java.util.concurrent.Executors$RunnableAdapter.call(Executors.java:572)
        at java.base@21.0.6/java.util.concurrent.FutureTask.run(FutureTask.java:317)
        at java.base@21.0.6/java.util.concurrent.ThreadPoolExecutor.runWorker(ThreadPoolExecutor.java:1144)
        at java.base@21.0.6/java.util.concurrent.ThreadPoolExecutor$Worker.run(ThreadPoolExecutor.java:642)
        at java.base@21.0.6/java.lang.Thread.runWith(Thread.java:1596)
        at java.base@21.0.6/java.lang.Thread.run(Thread.java:1583)
"IPC Server handler 50 on default port 15002" daemon prio=5 tid=382 timed_waiting
java.lang.Thread.State: TIMED_WAITING
        at java.base@21.0.6/jdk.internal.misc.Unsafe.park(Native Method)
        at java.base@21.0.6/java.util.concurrent.locks.LockSupport.parkNanos(LockSupport.java:269)
        at java.base@21.0.6/java.util.concurrent.locks.AbstractQueuedSynchronizer$ConditionObject.awaitNanos(AbstractQueuedSynchronizer.java:1763)
        at java.base@21.0.6/java.util.concurrent.LinkedBlockingQueue.poll(LinkedBlockingQueue.java:460)
        at app//org.apache.hadoop.ipc.CallQueueManager.take(CallQueueManager.java:370)
        at app//org.apache.hadoop.ipc.Server$Handler.run(Server.java:3165)
"IPC Server handler 82 on default port 15000" daemon prio=5 tid=196 timed_waiting
java.lang.Thread.State: TIMED_WAITING
        at java.base@21.0.6/jdk.internal.misc.Unsafe.park(Native Method)
        at java.base@21.0.6/java.util.concurrent.locks.LockSupport.parkNanos(LockSupport.java:269)
        at java.base@21.0.6/java.util.concurrent.locks.AbstractQueuedSynchronizer$ConditionObject.awaitNanos(AbstractQueuedSynchronizer.java:1763)
        at java.base@21.0.6/java.util.concurrent.LinkedBlockingQueue.poll(LinkedBlockingQueue.java:460)
        at app//org.apache.hadoop.ipc.CallQueueManager.take(CallQueueManager.java:370)
        at app//org.apache.hadoop.ipc.Server$Handler.run(Server.java:3165)
"Session-HouseKeeper-6a4b956f-1"  prio=5 tid=618 timed_waiting
java.lang.Thread.State: TIMED_WAITING
        at java.base@21.0.6/jdk.internal.misc.Unsafe.park(Native Method)
        at java.base@21.0.6/java.util.concurrent.locks.LockSupport.parkNanos(LockSupport.java:269)
        at java.base@21.0.6/java.util.concurrent.locks.AbstractQueuedSynchronizer$ConditionObject.awaitNanos(AbstractQueuedSynchronizer.java:1763)
        at java.base@21.0.6/java.util.concurrent.ScheduledThreadPoolExecutor$DelayedWorkQueue.take(ScheduledThreadPoolExecutor.java:1182)
        at java.base@21.0.6/java.util.concurrent.ScheduledThreadPoolExecutor$DelayedWorkQueue.take(ScheduledThreadPoolExecutor.java:899)
        at java.base@21.0.6/java.util.concurrent.ThreadPoolExecutor.getTask(ThreadPoolExecutor.java:1070)
        at java.base@21.0.6/java.util.concurrent.ThreadPoolExecutor.runWorker(ThreadPoolExecutor.java:1130)
        at java.base@21.0.6/java.util.concurrent.ThreadPoolExecutor$Worker.run(ThreadPoolExecutor.java:642)
        at java.base@21.0.6/java.lang.Thread.runWith(Thread.java:1596)
        at java.base@21.0.6/java.lang.Thread.run(Thread.java:1583)
"IPC Server handler 8 on default port 15066" daemon prio=5 tid=827 timed_waiting
java.lang.Thread.State: TIMED_WAITING
        at java.base@21.0.6/jdk.internal.misc.Unsafe.park(Native Method)
        at java.base@21.0.6/java.util.concurrent.locks.LockSupport.parkNanos(LockSupport.java:269)
        at java.base@21.0.6/java.util.concurrent.locks.AbstractQueuedSynchronizer$ConditionObject.awaitNanos(AbstractQueuedSynchronizer.java:1763)
        at java.base@21.0.6/java.util.concurrent.LinkedBlockingQueue.poll(LinkedBlockingQueue.java:460)
        at app//org.apache.hadoop.ipc.CallQueueManager.take(CallQueueManager.java:370)
        at app//org.apache.hadoop.ipc.Server$Handler.run(Server.java:3165)
"49dd84ae-7ec9-4d92-bc53-345946144fea-ChunkReader-ELG-0" daemon prio=5 tid=2324 runnable
java.lang.Thread.State: RUNNABLE
        at app//org.apache.ratis.thirdparty.io.netty.channel.epoll.Native.epollWait(Native Method)
        at app//org.apache.ratis.thirdparty.io.netty.channel.epoll.Native.epollWait(Native.java:220)
        at app//org.apache.ratis.thirdparty.io.netty.channel.epoll.Native.epollWait(Native.java:213)
        at app//org.apache.ratis.thirdparty.io.netty.channel.epoll.EpollEventLoop.epollWaitNoTimerChange(EpollEventLoop.java:308)
        at app//org.apache.ratis.thirdparty.io.netty.channel.epoll.EpollEventLoop.run(EpollEventLoop.java:365)
        at app//org.apache.ratis.thirdparty.io.netty.util.concurrent.SingleThreadEventExecutor$4.run(SingleThreadEventExecutor.java:997)
        at app//org.apache.ratis.thirdparty.io.netty.util.internal.ThreadExecutorMap$2.run(ThreadExecutorMap.java:74)
        at java.base@21.0.6/java.lang.Thread.runWith(Thread.java:1596)
        at java.base@21.0.6/java.lang.Thread.run(Thread.java:1583)
"qtp705030460-799" daemon prio=5 tid=799 timed_waiting
java.lang.Thread.State: TIMED_WAITING
        at java.base@21.0.6/jdk.internal.misc.Unsafe.park(Native Method)
        at java.base@21.0.6/java.util.concurrent.locks.LockSupport.parkNanos(LockSupport.java:269)
        at java.base@21.0.6/java.util.concurrent.locks.AbstractQueuedSynchronizer$ConditionObject.awaitNanos(AbstractQueuedSynchronizer.java:1763)
        at app//org.eclipse.jetty.util.BlockingArrayQueue.poll(BlockingArrayQueue.java:382)
        at app//org.eclipse.jetty.util.thread.QueuedThreadPool$Runner.idleJobPoll(QueuedThreadPool.java:974)
        at app//org.eclipse.jetty.util.thread.QueuedThreadPool$Runner.run(QueuedThreadPool.java:1018)
        at java.base@21.0.6/java.lang.Thread.runWith(Thread.java:1596)
        at java.base@21.0.6/java.lang.Thread.run(Thread.java:1583)
"IPC Server handler 77 on default port 15000" daemon prio=5 tid=191 timed_waiting
java.lang.Thread.State: TIMED_WAITING
        at java.base@21.0.6/jdk.internal.misc.Unsafe.park(Native Method)
        at java.base@21.0.6/java.util.concurrent.locks.LockSupport.parkNanos(LockSupport.java:269)
        at java.base@21.0.6/java.util.concurrent.locks.AbstractQueuedSynchronizer$ConditionObject.awaitNanos(AbstractQueuedSynchronizer.java:1763)
        at java.base@21.0.6/java.util.concurrent.LinkedBlockingQueue.poll(LinkedBlockingQueue.java:460)
        at app//org.apache.hadoop.ipc.CallQueueManager.take(CallQueueManager.java:370)
        at app//org.apache.hadoop.ipc.Server$Handler.run(Server.java:3165)
"qtp456552476-483" daemon prio=5 tid=483 runnable
java.lang.Thread.State: RUNNABLE
        at java.base@21.0.6/sun.nio.ch.EPoll.wait(Native Method)
        at java.base@21.0.6/sun.nio.ch.EPollSelectorImpl.doSelect(EPollSelectorImpl.java:121)
        at java.base@21.0.6/sun.nio.ch.SelectorImpl.lockAndDoSelect(SelectorImpl.java:130)
        at java.base@21.0.6/sun.nio.ch.SelectorImpl.select(SelectorImpl.java:147)
        at app//org.eclipse.jetty.io.ManagedSelector.nioSelect(ManagedSelector.java:183)
        at app//org.eclipse.jetty.io.ManagedSelector.select(ManagedSelector.java:190)
        at app//org.eclipse.jetty.io.ManagedSelector$SelectorProducer.select(ManagedSelector.java:606)
        at app//org.eclipse.jetty.io.ManagedSelector$SelectorProducer.produce(ManagedSelector.java:543)
        at app//org.eclipse.jetty.util.thread.strategy.EatWhatYouKill.produceTask(EatWhatYouKill.java:362)
        at app//org.eclipse.jetty.util.thread.strategy.EatWhatYouKill.doProduce(EatWhatYouKill.java:186)
        at app//org.eclipse.jetty.util.thread.strategy.EatWhatYouKill.tryProduce(EatWhatYouKill.java:173)
        at app//org.eclipse.jetty.util.thread.strategy.EatWhatYouKill.produce(EatWhatYouKill.java:137)
        at app//org.eclipse.jetty.io.ManagedSelector$$Lambda/0x00007f7e9c660000.run(Unknown Source)
        at app//org.eclipse.jetty.util.thread.QueuedThreadPool.runJob(QueuedThreadPool.java:883)
        at app//org.eclipse.jetty.util.thread.QueuedThreadPool$Runner.run(QueuedThreadPool.java:1034)
        at java.base@21.0.6/java.lang.Thread.runWith(Thread.java:1596)
        at java.base@21.0.6/java.lang.Thread.run(Thread.java:1583)
"Reference Handler" daemon prio=10 tid=9 runnable
java.lang.Thread.State: RUNNABLE
        at java.base@21.0.6/java.lang.ref.Reference.waitForReferencePendingList(Native Method)
        at java.base@21.0.6/java.lang.ref.Reference.processPendingReferences(Reference.java:246)
        at java.base@21.0.6/java.lang.ref.Reference$ReferenceHandler.run(Reference.java:208)
"2fdf8a61-8d2a-4048-aa8e-d82d5837d34a-ChunkWriter-2-0" daemon prio=5 tid=1076 in Object.wait()
java.lang.Thread.State: WAITING (on object monitor)
        at java.base@21.0.6/jdk.internal.misc.Unsafe.park(Native Method)
        at java.base@21.0.6/java.util.concurrent.locks.LockSupport.park(LockSupport.java:371)
        at java.base@21.0.6/java.util.concurrent.locks.AbstractQueuedSynchronizer$ConditionNode.block(AbstractQueuedSynchronizer.java:519)
        at java.base@21.0.6/java.util.concurrent.ForkJoinPool.unmanagedBlock(ForkJoinPool.java:3780)
        at java.base@21.0.6/java.util.concurrent.ForkJoinPool.managedBlock(ForkJoinPool.java:3725)
        at java.base@21.0.6/java.util.concurrent.locks.AbstractQueuedSynchronizer$ConditionObject.await(AbstractQueuedSynchronizer.java:1712)
        at java.base@21.0.6/java.util.concurrent.LinkedBlockingDeque.takeFirst(LinkedBlockingDeque.java:485)
        at java.base@21.0.6/java.util.concurrent.LinkedBlockingDeque.take(LinkedBlockingDeque.java:673)
        at java.base@21.0.6/java.util.concurrent.ThreadPoolExecutor.getTask(ThreadPoolExecutor.java:1070)
        at java.base@21.0.6/java.util.concurrent.ThreadPoolExecutor.runWorker(ThreadPoolExecutor.java:1130)
        at java.base@21.0.6/java.util.concurrent.ThreadPoolExecutor$Worker.run(ThreadPoolExecutor.java:642)
        at java.base@21.0.6/java.lang.Thread.runWith(Thread.java:1596)
        at java.base@21.0.6/java.lang.Thread.run(Thread.java:1583)
"main"  prio=5 tid=1 runnable
java.lang.Thread.State: RUNNABLE
        at java.base@21.0.6/java.lang.Thread.dumpThreads(Native Method)
        at java.base@21.0.6/java.lang.Thread.getAllStackTraces(Thread.java:2522)
        at app//org.apache.ozone.test.TimedOutTestsListener.buildThreadDump(TimedOutTestsListener.java:81)
        at app//org.apache.ozone.test.TimedOutTestsListener.buildThreadDiagnosticString(TimedOutTestsListener.java:67)
        at app//org.apache.ozone.test.GenericTestUtils.waitFor(GenericTestUtils.java:151)
        at app//org.apache.hadoop.ozone.client.rpc.TestContainerStateMachineFailures.testContainerStateMachineRestartWithDNChangePipeline(TestContainerStateMachineFailures.java:307)
        at java.base@21.0.6/java.lang.invoke.LambdaForm$DMH/0x00007f7e9c124400.invokeVirtual(LambdaForm$DMH)
        at java.base@21.0.6/java.lang.invoke.LambdaForm$MH/0x00007f7e9c187000.invoke(LambdaForm$MH)
        at java.base@21.0.6/java.lang.invoke.Invokers$Holder.invokeExact_MT(Invokers$Holder)
        at java.base@21.0.6/jdk.internal.reflect.DirectMethodHandleAccessor.invokeImpl(DirectMethodHandleAccessor.java:153)
        at java.base@21.0.6/jdk.internal.reflect.DirectMethodHandleAccessor.invoke(DirectMethodHandleAccessor.java:103)
        at java.base@21.0.6/java.lang.reflect.Method.invoke(Method.java:580)
        at app//org.junit.platform.commons.util.ReflectionUtils.invokeMethod(ReflectionUtils.java:767)
        at app//org.junit.jupiter.engine.execution.MethodInvocation.proceed(MethodInvocation.java:60)
        at app//org.junit.jupiter.engine.execution.InvocationInterceptorChain$ValidatingInvocation.proceed(InvocationInterceptorChain.java:131)
        at app//org.junit.jupiter.engine.extension.TimeoutExtension.intercept(TimeoutExtension.java:156)
        at app//org.junit.jupiter.engine.extension.TimeoutExtension.interceptTestableMethod(TimeoutExtension.java:147)
        at app//org.junit.jupiter.engine.extension.TimeoutExtension.interceptTestMethod(TimeoutExtension.java:86)
        at app//org.junit.jupiter.engine.descriptor.TestMethodTestDescriptor$$Lambda/0x00007f7e9c0b65d0.apply(Unknown Source)
        at app//org.junit.jupiter.engine.execution.InterceptingExecutableInvoker$ReflectiveInterceptorCall.lambda$ofVoidMethod$0(InterceptingExecutableInvoker.java:103)
        at app//org.junit.jupiter.engine.execution.InterceptingExecutableInvoker$ReflectiveInterceptorCall$$Lambda/0x00007f7e9c0b69d0.apply(Unknown Source)
        at app//org.junit.jupiter.engine.execution.InterceptingExecutableInvoker.lambda$invoke$0(InterceptingExecutableInvoker.java:93)
        at app//org.junit.jupiter.engine.execution.InterceptingExecutableInvoker$$Lambda/0x00007f7e9c13cc08.apply(Unknown Source)
        at app//org.junit.jupiter.engine.execution.InvocationInterceptorChain$InterceptedInvocation.proceed(InvocationInterceptorChain.java:106)
        at app//org.junit.jupiter.engine.execution.InvocationInterceptorChain.proceed(InvocationInterceptorChain.java:64)
        at app//org.junit.jupiter.engine.execution.InvocationInterceptorChain.chainAndInvoke(InvocationInterceptorChain.java:45)
        at app//org.junit.jupiter.engine.execution.InvocationInterceptorChain.invoke(InvocationInterceptorChain.java:37)
        at app//org.junit.jupiter.engine.execution.InterceptingExecutableInvoker.invoke(InterceptingExecutableInvoker.java:92)
        at app//org.junit.jupiter.engine.execution.InterceptingExecutableInvoker.invoke(InterceptingExecutableInvoker.java:86)
        at app//org.junit.jupiter.engine.descriptor.TestMethodTestDescriptor.lambda$invokeTestMethod$8(TestMethodTestDescriptor.java:217)
        at app//org.junit.jupiter.engine.descriptor.TestMethodTestDescriptor$$Lambda/0x00007f7e9c9e4c98.execute(Unknown Source)
        at app//org.junit.platform.engine.support.hierarchical.ThrowableCollector.execute(ThrowableCollector.java:73)
        at app//org.junit.jupiter.engine.descriptor.TestMethodTestDescriptor.invokeTestMethod(TestMethodTestDescriptor.java:213)
        at app//org.junit.jupiter.engine.descriptor.TestMethodTestDescriptor.execute(TestMethodTestDescriptor.java:138)
        at app//org.junit.jupiter.engine.descriptor.TestMethodTestDescriptor.execute(TestMethodTestDescriptor.java:68)
        at app//org.junit.platform.engine.support.hierarchical.NodeTestTask.lambda$executeRecursively$6(NodeTestTask.java:156)
        at app//org.junit.platform.engine.support.hierarchical.NodeTestTask$$Lambda/0x00007f7e9c12d750.execute(Unknown Source)
        at app//org.junit.platform.engine.support.hierarchical.ThrowableCollector.execute(ThrowableCollector.java:73)
        at app//org.junit.platform.engine.support.hierarchical.NodeTestTask.lambda$executeRecursively$8(NodeTestTask.java:146)
        at app//org.junit.platform.engine.support.hierarchical.NodeTestTask$$Lambda/0x00007f7e9c12d538.invoke(Unknown Source)
        at app//org.junit.platform.engine.support.hierarchical.Node.around(Node.java:137)
        at app//org.junit.platform.engine.support.hierarchical.NodeTestTask.lambda$executeRecursively$9(NodeTestTask.java:144)
        at app//org.junit.platform.engine.support.hierarchical.NodeTestTask$$Lambda/0x00007f7e9c12d130.execute(Unknown Source)
        at app//org.junit.platform.engine.support.hierarchical.ThrowableCollector.execute(ThrowableCollector.java:73)
        at app//org.junit.platform.engine.support.hierarchical.NodeTestTask.executeRecursively(NodeTestTask.java:143)
        at app//org.junit.platform.engine.support.hierarchical.NodeTestTask.execute(NodeTestTask.java:100)
        at app//org.junit.platform.engine.support.hierarchical.SameThreadHierarchicalTestExecutorService$$Lambda/0x00007f7e9c12e688.accept(Unknown Source)
        at java.base@21.0.6/java.util.ArrayList.forEach(ArrayList.java:1596)
        at app//org.junit.platform.engine.support.hierarchical.SameThreadHierarchicalTestExecutorService.invokeAll(SameThreadHierarchicalTestExecutorService.java:41)
        at app//org.junit.platform.engine.support.hierarchical.NodeTestTask.lambda$executeRecursively$6(NodeTestTask.java:160)
        at app//org.junit.platform.engine.support.hierarchical.NodeTestTask$$Lambda/0x00007f7e9c12d750.execute(Unknown Source)
        at app//org.junit.platform.engine.support.hierarchical.ThrowableCollector.execute(ThrowableCollector.java:73)
        at app//org.junit.platform.engine.support.hierarchical.NodeTestTask.lambda$executeRecursively$8(NodeTestTask.java:146)
        at app//org.junit.platform.engine.support.hierarchical.NodeTestTask$$Lambda/0x00007f7e9c12d538.invoke(Unknown Source)
        at app//org.junit.platform.engine.support.hierarchical.Node.around(Node.java:137)
        at app//org.junit.platform.engine.support.hierarchical.NodeTestTask.lambda$executeRecursively$9(NodeTestTask.java:144)
        at app//org.junit.platform.engine.support.hierarchical.NodeTestTask$$Lambda/0x00007f7e9c12d130.execute(Unknown Source)
        at app//org.junit.platform.engine.support.hierarchical.ThrowableCollector.execute(ThrowableCollector.java:73)
        at app//org.junit.platform.engine.support.hierarchical.NodeTestTask.executeRecursively(NodeTestTask.java:143)
        at app//org.junit.platform.engine.support.hierarchical.NodeTestTask.execute(NodeTestTask.java:100)
        at app//org.junit.platform.engine.support.hierarchical.SameThreadHierarchicalTestExecutorService$$Lambda/0x00007f7e9c12e688.accept(Unknown Source)
        at java.base@21.0.6/java.util.ArrayList.forEach(ArrayList.java:1596)
        at app//org.junit.platform.engine.support.hierarchical.SameThreadHierarchicalTestExecutorService.invokeAll(SameThreadHierarchicalTestExecutorService.java:41)
        at app//org.junit.platform.engine.support.hierarchical.NodeTestTask.lambda$executeRecursively$6(NodeTestTask.java:160)
        at app//org.junit.platform.engine.support.hierarchical.NodeTestTask$$Lambda/0x00007f7e9c12d750.execute(Unknown Source)
        at app//org.junit.platform.engine.support.hierarchical.ThrowableCollector.execute(ThrowableCollector.java:73)
        at app//org.junit.platform.engine.support.hierarchical.NodeTestTask.lambda$executeRecursively$8(NodeTestTask.java:146)
        at app//org.junit.platform.engine.support.hierarchical.NodeTestTask$$Lambda/0x00007f7e9c12d538.invoke(Unknown Source)
        at app//org.junit.platform.engine.support.hierarchical.Node.around(Node.java:137)
        at app//org.junit.platform.engine.support.hierarchical.NodeTestTask.lambda$executeRecursively$9(NodeTestTask.java:144)
        at app//org.junit.platform.engine.support.hierarchical.NodeTestTask$$Lambda/0x00007f7e9c12d130.execute(Unknown Source)
        at app//org.junit.platform.engine.support.hierarchical.ThrowableCollector.execute(ThrowableCollector.java:73)
        at app//org.junit.platform.engine.support.hierarchical.NodeTestTask.executeRecursively(NodeTestTask.java:143)
        at app//org.junit.platform.engine.support.hierarchical.NodeTestTask.execute(NodeTestTask.java:100)
        at app//org.junit.platform.engine.support.hierarchical.SameThreadHierarchicalTestExecutorService.submit(SameThreadHierarchicalTestExecutorService.java:35)
        at app//org.junit.platform.engine.support.hierarchical.HierarchicalTestExecutor.execute(HierarchicalTestExecutor.java:57)
        at app//org.junit.platform.engine.support.hierarchical.HierarchicalTestEngine.execute(HierarchicalTestEngine.java:54)
        at app//org.junit.platform.launcher.core.EngineExecutionOrchestrator.execute(EngineExecutionOrchestrator.java:198)
        at app//org.junit.platform.launcher.core.EngineExecutionOrchestrator.execute(EngineExecutionOrchestrator.java:169)
        at app//org.junit.platform.launcher.core.EngineExecutionOrchestrator.execute(EngineExecutionOrchestrator.java:93)
        at app//org.junit.platform.launcher.core.EngineExecutionOrchestrator.lambda$execute$0(EngineExecutionOrchestrator.java:58)
        at app//org.junit.platform.launcher.core.EngineExecutionOrchestrator$$Lambda/0x00007f7e9c105568.accept(Unknown Source)
        at app//org.junit.platform.launcher.core.EngineExecutionOrchestrator.withInterceptedStreams(EngineExecutionOrchestrator.java:141)
        at app//org.junit.platform.launcher.core.EngineExecutionOrchestrator.execute(EngineExecutionOrchestrator.java:57)
        at app//org.junit.platform.launcher.core.DefaultLauncher.execute(DefaultLauncher.java:103)
        at app//org.junit.platform.launcher.core.DefaultLauncher.execute(DefaultLauncher.java:85)
        at app//org.junit.platform.launcher.core.DelegatingLauncher.execute(DelegatingLauncher.java:47)
        at app//org.junit.platform.launcher.core.SessionPerRequestLauncher.execute(SessionPerRequestLauncher.java:63)
        at app//org.apache.maven.surefire.junitplatform.JUnitPlatformProvider.invokeAllTests(JUnitPlatformProvider.java:154)
        at app//org.apache.maven.surefire.junitplatform.JUnitPlatformProvider.invoke(JUnitPlatformProvider.java:123)
        at app//org.apache.maven.surefire.booter.ForkedBooter.runSuitesInProcess(ForkedBooter.java:377)
        at app//org.apache.maven.surefire.booter.ForkedBooter.execute(ForkedBooter.java:138)
        at app//org.apache.maven.surefire.booter.ForkedBooter.run(ForkedBooter.java:465)
        at app//org.apache.maven.surefire.booter.ForkedBooter.main(ForkedBooter.java:451)
"25fe7083-9332-4190-accf-9f4542114dd9-PipelineCommandHandlerThread-0"  prio=5 tid=2005 in Object.wait()
java.lang.Thread.State: WAITING (on object monitor)
        at java.base@21.0.6/jdk.internal.misc.Unsafe.park(Native Method)
        at java.base@21.0.6/java.util.concurrent.locks.LockSupport.park(LockSupport.java:371)
        at java.base@21.0.6/java.util.concurrent.locks.AbstractQueuedSynchronizer$ConditionNode.block(AbstractQueuedSynchronizer.java:519)
        at java.base@21.0.6/java.util.concurrent.ForkJoinPool.unmanagedBlock(ForkJoinPool.java:3780)
        at java.base@21.0.6/java.util.concurrent.ForkJoinPool.managedBlock(ForkJoinPool.java:3725)
        at java.base@21.0.6/java.util.concurrent.locks.AbstractQueuedSynchronizer$ConditionObject.await(AbstractQueuedSynchronizer.java:1712)
        at java.base@21.0.6/java.util.concurrent.LinkedBlockingQueue.take(LinkedBlockingQueue.java:435)
        at java.base@21.0.6/java.util.concurrent.ThreadPoolExecutor.getTask(ThreadPoolExecutor.java:1070)
        at java.base@21.0.6/java.util.concurrent.ThreadPoolExecutor.runWorker(ThreadPoolExecutor.java:1130)
        at java.base@21.0.6/java.util.concurrent.ThreadPoolExecutor$Worker.run(ThreadPoolExecutor.java:642)
        at java.base@21.0.6/java.lang.Thread.runWith(Thread.java:1596)
        at java.base@21.0.6/java.lang.Thread.run(Thread.java:1583)
"IPC Server handler 37 on default port 15001" daemon prio=5 tid=251 timed_waiting
java.lang.Thread.State: TIMED_WAITING
        at java.base@21.0.6/jdk.internal.misc.Unsafe.park(Native Method)
        at java.base@21.0.6/java.util.concurrent.locks.LockSupport.parkNanos(LockSupport.java:269)
        at java.base@21.0.6/java.util.concurrent.locks.AbstractQueuedSynchronizer$ConditionObject.awaitNanos(AbstractQueuedSynchronizer.java:1763)
        at java.base@21.0.6/java.util.concurrent.LinkedBlockingQueue.poll(LinkedBlockingQueue.java:460)
        at app//org.apache.hadoop.ipc.CallQueueManager.take(CallQueueManager.java:370)
        at app//org.apache.hadoop.ipc.Server$Handler.run(Server.java:3165)
"IPC Server handler 6 on default port 15006" daemon prio=5 tid=497 timed_waiting
java.lang.Thread.State: TIMED_WAITING
        at java.base@21.0.6/jdk.internal.misc.Unsafe.park(Native Method)
        at java.base@21.0.6/java.util.concurrent.locks.LockSupport.parkNanos(LockSupport.java:269)
        at java.base@21.0.6/java.util.concurrent.locks.AbstractQueuedSynchronizer$ConditionObject.awaitNanos(AbstractQueuedSynchronizer.java:1763)
        at java.base@21.0.6/java.util.concurrent.LinkedBlockingQueue.poll(LinkedBlockingQueue.java:460)
        at app//org.apache.hadoop.ipc.CallQueueManager.take(CallQueueManager.java:370)
        at app//org.apache.hadoop.ipc.Server$Handler.run(Server.java:3165)
"49dd84ae-7ec9-4d92-bc53-345946144fea-EndpointStateMachineTaskThread-/0.0.0.0:15002-0 "  prio=5 tid=2301 in Object.wait()
java.lang.Thread.State: WAITING (on object monitor)
        at java.base@21.0.6/jdk.internal.misc.Unsafe.park(Native Method)
        at java.base@21.0.6/java.util.concurrent.locks.LockSupport.park(LockSupport.java:371)
        at java.base@21.0.6/java.util.concurrent.locks.AbstractQueuedSynchronizer$ConditionNode.block(AbstractQueuedSynchronizer.java:519)
        at java.base@21.0.6/java.util.concurrent.ForkJoinPool.unmanagedBlock(ForkJoinPool.java:3780)
        at java.base@21.0.6/java.util.concurrent.ForkJoinPool.managedBlock(ForkJoinPool.java:3725)
        at java.base@21.0.6/java.util.concurrent.locks.AbstractQueuedSynchronizer$ConditionObject.await(AbstractQueuedSynchronizer.java:1712)
        at java.base@21.0.6/java.util.concurrent.LinkedBlockingQueue.take(LinkedBlockingQueue.java:435)
        at java.base@21.0.6/java.util.concurrent.ThreadPoolExecutor.getTask(ThreadPoolExecutor.java:1070)
        at java.base@21.0.6/java.util.concurrent.ThreadPoolExecutor.runWorker(ThreadPoolExecutor.java:1130)
        at java.base@21.0.6/java.util.concurrent.ThreadPoolExecutor$Worker.run(ThreadPoolExecutor.java:642)
        at java.base@21.0.6/java.lang.Thread.runWith(Thread.java:1596)
        at java.base@21.0.6/java.lang.Thread.run(Thread.java:1583)
"IPC Server handler 71 on default port 15000" daemon prio=5 tid=185 timed_waiting
java.lang.Thread.State: TIMED_WAITING
        at java.base@21.0.6/jdk.internal.misc.Unsafe.park(Native Method)
        at java.base@21.0.6/java.util.concurrent.locks.LockSupport.parkNanos(LockSupport.java:269)
        at java.base@21.0.6/java.util.concurrent.locks.AbstractQueuedSynchronizer$ConditionObject.awaitNanos(AbstractQueuedSynchronizer.java:1763)
        at java.base@21.0.6/java.util.concurrent.LinkedBlockingQueue.poll(LinkedBlockingQueue.java:460)
        at app//org.apache.hadoop.ipc.CallQueueManager.take(CallQueueManager.java:370)
        at app//org.apache.hadoop.ipc.Server$Handler.run(Server.java:3165)
"IPC Server idle connection scanner for port 15093" daemon prio=5 tid=954 timed_waiting
java.lang.Thread.State: TIMED_WAITING
        at java.base@21.0.6/java.lang.Object.wait0(Native Method)
        at java.base@21.0.6/java.lang.Object.wait(Object.java:366)
        at java.base@21.0.6/java.util.TimerThread.mainLoop(Timer.java:563)
        at java.base@21.0.6/java.util.TimerThread.run(Timer.java:516)
"qtp454923113-2244" daemon prio=5 tid=2244 runnable
java.lang.Thread.State: RUNNABLE
        at java.base@21.0.6/sun.nio.ch.EPoll.wait(Native Method)
        at java.base@21.0.6/sun.nio.ch.EPollSelectorImpl.doSelect(EPollSelectorImpl.java:121)
        at java.base@21.0.6/sun.nio.ch.SelectorImpl.lockAndDoSelect(SelectorImpl.java:130)
        at java.base@21.0.6/sun.nio.ch.SelectorImpl.select(SelectorImpl.java:147)
        at app//org.eclipse.jetty.io.ManagedSelector.nioSelect(ManagedSelector.java:183)
        at app//org.eclipse.jetty.io.ManagedSelector.select(ManagedSelector.java:190)
        at app//org.eclipse.jetty.io.ManagedSelector$SelectorProducer.select(ManagedSelector.java:606)
        at app//org.eclipse.jetty.io.ManagedSelector$SelectorProducer.produce(ManagedSelector.java:543)
        at app//org.eclipse.jetty.util.thread.strategy.EatWhatYouKill.produceTask(EatWhatYouKill.java:362)
        at app//org.eclipse.jetty.util.thread.strategy.EatWhatYouKill.doProduce(EatWhatYouKill.java:186)
        at app//org.eclipse.jetty.util.thread.strategy.EatWhatYouKill.tryProduce(EatWhatYouKill.java:173)
        at app//org.eclipse.jetty.util.thread.strategy.EatWhatYouKill.produce(EatWhatYouKill.java:137)
        at app//org.eclipse.jetty.io.ManagedSelector$$Lambda/0x00007f7e9c660000.run(Unknown Source)
        at app//org.eclipse.jetty.util.thread.QueuedThreadPool.runJob(QueuedThreadPool.java:883)
        at app//org.eclipse.jetty.util.thread.QueuedThreadPool$Runner.run(QueuedThreadPool.java:1034)
        at java.base@21.0.6/java.lang.Thread.runWith(Thread.java:1596)
        at java.base@21.0.6/java.lang.Thread.run(Thread.java:1583)
"IPC Server listener on 15006" daemon prio=5 tid=442 runnable
java.lang.Thread.State: RUNNABLE
        at java.base@21.0.6/sun.nio.ch.EPoll.wait(Native Method)
        at java.base@21.0.6/sun.nio.ch.EPollSelectorImpl.doSelect(EPollSelectorImpl.java:121)
        at java.base@21.0.6/sun.nio.ch.SelectorImpl.lockAndDoSelect(SelectorImpl.java:130)
        at java.base@21.0.6/sun.nio.ch.SelectorImpl.select(SelectorImpl.java:147)
        at app//org.apache.hadoop.ipc.Server$Listener.run(Server.java:1559)
"om1-SnapshotDeletingService#0" daemon prio=5 tid=479 timed_waiting
java.lang.Thread.State: TIMED_WAITING
        at java.base@21.0.6/jdk.internal.misc.Unsafe.park(Native Method)
        at java.base@21.0.6/java.util.concurrent.locks.LockSupport.parkNanos(LockSupport.java:269)
        at java.base@21.0.6/java.util.concurrent.locks.AbstractQueuedSynchronizer$ConditionObject.awaitNanos(AbstractQueuedSynchronizer.java:1763)
        at java.base@21.0.6/java.util.concurrent.ScheduledThreadPoolExecutor$DelayedWorkQueue.take(ScheduledThreadPoolExecutor.java:1182)
        at java.base@21.0.6/java.util.concurrent.ScheduledThreadPoolExecutor$DelayedWorkQueue.take(ScheduledThreadPoolExecutor.java:899)
        at java.base@21.0.6/java.util.concurrent.ThreadPoolExecutor.getTask(ThreadPoolExecutor.java:1070)
        at java.base@21.0.6/java.util.concurrent.ThreadPoolExecutor.runWorker(ThreadPoolExecutor.java:1130)
        at java.base@21.0.6/java.util.concurrent.ThreadPoolExecutor$Worker.run(ThreadPoolExecutor.java:642)
        at java.base@21.0.6/java.lang.Thread.runWith(Thread.java:1596)
        at java.base@21.0.6/java.lang.Thread.run(Thread.java:1583)
"IPC Server handler 28 on default port 15000" daemon prio=5 tid=142 timed_waiting
java.lang.Thread.State: TIMED_WAITING
        at java.base@21.0.6/jdk.internal.misc.Unsafe.park(Native Method)
        at java.base@21.0.6/java.util.concurrent.locks.LockSupport.parkNanos(LockSupport.java:269)
        at java.base@21.0.6/java.util.concurrent.locks.AbstractQueuedSynchronizer$ConditionObject.awaitNanos(AbstractQueuedSynchronizer.java:1763)
        at java.base@21.0.6/java.util.concurrent.LinkedBlockingQueue.poll(LinkedBlockingQueue.java:460)
        at app//org.apache.hadoop.ipc.CallQueueManager.take(CallQueueManager.java:370)
        at app//org.apache.hadoop.ipc.Server$Handler.run(Server.java:3165)
"Session-HouseKeeper-7d12c4dd-1"  prio=5 tid=572 timed_waiting
java.lang.Thread.State: TIMED_WAITING
        at java.base@21.0.6/jdk.internal.misc.Unsafe.park(Native Method)
        at java.base@21.0.6/java.util.concurrent.locks.LockSupport.parkNanos(LockSupport.java:269)
        at java.base@21.0.6/java.util.concurrent.locks.AbstractQueuedSynchronizer$ConditionObject.awaitNanos(AbstractQueuedSynchronizer.java:1763)
        at java.base@21.0.6/java.util.concurrent.ScheduledThreadPoolExecutor$DelayedWorkQueue.take(ScheduledThreadPoolExecutor.java:1182)
        at java.base@21.0.6/java.util.concurrent.ScheduledThreadPoolExecutor$DelayedWorkQueue.take(ScheduledThreadPoolExecutor.java:899)
        at java.base@21.0.6/java.util.concurrent.ThreadPoolExecutor.getTask(ThreadPoolExecutor.java:1070)
        at java.base@21.0.6/java.util.concurrent.ThreadPoolExecutor.runWorker(ThreadPoolExecutor.java:1130)
        at java.base@21.0.6/java.util.concurrent.ThreadPoolExecutor$Worker.run(ThreadPoolExecutor.java:642)
        at java.base@21.0.6/java.lang.Thread.runWith(Thread.java:1596)
        at java.base@21.0.6/java.lang.Thread.run(Thread.java:1583)
"ccfadb7c-9180-4c4b-b969-671c642a7bd3@group-B04885C1B125-cacheEviction-AwaitToRun" daemon prio=5 tid=1347 in Object.wait()
java.lang.Thread.State: WAITING (on object monitor)
        at java.base@21.0.6/jdk.internal.misc.Unsafe.park(Native Method)
        at java.base@21.0.6/java.util.concurrent.locks.LockSupport.park(LockSupport.java:371)
        at java.base@21.0.6/java.util.concurrent.locks.AbstractQueuedSynchronizer$ConditionNode.block(AbstractQueuedSynchronizer.java:519)
        at java.base@21.0.6/java.util.concurrent.ForkJoinPool.unmanagedBlock(ForkJoinPool.java:3780)
        at java.base@21.0.6/java.util.concurrent.ForkJoinPool.managedBlock(ForkJoinPool.java:3725)
        at java.base@21.0.6/java.util.concurrent.locks.AbstractQueuedSynchronizer$ConditionObject.await(AbstractQueuedSynchronizer.java:1712)
        at app//org.apache.ratis.util.AwaitForSignal.await(AwaitForSignal.java:48)
        at app//org.apache.ratis.util.AwaitToRun$RunnableImpl.run(AwaitToRun.java:47)
        at java.base@21.0.6/java.lang.Thread.runWith(Thread.java:1596)
        at java.base@21.0.6/java.lang.Thread.run(Thread.java:1583)
"42086d8c-c943-47d6-a5f9-799709872375-ContainerOp-9e09d6a8-9742-4eee-8124-a68b45278972-6"  prio=5 tid=2153 in Object.wait()
java.lang.Thread.State: WAITING (on object monitor)
        at java.base@21.0.6/jdk.internal.misc.Unsafe.park(Native Method)
        at java.base@21.0.6/java.util.concurrent.locks.LockSupport.park(LockSupport.java:371)
        at java.base@21.0.6/java.util.concurrent.locks.AbstractQueuedSynchronizer$ConditionNode.block(AbstractQueuedSynchronizer.java:519)
        at java.base@21.0.6/java.util.concurrent.ForkJoinPool.unmanagedBlock(ForkJoinPool.java:3780)
        at java.base@21.0.6/java.util.concurrent.ForkJoinPool.managedBlock(ForkJoinPool.java:3725)
        at java.base@21.0.6/java.util.concurrent.locks.AbstractQueuedSynchronizer$ConditionObject.await(AbstractQueuedSynchronizer.java:1712)
        at java.base@21.0.6/java.util.concurrent.LinkedBlockingQueue.take(LinkedBlockingQueue.java:435)
        at java.base@21.0.6/java.util.concurrent.ThreadPoolExecutor.getTask(ThreadPoolExecutor.java:1070)
        at java.base@21.0.6/java.util.concurrent.ThreadPoolExecutor.runWorker(ThreadPoolExecutor.java:1130)
        at java.base@21.0.6/java.util.concurrent.ThreadPoolExecutor$Worker.run(ThreadPoolExecutor.java:642)
        at java.base@21.0.6/java.lang.Thread.runWith(Thread.java:1596)
        at java.base@21.0.6/java.lang.Thread.run(Thread.java:1583)
"IPC Server handler 75 on default port 15001" daemon prio=5 tid=289 timed_waiting
java.lang.Thread.State: TIMED_WAITING
        at java.base@21.0.6/jdk.internal.misc.Unsafe.park(Native Method)
        at java.base@21.0.6/java.util.concurrent.locks.LockSupport.parkNanos(LockSupport.java:269)
        at java.base@21.0.6/java.util.concurrent.locks.AbstractQueuedSynchronizer$ConditionObject.awaitNanos(AbstractQueuedSynchronizer.java:1763)
        at java.base@21.0.6/java.util.concurrent.LinkedBlockingQueue.poll(LinkedBlockingQueue.java:460)
        at app//org.apache.hadoop.ipc.CallQueueManager.take(CallQueueManager.java:370)
        at app//org.apache.hadoop.ipc.Server$Handler.run(Server.java:3165)
"IPC Server handler 7 on default port 15006" daemon prio=5 tid=498 timed_waiting
java.lang.Thread.State: TIMED_WAITING
        at java.base@21.0.6/jdk.internal.misc.Unsafe.park(Native Method)
        at java.base@21.0.6/java.util.concurrent.locks.LockSupport.parkNanos(LockSupport.java:269)
        at java.base@21.0.6/java.util.concurrent.locks.AbstractQueuedSynchronizer$ConditionObject.awaitNanos(AbstractQueuedSynchronizer.java:1763)
        at java.base@21.0.6/java.util.concurrent.LinkedBlockingQueue.poll(LinkedBlockingQueue.java:460)
        at app//org.apache.hadoop.ipc.CallQueueManager.take(CallQueueManager.java:370)
        at app//org.apache.hadoop.ipc.Server$Handler.run(Server.java:3165)
"IPC Server handler 1 on default port 15006" daemon prio=5 tid=492 timed_waiting
java.lang.Thread.State: TIMED_WAITING
        at java.base@21.0.6/jdk.internal.misc.Unsafe.park(Native Method)
        at java.base@21.0.6/java.util.concurrent.locks.LockSupport.parkNanos(LockSupport.java:269)
        at java.base@21.0.6/java.util.concurrent.locks.AbstractQueuedSynchronizer$ConditionObject.awaitNanos(AbstractQueuedSynchronizer.java:1763)
        at java.base@21.0.6/java.util.concurrent.LinkedBlockingQueue.poll(LinkedBlockingQueue.java:460)
        at app//org.apache.hadoop.ipc.CallQueueManager.take(CallQueueManager.java:370)
        at app//org.apache.hadoop.ipc.Server$Handler.run(Server.java:3165)
"ccfadb7c-9180-4c4b-b969-671c642a7bd3-PipelineCommandHandlerThread-0"  prio=5 tid=1345 in Object.wait()
java.lang.Thread.State: WAITING (on object monitor)
        at java.base@21.0.6/jdk.internal.misc.Unsafe.park(Native Method)
        at java.base@21.0.6/java.util.concurrent.locks.LockSupport.park(LockSupport.java:371)
        at java.base@21.0.6/java.util.concurrent.locks.AbstractQueuedSynchronizer$ConditionNode.block(AbstractQueuedSynchronizer.java:519)
        at java.base@21.0.6/java.util.concurrent.ForkJoinPool.unmanagedBlock(ForkJoinPool.java:3780)
        at java.base@21.0.6/java.util.concurrent.ForkJoinPool.managedBlock(ForkJoinPool.java:3725)
        at java.base@21.0.6/java.util.concurrent.locks.AbstractQueuedSynchronizer$ConditionObject.await(AbstractQueuedSynchronizer.java:1712)
        at java.base@21.0.6/java.util.concurrent.LinkedBlockingQueue.take(LinkedBlockingQueue.java:435)
        at java.base@21.0.6/java.util.concurrent.ThreadPoolExecutor.getTask(ThreadPoolExecutor.java:1070)
        at java.base@21.0.6/java.util.concurrent.ThreadPoolExecutor.runWorker(ThreadPoolExecutor.java:1130)
        at java.base@21.0.6/java.util.concurrent.ThreadPoolExecutor$Worker.run(ThreadPoolExecutor.java:642)
        at java.base@21.0.6/java.lang.Thread.runWith(Thread.java:1596)
        at java.base@21.0.6/java.lang.Thread.run(Thread.java:1583)
"Socket Reader #7 for port 15006"  prio=5 tid=449 runnable
java.lang.Thread.State: RUNNABLE
        at java.base@21.0.6/sun.nio.ch.EPoll.wait(Native Method)
        at java.base@21.0.6/sun.nio.ch.EPollSelectorImpl.doSelect(EPollSelectorImpl.java:121)
        at java.base@21.0.6/sun.nio.ch.SelectorImpl.lockAndDoSelect(SelectorImpl.java:130)
        at java.base@21.0.6/sun.nio.ch.SelectorImpl.select(SelectorImpl.java:147)
        at app//org.apache.hadoop.ipc.Server$Listener$Reader.doRunLoop(Server.java:1497)
        at app//org.apache.hadoop.ipc.Server$Listener$Reader.run(Server.java:1476)
"42086d8c-c943-47d6-a5f9-799709872375-DatanodeReportManager-3" daemon prio=5 tid=741 timed_waiting
java.lang.Thread.State: TIMED_WAITING
        at java.base@21.0.6/jdk.internal.misc.Unsafe.park(Native Method)
        at java.base@21.0.6/java.util.concurrent.locks.LockSupport.parkNanos(LockSupport.java:269)
        at java.base@21.0.6/java.util.concurrent.locks.AbstractQueuedSynchronizer$ConditionObject.awaitNanos(AbstractQueuedSynchronizer.java:1763)
        at java.base@21.0.6/java.util.concurrent.ScheduledThreadPoolExecutor$DelayedWorkQueue.take(ScheduledThreadPoolExecutor.java:1182)
        at java.base@21.0.6/java.util.concurrent.ScheduledThreadPoolExecutor$DelayedWorkQueue.take(ScheduledThreadPoolExecutor.java:899)
        at java.base@21.0.6/java.util.concurrent.ThreadPoolExecutor.getTask(ThreadPoolExecutor.java:1070)
        at java.base@21.0.6/java.util.concurrent.ThreadPoolExecutor.runWorker(ThreadPoolExecutor.java:1130)
        at java.base@21.0.6/java.util.concurrent.ThreadPoolExecutor$Worker.run(ThreadPoolExecutor.java:642)
        at java.base@21.0.6/java.lang.Thread.runWith(Thread.java:1596)
        at java.base@21.0.6/java.lang.Thread.run(Thread.java:1583)
"2fdf8a61-8d2a-4048-aa8e-d82d5837d34a-ContainerOp-b23d25cb-7380-4d07-99f2-182221378aec-1"  prio=5 tid=1843 in Object.wait()
java.lang.Thread.State: WAITING (on object monitor)
        at java.base@21.0.6/jdk.internal.misc.Unsafe.park(Native Method)
        at java.base@21.0.6/java.util.concurrent.locks.LockSupport.park(LockSupport.java:371)
        at java.base@21.0.6/java.util.concurrent.locks.AbstractQueuedSynchronizer$ConditionNode.block(AbstractQueuedSynchronizer.java:519)
        at java.base@21.0.6/java.util.concurrent.ForkJoinPool.unmanagedBlock(ForkJoinPool.java:3780)
        at java.base@21.0.6/java.util.concurrent.ForkJoinPool.managedBlock(ForkJoinPool.java:3725)
        at java.base@21.0.6/java.util.concurrent.locks.AbstractQueuedSynchronizer$ConditionObject.await(AbstractQueuedSynchronizer.java:1712)
        at java.base@21.0.6/java.util.concurrent.LinkedBlockingQueue.take(LinkedBlockingQueue.java:435)
        at java.base@21.0.6/java.util.concurrent.ThreadPoolExecutor.getTask(ThreadPoolExecutor.java:1070)
        at java.base@21.0.6/java.util.concurrent.ThreadPoolExecutor.runWorker(ThreadPoolExecutor.java:1130)
        at java.base@21.0.6/java.util.concurrent.ThreadPoolExecutor$Worker.run(ThreadPoolExecutor.java:642)
        at java.base@21.0.6/java.lang.Thread.runWith(Thread.java:1596)
        at java.base@21.0.6/java.lang.Thread.run(Thread.java:1583)
"IPC Server handler 0 on default port 15030" daemon prio=5 tid=635 timed_waiting
java.lang.Thread.State: TIMED_WAITING
        at java.base@21.0.6/jdk.internal.misc.Unsafe.park(Native Method)
        at java.base@21.0.6/java.util.concurrent.locks.LockSupport.parkNanos(LockSupport.java:269)
        at java.base@21.0.6/java.util.concurrent.locks.AbstractQueuedSynchronizer$ConditionObject.awaitNanos(AbstractQueuedSynchronizer.java:1763)
        at java.base@21.0.6/java.util.concurrent.LinkedBlockingQueue.poll(LinkedBlockingQueue.java:460)
        at app//org.apache.hadoop.ipc.CallQueueManager.take(CallQueueManager.java:370)
        at app//org.apache.hadoop.ipc.Server$Handler.run(Server.java:3165)
"IPC Server handler 22 on default port 15002" daemon prio=5 tid=354 timed_waiting
java.lang.Thread.State: TIMED_WAITING
        at java.base@21.0.6/jdk.internal.misc.Unsafe.park(Native Method)
        at java.base@21.0.6/java.util.concurrent.locks.LockSupport.parkNanos(LockSupport.java:269)
        at java.base@21.0.6/java.util.concurrent.locks.AbstractQueuedSynchronizer$ConditionObject.awaitNanos(AbstractQueuedSynchronizer.java:1763)
        at java.base@21.0.6/java.util.concurrent.LinkedBlockingQueue.poll(LinkedBlockingQueue.java:460)
        at app//org.apache.hadoop.ipc.CallQueueManager.take(CallQueueManager.java:370)
        at app//org.apache.hadoop.ipc.Server$Handler.run(Server.java:3165)
"6b36f32d-918c-46a3-bfcb-888cb423c6dd-ContainerOp-e1fc892c-095b-4650-8f0f-81341f4e2824-7"  prio=5 tid=2305 in Object.wait()
java.lang.Thread.State: WAITING (on object monitor)
        at java.base@21.0.6/jdk.internal.misc.Unsafe.park(Native Method)
        at java.base@21.0.6/java.util.concurrent.locks.LockSupport.park(LockSupport.java:371)
        at java.base@21.0.6/java.util.concurrent.locks.AbstractQueuedSynchronizer$ConditionNode.block(AbstractQueuedSynchronizer.java:519)
        at java.base@21.0.6/java.util.concurrent.ForkJoinPool.unmanagedBlock(ForkJoinPool.java:3780)
        at java.base@21.0.6/java.util.concurrent.ForkJoinPool.managedBlock(ForkJoinPool.java:3725)
        at java.base@21.0.6/java.util.concurrent.locks.AbstractQueuedSynchronizer$ConditionObject.await(AbstractQueuedSynchronizer.java:1712)
        at java.base@21.0.6/java.util.concurrent.LinkedBlockingQueue.take(LinkedBlockingQueue.java:435)
        at java.base@21.0.6/java.util.concurrent.ThreadPoolExecutor.getTask(ThreadPoolExecutor.java:1070)
        at java.base@21.0.6/java.util.concurrent.ThreadPoolExecutor.runWorker(ThreadPoolExecutor.java:1130)
        at java.base@21.0.6/java.util.concurrent.ThreadPoolExecutor$Worker.run(ThreadPoolExecutor.java:642)
        at java.base@21.0.6/java.lang.Thread.runWith(Thread.java:1596)
        at java.base@21.0.6/java.lang.Thread.run(Thread.java:1583)
"IPC Server handler 34 on default port 15001" daemon prio=5 tid=248 timed_waiting
java.lang.Thread.State: TIMED_WAITING
        at java.base@21.0.6/jdk.internal.misc.Unsafe.park(Native Method)
        at java.base@21.0.6/java.util.concurrent.locks.LockSupport.parkNanos(LockSupport.java:269)
        at java.base@21.0.6/java.util.concurrent.locks.AbstractQueuedSynchronizer$ConditionObject.awaitNanos(AbstractQueuedSynchronizer.java:1763)
        at java.base@21.0.6/java.util.concurrent.LinkedBlockingQueue.poll(LinkedBlockingQueue.java:460)
        at app//org.apache.hadoop.ipc.CallQueueManager.take(CallQueueManager.java:370)
        at app//org.apache.hadoop.ipc.Server$Handler.run(Server.java:3165)
"qtp1315138370-750" daemon prio=5 tid=750 runnable
java.lang.Thread.State: RUNNABLE
        at java.base@21.0.6/sun.nio.ch.EPoll.wait(Native Method)
        at java.base@21.0.6/sun.nio.ch.EPollSelectorImpl.doSelect(EPollSelectorImpl.java:121)
        at java.base@21.0.6/sun.nio.ch.SelectorImpl.lockAndDoSelect(SelectorImpl.java:130)
        at java.base@21.0.6/sun.nio.ch.SelectorImpl.select(SelectorImpl.java:147)
        at app//org.eclipse.jetty.io.ManagedSelector.nioSelect(ManagedSelector.java:183)
        at app//org.eclipse.jetty.io.ManagedSelector.select(ManagedSelector.java:190)
        at app//org.eclipse.jetty.io.ManagedSelector$SelectorProducer.select(ManagedSelector.java:606)
        at app//org.eclipse.jetty.io.ManagedSelector$SelectorProducer.produce(ManagedSelector.java:543)
        at app//org.eclipse.jetty.util.thread.strategy.EatWhatYouKill.produceTask(EatWhatYouKill.java:362)
        at app//org.eclipse.jetty.util.thread.strategy.EatWhatYouKill.doProduce(EatWhatYouKill.java:186)
        at app//org.eclipse.jetty.util.thread.strategy.EatWhatYouKill.tryProduce(EatWhatYouKill.java:173)
        at app//org.eclipse.jetty.util.thread.strategy.EatWhatYouKill.produce(EatWhatYouKill.java:137)
        at app//org.eclipse.jetty.io.ManagedSelector$$Lambda/0x00007f7e9c660000.run(Unknown Source)
        at app//org.eclipse.jetty.util.thread.QueuedThreadPool.runJob(QueuedThreadPool.java:883)
        at app//org.eclipse.jetty.util.thread.QueuedThreadPool$Runner.run(QueuedThreadPool.java:1034)
        at java.base@21.0.6/java.lang.Thread.runWith(Thread.java:1596)
        at java.base@21.0.6/java.lang.Thread.run(Thread.java:1583)
"IPC Server handler 20 on default port 15000" daemon prio=5 tid=134 timed_waiting
java.lang.Thread.State: TIMED_WAITING
        at java.base@21.0.6/jdk.internal.misc.Unsafe.park(Native Method)
        at java.base@21.0.6/java.util.concurrent.locks.LockSupport.parkNanos(LockSupport.java:269)
        at java.base@21.0.6/java.util.concurrent.locks.AbstractQueuedSynchronizer$ConditionObject.awaitNanos(AbstractQueuedSynchronizer.java:1763)
        at java.base@21.0.6/java.util.concurrent.LinkedBlockingQueue.poll(LinkedBlockingQueue.java:460)
        at app//org.apache.hadoop.ipc.CallQueueManager.take(CallQueueManager.java:370)
        at app//org.apache.hadoop.ipc.Server$Handler.run(Server.java:3165)
"2fdf8a61-8d2a-4048-aa8e-d82d5837d34a-ContainerOp-9e09d6a8-9742-4eee-8124-a68b45278972-0"  prio=5 tid=1495 in Object.wait()
java.lang.Thread.State: WAITING (on object monitor)
        at java.base@21.0.6/jdk.internal.misc.Unsafe.park(Native Method)
        at java.base@21.0.6/java.util.concurrent.locks.LockSupport.park(LockSupport.java:371)
        at java.base@21.0.6/java.util.concurrent.locks.AbstractQueuedSynchronizer$ConditionNode.block(AbstractQueuedSynchronizer.java:519)
        at java.base@21.0.6/java.util.concurrent.ForkJoinPool.unmanagedBlock(ForkJoinPool.java:3780)
        at java.base@21.0.6/java.util.concurrent.ForkJoinPool.managedBlock(ForkJoinPool.java:3725)
        at java.base@21.0.6/java.util.concurrent.locks.AbstractQueuedSynchronizer$ConditionObject.await(AbstractQueuedSynchronizer.java:1712)
        at java.base@21.0.6/java.util.concurrent.LinkedBlockingQueue.take(LinkedBlockingQueue.java:435)
        at java.base@21.0.6/java.util.concurrent.ThreadPoolExecutor.getTask(ThreadPoolExecutor.java:1070)
        at java.base@21.0.6/java.util.concurrent.ThreadPoolExecutor.runWorker(ThreadPoolExecutor.java:1130)
        at java.base@21.0.6/java.util.concurrent.ThreadPoolExecutor$Worker.run(ThreadPoolExecutor.java:642)
        at java.base@21.0.6/java.lang.Thread.runWith(Thread.java:1596)
        at java.base@21.0.6/java.lang.Thread.run(Thread.java:1583)
"46d11c6d-db9b-44c9-8985-212dd9cf6636@group-FD3C136676F4-cacheEviction-AwaitToRun" daemon prio=5 tid=1293 in Object.wait()
java.lang.Thread.State: WAITING (on object monitor)
        at java.base@21.0.6/jdk.internal.misc.Unsafe.park(Native Method)
        at java.base@21.0.6/java.util.concurrent.locks.LockSupport.park(LockSupport.java:371)
        at java.base@21.0.6/java.util.concurrent.locks.AbstractQueuedSynchronizer$ConditionNode.block(AbstractQueuedSynchronizer.java:519)
        at java.base@21.0.6/java.util.concurrent.ForkJoinPool.unmanagedBlock(ForkJoinPool.java:3780)
        at java.base@21.0.6/java.util.concurrent.ForkJoinPool.managedBlock(ForkJoinPool.java:3725)
        at java.base@21.0.6/java.util.concurrent.locks.AbstractQueuedSynchronizer$ConditionObject.await(AbstractQueuedSynchronizer.java:1712)
        at app//org.apache.ratis.util.AwaitForSignal.await(AwaitForSignal.java:48)
        at app//org.apache.ratis.util.AwaitToRun$RunnableImpl.run(AwaitToRun.java:47)
        at java.base@21.0.6/java.lang.Thread.runWith(Thread.java:1596)
        at java.base@21.0.6/java.lang.Thread.run(Thread.java:1583)
"e20a886d-0459-4371-959f-f9bdb6931571-DatanodeReportManager-2" daemon prio=5 tid=878 in Object.wait()
java.lang.Thread.State: WAITING (on object monitor)
        at java.base@21.0.6/jdk.internal.misc.Unsafe.park(Native Method)
        at java.base@21.0.6/java.util.concurrent.locks.LockSupport.park(LockSupport.java:371)
        at java.base@21.0.6/java.util.concurrent.locks.AbstractQueuedSynchronizer$ConditionNode.block(AbstractQueuedSynchronizer.java:519)
        at java.base@21.0.6/java.util.concurrent.ForkJoinPool.unmanagedBlock(ForkJoinPool.java:3780)
        at java.base@21.0.6/java.util.concurrent.ForkJoinPool.managedBlock(ForkJoinPool.java:3725)
        at java.base@21.0.6/java.util.concurrent.locks.AbstractQueuedSynchronizer$ConditionObject.await(AbstractQueuedSynchronizer.java:1712)
        at java.base@21.0.6/java.util.concurrent.ScheduledThreadPoolExecutor$DelayedWorkQueue.take(ScheduledThreadPoolExecutor.java:1177)
        at java.base@21.0.6/java.util.concurrent.ScheduledThreadPoolExecutor$DelayedWorkQueue.take(ScheduledThreadPoolExecutor.java:899)
        at java.base@21.0.6/java.util.concurrent.ThreadPoolExecutor.getTask(ThreadPoolExecutor.java:1070)
        at java.base@21.0.6/java.util.concurrent.ThreadPoolExecutor.runWorker(ThreadPoolExecutor.java:1130)
        at java.base@21.0.6/java.util.concurrent.ThreadPoolExecutor$Worker.run(ThreadPoolExecutor.java:642)
        at java.base@21.0.6/java.lang.Thread.runWith(Thread.java:1596)
        at java.base@21.0.6/java.lang.Thread.run(Thread.java:1583)
"42086d8c-c943-47d6-a5f9-799709872375-BlockDeletingService#3" daemon prio=5 tid=2184 in Object.wait()
java.lang.Thread.State: WAITING (on object monitor)
        at java.base@21.0.6/jdk.internal.misc.Unsafe.park(Native Method)
        at java.base@21.0.6/java.util.concurrent.locks.LockSupport.park(LockSupport.java:371)
        at java.base@21.0.6/java.util.concurrent.locks.AbstractQueuedSynchronizer$ConditionNode.block(AbstractQueuedSynchronizer.java:519)
        at java.base@21.0.6/java.util.concurrent.ForkJoinPool.unmanagedBlock(ForkJoinPool.java:3780)
        at java.base@21.0.6/java.util.concurrent.ForkJoinPool.managedBlock(ForkJoinPool.java:3725)
        at java.base@21.0.6/java.util.concurrent.locks.AbstractQueuedSynchronizer$ConditionObject.await(AbstractQueuedSynchronizer.java:1712)
        at java.base@21.0.6/java.util.concurrent.ScheduledThreadPoolExecutor$DelayedWorkQueue.take(ScheduledThreadPoolExecutor.java:1177)
        at java.base@21.0.6/java.util.concurrent.ScheduledThreadPoolExecutor$DelayedWorkQueue.take(ScheduledThreadPoolExecutor.java:899)
        at java.base@21.0.6/java.util.concurrent.ThreadPoolExecutor.getTask(ThreadPoolExecutor.java:1070)
        at java.base@21.0.6/java.util.concurrent.ThreadPoolExecutor.runWorker(ThreadPoolExecutor.java:1130)
        at java.base@21.0.6/java.util.concurrent.ThreadPoolExecutor$Worker.run(ThreadPoolExecutor.java:642)
        at java.base@21.0.6/java.lang.Thread.runWith(Thread.java:1596)
        at java.base@21.0.6/java.lang.Thread.run(Thread.java:1583)
"2fdf8a61-8d2a-4048-aa8e-d82d5837d34a-NettyServerStreamRpc-bossGroup--thread1"  prio=5 tid=746 runnable
java.lang.Thread.State: RUNNABLE
        at app//org.apache.ratis.thirdparty.io.netty.channel.epoll.Native.epollWait(Native Method)
        at app//org.apache.ratis.thirdparty.io.netty.channel.epoll.Native.epollWait(Native.java:220)
        at app//org.apache.ratis.thirdparty.io.netty.channel.epoll.Native.epollWait(Native.java:213)
        at app//org.apache.ratis.thirdparty.io.netty.channel.epoll.EpollEventLoop.epollWaitNoTimerChange(EpollEventLoop.java:308)
        at app//org.apache.ratis.thirdparty.io.netty.channel.epoll.EpollEventLoop.run(EpollEventLoop.java:365)
        at app//org.apache.ratis.thirdparty.io.netty.util.concurrent.SingleThreadEventExecutor$4.run(SingleThreadEventExecutor.java:997)
        at app//org.apache.ratis.thirdparty.io.netty.util.internal.ThreadExecutorMap$2.run(ThreadExecutorMap.java:74)
        at java.base@21.0.6/java.lang.Thread.runWith(Thread.java:1596)
        at java.base@21.0.6/java.lang.Thread.run(Thread.java:1583)
"Socket Reader #10 for port 15066"  prio=5 tid=815 runnable
java.lang.Thread.State: RUNNABLE
        at java.base@21.0.6/sun.nio.ch.EPoll.wait(Native Method)
        at java.base@21.0.6/sun.nio.ch.EPollSelectorImpl.doSelect(EPollSelectorImpl.java:121)
        at java.base@21.0.6/sun.nio.ch.SelectorImpl.lockAndDoSelect(SelectorImpl.java:130)
        at java.base@21.0.6/sun.nio.ch.SelectorImpl.select(SelectorImpl.java:147)
        at app//org.apache.hadoop.ipc.Server$Listener$Reader.doRunLoop(Server.java:1497)
        at app//org.apache.hadoop.ipc.Server$Listener$Reader.run(Server.java:1476)
"6b36f32d-918c-46a3-bfcb-888cb423c6dd@group-81341F4E2824-FollowerState" daemon prio=5 tid=1391 timed_waiting
java.lang.Thread.State: TIMED_WAITING
        at java.base@21.0.6/java.lang.Thread.sleep0(Native Method)
        at java.base@21.0.6/java.lang.Thread.sleep(Thread.java:558)
        at java.base@21.0.6/java.util.concurrent.TimeUnit.sleep(TimeUnit.java:446)
        at app//org.apache.ratis.util.TimeDuration.sleep(TimeDuration.java:353)
        at app//org.apache.ratis.util.TimeDuration.sleep(TimeDuration.java:338)
        at app//org.apache.ratis.server.impl.FollowerState.runImpl(FollowerState.java:149)
        at app//org.apache.ratis.server.impl.FollowerState.run(FollowerState.java:130)
"IPC Server handler 90 on default port 15000" daemon prio=5 tid=204 timed_waiting
java.lang.Thread.State: TIMED_WAITING
        at java.base@21.0.6/jdk.internal.misc.Unsafe.park(Native Method)
        at java.base@21.0.6/java.util.concurrent.locks.LockSupport.parkNanos(LockSupport.java:269)
        at java.base@21.0.6/java.util.concurrent.locks.AbstractQueuedSynchronizer$ConditionObject.awaitNanos(AbstractQueuedSynchronizer.java:1763)
        at java.base@21.0.6/java.util.concurrent.LinkedBlockingQueue.poll(LinkedBlockingQueue.java:460)
        at app//org.apache.hadoop.ipc.CallQueueManager.take(CallQueueManager.java:370)
        at app//org.apache.hadoop.ipc.Server$Handler.run(Server.java:3165)
"ccfadb7c-9180-4c4b-b969-671c642a7bd3-server-thread3" daemon prio=5 tid=2098 timed_waiting
java.lang.Thread.State: TIMED_WAITING
        at java.base@21.0.6/jdk.internal.misc.Unsafe.park(Native Method)
        at java.base@21.0.6/java.util.concurrent.locks.LockSupport.parkNanos(LockSupport.java:410)
        at java.base@21.0.6/java.util.concurrent.LinkedTransferQueue$DualNode.await(LinkedTransferQueue.java:452)
        at java.base@21.0.6/java.util.concurrent.SynchronousQueue$Transferer.xferLifo(SynchronousQueue.java:194)
        at java.base@21.0.6/java.util.concurrent.SynchronousQueue.xfer(SynchronousQueue.java:235)
        at java.base@21.0.6/java.util.concurrent.SynchronousQueue.poll(SynchronousQueue.java:338)
        at java.base@21.0.6/java.util.concurrent.ThreadPoolExecutor.getTask(ThreadPoolExecutor.java:1069)
        at java.base@21.0.6/java.util.concurrent.ThreadPoolExecutor.runWorker(ThreadPoolExecutor.java:1130)
        at java.base@21.0.6/java.util.concurrent.ThreadPoolExecutor$Worker.run(ThreadPoolExecutor.java:642)
        at java.base@21.0.6/java.lang.Thread.runWith(Thread.java:1596)
        at java.base@21.0.6/java.lang.Thread.run(Thread.java:1583)
"IPC Server handler 4 on default port 15066" daemon prio=5 tid=823 timed_waiting
java.lang.Thread.State: TIMED_WAITING
        at java.base@21.0.6/jdk.internal.misc.Unsafe.park(Native Method)
        at java.base@21.0.6/java.util.concurrent.locks.LockSupport.parkNanos(LockSupport.java:269)
        at java.base@21.0.6/java.util.concurrent.locks.AbstractQueuedSynchronizer$ConditionObject.awaitNanos(AbstractQueuedSynchronizer.java:1763)
        at java.base@21.0.6/java.util.concurrent.LinkedBlockingQueue.poll(LinkedBlockingQueue.java:460)
        at app//org.apache.hadoop.ipc.CallQueueManager.take(CallQueueManager.java:370)
        at app//org.apache.hadoop.ipc.Server$Handler.run(Server.java:3165)
"IPC Server handler 60 on default port 15002" daemon prio=5 tid=392 timed_waiting
java.lang.Thread.State: TIMED_WAITING
        at java.base@21.0.6/jdk.internal.misc.Unsafe.park(Native Method)
        at java.base@21.0.6/java.util.concurrent.locks.LockSupport.parkNanos(LockSupport.java:269)
        at java.base@21.0.6/java.util.concurrent.locks.AbstractQueuedSynchronizer$ConditionObject.awaitNanos(AbstractQueuedSynchronizer.java:1763)
        at java.base@21.0.6/java.util.concurrent.LinkedBlockingQueue.poll(LinkedBlockingQueue.java:460)
        at app//org.apache.hadoop.ipc.CallQueueManager.take(CallQueueManager.java:370)
        at app//org.apache.hadoop.ipc.Server$Handler.run(Server.java:3165)
"IPC Server handler 14 on default port 15000" daemon prio=5 tid=128 timed_waiting
java.lang.Thread.State: TIMED_WAITING
        at java.base@21.0.6/jdk.internal.misc.Unsafe.park(Native Method)
        at java.base@21.0.6/java.util.concurrent.locks.LockSupport.parkNanos(LockSupport.java:269)
        at java.base@21.0.6/java.util.concurrent.locks.AbstractQueuedSynchronizer$ConditionObject.awaitNanos(AbstractQueuedSynchronizer.java:1763)
        at java.base@21.0.6/java.util.concurrent.LinkedBlockingQueue.poll(LinkedBlockingQueue.java:460)
        at app//org.apache.hadoop.ipc.CallQueueManager.take(CallQueueManager.java:370)
        at app//org.apache.hadoop.ipc.Server$Handler.run(Server.java:3165)
"IPC Server Responder" daemon prio=5 tid=863 runnable
java.lang.Thread.State: RUNNABLE
        at java.base@21.0.6/sun.nio.ch.EPoll.wait(Native Method)
        at java.base@21.0.6/sun.nio.ch.EPollSelectorImpl.doSelect(EPollSelectorImpl.java:121)
        at java.base@21.0.6/sun.nio.ch.SelectorImpl.lockAndDoSelect(SelectorImpl.java:130)
        at java.base@21.0.6/sun.nio.ch.SelectorImpl.select(SelectorImpl.java:142)
        at app//org.apache.hadoop.ipc.Server$Responder.doRunLoop(Server.java:1733)
        at app//org.apache.hadoop.ipc.Server$Responder.run(Server.java:1716)
"IPC Server handler 17 on default port 15001" daemon prio=5 tid=231 timed_waiting
java.lang.Thread.State: TIMED_WAITING
        at java.base@21.0.6/jdk.internal.misc.Unsafe.park(Native Method)
        at java.base@21.0.6/java.util.concurrent.locks.LockSupport.parkNanos(LockSupport.java:269)
        at java.base@21.0.6/java.util.concurrent.locks.AbstractQueuedSynchronizer$ConditionObject.awaitNanos(AbstractQueuedSynchronizer.java:1763)
        at java.base@21.0.6/java.util.concurrent.LinkedBlockingQueue.poll(LinkedBlockingQueue.java:460)
        at app//org.apache.hadoop.ipc.CallQueueManager.take(CallQueueManager.java:370)
        at app//org.apache.hadoop.ipc.Server$Handler.run(Server.java:3165)
"Socket Reader #7 for port 15075"  prio=5 tid=858 runnable
java.lang.Thread.State: RUNNABLE
        at java.base@21.0.6/sun.nio.ch.EPoll.wait(Native Method)
        at java.base@21.0.6/sun.nio.ch.EPollSelectorImpl.doSelect(EPollSelectorImpl.java:121)
        at java.base@21.0.6/sun.nio.ch.SelectorImpl.lockAndDoSelect(SelectorImpl.java:130)
        at java.base@21.0.6/sun.nio.ch.SelectorImpl.select(SelectorImpl.java:147)
        at app//org.apache.hadoop.ipc.Server$Listener$Reader.doRunLoop(Server.java:1497)
        at app//org.apache.hadoop.ipc.Server$Listener$Reader.run(Server.java:1476)
"IPC Server handler 1 on default port 15002" daemon prio=5 tid=333 timed_waiting
java.lang.Thread.State: TIMED_WAITING
        at java.base@21.0.6/jdk.internal.misc.Unsafe.park(Native Method)
        at java.base@21.0.6/java.util.concurrent.locks.LockSupport.parkNanos(LockSupport.java:269)
        at java.base@21.0.6/java.util.concurrent.locks.AbstractQueuedSynchronizer$ConditionObject.awaitNanos(AbstractQueuedSynchronizer.java:1763)
        at java.base@21.0.6/java.util.concurrent.LinkedBlockingQueue.poll(LinkedBlockingQueue.java:460)
        at app//org.apache.hadoop.ipc.CallQueueManager.take(CallQueueManager.java:370)
        at app//org.apache.hadoop.ipc.Server$Handler.run(Server.java:3165)
"null-request--thread1" daemon prio=5 tid=2171 timed_waiting
java.lang.Thread.State: TIMED_WAITING
        at java.base@21.0.6/jdk.internal.misc.Unsafe.park(Native Method)
        at java.base@21.0.6/java.util.concurrent.locks.LockSupport.parkNanos(LockSupport.java:269)
        at java.base@21.0.6/java.util.concurrent.locks.AbstractQueuedSynchronizer$ConditionObject.awaitNanos(AbstractQueuedSynchronizer.java:1763)
        at java.base@21.0.6/java.util.concurrent.LinkedBlockingQueue.poll(LinkedBlockingQueue.java:460)
        at java.base@21.0.6/java.util.concurrent.ThreadPoolExecutor.getTask(ThreadPoolExecutor.java:1069)
        at java.base@21.0.6/java.util.concurrent.ThreadPoolExecutor.runWorker(ThreadPoolExecutor.java:1130)
        at java.base@21.0.6/java.util.concurrent.ThreadPoolExecutor$Worker.run(ThreadPoolExecutor.java:642)
        at java.base@21.0.6/java.lang.Thread.runWith(Thread.java:1596)
        at java.base@21.0.6/java.lang.Thread.run(Thread.java:1583)
"ContainerMetadataScanner" daemon prio=5 tid=1090 timed_waiting
java.lang.Thread.State: TIMED_WAITING
        at java.base@21.0.6/java.lang.Thread.sleep0(Native Method)
        at java.base@21.0.6/java.lang.Thread.sleep(Thread.java:509)
        at app//org.apache.hadoop.ozone.container.ozoneimpl.AbstractBackgroundContainerScanner.handleRemainingSleep(AbstractBackgroundContainerScanner.java:128)
        at app//org.apache.hadoop.ozone.container.ozoneimpl.AbstractBackgroundContainerScanner.runIteration(AbstractBackgroundContainerScanner.java:95)
        at app//org.apache.hadoop.ozone.container.ozoneimpl.AbstractBackgroundContainerScanner.run(AbstractBackgroundContainerScanner.java:54)
"Socket Reader #7 for port 15012"  prio=5 tid=2268 runnable
java.lang.Thread.State: RUNNABLE
        at java.base@21.0.6/sun.nio.ch.EPoll.wait(Native Method)
        at java.base@21.0.6/sun.nio.ch.EPollSelectorImpl.doSelect(EPollSelectorImpl.java:121)
        at java.base@21.0.6/sun.nio.ch.SelectorImpl.lockAndDoSelect(SelectorImpl.java:130)
        at java.base@21.0.6/sun.nio.ch.SelectorImpl.select(SelectorImpl.java:147)
        at app//org.apache.hadoop.ipc.Server$Listener$Reader.doRunLoop(Server.java:1497)
        at app//org.apache.hadoop.ipc.Server$Listener$Reader.run(Server.java:1476)
"IPC Server handler 5 on default port 15048" daemon prio=5 tid=732 timed_waiting
java.lang.Thread.State: TIMED_WAITING
        at java.base@21.0.6/jdk.internal.misc.Unsafe.park(Native Method)
        at java.base@21.0.6/java.util.concurrent.locks.LockSupport.parkNanos(LockSupport.java:269)
        at java.base@21.0.6/java.util.concurrent.locks.AbstractQueuedSynchronizer$ConditionObject.awaitNanos(AbstractQueuedSynchronizer.java:1763)
        at java.base@21.0.6/java.util.concurrent.LinkedBlockingQueue.poll(LinkedBlockingQueue.java:460)
        at app//org.apache.hadoop.ipc.CallQueueManager.take(CallQueueManager.java:370)
        at app//org.apache.hadoop.ipc.Server$Handler.run(Server.java:3165)
"StaleRecoveringContainerScrubbingService#3" daemon prio=5 tid=2181 in Object.wait()
java.lang.Thread.State: WAITING (on object monitor)
        at java.base@21.0.6/jdk.internal.misc.Unsafe.park(Native Method)
        at java.base@21.0.6/java.util.concurrent.locks.LockSupport.park(LockSupport.java:371)
        at java.base@21.0.6/java.util.concurrent.locks.AbstractQueuedSynchronizer$ConditionNode.block(AbstractQueuedSynchronizer.java:519)
        at java.base@21.0.6/java.util.concurrent.ForkJoinPool.unmanagedBlock(ForkJoinPool.java:3780)
        at java.base@21.0.6/java.util.concurrent.ForkJoinPool.managedBlock(ForkJoinPool.java:3725)
        at java.base@21.0.6/java.util.concurrent.locks.AbstractQueuedSynchronizer$ConditionObject.await(AbstractQueuedSynchronizer.java:1712)
        at java.base@21.0.6/java.util.concurrent.ScheduledThreadPoolExecutor$DelayedWorkQueue.take(ScheduledThreadPoolExecutor.java:1177)
        at java.base@21.0.6/java.util.concurrent.ScheduledThreadPoolExecutor$DelayedWorkQueue.take(ScheduledThreadPoolExecutor.java:899)
        at java.base@21.0.6/java.util.concurrent.ThreadPoolExecutor.getTask(ThreadPoolExecutor.java:1070)
        at java.base@21.0.6/java.util.concurrent.ThreadPoolExecutor.runWorker(ThreadPoolExecutor.java:1130)
        at java.base@21.0.6/java.util.concurrent.ThreadPoolExecutor$Worker.run(ThreadPoolExecutor.java:642)
        at java.base@21.0.6/java.lang.Thread.runWith(Thread.java:1596)
        at java.base@21.0.6/java.lang.Thread.run(Thread.java:1583)
"IPC Server handler 1 on default port 15001" daemon prio=5 tid=215 timed_waiting
java.lang.Thread.State: TIMED_WAITING
        at java.base@21.0.6/jdk.internal.misc.Unsafe.park(Native Method)
        at java.base@21.0.6/java.util.concurrent.locks.LockSupport.parkNanos(LockSupport.java:269)
        at java.base@21.0.6/java.util.concurrent.locks.AbstractQueuedSynchronizer$ConditionObject.awaitNanos(AbstractQueuedSynchronizer.java:1763)
        at java.base@21.0.6/java.util.concurrent.LinkedBlockingQueue.poll(LinkedBlockingQueue.java:460)
        at app//org.apache.hadoop.ipc.CallQueueManager.take(CallQueueManager.java:370)
        at app//org.apache.hadoop.ipc.Server$Handler.run(Server.java:3165)
"IPC Server handler 17 on default port 15000" daemon prio=5 tid=131 timed_waiting
java.lang.Thread.State: TIMED_WAITING
        at java.base@21.0.6/jdk.internal.misc.Unsafe.park(Native Method)
        at java.base@21.0.6/java.util.concurrent.locks.LockSupport.parkNanos(LockSupport.java:269)
        at java.base@21.0.6/java.util.concurrent.locks.AbstractQueuedSynchronizer$ConditionObject.awaitNanos(AbstractQueuedSynchronizer.java:1763)
        at java.base@21.0.6/java.util.concurrent.LinkedBlockingQueue.poll(LinkedBlockingQueue.java:460)
        at app//org.apache.hadoop.ipc.CallQueueManager.take(CallQueueManager.java:370)
        at app//org.apache.hadoop.ipc.Server$Handler.run(Server.java:3165)
"IPC Server handler 63 on default port 15000" daemon prio=5 tid=177 timed_waiting
java.lang.Thread.State: TIMED_WAITING
        at java.base@21.0.6/jdk.internal.misc.Unsafe.park(Native Method)
        at java.base@21.0.6/java.util.concurrent.locks.LockSupport.parkNanos(LockSupport.java:269)
        at java.base@21.0.6/java.util.concurrent.locks.AbstractQueuedSynchronizer$ConditionObject.awaitNanos(AbstractQueuedSynchronizer.java:1763)
        at java.base@21.0.6/java.util.concurrent.LinkedBlockingQueue.poll(LinkedBlockingQueue.java:460)
        at app//org.apache.hadoop.ipc.CallQueueManager.take(CallQueueManager.java:370)
        at app//org.apache.hadoop.ipc.Server$Handler.run(Server.java:3165)
"6b36f32d-918c-46a3-bfcb-888cb423c6dd-DatanodeReportManager-2" daemon prio=5 tid=600 in Object.wait()
java.lang.Thread.State: WAITING (on object monitor)
        at java.base@21.0.6/jdk.internal.misc.Unsafe.park(Native Method)
        at java.base@21.0.6/java.util.concurrent.locks.LockSupport.park(LockSupport.java:371)
        at java.base@21.0.6/java.util.concurrent.locks.AbstractQueuedSynchronizer$ConditionNode.block(AbstractQueuedSynchronizer.java:519)
        at java.base@21.0.6/java.util.concurrent.ForkJoinPool.unmanagedBlock(ForkJoinPool.java:3780)
        at java.base@21.0.6/java.util.concurrent.ForkJoinPool.managedBlock(ForkJoinPool.java:3725)
        at java.base@21.0.6/java.util.concurrent.locks.AbstractQueuedSynchronizer$ConditionObject.await(AbstractQueuedSynchronizer.java:1712)
        at java.base@21.0.6/java.util.concurrent.ScheduledThreadPoolExecutor$DelayedWorkQueue.take(ScheduledThreadPoolExecutor.java:1177)
        at java.base@21.0.6/java.util.concurrent.ScheduledThreadPoolExecutor$DelayedWorkQueue.take(ScheduledThreadPoolExecutor.java:899)
        at java.base@21.0.6/java.util.concurrent.ThreadPoolExecutor.getTask(ThreadPoolExecutor.java:1070)
        at java.base@21.0.6/java.util.concurrent.ThreadPoolExecutor.runWorker(ThreadPoolExecutor.java:1130)
        at java.base@21.0.6/java.util.concurrent.ThreadPoolExecutor$Worker.run(ThreadPoolExecutor.java:642)
        at java.base@21.0.6/java.lang.Thread.runWith(Thread.java:1596)
        at java.base@21.0.6/java.lang.Thread.run(Thread.java:1583)
"eb965ba7-12a8-46f3-92c0-bc6ff5b3bf3b-DatanodeReportManager-3" daemon prio=5 tid=649 in Object.wait()
java.lang.Thread.State: WAITING (on object monitor)
        at java.base@21.0.6/jdk.internal.misc.Unsafe.park(Native Method)
        at java.base@21.0.6/java.util.concurrent.locks.LockSupport.park(LockSupport.java:371)
        at java.base@21.0.6/java.util.concurrent.locks.AbstractQueuedSynchronizer$ConditionNode.block(AbstractQueuedSynchronizer.java:519)
        at java.base@21.0.6/java.util.concurrent.ForkJoinPool.unmanagedBlock(ForkJoinPool.java:3780)
        at java.base@21.0.6/java.util.concurrent.ForkJoinPool.managedBlock(ForkJoinPool.java:3725)
        at java.base@21.0.6/java.util.concurrent.locks.AbstractQueuedSynchronizer$ConditionObject.await(AbstractQueuedSynchronizer.java:1712)
        at java.base@21.0.6/java.util.concurrent.ScheduledThreadPoolExecutor$DelayedWorkQueue.take(ScheduledThreadPoolExecutor.java:1177)
        at java.base@21.0.6/java.util.concurrent.ScheduledThreadPoolExecutor$DelayedWorkQueue.take(ScheduledThreadPoolExecutor.java:899)
        at java.base@21.0.6/java.util.concurrent.ThreadPoolExecutor.getTask(ThreadPoolExecutor.java:1070)
        at java.base@21.0.6/java.util.concurrent.ThreadPoolExecutor.runWorker(ThreadPoolExecutor.java:1130)
        at java.base@21.0.6/java.util.concurrent.ThreadPoolExecutor$Worker.run(ThreadPoolExecutor.java:642)
        at java.base@21.0.6/java.lang.Thread.runWith(Thread.java:1596)
        at java.base@21.0.6/java.lang.Thread.run(Thread.java:1583)
"IPC Server handler 15 on default port 15000" daemon prio=5 tid=129 timed_waiting
java.lang.Thread.State: TIMED_WAITING
        at java.base@21.0.6/jdk.internal.misc.Unsafe.park(Native Method)
        at java.base@21.0.6/java.util.concurrent.locks.LockSupport.parkNanos(LockSupport.java:269)
        at java.base@21.0.6/java.util.concurrent.locks.AbstractQueuedSynchronizer$ConditionObject.awaitNanos(AbstractQueuedSynchronizer.java:1763)
        at java.base@21.0.6/java.util.concurrent.LinkedBlockingQueue.poll(LinkedBlockingQueue.java:460)
        at app//org.apache.hadoop.ipc.CallQueueManager.take(CallQueueManager.java:370)
        at app//org.apache.hadoop.ipc.Server$Handler.run(Server.java:3165)
"IPC Server handler 8 on default port 15000" daemon prio=5 tid=122 timed_waiting
java.lang.Thread.State: TIMED_WAITING
        at java.base@21.0.6/jdk.internal.misc.Unsafe.park(Native Method)
        at java.base@21.0.6/java.util.concurrent.locks.LockSupport.parkNanos(LockSupport.java:269)
        at java.base@21.0.6/java.util.concurrent.locks.AbstractQueuedSynchronizer$ConditionObject.awaitNanos(AbstractQueuedSynchronizer.java:1763)
        at java.base@21.0.6/java.util.concurrent.LinkedBlockingQueue.poll(LinkedBlockingQueue.java:460)
        at app//org.apache.hadoop.ipc.CallQueueManager.take(CallQueueManager.java:370)
        at app//org.apache.hadoop.ipc.Server$Handler.run(Server.java:3165)
"IPC Server handler 65 on default port 15002" daemon prio=5 tid=397 timed_waiting
java.lang.Thread.State: TIMED_WAITING
        at java.base@21.0.6/jdk.internal.misc.Unsafe.park(Native Method)
        at java.base@21.0.6/java.util.concurrent.locks.LockSupport.parkNanos(LockSupport.java:269)
        at java.base@21.0.6/java.util.concurrent.locks.AbstractQueuedSynchronizer$ConditionObject.awaitNanos(AbstractQueuedSynchronizer.java:1763)
        at java.base@21.0.6/java.util.concurrent.LinkedBlockingQueue.poll(LinkedBlockingQueue.java:460)
        at app//org.apache.hadoop.ipc.CallQueueManager.take(CallQueueManager.java:370)
        at app//org.apache.hadoop.ipc.Server$Handler.run(Server.java:3165)
"IPC Server handler 23 on default port 15000" daemon prio=5 tid=137 timed_waiting
java.lang.Thread.State: TIMED_WAITING
        at java.base@21.0.6/jdk.internal.misc.Unsafe.park(Native Method)
        at java.base@21.0.6/java.util.concurrent.locks.LockSupport.parkNanos(LockSupport.java:269)
        at java.base@21.0.6/java.util.concurrent.locks.AbstractQueuedSynchronizer$ConditionObject.awaitNanos(AbstractQueuedSynchronizer.java:1763)
        at java.base@21.0.6/java.util.concurrent.LinkedBlockingQueue.poll(LinkedBlockingQueue.java:460)
        at app//org.apache.hadoop.ipc.CallQueueManager.take(CallQueueManager.java:370)
        at app//org.apache.hadoop.ipc.Server$Handler.run(Server.java:3165)
"IPC Server handler 51 on default port 15000" daemon prio=5 tid=165 timed_waiting
java.lang.Thread.State: TIMED_WAITING
        at java.base@21.0.6/jdk.internal.misc.Unsafe.park(Native Method)
        at java.base@21.0.6/java.util.concurrent.locks.LockSupport.parkNanos(LockSupport.java:269)
        at java.base@21.0.6/java.util.concurrent.locks.AbstractQueuedSynchronizer$ConditionObject.awaitNanos(AbstractQueuedSynchronizer.java:1763)
        at java.base@21.0.6/java.util.concurrent.LinkedBlockingQueue.poll(LinkedBlockingQueue.java:460)
        at app//org.apache.hadoop.ipc.CallQueueManager.take(CallQueueManager.java:370)
        at app//org.apache.hadoop.ipc.Server$Handler.run(Server.java:3165)
"StaleRecoveringContainerScrubbingService#2" daemon prio=5 tid=1822 in Object.wait()
java.lang.Thread.State: WAITING (on object monitor)
        at java.base@21.0.6/jdk.internal.misc.Unsafe.park(Native Method)
        at java.base@21.0.6/java.util.concurrent.locks.LockSupport.park(LockSupport.java:371)
        at java.base@21.0.6/java.util.concurrent.locks.AbstractQueuedSynchronizer$ConditionNode.block(AbstractQueuedSynchronizer.java:519)
        at java.base@21.0.6/java.util.concurrent.ForkJoinPool.unmanagedBlock(ForkJoinPool.java:3780)
        at java.base@21.0.6/java.util.concurrent.ForkJoinPool.managedBlock(ForkJoinPool.java:3725)
        at java.base@21.0.6/java.util.concurrent.locks.AbstractQueuedSynchronizer$ConditionObject.await(AbstractQueuedSynchronizer.java:1712)
        at java.base@21.0.6/java.util.concurrent.ScheduledThreadPoolExecutor$DelayedWorkQueue.take(ScheduledThreadPoolExecutor.java:1177)
        at java.base@21.0.6/java.util.concurrent.ScheduledThreadPoolExecutor$DelayedWorkQueue.take(ScheduledThreadPoolExecutor.java:899)
        at java.base@21.0.6/java.util.concurrent.ThreadPoolExecutor.getTask(ThreadPoolExecutor.java:1070)
        at java.base@21.0.6/java.util.concurrent.ThreadPoolExecutor.runWorker(ThreadPoolExecutor.java:1130)
        at java.base@21.0.6/java.util.concurrent.ThreadPoolExecutor$Worker.run(ThreadPoolExecutor.java:642)
        at java.base@21.0.6/java.lang.Thread.runWith(Thread.java:1596)
        at java.base@21.0.6/java.lang.Thread.run(Thread.java:1583)
"Notification Thread" daemon prio=9 tid=22 runnable
java.lang.Thread.State: RUNNABLE
"IPC Server handler 15 on default port 15006" daemon prio=5 tid=506 timed_waiting
java.lang.Thread.State: TIMED_WAITING
        at java.base@21.0.6/jdk.internal.misc.Unsafe.park(Native Method)
        at java.base@21.0.6/java.util.concurrent.locks.LockSupport.parkNanos(LockSupport.java:269)
        at java.base@21.0.6/java.util.concurrent.locks.AbstractQueuedSynchronizer$ConditionObject.awaitNanos(AbstractQueuedSynchronizer.java:1763)
        at java.base@21.0.6/java.util.concurrent.LinkedBlockingQueue.poll(LinkedBlockingQueue.java:460)
        at app//org.apache.hadoop.ipc.CallQueueManager.take(CallQueueManager.java:370)
        at app//org.apache.hadoop.ipc.Server$Handler.run(Server.java:3165)
"IPC Server handler 6 on default port 15002" daemon prio=5 tid=338 timed_waiting
java.lang.Thread.State: TIMED_WAITING
        at java.base@21.0.6/jdk.internal.misc.Unsafe.park(Native Method)
        at java.base@21.0.6/java.util.concurrent.locks.LockSupport.parkNanos(LockSupport.java:269)
        at java.base@21.0.6/java.util.concurrent.locks.AbstractQueuedSynchronizer$ConditionObject.awaitNanos(AbstractQueuedSynchronizer.java:1763)
        at java.base@21.0.6/java.util.concurrent.LinkedBlockingQueue.poll(LinkedBlockingQueue.java:460)
        at app//org.apache.hadoop.ipc.CallQueueManager.take(CallQueueManager.java:370)
        at app//org.apache.hadoop.ipc.Server$Handler.run(Server.java:3165)
"IPC Server handler 57 on default port 15002" daemon prio=5 tid=389 timed_waiting
java.lang.Thread.State: TIMED_WAITING
        at java.base@21.0.6/jdk.internal.misc.Unsafe.park(Native Method)
        at java.base@21.0.6/java.util.concurrent.locks.LockSupport.parkNanos(LockSupport.java:269)
        at java.base@21.0.6/java.util.concurrent.locks.AbstractQueuedSynchronizer$ConditionObject.awaitNanos(AbstractQueuedSynchronizer.java:1763)
        at java.base@21.0.6/java.util.concurrent.LinkedBlockingQueue.poll(LinkedBlockingQueue.java:460)
        at app//org.apache.hadoop.ipc.CallQueueManager.take(CallQueueManager.java:370)
        at app//org.apache.hadoop.ipc.Server$Handler.run(Server.java:3165)
"IPC Server listener on 15030" daemon prio=5 tid=621 runnable
java.lang.Thread.State: RUNNABLE
        at java.base@21.0.6/sun.nio.ch.EPoll.wait(Native Method)
        at java.base@21.0.6/sun.nio.ch.EPollSelectorImpl.doSelect(EPollSelectorImpl.java:121)
        at java.base@21.0.6/sun.nio.ch.SelectorImpl.lockAndDoSelect(SelectorImpl.java:130)
        at java.base@21.0.6/sun.nio.ch.SelectorImpl.select(SelectorImpl.java:147)
        at app//org.apache.hadoop.ipc.Server$Listener.run(Server.java:1559)
"2fdf8a61-8d2a-4048-aa8e-d82d5837d34a-server-thread1" daemon prio=5 tid=1416 timed_waiting
java.lang.Thread.State: TIMED_WAITING
        at java.base@21.0.6/jdk.internal.misc.Unsafe.park(Native Method)
        at java.base@21.0.6/java.util.concurrent.locks.LockSupport.parkNanos(LockSupport.java:410)
        at java.base@21.0.6/java.util.concurrent.LinkedTransferQueue$DualNode.await(LinkedTransferQueue.java:452)
        at java.base@21.0.6/java.util.concurrent.SynchronousQueue$Transferer.xferLifo(SynchronousQueue.java:194)
        at java.base@21.0.6/java.util.concurrent.SynchronousQueue.xfer(SynchronousQueue.java:235)
        at java.base@21.0.6/java.util.concurrent.SynchronousQueue.poll(SynchronousQueue.java:338)
        at java.base@21.0.6/java.util.concurrent.ThreadPoolExecutor.getTask(ThreadPoolExecutor.java:1069)
        at java.base@21.0.6/java.util.concurrent.ThreadPoolExecutor.runWorker(ThreadPoolExecutor.java:1130)
        at java.base@21.0.6/java.util.concurrent.ThreadPoolExecutor$Worker.run(ThreadPoolExecutor.java:642)
        at java.base@21.0.6/java.lang.Thread.runWith(Thread.java:1596)
        at java.base@21.0.6/java.lang.Thread.run(Thread.java:1583)
"6b36f32d-918c-46a3-bfcb-888cb423c6dd-ContainerOp-e1fc892c-095b-4650-8f0f-81341f4e2824-4"  prio=5 tid=2298 in Object.wait()
java.lang.Thread.State: WAITING (on object monitor)
        at java.base@21.0.6/jdk.internal.misc.Unsafe.park(Native Method)
        at java.base@21.0.6/java.util.concurrent.locks.LockSupport.park(LockSupport.java:371)
        at java.base@21.0.6/java.util.concurrent.locks.AbstractQueuedSynchronizer$ConditionNode.block(AbstractQueuedSynchronizer.java:519)
        at java.base@21.0.6/java.util.concurrent.ForkJoinPool.unmanagedBlock(ForkJoinPool.java:3780)
        at java.base@21.0.6/java.util.concurrent.ForkJoinPool.managedBlock(ForkJoinPool.java:3725)
        at java.base@21.0.6/java.util.concurrent.locks.AbstractQueuedSynchronizer$ConditionObject.await(AbstractQueuedSynchronizer.java:1712)
        at java.base@21.0.6/java.util.concurrent.LinkedBlockingQueue.take(LinkedBlockingQueue.java:435)
        at java.base@21.0.6/java.util.concurrent.ThreadPoolExecutor.getTask(ThreadPoolExecutor.java:1070)
        at java.base@21.0.6/java.util.concurrent.ThreadPoolExecutor.runWorker(ThreadPoolExecutor.java:1130)
        at java.base@21.0.6/java.util.concurrent.ThreadPoolExecutor$Worker.run(ThreadPoolExecutor.java:642)
        at java.base@21.0.6/java.lang.Thread.runWith(Thread.java:1596)
        at java.base@21.0.6/java.lang.Thread.run(Thread.java:1583)
"IPC Server handler 93 on default port 15002" daemon prio=5 tid=425 timed_waiting
java.lang.Thread.State: TIMED_WAITING
        at java.base@21.0.6/jdk.internal.misc.Unsafe.park(Native Method)
        at java.base@21.0.6/java.util.concurrent.locks.LockSupport.parkNanos(LockSupport.java:269)
        at java.base@21.0.6/java.util.concurrent.locks.AbstractQueuedSynchronizer$ConditionObject.awaitNanos(AbstractQueuedSynchronizer.java:1763)
        at java.base@21.0.6/java.util.concurrent.LinkedBlockingQueue.poll(LinkedBlockingQueue.java:460)
        at app//org.apache.hadoop.ipc.CallQueueManager.take(CallQueueManager.java:370)
        at app//org.apache.hadoop.ipc.Server$Handler.run(Server.java:3165)
"Socket Reader #3 for port 15001"  prio=5 tid=72 runnable
java.lang.Thread.State: RUNNABLE
        at java.base@21.0.6/sun.nio.ch.EPoll.wait(Native Method)
        at java.base@21.0.6/sun.nio.ch.EPollSelectorImpl.doSelect(EPollSelectorImpl.java:121)
        at java.base@21.0.6/sun.nio.ch.SelectorImpl.lockAndDoSelect(SelectorImpl.java:130)
        at java.base@21.0.6/sun.nio.ch.SelectorImpl.select(SelectorImpl.java:147)
        at app//org.apache.hadoop.ipc.Server$Listener$Reader.doRunLoop(Server.java:1497)
        at app//org.apache.hadoop.ipc.Server$Listener$Reader.run(Server.java:1476)
"42086d8c-c943-47d6-a5f9-799709872375-ChunkWriter-0-0" daemon prio=5 tid=1056 in Object.wait()
java.lang.Thread.State: WAITING (on object monitor)
        at java.base@21.0.6/jdk.internal.misc.Unsafe.park(Native Method)
        at java.base@21.0.6/java.util.concurrent.locks.LockSupport.park(LockSupport.java:371)
        at java.base@21.0.6/java.util.concurrent.locks.AbstractQueuedSynchronizer$ConditionNode.block(AbstractQueuedSynchronizer.java:519)
        at java.base@21.0.6/java.util.concurrent.ForkJoinPool.unmanagedBlock(ForkJoinPool.java:3780)
        at java.base@21.0.6/java.util.concurrent.ForkJoinPool.managedBlock(ForkJoinPool.java:3725)
        at java.base@21.0.6/java.util.concurrent.locks.AbstractQueuedSynchronizer$ConditionObject.await(AbstractQueuedSynchronizer.java:1712)
        at java.base@21.0.6/java.util.concurrent.LinkedBlockingDeque.takeFirst(LinkedBlockingDeque.java:485)
        at java.base@21.0.6/java.util.concurrent.LinkedBlockingDeque.take(LinkedBlockingDeque.java:673)
        at java.base@21.0.6/java.util.concurrent.ThreadPoolExecutor.getTask(ThreadPoolExecutor.java:1070)
        at java.base@21.0.6/java.util.concurrent.ThreadPoolExecutor.runWorker(ThreadPoolExecutor.java:1130)
        at java.base@21.0.6/java.util.concurrent.ThreadPoolExecutor$Worker.run(ThreadPoolExecutor.java:642)
        at java.base@21.0.6/java.lang.Thread.runWith(Thread.java:1596)
        at java.base@21.0.6/java.lang.Thread.run(Thread.java:1583)
"49dd84ae-7ec9-4d92-bc53-345946144fea-DatanodeStateMachineDaemonThread" daemon prio=5 tid=2285 timed_waiting
java.lang.Thread.State: TIMED_WAITING
        at java.base@21.0.6/java.lang.Thread.sleep0(Native Method)
        at java.base@21.0.6/java.lang.Thread.sleep(Thread.java:509)
        at app//org.apache.hadoop.ozone.container.common.statemachine.DatanodeStateMachine.startStateMachineThread(DatanodeStateMachine.java:357)
        at app//org.apache.hadoop.ozone.container.common.statemachine.DatanodeStateMachine.lambda$startDaemon$1(DatanodeStateMachine.java:543)
        at app//org.apache.hadoop.ozone.container.common.statemachine.DatanodeStateMachine$$Lambda/0x00007f7e9c7d5a70.run(Unknown Source)
        at java.base@21.0.6/java.lang.Thread.runWith(Thread.java:1596)
        at java.base@21.0.6/java.lang.Thread.run(Thread.java:1583)
"IPC Server handler 51 on default port 15001" daemon prio=5 tid=265 timed_waiting
java.lang.Thread.State: TIMED_WAITING
        at java.base@21.0.6/jdk.internal.misc.Unsafe.park(Native Method)
        at java.base@21.0.6/java.util.concurrent.locks.LockSupport.parkNanos(LockSupport.java:269)
        at java.base@21.0.6/java.util.concurrent.locks.AbstractQueuedSynchronizer$ConditionObject.awaitNanos(AbstractQueuedSynchronizer.java:1763)
        at java.base@21.0.6/java.util.concurrent.LinkedBlockingQueue.poll(LinkedBlockingQueue.java:460)
        at app//org.apache.hadoop.ipc.CallQueueManager.take(CallQueueManager.java:370)
        at app//org.apache.hadoop.ipc.Server$Handler.run(Server.java:3165)
"IPC Server handler 72 on default port 15001" daemon prio=5 tid=286 timed_waiting
java.lang.Thread.State: TIMED_WAITING
        at java.base@21.0.6/jdk.internal.misc.Unsafe.park(Native Method)
        at java.base@21.0.6/java.util.concurrent.locks.LockSupport.parkNanos(LockSupport.java:269)
        at java.base@21.0.6/java.util.concurrent.locks.AbstractQueuedSynchronizer$ConditionObject.awaitNanos(AbstractQueuedSynchronizer.java:1763)
        at java.base@21.0.6/java.util.concurrent.LinkedBlockingQueue.poll(LinkedBlockingQueue.java:460)
        at app//org.apache.hadoop.ipc.CallQueueManager.take(CallQueueManager.java:370)
        at app//org.apache.hadoop.ipc.Server$Handler.run(Server.java:3165)
"IPC Server handler 81 on default port 15000" daemon prio=5 tid=195 timed_waiting
java.lang.Thread.State: TIMED_WAITING
        at java.base@21.0.6/jdk.internal.misc.Unsafe.park(Native Method)
        at java.base@21.0.6/java.util.concurrent.locks.LockSupport.parkNanos(LockSupport.java:269)
        at java.base@21.0.6/java.util.concurrent.locks.AbstractQueuedSynchronizer$ConditionObject.awaitNanos(AbstractQueuedSynchronizer.java:1763)
        at java.base@21.0.6/java.util.concurrent.LinkedBlockingQueue.poll(LinkedBlockingQueue.java:460)
        at app//org.apache.hadoop.ipc.CallQueueManager.take(CallQueueManager.java:370)
        at app//org.apache.hadoop.ipc.Server$Handler.run(Server.java:3165)
"IPC Server handler 67 on default port 15001" daemon prio=5 tid=281 timed_waiting
java.lang.Thread.State: TIMED_WAITING
        at java.base@21.0.6/jdk.internal.misc.Unsafe.park(Native Method)
        at java.base@21.0.6/java.util.concurrent.locks.LockSupport.parkNanos(LockSupport.java:269)
        at java.base@21.0.6/java.util.concurrent.locks.AbstractQueuedSynchronizer$ConditionObject.awaitNanos(AbstractQueuedSynchronizer.java:1763)
        at java.base@21.0.6/java.util.concurrent.LinkedBlockingQueue.poll(LinkedBlockingQueue.java:460)
        at app//org.apache.hadoop.ipc.CallQueueManager.take(CallQueueManager.java:370)
        at app//org.apache.hadoop.ipc.Server$Handler.run(Server.java:3165)
"grpc-default-worker-ELG-3-3" daemon prio=5 tid=1178 runnable
java.lang.Thread.State: RUNNABLE
        at app//org.apache.ratis.thirdparty.io.netty.channel.epoll.Native.epollWait0(Native Method)
        at app//org.apache.ratis.thirdparty.io.netty.channel.epoll.Native.epollWait(Native.java:193)
        at app//org.apache.ratis.thirdparty.io.netty.channel.epoll.EpollEventLoop.epollWait(EpollEventLoop.java:304)
        at app//org.apache.ratis.thirdparty.io.netty.channel.epoll.EpollEventLoop.run(EpollEventLoop.java:368)
        at app//org.apache.ratis.thirdparty.io.netty.util.concurrent.SingleThreadEventExecutor$4.run(SingleThreadEventExecutor.java:997)
        at app//org.apache.ratis.thirdparty.io.netty.util.internal.ThreadExecutorMap$2.run(ThreadExecutorMap.java:74)
        at app//org.apache.ratis.thirdparty.io.netty.util.concurrent.FastThreadLocalRunnable.run(FastThreadLocalRunnable.java:30)
        at java.base@21.0.6/java.lang.Thread.runWith(Thread.java:1596)
        at java.base@21.0.6/java.lang.Thread.run(Thread.java:1583)
"om1-DirectoryDeletingService#1" daemon prio=5 tid=469 in Object.wait()
java.lang.Thread.State: WAITING (on object monitor)
        at java.base@21.0.6/jdk.internal.misc.Unsafe.park(Native Method)
        at java.base@21.0.6/java.util.concurrent.locks.LockSupport.park(LockSupport.java:371)
        at java.base@21.0.6/java.util.concurrent.locks.AbstractQueuedSynchronizer$ConditionNode.block(AbstractQueuedSynchronizer.java:519)
        at java.base@21.0.6/java.util.concurrent.ForkJoinPool.unmanagedBlock(ForkJoinPool.java:3780)
        at java.base@21.0.6/java.util.concurrent.ForkJoinPool.managedBlock(ForkJoinPool.java:3725)
        at java.base@21.0.6/java.util.concurrent.locks.AbstractQueuedSynchronizer$ConditionObject.await(AbstractQueuedSynchronizer.java:1712)
        at java.base@21.0.6/java.util.concurrent.ScheduledThreadPoolExecutor$DelayedWorkQueue.take(ScheduledThreadPoolExecutor.java:1177)
        at java.base@21.0.6/java.util.concurrent.ScheduledThreadPoolExecutor$DelayedWorkQueue.take(ScheduledThreadPoolExecutor.java:899)
        at java.base@21.0.6/java.util.concurrent.ThreadPoolExecutor.getTask(ThreadPoolExecutor.java:1070)
        at java.base@21.0.6/java.util.concurrent.ThreadPoolExecutor.runWorker(ThreadPoolExecutor.java:1130)
        at java.base@21.0.6/java.util.concurrent.ThreadPoolExecutor$Worker.run(ThreadPoolExecutor.java:642)
        at java.base@21.0.6/java.lang.Thread.runWith(Thread.java:1596)
        at java.base@21.0.6/java.lang.Thread.run(Thread.java:1583)
"eb965ba7-12a8-46f3-92c0-bc6ff5b3bf3b@group-E8C058E7E074-LeaderStateImpl" daemon prio=5 tid=1383 timed_waiting
java.lang.Thread.State: TIMED_WAITING
        at java.base@21.0.6/jdk.internal.misc.Unsafe.park(Native Method)
        at java.base@21.0.6/java.util.concurrent.locks.LockSupport.parkNanos(LockSupport.java:269)
        at java.base@21.0.6/java.util.concurrent.locks.AbstractQueuedSynchronizer$ConditionObject.awaitNanos(AbstractQueuedSynchronizer.java:1763)
        at java.base@21.0.6/java.util.concurrent.ArrayBlockingQueue.poll(ArrayBlockingQueue.java:435)
        at app//org.apache.ratis.server.impl.LeaderStateImpl$EventQueue.poll(LeaderStateImpl.java:164)
        at app//org.apache.ratis.server.impl.LeaderStateImpl$EventProcessor.run(LeaderStateImpl.java:763)
"e20a886d-0459-4371-959f-f9bdb6931571-BlockDeletingService#3" daemon prio=5 tid=2190 in Object.wait()
java.lang.Thread.State: WAITING (on object monitor)
        at java.base@21.0.6/jdk.internal.misc.Unsafe.park(Native Method)
        at java.base@21.0.6/java.util.concurrent.locks.LockSupport.park(LockSupport.java:371)
        at java.base@21.0.6/java.util.concurrent.locks.AbstractQueuedSynchronizer$ConditionNode.block(AbstractQueuedSynchronizer.java:519)
        at java.base@21.0.6/java.util.concurrent.ForkJoinPool.unmanagedBlock(ForkJoinPool.java:3780)
        at java.base@21.0.6/java.util.concurrent.ForkJoinPool.managedBlock(ForkJoinPool.java:3725)
        at java.base@21.0.6/java.util.concurrent.locks.AbstractQueuedSynchronizer$ConditionObject.await(AbstractQueuedSynchronizer.java:1712)
        at java.base@21.0.6/java.util.concurrent.ScheduledThreadPoolExecutor$DelayedWorkQueue.take(ScheduledThreadPoolExecutor.java:1177)
        at java.base@21.0.6/java.util.concurrent.ScheduledThreadPoolExecutor$DelayedWorkQueue.take(ScheduledThreadPoolExecutor.java:899)
        at java.base@21.0.6/java.util.concurrent.ThreadPoolExecutor.getTask(ThreadPoolExecutor.java:1070)
        at java.base@21.0.6/java.util.concurrent.ThreadPoolExecutor.runWorker(ThreadPoolExecutor.java:1130)
        at java.base@21.0.6/java.util.concurrent.ThreadPoolExecutor$Worker.run(ThreadPoolExecutor.java:642)
        at java.base@21.0.6/java.lang.Thread.runWith(Thread.java:1596)
        at java.base@21.0.6/java.lang.Thread.run(Thread.java:1583)
"2fdf8a61-8d2a-4048-aa8e-d82d5837d34a-ContainerOp-9e09d6a8-9742-4eee-8124-a68b45278972-2"  prio=5 tid=2140 in Object.wait()
java.lang.Thread.State: WAITING (on object monitor)
        at java.base@21.0.6/jdk.internal.misc.Unsafe.park(Native Method)
        at java.base@21.0.6/java.util.concurrent.locks.LockSupport.park(LockSupport.java:371)
        at java.base@21.0.6/java.util.concurrent.locks.AbstractQueuedSynchronizer$ConditionNode.block(AbstractQueuedSynchronizer.java:519)
        at java.base@21.0.6/java.util.concurrent.ForkJoinPool.unmanagedBlock(ForkJoinPool.java:3780)
        at java.base@21.0.6/java.util.concurrent.ForkJoinPool.managedBlock(ForkJoinPool.java:3725)
        at java.base@21.0.6/java.util.concurrent.locks.AbstractQueuedSynchronizer$ConditionObject.await(AbstractQueuedSynchronizer.java:1712)
        at java.base@21.0.6/java.util.concurrent.LinkedBlockingQueue.take(LinkedBlockingQueue.java:435)
        at java.base@21.0.6/java.util.concurrent.ThreadPoolExecutor.getTask(ThreadPoolExecutor.java:1070)
        at java.base@21.0.6/java.util.concurrent.ThreadPoolExecutor.runWorker(ThreadPoolExecutor.java:1130)
        at java.base@21.0.6/java.util.concurrent.ThreadPoolExecutor$Worker.run(ThreadPoolExecutor.java:642)
        at java.base@21.0.6/java.lang.Thread.runWith(Thread.java:1596)
        at java.base@21.0.6/java.lang.Thread.run(Thread.java:1583)
"49dd84ae-7ec9-4d92-bc53-345946144fea-impl-thread1"  prio=5 tid=2239 timed_waiting
java.lang.Thread.State: TIMED_WAITING
        at java.base@21.0.6/jdk.internal.misc.Unsafe.park(Native Method)
        at java.base@21.0.6/java.util.concurrent.locks.LockSupport.parkNanos(LockSupport.java:410)
        at java.base@21.0.6/java.util.concurrent.LinkedTransferQueue$DualNode.await(LinkedTransferQueue.java:452)
        at java.base@21.0.6/java.util.concurrent.SynchronousQueue$Transferer.xferLifo(SynchronousQueue.java:194)
        at java.base@21.0.6/java.util.concurrent.SynchronousQueue.xfer(SynchronousQueue.java:235)
        at java.base@21.0.6/java.util.concurrent.SynchronousQueue.poll(SynchronousQueue.java:338)
        at java.base@21.0.6/java.util.concurrent.ThreadPoolExecutor.getTask(ThreadPoolExecutor.java:1069)
        at java.base@21.0.6/java.util.concurrent.ThreadPoolExecutor.runWorker(ThreadPoolExecutor.java:1130)
        at java.base@21.0.6/java.util.concurrent.ThreadPoolExecutor$Worker.run(ThreadPoolExecutor.java:642)
        at java.base@21.0.6/java.lang.Thread.runWith(Thread.java:1596)
        at java.base@21.0.6/java.lang.Thread.run(Thread.java:1583)
"qtp1705364626-659" daemon prio=5 tid=659 runnable
java.lang.Thread.State: RUNNABLE
        at java.base@21.0.6/sun.nio.ch.EPoll.wait(Native Method)
        at java.base@21.0.6/sun.nio.ch.EPollSelectorImpl.doSelect(EPollSelectorImpl.java:121)
        at java.base@21.0.6/sun.nio.ch.SelectorImpl.lockAndDoSelect(SelectorImpl.java:130)
        at java.base@21.0.6/sun.nio.ch.SelectorImpl.select(SelectorImpl.java:147)
        at app//org.eclipse.jetty.io.ManagedSelector.nioSelect(ManagedSelector.java:183)
        at app//org.eclipse.jetty.io.ManagedSelector.select(ManagedSelector.java:190)
        at app//org.eclipse.jetty.io.ManagedSelector$SelectorProducer.select(ManagedSelector.java:606)
        at app//org.eclipse.jetty.io.ManagedSelector$SelectorProducer.produce(ManagedSelector.java:543)
        at app//org.eclipse.jetty.util.thread.strategy.EatWhatYouKill.produceTask(EatWhatYouKill.java:362)
        at app//org.eclipse.jetty.util.thread.strategy.EatWhatYouKill.doProduce(EatWhatYouKill.java:186)
        at app//org.eclipse.jetty.util.thread.strategy.EatWhatYouKill.tryProduce(EatWhatYouKill.java:173)
        at app//org.eclipse.jetty.util.thread.strategy.EatWhatYouKill.produce(EatWhatYouKill.java:137)
        at app//org.eclipse.jetty.io.ManagedSelector$$Lambda/0x00007f7e9c660000.run(Unknown Source)
        at app//org.eclipse.jetty.util.thread.QueuedThreadPool.runJob(QueuedThreadPool.java:883)
        at app//org.eclipse.jetty.util.thread.QueuedThreadPool$Runner.run(QueuedThreadPool.java:1034)
        at java.base@21.0.6/java.lang.Thread.runWith(Thread.java:1596)
        at java.base@21.0.6/java.lang.Thread.run(Thread.java:1583)
"IPC Server handler 81 on default port 15001" daemon prio=5 tid=295 timed_waiting
java.lang.Thread.State: TIMED_WAITING
        at java.base@21.0.6/jdk.internal.misc.Unsafe.park(Native Method)
        at java.base@21.0.6/java.util.concurrent.locks.LockSupport.parkNanos(LockSupport.java:269)
        at java.base@21.0.6/java.util.concurrent.locks.AbstractQueuedSynchronizer$ConditionObject.awaitNanos(AbstractQueuedSynchronizer.java:1763)
        at java.base@21.0.6/java.util.concurrent.LinkedBlockingQueue.poll(LinkedBlockingQueue.java:460)
        at app//org.apache.hadoop.ipc.CallQueueManager.take(CallQueueManager.java:370)
        at app//org.apache.hadoop.ipc.Server$Handler.run(Server.java:3165)
"IPC Server handler 0 on default port 15002" daemon prio=5 tid=332 timed_waiting
java.lang.Thread.State: TIMED_WAITING
        at java.base@21.0.6/jdk.internal.misc.Unsafe.park(Native Method)
        at java.base@21.0.6/java.util.concurrent.locks.LockSupport.parkNanos(LockSupport.java:269)
        at java.base@21.0.6/java.util.concurrent.locks.AbstractQueuedSynchronizer$ConditionObject.awaitNanos(AbstractQueuedSynchronizer.java:1763)
        at java.base@21.0.6/java.util.concurrent.LinkedBlockingQueue.poll(LinkedBlockingQueue.java:460)
        at app//org.apache.hadoop.ipc.CallQueueManager.take(CallQueueManager.java:370)
        at app//org.apache.hadoop.ipc.Server$Handler.run(Server.java:3165)
"Hadoop-Metrics-Updater-0" daemon prio=5 tid=956 timed_waiting
java.lang.Thread.State: TIMED_WAITING
        at java.base@21.0.6/jdk.internal.misc.Unsafe.park(Native Method)
        at java.base@21.0.6/java.util.concurrent.locks.LockSupport.parkNanos(LockSupport.java:269)
        at java.base@21.0.6/java.util.concurrent.locks.AbstractQueuedSynchronizer$ConditionObject.awaitNanos(AbstractQueuedSynchronizer.java:1763)
        at java.base@21.0.6/java.util.concurrent.ScheduledThreadPoolExecutor$DelayedWorkQueue.take(ScheduledThreadPoolExecutor.java:1182)
        at java.base@21.0.6/java.util.concurrent.ScheduledThreadPoolExecutor$DelayedWorkQueue.take(ScheduledThreadPoolExecutor.java:899)
        at java.base@21.0.6/java.util.concurrent.ThreadPoolExecutor.getTask(ThreadPoolExecutor.java:1070)
        at java.base@21.0.6/java.util.concurrent.ThreadPoolExecutor.runWorker(ThreadPoolExecutor.java:1130)
        at java.base@21.0.6/java.util.concurrent.ThreadPoolExecutor$Worker.run(ThreadPoolExecutor.java:642)
        at java.base@21.0.6/java.lang.Thread.runWith(Thread.java:1596)
        at java.base@21.0.6/java.lang.Thread.run(Thread.java:1583)
"Socket Reader #9 for port 15000"  prio=5 tid=92 runnable
java.lang.Thread.State: RUNNABLE
        at java.base@21.0.6/sun.nio.ch.EPoll.wait(Native Method)
        at java.base@21.0.6/sun.nio.ch.EPollSelectorImpl.doSelect(EPollSelectorImpl.java:121)
        at java.base@21.0.6/sun.nio.ch.SelectorImpl.lockAndDoSelect(SelectorImpl.java:130)
        at java.base@21.0.6/sun.nio.ch.SelectorImpl.select(SelectorImpl.java:147)
        at app//org.apache.hadoop.ipc.Server$Listener$Reader.doRunLoop(Server.java:1497)
        at app//org.apache.hadoop.ipc.Server$Listener$Reader.run(Server.java:1476)
"StaleRecoveringContainerScrubbingService#0" daemon prio=5 tid=1063 timed_waiting
java.lang.Thread.State: TIMED_WAITING
        at java.base@21.0.6/jdk.internal.misc.Unsafe.park(Native Method)
        at java.base@21.0.6/java.util.concurrent.locks.LockSupport.parkNanos(LockSupport.java:269)
        at java.base@21.0.6/java.util.concurrent.locks.AbstractQueuedSynchronizer$ConditionObject.awaitNanos(AbstractQueuedSynchronizer.java:1763)
        at java.base@21.0.6/java.util.concurrent.ScheduledThreadPoolExecutor$DelayedWorkQueue.take(ScheduledThreadPoolExecutor.java:1182)
        at java.base@21.0.6/java.util.concurrent.ScheduledThreadPoolExecutor$DelayedWorkQueue.take(ScheduledThreadPoolExecutor.java:899)
        at java.base@21.0.6/java.util.concurrent.ThreadPoolExecutor.getTask(ThreadPoolExecutor.java:1070)
        at java.base@21.0.6/java.util.concurrent.ThreadPoolExecutor.runWorker(ThreadPoolExecutor.java:1130)
        at java.base@21.0.6/java.util.concurrent.ThreadPoolExecutor$Worker.run(ThreadPoolExecutor.java:642)
        at java.base@21.0.6/java.lang.Thread.runWith(Thread.java:1596)
        at java.base@21.0.6/java.lang.Thread.run(Thread.java:1583)
"Finalizer" daemon prio=8 tid=10 in Object.wait()
java.lang.Thread.State: WAITING (on object monitor)
        at java.base@21.0.6/java.lang.Object.wait0(Native Method)
        at java.base@21.0.6/java.lang.Object.wait(Object.java:366)
        at java.base@21.0.6/java.lang.Object.wait(Object.java:339)
        at java.base@21.0.6/java.lang.ref.NativeReferenceQueue.await(NativeReferenceQueue.java:48)
        at java.base@21.0.6/java.lang.ref.ReferenceQueue.remove0(ReferenceQueue.java:158)
        at java.base@21.0.6/java.lang.ref.NativeReferenceQueue.remove(NativeReferenceQueue.java:89)
        at java.base@21.0.6/java.lang.ref.Finalizer$FinalizerThread.run(Finalizer.java:173)
"Socket Reader #6 for port 15006"  prio=5 tid=448 runnable
java.lang.Thread.State: RUNNABLE
        at java.base@21.0.6/sun.nio.ch.EPoll.wait(Native Method)
        at java.base@21.0.6/sun.nio.ch.EPollSelectorImpl.doSelect(EPollSelectorImpl.java:121)
        at java.base@21.0.6/sun.nio.ch.SelectorImpl.lockAndDoSelect(SelectorImpl.java:130)
        at java.base@21.0.6/sun.nio.ch.SelectorImpl.select(SelectorImpl.java:147)
        at app//org.apache.hadoop.ipc.Server$Listener$Reader.doRunLoop(Server.java:1497)
        at app//org.apache.hadoop.ipc.Server$Listener$Reader.run(Server.java:1476)
"2dcfdddc-a76f-4d49-b174-7a2bddacee37-ContainerOp-9e09d6a8-9742-4eee-8124-a68b45278972-2"  prio=5 tid=2139 in Object.wait()
java.lang.Thread.State: WAITING (on object monitor)
        at java.base@21.0.6/jdk.internal.misc.Unsafe.park(Native Method)
        at java.base@21.0.6/java.util.concurrent.locks.LockSupport.park(LockSupport.java:371)
        at java.base@21.0.6/java.util.concurrent.locks.AbstractQueuedSynchronizer$ConditionNode.block(AbstractQueuedSynchronizer.java:519)
        at java.base@21.0.6/java.util.concurrent.ForkJoinPool.unmanagedBlock(ForkJoinPool.java:3780)
        at java.base@21.0.6/java.util.concurrent.ForkJoinPool.managedBlock(ForkJoinPool.java:3725)
        at java.base@21.0.6/java.util.concurrent.locks.AbstractQueuedSynchronizer$ConditionObject.await(AbstractQueuedSynchronizer.java:1712)
        at java.base@21.0.6/java.util.concurrent.LinkedBlockingQueue.take(LinkedBlockingQueue.java:435)
        at java.base@21.0.6/java.util.concurrent.ThreadPoolExecutor.getTask(ThreadPoolExecutor.java:1070)
        at java.base@21.0.6/java.util.concurrent.ThreadPoolExecutor.runWorker(ThreadPoolExecutor.java:1130)
        at java.base@21.0.6/java.util.concurrent.ThreadPoolExecutor$Worker.run(ThreadPoolExecutor.java:642)
        at java.base@21.0.6/java.lang.Thread.runWith(Thread.java:1596)
        at java.base@21.0.6/java.lang.Thread.run(Thread.java:1583)
"IPC Server handler 89 on default port 15001" daemon prio=5 tid=303 timed_waiting
java.lang.Thread.State: TIMED_WAITING
        at java.base@21.0.6/jdk.internal.misc.Unsafe.park(Native Method)
        at java.base@21.0.6/java.util.concurrent.locks.LockSupport.parkNanos(LockSupport.java:269)
        at java.base@21.0.6/java.util.concurrent.locks.AbstractQueuedSynchronizer$ConditionObject.awaitNanos(AbstractQueuedSynchronizer.java:1763)
        at java.base@21.0.6/java.util.concurrent.LinkedBlockingQueue.poll(LinkedBlockingQueue.java:460)
        at app//org.apache.hadoop.ipc.CallQueueManager.take(CallQueueManager.java:370)
        at app//org.apache.hadoop.ipc.Server$Handler.run(Server.java:3165)
"Socket Reader #5 for port 15057"  prio=5 tid=764 runnable
java.lang.Thread.State: RUNNABLE
        at java.base@21.0.6/sun.nio.ch.EPoll.wait(Native Method)
        at java.base@21.0.6/sun.nio.ch.EPollSelectorImpl.doSelect(EPollSelectorImpl.java:121)
        at java.base@21.0.6/sun.nio.ch.SelectorImpl.lockAndDoSelect(SelectorImpl.java:130)
        at java.base@21.0.6/sun.nio.ch.SelectorImpl.select(SelectorImpl.java:147)
        at app//org.apache.hadoop.ipc.Server$Listener$Reader.doRunLoop(Server.java:1497)
        at app//org.apache.hadoop.ipc.Server$Listener$Reader.run(Server.java:1476)
"qtp2029305492-617" daemon prio=5 tid=617 timed_waiting
java.lang.Thread.State: TIMED_WAITING
        at java.base@21.0.6/jdk.internal.misc.Unsafe.park(Native Method)
        at java.base@21.0.6/java.util.concurrent.locks.LockSupport.parkNanos(LockSupport.java:269)
        at java.base@21.0.6/java.util.concurrent.locks.AbstractQueuedSynchronizer$ConditionObject.awaitNanos(AbstractQueuedSynchronizer.java:1763)
        at app//org.eclipse.jetty.util.BlockingArrayQueue.poll(BlockingArrayQueue.java:382)
        at app//org.eclipse.jetty.util.thread.QueuedThreadPool$Runner.idleJobPoll(QueuedThreadPool.java:974)
        at app//org.eclipse.jetty.util.thread.QueuedThreadPool$Runner.run(QueuedThreadPool.java:1018)
        at java.base@21.0.6/java.lang.Thread.runWith(Thread.java:1596)
        at java.base@21.0.6/java.lang.Thread.run(Thread.java:1583)
"IPC Server handler 9 on default port 15057" daemon prio=5 tid=782 timed_waiting
java.lang.Thread.State: TIMED_WAITING
        at java.base@21.0.6/jdk.internal.misc.Unsafe.park(Native Method)
        at java.base@21.0.6/java.util.concurrent.locks.LockSupport.parkNanos(LockSupport.java:269)
        at java.base@21.0.6/java.util.concurrent.locks.AbstractQueuedSynchronizer$ConditionObject.awaitNanos(AbstractQueuedSynchronizer.java:1763)
        at java.base@21.0.6/java.util.concurrent.LinkedBlockingQueue.poll(LinkedBlockingQueue.java:460)
        at app//org.apache.hadoop.ipc.CallQueueManager.take(CallQueueManager.java:370)
        at app//org.apache.hadoop.ipc.Server$Handler.run(Server.java:3165)
"eb965ba7-12a8-46f3-92c0-bc6ff5b3bf3b-BlockDeletingService#1" daemon prio=5 tid=1028 in Object.wait()
java.lang.Thread.State: WAITING (on object monitor)
        at java.base@21.0.6/jdk.internal.misc.Unsafe.park(Native Method)
        at java.base@21.0.6/java.util.concurrent.locks.LockSupport.park(LockSupport.java:371)
        at java.base@21.0.6/java.util.concurrent.locks.AbstractQueuedSynchronizer$ConditionNode.block(AbstractQueuedSynchronizer.java:519)
        at java.base@21.0.6/java.util.concurrent.ForkJoinPool.unmanagedBlock(ForkJoinPool.java:3780)
        at java.base@21.0.6/java.util.concurrent.ForkJoinPool.managedBlock(ForkJoinPool.java:3725)
        at java.base@21.0.6/java.util.concurrent.locks.AbstractQueuedSynchronizer$ConditionObject.await(AbstractQueuedSynchronizer.java:1712)
        at java.base@21.0.6/java.util.concurrent.ScheduledThreadPoolExecutor$DelayedWorkQueue.take(ScheduledThreadPoolExecutor.java:1177)
        at java.base@21.0.6/java.util.concurrent.ScheduledThreadPoolExecutor$DelayedWorkQueue.take(ScheduledThreadPoolExecutor.java:899)
        at java.base@21.0.6/java.util.concurrent.ThreadPoolExecutor.getTask(ThreadPoolExecutor.java:1070)
        at java.base@21.0.6/java.util.concurrent.ThreadPoolExecutor.runWorker(ThreadPoolExecutor.java:1130)
        at java.base@21.0.6/java.util.concurrent.ThreadPoolExecutor$Worker.run(ThreadPoolExecutor.java:642)
        at java.base@21.0.6/java.lang.Thread.runWith(Thread.java:1596)
        at java.base@21.0.6/java.lang.Thread.run(Thread.java:1583)
"2fdf8a61-8d2a-4048-aa8e-d82d5837d34a@group-A68B45278972-SegmentedRaftLogWorker" daemon prio=5 tid=1249 timed_waiting
java.lang.Thread.State: TIMED_WAITING
        at java.base@21.0.6/jdk.internal.misc.Unsafe.park(Native Method)
        at java.base@21.0.6/java.util.concurrent.locks.LockSupport.parkNanos(LockSupport.java:269)
        at java.base@21.0.6/java.util.concurrent.locks.AbstractQueuedSynchronizer$ConditionObject.awaitNanos(AbstractQueuedSynchronizer.java:1763)
        at app//org.apache.ratis.util.DataBlockingQueue.poll(DataBlockingQueue.java:148)
        at app//org.apache.ratis.server.raftlog.segmented.SegmentedRaftLogWorker.run(SegmentedRaftLogWorker.java:307)
        at app//org.apache.ratis.server.raftlog.segmented.SegmentedRaftLogWorker$$Lambda/0x00007f7e9c334fd8.run(Unknown Source)
        at java.base@21.0.6/java.util.concurrent.Executors$RunnableAdapter.call(Executors.java:572)
        at java.base@21.0.6/java.util.concurrent.FutureTask.run(FutureTask.java:317)
        at java.base@21.0.6/java.util.concurrent.ThreadPoolExecutor.runWorker(ThreadPoolExecutor.java:1144)
        at java.base@21.0.6/java.util.concurrent.ThreadPoolExecutor$Worker.run(ThreadPoolExecutor.java:642)
        at java.base@21.0.6/java.lang.Thread.runWith(Thread.java:1596)
        at java.base@21.0.6/java.lang.Thread.run(Thread.java:1583)
"eb965ba7-12a8-46f3-92c0-bc6ff5b3bf3b-DatanodeReportManager-1" daemon prio=5 tid=647 timed_waiting
java.lang.Thread.State: TIMED_WAITING
        at java.base@21.0.6/jdk.internal.misc.Unsafe.park(Native Method)
        at java.base@21.0.6/java.util.concurrent.locks.LockSupport.parkNanos(LockSupport.java:269)
        at java.base@21.0.6/java.util.concurrent.locks.AbstractQueuedSynchronizer$ConditionObject.awaitNanos(AbstractQueuedSynchronizer.java:1763)
        at java.base@21.0.6/java.util.concurrent.ScheduledThreadPoolExecutor$DelayedWorkQueue.take(ScheduledThreadPoolExecutor.java:1182)
        at java.base@21.0.6/java.util.concurrent.ScheduledThreadPoolExecutor$DelayedWorkQueue.take(ScheduledThreadPoolExecutor.java:899)
        at java.base@21.0.6/java.util.concurrent.ThreadPoolExecutor.getTask(ThreadPoolExecutor.java:1070)
        at java.base@21.0.6/java.util.concurrent.ThreadPoolExecutor.runWorker(ThreadPoolExecutor.java:1130)
        at java.base@21.0.6/java.util.concurrent.ThreadPoolExecutor$Worker.run(ThreadPoolExecutor.java:642)
        at java.base@21.0.6/java.lang.Thread.runWith(Thread.java:1596)
        at java.base@21.0.6/java.lang.Thread.run(Thread.java:1583)
"qtp1616906553-706-acceptor-0@3511a93c-ServerConnector@4611fe60{HTTP/1.1, (http/1.1)}{0.0.0.0:15047}" daemon prio=3 tid=706 runnable
java.lang.Thread.State: RUNNABLE
        at java.base@21.0.6/sun.nio.ch.Net.accept(Native Method)
        at java.base@21.0.6/sun.nio.ch.ServerSocketChannelImpl.implAccept(ServerSocketChannelImpl.java:433)
        at java.base@21.0.6/sun.nio.ch.ServerSocketChannelImpl.accept(ServerSocketChannelImpl.java:399)
        at app//org.eclipse.jetty.server.ServerConnector.accept(ServerConnector.java:388)
        at app//org.eclipse.jetty.server.AbstractConnector$Acceptor.run(AbstractConnector.java:704)
        at app//org.eclipse.jetty.util.thread.QueuedThreadPool.runJob(QueuedThreadPool.java:883)
        at app//org.eclipse.jetty.util.thread.QueuedThreadPool$Runner.run(QueuedThreadPool.java:1034)
        at java.base@21.0.6/java.lang.Thread.runWith(Thread.java:1596)
        at java.base@21.0.6/java.lang.Thread.run(Thread.java:1583)
"qtp585405660-849" daemon prio=5 tid=849 timed_waiting
java.lang.Thread.State: TIMED_WAITING
        at java.base@21.0.6/jdk.internal.misc.Unsafe.park(Native Method)
        at java.base@21.0.6/java.util.concurrent.locks.LockSupport.parkNanos(LockSupport.java:269)
        at java.base@21.0.6/java.util.concurrent.locks.AbstractQueuedSynchronizer$ConditionObject.awaitNanos(AbstractQueuedSynchronizer.java:1763)
        at app//org.eclipse.jetty.util.BlockingArrayQueue.poll(BlockingArrayQueue.java:382)
        at app//org.eclipse.jetty.util.thread.QueuedThreadPool$Runner.idleJobPoll(QueuedThreadPool.java:974)
        at app//org.eclipse.jetty.util.thread.QueuedThreadPool$Runner.run(QueuedThreadPool.java:1018)
        at java.base@21.0.6/java.lang.Thread.runWith(Thread.java:1596)
        at java.base@21.0.6/java.lang.Thread.run(Thread.java:1583)
"49dd84ae-7ec9-4d92-bc53-345946144fea-PipelineCommandHandlerThread-0"  prio=5 tid=2368 in Object.wait()
java.lang.Thread.State: WAITING (on object monitor)
        at java.base@21.0.6/jdk.internal.misc.Unsafe.park(Native Method)
        at java.base@21.0.6/java.util.concurrent.locks.LockSupport.park(LockSupport.java:371)
        at java.base@21.0.6/java.util.concurrent.locks.AbstractQueuedSynchronizer$ConditionNode.block(AbstractQueuedSynchronizer.java:519)
        at java.base@21.0.6/java.util.concurrent.ForkJoinPool.unmanagedBlock(ForkJoinPool.java:3780)
        at java.base@21.0.6/java.util.concurrent.ForkJoinPool.managedBlock(ForkJoinPool.java:3725)
        at java.base@21.0.6/java.util.concurrent.locks.AbstractQueuedSynchronizer$ConditionObject.await(AbstractQueuedSynchronizer.java:1712)
        at java.base@21.0.6/java.util.concurrent.LinkedBlockingQueue.take(LinkedBlockingQueue.java:435)
        at java.base@21.0.6/java.util.concurrent.ThreadPoolExecutor.getTask(ThreadPoolExecutor.java:1070)
        at java.base@21.0.6/java.util.concurrent.ThreadPoolExecutor.runWorker(ThreadPoolExecutor.java:1130)
        at java.base@21.0.6/java.util.concurrent.ThreadPoolExecutor$Worker.run(ThreadPoolExecutor.java:642)
        at java.base@21.0.6/java.lang.Thread.runWith(Thread.java:1596)
        at java.base@21.0.6/java.lang.Thread.run(Thread.java:1583)
"6b36f32d-918c-46a3-bfcb-888cb423c6dd@group-B5B4EE72DAEF-StateMachineUpdater" daemon prio=5 tid=2041 timed_waiting
java.lang.Thread.State: TIMED_WAITING
        at java.base@21.0.6/jdk.internal.misc.Unsafe.park(Native Method)
        at java.base@21.0.6/java.util.concurrent.locks.LockSupport.parkNanos(LockSupport.java:269)
        at java.base@21.0.6/java.util.concurrent.locks.AbstractQueuedSynchronizer$ConditionObject.await(AbstractQueuedSynchronizer.java:1852)
        at app//org.apache.ratis.util.AwaitForSignal.await(AwaitForSignal.java:65)
        at app//org.apache.ratis.server.impl.StateMachineUpdater.waitForCommit(StateMachineUpdater.java:219)
        at app//org.apache.ratis.server.impl.StateMachineUpdater.run(StateMachineUpdater.java:187)
        at java.base@21.0.6/java.lang.Thread.runWith(Thread.java:1596)
        at java.base@21.0.6/java.lang.Thread.run(Thread.java:1583)
"2dcfdddc-a76f-4d49-b174-7a2bddacee37@group-5D3AD1A76108-LeaderStateImpl" daemon prio=5 tid=1385 timed_waiting
java.lang.Thread.State: TIMED_WAITING
        at java.base@21.0.6/jdk.internal.misc.Unsafe.park(Native Method)
        at java.base@21.0.6/java.util.concurrent.locks.LockSupport.parkNanos(LockSupport.java:269)
        at java.base@21.0.6/java.util.concurrent.locks.AbstractQueuedSynchronizer$ConditionObject.awaitNanos(AbstractQueuedSynchronizer.java:1763)
        at java.base@21.0.6/java.util.concurrent.ArrayBlockingQueue.poll(ArrayBlockingQueue.java:435)
        at app//org.apache.ratis.server.impl.LeaderStateImpl$EventQueue.poll(LeaderStateImpl.java:164)
        at app//org.apache.ratis.server.impl.LeaderStateImpl$EventProcessor.run(LeaderStateImpl.java:763)
"Socket Reader #1 for port 15006"  prio=5 tid=443 runnable
java.lang.Thread.State: RUNNABLE
        at java.base@21.0.6/sun.nio.ch.EPoll.wait(Native Method)
        at java.base@21.0.6/sun.nio.ch.EPollSelectorImpl.doSelect(EPollSelectorImpl.java:121)
        at java.base@21.0.6/sun.nio.ch.SelectorImpl.lockAndDoSelect(SelectorImpl.java:130)
        at java.base@21.0.6/sun.nio.ch.SelectorImpl.select(SelectorImpl.java:147)
        at app//org.apache.hadoop.ipc.Server$Listener$Reader.doRunLoop(Server.java:1497)
        at app//org.apache.hadoop.ipc.Server$Listener$Reader.run(Server.java:1476)
"IPC Server listener on 15057" daemon prio=5 tid=759 runnable
java.lang.Thread.State: RUNNABLE
        at java.base@21.0.6/sun.nio.ch.EPoll.wait(Native Method)
        at java.base@21.0.6/sun.nio.ch.EPollSelectorImpl.doSelect(EPollSelectorImpl.java:121)
        at java.base@21.0.6/sun.nio.ch.SelectorImpl.lockAndDoSelect(SelectorImpl.java:130)
        at java.base@21.0.6/sun.nio.ch.SelectorImpl.select(SelectorImpl.java:147)
        at app//org.apache.hadoop.ipc.Server$Listener.run(Server.java:1559)
"2fdf8a61-8d2a-4048-aa8e-d82d5837d34a-ContainerOp-9e09d6a8-9742-4eee-8124-a68b45278972-5"  prio=5 tid=2150 in Object.wait()
java.lang.Thread.State: WAITING (on object monitor)
        at java.base@21.0.6/jdk.internal.misc.Unsafe.park(Native Method)
        at java.base@21.0.6/java.util.concurrent.locks.LockSupport.park(LockSupport.java:371)
        at java.base@21.0.6/java.util.concurrent.locks.AbstractQueuedSynchronizer$ConditionNode.block(AbstractQueuedSynchronizer.java:519)
        at java.base@21.0.6/java.util.concurrent.ForkJoinPool.unmanagedBlock(ForkJoinPool.java:3780)
        at java.base@21.0.6/java.util.concurrent.ForkJoinPool.managedBlock(ForkJoinPool.java:3725)
        at java.base@21.0.6/java.util.concurrent.locks.AbstractQueuedSynchronizer$ConditionObject.await(AbstractQueuedSynchronizer.java:1712)
        at java.base@21.0.6/java.util.concurrent.LinkedBlockingQueue.take(LinkedBlockingQueue.java:435)
        at java.base@21.0.6/java.util.concurrent.ThreadPoolExecutor.getTask(ThreadPoolExecutor.java:1070)
        at java.base@21.0.6/java.util.concurrent.ThreadPoolExecutor.runWorker(ThreadPoolExecutor.java:1130)
        at java.base@21.0.6/java.util.concurrent.ThreadPoolExecutor$Worker.run(ThreadPoolExecutor.java:642)
        at java.base@21.0.6/java.lang.Thread.runWith(Thread.java:1596)
        at java.base@21.0.6/java.lang.Thread.run(Thread.java:1583)
"IPC Server handler 1 on default port 15048" daemon prio=5 tid=728 timed_waiting
java.lang.Thread.State: TIMED_WAITING
        at java.base@21.0.6/jdk.internal.misc.Unsafe.park(Native Method)
        at java.base@21.0.6/java.util.concurrent.locks.LockSupport.parkNanos(LockSupport.java:269)
        at java.base@21.0.6/java.util.concurrent.locks.AbstractQueuedSynchronizer$ConditionObject.awaitNanos(AbstractQueuedSynchronizer.java:1763)
        at java.base@21.0.6/java.util.concurrent.LinkedBlockingQueue.poll(LinkedBlockingQueue.java:460)
        at app//org.apache.hadoop.ipc.CallQueueManager.take(CallQueueManager.java:370)
        at app//org.apache.hadoop.ipc.Server$Handler.run(Server.java:3165)
"IPC Server handler 79 on default port 15001" daemon prio=5 tid=293 timed_waiting
java.lang.Thread.State: TIMED_WAITING
        at java.base@21.0.6/jdk.internal.misc.Unsafe.park(Native Method)
        at java.base@21.0.6/java.util.concurrent.locks.LockSupport.parkNanos(LockSupport.java:269)
        at java.base@21.0.6/java.util.concurrent.locks.AbstractQueuedSynchronizer$ConditionObject.awaitNanos(AbstractQueuedSynchronizer.java:1763)
        at java.base@21.0.6/java.util.concurrent.LinkedBlockingQueue.poll(LinkedBlockingQueue.java:460)
        at app//org.apache.hadoop.ipc.CallQueueManager.take(CallQueueManager.java:370)
        at app//org.apache.hadoop.ipc.Server$Handler.run(Server.java:3165)
"46d11c6d-db9b-44c9-8985-212dd9cf6636@group-BBC2BE15DE85-cacheEviction-AwaitToRun" daemon prio=5 tid=1979 in Object.wait()
java.lang.Thread.State: WAITING (on object monitor)
        at java.base@21.0.6/jdk.internal.misc.Unsafe.park(Native Method)
        at java.base@21.0.6/java.util.concurrent.locks.LockSupport.park(LockSupport.java:371)
        at java.base@21.0.6/java.util.concurrent.locks.AbstractQueuedSynchronizer$ConditionNode.block(AbstractQueuedSynchronizer.java:519)
        at java.base@21.0.6/java.util.concurrent.ForkJoinPool.unmanagedBlock(ForkJoinPool.java:3780)
        at java.base@21.0.6/java.util.concurrent.ForkJoinPool.managedBlock(ForkJoinPool.java:3725)
        at java.base@21.0.6/java.util.concurrent.locks.AbstractQueuedSynchronizer$ConditionObject.await(AbstractQueuedSynchronizer.java:1712)
        at app//org.apache.ratis.util.AwaitForSignal.await(AwaitForSignal.java:48)
        at app//org.apache.ratis.util.AwaitToRun$RunnableImpl.run(AwaitToRun.java:47)
        at java.base@21.0.6/java.lang.Thread.runWith(Thread.java:1596)
        at java.base@21.0.6/java.lang.Thread.run(Thread.java:1583)
"IPC Server handler 83 on default port 15001" daemon prio=5 tid=297 timed_waiting
java.lang.Thread.State: TIMED_WAITING
        at java.base@21.0.6/jdk.internal.misc.Unsafe.park(Native Method)
        at java.base@21.0.6/java.util.concurrent.locks.LockSupport.parkNanos(LockSupport.java:269)
        at java.base@21.0.6/java.util.concurrent.locks.AbstractQueuedSynchronizer$ConditionObject.awaitNanos(AbstractQueuedSynchronizer.java:1763)
        at java.base@21.0.6/java.util.concurrent.LinkedBlockingQueue.poll(LinkedBlockingQueue.java:460)
        at app//org.apache.hadoop.ipc.CallQueueManager.take(CallQueueManager.java:370)
        at app//org.apache.hadoop.ipc.Server$Handler.run(Server.java:3165)
"IPC Server handler 55 on default port 15001" daemon prio=5 tid=269 timed_waiting
java.lang.Thread.State: TIMED_WAITING
        at java.base@21.0.6/jdk.internal.misc.Unsafe.park(Native Method)
        at java.base@21.0.6/java.util.concurrent.locks.LockSupport.parkNanos(LockSupport.java:269)
        at java.base@21.0.6/java.util.concurrent.locks.AbstractQueuedSynchronizer$ConditionObject.awaitNanos(AbstractQueuedSynchronizer.java:1763)
        at java.base@21.0.6/java.util.concurrent.LinkedBlockingQueue.poll(LinkedBlockingQueue.java:460)
        at app//org.apache.hadoop.ipc.CallQueueManager.take(CallQueueManager.java:370)
        at app//org.apache.hadoop.ipc.Server$Handler.run(Server.java:3165)
"EventQueue-NewNodeForNewNodeHandler" daemon prio=5 tid=1140 in Object.wait()
java.lang.Thread.State: WAITING (on object monitor)
        at java.base@21.0.6/jdk.internal.misc.Unsafe.park(Native Method)
        at java.base@21.0.6/java.util.concurrent.locks.LockSupport.park(LockSupport.java:371)
        at java.base@21.0.6/java.util.concurrent.locks.AbstractQueuedSynchronizer$ConditionNode.block(AbstractQueuedSynchronizer.java:519)
        at java.base@21.0.6/java.util.concurrent.ForkJoinPool.unmanagedBlock(ForkJoinPool.java:3780)
        at java.base@21.0.6/java.util.concurrent.ForkJoinPool.managedBlock(ForkJoinPool.java:3725)
        at java.base@21.0.6/java.util.concurrent.locks.AbstractQueuedSynchronizer$ConditionObject.await(AbstractQueuedSynchronizer.java:1712)
        at java.base@21.0.6/java.util.concurrent.LinkedBlockingQueue.take(LinkedBlockingQueue.java:435)
        at java.base@21.0.6/java.util.concurrent.ThreadPoolExecutor.getTask(ThreadPoolExecutor.java:1070)
        at java.base@21.0.6/java.util.concurrent.ThreadPoolExecutor.runWorker(ThreadPoolExecutor.java:1130)
        at java.base@21.0.6/java.util.concurrent.ThreadPoolExecutor$Worker.run(ThreadPoolExecutor.java:642)
        at java.base@21.0.6/java.lang.Thread.runWith(Thread.java:1596)
        at java.base@21.0.6/java.lang.Thread.run(Thread.java:1583)
"25fe7083-9332-4190-accf-9f4542114dd9-server-thread2" daemon prio=5 tid=2118 timed_waiting
java.lang.Thread.State: TIMED_WAITING
        at java.base@21.0.6/jdk.internal.misc.Unsafe.park(Native Method)
        at java.base@21.0.6/java.util.concurrent.locks.LockSupport.parkNanos(LockSupport.java:410)
        at java.base@21.0.6/java.util.concurrent.LinkedTransferQueue$DualNode.await(LinkedTransferQueue.java:452)
        at java.base@21.0.6/java.util.concurrent.SynchronousQueue$Transferer.xferLifo(SynchronousQueue.java:194)
        at java.base@21.0.6/java.util.concurrent.SynchronousQueue.xfer(SynchronousQueue.java:235)
        at java.base@21.0.6/java.util.concurrent.SynchronousQueue.poll(SynchronousQueue.java:338)
        at java.base@21.0.6/java.util.concurrent.ThreadPoolExecutor.getTask(ThreadPoolExecutor.java:1069)
        at java.base@21.0.6/java.util.concurrent.ThreadPoolExecutor.runWorker(ThreadPoolExecutor.java:1130)
        at java.base@21.0.6/java.util.concurrent.ThreadPoolExecutor$Worker.run(ThreadPoolExecutor.java:642)
        at java.base@21.0.6/java.lang.Thread.runWith(Thread.java:1596)
        at java.base@21.0.6/java.lang.Thread.run(Thread.java:1583)
"IPC Server Responder" daemon prio=5 tid=585 runnable
java.lang.Thread.State: RUNNABLE
        at java.base@21.0.6/sun.nio.ch.EPoll.wait(Native Method)
        at java.base@21.0.6/sun.nio.ch.EPollSelectorImpl.doSelect(EPollSelectorImpl.java:121)
        at java.base@21.0.6/sun.nio.ch.SelectorImpl.lockAndDoSelect(SelectorImpl.java:130)
        at java.base@21.0.6/sun.nio.ch.SelectorImpl.select(SelectorImpl.java:142)
        at app//org.apache.hadoop.ipc.Server$Responder.doRunLoop(Server.java:1733)
        at app//org.apache.hadoop.ipc.Server$Responder.run(Server.java:1716)
"eb965ba7-12a8-46f3-92c0-bc6ff5b3bf3b@group-4434D0010B67-StateMachineUpdater" daemon prio=5 tid=2353 timed_waiting
java.lang.Thread.State: TIMED_WAITING
        at java.base@21.0.6/jdk.internal.misc.Unsafe.park(Native Method)
        at java.base@21.0.6/java.util.concurrent.locks.LockSupport.parkNanos(LockSupport.java:269)
        at java.base@21.0.6/java.util.concurrent.locks.AbstractQueuedSynchronizer$ConditionObject.await(AbstractQueuedSynchronizer.java:1852)
        at app//org.apache.ratis.util.AwaitForSignal.await(AwaitForSignal.java:65)
        at app//org.apache.ratis.server.impl.StateMachineUpdater.waitForCommit(StateMachineUpdater.java:219)
        at app//org.apache.ratis.server.impl.StateMachineUpdater.run(StateMachineUpdater.java:187)
        at java.base@21.0.6/java.lang.Thread.runWith(Thread.java:1596)
        at java.base@21.0.6/java.lang.Thread.run(Thread.java:1583)
"om1-DirectoryDeletingService#9" daemon prio=5 tid=478 in Object.wait()
java.lang.Thread.State: WAITING (on object monitor)
        at java.base@21.0.6/jdk.internal.misc.Unsafe.park(Native Method)
        at java.base@21.0.6/java.util.concurrent.locks.LockSupport.park(LockSupport.java:371)
        at java.base@21.0.6/java.util.concurrent.locks.AbstractQueuedSynchronizer$ConditionNode.block(AbstractQueuedSynchronizer.java:519)
        at java.base@21.0.6/java.util.concurrent.ForkJoinPool.unmanagedBlock(ForkJoinPool.java:3780)
        at java.base@21.0.6/java.util.concurrent.ForkJoinPool.managedBlock(ForkJoinPool.java:3725)
        at java.base@21.0.6/java.util.concurrent.locks.AbstractQueuedSynchronizer$ConditionObject.await(AbstractQueuedSynchronizer.java:1712)
        at java.base@21.0.6/java.util.concurrent.ScheduledThreadPoolExecutor$DelayedWorkQueue.take(ScheduledThreadPoolExecutor.java:1177)
        at java.base@21.0.6/java.util.concurrent.ScheduledThreadPoolExecutor$DelayedWorkQueue.take(ScheduledThreadPoolExecutor.java:899)
        at java.base@21.0.6/java.util.concurrent.ThreadPoolExecutor.getTask(ThreadPoolExecutor.java:1070)
        at java.base@21.0.6/java.util.concurrent.ThreadPoolExecutor.runWorker(ThreadPoolExecutor.java:1130)
        at java.base@21.0.6/java.util.concurrent.ThreadPoolExecutor$Worker.run(ThreadPoolExecutor.java:642)
        at java.base@21.0.6/java.lang.Thread.runWith(Thread.java:1596)
        at java.base@21.0.6/java.lang.Thread.run(Thread.java:1583)
"org.apache.hadoop.ozone.container.common.statemachine.commandhandler.DeleteBlocksCommandHandler$DeleteCmdWorker@17994ef8" daemon prio=5 tid=562 timed_waiting
java.lang.Thread.State: TIMED_WAITING
        at java.base@21.0.6/java.lang.Thread.sleep0(Native Method)
        at java.base@21.0.6/java.lang.Thread.sleep(Thread.java:509)
        at app//org.apache.hadoop.ozone.container.common.statemachine.commandhandler.DeleteBlocksCommandHandler$DeleteCmdWorker.run(DeleteBlocksCommandHandler.java:255)
        at java.base@21.0.6/java.lang.Thread.runWith(Thread.java:1596)
        at java.base@21.0.6/java.lang.Thread.run(Thread.java:1583)
"qtp705030460-800" daemon prio=5 tid=800 timed_waiting
java.lang.Thread.State: TIMED_WAITING
        at java.base@21.0.6/jdk.internal.misc.Unsafe.park(Native Method)
        at java.base@21.0.6/java.util.concurrent.locks.LockSupport.parkNanos(LockSupport.java:269)
        at java.base@21.0.6/java.util.concurrent.locks.AbstractQueuedSynchronizer$ConditionObject.awaitNanos(AbstractQueuedSynchronizer.java:1763)
        at app//org.eclipse.jetty.util.BlockingArrayQueue.poll(BlockingArrayQueue.java:382)
        at app//org.eclipse.jetty.util.thread.QueuedThreadPool$Runner.idleJobPoll(QueuedThreadPool.java:974)
        at app//org.eclipse.jetty.util.thread.QueuedThreadPool$Runner.run(QueuedThreadPool.java:1018)
        at java.base@21.0.6/java.lang.Thread.runWith(Thread.java:1596)
        at java.base@21.0.6/java.lang.Thread.run(Thread.java:1583)
"25fe7083-9332-4190-accf-9f4542114dd9-DatanodeReportManager-3" daemon prio=5 tid=1941 timed_waiting
java.lang.Thread.State: TIMED_WAITING
        at java.base@21.0.6/jdk.internal.misc.Unsafe.park(Native Method)
        at java.base@21.0.6/java.util.concurrent.locks.LockSupport.parkNanos(LockSupport.java:269)
        at java.base@21.0.6/java.util.concurrent.locks.AbstractQueuedSynchronizer$ConditionObject.awaitNanos(AbstractQueuedSynchronizer.java:1763)
        at java.base@21.0.6/java.util.concurrent.ScheduledThreadPoolExecutor$DelayedWorkQueue.take(ScheduledThreadPoolExecutor.java:1182)
        at java.base@21.0.6/java.util.concurrent.ScheduledThreadPoolExecutor$DelayedWorkQueue.take(ScheduledThreadPoolExecutor.java:899)
        at java.base@21.0.6/java.util.concurrent.ThreadPoolExecutor.getTask(ThreadPoolExecutor.java:1070)
        at java.base@21.0.6/java.util.concurrent.ThreadPoolExecutor.runWorker(ThreadPoolExecutor.java:1130)
        at java.base@21.0.6/java.util.concurrent.ThreadPoolExecutor$Worker.run(ThreadPoolExecutor.java:642)
        at java.base@21.0.6/java.lang.Thread.runWith(Thread.java:1596)
        at java.base@21.0.6/java.lang.Thread.run(Thread.java:1583)
"25fe7083-9332-4190-accf-9f4542114dd9-BlockDeletingService#0" daemon prio=5 tid=1958 in Object.wait()
java.lang.Thread.State: WAITING (on object monitor)
        at java.base@21.0.6/jdk.internal.misc.Unsafe.park(Native Method)
        at java.base@21.0.6/java.util.concurrent.locks.LockSupport.park(LockSupport.java:371)
        at java.base@21.0.6/java.util.concurrent.locks.AbstractQueuedSynchronizer$ConditionNode.block(AbstractQueuedSynchronizer.java:519)
        at java.base@21.0.6/java.util.concurrent.ForkJoinPool.unmanagedBlock(ForkJoinPool.java:3780)
        at java.base@21.0.6/java.util.concurrent.ForkJoinPool.managedBlock(ForkJoinPool.java:3725)
        at java.base@21.0.6/java.util.concurrent.locks.AbstractQueuedSynchronizer$ConditionObject.await(AbstractQueuedSynchronizer.java:1712)
        at java.base@21.0.6/java.util.concurrent.ScheduledThreadPoolExecutor$DelayedWorkQueue.take(ScheduledThreadPoolExecutor.java:1177)
        at java.base@21.0.6/java.util.concurrent.ScheduledThreadPoolExecutor$DelayedWorkQueue.take(ScheduledThreadPoolExecutor.java:899)
        at java.base@21.0.6/java.util.concurrent.ThreadPoolExecutor.getTask(ThreadPoolExecutor.java:1070)
        at java.base@21.0.6/java.util.concurrent.ThreadPoolExecutor.runWorker(ThreadPoolExecutor.java:1130)
        at java.base@21.0.6/java.util.concurrent.ThreadPoolExecutor$Worker.run(ThreadPoolExecutor.java:642)
        at java.base@21.0.6/java.lang.Thread.runWith(Thread.java:1596)
        at java.base@21.0.6/java.lang.Thread.run(Thread.java:1583)
"IPC Server handler 89 on default port 15000" daemon prio=5 tid=203 timed_waiting
java.lang.Thread.State: TIMED_WAITING
        at java.base@21.0.6/jdk.internal.misc.Unsafe.park(Native Method)
        at java.base@21.0.6/java.util.concurrent.locks.LockSupport.parkNanos(LockSupport.java:269)
        at java.base@21.0.6/java.util.concurrent.locks.AbstractQueuedSynchronizer$ConditionObject.awaitNanos(AbstractQueuedSynchronizer.java:1763)
        at java.base@21.0.6/java.util.concurrent.LinkedBlockingQueue.poll(LinkedBlockingQueue.java:460)
        at app//org.apache.hadoop.ipc.CallQueueManager.take(CallQueueManager.java:370)
        at app//org.apache.hadoop.ipc.Server$Handler.run(Server.java:3165)
"42086d8c-c943-47d6-a5f9-799709872375@group-A68B45278972-SegmentedRaftLogWorker" daemon prio=5 tid=1257 timed_waiting
java.lang.Thread.State: TIMED_WAITING
        at java.base@21.0.6/jdk.internal.misc.Unsafe.park(Native Method)
        at java.base@21.0.6/java.util.concurrent.locks.LockSupport.parkNanos(LockSupport.java:269)
        at java.base@21.0.6/java.util.concurrent.locks.AbstractQueuedSynchronizer$ConditionObject.awaitNanos(AbstractQueuedSynchronizer.java:1763)
        at app//org.apache.ratis.util.DataBlockingQueue.poll(DataBlockingQueue.java:148)
        at app//org.apache.ratis.server.raftlog.segmented.SegmentedRaftLogWorker.run(SegmentedRaftLogWorker.java:307)
        at app//org.apache.ratis.server.raftlog.segmented.SegmentedRaftLogWorker$$Lambda/0x00007f7e9c334fd8.run(Unknown Source)
        at java.base@21.0.6/java.util.concurrent.Executors$RunnableAdapter.call(Executors.java:572)
        at java.base@21.0.6/java.util.concurrent.FutureTask.run(FutureTask.java:317)
        at java.base@21.0.6/java.util.concurrent.ThreadPoolExecutor.runWorker(ThreadPoolExecutor.java:1144)
        at java.base@21.0.6/java.util.concurrent.ThreadPoolExecutor$Worker.run(ThreadPoolExecutor.java:642)
        at java.base@21.0.6/java.lang.Thread.runWith(Thread.java:1596)
        at java.base@21.0.6/java.lang.Thread.run(Thread.java:1583)
"eb965ba7-12a8-46f3-92c0-bc6ff5b3bf3b@group-81341F4E2824->62ffdddc-aaf0-4ce5-9810-4c181ebbf473-GrpcLogAppender-LogAppenderDaemon" daemon prio=5 tid=1394 timed_waiting
java.lang.Thread.State: TIMED_WAITING
        at java.base@21.0.6/jdk.internal.misc.Unsafe.park(Native Method)
        at java.base@21.0.6/java.util.concurrent.locks.LockSupport.parkNanos(LockSupport.java:269)
        at java.base@21.0.6/java.util.concurrent.locks.AbstractQueuedSynchronizer$ConditionObject.await(AbstractQueuedSynchronizer.java:1852)
        at app//org.apache.ratis.util.AwaitForSignal.await(AwaitForSignal.java:65)
        at app//org.apache.ratis.grpc.server.GrpcLogAppender.mayWait(GrpcLogAppender.java:290)
        at app//org.apache.ratis.grpc.server.GrpcLogAppender.run(GrpcLogAppender.java:258)
        at app//org.apache.ratis.server.leader.LogAppenderDaemon.run(LogAppenderDaemon.java:80)
        at app//org.apache.ratis.server.leader.LogAppenderDaemon$$Lambda/0x00007f7e9c91a108.run(Unknown Source)
        at java.base@21.0.6/java.lang.Thread.runWith(Thread.java:1596)
        at java.base@21.0.6/java.lang.Thread.run(Thread.java:1583)
"42086d8c-c943-47d6-a5f9-799709872375@group-21EBC56F7032-cacheEviction-AwaitToRun" daemon prio=5 tid=1275 in Object.wait()
java.lang.Thread.State: WAITING (on object monitor)
        at java.base@21.0.6/jdk.internal.misc.Unsafe.park(Native Method)
        at java.base@21.0.6/java.util.concurrent.locks.LockSupport.park(LockSupport.java:371)
        at java.base@21.0.6/java.util.concurrent.locks.AbstractQueuedSynchronizer$ConditionNode.block(AbstractQueuedSynchronizer.java:519)
        at java.base@21.0.6/java.util.concurrent.ForkJoinPool.unmanagedBlock(ForkJoinPool.java:3780)
        at java.base@21.0.6/java.util.concurrent.ForkJoinPool.managedBlock(ForkJoinPool.java:3725)
        at java.base@21.0.6/java.util.concurrent.locks.AbstractQueuedSynchronizer$ConditionObject.await(AbstractQueuedSynchronizer.java:1712)
        at app//org.apache.ratis.util.AwaitForSignal.await(AwaitForSignal.java:48)
        at app//org.apache.ratis.util.AwaitToRun$RunnableImpl.run(AwaitToRun.java:47)
        at java.base@21.0.6/java.lang.Thread.runWith(Thread.java:1596)
        at java.base@21.0.6/java.lang.Thread.run(Thread.java:1583)
"IPC Server handler 73 on default port 15002" daemon prio=5 tid=405 timed_waiting
java.lang.Thread.State: TIMED_WAITING
        at java.base@21.0.6/jdk.internal.misc.Unsafe.park(Native Method)
        at java.base@21.0.6/java.util.concurrent.locks.LockSupport.parkNanos(LockSupport.java:269)
        at java.base@21.0.6/java.util.concurrent.locks.AbstractQueuedSynchronizer$ConditionObject.awaitNanos(AbstractQueuedSynchronizer.java:1763)
        at java.base@21.0.6/java.util.concurrent.LinkedBlockingQueue.poll(LinkedBlockingQueue.java:460)
        at app//org.apache.hadoop.ipc.CallQueueManager.take(CallQueueManager.java:370)
        at app//org.apache.hadoop.ipc.Server$Handler.run(Server.java:3165)
"Socket Reader #8 for port 15012"  prio=5 tid=2269 runnable
java.lang.Thread.State: RUNNABLE
        at java.base@21.0.6/sun.nio.ch.EPoll.wait(Native Method)
        at java.base@21.0.6/sun.nio.ch.EPollSelectorImpl.doSelect(EPollSelectorImpl.java:121)
        at java.base@21.0.6/sun.nio.ch.SelectorImpl.lockAndDoSelect(SelectorImpl.java:130)
        at java.base@21.0.6/sun.nio.ch.SelectorImpl.select(SelectorImpl.java:147)
        at app//org.apache.hadoop.ipc.Server$Listener$Reader.doRunLoop(Server.java:1497)
        at app//org.apache.hadoop.ipc.Server$Listener$Reader.run(Server.java:1476)
"IPC Server handler 51 on default port 15002" daemon prio=5 tid=383 timed_waiting
java.lang.Thread.State: TIMED_WAITING
        at java.base@21.0.6/jdk.internal.misc.Unsafe.park(Native Method)
        at java.base@21.0.6/java.util.concurrent.locks.LockSupport.parkNanos(LockSupport.java:269)
        at java.base@21.0.6/java.util.concurrent.locks.AbstractQueuedSynchronizer$ConditionObject.awaitNanos(AbstractQueuedSynchronizer.java:1763)
        at java.base@21.0.6/java.util.concurrent.LinkedBlockingQueue.poll(LinkedBlockingQueue.java:460)
        at app//org.apache.hadoop.ipc.CallQueueManager.take(CallQueueManager.java:370)
        at app//org.apache.hadoop.ipc.Server$Handler.run(Server.java:3165)
"IPC Server handler 18 on default port 15001" daemon prio=5 tid=232 timed_waiting
java.lang.Thread.State: TIMED_WAITING
        at java.base@21.0.6/jdk.internal.misc.Unsafe.park(Native Method)
        at java.base@21.0.6/java.util.concurrent.locks.LockSupport.parkNanos(LockSupport.java:269)
        at java.base@21.0.6/java.util.concurrent.locks.AbstractQueuedSynchronizer$ConditionObject.awaitNanos(AbstractQueuedSynchronizer.java:1763)
        at java.base@21.0.6/java.util.concurrent.LinkedBlockingQueue.poll(LinkedBlockingQueue.java:460)
        at app//org.apache.hadoop.ipc.CallQueueManager.take(CallQueueManager.java:370)
        at app//org.apache.hadoop.ipc.Server$Handler.run(Server.java:3165)
"IPC Server handler 94 on default port 15002" daemon prio=5 tid=426 timed_waiting
java.lang.Thread.State: TIMED_WAITING
        at java.base@21.0.6/jdk.internal.misc.Unsafe.park(Native Method)
        at java.base@21.0.6/java.util.concurrent.locks.LockSupport.parkNanos(LockSupport.java:269)
        at java.base@21.0.6/java.util.concurrent.locks.AbstractQueuedSynchronizer$ConditionObject.awaitNanos(AbstractQueuedSynchronizer.java:1763)
        at java.base@21.0.6/java.util.concurrent.LinkedBlockingQueue.poll(LinkedBlockingQueue.java:460)
        at app//org.apache.hadoop.ipc.CallQueueManager.take(CallQueueManager.java:370)
        at app//org.apache.hadoop.ipc.Server$Handler.run(Server.java:3165)
"IPC Server handler 41 on default port 15001" daemon prio=5 tid=255 timed_waiting
java.lang.Thread.State: TIMED_WAITING
        at java.base@21.0.6/jdk.internal.misc.Unsafe.park(Native Method)
        at java.base@21.0.6/java.util.concurrent.locks.LockSupport.parkNanos(LockSupport.java:269)
        at java.base@21.0.6/java.util.concurrent.locks.AbstractQueuedSynchronizer$ConditionObject.awaitNanos(AbstractQueuedSynchronizer.java:1763)
        at java.base@21.0.6/java.util.concurrent.LinkedBlockingQueue.poll(LinkedBlockingQueue.java:460)
        at app//org.apache.hadoop.ipc.CallQueueManager.take(CallQueueManager.java:370)
        at app//org.apache.hadoop.ipc.Server$Handler.run(Server.java:3165)
"IPC Server handler 5 on default port 15001" daemon prio=5 tid=219 timed_waiting
java.lang.Thread.State: TIMED_WAITING
        at java.base@21.0.6/jdk.internal.misc.Unsafe.park(Native Method)
        at java.base@21.0.6/java.util.concurrent.locks.LockSupport.parkNanos(LockSupport.java:269)
        at java.base@21.0.6/java.util.concurrent.locks.AbstractQueuedSynchronizer$ConditionObject.awaitNanos(AbstractQueuedSynchronizer.java:1763)
        at java.base@21.0.6/java.util.concurrent.LinkedBlockingQueue.poll(LinkedBlockingQueue.java:460)
        at app//org.apache.hadoop.ipc.CallQueueManager.take(CallQueueManager.java:370)
        at app//org.apache.hadoop.ipc.Server$Handler.run(Server.java:3165)
"qtp454923113-2249" daemon prio=5 tid=2249 timed_waiting
java.lang.Thread.State: TIMED_WAITING
        at java.base@21.0.6/jdk.internal.misc.Unsafe.park(Native Method)
        at java.base@21.0.6/java.util.concurrent.locks.LockSupport.parkNanos(LockSupport.java:269)
        at java.base@21.0.6/java.util.concurrent.locks.AbstractQueuedSynchronizer$ConditionObject.awaitNanos(AbstractQueuedSynchronizer.java:1763)
        at app//org.eclipse.jetty.util.BlockingArrayQueue.poll(BlockingArrayQueue.java:382)
        at app//org.eclipse.jetty.util.thread.QueuedThreadPool$Runner.idleJobPoll(QueuedThreadPool.java:974)
        at app//org.eclipse.jetty.util.thread.QueuedThreadPool$Runner.run(QueuedThreadPool.java:1018)
        at java.base@21.0.6/java.lang.Thread.runWith(Thread.java:1596)
        at java.base@21.0.6/java.lang.Thread.run(Thread.java:1583)
"qtp2029305492-614" daemon prio=5 tid=614 timed_waiting
java.lang.Thread.State: TIMED_WAITING
        at java.base@21.0.6/jdk.internal.misc.Unsafe.park(Native Method)
        at java.base@21.0.6/java.util.concurrent.locks.LockSupport.parkNanos(LockSupport.java:269)
        at java.base@21.0.6/java.util.concurrent.locks.AbstractQueuedSynchronizer$ConditionObject.awaitNanos(AbstractQueuedSynchronizer.java:1763)
        at app//org.eclipse.jetty.util.BlockingArrayQueue.poll(BlockingArrayQueue.java:382)
        at app//org.eclipse.jetty.util.thread.QueuedThreadPool$Runner.idleJobPoll(QueuedThreadPool.java:974)
        at app//org.eclipse.jetty.util.thread.QueuedThreadPool$Runner.run(QueuedThreadPool.java:1018)
        at java.base@21.0.6/java.lang.Thread.runWith(Thread.java:1596)
        at java.base@21.0.6/java.lang.Thread.run(Thread.java:1583)
"FullTableCache-Cleanup-0" daemon prio=5 tid=433 timed_waiting
java.lang.Thread.State: TIMED_WAITING
        at java.base@21.0.6/jdk.internal.misc.Unsafe.park(Native Method)
        at java.base@21.0.6/java.util.concurrent.locks.LockSupport.parkNanos(LockSupport.java:269)
        at java.base@21.0.6/java.util.concurrent.locks.AbstractQueuedSynchronizer$ConditionObject.awaitNanos(AbstractQueuedSynchronizer.java:1763)
        at java.base@21.0.6/java.util.concurrent.ScheduledThreadPoolExecutor$DelayedWorkQueue.take(ScheduledThreadPoolExecutor.java:1182)
        at java.base@21.0.6/java.util.concurrent.ScheduledThreadPoolExecutor$DelayedWorkQueue.take(ScheduledThreadPoolExecutor.java:899)
        at java.base@21.0.6/java.util.concurrent.ThreadPoolExecutor.getTask(ThreadPoolExecutor.java:1070)
        at java.base@21.0.6/java.util.concurrent.ThreadPoolExecutor.runWorker(ThreadPoolExecutor.java:1130)
        at java.base@21.0.6/java.util.concurrent.ThreadPoolExecutor$Worker.run(ThreadPoolExecutor.java:642)
        at java.base@21.0.6/java.lang.Thread.runWith(Thread.java:1596)
        at java.base@21.0.6/java.lang.Thread.run(Thread.java:1583)
"eb965ba7-12a8-46f3-92c0-bc6ff5b3bf3b-CommandProcessorThread" daemon prio=5 tid=650 timed_waiting
java.lang.Thread.State: TIMED_WAITING
        at java.base@21.0.6/java.lang.Thread.sleep0(Native Method)
        at java.base@21.0.6/java.lang.Thread.sleep(Thread.java:509)
        at app//org.apache.hadoop.ozone.container.common.statemachine.DatanodeStateMachine.lambda$initCommandHandlerThread$4(DatanodeStateMachine.java:669)
        at app//org.apache.hadoop.ozone.container.common.statemachine.DatanodeStateMachine$$Lambda/0x00007f7e9c7d6b80.run(Unknown Source)
        at java.base@21.0.6/java.lang.Thread.runWith(Thread.java:1596)
        at java.base@21.0.6/java.lang.Thread.run(Thread.java:1583)
"eb965ba7-12a8-46f3-92c0-bc6ff5b3bf3b-ContainerOp-e1fc892c-095b-4650-8f0f-81341f4e2824-0"  prio=5 tid=2172 in Object.wait()
java.lang.Thread.State: WAITING (on object monitor)
        at java.base@21.0.6/jdk.internal.misc.Unsafe.park(Native Method)
        at java.base@21.0.6/java.util.concurrent.locks.LockSupport.park(LockSupport.java:371)
        at java.base@21.0.6/java.util.concurrent.locks.AbstractQueuedSynchronizer$ConditionNode.block(AbstractQueuedSynchronizer.java:519)
        at java.base@21.0.6/java.util.concurrent.ForkJoinPool.unmanagedBlock(ForkJoinPool.java:3780)
        at java.base@21.0.6/java.util.concurrent.ForkJoinPool.managedBlock(ForkJoinPool.java:3725)
        at java.base@21.0.6/java.util.concurrent.locks.AbstractQueuedSynchronizer$ConditionObject.await(AbstractQueuedSynchronizer.java:1712)
        at java.base@21.0.6/java.util.concurrent.LinkedBlockingQueue.take(LinkedBlockingQueue.java:435)
        at java.base@21.0.6/java.util.concurrent.ThreadPoolExecutor.getTask(ThreadPoolExecutor.java:1070)
        at java.base@21.0.6/java.util.concurrent.ThreadPoolExecutor.runWorker(ThreadPoolExecutor.java:1130)
        at java.base@21.0.6/java.util.concurrent.ThreadPoolExecutor$Worker.run(ThreadPoolExecutor.java:642)
        at java.base@21.0.6/java.lang.Thread.runWith(Thread.java:1596)
        at java.base@21.0.6/java.lang.Thread.run(Thread.java:1583)
"42086d8c-c943-47d6-a5f9-799709872375-ChunkReader-7" daemon prio=5 tid=2167 in Object.wait()
java.lang.Thread.State: WAITING (on object monitor)
        at java.base@21.0.6/jdk.internal.misc.Unsafe.park(Native Method)
        at java.base@21.0.6/java.util.concurrent.locks.LockSupport.park(LockSupport.java:371)
        at java.base@21.0.6/java.util.concurrent.locks.AbstractQueuedSynchronizer$ConditionNode.block(AbstractQueuedSynchronizer.java:519)
        at java.base@21.0.6/java.util.concurrent.ForkJoinPool.unmanagedBlock(ForkJoinPool.java:3780)
        at java.base@21.0.6/java.util.concurrent.ForkJoinPool.managedBlock(ForkJoinPool.java:3725)
        at java.base@21.0.6/java.util.concurrent.locks.AbstractQueuedSynchronizer$ConditionObject.await(AbstractQueuedSynchronizer.java:1712)
        at java.base@21.0.6/java.util.concurrent.LinkedBlockingQueue.take(LinkedBlockingQueue.java:435)
        at java.base@21.0.6/java.util.concurrent.ThreadPoolExecutor.getTask(ThreadPoolExecutor.java:1070)
        at java.base@21.0.6/java.util.concurrent.ThreadPoolExecutor.runWorker(ThreadPoolExecutor.java:1130)
        at java.base@21.0.6/java.util.concurrent.ThreadPoolExecutor$Worker.run(ThreadPoolExecutor.java:642)
        at java.base@21.0.6/java.lang.Thread.runWith(Thread.java:1596)
        at java.base@21.0.6/java.lang.Thread.run(Thread.java:1583)
"IPC Server handler 28 on default port 15001" daemon prio=5 tid=242 timed_waiting
java.lang.Thread.State: TIMED_WAITING
        at java.base@21.0.6/jdk.internal.misc.Unsafe.park(Native Method)
        at java.base@21.0.6/java.util.concurrent.locks.LockSupport.parkNanos(LockSupport.java:269)
        at java.base@21.0.6/java.util.concurrent.locks.AbstractQueuedSynchronizer$ConditionObject.awaitNanos(AbstractQueuedSynchronizer.java:1763)
        at java.base@21.0.6/java.util.concurrent.LinkedBlockingQueue.poll(LinkedBlockingQueue.java:460)
        at app//org.apache.hadoop.ipc.CallQueueManager.take(CallQueueManager.java:370)
        at app//org.apache.hadoop.ipc.Server$Handler.run(Server.java:3165)
"Socket Reader #9 for port 15066"  prio=5 tid=814 runnable
java.lang.Thread.State: RUNNABLE
        at java.base@21.0.6/sun.nio.ch.EPoll.wait(Native Method)
        at java.base@21.0.6/sun.nio.ch.EPollSelectorImpl.doSelect(EPollSelectorImpl.java:121)
        at java.base@21.0.6/sun.nio.ch.SelectorImpl.lockAndDoSelect(SelectorImpl.java:130)
        at java.base@21.0.6/sun.nio.ch.SelectorImpl.select(SelectorImpl.java:147)
        at app//org.apache.hadoop.ipc.Server$Listener$Reader.doRunLoop(Server.java:1497)
        at app//org.apache.hadoop.ipc.Server$Listener$Reader.run(Server.java:1476)
"Socket Reader #10 for port 15030"  prio=5 tid=631 runnable
java.lang.Thread.State: RUNNABLE
        at java.base@21.0.6/sun.nio.ch.EPoll.wait(Native Method)
        at java.base@21.0.6/sun.nio.ch.EPollSelectorImpl.doSelect(EPollSelectorImpl.java:121)
        at java.base@21.0.6/sun.nio.ch.SelectorImpl.lockAndDoSelect(SelectorImpl.java:130)
        at java.base@21.0.6/sun.nio.ch.SelectorImpl.select(SelectorImpl.java:147)
        at app//org.apache.hadoop.ipc.Server$Listener$Reader.doRunLoop(Server.java:1497)
        at app//org.apache.hadoop.ipc.Server$Listener$Reader.run(Server.java:1476)
"Socket Reader #3 for port 15000"  prio=5 tid=86 runnable
java.lang.Thread.State: RUNNABLE
        at java.base@21.0.6/sun.nio.ch.EPoll.wait(Native Method)
        at java.base@21.0.6/sun.nio.ch.EPollSelectorImpl.doSelect(EPollSelectorImpl.java:121)
        at java.base@21.0.6/sun.nio.ch.SelectorImpl.lockAndDoSelect(SelectorImpl.java:130)
        at java.base@21.0.6/sun.nio.ch.SelectorImpl.select(SelectorImpl.java:147)
        at app//org.apache.hadoop.ipc.Server$Listener$Reader.doRunLoop(Server.java:1497)
        at app//org.apache.hadoop.ipc.Server$Listener$Reader.run(Server.java:1476)
"6b36f32d-918c-46a3-bfcb-888cb423c6dd-DatanodeReportManager-3" daemon prio=5 tid=601 in Object.wait()
java.lang.Thread.State: WAITING (on object monitor)
        at java.base@21.0.6/jdk.internal.misc.Unsafe.park(Native Method)
        at java.base@21.0.6/java.util.concurrent.locks.LockSupport.park(LockSupport.java:371)
        at java.base@21.0.6/java.util.concurrent.locks.AbstractQueuedSynchronizer$ConditionNode.block(AbstractQueuedSynchronizer.java:519)
        at java.base@21.0.6/java.util.concurrent.ForkJoinPool.unmanagedBlock(ForkJoinPool.java:3780)
        at java.base@21.0.6/java.util.concurrent.ForkJoinPool.managedBlock(ForkJoinPool.java:3725)
        at java.base@21.0.6/java.util.concurrent.locks.AbstractQueuedSynchronizer$ConditionObject.await(AbstractQueuedSynchronizer.java:1712)
        at java.base@21.0.6/java.util.concurrent.ScheduledThreadPoolExecutor$DelayedWorkQueue.take(ScheduledThreadPoolExecutor.java:1177)
        at java.base@21.0.6/java.util.concurrent.ScheduledThreadPoolExecutor$DelayedWorkQueue.take(ScheduledThreadPoolExecutor.java:899)
        at java.base@21.0.6/java.util.concurrent.ThreadPoolExecutor.getTask(ThreadPoolExecutor.java:1070)
        at java.base@21.0.6/java.util.concurrent.ThreadPoolExecutor.runWorker(ThreadPoolExecutor.java:1130)
        at java.base@21.0.6/java.util.concurrent.ThreadPoolExecutor$Worker.run(ThreadPoolExecutor.java:642)
        at java.base@21.0.6/java.lang.Thread.runWith(Thread.java:1596)
        at java.base@21.0.6/java.lang.Thread.run(Thread.java:1583)
"qtp705030460-796" daemon prio=5 tid=796 runnable
java.lang.Thread.State: RUNNABLE
        at java.base@21.0.6/sun.nio.ch.EPoll.wait(Native Method)
        at java.base@21.0.6/sun.nio.ch.EPollSelectorImpl.doSelect(EPollSelectorImpl.java:121)
        at java.base@21.0.6/sun.nio.ch.SelectorImpl.lockAndDoSelect(SelectorImpl.java:130)
        at java.base@21.0.6/sun.nio.ch.SelectorImpl.select(SelectorImpl.java:147)
        at app//org.eclipse.jetty.io.ManagedSelector.nioSelect(ManagedSelector.java:183)
        at app//org.eclipse.jetty.io.ManagedSelector.select(ManagedSelector.java:190)
        at app//org.eclipse.jetty.io.ManagedSelector$SelectorProducer.select(ManagedSelector.java:606)
        at app//org.eclipse.jetty.io.ManagedSelector$SelectorProducer.produce(ManagedSelector.java:543)
        at app//org.eclipse.jetty.util.thread.strategy.EatWhatYouKill.produceTask(EatWhatYouKill.java:362)
        at app//org.eclipse.jetty.util.thread.strategy.EatWhatYouKill.doProduce(EatWhatYouKill.java:186)
        at app//org.eclipse.jetty.util.thread.strategy.EatWhatYouKill.tryProduce(EatWhatYouKill.java:173)
        at app//org.eclipse.jetty.util.thread.strategy.EatWhatYouKill.produce(EatWhatYouKill.java:137)
        at app//org.eclipse.jetty.io.ManagedSelector$$Lambda/0x00007f7e9c660000.run(Unknown Source)
        at app//org.eclipse.jetty.util.thread.QueuedThreadPool.runJob(QueuedThreadPool.java:883)
        at app//org.eclipse.jetty.util.thread.QueuedThreadPool$Runner.run(QueuedThreadPool.java:1034)
        at java.base@21.0.6/java.lang.Thread.runWith(Thread.java:1596)
        at java.base@21.0.6/java.lang.Thread.run(Thread.java:1583)
"46d11c6d-db9b-44c9-8985-212dd9cf6636@group-CA8E8F8CF78E-FollowerState" daemon prio=5 tid=2089 timed_waiting
java.lang.Thread.State: TIMED_WAITING
        at java.base@21.0.6/java.lang.Thread.sleep0(Native Method)
        at java.base@21.0.6/java.lang.Thread.sleep(Thread.java:558)
        at java.base@21.0.6/java.util.concurrent.TimeUnit.sleep(TimeUnit.java:446)
        at app//org.apache.ratis.util.TimeDuration.sleep(TimeDuration.java:353)
        at app//org.apache.ratis.util.TimeDuration.sleep(TimeDuration.java:338)
        at app//org.apache.ratis.server.impl.FollowerState.runImpl(FollowerState.java:149)
        at app//org.apache.ratis.server.impl.FollowerState.run(FollowerState.java:130)
"Socket Reader #1 for port 15075"  prio=5 tid=852 runnable
java.lang.Thread.State: RUNNABLE
        at java.base@21.0.6/sun.nio.ch.EPoll.wait(Native Method)
        at java.base@21.0.6/sun.nio.ch.EPollSelectorImpl.doSelect(EPollSelectorImpl.java:121)
        at java.base@21.0.6/sun.nio.ch.SelectorImpl.lockAndDoSelect(SelectorImpl.java:130)
        at java.base@21.0.6/sun.nio.ch.SelectorImpl.select(SelectorImpl.java:147)
        at app//org.apache.hadoop.ipc.Server$Listener$Reader.doRunLoop(Server.java:1497)
        at app//org.apache.hadoop.ipc.Server$Listener$Reader.run(Server.java:1476)
"49dd84ae-7ec9-4d92-bc53-345946144fea-groupManagement"  prio=5 tid=2240 in Object.wait()
java.lang.Thread.State: WAITING (on object monitor)
        at java.base@21.0.6/jdk.internal.misc.Unsafe.park(Native Method)
        at java.base@21.0.6/java.util.concurrent.locks.LockSupport.park(LockSupport.java:371)
        at java.base@21.0.6/java.util.concurrent.locks.AbstractQueuedSynchronizer$ConditionNode.block(AbstractQueuedSynchronizer.java:519)
        at java.base@21.0.6/java.util.concurrent.ForkJoinPool.unmanagedBlock(ForkJoinPool.java:3780)
        at java.base@21.0.6/java.util.concurrent.ForkJoinPool.managedBlock(ForkJoinPool.java:3725)
        at java.base@21.0.6/java.util.concurrent.locks.AbstractQueuedSynchronizer$ConditionObject.await(AbstractQueuedSynchronizer.java:1712)
        at java.base@21.0.6/java.util.concurrent.LinkedBlockingQueue.take(LinkedBlockingQueue.java:435)
        at java.base@21.0.6/java.util.concurrent.ThreadPoolExecutor.getTask(ThreadPoolExecutor.java:1070)
        at java.base@21.0.6/java.util.concurrent.ThreadPoolExecutor.runWorker(ThreadPoolExecutor.java:1130)
        at java.base@21.0.6/java.util.concurrent.ThreadPoolExecutor$Worker.run(ThreadPoolExecutor.java:642)
        at java.base@21.0.6/java.lang.Thread.runWith(Thread.java:1596)
        at java.base@21.0.6/java.lang.Thread.run(Thread.java:1583)
"qtp585405660-847" daemon prio=5 tid=847 timed_waiting
java.lang.Thread.State: TIMED_WAITING
        at java.base@21.0.6/jdk.internal.misc.Unsafe.park(Native Method)
        at java.base@21.0.6/java.util.concurrent.locks.LockSupport.parkNanos(LockSupport.java:269)
        at java.base@21.0.6/java.util.concurrent.locks.AbstractQueuedSynchronizer$ConditionObject.awaitNanos(AbstractQueuedSynchronizer.java:1763)
        at app//org.eclipse.jetty.util.BlockingArrayQueue.poll(BlockingArrayQueue.java:382)
        at app//org.eclipse.jetty.util.thread.QueuedThreadPool$Runner.idleJobPoll(QueuedThreadPool.java:974)
        at app//org.eclipse.jetty.util.thread.QueuedThreadPool$Runner.run(QueuedThreadPool.java:1018)
        at java.base@21.0.6/java.lang.Thread.runWith(Thread.java:1596)
        at java.base@21.0.6/java.lang.Thread.run(Thread.java:1583)
"Socket Reader #6 for port 15012"  prio=5 tid=2267 runnable
java.lang.Thread.State: RUNNABLE
        at java.base@21.0.6/sun.nio.ch.EPoll.wait(Native Method)
        at java.base@21.0.6/sun.nio.ch.EPollSelectorImpl.doSelect(EPollSelectorImpl.java:121)
        at java.base@21.0.6/sun.nio.ch.SelectorImpl.lockAndDoSelect(SelectorImpl.java:130)
        at java.base@21.0.6/sun.nio.ch.SelectorImpl.select(SelectorImpl.java:147)
        at app//org.apache.hadoop.ipc.Server$Listener$Reader.doRunLoop(Server.java:1497)
        at app//org.apache.hadoop.ipc.Server$Listener$Reader.run(Server.java:1476)
"IPC Server handler 13 on default port 15000" daemon prio=5 tid=127 timed_waiting
java.lang.Thread.State: TIMED_WAITING
        at java.base@21.0.6/jdk.internal.misc.Unsafe.park(Native Method)
        at java.base@21.0.6/java.util.concurrent.locks.LockSupport.parkNanos(LockSupport.java:269)
        at java.base@21.0.6/java.util.concurrent.locks.AbstractQueuedSynchronizer$ConditionObject.awaitNanos(AbstractQueuedSynchronizer.java:1763)
        at java.base@21.0.6/java.util.concurrent.LinkedBlockingQueue.poll(LinkedBlockingQueue.java:460)
        at app//org.apache.hadoop.ipc.CallQueueManager.take(CallQueueManager.java:370)
        at app//org.apache.hadoop.ipc.Server$Handler.run(Server.java:3165)
"IPC Server handler 47 on default port 15002" daemon prio=5 tid=379 timed_waiting
java.lang.Thread.State: TIMED_WAITING
        at java.base@21.0.6/jdk.internal.misc.Unsafe.park(Native Method)
        at java.base@21.0.6/java.util.concurrent.locks.LockSupport.parkNanos(LockSupport.java:269)
        at java.base@21.0.6/java.util.concurrent.locks.AbstractQueuedSynchronizer$ConditionObject.awaitNanos(AbstractQueuedSynchronizer.java:1763)
        at java.base@21.0.6/java.util.concurrent.LinkedBlockingQueue.poll(LinkedBlockingQueue.java:460)
        at app//org.apache.hadoop.ipc.CallQueueManager.take(CallQueueManager.java:370)
        at app//org.apache.hadoop.ipc.Server$Handler.run(Server.java:3165)
"IPC Server handler 5 on default port 15057" daemon prio=5 tid=778 timed_waiting
java.lang.Thread.State: TIMED_WAITING
        at java.base@21.0.6/jdk.internal.misc.Unsafe.park(Native Method)
        at java.base@21.0.6/java.util.concurrent.locks.LockSupport.parkNanos(LockSupport.java:269)
        at java.base@21.0.6/java.util.concurrent.locks.AbstractQueuedSynchronizer$ConditionObject.awaitNanos(AbstractQueuedSynchronizer.java:1763)
        at java.base@21.0.6/java.util.concurrent.LinkedBlockingQueue.poll(LinkedBlockingQueue.java:460)
        at app//org.apache.hadoop.ipc.CallQueueManager.take(CallQueueManager.java:370)
        at app//org.apache.hadoop.ipc.Server$Handler.run(Server.java:3165)
"6b36f32d-918c-46a3-bfcb-888cb423c6dd-server-thread1" daemon prio=5 tid=2115 timed_waiting
java.lang.Thread.State: TIMED_WAITING
        at java.base@21.0.6/jdk.internal.misc.Unsafe.park(Native Method)
        at java.base@21.0.6/java.util.concurrent.locks.LockSupport.parkNanos(LockSupport.java:410)
        at java.base@21.0.6/java.util.concurrent.LinkedTransferQueue$DualNode.await(LinkedTransferQueue.java:452)
        at java.base@21.0.6/java.util.concurrent.SynchronousQueue$Transferer.xferLifo(SynchronousQueue.java:194)
        at java.base@21.0.6/java.util.concurrent.SynchronousQueue.xfer(SynchronousQueue.java:235)
        at java.base@21.0.6/java.util.concurrent.SynchronousQueue.poll(SynchronousQueue.java:338)
        at java.base@21.0.6/java.util.concurrent.ThreadPoolExecutor.getTask(ThreadPoolExecutor.java:1069)
        at java.base@21.0.6/java.util.concurrent.ThreadPoolExecutor.runWorker(ThreadPoolExecutor.java:1130)
        at java.base@21.0.6/java.util.concurrent.ThreadPoolExecutor$Worker.run(ThreadPoolExecutor.java:642)
        at java.base@21.0.6/java.lang.Thread.runWith(Thread.java:1596)
        at java.base@21.0.6/java.lang.Thread.run(Thread.java:1583)
"IPC Server handler 20 on default port 15002" daemon prio=5 tid=352 timed_waiting
java.lang.Thread.State: TIMED_WAITING
        at java.base@21.0.6/jdk.internal.misc.Unsafe.park(Native Method)
        at java.base@21.0.6/java.util.concurrent.locks.LockSupport.parkNanos(LockSupport.java:269)
        at java.base@21.0.6/java.util.concurrent.locks.AbstractQueuedSynchronizer$ConditionObject.awaitNanos(AbstractQueuedSynchronizer.java:1763)
        at java.base@21.0.6/java.util.concurrent.LinkedBlockingQueue.poll(LinkedBlockingQueue.java:460)
        at app//org.apache.hadoop.ipc.CallQueueManager.take(CallQueueManager.java:370)
        at app//org.apache.hadoop.ipc.Server$Handler.run(Server.java:3165)
"25fe7083-9332-4190-accf-9f4542114dd9-NettyServerStreamRpc-bossGroup--thread1"  prio=5 tid=1900 runnable
java.lang.Thread.State: RUNNABLE
        at app//org.apache.ratis.thirdparty.io.netty.channel.epoll.Native.epollWait(Native Method)
        at app//org.apache.ratis.thirdparty.io.netty.channel.epoll.Native.epollWait(Native.java:220)
        at app//org.apache.ratis.thirdparty.io.netty.channel.epoll.Native.epollWait(Native.java:213)
        at app//org.apache.ratis.thirdparty.io.netty.channel.epoll.EpollEventLoop.epollWaitNoTimerChange(EpollEventLoop.java:308)
        at app//org.apache.ratis.thirdparty.io.netty.channel.epoll.EpollEventLoop.run(EpollEventLoop.java:365)
        at app//org.apache.ratis.thirdparty.io.netty.util.concurrent.SingleThreadEventExecutor$4.run(SingleThreadEventExecutor.java:997)
        at app//org.apache.ratis.thirdparty.io.netty.util.internal.ThreadExecutorMap$2.run(ThreadExecutorMap.java:74)
        at java.base@21.0.6/java.lang.Thread.runWith(Thread.java:1596)
        at java.base@21.0.6/java.lang.Thread.run(Thread.java:1583)
"49dd84ae-7ec9-4d92-bc53-345946144fea@group-7BEF1D680E9B-SegmentedRaftLogWorker"  prio=5 tid=2321 timed_waiting
java.lang.Thread.State: TIMED_WAITING
        at java.base@21.0.6/jdk.internal.misc.Unsafe.park(Native Method)
        at java.base@21.0.6/java.util.concurrent.locks.LockSupport.parkNanos(LockSupport.java:269)
        at java.base@21.0.6/java.util.concurrent.locks.AbstractQueuedSynchronizer$ConditionObject.awaitNanos(AbstractQueuedSynchronizer.java:1763)
        at app//org.apache.ratis.util.DataBlockingQueue.poll(DataBlockingQueue.java:148)
        at app//org.apache.ratis.server.raftlog.segmented.SegmentedRaftLogWorker.run(SegmentedRaftLogWorker.java:307)
        at app//org.apache.ratis.server.raftlog.segmented.SegmentedRaftLogWorker$$Lambda/0x00007f7e9c334fd8.run(Unknown Source)
        at java.base@21.0.6/java.util.concurrent.Executors$RunnableAdapter.call(Executors.java:572)
        at java.base@21.0.6/java.util.concurrent.FutureTask.run(FutureTask.java:317)
        at java.base@21.0.6/java.util.concurrent.ThreadPoolExecutor.runWorker(ThreadPoolExecutor.java:1144)
        at java.base@21.0.6/java.util.concurrent.ThreadPoolExecutor$Worker.run(ThreadPoolExecutor.java:642)
        at java.base@21.0.6/java.lang.Thread.runWith(Thread.java:1596)
        at java.base@21.0.6/java.lang.Thread.run(Thread.java:1583)
"FixedThreadPoolWithAffinityExecutor-0-0" daemon prio=5 tid=97 timed_waiting
java.lang.Thread.State: TIMED_WAITING
        at java.base@21.0.6/jdk.internal.misc.Unsafe.park(Native Method)
        at java.base@21.0.6/java.util.concurrent.locks.LockSupport.parkNanos(LockSupport.java:269)
        at java.base@21.0.6/java.util.concurrent.locks.AbstractQueuedSynchronizer$ConditionObject.awaitNanos(AbstractQueuedSynchronizer.java:1763)
        at java.base@21.0.6/java.util.concurrent.LinkedBlockingQueue.poll(LinkedBlockingQueue.java:460)
        at app//org.apache.hadoop.hdds.scm.server.ContainerReportQueue.poll(ContainerReportQueue.java:269)
        at app//org.apache.hadoop.hdds.scm.server.ContainerReportQueue.poll(ContainerReportQueue.java:42)
        at app//org.apache.hadoop.hdds.server.events.FixedThreadPoolWithAffinityExecutor$ContainerReportProcessTask.run(FixedThreadPoolWithAffinityExecutor.java:252)
        at java.base@21.0.6/java.util.concurrent.Executors$RunnableAdapter.call(Executors.java:572)
        at java.base@21.0.6/java.util.concurrent.FutureTask.run(FutureTask.java:317)
        at java.base@21.0.6/java.util.concurrent.ThreadPoolExecutor.runWorker(ThreadPoolExecutor.java:1144)
        at java.base@21.0.6/java.util.concurrent.ThreadPoolExecutor$Worker.run(ThreadPoolExecutor.java:642)
        at java.base@21.0.6/java.lang.Thread.runWith(Thread.java:1596)
        at java.base@21.0.6/java.lang.Thread.run(Thread.java:1583)
"Socket Reader #10 for port 15057"  prio=5 tid=769 runnable
java.lang.Thread.State: RUNNABLE
        at java.base@21.0.6/sun.nio.ch.EPoll.wait(Native Method)
        at java.base@21.0.6/sun.nio.ch.EPollSelectorImpl.doSelect(EPollSelectorImpl.java:121)
        at java.base@21.0.6/sun.nio.ch.SelectorImpl.lockAndDoSelect(SelectorImpl.java:130)
        at java.base@21.0.6/sun.nio.ch.SelectorImpl.select(SelectorImpl.java:147)
        at app//org.apache.hadoop.ipc.Server$Listener$Reader.doRunLoop(Server.java:1497)
        at app//org.apache.hadoop.ipc.Server$Listener$Reader.run(Server.java:1476)
"ContainerDataScanner(/home/runner/work/ozone/ozone/hadoop-ozone/integration-test/target/test-dir/MiniOzoneClusterImpl-3e129c02-f7f1-4d32-bd92-d681932e2c0d/ozone-meta/datanode-10/data-0/hdds)" daemon prio=5 tid=1151 timed_waiting
java.lang.Thread.State: TIMED_WAITING
        at java.base@21.0.6/java.lang.Thread.sleep0(Native Method)
        at java.base@21.0.6/java.lang.Thread.sleep(Thread.java:509)
        at app//org.apache.hadoop.ozone.container.ozoneimpl.AbstractBackgroundContainerScanner.handleRemainingSleep(AbstractBackgroundContainerScanner.java:128)
        at app//org.apache.hadoop.ozone.container.ozoneimpl.AbstractBackgroundContainerScanner.runIteration(AbstractBackgroundContainerScanner.java:95)
        at app//org.apache.hadoop.ozone.container.ozoneimpl.AbstractBackgroundContainerScanner.run(AbstractBackgroundContainerScanner.java:54)
"IPC Server handler 55 on default port 15002" daemon prio=5 tid=387 timed_waiting
java.lang.Thread.State: TIMED_WAITING
        at java.base@21.0.6/jdk.internal.misc.Unsafe.park(Native Method)
        at java.base@21.0.6/java.util.concurrent.locks.LockSupport.parkNanos(LockSupport.java:269)
        at java.base@21.0.6/java.util.concurrent.locks.AbstractQueuedSynchronizer$ConditionObject.awaitNanos(AbstractQueuedSynchronizer.java:1763)
        at java.base@21.0.6/java.util.concurrent.LinkedBlockingQueue.poll(LinkedBlockingQueue.java:460)
        at app//org.apache.hadoop.ipc.CallQueueManager.take(CallQueueManager.java:370)
        at app//org.apache.hadoop.ipc.Server$Handler.run(Server.java:3165)
"Socket Reader #8 for port 15084"  prio=5 tid=1921 runnable
java.lang.Thread.State: RUNNABLE
        at java.base@21.0.6/sun.nio.ch.EPoll.wait(Native Method)
        at java.base@21.0.6/sun.nio.ch.EPollSelectorImpl.doSelect(EPollSelectorImpl.java:121)
        at java.base@21.0.6/sun.nio.ch.SelectorImpl.lockAndDoSelect(SelectorImpl.java:130)
        at java.base@21.0.6/sun.nio.ch.SelectorImpl.select(SelectorImpl.java:147)
        at app//org.apache.hadoop.ipc.Server$Listener$Reader.doRunLoop(Server.java:1497)
        at app//org.apache.hadoop.ipc.Server$Listener$Reader.run(Server.java:1476)
"IPC Server handler 63 on default port 15002" daemon prio=5 tid=395 timed_waiting
java.lang.Thread.State: TIMED_WAITING
        at java.base@21.0.6/jdk.internal.misc.Unsafe.park(Native Method)
        at java.base@21.0.6/java.util.concurrent.locks.LockSupport.parkNanos(LockSupport.java:269)
        at java.base@21.0.6/java.util.concurrent.locks.AbstractQueuedSynchronizer$ConditionObject.awaitNanos(AbstractQueuedSynchronizer.java:1763)
        at java.base@21.0.6/java.util.concurrent.LinkedBlockingQueue.poll(LinkedBlockingQueue.java:460)
        at app//org.apache.hadoop.ipc.CallQueueManager.take(CallQueueManager.java:370)
        at app//org.apache.hadoop.ipc.Server$Handler.run(Server.java:3165)
"2dcfdddc-a76f-4d49-b174-7a2bddacee37-DatanodeReportManager-3" daemon prio=5 tid=695 in Object.wait()
java.lang.Thread.State: WAITING (on object monitor)
        at java.base@21.0.6/jdk.internal.misc.Unsafe.park(Native Method)
        at java.base@21.0.6/java.util.concurrent.locks.LockSupport.park(LockSupport.java:371)
        at java.base@21.0.6/java.util.concurrent.locks.AbstractQueuedSynchronizer$ConditionNode.block(AbstractQueuedSynchronizer.java:519)
        at java.base@21.0.6/java.util.concurrent.ForkJoinPool.unmanagedBlock(ForkJoinPool.java:3780)
        at java.base@21.0.6/java.util.concurrent.ForkJoinPool.managedBlock(ForkJoinPool.java:3725)
        at java.base@21.0.6/java.util.concurrent.locks.AbstractQueuedSynchronizer$ConditionObject.await(AbstractQueuedSynchronizer.java:1712)
        at java.base@21.0.6/java.util.concurrent.ScheduledThreadPoolExecutor$DelayedWorkQueue.take(ScheduledThreadPoolExecutor.java:1177)
        at java.base@21.0.6/java.util.concurrent.ScheduledThreadPoolExecutor$DelayedWorkQueue.take(ScheduledThreadPoolExecutor.java:899)
        at java.base@21.0.6/java.util.concurrent.ThreadPoolExecutor.getTask(ThreadPoolExecutor.java:1070)
        at java.base@21.0.6/java.util.concurrent.ThreadPoolExecutor.runWorker(ThreadPoolExecutor.java:1130)
        at java.base@21.0.6/java.util.concurrent.ThreadPoolExecutor$Worker.run(ThreadPoolExecutor.java:642)
        at java.base@21.0.6/java.lang.Thread.runWith(Thread.java:1596)
        at java.base@21.0.6/java.lang.Thread.run(Thread.java:1583)
"StaleRecoveringContainerScrubbingService#1" daemon prio=5 tid=1161 timed_waiting
java.lang.Thread.State: TIMED_WAITING
        at java.base@21.0.6/jdk.internal.misc.Unsafe.park(Native Method)
        at java.base@21.0.6/java.util.concurrent.locks.LockSupport.parkNanos(LockSupport.java:269)
        at java.base@21.0.6/java.util.concurrent.locks.AbstractQueuedSynchronizer$ConditionObject.awaitNanos(AbstractQueuedSynchronizer.java:1763)
        at java.base@21.0.6/java.util.concurrent.ScheduledThreadPoolExecutor$DelayedWorkQueue.take(ScheduledThreadPoolExecutor.java:1182)
        at java.base@21.0.6/java.util.concurrent.ScheduledThreadPoolExecutor$DelayedWorkQueue.take(ScheduledThreadPoolExecutor.java:899)
        at java.base@21.0.6/java.util.concurrent.ThreadPoolExecutor.getTask(ThreadPoolExecutor.java:1070)
        at java.base@21.0.6/java.util.concurrent.ThreadPoolExecutor.runWorker(ThreadPoolExecutor.java:1130)
        at java.base@21.0.6/java.util.concurrent.ThreadPoolExecutor$Worker.run(ThreadPoolExecutor.java:642)
        at java.base@21.0.6/java.lang.Thread.runWith(Thread.java:1596)
        at java.base@21.0.6/java.lang.Thread.run(Thread.java:1583)
"49dd84ae-7ec9-4d92-bc53-345946144fea-RocksDBCompactionThread-0"  prio=5 tid=2237 timed_waiting
java.lang.Thread.State: TIMED_WAITING
        at java.base@21.0.6/jdk.internal.misc.Unsafe.park(Native Method)
        at java.base@21.0.6/java.util.concurrent.locks.LockSupport.parkNanos(LockSupport.java:269)
        at java.base@21.0.6/java.util.concurrent.locks.AbstractQueuedSynchronizer$ConditionObject.awaitNanos(AbstractQueuedSynchronizer.java:1763)
        at java.base@21.0.6/java.util.concurrent.ScheduledThreadPoolExecutor$DelayedWorkQueue.take(ScheduledThreadPoolExecutor.java:1182)
        at java.base@21.0.6/java.util.concurrent.ScheduledThreadPoolExecutor$DelayedWorkQueue.take(ScheduledThreadPoolExecutor.java:899)
        at java.base@21.0.6/java.util.concurrent.ThreadPoolExecutor.getTask(ThreadPoolExecutor.java:1070)
        at java.base@21.0.6/java.util.concurrent.ThreadPoolExecutor.runWorker(ThreadPoolExecutor.java:1130)
        at java.base@21.0.6/java.util.concurrent.ThreadPoolExecutor$Worker.run(ThreadPoolExecutor.java:642)
        at java.base@21.0.6/java.lang.Thread.runWith(Thread.java:1596)
        at java.base@21.0.6/java.lang.Thread.run(Thread.java:1583)
"ccfadb7c-9180-4c4b-b969-671c642a7bd3@group-BBC2BE15DE85->46d11c6d-db9b-44c9-8985-212dd9cf6636-GrpcLogAppender-LogAppenderDaemon" daemon prio=5 tid=2075 timed_waiting
java.lang.Thread.State: TIMED_WAITING
        at java.base@21.0.6/jdk.internal.misc.Unsafe.park(Native Method)
        at java.base@21.0.6/java.util.concurrent.locks.LockSupport.parkNanos(LockSupport.java:269)
        at java.base@21.0.6/java.util.concurrent.locks.AbstractQueuedSynchronizer$ConditionObject.await(AbstractQueuedSynchronizer.java:1852)
        at app//org.apache.ratis.util.AwaitForSignal.await(AwaitForSignal.java:65)
        at app//org.apache.ratis.grpc.server.GrpcLogAppender.mayWait(GrpcLogAppender.java:290)
        at app//org.apache.ratis.grpc.server.GrpcLogAppender.run(GrpcLogAppender.java:258)
        at app//org.apache.ratis.server.leader.LogAppenderDaemon.run(LogAppenderDaemon.java:80)
        at app//org.apache.ratis.server.leader.LogAppenderDaemon$$Lambda/0x00007f7e9c91a108.run(Unknown Source)
        at java.base@21.0.6/java.lang.Thread.runWith(Thread.java:1596)
        at java.base@21.0.6/java.lang.Thread.run(Thread.java:1583)
"IPC Server handler 1 on default port 15012" daemon prio=5 tid=2276 timed_waiting
java.lang.Thread.State: TIMED_WAITING
        at java.base@21.0.6/jdk.internal.misc.Unsafe.park(Native Method)
        at java.base@21.0.6/java.util.concurrent.locks.LockSupport.parkNanos(LockSupport.java:269)
        at java.base@21.0.6/java.util.concurrent.locks.AbstractQueuedSynchronizer$ConditionObject.awaitNanos(AbstractQueuedSynchronizer.java:1763)
        at java.base@21.0.6/java.util.concurrent.LinkedBlockingQueue.poll(LinkedBlockingQueue.java:460)
        at app//org.apache.hadoop.ipc.CallQueueManager.take(CallQueueManager.java:370)
        at app//org.apache.hadoop.ipc.Server$Handler.run(Server.java:3165)
"42086d8c-c943-47d6-a5f9-799709872375@group-3A2BF5D858B4-cacheEviction-AwaitToRun" daemon prio=5 tid=2335 in Object.wait()
java.lang.Thread.State: WAITING (on object monitor)
        at java.base@21.0.6/jdk.internal.misc.Unsafe.park(Native Method)
        at java.base@21.0.6/java.util.concurrent.locks.LockSupport.park(LockSupport.java:371)
        at java.base@21.0.6/java.util.concurrent.locks.AbstractQueuedSynchronizer$ConditionNode.block(AbstractQueuedSynchronizer.java:519)
        at java.base@21.0.6/java.util.concurrent.ForkJoinPool.unmanagedBlock(ForkJoinPool.java:3780)
        at java.base@21.0.6/java.util.concurrent.ForkJoinPool.managedBlock(ForkJoinPool.java:3725)
        at java.base@21.0.6/java.util.concurrent.locks.AbstractQueuedSynchronizer$ConditionObject.await(AbstractQueuedSynchronizer.java:1712)
        at app//org.apache.ratis.util.AwaitForSignal.await(AwaitForSignal.java:48)
        at app//org.apache.ratis.util.AwaitToRun$RunnableImpl.run(AwaitToRun.java:47)
        at java.base@21.0.6/java.lang.Thread.runWith(Thread.java:1596)
        at java.base@21.0.6/java.lang.Thread.run(Thread.java:1583)
"42086d8c-c943-47d6-a5f9-799709872375-ContainerOp-9e09d6a8-9742-4eee-8124-a68b45278972-0"  prio=5 tid=1496 in Object.wait()
java.lang.Thread.State: WAITING (on object monitor)
        at java.base@21.0.6/jdk.internal.misc.Unsafe.park(Native Method)
        at java.base@21.0.6/java.util.concurrent.locks.LockSupport.park(LockSupport.java:371)
        at java.base@21.0.6/java.util.concurrent.locks.AbstractQueuedSynchronizer$ConditionNode.block(AbstractQueuedSynchronizer.java:519)
        at java.base@21.0.6/java.util.concurrent.ForkJoinPool.unmanagedBlock(ForkJoinPool.java:3780)
        at java.base@21.0.6/java.util.concurrent.ForkJoinPool.managedBlock(ForkJoinPool.java:3725)
        at java.base@21.0.6/java.util.concurrent.locks.AbstractQueuedSynchronizer$ConditionObject.await(AbstractQueuedSynchronizer.java:1712)
        at java.base@21.0.6/java.util.concurrent.LinkedBlockingQueue.take(LinkedBlockingQueue.java:435)
        at java.base@21.0.6/java.util.concurrent.ThreadPoolExecutor.getTask(ThreadPoolExecutor.java:1070)
        at java.base@21.0.6/java.util.concurrent.ThreadPoolExecutor.runWorker(ThreadPoolExecutor.java:1130)
        at java.base@21.0.6/java.util.concurrent.ThreadPoolExecutor$Worker.run(ThreadPoolExecutor.java:642)
        at java.base@21.0.6/java.lang.Thread.runWith(Thread.java:1596)
        at java.base@21.0.6/java.lang.Thread.run(Thread.java:1583)
"2dcfdddc-a76f-4d49-b174-7a2bddacee37-BlockDeletingService#3" daemon prio=5 tid=2182 in Object.wait()
java.lang.Thread.State: WAITING (on object monitor)
        at java.base@21.0.6/jdk.internal.misc.Unsafe.park(Native Method)
        at java.base@21.0.6/java.util.concurrent.locks.LockSupport.park(LockSupport.java:371)
        at java.base@21.0.6/java.util.concurrent.locks.AbstractQueuedSynchronizer$ConditionNode.block(AbstractQueuedSynchronizer.java:519)
        at java.base@21.0.6/java.util.concurrent.ForkJoinPool.unmanagedBlock(ForkJoinPool.java:3780)
        at java.base@21.0.6/java.util.concurrent.ForkJoinPool.managedBlock(ForkJoinPool.java:3725)
        at java.base@21.0.6/java.util.concurrent.locks.AbstractQueuedSynchronizer$ConditionObject.await(AbstractQueuedSynchronizer.java:1712)
        at java.base@21.0.6/java.util.concurrent.ScheduledThreadPoolExecutor$DelayedWorkQueue.take(ScheduledThreadPoolExecutor.java:1177)
        at java.base@21.0.6/java.util.concurrent.ScheduledThreadPoolExecutor$DelayedWorkQueue.take(ScheduledThreadPoolExecutor.java:899)
        at java.base@21.0.6/java.util.concurrent.ThreadPoolExecutor.getTask(ThreadPoolExecutor.java:1070)
        at java.base@21.0.6/java.util.concurrent.ThreadPoolExecutor.runWorker(ThreadPoolExecutor.java:1130)
        at java.base@21.0.6/java.util.concurrent.ThreadPoolExecutor$Worker.run(ThreadPoolExecutor.java:642)
        at java.base@21.0.6/java.lang.Thread.runWith(Thread.java:1596)
        at java.base@21.0.6/java.lang.Thread.run(Thread.java:1583)
"2dcfdddc-a76f-4d49-b174-7a2bddacee37-ContainerOp-9e09d6a8-9742-4eee-8124-a68b45278972-6"  prio=5 tid=2151 in Object.wait()
java.lang.Thread.State: WAITING (on object monitor)
        at java.base@21.0.6/jdk.internal.misc.Unsafe.park(Native Method)
        at java.base@21.0.6/java.util.concurrent.locks.LockSupport.park(LockSupport.java:371)
        at java.base@21.0.6/java.util.concurrent.locks.AbstractQueuedSynchronizer$ConditionNode.block(AbstractQueuedSynchronizer.java:519)
        at java.base@21.0.6/java.util.concurrent.ForkJoinPool.unmanagedBlock(ForkJoinPool.java:3780)
        at java.base@21.0.6/java.util.concurrent.ForkJoinPool.managedBlock(ForkJoinPool.java:3725)
        at java.base@21.0.6/java.util.concurrent.locks.AbstractQueuedSynchronizer$ConditionObject.await(AbstractQueuedSynchronizer.java:1712)
        at java.base@21.0.6/java.util.concurrent.LinkedBlockingQueue.take(LinkedBlockingQueue.java:435)
        at java.base@21.0.6/java.util.concurrent.ThreadPoolExecutor.getTask(ThreadPoolExecutor.java:1070)
        at java.base@21.0.6/java.util.concurrent.ThreadPoolExecutor.runWorker(ThreadPoolExecutor.java:1130)
        at java.base@21.0.6/java.util.concurrent.ThreadPoolExecutor$Worker.run(ThreadPoolExecutor.java:642)
        at java.base@21.0.6/java.lang.Thread.runWith(Thread.java:1596)
        at java.base@21.0.6/java.lang.Thread.run(Thread.java:1583)
"SCMHATransactionMonitor" daemon prio=5 tid=112 timed_waiting
java.lang.Thread.State: TIMED_WAITING
        at java.base@21.0.6/java.lang.Object.wait0(Native Method)
        at java.base@21.0.6/java.lang.Object.wait(Object.java:366)
        at app//org.apache.hadoop.hdds.scm.ha.BackgroundSCMService.run(BackgroundSCMService.java:106)
        at app//org.apache.hadoop.hdds.scm.ha.BackgroundSCMService$$Lambda/0x00007f7e9c4ad198.run(Unknown Source)
        at java.base@21.0.6/java.lang.Thread.runWith(Thread.java:1596)
        at java.base@21.0.6/java.lang.Thread.run(Thread.java:1583)
"Socket Reader #8 for port 15021"  prio=5 tid=581 runnable
java.lang.Thread.State: RUNNABLE
        at java.base@21.0.6/sun.nio.ch.EPoll.wait(Native Method)
        at java.base@21.0.6/sun.nio.ch.EPollSelectorImpl.doSelect(EPollSelectorImpl.java:121)
        at java.base@21.0.6/sun.nio.ch.SelectorImpl.lockAndDoSelect(SelectorImpl.java:130)
        at java.base@21.0.6/sun.nio.ch.SelectorImpl.select(SelectorImpl.java:147)
        at app//org.apache.hadoop.ipc.Server$Listener$Reader.doRunLoop(Server.java:1497)
        at app//org.apache.hadoop.ipc.Server$Listener$Reader.run(Server.java:1476)
"49dd84ae-7ec9-4d92-bc53-345946144fea-server-thread1" daemon prio=5 tid=2407 timed_waiting
java.lang.Thread.State: TIMED_WAITING
        at java.base@21.0.6/jdk.internal.misc.Unsafe.park(Native Method)
        at java.base@21.0.6/java.util.concurrent.locks.LockSupport.parkNanos(LockSupport.java:410)
        at java.base@21.0.6/java.util.concurrent.LinkedTransferQueue$DualNode.await(LinkedTransferQueue.java:452)
        at java.base@21.0.6/java.util.concurrent.SynchronousQueue$Transferer.xferLifo(SynchronousQueue.java:194)
        at java.base@21.0.6/java.util.concurrent.SynchronousQueue.xfer(SynchronousQueue.java:235)
        at java.base@21.0.6/java.util.concurrent.SynchronousQueue.poll(SynchronousQueue.java:338)
        at java.base@21.0.6/java.util.concurrent.ThreadPoolExecutor.getTask(ThreadPoolExecutor.java:1069)
        at java.base@21.0.6/java.util.concurrent.ThreadPoolExecutor.runWorker(ThreadPoolExecutor.java:1130)
        at java.base@21.0.6/java.util.concurrent.ThreadPoolExecutor$Worker.run(ThreadPoolExecutor.java:642)
        at java.base@21.0.6/java.lang.Thread.runWith(Thread.java:1596)
        at java.base@21.0.6/java.lang.Thread.run(Thread.java:1583)
"eb965ba7-12a8-46f3-92c0-bc6ff5b3bf3b-ContainerOp-e1fc892c-095b-4650-8f0f-81341f4e2824-9"  prio=5 tid=2416 in Object.wait()
java.lang.Thread.State: WAITING (on object monitor)
        at java.base@21.0.6/jdk.internal.misc.Unsafe.park(Native Method)
        at java.base@21.0.6/java.util.concurrent.locks.LockSupport.park(LockSupport.java:371)
        at java.base@21.0.6/java.util.concurrent.locks.AbstractQueuedSynchronizer$ConditionNode.block(AbstractQueuedSynchronizer.java:519)
        at java.base@21.0.6/java.util.concurrent.ForkJoinPool.unmanagedBlock(ForkJoinPool.java:3780)
        at java.base@21.0.6/java.util.concurrent.ForkJoinPool.managedBlock(ForkJoinPool.java:3725)
        at java.base@21.0.6/java.util.concurrent.locks.AbstractQueuedSynchronizer$ConditionObject.await(AbstractQueuedSynchronizer.java:1712)
        at java.base@21.0.6/java.util.concurrent.LinkedBlockingQueue.take(LinkedBlockingQueue.java:435)
        at java.base@21.0.6/java.util.concurrent.ThreadPoolExecutor.getTask(ThreadPoolExecutor.java:1070)
        at java.base@21.0.6/java.util.concurrent.ThreadPoolExecutor.runWorker(ThreadPoolExecutor.java:1130)
        at java.base@21.0.6/java.util.concurrent.ThreadPoolExecutor$Worker.run(ThreadPoolExecutor.java:642)
        at java.base@21.0.6/java.lang.Thread.runWith(Thread.java:1596)
        at java.base@21.0.6/java.lang.Thread.run(Thread.java:1583)
"6b36f32d-918c-46a3-bfcb-888cb423c6dd-ContainerOp-e1fc892c-095b-4650-8f0f-81341f4e2824-9"  prio=5 tid=2417 in Object.wait()
java.lang.Thread.State: WAITING (on object monitor)
        at java.base@21.0.6/jdk.internal.misc.Unsafe.park(Native Method)
        at java.base@21.0.6/java.util.concurrent.locks.LockSupport.park(LockSupport.java:371)
        at java.base@21.0.6/java.util.concurrent.locks.AbstractQueuedSynchronizer$ConditionNode.block(AbstractQueuedSynchronizer.java:519)
        at java.base@21.0.6/java.util.concurrent.ForkJoinPool.unmanagedBlock(ForkJoinPool.java:3780)
        at java.base@21.0.6/java.util.concurrent.ForkJoinPool.managedBlock(ForkJoinPool.java:3725)
        at java.base@21.0.6/java.util.concurrent.locks.AbstractQueuedSynchronizer$ConditionObject.await(AbstractQueuedSynchronizer.java:1712)
        at java.base@21.0.6/java.util.concurrent.LinkedBlockingQueue.take(LinkedBlockingQueue.java:435)
        at java.base@21.0.6/java.util.concurrent.ThreadPoolExecutor.getTask(ThreadPoolExecutor.java:1070)
        at java.base@21.0.6/java.util.concurrent.ThreadPoolExecutor.runWorker(ThreadPoolExecutor.java:1130)
        at java.base@21.0.6/java.util.concurrent.ThreadPoolExecutor$Worker.run(ThreadPoolExecutor.java:642)
        at java.base@21.0.6/java.lang.Thread.runWith(Thread.java:1596)
        at java.base@21.0.6/java.lang.Thread.run(Thread.java:1583)
"IPC Server handler 5 on default port 15039" daemon prio=5 tid=686 timed_waiting
java.lang.Thread.State: TIMED_WAITING
        at java.base@21.0.6/jdk.internal.misc.Unsafe.park(Native Method)
        at java.base@21.0.6/java.util.concurrent.locks.LockSupport.parkNanos(LockSupport.java:269)
        at java.base@21.0.6/java.util.concurrent.locks.AbstractQueuedSynchronizer$ConditionObject.awaitNanos(AbstractQueuedSynchronizer.java:1763)
        at java.base@21.0.6/java.util.concurrent.LinkedBlockingQueue.poll(LinkedBlockingQueue.java:460)
        at app//org.apache.hadoop.ipc.CallQueueManager.take(CallQueueManager.java:370)
        at app//org.apache.hadoop.ipc.Server$Handler.run(Server.java:3165)
"IPC Server handler 16 on default port 15006" daemon prio=5 tid=507 timed_waiting
java.lang.Thread.State: TIMED_WAITING
        at java.base@21.0.6/jdk.internal.misc.Unsafe.park(Native Method)
        at java.base@21.0.6/java.util.concurrent.locks.LockSupport.parkNanos(LockSupport.java:269)
        at java.base@21.0.6/java.util.concurrent.locks.AbstractQueuedSynchronizer$ConditionObject.awaitNanos(AbstractQueuedSynchronizer.java:1763)
        at java.base@21.0.6/java.util.concurrent.LinkedBlockingQueue.poll(LinkedBlockingQueue.java:460)
        at app//org.apache.hadoop.ipc.CallQueueManager.take(CallQueueManager.java:370)
        at app//org.apache.hadoop.ipc.Server$Handler.run(Server.java:3165)
"2dcfdddc-a76f-4d49-b174-7a2bddacee37-DatanodeReportManager-0" daemon prio=5 tid=692 timed_waiting
java.lang.Thread.State: TIMED_WAITING
        at java.base@21.0.6/jdk.internal.misc.Unsafe.park(Native Method)
        at java.base@21.0.6/java.util.concurrent.locks.LockSupport.parkNanos(LockSupport.java:269)
        at java.base@21.0.6/java.util.concurrent.locks.AbstractQueuedSynchronizer$ConditionObject.awaitNanos(AbstractQueuedSynchronizer.java:1763)
        at java.base@21.0.6/java.util.concurrent.ScheduledThreadPoolExecutor$DelayedWorkQueue.take(ScheduledThreadPoolExecutor.java:1182)
        at java.base@21.0.6/java.util.concurrent.ScheduledThreadPoolExecutor$DelayedWorkQueue.take(ScheduledThreadPoolExecutor.java:899)
        at java.base@21.0.6/java.util.concurrent.ThreadPoolExecutor.getTask(ThreadPoolExecutor.java:1070)
        at java.base@21.0.6/java.util.concurrent.ThreadPoolExecutor.runWorker(ThreadPoolExecutor.java:1130)
        at java.base@21.0.6/java.util.concurrent.ThreadPoolExecutor$Worker.run(ThreadPoolExecutor.java:642)
        at java.base@21.0.6/java.lang.Thread.runWith(Thread.java:1596)
        at java.base@21.0.6/java.lang.Thread.run(Thread.java:1583)
"2dcfdddc-a76f-4d49-b174-7a2bddacee37@group-5D3AD1A76108-cacheEviction-AwaitToRun" daemon prio=5 tid=1239 in Object.wait()
java.lang.Thread.State: WAITING (on object monitor)
        at java.base@21.0.6/jdk.internal.misc.Unsafe.park(Native Method)
        at java.base@21.0.6/java.util.concurrent.locks.LockSupport.park(LockSupport.java:371)
        at java.base@21.0.6/java.util.concurrent.locks.AbstractQueuedSynchronizer$ConditionNode.block(AbstractQueuedSynchronizer.java:519)
        at java.base@21.0.6/java.util.concurrent.ForkJoinPool.unmanagedBlock(ForkJoinPool.java:3780)
        at java.base@21.0.6/java.util.concurrent.ForkJoinPool.managedBlock(ForkJoinPool.java:3725)
        at java.base@21.0.6/java.util.concurrent.locks.AbstractQueuedSynchronizer$ConditionObject.await(AbstractQueuedSynchronizer.java:1712)
        at app//org.apache.ratis.util.AwaitForSignal.await(AwaitForSignal.java:48)
        at app//org.apache.ratis.util.AwaitToRun$RunnableImpl.run(AwaitToRun.java:47)
        at java.base@21.0.6/java.lang.Thread.runWith(Thread.java:1596)
        at java.base@21.0.6/java.lang.Thread.run(Thread.java:1583)
"6b36f32d-918c-46a3-bfcb-888cb423c6dd-ChunkWriter-1-0" daemon prio=5 tid=1003 in Object.wait()
java.lang.Thread.State: WAITING (on object monitor)
        at java.base@21.0.6/jdk.internal.misc.Unsafe.park(Native Method)
        at java.base@21.0.6/java.util.concurrent.locks.LockSupport.park(LockSupport.java:371)
        at java.base@21.0.6/java.util.concurrent.locks.AbstractQueuedSynchronizer$ConditionNode.block(AbstractQueuedSynchronizer.java:519)
        at java.base@21.0.6/java.util.concurrent.ForkJoinPool.unmanagedBlock(ForkJoinPool.java:3780)
        at java.base@21.0.6/java.util.concurrent.ForkJoinPool.managedBlock(ForkJoinPool.java:3725)
        at java.base@21.0.6/java.util.concurrent.locks.AbstractQueuedSynchronizer$ConditionObject.await(AbstractQueuedSynchronizer.java:1712)
        at java.base@21.0.6/java.util.concurrent.LinkedBlockingDeque.takeFirst(LinkedBlockingDeque.java:485)
        at java.base@21.0.6/java.util.concurrent.LinkedBlockingDeque.take(LinkedBlockingDeque.java:673)
        at java.base@21.0.6/java.util.concurrent.ThreadPoolExecutor.getTask(ThreadPoolExecutor.java:1070)
        at java.base@21.0.6/java.util.concurrent.ThreadPoolExecutor.runWorker(ThreadPoolExecutor.java:1130)
        at java.base@21.0.6/java.util.concurrent.ThreadPoolExecutor$Worker.run(ThreadPoolExecutor.java:642)
        at java.base@21.0.6/java.lang.Thread.runWith(Thread.java:1596)
        at java.base@21.0.6/java.lang.Thread.run(Thread.java:1583)
"IPC Server handler 84 on default port 15000" daemon prio=5 tid=198 timed_waiting
java.lang.Thread.State: TIMED_WAITING
        at java.base@21.0.6/jdk.internal.misc.Unsafe.park(Native Method)
        at java.base@21.0.6/java.util.concurrent.locks.LockSupport.parkNanos(LockSupport.java:269)
        at java.base@21.0.6/java.util.concurrent.locks.AbstractQueuedSynchronizer$ConditionObject.awaitNanos(AbstractQueuedSynchronizer.java:1763)
        at java.base@21.0.6/java.util.concurrent.LinkedBlockingQueue.poll(LinkedBlockingQueue.java:460)
        at app//org.apache.hadoop.ipc.CallQueueManager.take(CallQueueManager.java:370)
        at app//org.apache.hadoop.ipc.Server$Handler.run(Server.java:3165)
"42086d8c-c943-47d6-a5f9-799709872375@group-3A2BF5D858B4->2dcfdddc-a76f-4d49-b174-7a2bddacee37-GrpcLogAppender-LogAppenderDaemon" daemon prio=5 tid=2387 timed_waiting
java.lang.Thread.State: TIMED_WAITING
        at java.base@21.0.6/jdk.internal.misc.Unsafe.park(Native Method)
        at java.base@21.0.6/java.util.concurrent.locks.LockSupport.parkNanos(LockSupport.java:269)
        at java.base@21.0.6/java.util.concurrent.locks.AbstractQueuedSynchronizer$ConditionObject.await(AbstractQueuedSynchronizer.java:1852)
        at app//org.apache.ratis.util.AwaitForSignal.await(AwaitForSignal.java:65)
        at app//org.apache.ratis.grpc.server.GrpcLogAppender.mayWait(GrpcLogAppender.java:290)
        at app//org.apache.ratis.grpc.server.GrpcLogAppender.run(GrpcLogAppender.java:258)
        at app//org.apache.ratis.server.leader.LogAppenderDaemon.run(LogAppenderDaemon.java:80)
        at app//org.apache.ratis.server.leader.LogAppenderDaemon$$Lambda/0x00007f7e9c91a108.run(Unknown Source)
        at java.base@21.0.6/java.lang.Thread.runWith(Thread.java:1596)
        at java.base@21.0.6/java.lang.Thread.run(Thread.java:1583)
"25fe7083-9332-4190-accf-9f4542114dd9@group-CA8E8F8CF78E->ccfadb7c-9180-4c4b-b969-671c642a7bd3-GrpcLogAppender-LogAppenderDaemon" daemon prio=5 tid=2092 timed_waiting
java.lang.Thread.State: TIMED_WAITING
        at java.base@21.0.6/jdk.internal.misc.Unsafe.park(Native Method)
        at java.base@21.0.6/java.util.concurrent.locks.LockSupport.parkNanos(LockSupport.java:269)
        at java.base@21.0.6/java.util.concurrent.locks.AbstractQueuedSynchronizer$ConditionObject.await(AbstractQueuedSynchronizer.java:1852)
        at app//org.apache.ratis.util.AwaitForSignal.await(AwaitForSignal.java:65)
        at app//org.apache.ratis.grpc.server.GrpcLogAppender.mayWait(GrpcLogAppender.java:290)
        at app//org.apache.ratis.grpc.server.GrpcLogAppender.run(GrpcLogAppender.java:258)
        at app//org.apache.ratis.server.leader.LogAppenderDaemon.run(LogAppenderDaemon.java:80)
        at app//org.apache.ratis.server.leader.LogAppenderDaemon$$Lambda/0x00007f7e9c91a108.run(Unknown Source)
        at java.base@21.0.6/java.lang.Thread.runWith(Thread.java:1596)
        at java.base@21.0.6/java.lang.Thread.run(Thread.java:1583)
"IPC Server handler 4 on default port 15000" daemon prio=5 tid=118 timed_waiting
java.lang.Thread.State: TIMED_WAITING
        at java.base@21.0.6/jdk.internal.misc.Unsafe.park(Native Method)
        at java.base@21.0.6/java.util.concurrent.locks.LockSupport.parkNanos(LockSupport.java:269)
        at java.base@21.0.6/java.util.concurrent.locks.AbstractQueuedSynchronizer$ConditionObject.awaitNanos(AbstractQueuedSynchronizer.java:1763)
        at java.base@21.0.6/java.util.concurrent.LinkedBlockingQueue.poll(LinkedBlockingQueue.java:460)
        at app//org.apache.hadoop.ipc.CallQueueManager.take(CallQueueManager.java:370)
        at app//org.apache.hadoop.ipc.Server$Handler.run(Server.java:3165)
"om1@group-C5BA1605619E-SegmentedRaftLogWorker"  prio=5 tid=458 timed_waiting
java.lang.Thread.State: TIMED_WAITING
        at java.base@21.0.6/jdk.internal.misc.Unsafe.park(Native Method)
        at java.base@21.0.6/java.util.concurrent.locks.LockSupport.parkNanos(LockSupport.java:269)
        at java.base@21.0.6/java.util.concurrent.locks.AbstractQueuedSynchronizer$ConditionObject.awaitNanos(AbstractQueuedSynchronizer.java:1763)
        at app//org.apache.ratis.util.DataBlockingQueue.poll(DataBlockingQueue.java:148)
        at app//org.apache.ratis.server.raftlog.segmented.SegmentedRaftLogWorker.run(SegmentedRaftLogWorker.java:307)
        at app//org.apache.ratis.server.raftlog.segmented.SegmentedRaftLogWorker$$Lambda/0x00007f7e9c334fd8.run(Unknown Source)
        at java.base@21.0.6/java.util.concurrent.Executors$RunnableAdapter.call(Executors.java:572)
        at java.base@21.0.6/java.util.concurrent.FutureTask.run(FutureTask.java:317)
        at java.base@21.0.6/java.util.concurrent.ThreadPoolExecutor.runWorker(ThreadPoolExecutor.java:1144)
        at java.base@21.0.6/java.util.concurrent.ThreadPoolExecutor$Worker.run(ThreadPoolExecutor.java:642)
        at java.base@21.0.6/java.lang.Thread.runWith(Thread.java:1596)
        at java.base@21.0.6/java.lang.Thread.run(Thread.java:1583)
"a13388fd-1835-4592-9b5c-4bd6c8202229@group-D681932E2C0D-SegmentedRaftLogWorker"  prio=5 tid=108 timed_waiting
java.lang.Thread.State: TIMED_WAITING
        at java.base@21.0.6/jdk.internal.misc.Unsafe.park(Native Method)
        at java.base@21.0.6/java.util.concurrent.locks.LockSupport.parkNanos(LockSupport.java:269)
        at java.base@21.0.6/java.util.concurrent.locks.AbstractQueuedSynchronizer$ConditionObject.awaitNanos(AbstractQueuedSynchronizer.java:1763)
        at app//org.apache.ratis.util.DataBlockingQueue.poll(DataBlockingQueue.java:148)
        at app//org.apache.ratis.server.raftlog.segmented.SegmentedRaftLogWorker.run(SegmentedRaftLogWorker.java:307)
        at app//org.apache.ratis.server.raftlog.segmented.SegmentedRaftLogWorker$$Lambda/0x00007f7e9c334fd8.run(Unknown Source)
        at java.base@21.0.6/java.util.concurrent.Executors$RunnableAdapter.call(Executors.java:572)
        at java.base@21.0.6/java.util.concurrent.FutureTask.run(FutureTask.java:317)
        at java.base@21.0.6/java.util.concurrent.ThreadPoolExecutor.runWorker(ThreadPoolExecutor.java:1144)
        at java.base@21.0.6/java.util.concurrent.ThreadPoolExecutor$Worker.run(ThreadPoolExecutor.java:642)
        at java.base@21.0.6/java.lang.Thread.runWith(Thread.java:1596)
        at java.base@21.0.6/java.lang.Thread.run(Thread.java:1583)
"42086d8c-c943-47d6-a5f9-799709872375-ChunkWriter-3-0" daemon prio=5 tid=1059 in Object.wait()
java.lang.Thread.State: WAITING (on object monitor)
        at java.base@21.0.6/jdk.internal.misc.Unsafe.park(Native Method)
        at java.base@21.0.6/java.util.concurrent.locks.LockSupport.park(LockSupport.java:371)
        at java.base@21.0.6/java.util.concurrent.locks.AbstractQueuedSynchronizer$ConditionNode.block(AbstractQueuedSynchronizer.java:519)
        at java.base@21.0.6/java.util.concurrent.ForkJoinPool.unmanagedBlock(ForkJoinPool.java:3780)
        at java.base@21.0.6/java.util.concurrent.ForkJoinPool.managedBlock(ForkJoinPool.java:3725)
        at java.base@21.0.6/java.util.concurrent.locks.AbstractQueuedSynchronizer$ConditionObject.await(AbstractQueuedSynchronizer.java:1712)
        at java.base@21.0.6/java.util.concurrent.LinkedBlockingDeque.takeFirst(LinkedBlockingDeque.java:485)
        at java.base@21.0.6/java.util.concurrent.LinkedBlockingDeque.take(LinkedBlockingDeque.java:673)
        at java.base@21.0.6/java.util.concurrent.ThreadPoolExecutor.getTask(ThreadPoolExecutor.java:1070)
        at java.base@21.0.6/java.util.concurrent.ThreadPoolExecutor.runWorker(ThreadPoolExecutor.java:1130)
        at java.base@21.0.6/java.util.concurrent.ThreadPoolExecutor$Worker.run(ThreadPoolExecutor.java:642)
        at java.base@21.0.6/java.lang.Thread.runWith(Thread.java:1596)
        at java.base@21.0.6/java.lang.Thread.run(Thread.java:1583)
"DatanodeAdminManager-0" daemon prio=5 tid=54 timed_waiting
java.lang.Thread.State: TIMED_WAITING
        at java.base@21.0.6/jdk.internal.misc.Unsafe.park(Native Method)
        at java.base@21.0.6/java.util.concurrent.locks.LockSupport.parkNanos(LockSupport.java:269)
        at java.base@21.0.6/java.util.concurrent.locks.AbstractQueuedSynchronizer$ConditionObject.awaitNanos(AbstractQueuedSynchronizer.java:1763)
        at java.base@21.0.6/java.util.concurrent.ScheduledThreadPoolExecutor$DelayedWorkQueue.take(ScheduledThreadPoolExecutor.java:1182)
        at java.base@21.0.6/java.util.concurrent.ScheduledThreadPoolExecutor$DelayedWorkQueue.take(ScheduledThreadPoolExecutor.java:899)
        at java.base@21.0.6/java.util.concurrent.ThreadPoolExecutor.getTask(ThreadPoolExecutor.java:1070)
        at java.base@21.0.6/java.util.concurrent.ThreadPoolExecutor.runWorker(ThreadPoolExecutor.java:1130)
        at java.base@21.0.6/java.util.concurrent.ThreadPoolExecutor$Worker.run(ThreadPoolExecutor.java:642)
        at java.base@21.0.6/java.lang.Thread.runWith(Thread.java:1596)
        at java.base@21.0.6/java.lang.Thread.run(Thread.java:1583)
"qtp1616906553-709" daemon prio=5 tid=709 timed_waiting
java.lang.Thread.State: TIMED_WAITING
        at java.base@21.0.6/jdk.internal.misc.Unsafe.park(Native Method)
        at java.base@21.0.6/java.util.concurrent.locks.LockSupport.parkNanos(LockSupport.java:269)
        at java.base@21.0.6/java.util.concurrent.locks.AbstractQueuedSynchronizer$ConditionObject.awaitNanos(AbstractQueuedSynchronizer.java:1763)
        at app//org.eclipse.jetty.util.BlockingArrayQueue.poll(BlockingArrayQueue.java:382)
        at app//org.eclipse.jetty.util.thread.QueuedThreadPool$Runner.idleJobPoll(QueuedThreadPool.java:974)
        at app//org.eclipse.jetty.util.thread.QueuedThreadPool$Runner.run(QueuedThreadPool.java:1018)
        at java.base@21.0.6/java.lang.Thread.runWith(Thread.java:1596)
        at java.base@21.0.6/java.lang.Thread.run(Thread.java:1583)
"qtp538370932-1907" daemon prio=5 tid=1907 timed_waiting
java.lang.Thread.State: TIMED_WAITING
        at java.base@21.0.6/jdk.internal.misc.Unsafe.park(Native Method)
        at java.base@21.0.6/java.util.concurrent.locks.LockSupport.parkNanos(LockSupport.java:269)
        at java.base@21.0.6/java.util.concurrent.locks.AbstractQueuedSynchronizer$ConditionObject.awaitNanos(AbstractQueuedSynchronizer.java:1763)
        at app//org.eclipse.jetty.util.BlockingArrayQueue.poll(BlockingArrayQueue.java:382)
        at app//org.eclipse.jetty.util.thread.QueuedThreadPool$Runner.idleJobPoll(QueuedThreadPool.java:974)
        at app//org.eclipse.jetty.util.thread.QueuedThreadPool$Runner.run(QueuedThreadPool.java:1018)
        at java.base@21.0.6/java.lang.Thread.runWith(Thread.java:1596)
        at java.base@21.0.6/java.lang.Thread.run(Thread.java:1583)
"2dcfdddc-a76f-4d49-b174-7a2bddacee37-BlockDeletingService#0" daemon prio=5 tid=1044 timed_waiting
java.lang.Thread.State: TIMED_WAITING
        at java.base@21.0.6/jdk.internal.misc.Unsafe.park(Native Method)
        at java.base@21.0.6/java.util.concurrent.locks.LockSupport.parkNanos(LockSupport.java:269)
        at java.base@21.0.6/java.util.concurrent.locks.AbstractQueuedSynchronizer$ConditionObject.awaitNanos(AbstractQueuedSynchronizer.java:1763)
        at java.base@21.0.6/java.util.concurrent.ScheduledThreadPoolExecutor$DelayedWorkQueue.take(ScheduledThreadPoolExecutor.java:1182)
        at java.base@21.0.6/java.util.concurrent.ScheduledThreadPoolExecutor$DelayedWorkQueue.take(ScheduledThreadPoolExecutor.java:899)
        at java.base@21.0.6/java.util.concurrent.ThreadPoolExecutor.getTask(ThreadPoolExecutor.java:1070)
        at java.base@21.0.6/java.util.concurrent.ThreadPoolExecutor.runWorker(ThreadPoolExecutor.java:1130)
        at java.base@21.0.6/java.util.concurrent.ThreadPoolExecutor$Worker.run(ThreadPoolExecutor.java:642)
        at java.base@21.0.6/java.lang.Thread.runWith(Thread.java:1596)
        at java.base@21.0.6/java.lang.Thread.run(Thread.java:1583)
"EventQueue-ContainerActionsForContainerActionsHandler" daemon prio=5 tid=1519 in Object.wait()
java.lang.Thread.State: WAITING (on object monitor)
        at java.base@21.0.6/jdk.internal.misc.Unsafe.park(Native Method)
        at java.base@21.0.6/java.util.concurrent.locks.LockSupport.park(LockSupport.java:371)
        at java.base@21.0.6/java.util.concurrent.locks.AbstractQueuedSynchronizer$ConditionNode.block(AbstractQueuedSynchronizer.java:519)
        at java.base@21.0.6/java.util.concurrent.ForkJoinPool.unmanagedBlock(ForkJoinPool.java:3780)
        at java.base@21.0.6/java.util.concurrent.ForkJoinPool.managedBlock(ForkJoinPool.java:3725)
        at java.base@21.0.6/java.util.concurrent.locks.AbstractQueuedSynchronizer$ConditionObject.await(AbstractQueuedSynchronizer.java:1712)
        at java.base@21.0.6/java.util.concurrent.LinkedBlockingQueue.take(LinkedBlockingQueue.java:435)
        at java.base@21.0.6/java.util.concurrent.ThreadPoolExecutor.getTask(ThreadPoolExecutor.java:1070)
        at java.base@21.0.6/java.util.concurrent.ThreadPoolExecutor.runWorker(ThreadPoolExecutor.java:1130)
        at java.base@21.0.6/java.util.concurrent.ThreadPoolExecutor$Worker.run(ThreadPoolExecutor.java:642)
        at java.base@21.0.6/java.lang.Thread.runWith(Thread.java:1596)
        at java.base@21.0.6/java.lang.Thread.run(Thread.java:1583)
"process reaper" daemon prio=10 tid=25 timed_waiting
java.lang.Thread.State: TIMED_WAITING
        at java.base@21.0.6/jdk.internal.misc.Unsafe.park(Native Method)
        at java.base@21.0.6/java.util.concurrent.locks.LockSupport.parkNanos(LockSupport.java:410)
        at java.base@21.0.6/java.util.concurrent.LinkedTransferQueue$DualNode.await(LinkedTransferQueue.java:452)
        at java.base@21.0.6/java.util.concurrent.SynchronousQueue$Transferer.xferLifo(SynchronousQueue.java:194)
        at java.base@21.0.6/java.util.concurrent.SynchronousQueue.xfer(SynchronousQueue.java:235)
        at java.base@21.0.6/java.util.concurrent.SynchronousQueue.poll(SynchronousQueue.java:338)
        at java.base@21.0.6/java.util.concurrent.ThreadPoolExecutor.getTask(ThreadPoolExecutor.java:1069)
        at java.base@21.0.6/java.util.concurrent.ThreadPoolExecutor.runWorker(ThreadPoolExecutor.java:1130)
        at java.base@21.0.6/java.util.concurrent.ThreadPoolExecutor$Worker.run(ThreadPoolExecutor.java:642)
        at java.base@21.0.6/java.lang.Thread.runWith(Thread.java:1596)
        at java.base@21.0.6/java.lang.Thread.run(Thread.java:1583)
        at java.base@21.0.6/jdk.internal.misc.InnocuousThread.run(InnocuousThread.java:186)
"Hadoop-Metrics-Updater-0" daemon prio=5 tid=680 timed_waiting
java.lang.Thread.State: TIMED_WAITING
        at java.base@21.0.6/jdk.internal.misc.Unsafe.park(Native Method)
        at java.base@21.0.6/java.util.concurrent.locks.LockSupport.parkNanos(LockSupport.java:269)
        at java.base@21.0.6/java.util.concurrent.locks.AbstractQueuedSynchronizer$ConditionObject.awaitNanos(AbstractQueuedSynchronizer.java:1763)
        at java.base@21.0.6/java.util.concurrent.ScheduledThreadPoolExecutor$DelayedWorkQueue.take(ScheduledThreadPoolExecutor.java:1182)
        at java.base@21.0.6/java.util.concurrent.ScheduledThreadPoolExecutor$DelayedWorkQueue.take(ScheduledThreadPoolExecutor.java:899)
        at java.base@21.0.6/java.util.concurrent.ThreadPoolExecutor.getTask(ThreadPoolExecutor.java:1070)
        at java.base@21.0.6/java.util.concurrent.ThreadPoolExecutor.runWorker(ThreadPoolExecutor.java:1130)
        at java.base@21.0.6/java.util.concurrent.ThreadPoolExecutor$Worker.run(ThreadPoolExecutor.java:642)
        at java.base@21.0.6/java.lang.Thread.runWith(Thread.java:1596)
        at java.base@21.0.6/java.lang.Thread.run(Thread.java:1583)
"Socket Reader #3 for port 15084"  prio=5 tid=1916 runnable
java.lang.Thread.State: RUNNABLE
        at java.base@21.0.6/sun.nio.ch.EPoll.wait(Native Method)
        at java.base@21.0.6/sun.nio.ch.EPollSelectorImpl.doSelect(EPollSelectorImpl.java:121)
        at java.base@21.0.6/sun.nio.ch.SelectorImpl.lockAndDoSelect(SelectorImpl.java:130)
        at java.base@21.0.6/sun.nio.ch.SelectorImpl.select(SelectorImpl.java:147)
        at app//org.apache.hadoop.ipc.Server$Listener$Reader.doRunLoop(Server.java:1497)
        at app//org.apache.hadoop.ipc.Server$Listener$Reader.run(Server.java:1476)
"e20a886d-0459-4371-959f-f9bdb6931571@group-BBC2BE15DE85-SegmentedRaftLogWorker" daemon prio=5 tid=1969 timed_waiting
java.lang.Thread.State: TIMED_WAITING
        at java.base@21.0.6/jdk.internal.misc.Unsafe.park(Native Method)
        at java.base@21.0.6/java.util.concurrent.locks.LockSupport.parkNanos(LockSupport.java:269)
        at java.base@21.0.6/java.util.concurrent.locks.AbstractQueuedSynchronizer$ConditionObject.awaitNanos(AbstractQueuedSynchronizer.java:1763)
        at app//org.apache.ratis.util.DataBlockingQueue.poll(DataBlockingQueue.java:148)
        at app//org.apache.ratis.server.raftlog.segmented.SegmentedRaftLogWorker.run(SegmentedRaftLogWorker.java:307)
        at app//org.apache.ratis.server.raftlog.segmented.SegmentedRaftLogWorker$$Lambda/0x00007f7e9c334fd8.run(Unknown Source)
        at java.base@21.0.6/java.util.concurrent.Executors$RunnableAdapter.call(Executors.java:572)
        at java.base@21.0.6/java.util.concurrent.FutureTask.run(FutureTask.java:317)
        at java.base@21.0.6/java.util.concurrent.ThreadPoolExecutor.runWorker(ThreadPoolExecutor.java:1144)
        at java.base@21.0.6/java.util.concurrent.ThreadPoolExecutor$Worker.run(ThreadPoolExecutor.java:642)
        at java.base@21.0.6/java.lang.Thread.runWith(Thread.java:1596)
        at java.base@21.0.6/java.lang.Thread.run(Thread.java:1583)
"om1-MultipartUploadCleanupService#0" daemon prio=5 tid=480 timed_waiting
java.lang.Thread.State: TIMED_WAITING
        at java.base@21.0.6/jdk.internal.misc.Unsafe.park(Native Method)
        at java.base@21.0.6/java.util.concurrent.locks.LockSupport.parkNanos(LockSupport.java:269)
        at java.base@21.0.6/java.util.concurrent.locks.AbstractQueuedSynchronizer$ConditionObject.awaitNanos(AbstractQueuedSynchronizer.java:1763)
        at java.base@21.0.6/java.util.concurrent.ScheduledThreadPoolExecutor$DelayedWorkQueue.take(ScheduledThreadPoolExecutor.java:1182)
        at java.base@21.0.6/java.util.concurrent.ScheduledThreadPoolExecutor$DelayedWorkQueue.take(ScheduledThreadPoolExecutor.java:899)
        at java.base@21.0.6/java.util.concurrent.ThreadPoolExecutor.getTask(ThreadPoolExecutor.java:1070)
        at java.base@21.0.6/java.util.concurrent.ThreadPoolExecutor.runWorker(ThreadPoolExecutor.java:1130)
        at java.base@21.0.6/java.util.concurrent.ThreadPoolExecutor$Worker.run(ThreadPoolExecutor.java:642)
        at java.base@21.0.6/java.lang.Thread.runWith(Thread.java:1596)
        at java.base@21.0.6/java.lang.Thread.run(Thread.java:1583)
"6b36f32d-918c-46a3-bfcb-888cb423c6dd-DatanodeStateMachineDaemonThread" daemon prio=5 tid=597 timed_waiting
java.lang.Thread.State: TIMED_WAITING
        at java.base@21.0.6/java.lang.Thread.sleep0(Native Method)
        at java.base@21.0.6/java.lang.Thread.sleep(Thread.java:509)
        at app//org.apache.hadoop.ozone.container.common.statemachine.DatanodeStateMachine.startStateMachineThread(DatanodeStateMachine.java:357)
        at app//org.apache.hadoop.ozone.container.common.statemachine.DatanodeStateMachine.lambda$startDaemon$1(DatanodeStateMachine.java:543)
        at app//org.apache.hadoop.ozone.container.common.statemachine.DatanodeStateMachine$$Lambda/0x00007f7e9c7d5a70.run(Unknown Source)
        at java.base@21.0.6/java.lang.Thread.runWith(Thread.java:1596)
        at java.base@21.0.6/java.lang.Thread.run(Thread.java:1583)
"IPC Server handler 27 on default port 15000" daemon prio=5 tid=141 timed_waiting
java.lang.Thread.State: TIMED_WAITING
        at java.base@21.0.6/jdk.internal.misc.Unsafe.park(Native Method)
        at java.base@21.0.6/java.util.concurrent.locks.LockSupport.parkNanos(LockSupport.java:269)
        at java.base@21.0.6/java.util.concurrent.locks.AbstractQueuedSynchronizer$ConditionObject.awaitNanos(AbstractQueuedSynchronizer.java:1763)
        at java.base@21.0.6/java.util.concurrent.LinkedBlockingQueue.poll(LinkedBlockingQueue.java:460)
        at app//org.apache.hadoop.ipc.CallQueueManager.take(CallQueueManager.java:370)
        at app//org.apache.hadoop.ipc.Server$Handler.run(Server.java:3165)
"pool-312-thread-1"  prio=5 tid=933 timed_waiting
java.lang.Thread.State: TIMED_WAITING
        at java.base@21.0.6/jdk.internal.misc.Unsafe.park(Native Method)
        at java.base@21.0.6/java.util.concurrent.locks.LockSupport.parkNanos(LockSupport.java:269)
        at java.base@21.0.6/java.util.concurrent.locks.AbstractQueuedSynchronizer$ConditionObject.awaitNanos(AbstractQueuedSynchronizer.java:1763)
        at java.base@21.0.6/java.util.concurrent.ScheduledThreadPoolExecutor$DelayedWorkQueue.take(ScheduledThreadPoolExecutor.java:1182)
        at java.base@21.0.6/java.util.concurrent.ScheduledThreadPoolExecutor$DelayedWorkQueue.take(ScheduledThreadPoolExecutor.java:899)
        at java.base@21.0.6/java.util.concurrent.ThreadPoolExecutor.getTask(ThreadPoolExecutor.java:1070)
        at java.base@21.0.6/java.util.concurrent.ThreadPoolExecutor.runWorker(ThreadPoolExecutor.java:1130)
        at java.base@21.0.6/java.util.concurrent.ThreadPoolExecutor$Worker.run(ThreadPoolExecutor.java:642)
        at java.base@21.0.6/java.lang.Thread.runWith(Thread.java:1596)
        at java.base@21.0.6/java.lang.Thread.run(Thread.java:1583)
"Socket Reader #4 for port 15002"  prio=5 tid=59 runnable
java.lang.Thread.State: RUNNABLE
        at java.base@21.0.6/sun.nio.ch.EPoll.wait(Native Method)
        at java.base@21.0.6/sun.nio.ch.EPollSelectorImpl.doSelect(EPollSelectorImpl.java:121)
        at java.base@21.0.6/sun.nio.ch.SelectorImpl.lockAndDoSelect(SelectorImpl.java:130)
        at java.base@21.0.6/sun.nio.ch.SelectorImpl.select(SelectorImpl.java:147)
        at app//org.apache.hadoop.ipc.Server$Listener$Reader.doRunLoop(Server.java:1497)
        at app//org.apache.hadoop.ipc.Server$Listener$Reader.run(Server.java:1476)
"IPC Server handler 59 on default port 15001" daemon prio=5 tid=273 timed_waiting
java.lang.Thread.State: TIMED_WAITING
        at java.base@21.0.6/jdk.internal.misc.Unsafe.park(Native Method)
        at java.base@21.0.6/java.util.concurrent.locks.LockSupport.parkNanos(LockSupport.java:269)
        at java.base@21.0.6/java.util.concurrent.locks.AbstractQueuedSynchronizer$ConditionObject.awaitNanos(AbstractQueuedSynchronizer.java:1763)
        at java.base@21.0.6/java.util.concurrent.LinkedBlockingQueue.poll(LinkedBlockingQueue.java:460)
        at app//org.apache.hadoop.ipc.CallQueueManager.take(CallQueueManager.java:370)
        at app//org.apache.hadoop.ipc.Server$Handler.run(Server.java:3165)
"2dcfdddc-a76f-4d49-b174-7a2bddacee37-DatanodeStateMachineDaemonThread" daemon prio=5 tid=691 timed_waiting
java.lang.Thread.State: TIMED_WAITING
        at java.base@21.0.6/java.lang.Thread.sleep0(Native Method)
        at java.base@21.0.6/java.lang.Thread.sleep(Thread.java:509)
        at app//org.apache.hadoop.ozone.container.common.statemachine.DatanodeStateMachine.startStateMachineThread(DatanodeStateMachine.java:357)
        at app//org.apache.hadoop.ozone.container.common.statemachine.DatanodeStateMachine.lambda$startDaemon$1(DatanodeStateMachine.java:543)
        at app//org.apache.hadoop.ozone.container.common.statemachine.DatanodeStateMachine$$Lambda/0x00007f7e9c7d5a70.run(Unknown Source)
        at java.base@21.0.6/java.lang.Thread.runWith(Thread.java:1596)
        at java.base@21.0.6/java.lang.Thread.run(Thread.java:1583)
"qtp705030460-802" daemon prio=5 tid=802 timed_waiting
java.lang.Thread.State: TIMED_WAITING
        at java.base@21.0.6/jdk.internal.misc.Unsafe.park(Native Method)
        at java.base@21.0.6/java.util.concurrent.locks.LockSupport.parkNanos(LockSupport.java:269)
        at java.base@21.0.6/java.util.concurrent.locks.AbstractQueuedSynchronizer$ConditionObject.awaitNanos(AbstractQueuedSynchronizer.java:1763)
        at app//org.eclipse.jetty.util.BlockingArrayQueue.poll(BlockingArrayQueue.java:382)
        at app//org.eclipse.jetty.util.thread.QueuedThreadPool$Runner.idleJobPoll(QueuedThreadPool.java:974)
        at app//org.eclipse.jetty.util.thread.QueuedThreadPool$Runner.run(QueuedThreadPool.java:1018)
        at java.base@21.0.6/java.lang.Thread.runWith(Thread.java:1596)
        at java.base@21.0.6/java.lang.Thread.run(Thread.java:1583)
"6b36f32d-918c-46a3-bfcb-888cb423c6dd-ContainerOp-ca93de93-6260-4798-bfae-2aa5ac354986-9"  prio=5 tid=1671 in Object.wait()
java.lang.Thread.State: WAITING (on object monitor)
        at java.base@21.0.6/jdk.internal.misc.Unsafe.park(Native Method)
        at java.base@21.0.6/java.util.concurrent.locks.LockSupport.park(LockSupport.java:371)
        at java.base@21.0.6/java.util.concurrent.locks.AbstractQueuedSynchronizer$ConditionNode.block(AbstractQueuedSynchronizer.java:519)
        at java.base@21.0.6/java.util.concurrent.ForkJoinPool.unmanagedBlock(ForkJoinPool.java:3780)
        at java.base@21.0.6/java.util.concurrent.ForkJoinPool.managedBlock(ForkJoinPool.java:3725)
        at java.base@21.0.6/java.util.concurrent.locks.AbstractQueuedSynchronizer$ConditionObject.await(AbstractQueuedSynchronizer.java:1712)
        at java.base@21.0.6/java.util.concurrent.LinkedBlockingQueue.take(LinkedBlockingQueue.java:435)
        at java.base@21.0.6/java.util.concurrent.ThreadPoolExecutor.getTask(ThreadPoolExecutor.java:1070)
        at java.base@21.0.6/java.util.concurrent.ThreadPoolExecutor.runWorker(ThreadPoolExecutor.java:1130)
        at java.base@21.0.6/java.util.concurrent.ThreadPoolExecutor$Worker.run(ThreadPoolExecutor.java:642)
        at java.base@21.0.6/java.lang.Thread.runWith(Thread.java:1596)
        at java.base@21.0.6/java.lang.Thread.run(Thread.java:1583)
"IPC Server handler 16 on default port 15000" daemon prio=5 tid=130 timed_waiting
java.lang.Thread.State: TIMED_WAITING
        at java.base@21.0.6/jdk.internal.misc.Unsafe.park(Native Method)
        at java.base@21.0.6/java.util.concurrent.locks.LockSupport.parkNanos(LockSupport.java:269)
        at java.base@21.0.6/java.util.concurrent.locks.AbstractQueuedSynchronizer$ConditionObject.awaitNanos(AbstractQueuedSynchronizer.java:1763)
        at java.base@21.0.6/java.util.concurrent.LinkedBlockingQueue.poll(LinkedBlockingQueue.java:460)
        at app//org.apache.hadoop.ipc.CallQueueManager.take(CallQueueManager.java:370)
        at app//org.apache.hadoop.ipc.Server$Handler.run(Server.java:3165)
"ExpiredContainerReplicaOpScrubber" daemon prio=5 tid=50 timed_waiting
java.lang.Thread.State: TIMED_WAITING
        at java.base@21.0.6/java.lang.Object.wait0(Native Method)
        at java.base@21.0.6/java.lang.Object.wait(Object.java:366)
        at app//org.apache.hadoop.hdds.scm.ha.BackgroundSCMService.run(BackgroundSCMService.java:106)
        at app//org.apache.hadoop.hdds.scm.ha.BackgroundSCMService$$Lambda/0x00007f7e9c4ad198.run(Unknown Source)
        at java.base@21.0.6/java.lang.Thread.runWith(Thread.java:1596)
        at java.base@21.0.6/java.lang.Thread.run(Thread.java:1583)
"IPC Server handler 94 on default port 15000" daemon prio=5 tid=208 timed_waiting
java.lang.Thread.State: TIMED_WAITING
        at java.base@21.0.6/jdk.internal.misc.Unsafe.park(Native Method)
        at java.base@21.0.6/java.util.concurrent.locks.LockSupport.parkNanos(LockSupport.java:269)
        at java.base@21.0.6/java.util.concurrent.locks.AbstractQueuedSynchronizer$ConditionObject.awaitNanos(AbstractQueuedSynchronizer.java:1763)
        at java.base@21.0.6/java.util.concurrent.LinkedBlockingQueue.poll(LinkedBlockingQueue.java:460)
        at app//org.apache.hadoop.ipc.CallQueueManager.take(CallQueueManager.java:370)
        at app//org.apache.hadoop.ipc.Server$Handler.run(Server.java:3165)
"StaleRecoveringContainerScrubbingService#0" daemon prio=5 tid=1009 timed_waiting
java.lang.Thread.State: TIMED_WAITING
        at java.base@21.0.6/jdk.internal.misc.Unsafe.park(Native Method)
        at java.base@21.0.6/java.util.concurrent.locks.LockSupport.parkNanos(LockSupport.java:269)
        at java.base@21.0.6/java.util.concurrent.locks.AbstractQueuedSynchronizer$ConditionObject.awaitNanos(AbstractQueuedSynchronizer.java:1763)
        at java.base@21.0.6/java.util.concurrent.ScheduledThreadPoolExecutor$DelayedWorkQueue.take(ScheduledThreadPoolExecutor.java:1182)
        at java.base@21.0.6/java.util.concurrent.ScheduledThreadPoolExecutor$DelayedWorkQueue.take(ScheduledThreadPoolExecutor.java:899)
        at java.base@21.0.6/java.util.concurrent.ThreadPoolExecutor.getTask(ThreadPoolExecutor.java:1070)
        at java.base@21.0.6/java.util.concurrent.ThreadPoolExecutor.runWorker(ThreadPoolExecutor.java:1130)
        at java.base@21.0.6/java.util.concurrent.ThreadPoolExecutor$Worker.run(ThreadPoolExecutor.java:642)
        at java.base@21.0.6/java.lang.Thread.runWith(Thread.java:1596)
        at java.base@21.0.6/java.lang.Thread.run(Thread.java:1583)
"IPC Server handler 52 on default port 15002" daemon prio=5 tid=384 timed_waiting
java.lang.Thread.State: TIMED_WAITING
        at java.base@21.0.6/jdk.internal.misc.Unsafe.park(Native Method)
        at java.base@21.0.6/java.util.concurrent.locks.LockSupport.parkNanos(LockSupport.java:269)
        at java.base@21.0.6/java.util.concurrent.locks.AbstractQueuedSynchronizer$ConditionObject.awaitNanos(AbstractQueuedSynchronizer.java:1763)
        at java.base@21.0.6/java.util.concurrent.LinkedBlockingQueue.poll(LinkedBlockingQueue.java:460)
        at app//org.apache.hadoop.ipc.CallQueueManager.take(CallQueueManager.java:370)
        at app//org.apache.hadoop.ipc.Server$Handler.run(Server.java:3165)
"IPC Server handler 2 on default port 15012" daemon prio=5 tid=2277 timed_waiting
java.lang.Thread.State: TIMED_WAITING
        at java.base@21.0.6/jdk.internal.misc.Unsafe.park(Native Method)
        at java.base@21.0.6/java.util.concurrent.locks.LockSupport.parkNanos(LockSupport.java:269)
        at java.base@21.0.6/java.util.concurrent.locks.AbstractQueuedSynchronizer$ConditionObject.awaitNanos(AbstractQueuedSynchronizer.java:1763)
        at java.base@21.0.6/java.util.concurrent.LinkedBlockingQueue.poll(LinkedBlockingQueue.java:460)
        at app//org.apache.hadoop.ipc.CallQueueManager.take(CallQueueManager.java:370)
        at app//org.apache.hadoop.ipc.Server$Handler.run(Server.java:3165)
"IPC Server handler 12 on default port 15001" daemon prio=5 tid=226 timed_waiting
java.lang.Thread.State: TIMED_WAITING
        at java.base@21.0.6/jdk.internal.misc.Unsafe.park(Native Method)
        at java.base@21.0.6/java.util.concurrent.locks.LockSupport.parkNanos(LockSupport.java:269)
        at java.base@21.0.6/java.util.concurrent.locks.AbstractQueuedSynchronizer$ConditionObject.awaitNanos(AbstractQueuedSynchronizer.java:1763)
        at java.base@21.0.6/java.util.concurrent.LinkedBlockingQueue.poll(LinkedBlockingQueue.java:460)
        at app//org.apache.hadoop.ipc.CallQueueManager.take(CallQueueManager.java:370)
        at app//org.apache.hadoop.ipc.Server$Handler.run(Server.java:3165)
"Hadoop-Metrics-Updater-0" daemon prio=5 tid=96 timed_waiting
java.lang.Thread.State: TIMED_WAITING
        at java.base@21.0.6/jdk.internal.misc.Unsafe.park(Native Method)
        at java.base@21.0.6/java.util.concurrent.locks.LockSupport.parkNanos(LockSupport.java:269)
        at java.base@21.0.6/java.util.concurrent.locks.AbstractQueuedSynchronizer$ConditionObject.awaitNanos(AbstractQueuedSynchronizer.java:1763)
        at java.base@21.0.6/java.util.concurrent.ScheduledThreadPoolExecutor$DelayedWorkQueue.take(ScheduledThreadPoolExecutor.java:1182)
        at java.base@21.0.6/java.util.concurrent.ScheduledThreadPoolExecutor$DelayedWorkQueue.take(ScheduledThreadPoolExecutor.java:899)
        at java.base@21.0.6/java.util.concurrent.ThreadPoolExecutor.getTask(ThreadPoolExecutor.java:1070)
        at java.base@21.0.6/java.util.concurrent.ThreadPoolExecutor.runWorker(ThreadPoolExecutor.java:1130)
        at java.base@21.0.6/java.util.concurrent.ThreadPoolExecutor$Worker.run(ThreadPoolExecutor.java:642)
        at java.base@21.0.6/java.lang.Thread.runWith(Thread.java:1596)
        at java.base@21.0.6/java.lang.Thread.run(Thread.java:1583)
"Socket Reader #6 for port 15039"  prio=5 tid=673 runnable
java.lang.Thread.State: RUNNABLE
        at java.base@21.0.6/sun.nio.ch.EPoll.wait(Native Method)
        at java.base@21.0.6/sun.nio.ch.EPollSelectorImpl.doSelect(EPollSelectorImpl.java:121)
        at java.base@21.0.6/sun.nio.ch.SelectorImpl.lockAndDoSelect(SelectorImpl.java:130)
        at java.base@21.0.6/sun.nio.ch.SelectorImpl.select(SelectorImpl.java:147)
        at app//org.apache.hadoop.ipc.Server$Listener$Reader.doRunLoop(Server.java:1497)
        at app//org.apache.hadoop.ipc.Server$Listener$Reader.run(Server.java:1476)
"2dcfdddc-a76f-4d49-b174-7a2bddacee37-CloseContainerThread-0"  prio=5 tid=1507 in Object.wait()
java.lang.Thread.State: WAITING (on object monitor)
        at java.base@21.0.6/jdk.internal.misc.Unsafe.park(Native Method)
        at java.base@21.0.6/java.util.concurrent.locks.LockSupport.park(LockSupport.java:371)
        at java.base@21.0.6/java.util.concurrent.locks.AbstractQueuedSynchronizer$ConditionNode.block(AbstractQueuedSynchronizer.java:519)
        at java.base@21.0.6/java.util.concurrent.ForkJoinPool.unmanagedBlock(ForkJoinPool.java:3780)
        at java.base@21.0.6/java.util.concurrent.ForkJoinPool.managedBlock(ForkJoinPool.java:3725)
        at java.base@21.0.6/java.util.concurrent.locks.AbstractQueuedSynchronizer$ConditionObject.await(AbstractQueuedSynchronizer.java:1712)
        at java.base@21.0.6/java.util.concurrent.LinkedBlockingQueue.take(LinkedBlockingQueue.java:435)
        at java.base@21.0.6/java.util.concurrent.ThreadPoolExecutor.getTask(ThreadPoolExecutor.java:1070)
        at java.base@21.0.6/java.util.concurrent.ThreadPoolExecutor.runWorker(ThreadPoolExecutor.java:1130)
        at java.base@21.0.6/java.util.concurrent.ThreadPoolExecutor$Worker.run(ThreadPoolExecutor.java:642)
        at java.base@21.0.6/java.lang.Thread.runWith(Thread.java:1596)
        at java.base@21.0.6/java.lang.Thread.run(Thread.java:1583)
"EventQueue-HealthyReadonlyNodeForHealthyReadOnlyNodeHandler" daemon prio=5 tid=1964 in Object.wait()
java.lang.Thread.State: WAITING (on object monitor)
        at java.base@21.0.6/jdk.internal.misc.Unsafe.park(Native Method)
        at java.base@21.0.6/java.util.concurrent.locks.LockSupport.park(LockSupport.java:371)
        at java.base@21.0.6/java.util.concurrent.locks.AbstractQueuedSynchronizer$ConditionNode.block(AbstractQueuedSynchronizer.java:519)
        at java.base@21.0.6/java.util.concurrent.ForkJoinPool.unmanagedBlock(ForkJoinPool.java:3780)
        at java.base@21.0.6/java.util.concurrent.ForkJoinPool.managedBlock(ForkJoinPool.java:3725)
        at java.base@21.0.6/java.util.concurrent.locks.AbstractQueuedSynchronizer$ConditionObject.await(AbstractQueuedSynchronizer.java:1712)
        at java.base@21.0.6/java.util.concurrent.LinkedBlockingQueue.take(LinkedBlockingQueue.java:435)
        at java.base@21.0.6/java.util.concurrent.ThreadPoolExecutor.getTask(ThreadPoolExecutor.java:1070)
        at java.base@21.0.6/java.util.concurrent.ThreadPoolExecutor.runWorker(ThreadPoolExecutor.java:1130)
        at java.base@21.0.6/java.util.concurrent.ThreadPoolExecutor$Worker.run(ThreadPoolExecutor.java:642)
        at java.base@21.0.6/java.lang.Thread.runWith(Thread.java:1596)
        at java.base@21.0.6/java.lang.Thread.run(Thread.java:1583)
"IPC Server handler 95 on default port 15002" daemon prio=5 tid=427 timed_waiting
java.lang.Thread.State: TIMED_WAITING
        at java.base@21.0.6/jdk.internal.misc.Unsafe.park(Native Method)
        at java.base@21.0.6/java.util.concurrent.locks.LockSupport.parkNanos(LockSupport.java:269)
        at java.base@21.0.6/java.util.concurrent.locks.AbstractQueuedSynchronizer$ConditionObject.awaitNanos(AbstractQueuedSynchronizer.java:1763)
        at java.base@21.0.6/java.util.concurrent.LinkedBlockingQueue.poll(LinkedBlockingQueue.java:460)
        at app//org.apache.hadoop.ipc.CallQueueManager.take(CallQueueManager.java:370)
        at app//org.apache.hadoop.ipc.Server$Handler.run(Server.java:3165)
"EventQueue-NodeRegistrationContainerReportForDataNodeSafeModeRule" daemon prio=5 tid=1141 in Object.wait()
java.lang.Thread.State: WAITING (on object monitor)
        at java.base@21.0.6/jdk.internal.misc.Unsafe.park(Native Method)
        at java.base@21.0.6/java.util.concurrent.locks.LockSupport.park(LockSupport.java:371)
        at java.base@21.0.6/java.util.concurrent.locks.AbstractQueuedSynchronizer$ConditionNode.block(AbstractQueuedSynchronizer.java:519)
        at java.base@21.0.6/java.util.concurrent.ForkJoinPool.unmanagedBlock(ForkJoinPool.java:3780)
        at java.base@21.0.6/java.util.concurrent.ForkJoinPool.managedBlock(ForkJoinPool.java:3725)
        at java.base@21.0.6/java.util.concurrent.locks.AbstractQueuedSynchronizer$ConditionObject.await(AbstractQueuedSynchronizer.java:1712)
        at java.base@21.0.6/java.util.concurrent.LinkedBlockingQueue.take(LinkedBlockingQueue.java:435)
        at java.base@21.0.6/java.util.concurrent.ThreadPoolExecutor.getTask(ThreadPoolExecutor.java:1070)
        at java.base@21.0.6/java.util.concurrent.ThreadPoolExecutor.runWorker(ThreadPoolExecutor.java:1130)
        at java.base@21.0.6/java.util.concurrent.ThreadPoolExecutor$Worker.run(ThreadPoolExecutor.java:642)
        at java.base@21.0.6/java.lang.Thread.runWith(Thread.java:1596)
        at java.base@21.0.6/java.lang.Thread.run(Thread.java:1583)
"ccfadb7c-9180-4c4b-b969-671c642a7bd3@group-BBC2BE15DE85-LeaderStateImpl" daemon prio=5 tid=2073 timed_waiting
java.lang.Thread.State: TIMED_WAITING
        at java.base@21.0.6/jdk.internal.misc.Unsafe.park(Native Method)
        at java.base@21.0.6/java.util.concurrent.locks.LockSupport.parkNanos(LockSupport.java:269)
        at java.base@21.0.6/java.util.concurrent.locks.AbstractQueuedSynchronizer$ConditionObject.awaitNanos(AbstractQueuedSynchronizer.java:1763)
        at java.base@21.0.6/java.util.concurrent.ArrayBlockingQueue.poll(ArrayBlockingQueue.java:435)
        at app//org.apache.ratis.server.impl.LeaderStateImpl$EventQueue.poll(LeaderStateImpl.java:164)
        at app//org.apache.ratis.server.impl.LeaderStateImpl$EventProcessor.run(LeaderStateImpl.java:763)
"25fe7083-9332-4190-accf-9f4542114dd9@group-CA8E8F8CF78E->46d11c6d-db9b-44c9-8985-212dd9cf6636-GrpcLogAppender-LogAppenderDaemon" daemon prio=5 tid=2093 timed_waiting
java.lang.Thread.State: TIMED_WAITING
        at java.base@21.0.6/jdk.internal.misc.Unsafe.park(Native Method)
        at java.base@21.0.6/java.util.concurrent.locks.LockSupport.parkNanos(LockSupport.java:269)
        at java.base@21.0.6/java.util.concurrent.locks.AbstractQueuedSynchronizer$ConditionObject.await(AbstractQueuedSynchronizer.java:1852)
        at app//org.apache.ratis.util.AwaitForSignal.await(AwaitForSignal.java:65)
        at app//org.apache.ratis.grpc.server.GrpcLogAppender.mayWait(GrpcLogAppender.java:290)
        at app//org.apache.ratis.grpc.server.GrpcLogAppender.run(GrpcLogAppender.java:258)
        at app//org.apache.ratis.server.leader.LogAppenderDaemon.run(LogAppenderDaemon.java:80)
        at app//org.apache.ratis.server.leader.LogAppenderDaemon$$Lambda/0x00007f7e9c91a108.run(Unknown Source)
        at java.base@21.0.6/java.lang.Thread.runWith(Thread.java:1596)
        at java.base@21.0.6/java.lang.Thread.run(Thread.java:1583)
"IPC Server handler 68 on default port 15002" daemon prio=5 tid=400 timed_waiting
java.lang.Thread.State: TIMED_WAITING
        at java.base@21.0.6/jdk.internal.misc.Unsafe.park(Native Method)
        at java.base@21.0.6/java.util.concurrent.locks.LockSupport.parkNanos(LockSupport.java:269)
        at java.base@21.0.6/java.util.concurrent.locks.AbstractQueuedSynchronizer$ConditionObject.awaitNanos(AbstractQueuedSynchronizer.java:1763)
        at java.base@21.0.6/java.util.concurrent.LinkedBlockingQueue.poll(LinkedBlockingQueue.java:460)
        at app//org.apache.hadoop.ipc.CallQueueManager.take(CallQueueManager.java:370)
        at app//org.apache.hadoop.ipc.Server$Handler.run(Server.java:3165)
"org.apache.hadoop.ozone.container.common.statemachine.commandhandler.DeleteBlocksCommandHandler$DeleteCmdWorker@3a7f7201" daemon prio=5 tid=748 timed_waiting
java.lang.Thread.State: TIMED_WAITING
        at java.base@21.0.6/java.lang.Thread.sleep0(Native Method)
        at java.base@21.0.6/java.lang.Thread.sleep(Thread.java:509)
        at app//org.apache.hadoop.ozone.container.common.statemachine.commandhandler.DeleteBlocksCommandHandler$DeleteCmdWorker.run(DeleteBlocksCommandHandler.java:255)
        at java.base@21.0.6/java.lang.Thread.runWith(Thread.java:1596)
        at java.base@21.0.6/java.lang.Thread.run(Thread.java:1583)
"IPC Server handler 1 on default port 15066" daemon prio=5 tid=820 timed_waiting
java.lang.Thread.State: TIMED_WAITING
        at java.base@21.0.6/jdk.internal.misc.Unsafe.park(Native Method)
        at java.base@21.0.6/java.util.concurrent.locks.LockSupport.parkNanos(LockSupport.java:269)
        at java.base@21.0.6/java.util.concurrent.locks.AbstractQueuedSynchronizer$ConditionObject.awaitNanos(AbstractQueuedSynchronizer.java:1763)
        at java.base@21.0.6/java.util.concurrent.LinkedBlockingQueue.poll(LinkedBlockingQueue.java:460)
        at app//org.apache.hadoop.ipc.CallQueueManager.take(CallQueueManager.java:370)
        at app//org.apache.hadoop.ipc.Server$Handler.run(Server.java:3165)
"2fdf8a61-8d2a-4048-aa8e-d82d5837d34a-BlockDeletingService#2" daemon prio=5 tid=1825 in Object.wait()
java.lang.Thread.State: WAITING (on object monitor)
        at java.base@21.0.6/jdk.internal.misc.Unsafe.park(Native Method)
        at java.base@21.0.6/java.util.concurrent.locks.LockSupport.park(LockSupport.java:371)
        at java.base@21.0.6/java.util.concurrent.locks.AbstractQueuedSynchronizer$ConditionNode.block(AbstractQueuedSynchronizer.java:519)
        at java.base@21.0.6/java.util.concurrent.ForkJoinPool.unmanagedBlock(ForkJoinPool.java:3780)
        at java.base@21.0.6/java.util.concurrent.ForkJoinPool.managedBlock(ForkJoinPool.java:3725)
        at java.base@21.0.6/java.util.concurrent.locks.AbstractQueuedSynchronizer$ConditionObject.await(AbstractQueuedSynchronizer.java:1712)
        at java.base@21.0.6/java.util.concurrent.ScheduledThreadPoolExecutor$DelayedWorkQueue.take(ScheduledThreadPoolExecutor.java:1177)
        at java.base@21.0.6/java.util.concurrent.ScheduledThreadPoolExecutor$DelayedWorkQueue.take(ScheduledThreadPoolExecutor.java:899)
        at java.base@21.0.6/java.util.concurrent.ThreadPoolExecutor.getTask(ThreadPoolExecutor.java:1070)
        at java.base@21.0.6/java.util.concurrent.ThreadPoolExecutor.runWorker(ThreadPoolExecutor.java:1130)
        at java.base@21.0.6/java.util.concurrent.ThreadPoolExecutor$Worker.run(ThreadPoolExecutor.java:642)
        at java.base@21.0.6/java.lang.Thread.runWith(Thread.java:1596)
        at java.base@21.0.6/java.lang.Thread.run(Thread.java:1583)
"2fdf8a61-8d2a-4048-aa8e-d82d5837d34a-EndpointStateMachineTaskThread-/0.0.0.0:15002-0 "  prio=5 tid=1067 in Object.wait()
java.lang.Thread.State: WAITING (on object monitor)
        at java.base@21.0.6/jdk.internal.misc.Unsafe.park(Native Method)
        at java.base@21.0.6/java.util.concurrent.locks.LockSupport.park(LockSupport.java:371)
        at java.base@21.0.6/java.util.concurrent.locks.AbstractQueuedSynchronizer$ConditionNode.block(AbstractQueuedSynchronizer.java:519)
        at java.base@21.0.6/java.util.concurrent.ForkJoinPool.unmanagedBlock(ForkJoinPool.java:3780)
        at java.base@21.0.6/java.util.concurrent.ForkJoinPool.managedBlock(ForkJoinPool.java:3725)
        at java.base@21.0.6/java.util.concurrent.locks.AbstractQueuedSynchronizer$ConditionObject.await(AbstractQueuedSynchronizer.java:1712)
        at java.base@21.0.6/java.util.concurrent.LinkedBlockingQueue.take(LinkedBlockingQueue.java:435)
        at java.base@21.0.6/java.util.concurrent.ThreadPoolExecutor.getTask(ThreadPoolExecutor.java:1070)
        at java.base@21.0.6/java.util.concurrent.ThreadPoolExecutor.runWorker(ThreadPoolExecutor.java:1130)
        at java.base@21.0.6/java.util.concurrent.ThreadPoolExecutor$Worker.run(ThreadPoolExecutor.java:642)
        at java.base@21.0.6/java.lang.Thread.runWith(Thread.java:1596)
        at java.base@21.0.6/java.lang.Thread.run(Thread.java:1583)
"42086d8c-c943-47d6-a5f9-799709872375-NettyServerStreamRpc-bossGroup--thread1"  prio=5 tid=700 runnable
java.lang.Thread.State: RUNNABLE
        at app//org.apache.ratis.thirdparty.io.netty.channel.epoll.Native.epollWait(Native Method)
        at app//org.apache.ratis.thirdparty.io.netty.channel.epoll.Native.epollWait(Native.java:220)
        at app//org.apache.ratis.thirdparty.io.netty.channel.epoll.Native.epollWait(Native.java:213)
        at app//org.apache.ratis.thirdparty.io.netty.channel.epoll.EpollEventLoop.epollWaitNoTimerChange(EpollEventLoop.java:308)
        at app//org.apache.ratis.thirdparty.io.netty.channel.epoll.EpollEventLoop.run(EpollEventLoop.java:365)
        at app//org.apache.ratis.thirdparty.io.netty.util.concurrent.SingleThreadEventExecutor$4.run(SingleThreadEventExecutor.java:997)
        at app//org.apache.ratis.thirdparty.io.netty.util.internal.ThreadExecutorMap$2.run(ThreadExecutorMap.java:74)
        at java.base@21.0.6/java.lang.Thread.runWith(Thread.java:1596)
        at java.base@21.0.6/java.lang.Thread.run(Thread.java:1583)
"2dcfdddc-a76f-4d49-b174-7a2bddacee37@group-3A2BF5D858B4-cacheEviction-AwaitToRun" daemon prio=5 tid=2342 in Object.wait()
java.lang.Thread.State: WAITING (on object monitor)
        at java.base@21.0.6/jdk.internal.misc.Unsafe.park(Native Method)
        at java.base@21.0.6/java.util.concurrent.locks.LockSupport.park(LockSupport.java:371)
        at java.base@21.0.6/java.util.concurrent.locks.AbstractQueuedSynchronizer$ConditionNode.block(AbstractQueuedSynchronizer.java:519)
        at java.base@21.0.6/java.util.concurrent.ForkJoinPool.unmanagedBlock(ForkJoinPool.java:3780)
        at java.base@21.0.6/java.util.concurrent.ForkJoinPool.managedBlock(ForkJoinPool.java:3725)
        at java.base@21.0.6/java.util.concurrent.locks.AbstractQueuedSynchronizer$ConditionObject.await(AbstractQueuedSynchronizer.java:1712)
        at app//org.apache.ratis.util.AwaitForSignal.await(AwaitForSignal.java:48)
        at app//org.apache.ratis.util.AwaitToRun$RunnableImpl.run(AwaitToRun.java:47)
        at java.base@21.0.6/java.lang.Thread.runWith(Thread.java:1596)
        at java.base@21.0.6/java.lang.Thread.run(Thread.java:1583)
"IPC Server handler 11 on default port 15000" daemon prio=5 tid=125 timed_waiting
java.lang.Thread.State: TIMED_WAITING
        at java.base@21.0.6/jdk.internal.misc.Unsafe.park(Native Method)
        at java.base@21.0.6/java.util.concurrent.locks.LockSupport.parkNanos(LockSupport.java:269)
        at java.base@21.0.6/java.util.concurrent.locks.AbstractQueuedSynchronizer$ConditionObject.awaitNanos(AbstractQueuedSynchronizer.java:1763)
        at java.base@21.0.6/java.util.concurrent.LinkedBlockingQueue.poll(LinkedBlockingQueue.java:460)
        at app//org.apache.hadoop.ipc.CallQueueManager.take(CallQueueManager.java:370)
        at app//org.apache.hadoop.ipc.Server$Handler.run(Server.java:3165)
"IPC Server handler 32 on default port 15000" daemon prio=5 tid=146 timed_waiting
java.lang.Thread.State: TIMED_WAITING
        at java.base@21.0.6/jdk.internal.misc.Unsafe.park(Native Method)
        at java.base@21.0.6/java.util.concurrent.locks.LockSupport.parkNanos(LockSupport.java:269)
        at java.base@21.0.6/java.util.concurrent.locks.AbstractQueuedSynchronizer$ConditionObject.awaitNanos(AbstractQueuedSynchronizer.java:1763)
        at java.base@21.0.6/java.util.concurrent.LinkedBlockingQueue.poll(LinkedBlockingQueue.java:460)
        at app//org.apache.hadoop.ipc.CallQueueManager.take(CallQueueManager.java:370)
        at app//org.apache.hadoop.ipc.Server$Handler.run(Server.java:3165)
"StaleRecoveringContainerScrubbingService#3" daemon prio=5 tid=2183 in Object.wait()
java.lang.Thread.State: WAITING (on object monitor)
        at java.base@21.0.6/jdk.internal.misc.Unsafe.park(Native Method)
        at java.base@21.0.6/java.util.concurrent.locks.LockSupport.park(LockSupport.java:371)
        at java.base@21.0.6/java.util.concurrent.locks.AbstractQueuedSynchronizer$ConditionNode.block(AbstractQueuedSynchronizer.java:519)
        at java.base@21.0.6/java.util.concurrent.ForkJoinPool.unmanagedBlock(ForkJoinPool.java:3780)
        at java.base@21.0.6/java.util.concurrent.ForkJoinPool.managedBlock(ForkJoinPool.java:3725)
        at java.base@21.0.6/java.util.concurrent.locks.AbstractQueuedSynchronizer$ConditionObject.await(AbstractQueuedSynchronizer.java:1712)
        at java.base@21.0.6/java.util.concurrent.ScheduledThreadPoolExecutor$DelayedWorkQueue.take(ScheduledThreadPoolExecutor.java:1177)
        at java.base@21.0.6/java.util.concurrent.ScheduledThreadPoolExecutor$DelayedWorkQueue.take(ScheduledThreadPoolExecutor.java:899)
        at java.base@21.0.6/java.util.concurrent.ThreadPoolExecutor.getTask(ThreadPoolExecutor.java:1070)
        at java.base@21.0.6/java.util.concurrent.ThreadPoolExecutor.runWorker(ThreadPoolExecutor.java:1130)
        at java.base@21.0.6/java.util.concurrent.ThreadPoolExecutor$Worker.run(ThreadPoolExecutor.java:642)
        at java.base@21.0.6/java.lang.Thread.runWith(Thread.java:1596)
        at java.base@21.0.6/java.lang.Thread.run(Thread.java:1583)
"IPC Server Responder" daemon prio=5 tid=633 runnable
java.lang.Thread.State: RUNNABLE
        at java.base@21.0.6/sun.nio.ch.EPoll.wait(Native Method)
        at java.base@21.0.6/sun.nio.ch.EPollSelectorImpl.doSelect(EPollSelectorImpl.java:121)
        at java.base@21.0.6/sun.nio.ch.SelectorImpl.lockAndDoSelect(SelectorImpl.java:130)
        at java.base@21.0.6/sun.nio.ch.SelectorImpl.select(SelectorImpl.java:142)
        at app//org.apache.hadoop.ipc.Server$Responder.doRunLoop(Server.java:1733)
        at app//org.apache.hadoop.ipc.Server$Responder.run(Server.java:1716)
"IPC Server handler 61 on default port 15002" daemon prio=5 tid=393 timed_waiting
java.lang.Thread.State: TIMED_WAITING
        at java.base@21.0.6/jdk.internal.misc.Unsafe.park(Native Method)
        at java.base@21.0.6/java.util.concurrent.locks.LockSupport.parkNanos(LockSupport.java:269)
        at java.base@21.0.6/java.util.concurrent.locks.AbstractQueuedSynchronizer$ConditionObject.awaitNanos(AbstractQueuedSynchronizer.java:1763)
        at java.base@21.0.6/java.util.concurrent.LinkedBlockingQueue.poll(LinkedBlockingQueue.java:460)
        at app//org.apache.hadoop.ipc.CallQueueManager.take(CallQueueManager.java:370)
        at app//org.apache.hadoop.ipc.Server$Handler.run(Server.java:3165)
"6b36f32d-918c-46a3-bfcb-888cb423c6dd-CloseContainerThread-0"  prio=5 tid=1523 in Object.wait()
java.lang.Thread.State: WAITING (on object monitor)
        at java.base@21.0.6/jdk.internal.misc.Unsafe.park(Native Method)
        at java.base@21.0.6/java.util.concurrent.locks.LockSupport.park(LockSupport.java:371)
        at java.base@21.0.6/java.util.concurrent.locks.AbstractQueuedSynchronizer$ConditionNode.block(AbstractQueuedSynchronizer.java:519)
        at java.base@21.0.6/java.util.concurrent.ForkJoinPool.unmanagedBlock(ForkJoinPool.java:3780)
        at java.base@21.0.6/java.util.concurrent.ForkJoinPool.managedBlock(ForkJoinPool.java:3725)
        at java.base@21.0.6/java.util.concurrent.locks.AbstractQueuedSynchronizer$ConditionObject.await(AbstractQueuedSynchronizer.java:1712)
        at java.base@21.0.6/java.util.concurrent.LinkedBlockingQueue.take(LinkedBlockingQueue.java:435)
        at java.base@21.0.6/java.util.concurrent.ThreadPoolExecutor.getTask(ThreadPoolExecutor.java:1070)
        at java.base@21.0.6/java.util.concurrent.ThreadPoolExecutor.runWorker(ThreadPoolExecutor.java:1130)
        at java.base@21.0.6/java.util.concurrent.ThreadPoolExecutor$Worker.run(ThreadPoolExecutor.java:642)
        at java.base@21.0.6/java.lang.Thread.runWith(Thread.java:1596)
        at java.base@21.0.6/java.lang.Thread.run(Thread.java:1583)
"grpc-default-executor-4" daemon prio=5 tid=1365 timed_waiting
java.lang.Thread.State: TIMED_WAITING
        at java.base@21.0.6/jdk.internal.misc.Unsafe.park(Native Method)
        at java.base@21.0.6/java.util.concurrent.locks.LockSupport.parkNanos(LockSupport.java:410)
        at java.base@21.0.6/java.util.concurrent.LinkedTransferQueue$DualNode.await(LinkedTransferQueue.java:452)
        at java.base@21.0.6/java.util.concurrent.SynchronousQueue$Transferer.xferLifo(SynchronousQueue.java:194)
        at java.base@21.0.6/java.util.concurrent.SynchronousQueue.xfer(SynchronousQueue.java:235)
        at java.base@21.0.6/java.util.concurrent.SynchronousQueue.poll(SynchronousQueue.java:338)
        at java.base@21.0.6/java.util.concurrent.ThreadPoolExecutor.getTask(ThreadPoolExecutor.java:1069)
        at java.base@21.0.6/java.util.concurrent.ThreadPoolExecutor.runWorker(ThreadPoolExecutor.java:1130)
        at java.base@21.0.6/java.util.concurrent.ThreadPoolExecutor$Worker.run(ThreadPoolExecutor.java:642)
        at java.base@21.0.6/java.lang.Thread.runWith(Thread.java:1596)
        at java.base@21.0.6/java.lang.Thread.run(Thread.java:1583)
"StaleRecoveringContainerScrubbingService#1" daemon prio=5 tid=1960 timed_waiting
java.lang.Thread.State: TIMED_WAITING
        at java.base@21.0.6/jdk.internal.misc.Unsafe.park(Native Method)
        at java.base@21.0.6/java.util.concurrent.locks.LockSupport.parkNanos(LockSupport.java:269)
        at java.base@21.0.6/java.util.concurrent.locks.AbstractQueuedSynchronizer$ConditionObject.awaitNanos(AbstractQueuedSynchronizer.java:1763)
        at java.base@21.0.6/java.util.concurrent.ScheduledThreadPoolExecutor$DelayedWorkQueue.take(ScheduledThreadPoolExecutor.java:1182)
        at java.base@21.0.6/java.util.concurrent.ScheduledThreadPoolExecutor$DelayedWorkQueue.take(ScheduledThreadPoolExecutor.java:899)
        at java.base@21.0.6/java.util.concurrent.ThreadPoolExecutor.getTask(ThreadPoolExecutor.java:1070)
        at java.base@21.0.6/java.util.concurrent.ThreadPoolExecutor.runWorker(ThreadPoolExecutor.java:1130)
        at java.base@21.0.6/java.util.concurrent.ThreadPoolExecutor$Worker.run(ThreadPoolExecutor.java:642)
        at java.base@21.0.6/java.lang.Thread.runWith(Thread.java:1596)
        at java.base@21.0.6/java.lang.Thread.run(Thread.java:1583)
"IPC Server handler 16 on default port 15002" daemon prio=5 tid=348 timed_waiting
java.lang.Thread.State: TIMED_WAITING
        at java.base@21.0.6/jdk.internal.misc.Unsafe.park(Native Method)
        at java.base@21.0.6/java.util.concurrent.locks.LockSupport.parkNanos(LockSupport.java:269)
        at java.base@21.0.6/java.util.concurrent.locks.AbstractQueuedSynchronizer$ConditionObject.awaitNanos(AbstractQueuedSynchronizer.java:1763)
        at java.base@21.0.6/java.util.concurrent.LinkedBlockingQueue.poll(LinkedBlockingQueue.java:460)
        at app//org.apache.hadoop.ipc.CallQueueManager.take(CallQueueManager.java:370)
        at app//org.apache.hadoop.ipc.Server$Handler.run(Server.java:3165)
"IPC Server handler 9 on default port 15075" daemon prio=5 tid=874 timed_waiting
java.lang.Thread.State: TIMED_WAITING
        at java.base@21.0.6/jdk.internal.misc.Unsafe.park(Native Method)
        at java.base@21.0.6/java.util.concurrent.locks.LockSupport.parkNanos(LockSupport.java:269)
        at java.base@21.0.6/java.util.concurrent.locks.AbstractQueuedSynchronizer$ConditionObject.awaitNanos(AbstractQueuedSynchronizer.java:1763)
        at java.base@21.0.6/java.util.concurrent.LinkedBlockingQueue.poll(LinkedBlockingQueue.java:460)
        at app//org.apache.hadoop.ipc.CallQueueManager.take(CallQueueManager.java:370)
        at app//org.apache.hadoop.ipc.Server$Handler.run(Server.java:3165)
"2dcfdddc-a76f-4d49-b174-7a2bddacee37-groupManagement"  prio=5 tid=1238 in Object.wait()
java.lang.Thread.State: WAITING (on object monitor)
        at java.base@21.0.6/jdk.internal.misc.Unsafe.park(Native Method)
        at java.base@21.0.6/java.util.concurrent.locks.LockSupport.park(LockSupport.java:371)
        at java.base@21.0.6/java.util.concurrent.locks.AbstractQueuedSynchronizer$ConditionNode.block(AbstractQueuedSynchronizer.java:519)
        at java.base@21.0.6/java.util.concurrent.ForkJoinPool.unmanagedBlock(ForkJoinPool.java:3780)
        at java.base@21.0.6/java.util.concurrent.ForkJoinPool.managedBlock(ForkJoinPool.java:3725)
        at java.base@21.0.6/java.util.concurrent.locks.AbstractQueuedSynchronizer$ConditionObject.await(AbstractQueuedSynchronizer.java:1712)
        at java.base@21.0.6/java.util.concurrent.LinkedBlockingQueue.take(LinkedBlockingQueue.java:435)
        at java.base@21.0.6/java.util.concurrent.ThreadPoolExecutor.getTask(ThreadPoolExecutor.java:1070)
        at java.base@21.0.6/java.util.concurrent.ThreadPoolExecutor.runWorker(ThreadPoolExecutor.java:1130)
        at java.base@21.0.6/java.util.concurrent.ThreadPoolExecutor$Worker.run(ThreadPoolExecutor.java:642)
        at java.base@21.0.6/java.lang.Thread.runWith(Thread.java:1596)
        at java.base@21.0.6/java.lang.Thread.run(Thread.java:1583)
"62ffdddc-aaf0-4ce5-9810-4c181ebbf473-CloseContainerThread-0"  prio=5 tid=1527 in Object.wait()
java.lang.Thread.State: WAITING (on object monitor)
        at java.base@21.0.6/jdk.internal.misc.Unsafe.park(Native Method)
        at java.base@21.0.6/java.util.concurrent.locks.LockSupport.park(LockSupport.java:371)
        at java.base@21.0.6/java.util.concurrent.locks.AbstractQueuedSynchronizer$ConditionNode.block(AbstractQueuedSynchronizer.java:519)
        at java.base@21.0.6/java.util.concurrent.ForkJoinPool.unmanagedBlock(ForkJoinPool.java:3780)
        at java.base@21.0.6/java.util.concurrent.ForkJoinPool.managedBlock(ForkJoinPool.java:3725)
        at java.base@21.0.6/java.util.concurrent.locks.AbstractQueuedSynchronizer$ConditionObject.await(AbstractQueuedSynchronizer.java:1712)
        at java.base@21.0.6/java.util.concurrent.LinkedBlockingQueue.take(LinkedBlockingQueue.java:435)
        at java.base@21.0.6/java.util.concurrent.ThreadPoolExecutor.getTask(ThreadPoolExecutor.java:1070)
        at java.base@21.0.6/java.util.concurrent.ThreadPoolExecutor.runWorker(ThreadPoolExecutor.java:1130)
        at java.base@21.0.6/java.util.concurrent.ThreadPoolExecutor$Worker.run(ThreadPoolExecutor.java:642)
        at java.base@21.0.6/java.lang.Thread.runWith(Thread.java:1596)
        at java.base@21.0.6/java.lang.Thread.run(Thread.java:1583)
"e20a886d-0459-4371-959f-f9bdb6931571-BlockDeletingService#2" daemon prio=5 tid=1829 in Object.wait()
java.lang.Thread.State: WAITING (on object monitor)
        at java.base@21.0.6/jdk.internal.misc.Unsafe.park(Native Method)
        at java.base@21.0.6/java.util.concurrent.locks.LockSupport.park(LockSupport.java:371)
        at java.base@21.0.6/java.util.concurrent.locks.AbstractQueuedSynchronizer$ConditionNode.block(AbstractQueuedSynchronizer.java:519)
        at java.base@21.0.6/java.util.concurrent.ForkJoinPool.unmanagedBlock(ForkJoinPool.java:3780)
        at java.base@21.0.6/java.util.concurrent.ForkJoinPool.managedBlock(ForkJoinPool.java:3725)
        at java.base@21.0.6/java.util.concurrent.locks.AbstractQueuedSynchronizer$ConditionObject.await(AbstractQueuedSynchronizer.java:1712)
        at java.base@21.0.6/java.util.concurrent.ScheduledThreadPoolExecutor$DelayedWorkQueue.take(ScheduledThreadPoolExecutor.java:1177)
        at java.base@21.0.6/java.util.concurrent.ScheduledThreadPoolExecutor$DelayedWorkQueue.take(ScheduledThreadPoolExecutor.java:899)
        at java.base@21.0.6/java.util.concurrent.ThreadPoolExecutor.getTask(ThreadPoolExecutor.java:1070)
        at java.base@21.0.6/java.util.concurrent.ThreadPoolExecutor.runWorker(ThreadPoolExecutor.java:1130)
        at java.base@21.0.6/java.util.concurrent.ThreadPoolExecutor$Worker.run(ThreadPoolExecutor.java:642)
        at java.base@21.0.6/java.lang.Thread.runWith(Thread.java:1596)
        at java.base@21.0.6/java.lang.Thread.run(Thread.java:1583)
"qtp538370932-1906-acceptor-0@74ac7a24-ServerConnector@564c9626{HTTP/1.1, (http/1.1)}{0.0.0.0:15083}" daemon prio=3 tid=1906 runnable
java.lang.Thread.State: RUNNABLE
        at java.base@21.0.6/sun.nio.ch.Net.accept(Native Method)
        at java.base@21.0.6/sun.nio.ch.ServerSocketChannelImpl.implAccept(ServerSocketChannelImpl.java:433)
        at java.base@21.0.6/sun.nio.ch.ServerSocketChannelImpl.accept(ServerSocketChannelImpl.java:399)
        at app//org.eclipse.jetty.server.ServerConnector.accept(ServerConnector.java:388)
        at app//org.eclipse.jetty.server.AbstractConnector$Acceptor.run(AbstractConnector.java:704)
        at app//org.eclipse.jetty.util.thread.QueuedThreadPool.runJob(QueuedThreadPool.java:883)
        at app//org.eclipse.jetty.util.thread.QueuedThreadPool$Runner.run(QueuedThreadPool.java:1034)
        at java.base@21.0.6/java.lang.Thread.runWith(Thread.java:1596)
        at java.base@21.0.6/java.lang.Thread.run(Thread.java:1583)
"FixedThreadPoolWithAffinityExecutor-1-0" daemon prio=5 tid=98 timed_waiting
java.lang.Thread.State: TIMED_WAITING
        at java.base@21.0.6/jdk.internal.misc.Unsafe.park(Native Method)
        at java.base@21.0.6/java.util.concurrent.locks.LockSupport.parkNanos(LockSupport.java:269)
        at java.base@21.0.6/java.util.concurrent.locks.AbstractQueuedSynchronizer$ConditionObject.awaitNanos(AbstractQueuedSynchronizer.java:1763)
        at java.base@21.0.6/java.util.concurrent.LinkedBlockingQueue.poll(LinkedBlockingQueue.java:460)
        at app//org.apache.hadoop.hdds.scm.server.ContainerReportQueue.poll(ContainerReportQueue.java:269)
        at app//org.apache.hadoop.hdds.scm.server.ContainerReportQueue.poll(ContainerReportQueue.java:42)
        at app//org.apache.hadoop.hdds.server.events.FixedThreadPoolWithAffinityExecutor$ContainerReportProcessTask.run(FixedThreadPoolWithAffinityExecutor.java:252)
        at java.base@21.0.6/java.util.concurrent.Executors$RunnableAdapter.call(Executors.java:572)
        at java.base@21.0.6/java.util.concurrent.FutureTask.run(FutureTask.java:317)
        at java.base@21.0.6/java.util.concurrent.ThreadPoolExecutor.runWorker(ThreadPoolExecutor.java:1144)
        at java.base@21.0.6/java.util.concurrent.ThreadPoolExecutor$Worker.run(ThreadPoolExecutor.java:642)
        at java.base@21.0.6/java.lang.Thread.runWith(Thread.java:1596)
        at java.base@21.0.6/java.lang.Thread.run(Thread.java:1583)
"qtp179497095-324" daemon prio=5 tid=324 timed_waiting
java.lang.Thread.State: TIMED_WAITING
        at java.base@21.0.6/jdk.internal.misc.Unsafe.park(Native Method)
        at java.base@21.0.6/java.util.concurrent.locks.LockSupport.parkNanos(LockSupport.java:269)
        at java.base@21.0.6/java.util.concurrent.locks.AbstractQueuedSynchronizer$ConditionObject.awaitNanos(AbstractQueuedSynchronizer.java:1763)
        at app//org.eclipse.jetty.util.BlockingArrayQueue.poll(BlockingArrayQueue.java:382)
        at app//org.eclipse.jetty.util.thread.QueuedThreadPool$Runner.idleJobPoll(QueuedThreadPool.java:974)
        at app//org.eclipse.jetty.util.thread.QueuedThreadPool$Runner.run(QueuedThreadPool.java:1018)
        at java.base@21.0.6/java.lang.Thread.runWith(Thread.java:1596)
        at java.base@21.0.6/java.lang.Thread.run(Thread.java:1583)
"IPC Server handler 77 on default port 15002" daemon prio=5 tid=409 timed_waiting
java.lang.Thread.State: TIMED_WAITING
        at java.base@21.0.6/jdk.internal.misc.Unsafe.park(Native Method)
        at java.base@21.0.6/java.util.concurrent.locks.LockSupport.parkNanos(LockSupport.java:269)
        at java.base@21.0.6/java.util.concurrent.locks.AbstractQueuedSynchronizer$ConditionObject.awaitNanos(AbstractQueuedSynchronizer.java:1763)
        at java.base@21.0.6/java.util.concurrent.LinkedBlockingQueue.poll(LinkedBlockingQueue.java:460)
        at app//org.apache.hadoop.ipc.CallQueueManager.take(CallQueueManager.java:370)
        at app//org.apache.hadoop.ipc.Server$Handler.run(Server.java:3165)
"IPC Server handler 6 on default port 15030" daemon prio=5 tid=641 timed_waiting
java.lang.Thread.State: TIMED_WAITING
        at java.base@21.0.6/jdk.internal.misc.Unsafe.park(Native Method)
        at java.base@21.0.6/java.util.concurrent.locks.LockSupport.parkNanos(LockSupport.java:269)
        at java.base@21.0.6/java.util.concurrent.locks.AbstractQueuedSynchronizer$ConditionObject.awaitNanos(AbstractQueuedSynchronizer.java:1763)
        at java.base@21.0.6/java.util.concurrent.LinkedBlockingQueue.poll(LinkedBlockingQueue.java:460)
        at app//org.apache.hadoop.ipc.CallQueueManager.take(CallQueueManager.java:370)
        at app//org.apache.hadoop.ipc.Server$Handler.run(Server.java:3165)
"IPC Server handler 75 on default port 15000" daemon prio=5 tid=189 timed_waiting
java.lang.Thread.State: TIMED_WAITING
        at java.base@21.0.6/jdk.internal.misc.Unsafe.park(Native Method)
        at java.base@21.0.6/java.util.concurrent.locks.LockSupport.parkNanos(LockSupport.java:269)
        at java.base@21.0.6/java.util.concurrent.locks.AbstractQueuedSynchronizer$ConditionObject.awaitNanos(AbstractQueuedSynchronizer.java:1763)
        at java.base@21.0.6/java.util.concurrent.LinkedBlockingQueue.poll(LinkedBlockingQueue.java:460)
        at app//org.apache.hadoop.ipc.CallQueueManager.take(CallQueueManager.java:370)
        at app//org.apache.hadoop.ipc.Server$Handler.run(Server.java:3165)
"IPC Server handler 83 on default port 15000" daemon prio=5 tid=197 timed_waiting
java.lang.Thread.State: TIMED_WAITING
        at java.base@21.0.6/jdk.internal.misc.Unsafe.park(Native Method)
        at java.base@21.0.6/java.util.concurrent.locks.LockSupport.parkNanos(LockSupport.java:269)
        at java.base@21.0.6/java.util.concurrent.locks.AbstractQueuedSynchronizer$ConditionObject.awaitNanos(AbstractQueuedSynchronizer.java:1763)
        at java.base@21.0.6/java.util.concurrent.LinkedBlockingQueue.poll(LinkedBlockingQueue.java:460)
        at app//org.apache.hadoop.ipc.CallQueueManager.take(CallQueueManager.java:370)
        at app//org.apache.hadoop.ipc.Server$Handler.run(Server.java:3165)
"49dd84ae-7ec9-4d92-bc53-345946144fea-PeriodicHDDSVolumeChecker" daemon prio=5 tid=2307 timed_waiting
java.lang.Thread.State: TIMED_WAITING
        at java.base@21.0.6/jdk.internal.misc.Unsafe.park(Native Method)
        at java.base@21.0.6/java.util.concurrent.locks.LockSupport.parkNanos(LockSupport.java:269)
        at java.base@21.0.6/java.util.concurrent.locks.AbstractQueuedSynchronizer$ConditionObject.awaitNanos(AbstractQueuedSynchronizer.java:1763)
        at java.base@21.0.6/java.util.concurrent.ScheduledThreadPoolExecutor$DelayedWorkQueue.take(ScheduledThreadPoolExecutor.java:1182)
        at java.base@21.0.6/java.util.concurrent.ScheduledThreadPoolExecutor$DelayedWorkQueue.take(ScheduledThreadPoolExecutor.java:899)
        at java.base@21.0.6/java.util.concurrent.ThreadPoolExecutor.getTask(ThreadPoolExecutor.java:1070)
        at java.base@21.0.6/java.util.concurrent.ThreadPoolExecutor.runWorker(ThreadPoolExecutor.java:1130)
        at java.base@21.0.6/java.util.concurrent.ThreadPoolExecutor$Worker.run(ThreadPoolExecutor.java:642)
        at java.base@21.0.6/java.lang.Thread.runWith(Thread.java:1596)
        at java.base@21.0.6/java.lang.Thread.run(Thread.java:1583)
"eb965ba7-12a8-46f3-92c0-bc6ff5b3bf3b-CloseContainerThread-0"  prio=5 tid=1524 in Object.wait()
java.lang.Thread.State: WAITING (on object monitor)
        at java.base@21.0.6/jdk.internal.misc.Unsafe.park(Native Method)
        at java.base@21.0.6/java.util.concurrent.locks.LockSupport.park(LockSupport.java:371)
        at java.base@21.0.6/java.util.concurrent.locks.AbstractQueuedSynchronizer$ConditionNode.block(AbstractQueuedSynchronizer.java:519)
        at java.base@21.0.6/java.util.concurrent.ForkJoinPool.unmanagedBlock(ForkJoinPool.java:3780)
        at java.base@21.0.6/java.util.concurrent.ForkJoinPool.managedBlock(ForkJoinPool.java:3725)
        at java.base@21.0.6/java.util.concurrent.locks.AbstractQueuedSynchronizer$ConditionObject.await(AbstractQueuedSynchronizer.java:1712)
        at java.base@21.0.6/java.util.concurrent.LinkedBlockingQueue.take(LinkedBlockingQueue.java:435)
        at java.base@21.0.6/java.util.concurrent.ThreadPoolExecutor.getTask(ThreadPoolExecutor.java:1070)
        at java.base@21.0.6/java.util.concurrent.ThreadPoolExecutor.runWorker(ThreadPoolExecutor.java:1130)
        at java.base@21.0.6/java.util.concurrent.ThreadPoolExecutor$Worker.run(ThreadPoolExecutor.java:642)
        at java.base@21.0.6/java.lang.Thread.runWith(Thread.java:1596)
        at java.base@21.0.6/java.lang.Thread.run(Thread.java:1583)
"2dcfdddc-a76f-4d49-b174-7a2bddacee37-EndpointStateMachineTaskThread-/0.0.0.0:15002-0 "  prio=5 tid=1031 in Object.wait()
java.lang.Thread.State: WAITING (on object monitor)
        at java.base@21.0.6/jdk.internal.misc.Unsafe.park(Native Method)
        at java.base@21.0.6/java.util.concurrent.locks.LockSupport.park(LockSupport.java:371)
        at java.base@21.0.6/java.util.concurrent.locks.AbstractQueuedSynchronizer$ConditionNode.block(AbstractQueuedSynchronizer.java:519)
        at java.base@21.0.6/java.util.concurrent.ForkJoinPool.unmanagedBlock(ForkJoinPool.java:3780)
        at java.base@21.0.6/java.util.concurrent.ForkJoinPool.managedBlock(ForkJoinPool.java:3725)
        at java.base@21.0.6/java.util.concurrent.locks.AbstractQueuedSynchronizer$ConditionObject.await(AbstractQueuedSynchronizer.java:1712)
        at java.base@21.0.6/java.util.concurrent.LinkedBlockingQueue.take(LinkedBlockingQueue.java:435)
        at java.base@21.0.6/java.util.concurrent.ThreadPoolExecutor.getTask(ThreadPoolExecutor.java:1070)
        at java.base@21.0.6/java.util.concurrent.ThreadPoolExecutor.runWorker(ThreadPoolExecutor.java:1130)
        at java.base@21.0.6/java.util.concurrent.ThreadPoolExecutor$Worker.run(ThreadPoolExecutor.java:642)
        at java.base@21.0.6/java.lang.Thread.runWith(Thread.java:1596)
        at java.base@21.0.6/java.lang.Thread.run(Thread.java:1583)
"IPC Server handler 59 on default port 15000" daemon prio=5 tid=173 timed_waiting
java.lang.Thread.State: TIMED_WAITING
        at java.base@21.0.6/jdk.internal.misc.Unsafe.park(Native Method)
        at java.base@21.0.6/java.util.concurrent.locks.LockSupport.parkNanos(LockSupport.java:269)
        at java.base@21.0.6/java.util.concurrent.locks.AbstractQueuedSynchronizer$ConditionObject.awaitNanos(AbstractQueuedSynchronizer.java:1763)
        at java.base@21.0.6/java.util.concurrent.LinkedBlockingQueue.poll(LinkedBlockingQueue.java:460)
        at app//org.apache.hadoop.ipc.CallQueueManager.take(CallQueueManager.java:370)
        at app//org.apache.hadoop.ipc.Server$Handler.run(Server.java:3165)
"IPC Server handler 9 on default port 15021" daemon prio=5 tid=596 timed_waiting
java.lang.Thread.State: TIMED_WAITING
        at java.base@21.0.6/jdk.internal.misc.Unsafe.park(Native Method)
        at java.base@21.0.6/java.util.concurrent.locks.LockSupport.parkNanos(LockSupport.java:269)
        at java.base@21.0.6/java.util.concurrent.locks.AbstractQueuedSynchronizer$ConditionObject.awaitNanos(AbstractQueuedSynchronizer.java:1763)
        at java.base@21.0.6/java.util.concurrent.LinkedBlockingQueue.poll(LinkedBlockingQueue.java:460)
        at app//org.apache.hadoop.ipc.CallQueueManager.take(CallQueueManager.java:370)
        at app//org.apache.hadoop.ipc.Server$Handler.run(Server.java:3165)
"grpc-default-worker-ELG-3-1" daemon prio=5 tid=1175 runnable
java.lang.Thread.State: RUNNABLE
        at app//org.apache.ratis.thirdparty.io.netty.channel.epoll.Native.epollWait0(Native Method)
        at app//org.apache.ratis.thirdparty.io.netty.channel.epoll.Native.epollWait(Native.java:193)
        at app//org.apache.ratis.thirdparty.io.netty.channel.epoll.EpollEventLoop.epollWait(EpollEventLoop.java:304)
        at app//org.apache.ratis.thirdparty.io.netty.channel.epoll.EpollEventLoop.run(EpollEventLoop.java:368)
        at app//org.apache.ratis.thirdparty.io.netty.util.concurrent.SingleThreadEventExecutor$4.run(SingleThreadEventExecutor.java:997)
        at app//org.apache.ratis.thirdparty.io.netty.util.internal.ThreadExecutorMap$2.run(ThreadExecutorMap.java:74)
        at app//org.apache.ratis.thirdparty.io.netty.util.concurrent.FastThreadLocalRunnable.run(FastThreadLocalRunnable.java:30)
        at java.base@21.0.6/java.lang.Thread.runWith(Thread.java:1596)
        at java.base@21.0.6/java.lang.Thread.run(Thread.java:1583)
"ccfadb7c-9180-4c4b-b969-671c642a7bd3@group-CA8E8F8CF78E-cacheEviction-AwaitToRun" daemon prio=5 tid=1986 in Object.wait()
java.lang.Thread.State: WAITING (on object monitor)
        at java.base@21.0.6/jdk.internal.misc.Unsafe.park(Native Method)
        at java.base@21.0.6/java.util.concurrent.locks.LockSupport.park(LockSupport.java:371)
        at java.base@21.0.6/java.util.concurrent.locks.AbstractQueuedSynchronizer$ConditionNode.block(AbstractQueuedSynchronizer.java:519)
        at java.base@21.0.6/java.util.concurrent.ForkJoinPool.unmanagedBlock(ForkJoinPool.java:3780)
        at java.base@21.0.6/java.util.concurrent.ForkJoinPool.managedBlock(ForkJoinPool.java:3725)
        at java.base@21.0.6/java.util.concurrent.locks.AbstractQueuedSynchronizer$ConditionObject.await(AbstractQueuedSynchronizer.java:1712)
        at app//org.apache.ratis.util.AwaitForSignal.await(AwaitForSignal.java:48)
        at app//org.apache.ratis.util.AwaitToRun$RunnableImpl.run(AwaitToRun.java:47)
        at java.base@21.0.6/java.lang.Thread.runWith(Thread.java:1596)
        at java.base@21.0.6/java.lang.Thread.run(Thread.java:1583)
"25fe7083-9332-4190-accf-9f4542114dd9-CloseContainerThread-0"  prio=5 tid=2050 in Object.wait()
java.lang.Thread.State: WAITING (on object monitor)
        at java.base@21.0.6/jdk.internal.misc.Unsafe.park(Native Method)
        at java.base@21.0.6/java.util.concurrent.locks.LockSupport.park(LockSupport.java:371)
        at java.base@21.0.6/java.util.concurrent.locks.AbstractQueuedSynchronizer$ConditionNode.block(AbstractQueuedSynchronizer.java:519)
        at java.base@21.0.6/java.util.concurrent.ForkJoinPool.unmanagedBlock(ForkJoinPool.java:3780)
        at java.base@21.0.6/java.util.concurrent.ForkJoinPool.managedBlock(ForkJoinPool.java:3725)
        at java.base@21.0.6/java.util.concurrent.locks.AbstractQueuedSynchronizer$ConditionObject.await(AbstractQueuedSynchronizer.java:1712)
        at java.base@21.0.6/java.util.concurrent.LinkedBlockingQueue.take(LinkedBlockingQueue.java:435)
        at java.base@21.0.6/java.util.concurrent.ThreadPoolExecutor.getTask(ThreadPoolExecutor.java:1070)
        at java.base@21.0.6/java.util.concurrent.ThreadPoolExecutor.runWorker(ThreadPoolExecutor.java:1130)
        at java.base@21.0.6/java.util.concurrent.ThreadPoolExecutor$Worker.run(ThreadPoolExecutor.java:642)
        at java.base@21.0.6/java.lang.Thread.runWith(Thread.java:1596)
        at java.base@21.0.6/java.lang.Thread.run(Thread.java:1583)
"IPC Server listener on 15021" daemon prio=5 tid=573 runnable
java.lang.Thread.State: RUNNABLE
        at java.base@21.0.6/sun.nio.ch.EPoll.wait(Native Method)
        at java.base@21.0.6/sun.nio.ch.EPollSelectorImpl.doSelect(EPollSelectorImpl.java:121)
        at java.base@21.0.6/sun.nio.ch.SelectorImpl.lockAndDoSelect(SelectorImpl.java:130)
        at java.base@21.0.6/sun.nio.ch.SelectorImpl.select(SelectorImpl.java:147)
        at app//org.apache.hadoop.ipc.Server$Listener.run(Server.java:1559)
"6b36f32d-918c-46a3-bfcb-888cb423c6dd@group-B5B4EE72DAEF-cacheEviction-AwaitToRun" daemon prio=5 tid=2038 in Object.wait()
java.lang.Thread.State: WAITING (on object monitor)
        at java.base@21.0.6/jdk.internal.misc.Unsafe.park(Native Method)
        at java.base@21.0.6/java.util.concurrent.locks.LockSupport.park(LockSupport.java:371)
        at java.base@21.0.6/java.util.concurrent.locks.AbstractQueuedSynchronizer$ConditionNode.block(AbstractQueuedSynchronizer.java:519)
        at java.base@21.0.6/java.util.concurrent.ForkJoinPool.unmanagedBlock(ForkJoinPool.java:3780)
        at java.base@21.0.6/java.util.concurrent.ForkJoinPool.managedBlock(ForkJoinPool.java:3725)
        at java.base@21.0.6/java.util.concurrent.locks.AbstractQueuedSynchronizer$ConditionObject.await(AbstractQueuedSynchronizer.java:1712)
        at app//org.apache.ratis.util.AwaitForSignal.await(AwaitForSignal.java:48)
        at app//org.apache.ratis.util.AwaitToRun$RunnableImpl.run(AwaitToRun.java:47)
        at java.base@21.0.6/java.lang.Thread.runWith(Thread.java:1596)
        at java.base@21.0.6/java.lang.Thread.run(Thread.java:1583)
"Socket Reader #4 for port 15006"  prio=5 tid=446 runnable
java.lang.Thread.State: RUNNABLE
        at java.base@21.0.6/sun.nio.ch.EPoll.wait(Native Method)
        at java.base@21.0.6/sun.nio.ch.EPollSelectorImpl.doSelect(EPollSelectorImpl.java:121)
        at java.base@21.0.6/sun.nio.ch.SelectorImpl.lockAndDoSelect(SelectorImpl.java:130)
        at java.base@21.0.6/sun.nio.ch.SelectorImpl.select(SelectorImpl.java:147)
        at app//org.apache.hadoop.ipc.Server$Listener$Reader.doRunLoop(Server.java:1497)
        at app//org.apache.hadoop.ipc.Server$Listener$Reader.run(Server.java:1476)
"qtp1625390205-571" daemon prio=5 tid=571 timed_waiting
java.lang.Thread.State: TIMED_WAITING
        at java.base@21.0.6/jdk.internal.misc.Unsafe.park(Native Method)
        at java.base@21.0.6/java.util.concurrent.locks.LockSupport.parkNanos(LockSupport.java:269)
        at java.base@21.0.6/java.util.concurrent.locks.AbstractQueuedSynchronizer$ConditionObject.awaitNanos(AbstractQueuedSynchronizer.java:1763)
        at app//org.eclipse.jetty.util.BlockingArrayQueue.poll(BlockingArrayQueue.java:382)
        at app//org.eclipse.jetty.util.thread.QueuedThreadPool$Runner.idleJobPoll(QueuedThreadPool.java:974)
        at app//org.eclipse.jetty.util.thread.QueuedThreadPool$Runner.run(QueuedThreadPool.java:1018)
        at java.base@21.0.6/java.lang.Thread.runWith(Thread.java:1596)
        at java.base@21.0.6/java.lang.Thread.run(Thread.java:1583)
"IPC Server idle connection scanner for port 15002" daemon prio=5 tid=66 timed_waiting
java.lang.Thread.State: TIMED_WAITING
        at java.base@21.0.6/java.lang.Object.wait0(Native Method)
        at java.base@21.0.6/java.lang.Object.wait(Object.java:366)
        at java.base@21.0.6/java.util.TimerThread.mainLoop(Timer.java:563)
        at java.base@21.0.6/java.util.TimerThread.run(Timer.java:516)
"46d11c6d-db9b-44c9-8985-212dd9cf6636-RocksDBCompactionThread-0"  prio=5 tid=791 timed_waiting
java.lang.Thread.State: TIMED_WAITING
        at java.base@21.0.6/jdk.internal.misc.Unsafe.park(Native Method)
        at java.base@21.0.6/java.util.concurrent.locks.LockSupport.parkNanos(LockSupport.java:269)
        at java.base@21.0.6/java.util.concurrent.locks.AbstractQueuedSynchronizer$ConditionObject.awaitNanos(AbstractQueuedSynchronizer.java:1763)
        at java.base@21.0.6/java.util.concurrent.ScheduledThreadPoolExecutor$DelayedWorkQueue.take(ScheduledThreadPoolExecutor.java:1182)
        at java.base@21.0.6/java.util.concurrent.ScheduledThreadPoolExecutor$DelayedWorkQueue.take(ScheduledThreadPoolExecutor.java:899)
        at java.base@21.0.6/java.util.concurrent.ThreadPoolExecutor.getTask(ThreadPoolExecutor.java:1070)
        at java.base@21.0.6/java.util.concurrent.ThreadPoolExecutor.runWorker(ThreadPoolExecutor.java:1130)
        at java.base@21.0.6/java.util.concurrent.ThreadPoolExecutor$Worker.run(ThreadPoolExecutor.java:642)
        at java.base@21.0.6/java.lang.Thread.runWith(Thread.java:1596)
        at java.base@21.0.6/java.lang.Thread.run(Thread.java:1583)
"25fe7083-9332-4190-accf-9f4542114dd9-server-thread1" daemon prio=5 tid=2116 timed_waiting
java.lang.Thread.State: TIMED_WAITING
        at java.base@21.0.6/jdk.internal.misc.Unsafe.park(Native Method)
        at java.base@21.0.6/java.util.concurrent.locks.LockSupport.parkNanos(LockSupport.java:410)
        at java.base@21.0.6/java.util.concurrent.LinkedTransferQueue$DualNode.await(LinkedTransferQueue.java:452)
        at java.base@21.0.6/java.util.concurrent.SynchronousQueue$Transferer.xferLifo(SynchronousQueue.java:194)
        at java.base@21.0.6/java.util.concurrent.SynchronousQueue.xfer(SynchronousQueue.java:235)
        at java.base@21.0.6/java.util.concurrent.SynchronousQueue.poll(SynchronousQueue.java:338)
        at java.base@21.0.6/java.util.concurrent.ThreadPoolExecutor.getTask(ThreadPoolExecutor.java:1069)
        at java.base@21.0.6/java.util.concurrent.ThreadPoolExecutor.runWorker(ThreadPoolExecutor.java:1130)
        at java.base@21.0.6/java.util.concurrent.ThreadPoolExecutor$Worker.run(ThreadPoolExecutor.java:642)
        at java.base@21.0.6/java.lang.Thread.runWith(Thread.java:1596)
        at java.base@21.0.6/java.lang.Thread.run(Thread.java:1583)
"qtp705030460-798-acceptor-0@90bd8a-ServerConnector@2c56d4ab{HTTP/1.1, (http/1.1)}{0.0.0.0:15065}" daemon prio=3 tid=798 runnable
java.lang.Thread.State: RUNNABLE
        at java.base@21.0.6/sun.nio.ch.Net.accept(Native Method)
        at java.base@21.0.6/sun.nio.ch.ServerSocketChannelImpl.implAccept(ServerSocketChannelImpl.java:433)
        at java.base@21.0.6/sun.nio.ch.ServerSocketChannelImpl.accept(ServerSocketChannelImpl.java:399)
        at app//org.eclipse.jetty.server.ServerConnector.accept(ServerConnector.java:388)
        at app//org.eclipse.jetty.server.AbstractConnector$Acceptor.run(AbstractConnector.java:704)
        at app//org.eclipse.jetty.util.thread.QueuedThreadPool.runJob(QueuedThreadPool.java:883)
        at app//org.eclipse.jetty.util.thread.QueuedThreadPool$Runner.run(QueuedThreadPool.java:1034)
        at java.base@21.0.6/java.lang.Thread.runWith(Thread.java:1596)
        at java.base@21.0.6/java.lang.Thread.run(Thread.java:1583)
"BackgroundPipelineScrubber" daemon prio=5 tid=49 timed_waiting
java.lang.Thread.State: TIMED_WAITING
        at java.base@21.0.6/java.lang.Object.wait0(Native Method)
        at java.base@21.0.6/java.lang.Object.wait(Object.java:366)
        at app//org.apache.hadoop.hdds.scm.ha.BackgroundSCMService.run(BackgroundSCMService.java:106)
        at app//org.apache.hadoop.hdds.scm.ha.BackgroundSCMService$$Lambda/0x00007f7e9c4ad198.run(Unknown Source)
        at java.base@21.0.6/java.lang.Thread.runWith(Thread.java:1596)
        at java.base@21.0.6/java.lang.Thread.run(Thread.java:1583)
"IPC Server handler 4 on default port 15075" daemon prio=5 tid=869 timed_waiting
java.lang.Thread.State: TIMED_WAITING
        at java.base@21.0.6/jdk.internal.misc.Unsafe.park(Native Method)
        at java.base@21.0.6/java.util.concurrent.locks.LockSupport.parkNanos(LockSupport.java:269)
        at java.base@21.0.6/java.util.concurrent.locks.AbstractQueuedSynchronizer$ConditionObject.awaitNanos(AbstractQueuedSynchronizer.java:1763)
        at java.base@21.0.6/java.util.concurrent.LinkedBlockingQueue.poll(LinkedBlockingQueue.java:460)
        at app//org.apache.hadoop.ipc.CallQueueManager.take(CallQueueManager.java:370)
        at app//org.apache.hadoop.ipc.Server$Handler.run(Server.java:3165)
"IPC Server handler 62 on default port 15001" daemon prio=5 tid=276 timed_waiting
java.lang.Thread.State: TIMED_WAITING
        at java.base@21.0.6/jdk.internal.misc.Unsafe.park(Native Method)
        at java.base@21.0.6/java.util.concurrent.locks.LockSupport.parkNanos(LockSupport.java:269)
        at java.base@21.0.6/java.util.concurrent.locks.AbstractQueuedSynchronizer$ConditionObject.awaitNanos(AbstractQueuedSynchronizer.java:1763)
        at java.base@21.0.6/java.util.concurrent.LinkedBlockingQueue.poll(LinkedBlockingQueue.java:460)
        at app//org.apache.hadoop.ipc.CallQueueManager.take(CallQueueManager.java:370)
        at app//org.apache.hadoop.ipc.Server$Handler.run(Server.java:3165)
"qtp705030460-803" daemon prio=5 tid=803 timed_waiting
java.lang.Thread.State: TIMED_WAITING
        at java.base@21.0.6/jdk.internal.misc.Unsafe.park(Native Method)
        at java.base@21.0.6/java.util.concurrent.locks.LockSupport.parkNanos(LockSupport.java:269)
        at java.base@21.0.6/java.util.concurrent.locks.AbstractQueuedSynchronizer$ConditionObject.awaitNanos(AbstractQueuedSynchronizer.java:1763)
        at app//org.eclipse.jetty.util.BlockingArrayQueue.poll(BlockingArrayQueue.java:382)
        at app//org.eclipse.jetty.util.thread.QueuedThreadPool$Runner.idleJobPoll(QueuedThreadPool.java:974)
        at app//org.eclipse.jetty.util.thread.QueuedThreadPool$Runner.run(QueuedThreadPool.java:1018)
        at java.base@21.0.6/java.lang.Thread.runWith(Thread.java:1596)
        at java.base@21.0.6/java.lang.Thread.run(Thread.java:1583)
"pool-93-thread-1" daemon prio=5 tid=999 timed_waiting
java.lang.Thread.State: TIMED_WAITING
        at java.base@21.0.6/jdk.internal.misc.Unsafe.park(Native Method)
        at java.base@21.0.6/java.util.concurrent.locks.LockSupport.parkNanos(LockSupport.java:269)
        at java.base@21.0.6/java.util.concurrent.locks.AbstractQueuedSynchronizer$ConditionObject.awaitNanos(AbstractQueuedSynchronizer.java:1763)
        at java.base@21.0.6/java.util.concurrent.ScheduledThreadPoolExecutor$DelayedWorkQueue.take(ScheduledThreadPoolExecutor.java:1182)
        at java.base@21.0.6/java.util.concurrent.ScheduledThreadPoolExecutor$DelayedWorkQueue.take(ScheduledThreadPoolExecutor.java:899)
        at java.base@21.0.6/java.util.concurrent.ThreadPoolExecutor.getTask(ThreadPoolExecutor.java:1070)
        at java.base@21.0.6/java.util.concurrent.ThreadPoolExecutor.runWorker(ThreadPoolExecutor.java:1130)
        at java.base@21.0.6/java.util.concurrent.ThreadPoolExecutor$Worker.run(ThreadPoolExecutor.java:642)
        at java.base@21.0.6/java.lang.Thread.runWith(Thread.java:1596)
        at java.base@21.0.6/java.lang.Thread.run(Thread.java:1583)
"IPC Server listener on 15000" daemon prio=5 tid=83 runnable
java.lang.Thread.State: RUNNABLE
        at java.base@21.0.6/sun.nio.ch.EPoll.wait(Native Method)
        at java.base@21.0.6/sun.nio.ch.EPollSelectorImpl.doSelect(EPollSelectorImpl.java:121)
        at java.base@21.0.6/sun.nio.ch.SelectorImpl.lockAndDoSelect(SelectorImpl.java:130)
        at java.base@21.0.6/sun.nio.ch.SelectorImpl.select(SelectorImpl.java:147)
        at app//org.apache.hadoop.ipc.Server$Listener.run(Server.java:1559)
"IPC Server handler 54 on default port 15000" daemon prio=5 tid=168 timed_waiting
java.lang.Thread.State: TIMED_WAITING
        at java.base@21.0.6/jdk.internal.misc.Unsafe.park(Native Method)
        at java.base@21.0.6/java.util.concurrent.locks.LockSupport.parkNanos(LockSupport.java:269)
        at java.base@21.0.6/java.util.concurrent.locks.AbstractQueuedSynchronizer$ConditionObject.awaitNanos(AbstractQueuedSynchronizer.java:1763)
        at java.base@21.0.6/java.util.concurrent.LinkedBlockingQueue.poll(LinkedBlockingQueue.java:460)
        at app//org.apache.hadoop.ipc.CallQueueManager.take(CallQueueManager.java:370)
        at app//org.apache.hadoop.ipc.Server$Handler.run(Server.java:3165)
"Socket Reader #2 for port 15012"  prio=5 tid=2263 runnable
java.lang.Thread.State: RUNNABLE
        at java.base@21.0.6/sun.nio.ch.EPoll.wait(Native Method)
        at java.base@21.0.6/sun.nio.ch.EPollSelectorImpl.doSelect(EPollSelectorImpl.java:121)
        at java.base@21.0.6/sun.nio.ch.SelectorImpl.lockAndDoSelect(SelectorImpl.java:130)
        at java.base@21.0.6/sun.nio.ch.SelectorImpl.select(SelectorImpl.java:147)
        at app//org.apache.hadoop.ipc.Server$Listener$Reader.doRunLoop(Server.java:1497)
        at app//org.apache.hadoop.ipc.Server$Listener$Reader.run(Server.java:1476)
"Socket Reader #7 for port 15084"  prio=5 tid=1920 runnable
java.lang.Thread.State: RUNNABLE
        at java.base@21.0.6/sun.nio.ch.EPoll.wait(Native Method)
        at java.base@21.0.6/sun.nio.ch.EPollSelectorImpl.doSelect(EPollSelectorImpl.java:121)
        at java.base@21.0.6/sun.nio.ch.SelectorImpl.lockAndDoSelect(SelectorImpl.java:130)
        at java.base@21.0.6/sun.nio.ch.SelectorImpl.select(SelectorImpl.java:147)
        at app//org.apache.hadoop.ipc.Server$Listener$Reader.doRunLoop(Server.java:1497)
        at app//org.apache.hadoop.ipc.Server$Listener$Reader.run(Server.java:1476)
"Socket Reader #7 for port 15093"  prio=5 tid=950 runnable
java.lang.Thread.State: RUNNABLE
        at java.base@21.0.6/sun.nio.ch.EPoll.wait(Native Method)
        at java.base@21.0.6/sun.nio.ch.EPollSelectorImpl.doSelect(EPollSelectorImpl.java:121)
        at java.base@21.0.6/sun.nio.ch.SelectorImpl.lockAndDoSelect(SelectorImpl.java:130)
        at java.base@21.0.6/sun.nio.ch.SelectorImpl.select(SelectorImpl.java:147)
        at app//org.apache.hadoop.ipc.Server$Listener$Reader.doRunLoop(Server.java:1497)
        at app//org.apache.hadoop.ipc.Server$Listener$Reader.run(Server.java:1476)
"6b36f32d-918c-46a3-bfcb-888cb423c6dd-ContainerOp-ca93de93-6260-4798-bfae-2aa5ac354986-4"  prio=5 tid=1640 in Object.wait()
java.lang.Thread.State: WAITING (on object monitor)
        at java.base@21.0.6/jdk.internal.misc.Unsafe.park(Native Method)
        at java.base@21.0.6/java.util.concurrent.locks.LockSupport.park(LockSupport.java:371)
        at java.base@21.0.6/java.util.concurrent.locks.AbstractQueuedSynchronizer$ConditionNode.block(AbstractQueuedSynchronizer.java:519)
        at java.base@21.0.6/java.util.concurrent.ForkJoinPool.unmanagedBlock(ForkJoinPool.java:3780)
        at java.base@21.0.6/java.util.concurrent.ForkJoinPool.managedBlock(ForkJoinPool.java:3725)
        at java.base@21.0.6/java.util.concurrent.locks.AbstractQueuedSynchronizer$ConditionObject.await(AbstractQueuedSynchronizer.java:1712)
        at java.base@21.0.6/java.util.concurrent.LinkedBlockingQueue.take(LinkedBlockingQueue.java:435)
        at java.base@21.0.6/java.util.concurrent.ThreadPoolExecutor.getTask(ThreadPoolExecutor.java:1070)
        at java.base@21.0.6/java.util.concurrent.ThreadPoolExecutor.runWorker(ThreadPoolExecutor.java:1130)
        at java.base@21.0.6/java.util.concurrent.ThreadPoolExecutor$Worker.run(ThreadPoolExecutor.java:642)
        at java.base@21.0.6/java.lang.Thread.runWith(Thread.java:1596)
        at java.base@21.0.6/java.lang.Thread.run(Thread.java:1583)
"IPC Server handler 56 on default port 15001" daemon prio=5 tid=270 timed_waiting
java.lang.Thread.State: TIMED_WAITING
        at java.base@21.0.6/jdk.internal.misc.Unsafe.park(Native Method)
        at java.base@21.0.6/java.util.concurrent.locks.LockSupport.parkNanos(LockSupport.java:269)
        at java.base@21.0.6/java.util.concurrent.locks.AbstractQueuedSynchronizer$ConditionObject.awaitNanos(AbstractQueuedSynchronizer.java:1763)
        at java.base@21.0.6/java.util.concurrent.LinkedBlockingQueue.poll(LinkedBlockingQueue.java:460)
        at app//org.apache.hadoop.ipc.CallQueueManager.take(CallQueueManager.java:370)
        at app//org.apache.hadoop.ipc.Server$Handler.run(Server.java:3165)
"eb965ba7-12a8-46f3-92c0-bc6ff5b3bf3b-ChunkReader-ELG-0" daemon prio=5 tid=1025 runnable
java.lang.Thread.State: RUNNABLE
        at app//org.apache.ratis.thirdparty.io.netty.channel.epoll.Native.epollWait(Native Method)
        at app//org.apache.ratis.thirdparty.io.netty.channel.epoll.Native.epollWait(Native.java:220)
        at app//org.apache.ratis.thirdparty.io.netty.channel.epoll.Native.epollWait(Native.java:213)
        at app//org.apache.ratis.thirdparty.io.netty.channel.epoll.EpollEventLoop.epollWaitNoTimerChange(EpollEventLoop.java:308)
        at app//org.apache.ratis.thirdparty.io.netty.channel.epoll.EpollEventLoop.run(EpollEventLoop.java:365)
        at app//org.apache.ratis.thirdparty.io.netty.util.concurrent.SingleThreadEventExecutor$4.run(SingleThreadEventExecutor.java:997)
        at app//org.apache.ratis.thirdparty.io.netty.util.internal.ThreadExecutorMap$2.run(ThreadExecutorMap.java:74)
        at java.base@21.0.6/java.lang.Thread.runWith(Thread.java:1596)
        at java.base@21.0.6/java.lang.Thread.run(Thread.java:1583)
"ccfadb7c-9180-4c4b-b969-671c642a7bd3-ChunkWriter-1-0" daemon prio=5 tid=1153 in Object.wait()
java.lang.Thread.State: WAITING (on object monitor)
        at java.base@21.0.6/jdk.internal.misc.Unsafe.park(Native Method)
        at java.base@21.0.6/java.util.concurrent.locks.LockSupport.park(LockSupport.java:371)
        at java.base@21.0.6/java.util.concurrent.locks.AbstractQueuedSynchronizer$ConditionNode.block(AbstractQueuedSynchronizer.java:519)
        at java.base@21.0.6/java.util.concurrent.ForkJoinPool.unmanagedBlock(ForkJoinPool.java:3780)
        at java.base@21.0.6/java.util.concurrent.ForkJoinPool.managedBlock(ForkJoinPool.java:3725)
        at java.base@21.0.6/java.util.concurrent.locks.AbstractQueuedSynchronizer$ConditionObject.await(AbstractQueuedSynchronizer.java:1712)
        at java.base@21.0.6/java.util.concurrent.LinkedBlockingDeque.takeFirst(LinkedBlockingDeque.java:485)
        at java.base@21.0.6/java.util.concurrent.LinkedBlockingDeque.take(LinkedBlockingDeque.java:673)
        at java.base@21.0.6/java.util.concurrent.ThreadPoolExecutor.getTask(ThreadPoolExecutor.java:1070)
        at java.base@21.0.6/java.util.concurrent.ThreadPoolExecutor.runWorker(ThreadPoolExecutor.java:1130)
        at java.base@21.0.6/java.util.concurrent.ThreadPoolExecutor$Worker.run(ThreadPoolExecutor.java:642)
        at java.base@21.0.6/java.lang.Thread.runWith(Thread.java:1596)
        at java.base@21.0.6/java.lang.Thread.run(Thread.java:1583)
"IPC Server handler 98 on default port 15000" daemon prio=5 tid=212 timed_waiting
java.lang.Thread.State: TIMED_WAITING
        at java.base@21.0.6/jdk.internal.misc.Unsafe.park(Native Method)
        at java.base@21.0.6/java.util.concurrent.locks.LockSupport.parkNanos(LockSupport.java:269)
        at java.base@21.0.6/java.util.concurrent.locks.AbstractQueuedSynchronizer$ConditionObject.awaitNanos(AbstractQueuedSynchronizer.java:1763)
        at java.base@21.0.6/java.util.concurrent.LinkedBlockingQueue.poll(LinkedBlockingQueue.java:460)
        at app//org.apache.hadoop.ipc.CallQueueManager.take(CallQueueManager.java:370)
        at app//org.apache.hadoop.ipc.Server$Handler.run(Server.java:3165)
"46d11c6d-db9b-44c9-8985-212dd9cf6636@group-FD3C136676F4-StateMachineUpdater" daemon prio=5 tid=1296 timed_waiting
java.lang.Thread.State: TIMED_WAITING
        at java.base@21.0.6/jdk.internal.misc.Unsafe.park(Native Method)
        at java.base@21.0.6/java.util.concurrent.locks.LockSupport.parkNanos(LockSupport.java:269)
        at java.base@21.0.6/java.util.concurrent.locks.AbstractQueuedSynchronizer$ConditionObject.await(AbstractQueuedSynchronizer.java:1852)
        at app//org.apache.ratis.util.AwaitForSignal.await(AwaitForSignal.java:65)
        at app//org.apache.ratis.server.impl.StateMachineUpdater.waitForCommit(StateMachineUpdater.java:219)
        at app//org.apache.ratis.server.impl.StateMachineUpdater.run(StateMachineUpdater.java:187)
        at java.base@21.0.6/java.lang.Thread.runWith(Thread.java:1596)
        at java.base@21.0.6/java.lang.Thread.run(Thread.java:1583)
"Socket Reader #6 for port 15075"  prio=5 tid=857 runnable
java.lang.Thread.State: RUNNABLE
        at java.base@21.0.6/sun.nio.ch.EPoll.wait(Native Method)
        at java.base@21.0.6/sun.nio.ch.EPollSelectorImpl.doSelect(EPollSelectorImpl.java:121)
        at java.base@21.0.6/sun.nio.ch.SelectorImpl.lockAndDoSelect(SelectorImpl.java:130)
        at java.base@21.0.6/sun.nio.ch.SelectorImpl.select(SelectorImpl.java:147)
        at app//org.apache.hadoop.ipc.Server$Listener$Reader.doRunLoop(Server.java:1497)
        at app//org.apache.hadoop.ipc.Server$Listener$Reader.run(Server.java:1476)
"pool-34-thread-1"  prio=5 tid=1522 timed_waiting
java.lang.Thread.State: TIMED_WAITING
        at java.base@21.0.6/jdk.internal.misc.Unsafe.park(Native Method)
        at java.base@21.0.6/java.util.concurrent.locks.LockSupport.parkNanos(LockSupport.java:410)
        at java.base@21.0.6/java.util.concurrent.LinkedTransferQueue$DualNode.await(LinkedTransferQueue.java:452)
        at java.base@21.0.6/java.util.concurrent.SynchronousQueue$Transferer.xferLifo(SynchronousQueue.java:194)
        at java.base@21.0.6/java.util.concurrent.SynchronousQueue.xfer(SynchronousQueue.java:235)
        at java.base@21.0.6/java.util.concurrent.SynchronousQueue.poll(SynchronousQueue.java:338)
        at java.base@21.0.6/java.util.concurrent.ThreadPoolExecutor.getTask(ThreadPoolExecutor.java:1069)
        at java.base@21.0.6/java.util.concurrent.ThreadPoolExecutor.runWorker(ThreadPoolExecutor.java:1130)
        at java.base@21.0.6/java.util.concurrent.ThreadPoolExecutor$Worker.run(ThreadPoolExecutor.java:642)
        at java.base@21.0.6/java.lang.Thread.runWith(Thread.java:1596)
        at java.base@21.0.6/java.lang.Thread.run(Thread.java:1583)
"eb965ba7-12a8-46f3-92c0-bc6ff5b3bf3b-ChunkWriter-0-0" daemon prio=5 tid=1020 in Object.wait()
java.lang.Thread.State: WAITING (on object monitor)
        at java.base@21.0.6/jdk.internal.misc.Unsafe.park(Native Method)
        at java.base@21.0.6/java.util.concurrent.locks.LockSupport.park(LockSupport.java:371)
        at java.base@21.0.6/java.util.concurrent.locks.AbstractQueuedSynchronizer$ConditionNode.block(AbstractQueuedSynchronizer.java:519)
        at java.base@21.0.6/java.util.concurrent.ForkJoinPool.unmanagedBlock(ForkJoinPool.java:3780)
        at java.base@21.0.6/java.util.concurrent.ForkJoinPool.managedBlock(ForkJoinPool.java:3725)
        at java.base@21.0.6/java.util.concurrent.locks.AbstractQueuedSynchronizer$ConditionObject.await(AbstractQueuedSynchronizer.java:1712)
        at java.base@21.0.6/java.util.concurrent.LinkedBlockingDeque.takeFirst(LinkedBlockingDeque.java:485)
        at java.base@21.0.6/java.util.concurrent.LinkedBlockingDeque.take(LinkedBlockingDeque.java:673)
        at java.base@21.0.6/java.util.concurrent.ThreadPoolExecutor.getTask(ThreadPoolExecutor.java:1070)
        at java.base@21.0.6/java.util.concurrent.ThreadPoolExecutor.runWorker(ThreadPoolExecutor.java:1130)
        at java.base@21.0.6/java.util.concurrent.ThreadPoolExecutor$Worker.run(ThreadPoolExecutor.java:642)
        at java.base@21.0.6/java.lang.Thread.runWith(Thread.java:1596)
        at java.base@21.0.6/java.lang.Thread.run(Thread.java:1583)
"qtp585405660-844-acceptor-0@63671de5-ServerConnector@562058d8{HTTP/1.1, (http/1.1)}{0.0.0.0:15074}" daemon prio=3 tid=844 runnable
java.lang.Thread.State: RUNNABLE
        at java.base@21.0.6/sun.nio.ch.Net.accept(Native Method)
        at java.base@21.0.6/sun.nio.ch.ServerSocketChannelImpl.implAccept(ServerSocketChannelImpl.java:433)
        at java.base@21.0.6/sun.nio.ch.ServerSocketChannelImpl.accept(ServerSocketChannelImpl.java:399)
        at app//org.eclipse.jetty.server.ServerConnector.accept(ServerConnector.java:388)
        at app//org.eclipse.jetty.server.AbstractConnector$Acceptor.run(AbstractConnector.java:704)
        at app//org.eclipse.jetty.util.thread.QueuedThreadPool.runJob(QueuedThreadPool.java:883)
        at app//org.eclipse.jetty.util.thread.QueuedThreadPool$Runner.run(QueuedThreadPool.java:1034)
        at java.base@21.0.6/java.lang.Thread.runWith(Thread.java:1596)
        at java.base@21.0.6/java.lang.Thread.run(Thread.java:1583)
"42086d8c-c943-47d6-a5f9-799709872375-BlockDeletingService#2" daemon prio=5 tid=1823 in Object.wait()
java.lang.Thread.State: WAITING (on object monitor)
        at java.base@21.0.6/jdk.internal.misc.Unsafe.park(Native Method)
        at java.base@21.0.6/java.util.concurrent.locks.LockSupport.park(LockSupport.java:371)
        at java.base@21.0.6/java.util.concurrent.locks.AbstractQueuedSynchronizer$ConditionNode.block(AbstractQueuedSynchronizer.java:519)
        at java.base@21.0.6/java.util.concurrent.ForkJoinPool.unmanagedBlock(ForkJoinPool.java:3780)
        at java.base@21.0.6/java.util.concurrent.ForkJoinPool.managedBlock(ForkJoinPool.java:3725)
        at java.base@21.0.6/java.util.concurrent.locks.AbstractQueuedSynchronizer$ConditionObject.await(AbstractQueuedSynchronizer.java:1712)
        at java.base@21.0.6/java.util.concurrent.ScheduledThreadPoolExecutor$DelayedWorkQueue.take(ScheduledThreadPoolExecutor.java:1177)
        at java.base@21.0.6/java.util.concurrent.ScheduledThreadPoolExecutor$DelayedWorkQueue.take(ScheduledThreadPoolExecutor.java:899)
        at java.base@21.0.6/java.util.concurrent.ThreadPoolExecutor.getTask(ThreadPoolExecutor.java:1070)
        at java.base@21.0.6/java.util.concurrent.ThreadPoolExecutor.runWorker(ThreadPoolExecutor.java:1130)
        at java.base@21.0.6/java.util.concurrent.ThreadPoolExecutor$Worker.run(ThreadPoolExecutor.java:642)
        at java.base@21.0.6/java.lang.Thread.runWith(Thread.java:1596)
        at java.base@21.0.6/java.lang.Thread.run(Thread.java:1583)
"gradle-enterprise-test-client-gradle-enterprise-test-listener"  prio=5 tid=27 in Object.wait()
java.lang.Thread.State: WAITING (on object monitor)
        at java.base@21.0.6/jdk.internal.misc.Unsafe.park(Native Method)
        at java.base@21.0.6/java.util.concurrent.locks.LockSupport.park(LockSupport.java:371)
        at java.base@21.0.6/java.util.concurrent.locks.AbstractQueuedSynchronizer$ConditionNode.block(AbstractQueuedSynchronizer.java:519)
        at java.base@21.0.6/java.util.concurrent.ForkJoinPool.unmanagedBlock(ForkJoinPool.java:3780)
        at java.base@21.0.6/java.util.concurrent.ForkJoinPool.managedBlock(ForkJoinPool.java:3725)
        at java.base@21.0.6/java.util.concurrent.locks.AbstractQueuedSynchronizer$ConditionObject.await(AbstractQueuedSynchronizer.java:1712)
        at java.base@21.0.6/java.util.concurrent.ArrayBlockingQueue.take(ArrayBlockingQueue.java:420)
        at app//com.gradle.maven.scan.extension.test.listener.obfuscated.k.a.a(SourceFile:130)
        at app//com.gradle.maven.scan.extension.test.listener.obfuscated.k.a.b(SourceFile:93)
        at app//com.gradle.maven.scan.extension.test.listener.obfuscated.k.a$$Lambda/0x00007f7e9c10eba8.run(Unknown Source)
        at java.base@21.0.6/java.util.concurrent.Executors$RunnableAdapter.call(Executors.java:572)
        at java.base@21.0.6/java.util.concurrent.FutureTask.run(FutureTask.java:317)
        at java.base@21.0.6/java.util.concurrent.ThreadPoolExecutor.runWorker(ThreadPoolExecutor.java:1144)
        at java.base@21.0.6/java.util.concurrent.ThreadPoolExecutor$Worker.run(ThreadPoolExecutor.java:642)
        at java.base@21.0.6/java.lang.Thread.runWith(Thread.java:1596)
        at java.base@21.0.6/java.lang.Thread.run(Thread.java:1583)
"Hadoop-Metrics-Updater-0" daemon prio=5 tid=818 timed_waiting
java.lang.Thread.State: TIMED_WAITING
        at java.base@21.0.6/jdk.internal.misc.Unsafe.park(Native Method)
        at java.base@21.0.6/java.util.concurrent.locks.LockSupport.parkNanos(LockSupport.java:269)
        at java.base@21.0.6/java.util.concurrent.locks.AbstractQueuedSynchronizer$ConditionObject.awaitNanos(AbstractQueuedSynchronizer.java:1763)
        at java.base@21.0.6/java.util.concurrent.ScheduledThreadPoolExecutor$DelayedWorkQueue.take(ScheduledThreadPoolExecutor.java:1182)
        at java.base@21.0.6/java.util.concurrent.ScheduledThreadPoolExecutor$DelayedWorkQueue.take(ScheduledThreadPoolExecutor.java:899)
        at java.base@21.0.6/java.util.concurrent.ThreadPoolExecutor.getTask(ThreadPoolExecutor.java:1070)
        at java.base@21.0.6/java.util.concurrent.ThreadPoolExecutor.runWorker(ThreadPoolExecutor.java:1130)
        at java.base@21.0.6/java.util.concurrent.ThreadPoolExecutor$Worker.run(ThreadPoolExecutor.java:642)
        at java.base@21.0.6/java.lang.Thread.runWith(Thread.java:1596)
        at java.base@21.0.6/java.lang.Thread.run(Thread.java:1583)
"qtp2029305492-612" daemon prio=5 tid=612 runnable
java.lang.Thread.State: RUNNABLE
        at java.base@21.0.6/sun.nio.ch.EPoll.wait(Native Method)
        at java.base@21.0.6/sun.nio.ch.EPollSelectorImpl.doSelect(EPollSelectorImpl.java:121)
        at java.base@21.0.6/sun.nio.ch.SelectorImpl.lockAndDoSelect(SelectorImpl.java:130)
        at java.base@21.0.6/sun.nio.ch.SelectorImpl.select(SelectorImpl.java:147)
        at app//org.eclipse.jetty.io.ManagedSelector.nioSelect(ManagedSelector.java:183)
        at app//org.eclipse.jetty.io.ManagedSelector.select(ManagedSelector.java:190)
        at app//org.eclipse.jetty.io.ManagedSelector$SelectorProducer.select(ManagedSelector.java:606)
        at app//org.eclipse.jetty.io.ManagedSelector$SelectorProducer.produce(ManagedSelector.java:543)
        at app//org.eclipse.jetty.util.thread.strategy.EatWhatYouKill.produceTask(EatWhatYouKill.java:362)
        at app//org.eclipse.jetty.util.thread.strategy.EatWhatYouKill.doProduce(EatWhatYouKill.java:186)
        at app//org.eclipse.jetty.util.thread.strategy.EatWhatYouKill.tryProduce(EatWhatYouKill.java:173)
        at app//org.eclipse.jetty.util.thread.strategy.EatWhatYouKill.produce(EatWhatYouKill.java:137)
        at app//org.eclipse.jetty.io.ManagedSelector$$Lambda/0x00007f7e9c660000.run(Unknown Source)
        at app//org.eclipse.jetty.util.thread.QueuedThreadPool.runJob(QueuedThreadPool.java:883)
        at app//org.eclipse.jetty.util.thread.QueuedThreadPool$Runner.run(QueuedThreadPool.java:1034)
        at java.base@21.0.6/java.lang.Thread.runWith(Thread.java:1596)
        at java.base@21.0.6/java.lang.Thread.run(Thread.java:1583)
"IPC Server handler 3 on default port 15021" daemon prio=5 tid=590 timed_waiting
java.lang.Thread.State: TIMED_WAITING
        at java.base@21.0.6/jdk.internal.misc.Unsafe.park(Native Method)
        at java.base@21.0.6/java.util.concurrent.locks.LockSupport.parkNanos(LockSupport.java:269)
        at java.base@21.0.6/java.util.concurrent.locks.AbstractQueuedSynchronizer$ConditionObject.awaitNanos(AbstractQueuedSynchronizer.java:1763)
        at java.base@21.0.6/java.util.concurrent.LinkedBlockingQueue.poll(LinkedBlockingQueue.java:460)
        at app//org.apache.hadoop.ipc.CallQueueManager.take(CallQueueManager.java:370)
        at app//org.apache.hadoop.ipc.Server$Handler.run(Server.java:3165)
"pool-112-thread-1"  prio=5 tid=563 timed_waiting
java.lang.Thread.State: TIMED_WAITING
        at java.base@21.0.6/jdk.internal.misc.Unsafe.park(Native Method)
        at java.base@21.0.6/java.util.concurrent.locks.LockSupport.parkNanos(LockSupport.java:269)
        at java.base@21.0.6/java.util.concurrent.locks.AbstractQueuedSynchronizer$ConditionObject.awaitNanos(AbstractQueuedSynchronizer.java:1763)
        at java.base@21.0.6/java.util.concurrent.ScheduledThreadPoolExecutor$DelayedWorkQueue.take(ScheduledThreadPoolExecutor.java:1182)
        at java.base@21.0.6/java.util.concurrent.ScheduledThreadPoolExecutor$DelayedWorkQueue.take(ScheduledThreadPoolExecutor.java:899)
        at java.base@21.0.6/java.util.concurrent.ThreadPoolExecutor.getTask(ThreadPoolExecutor.java:1070)
        at java.base@21.0.6/java.util.concurrent.ThreadPoolExecutor.runWorker(ThreadPoolExecutor.java:1130)
        at java.base@21.0.6/java.util.concurrent.ThreadPoolExecutor$Worker.run(ThreadPoolExecutor.java:642)
        at java.base@21.0.6/java.lang.Thread.runWith(Thread.java:1596)
        at java.base@21.0.6/java.lang.Thread.run(Thread.java:1583)
"timer0" daemon prio=5 tid=1402 timed_waiting
java.lang.Thread.State: TIMED_WAITING
        at java.base@21.0.6/java.lang.Object.wait0(Native Method)
        at java.base@21.0.6/java.lang.Object.wait(Object.java:366)
        at java.base@21.0.6/java.util.TimerThread.mainLoop(Timer.java:563)
        at java.base@21.0.6/java.util.TimerThread.run(Timer.java:516)
"IPC Server handler 60 on default port 15000" daemon prio=5 tid=174 timed_waiting
java.lang.Thread.State: TIMED_WAITING
        at java.base@21.0.6/jdk.internal.misc.Unsafe.park(Native Method)
        at java.base@21.0.6/java.util.concurrent.locks.LockSupport.parkNanos(LockSupport.java:269)
        at java.base@21.0.6/java.util.concurrent.locks.AbstractQueuedSynchronizer$ConditionObject.awaitNanos(AbstractQueuedSynchronizer.java:1763)
        at java.base@21.0.6/java.util.concurrent.LinkedBlockingQueue.poll(LinkedBlockingQueue.java:460)
        at app//org.apache.hadoop.ipc.CallQueueManager.take(CallQueueManager.java:370)
        at app//org.apache.hadoop.ipc.Server$Handler.run(Server.java:3165)
"pool-168-thread-1" daemon prio=5 tid=1053 timed_waiting
java.lang.Thread.State: TIMED_WAITING
        at java.base@21.0.6/jdk.internal.misc.Unsafe.park(Native Method)
        at java.base@21.0.6/java.util.concurrent.locks.LockSupport.parkNanos(LockSupport.java:269)
        at java.base@21.0.6/java.util.concurrent.locks.AbstractQueuedSynchronizer$ConditionObject.awaitNanos(AbstractQueuedSynchronizer.java:1763)
        at java.base@21.0.6/java.util.concurrent.ScheduledThreadPoolExecutor$DelayedWorkQueue.take(ScheduledThreadPoolExecutor.java:1182)
        at java.base@21.0.6/java.util.concurrent.ScheduledThreadPoolExecutor$DelayedWorkQueue.take(ScheduledThreadPoolExecutor.java:899)
        at java.base@21.0.6/java.util.concurrent.ThreadPoolExecutor.getTask(ThreadPoolExecutor.java:1070)
        at java.base@21.0.6/java.util.concurrent.ThreadPoolExecutor.runWorker(ThreadPoolExecutor.java:1130)
        at java.base@21.0.6/java.util.concurrent.ThreadPoolExecutor$Worker.run(ThreadPoolExecutor.java:642)
        at java.base@21.0.6/java.lang.Thread.runWith(Thread.java:1596)
        at java.base@21.0.6/java.lang.Thread.run(Thread.java:1583)
"IPC Server handler 44 on default port 15002" daemon prio=5 tid=376 timed_waiting
java.lang.Thread.State: TIMED_WAITING
        at java.base@21.0.6/jdk.internal.misc.Unsafe.park(Native Method)
        at java.base@21.0.6/java.util.concurrent.locks.LockSupport.parkNanos(LockSupport.java:269)
        at java.base@21.0.6/java.util.concurrent.locks.AbstractQueuedSynchronizer$ConditionObject.awaitNanos(AbstractQueuedSynchronizer.java:1763)
        at java.base@21.0.6/java.util.concurrent.LinkedBlockingQueue.poll(LinkedBlockingQueue.java:460)
        at app//org.apache.hadoop.ipc.CallQueueManager.take(CallQueueManager.java:370)
        at app//org.apache.hadoop.ipc.Server$Handler.run(Server.java:3165)
"IPC Server handler 24 on default port 15000" daemon prio=5 tid=138 timed_waiting
java.lang.Thread.State: TIMED_WAITING
        at java.base@21.0.6/jdk.internal.misc.Unsafe.park(Native Method)
        at java.base@21.0.6/java.util.concurrent.locks.LockSupport.parkNanos(LockSupport.java:269)
        at java.base@21.0.6/java.util.concurrent.locks.AbstractQueuedSynchronizer$ConditionObject.awaitNanos(AbstractQueuedSynchronizer.java:1763)
        at java.base@21.0.6/java.util.concurrent.LinkedBlockingQueue.poll(LinkedBlockingQueue.java:460)
        at app//org.apache.hadoop.ipc.CallQueueManager.take(CallQueueManager.java:370)
        at app//org.apache.hadoop.ipc.Server$Handler.run(Server.java:3165)
"IPC Server handler 39 on default port 15002" daemon prio=5 tid=371 timed_waiting
java.lang.Thread.State: TIMED_WAITING
        at java.base@21.0.6/jdk.internal.misc.Unsafe.park(Native Method)
        at java.base@21.0.6/java.util.concurrent.locks.LockSupport.parkNanos(LockSupport.java:269)
        at java.base@21.0.6/java.util.concurrent.locks.AbstractQueuedSynchronizer$ConditionObject.awaitNanos(AbstractQueuedSynchronizer.java:1763)
        at java.base@21.0.6/java.util.concurrent.LinkedBlockingQueue.poll(LinkedBlockingQueue.java:460)
        at app//org.apache.hadoop.ipc.CallQueueManager.take(CallQueueManager.java:370)
        at app//org.apache.hadoop.ipc.Server$Handler.run(Server.java:3165)
"Socket Reader #2 for port 15057"  prio=5 tid=761 runnable
java.lang.Thread.State: RUNNABLE
        at java.base@21.0.6/sun.nio.ch.EPoll.wait(Native Method)
        at java.base@21.0.6/sun.nio.ch.EPollSelectorImpl.doSelect(EPollSelectorImpl.java:121)
        at java.base@21.0.6/sun.nio.ch.SelectorImpl.lockAndDoSelect(SelectorImpl.java:130)
        at java.base@21.0.6/sun.nio.ch.SelectorImpl.select(SelectorImpl.java:147)
        at app//org.apache.hadoop.ipc.Server$Listener$Reader.doRunLoop(Server.java:1497)
        at app//org.apache.hadoop.ipc.Server$Listener$Reader.run(Server.java:1476)
"StaleRecoveringContainerScrubbingService#0" daemon prio=5 tid=1117 timed_waiting
java.lang.Thread.State: TIMED_WAITING
        at java.base@21.0.6/jdk.internal.misc.Unsafe.park(Native Method)
        at java.base@21.0.6/java.util.concurrent.locks.LockSupport.parkNanos(LockSupport.java:269)
        at java.base@21.0.6/java.util.concurrent.locks.AbstractQueuedSynchronizer$ConditionObject.awaitNanos(AbstractQueuedSynchronizer.java:1763)
        at java.base@21.0.6/java.util.concurrent.ScheduledThreadPoolExecutor$DelayedWorkQueue.take(ScheduledThreadPoolExecutor.java:1182)
        at java.base@21.0.6/java.util.concurrent.ScheduledThreadPoolExecutor$DelayedWorkQueue.take(ScheduledThreadPoolExecutor.java:899)
        at java.base@21.0.6/java.util.concurrent.ThreadPoolExecutor.getTask(ThreadPoolExecutor.java:1070)
        at java.base@21.0.6/java.util.concurrent.ThreadPoolExecutor.runWorker(ThreadPoolExecutor.java:1130)
        at java.base@21.0.6/java.util.concurrent.ThreadPoolExecutor$Worker.run(ThreadPoolExecutor.java:642)
        at java.base@21.0.6/java.lang.Thread.runWith(Thread.java:1596)
        at java.base@21.0.6/java.lang.Thread.run(Thread.java:1583)
"IPC Server handler 16 on default port 15001" daemon prio=5 tid=230 timed_waiting
java.lang.Thread.State: TIMED_WAITING
        at java.base@21.0.6/jdk.internal.misc.Unsafe.park(Native Method)
        at java.base@21.0.6/java.util.concurrent.locks.LockSupport.parkNanos(LockSupport.java:269)
        at java.base@21.0.6/java.util.concurrent.locks.AbstractQueuedSynchronizer$ConditionObject.awaitNanos(AbstractQueuedSynchronizer.java:1763)
        at java.base@21.0.6/java.util.concurrent.LinkedBlockingQueue.poll(LinkedBlockingQueue.java:460)
        at app//org.apache.hadoop.ipc.CallQueueManager.take(CallQueueManager.java:370)
        at app//org.apache.hadoop.ipc.Server$Handler.run(Server.java:3165)
"6b36f32d-918c-46a3-bfcb-888cb423c6dd-ContainerOp-e1fc892c-095b-4650-8f0f-81341f4e2824-0"  prio=5 tid=2173 in Object.wait()
java.lang.Thread.State: WAITING (on object monitor)
        at java.base@21.0.6/jdk.internal.misc.Unsafe.park(Native Method)
        at java.base@21.0.6/java.util.concurrent.locks.LockSupport.park(LockSupport.java:371)
        at java.base@21.0.6/java.util.concurrent.locks.AbstractQueuedSynchronizer$ConditionNode.block(AbstractQueuedSynchronizer.java:519)
        at java.base@21.0.6/java.util.concurrent.ForkJoinPool.unmanagedBlock(ForkJoinPool.java:3780)
        at java.base@21.0.6/java.util.concurrent.ForkJoinPool.managedBlock(ForkJoinPool.java:3725)
        at java.base@21.0.6/java.util.concurrent.locks.AbstractQueuedSynchronizer$ConditionObject.await(AbstractQueuedSynchronizer.java:1712)
        at java.base@21.0.6/java.util.concurrent.LinkedBlockingQueue.take(LinkedBlockingQueue.java:435)
        at java.base@21.0.6/java.util.concurrent.ThreadPoolExecutor.getTask(ThreadPoolExecutor.java:1070)
        at java.base@21.0.6/java.util.concurrent.ThreadPoolExecutor.runWorker(ThreadPoolExecutor.java:1130)
        at java.base@21.0.6/java.util.concurrent.ThreadPoolExecutor$Worker.run(ThreadPoolExecutor.java:642)
        at java.base@21.0.6/java.lang.Thread.runWith(Thread.java:1596)
        at java.base@21.0.6/java.lang.Thread.run(Thread.java:1583)
"IPC Server handler 23 on default port 15002" daemon prio=5 tid=355 timed_waiting
java.lang.Thread.State: TIMED_WAITING
        at java.base@21.0.6/jdk.internal.misc.Unsafe.park(Native Method)
        at java.base@21.0.6/java.util.concurrent.locks.LockSupport.parkNanos(LockSupport.java:269)
        at java.base@21.0.6/java.util.concurrent.locks.AbstractQueuedSynchronizer$ConditionObject.awaitNanos(AbstractQueuedSynchronizer.java:1763)
        at java.base@21.0.6/java.util.concurrent.LinkedBlockingQueue.poll(LinkedBlockingQueue.java:460)
        at app//org.apache.hadoop.ipc.CallQueueManager.take(CallQueueManager.java:370)
        at app//org.apache.hadoop.ipc.Server$Handler.run(Server.java:3165)
"ccfadb7c-9180-4c4b-b969-671c642a7bd3-DatanodeStateMachineTaskThread-0"  prio=5 tid=973 in Object.wait()
java.lang.Thread.State: WAITING (on object monitor)
        at java.base@21.0.6/jdk.internal.misc.Unsafe.park(Native Method)
        at java.base@21.0.6/java.util.concurrent.locks.LockSupport.park(LockSupport.java:371)
        at java.base@21.0.6/java.util.concurrent.locks.AbstractQueuedSynchronizer$ConditionNode.block(AbstractQueuedSynchronizer.java:519)
        at java.base@21.0.6/java.util.concurrent.ForkJoinPool.unmanagedBlock(ForkJoinPool.java:3780)
        at java.base@21.0.6/java.util.concurrent.ForkJoinPool.managedBlock(ForkJoinPool.java:3725)
        at java.base@21.0.6/java.util.concurrent.locks.AbstractQueuedSynchronizer$ConditionObject.await(AbstractQueuedSynchronizer.java:1712)
        at java.base@21.0.6/java.util.concurrent.LinkedBlockingQueue.take(LinkedBlockingQueue.java:435)
        at java.base@21.0.6/java.util.concurrent.ThreadPoolExecutor.getTask(ThreadPoolExecutor.java:1070)
        at java.base@21.0.6/java.util.concurrent.ThreadPoolExecutor.runWorker(ThreadPoolExecutor.java:1130)
        at java.base@21.0.6/java.util.concurrent.ThreadPoolExecutor$Worker.run(ThreadPoolExecutor.java:642)
        at java.base@21.0.6/java.lang.Thread.runWith(Thread.java:1596)
        at java.base@21.0.6/java.lang.Thread.run(Thread.java:1583)
"Socket Reader #4 for port 15075"  prio=5 tid=855 runnable
java.lang.Thread.State: RUNNABLE
        at java.base@21.0.6/sun.nio.ch.EPoll.wait(Native Method)
        at java.base@21.0.6/sun.nio.ch.EPollSelectorImpl.doSelect(EPollSelectorImpl.java:121)
        at java.base@21.0.6/sun.nio.ch.SelectorImpl.lockAndDoSelect(SelectorImpl.java:130)
        at java.base@21.0.6/sun.nio.ch.SelectorImpl.select(SelectorImpl.java:147)
        at app//org.apache.hadoop.ipc.Server$Listener$Reader.doRunLoop(Server.java:1497)
        at app//org.apache.hadoop.ipc.Server$Listener$Reader.run(Server.java:1476)
"eb965ba7-12a8-46f3-92c0-bc6ff5b3bf3b-ChunkWriter-2-0" daemon prio=5 tid=1022 in Object.wait()
java.lang.Thread.State: WAITING (on object monitor)
        at java.base@21.0.6/jdk.internal.misc.Unsafe.park(Native Method)
        at java.base@21.0.6/java.util.concurrent.locks.LockSupport.park(LockSupport.java:371)
        at java.base@21.0.6/java.util.concurrent.locks.AbstractQueuedSynchronizer$ConditionNode.block(AbstractQueuedSynchronizer.java:519)
        at java.base@21.0.6/java.util.concurrent.ForkJoinPool.unmanagedBlock(ForkJoinPool.java:3780)
        at java.base@21.0.6/java.util.concurrent.ForkJoinPool.managedBlock(ForkJoinPool.java:3725)
        at java.base@21.0.6/java.util.concurrent.locks.AbstractQueuedSynchronizer$ConditionObject.await(AbstractQueuedSynchronizer.java:1712)
        at java.base@21.0.6/java.util.concurrent.LinkedBlockingDeque.takeFirst(LinkedBlockingDeque.java:485)
        at java.base@21.0.6/java.util.concurrent.LinkedBlockingDeque.take(LinkedBlockingDeque.java:673)
        at java.base@21.0.6/java.util.concurrent.ThreadPoolExecutor.getTask(ThreadPoolExecutor.java:1070)
        at java.base@21.0.6/java.util.concurrent.ThreadPoolExecutor.runWorker(ThreadPoolExecutor.java:1130)
        at java.base@21.0.6/java.util.concurrent.ThreadPoolExecutor$Worker.run(ThreadPoolExecutor.java:642)
        at java.base@21.0.6/java.lang.Thread.runWith(Thread.java:1596)
        at java.base@21.0.6/java.lang.Thread.run(Thread.java:1583)
"2fdf8a61-8d2a-4048-aa8e-d82d5837d34a-CloseContainerThread-0"  prio=5 tid=1508 in Object.wait()
java.lang.Thread.State: WAITING (on object monitor)
        at java.base@21.0.6/jdk.internal.misc.Unsafe.park(Native Method)
        at java.base@21.0.6/java.util.concurrent.locks.LockSupport.park(LockSupport.java:371)
        at java.base@21.0.6/java.util.concurrent.locks.AbstractQueuedSynchronizer$ConditionNode.block(AbstractQueuedSynchronizer.java:519)
        at java.base@21.0.6/java.util.concurrent.ForkJoinPool.unmanagedBlock(ForkJoinPool.java:3780)
        at java.base@21.0.6/java.util.concurrent.ForkJoinPool.managedBlock(ForkJoinPool.java:3725)
        at java.base@21.0.6/java.util.concurrent.locks.AbstractQueuedSynchronizer$ConditionObject.await(AbstractQueuedSynchronizer.java:1712)
        at java.base@21.0.6/java.util.concurrent.LinkedBlockingQueue.take(LinkedBlockingQueue.java:435)
        at java.base@21.0.6/java.util.concurrent.ThreadPoolExecutor.getTask(ThreadPoolExecutor.java:1070)
        at java.base@21.0.6/java.util.concurrent.ThreadPoolExecutor.runWorker(ThreadPoolExecutor.java:1130)
        at java.base@21.0.6/java.util.concurrent.ThreadPoolExecutor$Worker.run(ThreadPoolExecutor.java:642)
        at java.base@21.0.6/java.lang.Thread.runWith(Thread.java:1596)
        at java.base@21.0.6/java.lang.Thread.run(Thread.java:1583)
"Socket Reader #4 for port 15093"  prio=5 tid=947 runnable
java.lang.Thread.State: RUNNABLE
        at java.base@21.0.6/sun.nio.ch.EPoll.wait(Native Method)
        at java.base@21.0.6/sun.nio.ch.EPollSelectorImpl.doSelect(EPollSelectorImpl.java:121)
        at java.base@21.0.6/sun.nio.ch.SelectorImpl.lockAndDoSelect(SelectorImpl.java:130)
        at java.base@21.0.6/sun.nio.ch.SelectorImpl.select(SelectorImpl.java:147)
        at app//org.apache.hadoop.ipc.Server$Listener$Reader.doRunLoop(Server.java:1497)
        at app//org.apache.hadoop.ipc.Server$Listener$Reader.run(Server.java:1476)
"IPC Server handler 63 on default port 15001" daemon prio=5 tid=277 timed_waiting
java.lang.Thread.State: TIMED_WAITING
        at java.base@21.0.6/jdk.internal.misc.Unsafe.park(Native Method)
        at java.base@21.0.6/java.util.concurrent.locks.LockSupport.parkNanos(LockSupport.java:269)
        at java.base@21.0.6/java.util.concurrent.locks.AbstractQueuedSynchronizer$ConditionObject.awaitNanos(AbstractQueuedSynchronizer.java:1763)
        at java.base@21.0.6/java.util.concurrent.LinkedBlockingQueue.poll(LinkedBlockingQueue.java:460)
        at app//org.apache.hadoop.ipc.CallQueueManager.take(CallQueueManager.java:370)
        at app//org.apache.hadoop.ipc.Server$Handler.run(Server.java:3165)
"2fdf8a61-8d2a-4048-aa8e-d82d5837d34a@group-182221378AEC-StateMachineUpdater" daemon prio=5 tid=1290 timed_waiting
java.lang.Thread.State: TIMED_WAITING
        at java.base@21.0.6/jdk.internal.misc.Unsafe.park(Native Method)
        at java.base@21.0.6/java.util.concurrent.locks.LockSupport.parkNanos(LockSupport.java:269)
        at java.base@21.0.6/java.util.concurrent.locks.AbstractQueuedSynchronizer$ConditionObject.await(AbstractQueuedSynchronizer.java:1852)
        at app//org.apache.ratis.util.AwaitForSignal.await(AwaitForSignal.java:65)
        at app//org.apache.ratis.server.impl.StateMachineUpdater.waitForCommit(StateMachineUpdater.java:219)
        at app//org.apache.ratis.server.impl.StateMachineUpdater.run(StateMachineUpdater.java:187)
        at java.base@21.0.6/java.lang.Thread.runWith(Thread.java:1596)
        at java.base@21.0.6/java.lang.Thread.run(Thread.java:1583)
"49dd84ae-7ec9-4d92-bc53-345946144fea-DatanodeStateMachineTaskThread-0"  prio=5 tid=2291 in Object.wait()
java.lang.Thread.State: WAITING (on object monitor)
        at java.base@21.0.6/jdk.internal.misc.Unsafe.park(Native Method)
        at java.base@21.0.6/java.util.concurrent.locks.LockSupport.park(LockSupport.java:371)
        at java.base@21.0.6/java.util.concurrent.locks.AbstractQueuedSynchronizer$ConditionNode.block(AbstractQueuedSynchronizer.java:519)
        at java.base@21.0.6/java.util.concurrent.ForkJoinPool.unmanagedBlock(ForkJoinPool.java:3780)
        at java.base@21.0.6/java.util.concurrent.ForkJoinPool.managedBlock(ForkJoinPool.java:3725)
        at java.base@21.0.6/java.util.concurrent.locks.AbstractQueuedSynchronizer$ConditionObject.await(AbstractQueuedSynchronizer.java:1712)
        at java.base@21.0.6/java.util.concurrent.LinkedBlockingQueue.take(LinkedBlockingQueue.java:435)
        at java.base@21.0.6/java.util.concurrent.ThreadPoolExecutor.getTask(ThreadPoolExecutor.java:1070)
        at java.base@21.0.6/java.util.concurrent.ThreadPoolExecutor.runWorker(ThreadPoolExecutor.java:1130)
        at java.base@21.0.6/java.util.concurrent.ThreadPoolExecutor$Worker.run(ThreadPoolExecutor.java:642)
        at java.base@21.0.6/java.lang.Thread.runWith(Thread.java:1596)
        at java.base@21.0.6/java.lang.Thread.run(Thread.java:1583)
"2dcfdddc-a76f-4d49-b174-7a2bddacee37-server-thread2" daemon prio=5 tid=2391 timed_waiting
java.lang.Thread.State: TIMED_WAITING
        at java.base@21.0.6/jdk.internal.misc.Unsafe.park(Native Method)
        at java.base@21.0.6/java.util.concurrent.locks.LockSupport.parkNanos(LockSupport.java:410)
        at java.base@21.0.6/java.util.concurrent.LinkedTransferQueue$DualNode.await(LinkedTransferQueue.java:452)
        at java.base@21.0.6/java.util.concurrent.SynchronousQueue$Transferer.xferLifo(SynchronousQueue.java:194)
        at java.base@21.0.6/java.util.concurrent.SynchronousQueue.xfer(SynchronousQueue.java:235)
        at java.base@21.0.6/java.util.concurrent.SynchronousQueue.poll(SynchronousQueue.java:338)
        at java.base@21.0.6/java.util.concurrent.ThreadPoolExecutor.getTask(ThreadPoolExecutor.java:1069)
        at java.base@21.0.6/java.util.concurrent.ThreadPoolExecutor.runWorker(ThreadPoolExecutor.java:1130)
        at java.base@21.0.6/java.util.concurrent.ThreadPoolExecutor$Worker.run(ThreadPoolExecutor.java:642)
        at java.base@21.0.6/java.lang.Thread.runWith(Thread.java:1596)
        at java.base@21.0.6/java.lang.Thread.run(Thread.java:1583)
"qtp1705364626-661" daemon prio=5 tid=661 timed_waiting
java.lang.Thread.State: TIMED_WAITING
        at java.base@21.0.6/jdk.internal.misc.Unsafe.park(Native Method)
        at java.base@21.0.6/java.util.concurrent.locks.LockSupport.parkNanos(LockSupport.java:269)
        at java.base@21.0.6/java.util.concurrent.locks.AbstractQueuedSynchronizer$ConditionObject.awaitNanos(AbstractQueuedSynchronizer.java:1763)
        at app//org.eclipse.jetty.util.BlockingArrayQueue.poll(BlockingArrayQueue.java:382)
        at app//org.eclipse.jetty.util.thread.QueuedThreadPool$Runner.idleJobPoll(QueuedThreadPool.java:974)
        at app//org.eclipse.jetty.util.thread.QueuedThreadPool$Runner.run(QueuedThreadPool.java:1018)
        at java.base@21.0.6/java.lang.Thread.runWith(Thread.java:1596)
        at java.base@21.0.6/java.lang.Thread.run(Thread.java:1583)
"IPC Server handler 7 on default port 15001" daemon prio=5 tid=221 timed_waiting
java.lang.Thread.State: TIMED_WAITING
        at java.base@21.0.6/jdk.internal.misc.Unsafe.park(Native Method)
        at java.base@21.0.6/java.util.concurrent.locks.LockSupport.parkNanos(LockSupport.java:269)
        at java.base@21.0.6/java.util.concurrent.locks.AbstractQueuedSynchronizer$ConditionObject.awaitNanos(AbstractQueuedSynchronizer.java:1763)
        at java.base@21.0.6/java.util.concurrent.LinkedBlockingQueue.poll(LinkedBlockingQueue.java:460)
        at app//org.apache.hadoop.ipc.CallQueueManager.take(CallQueueManager.java:370)
        at app//org.apache.hadoop.ipc.Server$Handler.run(Server.java:3165)
"e20a886d-0459-4371-959f-f9bdb6931571-ChunkReader-ELG-0" daemon prio=5 tid=1115 runnable
java.lang.Thread.State: RUNNABLE
        at app//org.apache.ratis.thirdparty.io.netty.channel.epoll.Native.epollWait(Native Method)
        at app//org.apache.ratis.thirdparty.io.netty.channel.epoll.Native.epollWait(Native.java:220)
        at app//org.apache.ratis.thirdparty.io.netty.channel.epoll.Native.epollWait(Native.java:213)
        at app//org.apache.ratis.thirdparty.io.netty.channel.epoll.EpollEventLoop.epollWaitNoTimerChange(EpollEventLoop.java:308)
        at app//org.apache.ratis.thirdparty.io.netty.channel.epoll.EpollEventLoop.run(EpollEventLoop.java:365)
        at app//org.apache.ratis.thirdparty.io.netty.util.concurrent.SingleThreadEventExecutor$4.run(SingleThreadEventExecutor.java:997)
        at app//org.apache.ratis.thirdparty.io.netty.util.internal.ThreadExecutorMap$2.run(ThreadExecutorMap.java:74)
        at java.base@21.0.6/java.lang.Thread.runWith(Thread.java:1596)
        at java.base@21.0.6/java.lang.Thread.run(Thread.java:1583)
"2dcfdddc-a76f-4d49-b174-7a2bddacee37-DatanodeReportManager-1" daemon prio=5 tid=693 in Object.wait()
java.lang.Thread.State: WAITING (on object monitor)
        at java.base@21.0.6/jdk.internal.misc.Unsafe.park(Native Method)
        at java.base@21.0.6/java.util.concurrent.locks.LockSupport.park(LockSupport.java:371)
        at java.base@21.0.6/java.util.concurrent.locks.AbstractQueuedSynchronizer$ConditionNode.block(AbstractQueuedSynchronizer.java:519)
        at java.base@21.0.6/java.util.concurrent.ForkJoinPool.unmanagedBlock(ForkJoinPool.java:3780)
        at java.base@21.0.6/java.util.concurrent.ForkJoinPool.managedBlock(ForkJoinPool.java:3725)
        at java.base@21.0.6/java.util.concurrent.locks.AbstractQueuedSynchronizer$ConditionObject.await(AbstractQueuedSynchronizer.java:1712)
        at java.base@21.0.6/java.util.concurrent.ScheduledThreadPoolExecutor$DelayedWorkQueue.take(ScheduledThreadPoolExecutor.java:1177)
        at java.base@21.0.6/java.util.concurrent.ScheduledThreadPoolExecutor$DelayedWorkQueue.take(ScheduledThreadPoolExecutor.java:899)
        at java.base@21.0.6/java.util.concurrent.ThreadPoolExecutor.getTask(ThreadPoolExecutor.java:1070)
        at java.base@21.0.6/java.util.concurrent.ThreadPoolExecutor.runWorker(ThreadPoolExecutor.java:1130)
        at java.base@21.0.6/java.util.concurrent.ThreadPoolExecutor$Worker.run(ThreadPoolExecutor.java:642)
        at java.base@21.0.6/java.lang.Thread.runWith(Thread.java:1596)
        at java.base@21.0.6/java.lang.Thread.run(Thread.java:1583)
"2dcfdddc-a76f-4d49-b174-7a2bddacee37-DatanodeStateMachineTaskThread-0"  prio=5 tid=697 in Object.wait()
java.lang.Thread.State: WAITING (on object monitor)
        at java.base@21.0.6/jdk.internal.misc.Unsafe.park(Native Method)
        at java.base@21.0.6/java.util.concurrent.locks.LockSupport.park(LockSupport.java:371)
        at java.base@21.0.6/java.util.concurrent.locks.AbstractQueuedSynchronizer$ConditionNode.block(AbstractQueuedSynchronizer.java:519)
        at java.base@21.0.6/java.util.concurrent.ForkJoinPool.unmanagedBlock(ForkJoinPool.java:3780)
        at java.base@21.0.6/java.util.concurrent.ForkJoinPool.managedBlock(ForkJoinPool.java:3725)
        at java.base@21.0.6/java.util.concurrent.locks.AbstractQueuedSynchronizer$ConditionObject.await(AbstractQueuedSynchronizer.java:1712)
        at java.base@21.0.6/java.util.concurrent.LinkedBlockingQueue.take(LinkedBlockingQueue.java:435)
        at java.base@21.0.6/java.util.concurrent.ThreadPoolExecutor.getTask(ThreadPoolExecutor.java:1070)
        at java.base@21.0.6/java.util.concurrent.ThreadPoolExecutor.runWorker(ThreadPoolExecutor.java:1130)
        at java.base@21.0.6/java.util.concurrent.ThreadPoolExecutor$Worker.run(ThreadPoolExecutor.java:642)
        at java.base@21.0.6/java.lang.Thread.runWith(Thread.java:1596)
        at java.base@21.0.6/java.lang.Thread.run(Thread.java:1583)
"46d11c6d-db9b-44c9-8985-212dd9cf6636-server-thread2" daemon prio=5 tid=2078 timed_waiting
java.lang.Thread.State: TIMED_WAITING
        at java.base@21.0.6/jdk.internal.misc.Unsafe.park(Native Method)
        at java.base@21.0.6/java.util.concurrent.locks.LockSupport.parkNanos(LockSupport.java:410)
        at java.base@21.0.6/java.util.concurrent.LinkedTransferQueue$DualNode.await(LinkedTransferQueue.java:452)
        at java.base@21.0.6/java.util.concurrent.SynchronousQueue$Transferer.xferLifo(SynchronousQueue.java:194)
        at java.base@21.0.6/java.util.concurrent.SynchronousQueue.xfer(SynchronousQueue.java:235)
        at java.base@21.0.6/java.util.concurrent.SynchronousQueue.poll(SynchronousQueue.java:338)
        at java.base@21.0.6/java.util.concurrent.ThreadPoolExecutor.getTask(ThreadPoolExecutor.java:1069)
        at java.base@21.0.6/java.util.concurrent.ThreadPoolExecutor.runWorker(ThreadPoolExecutor.java:1130)
        at java.base@21.0.6/java.util.concurrent.ThreadPoolExecutor$Worker.run(ThreadPoolExecutor.java:642)
        at java.base@21.0.6/java.lang.Thread.runWith(Thread.java:1596)
        at java.base@21.0.6/java.lang.Thread.run(Thread.java:1583)
"42086d8c-c943-47d6-a5f9-799709872375-BlockDeletingService#0" daemon prio=5 tid=1062 timed_waiting
java.lang.Thread.State: TIMED_WAITING
        at java.base@21.0.6/jdk.internal.misc.Unsafe.park(Native Method)
        at java.base@21.0.6/java.util.concurrent.locks.LockSupport.parkNanos(LockSupport.java:269)
        at java.base@21.0.6/java.util.concurrent.locks.AbstractQueuedSynchronizer$ConditionObject.awaitNanos(AbstractQueuedSynchronizer.java:1763)
        at java.base@21.0.6/java.util.concurrent.ScheduledThreadPoolExecutor$DelayedWorkQueue.take(ScheduledThreadPoolExecutor.java:1182)
        at java.base@21.0.6/java.util.concurrent.ScheduledThreadPoolExecutor$DelayedWorkQueue.take(ScheduledThreadPoolExecutor.java:899)
        at java.base@21.0.6/java.util.concurrent.ThreadPoolExecutor.getTask(ThreadPoolExecutor.java:1070)
        at java.base@21.0.6/java.util.concurrent.ThreadPoolExecutor.runWorker(ThreadPoolExecutor.java:1130)
        at java.base@21.0.6/java.util.concurrent.ThreadPoolExecutor$Worker.run(ThreadPoolExecutor.java:642)
        at java.base@21.0.6/java.lang.Thread.runWith(Thread.java:1596)
        at java.base@21.0.6/java.lang.Thread.run(Thread.java:1583)
"IPC Server handler 43 on default port 15002" daemon prio=5 tid=375 timed_waiting
java.lang.Thread.State: TIMED_WAITING
        at java.base@21.0.6/jdk.internal.misc.Unsafe.park(Native Method)
        at java.base@21.0.6/java.util.concurrent.locks.LockSupport.parkNanos(LockSupport.java:269)
        at java.base@21.0.6/java.util.concurrent.locks.AbstractQueuedSynchronizer$ConditionObject.awaitNanos(AbstractQueuedSynchronizer.java:1763)
        at java.base@21.0.6/java.util.concurrent.LinkedBlockingQueue.poll(LinkedBlockingQueue.java:460)
        at app//org.apache.hadoop.ipc.CallQueueManager.take(CallQueueManager.java:370)
        at app//org.apache.hadoop.ipc.Server$Handler.run(Server.java:3165)
"IPC Server handler 9 on default port 15039" daemon prio=5 tid=690 timed_waiting
java.lang.Thread.State: TIMED_WAITING
        at java.base@21.0.6/jdk.internal.misc.Unsafe.park(Native Method)
        at java.base@21.0.6/java.util.concurrent.locks.LockSupport.parkNanos(LockSupport.java:269)
        at java.base@21.0.6/java.util.concurrent.locks.AbstractQueuedSynchronizer$ConditionObject.awaitNanos(AbstractQueuedSynchronizer.java:1763)
        at java.base@21.0.6/java.util.concurrent.LinkedBlockingQueue.poll(LinkedBlockingQueue.java:460)
        at app//org.apache.hadoop.ipc.CallQueueManager.take(CallQueueManager.java:370)
        at app//org.apache.hadoop.ipc.Server$Handler.run(Server.java:3165)
"25fe7083-9332-4190-accf-9f4542114dd9@group-CA8E8F8CF78E-StateMachineUpdater" daemon prio=5 tid=2001 timed_waiting
java.lang.Thread.State: TIMED_WAITING
        at java.base@21.0.6/jdk.internal.misc.Unsafe.park(Native Method)
        at java.base@21.0.6/java.util.concurrent.locks.LockSupport.parkNanos(LockSupport.java:269)
        at java.base@21.0.6/java.util.concurrent.locks.AbstractQueuedSynchronizer$ConditionObject.await(AbstractQueuedSynchronizer.java:1852)
        at app//org.apache.ratis.util.AwaitForSignal.await(AwaitForSignal.java:65)
        at app//org.apache.ratis.server.impl.StateMachineUpdater.waitForCommit(StateMachineUpdater.java:219)
        at app//org.apache.ratis.server.impl.StateMachineUpdater.run(StateMachineUpdater.java:187)
        at java.base@21.0.6/java.lang.Thread.runWith(Thread.java:1596)
        at java.base@21.0.6/java.lang.Thread.run(Thread.java:1583)
"Socket Reader #2 for port 15039"  prio=5 tid=669 runnable
java.lang.Thread.State: RUNNABLE
        at java.base@21.0.6/sun.nio.ch.EPoll.wait(Native Method)
        at java.base@21.0.6/sun.nio.ch.EPollSelectorImpl.doSelect(EPollSelectorImpl.java:121)
        at java.base@21.0.6/sun.nio.ch.SelectorImpl.lockAndDoSelect(SelectorImpl.java:130)
        at java.base@21.0.6/sun.nio.ch.SelectorImpl.select(SelectorImpl.java:147)
        at app//org.apache.hadoop.ipc.Server$Listener$Reader.doRunLoop(Server.java:1497)
        at app//org.apache.hadoop.ipc.Server$Listener$Reader.run(Server.java:1476)
"IPC Server handler 5 on default port 15030" daemon prio=5 tid=640 timed_waiting
java.lang.Thread.State: TIMED_WAITING
        at java.base@21.0.6/jdk.internal.misc.Unsafe.park(Native Method)
        at java.base@21.0.6/java.util.concurrent.locks.LockSupport.parkNanos(LockSupport.java:269)
        at java.base@21.0.6/java.util.concurrent.locks.AbstractQueuedSynchronizer$ConditionObject.awaitNanos(AbstractQueuedSynchronizer.java:1763)
        at java.base@21.0.6/java.util.concurrent.LinkedBlockingQueue.poll(LinkedBlockingQueue.java:460)
        at app//org.apache.hadoop.ipc.CallQueueManager.take(CallQueueManager.java:370)
        at app//org.apache.hadoop.ipc.Server$Handler.run(Server.java:3165)
"6b36f32d-918c-46a3-bfcb-888cb423c6dd-ContainerOp-e1fc892c-095b-4650-8f0f-81341f4e2824-1"  prio=5 tid=2175 in Object.wait()
java.lang.Thread.State: WAITING (on object monitor)
        at java.base@21.0.6/jdk.internal.misc.Unsafe.park(Native Method)
        at java.base@21.0.6/java.util.concurrent.locks.LockSupport.park(LockSupport.java:371)
        at java.base@21.0.6/java.util.concurrent.locks.AbstractQueuedSynchronizer$ConditionNode.block(AbstractQueuedSynchronizer.java:519)
        at java.base@21.0.6/java.util.concurrent.ForkJoinPool.unmanagedBlock(ForkJoinPool.java:3780)
        at java.base@21.0.6/java.util.concurrent.ForkJoinPool.managedBlock(ForkJoinPool.java:3725)
        at java.base@21.0.6/java.util.concurrent.locks.AbstractQueuedSynchronizer$ConditionObject.await(AbstractQueuedSynchronizer.java:1712)
        at java.base@21.0.6/java.util.concurrent.LinkedBlockingQueue.take(LinkedBlockingQueue.java:435)
        at java.base@21.0.6/java.util.concurrent.ThreadPoolExecutor.getTask(ThreadPoolExecutor.java:1070)
        at java.base@21.0.6/java.util.concurrent.ThreadPoolExecutor.runWorker(ThreadPoolExecutor.java:1130)
        at java.base@21.0.6/java.util.concurrent.ThreadPoolExecutor$Worker.run(ThreadPoolExecutor.java:642)
        at java.base@21.0.6/java.lang.Thread.runWith(Thread.java:1596)
        at java.base@21.0.6/java.lang.Thread.run(Thread.java:1583)
"Socket Reader #10 for port 15084"  prio=5 tid=1923 runnable
java.lang.Thread.State: RUNNABLE
        at java.base@21.0.6/sun.nio.ch.EPoll.wait(Native Method)
        at java.base@21.0.6/sun.nio.ch.EPollSelectorImpl.doSelect(EPollSelectorImpl.java:121)
        at java.base@21.0.6/sun.nio.ch.SelectorImpl.lockAndDoSelect(SelectorImpl.java:130)
        at java.base@21.0.6/sun.nio.ch.SelectorImpl.select(SelectorImpl.java:147)
        at app//org.apache.hadoop.ipc.Server$Listener$Reader.doRunLoop(Server.java:1497)
        at app//org.apache.hadoop.ipc.Server$Listener$Reader.run(Server.java:1476)
"org.apache.hadoop.ozone.container.common.statemachine.commandhandler.DeleteBlocksCommandHandler$DeleteCmdWorker@2e9ab0b3" daemon prio=5 tid=702 timed_waiting
java.lang.Thread.State: TIMED_WAITING
        at java.base@21.0.6/java.lang.Thread.sleep0(Native Method)
        at java.base@21.0.6/java.lang.Thread.sleep(Thread.java:509)
        at app//org.apache.hadoop.ozone.container.common.statemachine.commandhandler.DeleteBlocksCommandHandler$DeleteCmdWorker.run(DeleteBlocksCommandHandler.java:255)
        at java.base@21.0.6/java.lang.Thread.runWith(Thread.java:1596)
        at java.base@21.0.6/java.lang.Thread.run(Thread.java:1583)
"IPC Server handler 76 on default port 15000" daemon prio=5 tid=190 timed_waiting
java.lang.Thread.State: TIMED_WAITING
        at java.base@21.0.6/jdk.internal.misc.Unsafe.park(Native Method)
        at java.base@21.0.6/java.util.concurrent.locks.LockSupport.parkNanos(LockSupport.java:269)
        at java.base@21.0.6/java.util.concurrent.locks.AbstractQueuedSynchronizer$ConditionObject.awaitNanos(AbstractQueuedSynchronizer.java:1763)
        at java.base@21.0.6/java.util.concurrent.LinkedBlockingQueue.poll(LinkedBlockingQueue.java:460)
        at app//org.apache.hadoop.ipc.CallQueueManager.take(CallQueueManager.java:370)
        at app//org.apache.hadoop.ipc.Server$Handler.run(Server.java:3165)
"om1-DirectoryDeletingService#6" daemon prio=5 tid=475 in Object.wait()
java.lang.Thread.State: WAITING (on object monitor)
        at java.base@21.0.6/jdk.internal.misc.Unsafe.park(Native Method)
        at java.base@21.0.6/java.util.concurrent.locks.LockSupport.park(LockSupport.java:371)
        at java.base@21.0.6/java.util.concurrent.locks.AbstractQueuedSynchronizer$ConditionNode.block(AbstractQueuedSynchronizer.java:519)
        at java.base@21.0.6/java.util.concurrent.ForkJoinPool.unmanagedBlock(ForkJoinPool.java:3780)
        at java.base@21.0.6/java.util.concurrent.ForkJoinPool.managedBlock(ForkJoinPool.java:3725)
        at java.base@21.0.6/java.util.concurrent.locks.AbstractQueuedSynchronizer$ConditionObject.await(AbstractQueuedSynchronizer.java:1712)
        at java.base@21.0.6/java.util.concurrent.ScheduledThreadPoolExecutor$DelayedWorkQueue.take(ScheduledThreadPoolExecutor.java:1177)
        at java.base@21.0.6/java.util.concurrent.ScheduledThreadPoolExecutor$DelayedWorkQueue.take(ScheduledThreadPoolExecutor.java:899)
        at java.base@21.0.6/java.util.concurrent.ThreadPoolExecutor.getTask(ThreadPoolExecutor.java:1070)
        at java.base@21.0.6/java.util.concurrent.ThreadPoolExecutor.runWorker(ThreadPoolExecutor.java:1130)
        at java.base@21.0.6/java.util.concurrent.ThreadPoolExecutor$Worker.run(ThreadPoolExecutor.java:642)
        at java.base@21.0.6/java.lang.Thread.runWith(Thread.java:1596)
        at java.base@21.0.6/java.lang.Thread.run(Thread.java:1583)
"StaleRecoveringContainerScrubbingService#1" daemon prio=5 tid=1100 in Object.wait()
java.lang.Thread.State: WAITING (on object monitor)
        at java.base@21.0.6/jdk.internal.misc.Unsafe.park(Native Method)
        at java.base@21.0.6/java.util.concurrent.locks.LockSupport.park(LockSupport.java:371)
        at java.base@21.0.6/java.util.concurrent.locks.AbstractQueuedSynchronizer$ConditionNode.block(AbstractQueuedSynchronizer.java:519)
        at java.base@21.0.6/java.util.concurrent.ForkJoinPool.unmanagedBlock(ForkJoinPool.java:3780)
        at java.base@21.0.6/java.util.concurrent.ForkJoinPool.managedBlock(ForkJoinPool.java:3725)
        at java.base@21.0.6/java.util.concurrent.locks.AbstractQueuedSynchronizer$ConditionObject.await(AbstractQueuedSynchronizer.java:1712)
        at java.base@21.0.6/java.util.concurrent.ScheduledThreadPoolExecutor$DelayedWorkQueue.take(ScheduledThreadPoolExecutor.java:1177)
        at java.base@21.0.6/java.util.concurrent.ScheduledThreadPoolExecutor$DelayedWorkQueue.take(ScheduledThreadPoolExecutor.java:899)
        at java.base@21.0.6/java.util.concurrent.ThreadPoolExecutor.getTask(ThreadPoolExecutor.java:1070)
        at java.base@21.0.6/java.util.concurrent.ThreadPoolExecutor.runWorker(ThreadPoolExecutor.java:1130)
        at java.base@21.0.6/java.util.concurrent.ThreadPoolExecutor$Worker.run(ThreadPoolExecutor.java:642)
        at java.base@21.0.6/java.lang.Thread.runWith(Thread.java:1596)
        at java.base@21.0.6/java.lang.Thread.run(Thread.java:1583)
"eb965ba7-12a8-46f3-92c0-bc6ff5b3bf3b-ContainerOp-e1fc892c-095b-4650-8f0f-81341f4e2824-1"  prio=5 tid=2174 in Object.wait()
java.lang.Thread.State: WAITING (on object monitor)
        at java.base@21.0.6/jdk.internal.misc.Unsafe.park(Native Method)
        at java.base@21.0.6/java.util.concurrent.locks.LockSupport.park(LockSupport.java:371)
        at java.base@21.0.6/java.util.concurrent.locks.AbstractQueuedSynchronizer$ConditionNode.block(AbstractQueuedSynchronizer.java:519)
        at java.base@21.0.6/java.util.concurrent.ForkJoinPool.unmanagedBlock(ForkJoinPool.java:3780)
        at java.base@21.0.6/java.util.concurrent.ForkJoinPool.managedBlock(ForkJoinPool.java:3725)
        at java.base@21.0.6/java.util.concurrent.locks.AbstractQueuedSynchronizer$ConditionObject.await(AbstractQueuedSynchronizer.java:1712)
        at java.base@21.0.6/java.util.concurrent.LinkedBlockingQueue.take(LinkedBlockingQueue.java:435)
        at java.base@21.0.6/java.util.concurrent.ThreadPoolExecutor.getTask(ThreadPoolExecutor.java:1070)
        at java.base@21.0.6/java.util.concurrent.ThreadPoolExecutor.runWorker(ThreadPoolExecutor.java:1130)
        at java.base@21.0.6/java.util.concurrent.ThreadPoolExecutor$Worker.run(ThreadPoolExecutor.java:642)
        at java.base@21.0.6/java.lang.Thread.runWith(Thread.java:1596)
        at java.base@21.0.6/java.lang.Thread.run(Thread.java:1583)
"IPC Server handler 38 on default port 15000" daemon prio=5 tid=152 timed_waiting
java.lang.Thread.State: TIMED_WAITING
        at java.base@21.0.6/jdk.internal.misc.Unsafe.park(Native Method)
        at java.base@21.0.6/java.util.concurrent.locks.LockSupport.parkNanos(LockSupport.java:269)
        at java.base@21.0.6/java.util.concurrent.locks.AbstractQueuedSynchronizer$ConditionObject.awaitNanos(AbstractQueuedSynchronizer.java:1763)
        at java.base@21.0.6/java.util.concurrent.LinkedBlockingQueue.poll(LinkedBlockingQueue.java:460)
        at app//org.apache.hadoop.ipc.CallQueueManager.take(CallQueueManager.java:370)
        at app//org.apache.hadoop.ipc.Server$Handler.run(Server.java:3165)
"Socket Reader #2 for port 15075"  prio=5 tid=853 runnable
java.lang.Thread.State: RUNNABLE
        at java.base@21.0.6/sun.nio.ch.EPoll.wait(Native Method)
        at java.base@21.0.6/sun.nio.ch.EPollSelectorImpl.doSelect(EPollSelectorImpl.java:121)
        at java.base@21.0.6/sun.nio.ch.SelectorImpl.lockAndDoSelect(SelectorImpl.java:130)
        at java.base@21.0.6/sun.nio.ch.SelectorImpl.select(SelectorImpl.java:147)
        at app//org.apache.hadoop.ipc.Server$Listener$Reader.doRunLoop(Server.java:1497)
        at app//org.apache.hadoop.ipc.Server$Listener$Reader.run(Server.java:1476)
"grpc-default-executor-7" daemon prio=5 tid=1705 timed_waiting
java.lang.Thread.State: TIMED_WAITING
        at java.base@21.0.6/jdk.internal.misc.Unsafe.park(Native Method)
        at java.base@21.0.6/java.util.concurrent.locks.LockSupport.parkNanos(LockSupport.java:410)
        at java.base@21.0.6/java.util.concurrent.LinkedTransferQueue$DualNode.await(LinkedTransferQueue.java:452)
        at java.base@21.0.6/java.util.concurrent.SynchronousQueue$Transferer.xferLifo(SynchronousQueue.java:194)
        at java.base@21.0.6/java.util.concurrent.SynchronousQueue.xfer(SynchronousQueue.java:235)
        at java.base@21.0.6/java.util.concurrent.SynchronousQueue.poll(SynchronousQueue.java:338)
        at java.base@21.0.6/java.util.concurrent.ThreadPoolExecutor.getTask(ThreadPoolExecutor.java:1069)
        at java.base@21.0.6/java.util.concurrent.ThreadPoolExecutor.runWorker(ThreadPoolExecutor.java:1130)
        at java.base@21.0.6/java.util.concurrent.ThreadPoolExecutor$Worker.run(ThreadPoolExecutor.java:642)
        at java.base@21.0.6/java.lang.Thread.runWith(Thread.java:1596)
        at java.base@21.0.6/java.lang.Thread.run(Thread.java:1583)
"25fe7083-9332-4190-accf-9f4542114dd9@group-B5B4EE72DAEF-StateMachineUpdater" daemon prio=5 tid=2019 timed_waiting
java.lang.Thread.State: TIMED_WAITING
        at java.base@21.0.6/jdk.internal.misc.Unsafe.park(Native Method)
        at java.base@21.0.6/java.util.concurrent.locks.LockSupport.parkNanos(LockSupport.java:269)
        at java.base@21.0.6/java.util.concurrent.locks.AbstractQueuedSynchronizer$ConditionObject.await(AbstractQueuedSynchronizer.java:1852)
        at app//org.apache.ratis.util.AwaitForSignal.await(AwaitForSignal.java:65)
        at app//org.apache.ratis.server.impl.StateMachineUpdater.waitForCommit(StateMachineUpdater.java:219)
        at app//org.apache.ratis.server.impl.StateMachineUpdater.run(StateMachineUpdater.java:187)
        at java.base@21.0.6/java.lang.Thread.runWith(Thread.java:1596)
        at java.base@21.0.6/java.lang.Thread.run(Thread.java:1583)
"IPC Server handler 25 on default port 15002" daemon prio=5 tid=357 timed_waiting
java.lang.Thread.State: TIMED_WAITING
        at java.base@21.0.6/jdk.internal.misc.Unsafe.park(Native Method)
        at java.base@21.0.6/java.util.concurrent.locks.LockSupport.parkNanos(LockSupport.java:269)
        at java.base@21.0.6/java.util.concurrent.locks.AbstractQueuedSynchronizer$ConditionObject.awaitNanos(AbstractQueuedSynchronizer.java:1763)
        at java.base@21.0.6/java.util.concurrent.LinkedBlockingQueue.poll(LinkedBlockingQueue.java:460)
        at app//org.apache.hadoop.ipc.CallQueueManager.take(CallQueueManager.java:370)
        at app//org.apache.hadoop.ipc.Server$Handler.run(Server.java:3165)
"IPC Server handler 62 on default port 15000" daemon prio=5 tid=176 timed_waiting
java.lang.Thread.State: TIMED_WAITING
        at java.base@21.0.6/jdk.internal.misc.Unsafe.park(Native Method)
        at java.base@21.0.6/java.util.concurrent.locks.LockSupport.parkNanos(LockSupport.java:269)
        at java.base@21.0.6/java.util.concurrent.locks.AbstractQueuedSynchronizer$ConditionObject.awaitNanos(AbstractQueuedSynchronizer.java:1763)
        at java.base@21.0.6/java.util.concurrent.LinkedBlockingQueue.poll(LinkedBlockingQueue.java:460)
        at app//org.apache.hadoop.ipc.CallQueueManager.take(CallQueueManager.java:370)
        at app//org.apache.hadoop.ipc.Server$Handler.run(Server.java:3165)
"46d11c6d-db9b-44c9-8985-212dd9cf6636-CommandProcessorThread" daemon prio=5 tid=834 timed_waiting
java.lang.Thread.State: TIMED_WAITING
        at java.base@21.0.6/java.lang.Thread.sleep0(Native Method)
        at java.base@21.0.6/java.lang.Thread.sleep(Thread.java:509)
        at app//org.apache.hadoop.ozone.container.common.statemachine.DatanodeStateMachine.lambda$initCommandHandlerThread$4(DatanodeStateMachine.java:669)
        at app//org.apache.hadoop.ozone.container.common.statemachine.DatanodeStateMachine$$Lambda/0x00007f7e9c7d6b80.run(Unknown Source)
        at java.base@21.0.6/java.lang.Thread.runWith(Thread.java:1596)
        at java.base@21.0.6/java.lang.Thread.run(Thread.java:1583)
"6b36f32d-918c-46a3-bfcb-888cb423c6dd-EndpointStateMachineTaskThread-/0.0.0.0:15002-0 "  prio=5 tid=995 in Object.wait()
java.lang.Thread.State: WAITING (on object monitor)
        at java.base@21.0.6/jdk.internal.misc.Unsafe.park(Native Method)
        at java.base@21.0.6/java.util.concurrent.locks.LockSupport.park(LockSupport.java:371)
        at java.base@21.0.6/java.util.concurrent.locks.AbstractQueuedSynchronizer$ConditionNode.block(AbstractQueuedSynchronizer.java:519)
        at java.base@21.0.6/java.util.concurrent.ForkJoinPool.unmanagedBlock(ForkJoinPool.java:3780)
        at java.base@21.0.6/java.util.concurrent.ForkJoinPool.managedBlock(ForkJoinPool.java:3725)
        at java.base@21.0.6/java.util.concurrent.locks.AbstractQueuedSynchronizer$ConditionObject.await(AbstractQueuedSynchronizer.java:1712)
        at java.base@21.0.6/java.util.concurrent.LinkedBlockingQueue.take(LinkedBlockingQueue.java:435)
        at java.base@21.0.6/java.util.concurrent.ThreadPoolExecutor.getTask(ThreadPoolExecutor.java:1070)
        at java.base@21.0.6/java.util.concurrent.ThreadPoolExecutor.runWorker(ThreadPoolExecutor.java:1130)
        at java.base@21.0.6/java.util.concurrent.ThreadPoolExecutor$Worker.run(ThreadPoolExecutor.java:642)
        at java.base@21.0.6/java.lang.Thread.runWith(Thread.java:1596)
        at java.base@21.0.6/java.lang.Thread.run(Thread.java:1583)
"42086d8c-c943-47d6-a5f9-799709872375-server-thread2" daemon prio=5 tid=1419 timed_waiting
java.lang.Thread.State: TIMED_WAITING
        at java.base@21.0.6/jdk.internal.misc.Unsafe.park(Native Method)
        at java.base@21.0.6/java.util.concurrent.locks.LockSupport.parkNanos(LockSupport.java:410)
        at java.base@21.0.6/java.util.concurrent.LinkedTransferQueue$DualNode.await(LinkedTransferQueue.java:452)
        at java.base@21.0.6/java.util.concurrent.SynchronousQueue$Transferer.xferLifo(SynchronousQueue.java:194)
        at java.base@21.0.6/java.util.concurrent.SynchronousQueue.xfer(SynchronousQueue.java:235)
        at java.base@21.0.6/java.util.concurrent.SynchronousQueue.poll(SynchronousQueue.java:338)
        at java.base@21.0.6/java.util.concurrent.ThreadPoolExecutor.getTask(ThreadPoolExecutor.java:1069)
        at java.base@21.0.6/java.util.concurrent.ThreadPoolExecutor.runWorker(ThreadPoolExecutor.java:1130)
        at java.base@21.0.6/java.util.concurrent.ThreadPoolExecutor$Worker.run(ThreadPoolExecutor.java:642)
        at java.base@21.0.6/java.lang.Thread.runWith(Thread.java:1596)
        at java.base@21.0.6/java.lang.Thread.run(Thread.java:1583)
"2dcfdddc-a76f-4d49-b174-7a2bddacee37-NettyServerStreamRpc-bossGroup--thread1"  prio=5 tid=654 runnable
java.lang.Thread.State: RUNNABLE
        at app//org.apache.ratis.thirdparty.io.netty.channel.epoll.Native.epollWait(Native Method)
        at app//org.apache.ratis.thirdparty.io.netty.channel.epoll.Native.epollWait(Native.java:220)
        at app//org.apache.ratis.thirdparty.io.netty.channel.epoll.Native.epollWait(Native.java:213)
        at app//org.apache.ratis.thirdparty.io.netty.channel.epoll.EpollEventLoop.epollWaitNoTimerChange(EpollEventLoop.java:308)
        at app//org.apache.ratis.thirdparty.io.netty.channel.epoll.EpollEventLoop.run(EpollEventLoop.java:365)
        at app//org.apache.ratis.thirdparty.io.netty.util.concurrent.SingleThreadEventExecutor$4.run(SingleThreadEventExecutor.java:997)
        at app//org.apache.ratis.thirdparty.io.netty.util.internal.ThreadExecutorMap$2.run(ThreadExecutorMap.java:74)
        at java.base@21.0.6/java.lang.Thread.runWith(Thread.java:1596)
        at java.base@21.0.6/java.lang.Thread.run(Thread.java:1583)
"StaleRecoveringContainerScrubbingService#0" daemon prio=5 tid=1959 in Object.wait()
java.lang.Thread.State: WAITING (on object monitor)
        at java.base@21.0.6/jdk.internal.misc.Unsafe.park(Native Method)
        at java.base@21.0.6/java.util.concurrent.locks.LockSupport.park(LockSupport.java:371)
        at java.base@21.0.6/java.util.concurrent.locks.AbstractQueuedSynchronizer$ConditionNode.block(AbstractQueuedSynchronizer.java:519)
        at java.base@21.0.6/java.util.concurrent.ForkJoinPool.unmanagedBlock(ForkJoinPool.java:3780)
        at java.base@21.0.6/java.util.concurrent.ForkJoinPool.managedBlock(ForkJoinPool.java:3725)
        at java.base@21.0.6/java.util.concurrent.locks.AbstractQueuedSynchronizer$ConditionObject.await(AbstractQueuedSynchronizer.java:1712)
        at java.base@21.0.6/java.util.concurrent.ScheduledThreadPoolExecutor$DelayedWorkQueue.take(ScheduledThreadPoolExecutor.java:1177)
        at java.base@21.0.6/java.util.concurrent.ScheduledThreadPoolExecutor$DelayedWorkQueue.take(ScheduledThreadPoolExecutor.java:899)
        at java.base@21.0.6/java.util.concurrent.ThreadPoolExecutor.getTask(ThreadPoolExecutor.java:1070)
        at java.base@21.0.6/java.util.concurrent.ThreadPoolExecutor.runWorker(ThreadPoolExecutor.java:1130)
        at java.base@21.0.6/java.util.concurrent.ThreadPoolExecutor$Worker.run(ThreadPoolExecutor.java:642)
        at java.base@21.0.6/java.lang.Thread.runWith(Thread.java:1596)
        at java.base@21.0.6/java.lang.Thread.run(Thread.java:1583)
"2fdf8a61-8d2a-4048-aa8e-d82d5837d34a-server-thread2" daemon prio=5 tid=1417 timed_waiting
java.lang.Thread.State: TIMED_WAITING
        at java.base@21.0.6/jdk.internal.misc.Unsafe.park(Native Method)
        at java.base@21.0.6/java.util.concurrent.locks.LockSupport.parkNanos(LockSupport.java:410)
        at java.base@21.0.6/java.util.concurrent.LinkedTransferQueue$DualNode.await(LinkedTransferQueue.java:452)
        at java.base@21.0.6/java.util.concurrent.SynchronousQueue$Transferer.xferLifo(SynchronousQueue.java:194)
        at java.base@21.0.6/java.util.concurrent.SynchronousQueue.xfer(SynchronousQueue.java:235)
        at java.base@21.0.6/java.util.concurrent.SynchronousQueue.poll(SynchronousQueue.java:338)
        at java.base@21.0.6/java.util.concurrent.ThreadPoolExecutor.getTask(ThreadPoolExecutor.java:1069)
        at java.base@21.0.6/java.util.concurrent.ThreadPoolExecutor.runWorker(ThreadPoolExecutor.java:1130)
        at java.base@21.0.6/java.util.concurrent.ThreadPoolExecutor$Worker.run(ThreadPoolExecutor.java:642)
        at java.base@21.0.6/java.lang.Thread.runWith(Thread.java:1596)
        at java.base@21.0.6/java.lang.Thread.run(Thread.java:1583)
"e20a886d-0459-4371-959f-f9bdb6931571@group-3A2BF5D858B4-StateMachineUpdater" daemon prio=5 tid=2334 timed_waiting
java.lang.Thread.State: TIMED_WAITING
        at java.base@21.0.6/jdk.internal.misc.Unsafe.park(Native Method)
        at java.base@21.0.6/java.util.concurrent.locks.LockSupport.parkNanos(LockSupport.java:269)
        at java.base@21.0.6/java.util.concurrent.locks.AbstractQueuedSynchronizer$ConditionObject.await(AbstractQueuedSynchronizer.java:1852)
        at app//org.apache.ratis.util.AwaitForSignal.await(AwaitForSignal.java:65)
        at app//org.apache.ratis.server.impl.StateMachineUpdater.waitForCommit(StateMachineUpdater.java:219)
        at app//org.apache.ratis.server.impl.StateMachineUpdater.run(StateMachineUpdater.java:187)
        at java.base@21.0.6/java.lang.Thread.runWith(Thread.java:1596)
        at java.base@21.0.6/java.lang.Thread.run(Thread.java:1583)
"IPC Server idle connection scanner for port 15057" daemon prio=5 tid=770 timed_waiting
java.lang.Thread.State: TIMED_WAITING
        at java.base@21.0.6/java.lang.Object.wait0(Native Method)
        at java.base@21.0.6/java.lang.Object.wait(Object.java:366)
        at java.base@21.0.6/java.util.TimerThread.mainLoop(Timer.java:563)
        at java.base@21.0.6/java.util.TimerThread.run(Timer.java:516)
"StaleRecoveringContainerScrubbingService#1" daemon prio=5 tid=2328 in Object.wait()
java.lang.Thread.State: WAITING (on object monitor)
        at java.base@21.0.6/jdk.internal.misc.Unsafe.park(Native Method)
        at java.base@21.0.6/java.util.concurrent.locks.LockSupport.park(LockSupport.java:371)
        at java.base@21.0.6/java.util.concurrent.locks.AbstractQueuedSynchronizer$ConditionNode.block(AbstractQueuedSynchronizer.java:519)
        at java.base@21.0.6/java.util.concurrent.ForkJoinPool.unmanagedBlock(ForkJoinPool.java:3780)
        at java.base@21.0.6/java.util.concurrent.ForkJoinPool.managedBlock(ForkJoinPool.java:3725)
        at java.base@21.0.6/java.util.concurrent.locks.AbstractQueuedSynchronizer$ConditionObject.await(AbstractQueuedSynchronizer.java:1712)
        at java.base@21.0.6/java.util.concurrent.ScheduledThreadPoolExecutor$DelayedWorkQueue.take(ScheduledThreadPoolExecutor.java:1177)
        at java.base@21.0.6/java.util.concurrent.ScheduledThreadPoolExecutor$DelayedWorkQueue.take(ScheduledThreadPoolExecutor.java:899)
        at java.base@21.0.6/java.util.concurrent.ThreadPoolExecutor.getTask(ThreadPoolExecutor.java:1070)
        at java.base@21.0.6/java.util.concurrent.ThreadPoolExecutor.runWorker(ThreadPoolExecutor.java:1130)
        at java.base@21.0.6/java.util.concurrent.ThreadPoolExecutor$Worker.run(ThreadPoolExecutor.java:642)
        at java.base@21.0.6/java.lang.Thread.runWith(Thread.java:1596)
        at java.base@21.0.6/java.lang.Thread.run(Thread.java:1583)
"46d11c6d-db9b-44c9-8985-212dd9cf6636-DatanodeReportManager-0" daemon prio=5 tid=830 in Object.wait()
java.lang.Thread.State: WAITING (on object monitor)
        at java.base@21.0.6/jdk.internal.misc.Unsafe.park(Native Method)
        at java.base@21.0.6/java.util.concurrent.locks.LockSupport.park(LockSupport.java:371)
        at java.base@21.0.6/java.util.concurrent.locks.AbstractQueuedSynchronizer$ConditionNode.block(AbstractQueuedSynchronizer.java:519)
        at java.base@21.0.6/java.util.concurrent.ForkJoinPool.unmanagedBlock(ForkJoinPool.java:3780)
        at java.base@21.0.6/java.util.concurrent.ForkJoinPool.managedBlock(ForkJoinPool.java:3725)
        at java.base@21.0.6/java.util.concurrent.locks.AbstractQueuedSynchronizer$ConditionObject.await(AbstractQueuedSynchronizer.java:1712)
        at java.base@21.0.6/java.util.concurrent.ScheduledThreadPoolExecutor$DelayedWorkQueue.take(ScheduledThreadPoolExecutor.java:1177)
        at java.base@21.0.6/java.util.concurrent.ScheduledThreadPoolExecutor$DelayedWorkQueue.take(ScheduledThreadPoolExecutor.java:899)
        at java.base@21.0.6/java.util.concurrent.ThreadPoolExecutor.getTask(ThreadPoolExecutor.java:1070)
        at java.base@21.0.6/java.util.concurrent.ThreadPoolExecutor.runWorker(ThreadPoolExecutor.java:1130)
        at java.base@21.0.6/java.util.concurrent.ThreadPoolExecutor$Worker.run(ThreadPoolExecutor.java:642)
        at java.base@21.0.6/java.lang.Thread.runWith(Thread.java:1596)
        at java.base@21.0.6/java.lang.Thread.run(Thread.java:1583)
"IPC Server handler 19 on default port 15002" daemon prio=5 tid=351 timed_waiting
java.lang.Thread.State: TIMED_WAITING
        at java.base@21.0.6/jdk.internal.misc.Unsafe.park(Native Method)
        at java.base@21.0.6/java.util.concurrent.locks.LockSupport.parkNanos(LockSupport.java:269)
        at java.base@21.0.6/java.util.concurrent.locks.AbstractQueuedSynchronizer$ConditionObject.awaitNanos(AbstractQueuedSynchronizer.java:1763)
        at java.base@21.0.6/java.util.concurrent.LinkedBlockingQueue.poll(LinkedBlockingQueue.java:460)
        at app//org.apache.hadoop.ipc.CallQueueManager.take(CallQueueManager.java:370)
        at app//org.apache.hadoop.ipc.Server$Handler.run(Server.java:3165)
"49dd84ae-7ec9-4d92-bc53-345946144fea-BlockDeletingService#0" daemon prio=5 tid=2325 timed_waiting
java.lang.Thread.State: TIMED_WAITING
        at java.base@21.0.6/jdk.internal.misc.Unsafe.park(Native Method)
        at java.base@21.0.6/java.util.concurrent.locks.LockSupport.parkNanos(LockSupport.java:269)
        at java.base@21.0.6/java.util.concurrent.locks.AbstractQueuedSynchronizer$ConditionObject.awaitNanos(AbstractQueuedSynchronizer.java:1763)
        at java.base@21.0.6/java.util.concurrent.ScheduledThreadPoolExecutor$DelayedWorkQueue.take(ScheduledThreadPoolExecutor.java:1182)
        at java.base@21.0.6/java.util.concurrent.ScheduledThreadPoolExecutor$DelayedWorkQueue.take(ScheduledThreadPoolExecutor.java:899)
        at java.base@21.0.6/java.util.concurrent.ThreadPoolExecutor.getTask(ThreadPoolExecutor.java:1070)
        at java.base@21.0.6/java.util.concurrent.ThreadPoolExecutor.runWorker(ThreadPoolExecutor.java:1130)
        at java.base@21.0.6/java.util.concurrent.ThreadPoolExecutor$Worker.run(ThreadPoolExecutor.java:642)
        at java.base@21.0.6/java.lang.Thread.runWith(Thread.java:1596)
        at java.base@21.0.6/java.lang.Thread.run(Thread.java:1583)
"IPC Server handler 2 on default port 15006" daemon prio=5 tid=493 timed_waiting
java.lang.Thread.State: TIMED_WAITING
        at java.base@21.0.6/jdk.internal.misc.Unsafe.park(Native Method)
        at java.base@21.0.6/java.util.concurrent.locks.LockSupport.parkNanos(LockSupport.java:269)
        at java.base@21.0.6/java.util.concurrent.locks.AbstractQueuedSynchronizer$ConditionObject.awaitNanos(AbstractQueuedSynchronizer.java:1763)
        at java.base@21.0.6/java.util.concurrent.LinkedBlockingQueue.poll(LinkedBlockingQueue.java:460)
        at app//org.apache.hadoop.ipc.CallQueueManager.take(CallQueueManager.java:370)
        at app//org.apache.hadoop.ipc.Server$Handler.run(Server.java:3165)
"2fdf8a61-8d2a-4048-aa8e-d82d5837d34a-BlockDeletingService#3" daemon prio=5 tid=2186 in Object.wait()
java.lang.Thread.State: WAITING (on object monitor)
        at java.base@21.0.6/jdk.internal.misc.Unsafe.park(Native Method)
        at java.base@21.0.6/java.util.concurrent.locks.LockSupport.park(LockSupport.java:371)
        at java.base@21.0.6/java.util.concurrent.locks.AbstractQueuedSynchronizer$ConditionNode.block(AbstractQueuedSynchronizer.java:519)
        at java.base@21.0.6/java.util.concurrent.ForkJoinPool.unmanagedBlock(ForkJoinPool.java:3780)
        at java.base@21.0.6/java.util.concurrent.ForkJoinPool.managedBlock(ForkJoinPool.java:3725)
        at java.base@21.0.6/java.util.concurrent.locks.AbstractQueuedSynchronizer$ConditionObject.await(AbstractQueuedSynchronizer.java:1712)
        at java.base@21.0.6/java.util.concurrent.ScheduledThreadPoolExecutor$DelayedWorkQueue.take(ScheduledThreadPoolExecutor.java:1177)
        at java.base@21.0.6/java.util.concurrent.ScheduledThreadPoolExecutor$DelayedWorkQueue.take(ScheduledThreadPoolExecutor.java:899)
        at java.base@21.0.6/java.util.concurrent.ThreadPoolExecutor.getTask(ThreadPoolExecutor.java:1070)
        at java.base@21.0.6/java.util.concurrent.ThreadPoolExecutor.runWorker(ThreadPoolExecutor.java:1130)
        at java.base@21.0.6/java.util.concurrent.ThreadPoolExecutor$Worker.run(ThreadPoolExecutor.java:642)
        at java.base@21.0.6/java.lang.Thread.runWith(Thread.java:1596)
        at java.base@21.0.6/java.lang.Thread.run(Thread.java:1583)
"CompactionDagPruningService" daemon prio=5 tid=432 timed_waiting
java.lang.Thread.State: TIMED_WAITING
        at java.base@21.0.6/jdk.internal.misc.Unsafe.park(Native Method)
        at java.base@21.0.6/java.util.concurrent.locks.LockSupport.parkNanos(LockSupport.java:269)
        at java.base@21.0.6/java.util.concurrent.locks.AbstractQueuedSynchronizer$ConditionObject.awaitNanos(AbstractQueuedSynchronizer.java:1763)
        at java.base@21.0.6/java.util.concurrent.ScheduledThreadPoolExecutor$DelayedWorkQueue.take(ScheduledThreadPoolExecutor.java:1182)
        at java.base@21.0.6/java.util.concurrent.ScheduledThreadPoolExecutor$DelayedWorkQueue.take(ScheduledThreadPoolExecutor.java:899)
        at java.base@21.0.6/java.util.concurrent.ThreadPoolExecutor.getTask(ThreadPoolExecutor.java:1070)
        at java.base@21.0.6/java.util.concurrent.ThreadPoolExecutor.runWorker(ThreadPoolExecutor.java:1130)
        at java.base@21.0.6/java.util.concurrent.ThreadPoolExecutor$Worker.run(ThreadPoolExecutor.java:642)
        at java.base@21.0.6/java.lang.Thread.runWith(Thread.java:1596)
        at java.base@21.0.6/java.lang.Thread.run(Thread.java:1583)
"IPC Server handler 6 on default port 15075" daemon prio=5 tid=871 timed_waiting
java.lang.Thread.State: TIMED_WAITING
        at java.base@21.0.6/jdk.internal.misc.Unsafe.park(Native Method)
        at java.base@21.0.6/java.util.concurrent.locks.LockSupport.parkNanos(LockSupport.java:269)
        at java.base@21.0.6/java.util.concurrent.locks.AbstractQueuedSynchronizer$ConditionObject.awaitNanos(AbstractQueuedSynchronizer.java:1763)
        at java.base@21.0.6/java.util.concurrent.LinkedBlockingQueue.poll(LinkedBlockingQueue.java:460)
        at app//org.apache.hadoop.ipc.CallQueueManager.take(CallQueueManager.java:370)
        at app//org.apache.hadoop.ipc.Server$Handler.run(Server.java:3165)
"IPC Server Responder" daemon prio=5 tid=679 runnable
java.lang.Thread.State: RUNNABLE
        at java.base@21.0.6/sun.nio.ch.EPoll.wait(Native Method)
        at java.base@21.0.6/sun.nio.ch.EPollSelectorImpl.doSelect(EPollSelectorImpl.java:121)
        at java.base@21.0.6/sun.nio.ch.SelectorImpl.lockAndDoSelect(SelectorImpl.java:130)
        at java.base@21.0.6/sun.nio.ch.SelectorImpl.select(SelectorImpl.java:142)
        at app//org.apache.hadoop.ipc.Server$Responder.doRunLoop(Server.java:1733)
        at app//org.apache.hadoop.ipc.Server$Responder.run(Server.java:1716)
"IPC Server handler 3 on default port 15039" daemon prio=5 tid=684 timed_waiting
java.lang.Thread.State: TIMED_WAITING
        at java.base@21.0.6/jdk.internal.misc.Unsafe.park(Native Method)
        at java.base@21.0.6/java.util.concurrent.locks.LockSupport.parkNanos(LockSupport.java:269)
        at java.base@21.0.6/java.util.concurrent.locks.AbstractQueuedSynchronizer$ConditionObject.awaitNanos(AbstractQueuedSynchronizer.java:1763)
        at java.base@21.0.6/java.util.concurrent.LinkedBlockingQueue.poll(LinkedBlockingQueue.java:460)
        at app//org.apache.hadoop.ipc.CallQueueManager.take(CallQueueManager.java:370)
        at app//org.apache.hadoop.ipc.Server$Handler.run(Server.java:3165)
"42086d8c-c943-47d6-a5f9-799709872375@group-3A2BF5D858B4->e20a886d-0459-4371-959f-f9bdb6931571-GrpcLogAppender-LogAppenderDaemon" daemon prio=5 tid=2386 timed_waiting
java.lang.Thread.State: TIMED_WAITING
        at java.base@21.0.6/jdk.internal.misc.Unsafe.park(Native Method)
        at java.base@21.0.6/java.util.concurrent.locks.LockSupport.parkNanos(LockSupport.java:269)
        at java.base@21.0.6/java.util.concurrent.locks.AbstractQueuedSynchronizer$ConditionObject.await(AbstractQueuedSynchronizer.java:1852)
        at app//org.apache.ratis.util.AwaitForSignal.await(AwaitForSignal.java:65)
        at app//org.apache.ratis.grpc.server.GrpcLogAppender.mayWait(GrpcLogAppender.java:290)
        at app//org.apache.ratis.grpc.server.GrpcLogAppender.run(GrpcLogAppender.java:258)
        at app//org.apache.ratis.server.leader.LogAppenderDaemon.run(LogAppenderDaemon.java:80)
        at app//org.apache.ratis.server.leader.LogAppenderDaemon$$Lambda/0x00007f7e9c91a108.run(Unknown Source)
        at java.base@21.0.6/java.lang.Thread.runWith(Thread.java:1596)
        at java.base@21.0.6/java.lang.Thread.run(Thread.java:1583)
"EventQueue-PipelineReportForOneReplicaPipelineSafeModeRule" daemon prio=5 tid=1144 in Object.wait()
java.lang.Thread.State: WAITING (on object monitor)
        at java.base@21.0.6/jdk.internal.misc.Unsafe.park(Native Method)
        at java.base@21.0.6/java.util.concurrent.locks.LockSupport.park(LockSupport.java:371)
        at java.base@21.0.6/java.util.concurrent.locks.AbstractQueuedSynchronizer$ConditionNode.block(AbstractQueuedSynchronizer.java:519)
        at java.base@21.0.6/java.util.concurrent.ForkJoinPool.unmanagedBlock(ForkJoinPool.java:3780)
        at java.base@21.0.6/java.util.concurrent.ForkJoinPool.managedBlock(ForkJoinPool.java:3725)
        at java.base@21.0.6/java.util.concurrent.locks.AbstractQueuedSynchronizer$ConditionObject.await(AbstractQueuedSynchronizer.java:1712)
        at java.base@21.0.6/java.util.concurrent.LinkedBlockingQueue.take(LinkedBlockingQueue.java:435)
        at java.base@21.0.6/java.util.concurrent.ThreadPoolExecutor.getTask(ThreadPoolExecutor.java:1070)
        at java.base@21.0.6/java.util.concurrent.ThreadPoolExecutor.runWorker(ThreadPoolExecutor.java:1130)
        at java.base@21.0.6/java.util.concurrent.ThreadPoolExecutor$Worker.run(ThreadPoolExecutor.java:642)
        at java.base@21.0.6/java.lang.Thread.runWith(Thread.java:1596)
        at java.base@21.0.6/java.lang.Thread.run(Thread.java:1583)
"2fdf8a61-8d2a-4048-aa8e-d82d5837d34a-ChunkReader-0" daemon prio=5 tid=1565 in Object.wait()
java.lang.Thread.State: WAITING (on object monitor)
        at java.base@21.0.6/jdk.internal.misc.Unsafe.park(Native Method)
        at java.base@21.0.6/java.util.concurrent.locks.LockSupport.park(LockSupport.java:371)
        at java.base@21.0.6/java.util.concurrent.locks.AbstractQueuedSynchronizer$ConditionNode.block(AbstractQueuedSynchronizer.java:519)
        at java.base@21.0.6/java.util.concurrent.ForkJoinPool.unmanagedBlock(ForkJoinPool.java:3780)
        at java.base@21.0.6/java.util.concurrent.ForkJoinPool.managedBlock(ForkJoinPool.java:3725)
        at java.base@21.0.6/java.util.concurrent.locks.AbstractQueuedSynchronizer$ConditionObject.await(AbstractQueuedSynchronizer.java:1712)
        at java.base@21.0.6/java.util.concurrent.LinkedBlockingQueue.take(LinkedBlockingQueue.java:435)
        at java.base@21.0.6/java.util.concurrent.ThreadPoolExecutor.getTask(ThreadPoolExecutor.java:1070)
        at java.base@21.0.6/java.util.concurrent.ThreadPoolExecutor.runWorker(ThreadPoolExecutor.java:1130)
        at java.base@21.0.6/java.util.concurrent.ThreadPoolExecutor$Worker.run(ThreadPoolExecutor.java:642)
        at java.base@21.0.6/java.lang.Thread.runWith(Thread.java:1596)
        at java.base@21.0.6/java.lang.Thread.run(Thread.java:1583)
"IPC Server handler 98 on default port 15001" daemon prio=5 tid=312 timed_waiting
java.lang.Thread.State: TIMED_WAITING
        at java.base@21.0.6/jdk.internal.misc.Unsafe.park(Native Method)
        at java.base@21.0.6/java.util.concurrent.locks.LockSupport.parkNanos(LockSupport.java:269)
        at java.base@21.0.6/java.util.concurrent.locks.AbstractQueuedSynchronizer$ConditionObject.awaitNanos(AbstractQueuedSynchronizer.java:1763)
        at java.base@21.0.6/java.util.concurrent.LinkedBlockingQueue.poll(LinkedBlockingQueue.java:460)
        at app//org.apache.hadoop.ipc.CallQueueManager.take(CallQueueManager.java:370)
        at app//org.apache.hadoop.ipc.Server$Handler.run(Server.java:3165)
"Socket Reader #2 for port 15048"  prio=5 tid=715 runnable
java.lang.Thread.State: RUNNABLE
        at java.base@21.0.6/sun.nio.ch.EPoll.wait(Native Method)
        at java.base@21.0.6/sun.nio.ch.EPollSelectorImpl.doSelect(EPollSelectorImpl.java:121)
        at java.base@21.0.6/sun.nio.ch.SelectorImpl.lockAndDoSelect(SelectorImpl.java:130)
        at java.base@21.0.6/sun.nio.ch.SelectorImpl.select(SelectorImpl.java:147)
        at app//org.apache.hadoop.ipc.Server$Listener$Reader.doRunLoop(Server.java:1497)
        at app//org.apache.hadoop.ipc.Server$Listener$Reader.run(Server.java:1476)
"ccfadb7c-9180-4c4b-b969-671c642a7bd3-CommandProcessorThread" daemon prio=5 tid=972 timed_waiting
java.lang.Thread.State: TIMED_WAITING
        at java.base@21.0.6/java.lang.Thread.sleep0(Native Method)
        at java.base@21.0.6/java.lang.Thread.sleep(Thread.java:509)
        at app//org.apache.hadoop.ozone.container.common.statemachine.DatanodeStateMachine.lambda$initCommandHandlerThread$4(DatanodeStateMachine.java:669)
        at app//org.apache.hadoop.ozone.container.common.statemachine.DatanodeStateMachine$$Lambda/0x00007f7e9c7d6b80.run(Unknown Source)
        at java.base@21.0.6/java.lang.Thread.runWith(Thread.java:1596)
        at java.base@21.0.6/java.lang.Thread.run(Thread.java:1583)
"IPC Server idle connection scanner for port 15030" daemon prio=5 tid=632 timed_waiting
java.lang.Thread.State: TIMED_WAITING
        at java.base@21.0.6/java.lang.Object.wait0(Native Method)
        at java.base@21.0.6/java.lang.Object.wait(Object.java:366)
        at java.base@21.0.6/java.util.TimerThread.mainLoop(Timer.java:563)
        at java.base@21.0.6/java.util.TimerThread.run(Timer.java:516)
"StaleRecoveringContainerScrubbingService#3" daemon prio=5 tid=2191 in Object.wait()
java.lang.Thread.State: WAITING (on object monitor)
        at java.base@21.0.6/jdk.internal.misc.Unsafe.park(Native Method)
        at java.base@21.0.6/java.util.concurrent.locks.LockSupport.park(LockSupport.java:371)
        at java.base@21.0.6/java.util.concurrent.locks.AbstractQueuedSynchronizer$ConditionNode.block(AbstractQueuedSynchronizer.java:519)
        at java.base@21.0.6/java.util.concurrent.ForkJoinPool.unmanagedBlock(ForkJoinPool.java:3780)
        at java.base@21.0.6/java.util.concurrent.ForkJoinPool.managedBlock(ForkJoinPool.java:3725)
        at java.base@21.0.6/java.util.concurrent.locks.AbstractQueuedSynchronizer$ConditionObject.await(AbstractQueuedSynchronizer.java:1712)
        at java.base@21.0.6/java.util.concurrent.ScheduledThreadPoolExecutor$DelayedWorkQueue.take(ScheduledThreadPoolExecutor.java:1177)
        at java.base@21.0.6/java.util.concurrent.ScheduledThreadPoolExecutor$DelayedWorkQueue.take(ScheduledThreadPoolExecutor.java:899)
        at java.base@21.0.6/java.util.concurrent.ThreadPoolExecutor.getTask(ThreadPoolExecutor.java:1070)
        at java.base@21.0.6/java.util.concurrent.ThreadPoolExecutor.runWorker(ThreadPoolExecutor.java:1130)
        at java.base@21.0.6/java.util.concurrent.ThreadPoolExecutor$Worker.run(ThreadPoolExecutor.java:642)
        at java.base@21.0.6/java.lang.Thread.runWith(Thread.java:1596)
        at java.base@21.0.6/java.lang.Thread.run(Thread.java:1583)
"IPC Server Responder" daemon prio=5 tid=81 runnable
java.lang.Thread.State: RUNNABLE
        at java.base@21.0.6/sun.nio.ch.EPoll.wait(Native Method)
        at java.base@21.0.6/sun.nio.ch.EPollSelectorImpl.doSelect(EPollSelectorImpl.java:121)
        at java.base@21.0.6/sun.nio.ch.SelectorImpl.lockAndDoSelect(SelectorImpl.java:130)
        at java.base@21.0.6/sun.nio.ch.SelectorImpl.select(SelectorImpl.java:142)
        at app//org.apache.hadoop.ipc.Server$Responder.doRunLoop(Server.java:1733)
        at app//org.apache.hadoop.ipc.Server$Responder.run(Server.java:1716)
"46d11c6d-db9b-44c9-8985-212dd9cf6636-EndpointStateMachineTaskThread-/0.0.0.0:15002-0 "  prio=5 tid=1085 in Object.wait()
java.lang.Thread.State: WAITING (on object monitor)
        at java.base@21.0.6/jdk.internal.misc.Unsafe.park(Native Method)
        at java.base@21.0.6/java.util.concurrent.locks.LockSupport.park(LockSupport.java:371)
        at java.base@21.0.6/java.util.concurrent.locks.AbstractQueuedSynchronizer$ConditionNode.block(AbstractQueuedSynchronizer.java:519)
        at java.base@21.0.6/java.util.concurrent.ForkJoinPool.unmanagedBlock(ForkJoinPool.java:3780)
        at java.base@21.0.6/java.util.concurrent.ForkJoinPool.managedBlock(ForkJoinPool.java:3725)
        at java.base@21.0.6/java.util.concurrent.locks.AbstractQueuedSynchronizer$ConditionObject.await(AbstractQueuedSynchronizer.java:1712)
        at java.base@21.0.6/java.util.concurrent.LinkedBlockingQueue.take(LinkedBlockingQueue.java:435)
        at java.base@21.0.6/java.util.concurrent.ThreadPoolExecutor.getTask(ThreadPoolExecutor.java:1070)
        at java.base@21.0.6/java.util.concurrent.ThreadPoolExecutor.runWorker(ThreadPoolExecutor.java:1130)
        at java.base@21.0.6/java.util.concurrent.ThreadPoolExecutor$Worker.run(ThreadPoolExecutor.java:642)
        at java.base@21.0.6/java.lang.Thread.runWith(Thread.java:1596)
        at java.base@21.0.6/java.lang.Thread.run(Thread.java:1583)
"IPC Server handler 0 on default port 15001" daemon prio=5 tid=214 timed_waiting
java.lang.Thread.State: TIMED_WAITING
        at java.base@21.0.6/jdk.internal.misc.Unsafe.park(Native Method)
        at java.base@21.0.6/java.util.concurrent.locks.LockSupport.parkNanos(LockSupport.java:269)
        at java.base@21.0.6/java.util.concurrent.locks.AbstractQueuedSynchronizer$ConditionObject.awaitNanos(AbstractQueuedSynchronizer.java:1763)
        at java.base@21.0.6/java.util.concurrent.LinkedBlockingQueue.poll(LinkedBlockingQueue.java:460)
        at app//org.apache.hadoop.ipc.CallQueueManager.take(CallQueueManager.java:370)
        at app//org.apache.hadoop.ipc.Server$Handler.run(Server.java:3165)
"IPC Server handler 9 on default port 15001" daemon prio=5 tid=223 timed_waiting
java.lang.Thread.State: TIMED_WAITING
        at java.base@21.0.6/jdk.internal.misc.Unsafe.park(Native Method)
        at java.base@21.0.6/java.util.concurrent.locks.LockSupport.parkNanos(LockSupport.java:269)
        at java.base@21.0.6/java.util.concurrent.locks.AbstractQueuedSynchronizer$ConditionObject.awaitNanos(AbstractQueuedSynchronizer.java:1763)
        at java.base@21.0.6/java.util.concurrent.LinkedBlockingQueue.poll(LinkedBlockingQueue.java:460)
        at app//org.apache.hadoop.ipc.CallQueueManager.take(CallQueueManager.java:370)
        at app//org.apache.hadoop.ipc.Server$Handler.run(Server.java:3165)
"qtp454923113-2243" daemon prio=5 tid=2243 runnable
java.lang.Thread.State: RUNNABLE
        at java.base@21.0.6/sun.nio.ch.EPoll.wait(Native Method)
        at java.base@21.0.6/sun.nio.ch.EPollSelectorImpl.doSelect(EPollSelectorImpl.java:121)
        at java.base@21.0.6/sun.nio.ch.SelectorImpl.lockAndDoSelect(SelectorImpl.java:130)
        at java.base@21.0.6/sun.nio.ch.SelectorImpl.select(SelectorImpl.java:147)
        at app//org.eclipse.jetty.io.ManagedSelector.nioSelect(ManagedSelector.java:183)
        at app//org.eclipse.jetty.io.ManagedSelector.select(ManagedSelector.java:190)
        at app//org.eclipse.jetty.io.ManagedSelector$SelectorProducer.select(ManagedSelector.java:606)
        at app//org.eclipse.jetty.io.ManagedSelector$SelectorProducer.produce(ManagedSelector.java:543)
        at app//org.eclipse.jetty.util.thread.strategy.EatWhatYouKill.produceTask(EatWhatYouKill.java:362)
        at app//org.eclipse.jetty.util.thread.strategy.EatWhatYouKill.doProduce(EatWhatYouKill.java:186)
        at app//org.eclipse.jetty.util.thread.strategy.EatWhatYouKill.tryProduce(EatWhatYouKill.java:173)
        at app//org.eclipse.jetty.util.thread.strategy.EatWhatYouKill.produce(EatWhatYouKill.java:137)
        at app//org.eclipse.jetty.io.ManagedSelector$$Lambda/0x00007f7e9c660000.run(Unknown Source)
        at app//org.eclipse.jetty.util.thread.QueuedThreadPool.runJob(QueuedThreadPool.java:883)
        at app//org.eclipse.jetty.util.thread.QueuedThreadPool$Runner.run(QueuedThreadPool.java:1034)
        at java.base@21.0.6/java.lang.Thread.runWith(Thread.java:1596)
        at java.base@21.0.6/java.lang.Thread.run(Thread.java:1583)
"IPC Server handler 55 on default port 15000" daemon prio=5 tid=169 timed_waiting
java.lang.Thread.State: TIMED_WAITING
        at java.base@21.0.6/jdk.internal.misc.Unsafe.park(Native Method)
        at java.base@21.0.6/java.util.concurrent.locks.LockSupport.parkNanos(LockSupport.java:269)
        at java.base@21.0.6/java.util.concurrent.locks.AbstractQueuedSynchronizer$ConditionObject.awaitNanos(AbstractQueuedSynchronizer.java:1763)
        at java.base@21.0.6/java.util.concurrent.LinkedBlockingQueue.poll(LinkedBlockingQueue.java:460)
        at app//org.apache.hadoop.ipc.CallQueueManager.take(CallQueueManager.java:370)
        at app//org.apache.hadoop.ipc.Server$Handler.run(Server.java:3165)
"ccfadb7c-9180-4c4b-b969-671c642a7bd3-groupManagement"  prio=5 tid=1346 in Object.wait()
java.lang.Thread.State: WAITING (on object monitor)
        at java.base@21.0.6/jdk.internal.misc.Unsafe.park(Native Method)
        at java.base@21.0.6/java.util.concurrent.locks.LockSupport.park(LockSupport.java:371)
        at java.base@21.0.6/java.util.concurrent.locks.AbstractQueuedSynchronizer$ConditionNode.block(AbstractQueuedSynchronizer.java:519)
        at java.base@21.0.6/java.util.concurrent.ForkJoinPool.unmanagedBlock(ForkJoinPool.java:3780)
        at java.base@21.0.6/java.util.concurrent.ForkJoinPool.managedBlock(ForkJoinPool.java:3725)
        at java.base@21.0.6/java.util.concurrent.locks.AbstractQueuedSynchronizer$ConditionObject.await(AbstractQueuedSynchronizer.java:1712)
        at java.base@21.0.6/java.util.concurrent.LinkedBlockingQueue.take(LinkedBlockingQueue.java:435)
        at java.base@21.0.6/java.util.concurrent.ThreadPoolExecutor.getTask(ThreadPoolExecutor.java:1070)
        at java.base@21.0.6/java.util.concurrent.ThreadPoolExecutor.runWorker(ThreadPoolExecutor.java:1130)
        at java.base@21.0.6/java.util.concurrent.ThreadPoolExecutor$Worker.run(ThreadPoolExecutor.java:642)
        at java.base@21.0.6/java.lang.Thread.runWith(Thread.java:1596)
        at java.base@21.0.6/java.lang.Thread.run(Thread.java:1583)
"2dcfdddc-a76f-4d49-b174-7a2bddacee37@group-3A2BF5D858B4-FollowerState" daemon prio=5 tid=2384 timed_waiting
java.lang.Thread.State: TIMED_WAITING
        at java.base@21.0.6/java.lang.Thread.sleep0(Native Method)
        at java.base@21.0.6/java.lang.Thread.sleep(Thread.java:558)
        at java.base@21.0.6/java.util.concurrent.TimeUnit.sleep(TimeUnit.java:446)
        at app//org.apache.ratis.util.TimeDuration.sleep(TimeDuration.java:353)
        at app//org.apache.ratis.util.TimeDuration.sleep(TimeDuration.java:338)
        at app//org.apache.ratis.server.impl.FollowerState.runImpl(FollowerState.java:149)
        at app//org.apache.ratis.server.impl.FollowerState.run(FollowerState.java:130)
"eb965ba7-12a8-46f3-92c0-bc6ff5b3bf3b-DatanodeReportManager-2" daemon prio=5 tid=648 in Object.wait()
java.lang.Thread.State: WAITING (on object monitor)
        at java.base@21.0.6/jdk.internal.misc.Unsafe.park(Native Method)
        at java.base@21.0.6/java.util.concurrent.locks.LockSupport.park(LockSupport.java:371)
        at java.base@21.0.6/java.util.concurrent.locks.AbstractQueuedSynchronizer$ConditionNode.block(AbstractQueuedSynchronizer.java:519)
        at java.base@21.0.6/java.util.concurrent.ForkJoinPool.unmanagedBlock(ForkJoinPool.java:3780)
        at java.base@21.0.6/java.util.concurrent.ForkJoinPool.managedBlock(ForkJoinPool.java:3725)
        at java.base@21.0.6/java.util.concurrent.locks.AbstractQueuedSynchronizer$ConditionObject.await(AbstractQueuedSynchronizer.java:1712)
        at java.base@21.0.6/java.util.concurrent.ScheduledThreadPoolExecutor$DelayedWorkQueue.take(ScheduledThreadPoolExecutor.java:1177)
        at java.base@21.0.6/java.util.concurrent.ScheduledThreadPoolExecutor$DelayedWorkQueue.take(ScheduledThreadPoolExecutor.java:899)
        at java.base@21.0.6/java.util.concurrent.ThreadPoolExecutor.getTask(ThreadPoolExecutor.java:1070)
        at java.base@21.0.6/java.util.concurrent.ThreadPoolExecutor.runWorker(ThreadPoolExecutor.java:1130)
        at java.base@21.0.6/java.util.concurrent.ThreadPoolExecutor$Worker.run(ThreadPoolExecutor.java:642)
        at java.base@21.0.6/java.lang.Thread.runWith(Thread.java:1596)
        at java.base@21.0.6/java.lang.Thread.run(Thread.java:1583)
"qtp454923113-2247" daemon prio=5 tid=2247 timed_waiting
java.lang.Thread.State: TIMED_WAITING
        at java.base@21.0.6/jdk.internal.misc.Unsafe.park(Native Method)
        at java.base@21.0.6/java.util.concurrent.locks.LockSupport.parkNanos(LockSupport.java:269)
        at java.base@21.0.6/java.util.concurrent.locks.AbstractQueuedSynchronizer$ConditionObject.awaitNanos(AbstractQueuedSynchronizer.java:1763)
        at app//org.eclipse.jetty.util.BlockingArrayQueue.poll(BlockingArrayQueue.java:382)
        at app//org.eclipse.jetty.util.thread.QueuedThreadPool$Runner.idleJobPoll(QueuedThreadPool.java:974)
        at app//org.eclipse.jetty.util.thread.QueuedThreadPool$Runner.run(QueuedThreadPool.java:1018)
        at java.base@21.0.6/java.lang.Thread.runWith(Thread.java:1596)
        at java.base@21.0.6/java.lang.Thread.run(Thread.java:1583)
"Socket Reader #8 for port 15048"  prio=5 tid=721 runnable
java.lang.Thread.State: RUNNABLE
        at java.base@21.0.6/sun.nio.ch.EPoll.wait(Native Method)
        at java.base@21.0.6/sun.nio.ch.EPollSelectorImpl.doSelect(EPollSelectorImpl.java:121)
        at java.base@21.0.6/sun.nio.ch.SelectorImpl.lockAndDoSelect(SelectorImpl.java:130)
        at java.base@21.0.6/sun.nio.ch.SelectorImpl.select(SelectorImpl.java:147)
        at app//org.apache.hadoop.ipc.Server$Listener$Reader.doRunLoop(Server.java:1497)
        at app//org.apache.hadoop.ipc.Server$Listener$Reader.run(Server.java:1476)
"IPC Server handler 23 on default port 15001" daemon prio=5 tid=237 timed_waiting
java.lang.Thread.State: TIMED_WAITING
        at java.base@21.0.6/jdk.internal.misc.Unsafe.park(Native Method)
        at java.base@21.0.6/java.util.concurrent.locks.LockSupport.parkNanos(LockSupport.java:269)
        at java.base@21.0.6/java.util.concurrent.locks.AbstractQueuedSynchronizer$ConditionObject.awaitNanos(AbstractQueuedSynchronizer.java:1763)
        at java.base@21.0.6/java.util.concurrent.LinkedBlockingQueue.poll(LinkedBlockingQueue.java:460)
        at app//org.apache.hadoop.ipc.CallQueueManager.take(CallQueueManager.java:370)
        at app//org.apache.hadoop.ipc.Server$Handler.run(Server.java:3165)
"49dd84ae-7ec9-4d92-bc53-345946144fea-ChunkWriter-1-0" daemon prio=5 tid=2313 in Object.wait()
java.lang.Thread.State: WAITING (on object monitor)
        at java.base@21.0.6/jdk.internal.misc.Unsafe.park(Native Method)
        at java.base@21.0.6/java.util.concurrent.locks.LockSupport.park(LockSupport.java:371)
        at java.base@21.0.6/java.util.concurrent.locks.AbstractQueuedSynchronizer$ConditionNode.block(AbstractQueuedSynchronizer.java:519)
        at java.base@21.0.6/java.util.concurrent.ForkJoinPool.unmanagedBlock(ForkJoinPool.java:3780)
        at java.base@21.0.6/java.util.concurrent.ForkJoinPool.managedBlock(ForkJoinPool.java:3725)
        at java.base@21.0.6/java.util.concurrent.locks.AbstractQueuedSynchronizer$ConditionObject.await(AbstractQueuedSynchronizer.java:1712)
        at java.base@21.0.6/java.util.concurrent.LinkedBlockingDeque.takeFirst(LinkedBlockingDeque.java:485)
        at java.base@21.0.6/java.util.concurrent.LinkedBlockingDeque.take(LinkedBlockingDeque.java:673)
        at java.base@21.0.6/java.util.concurrent.ThreadPoolExecutor.getTask(ThreadPoolExecutor.java:1070)
        at java.base@21.0.6/java.util.concurrent.ThreadPoolExecutor.runWorker(ThreadPoolExecutor.java:1130)
        at java.base@21.0.6/java.util.concurrent.ThreadPoolExecutor$Worker.run(ThreadPoolExecutor.java:642)
        at java.base@21.0.6/java.lang.Thread.runWith(Thread.java:1596)
        at java.base@21.0.6/java.lang.Thread.run(Thread.java:1583)
"JvmPauseMonitor6" daemon prio=5 tid=1042 timed_waiting
java.lang.Thread.State: TIMED_WAITING
        at java.base@21.0.6/java.lang.Thread.sleep0(Native Method)
        at java.base@21.0.6/java.lang.Thread.sleep(Thread.java:558)
        at java.base@21.0.6/java.util.concurrent.TimeUnit.sleep(TimeUnit.java:446)
        at app//org.apache.ratis.util.TimeDuration.sleep(TimeDuration.java:353)
        at app//org.apache.ratis.util.TimeDuration.sleep(TimeDuration.java:338)
        at app//org.apache.ratis.util.JvmPauseMonitor.detectPause(JvmPauseMonitor.java:160)
        at app//org.apache.ratis.util.JvmPauseMonitor.run(JvmPauseMonitor.java:149)
        at app//org.apache.ratis.util.JvmPauseMonitor$$Lambda/0x00007f7e9c38d5c8.run(Unknown Source)
        at java.base@21.0.6/java.lang.Thread.runWith(Thread.java:1596)
        at java.base@21.0.6/java.lang.Thread.run(Thread.java:1583)
"2fdf8a61-8d2a-4048-aa8e-d82d5837d34a-ContainerOp-9e09d6a8-9742-4eee-8124-a68b45278972-1"  prio=5 tid=1499 in Object.wait()
java.lang.Thread.State: WAITING (on object monitor)
        at java.base@21.0.6/jdk.internal.misc.Unsafe.park(Native Method)
        at java.base@21.0.6/java.util.concurrent.locks.LockSupport.park(LockSupport.java:371)
        at java.base@21.0.6/java.util.concurrent.locks.AbstractQueuedSynchronizer$ConditionNode.block(AbstractQueuedSynchronizer.java:519)
        at java.base@21.0.6/java.util.concurrent.ForkJoinPool.unmanagedBlock(ForkJoinPool.java:3780)
        at java.base@21.0.6/java.util.concurrent.ForkJoinPool.managedBlock(ForkJoinPool.java:3725)
        at java.base@21.0.6/java.util.concurrent.locks.AbstractQueuedSynchronizer$ConditionObject.await(AbstractQueuedSynchronizer.java:1712)
        at java.base@21.0.6/java.util.concurrent.LinkedBlockingQueue.take(LinkedBlockingQueue.java:435)
        at java.base@21.0.6/java.util.concurrent.ThreadPoolExecutor.getTask(ThreadPoolExecutor.java:1070)
        at java.base@21.0.6/java.util.concurrent.ThreadPoolExecutor.runWorker(ThreadPoolExecutor.java:1130)
        at java.base@21.0.6/java.util.concurrent.ThreadPoolExecutor$Worker.run(ThreadPoolExecutor.java:642)
        at java.base@21.0.6/java.lang.Thread.runWith(Thread.java:1596)
        at java.base@21.0.6/java.lang.Thread.run(Thread.java:1583)
"6b36f32d-918c-46a3-bfcb-888cb423c6dd-CloseContainerThread-1"  prio=5 tid=2421 in Object.wait()
java.lang.Thread.State: WAITING (on object monitor)
        at java.base@21.0.6/jdk.internal.misc.Unsafe.park(Native Method)
        at java.base@21.0.6/java.util.concurrent.locks.LockSupport.park(LockSupport.java:371)
        at java.base@21.0.6/java.util.concurrent.locks.AbstractQueuedSynchronizer$ConditionNode.block(AbstractQueuedSynchronizer.java:519)
        at java.base@21.0.6/java.util.concurrent.ForkJoinPool.unmanagedBlock(ForkJoinPool.java:3780)
        at java.base@21.0.6/java.util.concurrent.ForkJoinPool.managedBlock(ForkJoinPool.java:3725)
        at java.base@21.0.6/java.util.concurrent.locks.AbstractQueuedSynchronizer$ConditionObject.await(AbstractQueuedSynchronizer.java:1712)
        at java.base@21.0.6/java.util.concurrent.LinkedBlockingQueue.take(LinkedBlockingQueue.java:435)
        at java.base@21.0.6/java.util.concurrent.ThreadPoolExecutor.getTask(ThreadPoolExecutor.java:1070)
        at java.base@21.0.6/java.util.concurrent.ThreadPoolExecutor.runWorker(ThreadPoolExecutor.java:1130)
        at java.base@21.0.6/java.util.concurrent.ThreadPoolExecutor$Worker.run(ThreadPoolExecutor.java:642)
        at java.base@21.0.6/java.lang.Thread.runWith(Thread.java:1596)
        at java.base@21.0.6/java.lang.Thread.run(Thread.java:1583)
"IPC Server handler 53 on default port 15002" daemon prio=5 tid=385 timed_waiting
java.lang.Thread.State: TIMED_WAITING
        at java.base@21.0.6/jdk.internal.misc.Unsafe.park(Native Method)
        at java.base@21.0.6/java.util.concurrent.locks.LockSupport.parkNanos(LockSupport.java:269)
        at java.base@21.0.6/java.util.concurrent.locks.AbstractQueuedSynchronizer$ConditionObject.awaitNanos(AbstractQueuedSynchronizer.java:1763)
        at java.base@21.0.6/java.util.concurrent.LinkedBlockingQueue.poll(LinkedBlockingQueue.java:460)
        at app//org.apache.hadoop.ipc.CallQueueManager.take(CallQueueManager.java:370)
        at app//org.apache.hadoop.ipc.Server$Handler.run(Server.java:3165)
"ContainerDataScanner(/home/runner/work/ozone/ozone/hadoop-ozone/integration-test/target/test-dir/MiniOzoneClusterImpl-3e129c02-f7f1-4d32-bd92-d681932e2c0d/ozone-meta/datanode-1/data-0/hdds)" daemon prio=5 tid=2311 timed_waiting
java.lang.Thread.State: TIMED_WAITING
        at java.base@21.0.6/java.lang.Thread.sleep0(Native Method)
        at java.base@21.0.6/java.lang.Thread.sleep(Thread.java:509)
        at app//org.apache.hadoop.ozone.container.ozoneimpl.AbstractBackgroundContainerScanner.handleRemainingSleep(AbstractBackgroundContainerScanner.java:128)
        at app//org.apache.hadoop.ozone.container.ozoneimpl.AbstractBackgroundContainerScanner.runIteration(AbstractBackgroundContainerScanner.java:95)
        at app//org.apache.hadoop.ozone.container.ozoneimpl.AbstractBackgroundContainerScanner.run(AbstractBackgroundContainerScanner.java:54)
"IPC Server handler 3 on default port 15048" daemon prio=5 tid=730 timed_waiting
java.lang.Thread.State: TIMED_WAITING
        at java.base@21.0.6/jdk.internal.misc.Unsafe.park(Native Method)
        at java.base@21.0.6/java.util.concurrent.locks.LockSupport.parkNanos(LockSupport.java:269)
        at java.base@21.0.6/java.util.concurrent.locks.AbstractQueuedSynchronizer$ConditionObject.awaitNanos(AbstractQueuedSynchronizer.java:1763)
        at java.base@21.0.6/java.util.concurrent.LinkedBlockingQueue.poll(LinkedBlockingQueue.java:460)
        at app//org.apache.hadoop.ipc.CallQueueManager.take(CallQueueManager.java:370)
        at app//org.apache.hadoop.ipc.Server$Handler.run(Server.java:3165)
"EventQueue-OpenPipelineForHealthyPipelineSafeModeRule" daemon prio=5 tid=1167 in Object.wait()
java.lang.Thread.State: WAITING (on object monitor)
        at java.base@21.0.6/jdk.internal.misc.Unsafe.park(Native Method)
        at java.base@21.0.6/java.util.concurrent.locks.LockSupport.park(LockSupport.java:371)
        at java.base@21.0.6/java.util.concurrent.locks.AbstractQueuedSynchronizer$ConditionNode.block(AbstractQueuedSynchronizer.java:519)
        at java.base@21.0.6/java.util.concurrent.ForkJoinPool.unmanagedBlock(ForkJoinPool.java:3780)
        at java.base@21.0.6/java.util.concurrent.ForkJoinPool.managedBlock(ForkJoinPool.java:3725)
        at java.base@21.0.6/java.util.concurrent.locks.AbstractQueuedSynchronizer$ConditionObject.await(AbstractQueuedSynchronizer.java:1712)
        at java.base@21.0.6/java.util.concurrent.LinkedBlockingQueue.take(LinkedBlockingQueue.java:435)
        at java.base@21.0.6/java.util.concurrent.ThreadPoolExecutor.getTask(ThreadPoolExecutor.java:1070)
        at java.base@21.0.6/java.util.concurrent.ThreadPoolExecutor.runWorker(ThreadPoolExecutor.java:1130)
        at java.base@21.0.6/java.util.concurrent.ThreadPoolExecutor$Worker.run(ThreadPoolExecutor.java:642)
        at java.base@21.0.6/java.lang.Thread.runWith(Thread.java:1596)
        at java.base@21.0.6/java.lang.Thread.run(Thread.java:1583)
"IPC Server handler 19 on default port 15006" daemon prio=5 tid=510 timed_waiting
java.lang.Thread.State: TIMED_WAITING
        at java.base@21.0.6/jdk.internal.misc.Unsafe.park(Native Method)
        at java.base@21.0.6/java.util.concurrent.locks.LockSupport.parkNanos(LockSupport.java:269)
        at java.base@21.0.6/java.util.concurrent.locks.AbstractQueuedSynchronizer$ConditionObject.awaitNanos(AbstractQueuedSynchronizer.java:1763)
        at java.base@21.0.6/java.util.concurrent.LinkedBlockingQueue.poll(LinkedBlockingQueue.java:460)
        at app//org.apache.hadoop.ipc.CallQueueManager.take(CallQueueManager.java:370)
        at app//org.apache.hadoop.ipc.Server$Handler.run(Server.java:3165)
"IPC Server handler 7 on default port 15084" daemon prio=5 tid=1934 timed_waiting
java.lang.Thread.State: TIMED_WAITING
        at java.base@21.0.6/jdk.internal.misc.Unsafe.park(Native Method)
        at java.base@21.0.6/java.util.concurrent.locks.LockSupport.parkNanos(LockSupport.java:269)
        at java.base@21.0.6/java.util.concurrent.locks.AbstractQueuedSynchronizer$ConditionObject.awaitNanos(AbstractQueuedSynchronizer.java:1763)
        at java.base@21.0.6/java.util.concurrent.LinkedBlockingQueue.poll(LinkedBlockingQueue.java:460)
        at app//org.apache.hadoop.ipc.CallQueueManager.take(CallQueueManager.java:370)
        at app//org.apache.hadoop.ipc.Server$Handler.run(Server.java:3165)
"IPC Server handler 91 on default port 15000" daemon prio=5 tid=205 timed_waiting
java.lang.Thread.State: TIMED_WAITING
        at java.base@21.0.6/jdk.internal.misc.Unsafe.park(Native Method)
        at java.base@21.0.6/java.util.concurrent.locks.LockSupport.parkNanos(LockSupport.java:269)
        at java.base@21.0.6/java.util.concurrent.locks.AbstractQueuedSynchronizer$ConditionObject.awaitNanos(AbstractQueuedSynchronizer.java:1763)
        at java.base@21.0.6/java.util.concurrent.LinkedBlockingQueue.poll(LinkedBlockingQueue.java:460)
        at app//org.apache.hadoop.ipc.CallQueueManager.take(CallQueueManager.java:370)
        at app//org.apache.hadoop.ipc.Server$Handler.run(Server.java:3165)
"Socket Reader #7 for port 15021"  prio=5 tid=580 runnable
java.lang.Thread.State: RUNNABLE
        at java.base@21.0.6/sun.nio.ch.EPoll.wait(Native Method)
        at java.base@21.0.6/sun.nio.ch.EPollSelectorImpl.doSelect(EPollSelectorImpl.java:121)
        at java.base@21.0.6/sun.nio.ch.SelectorImpl.lockAndDoSelect(SelectorImpl.java:130)
        at java.base@21.0.6/sun.nio.ch.SelectorImpl.select(SelectorImpl.java:147)
        at app//org.apache.hadoop.ipc.Server$Listener$Reader.doRunLoop(Server.java:1497)
        at app//org.apache.hadoop.ipc.Server$Listener$Reader.run(Server.java:1476)
"49dd84ae-7ec9-4d92-bc53-345946144fea-CommandProcessorThread" daemon prio=5 tid=2290 timed_waiting
java.lang.Thread.State: TIMED_WAITING
        at java.base@21.0.6/java.lang.Thread.sleep0(Native Method)
        at java.base@21.0.6/java.lang.Thread.sleep(Thread.java:509)
        at app//org.apache.hadoop.ozone.container.common.statemachine.DatanodeStateMachine.lambda$initCommandHandlerThread$4(DatanodeStateMachine.java:669)
        at app//org.apache.hadoop.ozone.container.common.statemachine.DatanodeStateMachine$$Lambda/0x00007f7e9c7d6b80.run(Unknown Source)
        at java.base@21.0.6/java.lang.Thread.runWith(Thread.java:1596)
        at java.base@21.0.6/java.lang.Thread.run(Thread.java:1583)
"46d11c6d-db9b-44c9-8985-212dd9cf6636-DatanodeReportManager-3" daemon prio=5 tid=833 in Object.wait()
java.lang.Thread.State: WAITING (on object monitor)
        at java.base@21.0.6/jdk.internal.misc.Unsafe.park(Native Method)
        at java.base@21.0.6/java.util.concurrent.locks.LockSupport.park(LockSupport.java:371)
        at java.base@21.0.6/java.util.concurrent.locks.AbstractQueuedSynchronizer$ConditionNode.block(AbstractQueuedSynchronizer.java:519)
        at java.base@21.0.6/java.util.concurrent.ForkJoinPool.unmanagedBlock(ForkJoinPool.java:3780)
        at java.base@21.0.6/java.util.concurrent.ForkJoinPool.managedBlock(ForkJoinPool.java:3725)
        at java.base@21.0.6/java.util.concurrent.locks.AbstractQueuedSynchronizer$ConditionObject.await(AbstractQueuedSynchronizer.java:1712)
        at java.base@21.0.6/java.util.concurrent.ScheduledThreadPoolExecutor$DelayedWorkQueue.take(ScheduledThreadPoolExecutor.java:1177)
        at java.base@21.0.6/java.util.concurrent.ScheduledThreadPoolExecutor$DelayedWorkQueue.take(ScheduledThreadPoolExecutor.java:899)
        at java.base@21.0.6/java.util.concurrent.ThreadPoolExecutor.getTask(ThreadPoolExecutor.java:1070)
        at java.base@21.0.6/java.util.concurrent.ThreadPoolExecutor.runWorker(ThreadPoolExecutor.java:1130)
        at java.base@21.0.6/java.util.concurrent.ThreadPoolExecutor$Worker.run(ThreadPoolExecutor.java:642)
        at java.base@21.0.6/java.lang.Thread.runWith(Thread.java:1596)
        at java.base@21.0.6/java.lang.Thread.run(Thread.java:1583)
"ccfadb7c-9180-4c4b-b969-671c642a7bd3@group-CA8E8F8CF78E-SegmentedRaftLogWorker"  prio=5 tid=1987 timed_waiting
java.lang.Thread.State: TIMED_WAITING
        at java.base@21.0.6/jdk.internal.misc.Unsafe.park(Native Method)
        at java.base@21.0.6/java.util.concurrent.locks.LockSupport.parkNanos(LockSupport.java:269)
        at java.base@21.0.6/java.util.concurrent.locks.AbstractQueuedSynchronizer$ConditionObject.awaitNanos(AbstractQueuedSynchronizer.java:1763)
        at app//org.apache.ratis.util.DataBlockingQueue.poll(DataBlockingQueue.java:148)
        at app//org.apache.ratis.server.raftlog.segmented.SegmentedRaftLogWorker.run(SegmentedRaftLogWorker.java:307)
        at app//org.apache.ratis.server.raftlog.segmented.SegmentedRaftLogWorker$$Lambda/0x00007f7e9c334fd8.run(Unknown Source)
        at java.base@21.0.6/java.util.concurrent.Executors$RunnableAdapter.call(Executors.java:572)
        at java.base@21.0.6/java.util.concurrent.FutureTask.run(FutureTask.java:317)
        at java.base@21.0.6/java.util.concurrent.ThreadPoolExecutor.runWorker(ThreadPoolExecutor.java:1144)
        at java.base@21.0.6/java.util.concurrent.ThreadPoolExecutor$Worker.run(ThreadPoolExecutor.java:642)
        at java.base@21.0.6/java.lang.Thread.runWith(Thread.java:1596)
        at java.base@21.0.6/java.lang.Thread.run(Thread.java:1583)
"qtp1616906553-708" daemon prio=5 tid=708 timed_waiting
java.lang.Thread.State: TIMED_WAITING
        at java.base@21.0.6/jdk.internal.misc.Unsafe.park(Native Method)
        at java.base@21.0.6/java.util.concurrent.locks.LockSupport.parkNanos(LockSupport.java:269)
        at java.base@21.0.6/java.util.concurrent.locks.AbstractQueuedSynchronizer$ConditionObject.awaitNanos(AbstractQueuedSynchronizer.java:1763)
        at app//org.eclipse.jetty.util.BlockingArrayQueue.poll(BlockingArrayQueue.java:382)
        at app//org.eclipse.jetty.util.thread.QueuedThreadPool$Runner.idleJobPoll(QueuedThreadPool.java:974)
        at app//org.eclipse.jetty.util.thread.QueuedThreadPool$Runner.run(QueuedThreadPool.java:1018)
        at java.base@21.0.6/java.lang.Thread.runWith(Thread.java:1596)
        at java.base@21.0.6/java.lang.Thread.run(Thread.java:1583)
"46d11c6d-db9b-44c9-8985-212dd9cf6636-ChunkWriter-0-0" daemon prio=5 tid=1092 in Object.wait()
java.lang.Thread.State: WAITING (on object monitor)
        at java.base@21.0.6/jdk.internal.misc.Unsafe.park(Native Method)
        at java.base@21.0.6/java.util.concurrent.locks.LockSupport.park(LockSupport.java:371)
        at java.base@21.0.6/java.util.concurrent.locks.AbstractQueuedSynchronizer$ConditionNode.block(AbstractQueuedSynchronizer.java:519)
        at java.base@21.0.6/java.util.concurrent.ForkJoinPool.unmanagedBlock(ForkJoinPool.java:3780)
        at java.base@21.0.6/java.util.concurrent.ForkJoinPool.managedBlock(ForkJoinPool.java:3725)
        at java.base@21.0.6/java.util.concurrent.locks.AbstractQueuedSynchronizer$ConditionObject.await(AbstractQueuedSynchronizer.java:1712)
        at java.base@21.0.6/java.util.concurrent.LinkedBlockingDeque.takeFirst(LinkedBlockingDeque.java:485)
        at java.base@21.0.6/java.util.concurrent.LinkedBlockingDeque.take(LinkedBlockingDeque.java:673)
        at java.base@21.0.6/java.util.concurrent.ThreadPoolExecutor.getTask(ThreadPoolExecutor.java:1070)
        at java.base@21.0.6/java.util.concurrent.ThreadPoolExecutor.runWorker(ThreadPoolExecutor.java:1130)
        at java.base@21.0.6/java.util.concurrent.ThreadPoolExecutor$Worker.run(ThreadPoolExecutor.java:642)
        at java.base@21.0.6/java.lang.Thread.runWith(Thread.java:1596)
        at java.base@21.0.6/java.lang.Thread.run(Thread.java:1583)
"IPC Server handler 8 on default port 15001" daemon prio=5 tid=222 timed_waiting
java.lang.Thread.State: TIMED_WAITING
        at java.base@21.0.6/jdk.internal.misc.Unsafe.park(Native Method)
        at java.base@21.0.6/java.util.concurrent.locks.LockSupport.parkNanos(LockSupport.java:269)
        at java.base@21.0.6/java.util.concurrent.locks.AbstractQueuedSynchronizer$ConditionObject.awaitNanos(AbstractQueuedSynchronizer.java:1763)
        at java.base@21.0.6/java.util.concurrent.LinkedBlockingQueue.poll(LinkedBlockingQueue.java:460)
        at app//org.apache.hadoop.ipc.CallQueueManager.take(CallQueueManager.java:370)
        at app//org.apache.hadoop.ipc.Server$Handler.run(Server.java:3165)
"eb965ba7-12a8-46f3-92c0-bc6ff5b3bf3b-ChunkWriter-1-0" daemon prio=5 tid=1021 in Object.wait()
java.lang.Thread.State: WAITING (on object monitor)
        at java.base@21.0.6/jdk.internal.misc.Unsafe.park(Native Method)
        at java.base@21.0.6/java.util.concurrent.locks.LockSupport.park(LockSupport.java:371)
        at java.base@21.0.6/java.util.concurrent.locks.AbstractQueuedSynchronizer$ConditionNode.block(AbstractQueuedSynchronizer.java:519)
        at java.base@21.0.6/java.util.concurrent.ForkJoinPool.unmanagedBlock(ForkJoinPool.java:3780)
        at java.base@21.0.6/java.util.concurrent.ForkJoinPool.managedBlock(ForkJoinPool.java:3725)
        at java.base@21.0.6/java.util.concurrent.locks.AbstractQueuedSynchronizer$ConditionObject.await(AbstractQueuedSynchronizer.java:1712)
        at java.base@21.0.6/java.util.concurrent.LinkedBlockingDeque.takeFirst(LinkedBlockingDeque.java:485)
        at java.base@21.0.6/java.util.concurrent.LinkedBlockingDeque.take(LinkedBlockingDeque.java:673)
        at java.base@21.0.6/java.util.concurrent.ThreadPoolExecutor.getTask(ThreadPoolExecutor.java:1070)
        at java.base@21.0.6/java.util.concurrent.ThreadPoolExecutor.runWorker(ThreadPoolExecutor.java:1130)
        at java.base@21.0.6/java.util.concurrent.ThreadPoolExecutor$Worker.run(ThreadPoolExecutor.java:642)
        at java.base@21.0.6/java.lang.Thread.runWith(Thread.java:1596)
        at java.base@21.0.6/java.lang.Thread.run(Thread.java:1583)
"IPC Server handler 4 on default port 15039" daemon prio=5 tid=685 timed_waiting
java.lang.Thread.State: TIMED_WAITING
        at java.base@21.0.6/jdk.internal.misc.Unsafe.park(Native Method)
        at java.base@21.0.6/java.util.concurrent.locks.LockSupport.parkNanos(LockSupport.java:269)
        at java.base@21.0.6/java.util.concurrent.locks.AbstractQueuedSynchronizer$ConditionObject.awaitNanos(AbstractQueuedSynchronizer.java:1763)
        at java.base@21.0.6/java.util.concurrent.LinkedBlockingQueue.poll(LinkedBlockingQueue.java:460)
        at app//org.apache.hadoop.ipc.CallQueueManager.take(CallQueueManager.java:370)
        at app//org.apache.hadoop.ipc.Server$Handler.run(Server.java:3165)
"IPC Server handler 4 on default port 15057" daemon prio=5 tid=777 timed_waiting
java.lang.Thread.State: TIMED_WAITING
        at java.base@21.0.6/jdk.internal.misc.Unsafe.park(Native Method)
        at java.base@21.0.6/java.util.concurrent.locks.LockSupport.parkNanos(LockSupport.java:269)
        at java.base@21.0.6/java.util.concurrent.locks.AbstractQueuedSynchronizer$ConditionObject.awaitNanos(AbstractQueuedSynchronizer.java:1763)
        at java.base@21.0.6/java.util.concurrent.LinkedBlockingQueue.poll(LinkedBlockingQueue.java:460)
        at app//org.apache.hadoop.ipc.CallQueueManager.take(CallQueueManager.java:370)
        at app//org.apache.hadoop.ipc.Server$Handler.run(Server.java:3165)
"25fe7083-9332-4190-accf-9f4542114dd9-DatanodeStateMachineTaskThread-0"  prio=5 tid=1943 in Object.wait()
java.lang.Thread.State: WAITING (on object monitor)
        at java.base@21.0.6/jdk.internal.misc.Unsafe.park(Native Method)
        at java.base@21.0.6/java.util.concurrent.locks.LockSupport.park(LockSupport.java:371)
        at java.base@21.0.6/java.util.concurrent.locks.AbstractQueuedSynchronizer$ConditionNode.block(AbstractQueuedSynchronizer.java:519)
        at java.base@21.0.6/java.util.concurrent.ForkJoinPool.unmanagedBlock(ForkJoinPool.java:3780)
        at java.base@21.0.6/java.util.concurrent.ForkJoinPool.managedBlock(ForkJoinPool.java:3725)
        at java.base@21.0.6/java.util.concurrent.locks.AbstractQueuedSynchronizer$ConditionObject.await(AbstractQueuedSynchronizer.java:1712)
        at java.base@21.0.6/java.util.concurrent.LinkedBlockingQueue.take(LinkedBlockingQueue.java:435)
        at java.base@21.0.6/java.util.concurrent.ThreadPoolExecutor.getTask(ThreadPoolExecutor.java:1070)
        at java.base@21.0.6/java.util.concurrent.ThreadPoolExecutor.runWorker(ThreadPoolExecutor.java:1130)
        at java.base@21.0.6/java.util.concurrent.ThreadPoolExecutor$Worker.run(ThreadPoolExecutor.java:642)
        at java.base@21.0.6/java.lang.Thread.runWith(Thread.java:1596)
        at java.base@21.0.6/java.lang.Thread.run(Thread.java:1583)
"IPC Server Responder" daemon prio=5 tid=95 runnable
java.lang.Thread.State: RUNNABLE
        at java.base@21.0.6/sun.nio.ch.EPoll.wait(Native Method)
        at java.base@21.0.6/sun.nio.ch.EPollSelectorImpl.doSelect(EPollSelectorImpl.java:121)
        at java.base@21.0.6/sun.nio.ch.SelectorImpl.lockAndDoSelect(SelectorImpl.java:130)
        at java.base@21.0.6/sun.nio.ch.SelectorImpl.select(SelectorImpl.java:142)
        at app//org.apache.hadoop.ipc.Server$Responder.doRunLoop(Server.java:1733)
        at app//org.apache.hadoop.ipc.Server$Responder.run(Server.java:1716)
"IPC Server handler 31 on default port 15002" daemon prio=5 tid=363 timed_waiting
java.lang.Thread.State: TIMED_WAITING
        at java.base@21.0.6/jdk.internal.misc.Unsafe.park(Native Method)
        at java.base@21.0.6/java.util.concurrent.locks.LockSupport.parkNanos(LockSupport.java:269)
        at java.base@21.0.6/java.util.concurrent.locks.AbstractQueuedSynchronizer$ConditionObject.awaitNanos(AbstractQueuedSynchronizer.java:1763)
        at java.base@21.0.6/java.util.concurrent.LinkedBlockingQueue.poll(LinkedBlockingQueue.java:460)
        at app//org.apache.hadoop.ipc.CallQueueManager.take(CallQueueManager.java:370)
        at app//org.apache.hadoop.ipc.Server$Handler.run(Server.java:3165)
"qtp1315138370-755" daemon prio=5 tid=755 timed_waiting
java.lang.Thread.State: TIMED_WAITING
        at java.base@21.0.6/jdk.internal.misc.Unsafe.park(Native Method)
        at java.base@21.0.6/java.util.concurrent.locks.LockSupport.parkNanos(LockSupport.java:269)
        at java.base@21.0.6/java.util.concurrent.locks.AbstractQueuedSynchronizer$ConditionObject.awaitNanos(AbstractQueuedSynchronizer.java:1763)
        at app//org.eclipse.jetty.util.BlockingArrayQueue.poll(BlockingArrayQueue.java:382)
        at app//org.eclipse.jetty.util.thread.QueuedThreadPool$Runner.idleJobPoll(QueuedThreadPool.java:974)
        at app//org.eclipse.jetty.util.thread.QueuedThreadPool$Runner.run(QueuedThreadPool.java:1018)
        at java.base@21.0.6/java.lang.Thread.runWith(Thread.java:1596)
        at java.base@21.0.6/java.lang.Thread.run(Thread.java:1583)
"2fdf8a61-8d2a-4048-aa8e-d82d5837d34a-BlockDeletingService#1" daemon prio=5 tid=1082 in Object.wait()
java.lang.Thread.State: WAITING (on object monitor)
        at java.base@21.0.6/jdk.internal.misc.Unsafe.park(Native Method)
        at java.base@21.0.6/java.util.concurrent.locks.LockSupport.park(LockSupport.java:371)
        at java.base@21.0.6/java.util.concurrent.locks.AbstractQueuedSynchronizer$ConditionNode.block(AbstractQueuedSynchronizer.java:519)
        at java.base@21.0.6/java.util.concurrent.ForkJoinPool.unmanagedBlock(ForkJoinPool.java:3780)
        at java.base@21.0.6/java.util.concurrent.ForkJoinPool.managedBlock(ForkJoinPool.java:3725)
        at java.base@21.0.6/java.util.concurrent.locks.AbstractQueuedSynchronizer$ConditionObject.await(AbstractQueuedSynchronizer.java:1712)
        at java.base@21.0.6/java.util.concurrent.ScheduledThreadPoolExecutor$DelayedWorkQueue.take(ScheduledThreadPoolExecutor.java:1177)
        at java.base@21.0.6/java.util.concurrent.ScheduledThreadPoolExecutor$DelayedWorkQueue.take(ScheduledThreadPoolExecutor.java:899)
        at java.base@21.0.6/java.util.concurrent.ThreadPoolExecutor.getTask(ThreadPoolExecutor.java:1070)
        at java.base@21.0.6/java.util.concurrent.ThreadPoolExecutor.runWorker(ThreadPoolExecutor.java:1130)
        at java.base@21.0.6/java.util.concurrent.ThreadPoolExecutor$Worker.run(ThreadPoolExecutor.java:642)
        at java.base@21.0.6/java.lang.Thread.runWith(Thread.java:1596)
        at java.base@21.0.6/java.lang.Thread.run(Thread.java:1583)
"2fdf8a61-8d2a-4048-aa8e-d82d5837d34a@group-4434D0010B67-StateMachineUpdater" daemon prio=5 tid=2364 timed_waiting
java.lang.Thread.State: TIMED_WAITING
        at java.base@21.0.6/jdk.internal.misc.Unsafe.park(Native Method)
        at java.base@21.0.6/java.util.concurrent.locks.LockSupport.parkNanos(LockSupport.java:269)
        at java.base@21.0.6/java.util.concurrent.locks.AbstractQueuedSynchronizer$ConditionObject.await(AbstractQueuedSynchronizer.java:1852)
        at app//org.apache.ratis.util.AwaitForSignal.await(AwaitForSignal.java:65)
        at app//org.apache.ratis.server.impl.StateMachineUpdater.waitForCommit(StateMachineUpdater.java:219)
        at app//org.apache.ratis.server.impl.StateMachineUpdater.run(StateMachineUpdater.java:187)
        at java.base@21.0.6/java.lang.Thread.runWith(Thread.java:1596)
        at java.base@21.0.6/java.lang.Thread.run(Thread.java:1583)
"qtp1616906553-710" daemon prio=5 tid=710 timed_waiting
java.lang.Thread.State: TIMED_WAITING
        at java.base@21.0.6/jdk.internal.misc.Unsafe.park(Native Method)
        at java.base@21.0.6/java.util.concurrent.locks.LockSupport.parkNanos(LockSupport.java:269)
        at java.base@21.0.6/java.util.concurrent.locks.AbstractQueuedSynchronizer$ConditionObject.awaitNanos(AbstractQueuedSynchronizer.java:1763)
        at app//org.eclipse.jetty.util.BlockingArrayQueue.poll(BlockingArrayQueue.java:382)
        at app//org.eclipse.jetty.util.thread.QueuedThreadPool$Runner.idleJobPoll(QueuedThreadPool.java:974)
        at app//org.eclipse.jetty.util.thread.QueuedThreadPool$Runner.run(QueuedThreadPool.java:1018)
        at java.base@21.0.6/java.lang.Thread.runWith(Thread.java:1596)
        at java.base@21.0.6/java.lang.Thread.run(Thread.java:1583)
"grpc-default-executor-8" daemon prio=5 tid=1706 timed_waiting
java.lang.Thread.State: TIMED_WAITING
        at java.base@21.0.6/jdk.internal.misc.Unsafe.park(Native Method)
        at java.base@21.0.6/java.util.concurrent.locks.LockSupport.parkNanos(LockSupport.java:410)
        at java.base@21.0.6/java.util.concurrent.LinkedTransferQueue$DualNode.await(LinkedTransferQueue.java:452)
        at java.base@21.0.6/java.util.concurrent.SynchronousQueue$Transferer.xferLifo(SynchronousQueue.java:194)
        at java.base@21.0.6/java.util.concurrent.SynchronousQueue.xfer(SynchronousQueue.java:235)
        at java.base@21.0.6/java.util.concurrent.SynchronousQueue.poll(SynchronousQueue.java:338)
        at java.base@21.0.6/java.util.concurrent.ThreadPoolExecutor.getTask(ThreadPoolExecutor.java:1069)
        at java.base@21.0.6/java.util.concurrent.ThreadPoolExecutor.runWorker(ThreadPoolExecutor.java:1130)
        at java.base@21.0.6/java.util.concurrent.ThreadPoolExecutor$Worker.run(ThreadPoolExecutor.java:642)
        at java.base@21.0.6/java.lang.Thread.runWith(Thread.java:1596)
        at java.base@21.0.6/java.lang.Thread.run(Thread.java:1583)
"qtp2029305492-611" daemon prio=5 tid=611 timed_waiting
java.lang.Thread.State: TIMED_WAITING
        at java.base@21.0.6/jdk.internal.misc.Unsafe.park(Native Method)
        at java.base@21.0.6/java.util.concurrent.locks.LockSupport.parkNanos(LockSupport.java:269)
        at java.base@21.0.6/java.util.concurrent.locks.AbstractQueuedSynchronizer$ConditionObject.awaitNanos(AbstractQueuedSynchronizer.java:1763)
        at app//org.eclipse.jetty.util.BlockingArrayQueue.poll(BlockingArrayQueue.java:382)
        at app//org.eclipse.jetty.util.thread.QueuedThreadPool$Runner.idleJobPoll(QueuedThreadPool.java:974)
        at app//org.eclipse.jetty.util.thread.QueuedThreadPool$Runner.run(QueuedThreadPool.java:1018)
        at java.base@21.0.6/java.lang.Thread.runWith(Thread.java:1596)
        at java.base@21.0.6/java.lang.Thread.run(Thread.java:1583)
"IPC Server handler 61 on default port 15000" daemon prio=5 tid=175 timed_waiting
java.lang.Thread.State: TIMED_WAITING
        at java.base@21.0.6/jdk.internal.misc.Unsafe.park(Native Method)
        at java.base@21.0.6/java.util.concurrent.locks.LockSupport.parkNanos(LockSupport.java:269)
        at java.base@21.0.6/java.util.concurrent.locks.AbstractQueuedSynchronizer$ConditionObject.awaitNanos(AbstractQueuedSynchronizer.java:1763)
        at java.base@21.0.6/java.util.concurrent.LinkedBlockingQueue.poll(LinkedBlockingQueue.java:460)
        at app//org.apache.hadoop.ipc.CallQueueManager.take(CallQueueManager.java:370)
        at app//org.apache.hadoop.ipc.Server$Handler.run(Server.java:3165)
"IPC Server handler 15 on default port 15002" daemon prio=5 tid=347 timed_waiting
java.lang.Thread.State: TIMED_WAITING
        at java.base@21.0.6/jdk.internal.misc.Unsafe.park(Native Method)
        at java.base@21.0.6/java.util.concurrent.locks.LockSupport.parkNanos(LockSupport.java:269)
        at java.base@21.0.6/java.util.concurrent.locks.AbstractQueuedSynchronizer$ConditionObject.awaitNanos(AbstractQueuedSynchronizer.java:1763)
        at java.base@21.0.6/java.util.concurrent.LinkedBlockingQueue.poll(LinkedBlockingQueue.java:460)
        at app//org.apache.hadoop.ipc.CallQueueManager.take(CallQueueManager.java:370)
        at app//org.apache.hadoop.ipc.Server$Handler.run(Server.java:3165)
"25fe7083-9332-4190-accf-9f4542114dd9@group-B5B4EE72DAEF->6b36f32d-918c-46a3-bfcb-888cb423c6dd-GrpcLogAppender-LogAppenderDaemon" daemon prio=5 tid=2260 timed_waiting
java.lang.Thread.State: TIMED_WAITING
        at java.base@21.0.6/jdk.internal.misc.Unsafe.park(Native Method)
        at java.base@21.0.6/java.util.concurrent.locks.LockSupport.parkNanos(LockSupport.java:269)
        at java.base@21.0.6/java.util.concurrent.locks.AbstractQueuedSynchronizer$ConditionObject.await(AbstractQueuedSynchronizer.java:1852)
        at app//org.apache.ratis.util.AwaitForSignal.await(AwaitForSignal.java:65)
        at app//org.apache.ratis.grpc.server.GrpcLogAppender.mayWait(GrpcLogAppender.java:290)
        at app//org.apache.ratis.grpc.server.GrpcLogAppender.run(GrpcLogAppender.java:258)
        at app//org.apache.ratis.server.leader.LogAppenderDaemon.run(LogAppenderDaemon.java:80)
        at app//org.apache.ratis.server.leader.LogAppenderDaemon$$Lambda/0x00007f7e9c91a108.run(Unknown Source)
        at java.base@21.0.6/java.lang.Thread.runWith(Thread.java:1596)
        at java.base@21.0.6/java.lang.Thread.run(Thread.java:1583)
"49dd84ae-7ec9-4d92-bc53-345946144fea@group-7BEF1D680E9B-StateMachineUpdater" daemon prio=5 tid=2322 timed_waiting
java.lang.Thread.State: TIMED_WAITING
        at java.base@21.0.6/jdk.internal.misc.Unsafe.park(Native Method)
        at java.base@21.0.6/java.util.concurrent.locks.LockSupport.parkNanos(LockSupport.java:269)
        at java.base@21.0.6/java.util.concurrent.locks.AbstractQueuedSynchronizer$ConditionObject.await(AbstractQueuedSynchronizer.java:1852)
        at app//org.apache.ratis.util.AwaitForSignal.await(AwaitForSignal.java:65)
        at app//org.apache.ratis.server.impl.StateMachineUpdater.waitForCommit(StateMachineUpdater.java:219)
        at app//org.apache.ratis.server.impl.StateMachineUpdater.run(StateMachineUpdater.java:187)
        at java.base@21.0.6/java.lang.Thread.runWith(Thread.java:1596)
        at java.base@21.0.6/java.lang.Thread.run(Thread.java:1583)
"IPC Server Responder" daemon prio=5 tid=1925 runnable
java.lang.Thread.State: RUNNABLE
        at java.base@21.0.6/sun.nio.ch.EPoll.wait(Native Method)
        at java.base@21.0.6/sun.nio.ch.EPollSelectorImpl.doSelect(EPollSelectorImpl.java:121)
        at java.base@21.0.6/sun.nio.ch.SelectorImpl.lockAndDoSelect(SelectorImpl.java:130)
        at java.base@21.0.6/sun.nio.ch.SelectorImpl.select(SelectorImpl.java:142)
        at app//org.apache.hadoop.ipc.Server$Responder.doRunLoop(Server.java:1733)
        at app//org.apache.hadoop.ipc.Server$Responder.run(Server.java:1716)
"IPC Server handler 79 on default port 15000" daemon prio=5 tid=193 timed_waiting
java.lang.Thread.State: TIMED_WAITING
        at java.base@21.0.6/jdk.internal.misc.Unsafe.park(Native Method)
        at java.base@21.0.6/java.util.concurrent.locks.LockSupport.parkNanos(LockSupport.java:269)
        at java.base@21.0.6/java.util.concurrent.locks.AbstractQueuedSynchronizer$ConditionObject.awaitNanos(AbstractQueuedSynchronizer.java:1763)
        at java.base@21.0.6/java.util.concurrent.LinkedBlockingQueue.poll(LinkedBlockingQueue.java:460)
        at app//org.apache.hadoop.ipc.CallQueueManager.take(CallQueueManager.java:370)
        at app//org.apache.hadoop.ipc.Server$Handler.run(Server.java:3165)
"IPC Server handler 8 on default port 15075" daemon prio=5 tid=873 timed_waiting
java.lang.Thread.State: TIMED_WAITING
        at java.base@21.0.6/jdk.internal.misc.Unsafe.park(Native Method)
        at java.base@21.0.6/java.util.concurrent.locks.LockSupport.parkNanos(LockSupport.java:269)
        at java.base@21.0.6/java.util.concurrent.locks.AbstractQueuedSynchronizer$ConditionObject.awaitNanos(AbstractQueuedSynchronizer.java:1763)
        at java.base@21.0.6/java.util.concurrent.LinkedBlockingQueue.poll(LinkedBlockingQueue.java:460)
        at app//org.apache.hadoop.ipc.CallQueueManager.take(CallQueueManager.java:370)
        at app//org.apache.hadoop.ipc.Server$Handler.run(Server.java:3165)
"org.apache.hadoop.ozone.container.common.statemachine.commandhandler.DeleteBlocksCommandHandler$DeleteCmdWorker@62f9a2b" daemon prio=5 tid=794 timed_waiting
java.lang.Thread.State: TIMED_WAITING
        at java.base@21.0.6/java.lang.Thread.sleep0(Native Method)
        at java.base@21.0.6/java.lang.Thread.sleep(Thread.java:509)
        at app//org.apache.hadoop.ozone.container.common.statemachine.commandhandler.DeleteBlocksCommandHandler$DeleteCmdWorker.run(DeleteBlocksCommandHandler.java:255)
        at java.base@21.0.6/java.lang.Thread.runWith(Thread.java:1596)
        at java.base@21.0.6/java.lang.Thread.run(Thread.java:1583)
"IPC Server listener on 15093" daemon prio=5 tid=943 runnable
java.lang.Thread.State: RUNNABLE
        at java.base@21.0.6/sun.nio.ch.EPoll.wait(Native Method)
        at java.base@21.0.6/sun.nio.ch.EPollSelectorImpl.doSelect(EPollSelectorImpl.java:121)
        at java.base@21.0.6/sun.nio.ch.SelectorImpl.lockAndDoSelect(SelectorImpl.java:130)
        at java.base@21.0.6/sun.nio.ch.SelectorImpl.select(SelectorImpl.java:147)
        at app//org.apache.hadoop.ipc.Server$Listener.run(Server.java:1559)
"IPC Server handler 4 on default port 15030" daemon prio=5 tid=639 timed_waiting
java.lang.Thread.State: TIMED_WAITING
        at java.base@21.0.6/jdk.internal.misc.Unsafe.park(Native Method)
        at java.base@21.0.6/java.util.concurrent.locks.LockSupport.parkNanos(LockSupport.java:269)
        at java.base@21.0.6/java.util.concurrent.locks.AbstractQueuedSynchronizer$ConditionObject.awaitNanos(AbstractQueuedSynchronizer.java:1763)
        at java.base@21.0.6/java.util.concurrent.LinkedBlockingQueue.poll(LinkedBlockingQueue.java:460)
        at app//org.apache.hadoop.ipc.CallQueueManager.take(CallQueueManager.java:370)
        at app//org.apache.hadoop.ipc.Server$Handler.run(Server.java:3165)
"StaleRecoveringContainerScrubbingService#3" daemon prio=5 tid=2177 in Object.wait()
java.lang.Thread.State: WAITING (on object monitor)
        at java.base@21.0.6/jdk.internal.misc.Unsafe.park(Native Method)
        at java.base@21.0.6/java.util.concurrent.locks.LockSupport.park(LockSupport.java:371)
        at java.base@21.0.6/java.util.concurrent.locks.AbstractQueuedSynchronizer$ConditionNode.block(AbstractQueuedSynchronizer.java:519)
        at java.base@21.0.6/java.util.concurrent.ForkJoinPool.unmanagedBlock(ForkJoinPool.java:3780)
        at java.base@21.0.6/java.util.concurrent.ForkJoinPool.managedBlock(ForkJoinPool.java:3725)
        at java.base@21.0.6/java.util.concurrent.locks.AbstractQueuedSynchronizer$ConditionObject.await(AbstractQueuedSynchronizer.java:1712)
        at java.base@21.0.6/java.util.concurrent.ScheduledThreadPoolExecutor$DelayedWorkQueue.take(ScheduledThreadPoolExecutor.java:1177)
        at java.base@21.0.6/java.util.concurrent.ScheduledThreadPoolExecutor$DelayedWorkQueue.take(ScheduledThreadPoolExecutor.java:899)
        at java.base@21.0.6/java.util.concurrent.ThreadPoolExecutor.getTask(ThreadPoolExecutor.java:1070)
        at java.base@21.0.6/java.util.concurrent.ThreadPoolExecutor.runWorker(ThreadPoolExecutor.java:1130)
        at java.base@21.0.6/java.util.concurrent.ThreadPoolExecutor$Worker.run(ThreadPoolExecutor.java:642)
        at java.base@21.0.6/java.lang.Thread.runWith(Thread.java:1596)
        at java.base@21.0.6/java.lang.Thread.run(Thread.java:1583)
"Socket Reader #5 for port 15021"  prio=5 tid=578 runnable
java.lang.Thread.State: RUNNABLE
        at java.base@21.0.6/sun.nio.ch.EPoll.wait(Native Method)
        at java.base@21.0.6/sun.nio.ch.EPollSelectorImpl.doSelect(EPollSelectorImpl.java:121)
        at java.base@21.0.6/sun.nio.ch.SelectorImpl.lockAndDoSelect(SelectorImpl.java:130)
        at java.base@21.0.6/sun.nio.ch.SelectorImpl.select(SelectorImpl.java:147)
        at app//org.apache.hadoop.ipc.Server$Listener$Reader.doRunLoop(Server.java:1497)
        at app//org.apache.hadoop.ipc.Server$Listener$Reader.run(Server.java:1476)
"IPC Server handler 9 on default port 15012" daemon prio=5 tid=2284 timed_waiting
java.lang.Thread.State: TIMED_WAITING
        at java.base@21.0.6/jdk.internal.misc.Unsafe.park(Native Method)
        at java.base@21.0.6/java.util.concurrent.locks.LockSupport.parkNanos(LockSupport.java:269)
        at java.base@21.0.6/java.util.concurrent.locks.AbstractQueuedSynchronizer$ConditionObject.awaitNanos(AbstractQueuedSynchronizer.java:1763)
        at java.base@21.0.6/java.util.concurrent.LinkedBlockingQueue.poll(LinkedBlockingQueue.java:460)
        at app//org.apache.hadoop.ipc.CallQueueManager.take(CallQueueManager.java:370)
        at app//org.apache.hadoop.ipc.Server$Handler.run(Server.java:3165)
"IPC Server handler 8 on default port 15030" daemon prio=5 tid=643 timed_waiting
java.lang.Thread.State: TIMED_WAITING
        at java.base@21.0.6/jdk.internal.misc.Unsafe.park(Native Method)
        at java.base@21.0.6/java.util.concurrent.locks.LockSupport.parkNanos(LockSupport.java:269)
        at java.base@21.0.6/java.util.concurrent.locks.AbstractQueuedSynchronizer$ConditionObject.awaitNanos(AbstractQueuedSynchronizer.java:1763)
        at java.base@21.0.6/java.util.concurrent.LinkedBlockingQueue.poll(LinkedBlockingQueue.java:460)
        at app//org.apache.hadoop.ipc.CallQueueManager.take(CallQueueManager.java:370)
        at app//org.apache.hadoop.ipc.Server$Handler.run(Server.java:3165)
"2dcfdddc-a76f-4d49-b174-7a2bddacee37-ChunkWriter-0-0" daemon prio=5 tid=1038 in Object.wait()
java.lang.Thread.State: WAITING (on object monitor)
        at java.base@21.0.6/jdk.internal.misc.Unsafe.park(Native Method)
        at java.base@21.0.6/java.util.concurrent.locks.LockSupport.park(LockSupport.java:371)
        at java.base@21.0.6/java.util.concurrent.locks.AbstractQueuedSynchronizer$ConditionNode.block(AbstractQueuedSynchronizer.java:519)
        at java.base@21.0.6/java.util.concurrent.ForkJoinPool.unmanagedBlock(ForkJoinPool.java:3780)
        at java.base@21.0.6/java.util.concurrent.ForkJoinPool.managedBlock(ForkJoinPool.java:3725)
        at java.base@21.0.6/java.util.concurrent.locks.AbstractQueuedSynchronizer$ConditionObject.await(AbstractQueuedSynchronizer.java:1712)
        at java.base@21.0.6/java.util.concurrent.LinkedBlockingDeque.takeFirst(LinkedBlockingDeque.java:485)
        at java.base@21.0.6/java.util.concurrent.LinkedBlockingDeque.take(LinkedBlockingDeque.java:673)
        at java.base@21.0.6/java.util.concurrent.ThreadPoolExecutor.getTask(ThreadPoolExecutor.java:1070)
        at java.base@21.0.6/java.util.concurrent.ThreadPoolExecutor.runWorker(ThreadPoolExecutor.java:1130)
        at java.base@21.0.6/java.util.concurrent.ThreadPoolExecutor$Worker.run(ThreadPoolExecutor.java:642)
        at java.base@21.0.6/java.lang.Thread.runWith(Thread.java:1596)
        at java.base@21.0.6/java.lang.Thread.run(Thread.java:1583)
"eb965ba7-12a8-46f3-92c0-bc6ff5b3bf3b-PeriodicHDDSVolumeChecker" daemon prio=5 tid=1015 timed_waiting
java.lang.Thread.State: TIMED_WAITING
        at java.base@21.0.6/jdk.internal.misc.Unsafe.park(Native Method)
        at java.base@21.0.6/java.util.concurrent.locks.LockSupport.parkNanos(LockSupport.java:269)
        at java.base@21.0.6/java.util.concurrent.locks.AbstractQueuedSynchronizer$ConditionObject.awaitNanos(AbstractQueuedSynchronizer.java:1763)
        at java.base@21.0.6/java.util.concurrent.ScheduledThreadPoolExecutor$DelayedWorkQueue.take(ScheduledThreadPoolExecutor.java:1182)
        at java.base@21.0.6/java.util.concurrent.ScheduledThreadPoolExecutor$DelayedWorkQueue.take(ScheduledThreadPoolExecutor.java:899)
        at java.base@21.0.6/java.util.concurrent.ThreadPoolExecutor.getTask(ThreadPoolExecutor.java:1070)
        at java.base@21.0.6/java.util.concurrent.ThreadPoolExecutor.runWorker(ThreadPoolExecutor.java:1130)
        at java.base@21.0.6/java.util.concurrent.ThreadPoolExecutor$Worker.run(ThreadPoolExecutor.java:642)
        at java.base@21.0.6/java.lang.Thread.runWith(Thread.java:1596)
        at java.base@21.0.6/java.lang.Thread.run(Thread.java:1583)
"46d11c6d-db9b-44c9-8985-212dd9cf6636-DatanodeReportManager-2" daemon prio=5 tid=832 timed_waiting
java.lang.Thread.State: TIMED_WAITING
        at java.base@21.0.6/jdk.internal.misc.Unsafe.park(Native Method)
        at java.base@21.0.6/java.util.concurrent.locks.LockSupport.parkNanos(LockSupport.java:269)
        at java.base@21.0.6/java.util.concurrent.locks.AbstractQueuedSynchronizer$ConditionObject.awaitNanos(AbstractQueuedSynchronizer.java:1763)
        at java.base@21.0.6/java.util.concurrent.ScheduledThreadPoolExecutor$DelayedWorkQueue.take(ScheduledThreadPoolExecutor.java:1182)
        at java.base@21.0.6/java.util.concurrent.ScheduledThreadPoolExecutor$DelayedWorkQueue.take(ScheduledThreadPoolExecutor.java:899)
        at java.base@21.0.6/java.util.concurrent.ThreadPoolExecutor.getTask(ThreadPoolExecutor.java:1070)
        at java.base@21.0.6/java.util.concurrent.ThreadPoolExecutor.runWorker(ThreadPoolExecutor.java:1130)
        at java.base@21.0.6/java.util.concurrent.ThreadPoolExecutor$Worker.run(ThreadPoolExecutor.java:642)
        at java.base@21.0.6/java.lang.Thread.runWith(Thread.java:1596)
        at java.base@21.0.6/java.lang.Thread.run(Thread.java:1583)
"IPC Server handler 86 on default port 15002" daemon prio=5 tid=418 timed_waiting
java.lang.Thread.State: TIMED_WAITING
        at java.base@21.0.6/jdk.internal.misc.Unsafe.park(Native Method)
        at java.base@21.0.6/java.util.concurrent.locks.LockSupport.parkNanos(LockSupport.java:269)
        at java.base@21.0.6/java.util.concurrent.locks.AbstractQueuedSynchronizer$ConditionObject.awaitNanos(AbstractQueuedSynchronizer.java:1763)
        at java.base@21.0.6/java.util.concurrent.LinkedBlockingQueue.poll(LinkedBlockingQueue.java:460)
        at app//org.apache.hadoop.ipc.CallQueueManager.take(CallQueueManager.java:370)
        at app//org.apache.hadoop.ipc.Server$Handler.run(Server.java:3165)
"42086d8c-c943-47d6-a5f9-799709872375-DatanodeReportManager-2" daemon prio=5 tid=740 in Object.wait()
java.lang.Thread.State: WAITING (on object monitor)
        at java.base@21.0.6/jdk.internal.misc.Unsafe.park(Native Method)
        at java.base@21.0.6/java.util.concurrent.locks.LockSupport.park(LockSupport.java:371)
        at java.base@21.0.6/java.util.concurrent.locks.AbstractQueuedSynchronizer$ConditionNode.block(AbstractQueuedSynchronizer.java:519)
        at java.base@21.0.6/java.util.concurrent.ForkJoinPool.unmanagedBlock(ForkJoinPool.java:3780)
        at java.base@21.0.6/java.util.concurrent.ForkJoinPool.managedBlock(ForkJoinPool.java:3725)
        at java.base@21.0.6/java.util.concurrent.locks.AbstractQueuedSynchronizer$ConditionObject.await(AbstractQueuedSynchronizer.java:1712)
        at java.base@21.0.6/java.util.concurrent.ScheduledThreadPoolExecutor$DelayedWorkQueue.take(ScheduledThreadPoolExecutor.java:1177)
        at java.base@21.0.6/java.util.concurrent.ScheduledThreadPoolExecutor$DelayedWorkQueue.take(ScheduledThreadPoolExecutor.java:899)
        at java.base@21.0.6/java.util.concurrent.ThreadPoolExecutor.getTask(ThreadPoolExecutor.java:1070)
        at java.base@21.0.6/java.util.concurrent.ThreadPoolExecutor.runWorker(ThreadPoolExecutor.java:1130)
        at java.base@21.0.6/java.util.concurrent.ThreadPoolExecutor$Worker.run(ThreadPoolExecutor.java:642)
        at java.base@21.0.6/java.lang.Thread.runWith(Thread.java:1596)
        at java.base@21.0.6/java.lang.Thread.run(Thread.java:1583)
"Socket Reader #8 for port 15093"  prio=5 tid=951 runnable
java.lang.Thread.State: RUNNABLE
        at java.base@21.0.6/sun.nio.ch.EPoll.wait(Native Method)
        at java.base@21.0.6/sun.nio.ch.EPollSelectorImpl.doSelect(EPollSelectorImpl.java:121)
        at java.base@21.0.6/sun.nio.ch.SelectorImpl.lockAndDoSelect(SelectorImpl.java:130)
        at java.base@21.0.6/sun.nio.ch.SelectorImpl.select(SelectorImpl.java:147)
        at app//org.apache.hadoop.ipc.Server$Listener$Reader.doRunLoop(Server.java:1497)
        at app//org.apache.hadoop.ipc.Server$Listener$Reader.run(Server.java:1476)
"IPC Server handler 93 on default port 15000" daemon prio=5 tid=207 timed_waiting
java.lang.Thread.State: TIMED_WAITING
        at java.base@21.0.6/jdk.internal.misc.Unsafe.park(Native Method)
        at java.base@21.0.6/java.util.concurrent.locks.LockSupport.parkNanos(LockSupport.java:269)
        at java.base@21.0.6/java.util.concurrent.locks.AbstractQueuedSynchronizer$ConditionObject.awaitNanos(AbstractQueuedSynchronizer.java:1763)
        at java.base@21.0.6/java.util.concurrent.LinkedBlockingQueue.poll(LinkedBlockingQueue.java:460)
        at app//org.apache.hadoop.ipc.CallQueueManager.take(CallQueueManager.java:370)
        at app//org.apache.hadoop.ipc.Server$Handler.run(Server.java:3165)
"Socket Reader #1 for port 15030"  prio=5 tid=622 runnable
java.lang.Thread.State: RUNNABLE
        at java.base@21.0.6/sun.nio.ch.EPoll.wait(Native Method)
        at java.base@21.0.6/sun.nio.ch.EPollSelectorImpl.doSelect(EPollSelectorImpl.java:121)
        at java.base@21.0.6/sun.nio.ch.SelectorImpl.lockAndDoSelect(SelectorImpl.java:130)
        at java.base@21.0.6/sun.nio.ch.SelectorImpl.select(SelectorImpl.java:147)
        at app//org.apache.hadoop.ipc.Server$Listener$Reader.doRunLoop(Server.java:1497)
        at app//org.apache.hadoop.ipc.Server$Listener$Reader.run(Server.java:1476)
"6b36f32d-918c-46a3-bfcb-888cb423c6dd@group-81341F4E2824-SegmentedRaftLogWorker"  prio=5 tid=1214 timed_waiting
java.lang.Thread.State: TIMED_WAITING
        at java.base@21.0.6/jdk.internal.misc.Unsafe.park(Native Method)
        at java.base@21.0.6/java.util.concurrent.locks.LockSupport.parkNanos(LockSupport.java:269)
        at java.base@21.0.6/java.util.concurrent.locks.AbstractQueuedSynchronizer$ConditionObject.awaitNanos(AbstractQueuedSynchronizer.java:1763)
        at app//org.apache.ratis.util.DataBlockingQueue.poll(DataBlockingQueue.java:148)
        at app//org.apache.ratis.server.raftlog.segmented.SegmentedRaftLogWorker.run(SegmentedRaftLogWorker.java:307)
        at app//org.apache.ratis.server.raftlog.segmented.SegmentedRaftLogWorker$$Lambda/0x00007f7e9c334fd8.run(Unknown Source)
        at java.base@21.0.6/java.util.concurrent.Executors$RunnableAdapter.call(Executors.java:572)
        at java.base@21.0.6/java.util.concurrent.FutureTask.run(FutureTask.java:317)
        at java.base@21.0.6/java.util.concurrent.ThreadPoolExecutor.runWorker(ThreadPoolExecutor.java:1144)
        at java.base@21.0.6/java.util.concurrent.ThreadPoolExecutor$Worker.run(ThreadPoolExecutor.java:642)
        at java.base@21.0.6/java.lang.Thread.runWith(Thread.java:1596)
        at java.base@21.0.6/java.lang.Thread.run(Thread.java:1583)
"StaleRecoveringContainerScrubbingService#2" daemon prio=5 tid=1816 in Object.wait()
java.lang.Thread.State: WAITING (on object monitor)
        at java.base@21.0.6/jdk.internal.misc.Unsafe.park(Native Method)
        at java.base@21.0.6/java.util.concurrent.locks.LockSupport.park(LockSupport.java:371)
        at java.base@21.0.6/java.util.concurrent.locks.AbstractQueuedSynchronizer$ConditionNode.block(AbstractQueuedSynchronizer.java:519)
        at java.base@21.0.6/java.util.concurrent.ForkJoinPool.unmanagedBlock(ForkJoinPool.java:3780)
        at java.base@21.0.6/java.util.concurrent.ForkJoinPool.managedBlock(ForkJoinPool.java:3725)
        at java.base@21.0.6/java.util.concurrent.locks.AbstractQueuedSynchronizer$ConditionObject.await(AbstractQueuedSynchronizer.java:1712)
        at java.base@21.0.6/java.util.concurrent.ScheduledThreadPoolExecutor$DelayedWorkQueue.take(ScheduledThreadPoolExecutor.java:1177)
        at java.base@21.0.6/java.util.concurrent.ScheduledThreadPoolExecutor$DelayedWorkQueue.take(ScheduledThreadPoolExecutor.java:899)
        at java.base@21.0.6/java.util.concurrent.ThreadPoolExecutor.getTask(ThreadPoolExecutor.java:1070)
        at java.base@21.0.6/java.util.concurrent.ThreadPoolExecutor.runWorker(ThreadPoolExecutor.java:1130)
        at java.base@21.0.6/java.util.concurrent.ThreadPoolExecutor$Worker.run(ThreadPoolExecutor.java:642)
        at java.base@21.0.6/java.lang.Thread.runWith(Thread.java:1596)
        at java.base@21.0.6/java.lang.Thread.run(Thread.java:1583)
"IPC Server handler 95 on default port 15000" daemon prio=5 tid=209 timed_waiting
java.lang.Thread.State: TIMED_WAITING
        at java.base@21.0.6/jdk.internal.misc.Unsafe.park(Native Method)
        at java.base@21.0.6/java.util.concurrent.locks.LockSupport.parkNanos(LockSupport.java:269)
        at java.base@21.0.6/java.util.concurrent.locks.AbstractQueuedSynchronizer$ConditionObject.awaitNanos(AbstractQueuedSynchronizer.java:1763)
        at java.base@21.0.6/java.util.concurrent.LinkedBlockingQueue.poll(LinkedBlockingQueue.java:460)
        at app//org.apache.hadoop.ipc.CallQueueManager.take(CallQueueManager.java:370)
        at app//org.apache.hadoop.ipc.Server$Handler.run(Server.java:3165)
"ContainerMetadataScanner" daemon prio=5 tid=1950 timed_waiting
java.lang.Thread.State: TIMED_WAITING
        at java.base@21.0.6/java.lang.Thread.sleep0(Native Method)
        at java.base@21.0.6/java.lang.Thread.sleep(Thread.java:509)
        at app//org.apache.hadoop.ozone.container.ozoneimpl.AbstractBackgroundContainerScanner.handleRemainingSleep(AbstractBackgroundContainerScanner.java:128)
        at app//org.apache.hadoop.ozone.container.ozoneimpl.AbstractBackgroundContainerScanner.runIteration(AbstractBackgroundContainerScanner.java:95)
        at app//org.apache.hadoop.ozone.container.ozoneimpl.AbstractBackgroundContainerScanner.run(AbstractBackgroundContainerScanner.java:54)
"eb965ba7-12a8-46f3-92c0-bc6ff5b3bf3b@group-4434D0010B67-FollowerState" daemon prio=5 tid=2403 timed_waiting
java.lang.Thread.State: TIMED_WAITING
        at java.base@21.0.6/java.lang.Thread.sleep0(Native Method)
        at java.base@21.0.6/java.lang.Thread.sleep(Thread.java:558)
        at java.base@21.0.6/java.util.concurrent.TimeUnit.sleep(TimeUnit.java:446)
        at app//org.apache.ratis.util.TimeDuration.sleep(TimeDuration.java:353)
        at app//org.apache.ratis.util.TimeDuration.sleep(TimeDuration.java:338)
        at app//org.apache.ratis.server.impl.FollowerState.runImpl(FollowerState.java:149)
        at app//org.apache.ratis.server.impl.FollowerState.run(FollowerState.java:130)
"42086d8c-c943-47d6-a5f9-799709872375-RocksDBCompactionThread-0"  prio=5 tid=699 timed_waiting
java.lang.Thread.State: TIMED_WAITING
        at java.base@21.0.6/jdk.internal.misc.Unsafe.park(Native Method)
        at java.base@21.0.6/java.util.concurrent.locks.LockSupport.parkNanos(LockSupport.java:269)
        at java.base@21.0.6/java.util.concurrent.locks.AbstractQueuedSynchronizer$ConditionObject.awaitNanos(AbstractQueuedSynchronizer.java:1763)
        at java.base@21.0.6/java.util.concurrent.ScheduledThreadPoolExecutor$DelayedWorkQueue.take(ScheduledThreadPoolExecutor.java:1182)
        at java.base@21.0.6/java.util.concurrent.ScheduledThreadPoolExecutor$DelayedWorkQueue.take(ScheduledThreadPoolExecutor.java:899)
        at java.base@21.0.6/java.util.concurrent.ThreadPoolExecutor.getTask(ThreadPoolExecutor.java:1070)
        at java.base@21.0.6/java.util.concurrent.ThreadPoolExecutor.runWorker(ThreadPoolExecutor.java:1130)
        at java.base@21.0.6/java.util.concurrent.ThreadPoolExecutor$Worker.run(ThreadPoolExecutor.java:642)
        at java.base@21.0.6/java.lang.Thread.runWith(Thread.java:1596)
        at java.base@21.0.6/java.lang.Thread.run(Thread.java:1583)
"qtp456552476-488" daemon prio=5 tid=488 timed_waiting
java.lang.Thread.State: TIMED_WAITING
        at java.base@21.0.6/jdk.internal.misc.Unsafe.park(Native Method)
        at java.base@21.0.6/java.util.concurrent.locks.LockSupport.parkNanos(LockSupport.java:269)
        at java.base@21.0.6/java.util.concurrent.locks.AbstractQueuedSynchronizer$ConditionObject.awaitNanos(AbstractQueuedSynchronizer.java:1763)
        at app//org.eclipse.jetty.util.BlockingArrayQueue.poll(BlockingArrayQueue.java:382)
        at app//org.eclipse.jetty.util.thread.QueuedThreadPool$Runner.idleJobPoll(QueuedThreadPool.java:974)
        at app//org.eclipse.jetty.util.thread.QueuedThreadPool$Runner.run(QueuedThreadPool.java:1018)
        at java.base@21.0.6/java.lang.Thread.runWith(Thread.java:1596)
        at java.base@21.0.6/java.lang.Thread.run(Thread.java:1583)
"Socket Reader #3 for port 15048"  prio=5 tid=716 runnable
java.lang.Thread.State: RUNNABLE
        at java.base@21.0.6/sun.nio.ch.EPoll.wait(Native Method)
        at java.base@21.0.6/sun.nio.ch.EPollSelectorImpl.doSelect(EPollSelectorImpl.java:121)
        at java.base@21.0.6/sun.nio.ch.SelectorImpl.lockAndDoSelect(SelectorImpl.java:130)
        at java.base@21.0.6/sun.nio.ch.SelectorImpl.select(SelectorImpl.java:147)
        at app//org.apache.hadoop.ipc.Server$Listener$Reader.doRunLoop(Server.java:1497)
        at app//org.apache.hadoop.ipc.Server$Listener$Reader.run(Server.java:1476)
"25fe7083-9332-4190-accf-9f4542114dd9-ChunkWriter-0-0" daemon prio=5 tid=1952 in Object.wait()
java.lang.Thread.State: WAITING (on object monitor)
        at java.base@21.0.6/jdk.internal.misc.Unsafe.park(Native Method)
        at java.base@21.0.6/java.util.concurrent.locks.LockSupport.park(LockSupport.java:371)
        at java.base@21.0.6/java.util.concurrent.locks.AbstractQueuedSynchronizer$ConditionNode.block(AbstractQueuedSynchronizer.java:519)
        at java.base@21.0.6/java.util.concurrent.ForkJoinPool.unmanagedBlock(ForkJoinPool.java:3780)
        at java.base@21.0.6/java.util.concurrent.ForkJoinPool.managedBlock(ForkJoinPool.java:3725)
        at java.base@21.0.6/java.util.concurrent.locks.AbstractQueuedSynchronizer$ConditionObject.await(AbstractQueuedSynchronizer.java:1712)
        at java.base@21.0.6/java.util.concurrent.LinkedBlockingDeque.takeFirst(LinkedBlockingDeque.java:485)
        at java.base@21.0.6/java.util.concurrent.LinkedBlockingDeque.take(LinkedBlockingDeque.java:673)
        at java.base@21.0.6/java.util.concurrent.ThreadPoolExecutor.getTask(ThreadPoolExecutor.java:1070)
        at java.base@21.0.6/java.util.concurrent.ThreadPoolExecutor.runWorker(ThreadPoolExecutor.java:1130)
        at java.base@21.0.6/java.util.concurrent.ThreadPoolExecutor$Worker.run(ThreadPoolExecutor.java:642)
        at java.base@21.0.6/java.lang.Thread.runWith(Thread.java:1596)
        at java.base@21.0.6/java.lang.Thread.run(Thread.java:1583)
"qtp179497095-317" daemon prio=5 tid=317 runnable
java.lang.Thread.State: RUNNABLE
        at java.base@21.0.6/sun.nio.ch.EPoll.wait(Native Method)
        at java.base@21.0.6/sun.nio.ch.EPollSelectorImpl.doSelect(EPollSelectorImpl.java:121)
        at java.base@21.0.6/sun.nio.ch.SelectorImpl.lockAndDoSelect(SelectorImpl.java:130)
        at java.base@21.0.6/sun.nio.ch.SelectorImpl.select(SelectorImpl.java:147)
        at app//org.eclipse.jetty.io.ManagedSelector.nioSelect(ManagedSelector.java:183)
        at app//org.eclipse.jetty.io.ManagedSelector.select(ManagedSelector.java:190)
        at app//org.eclipse.jetty.io.ManagedSelector$SelectorProducer.select(ManagedSelector.java:606)
        at app//org.eclipse.jetty.io.ManagedSelector$SelectorProducer.produce(ManagedSelector.java:543)
        at app//org.eclipse.jetty.util.thread.strategy.EatWhatYouKill.produceTask(EatWhatYouKill.java:362)
        at app//org.eclipse.jetty.util.thread.strategy.EatWhatYouKill.doProduce(EatWhatYouKill.java:186)
        at app//org.eclipse.jetty.util.thread.strategy.EatWhatYouKill.tryProduce(EatWhatYouKill.java:173)
        at app//org.eclipse.jetty.util.thread.strategy.EatWhatYouKill.produce(EatWhatYouKill.java:137)
        at app//org.eclipse.jetty.io.ManagedSelector$$Lambda/0x00007f7e9c660000.run(Unknown Source)
        at app//org.eclipse.jetty.util.thread.QueuedThreadPool.runJob(QueuedThreadPool.java:883)
        at app//org.eclipse.jetty.util.thread.QueuedThreadPool$Runner.run(QueuedThreadPool.java:1034)
        at java.base@21.0.6/java.lang.Thread.runWith(Thread.java:1596)
        at java.base@21.0.6/java.lang.Thread.run(Thread.java:1583)
"Socket Reader #5 for port 15048"  prio=5 tid=718 runnable
java.lang.Thread.State: RUNNABLE
        at java.base@21.0.6/sun.nio.ch.EPoll.wait(Native Method)
        at java.base@21.0.6/sun.nio.ch.EPollSelectorImpl.doSelect(EPollSelectorImpl.java:121)
        at java.base@21.0.6/sun.nio.ch.SelectorImpl.lockAndDoSelect(SelectorImpl.java:130)
        at java.base@21.0.6/sun.nio.ch.SelectorImpl.select(SelectorImpl.java:147)
        at app//org.apache.hadoop.ipc.Server$Listener$Reader.doRunLoop(Server.java:1497)
        at app//org.apache.hadoop.ipc.Server$Listener$Reader.run(Server.java:1476)
"IPC Server handler 9 on default port 15030" daemon prio=5 tid=644 timed_waiting
java.lang.Thread.State: TIMED_WAITING
        at java.base@21.0.6/jdk.internal.misc.Unsafe.park(Native Method)
        at java.base@21.0.6/java.util.concurrent.locks.LockSupport.parkNanos(LockSupport.java:269)
        at java.base@21.0.6/java.util.concurrent.locks.AbstractQueuedSynchronizer$ConditionObject.awaitNanos(AbstractQueuedSynchronizer.java:1763)
        at java.base@21.0.6/java.util.concurrent.LinkedBlockingQueue.poll(LinkedBlockingQueue.java:460)
        at app//org.apache.hadoop.ipc.CallQueueManager.take(CallQueueManager.java:370)
        at app//org.apache.hadoop.ipc.Server$Handler.run(Server.java:3165)
"IPC Server handler 40 on default port 15000" daemon prio=5 tid=154 timed_waiting
java.lang.Thread.State: TIMED_WAITING
        at java.base@21.0.6/jdk.internal.misc.Unsafe.park(Native Method)
        at java.base@21.0.6/java.util.concurrent.locks.LockSupport.parkNanos(LockSupport.java:269)
        at java.base@21.0.6/java.util.concurrent.locks.AbstractQueuedSynchronizer$ConditionObject.awaitNanos(AbstractQueuedSynchronizer.java:1763)
        at java.base@21.0.6/java.util.concurrent.LinkedBlockingQueue.poll(LinkedBlockingQueue.java:460)
        at app//org.apache.hadoop.ipc.CallQueueManager.take(CallQueueManager.java:370)
        at app//org.apache.hadoop.ipc.Server$Handler.run(Server.java:3165)
"StaleRecoveringContainerScrubbingService#2" daemon prio=5 tid=1824 in Object.wait()
java.lang.Thread.State: WAITING (on object monitor)
        at java.base@21.0.6/jdk.internal.misc.Unsafe.park(Native Method)
        at java.base@21.0.6/java.util.concurrent.locks.LockSupport.park(LockSupport.java:371)
        at java.base@21.0.6/java.util.concurrent.locks.AbstractQueuedSynchronizer$ConditionNode.block(AbstractQueuedSynchronizer.java:519)
        at java.base@21.0.6/java.util.concurrent.ForkJoinPool.unmanagedBlock(ForkJoinPool.java:3780)
        at java.base@21.0.6/java.util.concurrent.ForkJoinPool.managedBlock(ForkJoinPool.java:3725)
        at java.base@21.0.6/java.util.concurrent.locks.AbstractQueuedSynchronizer$ConditionObject.await(AbstractQueuedSynchronizer.java:1712)
        at java.base@21.0.6/java.util.concurrent.ScheduledThreadPoolExecutor$DelayedWorkQueue.take(ScheduledThreadPoolExecutor.java:1177)
        at java.base@21.0.6/java.util.concurrent.ScheduledThreadPoolExecutor$DelayedWorkQueue.take(ScheduledThreadPoolExecutor.java:899)
        at java.base@21.0.6/java.util.concurrent.ThreadPoolExecutor.getTask(ThreadPoolExecutor.java:1070)
        at java.base@21.0.6/java.util.concurrent.ThreadPoolExecutor.runWorker(ThreadPoolExecutor.java:1130)
        at java.base@21.0.6/java.util.concurrent.ThreadPoolExecutor$Worker.run(ThreadPoolExecutor.java:642)
        at java.base@21.0.6/java.lang.Thread.runWith(Thread.java:1596)
        at java.base@21.0.6/java.lang.Thread.run(Thread.java:1583)
"e20a886d-0459-4371-959f-f9bdb6931571-BlockDeletingService#0" daemon prio=5 tid=1116 timed_waiting
java.lang.Thread.State: TIMED_WAITING
        at java.base@21.0.6/jdk.internal.misc.Unsafe.park(Native Method)
        at java.base@21.0.6/java.util.concurrent.locks.LockSupport.parkNanos(LockSupport.java:269)
        at java.base@21.0.6/java.util.concurrent.locks.AbstractQueuedSynchronizer$ConditionObject.awaitNanos(AbstractQueuedSynchronizer.java:1763)
        at java.base@21.0.6/java.util.concurrent.ScheduledThreadPoolExecutor$DelayedWorkQueue.take(ScheduledThreadPoolExecutor.java:1182)
        at java.base@21.0.6/java.util.concurrent.ScheduledThreadPoolExecutor$DelayedWorkQueue.take(ScheduledThreadPoolExecutor.java:899)
        at java.base@21.0.6/java.util.concurrent.ThreadPoolExecutor.getTask(ThreadPoolExecutor.java:1070)
        at java.base@21.0.6/java.util.concurrent.ThreadPoolExecutor.runWorker(ThreadPoolExecutor.java:1130)
        at java.base@21.0.6/java.util.concurrent.ThreadPoolExecutor$Worker.run(ThreadPoolExecutor.java:642)
        at java.base@21.0.6/java.lang.Thread.runWith(Thread.java:1596)
        at java.base@21.0.6/java.lang.Thread.run(Thread.java:1583)
"IPC Server handler 58 on default port 15000" daemon prio=5 tid=172 timed_waiting
java.lang.Thread.State: TIMED_WAITING
        at java.base@21.0.6/jdk.internal.misc.Unsafe.park(Native Method)
        at java.base@21.0.6/java.util.concurrent.locks.LockSupport.parkNanos(LockSupport.java:269)
        at java.base@21.0.6/java.util.concurrent.locks.AbstractQueuedSynchronizer$ConditionObject.awaitNanos(AbstractQueuedSynchronizer.java:1763)
        at java.base@21.0.6/java.util.concurrent.LinkedBlockingQueue.poll(LinkedBlockingQueue.java:460)
        at app//org.apache.hadoop.ipc.CallQueueManager.take(CallQueueManager.java:370)
        at app//org.apache.hadoop.ipc.Server$Handler.run(Server.java:3165)
"46d11c6d-db9b-44c9-8985-212dd9cf6636-BlockDeletingService#1" daemon prio=5 tid=1101 in Object.wait()
java.lang.Thread.State: WAITING (on object monitor)
        at java.base@21.0.6/jdk.internal.misc.Unsafe.park(Native Method)
        at java.base@21.0.6/java.util.concurrent.locks.LockSupport.park(LockSupport.java:371)
        at java.base@21.0.6/java.util.concurrent.locks.AbstractQueuedSynchronizer$ConditionNode.block(AbstractQueuedSynchronizer.java:519)
        at java.base@21.0.6/java.util.concurrent.ForkJoinPool.unmanagedBlock(ForkJoinPool.java:3780)
        at java.base@21.0.6/java.util.concurrent.ForkJoinPool.managedBlock(ForkJoinPool.java:3725)
        at java.base@21.0.6/java.util.concurrent.locks.AbstractQueuedSynchronizer$ConditionObject.await(AbstractQueuedSynchronizer.java:1712)
        at java.base@21.0.6/java.util.concurrent.ScheduledThreadPoolExecutor$DelayedWorkQueue.take(ScheduledThreadPoolExecutor.java:1177)
        at java.base@21.0.6/java.util.concurrent.ScheduledThreadPoolExecutor$DelayedWorkQueue.take(ScheduledThreadPoolExecutor.java:899)
        at java.base@21.0.6/java.util.concurrent.ThreadPoolExecutor.getTask(ThreadPoolExecutor.java:1070)
        at java.base@21.0.6/java.util.concurrent.ThreadPoolExecutor.runWorker(ThreadPoolExecutor.java:1130)
        at java.base@21.0.6/java.util.concurrent.ThreadPoolExecutor$Worker.run(ThreadPoolExecutor.java:642)
        at java.base@21.0.6/java.lang.Thread.runWith(Thread.java:1596)
        at java.base@21.0.6/java.lang.Thread.run(Thread.java:1583)
"42086d8c-c943-47d6-a5f9-799709872375-CloseContainerThread-0"  prio=5 tid=1506 in Object.wait()
java.lang.Thread.State: WAITING (on object monitor)
        at java.base@21.0.6/jdk.internal.misc.Unsafe.park(Native Method)
        at java.base@21.0.6/java.util.concurrent.locks.LockSupport.park(LockSupport.java:371)
        at java.base@21.0.6/java.util.concurrent.locks.AbstractQueuedSynchronizer$ConditionNode.block(AbstractQueuedSynchronizer.java:519)
        at java.base@21.0.6/java.util.concurrent.ForkJoinPool.unmanagedBlock(ForkJoinPool.java:3780)
        at java.base@21.0.6/java.util.concurrent.ForkJoinPool.managedBlock(ForkJoinPool.java:3725)
        at java.base@21.0.6/java.util.concurrent.locks.AbstractQueuedSynchronizer$ConditionObject.await(AbstractQueuedSynchronizer.java:1712)
        at java.base@21.0.6/java.util.concurrent.LinkedBlockingQueue.take(LinkedBlockingQueue.java:435)
        at java.base@21.0.6/java.util.concurrent.ThreadPoolExecutor.getTask(ThreadPoolExecutor.java:1070)
        at java.base@21.0.6/java.util.concurrent.ThreadPoolExecutor.runWorker(ThreadPoolExecutor.java:1130)
        at java.base@21.0.6/java.util.concurrent.ThreadPoolExecutor$Worker.run(ThreadPoolExecutor.java:642)
        at java.base@21.0.6/java.lang.Thread.runWith(Thread.java:1596)
        at java.base@21.0.6/java.lang.Thread.run(Thread.java:1583)
"ccfadb7c-9180-4c4b-b969-671c642a7bd3-server-thread2" daemon prio=5 tid=2097 timed_waiting
java.lang.Thread.State: TIMED_WAITING
        at java.base@21.0.6/jdk.internal.misc.Unsafe.park(Native Method)
        at java.base@21.0.6/java.util.concurrent.locks.LockSupport.parkNanos(LockSupport.java:410)
        at java.base@21.0.6/java.util.concurrent.LinkedTransferQueue$DualNode.await(LinkedTransferQueue.java:452)
        at java.base@21.0.6/java.util.concurrent.SynchronousQueue$Transferer.xferLifo(SynchronousQueue.java:194)
        at java.base@21.0.6/java.util.concurrent.SynchronousQueue.xfer(SynchronousQueue.java:235)
        at java.base@21.0.6/java.util.concurrent.SynchronousQueue.poll(SynchronousQueue.java:338)
        at java.base@21.0.6/java.util.concurrent.ThreadPoolExecutor.getTask(ThreadPoolExecutor.java:1069)
        at java.base@21.0.6/java.util.concurrent.ThreadPoolExecutor.runWorker(ThreadPoolExecutor.java:1130)
        at java.base@21.0.6/java.util.concurrent.ThreadPoolExecutor$Worker.run(ThreadPoolExecutor.java:642)
        at java.base@21.0.6/java.lang.Thread.runWith(Thread.java:1596)
        at java.base@21.0.6/java.lang.Thread.run(Thread.java:1583)
"EventQueue-CloseContainerForCloseContainerEventHandler" daemon prio=5 tid=1521 in Object.wait()
java.lang.Thread.State: WAITING (on object monitor)
        at java.base@21.0.6/jdk.internal.misc.Unsafe.park(Native Method)
        at java.base@21.0.6/java.util.concurrent.locks.LockSupport.park(LockSupport.java:371)
        at java.base@21.0.6/java.util.concurrent.locks.AbstractQueuedSynchronizer$ConditionNode.block(AbstractQueuedSynchronizer.java:519)
        at java.base@21.0.6/java.util.concurrent.ForkJoinPool.unmanagedBlock(ForkJoinPool.java:3780)
        at java.base@21.0.6/java.util.concurrent.ForkJoinPool.managedBlock(ForkJoinPool.java:3725)
        at java.base@21.0.6/java.util.concurrent.locks.AbstractQueuedSynchronizer$ConditionObject.await(AbstractQueuedSynchronizer.java:1712)
        at java.base@21.0.6/java.util.concurrent.LinkedBlockingQueue.take(LinkedBlockingQueue.java:435)
        at java.base@21.0.6/java.util.concurrent.ThreadPoolExecutor.getTask(ThreadPoolExecutor.java:1070)
        at java.base@21.0.6/java.util.concurrent.ThreadPoolExecutor.runWorker(ThreadPoolExecutor.java:1130)
        at java.base@21.0.6/java.util.concurrent.ThreadPoolExecutor$Worker.run(ThreadPoolExecutor.java:642)
        at java.base@21.0.6/java.lang.Thread.runWith(Thread.java:1596)
        at java.base@21.0.6/java.lang.Thread.run(Thread.java:1583)
"25fe7083-9332-4190-accf-9f4542114dd9-ChunkWriter-1-0" daemon prio=5 tid=1953 in Object.wait()
java.lang.Thread.State: WAITING (on object monitor)
        at java.base@21.0.6/jdk.internal.misc.Unsafe.park(Native Method)
        at java.base@21.0.6/java.util.concurrent.locks.LockSupport.park(LockSupport.java:371)
        at java.base@21.0.6/java.util.concurrent.locks.AbstractQueuedSynchronizer$ConditionNode.block(AbstractQueuedSynchronizer.java:519)
        at java.base@21.0.6/java.util.concurrent.ForkJoinPool.unmanagedBlock(ForkJoinPool.java:3780)
        at java.base@21.0.6/java.util.concurrent.ForkJoinPool.managedBlock(ForkJoinPool.java:3725)
        at java.base@21.0.6/java.util.concurrent.locks.AbstractQueuedSynchronizer$ConditionObject.await(AbstractQueuedSynchronizer.java:1712)
        at java.base@21.0.6/java.util.concurrent.LinkedBlockingDeque.takeFirst(LinkedBlockingDeque.java:485)
        at java.base@21.0.6/java.util.concurrent.LinkedBlockingDeque.take(LinkedBlockingDeque.java:673)
        at java.base@21.0.6/java.util.concurrent.ThreadPoolExecutor.getTask(ThreadPoolExecutor.java:1070)
        at java.base@21.0.6/java.util.concurrent.ThreadPoolExecutor.runWorker(ThreadPoolExecutor.java:1130)
        at java.base@21.0.6/java.util.concurrent.ThreadPoolExecutor$Worker.run(ThreadPoolExecutor.java:642)
        at java.base@21.0.6/java.lang.Thread.runWith(Thread.java:1596)
        at java.base@21.0.6/java.lang.Thread.run(Thread.java:1583)
"pool-464-thread-1"  prio=5 tid=1903 timed_waiting
java.lang.Thread.State: TIMED_WAITING
        at java.base@21.0.6/jdk.internal.misc.Unsafe.park(Native Method)
        at java.base@21.0.6/java.util.concurrent.locks.LockSupport.parkNanos(LockSupport.java:269)
        at java.base@21.0.6/java.util.concurrent.locks.AbstractQueuedSynchronizer$ConditionObject.awaitNanos(AbstractQueuedSynchronizer.java:1763)
        at java.base@21.0.6/java.util.concurrent.ScheduledThreadPoolExecutor$DelayedWorkQueue.take(ScheduledThreadPoolExecutor.java:1182)
        at java.base@21.0.6/java.util.concurrent.ScheduledThreadPoolExecutor$DelayedWorkQueue.take(ScheduledThreadPoolExecutor.java:899)
        at java.base@21.0.6/java.util.concurrent.ThreadPoolExecutor.getTask(ThreadPoolExecutor.java:1070)
        at java.base@21.0.6/java.util.concurrent.ThreadPoolExecutor.runWorker(ThreadPoolExecutor.java:1130)
        at java.base@21.0.6/java.util.concurrent.ThreadPoolExecutor$Worker.run(ThreadPoolExecutor.java:642)
        at java.base@21.0.6/java.lang.Thread.runWith(Thread.java:1596)
        at java.base@21.0.6/java.lang.Thread.run(Thread.java:1583)
"2dcfdddc-a76f-4d49-b174-7a2bddacee37-ContainerOp-9e09d6a8-9742-4eee-8124-a68b45278972-0"  prio=5 tid=1497 in Object.wait()
java.lang.Thread.State: WAITING (on object monitor)
        at java.base@21.0.6/jdk.internal.misc.Unsafe.park(Native Method)
        at java.base@21.0.6/java.util.concurrent.locks.LockSupport.park(LockSupport.java:371)
        at java.base@21.0.6/java.util.concurrent.locks.AbstractQueuedSynchronizer$ConditionNode.block(AbstractQueuedSynchronizer.java:519)
        at java.base@21.0.6/java.util.concurrent.ForkJoinPool.unmanagedBlock(ForkJoinPool.java:3780)
        at java.base@21.0.6/java.util.concurrent.ForkJoinPool.managedBlock(ForkJoinPool.java:3725)
        at java.base@21.0.6/java.util.concurrent.locks.AbstractQueuedSynchronizer$ConditionObject.await(AbstractQueuedSynchronizer.java:1712)
        at java.base@21.0.6/java.util.concurrent.LinkedBlockingQueue.take(LinkedBlockingQueue.java:435)
        at java.base@21.0.6/java.util.concurrent.ThreadPoolExecutor.getTask(ThreadPoolExecutor.java:1070)
        at java.base@21.0.6/java.util.concurrent.ThreadPoolExecutor.runWorker(ThreadPoolExecutor.java:1130)
        at java.base@21.0.6/java.util.concurrent.ThreadPoolExecutor$Worker.run(ThreadPoolExecutor.java:642)
        at java.base@21.0.6/java.lang.Thread.runWith(Thread.java:1596)
        at java.base@21.0.6/java.lang.Thread.run(Thread.java:1583)
"6b36f32d-918c-46a3-bfcb-888cb423c6dd-ContainerOp-ca93de93-6260-4798-bfae-2aa5ac354986-1"  prio=5 tid=1577 in Object.wait()
java.lang.Thread.State: WAITING (on object monitor)
        at java.base@21.0.6/jdk.internal.misc.Unsafe.park(Native Method)
        at java.base@21.0.6/java.util.concurrent.locks.LockSupport.park(LockSupport.java:371)
        at java.base@21.0.6/java.util.concurrent.locks.AbstractQueuedSynchronizer$ConditionNode.block(AbstractQueuedSynchronizer.java:519)
        at java.base@21.0.6/java.util.concurrent.ForkJoinPool.unmanagedBlock(ForkJoinPool.java:3780)
        at java.base@21.0.6/java.util.concurrent.ForkJoinPool.managedBlock(ForkJoinPool.java:3725)
        at java.base@21.0.6/java.util.concurrent.locks.AbstractQueuedSynchronizer$ConditionObject.await(AbstractQueuedSynchronizer.java:1712)
        at java.base@21.0.6/java.util.concurrent.LinkedBlockingQueue.take(LinkedBlockingQueue.java:435)
        at java.base@21.0.6/java.util.concurrent.ThreadPoolExecutor.getTask(ThreadPoolExecutor.java:1070)
        at java.base@21.0.6/java.util.concurrent.ThreadPoolExecutor.runWorker(ThreadPoolExecutor.java:1130)
        at java.base@21.0.6/java.util.concurrent.ThreadPoolExecutor$Worker.run(ThreadPoolExecutor.java:642)
        at java.base@21.0.6/java.lang.Thread.runWith(Thread.java:1596)
        at java.base@21.0.6/java.lang.Thread.run(Thread.java:1583)
"IPC Server handler 2 on default port 15093" daemon prio=5 tid=959 timed_waiting
java.lang.Thread.State: TIMED_WAITING
        at java.base@21.0.6/jdk.internal.misc.Unsafe.park(Native Method)
        at java.base@21.0.6/java.util.concurrent.locks.LockSupport.parkNanos(LockSupport.java:269)
        at java.base@21.0.6/java.util.concurrent.locks.AbstractQueuedSynchronizer$ConditionObject.awaitNanos(AbstractQueuedSynchronizer.java:1763)
        at java.base@21.0.6/java.util.concurrent.LinkedBlockingQueue.poll(LinkedBlockingQueue.java:460)
        at app//org.apache.hadoop.ipc.CallQueueManager.take(CallQueueManager.java:370)
        at app//org.apache.hadoop.ipc.Server$Handler.run(Server.java:3165)
"2dcfdddc-a76f-4d49-b174-7a2bddacee37-DatanodeReportManager-2" daemon prio=5 tid=694 in Object.wait()
java.lang.Thread.State: WAITING (on object monitor)
        at java.base@21.0.6/jdk.internal.misc.Unsafe.park(Native Method)
        at java.base@21.0.6/java.util.concurrent.locks.LockSupport.park(LockSupport.java:371)
        at java.base@21.0.6/java.util.concurrent.locks.AbstractQueuedSynchronizer$ConditionNode.block(AbstractQueuedSynchronizer.java:519)
        at java.base@21.0.6/java.util.concurrent.ForkJoinPool.unmanagedBlock(ForkJoinPool.java:3780)
        at java.base@21.0.6/java.util.concurrent.ForkJoinPool.managedBlock(ForkJoinPool.java:3725)
        at java.base@21.0.6/java.util.concurrent.locks.AbstractQueuedSynchronizer$ConditionObject.await(AbstractQueuedSynchronizer.java:1712)
        at java.base@21.0.6/java.util.concurrent.ScheduledThreadPoolExecutor$DelayedWorkQueue.take(ScheduledThreadPoolExecutor.java:1177)
        at java.base@21.0.6/java.util.concurrent.ScheduledThreadPoolExecutor$DelayedWorkQueue.take(ScheduledThreadPoolExecutor.java:899)
        at java.base@21.0.6/java.util.concurrent.ThreadPoolExecutor.getTask(ThreadPoolExecutor.java:1070)
        at java.base@21.0.6/java.util.concurrent.ThreadPoolExecutor.runWorker(ThreadPoolExecutor.java:1130)
        at java.base@21.0.6/java.util.concurrent.ThreadPoolExecutor$Worker.run(ThreadPoolExecutor.java:642)
        at java.base@21.0.6/java.lang.Thread.runWith(Thread.java:1596)
        at java.base@21.0.6/java.lang.Thread.run(Thread.java:1583)
"IPC Server listener on 15084" daemon prio=5 tid=1913 runnable
java.lang.Thread.State: RUNNABLE
        at java.base@21.0.6/sun.nio.ch.EPoll.wait(Native Method)
        at java.base@21.0.6/sun.nio.ch.EPollSelectorImpl.doSelect(EPollSelectorImpl.java:121)
        at java.base@21.0.6/sun.nio.ch.SelectorImpl.lockAndDoSelect(SelectorImpl.java:130)
        at java.base@21.0.6/sun.nio.ch.SelectorImpl.select(SelectorImpl.java:147)
        at app//org.apache.hadoop.ipc.Server$Listener.run(Server.java:1559)
"StaleRecoveringContainerScrubbingService#3" daemon prio=5 tid=2189 in Object.wait()
java.lang.Thread.State: WAITING (on object monitor)
        at java.base@21.0.6/jdk.internal.misc.Unsafe.park(Native Method)
        at java.base@21.0.6/java.util.concurrent.locks.LockSupport.park(LockSupport.java:371)
        at java.base@21.0.6/java.util.concurrent.locks.AbstractQueuedSynchronizer$ConditionNode.block(AbstractQueuedSynchronizer.java:519)
        at java.base@21.0.6/java.util.concurrent.ForkJoinPool.unmanagedBlock(ForkJoinPool.java:3780)
        at java.base@21.0.6/java.util.concurrent.ForkJoinPool.managedBlock(ForkJoinPool.java:3725)
        at java.base@21.0.6/java.util.concurrent.locks.AbstractQueuedSynchronizer$ConditionObject.await(AbstractQueuedSynchronizer.java:1712)
        at java.base@21.0.6/java.util.concurrent.ScheduledThreadPoolExecutor$DelayedWorkQueue.take(ScheduledThreadPoolExecutor.java:1177)
        at java.base@21.0.6/java.util.concurrent.ScheduledThreadPoolExecutor$DelayedWorkQueue.take(ScheduledThreadPoolExecutor.java:899)
        at java.base@21.0.6/java.util.concurrent.ThreadPoolExecutor.getTask(ThreadPoolExecutor.java:1070)
        at java.base@21.0.6/java.util.concurrent.ThreadPoolExecutor.runWorker(ThreadPoolExecutor.java:1130)
        at java.base@21.0.6/java.util.concurrent.ThreadPoolExecutor$Worker.run(ThreadPoolExecutor.java:642)
        at java.base@21.0.6/java.lang.Thread.runWith(Thread.java:1596)
        at java.base@21.0.6/java.lang.Thread.run(Thread.java:1583)
"FixedThreadPoolWithAffinityExecutor-7-0" daemon prio=5 tid=104 timed_waiting
java.lang.Thread.State: TIMED_WAITING
        at java.base@21.0.6/jdk.internal.misc.Unsafe.park(Native Method)
        at java.base@21.0.6/java.util.concurrent.locks.LockSupport.parkNanos(LockSupport.java:269)
        at java.base@21.0.6/java.util.concurrent.locks.AbstractQueuedSynchronizer$ConditionObject.awaitNanos(AbstractQueuedSynchronizer.java:1763)
        at java.base@21.0.6/java.util.concurrent.LinkedBlockingQueue.poll(LinkedBlockingQueue.java:460)
        at app//org.apache.hadoop.hdds.scm.server.ContainerReportQueue.poll(ContainerReportQueue.java:269)
        at app//org.apache.hadoop.hdds.scm.server.ContainerReportQueue.poll(ContainerReportQueue.java:42)
        at app//org.apache.hadoop.hdds.server.events.FixedThreadPoolWithAffinityExecutor$ContainerReportProcessTask.run(FixedThreadPoolWithAffinityExecutor.java:252)
        at java.base@21.0.6/java.util.concurrent.Executors$RunnableAdapter.call(Executors.java:572)
        at java.base@21.0.6/java.util.concurrent.FutureTask.run(FutureTask.java:317)
        at java.base@21.0.6/java.util.concurrent.ThreadPoolExecutor.runWorker(ThreadPoolExecutor.java:1144)
        at java.base@21.0.6/java.util.concurrent.ThreadPoolExecutor$Worker.run(ThreadPoolExecutor.java:642)
        at java.base@21.0.6/java.lang.Thread.runWith(Thread.java:1596)
        at java.base@21.0.6/java.lang.Thread.run(Thread.java:1583)
"IPC Server handler 3 on default port 15001" daemon prio=5 tid=217 timed_waiting
java.lang.Thread.State: TIMED_WAITING
        at java.base@21.0.6/jdk.internal.misc.Unsafe.park(Native Method)
        at java.base@21.0.6/java.util.concurrent.locks.LockSupport.parkNanos(LockSupport.java:269)
        at java.base@21.0.6/java.util.concurrent.locks.AbstractQueuedSynchronizer$ConditionObject.awaitNanos(AbstractQueuedSynchronizer.java:1763)
        at java.base@21.0.6/java.util.concurrent.LinkedBlockingQueue.poll(LinkedBlockingQueue.java:460)
        at app//org.apache.hadoop.ipc.CallQueueManager.take(CallQueueManager.java:370)
        at app//org.apache.hadoop.ipc.Server$Handler.run(Server.java:3165)
"qtp456552476-489" daemon prio=5 tid=489 timed_waiting
java.lang.Thread.State: TIMED_WAITING
        at java.base@21.0.6/jdk.internal.misc.Unsafe.park(Native Method)
        at java.base@21.0.6/java.util.concurrent.locks.LockSupport.parkNanos(LockSupport.java:269)
        at java.base@21.0.6/java.util.concurrent.locks.AbstractQueuedSynchronizer$ConditionObject.awaitNanos(AbstractQueuedSynchronizer.java:1763)
        at app//org.eclipse.jetty.util.BlockingArrayQueue.poll(BlockingArrayQueue.java:382)
        at app//org.eclipse.jetty.util.thread.QueuedThreadPool$Runner.idleJobPoll(QueuedThreadPool.java:974)
        at app//org.eclipse.jetty.util.thread.QueuedThreadPool$Runner.run(QueuedThreadPool.java:1018)
        at java.base@21.0.6/java.lang.Thread.runWith(Thread.java:1596)
        at java.base@21.0.6/java.lang.Thread.run(Thread.java:1583)
"IPC Server handler 1 on default port 15075" daemon prio=5 tid=866 timed_waiting
java.lang.Thread.State: TIMED_WAITING
        at java.base@21.0.6/jdk.internal.misc.Unsafe.park(Native Method)
        at java.base@21.0.6/java.util.concurrent.locks.LockSupport.parkNanos(LockSupport.java:269)
        at java.base@21.0.6/java.util.concurrent.locks.AbstractQueuedSynchronizer$ConditionObject.awaitNanos(AbstractQueuedSynchronizer.java:1763)
        at java.base@21.0.6/java.util.concurrent.LinkedBlockingQueue.poll(LinkedBlockingQueue.java:460)
        at app//org.apache.hadoop.ipc.CallQueueManager.take(CallQueueManager.java:370)
        at app//org.apache.hadoop.ipc.Server$Handler.run(Server.java:3165)
"IPC Server handler 7 on default port 15021" daemon prio=5 tid=594 timed_waiting
java.lang.Thread.State: TIMED_WAITING
        at java.base@21.0.6/jdk.internal.misc.Unsafe.park(Native Method)
        at java.base@21.0.6/java.util.concurrent.locks.LockSupport.parkNanos(LockSupport.java:269)
        at java.base@21.0.6/java.util.concurrent.locks.AbstractQueuedSynchronizer$ConditionObject.awaitNanos(AbstractQueuedSynchronizer.java:1763)
        at java.base@21.0.6/java.util.concurrent.LinkedBlockingQueue.poll(LinkedBlockingQueue.java:460)
        at app//org.apache.hadoop.ipc.CallQueueManager.take(CallQueueManager.java:370)
        at app//org.apache.hadoop.ipc.Server$Handler.run(Server.java:3165)
"StaleRecoveringContainerScrubbingService#2" daemon prio=5 tid=1833 in Object.wait()
java.lang.Thread.State: WAITING (on object monitor)
        at java.base@21.0.6/jdk.internal.misc.Unsafe.park(Native Method)
        at java.base@21.0.6/java.util.concurrent.locks.LockSupport.park(LockSupport.java:371)
        at java.base@21.0.6/java.util.concurrent.locks.AbstractQueuedSynchronizer$ConditionNode.block(AbstractQueuedSynchronizer.java:519)
        at java.base@21.0.6/java.util.concurrent.ForkJoinPool.unmanagedBlock(ForkJoinPool.java:3780)
        at java.base@21.0.6/java.util.concurrent.ForkJoinPool.managedBlock(ForkJoinPool.java:3725)
        at java.base@21.0.6/java.util.concurrent.locks.AbstractQueuedSynchronizer$ConditionObject.await(AbstractQueuedSynchronizer.java:1712)
        at java.base@21.0.6/java.util.concurrent.ScheduledThreadPoolExecutor$DelayedWorkQueue.take(ScheduledThreadPoolExecutor.java:1177)
        at java.base@21.0.6/java.util.concurrent.ScheduledThreadPoolExecutor$DelayedWorkQueue.take(ScheduledThreadPoolExecutor.java:899)
        at java.base@21.0.6/java.util.concurrent.ThreadPoolExecutor.getTask(ThreadPoolExecutor.java:1070)
        at java.base@21.0.6/java.util.concurrent.ThreadPoolExecutor.runWorker(ThreadPoolExecutor.java:1130)
        at java.base@21.0.6/java.util.concurrent.ThreadPoolExecutor$Worker.run(ThreadPoolExecutor.java:642)
        at java.base@21.0.6/java.lang.Thread.runWith(Thread.java:1596)
        at java.base@21.0.6/java.lang.Thread.run(Thread.java:1583)
"IPC Server handler 5 on default port 15093" daemon prio=5 tid=962 timed_waiting
java.lang.Thread.State: TIMED_WAITING
        at java.base@21.0.6/jdk.internal.misc.Unsafe.park(Native Method)
        at java.base@21.0.6/java.util.concurrent.locks.LockSupport.parkNanos(LockSupport.java:269)
        at java.base@21.0.6/java.util.concurrent.locks.AbstractQueuedSynchronizer$ConditionObject.awaitNanos(AbstractQueuedSynchronizer.java:1763)
        at java.base@21.0.6/java.util.concurrent.LinkedBlockingQueue.poll(LinkedBlockingQueue.java:460)
        at app//org.apache.hadoop.ipc.CallQueueManager.take(CallQueueManager.java:370)
        at app//org.apache.hadoop.ipc.Server$Handler.run(Server.java:3165)
"qtp538370932-1910" daemon prio=5 tid=1910 timed_waiting
java.lang.Thread.State: TIMED_WAITING
        at java.base@21.0.6/jdk.internal.misc.Unsafe.park(Native Method)
        at java.base@21.0.6/java.util.concurrent.locks.LockSupport.parkNanos(LockSupport.java:269)
        at java.base@21.0.6/java.util.concurrent.locks.AbstractQueuedSynchronizer$ConditionObject.awaitNanos(AbstractQueuedSynchronizer.java:1763)
        at app//org.eclipse.jetty.util.BlockingArrayQueue.poll(BlockingArrayQueue.java:382)
        at app//org.eclipse.jetty.util.thread.QueuedThreadPool$Runner.idleJobPoll(QueuedThreadPool.java:974)
        at app//org.eclipse.jetty.util.thread.QueuedThreadPool$Runner.run(QueuedThreadPool.java:1018)
        at java.base@21.0.6/java.lang.Thread.runWith(Thread.java:1596)
        at java.base@21.0.6/java.lang.Thread.run(Thread.java:1583)
"grpc-default-worker-ELG-3-2" daemon prio=5 tid=1177 runnable
java.lang.Thread.State: RUNNABLE
        at app//org.apache.ratis.thirdparty.io.netty.channel.epoll.Native.epollWait0(Native Method)
        at app//org.apache.ratis.thirdparty.io.netty.channel.epoll.Native.epollWait(Native.java:193)
        at app//org.apache.ratis.thirdparty.io.netty.channel.epoll.EpollEventLoop.epollWait(EpollEventLoop.java:304)
        at app//org.apache.ratis.thirdparty.io.netty.channel.epoll.EpollEventLoop.run(EpollEventLoop.java:368)
        at app//org.apache.ratis.thirdparty.io.netty.util.concurrent.SingleThreadEventExecutor$4.run(SingleThreadEventExecutor.java:997)
        at app//org.apache.ratis.thirdparty.io.netty.util.internal.ThreadExecutorMap$2.run(ThreadExecutorMap.java:74)
        at app//org.apache.ratis.thirdparty.io.netty.util.concurrent.FastThreadLocalRunnable.run(FastThreadLocalRunnable.java:30)
        at java.base@21.0.6/java.lang.Thread.runWith(Thread.java:1596)
        at java.base@21.0.6/java.lang.Thread.run(Thread.java:1583)
"ccfadb7c-9180-4c4b-b969-671c642a7bd3-DatanodeStateMachineDaemonThread" daemon prio=5 tid=967 timed_waiting
java.lang.Thread.State: TIMED_WAITING
        at java.base@21.0.6/java.lang.Thread.sleep0(Native Method)
        at java.base@21.0.6/java.lang.Thread.sleep(Thread.java:509)
        at app//org.apache.hadoop.ozone.container.common.statemachine.DatanodeStateMachine.startStateMachineThread(DatanodeStateMachine.java:357)
        at app//org.apache.hadoop.ozone.container.common.statemachine.DatanodeStateMachine.lambda$startDaemon$1(DatanodeStateMachine.java:543)
        at app//org.apache.hadoop.ozone.container.common.statemachine.DatanodeStateMachine$$Lambda/0x00007f7e9c7d5a70.run(Unknown Source)
        at java.base@21.0.6/java.lang.Thread.runWith(Thread.java:1596)
        at java.base@21.0.6/java.lang.Thread.run(Thread.java:1583)
"om1@group-C5BA1605619E-cacheEviction-AwaitToRun" daemon prio=5 tid=457 in Object.wait()
java.lang.Thread.State: WAITING (on object monitor)
        at java.base@21.0.6/jdk.internal.misc.Unsafe.park(Native Method)
        at java.base@21.0.6/java.util.concurrent.locks.LockSupport.park(LockSupport.java:371)
        at java.base@21.0.6/java.util.concurrent.locks.AbstractQueuedSynchronizer$ConditionNode.block(AbstractQueuedSynchronizer.java:519)
        at java.base@21.0.6/java.util.concurrent.ForkJoinPool.unmanagedBlock(ForkJoinPool.java:3780)
        at java.base@21.0.6/java.util.concurrent.ForkJoinPool.managedBlock(ForkJoinPool.java:3725)
        at java.base@21.0.6/java.util.concurrent.locks.AbstractQueuedSynchronizer$ConditionObject.await(AbstractQueuedSynchronizer.java:1712)
        at app//org.apache.ratis.util.AwaitForSignal.await(AwaitForSignal.java:48)
        at app//org.apache.ratis.util.AwaitToRun$RunnableImpl.run(AwaitToRun.java:47)
        at java.base@21.0.6/java.lang.Thread.runWith(Thread.java:1596)
        at java.base@21.0.6/java.lang.Thread.run(Thread.java:1583)
"qtp1705364626-662" daemon prio=5 tid=662 timed_waiting
java.lang.Thread.State: TIMED_WAITING
        at java.base@21.0.6/jdk.internal.misc.Unsafe.park(Native Method)
        at java.base@21.0.6/java.util.concurrent.locks.LockSupport.parkNanos(LockSupport.java:269)
        at java.base@21.0.6/java.util.concurrent.locks.AbstractQueuedSynchronizer$ConditionObject.awaitNanos(AbstractQueuedSynchronizer.java:1763)
        at app//org.eclipse.jetty.util.BlockingArrayQueue.poll(BlockingArrayQueue.java:382)
        at app//org.eclipse.jetty.util.thread.QueuedThreadPool$Runner.idleJobPoll(QueuedThreadPool.java:974)
        at app//org.eclipse.jetty.util.thread.QueuedThreadPool$Runner.run(QueuedThreadPool.java:1018)
        at java.base@21.0.6/java.lang.Thread.runWith(Thread.java:1596)
        at java.base@21.0.6/java.lang.Thread.run(Thread.java:1583)
"6b36f32d-918c-46a3-bfcb-888cb423c6dd@group-81341F4E2824-StateMachineUpdater" daemon prio=5 tid=1216 timed_waiting
java.lang.Thread.State: TIMED_WAITING
        at java.base@21.0.6/jdk.internal.misc.Unsafe.park(Native Method)
        at java.base@21.0.6/java.util.concurrent.locks.LockSupport.parkNanos(LockSupport.java:269)
        at java.base@21.0.6/java.util.concurrent.locks.AbstractQueuedSynchronizer$ConditionObject.await(AbstractQueuedSynchronizer.java:1852)
        at app//org.apache.ratis.util.AwaitForSignal.await(AwaitForSignal.java:65)
        at app//org.apache.ratis.server.impl.StateMachineUpdater.waitForCommit(StateMachineUpdater.java:219)
        at app//org.apache.ratis.server.impl.StateMachineUpdater.run(StateMachineUpdater.java:187)
        at java.base@21.0.6/java.lang.Thread.runWith(Thread.java:1596)
        at java.base@21.0.6/java.lang.Thread.run(Thread.java:1583)
"ForkJoinPool.commonPool-worker-1" daemon prio=5 tid=30 in Object.wait()
java.lang.Thread.State: WAITING (on object monitor)
        at java.base@21.0.6/jdk.internal.misc.Unsafe.park(Native Method)
        at java.base@21.0.6/java.util.concurrent.locks.LockSupport.park(LockSupport.java:371)
        at java.base@21.0.6/java.util.concurrent.ForkJoinPool.awaitWork(ForkJoinPool.java:1893)
        at java.base@21.0.6/java.util.concurrent.ForkJoinPool.runWorker(ForkJoinPool.java:1809)
        at java.base@21.0.6/java.util.concurrent.ForkJoinWorkerThread.run(ForkJoinWorkerThread.java:188)
"ContainerDataScanner(/home/runner/work/ozone/ozone/hadoop-ozone/integration-test/target/test-dir/MiniOzoneClusterImpl-3e129c02-f7f1-4d32-bd92-d681932e2c0d/ozone-meta/datanode-5/data-0/hdds)" daemon prio=5 tid=1055 timed_waiting
java.lang.Thread.State: TIMED_WAITING
        at java.base@21.0.6/java.lang.Thread.sleep0(Native Method)
        at java.base@21.0.6/java.lang.Thread.sleep(Thread.java:509)
        at app//org.apache.hadoop.ozone.container.ozoneimpl.AbstractBackgroundContainerScanner.handleRemainingSleep(AbstractBackgroundContainerScanner.java:128)
        at app//org.apache.hadoop.ozone.container.ozoneimpl.AbstractBackgroundContainerScanner.runIteration(AbstractBackgroundContainerScanner.java:95)
        at app//org.apache.hadoop.ozone.container.ozoneimpl.AbstractBackgroundContainerScanner.run(AbstractBackgroundContainerScanner.java:54)
"IPC Server handler 91 on default port 15002" daemon prio=5 tid=423 timed_waiting
java.lang.Thread.State: TIMED_WAITING
        at java.base@21.0.6/jdk.internal.misc.Unsafe.park(Native Method)
        at java.base@21.0.6/java.util.concurrent.locks.LockSupport.parkNanos(LockSupport.java:269)
        at java.base@21.0.6/java.util.concurrent.locks.AbstractQueuedSynchronizer$ConditionObject.awaitNanos(AbstractQueuedSynchronizer.java:1763)
        at java.base@21.0.6/java.util.concurrent.LinkedBlockingQueue.poll(LinkedBlockingQueue.java:460)
        at app//org.apache.hadoop.ipc.CallQueueManager.take(CallQueueManager.java:370)
        at app//org.apache.hadoop.ipc.Server$Handler.run(Server.java:3165)
"IPC Server handler 6 on default port 15066" daemon prio=5 tid=825 timed_waiting
java.lang.Thread.State: TIMED_WAITING
        at java.base@21.0.6/jdk.internal.misc.Unsafe.park(Native Method)
        at java.base@21.0.6/java.util.concurrent.locks.LockSupport.parkNanos(LockSupport.java:269)
        at java.base@21.0.6/java.util.concurrent.locks.AbstractQueuedSynchronizer$ConditionObject.awaitNanos(AbstractQueuedSynchronizer.java:1763)
        at java.base@21.0.6/java.util.concurrent.LinkedBlockingQueue.poll(LinkedBlockingQueue.java:460)
        at app//org.apache.hadoop.ipc.CallQueueManager.take(CallQueueManager.java:370)
        at app//org.apache.hadoop.ipc.Server$Handler.run(Server.java:3165)
"2fdf8a61-8d2a-4048-aa8e-d82d5837d34a-ContainerOp-9e09d6a8-9742-4eee-8124-a68b45278972-4"  prio=5 tid=2147 in Object.wait()
java.lang.Thread.State: WAITING (on object monitor)
        at java.base@21.0.6/jdk.internal.misc.Unsafe.park(Native Method)
        at java.base@21.0.6/java.util.concurrent.locks.LockSupport.park(LockSupport.java:371)
        at java.base@21.0.6/java.util.concurrent.locks.AbstractQueuedSynchronizer$ConditionNode.block(AbstractQueuedSynchronizer.java:519)
        at java.base@21.0.6/java.util.concurrent.ForkJoinPool.unmanagedBlock(ForkJoinPool.java:3780)
        at java.base@21.0.6/java.util.concurrent.ForkJoinPool.managedBlock(ForkJoinPool.java:3725)
        at java.base@21.0.6/java.util.concurrent.locks.AbstractQueuedSynchronizer$ConditionObject.await(AbstractQueuedSynchronizer.java:1712)
        at java.base@21.0.6/java.util.concurrent.LinkedBlockingQueue.take(LinkedBlockingQueue.java:435)
        at java.base@21.0.6/java.util.concurrent.ThreadPoolExecutor.getTask(ThreadPoolExecutor.java:1070)
        at java.base@21.0.6/java.util.concurrent.ThreadPoolExecutor.runWorker(ThreadPoolExecutor.java:1130)
        at java.base@21.0.6/java.util.concurrent.ThreadPoolExecutor$Worker.run(ThreadPoolExecutor.java:642)
        at java.base@21.0.6/java.lang.Thread.runWith(Thread.java:1596)
        at java.base@21.0.6/java.lang.Thread.run(Thread.java:1583)
"IPC Server handler 65 on default port 15000" daemon prio=5 tid=179 timed_waiting
java.lang.Thread.State: TIMED_WAITING
        at java.base@21.0.6/jdk.internal.misc.Unsafe.park(Native Method)
        at java.base@21.0.6/java.util.concurrent.locks.LockSupport.parkNanos(LockSupport.java:269)
        at java.base@21.0.6/java.util.concurrent.locks.AbstractQueuedSynchronizer$ConditionObject.awaitNanos(AbstractQueuedSynchronizer.java:1763)
        at java.base@21.0.6/java.util.concurrent.LinkedBlockingQueue.poll(LinkedBlockingQueue.java:460)
        at app//org.apache.hadoop.ipc.CallQueueManager.take(CallQueueManager.java:370)
        at app//org.apache.hadoop.ipc.Server$Handler.run(Server.java:3165)
"Socket Reader #8 for port 15030"  prio=5 tid=629 runnable
java.lang.Thread.State: RUNNABLE
        at java.base@21.0.6/sun.nio.ch.EPoll.wait(Native Method)
        at java.base@21.0.6/sun.nio.ch.EPollSelectorImpl.doSelect(EPollSelectorImpl.java:121)
        at java.base@21.0.6/sun.nio.ch.SelectorImpl.lockAndDoSelect(SelectorImpl.java:130)
        at java.base@21.0.6/sun.nio.ch.SelectorImpl.select(SelectorImpl.java:147)
        at app//org.apache.hadoop.ipc.Server$Listener$Reader.doRunLoop(Server.java:1497)
        at app//org.apache.hadoop.ipc.Server$Listener$Reader.run(Server.java:1476)
"qtp1625390205-565" daemon prio=5 tid=565 runnable
java.lang.Thread.State: RUNNABLE
        at java.base@21.0.6/sun.nio.ch.EPoll.wait(Native Method)
        at java.base@21.0.6/sun.nio.ch.EPollSelectorImpl.doSelect(EPollSelectorImpl.java:121)
        at java.base@21.0.6/sun.nio.ch.SelectorImpl.lockAndDoSelect(SelectorImpl.java:130)
        at java.base@21.0.6/sun.nio.ch.SelectorImpl.select(SelectorImpl.java:147)
        at app//org.eclipse.jetty.io.ManagedSelector.nioSelect(ManagedSelector.java:183)
        at app//org.eclipse.jetty.io.ManagedSelector.select(ManagedSelector.java:190)
        at app//org.eclipse.jetty.io.ManagedSelector$SelectorProducer.select(ManagedSelector.java:606)
        at app//org.eclipse.jetty.io.ManagedSelector$SelectorProducer.produce(ManagedSelector.java:543)
        at app//org.eclipse.jetty.util.thread.strategy.EatWhatYouKill.produceTask(EatWhatYouKill.java:362)
        at app//org.eclipse.jetty.util.thread.strategy.EatWhatYouKill.doProduce(EatWhatYouKill.java:186)
        at app//org.eclipse.jetty.util.thread.strategy.EatWhatYouKill.tryProduce(EatWhatYouKill.java:173)
        at app//org.eclipse.jetty.util.thread.strategy.EatWhatYouKill.produce(EatWhatYouKill.java:137)
        at app//org.eclipse.jetty.io.ManagedSelector$$Lambda/0x00007f7e9c660000.run(Unknown Source)
        at app//org.eclipse.jetty.util.thread.QueuedThreadPool.runJob(QueuedThreadPool.java:883)
        at app//org.eclipse.jetty.util.thread.QueuedThreadPool$Runner.run(QueuedThreadPool.java:1034)
        at java.base@21.0.6/java.lang.Thread.runWith(Thread.java:1596)
        at java.base@21.0.6/java.lang.Thread.run(Thread.java:1583)
"IPC Server handler 8 on default port 15084" daemon prio=5 tid=1935 timed_waiting
java.lang.Thread.State: TIMED_WAITING
        at java.base@21.0.6/jdk.internal.misc.Unsafe.park(Native Method)
        at java.base@21.0.6/java.util.concurrent.locks.LockSupport.parkNanos(LockSupport.java:269)
        at java.base@21.0.6/java.util.concurrent.locks.AbstractQueuedSynchronizer$ConditionObject.awaitNanos(AbstractQueuedSynchronizer.java:1763)
        at java.base@21.0.6/java.util.concurrent.LinkedBlockingQueue.poll(LinkedBlockingQueue.java:460)
        at app//org.apache.hadoop.ipc.CallQueueManager.take(CallQueueManager.java:370)
        at app//org.apache.hadoop.ipc.Server$Handler.run(Server.java:3165)
"eb965ba7-12a8-46f3-92c0-bc6ff5b3bf3b-EndpointStateMachineTaskThread-/0.0.0.0:15002-0 "  prio=5 tid=1013 in Object.wait()
java.lang.Thread.State: WAITING (on object monitor)
        at java.base@21.0.6/jdk.internal.misc.Unsafe.park(Native Method)
        at java.base@21.0.6/java.util.concurrent.locks.LockSupport.park(LockSupport.java:371)
        at java.base@21.0.6/java.util.concurrent.locks.AbstractQueuedSynchronizer$ConditionNode.block(AbstractQueuedSynchronizer.java:519)
        at java.base@21.0.6/java.util.concurrent.ForkJoinPool.unmanagedBlock(ForkJoinPool.java:3780)
        at java.base@21.0.6/java.util.concurrent.ForkJoinPool.managedBlock(ForkJoinPool.java:3725)
        at java.base@21.0.6/java.util.concurrent.locks.AbstractQueuedSynchronizer$ConditionObject.await(AbstractQueuedSynchronizer.java:1712)
        at java.base@21.0.6/java.util.concurrent.LinkedBlockingQueue.take(LinkedBlockingQueue.java:435)
        at java.base@21.0.6/java.util.concurrent.ThreadPoolExecutor.getTask(ThreadPoolExecutor.java:1070)
        at java.base@21.0.6/java.util.concurrent.ThreadPoolExecutor.runWorker(ThreadPoolExecutor.java:1130)
        at java.base@21.0.6/java.util.concurrent.ThreadPoolExecutor$Worker.run(ThreadPoolExecutor.java:642)
        at java.base@21.0.6/java.lang.Thread.runWith(Thread.java:1596)
        at java.base@21.0.6/java.lang.Thread.run(Thread.java:1583)
"qtp1616906553-707" daemon prio=5 tid=707 timed_waiting
java.lang.Thread.State: TIMED_WAITING
        at java.base@21.0.6/jdk.internal.misc.Unsafe.park(Native Method)
        at java.base@21.0.6/java.util.concurrent.locks.LockSupport.parkNanos(LockSupport.java:269)
        at java.base@21.0.6/java.util.concurrent.locks.AbstractQueuedSynchronizer$ConditionObject.awaitNanos(AbstractQueuedSynchronizer.java:1763)
        at app//org.eclipse.jetty.util.BlockingArrayQueue.poll(BlockingArrayQueue.java:382)
        at app//org.eclipse.jetty.util.thread.QueuedThreadPool$Runner.idleJobPoll(QueuedThreadPool.java:974)
        at app//org.eclipse.jetty.util.thread.QueuedThreadPool$Runner.run(QueuedThreadPool.java:1018)
        at java.base@21.0.6/java.lang.Thread.runWith(Thread.java:1596)
        at java.base@21.0.6/java.lang.Thread.run(Thread.java:1583)
"qtp454923113-2245-acceptor-0@2de56960-ServerConnector@31733839{HTTP/1.1, (http/1.1)}{0.0.0.0:15011}" daemon prio=3 tid=2245 runnable
java.lang.Thread.State: RUNNABLE
        at java.base@21.0.6/sun.nio.ch.Net.accept(Native Method)
        at java.base@21.0.6/sun.nio.ch.ServerSocketChannelImpl.implAccept(ServerSocketChannelImpl.java:433)
        at java.base@21.0.6/sun.nio.ch.ServerSocketChannelImpl.accept(ServerSocketChannelImpl.java:399)
        at app//org.eclipse.jetty.server.ServerConnector.accept(ServerConnector.java:388)
        at app//org.eclipse.jetty.server.AbstractConnector$Acceptor.run(AbstractConnector.java:704)
        at app//org.eclipse.jetty.util.thread.QueuedThreadPool.runJob(QueuedThreadPool.java:883)
        at app//org.eclipse.jetty.util.thread.QueuedThreadPool$Runner.run(QueuedThreadPool.java:1034)
        at java.base@21.0.6/java.lang.Thread.runWith(Thread.java:1596)
        at java.base@21.0.6/java.lang.Thread.run(Thread.java:1583)
"qtp1625390205-570" daemon prio=5 tid=570 timed_waiting
java.lang.Thread.State: TIMED_WAITING
        at java.base@21.0.6/jdk.internal.misc.Unsafe.park(Native Method)
        at java.base@21.0.6/java.util.concurrent.locks.LockSupport.parkNanos(LockSupport.java:269)
        at java.base@21.0.6/java.util.concurrent.locks.AbstractQueuedSynchronizer$ConditionObject.awaitNanos(AbstractQueuedSynchronizer.java:1763)
        at app//org.eclipse.jetty.util.BlockingArrayQueue.poll(BlockingArrayQueue.java:382)
        at app//org.eclipse.jetty.util.thread.QueuedThreadPool$Runner.idleJobPoll(QueuedThreadPool.java:974)
        at app//org.eclipse.jetty.util.thread.QueuedThreadPool$Runner.run(QueuedThreadPool.java:1018)
        at java.base@21.0.6/java.lang.Thread.runWith(Thread.java:1596)
        at java.base@21.0.6/java.lang.Thread.run(Thread.java:1583)
"IPC Server handler 32 on default port 15001" daemon prio=5 tid=246 timed_waiting
java.lang.Thread.State: TIMED_WAITING
        at java.base@21.0.6/jdk.internal.misc.Unsafe.park(Native Method)
        at java.base@21.0.6/java.util.concurrent.locks.LockSupport.parkNanos(LockSupport.java:269)
        at java.base@21.0.6/java.util.concurrent.locks.AbstractQueuedSynchronizer$ConditionObject.awaitNanos(AbstractQueuedSynchronizer.java:1763)
        at java.base@21.0.6/java.util.concurrent.LinkedBlockingQueue.poll(LinkedBlockingQueue.java:460)
        at app//org.apache.hadoop.ipc.CallQueueManager.take(CallQueueManager.java:370)
        at app//org.apache.hadoop.ipc.Server$Handler.run(Server.java:3165)
"ccfadb7c-9180-4c4b-b969-671c642a7bd3-ChunkReader-ELG-0" daemon prio=5 tid=1157 runnable
java.lang.Thread.State: RUNNABLE
        at app//org.apache.ratis.thirdparty.io.netty.channel.epoll.Native.epollWait(Native Method)
        at app//org.apache.ratis.thirdparty.io.netty.channel.epoll.Native.epollWait(Native.java:220)
        at app//org.apache.ratis.thirdparty.io.netty.channel.epoll.Native.epollWait(Native.java:213)
        at app//org.apache.ratis.thirdparty.io.netty.channel.epoll.EpollEventLoop.epollWaitNoTimerChange(EpollEventLoop.java:308)
        at app//org.apache.ratis.thirdparty.io.netty.channel.epoll.EpollEventLoop.run(EpollEventLoop.java:365)
        at app//org.apache.ratis.thirdparty.io.netty.util.concurrent.SingleThreadEventExecutor$4.run(SingleThreadEventExecutor.java:997)
        at app//org.apache.ratis.thirdparty.io.netty.util.internal.ThreadExecutorMap$2.run(ThreadExecutorMap.java:74)
        at java.base@21.0.6/java.lang.Thread.runWith(Thread.java:1596)
        at java.base@21.0.6/java.lang.Thread.run(Thread.java:1583)
"Socket Reader #1 for port 15002"  prio=5 tid=56 runnable
java.lang.Thread.State: RUNNABLE
        at java.base@21.0.6/sun.nio.ch.EPoll.wait(Native Method)
        at java.base@21.0.6/sun.nio.ch.EPollSelectorImpl.doSelect(EPollSelectorImpl.java:121)
        at java.base@21.0.6/sun.nio.ch.SelectorImpl.lockAndDoSelect(SelectorImpl.java:130)
        at java.base@21.0.6/sun.nio.ch.SelectorImpl.select(SelectorImpl.java:147)
        at app//org.apache.hadoop.ipc.Server$Listener$Reader.doRunLoop(Server.java:1497)
        at app//org.apache.hadoop.ipc.Server$Listener$Reader.run(Server.java:1476)
"grpc-default-executor-5" daemon prio=5 tid=1366 timed_waiting
java.lang.Thread.State: TIMED_WAITING
        at java.base@21.0.6/jdk.internal.misc.Unsafe.park(Native Method)
        at java.base@21.0.6/java.util.concurrent.locks.LockSupport.parkNanos(LockSupport.java:410)
        at java.base@21.0.6/java.util.concurrent.LinkedTransferQueue$DualNode.await(LinkedTransferQueue.java:452)
        at java.base@21.0.6/java.util.concurrent.SynchronousQueue$Transferer.xferLifo(SynchronousQueue.java:194)
        at java.base@21.0.6/java.util.concurrent.SynchronousQueue.xfer(SynchronousQueue.java:235)
        at java.base@21.0.6/java.util.concurrent.SynchronousQueue.poll(SynchronousQueue.java:338)
        at java.base@21.0.6/java.util.concurrent.ThreadPoolExecutor.getTask(ThreadPoolExecutor.java:1069)
        at java.base@21.0.6/java.util.concurrent.ThreadPoolExecutor.runWorker(ThreadPoolExecutor.java:1130)
        at java.base@21.0.6/java.util.concurrent.ThreadPoolExecutor$Worker.run(ThreadPoolExecutor.java:642)
        at java.base@21.0.6/java.lang.Thread.runWith(Thread.java:1596)
        at java.base@21.0.6/java.lang.Thread.run(Thread.java:1583)
"Socket Reader #9 for port 15030"  prio=5 tid=630 runnable
java.lang.Thread.State: RUNNABLE
        at java.base@21.0.6/sun.nio.ch.EPoll.wait(Native Method)
        at java.base@21.0.6/sun.nio.ch.EPollSelectorImpl.doSelect(EPollSelectorImpl.java:121)
        at java.base@21.0.6/sun.nio.ch.SelectorImpl.lockAndDoSelect(SelectorImpl.java:130)
        at java.base@21.0.6/sun.nio.ch.SelectorImpl.select(SelectorImpl.java:147)
        at app//org.apache.hadoop.ipc.Server$Listener$Reader.doRunLoop(Server.java:1497)
        at app//org.apache.hadoop.ipc.Server$Listener$Reader.run(Server.java:1476)
"Socket Reader #6 for port 15057"  prio=5 tid=765 runnable
java.lang.Thread.State: RUNNABLE
        at java.base@21.0.6/sun.nio.ch.EPoll.wait(Native Method)
        at java.base@21.0.6/sun.nio.ch.EPollSelectorImpl.doSelect(EPollSelectorImpl.java:121)
        at java.base@21.0.6/sun.nio.ch.SelectorImpl.lockAndDoSelect(SelectorImpl.java:130)
        at java.base@21.0.6/sun.nio.ch.SelectorImpl.select(SelectorImpl.java:147)
        at app//org.apache.hadoop.ipc.Server$Listener$Reader.doRunLoop(Server.java:1497)
        at app//org.apache.hadoop.ipc.Server$Listener$Reader.run(Server.java:1476)
"e20a886d-0459-4371-959f-f9bdb6931571-server-thread2" daemon prio=5 tid=2389 timed_waiting
java.lang.Thread.State: TIMED_WAITING
        at java.base@21.0.6/jdk.internal.misc.Unsafe.park(Native Method)
        at java.base@21.0.6/java.util.concurrent.locks.LockSupport.parkNanos(LockSupport.java:410)
        at java.base@21.0.6/java.util.concurrent.LinkedTransferQueue$DualNode.await(LinkedTransferQueue.java:452)
        at java.base@21.0.6/java.util.concurrent.SynchronousQueue$Transferer.xferLifo(SynchronousQueue.java:194)
        at java.base@21.0.6/java.util.concurrent.SynchronousQueue.xfer(SynchronousQueue.java:235)
        at java.base@21.0.6/java.util.concurrent.SynchronousQueue.poll(SynchronousQueue.java:338)
        at java.base@21.0.6/java.util.concurrent.ThreadPoolExecutor.getTask(ThreadPoolExecutor.java:1069)
        at java.base@21.0.6/java.util.concurrent.ThreadPoolExecutor.runWorker(ThreadPoolExecutor.java:1130)
        at java.base@21.0.6/java.util.concurrent.ThreadPoolExecutor$Worker.run(ThreadPoolExecutor.java:642)
        at java.base@21.0.6/java.lang.Thread.runWith(Thread.java:1596)
        at java.base@21.0.6/java.lang.Thread.run(Thread.java:1583)
"IPC Server handler 46 on default port 15001" daemon prio=5 tid=260 timed_waiting
java.lang.Thread.State: TIMED_WAITING
        at java.base@21.0.6/jdk.internal.misc.Unsafe.park(Native Method)
        at java.base@21.0.6/java.util.concurrent.locks.LockSupport.parkNanos(LockSupport.java:269)
        at java.base@21.0.6/java.util.concurrent.locks.AbstractQueuedSynchronizer$ConditionObject.awaitNanos(AbstractQueuedSynchronizer.java:1763)
        at java.base@21.0.6/java.util.concurrent.LinkedBlockingQueue.poll(LinkedBlockingQueue.java:460)
        at app//org.apache.hadoop.ipc.CallQueueManager.take(CallQueueManager.java:370)
        at app//org.apache.hadoop.ipc.Server$Handler.run(Server.java:3165)
"IPC Server handler 50 on default port 15001" daemon prio=5 tid=264 timed_waiting
java.lang.Thread.State: TIMED_WAITING
        at java.base@21.0.6/jdk.internal.misc.Unsafe.park(Native Method)
        at java.base@21.0.6/java.util.concurrent.locks.LockSupport.parkNanos(LockSupport.java:269)
        at java.base@21.0.6/java.util.concurrent.locks.AbstractQueuedSynchronizer$ConditionObject.awaitNanos(AbstractQueuedSynchronizer.java:1763)
        at java.base@21.0.6/java.util.concurrent.LinkedBlockingQueue.poll(LinkedBlockingQueue.java:460)
        at app//org.apache.hadoop.ipc.CallQueueManager.take(CallQueueManager.java:370)
        at app//org.apache.hadoop.ipc.Server$Handler.run(Server.java:3165)
"Hadoop-Metrics-Updater-0" daemon prio=5 tid=1926 timed_waiting
java.lang.Thread.State: TIMED_WAITING
        at java.base@21.0.6/jdk.internal.misc.Unsafe.park(Native Method)
        at java.base@21.0.6/java.util.concurrent.locks.LockSupport.parkNanos(LockSupport.java:269)
        at java.base@21.0.6/java.util.concurrent.locks.AbstractQueuedSynchronizer$ConditionObject.awaitNanos(AbstractQueuedSynchronizer.java:1763)
        at java.base@21.0.6/java.util.concurrent.ScheduledThreadPoolExecutor$DelayedWorkQueue.take(ScheduledThreadPoolExecutor.java:1182)
        at java.base@21.0.6/java.util.concurrent.ScheduledThreadPoolExecutor$DelayedWorkQueue.take(ScheduledThreadPoolExecutor.java:899)
        at java.base@21.0.6/java.util.concurrent.ThreadPoolExecutor.getTask(ThreadPoolExecutor.java:1070)
        at java.base@21.0.6/java.util.concurrent.ThreadPoolExecutor.runWorker(ThreadPoolExecutor.java:1130)
        at java.base@21.0.6/java.util.concurrent.ThreadPoolExecutor$Worker.run(ThreadPoolExecutor.java:642)
        at java.base@21.0.6/java.lang.Thread.runWith(Thread.java:1596)
        at java.base@21.0.6/java.lang.Thread.run(Thread.java:1583)
"LeaseManager#LeaseMonitor" daemon prio=5 tid=315 timed_waiting
java.lang.Thread.State: TIMED_WAITING
        at java.base@21.0.6/jdk.internal.misc.Unsafe.park(Native Method)
        at java.base@21.0.6/java.util.concurrent.locks.LockSupport.parkNanos(LockSupport.java:269)
        at java.base@21.0.6/java.util.concurrent.locks.AbstractQueuedSynchronizer.acquire(AbstractQueuedSynchronizer.java:756)
        at java.base@21.0.6/java.util.concurrent.locks.AbstractQueuedSynchronizer.tryAcquireSharedNanos(AbstractQueuedSynchronizer.java:1126)
        at java.base@21.0.6/java.util.concurrent.Semaphore.tryAcquire(Semaphore.java:415)
        at app//org.apache.hadoop.ozone.lease.LeaseManager$LeaseMonitor.run(LeaseManager.java:283)
        at java.base@21.0.6/java.lang.Thread.runWith(Thread.java:1596)
        at java.base@21.0.6/java.lang.Thread.run(Thread.java:1583)
"IPC Server handler 7 on default port 15075" daemon prio=5 tid=872 timed_waiting
java.lang.Thread.State: TIMED_WAITING
        at java.base@21.0.6/jdk.internal.misc.Unsafe.park(Native Method)
        at java.base@21.0.6/java.util.concurrent.locks.LockSupport.parkNanos(LockSupport.java:269)
        at java.base@21.0.6/java.util.concurrent.locks.AbstractQueuedSynchronizer$ConditionObject.awaitNanos(AbstractQueuedSynchronizer.java:1763)
        at java.base@21.0.6/java.util.concurrent.LinkedBlockingQueue.poll(LinkedBlockingQueue.java:460)
        at app//org.apache.hadoop.ipc.CallQueueManager.take(CallQueueManager.java:370)
        at app//org.apache.hadoop.ipc.Server$Handler.run(Server.java:3165)
"6b36f32d-918c-46a3-bfcb-888cb423c6dd@group-81341F4E2824-cacheEviction-AwaitToRun" daemon prio=5 tid=1213 in Object.wait()
java.lang.Thread.State: WAITING (on object monitor)
        at java.base@21.0.6/jdk.internal.misc.Unsafe.park(Native Method)
        at java.base@21.0.6/java.util.concurrent.locks.LockSupport.park(LockSupport.java:371)
        at java.base@21.0.6/java.util.concurrent.locks.AbstractQueuedSynchronizer$ConditionNode.block(AbstractQueuedSynchronizer.java:519)
        at java.base@21.0.6/java.util.concurrent.ForkJoinPool.unmanagedBlock(ForkJoinPool.java:3780)
        at java.base@21.0.6/java.util.concurrent.ForkJoinPool.managedBlock(ForkJoinPool.java:3725)
        at java.base@21.0.6/java.util.concurrent.locks.AbstractQueuedSynchronizer$ConditionObject.await(AbstractQueuedSynchronizer.java:1712)
        at app//org.apache.ratis.util.AwaitForSignal.await(AwaitForSignal.java:48)
        at app//org.apache.ratis.util.AwaitToRun$RunnableImpl.run(AwaitToRun.java:47)
        at java.base@21.0.6/java.lang.Thread.runWith(Thread.java:1596)
        at java.base@21.0.6/java.lang.Thread.run(Thread.java:1583)
"ContainerDataScanner(/home/runner/work/ozone/ozone/hadoop-ozone/integration-test/target/test-dir/MiniOzoneClusterImpl-3e129c02-f7f1-4d32-bd92-d681932e2c0d/ozone-meta/datanode-6/data-0/hdds)" daemon prio=5 tid=1073 timed_waiting
java.lang.Thread.State: TIMED_WAITING
        at java.base@21.0.6/java.lang.Thread.sleep0(Native Method)
        at java.base@21.0.6/java.lang.Thread.sleep(Thread.java:509)
        at app//org.apache.hadoop.ozone.container.ozoneimpl.AbstractBackgroundContainerScanner.handleRemainingSleep(AbstractBackgroundContainerScanner.java:128)
        at app//org.apache.hadoop.ozone.container.ozoneimpl.AbstractBackgroundContainerScanner.runIteration(AbstractBackgroundContainerScanner.java:95)
        at app//org.apache.hadoop.ozone.container.ozoneimpl.AbstractBackgroundContainerScanner.run(AbstractBackgroundContainerScanner.java:54)
"qtp179497095-319-acceptor-0@24b86c29-ServerConnector@43c3354{HTTP/1.1, (http/1.1)}{0.0.0.0:15003}" daemon prio=3 tid=319 runnable
java.lang.Thread.State: RUNNABLE
        at java.base@21.0.6/sun.nio.ch.Net.accept(Native Method)
        at java.base@21.0.6/sun.nio.ch.ServerSocketChannelImpl.implAccept(ServerSocketChannelImpl.java:433)
        at java.base@21.0.6/sun.nio.ch.ServerSocketChannelImpl.accept(ServerSocketChannelImpl.java:399)
        at app//org.eclipse.jetty.server.ServerConnector.accept(ServerConnector.java:388)
        at app//org.eclipse.jetty.server.AbstractConnector$Acceptor.run(AbstractConnector.java:704)
        at app//org.eclipse.jetty.util.thread.QueuedThreadPool.runJob(QueuedThreadPool.java:883)
        at app//org.eclipse.jetty.util.thread.QueuedThreadPool$Runner.run(QueuedThreadPool.java:1034)
        at java.base@21.0.6/java.lang.Thread.runWith(Thread.java:1596)
        at java.base@21.0.6/java.lang.Thread.run(Thread.java:1583)
"e20a886d-0459-4371-959f-f9bdb6931571-DatanodeReportManager-3" daemon prio=5 tid=879 timed_waiting
java.lang.Thread.State: TIMED_WAITING
        at java.base@21.0.6/jdk.internal.misc.Unsafe.park(Native Method)
        at java.base@21.0.6/java.util.concurrent.locks.LockSupport.parkNanos(LockSupport.java:269)
        at java.base@21.0.6/java.util.concurrent.locks.AbstractQueuedSynchronizer$ConditionObject.awaitNanos(AbstractQueuedSynchronizer.java:1763)
        at java.base@21.0.6/java.util.concurrent.ScheduledThreadPoolExecutor$DelayedWorkQueue.take(ScheduledThreadPoolExecutor.java:1182)
        at java.base@21.0.6/java.util.concurrent.ScheduledThreadPoolExecutor$DelayedWorkQueue.take(ScheduledThreadPoolExecutor.java:899)
        at java.base@21.0.6/java.util.concurrent.ThreadPoolExecutor.getTask(ThreadPoolExecutor.java:1070)
        at java.base@21.0.6/java.util.concurrent.ThreadPoolExecutor.runWorker(ThreadPoolExecutor.java:1130)
        at java.base@21.0.6/java.util.concurrent.ThreadPoolExecutor$Worker.run(ThreadPoolExecutor.java:642)
        at java.base@21.0.6/java.lang.Thread.runWith(Thread.java:1596)
        at java.base@21.0.6/java.lang.Thread.run(Thread.java:1583)
"IPC Server handler 96 on default port 15000" daemon prio=5 tid=210 timed_waiting
java.lang.Thread.State: TIMED_WAITING
        at java.base@21.0.6/jdk.internal.misc.Unsafe.park(Native Method)
        at java.base@21.0.6/java.util.concurrent.locks.LockSupport.parkNanos(LockSupport.java:269)
        at java.base@21.0.6/java.util.concurrent.locks.AbstractQueuedSynchronizer$ConditionObject.awaitNanos(AbstractQueuedSynchronizer.java:1763)
        at java.base@21.0.6/java.util.concurrent.LinkedBlockingQueue.poll(LinkedBlockingQueue.java:460)
        at app//org.apache.hadoop.ipc.CallQueueManager.take(CallQueueManager.java:370)
        at app//org.apache.hadoop.ipc.Server$Handler.run(Server.java:3165)
"qtp1009893576-937" daemon prio=5 tid=937 timed_waiting
java.lang.Thread.State: TIMED_WAITING
        at java.base@21.0.6/jdk.internal.misc.Unsafe.park(Native Method)
        at java.base@21.0.6/java.util.concurrent.locks.LockSupport.parkNanos(LockSupport.java:269)
        at java.base@21.0.6/java.util.concurrent.locks.AbstractQueuedSynchronizer$ConditionObject.awaitNanos(AbstractQueuedSynchronizer.java:1763)
        at app//org.eclipse.jetty.util.BlockingArrayQueue.poll(BlockingArrayQueue.java:382)
        at app//org.eclipse.jetty.util.thread.QueuedThreadPool$Runner.idleJobPoll(QueuedThreadPool.java:974)
        at app//org.eclipse.jetty.util.thread.QueuedThreadPool$Runner.run(QueuedThreadPool.java:1018)
        at java.base@21.0.6/java.lang.Thread.runWith(Thread.java:1596)
        at java.base@21.0.6/java.lang.Thread.run(Thread.java:1583)
"om1-DirectoryDeletingService#3" daemon prio=5 tid=471 in Object.wait()
java.lang.Thread.State: WAITING (on object monitor)
        at java.base@21.0.6/jdk.internal.misc.Unsafe.park(Native Method)
        at java.base@21.0.6/java.util.concurrent.locks.LockSupport.park(LockSupport.java:371)
        at java.base@21.0.6/java.util.concurrent.locks.AbstractQueuedSynchronizer$ConditionNode.block(AbstractQueuedSynchronizer.java:519)
        at java.base@21.0.6/java.util.concurrent.ForkJoinPool.unmanagedBlock(ForkJoinPool.java:3780)
        at java.base@21.0.6/java.util.concurrent.ForkJoinPool.managedBlock(ForkJoinPool.java:3725)
        at java.base@21.0.6/java.util.concurrent.locks.AbstractQueuedSynchronizer$ConditionObject.await(AbstractQueuedSynchronizer.java:1712)
        at java.base@21.0.6/java.util.concurrent.ScheduledThreadPoolExecutor$DelayedWorkQueue.take(ScheduledThreadPoolExecutor.java:1177)
        at java.base@21.0.6/java.util.concurrent.ScheduledThreadPoolExecutor$DelayedWorkQueue.take(ScheduledThreadPoolExecutor.java:899)
        at java.base@21.0.6/java.util.concurrent.ThreadPoolExecutor.getTask(ThreadPoolExecutor.java:1070)
        at java.base@21.0.6/java.util.concurrent.ThreadPoolExecutor.runWorker(ThreadPoolExecutor.java:1130)
        at java.base@21.0.6/java.util.concurrent.ThreadPoolExecutor$Worker.run(ThreadPoolExecutor.java:642)
        at java.base@21.0.6/java.lang.Thread.runWith(Thread.java:1596)
        at java.base@21.0.6/java.lang.Thread.run(Thread.java:1583)
"Socket Reader #6 for port 15002"  prio=5 tid=61 runnable
java.lang.Thread.State: RUNNABLE
        at java.base@21.0.6/sun.nio.ch.EPoll.wait(Native Method)
        at java.base@21.0.6/sun.nio.ch.EPollSelectorImpl.doSelect(EPollSelectorImpl.java:121)
        at java.base@21.0.6/sun.nio.ch.SelectorImpl.lockAndDoSelect(SelectorImpl.java:130)
        at java.base@21.0.6/sun.nio.ch.SelectorImpl.select(SelectorImpl.java:147)
        at app//org.apache.hadoop.ipc.Server$Listener$Reader.doRunLoop(Server.java:1497)
        at app//org.apache.hadoop.ipc.Server$Listener$Reader.run(Server.java:1476)
"IPC Server handler 4 on default port 15048" daemon prio=5 tid=731 timed_waiting
java.lang.Thread.State: TIMED_WAITING
        at java.base@21.0.6/jdk.internal.misc.Unsafe.park(Native Method)
        at java.base@21.0.6/java.util.concurrent.locks.LockSupport.parkNanos(LockSupport.java:269)
        at java.base@21.0.6/java.util.concurrent.locks.AbstractQueuedSynchronizer$ConditionObject.awaitNanos(AbstractQueuedSynchronizer.java:1763)
        at java.base@21.0.6/java.util.concurrent.LinkedBlockingQueue.poll(LinkedBlockingQueue.java:460)
        at app//org.apache.hadoop.ipc.CallQueueManager.take(CallQueueManager.java:370)
        at app//org.apache.hadoop.ipc.Server$Handler.run(Server.java:3165)
"25fe7083-9332-4190-accf-9f4542114dd9@group-CA8E8F8CF78E-SegmentedRaftLogWorker" daemon prio=5 tid=1999 timed_waiting
java.lang.Thread.State: TIMED_WAITING
        at java.base@21.0.6/jdk.internal.misc.Unsafe.park(Native Method)
        at java.base@21.0.6/java.util.concurrent.locks.LockSupport.parkNanos(LockSupport.java:269)
        at java.base@21.0.6/java.util.concurrent.locks.AbstractQueuedSynchronizer$ConditionObject.awaitNanos(AbstractQueuedSynchronizer.java:1763)
        at app//org.apache.ratis.util.DataBlockingQueue.poll(DataBlockingQueue.java:148)
        at app//org.apache.ratis.server.raftlog.segmented.SegmentedRaftLogWorker.run(SegmentedRaftLogWorker.java:307)
        at app//org.apache.ratis.server.raftlog.segmented.SegmentedRaftLogWorker$$Lambda/0x00007f7e9c334fd8.run(Unknown Source)
        at java.base@21.0.6/java.util.concurrent.Executors$RunnableAdapter.call(Executors.java:572)
        at java.base@21.0.6/java.util.concurrent.FutureTask.run(FutureTask.java:317)
        at java.base@21.0.6/java.util.concurrent.ThreadPoolExecutor.runWorker(ThreadPoolExecutor.java:1144)
        at java.base@21.0.6/java.util.concurrent.ThreadPoolExecutor$Worker.run(ThreadPoolExecutor.java:642)
        at java.base@21.0.6/java.lang.Thread.runWith(Thread.java:1596)
        at java.base@21.0.6/java.lang.Thread.run(Thread.java:1583)
"IPC Server handler 45 on default port 15001" daemon prio=5 tid=259 timed_waiting
java.lang.Thread.State: TIMED_WAITING
        at java.base@21.0.6/jdk.internal.misc.Unsafe.park(Native Method)
        at java.base@21.0.6/java.util.concurrent.locks.LockSupport.parkNanos(LockSupport.java:269)
        at java.base@21.0.6/java.util.concurrent.locks.AbstractQueuedSynchronizer$ConditionObject.awaitNanos(AbstractQueuedSynchronizer.java:1763)
        at java.base@21.0.6/java.util.concurrent.LinkedBlockingQueue.poll(LinkedBlockingQueue.java:460)
        at app//org.apache.hadoop.ipc.CallQueueManager.take(CallQueueManager.java:370)
        at app//org.apache.hadoop.ipc.Server$Handler.run(Server.java:3165)
"qtp585405660-848" daemon prio=5 tid=848 timed_waiting
java.lang.Thread.State: TIMED_WAITING
        at java.base@21.0.6/jdk.internal.misc.Unsafe.park(Native Method)
        at java.base@21.0.6/java.util.concurrent.locks.LockSupport.parkNanos(LockSupport.java:269)
        at java.base@21.0.6/java.util.concurrent.locks.AbstractQueuedSynchronizer$ConditionObject.awaitNanos(AbstractQueuedSynchronizer.java:1763)
        at app//org.eclipse.jetty.util.BlockingArrayQueue.poll(BlockingArrayQueue.java:382)
        at app//org.eclipse.jetty.util.thread.QueuedThreadPool$Runner.idleJobPoll(QueuedThreadPool.java:974)
        at app//org.eclipse.jetty.util.thread.QueuedThreadPool$Runner.run(QueuedThreadPool.java:1018)
        at java.base@21.0.6/java.lang.Thread.runWith(Thread.java:1596)
        at java.base@21.0.6/java.lang.Thread.run(Thread.java:1583)
"Socket Reader #8 for port 15001"  prio=5 tid=77 runnable
java.lang.Thread.State: RUNNABLE
        at java.base@21.0.6/sun.nio.ch.EPoll.wait(Native Method)
        at java.base@21.0.6/sun.nio.ch.EPollSelectorImpl.doSelect(EPollSelectorImpl.java:121)
        at java.base@21.0.6/sun.nio.ch.SelectorImpl.lockAndDoSelect(SelectorImpl.java:130)
        at java.base@21.0.6/sun.nio.ch.SelectorImpl.select(SelectorImpl.java:147)
        at app//org.apache.hadoop.ipc.Server$Listener$Reader.doRunLoop(Server.java:1497)
        at app//org.apache.hadoop.ipc.Server$Listener$Reader.run(Server.java:1476)
"IPC Server handler 61 on default port 15001" daemon prio=5 tid=275 timed_waiting
java.lang.Thread.State: TIMED_WAITING
        at java.base@21.0.6/jdk.internal.misc.Unsafe.park(Native Method)
        at java.base@21.0.6/java.util.concurrent.locks.LockSupport.parkNanos(LockSupport.java:269)
        at java.base@21.0.6/java.util.concurrent.locks.AbstractQueuedSynchronizer$ConditionObject.awaitNanos(AbstractQueuedSynchronizer.java:1763)
        at java.base@21.0.6/java.util.concurrent.LinkedBlockingQueue.poll(LinkedBlockingQueue.java:460)
        at app//org.apache.hadoop.ipc.CallQueueManager.take(CallQueueManager.java:370)
        at app//org.apache.hadoop.ipc.Server$Handler.run(Server.java:3165)
"eb965ba7-12a8-46f3-92c0-bc6ff5b3bf3b@group-E8C058E7E074-StateMachineUpdater" daemon prio=5 tid=1226 timed_waiting
java.lang.Thread.State: TIMED_WAITING
        at java.base@21.0.6/jdk.internal.misc.Unsafe.park(Native Method)
        at java.base@21.0.6/java.util.concurrent.locks.LockSupport.parkNanos(LockSupport.java:269)
        at java.base@21.0.6/java.util.concurrent.locks.AbstractQueuedSynchronizer$ConditionObject.await(AbstractQueuedSynchronizer.java:1852)
        at app//org.apache.ratis.util.AwaitForSignal.await(AwaitForSignal.java:65)
        at app//org.apache.ratis.server.impl.StateMachineUpdater.waitForCommit(StateMachineUpdater.java:219)
        at app//org.apache.ratis.server.impl.StateMachineUpdater.run(StateMachineUpdater.java:187)
        at java.base@21.0.6/java.lang.Thread.runWith(Thread.java:1596)
        at java.base@21.0.6/java.lang.Thread.run(Thread.java:1583)
"StaleRecoveringContainerScrubbingService#3" daemon prio=5 tid=2185 in Object.wait()
java.lang.Thread.State: WAITING (on object monitor)
        at java.base@21.0.6/jdk.internal.misc.Unsafe.park(Native Method)
        at java.base@21.0.6/java.util.concurrent.locks.LockSupport.park(LockSupport.java:371)
        at java.base@21.0.6/java.util.concurrent.locks.AbstractQueuedSynchronizer$ConditionNode.block(AbstractQueuedSynchronizer.java:519)
        at java.base@21.0.6/java.util.concurrent.ForkJoinPool.unmanagedBlock(ForkJoinPool.java:3780)
        at java.base@21.0.6/java.util.concurrent.ForkJoinPool.managedBlock(ForkJoinPool.java:3725)
        at java.base@21.0.6/java.util.concurrent.locks.AbstractQueuedSynchronizer$ConditionObject.await(AbstractQueuedSynchronizer.java:1712)
        at java.base@21.0.6/java.util.concurrent.ScheduledThreadPoolExecutor$DelayedWorkQueue.take(ScheduledThreadPoolExecutor.java:1177)
        at java.base@21.0.6/java.util.concurrent.ScheduledThreadPoolExecutor$DelayedWorkQueue.take(ScheduledThreadPoolExecutor.java:899)
        at java.base@21.0.6/java.util.concurrent.ThreadPoolExecutor.getTask(ThreadPoolExecutor.java:1070)
        at java.base@21.0.6/java.util.concurrent.ThreadPoolExecutor.runWorker(ThreadPoolExecutor.java:1130)
        at java.base@21.0.6/java.util.concurrent.ThreadPoolExecutor$Worker.run(ThreadPoolExecutor.java:642)
        at java.base@21.0.6/java.lang.Thread.runWith(Thread.java:1596)
        at java.base@21.0.6/java.lang.Thread.run(Thread.java:1583)
"StaleRecoveringContainerScrubbingService#1" daemon prio=5 tid=1010 in Object.wait()
java.lang.Thread.State: WAITING (on object monitor)
        at java.base@21.0.6/jdk.internal.misc.Unsafe.park(Native Method)
        at java.base@21.0.6/java.util.concurrent.locks.LockSupport.park(LockSupport.java:371)
        at java.base@21.0.6/java.util.concurrent.locks.AbstractQueuedSynchronizer$ConditionNode.block(AbstractQueuedSynchronizer.java:519)
        at java.base@21.0.6/java.util.concurrent.ForkJoinPool.unmanagedBlock(ForkJoinPool.java:3780)
        at java.base@21.0.6/java.util.concurrent.ForkJoinPool.managedBlock(ForkJoinPool.java:3725)
        at java.base@21.0.6/java.util.concurrent.locks.AbstractQueuedSynchronizer$ConditionObject.await(AbstractQueuedSynchronizer.java:1712)
        at java.base@21.0.6/java.util.concurrent.ScheduledThreadPoolExecutor$DelayedWorkQueue.take(ScheduledThreadPoolExecutor.java:1177)
        at java.base@21.0.6/java.util.concurrent.ScheduledThreadPoolExecutor$DelayedWorkQueue.take(ScheduledThreadPoolExecutor.java:899)
        at java.base@21.0.6/java.util.concurrent.ThreadPoolExecutor.getTask(ThreadPoolExecutor.java:1070)
        at java.base@21.0.6/java.util.concurrent.ThreadPoolExecutor.runWorker(ThreadPoolExecutor.java:1130)
        at java.base@21.0.6/java.util.concurrent.ThreadPoolExecutor$Worker.run(ThreadPoolExecutor.java:642)
        at java.base@21.0.6/java.lang.Thread.runWith(Thread.java:1596)
        at java.base@21.0.6/java.lang.Thread.run(Thread.java:1583)
"Socket Reader #8 for port 15039"  prio=5 tid=675 runnable
java.lang.Thread.State: RUNNABLE
        at java.base@21.0.6/sun.nio.ch.EPoll.wait(Native Method)
        at java.base@21.0.6/sun.nio.ch.EPollSelectorImpl.doSelect(EPollSelectorImpl.java:121)
        at java.base@21.0.6/sun.nio.ch.SelectorImpl.lockAndDoSelect(SelectorImpl.java:130)
        at java.base@21.0.6/sun.nio.ch.SelectorImpl.select(SelectorImpl.java:147)
        at app//org.apache.hadoop.ipc.Server$Listener$Reader.doRunLoop(Server.java:1497)
        at app//org.apache.hadoop.ipc.Server$Listener$Reader.run(Server.java:1476)
"IPC Server handler 14 on default port 15001" daemon prio=5 tid=228 timed_waiting
java.lang.Thread.State: TIMED_WAITING
        at java.base@21.0.6/jdk.internal.misc.Unsafe.park(Native Method)
        at java.base@21.0.6/java.util.concurrent.locks.LockSupport.parkNanos(LockSupport.java:269)
        at java.base@21.0.6/java.util.concurrent.locks.AbstractQueuedSynchronizer$ConditionObject.awaitNanos(AbstractQueuedSynchronizer.java:1763)
        at java.base@21.0.6/java.util.concurrent.LinkedBlockingQueue.poll(LinkedBlockingQueue.java:460)
        at app//org.apache.hadoop.ipc.CallQueueManager.take(CallQueueManager.java:370)
        at app//org.apache.hadoop.ipc.Server$Handler.run(Server.java:3165)
"6b36f32d-918c-46a3-bfcb-888cb423c6dd-ContainerOp-ca93de93-6260-4798-bfae-2aa5ac354986-2"  prio=5 tid=1578 in Object.wait()
java.lang.Thread.State: WAITING (on object monitor)
        at java.base@21.0.6/jdk.internal.misc.Unsafe.park(Native Method)
        at java.base@21.0.6/java.util.concurrent.locks.LockSupport.park(LockSupport.java:371)
        at java.base@21.0.6/java.util.concurrent.locks.AbstractQueuedSynchronizer$ConditionNode.block(AbstractQueuedSynchronizer.java:519)
        at java.base@21.0.6/java.util.concurrent.ForkJoinPool.unmanagedBlock(ForkJoinPool.java:3780)
        at java.base@21.0.6/java.util.concurrent.ForkJoinPool.managedBlock(ForkJoinPool.java:3725)
        at java.base@21.0.6/java.util.concurrent.locks.AbstractQueuedSynchronizer$ConditionObject.await(AbstractQueuedSynchronizer.java:1712)
        at java.base@21.0.6/java.util.concurrent.LinkedBlockingQueue.take(LinkedBlockingQueue.java:435)
        at java.base@21.0.6/java.util.concurrent.ThreadPoolExecutor.getTask(ThreadPoolExecutor.java:1070)
        at java.base@21.0.6/java.util.concurrent.ThreadPoolExecutor.runWorker(ThreadPoolExecutor.java:1130)
        at java.base@21.0.6/java.util.concurrent.ThreadPoolExecutor$Worker.run(ThreadPoolExecutor.java:642)
        at java.base@21.0.6/java.lang.Thread.runWith(Thread.java:1596)
        at java.base@21.0.6/java.lang.Thread.run(Thread.java:1583)
"25fe7083-9332-4190-accf-9f4542114dd9@group-222A66FCA67D-cacheEviction-AwaitToRun" daemon prio=5 tid=2010 in Object.wait()
java.lang.Thread.State: WAITING (on object monitor)
        at java.base@21.0.6/jdk.internal.misc.Unsafe.park(Native Method)
        at java.base@21.0.6/java.util.concurrent.locks.LockSupport.park(LockSupport.java:371)
        at java.base@21.0.6/java.util.concurrent.locks.AbstractQueuedSynchronizer$ConditionNode.block(AbstractQueuedSynchronizer.java:519)
        at java.base@21.0.6/java.util.concurrent.ForkJoinPool.unmanagedBlock(ForkJoinPool.java:3780)
        at java.base@21.0.6/java.util.concurrent.ForkJoinPool.managedBlock(ForkJoinPool.java:3725)
        at java.base@21.0.6/java.util.concurrent.locks.AbstractQueuedSynchronizer$ConditionObject.await(AbstractQueuedSynchronizer.java:1712)
        at app//org.apache.ratis.util.AwaitForSignal.await(AwaitForSignal.java:48)
        at app//org.apache.ratis.util.AwaitToRun$RunnableImpl.run(AwaitToRun.java:47)
        at java.base@21.0.6/java.lang.Thread.runWith(Thread.java:1596)
        at java.base@21.0.6/java.lang.Thread.run(Thread.java:1583)
"StaleRecoveringContainerScrubbingService#1" daemon prio=5 tid=1047 in Object.wait()
java.lang.Thread.State: WAITING (on object monitor)
        at java.base@21.0.6/jdk.internal.misc.Unsafe.park(Native Method)
        at java.base@21.0.6/java.util.concurrent.locks.LockSupport.park(LockSupport.java:371)
        at java.base@21.0.6/java.util.concurrent.locks.AbstractQueuedSynchronizer$ConditionNode.block(AbstractQueuedSynchronizer.java:519)
        at java.base@21.0.6/java.util.concurrent.ForkJoinPool.unmanagedBlock(ForkJoinPool.java:3780)
        at java.base@21.0.6/java.util.concurrent.ForkJoinPool.managedBlock(ForkJoinPool.java:3725)
        at java.base@21.0.6/java.util.concurrent.locks.AbstractQueuedSynchronizer$ConditionObject.await(AbstractQueuedSynchronizer.java:1712)
        at java.base@21.0.6/java.util.concurrent.ScheduledThreadPoolExecutor$DelayedWorkQueue.take(ScheduledThreadPoolExecutor.java:1177)
        at java.base@21.0.6/java.util.concurrent.ScheduledThreadPoolExecutor$DelayedWorkQueue.take(ScheduledThreadPoolExecutor.java:899)
        at java.base@21.0.6/java.util.concurrent.ThreadPoolExecutor.getTask(ThreadPoolExecutor.java:1070)
        at java.base@21.0.6/java.util.concurrent.ThreadPoolExecutor.runWorker(ThreadPoolExecutor.java:1130)
        at java.base@21.0.6/java.util.concurrent.ThreadPoolExecutor$Worker.run(ThreadPoolExecutor.java:642)
        at java.base@21.0.6/java.lang.Thread.runWith(Thread.java:1596)
        at java.base@21.0.6/java.lang.Thread.run(Thread.java:1583)
"IPC Server handler 78 on default port 15000" daemon prio=5 tid=192 timed_waiting
java.lang.Thread.State: TIMED_WAITING
        at java.base@21.0.6/jdk.internal.misc.Unsafe.park(Native Method)
        at java.base@21.0.6/java.util.concurrent.locks.LockSupport.parkNanos(LockSupport.java:269)
        at java.base@21.0.6/java.util.concurrent.locks.AbstractQueuedSynchronizer$ConditionObject.awaitNanos(AbstractQueuedSynchronizer.java:1763)
        at java.base@21.0.6/java.util.concurrent.LinkedBlockingQueue.poll(LinkedBlockingQueue.java:460)
        at app//org.apache.hadoop.ipc.CallQueueManager.take(CallQueueManager.java:370)
        at app//org.apache.hadoop.ipc.Server$Handler.run(Server.java:3165)
"pool-212-thread-1"  prio=5 tid=749 timed_waiting
java.lang.Thread.State: TIMED_WAITING
        at java.base@21.0.6/jdk.internal.misc.Unsafe.park(Native Method)
        at java.base@21.0.6/java.util.concurrent.locks.LockSupport.parkNanos(LockSupport.java:269)
        at java.base@21.0.6/java.util.concurrent.locks.AbstractQueuedSynchronizer$ConditionObject.awaitNanos(AbstractQueuedSynchronizer.java:1763)
        at java.base@21.0.6/java.util.concurrent.ScheduledThreadPoolExecutor$DelayedWorkQueue.take(ScheduledThreadPoolExecutor.java:1182)
        at java.base@21.0.6/java.util.concurrent.ScheduledThreadPoolExecutor$DelayedWorkQueue.take(ScheduledThreadPoolExecutor.java:899)
        at java.base@21.0.6/java.util.concurrent.ThreadPoolExecutor.getTask(ThreadPoolExecutor.java:1070)
        at java.base@21.0.6/java.util.concurrent.ThreadPoolExecutor.runWorker(ThreadPoolExecutor.java:1130)
        at java.base@21.0.6/java.util.concurrent.ThreadPoolExecutor$Worker.run(ThreadPoolExecutor.java:642)
        at java.base@21.0.6/java.lang.Thread.runWith(Thread.java:1596)
        at java.base@21.0.6/java.lang.Thread.run(Thread.java:1583)
"42086d8c-c943-47d6-a5f9-799709872375@group-21EBC56F7032-LeaderStateImpl" daemon prio=5 tid=1437 timed_waiting
java.lang.Thread.State: TIMED_WAITING
        at java.base@21.0.6/jdk.internal.misc.Unsafe.park(Native Method)
        at java.base@21.0.6/java.util.concurrent.locks.LockSupport.parkNanos(LockSupport.java:269)
        at java.base@21.0.6/java.util.concurrent.locks.AbstractQueuedSynchronizer$ConditionObject.awaitNanos(AbstractQueuedSynchronizer.java:1763)
        at java.base@21.0.6/java.util.concurrent.ArrayBlockingQueue.poll(ArrayBlockingQueue.java:435)
        at app//org.apache.ratis.server.impl.LeaderStateImpl$EventQueue.poll(LeaderStateImpl.java:164)
        at app//org.apache.ratis.server.impl.LeaderStateImpl$EventProcessor.run(LeaderStateImpl.java:763)
"PartialTableCache-Cleanup-0" daemon prio=5 tid=1454 in Object.wait()
java.lang.Thread.State: WAITING (on object monitor)
        at java.base@21.0.6/jdk.internal.misc.Unsafe.park(Native Method)
        at java.base@21.0.6/java.util.concurrent.locks.LockSupport.park(LockSupport.java:371)
        at java.base@21.0.6/java.util.concurrent.locks.AbstractQueuedSynchronizer$ConditionNode.block(AbstractQueuedSynchronizer.java:519)
        at java.base@21.0.6/java.util.concurrent.ForkJoinPool.unmanagedBlock(ForkJoinPool.java:3780)
        at java.base@21.0.6/java.util.concurrent.ForkJoinPool.managedBlock(ForkJoinPool.java:3725)
        at java.base@21.0.6/java.util.concurrent.locks.AbstractQueuedSynchronizer$ConditionObject.await(AbstractQueuedSynchronizer.java:1712)
        at java.base@21.0.6/java.util.concurrent.LinkedBlockingQueue.take(LinkedBlockingQueue.java:435)
        at java.base@21.0.6/java.util.concurrent.ThreadPoolExecutor.getTask(ThreadPoolExecutor.java:1070)
        at java.base@21.0.6/java.util.concurrent.ThreadPoolExecutor.runWorker(ThreadPoolExecutor.java:1130)
        at java.base@21.0.6/java.util.concurrent.ThreadPoolExecutor$Worker.run(ThreadPoolExecutor.java:642)
        at java.base@21.0.6/java.lang.Thread.runWith(Thread.java:1596)
        at java.base@21.0.6/java.lang.Thread.run(Thread.java:1583)
"IPC Server handler 54 on default port 15002" daemon prio=5 tid=386 timed_waiting
java.lang.Thread.State: TIMED_WAITING
        at java.base@21.0.6/jdk.internal.misc.Unsafe.park(Native Method)
        at java.base@21.0.6/java.util.concurrent.locks.LockSupport.parkNanos(LockSupport.java:269)
        at java.base@21.0.6/java.util.concurrent.locks.AbstractQueuedSynchronizer$ConditionObject.awaitNanos(AbstractQueuedSynchronizer.java:1763)
        at java.base@21.0.6/java.util.concurrent.LinkedBlockingQueue.poll(LinkedBlockingQueue.java:460)
        at app//org.apache.hadoop.ipc.CallQueueManager.take(CallQueueManager.java:370)
        at app//org.apache.hadoop.ipc.Server$Handler.run(Server.java:3165)
"pool-187-thread-1"  prio=5 tid=703 timed_waiting
java.lang.Thread.State: TIMED_WAITING
        at java.base@21.0.6/jdk.internal.misc.Unsafe.park(Native Method)
        at java.base@21.0.6/java.util.concurrent.locks.LockSupport.parkNanos(LockSupport.java:269)
        at java.base@21.0.6/java.util.concurrent.locks.AbstractQueuedSynchronizer$ConditionObject.awaitNanos(AbstractQueuedSynchronizer.java:1763)
        at java.base@21.0.6/java.util.concurrent.ScheduledThreadPoolExecutor$DelayedWorkQueue.take(ScheduledThreadPoolExecutor.java:1182)
        at java.base@21.0.6/java.util.concurrent.ScheduledThreadPoolExecutor$DelayedWorkQueue.take(ScheduledThreadPoolExecutor.java:899)
        at java.base@21.0.6/java.util.concurrent.ThreadPoolExecutor.getTask(ThreadPoolExecutor.java:1070)
        at java.base@21.0.6/java.util.concurrent.ThreadPoolExecutor.runWorker(ThreadPoolExecutor.java:1130)
        at java.base@21.0.6/java.util.concurrent.ThreadPoolExecutor$Worker.run(ThreadPoolExecutor.java:642)
        at java.base@21.0.6/java.lang.Thread.runWith(Thread.java:1596)
        at java.base@21.0.6/java.lang.Thread.run(Thread.java:1583)
"ccfadb7c-9180-4c4b-b969-671c642a7bd3-BlockDeletingService#0" daemon prio=5 tid=1158 timed_waiting
java.lang.Thread.State: TIMED_WAITING
        at java.base@21.0.6/jdk.internal.misc.Unsafe.park(Native Method)
        at java.base@21.0.6/java.util.concurrent.locks.LockSupport.parkNanos(LockSupport.java:269)
        at java.base@21.0.6/java.util.concurrent.locks.AbstractQueuedSynchronizer$ConditionObject.awaitNanos(AbstractQueuedSynchronizer.java:1763)
        at java.base@21.0.6/java.util.concurrent.ScheduledThreadPoolExecutor$DelayedWorkQueue.take(ScheduledThreadPoolExecutor.java:1182)
        at java.base@21.0.6/java.util.concurrent.ScheduledThreadPoolExecutor$DelayedWorkQueue.take(ScheduledThreadPoolExecutor.java:899)
        at java.base@21.0.6/java.util.concurrent.ThreadPoolExecutor.getTask(ThreadPoolExecutor.java:1070)
        at java.base@21.0.6/java.util.concurrent.ThreadPoolExecutor.runWorker(ThreadPoolExecutor.java:1130)
        at java.base@21.0.6/java.util.concurrent.ThreadPoolExecutor$Worker.run(ThreadPoolExecutor.java:642)
        at java.base@21.0.6/java.lang.Thread.runWith(Thread.java:1596)
        at java.base@21.0.6/java.lang.Thread.run(Thread.java:1583)
"SCMHeartbeatProcessor-0" daemon prio=5 tid=47 timed_waiting
java.lang.Thread.State: TIMED_WAITING
        at java.base@21.0.6/jdk.internal.misc.Unsafe.park(Native Method)
        at java.base@21.0.6/java.util.concurrent.locks.LockSupport.parkNanos(LockSupport.java:269)
        at java.base@21.0.6/java.util.concurrent.locks.AbstractQueuedSynchronizer$ConditionObject.awaitNanos(AbstractQueuedSynchronizer.java:1763)
        at java.base@21.0.6/java.util.concurrent.ScheduledThreadPoolExecutor$DelayedWorkQueue.take(ScheduledThreadPoolExecutor.java:1182)
        at java.base@21.0.6/java.util.concurrent.ScheduledThreadPoolExecutor$DelayedWorkQueue.take(ScheduledThreadPoolExecutor.java:899)
        at java.base@21.0.6/java.util.concurrent.ThreadPoolExecutor.getTask(ThreadPoolExecutor.java:1070)
        at java.base@21.0.6/java.util.concurrent.ThreadPoolExecutor.runWorker(ThreadPoolExecutor.java:1130)
        at java.base@21.0.6/java.util.concurrent.ThreadPoolExecutor$Worker.run(ThreadPoolExecutor.java:642)
        at java.base@21.0.6/java.lang.Thread.runWith(Thread.java:1596)
        at java.base@21.0.6/java.lang.Thread.run(Thread.java:1583)
"IPC Server handler 85 on default port 15000" daemon prio=5 tid=199 timed_waiting
java.lang.Thread.State: TIMED_WAITING
        at java.base@21.0.6/jdk.internal.misc.Unsafe.park(Native Method)
        at java.base@21.0.6/java.util.concurrent.locks.LockSupport.parkNanos(LockSupport.java:269)
        at java.base@21.0.6/java.util.concurrent.locks.AbstractQueuedSynchronizer$ConditionObject.awaitNanos(AbstractQueuedSynchronizer.java:1763)
        at java.base@21.0.6/java.util.concurrent.LinkedBlockingQueue.poll(LinkedBlockingQueue.java:460)
        at app//org.apache.hadoop.ipc.CallQueueManager.take(CallQueueManager.java:370)
        at app//org.apache.hadoop.ipc.Server$Handler.run(Server.java:3165)
"2dcfdddc-a76f-4d49-b174-7a2bddacee37@group-5D3AD1A76108-SegmentedRaftLogWorker"  prio=5 tid=1240 timed_waiting
java.lang.Thread.State: TIMED_WAITING
        at java.base@21.0.6/jdk.internal.misc.Unsafe.park(Native Method)
        at java.base@21.0.6/java.util.concurrent.locks.LockSupport.parkNanos(LockSupport.java:269)
        at java.base@21.0.6/java.util.concurrent.locks.AbstractQueuedSynchronizer$ConditionObject.awaitNanos(AbstractQueuedSynchronizer.java:1763)
        at app//org.apache.ratis.util.DataBlockingQueue.poll(DataBlockingQueue.java:148)
        at app//org.apache.ratis.server.raftlog.segmented.SegmentedRaftLogWorker.run(SegmentedRaftLogWorker.java:307)
        at app//org.apache.ratis.server.raftlog.segmented.SegmentedRaftLogWorker$$Lambda/0x00007f7e9c334fd8.run(Unknown Source)
        at java.base@21.0.6/java.util.concurrent.Executors$RunnableAdapter.call(Executors.java:572)
        at java.base@21.0.6/java.util.concurrent.FutureTask.run(FutureTask.java:317)
        at java.base@21.0.6/java.util.concurrent.ThreadPoolExecutor.runWorker(ThreadPoolExecutor.java:1144)
        at java.base@21.0.6/java.util.concurrent.ThreadPoolExecutor$Worker.run(ThreadPoolExecutor.java:642)
        at java.base@21.0.6/java.lang.Thread.runWith(Thread.java:1596)
        at java.base@21.0.6/java.lang.Thread.run(Thread.java:1583)
"org.apache.hadoop.ozone.container.common.statemachine.commandhandler.DeleteBlocksCommandHandler$DeleteCmdWorker@6b34e798" daemon prio=5 tid=1902 timed_waiting
java.lang.Thread.State: TIMED_WAITING
        at java.base@21.0.6/java.lang.Thread.sleep0(Native Method)
        at java.base@21.0.6/java.lang.Thread.sleep(Thread.java:509)
        at app//org.apache.hadoop.ozone.container.common.statemachine.commandhandler.DeleteBlocksCommandHandler$DeleteCmdWorker.run(DeleteBlocksCommandHandler.java:255)
        at java.base@21.0.6/java.lang.Thread.runWith(Thread.java:1596)
        at java.base@21.0.6/java.lang.Thread.run(Thread.java:1583)
"IPC Server handler 36 on default port 15002" daemon prio=5 tid=368 timed_waiting
java.lang.Thread.State: TIMED_WAITING
        at java.base@21.0.6/jdk.internal.misc.Unsafe.park(Native Method)
        at java.base@21.0.6/java.util.concurrent.locks.LockSupport.parkNanos(LockSupport.java:269)
        at java.base@21.0.6/java.util.concurrent.locks.AbstractQueuedSynchronizer$ConditionObject.awaitNanos(AbstractQueuedSynchronizer.java:1763)
        at java.base@21.0.6/java.util.concurrent.LinkedBlockingQueue.poll(LinkedBlockingQueue.java:460)
        at app//org.apache.hadoop.ipc.CallQueueManager.take(CallQueueManager.java:370)
        at app//org.apache.hadoop.ipc.Server$Handler.run(Server.java:3165)
"IPC Server handler 9 on default port 15002" daemon prio=5 tid=341 timed_waiting
java.lang.Thread.State: TIMED_WAITING
        at java.base@21.0.6/jdk.internal.misc.Unsafe.park(Native Method)
        at java.base@21.0.6/java.util.concurrent.locks.LockSupport.parkNanos(LockSupport.java:269)
        at java.base@21.0.6/java.util.concurrent.locks.AbstractQueuedSynchronizer$ConditionObject.awaitNanos(AbstractQueuedSynchronizer.java:1763)
        at java.base@21.0.6/java.util.concurrent.LinkedBlockingQueue.poll(LinkedBlockingQueue.java:460)
        at app//org.apache.hadoop.ipc.CallQueueManager.take(CallQueueManager.java:370)
        at app//org.apache.hadoop.ipc.Server$Handler.run(Server.java:3165)
"46d11c6d-db9b-44c9-8985-212dd9cf6636-BlockDeletingService#0" daemon prio=5 tid=1098 timed_waiting
java.lang.Thread.State: TIMED_WAITING
        at java.base@21.0.6/jdk.internal.misc.Unsafe.park(Native Method)
        at java.base@21.0.6/java.util.concurrent.locks.LockSupport.parkNanos(LockSupport.java:269)
        at java.base@21.0.6/java.util.concurrent.locks.AbstractQueuedSynchronizer$ConditionObject.awaitNanos(AbstractQueuedSynchronizer.java:1763)
        at java.base@21.0.6/java.util.concurrent.ScheduledThreadPoolExecutor$DelayedWorkQueue.take(ScheduledThreadPoolExecutor.java:1182)
        at java.base@21.0.6/java.util.concurrent.ScheduledThreadPoolExecutor$DelayedWorkQueue.take(ScheduledThreadPoolExecutor.java:899)
        at java.base@21.0.6/java.util.concurrent.ThreadPoolExecutor.getTask(ThreadPoolExecutor.java:1070)
        at java.base@21.0.6/java.util.concurrent.ThreadPoolExecutor.runWorker(ThreadPoolExecutor.java:1130)
        at java.base@21.0.6/java.util.concurrent.ThreadPoolExecutor$Worker.run(ThreadPoolExecutor.java:642)
        at java.base@21.0.6/java.lang.Thread.runWith(Thread.java:1596)
        at java.base@21.0.6/java.lang.Thread.run(Thread.java:1583)
"IPC Server handler 6 on default port 15039" daemon prio=5 tid=687 timed_waiting
java.lang.Thread.State: TIMED_WAITING
        at java.base@21.0.6/jdk.internal.misc.Unsafe.park(Native Method)
        at java.base@21.0.6/java.util.concurrent.locks.LockSupport.parkNanos(LockSupport.java:269)
        at java.base@21.0.6/java.util.concurrent.locks.AbstractQueuedSynchronizer$ConditionObject.awaitNanos(AbstractQueuedSynchronizer.java:1763)
        at java.base@21.0.6/java.util.concurrent.LinkedBlockingQueue.poll(LinkedBlockingQueue.java:460)
        at app//org.apache.hadoop.ipc.CallQueueManager.take(CallQueueManager.java:370)
        at app//org.apache.hadoop.ipc.Server$Handler.run(Server.java:3165)
"2fdf8a61-8d2a-4048-aa8e-d82d5837d34a-ContainerOp-b23d25cb-7380-4d07-99f2-182221378aec-0"  prio=5 tid=1842 in Object.wait()
java.lang.Thread.State: WAITING (on object monitor)
        at java.base@21.0.6/jdk.internal.misc.Unsafe.park(Native Method)
        at java.base@21.0.6/java.util.concurrent.locks.LockSupport.park(LockSupport.java:371)
        at java.base@21.0.6/java.util.concurrent.locks.AbstractQueuedSynchronizer$ConditionNode.block(AbstractQueuedSynchronizer.java:519)
        at java.base@21.0.6/java.util.concurrent.ForkJoinPool.unmanagedBlock(ForkJoinPool.java:3780)
        at java.base@21.0.6/java.util.concurrent.ForkJoinPool.managedBlock(ForkJoinPool.java:3725)
        at java.base@21.0.6/java.util.concurrent.locks.AbstractQueuedSynchronizer$ConditionObject.await(AbstractQueuedSynchronizer.java:1712)
        at java.base@21.0.6/java.util.concurrent.LinkedBlockingQueue.take(LinkedBlockingQueue.java:435)
        at java.base@21.0.6/java.util.concurrent.ThreadPoolExecutor.getTask(ThreadPoolExecutor.java:1070)
        at java.base@21.0.6/java.util.concurrent.ThreadPoolExecutor.runWorker(ThreadPoolExecutor.java:1130)
        at java.base@21.0.6/java.util.concurrent.ThreadPoolExecutor$Worker.run(ThreadPoolExecutor.java:642)
        at java.base@21.0.6/java.lang.Thread.runWith(Thread.java:1596)
        at java.base@21.0.6/java.lang.Thread.run(Thread.java:1583)
"timer4" daemon prio=5 tid=1375 timed_waiting
java.lang.Thread.State: TIMED_WAITING
        at java.base@21.0.6/java.lang.Object.wait0(Native Method)
        at java.base@21.0.6/java.lang.Object.wait(Object.java:366)
        at java.base@21.0.6/java.util.TimerThread.mainLoop(Timer.java:563)
        at java.base@21.0.6/java.util.TimerThread.run(Timer.java:516)
"IPC Server handler 11 on default port 15002" daemon prio=5 tid=343 timed_waiting
java.lang.Thread.State: TIMED_WAITING
        at java.base@21.0.6/jdk.internal.misc.Unsafe.park(Native Method)
        at java.base@21.0.6/java.util.concurrent.locks.LockSupport.parkNanos(LockSupport.java:269)
        at java.base@21.0.6/java.util.concurrent.locks.AbstractQueuedSynchronizer$ConditionObject.awaitNanos(AbstractQueuedSynchronizer.java:1763)
        at java.base@21.0.6/java.util.concurrent.LinkedBlockingQueue.poll(LinkedBlockingQueue.java:460)
        at app//org.apache.hadoop.ipc.CallQueueManager.take(CallQueueManager.java:370)
        at app//org.apache.hadoop.ipc.Server$Handler.run(Server.java:3165)
"IPC Server handler 79 on default port 15002" daemon prio=5 tid=411 timed_waiting
java.lang.Thread.State: TIMED_WAITING
        at java.base@21.0.6/jdk.internal.misc.Unsafe.park(Native Method)
        at java.base@21.0.6/java.util.concurrent.locks.LockSupport.parkNanos(LockSupport.java:269)
        at java.base@21.0.6/java.util.concurrent.locks.AbstractQueuedSynchronizer$ConditionObject.awaitNanos(AbstractQueuedSynchronizer.java:1763)
        at java.base@21.0.6/java.util.concurrent.LinkedBlockingQueue.poll(LinkedBlockingQueue.java:460)
        at app//org.apache.hadoop.ipc.CallQueueManager.take(CallQueueManager.java:370)
        at app//org.apache.hadoop.ipc.Server$Handler.run(Server.java:3165)
"42086d8c-c943-47d6-a5f9-799709872375-BlockDeletingService#1" daemon prio=5 tid=1065 in Object.wait()
java.lang.Thread.State: WAITING (on object monitor)
        at java.base@21.0.6/jdk.internal.misc.Unsafe.park(Native Method)
        at java.base@21.0.6/java.util.concurrent.locks.LockSupport.park(LockSupport.java:371)
        at java.base@21.0.6/java.util.concurrent.locks.AbstractQueuedSynchronizer$ConditionNode.block(AbstractQueuedSynchronizer.java:519)
        at java.base@21.0.6/java.util.concurrent.ForkJoinPool.unmanagedBlock(ForkJoinPool.java:3780)
        at java.base@21.0.6/java.util.concurrent.ForkJoinPool.managedBlock(ForkJoinPool.java:3725)
        at java.base@21.0.6/java.util.concurrent.locks.AbstractQueuedSynchronizer$ConditionObject.await(AbstractQueuedSynchronizer.java:1712)
        at java.base@21.0.6/java.util.concurrent.ScheduledThreadPoolExecutor$DelayedWorkQueue.take(ScheduledThreadPoolExecutor.java:1177)
        at java.base@21.0.6/java.util.concurrent.ScheduledThreadPoolExecutor$DelayedWorkQueue.take(ScheduledThreadPoolExecutor.java:899)
        at java.base@21.0.6/java.util.concurrent.ThreadPoolExecutor.getTask(ThreadPoolExecutor.java:1070)
        at java.base@21.0.6/java.util.concurrent.ThreadPoolExecutor.runWorker(ThreadPoolExecutor.java:1130)
        at java.base@21.0.6/java.util.concurrent.ThreadPoolExecutor$Worker.run(ThreadPoolExecutor.java:642)
        at java.base@21.0.6/java.lang.Thread.runWith(Thread.java:1596)
        at java.base@21.0.6/java.lang.Thread.run(Thread.java:1583)
"eb965ba7-12a8-46f3-92c0-bc6ff5b3bf3b-ContainerOp-e1fc892c-095b-4650-8f0f-81341f4e2824-6"  prio=5 tid=2302 in Object.wait()
java.lang.Thread.State: WAITING (on object monitor)
        at java.base@21.0.6/jdk.internal.misc.Unsafe.park(Native Method)
        at java.base@21.0.6/java.util.concurrent.locks.LockSupport.park(LockSupport.java:371)
        at java.base@21.0.6/java.util.concurrent.locks.AbstractQueuedSynchronizer$ConditionNode.block(AbstractQueuedSynchronizer.java:519)
        at java.base@21.0.6/java.util.concurrent.ForkJoinPool.unmanagedBlock(ForkJoinPool.java:3780)
        at java.base@21.0.6/java.util.concurrent.ForkJoinPool.managedBlock(ForkJoinPool.java:3725)
        at java.base@21.0.6/java.util.concurrent.locks.AbstractQueuedSynchronizer$ConditionObject.await(AbstractQueuedSynchronizer.java:1712)
        at java.base@21.0.6/java.util.concurrent.LinkedBlockingQueue.take(LinkedBlockingQueue.java:435)
        at java.base@21.0.6/java.util.concurrent.ThreadPoolExecutor.getTask(ThreadPoolExecutor.java:1070)
        at java.base@21.0.6/java.util.concurrent.ThreadPoolExecutor.runWorker(ThreadPoolExecutor.java:1130)
        at java.base@21.0.6/java.util.concurrent.ThreadPoolExecutor$Worker.run(ThreadPoolExecutor.java:642)
        at java.base@21.0.6/java.lang.Thread.runWith(Thread.java:1596)
        at java.base@21.0.6/java.lang.Thread.run(Thread.java:1583)
"om1-OMStateMachineApplyTransactionThread - 0" daemon prio=5 tid=1449 in Object.wait()
java.lang.Thread.State: WAITING (on object monitor)
        at java.base@21.0.6/jdk.internal.misc.Unsafe.park(Native Method)
        at java.base@21.0.6/java.util.concurrent.locks.LockSupport.park(LockSupport.java:371)
        at java.base@21.0.6/java.util.concurrent.locks.AbstractQueuedSynchronizer$ConditionNode.block(AbstractQueuedSynchronizer.java:519)
        at java.base@21.0.6/java.util.concurrent.ForkJoinPool.unmanagedBlock(ForkJoinPool.java:3780)
        at java.base@21.0.6/java.util.concurrent.ForkJoinPool.managedBlock(ForkJoinPool.java:3725)
        at java.base@21.0.6/java.util.concurrent.locks.AbstractQueuedSynchronizer$ConditionObject.await(AbstractQueuedSynchronizer.java:1712)
        at java.base@21.0.6/java.util.concurrent.LinkedBlockingQueue.take(LinkedBlockingQueue.java:435)
        at java.base@21.0.6/java.util.concurrent.ThreadPoolExecutor.getTask(ThreadPoolExecutor.java:1070)
        at java.base@21.0.6/java.util.concurrent.ThreadPoolExecutor.runWorker(ThreadPoolExecutor.java:1130)
        at java.base@21.0.6/java.util.concurrent.ThreadPoolExecutor$Worker.run(ThreadPoolExecutor.java:642)
        at java.base@21.0.6/java.lang.Thread.runWith(Thread.java:1596)
        at java.base@21.0.6/java.lang.Thread.run(Thread.java:1583)
"eb965ba7-12a8-46f3-92c0-bc6ff5b3bf3b@group-4434D0010B67-cacheEviction-AwaitToRun" daemon prio=5 tid=2350 in Object.wait()
java.lang.Thread.State: WAITING (on object monitor)
        at java.base@21.0.6/jdk.internal.misc.Unsafe.park(Native Method)
        at java.base@21.0.6/java.util.concurrent.locks.LockSupport.park(LockSupport.java:371)
        at java.base@21.0.6/java.util.concurrent.locks.AbstractQueuedSynchronizer$ConditionNode.block(AbstractQueuedSynchronizer.java:519)
        at java.base@21.0.6/java.util.concurrent.ForkJoinPool.unmanagedBlock(ForkJoinPool.java:3780)
        at java.base@21.0.6/java.util.concurrent.ForkJoinPool.managedBlock(ForkJoinPool.java:3725)
        at java.base@21.0.6/java.util.concurrent.locks.AbstractQueuedSynchronizer$ConditionObject.await(AbstractQueuedSynchronizer.java:1712)
        at app//org.apache.ratis.util.AwaitForSignal.await(AwaitForSignal.java:48)
        at app//org.apache.ratis.util.AwaitToRun$RunnableImpl.run(AwaitToRun.java:47)
        at java.base@21.0.6/java.lang.Thread.runWith(Thread.java:1596)
        at java.base@21.0.6/java.lang.Thread.run(Thread.java:1583)
"ccfadb7c-9180-4c4b-b969-671c642a7bd3@group-BBC2BE15DE85-cacheEviction-AwaitToRun" daemon prio=5 tid=1972 in Object.wait()
java.lang.Thread.State: WAITING (on object monitor)
        at java.base@21.0.6/jdk.internal.misc.Unsafe.park(Native Method)
        at java.base@21.0.6/java.util.concurrent.locks.LockSupport.park(LockSupport.java:371)
        at java.base@21.0.6/java.util.concurrent.locks.AbstractQueuedSynchronizer$ConditionNode.block(AbstractQueuedSynchronizer.java:519)
        at java.base@21.0.6/java.util.concurrent.ForkJoinPool.unmanagedBlock(ForkJoinPool.java:3780)
        at java.base@21.0.6/java.util.concurrent.ForkJoinPool.managedBlock(ForkJoinPool.java:3725)
        at java.base@21.0.6/java.util.concurrent.locks.AbstractQueuedSynchronizer$ConditionObject.await(AbstractQueuedSynchronizer.java:1712)
        at app//org.apache.ratis.util.AwaitForSignal.await(AwaitForSignal.java:48)
        at app//org.apache.ratis.util.AwaitToRun$RunnableImpl.run(AwaitToRun.java:47)
        at java.base@21.0.6/java.lang.Thread.runWith(Thread.java:1596)
        at java.base@21.0.6/java.lang.Thread.run(Thread.java:1583)
"Hadoop-Metrics-Updater-0" daemon prio=5 tid=634 timed_waiting
java.lang.Thread.State: TIMED_WAITING
        at java.base@21.0.6/jdk.internal.misc.Unsafe.park(Native Method)
        at java.base@21.0.6/java.util.concurrent.locks.LockSupport.parkNanos(LockSupport.java:269)
        at java.base@21.0.6/java.util.concurrent.locks.AbstractQueuedSynchronizer$ConditionObject.awaitNanos(AbstractQueuedSynchronizer.java:1763)
        at java.base@21.0.6/java.util.concurrent.ScheduledThreadPoolExecutor$DelayedWorkQueue.take(ScheduledThreadPoolExecutor.java:1182)
        at java.base@21.0.6/java.util.concurrent.ScheduledThreadPoolExecutor$DelayedWorkQueue.take(ScheduledThreadPoolExecutor.java:899)
        at java.base@21.0.6/java.util.concurrent.ThreadPoolExecutor.getTask(ThreadPoolExecutor.java:1070)
        at java.base@21.0.6/java.util.concurrent.ThreadPoolExecutor.runWorker(ThreadPoolExecutor.java:1130)
        at java.base@21.0.6/java.util.concurrent.ThreadPoolExecutor$Worker.run(ThreadPoolExecutor.java:642)
        at java.base@21.0.6/java.lang.Thread.runWith(Thread.java:1596)
        at java.base@21.0.6/java.lang.Thread.run(Thread.java:1583)
"eb965ba7-12a8-46f3-92c0-bc6ff5b3bf3b-DatanodeStateMachineDaemonThread" daemon prio=5 tid=645 timed_waiting
java.lang.Thread.State: TIMED_WAITING
        at java.base@21.0.6/java.lang.Thread.sleep0(Native Method)
        at java.base@21.0.6/java.lang.Thread.sleep(Thread.java:509)
        at app//org.apache.hadoop.ozone.container.common.statemachine.DatanodeStateMachine.startStateMachineThread(DatanodeStateMachine.java:357)
        at app//org.apache.hadoop.ozone.container.common.statemachine.DatanodeStateMachine.lambda$startDaemon$1(DatanodeStateMachine.java:543)
        at app//org.apache.hadoop.ozone.container.common.statemachine.DatanodeStateMachine$$Lambda/0x00007f7e9c7d5a70.run(Unknown Source)
        at java.base@21.0.6/java.lang.Thread.runWith(Thread.java:1596)
        at java.base@21.0.6/java.lang.Thread.run(Thread.java:1583)
"eb965ba7-12a8-46f3-92c0-bc6ff5b3bf3b-ChunkWriter-3-0" daemon prio=5 tid=1023 in Object.wait()
java.lang.Thread.State: WAITING (on object monitor)
        at java.base@21.0.6/jdk.internal.misc.Unsafe.park(Native Method)
        at java.base@21.0.6/java.util.concurrent.locks.LockSupport.park(LockSupport.java:371)
        at java.base@21.0.6/java.util.concurrent.locks.AbstractQueuedSynchronizer$ConditionNode.block(AbstractQueuedSynchronizer.java:519)
        at java.base@21.0.6/java.util.concurrent.ForkJoinPool.unmanagedBlock(ForkJoinPool.java:3780)
        at java.base@21.0.6/java.util.concurrent.ForkJoinPool.managedBlock(ForkJoinPool.java:3725)
        at java.base@21.0.6/java.util.concurrent.locks.AbstractQueuedSynchronizer$ConditionObject.await(AbstractQueuedSynchronizer.java:1712)
        at java.base@21.0.6/java.util.concurrent.LinkedBlockingDeque.takeFirst(LinkedBlockingDeque.java:485)
        at java.base@21.0.6/java.util.concurrent.LinkedBlockingDeque.take(LinkedBlockingDeque.java:673)
        at java.base@21.0.6/java.util.concurrent.ThreadPoolExecutor.getTask(ThreadPoolExecutor.java:1070)
        at java.base@21.0.6/java.util.concurrent.ThreadPoolExecutor.runWorker(ThreadPoolExecutor.java:1130)
        at java.base@21.0.6/java.util.concurrent.ThreadPoolExecutor$Worker.run(ThreadPoolExecutor.java:642)
        at java.base@21.0.6/java.lang.Thread.runWith(Thread.java:1596)
        at java.base@21.0.6/java.lang.Thread.run(Thread.java:1583)
"IPC Server handler 3 on default port 15000" daemon prio=5 tid=117 timed_waiting
java.lang.Thread.State: TIMED_WAITING
        at java.base@21.0.6/jdk.internal.misc.Unsafe.park(Native Method)
        at java.base@21.0.6/java.util.concurrent.locks.LockSupport.parkNanos(LockSupport.java:269)
        at java.base@21.0.6/java.util.concurrent.locks.AbstractQueuedSynchronizer$ConditionObject.awaitNanos(AbstractQueuedSynchronizer.java:1763)
        at java.base@21.0.6/java.util.concurrent.LinkedBlockingQueue.poll(LinkedBlockingQueue.java:460)
        at app//org.apache.hadoop.ipc.CallQueueManager.take(CallQueueManager.java:370)
        at app//org.apache.hadoop.ipc.Server$Handler.run(Server.java:3165)
"Socket Reader #4 for port 15001"  prio=5 tid=73 runnable
java.lang.Thread.State: RUNNABLE
        at java.base@21.0.6/sun.nio.ch.EPoll.wait(Native Method)
        at java.base@21.0.6/sun.nio.ch.EPollSelectorImpl.doSelect(EPollSelectorImpl.java:121)
        at java.base@21.0.6/sun.nio.ch.SelectorImpl.lockAndDoSelect(SelectorImpl.java:130)
        at java.base@21.0.6/sun.nio.ch.SelectorImpl.select(SelectorImpl.java:147)
        at app//org.apache.hadoop.ipc.Server$Listener$Reader.doRunLoop(Server.java:1497)
        at app//org.apache.hadoop.ipc.Server$Listener$Reader.run(Server.java:1476)
"qtp1705364626-665" daemon prio=5 tid=665 timed_waiting
java.lang.Thread.State: TIMED_WAITING
        at java.base@21.0.6/jdk.internal.misc.Unsafe.park(Native Method)
        at java.base@21.0.6/java.util.concurrent.locks.LockSupport.parkNanos(LockSupport.java:269)
        at java.base@21.0.6/java.util.concurrent.locks.AbstractQueuedSynchronizer$ConditionObject.awaitNanos(AbstractQueuedSynchronizer.java:1763)
        at app//org.eclipse.jetty.util.BlockingArrayQueue.poll(BlockingArrayQueue.java:382)
        at app//org.eclipse.jetty.util.thread.QueuedThreadPool$Runner.idleJobPoll(QueuedThreadPool.java:974)
        at app//org.eclipse.jetty.util.thread.QueuedThreadPool$Runner.run(QueuedThreadPool.java:1018)
        at java.base@21.0.6/java.lang.Thread.runWith(Thread.java:1596)
        at java.base@21.0.6/java.lang.Thread.run(Thread.java:1583)
"StaleRecoveringContainerScrubbingService#1" daemon prio=5 tid=1064 in Object.wait()
java.lang.Thread.State: WAITING (on object monitor)
        at java.base@21.0.6/jdk.internal.misc.Unsafe.park(Native Method)
        at java.base@21.0.6/java.util.concurrent.locks.LockSupport.park(LockSupport.java:371)
        at java.base@21.0.6/java.util.concurrent.locks.AbstractQueuedSynchronizer$ConditionNode.block(AbstractQueuedSynchronizer.java:519)
        at java.base@21.0.6/java.util.concurrent.ForkJoinPool.unmanagedBlock(ForkJoinPool.java:3780)
        at java.base@21.0.6/java.util.concurrent.ForkJoinPool.managedBlock(ForkJoinPool.java:3725)
        at java.base@21.0.6/java.util.concurrent.locks.AbstractQueuedSynchronizer$ConditionObject.await(AbstractQueuedSynchronizer.java:1712)
        at java.base@21.0.6/java.util.concurrent.ScheduledThreadPoolExecutor$DelayedWorkQueue.take(ScheduledThreadPoolExecutor.java:1177)
        at java.base@21.0.6/java.util.concurrent.ScheduledThreadPoolExecutor$DelayedWorkQueue.take(ScheduledThreadPoolExecutor.java:899)
        at java.base@21.0.6/java.util.concurrent.ThreadPoolExecutor.getTask(ThreadPoolExecutor.java:1070)
        at java.base@21.0.6/java.util.concurrent.ThreadPoolExecutor.runWorker(ThreadPoolExecutor.java:1130)
        at java.base@21.0.6/java.util.concurrent.ThreadPoolExecutor$Worker.run(ThreadPoolExecutor.java:642)
        at java.base@21.0.6/java.lang.Thread.runWith(Thread.java:1596)
        at java.base@21.0.6/java.lang.Thread.run(Thread.java:1583)
"Socket Reader #5 for port 15075"  prio=5 tid=856 runnable
java.lang.Thread.State: RUNNABLE
        at java.base@21.0.6/sun.nio.ch.EPoll.wait(Native Method)
        at java.base@21.0.6/sun.nio.ch.EPollSelectorImpl.doSelect(EPollSelectorImpl.java:121)
        at java.base@21.0.6/sun.nio.ch.SelectorImpl.lockAndDoSelect(SelectorImpl.java:130)
        at java.base@21.0.6/sun.nio.ch.SelectorImpl.select(SelectorImpl.java:147)
        at app//org.apache.hadoop.ipc.Server$Listener$Reader.doRunLoop(Server.java:1497)
        at app//org.apache.hadoop.ipc.Server$Listener$Reader.run(Server.java:1476)
"IPC Server handler 53 on default port 15000" daemon prio=5 tid=167 timed_waiting
java.lang.Thread.State: TIMED_WAITING
        at java.base@21.0.6/jdk.internal.misc.Unsafe.park(Native Method)
        at java.base@21.0.6/java.util.concurrent.locks.LockSupport.parkNanos(LockSupport.java:269)
        at java.base@21.0.6/java.util.concurrent.locks.AbstractQueuedSynchronizer$ConditionObject.awaitNanos(AbstractQueuedSynchronizer.java:1763)
        at java.base@21.0.6/java.util.concurrent.LinkedBlockingQueue.poll(LinkedBlockingQueue.java:460)
        at app//org.apache.hadoop.ipc.CallQueueManager.take(CallQueueManager.java:370)
        at app//org.apache.hadoop.ipc.Server$Handler.run(Server.java:3165)
"IPC Server listener on 15039" daemon prio=5 tid=667 runnable
java.lang.Thread.State: RUNNABLE
        at java.base@21.0.6/sun.nio.ch.EPoll.wait(Native Method)
        at java.base@21.0.6/sun.nio.ch.EPollSelectorImpl.doSelect(EPollSelectorImpl.java:121)
        at java.base@21.0.6/sun.nio.ch.SelectorImpl.lockAndDoSelect(SelectorImpl.java:130)
        at java.base@21.0.6/sun.nio.ch.SelectorImpl.select(SelectorImpl.java:147)
        at app//org.apache.hadoop.ipc.Server$Listener.run(Server.java:1559)
"25fe7083-9332-4190-accf-9f4542114dd9-CommandProcessorThread" daemon prio=5 tid=1942 timed_waiting
java.lang.Thread.State: TIMED_WAITING
        at java.base@21.0.6/java.lang.Thread.sleep0(Native Method)
        at java.base@21.0.6/java.lang.Thread.sleep(Thread.java:509)
        at app//org.apache.hadoop.ozone.container.common.statemachine.DatanodeStateMachine.lambda$initCommandHandlerThread$4(DatanodeStateMachine.java:669)
        at app//org.apache.hadoop.ozone.container.common.statemachine.DatanodeStateMachine$$Lambda/0x00007f7e9c7d6b80.run(Unknown Source)
        at java.base@21.0.6/java.lang.Thread.runWith(Thread.java:1596)
        at java.base@21.0.6/java.lang.Thread.run(Thread.java:1583)
"IPC Server listener on 15002" daemon prio=5 tid=55 runnable
java.lang.Thread.State: RUNNABLE
        at java.base@21.0.6/sun.nio.ch.EPoll.wait(Native Method)
        at java.base@21.0.6/sun.nio.ch.EPollSelectorImpl.doSelect(EPollSelectorImpl.java:121)
        at java.base@21.0.6/sun.nio.ch.SelectorImpl.lockAndDoSelect(SelectorImpl.java:130)
        at java.base@21.0.6/sun.nio.ch.SelectorImpl.select(SelectorImpl.java:147)
        at app//org.apache.hadoop.ipc.Server$Listener.run(Server.java:1559)
"6b36f32d-918c-46a3-bfcb-888cb423c6dd-BlockDeletingService#1" daemon prio=5 tid=1011 in Object.wait()
java.lang.Thread.State: WAITING (on object monitor)
        at java.base@21.0.6/jdk.internal.misc.Unsafe.park(Native Method)
        at java.base@21.0.6/java.util.concurrent.locks.LockSupport.park(LockSupport.java:371)
        at java.base@21.0.6/java.util.concurrent.locks.AbstractQueuedSynchronizer$ConditionNode.block(AbstractQueuedSynchronizer.java:519)
        at java.base@21.0.6/java.util.concurrent.ForkJoinPool.unmanagedBlock(ForkJoinPool.java:3780)
        at java.base@21.0.6/java.util.concurrent.ForkJoinPool.managedBlock(ForkJoinPool.java:3725)
        at java.base@21.0.6/java.util.concurrent.locks.AbstractQueuedSynchronizer$ConditionObject.await(AbstractQueuedSynchronizer.java:1712)
        at java.base@21.0.6/java.util.concurrent.ScheduledThreadPoolExecutor$DelayedWorkQueue.take(ScheduledThreadPoolExecutor.java:1177)
        at java.base@21.0.6/java.util.concurrent.ScheduledThreadPoolExecutor$DelayedWorkQueue.take(ScheduledThreadPoolExecutor.java:899)
        at java.base@21.0.6/java.util.concurrent.ThreadPoolExecutor.getTask(ThreadPoolExecutor.java:1070)
        at java.base@21.0.6/java.util.concurrent.ThreadPoolExecutor.runWorker(ThreadPoolExecutor.java:1130)
        at java.base@21.0.6/java.util.concurrent.ThreadPoolExecutor$Worker.run(ThreadPoolExecutor.java:642)
        at java.base@21.0.6/java.lang.Thread.runWith(Thread.java:1596)
        at java.base@21.0.6/java.lang.Thread.run(Thread.java:1583)
"IPC Server handler 76 on default port 15001" daemon prio=5 tid=290 timed_waiting
java.lang.Thread.State: TIMED_WAITING
        at java.base@21.0.6/jdk.internal.misc.Unsafe.park(Native Method)
        at java.base@21.0.6/java.util.concurrent.locks.LockSupport.parkNanos(LockSupport.java:269)
        at java.base@21.0.6/java.util.concurrent.locks.AbstractQueuedSynchronizer$ConditionObject.awaitNanos(AbstractQueuedSynchronizer.java:1763)
        at java.base@21.0.6/java.util.concurrent.LinkedBlockingQueue.poll(LinkedBlockingQueue.java:460)
        at app//org.apache.hadoop.ipc.CallQueueManager.take(CallQueueManager.java:370)
        at app//org.apache.hadoop.ipc.Server$Handler.run(Server.java:3165)
"Timer-0"  prio=5 tid=462 timed_waiting
java.lang.Thread.State: TIMED_WAITING
        at java.base@21.0.6/java.lang.Object.wait0(Native Method)
        at java.base@21.0.6/java.lang.Object.wait(Object.java:366)
        at java.base@21.0.6/java.util.TimerThread.mainLoop(Timer.java:563)
        at java.base@21.0.6/java.util.TimerThread.run(Timer.java:516)
"FixedThreadPoolWithAffinityExecutor-2-0" daemon prio=5 tid=99 timed_waiting
java.lang.Thread.State: TIMED_WAITING
        at java.base@21.0.6/jdk.internal.misc.Unsafe.park(Native Method)
        at java.base@21.0.6/java.util.concurrent.locks.LockSupport.parkNanos(LockSupport.java:269)
        at java.base@21.0.6/java.util.concurrent.locks.AbstractQueuedSynchronizer$ConditionObject.awaitNanos(AbstractQueuedSynchronizer.java:1763)
        at java.base@21.0.6/java.util.concurrent.LinkedBlockingQueue.poll(LinkedBlockingQueue.java:460)
        at app//org.apache.hadoop.hdds.scm.server.ContainerReportQueue.poll(ContainerReportQueue.java:269)
        at app//org.apache.hadoop.hdds.scm.server.ContainerReportQueue.poll(ContainerReportQueue.java:42)
        at app//org.apache.hadoop.hdds.server.events.FixedThreadPoolWithAffinityExecutor$ContainerReportProcessTask.run(FixedThreadPoolWithAffinityExecutor.java:252)
        at java.base@21.0.6/java.util.concurrent.Executors$RunnableAdapter.call(Executors.java:572)
        at java.base@21.0.6/java.util.concurrent.FutureTask.run(FutureTask.java:317)
        at java.base@21.0.6/java.util.concurrent.ThreadPoolExecutor.runWorker(ThreadPoolExecutor.java:1144)
        at java.base@21.0.6/java.util.concurrent.ThreadPoolExecutor$Worker.run(ThreadPoolExecutor.java:642)
        at java.base@21.0.6/java.lang.Thread.runWith(Thread.java:1596)
        at java.base@21.0.6/java.lang.Thread.run(Thread.java:1583)
"IPC Server handler 70 on default port 15002" daemon prio=5 tid=402 timed_waiting
java.lang.Thread.State: TIMED_WAITING
        at java.base@21.0.6/jdk.internal.misc.Unsafe.park(Native Method)
        at java.base@21.0.6/java.util.concurrent.locks.LockSupport.parkNanos(LockSupport.java:269)
        at java.base@21.0.6/java.util.concurrent.locks.AbstractQueuedSynchronizer$ConditionObject.awaitNanos(AbstractQueuedSynchronizer.java:1763)
        at java.base@21.0.6/java.util.concurrent.LinkedBlockingQueue.poll(LinkedBlockingQueue.java:460)
        at app//org.apache.hadoop.ipc.CallQueueManager.take(CallQueueManager.java:370)
        at app//org.apache.hadoop.ipc.Server$Handler.run(Server.java:3165)
"IPC Server handler 7 on default port 15093" daemon prio=5 tid=964 timed_waiting
java.lang.Thread.State: TIMED_WAITING
        at java.base@21.0.6/jdk.internal.misc.Unsafe.park(Native Method)
        at java.base@21.0.6/java.util.concurrent.locks.LockSupport.parkNanos(LockSupport.java:269)
        at java.base@21.0.6/java.util.concurrent.locks.AbstractQueuedSynchronizer$ConditionObject.awaitNanos(AbstractQueuedSynchronizer.java:1763)
        at java.base@21.0.6/java.util.concurrent.LinkedBlockingQueue.poll(LinkedBlockingQueue.java:460)
        at app//org.apache.hadoop.ipc.CallQueueManager.take(CallQueueManager.java:370)
        at app//org.apache.hadoop.ipc.Server$Handler.run(Server.java:3165)
"42086d8c-c943-47d6-a5f9-799709872375-CloseContainerThread-1"  prio=5 tid=2057 in Object.wait()
java.lang.Thread.State: WAITING (on object monitor)
        at java.base@21.0.6/jdk.internal.misc.Unsafe.park(Native Method)
        at java.base@21.0.6/java.util.concurrent.locks.LockSupport.park(LockSupport.java:371)
        at java.base@21.0.6/java.util.concurrent.locks.AbstractQueuedSynchronizer$ConditionNode.block(AbstractQueuedSynchronizer.java:519)
        at java.base@21.0.6/java.util.concurrent.ForkJoinPool.unmanagedBlock(ForkJoinPool.java:3780)
        at java.base@21.0.6/java.util.concurrent.ForkJoinPool.managedBlock(ForkJoinPool.java:3725)
        at java.base@21.0.6/java.util.concurrent.locks.AbstractQueuedSynchronizer$ConditionObject.await(AbstractQueuedSynchronizer.java:1712)
        at java.base@21.0.6/java.util.concurrent.LinkedBlockingQueue.take(LinkedBlockingQueue.java:435)
        at java.base@21.0.6/java.util.concurrent.ThreadPoolExecutor.getTask(ThreadPoolExecutor.java:1070)
        at java.base@21.0.6/java.util.concurrent.ThreadPoolExecutor.runWorker(ThreadPoolExecutor.java:1130)
        at java.base@21.0.6/java.util.concurrent.ThreadPoolExecutor$Worker.run(ThreadPoolExecutor.java:642)
        at java.base@21.0.6/java.lang.Thread.runWith(Thread.java:1596)
        at java.base@21.0.6/java.lang.Thread.run(Thread.java:1583)
"6b36f32d-918c-46a3-bfcb-888cb423c6dd-ContainerOp-ca93de93-6260-4798-bfae-2aa5ac354986-0"  prio=5 tid=1576 in Object.wait()
java.lang.Thread.State: WAITING (on object monitor)
        at java.base@21.0.6/jdk.internal.misc.Unsafe.park(Native Method)
        at java.base@21.0.6/java.util.concurrent.locks.LockSupport.park(LockSupport.java:371)
        at java.base@21.0.6/java.util.concurrent.locks.AbstractQueuedSynchronizer$ConditionNode.block(AbstractQueuedSynchronizer.java:519)
        at java.base@21.0.6/java.util.concurrent.ForkJoinPool.unmanagedBlock(ForkJoinPool.java:3780)
        at java.base@21.0.6/java.util.concurrent.ForkJoinPool.managedBlock(ForkJoinPool.java:3725)
        at java.base@21.0.6/java.util.concurrent.locks.AbstractQueuedSynchronizer$ConditionObject.await(AbstractQueuedSynchronizer.java:1712)
        at java.base@21.0.6/java.util.concurrent.LinkedBlockingQueue.take(LinkedBlockingQueue.java:435)
        at java.base@21.0.6/java.util.concurrent.ThreadPoolExecutor.getTask(ThreadPoolExecutor.java:1070)
        at java.base@21.0.6/java.util.concurrent.ThreadPoolExecutor.runWorker(ThreadPoolExecutor.java:1130)
        at java.base@21.0.6/java.util.concurrent.ThreadPoolExecutor$Worker.run(ThreadPoolExecutor.java:642)
        at java.base@21.0.6/java.lang.Thread.runWith(Thread.java:1596)
        at java.base@21.0.6/java.lang.Thread.run(Thread.java:1583)
"25fe7083-9332-4190-accf-9f4542114dd9-DatanodeReportManager-0" daemon prio=5 tid=1938 in Object.wait()
java.lang.Thread.State: WAITING (on object monitor)
        at java.base@21.0.6/jdk.internal.misc.Unsafe.park(Native Method)
        at java.base@21.0.6/java.util.concurrent.locks.LockSupport.park(LockSupport.java:371)
        at java.base@21.0.6/java.util.concurrent.locks.AbstractQueuedSynchronizer$ConditionNode.block(AbstractQueuedSynchronizer.java:519)
        at java.base@21.0.6/java.util.concurrent.ForkJoinPool.unmanagedBlock(ForkJoinPool.java:3780)
        at java.base@21.0.6/java.util.concurrent.ForkJoinPool.managedBlock(ForkJoinPool.java:3725)
        at java.base@21.0.6/java.util.concurrent.locks.AbstractQueuedSynchronizer$ConditionObject.await(AbstractQueuedSynchronizer.java:1712)
        at java.base@21.0.6/java.util.concurrent.ScheduledThreadPoolExecutor$DelayedWorkQueue.take(ScheduledThreadPoolExecutor.java:1177)
        at java.base@21.0.6/java.util.concurrent.ScheduledThreadPoolExecutor$DelayedWorkQueue.take(ScheduledThreadPoolExecutor.java:899)
        at java.base@21.0.6/java.util.concurrent.ThreadPoolExecutor.getTask(ThreadPoolExecutor.java:1070)
        at java.base@21.0.6/java.util.concurrent.ThreadPoolExecutor.runWorker(ThreadPoolExecutor.java:1130)
        at java.base@21.0.6/java.util.concurrent.ThreadPoolExecutor$Worker.run(ThreadPoolExecutor.java:642)
        at java.base@21.0.6/java.lang.Thread.runWith(Thread.java:1596)
        at java.base@21.0.6/java.lang.Thread.run(Thread.java:1583)
"Socket Reader #1 for port 15057"  prio=5 tid=760 runnable
java.lang.Thread.State: RUNNABLE
        at java.base@21.0.6/sun.nio.ch.EPoll.wait(Native Method)
        at java.base@21.0.6/sun.nio.ch.EPollSelectorImpl.doSelect(EPollSelectorImpl.java:121)
        at java.base@21.0.6/sun.nio.ch.SelectorImpl.lockAndDoSelect(SelectorImpl.java:130)
        at java.base@21.0.6/sun.nio.ch.SelectorImpl.select(SelectorImpl.java:147)
        at app//org.apache.hadoop.ipc.Server$Listener$Reader.doRunLoop(Server.java:1497)
        at app//org.apache.hadoop.ipc.Server$Listener$Reader.run(Server.java:1476)
"IPC Server handler 3 on default port 15012" daemon prio=5 tid=2278 timed_waiting
java.lang.Thread.State: TIMED_WAITING
        at java.base@21.0.6/jdk.internal.misc.Unsafe.park(Native Method)
        at java.base@21.0.6/java.util.concurrent.locks.LockSupport.parkNanos(LockSupport.java:269)
        at java.base@21.0.6/java.util.concurrent.locks.AbstractQueuedSynchronizer$ConditionObject.awaitNanos(AbstractQueuedSynchronizer.java:1763)
        at java.base@21.0.6/java.util.concurrent.LinkedBlockingQueue.poll(LinkedBlockingQueue.java:460)
        at app//org.apache.hadoop.ipc.CallQueueManager.take(CallQueueManager.java:370)
        at app//org.apache.hadoop.ipc.Server$Handler.run(Server.java:3165)
"6b36f32d-918c-46a3-bfcb-888cb423c6dd@group-2AA5AC354986-cacheEviction-AwaitToRun" daemon prio=5 tid=1181 in Object.wait()
java.lang.Thread.State: WAITING (on object monitor)
        at java.base@21.0.6/jdk.internal.misc.Unsafe.park(Native Method)
        at java.base@21.0.6/java.util.concurrent.locks.LockSupport.park(LockSupport.java:371)
        at java.base@21.0.6/java.util.concurrent.locks.AbstractQueuedSynchronizer$ConditionNode.block(AbstractQueuedSynchronizer.java:519)
        at java.base@21.0.6/java.util.concurrent.ForkJoinPool.unmanagedBlock(ForkJoinPool.java:3780)
        at java.base@21.0.6/java.util.concurrent.ForkJoinPool.managedBlock(ForkJoinPool.java:3725)
        at java.base@21.0.6/java.util.concurrent.locks.AbstractQueuedSynchronizer$ConditionObject.await(AbstractQueuedSynchronizer.java:1712)
        at app//org.apache.ratis.util.AwaitForSignal.await(AwaitForSignal.java:48)
        at app//org.apache.ratis.util.AwaitToRun$RunnableImpl.run(AwaitToRun.java:47)
        at java.base@21.0.6/java.lang.Thread.runWith(Thread.java:1596)
        at java.base@21.0.6/java.lang.Thread.run(Thread.java:1583)
"StaleRecoveringContainerScrubbingService#2" daemon prio=5 tid=1818 in Object.wait()
java.lang.Thread.State: WAITING (on object monitor)
        at java.base@21.0.6/jdk.internal.misc.Unsafe.park(Native Method)
        at java.base@21.0.6/java.util.concurrent.locks.LockSupport.park(LockSupport.java:371)
        at java.base@21.0.6/java.util.concurrent.locks.AbstractQueuedSynchronizer$ConditionNode.block(AbstractQueuedSynchronizer.java:519)
        at java.base@21.0.6/java.util.concurrent.ForkJoinPool.unmanagedBlock(ForkJoinPool.java:3780)
        at java.base@21.0.6/java.util.concurrent.ForkJoinPool.managedBlock(ForkJoinPool.java:3725)
        at java.base@21.0.6/java.util.concurrent.locks.AbstractQueuedSynchronizer$ConditionObject.await(AbstractQueuedSynchronizer.java:1712)
        at java.base@21.0.6/java.util.concurrent.ScheduledThreadPoolExecutor$DelayedWorkQueue.take(ScheduledThreadPoolExecutor.java:1177)
        at java.base@21.0.6/java.util.concurrent.ScheduledThreadPoolExecutor$DelayedWorkQueue.take(ScheduledThreadPoolExecutor.java:899)
        at java.base@21.0.6/java.util.concurrent.ThreadPoolExecutor.getTask(ThreadPoolExecutor.java:1070)
        at java.base@21.0.6/java.util.concurrent.ThreadPoolExecutor.runWorker(ThreadPoolExecutor.java:1130)
        at java.base@21.0.6/java.util.concurrent.ThreadPoolExecutor$Worker.run(ThreadPoolExecutor.java:642)
        at java.base@21.0.6/java.lang.Thread.runWith(Thread.java:1596)
        at java.base@21.0.6/java.lang.Thread.run(Thread.java:1583)
"IPC Server handler 91 on default port 15001" daemon prio=5 tid=305 timed_waiting
java.lang.Thread.State: TIMED_WAITING
        at java.base@21.0.6/jdk.internal.misc.Unsafe.park(Native Method)
        at java.base@21.0.6/java.util.concurrent.locks.LockSupport.parkNanos(LockSupport.java:269)
        at java.base@21.0.6/java.util.concurrent.locks.AbstractQueuedSynchronizer$ConditionObject.awaitNanos(AbstractQueuedSynchronizer.java:1763)
        at java.base@21.0.6/java.util.concurrent.LinkedBlockingQueue.poll(LinkedBlockingQueue.java:460)
        at app//org.apache.hadoop.ipc.CallQueueManager.take(CallQueueManager.java:370)
        at app//org.apache.hadoop.ipc.Server$Handler.run(Server.java:3165)
"qtp1315138370-752-acceptor-0@6a1883e7-ServerConnector@76de4b5{HTTP/1.1, (http/1.1)}{0.0.0.0:15056}" daemon prio=3 tid=752 runnable
java.lang.Thread.State: RUNNABLE
        at java.base@21.0.6/sun.nio.ch.Net.accept(Native Method)
        at java.base@21.0.6/sun.nio.ch.ServerSocketChannelImpl.implAccept(ServerSocketChannelImpl.java:433)
        at java.base@21.0.6/sun.nio.ch.ServerSocketChannelImpl.accept(ServerSocketChannelImpl.java:399)
        at app//org.eclipse.jetty.server.ServerConnector.accept(ServerConnector.java:388)
        at app//org.eclipse.jetty.server.AbstractConnector$Acceptor.run(AbstractConnector.java:704)
        at app//org.eclipse.jetty.util.thread.QueuedThreadPool.runJob(QueuedThreadPool.java:883)
        at app//org.eclipse.jetty.util.thread.QueuedThreadPool$Runner.run(QueuedThreadPool.java:1034)
        at java.base@21.0.6/java.lang.Thread.runWith(Thread.java:1596)
        at java.base@21.0.6/java.lang.Thread.run(Thread.java:1583)
"org.apache.hadoop.ozone.container.common.statemachine.commandhandler.DeleteBlocksCommandHandler$DeleteCmdWorker@18bfbcd2" daemon prio=5 tid=2241 timed_waiting
java.lang.Thread.State: TIMED_WAITING
        at java.base@21.0.6/java.lang.Thread.sleep0(Native Method)
        at java.base@21.0.6/java.lang.Thread.sleep(Thread.java:509)
        at app//org.apache.hadoop.ozone.container.common.statemachine.commandhandler.DeleteBlocksCommandHandler$DeleteCmdWorker.run(DeleteBlocksCommandHandler.java:255)
        at java.base@21.0.6/java.lang.Thread.runWith(Thread.java:1596)
        at java.base@21.0.6/java.lang.Thread.run(Thread.java:1583)
"25fe7083-9332-4190-accf-9f4542114dd9-EndpointStateMachineTaskThread-/0.0.0.0:15002-0 "  prio=5 tid=1945 in Object.wait()
java.lang.Thread.State: WAITING (on object monitor)
        at java.base@21.0.6/jdk.internal.misc.Unsafe.park(Native Method)
        at java.base@21.0.6/java.util.concurrent.locks.LockSupport.park(LockSupport.java:371)
        at java.base@21.0.6/java.util.concurrent.locks.AbstractQueuedSynchronizer$ConditionNode.block(AbstractQueuedSynchronizer.java:519)
        at java.base@21.0.6/java.util.concurrent.ForkJoinPool.unmanagedBlock(ForkJoinPool.java:3780)
        at java.base@21.0.6/java.util.concurrent.ForkJoinPool.managedBlock(ForkJoinPool.java:3725)
        at java.base@21.0.6/java.util.concurrent.locks.AbstractQueuedSynchronizer$ConditionObject.await(AbstractQueuedSynchronizer.java:1712)
        at java.base@21.0.6/java.util.concurrent.LinkedBlockingQueue.take(LinkedBlockingQueue.java:435)
        at java.base@21.0.6/java.util.concurrent.ThreadPoolExecutor.getTask(ThreadPoolExecutor.java:1070)
        at java.base@21.0.6/java.util.concurrent.ThreadPoolExecutor.runWorker(ThreadPoolExecutor.java:1130)
        at java.base@21.0.6/java.util.concurrent.ThreadPoolExecutor$Worker.run(ThreadPoolExecutor.java:642)
        at java.base@21.0.6/java.lang.Thread.runWith(Thread.java:1596)
        at java.base@21.0.6/java.lang.Thread.run(Thread.java:1583)
"25fe7083-9332-4190-accf-9f4542114dd9-ChunkWriter-2-0" daemon prio=5 tid=1954 in Object.wait()
java.lang.Thread.State: WAITING (on object monitor)
        at java.base@21.0.6/jdk.internal.misc.Unsafe.park(Native Method)
        at java.base@21.0.6/java.util.concurrent.locks.LockSupport.park(LockSupport.java:371)
        at java.base@21.0.6/java.util.concurrent.locks.AbstractQueuedSynchronizer$ConditionNode.block(AbstractQueuedSynchronizer.java:519)
        at java.base@21.0.6/java.util.concurrent.ForkJoinPool.unmanagedBlock(ForkJoinPool.java:3780)
        at java.base@21.0.6/java.util.concurrent.ForkJoinPool.managedBlock(ForkJoinPool.java:3725)
        at java.base@21.0.6/java.util.concurrent.locks.AbstractQueuedSynchronizer$ConditionObject.await(AbstractQueuedSynchronizer.java:1712)
        at java.base@21.0.6/java.util.concurrent.LinkedBlockingDeque.takeFirst(LinkedBlockingDeque.java:485)
        at java.base@21.0.6/java.util.concurrent.LinkedBlockingDeque.take(LinkedBlockingDeque.java:673)
        at java.base@21.0.6/java.util.concurrent.ThreadPoolExecutor.getTask(ThreadPoolExecutor.java:1070)
        at java.base@21.0.6/java.util.concurrent.ThreadPoolExecutor.runWorker(ThreadPoolExecutor.java:1130)
        at java.base@21.0.6/java.util.concurrent.ThreadPoolExecutor$Worker.run(ThreadPoolExecutor.java:642)
        at java.base@21.0.6/java.lang.Thread.runWith(Thread.java:1596)
        at java.base@21.0.6/java.lang.Thread.run(Thread.java:1583)
"JvmPauseMonitor9" daemon prio=5 tid=1096 timed_waiting
java.lang.Thread.State: TIMED_WAITING
        at java.base@21.0.6/java.lang.Thread.sleep0(Native Method)
        at java.base@21.0.6/java.lang.Thread.sleep(Thread.java:558)
        at java.base@21.0.6/java.util.concurrent.TimeUnit.sleep(TimeUnit.java:446)
        at app//org.apache.ratis.util.TimeDuration.sleep(TimeDuration.java:353)
        at app//org.apache.ratis.util.TimeDuration.sleep(TimeDuration.java:338)
        at app//org.apache.ratis.util.JvmPauseMonitor.detectPause(JvmPauseMonitor.java:160)
        at app//org.apache.ratis.util.JvmPauseMonitor.run(JvmPauseMonitor.java:149)
        at app//org.apache.ratis.util.JvmPauseMonitor$$Lambda/0x00007f7e9c38d5c8.run(Unknown Source)
        at java.base@21.0.6/java.lang.Thread.runWith(Thread.java:1596)
        at java.base@21.0.6/java.lang.Thread.run(Thread.java:1583)
"qtp456552476-484-acceptor-0@3d3e99c0-ServerConnector@3b88d36d{HTTP/1.1, (http/1.1)}{0.0.0.0:15007}" daemon prio=3 tid=484 runnable
java.lang.Thread.State: RUNNABLE
        at java.base@21.0.6/sun.nio.ch.Net.accept(Native Method)
        at java.base@21.0.6/sun.nio.ch.ServerSocketChannelImpl.implAccept(ServerSocketChannelImpl.java:433)
        at java.base@21.0.6/sun.nio.ch.ServerSocketChannelImpl.accept(ServerSocketChannelImpl.java:399)
        at app//org.eclipse.jetty.server.ServerConnector.accept(ServerConnector.java:388)
        at app//org.eclipse.jetty.server.AbstractConnector$Acceptor.run(AbstractConnector.java:704)
        at app//org.eclipse.jetty.util.thread.QueuedThreadPool.runJob(QueuedThreadPool.java:883)
        at app//org.eclipse.jetty.util.thread.QueuedThreadPool$Runner.run(QueuedThreadPool.java:1034)
        at java.base@21.0.6/java.lang.Thread.runWith(Thread.java:1596)
        at java.base@21.0.6/java.lang.Thread.run(Thread.java:1583)
"ccfadb7c-9180-4c4b-b969-671c642a7bd3-DatanodeReportManager-2" daemon prio=5 tid=970 in Object.wait()
java.lang.Thread.State: WAITING (on object monitor)
        at java.base@21.0.6/jdk.internal.misc.Unsafe.park(Native Method)
        at java.base@21.0.6/java.util.concurrent.locks.LockSupport.park(LockSupport.java:371)
        at java.base@21.0.6/java.util.concurrent.locks.AbstractQueuedSynchronizer$ConditionNode.block(AbstractQueuedSynchronizer.java:519)
        at java.base@21.0.6/java.util.concurrent.ForkJoinPool.unmanagedBlock(ForkJoinPool.java:3780)
        at java.base@21.0.6/java.util.concurrent.ForkJoinPool.managedBlock(ForkJoinPool.java:3725)
        at java.base@21.0.6/java.util.concurrent.locks.AbstractQueuedSynchronizer$ConditionObject.await(AbstractQueuedSynchronizer.java:1712)
        at java.base@21.0.6/java.util.concurrent.ScheduledThreadPoolExecutor$DelayedWorkQueue.take(ScheduledThreadPoolExecutor.java:1177)
        at java.base@21.0.6/java.util.concurrent.ScheduledThreadPoolExecutor$DelayedWorkQueue.take(ScheduledThreadPoolExecutor.java:899)
        at java.base@21.0.6/java.util.concurrent.ThreadPoolExecutor.getTask(ThreadPoolExecutor.java:1070)
        at java.base@21.0.6/java.util.concurrent.ThreadPoolExecutor.runWorker(ThreadPoolExecutor.java:1130)
        at java.base@21.0.6/java.util.concurrent.ThreadPoolExecutor$Worker.run(ThreadPoolExecutor.java:642)
        at java.base@21.0.6/java.lang.Thread.runWith(Thread.java:1596)
        at java.base@21.0.6/java.lang.Thread.run(Thread.java:1583)
"pool-118-thread-1" daemon prio=5 tid=1017 timed_waiting
java.lang.Thread.State: TIMED_WAITING
        at java.base@21.0.6/jdk.internal.misc.Unsafe.park(Native Method)
        at java.base@21.0.6/java.util.concurrent.locks.LockSupport.parkNanos(LockSupport.java:269)
        at java.base@21.0.6/java.util.concurrent.locks.AbstractQueuedSynchronizer$ConditionObject.awaitNanos(AbstractQueuedSynchronizer.java:1763)
        at java.base@21.0.6/java.util.concurrent.ScheduledThreadPoolExecutor$DelayedWorkQueue.take(ScheduledThreadPoolExecutor.java:1182)
        at java.base@21.0.6/java.util.concurrent.ScheduledThreadPoolExecutor$DelayedWorkQueue.take(ScheduledThreadPoolExecutor.java:899)
        at java.base@21.0.6/java.util.concurrent.ThreadPoolExecutor.getTask(ThreadPoolExecutor.java:1070)
        at java.base@21.0.6/java.util.concurrent.ThreadPoolExecutor.runWorker(ThreadPoolExecutor.java:1130)
        at java.base@21.0.6/java.util.concurrent.ThreadPoolExecutor$Worker.run(ThreadPoolExecutor.java:642)
        at java.base@21.0.6/java.lang.Thread.runWith(Thread.java:1596)
        at java.base@21.0.6/java.lang.Thread.run(Thread.java:1583)
"PartialTableCache-Cleanup-0" daemon prio=5 tid=1509 in Object.wait()
java.lang.Thread.State: WAITING (on object monitor)
        at java.base@21.0.6/jdk.internal.misc.Unsafe.park(Native Method)
        at java.base@21.0.6/java.util.concurrent.locks.LockSupport.park(LockSupport.java:371)
        at java.base@21.0.6/java.util.concurrent.locks.AbstractQueuedSynchronizer$ConditionNode.block(AbstractQueuedSynchronizer.java:519)
        at java.base@21.0.6/java.util.concurrent.ForkJoinPool.unmanagedBlock(ForkJoinPool.java:3780)
        at java.base@21.0.6/java.util.concurrent.ForkJoinPool.managedBlock(ForkJoinPool.java:3725)
        at java.base@21.0.6/java.util.concurrent.locks.AbstractQueuedSynchronizer$ConditionObject.await(AbstractQueuedSynchronizer.java:1712)
        at java.base@21.0.6/java.util.concurrent.LinkedBlockingQueue.take(LinkedBlockingQueue.java:435)
        at java.base@21.0.6/java.util.concurrent.ThreadPoolExecutor.getTask(ThreadPoolExecutor.java:1070)
        at java.base@21.0.6/java.util.concurrent.ThreadPoolExecutor.runWorker(ThreadPoolExecutor.java:1130)
        at java.base@21.0.6/java.util.concurrent.ThreadPoolExecutor$Worker.run(ThreadPoolExecutor.java:642)
        at java.base@21.0.6/java.lang.Thread.runWith(Thread.java:1596)
        at java.base@21.0.6/java.lang.Thread.run(Thread.java:1583)
"IPC Server handler 26 on default port 15000" daemon prio=5 tid=140 timed_waiting
java.lang.Thread.State: TIMED_WAITING
        at java.base@21.0.6/jdk.internal.misc.Unsafe.park(Native Method)
        at java.base@21.0.6/java.util.concurrent.locks.LockSupport.parkNanos(LockSupport.java:269)
        at java.base@21.0.6/java.util.concurrent.locks.AbstractQueuedSynchronizer$ConditionObject.awaitNanos(AbstractQueuedSynchronizer.java:1763)
        at java.base@21.0.6/java.util.concurrent.LinkedBlockingQueue.poll(LinkedBlockingQueue.java:460)
        at app//org.apache.hadoop.ipc.CallQueueManager.take(CallQueueManager.java:370)
        at app//org.apache.hadoop.ipc.Server$Handler.run(Server.java:3165)
"Signal Dispatcher" daemon prio=9 tid=11 runnable
java.lang.Thread.State: RUNNABLE
"IPC Server handler 52 on default port 15000" daemon prio=5 tid=166 timed_waiting
java.lang.Thread.State: TIMED_WAITING
        at java.base@21.0.6/jdk.internal.misc.Unsafe.park(Native Method)
        at java.base@21.0.6/java.util.concurrent.locks.LockSupport.parkNanos(LockSupport.java:269)
        at java.base@21.0.6/java.util.concurrent.locks.AbstractQueuedSynchronizer$ConditionObject.awaitNanos(AbstractQueuedSynchronizer.java:1763)
        at java.base@21.0.6/java.util.concurrent.LinkedBlockingQueue.poll(LinkedBlockingQueue.java:460)
        at app//org.apache.hadoop.ipc.CallQueueManager.take(CallQueueManager.java:370)
        at app//org.apache.hadoop.ipc.Server$Handler.run(Server.java:3165)
"pool-237-thread-1"  prio=5 tid=795 timed_waiting
java.lang.Thread.State: TIMED_WAITING
        at java.base@21.0.6/jdk.internal.misc.Unsafe.park(Native Method)
        at java.base@21.0.6/java.util.concurrent.locks.LockSupport.parkNanos(LockSupport.java:269)
        at java.base@21.0.6/java.util.concurrent.locks.AbstractQueuedSynchronizer$ConditionObject.awaitNanos(AbstractQueuedSynchronizer.java:1763)
        at java.base@21.0.6/java.util.concurrent.ScheduledThreadPoolExecutor$DelayedWorkQueue.take(ScheduledThreadPoolExecutor.java:1182)
        at java.base@21.0.6/java.util.concurrent.ScheduledThreadPoolExecutor$DelayedWorkQueue.take(ScheduledThreadPoolExecutor.java:899)
        at java.base@21.0.6/java.util.concurrent.ThreadPoolExecutor.getTask(ThreadPoolExecutor.java:1070)
        at java.base@21.0.6/java.util.concurrent.ThreadPoolExecutor.runWorker(ThreadPoolExecutor.java:1130)
        at java.base@21.0.6/java.util.concurrent.ThreadPoolExecutor$Worker.run(ThreadPoolExecutor.java:642)
        at java.base@21.0.6/java.lang.Thread.runWith(Thread.java:1596)
        at java.base@21.0.6/java.lang.Thread.run(Thread.java:1583)
"IPC Server handler 33 on default port 15001" daemon prio=5 tid=247 timed_waiting
java.lang.Thread.State: TIMED_WAITING
        at java.base@21.0.6/jdk.internal.misc.Unsafe.park(Native Method)
        at java.base@21.0.6/java.util.concurrent.locks.LockSupport.parkNanos(LockSupport.java:269)
        at java.base@21.0.6/java.util.concurrent.locks.AbstractQueuedSynchronizer$ConditionObject.awaitNanos(AbstractQueuedSynchronizer.java:1763)
        at java.base@21.0.6/java.util.concurrent.LinkedBlockingQueue.poll(LinkedBlockingQueue.java:460)
        at app//org.apache.hadoop.ipc.CallQueueManager.take(CallQueueManager.java:370)
        at app//org.apache.hadoop.ipc.Server$Handler.run(Server.java:3165)
"IPC Server handler 57 on default port 15001" daemon prio=5 tid=271 timed_waiting
java.lang.Thread.State: TIMED_WAITING
        at java.base@21.0.6/jdk.internal.misc.Unsafe.park(Native Method)
        at java.base@21.0.6/java.util.concurrent.locks.LockSupport.parkNanos(LockSupport.java:269)
        at java.base@21.0.6/java.util.concurrent.locks.AbstractQueuedSynchronizer$ConditionObject.awaitNanos(AbstractQueuedSynchronizer.java:1763)
        at java.base@21.0.6/java.util.concurrent.LinkedBlockingQueue.poll(LinkedBlockingQueue.java:460)
        at app//org.apache.hadoop.ipc.CallQueueManager.take(CallQueueManager.java:370)
        at app//org.apache.hadoop.ipc.Server$Handler.run(Server.java:3165)
"25fe7083-9332-4190-accf-9f4542114dd9-PeriodicHDDSVolumeChecker" daemon prio=5 tid=1947 timed_waiting
java.lang.Thread.State: TIMED_WAITING
        at java.base@21.0.6/jdk.internal.misc.Unsafe.park(Native Method)
        at java.base@21.0.6/java.util.concurrent.locks.LockSupport.parkNanos(LockSupport.java:269)
        at java.base@21.0.6/java.util.concurrent.locks.AbstractQueuedSynchronizer$ConditionObject.awaitNanos(AbstractQueuedSynchronizer.java:1763)
        at java.base@21.0.6/java.util.concurrent.ScheduledThreadPoolExecutor$DelayedWorkQueue.take(ScheduledThreadPoolExecutor.java:1182)
        at java.base@21.0.6/java.util.concurrent.ScheduledThreadPoolExecutor$DelayedWorkQueue.take(ScheduledThreadPoolExecutor.java:899)
        at java.base@21.0.6/java.util.concurrent.ThreadPoolExecutor.getTask(ThreadPoolExecutor.java:1070)
        at java.base@21.0.6/java.util.concurrent.ThreadPoolExecutor.runWorker(ThreadPoolExecutor.java:1130)
        at java.base@21.0.6/java.util.concurrent.ThreadPoolExecutor$Worker.run(ThreadPoolExecutor.java:642)
        at java.base@21.0.6/java.lang.Thread.runWith(Thread.java:1596)
        at java.base@21.0.6/java.lang.Thread.run(Thread.java:1583)
"IPC Server handler 85 on default port 15001" daemon prio=5 tid=299 timed_waiting
java.lang.Thread.State: TIMED_WAITING
        at java.base@21.0.6/jdk.internal.misc.Unsafe.park(Native Method)
        at java.base@21.0.6/java.util.concurrent.locks.LockSupport.parkNanos(LockSupport.java:269)
        at java.base@21.0.6/java.util.concurrent.locks.AbstractQueuedSynchronizer$ConditionObject.awaitNanos(AbstractQueuedSynchronizer.java:1763)
        at java.base@21.0.6/java.util.concurrent.LinkedBlockingQueue.poll(LinkedBlockingQueue.java:460)
        at app//org.apache.hadoop.ipc.CallQueueManager.take(CallQueueManager.java:370)
        at app//org.apache.hadoop.ipc.Server$Handler.run(Server.java:3165)
"Socket Reader #9 for port 15001"  prio=5 tid=78 runnable
java.lang.Thread.State: RUNNABLE
        at java.base@21.0.6/sun.nio.ch.EPoll.wait(Native Method)
        at java.base@21.0.6/sun.nio.ch.EPollSelectorImpl.doSelect(EPollSelectorImpl.java:121)
        at java.base@21.0.6/sun.nio.ch.SelectorImpl.lockAndDoSelect(SelectorImpl.java:130)
        at java.base@21.0.6/sun.nio.ch.SelectorImpl.select(SelectorImpl.java:147)
        at app//org.apache.hadoop.ipc.Server$Listener$Reader.doRunLoop(Server.java:1497)
        at app//org.apache.hadoop.ipc.Server$Listener$Reader.run(Server.java:1476)
"e20a886d-0459-4371-959f-f9bdb6931571-ChunkWriter-1-0" daemon prio=5 tid=1111 in Object.wait()
java.lang.Thread.State: WAITING (on object monitor)
        at java.base@21.0.6/jdk.internal.misc.Unsafe.park(Native Method)
        at java.base@21.0.6/java.util.concurrent.locks.LockSupport.park(LockSupport.java:371)
        at java.base@21.0.6/java.util.concurrent.locks.AbstractQueuedSynchronizer$ConditionNode.block(AbstractQueuedSynchronizer.java:519)
        at java.base@21.0.6/java.util.concurrent.ForkJoinPool.unmanagedBlock(ForkJoinPool.java:3780)
        at java.base@21.0.6/java.util.concurrent.ForkJoinPool.managedBlock(ForkJoinPool.java:3725)
        at java.base@21.0.6/java.util.concurrent.locks.AbstractQueuedSynchronizer$ConditionObject.await(AbstractQueuedSynchronizer.java:1712)
        at java.base@21.0.6/java.util.concurrent.LinkedBlockingDeque.takeFirst(LinkedBlockingDeque.java:485)
        at java.base@21.0.6/java.util.concurrent.LinkedBlockingDeque.take(LinkedBlockingDeque.java:673)
        at java.base@21.0.6/java.util.concurrent.ThreadPoolExecutor.getTask(ThreadPoolExecutor.java:1070)
        at java.base@21.0.6/java.util.concurrent.ThreadPoolExecutor.runWorker(ThreadPoolExecutor.java:1130)
        at java.base@21.0.6/java.util.concurrent.ThreadPoolExecutor$Worker.run(ThreadPoolExecutor.java:642)
        at java.base@21.0.6/java.lang.Thread.runWith(Thread.java:1596)
        at java.base@21.0.6/java.lang.Thread.run(Thread.java:1583)
"Session-HouseKeeper-4980460d-1"  prio=5 tid=712 timed_waiting
java.lang.Thread.State: TIMED_WAITING
        at java.base@21.0.6/jdk.internal.misc.Unsafe.park(Native Method)
        at java.base@21.0.6/java.util.concurrent.locks.LockSupport.parkNanos(LockSupport.java:269)
        at java.base@21.0.6/java.util.concurrent.locks.AbstractQueuedSynchronizer$ConditionObject.awaitNanos(AbstractQueuedSynchronizer.java:1763)
        at java.base@21.0.6/java.util.concurrent.ScheduledThreadPoolExecutor$DelayedWorkQueue.take(ScheduledThreadPoolExecutor.java:1182)
        at java.base@21.0.6/java.util.concurrent.ScheduledThreadPoolExecutor$DelayedWorkQueue.take(ScheduledThreadPoolExecutor.java:899)
        at java.base@21.0.6/java.util.concurrent.ThreadPoolExecutor.getTask(ThreadPoolExecutor.java:1070)
        at java.base@21.0.6/java.util.concurrent.ThreadPoolExecutor.runWorker(ThreadPoolExecutor.java:1130)
        at java.base@21.0.6/java.util.concurrent.ThreadPoolExecutor$Worker.run(ThreadPoolExecutor.java:642)
        at java.base@21.0.6/java.lang.Thread.runWith(Thread.java:1596)
        at java.base@21.0.6/java.lang.Thread.run(Thread.java:1583)
"IPC Server handler 69 on default port 15002" daemon prio=5 tid=401 timed_waiting
java.lang.Thread.State: TIMED_WAITING
        at java.base@21.0.6/jdk.internal.misc.Unsafe.park(Native Method)
        at java.base@21.0.6/java.util.concurrent.locks.LockSupport.parkNanos(LockSupport.java:269)
        at java.base@21.0.6/java.util.concurrent.locks.AbstractQueuedSynchronizer$ConditionObject.awaitNanos(AbstractQueuedSynchronizer.java:1763)
        at java.base@21.0.6/java.util.concurrent.LinkedBlockingQueue.poll(LinkedBlockingQueue.java:460)
        at app//org.apache.hadoop.ipc.CallQueueManager.take(CallQueueManager.java:370)
        at app//org.apache.hadoop.ipc.Server$Handler.run(Server.java:3165)
"IPC Server listener on 15048" daemon prio=5 tid=713 runnable
java.lang.Thread.State: RUNNABLE
        at java.base@21.0.6/sun.nio.ch.EPoll.wait(Native Method)
        at java.base@21.0.6/sun.nio.ch.EPollSelectorImpl.doSelect(EPollSelectorImpl.java:121)
        at java.base@21.0.6/sun.nio.ch.SelectorImpl.lockAndDoSelect(SelectorImpl.java:130)
        at java.base@21.0.6/sun.nio.ch.SelectorImpl.select(SelectorImpl.java:147)
        at app//org.apache.hadoop.ipc.Server$Listener.run(Server.java:1559)
"49dd84ae-7ec9-4d92-bc53-345946144fea-DatanodeReportManager-0" daemon prio=5 tid=2286 in Object.wait()
java.lang.Thread.State: WAITING (on object monitor)
        at java.base@21.0.6/jdk.internal.misc.Unsafe.park(Native Method)
        at java.base@21.0.6/java.util.concurrent.locks.LockSupport.park(LockSupport.java:371)
        at java.base@21.0.6/java.util.concurrent.locks.AbstractQueuedSynchronizer$ConditionNode.block(AbstractQueuedSynchronizer.java:519)
        at java.base@21.0.6/java.util.concurrent.ForkJoinPool.unmanagedBlock(ForkJoinPool.java:3780)
        at java.base@21.0.6/java.util.concurrent.ForkJoinPool.managedBlock(ForkJoinPool.java:3725)
        at java.base@21.0.6/java.util.concurrent.locks.AbstractQueuedSynchronizer$ConditionObject.await(AbstractQueuedSynchronizer.java:1712)
        at java.base@21.0.6/java.util.concurrent.ScheduledThreadPoolExecutor$DelayedWorkQueue.take(ScheduledThreadPoolExecutor.java:1177)
        at java.base@21.0.6/java.util.concurrent.ScheduledThreadPoolExecutor$DelayedWorkQueue.take(ScheduledThreadPoolExecutor.java:899)
        at java.base@21.0.6/java.util.concurrent.ThreadPoolExecutor.getTask(ThreadPoolExecutor.java:1070)
        at java.base@21.0.6/java.util.concurrent.ThreadPoolExecutor.runWorker(ThreadPoolExecutor.java:1130)
        at java.base@21.0.6/java.util.concurrent.ThreadPoolExecutor$Worker.run(ThreadPoolExecutor.java:642)
        at java.base@21.0.6/java.lang.Thread.runWith(Thread.java:1596)
        at java.base@21.0.6/java.lang.Thread.run(Thread.java:1583)
"IPC Server handler 6 on default port 15001" daemon prio=5 tid=220 timed_waiting
java.lang.Thread.State: TIMED_WAITING
        at java.base@21.0.6/jdk.internal.misc.Unsafe.park(Native Method)
        at java.base@21.0.6/java.util.concurrent.locks.LockSupport.parkNanos(LockSupport.java:269)
        at java.base@21.0.6/java.util.concurrent.locks.AbstractQueuedSynchronizer$ConditionObject.awaitNanos(AbstractQueuedSynchronizer.java:1763)
        at java.base@21.0.6/java.util.concurrent.LinkedBlockingQueue.poll(LinkedBlockingQueue.java:460)
        at app//org.apache.hadoop.ipc.CallQueueManager.take(CallQueueManager.java:370)
        at app//org.apache.hadoop.ipc.Server$Handler.run(Server.java:3165)
"IPC Server handler 99 on default port 15000" daemon prio=5 tid=213 timed_waiting
java.lang.Thread.State: TIMED_WAITING
        at java.base@21.0.6/jdk.internal.misc.Unsafe.park(Native Method)
        at java.base@21.0.6/java.util.concurrent.locks.LockSupport.parkNanos(LockSupport.java:269)
        at java.base@21.0.6/java.util.concurrent.locks.AbstractQueuedSynchronizer$ConditionObject.awaitNanos(AbstractQueuedSynchronizer.java:1763)
        at java.base@21.0.6/java.util.concurrent.LinkedBlockingQueue.poll(LinkedBlockingQueue.java:460)
        at app//org.apache.hadoop.ipc.CallQueueManager.take(CallQueueManager.java:370)
        at app//org.apache.hadoop.ipc.Server$Handler.run(Server.java:3165)
"46d11c6d-db9b-44c9-8985-212dd9cf6636-server-thread3" daemon prio=5 tid=2099 timed_waiting
java.lang.Thread.State: TIMED_WAITING
        at java.base@21.0.6/jdk.internal.misc.Unsafe.park(Native Method)
        at java.base@21.0.6/java.util.concurrent.locks.LockSupport.parkNanos(LockSupport.java:410)
        at java.base@21.0.6/java.util.concurrent.LinkedTransferQueue$DualNode.await(LinkedTransferQueue.java:452)
        at java.base@21.0.6/java.util.concurrent.SynchronousQueue$Transferer.xferLifo(SynchronousQueue.java:194)
        at java.base@21.0.6/java.util.concurrent.SynchronousQueue.xfer(SynchronousQueue.java:235)
        at java.base@21.0.6/java.util.concurrent.SynchronousQueue.poll(SynchronousQueue.java:338)
        at java.base@21.0.6/java.util.concurrent.ThreadPoolExecutor.getTask(ThreadPoolExecutor.java:1069)
        at java.base@21.0.6/java.util.concurrent.ThreadPoolExecutor.runWorker(ThreadPoolExecutor.java:1130)
        at java.base@21.0.6/java.util.concurrent.ThreadPoolExecutor$Worker.run(ThreadPoolExecutor.java:642)
        at java.base@21.0.6/java.lang.Thread.runWith(Thread.java:1596)
        at java.base@21.0.6/java.lang.Thread.run(Thread.java:1583)
"2dcfdddc-a76f-4d49-b174-7a2bddacee37-RocksDBCompactionThread-0"  prio=5 tid=653 timed_waiting
java.lang.Thread.State: TIMED_WAITING
        at java.base@21.0.6/jdk.internal.misc.Unsafe.park(Native Method)
        at java.base@21.0.6/java.util.concurrent.locks.LockSupport.parkNanos(LockSupport.java:269)
        at java.base@21.0.6/java.util.concurrent.locks.AbstractQueuedSynchronizer$ConditionObject.awaitNanos(AbstractQueuedSynchronizer.java:1763)
        at java.base@21.0.6/java.util.concurrent.ScheduledThreadPoolExecutor$DelayedWorkQueue.take(ScheduledThreadPoolExecutor.java:1182)
        at java.base@21.0.6/java.util.concurrent.ScheduledThreadPoolExecutor$DelayedWorkQueue.take(ScheduledThreadPoolExecutor.java:899)
        at java.base@21.0.6/java.util.concurrent.ThreadPoolExecutor.getTask(ThreadPoolExecutor.java:1070)
        at java.base@21.0.6/java.util.concurrent.ThreadPoolExecutor.runWorker(ThreadPoolExecutor.java:1130)
        at java.base@21.0.6/java.util.concurrent.ThreadPoolExecutor$Worker.run(ThreadPoolExecutor.java:642)
        at java.base@21.0.6/java.lang.Thread.runWith(Thread.java:1596)
        at java.base@21.0.6/java.lang.Thread.run(Thread.java:1583)
"42086d8c-c943-47d6-a5f9-799709872375@group-A68B45278972-FollowerState" daemon prio=5 tid=1412 timed_waiting
java.lang.Thread.State: TIMED_WAITING
        at java.base@21.0.6/java.lang.Thread.sleep0(Native Method)
        at java.base@21.0.6/java.lang.Thread.sleep(Thread.java:558)
        at java.base@21.0.6/java.util.concurrent.TimeUnit.sleep(TimeUnit.java:446)
        at app//org.apache.ratis.util.TimeDuration.sleep(TimeDuration.java:353)
        at app//org.apache.ratis.util.TimeDuration.sleep(TimeDuration.java:338)
        at app//org.apache.ratis.server.impl.FollowerState.runImpl(FollowerState.java:149)
        at app//org.apache.ratis.server.impl.FollowerState.run(FollowerState.java:130)
"25fe7083-9332-4190-accf-9f4542114dd9-DatanodeReportManager-2" daemon prio=5 tid=1940 in Object.wait()
java.lang.Thread.State: WAITING (on object monitor)
        at java.base@21.0.6/jdk.internal.misc.Unsafe.park(Native Method)
        at java.base@21.0.6/java.util.concurrent.locks.LockSupport.park(LockSupport.java:371)
        at java.base@21.0.6/java.util.concurrent.locks.AbstractQueuedSynchronizer$ConditionNode.block(AbstractQueuedSynchronizer.java:519)
        at java.base@21.0.6/java.util.concurrent.ForkJoinPool.unmanagedBlock(ForkJoinPool.java:3780)
        at java.base@21.0.6/java.util.concurrent.ForkJoinPool.managedBlock(ForkJoinPool.java:3725)
        at java.base@21.0.6/java.util.concurrent.locks.AbstractQueuedSynchronizer$ConditionObject.await(AbstractQueuedSynchronizer.java:1712)
        at java.base@21.0.6/java.util.concurrent.ScheduledThreadPoolExecutor$DelayedWorkQueue.take(ScheduledThreadPoolExecutor.java:1177)
        at java.base@21.0.6/java.util.concurrent.ScheduledThreadPoolExecutor$DelayedWorkQueue.take(ScheduledThreadPoolExecutor.java:899)
        at java.base@21.0.6/java.util.concurrent.ThreadPoolExecutor.getTask(ThreadPoolExecutor.java:1070)
        at java.base@21.0.6/java.util.concurrent.ThreadPoolExecutor.runWorker(ThreadPoolExecutor.java:1130)
        at java.base@21.0.6/java.util.concurrent.ThreadPoolExecutor$Worker.run(ThreadPoolExecutor.java:642)
        at java.base@21.0.6/java.lang.Thread.runWith(Thread.java:1596)
        at java.base@21.0.6/java.lang.Thread.run(Thread.java:1583)
"IPC Server handler 42 on default port 15002" daemon prio=5 tid=374 timed_waiting
java.lang.Thread.State: TIMED_WAITING
        at java.base@21.0.6/jdk.internal.misc.Unsafe.park(Native Method)
        at java.base@21.0.6/java.util.concurrent.locks.LockSupport.parkNanos(LockSupport.java:269)
        at java.base@21.0.6/java.util.concurrent.locks.AbstractQueuedSynchronizer$ConditionObject.awaitNanos(AbstractQueuedSynchronizer.java:1763)
        at java.base@21.0.6/java.util.concurrent.LinkedBlockingQueue.poll(LinkedBlockingQueue.java:460)
        at app//org.apache.hadoop.ipc.CallQueueManager.take(CallQueueManager.java:370)
        at app//org.apache.hadoop.ipc.Server$Handler.run(Server.java:3165)
"IPC Server handler 90 on default port 15002" daemon prio=5 tid=422 timed_waiting
java.lang.Thread.State: TIMED_WAITING
        at java.base@21.0.6/jdk.internal.misc.Unsafe.park(Native Method)
        at java.base@21.0.6/java.util.concurrent.locks.LockSupport.parkNanos(LockSupport.java:269)
        at java.base@21.0.6/java.util.concurrent.locks.AbstractQueuedSynchronizer$ConditionObject.awaitNanos(AbstractQueuedSynchronizer.java:1763)
        at java.base@21.0.6/java.util.concurrent.LinkedBlockingQueue.poll(LinkedBlockingQueue.java:460)
        at app//org.apache.hadoop.ipc.CallQueueManager.take(CallQueueManager.java:370)
        at app//org.apache.hadoop.ipc.Server$Handler.run(Server.java:3165)
"StaleRecoveringContainerScrubbingService#2" daemon prio=5 tid=2418 in Object.wait()
java.lang.Thread.State: WAITING (on object monitor)
        at java.base@21.0.6/jdk.internal.misc.Unsafe.park(Native Method)
        at java.base@21.0.6/java.util.concurrent.locks.LockSupport.park(LockSupport.java:371)
        at java.base@21.0.6/java.util.concurrent.locks.AbstractQueuedSynchronizer$ConditionNode.block(AbstractQueuedSynchronizer.java:519)
        at java.base@21.0.6/java.util.concurrent.ForkJoinPool.unmanagedBlock(ForkJoinPool.java:3780)
        at java.base@21.0.6/java.util.concurrent.ForkJoinPool.managedBlock(ForkJoinPool.java:3725)
        at java.base@21.0.6/java.util.concurrent.locks.AbstractQueuedSynchronizer$ConditionObject.await(AbstractQueuedSynchronizer.java:1712)
        at java.base@21.0.6/java.util.concurrent.ScheduledThreadPoolExecutor$DelayedWorkQueue.take(ScheduledThreadPoolExecutor.java:1177)
        at java.base@21.0.6/java.util.concurrent.ScheduledThreadPoolExecutor$DelayedWorkQueue.take(ScheduledThreadPoolExecutor.java:899)
        at java.base@21.0.6/java.util.concurrent.ThreadPoolExecutor.getTask(ThreadPoolExecutor.java:1070)
        at java.base@21.0.6/java.util.concurrent.ThreadPoolExecutor.runWorker(ThreadPoolExecutor.java:1130)
        at java.base@21.0.6/java.util.concurrent.ThreadPoolExecutor$Worker.run(ThreadPoolExecutor.java:642)
        at java.base@21.0.6/java.lang.Thread.runWith(Thread.java:1596)
        at java.base@21.0.6/java.lang.Thread.run(Thread.java:1583)
"ccfadb7c-9180-4c4b-b969-671c642a7bd3-DatanodeReportManager-1" daemon prio=5 tid=969 in Object.wait()
java.lang.Thread.State: WAITING (on object monitor)
        at java.base@21.0.6/jdk.internal.misc.Unsafe.park(Native Method)
        at java.base@21.0.6/java.util.concurrent.locks.LockSupport.park(LockSupport.java:371)
        at java.base@21.0.6/java.util.concurrent.locks.AbstractQueuedSynchronizer$ConditionNode.block(AbstractQueuedSynchronizer.java:519)
        at java.base@21.0.6/java.util.concurrent.ForkJoinPool.unmanagedBlock(ForkJoinPool.java:3780)
        at java.base@21.0.6/java.util.concurrent.ForkJoinPool.managedBlock(ForkJoinPool.java:3725)
        at java.base@21.0.6/java.util.concurrent.locks.AbstractQueuedSynchronizer$ConditionObject.await(AbstractQueuedSynchronizer.java:1712)
        at java.base@21.0.6/java.util.concurrent.ScheduledThreadPoolExecutor$DelayedWorkQueue.take(ScheduledThreadPoolExecutor.java:1177)
        at java.base@21.0.6/java.util.concurrent.ScheduledThreadPoolExecutor$DelayedWorkQueue.take(ScheduledThreadPoolExecutor.java:899)
        at java.base@21.0.6/java.util.concurrent.ThreadPoolExecutor.getTask(ThreadPoolExecutor.java:1070)
        at java.base@21.0.6/java.util.concurrent.ThreadPoolExecutor.runWorker(ThreadPoolExecutor.java:1130)
        at java.base@21.0.6/java.util.concurrent.ThreadPoolExecutor$Worker.run(ThreadPoolExecutor.java:642)
        at java.base@21.0.6/java.lang.Thread.runWith(Thread.java:1596)
        at java.base@21.0.6/java.lang.Thread.run(Thread.java:1583)
"IPC Server handler 74 on default port 15001" daemon prio=5 tid=288 timed_waiting
java.lang.Thread.State: TIMED_WAITING
        at java.base@21.0.6/jdk.internal.misc.Unsafe.park(Native Method)
        at java.base@21.0.6/java.util.concurrent.locks.LockSupport.parkNanos(LockSupport.java:269)
        at java.base@21.0.6/java.util.concurrent.locks.AbstractQueuedSynchronizer$ConditionObject.awaitNanos(AbstractQueuedSynchronizer.java:1763)
        at java.base@21.0.6/java.util.concurrent.LinkedBlockingQueue.poll(LinkedBlockingQueue.java:460)
        at app//org.apache.hadoop.ipc.CallQueueManager.take(CallQueueManager.java:370)
        at app//org.apache.hadoop.ipc.Server$Handler.run(Server.java:3165)
"42086d8c-c943-47d6-a5f9-799709872375-groupManagement" daemon prio=5 tid=1255 in Object.wait()
java.lang.Thread.State: WAITING (on object monitor)
        at java.base@21.0.6/jdk.internal.misc.Unsafe.park(Native Method)
        at java.base@21.0.6/java.util.concurrent.locks.LockSupport.park(LockSupport.java:371)
        at java.base@21.0.6/java.util.concurrent.locks.AbstractQueuedSynchronizer$ConditionNode.block(AbstractQueuedSynchronizer.java:519)
        at java.base@21.0.6/java.util.concurrent.ForkJoinPool.unmanagedBlock(ForkJoinPool.java:3780)
        at java.base@21.0.6/java.util.concurrent.ForkJoinPool.managedBlock(ForkJoinPool.java:3725)
        at java.base@21.0.6/java.util.concurrent.locks.AbstractQueuedSynchronizer$ConditionObject.await(AbstractQueuedSynchronizer.java:1712)
        at java.base@21.0.6/java.util.concurrent.LinkedBlockingQueue.take(LinkedBlockingQueue.java:435)
        at java.base@21.0.6/java.util.concurrent.ThreadPoolExecutor.getTask(ThreadPoolExecutor.java:1070)
        at java.base@21.0.6/java.util.concurrent.ThreadPoolExecutor.runWorker(ThreadPoolExecutor.java:1130)
        at java.base@21.0.6/java.util.concurrent.ThreadPoolExecutor$Worker.run(ThreadPoolExecutor.java:642)
        at java.base@21.0.6/java.lang.Thread.runWith(Thread.java:1596)
        at java.base@21.0.6/java.lang.Thread.run(Thread.java:1583)
"null-request--thread2" daemon prio=5 tid=2138 timed_waiting
java.lang.Thread.State: TIMED_WAITING
        at java.base@21.0.6/jdk.internal.misc.Unsafe.park(Native Method)
        at java.base@21.0.6/java.util.concurrent.locks.LockSupport.parkNanos(LockSupport.java:269)
        at java.base@21.0.6/java.util.concurrent.locks.AbstractQueuedSynchronizer$ConditionObject.awaitNanos(AbstractQueuedSynchronizer.java:1763)
        at java.base@21.0.6/java.util.concurrent.LinkedBlockingQueue.poll(LinkedBlockingQueue.java:460)
        at java.base@21.0.6/java.util.concurrent.ThreadPoolExecutor.getTask(ThreadPoolExecutor.java:1069)
        at java.base@21.0.6/java.util.concurrent.ThreadPoolExecutor.runWorker(ThreadPoolExecutor.java:1130)
        at java.base@21.0.6/java.util.concurrent.ThreadPoolExecutor$Worker.run(ThreadPoolExecutor.java:642)
        at java.base@21.0.6/java.lang.Thread.runWith(Thread.java:1596)
        at java.base@21.0.6/java.lang.Thread.run(Thread.java:1583)
"eb965ba7-12a8-46f3-92c0-bc6ff5b3bf3b-RocksDBCompactionThread-0"  prio=5 tid=605 timed_waiting
java.lang.Thread.State: TIMED_WAITING
        at java.base@21.0.6/jdk.internal.misc.Unsafe.park(Native Method)
        at java.base@21.0.6/java.util.concurrent.locks.LockSupport.parkNanos(LockSupport.java:269)
        at java.base@21.0.6/java.util.concurrent.locks.AbstractQueuedSynchronizer$ConditionObject.awaitNanos(AbstractQueuedSynchronizer.java:1763)
        at java.base@21.0.6/java.util.concurrent.ScheduledThreadPoolExecutor$DelayedWorkQueue.take(ScheduledThreadPoolExecutor.java:1182)
        at java.base@21.0.6/java.util.concurrent.ScheduledThreadPoolExecutor$DelayedWorkQueue.take(ScheduledThreadPoolExecutor.java:899)
        at java.base@21.0.6/java.util.concurrent.ThreadPoolExecutor.getTask(ThreadPoolExecutor.java:1070)
        at java.base@21.0.6/java.util.concurrent.ThreadPoolExecutor.runWorker(ThreadPoolExecutor.java:1130)
        at java.base@21.0.6/java.util.concurrent.ThreadPoolExecutor$Worker.run(ThreadPoolExecutor.java:642)
        at java.base@21.0.6/java.lang.Thread.runWith(Thread.java:1596)
        at java.base@21.0.6/java.lang.Thread.run(Thread.java:1583)
"EventQueue-DatanodeCommandForSCMNodeManager"  prio=5 tid=1145 in Object.wait()
java.lang.Thread.State: WAITING (on object monitor)
        at java.base@21.0.6/jdk.internal.misc.Unsafe.park(Native Method)
        at java.base@21.0.6/java.util.concurrent.locks.LockSupport.park(LockSupport.java:371)
        at java.base@21.0.6/java.util.concurrent.locks.AbstractQueuedSynchronizer$ConditionNode.block(AbstractQueuedSynchronizer.java:519)
        at java.base@21.0.6/java.util.concurrent.ForkJoinPool.unmanagedBlock(ForkJoinPool.java:3780)
        at java.base@21.0.6/java.util.concurrent.ForkJoinPool.managedBlock(ForkJoinPool.java:3725)
        at java.base@21.0.6/java.util.concurrent.locks.AbstractQueuedSynchronizer$ConditionObject.await(AbstractQueuedSynchronizer.java:1712)
        at java.base@21.0.6/java.util.concurrent.LinkedBlockingQueue.take(LinkedBlockingQueue.java:435)
        at java.base@21.0.6/java.util.concurrent.ThreadPoolExecutor.getTask(ThreadPoolExecutor.java:1070)
        at java.base@21.0.6/java.util.concurrent.ThreadPoolExecutor.runWorker(ThreadPoolExecutor.java:1130)
        at java.base@21.0.6/java.util.concurrent.ThreadPoolExecutor$Worker.run(ThreadPoolExecutor.java:642)
        at java.base@21.0.6/java.lang.Thread.runWith(Thread.java:1596)
        at java.base@21.0.6/java.lang.Thread.run(Thread.java:1583)
"6b36f32d-918c-46a3-bfcb-888cb423c6dd@group-2AA5AC354986-SegmentedRaftLogWorker"  prio=5 tid=1183 timed_waiting
java.lang.Thread.State: TIMED_WAITING
        at java.base@21.0.6/jdk.internal.misc.Unsafe.park(Native Method)
        at java.base@21.0.6/java.util.concurrent.locks.LockSupport.parkNanos(LockSupport.java:269)
        at java.base@21.0.6/java.util.concurrent.locks.AbstractQueuedSynchronizer$ConditionObject.awaitNanos(AbstractQueuedSynchronizer.java:1763)
        at app//org.apache.ratis.util.DataBlockingQueue.poll(DataBlockingQueue.java:148)
        at app//org.apache.ratis.server.raftlog.segmented.SegmentedRaftLogWorker.run(SegmentedRaftLogWorker.java:307)
        at app//org.apache.ratis.server.raftlog.segmented.SegmentedRaftLogWorker$$Lambda/0x00007f7e9c334fd8.run(Unknown Source)
        at java.base@21.0.6/java.util.concurrent.Executors$RunnableAdapter.call(Executors.java:572)
        at java.base@21.0.6/java.util.concurrent.FutureTask.run(FutureTask.java:317)
        at java.base@21.0.6/java.util.concurrent.ThreadPoolExecutor.runWorker(ThreadPoolExecutor.java:1144)
        at java.base@21.0.6/java.util.concurrent.ThreadPoolExecutor$Worker.run(ThreadPoolExecutor.java:642)
        at java.base@21.0.6/java.lang.Thread.runWith(Thread.java:1596)
        at java.base@21.0.6/java.lang.Thread.run(Thread.java:1583)
"25fe7083-9332-4190-accf-9f4542114dd9@group-CA8E8F8CF78E-LeaderStateImpl" daemon prio=5 tid=2091 timed_waiting
java.lang.Thread.State: TIMED_WAITING
        at java.base@21.0.6/jdk.internal.misc.Unsafe.park(Native Method)
        at java.base@21.0.6/java.util.concurrent.locks.LockSupport.parkNanos(LockSupport.java:269)
        at java.base@21.0.6/java.util.concurrent.locks.AbstractQueuedSynchronizer$ConditionObject.awaitNanos(AbstractQueuedSynchronizer.java:1763)
        at java.base@21.0.6/java.util.concurrent.ArrayBlockingQueue.poll(ArrayBlockingQueue.java:435)
        at app//org.apache.ratis.server.impl.LeaderStateImpl$EventQueue.poll(LeaderStateImpl.java:164)
        at app//org.apache.ratis.server.impl.LeaderStateImpl$EventProcessor.run(LeaderStateImpl.java:763)
"StaleRecoveringContainerScrubbingService#3" daemon prio=5 tid=2179 in Object.wait()
java.lang.Thread.State: WAITING (on object monitor)
        at java.base@21.0.6/jdk.internal.misc.Unsafe.park(Native Method)
        at java.base@21.0.6/java.util.concurrent.locks.LockSupport.park(LockSupport.java:371)
        at java.base@21.0.6/java.util.concurrent.locks.AbstractQueuedSynchronizer$ConditionNode.block(AbstractQueuedSynchronizer.java:519)
        at java.base@21.0.6/java.util.concurrent.ForkJoinPool.unmanagedBlock(ForkJoinPool.java:3780)
        at java.base@21.0.6/java.util.concurrent.ForkJoinPool.managedBlock(ForkJoinPool.java:3725)
        at java.base@21.0.6/java.util.concurrent.locks.AbstractQueuedSynchronizer$ConditionObject.await(AbstractQueuedSynchronizer.java:1712)
        at java.base@21.0.6/java.util.concurrent.ScheduledThreadPoolExecutor$DelayedWorkQueue.take(ScheduledThreadPoolExecutor.java:1177)
        at java.base@21.0.6/java.util.concurrent.ScheduledThreadPoolExecutor$DelayedWorkQueue.take(ScheduledThreadPoolExecutor.java:899)
        at java.base@21.0.6/java.util.concurrent.ThreadPoolExecutor.getTask(ThreadPoolExecutor.java:1070)
        at java.base@21.0.6/java.util.concurrent.ThreadPoolExecutor.runWorker(ThreadPoolExecutor.java:1130)
        at java.base@21.0.6/java.util.concurrent.ThreadPoolExecutor$Worker.run(ThreadPoolExecutor.java:642)
        at java.base@21.0.6/java.lang.Thread.runWith(Thread.java:1596)
        at java.base@21.0.6/java.lang.Thread.run(Thread.java:1583)
"qtp1009893576-940" daemon prio=5 tid=940 timed_waiting
java.lang.Thread.State: TIMED_WAITING
        at java.base@21.0.6/jdk.internal.misc.Unsafe.park(Native Method)
        at java.base@21.0.6/java.util.concurrent.locks.LockSupport.parkNanos(LockSupport.java:269)
        at java.base@21.0.6/java.util.concurrent.locks.AbstractQueuedSynchronizer$ConditionObject.awaitNanos(AbstractQueuedSynchronizer.java:1763)
        at app//org.eclipse.jetty.util.BlockingArrayQueue.poll(BlockingArrayQueue.java:382)
        at app//org.eclipse.jetty.util.thread.QueuedThreadPool$Runner.idleJobPoll(QueuedThreadPool.java:974)
        at app//org.eclipse.jetty.util.thread.QueuedThreadPool$Runner.run(QueuedThreadPool.java:1018)
        at java.base@21.0.6/java.lang.Thread.runWith(Thread.java:1596)
        at java.base@21.0.6/java.lang.Thread.run(Thread.java:1583)
"25fe7083-9332-4190-accf-9f4542114dd9-DatanodeReportManager-1" daemon prio=5 tid=1939 in Object.wait()
java.lang.Thread.State: WAITING (on object monitor)
        at java.base@21.0.6/jdk.internal.misc.Unsafe.park(Native Method)
        at java.base@21.0.6/java.util.concurrent.locks.LockSupport.park(LockSupport.java:371)
        at java.base@21.0.6/java.util.concurrent.locks.AbstractQueuedSynchronizer$ConditionNode.block(AbstractQueuedSynchronizer.java:519)
        at java.base@21.0.6/java.util.concurrent.ForkJoinPool.unmanagedBlock(ForkJoinPool.java:3780)
        at java.base@21.0.6/java.util.concurrent.ForkJoinPool.managedBlock(ForkJoinPool.java:3725)
        at java.base@21.0.6/java.util.concurrent.locks.AbstractQueuedSynchronizer$ConditionObject.await(AbstractQueuedSynchronizer.java:1712)
        at java.base@21.0.6/java.util.concurrent.ScheduledThreadPoolExecutor$DelayedWorkQueue.take(ScheduledThreadPoolExecutor.java:1177)
        at java.base@21.0.6/java.util.concurrent.ScheduledThreadPoolExecutor$DelayedWorkQueue.take(ScheduledThreadPoolExecutor.java:899)
        at java.base@21.0.6/java.util.concurrent.ThreadPoolExecutor.getTask(ThreadPoolExecutor.java:1070)
        at java.base@21.0.6/java.util.concurrent.ThreadPoolExecutor.runWorker(ThreadPoolExecutor.java:1130)
        at java.base@21.0.6/java.util.concurrent.ThreadPoolExecutor$Worker.run(ThreadPoolExecutor.java:642)
        at java.base@21.0.6/java.lang.Thread.runWith(Thread.java:1596)
        at java.base@21.0.6/java.lang.Thread.run(Thread.java:1583)
"IPC Server handler 29 on default port 15002" daemon prio=5 tid=361 timed_waiting
java.lang.Thread.State: TIMED_WAITING
        at java.base@21.0.6/jdk.internal.misc.Unsafe.park(Native Method)
        at java.base@21.0.6/java.util.concurrent.locks.LockSupport.parkNanos(LockSupport.java:269)
        at java.base@21.0.6/java.util.concurrent.locks.AbstractQueuedSynchronizer$ConditionObject.awaitNanos(AbstractQueuedSynchronizer.java:1763)
        at java.base@21.0.6/java.util.concurrent.LinkedBlockingQueue.poll(LinkedBlockingQueue.java:460)
        at app//org.apache.hadoop.ipc.CallQueueManager.take(CallQueueManager.java:370)
        at app//org.apache.hadoop.ipc.Server$Handler.run(Server.java:3165)
"Socket Reader #8 for port 15002"  prio=5 tid=63 runnable
java.lang.Thread.State: RUNNABLE
        at java.base@21.0.6/sun.nio.ch.EPoll.wait(Native Method)
        at java.base@21.0.6/sun.nio.ch.EPollSelectorImpl.doSelect(EPollSelectorImpl.java:121)
        at java.base@21.0.6/sun.nio.ch.SelectorImpl.lockAndDoSelect(SelectorImpl.java:130)
        at java.base@21.0.6/sun.nio.ch.SelectorImpl.select(SelectorImpl.java:147)
        at app//org.apache.hadoop.ipc.Server$Listener$Reader.doRunLoop(Server.java:1497)
        at app//org.apache.hadoop.ipc.Server$Listener$Reader.run(Server.java:1476)
"IPC Server handler 5 on default port 15021" daemon prio=5 tid=592 timed_waiting
java.lang.Thread.State: TIMED_WAITING
        at java.base@21.0.6/jdk.internal.misc.Unsafe.park(Native Method)
        at java.base@21.0.6/java.util.concurrent.locks.LockSupport.parkNanos(LockSupport.java:269)
        at java.base@21.0.6/java.util.concurrent.locks.AbstractQueuedSynchronizer$ConditionObject.awaitNanos(AbstractQueuedSynchronizer.java:1763)
        at java.base@21.0.6/java.util.concurrent.LinkedBlockingQueue.poll(LinkedBlockingQueue.java:460)
        at app//org.apache.hadoop.ipc.CallQueueManager.take(CallQueueManager.java:370)
        at app//org.apache.hadoop.ipc.Server$Handler.run(Server.java:3165)
"Socket Reader #4 for port 15066"  prio=5 tid=809 runnable
java.lang.Thread.State: RUNNABLE
        at java.base@21.0.6/sun.nio.ch.EPoll.wait(Native Method)
        at java.base@21.0.6/sun.nio.ch.EPollSelectorImpl.doSelect(EPollSelectorImpl.java:121)
        at java.base@21.0.6/sun.nio.ch.SelectorImpl.lockAndDoSelect(SelectorImpl.java:130)
        at java.base@21.0.6/sun.nio.ch.SelectorImpl.select(SelectorImpl.java:147)
        at app//org.apache.hadoop.ipc.Server$Listener$Reader.doRunLoop(Server.java:1497)
        at app//org.apache.hadoop.ipc.Server$Listener$Reader.run(Server.java:1476)
"2dcfdddc-a76f-4d49-b174-7a2bddacee37-ChunkWriter-3-0" daemon prio=5 tid=1041 in Object.wait()
java.lang.Thread.State: WAITING (on object monitor)
        at java.base@21.0.6/jdk.internal.misc.Unsafe.park(Native Method)
        at java.base@21.0.6/java.util.concurrent.locks.LockSupport.park(LockSupport.java:371)
        at java.base@21.0.6/java.util.concurrent.locks.AbstractQueuedSynchronizer$ConditionNode.block(AbstractQueuedSynchronizer.java:519)
        at java.base@21.0.6/java.util.concurrent.ForkJoinPool.unmanagedBlock(ForkJoinPool.java:3780)
        at java.base@21.0.6/java.util.concurrent.ForkJoinPool.managedBlock(ForkJoinPool.java:3725)
        at java.base@21.0.6/java.util.concurrent.locks.AbstractQueuedSynchronizer$ConditionObject.await(AbstractQueuedSynchronizer.java:1712)
        at java.base@21.0.6/java.util.concurrent.LinkedBlockingDeque.takeFirst(LinkedBlockingDeque.java:485)
        at java.base@21.0.6/java.util.concurrent.LinkedBlockingDeque.take(LinkedBlockingDeque.java:673)
        at java.base@21.0.6/java.util.concurrent.ThreadPoolExecutor.getTask(ThreadPoolExecutor.java:1070)
        at java.base@21.0.6/java.util.concurrent.ThreadPoolExecutor.runWorker(ThreadPoolExecutor.java:1130)
        at java.base@21.0.6/java.util.concurrent.ThreadPoolExecutor$Worker.run(ThreadPoolExecutor.java:642)
        at java.base@21.0.6/java.lang.Thread.runWith(Thread.java:1596)
        at java.base@21.0.6/java.lang.Thread.run(Thread.java:1583)
"42086d8c-c943-47d6-a5f9-799709872375-ChunkReader-0" daemon prio=5 tid=1568 in Object.wait()
java.lang.Thread.State: WAITING (on object monitor)
        at java.base@21.0.6/jdk.internal.misc.Unsafe.park(Native Method)
        at java.base@21.0.6/java.util.concurrent.locks.LockSupport.park(LockSupport.java:371)
        at java.base@21.0.6/java.util.concurrent.locks.AbstractQueuedSynchronizer$ConditionNode.block(AbstractQueuedSynchronizer.java:519)
        at java.base@21.0.6/java.util.concurrent.ForkJoinPool.unmanagedBlock(ForkJoinPool.java:3780)
        at java.base@21.0.6/java.util.concurrent.ForkJoinPool.managedBlock(ForkJoinPool.java:3725)
        at java.base@21.0.6/java.util.concurrent.locks.AbstractQueuedSynchronizer$ConditionObject.await(AbstractQueuedSynchronizer.java:1712)
        at java.base@21.0.6/java.util.concurrent.LinkedBlockingQueue.take(LinkedBlockingQueue.java:435)
        at java.base@21.0.6/java.util.concurrent.ThreadPoolExecutor.getTask(ThreadPoolExecutor.java:1070)
        at java.base@21.0.6/java.util.concurrent.ThreadPoolExecutor.runWorker(ThreadPoolExecutor.java:1130)
        at java.base@21.0.6/java.util.concurrent.ThreadPoolExecutor$Worker.run(ThreadPoolExecutor.java:642)
        at java.base@21.0.6/java.lang.Thread.runWith(Thread.java:1596)
        at java.base@21.0.6/java.lang.Thread.run(Thread.java:1583)
"6b36f32d-918c-46a3-bfcb-888cb423c6dd-server-thread2" daemon prio=5 tid=2117 timed_waiting
java.lang.Thread.State: TIMED_WAITING
        at java.base@21.0.6/jdk.internal.misc.Unsafe.park(Native Method)
        at java.base@21.0.6/java.util.concurrent.locks.LockSupport.parkNanos(LockSupport.java:410)
        at java.base@21.0.6/java.util.concurrent.LinkedTransferQueue$DualNode.await(LinkedTransferQueue.java:452)
        at java.base@21.0.6/java.util.concurrent.SynchronousQueue$Transferer.xferLifo(SynchronousQueue.java:194)
        at java.base@21.0.6/java.util.concurrent.SynchronousQueue.xfer(SynchronousQueue.java:235)
        at java.base@21.0.6/java.util.concurrent.SynchronousQueue.poll(SynchronousQueue.java:338)
        at java.base@21.0.6/java.util.concurrent.ThreadPoolExecutor.getTask(ThreadPoolExecutor.java:1069)
        at java.base@21.0.6/java.util.concurrent.ThreadPoolExecutor.runWorker(ThreadPoolExecutor.java:1130)
        at java.base@21.0.6/java.util.concurrent.ThreadPoolExecutor$Worker.run(ThreadPoolExecutor.java:642)
        at java.base@21.0.6/java.lang.Thread.runWith(Thread.java:1596)
        at java.base@21.0.6/java.lang.Thread.run(Thread.java:1583)
"2fdf8a61-8d2a-4048-aa8e-d82d5837d34a@group-4434D0010B67->49dd84ae-7ec9-4d92-bc53-345946144fea-GrpcLogAppender-LogAppenderDaemon" daemon prio=5 tid=2405 timed_waiting
java.lang.Thread.State: TIMED_WAITING
        at java.base@21.0.6/jdk.internal.misc.Unsafe.park(Native Method)
        at java.base@21.0.6/java.util.concurrent.locks.LockSupport.parkNanos(LockSupport.java:269)
        at java.base@21.0.6/java.util.concurrent.locks.AbstractQueuedSynchronizer$ConditionObject.await(AbstractQueuedSynchronizer.java:1852)
        at app//org.apache.ratis.util.AwaitForSignal.await(AwaitForSignal.java:65)
        at app//org.apache.ratis.grpc.server.GrpcLogAppender.mayWait(GrpcLogAppender.java:290)
        at app//org.apache.ratis.grpc.server.GrpcLogAppender.run(GrpcLogAppender.java:258)
        at app//org.apache.ratis.server.leader.LogAppenderDaemon.run(LogAppenderDaemon.java:80)
        at app//org.apache.ratis.server.leader.LogAppenderDaemon$$Lambda/0x00007f7e9c91a108.run(Unknown Source)
        at java.base@21.0.6/java.lang.Thread.runWith(Thread.java:1596)
        at java.base@21.0.6/java.lang.Thread.run(Thread.java:1583)
"IPC Server handler 96 on default port 15002" daemon prio=5 tid=428 timed_waiting
java.lang.Thread.State: TIMED_WAITING
        at java.base@21.0.6/jdk.internal.misc.Unsafe.park(Native Method)
        at java.base@21.0.6/java.util.concurrent.locks.LockSupport.parkNanos(LockSupport.java:269)
        at java.base@21.0.6/java.util.concurrent.locks.AbstractQueuedSynchronizer$ConditionObject.awaitNanos(AbstractQueuedSynchronizer.java:1763)
        at java.base@21.0.6/java.util.concurrent.LinkedBlockingQueue.poll(LinkedBlockingQueue.java:460)
        at app//org.apache.hadoop.ipc.CallQueueManager.take(CallQueueManager.java:370)
        at app//org.apache.hadoop.ipc.Server$Handler.run(Server.java:3165)
"42086d8c-c943-47d6-a5f9-799709872375-PipelineCommandHandlerThread-0"  prio=5 tid=1267 in Object.wait()
java.lang.Thread.State: WAITING (on object monitor)
        at java.base@21.0.6/jdk.internal.misc.Unsafe.park(Native Method)
        at java.base@21.0.6/java.util.concurrent.locks.LockSupport.park(LockSupport.java:371)
        at java.base@21.0.6/java.util.concurrent.locks.AbstractQueuedSynchronizer$ConditionNode.block(AbstractQueuedSynchronizer.java:519)
        at java.base@21.0.6/java.util.concurrent.ForkJoinPool.unmanagedBlock(ForkJoinPool.java:3780)
        at java.base@21.0.6/java.util.concurrent.ForkJoinPool.managedBlock(ForkJoinPool.java:3725)
        at java.base@21.0.6/java.util.concurrent.locks.AbstractQueuedSynchronizer$ConditionObject.await(AbstractQueuedSynchronizer.java:1712)
        at java.base@21.0.6/java.util.concurrent.LinkedBlockingQueue.take(LinkedBlockingQueue.java:435)
        at java.base@21.0.6/java.util.concurrent.ThreadPoolExecutor.getTask(ThreadPoolExecutor.java:1070)
        at java.base@21.0.6/java.util.concurrent.ThreadPoolExecutor.runWorker(ThreadPoolExecutor.java:1130)
        at java.base@21.0.6/java.util.concurrent.ThreadPoolExecutor$Worker.run(ThreadPoolExecutor.java:642)
        at java.base@21.0.6/java.lang.Thread.runWith(Thread.java:1596)
        at java.base@21.0.6/java.lang.Thread.run(Thread.java:1583)
"42086d8c-c943-47d6-a5f9-799709872375@group-3A2BF5D858B4-StateMachineUpdater" daemon prio=5 tid=2338 timed_waiting
java.lang.Thread.State: TIMED_WAITING
        at java.base@21.0.6/jdk.internal.misc.Unsafe.park(Native Method)
        at java.base@21.0.6/java.util.concurrent.locks.LockSupport.parkNanos(LockSupport.java:269)
        at java.base@21.0.6/java.util.concurrent.locks.AbstractQueuedSynchronizer$ConditionObject.await(AbstractQueuedSynchronizer.java:1852)
        at app//org.apache.ratis.util.AwaitForSignal.await(AwaitForSignal.java:65)
        at app//org.apache.ratis.server.impl.StateMachineUpdater.waitForCommit(StateMachineUpdater.java:219)
        at app//org.apache.ratis.server.impl.StateMachineUpdater.run(StateMachineUpdater.java:187)
        at java.base@21.0.6/java.lang.Thread.runWith(Thread.java:1596)
        at java.base@21.0.6/java.lang.Thread.run(Thread.java:1583)
"ForkJoinPool.commonPool-worker-2" daemon prio=5 tid=31 in Object.wait()
java.lang.Thread.State: WAITING (on object monitor)
        at java.base@21.0.6/jdk.internal.misc.Unsafe.park(Native Method)
        at java.base@21.0.6/java.util.concurrent.locks.LockSupport.park(LockSupport.java:371)
        at java.base@21.0.6/java.util.concurrent.ForkJoinPool.awaitWork(ForkJoinPool.java:1893)
        at java.base@21.0.6/java.util.concurrent.ForkJoinPool.runWorker(ForkJoinPool.java:1809)
        at java.base@21.0.6/java.util.concurrent.ForkJoinWorkerThread.run(ForkJoinWorkerThread.java:188)
"ccfadb7c-9180-4c4b-b969-671c642a7bd3-PeriodicHDDSVolumeChecker" daemon prio=5 tid=1147 timed_waiting
java.lang.Thread.State: TIMED_WAITING
        at java.base@21.0.6/jdk.internal.misc.Unsafe.park(Native Method)
        at java.base@21.0.6/java.util.concurrent.locks.LockSupport.parkNanos(LockSupport.java:269)
        at java.base@21.0.6/java.util.concurrent.locks.AbstractQueuedSynchronizer$ConditionObject.awaitNanos(AbstractQueuedSynchronizer.java:1763)
        at java.base@21.0.6/java.util.concurrent.ScheduledThreadPoolExecutor$DelayedWorkQueue.take(ScheduledThreadPoolExecutor.java:1182)
        at java.base@21.0.6/java.util.concurrent.ScheduledThreadPoolExecutor$DelayedWorkQueue.take(ScheduledThreadPoolExecutor.java:899)
        at java.base@21.0.6/java.util.concurrent.ThreadPoolExecutor.getTask(ThreadPoolExecutor.java:1070)
        at java.base@21.0.6/java.util.concurrent.ThreadPoolExecutor.runWorker(ThreadPoolExecutor.java:1130)
        at java.base@21.0.6/java.util.concurrent.ThreadPoolExecutor$Worker.run(ThreadPoolExecutor.java:642)
        at java.base@21.0.6/java.lang.Thread.runWith(Thread.java:1596)
        at java.base@21.0.6/java.lang.Thread.run(Thread.java:1583)
"42086d8c-c943-47d6-a5f9-799709872375-ContainerOp-9e09d6a8-9742-4eee-8124-a68b45278972-5"  prio=5 tid=2149 in Object.wait()
java.lang.Thread.State: WAITING (on object monitor)
        at java.base@21.0.6/jdk.internal.misc.Unsafe.park(Native Method)
        at java.base@21.0.6/java.util.concurrent.locks.LockSupport.park(LockSupport.java:371)
        at java.base@21.0.6/java.util.concurrent.locks.AbstractQueuedSynchronizer$ConditionNode.block(AbstractQueuedSynchronizer.java:519)
        at java.base@21.0.6/java.util.concurrent.ForkJoinPool.unmanagedBlock(ForkJoinPool.java:3780)
        at java.base@21.0.6/java.util.concurrent.ForkJoinPool.managedBlock(ForkJoinPool.java:3725)
        at java.base@21.0.6/java.util.concurrent.locks.AbstractQueuedSynchronizer$ConditionObject.await(AbstractQueuedSynchronizer.java:1712)
        at java.base@21.0.6/java.util.concurrent.LinkedBlockingQueue.take(LinkedBlockingQueue.java:435)
        at java.base@21.0.6/java.util.concurrent.ThreadPoolExecutor.getTask(ThreadPoolExecutor.java:1070)
        at java.base@21.0.6/java.util.concurrent.ThreadPoolExecutor.runWorker(ThreadPoolExecutor.java:1130)
        at java.base@21.0.6/java.util.concurrent.ThreadPoolExecutor$Worker.run(ThreadPoolExecutor.java:642)
        at java.base@21.0.6/java.lang.Thread.runWith(Thread.java:1596)
        at java.base@21.0.6/java.lang.Thread.run(Thread.java:1583)
"IPC Server Responder" daemon prio=5 tid=67 runnable
java.lang.Thread.State: RUNNABLE
        at java.base@21.0.6/sun.nio.ch.EPoll.wait(Native Method)
        at java.base@21.0.6/sun.nio.ch.EPollSelectorImpl.doSelect(EPollSelectorImpl.java:121)
        at java.base@21.0.6/sun.nio.ch.SelectorImpl.lockAndDoSelect(SelectorImpl.java:130)
        at java.base@21.0.6/sun.nio.ch.SelectorImpl.select(SelectorImpl.java:142)
        at app//org.apache.hadoop.ipc.Server$Responder.doRunLoop(Server.java:1733)
        at app//org.apache.hadoop.ipc.Server$Responder.run(Server.java:1716)
"IPC Server handler 2 on default port 15002" daemon prio=5 tid=334 timed_waiting
java.lang.Thread.State: TIMED_WAITING
        at java.base@21.0.6/jdk.internal.misc.Unsafe.park(Native Method)
        at java.base@21.0.6/java.util.concurrent.locks.LockSupport.parkNanos(LockSupport.java:269)
        at java.base@21.0.6/java.util.concurrent.locks.AbstractQueuedSynchronizer$ConditionObject.awaitNanos(AbstractQueuedSynchronizer.java:1763)
        at java.base@21.0.6/java.util.concurrent.LinkedBlockingQueue.poll(LinkedBlockingQueue.java:460)
        at app//org.apache.hadoop.ipc.CallQueueManager.take(CallQueueManager.java:370)
        at app//org.apache.hadoop.ipc.Server$Handler.run(Server.java:3165)
"JvmPauseMonitor14" daemon prio=5 tid=1956 timed_waiting
java.lang.Thread.State: TIMED_WAITING
        at java.base@21.0.6/java.lang.Thread.sleep0(Native Method)
        at java.base@21.0.6/java.lang.Thread.sleep(Thread.java:558)
        at java.base@21.0.6/java.util.concurrent.TimeUnit.sleep(TimeUnit.java:446)
        at app//org.apache.ratis.util.TimeDuration.sleep(TimeDuration.java:353)
        at app//org.apache.ratis.util.TimeDuration.sleep(TimeDuration.java:338)
        at app//org.apache.ratis.util.JvmPauseMonitor.detectPause(JvmPauseMonitor.java:160)
        at app//org.apache.ratis.util.JvmPauseMonitor.run(JvmPauseMonitor.java:149)
        at app//org.apache.ratis.util.JvmPauseMonitor$$Lambda/0x00007f7e9c38d5c8.run(Unknown Source)
        at java.base@21.0.6/java.lang.Thread.runWith(Thread.java:1596)
        at java.base@21.0.6/java.lang.Thread.run(Thread.java:1583)
"IPC Server handler 8 on default port 15012" daemon prio=5 tid=2283 timed_waiting
java.lang.Thread.State: TIMED_WAITING
        at java.base@21.0.6/jdk.internal.misc.Unsafe.park(Native Method)
        at java.base@21.0.6/java.util.concurrent.locks.LockSupport.parkNanos(LockSupport.java:269)
        at java.base@21.0.6/java.util.concurrent.locks.AbstractQueuedSynchronizer$ConditionObject.awaitNanos(AbstractQueuedSynchronizer.java:1763)
        at java.base@21.0.6/java.util.concurrent.LinkedBlockingQueue.poll(LinkedBlockingQueue.java:460)
        at app//org.apache.hadoop.ipc.CallQueueManager.take(CallQueueManager.java:370)
        at app//org.apache.hadoop.ipc.Server$Handler.run(Server.java:3165)
"om1-SnapshotDiffCleanupService#0" daemon prio=5 tid=436 timed_waiting
java.lang.Thread.State: TIMED_WAITING
        at java.base@21.0.6/jdk.internal.misc.Unsafe.park(Native Method)
        at java.base@21.0.6/java.util.concurrent.locks.LockSupport.parkNanos(LockSupport.java:269)
        at java.base@21.0.6/java.util.concurrent.locks.AbstractQueuedSynchronizer$ConditionObject.awaitNanos(AbstractQueuedSynchronizer.java:1763)
        at java.base@21.0.6/java.util.concurrent.ScheduledThreadPoolExecutor$DelayedWorkQueue.take(ScheduledThreadPoolExecutor.java:1182)
        at java.base@21.0.6/java.util.concurrent.ScheduledThreadPoolExecutor$DelayedWorkQueue.take(ScheduledThreadPoolExecutor.java:899)
        at java.base@21.0.6/java.util.concurrent.ThreadPoolExecutor.getTask(ThreadPoolExecutor.java:1070)
        at java.base@21.0.6/java.util.concurrent.ThreadPoolExecutor.runWorker(ThreadPoolExecutor.java:1130)
        at java.base@21.0.6/java.util.concurrent.ThreadPoolExecutor$Worker.run(ThreadPoolExecutor.java:642)
        at java.base@21.0.6/java.lang.Thread.runWith(Thread.java:1596)
        at java.base@21.0.6/java.lang.Thread.run(Thread.java:1583)
"2fdf8a61-8d2a-4048-aa8e-d82d5837d34a-ChunkWriter-1-0" daemon prio=5 tid=1075 in Object.wait()
java.lang.Thread.State: WAITING (on object monitor)
        at java.base@21.0.6/jdk.internal.misc.Unsafe.park(Native Method)
        at java.base@21.0.6/java.util.concurrent.locks.LockSupport.park(LockSupport.java:371)
        at java.base@21.0.6/java.util.concurrent.locks.AbstractQueuedSynchronizer$ConditionNode.block(AbstractQueuedSynchronizer.java:519)
        at java.base@21.0.6/java.util.concurrent.ForkJoinPool.unmanagedBlock(ForkJoinPool.java:3780)
        at java.base@21.0.6/java.util.concurrent.ForkJoinPool.managedBlock(ForkJoinPool.java:3725)
        at java.base@21.0.6/java.util.concurrent.locks.AbstractQueuedSynchronizer$ConditionObject.await(AbstractQueuedSynchronizer.java:1712)
        at java.base@21.0.6/java.util.concurrent.LinkedBlockingDeque.takeFirst(LinkedBlockingDeque.java:485)
        at java.base@21.0.6/java.util.concurrent.LinkedBlockingDeque.take(LinkedBlockingDeque.java:673)
        at java.base@21.0.6/java.util.concurrent.ThreadPoolExecutor.getTask(ThreadPoolExecutor.java:1070)
        at java.base@21.0.6/java.util.concurrent.ThreadPoolExecutor.runWorker(ThreadPoolExecutor.java:1130)
        at java.base@21.0.6/java.util.concurrent.ThreadPoolExecutor$Worker.run(ThreadPoolExecutor.java:642)
        at java.base@21.0.6/java.lang.Thread.runWith(Thread.java:1596)
        at java.base@21.0.6/java.lang.Thread.run(Thread.java:1583)
"46d11c6d-db9b-44c9-8985-212dd9cf6636@group-BBC2BE15DE85-FollowerState" daemon prio=5 tid=2072 timed_waiting
java.lang.Thread.State: TIMED_WAITING
        at java.base@21.0.6/java.lang.Thread.sleep0(Native Method)
        at java.base@21.0.6/java.lang.Thread.sleep(Thread.java:558)
        at java.base@21.0.6/java.util.concurrent.TimeUnit.sleep(TimeUnit.java:446)
        at app//org.apache.ratis.util.TimeDuration.sleep(TimeDuration.java:353)
        at app//org.apache.ratis.util.TimeDuration.sleep(TimeDuration.java:338)
        at app//org.apache.ratis.server.impl.FollowerState.runImpl(FollowerState.java:149)
        at app//org.apache.ratis.server.impl.FollowerState.run(FollowerState.java:130)
"Socket Reader #6 for port 15030"  prio=5 tid=627 runnable
java.lang.Thread.State: RUNNABLE
        at java.base@21.0.6/sun.nio.ch.EPoll.wait(Native Method)
        at java.base@21.0.6/sun.nio.ch.EPollSelectorImpl.doSelect(EPollSelectorImpl.java:121)
        at java.base@21.0.6/sun.nio.ch.SelectorImpl.lockAndDoSelect(SelectorImpl.java:130)
        at java.base@21.0.6/sun.nio.ch.SelectorImpl.select(SelectorImpl.java:147)
        at app//org.apache.hadoop.ipc.Server$Listener$Reader.doRunLoop(Server.java:1497)
        at app//org.apache.hadoop.ipc.Server$Listener$Reader.run(Server.java:1476)
"Socket Reader #5 for port 15066"  prio=5 tid=810 runnable
java.lang.Thread.State: RUNNABLE
        at java.base@21.0.6/sun.nio.ch.EPoll.wait(Native Method)
        at java.base@21.0.6/sun.nio.ch.EPollSelectorImpl.doSelect(EPollSelectorImpl.java:121)
        at java.base@21.0.6/sun.nio.ch.SelectorImpl.lockAndDoSelect(SelectorImpl.java:130)
        at java.base@21.0.6/sun.nio.ch.SelectorImpl.select(SelectorImpl.java:147)
        at app//org.apache.hadoop.ipc.Server$Listener$Reader.doRunLoop(Server.java:1497)
        at app//org.apache.hadoop.ipc.Server$Listener$Reader.run(Server.java:1476)
"Socket Reader #6 for port 15084"  prio=5 tid=1919 runnable
java.lang.Thread.State: RUNNABLE
        at java.base@21.0.6/sun.nio.ch.EPoll.wait(Native Method)
        at java.base@21.0.6/sun.nio.ch.EPollSelectorImpl.doSelect(EPollSelectorImpl.java:121)
        at java.base@21.0.6/sun.nio.ch.SelectorImpl.lockAndDoSelect(SelectorImpl.java:130)
        at java.base@21.0.6/sun.nio.ch.SelectorImpl.select(SelectorImpl.java:147)
        at app//org.apache.hadoop.ipc.Server$Listener$Reader.doRunLoop(Server.java:1497)
        at app//org.apache.hadoop.ipc.Server$Listener$Reader.run(Server.java:1476)
"42086d8c-c943-47d6-a5f9-799709872375@group-21EBC56F7032-StateMachineUpdater" daemon prio=5 tid=1278 timed_waiting
java.lang.Thread.State: TIMED_WAITING
        at java.base@21.0.6/jdk.internal.misc.Unsafe.park(Native Method)
        at java.base@21.0.6/java.util.concurrent.locks.LockSupport.parkNanos(LockSupport.java:269)
        at java.base@21.0.6/java.util.concurrent.locks.AbstractQueuedSynchronizer$ConditionObject.await(AbstractQueuedSynchronizer.java:1852)
        at app//org.apache.ratis.util.AwaitForSignal.await(AwaitForSignal.java:65)
        at app//org.apache.ratis.server.impl.StateMachineUpdater.waitForCommit(StateMachineUpdater.java:219)
        at app//org.apache.ratis.server.impl.StateMachineUpdater.run(StateMachineUpdater.java:187)
        at java.base@21.0.6/java.lang.Thread.runWith(Thread.java:1596)
        at java.base@21.0.6/java.lang.Thread.run(Thread.java:1583)
"IPC Server handler 9 on default port 15000" daemon prio=5 tid=123 timed_waiting
java.lang.Thread.State: TIMED_WAITING
        at java.base@21.0.6/jdk.internal.misc.Unsafe.park(Native Method)
        at java.base@21.0.6/java.util.concurrent.locks.LockSupport.parkNanos(LockSupport.java:269)
        at java.base@21.0.6/java.util.concurrent.locks.AbstractQueuedSynchronizer$ConditionObject.awaitNanos(AbstractQueuedSynchronizer.java:1763)
        at java.base@21.0.6/java.util.concurrent.LinkedBlockingQueue.poll(LinkedBlockingQueue.java:460)
        at app//org.apache.hadoop.ipc.CallQueueManager.take(CallQueueManager.java:370)
        at app//org.apache.hadoop.ipc.Server$Handler.run(Server.java:3165)
"IPC Server handler 2 on default port 15075" daemon prio=5 tid=867 timed_waiting
java.lang.Thread.State: TIMED_WAITING
        at java.base@21.0.6/jdk.internal.misc.Unsafe.park(Native Method)
        at java.base@21.0.6/java.util.concurrent.locks.LockSupport.parkNanos(LockSupport.java:269)
        at java.base@21.0.6/java.util.concurrent.locks.AbstractQueuedSynchronizer$ConditionObject.awaitNanos(AbstractQueuedSynchronizer.java:1763)
        at java.base@21.0.6/java.util.concurrent.LinkedBlockingQueue.poll(LinkedBlockingQueue.java:460)
        at app//org.apache.hadoop.ipc.CallQueueManager.take(CallQueueManager.java:370)
        at app//org.apache.hadoop.ipc.Server$Handler.run(Server.java:3165)
"Socket Reader #8 for port 15000"  prio=5 tid=91 runnable
java.lang.Thread.State: RUNNABLE
        at java.base@21.0.6/sun.nio.ch.EPoll.wait(Native Method)
        at java.base@21.0.6/sun.nio.ch.EPollSelectorImpl.doSelect(EPollSelectorImpl.java:121)
        at java.base@21.0.6/sun.nio.ch.SelectorImpl.lockAndDoSelect(SelectorImpl.java:130)
        at java.base@21.0.6/sun.nio.ch.SelectorImpl.select(SelectorImpl.java:147)
        at app//org.apache.hadoop.ipc.Server$Listener$Reader.doRunLoop(Server.java:1497)
        at app//org.apache.hadoop.ipc.Server$Listener$Reader.run(Server.java:1476)
"IPC Server handler 4 on default port 15002" daemon prio=5 tid=336 timed_waiting
java.lang.Thread.State: TIMED_WAITING
        at java.base@21.0.6/jdk.internal.misc.Unsafe.park(Native Method)
        at java.base@21.0.6/java.util.concurrent.locks.LockSupport.parkNanos(LockSupport.java:269)
        at java.base@21.0.6/java.util.concurrent.locks.AbstractQueuedSynchronizer$ConditionObject.awaitNanos(AbstractQueuedSynchronizer.java:1763)
        at java.base@21.0.6/java.util.concurrent.LinkedBlockingQueue.poll(LinkedBlockingQueue.java:460)
        at app//org.apache.hadoop.ipc.CallQueueManager.take(CallQueueManager.java:370)
        at app//org.apache.hadoop.ipc.Server$Handler.run(Server.java:3165)
"IPC Server handler 45 on default port 15002" daemon prio=5 tid=377 timed_waiting
java.lang.Thread.State: TIMED_WAITING
        at java.base@21.0.6/jdk.internal.misc.Unsafe.park(Native Method)
        at java.base@21.0.6/java.util.concurrent.locks.LockSupport.parkNanos(LockSupport.java:269)
        at java.base@21.0.6/java.util.concurrent.locks.AbstractQueuedSynchronizer$ConditionObject.awaitNanos(AbstractQueuedSynchronizer.java:1763)
        at java.base@21.0.6/java.util.concurrent.LinkedBlockingQueue.poll(LinkedBlockingQueue.java:460)
        at app//org.apache.hadoop.ipc.CallQueueManager.take(CallQueueManager.java:370)
        at app//org.apache.hadoop.ipc.Server$Handler.run(Server.java:3165)
"ccfadb7c-9180-4c4b-b969-671c642a7bd3-DatanodeReportManager-3" daemon prio=5 tid=971 in Object.wait()
java.lang.Thread.State: WAITING (on object monitor)
        at java.base@21.0.6/jdk.internal.misc.Unsafe.park(Native Method)
        at java.base@21.0.6/java.util.concurrent.locks.LockSupport.parkNanos(LockSupport.java:269)
        at java.base@21.0.6/java.util.concurrent.locks.AbstractQueuedSynchronizer$ConditionObject.awaitNanos(AbstractQueuedSynchronizer.java:1763)
        at java.base@21.0.6/java.util.concurrent.ScheduledThreadPoolExecutor$DelayedWorkQueue.take(ScheduledThreadPoolExecutor.java:1182)
        at java.base@21.0.6/java.util.concurrent.ScheduledThreadPoolExecutor$DelayedWorkQueue.take(ScheduledThreadPoolExecutor.java:899)
        at java.base@21.0.6/java.util.concurrent.ThreadPoolExecutor.getTask(ThreadPoolExecutor.java:1070)
        at java.base@21.0.6/java.util.concurrent.ThreadPoolExecutor.runWorker(ThreadPoolExecutor.java:1130)
        at java.base@21.0.6/java.util.concurrent.ThreadPoolExecutor$Worker.run(ThreadPoolExecutor.java:642)
        at java.base@21.0.6/java.lang.Thread.runWith(Thread.java:1596)
        at java.base@21.0.6/java.lang.Thread.run(Thread.java:1583)
"Socket Reader #5 for port 15084"  prio=5 tid=1918 runnable
java.lang.Thread.State: RUNNABLE
        at java.base@21.0.6/sun.nio.ch.EPoll.wait(Native Method)
        at java.base@21.0.6/sun.nio.ch.EPollSelectorImpl.doSelect(EPollSelectorImpl.java:121)
        at java.base@21.0.6/sun.nio.ch.SelectorImpl.lockAndDoSelect(SelectorImpl.java:130)
        at java.base@21.0.6/sun.nio.ch.SelectorImpl.select(SelectorImpl.java:147)
        at app//org.apache.hadoop.ipc.Server$Listener$Reader.doRunLoop(Server.java:1497)
        at app//org.apache.hadoop.ipc.Server$Listener$Reader.run(Server.java:1476)
"IPC Server handler 31 on default port 15000" daemon prio=5 tid=145 timed_waiting
java.lang.Thread.State: TIMED_WAITING
        at java.base@21.0.6/jdk.internal.misc.Unsafe.park(Native Method)
        at java.base@21.0.6/java.util.concurrent.locks.LockSupport.parkNanos(LockSupport.java:269)
        at java.base@21.0.6/java.util.concurrent.locks.AbstractQueuedSynchronizer$ConditionObject.awaitNanos(AbstractQueuedSynchronizer.java:1763)
        at java.base@21.0.6/java.util.concurrent.LinkedBlockingQueue.poll(LinkedBlockingQueue.java:460)
        at app//org.apache.hadoop.ipc.CallQueueManager.take(CallQueueManager.java:370)
        at app//org.apache.hadoop.ipc.Server$Handler.run(Server.java:3165)
"e20a886d-0459-4371-959f-f9bdb6931571-EndpointStateMachineTaskThread-/0.0.0.0:15002-0 "  prio=5 tid=1103 in Object.wait()
java.lang.Thread.State: WAITING (on object monitor)
        at java.base@21.0.6/jdk.internal.misc.Unsafe.park(Native Method)
        at java.base@21.0.6/java.util.concurrent.locks.LockSupport.park(LockSupport.java:371)
        at java.base@21.0.6/java.util.concurrent.locks.AbstractQueuedSynchronizer$ConditionNode.block(AbstractQueuedSynchronizer.java:519)
        at java.base@21.0.6/java.util.concurrent.ForkJoinPool.unmanagedBlock(ForkJoinPool.java:3780)
        at java.base@21.0.6/java.util.concurrent.ForkJoinPool.managedBlock(ForkJoinPool.java:3725)
        at java.base@21.0.6/java.util.concurrent.locks.AbstractQueuedSynchronizer$ConditionObject.await(AbstractQueuedSynchronizer.java:1712)
        at java.base@21.0.6/java.util.concurrent.LinkedBlockingQueue.take(LinkedBlockingQueue.java:435)
        at java.base@21.0.6/java.util.concurrent.ThreadPoolExecutor.getTask(ThreadPoolExecutor.java:1070)
        at java.base@21.0.6/java.util.concurrent.ThreadPoolExecutor.runWorker(ThreadPoolExecutor.java:1130)
        at java.base@21.0.6/java.util.concurrent.ThreadPoolExecutor$Worker.run(ThreadPoolExecutor.java:642)
        at java.base@21.0.6/java.lang.Thread.runWith(Thread.java:1596)
        at java.base@21.0.6/java.lang.Thread.run(Thread.java:1583)
"2fdf8a61-8d2a-4048-aa8e-d82d5837d34a@group-A68B45278972-StateMachineUpdater" daemon prio=5 tid=1251 timed_waiting
java.lang.Thread.State: TIMED_WAITING
        at java.base@21.0.6/jdk.internal.misc.Unsafe.park(Native Method)
        at java.base@21.0.6/java.util.concurrent.locks.LockSupport.parkNanos(LockSupport.java:269)
        at java.base@21.0.6/java.util.concurrent.locks.AbstractQueuedSynchronizer$ConditionObject.await(AbstractQueuedSynchronizer.java:1852)
        at app//org.apache.ratis.util.AwaitForSignal.await(AwaitForSignal.java:65)
        at app//org.apache.ratis.server.impl.StateMachineUpdater.waitForCommit(StateMachineUpdater.java:219)
        at app//org.apache.ratis.server.impl.StateMachineUpdater.run(StateMachineUpdater.java:187)
        at java.base@21.0.6/java.lang.Thread.runWith(Thread.java:1596)
        at java.base@21.0.6/java.lang.Thread.run(Thread.java:1583)
"2dcfdddc-a76f-4d49-b174-7a2bddacee37-ContainerOp-9e09d6a8-9742-4eee-8124-a68b45278972-4"  prio=5 tid=2145 in Object.wait()
java.lang.Thread.State: WAITING (on object monitor)
        at java.base@21.0.6/jdk.internal.misc.Unsafe.park(Native Method)
        at java.base@21.0.6/java.util.concurrent.locks.LockSupport.park(LockSupport.java:371)
        at java.base@21.0.6/java.util.concurrent.locks.AbstractQueuedSynchronizer$ConditionNode.block(AbstractQueuedSynchronizer.java:519)
        at java.base@21.0.6/java.util.concurrent.ForkJoinPool.unmanagedBlock(ForkJoinPool.java:3780)
        at java.base@21.0.6/java.util.concurrent.ForkJoinPool.managedBlock(ForkJoinPool.java:3725)
        at java.base@21.0.6/java.util.concurrent.locks.AbstractQueuedSynchronizer$ConditionObject.await(AbstractQueuedSynchronizer.java:1712)
        at java.base@21.0.6/java.util.concurrent.LinkedBlockingQueue.take(LinkedBlockingQueue.java:435)
        at java.base@21.0.6/java.util.concurrent.ThreadPoolExecutor.getTask(ThreadPoolExecutor.java:1070)
        at java.base@21.0.6/java.util.concurrent.ThreadPoolExecutor.runWorker(ThreadPoolExecutor.java:1130)
        at java.base@21.0.6/java.util.concurrent.ThreadPoolExecutor$Worker.run(ThreadPoolExecutor.java:642)
        at java.base@21.0.6/java.lang.Thread.runWith(Thread.java:1596)
        at java.base@21.0.6/java.lang.Thread.run(Thread.java:1583)
"IPC Server handler 9 on default port 15048" daemon prio=5 tid=736 timed_waiting
java.lang.Thread.State: TIMED_WAITING
        at java.base@21.0.6/jdk.internal.misc.Unsafe.park(Native Method)
        at java.base@21.0.6/java.util.concurrent.locks.LockSupport.parkNanos(LockSupport.java:269)
        at java.base@21.0.6/java.util.concurrent.locks.AbstractQueuedSynchronizer$ConditionObject.awaitNanos(AbstractQueuedSynchronizer.java:1763)
        at java.base@21.0.6/java.util.concurrent.LinkedBlockingQueue.poll(LinkedBlockingQueue.java:460)
        at app//org.apache.hadoop.ipc.CallQueueManager.take(CallQueueManager.java:370)
        at app//org.apache.hadoop.ipc.Server$Handler.run(Server.java:3165)
"IPC Server handler 88 on default port 15002" daemon prio=5 tid=420 timed_waiting
java.lang.Thread.State: TIMED_WAITING
        at java.base@21.0.6/jdk.internal.misc.Unsafe.park(Native Method)
        at java.base@21.0.6/java.util.concurrent.locks.LockSupport.parkNanos(LockSupport.java:269)
        at java.base@21.0.6/java.util.concurrent.locks.AbstractQueuedSynchronizer$ConditionObject.awaitNanos(AbstractQueuedSynchronizer.java:1763)
        at java.base@21.0.6/java.util.concurrent.LinkedBlockingQueue.poll(LinkedBlockingQueue.java:460)
        at app//org.apache.hadoop.ipc.CallQueueManager.take(CallQueueManager.java:370)
        at app//org.apache.hadoop.ipc.Server$Handler.run(Server.java:3165)
"IPC Server handler 13 on default port 15006" daemon prio=5 tid=504 timed_waiting
java.lang.Thread.State: TIMED_WAITING
        at java.base@21.0.6/jdk.internal.misc.Unsafe.park(Native Method)
        at java.base@21.0.6/java.util.concurrent.locks.LockSupport.parkNanos(LockSupport.java:269)
        at java.base@21.0.6/java.util.concurrent.locks.AbstractQueuedSynchronizer$ConditionObject.awaitNanos(AbstractQueuedSynchronizer.java:1763)
        at java.base@21.0.6/java.util.concurrent.LinkedBlockingQueue.poll(LinkedBlockingQueue.java:460)
        at app//org.apache.hadoop.ipc.CallQueueManager.take(CallQueueManager.java:370)
        at app//org.apache.hadoop.ipc.Server$Handler.run(Server.java:3165)
"IPC Server idle connection scanner for port 15001" daemon prio=5 tid=80 timed_waiting
java.lang.Thread.State: TIMED_WAITING
        at java.base@21.0.6/java.lang.Object.wait0(Native Method)
        at java.base@21.0.6/java.lang.Object.wait(Object.java:366)
        at java.base@21.0.6/java.util.TimerThread.mainLoop(Timer.java:563)
        at java.base@21.0.6/java.util.TimerThread.run(Timer.java:516)
"2fdf8a61-8d2a-4048-aa8e-d82d5837d34a-DatanodeStateMachineTaskThread-0"  prio=5 tid=789 in Object.wait()
java.lang.Thread.State: WAITING (on object monitor)
        at java.base@21.0.6/jdk.internal.misc.Unsafe.park(Native Method)
        at java.base@21.0.6/java.util.concurrent.locks.LockSupport.park(LockSupport.java:371)
        at java.base@21.0.6/java.util.concurrent.locks.AbstractQueuedSynchronizer$ConditionNode.block(AbstractQueuedSynchronizer.java:519)
        at java.base@21.0.6/java.util.concurrent.ForkJoinPool.unmanagedBlock(ForkJoinPool.java:3780)
        at java.base@21.0.6/java.util.concurrent.ForkJoinPool.managedBlock(ForkJoinPool.java:3725)
        at java.base@21.0.6/java.util.concurrent.locks.AbstractQueuedSynchronizer$ConditionObject.await(AbstractQueuedSynchronizer.java:1712)
        at java.base@21.0.6/java.util.concurrent.LinkedBlockingQueue.take(LinkedBlockingQueue.java:435)
        at java.base@21.0.6/java.util.concurrent.ThreadPoolExecutor.getTask(ThreadPoolExecutor.java:1070)
        at java.base@21.0.6/java.util.concurrent.ThreadPoolExecutor.runWorker(ThreadPoolExecutor.java:1130)
        at java.base@21.0.6/java.util.concurrent.ThreadPoolExecutor$Worker.run(ThreadPoolExecutor.java:642)
        at java.base@21.0.6/java.lang.Thread.runWith(Thread.java:1596)
        at java.base@21.0.6/java.lang.Thread.run(Thread.java:1583)
"qtp179497095-320" daemon prio=5 tid=320 timed_waiting
java.lang.Thread.State: TIMED_WAITING
        at java.base@21.0.6/jdk.internal.misc.Unsafe.park(Native Method)
        at java.base@21.0.6/java.util.concurrent.locks.LockSupport.parkNanos(LockSupport.java:269)
        at java.base@21.0.6/java.util.concurrent.locks.AbstractQueuedSynchronizer$ConditionObject.awaitNanos(AbstractQueuedSynchronizer.java:1763)
        at app//org.eclipse.jetty.util.BlockingArrayQueue.poll(BlockingArrayQueue.java:382)
        at app//org.eclipse.jetty.util.thread.QueuedThreadPool$Runner.idleJobPoll(QueuedThreadPool.java:974)
        at app//org.eclipse.jetty.util.thread.QueuedThreadPool$Runner.run(QueuedThreadPool.java:1018)
        at java.base@21.0.6/java.lang.Thread.runWith(Thread.java:1596)
        at java.base@21.0.6/java.lang.Thread.run(Thread.java:1583)
"EventQueue-NodeReportForNodeReportHandler" daemon prio=5 tid=1815 in Object.wait()
java.lang.Thread.State: WAITING (on object monitor)
        at java.base@21.0.6/jdk.internal.misc.Unsafe.park(Native Method)
        at java.base@21.0.6/java.util.concurrent.locks.LockSupport.park(LockSupport.java:371)
        at java.base@21.0.6/java.util.concurrent.locks.AbstractQueuedSynchronizer$ConditionNode.block(AbstractQueuedSynchronizer.java:519)
        at java.base@21.0.6/java.util.concurrent.ForkJoinPool.unmanagedBlock(ForkJoinPool.java:3780)
        at java.base@21.0.6/java.util.concurrent.ForkJoinPool.managedBlock(ForkJoinPool.java:3725)
        at java.base@21.0.6/java.util.concurrent.locks.AbstractQueuedSynchronizer$ConditionObject.await(AbstractQueuedSynchronizer.java:1712)
        at java.base@21.0.6/java.util.concurrent.LinkedBlockingQueue.take(LinkedBlockingQueue.java:435)
        at java.base@21.0.6/java.util.concurrent.ThreadPoolExecutor.getTask(ThreadPoolExecutor.java:1070)
        at java.base@21.0.6/java.util.concurrent.ThreadPoolExecutor.runWorker(ThreadPoolExecutor.java:1130)
        at java.base@21.0.6/java.util.concurrent.ThreadPoolExecutor$Worker.run(ThreadPoolExecutor.java:642)
        at java.base@21.0.6/java.lang.Thread.runWith(Thread.java:1596)
        at java.base@21.0.6/java.lang.Thread.run(Thread.java:1583)
"IPC Server handler 6 on default port 15057" daemon prio=5 tid=779 timed_waiting
java.lang.Thread.State: TIMED_WAITING
        at java.base@21.0.6/jdk.internal.misc.Unsafe.park(Native Method)
        at java.base@21.0.6/java.util.concurrent.locks.LockSupport.parkNanos(LockSupport.java:269)
        at java.base@21.0.6/java.util.concurrent.locks.AbstractQueuedSynchronizer$ConditionObject.awaitNanos(AbstractQueuedSynchronizer.java:1763)
        at java.base@21.0.6/java.util.concurrent.LinkedBlockingQueue.poll(LinkedBlockingQueue.java:460)
        at app//org.apache.hadoop.ipc.CallQueueManager.take(CallQueueManager.java:370)
        at app//org.apache.hadoop.ipc.Server$Handler.run(Server.java:3165)
"e20a886d-0459-4371-959f-f9bdb6931571@group-BBC2BE15DE85-cacheEviction-AwaitToRun" daemon prio=5 tid=1968 in Object.wait()
java.lang.Thread.State: WAITING (on object monitor)
        at java.base@21.0.6/jdk.internal.misc.Unsafe.park(Native Method)
        at java.base@21.0.6/java.util.concurrent.locks.LockSupport.park(LockSupport.java:371)
        at java.base@21.0.6/java.util.concurrent.locks.AbstractQueuedSynchronizer$ConditionNode.block(AbstractQueuedSynchronizer.java:519)
        at java.base@21.0.6/java.util.concurrent.ForkJoinPool.unmanagedBlock(ForkJoinPool.java:3780)
        at java.base@21.0.6/java.util.concurrent.ForkJoinPool.managedBlock(ForkJoinPool.java:3725)
        at java.base@21.0.6/java.util.concurrent.locks.AbstractQueuedSynchronizer$ConditionObject.await(AbstractQueuedSynchronizer.java:1712)
        at app//org.apache.ratis.util.AwaitForSignal.await(AwaitForSignal.java:48)
        at app//org.apache.ratis.util.AwaitToRun$RunnableImpl.run(AwaitToRun.java:47)
        at java.base@21.0.6/java.lang.Thread.runWith(Thread.java:1596)
        at java.base@21.0.6/java.lang.Thread.run(Thread.java:1583)
"ccfadb7c-9180-4c4b-b969-671c642a7bd3-EndpointStateMachineTaskThread-/0.0.0.0:15002-0 "  prio=5 tid=1139 in Object.wait()
java.lang.Thread.State: WAITING (on object monitor)
        at java.base@21.0.6/jdk.internal.misc.Unsafe.park(Native Method)
        at java.base@21.0.6/java.util.concurrent.locks.LockSupport.park(LockSupport.java:371)
        at java.base@21.0.6/java.util.concurrent.locks.AbstractQueuedSynchronizer$ConditionNode.block(AbstractQueuedSynchronizer.java:519)
        at java.base@21.0.6/java.util.concurrent.ForkJoinPool.unmanagedBlock(ForkJoinPool.java:3780)
        at java.base@21.0.6/java.util.concurrent.ForkJoinPool.managedBlock(ForkJoinPool.java:3725)
        at java.base@21.0.6/java.util.concurrent.locks.AbstractQueuedSynchronizer$ConditionObject.await(AbstractQueuedSynchronizer.java:1712)
        at java.base@21.0.6/java.util.concurrent.LinkedBlockingQueue.take(LinkedBlockingQueue.java:435)
        at java.base@21.0.6/java.util.concurrent.ThreadPoolExecutor.getTask(ThreadPoolExecutor.java:1070)
        at java.base@21.0.6/java.util.concurrent.ThreadPoolExecutor.runWorker(ThreadPoolExecutor.java:1130)
        at java.base@21.0.6/java.util.concurrent.ThreadPoolExecutor$Worker.run(ThreadPoolExecutor.java:642)
        at java.base@21.0.6/java.lang.Thread.runWith(Thread.java:1596)
        at java.base@21.0.6/java.lang.Thread.run(Thread.java:1583)
"46d11c6d-db9b-44c9-8985-212dd9cf6636-BlockDeletingService#3" daemon prio=5 tid=2188 in Object.wait()
java.lang.Thread.State: WAITING (on object monitor)
        at java.base@21.0.6/jdk.internal.misc.Unsafe.park(Native Method)
        at java.base@21.0.6/java.util.concurrent.locks.LockSupport.park(LockSupport.java:371)
        at java.base@21.0.6/java.util.concurrent.locks.AbstractQueuedSynchronizer$ConditionNode.block(AbstractQueuedSynchronizer.java:519)
        at java.base@21.0.6/java.util.concurrent.ForkJoinPool.unmanagedBlock(ForkJoinPool.java:3780)
        at java.base@21.0.6/java.util.concurrent.ForkJoinPool.managedBlock(ForkJoinPool.java:3725)
        at java.base@21.0.6/java.util.concurrent.locks.AbstractQueuedSynchronizer$ConditionObject.await(AbstractQueuedSynchronizer.java:1712)
        at java.base@21.0.6/java.util.concurrent.ScheduledThreadPoolExecutor$DelayedWorkQueue.take(ScheduledThreadPoolExecutor.java:1177)
        at java.base@21.0.6/java.util.concurrent.ScheduledThreadPoolExecutor$DelayedWorkQueue.take(ScheduledThreadPoolExecutor.java:899)
        at java.base@21.0.6/java.util.concurrent.ThreadPoolExecutor.getTask(ThreadPoolExecutor.java:1070)
        at java.base@21.0.6/java.util.concurrent.ThreadPoolExecutor.runWorker(ThreadPoolExecutor.java:1130)
        at java.base@21.0.6/java.util.concurrent.ThreadPoolExecutor$Worker.run(ThreadPoolExecutor.java:642)
        at java.base@21.0.6/java.lang.Thread.runWith(Thread.java:1596)
        at java.base@21.0.6/java.lang.Thread.run(Thread.java:1583)
"IPC Server handler 21 on default port 15002" daemon prio=5 tid=353 timed_waiting
java.lang.Thread.State: TIMED_WAITING
        at java.base@21.0.6/jdk.internal.misc.Unsafe.park(Native Method)
        at java.base@21.0.6/java.util.concurrent.locks.LockSupport.parkNanos(LockSupport.java:269)
        at java.base@21.0.6/java.util.concurrent.locks.AbstractQueuedSynchronizer$ConditionObject.awaitNanos(AbstractQueuedSynchronizer.java:1763)
        at java.base@21.0.6/java.util.concurrent.LinkedBlockingQueue.poll(LinkedBlockingQueue.java:460)
        at app//org.apache.hadoop.ipc.CallQueueManager.take(CallQueueManager.java:370)
        at app//org.apache.hadoop.ipc.Server$Handler.run(Server.java:3165)
"2fdf8a61-8d2a-4048-aa8e-d82d5837d34a-PipelineCommandHandlerThread-0"  prio=5 tid=1286 in Object.wait()
java.lang.Thread.State: WAITING (on object monitor)
        at java.base@21.0.6/jdk.internal.misc.Unsafe.park(Native Method)
        at java.base@21.0.6/java.util.concurrent.locks.LockSupport.park(LockSupport.java:371)
        at java.base@21.0.6/java.util.concurrent.locks.AbstractQueuedSynchronizer$ConditionNode.block(AbstractQueuedSynchronizer.java:519)
        at java.base@21.0.6/java.util.concurrent.ForkJoinPool.unmanagedBlock(ForkJoinPool.java:3780)
        at java.base@21.0.6/java.util.concurrent.ForkJoinPool.managedBlock(ForkJoinPool.java:3725)
        at java.base@21.0.6/java.util.concurrent.locks.AbstractQueuedSynchronizer$ConditionObject.await(AbstractQueuedSynchronizer.java:1712)
        at java.base@21.0.6/java.util.concurrent.LinkedBlockingQueue.take(LinkedBlockingQueue.java:435)
        at java.base@21.0.6/java.util.concurrent.ThreadPoolExecutor.getTask(ThreadPoolExecutor.java:1070)
        at java.base@21.0.6/java.util.concurrent.ThreadPoolExecutor.runWorker(ThreadPoolExecutor.java:1130)
        at java.base@21.0.6/java.util.concurrent.ThreadPoolExecutor$Worker.run(ThreadPoolExecutor.java:642)
        at java.base@21.0.6/java.lang.Thread.runWith(Thread.java:1596)
        at java.base@21.0.6/java.lang.Thread.run(Thread.java:1583)
"IPC Server handler 3 on default port 15057" daemon prio=5 tid=776 timed_waiting
java.lang.Thread.State: TIMED_WAITING
        at java.base@21.0.6/jdk.internal.misc.Unsafe.park(Native Method)
        at java.base@21.0.6/java.util.concurrent.locks.LockSupport.parkNanos(LockSupport.java:269)
        at java.base@21.0.6/java.util.concurrent.locks.AbstractQueuedSynchronizer$ConditionObject.awaitNanos(AbstractQueuedSynchronizer.java:1763)
        at java.base@21.0.6/java.util.concurrent.LinkedBlockingQueue.poll(LinkedBlockingQueue.java:460)
        at app//org.apache.hadoop.ipc.CallQueueManager.take(CallQueueManager.java:370)
        at app//org.apache.hadoop.ipc.Server$Handler.run(Server.java:3165)
"2fdf8a61-8d2a-4048-aa8e-d82d5837d34a-ChunkReader-2" daemon prio=5 tid=1567 in Object.wait()
java.lang.Thread.State: WAITING (on object monitor)
        at java.base@21.0.6/jdk.internal.misc.Unsafe.park(Native Method)
        at java.base@21.0.6/java.util.concurrent.locks.LockSupport.park(LockSupport.java:371)
        at java.base@21.0.6/java.util.concurrent.locks.AbstractQueuedSynchronizer$ConditionNode.block(AbstractQueuedSynchronizer.java:519)
        at java.base@21.0.6/java.util.concurrent.ForkJoinPool.unmanagedBlock(ForkJoinPool.java:3780)
        at java.base@21.0.6/java.util.concurrent.ForkJoinPool.managedBlock(ForkJoinPool.java:3725)
        at java.base@21.0.6/java.util.concurrent.locks.AbstractQueuedSynchronizer$ConditionObject.await(AbstractQueuedSynchronizer.java:1712)
        at java.base@21.0.6/java.util.concurrent.LinkedBlockingQueue.take(LinkedBlockingQueue.java:435)
        at java.base@21.0.6/java.util.concurrent.ThreadPoolExecutor.getTask(ThreadPoolExecutor.java:1070)
        at java.base@21.0.6/java.util.concurrent.ThreadPoolExecutor.runWorker(ThreadPoolExecutor.java:1130)
        at java.base@21.0.6/java.util.concurrent.ThreadPoolExecutor$Worker.run(ThreadPoolExecutor.java:642)
        at java.base@21.0.6/java.lang.Thread.runWith(Thread.java:1596)
        at java.base@21.0.6/java.lang.Thread.run(Thread.java:1583)
"IPC Server handler 71 on default port 15001" daemon prio=5 tid=285 timed_waiting
java.lang.Thread.State: TIMED_WAITING
        at java.base@21.0.6/jdk.internal.misc.Unsafe.park(Native Method)
        at java.base@21.0.6/java.util.concurrent.locks.LockSupport.parkNanos(LockSupport.java:269)
        at java.base@21.0.6/java.util.concurrent.locks.AbstractQueuedSynchronizer$ConditionObject.awaitNanos(AbstractQueuedSynchronizer.java:1763)
        at java.base@21.0.6/java.util.concurrent.LinkedBlockingQueue.poll(LinkedBlockingQueue.java:460)
        at app//org.apache.hadoop.ipc.CallQueueManager.take(CallQueueManager.java:370)
        at app//org.apache.hadoop.ipc.Server$Handler.run(Server.java:3165)
"46d11c6d-db9b-44c9-8985-212dd9cf6636-ChunkWriter-2-0" daemon prio=5 tid=1094 in Object.wait()
java.lang.Thread.State: WAITING (on object monitor)
        at java.base@21.0.6/jdk.internal.misc.Unsafe.park(Native Method)
        at java.base@21.0.6/java.util.concurrent.locks.LockSupport.park(LockSupport.java:371)
        at java.base@21.0.6/java.util.concurrent.locks.AbstractQueuedSynchronizer$ConditionNode.block(AbstractQueuedSynchronizer.java:519)
        at java.base@21.0.6/java.util.concurrent.ForkJoinPool.unmanagedBlock(ForkJoinPool.java:3780)
        at java.base@21.0.6/java.util.concurrent.ForkJoinPool.managedBlock(ForkJoinPool.java:3725)
        at java.base@21.0.6/java.util.concurrent.locks.AbstractQueuedSynchronizer$ConditionObject.await(AbstractQueuedSynchronizer.java:1712)
        at java.base@21.0.6/java.util.concurrent.LinkedBlockingDeque.takeFirst(LinkedBlockingDeque.java:485)
        at java.base@21.0.6/java.util.concurrent.LinkedBlockingDeque.take(LinkedBlockingDeque.java:673)
        at java.base@21.0.6/java.util.concurrent.ThreadPoolExecutor.getTask(ThreadPoolExecutor.java:1070)
        at java.base@21.0.6/java.util.concurrent.ThreadPoolExecutor.runWorker(ThreadPoolExecutor.java:1130)
        at java.base@21.0.6/java.util.concurrent.ThreadPoolExecutor$Worker.run(ThreadPoolExecutor.java:642)
        at java.base@21.0.6/java.lang.Thread.runWith(Thread.java:1596)
        at java.base@21.0.6/java.lang.Thread.run(Thread.java:1583)
"IPC Server handler 0 on default port 15039" daemon prio=5 tid=681 timed_waiting
java.lang.Thread.State: TIMED_WAITING
        at java.base@21.0.6/jdk.internal.misc.Unsafe.park(Native Method)
        at java.base@21.0.6/java.util.concurrent.locks.LockSupport.parkNanos(LockSupport.java:269)
        at java.base@21.0.6/java.util.concurrent.locks.AbstractQueuedSynchronizer$ConditionObject.awaitNanos(AbstractQueuedSynchronizer.java:1763)
        at java.base@21.0.6/java.util.concurrent.LinkedBlockingQueue.poll(LinkedBlockingQueue.java:460)
        at app//org.apache.hadoop.ipc.CallQueueManager.take(CallQueueManager.java:370)
        at app//org.apache.hadoop.ipc.Server$Handler.run(Server.java:3165)
"ccfadb7c-9180-4c4b-b969-671c642a7bd3-BlockDeletingService#1" daemon prio=5 tid=1160 in Object.wait()
java.lang.Thread.State: WAITING (on object monitor)
        at java.base@21.0.6/jdk.internal.misc.Unsafe.park(Native Method)
        at java.base@21.0.6/java.util.concurrent.locks.LockSupport.park(LockSupport.java:371)
        at java.base@21.0.6/java.util.concurrent.locks.AbstractQueuedSynchronizer$ConditionNode.block(AbstractQueuedSynchronizer.java:519)
        at java.base@21.0.6/java.util.concurrent.ForkJoinPool.unmanagedBlock(ForkJoinPool.java:3780)
        at java.base@21.0.6/java.util.concurrent.ForkJoinPool.managedBlock(ForkJoinPool.java:3725)
        at java.base@21.0.6/java.util.concurrent.locks.AbstractQueuedSynchronizer$ConditionObject.await(AbstractQueuedSynchronizer.java:1712)
        at java.base@21.0.6/java.util.concurrent.ScheduledThreadPoolExecutor$DelayedWorkQueue.take(ScheduledThreadPoolExecutor.java:1177)
        at java.base@21.0.6/java.util.concurrent.ScheduledThreadPoolExecutor$DelayedWorkQueue.take(ScheduledThreadPoolExecutor.java:899)
        at java.base@21.0.6/java.util.concurrent.ThreadPoolExecutor.getTask(ThreadPoolExecutor.java:1070)
        at java.base@21.0.6/java.util.concurrent.ThreadPoolExecutor.runWorker(ThreadPoolExecutor.java:1130)
        at java.base@21.0.6/java.util.concurrent.ThreadPoolExecutor$Worker.run(ThreadPoolExecutor.java:642)
        at java.base@21.0.6/java.lang.Thread.runWith(Thread.java:1596)
        at java.base@21.0.6/java.lang.Thread.run(Thread.java:1583)
"IPC Server handler 0 on default port 15066" daemon prio=5 tid=819 timed_waiting
java.lang.Thread.State: TIMED_WAITING
        at java.base@21.0.6/jdk.internal.misc.Unsafe.park(Native Method)
        at java.base@21.0.6/java.util.concurrent.locks.LockSupport.parkNanos(LockSupport.java:269)
        at java.base@21.0.6/java.util.concurrent.locks.AbstractQueuedSynchronizer$ConditionObject.awaitNanos(AbstractQueuedSynchronizer.java:1763)
        at java.base@21.0.6/java.util.concurrent.LinkedBlockingQueue.poll(LinkedBlockingQueue.java:460)
        at app//org.apache.hadoop.ipc.CallQueueManager.take(CallQueueManager.java:370)
        at app//org.apache.hadoop.ipc.Server$Handler.run(Server.java:3165)
"IPC Server handler 97 on default port 15002" daemon prio=5 tid=429 timed_waiting
java.lang.Thread.State: TIMED_WAITING
        at java.base@21.0.6/jdk.internal.misc.Unsafe.park(Native Method)
        at java.base@21.0.6/java.util.concurrent.locks.LockSupport.parkNanos(LockSupport.java:269)
        at java.base@21.0.6/java.util.concurrent.locks.AbstractQueuedSynchronizer$ConditionObject.awaitNanos(AbstractQueuedSynchronizer.java:1763)
        at java.base@21.0.6/java.util.concurrent.LinkedBlockingQueue.poll(LinkedBlockingQueue.java:460)
        at app//org.apache.hadoop.ipc.CallQueueManager.take(CallQueueManager.java:370)
        at app//org.apache.hadoop.ipc.Server$Handler.run(Server.java:3165)
"Hadoop-Metrics-Updater-0" daemon prio=5 tid=82 timed_waiting
java.lang.Thread.State: TIMED_WAITING
        at java.base@21.0.6/jdk.internal.misc.Unsafe.park(Native Method)
        at java.base@21.0.6/java.util.concurrent.locks.LockSupport.parkNanos(LockSupport.java:269)
        at java.base@21.0.6/java.util.concurrent.locks.AbstractQueuedSynchronizer$ConditionObject.awaitNanos(AbstractQueuedSynchronizer.java:1763)
        at java.base@21.0.6/java.util.concurrent.ScheduledThreadPoolExecutor$DelayedWorkQueue.take(ScheduledThreadPoolExecutor.java:1182)
        at java.base@21.0.6/java.util.concurrent.ScheduledThreadPoolExecutor$DelayedWorkQueue.take(ScheduledThreadPoolExecutor.java:899)
        at java.base@21.0.6/java.util.concurrent.ThreadPoolExecutor.getTask(ThreadPoolExecutor.java:1070)
        at java.base@21.0.6/java.util.concurrent.ThreadPoolExecutor.runWorker(ThreadPoolExecutor.java:1130)
        at java.base@21.0.6/java.util.concurrent.ThreadPoolExecutor$Worker.run(ThreadPoolExecutor.java:642)
        at java.base@21.0.6/java.lang.Thread.runWith(Thread.java:1596)
        at java.base@21.0.6/java.lang.Thread.run(Thread.java:1583)
"IPC Server handler 41 on default port 15000" daemon prio=5 tid=155 timed_waiting
java.lang.Thread.State: TIMED_WAITING
        at java.base@21.0.6/jdk.internal.misc.Unsafe.park(Native Method)
        at java.base@21.0.6/java.util.concurrent.locks.LockSupport.parkNanos(LockSupport.java:269)
        at java.base@21.0.6/java.util.concurrent.locks.AbstractQueuedSynchronizer$ConditionObject.awaitNanos(AbstractQueuedSynchronizer.java:1763)
        at java.base@21.0.6/java.util.concurrent.LinkedBlockingQueue.poll(LinkedBlockingQueue.java:460)
        at app//org.apache.hadoop.ipc.CallQueueManager.take(CallQueueManager.java:370)
        at app//org.apache.hadoop.ipc.Server$Handler.run(Server.java:3165)
"6b36f32d-918c-46a3-bfcb-888cb423c6dd-BlockDeletingService#2" daemon prio=5 tid=1817 in Object.wait()
java.lang.Thread.State: WAITING (on object monitor)
        at java.base@21.0.6/jdk.internal.misc.Unsafe.park(Native Method)
        at java.base@21.0.6/java.util.concurrent.locks.LockSupport.park(LockSupport.java:371)
        at java.base@21.0.6/java.util.concurrent.locks.AbstractQueuedSynchronizer$ConditionNode.block(AbstractQueuedSynchronizer.java:519)
        at java.base@21.0.6/java.util.concurrent.ForkJoinPool.unmanagedBlock(ForkJoinPool.java:3780)
        at java.base@21.0.6/java.util.concurrent.ForkJoinPool.managedBlock(ForkJoinPool.java:3725)
        at java.base@21.0.6/java.util.concurrent.locks.AbstractQueuedSynchronizer$ConditionObject.await(AbstractQueuedSynchronizer.java:1712)
        at java.base@21.0.6/java.util.concurrent.ScheduledThreadPoolExecutor$DelayedWorkQueue.take(ScheduledThreadPoolExecutor.java:1177)
        at java.base@21.0.6/java.util.concurrent.ScheduledThreadPoolExecutor$DelayedWorkQueue.take(ScheduledThreadPoolExecutor.java:899)
        at java.base@21.0.6/java.util.concurrent.ThreadPoolExecutor.getTask(ThreadPoolExecutor.java:1070)
        at java.base@21.0.6/java.util.concurrent.ThreadPoolExecutor.runWorker(ThreadPoolExecutor.java:1130)
        at java.base@21.0.6/java.util.concurrent.ThreadPoolExecutor$Worker.run(ThreadPoolExecutor.java:642)
        at java.base@21.0.6/java.lang.Thread.runWith(Thread.java:1596)
        at java.base@21.0.6/java.lang.Thread.run(Thread.java:1583)
"25fe7083-9332-4190-accf-9f4542114dd9@group-B5B4EE72DAEF-LeaderStateImpl" daemon prio=5 tid=2258 timed_waiting
java.lang.Thread.State: TIMED_WAITING
        at java.base@21.0.6/jdk.internal.misc.Unsafe.park(Native Method)
        at java.base@21.0.6/java.util.concurrent.locks.LockSupport.parkNanos(LockSupport.java:269)
        at java.base@21.0.6/java.util.concurrent.locks.AbstractQueuedSynchronizer$ConditionObject.awaitNanos(AbstractQueuedSynchronizer.java:1763)
        at java.base@21.0.6/java.util.concurrent.ArrayBlockingQueue.poll(ArrayBlockingQueue.java:435)
        at app//org.apache.ratis.server.impl.LeaderStateImpl$EventQueue.poll(LeaderStateImpl.java:164)
        at app//org.apache.ratis.server.impl.LeaderStateImpl$EventProcessor.run(LeaderStateImpl.java:763)
"Socket Reader #1 for port 15048"  prio=5 tid=714 runnable
java.lang.Thread.State: RUNNABLE
        at java.base@21.0.6/sun.nio.ch.EPoll.wait(Native Method)
        at java.base@21.0.6/sun.nio.ch.EPollSelectorImpl.doSelect(EPollSelectorImpl.java:121)
        at java.base@21.0.6/sun.nio.ch.SelectorImpl.lockAndDoSelect(SelectorImpl.java:130)
        at java.base@21.0.6/sun.nio.ch.SelectorImpl.select(SelectorImpl.java:147)
        at app//org.apache.hadoop.ipc.Server$Listener$Reader.doRunLoop(Server.java:1497)
        at app//org.apache.hadoop.ipc.Server$Listener$Reader.run(Server.java:1476)
"StaleRecoveringContainerScrubbingService#0" daemon prio=5 tid=1159 in Object.wait()
java.lang.Thread.State: WAITING (on object monitor)
        at java.base@21.0.6/jdk.internal.misc.Unsafe.park(Native Method)
        at java.base@21.0.6/java.util.concurrent.locks.LockSupport.park(LockSupport.java:371)
        at java.base@21.0.6/java.util.concurrent.locks.AbstractQueuedSynchronizer$ConditionNode.block(AbstractQueuedSynchronizer.java:519)
        at java.base@21.0.6/java.util.concurrent.ForkJoinPool.unmanagedBlock(ForkJoinPool.java:3780)
        at java.base@21.0.6/java.util.concurrent.ForkJoinPool.managedBlock(ForkJoinPool.java:3725)
        at java.base@21.0.6/java.util.concurrent.locks.AbstractQueuedSynchronizer$ConditionObject.await(AbstractQueuedSynchronizer.java:1712)
        at java.base@21.0.6/java.util.concurrent.ScheduledThreadPoolExecutor$DelayedWorkQueue.take(ScheduledThreadPoolExecutor.java:1177)
        at java.base@21.0.6/java.util.concurrent.ScheduledThreadPoolExecutor$DelayedWorkQueue.take(ScheduledThreadPoolExecutor.java:899)
        at java.base@21.0.6/java.util.concurrent.ThreadPoolExecutor.getTask(ThreadPoolExecutor.java:1070)
        at java.base@21.0.6/java.util.concurrent.ThreadPoolExecutor.runWorker(ThreadPoolExecutor.java:1130)
        at java.base@21.0.6/java.util.concurrent.ThreadPoolExecutor$Worker.run(ThreadPoolExecutor.java:642)
        at java.base@21.0.6/java.lang.Thread.runWith(Thread.java:1596)
        at java.base@21.0.6/java.lang.Thread.run(Thread.java:1583)
"IPC Server handler 5 on default port 15012" daemon prio=5 tid=2280 timed_waiting
java.lang.Thread.State: TIMED_WAITING
        at java.base@21.0.6/jdk.internal.misc.Unsafe.park(Native Method)
        at java.base@21.0.6/java.util.concurrent.locks.LockSupport.parkNanos(LockSupport.java:269)
        at java.base@21.0.6/java.util.concurrent.locks.AbstractQueuedSynchronizer$ConditionObject.awaitNanos(AbstractQueuedSynchronizer.java:1763)
        at java.base@21.0.6/java.util.concurrent.LinkedBlockingQueue.poll(LinkedBlockingQueue.java:460)
        at app//org.apache.hadoop.ipc.CallQueueManager.take(CallQueueManager.java:370)
        at app//org.apache.hadoop.ipc.Server$Handler.run(Server.java:3165)
"ContainerMetadataScanner" daemon prio=5 tid=1036 timed_waiting
java.lang.Thread.State: TIMED_WAITING
        at java.base@21.0.6/java.lang.Thread.sleep0(Native Method)
        at java.base@21.0.6/java.lang.Thread.sleep(Thread.java:509)
        at app//org.apache.hadoop.ozone.container.ozoneimpl.AbstractBackgroundContainerScanner.handleRemainingSleep(AbstractBackgroundContainerScanner.java:128)
        at app//org.apache.hadoop.ozone.container.ozoneimpl.AbstractBackgroundContainerScanner.runIteration(AbstractBackgroundContainerScanner.java:95)
        at app//org.apache.hadoop.ozone.container.ozoneimpl.AbstractBackgroundContainerScanner.run(AbstractBackgroundContainerScanner.java:54)
"49dd84ae-7ec9-4d92-bc53-345946144fea-ChunkWriter-3-0" daemon prio=5 tid=2315 in Object.wait()
java.lang.Thread.State: WAITING (on object monitor)
        at java.base@21.0.6/jdk.internal.misc.Unsafe.park(Native Method)
        at java.base@21.0.6/java.util.concurrent.locks.LockSupport.park(LockSupport.java:371)
        at java.base@21.0.6/java.util.concurrent.locks.AbstractQueuedSynchronizer$ConditionNode.block(AbstractQueuedSynchronizer.java:519)
        at java.base@21.0.6/java.util.concurrent.ForkJoinPool.unmanagedBlock(ForkJoinPool.java:3780)
        at java.base@21.0.6/java.util.concurrent.ForkJoinPool.managedBlock(ForkJoinPool.java:3725)
        at java.base@21.0.6/java.util.concurrent.locks.AbstractQueuedSynchronizer$ConditionObject.await(AbstractQueuedSynchronizer.java:1712)
        at java.base@21.0.6/java.util.concurrent.LinkedBlockingDeque.takeFirst(LinkedBlockingDeque.java:485)
        at java.base@21.0.6/java.util.concurrent.LinkedBlockingDeque.take(LinkedBlockingDeque.java:673)
        at java.base@21.0.6/java.util.concurrent.ThreadPoolExecutor.getTask(ThreadPoolExecutor.java:1070)
        at java.base@21.0.6/java.util.concurrent.ThreadPoolExecutor.runWorker(ThreadPoolExecutor.java:1130)
        at java.base@21.0.6/java.util.concurrent.ThreadPoolExecutor$Worker.run(ThreadPoolExecutor.java:642)
        at java.base@21.0.6/java.lang.Thread.runWith(Thread.java:1596)
        at java.base@21.0.6/java.lang.Thread.run(Thread.java:1583)
"2fdf8a61-8d2a-4048-aa8e-d82d5837d34a-ContainerOp-9e09d6a8-9742-4eee-8124-a68b45278972-6"  prio=5 tid=2152 in Object.wait()
java.lang.Thread.State: WAITING (on object monitor)
        at java.base@21.0.6/jdk.internal.misc.Unsafe.park(Native Method)
        at java.base@21.0.6/java.util.concurrent.locks.LockSupport.park(LockSupport.java:371)
        at java.base@21.0.6/java.util.concurrent.locks.AbstractQueuedSynchronizer$ConditionNode.block(AbstractQueuedSynchronizer.java:519)
        at java.base@21.0.6/java.util.concurrent.ForkJoinPool.unmanagedBlock(ForkJoinPool.java:3780)
        at java.base@21.0.6/java.util.concurrent.ForkJoinPool.managedBlock(ForkJoinPool.java:3725)
        at java.base@21.0.6/java.util.concurrent.locks.AbstractQueuedSynchronizer$ConditionObject.await(AbstractQueuedSynchronizer.java:1712)
        at java.base@21.0.6/java.util.concurrent.LinkedBlockingQueue.take(LinkedBlockingQueue.java:435)
        at java.base@21.0.6/java.util.concurrent.ThreadPoolExecutor.getTask(ThreadPoolExecutor.java:1070)
        at java.base@21.0.6/java.util.concurrent.ThreadPoolExecutor.runWorker(ThreadPoolExecutor.java:1130)
        at java.base@21.0.6/java.util.concurrent.ThreadPoolExecutor$Worker.run(ThreadPoolExecutor.java:642)
        at java.base@21.0.6/java.lang.Thread.runWith(Thread.java:1596)
        at java.base@21.0.6/java.lang.Thread.run(Thread.java:1583)
"IPC Server handler 32 on default port 15002" daemon prio=5 tid=364 timed_waiting
java.lang.Thread.State: TIMED_WAITING
        at java.base@21.0.6/jdk.internal.misc.Unsafe.park(Native Method)
        at java.base@21.0.6/java.util.concurrent.locks.LockSupport.parkNanos(LockSupport.java:269)
        at java.base@21.0.6/java.util.concurrent.locks.AbstractQueuedSynchronizer$ConditionObject.awaitNanos(AbstractQueuedSynchronizer.java:1763)
        at java.base@21.0.6/java.util.concurrent.LinkedBlockingQueue.poll(LinkedBlockingQueue.java:460)
        at app//org.apache.hadoop.ipc.CallQueueManager.take(CallQueueManager.java:370)
        at app//org.apache.hadoop.ipc.Server$Handler.run(Server.java:3165)
"IPC Server handler 93 on default port 15001" daemon prio=5 tid=307 timed_waiting
java.lang.Thread.State: TIMED_WAITING
        at java.base@21.0.6/jdk.internal.misc.Unsafe.park(Native Method)
        at java.base@21.0.6/java.util.concurrent.locks.LockSupport.parkNanos(LockSupport.java:269)
        at java.base@21.0.6/java.util.concurrent.locks.AbstractQueuedSynchronizer$ConditionObject.awaitNanos(AbstractQueuedSynchronizer.java:1763)
        at java.base@21.0.6/java.util.concurrent.LinkedBlockingQueue.poll(LinkedBlockingQueue.java:460)
        at app//org.apache.hadoop.ipc.CallQueueManager.take(CallQueueManager.java:370)
        at app//org.apache.hadoop.ipc.Server$Handler.run(Server.java:3165)
"Socket Reader #3 for port 15006"  prio=5 tid=445 runnable
java.lang.Thread.State: RUNNABLE
        at java.base@21.0.6/sun.nio.ch.EPoll.wait(Native Method)
        at java.base@21.0.6/sun.nio.ch.EPollSelectorImpl.doSelect(EPollSelectorImpl.java:121)
        at java.base@21.0.6/sun.nio.ch.SelectorImpl.lockAndDoSelect(SelectorImpl.java:130)
        at java.base@21.0.6/sun.nio.ch.SelectorImpl.select(SelectorImpl.java:147)
        at app//org.apache.hadoop.ipc.Server$Listener$Reader.doRunLoop(Server.java:1497)
        at app//org.apache.hadoop.ipc.Server$Listener$Reader.run(Server.java:1476)
"pool-137-thread-1"  prio=5 tid=609 timed_waiting
java.lang.Thread.State: TIMED_WAITING
        at java.base@21.0.6/jdk.internal.misc.Unsafe.park(Native Method)
        at java.base@21.0.6/java.util.concurrent.locks.LockSupport.parkNanos(LockSupport.java:269)
        at java.base@21.0.6/java.util.concurrent.locks.AbstractQueuedSynchronizer$ConditionObject.awaitNanos(AbstractQueuedSynchronizer.java:1763)
        at java.base@21.0.6/java.util.concurrent.ScheduledThreadPoolExecutor$DelayedWorkQueue.take(ScheduledThreadPoolExecutor.java:1182)
        at java.base@21.0.6/java.util.concurrent.ScheduledThreadPoolExecutor$DelayedWorkQueue.take(ScheduledThreadPoolExecutor.java:899)
        at java.base@21.0.6/java.util.concurrent.ThreadPoolExecutor.getTask(ThreadPoolExecutor.java:1070)
        at java.base@21.0.6/java.util.concurrent.ThreadPoolExecutor.runWorker(ThreadPoolExecutor.java:1130)
        at java.base@21.0.6/java.util.concurrent.ThreadPoolExecutor$Worker.run(ThreadPoolExecutor.java:642)
        at java.base@21.0.6/java.lang.Thread.runWith(Thread.java:1596)
        at java.base@21.0.6/java.lang.Thread.run(Thread.java:1583)
"46d11c6d-db9b-44c9-8985-212dd9cf6636@group-BBC2BE15DE85-SegmentedRaftLogWorker"  prio=5 tid=1980 timed_waiting
java.lang.Thread.State: TIMED_WAITING
        at java.base@21.0.6/jdk.internal.misc.Unsafe.park(Native Method)
        at java.base@21.0.6/java.util.concurrent.locks.LockSupport.parkNanos(LockSupport.java:269)
        at java.base@21.0.6/java.util.concurrent.locks.AbstractQueuedSynchronizer$ConditionObject.awaitNanos(AbstractQueuedSynchronizer.java:1763)
        at app//org.apache.ratis.util.DataBlockingQueue.poll(DataBlockingQueue.java:148)
        at app//org.apache.ratis.server.raftlog.segmented.SegmentedRaftLogWorker.run(SegmentedRaftLogWorker.java:307)
        at app//org.apache.ratis.server.raftlog.segmented.SegmentedRaftLogWorker$$Lambda/0x00007f7e9c334fd8.run(Unknown Source)
        at java.base@21.0.6/java.util.concurrent.Executors$RunnableAdapter.call(Executors.java:572)
        at java.base@21.0.6/java.util.concurrent.FutureTask.run(FutureTask.java:317)
        at java.base@21.0.6/java.util.concurrent.ThreadPoolExecutor.runWorker(ThreadPoolExecutor.java:1144)
        at java.base@21.0.6/java.util.concurrent.ThreadPoolExecutor$Worker.run(ThreadPoolExecutor.java:642)
        at java.base@21.0.6/java.lang.Thread.runWith(Thread.java:1596)
        at java.base@21.0.6/java.lang.Thread.run(Thread.java:1583)
"IPC Server handler 35 on default port 15001" daemon prio=5 tid=249 timed_waiting
java.lang.Thread.State: TIMED_WAITING
        at java.base@21.0.6/jdk.internal.misc.Unsafe.park(Native Method)
        at java.base@21.0.6/java.util.concurrent.locks.LockSupport.parkNanos(LockSupport.java:269)
        at java.base@21.0.6/java.util.concurrent.locks.AbstractQueuedSynchronizer$ConditionObject.awaitNanos(AbstractQueuedSynchronizer.java:1763)
        at java.base@21.0.6/java.util.concurrent.LinkedBlockingQueue.poll(LinkedBlockingQueue.java:460)
        at app//org.apache.hadoop.ipc.CallQueueManager.take(CallQueueManager.java:370)
        at app//org.apache.hadoop.ipc.Server$Handler.run(Server.java:3165)
"42086d8c-c943-47d6-a5f9-799709872375-ContainerOp-9e09d6a8-9742-4eee-8124-a68b45278972-3"  prio=5 tid=2143 in Object.wait()
java.lang.Thread.State: WAITING (on object monitor)
        at java.base@21.0.6/jdk.internal.misc.Unsafe.park(Native Method)
        at java.base@21.0.6/java.util.concurrent.locks.LockSupport.park(LockSupport.java:371)
        at java.base@21.0.6/java.util.concurrent.locks.AbstractQueuedSynchronizer$ConditionNode.block(AbstractQueuedSynchronizer.java:519)
        at java.base@21.0.6/java.util.concurrent.ForkJoinPool.unmanagedBlock(ForkJoinPool.java:3780)
        at java.base@21.0.6/java.util.concurrent.ForkJoinPool.managedBlock(ForkJoinPool.java:3725)
        at java.base@21.0.6/java.util.concurrent.locks.AbstractQueuedSynchronizer$ConditionObject.await(AbstractQueuedSynchronizer.java:1712)
        at java.base@21.0.6/java.util.concurrent.LinkedBlockingQueue.take(LinkedBlockingQueue.java:435)
        at java.base@21.0.6/java.util.concurrent.ThreadPoolExecutor.getTask(ThreadPoolExecutor.java:1070)
        at java.base@21.0.6/java.util.concurrent.ThreadPoolExecutor.runWorker(ThreadPoolExecutor.java:1130)
        at java.base@21.0.6/java.util.concurrent.ThreadPoolExecutor$Worker.run(ThreadPoolExecutor.java:642)
        at java.base@21.0.6/java.lang.Thread.runWith(Thread.java:1596)
        at java.base@21.0.6/java.lang.Thread.run(Thread.java:1583)
"IPC Server handler 99 on default port 15001" daemon prio=5 tid=313 timed_waiting
java.lang.Thread.State: TIMED_WAITING
        at java.base@21.0.6/jdk.internal.misc.Unsafe.park(Native Method)
        at java.base@21.0.6/java.util.concurrent.locks.LockSupport.parkNanos(LockSupport.java:269)
        at java.base@21.0.6/java.util.concurrent.locks.AbstractQueuedSynchronizer$ConditionObject.awaitNanos(AbstractQueuedSynchronizer.java:1763)
        at java.base@21.0.6/java.util.concurrent.LinkedBlockingQueue.poll(LinkedBlockingQueue.java:460)
        at app//org.apache.hadoop.ipc.CallQueueManager.take(CallQueueManager.java:370)
        at app//org.apache.hadoop.ipc.Server$Handler.run(Server.java:3165)
"qtp1616906553-711" daemon prio=5 tid=711 timed_waiting
java.lang.Thread.State: TIMED_WAITING
        at java.base@21.0.6/jdk.internal.misc.Unsafe.park(Native Method)
        at java.base@21.0.6/java.util.concurrent.locks.LockSupport.parkNanos(LockSupport.java:269)
        at java.base@21.0.6/java.util.concurrent.locks.AbstractQueuedSynchronizer$ConditionObject.awaitNanos(AbstractQueuedSynchronizer.java:1763)
        at app//org.eclipse.jetty.util.BlockingArrayQueue.poll(BlockingArrayQueue.java:382)
        at app//org.eclipse.jetty.util.thread.QueuedThreadPool$Runner.idleJobPoll(QueuedThreadPool.java:974)
        at app//org.eclipse.jetty.util.thread.QueuedThreadPool$Runner.run(QueuedThreadPool.java:1018)
        at java.base@21.0.6/java.lang.Thread.runWith(Thread.java:1596)
        at java.base@21.0.6/java.lang.Thread.run(Thread.java:1583)
"42086d8c-c943-47d6-a5f9-799709872375-ChunkReader-1" daemon prio=5 tid=1569 in Object.wait()
java.lang.Thread.State: WAITING (on object monitor)
        at java.base@21.0.6/jdk.internal.misc.Unsafe.park(Native Method)
        at java.base@21.0.6/java.util.concurrent.locks.LockSupport.park(LockSupport.java:371)
        at java.base@21.0.6/java.util.concurrent.locks.AbstractQueuedSynchronizer$ConditionNode.block(AbstractQueuedSynchronizer.java:519)
        at java.base@21.0.6/java.util.concurrent.ForkJoinPool.unmanagedBlock(ForkJoinPool.java:3780)
        at java.base@21.0.6/java.util.concurrent.ForkJoinPool.managedBlock(ForkJoinPool.java:3725)
        at java.base@21.0.6/java.util.concurrent.locks.AbstractQueuedSynchronizer$ConditionObject.await(AbstractQueuedSynchronizer.java:1712)
        at java.base@21.0.6/java.util.concurrent.LinkedBlockingQueue.take(LinkedBlockingQueue.java:435)
        at java.base@21.0.6/java.util.concurrent.ThreadPoolExecutor.getTask(ThreadPoolExecutor.java:1070)
        at java.base@21.0.6/java.util.concurrent.ThreadPoolExecutor.runWorker(ThreadPoolExecutor.java:1130)
        at java.base@21.0.6/java.util.concurrent.ThreadPoolExecutor$Worker.run(ThreadPoolExecutor.java:642)
        at java.base@21.0.6/java.lang.Thread.runWith(Thread.java:1596)
        at java.base@21.0.6/java.lang.Thread.run(Thread.java:1583)
"IPC Server handler 7 on default port 15039" daemon prio=5 tid=688 timed_waiting
java.lang.Thread.State: TIMED_WAITING
        at java.base@21.0.6/jdk.internal.misc.Unsafe.park(Native Method)
        at java.base@21.0.6/java.util.concurrent.locks.LockSupport.parkNanos(LockSupport.java:269)
        at java.base@21.0.6/java.util.concurrent.locks.AbstractQueuedSynchronizer$ConditionObject.awaitNanos(AbstractQueuedSynchronizer.java:1763)
        at java.base@21.0.6/java.util.concurrent.LinkedBlockingQueue.poll(LinkedBlockingQueue.java:460)
        at app//org.apache.hadoop.ipc.CallQueueManager.take(CallQueueManager.java:370)
        at app//org.apache.hadoop.ipc.Server$Handler.run(Server.java:3165)
"IPC Server handler 7 on default port 15057" daemon prio=5 tid=780 timed_waiting
java.lang.Thread.State: TIMED_WAITING
        at java.base@21.0.6/jdk.internal.misc.Unsafe.park(Native Method)
        at java.base@21.0.6/java.util.concurrent.locks.LockSupport.parkNanos(LockSupport.java:269)
        at java.base@21.0.6/java.util.concurrent.locks.AbstractQueuedSynchronizer$ConditionObject.awaitNanos(AbstractQueuedSynchronizer.java:1763)
        at java.base@21.0.6/java.util.concurrent.LinkedBlockingQueue.poll(LinkedBlockingQueue.java:460)
        at app//org.apache.hadoop.ipc.CallQueueManager.take(CallQueueManager.java:370)
        at app//org.apache.hadoop.ipc.Server$Handler.run(Server.java:3165)
"eb965ba7-12a8-46f3-92c0-bc6ff5b3bf3b@group-81341F4E2824-LeaderStateImpl" daemon prio=5 tid=1393 timed_waiting
java.lang.Thread.State: TIMED_WAITING
        at java.base@21.0.6/jdk.internal.misc.Unsafe.park(Native Method)
        at java.base@21.0.6/java.util.concurrent.locks.LockSupport.parkNanos(LockSupport.java:269)
        at java.base@21.0.6/java.util.concurrent.locks.AbstractQueuedSynchronizer$ConditionObject.awaitNanos(AbstractQueuedSynchronizer.java:1763)
        at java.base@21.0.6/java.util.concurrent.ArrayBlockingQueue.poll(ArrayBlockingQueue.java:435)
        at app//org.apache.ratis.server.impl.LeaderStateImpl$EventQueue.poll(LeaderStateImpl.java:164)
        at app//org.apache.ratis.server.impl.LeaderStateImpl$EventProcessor.run(LeaderStateImpl.java:763)
"IPC Server handler 10 on default port 15000" daemon prio=5 tid=124 timed_waiting
java.lang.Thread.State: TIMED_WAITING
        at java.base@21.0.6/jdk.internal.misc.Unsafe.park(Native Method)
        at java.base@21.0.6/java.util.concurrent.locks.LockSupport.parkNanos(LockSupport.java:269)
        at java.base@21.0.6/java.util.concurrent.locks.AbstractQueuedSynchronizer$ConditionObject.awaitNanos(AbstractQueuedSynchronizer.java:1763)
        at java.base@21.0.6/java.util.concurrent.LinkedBlockingQueue.poll(LinkedBlockingQueue.java:460)
        at app//org.apache.hadoop.ipc.CallQueueManager.take(CallQueueManager.java:370)
        at app//org.apache.hadoop.ipc.Server$Handler.run(Server.java:3165)
"IPC Server handler 25 on default port 15001" daemon prio=5 tid=239 timed_waiting
java.lang.Thread.State: TIMED_WAITING
        at java.base@21.0.6/jdk.internal.misc.Unsafe.park(Native Method)
        at java.base@21.0.6/java.util.concurrent.locks.LockSupport.parkNanos(LockSupport.java:269)
        at java.base@21.0.6/java.util.concurrent.locks.AbstractQueuedSynchronizer$ConditionObject.awaitNanos(AbstractQueuedSynchronizer.java:1763)
        at java.base@21.0.6/java.util.concurrent.LinkedBlockingQueue.poll(LinkedBlockingQueue.java:460)
        at app//org.apache.hadoop.ipc.CallQueueManager.take(CallQueueManager.java:370)
        at app//org.apache.hadoop.ipc.Server$Handler.run(Server.java:3165)
"IPC Server handler 4 on default port 15084" daemon prio=5 tid=1931 timed_waiting
java.lang.Thread.State: TIMED_WAITING
        at java.base@21.0.6/jdk.internal.misc.Unsafe.park(Native Method)
        at java.base@21.0.6/java.util.concurrent.locks.LockSupport.parkNanos(LockSupport.java:269)
        at java.base@21.0.6/java.util.concurrent.locks.AbstractQueuedSynchronizer$ConditionObject.awaitNanos(AbstractQueuedSynchronizer.java:1763)
        at java.base@21.0.6/java.util.concurrent.LinkedBlockingQueue.poll(LinkedBlockingQueue.java:460)
        at app//org.apache.hadoop.ipc.CallQueueManager.take(CallQueueManager.java:370)
        at app//org.apache.hadoop.ipc.Server$Handler.run(Server.java:3165)
"e20a886d-0459-4371-959f-f9bdb6931571-DatanodeStateMachineTaskThread-1"  prio=5 tid=1102 in Object.wait()
java.lang.Thread.State: WAITING (on object monitor)
        at java.base@21.0.6/jdk.internal.misc.Unsafe.park(Native Method)
        at java.base@21.0.6/java.util.concurrent.locks.LockSupport.park(LockSupport.java:371)
        at java.base@21.0.6/java.util.concurrent.locks.AbstractQueuedSynchronizer$ConditionNode.block(AbstractQueuedSynchronizer.java:519)
        at java.base@21.0.6/java.util.concurrent.ForkJoinPool.unmanagedBlock(ForkJoinPool.java:3780)
        at java.base@21.0.6/java.util.concurrent.ForkJoinPool.managedBlock(ForkJoinPool.java:3725)
        at java.base@21.0.6/java.util.concurrent.locks.AbstractQueuedSynchronizer$ConditionObject.await(AbstractQueuedSynchronizer.java:1712)
        at java.base@21.0.6/java.util.concurrent.LinkedBlockingQueue.take(LinkedBlockingQueue.java:435)
        at java.base@21.0.6/java.util.concurrent.ThreadPoolExecutor.getTask(ThreadPoolExecutor.java:1070)
        at java.base@21.0.6/java.util.concurrent.ThreadPoolExecutor.runWorker(ThreadPoolExecutor.java:1130)
        at java.base@21.0.6/java.util.concurrent.ThreadPoolExecutor$Worker.run(ThreadPoolExecutor.java:642)
        at java.base@21.0.6/java.lang.Thread.runWith(Thread.java:1596)
        at java.base@21.0.6/java.lang.Thread.run(Thread.java:1583)
"Hadoop-Metrics-Updater-0" daemon prio=5 tid=455 timed_waiting
java.lang.Thread.State: TIMED_WAITING
        at java.base@21.0.6/jdk.internal.misc.Unsafe.park(Native Method)
        at java.base@21.0.6/java.util.concurrent.locks.LockSupport.parkNanos(LockSupport.java:269)
        at java.base@21.0.6/java.util.concurrent.locks.AbstractQueuedSynchronizer$ConditionObject.awaitNanos(AbstractQueuedSynchronizer.java:1763)
        at java.base@21.0.6/java.util.concurrent.ScheduledThreadPoolExecutor$DelayedWorkQueue.take(ScheduledThreadPoolExecutor.java:1182)
        at java.base@21.0.6/java.util.concurrent.ScheduledThreadPoolExecutor$DelayedWorkQueue.take(ScheduledThreadPoolExecutor.java:899)
        at java.base@21.0.6/java.util.concurrent.ThreadPoolExecutor.getTask(ThreadPoolExecutor.java:1070)
        at java.base@21.0.6/java.util.concurrent.ThreadPoolExecutor.runWorker(ThreadPoolExecutor.java:1130)
        at java.base@21.0.6/java.util.concurrent.ThreadPoolExecutor$Worker.run(ThreadPoolExecutor.java:642)
        at java.base@21.0.6/java.lang.Thread.runWith(Thread.java:1596)
        at java.base@21.0.6/java.lang.Thread.run(Thread.java:1583)
"2fdf8a61-8d2a-4048-aa8e-d82d5837d34a@group-182221378AEC-LeaderStateImpl" daemon prio=5 tid=1447 timed_waiting
java.lang.Thread.State: TIMED_WAITING
        at java.base@21.0.6/jdk.internal.misc.Unsafe.park(Native Method)
        at java.base@21.0.6/java.util.concurrent.locks.LockSupport.parkNanos(LockSupport.java:269)
        at java.base@21.0.6/java.util.concurrent.locks.AbstractQueuedSynchronizer$ConditionObject.awaitNanos(AbstractQueuedSynchronizer.java:1763)
        at java.base@21.0.6/java.util.concurrent.ArrayBlockingQueue.poll(ArrayBlockingQueue.java:435)
        at app//org.apache.ratis.server.impl.LeaderStateImpl$EventQueue.poll(LeaderStateImpl.java:164)
        at app//org.apache.ratis.server.impl.LeaderStateImpl$EventProcessor.run(LeaderStateImpl.java:763)
"IPC Server handler 8 on default port 15021" daemon prio=5 tid=595 timed_waiting
java.lang.Thread.State: TIMED_WAITING
        at java.base@21.0.6/jdk.internal.misc.Unsafe.park(Native Method)
        at java.base@21.0.6/java.util.concurrent.locks.LockSupport.parkNanos(LockSupport.java:269)
        at java.base@21.0.6/java.util.concurrent.locks.AbstractQueuedSynchronizer$ConditionObject.awaitNanos(AbstractQueuedSynchronizer.java:1763)
        at java.base@21.0.6/java.util.concurrent.LinkedBlockingQueue.poll(LinkedBlockingQueue.java:460)
        at app//org.apache.hadoop.ipc.CallQueueManager.take(CallQueueManager.java:370)
        at app//org.apache.hadoop.ipc.Server$Handler.run(Server.java:3165)
"StaleRecoveringContainerScrubbingService#0" daemon prio=5 tid=1045 timed_waiting
java.lang.Thread.State: TIMED_WAITING
        at java.base@21.0.6/jdk.internal.misc.Unsafe.park(Native Method)
        at java.base@21.0.6/java.util.concurrent.locks.LockSupport.parkNanos(LockSupport.java:269)
        at java.base@21.0.6/java.util.concurrent.locks.AbstractQueuedSynchronizer$ConditionObject.awaitNanos(AbstractQueuedSynchronizer.java:1763)
        at java.base@21.0.6/java.util.concurrent.ScheduledThreadPoolExecutor$DelayedWorkQueue.take(ScheduledThreadPoolExecutor.java:1182)
        at java.base@21.0.6/java.util.concurrent.ScheduledThreadPoolExecutor$DelayedWorkQueue.take(ScheduledThreadPoolExecutor.java:899)
        at java.base@21.0.6/java.util.concurrent.ThreadPoolExecutor.getTask(ThreadPoolExecutor.java:1070)
        at java.base@21.0.6/java.util.concurrent.ThreadPoolExecutor.runWorker(ThreadPoolExecutor.java:1130)
        at java.base@21.0.6/java.util.concurrent.ThreadPoolExecutor$Worker.run(ThreadPoolExecutor.java:642)
        at java.base@21.0.6/java.lang.Thread.runWith(Thread.java:1596)
        at java.base@21.0.6/java.lang.Thread.run(Thread.java:1583)
"Socket Reader #3 for port 15021"  prio=5 tid=576 runnable
java.lang.Thread.State: RUNNABLE
        at java.base@21.0.6/sun.nio.ch.EPoll.wait(Native Method)
        at java.base@21.0.6/sun.nio.ch.EPollSelectorImpl.doSelect(EPollSelectorImpl.java:121)
        at java.base@21.0.6/sun.nio.ch.SelectorImpl.lockAndDoSelect(SelectorImpl.java:130)
        at java.base@21.0.6/sun.nio.ch.SelectorImpl.select(SelectorImpl.java:147)
        at app//org.apache.hadoop.ipc.Server$Listener$Reader.doRunLoop(Server.java:1497)
        at app//org.apache.hadoop.ipc.Server$Listener$Reader.run(Server.java:1476)
"Socket Reader #1 for port 15066"  prio=5 tid=806 runnable
java.lang.Thread.State: RUNNABLE
        at java.base@21.0.6/sun.nio.ch.EPoll.wait(Native Method)
        at java.base@21.0.6/sun.nio.ch.EPollSelectorImpl.doSelect(EPollSelectorImpl.java:121)
        at java.base@21.0.6/sun.nio.ch.SelectorImpl.lockAndDoSelect(SelectorImpl.java:130)
        at java.base@21.0.6/sun.nio.ch.SelectorImpl.select(SelectorImpl.java:147)
        at app//org.apache.hadoop.ipc.Server$Listener$Reader.doRunLoop(Server.java:1497)
        at app//org.apache.hadoop.ipc.Server$Listener$Reader.run(Server.java:1476)
"IPC Server handler 69 on default port 15000" daemon prio=5 tid=183 timed_waiting
java.lang.Thread.State: TIMED_WAITING
        at java.base@21.0.6/jdk.internal.misc.Unsafe.park(Native Method)
        at java.base@21.0.6/java.util.concurrent.locks.LockSupport.parkNanos(LockSupport.java:269)
        at java.base@21.0.6/java.util.concurrent.locks.AbstractQueuedSynchronizer$ConditionObject.awaitNanos(AbstractQueuedSynchronizer.java:1763)
        at java.base@21.0.6/java.util.concurrent.LinkedBlockingQueue.poll(LinkedBlockingQueue.java:460)
        at app//org.apache.hadoop.ipc.CallQueueManager.take(CallQueueManager.java:370)
        at app//org.apache.hadoop.ipc.Server$Handler.run(Server.java:3165)
"42086d8c-c943-47d6-a5f9-799709872375-ChunkWriter-1-0" daemon prio=5 tid=1057 in Object.wait()
java.lang.Thread.State: WAITING (on object monitor)
        at java.base@21.0.6/jdk.internal.misc.Unsafe.park(Native Method)
        at java.base@21.0.6/java.util.concurrent.locks.LockSupport.park(LockSupport.java:371)
        at java.base@21.0.6/java.util.concurrent.locks.AbstractQueuedSynchronizer$ConditionNode.block(AbstractQueuedSynchronizer.java:519)
        at java.base@21.0.6/java.util.concurrent.ForkJoinPool.unmanagedBlock(ForkJoinPool.java:3780)
        at java.base@21.0.6/java.util.concurrent.ForkJoinPool.managedBlock(ForkJoinPool.java:3725)
        at java.base@21.0.6/java.util.concurrent.locks.AbstractQueuedSynchronizer$ConditionObject.await(AbstractQueuedSynchronizer.java:1712)
        at java.base@21.0.6/java.util.concurrent.LinkedBlockingDeque.takeFirst(LinkedBlockingDeque.java:485)
        at java.base@21.0.6/java.util.concurrent.LinkedBlockingDeque.take(LinkedBlockingDeque.java:673)
        at java.base@21.0.6/java.util.concurrent.ThreadPoolExecutor.getTask(ThreadPoolExecutor.java:1070)
        at java.base@21.0.6/java.util.concurrent.ThreadPoolExecutor.runWorker(ThreadPoolExecutor.java:1130)
        at java.base@21.0.6/java.util.concurrent.ThreadPoolExecutor$Worker.run(ThreadPoolExecutor.java:642)
        at java.base@21.0.6/java.lang.Thread.runWith(Thread.java:1596)
        at java.base@21.0.6/java.lang.Thread.run(Thread.java:1583)
"ContainerDataScanner(/home/runner/work/ozone/ozone/hadoop-ozone/integration-test/target/test-dir/MiniOzoneClusterImpl-3e129c02-f7f1-4d32-bd92-d681932e2c0d/ozone-meta/datanode-2/data-0/hdds)" daemon prio=5 tid=1001 timed_waiting
java.lang.Thread.State: TIMED_WAITING
        at java.base@21.0.6/java.lang.Thread.sleep0(Native Method)
        at java.base@21.0.6/java.lang.Thread.sleep(Thread.java:509)
        at app//org.apache.hadoop.ozone.container.ozoneimpl.AbstractBackgroundContainerScanner.handleRemainingSleep(AbstractBackgroundContainerScanner.java:128)
        at app//org.apache.hadoop.ozone.container.ozoneimpl.AbstractBackgroundContainerScanner.runIteration(AbstractBackgroundContainerScanner.java:95)
        at app//org.apache.hadoop.ozone.container.ozoneimpl.AbstractBackgroundContainerScanner.run(AbstractBackgroundContainerScanner.java:54)
"Socket Reader #4 for port 15048"  prio=5 tid=717 runnable
java.lang.Thread.State: RUNNABLE
        at java.base@21.0.6/sun.nio.ch.EPoll.wait(Native Method)
        at java.base@21.0.6/sun.nio.ch.EPollSelectorImpl.doSelect(EPollSelectorImpl.java:121)
        at java.base@21.0.6/sun.nio.ch.SelectorImpl.lockAndDoSelect(SelectorImpl.java:130)
        at java.base@21.0.6/sun.nio.ch.SelectorImpl.select(SelectorImpl.java:147)
        at app//org.apache.hadoop.ipc.Server$Listener$Reader.doRunLoop(Server.java:1497)
        at app//org.apache.hadoop.ipc.Server$Listener$Reader.run(Server.java:1476)
"Socket Reader #9 for port 15048"  prio=5 tid=722 runnable
java.lang.Thread.State: RUNNABLE
        at java.base@21.0.6/sun.nio.ch.EPoll.wait(Native Method)
        at java.base@21.0.6/sun.nio.ch.EPollSelectorImpl.doSelect(EPollSelectorImpl.java:121)
        at java.base@21.0.6/sun.nio.ch.SelectorImpl.lockAndDoSelect(SelectorImpl.java:130)
        at java.base@21.0.6/sun.nio.ch.SelectorImpl.select(SelectorImpl.java:147)
        at app//org.apache.hadoop.ipc.Server$Listener$Reader.doRunLoop(Server.java:1497)
        at app//org.apache.hadoop.ipc.Server$Listener$Reader.run(Server.java:1476)
"e20a886d-0459-4371-959f-f9bdb6931571-BlockDeletingService#1" daemon prio=5 tid=1119 in Object.wait()
java.lang.Thread.State: WAITING (on object monitor)
        at java.base@21.0.6/jdk.internal.misc.Unsafe.park(Native Method)
        at java.base@21.0.6/java.util.concurrent.locks.LockSupport.park(LockSupport.java:371)
        at java.base@21.0.6/java.util.concurrent.locks.AbstractQueuedSynchronizer$ConditionNode.block(AbstractQueuedSynchronizer.java:519)
        at java.base@21.0.6/java.util.concurrent.ForkJoinPool.unmanagedBlock(ForkJoinPool.java:3780)
        at java.base@21.0.6/java.util.concurrent.ForkJoinPool.managedBlock(ForkJoinPool.java:3725)
        at java.base@21.0.6/java.util.concurrent.locks.AbstractQueuedSynchronizer$ConditionObject.await(AbstractQueuedSynchronizer.java:1712)
        at java.base@21.0.6/java.util.concurrent.ScheduledThreadPoolExecutor$DelayedWorkQueue.take(ScheduledThreadPoolExecutor.java:1177)
        at java.base@21.0.6/java.util.concurrent.ScheduledThreadPoolExecutor$DelayedWorkQueue.take(ScheduledThreadPoolExecutor.java:899)
        at java.base@21.0.6/java.util.concurrent.ThreadPoolExecutor.getTask(ThreadPoolExecutor.java:1070)
        at java.base@21.0.6/java.util.concurrent.ThreadPoolExecutor.runWorker(ThreadPoolExecutor.java:1130)
        at java.base@21.0.6/java.util.concurrent.ThreadPoolExecutor$Worker.run(ThreadPoolExecutor.java:642)
        at java.base@21.0.6/java.lang.Thread.runWith(Thread.java:1596)
        at java.base@21.0.6/java.lang.Thread.run(Thread.java:1583)
"Socket Reader #2 for port 15006"  prio=5 tid=444 runnable
java.lang.Thread.State: RUNNABLE
        at java.base@21.0.6/sun.nio.ch.EPoll.wait(Native Method)
        at java.base@21.0.6/sun.nio.ch.EPollSelectorImpl.doSelect(EPollSelectorImpl.java:121)
        at java.base@21.0.6/sun.nio.ch.SelectorImpl.lockAndDoSelect(SelectorImpl.java:130)
        at java.base@21.0.6/sun.nio.ch.SelectorImpl.select(SelectorImpl.java:147)
        at app//org.apache.hadoop.ipc.Server$Listener$Reader.doRunLoop(Server.java:1497)
        at app//org.apache.hadoop.ipc.Server$Listener$Reader.run(Server.java:1476)
"42086d8c-c943-47d6-a5f9-799709872375-DatanodeStateMachineDaemonThread" daemon prio=5 tid=737 timed_waiting
java.lang.Thread.State: TIMED_WAITING
        at java.base@21.0.6/java.lang.Thread.sleep0(Native Method)
        at java.base@21.0.6/java.lang.Thread.sleep(Thread.java:509)
        at app//org.apache.hadoop.ozone.container.common.statemachine.DatanodeStateMachine.startStateMachineThread(DatanodeStateMachine.java:357)
        at app//org.apache.hadoop.ozone.container.common.statemachine.DatanodeStateMachine.lambda$startDaemon$1(DatanodeStateMachine.java:543)
        at app//org.apache.hadoop.ozone.container.common.statemachine.DatanodeStateMachine$$Lambda/0x00007f7e9c7d5a70.run(Unknown Source)
        at java.base@21.0.6/java.lang.Thread.runWith(Thread.java:1596)
        at java.base@21.0.6/java.lang.Thread.run(Thread.java:1583)
"2fdf8a61-8d2a-4048-aa8e-d82d5837d34a-ChunkWriter-0-0" daemon prio=5 tid=1074 in Object.wait()
java.lang.Thread.State: WAITING (on object monitor)
        at java.base@21.0.6/jdk.internal.misc.Unsafe.park(Native Method)
        at java.base@21.0.6/java.util.concurrent.locks.LockSupport.park(LockSupport.java:371)
        at java.base@21.0.6/java.util.concurrent.locks.AbstractQueuedSynchronizer$ConditionNode.block(AbstractQueuedSynchronizer.java:519)
        at java.base@21.0.6/java.util.concurrent.ForkJoinPool.unmanagedBlock(ForkJoinPool.java:3780)
        at java.base@21.0.6/java.util.concurrent.ForkJoinPool.managedBlock(ForkJoinPool.java:3725)
        at java.base@21.0.6/java.util.concurrent.locks.AbstractQueuedSynchronizer$ConditionObject.await(AbstractQueuedSynchronizer.java:1712)
        at java.base@21.0.6/java.util.concurrent.LinkedBlockingDeque.takeFirst(LinkedBlockingDeque.java:485)
        at java.base@21.0.6/java.util.concurrent.LinkedBlockingDeque.take(LinkedBlockingDeque.java:673)
        at java.base@21.0.6/java.util.concurrent.ThreadPoolExecutor.getTask(ThreadPoolExecutor.java:1070)
        at java.base@21.0.6/java.util.concurrent.ThreadPoolExecutor.runWorker(ThreadPoolExecutor.java:1130)
        at java.base@21.0.6/java.util.concurrent.ThreadPoolExecutor$Worker.run(ThreadPoolExecutor.java:642)
        at java.base@21.0.6/java.lang.Thread.runWith(Thread.java:1596)
        at java.base@21.0.6/java.lang.Thread.run(Thread.java:1583)
"StaleRecoveringContainerScrubbingService#0" daemon prio=5 tid=1081 timed_waiting
java.lang.Thread.State: TIMED_WAITING
        at java.base@21.0.6/jdk.internal.misc.Unsafe.park(Native Method)
        at java.base@21.0.6/java.util.concurrent.locks.LockSupport.parkNanos(LockSupport.java:269)
        at java.base@21.0.6/java.util.concurrent.locks.AbstractQueuedSynchronizer$ConditionObject.awaitNanos(AbstractQueuedSynchronizer.java:1763)
        at java.base@21.0.6/java.util.concurrent.ScheduledThreadPoolExecutor$DelayedWorkQueue.take(ScheduledThreadPoolExecutor.java:1182)
        at java.base@21.0.6/java.util.concurrent.ScheduledThreadPoolExecutor$DelayedWorkQueue.take(ScheduledThreadPoolExecutor.java:899)
        at java.base@21.0.6/java.util.concurrent.ThreadPoolExecutor.getTask(ThreadPoolExecutor.java:1070)
        at java.base@21.0.6/java.util.concurrent.ThreadPoolExecutor.runWorker(ThreadPoolExecutor.java:1130)
        at java.base@21.0.6/java.util.concurrent.ThreadPoolExecutor$Worker.run(ThreadPoolExecutor.java:642)
        at java.base@21.0.6/java.lang.Thread.runWith(Thread.java:1596)
        at java.base@21.0.6/java.lang.Thread.run(Thread.java:1583)
"IPC Server handler 47 on default port 15001" daemon prio=5 tid=261 timed_waiting
java.lang.Thread.State: TIMED_WAITING
        at java.base@21.0.6/jdk.internal.misc.Unsafe.park(Native Method)
        at java.base@21.0.6/java.util.concurrent.locks.LockSupport.parkNanos(LockSupport.java:269)
        at java.base@21.0.6/java.util.concurrent.locks.AbstractQueuedSynchronizer$ConditionObject.awaitNanos(AbstractQueuedSynchronizer.java:1763)
        at java.base@21.0.6/java.util.concurrent.LinkedBlockingQueue.poll(LinkedBlockingQueue.java:460)
        at app//org.apache.hadoop.ipc.CallQueueManager.take(CallQueueManager.java:370)
        at app//org.apache.hadoop.ipc.Server$Handler.run(Server.java:3165)
"IPC Server handler 40 on default port 15001" daemon prio=5 tid=254 timed_waiting
java.lang.Thread.State: TIMED_WAITING
        at java.base@21.0.6/jdk.internal.misc.Unsafe.park(Native Method)
        at java.base@21.0.6/java.util.concurrent.locks.LockSupport.parkNanos(LockSupport.java:269)
        at java.base@21.0.6/java.util.concurrent.locks.AbstractQueuedSynchronizer$ConditionObject.awaitNanos(AbstractQueuedSynchronizer.java:1763)
        at java.base@21.0.6/java.util.concurrent.LinkedBlockingQueue.poll(LinkedBlockingQueue.java:460)
        at app//org.apache.hadoop.ipc.CallQueueManager.take(CallQueueManager.java:370)
        at app//org.apache.hadoop.ipc.Server$Handler.run(Server.java:3165)
"org.apache.hadoop.ozone.container.common.statemachine.commandhandler.DeleteBlocksCommandHandler$DeleteCmdWorker@178f5ab1" daemon prio=5 tid=656 timed_waiting
java.lang.Thread.State: TIMED_WAITING
        at java.base@21.0.6/java.lang.Thread.sleep0(Native Method)
        at java.base@21.0.6/java.lang.Thread.sleep(Thread.java:509)
        at app//org.apache.hadoop.ozone.container.common.statemachine.commandhandler.DeleteBlocksCommandHandler$DeleteCmdWorker.run(DeleteBlocksCommandHandler.java:255)
        at java.base@21.0.6/java.lang.Thread.runWith(Thread.java:1596)
        at java.base@21.0.6/java.lang.Thread.run(Thread.java:1583)
"om1-OMDoubleBufferFlushThread" daemon prio=5 tid=438 timed_waiting
java.lang.Thread.State: TIMED_WAITING
        at java.base@21.0.6/java.lang.Object.wait0(Native Method)
        at java.base@21.0.6/java.lang.Object.wait(Object.java:366)
        at app//org.apache.hadoop.ozone.om.ratis.OzoneManagerDoubleBuffer.canFlush(OzoneManagerDoubleBuffer.java:549)
        at app//org.apache.hadoop.ozone.om.ratis.OzoneManagerDoubleBuffer.flushTransactions(OzoneManagerDoubleBuffer.java:280)
        at app//org.apache.hadoop.ozone.om.ratis.OzoneManagerDoubleBuffer$$Lambda/0x00007f7e9c729d58.run(Unknown Source)
        at java.base@21.0.6/java.lang.Thread.runWith(Thread.java:1596)
        at java.base@21.0.6/java.lang.Thread.run(Thread.java:1583)
"6b36f32d-918c-46a3-bfcb-888cb423c6dd-ContainerOp-ca93de93-6260-4798-bfae-2aa5ac354986-7"  prio=5 tid=1665 in Object.wait()
java.lang.Thread.State: WAITING (on object monitor)
        at java.base@21.0.6/jdk.internal.misc.Unsafe.park(Native Method)
        at java.base@21.0.6/java.util.concurrent.locks.LockSupport.park(LockSupport.java:371)
        at java.base@21.0.6/java.util.concurrent.locks.AbstractQueuedSynchronizer$ConditionNode.block(AbstractQueuedSynchronizer.java:519)
        at java.base@21.0.6/java.util.concurrent.ForkJoinPool.unmanagedBlock(ForkJoinPool.java:3780)
        at java.base@21.0.6/java.util.concurrent.ForkJoinPool.managedBlock(ForkJoinPool.java:3725)
        at java.base@21.0.6/java.util.concurrent.locks.AbstractQueuedSynchronizer$ConditionObject.await(AbstractQueuedSynchronizer.java:1712)
        at java.base@21.0.6/java.util.concurrent.LinkedBlockingQueue.take(LinkedBlockingQueue.java:435)
        at java.base@21.0.6/java.util.concurrent.ThreadPoolExecutor.getTask(ThreadPoolExecutor.java:1070)
        at java.base@21.0.6/java.util.concurrent.ThreadPoolExecutor.runWorker(ThreadPoolExecutor.java:1130)
        at java.base@21.0.6/java.util.concurrent.ThreadPoolExecutor$Worker.run(ThreadPoolExecutor.java:642)
        at java.base@21.0.6/java.lang.Thread.runWith(Thread.java:1596)
        at java.base@21.0.6/java.lang.Thread.run(Thread.java:1583)
"2dcfdddc-a76f-4d49-b174-7a2bddacee37-ChunkReader-ELG-0" daemon prio=5 tid=1043 runnable
java.lang.Thread.State: RUNNABLE
        at app//org.apache.ratis.thirdparty.io.netty.channel.epoll.Native.epollWait(Native Method)
        at app//org.apache.ratis.thirdparty.io.netty.channel.epoll.Native.epollWait(Native.java:220)
        at app//org.apache.ratis.thirdparty.io.netty.channel.epoll.Native.epollWait(Native.java:213)
        at app//org.apache.ratis.thirdparty.io.netty.channel.epoll.EpollEventLoop.epollWaitNoTimerChange(EpollEventLoop.java:308)
        at app//org.apache.ratis.thirdparty.io.netty.channel.epoll.EpollEventLoop.run(EpollEventLoop.java:365)
        at app//org.apache.ratis.thirdparty.io.netty.util.concurrent.SingleThreadEventExecutor$4.run(SingleThreadEventExecutor.java:997)
        at app//org.apache.ratis.thirdparty.io.netty.util.internal.ThreadExecutorMap$2.run(ThreadExecutorMap.java:74)
        at java.base@21.0.6/java.lang.Thread.runWith(Thread.java:1596)
        at java.base@21.0.6/java.lang.Thread.run(Thread.java:1583)
"IPC Server handler 65 on default port 15001" daemon prio=5 tid=279 timed_waiting
java.lang.Thread.State: TIMED_WAITING
        at java.base@21.0.6/jdk.internal.misc.Unsafe.park(Native Method)
        at java.base@21.0.6/java.util.concurrent.locks.LockSupport.parkNanos(LockSupport.java:269)
        at java.base@21.0.6/java.util.concurrent.locks.AbstractQueuedSynchronizer$ConditionObject.awaitNanos(AbstractQueuedSynchronizer.java:1763)
        at java.base@21.0.6/java.util.concurrent.LinkedBlockingQueue.poll(LinkedBlockingQueue.java:460)
        at app//org.apache.hadoop.ipc.CallQueueManager.take(CallQueueManager.java:370)
        at app//org.apache.hadoop.ipc.Server$Handler.run(Server.java:3165)
"e20a886d-0459-4371-959f-f9bdb6931571-DatanodeStateMachineDaemonThread" daemon prio=5 tid=875 timed_waiting
java.lang.Thread.State: TIMED_WAITING
        at java.base@21.0.6/java.lang.Thread.sleep0(Native Method)
        at java.base@21.0.6/java.lang.Thread.sleep(Thread.java:509)
        at app//org.apache.hadoop.ozone.container.common.statemachine.DatanodeStateMachine.startStateMachineThread(DatanodeStateMachine.java:357)
        at app//org.apache.hadoop.ozone.container.common.statemachine.DatanodeStateMachine.lambda$startDaemon$1(DatanodeStateMachine.java:543)
        at app//org.apache.hadoop.ozone.container.common.statemachine.DatanodeStateMachine$$Lambda/0x00007f7e9c7d5a70.run(Unknown Source)
        at java.base@21.0.6/java.lang.Thread.runWith(Thread.java:1596)
        at java.base@21.0.6/java.lang.Thread.run(Thread.java:1583)
"qtp1009893576-935" daemon prio=5 tid=935 runnable
java.lang.Thread.State: RUNNABLE
        at java.base@21.0.6/sun.nio.ch.EPoll.wait(Native Method)
        at java.base@21.0.6/sun.nio.ch.EPollSelectorImpl.doSelect(EPollSelectorImpl.java:121)
        at java.base@21.0.6/sun.nio.ch.SelectorImpl.lockAndDoSelect(SelectorImpl.java:130)
        at java.base@21.0.6/sun.nio.ch.SelectorImpl.select(SelectorImpl.java:147)
        at app//org.eclipse.jetty.io.ManagedSelector.nioSelect(ManagedSelector.java:183)
        at app//org.eclipse.jetty.io.ManagedSelector.select(ManagedSelector.java:190)
        at app//org.eclipse.jetty.io.ManagedSelector$SelectorProducer.select(ManagedSelector.java:606)
        at app//org.eclipse.jetty.io.ManagedSelector$SelectorProducer.produce(ManagedSelector.java:543)
        at app//org.eclipse.jetty.util.thread.strategy.EatWhatYouKill.produceTask(EatWhatYouKill.java:362)
        at app//org.eclipse.jetty.util.thread.strategy.EatWhatYouKill.doProduce(EatWhatYouKill.java:186)
        at app//org.eclipse.jetty.util.thread.strategy.EatWhatYouKill.tryProduce(EatWhatYouKill.java:173)
        at app//org.eclipse.jetty.util.thread.strategy.EatWhatYouKill.produce(EatWhatYouKill.java:137)
        at app//org.eclipse.jetty.io.ManagedSelector$$Lambda/0x00007f7e9c660000.run(Unknown Source)
        at app//org.eclipse.jetty.util.thread.QueuedThreadPool.runJob(QueuedThreadPool.java:883)
        at app//org.eclipse.jetty.util.thread.QueuedThreadPool$Runner.run(QueuedThreadPool.java:1034)
        at java.base@21.0.6/java.lang.Thread.runWith(Thread.java:1596)
        at java.base@21.0.6/java.lang.Thread.run(Thread.java:1583)
"6b36f32d-918c-46a3-bfcb-888cb423c6dd-groupManagement"  prio=5 tid=1180 in Object.wait()
java.lang.Thread.State: WAITING (on object monitor)
        at java.base@21.0.6/jdk.internal.misc.Unsafe.park(Native Method)
        at java.base@21.0.6/java.util.concurrent.locks.LockSupport.park(LockSupport.java:371)
        at java.base@21.0.6/java.util.concurrent.locks.AbstractQueuedSynchronizer$ConditionNode.block(AbstractQueuedSynchronizer.java:519)
        at java.base@21.0.6/java.util.concurrent.ForkJoinPool.unmanagedBlock(ForkJoinPool.java:3780)
        at java.base@21.0.6/java.util.concurrent.ForkJoinPool.managedBlock(ForkJoinPool.java:3725)
        at java.base@21.0.6/java.util.concurrent.locks.AbstractQueuedSynchronizer$ConditionObject.await(AbstractQueuedSynchronizer.java:1712)
        at java.base@21.0.6/java.util.concurrent.LinkedBlockingQueue.take(LinkedBlockingQueue.java:435)
        at java.base@21.0.6/java.util.concurrent.ThreadPoolExecutor.getTask(ThreadPoolExecutor.java:1070)
        at java.base@21.0.6/java.util.concurrent.ThreadPoolExecutor.runWorker(ThreadPoolExecutor.java:1130)
        at java.base@21.0.6/java.util.concurrent.ThreadPoolExecutor$Worker.run(ThreadPoolExecutor.java:642)
        at java.base@21.0.6/java.lang.Thread.runWith(Thread.java:1596)
        at java.base@21.0.6/java.lang.Thread.run(Thread.java:1583)
"2dcfdddc-a76f-4d49-b174-7a2bddacee37@group-A68B45278972-StateMachineUpdater" daemon prio=5 tid=1246 timed_waiting
java.lang.Thread.State: TIMED_WAITING
        at java.base@21.0.6/jdk.internal.misc.Unsafe.park(Native Method)
        at java.base@21.0.6/java.util.concurrent.locks.LockSupport.parkNanos(LockSupport.java:269)
        at java.base@21.0.6/java.util.concurrent.locks.AbstractQueuedSynchronizer$ConditionObject.await(AbstractQueuedSynchronizer.java:1852)
        at app//org.apache.ratis.util.AwaitForSignal.await(AwaitForSignal.java:65)
        at app//org.apache.ratis.server.impl.StateMachineUpdater.waitForCommit(StateMachineUpdater.java:219)
        at app//org.apache.ratis.server.impl.StateMachineUpdater.run(StateMachineUpdater.java:187)
        at java.base@21.0.6/java.lang.Thread.runWith(Thread.java:1596)
        at java.base@21.0.6/java.lang.Thread.run(Thread.java:1583)
"qtp2029305492-613-acceptor-0@1e00a345-ServerConnector@1525f2da{HTTP/1.1, (http/1.1)}{0.0.0.0:15029}" daemon prio=3 tid=613 runnable
java.lang.Thread.State: RUNNABLE
        at java.base@21.0.6/sun.nio.ch.Net.accept(Native Method)
        at java.base@21.0.6/sun.nio.ch.ServerSocketChannelImpl.implAccept(ServerSocketChannelImpl.java:433)
        at java.base@21.0.6/sun.nio.ch.ServerSocketChannelImpl.accept(ServerSocketChannelImpl.java:399)
        at app//org.eclipse.jetty.server.ServerConnector.accept(ServerConnector.java:388)
        at app//org.eclipse.jetty.server.AbstractConnector$Acceptor.run(AbstractConnector.java:704)
        at app//org.eclipse.jetty.util.thread.QueuedThreadPool.runJob(QueuedThreadPool.java:883)
        at app//org.eclipse.jetty.util.thread.QueuedThreadPool$Runner.run(QueuedThreadPool.java:1034)
        at java.base@21.0.6/java.lang.Thread.runWith(Thread.java:1596)
        at java.base@21.0.6/java.lang.Thread.run(Thread.java:1583)
"ccfadb7c-9180-4c4b-b969-671c642a7bd3-ChunkWriter-2-0" daemon prio=5 tid=1154 in Object.wait()
java.lang.Thread.State: WAITING (on object monitor)
        at java.base@21.0.6/jdk.internal.misc.Unsafe.park(Native Method)
        at java.base@21.0.6/java.util.concurrent.locks.LockSupport.park(LockSupport.java:371)
        at java.base@21.0.6/java.util.concurrent.locks.AbstractQueuedSynchronizer$ConditionNode.block(AbstractQueuedSynchronizer.java:519)
        at java.base@21.0.6/java.util.concurrent.ForkJoinPool.unmanagedBlock(ForkJoinPool.java:3780)
        at java.base@21.0.6/java.util.concurrent.ForkJoinPool.managedBlock(ForkJoinPool.java:3725)
        at java.base@21.0.6/java.util.concurrent.locks.AbstractQueuedSynchronizer$ConditionObject.await(AbstractQueuedSynchronizer.java:1712)
        at java.base@21.0.6/java.util.concurrent.LinkedBlockingDeque.takeFirst(LinkedBlockingDeque.java:485)
        at java.base@21.0.6/java.util.concurrent.LinkedBlockingDeque.take(LinkedBlockingDeque.java:673)
        at java.base@21.0.6/java.util.concurrent.ThreadPoolExecutor.getTask(ThreadPoolExecutor.java:1070)
        at java.base@21.0.6/java.util.concurrent.ThreadPoolExecutor.runWorker(ThreadPoolExecutor.java:1130)
        at java.base@21.0.6/java.util.concurrent.ThreadPoolExecutor$Worker.run(ThreadPoolExecutor.java:642)
        at java.base@21.0.6/java.lang.Thread.runWith(Thread.java:1596)
        at java.base@21.0.6/java.lang.Thread.run(Thread.java:1583)
"ContainerMetadataScanner" daemon prio=5 tid=2310 timed_waiting
java.lang.Thread.State: TIMED_WAITING
        at java.base@21.0.6/java.lang.Thread.sleep0(Native Method)
        at java.base@21.0.6/java.lang.Thread.sleep(Thread.java:509)
        at app//org.apache.hadoop.ozone.container.ozoneimpl.AbstractBackgroundContainerScanner.handleRemainingSleep(AbstractBackgroundContainerScanner.java:128)
        at app//org.apache.hadoop.ozone.container.ozoneimpl.AbstractBackgroundContainerScanner.runIteration(AbstractBackgroundContainerScanner.java:95)
        at app//org.apache.hadoop.ozone.container.ozoneimpl.AbstractBackgroundContainerScanner.run(AbstractBackgroundContainerScanner.java:54)
"IPC Server handler 2 on default port 15048" daemon prio=5 tid=729 timed_waiting
java.lang.Thread.State: TIMED_WAITING
        at java.base@21.0.6/jdk.internal.misc.Unsafe.park(Native Method)
        at java.base@21.0.6/java.util.concurrent.locks.LockSupport.parkNanos(LockSupport.java:269)
        at java.base@21.0.6/java.util.concurrent.locks.AbstractQueuedSynchronizer$ConditionObject.awaitNanos(AbstractQueuedSynchronizer.java:1763)
        at java.base@21.0.6/java.util.concurrent.LinkedBlockingQueue.poll(LinkedBlockingQueue.java:460)
        at app//org.apache.hadoop.ipc.CallQueueManager.take(CallQueueManager.java:370)
        at app//org.apache.hadoop.ipc.Server$Handler.run(Server.java:3165)
"IPC Server handler 20 on default port 15001" daemon prio=5 tid=234 timed_waiting
java.lang.Thread.State: TIMED_WAITING
        at java.base@21.0.6/jdk.internal.misc.Unsafe.park(Native Method)
        at java.base@21.0.6/java.util.concurrent.locks.LockSupport.parkNanos(LockSupport.java:269)
        at java.base@21.0.6/java.util.concurrent.locks.AbstractQueuedSynchronizer$ConditionObject.awaitNanos(AbstractQueuedSynchronizer.java:1763)
        at java.base@21.0.6/java.util.concurrent.LinkedBlockingQueue.poll(LinkedBlockingQueue.java:460)
        at app//org.apache.hadoop.ipc.CallQueueManager.take(CallQueueManager.java:370)
        at app//org.apache.hadoop.ipc.Server$Handler.run(Server.java:3165)
"IPC Server handler 22 on default port 15001" daemon prio=5 tid=236 timed_waiting
java.lang.Thread.State: TIMED_WAITING
        at java.base@21.0.6/jdk.internal.misc.Unsafe.park(Native Method)
        at java.base@21.0.6/java.util.concurrent.locks.LockSupport.parkNanos(LockSupport.java:269)
        at java.base@21.0.6/java.util.concurrent.locks.AbstractQueuedSynchronizer$ConditionObject.awaitNanos(AbstractQueuedSynchronizer.java:1763)
        at java.base@21.0.6/java.util.concurrent.LinkedBlockingQueue.poll(LinkedBlockingQueue.java:460)
        at app//org.apache.hadoop.ipc.CallQueueManager.take(CallQueueManager.java:370)
        at app//org.apache.hadoop.ipc.Server$Handler.run(Server.java:3165)
"6b36f32d-918c-46a3-bfcb-888cb423c6dd-DatanodeStateMachineTaskThread-1"  prio=5 tid=994 in Object.wait()
java.lang.Thread.State: WAITING (on object monitor)
        at java.base@21.0.6/jdk.internal.misc.Unsafe.park(Native Method)
        at java.base@21.0.6/java.util.concurrent.locks.LockSupport.park(LockSupport.java:371)
        at java.base@21.0.6/java.util.concurrent.locks.AbstractQueuedSynchronizer$ConditionNode.block(AbstractQueuedSynchronizer.java:519)
        at java.base@21.0.6/java.util.concurrent.ForkJoinPool.unmanagedBlock(ForkJoinPool.java:3780)
        at java.base@21.0.6/java.util.concurrent.ForkJoinPool.managedBlock(ForkJoinPool.java:3725)
        at java.base@21.0.6/java.util.concurrent.locks.AbstractQueuedSynchronizer$ConditionObject.await(AbstractQueuedSynchronizer.java:1712)
        at java.base@21.0.6/java.util.concurrent.LinkedBlockingQueue.take(LinkedBlockingQueue.java:435)
        at java.base@21.0.6/java.util.concurrent.ThreadPoolExecutor.getTask(ThreadPoolExecutor.java:1070)
        at java.base@21.0.6/java.util.concurrent.ThreadPoolExecutor.runWorker(ThreadPoolExecutor.java:1130)
        at java.base@21.0.6/java.util.concurrent.ThreadPoolExecutor$Worker.run(ThreadPoolExecutor.java:642)
        at java.base@21.0.6/java.lang.Thread.runWith(Thread.java:1596)
        at java.base@21.0.6/java.lang.Thread.run(Thread.java:1583)
"6b36f32d-918c-46a3-bfcb-888cb423c6dd-BlockDeletingService#3" daemon prio=5 tid=2178 in Object.wait()
java.lang.Thread.State: WAITING (on object monitor)
        at java.base@21.0.6/jdk.internal.misc.Unsafe.park(Native Method)
        at java.base@21.0.6/java.util.concurrent.locks.LockSupport.park(LockSupport.java:371)
        at java.base@21.0.6/java.util.concurrent.locks.AbstractQueuedSynchronizer$ConditionNode.block(AbstractQueuedSynchronizer.java:519)
        at java.base@21.0.6/java.util.concurrent.ForkJoinPool.unmanagedBlock(ForkJoinPool.java:3780)
        at java.base@21.0.6/java.util.concurrent.ForkJoinPool.managedBlock(ForkJoinPool.java:3725)
        at java.base@21.0.6/java.util.concurrent.locks.AbstractQueuedSynchronizer$ConditionObject.await(AbstractQueuedSynchronizer.java:1712)
        at java.base@21.0.6/java.util.concurrent.ScheduledThreadPoolExecutor$DelayedWorkQueue.take(ScheduledThreadPoolExecutor.java:1177)
        at java.base@21.0.6/java.util.concurrent.ScheduledThreadPoolExecutor$DelayedWorkQueue.take(ScheduledThreadPoolExecutor.java:899)
        at java.base@21.0.6/java.util.concurrent.ThreadPoolExecutor.getTask(ThreadPoolExecutor.java:1070)
        at java.base@21.0.6/java.util.concurrent.ThreadPoolExecutor.runWorker(ThreadPoolExecutor.java:1130)
        at java.base@21.0.6/java.util.concurrent.ThreadPoolExecutor$Worker.run(ThreadPoolExecutor.java:642)
        at java.base@21.0.6/java.lang.Thread.runWith(Thread.java:1596)
        at java.base@21.0.6/java.lang.Thread.run(Thread.java:1583)
"IPC Server handler 58 on default port 15001" daemon prio=5 tid=272 timed_waiting
java.lang.Thread.State: TIMED_WAITING
        at java.base@21.0.6/jdk.internal.misc.Unsafe.park(Native Method)
        at java.base@21.0.6/java.util.concurrent.locks.LockSupport.parkNanos(LockSupport.java:269)
        at java.base@21.0.6/java.util.concurrent.locks.AbstractQueuedSynchronizer$ConditionObject.awaitNanos(AbstractQueuedSynchronizer.java:1763)
        at java.base@21.0.6/java.util.concurrent.LinkedBlockingQueue.poll(LinkedBlockingQueue.java:460)
        at app//org.apache.hadoop.ipc.CallQueueManager.take(CallQueueManager.java:370)
        at app//org.apache.hadoop.ipc.Server$Handler.run(Server.java:3165)
"a13388fd-1835-4592-9b5c-4bd6c8202229@group-D681932E2C0D-LeaderStateImpl" daemon prio=5 tid=330 timed_waiting
java.lang.Thread.State: TIMED_WAITING
        at java.base@21.0.6/jdk.internal.misc.Unsafe.park(Native Method)
        at java.base@21.0.6/java.util.concurrent.locks.LockSupport.parkNanos(LockSupport.java:269)
        at java.base@21.0.6/java.util.concurrent.locks.AbstractQueuedSynchronizer$ConditionObject.awaitNanos(AbstractQueuedSynchronizer.java:1763)
        at java.base@21.0.6/java.util.concurrent.ArrayBlockingQueue.poll(ArrayBlockingQueue.java:435)
        at app//org.apache.ratis.server.impl.LeaderStateImpl$EventQueue.poll(LeaderStateImpl.java:164)
        at app//org.apache.ratis.server.impl.LeaderStateImpl$EventProcessor.run(LeaderStateImpl.java:763)
"6b36f32d-918c-46a3-bfcb-888cb423c6dd-DatanodeStateMachineTaskThread-0"  prio=5 tid=603 in Object.wait()
java.lang.Thread.State: WAITING (on object monitor)
        at java.base@21.0.6/jdk.internal.misc.Unsafe.park(Native Method)
        at java.base@21.0.6/java.util.concurrent.locks.LockSupport.park(LockSupport.java:371)
        at java.base@21.0.6/java.util.concurrent.locks.AbstractQueuedSynchronizer$ConditionNode.block(AbstractQueuedSynchronizer.java:519)
        at java.base@21.0.6/java.util.concurrent.ForkJoinPool.unmanagedBlock(ForkJoinPool.java:3780)
        at java.base@21.0.6/java.util.concurrent.ForkJoinPool.managedBlock(ForkJoinPool.java:3725)
        at java.base@21.0.6/java.util.concurrent.locks.AbstractQueuedSynchronizer$ConditionObject.await(AbstractQueuedSynchronizer.java:1712)
        at java.base@21.0.6/java.util.concurrent.LinkedBlockingQueue.take(LinkedBlockingQueue.java:435)
        at java.base@21.0.6/java.util.concurrent.ThreadPoolExecutor.getTask(ThreadPoolExecutor.java:1070)
        at java.base@21.0.6/java.util.concurrent.ThreadPoolExecutor.runWorker(ThreadPoolExecutor.java:1130)
        at java.base@21.0.6/java.util.concurrent.ThreadPoolExecutor$Worker.run(ThreadPoolExecutor.java:642)
        at java.base@21.0.6/java.lang.Thread.runWith(Thread.java:1596)
        at java.base@21.0.6/java.lang.Thread.run(Thread.java:1583)
"Socket Reader #9 for port 15075"  prio=5 tid=860 runnable
java.lang.Thread.State: RUNNABLE
        at java.base@21.0.6/sun.nio.ch.EPoll.wait(Native Method)
        at java.base@21.0.6/sun.nio.ch.EPollSelectorImpl.doSelect(EPollSelectorImpl.java:121)
        at java.base@21.0.6/sun.nio.ch.SelectorImpl.lockAndDoSelect(SelectorImpl.java:130)
        at java.base@21.0.6/sun.nio.ch.SelectorImpl.select(SelectorImpl.java:147)
        at app//org.apache.hadoop.ipc.Server$Listener$Reader.doRunLoop(Server.java:1497)
        at app//org.apache.hadoop.ipc.Server$Listener$Reader.run(Server.java:1476)
"IPC Server handler 19 on default port 15000" daemon prio=5 tid=133 timed_waiting
java.lang.Thread.State: TIMED_WAITING
        at java.base@21.0.6/jdk.internal.misc.Unsafe.park(Native Method)
        at java.base@21.0.6/java.util.concurrent.locks.LockSupport.parkNanos(LockSupport.java:269)
        at java.base@21.0.6/java.util.concurrent.locks.AbstractQueuedSynchronizer$ConditionObject.awaitNanos(AbstractQueuedSynchronizer.java:1763)
        at java.base@21.0.6/java.util.concurrent.LinkedBlockingQueue.poll(LinkedBlockingQueue.java:460)
        at app//org.apache.hadoop.ipc.CallQueueManager.take(CallQueueManager.java:370)
        at app//org.apache.hadoop.ipc.Server$Handler.run(Server.java:3165)
"IPC Server handler 3 on default port 15066" daemon prio=5 tid=822 timed_waiting
java.lang.Thread.State: TIMED_WAITING
        at java.base@21.0.6/jdk.internal.misc.Unsafe.park(Native Method)
        at java.base@21.0.6/java.util.concurrent.locks.LockSupport.parkNanos(LockSupport.java:269)
        at java.base@21.0.6/java.util.concurrent.locks.AbstractQueuedSynchronizer$ConditionObject.awaitNanos(AbstractQueuedSynchronizer.java:1763)
        at java.base@21.0.6/java.util.concurrent.LinkedBlockingQueue.poll(LinkedBlockingQueue.java:460)
        at app//org.apache.hadoop.ipc.CallQueueManager.take(CallQueueManager.java:370)
        at app//org.apache.hadoop.ipc.Server$Handler.run(Server.java:3165)
"IPC Server handler 6 on default port 15012" daemon prio=5 tid=2281 timed_waiting
java.lang.Thread.State: TIMED_WAITING
        at java.base@21.0.6/jdk.internal.misc.Unsafe.park(Native Method)
        at java.base@21.0.6/java.util.concurrent.locks.LockSupport.parkNanos(LockSupport.java:269)
        at java.base@21.0.6/java.util.concurrent.locks.AbstractQueuedSynchronizer$ConditionObject.awaitNanos(AbstractQueuedSynchronizer.java:1763)
        at java.base@21.0.6/java.util.concurrent.LinkedBlockingQueue.poll(LinkedBlockingQueue.java:460)
        at app//org.apache.hadoop.ipc.CallQueueManager.take(CallQueueManager.java:370)
        at app//org.apache.hadoop.ipc.Server$Handler.run(Server.java:3165)
"IPC Server handler 54 on default port 15001" daemon prio=5 tid=268 timed_waiting
java.lang.Thread.State: TIMED_WAITING
        at java.base@21.0.6/jdk.internal.misc.Unsafe.park(Native Method)
        at java.base@21.0.6/java.util.concurrent.locks.LockSupport.parkNanos(LockSupport.java:269)
        at java.base@21.0.6/java.util.concurrent.locks.AbstractQueuedSynchronizer$ConditionObject.awaitNanos(AbstractQueuedSynchronizer.java:1763)
        at java.base@21.0.6/java.util.concurrent.LinkedBlockingQueue.poll(LinkedBlockingQueue.java:460)
        at app//org.apache.hadoop.ipc.CallQueueManager.take(CallQueueManager.java:370)
        at app//org.apache.hadoop.ipc.Server$Handler.run(Server.java:3165)
"qtp1705364626-663" daemon prio=5 tid=663 timed_waiting
java.lang.Thread.State: TIMED_WAITING
        at java.base@21.0.6/jdk.internal.misc.Unsafe.park(Native Method)
        at java.base@21.0.6/java.util.concurrent.locks.LockSupport.parkNanos(LockSupport.java:269)
        at java.base@21.0.6/java.util.concurrent.locks.AbstractQueuedSynchronizer$ConditionObject.awaitNanos(AbstractQueuedSynchronizer.java:1763)
        at app//org.eclipse.jetty.util.BlockingArrayQueue.poll(BlockingArrayQueue.java:382)
        at app//org.eclipse.jetty.util.thread.QueuedThreadPool$Runner.idleJobPoll(QueuedThreadPool.java:974)
        at app//org.eclipse.jetty.util.thread.QueuedThreadPool$Runner.run(QueuedThreadPool.java:1018)
        at java.base@21.0.6/java.lang.Thread.runWith(Thread.java:1596)
        at java.base@21.0.6/java.lang.Thread.run(Thread.java:1583)
"Session-HouseKeeper-1653ae9d-1"  prio=5 tid=666 timed_waiting
java.lang.Thread.State: TIMED_WAITING
        at java.base@21.0.6/jdk.internal.misc.Unsafe.park(Native Method)
        at java.base@21.0.6/java.util.concurrent.locks.LockSupport.parkNanos(LockSupport.java:269)
        at java.base@21.0.6/java.util.concurrent.locks.AbstractQueuedSynchronizer$ConditionObject.awaitNanos(AbstractQueuedSynchronizer.java:1763)
        at java.base@21.0.6/java.util.concurrent.ScheduledThreadPoolExecutor$DelayedWorkQueue.take(ScheduledThreadPoolExecutor.java:1182)
        at java.base@21.0.6/java.util.concurrent.ScheduledThreadPoolExecutor$DelayedWorkQueue.take(ScheduledThreadPoolExecutor.java:899)
        at java.base@21.0.6/java.util.concurrent.ThreadPoolExecutor.getTask(ThreadPoolExecutor.java:1070)
        at java.base@21.0.6/java.util.concurrent.ThreadPoolExecutor.runWorker(ThreadPoolExecutor.java:1130)
        at java.base@21.0.6/java.util.concurrent.ThreadPoolExecutor$Worker.run(ThreadPoolExecutor.java:642)
        at java.base@21.0.6/java.lang.Thread.runWith(Thread.java:1596)
        at java.base@21.0.6/java.lang.Thread.run(Thread.java:1583)
"Socket Reader #7 for port 15001"  prio=5 tid=76 runnable
java.lang.Thread.State: RUNNABLE
        at java.base@21.0.6/sun.nio.ch.EPoll.wait(Native Method)
        at java.base@21.0.6/sun.nio.ch.EPollSelectorImpl.doSelect(EPollSelectorImpl.java:121)
        at java.base@21.0.6/sun.nio.ch.SelectorImpl.lockAndDoSelect(SelectorImpl.java:130)
        at java.base@21.0.6/sun.nio.ch.SelectorImpl.select(SelectorImpl.java:147)
        at app//org.apache.hadoop.ipc.Server$Listener$Reader.doRunLoop(Server.java:1497)
        at app//org.apache.hadoop.ipc.Server$Listener$Reader.run(Server.java:1476)
"Socket Reader #1 for port 15021"  prio=5 tid=574 runnable
java.lang.Thread.State: RUNNABLE
        at java.base@21.0.6/sun.nio.ch.EPoll.wait(Native Method)
        at java.base@21.0.6/sun.nio.ch.EPollSelectorImpl.doSelect(EPollSelectorImpl.java:121)
        at java.base@21.0.6/sun.nio.ch.SelectorImpl.lockAndDoSelect(SelectorImpl.java:130)
        at java.base@21.0.6/sun.nio.ch.SelectorImpl.select(SelectorImpl.java:147)
        at app//org.apache.hadoop.ipc.Server$Listener$Reader.doRunLoop(Server.java:1497)
        at app//org.apache.hadoop.ipc.Server$Listener$Reader.run(Server.java:1476)
"IPC Client (216800482) connection to 0.0.0.0/0.0.0.0:15002 from runner" daemon prio=5 tid=976 timed_waiting
java.lang.Thread.State: TIMED_WAITING
        at java.base@21.0.6/java.lang.Object.wait0(Native Method)
        at java.base@21.0.6/java.lang.Object.wait(Object.java:366)
        at app//org.apache.hadoop.ipc.Client$Connection.waitForWork(Client.java:1042)
        at app//org.apache.hadoop.ipc.Client$Connection.run(Client.java:1093)
"Socket Reader #2 for port 15021"  prio=5 tid=575 runnable
java.lang.Thread.State: RUNNABLE
        at java.base@21.0.6/sun.nio.ch.EPoll.wait(Native Method)
        at java.base@21.0.6/sun.nio.ch.EPollSelectorImpl.doSelect(EPollSelectorImpl.java:121)
        at java.base@21.0.6/sun.nio.ch.SelectorImpl.lockAndDoSelect(SelectorImpl.java:130)
        at java.base@21.0.6/sun.nio.ch.SelectorImpl.select(SelectorImpl.java:147)
        at app//org.apache.hadoop.ipc.Server$Listener$Reader.doRunLoop(Server.java:1497)
        at app//org.apache.hadoop.ipc.Server$Listener$Reader.run(Server.java:1476)
"e20a886d-0459-4371-959f-f9bdb6931571@group-28DA08368176-cacheEviction-AwaitToRun" daemon prio=5 tid=1322 in Object.wait()
java.lang.Thread.State: WAITING (on object monitor)
        at java.base@21.0.6/jdk.internal.misc.Unsafe.park(Native Method)
        at java.base@21.0.6/java.util.concurrent.locks.LockSupport.park(LockSupport.java:371)
        at java.base@21.0.6/java.util.concurrent.locks.AbstractQueuedSynchronizer$ConditionNode.block(AbstractQueuedSynchronizer.java:519)
        at java.base@21.0.6/java.util.concurrent.ForkJoinPool.unmanagedBlock(ForkJoinPool.java:3780)
        at java.base@21.0.6/java.util.concurrent.ForkJoinPool.managedBlock(ForkJoinPool.java:3725)
        at java.base@21.0.6/java.util.concurrent.locks.AbstractQueuedSynchronizer$ConditionObject.await(AbstractQueuedSynchronizer.java:1712)
        at app//org.apache.ratis.util.AwaitForSignal.await(AwaitForSignal.java:48)
        at app//org.apache.ratis.util.AwaitToRun$RunnableImpl.run(AwaitToRun.java:47)
        at java.base@21.0.6/java.lang.Thread.runWith(Thread.java:1596)
        at java.base@21.0.6/java.lang.Thread.run(Thread.java:1583)
"IPC Server handler 60 on default port 15001" daemon prio=5 tid=274 timed_waiting
java.lang.Thread.State: TIMED_WAITING
        at java.base@21.0.6/jdk.internal.misc.Unsafe.park(Native Method)
        at java.base@21.0.6/java.util.concurrent.locks.LockSupport.parkNanos(LockSupport.java:269)
        at java.base@21.0.6/java.util.concurrent.locks.AbstractQueuedSynchronizer$ConditionObject.awaitNanos(AbstractQueuedSynchronizer.java:1763)
        at java.base@21.0.6/java.util.concurrent.LinkedBlockingQueue.poll(LinkedBlockingQueue.java:460)
        at app//org.apache.hadoop.ipc.CallQueueManager.take(CallQueueManager.java:370)
        at app//org.apache.hadoop.ipc.Server$Handler.run(Server.java:3165)
"IPC Server handler 82 on default port 15001" daemon prio=5 tid=296 timed_waiting
java.lang.Thread.State: TIMED_WAITING
        at java.base@21.0.6/jdk.internal.misc.Unsafe.park(Native Method)
        at java.base@21.0.6/java.util.concurrent.locks.LockSupport.parkNanos(LockSupport.java:269)
        at java.base@21.0.6/java.util.concurrent.locks.AbstractQueuedSynchronizer$ConditionObject.awaitNanos(AbstractQueuedSynchronizer.java:1763)
        at java.base@21.0.6/java.util.concurrent.LinkedBlockingQueue.poll(LinkedBlockingQueue.java:460)
        at app//org.apache.hadoop.ipc.CallQueueManager.take(CallQueueManager.java:370)
        at app//org.apache.hadoop.ipc.Server$Handler.run(Server.java:3165)
"IPC Server handler 7 on default port 15030" daemon prio=5 tid=642 timed_waiting
java.lang.Thread.State: TIMED_WAITING
        at java.base@21.0.6/jdk.internal.misc.Unsafe.park(Native Method)
        at java.base@21.0.6/java.util.concurrent.locks.LockSupport.parkNanos(LockSupport.java:269)
        at java.base@21.0.6/java.util.concurrent.locks.AbstractQueuedSynchronizer$ConditionObject.awaitNanos(AbstractQueuedSynchronizer.java:1763)
        at java.base@21.0.6/java.util.concurrent.LinkedBlockingQueue.poll(LinkedBlockingQueue.java:460)
        at app//org.apache.hadoop.ipc.CallQueueManager.take(CallQueueManager.java:370)
        at app//org.apache.hadoop.ipc.Server$Handler.run(Server.java:3165)
"eb965ba7-12a8-46f3-92c0-bc6ff5b3bf3b@group-E8C058E7E074-cacheEviction-AwaitToRun" daemon prio=5 tid=1220 in Object.wait()
java.lang.Thread.State: WAITING (on object monitor)
        at java.base@21.0.6/jdk.internal.misc.Unsafe.park(Native Method)
        at java.base@21.0.6/java.util.concurrent.locks.LockSupport.park(LockSupport.java:371)
        at java.base@21.0.6/java.util.concurrent.locks.AbstractQueuedSynchronizer$ConditionNode.block(AbstractQueuedSynchronizer.java:519)
        at java.base@21.0.6/java.util.concurrent.ForkJoinPool.unmanagedBlock(ForkJoinPool.java:3780)
        at java.base@21.0.6/java.util.concurrent.ForkJoinPool.managedBlock(ForkJoinPool.java:3725)
        at java.base@21.0.6/java.util.concurrent.locks.AbstractQueuedSynchronizer$ConditionObject.await(AbstractQueuedSynchronizer.java:1712)
        at app//org.apache.ratis.util.AwaitForSignal.await(AwaitForSignal.java:48)
        at app//org.apache.ratis.util.AwaitToRun$RunnableImpl.run(AwaitToRun.java:47)
        at java.base@21.0.6/java.lang.Thread.runWith(Thread.java:1596)
        at java.base@21.0.6/java.lang.Thread.run(Thread.java:1583)
"6b36f32d-918c-46a3-bfcb-888cb423c6dd@group-B5B4EE72DAEF-FollowerState" daemon prio=5 tid=2257 timed_waiting
java.lang.Thread.State: TIMED_WAITING
        at java.base@21.0.6/java.lang.Thread.sleep0(Native Method)
        at java.base@21.0.6/java.lang.Thread.sleep(Thread.java:558)
        at java.base@21.0.6/java.util.concurrent.TimeUnit.sleep(TimeUnit.java:446)
        at app//org.apache.ratis.util.TimeDuration.sleep(TimeDuration.java:353)
        at app//org.apache.ratis.util.TimeDuration.sleep(TimeDuration.java:338)
        at app//org.apache.ratis.server.impl.FollowerState.runImpl(FollowerState.java:149)
        at app//org.apache.ratis.server.impl.FollowerState.run(FollowerState.java:130)
"IPC Server handler 3 on default port 15093" daemon prio=5 tid=960 timed_waiting
java.lang.Thread.State: TIMED_WAITING
        at java.base@21.0.6/jdk.internal.misc.Unsafe.park(Native Method)
        at java.base@21.0.6/java.util.concurrent.locks.LockSupport.parkNanos(LockSupport.java:269)
        at java.base@21.0.6/java.util.concurrent.locks.AbstractQueuedSynchronizer$ConditionObject.awaitNanos(AbstractQueuedSynchronizer.java:1763)
        at java.base@21.0.6/java.util.concurrent.LinkedBlockingQueue.poll(LinkedBlockingQueue.java:460)
        at app//org.apache.hadoop.ipc.CallQueueManager.take(CallQueueManager.java:370)
        at app//org.apache.hadoop.ipc.Server$Handler.run(Server.java:3165)
"IPC Server handler 6 on default port 15048" daemon prio=5 tid=733 timed_waiting
java.lang.Thread.State: TIMED_WAITING
        at java.base@21.0.6/jdk.internal.misc.Unsafe.park(Native Method)
        at java.base@21.0.6/java.util.concurrent.locks.LockSupport.parkNanos(LockSupport.java:269)
        at java.base@21.0.6/java.util.concurrent.locks.AbstractQueuedSynchronizer$ConditionObject.awaitNanos(AbstractQueuedSynchronizer.java:1763)
        at java.base@21.0.6/java.util.concurrent.LinkedBlockingQueue.poll(LinkedBlockingQueue.java:460)
        at app//org.apache.hadoop.ipc.CallQueueManager.take(CallQueueManager.java:370)
        at app//org.apache.hadoop.ipc.Server$Handler.run(Server.java:3165)
"IPC Server handler 6 on default port 15093" daemon prio=5 tid=963 timed_waiting
java.lang.Thread.State: TIMED_WAITING
        at java.base@21.0.6/jdk.internal.misc.Unsafe.park(Native Method)
        at java.base@21.0.6/java.util.concurrent.locks.LockSupport.parkNanos(LockSupport.java:269)
        at java.base@21.0.6/java.util.concurrent.locks.AbstractQueuedSynchronizer$ConditionObject.awaitNanos(AbstractQueuedSynchronizer.java:1763)
        at java.base@21.0.6/java.util.concurrent.LinkedBlockingQueue.poll(LinkedBlockingQueue.java:460)
        at app//org.apache.hadoop.ipc.CallQueueManager.take(CallQueueManager.java:370)
        at app//org.apache.hadoop.ipc.Server$Handler.run(Server.java:3165)
"eb965ba7-12a8-46f3-92c0-bc6ff5b3bf3b@group-E8C058E7E074-SegmentedRaftLogWorker" daemon prio=5 tid=1224 timed_waiting
java.lang.Thread.State: TIMED_WAITING
        at java.base@21.0.6/jdk.internal.misc.Unsafe.park(Native Method)
        at java.base@21.0.6/java.util.concurrent.locks.LockSupport.parkNanos(LockSupport.java:269)
        at java.base@21.0.6/java.util.concurrent.locks.AbstractQueuedSynchronizer$ConditionObject.awaitNanos(AbstractQueuedSynchronizer.java:1763)
        at app//org.apache.ratis.util.DataBlockingQueue.poll(DataBlockingQueue.java:148)
        at app//org.apache.ratis.server.raftlog.segmented.SegmentedRaftLogWorker.run(SegmentedRaftLogWorker.java:307)
        at app//org.apache.ratis.server.raftlog.segmented.SegmentedRaftLogWorker$$Lambda/0x00007f7e9c334fd8.run(Unknown Source)
        at java.base@21.0.6/java.util.concurrent.Executors$RunnableAdapter.call(Executors.java:572)
        at java.base@21.0.6/java.util.concurrent.FutureTask.run(FutureTask.java:317)
        at java.base@21.0.6/java.util.concurrent.ThreadPoolExecutor.runWorker(ThreadPoolExecutor.java:1144)
        at java.base@21.0.6/java.util.concurrent.ThreadPoolExecutor$Worker.run(ThreadPoolExecutor.java:642)
        at java.base@21.0.6/java.lang.Thread.runWith(Thread.java:1596)
        at java.base@21.0.6/java.lang.Thread.run(Thread.java:1583)
"2fdf8a61-8d2a-4048-aa8e-d82d5837d34a-ContainerOp-b23d25cb-7380-4d07-99f2-182221378aec-2"  prio=5 tid=1844 in Object.wait()
java.lang.Thread.State: WAITING (on object monitor)
        at java.base@21.0.6/jdk.internal.misc.Unsafe.park(Native Method)
        at java.base@21.0.6/java.util.concurrent.locks.LockSupport.park(LockSupport.java:371)
        at java.base@21.0.6/java.util.concurrent.locks.AbstractQueuedSynchronizer$ConditionNode.block(AbstractQueuedSynchronizer.java:519)
        at java.base@21.0.6/java.util.concurrent.ForkJoinPool.unmanagedBlock(ForkJoinPool.java:3780)
        at java.base@21.0.6/java.util.concurrent.ForkJoinPool.managedBlock(ForkJoinPool.java:3725)
        at java.base@21.0.6/java.util.concurrent.locks.AbstractQueuedSynchronizer$ConditionObject.await(AbstractQueuedSynchronizer.java:1712)
        at java.base@21.0.6/java.util.concurrent.LinkedBlockingQueue.take(LinkedBlockingQueue.java:435)
        at java.base@21.0.6/java.util.concurrent.ThreadPoolExecutor.getTask(ThreadPoolExecutor.java:1070)
        at java.base@21.0.6/java.util.concurrent.ThreadPoolExecutor.runWorker(ThreadPoolExecutor.java:1130)
        at java.base@21.0.6/java.util.concurrent.ThreadPoolExecutor$Worker.run(ThreadPoolExecutor.java:642)
        at java.base@21.0.6/java.lang.Thread.runWith(Thread.java:1596)
        at java.base@21.0.6/java.lang.Thread.run(Thread.java:1583)
"2dcfdddc-a76f-4d49-b174-7a2bddacee37-server-thread1" daemon prio=5 tid=2390 timed_waiting
java.lang.Thread.State: TIMED_WAITING
        at java.base@21.0.6/jdk.internal.misc.Unsafe.park(Native Method)
        at java.base@21.0.6/java.util.concurrent.locks.LockSupport.parkNanos(LockSupport.java:410)
        at java.base@21.0.6/java.util.concurrent.LinkedTransferQueue$DualNode.await(LinkedTransferQueue.java:452)
        at java.base@21.0.6/java.util.concurrent.SynchronousQueue$Transferer.xferLifo(SynchronousQueue.java:194)
        at java.base@21.0.6/java.util.concurrent.SynchronousQueue.xfer(SynchronousQueue.java:235)
        at java.base@21.0.6/java.util.concurrent.SynchronousQueue.poll(SynchronousQueue.java:338)
        at java.base@21.0.6/java.util.concurrent.ThreadPoolExecutor.getTask(ThreadPoolExecutor.java:1069)
        at java.base@21.0.6/java.util.concurrent.ThreadPoolExecutor.runWorker(ThreadPoolExecutor.java:1130)
        at java.base@21.0.6/java.util.concurrent.ThreadPoolExecutor$Worker.run(ThreadPoolExecutor.java:642)
        at java.base@21.0.6/java.lang.Thread.runWith(Thread.java:1596)
        at java.base@21.0.6/java.lang.Thread.run(Thread.java:1583)
"Socket Reader #4 for port 15030"  prio=5 tid=625 runnable
java.lang.Thread.State: RUNNABLE
        at java.base@21.0.6/sun.nio.ch.EPoll.wait(Native Method)
        at java.base@21.0.6/sun.nio.ch.EPollSelectorImpl.doSelect(EPollSelectorImpl.java:121)
        at java.base@21.0.6/sun.nio.ch.SelectorImpl.lockAndDoSelect(SelectorImpl.java:130)
        at java.base@21.0.6/sun.nio.ch.SelectorImpl.select(SelectorImpl.java:147)
        at app//org.apache.hadoop.ipc.Server$Listener$Reader.doRunLoop(Server.java:1497)
        at app//org.apache.hadoop.ipc.Server$Listener$Reader.run(Server.java:1476)
"IPC Server handler 45 on default port 15000" daemon prio=5 tid=159 timed_waiting
java.lang.Thread.State: TIMED_WAITING
        at java.base@21.0.6/jdk.internal.misc.Unsafe.park(Native Method)
        at java.base@21.0.6/java.util.concurrent.locks.LockSupport.parkNanos(LockSupport.java:269)
        at java.base@21.0.6/java.util.concurrent.locks.AbstractQueuedSynchronizer$ConditionObject.awaitNanos(AbstractQueuedSynchronizer.java:1763)
        at java.base@21.0.6/java.util.concurrent.LinkedBlockingQueue.poll(LinkedBlockingQueue.java:460)
        at app//org.apache.hadoop.ipc.CallQueueManager.take(CallQueueManager.java:370)
        at app//org.apache.hadoop.ipc.Server$Handler.run(Server.java:3165)
"49dd84ae-7ec9-4d92-bc53-345946144fea-BlockDeletingService#1" daemon prio=5 tid=2327 in Object.wait()
java.lang.Thread.State: WAITING (on object monitor)
        at java.base@21.0.6/jdk.internal.misc.Unsafe.park(Native Method)
        at java.base@21.0.6/java.util.concurrent.locks.LockSupport.park(LockSupport.java:371)
        at java.base@21.0.6/java.util.concurrent.locks.AbstractQueuedSynchronizer$ConditionNode.block(AbstractQueuedSynchronizer.java:519)
        at java.base@21.0.6/java.util.concurrent.ForkJoinPool.unmanagedBlock(ForkJoinPool.java:3780)
        at java.base@21.0.6/java.util.concurrent.ForkJoinPool.managedBlock(ForkJoinPool.java:3725)
        at java.base@21.0.6/java.util.concurrent.locks.AbstractQueuedSynchronizer$ConditionObject.await(AbstractQueuedSynchronizer.java:1712)
        at java.base@21.0.6/java.util.concurrent.ScheduledThreadPoolExecutor$DelayedWorkQueue.take(ScheduledThreadPoolExecutor.java:1177)
        at java.base@21.0.6/java.util.concurrent.ScheduledThreadPoolExecutor$DelayedWorkQueue.take(ScheduledThreadPoolExecutor.java:899)
        at java.base@21.0.6/java.util.concurrent.ThreadPoolExecutor.getTask(ThreadPoolExecutor.java:1070)
        at java.base@21.0.6/java.util.concurrent.ThreadPoolExecutor.runWorker(ThreadPoolExecutor.java:1130)
        at java.base@21.0.6/java.util.concurrent.ThreadPoolExecutor$Worker.run(ThreadPoolExecutor.java:642)
        at java.base@21.0.6/java.lang.Thread.runWith(Thread.java:1596)
        at java.base@21.0.6/java.lang.Thread.run(Thread.java:1583)
"IPC Server handler 9 on default port 15066" daemon prio=5 tid=828 timed_waiting
java.lang.Thread.State: TIMED_WAITING
        at java.base@21.0.6/jdk.internal.misc.Unsafe.park(Native Method)
        at java.base@21.0.6/java.util.concurrent.locks.LockSupport.parkNanos(LockSupport.java:269)
        at java.base@21.0.6/java.util.concurrent.locks.AbstractQueuedSynchronizer$ConditionObject.awaitNanos(AbstractQueuedSynchronizer.java:1763)
        at java.base@21.0.6/java.util.concurrent.LinkedBlockingQueue.poll(LinkedBlockingQueue.java:460)
        at app//org.apache.hadoop.ipc.CallQueueManager.take(CallQueueManager.java:370)
        at app//org.apache.hadoop.ipc.Server$Handler.run(Server.java:3165)
"IPC Server Responder" daemon prio=5 tid=955 runnable
java.lang.Thread.State: RUNNABLE
        at java.base@21.0.6/sun.nio.ch.EPoll.wait(Native Method)
        at java.base@21.0.6/sun.nio.ch.EPollSelectorImpl.doSelect(EPollSelectorImpl.java:121)
        at java.base@21.0.6/sun.nio.ch.SelectorImpl.lockAndDoSelect(SelectorImpl.java:130)
        at java.base@21.0.6/sun.nio.ch.SelectorImpl.select(SelectorImpl.java:142)
        at app//org.apache.hadoop.ipc.Server$Responder.doRunLoop(Server.java:1733)
        at app//org.apache.hadoop.ipc.Server$Responder.run(Server.java:1716)
"IPC Server handler 64 on default port 15000" daemon prio=5 tid=178 timed_waiting
java.lang.Thread.State: TIMED_WAITING
        at java.base@21.0.6/jdk.internal.misc.Unsafe.park(Native Method)
        at java.base@21.0.6/java.util.concurrent.locks.LockSupport.parkNanos(LockSupport.java:269)
        at java.base@21.0.6/java.util.concurrent.locks.AbstractQueuedSynchronizer$ConditionObject.awaitNanos(AbstractQueuedSynchronizer.java:1763)
        at java.base@21.0.6/java.util.concurrent.LinkedBlockingQueue.poll(LinkedBlockingQueue.java:460)
        at app//org.apache.hadoop.ipc.CallQueueManager.take(CallQueueManager.java:370)
        at app//org.apache.hadoop.ipc.Server$Handler.run(Server.java:3165)
"IPC Server handler 67 on default port 15002" daemon prio=5 tid=399 timed_waiting
java.lang.Thread.State: TIMED_WAITING
        at java.base@21.0.6/jdk.internal.misc.Unsafe.park(Native Method)
        at java.base@21.0.6/java.util.concurrent.locks.LockSupport.parkNanos(LockSupport.java:269)
        at java.base@21.0.6/java.util.concurrent.locks.AbstractQueuedSynchronizer$ConditionObject.awaitNanos(AbstractQueuedSynchronizer.java:1763)
        at java.base@21.0.6/java.util.concurrent.LinkedBlockingQueue.poll(LinkedBlockingQueue.java:460)
        at app//org.apache.hadoop.ipc.CallQueueManager.take(CallQueueManager.java:370)
        at app//org.apache.hadoop.ipc.Server$Handler.run(Server.java:3165)
"46d11c6d-db9b-44c9-8985-212dd9cf6636-groupManagement"  prio=5 tid=1292 in Object.wait()
java.lang.Thread.State: WAITING (on object monitor)
        at java.base@21.0.6/jdk.internal.misc.Unsafe.park(Native Method)
        at java.base@21.0.6/java.util.concurrent.locks.LockSupport.park(LockSupport.java:371)
        at java.base@21.0.6/java.util.concurrent.locks.AbstractQueuedSynchronizer$ConditionNode.block(AbstractQueuedSynchronizer.java:519)
        at java.base@21.0.6/java.util.concurrent.ForkJoinPool.unmanagedBlock(ForkJoinPool.java:3780)
        at java.base@21.0.6/java.util.concurrent.ForkJoinPool.managedBlock(ForkJoinPool.java:3725)
        at java.base@21.0.6/java.util.concurrent.locks.AbstractQueuedSynchronizer$ConditionObject.await(AbstractQueuedSynchronizer.java:1712)
        at java.base@21.0.6/java.util.concurrent.LinkedBlockingQueue.take(LinkedBlockingQueue.java:435)
        at java.base@21.0.6/java.util.concurrent.ThreadPoolExecutor.getTask(ThreadPoolExecutor.java:1070)
        at java.base@21.0.6/java.util.concurrent.ThreadPoolExecutor.runWorker(ThreadPoolExecutor.java:1130)
        at java.base@21.0.6/java.util.concurrent.ThreadPoolExecutor$Worker.run(ThreadPoolExecutor.java:642)
        at java.base@21.0.6/java.lang.Thread.runWith(Thread.java:1596)
        at java.base@21.0.6/java.lang.Thread.run(Thread.java:1583)
"6b36f32d-918c-46a3-bfcb-888cb423c6dd-ContainerOp-e1fc892c-095b-4650-8f0f-81341f4e2824-2"  prio=5 tid=2293 in Object.wait()
java.lang.Thread.State: WAITING (on object monitor)
        at java.base@21.0.6/jdk.internal.misc.Unsafe.park(Native Method)
        at java.base@21.0.6/java.util.concurrent.locks.LockSupport.park(LockSupport.java:371)
        at java.base@21.0.6/java.util.concurrent.locks.AbstractQueuedSynchronizer$ConditionNode.block(AbstractQueuedSynchronizer.java:519)
        at java.base@21.0.6/java.util.concurrent.ForkJoinPool.unmanagedBlock(ForkJoinPool.java:3780)
        at java.base@21.0.6/java.util.concurrent.ForkJoinPool.managedBlock(ForkJoinPool.java:3725)
        at java.base@21.0.6/java.util.concurrent.locks.AbstractQueuedSynchronizer$ConditionObject.await(AbstractQueuedSynchronizer.java:1712)
        at java.base@21.0.6/java.util.concurrent.LinkedBlockingQueue.take(LinkedBlockingQueue.java:435)
        at java.base@21.0.6/java.util.concurrent.ThreadPoolExecutor.getTask(ThreadPoolExecutor.java:1070)
        at java.base@21.0.6/java.util.concurrent.ThreadPoolExecutor.runWorker(ThreadPoolExecutor.java:1130)
        at java.base@21.0.6/java.util.concurrent.ThreadPoolExecutor$Worker.run(ThreadPoolExecutor.java:642)
        at java.base@21.0.6/java.lang.Thread.runWith(Thread.java:1596)
        at java.base@21.0.6/java.lang.Thread.run(Thread.java:1583)
"IPC Server idle connection scanner for port 15012" daemon prio=5 tid=2272 timed_waiting
java.lang.Thread.State: TIMED_WAITING
        at java.base@21.0.6/java.lang.Object.wait0(Native Method)
        at java.base@21.0.6/java.lang.Object.wait(Object.java:366)
        at java.base@21.0.6/java.util.TimerThread.mainLoop(Timer.java:563)
        at java.base@21.0.6/java.util.TimerThread.run(Timer.java:516)
"2dcfdddc-a76f-4d49-b174-7a2bddacee37@group-A68B45278972->42086d8c-c943-47d6-a5f9-799709872375-GrpcLogAppender-LogAppenderDaemon" daemon prio=5 tid=1415 timed_waiting
java.lang.Thread.State: TIMED_WAITING
        at java.base@21.0.6/jdk.internal.misc.Unsafe.park(Native Method)
        at java.base@21.0.6/java.util.concurrent.locks.LockSupport.parkNanos(LockSupport.java:269)
        at java.base@21.0.6/java.util.concurrent.locks.AbstractQueuedSynchronizer$ConditionObject.await(AbstractQueuedSynchronizer.java:1852)
        at app//org.apache.ratis.util.AwaitForSignal.await(AwaitForSignal.java:65)
        at app//org.apache.ratis.grpc.server.GrpcLogAppender.mayWait(GrpcLogAppender.java:290)
        at app//org.apache.ratis.grpc.server.GrpcLogAppender.run(GrpcLogAppender.java:258)
        at app//org.apache.ratis.server.leader.LogAppenderDaemon.run(LogAppenderDaemon.java:80)
        at app//org.apache.ratis.server.leader.LogAppenderDaemon$$Lambda/0x00007f7e9c91a108.run(Unknown Source)
        at java.base@21.0.6/java.lang.Thread.runWith(Thread.java:1596)
        at java.base@21.0.6/java.lang.Thread.run(Thread.java:1583)
"client-write-TID-1" daemon prio=5 tid=1694 in Object.wait()
java.lang.Thread.State: WAITING (on object monitor)
        at java.base@21.0.6/jdk.internal.misc.Unsafe.park(Native Method)
        at java.base@21.0.6/java.util.concurrent.locks.LockSupport.park(LockSupport.java:371)
        at java.base@21.0.6/java.util.concurrent.LinkedTransferQueue$DualNode.await(LinkedTransferQueue.java:458)
        at java.base@21.0.6/java.util.concurrent.SynchronousQueue$Transferer.xferLifo(SynchronousQueue.java:194)
        at java.base@21.0.6/java.util.concurrent.SynchronousQueue.xfer(SynchronousQueue.java:235)
        at java.base@21.0.6/java.util.concurrent.SynchronousQueue.take(SynchronousQueue.java:318)
        at java.base@21.0.6/java.util.concurrent.ThreadPoolExecutor.getTask(ThreadPoolExecutor.java:1070)
        at java.base@21.0.6/java.util.concurrent.ThreadPoolExecutor.runWorker(ThreadPoolExecutor.java:1130)
        at java.base@21.0.6/java.util.concurrent.ThreadPoolExecutor$Worker.run(ThreadPoolExecutor.java:642)
        at java.base@21.0.6/java.lang.Thread.runWith(Thread.java:1596)
        at java.base@21.0.6/java.lang.Thread.run(Thread.java:1583)
"ContainerMetadataScanner" daemon prio=5 tid=1150 timed_waiting
java.lang.Thread.State: TIMED_WAITING
        at java.base@21.0.6/java.lang.Thread.sleep0(Native Method)
        at java.base@21.0.6/java.lang.Thread.sleep(Thread.java:509)
        at app//org.apache.hadoop.ozone.container.ozoneimpl.AbstractBackgroundContainerScanner.handleRemainingSleep(AbstractBackgroundContainerScanner.java:128)
        at app//org.apache.hadoop.ozone.container.ozoneimpl.AbstractBackgroundContainerScanner.runIteration(AbstractBackgroundContainerScanner.java:95)
        at app//org.apache.hadoop.ozone.container.ozoneimpl.AbstractBackgroundContainerScanner.run(AbstractBackgroundContainerScanner.java:54)
"Socket Reader #6 for port 15000"  prio=5 tid=89 runnable
java.lang.Thread.State: RUNNABLE
        at java.base@21.0.6/sun.nio.ch.EPoll.wait(Native Method)
        at java.base@21.0.6/sun.nio.ch.EPollSelectorImpl.doSelect(EPollSelectorImpl.java:121)
        at java.base@21.0.6/sun.nio.ch.SelectorImpl.lockAndDoSelect(SelectorImpl.java:130)
        at java.base@21.0.6/sun.nio.ch.SelectorImpl.select(SelectorImpl.java:147)
        at app//org.apache.hadoop.ipc.Server$Listener$Reader.doRunLoop(Server.java:1497)
        at app//org.apache.hadoop.ipc.Server$Listener$Reader.run(Server.java:1476)
"42086d8c-c943-47d6-a5f9-799709872375-ChunkReader-4" daemon prio=5 tid=1572 in Object.wait()
java.lang.Thread.State: WAITING (on object monitor)
        at java.base@21.0.6/jdk.internal.misc.Unsafe.park(Native Method)
        at java.base@21.0.6/java.util.concurrent.locks.LockSupport.park(LockSupport.java:371)
        at java.base@21.0.6/java.util.concurrent.locks.AbstractQueuedSynchronizer$ConditionNode.block(AbstractQueuedSynchronizer.java:519)
        at java.base@21.0.6/java.util.concurrent.ForkJoinPool.unmanagedBlock(ForkJoinPool.java:3780)
        at java.base@21.0.6/java.util.concurrent.ForkJoinPool.managedBlock(ForkJoinPool.java:3725)
        at java.base@21.0.6/java.util.concurrent.locks.AbstractQueuedSynchronizer$ConditionObject.await(AbstractQueuedSynchronizer.java:1712)
        at java.base@21.0.6/java.util.concurrent.LinkedBlockingQueue.take(LinkedBlockingQueue.java:435)
        at java.base@21.0.6/java.util.concurrent.ThreadPoolExecutor.getTask(ThreadPoolExecutor.java:1070)
        at java.base@21.0.6/java.util.concurrent.ThreadPoolExecutor.runWorker(ThreadPoolExecutor.java:1130)
        at java.base@21.0.6/java.util.concurrent.ThreadPoolExecutor$Worker.run(ThreadPoolExecutor.java:642)
        at java.base@21.0.6/java.lang.Thread.runWith(Thread.java:1596)
        at java.base@21.0.6/java.lang.Thread.run(Thread.java:1583)
"Socket Reader #7 for port 15030"  prio=5 tid=628 runnable
java.lang.Thread.State: RUNNABLE
        at java.base@21.0.6/sun.nio.ch.EPoll.wait(Native Method)
        at java.base@21.0.6/sun.nio.ch.EPollSelectorImpl.doSelect(EPollSelectorImpl.java:121)
        at java.base@21.0.6/sun.nio.ch.SelectorImpl.lockAndDoSelect(SelectorImpl.java:130)
        at java.base@21.0.6/sun.nio.ch.SelectorImpl.select(SelectorImpl.java:147)
        at app//org.apache.hadoop.ipc.Server$Listener$Reader.doRunLoop(Server.java:1497)
        at app//org.apache.hadoop.ipc.Server$Listener$Reader.run(Server.java:1476)
"IPC Server handler 48 on default port 15001" daemon prio=5 tid=262 timed_waiting
java.lang.Thread.State: TIMED_WAITING
        at java.base@21.0.6/jdk.internal.misc.Unsafe.park(Native Method)
        at java.base@21.0.6/java.util.concurrent.locks.LockSupport.parkNanos(LockSupport.java:269)
        at java.base@21.0.6/java.util.concurrent.locks.AbstractQueuedSynchronizer$ConditionObject.awaitNanos(AbstractQueuedSynchronizer.java:1763)
        at java.base@21.0.6/java.util.concurrent.LinkedBlockingQueue.poll(LinkedBlockingQueue.java:460)
        at app//org.apache.hadoop.ipc.CallQueueManager.take(CallQueueManager.java:370)
        at app//org.apache.hadoop.ipc.Server$Handler.run(Server.java:3165)
"ContainerMetadataScanner" daemon prio=5 tid=1072 timed_waiting
java.lang.Thread.State: TIMED_WAITING
        at java.base@21.0.6/java.lang.Thread.sleep0(Native Method)
        at java.base@21.0.6/java.lang.Thread.sleep(Thread.java:509)
        at app//org.apache.hadoop.ozone.container.ozoneimpl.AbstractBackgroundContainerScanner.handleRemainingSleep(AbstractBackgroundContainerScanner.java:128)
        at app//org.apache.hadoop.ozone.container.ozoneimpl.AbstractBackgroundContainerScanner.runIteration(AbstractBackgroundContainerScanner.java:95)
        at app//org.apache.hadoop.ozone.container.ozoneimpl.AbstractBackgroundContainerScanner.run(AbstractBackgroundContainerScanner.java:54)
"qtp705030460-797" daemon prio=5 tid=797 runnable
java.lang.Thread.State: RUNNABLE
        at java.base@21.0.6/sun.nio.ch.EPoll.wait(Native Method)
        at java.base@21.0.6/sun.nio.ch.EPollSelectorImpl.doSelect(EPollSelectorImpl.java:121)
        at java.base@21.0.6/sun.nio.ch.SelectorImpl.lockAndDoSelect(SelectorImpl.java:130)
        at java.base@21.0.6/sun.nio.ch.SelectorImpl.select(SelectorImpl.java:147)
        at app//org.eclipse.jetty.io.ManagedSelector.nioSelect(ManagedSelector.java:183)
        at app//org.eclipse.jetty.io.ManagedSelector.select(ManagedSelector.java:190)
        at app//org.eclipse.jetty.io.ManagedSelector$SelectorProducer.select(ManagedSelector.java:606)
        at app//org.eclipse.jetty.io.ManagedSelector$SelectorProducer.produce(ManagedSelector.java:543)
        at app//org.eclipse.jetty.util.thread.strategy.EatWhatYouKill.produceTask(EatWhatYouKill.java:362)
        at app//org.eclipse.jetty.util.thread.strategy.EatWhatYouKill.doProduce(EatWhatYouKill.java:186)
        at app//org.eclipse.jetty.util.thread.strategy.EatWhatYouKill.tryProduce(EatWhatYouKill.java:173)
        at app//org.eclipse.jetty.util.thread.strategy.EatWhatYouKill.produce(EatWhatYouKill.java:137)
        at app//org.eclipse.jetty.io.ManagedSelector$$Lambda/0x00007f7e9c660000.run(Unknown Source)
        at app//org.eclipse.jetty.util.thread.QueuedThreadPool.runJob(QueuedThreadPool.java:883)
        at app//org.eclipse.jetty.util.thread.QueuedThreadPool$Runner.run(QueuedThreadPool.java:1034)
        at java.base@21.0.6/java.lang.Thread.runWith(Thread.java:1596)
        at java.base@21.0.6/java.lang.Thread.run(Thread.java:1583)
"IPC Server idle connection scanner for port 15000" daemon prio=5 tid=94 timed_waiting
java.lang.Thread.State: TIMED_WAITING
        at java.base@21.0.6/java.lang.Object.wait0(Native Method)
        at java.base@21.0.6/java.lang.Object.wait(Object.java:366)
        at java.base@21.0.6/java.util.TimerThread.mainLoop(Timer.java:563)
        at java.base@21.0.6/java.util.TimerThread.run(Timer.java:516)
"ccfadb7c-9180-4c4b-b969-671c642a7bd3-DatanodeReportManager-0" daemon prio=5 tid=968 timed_waiting
java.lang.Thread.State: TIMED_WAITING
        at java.base@21.0.6/jdk.internal.misc.Unsafe.park(Native Method)
        at java.base@21.0.6/java.util.concurrent.locks.LockSupport.park(LockSupport.java:371)
        at java.base@21.0.6/java.util.concurrent.locks.AbstractQueuedSynchronizer$ConditionNode.block(AbstractQueuedSynchronizer.java:519)
        at java.base@21.0.6/java.util.concurrent.ForkJoinPool.unmanagedBlock(ForkJoinPool.java:3780)
        at java.base@21.0.6/java.util.concurrent.ForkJoinPool.managedBlock(ForkJoinPool.java:3725)
        at java.base@21.0.6/java.util.concurrent.locks.AbstractQueuedSynchronizer$ConditionObject.await(AbstractQueuedSynchronizer.java:1712)
        at java.base@21.0.6/java.util.concurrent.ScheduledThreadPoolExecutor$DelayedWorkQueue.take(ScheduledThreadPoolExecutor.java:1177)
        at java.base@21.0.6/java.util.concurrent.ScheduledThreadPoolExecutor$DelayedWorkQueue.take(ScheduledThreadPoolExecutor.java:899)
        at java.base@21.0.6/java.util.concurrent.ThreadPoolExecutor.getTask(ThreadPoolExecutor.java:1070)
        at java.base@21.0.6/java.util.concurrent.ThreadPoolExecutor.runWorker(ThreadPoolExecutor.java:1130)
        at java.base@21.0.6/java.util.concurrent.ThreadPoolExecutor$Worker.run(ThreadPoolExecutor.java:642)
        at java.base@21.0.6/java.lang.Thread.runWith(Thread.java:1596)
        at java.base@21.0.6/java.lang.Thread.run(Thread.java:1583)
"IPC Server handler 4 on default port 15093" daemon prio=5 tid=961 timed_waiting
java.lang.Thread.State: TIMED_WAITING
        at java.base@21.0.6/jdk.internal.misc.Unsafe.park(Native Method)
        at java.base@21.0.6/java.util.concurrent.locks.LockSupport.parkNanos(LockSupport.java:269)
        at java.base@21.0.6/java.util.concurrent.locks.AbstractQueuedSynchronizer$ConditionObject.awaitNanos(AbstractQueuedSynchronizer.java:1763)
        at java.base@21.0.6/java.util.concurrent.LinkedBlockingQueue.poll(LinkedBlockingQueue.java:460)
        at app//org.apache.hadoop.ipc.CallQueueManager.take(CallQueueManager.java:370)
        at app//org.apache.hadoop.ipc.Server$Handler.run(Server.java:3165)
"IPC Server handler 9 on default port 15093" daemon prio=5 tid=966 timed_waiting
java.lang.Thread.State: TIMED_WAITING
        at java.base@21.0.6/jdk.internal.misc.Unsafe.park(Native Method)
        at java.base@21.0.6/java.util.concurrent.locks.LockSupport.parkNanos(LockSupport.java:269)
        at java.base@21.0.6/java.util.concurrent.locks.AbstractQueuedSynchronizer$ConditionObject.awaitNanos(AbstractQueuedSynchronizer.java:1763)
        at java.base@21.0.6/java.util.concurrent.LinkedBlockingQueue.poll(LinkedBlockingQueue.java:460)
        at app//org.apache.hadoop.ipc.CallQueueManager.take(CallQueueManager.java:370)
        at app//org.apache.hadoop.ipc.Server$Handler.run(Server.java:3165)
"IPC Server handler 13 on default port 15001" daemon prio=5 tid=227 timed_waiting
java.lang.Thread.State: TIMED_WAITING
        at java.base@21.0.6/jdk.internal.misc.Unsafe.park(Native Method)
        at java.base@21.0.6/java.util.concurrent.locks.LockSupport.parkNanos(LockSupport.java:269)
        at java.base@21.0.6/java.util.concurrent.locks.AbstractQueuedSynchronizer$ConditionObject.awaitNanos(AbstractQueuedSynchronizer.java:1763)
        at java.base@21.0.6/java.util.concurrent.LinkedBlockingQueue.poll(LinkedBlockingQueue.java:460)
        at app//org.apache.hadoop.ipc.CallQueueManager.take(CallQueueManager.java:370)
        at app//org.apache.hadoop.ipc.Server$Handler.run(Server.java:3165)
"IPC Server handler 86 on default port 15001" daemon prio=5 tid=300 timed_waiting
java.lang.Thread.State: TIMED_WAITING
        at java.base@21.0.6/jdk.internal.misc.Unsafe.park(Native Method)
        at java.base@21.0.6/java.util.concurrent.locks.LockSupport.parkNanos(LockSupport.java:269)
        at java.base@21.0.6/java.util.concurrent.locks.AbstractQueuedSynchronizer$ConditionObject.awaitNanos(AbstractQueuedSynchronizer.java:1763)
        at java.base@21.0.6/java.util.concurrent.LinkedBlockingQueue.poll(LinkedBlockingQueue.java:460)
        at app//org.apache.hadoop.ipc.CallQueueManager.take(CallQueueManager.java:370)
        at app//org.apache.hadoop.ipc.Server$Handler.run(Server.java:3165)
"ReplicationMonitor" daemon prio=5 tid=51 timed_waiting
java.lang.Thread.State: TIMED_WAITING
        at java.base@21.0.6/java.lang.Object.wait0(Native Method)
        at java.base@21.0.6/java.lang.Object.wait(Object.java:366)
        at app//org.apache.hadoop.hdds.scm.container.replication.ReplicationManager.run(ReplicationManager.java:906)
        at app//org.apache.hadoop.hdds.scm.container.replication.ReplicationManager$$Lambda/0x00007f7e9c4c0d88.run(Unknown Source)
        at java.base@21.0.6/java.lang.Thread.runWith(Thread.java:1596)
        at java.base@21.0.6/java.lang.Thread.run(Thread.java:1583)
"IPC Server handler 72 on default port 15000" daemon prio=5 tid=186 timed_waiting
java.lang.Thread.State: TIMED_WAITING
        at java.base@21.0.6/jdk.internal.misc.Unsafe.park(Native Method)
        at java.base@21.0.6/java.util.concurrent.locks.LockSupport.parkNanos(LockSupport.java:269)
        at java.base@21.0.6/java.util.concurrent.locks.AbstractQueuedSynchronizer$ConditionObject.awaitNanos(AbstractQueuedSynchronizer.java:1763)
        at java.base@21.0.6/java.util.concurrent.LinkedBlockingQueue.poll(LinkedBlockingQueue.java:460)
        at app//org.apache.hadoop.ipc.CallQueueManager.take(CallQueueManager.java:370)
        at app//org.apache.hadoop.ipc.Server$Handler.run(Server.java:3165)
"ContainerMetadataScanner" daemon prio=5 tid=1108 timed_waiting
java.lang.Thread.State: TIMED_WAITING
        at java.base@21.0.6/java.lang.Thread.sleep0(Native Method)
        at java.base@21.0.6/java.lang.Thread.sleep(Thread.java:509)
        at app//org.apache.hadoop.ozone.container.ozoneimpl.AbstractBackgroundContainerScanner.handleRemainingSleep(AbstractBackgroundContainerScanner.java:128)
        at app//org.apache.hadoop.ozone.container.ozoneimpl.AbstractBackgroundContainerScanner.runIteration(AbstractBackgroundContainerScanner.java:95)
        at app//org.apache.hadoop.ozone.container.ozoneimpl.AbstractBackgroundContainerScanner.run(AbstractBackgroundContainerScanner.java:54)
"Socket Reader #2 for port 15002"  prio=5 tid=57 runnable
java.lang.Thread.State: RUNNABLE
        at java.base@21.0.6/sun.nio.ch.EPoll.wait(Native Method)
        at java.base@21.0.6/sun.nio.ch.EPollSelectorImpl.doSelect(EPollSelectorImpl.java:121)
        at java.base@21.0.6/sun.nio.ch.SelectorImpl.lockAndDoSelect(SelectorImpl.java:130)
        at java.base@21.0.6/sun.nio.ch.SelectorImpl.select(SelectorImpl.java:147)
        at app//org.apache.hadoop.ipc.Server$Listener$Reader.doRunLoop(Server.java:1497)
        at app//org.apache.hadoop.ipc.Server$Listener$Reader.run(Server.java:1476)
"42086d8c-c943-47d6-a5f9-799709872375-DatanodeStateMachineTaskThread-1"  prio=5 tid=1048 in Object.wait()
java.lang.Thread.State: WAITING (on object monitor)
        at java.base@21.0.6/jdk.internal.misc.Unsafe.park(Native Method)
        at java.base@21.0.6/java.util.concurrent.locks.LockSupport.park(LockSupport.java:371)
        at java.base@21.0.6/java.util.concurrent.locks.AbstractQueuedSynchronizer$ConditionNode.block(AbstractQueuedSynchronizer.java:519)
        at java.base@21.0.6/java.util.concurrent.ForkJoinPool.unmanagedBlock(ForkJoinPool.java:3780)
        at java.base@21.0.6/java.util.concurrent.ForkJoinPool.managedBlock(ForkJoinPool.java:3725)
        at java.base@21.0.6/java.util.concurrent.locks.AbstractQueuedSynchronizer$ConditionObject.await(AbstractQueuedSynchronizer.java:1712)
        at java.base@21.0.6/java.util.concurrent.LinkedBlockingQueue.take(LinkedBlockingQueue.java:435)
        at java.base@21.0.6/java.util.concurrent.ThreadPoolExecutor.getTask(ThreadPoolExecutor.java:1070)
        at java.base@21.0.6/java.util.concurrent.ThreadPoolExecutor.runWorker(ThreadPoolExecutor.java:1130)
        at java.base@21.0.6/java.util.concurrent.ThreadPoolExecutor$Worker.run(ThreadPoolExecutor.java:642)
        at java.base@21.0.6/java.lang.Thread.runWith(Thread.java:1596)
        at java.base@21.0.6/java.lang.Thread.run(Thread.java:1583)
"IPC Server handler 67 on default port 15000" daemon prio=5 tid=181 timed_waiting
java.lang.Thread.State: TIMED_WAITING
        at java.base@21.0.6/jdk.internal.misc.Unsafe.park(Native Method)
        at java.base@21.0.6/java.util.concurrent.locks.LockSupport.parkNanos(LockSupport.java:269)
        at java.base@21.0.6/java.util.concurrent.locks.AbstractQueuedSynchronizer$ConditionObject.awaitNanos(AbstractQueuedSynchronizer.java:1763)
        at java.base@21.0.6/java.util.concurrent.LinkedBlockingQueue.poll(LinkedBlockingQueue.java:460)
        at app//org.apache.hadoop.ipc.CallQueueManager.take(CallQueueManager.java:370)
        at app//org.apache.hadoop.ipc.Server$Handler.run(Server.java:3165)
"surefire-forkedjvm-ping-30s" daemon prio=5 tid=24 timed_waiting
java.lang.Thread.State: TIMED_WAITING
        at java.base@21.0.6/jdk.internal.misc.Unsafe.park(Native Method)
        at java.base@21.0.6/java.util.concurrent.locks.LockSupport.parkNanos(LockSupport.java:269)
        at java.base@21.0.6/java.util.concurrent.locks.AbstractQueuedSynchronizer$ConditionObject.awaitNanos(AbstractQueuedSynchronizer.java:1763)
        at java.base@21.0.6/java.util.concurrent.ScheduledThreadPoolExecutor$DelayedWorkQueue.take(ScheduledThreadPoolExecutor.java:1182)
        at java.base@21.0.6/java.util.concurrent.ScheduledThreadPoolExecutor$DelayedWorkQueue.take(ScheduledThreadPoolExecutor.java:899)
        at java.base@21.0.6/java.util.concurrent.ThreadPoolExecutor.getTask(ThreadPoolExecutor.java:1070)
        at java.base@21.0.6/java.util.concurrent.ThreadPoolExecutor.runWorker(ThreadPoolExecutor.java:1130)
        at java.base@21.0.6/java.util.concurrent.ThreadPoolExecutor$Worker.run(ThreadPoolExecutor.java:642)
        at java.base@21.0.6/java.lang.Thread.runWith(Thread.java:1596)
        at java.base@21.0.6/java.lang.Thread.run(Thread.java:1583)
"qtp2029305492-615" daemon prio=5 tid=615 timed_waiting
java.lang.Thread.State: TIMED_WAITING
        at java.base@21.0.6/jdk.internal.misc.Unsafe.park(Native Method)
        at java.base@21.0.6/java.util.concurrent.locks.LockSupport.parkNanos(LockSupport.java:269)
        at java.base@21.0.6/java.util.concurrent.locks.AbstractQueuedSynchronizer$ConditionObject.awaitNanos(AbstractQueuedSynchronizer.java:1763)
        at app//org.eclipse.jetty.util.BlockingArrayQueue.poll(BlockingArrayQueue.java:382)
        at app//org.eclipse.jetty.util.thread.QueuedThreadPool$Runner.idleJobPoll(QueuedThreadPool.java:974)
        at app//org.eclipse.jetty.util.thread.QueuedThreadPool$Runner.run(QueuedThreadPool.java:1018)
        at java.base@21.0.6/java.lang.Thread.runWith(Thread.java:1596)
        at java.base@21.0.6/java.lang.Thread.run(Thread.java:1583)
"Socket Reader #7 for port 15066"  prio=5 tid=812 runnable
java.lang.Thread.State: RUNNABLE
        at java.base@21.0.6/sun.nio.ch.EPoll.wait(Native Method)
        at java.base@21.0.6/sun.nio.ch.EPollSelectorImpl.doSelect(EPollSelectorImpl.java:121)
        at java.base@21.0.6/sun.nio.ch.SelectorImpl.lockAndDoSelect(SelectorImpl.java:130)
        at java.base@21.0.6/sun.nio.ch.SelectorImpl.select(SelectorImpl.java:147)
        at app//org.apache.hadoop.ipc.Server$Listener$Reader.doRunLoop(Server.java:1497)
        at app//org.apache.hadoop.ipc.Server$Listener$Reader.run(Server.java:1476)
"e20a886d-0459-4371-959f-f9bdb6931571-DatanodeReportManager-0" daemon prio=5 tid=876 in Object.wait()
java.lang.Thread.State: WAITING (on object monitor)
        at java.base@21.0.6/jdk.internal.misc.Unsafe.park(Native Method)
        at java.base@21.0.6/java.util.concurrent.locks.LockSupport.park(LockSupport.java:371)
        at java.base@21.0.6/java.util.concurrent.locks.AbstractQueuedSynchronizer$ConditionNode.block(AbstractQueuedSynchronizer.java:519)
        at java.base@21.0.6/java.util.concurrent.ForkJoinPool.unmanagedBlock(ForkJoinPool.java:3780)
        at java.base@21.0.6/java.util.concurrent.ForkJoinPool.managedBlock(ForkJoinPool.java:3725)
        at java.base@21.0.6/java.util.concurrent.locks.AbstractQueuedSynchronizer$ConditionObject.await(AbstractQueuedSynchronizer.java:1712)
        at java.base@21.0.6/java.util.concurrent.ScheduledThreadPoolExecutor$DelayedWorkQueue.take(ScheduledThreadPoolExecutor.java:1177)
        at java.base@21.0.6/java.util.concurrent.ScheduledThreadPoolExecutor$DelayedWorkQueue.take(ScheduledThreadPoolExecutor.java:899)
        at java.base@21.0.6/java.util.concurrent.ThreadPoolExecutor.getTask(ThreadPoolExecutor.java:1070)
        at java.base@21.0.6/java.util.concurrent.ThreadPoolExecutor.runWorker(ThreadPoolExecutor.java:1130)
        at java.base@21.0.6/java.util.concurrent.ThreadPoolExecutor$Worker.run(ThreadPoolExecutor.java:642)
        at java.base@21.0.6/java.lang.Thread.runWith(Thread.java:1596)
        at java.base@21.0.6/java.lang.Thread.run(Thread.java:1583)
"Socket Reader #1 for port 15084"  prio=5 tid=1914 runnable
java.lang.Thread.State: RUNNABLE
        at java.base@21.0.6/sun.nio.ch.EPoll.wait(Native Method)
        at java.base@21.0.6/sun.nio.ch.EPollSelectorImpl.doSelect(EPollSelectorImpl.java:121)
        at java.base@21.0.6/sun.nio.ch.SelectorImpl.lockAndDoSelect(SelectorImpl.java:130)
        at java.base@21.0.6/sun.nio.ch.SelectorImpl.select(SelectorImpl.java:147)
        at app//org.apache.hadoop.ipc.Server$Listener$Reader.doRunLoop(Server.java:1497)
        at app//org.apache.hadoop.ipc.Server$Listener$Reader.run(Server.java:1476)
"Socket Reader #6 for port 15001"  prio=5 tid=75 runnable
java.lang.Thread.State: RUNNABLE
        at java.base@21.0.6/sun.nio.ch.EPoll.wait(Native Method)
        at java.base@21.0.6/sun.nio.ch.EPollSelectorImpl.doSelect(EPollSelectorImpl.java:121)
        at java.base@21.0.6/sun.nio.ch.SelectorImpl.lockAndDoSelect(SelectorImpl.java:130)
        at java.base@21.0.6/sun.nio.ch.SelectorImpl.select(SelectorImpl.java:147)
        at app//org.apache.hadoop.ipc.Server$Listener$Reader.doRunLoop(Server.java:1497)
        at app//org.apache.hadoop.ipc.Server$Listener$Reader.run(Server.java:1476)
"49dd84ae-7ec9-4d92-bc53-345946144fea-impl-thread2"  prio=5 tid=2316 timed_waiting
java.lang.Thread.State: TIMED_WAITING
        at java.base@21.0.6/jdk.internal.misc.Unsafe.park(Native Method)
        at java.base@21.0.6/java.util.concurrent.locks.LockSupport.parkNanos(LockSupport.java:410)
        at java.base@21.0.6/java.util.concurrent.LinkedTransferQueue$DualNode.await(LinkedTransferQueue.java:452)
        at java.base@21.0.6/java.util.concurrent.SynchronousQueue$Transferer.xferLifo(SynchronousQueue.java:194)
        at java.base@21.0.6/java.util.concurrent.SynchronousQueue.xfer(SynchronousQueue.java:235)
        at java.base@21.0.6/java.util.concurrent.SynchronousQueue.poll(SynchronousQueue.java:338)
        at java.base@21.0.6/java.util.concurrent.ThreadPoolExecutor.getTask(ThreadPoolExecutor.java:1069)
        at java.base@21.0.6/java.util.concurrent.ThreadPoolExecutor.runWorker(ThreadPoolExecutor.java:1130)
        at java.base@21.0.6/java.util.concurrent.ThreadPoolExecutor$Worker.run(ThreadPoolExecutor.java:642)
        at java.base@21.0.6/java.lang.Thread.runWith(Thread.java:1596)
        at java.base@21.0.6/java.lang.Thread.run(Thread.java:1583)
"IPC Server handler 70 on default port 15000" daemon prio=5 tid=184 timed_waiting
java.lang.Thread.State: TIMED_WAITING
        at java.base@21.0.6/jdk.internal.misc.Unsafe.park(Native Method)
        at java.base@21.0.6/java.util.concurrent.locks.LockSupport.parkNanos(LockSupport.java:269)
        at java.base@21.0.6/java.util.concurrent.locks.AbstractQueuedSynchronizer$ConditionObject.awaitNanos(AbstractQueuedSynchronizer.java:1763)
        at java.base@21.0.6/java.util.concurrent.LinkedBlockingQueue.poll(LinkedBlockingQueue.java:460)
        at app//org.apache.hadoop.ipc.CallQueueManager.take(CallQueueManager.java:370)
        at app//org.apache.hadoop.ipc.Server$Handler.run(Server.java:3165)
"IPC Server handler 2 on default port 15039" daemon prio=5 tid=683 timed_waiting
java.lang.Thread.State: TIMED_WAITING
        at java.base@21.0.6/jdk.internal.misc.Unsafe.park(Native Method)
        at java.base@21.0.6/java.util.concurrent.locks.LockSupport.parkNanos(LockSupport.java:269)
        at java.base@21.0.6/java.util.concurrent.locks.AbstractQueuedSynchronizer$ConditionObject.awaitNanos(AbstractQueuedSynchronizer.java:1763)
        at java.base@21.0.6/java.util.concurrent.LinkedBlockingQueue.poll(LinkedBlockingQueue.java:460)
        at app//org.apache.hadoop.ipc.CallQueueManager.take(CallQueueManager.java:370)
        at app//org.apache.hadoop.ipc.Server$Handler.run(Server.java:3165)
"org.apache.hadoop.ozone.container.common.statemachine.commandhandler.DeleteBlocksCommandHandler$DeleteCmdWorker@28e04625" daemon prio=5 tid=932 timed_waiting
java.lang.Thread.State: TIMED_WAITING
        at java.base@21.0.6/java.lang.Thread.sleep0(Native Method)
        at java.base@21.0.6/java.lang.Thread.sleep(Thread.java:509)
        at app//org.apache.hadoop.ozone.container.common.statemachine.commandhandler.DeleteBlocksCommandHandler$DeleteCmdWorker.run(DeleteBlocksCommandHandler.java:255)
        at java.base@21.0.6/java.lang.Thread.runWith(Thread.java:1596)
        at java.base@21.0.6/java.lang.Thread.run(Thread.java:1583)
"46d11c6d-db9b-44c9-8985-212dd9cf6636-DatanodeStateMachineTaskThread-0"  prio=5 tid=835 in Object.wait()
java.lang.Thread.State: WAITING (on object monitor)
        at java.base@21.0.6/jdk.internal.misc.Unsafe.park(Native Method)
        at java.base@21.0.6/java.util.concurrent.locks.LockSupport.park(LockSupport.java:371)
        at java.base@21.0.6/java.util.concurrent.locks.AbstractQueuedSynchronizer$ConditionNode.block(AbstractQueuedSynchronizer.java:519)
        at java.base@21.0.6/java.util.concurrent.ForkJoinPool.unmanagedBlock(ForkJoinPool.java:3780)
        at java.base@21.0.6/java.util.concurrent.ForkJoinPool.managedBlock(ForkJoinPool.java:3725)
        at java.base@21.0.6/java.util.concurrent.locks.AbstractQueuedSynchronizer$ConditionObject.await(AbstractQueuedSynchronizer.java:1712)
        at java.base@21.0.6/java.util.concurrent.LinkedBlockingQueue.take(LinkedBlockingQueue.java:435)
        at java.base@21.0.6/java.util.concurrent.ThreadPoolExecutor.getTask(ThreadPoolExecutor.java:1070)
        at java.base@21.0.6/java.util.concurrent.ThreadPoolExecutor.runWorker(ThreadPoolExecutor.java:1130)
        at java.base@21.0.6/java.util.concurrent.ThreadPoolExecutor$Worker.run(ThreadPoolExecutor.java:642)
        at java.base@21.0.6/java.lang.Thread.runWith(Thread.java:1596)
        at java.base@21.0.6/java.lang.Thread.run(Thread.java:1583)
"25fe7083-9332-4190-accf-9f4542114dd9@group-222A66FCA67D-LeaderStateImpl" daemon prio=5 tid=2119 timed_waiting
java.lang.Thread.State: TIMED_WAITING
        at java.base@21.0.6/jdk.internal.misc.Unsafe.park(Native Method)
        at java.base@21.0.6/java.util.concurrent.locks.LockSupport.parkNanos(LockSupport.java:269)
        at java.base@21.0.6/java.util.concurrent.locks.AbstractQueuedSynchronizer$ConditionObject.awaitNanos(AbstractQueuedSynchronizer.java:1763)
        at java.base@21.0.6/java.util.concurrent.ArrayBlockingQueue.poll(ArrayBlockingQueue.java:435)
        at app//org.apache.ratis.server.impl.LeaderStateImpl$EventQueue.poll(LeaderStateImpl.java:164)
        at app//org.apache.ratis.server.impl.LeaderStateImpl$EventProcessor.run(LeaderStateImpl.java:763)
"eb965ba7-12a8-46f3-92c0-bc6ff5b3bf3b-client-thread1" daemon prio=5 tid=2170 timed_waiting
java.lang.Thread.State: TIMED_WAITING
        at java.base@21.0.6/jdk.internal.misc.Unsafe.park(Native Method)
        at java.base@21.0.6/java.util.concurrent.locks.LockSupport.parkNanos(LockSupport.java:410)
        at java.base@21.0.6/java.util.concurrent.LinkedTransferQueue$DualNode.await(LinkedTransferQueue.java:452)
        at java.base@21.0.6/java.util.concurrent.SynchronousQueue$Transferer.xferLifo(SynchronousQueue.java:194)
        at java.base@21.0.6/java.util.concurrent.SynchronousQueue.xfer(SynchronousQueue.java:235)
        at java.base@21.0.6/java.util.concurrent.SynchronousQueue.poll(SynchronousQueue.java:338)
        at java.base@21.0.6/java.util.concurrent.ThreadPoolExecutor.getTask(ThreadPoolExecutor.java:1069)
        at java.base@21.0.6/java.util.concurrent.ThreadPoolExecutor.runWorker(ThreadPoolExecutor.java:1130)
        at java.base@21.0.6/java.util.concurrent.ThreadPoolExecutor$Worker.run(ThreadPoolExecutor.java:642)
        at java.base@21.0.6/java.lang.Thread.runWith(Thread.java:1596)
        at java.base@21.0.6/java.lang.Thread.run(Thread.java:1583)
"IPC Server handler 88 on default port 15001" daemon prio=5 tid=302 timed_waiting
java.lang.Thread.State: TIMED_WAITING
        at java.base@21.0.6/jdk.internal.misc.Unsafe.park(Native Method)
        at java.base@21.0.6/java.util.concurrent.locks.LockSupport.parkNanos(LockSupport.java:269)
        at java.base@21.0.6/java.util.concurrent.locks.AbstractQueuedSynchronizer$ConditionObject.awaitNanos(AbstractQueuedSynchronizer.java:1763)
        at java.base@21.0.6/java.util.concurrent.LinkedBlockingQueue.poll(LinkedBlockingQueue.java:460)
        at app//org.apache.hadoop.ipc.CallQueueManager.take(CallQueueManager.java:370)
        at app//org.apache.hadoop.ipc.Server$Handler.run(Server.java:3165)
"IPC Server handler 37 on default port 15000" daemon prio=5 tid=151 timed_waiting
java.lang.Thread.State: TIMED_WAITING
        at java.base@21.0.6/jdk.internal.misc.Unsafe.park(Native Method)
        at java.base@21.0.6/java.util.concurrent.locks.LockSupport.parkNanos(LockSupport.java:269)
        at java.base@21.0.6/java.util.concurrent.locks.AbstractQueuedSynchronizer$ConditionObject.awaitNanos(AbstractQueuedSynchronizer.java:1763)
        at java.base@21.0.6/java.util.concurrent.LinkedBlockingQueue.poll(LinkedBlockingQueue.java:460)
        at app//org.apache.hadoop.ipc.CallQueueManager.take(CallQueueManager.java:370)
        at app//org.apache.hadoop.ipc.Server$Handler.run(Server.java:3165)
"IPC Server handler 44 on default port 15001" daemon prio=5 tid=258 timed_waiting
java.lang.Thread.State: TIMED_WAITING
        at java.base@21.0.6/jdk.internal.misc.Unsafe.park(Native Method)
        at java.base@21.0.6/java.util.concurrent.locks.LockSupport.parkNanos(LockSupport.java:269)
        at java.base@21.0.6/java.util.concurrent.locks.AbstractQueuedSynchronizer$ConditionObject.awaitNanos(AbstractQueuedSynchronizer.java:1763)
        at java.base@21.0.6/java.util.concurrent.LinkedBlockingQueue.poll(LinkedBlockingQueue.java:460)
        at app//org.apache.hadoop.ipc.CallQueueManager.take(CallQueueManager.java:370)
        at app//org.apache.hadoop.ipc.Server$Handler.run(Server.java:3165)
"qtp585405660-843" daemon prio=5 tid=843 runnable
java.lang.Thread.State: RUNNABLE
        at java.base@21.0.6/sun.nio.ch.EPoll.wait(Native Method)
        at java.base@21.0.6/sun.nio.ch.EPollSelectorImpl.doSelect(EPollSelectorImpl.java:121)
        at java.base@21.0.6/sun.nio.ch.SelectorImpl.lockAndDoSelect(SelectorImpl.java:130)
        at java.base@21.0.6/sun.nio.ch.SelectorImpl.select(SelectorImpl.java:147)
        at app//org.eclipse.jetty.io.ManagedSelector.nioSelect(ManagedSelector.java:183)
        at app//org.eclipse.jetty.io.ManagedSelector.select(ManagedSelector.java:190)
        at app//org.eclipse.jetty.io.ManagedSelector$SelectorProducer.select(ManagedSelector.java:606)
        at app//org.eclipse.jetty.io.ManagedSelector$SelectorProducer.produce(ManagedSelector.java:543)
        at app//org.eclipse.jetty.util.thread.strategy.EatWhatYouKill.produceTask(EatWhatYouKill.java:362)
        at app//org.eclipse.jetty.util.thread.strategy.EatWhatYouKill.doProduce(EatWhatYouKill.java:186)
        at app//org.eclipse.jetty.util.thread.strategy.EatWhatYouKill.tryProduce(EatWhatYouKill.java:173)
        at app//org.eclipse.jetty.util.thread.strategy.EatWhatYouKill.produce(EatWhatYouKill.java:137)
        at app//org.eclipse.jetty.io.ManagedSelector$$Lambda/0x00007f7e9c660000.run(Unknown Source)
        at app//org.eclipse.jetty.util.thread.QueuedThreadPool.runJob(QueuedThreadPool.java:883)
        at app//org.eclipse.jetty.util.thread.QueuedThreadPool$Runner.run(QueuedThreadPool.java:1034)
        at java.base@21.0.6/java.lang.Thread.runWith(Thread.java:1596)
        at java.base@21.0.6/java.lang.Thread.run(Thread.java:1583)
"IPC Server handler 27 on default port 15001" daemon prio=5 tid=241 timed_waiting
java.lang.Thread.State: TIMED_WAITING
        at java.base@21.0.6/jdk.internal.misc.Unsafe.park(Native Method)
        at java.base@21.0.6/java.util.concurrent.locks.LockSupport.parkNanos(LockSupport.java:269)
        at java.base@21.0.6/java.util.concurrent.locks.AbstractQueuedSynchronizer$ConditionObject.awaitNanos(AbstractQueuedSynchronizer.java:1763)
        at java.base@21.0.6/java.util.concurrent.LinkedBlockingQueue.poll(LinkedBlockingQueue.java:460)
        at app//org.apache.hadoop.ipc.CallQueueManager.take(CallQueueManager.java:370)
        at app//org.apache.hadoop.ipc.Server$Handler.run(Server.java:3165)
"ContainerMetadataScanner" daemon prio=5 tid=1018 timed_waiting
java.lang.Thread.State: TIMED_WAITING
        at java.base@21.0.6/java.lang.Thread.sleep0(Native Method)
        at java.base@21.0.6/java.lang.Thread.sleep(Thread.java:509)
        at app//org.apache.hadoop.ozone.container.ozoneimpl.AbstractBackgroundContainerScanner.handleRemainingSleep(AbstractBackgroundContainerScanner.java:128)
        at app//org.apache.hadoop.ozone.container.ozoneimpl.AbstractBackgroundContainerScanner.runIteration(AbstractBackgroundContainerScanner.java:95)
        at app//org.apache.hadoop.ozone.container.ozoneimpl.AbstractBackgroundContainerScanner.run(AbstractBackgroundContainerScanner.java:54)
"25fe7083-9332-4190-accf-9f4542114dd9-ChunkWriter-3-0" daemon prio=5 tid=1955 in Object.wait()
java.lang.Thread.State: WAITING (on object monitor)
        at java.base@21.0.6/jdk.internal.misc.Unsafe.park(Native Method)
        at java.base@21.0.6/java.util.concurrent.locks.LockSupport.park(LockSupport.java:371)
        at java.base@21.0.6/java.util.concurrent.locks.AbstractQueuedSynchronizer$ConditionNode.block(AbstractQueuedSynchronizer.java:519)
        at java.base@21.0.6/java.util.concurrent.ForkJoinPool.unmanagedBlock(ForkJoinPool.java:3780)
        at java.base@21.0.6/java.util.concurrent.ForkJoinPool.managedBlock(ForkJoinPool.java:3725)
        at java.base@21.0.6/java.util.concurrent.locks.AbstractQueuedSynchronizer$ConditionObject.await(AbstractQueuedSynchronizer.java:1712)
        at java.base@21.0.6/java.util.concurrent.LinkedBlockingDeque.takeFirst(LinkedBlockingDeque.java:485)
        at java.base@21.0.6/java.util.concurrent.LinkedBlockingDeque.take(LinkedBlockingDeque.java:673)
        at java.base@21.0.6/java.util.concurrent.ThreadPoolExecutor.getTask(ThreadPoolExecutor.java:1070)
        at java.base@21.0.6/java.util.concurrent.ThreadPoolExecutor.runWorker(ThreadPoolExecutor.java:1130)
        at java.base@21.0.6/java.util.concurrent.ThreadPoolExecutor$Worker.run(ThreadPoolExecutor.java:642)
        at java.base@21.0.6/java.lang.Thread.runWith(Thread.java:1596)
        at java.base@21.0.6/java.lang.Thread.run(Thread.java:1583)
"49dd84ae-7ec9-4d92-bc53-345946144fea-DatanodeStateMachineTaskThread-1"  prio=5 tid=2300 in Object.wait()
java.lang.Thread.State: WAITING (on object monitor)
        at java.base@21.0.6/jdk.internal.misc.Unsafe.park(Native Method)
        at java.base@21.0.6/java.util.concurrent.locks.LockSupport.park(LockSupport.java:371)
        at java.base@21.0.6/java.util.concurrent.locks.AbstractQueuedSynchronizer$ConditionNode.block(AbstractQueuedSynchronizer.java:519)
        at java.base@21.0.6/java.util.concurrent.ForkJoinPool.unmanagedBlock(ForkJoinPool.java:3780)
        at java.base@21.0.6/java.util.concurrent.ForkJoinPool.managedBlock(ForkJoinPool.java:3725)
        at java.base@21.0.6/java.util.concurrent.locks.AbstractQueuedSynchronizer$ConditionObject.await(AbstractQueuedSynchronizer.java:1712)
        at java.base@21.0.6/java.util.concurrent.LinkedBlockingQueue.take(LinkedBlockingQueue.java:435)
        at java.base@21.0.6/java.util.concurrent.ThreadPoolExecutor.getTask(ThreadPoolExecutor.java:1070)
        at java.base@21.0.6/java.util.concurrent.ThreadPoolExecutor.runWorker(ThreadPoolExecutor.java:1130)
        at java.base@21.0.6/java.util.concurrent.ThreadPoolExecutor$Worker.run(ThreadPoolExecutor.java:642)
        at java.base@21.0.6/java.lang.Thread.runWith(Thread.java:1596)
        at java.base@21.0.6/java.lang.Thread.run(Thread.java:1583)
"42086d8c-c943-47d6-a5f9-799709872375@group-A68B45278972-cacheEviction-AwaitToRun" daemon prio=5 tid=1256 in Object.wait()
java.lang.Thread.State: WAITING (on object monitor)
        at java.base@21.0.6/jdk.internal.misc.Unsafe.park(Native Method)
        at java.base@21.0.6/java.util.concurrent.locks.LockSupport.park(LockSupport.java:371)
        at java.base@21.0.6/java.util.concurrent.locks.AbstractQueuedSynchronizer$ConditionNode.block(AbstractQueuedSynchronizer.java:519)
        at java.base@21.0.6/java.util.concurrent.ForkJoinPool.unmanagedBlock(ForkJoinPool.java:3780)
        at java.base@21.0.6/java.util.concurrent.ForkJoinPool.managedBlock(ForkJoinPool.java:3725)
        at java.base@21.0.6/java.util.concurrent.locks.AbstractQueuedSynchronizer$ConditionObject.await(AbstractQueuedSynchronizer.java:1712)
        at app//org.apache.ratis.util.AwaitForSignal.await(AwaitForSignal.java:48)
        at app//org.apache.ratis.util.AwaitToRun$RunnableImpl.run(AwaitToRun.java:47)
        at java.base@21.0.6/java.lang.Thread.runWith(Thread.java:1596)
        at java.base@21.0.6/java.lang.Thread.run(Thread.java:1583)
"Socket Reader #10 for port 15001"  prio=5 tid=79 runnable
java.lang.Thread.State: RUNNABLE
        at java.base@21.0.6/sun.nio.ch.EPoll.wait(Native Method)
        at java.base@21.0.6/sun.nio.ch.EPollSelectorImpl.doSelect(EPollSelectorImpl.java:121)
        at java.base@21.0.6/sun.nio.ch.SelectorImpl.lockAndDoSelect(SelectorImpl.java:130)
        at java.base@21.0.6/sun.nio.ch.SelectorImpl.select(SelectorImpl.java:147)
        at app//org.apache.hadoop.ipc.Server$Listener$Reader.doRunLoop(Server.java:1497)
        at app//org.apache.hadoop.ipc.Server$Listener$Reader.run(Server.java:1476)
"IPC Server handler 30 on default port 15001" daemon prio=5 tid=244 timed_waiting
java.lang.Thread.State: TIMED_WAITING
        at java.base@21.0.6/jdk.internal.misc.Unsafe.park(Native Method)
        at java.base@21.0.6/java.util.concurrent.locks.LockSupport.parkNanos(LockSupport.java:269)
        at java.base@21.0.6/java.util.concurrent.locks.AbstractQueuedSynchronizer$ConditionObject.awaitNanos(AbstractQueuedSynchronizer.java:1763)
        at java.base@21.0.6/java.util.concurrent.LinkedBlockingQueue.poll(LinkedBlockingQueue.java:460)
        at app//org.apache.hadoop.ipc.CallQueueManager.take(CallQueueManager.java:370)
        at app//org.apache.hadoop.ipc.Server$Handler.run(Server.java:3165)
"IPC Server handler 2 on default port 15057" daemon prio=5 tid=775 timed_waiting
java.lang.Thread.State: TIMED_WAITING
        at java.base@21.0.6/jdk.internal.misc.Unsafe.park(Native Method)
        at java.base@21.0.6/java.util.concurrent.locks.LockSupport.parkNanos(LockSupport.java:269)
        at java.base@21.0.6/java.util.concurrent.locks.AbstractQueuedSynchronizer$ConditionObject.awaitNanos(AbstractQueuedSynchronizer.java:1763)
        at java.base@21.0.6/java.util.concurrent.LinkedBlockingQueue.poll(LinkedBlockingQueue.java:460)
        at app//org.apache.hadoop.ipc.CallQueueManager.take(CallQueueManager.java:370)
        at app//org.apache.hadoop.ipc.Server$Handler.run(Server.java:3165)
"pool-243-thread-1" daemon prio=5 tid=1107 timed_waiting
java.lang.Thread.State: TIMED_WAITING
        at java.base@21.0.6/jdk.internal.misc.Unsafe.park(Native Method)
        at java.base@21.0.6/java.util.concurrent.locks.LockSupport.parkNanos(LockSupport.java:269)
        at java.base@21.0.6/java.util.concurrent.locks.AbstractQueuedSynchronizer$ConditionObject.awaitNanos(AbstractQueuedSynchronizer.java:1763)
        at java.base@21.0.6/java.util.concurrent.ScheduledThreadPoolExecutor$DelayedWorkQueue.take(ScheduledThreadPoolExecutor.java:1182)
        at java.base@21.0.6/java.util.concurrent.ScheduledThreadPoolExecutor$DelayedWorkQueue.take(ScheduledThreadPoolExecutor.java:899)
        at java.base@21.0.6/java.util.concurrent.ThreadPoolExecutor.getTask(ThreadPoolExecutor.java:1070)
        at java.base@21.0.6/java.util.concurrent.ThreadPoolExecutor.runWorker(ThreadPoolExecutor.java:1130)
        at java.base@21.0.6/java.util.concurrent.ThreadPoolExecutor$Worker.run(ThreadPoolExecutor.java:642)
        at java.base@21.0.6/java.lang.Thread.runWith(Thread.java:1596)
        at java.base@21.0.6/java.lang.Thread.run(Thread.java:1583)
"IPC Server handler 10 on default port 15002" daemon prio=5 tid=342 timed_waiting
java.lang.Thread.State: TIMED_WAITING
        at java.base@21.0.6/jdk.internal.misc.Unsafe.park(Native Method)
        at java.base@21.0.6/java.util.concurrent.locks.LockSupport.parkNanos(LockSupport.java:269)
        at java.base@21.0.6/java.util.concurrent.locks.AbstractQueuedSynchronizer$ConditionObject.awaitNanos(AbstractQueuedSynchronizer.java:1763)
        at java.base@21.0.6/java.util.concurrent.LinkedBlockingQueue.poll(LinkedBlockingQueue.java:460)
        at app//org.apache.hadoop.ipc.CallQueueManager.take(CallQueueManager.java:370)
        at app//org.apache.hadoop.ipc.Server$Handler.run(Server.java:3165)
"25fe7083-9332-4190-accf-9f4542114dd9-DatanodeStateMachineDaemonThread" daemon prio=5 tid=1937 timed_waiting
java.lang.Thread.State: TIMED_WAITING
        at java.base@21.0.6/java.lang.Thread.sleep0(Native Method)
        at java.base@21.0.6/java.lang.Thread.sleep(Thread.java:509)
        at app//org.apache.hadoop.ozone.container.common.statemachine.DatanodeStateMachine.startStateMachineThread(DatanodeStateMachine.java:357)
        at app//org.apache.hadoop.ozone.container.common.statemachine.DatanodeStateMachine.lambda$startDaemon$1(DatanodeStateMachine.java:543)
        at app//org.apache.hadoop.ozone.container.common.statemachine.DatanodeStateMachine$$Lambda/0x00007f7e9c7d5a70.run(Unknown Source)
        at java.base@21.0.6/java.lang.Thread.runWith(Thread.java:1596)
        at java.base@21.0.6/java.lang.Thread.run(Thread.java:1583)
"IPC Server handler 62 on default port 15002" daemon prio=5 tid=394 timed_waiting
java.lang.Thread.State: TIMED_WAITING
        at java.base@21.0.6/jdk.internal.misc.Unsafe.park(Native Method)
        at java.base@21.0.6/java.util.concurrent.locks.LockSupport.parkNanos(LockSupport.java:269)
        at java.base@21.0.6/java.util.concurrent.locks.AbstractQueuedSynchronizer$ConditionObject.awaitNanos(AbstractQueuedSynchronizer.java:1763)
        at java.base@21.0.6/java.util.concurrent.LinkedBlockingQueue.poll(LinkedBlockingQueue.java:460)
        at app//org.apache.hadoop.ipc.CallQueueManager.take(CallQueueManager.java:370)
        at app//org.apache.hadoop.ipc.Server$Handler.run(Server.java:3165)
"Session-HouseKeeper-2b720a2c-1"  prio=5 tid=490 timed_waiting
java.lang.Thread.State: TIMED_WAITING
        at java.base@21.0.6/jdk.internal.misc.Unsafe.park(Native Method)
        at java.base@21.0.6/java.util.concurrent.locks.LockSupport.parkNanos(LockSupport.java:269)
        at java.base@21.0.6/java.util.concurrent.locks.AbstractQueuedSynchronizer$ConditionObject.awaitNanos(AbstractQueuedSynchronizer.java:1763)
        at java.base@21.0.6/java.util.concurrent.ScheduledThreadPoolExecutor$DelayedWorkQueue.take(ScheduledThreadPoolExecutor.java:1182)
        at java.base@21.0.6/java.util.concurrent.ScheduledThreadPoolExecutor$DelayedWorkQueue.take(ScheduledThreadPoolExecutor.java:899)
        at java.base@21.0.6/java.util.concurrent.ThreadPoolExecutor.getTask(ThreadPoolExecutor.java:1070)
        at java.base@21.0.6/java.util.concurrent.ThreadPoolExecutor.runWorker(ThreadPoolExecutor.java:1130)
        at java.base@21.0.6/java.util.concurrent.ThreadPoolExecutor$Worker.run(ThreadPoolExecutor.java:642)
        at java.base@21.0.6/java.lang.Thread.runWith(Thread.java:1596)
        at java.base@21.0.6/java.lang.Thread.run(Thread.java:1583)
"IPC Server handler 48 on default port 15000" daemon prio=5 tid=162 timed_waiting
java.lang.Thread.State: TIMED_WAITING
        at java.base@21.0.6/jdk.internal.misc.Unsafe.park(Native Method)
        at java.base@21.0.6/java.util.concurrent.locks.LockSupport.parkNanos(LockSupport.java:269)
        at java.base@21.0.6/java.util.concurrent.locks.AbstractQueuedSynchronizer$ConditionObject.awaitNanos(AbstractQueuedSynchronizer.java:1763)
        at java.base@21.0.6/java.util.concurrent.LinkedBlockingQueue.poll(LinkedBlockingQueue.java:460)
        at app//org.apache.hadoop.ipc.CallQueueManager.take(CallQueueManager.java:370)
        at app//org.apache.hadoop.ipc.Server$Handler.run(Server.java:3165)
"6b36f32d-918c-46a3-bfcb-888cb423c6dd-ContainerOp-e1fc892c-095b-4650-8f0f-81341f4e2824-3"  prio=5 tid=2294 in Object.wait()
java.lang.Thread.State: WAITING (on object monitor)
        at java.base@21.0.6/jdk.internal.misc.Unsafe.park(Native Method)
        at java.base@21.0.6/java.util.concurrent.locks.LockSupport.park(LockSupport.java:371)
        at java.base@21.0.6/java.util.concurrent.locks.AbstractQueuedSynchronizer$ConditionNode.block(AbstractQueuedSynchronizer.java:519)
        at java.base@21.0.6/java.util.concurrent.ForkJoinPool.unmanagedBlock(ForkJoinPool.java:3780)
        at java.base@21.0.6/java.util.concurrent.ForkJoinPool.managedBlock(ForkJoinPool.java:3725)
        at java.base@21.0.6/java.util.concurrent.locks.AbstractQueuedSynchronizer$ConditionObject.await(AbstractQueuedSynchronizer.java:1712)
        at java.base@21.0.6/java.util.concurrent.LinkedBlockingQueue.take(LinkedBlockingQueue.java:435)
        at java.base@21.0.6/java.util.concurrent.ThreadPoolExecutor.getTask(ThreadPoolExecutor.java:1070)
        at java.base@21.0.6/java.util.concurrent.ThreadPoolExecutor.runWorker(ThreadPoolExecutor.java:1130)
        at java.base@21.0.6/java.util.concurrent.ThreadPoolExecutor$Worker.run(ThreadPoolExecutor.java:642)
        at java.base@21.0.6/java.lang.Thread.runWith(Thread.java:1596)
        at java.base@21.0.6/java.lang.Thread.run(Thread.java:1583)
"IPC Server handler 81 on default port 15002" daemon prio=5 tid=413 timed_waiting
java.lang.Thread.State: TIMED_WAITING
        at java.base@21.0.6/jdk.internal.misc.Unsafe.park(Native Method)
        at java.base@21.0.6/java.util.concurrent.locks.LockSupport.parkNanos(LockSupport.java:269)
        at java.base@21.0.6/java.util.concurrent.locks.AbstractQueuedSynchronizer$ConditionObject.awaitNanos(AbstractQueuedSynchronizer.java:1763)
        at java.base@21.0.6/java.util.concurrent.LinkedBlockingQueue.poll(LinkedBlockingQueue.java:460)
        at app//org.apache.hadoop.ipc.CallQueueManager.take(CallQueueManager.java:370)
        at app//org.apache.hadoop.ipc.Server$Handler.run(Server.java:3165)
"Socket Reader #6 for port 15093"  prio=5 tid=949 runnable
java.lang.Thread.State: RUNNABLE
        at java.base@21.0.6/sun.nio.ch.EPoll.wait(Native Method)
        at java.base@21.0.6/sun.nio.ch.EPollSelectorImpl.doSelect(EPollSelectorImpl.java:121)
        at java.base@21.0.6/sun.nio.ch.SelectorImpl.lockAndDoSelect(SelectorImpl.java:130)
        at java.base@21.0.6/sun.nio.ch.SelectorImpl.select(SelectorImpl.java:147)
        at app//org.apache.hadoop.ipc.Server$Listener$Reader.doRunLoop(Server.java:1497)
        at app//org.apache.hadoop.ipc.Server$Listener$Reader.run(Server.java:1476)
"IPC Server handler 69 on default port 15001" daemon prio=5 tid=283 timed_waiting
java.lang.Thread.State: TIMED_WAITING
        at java.base@21.0.6/jdk.internal.misc.Unsafe.park(Native Method)
        at java.base@21.0.6/java.util.concurrent.locks.LockSupport.parkNanos(LockSupport.java:269)
        at java.base@21.0.6/java.util.concurrent.locks.AbstractQueuedSynchronizer$ConditionObject.awaitNanos(AbstractQueuedSynchronizer.java:1763)
        at java.base@21.0.6/java.util.concurrent.LinkedBlockingQueue.poll(LinkedBlockingQueue.java:460)
        at app//org.apache.hadoop.ipc.CallQueueManager.take(CallQueueManager.java:370)
        at app//org.apache.hadoop.ipc.Server$Handler.run(Server.java:3165)
"om1@group-C5BA1605619E-StateMachineUpdater" daemon prio=5 tid=460 timed_waiting
java.lang.Thread.State: TIMED_WAITING
        at java.base@21.0.6/jdk.internal.misc.Unsafe.park(Native Method)
        at java.base@21.0.6/java.util.concurrent.locks.LockSupport.parkNanos(LockSupport.java:269)
        at java.base@21.0.6/java.util.concurrent.locks.AbstractQueuedSynchronizer$ConditionObject.await(AbstractQueuedSynchronizer.java:1852)
        at app//org.apache.ratis.util.AwaitForSignal.await(AwaitForSignal.java:65)
        at app//org.apache.ratis.server.impl.StateMachineUpdater.waitForCommit(StateMachineUpdater.java:219)
        at app//org.apache.ratis.server.impl.StateMachineUpdater.run(StateMachineUpdater.java:187)
        at java.base@21.0.6/java.lang.Thread.runWith(Thread.java:1596)
        at java.base@21.0.6/java.lang.Thread.run(Thread.java:1583)
"Socket Reader #5 for port 15093"  prio=5 tid=948 runnable
java.lang.Thread.State: RUNNABLE
        at java.base@21.0.6/sun.nio.ch.EPoll.wait(Native Method)
        at java.base@21.0.6/sun.nio.ch.EPollSelectorImpl.doSelect(EPollSelectorImpl.java:121)
        at java.base@21.0.6/sun.nio.ch.SelectorImpl.lockAndDoSelect(SelectorImpl.java:130)
        at java.base@21.0.6/sun.nio.ch.SelectorImpl.select(SelectorImpl.java:147)
        at app//org.apache.hadoop.ipc.Server$Listener$Reader.doRunLoop(Server.java:1497)
        at app//org.apache.hadoop.ipc.Server$Listener$Reader.run(Server.java:1476)
"IPC Server handler 78 on default port 15002" daemon prio=5 tid=410 timed_waiting
java.lang.Thread.State: TIMED_WAITING
        at java.base@21.0.6/jdk.internal.misc.Unsafe.park(Native Method)
        at java.base@21.0.6/java.util.concurrent.locks.LockSupport.parkNanos(LockSupport.java:269)
        at java.base@21.0.6/java.util.concurrent.locks.AbstractQueuedSynchronizer$ConditionObject.awaitNanos(AbstractQueuedSynchronizer.java:1763)
        at java.base@21.0.6/java.util.concurrent.LinkedBlockingQueue.poll(LinkedBlockingQueue.java:460)
        at app//org.apache.hadoop.ipc.CallQueueManager.take(CallQueueManager.java:370)
        at app//org.apache.hadoop.ipc.Server$Handler.run(Server.java:3165)
"6b36f32d-918c-46a3-bfcb-888cb423c6dd-ChunkWriter-2-0" daemon prio=5 tid=1004 in Object.wait()
java.lang.Thread.State: WAITING (on object monitor)
        at java.base@21.0.6/jdk.internal.misc.Unsafe.park(Native Method)
        at java.base@21.0.6/java.util.concurrent.locks.LockSupport.park(LockSupport.java:371)
        at java.base@21.0.6/java.util.concurrent.locks.AbstractQueuedSynchronizer$ConditionNode.block(AbstractQueuedSynchronizer.java:519)
        at java.base@21.0.6/java.util.concurrent.ForkJoinPool.unmanagedBlock(ForkJoinPool.java:3780)
        at java.base@21.0.6/java.util.concurrent.ForkJoinPool.managedBlock(ForkJoinPool.java:3725)
        at java.base@21.0.6/java.util.concurrent.locks.AbstractQueuedSynchronizer$ConditionObject.await(AbstractQueuedSynchronizer.java:1712)
        at java.base@21.0.6/java.util.concurrent.LinkedBlockingDeque.takeFirst(LinkedBlockingDeque.java:485)
        at java.base@21.0.6/java.util.concurrent.LinkedBlockingDeque.take(LinkedBlockingDeque.java:673)
        at java.base@21.0.6/java.util.concurrent.ThreadPoolExecutor.getTask(ThreadPoolExecutor.java:1070)
        at java.base@21.0.6/java.util.concurrent.ThreadPoolExecutor.runWorker(ThreadPoolExecutor.java:1130)
        at java.base@21.0.6/java.util.concurrent.ThreadPoolExecutor$Worker.run(ThreadPoolExecutor.java:642)
        at java.base@21.0.6/java.lang.Thread.runWith(Thread.java:1596)
        at java.base@21.0.6/java.lang.Thread.run(Thread.java:1583)
"FixedThreadPoolWithAffinityExecutor-3-0" daemon prio=5 tid=100 timed_waiting
java.lang.Thread.State: TIMED_WAITING
        at java.base@21.0.6/jdk.internal.misc.Unsafe.park(Native Method)
        at java.base@21.0.6/java.util.concurrent.locks.LockSupport.parkNanos(LockSupport.java:269)
        at java.base@21.0.6/java.util.concurrent.locks.AbstractQueuedSynchronizer$ConditionObject.awaitNanos(AbstractQueuedSynchronizer.java:1763)
        at java.base@21.0.6/java.util.concurrent.LinkedBlockingQueue.poll(LinkedBlockingQueue.java:460)
        at app//org.apache.hadoop.hdds.scm.server.ContainerReportQueue.poll(ContainerReportQueue.java:269)
        at app//org.apache.hadoop.hdds.scm.server.ContainerReportQueue.poll(ContainerReportQueue.java:42)
        at app//org.apache.hadoop.hdds.server.events.FixedThreadPoolWithAffinityExecutor$ContainerReportProcessTask.run(FixedThreadPoolWithAffinityExecutor.java:252)
        at java.base@21.0.6/java.util.concurrent.Executors$RunnableAdapter.call(Executors.java:572)
        at java.base@21.0.6/java.util.concurrent.FutureTask.run(FutureTask.java:317)
        at java.base@21.0.6/java.util.concurrent.ThreadPoolExecutor.runWorker(ThreadPoolExecutor.java:1144)
        at java.base@21.0.6/java.util.concurrent.ThreadPoolExecutor$Worker.run(ThreadPoolExecutor.java:642)
        at java.base@21.0.6/java.lang.Thread.runWith(Thread.java:1596)
        at java.base@21.0.6/java.lang.Thread.run(Thread.java:1583)
"IPC Server handler 87 on default port 15000" daemon prio=5 tid=201 timed_waiting
java.lang.Thread.State: TIMED_WAITING
        at java.base@21.0.6/jdk.internal.misc.Unsafe.park(Native Method)
        at java.base@21.0.6/java.util.concurrent.locks.LockSupport.parkNanos(LockSupport.java:269)
        at java.base@21.0.6/java.util.concurrent.locks.AbstractQueuedSynchronizer$ConditionObject.awaitNanos(AbstractQueuedSynchronizer.java:1763)
        at java.base@21.0.6/java.util.concurrent.LinkedBlockingQueue.poll(LinkedBlockingQueue.java:460)
        at app//org.apache.hadoop.ipc.CallQueueManager.take(CallQueueManager.java:370)
        at app//org.apache.hadoop.ipc.Server$Handler.run(Server.java:3165)
"IPC Server handler 5 on default port 15006" daemon prio=5 tid=496 timed_waiting
java.lang.Thread.State: TIMED_WAITING
        at java.base@21.0.6/jdk.internal.misc.Unsafe.park(Native Method)
        at java.base@21.0.6/java.util.concurrent.locks.LockSupport.parkNanos(LockSupport.java:269)
        at java.base@21.0.6/java.util.concurrent.locks.AbstractQueuedSynchronizer$ConditionObject.awaitNanos(AbstractQueuedSynchronizer.java:1763)
        at java.base@21.0.6/java.util.concurrent.LinkedBlockingQueue.poll(LinkedBlockingQueue.java:460)
        at app//org.apache.hadoop.ipc.CallQueueManager.take(CallQueueManager.java:370)
        at app//org.apache.hadoop.ipc.Server$Handler.run(Server.java:3165)
"IPC Server handler 1 on default port 15039" daemon prio=5 tid=682 timed_waiting
java.lang.Thread.State: TIMED_WAITING
        at java.base@21.0.6/jdk.internal.misc.Unsafe.park(Native Method)
        at java.base@21.0.6/java.util.concurrent.locks.LockSupport.parkNanos(LockSupport.java:269)
        at java.base@21.0.6/java.util.concurrent.locks.AbstractQueuedSynchronizer$ConditionObject.awaitNanos(AbstractQueuedSynchronizer.java:1763)
        at java.base@21.0.6/java.util.concurrent.LinkedBlockingQueue.poll(LinkedBlockingQueue.java:460)
        at app//org.apache.hadoop.ipc.CallQueueManager.take(CallQueueManager.java:370)
        at app//org.apache.hadoop.ipc.Server$Handler.run(Server.java:3165)
"6b36f32d-918c-46a3-bfcb-888cb423c6dd-ContainerOp-e1fc892c-095b-4650-8f0f-81341f4e2824-6"  prio=5 tid=2304 in Object.wait()
java.lang.Thread.State: WAITING (on object monitor)
        at java.base@21.0.6/jdk.internal.misc.Unsafe.park(Native Method)
        at java.base@21.0.6/java.util.concurrent.locks.LockSupport.park(LockSupport.java:371)
        at java.base@21.0.6/java.util.concurrent.locks.AbstractQueuedSynchronizer$ConditionNode.block(AbstractQueuedSynchronizer.java:519)
        at java.base@21.0.6/java.util.concurrent.ForkJoinPool.unmanagedBlock(ForkJoinPool.java:3780)
        at java.base@21.0.6/java.util.concurrent.ForkJoinPool.managedBlock(ForkJoinPool.java:3725)
        at java.base@21.0.6/java.util.concurrent.locks.AbstractQueuedSynchronizer$ConditionObject.await(AbstractQueuedSynchronizer.java:1712)
        at java.base@21.0.6/java.util.concurrent.LinkedBlockingQueue.take(LinkedBlockingQueue.java:435)
        at java.base@21.0.6/java.util.concurrent.ThreadPoolExecutor.getTask(ThreadPoolExecutor.java:1070)
        at java.base@21.0.6/java.util.concurrent.ThreadPoolExecutor.runWorker(ThreadPoolExecutor.java:1130)
        at java.base@21.0.6/java.util.concurrent.ThreadPoolExecutor$Worker.run(ThreadPoolExecutor.java:642)
        at java.base@21.0.6/java.lang.Thread.runWith(Thread.java:1596)
        at java.base@21.0.6/java.lang.Thread.run(Thread.java:1583)
"IPC Server handler 14 on default port 15006" daemon prio=5 tid=505 timed_waiting
java.lang.Thread.State: TIMED_WAITING
        at java.base@21.0.6/jdk.internal.misc.Unsafe.park(Native Method)
        at java.base@21.0.6/java.util.concurrent.locks.LockSupport.parkNanos(LockSupport.java:269)
        at java.base@21.0.6/java.util.concurrent.locks.AbstractQueuedSynchronizer$ConditionObject.awaitNanos(AbstractQueuedSynchronizer.java:1763)
        at java.base@21.0.6/java.util.concurrent.LinkedBlockingQueue.poll(LinkedBlockingQueue.java:460)
        at app//org.apache.hadoop.ipc.CallQueueManager.take(CallQueueManager.java:370)
        at app//org.apache.hadoop.ipc.Server$Handler.run(Server.java:3165)
"StaleRecoveringContainerScrubbingService#2" daemon prio=5 tid=1820 in Object.wait()
java.lang.Thread.State: WAITING (on object monitor)
        at java.base@21.0.6/jdk.internal.misc.Unsafe.park(Native Method)
        at java.base@21.0.6/java.util.concurrent.locks.LockSupport.park(LockSupport.java:371)
        at java.base@21.0.6/java.util.concurrent.locks.AbstractQueuedSynchronizer$ConditionNode.block(AbstractQueuedSynchronizer.java:519)
        at java.base@21.0.6/java.util.concurrent.ForkJoinPool.unmanagedBlock(ForkJoinPool.java:3780)
        at java.base@21.0.6/java.util.concurrent.ForkJoinPool.managedBlock(ForkJoinPool.java:3725)
        at java.base@21.0.6/java.util.concurrent.locks.AbstractQueuedSynchronizer$ConditionObject.await(AbstractQueuedSynchronizer.java:1712)
        at java.base@21.0.6/java.util.concurrent.ScheduledThreadPoolExecutor$DelayedWorkQueue.take(ScheduledThreadPoolExecutor.java:1177)
        at java.base@21.0.6/java.util.concurrent.ScheduledThreadPoolExecutor$DelayedWorkQueue.take(ScheduledThreadPoolExecutor.java:899)
        at java.base@21.0.6/java.util.concurrent.ThreadPoolExecutor.getTask(ThreadPoolExecutor.java:1070)
        at java.base@21.0.6/java.util.concurrent.ThreadPoolExecutor.runWorker(ThreadPoolExecutor.java:1130)
        at java.base@21.0.6/java.util.concurrent.ThreadPoolExecutor$Worker.run(ThreadPoolExecutor.java:642)
        at java.base@21.0.6/java.lang.Thread.runWith(Thread.java:1596)
        at java.base@21.0.6/java.lang.Thread.run(Thread.java:1583)
"IPC Server handler 74 on default port 15000" daemon prio=5 tid=188 timed_waiting
java.lang.Thread.State: TIMED_WAITING
        at java.base@21.0.6/jdk.internal.misc.Unsafe.park(Native Method)
        at java.base@21.0.6/java.util.concurrent.locks.LockSupport.parkNanos(LockSupport.java:269)
        at java.base@21.0.6/java.util.concurrent.locks.AbstractQueuedSynchronizer$ConditionObject.awaitNanos(AbstractQueuedSynchronizer.java:1763)
        at java.base@21.0.6/java.util.concurrent.LinkedBlockingQueue.poll(LinkedBlockingQueue.java:460)
        at app//org.apache.hadoop.ipc.CallQueueManager.take(CallQueueManager.java:370)
        at app//org.apache.hadoop.ipc.Server$Handler.run(Server.java:3165)
"eb965ba7-12a8-46f3-92c0-bc6ff5b3bf3b-ContainerOp-e1fc892c-095b-4650-8f0f-81341f4e2824-7"  prio=5 tid=2303 in Object.wait()
java.lang.Thread.State: WAITING (on object monitor)
        at java.base@21.0.6/jdk.internal.misc.Unsafe.park(Native Method)
        at java.base@21.0.6/java.util.concurrent.locks.LockSupport.park(LockSupport.java:371)
        at java.base@21.0.6/java.util.concurrent.locks.AbstractQueuedSynchronizer$ConditionNode.block(AbstractQueuedSynchronizer.java:519)
        at java.base@21.0.6/java.util.concurrent.ForkJoinPool.unmanagedBlock(ForkJoinPool.java:3780)
        at java.base@21.0.6/java.util.concurrent.ForkJoinPool.managedBlock(ForkJoinPool.java:3725)
        at java.base@21.0.6/java.util.concurrent.locks.AbstractQueuedSynchronizer$ConditionObject.await(AbstractQueuedSynchronizer.java:1712)
        at java.base@21.0.6/java.util.concurrent.LinkedBlockingQueue.take(LinkedBlockingQueue.java:435)
        at java.base@21.0.6/java.util.concurrent.ThreadPoolExecutor.getTask(ThreadPoolExecutor.java:1070)
        at java.base@21.0.6/java.util.concurrent.ThreadPoolExecutor.runWorker(ThreadPoolExecutor.java:1130)
        at java.base@21.0.6/java.util.concurrent.ThreadPoolExecutor$Worker.run(ThreadPoolExecutor.java:642)
        at java.base@21.0.6/java.lang.Thread.runWith(Thread.java:1596)
        at java.base@21.0.6/java.lang.Thread.run(Thread.java:1583)
"IPC Server handler 43 on default port 15001" daemon prio=5 tid=257 timed_waiting
java.lang.Thread.State: TIMED_WAITING
        at java.base@21.0.6/jdk.internal.misc.Unsafe.park(Native Method)
        at java.base@21.0.6/java.util.concurrent.locks.LockSupport.parkNanos(LockSupport.java:269)
        at java.base@21.0.6/java.util.concurrent.locks.AbstractQueuedSynchronizer$ConditionObject.awaitNanos(AbstractQueuedSynchronizer.java:1763)
        at java.base@21.0.6/java.util.concurrent.LinkedBlockingQueue.poll(LinkedBlockingQueue.java:460)
        at app//org.apache.hadoop.ipc.CallQueueManager.take(CallQueueManager.java:370)
        at app//org.apache.hadoop.ipc.Server$Handler.run(Server.java:3165)
"IPC Server handler 83 on default port 15002" daemon prio=5 tid=415 timed_waiting
java.lang.Thread.State: TIMED_WAITING
        at java.base@21.0.6/jdk.internal.misc.Unsafe.park(Native Method)
        at java.base@21.0.6/java.util.concurrent.locks.LockSupport.parkNanos(LockSupport.java:269)
        at java.base@21.0.6/java.util.concurrent.locks.AbstractQueuedSynchronizer$ConditionObject.awaitNanos(AbstractQueuedSynchronizer.java:1763)
        at java.base@21.0.6/java.util.concurrent.LinkedBlockingQueue.poll(LinkedBlockingQueue.java:460)
        at app//org.apache.hadoop.ipc.CallQueueManager.take(CallQueueManager.java:370)
        at app//org.apache.hadoop.ipc.Server$Handler.run(Server.java:3165)
"qtp456552476-487" daemon prio=5 tid=487 timed_waiting
java.lang.Thread.State: TIMED_WAITING
        at java.base@21.0.6/jdk.internal.misc.Unsafe.park(Native Method)
        at java.base@21.0.6/java.util.concurrent.locks.LockSupport.parkNanos(LockSupport.java:269)
        at java.base@21.0.6/java.util.concurrent.locks.AbstractQueuedSynchronizer$ConditionObject.awaitNanos(AbstractQueuedSynchronizer.java:1763)
        at app//org.eclipse.jetty.util.BlockingArrayQueue.poll(BlockingArrayQueue.java:382)
        at app//org.eclipse.jetty.util.thread.QueuedThreadPool$Runner.idleJobPoll(QueuedThreadPool.java:974)
        at app//org.eclipse.jetty.util.thread.QueuedThreadPool$Runner.run(QueuedThreadPool.java:1018)
        at java.base@21.0.6/java.lang.Thread.runWith(Thread.java:1596)
        at java.base@21.0.6/java.lang.Thread.run(Thread.java:1583)
"25fe7083-9332-4190-accf-9f4542114dd9@group-222A66FCA67D-StateMachineUpdater" daemon prio=5 tid=2013 timed_waiting
java.lang.Thread.State: TIMED_WAITING
        at java.base@21.0.6/jdk.internal.misc.Unsafe.park(Native Method)
        at java.base@21.0.6/java.util.concurrent.locks.LockSupport.parkNanos(LockSupport.java:269)
        at java.base@21.0.6/java.util.concurrent.locks.AbstractQueuedSynchronizer$ConditionObject.await(AbstractQueuedSynchronizer.java:1852)
        at app//org.apache.ratis.util.AwaitForSignal.await(AwaitForSignal.java:65)
        at app//org.apache.ratis.server.impl.StateMachineUpdater.waitForCommit(StateMachineUpdater.java:219)
        at app//org.apache.ratis.server.impl.StateMachineUpdater.run(StateMachineUpdater.java:187)
        at java.base@21.0.6/java.lang.Thread.runWith(Thread.java:1596)
        at java.base@21.0.6/java.lang.Thread.run(Thread.java:1583)
"IPC Server handler 8 on default port 15039" daemon prio=5 tid=689 timed_waiting
java.lang.Thread.State: TIMED_WAITING
        at java.base@21.0.6/jdk.internal.misc.Unsafe.park(Native Method)
        at java.base@21.0.6/java.util.concurrent.locks.LockSupport.parkNanos(LockSupport.java:269)
        at java.base@21.0.6/java.util.concurrent.locks.AbstractQueuedSynchronizer$ConditionObject.awaitNanos(AbstractQueuedSynchronizer.java:1763)
        at java.base@21.0.6/java.util.concurrent.LinkedBlockingQueue.poll(LinkedBlockingQueue.java:460)
        at app//org.apache.hadoop.ipc.CallQueueManager.take(CallQueueManager.java:370)
        at app//org.apache.hadoop.ipc.Server$Handler.run(Server.java:3165)
"25fe7083-9332-4190-accf-9f4542114dd9-server-thread3" daemon prio=5 tid=2121 timed_waiting
java.lang.Thread.State: TIMED_WAITING
        at java.base@21.0.6/jdk.internal.misc.Unsafe.park(Native Method)
        at java.base@21.0.6/java.util.concurrent.locks.LockSupport.parkNanos(LockSupport.java:410)
        at java.base@21.0.6/java.util.concurrent.LinkedTransferQueue$DualNode.await(LinkedTransferQueue.java:452)
        at java.base@21.0.6/java.util.concurrent.SynchronousQueue$Transferer.xferLifo(SynchronousQueue.java:194)
        at java.base@21.0.6/java.util.concurrent.SynchronousQueue.xfer(SynchronousQueue.java:235)
        at java.base@21.0.6/java.util.concurrent.SynchronousQueue.poll(SynchronousQueue.java:338)
        at java.base@21.0.6/java.util.concurrent.ThreadPoolExecutor.getTask(ThreadPoolExecutor.java:1069)
        at java.base@21.0.6/java.util.concurrent.ThreadPoolExecutor.runWorker(ThreadPoolExecutor.java:1130)
        at java.base@21.0.6/java.util.concurrent.ThreadPoolExecutor$Worker.run(ThreadPoolExecutor.java:642)
        at java.base@21.0.6/java.lang.Thread.runWith(Thread.java:1596)
        at java.base@21.0.6/java.lang.Thread.run(Thread.java:1583)
"42086d8c-c943-47d6-a5f9-799709872375-ContainerOp-9e09d6a8-9742-4eee-8124-a68b45278972-4"  prio=5 tid=2146 in Object.wait()
java.lang.Thread.State: WAITING (on object monitor)
        at java.base@21.0.6/jdk.internal.misc.Unsafe.park(Native Method)
        at java.base@21.0.6/java.util.concurrent.locks.LockSupport.park(LockSupport.java:371)
        at java.base@21.0.6/java.util.concurrent.locks.AbstractQueuedSynchronizer$ConditionNode.block(AbstractQueuedSynchronizer.java:519)
        at java.base@21.0.6/java.util.concurrent.ForkJoinPool.unmanagedBlock(ForkJoinPool.java:3780)
        at java.base@21.0.6/java.util.concurrent.ForkJoinPool.managedBlock(ForkJoinPool.java:3725)
        at java.base@21.0.6/java.util.concurrent.locks.AbstractQueuedSynchronizer$ConditionObject.await(AbstractQueuedSynchronizer.java:1712)
        at java.base@21.0.6/java.util.concurrent.LinkedBlockingQueue.take(LinkedBlockingQueue.java:435)
        at java.base@21.0.6/java.util.concurrent.ThreadPoolExecutor.getTask(ThreadPoolExecutor.java:1070)
        at java.base@21.0.6/java.util.concurrent.ThreadPoolExecutor.runWorker(ThreadPoolExecutor.java:1130)
        at java.base@21.0.6/java.util.concurrent.ThreadPoolExecutor$Worker.run(ThreadPoolExecutor.java:642)
        at java.base@21.0.6/java.lang.Thread.runWith(Thread.java:1596)
        at java.base@21.0.6/java.lang.Thread.run(Thread.java:1583)
"IPC Server handler 56 on default port 15000" daemon prio=5 tid=170 timed_waiting
java.lang.Thread.State: TIMED_WAITING
        at java.base@21.0.6/jdk.internal.misc.Unsafe.park(Native Method)
        at java.base@21.0.6/java.util.concurrent.locks.LockSupport.parkNanos(LockSupport.java:269)
        at java.base@21.0.6/java.util.concurrent.locks.AbstractQueuedSynchronizer$ConditionObject.awaitNanos(AbstractQueuedSynchronizer.java:1763)
        at java.base@21.0.6/java.util.concurrent.LinkedBlockingQueue.poll(LinkedBlockingQueue.java:460)
        at app//org.apache.hadoop.ipc.CallQueueManager.take(CallQueueManager.java:370)
        at app//org.apache.hadoop.ipc.Server$Handler.run(Server.java:3165)
"IPC Server handler 9 on default port 15006" daemon prio=5 tid=500 timed_waiting
java.lang.Thread.State: TIMED_WAITING
        at java.base@21.0.6/jdk.internal.misc.Unsafe.park(Native Method)
        at java.base@21.0.6/java.util.concurrent.locks.LockSupport.parkNanos(LockSupport.java:269)
        at java.base@21.0.6/java.util.concurrent.locks.AbstractQueuedSynchronizer$ConditionObject.awaitNanos(AbstractQueuedSynchronizer.java:1763)
        at java.base@21.0.6/java.util.concurrent.LinkedBlockingQueue.poll(LinkedBlockingQueue.java:460)
        at app//org.apache.hadoop.ipc.CallQueueManager.take(CallQueueManager.java:370)
        at app//org.apache.hadoop.ipc.Server$Handler.run(Server.java:3165)
"2dcfdddc-a76f-4d49-b174-7a2bddacee37-client-thread2" daemon prio=5 tid=2137 timed_waiting
java.lang.Thread.State: TIMED_WAITING
        at java.base@21.0.6/jdk.internal.misc.Unsafe.park(Native Method)
        at java.base@21.0.6/java.util.concurrent.locks.LockSupport.parkNanos(LockSupport.java:410)
        at java.base@21.0.6/java.util.concurrent.LinkedTransferQueue$DualNode.await(LinkedTransferQueue.java:452)
        at java.base@21.0.6/java.util.concurrent.SynchronousQueue$Transferer.xferLifo(SynchronousQueue.java:194)
        at java.base@21.0.6/java.util.concurrent.SynchronousQueue.xfer(SynchronousQueue.java:235)
        at java.base@21.0.6/java.util.concurrent.SynchronousQueue.poll(SynchronousQueue.java:338)
        at java.base@21.0.6/java.util.concurrent.ThreadPoolExecutor.getTask(ThreadPoolExecutor.java:1069)
        at java.base@21.0.6/java.util.concurrent.ThreadPoolExecutor.runWorker(ThreadPoolExecutor.java:1130)
        at java.base@21.0.6/java.util.concurrent.ThreadPoolExecutor$Worker.run(ThreadPoolExecutor.java:642)
        at java.base@21.0.6/java.lang.Thread.runWith(Thread.java:1596)
        at java.base@21.0.6/java.lang.Thread.run(Thread.java:1583)
"IPC Server handler 94 on default port 15001" daemon prio=5 tid=308 timed_waiting
java.lang.Thread.State: TIMED_WAITING
        at java.base@21.0.6/jdk.internal.misc.Unsafe.park(Native Method)
        at java.base@21.0.6/java.util.concurrent.locks.LockSupport.parkNanos(LockSupport.java:269)
        at java.base@21.0.6/java.util.concurrent.locks.AbstractQueuedSynchronizer$ConditionObject.awaitNanos(AbstractQueuedSynchronizer.java:1763)
        at java.base@21.0.6/java.util.concurrent.LinkedBlockingQueue.poll(LinkedBlockingQueue.java:460)
        at app//org.apache.hadoop.ipc.CallQueueManager.take(CallQueueManager.java:370)
        at app//org.apache.hadoop.ipc.Server$Handler.run(Server.java:3165)
"42086d8c-c943-47d6-a5f9-799709872375@group-A68B45278972-StateMachineUpdater" daemon prio=5 tid=1259 timed_waiting
java.lang.Thread.State: TIMED_WAITING
        at java.base@21.0.6/jdk.internal.misc.Unsafe.park(Native Method)
        at java.base@21.0.6/java.util.concurrent.locks.LockSupport.parkNanos(LockSupport.java:269)
        at java.base@21.0.6/java.util.concurrent.locks.AbstractQueuedSynchronizer$ConditionObject.await(AbstractQueuedSynchronizer.java:1852)
        at app//org.apache.ratis.util.AwaitForSignal.await(AwaitForSignal.java:65)
        at app//org.apache.ratis.server.impl.StateMachineUpdater.waitForCommit(StateMachineUpdater.java:219)
        at app//org.apache.ratis.server.impl.StateMachineUpdater.run(StateMachineUpdater.java:187)
        at java.base@21.0.6/java.lang.Thread.runWith(Thread.java:1596)
        at java.base@21.0.6/java.lang.Thread.run(Thread.java:1583)
"42086d8c-c943-47d6-a5f9-799709872375-ContainerOp-9e09d6a8-9742-4eee-8124-a68b45278972-2"  prio=5 tid=2141 in Object.wait()
java.lang.Thread.State: WAITING (on object monitor)
        at java.base@21.0.6/jdk.internal.misc.Unsafe.park(Native Method)
        at java.base@21.0.6/java.util.concurrent.locks.LockSupport.park(LockSupport.java:371)
        at java.base@21.0.6/java.util.concurrent.locks.AbstractQueuedSynchronizer$ConditionNode.block(AbstractQueuedSynchronizer.java:519)
        at java.base@21.0.6/java.util.concurrent.ForkJoinPool.unmanagedBlock(ForkJoinPool.java:3780)
        at java.base@21.0.6/java.util.concurrent.ForkJoinPool.managedBlock(ForkJoinPool.java:3725)
        at java.base@21.0.6/java.util.concurrent.locks.AbstractQueuedSynchronizer$ConditionObject.await(AbstractQueuedSynchronizer.java:1712)
        at java.base@21.0.6/java.util.concurrent.LinkedBlockingQueue.take(LinkedBlockingQueue.java:435)
        at java.base@21.0.6/java.util.concurrent.ThreadPoolExecutor.getTask(ThreadPoolExecutor.java:1070)
        at java.base@21.0.6/java.util.concurrent.ThreadPoolExecutor.runWorker(ThreadPoolExecutor.java:1130)
        at java.base@21.0.6/java.util.concurrent.ThreadPoolExecutor$Worker.run(ThreadPoolExecutor.java:642)
        at java.base@21.0.6/java.lang.Thread.runWith(Thread.java:1596)
        at java.base@21.0.6/java.lang.Thread.run(Thread.java:1583)
"IPC Server handler 28 on default port 15002" daemon prio=5 tid=360 timed_waiting
java.lang.Thread.State: TIMED_WAITING
        at java.base@21.0.6/jdk.internal.misc.Unsafe.park(Native Method)
        at java.base@21.0.6/java.util.concurrent.locks.LockSupport.parkNanos(LockSupport.java:269)
        at java.base@21.0.6/java.util.concurrent.locks.AbstractQueuedSynchronizer$ConditionObject.awaitNanos(AbstractQueuedSynchronizer.java:1763)
        at java.base@21.0.6/java.util.concurrent.LinkedBlockingQueue.poll(LinkedBlockingQueue.java:460)
        at app//org.apache.hadoop.ipc.CallQueueManager.take(CallQueueManager.java:370)
        at app//org.apache.hadoop.ipc.Server$Handler.run(Server.java:3165)
"pool-262-thread-1"  prio=5 tid=841 timed_waiting
java.lang.Thread.State: TIMED_WAITING
        at java.base@21.0.6/jdk.internal.misc.Unsafe.park(Native Method)
        at java.base@21.0.6/java.util.concurrent.locks.LockSupport.parkNanos(LockSupport.java:269)
        at java.base@21.0.6/java.util.concurrent.locks.AbstractQueuedSynchronizer$ConditionObject.awaitNanos(AbstractQueuedSynchronizer.java:1763)
        at java.base@21.0.6/java.util.concurrent.ScheduledThreadPoolExecutor$DelayedWorkQueue.take(ScheduledThreadPoolExecutor.java:1182)
        at java.base@21.0.6/java.util.concurrent.ScheduledThreadPoolExecutor$DelayedWorkQueue.take(ScheduledThreadPoolExecutor.java:899)
        at java.base@21.0.6/java.util.concurrent.ThreadPoolExecutor.getTask(ThreadPoolExecutor.java:1070)
        at java.base@21.0.6/java.util.concurrent.ThreadPoolExecutor.runWorker(ThreadPoolExecutor.java:1130)
        at java.base@21.0.6/java.util.concurrent.ThreadPoolExecutor$Worker.run(ThreadPoolExecutor.java:642)
        at java.base@21.0.6/java.lang.Thread.runWith(Thread.java:1596)
        at java.base@21.0.6/java.lang.Thread.run(Thread.java:1583)
"pool-440-thread-1" daemon prio=5 tid=1949 timed_waiting
java.lang.Thread.State: TIMED_WAITING
        at java.base@21.0.6/jdk.internal.misc.Unsafe.park(Native Method)
        at java.base@21.0.6/java.util.concurrent.locks.LockSupport.parkNanos(LockSupport.java:269)
        at java.base@21.0.6/java.util.concurrent.locks.AbstractQueuedSynchronizer$ConditionObject.awaitNanos(AbstractQueuedSynchronizer.java:1763)
        at java.base@21.0.6/java.util.concurrent.ScheduledThreadPoolExecutor$DelayedWorkQueue.take(ScheduledThreadPoolExecutor.java:1182)
        at java.base@21.0.6/java.util.concurrent.ScheduledThreadPoolExecutor$DelayedWorkQueue.take(ScheduledThreadPoolExecutor.java:899)
        at java.base@21.0.6/java.util.concurrent.ThreadPoolExecutor.getTask(ThreadPoolExecutor.java:1070)
        at java.base@21.0.6/java.util.concurrent.ThreadPoolExecutor.runWorker(ThreadPoolExecutor.java:1130)
        at java.base@21.0.6/java.util.concurrent.ThreadPoolExecutor$Worker.run(ThreadPoolExecutor.java:642)
        at java.base@21.0.6/java.lang.Thread.runWith(Thread.java:1596)
        at java.base@21.0.6/java.lang.Thread.run(Thread.java:1583)
"om1-OpenKeyCleanupService#0" daemon prio=5 tid=468 timed_waiting
java.lang.Thread.State: TIMED_WAITING
        at java.base@21.0.6/jdk.internal.misc.Unsafe.park(Native Method)
        at java.base@21.0.6/java.util.concurrent.locks.LockSupport.parkNanos(LockSupport.java:269)
        at java.base@21.0.6/java.util.concurrent.locks.AbstractQueuedSynchronizer$ConditionObject.awaitNanos(AbstractQueuedSynchronizer.java:1763)
        at java.base@21.0.6/java.util.concurrent.ScheduledThreadPoolExecutor$DelayedWorkQueue.take(ScheduledThreadPoolExecutor.java:1182)
        at java.base@21.0.6/java.util.concurrent.ScheduledThreadPoolExecutor$DelayedWorkQueue.take(ScheduledThreadPoolExecutor.java:899)
        at java.base@21.0.6/java.util.concurrent.ThreadPoolExecutor.getTask(ThreadPoolExecutor.java:1070)
        at java.base@21.0.6/java.util.concurrent.ThreadPoolExecutor.runWorker(ThreadPoolExecutor.java:1130)
        at java.base@21.0.6/java.util.concurrent.ThreadPoolExecutor$Worker.run(ThreadPoolExecutor.java:642)
        at java.base@21.0.6/java.lang.Thread.runWith(Thread.java:1596)
        at java.base@21.0.6/java.lang.Thread.run(Thread.java:1583)
"6b36f32d-918c-46a3-bfcb-888cb423c6dd-ContainerOp-ca93de93-6260-4798-bfae-2aa5ac354986-5"  prio=5 tid=1647 in Object.wait()
java.lang.Thread.State: WAITING (on object monitor)
        at java.base@21.0.6/jdk.internal.misc.Unsafe.park(Native Method)
        at java.base@21.0.6/java.util.concurrent.locks.LockSupport.park(LockSupport.java:371)
        at java.base@21.0.6/java.util.concurrent.locks.AbstractQueuedSynchronizer$ConditionNode.block(AbstractQueuedSynchronizer.java:519)
        at java.base@21.0.6/java.util.concurrent.ForkJoinPool.unmanagedBlock(ForkJoinPool.java:3780)
        at java.base@21.0.6/java.util.concurrent.ForkJoinPool.managedBlock(ForkJoinPool.java:3725)
        at java.base@21.0.6/java.util.concurrent.locks.AbstractQueuedSynchronizer$ConditionObject.await(AbstractQueuedSynchronizer.java:1712)
        at java.base@21.0.6/java.util.concurrent.LinkedBlockingQueue.take(LinkedBlockingQueue.java:435)
        at java.base@21.0.6/java.util.concurrent.ThreadPoolExecutor.getTask(ThreadPoolExecutor.java:1070)
        at java.base@21.0.6/java.util.concurrent.ThreadPoolExecutor.runWorker(ThreadPoolExecutor.java:1130)
        at java.base@21.0.6/java.util.concurrent.ThreadPoolExecutor$Worker.run(ThreadPoolExecutor.java:642)
        at java.base@21.0.6/java.lang.Thread.runWith(Thread.java:1596)
        at java.base@21.0.6/java.lang.Thread.run(Thread.java:1583)
"Socket Reader #7 for port 15002"  prio=5 tid=62 runnable
java.lang.Thread.State: RUNNABLE
        at java.base@21.0.6/sun.nio.ch.EPoll.wait(Native Method)
        at java.base@21.0.6/sun.nio.ch.EPollSelectorImpl.doSelect(EPollSelectorImpl.java:121)
        at java.base@21.0.6/sun.nio.ch.SelectorImpl.lockAndDoSelect(SelectorImpl.java:130)
        at java.base@21.0.6/sun.nio.ch.SelectorImpl.select(SelectorImpl.java:147)
        at app//org.apache.hadoop.ipc.Server$Listener$Reader.doRunLoop(Server.java:1497)
        at app//org.apache.hadoop.ipc.Server$Listener$Reader.run(Server.java:1476)
"qtp538370932-1905" daemon prio=5 tid=1905 runnable
java.lang.Thread.State: RUNNABLE
        at java.base@21.0.6/sun.nio.ch.EPoll.wait(Native Method)
        at java.base@21.0.6/sun.nio.ch.EPollSelectorImpl.doSelect(EPollSelectorImpl.java:121)
        at java.base@21.0.6/sun.nio.ch.SelectorImpl.lockAndDoSelect(SelectorImpl.java:130)
        at java.base@21.0.6/sun.nio.ch.SelectorImpl.select(SelectorImpl.java:147)
        at app//org.eclipse.jetty.io.ManagedSelector.nioSelect(ManagedSelector.java:183)
        at app//org.eclipse.jetty.io.ManagedSelector.select(ManagedSelector.java:190)
        at app//org.eclipse.jetty.io.ManagedSelector$SelectorProducer.select(ManagedSelector.java:606)
        at app//org.eclipse.jetty.io.ManagedSelector$SelectorProducer.produce(ManagedSelector.java:543)
        at app//org.eclipse.jetty.util.thread.strategy.EatWhatYouKill.produceTask(EatWhatYouKill.java:362)
        at app//org.eclipse.jetty.util.thread.strategy.EatWhatYouKill.doProduce(EatWhatYouKill.java:186)
        at app//org.eclipse.jetty.util.thread.strategy.EatWhatYouKill.tryProduce(EatWhatYouKill.java:173)
        at app//org.eclipse.jetty.util.thread.strategy.EatWhatYouKill.produce(EatWhatYouKill.java:137)
        at app//org.eclipse.jetty.io.ManagedSelector$$Lambda/0x00007f7e9c660000.run(Unknown Source)
        at app//org.eclipse.jetty.util.thread.QueuedThreadPool.runJob(QueuedThreadPool.java:883)
        at app//org.eclipse.jetty.util.thread.QueuedThreadPool$Runner.run(QueuedThreadPool.java:1034)
        at java.base@21.0.6/java.lang.Thread.runWith(Thread.java:1596)
        at java.base@21.0.6/java.lang.Thread.run(Thread.java:1583)
"IPC Server handler 84 on default port 15002" daemon prio=5 tid=416 timed_waiting
java.lang.Thread.State: TIMED_WAITING
        at java.base@21.0.6/jdk.internal.misc.Unsafe.park(Native Method)
        at java.base@21.0.6/java.util.concurrent.locks.LockSupport.parkNanos(LockSupport.java:269)
        at java.base@21.0.6/java.util.concurrent.locks.AbstractQueuedSynchronizer$ConditionObject.awaitNanos(AbstractQueuedSynchronizer.java:1763)
        at java.base@21.0.6/java.util.concurrent.LinkedBlockingQueue.poll(LinkedBlockingQueue.java:460)
        at app//org.apache.hadoop.ipc.CallQueueManager.take(CallQueueManager.java:370)
        at app//org.apache.hadoop.ipc.Server$Handler.run(Server.java:3165)
"2fdf8a61-8d2a-4048-aa8e-d82d5837d34a-PeriodicHDDSVolumeChecker" daemon prio=5 tid=1069 timed_waiting
java.lang.Thread.State: TIMED_WAITING
        at java.base@21.0.6/jdk.internal.misc.Unsafe.park(Native Method)
        at java.base@21.0.6/java.util.concurrent.locks.LockSupport.parkNanos(LockSupport.java:269)
        at java.base@21.0.6/java.util.concurrent.locks.AbstractQueuedSynchronizer$ConditionObject.awaitNanos(AbstractQueuedSynchronizer.java:1763)
        at java.base@21.0.6/java.util.concurrent.ScheduledThreadPoolExecutor$DelayedWorkQueue.take(ScheduledThreadPoolExecutor.java:1182)
        at java.base@21.0.6/java.util.concurrent.ScheduledThreadPoolExecutor$DelayedWorkQueue.take(ScheduledThreadPoolExecutor.java:899)
        at java.base@21.0.6/java.util.concurrent.ThreadPoolExecutor.getTask(ThreadPoolExecutor.java:1070)
        at java.base@21.0.6/java.util.concurrent.ThreadPoolExecutor.runWorker(ThreadPoolExecutor.java:1130)
        at java.base@21.0.6/java.util.concurrent.ThreadPoolExecutor$Worker.run(ThreadPoolExecutor.java:642)
        at java.base@21.0.6/java.lang.Thread.runWith(Thread.java:1596)
        at java.base@21.0.6/java.lang.Thread.run(Thread.java:1583)
"46d11c6d-db9b-44c9-8985-212dd9cf6636-PipelineCommandHandlerThread-0"  prio=5 tid=1291 in Object.wait()
java.lang.Thread.State: WAITING (on object monitor)
        at java.base@21.0.6/jdk.internal.misc.Unsafe.park(Native Method)
        at java.base@21.0.6/java.util.concurrent.locks.LockSupport.park(LockSupport.java:371)
        at java.base@21.0.6/java.util.concurrent.locks.AbstractQueuedSynchronizer$ConditionNode.block(AbstractQueuedSynchronizer.java:519)
        at java.base@21.0.6/java.util.concurrent.ForkJoinPool.unmanagedBlock(ForkJoinPool.java:3780)
        at java.base@21.0.6/java.util.concurrent.ForkJoinPool.managedBlock(ForkJoinPool.java:3725)
        at java.base@21.0.6/java.util.concurrent.locks.AbstractQueuedSynchronizer$ConditionObject.await(AbstractQueuedSynchronizer.java:1712)
        at java.base@21.0.6/java.util.concurrent.LinkedBlockingQueue.take(LinkedBlockingQueue.java:435)
        at java.base@21.0.6/java.util.concurrent.ThreadPoolExecutor.getTask(ThreadPoolExecutor.java:1070)
        at java.base@21.0.6/java.util.concurrent.ThreadPoolExecutor.runWorker(ThreadPoolExecutor.java:1130)
        at java.base@21.0.6/java.util.concurrent.ThreadPoolExecutor$Worker.run(ThreadPoolExecutor.java:642)
        at java.base@21.0.6/java.lang.Thread.runWith(Thread.java:1596)
        at java.base@21.0.6/java.lang.Thread.run(Thread.java:1583)
"IPC Server handler 19 on default port 15001" daemon prio=5 tid=233 timed_waiting
java.lang.Thread.State: TIMED_WAITING
        at java.base@21.0.6/jdk.internal.misc.Unsafe.park(Native Method)
        at java.base@21.0.6/java.util.concurrent.locks.LockSupport.parkNanos(LockSupport.java:269)
        at java.base@21.0.6/java.util.concurrent.locks.AbstractQueuedSynchronizer$ConditionObject.awaitNanos(AbstractQueuedSynchronizer.java:1763)
        at java.base@21.0.6/java.util.concurrent.LinkedBlockingQueue.poll(LinkedBlockingQueue.java:460)
        at app//org.apache.hadoop.ipc.CallQueueManager.take(CallQueueManager.java:370)
        at app//org.apache.hadoop.ipc.Server$Handler.run(Server.java:3165)
"Socket Reader #2 for port 15066"  prio=5 tid=807 runnable
java.lang.Thread.State: RUNNABLE
        at java.base@21.0.6/sun.nio.ch.EPoll.wait(Native Method)
        at java.base@21.0.6/sun.nio.ch.EPollSelectorImpl.doSelect(EPollSelectorImpl.java:121)
        at java.base@21.0.6/sun.nio.ch.SelectorImpl.lockAndDoSelect(SelectorImpl.java:130)
        at java.base@21.0.6/sun.nio.ch.SelectorImpl.select(SelectorImpl.java:147)
        at app//org.apache.hadoop.ipc.Server$Listener$Reader.doRunLoop(Server.java:1497)
        at app//org.apache.hadoop.ipc.Server$Listener$Reader.run(Server.java:1476)
"Socket Reader #3 for port 15093"  prio=5 tid=946 runnable
java.lang.Thread.State: RUNNABLE
        at java.base@21.0.6/sun.nio.ch.EPoll.wait(Native Method)
        at java.base@21.0.6/sun.nio.ch.EPollSelectorImpl.doSelect(EPollSelectorImpl.java:121)
        at java.base@21.0.6/sun.nio.ch.SelectorImpl.lockAndDoSelect(SelectorImpl.java:130)
        at java.base@21.0.6/sun.nio.ch.SelectorImpl.select(SelectorImpl.java:147)
        at app//org.apache.hadoop.ipc.Server$Listener$Reader.doRunLoop(Server.java:1497)
        at app//org.apache.hadoop.ipc.Server$Listener$Reader.run(Server.java:1476)
"2fdf8a61-8d2a-4048-aa8e-d82d5837d34a@group-4434D0010B67-cacheEviction-AwaitToRun" daemon prio=5 tid=2361 in Object.wait()
java.lang.Thread.State: WAITING (on object monitor)
        at java.base@21.0.6/jdk.internal.misc.Unsafe.park(Native Method)
        at java.base@21.0.6/java.util.concurrent.locks.LockSupport.park(LockSupport.java:371)
        at java.base@21.0.6/java.util.concurrent.locks.AbstractQueuedSynchronizer$ConditionNode.block(AbstractQueuedSynchronizer.java:519)
        at java.base@21.0.6/java.util.concurrent.ForkJoinPool.unmanagedBlock(ForkJoinPool.java:3780)
        at java.base@21.0.6/java.util.concurrent.ForkJoinPool.managedBlock(ForkJoinPool.java:3725)
        at java.base@21.0.6/java.util.concurrent.locks.AbstractQueuedSynchronizer$ConditionObject.await(AbstractQueuedSynchronizer.java:1712)
        at app//org.apache.ratis.util.AwaitForSignal.await(AwaitForSignal.java:48)
        at app//org.apache.ratis.util.AwaitToRun$RunnableImpl.run(AwaitToRun.java:47)
        at java.base@21.0.6/java.lang.Thread.runWith(Thread.java:1596)
        at java.base@21.0.6/java.lang.Thread.run(Thread.java:1583)
"IPC Server handler 2 on default port 15084" daemon prio=5 tid=1929 timed_waiting
java.lang.Thread.State: TIMED_WAITING
        at java.base@21.0.6/jdk.internal.misc.Unsafe.park(Native Method)
        at java.base@21.0.6/java.util.concurrent.locks.LockSupport.parkNanos(LockSupport.java:269)
        at java.base@21.0.6/java.util.concurrent.locks.AbstractQueuedSynchronizer$ConditionObject.awaitNanos(AbstractQueuedSynchronizer.java:1763)
        at java.base@21.0.6/java.util.concurrent.LinkedBlockingQueue.poll(LinkedBlockingQueue.java:460)
        at app//org.apache.hadoop.ipc.CallQueueManager.take(CallQueueManager.java:370)
        at app//org.apache.hadoop.ipc.Server$Handler.run(Server.java:3165)
"IPC Server handler 13 on default port 15002" daemon prio=5 tid=345 timed_waiting
java.lang.Thread.State: TIMED_WAITING
        at java.base@21.0.6/jdk.internal.misc.Unsafe.park(Native Method)
        at java.base@21.0.6/java.util.concurrent.locks.LockSupport.parkNanos(LockSupport.java:269)
        at java.base@21.0.6/java.util.concurrent.locks.AbstractQueuedSynchronizer$ConditionObject.awaitNanos(AbstractQueuedSynchronizer.java:1763)
        at java.base@21.0.6/java.util.concurrent.LinkedBlockingQueue.poll(LinkedBlockingQueue.java:460)
        at app//org.apache.hadoop.ipc.CallQueueManager.take(CallQueueManager.java:370)
        at app//org.apache.hadoop.ipc.Server$Handler.run(Server.java:3165)
"qtp1009893576-938" daemon prio=5 tid=938 timed_waiting
java.lang.Thread.State: TIMED_WAITING
        at java.base@21.0.6/jdk.internal.misc.Unsafe.park(Native Method)
        at java.base@21.0.6/java.util.concurrent.locks.LockSupport.parkNanos(LockSupport.java:269)
        at java.base@21.0.6/java.util.concurrent.locks.AbstractQueuedSynchronizer$ConditionObject.awaitNanos(AbstractQueuedSynchronizer.java:1763)
        at app//org.eclipse.jetty.util.BlockingArrayQueue.poll(BlockingArrayQueue.java:382)
        at app//org.eclipse.jetty.util.thread.QueuedThreadPool$Runner.idleJobPoll(QueuedThreadPool.java:974)
        at app//org.eclipse.jetty.util.thread.QueuedThreadPool$Runner.run(QueuedThreadPool.java:1018)
        at java.base@21.0.6/java.lang.Thread.runWith(Thread.java:1596)
        at java.base@21.0.6/java.lang.Thread.run(Thread.java:1583)
"46d11c6d-db9b-44c9-8985-212dd9cf6636-BlockDeletingService#2" daemon prio=5 tid=1827 in Object.wait()
java.lang.Thread.State: WAITING (on object monitor)
        at java.base@21.0.6/jdk.internal.misc.Unsafe.park(Native Method)
        at java.base@21.0.6/java.util.concurrent.locks.LockSupport.park(LockSupport.java:371)
        at java.base@21.0.6/java.util.concurrent.locks.AbstractQueuedSynchronizer$ConditionNode.block(AbstractQueuedSynchronizer.java:519)
        at java.base@21.0.6/java.util.concurrent.ForkJoinPool.unmanagedBlock(ForkJoinPool.java:3780)
        at java.base@21.0.6/java.util.concurrent.ForkJoinPool.managedBlock(ForkJoinPool.java:3725)
        at java.base@21.0.6/java.util.concurrent.locks.AbstractQueuedSynchronizer$ConditionObject.await(AbstractQueuedSynchronizer.java:1712)
        at java.base@21.0.6/java.util.concurrent.ScheduledThreadPoolExecutor$DelayedWorkQueue.take(ScheduledThreadPoolExecutor.java:1177)
        at java.base@21.0.6/java.util.concurrent.ScheduledThreadPoolExecutor$DelayedWorkQueue.take(ScheduledThreadPoolExecutor.java:899)
        at java.base@21.0.6/java.util.concurrent.ThreadPoolExecutor.getTask(ThreadPoolExecutor.java:1070)
        at java.base@21.0.6/java.util.concurrent.ThreadPoolExecutor.runWorker(ThreadPoolExecutor.java:1130)
        at java.base@21.0.6/java.util.concurrent.ThreadPoolExecutor$Worker.run(ThreadPoolExecutor.java:642)
        at java.base@21.0.6/java.lang.Thread.runWith(Thread.java:1596)
        at java.base@21.0.6/java.lang.Thread.run(Thread.java:1583)
"2dcfdddc-a76f-4d49-b174-7a2bddacee37@group-A68B45278972-SegmentedRaftLogWorker"  prio=5 tid=1244 timed_waiting
java.lang.Thread.State: TIMED_WAITING
        at java.base@21.0.6/jdk.internal.misc.Unsafe.park(Native Method)
        at java.base@21.0.6/java.util.concurrent.locks.LockSupport.parkNanos(LockSupport.java:269)
        at java.base@21.0.6/java.util.concurrent.locks.AbstractQueuedSynchronizer$ConditionObject.awaitNanos(AbstractQueuedSynchronizer.java:1763)
        at app//org.apache.ratis.util.DataBlockingQueue.poll(DataBlockingQueue.java:148)
        at app//org.apache.ratis.server.raftlog.segmented.SegmentedRaftLogWorker.run(SegmentedRaftLogWorker.java:307)
        at app//org.apache.ratis.server.raftlog.segmented.SegmentedRaftLogWorker$$Lambda/0x00007f7e9c334fd8.run(Unknown Source)
        at java.base@21.0.6/java.util.concurrent.Executors$RunnableAdapter.call(Executors.java:572)
        at java.base@21.0.6/java.util.concurrent.FutureTask.run(FutureTask.java:317)
        at java.base@21.0.6/java.util.concurrent.ThreadPoolExecutor.runWorker(ThreadPoolExecutor.java:1144)
        at java.base@21.0.6/java.util.concurrent.ThreadPoolExecutor$Worker.run(ThreadPoolExecutor.java:642)
        at java.base@21.0.6/java.lang.Thread.runWith(Thread.java:1596)
        at java.base@21.0.6/java.lang.Thread.run(Thread.java:1583)
"IPC Server handler 2 on default port 15001" daemon prio=5 tid=216 timed_waiting
java.lang.Thread.State: TIMED_WAITING
        at java.base@21.0.6/jdk.internal.misc.Unsafe.park(Native Method)
        at java.base@21.0.6/java.util.concurrent.locks.LockSupport.parkNanos(LockSupport.java:269)
        at java.base@21.0.6/java.util.concurrent.locks.AbstractQueuedSynchronizer$ConditionObject.awaitNanos(AbstractQueuedSynchronizer.java:1763)
        at java.base@21.0.6/java.util.concurrent.LinkedBlockingQueue.poll(LinkedBlockingQueue.java:460)
        at app//org.apache.hadoop.ipc.CallQueueManager.take(CallQueueManager.java:370)
        at app//org.apache.hadoop.ipc.Server$Handler.run(Server.java:3165)
"2fdf8a61-8d2a-4048-aa8e-d82d5837d34a-DatanodeReportManager-2" daemon prio=5 tid=786 in Object.wait()
java.lang.Thread.State: WAITING (on object monitor)
        at java.base@21.0.6/jdk.internal.misc.Unsafe.park(Native Method)
        at java.base@21.0.6/java.util.concurrent.locks.LockSupport.park(LockSupport.java:371)
        at java.base@21.0.6/java.util.concurrent.locks.AbstractQueuedSynchronizer$ConditionNode.block(AbstractQueuedSynchronizer.java:519)
        at java.base@21.0.6/java.util.concurrent.ForkJoinPool.unmanagedBlock(ForkJoinPool.java:3780)
        at java.base@21.0.6/java.util.concurrent.ForkJoinPool.managedBlock(ForkJoinPool.java:3725)
        at java.base@21.0.6/java.util.concurrent.locks.AbstractQueuedSynchronizer$ConditionObject.await(AbstractQueuedSynchronizer.java:1712)
        at java.base@21.0.6/java.util.concurrent.ScheduledThreadPoolExecutor$DelayedWorkQueue.take(ScheduledThreadPoolExecutor.java:1177)
        at java.base@21.0.6/java.util.concurrent.ScheduledThreadPoolExecutor$DelayedWorkQueue.take(ScheduledThreadPoolExecutor.java:899)
        at java.base@21.0.6/java.util.concurrent.ThreadPoolExecutor.getTask(ThreadPoolExecutor.java:1070)
        at java.base@21.0.6/java.util.concurrent.ThreadPoolExecutor.runWorker(ThreadPoolExecutor.java:1130)
        at java.base@21.0.6/java.util.concurrent.ThreadPoolExecutor$Worker.run(ThreadPoolExecutor.java:642)
        at java.base@21.0.6/java.lang.Thread.runWith(Thread.java:1596)
        at java.base@21.0.6/java.lang.Thread.run(Thread.java:1583)
"25fe7083-9332-4190-accf-9f4542114dd9@group-B5B4EE72DAEF-SegmentedRaftLogWorker" daemon prio=5 tid=2017 timed_waiting
java.lang.Thread.State: TIMED_WAITING
        at java.base@21.0.6/jdk.internal.misc.Unsafe.park(Native Method)
        at java.base@21.0.6/java.util.concurrent.locks.LockSupport.parkNanos(LockSupport.java:269)
        at java.base@21.0.6/java.util.concurrent.locks.AbstractQueuedSynchronizer$ConditionObject.awaitNanos(AbstractQueuedSynchronizer.java:1763)
        at app//org.apache.ratis.util.DataBlockingQueue.poll(DataBlockingQueue.java:148)
        at app//org.apache.ratis.server.raftlog.segmented.SegmentedRaftLogWorker.run(SegmentedRaftLogWorker.java:307)
        at app//org.apache.ratis.server.raftlog.segmented.SegmentedRaftLogWorker$$Lambda/0x00007f7e9c334fd8.run(Unknown Source)
        at java.base@21.0.6/java.util.concurrent.Executors$RunnableAdapter.call(Executors.java:572)
        at java.base@21.0.6/java.util.concurrent.FutureTask.run(FutureTask.java:317)
        at java.base@21.0.6/java.util.concurrent.ThreadPoolExecutor.runWorker(ThreadPoolExecutor.java:1144)
        at java.base@21.0.6/java.util.concurrent.ThreadPoolExecutor$Worker.run(ThreadPoolExecutor.java:642)
        at java.base@21.0.6/java.lang.Thread.runWith(Thread.java:1596)
        at java.base@21.0.6/java.lang.Thread.run(Thread.java:1583)
"IPC Server handler 4 on default port 15012" daemon prio=5 tid=2279 timed_waiting
java.lang.Thread.State: TIMED_WAITING
        at java.base@21.0.6/jdk.internal.misc.Unsafe.park(Native Method)
        at java.base@21.0.6/java.util.concurrent.locks.LockSupport.parkNanos(LockSupport.java:269)
        at java.base@21.0.6/java.util.concurrent.locks.AbstractQueuedSynchronizer$ConditionObject.awaitNanos(AbstractQueuedSynchronizer.java:1763)
        at java.base@21.0.6/java.util.concurrent.LinkedBlockingQueue.poll(LinkedBlockingQueue.java:460)
        at app//org.apache.hadoop.ipc.CallQueueManager.take(CallQueueManager.java:370)
        at app//org.apache.hadoop.ipc.Server$Handler.run(Server.java:3165)
"e20a886d-0459-4371-959f-f9bdb6931571-PipelineCommandHandlerThread-0"  prio=5 tid=1317 in Object.wait()
java.lang.Thread.State: WAITING (on object monitor)
        at java.base@21.0.6/jdk.internal.misc.Unsafe.park(Native Method)
        at java.base@21.0.6/java.util.concurrent.locks.LockSupport.park(LockSupport.java:371)
        at java.base@21.0.6/java.util.concurrent.locks.AbstractQueuedSynchronizer$ConditionNode.block(AbstractQueuedSynchronizer.java:519)
        at java.base@21.0.6/java.util.concurrent.ForkJoinPool.unmanagedBlock(ForkJoinPool.java:3780)
        at java.base@21.0.6/java.util.concurrent.ForkJoinPool.managedBlock(ForkJoinPool.java:3725)
        at java.base@21.0.6/java.util.concurrent.locks.AbstractQueuedSynchronizer$ConditionObject.await(AbstractQueuedSynchronizer.java:1712)
        at java.base@21.0.6/java.util.concurrent.LinkedBlockingQueue.take(LinkedBlockingQueue.java:435)
        at java.base@21.0.6/java.util.concurrent.ThreadPoolExecutor.getTask(ThreadPoolExecutor.java:1070)
        at java.base@21.0.6/java.util.concurrent.ThreadPoolExecutor.runWorker(ThreadPoolExecutor.java:1130)
        at java.base@21.0.6/java.util.concurrent.ThreadPoolExecutor$Worker.run(ThreadPoolExecutor.java:642)
        at java.base@21.0.6/java.lang.Thread.runWith(Thread.java:1596)
        at java.base@21.0.6/java.lang.Thread.run(Thread.java:1583)
"IPC Server handler 46 on default port 15000" daemon prio=5 tid=160 timed_waiting
java.lang.Thread.State: TIMED_WAITING
        at java.base@21.0.6/jdk.internal.misc.Unsafe.park(Native Method)
        at java.base@21.0.6/java.util.concurrent.locks.LockSupport.parkNanos(LockSupport.java:269)
        at java.base@21.0.6/java.util.concurrent.locks.AbstractQueuedSynchronizer$ConditionObject.awaitNanos(AbstractQueuedSynchronizer.java:1763)
        at java.base@21.0.6/java.util.concurrent.LinkedBlockingQueue.poll(LinkedBlockingQueue.java:460)
        at app//org.apache.hadoop.ipc.CallQueueManager.take(CallQueueManager.java:370)
        at app//org.apache.hadoop.ipc.Server$Handler.run(Server.java:3165)
"46d11c6d-db9b-44c9-8985-212dd9cf6636-NettyServerStreamRpc-bossGroup--thread1"  prio=5 tid=792 runnable
java.lang.Thread.State: RUNNABLE
        at app//org.apache.ratis.thirdparty.io.netty.channel.epoll.Native.epollWait(Native Method)
        at app//org.apache.ratis.thirdparty.io.netty.channel.epoll.Native.epollWait(Native.java:220)
        at app//org.apache.ratis.thirdparty.io.netty.channel.epoll.Native.epollWait(Native.java:213)
        at app//org.apache.ratis.thirdparty.io.netty.channel.epoll.EpollEventLoop.epollWaitNoTimerChange(EpollEventLoop.java:308)
        at app//org.apache.ratis.thirdparty.io.netty.channel.epoll.EpollEventLoop.run(EpollEventLoop.java:365)
        at app//org.apache.ratis.thirdparty.io.netty.util.concurrent.SingleThreadEventExecutor$4.run(SingleThreadEventExecutor.java:997)
        at app//org.apache.ratis.thirdparty.io.netty.util.internal.ThreadExecutorMap$2.run(ThreadExecutorMap.java:74)
        at java.base@21.0.6/java.lang.Thread.runWith(Thread.java:1596)
        at java.base@21.0.6/java.lang.Thread.run(Thread.java:1583)
"qtp538370932-1909" daemon prio=5 tid=1909 timed_waiting
java.lang.Thread.State: TIMED_WAITING
        at java.base@21.0.6/jdk.internal.misc.Unsafe.park(Native Method)
        at java.base@21.0.6/java.util.concurrent.locks.LockSupport.parkNanos(LockSupport.java:269)
        at java.base@21.0.6/java.util.concurrent.locks.AbstractQueuedSynchronizer$ConditionObject.awaitNanos(AbstractQueuedSynchronizer.java:1763)
        at app//org.eclipse.jetty.util.BlockingArrayQueue.poll(BlockingArrayQueue.java:382)
        at app//org.eclipse.jetty.util.thread.QueuedThreadPool$Runner.idleJobPoll(QueuedThreadPool.java:974)
        at app//org.eclipse.jetty.util.thread.QueuedThreadPool$Runner.run(QueuedThreadPool.java:1018)
        at java.base@21.0.6/java.lang.Thread.runWith(Thread.java:1596)
        at java.base@21.0.6/java.lang.Thread.run(Thread.java:1583)
"Socket Reader #3 for port 15030"  prio=5 tid=624 runnable
java.lang.Thread.State: RUNNABLE
        at java.base@21.0.6/sun.nio.ch.EPoll.wait(Native Method)
        at java.base@21.0.6/sun.nio.ch.EPollSelectorImpl.doSelect(EPollSelectorImpl.java:121)
        at java.base@21.0.6/sun.nio.ch.SelectorImpl.lockAndDoSelect(SelectorImpl.java:130)
        at java.base@21.0.6/sun.nio.ch.SelectorImpl.select(SelectorImpl.java:147)
        at app//org.apache.hadoop.ipc.Server$Listener$Reader.doRunLoop(Server.java:1497)
        at app//org.apache.hadoop.ipc.Server$Listener$Reader.run(Server.java:1476)
"eb965ba7-12a8-46f3-92c0-bc6ff5b3bf3b-BlockDeletingService#3" daemon prio=5 tid=2180 in Object.wait()
java.lang.Thread.State: WAITING (on object monitor)
        at java.base@21.0.6/jdk.internal.misc.Unsafe.park(Native Method)
        at java.base@21.0.6/java.util.concurrent.locks.LockSupport.park(LockSupport.java:371)
        at java.base@21.0.6/java.util.concurrent.locks.AbstractQueuedSynchronizer$ConditionNode.block(AbstractQueuedSynchronizer.java:519)
        at java.base@21.0.6/java.util.concurrent.ForkJoinPool.unmanagedBlock(ForkJoinPool.java:3780)
        at java.base@21.0.6/java.util.concurrent.ForkJoinPool.managedBlock(ForkJoinPool.java:3725)
        at java.base@21.0.6/java.util.concurrent.locks.AbstractQueuedSynchronizer$ConditionObject.await(AbstractQueuedSynchronizer.java:1712)
        at java.base@21.0.6/java.util.concurrent.ScheduledThreadPoolExecutor$DelayedWorkQueue.take(ScheduledThreadPoolExecutor.java:1177)
        at java.base@21.0.6/java.util.concurrent.ScheduledThreadPoolExecutor$DelayedWorkQueue.take(ScheduledThreadPoolExecutor.java:899)
        at java.base@21.0.6/java.util.concurrent.ThreadPoolExecutor.getTask(ThreadPoolExecutor.java:1070)
        at java.base@21.0.6/java.util.concurrent.ThreadPoolExecutor.runWorker(ThreadPoolExecutor.java:1130)
        at java.base@21.0.6/java.util.concurrent.ThreadPoolExecutor$Worker.run(ThreadPoolExecutor.java:642)
        at java.base@21.0.6/java.lang.Thread.runWith(Thread.java:1596)
        at java.base@21.0.6/java.lang.Thread.run(Thread.java:1583)
"Socket Reader #5 for port 15039"  prio=5 tid=672 runnable
java.lang.Thread.State: RUNNABLE
        at java.base@21.0.6/sun.nio.ch.EPoll.wait(Native Method)
        at java.base@21.0.6/sun.nio.ch.EPollSelectorImpl.doSelect(EPollSelectorImpl.java:121)
        at java.base@21.0.6/sun.nio.ch.SelectorImpl.lockAndDoSelect(SelectorImpl.java:130)
        at java.base@21.0.6/sun.nio.ch.SelectorImpl.select(SelectorImpl.java:147)
        at app//org.apache.hadoop.ipc.Server$Listener$Reader.doRunLoop(Server.java:1497)
        at app//org.apache.hadoop.ipc.Server$Listener$Reader.run(Server.java:1476)
"Socket Reader #7 for port 15000"  prio=5 tid=90 runnable
java.lang.Thread.State: RUNNABLE
        at java.base@21.0.6/sun.nio.ch.EPoll.wait(Native Method)
        at java.base@21.0.6/sun.nio.ch.EPollSelectorImpl.doSelect(EPollSelectorImpl.java:121)
        at java.base@21.0.6/sun.nio.ch.SelectorImpl.lockAndDoSelect(SelectorImpl.java:130)
        at java.base@21.0.6/sun.nio.ch.SelectorImpl.select(SelectorImpl.java:147)
        at app//org.apache.hadoop.ipc.Server$Listener$Reader.doRunLoop(Server.java:1497)
        at app//org.apache.hadoop.ipc.Server$Listener$Reader.run(Server.java:1476)
"IPC Server handler 87 on default port 15002" daemon prio=5 tid=419 timed_waiting
java.lang.Thread.State: TIMED_WAITING
        at java.base@21.0.6/jdk.internal.misc.Unsafe.park(Native Method)
        at java.base@21.0.6/java.util.concurrent.locks.LockSupport.parkNanos(LockSupport.java:269)
        at java.base@21.0.6/java.util.concurrent.locks.AbstractQueuedSynchronizer$ConditionObject.awaitNanos(AbstractQueuedSynchronizer.java:1763)
        at java.base@21.0.6/java.util.concurrent.LinkedBlockingQueue.poll(LinkedBlockingQueue.java:460)
        at app//org.apache.hadoop.ipc.CallQueueManager.take(CallQueueManager.java:370)
        at app//org.apache.hadoop.ipc.Server$Handler.run(Server.java:3165)
"25fe7083-9332-4190-accf-9f4542114dd9-DatanodeStateMachineTaskThread-1"  prio=5 tid=1944 in Object.wait()
java.lang.Thread.State: WAITING (on object monitor)
        at java.base@21.0.6/jdk.internal.misc.Unsafe.park(Native Method)
        at java.base@21.0.6/java.util.concurrent.locks.LockSupport.park(LockSupport.java:371)
        at java.base@21.0.6/java.util.concurrent.locks.AbstractQueuedSynchronizer$ConditionNode.block(AbstractQueuedSynchronizer.java:519)
        at java.base@21.0.6/java.util.concurrent.ForkJoinPool.unmanagedBlock(ForkJoinPool.java:3780)
        at java.base@21.0.6/java.util.concurrent.ForkJoinPool.managedBlock(ForkJoinPool.java:3725)
        at java.base@21.0.6/java.util.concurrent.locks.AbstractQueuedSynchronizer$ConditionObject.await(AbstractQueuedSynchronizer.java:1712)
        at java.base@21.0.6/java.util.concurrent.LinkedBlockingQueue.take(LinkedBlockingQueue.java:435)
        at java.base@21.0.6/java.util.concurrent.ThreadPoolExecutor.getTask(ThreadPoolExecutor.java:1070)
        at java.base@21.0.6/java.util.concurrent.ThreadPoolExecutor.runWorker(ThreadPoolExecutor.java:1130)
        at java.base@21.0.6/java.util.concurrent.ThreadPoolExecutor$Worker.run(ThreadPoolExecutor.java:642)
        at java.base@21.0.6/java.lang.Thread.runWith(Thread.java:1596)
        at java.base@21.0.6/java.lang.Thread.run(Thread.java:1583)
"qtp1705364626-660-acceptor-0@4069b837-ServerConnector@2a01bf0e{HTTP/1.1, (http/1.1)}{0.0.0.0:15038}" daemon prio=3 tid=660 runnable
java.lang.Thread.State: RUNNABLE
        at java.base@21.0.6/sun.nio.ch.Net.accept(Native Method)
        at java.base@21.0.6/sun.nio.ch.ServerSocketChannelImpl.implAccept(ServerSocketChannelImpl.java:433)
        at java.base@21.0.6/sun.nio.ch.ServerSocketChannelImpl.accept(ServerSocketChannelImpl.java:399)
        at app//org.eclipse.jetty.server.ServerConnector.accept(ServerConnector.java:388)
        at app//org.eclipse.jetty.server.AbstractConnector$Acceptor.run(AbstractConnector.java:704)
        at app//org.eclipse.jetty.util.thread.QueuedThreadPool.runJob(QueuedThreadPool.java:883)
        at app//org.eclipse.jetty.util.thread.QueuedThreadPool$Runner.run(QueuedThreadPool.java:1034)
        at java.base@21.0.6/java.lang.Thread.runWith(Thread.java:1596)
        at java.base@21.0.6/java.lang.Thread.run(Thread.java:1583)
"grpc-default-executor-0" daemon prio=5 tid=1176 timed_waiting
java.lang.Thread.State: TIMED_WAITING
        at java.base@21.0.6/jdk.internal.misc.Unsafe.park(Native Method)
        at java.base@21.0.6/java.util.concurrent.locks.LockSupport.parkNanos(LockSupport.java:410)
        at java.base@21.0.6/java.util.concurrent.LinkedTransferQueue$DualNode.await(LinkedTransferQueue.java:452)
        at java.base@21.0.6/java.util.concurrent.SynchronousQueue$Transferer.xferLifo(SynchronousQueue.java:194)
        at java.base@21.0.6/java.util.concurrent.SynchronousQueue.xfer(SynchronousQueue.java:235)
        at java.base@21.0.6/java.util.concurrent.SynchronousQueue.poll(SynchronousQueue.java:338)
        at java.base@21.0.6/java.util.concurrent.ThreadPoolExecutor.getTask(ThreadPoolExecutor.java:1069)
        at java.base@21.0.6/java.util.concurrent.ThreadPoolExecutor.runWorker(ThreadPoolExecutor.java:1130)
        at java.base@21.0.6/java.util.concurrent.ThreadPoolExecutor$Worker.run(ThreadPoolExecutor.java:642)
        at java.base@21.0.6/java.lang.Thread.runWith(Thread.java:1596)
        at java.base@21.0.6/java.lang.Thread.run(Thread.java:1583)
"ccfadb7c-9180-4c4b-b969-671c642a7bd3@group-CA8E8F8CF78E-FollowerState" daemon prio=5 tid=2090 timed_waiting
java.lang.Thread.State: TIMED_WAITING
        at java.base@21.0.6/java.lang.Thread.sleep0(Native Method)
        at java.base@21.0.6/java.lang.Thread.sleep(Thread.java:558)
        at java.base@21.0.6/java.util.concurrent.TimeUnit.sleep(TimeUnit.java:446)
        at app//org.apache.ratis.util.TimeDuration.sleep(TimeDuration.java:353)
        at app//org.apache.ratis.util.TimeDuration.sleep(TimeDuration.java:338)
        at app//org.apache.ratis.server.impl.FollowerState.runImpl(FollowerState.java:149)
        at app//org.apache.ratis.server.impl.FollowerState.run(FollowerState.java:130)
"Socket Reader #5 for port 15002"  prio=5 tid=60 runnable
java.lang.Thread.State: RUNNABLE
        at java.base@21.0.6/sun.nio.ch.EPoll.wait(Native Method)
        at java.base@21.0.6/sun.nio.ch.EPollSelectorImpl.doSelect(EPollSelectorImpl.java:121)
        at java.base@21.0.6/sun.nio.ch.SelectorImpl.lockAndDoSelect(SelectorImpl.java:130)
        at java.base@21.0.6/sun.nio.ch.SelectorImpl.select(SelectorImpl.java:147)
        at app//org.apache.hadoop.ipc.Server$Listener$Reader.doRunLoop(Server.java:1497)
        at app//org.apache.hadoop.ipc.Server$Listener$Reader.run(Server.java:1476)
"e20a886d-0459-4371-959f-f9bdb6931571-CommandProcessorThread" daemon prio=5 tid=880 timed_waiting
java.lang.Thread.State: TIMED_WAITING
        at java.base@21.0.6/java.lang.Thread.sleep0(Native Method)
        at java.base@21.0.6/java.lang.Thread.sleep(Thread.java:509)
        at app//org.apache.hadoop.ozone.container.common.statemachine.DatanodeStateMachine.lambda$initCommandHandlerThread$4(DatanodeStateMachine.java:669)
        at app//org.apache.hadoop.ozone.container.common.statemachine.DatanodeStateMachine$$Lambda/0x00007f7e9c7d6b80.run(Unknown Source)
        at java.base@21.0.6/java.lang.Thread.runWith(Thread.java:1596)
        at java.base@21.0.6/java.lang.Thread.run(Thread.java:1583)
"ccfadb7c-9180-4c4b-b969-671c642a7bd3@group-B04885C1B125-SegmentedRaftLogWorker"  prio=5 tid=1348 timed_waiting
java.lang.Thread.State: TIMED_WAITING
        at java.base@21.0.6/jdk.internal.misc.Unsafe.park(Native Method)
        at java.base@21.0.6/java.util.concurrent.locks.LockSupport.parkNanos(LockSupport.java:269)
        at java.base@21.0.6/java.util.concurrent.locks.AbstractQueuedSynchronizer$ConditionObject.awaitNanos(AbstractQueuedSynchronizer.java:1763)
        at app//org.apache.ratis.util.DataBlockingQueue.poll(DataBlockingQueue.java:148)
        at app//org.apache.ratis.server.raftlog.segmented.SegmentedRaftLogWorker.run(SegmentedRaftLogWorker.java:307)
        at app//org.apache.ratis.server.raftlog.segmented.SegmentedRaftLogWorker$$Lambda/0x00007f7e9c334fd8.run(Unknown Source)
        at java.base@21.0.6/java.util.concurrent.Executors$RunnableAdapter.call(Executors.java:572)
        at java.base@21.0.6/java.util.concurrent.FutureTask.run(FutureTask.java:317)
        at java.base@21.0.6/java.util.concurrent.ThreadPoolExecutor.runWorker(ThreadPoolExecutor.java:1144)
        at java.base@21.0.6/java.util.concurrent.ThreadPoolExecutor$Worker.run(ThreadPoolExecutor.java:642)
        at java.base@21.0.6/java.lang.Thread.runWith(Thread.java:1596)
        at java.base@21.0.6/java.lang.Thread.run(Thread.java:1583)
"6b36f32d-918c-46a3-bfcb-888cb423c6dd-ChunkWriter-3-0" daemon prio=5 tid=1005 in Object.wait()
java.lang.Thread.State: WAITING (on object monitor)
        at java.base@21.0.6/jdk.internal.misc.Unsafe.park(Native Method)
        at java.base@21.0.6/java.util.concurrent.locks.LockSupport.park(LockSupport.java:371)
        at java.base@21.0.6/java.util.concurrent.locks.AbstractQueuedSynchronizer$ConditionNode.block(AbstractQueuedSynchronizer.java:519)
        at java.base@21.0.6/java.util.concurrent.ForkJoinPool.unmanagedBlock(ForkJoinPool.java:3780)
        at java.base@21.0.6/java.util.concurrent.ForkJoinPool.managedBlock(ForkJoinPool.java:3725)
        at java.base@21.0.6/java.util.concurrent.locks.AbstractQueuedSynchronizer$ConditionObject.await(AbstractQueuedSynchronizer.java:1712)
        at java.base@21.0.6/java.util.concurrent.LinkedBlockingDeque.takeFirst(LinkedBlockingDeque.java:485)
        at java.base@21.0.6/java.util.concurrent.LinkedBlockingDeque.take(LinkedBlockingDeque.java:673)
        at java.base@21.0.6/java.util.concurrent.ThreadPoolExecutor.getTask(ThreadPoolExecutor.java:1070)
        at java.base@21.0.6/java.util.concurrent.ThreadPoolExecutor.runWorker(ThreadPoolExecutor.java:1130)
        at java.base@21.0.6/java.util.concurrent.ThreadPoolExecutor$Worker.run(ThreadPoolExecutor.java:642)
        at java.base@21.0.6/java.lang.Thread.runWith(Thread.java:1596)
        at java.base@21.0.6/java.lang.Thread.run(Thread.java:1583)
"JvmPauseMonitor1" daemon prio=5 tid=111 timed_waiting
java.lang.Thread.State: TIMED_WAITING
        at java.base@21.0.6/java.lang.Thread.sleep0(Native Method)
        at java.base@21.0.6/java.lang.Thread.sleep(Thread.java:558)
        at java.base@21.0.6/java.util.concurrent.TimeUnit.sleep(TimeUnit.java:446)
        at app//org.apache.ratis.util.TimeDuration.sleep(TimeDuration.java:353)
        at app//org.apache.ratis.util.TimeDuration.sleep(TimeDuration.java:338)
        at app//org.apache.ratis.util.JvmPauseMonitor.detectPause(JvmPauseMonitor.java:160)
        at app//org.apache.ratis.util.JvmPauseMonitor.run(JvmPauseMonitor.java:149)
        at app//org.apache.ratis.util.JvmPauseMonitor$$Lambda/0x00007f7e9c38d5c8.run(Unknown Source)
        at java.base@21.0.6/java.lang.Thread.runWith(Thread.java:1596)
        at java.base@21.0.6/java.lang.Thread.run(Thread.java:1583)
"49dd84ae-7ec9-4d92-bc53-345946144fea-DataNodeDiskCheckerThread-0" daemon prio=5 tid=2308 timed_waiting
java.lang.Thread.State: TIMED_WAITING
        at java.base@21.0.6/jdk.internal.misc.Unsafe.park(Native Method)
        at java.base@21.0.6/java.util.concurrent.locks.LockSupport.parkNanos(LockSupport.java:410)
        at java.base@21.0.6/java.util.concurrent.LinkedTransferQueue$DualNode.await(LinkedTransferQueue.java:452)
        at java.base@21.0.6/java.util.concurrent.SynchronousQueue$Transferer.xferLifo(SynchronousQueue.java:194)
        at java.base@21.0.6/java.util.concurrent.SynchronousQueue.xfer(SynchronousQueue.java:235)
        at java.base@21.0.6/java.util.concurrent.SynchronousQueue.poll(SynchronousQueue.java:338)
        at java.base@21.0.6/java.util.concurrent.ThreadPoolExecutor.getTask(ThreadPoolExecutor.java:1069)
        at java.base@21.0.6/java.util.concurrent.ThreadPoolExecutor.runWorker(ThreadPoolExecutor.java:1130)
        at java.base@21.0.6/java.util.concurrent.ThreadPoolExecutor$Worker.run(ThreadPoolExecutor.java:642)
        at java.base@21.0.6/java.lang.Thread.runWith(Thread.java:1596)
        at java.base@21.0.6/java.lang.Thread.run(Thread.java:1583)
"qtp1616906553-705" daemon prio=5 tid=705 runnable
java.lang.Thread.State: RUNNABLE
        at java.base@21.0.6/sun.nio.ch.EPoll.wait(Native Method)
        at java.base@21.0.6/sun.nio.ch.EPollSelectorImpl.doSelect(EPollSelectorImpl.java:121)
        at java.base@21.0.6/sun.nio.ch.SelectorImpl.lockAndDoSelect(SelectorImpl.java:130)
        at java.base@21.0.6/sun.nio.ch.SelectorImpl.select(SelectorImpl.java:147)
        at app//org.eclipse.jetty.io.ManagedSelector.nioSelect(ManagedSelector.java:183)
        at app//org.eclipse.jetty.io.ManagedSelector.select(ManagedSelector.java:190)
        at app//org.eclipse.jetty.io.ManagedSelector$SelectorProducer.select(ManagedSelector.java:606)
        at app//org.eclipse.jetty.io.ManagedSelector$SelectorProducer.produce(ManagedSelector.java:543)
        at app//org.eclipse.jetty.util.thread.strategy.EatWhatYouKill.produceTask(EatWhatYouKill.java:362)
        at app//org.eclipse.jetty.util.thread.strategy.EatWhatYouKill.doProduce(EatWhatYouKill.java:186)
        at app//org.eclipse.jetty.util.thread.strategy.EatWhatYouKill.tryProduce(EatWhatYouKill.java:173)
        at app//org.eclipse.jetty.util.thread.strategy.EatWhatYouKill.produce(EatWhatYouKill.java:137)
        at app//org.eclipse.jetty.io.ManagedSelector$$Lambda/0x00007f7e9c660000.run(Unknown Source)
        at app//org.eclipse.jetty.util.thread.QueuedThreadPool.runJob(QueuedThreadPool.java:883)
        at app//org.eclipse.jetty.util.thread.QueuedThreadPool$Runner.run(QueuedThreadPool.java:1034)
        at java.base@21.0.6/java.lang.Thread.runWith(Thread.java:1596)
        at java.base@21.0.6/java.lang.Thread.run(Thread.java:1583)
"42086d8c-c943-47d6-a5f9-799709872375-ChunkReader-6" daemon prio=5 tid=2166 in Object.wait()
java.lang.Thread.State: WAITING (on object monitor)
        at java.base@21.0.6/jdk.internal.misc.Unsafe.park(Native Method)
        at java.base@21.0.6/java.util.concurrent.locks.LockSupport.park(LockSupport.java:371)
        at java.base@21.0.6/java.util.concurrent.locks.AbstractQueuedSynchronizer$ConditionNode.block(AbstractQueuedSynchronizer.java:519)
        at java.base@21.0.6/java.util.concurrent.ForkJoinPool.unmanagedBlock(ForkJoinPool.java:3780)
        at java.base@21.0.6/java.util.concurrent.ForkJoinPool.managedBlock(ForkJoinPool.java:3725)
        at java.base@21.0.6/java.util.concurrent.locks.AbstractQueuedSynchronizer$ConditionObject.await(AbstractQueuedSynchronizer.java:1712)
        at java.base@21.0.6/java.util.concurrent.LinkedBlockingQueue.take(LinkedBlockingQueue.java:435)
        at java.base@21.0.6/java.util.concurrent.ThreadPoolExecutor.getTask(ThreadPoolExecutor.java:1070)
        at java.base@21.0.6/java.util.concurrent.ThreadPoolExecutor.runWorker(ThreadPoolExecutor.java:1130)
        at java.base@21.0.6/java.util.concurrent.ThreadPoolExecutor$Worker.run(ThreadPoolExecutor.java:642)
        at java.base@21.0.6/java.lang.Thread.runWith(Thread.java:1596)
        at java.base@21.0.6/java.lang.Thread.run(Thread.java:1583)
"IPC Server handler 33 on default port 15002" daemon prio=5 tid=365 timed_waiting
java.lang.Thread.State: TIMED_WAITING
        at java.base@21.0.6/jdk.internal.misc.Unsafe.park(Native Method)
        at java.base@21.0.6/java.util.concurrent.locks.LockSupport.parkNanos(LockSupport.java:269)
        at java.base@21.0.6/java.util.concurrent.locks.AbstractQueuedSynchronizer$ConditionObject.awaitNanos(AbstractQueuedSynchronizer.java:1763)
        at java.base@21.0.6/java.util.concurrent.LinkedBlockingQueue.poll(LinkedBlockingQueue.java:460)
        at app//org.apache.hadoop.ipc.CallQueueManager.take(CallQueueManager.java:370)
        at app//org.apache.hadoop.ipc.Server$Handler.run(Server.java:3165)
"Socket Reader #9 for port 15021"  prio=5 tid=582 runnable
java.lang.Thread.State: RUNNABLE
        at java.base@21.0.6/sun.nio.ch.EPoll.wait(Native Method)
        at java.base@21.0.6/sun.nio.ch.EPollSelectorImpl.doSelect(EPollSelectorImpl.java:121)
        at java.base@21.0.6/sun.nio.ch.SelectorImpl.lockAndDoSelect(SelectorImpl.java:130)
        at java.base@21.0.6/sun.nio.ch.SelectorImpl.select(SelectorImpl.java:147)
        at app//org.apache.hadoop.ipc.Server$Listener$Reader.doRunLoop(Server.java:1497)
        at app//org.apache.hadoop.ipc.Server$Listener$Reader.run(Server.java:1476)
"IPC Server handler 88 on default port 15000" daemon prio=5 tid=202 timed_waiting
java.lang.Thread.State: TIMED_WAITING
        at java.base@21.0.6/jdk.internal.misc.Unsafe.park(Native Method)
        at java.base@21.0.6/java.util.concurrent.locks.LockSupport.parkNanos(LockSupport.java:269)
        at java.base@21.0.6/java.util.concurrent.locks.AbstractQueuedSynchronizer$ConditionObject.awaitNanos(AbstractQueuedSynchronizer.java:1763)
        at java.base@21.0.6/java.util.concurrent.LinkedBlockingQueue.poll(LinkedBlockingQueue.java:460)
        at app//org.apache.hadoop.ipc.CallQueueManager.take(CallQueueManager.java:370)
        at app//org.apache.hadoop.ipc.Server$Handler.run(Server.java:3165)
"eb965ba7-12a8-46f3-92c0-bc6ff5b3bf3b@group-4434D0010B67-SegmentedRaftLogWorker" daemon prio=5 tid=2351 timed_waiting
java.lang.Thread.State: TIMED_WAITING
        at java.base@21.0.6/jdk.internal.misc.Unsafe.park(Native Method)
        at java.base@21.0.6/java.util.concurrent.locks.LockSupport.parkNanos(LockSupport.java:269)
        at java.base@21.0.6/java.util.concurrent.locks.AbstractQueuedSynchronizer$ConditionObject.awaitNanos(AbstractQueuedSynchronizer.java:1763)
        at app//org.apache.ratis.util.DataBlockingQueue.poll(DataBlockingQueue.java:148)
        at app//org.apache.ratis.server.raftlog.segmented.SegmentedRaftLogWorker.run(SegmentedRaftLogWorker.java:307)
        at app//org.apache.ratis.server.raftlog.segmented.SegmentedRaftLogWorker$$Lambda/0x00007f7e9c334fd8.run(Unknown Source)
        at java.base@21.0.6/java.util.concurrent.Executors$RunnableAdapter.call(Executors.java:572)
        at java.base@21.0.6/java.util.concurrent.FutureTask.run(FutureTask.java:317)
        at java.base@21.0.6/java.util.concurrent.ThreadPoolExecutor.runWorker(ThreadPoolExecutor.java:1144)
        at java.base@21.0.6/java.util.concurrent.ThreadPoolExecutor$Worker.run(ThreadPoolExecutor.java:642)
        at java.base@21.0.6/java.lang.Thread.runWith(Thread.java:1596)
        at java.base@21.0.6/java.lang.Thread.run(Thread.java:1583)
"IPC Server handler 71 on default port 15002" daemon prio=5 tid=403 timed_waiting
java.lang.Thread.State: TIMED_WAITING
        at java.base@21.0.6/jdk.internal.misc.Unsafe.park(Native Method)
        at java.base@21.0.6/java.util.concurrent.locks.LockSupport.parkNanos(LockSupport.java:269)
        at java.base@21.0.6/java.util.concurrent.locks.AbstractQueuedSynchronizer$ConditionObject.awaitNanos(AbstractQueuedSynchronizer.java:1763)
        at java.base@21.0.6/java.util.concurrent.LinkedBlockingQueue.poll(LinkedBlockingQueue.java:460)
        at app//org.apache.hadoop.ipc.CallQueueManager.take(CallQueueManager.java:370)
        at app//org.apache.hadoop.ipc.Server$Handler.run(Server.java:3165)
"StaleRecoveringContainerScrubbingService#1" daemon prio=5 tid=1118 in Object.wait()
java.lang.Thread.State: WAITING (on object monitor)
        at java.base@21.0.6/jdk.internal.misc.Unsafe.park(Native Method)
        at java.base@21.0.6/java.util.concurrent.locks.LockSupport.park(LockSupport.java:371)
        at java.base@21.0.6/java.util.concurrent.locks.AbstractQueuedSynchronizer$ConditionNode.block(AbstractQueuedSynchronizer.java:519)
        at java.base@21.0.6/java.util.concurrent.ForkJoinPool.unmanagedBlock(ForkJoinPool.java:3780)
        at java.base@21.0.6/java.util.concurrent.ForkJoinPool.managedBlock(ForkJoinPool.java:3725)
        at java.base@21.0.6/java.util.concurrent.locks.AbstractQueuedSynchronizer$ConditionObject.await(AbstractQueuedSynchronizer.java:1712)
        at java.base@21.0.6/java.util.concurrent.ScheduledThreadPoolExecutor$DelayedWorkQueue.take(ScheduledThreadPoolExecutor.java:1177)
        at java.base@21.0.6/java.util.concurrent.ScheduledThreadPoolExecutor$DelayedWorkQueue.take(ScheduledThreadPoolExecutor.java:899)
        at java.base@21.0.6/java.util.concurrent.ThreadPoolExecutor.getTask(ThreadPoolExecutor.java:1070)
        at java.base@21.0.6/java.util.concurrent.ThreadPoolExecutor.runWorker(ThreadPoolExecutor.java:1130)
        at java.base@21.0.6/java.util.concurrent.ThreadPoolExecutor$Worker.run(ThreadPoolExecutor.java:642)
        at java.base@21.0.6/java.lang.Thread.runWith(Thread.java:1596)
        at java.base@21.0.6/java.lang.Thread.run(Thread.java:1583)
"pool-64-thread-1"  prio=5 tid=481 timed_waiting
java.lang.Thread.State: TIMED_WAITING
        at java.base@21.0.6/jdk.internal.misc.Unsafe.park(Native Method)
        at java.base@21.0.6/java.util.concurrent.locks.LockSupport.parkNanos(LockSupport.java:269)
        at java.base@21.0.6/java.util.concurrent.locks.AbstractQueuedSynchronizer$ConditionObject.awaitNanos(AbstractQueuedSynchronizer.java:1763)
        at java.base@21.0.6/java.util.concurrent.ScheduledThreadPoolExecutor$DelayedWorkQueue.take(ScheduledThreadPoolExecutor.java:1182)
        at java.base@21.0.6/java.util.concurrent.ScheduledThreadPoolExecutor$DelayedWorkQueue.take(ScheduledThreadPoolExecutor.java:899)
        at java.base@21.0.6/java.util.concurrent.ThreadPoolExecutor.getTask(ThreadPoolExecutor.java:1070)
        at java.base@21.0.6/java.util.concurrent.ThreadPoolExecutor.runWorker(ThreadPoolExecutor.java:1130)
        at java.base@21.0.6/java.util.concurrent.ThreadPoolExecutor$Worker.run(ThreadPoolExecutor.java:642)
        at java.base@21.0.6/java.lang.Thread.runWith(Thread.java:1596)
        at java.base@21.0.6/java.lang.Thread.run(Thread.java:1583)
"IPC Server handler 31 on default port 15001" daemon prio=5 tid=245 timed_waiting
java.lang.Thread.State: TIMED_WAITING
        at java.base@21.0.6/jdk.internal.misc.Unsafe.park(Native Method)
        at java.base@21.0.6/java.util.concurrent.locks.LockSupport.parkNanos(LockSupport.java:269)
        at java.base@21.0.6/java.util.concurrent.locks.AbstractQueuedSynchronizer$ConditionObject.awaitNanos(AbstractQueuedSynchronizer.java:1763)
        at java.base@21.0.6/java.util.concurrent.LinkedBlockingQueue.poll(LinkedBlockingQueue.java:460)
        at app//org.apache.hadoop.ipc.CallQueueManager.take(CallQueueManager.java:370)
        at app//org.apache.hadoop.ipc.Server$Handler.run(Server.java:3165)
"IPC Server handler 2 on default port 15066" daemon prio=5 tid=821 timed_waiting
java.lang.Thread.State: TIMED_WAITING
        at java.base@21.0.6/jdk.internal.misc.Unsafe.park(Native Method)
        at java.base@21.0.6/java.util.concurrent.locks.LockSupport.parkNanos(LockSupport.java:269)
        at java.base@21.0.6/java.util.concurrent.locks.AbstractQueuedSynchronizer$ConditionObject.awaitNanos(AbstractQueuedSynchronizer.java:1763)
        at java.base@21.0.6/java.util.concurrent.LinkedBlockingQueue.poll(LinkedBlockingQueue.java:460)
        at app//org.apache.hadoop.ipc.CallQueueManager.take(CallQueueManager.java:370)
        at app//org.apache.hadoop.ipc.Server$Handler.run(Server.java:3165)
"qtp2029305492-610" daemon prio=5 tid=610 runnable
java.lang.Thread.State: RUNNABLE
        at java.base@21.0.6/sun.nio.ch.EPoll.wait(Native Method)
        at java.base@21.0.6/sun.nio.ch.EPollSelectorImpl.doSelect(EPollSelectorImpl.java:121)
        at java.base@21.0.6/sun.nio.ch.SelectorImpl.lockAndDoSelect(SelectorImpl.java:130)
        at java.base@21.0.6/sun.nio.ch.SelectorImpl.select(SelectorImpl.java:147)
        at app//org.eclipse.jetty.io.ManagedSelector.nioSelect(ManagedSelector.java:183)
        at app//org.eclipse.jetty.io.ManagedSelector.select(ManagedSelector.java:190)
        at app//org.eclipse.jetty.io.ManagedSelector$SelectorProducer.select(ManagedSelector.java:606)
        at app//org.eclipse.jetty.io.ManagedSelector$SelectorProducer.produce(ManagedSelector.java:543)
        at app//org.eclipse.jetty.util.thread.strategy.EatWhatYouKill.produceTask(EatWhatYouKill.java:362)
        at app//org.eclipse.jetty.util.thread.strategy.EatWhatYouKill.doProduce(EatWhatYouKill.java:186)
        at app//org.eclipse.jetty.util.thread.strategy.EatWhatYouKill.tryProduce(EatWhatYouKill.java:173)
        at app//org.eclipse.jetty.util.thread.strategy.EatWhatYouKill.produce(EatWhatYouKill.java:137)
        at app//org.eclipse.jetty.io.ManagedSelector$$Lambda/0x00007f7e9c660000.run(Unknown Source)
        at app//org.eclipse.jetty.util.thread.QueuedThreadPool.runJob(QueuedThreadPool.java:883)
        at app//org.eclipse.jetty.util.thread.QueuedThreadPool$Runner.run(QueuedThreadPool.java:1034)
        at java.base@21.0.6/java.lang.Thread.runWith(Thread.java:1596)
        at java.base@21.0.6/java.lang.Thread.run(Thread.java:1583)
"2dcfdddc-a76f-4d49-b174-7a2bddacee37@group-A68B45278972-cacheEviction-AwaitToRun" daemon prio=5 tid=1243 in Object.wait()
java.lang.Thread.State: WAITING (on object monitor)
        at java.base@21.0.6/jdk.internal.misc.Unsafe.park(Native Method)
        at java.base@21.0.6/java.util.concurrent.locks.LockSupport.park(LockSupport.java:371)
        at java.base@21.0.6/java.util.concurrent.locks.AbstractQueuedSynchronizer$ConditionNode.block(AbstractQueuedSynchronizer.java:519)
        at java.base@21.0.6/java.util.concurrent.ForkJoinPool.unmanagedBlock(ForkJoinPool.java:3780)
        at java.base@21.0.6/java.util.concurrent.ForkJoinPool.managedBlock(ForkJoinPool.java:3725)
        at java.base@21.0.6/java.util.concurrent.locks.AbstractQueuedSynchronizer$ConditionObject.await(AbstractQueuedSynchronizer.java:1712)
        at app//org.apache.ratis.util.AwaitForSignal.await(AwaitForSignal.java:48)
        at app//org.apache.ratis.util.AwaitToRun$RunnableImpl.run(AwaitToRun.java:47)
        at java.base@21.0.6/java.lang.Thread.runWith(Thread.java:1596)
        at java.base@21.0.6/java.lang.Thread.run(Thread.java:1583)
"IPC Server handler 22 on default port 15000" daemon prio=5 tid=136 timed_waiting
java.lang.Thread.State: TIMED_WAITING
        at java.base@21.0.6/jdk.internal.misc.Unsafe.park(Native Method)
        at java.base@21.0.6/java.util.concurrent.locks.LockSupport.parkNanos(LockSupport.java:269)
        at java.base@21.0.6/java.util.concurrent.locks.AbstractQueuedSynchronizer$ConditionObject.awaitNanos(AbstractQueuedSynchronizer.java:1763)
        at java.base@21.0.6/java.util.concurrent.LinkedBlockingQueue.poll(LinkedBlockingQueue.java:460)
        at app//org.apache.hadoop.ipc.CallQueueManager.take(CallQueueManager.java:370)
        at app//org.apache.hadoop.ipc.Server$Handler.run(Server.java:3165)
"2dcfdddc-a76f-4d49-b174-7a2bddacee37-ContainerOp-9e09d6a8-9742-4eee-8124-a68b45278972-5"  prio=5 tid=2148 in Object.wait()
java.lang.Thread.State: WAITING (on object monitor)
        at java.base@21.0.6/jdk.internal.misc.Unsafe.park(Native Method)
        at java.base@21.0.6/java.util.concurrent.locks.LockSupport.park(LockSupport.java:371)
        at java.base@21.0.6/java.util.concurrent.locks.AbstractQueuedSynchronizer$ConditionNode.block(AbstractQueuedSynchronizer.java:519)
        at java.base@21.0.6/java.util.concurrent.ForkJoinPool.unmanagedBlock(ForkJoinPool.java:3780)
        at java.base@21.0.6/java.util.concurrent.ForkJoinPool.managedBlock(ForkJoinPool.java:3725)
        at java.base@21.0.6/java.util.concurrent.locks.AbstractQueuedSynchronizer$ConditionObject.await(AbstractQueuedSynchronizer.java:1712)
        at java.base@21.0.6/java.util.concurrent.LinkedBlockingQueue.take(LinkedBlockingQueue.java:435)
        at java.base@21.0.6/java.util.concurrent.ThreadPoolExecutor.getTask(ThreadPoolExecutor.java:1070)
        at java.base@21.0.6/java.util.concurrent.ThreadPoolExecutor.runWorker(ThreadPoolExecutor.java:1130)
        at java.base@21.0.6/java.util.concurrent.ThreadPoolExecutor$Worker.run(ThreadPoolExecutor.java:642)
        at java.base@21.0.6/java.lang.Thread.runWith(Thread.java:1596)
        at java.base@21.0.6/java.lang.Thread.run(Thread.java:1583)
"e20a886d-0459-4371-959f-f9bdb6931571@group-3A2BF5D858B4-FollowerState" daemon prio=5 tid=2383 timed_waiting
java.lang.Thread.State: TIMED_WAITING
        at java.base@21.0.6/java.lang.Thread.sleep0(Native Method)
        at java.base@21.0.6/java.lang.Thread.sleep(Thread.java:558)
        at java.base@21.0.6/java.util.concurrent.TimeUnit.sleep(TimeUnit.java:446)
        at app//org.apache.ratis.util.TimeDuration.sleep(TimeDuration.java:353)
        at app//org.apache.ratis.util.TimeDuration.sleep(TimeDuration.java:338)
        at app//org.apache.ratis.server.impl.FollowerState.runImpl(FollowerState.java:149)
        at app//org.apache.ratis.server.impl.FollowerState.run(FollowerState.java:130)
"IPC Server handler 47 on default port 15000" daemon prio=5 tid=161 timed_waiting
java.lang.Thread.State: TIMED_WAITING
        at java.base@21.0.6/jdk.internal.misc.Unsafe.park(Native Method)
        at java.base@21.0.6/java.util.concurrent.locks.LockSupport.parkNanos(LockSupport.java:269)
        at java.base@21.0.6/java.util.concurrent.locks.AbstractQueuedSynchronizer$ConditionObject.awaitNanos(AbstractQueuedSynchronizer.java:1763)
        at java.base@21.0.6/java.util.concurrent.LinkedBlockingQueue.poll(LinkedBlockingQueue.java:460)
        at app//org.apache.hadoop.ipc.CallQueueManager.take(CallQueueManager.java:370)
        at app//org.apache.hadoop.ipc.Server$Handler.run(Server.java:3165)
"e20a886d-0459-4371-959f-f9bdb6931571-server-thread1" daemon prio=5 tid=2388 timed_waiting
java.lang.Thread.State: TIMED_WAITING
        at java.base@21.0.6/jdk.internal.misc.Unsafe.park(Native Method)
        at java.base@21.0.6/java.util.concurrent.locks.LockSupport.parkNanos(LockSupport.java:410)
        at java.base@21.0.6/java.util.concurrent.LinkedTransferQueue$DualNode.await(LinkedTransferQueue.java:452)
        at java.base@21.0.6/java.util.concurrent.SynchronousQueue$Transferer.xferLifo(SynchronousQueue.java:194)
        at java.base@21.0.6/java.util.concurrent.SynchronousQueue.xfer(SynchronousQueue.java:235)
        at java.base@21.0.6/java.util.concurrent.SynchronousQueue.poll(SynchronousQueue.java:338)
        at java.base@21.0.6/java.util.concurrent.ThreadPoolExecutor.getTask(ThreadPoolExecutor.java:1069)
        at java.base@21.0.6/java.util.concurrent.ThreadPoolExecutor.runWorker(ThreadPoolExecutor.java:1130)
        at java.base@21.0.6/java.util.concurrent.ThreadPoolExecutor$Worker.run(ThreadPoolExecutor.java:642)
        at java.base@21.0.6/java.lang.Thread.runWith(Thread.java:1596)
        at java.base@21.0.6/java.lang.Thread.run(Thread.java:1583)
"IPC Server handler 92 on default port 15000" daemon prio=5 tid=206 timed_waiting
java.lang.Thread.State: TIMED_WAITING
        at java.base@21.0.6/jdk.internal.misc.Unsafe.park(Native Method)
        at java.base@21.0.6/java.util.concurrent.locks.LockSupport.parkNanos(LockSupport.java:269)
        at java.base@21.0.6/java.util.concurrent.locks.AbstractQueuedSynchronizer$ConditionObject.awaitNanos(AbstractQueuedSynchronizer.java:1763)
        at java.base@21.0.6/java.util.concurrent.LinkedBlockingQueue.poll(LinkedBlockingQueue.java:460)
        at app//org.apache.hadoop.ipc.CallQueueManager.take(CallQueueManager.java:370)
        at app//org.apache.hadoop.ipc.Server$Handler.run(Server.java:3165)
"Hadoop-Metrics-Updater-0" daemon prio=5 tid=772 timed_waiting
java.lang.Thread.State: TIMED_WAITING
        at java.base@21.0.6/jdk.internal.misc.Unsafe.park(Native Method)
        at java.base@21.0.6/java.util.concurrent.locks.LockSupport.parkNanos(LockSupport.java:269)
        at java.base@21.0.6/java.util.concurrent.locks.AbstractQueuedSynchronizer$ConditionObject.awaitNanos(AbstractQueuedSynchronizer.java:1763)
        at java.base@21.0.6/java.util.concurrent.ScheduledThreadPoolExecutor$DelayedWorkQueue.take(ScheduledThreadPoolExecutor.java:1182)
        at java.base@21.0.6/java.util.concurrent.ScheduledThreadPoolExecutor$DelayedWorkQueue.take(ScheduledThreadPoolExecutor.java:899)
        at java.base@21.0.6/java.util.concurrent.ThreadPoolExecutor.getTask(ThreadPoolExecutor.java:1070)
        at java.base@21.0.6/java.util.concurrent.ThreadPoolExecutor.runWorker(ThreadPoolExecutor.java:1130)
        at java.base@21.0.6/java.util.concurrent.ThreadPoolExecutor$Worker.run(ThreadPoolExecutor.java:642)
        at java.base@21.0.6/java.lang.Thread.runWith(Thread.java:1596)
        at java.base@21.0.6/java.lang.Thread.run(Thread.java:1583)
"IPC Server idle connection scanner for port 15066" daemon prio=5 tid=816 timed_waiting
java.lang.Thread.State: TIMED_WAITING
        at java.base@21.0.6/java.lang.Object.wait0(Native Method)
        at java.base@21.0.6/java.lang.Object.wait(Object.java:366)
        at java.base@21.0.6/java.util.TimerThread.mainLoop(Timer.java:563)
        at java.base@21.0.6/java.util.TimerThread.run(Timer.java:516)
"PartialTableCache-Cleanup-0" daemon prio=5 tid=2176 in Object.wait()
java.lang.Thread.State: WAITING (on object monitor)
        at java.base@21.0.6/jdk.internal.misc.Unsafe.park(Native Method)
        at java.base@21.0.6/java.util.concurrent.locks.LockSupport.park(LockSupport.java:371)
        at java.base@21.0.6/java.util.concurrent.locks.AbstractQueuedSynchronizer$ConditionNode.block(AbstractQueuedSynchronizer.java:519)
        at java.base@21.0.6/java.util.concurrent.ForkJoinPool.unmanagedBlock(ForkJoinPool.java:3780)
        at java.base@21.0.6/java.util.concurrent.ForkJoinPool.managedBlock(ForkJoinPool.java:3725)
        at java.base@21.0.6/java.util.concurrent.locks.AbstractQueuedSynchronizer$ConditionObject.await(AbstractQueuedSynchronizer.java:1712)
        at java.base@21.0.6/java.util.concurrent.LinkedBlockingQueue.take(LinkedBlockingQueue.java:435)
        at java.base@21.0.6/java.util.concurrent.ThreadPoolExecutor.getTask(ThreadPoolExecutor.java:1070)
        at java.base@21.0.6/java.util.concurrent.ThreadPoolExecutor.runWorker(ThreadPoolExecutor.java:1130)
        at java.base@21.0.6/java.util.concurrent.ThreadPoolExecutor$Worker.run(ThreadPoolExecutor.java:642)
        at java.base@21.0.6/java.lang.Thread.runWith(Thread.java:1596)
        at java.base@21.0.6/java.lang.Thread.run(Thread.java:1583)
"IPC Server handler 1 on default port 15021" daemon prio=5 tid=588 timed_waiting
java.lang.Thread.State: TIMED_WAITING
        at java.base@21.0.6/jdk.internal.misc.Unsafe.park(Native Method)
        at java.base@21.0.6/java.util.concurrent.locks.LockSupport.parkNanos(LockSupport.java:269)
        at java.base@21.0.6/java.util.concurrent.locks.AbstractQueuedSynchronizer$ConditionObject.awaitNanos(AbstractQueuedSynchronizer.java:1763)
        at java.base@21.0.6/java.util.concurrent.LinkedBlockingQueue.poll(LinkedBlockingQueue.java:460)
        at app//org.apache.hadoop.ipc.CallQueueManager.take(CallQueueManager.java:370)
        at app//org.apache.hadoop.ipc.Server$Handler.run(Server.java:3165)
"eb965ba7-12a8-46f3-92c0-bc6ff5b3bf3b-DatanodeReportManager-0" daemon prio=5 tid=646 in Object.wait()
java.lang.Thread.State: WAITING (on object monitor)
        at java.base@21.0.6/jdk.internal.misc.Unsafe.park(Native Method)
        at java.base@21.0.6/java.util.concurrent.locks.LockSupport.park(LockSupport.java:371)
        at java.base@21.0.6/java.util.concurrent.locks.AbstractQueuedSynchronizer$ConditionNode.block(AbstractQueuedSynchronizer.java:519)
        at java.base@21.0.6/java.util.concurrent.ForkJoinPool.unmanagedBlock(ForkJoinPool.java:3780)
        at java.base@21.0.6/java.util.concurrent.ForkJoinPool.managedBlock(ForkJoinPool.java:3725)
        at java.base@21.0.6/java.util.concurrent.locks.AbstractQueuedSynchronizer$ConditionObject.await(AbstractQueuedSynchronizer.java:1712)
        at java.base@21.0.6/java.util.concurrent.ScheduledThreadPoolExecutor$DelayedWorkQueue.take(ScheduledThreadPoolExecutor.java:1177)
        at java.base@21.0.6/java.util.concurrent.ScheduledThreadPoolExecutor$DelayedWorkQueue.take(ScheduledThreadPoolExecutor.java:899)
        at java.base@21.0.6/java.util.concurrent.ThreadPoolExecutor.getTask(ThreadPoolExecutor.java:1070)
        at java.base@21.0.6/java.util.concurrent.ThreadPoolExecutor.runWorker(ThreadPoolExecutor.java:1130)
        at java.base@21.0.6/java.util.concurrent.ThreadPoolExecutor$Worker.run(ThreadPoolExecutor.java:642)
        at java.base@21.0.6/java.lang.Thread.runWith(Thread.java:1596)
        at java.base@21.0.6/java.lang.Thread.run(Thread.java:1583)
"IPC Server handler 21 on default port 15001" daemon prio=5 tid=235 timed_waiting
java.lang.Thread.State: TIMED_WAITING
        at java.base@21.0.6/jdk.internal.misc.Unsafe.park(Native Method)
        at java.base@21.0.6/java.util.concurrent.locks.LockSupport.parkNanos(LockSupport.java:269)
        at java.base@21.0.6/java.util.concurrent.locks.AbstractQueuedSynchronizer$ConditionObject.awaitNanos(AbstractQueuedSynchronizer.java:1763)
        at java.base@21.0.6/java.util.concurrent.LinkedBlockingQueue.poll(LinkedBlockingQueue.java:460)
        at app//org.apache.hadoop.ipc.CallQueueManager.take(CallQueueManager.java:370)
        at app//org.apache.hadoop.ipc.Server$Handler.run(Server.java:3165)
"eb965ba7-12a8-46f3-92c0-bc6ff5b3bf3b-CloseContainerThread-1"  prio=5 tid=2420 in Object.wait()
java.lang.Thread.State: WAITING (on object monitor)
        at java.base@21.0.6/jdk.internal.misc.Unsafe.park(Native Method)
        at java.base@21.0.6/java.util.concurrent.locks.LockSupport.park(LockSupport.java:371)
        at java.base@21.0.6/java.util.concurrent.locks.AbstractQueuedSynchronizer$ConditionNode.block(AbstractQueuedSynchronizer.java:519)
        at java.base@21.0.6/java.util.concurrent.ForkJoinPool.unmanagedBlock(ForkJoinPool.java:3780)
        at java.base@21.0.6/java.util.concurrent.ForkJoinPool.managedBlock(ForkJoinPool.java:3725)
        at java.base@21.0.6/java.util.concurrent.locks.AbstractQueuedSynchronizer$ConditionObject.await(AbstractQueuedSynchronizer.java:1712)
        at java.base@21.0.6/java.util.concurrent.LinkedBlockingQueue.take(LinkedBlockingQueue.java:435)
        at java.base@21.0.6/java.util.concurrent.ThreadPoolExecutor.getTask(ThreadPoolExecutor.java:1070)
        at java.base@21.0.6/java.util.concurrent.ThreadPoolExecutor.runWorker(ThreadPoolExecutor.java:1130)
        at java.base@21.0.6/java.util.concurrent.ThreadPoolExecutor$Worker.run(ThreadPoolExecutor.java:642)
        at java.base@21.0.6/java.lang.Thread.runWith(Thread.java:1596)
        at java.base@21.0.6/java.lang.Thread.run(Thread.java:1583)
"IPC Server handler 1 on default port 15030" daemon prio=5 tid=636 timed_waiting
java.lang.Thread.State: TIMED_WAITING
        at java.base@21.0.6/jdk.internal.misc.Unsafe.park(Native Method)
        at java.base@21.0.6/java.util.concurrent.locks.LockSupport.parkNanos(LockSupport.java:269)
        at java.base@21.0.6/java.util.concurrent.locks.AbstractQueuedSynchronizer$ConditionObject.awaitNanos(AbstractQueuedSynchronizer.java:1763)
        at java.base@21.0.6/java.util.concurrent.LinkedBlockingQueue.poll(LinkedBlockingQueue.java:460)
        at app//org.apache.hadoop.ipc.CallQueueManager.take(CallQueueManager.java:370)
        at app//org.apache.hadoop.ipc.Server$Handler.run(Server.java:3165)
"IPC Server handler 84 on default port 15001" daemon prio=5 tid=298 timed_waiting
java.lang.Thread.State: TIMED_WAITING
        at java.base@21.0.6/jdk.internal.misc.Unsafe.park(Native Method)
        at java.base@21.0.6/java.util.concurrent.locks.LockSupport.parkNanos(LockSupport.java:269)
        at java.base@21.0.6/java.util.concurrent.locks.AbstractQueuedSynchronizer$ConditionObject.awaitNanos(AbstractQueuedSynchronizer.java:1763)
        at java.base@21.0.6/java.util.concurrent.LinkedBlockingQueue.poll(LinkedBlockingQueue.java:460)
        at app//org.apache.hadoop.ipc.CallQueueManager.take(CallQueueManager.java:370)
        at app//org.apache.hadoop.ipc.Server$Handler.run(Server.java:3165)
"IPC Server handler 99 on default port 15002" daemon prio=5 tid=431 timed_waiting
java.lang.Thread.State: TIMED_WAITING
        at java.base@21.0.6/jdk.internal.misc.Unsafe.park(Native Method)
        at java.base@21.0.6/java.util.concurrent.locks.LockSupport.parkNanos(LockSupport.java:269)
        at java.base@21.0.6/java.util.concurrent.locks.AbstractQueuedSynchronizer$ConditionObject.awaitNanos(AbstractQueuedSynchronizer.java:1763)
        at java.base@21.0.6/java.util.concurrent.LinkedBlockingQueue.poll(LinkedBlockingQueue.java:460)
        at app//org.apache.hadoop.ipc.CallQueueManager.take(CallQueueManager.java:370)
        at app//org.apache.hadoop.ipc.Server$Handler.run(Server.java:3165)
"IPC Server handler 8 on default port 15006" daemon prio=5 tid=499 timed_waiting
java.lang.Thread.State: TIMED_WAITING
        at java.base@21.0.6/jdk.internal.misc.Unsafe.park(Native Method)
        at java.base@21.0.6/java.util.concurrent.locks.LockSupport.parkNanos(LockSupport.java:269)
        at java.base@21.0.6/java.util.concurrent.locks.AbstractQueuedSynchronizer$ConditionObject.awaitNanos(AbstractQueuedSynchronizer.java:1763)
        at java.base@21.0.6/java.util.concurrent.LinkedBlockingQueue.poll(LinkedBlockingQueue.java:460)
        at app//org.apache.hadoop.ipc.CallQueueManager.take(CallQueueManager.java:370)
        at app//org.apache.hadoop.ipc.Server$Handler.run(Server.java:3165)
"Socket Reader #8 for port 15066"  prio=5 tid=813 runnable
java.lang.Thread.State: RUNNABLE
        at java.base@21.0.6/sun.nio.ch.EPoll.wait(Native Method)
        at java.base@21.0.6/sun.nio.ch.EPollSelectorImpl.doSelect(EPollSelectorImpl.java:121)
        at java.base@21.0.6/sun.nio.ch.SelectorImpl.lockAndDoSelect(SelectorImpl.java:130)
        at java.base@21.0.6/sun.nio.ch.SelectorImpl.select(SelectorImpl.java:147)
        at app//org.apache.hadoop.ipc.Server$Listener$Reader.doRunLoop(Server.java:1497)
        at app//org.apache.hadoop.ipc.Server$Listener$Reader.run(Server.java:1476)
"6b36f32d-918c-46a3-bfcb-888cb423c6dd@group-2AA5AC354986-StateMachineUpdater" daemon prio=5 tid=1185 timed_waiting
java.lang.Thread.State: TIMED_WAITING
        at java.base@21.0.6/jdk.internal.misc.Unsafe.park(Native Method)
        at java.base@21.0.6/java.util.concurrent.locks.LockSupport.parkNanos(LockSupport.java:269)
        at java.base@21.0.6/java.util.concurrent.locks.AbstractQueuedSynchronizer$ConditionObject.await(AbstractQueuedSynchronizer.java:1852)
        at app//org.apache.ratis.util.AwaitForSignal.await(AwaitForSignal.java:65)
        at app//org.apache.ratis.server.impl.StateMachineUpdater.waitForCommit(StateMachineUpdater.java:219)
        at app//org.apache.ratis.server.impl.StateMachineUpdater.run(StateMachineUpdater.java:187)
        at java.base@21.0.6/java.lang.Thread.runWith(Thread.java:1596)
        at java.base@21.0.6/java.lang.Thread.run(Thread.java:1583)
"IPC Server handler 44 on default port 15000" daemon prio=5 tid=158 timed_waiting
java.lang.Thread.State: TIMED_WAITING
        at java.base@21.0.6/jdk.internal.misc.Unsafe.park(Native Method)
        at java.base@21.0.6/java.util.concurrent.locks.LockSupport.parkNanos(LockSupport.java:269)
        at java.base@21.0.6/java.util.concurrent.locks.AbstractQueuedSynchronizer$ConditionObject.awaitNanos(AbstractQueuedSynchronizer.java:1763)
        at java.base@21.0.6/java.util.concurrent.LinkedBlockingQueue.poll(LinkedBlockingQueue.java:460)
        at app//org.apache.hadoop.ipc.CallQueueManager.take(CallQueueManager.java:370)
        at app//org.apache.hadoop.ipc.Server$Handler.run(Server.java:3165)
"IPC Server handler 58 on default port 15002" daemon prio=5 tid=390 timed_waiting
java.lang.Thread.State: TIMED_WAITING
        at java.base@21.0.6/jdk.internal.misc.Unsafe.park(Native Method)
        at java.base@21.0.6/java.util.concurrent.locks.LockSupport.parkNanos(LockSupport.java:269)
        at java.base@21.0.6/java.util.concurrent.locks.AbstractQueuedSynchronizer$ConditionObject.awaitNanos(AbstractQueuedSynchronizer.java:1763)
        at java.base@21.0.6/java.util.concurrent.LinkedBlockingQueue.poll(LinkedBlockingQueue.java:460)
        at app//org.apache.hadoop.ipc.CallQueueManager.take(CallQueueManager.java:370)
        at app//org.apache.hadoop.ipc.Server$Handler.run(Server.java:3165)
"eb965ba7-12a8-46f3-92c0-bc6ff5b3bf3b-server-thread1" daemon prio=5 tid=2409 timed_waiting
java.lang.Thread.State: TIMED_WAITING
        at java.base@21.0.6/jdk.internal.misc.Unsafe.park(Native Method)
        at java.base@21.0.6/java.util.concurrent.locks.LockSupport.parkNanos(LockSupport.java:410)
        at java.base@21.0.6/java.util.concurrent.LinkedTransferQueue$DualNode.await(LinkedTransferQueue.java:452)
        at java.base@21.0.6/java.util.concurrent.SynchronousQueue$Transferer.xferLifo(SynchronousQueue.java:194)
        at java.base@21.0.6/java.util.concurrent.SynchronousQueue.xfer(SynchronousQueue.java:235)
        at java.base@21.0.6/java.util.concurrent.SynchronousQueue.poll(SynchronousQueue.java:338)
        at java.base@21.0.6/java.util.concurrent.ThreadPoolExecutor.getTask(ThreadPoolExecutor.java:1069)
        at java.base@21.0.6/java.util.concurrent.ThreadPoolExecutor.runWorker(ThreadPoolExecutor.java:1130)
        at java.base@21.0.6/java.util.concurrent.ThreadPoolExecutor$Worker.run(ThreadPoolExecutor.java:642)
        at java.base@21.0.6/java.lang.Thread.runWith(Thread.java:1596)
        at java.base@21.0.6/java.lang.Thread.run(Thread.java:1583)
"2fdf8a61-8d2a-4048-aa8e-d82d5837d34a-DatanodeReportManager-0" daemon prio=5 tid=784 in Object.wait()
java.lang.Thread.State: WAITING (on object monitor)
        at java.base@21.0.6/jdk.internal.misc.Unsafe.park(Native Method)
        at java.base@21.0.6/java.util.concurrent.locks.LockSupport.park(LockSupport.java:371)
        at java.base@21.0.6/java.util.concurrent.locks.AbstractQueuedSynchronizer$ConditionNode.block(AbstractQueuedSynchronizer.java:519)
        at java.base@21.0.6/java.util.concurrent.ForkJoinPool.unmanagedBlock(ForkJoinPool.java:3780)
        at java.base@21.0.6/java.util.concurrent.ForkJoinPool.managedBlock(ForkJoinPool.java:3725)
        at java.base@21.0.6/java.util.concurrent.locks.AbstractQueuedSynchronizer$ConditionObject.await(AbstractQueuedSynchronizer.java:1712)
        at java.base@21.0.6/java.util.concurrent.ScheduledThreadPoolExecutor$DelayedWorkQueue.take(ScheduledThreadPoolExecutor.java:1177)
        at java.base@21.0.6/java.util.concurrent.ScheduledThreadPoolExecutor$DelayedWorkQueue.take(ScheduledThreadPoolExecutor.java:899)
        at java.base@21.0.6/java.util.concurrent.ThreadPoolExecutor.getTask(ThreadPoolExecutor.java:1070)
        at java.base@21.0.6/java.util.concurrent.ThreadPoolExecutor.runWorker(ThreadPoolExecutor.java:1130)
        at java.base@21.0.6/java.util.concurrent.ThreadPoolExecutor$Worker.run(ThreadPoolExecutor.java:642)
        at java.base@21.0.6/java.lang.Thread.runWith(Thread.java:1596)
        at java.base@21.0.6/java.lang.Thread.run(Thread.java:1583)
"e20a886d-0459-4371-959f-f9bdb6931571-groupManagement" daemon prio=5 tid=1301 in Object.wait()
java.lang.Thread.State: WAITING (on object monitor)
        at java.base@21.0.6/jdk.internal.misc.Unsafe.park(Native Method)
        at java.base@21.0.6/java.util.concurrent.locks.LockSupport.park(LockSupport.java:371)
        at java.base@21.0.6/java.util.concurrent.locks.AbstractQueuedSynchronizer$ConditionNode.block(AbstractQueuedSynchronizer.java:519)
        at java.base@21.0.6/java.util.concurrent.ForkJoinPool.unmanagedBlock(ForkJoinPool.java:3780)
        at java.base@21.0.6/java.util.concurrent.ForkJoinPool.managedBlock(ForkJoinPool.java:3725)
        at java.base@21.0.6/java.util.concurrent.locks.AbstractQueuedSynchronizer$ConditionObject.await(AbstractQueuedSynchronizer.java:1712)
        at java.base@21.0.6/java.util.concurrent.LinkedBlockingQueue.take(LinkedBlockingQueue.java:435)
        at java.base@21.0.6/java.util.concurrent.ThreadPoolExecutor.getTask(ThreadPoolExecutor.java:1070)
        at java.base@21.0.6/java.util.concurrent.ThreadPoolExecutor.runWorker(ThreadPoolExecutor.java:1130)
        at java.base@21.0.6/java.util.concurrent.ThreadPoolExecutor$Worker.run(ThreadPoolExecutor.java:642)
        at java.base@21.0.6/java.lang.Thread.runWith(Thread.java:1596)
        at java.base@21.0.6/java.lang.Thread.run(Thread.java:1583)
"IPC Server handler 87 on default port 15001" daemon prio=5 tid=301 timed_waiting
java.lang.Thread.State: TIMED_WAITING
        at java.base@21.0.6/jdk.internal.misc.Unsafe.park(Native Method)
        at java.base@21.0.6/java.util.concurrent.locks.LockSupport.parkNanos(LockSupport.java:269)
        at java.base@21.0.6/java.util.concurrent.locks.AbstractQueuedSynchronizer$ConditionObject.awaitNanos(AbstractQueuedSynchronizer.java:1763)
        at java.base@21.0.6/java.util.concurrent.LinkedBlockingQueue.poll(LinkedBlockingQueue.java:460)
        at app//org.apache.hadoop.ipc.CallQueueManager.take(CallQueueManager.java:370)
        at app//org.apache.hadoop.ipc.Server$Handler.run(Server.java:3165)
"qtp1009893576-934" daemon prio=5 tid=934 runnable
java.lang.Thread.State: RUNNABLE
        at java.base@21.0.6/sun.nio.ch.EPoll.wait(Native Method)
        at java.base@21.0.6/sun.nio.ch.EPollSelectorImpl.doSelect(EPollSelectorImpl.java:121)
        at java.base@21.0.6/sun.nio.ch.SelectorImpl.lockAndDoSelect(SelectorImpl.java:130)
        at java.base@21.0.6/sun.nio.ch.SelectorImpl.select(SelectorImpl.java:147)
        at app//org.eclipse.jetty.io.ManagedSelector.nioSelect(ManagedSelector.java:183)
        at app//org.eclipse.jetty.io.ManagedSelector.select(ManagedSelector.java:190)
        at app//org.eclipse.jetty.io.ManagedSelector$SelectorProducer.select(ManagedSelector.java:606)
        at app//org.eclipse.jetty.io.ManagedSelector$SelectorProducer.produce(ManagedSelector.java:543)
        at app//org.eclipse.jetty.util.thread.strategy.EatWhatYouKill.produceTask(EatWhatYouKill.java:362)
        at app//org.eclipse.jetty.util.thread.strategy.EatWhatYouKill.doProduce(EatWhatYouKill.java:186)
        at app//org.eclipse.jetty.util.thread.strategy.EatWhatYouKill.tryProduce(EatWhatYouKill.java:173)
        at app//org.eclipse.jetty.util.thread.strategy.EatWhatYouKill.produce(EatWhatYouKill.java:137)
        at app//org.eclipse.jetty.io.ManagedSelector$$Lambda/0x00007f7e9c660000.run(Unknown Source)
        at app//org.eclipse.jetty.util.thread.QueuedThreadPool.runJob(QueuedThreadPool.java:883)
        at app//org.eclipse.jetty.util.thread.QueuedThreadPool$Runner.run(QueuedThreadPool.java:1034)
        at java.base@21.0.6/java.lang.Thread.runWith(Thread.java:1596)
        at java.base@21.0.6/java.lang.Thread.run(Thread.java:1583)
"46d11c6d-db9b-44c9-8985-212dd9cf6636-DatanodeStateMachineDaemonThread" daemon prio=5 tid=829 timed_waiting
java.lang.Thread.State: TIMED_WAITING
        at java.base@21.0.6/java.lang.Thread.sleep0(Native Method)
        at java.base@21.0.6/java.lang.Thread.sleep(Thread.java:509)
        at app//org.apache.hadoop.ozone.container.common.statemachine.DatanodeStateMachine.startStateMachineThread(DatanodeStateMachine.java:357)
        at app//org.apache.hadoop.ozone.container.common.statemachine.DatanodeStateMachine.lambda$startDaemon$1(DatanodeStateMachine.java:543)
        at app//org.apache.hadoop.ozone.container.common.statemachine.DatanodeStateMachine$$Lambda/0x00007f7e9c7d5a70.run(Unknown Source)
        at java.base@21.0.6/java.lang.Thread.runWith(Thread.java:1596)
        at java.base@21.0.6/java.lang.Thread.run(Thread.java:1583)
"6b36f32d-918c-46a3-bfcb-888cb423c6dd-NettyServerStreamRpc-bossGroup--thread1"  prio=5 tid=560 runnable
java.lang.Thread.State: RUNNABLE
        at app//org.apache.ratis.thirdparty.io.netty.channel.epoll.Native.epollWait(Native Method)
        at app//org.apache.ratis.thirdparty.io.netty.channel.epoll.Native.epollWait(Native.java:220)
        at app//org.apache.ratis.thirdparty.io.netty.channel.epoll.Native.epollWait(Native.java:213)
        at app//org.apache.ratis.thirdparty.io.netty.channel.epoll.EpollEventLoop.epollWaitNoTimerChange(EpollEventLoop.java:308)
        at app//org.apache.ratis.thirdparty.io.netty.channel.epoll.EpollEventLoop.run(EpollEventLoop.java:365)
        at app//org.apache.ratis.thirdparty.io.netty.util.concurrent.SingleThreadEventExecutor$4.run(SingleThreadEventExecutor.java:997)
        at app//org.apache.ratis.thirdparty.io.netty.util.internal.ThreadExecutorMap$2.run(ThreadExecutorMap.java:74)
        at java.base@21.0.6/java.lang.Thread.runWith(Thread.java:1596)
        at java.base@21.0.6/java.lang.Thread.run(Thread.java:1583)
"6b36f32d-918c-46a3-bfcb-888cb423c6dd-ContainerOp-ca93de93-6260-4798-bfae-2aa5ac354986-6"  prio=5 tid=1650 in Object.wait()
java.lang.Thread.State: WAITING (on object monitor)
        at java.base@21.0.6/jdk.internal.misc.Unsafe.park(Native Method)
        at java.base@21.0.6/java.util.concurrent.locks.LockSupport.park(LockSupport.java:371)
        at java.base@21.0.6/java.util.concurrent.locks.AbstractQueuedSynchronizer$ConditionNode.block(AbstractQueuedSynchronizer.java:519)
        at java.base@21.0.6/java.util.concurrent.ForkJoinPool.unmanagedBlock(ForkJoinPool.java:3780)
        at java.base@21.0.6/java.util.concurrent.ForkJoinPool.managedBlock(ForkJoinPool.java:3725)
        at java.base@21.0.6/java.util.concurrent.locks.AbstractQueuedSynchronizer$ConditionObject.await(AbstractQueuedSynchronizer.java:1712)
        at java.base@21.0.6/java.util.concurrent.LinkedBlockingQueue.take(LinkedBlockingQueue.java:435)
        at java.base@21.0.6/java.util.concurrent.ThreadPoolExecutor.getTask(ThreadPoolExecutor.java:1070)
        at java.base@21.0.6/java.util.concurrent.ThreadPoolExecutor.runWorker(ThreadPoolExecutor.java:1130)
        at java.base@21.0.6/java.util.concurrent.ThreadPoolExecutor$Worker.run(ThreadPoolExecutor.java:642)
        at java.base@21.0.6/java.lang.Thread.runWith(Thread.java:1596)
        at java.base@21.0.6/java.lang.Thread.run(Thread.java:1583)
"42086d8c-c943-47d6-a5f9-799709872375-CloseContainerThread-2"  prio=5 tid=2058 in Object.wait()
java.lang.Thread.State: WAITING (on object monitor)
        at java.base@21.0.6/jdk.internal.misc.Unsafe.park(Native Method)
        at java.base@21.0.6/java.util.concurrent.locks.LockSupport.park(LockSupport.java:371)
        at java.base@21.0.6/java.util.concurrent.locks.AbstractQueuedSynchronizer$ConditionNode.block(AbstractQueuedSynchronizer.java:519)
        at java.base@21.0.6/java.util.concurrent.ForkJoinPool.unmanagedBlock(ForkJoinPool.java:3780)
        at java.base@21.0.6/java.util.concurrent.ForkJoinPool.managedBlock(ForkJoinPool.java:3725)
        at java.base@21.0.6/java.util.concurrent.locks.AbstractQueuedSynchronizer$ConditionObject.await(AbstractQueuedSynchronizer.java:1712)
        at java.base@21.0.6/java.util.concurrent.LinkedBlockingQueue.take(LinkedBlockingQueue.java:435)
        at java.base@21.0.6/java.util.concurrent.ThreadPoolExecutor.getTask(ThreadPoolExecutor.java:1070)
        at java.base@21.0.6/java.util.concurrent.ThreadPoolExecutor.runWorker(ThreadPoolExecutor.java:1130)
        at java.base@21.0.6/java.util.concurrent.ThreadPoolExecutor$Worker.run(ThreadPoolExecutor.java:642)
        at java.base@21.0.6/java.lang.Thread.runWith(Thread.java:1596)
        at java.base@21.0.6/java.lang.Thread.run(Thread.java:1583)
"IPC Server handler 57 on default port 15000" daemon prio=5 tid=171 timed_waiting
java.lang.Thread.State: TIMED_WAITING
        at java.base@21.0.6/jdk.internal.misc.Unsafe.park(Native Method)
        at java.base@21.0.6/java.util.concurrent.locks.LockSupport.parkNanos(LockSupport.java:269)
        at java.base@21.0.6/java.util.concurrent.locks.AbstractQueuedSynchronizer$ConditionObject.awaitNanos(AbstractQueuedSynchronizer.java:1763)
        at java.base@21.0.6/java.util.concurrent.LinkedBlockingQueue.poll(LinkedBlockingQueue.java:460)
        at app//org.apache.hadoop.ipc.CallQueueManager.take(CallQueueManager.java:370)
        at app//org.apache.hadoop.ipc.Server$Handler.run(Server.java:3165)
"IPC Server handler 66 on default port 15002" daemon prio=5 tid=398 timed_waiting
java.lang.Thread.State: TIMED_WAITING
        at java.base@21.0.6/jdk.internal.misc.Unsafe.park(Native Method)
        at java.base@21.0.6/java.util.concurrent.locks.LockSupport.parkNanos(LockSupport.java:269)
        at java.base@21.0.6/java.util.concurrent.locks.AbstractQueuedSynchronizer$ConditionObject.awaitNanos(AbstractQueuedSynchronizer.java:1763)
        at java.base@21.0.6/java.util.concurrent.LinkedBlockingQueue.poll(LinkedBlockingQueue.java:460)
        at app//org.apache.hadoop.ipc.CallQueueManager.take(CallQueueManager.java:370)
        at app//org.apache.hadoop.ipc.Server$Handler.run(Server.java:3165)
"JvmPauseMonitor4" daemon prio=5 tid=1006 timed_waiting
java.lang.Thread.State: TIMED_WAITING
        at java.base@21.0.6/java.lang.Thread.sleep0(Native Method)
        at java.base@21.0.6/java.lang.Thread.sleep(Thread.java:558)
        at java.base@21.0.6/java.util.concurrent.TimeUnit.sleep(TimeUnit.java:446)
        at app//org.apache.ratis.util.TimeDuration.sleep(TimeDuration.java:353)
        at app//org.apache.ratis.util.TimeDuration.sleep(TimeDuration.java:338)
        at app//org.apache.ratis.util.JvmPauseMonitor.detectPause(JvmPauseMonitor.java:160)
        at app//org.apache.ratis.util.JvmPauseMonitor.run(JvmPauseMonitor.java:149)
        at app//org.apache.ratis.util.JvmPauseMonitor$$Lambda/0x00007f7e9c38d5c8.run(Unknown Source)
        at java.base@21.0.6/java.lang.Thread.runWith(Thread.java:1596)
        at java.base@21.0.6/java.lang.Thread.run(Thread.java:1583)
"qtp705030460-801" daemon prio=5 tid=801 timed_waiting
java.lang.Thread.State: TIMED_WAITING
        at java.base@21.0.6/jdk.internal.misc.Unsafe.park(Native Method)
        at java.base@21.0.6/java.util.concurrent.locks.LockSupport.parkNanos(LockSupport.java:269)
        at java.base@21.0.6/java.util.concurrent.locks.AbstractQueuedSynchronizer$ConditionObject.awaitNanos(AbstractQueuedSynchronizer.java:1763)
        at app//org.eclipse.jetty.util.BlockingArrayQueue.poll(BlockingArrayQueue.java:382)
        at app//org.eclipse.jetty.util.thread.QueuedThreadPool$Runner.idleJobPoll(QueuedThreadPool.java:974)
        at app//org.eclipse.jetty.util.thread.QueuedThreadPool$Runner.run(QueuedThreadPool.java:1018)
        at java.base@21.0.6/java.lang.Thread.runWith(Thread.java:1596)
        at java.base@21.0.6/java.lang.Thread.run(Thread.java:1583)
"6b36f32d-918c-46a3-bfcb-888cb423c6dd-BlockDeletingService#0" daemon prio=5 tid=1008 timed_waiting
java.lang.Thread.State: TIMED_WAITING
        at java.base@21.0.6/jdk.internal.misc.Unsafe.park(Native Method)
        at java.base@21.0.6/java.util.concurrent.locks.LockSupport.parkNanos(LockSupport.java:269)
        at java.base@21.0.6/java.util.concurrent.locks.AbstractQueuedSynchronizer$ConditionObject.awaitNanos(AbstractQueuedSynchronizer.java:1763)
        at java.base@21.0.6/java.util.concurrent.ScheduledThreadPoolExecutor$DelayedWorkQueue.take(ScheduledThreadPoolExecutor.java:1182)
        at java.base@21.0.6/java.util.concurrent.ScheduledThreadPoolExecutor$DelayedWorkQueue.take(ScheduledThreadPoolExecutor.java:899)
        at java.base@21.0.6/java.util.concurrent.ThreadPoolExecutor.getTask(ThreadPoolExecutor.java:1070)
        at java.base@21.0.6/java.util.concurrent.ThreadPoolExecutor.runWorker(ThreadPoolExecutor.java:1130)
        at java.base@21.0.6/java.util.concurrent.ThreadPoolExecutor$Worker.run(ThreadPoolExecutor.java:642)
        at java.base@21.0.6/java.lang.Thread.runWith(Thread.java:1596)
        at java.base@21.0.6/java.lang.Thread.run(Thread.java:1583)
"2dcfdddc-a76f-4d49-b174-7a2bddacee37-BlockDeletingService#1" daemon prio=5 tid=1046 in Object.wait()
java.lang.Thread.State: WAITING (on object monitor)
        at java.base@21.0.6/jdk.internal.misc.Unsafe.park(Native Method)
        at java.base@21.0.6/java.util.concurrent.locks.LockSupport.park(LockSupport.java:371)
        at java.base@21.0.6/java.util.concurrent.locks.AbstractQueuedSynchronizer$ConditionNode.block(AbstractQueuedSynchronizer.java:519)
        at java.base@21.0.6/java.util.concurrent.ForkJoinPool.unmanagedBlock(ForkJoinPool.java:3780)
        at java.base@21.0.6/java.util.concurrent.ForkJoinPool.managedBlock(ForkJoinPool.java:3725)
        at java.base@21.0.6/java.util.concurrent.locks.AbstractQueuedSynchronizer$ConditionObject.await(AbstractQueuedSynchronizer.java:1712)
        at java.base@21.0.6/java.util.concurrent.ScheduledThreadPoolExecutor$DelayedWorkQueue.take(ScheduledThreadPoolExecutor.java:1177)
        at java.base@21.0.6/java.util.concurrent.ScheduledThreadPoolExecutor$DelayedWorkQueue.take(ScheduledThreadPoolExecutor.java:899)
        at java.base@21.0.6/java.util.concurrent.ThreadPoolExecutor.getTask(ThreadPoolExecutor.java:1070)
        at java.base@21.0.6/java.util.concurrent.ThreadPoolExecutor.runWorker(ThreadPoolExecutor.java:1130)
        at java.base@21.0.6/java.util.concurrent.ThreadPoolExecutor$Worker.run(ThreadPoolExecutor.java:642)
        at java.base@21.0.6/java.lang.Thread.runWith(Thread.java:1596)
        at java.base@21.0.6/java.lang.Thread.run(Thread.java:1583)
"IPC Server listener on 15001" daemon prio=5 tid=69 runnable
java.lang.Thread.State: RUNNABLE
        at java.base@21.0.6/sun.nio.ch.EPoll.wait(Native Method)
        at java.base@21.0.6/sun.nio.ch.EPollSelectorImpl.doSelect(EPollSelectorImpl.java:121)
        at java.base@21.0.6/sun.nio.ch.SelectorImpl.lockAndDoSelect(SelectorImpl.java:130)
        at java.base@21.0.6/sun.nio.ch.SelectorImpl.select(SelectorImpl.java:147)
        at app//org.apache.hadoop.ipc.Server$Listener.run(Server.java:1559)
"eb965ba7-12a8-46f3-92c0-bc6ff5b3bf3b@group-81341F4E2824->6b36f32d-918c-46a3-bfcb-888cb423c6dd-GrpcLogAppender-LogAppenderDaemon" daemon prio=5 tid=1395 timed_waiting
java.lang.Thread.State: TIMED_WAITING
        at java.base@21.0.6/jdk.internal.misc.Unsafe.park(Native Method)
        at java.base@21.0.6/java.util.concurrent.locks.LockSupport.parkNanos(LockSupport.java:269)
        at java.base@21.0.6/java.util.concurrent.locks.AbstractQueuedSynchronizer$ConditionObject.await(AbstractQueuedSynchronizer.java:1852)
        at app//org.apache.ratis.util.AwaitForSignal.await(AwaitForSignal.java:65)
        at app//org.apache.ratis.grpc.server.GrpcLogAppender.mayWait(GrpcLogAppender.java:290)
        at app//org.apache.ratis.grpc.server.GrpcLogAppender.run(GrpcLogAppender.java:258)
        at app//org.apache.ratis.server.leader.LogAppenderDaemon.run(LogAppenderDaemon.java:80)
        at app//org.apache.ratis.server.leader.LogAppenderDaemon$$Lambda/0x00007f7e9c91a108.run(Unknown Source)
        at java.base@21.0.6/java.lang.Thread.runWith(Thread.java:1596)
        at java.base@21.0.6/java.lang.Thread.run(Thread.java:1583)
"qtp1315138370-754" daemon prio=5 tid=754 timed_waiting
java.lang.Thread.State: TIMED_WAITING
        at java.base@21.0.6/jdk.internal.misc.Unsafe.park(Native Method)
        at java.base@21.0.6/java.util.concurrent.locks.LockSupport.parkNanos(LockSupport.java:269)
        at java.base@21.0.6/java.util.concurrent.locks.AbstractQueuedSynchronizer$ConditionObject.awaitNanos(AbstractQueuedSynchronizer.java:1763)
        at app//org.eclipse.jetty.util.BlockingArrayQueue.poll(BlockingArrayQueue.java:382)
        at app//org.eclipse.jetty.util.thread.QueuedThreadPool$Runner.idleJobPoll(QueuedThreadPool.java:974)
        at app//org.eclipse.jetty.util.thread.QueuedThreadPool$Runner.run(QueuedThreadPool.java:1018)
        at java.base@21.0.6/java.lang.Thread.runWith(Thread.java:1596)
        at java.base@21.0.6/java.lang.Thread.run(Thread.java:1583)
"a13388fd-1835-4592-9b5c-4bd6c8202229@group-D681932E2C0D-cacheEviction-AwaitToRun" daemon prio=5 tid=107 in Object.wait()
java.lang.Thread.State: WAITING (on object monitor)
        at java.base@21.0.6/jdk.internal.misc.Unsafe.park(Native Method)
        at java.base@21.0.6/java.util.concurrent.locks.LockSupport.park(LockSupport.java:371)
        at java.base@21.0.6/java.util.concurrent.locks.AbstractQueuedSynchronizer$ConditionNode.block(AbstractQueuedSynchronizer.java:519)
        at java.base@21.0.6/java.util.concurrent.ForkJoinPool.unmanagedBlock(ForkJoinPool.java:3780)
        at java.base@21.0.6/java.util.concurrent.ForkJoinPool.managedBlock(ForkJoinPool.java:3725)
        at java.base@21.0.6/java.util.concurrent.locks.AbstractQueuedSynchronizer$ConditionObject.await(AbstractQueuedSynchronizer.java:1712)
        at app//org.apache.ratis.util.AwaitForSignal.await(AwaitForSignal.java:48)
        at app//org.apache.ratis.util.AwaitToRun$RunnableImpl.run(AwaitToRun.java:47)
        at java.base@21.0.6/java.lang.Thread.runWith(Thread.java:1596)
        at java.base@21.0.6/java.lang.Thread.run(Thread.java:1583)
"eb965ba7-12a8-46f3-92c0-bc6ff5b3bf3b@group-81341F4E2824-SegmentedRaftLogWorker" daemon prio=5 tid=1228 timed_waiting
java.lang.Thread.State: TIMED_WAITING
        at java.base@21.0.6/jdk.internal.misc.Unsafe.park(Native Method)
        at java.base@21.0.6/java.util.concurrent.locks.LockSupport.parkNanos(LockSupport.java:269)
        at java.base@21.0.6/java.util.concurrent.locks.AbstractQueuedSynchronizer$ConditionObject.awaitNanos(AbstractQueuedSynchronizer.java:1763)
        at app//org.apache.ratis.util.DataBlockingQueue.poll(DataBlockingQueue.java:148)
        at app//org.apache.ratis.server.raftlog.segmented.SegmentedRaftLogWorker.run(SegmentedRaftLogWorker.java:307)
        at app//org.apache.ratis.server.raftlog.segmented.SegmentedRaftLogWorker$$Lambda/0x00007f7e9c334fd8.run(Unknown Source)
        at java.base@21.0.6/java.util.concurrent.Executors$RunnableAdapter.call(Executors.java:572)
        at java.base@21.0.6/java.util.concurrent.FutureTask.run(FutureTask.java:317)
        at java.base@21.0.6/java.util.concurrent.ThreadPoolExecutor.runWorker(ThreadPoolExecutor.java:1144)
        at java.base@21.0.6/java.util.concurrent.ThreadPoolExecutor$Worker.run(ThreadPoolExecutor.java:642)
        at java.base@21.0.6/java.lang.Thread.runWith(Thread.java:1596)
        at java.base@21.0.6/java.lang.Thread.run(Thread.java:1583)
"IPC Server handler 46 on default port 15002" daemon prio=5 tid=378 timed_waiting
java.lang.Thread.State: TIMED_WAITING
        at java.base@21.0.6/jdk.internal.misc.Unsafe.park(Native Method)
        at java.base@21.0.6/java.util.concurrent.locks.LockSupport.parkNanos(LockSupport.java:269)
        at java.base@21.0.6/java.util.concurrent.locks.AbstractQueuedSynchronizer$ConditionObject.awaitNanos(AbstractQueuedSynchronizer.java:1763)
        at java.base@21.0.6/java.util.concurrent.LinkedBlockingQueue.poll(LinkedBlockingQueue.java:460)
        at app//org.apache.hadoop.ipc.CallQueueManager.take(CallQueueManager.java:370)
        at app//org.apache.hadoop.ipc.Server$Handler.run(Server.java:3165)
"e20a886d-0459-4371-959f-f9bdb6931571@group-28DA08368176-LeaderStateImpl" daemon prio=5 tid=1478 timed_waiting
java.lang.Thread.State: TIMED_WAITING
        at java.base@21.0.6/jdk.internal.misc.Unsafe.park(Native Method)
        at java.base@21.0.6/java.util.concurrent.locks.LockSupport.parkNanos(LockSupport.java:269)
        at java.base@21.0.6/java.util.concurrent.locks.AbstractQueuedSynchronizer$ConditionObject.awaitNanos(AbstractQueuedSynchronizer.java:1763)
        at java.base@21.0.6/java.util.concurrent.ArrayBlockingQueue.poll(ArrayBlockingQueue.java:435)
        at app//org.apache.ratis.server.impl.LeaderStateImpl$EventQueue.poll(LeaderStateImpl.java:164)
        at app//org.apache.ratis.server.impl.LeaderStateImpl$EventProcessor.run(LeaderStateImpl.java:763)
"6b36f32d-918c-46a3-bfcb-888cb423c6dd@group-B5B4EE72DAEF-SegmentedRaftLogWorker"  prio=5 tid=2039 timed_waiting
java.lang.Thread.State: TIMED_WAITING
        at java.base@21.0.6/jdk.internal.misc.Unsafe.park(Native Method)
        at java.base@21.0.6/java.util.concurrent.locks.LockSupport.parkNanos(LockSupport.java:269)
        at java.base@21.0.6/java.util.concurrent.locks.AbstractQueuedSynchronizer$ConditionObject.awaitNanos(AbstractQueuedSynchronizer.java:1763)
        at app//org.apache.ratis.util.DataBlockingQueue.poll(DataBlockingQueue.java:148)
        at app//org.apache.ratis.server.raftlog.segmented.SegmentedRaftLogWorker.run(SegmentedRaftLogWorker.java:307)
        at app//org.apache.ratis.server.raftlog.segmented.SegmentedRaftLogWorker$$Lambda/0x00007f7e9c334fd8.run(Unknown Source)
        at java.base@21.0.6/java.util.concurrent.Executors$RunnableAdapter.call(Executors.java:572)
        at java.base@21.0.6/java.util.concurrent.FutureTask.run(FutureTask.java:317)
        at java.base@21.0.6/java.util.concurrent.ThreadPoolExecutor.runWorker(ThreadPoolExecutor.java:1144)
        at java.base@21.0.6/java.util.concurrent.ThreadPoolExecutor$Worker.run(ThreadPoolExecutor.java:642)
        at java.base@21.0.6/java.lang.Thread.runWith(Thread.java:1596)
        at java.base@21.0.6/java.lang.Thread.run(Thread.java:1583)
"MutableQuantiles-0" daemon prio=5 tid=512 timed_waiting
java.lang.Thread.State: TIMED_WAITING
        at java.base@21.0.6/jdk.internal.misc.Unsafe.park(Native Method)
        at java.base@21.0.6/java.util.concurrent.locks.LockSupport.parkNanos(LockSupport.java:269)
        at java.base@21.0.6/java.util.concurrent.locks.AbstractQueuedSynchronizer$ConditionObject.awaitNanos(AbstractQueuedSynchronizer.java:1763)
        at java.base@21.0.6/java.util.concurrent.ScheduledThreadPoolExecutor$DelayedWorkQueue.take(ScheduledThreadPoolExecutor.java:1182)
        at java.base@21.0.6/java.util.concurrent.ScheduledThreadPoolExecutor$DelayedWorkQueue.take(ScheduledThreadPoolExecutor.java:899)
        at java.base@21.0.6/java.util.concurrent.ThreadPoolExecutor.getTask(ThreadPoolExecutor.java:1070)
        at java.base@21.0.6/java.util.concurrent.ThreadPoolExecutor.runWorker(ThreadPoolExecutor.java:1130)
        at java.base@21.0.6/java.util.concurrent.ThreadPoolExecutor$Worker.run(ThreadPoolExecutor.java:642)
        at java.base@21.0.6/java.lang.Thread.runWith(Thread.java:1596)
        at java.base@21.0.6/java.lang.Thread.run(Thread.java:1583)
"FixedThreadPoolWithAffinityExecutor-8-0" daemon prio=5 tid=105 timed_waiting
java.lang.Thread.State: TIMED_WAITING
        at java.base@21.0.6/jdk.internal.misc.Unsafe.park(Native Method)
        at java.base@21.0.6/java.util.concurrent.locks.LockSupport.parkNanos(LockSupport.java:269)
        at java.base@21.0.6/java.util.concurrent.locks.AbstractQueuedSynchronizer$ConditionObject.awaitNanos(AbstractQueuedSynchronizer.java:1763)
        at java.base@21.0.6/java.util.concurrent.LinkedBlockingQueue.poll(LinkedBlockingQueue.java:460)
        at app//org.apache.hadoop.hdds.scm.server.ContainerReportQueue.poll(ContainerReportQueue.java:269)
        at app//org.apache.hadoop.hdds.scm.server.ContainerReportQueue.poll(ContainerReportQueue.java:42)
        at app//org.apache.hadoop.hdds.server.events.FixedThreadPoolWithAffinityExecutor$ContainerReportProcessTask.run(FixedThreadPoolWithAffinityExecutor.java:252)
        at java.base@21.0.6/java.util.concurrent.Executors$RunnableAdapter.call(Executors.java:572)
        at java.base@21.0.6/java.util.concurrent.FutureTask.run(FutureTask.java:317)
        at java.base@21.0.6/java.util.concurrent.ThreadPoolExecutor.runWorker(ThreadPoolExecutor.java:1144)
        at java.base@21.0.6/java.util.concurrent.ThreadPoolExecutor$Worker.run(ThreadPoolExecutor.java:642)
        at java.base@21.0.6/java.lang.Thread.runWith(Thread.java:1596)
        at java.base@21.0.6/java.lang.Thread.run(Thread.java:1583)
"Socket Reader #10 for port 15048"  prio=5 tid=723 runnable
java.lang.Thread.State: RUNNABLE
        at java.base@21.0.6/sun.nio.ch.EPoll.wait(Native Method)
        at java.base@21.0.6/sun.nio.ch.EPollSelectorImpl.doSelect(EPollSelectorImpl.java:121)
        at java.base@21.0.6/sun.nio.ch.SelectorImpl.lockAndDoSelect(SelectorImpl.java:130)
        at java.base@21.0.6/sun.nio.ch.SelectorImpl.select(SelectorImpl.java:147)
        at app//org.apache.hadoop.ipc.Server$Listener$Reader.doRunLoop(Server.java:1497)
        at app//org.apache.hadoop.ipc.Server$Listener$Reader.run(Server.java:1476)
"46d11c6d-db9b-44c9-8985-212dd9cf6636-DatanodeStateMachineTaskThread-1"  prio=5 tid=1084 in Object.wait()
java.lang.Thread.State: WAITING (on object monitor)
        at java.base@21.0.6/jdk.internal.misc.Unsafe.park(Native Method)
        at java.base@21.0.6/java.util.concurrent.locks.LockSupport.park(LockSupport.java:371)
        at java.base@21.0.6/java.util.concurrent.locks.AbstractQueuedSynchronizer$ConditionNode.block(AbstractQueuedSynchronizer.java:519)
        at java.base@21.0.6/java.util.concurrent.ForkJoinPool.unmanagedBlock(ForkJoinPool.java:3780)
        at java.base@21.0.6/java.util.concurrent.ForkJoinPool.managedBlock(ForkJoinPool.java:3725)
        at java.base@21.0.6/java.util.concurrent.locks.AbstractQueuedSynchronizer$ConditionObject.await(AbstractQueuedSynchronizer.java:1712)
        at java.base@21.0.6/java.util.concurrent.LinkedBlockingQueue.take(LinkedBlockingQueue.java:435)
        at java.base@21.0.6/java.util.concurrent.ThreadPoolExecutor.getTask(ThreadPoolExecutor.java:1070)
        at java.base@21.0.6/java.util.concurrent.ThreadPoolExecutor.runWorker(ThreadPoolExecutor.java:1130)
        at java.base@21.0.6/java.util.concurrent.ThreadPoolExecutor$Worker.run(ThreadPoolExecutor.java:642)
        at java.base@21.0.6/java.lang.Thread.runWith(Thread.java:1596)
        at java.base@21.0.6/java.lang.Thread.run(Thread.java:1583)
"6b36f32d-918c-46a3-bfcb-888cb423c6dd-server-thread3" daemon prio=5 tid=2120 timed_waiting
java.lang.Thread.State: TIMED_WAITING
        at java.base@21.0.6/jdk.internal.misc.Unsafe.park(Native Method)
        at java.base@21.0.6/java.util.concurrent.locks.LockSupport.parkNanos(LockSupport.java:410)
        at java.base@21.0.6/java.util.concurrent.LinkedTransferQueue$DualNode.await(LinkedTransferQueue.java:452)
        at java.base@21.0.6/java.util.concurrent.SynchronousQueue$Transferer.xferLifo(SynchronousQueue.java:194)
        at java.base@21.0.6/java.util.concurrent.SynchronousQueue.xfer(SynchronousQueue.java:235)
        at java.base@21.0.6/java.util.concurrent.SynchronousQueue.poll(SynchronousQueue.java:338)
        at java.base@21.0.6/java.util.concurrent.ThreadPoolExecutor.getTask(ThreadPoolExecutor.java:1069)
        at java.base@21.0.6/java.util.concurrent.ThreadPoolExecutor.runWorker(ThreadPoolExecutor.java:1130)
        at java.base@21.0.6/java.util.concurrent.ThreadPoolExecutor$Worker.run(ThreadPoolExecutor.java:642)
        at java.base@21.0.6/java.lang.Thread.runWith(Thread.java:1596)
        at java.base@21.0.6/java.lang.Thread.run(Thread.java:1583)
"IPC Server handler 75 on default port 15002" daemon prio=5 tid=407 timed_waiting
java.lang.Thread.State: TIMED_WAITING
        at java.base@21.0.6/jdk.internal.misc.Unsafe.park(Native Method)
        at java.base@21.0.6/java.util.concurrent.locks.LockSupport.parkNanos(LockSupport.java:269)
        at java.base@21.0.6/java.util.concurrent.locks.AbstractQueuedSynchronizer$ConditionObject.awaitNanos(AbstractQueuedSynchronizer.java:1763)
        at java.base@21.0.6/java.util.concurrent.LinkedBlockingQueue.poll(LinkedBlockingQueue.java:460)
        at app//org.apache.hadoop.ipc.CallQueueManager.take(CallQueueManager.java:370)
        at app//org.apache.hadoop.ipc.Server$Handler.run(Server.java:3165)
"6b36f32d-918c-46a3-bfcb-888cb423c6dd-ContainerOp-ca93de93-6260-4798-bfae-2aa5ac354986-3"  prio=5 tid=1579 in Object.wait()
java.lang.Thread.State: WAITING (on object monitor)
        at java.base@21.0.6/jdk.internal.misc.Unsafe.park(Native Method)
        at java.base@21.0.6/java.util.concurrent.locks.LockSupport.park(LockSupport.java:371)
        at java.base@21.0.6/java.util.concurrent.locks.AbstractQueuedSynchronizer$ConditionNode.block(AbstractQueuedSynchronizer.java:519)
        at java.base@21.0.6/java.util.concurrent.ForkJoinPool.unmanagedBlock(ForkJoinPool.java:3780)
        at java.base@21.0.6/java.util.concurrent.ForkJoinPool.managedBlock(ForkJoinPool.java:3725)
        at java.base@21.0.6/java.util.concurrent.locks.AbstractQueuedSynchronizer$ConditionObject.await(AbstractQueuedSynchronizer.java:1712)
        at java.base@21.0.6/java.util.concurrent.LinkedBlockingQueue.take(LinkedBlockingQueue.java:435)
        at java.base@21.0.6/java.util.concurrent.ThreadPoolExecutor.getTask(ThreadPoolExecutor.java:1070)
        at java.base@21.0.6/java.util.concurrent.ThreadPoolExecutor.runWorker(ThreadPoolExecutor.java:1130)
        at java.base@21.0.6/java.util.concurrent.ThreadPoolExecutor$Worker.run(ThreadPoolExecutor.java:642)
        at java.base@21.0.6/java.lang.Thread.runWith(Thread.java:1596)
        at java.base@21.0.6/java.lang.Thread.run(Thread.java:1583)
"2fdf8a61-8d2a-4048-aa8e-d82d5837d34a@group-4434D0010B67->eb965ba7-12a8-46f3-92c0-bc6ff5b3bf3b-GrpcLogAppender-LogAppenderDaemon" daemon prio=5 tid=2406 timed_waiting
java.lang.Thread.State: TIMED_WAITING
        at java.base@21.0.6/jdk.internal.misc.Unsafe.park(Native Method)
        at java.base@21.0.6/java.util.concurrent.locks.LockSupport.parkNanos(LockSupport.java:269)
        at java.base@21.0.6/java.util.concurrent.locks.AbstractQueuedSynchronizer$ConditionObject.await(AbstractQueuedSynchronizer.java:1852)
        at app//org.apache.ratis.util.AwaitForSignal.await(AwaitForSignal.java:65)
        at app//org.apache.ratis.grpc.server.GrpcLogAppender.mayWait(GrpcLogAppender.java:290)
        at app//org.apache.ratis.grpc.server.GrpcLogAppender.run(GrpcLogAppender.java:258)
        at app//org.apache.ratis.server.leader.LogAppenderDaemon.run(LogAppenderDaemon.java:80)
        at app//org.apache.ratis.server.leader.LogAppenderDaemon$$Lambda/0x00007f7e9c91a108.run(Unknown Source)
        at java.base@21.0.6/java.lang.Thread.runWith(Thread.java:1596)
        at java.base@21.0.6/java.lang.Thread.run(Thread.java:1583)
"Socket Reader #8 for port 15075"  prio=5 tid=859 runnable
java.lang.Thread.State: RUNNABLE
        at java.base@21.0.6/sun.nio.ch.EPoll.wait(Native Method)
        at java.base@21.0.6/sun.nio.ch.EPollSelectorImpl.doSelect(EPollSelectorImpl.java:121)
        at java.base@21.0.6/sun.nio.ch.SelectorImpl.lockAndDoSelect(SelectorImpl.java:130)
        at java.base@21.0.6/sun.nio.ch.SelectorImpl.select(SelectorImpl.java:147)
        at app//org.apache.hadoop.ipc.Server$Listener$Reader.doRunLoop(Server.java:1497)
        at app//org.apache.hadoop.ipc.Server$Listener$Reader.run(Server.java:1476)
"IPC Server handler 64 on default port 15001" daemon prio=5 tid=278 timed_waiting
java.lang.Thread.State: TIMED_WAITING
        at java.base@21.0.6/jdk.internal.misc.Unsafe.park(Native Method)
        at java.base@21.0.6/java.util.concurrent.locks.LockSupport.parkNanos(LockSupport.java:269)
        at java.base@21.0.6/java.util.concurrent.locks.AbstractQueuedSynchronizer$ConditionObject.awaitNanos(AbstractQueuedSynchronizer.java:1763)
        at java.base@21.0.6/java.util.concurrent.LinkedBlockingQueue.poll(LinkedBlockingQueue.java:460)
        at app//org.apache.hadoop.ipc.CallQueueManager.take(CallQueueManager.java:370)
        at app//org.apache.hadoop.ipc.Server$Handler.run(Server.java:3165)
"IPC Server handler 7 on default port 15000" daemon prio=5 tid=121 timed_waiting
java.lang.Thread.State: TIMED_WAITING
        at java.base@21.0.6/jdk.internal.misc.Unsafe.park(Native Method)
        at java.base@21.0.6/java.util.concurrent.locks.LockSupport.parkNanos(LockSupport.java:269)
        at java.base@21.0.6/java.util.concurrent.locks.AbstractQueuedSynchronizer$ConditionObject.awaitNanos(AbstractQueuedSynchronizer.java:1763)
        at java.base@21.0.6/java.util.concurrent.LinkedBlockingQueue.poll(LinkedBlockingQueue.java:460)
        at app//org.apache.hadoop.ipc.CallQueueManager.take(CallQueueManager.java:370)
        at app//org.apache.hadoop.ipc.Server$Handler.run(Server.java:3165)
"om1-DirectoryDeletingService#8" daemon prio=5 tid=477 timed_waiting
java.lang.Thread.State: TIMED_WAITING
        at java.base@21.0.6/jdk.internal.misc.Unsafe.park(Native Method)
        at java.base@21.0.6/java.util.concurrent.locks.LockSupport.parkNanos(LockSupport.java:269)
        at java.base@21.0.6/java.util.concurrent.locks.AbstractQueuedSynchronizer$ConditionObject.awaitNanos(AbstractQueuedSynchronizer.java:1763)
        at java.base@21.0.6/java.util.concurrent.ScheduledThreadPoolExecutor$DelayedWorkQueue.take(ScheduledThreadPoolExecutor.java:1182)
        at java.base@21.0.6/java.util.concurrent.ScheduledThreadPoolExecutor$DelayedWorkQueue.take(ScheduledThreadPoolExecutor.java:899)
        at java.base@21.0.6/java.util.concurrent.ThreadPoolExecutor.getTask(ThreadPoolExecutor.java:1070)
        at java.base@21.0.6/java.util.concurrent.ThreadPoolExecutor.runWorker(ThreadPoolExecutor.java:1130)
        at java.base@21.0.6/java.util.concurrent.ThreadPoolExecutor$Worker.run(ThreadPoolExecutor.java:642)
        at java.base@21.0.6/java.lang.Thread.runWith(Thread.java:1596)
        at java.base@21.0.6/java.lang.Thread.run(Thread.java:1583)
"e20a886d-0459-4371-959f-f9bdb6931571@group-3A2BF5D858B4-cacheEviction-AwaitToRun" daemon prio=5 tid=2331 in Object.wait()
java.lang.Thread.State: WAITING (on object monitor)
        at java.base@21.0.6/jdk.internal.misc.Unsafe.park(Native Method)
        at java.base@21.0.6/java.util.concurrent.locks.LockSupport.park(LockSupport.java:371)
        at java.base@21.0.6/java.util.concurrent.locks.AbstractQueuedSynchronizer$ConditionNode.block(AbstractQueuedSynchronizer.java:519)
        at java.base@21.0.6/java.util.concurrent.ForkJoinPool.unmanagedBlock(ForkJoinPool.java:3780)
        at java.base@21.0.6/java.util.concurrent.ForkJoinPool.managedBlock(ForkJoinPool.java:3725)
        at java.base@21.0.6/java.util.concurrent.locks.AbstractQueuedSynchronizer$ConditionObject.await(AbstractQueuedSynchronizer.java:1712)
        at app//org.apache.ratis.util.AwaitForSignal.await(AwaitForSignal.java:48)
        at app//org.apache.ratis.util.AwaitToRun$RunnableImpl.run(AwaitToRun.java:47)
        at java.base@21.0.6/java.lang.Thread.runWith(Thread.java:1596)
        at java.base@21.0.6/java.lang.Thread.run(Thread.java:1583)
"qtp1315138370-757" daemon prio=5 tid=757 timed_waiting
java.lang.Thread.State: TIMED_WAITING
        at java.base@21.0.6/jdk.internal.misc.Unsafe.park(Native Method)
        at java.base@21.0.6/java.util.concurrent.locks.LockSupport.parkNanos(LockSupport.java:269)
        at java.base@21.0.6/java.util.concurrent.locks.AbstractQueuedSynchronizer$ConditionObject.awaitNanos(AbstractQueuedSynchronizer.java:1763)
        at app//org.eclipse.jetty.util.BlockingArrayQueue.poll(BlockingArrayQueue.java:382)
        at app//org.eclipse.jetty.util.thread.QueuedThreadPool$Runner.idleJobPoll(QueuedThreadPool.java:974)
        at app//org.eclipse.jetty.util.thread.QueuedThreadPool$Runner.run(QueuedThreadPool.java:1018)
        at java.base@21.0.6/java.lang.Thread.runWith(Thread.java:1596)
        at java.base@21.0.6/java.lang.Thread.run(Thread.java:1583)
"IPC Server handler 52 on default port 15001" daemon prio=5 tid=266 timed_waiting
java.lang.Thread.State: TIMED_WAITING
        at java.base@21.0.6/jdk.internal.misc.Unsafe.park(Native Method)
        at java.base@21.0.6/java.util.concurrent.locks.LockSupport.parkNanos(LockSupport.java:269)
        at java.base@21.0.6/java.util.concurrent.locks.AbstractQueuedSynchronizer$ConditionObject.awaitNanos(AbstractQueuedSynchronizer.java:1763)
        at java.base@21.0.6/java.util.concurrent.LinkedBlockingQueue.poll(LinkedBlockingQueue.java:460)
        at app//org.apache.hadoop.ipc.CallQueueManager.take(CallQueueManager.java:370)
        at app//org.apache.hadoop.ipc.Server$Handler.run(Server.java:3165)
"2dcfdddc-a76f-4d49-b174-7a2bddacee37-ChunkWriter-1-0" daemon prio=5 tid=1039 in Object.wait()
java.lang.Thread.State: WAITING (on object monitor)
        at java.base@21.0.6/jdk.internal.misc.Unsafe.park(Native Method)
        at java.base@21.0.6/java.util.concurrent.locks.LockSupport.park(LockSupport.java:371)
        at java.base@21.0.6/java.util.concurrent.locks.AbstractQueuedSynchronizer$ConditionNode.block(AbstractQueuedSynchronizer.java:519)
        at java.base@21.0.6/java.util.concurrent.ForkJoinPool.unmanagedBlock(ForkJoinPool.java:3780)
        at java.base@21.0.6/java.util.concurrent.ForkJoinPool.managedBlock(ForkJoinPool.java:3725)
        at java.base@21.0.6/java.util.concurrent.locks.AbstractQueuedSynchronizer$ConditionObject.await(AbstractQueuedSynchronizer.java:1712)
        at java.base@21.0.6/java.util.concurrent.LinkedBlockingDeque.takeFirst(LinkedBlockingDeque.java:485)
        at java.base@21.0.6/java.util.concurrent.LinkedBlockingDeque.take(LinkedBlockingDeque.java:673)
        at java.base@21.0.6/java.util.concurrent.ThreadPoolExecutor.getTask(ThreadPoolExecutor.java:1070)
        at java.base@21.0.6/java.util.concurrent.ThreadPoolExecutor.runWorker(ThreadPoolExecutor.java:1130)
        at java.base@21.0.6/java.util.concurrent.ThreadPoolExecutor$Worker.run(ThreadPoolExecutor.java:642)
        at java.base@21.0.6/java.lang.Thread.runWith(Thread.java:1596)
        at java.base@21.0.6/java.lang.Thread.run(Thread.java:1583)
"grpc-shared-destroyer-0" daemon prio=5 tid=42 in Object.wait()
java.lang.Thread.State: WAITING (on object monitor)
        at java.base@21.0.6/jdk.internal.misc.Unsafe.park(Native Method)
        at java.base@21.0.6/java.util.concurrent.locks.LockSupport.park(LockSupport.java:371)
        at java.base@21.0.6/java.util.concurrent.locks.AbstractQueuedSynchronizer$ConditionNode.block(AbstractQueuedSynchronizer.java:519)
        at java.base@21.0.6/java.util.concurrent.ForkJoinPool.unmanagedBlock(ForkJoinPool.java:3780)
        at java.base@21.0.6/java.util.concurrent.ForkJoinPool.managedBlock(ForkJoinPool.java:3725)
        at java.base@21.0.6/java.util.concurrent.locks.AbstractQueuedSynchronizer$ConditionObject.await(AbstractQueuedSynchronizer.java:1712)
        at java.base@21.0.6/java.util.concurrent.ScheduledThreadPoolExecutor$DelayedWorkQueue.take(ScheduledThreadPoolExecutor.java:1170)
        at java.base@21.0.6/java.util.concurrent.ScheduledThreadPoolExecutor$DelayedWorkQueue.take(ScheduledThreadPoolExecutor.java:899)
        at java.base@21.0.6/java.util.concurrent.ThreadPoolExecutor.getTask(ThreadPoolExecutor.java:1070)
        at java.base@21.0.6/java.util.concurrent.ThreadPoolExecutor.runWorker(ThreadPoolExecutor.java:1130)
        at java.base@21.0.6/java.util.concurrent.ThreadPoolExecutor$Worker.run(ThreadPoolExecutor.java:642)
        at java.base@21.0.6/java.lang.Thread.runWith(Thread.java:1596)
        at java.base@21.0.6/java.lang.Thread.run(Thread.java:1583)
"eb965ba7-12a8-46f3-92c0-bc6ff5b3bf3b@group-81341F4E2824-cacheEviction-AwaitToRun" daemon prio=5 tid=1227 in Object.wait()
java.lang.Thread.State: WAITING (on object monitor)
        at java.base@21.0.6/jdk.internal.misc.Unsafe.park(Native Method)
        at java.base@21.0.6/java.util.concurrent.locks.LockSupport.park(LockSupport.java:371)
        at java.base@21.0.6/java.util.concurrent.locks.AbstractQueuedSynchronizer$ConditionNode.block(AbstractQueuedSynchronizer.java:519)
        at java.base@21.0.6/java.util.concurrent.ForkJoinPool.unmanagedBlock(ForkJoinPool.java:3780)
        at java.base@21.0.6/java.util.concurrent.ForkJoinPool.managedBlock(ForkJoinPool.java:3725)
        at java.base@21.0.6/java.util.concurrent.locks.AbstractQueuedSynchronizer$ConditionObject.await(AbstractQueuedSynchronizer.java:1712)
        at app//org.apache.ratis.util.AwaitForSignal.await(AwaitForSignal.java:48)
        at app//org.apache.ratis.util.AwaitToRun$RunnableImpl.run(AwaitToRun.java:47)
        at java.base@21.0.6/java.lang.Thread.runWith(Thread.java:1596)
        at java.base@21.0.6/java.lang.Thread.run(Thread.java:1583)
"IPC Server handler 0 on default port 15000" daemon prio=5 tid=114 timed_waiting
java.lang.Thread.State: TIMED_WAITING
        at java.base@21.0.6/jdk.internal.misc.Unsafe.park(Native Method)
        at java.base@21.0.6/java.util.concurrent.locks.LockSupport.parkNanos(LockSupport.java:269)
        at java.base@21.0.6/java.util.concurrent.locks.AbstractQueuedSynchronizer$ConditionObject.awaitNanos(AbstractQueuedSynchronizer.java:1763)
        at java.base@21.0.6/java.util.concurrent.LinkedBlockingQueue.poll(LinkedBlockingQueue.java:460)
        at app//org.apache.hadoop.ipc.CallQueueManager.take(CallQueueManager.java:370)
        at app//org.apache.hadoop.ipc.Server$Handler.run(Server.java:3165)
"Session-HouseKeeper-ebbe9f3-1"  prio=5 tid=942 timed_waiting
java.lang.Thread.State: TIMED_WAITING
        at java.base@21.0.6/jdk.internal.misc.Unsafe.park(Native Method)
        at java.base@21.0.6/java.util.concurrent.locks.LockSupport.parkNanos(LockSupport.java:269)
        at java.base@21.0.6/java.util.concurrent.locks.AbstractQueuedSynchronizer$ConditionObject.awaitNanos(AbstractQueuedSynchronizer.java:1763)
        at java.base@21.0.6/java.util.concurrent.ScheduledThreadPoolExecutor$DelayedWorkQueue.take(ScheduledThreadPoolExecutor.java:1182)
        at java.base@21.0.6/java.util.concurrent.ScheduledThreadPoolExecutor$DelayedWorkQueue.take(ScheduledThreadPoolExecutor.java:899)
        at java.base@21.0.6/java.util.concurrent.ThreadPoolExecutor.getTask(ThreadPoolExecutor.java:1070)
        at java.base@21.0.6/java.util.concurrent.ThreadPoolExecutor.runWorker(ThreadPoolExecutor.java:1130)
        at java.base@21.0.6/java.util.concurrent.ThreadPoolExecutor$Worker.run(ThreadPoolExecutor.java:642)
        at java.base@21.0.6/java.lang.Thread.runWith(Thread.java:1596)
        at java.base@21.0.6/java.lang.Thread.run(Thread.java:1583)
"StaleRecoveringContainerScrubbingService#1" daemon prio=5 tid=1029 in Object.wait()
java.lang.Thread.State: WAITING (on object monitor)
        at java.base@21.0.6/jdk.internal.misc.Unsafe.park(Native Method)
        at java.base@21.0.6/java.util.concurrent.locks.LockSupport.park(LockSupport.java:371)
        at java.base@21.0.6/java.util.concurrent.locks.AbstractQueuedSynchronizer$ConditionNode.block(AbstractQueuedSynchronizer.java:519)
        at java.base@21.0.6/java.util.concurrent.ForkJoinPool.unmanagedBlock(ForkJoinPool.java:3780)
        at java.base@21.0.6/java.util.concurrent.ForkJoinPool.managedBlock(ForkJoinPool.java:3725)
        at java.base@21.0.6/java.util.concurrent.locks.AbstractQueuedSynchronizer$ConditionObject.await(AbstractQueuedSynchronizer.java:1712)
        at java.base@21.0.6/java.util.concurrent.ScheduledThreadPoolExecutor$DelayedWorkQueue.take(ScheduledThreadPoolExecutor.java:1177)
        at java.base@21.0.6/java.util.concurrent.ScheduledThreadPoolExecutor$DelayedWorkQueue.take(ScheduledThreadPoolExecutor.java:899)
        at java.base@21.0.6/java.util.concurrent.ThreadPoolExecutor.getTask(ThreadPoolExecutor.java:1070)
        at java.base@21.0.6/java.util.concurrent.ThreadPoolExecutor.runWorker(ThreadPoolExecutor.java:1130)
        at java.base@21.0.6/java.util.concurrent.ThreadPoolExecutor$Worker.run(ThreadPoolExecutor.java:642)
        at java.base@21.0.6/java.lang.Thread.runWith(Thread.java:1596)
        at java.base@21.0.6/java.lang.Thread.run(Thread.java:1583)
"om1@group-C5BA1605619E-LeaderStateImpl" daemon prio=5 tid=620 timed_waiting
java.lang.Thread.State: TIMED_WAITING
        at java.base@21.0.6/jdk.internal.misc.Unsafe.park(Native Method)
        at java.base@21.0.6/java.util.concurrent.locks.LockSupport.parkNanos(LockSupport.java:269)
        at java.base@21.0.6/java.util.concurrent.locks.AbstractQueuedSynchronizer$ConditionObject.awaitNanos(AbstractQueuedSynchronizer.java:1763)
        at java.base@21.0.6/java.util.concurrent.ArrayBlockingQueue.poll(ArrayBlockingQueue.java:435)
        at app//org.apache.ratis.server.impl.LeaderStateImpl$EventQueue.poll(LeaderStateImpl.java:164)
        at app//org.apache.ratis.server.impl.LeaderStateImpl$EventProcessor.run(LeaderStateImpl.java:763)
"IPC Server handler 34 on default port 15000" daemon prio=5 tid=148 timed_waiting
java.lang.Thread.State: TIMED_WAITING
        at java.base@21.0.6/jdk.internal.misc.Unsafe.park(Native Method)
        at java.base@21.0.6/java.util.concurrent.locks.LockSupport.parkNanos(LockSupport.java:269)
        at java.base@21.0.6/java.util.concurrent.locks.AbstractQueuedSynchronizer$ConditionObject.awaitNanos(AbstractQueuedSynchronizer.java:1763)
        at java.base@21.0.6/java.util.concurrent.LinkedBlockingQueue.poll(LinkedBlockingQueue.java:460)
        at app//org.apache.hadoop.ipc.CallQueueManager.take(CallQueueManager.java:370)
        at app//org.apache.hadoop.ipc.Server$Handler.run(Server.java:3165)
"46d11c6d-db9b-44c9-8985-212dd9cf6636-server-thread2" daemon prio=5 tid=2096 timed_waiting
java.lang.Thread.State: TIMED_WAITING
        at java.base@21.0.6/jdk.internal.misc.Unsafe.park(Native Method)
        at java.base@21.0.6/java.util.concurrent.locks.LockSupport.parkNanos(LockSupport.java:410)
        at java.base@21.0.6/java.util.concurrent.LinkedTransferQueue$DualNode.await(LinkedTransferQueue.java:452)
        at java.base@21.0.6/java.util.concurrent.SynchronousQueue$Transferer.xferLifo(SynchronousQueue.java:194)
        at java.base@21.0.6/java.util.concurrent.SynchronousQueue.xfer(SynchronousQueue.java:235)
        at java.base@21.0.6/java.util.concurrent.SynchronousQueue.poll(SynchronousQueue.java:338)
        at java.base@21.0.6/java.util.concurrent.ThreadPoolExecutor.getTask(ThreadPoolExecutor.java:1069)
        at java.base@21.0.6/java.util.concurrent.ThreadPoolExecutor.runWorker(ThreadPoolExecutor.java:1130)
        at java.base@21.0.6/java.util.concurrent.ThreadPoolExecutor$Worker.run(ThreadPoolExecutor.java:642)
        at java.base@21.0.6/java.lang.Thread.runWith(Thread.java:1596)
        at java.base@21.0.6/java.lang.Thread.run(Thread.java:1583)
"IPC Server handler 68 on default port 15000" daemon prio=5 tid=182 timed_waiting
java.lang.Thread.State: TIMED_WAITING
        at java.base@21.0.6/jdk.internal.misc.Unsafe.park(Native Method)
        at java.base@21.0.6/java.util.concurrent.locks.LockSupport.parkNanos(LockSupport.java:269)
        at java.base@21.0.6/java.util.concurrent.locks.AbstractQueuedSynchronizer$ConditionObject.awaitNanos(AbstractQueuedSynchronizer.java:1763)
        at java.base@21.0.6/java.util.concurrent.LinkedBlockingQueue.poll(LinkedBlockingQueue.java:460)
        at app//org.apache.hadoop.ipc.CallQueueManager.take(CallQueueManager.java:370)
        at app//org.apache.hadoop.ipc.Server$Handler.run(Server.java:3165)
"qtp1616906553-704" daemon prio=5 tid=704 runnable
java.lang.Thread.State: RUNNABLE
        at java.base@21.0.6/sun.nio.ch.EPoll.wait(Native Method)
        at java.base@21.0.6/sun.nio.ch.EPollSelectorImpl.doSelect(EPollSelectorImpl.java:121)
        at java.base@21.0.6/sun.nio.ch.SelectorImpl.lockAndDoSelect(SelectorImpl.java:130)
        at java.base@21.0.6/sun.nio.ch.SelectorImpl.select(SelectorImpl.java:147)
        at app//org.eclipse.jetty.io.ManagedSelector.nioSelect(ManagedSelector.java:183)
        at app//org.eclipse.jetty.io.ManagedSelector.select(ManagedSelector.java:190)
        at app//org.eclipse.jetty.io.ManagedSelector$SelectorProducer.select(ManagedSelector.java:606)
        at app//org.eclipse.jetty.io.ManagedSelector$SelectorProducer.produce(ManagedSelector.java:543)
        at app//org.eclipse.jetty.util.thread.strategy.EatWhatYouKill.produceTask(EatWhatYouKill.java:362)
        at app//org.eclipse.jetty.util.thread.strategy.EatWhatYouKill.doProduce(EatWhatYouKill.java:186)
        at app//org.eclipse.jetty.util.thread.strategy.EatWhatYouKill.tryProduce(EatWhatYouKill.java:173)
        at app//org.eclipse.jetty.util.thread.strategy.EatWhatYouKill.produce(EatWhatYouKill.java:137)
        at app//org.eclipse.jetty.io.ManagedSelector$$Lambda/0x00007f7e9c660000.run(Unknown Source)
        at app//org.eclipse.jetty.util.thread.QueuedThreadPool.runJob(QueuedThreadPool.java:883)
        at app//org.eclipse.jetty.util.thread.QueuedThreadPool$Runner.run(QueuedThreadPool.java:1034)
        at java.base@21.0.6/java.lang.Thread.runWith(Thread.java:1596)
        at java.base@21.0.6/java.lang.Thread.run(Thread.java:1583)
"6b36f32d-918c-46a3-bfcb-888cb423c6dd-ContainerOp-ca93de93-6260-4798-bfae-2aa5ac354986-8"  prio=5 tid=1670 in Object.wait()
java.lang.Thread.State: WAITING (on object monitor)
        at java.base@21.0.6/jdk.internal.misc.Unsafe.park(Native Method)
        at java.base@21.0.6/java.util.concurrent.locks.LockSupport.park(LockSupport.java:371)
        at java.base@21.0.6/java.util.concurrent.locks.AbstractQueuedSynchronizer$ConditionNode.block(AbstractQueuedSynchronizer.java:519)
        at java.base@21.0.6/java.util.concurrent.ForkJoinPool.unmanagedBlock(ForkJoinPool.java:3780)
        at java.base@21.0.6/java.util.concurrent.ForkJoinPool.managedBlock(ForkJoinPool.java:3725)
        at java.base@21.0.6/java.util.concurrent.locks.AbstractQueuedSynchronizer$ConditionObject.await(AbstractQueuedSynchronizer.java:1712)
        at java.base@21.0.6/java.util.concurrent.LinkedBlockingQueue.take(LinkedBlockingQueue.java:435)
        at java.base@21.0.6/java.util.concurrent.ThreadPoolExecutor.getTask(ThreadPoolExecutor.java:1070)
        at java.base@21.0.6/java.util.concurrent.ThreadPoolExecutor.runWorker(ThreadPoolExecutor.java:1130)
        at java.base@21.0.6/java.util.concurrent.ThreadPoolExecutor$Worker.run(ThreadPoolExecutor.java:642)
        at java.base@21.0.6/java.lang.Thread.runWith(Thread.java:1596)
        at java.base@21.0.6/java.lang.Thread.run(Thread.java:1583)
"6b36f32d-918c-46a3-bfcb-888cb423c6dd-server-thread3" daemon prio=5 tid=1401 timed_waiting
java.lang.Thread.State: TIMED_WAITING
        at java.base@21.0.6/jdk.internal.misc.Unsafe.park(Native Method)
        at java.base@21.0.6/java.util.concurrent.locks.LockSupport.parkNanos(LockSupport.java:410)
        at java.base@21.0.6/java.util.concurrent.LinkedTransferQueue$DualNode.await(LinkedTransferQueue.java:452)
        at java.base@21.0.6/java.util.concurrent.SynchronousQueue$Transferer.xferLifo(SynchronousQueue.java:194)
        at java.base@21.0.6/java.util.concurrent.SynchronousQueue.xfer(SynchronousQueue.java:235)
        at java.base@21.0.6/java.util.concurrent.SynchronousQueue.poll(SynchronousQueue.java:338)
        at java.base@21.0.6/java.util.concurrent.ThreadPoolExecutor.getTask(ThreadPoolExecutor.java:1069)
        at java.base@21.0.6/java.util.concurrent.ThreadPoolExecutor.runWorker(ThreadPoolExecutor.java:1130)
        at java.base@21.0.6/java.util.concurrent.ThreadPoolExecutor$Worker.run(ThreadPoolExecutor.java:642)
        at java.base@21.0.6/java.lang.Thread.runWith(Thread.java:1596)
        at java.base@21.0.6/java.lang.Thread.run(Thread.java:1583)
"49dd84ae-7ec9-4d92-bc53-345946144fea-server-thread2" daemon prio=5 tid=2408 timed_waiting
java.lang.Thread.State: TIMED_WAITING
        at java.base@21.0.6/jdk.internal.misc.Unsafe.park(Native Method)
        at java.base@21.0.6/java.util.concurrent.locks.LockSupport.parkNanos(LockSupport.java:410)
        at java.base@21.0.6/java.util.concurrent.LinkedTransferQueue$DualNode.await(LinkedTransferQueue.java:452)
        at java.base@21.0.6/java.util.concurrent.SynchronousQueue$Transferer.xferLifo(SynchronousQueue.java:194)
        at java.base@21.0.6/java.util.concurrent.SynchronousQueue.xfer(SynchronousQueue.java:235)
        at java.base@21.0.6/java.util.concurrent.SynchronousQueue.poll(SynchronousQueue.java:338)
        at java.base@21.0.6/java.util.concurrent.ThreadPoolExecutor.getTask(ThreadPoolExecutor.java:1069)
        at java.base@21.0.6/java.util.concurrent.ThreadPoolExecutor.runWorker(ThreadPoolExecutor.java:1130)
        at java.base@21.0.6/java.util.concurrent.ThreadPoolExecutor$Worker.run(ThreadPoolExecutor.java:642)
        at java.base@21.0.6/java.lang.Thread.runWith(Thread.java:1596)
        at java.base@21.0.6/java.lang.Thread.run(Thread.java:1583)
"IPC Server handler 2 on default port 15021" daemon prio=5 tid=589 timed_waiting
java.lang.Thread.State: TIMED_WAITING
        at java.base@21.0.6/jdk.internal.misc.Unsafe.park(Native Method)
        at java.base@21.0.6/java.util.concurrent.locks.LockSupport.parkNanos(LockSupport.java:269)
        at java.base@21.0.6/java.util.concurrent.locks.AbstractQueuedSynchronizer$ConditionObject.awaitNanos(AbstractQueuedSynchronizer.java:1763)
        at java.base@21.0.6/java.util.concurrent.LinkedBlockingQueue.poll(LinkedBlockingQueue.java:460)
        at app//org.apache.hadoop.ipc.CallQueueManager.take(CallQueueManager.java:370)
        at app//org.apache.hadoop.ipc.Server$Handler.run(Server.java:3165)
"6b36f32d-918c-46a3-bfcb-888cb423c6dd@group-2AA5AC354986-LeaderStateImpl" daemon prio=5 tid=1377 timed_waiting
java.lang.Thread.State: TIMED_WAITING
        at java.base@21.0.6/jdk.internal.misc.Unsafe.park(Native Method)
        at java.base@21.0.6/java.util.concurrent.locks.LockSupport.parkNanos(LockSupport.java:269)
        at java.base@21.0.6/java.util.concurrent.locks.AbstractQueuedSynchronizer$ConditionObject.awaitNanos(AbstractQueuedSynchronizer.java:1763)
        at java.base@21.0.6/java.util.concurrent.ArrayBlockingQueue.poll(ArrayBlockingQueue.java:435)
        at app//org.apache.ratis.server.impl.LeaderStateImpl$EventQueue.poll(LeaderStateImpl.java:164)
        at app//org.apache.ratis.server.impl.LeaderStateImpl$EventProcessor.run(LeaderStateImpl.java:763)
"e20a886d-0459-4371-959f-f9bdb6931571-ChunkWriter-2-0" daemon prio=5 tid=1112 in Object.wait()
java.lang.Thread.State: WAITING (on object monitor)
        at java.base@21.0.6/jdk.internal.misc.Unsafe.park(Native Method)
        at java.base@21.0.6/java.util.concurrent.locks.LockSupport.park(LockSupport.java:371)
        at java.base@21.0.6/java.util.concurrent.locks.AbstractQueuedSynchronizer$ConditionNode.block(AbstractQueuedSynchronizer.java:519)
        at java.base@21.0.6/java.util.concurrent.ForkJoinPool.unmanagedBlock(ForkJoinPool.java:3780)
        at java.base@21.0.6/java.util.concurrent.ForkJoinPool.managedBlock(ForkJoinPool.java:3725)
        at java.base@21.0.6/java.util.concurrent.locks.AbstractQueuedSynchronizer$ConditionObject.await(AbstractQueuedSynchronizer.java:1712)
        at java.base@21.0.6/java.util.concurrent.LinkedBlockingDeque.takeFirst(LinkedBlockingDeque.java:485)
        at java.base@21.0.6/java.util.concurrent.LinkedBlockingDeque.take(LinkedBlockingDeque.java:673)
        at java.base@21.0.6/java.util.concurrent.ThreadPoolExecutor.getTask(ThreadPoolExecutor.java:1070)
        at java.base@21.0.6/java.util.concurrent.ThreadPoolExecutor.runWorker(ThreadPoolExecutor.java:1130)
        at java.base@21.0.6/java.util.concurrent.ThreadPoolExecutor$Worker.run(ThreadPoolExecutor.java:642)
        at java.base@21.0.6/java.lang.Thread.runWith(Thread.java:1596)
        at java.base@21.0.6/java.lang.Thread.run(Thread.java:1583)
"IPC Server handler 29 on default port 15000" daemon prio=5 tid=143 timed_waiting
java.lang.Thread.State: TIMED_WAITING
        at java.base@21.0.6/jdk.internal.misc.Unsafe.park(Native Method)
        at java.base@21.0.6/java.util.concurrent.locks.LockSupport.parkNanos(LockSupport.java:269)
        at java.base@21.0.6/java.util.concurrent.locks.AbstractQueuedSynchronizer$ConditionObject.awaitNanos(AbstractQueuedSynchronizer.java:1763)
        at java.base@21.0.6/java.util.concurrent.LinkedBlockingQueue.poll(LinkedBlockingQueue.java:460)
        at app//org.apache.hadoop.ipc.CallQueueManager.take(CallQueueManager.java:370)
        at app//org.apache.hadoop.ipc.Server$Handler.run(Server.java:3165)
"FixedThreadPoolWithAffinityExecutor-6-0" daemon prio=5 tid=103 timed_waiting
java.lang.Thread.State: TIMED_WAITING
        at java.base@21.0.6/jdk.internal.misc.Unsafe.park(Native Method)
        at java.base@21.0.6/java.util.concurrent.locks.LockSupport.parkNanos(LockSupport.java:269)
        at java.base@21.0.6/java.util.concurrent.locks.AbstractQueuedSynchronizer$ConditionObject.awaitNanos(AbstractQueuedSynchronizer.java:1763)
        at java.base@21.0.6/java.util.concurrent.LinkedBlockingQueue.poll(LinkedBlockingQueue.java:460)
        at app//org.apache.hadoop.hdds.scm.server.ContainerReportQueue.poll(ContainerReportQueue.java:269)
        at app//org.apache.hadoop.hdds.scm.server.ContainerReportQueue.poll(ContainerReportQueue.java:42)
        at app//org.apache.hadoop.hdds.server.events.FixedThreadPoolWithAffinityExecutor$ContainerReportProcessTask.run(FixedThreadPoolWithAffinityExecutor.java:252)
        at java.base@21.0.6/java.util.concurrent.Executors$RunnableAdapter.call(Executors.java:572)
        at java.base@21.0.6/java.util.concurrent.FutureTask.run(FutureTask.java:317)
        at java.base@21.0.6/java.util.concurrent.ThreadPoolExecutor.runWorker(ThreadPoolExecutor.java:1144)
        at java.base@21.0.6/java.util.concurrent.ThreadPoolExecutor$Worker.run(ThreadPoolExecutor.java:642)
        at java.base@21.0.6/java.lang.Thread.runWith(Thread.java:1596)
        at java.base@21.0.6/java.lang.Thread.run(Thread.java:1583)
"IPC Server idle connection scanner for port 15021" daemon prio=5 tid=584 timed_waiting
java.lang.Thread.State: TIMED_WAITING
        at java.base@21.0.6/java.lang.Object.wait0(Native Method)
        at java.base@21.0.6/java.lang.Object.wait(Object.java:366)
        at java.base@21.0.6/java.util.TimerThread.mainLoop(Timer.java:563)
        at java.base@21.0.6/java.util.TimerThread.run(Timer.java:516)
"a13388fd-1835-4592-9b5c-4bd6c8202229-client-thread2" daemon prio=5 tid=1795 timed_waiting
java.lang.Thread.State: TIMED_WAITING
        at java.base@21.0.6/jdk.internal.misc.Unsafe.park(Native Method)
        at java.base@21.0.6/java.util.concurrent.locks.LockSupport.parkNanos(LockSupport.java:410)
        at java.base@21.0.6/java.util.concurrent.LinkedTransferQueue$DualNode.await(LinkedTransferQueue.java:452)
        at java.base@21.0.6/java.util.concurrent.SynchronousQueue$Transferer.xferLifo(SynchronousQueue.java:194)
        at java.base@21.0.6/java.util.concurrent.SynchronousQueue.xfer(SynchronousQueue.java:235)
        at java.base@21.0.6/java.util.concurrent.SynchronousQueue.poll(SynchronousQueue.java:338)
        at java.base@21.0.6/java.util.concurrent.ThreadPoolExecutor.getTask(ThreadPoolExecutor.java:1069)
        at java.base@21.0.6/java.util.concurrent.ThreadPoolExecutor.runWorker(ThreadPoolExecutor.java:1130)
        at java.base@21.0.6/java.util.concurrent.ThreadPoolExecutor$Worker.run(ThreadPoolExecutor.java:642)
        at java.base@21.0.6/java.lang.Thread.runWith(Thread.java:1596)
        at java.base@21.0.6/java.lang.Thread.run(Thread.java:1583)
"IPC Server handler 49 on default port 15001" daemon prio=5 tid=263 timed_waiting
java.lang.Thread.State: TIMED_WAITING
        at java.base@21.0.6/jdk.internal.misc.Unsafe.park(Native Method)
        at java.base@21.0.6/java.util.concurrent.locks.LockSupport.parkNanos(LockSupport.java:269)
        at java.base@21.0.6/java.util.concurrent.locks.AbstractQueuedSynchronizer$ConditionObject.awaitNanos(AbstractQueuedSynchronizer.java:1763)
        at java.base@21.0.6/java.util.concurrent.LinkedBlockingQueue.poll(LinkedBlockingQueue.java:460)
        at app//org.apache.hadoop.ipc.CallQueueManager.take(CallQueueManager.java:370)
        at app//org.apache.hadoop.ipc.Server$Handler.run(Server.java:3165)
"46d11c6d-db9b-44c9-8985-212dd9cf6636@group-CA8E8F8CF78E-StateMachineUpdater" daemon prio=5 tid=1993 timed_waiting
java.lang.Thread.State: TIMED_WAITING
        at java.base@21.0.6/jdk.internal.misc.Unsafe.park(Native Method)
        at java.base@21.0.6/java.util.concurrent.locks.LockSupport.parkNanos(LockSupport.java:269)
        at java.base@21.0.6/java.util.concurrent.locks.AbstractQueuedSynchronizer$ConditionObject.await(AbstractQueuedSynchronizer.java:1852)
        at app//org.apache.ratis.util.AwaitForSignal.await(AwaitForSignal.java:65)
        at app//org.apache.ratis.server.impl.StateMachineUpdater.waitForCommit(StateMachineUpdater.java:219)
        at app//org.apache.ratis.server.impl.StateMachineUpdater.run(StateMachineUpdater.java:187)
        at java.base@21.0.6/java.lang.Thread.runWith(Thread.java:1596)
        at java.base@21.0.6/java.lang.Thread.run(Thread.java:1583)
"qtp179497095-323" daemon prio=5 tid=323 timed_waiting
java.lang.Thread.State: TIMED_WAITING
        at java.base@21.0.6/jdk.internal.misc.Unsafe.park(Native Method)
        at java.base@21.0.6/java.util.concurrent.locks.LockSupport.parkNanos(LockSupport.java:269)
        at java.base@21.0.6/java.util.concurrent.locks.AbstractQueuedSynchronizer$ConditionObject.awaitNanos(AbstractQueuedSynchronizer.java:1763)
        at app//org.eclipse.jetty.util.BlockingArrayQueue.poll(BlockingArrayQueue.java:382)
        at app//org.eclipse.jetty.util.thread.QueuedThreadPool$Runner.idleJobPoll(QueuedThreadPool.java:974)
        at app//org.eclipse.jetty.util.thread.QueuedThreadPool$Runner.run(QueuedThreadPool.java:1018)
        at java.base@21.0.6/java.lang.Thread.runWith(Thread.java:1596)
        at java.base@21.0.6/java.lang.Thread.run(Thread.java:1583)
"IPC Server handler 21 on default port 15000" daemon prio=5 tid=135 timed_waiting
java.lang.Thread.State: TIMED_WAITING
        at java.base@21.0.6/jdk.internal.misc.Unsafe.park(Native Method)
        at java.base@21.0.6/java.util.concurrent.locks.LockSupport.parkNanos(LockSupport.java:269)
        at java.base@21.0.6/java.util.concurrent.locks.AbstractQueuedSynchronizer$ConditionObject.awaitNanos(AbstractQueuedSynchronizer.java:1763)
        at java.base@21.0.6/java.util.concurrent.LinkedBlockingQueue.poll(LinkedBlockingQueue.java:460)
        at app//org.apache.hadoop.ipc.CallQueueManager.take(CallQueueManager.java:370)
        at app//org.apache.hadoop.ipc.Server$Handler.run(Server.java:3165)
"eb965ba7-12a8-46f3-92c0-bc6ff5b3bf3b-ContainerOp-e1fc892c-095b-4650-8f0f-81341f4e2824-5"  prio=5 tid=2297 in Object.wait()
java.lang.Thread.State: WAITING (on object monitor)
        at java.base@21.0.6/jdk.internal.misc.Unsafe.park(Native Method)
        at java.base@21.0.6/java.util.concurrent.locks.LockSupport.park(LockSupport.java:371)
        at java.base@21.0.6/java.util.concurrent.locks.AbstractQueuedSynchronizer$ConditionNode.block(AbstractQueuedSynchronizer.java:519)
        at java.base@21.0.6/java.util.concurrent.ForkJoinPool.unmanagedBlock(ForkJoinPool.java:3780)
        at java.base@21.0.6/java.util.concurrent.ForkJoinPool.managedBlock(ForkJoinPool.java:3725)
        at java.base@21.0.6/java.util.concurrent.locks.AbstractQueuedSynchronizer$ConditionObject.await(AbstractQueuedSynchronizer.java:1712)
        at java.base@21.0.6/java.util.concurrent.LinkedBlockingQueue.take(LinkedBlockingQueue.java:435)
        at java.base@21.0.6/java.util.concurrent.ThreadPoolExecutor.getTask(ThreadPoolExecutor.java:1070)
        at java.base@21.0.6/java.util.concurrent.ThreadPoolExecutor.runWorker(ThreadPoolExecutor.java:1130)
        at java.base@21.0.6/java.util.concurrent.ThreadPoolExecutor$Worker.run(ThreadPoolExecutor.java:642)
        at java.base@21.0.6/java.lang.Thread.runWith(Thread.java:1596)
        at java.base@21.0.6/java.lang.Thread.run(Thread.java:1583)
"om1-DirectoryDeletingService#4" daemon prio=5 tid=473 in Object.wait()
java.lang.Thread.State: WAITING (on object monitor)
        at java.base@21.0.6/jdk.internal.misc.Unsafe.park(Native Method)
        at java.base@21.0.6/java.util.concurrent.locks.LockSupport.park(LockSupport.java:371)
        at java.base@21.0.6/java.util.concurrent.locks.AbstractQueuedSynchronizer$ConditionNode.block(AbstractQueuedSynchronizer.java:519)
        at java.base@21.0.6/java.util.concurrent.ForkJoinPool.unmanagedBlock(ForkJoinPool.java:3780)
        at java.base@21.0.6/java.util.concurrent.ForkJoinPool.managedBlock(ForkJoinPool.java:3725)
        at java.base@21.0.6/java.util.concurrent.locks.AbstractQueuedSynchronizer$ConditionObject.await(AbstractQueuedSynchronizer.java:1712)
        at java.base@21.0.6/java.util.concurrent.ScheduledThreadPoolExecutor$DelayedWorkQueue.take(ScheduledThreadPoolExecutor.java:1177)
        at java.base@21.0.6/java.util.concurrent.ScheduledThreadPoolExecutor$DelayedWorkQueue.take(ScheduledThreadPoolExecutor.java:899)
        at java.base@21.0.6/java.util.concurrent.ThreadPoolExecutor.getTask(ThreadPoolExecutor.java:1070)
        at java.base@21.0.6/java.util.concurrent.ThreadPoolExecutor.runWorker(ThreadPoolExecutor.java:1130)
        at java.base@21.0.6/java.util.concurrent.ThreadPoolExecutor$Worker.run(ThreadPoolExecutor.java:642)
        at java.base@21.0.6/java.lang.Thread.runWith(Thread.java:1596)
        at java.base@21.0.6/java.lang.Thread.run(Thread.java:1583)
"42086d8c-c943-47d6-a5f9-799709872375@group-3A2BF5D858B4-SegmentedRaftLogWorker" daemon prio=5 tid=2336 timed_waiting
java.lang.Thread.State: TIMED_WAITING
        at java.base@21.0.6/jdk.internal.misc.Unsafe.park(Native Method)
        at java.base@21.0.6/java.util.concurrent.locks.LockSupport.parkNanos(LockSupport.java:269)
        at java.base@21.0.6/java.util.concurrent.locks.AbstractQueuedSynchronizer$ConditionObject.awaitNanos(AbstractQueuedSynchronizer.java:1763)
        at app//org.apache.ratis.util.DataBlockingQueue.poll(DataBlockingQueue.java:148)
        at app//org.apache.ratis.server.raftlog.segmented.SegmentedRaftLogWorker.run(SegmentedRaftLogWorker.java:307)
        at app//org.apache.ratis.server.raftlog.segmented.SegmentedRaftLogWorker$$Lambda/0x00007f7e9c334fd8.run(Unknown Source)
        at java.base@21.0.6/java.util.concurrent.Executors$RunnableAdapter.call(Executors.java:572)
        at java.base@21.0.6/java.util.concurrent.FutureTask.run(FutureTask.java:317)
        at java.base@21.0.6/java.util.concurrent.ThreadPoolExecutor.runWorker(ThreadPoolExecutor.java:1144)
        at java.base@21.0.6/java.util.concurrent.ThreadPoolExecutor$Worker.run(ThreadPoolExecutor.java:642)
        at java.base@21.0.6/java.lang.Thread.runWith(Thread.java:1596)
        at java.base@21.0.6/java.lang.Thread.run(Thread.java:1583)
"2dcfdddc-a76f-4d49-b174-7a2bddacee37-ContainerOp-9e09d6a8-9742-4eee-8124-a68b45278972-3"  prio=5 tid=2144 in Object.wait()
java.lang.Thread.State: WAITING (on object monitor)
        at java.base@21.0.6/jdk.internal.misc.Unsafe.park(Native Method)
        at java.base@21.0.6/java.util.concurrent.locks.LockSupport.park(LockSupport.java:371)
        at java.base@21.0.6/java.util.concurrent.locks.AbstractQueuedSynchronizer$ConditionNode.block(AbstractQueuedSynchronizer.java:519)
        at java.base@21.0.6/java.util.concurrent.ForkJoinPool.unmanagedBlock(ForkJoinPool.java:3780)
        at java.base@21.0.6/java.util.concurrent.ForkJoinPool.managedBlock(ForkJoinPool.java:3725)
        at java.base@21.0.6/java.util.concurrent.locks.AbstractQueuedSynchronizer$ConditionObject.await(AbstractQueuedSynchronizer.java:1712)
        at java.base@21.0.6/java.util.concurrent.LinkedBlockingQueue.take(LinkedBlockingQueue.java:435)
        at java.base@21.0.6/java.util.concurrent.ThreadPoolExecutor.getTask(ThreadPoolExecutor.java:1070)
        at java.base@21.0.6/java.util.concurrent.ThreadPoolExecutor.runWorker(ThreadPoolExecutor.java:1130)
        at java.base@21.0.6/java.util.concurrent.ThreadPoolExecutor$Worker.run(ThreadPoolExecutor.java:642)
        at java.base@21.0.6/java.lang.Thread.runWith(Thread.java:1596)
        at java.base@21.0.6/java.lang.Thread.run(Thread.java:1583)
"Socket Reader #8 for port 15006"  prio=5 tid=450 runnable
java.lang.Thread.State: RUNNABLE
        at java.base@21.0.6/sun.nio.ch.EPoll.wait(Native Method)
        at java.base@21.0.6/sun.nio.ch.EPollSelectorImpl.doSelect(EPollSelectorImpl.java:121)
        at java.base@21.0.6/sun.nio.ch.SelectorImpl.lockAndDoSelect(SelectorImpl.java:130)
        at java.base@21.0.6/sun.nio.ch.SelectorImpl.select(SelectorImpl.java:147)
        at app//org.apache.hadoop.ipc.Server$Listener$Reader.doRunLoop(Server.java:1497)
        at app//org.apache.hadoop.ipc.Server$Listener$Reader.run(Server.java:1476)
"qtp1625390205-566-acceptor-0@755a8a39-ServerConnector@643afff3{HTTP/1.1, (http/1.1)}{0.0.0.0:15020}" daemon prio=3 tid=566 runnable
java.lang.Thread.State: RUNNABLE
        at java.base@21.0.6/sun.nio.ch.Net.accept(Native Method)
        at java.base@21.0.6/sun.nio.ch.ServerSocketChannelImpl.implAccept(ServerSocketChannelImpl.java:433)
        at java.base@21.0.6/sun.nio.ch.ServerSocketChannelImpl.accept(ServerSocketChannelImpl.java:399)
        at app//org.eclipse.jetty.server.ServerConnector.accept(ServerConnector.java:388)
        at app//org.eclipse.jetty.server.AbstractConnector$Acceptor.run(AbstractConnector.java:704)
        at app//org.eclipse.jetty.util.thread.QueuedThreadPool.runJob(QueuedThreadPool.java:883)
        at app//org.eclipse.jetty.util.thread.QueuedThreadPool$Runner.run(QueuedThreadPool.java:1034)
        at java.base@21.0.6/java.lang.Thread.runWith(Thread.java:1596)
        at java.base@21.0.6/java.lang.Thread.run(Thread.java:1583)
"PartialTableCache-Cleanup-0" daemon prio=5 tid=1455 in Object.wait()
java.lang.Thread.State: WAITING (on object monitor)
        at java.base@21.0.6/jdk.internal.misc.Unsafe.park(Native Method)
        at java.base@21.0.6/java.util.concurrent.locks.LockSupport.park(LockSupport.java:371)
        at java.base@21.0.6/java.util.concurrent.locks.AbstractQueuedSynchronizer$ConditionNode.block(AbstractQueuedSynchronizer.java:519)
        at java.base@21.0.6/java.util.concurrent.ForkJoinPool.unmanagedBlock(ForkJoinPool.java:3780)
        at java.base@21.0.6/java.util.concurrent.ForkJoinPool.managedBlock(ForkJoinPool.java:3725)
        at java.base@21.0.6/java.util.concurrent.locks.AbstractQueuedSynchronizer$ConditionObject.await(AbstractQueuedSynchronizer.java:1712)
        at java.base@21.0.6/java.util.concurrent.LinkedBlockingQueue.take(LinkedBlockingQueue.java:435)
        at java.base@21.0.6/java.util.concurrent.ThreadPoolExecutor.getTask(ThreadPoolExecutor.java:1070)
        at java.base@21.0.6/java.util.concurrent.ThreadPoolExecutor.runWorker(ThreadPoolExecutor.java:1130)
        at java.base@21.0.6/java.util.concurrent.ThreadPoolExecutor$Worker.run(ThreadPoolExecutor.java:642)
        at java.base@21.0.6/java.lang.Thread.runWith(Thread.java:1596)
        at java.base@21.0.6/java.lang.Thread.run(Thread.java:1583)
"ccfadb7c-9180-4c4b-b969-671c642a7bd3@group-BBC2BE15DE85-SegmentedRaftLogWorker"  prio=5 tid=1973 timed_waiting
java.lang.Thread.State: TIMED_WAITING
        at java.base@21.0.6/jdk.internal.misc.Unsafe.park(Native Method)
        at java.base@21.0.6/java.util.concurrent.locks.LockSupport.parkNanos(LockSupport.java:269)
        at java.base@21.0.6/java.util.concurrent.locks.AbstractQueuedSynchronizer$ConditionObject.awaitNanos(AbstractQueuedSynchronizer.java:1763)
        at app//org.apache.ratis.util.DataBlockingQueue.poll(DataBlockingQueue.java:148)
        at app//org.apache.ratis.server.raftlog.segmented.SegmentedRaftLogWorker.run(SegmentedRaftLogWorker.java:307)
        at app//org.apache.ratis.server.raftlog.segmented.SegmentedRaftLogWorker$$Lambda/0x00007f7e9c334fd8.run(Unknown Source)
        at java.base@21.0.6/java.util.concurrent.Executors$RunnableAdapter.call(Executors.java:572)
        at java.base@21.0.6/java.util.concurrent.FutureTask.run(FutureTask.java:317)
        at java.base@21.0.6/java.util.concurrent.ThreadPoolExecutor.runWorker(ThreadPoolExecutor.java:1144)
        at java.base@21.0.6/java.util.concurrent.ThreadPoolExecutor$Worker.run(ThreadPoolExecutor.java:642)
        at java.base@21.0.6/java.lang.Thread.runWith(Thread.java:1596)
        at java.base@21.0.6/java.lang.Thread.run(Thread.java:1583)
"6b36f32d-918c-46a3-bfcb-888cb423c6dd-CommandProcessorThread" daemon prio=5 tid=602 timed_waiting
java.lang.Thread.State: TIMED_WAITING
        at java.base@21.0.6/java.lang.Thread.sleep0(Native Method)
        at java.base@21.0.6/java.lang.Thread.sleep(Thread.java:509)
        at app//org.apache.hadoop.ozone.container.common.statemachine.DatanodeStateMachine.lambda$initCommandHandlerThread$4(DatanodeStateMachine.java:669)
        at app//org.apache.hadoop.ozone.container.common.statemachine.DatanodeStateMachine$$Lambda/0x00007f7e9c7d6b80.run(Unknown Source)
        at java.base@21.0.6/java.lang.Thread.runWith(Thread.java:1596)
        at java.base@21.0.6/java.lang.Thread.run(Thread.java:1583)
"2fdf8a61-8d2a-4048-aa8e-d82d5837d34a@group-4434D0010B67-LeaderStateImpl" daemon prio=5 tid=2404 timed_waiting
java.lang.Thread.State: TIMED_WAITING
        at java.base@21.0.6/jdk.internal.misc.Unsafe.park(Native Method)
        at java.base@21.0.6/java.util.concurrent.locks.LockSupport.parkNanos(LockSupport.java:269)
        at java.base@21.0.6/java.util.concurrent.locks.AbstractQueuedSynchronizer$ConditionObject.awaitNanos(AbstractQueuedSynchronizer.java:1763)
        at java.base@21.0.6/java.util.concurrent.ArrayBlockingQueue.poll(ArrayBlockingQueue.java:435)
        at app//org.apache.ratis.server.impl.LeaderStateImpl$EventQueue.poll(LeaderStateImpl.java:164)
        at app//org.apache.ratis.server.impl.LeaderStateImpl$EventProcessor.run(LeaderStateImpl.java:763)
"Socket Reader #10 for port 15021"  prio=5 tid=583 runnable
java.lang.Thread.State: RUNNABLE
        at java.base@21.0.6/sun.nio.ch.EPoll.wait(Native Method)
        at java.base@21.0.6/sun.nio.ch.EPollSelectorImpl.doSelect(EPollSelectorImpl.java:121)
        at java.base@21.0.6/sun.nio.ch.SelectorImpl.lockAndDoSelect(SelectorImpl.java:130)
        at java.base@21.0.6/sun.nio.ch.SelectorImpl.select(SelectorImpl.java:147)
        at app//org.apache.hadoop.ipc.Server$Listener$Reader.doRunLoop(Server.java:1497)
        at app//org.apache.hadoop.ipc.Server$Listener$Reader.run(Server.java:1476)
"6b36f32d-918c-46a3-bfcb-888cb423c6dd-PipelineCommandHandlerThread-0"  prio=5 tid=1179 in Object.wait()
java.lang.Thread.State: WAITING (on object monitor)
        at java.base@21.0.6/jdk.internal.misc.Unsafe.park(Native Method)
        at java.base@21.0.6/java.util.concurrent.locks.LockSupport.park(LockSupport.java:371)
        at java.base@21.0.6/java.util.concurrent.locks.AbstractQueuedSynchronizer$ConditionNode.block(AbstractQueuedSynchronizer.java:519)
        at java.base@21.0.6/java.util.concurrent.ForkJoinPool.unmanagedBlock(ForkJoinPool.java:3780)
        at java.base@21.0.6/java.util.concurrent.ForkJoinPool.managedBlock(ForkJoinPool.java:3725)
        at java.base@21.0.6/java.util.concurrent.locks.AbstractQueuedSynchronizer$ConditionObject.await(AbstractQueuedSynchronizer.java:1712)
        at java.base@21.0.6/java.util.concurrent.LinkedBlockingQueue.take(LinkedBlockingQueue.java:435)
        at java.base@21.0.6/java.util.concurrent.ThreadPoolExecutor.getTask(ThreadPoolExecutor.java:1070)
        at java.base@21.0.6/java.util.concurrent.ThreadPoolExecutor.runWorker(ThreadPoolExecutor.java:1130)
        at java.base@21.0.6/java.util.concurrent.ThreadPoolExecutor$Worker.run(ThreadPoolExecutor.java:642)
        at java.base@21.0.6/java.lang.Thread.runWith(Thread.java:1596)
        at java.base@21.0.6/java.lang.Thread.run(Thread.java:1583)
"46d11c6d-db9b-44c9-8985-212dd9cf6636@group-FD3C136676F4-LeaderStateImpl" daemon prio=5 tid=1451 timed_waiting
java.lang.Thread.State: TIMED_WAITING
        at java.base@21.0.6/jdk.internal.misc.Unsafe.park(Native Method)
        at java.base@21.0.6/java.util.concurrent.locks.LockSupport.parkNanos(LockSupport.java:269)
        at java.base@21.0.6/java.util.concurrent.locks.AbstractQueuedSynchronizer$ConditionObject.awaitNanos(AbstractQueuedSynchronizer.java:1763)
        at java.base@21.0.6/java.util.concurrent.ArrayBlockingQueue.poll(ArrayBlockingQueue.java:435)
        at app//org.apache.ratis.server.impl.LeaderStateImpl$EventQueue.poll(LeaderStateImpl.java:164)
        at app//org.apache.ratis.server.impl.LeaderStateImpl$EventProcessor.run(LeaderStateImpl.java:763)
"IPC Server handler 59 on default port 15002" daemon prio=5 tid=391 timed_waiting
java.lang.Thread.State: TIMED_WAITING
        at java.base@21.0.6/jdk.internal.misc.Unsafe.park(Native Method)
        at java.base@21.0.6/java.util.concurrent.locks.LockSupport.parkNanos(LockSupport.java:269)
        at java.base@21.0.6/java.util.concurrent.locks.AbstractQueuedSynchronizer$ConditionObject.awaitNanos(AbstractQueuedSynchronizer.java:1763)
        at java.base@21.0.6/java.util.concurrent.LinkedBlockingQueue.poll(LinkedBlockingQueue.java:460)
        at app//org.apache.hadoop.ipc.CallQueueManager.take(CallQueueManager.java:370)
        at app//org.apache.hadoop.ipc.Server$Handler.run(Server.java:3165)
"Socket Reader #9 for port 15084"  prio=5 tid=1922 runnable
java.lang.Thread.State: RUNNABLE
        at java.base@21.0.6/sun.nio.ch.EPoll.wait(Native Method)
        at java.base@21.0.6/sun.nio.ch.EPollSelectorImpl.doSelect(EPollSelectorImpl.java:121)
        at java.base@21.0.6/sun.nio.ch.SelectorImpl.lockAndDoSelect(SelectorImpl.java:130)
        at java.base@21.0.6/sun.nio.ch.SelectorImpl.select(SelectorImpl.java:147)
        at app//org.apache.hadoop.ipc.Server$Listener$Reader.doRunLoop(Server.java:1497)
        at app//org.apache.hadoop.ipc.Server$Listener$Reader.run(Server.java:1476)
"Session-HouseKeeper-25bfc73-1"  prio=5 tid=2251 timed_waiting
java.lang.Thread.State: TIMED_WAITING
        at java.base@21.0.6/jdk.internal.misc.Unsafe.park(Native Method)
        at java.base@21.0.6/java.util.concurrent.locks.LockSupport.parkNanos(LockSupport.java:269)
        at java.base@21.0.6/java.util.concurrent.locks.AbstractQueuedSynchronizer$ConditionObject.awaitNanos(AbstractQueuedSynchronizer.java:1763)
        at java.base@21.0.6/java.util.concurrent.ScheduledThreadPoolExecutor$DelayedWorkQueue.take(ScheduledThreadPoolExecutor.java:1182)
        at java.base@21.0.6/java.util.concurrent.ScheduledThreadPoolExecutor$DelayedWorkQueue.take(ScheduledThreadPoolExecutor.java:899)
        at java.base@21.0.6/java.util.concurrent.ThreadPoolExecutor.getTask(ThreadPoolExecutor.java:1070)
        at java.base@21.0.6/java.util.concurrent.ThreadPoolExecutor.runWorker(ThreadPoolExecutor.java:1130)
        at java.base@21.0.6/java.util.concurrent.ThreadPoolExecutor$Worker.run(ThreadPoolExecutor.java:642)
        at java.base@21.0.6/java.lang.Thread.runWith(Thread.java:1596)
        at java.base@21.0.6/java.lang.Thread.run(Thread.java:1583)
"49dd84ae-7ec9-4d92-bc53-345946144fea@group-A17754050E0F-cacheEviction-AwaitToRun" daemon prio=5 tid=2369 in Object.wait()
java.lang.Thread.State: WAITING (on object monitor)
        at java.base@21.0.6/jdk.internal.misc.Unsafe.park(Native Method)
        at java.base@21.0.6/java.util.concurrent.locks.LockSupport.park(LockSupport.java:371)
        at java.base@21.0.6/java.util.concurrent.locks.AbstractQueuedSynchronizer$ConditionNode.block(AbstractQueuedSynchronizer.java:519)
        at java.base@21.0.6/java.util.concurrent.ForkJoinPool.unmanagedBlock(ForkJoinPool.java:3780)
        at java.base@21.0.6/java.util.concurrent.ForkJoinPool.managedBlock(ForkJoinPool.java:3725)
        at java.base@21.0.6/java.util.concurrent.locks.AbstractQueuedSynchronizer$ConditionObject.await(AbstractQueuedSynchronizer.java:1712)
        at app//org.apache.ratis.util.AwaitForSignal.await(AwaitForSignal.java:48)
        at app//org.apache.ratis.util.AwaitToRun$RunnableImpl.run(AwaitToRun.java:47)
        at java.base@21.0.6/java.lang.Thread.runWith(Thread.java:1596)
        at java.base@21.0.6/java.lang.Thread.run(Thread.java:1583)
"IPC Server Responder" daemon prio=5 tid=725 runnable
java.lang.Thread.State: RUNNABLE
        at java.base@21.0.6/sun.nio.ch.EPoll.wait(Native Method)
        at java.base@21.0.6/sun.nio.ch.EPollSelectorImpl.doSelect(EPollSelectorImpl.java:121)
        at java.base@21.0.6/sun.nio.ch.SelectorImpl.lockAndDoSelect(SelectorImpl.java:130)
        at java.base@21.0.6/sun.nio.ch.SelectorImpl.select(SelectorImpl.java:142)
        at app//org.apache.hadoop.ipc.Server$Responder.doRunLoop(Server.java:1733)
        at app//org.apache.hadoop.ipc.Server$Responder.run(Server.java:1716)
"qtp454923113-2246" daemon prio=5 tid=2246 timed_waiting
java.lang.Thread.State: TIMED_WAITING
        at java.base@21.0.6/jdk.internal.misc.Unsafe.park(Native Method)
        at java.base@21.0.6/java.util.concurrent.locks.LockSupport.parkNanos(LockSupport.java:269)
        at java.base@21.0.6/java.util.concurrent.locks.AbstractQueuedSynchronizer$ConditionObject.awaitNanos(AbstractQueuedSynchronizer.java:1763)
        at app//org.eclipse.jetty.util.BlockingArrayQueue.poll(BlockingArrayQueue.java:382)
        at app//org.eclipse.jetty.util.thread.QueuedThreadPool$Runner.idleJobPoll(QueuedThreadPool.java:974)
        at app//org.eclipse.jetty.util.thread.QueuedThreadPool$Runner.run(QueuedThreadPool.java:1018)
        at java.base@21.0.6/java.lang.Thread.runWith(Thread.java:1596)
        at java.base@21.0.6/java.lang.Thread.run(Thread.java:1583)
"IPC Server handler 92 on default port 15001" daemon prio=5 tid=306 timed_waiting
java.lang.Thread.State: TIMED_WAITING
        at java.base@21.0.6/jdk.internal.misc.Unsafe.park(Native Method)
        at java.base@21.0.6/java.util.concurrent.locks.LockSupport.parkNanos(LockSupport.java:269)
        at java.base@21.0.6/java.util.concurrent.locks.AbstractQueuedSynchronizer$ConditionObject.awaitNanos(AbstractQueuedSynchronizer.java:1763)
        at java.base@21.0.6/java.util.concurrent.LinkedBlockingQueue.poll(LinkedBlockingQueue.java:460)
        at app//org.apache.hadoop.ipc.CallQueueManager.take(CallQueueManager.java:370)
        at app//org.apache.hadoop.ipc.Server$Handler.run(Server.java:3165)
"42086d8c-c943-47d6-a5f9-799709872375-ChunkReader-9" daemon prio=5 tid=2169 in Object.wait()
java.lang.Thread.State: WAITING (on object monitor)
        at java.base@21.0.6/jdk.internal.misc.Unsafe.park(Native Method)
        at java.base@21.0.6/java.util.concurrent.locks.LockSupport.park(LockSupport.java:371)
        at java.base@21.0.6/java.util.concurrent.locks.AbstractQueuedSynchronizer$ConditionNode.block(AbstractQueuedSynchronizer.java:519)
        at java.base@21.0.6/java.util.concurrent.ForkJoinPool.unmanagedBlock(ForkJoinPool.java:3780)
        at java.base@21.0.6/java.util.concurrent.ForkJoinPool.managedBlock(ForkJoinPool.java:3725)
        at java.base@21.0.6/java.util.concurrent.locks.AbstractQueuedSynchronizer$ConditionObject.await(AbstractQueuedSynchronizer.java:1712)
        at java.base@21.0.6/java.util.concurrent.LinkedBlockingQueue.take(LinkedBlockingQueue.java:435)
        at java.base@21.0.6/java.util.concurrent.ThreadPoolExecutor.getTask(ThreadPoolExecutor.java:1070)
        at java.base@21.0.6/java.util.concurrent.ThreadPoolExecutor.runWorker(ThreadPoolExecutor.java:1130)
        at java.base@21.0.6/java.util.concurrent.ThreadPoolExecutor$Worker.run(ThreadPoolExecutor.java:642)
        at java.base@21.0.6/java.lang.Thread.runWith(Thread.java:1596)
        at java.base@21.0.6/java.lang.Thread.run(Thread.java:1583)
"46d11c6d-db9b-44c9-8985-212dd9cf6636@group-CA8E8F8CF78E-cacheEviction-AwaitToRun" daemon prio=5 tid=1990 in Object.wait()
java.lang.Thread.State: WAITING (on object monitor)
        at java.base@21.0.6/jdk.internal.misc.Unsafe.park(Native Method)
        at java.base@21.0.6/java.util.concurrent.locks.LockSupport.park(LockSupport.java:371)
        at java.base@21.0.6/java.util.concurrent.locks.AbstractQueuedSynchronizer$ConditionNode.block(AbstractQueuedSynchronizer.java:519)
        at java.base@21.0.6/java.util.concurrent.ForkJoinPool.unmanagedBlock(ForkJoinPool.java:3780)
        at java.base@21.0.6/java.util.concurrent.ForkJoinPool.managedBlock(ForkJoinPool.java:3725)
        at java.base@21.0.6/java.util.concurrent.locks.AbstractQueuedSynchronizer$ConditionObject.await(AbstractQueuedSynchronizer.java:1712)
        at app//org.apache.ratis.util.AwaitForSignal.await(AwaitForSignal.java:48)
        at app//org.apache.ratis.util.AwaitToRun$RunnableImpl.run(AwaitToRun.java:47)
        at java.base@21.0.6/java.lang.Thread.runWith(Thread.java:1596)
        at java.base@21.0.6/java.lang.Thread.run(Thread.java:1583)
"ccfadb7c-9180-4c4b-b969-671c642a7bd3-BlockDeletingService#2" daemon prio=5 tid=1832 in Object.wait()
java.lang.Thread.State: WAITING (on object monitor)
        at java.base@21.0.6/jdk.internal.misc.Unsafe.park(Native Method)
        at java.base@21.0.6/java.util.concurrent.locks.LockSupport.park(LockSupport.java:371)
        at java.base@21.0.6/java.util.concurrent.locks.AbstractQueuedSynchronizer$ConditionNode.block(AbstractQueuedSynchronizer.java:519)
        at java.base@21.0.6/java.util.concurrent.ForkJoinPool.unmanagedBlock(ForkJoinPool.java:3780)
        at java.base@21.0.6/java.util.concurrent.ForkJoinPool.managedBlock(ForkJoinPool.java:3725)
        at java.base@21.0.6/java.util.concurrent.locks.AbstractQueuedSynchronizer$ConditionObject.await(AbstractQueuedSynchronizer.java:1712)
        at java.base@21.0.6/java.util.concurrent.ScheduledThreadPoolExecutor$DelayedWorkQueue.take(ScheduledThreadPoolExecutor.java:1177)
        at java.base@21.0.6/java.util.concurrent.ScheduledThreadPoolExecutor$DelayedWorkQueue.take(ScheduledThreadPoolExecutor.java:899)
        at java.base@21.0.6/java.util.concurrent.ThreadPoolExecutor.getTask(ThreadPoolExecutor.java:1070)
        at java.base@21.0.6/java.util.concurrent.ThreadPoolExecutor.runWorker(ThreadPoolExecutor.java:1130)
        at java.base@21.0.6/java.util.concurrent.ThreadPoolExecutor$Worker.run(ThreadPoolExecutor.java:642)
        at java.base@21.0.6/java.lang.Thread.runWith(Thread.java:1596)
        at java.base@21.0.6/java.lang.Thread.run(Thread.java:1583)
"25fe7083-9332-4190-accf-9f4542114dd9-ChunkReader-ELG-0" daemon prio=5 tid=1957 runnable
java.lang.Thread.State: RUNNABLE
        at app//org.apache.ratis.thirdparty.io.netty.channel.epoll.Native.epollWait(Native Method)
        at app//org.apache.ratis.thirdparty.io.netty.channel.epoll.Native.epollWait(Native.java:220)
        at app//org.apache.ratis.thirdparty.io.netty.channel.epoll.Native.epollWait(Native.java:213)
        at app//org.apache.ratis.thirdparty.io.netty.channel.epoll.EpollEventLoop.epollWaitNoTimerChange(EpollEventLoop.java:308)
        at app//org.apache.ratis.thirdparty.io.netty.channel.epoll.EpollEventLoop.run(EpollEventLoop.java:365)
        at app//org.apache.ratis.thirdparty.io.netty.util.concurrent.SingleThreadEventExecutor$4.run(SingleThreadEventExecutor.java:997)
        at app//org.apache.ratis.thirdparty.io.netty.util.internal.ThreadExecutorMap$2.run(ThreadExecutorMap.java:74)
        at java.base@21.0.6/java.lang.Thread.runWith(Thread.java:1596)
        at java.base@21.0.6/java.lang.Thread.run(Thread.java:1583)
"eb965ba7-12a8-46f3-92c0-bc6ff5b3bf3b-ContainerOp-e1fc892c-095b-4650-8f0f-81341f4e2824-4"  prio=5 tid=2296 in Object.wait()
java.lang.Thread.State: WAITING (on object monitor)
        at java.base@21.0.6/jdk.internal.misc.Unsafe.park(Native Method)
        at java.base@21.0.6/java.util.concurrent.locks.LockSupport.park(LockSupport.java:371)
        at java.base@21.0.6/java.util.concurrent.locks.AbstractQueuedSynchronizer$ConditionNode.block(AbstractQueuedSynchronizer.java:519)
        at java.base@21.0.6/java.util.concurrent.ForkJoinPool.unmanagedBlock(ForkJoinPool.java:3780)
        at java.base@21.0.6/java.util.concurrent.ForkJoinPool.managedBlock(ForkJoinPool.java:3725)
        at java.base@21.0.6/java.util.concurrent.locks.AbstractQueuedSynchronizer$ConditionObject.await(AbstractQueuedSynchronizer.java:1712)
        at java.base@21.0.6/java.util.concurrent.LinkedBlockingQueue.take(LinkedBlockingQueue.java:435)
        at java.base@21.0.6/java.util.concurrent.ThreadPoolExecutor.getTask(ThreadPoolExecutor.java:1070)
        at java.base@21.0.6/java.util.concurrent.ThreadPoolExecutor.runWorker(ThreadPoolExecutor.java:1130)
        at java.base@21.0.6/java.util.concurrent.ThreadPoolExecutor$Worker.run(ThreadPoolExecutor.java:642)
        at java.base@21.0.6/java.lang.Thread.runWith(Thread.java:1596)
        at java.base@21.0.6/java.lang.Thread.run(Thread.java:1583)
"IPC Server handler 73 on default port 15000" daemon prio=5 tid=187 timed_waiting
java.lang.Thread.State: TIMED_WAITING
        at java.base@21.0.6/jdk.internal.misc.Unsafe.park(Native Method)
        at java.base@21.0.6/java.util.concurrent.locks.LockSupport.parkNanos(LockSupport.java:269)
        at java.base@21.0.6/java.util.concurrent.locks.AbstractQueuedSynchronizer$ConditionObject.awaitNanos(AbstractQueuedSynchronizer.java:1763)
        at java.base@21.0.6/java.util.concurrent.LinkedBlockingQueue.poll(LinkedBlockingQueue.java:460)
        at app//org.apache.hadoop.ipc.CallQueueManager.take(CallQueueManager.java:370)
        at app//org.apache.hadoop.ipc.Server$Handler.run(Server.java:3165)
"e20a886d-0459-4371-959f-f9bdb6931571-NettyServerStreamRpc-bossGroup--thread1"  prio=5 tid=838 runnable
java.lang.Thread.State: RUNNABLE
        at app//org.apache.ratis.thirdparty.io.netty.channel.epoll.Native.epollWait(Native Method)
        at app//org.apache.ratis.thirdparty.io.netty.channel.epoll.Native.epollWait(Native.java:220)
        at app//org.apache.ratis.thirdparty.io.netty.channel.epoll.Native.epollWait(Native.java:213)
        at app//org.apache.ratis.thirdparty.io.netty.channel.epoll.EpollEventLoop.epollWaitNoTimerChange(EpollEventLoop.java:308)
        at app//org.apache.ratis.thirdparty.io.netty.channel.epoll.EpollEventLoop.run(EpollEventLoop.java:365)
        at app//org.apache.ratis.thirdparty.io.netty.util.concurrent.SingleThreadEventExecutor$4.run(SingleThreadEventExecutor.java:997)
        at app//org.apache.ratis.thirdparty.io.netty.util.internal.ThreadExecutorMap$2.run(ThreadExecutorMap.java:74)
        at java.base@21.0.6/java.lang.Thread.runWith(Thread.java:1596)
        at java.base@21.0.6/java.lang.Thread.run(Thread.java:1583)
"ccfadb7c-9180-4c4b-b969-671c642a7bd3@group-B04885C1B125-StateMachineUpdater" daemon prio=5 tid=1350 timed_waiting
java.lang.Thread.State: TIMED_WAITING
        at java.base@21.0.6/jdk.internal.misc.Unsafe.park(Native Method)
        at java.base@21.0.6/java.util.concurrent.locks.LockSupport.parkNanos(LockSupport.java:269)
        at java.base@21.0.6/java.util.concurrent.locks.AbstractQueuedSynchronizer$ConditionObject.await(AbstractQueuedSynchronizer.java:1852)
        at app//org.apache.ratis.util.AwaitForSignal.await(AwaitForSignal.java:65)
        at app//org.apache.ratis.server.impl.StateMachineUpdater.waitForCommit(StateMachineUpdater.java:219)
        at app//org.apache.ratis.server.impl.StateMachineUpdater.run(StateMachineUpdater.java:187)
        at java.base@21.0.6/java.lang.Thread.runWith(Thread.java:1596)
        at java.base@21.0.6/java.lang.Thread.run(Thread.java:1583)
"qtp2029305492-616" daemon prio=5 tid=616 timed_waiting
java.lang.Thread.State: TIMED_WAITING
        at java.base@21.0.6/jdk.internal.misc.Unsafe.park(Native Method)
        at java.base@21.0.6/java.util.concurrent.locks.LockSupport.parkNanos(LockSupport.java:269)
        at java.base@21.0.6/java.util.concurrent.locks.AbstractQueuedSynchronizer$ConditionObject.awaitNanos(AbstractQueuedSynchronizer.java:1763)
        at app//org.eclipse.jetty.util.BlockingArrayQueue.poll(BlockingArrayQueue.java:382)
        at app//org.eclipse.jetty.util.thread.QueuedThreadPool$Runner.idleJobPoll(QueuedThreadPool.java:974)
        at app//org.eclipse.jetty.util.thread.QueuedThreadPool$Runner.run(QueuedThreadPool.java:1018)
        at java.base@21.0.6/java.lang.Thread.runWith(Thread.java:1596)
        at java.base@21.0.6/java.lang.Thread.run(Thread.java:1583)
"Socket Reader #4 for port 15021"  prio=5 tid=577 runnable
java.lang.Thread.State: RUNNABLE
        at java.base@21.0.6/sun.nio.ch.EPoll.wait(Native Method)
        at java.base@21.0.6/sun.nio.ch.EPollSelectorImpl.doSelect(EPollSelectorImpl.java:121)
        at java.base@21.0.6/sun.nio.ch.SelectorImpl.lockAndDoSelect(SelectorImpl.java:130)
        at java.base@21.0.6/sun.nio.ch.SelectorImpl.select(SelectorImpl.java:147)
        at app//org.apache.hadoop.ipc.Server$Listener$Reader.doRunLoop(Server.java:1497)
        at app//org.apache.hadoop.ipc.Server$Listener$Reader.run(Server.java:1476)
"IPC Server handler 18 on default port 15002" daemon prio=5 tid=350 timed_waiting
java.lang.Thread.State: TIMED_WAITING
        at java.base@21.0.6/jdk.internal.misc.Unsafe.park(Native Method)
        at java.base@21.0.6/java.util.concurrent.locks.LockSupport.parkNanos(LockSupport.java:269)
        at java.base@21.0.6/java.util.concurrent.locks.AbstractQueuedSynchronizer$ConditionObject.awaitNanos(AbstractQueuedSynchronizer.java:1763)
        at java.base@21.0.6/java.util.concurrent.LinkedBlockingQueue.poll(LinkedBlockingQueue.java:460)
        at app//org.apache.hadoop.ipc.CallQueueManager.take(CallQueueManager.java:370)
        at app//org.apache.hadoop.ipc.Server$Handler.run(Server.java:3165)
"IPC Server idle connection scanner for port 15039" daemon prio=5 tid=678 timed_waiting
java.lang.Thread.State: TIMED_WAITING
        at java.base@21.0.6/java.lang.Object.wait0(Native Method)
        at java.base@21.0.6/java.lang.Object.wait(Object.java:366)
        at java.base@21.0.6/java.util.TimerThread.mainLoop(Timer.java:563)
        at java.base@21.0.6/java.util.TimerThread.run(Timer.java:516)
"EventQueue-DatanodeCommandQueueUpdatedForDatanodeCommandCountUpdatedHandler" daemon prio=5 tid=1163 in Object.wait()
java.lang.Thread.State: WAITING (on object monitor)
        at java.base@21.0.6/jdk.internal.misc.Unsafe.park(Native Method)
        at java.base@21.0.6/java.util.concurrent.locks.LockSupport.park(LockSupport.java:371)
        at java.base@21.0.6/java.util.concurrent.locks.AbstractQueuedSynchronizer$ConditionNode.block(AbstractQueuedSynchronizer.java:519)
        at java.base@21.0.6/java.util.concurrent.ForkJoinPool.unmanagedBlock(ForkJoinPool.java:3780)
        at java.base@21.0.6/java.util.concurrent.ForkJoinPool.managedBlock(ForkJoinPool.java:3725)
        at java.base@21.0.6/java.util.concurrent.locks.AbstractQueuedSynchronizer$ConditionObject.await(AbstractQueuedSynchronizer.java:1712)
        at java.base@21.0.6/java.util.concurrent.LinkedBlockingQueue.take(LinkedBlockingQueue.java:435)
        at java.base@21.0.6/java.util.concurrent.ThreadPoolExecutor.getTask(ThreadPoolExecutor.java:1070)
        at java.base@21.0.6/java.util.concurrent.ThreadPoolExecutor.runWorker(ThreadPoolExecutor.java:1130)
        at java.base@21.0.6/java.util.concurrent.ThreadPoolExecutor$Worker.run(ThreadPoolExecutor.java:642)
        at java.base@21.0.6/java.lang.Thread.runWith(Thread.java:1596)
        at java.base@21.0.6/java.lang.Thread.run(Thread.java:1583)
"49dd84ae-7ec9-4d92-bc53-345946144fea-server-thread3" daemon prio=5 tid=2410 timed_waiting
java.lang.Thread.State: TIMED_WAITING
        at java.base@21.0.6/jdk.internal.misc.Unsafe.park(Native Method)
        at java.base@21.0.6/java.util.concurrent.locks.LockSupport.parkNanos(LockSupport.java:410)
        at java.base@21.0.6/java.util.concurrent.LinkedTransferQueue$DualNode.await(LinkedTransferQueue.java:452)
        at java.base@21.0.6/java.util.concurrent.SynchronousQueue$Transferer.xferLifo(SynchronousQueue.java:194)
        at java.base@21.0.6/java.util.concurrent.SynchronousQueue.xfer(SynchronousQueue.java:235)
        at java.base@21.0.6/java.util.concurrent.SynchronousQueue.poll(SynchronousQueue.java:338)
        at java.base@21.0.6/java.util.concurrent.ThreadPoolExecutor.getTask(ThreadPoolExecutor.java:1069)
        at java.base@21.0.6/java.util.concurrent.ThreadPoolExecutor.runWorker(ThreadPoolExecutor.java:1130)
        at java.base@21.0.6/java.util.concurrent.ThreadPoolExecutor$Worker.run(ThreadPoolExecutor.java:642)
        at java.base@21.0.6/java.lang.Thread.runWith(Thread.java:1596)
        at java.base@21.0.6/java.lang.Thread.run(Thread.java:1583)
"IPC Server idle connection scanner for port 15048" daemon prio=5 tid=724 timed_waiting
java.lang.Thread.State: TIMED_WAITING
        at java.base@21.0.6/java.lang.Object.wait0(Native Method)
        at java.base@21.0.6/java.lang.Object.wait(Object.java:366)
        at java.base@21.0.6/java.util.TimerThread.mainLoop(Timer.java:563)
        at java.base@21.0.6/java.util.TimerThread.run(Timer.java:516)
"IPC Server handler 17 on default port 15002" daemon prio=5 tid=349 timed_waiting
java.lang.Thread.State: TIMED_WAITING
        at java.base@21.0.6/jdk.internal.misc.Unsafe.park(Native Method)
        at java.base@21.0.6/java.util.concurrent.locks.LockSupport.parkNanos(LockSupport.java:269)
        at java.base@21.0.6/java.util.concurrent.locks.AbstractQueuedSynchronizer$ConditionObject.awaitNanos(AbstractQueuedSynchronizer.java:1763)
        at java.base@21.0.6/java.util.concurrent.LinkedBlockingQueue.poll(LinkedBlockingQueue.java:460)
        at app//org.apache.hadoop.ipc.CallQueueManager.take(CallQueueManager.java:370)
        at app//org.apache.hadoop.ipc.Server$Handler.run(Server.java:3165)
"Socket Reader #3 for port 15039"  prio=5 tid=670 runnable
java.lang.Thread.State: RUNNABLE
        at java.base@21.0.6/sun.nio.ch.EPoll.wait(Native Method)
        at java.base@21.0.6/sun.nio.ch.EPollSelectorImpl.doSelect(EPollSelectorImpl.java:121)
        at java.base@21.0.6/sun.nio.ch.SelectorImpl.lockAndDoSelect(SelectorImpl.java:130)
        at java.base@21.0.6/sun.nio.ch.SelectorImpl.select(SelectorImpl.java:147)
        at app//org.apache.hadoop.ipc.Server$Listener$Reader.doRunLoop(Server.java:1497)
        at app//org.apache.hadoop.ipc.Server$Listener$Reader.run(Server.java:1476)
"LeakDetector-OzoneClientObject1" daemon prio=5 tid=1425 in Object.wait()
java.lang.Thread.State: WAITING (on object monitor)
        at java.base@21.0.6/jdk.internal.misc.Unsafe.park(Native Method)
        at java.base@21.0.6/java.util.concurrent.locks.LockSupport.park(LockSupport.java:371)
        at java.base@21.0.6/java.util.concurrent.locks.AbstractQueuedSynchronizer$ConditionNode.block(AbstractQueuedSynchronizer.java:519)
        at java.base@21.0.6/java.util.concurrent.ForkJoinPool.unmanagedBlock(ForkJoinPool.java:3780)
        at java.base@21.0.6/java.util.concurrent.ForkJoinPool.managedBlock(ForkJoinPool.java:3725)
        at java.base@21.0.6/java.util.concurrent.locks.AbstractQueuedSynchronizer$ConditionObject.await(AbstractQueuedSynchronizer.java:1712)
        at java.base@21.0.6/java.lang.ref.ReferenceQueue.await(ReferenceQueue.java:67)
        at java.base@21.0.6/java.lang.ref.ReferenceQueue.remove0(ReferenceQueue.java:158)
        at java.base@21.0.6/java.lang.ref.ReferenceQueue.remove(ReferenceQueue.java:234)
        at app//org.apache.hadoop.hdds.utils.LeakDetector.run(LeakDetector.java:79)
        at app//org.apache.hadoop.hdds.utils.LeakDetector$$Lambda/0x00007f7e9c41e680.run(Unknown Source)
        at java.base@21.0.6/java.lang.Thread.runWith(Thread.java:1596)
        at java.base@21.0.6/java.lang.Thread.run(Thread.java:1583)
"StaleRecoveringContainerScrubbingService#2" daemon prio=5 tid=1828 in Object.wait()
java.lang.Thread.State: WAITING (on object monitor)
        at java.base@21.0.6/jdk.internal.misc.Unsafe.park(Native Method)
        at java.base@21.0.6/java.util.concurrent.locks.LockSupport.park(LockSupport.java:371)
        at java.base@21.0.6/java.util.concurrent.locks.AbstractQueuedSynchronizer$ConditionNode.block(AbstractQueuedSynchronizer.java:519)
        at java.base@21.0.6/java.util.concurrent.ForkJoinPool.unmanagedBlock(ForkJoinPool.java:3780)
        at java.base@21.0.6/java.util.concurrent.ForkJoinPool.managedBlock(ForkJoinPool.java:3725)
        at java.base@21.0.6/java.util.concurrent.locks.AbstractQueuedSynchronizer$ConditionObject.await(AbstractQueuedSynchronizer.java:1712)
        at java.base@21.0.6/java.util.concurrent.ScheduledThreadPoolExecutor$DelayedWorkQueue.take(ScheduledThreadPoolExecutor.java:1177)
        at java.base@21.0.6/java.util.concurrent.ScheduledThreadPoolExecutor$DelayedWorkQueue.take(ScheduledThreadPoolExecutor.java:899)
        at java.base@21.0.6/java.util.concurrent.ThreadPoolExecutor.getTask(ThreadPoolExecutor.java:1070)
        at java.base@21.0.6/java.util.concurrent.ThreadPoolExecutor.runWorker(ThreadPoolExecutor.java:1130)
        at java.base@21.0.6/java.util.concurrent.ThreadPoolExecutor$Worker.run(ThreadPoolExecutor.java:642)
        at java.base@21.0.6/java.lang.Thread.runWith(Thread.java:1596)
        at java.base@21.0.6/java.lang.Thread.run(Thread.java:1583)
"49dd84ae-7ec9-4d92-bc53-345946144fea-DatanodeReportManager-1" daemon prio=5 tid=2287 in Object.wait()
java.lang.Thread.State: WAITING (on object monitor)
        at java.base@21.0.6/jdk.internal.misc.Unsafe.park(Native Method)
        at java.base@21.0.6/java.util.concurrent.locks.LockSupport.park(LockSupport.java:371)
        at java.base@21.0.6/java.util.concurrent.locks.AbstractQueuedSynchronizer$ConditionNode.block(AbstractQueuedSynchronizer.java:519)
        at java.base@21.0.6/java.util.concurrent.ForkJoinPool.unmanagedBlock(ForkJoinPool.java:3780)
        at java.base@21.0.6/java.util.concurrent.ForkJoinPool.managedBlock(ForkJoinPool.java:3725)
        at java.base@21.0.6/java.util.concurrent.locks.AbstractQueuedSynchronizer$ConditionObject.await(AbstractQueuedSynchronizer.java:1712)
        at java.base@21.0.6/java.util.concurrent.ScheduledThreadPoolExecutor$DelayedWorkQueue.take(ScheduledThreadPoolExecutor.java:1177)
        at java.base@21.0.6/java.util.concurrent.ScheduledThreadPoolExecutor$DelayedWorkQueue.take(ScheduledThreadPoolExecutor.java:899)
        at java.base@21.0.6/java.util.concurrent.ThreadPoolExecutor.getTask(ThreadPoolExecutor.java:1070)
        at java.base@21.0.6/java.util.concurrent.ThreadPoolExecutor.runWorker(ThreadPoolExecutor.java:1130)
        at java.base@21.0.6/java.util.concurrent.ThreadPoolExecutor$Worker.run(ThreadPoolExecutor.java:642)
        at java.base@21.0.6/java.lang.Thread.runWith(Thread.java:1596)
        at java.base@21.0.6/java.lang.Thread.run(Thread.java:1583)
"ContainerMetadataScanner" daemon prio=5 tid=1000 timed_waiting
java.lang.Thread.State: TIMED_WAITING
        at java.base@21.0.6/java.lang.Thread.sleep0(Native Method)
        at java.base@21.0.6/java.lang.Thread.sleep(Thread.java:509)
        at app//org.apache.hadoop.ozone.container.ozoneimpl.AbstractBackgroundContainerScanner.handleRemainingSleep(AbstractBackgroundContainerScanner.java:128)
        at app//org.apache.hadoop.ozone.container.ozoneimpl.AbstractBackgroundContainerScanner.runIteration(AbstractBackgroundContainerScanner.java:95)
        at app//org.apache.hadoop.ozone.container.ozoneimpl.AbstractBackgroundContainerScanner.run(AbstractBackgroundContainerScanner.java:54)
"IPC Server handler 26 on default port 15001" daemon prio=5 tid=240 timed_waiting
java.lang.Thread.State: TIMED_WAITING
        at java.base@21.0.6/jdk.internal.misc.Unsafe.park(Native Method)
        at java.base@21.0.6/java.util.concurrent.locks.LockSupport.parkNanos(LockSupport.java:269)
        at java.base@21.0.6/java.util.concurrent.locks.AbstractQueuedSynchronizer$ConditionObject.awaitNanos(AbstractQueuedSynchronizer.java:1763)
        at java.base@21.0.6/java.util.concurrent.LinkedBlockingQueue.poll(LinkedBlockingQueue.java:460)
        at app//org.apache.hadoop.ipc.CallQueueManager.take(CallQueueManager.java:370)
        at app//org.apache.hadoop.ipc.Server$Handler.run(Server.java:3165)
"IPC Server handler 74 on default port 15002" daemon prio=5 tid=406 timed_waiting
java.lang.Thread.State: TIMED_WAITING
        at java.base@21.0.6/jdk.internal.misc.Unsafe.park(Native Method)
        at java.base@21.0.6/java.util.concurrent.locks.LockSupport.parkNanos(LockSupport.java:269)
        at java.base@21.0.6/java.util.concurrent.locks.AbstractQueuedSynchronizer$ConditionObject.awaitNanos(AbstractQueuedSynchronizer.java:1763)
        at java.base@21.0.6/java.util.concurrent.LinkedBlockingQueue.poll(LinkedBlockingQueue.java:460)
        at app//org.apache.hadoop.ipc.CallQueueManager.take(CallQueueManager.java:370)
        at app//org.apache.hadoop.ipc.Server$Handler.run(Server.java:3165)
"2fdf8a61-8d2a-4048-aa8e-d82d5837d34a-DatanodeStateMachineTaskThread-1"  prio=5 tid=1066 in Object.wait()
java.lang.Thread.State: WAITING (on object monitor)
        at java.base@21.0.6/jdk.internal.misc.Unsafe.park(Native Method)
        at java.base@21.0.6/java.util.concurrent.locks.LockSupport.park(LockSupport.java:371)
        at java.base@21.0.6/java.util.concurrent.locks.AbstractQueuedSynchronizer$ConditionNode.block(AbstractQueuedSynchronizer.java:519)
        at java.base@21.0.6/java.util.concurrent.ForkJoinPool.unmanagedBlock(ForkJoinPool.java:3780)
        at java.base@21.0.6/java.util.concurrent.ForkJoinPool.managedBlock(ForkJoinPool.java:3725)
        at java.base@21.0.6/java.util.concurrent.locks.AbstractQueuedSynchronizer$ConditionObject.await(AbstractQueuedSynchronizer.java:1712)
        at java.base@21.0.6/java.util.concurrent.LinkedBlockingQueue.take(LinkedBlockingQueue.java:435)
        at java.base@21.0.6/java.util.concurrent.ThreadPoolExecutor.getTask(ThreadPoolExecutor.java:1070)
        at java.base@21.0.6/java.util.concurrent.ThreadPoolExecutor.runWorker(ThreadPoolExecutor.java:1130)
        at java.base@21.0.6/java.util.concurrent.ThreadPoolExecutor$Worker.run(ThreadPoolExecutor.java:642)
        at java.base@21.0.6/java.lang.Thread.runWith(Thread.java:1596)
        at java.base@21.0.6/java.lang.Thread.run(Thread.java:1583)
"IPC Server handler 18 on default port 15006" daemon prio=5 tid=509 timed_waiting
java.lang.Thread.State: TIMED_WAITING
        at java.base@21.0.6/jdk.internal.misc.Unsafe.park(Native Method)
        at java.base@21.0.6/java.util.concurrent.locks.LockSupport.parkNanos(LockSupport.java:269)
        at java.base@21.0.6/java.util.concurrent.locks.AbstractQueuedSynchronizer$ConditionObject.awaitNanos(AbstractQueuedSynchronizer.java:1763)
        at java.base@21.0.6/java.util.concurrent.LinkedBlockingQueue.poll(LinkedBlockingQueue.java:460)
        at app//org.apache.hadoop.ipc.CallQueueManager.take(CallQueueManager.java:370)
        at app//org.apache.hadoop.ipc.Server$Handler.run(Server.java:3165)
"IPC Server Responder" daemon prio=5 tid=771 runnable
java.lang.Thread.State: RUNNABLE
        at java.base@21.0.6/sun.nio.ch.EPoll.wait(Native Method)
        at java.base@21.0.6/sun.nio.ch.EPollSelectorImpl.doSelect(EPollSelectorImpl.java:121)
        at java.base@21.0.6/sun.nio.ch.SelectorImpl.lockAndDoSelect(SelectorImpl.java:130)
        at java.base@21.0.6/sun.nio.ch.SelectorImpl.select(SelectorImpl.java:142)
        at app//org.apache.hadoop.ipc.Server$Responder.doRunLoop(Server.java:1733)
        at app//org.apache.hadoop.ipc.Server$Responder.run(Server.java:1716)
"JvmPauseMonitor5" daemon prio=5 tid=1024 timed_waiting
java.lang.Thread.State: TIMED_WAITING
        at java.base@21.0.6/java.lang.Thread.sleep0(Native Method)
        at java.base@21.0.6/java.lang.Thread.sleep(Thread.java:558)
        at java.base@21.0.6/java.util.concurrent.TimeUnit.sleep(TimeUnit.java:446)
        at app//org.apache.ratis.util.TimeDuration.sleep(TimeDuration.java:353)
        at app//org.apache.ratis.util.TimeDuration.sleep(TimeDuration.java:338)
        at app//org.apache.ratis.util.JvmPauseMonitor.detectPause(JvmPauseMonitor.java:160)
        at app//org.apache.ratis.util.JvmPauseMonitor.run(JvmPauseMonitor.java:149)
        at app//org.apache.ratis.util.JvmPauseMonitor$$Lambda/0x00007f7e9c38d5c8.run(Unknown Source)
        at java.base@21.0.6/java.lang.Thread.runWith(Thread.java:1596)
        at java.base@21.0.6/java.lang.Thread.run(Thread.java:1583)
"IPC Server handler 66 on default port 15001" daemon prio=5 tid=280 timed_waiting
java.lang.Thread.State: TIMED_WAITING
        at java.base@21.0.6/jdk.internal.misc.Unsafe.park(Native Method)
        at java.base@21.0.6/java.util.concurrent.locks.LockSupport.parkNanos(LockSupport.java:269)
        at java.base@21.0.6/java.util.concurrent.locks.AbstractQueuedSynchronizer$ConditionObject.awaitNanos(AbstractQueuedSynchronizer.java:1763)
        at java.base@21.0.6/java.util.concurrent.LinkedBlockingQueue.poll(LinkedBlockingQueue.java:460)
        at app//org.apache.hadoop.ipc.CallQueueManager.take(CallQueueManager.java:370)
        at app//org.apache.hadoop.ipc.Server$Handler.run(Server.java:3165)
"IPC Server handler 8 on default port 15002" daemon prio=5 tid=340 timed_waiting
java.lang.Thread.State: TIMED_WAITING
        at java.base@21.0.6/jdk.internal.misc.Unsafe.park(Native Method)
        at java.base@21.0.6/java.util.concurrent.locks.LockSupport.parkNanos(LockSupport.java:269)
        at java.base@21.0.6/java.util.concurrent.locks.AbstractQueuedSynchronizer$ConditionObject.awaitNanos(AbstractQueuedSynchronizer.java:1763)
        at java.base@21.0.6/java.util.concurrent.LinkedBlockingQueue.poll(LinkedBlockingQueue.java:460)
        at app//org.apache.hadoop.ipc.CallQueueManager.take(CallQueueManager.java:370)
        at app//org.apache.hadoop.ipc.Server$Handler.run(Server.java:3165)
"IPC Server idle connection scanner for port 15075" daemon prio=5 tid=862 timed_waiting
java.lang.Thread.State: TIMED_WAITING
        at java.base@21.0.6/java.lang.Object.wait0(Native Method)
        at java.base@21.0.6/java.lang.Object.wait(Object.java:366)
        at java.base@21.0.6/java.util.TimerThread.mainLoop(Timer.java:563)
        at java.base@21.0.6/java.util.TimerThread.run(Timer.java:516)
"Socket Reader #10 for port 15002"  prio=5 tid=65 runnable
java.lang.Thread.State: RUNNABLE
        at java.base@21.0.6/sun.nio.ch.EPoll.wait(Native Method)
        at java.base@21.0.6/sun.nio.ch.EPollSelectorImpl.doSelect(EPollSelectorImpl.java:121)
        at java.base@21.0.6/sun.nio.ch.SelectorImpl.lockAndDoSelect(SelectorImpl.java:130)
        at java.base@21.0.6/sun.nio.ch.SelectorImpl.select(SelectorImpl.java:147)
        at app//org.apache.hadoop.ipc.Server$Listener$Reader.doRunLoop(Server.java:1497)
        at app//org.apache.hadoop.ipc.Server$Listener$Reader.run(Server.java:1476)
"IPC Server handler 49 on default port 15000" daemon prio=5 tid=163 timed_waiting
java.lang.Thread.State: TIMED_WAITING
        at java.base@21.0.6/jdk.internal.misc.Unsafe.park(Native Method)
        at java.base@21.0.6/java.util.concurrent.locks.LockSupport.parkNanos(LockSupport.java:269)
        at java.base@21.0.6/java.util.concurrent.locks.AbstractQueuedSynchronizer$ConditionObject.awaitNanos(AbstractQueuedSynchronizer.java:1763)
        at java.base@21.0.6/java.util.concurrent.LinkedBlockingQueue.poll(LinkedBlockingQueue.java:460)
        at app//org.apache.hadoop.ipc.CallQueueManager.take(CallQueueManager.java:370)
        at app//org.apache.hadoop.ipc.Server$Handler.run(Server.java:3165)
"Socket Reader #10 for port 15006"  prio=5 tid=452 runnable
java.lang.Thread.State: RUNNABLE
        at java.base@21.0.6/sun.nio.ch.EPoll.wait(Native Method)
        at java.base@21.0.6/sun.nio.ch.EPollSelectorImpl.doSelect(EPollSelectorImpl.java:121)
        at java.base@21.0.6/sun.nio.ch.SelectorImpl.lockAndDoSelect(SelectorImpl.java:130)
        at java.base@21.0.6/sun.nio.ch.SelectorImpl.select(SelectorImpl.java:147)
        at app//org.apache.hadoop.ipc.Server$Listener$Reader.doRunLoop(Server.java:1497)
        at app//org.apache.hadoop.ipc.Server$Listener$Reader.run(Server.java:1476)
"ccfadb7c-9180-4c4b-b969-671c642a7bd3-server-thread1" daemon prio=5 tid=2095 timed_waiting
java.lang.Thread.State: TIMED_WAITING
        at java.base@21.0.6/jdk.internal.misc.Unsafe.park(Native Method)
        at java.base@21.0.6/java.util.concurrent.locks.LockSupport.parkNanos(LockSupport.java:410)
        at java.base@21.0.6/java.util.concurrent.LinkedTransferQueue$DualNode.await(LinkedTransferQueue.java:452)
        at java.base@21.0.6/java.util.concurrent.SynchronousQueue$Transferer.xferLifo(SynchronousQueue.java:194)
        at java.base@21.0.6/java.util.concurrent.SynchronousQueue.xfer(SynchronousQueue.java:235)
        at java.base@21.0.6/java.util.concurrent.SynchronousQueue.poll(SynchronousQueue.java:338)
        at java.base@21.0.6/java.util.concurrent.ThreadPoolExecutor.getTask(ThreadPoolExecutor.java:1069)
        at java.base@21.0.6/java.util.concurrent.ThreadPoolExecutor.runWorker(ThreadPoolExecutor.java:1130)
        at java.base@21.0.6/java.util.concurrent.ThreadPoolExecutor$Worker.run(ThreadPoolExecutor.java:642)
        at java.base@21.0.6/java.lang.Thread.runWith(Thread.java:1596)
        at java.base@21.0.6/java.lang.Thread.run(Thread.java:1583)
"Session-HouseKeeper-20cb33f1-1"  prio=5 tid=850 timed_waiting
java.lang.Thread.State: TIMED_WAITING
        at java.base@21.0.6/jdk.internal.misc.Unsafe.park(Native Method)
        at java.base@21.0.6/java.util.concurrent.locks.LockSupport.parkNanos(LockSupport.java:269)
        at java.base@21.0.6/java.util.concurrent.locks.AbstractQueuedSynchronizer$ConditionObject.awaitNanos(AbstractQueuedSynchronizer.java:1763)
        at java.base@21.0.6/java.util.concurrent.ScheduledThreadPoolExecutor$DelayedWorkQueue.take(ScheduledThreadPoolExecutor.java:1182)
        at java.base@21.0.6/java.util.concurrent.ScheduledThreadPoolExecutor$DelayedWorkQueue.take(ScheduledThreadPoolExecutor.java:899)
        at java.base@21.0.6/java.util.concurrent.ThreadPoolExecutor.getTask(ThreadPoolExecutor.java:1070)
        at java.base@21.0.6/java.util.concurrent.ThreadPoolExecutor.runWorker(ThreadPoolExecutor.java:1130)
        at java.base@21.0.6/java.util.concurrent.ThreadPoolExecutor$Worker.run(ThreadPoolExecutor.java:642)
        at java.base@21.0.6/java.lang.Thread.runWith(Thread.java:1596)
        at java.base@21.0.6/java.lang.Thread.run(Thread.java:1583)
"2fdf8a61-8d2a-4048-aa8e-d82d5837d34a-ChunkReader-3" daemon prio=5 tid=2163 in Object.wait()
java.lang.Thread.State: WAITING (on object monitor)
        at java.base@21.0.6/jdk.internal.misc.Unsafe.park(Native Method)
        at java.base@21.0.6/java.util.concurrent.locks.LockSupport.park(LockSupport.java:371)
        at java.base@21.0.6/java.util.concurrent.locks.AbstractQueuedSynchronizer$ConditionNode.block(AbstractQueuedSynchronizer.java:519)
        at java.base@21.0.6/java.util.concurrent.ForkJoinPool.unmanagedBlock(ForkJoinPool.java:3780)
        at java.base@21.0.6/java.util.concurrent.ForkJoinPool.managedBlock(ForkJoinPool.java:3725)
        at java.base@21.0.6/java.util.concurrent.locks.AbstractQueuedSynchronizer$ConditionObject.await(AbstractQueuedSynchronizer.java:1712)
        at java.base@21.0.6/java.util.concurrent.LinkedBlockingQueue.take(LinkedBlockingQueue.java:435)
        at java.base@21.0.6/java.util.concurrent.ThreadPoolExecutor.getTask(ThreadPoolExecutor.java:1070)
        at java.base@21.0.6/java.util.concurrent.ThreadPoolExecutor.runWorker(ThreadPoolExecutor.java:1130)
        at java.base@21.0.6/java.util.concurrent.ThreadPoolExecutor$Worker.run(ThreadPoolExecutor.java:642)
        at java.base@21.0.6/java.lang.Thread.runWith(Thread.java:1596)
        at java.base@21.0.6/java.lang.Thread.run(Thread.java:1583)
"IPC Server handler 77 on default port 15001" daemon prio=5 tid=291 timed_waiting
java.lang.Thread.State: TIMED_WAITING
        at java.base@21.0.6/jdk.internal.misc.Unsafe.park(Native Method)
        at java.base@21.0.6/java.util.concurrent.locks.LockSupport.parkNanos(LockSupport.java:269)
        at java.base@21.0.6/java.util.concurrent.locks.AbstractQueuedSynchronizer$ConditionObject.awaitNanos(AbstractQueuedSynchronizer.java:1763)
        at java.base@21.0.6/java.util.concurrent.LinkedBlockingQueue.poll(LinkedBlockingQueue.java:460)
        at app//org.apache.hadoop.ipc.CallQueueManager.take(CallQueueManager.java:370)
        at app//org.apache.hadoop.ipc.Server$Handler.run(Server.java:3165)
"2fdf8a61-8d2a-4048-aa8e-d82d5837d34a-ChunkReader-5" daemon prio=5 tid=2165 in Object.wait()
java.lang.Thread.State: WAITING (on object monitor)
        at java.base@21.0.6/jdk.internal.misc.Unsafe.park(Native Method)
        at java.base@21.0.6/java.util.concurrent.locks.LockSupport.park(LockSupport.java:371)
        at java.base@21.0.6/java.util.concurrent.locks.AbstractQueuedSynchronizer$ConditionNode.block(AbstractQueuedSynchronizer.java:519)
        at java.base@21.0.6/java.util.concurrent.ForkJoinPool.unmanagedBlock(ForkJoinPool.java:3780)
        at java.base@21.0.6/java.util.concurrent.ForkJoinPool.managedBlock(ForkJoinPool.java:3725)
        at java.base@21.0.6/java.util.concurrent.locks.AbstractQueuedSynchronizer$ConditionObject.await(AbstractQueuedSynchronizer.java:1712)
        at java.base@21.0.6/java.util.concurrent.LinkedBlockingQueue.take(LinkedBlockingQueue.java:435)
        at java.base@21.0.6/java.util.concurrent.ThreadPoolExecutor.getTask(ThreadPoolExecutor.java:1070)
        at java.base@21.0.6/java.util.concurrent.ThreadPoolExecutor.runWorker(ThreadPoolExecutor.java:1130)
        at java.base@21.0.6/java.util.concurrent.ThreadPoolExecutor$Worker.run(ThreadPoolExecutor.java:642)
        at java.base@21.0.6/java.lang.Thread.runWith(Thread.java:1596)
        at java.base@21.0.6/java.lang.Thread.run(Thread.java:1583)
"IPC Server handler 30 on default port 15002" daemon prio=5 tid=362 timed_waiting
java.lang.Thread.State: TIMED_WAITING
        at java.base@21.0.6/jdk.internal.misc.Unsafe.park(Native Method)
        at java.base@21.0.6/java.util.concurrent.locks.LockSupport.parkNanos(LockSupport.java:269)
        at java.base@21.0.6/java.util.concurrent.locks.AbstractQueuedSynchronizer$ConditionObject.awaitNanos(AbstractQueuedSynchronizer.java:1763)
        at java.base@21.0.6/java.util.concurrent.LinkedBlockingQueue.poll(LinkedBlockingQueue.java:460)
        at app//org.apache.hadoop.ipc.CallQueueManager.take(CallQueueManager.java:370)
        at app//org.apache.hadoop.ipc.Server$Handler.run(Server.java:3165)
"42086d8c-c943-47d6-a5f9-799709872375-ChunkWriter-2-0" daemon prio=5 tid=1058 in Object.wait()
java.lang.Thread.State: WAITING (on object monitor)
        at java.base@21.0.6/jdk.internal.misc.Unsafe.park(Native Method)
        at java.base@21.0.6/java.util.concurrent.locks.LockSupport.park(LockSupport.java:371)
        at java.base@21.0.6/java.util.concurrent.locks.AbstractQueuedSynchronizer$ConditionNode.block(AbstractQueuedSynchronizer.java:519)
        at java.base@21.0.6/java.util.concurrent.ForkJoinPool.unmanagedBlock(ForkJoinPool.java:3780)
        at java.base@21.0.6/java.util.concurrent.ForkJoinPool.managedBlock(ForkJoinPool.java:3725)
        at java.base@21.0.6/java.util.concurrent.locks.AbstractQueuedSynchronizer$ConditionObject.await(AbstractQueuedSynchronizer.java:1712)
        at java.base@21.0.6/java.util.concurrent.LinkedBlockingDeque.takeFirst(LinkedBlockingDeque.java:485)
        at java.base@21.0.6/java.util.concurrent.LinkedBlockingDeque.take(LinkedBlockingDeque.java:673)
        at java.base@21.0.6/java.util.concurrent.ThreadPoolExecutor.getTask(ThreadPoolExecutor.java:1070)
        at java.base@21.0.6/java.util.concurrent.ThreadPoolExecutor.runWorker(ThreadPoolExecutor.java:1130)
        at java.base@21.0.6/java.util.concurrent.ThreadPoolExecutor$Worker.run(ThreadPoolExecutor.java:642)
        at java.base@21.0.6/java.lang.Thread.runWith(Thread.java:1596)
        at java.base@21.0.6/java.lang.Thread.run(Thread.java:1583)
"e20a886d-0459-4371-959f-f9bdb6931571-ChunkWriter-3-0" daemon prio=5 tid=1113 in Object.wait()
java.lang.Thread.State: WAITING (on object monitor)
        at java.base@21.0.6/jdk.internal.misc.Unsafe.park(Native Method)
        at java.base@21.0.6/java.util.concurrent.locks.LockSupport.park(LockSupport.java:371)
        at java.base@21.0.6/java.util.concurrent.locks.AbstractQueuedSynchronizer$ConditionNode.block(AbstractQueuedSynchronizer.java:519)
        at java.base@21.0.6/java.util.concurrent.ForkJoinPool.unmanagedBlock(ForkJoinPool.java:3780)
        at java.base@21.0.6/java.util.concurrent.ForkJoinPool.managedBlock(ForkJoinPool.java:3725)
        at java.base@21.0.6/java.util.concurrent.locks.AbstractQueuedSynchronizer$ConditionObject.await(AbstractQueuedSynchronizer.java:1712)
        at java.base@21.0.6/java.util.concurrent.LinkedBlockingDeque.takeFirst(LinkedBlockingDeque.java:485)
        at java.base@21.0.6/java.util.concurrent.LinkedBlockingDeque.take(LinkedBlockingDeque.java:673)
        at java.base@21.0.6/java.util.concurrent.ThreadPoolExecutor.getTask(ThreadPoolExecutor.java:1070)
        at java.base@21.0.6/java.util.concurrent.ThreadPoolExecutor.runWorker(ThreadPoolExecutor.java:1130)
        at java.base@21.0.6/java.util.concurrent.ThreadPoolExecutor$Worker.run(ThreadPoolExecutor.java:642)
        at java.base@21.0.6/java.lang.Thread.runWith(Thread.java:1596)
        at java.base@21.0.6/java.lang.Thread.run(Thread.java:1583)
"42086d8c-c943-47d6-a5f9-799709872375-ContainerOp-9e09d6a8-9742-4eee-8124-a68b45278972-1"  prio=5 tid=1498 in Object.wait()
java.lang.Thread.State: WAITING (on object monitor)
        at java.base@21.0.6/jdk.internal.misc.Unsafe.park(Native Method)
        at java.base@21.0.6/java.util.concurrent.locks.LockSupport.park(LockSupport.java:371)
        at java.base@21.0.6/java.util.concurrent.locks.AbstractQueuedSynchronizer$ConditionNode.block(AbstractQueuedSynchronizer.java:519)
        at java.base@21.0.6/java.util.concurrent.ForkJoinPool.unmanagedBlock(ForkJoinPool.java:3780)
        at java.base@21.0.6/java.util.concurrent.ForkJoinPool.managedBlock(ForkJoinPool.java:3725)
        at java.base@21.0.6/java.util.concurrent.locks.AbstractQueuedSynchronizer$ConditionObject.await(AbstractQueuedSynchronizer.java:1712)
        at java.base@21.0.6/java.util.concurrent.LinkedBlockingQueue.take(LinkedBlockingQueue.java:435)
        at java.base@21.0.6/java.util.concurrent.ThreadPoolExecutor.getTask(ThreadPoolExecutor.java:1070)
        at java.base@21.0.6/java.util.concurrent.ThreadPoolExecutor.runWorker(ThreadPoolExecutor.java:1130)
        at java.base@21.0.6/java.util.concurrent.ThreadPoolExecutor$Worker.run(ThreadPoolExecutor.java:642)
        at java.base@21.0.6/java.lang.Thread.runWith(Thread.java:1596)
        at java.base@21.0.6/java.lang.Thread.run(Thread.java:1583)
"IPC Server handler 1 on default port 15057" daemon prio=5 tid=774 timed_waiting
java.lang.Thread.State: TIMED_WAITING
        at java.base@21.0.6/jdk.internal.misc.Unsafe.park(Native Method)
        at java.base@21.0.6/java.util.concurrent.locks.LockSupport.parkNanos(LockSupport.java:269)
        at java.base@21.0.6/java.util.concurrent.locks.AbstractQueuedSynchronizer$ConditionObject.awaitNanos(AbstractQueuedSynchronizer.java:1763)
        at java.base@21.0.6/java.util.concurrent.LinkedBlockingQueue.poll(LinkedBlockingQueue.java:460)
        at app//org.apache.hadoop.ipc.CallQueueManager.take(CallQueueManager.java:370)
        at app//org.apache.hadoop.ipc.Server$Handler.run(Server.java:3165)
"IPC Server handler 80 on default port 15002" daemon prio=5 tid=412 timed_waiting
java.lang.Thread.State: TIMED_WAITING
        at java.base@21.0.6/jdk.internal.misc.Unsafe.park(Native Method)
        at java.base@21.0.6/java.util.concurrent.locks.LockSupport.parkNanos(LockSupport.java:269)
        at java.base@21.0.6/java.util.concurrent.locks.AbstractQueuedSynchronizer$ConditionObject.awaitNanos(AbstractQueuedSynchronizer.java:1763)
        at java.base@21.0.6/java.util.concurrent.LinkedBlockingQueue.poll(LinkedBlockingQueue.java:460)
        at app//org.apache.hadoop.ipc.CallQueueManager.take(CallQueueManager.java:370)
        at app//org.apache.hadoop.ipc.Server$Handler.run(Server.java:3165)
"EventQueue-StaleNodeForStaleNodeHandler" daemon prio=5 tid=1897 in Object.wait()
java.lang.Thread.State: WAITING (on object monitor)
        at java.base@21.0.6/jdk.internal.misc.Unsafe.park(Native Method)
        at java.base@21.0.6/java.util.concurrent.locks.LockSupport.park(LockSupport.java:371)
        at java.base@21.0.6/java.util.concurrent.locks.AbstractQueuedSynchronizer$ConditionNode.block(AbstractQueuedSynchronizer.java:519)
        at java.base@21.0.6/java.util.concurrent.ForkJoinPool.unmanagedBlock(ForkJoinPool.java:3780)
        at java.base@21.0.6/java.util.concurrent.ForkJoinPool.managedBlock(ForkJoinPool.java:3725)
        at java.base@21.0.6/java.util.concurrent.locks.AbstractQueuedSynchronizer$ConditionObject.await(AbstractQueuedSynchronizer.java:1712)
        at java.base@21.0.6/java.util.concurrent.LinkedBlockingQueue.take(LinkedBlockingQueue.java:435)
        at java.base@21.0.6/java.util.concurrent.ThreadPoolExecutor.getTask(ThreadPoolExecutor.java:1070)
        at java.base@21.0.6/java.util.concurrent.ThreadPoolExecutor.runWorker(ThreadPoolExecutor.java:1130)
        at java.base@21.0.6/java.util.concurrent.ThreadPoolExecutor$Worker.run(ThreadPoolExecutor.java:642)
        at java.base@21.0.6/java.lang.Thread.runWith(Thread.java:1596)
        at java.base@21.0.6/java.lang.Thread.run(Thread.java:1583)
"ContainerDataScanner(/home/runner/work/ozone/ozone/hadoop-ozone/integration-test/target/test-dir/MiniOzoneClusterImpl-3e129c02-f7f1-4d32-bd92-d681932e2c0d/ozone-meta/datanode-9/data-0/hdds)" daemon prio=5 tid=1951 timed_waiting
java.lang.Thread.State: TIMED_WAITING
        at java.base@21.0.6/java.lang.Thread.sleep0(Native Method)
        at java.base@21.0.6/java.lang.Thread.sleep(Thread.java:509)
        at app//org.apache.hadoop.ozone.container.ozoneimpl.AbstractBackgroundContainerScanner.handleRemainingSleep(AbstractBackgroundContainerScanner.java:128)
        at app//org.apache.hadoop.ozone.container.ozoneimpl.AbstractBackgroundContainerScanner.runIteration(AbstractBackgroundContainerScanner.java:95)
        at app//org.apache.hadoop.ozone.container.ozoneimpl.AbstractBackgroundContainerScanner.run(AbstractBackgroundContainerScanner.java:54)
"IPC Server handler 24 on default port 15002" daemon prio=5 tid=356 timed_waiting
java.lang.Thread.State: TIMED_WAITING
        at java.base@21.0.6/jdk.internal.misc.Unsafe.park(Native Method)
        at java.base@21.0.6/java.util.concurrent.locks.LockSupport.parkNanos(LockSupport.java:269)
        at java.base@21.0.6/java.util.concurrent.locks.AbstractQueuedSynchronizer$ConditionObject.awaitNanos(AbstractQueuedSynchronizer.java:1763)
        at java.base@21.0.6/java.util.concurrent.LinkedBlockingQueue.poll(LinkedBlockingQueue.java:460)
        at app//org.apache.hadoop.ipc.CallQueueManager.take(CallQueueManager.java:370)
        at app//org.apache.hadoop.ipc.Server$Handler.run(Server.java:3165)
"IPC Server handler 34 on default port 15002" daemon prio=5 tid=366 timed_waiting
java.lang.Thread.State: TIMED_WAITING
        at java.base@21.0.6/jdk.internal.misc.Unsafe.park(Native Method)
        at java.base@21.0.6/java.util.concurrent.locks.LockSupport.parkNanos(LockSupport.java:269)
        at java.base@21.0.6/java.util.concurrent.locks.AbstractQueuedSynchronizer$ConditionObject.awaitNanos(AbstractQueuedSynchronizer.java:1763)
        at java.base@21.0.6/java.util.concurrent.LinkedBlockingQueue.poll(LinkedBlockingQueue.java:460)
        at app//org.apache.hadoop.ipc.CallQueueManager.take(CallQueueManager.java:370)
        at app//org.apache.hadoop.ipc.Server$Handler.run(Server.java:3165)
"2fdf8a61-8d2a-4048-aa8e-d82d5837d34a-DatanodeReportManager-3" daemon prio=5 tid=787 timed_waiting
java.lang.Thread.State: TIMED_WAITING
        at java.base@21.0.6/jdk.internal.misc.Unsafe.park(Native Method)
        at java.base@21.0.6/java.util.concurrent.locks.LockSupport.parkNanos(LockSupport.java:269)
        at java.base@21.0.6/java.util.concurrent.locks.AbstractQueuedSynchronizer$ConditionObject.awaitNanos(AbstractQueuedSynchronizer.java:1763)
        at java.base@21.0.6/java.util.concurrent.ScheduledThreadPoolExecutor$DelayedWorkQueue.take(ScheduledThreadPoolExecutor.java:1182)
        at java.base@21.0.6/java.util.concurrent.ScheduledThreadPoolExecutor$DelayedWorkQueue.take(ScheduledThreadPoolExecutor.java:899)
        at java.base@21.0.6/java.util.concurrent.ThreadPoolExecutor.getTask(ThreadPoolExecutor.java:1070)
        at java.base@21.0.6/java.util.concurrent.ThreadPoolExecutor.runWorker(ThreadPoolExecutor.java:1130)
        at java.base@21.0.6/java.util.concurrent.ThreadPoolExecutor$Worker.run(ThreadPoolExecutor.java:642)
        at java.base@21.0.6/java.lang.Thread.runWith(Thread.java:1596)
        at java.base@21.0.6/java.lang.Thread.run(Thread.java:1583)
"FixedThreadPoolWithAffinityExecutor-4-0" daemon prio=5 tid=101 timed_waiting
java.lang.Thread.State: TIMED_WAITING
        at java.base@21.0.6/jdk.internal.misc.Unsafe.park(Native Method)
        at java.base@21.0.6/java.util.concurrent.locks.LockSupport.parkNanos(LockSupport.java:269)
        at java.base@21.0.6/java.util.concurrent.locks.AbstractQueuedSynchronizer$ConditionObject.awaitNanos(AbstractQueuedSynchronizer.java:1763)
        at java.base@21.0.6/java.util.concurrent.LinkedBlockingQueue.poll(LinkedBlockingQueue.java:460)
        at app//org.apache.hadoop.hdds.scm.server.ContainerReportQueue.poll(ContainerReportQueue.java:269)
        at app//org.apache.hadoop.hdds.scm.server.ContainerReportQueue.poll(ContainerReportQueue.java:42)
        at app//org.apache.hadoop.hdds.server.events.FixedThreadPoolWithAffinityExecutor$ContainerReportProcessTask.run(FixedThreadPoolWithAffinityExecutor.java:252)
        at java.base@21.0.6/java.util.concurrent.Executors$RunnableAdapter.call(Executors.java:572)
        at java.base@21.0.6/java.util.concurrent.FutureTask.run(FutureTask.java:317)
        at java.base@21.0.6/java.util.concurrent.ThreadPoolExecutor.runWorker(ThreadPoolExecutor.java:1144)
        at java.base@21.0.6/java.util.concurrent.ThreadPoolExecutor$Worker.run(ThreadPoolExecutor.java:642)
        at java.base@21.0.6/java.lang.Thread.runWith(Thread.java:1596)
        at java.base@21.0.6/java.lang.Thread.run(Thread.java:1583)
"IPC Server handler 30 on default port 15000" daemon prio=5 tid=144 timed_waiting
java.lang.Thread.State: TIMED_WAITING
        at java.base@21.0.6/jdk.internal.misc.Unsafe.park(Native Method)
        at java.base@21.0.6/java.util.concurrent.locks.LockSupport.parkNanos(LockSupport.java:269)
        at java.base@21.0.6/java.util.concurrent.locks.AbstractQueuedSynchronizer$ConditionObject.awaitNanos(AbstractQueuedSynchronizer.java:1763)
        at java.base@21.0.6/java.util.concurrent.LinkedBlockingQueue.poll(LinkedBlockingQueue.java:460)
        at app//org.apache.hadoop.ipc.CallQueueManager.take(CallQueueManager.java:370)
        at app//org.apache.hadoop.ipc.Server$Handler.run(Server.java:3165)
"2dcfdddc-a76f-4d49-b174-7a2bddacee37@group-3A2BF5D858B4-SegmentedRaftLogWorker"  prio=5 tid=2343 timed_waiting
java.lang.Thread.State: TIMED_WAITING
        at java.base@21.0.6/jdk.internal.misc.Unsafe.park(Native Method)
        at java.base@21.0.6/java.util.concurrent.locks.LockSupport.parkNanos(LockSupport.java:269)
        at java.base@21.0.6/java.util.concurrent.locks.AbstractQueuedSynchronizer$ConditionObject.awaitNanos(AbstractQueuedSynchronizer.java:1763)
        at app//org.apache.ratis.util.DataBlockingQueue.poll(DataBlockingQueue.java:148)
        at app//org.apache.ratis.server.raftlog.segmented.SegmentedRaftLogWorker.run(SegmentedRaftLogWorker.java:307)
        at app//org.apache.ratis.server.raftlog.segmented.SegmentedRaftLogWorker$$Lambda/0x00007f7e9c334fd8.run(Unknown Source)
        at java.base@21.0.6/java.util.concurrent.Executors$RunnableAdapter.call(Executors.java:572)
        at java.base@21.0.6/java.util.concurrent.FutureTask.run(FutureTask.java:317)
        at java.base@21.0.6/java.util.concurrent.ThreadPoolExecutor.runWorker(ThreadPoolExecutor.java:1144)
        at java.base@21.0.6/java.util.concurrent.ThreadPoolExecutor$Worker.run(ThreadPoolExecutor.java:642)
        at java.base@21.0.6/java.lang.Thread.runWith(Thread.java:1596)
        at java.base@21.0.6/java.lang.Thread.run(Thread.java:1583)
"pool-35-thread-1"  prio=5 tid=316 timed_waiting
java.lang.Thread.State: TIMED_WAITING
        at java.base@21.0.6/jdk.internal.misc.Unsafe.park(Native Method)
        at java.base@21.0.6/java.util.concurrent.locks.LockSupport.parkNanos(LockSupport.java:269)
        at java.base@21.0.6/java.util.concurrent.locks.AbstractQueuedSynchronizer$ConditionObject.awaitNanos(AbstractQueuedSynchronizer.java:1763)
        at java.base@21.0.6/java.util.concurrent.ScheduledThreadPoolExecutor$DelayedWorkQueue.take(ScheduledThreadPoolExecutor.java:1182)
        at java.base@21.0.6/java.util.concurrent.ScheduledThreadPoolExecutor$DelayedWorkQueue.take(ScheduledThreadPoolExecutor.java:899)
        at java.base@21.0.6/java.util.concurrent.ThreadPoolExecutor.getTask(ThreadPoolExecutor.java:1070)
        at java.base@21.0.6/java.util.concurrent.ThreadPoolExecutor.runWorker(ThreadPoolExecutor.java:1130)
        at java.base@21.0.6/java.util.concurrent.ThreadPoolExecutor$Worker.run(ThreadPoolExecutor.java:642)
        at java.base@21.0.6/java.lang.Thread.runWith(Thread.java:1596)
        at java.base@21.0.6/java.lang.Thread.run(Thread.java:1583)
"IPC Server handler 5 on default port 15002" daemon prio=5 tid=337 timed_waiting
java.lang.Thread.State: TIMED_WAITING
        at java.base@21.0.6/jdk.internal.misc.Unsafe.park(Native Method)
        at java.base@21.0.6/java.util.concurrent.locks.LockSupport.parkNanos(LockSupport.java:269)
        at java.base@21.0.6/java.util.concurrent.locks.AbstractQueuedSynchronizer$ConditionObject.awaitNanos(AbstractQueuedSynchronizer.java:1763)
        at java.base@21.0.6/java.util.concurrent.LinkedBlockingQueue.poll(LinkedBlockingQueue.java:460)
        at app//org.apache.hadoop.ipc.CallQueueManager.take(CallQueueManager.java:370)
        at app//org.apache.hadoop.ipc.Server$Handler.run(Server.java:3165)
"49dd84ae-7ec9-4d92-bc53-345946144fea-ChunkWriter-2-0" daemon prio=5 tid=2314 in Object.wait()
java.lang.Thread.State: WAITING (on object monitor)
        at java.base@21.0.6/jdk.internal.misc.Unsafe.park(Native Method)
        at java.base@21.0.6/java.util.concurrent.locks.LockSupport.park(LockSupport.java:371)
        at java.base@21.0.6/java.util.concurrent.locks.AbstractQueuedSynchronizer$ConditionNode.block(AbstractQueuedSynchronizer.java:519)
        at java.base@21.0.6/java.util.concurrent.ForkJoinPool.unmanagedBlock(ForkJoinPool.java:3780)
        at java.base@21.0.6/java.util.concurrent.ForkJoinPool.managedBlock(ForkJoinPool.java:3725)
        at java.base@21.0.6/java.util.concurrent.locks.AbstractQueuedSynchronizer$ConditionObject.await(AbstractQueuedSynchronizer.java:1712)
        at java.base@21.0.6/java.util.concurrent.LinkedBlockingDeque.takeFirst(LinkedBlockingDeque.java:485)
        at java.base@21.0.6/java.util.concurrent.LinkedBlockingDeque.take(LinkedBlockingDeque.java:673)
        at java.base@21.0.6/java.util.concurrent.ThreadPoolExecutor.getTask(ThreadPoolExecutor.java:1070)
        at java.base@21.0.6/java.util.concurrent.ThreadPoolExecutor.runWorker(ThreadPoolExecutor.java:1130)
        at java.base@21.0.6/java.util.concurrent.ThreadPoolExecutor$Worker.run(ThreadPoolExecutor.java:642)
        at java.base@21.0.6/java.lang.Thread.runWith(Thread.java:1596)
        at java.base@21.0.6/java.lang.Thread.run(Thread.java:1583)
"e20a886d-0459-4371-959f-f9bdb6931571-server-thread2" daemon prio=5 tid=2079 timed_waiting
java.lang.Thread.State: TIMED_WAITING
        at java.base@21.0.6/jdk.internal.misc.Unsafe.park(Native Method)
        at java.base@21.0.6/java.util.concurrent.locks.LockSupport.parkNanos(LockSupport.java:410)
        at java.base@21.0.6/java.util.concurrent.LinkedTransferQueue$DualNode.await(LinkedTransferQueue.java:452)
        at java.base@21.0.6/java.util.concurrent.SynchronousQueue$Transferer.xferLifo(SynchronousQueue.java:194)
        at java.base@21.0.6/java.util.concurrent.SynchronousQueue.xfer(SynchronousQueue.java:235)
        at java.base@21.0.6/java.util.concurrent.SynchronousQueue.poll(SynchronousQueue.java:338)
        at java.base@21.0.6/java.util.concurrent.ThreadPoolExecutor.getTask(ThreadPoolExecutor.java:1069)
        at java.base@21.0.6/java.util.concurrent.ThreadPoolExecutor.runWorker(ThreadPoolExecutor.java:1130)
        at java.base@21.0.6/java.util.concurrent.ThreadPoolExecutor$Worker.run(ThreadPoolExecutor.java:642)
        at java.base@21.0.6/java.lang.Thread.runWith(Thread.java:1596)
        at java.base@21.0.6/java.lang.Thread.run(Thread.java:1583)
"IPC Server handler 18 on default port 15000" daemon prio=5 tid=132 timed_waiting
java.lang.Thread.State: TIMED_WAITING
        at java.base@21.0.6/jdk.internal.misc.Unsafe.park(Native Method)
        at java.base@21.0.6/java.util.concurrent.locks.LockSupport.parkNanos(LockSupport.java:269)
        at java.base@21.0.6/java.util.concurrent.locks.AbstractQueuedSynchronizer$ConditionObject.awaitNanos(AbstractQueuedSynchronizer.java:1763)
        at java.base@21.0.6/java.util.concurrent.LinkedBlockingQueue.poll(LinkedBlockingQueue.java:460)
        at app//org.apache.hadoop.ipc.CallQueueManager.take(CallQueueManager.java:370)
        at app//org.apache.hadoop.ipc.Server$Handler.run(Server.java:3165)
"Socket Reader #1 for port 15000"  prio=5 tid=84 runnable
java.lang.Thread.State: RUNNABLE
        at java.base@21.0.6/sun.nio.ch.EPoll.wait(Native Method)
        at java.base@21.0.6/sun.nio.ch.EPollSelectorImpl.doSelect(EPollSelectorImpl.java:121)
        at java.base@21.0.6/sun.nio.ch.SelectorImpl.lockAndDoSelect(SelectorImpl.java:130)
        at java.base@21.0.6/sun.nio.ch.SelectorImpl.select(SelectorImpl.java:147)
        at app//org.apache.hadoop.ipc.Server$Listener$Reader.doRunLoop(Server.java:1497)
        at app//org.apache.hadoop.ipc.Server$Listener$Reader.run(Server.java:1476)
"6b36f32d-918c-46a3-bfcb-888cb423c6dd-ContainerOp-e1fc892c-095b-4650-8f0f-81341f4e2824-5"  prio=5 tid=2299 in Object.wait()
java.lang.Thread.State: WAITING (on object monitor)
        at java.base@21.0.6/jdk.internal.misc.Unsafe.park(Native Method)
        at java.base@21.0.6/java.util.concurrent.locks.LockSupport.park(LockSupport.java:371)
        at java.base@21.0.6/java.util.concurrent.locks.AbstractQueuedSynchronizer$ConditionNode.block(AbstractQueuedSynchronizer.java:519)
        at java.base@21.0.6/java.util.concurrent.ForkJoinPool.unmanagedBlock(ForkJoinPool.java:3780)
        at java.base@21.0.6/java.util.concurrent.ForkJoinPool.managedBlock(ForkJoinPool.java:3725)
        at java.base@21.0.6/java.util.concurrent.locks.AbstractQueuedSynchronizer$ConditionObject.await(AbstractQueuedSynchronizer.java:1712)
        at java.base@21.0.6/java.util.concurrent.LinkedBlockingQueue.take(LinkedBlockingQueue.java:435)
        at java.base@21.0.6/java.util.concurrent.ThreadPoolExecutor.getTask(ThreadPoolExecutor.java:1070)
        at java.base@21.0.6/java.util.concurrent.ThreadPoolExecutor.runWorker(ThreadPoolExecutor.java:1130)
        at java.base@21.0.6/java.util.concurrent.ThreadPoolExecutor$Worker.run(ThreadPoolExecutor.java:642)
        at java.base@21.0.6/java.lang.Thread.runWith(Thread.java:1596)
        at java.base@21.0.6/java.lang.Thread.run(Thread.java:1583)
"IPC Server handler 25 on default port 15000" daemon prio=5 tid=139 timed_waiting
java.lang.Thread.State: TIMED_WAITING
        at java.base@21.0.6/jdk.internal.misc.Unsafe.park(Native Method)
        at java.base@21.0.6/java.util.concurrent.locks.LockSupport.parkNanos(LockSupport.java:269)
        at java.base@21.0.6/java.util.concurrent.locks.AbstractQueuedSynchronizer$ConditionObject.awaitNanos(AbstractQueuedSynchronizer.java:1763)
        at java.base@21.0.6/java.util.concurrent.LinkedBlockingQueue.poll(LinkedBlockingQueue.java:460)
        at app//org.apache.hadoop.ipc.CallQueueManager.take(CallQueueManager.java:370)
        at app//org.apache.hadoop.ipc.Server$Handler.run(Server.java:3165)
"IPC Server handler 3 on default port 15006" daemon prio=5 tid=494 timed_waiting
java.lang.Thread.State: TIMED_WAITING
        at java.base@21.0.6/jdk.internal.misc.Unsafe.park(Native Method)
        at java.base@21.0.6/java.util.concurrent.locks.LockSupport.parkNanos(LockSupport.java:269)
        at java.base@21.0.6/java.util.concurrent.locks.AbstractQueuedSynchronizer$ConditionObject.awaitNanos(AbstractQueuedSynchronizer.java:1763)
        at java.base@21.0.6/java.util.concurrent.LinkedBlockingQueue.poll(LinkedBlockingQueue.java:460)
        at app//org.apache.hadoop.ipc.CallQueueManager.take(CallQueueManager.java:370)
        at app//org.apache.hadoop.ipc.Server$Handler.run(Server.java:3165)
"Socket Reader #2 for port 15093"  prio=5 tid=945 runnable
java.lang.Thread.State: RUNNABLE
        at java.base@21.0.6/sun.nio.ch.EPoll.wait(Native Method)
        at java.base@21.0.6/sun.nio.ch.EPollSelectorImpl.doSelect(EPollSelectorImpl.java:121)
        at java.base@21.0.6/sun.nio.ch.SelectorImpl.lockAndDoSelect(SelectorImpl.java:130)
        at java.base@21.0.6/sun.nio.ch.SelectorImpl.select(SelectorImpl.java:147)
        at app//org.apache.hadoop.ipc.Server$Listener$Reader.doRunLoop(Server.java:1497)
        at app//org.apache.hadoop.ipc.Server$Listener$Reader.run(Server.java:1476)
"IPC Server handler 27 on default port 15002" daemon prio=5 tid=359 timed_waiting
java.lang.Thread.State: TIMED_WAITING
        at java.base@21.0.6/jdk.internal.misc.Unsafe.park(Native Method)
        at java.base@21.0.6/java.util.concurrent.locks.LockSupport.parkNanos(LockSupport.java:269)
        at java.base@21.0.6/java.util.concurrent.locks.AbstractQueuedSynchronizer$ConditionObject.awaitNanos(AbstractQueuedSynchronizer.java:1763)
        at java.base@21.0.6/java.util.concurrent.LinkedBlockingQueue.poll(LinkedBlockingQueue.java:460)
        at app//org.apache.hadoop.ipc.CallQueueManager.take(CallQueueManager.java:370)
        at app//org.apache.hadoop.ipc.Server$Handler.run(Server.java:3165)
"IPC Parameter Sending Thread for 0.0.0.0/0.0.0.0:15002" daemon prio=5 tid=977 timed_waiting
java.lang.Thread.State: TIMED_WAITING
        at java.base@21.0.6/jdk.internal.misc.Unsafe.park(Native Method)
        at java.base@21.0.6/java.util.concurrent.locks.LockSupport.parkNanos(LockSupport.java:410)
        at java.base@21.0.6/java.util.concurrent.LinkedTransferQueue$DualNode.await(LinkedTransferQueue.java:452)
        at java.base@21.0.6/java.util.concurrent.LinkedTransferQueue.xfer(LinkedTransferQueue.java:613)
        at java.base@21.0.6/java.util.concurrent.SynchronousQueue.xfer(SynchronousQueue.java:235)
        at java.base@21.0.6/java.util.concurrent.SynchronousQueue.poll(SynchronousQueue.java:338)
        at app//org.apache.hadoop.ipc.Client$Connection$RpcRequestSender.run(Client.java:1121)
        at java.base@21.0.6/java.lang.Thread.runWith(Thread.java:1596)
        at java.base@21.0.6/java.lang.Thread.run(Thread.java:1583)
"2dcfdddc-a76f-4d49-b174-7a2bddacee37@group-A68B45278972-LeaderStateImpl" daemon prio=5 tid=1413 timed_waiting
java.lang.Thread.State: TIMED_WAITING
        at java.base@21.0.6/jdk.internal.misc.Unsafe.park(Native Method)
        at java.base@21.0.6/java.util.concurrent.locks.LockSupport.parkNanos(LockSupport.java:269)
        at java.base@21.0.6/java.util.concurrent.locks.AbstractQueuedSynchronizer$ConditionObject.awaitNanos(AbstractQueuedSynchronizer.java:1763)
        at java.base@21.0.6/java.util.concurrent.ArrayBlockingQueue.poll(ArrayBlockingQueue.java:435)
        at app//org.apache.ratis.server.impl.LeaderStateImpl$EventQueue.poll(LeaderStateImpl.java:164)
        at app//org.apache.ratis.server.impl.LeaderStateImpl$EventProcessor.run(LeaderStateImpl.java:763)
"49dd84ae-7ec9-4d92-bc53-345946144fea@group-A17754050E0F-StateMachineUpdater" daemon prio=5 tid=2372 timed_waiting
java.lang.Thread.State: TIMED_WAITING
        at java.base@21.0.6/jdk.internal.misc.Unsafe.park(Native Method)
        at java.base@21.0.6/java.util.concurrent.locks.LockSupport.parkNanos(LockSupport.java:269)
        at java.base@21.0.6/java.util.concurrent.locks.AbstractQueuedSynchronizer$ConditionObject.await(AbstractQueuedSynchronizer.java:1852)
        at app//org.apache.ratis.util.AwaitForSignal.await(AwaitForSignal.java:65)
        at app//org.apache.ratis.server.impl.StateMachineUpdater.waitForCommit(StateMachineUpdater.java:219)
        at app//org.apache.ratis.server.impl.StateMachineUpdater.run(StateMachineUpdater.java:187)
        at java.base@21.0.6/java.lang.Thread.runWith(Thread.java:1596)
        at java.base@21.0.6/java.lang.Thread.run(Thread.java:1583)
"RatisPipelineUtilsThread-0"  prio=5 tid=48 timed_waiting
java.lang.Thread.State: TIMED_WAITING
        at java.base@21.0.6/java.lang.Object.wait0(Native Method)
        at java.base@21.0.6/java.lang.Object.wait(Object.java:366)
        at app//org.apache.hadoop.hdds.scm.pipeline.BackgroundPipelineCreator.run(BackgroundPipelineCreator.java:181)
        at app//org.apache.hadoop.hdds.scm.pipeline.BackgroundPipelineCreator$$Lambda/0x00007f7e9c4ac8e0.run(Unknown Source)
        at java.base@21.0.6/java.lang.Thread.runWith(Thread.java:1596)
        at java.base@21.0.6/java.lang.Thread.run(Thread.java:1583)
"2dcfdddc-a76f-4d49-b174-7a2bddacee37-PipelineCommandHandlerThread-0"  prio=5 tid=1237 in Object.wait()
java.lang.Thread.State: WAITING (on object monitor)
        at java.base@21.0.6/jdk.internal.misc.Unsafe.park(Native Method)
        at java.base@21.0.6/java.util.concurrent.locks.LockSupport.park(LockSupport.java:371)
        at java.base@21.0.6/java.util.concurrent.locks.AbstractQueuedSynchronizer$ConditionNode.block(AbstractQueuedSynchronizer.java:519)
        at java.base@21.0.6/java.util.concurrent.ForkJoinPool.unmanagedBlock(ForkJoinPool.java:3780)
        at java.base@21.0.6/java.util.concurrent.ForkJoinPool.managedBlock(ForkJoinPool.java:3725)
        at java.base@21.0.6/java.util.concurrent.locks.AbstractQueuedSynchronizer$ConditionObject.await(AbstractQueuedSynchronizer.java:1712)
        at java.base@21.0.6/java.util.concurrent.LinkedBlockingQueue.take(LinkedBlockingQueue.java:435)
        at java.base@21.0.6/java.util.concurrent.ThreadPoolExecutor.getTask(ThreadPoolExecutor.java:1070)
        at java.base@21.0.6/java.util.concurrent.ThreadPoolExecutor.runWorker(ThreadPoolExecutor.java:1130)
        at java.base@21.0.6/java.util.concurrent.ThreadPoolExecutor$Worker.run(ThreadPoolExecutor.java:642)
        at java.base@21.0.6/java.lang.Thread.runWith(Thread.java:1596)
        at java.base@21.0.6/java.lang.Thread.run(Thread.java:1583)
"qtp1625390205-564" daemon prio=5 tid=564 runnable
java.lang.Thread.State: RUNNABLE
        at java.base@21.0.6/sun.nio.ch.EPoll.wait(Native Method)
        at java.base@21.0.6/sun.nio.ch.EPollSelectorImpl.doSelect(EPollSelectorImpl.java:121)
        at java.base@21.0.6/sun.nio.ch.SelectorImpl.lockAndDoSelect(SelectorImpl.java:130)
        at java.base@21.0.6/sun.nio.ch.SelectorImpl.select(SelectorImpl.java:147)
        at app//org.eclipse.jetty.io.ManagedSelector.nioSelect(ManagedSelector.java:183)
        at app//org.eclipse.jetty.io.ManagedSelector.select(ManagedSelector.java:190)
        at app//org.eclipse.jetty.io.ManagedSelector$SelectorProducer.select(ManagedSelector.java:606)
        at app//org.eclipse.jetty.io.ManagedSelector$SelectorProducer.produce(ManagedSelector.java:543)
        at app//org.eclipse.jetty.util.thread.strategy.EatWhatYouKill.produceTask(EatWhatYouKill.java:362)
        at app//org.eclipse.jetty.util.thread.strategy.EatWhatYouKill.doProduce(EatWhatYouKill.java:186)
        at app//org.eclipse.jetty.util.thread.strategy.EatWhatYouKill.tryProduce(EatWhatYouKill.java:173)
        at app//org.eclipse.jetty.util.thread.strategy.EatWhatYouKill.produce(EatWhatYouKill.java:137)
        at app//org.eclipse.jetty.io.ManagedSelector$$Lambda/0x00007f7e9c660000.run(Unknown Source)
        at app//org.eclipse.jetty.util.thread.QueuedThreadPool.runJob(QueuedThreadPool.java:883)
        at app//org.eclipse.jetty.util.thread.QueuedThreadPool$Runner.run(QueuedThreadPool.java:1034)
        at java.base@21.0.6/java.lang.Thread.runWith(Thread.java:1596)
        at java.base@21.0.6/java.lang.Thread.run(Thread.java:1583)
"42086d8c-c943-47d6-a5f9-799709872375-server-thread3" daemon prio=5 tid=1420 timed_waiting
java.lang.Thread.State: TIMED_WAITING
        at java.base@21.0.6/jdk.internal.misc.Unsafe.park(Native Method)
        at java.base@21.0.6/java.util.concurrent.locks.LockSupport.parkNanos(LockSupport.java:410)
        at java.base@21.0.6/java.util.concurrent.LinkedTransferQueue$DualNode.await(LinkedTransferQueue.java:452)
        at java.base@21.0.6/java.util.concurrent.SynchronousQueue$Transferer.xferLifo(SynchronousQueue.java:194)
        at java.base@21.0.6/java.util.concurrent.SynchronousQueue.xfer(SynchronousQueue.java:235)
        at java.base@21.0.6/java.util.concurrent.SynchronousQueue.poll(SynchronousQueue.java:338)
        at java.base@21.0.6/java.util.concurrent.ThreadPoolExecutor.getTask(ThreadPoolExecutor.java:1069)
        at java.base@21.0.6/java.util.concurrent.ThreadPoolExecutor.runWorker(ThreadPoolExecutor.java:1130)
        at java.base@21.0.6/java.util.concurrent.ThreadPoolExecutor$Worker.run(ThreadPoolExecutor.java:642)
        at java.base@21.0.6/java.lang.Thread.runWith(Thread.java:1596)
        at java.base@21.0.6/java.lang.Thread.run(Thread.java:1583)
"IPC Server handler 11 on default port 15001" daemon prio=5 tid=225 timed_waiting
java.lang.Thread.State: TIMED_WAITING
        at java.base@21.0.6/jdk.internal.misc.Unsafe.park(Native Method)
        at java.base@21.0.6/java.util.concurrent.locks.LockSupport.parkNanos(LockSupport.java:269)
        at java.base@21.0.6/java.util.concurrent.locks.AbstractQueuedSynchronizer$ConditionObject.awaitNanos(AbstractQueuedSynchronizer.java:1763)
        at java.base@21.0.6/java.util.concurrent.LinkedBlockingQueue.poll(LinkedBlockingQueue.java:460)
        at app//org.apache.hadoop.ipc.CallQueueManager.take(CallQueueManager.java:370)
        at app//org.apache.hadoop.ipc.Server$Handler.run(Server.java:3165)
"IPC Server handler 37 on default port 15002" daemon prio=5 tid=369 timed_waiting
java.lang.Thread.State: TIMED_WAITING
        at java.base@21.0.6/jdk.internal.misc.Unsafe.park(Native Method)
        at java.base@21.0.6/java.util.concurrent.locks.LockSupport.parkNanos(LockSupport.java:269)
        at java.base@21.0.6/java.util.concurrent.locks.AbstractQueuedSynchronizer$ConditionObject.awaitNanos(AbstractQueuedSynchronizer.java:1763)
        at java.base@21.0.6/java.util.concurrent.LinkedBlockingQueue.poll(LinkedBlockingQueue.java:460)
        at app//org.apache.hadoop.ipc.CallQueueManager.take(CallQueueManager.java:370)
        at app//org.apache.hadoop.ipc.Server$Handler.run(Server.java:3165)
"IPC Server handler 85 on default port 15002" daemon prio=5 tid=417 timed_waiting
java.lang.Thread.State: TIMED_WAITING
        at java.base@21.0.6/jdk.internal.misc.Unsafe.park(Native Method)
        at java.base@21.0.6/java.util.concurrent.locks.LockSupport.parkNanos(LockSupport.java:269)
        at java.base@21.0.6/java.util.concurrent.locks.AbstractQueuedSynchronizer$ConditionObject.awaitNanos(AbstractQueuedSynchronizer.java:1763)
        at java.base@21.0.6/java.util.concurrent.LinkedBlockingQueue.poll(LinkedBlockingQueue.java:460)
        at app//org.apache.hadoop.ipc.CallQueueManager.take(CallQueueManager.java:370)
        at app//org.apache.hadoop.ipc.Server$Handler.run(Server.java:3165)
"25fe7083-9332-4190-accf-9f4542114dd9-RocksDBCompactionThread-0"  prio=5 tid=1899 timed_waiting
java.lang.Thread.State: TIMED_WAITING
        at java.base@21.0.6/jdk.internal.misc.Unsafe.park(Native Method)
        at java.base@21.0.6/java.util.concurrent.locks.LockSupport.parkNanos(LockSupport.java:269)
        at java.base@21.0.6/java.util.concurrent.locks.AbstractQueuedSynchronizer$ConditionObject.awaitNanos(AbstractQueuedSynchronizer.java:1763)
        at java.base@21.0.6/java.util.concurrent.ScheduledThreadPoolExecutor$DelayedWorkQueue.take(ScheduledThreadPoolExecutor.java:1182)
        at java.base@21.0.6/java.util.concurrent.ScheduledThreadPoolExecutor$DelayedWorkQueue.take(ScheduledThreadPoolExecutor.java:899)
        at java.base@21.0.6/java.util.concurrent.ThreadPoolExecutor.getTask(ThreadPoolExecutor.java:1070)
        at java.base@21.0.6/java.util.concurrent.ThreadPoolExecutor.runWorker(ThreadPoolExecutor.java:1130)
        at java.base@21.0.6/java.util.concurrent.ThreadPoolExecutor$Worker.run(ThreadPoolExecutor.java:642)
        at java.base@21.0.6/java.lang.Thread.runWith(Thread.java:1596)
        at java.base@21.0.6/java.lang.Thread.run(Thread.java:1583)
"25fe7083-9332-4190-accf-9f4542114dd9@group-222A66FCA67D-SegmentedRaftLogWorker" daemon prio=5 tid=2011 timed_waiting
java.lang.Thread.State: TIMED_WAITING
        at java.base@21.0.6/jdk.internal.misc.Unsafe.park(Native Method)
        at java.base@21.0.6/java.util.concurrent.locks.LockSupport.parkNanos(LockSupport.java:269)
        at java.base@21.0.6/java.util.concurrent.locks.AbstractQueuedSynchronizer$ConditionObject.awaitNanos(AbstractQueuedSynchronizer.java:1763)
        at app//org.apache.ratis.util.DataBlockingQueue.poll(DataBlockingQueue.java:148)
        at app//org.apache.ratis.server.raftlog.segmented.SegmentedRaftLogWorker.run(SegmentedRaftLogWorker.java:307)
        at app//org.apache.ratis.server.raftlog.segmented.SegmentedRaftLogWorker$$Lambda/0x00007f7e9c334fd8.run(Unknown Source)
        at java.base@21.0.6/java.util.concurrent.Executors$RunnableAdapter.call(Executors.java:572)
        at java.base@21.0.6/java.util.concurrent.FutureTask.run(FutureTask.java:317)
        at java.base@21.0.6/java.util.concurrent.ThreadPoolExecutor.runWorker(ThreadPoolExecutor.java:1144)
        at java.base@21.0.6/java.util.concurrent.ThreadPoolExecutor$Worker.run(ThreadPoolExecutor.java:642)
        at java.base@21.0.6/java.lang.Thread.runWith(Thread.java:1596)
        at java.base@21.0.6/java.lang.Thread.run(Thread.java:1583)
"StaleRecoveringContainerScrubbingService#2" daemon prio=5 tid=1826 in Object.wait()
java.lang.Thread.State: WAITING (on object monitor)
        at java.base@21.0.6/jdk.internal.misc.Unsafe.park(Native Method)
        at java.base@21.0.6/java.util.concurrent.locks.LockSupport.park(LockSupport.java:371)
        at java.base@21.0.6/java.util.concurrent.locks.AbstractQueuedSynchronizer$ConditionNode.block(AbstractQueuedSynchronizer.java:519)
        at java.base@21.0.6/java.util.concurrent.ForkJoinPool.unmanagedBlock(ForkJoinPool.java:3780)
        at java.base@21.0.6/java.util.concurrent.ForkJoinPool.managedBlock(ForkJoinPool.java:3725)
        at java.base@21.0.6/java.util.concurrent.locks.AbstractQueuedSynchronizer$ConditionObject.await(AbstractQueuedSynchronizer.java:1712)
        at java.base@21.0.6/java.util.concurrent.ScheduledThreadPoolExecutor$DelayedWorkQueue.take(ScheduledThreadPoolExecutor.java:1177)
        at java.base@21.0.6/java.util.concurrent.ScheduledThreadPoolExecutor$DelayedWorkQueue.take(ScheduledThreadPoolExecutor.java:899)
        at java.base@21.0.6/java.util.concurrent.ThreadPoolExecutor.getTask(ThreadPoolExecutor.java:1070)
        at java.base@21.0.6/java.util.concurrent.ThreadPoolExecutor.runWorker(ThreadPoolExecutor.java:1130)
        at java.base@21.0.6/java.util.concurrent.ThreadPoolExecutor$Worker.run(ThreadPoolExecutor.java:642)
        at java.base@21.0.6/java.lang.Thread.runWith(Thread.java:1596)
        at java.base@21.0.6/java.lang.Thread.run(Thread.java:1583)
"IPC Server idle connection scanner for port 15084" daemon prio=5 tid=1924 timed_waiting
java.lang.Thread.State: TIMED_WAITING
        at java.base@21.0.6/java.lang.Object.wait0(Native Method)
        at java.base@21.0.6/java.lang.Object.wait(Object.java:366)
        at java.base@21.0.6/java.util.TimerThread.mainLoop(Timer.java:563)
        at java.base@21.0.6/java.util.TimerThread.run(Timer.java:516)
"EventQueue-PipelineReportForPipelineReportHandler" daemon prio=5 tid=1142 in Object.wait()
java.lang.Thread.State: WAITING (on object monitor)
        at java.base@21.0.6/jdk.internal.misc.Unsafe.park(Native Method)
        at java.base@21.0.6/java.util.concurrent.locks.LockSupport.park(LockSupport.java:371)
        at java.base@21.0.6/java.util.concurrent.locks.AbstractQueuedSynchronizer$ConditionNode.block(AbstractQueuedSynchronizer.java:519)
        at java.base@21.0.6/java.util.concurrent.ForkJoinPool.unmanagedBlock(ForkJoinPool.java:3780)
        at java.base@21.0.6/java.util.concurrent.ForkJoinPool.managedBlock(ForkJoinPool.java:3725)
        at java.base@21.0.6/java.util.concurrent.locks.AbstractQueuedSynchronizer$ConditionObject.await(AbstractQueuedSynchronizer.java:1712)
        at java.base@21.0.6/java.util.concurrent.LinkedBlockingQueue.take(LinkedBlockingQueue.java:435)
        at java.base@21.0.6/java.util.concurrent.ThreadPoolExecutor.getTask(ThreadPoolExecutor.java:1070)
        at java.base@21.0.6/java.util.concurrent.ThreadPoolExecutor.runWorker(ThreadPoolExecutor.java:1130)
        at java.base@21.0.6/java.util.concurrent.ThreadPoolExecutor$Worker.run(ThreadPoolExecutor.java:642)
        at java.base@21.0.6/java.lang.Thread.runWith(Thread.java:1596)
        at java.base@21.0.6/java.lang.Thread.run(Thread.java:1583)
"2fdf8a61-8d2a-4048-aa8e-d82d5837d34a-ContainerOp-9e09d6a8-9742-4eee-8124-a68b45278972-3"  prio=5 tid=2142 in Object.wait()
java.lang.Thread.State: WAITING (on object monitor)
        at java.base@21.0.6/jdk.internal.misc.Unsafe.park(Native Method)
        at java.base@21.0.6/java.util.concurrent.locks.LockSupport.park(LockSupport.java:371)
        at java.base@21.0.6/java.util.concurrent.locks.AbstractQueuedSynchronizer$ConditionNode.block(AbstractQueuedSynchronizer.java:519)
        at java.base@21.0.6/java.util.concurrent.ForkJoinPool.unmanagedBlock(ForkJoinPool.java:3780)
        at java.base@21.0.6/java.util.concurrent.ForkJoinPool.managedBlock(ForkJoinPool.java:3725)
        at java.base@21.0.6/java.util.concurrent.locks.AbstractQueuedSynchronizer$ConditionObject.await(AbstractQueuedSynchronizer.java:1712)
        at java.base@21.0.6/java.util.concurrent.LinkedBlockingQueue.take(LinkedBlockingQueue.java:435)
        at java.base@21.0.6/java.util.concurrent.ThreadPoolExecutor.getTask(ThreadPoolExecutor.java:1070)
        at java.base@21.0.6/java.util.concurrent.ThreadPoolExecutor.runWorker(ThreadPoolExecutor.java:1130)
        at java.base@21.0.6/java.util.concurrent.ThreadPoolExecutor$Worker.run(ThreadPoolExecutor.java:642)
        at java.base@21.0.6/java.lang.Thread.runWith(Thread.java:1596)
        at java.base@21.0.6/java.lang.Thread.run(Thread.java:1583)
"IPC Server handler 7 on default port 15002" daemon prio=5 tid=339 timed_waiting
java.lang.Thread.State: TIMED_WAITING
        at java.base@21.0.6/jdk.internal.misc.Unsafe.park(Native Method)
        at java.base@21.0.6/java.util.concurrent.locks.LockSupport.parkNanos(LockSupport.java:269)
        at java.base@21.0.6/java.util.concurrent.locks.AbstractQueuedSynchronizer$ConditionObject.awaitNanos(AbstractQueuedSynchronizer.java:1763)
        at java.base@21.0.6/java.util.concurrent.LinkedBlockingQueue.poll(LinkedBlockingQueue.java:460)
        at app//org.apache.hadoop.ipc.CallQueueManager.take(CallQueueManager.java:370)
        at app//org.apache.hadoop.ipc.Server$Handler.run(Server.java:3165)
"42086d8c-c943-47d6-a5f9-799709872375-EndpointStateMachineTaskThread-/0.0.0.0:15002-0 "  prio=5 tid=1049 in Object.wait()
java.lang.Thread.State: WAITING (on object monitor)
        at java.base@21.0.6/jdk.internal.misc.Unsafe.park(Native Method)
        at java.base@21.0.6/java.util.concurrent.locks.LockSupport.park(LockSupport.java:371)
        at java.base@21.0.6/java.util.concurrent.locks.AbstractQueuedSynchronizer$ConditionNode.block(AbstractQueuedSynchronizer.java:519)
        at java.base@21.0.6/java.util.concurrent.ForkJoinPool.unmanagedBlock(ForkJoinPool.java:3780)
        at java.base@21.0.6/java.util.concurrent.ForkJoinPool.managedBlock(ForkJoinPool.java:3725)
        at java.base@21.0.6/java.util.concurrent.locks.AbstractQueuedSynchronizer$ConditionObject.await(AbstractQueuedSynchronizer.java:1712)
        at java.base@21.0.6/java.util.concurrent.LinkedBlockingQueue.take(LinkedBlockingQueue.java:435)
        at java.base@21.0.6/java.util.concurrent.ThreadPoolExecutor.getTask(ThreadPoolExecutor.java:1070)
        at java.base@21.0.6/java.util.concurrent.ThreadPoolExecutor.runWorker(ThreadPoolExecutor.java:1130)
        at java.base@21.0.6/java.util.concurrent.ThreadPoolExecutor$Worker.run(ThreadPoolExecutor.java:642)
        at java.base@21.0.6/java.lang.Thread.runWith(Thread.java:1596)
        at java.base@21.0.6/java.lang.Thread.run(Thread.java:1583)
"46d11c6d-db9b-44c9-8985-212dd9cf6636@group-BBC2BE15DE85-StateMachineUpdater" daemon prio=5 tid=1982 timed_waiting
java.lang.Thread.State: TIMED_WAITING
        at java.base@21.0.6/jdk.internal.misc.Unsafe.park(Native Method)
        at java.base@21.0.6/java.util.concurrent.locks.LockSupport.parkNanos(LockSupport.java:269)
        at java.base@21.0.6/java.util.concurrent.locks.AbstractQueuedSynchronizer$ConditionObject.await(AbstractQueuedSynchronizer.java:1852)
        at app//org.apache.ratis.util.AwaitForSignal.await(AwaitForSignal.java:65)
        at app//org.apache.ratis.server.impl.StateMachineUpdater.waitForCommit(StateMachineUpdater.java:219)
        at app//org.apache.ratis.server.impl.StateMachineUpdater.run(StateMachineUpdater.java:187)
        at java.base@21.0.6/java.lang.Thread.runWith(Thread.java:1596)
        at java.base@21.0.6/java.lang.Thread.run(Thread.java:1583)
"Socket Reader #2 for port 15084"  prio=5 tid=1915 runnable
java.lang.Thread.State: RUNNABLE
        at java.base@21.0.6/sun.nio.ch.EPoll.wait(Native Method)
        at java.base@21.0.6/sun.nio.ch.EPollSelectorImpl.doSelect(EPollSelectorImpl.java:121)
        at java.base@21.0.6/sun.nio.ch.SelectorImpl.lockAndDoSelect(SelectorImpl.java:130)
        at java.base@21.0.6/sun.nio.ch.SelectorImpl.select(SelectorImpl.java:147)
        at app//org.apache.hadoop.ipc.Server$Listener$Reader.doRunLoop(Server.java:1497)
        at app//org.apache.hadoop.ipc.Server$Listener$Reader.run(Server.java:1476)
"OverReplicatedProcessor" daemon prio=5 tid=53 timed_waiting
java.lang.Thread.State: TIMED_WAITING
        at java.base@21.0.6/java.lang.Object.wait0(Native Method)
        at java.base@21.0.6/java.lang.Object.wait(Object.java:366)
        at app//org.apache.hadoop.hdds.scm.container.replication.UnhealthyReplicationProcessor.run(UnhealthyReplicationProcessor.java:172)
        at java.base@21.0.6/java.lang.Thread.runWith(Thread.java:1596)
        at java.base@21.0.6/java.lang.Thread.run(Thread.java:1583)
"2fdf8a61-8d2a-4048-aa8e-d82d5837d34a-DatanodeReportManager-1" daemon prio=5 tid=785 in Object.wait()
java.lang.Thread.State: WAITING (on object monitor)
        at java.base@21.0.6/jdk.internal.misc.Unsafe.park(Native Method)
        at java.base@21.0.6/java.util.concurrent.locks.LockSupport.park(LockSupport.java:371)
        at java.base@21.0.6/java.util.concurrent.locks.AbstractQueuedSynchronizer$ConditionNode.block(AbstractQueuedSynchronizer.java:519)
        at java.base@21.0.6/java.util.concurrent.ForkJoinPool.unmanagedBlock(ForkJoinPool.java:3780)
        at java.base@21.0.6/java.util.concurrent.ForkJoinPool.managedBlock(ForkJoinPool.java:3725)
        at java.base@21.0.6/java.util.concurrent.locks.AbstractQueuedSynchronizer$ConditionObject.await(AbstractQueuedSynchronizer.java:1712)
        at java.base@21.0.6/java.util.concurrent.ScheduledThreadPoolExecutor$DelayedWorkQueue.take(ScheduledThreadPoolExecutor.java:1177)
        at java.base@21.0.6/java.util.concurrent.ScheduledThreadPoolExecutor$DelayedWorkQueue.take(ScheduledThreadPoolExecutor.java:899)
        at java.base@21.0.6/java.util.concurrent.ThreadPoolExecutor.getTask(ThreadPoolExecutor.java:1070)
        at java.base@21.0.6/java.util.concurrent.ThreadPoolExecutor.runWorker(ThreadPoolExecutor.java:1130)
        at java.base@21.0.6/java.util.concurrent.ThreadPoolExecutor$Worker.run(ThreadPoolExecutor.java:642)
        at java.base@21.0.6/java.lang.Thread.runWith(Thread.java:1596)
        at java.base@21.0.6/java.lang.Thread.run(Thread.java:1583)
"IPC Server handler 89 on default port 15002" daemon prio=5 tid=421 timed_waiting
java.lang.Thread.State: TIMED_WAITING
        at java.base@21.0.6/jdk.internal.misc.Unsafe.park(Native Method)
        at java.base@21.0.6/java.util.concurrent.locks.LockSupport.parkNanos(LockSupport.java:269)
        at java.base@21.0.6/java.util.concurrent.locks.AbstractQueuedSynchronizer$ConditionObject.awaitNanos(AbstractQueuedSynchronizer.java:1763)
        at java.base@21.0.6/java.util.concurrent.LinkedBlockingQueue.poll(LinkedBlockingQueue.java:460)
        at app//org.apache.hadoop.ipc.CallQueueManager.take(CallQueueManager.java:370)
        at app//org.apache.hadoop.ipc.Server$Handler.run(Server.java:3165)
"om1-DirectoryDeletingService#2" daemon prio=5 tid=470 in Object.wait()
java.lang.Thread.State: WAITING (on object monitor)
        at java.base@21.0.6/jdk.internal.misc.Unsafe.park(Native Method)
        at java.base@21.0.6/java.util.concurrent.locks.LockSupport.park(LockSupport.java:371)
        at java.base@21.0.6/java.util.concurrent.locks.AbstractQueuedSynchronizer$ConditionNode.block(AbstractQueuedSynchronizer.java:519)
        at java.base@21.0.6/java.util.concurrent.ForkJoinPool.unmanagedBlock(ForkJoinPool.java:3780)
        at java.base@21.0.6/java.util.concurrent.ForkJoinPool.managedBlock(ForkJoinPool.java:3725)
        at java.base@21.0.6/java.util.concurrent.locks.AbstractQueuedSynchronizer$ConditionObject.await(AbstractQueuedSynchronizer.java:1712)
        at java.base@21.0.6/java.util.concurrent.ScheduledThreadPoolExecutor$DelayedWorkQueue.take(ScheduledThreadPoolExecutor.java:1177)
        at java.base@21.0.6/java.util.concurrent.ScheduledThreadPoolExecutor$DelayedWorkQueue.take(ScheduledThreadPoolExecutor.java:899)
        at java.base@21.0.6/java.util.concurrent.ThreadPoolExecutor.getTask(ThreadPoolExecutor.java:1070)
        at java.base@21.0.6/java.util.concurrent.ThreadPoolExecutor.runWorker(ThreadPoolExecutor.java:1130)
        at java.base@21.0.6/java.util.concurrent.ThreadPoolExecutor$Worker.run(ThreadPoolExecutor.java:642)
        at java.base@21.0.6/java.lang.Thread.runWith(Thread.java:1596)
        at java.base@21.0.6/java.lang.Thread.run(Thread.java:1583)
"e20a886d-0459-4371-959f-f9bdb6931571-RocksDBCompactionThread-0"  prio=5 tid=837 timed_waiting
java.lang.Thread.State: TIMED_WAITING
        at java.base@21.0.6/jdk.internal.misc.Unsafe.park(Native Method)
        at java.base@21.0.6/java.util.concurrent.locks.LockSupport.parkNanos(LockSupport.java:269)
        at java.base@21.0.6/java.util.concurrent.locks.AbstractQueuedSynchronizer$ConditionObject.awaitNanos(AbstractQueuedSynchronizer.java:1763)
        at java.base@21.0.6/java.util.concurrent.ScheduledThreadPoolExecutor$DelayedWorkQueue.take(ScheduledThreadPoolExecutor.java:1182)
        at java.base@21.0.6/java.util.concurrent.ScheduledThreadPoolExecutor$DelayedWorkQueue.take(ScheduledThreadPoolExecutor.java:899)
        at java.base@21.0.6/java.util.concurrent.ThreadPoolExecutor.getTask(ThreadPoolExecutor.java:1070)
        at java.base@21.0.6/java.util.concurrent.ThreadPoolExecutor.runWorker(ThreadPoolExecutor.java:1130)
        at java.base@21.0.6/java.util.concurrent.ThreadPoolExecutor$Worker.run(ThreadPoolExecutor.java:642)
        at java.base@21.0.6/java.lang.Thread.runWith(Thread.java:1596)
        at java.base@21.0.6/java.lang.Thread.run(Thread.java:1583)


	at org.apache.ozone.test.GenericTestUtils.waitFor(GenericTestUtils.java:151)
	at org.apache.hadoop.ozone.client.rpc.TestContainerStateMachineFailures.testContainerStateMachineRestartWithDNChangePipeline(TestContainerStateMachineFailures.java:307)
	at java.base/java.lang.reflect.Method.invoke(Method.java:580)
	at java.base/java.util.ArrayList.forEach(ArrayList.java:1596)
	at java.base/java.util.ArrayList.forEach(ArrayList.java:1596)
]]></error>
    <system-out><![CDATA[2025-02-19 06:37:59,334 [grpc-default-executor-8] WARN  server.GrpcServerProtocolService (LogUtils.java:warn(123)) - 62ffdddc-aaf0-4ce5-9810-4c181ebbf473: Failed APPEND_ENTRIES request eb965ba7-12a8-46f3-92c0-bc6ff5b3bf3b->62ffdddc-aaf0-4ce5-9810-4c181ebbf473#9249-t1,previous=(t:1, i:0),leaderCommit=0,initializing? false,entries: size=2, first=(t:1, i:1), STATEMACHINELOGENTRY, WRITE: logData.size=154, stateMachineData.size=5, logEntryProtoSerializedSize=0
java.util.concurrent.CompletionException: org.apache.ratis.protocol.exceptions.GroupMismatchException: 62ffdddc-aaf0-4ce5-9810-4c181ebbf473: group-81341F4E2824 not found.
	at java.base/java.util.concurrent.CompletableFuture.encodeThrowable(CompletableFuture.java:332)
	at java.base/java.util.concurrent.CompletableFuture.uniComposeStage(CompletableFuture.java:1177)
	at java.base/java.util.concurrent.CompletableFuture.thenCompose(CompletableFuture.java:2341)
	at org.apache.ratis.server.impl.RaftServerProxy.appendEntriesAsync(RaftServerProxy.java:645)
	at org.apache.ratis.grpc.server.GrpcServerProtocolService$1.process(GrpcServerProtocolService.java:229)
	at org.apache.ratis.grpc.server.GrpcServerProtocolService$1.process(GrpcServerProtocolService.java:226)
	at org.apache.ratis.grpc.server.GrpcServerProtocolService$ServerRequestStreamObserver.onNext(GrpcServerProtocolService.java:137)
	at org.apache.ratis.thirdparty.io.grpc.stub.ServerCalls$StreamingServerCallHandler$StreamingServerCallListener.onMessage(ServerCalls.java:262)
	at org.apache.ratis.thirdparty.io.grpc.internal.ServerCallImpl$ServerStreamListenerImpl.messagesAvailableInternal(ServerCallImpl.java:329)
	at org.apache.ratis.thirdparty.io.grpc.internal.ServerCallImpl$ServerStreamListenerImpl.messagesAvailable(ServerCallImpl.java:314)
	at org.apache.ratis.thirdparty.io.grpc.internal.ServerImpl$JumpToApplicationThreadServerStreamListener$1MessagesAvailable.runInContext(ServerImpl.java:833)
	at org.apache.ratis.thirdparty.io.grpc.internal.ContextRunnable.run(ContextRunnable.java:37)
	at org.apache.ratis.thirdparty.io.grpc.internal.SerializingExecutor.run(SerializingExecutor.java:133)
	at java.base/java.util.concurrent.ThreadPoolExecutor.runWorker(ThreadPoolExecutor.java:1144)
	at java.base/java.util.concurrent.ThreadPoolExecutor$Worker.run(ThreadPoolExecutor.java:642)
	at java.base/java.lang.Thread.run(Thread.java:1583)
Caused by: org.apache.ratis.protocol.exceptions.GroupMismatchException: 62ffdddc-aaf0-4ce5-9810-4c181ebbf473: group-81341F4E2824 not found.
	at org.apache.ratis.server.impl.RaftServerProxy$ImplMap.get(RaftServerProxy.java:155)
	at org.apache.ratis.server.impl.RaftServerProxy.getImplFuture(RaftServerProxy.java:365)
	at org.apache.ratis.server.impl.RaftServerProxy.appendEntriesAsync(RaftServerProxy.java:644)
	... 12 more
2025-02-19 06:37:59,337 [grpc-default-executor-8] WARN  server.GrpcLogAppender (LogUtils.java:warn(123)) - eb965ba7-12a8-46f3-92c0-bc6ff5b3bf3b@group-81341F4E2824->62ffdddc-aaf0-4ce5-9810-4c181ebbf473-AppendLogResponseHandler: Failed appendEntries
org.apache.ratis.protocol.exceptions.GroupMismatchException: 62ffdddc-aaf0-4ce5-9810-4c181ebbf473: group-81341F4E2824 not found.
	at org.apache.ratis.server.impl.RaftServerProxy$ImplMap.get(RaftServerProxy.java:155)
	at org.apache.ratis.server.impl.RaftServerProxy.getImplFuture(RaftServerProxy.java:365)
	at org.apache.ratis.server.impl.RaftServerProxy.appendEntriesAsync(RaftServerProxy.java:644)
	at org.apache.ratis.grpc.server.GrpcServerProtocolService$1.process(GrpcServerProtocolService.java:229)
	at org.apache.ratis.grpc.server.GrpcServerProtocolService$1.process(GrpcServerProtocolService.java:226)
	at org.apache.ratis.grpc.server.GrpcServerProtocolService$ServerRequestStreamObserver.onNext(GrpcServerProtocolService.java:137)
	at org.apache.ratis.thirdparty.io.grpc.stub.ServerCalls$StreamingServerCallHandler$StreamingServerCallListener.onMessage(ServerCalls.java:262)
	at org.apache.ratis.thirdparty.io.grpc.internal.ServerCallImpl$ServerStreamListenerImpl.messagesAvailableInternal(ServerCallImpl.java:329)
	at org.apache.ratis.thirdparty.io.grpc.internal.ServerCallImpl$ServerStreamListenerImpl.messagesAvailable(ServerCallImpl.java:314)
	at org.apache.ratis.thirdparty.io.grpc.internal.ServerImpl$JumpToApplicationThreadServerStreamListener$1MessagesAvailable.runInContext(ServerImpl.java:833)
	at org.apache.ratis.thirdparty.io.grpc.internal.ContextRunnable.run(ContextRunnable.java:37)
	at org.apache.ratis.thirdparty.io.grpc.internal.SerializingExecutor.run(SerializingExecutor.java:133)
	at java.base/java.util.concurrent.ThreadPoolExecutor.runWorker(ThreadPoolExecutor.java:1144)
	at java.base/java.util.concurrent.ThreadPoolExecutor$Worker.run(ThreadPoolExecutor.java:642)
	at java.base/java.lang.Thread.run(Thread.java:1583)
2025-02-19 06:37:59,337 [grpc-default-executor-8] INFO  leader.LogAppender (LogAppenderBase.java:lambda$getNextIndexForError$0(215)) - Decrease nextIndex to 1
2025-02-19 06:37:59,337 [grpc-default-executor-8] INFO  leader.LogAppender (LogAppenderBase.java:lambda$getNextIndexForError$0(215)) - Decrease nextIndex to 1
2025-02-19 06:37:59,337 [grpc-default-executor-8] INFO  leader.FollowerInfo (FollowerInfoImpl.java:info(70)) - eb965ba7-12a8-46f3-92c0-bc6ff5b3bf3b@group-81341F4E2824->62ffdddc-aaf0-4ce5-9810-4c181ebbf473: computeNextIndex nextIndex: updateUnconditionally 3 -> 1
2025-02-19 06:37:59,341 [grpc-default-executor-7] WARN  server.GrpcServerProtocolService (LogUtils.java:warn(123)) - 62ffdddc-aaf0-4ce5-9810-4c181ebbf473: Failed APPEND_ENTRIES request eb965ba7-12a8-46f3-92c0-bc6ff5b3bf3b->62ffdddc-aaf0-4ce5-9810-4c181ebbf473#9250-t1,previous=(t:1, i:0),leaderCommit=2,initializing? false,entries: size=4, first=(t:1, i:1), STATEMACHINELOGENTRY, WRITE: logData.size=154, stateMachineData.size=5, logEntryProtoSerializedSize=0
java.util.concurrent.CompletionException: org.apache.ratis.protocol.exceptions.GroupMismatchException: 62ffdddc-aaf0-4ce5-9810-4c181ebbf473: group-81341F4E2824 not found.
	at java.base/java.util.concurrent.CompletableFuture.encodeThrowable(CompletableFuture.java:332)
	at java.base/java.util.concurrent.CompletableFuture.uniComposeStage(CompletableFuture.java:1177)
	at java.base/java.util.concurrent.CompletableFuture.thenCompose(CompletableFuture.java:2341)
	at org.apache.ratis.server.impl.RaftServerProxy.appendEntriesAsync(RaftServerProxy.java:645)
	at org.apache.ratis.grpc.server.GrpcServerProtocolService$1.process(GrpcServerProtocolService.java:229)
	at org.apache.ratis.grpc.server.GrpcServerProtocolService$1.process(GrpcServerProtocolService.java:226)
	at org.apache.ratis.grpc.server.GrpcServerProtocolService$ServerRequestStreamObserver.onNext(GrpcServerProtocolService.java:137)
	at org.apache.ratis.thirdparty.io.grpc.stub.ServerCalls$StreamingServerCallHandler$StreamingServerCallListener.onMessage(ServerCalls.java:262)
	at org.apache.ratis.thirdparty.io.grpc.internal.ServerCallImpl$ServerStreamListenerImpl.messagesAvailableInternal(ServerCallImpl.java:329)
	at org.apache.ratis.thirdparty.io.grpc.internal.ServerCallImpl$ServerStreamListenerImpl.messagesAvailable(ServerCallImpl.java:314)
	at org.apache.ratis.thirdparty.io.grpc.internal.ServerImpl$JumpToApplicationThreadServerStreamListener$1MessagesAvailable.runInContext(ServerImpl.java:833)
	at org.apache.ratis.thirdparty.io.grpc.internal.ContextRunnable.run(ContextRunnable.java:37)
	at org.apache.ratis.thirdparty.io.grpc.internal.SerializingExecutor.run(SerializingExecutor.java:133)
	at java.base/java.util.concurrent.ThreadPoolExecutor.runWorker(ThreadPoolExecutor.java:1144)
	at java.base/java.util.concurrent.ThreadPoolExecutor$Worker.run(ThreadPoolExecutor.java:642)
	at java.base/java.lang.Thread.run(Thread.java:1583)
Caused by: org.apache.ratis.protocol.exceptions.GroupMismatchException: 62ffdddc-aaf0-4ce5-9810-4c181ebbf473: group-81341F4E2824 not found.
	at org.apache.ratis.server.impl.RaftServerProxy$ImplMap.get(RaftServerProxy.java:155)
	at org.apache.ratis.server.impl.RaftServerProxy.getImplFuture(RaftServerProxy.java:365)
	at org.apache.ratis.server.impl.RaftServerProxy.appendEntriesAsync(RaftServerProxy.java:644)
	... 12 more
2025-02-19 06:37:59,342 [eb965ba7-12a8-46f3-92c0-bc6ff5b3bf3b@group-81341F4E2824-StateMachineUpdater] INFO  ratis.ContainerStateMachine (ContainerStateMachine.java:takeSnapshot(376)) - group-81341F4E2824: Taking a snapshot at:(t:1, i:1) file /home/runner/work/ozone/ozone/hadoop-ozone/integration-test/target/test-dir/MiniOzoneClusterImpl-3e129c02-f7f1-4d32-bd92-d681932e2c0d/ozone-meta/datanode-3/ratis/e1fc892c-095b-4650-8f0f-81341f4e2824/sm/snapshot.1_1
2025-02-19 06:37:59,344 [grpc-default-executor-8] INFO  leader.LogAppender (LogAppenderBase.java:lambda$getNextIndexForError$0(215)) - Decrease nextIndex to 1
2025-02-19 06:37:59,344 [grpc-default-executor-8] INFO  leader.LogAppender (LogAppenderBase.java:lambda$getNextIndexForError$0(215)) - Decrease nextIndex to 1
2025-02-19 06:37:59,344 [grpc-default-executor-8] INFO  leader.FollowerInfo (FollowerInfoImpl.java:info(70)) - eb965ba7-12a8-46f3-92c0-bc6ff5b3bf3b@group-81341F4E2824->62ffdddc-aaf0-4ce5-9810-4c181ebbf473: computeNextIndex nextIndex: updateUnconditionally 5 -> 1
2025-02-19 06:37:59,345 [eb965ba7-12a8-46f3-92c0-bc6ff5b3bf3b@group-81341F4E2824-StateMachineUpdater] INFO  ratis.ContainerStateMachine (ContainerStateMachine.java:takeSnapshot(387)) - group-81341F4E2824: Finished taking a snapshot at:(t:1, i:1) file:/home/runner/work/ozone/ozone/hadoop-ozone/integration-test/target/test-dir/MiniOzoneClusterImpl-3e129c02-f7f1-4d32-bd92-d681932e2c0d/ozone-meta/datanode-3/ratis/e1fc892c-095b-4650-8f0f-81341f4e2824/sm/snapshot.1_1 took: 3 ms
2025-02-19 06:37:59,345 [eb965ba7-12a8-46f3-92c0-bc6ff5b3bf3b@group-81341F4E2824-StateMachineUpdater] INFO  impl.StateMachineUpdater (StateMachineUpdater.java:takeSnapshot(303)) - eb965ba7-12a8-46f3-92c0-bc6ff5b3bf3b@group-81341F4E2824-StateMachineUpdater: Took a snapshot at index 1
2025-02-19 06:37:59,345 [eb965ba7-12a8-46f3-92c0-bc6ff5b3bf3b@group-81341F4E2824-StateMachineUpdater] INFO  impl.StateMachineUpdater (StateMachineUpdater.java:lambda$new$0(102)) - eb965ba7-12a8-46f3-92c0-bc6ff5b3bf3b@group-81341F4E2824-StateMachineUpdater: snapshotIndex: updateIncreasingly 0 -> 1
2025-02-19 06:37:59,345 [6b36f32d-918c-46a3-bfcb-888cb423c6dd@group-81341F4E2824-StateMachineUpdater] INFO  ratis.ContainerStateMachine (ContainerStateMachine.java:takeSnapshot(376)) - group-81341F4E2824: Taking a snapshot at:(t:1, i:1) file /home/runner/work/ozone/ozone/hadoop-ozone/integration-test/target/test-dir/MiniOzoneClusterImpl-3e129c02-f7f1-4d32-bd92-d681932e2c0d/ozone-meta/datanode-2/ratis/e1fc892c-095b-4650-8f0f-81341f4e2824/sm/snapshot.1_1
2025-02-19 06:37:59,346 [6b36f32d-918c-46a3-bfcb-888cb423c6dd@group-81341F4E2824-StateMachineUpdater] INFO  ratis.ContainerStateMachine (ContainerStateMachine.java:takeSnapshot(387)) - group-81341F4E2824: Finished taking a snapshot at:(t:1, i:1) file:/home/runner/work/ozone/ozone/hadoop-ozone/integration-test/target/test-dir/MiniOzoneClusterImpl-3e129c02-f7f1-4d32-bd92-d681932e2c0d/ozone-meta/datanode-2/ratis/e1fc892c-095b-4650-8f0f-81341f4e2824/sm/snapshot.1_1 took: 2 ms
2025-02-19 06:37:59,347 [6b36f32d-918c-46a3-bfcb-888cb423c6dd@group-81341F4E2824-StateMachineUpdater] INFO  impl.StateMachineUpdater (StateMachineUpdater.java:takeSnapshot(303)) - 6b36f32d-918c-46a3-bfcb-888cb423c6dd@group-81341F4E2824-StateMachineUpdater: Took a snapshot at index 1
2025-02-19 06:37:59,347 [6b36f32d-918c-46a3-bfcb-888cb423c6dd@group-81341F4E2824-StateMachineUpdater] INFO  impl.StateMachineUpdater (StateMachineUpdater.java:lambda$new$0(102)) - 6b36f32d-918c-46a3-bfcb-888cb423c6dd@group-81341F4E2824-StateMachineUpdater: snapshotIndex: updateIncreasingly 0 -> 1
2025-02-19 06:38:01,786 [42086d8c-c943-47d6-a5f9-799709872375@group-A68B45278972-StateMachineUpdater] INFO  ratis.ContainerStateMachine (ContainerStateMachine.java:takeSnapshot(376)) - group-A68B45278972: Taking a snapshot at:(t:1, i:14) file /home/runner/work/ozone/ozone/hadoop-ozone/integration-test/target/test-dir/MiniOzoneClusterImpl-3e129c02-f7f1-4d32-bd92-d681932e2c0d/ozone-meta/datanode-5/ratis/9e09d6a8-9742-4eee-8124-a68b45278972/sm/snapshot.1_14
2025-02-19 06:38:01,787 [2fdf8a61-8d2a-4048-aa8e-d82d5837d34a@group-A68B45278972-StateMachineUpdater] INFO  ratis.ContainerStateMachine (ContainerStateMachine.java:takeSnapshot(376)) - group-A68B45278972: Taking a snapshot at:(t:1, i:14) file /home/runner/work/ozone/ozone/hadoop-ozone/integration-test/target/test-dir/MiniOzoneClusterImpl-3e129c02-f7f1-4d32-bd92-d681932e2c0d/ozone-meta/datanode-6/ratis/9e09d6a8-9742-4eee-8124-a68b45278972/sm/snapshot.1_14
2025-02-19 06:38:01,788 [42086d8c-c943-47d6-a5f9-799709872375@group-A68B45278972-StateMachineUpdater] INFO  ratis.ContainerStateMachine (ContainerStateMachine.java:takeSnapshot(387)) - group-A68B45278972: Finished taking a snapshot at:(t:1, i:14) file:/home/runner/work/ozone/ozone/hadoop-ozone/integration-test/target/test-dir/MiniOzoneClusterImpl-3e129c02-f7f1-4d32-bd92-d681932e2c0d/ozone-meta/datanode-5/ratis/9e09d6a8-9742-4eee-8124-a68b45278972/sm/snapshot.1_14 took: 1 ms
2025-02-19 06:38:01,788 [42086d8c-c943-47d6-a5f9-799709872375@group-A68B45278972-StateMachineUpdater] INFO  impl.SimpleStateMachineStorage (SimpleStateMachineStorage.java:lambda$cleanupOldSnapshots$1(126)) - Deleting old snapshot at /home/runner/work/ozone/ozone/hadoop-ozone/integration-test/target/test-dir/MiniOzoneClusterImpl-3e129c02-f7f1-4d32-bd92-d681932e2c0d/ozone-meta/datanode-5/ratis/9e09d6a8-9742-4eee-8124-a68b45278972/sm/snapshot.1_2
2025-02-19 06:38:01,788 [2fdf8a61-8d2a-4048-aa8e-d82d5837d34a@group-A68B45278972-StateMachineUpdater] INFO  ratis.ContainerStateMachine (ContainerStateMachine.java:takeSnapshot(387)) - group-A68B45278972: Finished taking a snapshot at:(t:1, i:14) file:/home/runner/work/ozone/ozone/hadoop-ozone/integration-test/target/test-dir/MiniOzoneClusterImpl-3e129c02-f7f1-4d32-bd92-d681932e2c0d/ozone-meta/datanode-6/ratis/9e09d6a8-9742-4eee-8124-a68b45278972/sm/snapshot.1_14 took: 2 ms
2025-02-19 06:38:01,788 [42086d8c-c943-47d6-a5f9-799709872375@group-A68B45278972-StateMachineUpdater] INFO  impl.StateMachineUpdater (StateMachineUpdater.java:takeSnapshot(303)) - 42086d8c-c943-47d6-a5f9-799709872375@group-A68B45278972-StateMachineUpdater: Took a snapshot at index 14
2025-02-19 06:38:01,788 [42086d8c-c943-47d6-a5f9-799709872375@group-A68B45278972-StateMachineUpdater] INFO  impl.StateMachineUpdater (StateMachineUpdater.java:lambda$new$0(102)) - 42086d8c-c943-47d6-a5f9-799709872375@group-A68B45278972-StateMachineUpdater: snapshotIndex: updateIncreasingly 12 -> 14
2025-02-19 06:38:01,788 [2fdf8a61-8d2a-4048-aa8e-d82d5837d34a@group-A68B45278972-StateMachineUpdater] INFO  impl.SimpleStateMachineStorage (SimpleStateMachineStorage.java:lambda$cleanupOldSnapshots$1(126)) - Deleting old snapshot at /home/runner/work/ozone/ozone/hadoop-ozone/integration-test/target/test-dir/MiniOzoneClusterImpl-3e129c02-f7f1-4d32-bd92-d681932e2c0d/ozone-meta/datanode-6/ratis/9e09d6a8-9742-4eee-8124-a68b45278972/sm/snapshot.1_4
2025-02-19 06:38:01,789 [2fdf8a61-8d2a-4048-aa8e-d82d5837d34a@group-A68B45278972-StateMachineUpdater] INFO  impl.StateMachineUpdater (StateMachineUpdater.java:takeSnapshot(303)) - 2fdf8a61-8d2a-4048-aa8e-d82d5837d34a@group-A68B45278972-StateMachineUpdater: Took a snapshot at index 14
2025-02-19 06:38:01,789 [2fdf8a61-8d2a-4048-aa8e-d82d5837d34a@group-A68B45278972-StateMachineUpdater] INFO  impl.StateMachineUpdater (StateMachineUpdater.java:lambda$new$0(102)) - 2fdf8a61-8d2a-4048-aa8e-d82d5837d34a@group-A68B45278972-StateMachineUpdater: snapshotIndex: updateIncreasingly 12 -> 14
2025-02-19 06:38:01,843 [6b36f32d-918c-46a3-bfcb-888cb423c6dd@group-81341F4E2824-StateMachineUpdater] INFO  ratis.ContainerStateMachine (ContainerStateMachine.java:takeSnapshot(376)) - group-81341F4E2824: Taking a snapshot at:(t:1, i:4) file /home/runner/work/ozone/ozone/hadoop-ozone/integration-test/target/test-dir/MiniOzoneClusterImpl-3e129c02-f7f1-4d32-bd92-d681932e2c0d/ozone-meta/datanode-2/ratis/e1fc892c-095b-4650-8f0f-81341f4e2824/sm/snapshot.1_4
2025-02-19 06:38:01,844 [6b36f32d-918c-46a3-bfcb-888cb423c6dd@group-81341F4E2824-StateMachineUpdater] INFO  ratis.ContainerStateMachine (ContainerStateMachine.java:takeSnapshot(387)) - group-81341F4E2824: Finished taking a snapshot at:(t:1, i:4) file:/home/runner/work/ozone/ozone/hadoop-ozone/integration-test/target/test-dir/MiniOzoneClusterImpl-3e129c02-f7f1-4d32-bd92-d681932e2c0d/ozone-meta/datanode-2/ratis/e1fc892c-095b-4650-8f0f-81341f4e2824/sm/snapshot.1_4 took: 1 ms
2025-02-19 06:38:01,844 [6b36f32d-918c-46a3-bfcb-888cb423c6dd@group-81341F4E2824-StateMachineUpdater] INFO  impl.StateMachineUpdater (StateMachineUpdater.java:takeSnapshot(303)) - 6b36f32d-918c-46a3-bfcb-888cb423c6dd@group-81341F4E2824-StateMachineUpdater: Took a snapshot at index 4
2025-02-19 06:38:01,844 [6b36f32d-918c-46a3-bfcb-888cb423c6dd@group-81341F4E2824-StateMachineUpdater] INFO  impl.StateMachineUpdater (StateMachineUpdater.java:lambda$new$0(102)) - 6b36f32d-918c-46a3-bfcb-888cb423c6dd@group-81341F4E2824-StateMachineUpdater: snapshotIndex: updateIncreasingly 1 -> 4
2025-02-19 06:38:04,337 [timer2] WARN  server.GrpcLogAppender (LogUtils.java:warn(123)) - eb965ba7-12a8-46f3-92c0-bc6ff5b3bf3b@group-81341F4E2824->62ffdddc-aaf0-4ce5-9810-4c181ebbf473-AppendLogResponseHandler: Failed appendEntries (Repeated 2 times in the last 5.000s)
org.apache.ratis.protocol.exceptions.GroupMismatchException: 62ffdddc-aaf0-4ce5-9810-4c181ebbf473: group-81341F4E2824 not found.
	at org.apache.ratis.server.impl.RaftServerProxy$ImplMap.get(RaftServerProxy.java:155)
	at org.apache.ratis.server.impl.RaftServerProxy.getImplFuture(RaftServerProxy.java:365)
	at org.apache.ratis.server.impl.RaftServerProxy.appendEntriesAsync(RaftServerProxy.java:644)
	at org.apache.ratis.grpc.server.GrpcServerProtocolService$1.process(GrpcServerProtocolService.java:229)
	at org.apache.ratis.grpc.server.GrpcServerProtocolService$1.process(GrpcServerProtocolService.java:226)
	at org.apache.ratis.grpc.server.GrpcServerProtocolService$ServerRequestStreamObserver.onNext(GrpcServerProtocolService.java:137)
	at org.apache.ratis.thirdparty.io.grpc.stub.ServerCalls$StreamingServerCallHandler$StreamingServerCallListener.onMessage(ServerCalls.java:262)
	at org.apache.ratis.thirdparty.io.grpc.internal.ServerCallImpl$ServerStreamListenerImpl.messagesAvailableInternal(ServerCallImpl.java:329)
	at org.apache.ratis.thirdparty.io.grpc.internal.ServerCallImpl$ServerStreamListenerImpl.messagesAvailable(ServerCallImpl.java:314)
	at org.apache.ratis.thirdparty.io.grpc.internal.ServerImpl$JumpToApplicationThreadServerStreamListener$1MessagesAvailable.runInContext(ServerImpl.java:833)
	at org.apache.ratis.thirdparty.io.grpc.internal.ContextRunnable.run(ContextRunnable.java:37)
	at org.apache.ratis.thirdparty.io.grpc.internal.SerializingExecutor.run(SerializingExecutor.java:133)
	at java.base/java.util.concurrent.ThreadPoolExecutor.runWorker(ThreadPoolExecutor.java:1144)
	at java.base/java.util.concurrent.ThreadPoolExecutor$Worker.run(ThreadPoolExecutor.java:642)
	at java.base/java.lang.Thread.run(Thread.java:1583)
2025-02-19 06:38:04,570 [om1-KeyDeletingService#0] INFO  utils.BackgroundService (AbstractKeyDeletingService.java:processKeyDeletes(116)) - Send 1 key(s) to SCM, first 1 keys: [BlockGroup[groupID='/testcontainerstatemachinefailures/testcontainerstatemachinefailures/ratis/-9223372036854768384', blockIDs=[conID: 5 locID: 115816896921600005 bcsId: 0 replicaIndex: null, conID: 6 locID: 115816896921600006 bcsId: 0 replicaIndex: null]]]
2025-02-19 06:38:04,581 [IPC Server handler 1 on default port 15001] INFO  ha.SequenceIdGenerator (SequenceIdGenerator.java:getNextId(144)) - Allocate a batch for delTxnId, change lastId from 0 to 1000.
2025-02-19 06:38:04,593 [om1-KeyDeletingService#0] INFO  utils.BackgroundService (AbstractKeyDeletingService.java:processKeyDeletes(121)) - 1 BlockGroup deletion are acked by SCM in 23 ms
2025-02-19 06:38:04,602 [om1-KeyDeletingService#0] INFO  utils.BackgroundService (AbstractKeyDeletingService.java:processKeyDeletes(129)) - Blocks for 1 (out of 1) keys are deleted from DB in 8 ms. Limit per task is 20000.
2025-02-19 06:38:04,844 [timer1] WARN  server.GrpcLogAppender (GrpcLogAppender.java:timeoutAppendRequest(441)) - eb965ba7-12a8-46f3-92c0-bc6ff5b3bf3b@group-81341F4E2824->62ffdddc-aaf0-4ce5-9810-4c181ebbf473-GrpcLogAppender: Timed out HEARTBEAT appendEntries, errorCount=37, request=AppendEntriesRequest:cid=9253,entriesCount=0
2025-02-19 06:38:07,452 [6b36f32d-918c-46a3-bfcb-888cb423c6dd-BlockDeletingService#1] INFO  interfaces.ContainerDeletionChoosingPolicyTemplate (ContainerDeletionChoosingPolicyTemplate.java:chooseContainerForBlockDeletion(83)) - Chosen 0/5000 blocks from 0 candidate containers.
2025-02-19 06:38:07,711 [eb965ba7-12a8-46f3-92c0-bc6ff5b3bf3b-BlockDeletingService#1] INFO  interfaces.ContainerDeletionChoosingPolicyTemplate (ContainerDeletionChoosingPolicyTemplate.java:chooseContainerForBlockDeletion(83)) - Chosen 0/5000 blocks from 0 candidate containers.
2025-02-19 06:38:07,933 [2dcfdddc-a76f-4d49-b174-7a2bddacee37-BlockDeletingService#1] INFO  interfaces.ContainerDeletionChoosingPolicyTemplate (ContainerDeletionChoosingPolicyTemplate.java:chooseContainerForBlockDeletion(83)) - Chosen 0/5000 blocks from 0 candidate containers.
2025-02-19 06:38:08,145 [42086d8c-c943-47d6-a5f9-799709872375-BlockDeletingService#1] INFO  interfaces.ContainerDeletionChoosingPolicyTemplate (ContainerDeletionChoosingPolicyTemplate.java:chooseContainerForBlockDeletion(83)) - Chosen 0/5000 blocks from 0 candidate containers.
2025-02-19 06:38:08,406 [2fdf8a61-8d2a-4048-aa8e-d82d5837d34a-BlockDeletingService#1] INFO  interfaces.ContainerDeletionChoosingPolicyTemplate (ContainerDeletionChoosingPolicyTemplate.java:chooseContainerForBlockDeletion(83)) - Chosen 0/5000 blocks from 0 candidate containers.
2025-02-19 06:38:08,631 [46d11c6d-db9b-44c9-8985-212dd9cf6636-BlockDeletingService#1] INFO  interfaces.ContainerDeletionChoosingPolicyTemplate (ContainerDeletionChoosingPolicyTemplate.java:chooseContainerForBlockDeletion(83)) - Chosen 0/5000 blocks from 0 candidate containers.
2025-02-19 06:38:08,832 [e20a886d-0459-4371-959f-f9bdb6931571-BlockDeletingService#1] INFO  interfaces.ContainerDeletionChoosingPolicyTemplate (ContainerDeletionChoosingPolicyTemplate.java:chooseContainerForBlockDeletion(83)) - Chosen 0/5000 blocks from 0 candidate containers.
2025-02-19 06:38:09,254 [ccfadb7c-9180-4c4b-b969-671c642a7bd3-BlockDeletingService#1] INFO  interfaces.ContainerDeletionChoosingPolicyTemplate (ContainerDeletionChoosingPolicyTemplate.java:chooseContainerForBlockDeletion(83)) - Chosen 0/5000 blocks from 0 candidate containers.
2025-02-19 06:38:09,963 [null-request--thread1] INFO  server.GrpcClientProtocolService (GrpcClientProtocolService.java:lambda$processClientRequest$0(284)) - Failed RaftClientRequest:client-CE5CC73CB901->eb965ba7-12a8-46f3-92c0-bc6ff5b3bf3b@group-81341F4E2824, cid=196, seq=null, Watch-ALL_COMMITTED(2), Message:<EMPTY>, reply=RaftClientReply:client-CE5CC73CB901->eb965ba7-12a8-46f3-92c0-bc6ff5b3bf3b@group-81341F4E2824, cid=196, FAILED org.apache.ratis.protocol.exceptions.NotReplicatedException: Request with call Id 196 and log index 2 is not yet replicated to ALL_COMMITTED, logIndex=2, commits[eb965ba7-12a8-46f3-92c0-bc6ff5b3bf3b:c4, 62ffdddc-aaf0-4ce5-9810-4c181ebbf473:c0, 6b36f32d-918c-46a3-bfcb-888cb423c6dd:c4]
2025-02-19 06:38:09,966 [ForkJoinPool.commonPool-worker-1] WARN  scm.XceiverClientRatis (XceiverClientRatis.java:lambda$watchForCommit$6(314)) - ALL_COMMITTED way commit failed on pipeline Pipeline[ Id: e1fc892c-095b-4650-8f0f-81341f4e2824, Nodes: eb965ba7-12a8-46f3-92c0-bc6ff5b3bf3b(localhost/127.0.0.1) ReplicaIndex: 062ffdddc-aaf0-4ce5-9810-4c181ebbf473(localhost/127.0.0.1) ReplicaIndex: 06b36f32d-918c-46a3-bfcb-888cb423c6dd(localhost/127.0.0.1) ReplicaIndex: 0, ReplicationConfig: RATIS/THREE, State:OPEN, leaderId:eb965ba7-12a8-46f3-92c0-bc6ff5b3bf3b, CreationTimestamp2025-02-19T06:36:09.678Z[Etc/UTC]]
java.util.concurrent.CompletionException: org.apache.ratis.protocol.exceptions.NotReplicatedException: Request with call Id 196 and log index 2 is not yet replicated to ALL_COMMITTED
	at org.apache.ratis.client.impl.RaftClientImpl.handleRaftException(RaftClientImpl.java:373)
	at org.apache.ratis.client.impl.UnorderedAsync.lambda$send$1(UnorderedAsync.java:67)
	at java.base/java.util.concurrent.CompletableFuture$UniApply.tryFire(CompletableFuture.java:646)
	at java.base/java.util.concurrent.CompletableFuture.postComplete(CompletableFuture.java:510)
	at java.base/java.util.concurrent.CompletableFuture.complete(CompletableFuture.java:2179)
	at org.apache.ratis.client.impl.UnorderedAsync.lambda$sendRequestWithRetry$4(UnorderedAsync.java:88)
	at java.base/java.util.concurrent.CompletableFuture.uniWhenComplete(CompletableFuture.java:863)
	at java.base/java.util.concurrent.CompletableFuture$UniWhenComplete.tryFire(CompletableFuture.java:841)
	at java.base/java.util.concurrent.CompletableFuture$Completion.exec(CompletableFuture.java:483)
	at java.base/java.util.concurrent.ForkJoinTask.doExec(ForkJoinTask.java:387)
	at java.base/java.util.concurrent.ForkJoinPool$WorkQueue.topLevelExec(ForkJoinPool.java:1312)
	at java.base/java.util.concurrent.ForkJoinPool.scan(ForkJoinPool.java:1843)
	at java.base/java.util.concurrent.ForkJoinPool.runWorker(ForkJoinPool.java:1808)
	at java.base/java.util.concurrent.ForkJoinWorkerThread.run(ForkJoinWorkerThread.java:188)
Caused by: org.apache.ratis.protocol.exceptions.NotReplicatedException: Request with call Id 196 and log index 2 is not yet replicated to ALL_COMMITTED
	at org.apache.ratis.client.impl.ClientProtoUtils.toRaftClientReply(ClientProtoUtils.java:406)
	at org.apache.ratis.grpc.client.GrpcClientProtocolClient$AsyncStreamObservers$1.onNext(GrpcClientProtocolClient.java:313)
	at org.apache.ratis.grpc.client.GrpcClientProtocolClient$AsyncStreamObservers$1.onNext(GrpcClientProtocolClient.java:308)
	at org.apache.ratis.thirdparty.io.grpc.stub.ClientCalls$StreamObserverToCallListenerAdapter.onMessage(ClientCalls.java:468)
	at org.apache.ratis.thirdparty.io.grpc.ForwardingClientCallListener.onMessage(ForwardingClientCallListener.java:33)
	at org.apache.ratis.thirdparty.io.grpc.internal.ClientCallImpl$ClientStreamListenerImpl$1MessagesAvailable.runInternal(ClientCallImpl.java:660)
	at org.apache.ratis.thirdparty.io.grpc.internal.ClientCallImpl$ClientStreamListenerImpl$1MessagesAvailable.runInContext(ClientCallImpl.java:647)
	at org.apache.ratis.thirdparty.io.grpc.internal.ContextRunnable.run(ContextRunnable.java:37)
	at org.apache.ratis.thirdparty.io.grpc.internal.SerializingExecutor.run(SerializingExecutor.java:133)
	at java.base/java.util.concurrent.ThreadPoolExecutor.runWorker(ThreadPoolExecutor.java:1144)
	at java.base/java.util.concurrent.ThreadPoolExecutor$Worker.run(ThreadPoolExecutor.java:642)
	at java.base/java.lang.Thread.run(Thread.java:1583)
2025-02-19 06:38:09,967 [ForkJoinPool.commonPool-worker-1] INFO  scm.XceiverClientRatis (XceiverClientRatis.java:lambda$handleFailedAllCommit$8(349)) - Could not commit index 2 on pipeline Pipeline[ Id: e1fc892c-095b-4650-8f0f-81341f4e2824, Nodes: eb965ba7-12a8-46f3-92c0-bc6ff5b3bf3b(localhost/127.0.0.1) ReplicaIndex: 062ffdddc-aaf0-4ce5-9810-4c181ebbf473(localhost/127.0.0.1) ReplicaIndex: 06b36f32d-918c-46a3-bfcb-888cb423c6dd(localhost/127.0.0.1) ReplicaIndex: 0, ReplicationConfig: RATIS/THREE, State:OPEN, leaderId:eb965ba7-12a8-46f3-92c0-bc6ff5b3bf3b, CreationTimestamp2025-02-19T06:36:09.678Z[Etc/UTC]] to all the nodes. Server 62ffdddc-aaf0-4ce5-9810-4c181ebbf473 has failed. Committed by majority.
2025-02-19 06:38:09,968 [ForkJoinPool.commonPool-worker-1] WARN  storage.BlockOutputStream (BlockOutputStream.java:checkReply(557)) - Failed to commit BlockId conID: 11 locID: 115816896921600011 bcsId: 2 replicaIndex: null on Pipeline[ Id: e1fc892c-095b-4650-8f0f-81341f4e2824, Nodes: eb965ba7-12a8-46f3-92c0-bc6ff5b3bf3b(localhost/127.0.0.1) ReplicaIndex: 062ffdddc-aaf0-4ce5-9810-4c181ebbf473(localhost/127.0.0.1) ReplicaIndex: 06b36f32d-918c-46a3-bfcb-888cb423c6dd(localhost/127.0.0.1) ReplicaIndex: 0, ReplicationConfig: RATIS/THREE, State:OPEN, leaderId:eb965ba7-12a8-46f3-92c0-bc6ff5b3bf3b, CreationTimestamp2025-02-19T06:36:09.678Z[Etc/UTC]]. Failed nodes: [62ffdddc-aaf0-4ce5-9810-4c181ebbf473(null/null)]
2025-02-19 06:38:09,980 [main] INFO  ozoneimpl.OzoneContainer (OzoneContainer.java:stop(524)) - Attempting to stop container services.
2025-02-19 06:38:09,980 [ContainerMetadataScanner] WARN  ozoneimpl.AbstractBackgroundContainerScanner (AbstractBackgroundContainerScanner.java:handleRemainingSleep(131)) - Background container scan was interrupted.
2025-02-19 06:38:09,980 [ContainerMetadataScanner] INFO  ozoneimpl.AbstractBackgroundContainerScanner (AbstractBackgroundContainerScanner.java:run(58)) - Thread[#1802,ContainerMetadataScanner,5,main] exiting.
2025-02-19 06:38:09,980 [main] INFO  ozoneimpl.BackgroundContainerDataScanner (BackgroundContainerDataScanner.java:shutdown(141)) - ContainerDataScanner(/home/runner/work/ozone/ozone/hadoop-ozone/integration-test/target/test-dir/MiniOzoneClusterImpl-3e129c02-f7f1-4d32-bd92-d681932e2c0d/ozone-meta/datanode-1/data-0/hdds) is shutting down. 
2025-02-19 06:38:09,980 [ContainerDataScanner(/home/runner/work/ozone/ozone/hadoop-ozone/integration-test/target/test-dir/MiniOzoneClusterImpl-3e129c02-f7f1-4d32-bd92-d681932e2c0d/ozone-meta/datanode-1/data-0/hdds)] WARN  ozoneimpl.AbstractBackgroundContainerScanner (AbstractBackgroundContainerScanner.java:handleRemainingSleep(131)) - Background container scan was interrupted.
2025-02-19 06:38:09,980 [ContainerDataScanner(/home/runner/work/ozone/ozone/hadoop-ozone/integration-test/target/test-dir/MiniOzoneClusterImpl-3e129c02-f7f1-4d32-bd92-d681932e2c0d/ozone-meta/datanode-1/data-0/hdds)] INFO  ozoneimpl.AbstractBackgroundContainerScanner (AbstractBackgroundContainerScanner.java:run(58)) - ContainerDataScanner(/home/runner/work/ozone/ozone/hadoop-ozone/integration-test/target/test-dir/MiniOzoneClusterImpl-3e129c02-f7f1-4d32-bd92-d681932e2c0d/ozone-meta/datanode-1/data-0/hdds, DS-192ebb88-6dc1-424c-845a-4a75a137a1ba) exiting.
2025-02-19 06:38:09,980 [main] INFO  ozoneimpl.OnDemandContainerDataScanner (OnDemandContainerDataScanner.java:shutdownScanner(208)) - On-demand container scanner is shutting down.
2025-02-19 06:38:09,981 [main] INFO  ratis.XceiverServerRatis (XceiverServerRatis.java:stop(593)) - Closing XceiverServerRatis(62ffdddc-aaf0-4ce5-9810-4c181ebbf473)
2025-02-19 06:38:09,981 [main] INFO  server.RaftServer (RaftServerProxy.java:lambda$close$9(417)) - 62ffdddc-aaf0-4ce5-9810-4c181ebbf473: close
2025-02-19 06:38:09,981 [62ffdddc-aaf0-4ce5-9810-4c181ebbf473-impl-thread2] INFO  server.RaftServer$Division (RaftServerImpl.java:lambda$close$1(513)) - 62ffdddc-aaf0-4ce5-9810-4c181ebbf473@group-7BEF1D680E9B: shutdown
2025-02-19 06:38:09,981 [62ffdddc-aaf0-4ce5-9810-4c181ebbf473-impl-thread2] INFO  util.JmxRegister (JmxRegister.java:unregister(74)) - Successfully un-registered JMX Bean with object name Ratis:service=RaftServer,group=group-7BEF1D680E9B,id=62ffdddc-aaf0-4ce5-9810-4c181ebbf473
2025-02-19 06:38:09,982 [62ffdddc-aaf0-4ce5-9810-4c181ebbf473-impl-thread2] INFO  impl.RoleInfo (RoleInfo.java:shutdownLeaderState(103)) - 62ffdddc-aaf0-4ce5-9810-4c181ebbf473: shutdown 62ffdddc-aaf0-4ce5-9810-4c181ebbf473@group-7BEF1D680E9B-LeaderStateImpl
2025-02-19 06:38:09,981 [main] INFO  server.GrpcService (GrpcService.java:closeImpl(343)) - 62ffdddc-aaf0-4ce5-9810-4c181ebbf473: shutdown server org.apache.ratis.grpc.server.GrpcClientProtocolService now
2025-02-19 06:38:09,981 [62ffdddc-aaf0-4ce5-9810-4c181ebbf473-impl-thread3] INFO  server.RaftServer$Division (RaftServerImpl.java:lambda$close$1(513)) - 62ffdddc-aaf0-4ce5-9810-4c181ebbf473@group-B5B4EE72DAEF: shutdown
2025-02-19 06:38:09,982 [62ffdddc-aaf0-4ce5-9810-4c181ebbf473-impl-thread3] INFO  util.JmxRegister (JmxRegister.java:unregister(74)) - Successfully un-registered JMX Bean with object name Ratis:service=RaftServer,group=group-B5B4EE72DAEF,id=62ffdddc-aaf0-4ce5-9810-4c181ebbf473
2025-02-19 06:38:09,982 [62ffdddc-aaf0-4ce5-9810-4c181ebbf473-impl-thread3] INFO  impl.RoleInfo (RoleInfo.java:shutdownLeaderState(103)) - 62ffdddc-aaf0-4ce5-9810-4c181ebbf473: shutdown 62ffdddc-aaf0-4ce5-9810-4c181ebbf473@group-B5B4EE72DAEF-LeaderStateImpl
2025-02-19 06:38:09,982 [62ffdddc-aaf0-4ce5-9810-4c181ebbf473-impl-thread3] INFO  impl.PendingRequests (PendingRequests.java:sendNotLeaderResponses(287)) - 62ffdddc-aaf0-4ce5-9810-4c181ebbf473@group-B5B4EE72DAEF-PendingRequests: sendNotLeaderResponses
2025-02-19 06:38:09,982 [62ffdddc-aaf0-4ce5-9810-4c181ebbf473@group-B5B4EE72DAEF->6b36f32d-918c-46a3-bfcb-888cb423c6dd-GrpcLogAppender-LogAppenderDaemon] WARN  server.GrpcLogAppender (GrpcLogAppender.java:mayWait(293)) - 62ffdddc-aaf0-4ce5-9810-4c181ebbf473@group-B5B4EE72DAEF->6b36f32d-918c-46a3-bfcb-888cb423c6dd-GrpcLogAppender: Wait interrupted by java.lang.InterruptedException
2025-02-19 06:38:09,983 [62ffdddc-aaf0-4ce5-9810-4c181ebbf473@group-B5B4EE72DAEF->25fe7083-9332-4190-accf-9f4542114dd9-GrpcLogAppender-LogAppenderDaemon] WARN  server.GrpcLogAppender (GrpcLogAppender.java:mayWait(293)) - 62ffdddc-aaf0-4ce5-9810-4c181ebbf473@group-B5B4EE72DAEF->25fe7083-9332-4190-accf-9f4542114dd9-GrpcLogAppender: Wait interrupted by java.lang.InterruptedException
2025-02-19 06:38:09,983 [Thread-1536] INFO  server.GrpcServerProtocolClient (GrpcServerProtocolClient.java:close(105)) - 6b36f32d-918c-46a3-bfcb-888cb423c6dd Close channels
2025-02-19 06:38:09,983 [grpc-default-executor-7] INFO  server.GrpcServerProtocolService (GrpcServerProtocolService.java:onCompleted(157)) - 6b36f32d-918c-46a3-bfcb-888cb423c6dd: Completed APPEND_ENTRIES, lastRequest: null
2025-02-19 06:38:09,983 [Thread-1537] INFO  server.GrpcServerProtocolClient (GrpcServerProtocolClient.java:close(105)) - 25fe7083-9332-4190-accf-9f4542114dd9 Close channels
2025-02-19 06:38:09,982 [62ffdddc-aaf0-4ce5-9810-4c181ebbf473-impl-thread2] INFO  impl.PendingRequests (PendingRequests.java:sendNotLeaderResponses(287)) - 62ffdddc-aaf0-4ce5-9810-4c181ebbf473@group-7BEF1D680E9B-PendingRequests: sendNotLeaderResponses
2025-02-19 06:38:09,984 [62ffdddc-aaf0-4ce5-9810-4c181ebbf473@group-B5B4EE72DAEF-StateMachineUpdater] INFO  impl.StateMachineUpdater (StateMachineUpdater.java:stop(141)) - 62ffdddc-aaf0-4ce5-9810-4c181ebbf473@group-B5B4EE72DAEF-StateMachineUpdater: closing ContainerStateMachine, lastApplied=(t:1, i:0)
2025-02-19 06:38:09,984 [grpc-default-executor-5] INFO  server.GrpcServerProtocolService (GrpcServerProtocolService.java:onCompleted(157)) - 25fe7083-9332-4190-accf-9f4542114dd9: Completed APPEND_ENTRIES, lastRequest: 62ffdddc-aaf0-4ce5-9810-4c181ebbf473->25fe7083-9332-4190-accf-9f4542114dd9#1-t1,previous=(t:0, i:0),leaderCommit=-1,initializing? false,entries: size=1, first=(t:1, i:0), CONFIGURATIONENTRY(current:id:"62ffdddc-aaf0-4ce5-9810-4c181ebbf473"address:"127.0.0.1:15016"priority:1dataStreamAddress:"127.0.0.1:15017"clientAddress:"127.0.0.1:15014"adminAddress:"127.0.0.1:15015"startupRole:FOLLOWER, id:"6b36f32d-918c-46a3-bfcb-888cb423c6dd"address:"127.0.0.1:15025"dataStreamAddress:"127.0.0.1:15026"clientAddress:"127.0.0.1:15023"adminAddress:"127.0.0.1:15024"startupRole:FOLLOWER, id:"25fe7083-9332-4190-accf-9f4542114dd9"address:"127.0.0.1:15088"dataStreamAddress:"127.0.0.1:15089"clientAddress:"127.0.0.1:15086"adminAddress:"127.0.0.1:15087"startupRole:FOLLOWER, old:)
2025-02-19 06:38:09,984 [grpc-default-executor-5] INFO  server.GrpcServerProtocolService (GrpcServerProtocolService.java:lambda$onCompleted$5(159)) - 25fe7083-9332-4190-accf-9f4542114dd9: Completed APPEND_ENTRIES, lastReply: null
2025-02-19 06:38:09,985 [62ffdddc-aaf0-4ce5-9810-4c181ebbf473-impl-thread2] INFO  impl.StateMachineUpdater (StateMachineUpdater.java:stopAndJoin(164)) - 62ffdddc-aaf0-4ce5-9810-4c181ebbf473@group-7BEF1D680E9B-StateMachineUpdater: set stopIndex = 0
2025-02-19 06:38:09,985 [62ffdddc-aaf0-4ce5-9810-4c181ebbf473@group-7BEF1D680E9B-StateMachineUpdater] INFO  impl.StateMachineUpdater (StateMachineUpdater.java:stop(141)) - 62ffdddc-aaf0-4ce5-9810-4c181ebbf473@group-7BEF1D680E9B-StateMachineUpdater: closing ContainerStateMachine, lastApplied=(t:1, i:0)
2025-02-19 06:38:09,983 [grpc-default-executor-2] INFO  server.GrpcServerProtocolService (GrpcServerProtocolService.java:onCompleted(157)) - 25fe7083-9332-4190-accf-9f4542114dd9: Completed APPEND_ENTRIES, lastRequest: null
2025-02-19 06:38:09,983 [grpc-default-executor-8] INFO  server.GrpcServerProtocolService (GrpcServerProtocolService.java:onCompleted(157)) - 6b36f32d-918c-46a3-bfcb-888cb423c6dd: Completed APPEND_ENTRIES, lastRequest: 62ffdddc-aaf0-4ce5-9810-4c181ebbf473->6b36f32d-918c-46a3-bfcb-888cb423c6dd#1-t1,previous=(t:0, i:0),leaderCommit=-1,initializing? false,entries: size=1, first=(t:1, i:0), CONFIGURATIONENTRY(current:id:"62ffdddc-aaf0-4ce5-9810-4c181ebbf473"address:"127.0.0.1:15016"priority:1dataStreamAddress:"127.0.0.1:15017"clientAddress:"127.0.0.1:15014"adminAddress:"127.0.0.1:15015"startupRole:FOLLOWER, id:"6b36f32d-918c-46a3-bfcb-888cb423c6dd"address:"127.0.0.1:15025"dataStreamAddress:"127.0.0.1:15026"clientAddress:"127.0.0.1:15023"adminAddress:"127.0.0.1:15024"startupRole:FOLLOWER, id:"25fe7083-9332-4190-accf-9f4542114dd9"address:"127.0.0.1:15088"dataStreamAddress:"127.0.0.1:15089"clientAddress:"127.0.0.1:15086"adminAddress:"127.0.0.1:15087"startupRole:FOLLOWER, old:)
2025-02-19 06:38:09,986 [grpc-default-executor-8] INFO  server.GrpcServerProtocolService (GrpcServerProtocolService.java:lambda$onCompleted$5(159)) - 6b36f32d-918c-46a3-bfcb-888cb423c6dd: Completed APPEND_ENTRIES, lastReply: null
2025-02-19 06:38:09,983 [62ffdddc-aaf0-4ce5-9810-4c181ebbf473-impl-thread3] INFO  impl.StateMachineUpdater (StateMachineUpdater.java:stopAndJoin(164)) - 62ffdddc-aaf0-4ce5-9810-4c181ebbf473@group-B5B4EE72DAEF-StateMachineUpdater: set stopIndex = 0
2025-02-19 06:38:09,986 [62ffdddc-aaf0-4ce5-9810-4c181ebbf473@group-B5B4EE72DAEF-cacheEviction-AwaitToRun] INFO  util.AwaitToRun (AwaitToRun.java:run(49)) - 62ffdddc-aaf0-4ce5-9810-4c181ebbf473@group-B5B4EE72DAEF-cacheEviction-AwaitToRun-AwaitForSignal is interrupted
2025-02-19 06:38:09,983 [grpc-default-executor-7] INFO  server.GrpcServerProtocolService (GrpcServerProtocolService.java:lambda$onCompleted$5(159)) - 6b36f32d-918c-46a3-bfcb-888cb423c6dd: Completed APPEND_ENTRIES, lastReply: serverReply {
  requestorId: "62ffdddc-aaf0-4ce5-9810-4c181ebbf473"
  replyId: "6b36f32d-918c-46a3-bfcb-888cb423c6dd"
  raftGroupId {
    id: "\021w!\341\204\260D+\275\235\265\264\356r\332\357"
  }
  callId: 8
  success: true
}
term: 1
nextIndex: 1
matchIndex: 18446744073709551615
isHearbeat: true

2025-02-19 06:38:09,986 [grpc-default-executor-4] INFO  server.GrpcLogAppender (GrpcLogAppender.java:onCompleted(550)) - 62ffdddc-aaf0-4ce5-9810-4c181ebbf473@group-B5B4EE72DAEF->25fe7083-9332-4190-accf-9f4542114dd9-AppendLogResponseHandler: follower responses appendEntries COMPLETED
2025-02-19 06:38:09,985 [62ffdddc-aaf0-4ce5-9810-4c181ebbf473@group-7BEF1D680E9B-cacheEviction-AwaitToRun] INFO  util.AwaitToRun (AwaitToRun.java:run(49)) - 62ffdddc-aaf0-4ce5-9810-4c181ebbf473@group-7BEF1D680E9B-cacheEviction-AwaitToRun-AwaitForSignal is interrupted
2025-02-19 06:38:09,986 [grpc-default-executor-4] WARN  server.GrpcLogAppender (GrpcLogAppender.java:resetClient(230)) - 62ffdddc-aaf0-4ce5-9810-4c181ebbf473@group-B5B4EE72DAEF->25fe7083-9332-4190-accf-9f4542114dd9-GrpcLogAppender: Failed to getClient for 25fe7083-9332-4190-accf-9f4542114dd9
org.apache.ratis.protocol.exceptions.AlreadyClosedException: 62ffdddc-aaf0-4ce5-9810-4c181ebbf473 is already CLOSED
	at org.apache.ratis.util.PeerProxyMap$PeerAndProxy.getProxy(PeerProxyMap.java:67)
	at org.apache.ratis.util.PeerProxyMap.getProxy(PeerProxyMap.java:124)
	at org.apache.ratis.grpc.server.GrpcLogAppender.getClient(GrpcLogAppender.java:200)
	at org.apache.ratis.grpc.server.GrpcLogAppender.resetClient(GrpcLogAppender.java:205)
	at org.apache.ratis.grpc.server.GrpcLogAppender.access$800(GrpcLogAppender.java:64)
	at org.apache.ratis.grpc.server.GrpcLogAppender$AppendLogResponseHandler.onCompleted(GrpcLogAppender.java:551)
	at org.apache.ratis.thirdparty.io.grpc.stub.ClientCalls$StreamObserverToCallListenerAdapter.onClose(ClientCalls.java:479)
	at org.apache.ratis.thirdparty.io.grpc.internal.ClientCallImpl.closeObserver(ClientCallImpl.java:567)
	at org.apache.ratis.thirdparty.io.grpc.internal.ClientCallImpl.access$300(ClientCallImpl.java:71)
	at org.apache.ratis.thirdparty.io.grpc.internal.ClientCallImpl$ClientStreamListenerImpl$1StreamClosed.runInternal(ClientCallImpl.java:735)
	at org.apache.ratis.thirdparty.io.grpc.internal.ClientCallImpl$ClientStreamListenerImpl$1StreamClosed.runInContext(ClientCallImpl.java:716)
	at org.apache.ratis.thirdparty.io.grpc.internal.ContextRunnable.run(ContextRunnable.java:37)
	at org.apache.ratis.thirdparty.io.grpc.internal.SerializingExecutor.run(SerializingExecutor.java:133)
	at java.base/java.util.concurrent.ThreadPoolExecutor.runWorker(ThreadPoolExecutor.java:1144)
	at java.base/java.util.concurrent.ThreadPoolExecutor$Worker.run(ThreadPoolExecutor.java:642)
	at java.base/java.lang.Thread.run(Thread.java:1583)
2025-02-19 06:38:09,987 [grpc-default-executor-4] INFO  server.GrpcLogAppender (GrpcLogAppender.java:onCompleted(550)) - 62ffdddc-aaf0-4ce5-9810-4c181ebbf473@group-B5B4EE72DAEF->6b36f32d-918c-46a3-bfcb-888cb423c6dd-AppendLogResponseHandler: follower responses appendEntries COMPLETED
2025-02-19 06:38:09,987 [grpc-default-executor-4] WARN  server.GrpcLogAppender (GrpcLogAppender.java:resetClient(230)) - 62ffdddc-aaf0-4ce5-9810-4c181ebbf473@group-B5B4EE72DAEF->6b36f32d-918c-46a3-bfcb-888cb423c6dd-GrpcLogAppender: Failed to getClient for 6b36f32d-918c-46a3-bfcb-888cb423c6dd
org.apache.ratis.protocol.exceptions.AlreadyClosedException: 62ffdddc-aaf0-4ce5-9810-4c181ebbf473 is already CLOSED
	at org.apache.ratis.util.PeerProxyMap$PeerAndProxy.getProxy(PeerProxyMap.java:67)
	at org.apache.ratis.util.PeerProxyMap.getProxy(PeerProxyMap.java:124)
	at org.apache.ratis.grpc.server.GrpcLogAppender.getClient(GrpcLogAppender.java:200)
	at org.apache.ratis.grpc.server.GrpcLogAppender.resetClient(GrpcLogAppender.java:205)
	at org.apache.ratis.grpc.server.GrpcLogAppender.access$800(GrpcLogAppender.java:64)
	at org.apache.ratis.grpc.server.GrpcLogAppender$AppendLogResponseHandler.onCompleted(GrpcLogAppender.java:551)
	at org.apache.ratis.thirdparty.io.grpc.stub.ClientCalls$StreamObserverToCallListenerAdapter.onClose(ClientCalls.java:479)
	at org.apache.ratis.thirdparty.io.grpc.internal.ClientCallImpl.closeObserver(ClientCallImpl.java:567)
	at org.apache.ratis.thirdparty.io.grpc.internal.ClientCallImpl.access$300(ClientCallImpl.java:71)
	at org.apache.ratis.thirdparty.io.grpc.internal.ClientCallImpl$ClientStreamListenerImpl$1StreamClosed.runInternal(ClientCallImpl.java:735)
	at org.apache.ratis.thirdparty.io.grpc.internal.ClientCallImpl$ClientStreamListenerImpl$1StreamClosed.runInContext(ClientCallImpl.java:716)
	at org.apache.ratis.thirdparty.io.grpc.internal.ContextRunnable.run(ContextRunnable.java:37)
	at org.apache.ratis.thirdparty.io.grpc.internal.SerializingExecutor.run(SerializingExecutor.java:133)
	at java.base/java.util.concurrent.ThreadPoolExecutor.runWorker(ThreadPoolExecutor.java:1144)
	at java.base/java.util.concurrent.ThreadPoolExecutor$Worker.run(ThreadPoolExecutor.java:642)
	at java.base/java.lang.Thread.run(Thread.java:1583)
2025-02-19 06:38:09,987 [grpc-default-executor-2] INFO  server.GrpcServerProtocolService (GrpcServerProtocolService.java:lambda$onCompleted$5(159)) - 25fe7083-9332-4190-accf-9f4542114dd9: Completed APPEND_ENTRIES, lastReply: serverReply {
  requestorId: "62ffdddc-aaf0-4ce5-9810-4c181ebbf473"
  replyId: "25fe7083-9332-4190-accf-9f4542114dd9"
  raftGroupId {
    id: "\021w!\341\204\260D+\275\235\265\264\356r\332\357"
  }
  callId: 10
  success: true
}
term: 1
nextIndex: 1
matchIndex: 18446744073709551615
isHearbeat: true

2025-02-19 06:38:09,988 [grpc-default-executor-7] INFO  server.GrpcLogAppender (GrpcLogAppender.java:onCompleted(550)) - 62ffdddc-aaf0-4ce5-9810-4c181ebbf473@group-B5B4EE72DAEF->25fe7083-9332-4190-accf-9f4542114dd9-AppendLogResponseHandler: follower responses appendEntries COMPLETED
2025-02-19 06:38:09,988 [grpc-default-executor-7] WARN  server.GrpcLogAppender (GrpcLogAppender.java:resetClient(230)) - 62ffdddc-aaf0-4ce5-9810-4c181ebbf473@group-B5B4EE72DAEF->25fe7083-9332-4190-accf-9f4542114dd9-GrpcLogAppender: Failed to getClient for 25fe7083-9332-4190-accf-9f4542114dd9
org.apache.ratis.protocol.exceptions.AlreadyClosedException: 62ffdddc-aaf0-4ce5-9810-4c181ebbf473 is already CLOSED
	at org.apache.ratis.util.PeerProxyMap$PeerAndProxy.getProxy(PeerProxyMap.java:67)
	at org.apache.ratis.util.PeerProxyMap.getProxy(PeerProxyMap.java:124)
	at org.apache.ratis.grpc.server.GrpcLogAppender.getClient(GrpcLogAppender.java:200)
	at org.apache.ratis.grpc.server.GrpcLogAppender.resetClient(GrpcLogAppender.java:205)
	at org.apache.ratis.grpc.server.GrpcLogAppender.access$800(GrpcLogAppender.java:64)
	at org.apache.ratis.grpc.server.GrpcLogAppender$AppendLogResponseHandler.onCompleted(GrpcLogAppender.java:551)
	at org.apache.ratis.thirdparty.io.grpc.stub.ClientCalls$StreamObserverToCallListenerAdapter.onClose(ClientCalls.java:479)
	at org.apache.ratis.thirdparty.io.grpc.internal.DelayedClientCall$DelayedListener$3.run(DelayedClientCall.java:489)
	at org.apache.ratis.thirdparty.io.grpc.internal.DelayedClientCall$DelayedListener.delayOrExecute(DelayedClientCall.java:453)
	at org.apache.ratis.thirdparty.io.grpc.internal.DelayedClientCall$DelayedListener.onClose(DelayedClientCall.java:486)
	at org.apache.ratis.thirdparty.io.grpc.internal.ClientCallImpl.closeObserver(ClientCallImpl.java:567)
	at org.apache.ratis.thirdparty.io.grpc.internal.ClientCallImpl.access$300(ClientCallImpl.java:71)
	at org.apache.ratis.thirdparty.io.grpc.internal.ClientCallImpl$ClientStreamListenerImpl$1StreamClosed.runInternal(ClientCallImpl.java:735)
	at org.apache.ratis.thirdparty.io.grpc.internal.ClientCallImpl$ClientStreamListenerImpl$1StreamClosed.runInContext(ClientCallImpl.java:716)
	at org.apache.ratis.thirdparty.io.grpc.internal.ContextRunnable.run(ContextRunnable.java:37)
	at org.apache.ratis.thirdparty.io.grpc.internal.SerializingExecutor.run(SerializingExecutor.java:133)
	at java.base/java.util.concurrent.ThreadPoolExecutor.runWorker(ThreadPoolExecutor.java:1144)
	at java.base/java.util.concurrent.ThreadPoolExecutor$Worker.run(ThreadPoolExecutor.java:642)
	at java.base/java.lang.Thread.run(Thread.java:1583)
2025-02-19 06:38:09,988 [grpc-default-executor-8] INFO  server.GrpcLogAppender (GrpcLogAppender.java:onCompleted(550)) - 62ffdddc-aaf0-4ce5-9810-4c181ebbf473@group-B5B4EE72DAEF->6b36f32d-918c-46a3-bfcb-888cb423c6dd-AppendLogResponseHandler: follower responses appendEntries COMPLETED
2025-02-19 06:38:09,988 [grpc-default-executor-8] WARN  server.GrpcLogAppender (GrpcLogAppender.java:resetClient(230)) - 62ffdddc-aaf0-4ce5-9810-4c181ebbf473@group-B5B4EE72DAEF->6b36f32d-918c-46a3-bfcb-888cb423c6dd-GrpcLogAppender: Failed to getClient for 6b36f32d-918c-46a3-bfcb-888cb423c6dd
org.apache.ratis.protocol.exceptions.AlreadyClosedException: 62ffdddc-aaf0-4ce5-9810-4c181ebbf473 is already CLOSED
	at org.apache.ratis.util.PeerProxyMap$PeerAndProxy.getProxy(PeerProxyMap.java:67)
	at org.apache.ratis.util.PeerProxyMap.getProxy(PeerProxyMap.java:124)
	at org.apache.ratis.grpc.server.GrpcLogAppender.getClient(GrpcLogAppender.java:200)
	at org.apache.ratis.grpc.server.GrpcLogAppender.resetClient(GrpcLogAppender.java:205)
	at org.apache.ratis.grpc.server.GrpcLogAppender.access$800(GrpcLogAppender.java:64)
	at org.apache.ratis.grpc.server.GrpcLogAppender$AppendLogResponseHandler.onCompleted(GrpcLogAppender.java:551)
	at org.apache.ratis.thirdparty.io.grpc.stub.ClientCalls$StreamObserverToCallListenerAdapter.onClose(ClientCalls.java:479)
	at org.apache.ratis.thirdparty.io.grpc.internal.DelayedClientCall$DelayedListener$3.run(DelayedClientCall.java:489)
	at org.apache.ratis.thirdparty.io.grpc.internal.DelayedClientCall$DelayedListener.delayOrExecute(DelayedClientCall.java:453)
	at org.apache.ratis.thirdparty.io.grpc.internal.DelayedClientCall$DelayedListener.onClose(DelayedClientCall.java:486)
	at org.apache.ratis.thirdparty.io.grpc.internal.ClientCallImpl.closeObserver(ClientCallImpl.java:567)
	at org.apache.ratis.thirdparty.io.grpc.internal.ClientCallImpl.access$300(ClientCallImpl.java:71)
	at org.apache.ratis.thirdparty.io.grpc.internal.ClientCallImpl$ClientStreamListenerImpl$1StreamClosed.runInternal(ClientCallImpl.java:735)
	at org.apache.ratis.thirdparty.io.grpc.internal.ClientCallImpl$ClientStreamListenerImpl$1StreamClosed.runInContext(ClientCallImpl.java:716)
	at org.apache.ratis.thirdparty.io.grpc.internal.ContextRunnable.run(ContextRunnable.java:37)
	at org.apache.ratis.thirdparty.io.grpc.internal.SerializingExecutor.run(SerializingExecutor.java:133)
	at java.base/java.util.concurrent.ThreadPoolExecutor.runWorker(ThreadPoolExecutor.java:1144)
	at java.base/java.util.concurrent.ThreadPoolExecutor$Worker.run(ThreadPoolExecutor.java:642)
	at java.base/java.lang.Thread.run(Thread.java:1583)
2025-02-19 06:38:09,989 [main] INFO  server.GrpcService (GrpcService.java:closeImpl(352)) - 62ffdddc-aaf0-4ce5-9810-4c181ebbf473: shutdown server org.apache.ratis.grpc.server.GrpcClientProtocolService successfully
2025-02-19 06:38:09,989 [main] INFO  server.GrpcService (GrpcService.java:closeImpl(343)) - 62ffdddc-aaf0-4ce5-9810-4c181ebbf473: shutdown server GrpcServerProtocolService now
2025-02-19 06:38:09,989 [grpc-default-executor-3] WARN  server.GrpcServerProtocolService (LogUtils.java:warn(121)) - 62ffdddc-aaf0-4ce5-9810-4c181ebbf473: APPEND_ENTRIES onError, lastRequest: null: org.apache.ratis.thirdparty.io.grpc.StatusRuntimeException: CANCELLED: client cancelled
2025-02-19 06:38:09,990 [grpc-default-executor-0] WARN  server.GrpcServerProtocolService (LogUtils.java:warn(121)) - 62ffdddc-aaf0-4ce5-9810-4c181ebbf473: APPEND_ENTRIES onError, lastRequest: null: org.apache.ratis.thirdparty.io.grpc.StatusRuntimeException: CANCELLED: client cancelled
2025-02-19 06:38:09,990 [grpc-default-executor-2] WARN  server.GrpcServerProtocolService (LogUtils.java:warn(121)) - 62ffdddc-aaf0-4ce5-9810-4c181ebbf473: APPEND_ENTRIES onError, lastRequest: null: org.apache.ratis.thirdparty.io.grpc.StatusRuntimeException: CANCELLED: client cancelled
2025-02-19 06:38:09,990 [grpc-default-executor-7] WARN  server.GrpcServerProtocolService (LogUtils.java:warn(121)) - 62ffdddc-aaf0-4ce5-9810-4c181ebbf473: APPEND_ENTRIES onError, lastRequest: null: org.apache.ratis.thirdparty.io.grpc.StatusRuntimeException: CANCELLED: client cancelled
2025-02-19 06:38:09,990 [grpc-default-executor-2] WARN  server.GrpcLogAppender (LogUtils.java:warn(121)) - eb965ba7-12a8-46f3-92c0-bc6ff5b3bf3b@group-81341F4E2824->62ffdddc-aaf0-4ce5-9810-4c181ebbf473-AppendLogResponseHandler: Failed appendEntries: org.apache.ratis.thirdparty.io.grpc.StatusRuntimeException: CANCELLED: RST_STREAM closed stream. HTTP/2 error code: CANCEL
2025-02-19 06:38:09,990 [grpc-default-executor-4] WARN  server.GrpcLogAppender (GrpcLogAppender.java:lambda$resetClient$1(221)) - eb965ba7-12a8-46f3-92c0-bc6ff5b3bf3b@group-81341F4E2824->62ffdddc-aaf0-4ce5-9810-4c181ebbf473-GrpcLogAppender: Follower failed (request=null, errorCount=38); keep nextIndex (1) unchanged and retry.
2025-02-19 06:38:09,990 [main] INFO  server.GrpcService (GrpcService.java:closeImpl(352)) - 62ffdddc-aaf0-4ce5-9810-4c181ebbf473: shutdown server GrpcServerProtocolService successfully
2025-02-19 06:38:09,990 [main] INFO  server.GrpcService (GrpcService.java:closeImpl(343)) - 62ffdddc-aaf0-4ce5-9810-4c181ebbf473: shutdown server org.apache.ratis.grpc.server.GrpcAdminProtocolService now
2025-02-19 06:38:09,990 [main] INFO  server.GrpcService (GrpcService.java:closeImpl(352)) - 62ffdddc-aaf0-4ce5-9810-4c181ebbf473: shutdown server org.apache.ratis.grpc.server.GrpcAdminProtocolService successfully
2025-02-19 06:38:09,994 [62ffdddc-aaf0-4ce5-9810-4c181ebbf473-NettyServerStreamRpc-bossGroup--thread1] INFO  logging.LoggingHandler (AbstractInternalLogger.java:log(148)) - [id: 0xaee43d91, L:/0.0.0.0:15017] CLOSE
2025-02-19 06:38:09,994 [62ffdddc-aaf0-4ce5-9810-4c181ebbf473-NettyServerStreamRpc-bossGroup--thread1] INFO  logging.LoggingHandler (AbstractInternalLogger.java:log(148)) - [id: 0xaee43d91, L:/0.0.0.0:15017] INACTIVE
2025-02-19 06:38:09,994 [62ffdddc-aaf0-4ce5-9810-4c181ebbf473-NettyServerStreamRpc-bossGroup--thread1] INFO  logging.LoggingHandler (AbstractInternalLogger.java:log(148)) - [id: 0xaee43d91, L:/0.0.0.0:15017] UNREGISTERED
2025-02-19 06:38:10,594 [62ffdddc-aaf0-4ce5-9810-4c181ebbf473-impl-thread3] INFO  segmented.SegmentedRaftLogWorker (SegmentedRaftLogWorker.java:close(252)) - 62ffdddc-aaf0-4ce5-9810-4c181ebbf473@group-B5B4EE72DAEF-SegmentedRaftLogWorker close()
2025-02-19 06:38:10,595 [62ffdddc-aaf0-4ce5-9810-4c181ebbf473-impl-thread3] INFO  ratis.ContainerStateMachine (ContainerStateMachine.java:notifyServerShutdown(932)) - group-B5B4EE72DAEF is closed by HddsDatanodeService
2025-02-19 06:38:10,794 [62ffdddc-aaf0-4ce5-9810-4c181ebbf473-impl-thread2] INFO  segmented.SegmentedRaftLogWorker (SegmentedRaftLogWorker.java:close(252)) - 62ffdddc-aaf0-4ce5-9810-4c181ebbf473@group-7BEF1D680E9B-SegmentedRaftLogWorker close()
2025-02-19 06:38:10,795 [62ffdddc-aaf0-4ce5-9810-4c181ebbf473-impl-thread2] INFO  ratis.ContainerStateMachine (ContainerStateMachine.java:notifyServerShutdown(932)) - group-7BEF1D680E9B is closed by HddsDatanodeService
2025-02-19 06:38:10,795 [JvmPauseMonitor13] INFO  util.JvmPauseMonitor (JvmPauseMonitor.java:run(152)) - JvmPauseMonitor-62ffdddc-aaf0-4ce5-9810-4c181ebbf473: Stopped
2025-02-19 06:38:12,799 [main] INFO  utils.DatanodeStoreCache (DatanodeStoreCache.java:shutdownCache(115)) - Skip clearing cache in mini cluster mode. Entries left: [/home/runner/work/ozone/ozone/hadoop-ozone/integration-test/target/test-dir/MiniOzoneClusterImpl-3e129c02-f7f1-4d32-bd92-d681932e2c0d/ozone-meta/datanode-1/data-0/hdds/3e129c02-f7f1-4d32-bd92-d681932e2c0d/DS-192ebb88-6dc1-424c-845a-4a75a137a1ba/container.db, /home/runner/work/ozone/ozone/hadoop-ozone/integration-test/target/test-dir/MiniOzoneClusterImpl-3e129c02-f7f1-4d32-bd92-d681932e2c0d/ozone-meta/datanode-10/data-0/hdds/3e129c02-f7f1-4d32-bd92-d681932e2c0d/DS-7ef1b12b-aa27-4e1f-999f-a889f6f28679/container.db, /home/runner/work/ozone/ozone/hadoop-ozone/integration-test/target/test-dir/MiniOzoneClusterImpl-3e129c02-f7f1-4d32-bd92-d681932e2c0d/ozone-meta/datanode-2/data-0/hdds/3e129c02-f7f1-4d32-bd92-d681932e2c0d/DS-47b410c1-f2af-460f-91ce-fe357f188dcc/container.db, /home/runner/work/ozone/ozone/hadoop-ozone/integration-test/target/test-dir/MiniOzoneClusterImpl-3e129c02-f7f1-4d32-bd92-d681932e2c0d/ozone-meta/datanode-3/data-0/hdds/3e129c02-f7f1-4d32-bd92-d681932e2c0d/DS-d7b8940a-53e1-4ce4-bbf8-a445fb8ef8ce/container.db, /home/runner/work/ozone/ozone/hadoop-ozone/integration-test/target/test-dir/MiniOzoneClusterImpl-3e129c02-f7f1-4d32-bd92-d681932e2c0d/ozone-meta/datanode-4/data-0/hdds/3e129c02-f7f1-4d32-bd92-d681932e2c0d/DS-ce09b9b3-81d6-4921-b026-d1a45fef4935/container.db, /home/runner/work/ozone/ozone/hadoop-ozone/integration-test/target/test-dir/MiniOzoneClusterImpl-3e129c02-f7f1-4d32-bd92-d681932e2c0d/ozone-meta/datanode-5/data-0/hdds/3e129c02-f7f1-4d32-bd92-d681932e2c0d/DS-39e38c2f-ff34-40ed-87ff-022a5be5ef49/container.db, /home/runner/work/ozone/ozone/hadoop-ozone/integration-test/target/test-dir/MiniOzoneClusterImpl-3e129c02-f7f1-4d32-bd92-d681932e2c0d/ozone-meta/datanode-6/data-0/hdds/3e129c02-f7f1-4d32-bd92-d681932e2c0d/DS-c723a169-ff5d-454a-b846-3dd26c5d8245/container.db, /home/runner/work/ozone/ozone/hadoop-ozone/integration-test/target/test-dir/MiniOzoneClusterImpl-3e129c02-f7f1-4d32-bd92-d681932e2c0d/ozone-meta/datanode-7/data-0/hdds/3e129c02-f7f1-4d32-bd92-d681932e2c0d/DS-9765d362-13a7-4751-9c49-d743f5449d65/container.db, /home/runner/work/ozone/ozone/hadoop-ozone/integration-test/target/test-dir/MiniOzoneClusterImpl-3e129c02-f7f1-4d32-bd92-d681932e2c0d/ozone-meta/datanode-8/data-0/hdds/3e129c02-f7f1-4d32-bd92-d681932e2c0d/DS-4601dbe0-7065-4df8-b80d-f0bf0b41dca4/container.db, /home/runner/work/ozone/ozone/hadoop-ozone/integration-test/target/test-dir/MiniOzoneClusterImpl-3e129c02-f7f1-4d32-bd92-d681932e2c0d/ozone-meta/datanode-9/data-0/hdds/3e129c02-f7f1-4d32-bd92-d681932e2c0d/DS-5cd667e2-353c-4f6f-92f1-011f521594f2/container.db]
2025-02-19 06:38:12,800 [main] WARN  volume.StorageVolume (StorageVolume.java:cleanTmpDiskCheckDir(554)) - Unable to clear disk check files from /home/runner/work/ozone/ozone/hadoop-ozone/integration-test/target/test-dir/MiniOzoneClusterImpl-3e129c02-f7f1-4d32-bd92-d681932e2c0d/ozone-meta/datanode-1/data-0/hdds/3e129c02-f7f1-4d32-bd92-d681932e2c0d/tmp/disk-check. Directory does not exist.
2025-02-19 06:38:12,801 [main] INFO  utils.DatanodeStoreCache (DatanodeStoreCache.java:removeDB(109)) - Removed db /home/runner/work/ozone/ozone/hadoop-ozone/integration-test/target/test-dir/MiniOzoneClusterImpl-3e129c02-f7f1-4d32-bd92-d681932e2c0d/ozone-meta/datanode-1/data-0/hdds/3e129c02-f7f1-4d32-bd92-d681932e2c0d/DS-192ebb88-6dc1-424c-845a-4a75a137a1ba/container.db from cache
2025-02-19 06:38:12,801 [main] INFO  volume.HddsVolume (HddsVolume.java:closeDbStore(478)) - SchemaV3 db is stopped at /home/runner/work/ozone/ozone/hadoop-ozone/integration-test/target/test-dir/MiniOzoneClusterImpl-3e129c02-f7f1-4d32-bd92-d681932e2c0d/ozone-meta/datanode-1/data-0/hdds/3e129c02-f7f1-4d32-bd92-d681932e2c0d/DS-192ebb88-6dc1-424c-845a-4a75a137a1ba/container.db for volume DS-192ebb88-6dc1-424c-845a-4a75a137a1ba
2025-02-19 06:38:12,801 [main] WARN  volume.HddsVolume (HddsVolume.java:cleanDeletedContainerDir(220)) - Unable to clear deleted containers from /home/runner/work/ozone/ozone/hadoop-ozone/integration-test/target/test-dir/MiniOzoneClusterImpl-3e129c02-f7f1-4d32-bd92-d681932e2c0d/ozone-meta/datanode-1/data-0/hdds/3e129c02-f7f1-4d32-bd92-d681932e2c0d/tmp/deleted-containers. Directory does not exist.
2025-02-19 06:38:12,801 [main] INFO  utils.BackgroundService (BackgroundService.java:shutdown(162)) - Shutting down service BlockDeletingService
2025-02-19 06:38:12,802 [main] INFO  utils.BackgroundService (BackgroundService.java:shutdown(162)) - Shutting down service StaleRecoveringContainerScrubbingService
2025-02-19 06:38:12,804 [main] INFO  statemachine.DatanodeStateMachine (DatanodeStateMachine.java:stopDaemon(625)) - Ozone container server stopped.
2025-02-19 06:38:12,817 [main] INFO  handler.ContextHandler (ContextHandler.java:doStop(1159)) - Stopped o.e.j.w.WebAppContext@573fc0cc{hddsDatanode,/,null,STOPPED}{jar:file:/home/runner/work/ozone/ozone/hadoop-hdds/container-service/target/hdds-container-service-2.0.0-SNAPSHOT.jar!/webapps/hddsDatanode}
2025-02-19 06:38:12,817 [main] INFO  server.AbstractConnector (AbstractConnector.java:doStop(383)) - Stopped ServerConnector@785bc970{HTTP/1.1, (http/1.1)}{0.0.0.0:15011}
2025-02-19 06:38:12,817 [main] INFO  server.session (HouseKeeper.java:stopScavenging(149)) - node0 Stopped scavenging
2025-02-19 06:38:12,818 [main] INFO  handler.ContextHandler (ContextHandler.java:doStop(1159)) - Stopped o.e.j.s.ServletContextHandler@332f6402{static,/static,jar:file:/home/runner/work/ozone/ozone/hadoop-hdds/container-service/target/hdds-container-service-2.0.0-SNAPSHOT.jar!/webapps/static,STOPPED}
2025-02-19 06:38:12,818 [main] INFO  handler.ContextHandler (ContextHandler.java:doStop(1159)) - Stopped o.e.j.s.ServletContextHandler@412dd71b{logs,/logs,file:///home/runner/work/ozone/ozone/hadoop-ozone/integration-test/target/log,STOPPED}
2025-02-19 06:38:12,818 [main] INFO  ozone.HddsDatanodeClientProtocolServer (HddsDatanodeClientProtocolServer.java:stop(83)) - Stopping the RPC server for Client Protocol
2025-02-19 06:38:12,819 [main] INFO  ipc.Server (Server.java:stop(3697)) - Stopping server on 15012
2025-02-19 06:38:12,820 [IPC Server listener on 15012] INFO  ipc.Server (Server.java:run(1585)) - Stopping IPC Server listener on 15012
2025-02-19 06:38:12,820 [IPC Server Responder] INFO  ipc.Server (Server.java:run(1718)) - Stopping IPC Server Responder
2025-02-19 06:38:12,823 [main] INFO  impl.MetricsSystemImpl (MetricsSystemImpl.java:init(158)) - HddsDatanode metrics system started (again)
2025-02-19 06:38:12,836 [main] INFO  ozone.HddsDatanodeService (HddsDatanodeService.java:start(242)) - HddsDatanodeService host:fv-az1758-115.vo1scjuza2hupagbdr52ddpx1h.cx.internal.cloudapp.net ip:10.1.0.142
2025-02-19 06:38:12,838 [main] INFO  upgrade.AbstractLayoutVersionManager (AbstractLayoutVersionManager.java:init(80)) - Initializing Layout version manager with metadata layout = HBASE_SUPPORT (version = 8), software layout = HBASE_SUPPORT (version = 8)
2025-02-19 06:38:12,838 [main] INFO  statemachine.DatanodeStateMachine (DatanodeStateMachine.java:getEndPointTaskThreadPoolSize(293)) - Datanode State Machine Task Thread Pool size 2
2025-02-19 06:38:12,840 [main] INFO  volume.HddsVolume (HddsVolume.java:<init>(131)) - Creating HddsVolume: /home/runner/work/ozone/ozone/hadoop-ozone/integration-test/target/test-dir/MiniOzoneClusterImpl-3e129c02-f7f1-4d32-bd92-d681932e2c0d/ozone-meta/datanode-1/data-0/hdds of storage type: DISK, capacity=9222449699674390527, used=0, available=9222449699674390527
2025-02-19 06:38:12,840 [main] INFO  volume.MutableVolumeSet (MutableVolumeSet.java:initializeVolumeSet(171)) - Added Volume : /home/runner/work/ozone/ozone/hadoop-ozone/integration-test/target/test-dir/MiniOzoneClusterImpl-3e129c02-f7f1-4d32-bd92-d681932e2c0d/ozone-meta/datanode-1/data-0/hdds to VolumeSet
2025-02-19 06:38:12,841 [main] INFO  volume.MutableVolumeSet (MutableVolumeSet.java:initializeVolumeSet(171)) - Added Volume : /home/runner/work/ozone/ozone/hadoop-ozone/integration-test/target/test-dir/MiniOzoneClusterImpl-3e129c02-f7f1-4d32-bd92-d681932e2c0d/ozone-meta/datanode-1/ratise7641bee-ff94-4353-808e-f526ce6eb8f2 to VolumeSet
2025-02-19 06:38:12,842 [main] INFO  ozoneimpl.OzoneContainer (HddsVolumeUtil.java:loadAllHddsVolumeDbStore(101)) - Load 1 volumes DbStore cost: 1ms
2025-02-19 06:38:12,842 [main] WARN  db.DBStoreBuilder (DBStoreBuilder.java:getDBDirPath(168)) - ozone.scm.datanode.id.dir is not configured. We recommend adding this setting. Falling back to ozone.metadata.dirs instead.
2025-02-19 06:38:12,842 [main] WARN  db.DBStoreBuilder (DBStoreBuilder.java:getDBDirPath(168)) - ozone.scm.datanode.id.dir is not configured. We recommend adding this setting. Falling back to ozone.metadata.dirs instead.
2025-02-19 06:38:12,862 [main] INFO  impl.FilePerChunkStrategy (FilePerChunkStrategy.java:<init>(82)) - ozone.chunk.read.mapped.buffer.max.count is load with 0
2025-02-19 06:38:12,863 [main] INFO  impl.FilePerBlockStrategy (FilePerBlockStrategy.java:<init>(90)) - ozone.chunk.read.mapped.buffer.max.count is load with 0
2025-02-19 06:38:12,864 [main] INFO  server.RaftServerConfigKeys (ConfUtils.java:logGet(46)) - raft.server.log.appender.buffer.byte-limit = 33554432 (custom)
2025-02-19 06:38:12,865 [main] INFO  server.RaftServer (ConfUtils.java:logGet(46)) - raft.rpc.type = GRPC (default)
2025-02-19 06:38:12,865 [main] INFO  grpc.GrpcConfigKeys (ConfUtils.java:logFallback(53)) - raft.grpc.admin.host = null (fallback to raft.grpc.server.host)
2025-02-19 06:38:12,865 [main] INFO  grpc.GrpcConfigKeys (ConfUtils.java:logGet(46)) - raft.grpc.admin.port = 15015 (custom)
2025-02-19 06:38:12,865 [main] INFO  grpc.GrpcConfigKeys (ConfUtils.java:logFallback(53)) - raft.grpc.client.host = null (fallback to raft.grpc.server.host)
2025-02-19 06:38:12,865 [main] INFO  grpc.GrpcConfigKeys (ConfUtils.java:logGet(46)) - raft.grpc.client.port = 15014 (custom)
2025-02-19 06:38:12,865 [main] INFO  grpc.GrpcConfigKeys (ConfUtils.java:logGet(46)) - raft.grpc.server.host = null (default)
2025-02-19 06:38:12,865 [main] INFO  grpc.GrpcConfigKeys (ConfUtils.java:logGet(46)) - raft.grpc.server.port = 15016 (custom)
2025-02-19 06:38:12,865 [main] INFO  server.GrpcService (ConfUtils.java:logGet(46)) - raft.grpc.message.size.max = 34603008 (custom)
2025-02-19 06:38:12,866 [main] INFO  server.GrpcService (ConfUtils.java:logGet(46)) - raft.grpc.flow.control.window = 5MB (=5242880) (custom)
2025-02-19 06:38:12,866 [main] INFO  server.RaftServerConfigKeys (ConfUtils.java:logGet(46)) - raft.server.rpc.request.timeout = 3000ms (default)
2025-02-19 06:38:12,866 [main] INFO  grpc.GrpcConfigKeys (ConfUtils.java:logGet(46)) - raft.grpc.server.heartbeat.channel = true (default)
2025-02-19 06:38:12,866 [main] INFO  server.RaftServerConfigKeys (ConfUtils.java:logGet(46)) - raft.server.log.appender.buffer.byte-limit = 33554432 (custom)
2025-02-19 06:38:12,866 [main] INFO  grpc.GrpcConfigKeys (ConfUtils.java:logGet(46)) - raft.grpc.server.async.request.thread.pool.cached = true (default)
2025-02-19 06:38:12,866 [main] INFO  grpc.GrpcConfigKeys (ConfUtils.java:logGet(46)) - raft.grpc.server.async.request.thread.pool.size = 32 (default)
2025-02-19 06:38:12,868 [main] INFO  impl.DataStreamServerImpl (ConfUtils.java:logGet(46)) - raft.datastream.type = NETTY (custom)
2025-02-19 06:38:12,868 [main] INFO  server.RaftServerConfigKeys (ConfUtils.java:logGet(46)) - raft.server.data-stream.async.request.thread.pool.cached = false (default)
2025-02-19 06:38:12,868 [main] INFO  server.RaftServerConfigKeys (ConfUtils.java:logGet(46)) - raft.server.data-stream.async.request.thread.pool.size = 20 (custom)
2025-02-19 06:38:12,868 [main] INFO  server.RaftServerConfigKeys (ConfUtils.java:logGet(46)) - raft.server.data-stream.async.write.thread.pool.size = 16 (default)
2025-02-19 06:38:12,868 [main] INFO  netty.NettyConfigKeys$DataStream (ConfUtils.java:logGet(46)) - raft.netty.dataStream.server.channel.inactive.grace-period = 10min (default)
2025-02-19 06:38:12,868 [main] INFO  server.RaftServerConfigKeys (ConfUtils.java:logGet(46)) - raft.server.data-stream.client.pool.size = 10 (default)
2025-02-19 06:38:12,869 [main] INFO  netty.NettyConfigKeys$DataStream (ConfUtils.java:logGet(46)) - raft.netty.dataStream.server.use-epoll = true (default)
2025-02-19 06:38:12,869 [main] INFO  netty.NettyConfigKeys$DataStream (ConfUtils.java:logGet(46)) - raft.netty.dataStream.server.boss-group.size = 0 (default)
2025-02-19 06:38:12,869 [main] INFO  netty.NettyUtils (NettyUtils.java:newEventLoopGroup(74)) - Create EpollEventLoopGroup for 49dd84ae-7ec9-4d92-bc53-345946144fea-NettyServerStreamRpc-bossGroup; Thread size is 0.
2025-02-19 06:38:12,869 [main] INFO  netty.NettyConfigKeys$DataStream (ConfUtils.java:logGet(46)) - raft.netty.dataStream.server.worker-group.size = 0 (default)
2025-02-19 06:38:12,869 [main] INFO  netty.NettyUtils (NettyUtils.java:newEventLoopGroup(74)) - Create EpollEventLoopGroup for 49dd84ae-7ec9-4d92-bc53-345946144fea-NettyServerStreamRpc-workerGroup; Thread size is 0.
2025-02-19 06:38:12,870 [main] INFO  netty.NettyConfigKeys$DataStream (ConfUtils.java:logGet(46)) - raft.netty.dataStream.server.tls.conf = null (default)
2025-02-19 06:38:12,870 [main] INFO  netty.NettyConfigKeys$DataStream (ConfUtils.java:logGet(46)) - raft.netty.dataStream.host = null (default)
2025-02-19 06:38:12,870 [main] INFO  netty.NettyConfigKeys$DataStream (ConfUtils.java:logGet(46)) - raft.netty.dataStream.port = 15017 (custom)
2025-02-19 06:38:12,870 [main] INFO  server.RaftServerConfigKeys (ConfUtils.java:logGet(46)) - raft.server.sleep.deviation.threshold = 300ms (default)
2025-02-19 06:38:12,870 [main] INFO  server.RaftServerConfigKeys (ConfUtils.java:logGet(46)) - raft.server.close.threshold = 60s (default)
2025-02-19 06:38:12,870 [main] INFO  server.RaftServerConfigKeys (ConfUtils.java:logGet(46)) - raft.server.leaderelection.leader.step-down.wait-time = 10s (default)
2025-02-19 06:38:12,871 [main] INFO  server.RaftServerConfigKeys (ConfUtils.java:logGet(46)) - raft.server.storage.dir = [/home/runner/work/ozone/ozone/hadoop-ozone/integration-test/target/test-dir/MiniOzoneClusterImpl-3e129c02-f7f1-4d32-bd92-d681932e2c0d/ozone-meta/datanode-1/ratise7641bee-ff94-4353-808e-f526ce6eb8f2] (custom)
2025-02-19 06:38:12,871 [main] INFO  server.RaftServerConfigKeys (ConfUtils.java:logGet(46)) - raft.server.threadpool.proxy.cached = true (default)
2025-02-19 06:38:12,871 [main] INFO  server.RaftServerConfigKeys (ConfUtils.java:logGet(46)) - raft.server.threadpool.proxy.size = 0 (default)
2025-02-19 06:38:12,871 [49dd84ae-7ec9-4d92-bc53-345946144fea-NettyServerStreamRpc-bossGroup--thread1] INFO  logging.LoggingHandler (AbstractInternalLogger.java:log(148)) - [id: 0x2346a3df] REGISTERED
2025-02-19 06:38:12,871 [49dd84ae-7ec9-4d92-bc53-345946144fea-NettyServerStreamRpc-bossGroup--thread1] INFO  logging.LoggingHandler (AbstractInternalLogger.java:log(148)) - [id: 0x2346a3df] BIND: 0.0.0.0/0.0.0.0:15017
2025-02-19 06:38:12,872 [49dd84ae-7ec9-4d92-bc53-345946144fea-NettyServerStreamRpc-bossGroup--thread1] INFO  logging.LoggingHandler (AbstractInternalLogger.java:log(148)) - [id: 0x2346a3df, L:/0.0.0.0:15017] ACTIVE
2025-02-19 06:38:12,871 [49dd84ae-7ec9-4d92-bc53-345946144fea-impl-thread1] INFO  server.RaftServer (RaftServerProxy.java:initGroupDir(265)) - 49dd84ae-7ec9-4d92-bc53-345946144fea: found a subdirectory /home/runner/work/ozone/ozone/hadoop-ozone/integration-test/target/test-dir/MiniOzoneClusterImpl-3e129c02-f7f1-4d32-bd92-d681932e2c0d/ozone-meta/datanode-1/ratise7641bee-ff94-4353-808e-f526ce6eb8f2/f1258f91-374d-44ac-9d89-7bef1d680e9b
2025-02-19 06:38:12,872 [49dd84ae-7ec9-4d92-bc53-345946144fea-impl-thread1] INFO  server.RaftServer (RaftServerProxy.java:addNew(100)) - 49dd84ae-7ec9-4d92-bc53-345946144fea: addNew group-7BEF1D680E9B:[] returns group-7BEF1D680E9B:java.util.concurrent.CompletableFuture@56755011[Not completed]
2025-02-19 06:38:12,872 [49dd84ae-7ec9-4d92-bc53-345946144fea-impl-thread1] INFO  server.RaftServer (RaftServerProxy.java:initGroupDir(265)) - 49dd84ae-7ec9-4d92-bc53-345946144fea: found a subdirectory /home/runner/work/ozone/ozone/hadoop-ozone/integration-test/target/test-dir/MiniOzoneClusterImpl-3e129c02-f7f1-4d32-bd92-d681932e2c0d/ozone-meta/datanode-1/ratise7641bee-ff94-4353-808e-f526ce6eb8f2/tmp
2025-02-19 06:38:12,872 [49dd84ae-7ec9-4d92-bc53-345946144fea-impl-thread1] INFO  server.RaftServer (RaftServerProxy.java:initGroupDir(270)) - 49dd84ae-7ec9-4d92-bc53-345946144fea: The directory /home/runner/work/ozone/ozone/hadoop-ozone/integration-test/target/test-dir/MiniOzoneClusterImpl-3e129c02-f7f1-4d32-bd92-d681932e2c0d/ozone-meta/datanode-1/ratise7641bee-ff94-4353-808e-f526ce6eb8f2/tmp is not a group directory; ignoring it. 
2025-02-19 06:38:12,872 [49dd84ae-7ec9-4d92-bc53-345946144fea-impl-thread1] INFO  server.RaftServer (RaftServerProxy.java:initGroupDir(265)) - 49dd84ae-7ec9-4d92-bc53-345946144fea: found a subdirectory /home/runner/work/ozone/ozone/hadoop-ozone/integration-test/target/test-dir/MiniOzoneClusterImpl-3e129c02-f7f1-4d32-bd92-d681932e2c0d/ozone-meta/datanode-1/ratise7641bee-ff94-4353-808e-f526ce6eb8f2/117721e1-84b0-442b-bd9d-b5b4ee72daef
2025-02-19 06:38:12,872 [49dd84ae-7ec9-4d92-bc53-345946144fea-impl-thread1] INFO  server.RaftServer (RaftServerProxy.java:addNew(100)) - 49dd84ae-7ec9-4d92-bc53-345946144fea: addNew group-B5B4EE72DAEF:[] returns group-B5B4EE72DAEF:java.util.concurrent.CompletableFuture@32a5014b[Not completed]
2025-02-19 06:38:12,873 [main] INFO  replication.ReplicationServer (ReplicationServer.java:<init>(84)) - Initializing replication server with thread count = 10 queue length = 4096
2025-02-19 06:38:12,873 [49dd84ae-7ec9-4d92-bc53-345946144fea-groupManagement] INFO  server.RaftServer$Division (RaftServerImpl.java:<init>(255)) - 49dd84ae-7ec9-4d92-bc53-345946144fea: new RaftServerImpl for group-7BEF1D680E9B:[] with ContainerStateMachine:uninitialized
2025-02-19 06:38:12,873 [49dd84ae-7ec9-4d92-bc53-345946144fea-groupManagement] INFO  server.RaftServerConfigKeys (ConfUtils.java:logGet(46)) - raft.server.rpc.timeout.min = 5s (custom)
2025-02-19 06:38:12,873 [49dd84ae-7ec9-4d92-bc53-345946144fea-groupManagement] INFO  server.RaftServerConfigKeys (ConfUtils.java:logGet(46)) - raft.server.rpc.timeout.max = 5200ms (custom)
2025-02-19 06:38:12,873 [49dd84ae-7ec9-4d92-bc53-345946144fea-groupManagement] INFO  server.RaftServerConfigKeys (ConfUtils.java:logGet(46)) - raft.server.rpc.sleep.time = 25ms (default)
2025-02-19 06:38:12,873 [49dd84ae-7ec9-4d92-bc53-345946144fea-groupManagement] INFO  server.RaftServerConfigKeys (ConfUtils.java:logGet(46)) - raft.server.rpc.slowness.timeout = 300000ms (custom)
2025-02-19 06:38:12,874 [49dd84ae-7ec9-4d92-bc53-345946144fea-groupManagement] INFO  server.RaftServerConfigKeys (ConfUtils.java:logGet(46)) - raft.server.leaderelection.leader.step-down.wait-time = 10s (default)
2025-02-19 06:38:12,874 [49dd84ae-7ec9-4d92-bc53-345946144fea-groupManagement] INFO  server.RaftServerConfigKeys (ConfUtils.java:logGet(46)) - raft.server.leaderelection.member.majority-add = false (default)
2025-02-19 06:38:12,874 [49dd84ae-7ec9-4d92-bc53-345946144fea-groupManagement] INFO  server.RaftServerConfigKeys (ConfUtils.java:logGet(46)) - raft.server.sleep.deviation.threshold = 300ms (default)
2025-02-19 06:38:12,874 [49dd84ae-7ec9-4d92-bc53-345946144fea-groupManagement] INFO  server.RaftServer$Division (ServerState.java:<init>(114)) - 49dd84ae-7ec9-4d92-bc53-345946144fea@group-7BEF1D680E9B: ConfigurationManager, init=conf: {index: -1, cur=peers:[]|listeners:[], old=null}, confs=<EMPTY_MAP>
2025-02-19 06:38:12,874 [49dd84ae-7ec9-4d92-bc53-345946144fea-groupManagement] INFO  server.RaftServerConfigKeys (ConfUtils.java:logGet(46)) - raft.server.notification.no-leader.timeout = 300000ms (custom)
2025-02-19 06:38:12,874 [49dd84ae-7ec9-4d92-bc53-345946144fea-groupManagement] INFO  server.RaftServerConfigKeys (ConfUtils.java:logGet(46)) - raft.server.read.timeout = 10s (default)
2025-02-19 06:38:12,874 [49dd84ae-7ec9-4d92-bc53-345946144fea-groupManagement] INFO  server.RaftServerConfigKeys (ConfUtils.java:logGet(46)) - raft.server.retrycache.expirytime = 600000ms (custom)
2025-02-19 06:38:12,874 [49dd84ae-7ec9-4d92-bc53-345946144fea-groupManagement] INFO  server.RaftServerConfigKeys (ConfUtils.java:logGet(46)) - raft.server.retrycache.statistics.expirytime = 100ms (default)
2025-02-19 06:38:12,874 [49dd84ae-7ec9-4d92-bc53-345946144fea-groupManagement] INFO  server.RaftServerConfigKeys (ConfUtils.java:logGet(46)) - raft.server.read.option = DEFAULT (default)
2025-02-19 06:38:12,874 [49dd84ae-7ec9-4d92-bc53-345946144fea-groupManagement] INFO  server.RaftServerConfigKeys (ConfUtils.java:logGet(46)) - raft.server.read.read-after-write-consistent.write-index-cache.expiry-time = 60s (default)
2025-02-19 06:38:12,874 [main] INFO  server.XceiverServerGrpc (XceiverServerGrpc.java:<init>(132)) - GrpcServer channel type EpollServerSocketChannel
2025-02-19 06:38:12,875 [main] INFO  replication.ReplicationSupervisor (ReplicationSupervisor.java:build(169)) - Initializing replication supervisor with thread count = 10
2025-02-19 06:38:12,875 [main] INFO  replication.ReplicationSupervisor (ReplicationSupervisor.java:nodeStateUpdated(358)) - Node state updated to IN_SERVICE, scaling executor pool size to 10
2025-02-19 06:38:12,878 [main] INFO  http.BaseHttpServer (BaseHttpServer.java:newHttpServer2BuilderForOzone(230)) - Starting Web-server for hddsDatanode at: http://0.0.0.0:15011
2025-02-19 06:38:12,878 [main] INFO  http.BaseHttpServer (BaseHttpServer.java:<init>(108)) - Hadoop Security Enabled: false Ozone Security Enabled: false Ozone HTTP Security Enabled: false 
2025-02-19 06:38:12,878 [49dd84ae-7ec9-4d92-bc53-345946144fea-groupManagement] INFO  server.RaftServerConfigKeys (ConfUtils.java:logGet(46)) - raft.server.rpc.request.timeout = 3000ms (default)
2025-02-19 06:38:12,878 [49dd84ae-7ec9-4d92-bc53-345946144fea-groupManagement] INFO  server.RaftServerConfigKeys (ConfUtils.java:logGet(46)) - raft.server.log.appender.install.snapshot.enabled = false (custom)
2025-02-19 06:38:12,878 [49dd84ae-7ec9-4d92-bc53-345946144fea-groupManagement] INFO  server.RaftServerConfigKeys (ConfUtils.java:logGet(46)) - raft.server.threadpool.server.cached = true (default)
2025-02-19 06:38:12,878 [49dd84ae-7ec9-4d92-bc53-345946144fea-groupManagement] INFO  server.RaftServerConfigKeys (ConfUtils.java:logGet(46)) - raft.server.threadpool.server.size = 0 (default)
2025-02-19 06:38:12,878 [49dd84ae-7ec9-4d92-bc53-345946144fea-groupManagement] INFO  server.RaftServerConfigKeys (ConfUtils.java:logGet(46)) - raft.server.threadpool.client.cached = true (default)
2025-02-19 06:38:12,878 [49dd84ae-7ec9-4d92-bc53-345946144fea-groupManagement] INFO  server.RaftServerConfigKeys (ConfUtils.java:logGet(46)) - raft.server.threadpool.client.size = 0 (default)
2025-02-19 06:38:12,879 [49dd84ae-7ec9-4d92-bc53-345946144fea-groupManagement] INFO  server.RaftServer$Division (RaftServerImpl.java:<init>(255)) - 49dd84ae-7ec9-4d92-bc53-345946144fea: new RaftServerImpl for group-B5B4EE72DAEF:[] with ContainerStateMachine:uninitialized
2025-02-19 06:38:12,879 [49dd84ae-7ec9-4d92-bc53-345946144fea-groupManagement] INFO  server.RaftServerConfigKeys (ConfUtils.java:logGet(46)) - raft.server.rpc.timeout.min = 5s (custom)
2025-02-19 06:38:12,879 [49dd84ae-7ec9-4d92-bc53-345946144fea-groupManagement] INFO  server.RaftServerConfigKeys (ConfUtils.java:logGet(46)) - raft.server.rpc.timeout.max = 5200ms (custom)
2025-02-19 06:38:12,879 [49dd84ae-7ec9-4d92-bc53-345946144fea-groupManagement] INFO  server.RaftServerConfigKeys (ConfUtils.java:logGet(46)) - raft.server.rpc.sleep.time = 25ms (default)
2025-02-19 06:38:12,879 [49dd84ae-7ec9-4d92-bc53-345946144fea-groupManagement] INFO  server.RaftServerConfigKeys (ConfUtils.java:logGet(46)) - raft.server.rpc.slowness.timeout = 300000ms (custom)
2025-02-19 06:38:12,879 [49dd84ae-7ec9-4d92-bc53-345946144fea-groupManagement] INFO  server.RaftServerConfigKeys (ConfUtils.java:logGet(46)) - raft.server.leaderelection.leader.step-down.wait-time = 10s (default)
2025-02-19 06:38:12,879 [49dd84ae-7ec9-4d92-bc53-345946144fea-groupManagement] INFO  server.RaftServerConfigKeys (ConfUtils.java:logGet(46)) - raft.server.leaderelection.member.majority-add = false (default)
2025-02-19 06:38:12,879 [49dd84ae-7ec9-4d92-bc53-345946144fea-groupManagement] INFO  server.RaftServerConfigKeys (ConfUtils.java:logGet(46)) - raft.server.sleep.deviation.threshold = 300ms (default)
2025-02-19 06:38:12,880 [49dd84ae-7ec9-4d92-bc53-345946144fea-groupManagement] INFO  server.RaftServer$Division (ServerState.java:<init>(114)) - 49dd84ae-7ec9-4d92-bc53-345946144fea@group-B5B4EE72DAEF: ConfigurationManager, init=conf: {index: -1, cur=peers:[]|listeners:[], old=null}, confs=<EMPTY_MAP>
2025-02-19 06:38:12,880 [49dd84ae-7ec9-4d92-bc53-345946144fea-groupManagement] INFO  server.RaftServerConfigKeys (ConfUtils.java:logGet(46)) - raft.server.notification.no-leader.timeout = 300000ms (custom)
2025-02-19 06:38:12,880 [49dd84ae-7ec9-4d92-bc53-345946144fea-groupManagement] INFO  server.RaftServerConfigKeys (ConfUtils.java:logGet(46)) - raft.server.read.timeout = 10s (default)
2025-02-19 06:38:12,880 [main] WARN  server.AuthenticationFilter (AuthenticationFilter.java:constructSecretProvider(240)) - Unable to initialize FileSignerSecretProvider, falling back to use random secrets. Reason: Could not read signature secret file: /home/runner/hadoop-http-auth-signature-secret
2025-02-19 06:38:12,880 [49dd84ae-7ec9-4d92-bc53-345946144fea-groupManagement] INFO  server.RaftServerConfigKeys (ConfUtils.java:logGet(46)) - raft.server.retrycache.expirytime = 600000ms (custom)
2025-02-19 06:38:12,880 [49dd84ae-7ec9-4d92-bc53-345946144fea-groupManagement] INFO  server.RaftServerConfigKeys (ConfUtils.java:logGet(46)) - raft.server.retrycache.statistics.expirytime = 100ms (default)
2025-02-19 06:38:12,880 [49dd84ae-7ec9-4d92-bc53-345946144fea-groupManagement] INFO  server.RaftServerConfigKeys (ConfUtils.java:logGet(46)) - raft.server.read.option = DEFAULT (default)
2025-02-19 06:38:12,880 [49dd84ae-7ec9-4d92-bc53-345946144fea-groupManagement] INFO  server.RaftServerConfigKeys (ConfUtils.java:logGet(46)) - raft.server.read.read-after-write-consistent.write-index-cache.expiry-time = 60s (default)
2025-02-19 06:38:12,880 [main] INFO  http.HttpRequestLog (HttpRequestLog.java:getRequestLog(85)) - Http request log for http.requests.hddsDatanode is not defined
2025-02-19 06:38:12,882 [main] INFO  http.HttpServer2 (HttpServer2.java:addGlobalFilter(1038)) - Added global filter 'safety' (class=org.apache.hadoop.hdds.server.http.HttpServer2$QuotingInputFilter)
2025-02-19 06:38:12,882 [main] INFO  http.HttpServer2 (HttpServer2.java:addFilter(1014)) - Added filter static_user_filter (class=org.apache.hadoop.http.lib.StaticUserWebFilter$StaticUserFilter) to context hddsDatanode
2025-02-19 06:38:12,882 [main] INFO  http.HttpServer2 (HttpServer2.java:addFilter(1022)) - Added filter static_user_filter (class=org.apache.hadoop.http.lib.StaticUserWebFilter$StaticUserFilter) to context logs
2025-02-19 06:38:12,882 [main] INFO  http.HttpServer2 (HttpServer2.java:addFilter(1022)) - Added filter static_user_filter (class=org.apache.hadoop.http.lib.StaticUserWebFilter$StaticUserFilter) to context static
2025-02-19 06:38:12,883 [main] INFO  http.BaseHttpServer (BaseHttpServer.java:<init>(196)) - HTTP server of hddsDatanode uses base directory /home/runner/work/ozone/ozone/hadoop-ozone/integration-test/target/test-dir/MiniOzoneClusterImpl-3e129c02-f7f1-4d32-bd92-d681932e2c0d/ozone-meta/datanode-1/meta/webserver
2025-02-19 06:38:12,883 [main] INFO  http.HttpServer2 (HttpServer2.java:bindListener(1238)) - Jetty bound to port 15011
2025-02-19 06:38:12,883 [main] INFO  server.Server (Server.java:doStart(375)) - jetty-9.4.57.v20241219; built: 2025-01-08T21:24:30.412Z; git: df524e6b29271c2e09ba9aea83c18dc9db464a31; jvm 21.0.6+7-LTS
2025-02-19 06:38:12,884 [49dd84ae-7ec9-4d92-bc53-345946144fea-groupManagement] INFO  server.RaftServerConfigKeys (ConfUtils.java:logGet(46)) - raft.server.rpc.request.timeout = 3000ms (default)
2025-02-19 06:38:12,884 [49dd84ae-7ec9-4d92-bc53-345946144fea-groupManagement] INFO  server.RaftServerConfigKeys (ConfUtils.java:logGet(46)) - raft.server.log.appender.install.snapshot.enabled = false (custom)
2025-02-19 06:38:12,884 [49dd84ae-7ec9-4d92-bc53-345946144fea-groupManagement] INFO  server.RaftServerConfigKeys (ConfUtils.java:logGet(46)) - raft.server.threadpool.server.cached = true (default)
2025-02-19 06:38:12,884 [49dd84ae-7ec9-4d92-bc53-345946144fea-groupManagement] INFO  server.RaftServerConfigKeys (ConfUtils.java:logGet(46)) - raft.server.threadpool.server.size = 0 (default)
2025-02-19 06:38:12,884 [49dd84ae-7ec9-4d92-bc53-345946144fea-groupManagement] INFO  server.RaftServerConfigKeys (ConfUtils.java:logGet(46)) - raft.server.threadpool.client.cached = true (default)
2025-02-19 06:38:12,884 [49dd84ae-7ec9-4d92-bc53-345946144fea-groupManagement] INFO  server.RaftServerConfigKeys (ConfUtils.java:logGet(46)) - raft.server.threadpool.client.size = 0 (default)
2025-02-19 06:38:12,886 [main] INFO  server.session (DefaultSessionIdManager.java:doStart(334)) - DefaultSessionIdManager workerName=node0
2025-02-19 06:38:12,886 [main] INFO  server.session (DefaultSessionIdManager.java:doStart(339)) - No SessionScavenger set, using defaults
2025-02-19 06:38:12,886 [main] INFO  server.session (HouseKeeper.java:startScavenging(132)) - node0 Scavenging every 660000ms
2025-02-19 06:38:12,887 [main] INFO  handler.ContextHandler (ContextHandler.java:doStart(921)) - Started o.e.j.s.ServletContextHandler@4a3cc680{logs,/logs,file:///home/runner/work/ozone/ozone/hadoop-ozone/integration-test/target/log,AVAILABLE}
2025-02-19 06:38:12,887 [main] INFO  handler.ContextHandler (ContextHandler.java:doStart(921)) - Started o.e.j.s.ServletContextHandler@2f8892c5{static,/static,jar:file:/home/runner/work/ozone/ozone/hadoop-hdds/container-service/target/hdds-container-service-2.0.0-SNAPSHOT.jar!/webapps/static,AVAILABLE}
2025-02-19 06:38:12,950 [25fe7083-9332-4190-accf-9f4542114dd9@group-B5B4EE72DAEF-FollowerState] INFO  impl.FollowerState (FollowerState.java:runImpl(161)) - 25fe7083-9332-4190-accf-9f4542114dd9@group-B5B4EE72DAEF-FollowerState: change to CANDIDATE, lastRpcElapsedTime:5334408837ns, electionTimeout:5073ms
2025-02-19 06:38:12,950 [25fe7083-9332-4190-accf-9f4542114dd9@group-B5B4EE72DAEF-FollowerState] INFO  impl.RoleInfo (RoleInfo.java:shutdownFollowerState(121)) - 25fe7083-9332-4190-accf-9f4542114dd9: shutdown 25fe7083-9332-4190-accf-9f4542114dd9@group-B5B4EE72DAEF-FollowerState
2025-02-19 06:38:12,950 [25fe7083-9332-4190-accf-9f4542114dd9@group-B5B4EE72DAEF-FollowerState] INFO  server.RaftServer$Division (RaftServerImpl.java:setRole(378)) - 25fe7083-9332-4190-accf-9f4542114dd9@group-B5B4EE72DAEF: changes role from  FOLLOWER to CANDIDATE at term 1 for changeToCandidate
2025-02-19 06:38:12,950 [25fe7083-9332-4190-accf-9f4542114dd9@group-B5B4EE72DAEF-FollowerState] INFO  server.RaftServerConfigKeys (ConfUtils.java:logGet(46)) - raft.server.leaderelection.pre-vote = true (default)
2025-02-19 06:38:12,950 [25fe7083-9332-4190-accf-9f4542114dd9@group-B5B4EE72DAEF-FollowerState] INFO  impl.RoleInfo (RoleInfo.java:updateAndGet(148)) - 25fe7083-9332-4190-accf-9f4542114dd9: start 25fe7083-9332-4190-accf-9f4542114dd9@group-B5B4EE72DAEF-LeaderElection32
2025-02-19 06:38:12,951 [25fe7083-9332-4190-accf-9f4542114dd9@group-B5B4EE72DAEF-LeaderElection32] INFO  server.RaftServer$Division (ServerState.java:setLeader(272)) - 25fe7083-9332-4190-accf-9f4542114dd9@group-B5B4EE72DAEF: change Leader from 62ffdddc-aaf0-4ce5-9810-4c181ebbf473 to null at term 1 for PRE_VOTE
2025-02-19 06:38:12,951 [25fe7083-9332-4190-accf-9f4542114dd9@group-B5B4EE72DAEF-LeaderElection32] INFO  impl.LeaderElection (LeaderElection.java:askForVotes(332)) - 25fe7083-9332-4190-accf-9f4542114dd9@group-B5B4EE72DAEF-LeaderElection32 PRE_VOTE round 0: submit vote requests at term 1 for conf: {index: 0, cur=peers:[62ffdddc-aaf0-4ce5-9810-4c181ebbf473|127.0.0.1:15016, 6b36f32d-918c-46a3-bfcb-888cb423c6dd|127.0.0.1:15025, 25fe7083-9332-4190-accf-9f4542114dd9|127.0.0.1:15088]|listeners:[], old=null}
2025-02-19 06:38:12,953 [25fe7083-9332-4190-accf-9f4542114dd9@group-B5B4EE72DAEF-LeaderElection32] INFO  impl.LeaderElection (LogUtils.java:infoOrTrace(136)) - 25fe7083-9332-4190-accf-9f4542114dd9@group-B5B4EE72DAEF-LeaderElection32 got exception when requesting votes: java.util.concurrent.ExecutionException: org.apache.ratis.thirdparty.io.grpc.StatusRuntimeException: UNAVAILABLE: io exception
2025-02-19 06:38:12,953 [grpc-default-executor-8] INFO  server.RaftServer$Division (RaftServerImpl.java:requestVote(1407)) - 6b36f32d-918c-46a3-bfcb-888cb423c6dd@group-B5B4EE72DAEF: receive requestVote(PRE_VOTE, 25fe7083-9332-4190-accf-9f4542114dd9, group-B5B4EE72DAEF, 1, (t:1, i:0))
2025-02-19 06:38:12,953 [grpc-default-executor-8] INFO  impl.VoteContext (VoteContext.java:log(49)) - 6b36f32d-918c-46a3-bfcb-888cb423c6dd@group-B5B4EE72DAEF-FOLLOWER: accept PRE_VOTE from 25fe7083-9332-4190-accf-9f4542114dd9: our priority 0 <= candidate's priority 0
2025-02-19 06:38:12,953 [grpc-default-executor-8] INFO  server.RaftServer$Division (RaftServerImpl.java:requestVote(1441)) - 6b36f32d-918c-46a3-bfcb-888cb423c6dd@group-B5B4EE72DAEF replies to PRE_VOTE vote request: 25fe7083-9332-4190-accf-9f4542114dd9<-6b36f32d-918c-46a3-bfcb-888cb423c6dd#0:OK-t1. Peer's state: 6b36f32d-918c-46a3-bfcb-888cb423c6dd@group-B5B4EE72DAEF:t1, leader=62ffdddc-aaf0-4ce5-9810-4c181ebbf473, voted=62ffdddc-aaf0-4ce5-9810-4c181ebbf473, raftlog=Memoized:6b36f32d-918c-46a3-bfcb-888cb423c6dd@group-B5B4EE72DAEF-SegmentedRaftLog:OPENED:c0:last(t:1, i:0), conf=conf: {index: 0, cur=peers:[62ffdddc-aaf0-4ce5-9810-4c181ebbf473|127.0.0.1:15016, 6b36f32d-918c-46a3-bfcb-888cb423c6dd|127.0.0.1:15025, 25fe7083-9332-4190-accf-9f4542114dd9|127.0.0.1:15088]|listeners:[], old=null}
2025-02-19 06:38:12,954 [25fe7083-9332-4190-accf-9f4542114dd9@group-B5B4EE72DAEF-LeaderElection32] INFO  impl.LeaderElection (LeaderElection.java:logAndReturn(90)) - 25fe7083-9332-4190-accf-9f4542114dd9@group-B5B4EE72DAEF-LeaderElection32: PRE_VOTE PASSED received 1 response(s) and 1 exception(s):
2025-02-19 06:38:12,954 [25fe7083-9332-4190-accf-9f4542114dd9@group-B5B4EE72DAEF-LeaderElection32] INFO  impl.LeaderElection (LeaderElection.java:logAndReturn(94)) -   Response 0: 25fe7083-9332-4190-accf-9f4542114dd9<-6b36f32d-918c-46a3-bfcb-888cb423c6dd#0:OK-t1
2025-02-19 06:38:12,954 [25fe7083-9332-4190-accf-9f4542114dd9@group-B5B4EE72DAEF-LeaderElection32] INFO  impl.LeaderElection (LogUtils.java:infoOrTrace(136)) -   Exception 1: java.util.concurrent.ExecutionException: org.apache.ratis.thirdparty.io.grpc.StatusRuntimeException: UNAVAILABLE: io exception
2025-02-19 06:38:12,954 [25fe7083-9332-4190-accf-9f4542114dd9@group-B5B4EE72DAEF-LeaderElection32] INFO  impl.LeaderElection (LeaderElection.java:askForVotes(334)) - 25fe7083-9332-4190-accf-9f4542114dd9@group-B5B4EE72DAEF-LeaderElection32 PRE_VOTE round 0: result PASSED
2025-02-19 06:38:12,956 [25fe7083-9332-4190-accf-9f4542114dd9@group-B5B4EE72DAEF-LeaderElection32] INFO  impl.LeaderElection (LeaderElection.java:askForVotes(332)) - 25fe7083-9332-4190-accf-9f4542114dd9@group-B5B4EE72DAEF-LeaderElection32 ELECTION round 0: submit vote requests at term 2 for conf: {index: 0, cur=peers:[62ffdddc-aaf0-4ce5-9810-4c181ebbf473|127.0.0.1:15016, 6b36f32d-918c-46a3-bfcb-888cb423c6dd|127.0.0.1:15025, 25fe7083-9332-4190-accf-9f4542114dd9|127.0.0.1:15088]|listeners:[], old=null}
2025-02-19 06:38:12,957 [25fe7083-9332-4190-accf-9f4542114dd9@group-B5B4EE72DAEF-LeaderElection32] INFO  impl.LeaderElection (LogUtils.java:infoOrTrace(136)) - 25fe7083-9332-4190-accf-9f4542114dd9@group-B5B4EE72DAEF-LeaderElection32 got exception when requesting votes: java.util.concurrent.ExecutionException: org.apache.ratis.thirdparty.io.grpc.StatusRuntimeException: UNAVAILABLE: io exception
2025-02-19 06:38:12,957 [grpc-default-executor-8] INFO  server.RaftServer$Division (RaftServerImpl.java:requestVote(1407)) - 6b36f32d-918c-46a3-bfcb-888cb423c6dd@group-B5B4EE72DAEF: receive requestVote(ELECTION, 25fe7083-9332-4190-accf-9f4542114dd9, group-B5B4EE72DAEF, 2, (t:1, i:0))
2025-02-19 06:38:12,957 [grpc-default-executor-8] INFO  impl.VoteContext (VoteContext.java:log(49)) - 6b36f32d-918c-46a3-bfcb-888cb423c6dd@group-B5B4EE72DAEF-FOLLOWER: accept ELECTION from 25fe7083-9332-4190-accf-9f4542114dd9: our priority 0 <= candidate's priority 0
2025-02-19 06:38:12,957 [grpc-default-executor-8] INFO  server.RaftServer$Division (RaftServerImpl.java:setRole(378)) - 6b36f32d-918c-46a3-bfcb-888cb423c6dd@group-B5B4EE72DAEF: changes role from  FOLLOWER to FOLLOWER at term 1 for candidate:25fe7083-9332-4190-accf-9f4542114dd9
2025-02-19 06:38:12,957 [grpc-default-executor-8] INFO  impl.RoleInfo (RoleInfo.java:shutdownFollowerState(121)) - 6b36f32d-918c-46a3-bfcb-888cb423c6dd: shutdown 6b36f32d-918c-46a3-bfcb-888cb423c6dd@group-B5B4EE72DAEF-FollowerState
2025-02-19 06:38:12,957 [grpc-default-executor-8] INFO  server.RaftServer$Division (ServerState.java:setLeader(272)) - 6b36f32d-918c-46a3-bfcb-888cb423c6dd@group-B5B4EE72DAEF: change Leader from 62ffdddc-aaf0-4ce5-9810-4c181ebbf473 to null at term 2 for updateCurrentTerm
2025-02-19 06:38:12,957 [grpc-default-executor-8] INFO  impl.RoleInfo (RoleInfo.java:updateAndGet(148)) - 6b36f32d-918c-46a3-bfcb-888cb423c6dd: start 6b36f32d-918c-46a3-bfcb-888cb423c6dd@group-B5B4EE72DAEF-FollowerState
2025-02-19 06:38:12,958 [6b36f32d-918c-46a3-bfcb-888cb423c6dd@group-B5B4EE72DAEF-FollowerState] INFO  impl.FollowerState (FollowerState.java:runImpl(170)) - 6b36f32d-918c-46a3-bfcb-888cb423c6dd@group-B5B4EE72DAEF-FollowerState was interrupted
2025-02-19 06:38:12,959 [grpc-default-executor-8] INFO  server.RaftServer$Division (RaftServerImpl.java:requestVote(1441)) - 6b36f32d-918c-46a3-bfcb-888cb423c6dd@group-B5B4EE72DAEF replies to ELECTION vote request: 25fe7083-9332-4190-accf-9f4542114dd9<-6b36f32d-918c-46a3-bfcb-888cb423c6dd#0:OK-t2. Peer's state: 6b36f32d-918c-46a3-bfcb-888cb423c6dd@group-B5B4EE72DAEF:t2, leader=null, voted=25fe7083-9332-4190-accf-9f4542114dd9, raftlog=Memoized:6b36f32d-918c-46a3-bfcb-888cb423c6dd@group-B5B4EE72DAEF-SegmentedRaftLog:OPENED:c0:last(t:1, i:0), conf=conf: {index: 0, cur=peers:[62ffdddc-aaf0-4ce5-9810-4c181ebbf473|127.0.0.1:15016, 6b36f32d-918c-46a3-bfcb-888cb423c6dd|127.0.0.1:15025, 25fe7083-9332-4190-accf-9f4542114dd9|127.0.0.1:15088]|listeners:[], old=null}
2025-02-19 06:38:12,959 [25fe7083-9332-4190-accf-9f4542114dd9@group-B5B4EE72DAEF-LeaderElection32] INFO  impl.LeaderElection (LeaderElection.java:logAndReturn(90)) - 25fe7083-9332-4190-accf-9f4542114dd9@group-B5B4EE72DAEF-LeaderElection32: ELECTION PASSED received 1 response(s) and 1 exception(s):
2025-02-19 06:38:12,960 [25fe7083-9332-4190-accf-9f4542114dd9@group-B5B4EE72DAEF-LeaderElection32] INFO  impl.LeaderElection (LeaderElection.java:logAndReturn(94)) -   Response 0: 25fe7083-9332-4190-accf-9f4542114dd9<-6b36f32d-918c-46a3-bfcb-888cb423c6dd#0:OK-t2
2025-02-19 06:38:12,960 [25fe7083-9332-4190-accf-9f4542114dd9@group-B5B4EE72DAEF-LeaderElection32] INFO  impl.LeaderElection (LogUtils.java:infoOrTrace(136)) -   Exception 1: java.util.concurrent.ExecutionException: org.apache.ratis.thirdparty.io.grpc.StatusRuntimeException: UNAVAILABLE: io exception
2025-02-19 06:38:12,960 [25fe7083-9332-4190-accf-9f4542114dd9@group-B5B4EE72DAEF-LeaderElection32] INFO  impl.LeaderElection (LeaderElection.java:askForVotes(334)) - 25fe7083-9332-4190-accf-9f4542114dd9@group-B5B4EE72DAEF-LeaderElection32 ELECTION round 0: result PASSED
2025-02-19 06:38:12,960 [25fe7083-9332-4190-accf-9f4542114dd9@group-B5B4EE72DAEF-LeaderElection32] INFO  impl.RoleInfo (RoleInfo.java:shutdownLeaderElection(141)) - 25fe7083-9332-4190-accf-9f4542114dd9: shutdown 25fe7083-9332-4190-accf-9f4542114dd9@group-B5B4EE72DAEF-LeaderElection32
2025-02-19 06:38:12,960 [25fe7083-9332-4190-accf-9f4542114dd9@group-B5B4EE72DAEF-LeaderElection32] INFO  server.RaftServer$Division (RaftServerImpl.java:setRole(378)) - 25fe7083-9332-4190-accf-9f4542114dd9@group-B5B4EE72DAEF: changes role from CANDIDATE to LEADER at term 2 for changeToLeader
2025-02-19 06:38:12,960 [25fe7083-9332-4190-accf-9f4542114dd9@group-B5B4EE72DAEF-LeaderElection32] INFO  server.RaftServerConfigKeys (ConfUtils.java:logGet(46)) - raft.server.staging.catchup.gap = 1000 (default)
2025-02-19 06:38:12,960 [25fe7083-9332-4190-accf-9f4542114dd9@group-B5B4EE72DAEF-LeaderElection32] INFO  server.RaftServerConfigKeys (ConfUtils.java:logGet(46)) - raft.server.write.element-limit = 1024 (custom)
2025-02-19 06:38:12,960 [25fe7083-9332-4190-accf-9f4542114dd9@group-B5B4EE72DAEF-LeaderElection32] INFO  server.RaftServerConfigKeys (ConfUtils.java:logGet(46)) - raft.server.write.byte-limit = 1024 M (=1073741824) (custom)
2025-02-19 06:38:12,961 [25fe7083-9332-4190-accf-9f4542114dd9@group-B5B4EE72DAEF-LeaderElection32] INFO  server.RaftServerConfigKeys (ConfUtils.java:logGet(46)) - raft.server.watch.timeout = 10000ms (default)
2025-02-19 06:38:12,961 [25fe7083-9332-4190-accf-9f4542114dd9@group-B5B4EE72DAEF-LeaderElection32] INFO  server.RaftServerConfigKeys (ConfUtils.java:logGet(46)) - raft.server.watch.timeout.denomination = 1s (default)
2025-02-19 06:38:12,961 [25fe7083-9332-4190-accf-9f4542114dd9@group-B5B4EE72DAEF-LeaderElection32] INFO  server.RaftServerConfigKeys (ConfUtils.java:logGet(46)) - raft.server.watch.element-limit = 65536 (default)
2025-02-19 06:38:12,961 [25fe7083-9332-4190-accf-9f4542114dd9@group-B5B4EE72DAEF-LeaderElection32] INFO  server.RaftServerConfigKeys (ConfUtils.java:logGet(46)) - raft.server.read.leader.lease.enabled = false (default)
2025-02-19 06:38:12,962 [25fe7083-9332-4190-accf-9f4542114dd9@group-B5B4EE72DAEF-LeaderElection32] INFO  server.RaftServerConfigKeys (ConfUtils.java:logGet(46)) - raft.server.read.leader.lease.timeout.ratio = 0.9 (default)
2025-02-19 06:38:12,962 [25fe7083-9332-4190-accf-9f4542114dd9@group-B5B4EE72DAEF-LeaderElection32] INFO  server.RaftServerConfigKeys (ConfUtils.java:logGet(46)) - raft.server.rpc.timeout.min = 5s (custom)
2025-02-19 06:38:12,962 [25fe7083-9332-4190-accf-9f4542114dd9@group-B5B4EE72DAEF-LeaderElection32] INFO  server.RaftServerConfigKeys (ConfUtils.java:logGet(46)) - raft.server.log.log-metadata.enabled = true (default)
2025-02-19 06:38:12,962 [25fe7083-9332-4190-accf-9f4542114dd9@group-B5B4EE72DAEF-LeaderElection32] INFO  server.RaftServerConfigKeys (ConfUtils.java:logGet(46)) - raft.server.write.element-limit = 1024 (custom)
2025-02-19 06:38:12,962 [25fe7083-9332-4190-accf-9f4542114dd9@group-B5B4EE72DAEF-LeaderElection32] INFO  server.RaftServerConfigKeys (ConfUtils.java:logGet(46)) - raft.server.write.follower.gap.ratio.max = -1.0 (default)
2025-02-19 06:38:12,962 [25fe7083-9332-4190-accf-9f4542114dd9@group-B5B4EE72DAEF-LeaderElection32] INFO  server.RaftServerConfigKeys (ConfUtils.java:logGet(46)) - raft.server.log.appender.snapshot.chunk.size.max = 16MB (=16777216) (default)
2025-02-19 06:38:12,963 [25fe7083-9332-4190-accf-9f4542114dd9@group-B5B4EE72DAEF-LeaderElection32] INFO  server.RaftServerConfigKeys (ConfUtils.java:logGet(46)) - raft.server.log.appender.buffer.byte-limit = 33554432 (custom)
2025-02-19 06:38:12,963 [25fe7083-9332-4190-accf-9f4542114dd9@group-B5B4EE72DAEF-LeaderElection32] INFO  server.RaftServerConfigKeys (ConfUtils.java:logGet(46)) - raft.server.log.appender.buffer.element-limit = 1024 (custom)
2025-02-19 06:38:12,963 [25fe7083-9332-4190-accf-9f4542114dd9@group-B5B4EE72DAEF-LeaderElection32] INFO  server.RaftServerConfigKeys (ConfUtils.java:logGet(46)) - raft.server.log.appender.wait-time.min = 0ms (custom)
2025-02-19 06:38:12,963 [25fe7083-9332-4190-accf-9f4542114dd9@group-B5B4EE72DAEF-LeaderElection32] INFO  grpc.GrpcConfigKeys (ConfUtils.java:logGet(46)) - raft.grpc.server.leader.outstanding.appends.max = 8 (default)
2025-02-19 06:38:12,963 [25fe7083-9332-4190-accf-9f4542114dd9@group-B5B4EE72DAEF-LeaderElection32] INFO  server.RaftServerConfigKeys (ConfUtils.java:logGet(46)) - raft.server.rpc.request.timeout = 3000ms (default)
2025-02-19 06:38:12,963 [25fe7083-9332-4190-accf-9f4542114dd9@group-B5B4EE72DAEF-LeaderElection32] INFO  grpc.GrpcConfigKeys (ConfUtils.java:logGet(46)) - raft.grpc.server.install_snapshot.request.element-limit = 8 (default)
2025-02-19 06:38:12,963 [25fe7083-9332-4190-accf-9f4542114dd9@group-B5B4EE72DAEF-LeaderElection32] INFO  grpc.GrpcConfigKeys (ConfUtils.java:logGet(46)) - raft.grpc.server.install_snapshot.request.timeout = 3000ms (default)
2025-02-19 06:38:12,963 [25fe7083-9332-4190-accf-9f4542114dd9@group-B5B4EE72DAEF-LeaderElection32] INFO  grpc.GrpcConfigKeys (ConfUtils.java:logGet(46)) - raft.grpc.server.log-message.batch.duration = 5s (default)
2025-02-19 06:38:12,963 [25fe7083-9332-4190-accf-9f4542114dd9@group-B5B4EE72DAEF-LeaderElection32] INFO  server.RaftServerConfigKeys (ConfUtils.java:logGet(46)) - raft.server.log.appender.install.snapshot.enabled = false (custom)
2025-02-19 06:38:12,963 [25fe7083-9332-4190-accf-9f4542114dd9@group-B5B4EE72DAEF-LeaderElection32] INFO  grpc.GrpcConfigKeys (ConfUtils.java:logGet(46)) - raft.grpc.server.heartbeat.channel = true (default)
2025-02-19 06:38:12,964 [25fe7083-9332-4190-accf-9f4542114dd9@group-B5B4EE72DAEF-LeaderElection32] INFO  server.RaftServerConfigKeys (ConfUtils.java:logGet(46)) - raft.server.log.appender.snapshot.chunk.size.max = 16MB (=16777216) (default)
2025-02-19 06:38:12,965 [25fe7083-9332-4190-accf-9f4542114dd9@group-B5B4EE72DAEF-LeaderElection32] INFO  server.RaftServerConfigKeys (ConfUtils.java:logGet(46)) - raft.server.log.appender.buffer.byte-limit = 33554432 (custom)
2025-02-19 06:38:12,965 [25fe7083-9332-4190-accf-9f4542114dd9@group-B5B4EE72DAEF-LeaderElection32] INFO  server.RaftServerConfigKeys (ConfUtils.java:logGet(46)) - raft.server.log.appender.buffer.element-limit = 1024 (custom)
2025-02-19 06:38:12,965 [25fe7083-9332-4190-accf-9f4542114dd9@group-B5B4EE72DAEF-LeaderElection32] INFO  server.RaftServerConfigKeys (ConfUtils.java:logGet(46)) - raft.server.log.appender.wait-time.min = 0ms (custom)
2025-02-19 06:38:12,965 [25fe7083-9332-4190-accf-9f4542114dd9@group-B5B4EE72DAEF-LeaderElection32] INFO  grpc.GrpcConfigKeys (ConfUtils.java:logGet(46)) - raft.grpc.server.leader.outstanding.appends.max = 8 (default)
2025-02-19 06:38:12,965 [25fe7083-9332-4190-accf-9f4542114dd9@group-B5B4EE72DAEF-LeaderElection32] INFO  server.RaftServerConfigKeys (ConfUtils.java:logGet(46)) - raft.server.rpc.request.timeout = 3000ms (default)
2025-02-19 06:38:12,965 [25fe7083-9332-4190-accf-9f4542114dd9@group-B5B4EE72DAEF-LeaderElection32] INFO  grpc.GrpcConfigKeys (ConfUtils.java:logGet(46)) - raft.grpc.server.install_snapshot.request.element-limit = 8 (default)
2025-02-19 06:38:12,965 [25fe7083-9332-4190-accf-9f4542114dd9@group-B5B4EE72DAEF-LeaderElection32] INFO  grpc.GrpcConfigKeys (ConfUtils.java:logGet(46)) - raft.grpc.server.install_snapshot.request.timeout = 3000ms (default)
2025-02-19 06:38:12,965 [25fe7083-9332-4190-accf-9f4542114dd9@group-B5B4EE72DAEF-LeaderElection32] INFO  grpc.GrpcConfigKeys (ConfUtils.java:logGet(46)) - raft.grpc.server.log-message.batch.duration = 5s (default)
2025-02-19 06:38:12,965 [25fe7083-9332-4190-accf-9f4542114dd9@group-B5B4EE72DAEF-LeaderElection32] INFO  server.RaftServerConfigKeys (ConfUtils.java:logGet(46)) - raft.server.log.appender.install.snapshot.enabled = false (custom)
2025-02-19 06:38:12,965 [25fe7083-9332-4190-accf-9f4542114dd9@group-B5B4EE72DAEF-LeaderElection32] INFO  grpc.GrpcConfigKeys (ConfUtils.java:logGet(46)) - raft.grpc.server.heartbeat.channel = true (default)
2025-02-19 06:38:12,965 [25fe7083-9332-4190-accf-9f4542114dd9@group-B5B4EE72DAEF-LeaderElection32] INFO  impl.RoleInfo (RoleInfo.java:updateAndGet(148)) - 25fe7083-9332-4190-accf-9f4542114dd9: start 25fe7083-9332-4190-accf-9f4542114dd9@group-B5B4EE72DAEF-LeaderStateImpl
2025-02-19 06:38:12,965 [25fe7083-9332-4190-accf-9f4542114dd9@group-B5B4EE72DAEF-LeaderElection32] INFO  ratis.XceiverServerRatis (XceiverServerRatis.java:handleLeaderChangedNotification(941)) - Leader change notification received for group: group-B5B4EE72DAEF with new leaderId: 25fe7083-9332-4190-accf-9f4542114dd9
2025-02-19 06:38:12,965 [25fe7083-9332-4190-accf-9f4542114dd9@group-B5B4EE72DAEF-LeaderElection32] INFO  server.RaftServer$Division (ServerState.java:setLeader(272)) - 25fe7083-9332-4190-accf-9f4542114dd9@group-B5B4EE72DAEF: change Leader from null to 25fe7083-9332-4190-accf-9f4542114dd9 at term 2 for becomeLeader, leader elected after 14ms
2025-02-19 06:38:12,966 [25fe7083-9332-4190-accf-9f4542114dd9@group-B5B4EE72DAEF-LeaderElection32] INFO  segmented.SegmentedRaftLogWorker (SegmentedRaftLogWorker.java:rollLogSegment(443)) - 25fe7083-9332-4190-accf-9f4542114dd9@group-B5B4EE72DAEF-SegmentedRaftLogWorker: Rolling segment log-0_0 to index:0
2025-02-19 06:38:12,966 [25fe7083-9332-4190-accf-9f4542114dd9@group-B5B4EE72DAEF-LeaderElection32] INFO  server.RaftServer$Division (ServerState.java:setRaftConf(386)) - 25fe7083-9332-4190-accf-9f4542114dd9@group-B5B4EE72DAEF: set configuration conf: {index: 1, cur=peers:[62ffdddc-aaf0-4ce5-9810-4c181ebbf473|127.0.0.1:15016, 6b36f32d-918c-46a3-bfcb-888cb423c6dd|127.0.0.1:15025, 25fe7083-9332-4190-accf-9f4542114dd9|127.0.0.1:15088]|listeners:[], old=null}
2025-02-19 06:38:12,967 [grpc-default-executor-8] WARN  server.GrpcLogAppender (LogUtils.java:warn(121)) - 25fe7083-9332-4190-accf-9f4542114dd9@group-B5B4EE72DAEF->62ffdddc-aaf0-4ce5-9810-4c181ebbf473-AppendLogResponseHandler: Failed appendEntries: org.apache.ratis.thirdparty.io.grpc.StatusRuntimeException: UNAVAILABLE: io exception
2025-02-19 06:38:12,968 [25fe7083-9332-4190-accf-9f4542114dd9@group-B5B4EE72DAEF-SegmentedRaftLogWorker] INFO  segmented.SegmentedRaftLogWorker (SegmentedRaftLogWorker.java:execute(601)) - 25fe7083-9332-4190-accf-9f4542114dd9@group-B5B4EE72DAEF-SegmentedRaftLogWorker: Rolled log segment from /home/runner/work/ozone/ozone/hadoop-ozone/integration-test/target/test-dir/MiniOzoneClusterImpl-3e129c02-f7f1-4d32-bd92-d681932e2c0d/ozone-meta/datanode-9/ratis405f1657-4a4e-48b6-b334-6a40314e1ea7/117721e1-84b0-442b-bd9d-b5b4ee72daef/current/log_inprogress_0 to /home/runner/work/ozone/ozone/hadoop-ozone/integration-test/target/test-dir/MiniOzoneClusterImpl-3e129c02-f7f1-4d32-bd92-d681932e2c0d/ozone-meta/datanode-9/ratis405f1657-4a4e-48b6-b334-6a40314e1ea7/117721e1-84b0-442b-bd9d-b5b4ee72daef/current/log_0-0
2025-02-19 06:38:12,968 [25fe7083-9332-4190-accf-9f4542114dd9@group-B5B4EE72DAEF-SegmentedRaftLogWorker] INFO  segmented.BufferedWriteChannel (BufferedWriteChannel.java:open(61)) - open log_inprogress_1 at position 0
2025-02-19 06:38:12,972 [6b36f32d-918c-46a3-bfcb-888cb423c6dd-server-thread1] INFO  ratis.XceiverServerRatis (XceiverServerRatis.java:handleLeaderChangedNotification(941)) - Leader change notification received for group: group-B5B4EE72DAEF with new leaderId: 25fe7083-9332-4190-accf-9f4542114dd9
2025-02-19 06:38:12,972 [6b36f32d-918c-46a3-bfcb-888cb423c6dd-server-thread1] INFO  server.RaftServer$Division (ServerState.java:setLeader(272)) - 6b36f32d-918c-46a3-bfcb-888cb423c6dd@group-B5B4EE72DAEF: change Leader from null to 25fe7083-9332-4190-accf-9f4542114dd9 at term 2 for appendEntries, leader elected after 14ms
2025-02-19 06:38:12,973 [grpc-default-executor-8] WARN  server.GrpcLogAppender (GrpcLogAppender.java:lambda$resetClient$1(221)) - 25fe7083-9332-4190-accf-9f4542114dd9@group-B5B4EE72DAEF->62ffdddc-aaf0-4ce5-9810-4c181ebbf473-GrpcLogAppender: Follower failed (request=null, errorCount=3); keep nextIndex (2) unchanged and retry.
2025-02-19 06:38:12,975 [6b36f32d-918c-46a3-bfcb-888cb423c6dd-server-thread1] INFO  server.RaftServer$Division (ServerState.java:setRaftConf(386)) - 6b36f32d-918c-46a3-bfcb-888cb423c6dd@group-B5B4EE72DAEF: set configuration conf: {index: 1, cur=peers:[62ffdddc-aaf0-4ce5-9810-4c181ebbf473|127.0.0.1:15016, 6b36f32d-918c-46a3-bfcb-888cb423c6dd|127.0.0.1:15025, 25fe7083-9332-4190-accf-9f4542114dd9|127.0.0.1:15088]|listeners:[], old=null}
2025-02-19 06:38:12,975 [6b36f32d-918c-46a3-bfcb-888cb423c6dd-server-thread1] INFO  segmented.SegmentedRaftLogWorker (SegmentedRaftLogWorker.java:rollLogSegment(443)) - 6b36f32d-918c-46a3-bfcb-888cb423c6dd@group-B5B4EE72DAEF-SegmentedRaftLogWorker: Rolling segment log-0_0 to index:0
2025-02-19 06:38:12,977 [6b36f32d-918c-46a3-bfcb-888cb423c6dd@group-B5B4EE72DAEF-SegmentedRaftLogWorker] INFO  segmented.SegmentedRaftLogWorker (SegmentedRaftLogWorker.java:execute(601)) - 6b36f32d-918c-46a3-bfcb-888cb423c6dd@group-B5B4EE72DAEF-SegmentedRaftLogWorker: Rolled log segment from /home/runner/work/ozone/ozone/hadoop-ozone/integration-test/target/test-dir/MiniOzoneClusterImpl-3e129c02-f7f1-4d32-bd92-d681932e2c0d/ozone-meta/datanode-2/ratis/117721e1-84b0-442b-bd9d-b5b4ee72daef/current/log_inprogress_0 to /home/runner/work/ozone/ozone/hadoop-ozone/integration-test/target/test-dir/MiniOzoneClusterImpl-3e129c02-f7f1-4d32-bd92-d681932e2c0d/ozone-meta/datanode-2/ratis/117721e1-84b0-442b-bd9d-b5b4ee72daef/current/log_0-0
2025-02-19 06:38:12,977 [6b36f32d-918c-46a3-bfcb-888cb423c6dd@group-B5B4EE72DAEF-SegmentedRaftLogWorker] INFO  segmented.BufferedWriteChannel (BufferedWriteChannel.java:open(61)) - open log_inprogress_1 at position 0
2025-02-19 06:38:12,978 [25fe7083-9332-4190-accf-9f4542114dd9@group-B5B4EE72DAEF-SegmentedRaftLogWorker] INFO  segmented.SegmentedRaftLogWorker (SegmentedRaftLogWorker.java:execute(644)) - 25fe7083-9332-4190-accf-9f4542114dd9@group-B5B4EE72DAEF-SegmentedRaftLogWorker: created new log segment /home/runner/work/ozone/ozone/hadoop-ozone/integration-test/target/test-dir/MiniOzoneClusterImpl-3e129c02-f7f1-4d32-bd92-d681932e2c0d/ozone-meta/datanode-9/ratis405f1657-4a4e-48b6-b334-6a40314e1ea7/117721e1-84b0-442b-bd9d-b5b4ee72daef/current/log_inprogress_1
2025-02-19 06:38:12,986 [6b36f32d-918c-46a3-bfcb-888cb423c6dd@group-B5B4EE72DAEF-SegmentedRaftLogWorker] INFO  segmented.SegmentedRaftLogWorker (SegmentedRaftLogWorker.java:execute(644)) - 6b36f32d-918c-46a3-bfcb-888cb423c6dd@group-B5B4EE72DAEF-SegmentedRaftLogWorker: created new log segment /home/runner/work/ozone/ozone/hadoop-ozone/integration-test/target/test-dir/MiniOzoneClusterImpl-3e129c02-f7f1-4d32-bd92-d681932e2c0d/ozone-meta/datanode-2/ratis/117721e1-84b0-442b-bd9d-b5b4ee72daef/current/log_inprogress_1
2025-02-19 06:38:12,987 [grpc-default-executor-8] WARN  server.GrpcLogAppender (GrpcLogAppender.java:lambda$resetClient$1(221)) - 25fe7083-9332-4190-accf-9f4542114dd9@group-B5B4EE72DAEF->62ffdddc-aaf0-4ce5-9810-4c181ebbf473-GrpcLogAppender: Follower failed (request=null, errorCount=5); keep nextIndex (3) unchanged and retry.
2025-02-19 06:38:12,989 [25fe7083-9332-4190-accf-9f4542114dd9@group-B5B4EE72DAEF-StateMachineUpdater] INFO  server.RaftServer$Division (LeaderStateImpl.java:checkStartIndex(313)) - Leader 25fe7083-9332-4190-accf-9f4542114dd9@group-B5B4EE72DAEF-LeaderStateImpl is ready since appliedIndex == startIndex == 1
2025-02-19 06:38:12,989 [25fe7083-9332-4190-accf-9f4542114dd9@group-B5B4EE72DAEF-StateMachineUpdater] INFO  ratis.ContainerStateMachine (ContainerStateMachine.java:takeSnapshot(376)) - group-B5B4EE72DAEF: Taking a snapshot at:(t:2, i:1) file /home/runner/work/ozone/ozone/hadoop-ozone/integration-test/target/test-dir/MiniOzoneClusterImpl-3e129c02-f7f1-4d32-bd92-d681932e2c0d/ozone-meta/datanode-9/ratis405f1657-4a4e-48b6-b334-6a40314e1ea7/117721e1-84b0-442b-bd9d-b5b4ee72daef/sm/snapshot.2_1
2025-02-19 06:38:12,990 [25fe7083-9332-4190-accf-9f4542114dd9@group-B5B4EE72DAEF-StateMachineUpdater] INFO  ratis.ContainerStateMachine (ContainerStateMachine.java:takeSnapshot(387)) - group-B5B4EE72DAEF: Finished taking a snapshot at:(t:2, i:1) file:/home/runner/work/ozone/ozone/hadoop-ozone/integration-test/target/test-dir/MiniOzoneClusterImpl-3e129c02-f7f1-4d32-bd92-d681932e2c0d/ozone-meta/datanode-9/ratis405f1657-4a4e-48b6-b334-6a40314e1ea7/117721e1-84b0-442b-bd9d-b5b4ee72daef/sm/snapshot.2_1 took: 0 ms
2025-02-19 06:38:12,990 [25fe7083-9332-4190-accf-9f4542114dd9@group-B5B4EE72DAEF-StateMachineUpdater] INFO  impl.StateMachineUpdater (StateMachineUpdater.java:takeSnapshot(303)) - 25fe7083-9332-4190-accf-9f4542114dd9@group-B5B4EE72DAEF-StateMachineUpdater: Took a snapshot at index 1
2025-02-19 06:38:12,990 [25fe7083-9332-4190-accf-9f4542114dd9@group-B5B4EE72DAEF-StateMachineUpdater] INFO  impl.StateMachineUpdater (StateMachineUpdater.java:lambda$new$0(102)) - 25fe7083-9332-4190-accf-9f4542114dd9@group-B5B4EE72DAEF-StateMachineUpdater: snapshotIndex: updateIncreasingly 0 -> 1
2025-02-19 06:38:12,991 [25fe7083-9332-4190-accf-9f4542114dd9@group-B5B4EE72DAEF-StateMachineUpdater] INFO  ratis.ContainerStateMachine (ContainerStateMachine.java:takeSnapshot(376)) - group-B5B4EE72DAEF: Taking a snapshot at:(t:2, i:2) file /home/runner/work/ozone/ozone/hadoop-ozone/integration-test/target/test-dir/MiniOzoneClusterImpl-3e129c02-f7f1-4d32-bd92-d681932e2c0d/ozone-meta/datanode-9/ratis405f1657-4a4e-48b6-b334-6a40314e1ea7/117721e1-84b0-442b-bd9d-b5b4ee72daef/sm/snapshot.2_2
2025-02-19 06:38:12,990 [6b36f32d-918c-46a3-bfcb-888cb423c6dd@group-B5B4EE72DAEF-StateMachineUpdater] INFO  ratis.ContainerStateMachine (ContainerStateMachine.java:takeSnapshot(376)) - group-B5B4EE72DAEF: Taking a snapshot at:(t:2, i:1) file /home/runner/work/ozone/ozone/hadoop-ozone/integration-test/target/test-dir/MiniOzoneClusterImpl-3e129c02-f7f1-4d32-bd92-d681932e2c0d/ozone-meta/datanode-2/ratis/117721e1-84b0-442b-bd9d-b5b4ee72daef/sm/snapshot.2_1
2025-02-19 06:38:12,991 [25fe7083-9332-4190-accf-9f4542114dd9@group-B5B4EE72DAEF-StateMachineUpdater] INFO  ratis.ContainerStateMachine (ContainerStateMachine.java:takeSnapshot(387)) - group-B5B4EE72DAEF: Finished taking a snapshot at:(t:2, i:2) file:/home/runner/work/ozone/ozone/hadoop-ozone/integration-test/target/test-dir/MiniOzoneClusterImpl-3e129c02-f7f1-4d32-bd92-d681932e2c0d/ozone-meta/datanode-9/ratis405f1657-4a4e-48b6-b334-6a40314e1ea7/117721e1-84b0-442b-bd9d-b5b4ee72daef/sm/snapshot.2_2 took: 0 ms
2025-02-19 06:38:12,991 [25fe7083-9332-4190-accf-9f4542114dd9@group-B5B4EE72DAEF-StateMachineUpdater] INFO  impl.StateMachineUpdater (StateMachineUpdater.java:takeSnapshot(303)) - 25fe7083-9332-4190-accf-9f4542114dd9@group-B5B4EE72DAEF-StateMachineUpdater: Took a snapshot at index 2
2025-02-19 06:38:12,991 [25fe7083-9332-4190-accf-9f4542114dd9@group-B5B4EE72DAEF-StateMachineUpdater] INFO  impl.StateMachineUpdater (StateMachineUpdater.java:lambda$new$0(102)) - 25fe7083-9332-4190-accf-9f4542114dd9@group-B5B4EE72DAEF-StateMachineUpdater: snapshotIndex: updateIncreasingly 1 -> 2
2025-02-19 06:38:12,992 [6b36f32d-918c-46a3-bfcb-888cb423c6dd@group-B5B4EE72DAEF-StateMachineUpdater] INFO  ratis.ContainerStateMachine (ContainerStateMachine.java:takeSnapshot(387)) - group-B5B4EE72DAEF: Finished taking a snapshot at:(t:2, i:1) file:/home/runner/work/ozone/ozone/hadoop-ozone/integration-test/target/test-dir/MiniOzoneClusterImpl-3e129c02-f7f1-4d32-bd92-d681932e2c0d/ozone-meta/datanode-2/ratis/117721e1-84b0-442b-bd9d-b5b4ee72daef/sm/snapshot.2_1 took: 1 ms
2025-02-19 06:38:12,992 [6b36f32d-918c-46a3-bfcb-888cb423c6dd@group-B5B4EE72DAEF-StateMachineUpdater] INFO  impl.StateMachineUpdater (StateMachineUpdater.java:takeSnapshot(303)) - 6b36f32d-918c-46a3-bfcb-888cb423c6dd@group-B5B4EE72DAEF-StateMachineUpdater: Took a snapshot at index 1
2025-02-19 06:38:12,992 [6b36f32d-918c-46a3-bfcb-888cb423c6dd@group-B5B4EE72DAEF-StateMachineUpdater] INFO  impl.StateMachineUpdater (StateMachineUpdater.java:lambda$new$0(102)) - 6b36f32d-918c-46a3-bfcb-888cb423c6dd@group-B5B4EE72DAEF-StateMachineUpdater: snapshotIndex: updateIncreasingly 0 -> 1
2025-02-19 06:38:13,030 [main] INFO  handler.ContextHandler (ContextHandler.java:doStart(921)) - Started o.e.j.w.WebAppContext@352a4317{hddsDatanode,/,file:///home/runner/work/ozone/ozone/hadoop-ozone/integration-test/target/test-dir/MiniOzoneClusterImpl-3e129c02-f7f1-4d32-bd92-d681932e2c0d/ozone-meta/datanode-1/meta/webserver/jetty-0_0_0_0-15011-hdds-container-service-2_0_0-SNAPSHOT_jar-_-any-518610915499266738/webapp/,AVAILABLE}{jar:file:/home/runner/work/ozone/ozone/hadoop-hdds/container-service/target/hdds-container-service-2.0.0-SNAPSHOT.jar!/webapps/hddsDatanode}
2025-02-19 06:38:13,031 [main] INFO  server.AbstractConnector (AbstractConnector.java:doStart(333)) - Started ServerConnector@31733839{HTTP/1.1, (http/1.1)}{0.0.0.0:15011}
2025-02-19 06:38:13,031 [main] INFO  server.Server (Server.java:doStart(415)) - Started @146868ms
2025-02-19 06:38:13,031 [main] WARN  impl.MetricsSystemImpl (MetricsSystemImpl.java:register(279)) - Sink prometheus already exists!
2025-02-19 06:38:13,031 [main] INFO  http.BaseHttpServer (BaseHttpServer.java:updateConnectorAddress(361)) - HTTP server of hddsDatanode listening at http://0.0.0.0:15011
2025-02-19 06:38:13,032 [main] INFO  ipc.CallQueueManager (CallQueueManager.java:<init>(93)) - Using callQueue: class java.util.concurrent.LinkedBlockingQueue, queueCapacity: 1000, scheduler: class org.apache.hadoop.ipc.DefaultRpcScheduler, ipcBackoff: false, ipcFailOver: false.
2025-02-19 06:38:13,032 [main] INFO  ipc.Server (Server.java:<init>(1438)) - Listener at 0.0.0.0:15012
2025-02-19 06:38:13,032 [Socket Reader #1 for port 15012] INFO  ipc.Server (Server.java:run(1474)) - Starting Socket Reader #1 for port 15012
2025-02-19 06:38:13,033 [Socket Reader #2 for port 15012] INFO  ipc.Server (Server.java:run(1474)) - Starting Socket Reader #2 for port 15012
2025-02-19 06:38:13,033 [Socket Reader #3 for port 15012] INFO  ipc.Server (Server.java:run(1474)) - Starting Socket Reader #3 for port 15012
2025-02-19 06:38:13,033 [Socket Reader #4 for port 15012] INFO  ipc.Server (Server.java:run(1474)) - Starting Socket Reader #4 for port 15012
2025-02-19 06:38:13,033 [Socket Reader #5 for port 15012] INFO  ipc.Server (Server.java:run(1474)) - Starting Socket Reader #5 for port 15012
2025-02-19 06:38:13,034 [Socket Reader #6 for port 15012] INFO  ipc.Server (Server.java:run(1474)) - Starting Socket Reader #6 for port 15012
2025-02-19 06:38:13,034 [Socket Reader #7 for port 15012] INFO  ipc.Server (Server.java:run(1474)) - Starting Socket Reader #7 for port 15012
2025-02-19 06:38:13,034 [Socket Reader #8 for port 15012] INFO  ipc.Server (Server.java:run(1474)) - Starting Socket Reader #8 for port 15012
2025-02-19 06:38:13,034 [Socket Reader #9 for port 15012] INFO  ipc.Server (Server.java:run(1474)) - Starting Socket Reader #9 for port 15012
2025-02-19 06:38:13,034 [Socket Reader #10 for port 15012] INFO  ipc.Server (Server.java:run(1474)) - Starting Socket Reader #10 for port 15012
2025-02-19 06:38:13,036 [main] INFO  ozone.HddsDatanodeService (HddsDatanodeService.java:start(333)) - Datanode start with admins: [runner]
2025-02-19 06:38:13,036 [main] INFO  ozone.HddsDatanodeClientProtocolServer (HddsDatanodeClientProtocolServer.java:start(77)) - RPC server for Client /0.0.0.0:15012
2025-02-19 06:38:13,036 [IPC Server Responder] INFO  ipc.Server (Server.java:run(1713)) - IPC Server Responder: starting
2025-02-19 06:38:13,036 [IPC Server listener on 15012] INFO  ipc.Server (Server.java:run(1553)) - IPC Server listener on 15012: starting
2025-02-19 06:38:13,040 [49dd84ae-7ec9-4d92-bc53-345946144fea-DatanodeStateMachineDaemonThread] INFO  statemachine.DatanodeStateMachine (DatanodeStateMachine.java:startStateMachineThread(336)) - Ozone container server started.
2025-02-19 06:38:13,042 [49dd84ae-7ec9-4d92-bc53-345946144fea-DatanodeStateMachineTaskThread-0] INFO  datanode.InitDatanodeState (InitDatanodeState.java:persistContainerDatanodeDetails(139)) - DatanodeDetails is persisted to /home/runner/work/ozone/ozone/hadoop-ozone/integration-test/target/test-dir/MiniOzoneClusterImpl-3e129c02-f7f1-4d32-bd92-d681932e2c0d/ozone-meta/datanode-1/meta/datanode.id
2025-02-19 06:38:13,046 [grpc-default-executor-8] WARN  server.GrpcLogAppender (GrpcLogAppender.java:lambda$resetClient$1(221)) - eb965ba7-12a8-46f3-92c0-bc6ff5b3bf3b@group-81341F4E2824->62ffdddc-aaf0-4ce5-9810-4c181ebbf473-GrpcLogAppender: Follower failed (request=null, errorCount=44); keep nextIndex (6) unchanged and retry.
2025-02-19 06:38:13,046 [eb965ba7-12a8-46f3-92c0-bc6ff5b3bf3b@group-81341F4E2824-StateMachineUpdater] INFO  ratis.ContainerStateMachine (ContainerStateMachine.java:takeSnapshot(376)) - group-81341F4E2824: Taking a snapshot at:(t:1, i:5) file /home/runner/work/ozone/ozone/hadoop-ozone/integration-test/target/test-dir/MiniOzoneClusterImpl-3e129c02-f7f1-4d32-bd92-d681932e2c0d/ozone-meta/datanode-3/ratis/e1fc892c-095b-4650-8f0f-81341f4e2824/sm/snapshot.1_5
2025-02-19 06:38:13,048 [grpc-default-executor-2] WARN  server.GrpcLogAppender (GrpcLogAppender.java:lambda$resetClient$1(221)) - eb965ba7-12a8-46f3-92c0-bc6ff5b3bf3b@group-81341F4E2824->62ffdddc-aaf0-4ce5-9810-4c181ebbf473-GrpcLogAppender: Follower failed (request=null, errorCount=46); keep nextIndex (9) unchanged and retry.
2025-02-19 06:38:13,049 [eb965ba7-12a8-46f3-92c0-bc6ff5b3bf3b@group-81341F4E2824-StateMachineUpdater] INFO  ratis.ContainerStateMachine (ContainerStateMachine.java:takeSnapshot(387)) - group-81341F4E2824: Finished taking a snapshot at:(t:1, i:5) file:/home/runner/work/ozone/ozone/hadoop-ozone/integration-test/target/test-dir/MiniOzoneClusterImpl-3e129c02-f7f1-4d32-bd92-d681932e2c0d/ozone-meta/datanode-3/ratis/e1fc892c-095b-4650-8f0f-81341f4e2824/sm/snapshot.1_5 took: 2 ms
2025-02-19 06:38:13,049 [eb965ba7-12a8-46f3-92c0-bc6ff5b3bf3b@group-81341F4E2824-StateMachineUpdater] INFO  impl.StateMachineUpdater (StateMachineUpdater.java:takeSnapshot(303)) - eb965ba7-12a8-46f3-92c0-bc6ff5b3bf3b@group-81341F4E2824-StateMachineUpdater: Took a snapshot at index 5
2025-02-19 06:38:13,049 [eb965ba7-12a8-46f3-92c0-bc6ff5b3bf3b@group-81341F4E2824-StateMachineUpdater] INFO  impl.StateMachineUpdater (StateMachineUpdater.java:lambda$new$0(102)) - eb965ba7-12a8-46f3-92c0-bc6ff5b3bf3b@group-81341F4E2824-StateMachineUpdater: snapshotIndex: updateIncreasingly 1 -> 5
2025-02-19 06:38:13,051 [6b36f32d-918c-46a3-bfcb-888cb423c6dd@group-81341F4E2824-StateMachineUpdater] INFO  ratis.ContainerStateMachine (ContainerStateMachine.java:takeSnapshot(376)) - group-81341F4E2824: Taking a snapshot at:(t:1, i:6) file /home/runner/work/ozone/ozone/hadoop-ozone/integration-test/target/test-dir/MiniOzoneClusterImpl-3e129c02-f7f1-4d32-bd92-d681932e2c0d/ozone-meta/datanode-2/ratis/e1fc892c-095b-4650-8f0f-81341f4e2824/sm/snapshot.1_6
2025-02-19 06:38:13,052 [6b36f32d-918c-46a3-bfcb-888cb423c6dd@group-81341F4E2824-StateMachineUpdater] INFO  ratis.ContainerStateMachine (ContainerStateMachine.java:takeSnapshot(387)) - group-81341F4E2824: Finished taking a snapshot at:(t:1, i:6) file:/home/runner/work/ozone/ozone/hadoop-ozone/integration-test/target/test-dir/MiniOzoneClusterImpl-3e129c02-f7f1-4d32-bd92-d681932e2c0d/ozone-meta/datanode-2/ratis/e1fc892c-095b-4650-8f0f-81341f4e2824/sm/snapshot.1_6 took: 1 ms
2025-02-19 06:38:13,052 [6b36f32d-918c-46a3-bfcb-888cb423c6dd@group-81341F4E2824-StateMachineUpdater] INFO  impl.StateMachineUpdater (StateMachineUpdater.java:takeSnapshot(303)) - 6b36f32d-918c-46a3-bfcb-888cb423c6dd@group-81341F4E2824-StateMachineUpdater: Took a snapshot at index 6
2025-02-19 06:38:13,052 [6b36f32d-918c-46a3-bfcb-888cb423c6dd@group-81341F4E2824-StateMachineUpdater] INFO  impl.StateMachineUpdater (StateMachineUpdater.java:lambda$new$0(102)) - 6b36f32d-918c-46a3-bfcb-888cb423c6dd@group-81341F4E2824-StateMachineUpdater: snapshotIndex: updateIncreasingly 4 -> 6
2025-02-19 06:38:14,057 [6b36f32d-918c-46a3-bfcb-888cb423c6dd@group-81341F4E2824-StateMachineUpdater] INFO  ratis.ContainerStateMachine (ContainerStateMachine.java:takeSnapshot(376)) - group-81341F4E2824: Taking a snapshot at:(t:1, i:8) file /home/runner/work/ozone/ozone/hadoop-ozone/integration-test/target/test-dir/MiniOzoneClusterImpl-3e129c02-f7f1-4d32-bd92-d681932e2c0d/ozone-meta/datanode-2/ratis/e1fc892c-095b-4650-8f0f-81341f4e2824/sm/snapshot.1_8
2025-02-19 06:38:14,057 [grpc-default-executor-2] WARN  server.GrpcLogAppender (GrpcLogAppender.java:lambda$resetClient$1(221)) - eb965ba7-12a8-46f3-92c0-bc6ff5b3bf3b@group-81341F4E2824->62ffdddc-aaf0-4ce5-9810-4c181ebbf473-GrpcLogAppender: Follower failed (request=null, errorCount=50); keep nextIndex (11) unchanged and retry.
2025-02-19 06:38:14,059 [6b36f32d-918c-46a3-bfcb-888cb423c6dd@group-81341F4E2824-StateMachineUpdater] INFO  ratis.ContainerStateMachine (ContainerStateMachine.java:takeSnapshot(387)) - group-81341F4E2824: Finished taking a snapshot at:(t:1, i:8) file:/home/runner/work/ozone/ozone/hadoop-ozone/integration-test/target/test-dir/MiniOzoneClusterImpl-3e129c02-f7f1-4d32-bd92-d681932e2c0d/ozone-meta/datanode-2/ratis/e1fc892c-095b-4650-8f0f-81341f4e2824/sm/snapshot.1_8 took: 2 ms
2025-02-19 06:38:14,059 [6b36f32d-918c-46a3-bfcb-888cb423c6dd@group-81341F4E2824-StateMachineUpdater] INFO  impl.StateMachineUpdater (StateMachineUpdater.java:takeSnapshot(303)) - 6b36f32d-918c-46a3-bfcb-888cb423c6dd@group-81341F4E2824-StateMachineUpdater: Took a snapshot at index 8
2025-02-19 06:38:14,060 [6b36f32d-918c-46a3-bfcb-888cb423c6dd@group-81341F4E2824-StateMachineUpdater] INFO  impl.StateMachineUpdater (StateMachineUpdater.java:lambda$new$0(102)) - 6b36f32d-918c-46a3-bfcb-888cb423c6dd@group-81341F4E2824-StateMachineUpdater: snapshotIndex: updateIncreasingly 6 -> 8
2025-02-19 06:38:14,060 [eb965ba7-12a8-46f3-92c0-bc6ff5b3bf3b@group-81341F4E2824-StateMachineUpdater] INFO  ratis.ContainerStateMachine (ContainerStateMachine.java:takeSnapshot(376)) - group-81341F4E2824: Taking a snapshot at:(t:1, i:9) file /home/runner/work/ozone/ozone/hadoop-ozone/integration-test/target/test-dir/MiniOzoneClusterImpl-3e129c02-f7f1-4d32-bd92-d681932e2c0d/ozone-meta/datanode-3/ratis/e1fc892c-095b-4650-8f0f-81341f4e2824/sm/snapshot.1_9
2025-02-19 06:38:14,060 [grpc-default-executor-7] WARN  server.GrpcLogAppender (GrpcLogAppender.java:lambda$resetClient$1(221)) - eb965ba7-12a8-46f3-92c0-bc6ff5b3bf3b@group-81341F4E2824->62ffdddc-aaf0-4ce5-9810-4c181ebbf473-GrpcLogAppender: Follower failed (request=null, errorCount=52); keep nextIndex (13) unchanged and retry.
2025-02-19 06:38:14,061 [eb965ba7-12a8-46f3-92c0-bc6ff5b3bf3b@group-81341F4E2824-StateMachineUpdater] INFO  ratis.ContainerStateMachine (ContainerStateMachine.java:takeSnapshot(387)) - group-81341F4E2824: Finished taking a snapshot at:(t:1, i:9) file:/home/runner/work/ozone/ozone/hadoop-ozone/integration-test/target/test-dir/MiniOzoneClusterImpl-3e129c02-f7f1-4d32-bd92-d681932e2c0d/ozone-meta/datanode-3/ratis/e1fc892c-095b-4650-8f0f-81341f4e2824/sm/snapshot.1_9 took: 1 ms
2025-02-19 06:38:14,061 [eb965ba7-12a8-46f3-92c0-bc6ff5b3bf3b@group-81341F4E2824-StateMachineUpdater] INFO  impl.StateMachineUpdater (StateMachineUpdater.java:takeSnapshot(303)) - eb965ba7-12a8-46f3-92c0-bc6ff5b3bf3b@group-81341F4E2824-StateMachineUpdater: Took a snapshot at index 9
2025-02-19 06:38:14,061 [eb965ba7-12a8-46f3-92c0-bc6ff5b3bf3b@group-81341F4E2824-StateMachineUpdater] INFO  impl.StateMachineUpdater (StateMachineUpdater.java:lambda$new$0(102)) - eb965ba7-12a8-46f3-92c0-bc6ff5b3bf3b@group-81341F4E2824-StateMachineUpdater: snapshotIndex: updateIncreasingly 5 -> 9
2025-02-19 06:38:14,061 [eb965ba7-12a8-46f3-92c0-bc6ff5b3bf3b@group-81341F4E2824-StateMachineUpdater] INFO  ratis.ContainerStateMachine (ContainerStateMachine.java:takeSnapshot(376)) - group-81341F4E2824: Taking a snapshot at:(t:1, i:12) file /home/runner/work/ozone/ozone/hadoop-ozone/integration-test/target/test-dir/MiniOzoneClusterImpl-3e129c02-f7f1-4d32-bd92-d681932e2c0d/ozone-meta/datanode-3/ratis/e1fc892c-095b-4650-8f0f-81341f4e2824/sm/snapshot.1_12
2025-02-19 06:38:14,062 [eb965ba7-12a8-46f3-92c0-bc6ff5b3bf3b@group-81341F4E2824-StateMachineUpdater] INFO  ratis.ContainerStateMachine (ContainerStateMachine.java:takeSnapshot(387)) - group-81341F4E2824: Finished taking a snapshot at:(t:1, i:12) file:/home/runner/work/ozone/ozone/hadoop-ozone/integration-test/target/test-dir/MiniOzoneClusterImpl-3e129c02-f7f1-4d32-bd92-d681932e2c0d/ozone-meta/datanode-3/ratis/e1fc892c-095b-4650-8f0f-81341f4e2824/sm/snapshot.1_12 took: 1 ms
2025-02-19 06:38:14,062 [eb965ba7-12a8-46f3-92c0-bc6ff5b3bf3b@group-81341F4E2824-StateMachineUpdater] INFO  impl.StateMachineUpdater (StateMachineUpdater.java:takeSnapshot(303)) - eb965ba7-12a8-46f3-92c0-bc6ff5b3bf3b@group-81341F4E2824-StateMachineUpdater: Took a snapshot at index 12
2025-02-19 06:38:14,063 [eb965ba7-12a8-46f3-92c0-bc6ff5b3bf3b@group-81341F4E2824-StateMachineUpdater] INFO  impl.StateMachineUpdater (StateMachineUpdater.java:lambda$new$0(102)) - eb965ba7-12a8-46f3-92c0-bc6ff5b3bf3b@group-81341F4E2824-StateMachineUpdater: snapshotIndex: updateIncreasingly 9 -> 12
2025-02-19 06:38:14,990 [timer3] WARN  server.GrpcLogAppender (LogUtils.java:warn(121)) - eb965ba7-12a8-46f3-92c0-bc6ff5b3bf3b@group-81341F4E2824->62ffdddc-aaf0-4ce5-9810-4c181ebbf473-AppendLogResponseHandler: Failed appendEntries (Repeated 16 times in the last 5.000s): org.apache.ratis.thirdparty.io.grpc.StatusRuntimeException: UNAVAILABLE: io exception
2025-02-19 06:38:14,990 [timer4] WARN  server.GrpcLogAppender (GrpcLogAppender.java:lambda$resetClient$1(221)) - 25fe7083-9332-4190-accf-9f4542114dd9@group-B5B4EE72DAEF->62ffdddc-aaf0-4ce5-9810-4c181ebbf473-GrpcLogAppender: Follower failed (request=null, errorCount=2); keep nextIndex (1) unchanged and retry. (Repeated 8 times in the last 5.000s)
2025-02-19 06:38:15,065 [grpc-default-executor-8] WARN  server.GrpcLogAppender (LogUtils.java:warn(121)) - eb965ba7-12a8-46f3-92c0-bc6ff5b3bf3b@group-81341F4E2824->62ffdddc-aaf0-4ce5-9810-4c181ebbf473-AppendLogResponseHandler: Failed appendEntries: org.apache.ratis.thirdparty.io.grpc.StatusRuntimeException: UNAVAILABLE: io exception
2025-02-19 06:38:15,066 [6b36f32d-918c-46a3-bfcb-888cb423c6dd@group-81341F4E2824-StateMachineUpdater] INFO  ratis.ContainerStateMachine (ContainerStateMachine.java:takeSnapshot(376)) - group-81341F4E2824: Taking a snapshot at:(t:1, i:12) file /home/runner/work/ozone/ozone/hadoop-ozone/integration-test/target/test-dir/MiniOzoneClusterImpl-3e129c02-f7f1-4d32-bd92-d681932e2c0d/ozone-meta/datanode-2/ratis/e1fc892c-095b-4650-8f0f-81341f4e2824/sm/snapshot.1_12
2025-02-19 06:38:15,067 [6b36f32d-918c-46a3-bfcb-888cb423c6dd@group-81341F4E2824-StateMachineUpdater] INFO  ratis.ContainerStateMachine (ContainerStateMachine.java:takeSnapshot(387)) - group-81341F4E2824: Finished taking a snapshot at:(t:1, i:12) file:/home/runner/work/ozone/ozone/hadoop-ozone/integration-test/target/test-dir/MiniOzoneClusterImpl-3e129c02-f7f1-4d32-bd92-d681932e2c0d/ozone-meta/datanode-2/ratis/e1fc892c-095b-4650-8f0f-81341f4e2824/sm/snapshot.1_12 took: 1 ms
2025-02-19 06:38:15,067 [6b36f32d-918c-46a3-bfcb-888cb423c6dd@group-81341F4E2824-StateMachineUpdater] INFO  impl.SimpleStateMachineStorage (SimpleStateMachineStorage.java:lambda$cleanupOldSnapshots$1(126)) - Deleting old snapshot at /home/runner/work/ozone/ozone/hadoop-ozone/integration-test/target/test-dir/MiniOzoneClusterImpl-3e129c02-f7f1-4d32-bd92-d681932e2c0d/ozone-meta/datanode-2/ratis/e1fc892c-095b-4650-8f0f-81341f4e2824/sm/snapshot.1_0
2025-02-19 06:38:15,067 [6b36f32d-918c-46a3-bfcb-888cb423c6dd@group-81341F4E2824-StateMachineUpdater] INFO  impl.StateMachineUpdater (StateMachineUpdater.java:takeSnapshot(303)) - 6b36f32d-918c-46a3-bfcb-888cb423c6dd@group-81341F4E2824-StateMachineUpdater: Took a snapshot at index 12
2025-02-19 06:38:15,067 [6b36f32d-918c-46a3-bfcb-888cb423c6dd@group-81341F4E2824-StateMachineUpdater] INFO  impl.StateMachineUpdater (StateMachineUpdater.java:lambda$new$0(102)) - 6b36f32d-918c-46a3-bfcb-888cb423c6dd@group-81341F4E2824-StateMachineUpdater: snapshotIndex: updateIncreasingly 8 -> 12
2025-02-19 06:38:15,068 [grpc-default-executor-4] WARN  server.GrpcLogAppender (GrpcLogAppender.java:lambda$resetClient$1(221)) - eb965ba7-12a8-46f3-92c0-bc6ff5b3bf3b@group-81341F4E2824->62ffdddc-aaf0-4ce5-9810-4c181ebbf473-GrpcLogAppender: Follower failed (request=null, errorCount=54); keep nextIndex (14) unchanged and retry.
2025-02-19 06:38:15,071 [eb965ba7-12a8-46f3-92c0-bc6ff5b3bf3b@group-81341F4E2824-StateMachineUpdater] INFO  ratis.ContainerStateMachine (ContainerStateMachine.java:takeSnapshot(376)) - group-81341F4E2824: Taking a snapshot at:(t:1, i:13) file /home/runner/work/ozone/ozone/hadoop-ozone/integration-test/target/test-dir/MiniOzoneClusterImpl-3e129c02-f7f1-4d32-bd92-d681932e2c0d/ozone-meta/datanode-3/ratis/e1fc892c-095b-4650-8f0f-81341f4e2824/sm/snapshot.1_13
2025-02-19 06:38:15,072 [eb965ba7-12a8-46f3-92c0-bc6ff5b3bf3b@group-81341F4E2824-StateMachineUpdater] INFO  ratis.ContainerStateMachine (ContainerStateMachine.java:takeSnapshot(387)) - group-81341F4E2824: Finished taking a snapshot at:(t:1, i:13) file:/home/runner/work/ozone/ozone/hadoop-ozone/integration-test/target/test-dir/MiniOzoneClusterImpl-3e129c02-f7f1-4d32-bd92-d681932e2c0d/ozone-meta/datanode-3/ratis/e1fc892c-095b-4650-8f0f-81341f4e2824/sm/snapshot.1_13 took: 1 ms
2025-02-19 06:38:15,072 [eb965ba7-12a8-46f3-92c0-bc6ff5b3bf3b@group-81341F4E2824-StateMachineUpdater] INFO  impl.SimpleStateMachineStorage (SimpleStateMachineStorage.java:lambda$cleanupOldSnapshots$1(126)) - Deleting old snapshot at /home/runner/work/ozone/ozone/hadoop-ozone/integration-test/target/test-dir/MiniOzoneClusterImpl-3e129c02-f7f1-4d32-bd92-d681932e2c0d/ozone-meta/datanode-3/ratis/e1fc892c-095b-4650-8f0f-81341f4e2824/sm/snapshot.1_0
2025-02-19 06:38:15,073 [eb965ba7-12a8-46f3-92c0-bc6ff5b3bf3b@group-81341F4E2824-StateMachineUpdater] INFO  impl.StateMachineUpdater (StateMachineUpdater.java:takeSnapshot(303)) - eb965ba7-12a8-46f3-92c0-bc6ff5b3bf3b@group-81341F4E2824-StateMachineUpdater: Took a snapshot at index 13
2025-02-19 06:38:15,073 [eb965ba7-12a8-46f3-92c0-bc6ff5b3bf3b@group-81341F4E2824-StateMachineUpdater] INFO  impl.StateMachineUpdater (StateMachineUpdater.java:lambda$new$0(102)) - eb965ba7-12a8-46f3-92c0-bc6ff5b3bf3b@group-81341F4E2824-StateMachineUpdater: snapshotIndex: updateIncreasingly 12 -> 13
2025-02-19 06:38:15,073 [eb965ba7-12a8-46f3-92c0-bc6ff5b3bf3b@group-81341F4E2824-StateMachineUpdater] INFO  ratis.ContainerStateMachine (ContainerStateMachine.java:takeSnapshot(376)) - group-81341F4E2824: Taking a snapshot at:(t:1, i:16) file /home/runner/work/ozone/ozone/hadoop-ozone/integration-test/target/test-dir/MiniOzoneClusterImpl-3e129c02-f7f1-4d32-bd92-d681932e2c0d/ozone-meta/datanode-3/ratis/e1fc892c-095b-4650-8f0f-81341f4e2824/sm/snapshot.1_16
2025-02-19 06:38:15,072 [grpc-default-executor-4] WARN  server.GrpcLogAppender (GrpcLogAppender.java:lambda$resetClient$1(221)) - eb965ba7-12a8-46f3-92c0-bc6ff5b3bf3b@group-81341F4E2824->62ffdddc-aaf0-4ce5-9810-4c181ebbf473-GrpcLogAppender: Follower failed (request=null, errorCount=56); keep nextIndex (17) unchanged and retry.
2025-02-19 06:38:15,074 [6b36f32d-918c-46a3-bfcb-888cb423c6dd@group-81341F4E2824-StateMachineUpdater] INFO  ratis.ContainerStateMachine (ContainerStateMachine.java:takeSnapshot(376)) - group-81341F4E2824: Taking a snapshot at:(t:1, i:13) file /home/runner/work/ozone/ozone/hadoop-ozone/integration-test/target/test-dir/MiniOzoneClusterImpl-3e129c02-f7f1-4d32-bd92-d681932e2c0d/ozone-meta/datanode-2/ratis/e1fc892c-095b-4650-8f0f-81341f4e2824/sm/snapshot.1_13
2025-02-19 06:38:15,075 [eb965ba7-12a8-46f3-92c0-bc6ff5b3bf3b@group-81341F4E2824-StateMachineUpdater] INFO  ratis.ContainerStateMachine (ContainerStateMachine.java:takeSnapshot(387)) - group-81341F4E2824: Finished taking a snapshot at:(t:1, i:16) file:/home/runner/work/ozone/ozone/hadoop-ozone/integration-test/target/test-dir/MiniOzoneClusterImpl-3e129c02-f7f1-4d32-bd92-d681932e2c0d/ozone-meta/datanode-3/ratis/e1fc892c-095b-4650-8f0f-81341f4e2824/sm/snapshot.1_16 took: 2 ms
2025-02-19 06:38:15,075 [eb965ba7-12a8-46f3-92c0-bc6ff5b3bf3b@group-81341F4E2824-StateMachineUpdater] INFO  impl.SimpleStateMachineStorage (SimpleStateMachineStorage.java:lambda$cleanupOldSnapshots$1(126)) - Deleting old snapshot at /home/runner/work/ozone/ozone/hadoop-ozone/integration-test/target/test-dir/MiniOzoneClusterImpl-3e129c02-f7f1-4d32-bd92-d681932e2c0d/ozone-meta/datanode-3/ratis/e1fc892c-095b-4650-8f0f-81341f4e2824/sm/snapshot.1_1
2025-02-19 06:38:15,075 [6b36f32d-918c-46a3-bfcb-888cb423c6dd@group-81341F4E2824-StateMachineUpdater] INFO  ratis.ContainerStateMachine (ContainerStateMachine.java:takeSnapshot(387)) - group-81341F4E2824: Finished taking a snapshot at:(t:1, i:13) file:/home/runner/work/ozone/ozone/hadoop-ozone/integration-test/target/test-dir/MiniOzoneClusterImpl-3e129c02-f7f1-4d32-bd92-d681932e2c0d/ozone-meta/datanode-2/ratis/e1fc892c-095b-4650-8f0f-81341f4e2824/sm/snapshot.1_13 took: 1 ms
2025-02-19 06:38:15,075 [eb965ba7-12a8-46f3-92c0-bc6ff5b3bf3b@group-81341F4E2824-StateMachineUpdater] INFO  impl.StateMachineUpdater (StateMachineUpdater.java:takeSnapshot(303)) - eb965ba7-12a8-46f3-92c0-bc6ff5b3bf3b@group-81341F4E2824-StateMachineUpdater: Took a snapshot at index 16
2025-02-19 06:38:15,075 [6b36f32d-918c-46a3-bfcb-888cb423c6dd@group-81341F4E2824-StateMachineUpdater] INFO  impl.SimpleStateMachineStorage (SimpleStateMachineStorage.java:lambda$cleanupOldSnapshots$1(126)) - Deleting old snapshot at /home/runner/work/ozone/ozone/hadoop-ozone/integration-test/target/test-dir/MiniOzoneClusterImpl-3e129c02-f7f1-4d32-bd92-d681932e2c0d/ozone-meta/datanode-2/ratis/e1fc892c-095b-4650-8f0f-81341f4e2824/sm/snapshot.1_1
2025-02-19 06:38:15,075 [eb965ba7-12a8-46f3-92c0-bc6ff5b3bf3b@group-81341F4E2824-StateMachineUpdater] INFO  impl.StateMachineUpdater (StateMachineUpdater.java:lambda$new$0(102)) - eb965ba7-12a8-46f3-92c0-bc6ff5b3bf3b@group-81341F4E2824-StateMachineUpdater: snapshotIndex: updateIncreasingly 13 -> 16
2025-02-19 06:38:15,076 [6b36f32d-918c-46a3-bfcb-888cb423c6dd@group-81341F4E2824-StateMachineUpdater] INFO  impl.StateMachineUpdater (StateMachineUpdater.java:takeSnapshot(303)) - 6b36f32d-918c-46a3-bfcb-888cb423c6dd@group-81341F4E2824-StateMachineUpdater: Took a snapshot at index 13
2025-02-19 06:38:15,076 [6b36f32d-918c-46a3-bfcb-888cb423c6dd@group-81341F4E2824-StateMachineUpdater] INFO  impl.StateMachineUpdater (StateMachineUpdater.java:lambda$new$0(102)) - 6b36f32d-918c-46a3-bfcb-888cb423c6dd@group-81341F4E2824-StateMachineUpdater: snapshotIndex: updateIncreasingly 12 -> 13
2025-02-19 06:38:15,080 [49dd84ae-7ec9-4d92-bc53-345946144fea-EndpointStateMachineTaskThread-/0.0.0.0:15002-0 ] INFO  utils.DatanodeStoreCache (DatanodeStoreCache.java:addDB(71)) - Added db /home/runner/work/ozone/ozone/hadoop-ozone/integration-test/target/test-dir/MiniOzoneClusterImpl-3e129c02-f7f1-4d32-bd92-d681932e2c0d/ozone-meta/datanode-1/data-0/hdds/3e129c02-f7f1-4d32-bd92-d681932e2c0d/DS-606ea835-ca24-4ea6-93d3-6c00b55ad1bd/container.db to cache
2025-02-19 06:38:15,080 [49dd84ae-7ec9-4d92-bc53-345946144fea-EndpointStateMachineTaskThread-/0.0.0.0:15002-0 ] INFO  volume.HddsVolume (HddsVolume.java:createDbStore(445)) - SchemaV3 db is created and loaded at /home/runner/work/ozone/ozone/hadoop-ozone/integration-test/target/test-dir/MiniOzoneClusterImpl-3e129c02-f7f1-4d32-bd92-d681932e2c0d/ozone-meta/datanode-1/data-0/hdds/3e129c02-f7f1-4d32-bd92-d681932e2c0d/DS-606ea835-ca24-4ea6-93d3-6c00b55ad1bd/container.db for volume DS-606ea835-ca24-4ea6-93d3-6c00b55ad1bd
2025-02-19 06:38:15,082 [49dd84ae-7ec9-4d92-bc53-345946144fea-ContainerReader-0] INFO  ozoneimpl.ContainerReader (ContainerReader.java:readVolume(144)) - Start to verify containers on volume /home/runner/work/ozone/ozone/hadoop-ozone/integration-test/target/test-dir/MiniOzoneClusterImpl-3e129c02-f7f1-4d32-bd92-d681932e2c0d/ozone-meta/datanode-1/data-0/hdds
2025-02-19 06:38:15,082 [49dd84ae-7ec9-4d92-bc53-345946144fea-ContainerReader-0] INFO  ozoneimpl.ContainerReader (ContainerReader.java:readVolume(174)) - Finish verifying containers on volume /home/runner/work/ozone/ozone/hadoop-ozone/integration-test/target/test-dir/MiniOzoneClusterImpl-3e129c02-f7f1-4d32-bd92-d681932e2c0d/ozone-meta/datanode-1/data-0/hdds
2025-02-19 06:38:15,083 [49dd84ae-7ec9-4d92-bc53-345946144fea-EndpointStateMachineTaskThread-/0.0.0.0:15002-0 ] WARN  impl.ContainerSet (ContainerSet.java:lambda$buildMissingContainerSetAndValidate$2(488)) - Adding container 2 to missing container set.
2025-02-19 06:38:15,083 [49dd84ae-7ec9-4d92-bc53-345946144fea-EndpointStateMachineTaskThread-/0.0.0.0:15002-0 ] WARN  impl.ContainerSet (ContainerSet.java:lambda$buildMissingContainerSetAndValidate$2(488)) - Adding container 5 to missing container set.
2025-02-19 06:38:15,083 [49dd84ae-7ec9-4d92-bc53-345946144fea-EndpointStateMachineTaskThread-/0.0.0.0:15002-0 ] INFO  ozoneimpl.OzoneContainer (OzoneContainer.java:buildContainerSet(357)) - Build ContainerSet costs 0s
2025-02-19 06:38:15,083 [49dd84ae-7ec9-4d92-bc53-345946144fea-EndpointStateMachineTaskThread-/0.0.0.0:15002-0 ] INFO  volume.ThrottledAsyncChecker (ThrottledAsyncChecker.java:schedule(138)) - Scheduling a check for /home/runner/work/ozone/ozone/hadoop-ozone/integration-test/target/test-dir/MiniOzoneClusterImpl-3e129c02-f7f1-4d32-bd92-d681932e2c0d/ozone-meta/datanode-1/data-0/hdds
2025-02-19 06:38:15,084 [49dd84ae-7ec9-4d92-bc53-345946144fea-EndpointStateMachineTaskThread-/0.0.0.0:15002-0 ] INFO  volume.StorageVolumeChecker (StorageVolumeChecker.java:checkAllVolumes(215)) - Scheduled health check for volume /home/runner/work/ozone/ozone/hadoop-ozone/integration-test/target/test-dir/MiniOzoneClusterImpl-3e129c02-f7f1-4d32-bd92-d681932e2c0d/ozone-meta/datanode-1/data-0/hdds
2025-02-19 06:38:15,085 [49dd84ae-7ec9-4d92-bc53-345946144fea-EndpointStateMachineTaskThread-/0.0.0.0:15002-0 ] INFO  volume.ThrottledAsyncChecker (ThrottledAsyncChecker.java:schedule(138)) - Scheduling a check for /home/runner/work/ozone/ozone/hadoop-ozone/integration-test/target/test-dir/MiniOzoneClusterImpl-3e129c02-f7f1-4d32-bd92-d681932e2c0d/ozone-meta/datanode-1/ratise7641bee-ff94-4353-808e-f526ce6eb8f2
2025-02-19 06:38:15,085 [49dd84ae-7ec9-4d92-bc53-345946144fea-EndpointStateMachineTaskThread-/0.0.0.0:15002-0 ] INFO  volume.StorageVolumeChecker (StorageVolumeChecker.java:checkAllVolumes(215)) - Scheduled health check for volume /home/runner/work/ozone/ozone/hadoop-ozone/integration-test/target/test-dir/MiniOzoneClusterImpl-3e129c02-f7f1-4d32-bd92-d681932e2c0d/ozone-meta/datanode-1/ratise7641bee-ff94-4353-808e-f526ce6eb8f2
2025-02-19 06:38:15,085 [49dd84ae-7ec9-4d92-bc53-345946144fea-EndpointStateMachineTaskThread-/0.0.0.0:15002-0 ] INFO  ozoneimpl.OzoneContainer (OzoneContainer.java:start(500)) - Attempting to start container services.
2025-02-19 06:38:15,086 [ContainerMetadataScanner] INFO  ozoneimpl.AbstractBackgroundContainerScanner (AbstractBackgroundContainerScanner.java:runIteration(84)) - Completed an iteration in 0 minutes. Number of iterations (since the data-node restart) : 1, Number of containers scanned in this iteration : 0, Number of unhealthy containers found in this iteration : 0
2025-02-19 06:38:15,086 [ContainerDataScanner(/home/runner/work/ozone/ozone/hadoop-ozone/integration-test/target/test-dir/MiniOzoneClusterImpl-3e129c02-f7f1-4d32-bd92-d681932e2c0d/ozone-meta/datanode-1/data-0/hdds)] INFO  ozoneimpl.AbstractBackgroundContainerScanner (AbstractBackgroundContainerScanner.java:runIteration(84)) - Completed an iteration in 0 minutes. Number of iterations (since the data-node restart) : 1, Number of containers scanned in this iteration : 0, Number of unhealthy containers found in this iteration : 0
2025-02-19 06:38:15,087 [49dd84ae-7ec9-4d92-bc53-345946144fea-EndpointStateMachineTaskThread-/0.0.0.0:15002-0 ] INFO  replication.ReplicationServer (ReplicationServer.java:start(137)) - ReplicationServer is started using port 15018
2025-02-19 06:38:15,087 [49dd84ae-7ec9-4d92-bc53-345946144fea-EndpointStateMachineTaskThread-/0.0.0.0:15002-0 ] INFO  ratis.XceiverServerRatis (XceiverServerRatis.java:start(558)) - Starting XceiverServerRatis(49dd84ae-7ec9-4d92-bc53-345946144fea)
2025-02-19 06:38:15,088 [49dd84ae-7ec9-4d92-bc53-345946144fea-impl-thread1] INFO  server.RaftServerConfigKeys (ConfUtils.java:logGet(46)) - raft.server.storage.free-space.min = 0MB (=0) (default)
2025-02-19 06:38:15,088 [49dd84ae-7ec9-4d92-bc53-345946144fea-impl-thread1] INFO  server.RaftServerConfigKeys (ConfUtils.java:logGet(46)) - raft.server.log.corruption.policy = EXCEPTION (default)
2025-02-19 06:38:15,088 [49dd84ae-7ec9-4d92-bc53-345946144fea-impl-thread2] INFO  server.RaftServerConfigKeys (ConfUtils.java:logGet(46)) - raft.server.storage.free-space.min = 0MB (=0) (default)
2025-02-19 06:38:15,088 [49dd84ae-7ec9-4d92-bc53-345946144fea-impl-thread2] INFO  server.RaftServerConfigKeys (ConfUtils.java:logGet(46)) - raft.server.log.corruption.policy = EXCEPTION (default)
2025-02-19 06:38:15,088 [49dd84ae-7ec9-4d92-bc53-345946144fea-impl-thread2] INFO  server.RaftServerConfigKeys (ConfUtils.java:logGet(46)) - raft.server.storage.dir = [/home/runner/work/ozone/ozone/hadoop-ozone/integration-test/target/test-dir/MiniOzoneClusterImpl-3e129c02-f7f1-4d32-bd92-d681932e2c0d/ozone-meta/datanode-1/ratise7641bee-ff94-4353-808e-f526ce6eb8f2] (custom)
2025-02-19 06:38:15,088 [49dd84ae-7ec9-4d92-bc53-345946144fea-impl-thread1] INFO  server.RaftServerConfigKeys (ConfUtils.java:logGet(46)) - raft.server.storage.dir = [/home/runner/work/ozone/ozone/hadoop-ozone/integration-test/target/test-dir/MiniOzoneClusterImpl-3e129c02-f7f1-4d32-bd92-d681932e2c0d/ozone-meta/datanode-1/ratise7641bee-ff94-4353-808e-f526ce6eb8f2] (custom)
2025-02-19 06:38:15,089 [49dd84ae-7ec9-4d92-bc53-345946144fea-impl-thread2] INFO  storage.RaftStorageDirectory (RaftStorageDirectoryImpl.java:tryLock(229)) - Lock on /home/runner/work/ozone/ozone/hadoop-ozone/integration-test/target/test-dir/MiniOzoneClusterImpl-3e129c02-f7f1-4d32-bd92-d681932e2c0d/ozone-meta/datanode-1/ratise7641bee-ff94-4353-808e-f526ce6eb8f2/117721e1-84b0-442b-bd9d-b5b4ee72daef/in_use.lock acquired by nodename 45211@fv-az1758-115
2025-02-19 06:38:15,089 [49dd84ae-7ec9-4d92-bc53-345946144fea-impl-thread1] INFO  storage.RaftStorageDirectory (RaftStorageDirectoryImpl.java:tryLock(229)) - Lock on /home/runner/work/ozone/ozone/hadoop-ozone/integration-test/target/test-dir/MiniOzoneClusterImpl-3e129c02-f7f1-4d32-bd92-d681932e2c0d/ozone-meta/datanode-1/ratise7641bee-ff94-4353-808e-f526ce6eb8f2/f1258f91-374d-44ac-9d89-7bef1d680e9b/in_use.lock acquired by nodename 45211@fv-az1758-115
2025-02-19 06:38:15,089 [49dd84ae-7ec9-4d92-bc53-345946144fea-impl-thread2] INFO  storage.RaftStorage (RaftStorageImpl.java:analyzeAndRecoverStorage(118)) - Read RaftStorageMetadata{term=1, votedFor=62ffdddc-aaf0-4ce5-9810-4c181ebbf473} from /home/runner/work/ozone/ozone/hadoop-ozone/integration-test/target/test-dir/MiniOzoneClusterImpl-3e129c02-f7f1-4d32-bd92-d681932e2c0d/ozone-meta/datanode-1/ratise7641bee-ff94-4353-808e-f526ce6eb8f2/117721e1-84b0-442b-bd9d-b5b4ee72daef/current/raft-meta
2025-02-19 06:38:15,089 [49dd84ae-7ec9-4d92-bc53-345946144fea-impl-thread1] INFO  storage.RaftStorage (RaftStorageImpl.java:analyzeAndRecoverStorage(118)) - Read RaftStorageMetadata{term=1, votedFor=62ffdddc-aaf0-4ce5-9810-4c181ebbf473} from /home/runner/work/ozone/ozone/hadoop-ozone/integration-test/target/test-dir/MiniOzoneClusterImpl-3e129c02-f7f1-4d32-bd92-d681932e2c0d/ozone-meta/datanode-1/ratise7641bee-ff94-4353-808e-f526ce6eb8f2/f1258f91-374d-44ac-9d89-7bef1d680e9b/current/raft-meta
2025-02-19 06:38:15,089 [49dd84ae-7ec9-4d92-bc53-345946144fea-impl-thread2] INFO  server.RaftServer$Division (ServerState.java:setRaftConf(386)) - 49dd84ae-7ec9-4d92-bc53-345946144fea@group-B5B4EE72DAEF: set configuration conf: {index: 0, cur=peers:[62ffdddc-aaf0-4ce5-9810-4c181ebbf473|127.0.0.1:15016, 6b36f32d-918c-46a3-bfcb-888cb423c6dd|127.0.0.1:15025, 25fe7083-9332-4190-accf-9f4542114dd9|127.0.0.1:15088]|listeners:[], old=null}
2025-02-19 06:38:15,090 [49dd84ae-7ec9-4d92-bc53-345946144fea-impl-thread2] INFO  ratis.ContainerStateMachine (ContainerStateMachine.java:initialize(300)) - 49dd84ae-7ec9-4d92-bc53-345946144fea: initialize group-B5B4EE72DAEF
2025-02-19 06:38:15,090 [49dd84ae-7ec9-4d92-bc53-345946144fea-impl-thread2] INFO  ratis.ContainerStateMachine (ContainerStateMachine.java:loadSnapshot(317)) - group-B5B4EE72DAEF: Setting the last applied index to (t:1, i:0)
2025-02-19 06:38:15,090 [49dd84ae-7ec9-4d92-bc53-345946144fea-impl-thread2] INFO  server.RaftServerConfigKeys (ConfUtils.java:logGet(46)) - raft.server.log.use.memory = false (default)
2025-02-19 06:38:15,090 [49dd84ae-7ec9-4d92-bc53-345946144fea-impl-thread2] INFO  server.RaftServerConfigKeys (ConfUtils.java:logGet(46)) - raft.server.log.purge.gap = 1000000 (custom)
2025-02-19 06:38:15,090 [49dd84ae-7ec9-4d92-bc53-345946144fea-impl-thread2] INFO  server.RaftServerConfigKeys (ConfUtils.java:logGet(46)) - raft.server.log.appender.buffer.byte-limit = 33554432 (custom)
2025-02-19 06:38:15,090 [49dd84ae-7ec9-4d92-bc53-345946144fea-impl-thread2] INFO  server.RaftServerConfigKeys (ConfUtils.java:logGet(46)) - raft.server.log.statemachine.data.read.timeout = 1000ms (default)
2025-02-19 06:38:15,090 [49dd84ae-7ec9-4d92-bc53-345946144fea-impl-thread2] INFO  server.RaftServerConfigKeys (ConfUtils.java:logGet(46)) - raft.server.log.purge.preservation.log.num = 0 (default)
2025-02-19 06:38:15,091 [49dd84ae-7ec9-4d92-bc53-345946144fea-impl-thread1] INFO  server.RaftServer$Division (ServerState.java:setRaftConf(386)) - 49dd84ae-7ec9-4d92-bc53-345946144fea@group-7BEF1D680E9B: set configuration conf: {index: 0, cur=peers:[62ffdddc-aaf0-4ce5-9810-4c181ebbf473|127.0.0.1:15016]|listeners:[], old=null}
2025-02-19 06:38:15,091 [49dd84ae-7ec9-4d92-bc53-345946144fea-impl-thread1] INFO  ratis.ContainerStateMachine (ContainerStateMachine.java:initialize(300)) - 49dd84ae-7ec9-4d92-bc53-345946144fea: initialize group-7BEF1D680E9B
2025-02-19 06:38:15,091 [49dd84ae-7ec9-4d92-bc53-345946144fea-impl-thread1] INFO  ratis.ContainerStateMachine (ContainerStateMachine.java:loadSnapshot(317)) - group-7BEF1D680E9B: Setting the last applied index to (t:1, i:0)
2025-02-19 06:38:15,091 [49dd84ae-7ec9-4d92-bc53-345946144fea-impl-thread1] INFO  server.RaftServerConfigKeys (ConfUtils.java:logGet(46)) - raft.server.log.use.memory = false (default)
2025-02-19 06:38:15,091 [49dd84ae-7ec9-4d92-bc53-345946144fea-impl-thread1] INFO  server.RaftServerConfigKeys (ConfUtils.java:logGet(46)) - raft.server.log.purge.gap = 1000000 (custom)
2025-02-19 06:38:15,091 [49dd84ae-7ec9-4d92-bc53-345946144fea-impl-thread1] INFO  server.RaftServerConfigKeys (ConfUtils.java:logGet(46)) - raft.server.log.appender.buffer.byte-limit = 33554432 (custom)
2025-02-19 06:38:15,091 [49dd84ae-7ec9-4d92-bc53-345946144fea-impl-thread1] INFO  server.RaftServerConfigKeys (ConfUtils.java:logGet(46)) - raft.server.log.statemachine.data.read.timeout = 1000ms (default)
2025-02-19 06:38:15,091 [49dd84ae-7ec9-4d92-bc53-345946144fea-impl-thread1] INFO  server.RaftServerConfigKeys (ConfUtils.java:logGet(46)) - raft.server.log.purge.preservation.log.num = 0 (default)
2025-02-19 06:38:15,101 [49dd84ae-7ec9-4d92-bc53-345946144fea-impl-thread2] INFO  server.RaftServerConfigKeys (ConfUtils.java:logGet(46)) - raft.server.log.segment.size.max = 67108864 (custom)
2025-02-19 06:38:15,102 [49dd84ae-7ec9-4d92-bc53-345946144fea-impl-thread2] INFO  server.RaftServerConfigKeys (ConfUtils.java:logGet(46)) - raft.server.log.segment.cache.num.max = 2 (custom)
2025-02-19 06:38:15,102 [49dd84ae-7ec9-4d92-bc53-345946144fea-impl-thread2] INFO  server.RaftServerConfigKeys (ConfUtils.java:logGet(46)) - raft.server.log.segment.cache.size.max = 200MB (=209715200) (default)
2025-02-19 06:38:15,103 [49dd84ae-7ec9-4d92-bc53-345946144fea-impl-thread2] INFO  server.RaftServerConfigKeys (ConfUtils.java:logGet(46)) - raft.server.log.appender.buffer.byte-limit = 33554432 (custom)
2025-02-19 06:38:15,103 [49dd84ae-7ec9-4d92-bc53-345946144fea-impl-thread1] INFO  server.RaftServerConfigKeys (ConfUtils.java:logGet(46)) - raft.server.log.segment.size.max = 67108864 (custom)
2025-02-19 06:38:15,103 [49dd84ae-7ec9-4d92-bc53-345946144fea-impl-thread2] INFO  util.AwaitToRun (AwaitToRun.java:start(81)) - Thread[#2317,49dd84ae-7ec9-4d92-bc53-345946144fea@group-B5B4EE72DAEF-cacheEviction-AwaitToRun,5,main] started
2025-02-19 06:38:15,103 [49dd84ae-7ec9-4d92-bc53-345946144fea-impl-thread1] INFO  server.RaftServerConfigKeys (ConfUtils.java:logGet(46)) - raft.server.log.segment.cache.num.max = 2 (custom)
2025-02-19 06:38:15,103 [49dd84ae-7ec9-4d92-bc53-345946144fea-impl-thread1] INFO  server.RaftServerConfigKeys (ConfUtils.java:logGet(46)) - raft.server.log.segment.cache.size.max = 200MB (=209715200) (default)
2025-02-19 06:38:15,103 [49dd84ae-7ec9-4d92-bc53-345946144fea-impl-thread1] INFO  server.RaftServerConfigKeys (ConfUtils.java:logGet(46)) - raft.server.log.appender.buffer.byte-limit = 33554432 (custom)
2025-02-19 06:38:15,103 [49dd84ae-7ec9-4d92-bc53-345946144fea-impl-thread2] INFO  segmented.SegmentedRaftLogWorker (SegmentedRaftLogWorker.java:<init>(188)) - new 49dd84ae-7ec9-4d92-bc53-345946144fea@group-B5B4EE72DAEF-SegmentedRaftLogWorker for RaftStorageImpl:Storage Directory /home/runner/work/ozone/ozone/hadoop-ozone/integration-test/target/test-dir/MiniOzoneClusterImpl-3e129c02-f7f1-4d32-bd92-d681932e2c0d/ozone-meta/datanode-1/ratise7641bee-ff94-4353-808e-f526ce6eb8f2/117721e1-84b0-442b-bd9d-b5b4ee72daef
2025-02-19 06:38:15,103 [49dd84ae-7ec9-4d92-bc53-345946144fea-impl-thread2] INFO  server.RaftServerConfigKeys (ConfUtils.java:logGet(46)) - raft.server.log.queue.byte-limit = 4294967296 (custom)
2025-02-19 06:38:15,103 [49dd84ae-7ec9-4d92-bc53-345946144fea-impl-thread2] INFO  server.RaftServerConfigKeys (ConfUtils.java:logGet(46)) - raft.server.log.queue.element-limit = 1024 (custom)
2025-02-19 06:38:15,103 [49dd84ae-7ec9-4d92-bc53-345946144fea-impl-thread2] INFO  server.RaftServerConfigKeys (ConfUtils.java:logGet(46)) - raft.server.log.segment.size.max = 67108864 (custom)
2025-02-19 06:38:15,103 [49dd84ae-7ec9-4d92-bc53-345946144fea-impl-thread2] INFO  server.RaftServerConfigKeys (ConfUtils.java:logGet(46)) - raft.server.log.preallocated.size = 4194304 (custom)
2025-02-19 06:38:15,103 [49dd84ae-7ec9-4d92-bc53-345946144fea-impl-thread2] INFO  server.RaftServerConfigKeys (ConfUtils.java:logGet(46)) - raft.server.log.force.sync.num = 128 (default)
2025-02-19 06:38:15,104 [49dd84ae-7ec9-4d92-bc53-345946144fea-impl-thread2] INFO  server.RaftServerConfigKeys (ConfUtils.java:logGet(46)) - raft.server.log.statemachine.data.sync = true (default)
2025-02-19 06:38:15,104 [49dd84ae-7ec9-4d92-bc53-345946144fea-impl-thread2] INFO  server.RaftServerConfigKeys (ConfUtils.java:logGet(46)) - raft.server.log.statemachine.data.sync.timeout = 10s (default)
2025-02-19 06:38:15,104 [49dd84ae-7ec9-4d92-bc53-345946144fea-impl-thread2] INFO  server.RaftServerConfigKeys (ConfUtils.java:logGet(46)) - raft.server.log.statemachine.data.sync.timeout.retry = 30 (custom)
2025-02-19 06:38:15,104 [49dd84ae-7ec9-4d92-bc53-345946144fea-impl-thread2] INFO  server.RaftServerConfigKeys (ConfUtils.java:logGet(46)) - raft.server.log.write.buffer.size = 33554440 (custom)
2025-02-19 06:38:15,105 [49dd84ae-7ec9-4d92-bc53-345946144fea-impl-thread1] INFO  util.AwaitToRun (AwaitToRun.java:start(81)) - Thread[#2318,49dd84ae-7ec9-4d92-bc53-345946144fea@group-7BEF1D680E9B-cacheEviction-AwaitToRun,5,main] started
2025-02-19 06:38:15,105 [49dd84ae-7ec9-4d92-bc53-345946144fea-impl-thread1] INFO  segmented.SegmentedRaftLogWorker (SegmentedRaftLogWorker.java:<init>(188)) - new 49dd84ae-7ec9-4d92-bc53-345946144fea@group-7BEF1D680E9B-SegmentedRaftLogWorker for RaftStorageImpl:Storage Directory /home/runner/work/ozone/ozone/hadoop-ozone/integration-test/target/test-dir/MiniOzoneClusterImpl-3e129c02-f7f1-4d32-bd92-d681932e2c0d/ozone-meta/datanode-1/ratise7641bee-ff94-4353-808e-f526ce6eb8f2/f1258f91-374d-44ac-9d89-7bef1d680e9b
2025-02-19 06:38:15,105 [49dd84ae-7ec9-4d92-bc53-345946144fea-impl-thread1] INFO  server.RaftServerConfigKeys (ConfUtils.java:logGet(46)) - raft.server.log.queue.byte-limit = 4294967296 (custom)
2025-02-19 06:38:15,105 [49dd84ae-7ec9-4d92-bc53-345946144fea-impl-thread1] INFO  server.RaftServerConfigKeys (ConfUtils.java:logGet(46)) - raft.server.log.queue.element-limit = 1024 (custom)
2025-02-19 06:38:15,105 [49dd84ae-7ec9-4d92-bc53-345946144fea-impl-thread1] INFO  server.RaftServerConfigKeys (ConfUtils.java:logGet(46)) - raft.server.log.segment.size.max = 67108864 (custom)
2025-02-19 06:38:15,105 [49dd84ae-7ec9-4d92-bc53-345946144fea-impl-thread1] INFO  server.RaftServerConfigKeys (ConfUtils.java:logGet(46)) - raft.server.log.preallocated.size = 4194304 (custom)
2025-02-19 06:38:15,105 [49dd84ae-7ec9-4d92-bc53-345946144fea-impl-thread1] INFO  server.RaftServerConfigKeys (ConfUtils.java:logGet(46)) - raft.server.log.force.sync.num = 128 (default)
2025-02-19 06:38:15,105 [49dd84ae-7ec9-4d92-bc53-345946144fea-impl-thread1] INFO  server.RaftServerConfigKeys (ConfUtils.java:logGet(46)) - raft.server.log.statemachine.data.sync = true (default)
2025-02-19 06:38:15,105 [49dd84ae-7ec9-4d92-bc53-345946144fea-impl-thread1] INFO  server.RaftServerConfigKeys (ConfUtils.java:logGet(46)) - raft.server.log.statemachine.data.sync.timeout = 10s (default)
2025-02-19 06:38:15,105 [49dd84ae-7ec9-4d92-bc53-345946144fea-impl-thread1] INFO  server.RaftServerConfigKeys (ConfUtils.java:logGet(46)) - raft.server.log.statemachine.data.sync.timeout.retry = 30 (custom)
2025-02-19 06:38:15,106 [49dd84ae-7ec9-4d92-bc53-345946144fea-impl-thread1] INFO  server.RaftServerConfigKeys (ConfUtils.java:logGet(46)) - raft.server.log.write.buffer.size = 33554440 (custom)
2025-02-19 06:38:15,110 [49dd84ae-7ec9-4d92-bc53-345946144fea-impl-thread2] INFO  server.RaftServerConfigKeys (ConfUtils.java:logGet(46)) - raft.server.log.appender.buffer.byte-limit = 33554432 (custom)
2025-02-19 06:38:15,110 [49dd84ae-7ec9-4d92-bc53-345946144fea-impl-thread2] INFO  server.RaftServerConfigKeys (ConfUtils.java:logGet(46)) - raft.server.log.unsafe-flush.enabled = false (default)
2025-02-19 06:38:15,110 [49dd84ae-7ec9-4d92-bc53-345946144fea-impl-thread2] INFO  server.RaftServerConfigKeys (ConfUtils.java:logGet(46)) - raft.server.log.async-flush.enabled = false (default)
2025-02-19 06:38:15,111 [49dd84ae-7ec9-4d92-bc53-345946144fea-impl-thread2] INFO  server.RaftServerConfigKeys (ConfUtils.java:logGet(46)) - raft.server.log.statemachine.data.caching.enabled = true (custom)
2025-02-19 06:38:15,111 [49dd84ae-7ec9-4d92-bc53-345946144fea-impl-thread1] INFO  server.RaftServerConfigKeys (ConfUtils.java:logGet(46)) - raft.server.log.appender.buffer.byte-limit = 33554432 (custom)
2025-02-19 06:38:15,111 [49dd84ae-7ec9-4d92-bc53-345946144fea-impl-thread1] INFO  server.RaftServerConfigKeys (ConfUtils.java:logGet(46)) - raft.server.log.unsafe-flush.enabled = false (default)
2025-02-19 06:38:15,111 [49dd84ae-7ec9-4d92-bc53-345946144fea-impl-thread1] INFO  server.RaftServerConfigKeys (ConfUtils.java:logGet(46)) - raft.server.log.async-flush.enabled = false (default)
2025-02-19 06:38:15,111 [49dd84ae-7ec9-4d92-bc53-345946144fea-impl-thread2] INFO  server.RaftServer$Division (ServerState.java:setRaftConf(386)) - 49dd84ae-7ec9-4d92-bc53-345946144fea@group-B5B4EE72DAEF: set configuration conf: {index: 0, cur=peers:[62ffdddc-aaf0-4ce5-9810-4c181ebbf473|127.0.0.1:15016, 6b36f32d-918c-46a3-bfcb-888cb423c6dd|127.0.0.1:15025, 25fe7083-9332-4190-accf-9f4542114dd9|127.0.0.1:15088]|listeners:[], old=null}
2025-02-19 06:38:15,112 [49dd84ae-7ec9-4d92-bc53-345946144fea-impl-thread2] INFO  segmented.LogSegment (LogSegment.java:loadSegment(171)) - Successfully read 1 entries from segment file /home/runner/work/ozone/ozone/hadoop-ozone/integration-test/target/test-dir/MiniOzoneClusterImpl-3e129c02-f7f1-4d32-bd92-d681932e2c0d/ozone-meta/datanode-1/ratise7641bee-ff94-4353-808e-f526ce6eb8f2/117721e1-84b0-442b-bd9d-b5b4ee72daef/current/log_inprogress_0
2025-02-19 06:38:15,112 [49dd84ae-7ec9-4d92-bc53-345946144fea-impl-thread2] INFO  segmented.SegmentedRaftLogWorker (SegmentedRaftLogWorker.java:lambda$new$0(139)) - 49dd84ae-7ec9-4d92-bc53-345946144fea@group-B5B4EE72DAEF-SegmentedRaftLogWorker: safeCacheEvictIndex: setUnconditionally 0 -> -1
2025-02-19 06:38:15,112 [49dd84ae-7ec9-4d92-bc53-345946144fea-impl-thread2] INFO  segmented.BufferedWriteChannel (BufferedWriteChannel.java:open(61)) - open log_inprogress_0 (append) at position 351
2025-02-19 06:38:15,112 [49dd84ae-7ec9-4d92-bc53-345946144fea-impl-thread1] INFO  server.RaftServerConfigKeys (ConfUtils.java:logGet(46)) - raft.server.log.statemachine.data.caching.enabled = true (custom)
2025-02-19 06:38:15,112 [49dd84ae-7ec9-4d92-bc53-345946144fea-impl-thread2] INFO  server.RaftServer$Division (RaftServerImpl.java:start(397)) - 49dd84ae-7ec9-4d92-bc53-345946144fea@group-B5B4EE72DAEF: start with initializing state, conf=conf: {index: 0, cur=peers:[62ffdddc-aaf0-4ce5-9810-4c181ebbf473|127.0.0.1:15016, 6b36f32d-918c-46a3-bfcb-888cb423c6dd|127.0.0.1:15025, 25fe7083-9332-4190-accf-9f4542114dd9|127.0.0.1:15088]|listeners:[], old=null}
2025-02-19 06:38:15,113 [49dd84ae-7ec9-4d92-bc53-345946144fea-impl-thread2] INFO  server.RaftServer$Division (RaftServerImpl.java:setRole(378)) - 49dd84ae-7ec9-4d92-bc53-345946144fea@group-B5B4EE72DAEF: changes role from      null to FOLLOWER at term 1 for start
2025-02-19 06:38:15,113 [49dd84ae-7ec9-4d92-bc53-345946144fea-impl-thread2] INFO  util.JmxRegister (JmxRegister.java:tryRegister(44)) - Successfully registered JMX Bean with object name Ratis:service=RaftServer,group=group-B5B4EE72DAEF,id=49dd84ae-7ec9-4d92-bc53-345946144fea
2025-02-19 06:38:15,113 [49dd84ae-7ec9-4d92-bc53-345946144fea-impl-thread2] INFO  util.JmxRegister (JmxRegister.java:register(58)) - register mxBean class org.apache.ratis.server.impl.RaftServerJmxAdapter as Ratis:service=RaftServer,group=group-B5B4EE72DAEF,id=49dd84ae-7ec9-4d92-bc53-345946144fea
2025-02-19 06:38:15,113 [49dd84ae-7ec9-4d92-bc53-345946144fea-impl-thread2] INFO  server.RaftServerConfigKeys (ConfUtils.java:logGet(46)) - raft.server.snapshot.trigger-when-stop.enabled = true (default)
2025-02-19 06:38:15,113 [49dd84ae-7ec9-4d92-bc53-345946144fea-impl-thread2] INFO  server.RaftServerConfigKeys (ConfUtils.java:logGet(46)) - raft.server.snapshot.trigger-when-remove.enabled = true (default)
2025-02-19 06:38:15,113 [49dd84ae-7ec9-4d92-bc53-345946144fea-impl-thread2] INFO  server.RaftServerConfigKeys (ConfUtils.java:logGet(46)) - raft.server.snapshot.auto.trigger.enabled = true (custom)
2025-02-19 06:38:15,113 [49dd84ae-7ec9-4d92-bc53-345946144fea-impl-thread2] INFO  server.RaftServerConfigKeys (ConfUtils.java:logGet(46)) - raft.server.snapshot.auto.trigger.threshold = 1 (custom)
2025-02-19 06:38:15,113 [49dd84ae-7ec9-4d92-bc53-345946144fea-impl-thread2] INFO  server.RaftServerConfigKeys (ConfUtils.java:logGet(46)) - raft.server.snapshot.retention.file.num = 5 (custom)
2025-02-19 06:38:15,113 [49dd84ae-7ec9-4d92-bc53-345946144fea-impl-thread2] INFO  server.RaftServerConfigKeys (ConfUtils.java:logGet(46)) - raft.server.log.purge.upto.snapshot.index = false (default)
2025-02-19 06:38:15,114 [49dd84ae-7ec9-4d92-bc53-345946144fea-impl-thread1] INFO  server.RaftServer$Division (ServerState.java:setRaftConf(386)) - 49dd84ae-7ec9-4d92-bc53-345946144fea@group-7BEF1D680E9B: set configuration conf: {index: 0, cur=peers:[62ffdddc-aaf0-4ce5-9810-4c181ebbf473|127.0.0.1:15016]|listeners:[], old=null}
2025-02-19 06:38:15,114 [49dd84ae-7ec9-4d92-bc53-345946144fea-impl-thread1] INFO  segmented.LogSegment (LogSegment.java:loadSegment(171)) - Successfully read 1 entries from segment file /home/runner/work/ozone/ozone/hadoop-ozone/integration-test/target/test-dir/MiniOzoneClusterImpl-3e129c02-f7f1-4d32-bd92-d681932e2c0d/ozone-meta/datanode-1/ratise7641bee-ff94-4353-808e-f526ce6eb8f2/f1258f91-374d-44ac-9d89-7bef1d680e9b/current/log_inprogress_0
2025-02-19 06:38:15,114 [49dd84ae-7ec9-4d92-bc53-345946144fea-impl-thread2] INFO  server.RaftServer$Division (RaftServerImpl.java:start(405)) - 49dd84ae-7ec9-4d92-bc53-345946144fea@group-B5B4EE72DAEF: Successfully started.
2025-02-19 06:38:15,114 [49dd84ae-7ec9-4d92-bc53-345946144fea-impl-thread1] INFO  segmented.SegmentedRaftLogWorker (SegmentedRaftLogWorker.java:lambda$new$0(139)) - 49dd84ae-7ec9-4d92-bc53-345946144fea@group-7BEF1D680E9B-SegmentedRaftLogWorker: safeCacheEvictIndex: setUnconditionally 0 -> -1
2025-02-19 06:38:15,114 [49dd84ae-7ec9-4d92-bc53-345946144fea-impl-thread1] INFO  segmented.BufferedWriteChannel (BufferedWriteChannel.java:open(61)) - open log_inprogress_0 (append) at position 129
2025-02-19 06:38:15,114 [49dd84ae-7ec9-4d92-bc53-345946144fea-impl-thread1] INFO  server.RaftServer$Division (RaftServerImpl.java:start(397)) - 49dd84ae-7ec9-4d92-bc53-345946144fea@group-7BEF1D680E9B: start with initializing state, conf=conf: {index: 0, cur=peers:[62ffdddc-aaf0-4ce5-9810-4c181ebbf473|127.0.0.1:15016]|listeners:[], old=null}
2025-02-19 06:38:15,115 [49dd84ae-7ec9-4d92-bc53-345946144fea-impl-thread1] INFO  server.RaftServer$Division (RaftServerImpl.java:setRole(378)) - 49dd84ae-7ec9-4d92-bc53-345946144fea@group-7BEF1D680E9B: changes role from      null to FOLLOWER at term 1 for start
2025-02-19 06:38:15,115 [49dd84ae-7ec9-4d92-bc53-345946144fea-impl-thread1] INFO  util.JmxRegister (JmxRegister.java:tryRegister(44)) - Successfully registered JMX Bean with object name Ratis:service=RaftServer,group=group-7BEF1D680E9B,id=49dd84ae-7ec9-4d92-bc53-345946144fea
2025-02-19 06:38:15,115 [49dd84ae-7ec9-4d92-bc53-345946144fea-impl-thread1] INFO  util.JmxRegister (JmxRegister.java:register(58)) - register mxBean class org.apache.ratis.server.impl.RaftServerJmxAdapter as Ratis:service=RaftServer,group=group-7BEF1D680E9B,id=49dd84ae-7ec9-4d92-bc53-345946144fea
2025-02-19 06:38:15,115 [49dd84ae-7ec9-4d92-bc53-345946144fea-impl-thread1] INFO  server.RaftServerConfigKeys (ConfUtils.java:logGet(46)) - raft.server.snapshot.trigger-when-stop.enabled = true (default)
2025-02-19 06:38:15,115 [49dd84ae-7ec9-4d92-bc53-345946144fea-impl-thread1] INFO  server.RaftServerConfigKeys (ConfUtils.java:logGet(46)) - raft.server.snapshot.trigger-when-remove.enabled = true (default)
2025-02-19 06:38:15,115 [49dd84ae-7ec9-4d92-bc53-345946144fea-impl-thread1] INFO  server.RaftServerConfigKeys (ConfUtils.java:logGet(46)) - raft.server.snapshot.auto.trigger.enabled = true (custom)
2025-02-19 06:38:15,115 [49dd84ae-7ec9-4d92-bc53-345946144fea-impl-thread1] INFO  server.RaftServerConfigKeys (ConfUtils.java:logGet(46)) - raft.server.snapshot.auto.trigger.threshold = 1 (custom)
2025-02-19 06:38:15,115 [49dd84ae-7ec9-4d92-bc53-345946144fea-impl-thread1] INFO  server.RaftServerConfigKeys (ConfUtils.java:logGet(46)) - raft.server.snapshot.retention.file.num = 5 (custom)
2025-02-19 06:38:15,115 [49dd84ae-7ec9-4d92-bc53-345946144fea-impl-thread1] INFO  server.RaftServerConfigKeys (ConfUtils.java:logGet(46)) - raft.server.log.purge.upto.snapshot.index = false (default)
2025-02-19 06:38:15,115 [49dd84ae-7ec9-4d92-bc53-345946144fea-impl-thread1] INFO  server.RaftServer$Division (RaftServerImpl.java:start(405)) - 49dd84ae-7ec9-4d92-bc53-345946144fea@group-7BEF1D680E9B: Successfully started.
2025-02-19 06:38:15,116 [49dd84ae-7ec9-4d92-bc53-345946144fea-EndpointStateMachineTaskThread-/0.0.0.0:15002-0 ] INFO  server.RaftServer (RaftServerProxy.java:startImpl(407)) - 49dd84ae-7ec9-4d92-bc53-345946144fea: start RPC server
2025-02-19 06:38:15,116 [49dd84ae-7ec9-4d92-bc53-345946144fea-EndpointStateMachineTaskThread-/0.0.0.0:15002-0 ] INFO  server.GrpcService (GrpcService.java:startImpl(334)) - 49dd84ae-7ec9-4d92-bc53-345946144fea: GrpcService started, listening on 15014
2025-02-19 06:38:15,116 [49dd84ae-7ec9-4d92-bc53-345946144fea-EndpointStateMachineTaskThread-/0.0.0.0:15002-0 ] INFO  server.GrpcService (GrpcService.java:startImpl(334)) - 49dd84ae-7ec9-4d92-bc53-345946144fea: GrpcService started, listening on 15016
2025-02-19 06:38:15,117 [49dd84ae-7ec9-4d92-bc53-345946144fea-EndpointStateMachineTaskThread-/0.0.0.0:15002-0 ] INFO  server.GrpcService (GrpcService.java:startImpl(334)) - 49dd84ae-7ec9-4d92-bc53-345946144fea: GrpcService started, listening on 15015
2025-02-19 06:38:15,117 [49dd84ae-7ec9-4d92-bc53-345946144fea-EndpointStateMachineTaskThread-/0.0.0.0:15002-0 ] INFO  ratis.XceiverServerRatis (XceiverServerRatis.java:getRealPort(585)) - XceiverServerRatis(49dd84ae-7ec9-4d92-bc53-345946144fea) is started using port RATIS=15014
2025-02-19 06:38:15,117 [JvmPauseMonitor15] INFO  util.JvmPauseMonitor (JvmPauseMonitor.java:run(146)) - JvmPauseMonitor-49dd84ae-7ec9-4d92-bc53-345946144fea: Started
2025-02-19 06:38:15,117 [49dd84ae-7ec9-4d92-bc53-345946144fea-EndpointStateMachineTaskThread-/0.0.0.0:15002-0 ] INFO  ratis.XceiverServerRatis (XceiverServerRatis.java:getRealPort(585)) - XceiverServerRatis(49dd84ae-7ec9-4d92-bc53-345946144fea) is started using port RATIS_ADMIN=15015
2025-02-19 06:38:15,117 [49dd84ae-7ec9-4d92-bc53-345946144fea-EndpointStateMachineTaskThread-/0.0.0.0:15002-0 ] INFO  ratis.XceiverServerRatis (XceiverServerRatis.java:getRealPort(585)) - XceiverServerRatis(49dd84ae-7ec9-4d92-bc53-345946144fea) is started using port RATIS_SERVER=15016
2025-02-19 06:38:15,117 [49dd84ae-7ec9-4d92-bc53-345946144fea-EndpointStateMachineTaskThread-/0.0.0.0:15002-0 ] INFO  ratis.XceiverServerRatis (XceiverServerRatis.java:getRealPort(585)) - XceiverServerRatis(49dd84ae-7ec9-4d92-bc53-345946144fea) is started using port RATIS_DATASTREAM=15017
2025-02-19 06:38:15,118 [49dd84ae-7ec9-4d92-bc53-345946144fea-BlockDeletingService#0] INFO  interfaces.ContainerDeletionChoosingPolicyTemplate (ContainerDeletionChoosingPolicyTemplate.java:chooseContainerForBlockDeletion(83)) - Chosen 0/5000 blocks from 0 candidate containers.
2025-02-19 06:38:15,475 [49dd84ae-7ec9-4d92-bc53-345946144fea-server-thread1] INFO  server.RaftServer$Division (RaftServerImpl.java:setFirstElection(562)) - 49dd84ae-7ec9-4d92-bc53-345946144fea@group-B5B4EE72DAEF: set firstElectionSinceStartup to false for appendEntries
2025-02-19 06:38:15,475 [49dd84ae-7ec9-4d92-bc53-345946144fea-server-thread1] INFO  ratis.XceiverServerRatis (XceiverServerRatis.java:handleLeaderChangedNotification(941)) - Leader change notification received for group: group-B5B4EE72DAEF with new leaderId: 25fe7083-9332-4190-accf-9f4542114dd9
2025-02-19 06:38:15,475 [49dd84ae-7ec9-4d92-bc53-345946144fea-server-thread1] INFO  server.RaftServer$Division (ServerState.java:setLeader(272)) - 49dd84ae-7ec9-4d92-bc53-345946144fea@group-B5B4EE72DAEF: change Leader from null to 25fe7083-9332-4190-accf-9f4542114dd9 at term 2 for appendEntries, leader elected after 2595ms
2025-02-19 06:38:15,475 [49dd84ae-7ec9-4d92-bc53-345946144fea-server-thread1] INFO  impl.RoleInfo (RoleInfo.java:updateAndGet(148)) - 49dd84ae-7ec9-4d92-bc53-345946144fea: start 49dd84ae-7ec9-4d92-bc53-345946144fea@group-B5B4EE72DAEF-FollowerState
2025-02-19 06:38:15,475 [49dd84ae-7ec9-4d92-bc53-345946144fea-server-thread1] INFO  server.RaftServer$Division (RaftServerImpl.java:checkInconsistentAppendEntries(1648)) - 49dd84ae-7ec9-4d92-bc53-345946144fea@group-B5B4EE72DAEF: Failed appendEntries as previous log entry ((t:2, i:2)) is not found
2025-02-19 06:38:15,476 [49dd84ae-7ec9-4d92-bc53-345946144fea-server-thread1] INFO  server.RaftServer$Division (RaftServerImpl.java:appendEntriesAsync(1580)) - 49dd84ae-7ec9-4d92-bc53-345946144fea@group-B5B4EE72DAEF: appendEntries* reply 25fe7083-9332-4190-accf-9f4542114dd9<-49dd84ae-7ec9-4d92-bc53-345946144fea#4698:FAIL-t1,INCONSISTENCY,nextIndex=1,followerCommit=0,matchIndex=-1
2025-02-19 06:38:15,477 [grpc-default-executor-4] WARN  server.GrpcLogAppender (GrpcLogAppender.java:onNextImpl(519)) - 25fe7083-9332-4190-accf-9f4542114dd9@group-B5B4EE72DAEF->62ffdddc-aaf0-4ce5-9810-4c181ebbf473-AppendLogResponseHandler: received INCONSISTENCY reply with nextIndex 1, errorCount=9, request=AppendEntriesRequest:cid=4698,entriesCount=0
2025-02-19 06:38:15,477 [grpc-default-executor-4] INFO  leader.FollowerInfo (FollowerInfoImpl.java:info(70)) - 25fe7083-9332-4190-accf-9f4542114dd9@group-B5B4EE72DAEF->62ffdddc-aaf0-4ce5-9810-4c181ebbf473: setNextIndex nextIndex: updateUnconditionally 3 -> 1
2025-02-19 06:38:15,478 [49dd84ae-7ec9-4d92-bc53-345946144fea-server-thread1] INFO  server.RaftServer$Division (ServerState.java:setRaftConf(386)) - 49dd84ae-7ec9-4d92-bc53-345946144fea@group-B5B4EE72DAEF: set configuration conf: {index: 1, cur=peers:[62ffdddc-aaf0-4ce5-9810-4c181ebbf473|127.0.0.1:15016, 6b36f32d-918c-46a3-bfcb-888cb423c6dd|127.0.0.1:15025, 25fe7083-9332-4190-accf-9f4542114dd9|127.0.0.1:15088]|listeners:[], old=null}
2025-02-19 06:38:15,478 [49dd84ae-7ec9-4d92-bc53-345946144fea-server-thread1] INFO  segmented.SegmentedRaftLogWorker (SegmentedRaftLogWorker.java:rollLogSegment(443)) - 49dd84ae-7ec9-4d92-bc53-345946144fea@group-B5B4EE72DAEF-SegmentedRaftLogWorker: Rolling segment log-0_0 to index:0
2025-02-19 06:38:15,479 [49dd84ae-7ec9-4d92-bc53-345946144fea@group-B5B4EE72DAEF-SegmentedRaftLogWorker] INFO  segmented.SegmentedRaftLogWorker (SegmentedRaftLogWorker.java:execute(601)) - 49dd84ae-7ec9-4d92-bc53-345946144fea@group-B5B4EE72DAEF-SegmentedRaftLogWorker: Rolled log segment from /home/runner/work/ozone/ozone/hadoop-ozone/integration-test/target/test-dir/MiniOzoneClusterImpl-3e129c02-f7f1-4d32-bd92-d681932e2c0d/ozone-meta/datanode-1/ratise7641bee-ff94-4353-808e-f526ce6eb8f2/117721e1-84b0-442b-bd9d-b5b4ee72daef/current/log_inprogress_0 to /home/runner/work/ozone/ozone/hadoop-ozone/integration-test/target/test-dir/MiniOzoneClusterImpl-3e129c02-f7f1-4d32-bd92-d681932e2c0d/ozone-meta/datanode-1/ratise7641bee-ff94-4353-808e-f526ce6eb8f2/117721e1-84b0-442b-bd9d-b5b4ee72daef/current/log_0-0
2025-02-19 06:38:15,479 [49dd84ae-7ec9-4d92-bc53-345946144fea@group-B5B4EE72DAEF-SegmentedRaftLogWorker] INFO  segmented.BufferedWriteChannel (BufferedWriteChannel.java:open(61)) - open log_inprogress_1 at position 0
2025-02-19 06:38:15,487 [49dd84ae-7ec9-4d92-bc53-345946144fea@group-B5B4EE72DAEF-SegmentedRaftLogWorker] INFO  segmented.SegmentedRaftLogWorker (SegmentedRaftLogWorker.java:execute(644)) - 49dd84ae-7ec9-4d92-bc53-345946144fea@group-B5B4EE72DAEF-SegmentedRaftLogWorker: created new log segment /home/runner/work/ozone/ozone/hadoop-ozone/integration-test/target/test-dir/MiniOzoneClusterImpl-3e129c02-f7f1-4d32-bd92-d681932e2c0d/ozone-meta/datanode-1/ratise7641bee-ff94-4353-808e-f526ce6eb8f2/117721e1-84b0-442b-bd9d-b5b4ee72daef/current/log_inprogress_1
2025-02-19 06:38:15,489 [49dd84ae-7ec9-4d92-bc53-345946144fea@group-B5B4EE72DAEF-StateMachineUpdater] INFO  ratis.ContainerStateMachine (ContainerStateMachine.java:takeSnapshot(376)) - group-B5B4EE72DAEF: Taking a snapshot at:(t:2, i:2) file /home/runner/work/ozone/ozone/hadoop-ozone/integration-test/target/test-dir/MiniOzoneClusterImpl-3e129c02-f7f1-4d32-bd92-d681932e2c0d/ozone-meta/datanode-1/ratise7641bee-ff94-4353-808e-f526ce6eb8f2/117721e1-84b0-442b-bd9d-b5b4ee72daef/sm/snapshot.2_2
2025-02-19 06:38:15,490 [49dd84ae-7ec9-4d92-bc53-345946144fea@group-B5B4EE72DAEF-StateMachineUpdater] INFO  ratis.ContainerStateMachine (ContainerStateMachine.java:takeSnapshot(387)) - group-B5B4EE72DAEF: Finished taking a snapshot at:(t:2, i:2) file:/home/runner/work/ozone/ozone/hadoop-ozone/integration-test/target/test-dir/MiniOzoneClusterImpl-3e129c02-f7f1-4d32-bd92-d681932e2c0d/ozone-meta/datanode-1/ratise7641bee-ff94-4353-808e-f526ce6eb8f2/117721e1-84b0-442b-bd9d-b5b4ee72daef/sm/snapshot.2_2 took: 0 ms
2025-02-19 06:38:15,490 [49dd84ae-7ec9-4d92-bc53-345946144fea@group-B5B4EE72DAEF-StateMachineUpdater] INFO  impl.StateMachineUpdater (StateMachineUpdater.java:takeSnapshot(303)) - 49dd84ae-7ec9-4d92-bc53-345946144fea@group-B5B4EE72DAEF-StateMachineUpdater: Took a snapshot at index 2
2025-02-19 06:38:15,490 [49dd84ae-7ec9-4d92-bc53-345946144fea@group-B5B4EE72DAEF-StateMachineUpdater] INFO  impl.StateMachineUpdater (StateMachineUpdater.java:lambda$new$0(102)) - 49dd84ae-7ec9-4d92-bc53-345946144fea@group-B5B4EE72DAEF-StateMachineUpdater: snapshotIndex: updateIncreasingly 0 -> 2
2025-02-19 06:38:15,490 [6b36f32d-918c-46a3-bfcb-888cb423c6dd@group-B5B4EE72DAEF-StateMachineUpdater] INFO  ratis.ContainerStateMachine (ContainerStateMachine.java:takeSnapshot(376)) - group-B5B4EE72DAEF: Taking a snapshot at:(t:2, i:2) file /home/runner/work/ozone/ozone/hadoop-ozone/integration-test/target/test-dir/MiniOzoneClusterImpl-3e129c02-f7f1-4d32-bd92-d681932e2c0d/ozone-meta/datanode-2/ratis/117721e1-84b0-442b-bd9d-b5b4ee72daef/sm/snapshot.2_2
2025-02-19 06:38:15,491 [6b36f32d-918c-46a3-bfcb-888cb423c6dd@group-B5B4EE72DAEF-StateMachineUpdater] INFO  ratis.ContainerStateMachine (ContainerStateMachine.java:takeSnapshot(387)) - group-B5B4EE72DAEF: Finished taking a snapshot at:(t:2, i:2) file:/home/runner/work/ozone/ozone/hadoop-ozone/integration-test/target/test-dir/MiniOzoneClusterImpl-3e129c02-f7f1-4d32-bd92-d681932e2c0d/ozone-meta/datanode-2/ratis/117721e1-84b0-442b-bd9d-b5b4ee72daef/sm/snapshot.2_2 took: 0 ms
2025-02-19 06:38:15,491 [6b36f32d-918c-46a3-bfcb-888cb423c6dd@group-B5B4EE72DAEF-StateMachineUpdater] INFO  impl.StateMachineUpdater (StateMachineUpdater.java:takeSnapshot(303)) - 6b36f32d-918c-46a3-bfcb-888cb423c6dd@group-B5B4EE72DAEF-StateMachineUpdater: Took a snapshot at index 2
2025-02-19 06:38:15,491 [6b36f32d-918c-46a3-bfcb-888cb423c6dd@group-B5B4EE72DAEF-StateMachineUpdater] INFO  impl.StateMachineUpdater (StateMachineUpdater.java:lambda$new$0(102)) - 6b36f32d-918c-46a3-bfcb-888cb423c6dd@group-B5B4EE72DAEF-StateMachineUpdater: snapshotIndex: updateIncreasingly 1 -> 2
2025-02-19 06:38:17,093 [IPC Server handler 57 on default port 15002] INFO  net.NetworkTopologyImpl (NetworkTopologyImpl.java:add(133)) - Added a new node: /default-rack/49dd84ae-7ec9-4d92-bc53-345946144fea
2025-02-19 06:38:17,093 [IPC Server handler 57 on default port 15002] INFO  node.SCMNodeManager (SCMNodeManager.java:register(423)) - Registered datanode: 49dd84ae-7ec9-4d92-bc53-345946144fea{ip: 127.0.0.1, host: localhost, ports: [HTTP=15011, CLIENT_RPC=15012, REPLICATION=15018, RATIS=15014, RATIS_ADMIN=15015, RATIS_SERVER=15016, RATIS_DATASTREAM=15017, STANDALONE=15013], networkLocation: /default-rack, certSerialId: null, persistedOpState: null, persistedOpStateExpiryEpochSec: 0}
2025-02-19 06:38:17,094 [EventQueue-NewNodeForNewNodeHandler] INFO  pipeline.BackgroundPipelineCreator (BackgroundPipelineCreator.java:notifyEventTriggered(290)) - trigger a one-shot run on RatisPipelineUtilsThread.
2025-02-19 06:38:17,094 [RatisPipelineUtilsThread-0] INFO  pipeline.RatisPipelineProvider (RatisPipelineProvider.java:lambda$create$0(203)) - Sending CreatePipelineCommand for pipeline:PipelineID=43968e45-00be-4e98-ae5f-a17754050e0f to datanode:49dd84ae-7ec9-4d92-bc53-345946144fea
2025-02-19 06:38:17,095 [EventQueue-PipelineReportForPipelineReportHandler] ERROR pipeline.PipelineReportHandler (PipelineReportHandler.java:onMessage(95)) - Could not process pipeline report=pipelineID {
  id: "f1258f91-374d-44ac-9d89-7bef1d680e9b"
  uuid128 {
    mostSigBits: -1070291482569784148
    leastSigBits: -7095003471024746853
  }
}
isLeader: false
bytesWritten: 0
 from dn=49dd84ae-7ec9-4d92-bc53-345946144fea(localhost/127.0.0.1).
java.io.IOException: Datanode=49dd84ae-7ec9-4d92-bc53-345946144fea(localhost/127.0.0.1) not part of pipeline=PipelineID=f1258f91-374d-44ac-9d89-7bef1d680e9b
	at org.apache.hadoop.hdds.scm.pipeline.Pipeline.reportDatanode(Pipeline.java:336)
	at org.apache.hadoop.hdds.scm.pipeline.PipelineReportHandler.setReportedDatanode(PipelineReportHandler.java:154)
	at org.apache.hadoop.hdds.scm.pipeline.PipelineReportHandler.processPipelineReport(PipelineReportHandler.java:129)
	at org.apache.hadoop.hdds.scm.pipeline.PipelineReportHandler.onMessage(PipelineReportHandler.java:88)
	at org.apache.hadoop.hdds.scm.pipeline.PipelineReportHandler.onMessage(PipelineReportHandler.java:47)
	at org.apache.hadoop.hdds.server.events.SingleThreadExecutor.lambda$onMessage$1(SingleThreadExecutor.java:84)
	at java.base/java.util.concurrent.ThreadPoolExecutor.runWorker(ThreadPoolExecutor.java:1144)
	at java.base/java.util.concurrent.ThreadPoolExecutor$Worker.run(ThreadPoolExecutor.java:642)
	at java.base/java.lang.Thread.run(Thread.java:1583)
2025-02-19 06:38:17,095 [EventQueue-PipelineReportForPipelineReportHandler] ERROR pipeline.PipelineReportHandler (PipelineReportHandler.java:onMessage(95)) - Could not process pipeline report=pipelineID {
  id: "117721e1-84b0-442b-bd9d-b5b4ee72daef"
  uuid128 {
    mostSigBits: 1258511873350845483
    leastSigBits: -4783467440498353425
  }
}
isLeader: false
bytesWritten: 0
 from dn=49dd84ae-7ec9-4d92-bc53-345946144fea(localhost/127.0.0.1).
java.io.IOException: Datanode=49dd84ae-7ec9-4d92-bc53-345946144fea(localhost/127.0.0.1) not part of pipeline=PipelineID=117721e1-84b0-442b-bd9d-b5b4ee72daef
	at org.apache.hadoop.hdds.scm.pipeline.Pipeline.reportDatanode(Pipeline.java:336)
	at org.apache.hadoop.hdds.scm.pipeline.PipelineReportHandler.setReportedDatanode(PipelineReportHandler.java:154)
	at org.apache.hadoop.hdds.scm.pipeline.PipelineReportHandler.processPipelineReport(PipelineReportHandler.java:129)
	at org.apache.hadoop.hdds.scm.pipeline.PipelineReportHandler.onMessage(PipelineReportHandler.java:88)
	at org.apache.hadoop.hdds.scm.pipeline.PipelineReportHandler.onMessage(PipelineReportHandler.java:47)
	at org.apache.hadoop.hdds.server.events.SingleThreadExecutor.lambda$onMessage$1(SingleThreadExecutor.java:84)
	at java.base/java.util.concurrent.ThreadPoolExecutor.runWorker(ThreadPoolExecutor.java:1144)
	at java.base/java.util.concurrent.ThreadPoolExecutor$Worker.run(ThreadPoolExecutor.java:642)
	at java.base/java.lang.Thread.run(Thread.java:1583)
2025-02-19 06:38:17,097 [RatisPipelineUtilsThread-0] INFO  pipeline.BackgroundPipelineCreator (BackgroundPipelineCreator.java:createPipelines(246)) - Created new pipeline Pipeline[ Id: 43968e45-00be-4e98-ae5f-a17754050e0f, Nodes: 49dd84ae-7ec9-4d92-bc53-345946144fea(localhost/127.0.0.1) ReplicaIndex: 0, ReplicationConfig: RATIS/ONE, State:ALLOCATED, leaderId:, CreationTimestamp2025-02-19T06:38:17.094843043Z[Etc/UTC]]
2025-02-19 06:38:17,097 [RatisPipelineUtilsThread-0] INFO  pipeline.RatisPipelineProvider (RatisPipelineProvider.java:lambda$create$0(203)) - Sending CreatePipelineCommand for pipeline:PipelineID=63d7735b-966d-485e-83b9-3a2bf5d858b4 to datanode:e20a886d-0459-4371-959f-f9bdb6931571
2025-02-19 06:38:17,097 [RatisPipelineUtilsThread-0] INFO  pipeline.RatisPipelineProvider (RatisPipelineProvider.java:lambda$create$0(203)) - Sending CreatePipelineCommand for pipeline:PipelineID=63d7735b-966d-485e-83b9-3a2bf5d858b4 to datanode:42086d8c-c943-47d6-a5f9-799709872375
2025-02-19 06:38:17,097 [RatisPipelineUtilsThread-0] INFO  pipeline.RatisPipelineProvider (RatisPipelineProvider.java:lambda$create$0(203)) - Sending CreatePipelineCommand for pipeline:PipelineID=63d7735b-966d-485e-83b9-3a2bf5d858b4 to datanode:2dcfdddc-a76f-4d49-b174-7a2bddacee37
2025-02-19 06:38:17,099 [RatisPipelineUtilsThread-0] INFO  pipeline.BackgroundPipelineCreator (BackgroundPipelineCreator.java:createPipelines(246)) - Created new pipeline Pipeline[ Id: 63d7735b-966d-485e-83b9-3a2bf5d858b4, Nodes: e20a886d-0459-4371-959f-f9bdb6931571(localhost/127.0.0.1) ReplicaIndex: 042086d8c-c943-47d6-a5f9-799709872375(localhost/127.0.0.1) ReplicaIndex: 02dcfdddc-a76f-4d49-b174-7a2bddacee37(localhost/127.0.0.1) ReplicaIndex: 0, ReplicationConfig: RATIS/THREE, State:ALLOCATED, leaderId:, CreationTimestamp2025-02-19T06:38:17.097819607Z[Etc/UTC]]
2025-02-19 06:38:17,099 [RatisPipelineUtilsThread-0] INFO  pipeline.RatisPipelineProvider (RatisPipelineProvider.java:lambda$create$0(203)) - Sending CreatePipelineCommand for pipeline:PipelineID=9e19a5d8-8434-42f4-93b5-4434d0010b67 to datanode:49dd84ae-7ec9-4d92-bc53-345946144fea
2025-02-19 06:38:17,100 [RatisPipelineUtilsThread-0] INFO  pipeline.RatisPipelineProvider (RatisPipelineProvider.java:lambda$create$0(203)) - Sending CreatePipelineCommand for pipeline:PipelineID=9e19a5d8-8434-42f4-93b5-4434d0010b67 to datanode:eb965ba7-12a8-46f3-92c0-bc6ff5b3bf3b
2025-02-19 06:38:17,100 [RatisPipelineUtilsThread-0] INFO  pipeline.RatisPipelineProvider (RatisPipelineProvider.java:lambda$create$0(203)) - Sending CreatePipelineCommand for pipeline:PipelineID=9e19a5d8-8434-42f4-93b5-4434d0010b67 to datanode:2fdf8a61-8d2a-4048-aa8e-d82d5837d34a
2025-02-19 06:38:17,101 [RatisPipelineUtilsThread-0] INFO  pipeline.BackgroundPipelineCreator (BackgroundPipelineCreator.java:createPipelines(246)) - Created new pipeline Pipeline[ Id: 9e19a5d8-8434-42f4-93b5-4434d0010b67, Nodes: 49dd84ae-7ec9-4d92-bc53-345946144fea(localhost/127.0.0.1) ReplicaIndex: 0eb965ba7-12a8-46f3-92c0-bc6ff5b3bf3b(localhost/127.0.0.1) ReplicaIndex: 02fdf8a61-8d2a-4048-aa8e-d82d5837d34a(localhost/127.0.0.1) ReplicaIndex: 0, ReplicationConfig: RATIS/THREE, State:ALLOCATED, leaderId:, CreationTimestamp2025-02-19T06:38:17.099930438Z[Etc/UTC]]
2025-02-19 06:38:17,305 [e20a886d-0459-4371-959f-f9bdb6931571-PipelineCommandHandlerThread-0] INFO  server.RaftServer (RaftServerProxy.java:addNew(100)) - e20a886d-0459-4371-959f-f9bdb6931571: addNew group-3A2BF5D858B4:[e20a886d-0459-4371-959f-f9bdb6931571|127.0.0.1:15079, 2dcfdddc-a76f-4d49-b174-7a2bddacee37|127.0.0.1:15043, 42086d8c-c943-47d6-a5f9-799709872375|127.0.0.1:15052] returns group-3A2BF5D858B4:java.util.concurrent.CompletableFuture@3a72a78[Not completed]
2025-02-19 06:38:17,306 [e20a886d-0459-4371-959f-f9bdb6931571-groupManagement] INFO  server.RaftServer$Division (RaftServerImpl.java:<init>(255)) - e20a886d-0459-4371-959f-f9bdb6931571: new RaftServerImpl for group-3A2BF5D858B4:[e20a886d-0459-4371-959f-f9bdb6931571|127.0.0.1:15079, 2dcfdddc-a76f-4d49-b174-7a2bddacee37|127.0.0.1:15043, 42086d8c-c943-47d6-a5f9-799709872375|127.0.0.1:15052] with ContainerStateMachine:uninitialized
2025-02-19 06:38:17,306 [e20a886d-0459-4371-959f-f9bdb6931571-groupManagement] INFO  server.RaftServerConfigKeys (ConfUtils.java:logGet(46)) - raft.server.rpc.timeout.min = 5s (custom)
2025-02-19 06:38:17,306 [e20a886d-0459-4371-959f-f9bdb6931571-groupManagement] INFO  server.RaftServerConfigKeys (ConfUtils.java:logGet(46)) - raft.server.rpc.timeout.max = 5200ms (custom)
2025-02-19 06:38:17,306 [e20a886d-0459-4371-959f-f9bdb6931571-groupManagement] INFO  server.RaftServerConfigKeys (ConfUtils.java:logGet(46)) - raft.server.rpc.sleep.time = 25ms (default)
2025-02-19 06:38:17,306 [e20a886d-0459-4371-959f-f9bdb6931571-groupManagement] INFO  server.RaftServerConfigKeys (ConfUtils.java:logGet(46)) - raft.server.rpc.slowness.timeout = 300000ms (custom)
2025-02-19 06:38:17,306 [e20a886d-0459-4371-959f-f9bdb6931571-groupManagement] INFO  server.RaftServerConfigKeys (ConfUtils.java:logGet(46)) - raft.server.leaderelection.leader.step-down.wait-time = 10s (default)
2025-02-19 06:38:17,306 [e20a886d-0459-4371-959f-f9bdb6931571-groupManagement] INFO  server.RaftServerConfigKeys (ConfUtils.java:logGet(46)) - raft.server.leaderelection.member.majority-add = false (default)
2025-02-19 06:38:17,306 [e20a886d-0459-4371-959f-f9bdb6931571-groupManagement] INFO  server.RaftServerConfigKeys (ConfUtils.java:logGet(46)) - raft.server.sleep.deviation.threshold = 300ms (default)
2025-02-19 06:38:17,307 [e20a886d-0459-4371-959f-f9bdb6931571-groupManagement] INFO  server.RaftServer$Division (ServerState.java:<init>(114)) - e20a886d-0459-4371-959f-f9bdb6931571@group-3A2BF5D858B4: ConfigurationManager, init=conf: {index: -1, cur=peers:[e20a886d-0459-4371-959f-f9bdb6931571|127.0.0.1:15079, 2dcfdddc-a76f-4d49-b174-7a2bddacee37|127.0.0.1:15043, 42086d8c-c943-47d6-a5f9-799709872375|127.0.0.1:15052]|listeners:[], old=null}, confs=<EMPTY_MAP>
2025-02-19 06:38:17,307 [e20a886d-0459-4371-959f-f9bdb6931571-groupManagement] INFO  server.RaftServerConfigKeys (ConfUtils.java:logGet(46)) - raft.server.notification.no-leader.timeout = 300000ms (custom)
2025-02-19 06:38:17,307 [e20a886d-0459-4371-959f-f9bdb6931571-groupManagement] INFO  server.RaftServerConfigKeys (ConfUtils.java:logGet(46)) - raft.server.read.timeout = 10s (default)
2025-02-19 06:38:17,307 [e20a886d-0459-4371-959f-f9bdb6931571-groupManagement] INFO  server.RaftServerConfigKeys (ConfUtils.java:logGet(46)) - raft.server.retrycache.expirytime = 600000ms (custom)
2025-02-19 06:38:17,307 [e20a886d-0459-4371-959f-f9bdb6931571-groupManagement] INFO  server.RaftServerConfigKeys (ConfUtils.java:logGet(46)) - raft.server.retrycache.statistics.expirytime = 100ms (default)
2025-02-19 06:38:17,307 [e20a886d-0459-4371-959f-f9bdb6931571-groupManagement] INFO  server.RaftServerConfigKeys (ConfUtils.java:logGet(46)) - raft.server.read.option = DEFAULT (default)
2025-02-19 06:38:17,307 [e20a886d-0459-4371-959f-f9bdb6931571-groupManagement] INFO  server.RaftServerConfigKeys (ConfUtils.java:logGet(46)) - raft.server.read.read-after-write-consistent.write-index-cache.expiry-time = 60s (default)
2025-02-19 06:38:17,310 [e20a886d-0459-4371-959f-f9bdb6931571-groupManagement] INFO  server.RaftServerConfigKeys (ConfUtils.java:logGet(46)) - raft.server.rpc.request.timeout = 3000ms (default)
2025-02-19 06:38:17,310 [e20a886d-0459-4371-959f-f9bdb6931571-groupManagement] INFO  server.RaftServerConfigKeys (ConfUtils.java:logGet(46)) - raft.server.log.appender.install.snapshot.enabled = false (custom)
2025-02-19 06:38:17,310 [e20a886d-0459-4371-959f-f9bdb6931571-groupManagement] INFO  server.RaftServerConfigKeys (ConfUtils.java:logGet(46)) - raft.server.threadpool.server.cached = true (default)
2025-02-19 06:38:17,311 [e20a886d-0459-4371-959f-f9bdb6931571-groupManagement] INFO  server.RaftServerConfigKeys (ConfUtils.java:logGet(46)) - raft.server.threadpool.server.size = 0 (default)
2025-02-19 06:38:17,311 [e20a886d-0459-4371-959f-f9bdb6931571-groupManagement] INFO  server.RaftServerConfigKeys (ConfUtils.java:logGet(46)) - raft.server.threadpool.client.cached = true (default)
2025-02-19 06:38:17,311 [e20a886d-0459-4371-959f-f9bdb6931571-groupManagement] INFO  server.RaftServerConfigKeys (ConfUtils.java:logGet(46)) - raft.server.threadpool.client.size = 0 (default)
2025-02-19 06:38:17,311 [e20a886d-0459-4371-959f-f9bdb6931571-groupManagement] INFO  server.RaftServerConfigKeys (ConfUtils.java:logGet(46)) - raft.server.storage.free-space.min = 0MB (=0) (default)
2025-02-19 06:38:17,311 [e20a886d-0459-4371-959f-f9bdb6931571-groupManagement] INFO  server.RaftServerConfigKeys (ConfUtils.java:logGet(46)) - raft.server.log.corruption.policy = EXCEPTION (default)
2025-02-19 06:38:17,311 [e20a886d-0459-4371-959f-f9bdb6931571-groupManagement] INFO  server.RaftServerConfigKeys (ConfUtils.java:logGet(46)) - raft.server.storage.dir = [/home/runner/work/ozone/ozone/hadoop-ozone/integration-test/target/test-dir/MiniOzoneClusterImpl-3e129c02-f7f1-4d32-bd92-d681932e2c0d/ozone-meta/datanode-8/ratis] (custom)
2025-02-19 06:38:17,311 [e20a886d-0459-4371-959f-f9bdb6931571-groupManagement] INFO  storage.RaftStorageDirectory (RaftStorageDirectoryImpl.java:analyzeStorage(138)) - The storage directory /home/runner/work/ozone/ozone/hadoop-ozone/integration-test/target/test-dir/MiniOzoneClusterImpl-3e129c02-f7f1-4d32-bd92-d681932e2c0d/ozone-meta/datanode-8/ratis/63d7735b-966d-485e-83b9-3a2bf5d858b4 does not exist. Creating ...
2025-02-19 06:38:17,313 [e20a886d-0459-4371-959f-f9bdb6931571-groupManagement] INFO  storage.RaftStorageDirectory (RaftStorageDirectoryImpl.java:tryLock(229)) - Lock on /home/runner/work/ozone/ozone/hadoop-ozone/integration-test/target/test-dir/MiniOzoneClusterImpl-3e129c02-f7f1-4d32-bd92-d681932e2c0d/ozone-meta/datanode-8/ratis/63d7735b-966d-485e-83b9-3a2bf5d858b4/in_use.lock acquired by nodename 45211@fv-az1758-115
2025-02-19 06:38:17,314 [e20a886d-0459-4371-959f-f9bdb6931571-groupManagement] INFO  storage.RaftStorage (RaftStorageImpl.java:format(98)) - Storage directory /home/runner/work/ozone/ozone/hadoop-ozone/integration-test/target/test-dir/MiniOzoneClusterImpl-3e129c02-f7f1-4d32-bd92-d681932e2c0d/ozone-meta/datanode-8/ratis/63d7735b-966d-485e-83b9-3a2bf5d858b4 has been successfully formatted.
2025-02-19 06:38:17,314 [e20a886d-0459-4371-959f-f9bdb6931571-groupManagement] INFO  ratis.ContainerStateMachine (ContainerStateMachine.java:initialize(300)) - e20a886d-0459-4371-959f-f9bdb6931571: initialize group-3A2BF5D858B4
2025-02-19 06:38:17,314 [e20a886d-0459-4371-959f-f9bdb6931571-groupManagement] INFO  ratis.ContainerStateMachine (ContainerStateMachine.java:loadSnapshot(308)) - group-3A2BF5D858B4: The snapshot info is null. Setting the last applied index to:(t:0, i:~)
2025-02-19 06:38:17,314 [e20a886d-0459-4371-959f-f9bdb6931571-groupManagement] INFO  server.RaftServerConfigKeys (ConfUtils.java:logGet(46)) - raft.server.log.use.memory = false (default)
2025-02-19 06:38:17,314 [e20a886d-0459-4371-959f-f9bdb6931571-groupManagement] INFO  server.RaftServerConfigKeys (ConfUtils.java:logGet(46)) - raft.server.log.purge.gap = 1000000 (custom)
2025-02-19 06:38:17,314 [e20a886d-0459-4371-959f-f9bdb6931571-groupManagement] INFO  server.RaftServerConfigKeys (ConfUtils.java:logGet(46)) - raft.server.log.appender.buffer.byte-limit = 33554432 (custom)
2025-02-19 06:38:17,314 [e20a886d-0459-4371-959f-f9bdb6931571-groupManagement] INFO  server.RaftServerConfigKeys (ConfUtils.java:logGet(46)) - raft.server.log.statemachine.data.read.timeout = 1000ms (default)
2025-02-19 06:38:17,314 [e20a886d-0459-4371-959f-f9bdb6931571-groupManagement] INFO  server.RaftServerConfigKeys (ConfUtils.java:logGet(46)) - raft.server.log.purge.preservation.log.num = 0 (default)
2025-02-19 06:38:17,316 [e20a886d-0459-4371-959f-f9bdb6931571-groupManagement] INFO  server.RaftServerConfigKeys (ConfUtils.java:logGet(46)) - raft.server.log.segment.size.max = 67108864 (custom)
2025-02-19 06:38:17,316 [e20a886d-0459-4371-959f-f9bdb6931571-groupManagement] INFO  server.RaftServerConfigKeys (ConfUtils.java:logGet(46)) - raft.server.log.segment.cache.num.max = 2 (custom)
2025-02-19 06:38:17,316 [e20a886d-0459-4371-959f-f9bdb6931571-groupManagement] INFO  server.RaftServerConfigKeys (ConfUtils.java:logGet(46)) - raft.server.log.segment.cache.size.max = 200MB (=209715200) (default)
2025-02-19 06:38:17,316 [e20a886d-0459-4371-959f-f9bdb6931571-groupManagement] INFO  server.RaftServerConfigKeys (ConfUtils.java:logGet(46)) - raft.server.log.appender.buffer.byte-limit = 33554432 (custom)
2025-02-19 06:38:17,316 [e20a886d-0459-4371-959f-f9bdb6931571-groupManagement] INFO  util.AwaitToRun (AwaitToRun.java:start(81)) - Thread[#2331,e20a886d-0459-4371-959f-f9bdb6931571@group-3A2BF5D858B4-cacheEviction-AwaitToRun,5,main] started
2025-02-19 06:38:17,317 [e20a886d-0459-4371-959f-f9bdb6931571-groupManagement] INFO  segmented.SegmentedRaftLogWorker (SegmentedRaftLogWorker.java:<init>(188)) - new e20a886d-0459-4371-959f-f9bdb6931571@group-3A2BF5D858B4-SegmentedRaftLogWorker for RaftStorageImpl:Storage Directory /home/runner/work/ozone/ozone/hadoop-ozone/integration-test/target/test-dir/MiniOzoneClusterImpl-3e129c02-f7f1-4d32-bd92-d681932e2c0d/ozone-meta/datanode-8/ratis/63d7735b-966d-485e-83b9-3a2bf5d858b4
2025-02-19 06:38:17,317 [e20a886d-0459-4371-959f-f9bdb6931571-groupManagement] INFO  server.RaftServerConfigKeys (ConfUtils.java:logGet(46)) - raft.server.log.queue.byte-limit = 4294967296 (custom)
2025-02-19 06:38:17,317 [e20a886d-0459-4371-959f-f9bdb6931571-groupManagement] INFO  server.RaftServerConfigKeys (ConfUtils.java:logGet(46)) - raft.server.log.queue.element-limit = 1024 (custom)
2025-02-19 06:38:17,317 [e20a886d-0459-4371-959f-f9bdb6931571-groupManagement] INFO  server.RaftServerConfigKeys (ConfUtils.java:logGet(46)) - raft.server.log.segment.size.max = 67108864 (custom)
2025-02-19 06:38:17,317 [e20a886d-0459-4371-959f-f9bdb6931571-groupManagement] INFO  server.RaftServerConfigKeys (ConfUtils.java:logGet(46)) - raft.server.log.preallocated.size = 4194304 (custom)
2025-02-19 06:38:17,317 [e20a886d-0459-4371-959f-f9bdb6931571-groupManagement] INFO  server.RaftServerConfigKeys (ConfUtils.java:logGet(46)) - raft.server.log.force.sync.num = 128 (default)
2025-02-19 06:38:17,317 [e20a886d-0459-4371-959f-f9bdb6931571-groupManagement] INFO  server.RaftServerConfigKeys (ConfUtils.java:logGet(46)) - raft.server.log.statemachine.data.sync = true (default)
2025-02-19 06:38:17,317 [e20a886d-0459-4371-959f-f9bdb6931571-groupManagement] INFO  server.RaftServerConfigKeys (ConfUtils.java:logGet(46)) - raft.server.log.statemachine.data.sync.timeout = 10s (default)
2025-02-19 06:38:17,317 [e20a886d-0459-4371-959f-f9bdb6931571-groupManagement] INFO  server.RaftServerConfigKeys (ConfUtils.java:logGet(46)) - raft.server.log.statemachine.data.sync.timeout.retry = 30 (custom)
2025-02-19 06:38:17,317 [e20a886d-0459-4371-959f-f9bdb6931571-groupManagement] INFO  server.RaftServerConfigKeys (ConfUtils.java:logGet(46)) - raft.server.log.write.buffer.size = 33554440 (custom)
2025-02-19 06:38:17,322 [e20a886d-0459-4371-959f-f9bdb6931571-groupManagement] INFO  server.RaftServerConfigKeys (ConfUtils.java:logGet(46)) - raft.server.log.appender.buffer.byte-limit = 33554432 (custom)
2025-02-19 06:38:17,322 [e20a886d-0459-4371-959f-f9bdb6931571-groupManagement] INFO  server.RaftServerConfigKeys (ConfUtils.java:logGet(46)) - raft.server.log.unsafe-flush.enabled = false (default)
2025-02-19 06:38:17,322 [e20a886d-0459-4371-959f-f9bdb6931571-groupManagement] INFO  server.RaftServerConfigKeys (ConfUtils.java:logGet(46)) - raft.server.log.async-flush.enabled = false (default)
2025-02-19 06:38:17,322 [e20a886d-0459-4371-959f-f9bdb6931571-groupManagement] INFO  server.RaftServerConfigKeys (ConfUtils.java:logGet(46)) - raft.server.log.statemachine.data.caching.enabled = true (custom)
2025-02-19 06:38:17,322 [e20a886d-0459-4371-959f-f9bdb6931571-groupManagement] INFO  segmented.SegmentedRaftLogWorker (SegmentedRaftLogWorker.java:lambda$new$0(139)) - e20a886d-0459-4371-959f-f9bdb6931571@group-3A2BF5D858B4-SegmentedRaftLogWorker: flushIndex: setUnconditionally 0 -> -1
2025-02-19 06:38:17,322 [e20a886d-0459-4371-959f-f9bdb6931571-groupManagement] INFO  segmented.SegmentedRaftLogWorker (SegmentedRaftLogWorker.java:lambda$new$0(139)) - e20a886d-0459-4371-959f-f9bdb6931571@group-3A2BF5D858B4-SegmentedRaftLogWorker: safeCacheEvictIndex: setUnconditionally 0 -> -1
2025-02-19 06:38:17,323 [e20a886d-0459-4371-959f-f9bdb6931571-groupManagement] INFO  server.RaftServer$Division (RaftServerImpl.java:start(391)) - e20a886d-0459-4371-959f-f9bdb6931571@group-3A2BF5D858B4: start as a follower, conf=conf: {index: -1, cur=peers:[e20a886d-0459-4371-959f-f9bdb6931571|127.0.0.1:15079, 2dcfdddc-a76f-4d49-b174-7a2bddacee37|127.0.0.1:15043, 42086d8c-c943-47d6-a5f9-799709872375|127.0.0.1:15052]|listeners:[], old=null}
2025-02-19 06:38:17,323 [e20a886d-0459-4371-959f-f9bdb6931571-groupManagement] INFO  server.RaftServer$Division (RaftServerImpl.java:setRole(378)) - e20a886d-0459-4371-959f-f9bdb6931571@group-3A2BF5D858B4: changes role from      null to FOLLOWER at term 0 for startAsFollower
2025-02-19 06:38:17,323 [e20a886d-0459-4371-959f-f9bdb6931571-groupManagement] INFO  impl.RoleInfo (RoleInfo.java:updateAndGet(148)) - e20a886d-0459-4371-959f-f9bdb6931571: start e20a886d-0459-4371-959f-f9bdb6931571@group-3A2BF5D858B4-FollowerState
2025-02-19 06:38:17,323 [e20a886d-0459-4371-959f-f9bdb6931571-groupManagement] INFO  util.JmxRegister (JmxRegister.java:tryRegister(44)) - Successfully registered JMX Bean with object name Ratis:service=RaftServer,group=group-3A2BF5D858B4,id=e20a886d-0459-4371-959f-f9bdb6931571
2025-02-19 06:38:17,323 [e20a886d-0459-4371-959f-f9bdb6931571-groupManagement] INFO  util.JmxRegister (JmxRegister.java:register(58)) - register mxBean class org.apache.ratis.server.impl.RaftServerJmxAdapter as Ratis:service=RaftServer,group=group-3A2BF5D858B4,id=e20a886d-0459-4371-959f-f9bdb6931571
2025-02-19 06:38:17,323 [e20a886d-0459-4371-959f-f9bdb6931571-groupManagement] INFO  server.RaftServerConfigKeys (ConfUtils.java:logGet(46)) - raft.server.snapshot.trigger-when-stop.enabled = true (default)
2025-02-19 06:38:17,323 [e20a886d-0459-4371-959f-f9bdb6931571-groupManagement] INFO  server.RaftServerConfigKeys (ConfUtils.java:logGet(46)) - raft.server.snapshot.trigger-when-remove.enabled = true (default)
2025-02-19 06:38:17,323 [e20a886d-0459-4371-959f-f9bdb6931571@group-3A2BF5D858B4-FollowerState] INFO  server.RaftServerConfigKeys (ConfUtils.java:logFallback(53)) - raft.server.rpc.first-election.timeout.min = 5s (fallback to raft.server.rpc.timeout.min)
2025-02-19 06:38:17,324 [e20a886d-0459-4371-959f-f9bdb6931571-groupManagement] INFO  server.RaftServerConfigKeys (ConfUtils.java:logGet(46)) - raft.server.snapshot.auto.trigger.enabled = true (custom)
2025-02-19 06:38:17,324 [e20a886d-0459-4371-959f-f9bdb6931571-groupManagement] INFO  server.RaftServerConfigKeys (ConfUtils.java:logGet(46)) - raft.server.snapshot.auto.trigger.threshold = 1 (custom)
2025-02-19 06:38:17,324 [e20a886d-0459-4371-959f-f9bdb6931571-groupManagement] INFO  server.RaftServerConfigKeys (ConfUtils.java:logGet(46)) - raft.server.snapshot.retention.file.num = 5 (custom)
2025-02-19 06:38:17,324 [e20a886d-0459-4371-959f-f9bdb6931571@group-3A2BF5D858B4-FollowerState] INFO  server.RaftServerConfigKeys (ConfUtils.java:logFallback(53)) - raft.server.rpc.first-election.timeout.max = 5200ms (fallback to raft.server.rpc.timeout.max)
2025-02-19 06:38:17,324 [e20a886d-0459-4371-959f-f9bdb6931571-groupManagement] INFO  server.RaftServerConfigKeys (ConfUtils.java:logGet(46)) - raft.server.log.purge.upto.snapshot.index = false (default)
2025-02-19 06:38:17,325 [e20a886d-0459-4371-959f-f9bdb6931571-groupManagement] INFO  server.RaftServer$Division (RaftServerImpl.java:start(405)) - e20a886d-0459-4371-959f-f9bdb6931571@group-3A2BF5D858B4: Successfully started.
2025-02-19 06:38:17,325 [e20a886d-0459-4371-959f-f9bdb6931571-PipelineCommandHandlerThread-0] INFO  ratis.XceiverServerRatis (XceiverServerRatis.java:addGroup(841)) - Created group PipelineID=63d7735b-966d-485e-83b9-3a2bf5d858b4
2025-02-19 06:38:17,330 [grpc-default-executor-4] INFO  server.RaftServer (RaftServerProxy.java:addNew(100)) - 42086d8c-c943-47d6-a5f9-799709872375: addNew group-3A2BF5D858B4:[e20a886d-0459-4371-959f-f9bdb6931571|127.0.0.1:15079, 2dcfdddc-a76f-4d49-b174-7a2bddacee37|127.0.0.1:15043, 42086d8c-c943-47d6-a5f9-799709872375|127.0.0.1:15052] returns group-3A2BF5D858B4:java.util.concurrent.CompletableFuture@43326870[Not completed]
2025-02-19 06:38:17,331 [42086d8c-c943-47d6-a5f9-799709872375-groupManagement] INFO  server.RaftServer$Division (RaftServerImpl.java:<init>(255)) - 42086d8c-c943-47d6-a5f9-799709872375: new RaftServerImpl for group-3A2BF5D858B4:[e20a886d-0459-4371-959f-f9bdb6931571|127.0.0.1:15079, 2dcfdddc-a76f-4d49-b174-7a2bddacee37|127.0.0.1:15043, 42086d8c-c943-47d6-a5f9-799709872375|127.0.0.1:15052] with ContainerStateMachine:uninitialized
2025-02-19 06:38:17,331 [42086d8c-c943-47d6-a5f9-799709872375-groupManagement] INFO  server.RaftServerConfigKeys (ConfUtils.java:logGet(46)) - raft.server.rpc.timeout.min = 5s (custom)
2025-02-19 06:38:17,331 [42086d8c-c943-47d6-a5f9-799709872375-groupManagement] INFO  server.RaftServerConfigKeys (ConfUtils.java:logGet(46)) - raft.server.rpc.timeout.max = 5200ms (custom)
2025-02-19 06:38:17,331 [42086d8c-c943-47d6-a5f9-799709872375-groupManagement] INFO  server.RaftServerConfigKeys (ConfUtils.java:logGet(46)) - raft.server.rpc.sleep.time = 25ms (default)
2025-02-19 06:38:17,331 [42086d8c-c943-47d6-a5f9-799709872375-groupManagement] INFO  server.RaftServerConfigKeys (ConfUtils.java:logGet(46)) - raft.server.rpc.slowness.timeout = 300000ms (custom)
2025-02-19 06:38:17,331 [42086d8c-c943-47d6-a5f9-799709872375-groupManagement] INFO  server.RaftServerConfigKeys (ConfUtils.java:logGet(46)) - raft.server.leaderelection.leader.step-down.wait-time = 10s (default)
2025-02-19 06:38:17,331 [42086d8c-c943-47d6-a5f9-799709872375-groupManagement] INFO  server.RaftServerConfigKeys (ConfUtils.java:logGet(46)) - raft.server.leaderelection.member.majority-add = false (default)
2025-02-19 06:38:17,331 [42086d8c-c943-47d6-a5f9-799709872375-groupManagement] INFO  server.RaftServerConfigKeys (ConfUtils.java:logGet(46)) - raft.server.sleep.deviation.threshold = 300ms (default)
2025-02-19 06:38:17,331 [42086d8c-c943-47d6-a5f9-799709872375-groupManagement] INFO  server.RaftServer$Division (ServerState.java:<init>(114)) - 42086d8c-c943-47d6-a5f9-799709872375@group-3A2BF5D858B4: ConfigurationManager, init=conf: {index: -1, cur=peers:[e20a886d-0459-4371-959f-f9bdb6931571|127.0.0.1:15079, 2dcfdddc-a76f-4d49-b174-7a2bddacee37|127.0.0.1:15043, 42086d8c-c943-47d6-a5f9-799709872375|127.0.0.1:15052]|listeners:[], old=null}, confs=<EMPTY_MAP>
2025-02-19 06:38:17,331 [42086d8c-c943-47d6-a5f9-799709872375-groupManagement] INFO  server.RaftServerConfigKeys (ConfUtils.java:logGet(46)) - raft.server.notification.no-leader.timeout = 300000ms (custom)
2025-02-19 06:38:17,331 [42086d8c-c943-47d6-a5f9-799709872375-groupManagement] INFO  server.RaftServerConfigKeys (ConfUtils.java:logGet(46)) - raft.server.read.timeout = 10s (default)
2025-02-19 06:38:17,331 [42086d8c-c943-47d6-a5f9-799709872375-groupManagement] INFO  server.RaftServerConfigKeys (ConfUtils.java:logGet(46)) - raft.server.retrycache.expirytime = 600000ms (custom)
2025-02-19 06:38:17,331 [42086d8c-c943-47d6-a5f9-799709872375-groupManagement] INFO  server.RaftServerConfigKeys (ConfUtils.java:logGet(46)) - raft.server.retrycache.statistics.expirytime = 100ms (default)
2025-02-19 06:38:17,331 [42086d8c-c943-47d6-a5f9-799709872375-groupManagement] INFO  server.RaftServerConfigKeys (ConfUtils.java:logGet(46)) - raft.server.read.option = DEFAULT (default)
2025-02-19 06:38:17,331 [42086d8c-c943-47d6-a5f9-799709872375-groupManagement] INFO  server.RaftServerConfigKeys (ConfUtils.java:logGet(46)) - raft.server.read.read-after-write-consistent.write-index-cache.expiry-time = 60s (default)
2025-02-19 06:38:17,335 [42086d8c-c943-47d6-a5f9-799709872375-groupManagement] INFO  server.RaftServerConfigKeys (ConfUtils.java:logGet(46)) - raft.server.rpc.request.timeout = 3000ms (default)
2025-02-19 06:38:17,335 [42086d8c-c943-47d6-a5f9-799709872375-groupManagement] INFO  server.RaftServerConfigKeys (ConfUtils.java:logGet(46)) - raft.server.log.appender.install.snapshot.enabled = false (custom)
2025-02-19 06:38:17,335 [42086d8c-c943-47d6-a5f9-799709872375-groupManagement] INFO  server.RaftServerConfigKeys (ConfUtils.java:logGet(46)) - raft.server.threadpool.server.cached = true (default)
2025-02-19 06:38:17,335 [42086d8c-c943-47d6-a5f9-799709872375-groupManagement] INFO  server.RaftServerConfigKeys (ConfUtils.java:logGet(46)) - raft.server.threadpool.server.size = 0 (default)
2025-02-19 06:38:17,335 [42086d8c-c943-47d6-a5f9-799709872375-groupManagement] INFO  server.RaftServerConfigKeys (ConfUtils.java:logGet(46)) - raft.server.threadpool.client.cached = true (default)
2025-02-19 06:38:17,335 [42086d8c-c943-47d6-a5f9-799709872375-groupManagement] INFO  server.RaftServerConfigKeys (ConfUtils.java:logGet(46)) - raft.server.threadpool.client.size = 0 (default)
2025-02-19 06:38:17,335 [42086d8c-c943-47d6-a5f9-799709872375-groupManagement] INFO  server.RaftServerConfigKeys (ConfUtils.java:logGet(46)) - raft.server.storage.free-space.min = 0MB (=0) (default)
2025-02-19 06:38:17,335 [42086d8c-c943-47d6-a5f9-799709872375-groupManagement] INFO  server.RaftServerConfigKeys (ConfUtils.java:logGet(46)) - raft.server.log.corruption.policy = EXCEPTION (default)
2025-02-19 06:38:17,335 [42086d8c-c943-47d6-a5f9-799709872375-groupManagement] INFO  server.RaftServerConfigKeys (ConfUtils.java:logGet(46)) - raft.server.storage.dir = [/home/runner/work/ozone/ozone/hadoop-ozone/integration-test/target/test-dir/MiniOzoneClusterImpl-3e129c02-f7f1-4d32-bd92-d681932e2c0d/ozone-meta/datanode-5/ratis] (custom)
2025-02-19 06:38:17,335 [42086d8c-c943-47d6-a5f9-799709872375-groupManagement] INFO  storage.RaftStorageDirectory (RaftStorageDirectoryImpl.java:analyzeStorage(138)) - The storage directory /home/runner/work/ozone/ozone/hadoop-ozone/integration-test/target/test-dir/MiniOzoneClusterImpl-3e129c02-f7f1-4d32-bd92-d681932e2c0d/ozone-meta/datanode-5/ratis/63d7735b-966d-485e-83b9-3a2bf5d858b4 does not exist. Creating ...
2025-02-19 06:38:17,336 [42086d8c-c943-47d6-a5f9-799709872375-groupManagement] INFO  storage.RaftStorageDirectory (RaftStorageDirectoryImpl.java:tryLock(229)) - Lock on /home/runner/work/ozone/ozone/hadoop-ozone/integration-test/target/test-dir/MiniOzoneClusterImpl-3e129c02-f7f1-4d32-bd92-d681932e2c0d/ozone-meta/datanode-5/ratis/63d7735b-966d-485e-83b9-3a2bf5d858b4/in_use.lock acquired by nodename 45211@fv-az1758-115
2025-02-19 06:38:17,337 [42086d8c-c943-47d6-a5f9-799709872375-groupManagement] INFO  storage.RaftStorage (RaftStorageImpl.java:format(98)) - Storage directory /home/runner/work/ozone/ozone/hadoop-ozone/integration-test/target/test-dir/MiniOzoneClusterImpl-3e129c02-f7f1-4d32-bd92-d681932e2c0d/ozone-meta/datanode-5/ratis/63d7735b-966d-485e-83b9-3a2bf5d858b4 has been successfully formatted.
2025-02-19 06:38:17,338 [42086d8c-c943-47d6-a5f9-799709872375-groupManagement] INFO  ratis.ContainerStateMachine (ContainerStateMachine.java:initialize(300)) - 42086d8c-c943-47d6-a5f9-799709872375: initialize group-3A2BF5D858B4
2025-02-19 06:38:17,338 [42086d8c-c943-47d6-a5f9-799709872375-groupManagement] INFO  ratis.ContainerStateMachine (ContainerStateMachine.java:loadSnapshot(308)) - group-3A2BF5D858B4: The snapshot info is null. Setting the last applied index to:(t:0, i:~)
2025-02-19 06:38:17,338 [42086d8c-c943-47d6-a5f9-799709872375-groupManagement] INFO  server.RaftServerConfigKeys (ConfUtils.java:logGet(46)) - raft.server.log.use.memory = false (default)
2025-02-19 06:38:17,338 [42086d8c-c943-47d6-a5f9-799709872375-groupManagement] INFO  server.RaftServerConfigKeys (ConfUtils.java:logGet(46)) - raft.server.log.purge.gap = 1000000 (custom)
2025-02-19 06:38:17,338 [42086d8c-c943-47d6-a5f9-799709872375-groupManagement] INFO  server.RaftServerConfigKeys (ConfUtils.java:logGet(46)) - raft.server.log.appender.buffer.byte-limit = 33554432 (custom)
2025-02-19 06:38:17,338 [42086d8c-c943-47d6-a5f9-799709872375-groupManagement] INFO  server.RaftServerConfigKeys (ConfUtils.java:logGet(46)) - raft.server.log.statemachine.data.read.timeout = 1000ms (default)
2025-02-19 06:38:17,338 [42086d8c-c943-47d6-a5f9-799709872375-groupManagement] INFO  server.RaftServerConfigKeys (ConfUtils.java:logGet(46)) - raft.server.log.purge.preservation.log.num = 0 (default)
2025-02-19 06:38:17,340 [42086d8c-c943-47d6-a5f9-799709872375-groupManagement] INFO  server.RaftServerConfigKeys (ConfUtils.java:logGet(46)) - raft.server.log.segment.size.max = 67108864 (custom)
2025-02-19 06:38:17,340 [42086d8c-c943-47d6-a5f9-799709872375-groupManagement] INFO  server.RaftServerConfigKeys (ConfUtils.java:logGet(46)) - raft.server.log.segment.cache.num.max = 2 (custom)
2025-02-19 06:38:17,340 [42086d8c-c943-47d6-a5f9-799709872375-groupManagement] INFO  server.RaftServerConfigKeys (ConfUtils.java:logGet(46)) - raft.server.log.segment.cache.size.max = 200MB (=209715200) (default)
2025-02-19 06:38:17,340 [42086d8c-c943-47d6-a5f9-799709872375-groupManagement] INFO  server.RaftServerConfigKeys (ConfUtils.java:logGet(46)) - raft.server.log.appender.buffer.byte-limit = 33554432 (custom)
2025-02-19 06:38:17,340 [42086d8c-c943-47d6-a5f9-799709872375-groupManagement] INFO  util.AwaitToRun (AwaitToRun.java:start(81)) - Thread[#2335,42086d8c-c943-47d6-a5f9-799709872375@group-3A2BF5D858B4-cacheEviction-AwaitToRun,5,main] started
2025-02-19 06:38:17,340 [42086d8c-c943-47d6-a5f9-799709872375-groupManagement] INFO  segmented.SegmentedRaftLogWorker (SegmentedRaftLogWorker.java:<init>(188)) - new 42086d8c-c943-47d6-a5f9-799709872375@group-3A2BF5D858B4-SegmentedRaftLogWorker for RaftStorageImpl:Storage Directory /home/runner/work/ozone/ozone/hadoop-ozone/integration-test/target/test-dir/MiniOzoneClusterImpl-3e129c02-f7f1-4d32-bd92-d681932e2c0d/ozone-meta/datanode-5/ratis/63d7735b-966d-485e-83b9-3a2bf5d858b4
2025-02-19 06:38:17,341 [42086d8c-c943-47d6-a5f9-799709872375-groupManagement] INFO  server.RaftServerConfigKeys (ConfUtils.java:logGet(46)) - raft.server.log.queue.byte-limit = 4294967296 (custom)
2025-02-19 06:38:17,341 [42086d8c-c943-47d6-a5f9-799709872375-groupManagement] INFO  server.RaftServerConfigKeys (ConfUtils.java:logGet(46)) - raft.server.log.queue.element-limit = 1024 (custom)
2025-02-19 06:38:17,341 [42086d8c-c943-47d6-a5f9-799709872375-groupManagement] INFO  server.RaftServerConfigKeys (ConfUtils.java:logGet(46)) - raft.server.log.segment.size.max = 67108864 (custom)
2025-02-19 06:38:17,341 [42086d8c-c943-47d6-a5f9-799709872375-groupManagement] INFO  server.RaftServerConfigKeys (ConfUtils.java:logGet(46)) - raft.server.log.preallocated.size = 4194304 (custom)
2025-02-19 06:38:17,341 [42086d8c-c943-47d6-a5f9-799709872375-groupManagement] INFO  server.RaftServerConfigKeys (ConfUtils.java:logGet(46)) - raft.server.log.force.sync.num = 128 (default)
2025-02-19 06:38:17,341 [42086d8c-c943-47d6-a5f9-799709872375-groupManagement] INFO  server.RaftServerConfigKeys (ConfUtils.java:logGet(46)) - raft.server.log.statemachine.data.sync = true (default)
2025-02-19 06:38:17,341 [42086d8c-c943-47d6-a5f9-799709872375-groupManagement] INFO  server.RaftServerConfigKeys (ConfUtils.java:logGet(46)) - raft.server.log.statemachine.data.sync.timeout = 10s (default)
2025-02-19 06:38:17,341 [42086d8c-c943-47d6-a5f9-799709872375-groupManagement] INFO  server.RaftServerConfigKeys (ConfUtils.java:logGet(46)) - raft.server.log.statemachine.data.sync.timeout.retry = 30 (custom)
2025-02-19 06:38:17,341 [42086d8c-c943-47d6-a5f9-799709872375-groupManagement] INFO  server.RaftServerConfigKeys (ConfUtils.java:logGet(46)) - raft.server.log.write.buffer.size = 33554440 (custom)
2025-02-19 06:38:17,345 [42086d8c-c943-47d6-a5f9-799709872375-groupManagement] INFO  server.RaftServerConfigKeys (ConfUtils.java:logGet(46)) - raft.server.log.appender.buffer.byte-limit = 33554432 (custom)
2025-02-19 06:38:17,346 [42086d8c-c943-47d6-a5f9-799709872375-groupManagement] INFO  server.RaftServerConfigKeys (ConfUtils.java:logGet(46)) - raft.server.log.unsafe-flush.enabled = false (default)
2025-02-19 06:38:17,346 [42086d8c-c943-47d6-a5f9-799709872375-groupManagement] INFO  server.RaftServerConfigKeys (ConfUtils.java:logGet(46)) - raft.server.log.async-flush.enabled = false (default)
2025-02-19 06:38:17,346 [42086d8c-c943-47d6-a5f9-799709872375-groupManagement] INFO  server.RaftServerConfigKeys (ConfUtils.java:logGet(46)) - raft.server.log.statemachine.data.caching.enabled = true (custom)
2025-02-19 06:38:17,346 [42086d8c-c943-47d6-a5f9-799709872375-groupManagement] INFO  segmented.SegmentedRaftLogWorker (SegmentedRaftLogWorker.java:lambda$new$0(139)) - 42086d8c-c943-47d6-a5f9-799709872375@group-3A2BF5D858B4-SegmentedRaftLogWorker: flushIndex: setUnconditionally 0 -> -1
2025-02-19 06:38:17,346 [42086d8c-c943-47d6-a5f9-799709872375-groupManagement] INFO  segmented.SegmentedRaftLogWorker (SegmentedRaftLogWorker.java:lambda$new$0(139)) - 42086d8c-c943-47d6-a5f9-799709872375@group-3A2BF5D858B4-SegmentedRaftLogWorker: safeCacheEvictIndex: setUnconditionally 0 -> -1
2025-02-19 06:38:17,346 [42086d8c-c943-47d6-a5f9-799709872375-groupManagement] INFO  server.RaftServer$Division (RaftServerImpl.java:start(391)) - 42086d8c-c943-47d6-a5f9-799709872375@group-3A2BF5D858B4: start as a follower, conf=conf: {index: -1, cur=peers:[e20a886d-0459-4371-959f-f9bdb6931571|127.0.0.1:15079, 2dcfdddc-a76f-4d49-b174-7a2bddacee37|127.0.0.1:15043, 42086d8c-c943-47d6-a5f9-799709872375|127.0.0.1:15052]|listeners:[], old=null}
2025-02-19 06:38:17,346 [42086d8c-c943-47d6-a5f9-799709872375-groupManagement] INFO  server.RaftServer$Division (RaftServerImpl.java:setRole(378)) - 42086d8c-c943-47d6-a5f9-799709872375@group-3A2BF5D858B4: changes role from      null to FOLLOWER at term 0 for startAsFollower
2025-02-19 06:38:17,346 [42086d8c-c943-47d6-a5f9-799709872375-groupManagement] INFO  impl.RoleInfo (RoleInfo.java:updateAndGet(148)) - 42086d8c-c943-47d6-a5f9-799709872375: start 42086d8c-c943-47d6-a5f9-799709872375@group-3A2BF5D858B4-FollowerState
2025-02-19 06:38:17,347 [42086d8c-c943-47d6-a5f9-799709872375-groupManagement] INFO  util.JmxRegister (JmxRegister.java:tryRegister(44)) - Successfully registered JMX Bean with object name Ratis:service=RaftServer,group=group-3A2BF5D858B4,id=42086d8c-c943-47d6-a5f9-799709872375
2025-02-19 06:38:17,347 [42086d8c-c943-47d6-a5f9-799709872375-groupManagement] INFO  util.JmxRegister (JmxRegister.java:register(58)) - register mxBean class org.apache.ratis.server.impl.RaftServerJmxAdapter as Ratis:service=RaftServer,group=group-3A2BF5D858B4,id=42086d8c-c943-47d6-a5f9-799709872375
2025-02-19 06:38:17,347 [42086d8c-c943-47d6-a5f9-799709872375-groupManagement] INFO  server.RaftServerConfigKeys (ConfUtils.java:logGet(46)) - raft.server.snapshot.trigger-when-stop.enabled = true (default)
2025-02-19 06:38:17,347 [42086d8c-c943-47d6-a5f9-799709872375-groupManagement] INFO  server.RaftServerConfigKeys (ConfUtils.java:logGet(46)) - raft.server.snapshot.trigger-when-remove.enabled = true (default)
2025-02-19 06:38:17,347 [42086d8c-c943-47d6-a5f9-799709872375-groupManagement] INFO  server.RaftServerConfigKeys (ConfUtils.java:logGet(46)) - raft.server.snapshot.auto.trigger.enabled = true (custom)
2025-02-19 06:38:17,347 [42086d8c-c943-47d6-a5f9-799709872375-groupManagement] INFO  server.RaftServerConfigKeys (ConfUtils.java:logGet(46)) - raft.server.snapshot.auto.trigger.threshold = 1 (custom)
2025-02-19 06:38:17,347 [42086d8c-c943-47d6-a5f9-799709872375-groupManagement] INFO  server.RaftServerConfigKeys (ConfUtils.java:logGet(46)) - raft.server.snapshot.retention.file.num = 5 (custom)
2025-02-19 06:38:17,347 [42086d8c-c943-47d6-a5f9-799709872375-groupManagement] INFO  server.RaftServerConfigKeys (ConfUtils.java:logGet(46)) - raft.server.log.purge.upto.snapshot.index = false (default)
2025-02-19 06:38:17,347 [42086d8c-c943-47d6-a5f9-799709872375@group-3A2BF5D858B4-FollowerState] INFO  server.RaftServerConfigKeys (ConfUtils.java:logFallback(53)) - raft.server.rpc.first-election.timeout.min = 5s (fallback to raft.server.rpc.timeout.min)
2025-02-19 06:38:17,347 [42086d8c-c943-47d6-a5f9-799709872375@group-3A2BF5D858B4-FollowerState] INFO  server.RaftServerConfigKeys (ConfUtils.java:logFallback(53)) - raft.server.rpc.first-election.timeout.max = 5200ms (fallback to raft.server.rpc.timeout.max)
2025-02-19 06:38:17,358 [42086d8c-c943-47d6-a5f9-799709872375-groupManagement] INFO  server.RaftServer$Division (RaftServerImpl.java:start(405)) - 42086d8c-c943-47d6-a5f9-799709872375@group-3A2BF5D858B4: Successfully started.
2025-02-19 06:38:17,370 [grpc-default-executor-4] INFO  server.RaftServer (RaftServerProxy.java:addNew(100)) - 2dcfdddc-a76f-4d49-b174-7a2bddacee37: addNew group-3A2BF5D858B4:[e20a886d-0459-4371-959f-f9bdb6931571|127.0.0.1:15079, 2dcfdddc-a76f-4d49-b174-7a2bddacee37|127.0.0.1:15043, 42086d8c-c943-47d6-a5f9-799709872375|127.0.0.1:15052] returns group-3A2BF5D858B4:java.util.concurrent.CompletableFuture@79c712ef[Not completed]
2025-02-19 06:38:17,372 [2dcfdddc-a76f-4d49-b174-7a2bddacee37-groupManagement] INFO  server.RaftServer$Division (RaftServerImpl.java:<init>(255)) - 2dcfdddc-a76f-4d49-b174-7a2bddacee37: new RaftServerImpl for group-3A2BF5D858B4:[e20a886d-0459-4371-959f-f9bdb6931571|127.0.0.1:15079, 2dcfdddc-a76f-4d49-b174-7a2bddacee37|127.0.0.1:15043, 42086d8c-c943-47d6-a5f9-799709872375|127.0.0.1:15052] with ContainerStateMachine:uninitialized
2025-02-19 06:38:17,372 [2dcfdddc-a76f-4d49-b174-7a2bddacee37-groupManagement] INFO  server.RaftServerConfigKeys (ConfUtils.java:logGet(46)) - raft.server.rpc.timeout.min = 5s (custom)
2025-02-19 06:38:17,372 [2dcfdddc-a76f-4d49-b174-7a2bddacee37-groupManagement] INFO  server.RaftServerConfigKeys (ConfUtils.java:logGet(46)) - raft.server.rpc.timeout.max = 5200ms (custom)
2025-02-19 06:38:17,372 [2dcfdddc-a76f-4d49-b174-7a2bddacee37-groupManagement] INFO  server.RaftServerConfigKeys (ConfUtils.java:logGet(46)) - raft.server.rpc.sleep.time = 25ms (default)
2025-02-19 06:38:17,372 [2dcfdddc-a76f-4d49-b174-7a2bddacee37-groupManagement] INFO  server.RaftServerConfigKeys (ConfUtils.java:logGet(46)) - raft.server.rpc.slowness.timeout = 300000ms (custom)
2025-02-19 06:38:17,372 [2dcfdddc-a76f-4d49-b174-7a2bddacee37-groupManagement] INFO  server.RaftServerConfigKeys (ConfUtils.java:logGet(46)) - raft.server.leaderelection.leader.step-down.wait-time = 10s (default)
2025-02-19 06:38:17,372 [2dcfdddc-a76f-4d49-b174-7a2bddacee37-groupManagement] INFO  server.RaftServerConfigKeys (ConfUtils.java:logGet(46)) - raft.server.leaderelection.member.majority-add = false (default)
2025-02-19 06:38:17,372 [2dcfdddc-a76f-4d49-b174-7a2bddacee37-groupManagement] INFO  server.RaftServerConfigKeys (ConfUtils.java:logGet(46)) - raft.server.sleep.deviation.threshold = 300ms (default)
2025-02-19 06:38:17,372 [2dcfdddc-a76f-4d49-b174-7a2bddacee37-groupManagement] INFO  server.RaftServer$Division (ServerState.java:<init>(114)) - 2dcfdddc-a76f-4d49-b174-7a2bddacee37@group-3A2BF5D858B4: ConfigurationManager, init=conf: {index: -1, cur=peers:[e20a886d-0459-4371-959f-f9bdb6931571|127.0.0.1:15079, 2dcfdddc-a76f-4d49-b174-7a2bddacee37|127.0.0.1:15043, 42086d8c-c943-47d6-a5f9-799709872375|127.0.0.1:15052]|listeners:[], old=null}, confs=<EMPTY_MAP>
2025-02-19 06:38:17,373 [2dcfdddc-a76f-4d49-b174-7a2bddacee37-groupManagement] INFO  server.RaftServerConfigKeys (ConfUtils.java:logGet(46)) - raft.server.notification.no-leader.timeout = 300000ms (custom)
2025-02-19 06:38:17,373 [2dcfdddc-a76f-4d49-b174-7a2bddacee37-groupManagement] INFO  server.RaftServerConfigKeys (ConfUtils.java:logGet(46)) - raft.server.read.timeout = 10s (default)
2025-02-19 06:38:17,373 [2dcfdddc-a76f-4d49-b174-7a2bddacee37-groupManagement] INFO  server.RaftServerConfigKeys (ConfUtils.java:logGet(46)) - raft.server.retrycache.expirytime = 600000ms (custom)
2025-02-19 06:38:17,373 [2dcfdddc-a76f-4d49-b174-7a2bddacee37-groupManagement] INFO  server.RaftServerConfigKeys (ConfUtils.java:logGet(46)) - raft.server.retrycache.statistics.expirytime = 100ms (default)
2025-02-19 06:38:17,373 [2dcfdddc-a76f-4d49-b174-7a2bddacee37-groupManagement] INFO  server.RaftServerConfigKeys (ConfUtils.java:logGet(46)) - raft.server.read.option = DEFAULT (default)
2025-02-19 06:38:17,373 [2dcfdddc-a76f-4d49-b174-7a2bddacee37-groupManagement] INFO  server.RaftServerConfigKeys (ConfUtils.java:logGet(46)) - raft.server.read.read-after-write-consistent.write-index-cache.expiry-time = 60s (default)
2025-02-19 06:38:17,379 [2dcfdddc-a76f-4d49-b174-7a2bddacee37-groupManagement] INFO  server.RaftServerConfigKeys (ConfUtils.java:logGet(46)) - raft.server.rpc.request.timeout = 3000ms (default)
2025-02-19 06:38:17,379 [2dcfdddc-a76f-4d49-b174-7a2bddacee37-groupManagement] INFO  server.RaftServerConfigKeys (ConfUtils.java:logGet(46)) - raft.server.log.appender.install.snapshot.enabled = false (custom)
2025-02-19 06:38:17,379 [2dcfdddc-a76f-4d49-b174-7a2bddacee37-groupManagement] INFO  server.RaftServerConfigKeys (ConfUtils.java:logGet(46)) - raft.server.threadpool.server.cached = true (default)
2025-02-19 06:38:17,379 [2dcfdddc-a76f-4d49-b174-7a2bddacee37-groupManagement] INFO  server.RaftServerConfigKeys (ConfUtils.java:logGet(46)) - raft.server.threadpool.server.size = 0 (default)
2025-02-19 06:38:17,380 [2dcfdddc-a76f-4d49-b174-7a2bddacee37-groupManagement] INFO  server.RaftServerConfigKeys (ConfUtils.java:logGet(46)) - raft.server.threadpool.client.cached = true (default)
2025-02-19 06:38:17,380 [2dcfdddc-a76f-4d49-b174-7a2bddacee37-groupManagement] INFO  server.RaftServerConfigKeys (ConfUtils.java:logGet(46)) - raft.server.threadpool.client.size = 0 (default)
2025-02-19 06:38:17,380 [2dcfdddc-a76f-4d49-b174-7a2bddacee37-groupManagement] INFO  server.RaftServerConfigKeys (ConfUtils.java:logGet(46)) - raft.server.storage.free-space.min = 0MB (=0) (default)
2025-02-19 06:38:17,380 [2dcfdddc-a76f-4d49-b174-7a2bddacee37-groupManagement] INFO  server.RaftServerConfigKeys (ConfUtils.java:logGet(46)) - raft.server.log.corruption.policy = EXCEPTION (default)
2025-02-19 06:38:17,380 [2dcfdddc-a76f-4d49-b174-7a2bddacee37-groupManagement] INFO  server.RaftServerConfigKeys (ConfUtils.java:logGet(46)) - raft.server.storage.dir = [/home/runner/work/ozone/ozone/hadoop-ozone/integration-test/target/test-dir/MiniOzoneClusterImpl-3e129c02-f7f1-4d32-bd92-d681932e2c0d/ozone-meta/datanode-4/ratis] (custom)
2025-02-19 06:38:17,380 [2dcfdddc-a76f-4d49-b174-7a2bddacee37-groupManagement] INFO  storage.RaftStorageDirectory (RaftStorageDirectoryImpl.java:analyzeStorage(138)) - The storage directory /home/runner/work/ozone/ozone/hadoop-ozone/integration-test/target/test-dir/MiniOzoneClusterImpl-3e129c02-f7f1-4d32-bd92-d681932e2c0d/ozone-meta/datanode-4/ratis/63d7735b-966d-485e-83b9-3a2bf5d858b4 does not exist. Creating ...
2025-02-19 06:38:17,382 [2dcfdddc-a76f-4d49-b174-7a2bddacee37-groupManagement] INFO  storage.RaftStorageDirectory (RaftStorageDirectoryImpl.java:tryLock(229)) - Lock on /home/runner/work/ozone/ozone/hadoop-ozone/integration-test/target/test-dir/MiniOzoneClusterImpl-3e129c02-f7f1-4d32-bd92-d681932e2c0d/ozone-meta/datanode-4/ratis/63d7735b-966d-485e-83b9-3a2bf5d858b4/in_use.lock acquired by nodename 45211@fv-az1758-115
2025-02-19 06:38:17,383 [2dcfdddc-a76f-4d49-b174-7a2bddacee37-groupManagement] INFO  storage.RaftStorage (RaftStorageImpl.java:format(98)) - Storage directory /home/runner/work/ozone/ozone/hadoop-ozone/integration-test/target/test-dir/MiniOzoneClusterImpl-3e129c02-f7f1-4d32-bd92-d681932e2c0d/ozone-meta/datanode-4/ratis/63d7735b-966d-485e-83b9-3a2bf5d858b4 has been successfully formatted.
2025-02-19 06:38:17,384 [2dcfdddc-a76f-4d49-b174-7a2bddacee37-groupManagement] INFO  ratis.ContainerStateMachine (ContainerStateMachine.java:initialize(300)) - 2dcfdddc-a76f-4d49-b174-7a2bddacee37: initialize group-3A2BF5D858B4
2025-02-19 06:38:17,384 [2dcfdddc-a76f-4d49-b174-7a2bddacee37-groupManagement] INFO  ratis.ContainerStateMachine (ContainerStateMachine.java:loadSnapshot(308)) - group-3A2BF5D858B4: The snapshot info is null. Setting the last applied index to:(t:0, i:~)
2025-02-19 06:38:17,384 [2dcfdddc-a76f-4d49-b174-7a2bddacee37-groupManagement] INFO  server.RaftServerConfigKeys (ConfUtils.java:logGet(46)) - raft.server.log.use.memory = false (default)
2025-02-19 06:38:17,384 [2dcfdddc-a76f-4d49-b174-7a2bddacee37-groupManagement] INFO  server.RaftServerConfigKeys (ConfUtils.java:logGet(46)) - raft.server.log.purge.gap = 1000000 (custom)
2025-02-19 06:38:17,384 [2dcfdddc-a76f-4d49-b174-7a2bddacee37-groupManagement] INFO  server.RaftServerConfigKeys (ConfUtils.java:logGet(46)) - raft.server.log.appender.buffer.byte-limit = 33554432 (custom)
2025-02-19 06:38:17,384 [2dcfdddc-a76f-4d49-b174-7a2bddacee37-groupManagement] INFO  server.RaftServerConfigKeys (ConfUtils.java:logGet(46)) - raft.server.log.statemachine.data.read.timeout = 1000ms (default)
2025-02-19 06:38:17,384 [2dcfdddc-a76f-4d49-b174-7a2bddacee37-groupManagement] INFO  server.RaftServerConfigKeys (ConfUtils.java:logGet(46)) - raft.server.log.purge.preservation.log.num = 0 (default)
2025-02-19 06:38:17,386 [2dcfdddc-a76f-4d49-b174-7a2bddacee37-groupManagement] INFO  server.RaftServerConfigKeys (ConfUtils.java:logGet(46)) - raft.server.log.segment.size.max = 67108864 (custom)
2025-02-19 06:38:17,386 [2dcfdddc-a76f-4d49-b174-7a2bddacee37-groupManagement] INFO  server.RaftServerConfigKeys (ConfUtils.java:logGet(46)) - raft.server.log.segment.cache.num.max = 2 (custom)
2025-02-19 06:38:17,386 [2dcfdddc-a76f-4d49-b174-7a2bddacee37-groupManagement] INFO  server.RaftServerConfigKeys (ConfUtils.java:logGet(46)) - raft.server.log.segment.cache.size.max = 200MB (=209715200) (default)
2025-02-19 06:38:17,387 [2dcfdddc-a76f-4d49-b174-7a2bddacee37-groupManagement] INFO  server.RaftServerConfigKeys (ConfUtils.java:logGet(46)) - raft.server.log.appender.buffer.byte-limit = 33554432 (custom)
2025-02-19 06:38:17,387 [2dcfdddc-a76f-4d49-b174-7a2bddacee37-groupManagement] INFO  util.AwaitToRun (AwaitToRun.java:start(81)) - Thread[#2342,2dcfdddc-a76f-4d49-b174-7a2bddacee37@group-3A2BF5D858B4-cacheEviction-AwaitToRun,5,main] started
2025-02-19 06:38:17,387 [2dcfdddc-a76f-4d49-b174-7a2bddacee37-groupManagement] INFO  segmented.SegmentedRaftLogWorker (SegmentedRaftLogWorker.java:<init>(188)) - new 2dcfdddc-a76f-4d49-b174-7a2bddacee37@group-3A2BF5D858B4-SegmentedRaftLogWorker for RaftStorageImpl:Storage Directory /home/runner/work/ozone/ozone/hadoop-ozone/integration-test/target/test-dir/MiniOzoneClusterImpl-3e129c02-f7f1-4d32-bd92-d681932e2c0d/ozone-meta/datanode-4/ratis/63d7735b-966d-485e-83b9-3a2bf5d858b4
2025-02-19 06:38:17,387 [2dcfdddc-a76f-4d49-b174-7a2bddacee37-groupManagement] INFO  server.RaftServerConfigKeys (ConfUtils.java:logGet(46)) - raft.server.log.queue.byte-limit = 4294967296 (custom)
2025-02-19 06:38:17,387 [2dcfdddc-a76f-4d49-b174-7a2bddacee37-groupManagement] INFO  server.RaftServerConfigKeys (ConfUtils.java:logGet(46)) - raft.server.log.queue.element-limit = 1024 (custom)
2025-02-19 06:38:17,388 [2dcfdddc-a76f-4d49-b174-7a2bddacee37-groupManagement] INFO  server.RaftServerConfigKeys (ConfUtils.java:logGet(46)) - raft.server.log.segment.size.max = 67108864 (custom)
2025-02-19 06:38:17,388 [2dcfdddc-a76f-4d49-b174-7a2bddacee37-groupManagement] INFO  server.RaftServerConfigKeys (ConfUtils.java:logGet(46)) - raft.server.log.preallocated.size = 4194304 (custom)
2025-02-19 06:38:17,388 [2dcfdddc-a76f-4d49-b174-7a2bddacee37-groupManagement] INFO  server.RaftServerConfigKeys (ConfUtils.java:logGet(46)) - raft.server.log.force.sync.num = 128 (default)
2025-02-19 06:38:17,388 [2dcfdddc-a76f-4d49-b174-7a2bddacee37-groupManagement] INFO  server.RaftServerConfigKeys (ConfUtils.java:logGet(46)) - raft.server.log.statemachine.data.sync = true (default)
2025-02-19 06:38:17,388 [2dcfdddc-a76f-4d49-b174-7a2bddacee37-groupManagement] INFO  server.RaftServerConfigKeys (ConfUtils.java:logGet(46)) - raft.server.log.statemachine.data.sync.timeout = 10s (default)
2025-02-19 06:38:17,388 [2dcfdddc-a76f-4d49-b174-7a2bddacee37-groupManagement] INFO  server.RaftServerConfigKeys (ConfUtils.java:logGet(46)) - raft.server.log.statemachine.data.sync.timeout.retry = 30 (custom)
2025-02-19 06:38:17,389 [2dcfdddc-a76f-4d49-b174-7a2bddacee37-groupManagement] INFO  server.RaftServerConfigKeys (ConfUtils.java:logGet(46)) - raft.server.log.write.buffer.size = 33554440 (custom)
2025-02-19 06:38:17,393 [2dcfdddc-a76f-4d49-b174-7a2bddacee37-groupManagement] INFO  server.RaftServerConfigKeys (ConfUtils.java:logGet(46)) - raft.server.log.appender.buffer.byte-limit = 33554432 (custom)
2025-02-19 06:38:17,393 [2dcfdddc-a76f-4d49-b174-7a2bddacee37-groupManagement] INFO  server.RaftServerConfigKeys (ConfUtils.java:logGet(46)) - raft.server.log.unsafe-flush.enabled = false (default)
2025-02-19 06:38:17,393 [2dcfdddc-a76f-4d49-b174-7a2bddacee37-groupManagement] INFO  server.RaftServerConfigKeys (ConfUtils.java:logGet(46)) - raft.server.log.async-flush.enabled = false (default)
2025-02-19 06:38:17,393 [2dcfdddc-a76f-4d49-b174-7a2bddacee37-groupManagement] INFO  server.RaftServerConfigKeys (ConfUtils.java:logGet(46)) - raft.server.log.statemachine.data.caching.enabled = true (custom)
2025-02-19 06:38:17,393 [2dcfdddc-a76f-4d49-b174-7a2bddacee37-groupManagement] INFO  segmented.SegmentedRaftLogWorker (SegmentedRaftLogWorker.java:lambda$new$0(139)) - 2dcfdddc-a76f-4d49-b174-7a2bddacee37@group-3A2BF5D858B4-SegmentedRaftLogWorker: flushIndex: setUnconditionally 0 -> -1
2025-02-19 06:38:17,393 [2dcfdddc-a76f-4d49-b174-7a2bddacee37-groupManagement] INFO  segmented.SegmentedRaftLogWorker (SegmentedRaftLogWorker.java:lambda$new$0(139)) - 2dcfdddc-a76f-4d49-b174-7a2bddacee37@group-3A2BF5D858B4-SegmentedRaftLogWorker: safeCacheEvictIndex: setUnconditionally 0 -> -1
2025-02-19 06:38:17,394 [2dcfdddc-a76f-4d49-b174-7a2bddacee37-groupManagement] INFO  server.RaftServer$Division (RaftServerImpl.java:start(391)) - 2dcfdddc-a76f-4d49-b174-7a2bddacee37@group-3A2BF5D858B4: start as a follower, conf=conf: {index: -1, cur=peers:[e20a886d-0459-4371-959f-f9bdb6931571|127.0.0.1:15079, 2dcfdddc-a76f-4d49-b174-7a2bddacee37|127.0.0.1:15043, 42086d8c-c943-47d6-a5f9-799709872375|127.0.0.1:15052]|listeners:[], old=null}
2025-02-19 06:38:17,394 [2dcfdddc-a76f-4d49-b174-7a2bddacee37-groupManagement] INFO  server.RaftServer$Division (RaftServerImpl.java:setRole(378)) - 2dcfdddc-a76f-4d49-b174-7a2bddacee37@group-3A2BF5D858B4: changes role from      null to FOLLOWER at term 0 for startAsFollower
2025-02-19 06:38:17,394 [2dcfdddc-a76f-4d49-b174-7a2bddacee37-groupManagement] INFO  impl.RoleInfo (RoleInfo.java:updateAndGet(148)) - 2dcfdddc-a76f-4d49-b174-7a2bddacee37: start 2dcfdddc-a76f-4d49-b174-7a2bddacee37@group-3A2BF5D858B4-FollowerState
2025-02-19 06:38:17,395 [2dcfdddc-a76f-4d49-b174-7a2bddacee37-groupManagement] INFO  util.JmxRegister (JmxRegister.java:tryRegister(44)) - Successfully registered JMX Bean with object name Ratis:service=RaftServer,group=group-3A2BF5D858B4,id=2dcfdddc-a76f-4d49-b174-7a2bddacee37
2025-02-19 06:38:17,395 [2dcfdddc-a76f-4d49-b174-7a2bddacee37-groupManagement] INFO  util.JmxRegister (JmxRegister.java:register(58)) - register mxBean class org.apache.ratis.server.impl.RaftServerJmxAdapter as Ratis:service=RaftServer,group=group-3A2BF5D858B4,id=2dcfdddc-a76f-4d49-b174-7a2bddacee37
2025-02-19 06:38:17,395 [2dcfdddc-a76f-4d49-b174-7a2bddacee37-groupManagement] INFO  server.RaftServerConfigKeys (ConfUtils.java:logGet(46)) - raft.server.snapshot.trigger-when-stop.enabled = true (default)
2025-02-19 06:38:17,395 [2dcfdddc-a76f-4d49-b174-7a2bddacee37-groupManagement] INFO  server.RaftServerConfigKeys (ConfUtils.java:logGet(46)) - raft.server.snapshot.trigger-when-remove.enabled = true (default)
2025-02-19 06:38:17,395 [2dcfdddc-a76f-4d49-b174-7a2bddacee37-groupManagement] INFO  server.RaftServerConfigKeys (ConfUtils.java:logGet(46)) - raft.server.snapshot.auto.trigger.enabled = true (custom)
2025-02-19 06:38:17,395 [2dcfdddc-a76f-4d49-b174-7a2bddacee37-groupManagement] INFO  server.RaftServerConfigKeys (ConfUtils.java:logGet(46)) - raft.server.snapshot.auto.trigger.threshold = 1 (custom)
2025-02-19 06:38:17,395 [2dcfdddc-a76f-4d49-b174-7a2bddacee37-groupManagement] INFO  server.RaftServerConfigKeys (ConfUtils.java:logGet(46)) - raft.server.snapshot.retention.file.num = 5 (custom)
2025-02-19 06:38:17,395 [2dcfdddc-a76f-4d49-b174-7a2bddacee37-groupManagement] INFO  server.RaftServerConfigKeys (ConfUtils.java:logGet(46)) - raft.server.log.purge.upto.snapshot.index = false (default)
2025-02-19 06:38:17,396 [2dcfdddc-a76f-4d49-b174-7a2bddacee37-groupManagement] INFO  server.RaftServer$Division (RaftServerImpl.java:start(405)) - 2dcfdddc-a76f-4d49-b174-7a2bddacee37@group-3A2BF5D858B4: Successfully started.
2025-02-19 06:38:17,397 [2dcfdddc-a76f-4d49-b174-7a2bddacee37@group-3A2BF5D858B4-FollowerState] INFO  server.RaftServerConfigKeys (ConfUtils.java:logFallback(53)) - raft.server.rpc.first-election.timeout.min = 5s (fallback to raft.server.rpc.timeout.min)
2025-02-19 06:38:17,397 [2dcfdddc-a76f-4d49-b174-7a2bddacee37@group-3A2BF5D858B4-FollowerState] INFO  server.RaftServerConfigKeys (ConfUtils.java:logFallback(53)) - raft.server.rpc.first-election.timeout.max = 5200ms (fallback to raft.server.rpc.timeout.max)
2025-02-19 06:38:17,399 [e20a886d-0459-4371-959f-f9bdb6931571-PipelineCommandHandlerThread-0] INFO  commandhandler.CreatePipelineCommandHandler (CreatePipelineCommandHandler.java:lambda$handle$2(128)) - Created Pipeline RATIS THREE PipelineID=63d7735b-966d-485e-83b9-3a2bf5d858b4.
2025-02-19 06:38:17,574 [6b36f32d-918c-46a3-bfcb-888cb423c6dd@group-81341F4E2824-StateMachineUpdater] INFO  ratis.ContainerStateMachine (ContainerStateMachine.java:takeSnapshot(376)) - group-81341F4E2824: Taking a snapshot at:(t:1, i:16) file /home/runner/work/ozone/ozone/hadoop-ozone/integration-test/target/test-dir/MiniOzoneClusterImpl-3e129c02-f7f1-4d32-bd92-d681932e2c0d/ozone-meta/datanode-2/ratis/e1fc892c-095b-4650-8f0f-81341f4e2824/sm/snapshot.1_16
2025-02-19 06:38:17,576 [6b36f32d-918c-46a3-bfcb-888cb423c6dd@group-81341F4E2824-StateMachineUpdater] INFO  ratis.ContainerStateMachine (ContainerStateMachine.java:takeSnapshot(387)) - group-81341F4E2824: Finished taking a snapshot at:(t:1, i:16) file:/home/runner/work/ozone/ozone/hadoop-ozone/integration-test/target/test-dir/MiniOzoneClusterImpl-3e129c02-f7f1-4d32-bd92-d681932e2c0d/ozone-meta/datanode-2/ratis/e1fc892c-095b-4650-8f0f-81341f4e2824/sm/snapshot.1_16 took: 2 ms
2025-02-19 06:38:17,577 [6b36f32d-918c-46a3-bfcb-888cb423c6dd@group-81341F4E2824-StateMachineUpdater] INFO  impl.SimpleStateMachineStorage (SimpleStateMachineStorage.java:lambda$cleanupOldSnapshots$1(126)) - Deleting old snapshot at /home/runner/work/ozone/ozone/hadoop-ozone/integration-test/target/test-dir/MiniOzoneClusterImpl-3e129c02-f7f1-4d32-bd92-d681932e2c0d/ozone-meta/datanode-2/ratis/e1fc892c-095b-4650-8f0f-81341f4e2824/sm/snapshot.1_4
2025-02-19 06:38:17,577 [6b36f32d-918c-46a3-bfcb-888cb423c6dd@group-81341F4E2824-StateMachineUpdater] INFO  impl.StateMachineUpdater (StateMachineUpdater.java:takeSnapshot(303)) - 6b36f32d-918c-46a3-bfcb-888cb423c6dd@group-81341F4E2824-StateMachineUpdater: Took a snapshot at index 16
2025-02-19 06:38:17,577 [6b36f32d-918c-46a3-bfcb-888cb423c6dd@group-81341F4E2824-StateMachineUpdater] INFO  impl.StateMachineUpdater (StateMachineUpdater.java:lambda$new$0(102)) - 6b36f32d-918c-46a3-bfcb-888cb423c6dd@group-81341F4E2824-StateMachineUpdater: snapshotIndex: updateIncreasingly 13 -> 16
2025-02-19 06:38:17,967 [timer7] WARN  server.GrpcLogAppender (LogUtils.java:warn(121)) - 25fe7083-9332-4190-accf-9f4542114dd9@group-B5B4EE72DAEF->62ffdddc-aaf0-4ce5-9810-4c181ebbf473-AppendLogResponseHandler: Failed appendEntries (Repeated 8 times in the last 5.000s): org.apache.ratis.thirdparty.io.grpc.StatusRuntimeException: UNAVAILABLE: io exception
2025-02-19 06:38:17,974 [timer4] WARN  server.GrpcLogAppender (GrpcLogAppender.java:lambda$resetClient$1(221)) - 25fe7083-9332-4190-accf-9f4542114dd9@group-B5B4EE72DAEF->62ffdddc-aaf0-4ce5-9810-4c181ebbf473-GrpcLogAppender: Follower failed (request=null, errorCount=4); keep nextIndex (2) unchanged and retry. (Repeated 2 times in the last 5.001s)
2025-02-19 06:38:17,987 [timer6] WARN  server.GrpcLogAppender (GrpcLogAppender.java:lambda$resetClient$1(221)) - 25fe7083-9332-4190-accf-9f4542114dd9@group-B5B4EE72DAEF->62ffdddc-aaf0-4ce5-9810-4c181ebbf473-GrpcLogAppender: Follower failed (request=null, errorCount=8); keep nextIndex (3) unchanged and retry. (Repeated 4 times in the last 4.999s)
2025-02-19 06:38:18,046 [timer5] WARN  server.GrpcLogAppender (GrpcLogAppender.java:lambda$resetClient$1(221)) - eb965ba7-12a8-46f3-92c0-bc6ff5b3bf3b@group-81341F4E2824->62ffdddc-aaf0-4ce5-9810-4c181ebbf473-GrpcLogAppender: Follower failed (request=null, errorCount=45); keep nextIndex (6) unchanged and retry. (Repeated 2 times in the last 5.001s)
2025-02-19 06:38:18,048 [timer7] WARN  server.GrpcLogAppender (GrpcLogAppender.java:lambda$resetClient$1(221)) - eb965ba7-12a8-46f3-92c0-bc6ff5b3bf3b@group-81341F4E2824->62ffdddc-aaf0-4ce5-9810-4c181ebbf473-GrpcLogAppender: Follower failed (request=null, errorCount=49); keep nextIndex (9) unchanged and retry. (Repeated 4 times in the last 5.000s)
2025-02-19 06:38:18,345 [eb965ba7-12a8-46f3-92c0-bc6ff5b3bf3b-PipelineCommandHandlerThread-0] INFO  server.RaftServer (RaftServerProxy.java:addNew(100)) - eb965ba7-12a8-46f3-92c0-bc6ff5b3bf3b: addNew group-4434D0010B67:[49dd84ae-7ec9-4d92-bc53-345946144fea|127.0.0.1:15016, 2fdf8a61-8d2a-4048-aa8e-d82d5837d34a|127.0.0.1:15061, eb965ba7-12a8-46f3-92c0-bc6ff5b3bf3b|127.0.0.1:15034] returns group-4434D0010B67:java.util.concurrent.CompletableFuture@cd6d22c[Not completed]
2025-02-19 06:38:18,347 [eb965ba7-12a8-46f3-92c0-bc6ff5b3bf3b-groupManagement] INFO  server.RaftServer$Division (RaftServerImpl.java:<init>(255)) - eb965ba7-12a8-46f3-92c0-bc6ff5b3bf3b: new RaftServerImpl for group-4434D0010B67:[49dd84ae-7ec9-4d92-bc53-345946144fea|127.0.0.1:15016, 2fdf8a61-8d2a-4048-aa8e-d82d5837d34a|127.0.0.1:15061, eb965ba7-12a8-46f3-92c0-bc6ff5b3bf3b|127.0.0.1:15034] with ContainerStateMachine:uninitialized
2025-02-19 06:38:18,348 [eb965ba7-12a8-46f3-92c0-bc6ff5b3bf3b-groupManagement] INFO  server.RaftServerConfigKeys (ConfUtils.java:logGet(46)) - raft.server.rpc.timeout.min = 5s (custom)
2025-02-19 06:38:18,348 [eb965ba7-12a8-46f3-92c0-bc6ff5b3bf3b-groupManagement] INFO  server.RaftServerConfigKeys (ConfUtils.java:logGet(46)) - raft.server.rpc.timeout.max = 5200ms (custom)
2025-02-19 06:38:18,348 [eb965ba7-12a8-46f3-92c0-bc6ff5b3bf3b-groupManagement] INFO  server.RaftServerConfigKeys (ConfUtils.java:logGet(46)) - raft.server.rpc.sleep.time = 25ms (default)
2025-02-19 06:38:18,348 [eb965ba7-12a8-46f3-92c0-bc6ff5b3bf3b-groupManagement] INFO  server.RaftServerConfigKeys (ConfUtils.java:logGet(46)) - raft.server.rpc.slowness.timeout = 300000ms (custom)
2025-02-19 06:38:18,348 [eb965ba7-12a8-46f3-92c0-bc6ff5b3bf3b-groupManagement] INFO  server.RaftServerConfigKeys (ConfUtils.java:logGet(46)) - raft.server.leaderelection.leader.step-down.wait-time = 10s (default)
2025-02-19 06:38:18,348 [eb965ba7-12a8-46f3-92c0-bc6ff5b3bf3b-groupManagement] INFO  server.RaftServerConfigKeys (ConfUtils.java:logGet(46)) - raft.server.leaderelection.member.majority-add = false (default)
2025-02-19 06:38:18,348 [eb965ba7-12a8-46f3-92c0-bc6ff5b3bf3b-groupManagement] INFO  server.RaftServerConfigKeys (ConfUtils.java:logGet(46)) - raft.server.sleep.deviation.threshold = 300ms (default)
2025-02-19 06:38:18,348 [eb965ba7-12a8-46f3-92c0-bc6ff5b3bf3b-groupManagement] INFO  server.RaftServer$Division (ServerState.java:<init>(114)) - eb965ba7-12a8-46f3-92c0-bc6ff5b3bf3b@group-4434D0010B67: ConfigurationManager, init=conf: {index: -1, cur=peers:[49dd84ae-7ec9-4d92-bc53-345946144fea|127.0.0.1:15016, 2fdf8a61-8d2a-4048-aa8e-d82d5837d34a|127.0.0.1:15061, eb965ba7-12a8-46f3-92c0-bc6ff5b3bf3b|127.0.0.1:15034]|listeners:[], old=null}, confs=<EMPTY_MAP>
2025-02-19 06:38:18,348 [eb965ba7-12a8-46f3-92c0-bc6ff5b3bf3b-groupManagement] INFO  server.RaftServerConfigKeys (ConfUtils.java:logGet(46)) - raft.server.notification.no-leader.timeout = 300000ms (custom)
2025-02-19 06:38:18,348 [eb965ba7-12a8-46f3-92c0-bc6ff5b3bf3b-groupManagement] INFO  server.RaftServerConfigKeys (ConfUtils.java:logGet(46)) - raft.server.read.timeout = 10s (default)
2025-02-19 06:38:18,348 [eb965ba7-12a8-46f3-92c0-bc6ff5b3bf3b-groupManagement] INFO  server.RaftServerConfigKeys (ConfUtils.java:logGet(46)) - raft.server.retrycache.expirytime = 600000ms (custom)
2025-02-19 06:38:18,348 [eb965ba7-12a8-46f3-92c0-bc6ff5b3bf3b-groupManagement] INFO  server.RaftServerConfigKeys (ConfUtils.java:logGet(46)) - raft.server.retrycache.statistics.expirytime = 100ms (default)
2025-02-19 06:38:18,348 [eb965ba7-12a8-46f3-92c0-bc6ff5b3bf3b-groupManagement] INFO  server.RaftServerConfigKeys (ConfUtils.java:logGet(46)) - raft.server.read.option = DEFAULT (default)
2025-02-19 06:38:18,348 [eb965ba7-12a8-46f3-92c0-bc6ff5b3bf3b-groupManagement] INFO  server.RaftServerConfigKeys (ConfUtils.java:logGet(46)) - raft.server.read.read-after-write-consistent.write-index-cache.expiry-time = 60s (default)
2025-02-19 06:38:18,351 [eb965ba7-12a8-46f3-92c0-bc6ff5b3bf3b-groupManagement] INFO  server.RaftServerConfigKeys (ConfUtils.java:logGet(46)) - raft.server.rpc.request.timeout = 3000ms (default)
2025-02-19 06:38:18,351 [eb965ba7-12a8-46f3-92c0-bc6ff5b3bf3b-groupManagement] INFO  server.RaftServerConfigKeys (ConfUtils.java:logGet(46)) - raft.server.log.appender.install.snapshot.enabled = false (custom)
2025-02-19 06:38:18,351 [eb965ba7-12a8-46f3-92c0-bc6ff5b3bf3b-groupManagement] INFO  server.RaftServerConfigKeys (ConfUtils.java:logGet(46)) - raft.server.threadpool.server.cached = true (default)
2025-02-19 06:38:18,351 [eb965ba7-12a8-46f3-92c0-bc6ff5b3bf3b-groupManagement] INFO  server.RaftServerConfigKeys (ConfUtils.java:logGet(46)) - raft.server.threadpool.server.size = 0 (default)
2025-02-19 06:38:18,351 [eb965ba7-12a8-46f3-92c0-bc6ff5b3bf3b-groupManagement] INFO  server.RaftServerConfigKeys (ConfUtils.java:logGet(46)) - raft.server.threadpool.client.cached = true (default)
2025-02-19 06:38:18,351 [eb965ba7-12a8-46f3-92c0-bc6ff5b3bf3b-groupManagement] INFO  server.RaftServerConfigKeys (ConfUtils.java:logGet(46)) - raft.server.threadpool.client.size = 0 (default)
2025-02-19 06:38:18,351 [eb965ba7-12a8-46f3-92c0-bc6ff5b3bf3b-groupManagement] INFO  server.RaftServerConfigKeys (ConfUtils.java:logGet(46)) - raft.server.storage.free-space.min = 0MB (=0) (default)
2025-02-19 06:38:18,351 [eb965ba7-12a8-46f3-92c0-bc6ff5b3bf3b-groupManagement] INFO  server.RaftServerConfigKeys (ConfUtils.java:logGet(46)) - raft.server.log.corruption.policy = EXCEPTION (default)
2025-02-19 06:38:18,352 [eb965ba7-12a8-46f3-92c0-bc6ff5b3bf3b-groupManagement] INFO  server.RaftServerConfigKeys (ConfUtils.java:logGet(46)) - raft.server.storage.dir = [/home/runner/work/ozone/ozone/hadoop-ozone/integration-test/target/test-dir/MiniOzoneClusterImpl-3e129c02-f7f1-4d32-bd92-d681932e2c0d/ozone-meta/datanode-3/ratis] (custom)
2025-02-19 06:38:18,352 [eb965ba7-12a8-46f3-92c0-bc6ff5b3bf3b-groupManagement] INFO  storage.RaftStorageDirectory (RaftStorageDirectoryImpl.java:analyzeStorage(138)) - The storage directory /home/runner/work/ozone/ozone/hadoop-ozone/integration-test/target/test-dir/MiniOzoneClusterImpl-3e129c02-f7f1-4d32-bd92-d681932e2c0d/ozone-meta/datanode-3/ratis/9e19a5d8-8434-42f4-93b5-4434d0010b67 does not exist. Creating ...
2025-02-19 06:38:18,353 [eb965ba7-12a8-46f3-92c0-bc6ff5b3bf3b-groupManagement] INFO  storage.RaftStorageDirectory (RaftStorageDirectoryImpl.java:tryLock(229)) - Lock on /home/runner/work/ozone/ozone/hadoop-ozone/integration-test/target/test-dir/MiniOzoneClusterImpl-3e129c02-f7f1-4d32-bd92-d681932e2c0d/ozone-meta/datanode-3/ratis/9e19a5d8-8434-42f4-93b5-4434d0010b67/in_use.lock acquired by nodename 45211@fv-az1758-115
2025-02-19 06:38:18,354 [eb965ba7-12a8-46f3-92c0-bc6ff5b3bf3b-groupManagement] INFO  storage.RaftStorage (RaftStorageImpl.java:format(98)) - Storage directory /home/runner/work/ozone/ozone/hadoop-ozone/integration-test/target/test-dir/MiniOzoneClusterImpl-3e129c02-f7f1-4d32-bd92-d681932e2c0d/ozone-meta/datanode-3/ratis/9e19a5d8-8434-42f4-93b5-4434d0010b67 has been successfully formatted.
2025-02-19 06:38:18,354 [eb965ba7-12a8-46f3-92c0-bc6ff5b3bf3b-groupManagement] INFO  ratis.ContainerStateMachine (ContainerStateMachine.java:initialize(300)) - eb965ba7-12a8-46f3-92c0-bc6ff5b3bf3b: initialize group-4434D0010B67
2025-02-19 06:38:18,354 [eb965ba7-12a8-46f3-92c0-bc6ff5b3bf3b-groupManagement] INFO  ratis.ContainerStateMachine (ContainerStateMachine.java:loadSnapshot(308)) - group-4434D0010B67: The snapshot info is null. Setting the last applied index to:(t:0, i:~)
2025-02-19 06:38:18,354 [eb965ba7-12a8-46f3-92c0-bc6ff5b3bf3b-groupManagement] INFO  server.RaftServerConfigKeys (ConfUtils.java:logGet(46)) - raft.server.log.use.memory = false (default)
2025-02-19 06:38:18,354 [eb965ba7-12a8-46f3-92c0-bc6ff5b3bf3b-groupManagement] INFO  server.RaftServerConfigKeys (ConfUtils.java:logGet(46)) - raft.server.log.purge.gap = 1000000 (custom)
2025-02-19 06:38:18,354 [eb965ba7-12a8-46f3-92c0-bc6ff5b3bf3b-groupManagement] INFO  server.RaftServerConfigKeys (ConfUtils.java:logGet(46)) - raft.server.log.appender.buffer.byte-limit = 33554432 (custom)
2025-02-19 06:38:18,354 [eb965ba7-12a8-46f3-92c0-bc6ff5b3bf3b-groupManagement] INFO  server.RaftServerConfigKeys (ConfUtils.java:logGet(46)) - raft.server.log.statemachine.data.read.timeout = 1000ms (default)
2025-02-19 06:38:18,355 [eb965ba7-12a8-46f3-92c0-bc6ff5b3bf3b-groupManagement] INFO  server.RaftServerConfigKeys (ConfUtils.java:logGet(46)) - raft.server.log.purge.preservation.log.num = 0 (default)
2025-02-19 06:38:18,356 [eb965ba7-12a8-46f3-92c0-bc6ff5b3bf3b-groupManagement] INFO  server.RaftServerConfigKeys (ConfUtils.java:logGet(46)) - raft.server.log.segment.size.max = 67108864 (custom)
2025-02-19 06:38:18,356 [eb965ba7-12a8-46f3-92c0-bc6ff5b3bf3b-groupManagement] INFO  server.RaftServerConfigKeys (ConfUtils.java:logGet(46)) - raft.server.log.segment.cache.num.max = 2 (custom)
2025-02-19 06:38:18,356 [eb965ba7-12a8-46f3-92c0-bc6ff5b3bf3b-groupManagement] INFO  server.RaftServerConfigKeys (ConfUtils.java:logGet(46)) - raft.server.log.segment.cache.size.max = 200MB (=209715200) (default)
2025-02-19 06:38:18,356 [eb965ba7-12a8-46f3-92c0-bc6ff5b3bf3b-groupManagement] INFO  server.RaftServerConfigKeys (ConfUtils.java:logGet(46)) - raft.server.log.appender.buffer.byte-limit = 33554432 (custom)
2025-02-19 06:38:18,356 [eb965ba7-12a8-46f3-92c0-bc6ff5b3bf3b-groupManagement] INFO  util.AwaitToRun (AwaitToRun.java:start(81)) - Thread[#2350,eb965ba7-12a8-46f3-92c0-bc6ff5b3bf3b@group-4434D0010B67-cacheEviction-AwaitToRun,5,main] started
2025-02-19 06:38:18,356 [eb965ba7-12a8-46f3-92c0-bc6ff5b3bf3b-groupManagement] INFO  segmented.SegmentedRaftLogWorker (SegmentedRaftLogWorker.java:<init>(188)) - new eb965ba7-12a8-46f3-92c0-bc6ff5b3bf3b@group-4434D0010B67-SegmentedRaftLogWorker for RaftStorageImpl:Storage Directory /home/runner/work/ozone/ozone/hadoop-ozone/integration-test/target/test-dir/MiniOzoneClusterImpl-3e129c02-f7f1-4d32-bd92-d681932e2c0d/ozone-meta/datanode-3/ratis/9e19a5d8-8434-42f4-93b5-4434d0010b67
2025-02-19 06:38:18,356 [eb965ba7-12a8-46f3-92c0-bc6ff5b3bf3b-groupManagement] INFO  server.RaftServerConfigKeys (ConfUtils.java:logGet(46)) - raft.server.log.queue.byte-limit = 4294967296 (custom)
2025-02-19 06:38:18,356 [eb965ba7-12a8-46f3-92c0-bc6ff5b3bf3b-groupManagement] INFO  server.RaftServerConfigKeys (ConfUtils.java:logGet(46)) - raft.server.log.queue.element-limit = 1024 (custom)
2025-02-19 06:38:18,356 [eb965ba7-12a8-46f3-92c0-bc6ff5b3bf3b-groupManagement] INFO  server.RaftServerConfigKeys (ConfUtils.java:logGet(46)) - raft.server.log.segment.size.max = 67108864 (custom)
2025-02-19 06:38:18,357 [eb965ba7-12a8-46f3-92c0-bc6ff5b3bf3b-groupManagement] INFO  server.RaftServerConfigKeys (ConfUtils.java:logGet(46)) - raft.server.log.preallocated.size = 4194304 (custom)
2025-02-19 06:38:18,357 [eb965ba7-12a8-46f3-92c0-bc6ff5b3bf3b-groupManagement] INFO  server.RaftServerConfigKeys (ConfUtils.java:logGet(46)) - raft.server.log.force.sync.num = 128 (default)
2025-02-19 06:38:18,357 [eb965ba7-12a8-46f3-92c0-bc6ff5b3bf3b-groupManagement] INFO  server.RaftServerConfigKeys (ConfUtils.java:logGet(46)) - raft.server.log.statemachine.data.sync = true (default)
2025-02-19 06:38:18,357 [eb965ba7-12a8-46f3-92c0-bc6ff5b3bf3b-groupManagement] INFO  server.RaftServerConfigKeys (ConfUtils.java:logGet(46)) - raft.server.log.statemachine.data.sync.timeout = 10s (default)
2025-02-19 06:38:18,357 [eb965ba7-12a8-46f3-92c0-bc6ff5b3bf3b-groupManagement] INFO  server.RaftServerConfigKeys (ConfUtils.java:logGet(46)) - raft.server.log.statemachine.data.sync.timeout.retry = 30 (custom)
2025-02-19 06:38:18,357 [eb965ba7-12a8-46f3-92c0-bc6ff5b3bf3b-groupManagement] INFO  server.RaftServerConfigKeys (ConfUtils.java:logGet(46)) - raft.server.log.write.buffer.size = 33554440 (custom)
2025-02-19 06:38:18,361 [eb965ba7-12a8-46f3-92c0-bc6ff5b3bf3b-groupManagement] INFO  server.RaftServerConfigKeys (ConfUtils.java:logGet(46)) - raft.server.log.appender.buffer.byte-limit = 33554432 (custom)
2025-02-19 06:38:18,361 [eb965ba7-12a8-46f3-92c0-bc6ff5b3bf3b-groupManagement] INFO  server.RaftServerConfigKeys (ConfUtils.java:logGet(46)) - raft.server.log.unsafe-flush.enabled = false (default)
2025-02-19 06:38:18,361 [eb965ba7-12a8-46f3-92c0-bc6ff5b3bf3b-groupManagement] INFO  server.RaftServerConfigKeys (ConfUtils.java:logGet(46)) - raft.server.log.async-flush.enabled = false (default)
2025-02-19 06:38:18,361 [eb965ba7-12a8-46f3-92c0-bc6ff5b3bf3b-groupManagement] INFO  server.RaftServerConfigKeys (ConfUtils.java:logGet(46)) - raft.server.log.statemachine.data.caching.enabled = true (custom)
2025-02-19 06:38:18,361 [eb965ba7-12a8-46f3-92c0-bc6ff5b3bf3b-groupManagement] INFO  segmented.SegmentedRaftLogWorker (SegmentedRaftLogWorker.java:lambda$new$0(139)) - eb965ba7-12a8-46f3-92c0-bc6ff5b3bf3b@group-4434D0010B67-SegmentedRaftLogWorker: flushIndex: setUnconditionally 0 -> -1
2025-02-19 06:38:18,361 [eb965ba7-12a8-46f3-92c0-bc6ff5b3bf3b-groupManagement] INFO  segmented.SegmentedRaftLogWorker (SegmentedRaftLogWorker.java:lambda$new$0(139)) - eb965ba7-12a8-46f3-92c0-bc6ff5b3bf3b@group-4434D0010B67-SegmentedRaftLogWorker: safeCacheEvictIndex: setUnconditionally 0 -> -1
2025-02-19 06:38:18,362 [eb965ba7-12a8-46f3-92c0-bc6ff5b3bf3b-groupManagement] INFO  server.RaftServer$Division (RaftServerImpl.java:start(391)) - eb965ba7-12a8-46f3-92c0-bc6ff5b3bf3b@group-4434D0010B67: start as a follower, conf=conf: {index: -1, cur=peers:[49dd84ae-7ec9-4d92-bc53-345946144fea|127.0.0.1:15016, 2fdf8a61-8d2a-4048-aa8e-d82d5837d34a|127.0.0.1:15061, eb965ba7-12a8-46f3-92c0-bc6ff5b3bf3b|127.0.0.1:15034]|listeners:[], old=null}
2025-02-19 06:38:18,362 [eb965ba7-12a8-46f3-92c0-bc6ff5b3bf3b-groupManagement] INFO  server.RaftServer$Division (RaftServerImpl.java:setRole(378)) - eb965ba7-12a8-46f3-92c0-bc6ff5b3bf3b@group-4434D0010B67: changes role from      null to FOLLOWER at term 0 for startAsFollower
2025-02-19 06:38:18,362 [eb965ba7-12a8-46f3-92c0-bc6ff5b3bf3b-groupManagement] INFO  impl.RoleInfo (RoleInfo.java:updateAndGet(148)) - eb965ba7-12a8-46f3-92c0-bc6ff5b3bf3b: start eb965ba7-12a8-46f3-92c0-bc6ff5b3bf3b@group-4434D0010B67-FollowerState
2025-02-19 06:38:18,362 [eb965ba7-12a8-46f3-92c0-bc6ff5b3bf3b@group-4434D0010B67-FollowerState] INFO  server.RaftServerConfigKeys (ConfUtils.java:logFallback(53)) - raft.server.rpc.first-election.timeout.min = 5s (fallback to raft.server.rpc.timeout.min)
2025-02-19 06:38:18,362 [eb965ba7-12a8-46f3-92c0-bc6ff5b3bf3b-groupManagement] INFO  util.JmxRegister (JmxRegister.java:tryRegister(44)) - Successfully registered JMX Bean with object name Ratis:service=RaftServer,group=group-4434D0010B67,id=eb965ba7-12a8-46f3-92c0-bc6ff5b3bf3b
2025-02-19 06:38:18,362 [eb965ba7-12a8-46f3-92c0-bc6ff5b3bf3b@group-4434D0010B67-FollowerState] INFO  server.RaftServerConfigKeys (ConfUtils.java:logFallback(53)) - raft.server.rpc.first-election.timeout.max = 5200ms (fallback to raft.server.rpc.timeout.max)
2025-02-19 06:38:18,362 [eb965ba7-12a8-46f3-92c0-bc6ff5b3bf3b-groupManagement] INFO  util.JmxRegister (JmxRegister.java:register(58)) - register mxBean class org.apache.ratis.server.impl.RaftServerJmxAdapter as Ratis:service=RaftServer,group=group-4434D0010B67,id=eb965ba7-12a8-46f3-92c0-bc6ff5b3bf3b
2025-02-19 06:38:18,362 [eb965ba7-12a8-46f3-92c0-bc6ff5b3bf3b-groupManagement] INFO  server.RaftServerConfigKeys (ConfUtils.java:logGet(46)) - raft.server.snapshot.trigger-when-stop.enabled = true (default)
2025-02-19 06:38:18,362 [eb965ba7-12a8-46f3-92c0-bc6ff5b3bf3b-groupManagement] INFO  server.RaftServerConfigKeys (ConfUtils.java:logGet(46)) - raft.server.snapshot.trigger-when-remove.enabled = true (default)
2025-02-19 06:38:18,363 [eb965ba7-12a8-46f3-92c0-bc6ff5b3bf3b-groupManagement] INFO  server.RaftServerConfigKeys (ConfUtils.java:logGet(46)) - raft.server.snapshot.auto.trigger.enabled = true (custom)
2025-02-19 06:38:18,363 [eb965ba7-12a8-46f3-92c0-bc6ff5b3bf3b-groupManagement] INFO  server.RaftServerConfigKeys (ConfUtils.java:logGet(46)) - raft.server.snapshot.auto.trigger.threshold = 1 (custom)
2025-02-19 06:38:18,363 [eb965ba7-12a8-46f3-92c0-bc6ff5b3bf3b-groupManagement] INFO  server.RaftServerConfigKeys (ConfUtils.java:logGet(46)) - raft.server.snapshot.retention.file.num = 5 (custom)
2025-02-19 06:38:18,363 [eb965ba7-12a8-46f3-92c0-bc6ff5b3bf3b-groupManagement] INFO  server.RaftServerConfigKeys (ConfUtils.java:logGet(46)) - raft.server.log.purge.upto.snapshot.index = false (default)
2025-02-19 06:38:18,363 [eb965ba7-12a8-46f3-92c0-bc6ff5b3bf3b-groupManagement] INFO  server.RaftServer$Division (RaftServerImpl.java:start(405)) - eb965ba7-12a8-46f3-92c0-bc6ff5b3bf3b@group-4434D0010B67: Successfully started.
2025-02-19 06:38:18,363 [eb965ba7-12a8-46f3-92c0-bc6ff5b3bf3b-PipelineCommandHandlerThread-0] INFO  ratis.XceiverServerRatis (XceiverServerRatis.java:addGroup(841)) - Created group PipelineID=9e19a5d8-8434-42f4-93b5-4434d0010b67
2025-02-19 06:38:18,369 [grpc-default-executor-4] INFO  server.RaftServer (RaftServerProxy.java:addNew(100)) - 49dd84ae-7ec9-4d92-bc53-345946144fea: addNew group-4434D0010B67:[49dd84ae-7ec9-4d92-bc53-345946144fea|127.0.0.1:15016, 2fdf8a61-8d2a-4048-aa8e-d82d5837d34a|127.0.0.1:15061, eb965ba7-12a8-46f3-92c0-bc6ff5b3bf3b|127.0.0.1:15034] returns group-4434D0010B67:java.util.concurrent.CompletableFuture@71e64ccd[Not completed]
2025-02-19 06:38:18,370 [49dd84ae-7ec9-4d92-bc53-345946144fea-groupManagement] INFO  server.RaftServer$Division (RaftServerImpl.java:<init>(255)) - 49dd84ae-7ec9-4d92-bc53-345946144fea: new RaftServerImpl for group-4434D0010B67:[49dd84ae-7ec9-4d92-bc53-345946144fea|127.0.0.1:15016, 2fdf8a61-8d2a-4048-aa8e-d82d5837d34a|127.0.0.1:15061, eb965ba7-12a8-46f3-92c0-bc6ff5b3bf3b|127.0.0.1:15034] with ContainerStateMachine:uninitialized
2025-02-19 06:38:18,370 [49dd84ae-7ec9-4d92-bc53-345946144fea-groupManagement] INFO  server.RaftServerConfigKeys (ConfUtils.java:logGet(46)) - raft.server.rpc.timeout.min = 5s (custom)
2025-02-19 06:38:18,371 [49dd84ae-7ec9-4d92-bc53-345946144fea-groupManagement] INFO  server.RaftServerConfigKeys (ConfUtils.java:logGet(46)) - raft.server.rpc.timeout.max = 5200ms (custom)
2025-02-19 06:38:18,371 [49dd84ae-7ec9-4d92-bc53-345946144fea-groupManagement] INFO  server.RaftServerConfigKeys (ConfUtils.java:logGet(46)) - raft.server.rpc.sleep.time = 25ms (default)
2025-02-19 06:38:18,371 [49dd84ae-7ec9-4d92-bc53-345946144fea-groupManagement] INFO  server.RaftServerConfigKeys (ConfUtils.java:logGet(46)) - raft.server.rpc.slowness.timeout = 300000ms (custom)
2025-02-19 06:38:18,371 [49dd84ae-7ec9-4d92-bc53-345946144fea-groupManagement] INFO  server.RaftServerConfigKeys (ConfUtils.java:logGet(46)) - raft.server.leaderelection.leader.step-down.wait-time = 10s (default)
2025-02-19 06:38:18,371 [49dd84ae-7ec9-4d92-bc53-345946144fea-groupManagement] INFO  server.RaftServerConfigKeys (ConfUtils.java:logGet(46)) - raft.server.leaderelection.member.majority-add = false (default)
2025-02-19 06:38:18,371 [49dd84ae-7ec9-4d92-bc53-345946144fea-groupManagement] INFO  server.RaftServerConfigKeys (ConfUtils.java:logGet(46)) - raft.server.sleep.deviation.threshold = 300ms (default)
2025-02-19 06:38:18,371 [49dd84ae-7ec9-4d92-bc53-345946144fea-groupManagement] INFO  server.RaftServer$Division (ServerState.java:<init>(114)) - 49dd84ae-7ec9-4d92-bc53-345946144fea@group-4434D0010B67: ConfigurationManager, init=conf: {index: -1, cur=peers:[49dd84ae-7ec9-4d92-bc53-345946144fea|127.0.0.1:15016, 2fdf8a61-8d2a-4048-aa8e-d82d5837d34a|127.0.0.1:15061, eb965ba7-12a8-46f3-92c0-bc6ff5b3bf3b|127.0.0.1:15034]|listeners:[], old=null}, confs=<EMPTY_MAP>
2025-02-19 06:38:18,371 [49dd84ae-7ec9-4d92-bc53-345946144fea-groupManagement] INFO  server.RaftServerConfigKeys (ConfUtils.java:logGet(46)) - raft.server.notification.no-leader.timeout = 300000ms (custom)
2025-02-19 06:38:18,371 [49dd84ae-7ec9-4d92-bc53-345946144fea-groupManagement] INFO  server.RaftServerConfigKeys (ConfUtils.java:logGet(46)) - raft.server.read.timeout = 10s (default)
2025-02-19 06:38:18,371 [49dd84ae-7ec9-4d92-bc53-345946144fea-groupManagement] INFO  server.RaftServerConfigKeys (ConfUtils.java:logGet(46)) - raft.server.retrycache.expirytime = 600000ms (custom)
2025-02-19 06:38:18,371 [49dd84ae-7ec9-4d92-bc53-345946144fea-groupManagement] INFO  server.RaftServerConfigKeys (ConfUtils.java:logGet(46)) - raft.server.retrycache.statistics.expirytime = 100ms (default)
2025-02-19 06:38:18,371 [49dd84ae-7ec9-4d92-bc53-345946144fea-groupManagement] INFO  server.RaftServerConfigKeys (ConfUtils.java:logGet(46)) - raft.server.read.option = DEFAULT (default)
2025-02-19 06:38:18,371 [49dd84ae-7ec9-4d92-bc53-345946144fea-groupManagement] INFO  server.RaftServerConfigKeys (ConfUtils.java:logGet(46)) - raft.server.read.read-after-write-consistent.write-index-cache.expiry-time = 60s (default)
2025-02-19 06:38:18,374 [49dd84ae-7ec9-4d92-bc53-345946144fea-groupManagement] INFO  server.RaftServerConfigKeys (ConfUtils.java:logGet(46)) - raft.server.rpc.request.timeout = 3000ms (default)
2025-02-19 06:38:18,374 [49dd84ae-7ec9-4d92-bc53-345946144fea-groupManagement] INFO  server.RaftServerConfigKeys (ConfUtils.java:logGet(46)) - raft.server.log.appender.install.snapshot.enabled = false (custom)
2025-02-19 06:38:18,374 [49dd84ae-7ec9-4d92-bc53-345946144fea-groupManagement] INFO  server.RaftServerConfigKeys (ConfUtils.java:logGet(46)) - raft.server.threadpool.server.cached = true (default)
2025-02-19 06:38:18,374 [49dd84ae-7ec9-4d92-bc53-345946144fea-groupManagement] INFO  server.RaftServerConfigKeys (ConfUtils.java:logGet(46)) - raft.server.threadpool.server.size = 0 (default)
2025-02-19 06:38:18,375 [49dd84ae-7ec9-4d92-bc53-345946144fea-groupManagement] INFO  server.RaftServerConfigKeys (ConfUtils.java:logGet(46)) - raft.server.threadpool.client.cached = true (default)
2025-02-19 06:38:18,375 [49dd84ae-7ec9-4d92-bc53-345946144fea-groupManagement] INFO  server.RaftServerConfigKeys (ConfUtils.java:logGet(46)) - raft.server.threadpool.client.size = 0 (default)
2025-02-19 06:38:18,375 [49dd84ae-7ec9-4d92-bc53-345946144fea-groupManagement] INFO  server.RaftServerConfigKeys (ConfUtils.java:logGet(46)) - raft.server.storage.free-space.min = 0MB (=0) (default)
2025-02-19 06:38:18,375 [49dd84ae-7ec9-4d92-bc53-345946144fea-groupManagement] INFO  server.RaftServerConfigKeys (ConfUtils.java:logGet(46)) - raft.server.log.corruption.policy = EXCEPTION (default)
2025-02-19 06:38:18,375 [49dd84ae-7ec9-4d92-bc53-345946144fea-groupManagement] INFO  server.RaftServerConfigKeys (ConfUtils.java:logGet(46)) - raft.server.storage.dir = [/home/runner/work/ozone/ozone/hadoop-ozone/integration-test/target/test-dir/MiniOzoneClusterImpl-3e129c02-f7f1-4d32-bd92-d681932e2c0d/ozone-meta/datanode-1/ratise7641bee-ff94-4353-808e-f526ce6eb8f2] (custom)
2025-02-19 06:38:18,375 [49dd84ae-7ec9-4d92-bc53-345946144fea-groupManagement] INFO  storage.RaftStorageDirectory (RaftStorageDirectoryImpl.java:analyzeStorage(138)) - The storage directory /home/runner/work/ozone/ozone/hadoop-ozone/integration-test/target/test-dir/MiniOzoneClusterImpl-3e129c02-f7f1-4d32-bd92-d681932e2c0d/ozone-meta/datanode-1/ratise7641bee-ff94-4353-808e-f526ce6eb8f2/9e19a5d8-8434-42f4-93b5-4434d0010b67 does not exist. Creating ...
2025-02-19 06:38:18,376 [49dd84ae-7ec9-4d92-bc53-345946144fea-groupManagement] INFO  storage.RaftStorageDirectory (RaftStorageDirectoryImpl.java:tryLock(229)) - Lock on /home/runner/work/ozone/ozone/hadoop-ozone/integration-test/target/test-dir/MiniOzoneClusterImpl-3e129c02-f7f1-4d32-bd92-d681932e2c0d/ozone-meta/datanode-1/ratise7641bee-ff94-4353-808e-f526ce6eb8f2/9e19a5d8-8434-42f4-93b5-4434d0010b67/in_use.lock acquired by nodename 45211@fv-az1758-115
2025-02-19 06:38:18,377 [49dd84ae-7ec9-4d92-bc53-345946144fea-groupManagement] INFO  storage.RaftStorage (RaftStorageImpl.java:format(98)) - Storage directory /home/runner/work/ozone/ozone/hadoop-ozone/integration-test/target/test-dir/MiniOzoneClusterImpl-3e129c02-f7f1-4d32-bd92-d681932e2c0d/ozone-meta/datanode-1/ratise7641bee-ff94-4353-808e-f526ce6eb8f2/9e19a5d8-8434-42f4-93b5-4434d0010b67 has been successfully formatted.
2025-02-19 06:38:18,377 [49dd84ae-7ec9-4d92-bc53-345946144fea-groupManagement] INFO  ratis.ContainerStateMachine (ContainerStateMachine.java:initialize(300)) - 49dd84ae-7ec9-4d92-bc53-345946144fea: initialize group-4434D0010B67
2025-02-19 06:38:18,378 [49dd84ae-7ec9-4d92-bc53-345946144fea-groupManagement] INFO  ratis.ContainerStateMachine (ContainerStateMachine.java:loadSnapshot(308)) - group-4434D0010B67: The snapshot info is null. Setting the last applied index to:(t:0, i:~)
2025-02-19 06:38:18,378 [49dd84ae-7ec9-4d92-bc53-345946144fea-groupManagement] INFO  server.RaftServerConfigKeys (ConfUtils.java:logGet(46)) - raft.server.log.use.memory = false (default)
2025-02-19 06:38:18,378 [49dd84ae-7ec9-4d92-bc53-345946144fea-groupManagement] INFO  server.RaftServerConfigKeys (ConfUtils.java:logGet(46)) - raft.server.log.purge.gap = 1000000 (custom)
2025-02-19 06:38:18,378 [49dd84ae-7ec9-4d92-bc53-345946144fea-groupManagement] INFO  server.RaftServerConfigKeys (ConfUtils.java:logGet(46)) - raft.server.log.appender.buffer.byte-limit = 33554432 (custom)
2025-02-19 06:38:18,378 [49dd84ae-7ec9-4d92-bc53-345946144fea-groupManagement] INFO  server.RaftServerConfigKeys (ConfUtils.java:logGet(46)) - raft.server.log.statemachine.data.read.timeout = 1000ms (default)
2025-02-19 06:38:18,378 [49dd84ae-7ec9-4d92-bc53-345946144fea-groupManagement] INFO  server.RaftServerConfigKeys (ConfUtils.java:logGet(46)) - raft.server.log.purge.preservation.log.num = 0 (default)
2025-02-19 06:38:18,379 [EventQueue-PipelineReportForPipelineReportHandler] ERROR pipeline.PipelineReportHandler (PipelineReportHandler.java:onMessage(95)) - Could not process pipeline report=pipelineID {
  id: "f1258f91-374d-44ac-9d89-7bef1d680e9b"
  uuid128 {
    mostSigBits: -1070291482569784148
    leastSigBits: -7095003471024746853
  }
}
isLeader: false
bytesWritten: 0
 from dn=49dd84ae-7ec9-4d92-bc53-345946144fea(localhost/127.0.0.1).
java.io.IOException: Datanode=49dd84ae-7ec9-4d92-bc53-345946144fea(localhost/127.0.0.1) not part of pipeline=PipelineID=f1258f91-374d-44ac-9d89-7bef1d680e9b
	at org.apache.hadoop.hdds.scm.pipeline.Pipeline.reportDatanode(Pipeline.java:336)
	at org.apache.hadoop.hdds.scm.pipeline.PipelineReportHandler.setReportedDatanode(PipelineReportHandler.java:154)
	at org.apache.hadoop.hdds.scm.pipeline.PipelineReportHandler.processPipelineReport(PipelineReportHandler.java:129)
	at org.apache.hadoop.hdds.scm.pipeline.PipelineReportHandler.onMessage(PipelineReportHandler.java:88)
	at org.apache.hadoop.hdds.scm.pipeline.PipelineReportHandler.onMessage(PipelineReportHandler.java:47)
	at org.apache.hadoop.hdds.server.events.SingleThreadExecutor.lambda$onMessage$1(SingleThreadExecutor.java:84)
	at java.base/java.util.concurrent.ThreadPoolExecutor.runWorker(ThreadPoolExecutor.java:1144)
	at java.base/java.util.concurrent.ThreadPoolExecutor$Worker.run(ThreadPoolExecutor.java:642)
	at java.base/java.lang.Thread.run(Thread.java:1583)
2025-02-19 06:38:18,379 [EventQueue-PipelineReportForPipelineReportHandler] ERROR pipeline.PipelineReportHandler (PipelineReportHandler.java:onMessage(95)) - Could not process pipeline report=pipelineID {
  id: "117721e1-84b0-442b-bd9d-b5b4ee72daef"
  uuid128 {
    mostSigBits: 1258511873350845483
    leastSigBits: -4783467440498353425
  }
}
isLeader: false
bytesWritten: 0
 from dn=49dd84ae-7ec9-4d92-bc53-345946144fea(localhost/127.0.0.1).
java.io.IOException: Datanode=49dd84ae-7ec9-4d92-bc53-345946144fea(localhost/127.0.0.1) not part of pipeline=PipelineID=117721e1-84b0-442b-bd9d-b5b4ee72daef
	at org.apache.hadoop.hdds.scm.pipeline.Pipeline.reportDatanode(Pipeline.java:336)
	at org.apache.hadoop.hdds.scm.pipeline.PipelineReportHandler.setReportedDatanode(PipelineReportHandler.java:154)
	at org.apache.hadoop.hdds.scm.pipeline.PipelineReportHandler.processPipelineReport(PipelineReportHandler.java:129)
	at org.apache.hadoop.hdds.scm.pipeline.PipelineReportHandler.onMessage(PipelineReportHandler.java:88)
	at org.apache.hadoop.hdds.scm.pipeline.PipelineReportHandler.onMessage(PipelineReportHandler.java:47)
	at org.apache.hadoop.hdds.server.events.SingleThreadExecutor.lambda$onMessage$1(SingleThreadExecutor.java:84)
	at java.base/java.util.concurrent.ThreadPoolExecutor.runWorker(ThreadPoolExecutor.java:1144)
	at java.base/java.util.concurrent.ThreadPoolExecutor$Worker.run(ThreadPoolExecutor.java:642)
	at java.base/java.lang.Thread.run(Thread.java:1583)
2025-02-19 06:38:18,379 [49dd84ae-7ec9-4d92-bc53-345946144fea-groupManagement] INFO  server.RaftServerConfigKeys (ConfUtils.java:logGet(46)) - raft.server.log.segment.size.max = 67108864 (custom)
2025-02-19 06:38:18,380 [49dd84ae-7ec9-4d92-bc53-345946144fea-groupManagement] INFO  server.RaftServerConfigKeys (ConfUtils.java:logGet(46)) - raft.server.log.segment.cache.num.max = 2 (custom)
2025-02-19 06:38:18,380 [49dd84ae-7ec9-4d92-bc53-345946144fea-groupManagement] INFO  server.RaftServerConfigKeys (ConfUtils.java:logGet(46)) - raft.server.log.segment.cache.size.max = 200MB (=209715200) (default)
2025-02-19 06:38:18,380 [49dd84ae-7ec9-4d92-bc53-345946144fea-groupManagement] INFO  server.RaftServerConfigKeys (ConfUtils.java:logGet(46)) - raft.server.log.appender.buffer.byte-limit = 33554432 (custom)
2025-02-19 06:38:18,381 [49dd84ae-7ec9-4d92-bc53-345946144fea-groupManagement] INFO  util.AwaitToRun (AwaitToRun.java:start(81)) - Thread[#2354,49dd84ae-7ec9-4d92-bc53-345946144fea@group-4434D0010B67-cacheEviction-AwaitToRun,5,main] started
2025-02-19 06:38:18,381 [49dd84ae-7ec9-4d92-bc53-345946144fea-groupManagement] INFO  segmented.SegmentedRaftLogWorker (SegmentedRaftLogWorker.java:<init>(188)) - new 49dd84ae-7ec9-4d92-bc53-345946144fea@group-4434D0010B67-SegmentedRaftLogWorker for RaftStorageImpl:Storage Directory /home/runner/work/ozone/ozone/hadoop-ozone/integration-test/target/test-dir/MiniOzoneClusterImpl-3e129c02-f7f1-4d32-bd92-d681932e2c0d/ozone-meta/datanode-1/ratise7641bee-ff94-4353-808e-f526ce6eb8f2/9e19a5d8-8434-42f4-93b5-4434d0010b67
2025-02-19 06:38:18,381 [49dd84ae-7ec9-4d92-bc53-345946144fea-groupManagement] INFO  server.RaftServerConfigKeys (ConfUtils.java:logGet(46)) - raft.server.log.queue.byte-limit = 4294967296 (custom)
2025-02-19 06:38:18,381 [49dd84ae-7ec9-4d92-bc53-345946144fea-groupManagement] INFO  server.RaftServerConfigKeys (ConfUtils.java:logGet(46)) - raft.server.log.queue.element-limit = 1024 (custom)
2025-02-19 06:38:18,381 [49dd84ae-7ec9-4d92-bc53-345946144fea-groupManagement] INFO  server.RaftServerConfigKeys (ConfUtils.java:logGet(46)) - raft.server.log.segment.size.max = 67108864 (custom)
2025-02-19 06:38:18,381 [49dd84ae-7ec9-4d92-bc53-345946144fea-groupManagement] INFO  server.RaftServerConfigKeys (ConfUtils.java:logGet(46)) - raft.server.log.preallocated.size = 4194304 (custom)
2025-02-19 06:38:18,381 [49dd84ae-7ec9-4d92-bc53-345946144fea-groupManagement] INFO  server.RaftServerConfigKeys (ConfUtils.java:logGet(46)) - raft.server.log.force.sync.num = 128 (default)
2025-02-19 06:38:18,381 [49dd84ae-7ec9-4d92-bc53-345946144fea-groupManagement] INFO  server.RaftServerConfigKeys (ConfUtils.java:logGet(46)) - raft.server.log.statemachine.data.sync = true (default)
2025-02-19 06:38:18,381 [49dd84ae-7ec9-4d92-bc53-345946144fea-groupManagement] INFO  server.RaftServerConfigKeys (ConfUtils.java:logGet(46)) - raft.server.log.statemachine.data.sync.timeout = 10s (default)
2025-02-19 06:38:18,381 [49dd84ae-7ec9-4d92-bc53-345946144fea-groupManagement] INFO  server.RaftServerConfigKeys (ConfUtils.java:logGet(46)) - raft.server.log.statemachine.data.sync.timeout.retry = 30 (custom)
2025-02-19 06:38:18,381 [49dd84ae-7ec9-4d92-bc53-345946144fea-groupManagement] INFO  server.RaftServerConfigKeys (ConfUtils.java:logGet(46)) - raft.server.log.write.buffer.size = 33554440 (custom)
2025-02-19 06:38:18,385 [49dd84ae-7ec9-4d92-bc53-345946144fea-groupManagement] INFO  server.RaftServerConfigKeys (ConfUtils.java:logGet(46)) - raft.server.log.appender.buffer.byte-limit = 33554432 (custom)
2025-02-19 06:38:18,386 [49dd84ae-7ec9-4d92-bc53-345946144fea-groupManagement] INFO  server.RaftServerConfigKeys (ConfUtils.java:logGet(46)) - raft.server.log.unsafe-flush.enabled = false (default)
2025-02-19 06:38:18,386 [49dd84ae-7ec9-4d92-bc53-345946144fea-groupManagement] INFO  server.RaftServerConfigKeys (ConfUtils.java:logGet(46)) - raft.server.log.async-flush.enabled = false (default)
2025-02-19 06:38:18,386 [49dd84ae-7ec9-4d92-bc53-345946144fea-groupManagement] INFO  server.RaftServerConfigKeys (ConfUtils.java:logGet(46)) - raft.server.log.statemachine.data.caching.enabled = true (custom)
2025-02-19 06:38:18,386 [49dd84ae-7ec9-4d92-bc53-345946144fea-groupManagement] INFO  segmented.SegmentedRaftLogWorker (SegmentedRaftLogWorker.java:lambda$new$0(139)) - 49dd84ae-7ec9-4d92-bc53-345946144fea@group-4434D0010B67-SegmentedRaftLogWorker: flushIndex: setUnconditionally 0 -> -1
2025-02-19 06:38:18,386 [49dd84ae-7ec9-4d92-bc53-345946144fea-groupManagement] INFO  segmented.SegmentedRaftLogWorker (SegmentedRaftLogWorker.java:lambda$new$0(139)) - 49dd84ae-7ec9-4d92-bc53-345946144fea@group-4434D0010B67-SegmentedRaftLogWorker: safeCacheEvictIndex: setUnconditionally 0 -> -1
2025-02-19 06:38:18,386 [49dd84ae-7ec9-4d92-bc53-345946144fea-groupManagement] INFO  server.RaftServer$Division (RaftServerImpl.java:start(391)) - 49dd84ae-7ec9-4d92-bc53-345946144fea@group-4434D0010B67: start as a follower, conf=conf: {index: -1, cur=peers:[49dd84ae-7ec9-4d92-bc53-345946144fea|127.0.0.1:15016, 2fdf8a61-8d2a-4048-aa8e-d82d5837d34a|127.0.0.1:15061, eb965ba7-12a8-46f3-92c0-bc6ff5b3bf3b|127.0.0.1:15034]|listeners:[], old=null}
2025-02-19 06:38:18,386 [49dd84ae-7ec9-4d92-bc53-345946144fea-groupManagement] INFO  server.RaftServer$Division (RaftServerImpl.java:setRole(378)) - 49dd84ae-7ec9-4d92-bc53-345946144fea@group-4434D0010B67: changes role from      null to FOLLOWER at term 0 for startAsFollower
2025-02-19 06:38:18,387 [49dd84ae-7ec9-4d92-bc53-345946144fea-groupManagement] INFO  impl.RoleInfo (RoleInfo.java:updateAndGet(148)) - 49dd84ae-7ec9-4d92-bc53-345946144fea: start 49dd84ae-7ec9-4d92-bc53-345946144fea@group-4434D0010B67-FollowerState
2025-02-19 06:38:18,387 [49dd84ae-7ec9-4d92-bc53-345946144fea-groupManagement] INFO  util.JmxRegister (JmxRegister.java:tryRegister(44)) - Successfully registered JMX Bean with object name Ratis:service=RaftServer,group=group-4434D0010B67,id=49dd84ae-7ec9-4d92-bc53-345946144fea
2025-02-19 06:38:18,387 [49dd84ae-7ec9-4d92-bc53-345946144fea-groupManagement] INFO  util.JmxRegister (JmxRegister.java:register(58)) - register mxBean class org.apache.ratis.server.impl.RaftServerJmxAdapter as Ratis:service=RaftServer,group=group-4434D0010B67,id=49dd84ae-7ec9-4d92-bc53-345946144fea
2025-02-19 06:38:18,387 [49dd84ae-7ec9-4d92-bc53-345946144fea@group-4434D0010B67-FollowerState] INFO  server.RaftServerConfigKeys (ConfUtils.java:logFallback(53)) - raft.server.rpc.first-election.timeout.min = 5s (fallback to raft.server.rpc.timeout.min)
2025-02-19 06:38:18,387 [49dd84ae-7ec9-4d92-bc53-345946144fea@group-4434D0010B67-FollowerState] INFO  server.RaftServerConfigKeys (ConfUtils.java:logFallback(53)) - raft.server.rpc.first-election.timeout.max = 5200ms (fallback to raft.server.rpc.timeout.max)
2025-02-19 06:38:18,387 [49dd84ae-7ec9-4d92-bc53-345946144fea-groupManagement] INFO  server.RaftServerConfigKeys (ConfUtils.java:logGet(46)) - raft.server.snapshot.trigger-when-stop.enabled = true (default)
2025-02-19 06:38:18,387 [49dd84ae-7ec9-4d92-bc53-345946144fea-groupManagement] INFO  server.RaftServerConfigKeys (ConfUtils.java:logGet(46)) - raft.server.snapshot.trigger-when-remove.enabled = true (default)
2025-02-19 06:38:18,387 [49dd84ae-7ec9-4d92-bc53-345946144fea-groupManagement] INFO  server.RaftServerConfigKeys (ConfUtils.java:logGet(46)) - raft.server.snapshot.auto.trigger.enabled = true (custom)
2025-02-19 06:38:18,387 [49dd84ae-7ec9-4d92-bc53-345946144fea-groupManagement] INFO  server.RaftServerConfigKeys (ConfUtils.java:logGet(46)) - raft.server.snapshot.auto.trigger.threshold = 1 (custom)
2025-02-19 06:38:18,387 [49dd84ae-7ec9-4d92-bc53-345946144fea-groupManagement] INFO  server.RaftServerConfigKeys (ConfUtils.java:logGet(46)) - raft.server.snapshot.retention.file.num = 5 (custom)
2025-02-19 06:38:18,387 [49dd84ae-7ec9-4d92-bc53-345946144fea-groupManagement] INFO  server.RaftServerConfigKeys (ConfUtils.java:logGet(46)) - raft.server.log.purge.upto.snapshot.index = false (default)
2025-02-19 06:38:18,388 [49dd84ae-7ec9-4d92-bc53-345946144fea-groupManagement] INFO  server.RaftServer$Division (RaftServerImpl.java:start(405)) - 49dd84ae-7ec9-4d92-bc53-345946144fea@group-4434D0010B67: Successfully started.
2025-02-19 06:38:18,396 [grpc-default-executor-4] INFO  server.RaftServer (RaftServerProxy.java:addNew(100)) - 2fdf8a61-8d2a-4048-aa8e-d82d5837d34a: addNew group-4434D0010B67:[49dd84ae-7ec9-4d92-bc53-345946144fea|127.0.0.1:15016, 2fdf8a61-8d2a-4048-aa8e-d82d5837d34a|127.0.0.1:15061, eb965ba7-12a8-46f3-92c0-bc6ff5b3bf3b|127.0.0.1:15034] returns group-4434D0010B67:java.util.concurrent.CompletableFuture@77592520[Not completed]
2025-02-19 06:38:18,397 [2fdf8a61-8d2a-4048-aa8e-d82d5837d34a-groupManagement] INFO  server.RaftServer$Division (RaftServerImpl.java:<init>(255)) - 2fdf8a61-8d2a-4048-aa8e-d82d5837d34a: new RaftServerImpl for group-4434D0010B67:[49dd84ae-7ec9-4d92-bc53-345946144fea|127.0.0.1:15016, 2fdf8a61-8d2a-4048-aa8e-d82d5837d34a|127.0.0.1:15061, eb965ba7-12a8-46f3-92c0-bc6ff5b3bf3b|127.0.0.1:15034] with ContainerStateMachine:uninitialized
2025-02-19 06:38:18,397 [2fdf8a61-8d2a-4048-aa8e-d82d5837d34a-groupManagement] INFO  server.RaftServerConfigKeys (ConfUtils.java:logGet(46)) - raft.server.rpc.timeout.min = 5s (custom)
2025-02-19 06:38:18,397 [2fdf8a61-8d2a-4048-aa8e-d82d5837d34a-groupManagement] INFO  server.RaftServerConfigKeys (ConfUtils.java:logGet(46)) - raft.server.rpc.timeout.max = 5200ms (custom)
2025-02-19 06:38:18,397 [2fdf8a61-8d2a-4048-aa8e-d82d5837d34a-groupManagement] INFO  server.RaftServerConfigKeys (ConfUtils.java:logGet(46)) - raft.server.rpc.sleep.time = 25ms (default)
2025-02-19 06:38:18,397 [2fdf8a61-8d2a-4048-aa8e-d82d5837d34a-groupManagement] INFO  server.RaftServerConfigKeys (ConfUtils.java:logGet(46)) - raft.server.rpc.slowness.timeout = 300000ms (custom)
2025-02-19 06:38:18,397 [2fdf8a61-8d2a-4048-aa8e-d82d5837d34a-groupManagement] INFO  server.RaftServerConfigKeys (ConfUtils.java:logGet(46)) - raft.server.leaderelection.leader.step-down.wait-time = 10s (default)
2025-02-19 06:38:18,397 [2fdf8a61-8d2a-4048-aa8e-d82d5837d34a-groupManagement] INFO  server.RaftServerConfigKeys (ConfUtils.java:logGet(46)) - raft.server.leaderelection.member.majority-add = false (default)
2025-02-19 06:38:18,397 [2fdf8a61-8d2a-4048-aa8e-d82d5837d34a-groupManagement] INFO  server.RaftServerConfigKeys (ConfUtils.java:logGet(46)) - raft.server.sleep.deviation.threshold = 300ms (default)
2025-02-19 06:38:18,397 [2fdf8a61-8d2a-4048-aa8e-d82d5837d34a-groupManagement] INFO  server.RaftServer$Division (ServerState.java:<init>(114)) - 2fdf8a61-8d2a-4048-aa8e-d82d5837d34a@group-4434D0010B67: ConfigurationManager, init=conf: {index: -1, cur=peers:[49dd84ae-7ec9-4d92-bc53-345946144fea|127.0.0.1:15016, 2fdf8a61-8d2a-4048-aa8e-d82d5837d34a|127.0.0.1:15061, eb965ba7-12a8-46f3-92c0-bc6ff5b3bf3b|127.0.0.1:15034]|listeners:[], old=null}, confs=<EMPTY_MAP>
2025-02-19 06:38:18,397 [2fdf8a61-8d2a-4048-aa8e-d82d5837d34a-groupManagement] INFO  server.RaftServerConfigKeys (ConfUtils.java:logGet(46)) - raft.server.notification.no-leader.timeout = 300000ms (custom)
2025-02-19 06:38:18,397 [2fdf8a61-8d2a-4048-aa8e-d82d5837d34a-groupManagement] INFO  server.RaftServerConfigKeys (ConfUtils.java:logGet(46)) - raft.server.read.timeout = 10s (default)
2025-02-19 06:38:18,397 [2fdf8a61-8d2a-4048-aa8e-d82d5837d34a-groupManagement] INFO  server.RaftServerConfigKeys (ConfUtils.java:logGet(46)) - raft.server.retrycache.expirytime = 600000ms (custom)
2025-02-19 06:38:18,397 [2fdf8a61-8d2a-4048-aa8e-d82d5837d34a-groupManagement] INFO  server.RaftServerConfigKeys (ConfUtils.java:logGet(46)) - raft.server.retrycache.statistics.expirytime = 100ms (default)
2025-02-19 06:38:18,397 [2fdf8a61-8d2a-4048-aa8e-d82d5837d34a-groupManagement] INFO  server.RaftServerConfigKeys (ConfUtils.java:logGet(46)) - raft.server.read.option = DEFAULT (default)
2025-02-19 06:38:18,397 [2fdf8a61-8d2a-4048-aa8e-d82d5837d34a-groupManagement] INFO  server.RaftServerConfigKeys (ConfUtils.java:logGet(46)) - raft.server.read.read-after-write-consistent.write-index-cache.expiry-time = 60s (default)
2025-02-19 06:38:18,400 [2fdf8a61-8d2a-4048-aa8e-d82d5837d34a-groupManagement] INFO  server.RaftServerConfigKeys (ConfUtils.java:logGet(46)) - raft.server.rpc.request.timeout = 3000ms (default)
2025-02-19 06:38:18,400 [2fdf8a61-8d2a-4048-aa8e-d82d5837d34a-groupManagement] INFO  server.RaftServerConfigKeys (ConfUtils.java:logGet(46)) - raft.server.log.appender.install.snapshot.enabled = false (custom)
2025-02-19 06:38:18,400 [2fdf8a61-8d2a-4048-aa8e-d82d5837d34a-groupManagement] INFO  server.RaftServerConfigKeys (ConfUtils.java:logGet(46)) - raft.server.threadpool.server.cached = true (default)
2025-02-19 06:38:18,400 [2fdf8a61-8d2a-4048-aa8e-d82d5837d34a-groupManagement] INFO  server.RaftServerConfigKeys (ConfUtils.java:logGet(46)) - raft.server.threadpool.server.size = 0 (default)
2025-02-19 06:38:18,400 [2fdf8a61-8d2a-4048-aa8e-d82d5837d34a-groupManagement] INFO  server.RaftServerConfigKeys (ConfUtils.java:logGet(46)) - raft.server.threadpool.client.cached = true (default)
2025-02-19 06:38:18,400 [2fdf8a61-8d2a-4048-aa8e-d82d5837d34a-groupManagement] INFO  server.RaftServerConfigKeys (ConfUtils.java:logGet(46)) - raft.server.threadpool.client.size = 0 (default)
2025-02-19 06:38:18,400 [2fdf8a61-8d2a-4048-aa8e-d82d5837d34a-groupManagement] INFO  server.RaftServerConfigKeys (ConfUtils.java:logGet(46)) - raft.server.storage.free-space.min = 0MB (=0) (default)
2025-02-19 06:38:18,400 [2fdf8a61-8d2a-4048-aa8e-d82d5837d34a-groupManagement] INFO  server.RaftServerConfigKeys (ConfUtils.java:logGet(46)) - raft.server.log.corruption.policy = EXCEPTION (default)
2025-02-19 06:38:18,400 [2fdf8a61-8d2a-4048-aa8e-d82d5837d34a-groupManagement] INFO  server.RaftServerConfigKeys (ConfUtils.java:logGet(46)) - raft.server.storage.dir = [/home/runner/work/ozone/ozone/hadoop-ozone/integration-test/target/test-dir/MiniOzoneClusterImpl-3e129c02-f7f1-4d32-bd92-d681932e2c0d/ozone-meta/datanode-6/ratis] (custom)
2025-02-19 06:38:18,400 [2fdf8a61-8d2a-4048-aa8e-d82d5837d34a-groupManagement] INFO  storage.RaftStorageDirectory (RaftStorageDirectoryImpl.java:analyzeStorage(138)) - The storage directory /home/runner/work/ozone/ozone/hadoop-ozone/integration-test/target/test-dir/MiniOzoneClusterImpl-3e129c02-f7f1-4d32-bd92-d681932e2c0d/ozone-meta/datanode-6/ratis/9e19a5d8-8434-42f4-93b5-4434d0010b67 does not exist. Creating ...
2025-02-19 06:38:18,401 [2fdf8a61-8d2a-4048-aa8e-d82d5837d34a-groupManagement] INFO  storage.RaftStorageDirectory (RaftStorageDirectoryImpl.java:tryLock(229)) - Lock on /home/runner/work/ozone/ozone/hadoop-ozone/integration-test/target/test-dir/MiniOzoneClusterImpl-3e129c02-f7f1-4d32-bd92-d681932e2c0d/ozone-meta/datanode-6/ratis/9e19a5d8-8434-42f4-93b5-4434d0010b67/in_use.lock acquired by nodename 45211@fv-az1758-115
2025-02-19 06:38:18,402 [2fdf8a61-8d2a-4048-aa8e-d82d5837d34a-groupManagement] INFO  storage.RaftStorage (RaftStorageImpl.java:format(98)) - Storage directory /home/runner/work/ozone/ozone/hadoop-ozone/integration-test/target/test-dir/MiniOzoneClusterImpl-3e129c02-f7f1-4d32-bd92-d681932e2c0d/ozone-meta/datanode-6/ratis/9e19a5d8-8434-42f4-93b5-4434d0010b67 has been successfully formatted.
2025-02-19 06:38:18,402 [2fdf8a61-8d2a-4048-aa8e-d82d5837d34a-groupManagement] INFO  ratis.ContainerStateMachine (ContainerStateMachine.java:initialize(300)) - 2fdf8a61-8d2a-4048-aa8e-d82d5837d34a: initialize group-4434D0010B67
2025-02-19 06:38:18,402 [2fdf8a61-8d2a-4048-aa8e-d82d5837d34a-groupManagement] INFO  ratis.ContainerStateMachine (ContainerStateMachine.java:loadSnapshot(308)) - group-4434D0010B67: The snapshot info is null. Setting the last applied index to:(t:0, i:~)
2025-02-19 06:38:18,402 [2fdf8a61-8d2a-4048-aa8e-d82d5837d34a-groupManagement] INFO  server.RaftServerConfigKeys (ConfUtils.java:logGet(46)) - raft.server.log.use.memory = false (default)
2025-02-19 06:38:18,403 [2fdf8a61-8d2a-4048-aa8e-d82d5837d34a-groupManagement] INFO  server.RaftServerConfigKeys (ConfUtils.java:logGet(46)) - raft.server.log.purge.gap = 1000000 (custom)
2025-02-19 06:38:18,403 [2fdf8a61-8d2a-4048-aa8e-d82d5837d34a-groupManagement] INFO  server.RaftServerConfigKeys (ConfUtils.java:logGet(46)) - raft.server.log.appender.buffer.byte-limit = 33554432 (custom)
2025-02-19 06:38:18,403 [2fdf8a61-8d2a-4048-aa8e-d82d5837d34a-groupManagement] INFO  server.RaftServerConfigKeys (ConfUtils.java:logGet(46)) - raft.server.log.statemachine.data.read.timeout = 1000ms (default)
2025-02-19 06:38:18,403 [2fdf8a61-8d2a-4048-aa8e-d82d5837d34a-groupManagement] INFO  server.RaftServerConfigKeys (ConfUtils.java:logGet(46)) - raft.server.log.purge.preservation.log.num = 0 (default)
2025-02-19 06:38:18,404 [2fdf8a61-8d2a-4048-aa8e-d82d5837d34a-groupManagement] INFO  server.RaftServerConfigKeys (ConfUtils.java:logGet(46)) - raft.server.log.segment.size.max = 67108864 (custom)
2025-02-19 06:38:18,404 [2fdf8a61-8d2a-4048-aa8e-d82d5837d34a-groupManagement] INFO  server.RaftServerConfigKeys (ConfUtils.java:logGet(46)) - raft.server.log.segment.cache.num.max = 2 (custom)
2025-02-19 06:38:18,404 [2fdf8a61-8d2a-4048-aa8e-d82d5837d34a-groupManagement] INFO  server.RaftServerConfigKeys (ConfUtils.java:logGet(46)) - raft.server.log.segment.cache.size.max = 200MB (=209715200) (default)
2025-02-19 06:38:18,404 [2fdf8a61-8d2a-4048-aa8e-d82d5837d34a-groupManagement] INFO  server.RaftServerConfigKeys (ConfUtils.java:logGet(46)) - raft.server.log.appender.buffer.byte-limit = 33554432 (custom)
2025-02-19 06:38:18,405 [2fdf8a61-8d2a-4048-aa8e-d82d5837d34a-groupManagement] INFO  util.AwaitToRun (AwaitToRun.java:start(81)) - Thread[#2361,2fdf8a61-8d2a-4048-aa8e-d82d5837d34a@group-4434D0010B67-cacheEviction-AwaitToRun,5,main] started
2025-02-19 06:38:18,405 [2fdf8a61-8d2a-4048-aa8e-d82d5837d34a-groupManagement] INFO  segmented.SegmentedRaftLogWorker (SegmentedRaftLogWorker.java:<init>(188)) - new 2fdf8a61-8d2a-4048-aa8e-d82d5837d34a@group-4434D0010B67-SegmentedRaftLogWorker for RaftStorageImpl:Storage Directory /home/runner/work/ozone/ozone/hadoop-ozone/integration-test/target/test-dir/MiniOzoneClusterImpl-3e129c02-f7f1-4d32-bd92-d681932e2c0d/ozone-meta/datanode-6/ratis/9e19a5d8-8434-42f4-93b5-4434d0010b67
2025-02-19 06:38:18,405 [2fdf8a61-8d2a-4048-aa8e-d82d5837d34a-groupManagement] INFO  server.RaftServerConfigKeys (ConfUtils.java:logGet(46)) - raft.server.log.queue.byte-limit = 4294967296 (custom)
2025-02-19 06:38:18,405 [2fdf8a61-8d2a-4048-aa8e-d82d5837d34a-groupManagement] INFO  server.RaftServerConfigKeys (ConfUtils.java:logGet(46)) - raft.server.log.queue.element-limit = 1024 (custom)
2025-02-19 06:38:18,405 [2fdf8a61-8d2a-4048-aa8e-d82d5837d34a-groupManagement] INFO  server.RaftServerConfigKeys (ConfUtils.java:logGet(46)) - raft.server.log.segment.size.max = 67108864 (custom)
2025-02-19 06:38:18,405 [2fdf8a61-8d2a-4048-aa8e-d82d5837d34a-groupManagement] INFO  server.RaftServerConfigKeys (ConfUtils.java:logGet(46)) - raft.server.log.preallocated.size = 4194304 (custom)
2025-02-19 06:38:18,405 [2fdf8a61-8d2a-4048-aa8e-d82d5837d34a-groupManagement] INFO  server.RaftServerConfigKeys (ConfUtils.java:logGet(46)) - raft.server.log.force.sync.num = 128 (default)
2025-02-19 06:38:18,405 [2fdf8a61-8d2a-4048-aa8e-d82d5837d34a-groupManagement] INFO  server.RaftServerConfigKeys (ConfUtils.java:logGet(46)) - raft.server.log.statemachine.data.sync = true (default)
2025-02-19 06:38:18,405 [2fdf8a61-8d2a-4048-aa8e-d82d5837d34a-groupManagement] INFO  server.RaftServerConfigKeys (ConfUtils.java:logGet(46)) - raft.server.log.statemachine.data.sync.timeout = 10s (default)
2025-02-19 06:38:18,405 [2fdf8a61-8d2a-4048-aa8e-d82d5837d34a-groupManagement] INFO  server.RaftServerConfigKeys (ConfUtils.java:logGet(46)) - raft.server.log.statemachine.data.sync.timeout.retry = 30 (custom)
2025-02-19 06:38:18,405 [2fdf8a61-8d2a-4048-aa8e-d82d5837d34a-groupManagement] INFO  server.RaftServerConfigKeys (ConfUtils.java:logGet(46)) - raft.server.log.write.buffer.size = 33554440 (custom)
2025-02-19 06:38:18,409 [2fdf8a61-8d2a-4048-aa8e-d82d5837d34a-groupManagement] INFO  server.RaftServerConfigKeys (ConfUtils.java:logGet(46)) - raft.server.log.appender.buffer.byte-limit = 33554432 (custom)
2025-02-19 06:38:18,409 [2fdf8a61-8d2a-4048-aa8e-d82d5837d34a-groupManagement] INFO  server.RaftServerConfigKeys (ConfUtils.java:logGet(46)) - raft.server.log.unsafe-flush.enabled = false (default)
2025-02-19 06:38:18,409 [2fdf8a61-8d2a-4048-aa8e-d82d5837d34a-groupManagement] INFO  server.RaftServerConfigKeys (ConfUtils.java:logGet(46)) - raft.server.log.async-flush.enabled = false (default)
2025-02-19 06:38:18,409 [2fdf8a61-8d2a-4048-aa8e-d82d5837d34a-groupManagement] INFO  server.RaftServerConfigKeys (ConfUtils.java:logGet(46)) - raft.server.log.statemachine.data.caching.enabled = true (custom)
2025-02-19 06:38:18,410 [2fdf8a61-8d2a-4048-aa8e-d82d5837d34a-groupManagement] INFO  segmented.SegmentedRaftLogWorker (SegmentedRaftLogWorker.java:lambda$new$0(139)) - 2fdf8a61-8d2a-4048-aa8e-d82d5837d34a@group-4434D0010B67-SegmentedRaftLogWorker: flushIndex: setUnconditionally 0 -> -1
2025-02-19 06:38:18,410 [2fdf8a61-8d2a-4048-aa8e-d82d5837d34a-groupManagement] INFO  segmented.SegmentedRaftLogWorker (SegmentedRaftLogWorker.java:lambda$new$0(139)) - 2fdf8a61-8d2a-4048-aa8e-d82d5837d34a@group-4434D0010B67-SegmentedRaftLogWorker: safeCacheEvictIndex: setUnconditionally 0 -> -1
2025-02-19 06:38:18,410 [2fdf8a61-8d2a-4048-aa8e-d82d5837d34a-groupManagement] INFO  server.RaftServer$Division (RaftServerImpl.java:start(391)) - 2fdf8a61-8d2a-4048-aa8e-d82d5837d34a@group-4434D0010B67: start as a follower, conf=conf: {index: -1, cur=peers:[49dd84ae-7ec9-4d92-bc53-345946144fea|127.0.0.1:15016, 2fdf8a61-8d2a-4048-aa8e-d82d5837d34a|127.0.0.1:15061, eb965ba7-12a8-46f3-92c0-bc6ff5b3bf3b|127.0.0.1:15034]|listeners:[], old=null}
2025-02-19 06:38:18,410 [2fdf8a61-8d2a-4048-aa8e-d82d5837d34a-groupManagement] INFO  server.RaftServer$Division (RaftServerImpl.java:setRole(378)) - 2fdf8a61-8d2a-4048-aa8e-d82d5837d34a@group-4434D0010B67: changes role from      null to FOLLOWER at term 0 for startAsFollower
2025-02-19 06:38:18,410 [2fdf8a61-8d2a-4048-aa8e-d82d5837d34a-groupManagement] INFO  impl.RoleInfo (RoleInfo.java:updateAndGet(148)) - 2fdf8a61-8d2a-4048-aa8e-d82d5837d34a: start 2fdf8a61-8d2a-4048-aa8e-d82d5837d34a@group-4434D0010B67-FollowerState
2025-02-19 06:38:18,410 [2fdf8a61-8d2a-4048-aa8e-d82d5837d34a-groupManagement] INFO  util.JmxRegister (JmxRegister.java:tryRegister(44)) - Successfully registered JMX Bean with object name Ratis:service=RaftServer,group=group-4434D0010B67,id=2fdf8a61-8d2a-4048-aa8e-d82d5837d34a
2025-02-19 06:38:18,410 [2fdf8a61-8d2a-4048-aa8e-d82d5837d34a-groupManagement] INFO  util.JmxRegister (JmxRegister.java:register(58)) - register mxBean class org.apache.ratis.server.impl.RaftServerJmxAdapter as Ratis:service=RaftServer,group=group-4434D0010B67,id=2fdf8a61-8d2a-4048-aa8e-d82d5837d34a
2025-02-19 06:38:18,411 [2fdf8a61-8d2a-4048-aa8e-d82d5837d34a-groupManagement] INFO  server.RaftServerConfigKeys (ConfUtils.java:logGet(46)) - raft.server.snapshot.trigger-when-stop.enabled = true (default)
2025-02-19 06:38:18,411 [2fdf8a61-8d2a-4048-aa8e-d82d5837d34a-groupManagement] INFO  server.RaftServerConfigKeys (ConfUtils.java:logGet(46)) - raft.server.snapshot.trigger-when-remove.enabled = true (default)
2025-02-19 06:38:18,411 [2fdf8a61-8d2a-4048-aa8e-d82d5837d34a-groupManagement] INFO  server.RaftServerConfigKeys (ConfUtils.java:logGet(46)) - raft.server.snapshot.auto.trigger.enabled = true (custom)
2025-02-19 06:38:18,411 [2fdf8a61-8d2a-4048-aa8e-d82d5837d34a-groupManagement] INFO  server.RaftServerConfigKeys (ConfUtils.java:logGet(46)) - raft.server.snapshot.auto.trigger.threshold = 1 (custom)
2025-02-19 06:38:18,411 [2fdf8a61-8d2a-4048-aa8e-d82d5837d34a-groupManagement] INFO  server.RaftServerConfigKeys (ConfUtils.java:logGet(46)) - raft.server.snapshot.retention.file.num = 5 (custom)
2025-02-19 06:38:18,411 [2fdf8a61-8d2a-4048-aa8e-d82d5837d34a-groupManagement] INFO  server.RaftServerConfigKeys (ConfUtils.java:logGet(46)) - raft.server.log.purge.upto.snapshot.index = false (default)
2025-02-19 06:38:18,411 [2fdf8a61-8d2a-4048-aa8e-d82d5837d34a@group-4434D0010B67-FollowerState] INFO  server.RaftServerConfigKeys (ConfUtils.java:logFallback(53)) - raft.server.rpc.first-election.timeout.min = 5s (fallback to raft.server.rpc.timeout.min)
2025-02-19 06:38:18,411 [2fdf8a61-8d2a-4048-aa8e-d82d5837d34a@group-4434D0010B67-FollowerState] INFO  server.RaftServerConfigKeys (ConfUtils.java:logFallback(53)) - raft.server.rpc.first-election.timeout.max = 5200ms (fallback to raft.server.rpc.timeout.max)
2025-02-19 06:38:18,411 [2fdf8a61-8d2a-4048-aa8e-d82d5837d34a-groupManagement] INFO  server.RaftServer$Division (RaftServerImpl.java:start(405)) - 2fdf8a61-8d2a-4048-aa8e-d82d5837d34a@group-4434D0010B67: Successfully started.
2025-02-19 06:38:18,413 [eb965ba7-12a8-46f3-92c0-bc6ff5b3bf3b-PipelineCommandHandlerThread-0] INFO  commandhandler.CreatePipelineCommandHandler (CreatePipelineCommandHandler.java:lambda$handle$2(128)) - Created Pipeline RATIS THREE PipelineID=9e19a5d8-8434-42f4-93b5-4434d0010b67.
2025-02-19 06:38:18,578 [EventQueue-PipelineReportForPipelineReportHandler] ERROR pipeline.PipelineReportHandler (PipelineReportHandler.java:onMessage(95)) - Could not process pipeline report=pipelineID {
  id: "f1258f91-374d-44ac-9d89-7bef1d680e9b"
  uuid128 {
    mostSigBits: -1070291482569784148
    leastSigBits: -7095003471024746853
  }
}
isLeader: false
bytesWritten: 0
 from dn=49dd84ae-7ec9-4d92-bc53-345946144fea(localhost/127.0.0.1).
java.io.IOException: Datanode=49dd84ae-7ec9-4d92-bc53-345946144fea(localhost/127.0.0.1) not part of pipeline=PipelineID=f1258f91-374d-44ac-9d89-7bef1d680e9b
	at org.apache.hadoop.hdds.scm.pipeline.Pipeline.reportDatanode(Pipeline.java:336)
	at org.apache.hadoop.hdds.scm.pipeline.PipelineReportHandler.setReportedDatanode(PipelineReportHandler.java:154)
	at org.apache.hadoop.hdds.scm.pipeline.PipelineReportHandler.processPipelineReport(PipelineReportHandler.java:129)
	at org.apache.hadoop.hdds.scm.pipeline.PipelineReportHandler.onMessage(PipelineReportHandler.java:88)
	at org.apache.hadoop.hdds.scm.pipeline.PipelineReportHandler.onMessage(PipelineReportHandler.java:47)
	at org.apache.hadoop.hdds.server.events.SingleThreadExecutor.lambda$onMessage$1(SingleThreadExecutor.java:84)
	at java.base/java.util.concurrent.ThreadPoolExecutor.runWorker(ThreadPoolExecutor.java:1144)
	at java.base/java.util.concurrent.ThreadPoolExecutor$Worker.run(ThreadPoolExecutor.java:642)
	at java.base/java.lang.Thread.run(Thread.java:1583)
2025-02-19 06:38:18,578 [EventQueue-PipelineReportForPipelineReportHandler] ERROR pipeline.PipelineReportHandler (PipelineReportHandler.java:onMessage(95)) - Could not process pipeline report=pipelineID {
  id: "117721e1-84b0-442b-bd9d-b5b4ee72daef"
  uuid128 {
    mostSigBits: 1258511873350845483
    leastSigBits: -4783467440498353425
  }
}
isLeader: false
bytesWritten: 0
 from dn=49dd84ae-7ec9-4d92-bc53-345946144fea(localhost/127.0.0.1).
java.io.IOException: Datanode=49dd84ae-7ec9-4d92-bc53-345946144fea(localhost/127.0.0.1) not part of pipeline=PipelineID=117721e1-84b0-442b-bd9d-b5b4ee72daef
	at org.apache.hadoop.hdds.scm.pipeline.Pipeline.reportDatanode(Pipeline.java:336)
	at org.apache.hadoop.hdds.scm.pipeline.PipelineReportHandler.setReportedDatanode(PipelineReportHandler.java:154)
	at org.apache.hadoop.hdds.scm.pipeline.PipelineReportHandler.processPipelineReport(PipelineReportHandler.java:129)
	at org.apache.hadoop.hdds.scm.pipeline.PipelineReportHandler.onMessage(PipelineReportHandler.java:88)
	at org.apache.hadoop.hdds.scm.pipeline.PipelineReportHandler.onMessage(PipelineReportHandler.java:47)
	at org.apache.hadoop.hdds.server.events.SingleThreadExecutor.lambda$onMessage$1(SingleThreadExecutor.java:84)
	at java.base/java.util.concurrent.ThreadPoolExecutor.runWorker(ThreadPoolExecutor.java:1144)
	at java.base/java.util.concurrent.ThreadPoolExecutor$Worker.run(ThreadPoolExecutor.java:642)
	at java.base/java.lang.Thread.run(Thread.java:1583)
2025-02-19 06:38:18,979 [EventQueue-PipelineReportForPipelineReportHandler] ERROR pipeline.PipelineReportHandler (PipelineReportHandler.java:onMessage(95)) - Could not process pipeline report=pipelineID {
  id: "f1258f91-374d-44ac-9d89-7bef1d680e9b"
  uuid128 {
    mostSigBits: -1070291482569784148
    leastSigBits: -7095003471024746853
  }
}
isLeader: false
bytesWritten: 0
 from dn=49dd84ae-7ec9-4d92-bc53-345946144fea(localhost/127.0.0.1).
java.io.IOException: Datanode=49dd84ae-7ec9-4d92-bc53-345946144fea(localhost/127.0.0.1) not part of pipeline=PipelineID=f1258f91-374d-44ac-9d89-7bef1d680e9b
	at org.apache.hadoop.hdds.scm.pipeline.Pipeline.reportDatanode(Pipeline.java:336)
	at org.apache.hadoop.hdds.scm.pipeline.PipelineReportHandler.setReportedDatanode(PipelineReportHandler.java:154)
	at org.apache.hadoop.hdds.scm.pipeline.PipelineReportHandler.processPipelineReport(PipelineReportHandler.java:129)
	at org.apache.hadoop.hdds.scm.pipeline.PipelineReportHandler.onMessage(PipelineReportHandler.java:88)
	at org.apache.hadoop.hdds.scm.pipeline.PipelineReportHandler.onMessage(PipelineReportHandler.java:47)
	at org.apache.hadoop.hdds.server.events.SingleThreadExecutor.lambda$onMessage$1(SingleThreadExecutor.java:84)
	at java.base/java.util.concurrent.ThreadPoolExecutor.runWorker(ThreadPoolExecutor.java:1144)
	at java.base/java.util.concurrent.ThreadPoolExecutor$Worker.run(ThreadPoolExecutor.java:642)
	at java.base/java.lang.Thread.run(Thread.java:1583)
2025-02-19 06:38:18,979 [EventQueue-PipelineReportForPipelineReportHandler] ERROR pipeline.PipelineReportHandler (PipelineReportHandler.java:onMessage(95)) - Could not process pipeline report=pipelineID {
  id: "117721e1-84b0-442b-bd9d-b5b4ee72daef"
  uuid128 {
    mostSigBits: 1258511873350845483
    leastSigBits: -4783467440498353425
  }
}
isLeader: false
bytesWritten: 0
 from dn=49dd84ae-7ec9-4d92-bc53-345946144fea(localhost/127.0.0.1).
java.io.IOException: Datanode=49dd84ae-7ec9-4d92-bc53-345946144fea(localhost/127.0.0.1) not part of pipeline=PipelineID=117721e1-84b0-442b-bd9d-b5b4ee72daef
	at org.apache.hadoop.hdds.scm.pipeline.Pipeline.reportDatanode(Pipeline.java:336)
	at org.apache.hadoop.hdds.scm.pipeline.PipelineReportHandler.setReportedDatanode(PipelineReportHandler.java:154)
	at org.apache.hadoop.hdds.scm.pipeline.PipelineReportHandler.processPipelineReport(PipelineReportHandler.java:129)
	at org.apache.hadoop.hdds.scm.pipeline.PipelineReportHandler.onMessage(PipelineReportHandler.java:88)
	at org.apache.hadoop.hdds.scm.pipeline.PipelineReportHandler.onMessage(PipelineReportHandler.java:47)
	at org.apache.hadoop.hdds.server.events.SingleThreadExecutor.lambda$onMessage$1(SingleThreadExecutor.java:84)
	at java.base/java.util.concurrent.ThreadPoolExecutor.runWorker(ThreadPoolExecutor.java:1144)
	at java.base/java.util.concurrent.ThreadPoolExecutor$Worker.run(ThreadPoolExecutor.java:642)
	at java.base/java.lang.Thread.run(Thread.java:1583)
2025-02-19 06:38:19,059 [timer5] WARN  server.GrpcLogAppender (GrpcLogAppender.java:lambda$resetClient$1(221)) - eb965ba7-12a8-46f3-92c0-bc6ff5b3bf3b@group-81341F4E2824->62ffdddc-aaf0-4ce5-9810-4c181ebbf473-GrpcLogAppender: Follower failed (request=null, errorCount=51); keep nextIndex (11) unchanged and retry. (Repeated 2 times in the last 5.001s)
2025-02-19 06:38:19,061 [timer0] WARN  server.GrpcLogAppender (GrpcLogAppender.java:lambda$resetClient$1(221)) - eb965ba7-12a8-46f3-92c0-bc6ff5b3bf3b@group-81341F4E2824->62ffdddc-aaf0-4ce5-9810-4c181ebbf473-GrpcLogAppender: Follower failed (request=null, errorCount=53); keep nextIndex (13) unchanged and retry. (Repeated 2 times in the last 5.000s)
2025-02-19 06:38:19,179 [EventQueue-PipelineReportForPipelineReportHandler] ERROR pipeline.PipelineReportHandler (PipelineReportHandler.java:onMessage(95)) - Could not process pipeline report=pipelineID {
  id: "f1258f91-374d-44ac-9d89-7bef1d680e9b"
  uuid128 {
    mostSigBits: -1070291482569784148
    leastSigBits: -7095003471024746853
  }
}
isLeader: false
bytesWritten: 0
 from dn=49dd84ae-7ec9-4d92-bc53-345946144fea(localhost/127.0.0.1).
java.io.IOException: Datanode=49dd84ae-7ec9-4d92-bc53-345946144fea(localhost/127.0.0.1) not part of pipeline=PipelineID=f1258f91-374d-44ac-9d89-7bef1d680e9b
	at org.apache.hadoop.hdds.scm.pipeline.Pipeline.reportDatanode(Pipeline.java:336)
	at org.apache.hadoop.hdds.scm.pipeline.PipelineReportHandler.setReportedDatanode(PipelineReportHandler.java:154)
	at org.apache.hadoop.hdds.scm.pipeline.PipelineReportHandler.processPipelineReport(PipelineReportHandler.java:129)
	at org.apache.hadoop.hdds.scm.pipeline.PipelineReportHandler.onMessage(PipelineReportHandler.java:88)
	at org.apache.hadoop.hdds.scm.pipeline.PipelineReportHandler.onMessage(PipelineReportHandler.java:47)
	at org.apache.hadoop.hdds.server.events.SingleThreadExecutor.lambda$onMessage$1(SingleThreadExecutor.java:84)
	at java.base/java.util.concurrent.ThreadPoolExecutor.runWorker(ThreadPoolExecutor.java:1144)
	at java.base/java.util.concurrent.ThreadPoolExecutor$Worker.run(ThreadPoolExecutor.java:642)
	at java.base/java.lang.Thread.run(Thread.java:1583)
2025-02-19 06:38:19,180 [EventQueue-PipelineReportForPipelineReportHandler] ERROR pipeline.PipelineReportHandler (PipelineReportHandler.java:onMessage(95)) - Could not process pipeline report=pipelineID {
  id: "117721e1-84b0-442b-bd9d-b5b4ee72daef"
  uuid128 {
    mostSigBits: 1258511873350845483
    leastSigBits: -4783467440498353425
  }
}
isLeader: false
bytesWritten: 0
 from dn=49dd84ae-7ec9-4d92-bc53-345946144fea(localhost/127.0.0.1).
java.io.IOException: Datanode=49dd84ae-7ec9-4d92-bc53-345946144fea(localhost/127.0.0.1) not part of pipeline=PipelineID=117721e1-84b0-442b-bd9d-b5b4ee72daef
	at org.apache.hadoop.hdds.scm.pipeline.Pipeline.reportDatanode(Pipeline.java:336)
	at org.apache.hadoop.hdds.scm.pipeline.PipelineReportHandler.setReportedDatanode(PipelineReportHandler.java:154)
	at org.apache.hadoop.hdds.scm.pipeline.PipelineReportHandler.processPipelineReport(PipelineReportHandler.java:129)
	at org.apache.hadoop.hdds.scm.pipeline.PipelineReportHandler.onMessage(PipelineReportHandler.java:88)
	at org.apache.hadoop.hdds.scm.pipeline.PipelineReportHandler.onMessage(PipelineReportHandler.java:47)
	at org.apache.hadoop.hdds.server.events.SingleThreadExecutor.lambda$onMessage$1(SingleThreadExecutor.java:84)
	at java.base/java.util.concurrent.ThreadPoolExecutor.runWorker(ThreadPoolExecutor.java:1144)
	at java.base/java.util.concurrent.ThreadPoolExecutor$Worker.run(ThreadPoolExecutor.java:642)
	at java.base/java.lang.Thread.run(Thread.java:1583)
2025-02-19 06:38:19,579 [EventQueue-PipelineReportForPipelineReportHandler] ERROR pipeline.PipelineReportHandler (PipelineReportHandler.java:onMessage(95)) - Could not process pipeline report=pipelineID {
  id: "f1258f91-374d-44ac-9d89-7bef1d680e9b"
  uuid128 {
    mostSigBits: -1070291482569784148
    leastSigBits: -7095003471024746853
  }
}
isLeader: false
bytesWritten: 0
 from dn=49dd84ae-7ec9-4d92-bc53-345946144fea(localhost/127.0.0.1).
java.io.IOException: Datanode=49dd84ae-7ec9-4d92-bc53-345946144fea(localhost/127.0.0.1) not part of pipeline=PipelineID=f1258f91-374d-44ac-9d89-7bef1d680e9b
	at org.apache.hadoop.hdds.scm.pipeline.Pipeline.reportDatanode(Pipeline.java:336)
	at org.apache.hadoop.hdds.scm.pipeline.PipelineReportHandler.setReportedDatanode(PipelineReportHandler.java:154)
	at org.apache.hadoop.hdds.scm.pipeline.PipelineReportHandler.processPipelineReport(PipelineReportHandler.java:129)
	at org.apache.hadoop.hdds.scm.pipeline.PipelineReportHandler.onMessage(PipelineReportHandler.java:88)
	at org.apache.hadoop.hdds.scm.pipeline.PipelineReportHandler.onMessage(PipelineReportHandler.java:47)
	at org.apache.hadoop.hdds.server.events.SingleThreadExecutor.lambda$onMessage$1(SingleThreadExecutor.java:84)
	at java.base/java.util.concurrent.ThreadPoolExecutor.runWorker(ThreadPoolExecutor.java:1144)
	at java.base/java.util.concurrent.ThreadPoolExecutor$Worker.run(ThreadPoolExecutor.java:642)
	at java.base/java.lang.Thread.run(Thread.java:1583)
2025-02-19 06:38:19,580 [EventQueue-PipelineReportForPipelineReportHandler] ERROR pipeline.PipelineReportHandler (PipelineReportHandler.java:onMessage(95)) - Could not process pipeline report=pipelineID {
  id: "117721e1-84b0-442b-bd9d-b5b4ee72daef"
  uuid128 {
    mostSigBits: 1258511873350845483
    leastSigBits: -4783467440498353425
  }
}
isLeader: false
bytesWritten: 0
 from dn=49dd84ae-7ec9-4d92-bc53-345946144fea(localhost/127.0.0.1).
java.io.IOException: Datanode=49dd84ae-7ec9-4d92-bc53-345946144fea(localhost/127.0.0.1) not part of pipeline=PipelineID=117721e1-84b0-442b-bd9d-b5b4ee72daef
	at org.apache.hadoop.hdds.scm.pipeline.Pipeline.reportDatanode(Pipeline.java:336)
	at org.apache.hadoop.hdds.scm.pipeline.PipelineReportHandler.setReportedDatanode(PipelineReportHandler.java:154)
	at org.apache.hadoop.hdds.scm.pipeline.PipelineReportHandler.processPipelineReport(PipelineReportHandler.java:129)
	at org.apache.hadoop.hdds.scm.pipeline.PipelineReportHandler.onMessage(PipelineReportHandler.java:88)
	at org.apache.hadoop.hdds.scm.pipeline.PipelineReportHandler.onMessage(PipelineReportHandler.java:47)
	at org.apache.hadoop.hdds.server.events.SingleThreadExecutor.lambda$onMessage$1(SingleThreadExecutor.java:84)
	at java.base/java.util.concurrent.ThreadPoolExecutor.runWorker(ThreadPoolExecutor.java:1144)
	at java.base/java.util.concurrent.ThreadPoolExecutor$Worker.run(ThreadPoolExecutor.java:642)
	at java.base/java.lang.Thread.run(Thread.java:1583)
2025-02-19 06:38:19,779 [EventQueue-PipelineReportForPipelineReportHandler] ERROR pipeline.PipelineReportHandler (PipelineReportHandler.java:onMessage(95)) - Could not process pipeline report=pipelineID {
  id: "f1258f91-374d-44ac-9d89-7bef1d680e9b"
  uuid128 {
    mostSigBits: -1070291482569784148
    leastSigBits: -7095003471024746853
  }
}
isLeader: false
bytesWritten: 0
 from dn=49dd84ae-7ec9-4d92-bc53-345946144fea(localhost/127.0.0.1).
java.io.IOException: Datanode=49dd84ae-7ec9-4d92-bc53-345946144fea(localhost/127.0.0.1) not part of pipeline=PipelineID=f1258f91-374d-44ac-9d89-7bef1d680e9b
	at org.apache.hadoop.hdds.scm.pipeline.Pipeline.reportDatanode(Pipeline.java:336)
	at org.apache.hadoop.hdds.scm.pipeline.PipelineReportHandler.setReportedDatanode(PipelineReportHandler.java:154)
	at org.apache.hadoop.hdds.scm.pipeline.PipelineReportHandler.processPipelineReport(PipelineReportHandler.java:129)
	at org.apache.hadoop.hdds.scm.pipeline.PipelineReportHandler.onMessage(PipelineReportHandler.java:88)
	at org.apache.hadoop.hdds.scm.pipeline.PipelineReportHandler.onMessage(PipelineReportHandler.java:47)
	at org.apache.hadoop.hdds.server.events.SingleThreadExecutor.lambda$onMessage$1(SingleThreadExecutor.java:84)
	at java.base/java.util.concurrent.ThreadPoolExecutor.runWorker(ThreadPoolExecutor.java:1144)
	at java.base/java.util.concurrent.ThreadPoolExecutor$Worker.run(ThreadPoolExecutor.java:642)
	at java.base/java.lang.Thread.run(Thread.java:1583)
2025-02-19 06:38:19,779 [EventQueue-PipelineReportForPipelineReportHandler] ERROR pipeline.PipelineReportHandler (PipelineReportHandler.java:onMessage(95)) - Could not process pipeline report=pipelineID {
  id: "117721e1-84b0-442b-bd9d-b5b4ee72daef"
  uuid128 {
    mostSigBits: 1258511873350845483
    leastSigBits: -4783467440498353425
  }
}
isLeader: false
bytesWritten: 0
 from dn=49dd84ae-7ec9-4d92-bc53-345946144fea(localhost/127.0.0.1).
java.io.IOException: Datanode=49dd84ae-7ec9-4d92-bc53-345946144fea(localhost/127.0.0.1) not part of pipeline=PipelineID=117721e1-84b0-442b-bd9d-b5b4ee72daef
	at org.apache.hadoop.hdds.scm.pipeline.Pipeline.reportDatanode(Pipeline.java:336)
	at org.apache.hadoop.hdds.scm.pipeline.PipelineReportHandler.setReportedDatanode(PipelineReportHandler.java:154)
	at org.apache.hadoop.hdds.scm.pipeline.PipelineReportHandler.processPipelineReport(PipelineReportHandler.java:129)
	at org.apache.hadoop.hdds.scm.pipeline.PipelineReportHandler.onMessage(PipelineReportHandler.java:88)
	at org.apache.hadoop.hdds.scm.pipeline.PipelineReportHandler.onMessage(PipelineReportHandler.java:47)
	at org.apache.hadoop.hdds.server.events.SingleThreadExecutor.lambda$onMessage$1(SingleThreadExecutor.java:84)
	at java.base/java.util.concurrent.ThreadPoolExecutor.runWorker(ThreadPoolExecutor.java:1144)
	at java.base/java.util.concurrent.ThreadPoolExecutor$Worker.run(ThreadPoolExecutor.java:642)
	at java.base/java.lang.Thread.run(Thread.java:1583)
2025-02-19 06:38:20,065 [timer0] WARN  server.GrpcLogAppender (LogUtils.java:warn(121)) - eb965ba7-12a8-46f3-92c0-bc6ff5b3bf3b@group-81341F4E2824->62ffdddc-aaf0-4ce5-9810-4c181ebbf473-AppendLogResponseHandler: Failed appendEntries (Repeated 4 times in the last 5.000s): org.apache.ratis.thirdparty.io.grpc.StatusRuntimeException: UNAVAILABLE: io exception
2025-02-19 06:38:20,068 [timer2] WARN  server.GrpcLogAppender (GrpcLogAppender.java:lambda$resetClient$1(221)) - eb965ba7-12a8-46f3-92c0-bc6ff5b3bf3b@group-81341F4E2824->62ffdddc-aaf0-4ce5-9810-4c181ebbf473-GrpcLogAppender: Follower failed (request=null, errorCount=55); keep nextIndex (14) unchanged and retry. (Repeated 2 times in the last 5.000s)
2025-02-19 06:38:20,074 [timer0] WARN  server.GrpcLogAppender (GrpcLogAppender.java:lambda$resetClient$1(221)) - eb965ba7-12a8-46f3-92c0-bc6ff5b3bf3b@group-81341F4E2824->62ffdddc-aaf0-4ce5-9810-4c181ebbf473-GrpcLogAppender: Follower failed (request=null, errorCount=57); keep nextIndex (17) unchanged and retry. (Repeated 2 times in the last 5.001s)
2025-02-19 06:38:20,092 [49dd84ae-7ec9-4d92-bc53-345946144fea-PipelineCommandHandlerThread-0] INFO  server.RaftServer (RaftServerProxy.java:addNew(100)) - 49dd84ae-7ec9-4d92-bc53-345946144fea: addNew group-A17754050E0F:[49dd84ae-7ec9-4d92-bc53-345946144fea|127.0.0.1:15016] returns group-A17754050E0F:java.util.concurrent.CompletableFuture@28485576[Not completed]
2025-02-19 06:38:20,093 [49dd84ae-7ec9-4d92-bc53-345946144fea-groupManagement] INFO  server.RaftServer$Division (RaftServerImpl.java:<init>(255)) - 49dd84ae-7ec9-4d92-bc53-345946144fea: new RaftServerImpl for group-A17754050E0F:[49dd84ae-7ec9-4d92-bc53-345946144fea|127.0.0.1:15016] with ContainerStateMachine:uninitialized
2025-02-19 06:38:20,093 [49dd84ae-7ec9-4d92-bc53-345946144fea-groupManagement] INFO  server.RaftServerConfigKeys (ConfUtils.java:logGet(46)) - raft.server.rpc.timeout.min = 5s (custom)
2025-02-19 06:38:20,093 [49dd84ae-7ec9-4d92-bc53-345946144fea-groupManagement] INFO  server.RaftServerConfigKeys (ConfUtils.java:logGet(46)) - raft.server.rpc.timeout.max = 5200ms (custom)
2025-02-19 06:38:20,093 [49dd84ae-7ec9-4d92-bc53-345946144fea-groupManagement] INFO  server.RaftServerConfigKeys (ConfUtils.java:logGet(46)) - raft.server.rpc.sleep.time = 25ms (default)
2025-02-19 06:38:20,093 [49dd84ae-7ec9-4d92-bc53-345946144fea-groupManagement] INFO  server.RaftServerConfigKeys (ConfUtils.java:logGet(46)) - raft.server.rpc.slowness.timeout = 300000ms (custom)
2025-02-19 06:38:20,093 [49dd84ae-7ec9-4d92-bc53-345946144fea-groupManagement] INFO  server.RaftServerConfigKeys (ConfUtils.java:logGet(46)) - raft.server.leaderelection.leader.step-down.wait-time = 10s (default)
2025-02-19 06:38:20,093 [49dd84ae-7ec9-4d92-bc53-345946144fea-groupManagement] INFO  server.RaftServerConfigKeys (ConfUtils.java:logGet(46)) - raft.server.leaderelection.member.majority-add = false (default)
2025-02-19 06:38:20,093 [49dd84ae-7ec9-4d92-bc53-345946144fea-groupManagement] INFO  server.RaftServerConfigKeys (ConfUtils.java:logGet(46)) - raft.server.sleep.deviation.threshold = 300ms (default)
2025-02-19 06:38:20,093 [49dd84ae-7ec9-4d92-bc53-345946144fea-groupManagement] INFO  server.RaftServer$Division (ServerState.java:<init>(114)) - 49dd84ae-7ec9-4d92-bc53-345946144fea@group-A17754050E0F: ConfigurationManager, init=conf: {index: -1, cur=peers:[49dd84ae-7ec9-4d92-bc53-345946144fea|127.0.0.1:15016]|listeners:[], old=null}, confs=<EMPTY_MAP>
2025-02-19 06:38:20,094 [49dd84ae-7ec9-4d92-bc53-345946144fea-groupManagement] INFO  server.RaftServerConfigKeys (ConfUtils.java:logGet(46)) - raft.server.notification.no-leader.timeout = 300000ms (custom)
2025-02-19 06:38:20,094 [49dd84ae-7ec9-4d92-bc53-345946144fea-groupManagement] INFO  server.RaftServerConfigKeys (ConfUtils.java:logGet(46)) - raft.server.read.timeout = 10s (default)
2025-02-19 06:38:20,094 [49dd84ae-7ec9-4d92-bc53-345946144fea-groupManagement] INFO  server.RaftServerConfigKeys (ConfUtils.java:logGet(46)) - raft.server.retrycache.expirytime = 600000ms (custom)
2025-02-19 06:38:20,094 [49dd84ae-7ec9-4d92-bc53-345946144fea-groupManagement] INFO  server.RaftServerConfigKeys (ConfUtils.java:logGet(46)) - raft.server.retrycache.statistics.expirytime = 100ms (default)
2025-02-19 06:38:20,094 [49dd84ae-7ec9-4d92-bc53-345946144fea-groupManagement] INFO  server.RaftServerConfigKeys (ConfUtils.java:logGet(46)) - raft.server.read.option = DEFAULT (default)
2025-02-19 06:38:20,094 [49dd84ae-7ec9-4d92-bc53-345946144fea-groupManagement] INFO  server.RaftServerConfigKeys (ConfUtils.java:logGet(46)) - raft.server.read.read-after-write-consistent.write-index-cache.expiry-time = 60s (default)
2025-02-19 06:38:20,097 [49dd84ae-7ec9-4d92-bc53-345946144fea-groupManagement] INFO  server.RaftServerConfigKeys (ConfUtils.java:logGet(46)) - raft.server.rpc.request.timeout = 3000ms (default)
2025-02-19 06:38:20,097 [49dd84ae-7ec9-4d92-bc53-345946144fea-groupManagement] INFO  server.RaftServerConfigKeys (ConfUtils.java:logGet(46)) - raft.server.log.appender.install.snapshot.enabled = false (custom)
2025-02-19 06:38:20,097 [49dd84ae-7ec9-4d92-bc53-345946144fea-groupManagement] INFO  server.RaftServerConfigKeys (ConfUtils.java:logGet(46)) - raft.server.threadpool.server.cached = true (default)
2025-02-19 06:38:20,097 [49dd84ae-7ec9-4d92-bc53-345946144fea-groupManagement] INFO  server.RaftServerConfigKeys (ConfUtils.java:logGet(46)) - raft.server.threadpool.server.size = 0 (default)
2025-02-19 06:38:20,097 [49dd84ae-7ec9-4d92-bc53-345946144fea-groupManagement] INFO  server.RaftServerConfigKeys (ConfUtils.java:logGet(46)) - raft.server.threadpool.client.cached = true (default)
2025-02-19 06:38:20,097 [49dd84ae-7ec9-4d92-bc53-345946144fea-groupManagement] INFO  server.RaftServerConfigKeys (ConfUtils.java:logGet(46)) - raft.server.threadpool.client.size = 0 (default)
2025-02-19 06:38:20,097 [49dd84ae-7ec9-4d92-bc53-345946144fea-groupManagement] INFO  server.RaftServerConfigKeys (ConfUtils.java:logGet(46)) - raft.server.storage.free-space.min = 0MB (=0) (default)
2025-02-19 06:38:20,097 [49dd84ae-7ec9-4d92-bc53-345946144fea-groupManagement] INFO  server.RaftServerConfigKeys (ConfUtils.java:logGet(46)) - raft.server.log.corruption.policy = EXCEPTION (default)
2025-02-19 06:38:20,097 [49dd84ae-7ec9-4d92-bc53-345946144fea-groupManagement] INFO  server.RaftServerConfigKeys (ConfUtils.java:logGet(46)) - raft.server.storage.dir = [/home/runner/work/ozone/ozone/hadoop-ozone/integration-test/target/test-dir/MiniOzoneClusterImpl-3e129c02-f7f1-4d32-bd92-d681932e2c0d/ozone-meta/datanode-1/ratise7641bee-ff94-4353-808e-f526ce6eb8f2] (custom)
2025-02-19 06:38:20,097 [49dd84ae-7ec9-4d92-bc53-345946144fea-groupManagement] INFO  storage.RaftStorageDirectory (RaftStorageDirectoryImpl.java:analyzeStorage(138)) - The storage directory /home/runner/work/ozone/ozone/hadoop-ozone/integration-test/target/test-dir/MiniOzoneClusterImpl-3e129c02-f7f1-4d32-bd92-d681932e2c0d/ozone-meta/datanode-1/ratise7641bee-ff94-4353-808e-f526ce6eb8f2/43968e45-00be-4e98-ae5f-a17754050e0f does not exist. Creating ...
2025-02-19 06:38:20,098 [49dd84ae-7ec9-4d92-bc53-345946144fea-groupManagement] INFO  storage.RaftStorageDirectory (RaftStorageDirectoryImpl.java:tryLock(229)) - Lock on /home/runner/work/ozone/ozone/hadoop-ozone/integration-test/target/test-dir/MiniOzoneClusterImpl-3e129c02-f7f1-4d32-bd92-d681932e2c0d/ozone-meta/datanode-1/ratise7641bee-ff94-4353-808e-f526ce6eb8f2/43968e45-00be-4e98-ae5f-a17754050e0f/in_use.lock acquired by nodename 45211@fv-az1758-115
2025-02-19 06:38:20,099 [49dd84ae-7ec9-4d92-bc53-345946144fea-groupManagement] INFO  storage.RaftStorage (RaftStorageImpl.java:format(98)) - Storage directory /home/runner/work/ozone/ozone/hadoop-ozone/integration-test/target/test-dir/MiniOzoneClusterImpl-3e129c02-f7f1-4d32-bd92-d681932e2c0d/ozone-meta/datanode-1/ratise7641bee-ff94-4353-808e-f526ce6eb8f2/43968e45-00be-4e98-ae5f-a17754050e0f has been successfully formatted.
2025-02-19 06:38:20,099 [49dd84ae-7ec9-4d92-bc53-345946144fea-groupManagement] INFO  ratis.ContainerStateMachine (ContainerStateMachine.java:initialize(300)) - 49dd84ae-7ec9-4d92-bc53-345946144fea: initialize group-A17754050E0F
2025-02-19 06:38:20,100 [49dd84ae-7ec9-4d92-bc53-345946144fea-groupManagement] INFO  ratis.ContainerStateMachine (ContainerStateMachine.java:loadSnapshot(308)) - group-A17754050E0F: The snapshot info is null. Setting the last applied index to:(t:0, i:~)
2025-02-19 06:38:20,100 [49dd84ae-7ec9-4d92-bc53-345946144fea-groupManagement] INFO  server.RaftServerConfigKeys (ConfUtils.java:logGet(46)) - raft.server.log.use.memory = false (default)
2025-02-19 06:38:20,100 [49dd84ae-7ec9-4d92-bc53-345946144fea-groupManagement] INFO  server.RaftServerConfigKeys (ConfUtils.java:logGet(46)) - raft.server.log.purge.gap = 1000000 (custom)
2025-02-19 06:38:20,100 [49dd84ae-7ec9-4d92-bc53-345946144fea-groupManagement] INFO  server.RaftServerConfigKeys (ConfUtils.java:logGet(46)) - raft.server.log.appender.buffer.byte-limit = 33554432 (custom)
2025-02-19 06:38:20,100 [49dd84ae-7ec9-4d92-bc53-345946144fea-groupManagement] INFO  server.RaftServerConfigKeys (ConfUtils.java:logGet(46)) - raft.server.log.statemachine.data.read.timeout = 1000ms (default)
2025-02-19 06:38:20,100 [49dd84ae-7ec9-4d92-bc53-345946144fea-groupManagement] INFO  server.RaftServerConfigKeys (ConfUtils.java:logGet(46)) - raft.server.log.purge.preservation.log.num = 0 (default)
2025-02-19 06:38:20,101 [EventQueue-PipelineReportForPipelineReportHandler] ERROR pipeline.PipelineReportHandler (PipelineReportHandler.java:onMessage(95)) - Could not process pipeline report=pipelineID {
  id: "f1258f91-374d-44ac-9d89-7bef1d680e9b"
  uuid128 {
    mostSigBits: -1070291482569784148
    leastSigBits: -7095003471024746853
  }
}
isLeader: false
bytesWritten: 0
 from dn=49dd84ae-7ec9-4d92-bc53-345946144fea(localhost/127.0.0.1).
java.io.IOException: Datanode=49dd84ae-7ec9-4d92-bc53-345946144fea(localhost/127.0.0.1) not part of pipeline=PipelineID=f1258f91-374d-44ac-9d89-7bef1d680e9b
	at org.apache.hadoop.hdds.scm.pipeline.Pipeline.reportDatanode(Pipeline.java:336)
	at org.apache.hadoop.hdds.scm.pipeline.PipelineReportHandler.setReportedDatanode(PipelineReportHandler.java:154)
	at org.apache.hadoop.hdds.scm.pipeline.PipelineReportHandler.processPipelineReport(PipelineReportHandler.java:129)
	at org.apache.hadoop.hdds.scm.pipeline.PipelineReportHandler.onMessage(PipelineReportHandler.java:88)
	at org.apache.hadoop.hdds.scm.pipeline.PipelineReportHandler.onMessage(PipelineReportHandler.java:47)
	at org.apache.hadoop.hdds.server.events.SingleThreadExecutor.lambda$onMessage$1(SingleThreadExecutor.java:84)
	at java.base/java.util.concurrent.ThreadPoolExecutor.runWorker(ThreadPoolExecutor.java:1144)
	at java.base/java.util.concurrent.ThreadPoolExecutor$Worker.run(ThreadPoolExecutor.java:642)
	at java.base/java.lang.Thread.run(Thread.java:1583)
2025-02-19 06:38:20,101 [49dd84ae-7ec9-4d92-bc53-345946144fea-groupManagement] INFO  server.RaftServerConfigKeys (ConfUtils.java:logGet(46)) - raft.server.log.segment.size.max = 67108864 (custom)
2025-02-19 06:38:20,102 [49dd84ae-7ec9-4d92-bc53-345946144fea-groupManagement] INFO  server.RaftServerConfigKeys (ConfUtils.java:logGet(46)) - raft.server.log.segment.cache.num.max = 2 (custom)
2025-02-19 06:38:20,102 [49dd84ae-7ec9-4d92-bc53-345946144fea-groupManagement] INFO  server.RaftServerConfigKeys (ConfUtils.java:logGet(46)) - raft.server.log.segment.cache.size.max = 200MB (=209715200) (default)
2025-02-19 06:38:20,102 [49dd84ae-7ec9-4d92-bc53-345946144fea-groupManagement] INFO  server.RaftServerConfigKeys (ConfUtils.java:logGet(46)) - raft.server.log.appender.buffer.byte-limit = 33554432 (custom)
2025-02-19 06:38:20,102 [49dd84ae-7ec9-4d92-bc53-345946144fea-groupManagement] INFO  util.AwaitToRun (AwaitToRun.java:start(81)) - Thread[#2369,49dd84ae-7ec9-4d92-bc53-345946144fea@group-A17754050E0F-cacheEviction-AwaitToRun,5,main] started
2025-02-19 06:38:20,102 [49dd84ae-7ec9-4d92-bc53-345946144fea-groupManagement] INFO  segmented.SegmentedRaftLogWorker (SegmentedRaftLogWorker.java:<init>(188)) - new 49dd84ae-7ec9-4d92-bc53-345946144fea@group-A17754050E0F-SegmentedRaftLogWorker for RaftStorageImpl:Storage Directory /home/runner/work/ozone/ozone/hadoop-ozone/integration-test/target/test-dir/MiniOzoneClusterImpl-3e129c02-f7f1-4d32-bd92-d681932e2c0d/ozone-meta/datanode-1/ratise7641bee-ff94-4353-808e-f526ce6eb8f2/43968e45-00be-4e98-ae5f-a17754050e0f
2025-02-19 06:38:20,102 [49dd84ae-7ec9-4d92-bc53-345946144fea-groupManagement] INFO  server.RaftServerConfigKeys (ConfUtils.java:logGet(46)) - raft.server.log.queue.byte-limit = 4294967296 (custom)
2025-02-19 06:38:20,102 [49dd84ae-7ec9-4d92-bc53-345946144fea-groupManagement] INFO  server.RaftServerConfigKeys (ConfUtils.java:logGet(46)) - raft.server.log.queue.element-limit = 1024 (custom)
2025-02-19 06:38:20,102 [49dd84ae-7ec9-4d92-bc53-345946144fea-groupManagement] INFO  server.RaftServerConfigKeys (ConfUtils.java:logGet(46)) - raft.server.log.segment.size.max = 67108864 (custom)
2025-02-19 06:38:20,102 [49dd84ae-7ec9-4d92-bc53-345946144fea-groupManagement] INFO  server.RaftServerConfigKeys (ConfUtils.java:logGet(46)) - raft.server.log.preallocated.size = 4194304 (custom)
2025-02-19 06:38:20,102 [49dd84ae-7ec9-4d92-bc53-345946144fea-groupManagement] INFO  server.RaftServerConfigKeys (ConfUtils.java:logGet(46)) - raft.server.log.force.sync.num = 128 (default)
2025-02-19 06:38:20,102 [49dd84ae-7ec9-4d92-bc53-345946144fea-groupManagement] INFO  server.RaftServerConfigKeys (ConfUtils.java:logGet(46)) - raft.server.log.statemachine.data.sync = true (default)
2025-02-19 06:38:20,102 [49dd84ae-7ec9-4d92-bc53-345946144fea-groupManagement] INFO  server.RaftServerConfigKeys (ConfUtils.java:logGet(46)) - raft.server.log.statemachine.data.sync.timeout = 10s (default)
2025-02-19 06:38:20,102 [49dd84ae-7ec9-4d92-bc53-345946144fea-groupManagement] INFO  server.RaftServerConfigKeys (ConfUtils.java:logGet(46)) - raft.server.log.statemachine.data.sync.timeout.retry = 30 (custom)
2025-02-19 06:38:20,103 [49dd84ae-7ec9-4d92-bc53-345946144fea-groupManagement] INFO  server.RaftServerConfigKeys (ConfUtils.java:logGet(46)) - raft.server.log.write.buffer.size = 33554440 (custom)
2025-02-19 06:38:20,104 [EventQueue-PipelineReportForPipelineReportHandler] INFO  pipeline.PipelineReportHandler (PipelineReportHandler.java:processPipelineReport(141)) - Opened pipeline PipelineID=43968e45-00be-4e98-ae5f-a17754050e0f
2025-02-19 06:38:20,104 [EventQueue-PipelineReportForPipelineReportHandler] ERROR pipeline.PipelineReportHandler (PipelineReportHandler.java:onMessage(95)) - Could not process pipeline report=pipelineID {
  id: "117721e1-84b0-442b-bd9d-b5b4ee72daef"
  uuid128 {
    mostSigBits: 1258511873350845483
    leastSigBits: -4783467440498353425
  }
}
isLeader: false
bytesWritten: 0
 from dn=49dd84ae-7ec9-4d92-bc53-345946144fea(localhost/127.0.0.1).
java.io.IOException: Datanode=49dd84ae-7ec9-4d92-bc53-345946144fea(localhost/127.0.0.1) not part of pipeline=PipelineID=117721e1-84b0-442b-bd9d-b5b4ee72daef
	at org.apache.hadoop.hdds.scm.pipeline.Pipeline.reportDatanode(Pipeline.java:336)
	at org.apache.hadoop.hdds.scm.pipeline.PipelineReportHandler.setReportedDatanode(PipelineReportHandler.java:154)
	at org.apache.hadoop.hdds.scm.pipeline.PipelineReportHandler.processPipelineReport(PipelineReportHandler.java:129)
	at org.apache.hadoop.hdds.scm.pipeline.PipelineReportHandler.onMessage(PipelineReportHandler.java:88)
	at org.apache.hadoop.hdds.scm.pipeline.PipelineReportHandler.onMessage(PipelineReportHandler.java:47)
	at org.apache.hadoop.hdds.server.events.SingleThreadExecutor.lambda$onMessage$1(SingleThreadExecutor.java:84)
	at java.base/java.util.concurrent.ThreadPoolExecutor.runWorker(ThreadPoolExecutor.java:1144)
	at java.base/java.util.concurrent.ThreadPoolExecutor$Worker.run(ThreadPoolExecutor.java:642)
	at java.base/java.lang.Thread.run(Thread.java:1583)
2025-02-19 06:38:20,107 [49dd84ae-7ec9-4d92-bc53-345946144fea-groupManagement] INFO  server.RaftServerConfigKeys (ConfUtils.java:logGet(46)) - raft.server.log.appender.buffer.byte-limit = 33554432 (custom)
2025-02-19 06:38:20,107 [49dd84ae-7ec9-4d92-bc53-345946144fea-groupManagement] INFO  server.RaftServerConfigKeys (ConfUtils.java:logGet(46)) - raft.server.log.unsafe-flush.enabled = false (default)
2025-02-19 06:38:20,107 [49dd84ae-7ec9-4d92-bc53-345946144fea-groupManagement] INFO  server.RaftServerConfigKeys (ConfUtils.java:logGet(46)) - raft.server.log.async-flush.enabled = false (default)
2025-02-19 06:38:20,107 [49dd84ae-7ec9-4d92-bc53-345946144fea-groupManagement] INFO  server.RaftServerConfigKeys (ConfUtils.java:logGet(46)) - raft.server.log.statemachine.data.caching.enabled = true (custom)
2025-02-19 06:38:20,107 [49dd84ae-7ec9-4d92-bc53-345946144fea-groupManagement] INFO  segmented.SegmentedRaftLogWorker (SegmentedRaftLogWorker.java:lambda$new$0(139)) - 49dd84ae-7ec9-4d92-bc53-345946144fea@group-A17754050E0F-SegmentedRaftLogWorker: flushIndex: setUnconditionally 0 -> -1
2025-02-19 06:38:20,107 [49dd84ae-7ec9-4d92-bc53-345946144fea-groupManagement] INFO  segmented.SegmentedRaftLogWorker (SegmentedRaftLogWorker.java:lambda$new$0(139)) - 49dd84ae-7ec9-4d92-bc53-345946144fea@group-A17754050E0F-SegmentedRaftLogWorker: safeCacheEvictIndex: setUnconditionally 0 -> -1
2025-02-19 06:38:20,107 [49dd84ae-7ec9-4d92-bc53-345946144fea-groupManagement] INFO  server.RaftServer$Division (RaftServerImpl.java:start(391)) - 49dd84ae-7ec9-4d92-bc53-345946144fea@group-A17754050E0F: start as a follower, conf=conf: {index: -1, cur=peers:[49dd84ae-7ec9-4d92-bc53-345946144fea|127.0.0.1:15016]|listeners:[], old=null}
2025-02-19 06:38:20,107 [49dd84ae-7ec9-4d92-bc53-345946144fea-groupManagement] INFO  server.RaftServer$Division (RaftServerImpl.java:setRole(378)) - 49dd84ae-7ec9-4d92-bc53-345946144fea@group-A17754050E0F: changes role from      null to FOLLOWER at term 0 for startAsFollower
2025-02-19 06:38:20,108 [49dd84ae-7ec9-4d92-bc53-345946144fea-groupManagement] INFO  impl.RoleInfo (RoleInfo.java:updateAndGet(148)) - 49dd84ae-7ec9-4d92-bc53-345946144fea: start 49dd84ae-7ec9-4d92-bc53-345946144fea@group-A17754050E0F-FollowerState
2025-02-19 06:38:20,108 [49dd84ae-7ec9-4d92-bc53-345946144fea-groupManagement] INFO  util.JmxRegister (JmxRegister.java:tryRegister(44)) - Successfully registered JMX Bean with object name Ratis:service=RaftServer,group=group-A17754050E0F,id=49dd84ae-7ec9-4d92-bc53-345946144fea
2025-02-19 06:38:20,108 [49dd84ae-7ec9-4d92-bc53-345946144fea-groupManagement] INFO  util.JmxRegister (JmxRegister.java:register(58)) - register mxBean class org.apache.ratis.server.impl.RaftServerJmxAdapter as Ratis:service=RaftServer,group=group-A17754050E0F,id=49dd84ae-7ec9-4d92-bc53-345946144fea
2025-02-19 06:38:20,108 [49dd84ae-7ec9-4d92-bc53-345946144fea@group-A17754050E0F-FollowerState] INFO  server.RaftServerConfigKeys (ConfUtils.java:logFallback(53)) - raft.server.rpc.first-election.timeout.min = 5s (fallback to raft.server.rpc.timeout.min)
2025-02-19 06:38:20,108 [49dd84ae-7ec9-4d92-bc53-345946144fea@group-A17754050E0F-FollowerState] INFO  server.RaftServerConfigKeys (ConfUtils.java:logFallback(53)) - raft.server.rpc.first-election.timeout.max = 5200ms (fallback to raft.server.rpc.timeout.max)
2025-02-19 06:38:20,108 [49dd84ae-7ec9-4d92-bc53-345946144fea-groupManagement] INFO  server.RaftServerConfigKeys (ConfUtils.java:logGet(46)) - raft.server.snapshot.trigger-when-stop.enabled = true (default)
2025-02-19 06:38:20,108 [49dd84ae-7ec9-4d92-bc53-345946144fea-groupManagement] INFO  server.RaftServerConfigKeys (ConfUtils.java:logGet(46)) - raft.server.snapshot.trigger-when-remove.enabled = true (default)
2025-02-19 06:38:20,108 [49dd84ae-7ec9-4d92-bc53-345946144fea-groupManagement] INFO  server.RaftServerConfigKeys (ConfUtils.java:logGet(46)) - raft.server.snapshot.auto.trigger.enabled = true (custom)
2025-02-19 06:38:20,108 [49dd84ae-7ec9-4d92-bc53-345946144fea-groupManagement] INFO  server.RaftServerConfigKeys (ConfUtils.java:logGet(46)) - raft.server.snapshot.auto.trigger.threshold = 1 (custom)
2025-02-19 06:38:20,108 [49dd84ae-7ec9-4d92-bc53-345946144fea-groupManagement] INFO  server.RaftServerConfigKeys (ConfUtils.java:logGet(46)) - raft.server.snapshot.retention.file.num = 5 (custom)
2025-02-19 06:38:20,108 [49dd84ae-7ec9-4d92-bc53-345946144fea-groupManagement] INFO  server.RaftServerConfigKeys (ConfUtils.java:logGet(46)) - raft.server.log.purge.upto.snapshot.index = false (default)
2025-02-19 06:38:20,109 [49dd84ae-7ec9-4d92-bc53-345946144fea-groupManagement] INFO  server.RaftServer$Division (RaftServerImpl.java:start(405)) - 49dd84ae-7ec9-4d92-bc53-345946144fea@group-A17754050E0F: Successfully started.
2025-02-19 06:38:20,109 [49dd84ae-7ec9-4d92-bc53-345946144fea-PipelineCommandHandlerThread-0] INFO  ratis.XceiverServerRatis (XceiverServerRatis.java:addGroup(841)) - Created group PipelineID=43968e45-00be-4e98-ae5f-a17754050e0f
2025-02-19 06:38:20,109 [49dd84ae-7ec9-4d92-bc53-345946144fea-PipelineCommandHandlerThread-0] INFO  commandhandler.CreatePipelineCommandHandler (CreatePipelineCommandHandler.java:lambda$handle$2(128)) - Created Pipeline RATIS ONE PipelineID=43968e45-00be-4e98-ae5f-a17754050e0f.
2025-02-19 06:38:20,501 [EventQueue-PipelineReportForPipelineReportHandler] ERROR pipeline.PipelineReportHandler (PipelineReportHandler.java:onMessage(95)) - Could not process pipeline report=pipelineID {
  id: "f1258f91-374d-44ac-9d89-7bef1d680e9b"
  uuid128 {
    mostSigBits: -1070291482569784148
    leastSigBits: -7095003471024746853
  }
}
isLeader: false
bytesWritten: 0
 from dn=49dd84ae-7ec9-4d92-bc53-345946144fea(localhost/127.0.0.1).
java.io.IOException: Datanode=49dd84ae-7ec9-4d92-bc53-345946144fea(localhost/127.0.0.1) not part of pipeline=PipelineID=f1258f91-374d-44ac-9d89-7bef1d680e9b
	at org.apache.hadoop.hdds.scm.pipeline.Pipeline.reportDatanode(Pipeline.java:336)
	at org.apache.hadoop.hdds.scm.pipeline.PipelineReportHandler.setReportedDatanode(PipelineReportHandler.java:154)
	at org.apache.hadoop.hdds.scm.pipeline.PipelineReportHandler.processPipelineReport(PipelineReportHandler.java:129)
	at org.apache.hadoop.hdds.scm.pipeline.PipelineReportHandler.onMessage(PipelineReportHandler.java:88)
	at org.apache.hadoop.hdds.scm.pipeline.PipelineReportHandler.onMessage(PipelineReportHandler.java:47)
	at org.apache.hadoop.hdds.server.events.SingleThreadExecutor.lambda$onMessage$1(SingleThreadExecutor.java:84)
	at java.base/java.util.concurrent.ThreadPoolExecutor.runWorker(ThreadPoolExecutor.java:1144)
	at java.base/java.util.concurrent.ThreadPoolExecutor$Worker.run(ThreadPoolExecutor.java:642)
	at java.base/java.lang.Thread.run(Thread.java:1583)
2025-02-19 06:38:20,501 [EventQueue-PipelineReportForPipelineReportHandler] ERROR pipeline.PipelineReportHandler (PipelineReportHandler.java:onMessage(95)) - Could not process pipeline report=pipelineID {
  id: "117721e1-84b0-442b-bd9d-b5b4ee72daef"
  uuid128 {
    mostSigBits: 1258511873350845483
    leastSigBits: -4783467440498353425
  }
}
isLeader: false
bytesWritten: 0
 from dn=49dd84ae-7ec9-4d92-bc53-345946144fea(localhost/127.0.0.1).
java.io.IOException: Datanode=49dd84ae-7ec9-4d92-bc53-345946144fea(localhost/127.0.0.1) not part of pipeline=PipelineID=117721e1-84b0-442b-bd9d-b5b4ee72daef
	at org.apache.hadoop.hdds.scm.pipeline.Pipeline.reportDatanode(Pipeline.java:336)
	at org.apache.hadoop.hdds.scm.pipeline.PipelineReportHandler.setReportedDatanode(PipelineReportHandler.java:154)
	at org.apache.hadoop.hdds.scm.pipeline.PipelineReportHandler.processPipelineReport(PipelineReportHandler.java:129)
	at org.apache.hadoop.hdds.scm.pipeline.PipelineReportHandler.onMessage(PipelineReportHandler.java:88)
	at org.apache.hadoop.hdds.scm.pipeline.PipelineReportHandler.onMessage(PipelineReportHandler.java:47)
	at org.apache.hadoop.hdds.server.events.SingleThreadExecutor.lambda$onMessage$1(SingleThreadExecutor.java:84)
	at java.base/java.util.concurrent.ThreadPoolExecutor.runWorker(ThreadPoolExecutor.java:1144)
	at java.base/java.util.concurrent.ThreadPoolExecutor$Worker.run(ThreadPoolExecutor.java:642)
	at java.base/java.lang.Thread.run(Thread.java:1583)
2025-02-19 06:38:20,576 [timer7] WARN  server.GrpcLogAppender (GrpcLogAppender.java:timeoutAppendRequest(441)) - eb965ba7-12a8-46f3-92c0-bc6ff5b3bf3b@group-81341F4E2824->62ffdddc-aaf0-4ce5-9810-4c181ebbf473-GrpcLogAppender: Timed out HEARTBEAT appendEntries, errorCount=58, request=AppendEntriesRequest:cid=9265,entriesCount=0
2025-02-19 06:38:20,691 [25fe7083-9332-4190-accf-9f4542114dd9@group-B5B4EE72DAEF-LeaderStateImpl] INFO  impl.TransferLeadership (TransferLeadership.java:tryTransferLeadership(258)) - 25fe7083-9332-4190-accf-9f4542114dd9@group-B5B4EE72DAEF: start transferring leadership to 62ffdddc-aaf0-4ce5-9810-4c181ebbf473
2025-02-19 06:38:20,691 [25fe7083-9332-4190-accf-9f4542114dd9@group-B5B4EE72DAEF-LeaderStateImpl] INFO  impl.TransferLeadership (TransferLeadership.java:sendStartLeaderElection(210)) - 25fe7083-9332-4190-accf-9f4542114dd9@group-B5B4EE72DAEF: sendStartLeaderElection to follower 62ffdddc-aaf0-4ce5-9810-4c181ebbf473, lastEntry=(t:2, i:2)
2025-02-19 06:38:20,692 [25fe7083-9332-4190-accf-9f4542114dd9@group-B5B4EE72DAEF-LeaderStateImpl] INFO  impl.TransferLeadership (TransferLeadership.java:tryTransferLeadership(266)) - 25fe7083-9332-4190-accf-9f4542114dd9@group-B5B4EE72DAEF: SUCCESS sent StartLeaderElection to transferee 62ffdddc-aaf0-4ce5-9810-4c181ebbf473 immediately as it already has up-to-date log
2025-02-19 06:38:20,693 [grpc-default-executor-2] INFO  impl.RoleInfo (RoleInfo.java:shutdownFollowerState(121)) - 49dd84ae-7ec9-4d92-bc53-345946144fea: shutdown 49dd84ae-7ec9-4d92-bc53-345946144fea@group-B5B4EE72DAEF-FollowerState
2025-02-19 06:38:20,693 [grpc-default-executor-2] INFO  server.RaftServer$Division (RaftServerImpl.java:setRole(378)) - 49dd84ae-7ec9-4d92-bc53-345946144fea@group-B5B4EE72DAEF: changes role from  FOLLOWER to CANDIDATE at term 2 for changeToCandidate
2025-02-19 06:38:20,694 [grpc-default-executor-2] INFO  server.RaftServer$Division (ServerState.java:setLeader(272)) - 49dd84ae-7ec9-4d92-bc53-345946144fea@group-B5B4EE72DAEF: change Leader from 25fe7083-9332-4190-accf-9f4542114dd9 to null at term 2 for ELECTION
2025-02-19 06:38:20,694 [49dd84ae-7ec9-4d92-bc53-345946144fea@group-B5B4EE72DAEF-FollowerState] INFO  impl.FollowerState (FollowerState.java:runImpl(170)) - 49dd84ae-7ec9-4d92-bc53-345946144fea@group-B5B4EE72DAEF-FollowerState was interrupted
2025-02-19 06:38:20,695 [grpc-default-executor-2] INFO  impl.RoleInfo (RoleInfo.java:updateAndGet(148)) - 49dd84ae-7ec9-4d92-bc53-345946144fea: start 49dd84ae-7ec9-4d92-bc53-345946144fea@group-B5B4EE72DAEF-LeaderElection33
2025-02-19 06:38:20,696 [49dd84ae-7ec9-4d92-bc53-345946144fea@group-B5B4EE72DAEF-LeaderElection33] INFO  impl.LeaderElection (LeaderElection.java:askForVotes(332)) - 49dd84ae-7ec9-4d92-bc53-345946144fea@group-B5B4EE72DAEF-LeaderElection33 ELECTION round 0: submit vote requests at term 3 for conf: {index: 1, cur=peers:[62ffdddc-aaf0-4ce5-9810-4c181ebbf473|127.0.0.1:15016, 6b36f32d-918c-46a3-bfcb-888cb423c6dd|127.0.0.1:15025, 25fe7083-9332-4190-accf-9f4542114dd9|127.0.0.1:15088]|listeners:[], old=null}
2025-02-19 06:38:20,696 [49dd84ae-7ec9-4d92-bc53-345946144fea@group-B5B4EE72DAEF-LeaderElection33] INFO  impl.LeaderElection (LeaderElection.java:askForVotes(334)) - 49dd84ae-7ec9-4d92-bc53-345946144fea@group-B5B4EE72DAEF-LeaderElection33 ELECTION round 0: result NOT_IN_CONF (term=3)
2025-02-19 06:38:20,696 [49dd84ae-7ec9-4d92-bc53-345946144fea@group-B5B4EE72DAEF-LeaderElection33] INFO  server.RaftServer$Division (RaftServerImpl.java:lambda$close$1(513)) - 49dd84ae-7ec9-4d92-bc53-345946144fea@group-B5B4EE72DAEF: shutdown
2025-02-19 06:38:20,696 [49dd84ae-7ec9-4d92-bc53-345946144fea@group-B5B4EE72DAEF-LeaderElection33] INFO  util.JmxRegister (JmxRegister.java:unregister(74)) - Successfully un-registered JMX Bean with object name Ratis:service=RaftServer,group=group-B5B4EE72DAEF,id=49dd84ae-7ec9-4d92-bc53-345946144fea
2025-02-19 06:38:20,696 [49dd84ae-7ec9-4d92-bc53-345946144fea@group-B5B4EE72DAEF-LeaderElection33] INFO  impl.RoleInfo (RoleInfo.java:shutdownLeaderElection(141)) - 49dd84ae-7ec9-4d92-bc53-345946144fea: shutdown 49dd84ae-7ec9-4d92-bc53-345946144fea@group-B5B4EE72DAEF-LeaderElection33
2025-02-19 06:38:20,696 [49dd84ae-7ec9-4d92-bc53-345946144fea@group-B5B4EE72DAEF-LeaderElection33] INFO  impl.StateMachineUpdater (StateMachineUpdater.java:stopAndJoin(164)) - 49dd84ae-7ec9-4d92-bc53-345946144fea@group-B5B4EE72DAEF-StateMachineUpdater: set stopIndex = 2
2025-02-19 06:38:20,697 [49dd84ae-7ec9-4d92-bc53-345946144fea@group-B5B4EE72DAEF-StateMachineUpdater] INFO  impl.StateMachineUpdater (StateMachineUpdater.java:stop(141)) - 49dd84ae-7ec9-4d92-bc53-345946144fea@group-B5B4EE72DAEF-StateMachineUpdater: closing ContainerStateMachine, lastApplied=(t:2, i:2)
2025-02-19 06:38:20,697 [25fe7083-9332-4190-accf-9f4542114dd9-server-thread2] INFO  impl.TransferLeadership (TransferLeadership.java:lambda$sendStartLeaderElection$2(224)) - 25fe7083-9332-4190-accf-9f4542114dd9@group-B5B4EE72DAEF: Received startLeaderElection reply from 62ffdddc-aaf0-4ce5-9810-4c181ebbf473: success? true
2025-02-19 06:38:20,697 [49dd84ae-7ec9-4d92-bc53-345946144fea@group-B5B4EE72DAEF-cacheEviction-AwaitToRun] INFO  util.AwaitToRun (AwaitToRun.java:run(49)) - 49dd84ae-7ec9-4d92-bc53-345946144fea@group-B5B4EE72DAEF-cacheEviction-AwaitToRun-AwaitForSignal is interrupted
2025-02-19 06:38:20,700 [EventQueue-PipelineReportForPipelineReportHandler] ERROR pipeline.PipelineReportHandler (PipelineReportHandler.java:onMessage(95)) - Could not process pipeline report=pipelineID {
  id: "f1258f91-374d-44ac-9d89-7bef1d680e9b"
  uuid128 {
    mostSigBits: -1070291482569784148
    leastSigBits: -7095003471024746853
  }
}
isLeader: false
bytesWritten: 0
 from dn=49dd84ae-7ec9-4d92-bc53-345946144fea(localhost/127.0.0.1).
java.io.IOException: Datanode=49dd84ae-7ec9-4d92-bc53-345946144fea(localhost/127.0.0.1) not part of pipeline=PipelineID=f1258f91-374d-44ac-9d89-7bef1d680e9b
	at org.apache.hadoop.hdds.scm.pipeline.Pipeline.reportDatanode(Pipeline.java:336)
	at org.apache.hadoop.hdds.scm.pipeline.PipelineReportHandler.setReportedDatanode(PipelineReportHandler.java:154)
	at org.apache.hadoop.hdds.scm.pipeline.PipelineReportHandler.processPipelineReport(PipelineReportHandler.java:129)
	at org.apache.hadoop.hdds.scm.pipeline.PipelineReportHandler.onMessage(PipelineReportHandler.java:88)
	at org.apache.hadoop.hdds.scm.pipeline.PipelineReportHandler.onMessage(PipelineReportHandler.java:47)
	at org.apache.hadoop.hdds.server.events.SingleThreadExecutor.lambda$onMessage$1(SingleThreadExecutor.java:84)
	at java.base/java.util.concurrent.ThreadPoolExecutor.runWorker(ThreadPoolExecutor.java:1144)
	at java.base/java.util.concurrent.ThreadPoolExecutor$Worker.run(ThreadPoolExecutor.java:642)
	at java.base/java.lang.Thread.run(Thread.java:1583)
2025-02-19 06:38:20,700 [EventQueue-PipelineReportForPipelineReportHandler] ERROR pipeline.PipelineReportHandler (PipelineReportHandler.java:onMessage(95)) - Could not process pipeline report=pipelineID {
  id: "117721e1-84b0-442b-bd9d-b5b4ee72daef"
  uuid128 {
    mostSigBits: 1258511873350845483
    leastSigBits: -4783467440498353425
  }
}
isLeader: false
bytesWritten: 0
 from dn=49dd84ae-7ec9-4d92-bc53-345946144fea(localhost/127.0.0.1).
java.io.IOException: Datanode=49dd84ae-7ec9-4d92-bc53-345946144fea(localhost/127.0.0.1) not part of pipeline=PipelineID=117721e1-84b0-442b-bd9d-b5b4ee72daef
	at org.apache.hadoop.hdds.scm.pipeline.Pipeline.reportDatanode(Pipeline.java:336)
	at org.apache.hadoop.hdds.scm.pipeline.PipelineReportHandler.setReportedDatanode(PipelineReportHandler.java:154)
	at org.apache.hadoop.hdds.scm.pipeline.PipelineReportHandler.processPipelineReport(PipelineReportHandler.java:129)
	at org.apache.hadoop.hdds.scm.pipeline.PipelineReportHandler.onMessage(PipelineReportHandler.java:88)
	at org.apache.hadoop.hdds.scm.pipeline.PipelineReportHandler.onMessage(PipelineReportHandler.java:47)
	at org.apache.hadoop.hdds.server.events.SingleThreadExecutor.lambda$onMessage$1(SingleThreadExecutor.java:84)
	at java.base/java.util.concurrent.ThreadPoolExecutor.runWorker(ThreadPoolExecutor.java:1144)
	at java.base/java.util.concurrent.ThreadPoolExecutor$Worker.run(ThreadPoolExecutor.java:642)
	at java.base/java.lang.Thread.run(Thread.java:1583)
2025-02-19 06:38:21,100 [EventQueue-PipelineReportForPipelineReportHandler] ERROR pipeline.PipelineReportHandler (PipelineReportHandler.java:onMessage(95)) - Could not process pipeline report=pipelineID {
  id: "f1258f91-374d-44ac-9d89-7bef1d680e9b"
  uuid128 {
    mostSigBits: -1070291482569784148
    leastSigBits: -7095003471024746853
  }
}
isLeader: false
bytesWritten: 0
 from dn=49dd84ae-7ec9-4d92-bc53-345946144fea(localhost/127.0.0.1).
java.io.IOException: Datanode=49dd84ae-7ec9-4d92-bc53-345946144fea(localhost/127.0.0.1) not part of pipeline=PipelineID=f1258f91-374d-44ac-9d89-7bef1d680e9b
	at org.apache.hadoop.hdds.scm.pipeline.Pipeline.reportDatanode(Pipeline.java:336)
	at org.apache.hadoop.hdds.scm.pipeline.PipelineReportHandler.setReportedDatanode(PipelineReportHandler.java:154)
	at org.apache.hadoop.hdds.scm.pipeline.PipelineReportHandler.processPipelineReport(PipelineReportHandler.java:129)
	at org.apache.hadoop.hdds.scm.pipeline.PipelineReportHandler.onMessage(PipelineReportHandler.java:88)
	at org.apache.hadoop.hdds.scm.pipeline.PipelineReportHandler.onMessage(PipelineReportHandler.java:47)
	at org.apache.hadoop.hdds.server.events.SingleThreadExecutor.lambda$onMessage$1(SingleThreadExecutor.java:84)
	at java.base/java.util.concurrent.ThreadPoolExecutor.runWorker(ThreadPoolExecutor.java:1144)
	at java.base/java.util.concurrent.ThreadPoolExecutor$Worker.run(ThreadPoolExecutor.java:642)
	at java.base/java.lang.Thread.run(Thread.java:1583)
2025-02-19 06:38:21,101 [EventQueue-PipelineReportForPipelineReportHandler] ERROR pipeline.PipelineReportHandler (PipelineReportHandler.java:onMessage(95)) - Could not process pipeline report=pipelineID {
  id: "117721e1-84b0-442b-bd9d-b5b4ee72daef"
  uuid128 {
    mostSigBits: 1258511873350845483
    leastSigBits: -4783467440498353425
  }
}
isLeader: false
bytesWritten: 0
 from dn=49dd84ae-7ec9-4d92-bc53-345946144fea(localhost/127.0.0.1).
java.io.IOException: Datanode=49dd84ae-7ec9-4d92-bc53-345946144fea(localhost/127.0.0.1) not part of pipeline=PipelineID=117721e1-84b0-442b-bd9d-b5b4ee72daef
	at org.apache.hadoop.hdds.scm.pipeline.Pipeline.reportDatanode(Pipeline.java:336)
	at org.apache.hadoop.hdds.scm.pipeline.PipelineReportHandler.setReportedDatanode(PipelineReportHandler.java:154)
	at org.apache.hadoop.hdds.scm.pipeline.PipelineReportHandler.processPipelineReport(PipelineReportHandler.java:129)
	at org.apache.hadoop.hdds.scm.pipeline.PipelineReportHandler.onMessage(PipelineReportHandler.java:88)
	at org.apache.hadoop.hdds.scm.pipeline.PipelineReportHandler.onMessage(PipelineReportHandler.java:47)
	at org.apache.hadoop.hdds.server.events.SingleThreadExecutor.lambda$onMessage$1(SingleThreadExecutor.java:84)
	at java.base/java.util.concurrent.ThreadPoolExecutor.runWorker(ThreadPoolExecutor.java:1144)
	at java.base/java.util.concurrent.ThreadPoolExecutor$Worker.run(ThreadPoolExecutor.java:642)
	at java.base/java.lang.Thread.run(Thread.java:1583)
2025-02-19 06:38:21,301 [EventQueue-PipelineReportForPipelineReportHandler] ERROR pipeline.PipelineReportHandler (PipelineReportHandler.java:onMessage(95)) - Could not process pipeline report=pipelineID {
  id: "f1258f91-374d-44ac-9d89-7bef1d680e9b"
  uuid128 {
    mostSigBits: -1070291482569784148
    leastSigBits: -7095003471024746853
  }
}
isLeader: false
bytesWritten: 0
 from dn=49dd84ae-7ec9-4d92-bc53-345946144fea(localhost/127.0.0.1).
java.io.IOException: Datanode=49dd84ae-7ec9-4d92-bc53-345946144fea(localhost/127.0.0.1) not part of pipeline=PipelineID=f1258f91-374d-44ac-9d89-7bef1d680e9b
	at org.apache.hadoop.hdds.scm.pipeline.Pipeline.reportDatanode(Pipeline.java:336)
	at org.apache.hadoop.hdds.scm.pipeline.PipelineReportHandler.setReportedDatanode(PipelineReportHandler.java:154)
	at org.apache.hadoop.hdds.scm.pipeline.PipelineReportHandler.processPipelineReport(PipelineReportHandler.java:129)
	at org.apache.hadoop.hdds.scm.pipeline.PipelineReportHandler.onMessage(PipelineReportHandler.java:88)
	at org.apache.hadoop.hdds.scm.pipeline.PipelineReportHandler.onMessage(PipelineReportHandler.java:47)
	at org.apache.hadoop.hdds.server.events.SingleThreadExecutor.lambda$onMessage$1(SingleThreadExecutor.java:84)
	at java.base/java.util.concurrent.ThreadPoolExecutor.runWorker(ThreadPoolExecutor.java:1144)
	at java.base/java.util.concurrent.ThreadPoolExecutor$Worker.run(ThreadPoolExecutor.java:642)
	at java.base/java.lang.Thread.run(Thread.java:1583)
2025-02-19 06:38:21,301 [EventQueue-PipelineReportForPipelineReportHandler] ERROR pipeline.PipelineReportHandler (PipelineReportHandler.java:onMessage(95)) - Could not process pipeline report=pipelineID {
  id: "117721e1-84b0-442b-bd9d-b5b4ee72daef"
  uuid128 {
    mostSigBits: 1258511873350845483
    leastSigBits: -4783467440498353425
  }
}
isLeader: false
bytesWritten: 0
 from dn=49dd84ae-7ec9-4d92-bc53-345946144fea(localhost/127.0.0.1).
java.io.IOException: Datanode=49dd84ae-7ec9-4d92-bc53-345946144fea(localhost/127.0.0.1) not part of pipeline=PipelineID=117721e1-84b0-442b-bd9d-b5b4ee72daef
	at org.apache.hadoop.hdds.scm.pipeline.Pipeline.reportDatanode(Pipeline.java:336)
	at org.apache.hadoop.hdds.scm.pipeline.PipelineReportHandler.setReportedDatanode(PipelineReportHandler.java:154)
	at org.apache.hadoop.hdds.scm.pipeline.PipelineReportHandler.processPipelineReport(PipelineReportHandler.java:129)
	at org.apache.hadoop.hdds.scm.pipeline.PipelineReportHandler.onMessage(PipelineReportHandler.java:88)
	at org.apache.hadoop.hdds.scm.pipeline.PipelineReportHandler.onMessage(PipelineReportHandler.java:47)
	at org.apache.hadoop.hdds.server.events.SingleThreadExecutor.lambda$onMessage$1(SingleThreadExecutor.java:84)
	at java.base/java.util.concurrent.ThreadPoolExecutor.runWorker(ThreadPoolExecutor.java:1144)
	at java.base/java.util.concurrent.ThreadPoolExecutor$Worker.run(ThreadPoolExecutor.java:642)
	at java.base/java.lang.Thread.run(Thread.java:1583)
2025-02-19 06:38:21,489 [49dd84ae-7ec9-4d92-bc53-345946144fea@group-B5B4EE72DAEF-LeaderElection33] INFO  segmented.SegmentedRaftLogWorker (SegmentedRaftLogWorker.java:close(252)) - 49dd84ae-7ec9-4d92-bc53-345946144fea@group-B5B4EE72DAEF-SegmentedRaftLogWorker close()
2025-02-19 06:38:21,701 [EventQueue-PipelineReportForPipelineReportHandler] ERROR pipeline.PipelineReportHandler (PipelineReportHandler.java:onMessage(95)) - Could not process pipeline report=pipelineID {
  id: "f1258f91-374d-44ac-9d89-7bef1d680e9b"
  uuid128 {
    mostSigBits: -1070291482569784148
    leastSigBits: -7095003471024746853
  }
}
isLeader: false
bytesWritten: 0
 from dn=49dd84ae-7ec9-4d92-bc53-345946144fea(localhost/127.0.0.1).
java.io.IOException: Datanode=49dd84ae-7ec9-4d92-bc53-345946144fea(localhost/127.0.0.1) not part of pipeline=PipelineID=f1258f91-374d-44ac-9d89-7bef1d680e9b
	at org.apache.hadoop.hdds.scm.pipeline.Pipeline.reportDatanode(Pipeline.java:336)
	at org.apache.hadoop.hdds.scm.pipeline.PipelineReportHandler.setReportedDatanode(PipelineReportHandler.java:154)
	at org.apache.hadoop.hdds.scm.pipeline.PipelineReportHandler.processPipelineReport(PipelineReportHandler.java:129)
	at org.apache.hadoop.hdds.scm.pipeline.PipelineReportHandler.onMessage(PipelineReportHandler.java:88)
	at org.apache.hadoop.hdds.scm.pipeline.PipelineReportHandler.onMessage(PipelineReportHandler.java:47)
	at org.apache.hadoop.hdds.server.events.SingleThreadExecutor.lambda$onMessage$1(SingleThreadExecutor.java:84)
	at java.base/java.util.concurrent.ThreadPoolExecutor.runWorker(ThreadPoolExecutor.java:1144)
	at java.base/java.util.concurrent.ThreadPoolExecutor$Worker.run(ThreadPoolExecutor.java:642)
	at java.base/java.lang.Thread.run(Thread.java:1583)
2025-02-19 06:38:21,701 [EventQueue-PipelineReportForPipelineReportHandler] ERROR pipeline.PipelineReportHandler (PipelineReportHandler.java:onMessage(95)) - Could not process pipeline report=pipelineID {
  id: "117721e1-84b0-442b-bd9d-b5b4ee72daef"
  uuid128 {
    mostSigBits: 1258511873350845483
    leastSigBits: -4783467440498353425
  }
}
isLeader: false
bytesWritten: 0
 from dn=49dd84ae-7ec9-4d92-bc53-345946144fea(localhost/127.0.0.1).
java.io.IOException: Datanode=49dd84ae-7ec9-4d92-bc53-345946144fea(localhost/127.0.0.1) not part of pipeline=PipelineID=117721e1-84b0-442b-bd9d-b5b4ee72daef
	at org.apache.hadoop.hdds.scm.pipeline.Pipeline.reportDatanode(Pipeline.java:336)
	at org.apache.hadoop.hdds.scm.pipeline.PipelineReportHandler.setReportedDatanode(PipelineReportHandler.java:154)
	at org.apache.hadoop.hdds.scm.pipeline.PipelineReportHandler.processPipelineReport(PipelineReportHandler.java:129)
	at org.apache.hadoop.hdds.scm.pipeline.PipelineReportHandler.onMessage(PipelineReportHandler.java:88)
	at org.apache.hadoop.hdds.scm.pipeline.PipelineReportHandler.onMessage(PipelineReportHandler.java:47)
	at org.apache.hadoop.hdds.server.events.SingleThreadExecutor.lambda$onMessage$1(SingleThreadExecutor.java:84)
	at java.base/java.util.concurrent.ThreadPoolExecutor.runWorker(ThreadPoolExecutor.java:1144)
	at java.base/java.util.concurrent.ThreadPoolExecutor$Worker.run(ThreadPoolExecutor.java:642)
	at java.base/java.lang.Thread.run(Thread.java:1583)
2025-02-19 06:38:21,901 [EventQueue-PipelineReportForPipelineReportHandler] ERROR pipeline.PipelineReportHandler (PipelineReportHandler.java:onMessage(95)) - Could not process pipeline report=pipelineID {
  id: "f1258f91-374d-44ac-9d89-7bef1d680e9b"
  uuid128 {
    mostSigBits: -1070291482569784148
    leastSigBits: -7095003471024746853
  }
}
isLeader: false
bytesWritten: 0
 from dn=49dd84ae-7ec9-4d92-bc53-345946144fea(localhost/127.0.0.1).
java.io.IOException: Datanode=49dd84ae-7ec9-4d92-bc53-345946144fea(localhost/127.0.0.1) not part of pipeline=PipelineID=f1258f91-374d-44ac-9d89-7bef1d680e9b
	at org.apache.hadoop.hdds.scm.pipeline.Pipeline.reportDatanode(Pipeline.java:336)
	at org.apache.hadoop.hdds.scm.pipeline.PipelineReportHandler.setReportedDatanode(PipelineReportHandler.java:154)
	at org.apache.hadoop.hdds.scm.pipeline.PipelineReportHandler.processPipelineReport(PipelineReportHandler.java:129)
	at org.apache.hadoop.hdds.scm.pipeline.PipelineReportHandler.onMessage(PipelineReportHandler.java:88)
	at org.apache.hadoop.hdds.scm.pipeline.PipelineReportHandler.onMessage(PipelineReportHandler.java:47)
	at org.apache.hadoop.hdds.server.events.SingleThreadExecutor.lambda$onMessage$1(SingleThreadExecutor.java:84)
	at java.base/java.util.concurrent.ThreadPoolExecutor.runWorker(ThreadPoolExecutor.java:1144)
	at java.base/java.util.concurrent.ThreadPoolExecutor$Worker.run(ThreadPoolExecutor.java:642)
	at java.base/java.lang.Thread.run(Thread.java:1583)
2025-02-19 06:38:21,901 [EventQueue-PipelineReportForPipelineReportHandler] ERROR pipeline.PipelineReportHandler (PipelineReportHandler.java:onMessage(95)) - Could not process pipeline report=pipelineID {
  id: "117721e1-84b0-442b-bd9d-b5b4ee72daef"
  uuid128 {
    mostSigBits: 1258511873350845483
    leastSigBits: -4783467440498353425
  }
}
isLeader: false
bytesWritten: 0
 from dn=49dd84ae-7ec9-4d92-bc53-345946144fea(localhost/127.0.0.1).
java.io.IOException: Datanode=49dd84ae-7ec9-4d92-bc53-345946144fea(localhost/127.0.0.1) not part of pipeline=PipelineID=117721e1-84b0-442b-bd9d-b5b4ee72daef
	at org.apache.hadoop.hdds.scm.pipeline.Pipeline.reportDatanode(Pipeline.java:336)
	at org.apache.hadoop.hdds.scm.pipeline.PipelineReportHandler.setReportedDatanode(PipelineReportHandler.java:154)
	at org.apache.hadoop.hdds.scm.pipeline.PipelineReportHandler.processPipelineReport(PipelineReportHandler.java:129)
	at org.apache.hadoop.hdds.scm.pipeline.PipelineReportHandler.onMessage(PipelineReportHandler.java:88)
	at org.apache.hadoop.hdds.scm.pipeline.PipelineReportHandler.onMessage(PipelineReportHandler.java:47)
	at org.apache.hadoop.hdds.server.events.SingleThreadExecutor.lambda$onMessage$1(SingleThreadExecutor.java:84)
	at java.base/java.util.concurrent.ThreadPoolExecutor.runWorker(ThreadPoolExecutor.java:1144)
	at java.base/java.util.concurrent.ThreadPoolExecutor$Worker.run(ThreadPoolExecutor.java:642)
	at java.base/java.lang.Thread.run(Thread.java:1583)
2025-02-19 06:38:22,301 [EventQueue-PipelineReportForPipelineReportHandler] ERROR pipeline.PipelineReportHandler (PipelineReportHandler.java:onMessage(95)) - Could not process pipeline report=pipelineID {
  id: "f1258f91-374d-44ac-9d89-7bef1d680e9b"
  uuid128 {
    mostSigBits: -1070291482569784148
    leastSigBits: -7095003471024746853
  }
}
isLeader: false
bytesWritten: 0
 from dn=49dd84ae-7ec9-4d92-bc53-345946144fea(localhost/127.0.0.1).
java.io.IOException: Datanode=49dd84ae-7ec9-4d92-bc53-345946144fea(localhost/127.0.0.1) not part of pipeline=PipelineID=f1258f91-374d-44ac-9d89-7bef1d680e9b
	at org.apache.hadoop.hdds.scm.pipeline.Pipeline.reportDatanode(Pipeline.java:336)
	at org.apache.hadoop.hdds.scm.pipeline.PipelineReportHandler.setReportedDatanode(PipelineReportHandler.java:154)
	at org.apache.hadoop.hdds.scm.pipeline.PipelineReportHandler.processPipelineReport(PipelineReportHandler.java:129)
	at org.apache.hadoop.hdds.scm.pipeline.PipelineReportHandler.onMessage(PipelineReportHandler.java:88)
	at org.apache.hadoop.hdds.scm.pipeline.PipelineReportHandler.onMessage(PipelineReportHandler.java:47)
	at org.apache.hadoop.hdds.server.events.SingleThreadExecutor.lambda$onMessage$1(SingleThreadExecutor.java:84)
	at java.base/java.util.concurrent.ThreadPoolExecutor.runWorker(ThreadPoolExecutor.java:1144)
	at java.base/java.util.concurrent.ThreadPoolExecutor$Worker.run(ThreadPoolExecutor.java:642)
	at java.base/java.lang.Thread.run(Thread.java:1583)
2025-02-19 06:38:22,301 [EventQueue-PipelineReportForPipelineReportHandler] ERROR pipeline.PipelineReportHandler (PipelineReportHandler.java:onMessage(95)) - Could not process pipeline report=pipelineID {
  id: "117721e1-84b0-442b-bd9d-b5b4ee72daef"
  uuid128 {
    mostSigBits: 1258511873350845483
    leastSigBits: -4783467440498353425
  }
}
isLeader: false
bytesWritten: 0
 from dn=49dd84ae-7ec9-4d92-bc53-345946144fea(localhost/127.0.0.1).
java.io.IOException: Datanode=49dd84ae-7ec9-4d92-bc53-345946144fea(localhost/127.0.0.1) not part of pipeline=PipelineID=117721e1-84b0-442b-bd9d-b5b4ee72daef
	at org.apache.hadoop.hdds.scm.pipeline.Pipeline.reportDatanode(Pipeline.java:336)
	at org.apache.hadoop.hdds.scm.pipeline.PipelineReportHandler.setReportedDatanode(PipelineReportHandler.java:154)
	at org.apache.hadoop.hdds.scm.pipeline.PipelineReportHandler.processPipelineReport(PipelineReportHandler.java:129)
	at org.apache.hadoop.hdds.scm.pipeline.PipelineReportHandler.onMessage(PipelineReportHandler.java:88)
	at org.apache.hadoop.hdds.scm.pipeline.PipelineReportHandler.onMessage(PipelineReportHandler.java:47)
	at org.apache.hadoop.hdds.server.events.SingleThreadExecutor.lambda$onMessage$1(SingleThreadExecutor.java:84)
	at java.base/java.util.concurrent.ThreadPoolExecutor.runWorker(ThreadPoolExecutor.java:1144)
	at java.base/java.util.concurrent.ThreadPoolExecutor$Worker.run(ThreadPoolExecutor.java:642)
	at java.base/java.lang.Thread.run(Thread.java:1583)
2025-02-19 06:38:22,481 [e20a886d-0459-4371-959f-f9bdb6931571@group-3A2BF5D858B4-FollowerState] INFO  impl.FollowerState (FollowerState.java:runImpl(161)) - e20a886d-0459-4371-959f-f9bdb6931571@group-3A2BF5D858B4-FollowerState: change to CANDIDATE, lastRpcElapsedTime:5158300495ns, electionTimeout:5157ms
2025-02-19 06:38:22,481 [e20a886d-0459-4371-959f-f9bdb6931571@group-3A2BF5D858B4-FollowerState] INFO  impl.RoleInfo (RoleInfo.java:shutdownFollowerState(121)) - e20a886d-0459-4371-959f-f9bdb6931571: shutdown e20a886d-0459-4371-959f-f9bdb6931571@group-3A2BF5D858B4-FollowerState
2025-02-19 06:38:22,481 [e20a886d-0459-4371-959f-f9bdb6931571@group-3A2BF5D858B4-FollowerState] INFO  server.RaftServer$Division (RaftServerImpl.java:setRole(378)) - e20a886d-0459-4371-959f-f9bdb6931571@group-3A2BF5D858B4: changes role from  FOLLOWER to CANDIDATE at term 0 for changeToCandidate
2025-02-19 06:38:22,481 [e20a886d-0459-4371-959f-f9bdb6931571@group-3A2BF5D858B4-FollowerState] INFO  server.RaftServerConfigKeys (ConfUtils.java:logGet(46)) - raft.server.leaderelection.pre-vote = true (default)
2025-02-19 06:38:22,482 [e20a886d-0459-4371-959f-f9bdb6931571@group-3A2BF5D858B4-FollowerState] INFO  impl.RoleInfo (RoleInfo.java:updateAndGet(148)) - e20a886d-0459-4371-959f-f9bdb6931571: start e20a886d-0459-4371-959f-f9bdb6931571@group-3A2BF5D858B4-LeaderElection34
2025-02-19 06:38:22,482 [e20a886d-0459-4371-959f-f9bdb6931571@group-3A2BF5D858B4-LeaderElection34] INFO  impl.LeaderElection (LeaderElection.java:askForVotes(332)) - e20a886d-0459-4371-959f-f9bdb6931571@group-3A2BF5D858B4-LeaderElection34 PRE_VOTE round 0: submit vote requests at term 0 for conf: {index: -1, cur=peers:[e20a886d-0459-4371-959f-f9bdb6931571|127.0.0.1:15079, 2dcfdddc-a76f-4d49-b174-7a2bddacee37|127.0.0.1:15043, 42086d8c-c943-47d6-a5f9-799709872375|127.0.0.1:15052]|listeners:[], old=null}
2025-02-19 06:38:22,482 [e20a886d-0459-4371-959f-f9bdb6931571@group-3A2BF5D858B4-LeaderElection34-1] INFO  server.GrpcServerProtocolClient (GrpcServerProtocolClient.java:<init>(65)) - Build channel for 2dcfdddc-a76f-4d49-b174-7a2bddacee37|127.0.0.1:15043
2025-02-19 06:38:22,483 [e20a886d-0459-4371-959f-f9bdb6931571@group-3A2BF5D858B4-LeaderElection34] INFO  server.RaftServerConfigKeys (ConfUtils.java:logFallback(53)) - raft.server.rpc.first-election.timeout.min = 5s (fallback to raft.server.rpc.timeout.min)
2025-02-19 06:38:22,484 [e20a886d-0459-4371-959f-f9bdb6931571@group-3A2BF5D858B4-LeaderElection34] INFO  server.RaftServerConfigKeys (ConfUtils.java:logFallback(53)) - raft.server.rpc.first-election.timeout.max = 5200ms (fallback to raft.server.rpc.timeout.max)
2025-02-19 06:38:22,484 [e20a886d-0459-4371-959f-f9bdb6931571@group-3A2BF5D858B4-LeaderElection34-2] INFO  server.GrpcServerProtocolClient (GrpcServerProtocolClient.java:<init>(65)) - Build channel for 42086d8c-c943-47d6-a5f9-799709872375|127.0.0.1:15052
2025-02-19 06:38:22,487 [grpc-default-executor-2] INFO  server.RaftServer$Division (RaftServerImpl.java:requestVote(1407)) - 42086d8c-c943-47d6-a5f9-799709872375@group-3A2BF5D858B4: receive requestVote(PRE_VOTE, e20a886d-0459-4371-959f-f9bdb6931571, group-3A2BF5D858B4, 0, (t:0, i:0))
2025-02-19 06:38:22,488 [grpc-default-executor-2] INFO  impl.VoteContext (VoteContext.java:log(49)) - 42086d8c-c943-47d6-a5f9-799709872375@group-3A2BF5D858B4-FOLLOWER: reject PRE_VOTE from e20a886d-0459-4371-959f-f9bdb6931571: our priority 1 > candidate's priority 0
2025-02-19 06:38:22,488 [grpc-default-executor-2] INFO  server.RaftServer$Division (RaftServerImpl.java:requestVote(1441)) - 42086d8c-c943-47d6-a5f9-799709872375@group-3A2BF5D858B4 replies to PRE_VOTE vote request: e20a886d-0459-4371-959f-f9bdb6931571<-42086d8c-c943-47d6-a5f9-799709872375#0:FAIL-t0. Peer's state: 42086d8c-c943-47d6-a5f9-799709872375@group-3A2BF5D858B4:t0, leader=null, voted=, raftlog=Memoized:42086d8c-c943-47d6-a5f9-799709872375@group-3A2BF5D858B4-SegmentedRaftLog:OPENED:c-1:lastnull, conf=conf: {index: -1, cur=peers:[e20a886d-0459-4371-959f-f9bdb6931571|127.0.0.1:15079, 2dcfdddc-a76f-4d49-b174-7a2bddacee37|127.0.0.1:15043, 42086d8c-c943-47d6-a5f9-799709872375|127.0.0.1:15052]|listeners:[], old=null}
2025-02-19 06:38:22,489 [grpc-default-executor-2] INFO  server.RaftServer$Division (RaftServerImpl.java:requestVote(1407)) - 2dcfdddc-a76f-4d49-b174-7a2bddacee37@group-3A2BF5D858B4: receive requestVote(PRE_VOTE, e20a886d-0459-4371-959f-f9bdb6931571, group-3A2BF5D858B4, 0, (t:0, i:0))
2025-02-19 06:38:22,489 [grpc-default-executor-2] INFO  impl.VoteContext (VoteContext.java:log(49)) - 2dcfdddc-a76f-4d49-b174-7a2bddacee37@group-3A2BF5D858B4-FOLLOWER: accept PRE_VOTE from e20a886d-0459-4371-959f-f9bdb6931571: our priority 0 <= candidate's priority 0
2025-02-19 06:38:22,489 [grpc-default-executor-2] INFO  server.RaftServer$Division (RaftServerImpl.java:requestVote(1441)) - 2dcfdddc-a76f-4d49-b174-7a2bddacee37@group-3A2BF5D858B4 replies to PRE_VOTE vote request: e20a886d-0459-4371-959f-f9bdb6931571<-2dcfdddc-a76f-4d49-b174-7a2bddacee37#0:OK-t0. Peer's state: 2dcfdddc-a76f-4d49-b174-7a2bddacee37@group-3A2BF5D858B4:t0, leader=null, voted=, raftlog=Memoized:2dcfdddc-a76f-4d49-b174-7a2bddacee37@group-3A2BF5D858B4-SegmentedRaftLog:OPENED:c-1:lastnull, conf=conf: {index: -1, cur=peers:[e20a886d-0459-4371-959f-f9bdb6931571|127.0.0.1:15079, 2dcfdddc-a76f-4d49-b174-7a2bddacee37|127.0.0.1:15043, 42086d8c-c943-47d6-a5f9-799709872375|127.0.0.1:15052]|listeners:[], old=null}
2025-02-19 06:38:22,490 [e20a886d-0459-4371-959f-f9bdb6931571@group-3A2BF5D858B4-LeaderElection34] INFO  impl.LeaderElection (LeaderElection.java:logAndReturn(90)) - e20a886d-0459-4371-959f-f9bdb6931571@group-3A2BF5D858B4-LeaderElection34: PRE_VOTE REJECTED received 1 response(s) and 0 exception(s):
2025-02-19 06:38:22,490 [e20a886d-0459-4371-959f-f9bdb6931571@group-3A2BF5D858B4-LeaderElection34] INFO  impl.LeaderElection (LeaderElection.java:logAndReturn(94)) -   Response 0: e20a886d-0459-4371-959f-f9bdb6931571<-42086d8c-c943-47d6-a5f9-799709872375#0:FAIL-t0
2025-02-19 06:38:22,490 [e20a886d-0459-4371-959f-f9bdb6931571@group-3A2BF5D858B4-LeaderElection34] INFO  impl.LeaderElection (LeaderElection.java:askForVotes(334)) - e20a886d-0459-4371-959f-f9bdb6931571@group-3A2BF5D858B4-LeaderElection34 PRE_VOTE round 0: result REJECTED
2025-02-19 06:38:22,490 [e20a886d-0459-4371-959f-f9bdb6931571@group-3A2BF5D858B4-LeaderElection34] INFO  server.RaftServer$Division (RaftServerImpl.java:setRole(378)) - e20a886d-0459-4371-959f-f9bdb6931571@group-3A2BF5D858B4: changes role from CANDIDATE to FOLLOWER at term 0 for REJECTED
2025-02-19 06:38:22,491 [e20a886d-0459-4371-959f-f9bdb6931571@group-3A2BF5D858B4-LeaderElection34] INFO  impl.RoleInfo (RoleInfo.java:shutdownLeaderElection(141)) - e20a886d-0459-4371-959f-f9bdb6931571: shutdown e20a886d-0459-4371-959f-f9bdb6931571@group-3A2BF5D858B4-LeaderElection34
2025-02-19 06:38:22,491 [e20a886d-0459-4371-959f-f9bdb6931571@group-3A2BF5D858B4-LeaderElection34] INFO  impl.RoleInfo (RoleInfo.java:updateAndGet(148)) - e20a886d-0459-4371-959f-f9bdb6931571: start e20a886d-0459-4371-959f-f9bdb6931571@group-3A2BF5D858B4-FollowerState
2025-02-19 06:38:22,491 [e20a886d-0459-4371-959f-f9bdb6931571@group-3A2BF5D858B4-LeaderElection34] INFO  server.RaftServer$Division (RaftServerImpl.java:setFirstElection(562)) - e20a886d-0459-4371-959f-f9bdb6931571@group-3A2BF5D858B4: set firstElectionSinceStartup to false for REJECTED
2025-02-19 06:38:22,502 [EventQueue-PipelineReportForPipelineReportHandler] ERROR pipeline.PipelineReportHandler (PipelineReportHandler.java:onMessage(95)) - Could not process pipeline report=pipelineID {
  id: "f1258f91-374d-44ac-9d89-7bef1d680e9b"
  uuid128 {
    mostSigBits: -1070291482569784148
    leastSigBits: -7095003471024746853
  }
}
isLeader: false
bytesWritten: 0
 from dn=49dd84ae-7ec9-4d92-bc53-345946144fea(localhost/127.0.0.1).
java.io.IOException: Datanode=49dd84ae-7ec9-4d92-bc53-345946144fea(localhost/127.0.0.1) not part of pipeline=PipelineID=f1258f91-374d-44ac-9d89-7bef1d680e9b
	at org.apache.hadoop.hdds.scm.pipeline.Pipeline.reportDatanode(Pipeline.java:336)
	at org.apache.hadoop.hdds.scm.pipeline.PipelineReportHandler.setReportedDatanode(PipelineReportHandler.java:154)
	at org.apache.hadoop.hdds.scm.pipeline.PipelineReportHandler.processPipelineReport(PipelineReportHandler.java:129)
	at org.apache.hadoop.hdds.scm.pipeline.PipelineReportHandler.onMessage(PipelineReportHandler.java:88)
	at org.apache.hadoop.hdds.scm.pipeline.PipelineReportHandler.onMessage(PipelineReportHandler.java:47)
	at org.apache.hadoop.hdds.server.events.SingleThreadExecutor.lambda$onMessage$1(SingleThreadExecutor.java:84)
	at java.base/java.util.concurrent.ThreadPoolExecutor.runWorker(ThreadPoolExecutor.java:1144)
	at java.base/java.util.concurrent.ThreadPoolExecutor$Worker.run(ThreadPoolExecutor.java:642)
	at java.base/java.lang.Thread.run(Thread.java:1583)
2025-02-19 06:38:22,502 [EventQueue-PipelineReportForPipelineReportHandler] ERROR pipeline.PipelineReportHandler (PipelineReportHandler.java:onMessage(95)) - Could not process pipeline report=pipelineID {
  id: "117721e1-84b0-442b-bd9d-b5b4ee72daef"
  uuid128 {
    mostSigBits: 1258511873350845483
    leastSigBits: -4783467440498353425
  }
}
isLeader: false
bytesWritten: 0
 from dn=49dd84ae-7ec9-4d92-bc53-345946144fea(localhost/127.0.0.1).
java.io.IOException: Datanode=49dd84ae-7ec9-4d92-bc53-345946144fea(localhost/127.0.0.1) not part of pipeline=PipelineID=117721e1-84b0-442b-bd9d-b5b4ee72daef
	at org.apache.hadoop.hdds.scm.pipeline.Pipeline.reportDatanode(Pipeline.java:336)
	at org.apache.hadoop.hdds.scm.pipeline.PipelineReportHandler.setReportedDatanode(PipelineReportHandler.java:154)
	at org.apache.hadoop.hdds.scm.pipeline.PipelineReportHandler.processPipelineReport(PipelineReportHandler.java:129)
	at org.apache.hadoop.hdds.scm.pipeline.PipelineReportHandler.onMessage(PipelineReportHandler.java:88)
	at org.apache.hadoop.hdds.scm.pipeline.PipelineReportHandler.onMessage(PipelineReportHandler.java:47)
	at org.apache.hadoop.hdds.server.events.SingleThreadExecutor.lambda$onMessage$1(SingleThreadExecutor.java:84)
	at java.base/java.util.concurrent.ThreadPoolExecutor.runWorker(ThreadPoolExecutor.java:1144)
	at java.base/java.util.concurrent.ThreadPoolExecutor$Worker.run(ThreadPoolExecutor.java:642)
	at java.base/java.lang.Thread.run(Thread.java:1583)
2025-02-19 06:38:22,535 [2dcfdddc-a76f-4d49-b174-7a2bddacee37@group-3A2BF5D858B4-FollowerState] INFO  server.RaftServerConfigKeys (ConfUtils.java:logFallback(53)) - raft.server.rpc.first-election.timeout.min = 5s (fallback to raft.server.rpc.timeout.min)
2025-02-19 06:38:22,535 [2dcfdddc-a76f-4d49-b174-7a2bddacee37@group-3A2BF5D858B4-FollowerState] INFO  server.RaftServerConfigKeys (ConfUtils.java:logFallback(53)) - raft.server.rpc.first-election.timeout.max = 5200ms (fallback to raft.server.rpc.timeout.max)
2025-02-19 06:38:22,549 [42086d8c-c943-47d6-a5f9-799709872375@group-3A2BF5D858B4-FollowerState] INFO  impl.FollowerState (FollowerState.java:runImpl(161)) - 42086d8c-c943-47d6-a5f9-799709872375@group-3A2BF5D858B4-FollowerState: change to CANDIDATE, lastRpcElapsedTime:5202237513ns, electionTimeout:5191ms
2025-02-19 06:38:22,549 [42086d8c-c943-47d6-a5f9-799709872375@group-3A2BF5D858B4-FollowerState] INFO  impl.RoleInfo (RoleInfo.java:shutdownFollowerState(121)) - 42086d8c-c943-47d6-a5f9-799709872375: shutdown 42086d8c-c943-47d6-a5f9-799709872375@group-3A2BF5D858B4-FollowerState
2025-02-19 06:38:22,549 [42086d8c-c943-47d6-a5f9-799709872375@group-3A2BF5D858B4-FollowerState] INFO  server.RaftServer$Division (RaftServerImpl.java:setRole(378)) - 42086d8c-c943-47d6-a5f9-799709872375@group-3A2BF5D858B4: changes role from  FOLLOWER to CANDIDATE at term 0 for changeToCandidate
2025-02-19 06:38:22,549 [42086d8c-c943-47d6-a5f9-799709872375@group-3A2BF5D858B4-FollowerState] INFO  server.RaftServerConfigKeys (ConfUtils.java:logGet(46)) - raft.server.leaderelection.pre-vote = true (default)
2025-02-19 06:38:22,549 [42086d8c-c943-47d6-a5f9-799709872375@group-3A2BF5D858B4-FollowerState] INFO  impl.RoleInfo (RoleInfo.java:updateAndGet(148)) - 42086d8c-c943-47d6-a5f9-799709872375: start 42086d8c-c943-47d6-a5f9-799709872375@group-3A2BF5D858B4-LeaderElection35
2025-02-19 06:38:22,549 [42086d8c-c943-47d6-a5f9-799709872375@group-3A2BF5D858B4-LeaderElection35] INFO  impl.LeaderElection (LeaderElection.java:askForVotes(332)) - 42086d8c-c943-47d6-a5f9-799709872375@group-3A2BF5D858B4-LeaderElection35 PRE_VOTE round 0: submit vote requests at term 0 for conf: {index: -1, cur=peers:[e20a886d-0459-4371-959f-f9bdb6931571|127.0.0.1:15079, 2dcfdddc-a76f-4d49-b174-7a2bddacee37|127.0.0.1:15043, 42086d8c-c943-47d6-a5f9-799709872375|127.0.0.1:15052]|listeners:[], old=null}
2025-02-19 06:38:22,550 [42086d8c-c943-47d6-a5f9-799709872375@group-3A2BF5D858B4-LeaderElection35-1] INFO  server.GrpcServerProtocolClient (GrpcServerProtocolClient.java:<init>(65)) - Build channel for e20a886d-0459-4371-959f-f9bdb6931571|127.0.0.1:15079
2025-02-19 06:38:22,550 [42086d8c-c943-47d6-a5f9-799709872375@group-3A2BF5D858B4-LeaderElection35] INFO  server.RaftServerConfigKeys (ConfUtils.java:logFallback(53)) - raft.server.rpc.first-election.timeout.min = 5s (fallback to raft.server.rpc.timeout.min)
2025-02-19 06:38:22,550 [42086d8c-c943-47d6-a5f9-799709872375@group-3A2BF5D858B4-LeaderElection35] INFO  server.RaftServerConfigKeys (ConfUtils.java:logFallback(53)) - raft.server.rpc.first-election.timeout.max = 5200ms (fallback to raft.server.rpc.timeout.max)
2025-02-19 06:38:22,551 [grpc-default-executor-2] INFO  server.RaftServer$Division (RaftServerImpl.java:requestVote(1407)) - 2dcfdddc-a76f-4d49-b174-7a2bddacee37@group-3A2BF5D858B4: receive requestVote(PRE_VOTE, 42086d8c-c943-47d6-a5f9-799709872375, group-3A2BF5D858B4, 0, (t:0, i:0))
2025-02-19 06:38:22,551 [grpc-default-executor-2] INFO  impl.VoteContext (VoteContext.java:log(49)) - 2dcfdddc-a76f-4d49-b174-7a2bddacee37@group-3A2BF5D858B4-FOLLOWER: accept PRE_VOTE from 42086d8c-c943-47d6-a5f9-799709872375: our priority 0 <= candidate's priority 1
2025-02-19 06:38:22,551 [grpc-default-executor-2] INFO  server.RaftServer$Division (RaftServerImpl.java:requestVote(1441)) - 2dcfdddc-a76f-4d49-b174-7a2bddacee37@group-3A2BF5D858B4 replies to PRE_VOTE vote request: 42086d8c-c943-47d6-a5f9-799709872375<-2dcfdddc-a76f-4d49-b174-7a2bddacee37#0:OK-t0. Peer's state: 2dcfdddc-a76f-4d49-b174-7a2bddacee37@group-3A2BF5D858B4:t0, leader=null, voted=, raftlog=Memoized:2dcfdddc-a76f-4d49-b174-7a2bddacee37@group-3A2BF5D858B4-SegmentedRaftLog:OPENED:c-1:lastnull, conf=conf: {index: -1, cur=peers:[e20a886d-0459-4371-959f-f9bdb6931571|127.0.0.1:15079, 2dcfdddc-a76f-4d49-b174-7a2bddacee37|127.0.0.1:15043, 42086d8c-c943-47d6-a5f9-799709872375|127.0.0.1:15052]|listeners:[], old=null}
2025-02-19 06:38:22,552 [42086d8c-c943-47d6-a5f9-799709872375@group-3A2BF5D858B4-LeaderElection35] INFO  impl.LeaderElection (LeaderElection.java:logAndReturn(90)) - 42086d8c-c943-47d6-a5f9-799709872375@group-3A2BF5D858B4-LeaderElection35: PRE_VOTE PASSED received 1 response(s) and 0 exception(s):
2025-02-19 06:38:22,553 [42086d8c-c943-47d6-a5f9-799709872375@group-3A2BF5D858B4-LeaderElection35] INFO  impl.LeaderElection (LeaderElection.java:logAndReturn(94)) -   Response 0: 42086d8c-c943-47d6-a5f9-799709872375<-2dcfdddc-a76f-4d49-b174-7a2bddacee37#0:OK-t0
2025-02-19 06:38:22,553 [42086d8c-c943-47d6-a5f9-799709872375@group-3A2BF5D858B4-LeaderElection35] INFO  impl.LeaderElection (LeaderElection.java:askForVotes(334)) - 42086d8c-c943-47d6-a5f9-799709872375@group-3A2BF5D858B4-LeaderElection35 PRE_VOTE round 0: result PASSED
2025-02-19 06:38:22,553 [grpc-default-executor-2] INFO  server.RaftServer$Division (RaftServerImpl.java:requestVote(1407)) - e20a886d-0459-4371-959f-f9bdb6931571@group-3A2BF5D858B4: receive requestVote(PRE_VOTE, 42086d8c-c943-47d6-a5f9-799709872375, group-3A2BF5D858B4, 0, (t:0, i:0))
2025-02-19 06:38:22,553 [grpc-default-executor-2] INFO  impl.VoteContext (VoteContext.java:log(49)) - e20a886d-0459-4371-959f-f9bdb6931571@group-3A2BF5D858B4-FOLLOWER: accept PRE_VOTE from 42086d8c-c943-47d6-a5f9-799709872375: our priority 0 <= candidate's priority 1
2025-02-19 06:38:22,554 [grpc-default-executor-2] INFO  server.RaftServer$Division (RaftServerImpl.java:requestVote(1441)) - e20a886d-0459-4371-959f-f9bdb6931571@group-3A2BF5D858B4 replies to PRE_VOTE vote request: 42086d8c-c943-47d6-a5f9-799709872375<-e20a886d-0459-4371-959f-f9bdb6931571#0:OK-t0. Peer's state: e20a886d-0459-4371-959f-f9bdb6931571@group-3A2BF5D858B4:t0, leader=null, voted=, raftlog=Memoized:e20a886d-0459-4371-959f-f9bdb6931571@group-3A2BF5D858B4-SegmentedRaftLog:OPENED:c-1:lastnull, conf=conf: {index: -1, cur=peers:[e20a886d-0459-4371-959f-f9bdb6931571|127.0.0.1:15079, 2dcfdddc-a76f-4d49-b174-7a2bddacee37|127.0.0.1:15043, 42086d8c-c943-47d6-a5f9-799709872375|127.0.0.1:15052]|listeners:[], old=null}
2025-02-19 06:38:22,554 [42086d8c-c943-47d6-a5f9-799709872375@group-3A2BF5D858B4-LeaderElection35] INFO  impl.LeaderElection (LeaderElection.java:askForVotes(332)) - 42086d8c-c943-47d6-a5f9-799709872375@group-3A2BF5D858B4-LeaderElection35 ELECTION round 0: submit vote requests at term 1 for conf: {index: -1, cur=peers:[e20a886d-0459-4371-959f-f9bdb6931571|127.0.0.1:15079, 2dcfdddc-a76f-4d49-b174-7a2bddacee37|127.0.0.1:15043, 42086d8c-c943-47d6-a5f9-799709872375|127.0.0.1:15052]|listeners:[], old=null}
2025-02-19 06:38:22,555 [42086d8c-c943-47d6-a5f9-799709872375@group-3A2BF5D858B4-LeaderElection35] INFO  server.RaftServerConfigKeys (ConfUtils.java:logFallback(53)) - raft.server.rpc.first-election.timeout.min = 5s (fallback to raft.server.rpc.timeout.min)
2025-02-19 06:38:22,555 [42086d8c-c943-47d6-a5f9-799709872375@group-3A2BF5D858B4-LeaderElection35] INFO  server.RaftServerConfigKeys (ConfUtils.java:logFallback(53)) - raft.server.rpc.first-election.timeout.max = 5200ms (fallback to raft.server.rpc.timeout.max)
2025-02-19 06:38:22,555 [grpc-default-executor-2] INFO  server.RaftServer$Division (RaftServerImpl.java:requestVote(1407)) - e20a886d-0459-4371-959f-f9bdb6931571@group-3A2BF5D858B4: receive requestVote(ELECTION, 42086d8c-c943-47d6-a5f9-799709872375, group-3A2BF5D858B4, 1, (t:0, i:0))
2025-02-19 06:38:22,556 [grpc-default-executor-2] INFO  impl.VoteContext (VoteContext.java:log(49)) - e20a886d-0459-4371-959f-f9bdb6931571@group-3A2BF5D858B4-FOLLOWER: accept ELECTION from 42086d8c-c943-47d6-a5f9-799709872375: our priority 0 <= candidate's priority 1
2025-02-19 06:38:22,556 [grpc-default-executor-2] INFO  server.RaftServer$Division (RaftServerImpl.java:setRole(378)) - e20a886d-0459-4371-959f-f9bdb6931571@group-3A2BF5D858B4: changes role from  FOLLOWER to FOLLOWER at term 0 for candidate:42086d8c-c943-47d6-a5f9-799709872375
2025-02-19 06:38:22,556 [grpc-default-executor-2] INFO  impl.RoleInfo (RoleInfo.java:shutdownFollowerState(121)) - e20a886d-0459-4371-959f-f9bdb6931571: shutdown e20a886d-0459-4371-959f-f9bdb6931571@group-3A2BF5D858B4-FollowerState
2025-02-19 06:38:22,556 [grpc-default-executor-2] INFO  impl.RoleInfo (RoleInfo.java:updateAndGet(148)) - e20a886d-0459-4371-959f-f9bdb6931571: start e20a886d-0459-4371-959f-f9bdb6931571@group-3A2BF5D858B4-FollowerState
2025-02-19 06:38:22,556 [e20a886d-0459-4371-959f-f9bdb6931571@group-3A2BF5D858B4-FollowerState] INFO  impl.FollowerState (FollowerState.java:runImpl(170)) - e20a886d-0459-4371-959f-f9bdb6931571@group-3A2BF5D858B4-FollowerState was interrupted
2025-02-19 06:38:22,556 [grpc-default-executor-4] INFO  server.RaftServer$Division (RaftServerImpl.java:requestVote(1407)) - 2dcfdddc-a76f-4d49-b174-7a2bddacee37@group-3A2BF5D858B4: receive requestVote(ELECTION, 42086d8c-c943-47d6-a5f9-799709872375, group-3A2BF5D858B4, 1, (t:0, i:0))
2025-02-19 06:38:22,556 [grpc-default-executor-4] INFO  impl.VoteContext (VoteContext.java:log(49)) - 2dcfdddc-a76f-4d49-b174-7a2bddacee37@group-3A2BF5D858B4-FOLLOWER: accept ELECTION from 42086d8c-c943-47d6-a5f9-799709872375: our priority 0 <= candidate's priority 1
2025-02-19 06:38:22,556 [grpc-default-executor-4] INFO  server.RaftServer$Division (RaftServerImpl.java:setRole(378)) - 2dcfdddc-a76f-4d49-b174-7a2bddacee37@group-3A2BF5D858B4: changes role from  FOLLOWER to FOLLOWER at term 0 for candidate:42086d8c-c943-47d6-a5f9-799709872375
2025-02-19 06:38:22,556 [grpc-default-executor-4] INFO  impl.RoleInfo (RoleInfo.java:shutdownFollowerState(121)) - 2dcfdddc-a76f-4d49-b174-7a2bddacee37: shutdown 2dcfdddc-a76f-4d49-b174-7a2bddacee37@group-3A2BF5D858B4-FollowerState
2025-02-19 06:38:22,556 [grpc-default-executor-4] INFO  impl.RoleInfo (RoleInfo.java:updateAndGet(148)) - 2dcfdddc-a76f-4d49-b174-7a2bddacee37: start 2dcfdddc-a76f-4d49-b174-7a2bddacee37@group-3A2BF5D858B4-FollowerState
2025-02-19 06:38:22,557 [2dcfdddc-a76f-4d49-b174-7a2bddacee37@group-3A2BF5D858B4-FollowerState] INFO  impl.FollowerState (FollowerState.java:runImpl(170)) - 2dcfdddc-a76f-4d49-b174-7a2bddacee37@group-3A2BF5D858B4-FollowerState was interrupted
2025-02-19 06:38:22,557 [grpc-default-executor-2] INFO  server.RaftServer$Division (RaftServerImpl.java:requestVote(1441)) - e20a886d-0459-4371-959f-f9bdb6931571@group-3A2BF5D858B4 replies to ELECTION vote request: 42086d8c-c943-47d6-a5f9-799709872375<-e20a886d-0459-4371-959f-f9bdb6931571#0:OK-t1. Peer's state: e20a886d-0459-4371-959f-f9bdb6931571@group-3A2BF5D858B4:t1, leader=null, voted=42086d8c-c943-47d6-a5f9-799709872375, raftlog=Memoized:e20a886d-0459-4371-959f-f9bdb6931571@group-3A2BF5D858B4-SegmentedRaftLog:OPENED:c-1:lastnull, conf=conf: {index: -1, cur=peers:[e20a886d-0459-4371-959f-f9bdb6931571|127.0.0.1:15079, 2dcfdddc-a76f-4d49-b174-7a2bddacee37|127.0.0.1:15043, 42086d8c-c943-47d6-a5f9-799709872375|127.0.0.1:15052]|listeners:[], old=null}
2025-02-19 06:38:22,557 [grpc-default-executor-4] INFO  server.RaftServer$Division (RaftServerImpl.java:setFirstElection(562)) - 2dcfdddc-a76f-4d49-b174-7a2bddacee37@group-3A2BF5D858B4: set firstElectionSinceStartup to false for candidate:42086d8c-c943-47d6-a5f9-799709872375
2025-02-19 06:38:22,558 [42086d8c-c943-47d6-a5f9-799709872375@group-3A2BF5D858B4-LeaderElection35] INFO  impl.LeaderElection (LeaderElection.java:logAndReturn(90)) - 42086d8c-c943-47d6-a5f9-799709872375@group-3A2BF5D858B4-LeaderElection35: ELECTION PASSED received 1 response(s) and 0 exception(s):
2025-02-19 06:38:22,558 [42086d8c-c943-47d6-a5f9-799709872375@group-3A2BF5D858B4-LeaderElection35] INFO  impl.LeaderElection (LeaderElection.java:logAndReturn(94)) -   Response 0: 42086d8c-c943-47d6-a5f9-799709872375<-e20a886d-0459-4371-959f-f9bdb6931571#0:OK-t1
2025-02-19 06:38:22,558 [42086d8c-c943-47d6-a5f9-799709872375@group-3A2BF5D858B4-LeaderElection35] INFO  impl.LeaderElection (LeaderElection.java:askForVotes(334)) - 42086d8c-c943-47d6-a5f9-799709872375@group-3A2BF5D858B4-LeaderElection35 ELECTION round 0: result PASSED
2025-02-19 06:38:22,558 [42086d8c-c943-47d6-a5f9-799709872375@group-3A2BF5D858B4-LeaderElection35] INFO  impl.RoleInfo (RoleInfo.java:shutdownLeaderElection(141)) - 42086d8c-c943-47d6-a5f9-799709872375: shutdown 42086d8c-c943-47d6-a5f9-799709872375@group-3A2BF5D858B4-LeaderElection35
2025-02-19 06:38:22,558 [42086d8c-c943-47d6-a5f9-799709872375@group-3A2BF5D858B4-LeaderElection35] INFO  server.RaftServer$Division (RaftServerImpl.java:setRole(378)) - 42086d8c-c943-47d6-a5f9-799709872375@group-3A2BF5D858B4: changes role from CANDIDATE to LEADER at term 1 for changeToLeader
2025-02-19 06:38:22,558 [42086d8c-c943-47d6-a5f9-799709872375@group-3A2BF5D858B4-LeaderElection35] INFO  server.RaftServerConfigKeys (ConfUtils.java:logGet(46)) - raft.server.staging.catchup.gap = 1000 (default)
2025-02-19 06:38:22,559 [grpc-default-executor-4] INFO  server.RaftServer$Division (RaftServerImpl.java:requestVote(1441)) - 2dcfdddc-a76f-4d49-b174-7a2bddacee37@group-3A2BF5D858B4 replies to ELECTION vote request: 42086d8c-c943-47d6-a5f9-799709872375<-2dcfdddc-a76f-4d49-b174-7a2bddacee37#0:OK-t1. Peer's state: 2dcfdddc-a76f-4d49-b174-7a2bddacee37@group-3A2BF5D858B4:t1, leader=null, voted=42086d8c-c943-47d6-a5f9-799709872375, raftlog=Memoized:2dcfdddc-a76f-4d49-b174-7a2bddacee37@group-3A2BF5D858B4-SegmentedRaftLog:OPENED:c-1:lastnull, conf=conf: {index: -1, cur=peers:[e20a886d-0459-4371-959f-f9bdb6931571|127.0.0.1:15079, 2dcfdddc-a76f-4d49-b174-7a2bddacee37|127.0.0.1:15043, 42086d8c-c943-47d6-a5f9-799709872375|127.0.0.1:15052]|listeners:[], old=null}
2025-02-19 06:38:22,559 [42086d8c-c943-47d6-a5f9-799709872375@group-3A2BF5D858B4-LeaderElection35] INFO  server.RaftServerConfigKeys (ConfUtils.java:logGet(46)) - raft.server.write.element-limit = 1024 (custom)
2025-02-19 06:38:22,559 [42086d8c-c943-47d6-a5f9-799709872375@group-3A2BF5D858B4-LeaderElection35] INFO  server.RaftServerConfigKeys (ConfUtils.java:logGet(46)) - raft.server.write.byte-limit = 1024 M (=1073741824) (custom)
2025-02-19 06:38:22,560 [42086d8c-c943-47d6-a5f9-799709872375@group-3A2BF5D858B4-LeaderElection35] INFO  server.RaftServerConfigKeys (ConfUtils.java:logGet(46)) - raft.server.watch.timeout = 10000ms (default)
2025-02-19 06:38:22,560 [42086d8c-c943-47d6-a5f9-799709872375@group-3A2BF5D858B4-LeaderElection35] INFO  server.RaftServerConfigKeys (ConfUtils.java:logGet(46)) - raft.server.watch.timeout.denomination = 1s (default)
2025-02-19 06:38:22,560 [42086d8c-c943-47d6-a5f9-799709872375@group-3A2BF5D858B4-LeaderElection35] INFO  server.RaftServerConfigKeys (ConfUtils.java:logGet(46)) - raft.server.watch.element-limit = 65536 (default)
2025-02-19 06:38:22,560 [42086d8c-c943-47d6-a5f9-799709872375@group-3A2BF5D858B4-LeaderElection35] INFO  server.RaftServerConfigKeys (ConfUtils.java:logGet(46)) - raft.server.read.leader.lease.enabled = false (default)
2025-02-19 06:38:22,560 [42086d8c-c943-47d6-a5f9-799709872375@group-3A2BF5D858B4-LeaderElection35] INFO  server.RaftServerConfigKeys (ConfUtils.java:logGet(46)) - raft.server.read.leader.lease.timeout.ratio = 0.9 (default)
2025-02-19 06:38:22,560 [42086d8c-c943-47d6-a5f9-799709872375@group-3A2BF5D858B4-LeaderElection35] INFO  server.RaftServerConfigKeys (ConfUtils.java:logGet(46)) - raft.server.rpc.timeout.min = 5s (custom)
2025-02-19 06:38:22,561 [42086d8c-c943-47d6-a5f9-799709872375@group-3A2BF5D858B4-LeaderElection35] INFO  server.RaftServerConfigKeys (ConfUtils.java:logGet(46)) - raft.server.log.log-metadata.enabled = true (default)
2025-02-19 06:38:22,561 [42086d8c-c943-47d6-a5f9-799709872375@group-3A2BF5D858B4-LeaderElection35] INFO  server.RaftServerConfigKeys (ConfUtils.java:logGet(46)) - raft.server.write.element-limit = 1024 (custom)
2025-02-19 06:38:22,561 [42086d8c-c943-47d6-a5f9-799709872375@group-3A2BF5D858B4-LeaderElection35] INFO  server.RaftServerConfigKeys (ConfUtils.java:logGet(46)) - raft.server.write.follower.gap.ratio.max = -1.0 (default)
2025-02-19 06:38:22,561 [42086d8c-c943-47d6-a5f9-799709872375@group-3A2BF5D858B4-LeaderElection35] INFO  server.RaftServerConfigKeys (ConfUtils.java:logGet(46)) - raft.server.log.appender.snapshot.chunk.size.max = 16MB (=16777216) (default)
2025-02-19 06:38:22,561 [42086d8c-c943-47d6-a5f9-799709872375@group-3A2BF5D858B4-LeaderElection35] INFO  server.RaftServerConfigKeys (ConfUtils.java:logGet(46)) - raft.server.log.appender.buffer.byte-limit = 33554432 (custom)
2025-02-19 06:38:22,561 [42086d8c-c943-47d6-a5f9-799709872375@group-3A2BF5D858B4-LeaderElection35] INFO  server.RaftServerConfigKeys (ConfUtils.java:logGet(46)) - raft.server.log.appender.buffer.element-limit = 1024 (custom)
2025-02-19 06:38:22,561 [42086d8c-c943-47d6-a5f9-799709872375@group-3A2BF5D858B4-LeaderElection35] INFO  server.RaftServerConfigKeys (ConfUtils.java:logGet(46)) - raft.server.log.appender.wait-time.min = 0ms (custom)
2025-02-19 06:38:22,562 [42086d8c-c943-47d6-a5f9-799709872375@group-3A2BF5D858B4-LeaderElection35] INFO  grpc.GrpcConfigKeys (ConfUtils.java:logGet(46)) - raft.grpc.server.leader.outstanding.appends.max = 8 (default)
2025-02-19 06:38:22,562 [42086d8c-c943-47d6-a5f9-799709872375@group-3A2BF5D858B4-LeaderElection35] INFO  server.RaftServerConfigKeys (ConfUtils.java:logGet(46)) - raft.server.rpc.request.timeout = 3000ms (default)
2025-02-19 06:38:22,562 [42086d8c-c943-47d6-a5f9-799709872375@group-3A2BF5D858B4-LeaderElection35] INFO  grpc.GrpcConfigKeys (ConfUtils.java:logGet(46)) - raft.grpc.server.install_snapshot.request.element-limit = 8 (default)
2025-02-19 06:38:22,562 [42086d8c-c943-47d6-a5f9-799709872375@group-3A2BF5D858B4-LeaderElection35] INFO  grpc.GrpcConfigKeys (ConfUtils.java:logGet(46)) - raft.grpc.server.install_snapshot.request.timeout = 3000ms (default)
2025-02-19 06:38:22,562 [42086d8c-c943-47d6-a5f9-799709872375@group-3A2BF5D858B4-LeaderElection35] INFO  grpc.GrpcConfigKeys (ConfUtils.java:logGet(46)) - raft.grpc.server.log-message.batch.duration = 5s (default)
2025-02-19 06:38:22,562 [42086d8c-c943-47d6-a5f9-799709872375@group-3A2BF5D858B4-LeaderElection35] INFO  server.RaftServerConfigKeys (ConfUtils.java:logGet(46)) - raft.server.log.appender.install.snapshot.enabled = false (custom)
2025-02-19 06:38:22,562 [42086d8c-c943-47d6-a5f9-799709872375@group-3A2BF5D858B4-LeaderElection35] INFO  grpc.GrpcConfigKeys (ConfUtils.java:logGet(46)) - raft.grpc.server.heartbeat.channel = true (default)
2025-02-19 06:38:22,563 [42086d8c-c943-47d6-a5f9-799709872375@group-3A2BF5D858B4-LeaderElection35] INFO  server.RaftServerConfigKeys (ConfUtils.java:logGet(46)) - raft.server.log.appender.snapshot.chunk.size.max = 16MB (=16777216) (default)
2025-02-19 06:38:22,563 [42086d8c-c943-47d6-a5f9-799709872375@group-3A2BF5D858B4-LeaderElection35] INFO  server.RaftServerConfigKeys (ConfUtils.java:logGet(46)) - raft.server.log.appender.buffer.byte-limit = 33554432 (custom)
2025-02-19 06:38:22,563 [42086d8c-c943-47d6-a5f9-799709872375@group-3A2BF5D858B4-LeaderElection35] INFO  server.RaftServerConfigKeys (ConfUtils.java:logGet(46)) - raft.server.log.appender.buffer.element-limit = 1024 (custom)
2025-02-19 06:38:22,563 [42086d8c-c943-47d6-a5f9-799709872375@group-3A2BF5D858B4-LeaderElection35] INFO  server.RaftServerConfigKeys (ConfUtils.java:logGet(46)) - raft.server.log.appender.wait-time.min = 0ms (custom)
2025-02-19 06:38:22,563 [42086d8c-c943-47d6-a5f9-799709872375@group-3A2BF5D858B4-LeaderElection35] INFO  grpc.GrpcConfigKeys (ConfUtils.java:logGet(46)) - raft.grpc.server.leader.outstanding.appends.max = 8 (default)
2025-02-19 06:38:22,563 [42086d8c-c943-47d6-a5f9-799709872375@group-3A2BF5D858B4-LeaderElection35] INFO  server.RaftServerConfigKeys (ConfUtils.java:logGet(46)) - raft.server.rpc.request.timeout = 3000ms (default)
2025-02-19 06:38:22,563 [42086d8c-c943-47d6-a5f9-799709872375@group-3A2BF5D858B4-LeaderElection35] INFO  grpc.GrpcConfigKeys (ConfUtils.java:logGet(46)) - raft.grpc.server.install_snapshot.request.element-limit = 8 (default)
2025-02-19 06:38:22,564 [42086d8c-c943-47d6-a5f9-799709872375@group-3A2BF5D858B4-LeaderElection35] INFO  grpc.GrpcConfigKeys (ConfUtils.java:logGet(46)) - raft.grpc.server.install_snapshot.request.timeout = 3000ms (default)
2025-02-19 06:38:22,564 [42086d8c-c943-47d6-a5f9-799709872375@group-3A2BF5D858B4-LeaderElection35] INFO  grpc.GrpcConfigKeys (ConfUtils.java:logGet(46)) - raft.grpc.server.log-message.batch.duration = 5s (default)
2025-02-19 06:38:22,564 [42086d8c-c943-47d6-a5f9-799709872375@group-3A2BF5D858B4-LeaderElection35] INFO  server.RaftServerConfigKeys (ConfUtils.java:logGet(46)) - raft.server.log.appender.install.snapshot.enabled = false (custom)
2025-02-19 06:38:22,564 [42086d8c-c943-47d6-a5f9-799709872375@group-3A2BF5D858B4-LeaderElection35] INFO  grpc.GrpcConfigKeys (ConfUtils.java:logGet(46)) - raft.grpc.server.heartbeat.channel = true (default)
2025-02-19 06:38:22,564 [42086d8c-c943-47d6-a5f9-799709872375@group-3A2BF5D858B4-LeaderElection35] INFO  impl.RoleInfo (RoleInfo.java:updateAndGet(148)) - 42086d8c-c943-47d6-a5f9-799709872375: start 42086d8c-c943-47d6-a5f9-799709872375@group-3A2BF5D858B4-LeaderStateImpl
2025-02-19 06:38:22,564 [42086d8c-c943-47d6-a5f9-799709872375@group-3A2BF5D858B4-LeaderElection35] INFO  server.RaftServer$Division (RaftServerImpl.java:setFirstElection(562)) - 42086d8c-c943-47d6-a5f9-799709872375@group-3A2BF5D858B4: set firstElectionSinceStartup to false for becomeLeader
2025-02-19 06:38:22,564 [42086d8c-c943-47d6-a5f9-799709872375@group-3A2BF5D858B4-LeaderElection35] INFO  ratis.XceiverServerRatis (XceiverServerRatis.java:handleLeaderChangedNotification(941)) - Leader change notification received for group: group-3A2BF5D858B4 with new leaderId: 42086d8c-c943-47d6-a5f9-799709872375
2025-02-19 06:38:22,564 [42086d8c-c943-47d6-a5f9-799709872375@group-3A2BF5D858B4-LeaderElection35] INFO  server.RaftServer$Division (ServerState.java:setLeader(272)) - 42086d8c-c943-47d6-a5f9-799709872375@group-3A2BF5D858B4: change Leader from null to 42086d8c-c943-47d6-a5f9-799709872375 at term 1 for becomeLeader, leader elected after 5232ms
2025-02-19 06:38:22,564 [42086d8c-c943-47d6-a5f9-799709872375@group-3A2BF5D858B4-LeaderElection35] INFO  segmented.SegmentedRaftLogWorker (SegmentedRaftLogWorker.java:startLogSegment(438)) - 42086d8c-c943-47d6-a5f9-799709872375@group-3A2BF5D858B4-SegmentedRaftLogWorker: Starting segment from index:0
2025-02-19 06:38:22,565 [42086d8c-c943-47d6-a5f9-799709872375@group-3A2BF5D858B4-LeaderElection35] INFO  server.RaftServer$Division (ServerState.java:setRaftConf(386)) - 42086d8c-c943-47d6-a5f9-799709872375@group-3A2BF5D858B4: set configuration conf: {index: 0, cur=peers:[e20a886d-0459-4371-959f-f9bdb6931571|127.0.0.1:15079, 2dcfdddc-a76f-4d49-b174-7a2bddacee37|127.0.0.1:15043, 42086d8c-c943-47d6-a5f9-799709872375|127.0.0.1:15052]|listeners:[], old=null}
2025-02-19 06:38:22,565 [42086d8c-c943-47d6-a5f9-799709872375@group-3A2BF5D858B4-SegmentedRaftLogWorker] INFO  segmented.BufferedWriteChannel (BufferedWriteChannel.java:open(61)) - open log_inprogress_0 at position 0
2025-02-19 06:38:22,569 [EventQueue-PipelineReportForPipelineReportHandler] INFO  pipeline.PipelineReportHandler (PipelineReportHandler.java:processPipelineReport(141)) - Opened pipeline PipelineID=63d7735b-966d-485e-83b9-3a2bf5d858b4
2025-02-19 06:38:22,571 [e20a886d-0459-4371-959f-f9bdb6931571-server-thread2] INFO  ratis.XceiverServerRatis (XceiverServerRatis.java:handleLeaderChangedNotification(941)) - Leader change notification received for group: group-3A2BF5D858B4 with new leaderId: 42086d8c-c943-47d6-a5f9-799709872375
2025-02-19 06:38:22,571 [e20a886d-0459-4371-959f-f9bdb6931571-server-thread2] INFO  server.RaftServer$Division (ServerState.java:setLeader(272)) - e20a886d-0459-4371-959f-f9bdb6931571@group-3A2BF5D858B4: change Leader from null to 42086d8c-c943-47d6-a5f9-799709872375 at term 1 for appendEntries, leader elected after 5264ms
2025-02-19 06:38:22,572 [e20a886d-0459-4371-959f-f9bdb6931571-server-thread2] INFO  server.RaftServer$Division (ServerState.java:setRaftConf(386)) - e20a886d-0459-4371-959f-f9bdb6931571@group-3A2BF5D858B4: set configuration conf: {index: 0, cur=peers:[e20a886d-0459-4371-959f-f9bdb6931571|127.0.0.1:15079, 2dcfdddc-a76f-4d49-b174-7a2bddacee37|127.0.0.1:15043, 42086d8c-c943-47d6-a5f9-799709872375|127.0.0.1:15052]|listeners:[], old=null}
2025-02-19 06:38:22,572 [e20a886d-0459-4371-959f-f9bdb6931571-server-thread2] INFO  segmented.SegmentedRaftLogWorker (SegmentedRaftLogWorker.java:startLogSegment(438)) - e20a886d-0459-4371-959f-f9bdb6931571@group-3A2BF5D858B4-SegmentedRaftLogWorker: Starting segment from index:0
2025-02-19 06:38:22,572 [2dcfdddc-a76f-4d49-b174-7a2bddacee37-server-thread1] INFO  ratis.XceiverServerRatis (XceiverServerRatis.java:handleLeaderChangedNotification(941)) - Leader change notification received for group: group-3A2BF5D858B4 with new leaderId: 42086d8c-c943-47d6-a5f9-799709872375
2025-02-19 06:38:22,573 [2dcfdddc-a76f-4d49-b174-7a2bddacee37-server-thread1] INFO  server.RaftServer$Division (ServerState.java:setLeader(272)) - 2dcfdddc-a76f-4d49-b174-7a2bddacee37@group-3A2BF5D858B4: change Leader from null to 42086d8c-c943-47d6-a5f9-799709872375 at term 1 for appendEntries, leader elected after 5199ms
2025-02-19 06:38:22,573 [2dcfdddc-a76f-4d49-b174-7a2bddacee37-server-thread2] INFO  server.RaftServer$Division (ServerState.java:setRaftConf(386)) - 2dcfdddc-a76f-4d49-b174-7a2bddacee37@group-3A2BF5D858B4: set configuration conf: {index: 0, cur=peers:[e20a886d-0459-4371-959f-f9bdb6931571|127.0.0.1:15079, 2dcfdddc-a76f-4d49-b174-7a2bddacee37|127.0.0.1:15043, 42086d8c-c943-47d6-a5f9-799709872375|127.0.0.1:15052]|listeners:[], old=null}
2025-02-19 06:38:22,573 [e20a886d-0459-4371-959f-f9bdb6931571@group-3A2BF5D858B4-SegmentedRaftLogWorker] INFO  segmented.BufferedWriteChannel (BufferedWriteChannel.java:open(61)) - open log_inprogress_0 at position 0
2025-02-19 06:38:22,574 [2dcfdddc-a76f-4d49-b174-7a2bddacee37-server-thread2] INFO  segmented.SegmentedRaftLogWorker (SegmentedRaftLogWorker.java:startLogSegment(438)) - 2dcfdddc-a76f-4d49-b174-7a2bddacee37@group-3A2BF5D858B4-SegmentedRaftLogWorker: Starting segment from index:0
2025-02-19 06:38:22,574 [2dcfdddc-a76f-4d49-b174-7a2bddacee37@group-3A2BF5D858B4-SegmentedRaftLogWorker] INFO  segmented.BufferedWriteChannel (BufferedWriteChannel.java:open(61)) - open log_inprogress_0 at position 0
2025-02-19 06:38:22,577 [42086d8c-c943-47d6-a5f9-799709872375@group-3A2BF5D858B4-SegmentedRaftLogWorker] INFO  segmented.SegmentedRaftLogWorker (SegmentedRaftLogWorker.java:execute(644)) - 42086d8c-c943-47d6-a5f9-799709872375@group-3A2BF5D858B4-SegmentedRaftLogWorker: created new log segment /home/runner/work/ozone/ozone/hadoop-ozone/integration-test/target/test-dir/MiniOzoneClusterImpl-3e129c02-f7f1-4d32-bd92-d681932e2c0d/ozone-meta/datanode-5/ratis/63d7735b-966d-485e-83b9-3a2bf5d858b4/current/log_inprogress_0
2025-02-19 06:38:22,587 [e20a886d-0459-4371-959f-f9bdb6931571@group-3A2BF5D858B4-SegmentedRaftLogWorker] INFO  segmented.SegmentedRaftLogWorker (SegmentedRaftLogWorker.java:execute(644)) - e20a886d-0459-4371-959f-f9bdb6931571@group-3A2BF5D858B4-SegmentedRaftLogWorker: created new log segment /home/runner/work/ozone/ozone/hadoop-ozone/integration-test/target/test-dir/MiniOzoneClusterImpl-3e129c02-f7f1-4d32-bd92-d681932e2c0d/ozone-meta/datanode-8/ratis/63d7735b-966d-485e-83b9-3a2bf5d858b4/current/log_inprogress_0
2025-02-19 06:38:22,588 [2dcfdddc-a76f-4d49-b174-7a2bddacee37@group-3A2BF5D858B4-SegmentedRaftLogWorker] INFO  segmented.SegmentedRaftLogWorker (SegmentedRaftLogWorker.java:execute(644)) - 2dcfdddc-a76f-4d49-b174-7a2bddacee37@group-3A2BF5D858B4-SegmentedRaftLogWorker: created new log segment /home/runner/work/ozone/ozone/hadoop-ozone/integration-test/target/test-dir/MiniOzoneClusterImpl-3e129c02-f7f1-4d32-bd92-d681932e2c0d/ozone-meta/datanode-4/ratis/63d7735b-966d-485e-83b9-3a2bf5d858b4/current/log_inprogress_0
2025-02-19 06:38:22,589 [42086d8c-c943-47d6-a5f9-799709872375@group-3A2BF5D858B4-StateMachineUpdater] INFO  server.RaftServer$Division (LeaderStateImpl.java:checkStartIndex(313)) - Leader 42086d8c-c943-47d6-a5f9-799709872375@group-3A2BF5D858B4-LeaderStateImpl is ready since appliedIndex == startIndex == 0
2025-02-19 06:38:22,589 [42086d8c-c943-47d6-a5f9-799709872375@group-3A2BF5D858B4-StateMachineUpdater] INFO  ratis.ContainerStateMachine (ContainerStateMachine.java:takeSnapshot(376)) - group-3A2BF5D858B4: Taking a snapshot at:(t:1, i:0) file /home/runner/work/ozone/ozone/hadoop-ozone/integration-test/target/test-dir/MiniOzoneClusterImpl-3e129c02-f7f1-4d32-bd92-d681932e2c0d/ozone-meta/datanode-5/ratis/63d7735b-966d-485e-83b9-3a2bf5d858b4/sm/snapshot.1_0
2025-02-19 06:38:22,590 [42086d8c-c943-47d6-a5f9-799709872375@group-3A2BF5D858B4-StateMachineUpdater] INFO  ratis.ContainerStateMachine (ContainerStateMachine.java:takeSnapshot(387)) - group-3A2BF5D858B4: Finished taking a snapshot at:(t:1, i:0) file:/home/runner/work/ozone/ozone/hadoop-ozone/integration-test/target/test-dir/MiniOzoneClusterImpl-3e129c02-f7f1-4d32-bd92-d681932e2c0d/ozone-meta/datanode-5/ratis/63d7735b-966d-485e-83b9-3a2bf5d858b4/sm/snapshot.1_0 took: 0 ms
2025-02-19 06:38:22,590 [42086d8c-c943-47d6-a5f9-799709872375@group-3A2BF5D858B4-StateMachineUpdater] INFO  impl.StateMachineUpdater (StateMachineUpdater.java:takeSnapshot(303)) - 42086d8c-c943-47d6-a5f9-799709872375@group-3A2BF5D858B4-StateMachineUpdater: Took a snapshot at index 0
2025-02-19 06:38:22,590 [42086d8c-c943-47d6-a5f9-799709872375@group-3A2BF5D858B4-StateMachineUpdater] INFO  impl.StateMachineUpdater (StateMachineUpdater.java:lambda$new$0(102)) - 42086d8c-c943-47d6-a5f9-799709872375@group-3A2BF5D858B4-StateMachineUpdater: snapshotIndex: updateIncreasingly -1 -> 0
2025-02-19 06:38:22,901 [EventQueue-PipelineReportForPipelineReportHandler] ERROR pipeline.PipelineReportHandler (PipelineReportHandler.java:onMessage(95)) - Could not process pipeline report=pipelineID {
  id: "f1258f91-374d-44ac-9d89-7bef1d680e9b"
  uuid128 {
    mostSigBits: -1070291482569784148
    leastSigBits: -7095003471024746853
  }
}
isLeader: false
bytesWritten: 0
 from dn=49dd84ae-7ec9-4d92-bc53-345946144fea(localhost/127.0.0.1).
java.io.IOException: Datanode=49dd84ae-7ec9-4d92-bc53-345946144fea(localhost/127.0.0.1) not part of pipeline=PipelineID=f1258f91-374d-44ac-9d89-7bef1d680e9b
	at org.apache.hadoop.hdds.scm.pipeline.Pipeline.reportDatanode(Pipeline.java:336)
	at org.apache.hadoop.hdds.scm.pipeline.PipelineReportHandler.setReportedDatanode(PipelineReportHandler.java:154)
	at org.apache.hadoop.hdds.scm.pipeline.PipelineReportHandler.processPipelineReport(PipelineReportHandler.java:129)
	at org.apache.hadoop.hdds.scm.pipeline.PipelineReportHandler.onMessage(PipelineReportHandler.java:88)
	at org.apache.hadoop.hdds.scm.pipeline.PipelineReportHandler.onMessage(PipelineReportHandler.java:47)
	at org.apache.hadoop.hdds.server.events.SingleThreadExecutor.lambda$onMessage$1(SingleThreadExecutor.java:84)
	at java.base/java.util.concurrent.ThreadPoolExecutor.runWorker(ThreadPoolExecutor.java:1144)
	at java.base/java.util.concurrent.ThreadPoolExecutor$Worker.run(ThreadPoolExecutor.java:642)
	at java.base/java.lang.Thread.run(Thread.java:1583)
2025-02-19 06:38:22,902 [EventQueue-PipelineReportForPipelineReportHandler] ERROR pipeline.PipelineReportHandler (PipelineReportHandler.java:onMessage(95)) - Could not process pipeline report=pipelineID {
  id: "117721e1-84b0-442b-bd9d-b5b4ee72daef"
  uuid128 {
    mostSigBits: 1258511873350845483
    leastSigBits: -4783467440498353425
  }
}
isLeader: false
bytesWritten: 0
 from dn=49dd84ae-7ec9-4d92-bc53-345946144fea(localhost/127.0.0.1).
java.io.IOException: Datanode=49dd84ae-7ec9-4d92-bc53-345946144fea(localhost/127.0.0.1) not part of pipeline=PipelineID=117721e1-84b0-442b-bd9d-b5b4ee72daef
	at org.apache.hadoop.hdds.scm.pipeline.Pipeline.reportDatanode(Pipeline.java:336)
	at org.apache.hadoop.hdds.scm.pipeline.PipelineReportHandler.setReportedDatanode(PipelineReportHandler.java:154)
	at org.apache.hadoop.hdds.scm.pipeline.PipelineReportHandler.processPipelineReport(PipelineReportHandler.java:129)
	at org.apache.hadoop.hdds.scm.pipeline.PipelineReportHandler.onMessage(PipelineReportHandler.java:88)
	at org.apache.hadoop.hdds.scm.pipeline.PipelineReportHandler.onMessage(PipelineReportHandler.java:47)
	at org.apache.hadoop.hdds.server.events.SingleThreadExecutor.lambda$onMessage$1(SingleThreadExecutor.java:84)
	at java.base/java.util.concurrent.ThreadPoolExecutor.runWorker(ThreadPoolExecutor.java:1144)
	at java.base/java.util.concurrent.ThreadPoolExecutor$Worker.run(ThreadPoolExecutor.java:642)
	at java.base/java.lang.Thread.run(Thread.java:1583)
2025-02-19 06:38:23,101 [EventQueue-PipelineReportForPipelineReportHandler] ERROR pipeline.PipelineReportHandler (PipelineReportHandler.java:onMessage(95)) - Could not process pipeline report=pipelineID {
  id: "f1258f91-374d-44ac-9d89-7bef1d680e9b"
  uuid128 {
    mostSigBits: -1070291482569784148
    leastSigBits: -7095003471024746853
  }
}
isLeader: false
bytesWritten: 0
 from dn=49dd84ae-7ec9-4d92-bc53-345946144fea(localhost/127.0.0.1).
java.io.IOException: Datanode=49dd84ae-7ec9-4d92-bc53-345946144fea(localhost/127.0.0.1) not part of pipeline=PipelineID=f1258f91-374d-44ac-9d89-7bef1d680e9b
	at org.apache.hadoop.hdds.scm.pipeline.Pipeline.reportDatanode(Pipeline.java:336)
	at org.apache.hadoop.hdds.scm.pipeline.PipelineReportHandler.setReportedDatanode(PipelineReportHandler.java:154)
	at org.apache.hadoop.hdds.scm.pipeline.PipelineReportHandler.processPipelineReport(PipelineReportHandler.java:129)
	at org.apache.hadoop.hdds.scm.pipeline.PipelineReportHandler.onMessage(PipelineReportHandler.java:88)
	at org.apache.hadoop.hdds.scm.pipeline.PipelineReportHandler.onMessage(PipelineReportHandler.java:47)
	at org.apache.hadoop.hdds.server.events.SingleThreadExecutor.lambda$onMessage$1(SingleThreadExecutor.java:84)
	at java.base/java.util.concurrent.ThreadPoolExecutor.runWorker(ThreadPoolExecutor.java:1144)
	at java.base/java.util.concurrent.ThreadPoolExecutor$Worker.run(ThreadPoolExecutor.java:642)
	at java.base/java.lang.Thread.run(Thread.java:1583)
2025-02-19 06:38:23,101 [EventQueue-PipelineReportForPipelineReportHandler] ERROR pipeline.PipelineReportHandler (PipelineReportHandler.java:onMessage(95)) - Could not process pipeline report=pipelineID {
  id: "117721e1-84b0-442b-bd9d-b5b4ee72daef"
  uuid128 {
    mostSigBits: 1258511873350845483
    leastSigBits: -4783467440498353425
  }
}
isLeader: false
bytesWritten: 0
 from dn=49dd84ae-7ec9-4d92-bc53-345946144fea(localhost/127.0.0.1).
java.io.IOException: Datanode=49dd84ae-7ec9-4d92-bc53-345946144fea(localhost/127.0.0.1) not part of pipeline=PipelineID=117721e1-84b0-442b-bd9d-b5b4ee72daef
	at org.apache.hadoop.hdds.scm.pipeline.Pipeline.reportDatanode(Pipeline.java:336)
	at org.apache.hadoop.hdds.scm.pipeline.PipelineReportHandler.setReportedDatanode(PipelineReportHandler.java:154)
	at org.apache.hadoop.hdds.scm.pipeline.PipelineReportHandler.processPipelineReport(PipelineReportHandler.java:129)
	at org.apache.hadoop.hdds.scm.pipeline.PipelineReportHandler.onMessage(PipelineReportHandler.java:88)
	at org.apache.hadoop.hdds.scm.pipeline.PipelineReportHandler.onMessage(PipelineReportHandler.java:47)
	at org.apache.hadoop.hdds.server.events.SingleThreadExecutor.lambda$onMessage$1(SingleThreadExecutor.java:84)
	at java.base/java.util.concurrent.ThreadPoolExecutor.runWorker(ThreadPoolExecutor.java:1144)
	at java.base/java.util.concurrent.ThreadPoolExecutor$Worker.run(ThreadPoolExecutor.java:642)
	at java.base/java.lang.Thread.run(Thread.java:1583)
2025-02-19 06:38:23,401 [49dd84ae-7ec9-4d92-bc53-345946144fea@group-4434D0010B67-FollowerState] INFO  impl.FollowerState (FollowerState.java:runImpl(161)) - 49dd84ae-7ec9-4d92-bc53-345946144fea@group-4434D0010B67-FollowerState: change to CANDIDATE, lastRpcElapsedTime:5014610664ns, electionTimeout:5014ms
2025-02-19 06:38:23,401 [49dd84ae-7ec9-4d92-bc53-345946144fea@group-4434D0010B67-FollowerState] INFO  impl.RoleInfo (RoleInfo.java:shutdownFollowerState(121)) - 49dd84ae-7ec9-4d92-bc53-345946144fea: shutdown 49dd84ae-7ec9-4d92-bc53-345946144fea@group-4434D0010B67-FollowerState
2025-02-19 06:38:23,401 [49dd84ae-7ec9-4d92-bc53-345946144fea@group-4434D0010B67-FollowerState] INFO  server.RaftServer$Division (RaftServerImpl.java:setRole(378)) - 49dd84ae-7ec9-4d92-bc53-345946144fea@group-4434D0010B67: changes role from  FOLLOWER to CANDIDATE at term 0 for changeToCandidate
2025-02-19 06:38:23,402 [49dd84ae-7ec9-4d92-bc53-345946144fea@group-4434D0010B67-FollowerState] INFO  server.RaftServerConfigKeys (ConfUtils.java:logGet(46)) - raft.server.leaderelection.pre-vote = true (default)
2025-02-19 06:38:23,402 [49dd84ae-7ec9-4d92-bc53-345946144fea@group-4434D0010B67-FollowerState] INFO  impl.RoleInfo (RoleInfo.java:updateAndGet(148)) - 49dd84ae-7ec9-4d92-bc53-345946144fea: start 49dd84ae-7ec9-4d92-bc53-345946144fea@group-4434D0010B67-LeaderElection36
2025-02-19 06:38:23,402 [49dd84ae-7ec9-4d92-bc53-345946144fea@group-4434D0010B67-LeaderElection36] INFO  impl.LeaderElection (LeaderElection.java:askForVotes(332)) - 49dd84ae-7ec9-4d92-bc53-345946144fea@group-4434D0010B67-LeaderElection36 PRE_VOTE round 0: submit vote requests at term 0 for conf: {index: -1, cur=peers:[49dd84ae-7ec9-4d92-bc53-345946144fea|127.0.0.1:15016, 2fdf8a61-8d2a-4048-aa8e-d82d5837d34a|127.0.0.1:15061, eb965ba7-12a8-46f3-92c0-bc6ff5b3bf3b|127.0.0.1:15034]|listeners:[], old=null}
2025-02-19 06:38:23,403 [49dd84ae-7ec9-4d92-bc53-345946144fea@group-4434D0010B67-LeaderElection36-1] INFO  server.GrpcServerProtocolClient (GrpcServerProtocolClient.java:<init>(65)) - Build channel for 2fdf8a61-8d2a-4048-aa8e-d82d5837d34a|127.0.0.1:15061
2025-02-19 06:38:23,403 [49dd84ae-7ec9-4d92-bc53-345946144fea@group-4434D0010B67-LeaderElection36-2] INFO  server.GrpcServerProtocolClient (GrpcServerProtocolClient.java:<init>(65)) - Build channel for eb965ba7-12a8-46f3-92c0-bc6ff5b3bf3b|127.0.0.1:15034
2025-02-19 06:38:23,403 [49dd84ae-7ec9-4d92-bc53-345946144fea@group-4434D0010B67-LeaderElection36] INFO  server.RaftServerConfigKeys (ConfUtils.java:logFallback(53)) - raft.server.rpc.first-election.timeout.min = 5s (fallback to raft.server.rpc.timeout.min)
2025-02-19 06:38:23,403 [49dd84ae-7ec9-4d92-bc53-345946144fea@group-4434D0010B67-LeaderElection36] INFO  server.RaftServerConfigKeys (ConfUtils.java:logFallback(53)) - raft.server.rpc.first-election.timeout.max = 5200ms (fallback to raft.server.rpc.timeout.max)
2025-02-19 06:38:23,406 [grpc-default-executor-7] INFO  server.RaftServer$Division (RaftServerImpl.java:requestVote(1407)) - 2fdf8a61-8d2a-4048-aa8e-d82d5837d34a@group-4434D0010B67: receive requestVote(PRE_VOTE, 49dd84ae-7ec9-4d92-bc53-345946144fea, group-4434D0010B67, 0, (t:0, i:0))
2025-02-19 06:38:23,406 [grpc-default-executor-8] INFO  server.RaftServer$Division (RaftServerImpl.java:requestVote(1407)) - eb965ba7-12a8-46f3-92c0-bc6ff5b3bf3b@group-4434D0010B67: receive requestVote(PRE_VOTE, 49dd84ae-7ec9-4d92-bc53-345946144fea, group-4434D0010B67, 0, (t:0, i:0))
2025-02-19 06:38:23,406 [grpc-default-executor-7] INFO  impl.VoteContext (VoteContext.java:log(49)) - 2fdf8a61-8d2a-4048-aa8e-d82d5837d34a@group-4434D0010B67-FOLLOWER: reject PRE_VOTE from 49dd84ae-7ec9-4d92-bc53-345946144fea: our priority 1 > candidate's priority 0
2025-02-19 06:38:23,407 [grpc-default-executor-7] INFO  server.RaftServer$Division (RaftServerImpl.java:requestVote(1441)) - 2fdf8a61-8d2a-4048-aa8e-d82d5837d34a@group-4434D0010B67 replies to PRE_VOTE vote request: 49dd84ae-7ec9-4d92-bc53-345946144fea<-2fdf8a61-8d2a-4048-aa8e-d82d5837d34a#0:FAIL-t0. Peer's state: 2fdf8a61-8d2a-4048-aa8e-d82d5837d34a@group-4434D0010B67:t0, leader=null, voted=, raftlog=Memoized:2fdf8a61-8d2a-4048-aa8e-d82d5837d34a@group-4434D0010B67-SegmentedRaftLog:OPENED:c-1:lastnull, conf=conf: {index: -1, cur=peers:[49dd84ae-7ec9-4d92-bc53-345946144fea|127.0.0.1:15016, 2fdf8a61-8d2a-4048-aa8e-d82d5837d34a|127.0.0.1:15061, eb965ba7-12a8-46f3-92c0-bc6ff5b3bf3b|127.0.0.1:15034]|listeners:[], old=null}
2025-02-19 06:38:23,407 [grpc-default-executor-8] INFO  impl.VoteContext (VoteContext.java:log(49)) - eb965ba7-12a8-46f3-92c0-bc6ff5b3bf3b@group-4434D0010B67-FOLLOWER: accept PRE_VOTE from 49dd84ae-7ec9-4d92-bc53-345946144fea: our priority 0 <= candidate's priority 0
2025-02-19 06:38:23,407 [grpc-default-executor-8] INFO  server.RaftServer$Division (RaftServerImpl.java:requestVote(1441)) - eb965ba7-12a8-46f3-92c0-bc6ff5b3bf3b@group-4434D0010B67 replies to PRE_VOTE vote request: 49dd84ae-7ec9-4d92-bc53-345946144fea<-eb965ba7-12a8-46f3-92c0-bc6ff5b3bf3b#0:OK-t0. Peer's state: eb965ba7-12a8-46f3-92c0-bc6ff5b3bf3b@group-4434D0010B67:t0, leader=null, voted=, raftlog=Memoized:eb965ba7-12a8-46f3-92c0-bc6ff5b3bf3b@group-4434D0010B67-SegmentedRaftLog:OPENED:c-1:lastnull, conf=conf: {index: -1, cur=peers:[49dd84ae-7ec9-4d92-bc53-345946144fea|127.0.0.1:15016, 2fdf8a61-8d2a-4048-aa8e-d82d5837d34a|127.0.0.1:15061, eb965ba7-12a8-46f3-92c0-bc6ff5b3bf3b|127.0.0.1:15034]|listeners:[], old=null}
2025-02-19 06:38:23,407 [49dd84ae-7ec9-4d92-bc53-345946144fea@group-4434D0010B67-LeaderElection36] INFO  impl.LeaderElection (LeaderElection.java:logAndReturn(90)) - 49dd84ae-7ec9-4d92-bc53-345946144fea@group-4434D0010B67-LeaderElection36: PRE_VOTE REJECTED received 1 response(s) and 0 exception(s):
2025-02-19 06:38:23,407 [49dd84ae-7ec9-4d92-bc53-345946144fea@group-4434D0010B67-LeaderElection36] INFO  impl.LeaderElection (LeaderElection.java:logAndReturn(94)) -   Response 0: 49dd84ae-7ec9-4d92-bc53-345946144fea<-2fdf8a61-8d2a-4048-aa8e-d82d5837d34a#0:FAIL-t0
2025-02-19 06:38:23,407 [49dd84ae-7ec9-4d92-bc53-345946144fea@group-4434D0010B67-LeaderElection36] INFO  impl.LeaderElection (LeaderElection.java:askForVotes(334)) - 49dd84ae-7ec9-4d92-bc53-345946144fea@group-4434D0010B67-LeaderElection36 PRE_VOTE round 0: result REJECTED
2025-02-19 06:38:23,408 [49dd84ae-7ec9-4d92-bc53-345946144fea@group-4434D0010B67-LeaderElection36] INFO  server.RaftServer$Division (RaftServerImpl.java:setRole(378)) - 49dd84ae-7ec9-4d92-bc53-345946144fea@group-4434D0010B67: changes role from CANDIDATE to FOLLOWER at term 0 for REJECTED
2025-02-19 06:38:23,408 [49dd84ae-7ec9-4d92-bc53-345946144fea@group-4434D0010B67-LeaderElection36] INFO  impl.RoleInfo (RoleInfo.java:shutdownLeaderElection(141)) - 49dd84ae-7ec9-4d92-bc53-345946144fea: shutdown 49dd84ae-7ec9-4d92-bc53-345946144fea@group-4434D0010B67-LeaderElection36
2025-02-19 06:38:23,408 [49dd84ae-7ec9-4d92-bc53-345946144fea@group-4434D0010B67-LeaderElection36] INFO  impl.RoleInfo (RoleInfo.java:updateAndGet(148)) - 49dd84ae-7ec9-4d92-bc53-345946144fea: start 49dd84ae-7ec9-4d92-bc53-345946144fea@group-4434D0010B67-FollowerState
2025-02-19 06:38:23,408 [49dd84ae-7ec9-4d92-bc53-345946144fea@group-4434D0010B67-LeaderElection36] INFO  server.RaftServer$Division (RaftServerImpl.java:setFirstElection(562)) - 49dd84ae-7ec9-4d92-bc53-345946144fea@group-4434D0010B67: set firstElectionSinceStartup to false for REJECTED
2025-02-19 06:38:23,414 [eb965ba7-12a8-46f3-92c0-bc6ff5b3bf3b@group-4434D0010B67-FollowerState] INFO  server.RaftServerConfigKeys (ConfUtils.java:logFallback(53)) - raft.server.rpc.first-election.timeout.min = 5s (fallback to raft.server.rpc.timeout.min)
2025-02-19 06:38:23,414 [eb965ba7-12a8-46f3-92c0-bc6ff5b3bf3b@group-4434D0010B67-FollowerState] INFO  server.RaftServerConfigKeys (ConfUtils.java:logFallback(53)) - raft.server.rpc.first-election.timeout.max = 5200ms (fallback to raft.server.rpc.timeout.max)
2025-02-19 06:38:23,502 [EventQueue-PipelineReportForPipelineReportHandler] ERROR pipeline.PipelineReportHandler (PipelineReportHandler.java:onMessage(95)) - Could not process pipeline report=pipelineID {
  id: "f1258f91-374d-44ac-9d89-7bef1d680e9b"
  uuid128 {
    mostSigBits: -1070291482569784148
    leastSigBits: -7095003471024746853
  }
}
isLeader: false
bytesWritten: 0
 from dn=49dd84ae-7ec9-4d92-bc53-345946144fea(localhost/127.0.0.1).
java.io.IOException: Datanode=49dd84ae-7ec9-4d92-bc53-345946144fea(localhost/127.0.0.1) not part of pipeline=PipelineID=f1258f91-374d-44ac-9d89-7bef1d680e9b
	at org.apache.hadoop.hdds.scm.pipeline.Pipeline.reportDatanode(Pipeline.java:336)
	at org.apache.hadoop.hdds.scm.pipeline.PipelineReportHandler.setReportedDatanode(PipelineReportHandler.java:154)
	at org.apache.hadoop.hdds.scm.pipeline.PipelineReportHandler.processPipelineReport(PipelineReportHandler.java:129)
	at org.apache.hadoop.hdds.scm.pipeline.PipelineReportHandler.onMessage(PipelineReportHandler.java:88)
	at org.apache.hadoop.hdds.scm.pipeline.PipelineReportHandler.onMessage(PipelineReportHandler.java:47)
	at org.apache.hadoop.hdds.server.events.SingleThreadExecutor.lambda$onMessage$1(SingleThreadExecutor.java:84)
	at java.base/java.util.concurrent.ThreadPoolExecutor.runWorker(ThreadPoolExecutor.java:1144)
	at java.base/java.util.concurrent.ThreadPoolExecutor$Worker.run(ThreadPoolExecutor.java:642)
	at java.base/java.lang.Thread.run(Thread.java:1583)
2025-02-19 06:38:23,502 [EventQueue-PipelineReportForPipelineReportHandler] ERROR pipeline.PipelineReportHandler (PipelineReportHandler.java:onMessage(95)) - Could not process pipeline report=pipelineID {
  id: "117721e1-84b0-442b-bd9d-b5b4ee72daef"
  uuid128 {
    mostSigBits: 1258511873350845483
    leastSigBits: -4783467440498353425
  }
}
isLeader: false
bytesWritten: 0
 from dn=49dd84ae-7ec9-4d92-bc53-345946144fea(localhost/127.0.0.1).
java.io.IOException: Datanode=49dd84ae-7ec9-4d92-bc53-345946144fea(localhost/127.0.0.1) not part of pipeline=PipelineID=117721e1-84b0-442b-bd9d-b5b4ee72daef
	at org.apache.hadoop.hdds.scm.pipeline.Pipeline.reportDatanode(Pipeline.java:336)
	at org.apache.hadoop.hdds.scm.pipeline.PipelineReportHandler.setReportedDatanode(PipelineReportHandler.java:154)
	at org.apache.hadoop.hdds.scm.pipeline.PipelineReportHandler.processPipelineReport(PipelineReportHandler.java:129)
	at org.apache.hadoop.hdds.scm.pipeline.PipelineReportHandler.onMessage(PipelineReportHandler.java:88)
	at org.apache.hadoop.hdds.scm.pipeline.PipelineReportHandler.onMessage(PipelineReportHandler.java:47)
	at org.apache.hadoop.hdds.server.events.SingleThreadExecutor.lambda$onMessage$1(SingleThreadExecutor.java:84)
	at java.base/java.util.concurrent.ThreadPoolExecutor.runWorker(ThreadPoolExecutor.java:1144)
	at java.base/java.util.concurrent.ThreadPoolExecutor$Worker.run(ThreadPoolExecutor.java:642)
	at java.base/java.lang.Thread.run(Thread.java:1583)
2025-02-19 06:38:23,577 [2fdf8a61-8d2a-4048-aa8e-d82d5837d34a@group-4434D0010B67-FollowerState] INFO  impl.FollowerState (FollowerState.java:runImpl(161)) - 2fdf8a61-8d2a-4048-aa8e-d82d5837d34a@group-4434D0010B67-FollowerState: change to CANDIDATE, lastRpcElapsedTime:5167041312ns, electionTimeout:5166ms
2025-02-19 06:38:23,577 [2fdf8a61-8d2a-4048-aa8e-d82d5837d34a@group-4434D0010B67-FollowerState] INFO  impl.RoleInfo (RoleInfo.java:shutdownFollowerState(121)) - 2fdf8a61-8d2a-4048-aa8e-d82d5837d34a: shutdown 2fdf8a61-8d2a-4048-aa8e-d82d5837d34a@group-4434D0010B67-FollowerState
2025-02-19 06:38:23,577 [2fdf8a61-8d2a-4048-aa8e-d82d5837d34a@group-4434D0010B67-FollowerState] INFO  server.RaftServer$Division (RaftServerImpl.java:setRole(378)) - 2fdf8a61-8d2a-4048-aa8e-d82d5837d34a@group-4434D0010B67: changes role from  FOLLOWER to CANDIDATE at term 0 for changeToCandidate
2025-02-19 06:38:23,577 [2fdf8a61-8d2a-4048-aa8e-d82d5837d34a@group-4434D0010B67-FollowerState] INFO  server.RaftServerConfigKeys (ConfUtils.java:logGet(46)) - raft.server.leaderelection.pre-vote = true (default)
2025-02-19 06:38:23,577 [2fdf8a61-8d2a-4048-aa8e-d82d5837d34a@group-4434D0010B67-FollowerState] INFO  impl.RoleInfo (RoleInfo.java:updateAndGet(148)) - 2fdf8a61-8d2a-4048-aa8e-d82d5837d34a: start 2fdf8a61-8d2a-4048-aa8e-d82d5837d34a@group-4434D0010B67-LeaderElection37
2025-02-19 06:38:23,578 [2fdf8a61-8d2a-4048-aa8e-d82d5837d34a@group-4434D0010B67-LeaderElection37] INFO  impl.LeaderElection (LeaderElection.java:askForVotes(332)) - 2fdf8a61-8d2a-4048-aa8e-d82d5837d34a@group-4434D0010B67-LeaderElection37 PRE_VOTE round 0: submit vote requests at term 0 for conf: {index: -1, cur=peers:[49dd84ae-7ec9-4d92-bc53-345946144fea|127.0.0.1:15016, 2fdf8a61-8d2a-4048-aa8e-d82d5837d34a|127.0.0.1:15061, eb965ba7-12a8-46f3-92c0-bc6ff5b3bf3b|127.0.0.1:15034]|listeners:[], old=null}
2025-02-19 06:38:23,578 [2fdf8a61-8d2a-4048-aa8e-d82d5837d34a@group-4434D0010B67-LeaderElection37-1] INFO  server.GrpcServerProtocolClient (GrpcServerProtocolClient.java:<init>(65)) - Build channel for 49dd84ae-7ec9-4d92-bc53-345946144fea|127.0.0.1:15016
2025-02-19 06:38:23,578 [2fdf8a61-8d2a-4048-aa8e-d82d5837d34a@group-4434D0010B67-LeaderElection37-2] INFO  server.GrpcServerProtocolClient (GrpcServerProtocolClient.java:<init>(65)) - Build channel for eb965ba7-12a8-46f3-92c0-bc6ff5b3bf3b|127.0.0.1:15034
2025-02-19 06:38:23,578 [2fdf8a61-8d2a-4048-aa8e-d82d5837d34a@group-4434D0010B67-LeaderElection37] INFO  server.RaftServerConfigKeys (ConfUtils.java:logFallback(53)) - raft.server.rpc.first-election.timeout.min = 5s (fallback to raft.server.rpc.timeout.min)
2025-02-19 06:38:23,578 [2fdf8a61-8d2a-4048-aa8e-d82d5837d34a@group-4434D0010B67-LeaderElection37] INFO  server.RaftServerConfigKeys (ConfUtils.java:logFallback(53)) - raft.server.rpc.first-election.timeout.max = 5200ms (fallback to raft.server.rpc.timeout.max)
2025-02-19 06:38:23,582 [grpc-default-executor-8] INFO  server.RaftServer$Division (RaftServerImpl.java:requestVote(1407)) - eb965ba7-12a8-46f3-92c0-bc6ff5b3bf3b@group-4434D0010B67: receive requestVote(PRE_VOTE, 2fdf8a61-8d2a-4048-aa8e-d82d5837d34a, group-4434D0010B67, 0, (t:0, i:0))
2025-02-19 06:38:23,582 [grpc-default-executor-7] INFO  server.RaftServer$Division (RaftServerImpl.java:requestVote(1407)) - 49dd84ae-7ec9-4d92-bc53-345946144fea@group-4434D0010B67: receive requestVote(PRE_VOTE, 2fdf8a61-8d2a-4048-aa8e-d82d5837d34a, group-4434D0010B67, 0, (t:0, i:0))
2025-02-19 06:38:23,582 [grpc-default-executor-8] INFO  impl.VoteContext (VoteContext.java:log(49)) - eb965ba7-12a8-46f3-92c0-bc6ff5b3bf3b@group-4434D0010B67-FOLLOWER: accept PRE_VOTE from 2fdf8a61-8d2a-4048-aa8e-d82d5837d34a: our priority 0 <= candidate's priority 1
2025-02-19 06:38:23,582 [grpc-default-executor-8] INFO  server.RaftServer$Division (RaftServerImpl.java:requestVote(1441)) - eb965ba7-12a8-46f3-92c0-bc6ff5b3bf3b@group-4434D0010B67 replies to PRE_VOTE vote request: 2fdf8a61-8d2a-4048-aa8e-d82d5837d34a<-eb965ba7-12a8-46f3-92c0-bc6ff5b3bf3b#0:OK-t0. Peer's state: eb965ba7-12a8-46f3-92c0-bc6ff5b3bf3b@group-4434D0010B67:t0, leader=null, voted=, raftlog=Memoized:eb965ba7-12a8-46f3-92c0-bc6ff5b3bf3b@group-4434D0010B67-SegmentedRaftLog:OPENED:c-1:lastnull, conf=conf: {index: -1, cur=peers:[49dd84ae-7ec9-4d92-bc53-345946144fea|127.0.0.1:15016, 2fdf8a61-8d2a-4048-aa8e-d82d5837d34a|127.0.0.1:15061, eb965ba7-12a8-46f3-92c0-bc6ff5b3bf3b|127.0.0.1:15034]|listeners:[], old=null}
2025-02-19 06:38:23,582 [grpc-default-executor-7] INFO  impl.VoteContext (VoteContext.java:log(49)) - 49dd84ae-7ec9-4d92-bc53-345946144fea@group-4434D0010B67-FOLLOWER: accept PRE_VOTE from 2fdf8a61-8d2a-4048-aa8e-d82d5837d34a: our priority 0 <= candidate's priority 1
2025-02-19 06:38:23,582 [grpc-default-executor-7] INFO  server.RaftServer$Division (RaftServerImpl.java:requestVote(1441)) - 49dd84ae-7ec9-4d92-bc53-345946144fea@group-4434D0010B67 replies to PRE_VOTE vote request: 2fdf8a61-8d2a-4048-aa8e-d82d5837d34a<-49dd84ae-7ec9-4d92-bc53-345946144fea#0:OK-t0. Peer's state: 49dd84ae-7ec9-4d92-bc53-345946144fea@group-4434D0010B67:t0, leader=null, voted=, raftlog=Memoized:49dd84ae-7ec9-4d92-bc53-345946144fea@group-4434D0010B67-SegmentedRaftLog:OPENED:c-1:lastnull, conf=conf: {index: -1, cur=peers:[49dd84ae-7ec9-4d92-bc53-345946144fea|127.0.0.1:15016, 2fdf8a61-8d2a-4048-aa8e-d82d5837d34a|127.0.0.1:15061, eb965ba7-12a8-46f3-92c0-bc6ff5b3bf3b|127.0.0.1:15034]|listeners:[], old=null}
2025-02-19 06:38:23,583 [2fdf8a61-8d2a-4048-aa8e-d82d5837d34a@group-4434D0010B67-LeaderElection37] INFO  impl.LeaderElection (LeaderElection.java:logAndReturn(90)) - 2fdf8a61-8d2a-4048-aa8e-d82d5837d34a@group-4434D0010B67-LeaderElection37: PRE_VOTE PASSED received 1 response(s) and 0 exception(s):
2025-02-19 06:38:23,583 [2fdf8a61-8d2a-4048-aa8e-d82d5837d34a@group-4434D0010B67-LeaderElection37] INFO  impl.LeaderElection (LeaderElection.java:logAndReturn(94)) -   Response 0: 2fdf8a61-8d2a-4048-aa8e-d82d5837d34a<-49dd84ae-7ec9-4d92-bc53-345946144fea#0:OK-t0
2025-02-19 06:38:23,583 [2fdf8a61-8d2a-4048-aa8e-d82d5837d34a@group-4434D0010B67-LeaderElection37] INFO  impl.LeaderElection (LeaderElection.java:askForVotes(334)) - 2fdf8a61-8d2a-4048-aa8e-d82d5837d34a@group-4434D0010B67-LeaderElection37 PRE_VOTE round 0: result PASSED
2025-02-19 06:38:23,585 [2fdf8a61-8d2a-4048-aa8e-d82d5837d34a@group-4434D0010B67-LeaderElection37] INFO  impl.LeaderElection (LeaderElection.java:askForVotes(332)) - 2fdf8a61-8d2a-4048-aa8e-d82d5837d34a@group-4434D0010B67-LeaderElection37 ELECTION round 0: submit vote requests at term 1 for conf: {index: -1, cur=peers:[49dd84ae-7ec9-4d92-bc53-345946144fea|127.0.0.1:15016, 2fdf8a61-8d2a-4048-aa8e-d82d5837d34a|127.0.0.1:15061, eb965ba7-12a8-46f3-92c0-bc6ff5b3bf3b|127.0.0.1:15034]|listeners:[], old=null}
2025-02-19 06:38:23,585 [2fdf8a61-8d2a-4048-aa8e-d82d5837d34a@group-4434D0010B67-LeaderElection37] INFO  server.RaftServerConfigKeys (ConfUtils.java:logFallback(53)) - raft.server.rpc.first-election.timeout.min = 5s (fallback to raft.server.rpc.timeout.min)
2025-02-19 06:38:23,585 [2fdf8a61-8d2a-4048-aa8e-d82d5837d34a@group-4434D0010B67-LeaderElection37] INFO  server.RaftServerConfigKeys (ConfUtils.java:logFallback(53)) - raft.server.rpc.first-election.timeout.max = 5200ms (fallback to raft.server.rpc.timeout.max)
2025-02-19 06:38:23,586 [grpc-default-executor-8] INFO  server.RaftServer$Division (RaftServerImpl.java:requestVote(1407)) - eb965ba7-12a8-46f3-92c0-bc6ff5b3bf3b@group-4434D0010B67: receive requestVote(ELECTION, 2fdf8a61-8d2a-4048-aa8e-d82d5837d34a, group-4434D0010B67, 1, (t:0, i:0))
2025-02-19 06:38:23,586 [grpc-default-executor-7] INFO  server.RaftServer$Division (RaftServerImpl.java:requestVote(1407)) - 49dd84ae-7ec9-4d92-bc53-345946144fea@group-4434D0010B67: receive requestVote(ELECTION, 2fdf8a61-8d2a-4048-aa8e-d82d5837d34a, group-4434D0010B67, 1, (t:0, i:0))
2025-02-19 06:38:23,586 [grpc-default-executor-7] INFO  impl.VoteContext (VoteContext.java:log(49)) - 49dd84ae-7ec9-4d92-bc53-345946144fea@group-4434D0010B67-FOLLOWER: accept ELECTION from 2fdf8a61-8d2a-4048-aa8e-d82d5837d34a: our priority 0 <= candidate's priority 1
2025-02-19 06:38:23,586 [grpc-default-executor-7] INFO  server.RaftServer$Division (RaftServerImpl.java:setRole(378)) - 49dd84ae-7ec9-4d92-bc53-345946144fea@group-4434D0010B67: changes role from  FOLLOWER to FOLLOWER at term 0 for candidate:2fdf8a61-8d2a-4048-aa8e-d82d5837d34a
2025-02-19 06:38:23,586 [grpc-default-executor-7] INFO  impl.RoleInfo (RoleInfo.java:shutdownFollowerState(121)) - 49dd84ae-7ec9-4d92-bc53-345946144fea: shutdown 49dd84ae-7ec9-4d92-bc53-345946144fea@group-4434D0010B67-FollowerState
2025-02-19 06:38:23,586 [grpc-default-executor-7] INFO  impl.RoleInfo (RoleInfo.java:updateAndGet(148)) - 49dd84ae-7ec9-4d92-bc53-345946144fea: start 49dd84ae-7ec9-4d92-bc53-345946144fea@group-4434D0010B67-FollowerState
2025-02-19 06:38:23,586 [grpc-default-executor-8] INFO  impl.VoteContext (VoteContext.java:log(49)) - eb965ba7-12a8-46f3-92c0-bc6ff5b3bf3b@group-4434D0010B67-FOLLOWER: accept ELECTION from 2fdf8a61-8d2a-4048-aa8e-d82d5837d34a: our priority 0 <= candidate's priority 1
2025-02-19 06:38:23,586 [grpc-default-executor-8] INFO  server.RaftServer$Division (RaftServerImpl.java:setRole(378)) - eb965ba7-12a8-46f3-92c0-bc6ff5b3bf3b@group-4434D0010B67: changes role from  FOLLOWER to FOLLOWER at term 0 for candidate:2fdf8a61-8d2a-4048-aa8e-d82d5837d34a
2025-02-19 06:38:23,586 [grpc-default-executor-8] INFO  impl.RoleInfo (RoleInfo.java:shutdownFollowerState(121)) - eb965ba7-12a8-46f3-92c0-bc6ff5b3bf3b: shutdown eb965ba7-12a8-46f3-92c0-bc6ff5b3bf3b@group-4434D0010B67-FollowerState
2025-02-19 06:38:23,586 [49dd84ae-7ec9-4d92-bc53-345946144fea@group-4434D0010B67-FollowerState] INFO  impl.FollowerState (FollowerState.java:runImpl(170)) - 49dd84ae-7ec9-4d92-bc53-345946144fea@group-4434D0010B67-FollowerState was interrupted
2025-02-19 06:38:23,586 [grpc-default-executor-8] INFO  impl.RoleInfo (RoleInfo.java:updateAndGet(148)) - eb965ba7-12a8-46f3-92c0-bc6ff5b3bf3b: start eb965ba7-12a8-46f3-92c0-bc6ff5b3bf3b@group-4434D0010B67-FollowerState
2025-02-19 06:38:23,587 [eb965ba7-12a8-46f3-92c0-bc6ff5b3bf3b@group-4434D0010B67-FollowerState] INFO  impl.FollowerState (FollowerState.java:runImpl(170)) - eb965ba7-12a8-46f3-92c0-bc6ff5b3bf3b@group-4434D0010B67-FollowerState was interrupted
2025-02-19 06:38:23,587 [grpc-default-executor-8] INFO  server.RaftServer$Division (RaftServerImpl.java:setFirstElection(562)) - eb965ba7-12a8-46f3-92c0-bc6ff5b3bf3b@group-4434D0010B67: set firstElectionSinceStartup to false for candidate:2fdf8a61-8d2a-4048-aa8e-d82d5837d34a
2025-02-19 06:38:23,587 [grpc-default-executor-7] INFO  server.RaftServer$Division (RaftServerImpl.java:requestVote(1441)) - 49dd84ae-7ec9-4d92-bc53-345946144fea@group-4434D0010B67 replies to ELECTION vote request: 2fdf8a61-8d2a-4048-aa8e-d82d5837d34a<-49dd84ae-7ec9-4d92-bc53-345946144fea#0:OK-t1. Peer's state: 49dd84ae-7ec9-4d92-bc53-345946144fea@group-4434D0010B67:t1, leader=null, voted=2fdf8a61-8d2a-4048-aa8e-d82d5837d34a, raftlog=Memoized:49dd84ae-7ec9-4d92-bc53-345946144fea@group-4434D0010B67-SegmentedRaftLog:OPENED:c-1:lastnull, conf=conf: {index: -1, cur=peers:[49dd84ae-7ec9-4d92-bc53-345946144fea|127.0.0.1:15016, 2fdf8a61-8d2a-4048-aa8e-d82d5837d34a|127.0.0.1:15061, eb965ba7-12a8-46f3-92c0-bc6ff5b3bf3b|127.0.0.1:15034]|listeners:[], old=null}
2025-02-19 06:38:23,588 [2fdf8a61-8d2a-4048-aa8e-d82d5837d34a@group-4434D0010B67-LeaderElection37] INFO  impl.LeaderElection (LeaderElection.java:logAndReturn(90)) - 2fdf8a61-8d2a-4048-aa8e-d82d5837d34a@group-4434D0010B67-LeaderElection37: ELECTION PASSED received 1 response(s) and 0 exception(s):
2025-02-19 06:38:23,588 [2fdf8a61-8d2a-4048-aa8e-d82d5837d34a@group-4434D0010B67-LeaderElection37] INFO  impl.LeaderElection (LeaderElection.java:logAndReturn(94)) -   Response 0: 2fdf8a61-8d2a-4048-aa8e-d82d5837d34a<-49dd84ae-7ec9-4d92-bc53-345946144fea#0:OK-t1
2025-02-19 06:38:23,588 [2fdf8a61-8d2a-4048-aa8e-d82d5837d34a@group-4434D0010B67-LeaderElection37] INFO  impl.LeaderElection (LeaderElection.java:askForVotes(334)) - 2fdf8a61-8d2a-4048-aa8e-d82d5837d34a@group-4434D0010B67-LeaderElection37 ELECTION round 0: result PASSED
2025-02-19 06:38:23,588 [2fdf8a61-8d2a-4048-aa8e-d82d5837d34a@group-4434D0010B67-LeaderElection37] INFO  impl.RoleInfo (RoleInfo.java:shutdownLeaderElection(141)) - 2fdf8a61-8d2a-4048-aa8e-d82d5837d34a: shutdown 2fdf8a61-8d2a-4048-aa8e-d82d5837d34a@group-4434D0010B67-LeaderElection37
2025-02-19 06:38:23,588 [2fdf8a61-8d2a-4048-aa8e-d82d5837d34a@group-4434D0010B67-LeaderElection37] INFO  server.RaftServer$Division (RaftServerImpl.java:setRole(378)) - 2fdf8a61-8d2a-4048-aa8e-d82d5837d34a@group-4434D0010B67: changes role from CANDIDATE to LEADER at term 1 for changeToLeader
2025-02-19 06:38:23,588 [2fdf8a61-8d2a-4048-aa8e-d82d5837d34a@group-4434D0010B67-LeaderElection37] INFO  server.RaftServerConfigKeys (ConfUtils.java:logGet(46)) - raft.server.staging.catchup.gap = 1000 (default)
2025-02-19 06:38:23,588 [grpc-default-executor-8] INFO  server.RaftServer$Division (RaftServerImpl.java:requestVote(1441)) - eb965ba7-12a8-46f3-92c0-bc6ff5b3bf3b@group-4434D0010B67 replies to ELECTION vote request: 2fdf8a61-8d2a-4048-aa8e-d82d5837d34a<-eb965ba7-12a8-46f3-92c0-bc6ff5b3bf3b#0:OK-t1. Peer's state: eb965ba7-12a8-46f3-92c0-bc6ff5b3bf3b@group-4434D0010B67:t1, leader=null, voted=2fdf8a61-8d2a-4048-aa8e-d82d5837d34a, raftlog=Memoized:eb965ba7-12a8-46f3-92c0-bc6ff5b3bf3b@group-4434D0010B67-SegmentedRaftLog:OPENED:c-1:lastnull, conf=conf: {index: -1, cur=peers:[49dd84ae-7ec9-4d92-bc53-345946144fea|127.0.0.1:15016, 2fdf8a61-8d2a-4048-aa8e-d82d5837d34a|127.0.0.1:15061, eb965ba7-12a8-46f3-92c0-bc6ff5b3bf3b|127.0.0.1:15034]|listeners:[], old=null}
2025-02-19 06:38:23,588 [2fdf8a61-8d2a-4048-aa8e-d82d5837d34a@group-4434D0010B67-LeaderElection37] INFO  server.RaftServerConfigKeys (ConfUtils.java:logGet(46)) - raft.server.write.element-limit = 1024 (custom)
2025-02-19 06:38:23,588 [2fdf8a61-8d2a-4048-aa8e-d82d5837d34a@group-4434D0010B67-LeaderElection37] INFO  server.RaftServerConfigKeys (ConfUtils.java:logGet(46)) - raft.server.write.byte-limit = 1024 M (=1073741824) (custom)
2025-02-19 06:38:23,589 [2fdf8a61-8d2a-4048-aa8e-d82d5837d34a@group-4434D0010B67-LeaderElection37] INFO  server.RaftServerConfigKeys (ConfUtils.java:logGet(46)) - raft.server.watch.timeout = 10000ms (default)
2025-02-19 06:38:23,589 [2fdf8a61-8d2a-4048-aa8e-d82d5837d34a@group-4434D0010B67-LeaderElection37] INFO  server.RaftServerConfigKeys (ConfUtils.java:logGet(46)) - raft.server.watch.timeout.denomination = 1s (default)
2025-02-19 06:38:23,589 [2fdf8a61-8d2a-4048-aa8e-d82d5837d34a@group-4434D0010B67-LeaderElection37] INFO  server.RaftServerConfigKeys (ConfUtils.java:logGet(46)) - raft.server.watch.element-limit = 65536 (default)
2025-02-19 06:38:23,589 [2fdf8a61-8d2a-4048-aa8e-d82d5837d34a@group-4434D0010B67-LeaderElection37] INFO  server.RaftServerConfigKeys (ConfUtils.java:logGet(46)) - raft.server.read.leader.lease.enabled = false (default)
2025-02-19 06:38:23,589 [2fdf8a61-8d2a-4048-aa8e-d82d5837d34a@group-4434D0010B67-LeaderElection37] INFO  server.RaftServerConfigKeys (ConfUtils.java:logGet(46)) - raft.server.read.leader.lease.timeout.ratio = 0.9 (default)
2025-02-19 06:38:23,589 [2fdf8a61-8d2a-4048-aa8e-d82d5837d34a@group-4434D0010B67-LeaderElection37] INFO  server.RaftServerConfigKeys (ConfUtils.java:logGet(46)) - raft.server.rpc.timeout.min = 5s (custom)
2025-02-19 06:38:23,590 [2fdf8a61-8d2a-4048-aa8e-d82d5837d34a@group-4434D0010B67-LeaderElection37] INFO  server.RaftServerConfigKeys (ConfUtils.java:logGet(46)) - raft.server.log.log-metadata.enabled = true (default)
2025-02-19 06:38:23,590 [2fdf8a61-8d2a-4048-aa8e-d82d5837d34a@group-4434D0010B67-LeaderElection37] INFO  server.RaftServerConfigKeys (ConfUtils.java:logGet(46)) - raft.server.write.element-limit = 1024 (custom)
2025-02-19 06:38:23,590 [2fdf8a61-8d2a-4048-aa8e-d82d5837d34a@group-4434D0010B67-LeaderElection37] INFO  server.RaftServerConfigKeys (ConfUtils.java:logGet(46)) - raft.server.write.follower.gap.ratio.max = -1.0 (default)
2025-02-19 06:38:23,590 [2fdf8a61-8d2a-4048-aa8e-d82d5837d34a@group-4434D0010B67-LeaderElection37] INFO  server.RaftServerConfigKeys (ConfUtils.java:logGet(46)) - raft.server.log.appender.snapshot.chunk.size.max = 16MB (=16777216) (default)
2025-02-19 06:38:23,590 [2fdf8a61-8d2a-4048-aa8e-d82d5837d34a@group-4434D0010B67-LeaderElection37] INFO  server.RaftServerConfigKeys (ConfUtils.java:logGet(46)) - raft.server.log.appender.buffer.byte-limit = 33554432 (custom)
2025-02-19 06:38:23,590 [2fdf8a61-8d2a-4048-aa8e-d82d5837d34a@group-4434D0010B67-LeaderElection37] INFO  server.RaftServerConfigKeys (ConfUtils.java:logGet(46)) - raft.server.log.appender.buffer.element-limit = 1024 (custom)
2025-02-19 06:38:23,590 [2fdf8a61-8d2a-4048-aa8e-d82d5837d34a@group-4434D0010B67-LeaderElection37] INFO  server.RaftServerConfigKeys (ConfUtils.java:logGet(46)) - raft.server.log.appender.wait-time.min = 0ms (custom)
2025-02-19 06:38:23,590 [2fdf8a61-8d2a-4048-aa8e-d82d5837d34a@group-4434D0010B67-LeaderElection37] INFO  grpc.GrpcConfigKeys (ConfUtils.java:logGet(46)) - raft.grpc.server.leader.outstanding.appends.max = 8 (default)
2025-02-19 06:38:23,591 [2fdf8a61-8d2a-4048-aa8e-d82d5837d34a@group-4434D0010B67-LeaderElection37] INFO  server.RaftServerConfigKeys (ConfUtils.java:logGet(46)) - raft.server.rpc.request.timeout = 3000ms (default)
2025-02-19 06:38:23,591 [2fdf8a61-8d2a-4048-aa8e-d82d5837d34a@group-4434D0010B67-LeaderElection37] INFO  grpc.GrpcConfigKeys (ConfUtils.java:logGet(46)) - raft.grpc.server.install_snapshot.request.element-limit = 8 (default)
2025-02-19 06:38:23,591 [2fdf8a61-8d2a-4048-aa8e-d82d5837d34a@group-4434D0010B67-LeaderElection37] INFO  grpc.GrpcConfigKeys (ConfUtils.java:logGet(46)) - raft.grpc.server.install_snapshot.request.timeout = 3000ms (default)
2025-02-19 06:38:23,591 [2fdf8a61-8d2a-4048-aa8e-d82d5837d34a@group-4434D0010B67-LeaderElection37] INFO  grpc.GrpcConfigKeys (ConfUtils.java:logGet(46)) - raft.grpc.server.log-message.batch.duration = 5s (default)
2025-02-19 06:38:23,591 [2fdf8a61-8d2a-4048-aa8e-d82d5837d34a@group-4434D0010B67-LeaderElection37] INFO  server.RaftServerConfigKeys (ConfUtils.java:logGet(46)) - raft.server.log.appender.install.snapshot.enabled = false (custom)
2025-02-19 06:38:23,591 [2fdf8a61-8d2a-4048-aa8e-d82d5837d34a@group-4434D0010B67-LeaderElection37] INFO  grpc.GrpcConfigKeys (ConfUtils.java:logGet(46)) - raft.grpc.server.heartbeat.channel = true (default)
2025-02-19 06:38:23,592 [2fdf8a61-8d2a-4048-aa8e-d82d5837d34a@group-4434D0010B67-LeaderElection37] INFO  server.RaftServerConfigKeys (ConfUtils.java:logGet(46)) - raft.server.log.appender.snapshot.chunk.size.max = 16MB (=16777216) (default)
2025-02-19 06:38:23,592 [2fdf8a61-8d2a-4048-aa8e-d82d5837d34a@group-4434D0010B67-LeaderElection37] INFO  server.RaftServerConfigKeys (ConfUtils.java:logGet(46)) - raft.server.log.appender.buffer.byte-limit = 33554432 (custom)
2025-02-19 06:38:23,592 [2fdf8a61-8d2a-4048-aa8e-d82d5837d34a@group-4434D0010B67-LeaderElection37] INFO  server.RaftServerConfigKeys (ConfUtils.java:logGet(46)) - raft.server.log.appender.buffer.element-limit = 1024 (custom)
2025-02-19 06:38:23,592 [2fdf8a61-8d2a-4048-aa8e-d82d5837d34a@group-4434D0010B67-LeaderElection37] INFO  server.RaftServerConfigKeys (ConfUtils.java:logGet(46)) - raft.server.log.appender.wait-time.min = 0ms (custom)
2025-02-19 06:38:23,592 [2fdf8a61-8d2a-4048-aa8e-d82d5837d34a@group-4434D0010B67-LeaderElection37] INFO  grpc.GrpcConfigKeys (ConfUtils.java:logGet(46)) - raft.grpc.server.leader.outstanding.appends.max = 8 (default)
2025-02-19 06:38:23,592 [2fdf8a61-8d2a-4048-aa8e-d82d5837d34a@group-4434D0010B67-LeaderElection37] INFO  server.RaftServerConfigKeys (ConfUtils.java:logGet(46)) - raft.server.rpc.request.timeout = 3000ms (default)
2025-02-19 06:38:23,592 [2fdf8a61-8d2a-4048-aa8e-d82d5837d34a@group-4434D0010B67-LeaderElection37] INFO  grpc.GrpcConfigKeys (ConfUtils.java:logGet(46)) - raft.grpc.server.install_snapshot.request.element-limit = 8 (default)
2025-02-19 06:38:23,592 [2fdf8a61-8d2a-4048-aa8e-d82d5837d34a@group-4434D0010B67-LeaderElection37] INFO  grpc.GrpcConfigKeys (ConfUtils.java:logGet(46)) - raft.grpc.server.install_snapshot.request.timeout = 3000ms (default)
2025-02-19 06:38:23,592 [2fdf8a61-8d2a-4048-aa8e-d82d5837d34a@group-4434D0010B67-LeaderElection37] INFO  grpc.GrpcConfigKeys (ConfUtils.java:logGet(46)) - raft.grpc.server.log-message.batch.duration = 5s (default)
2025-02-19 06:38:23,592 [2fdf8a61-8d2a-4048-aa8e-d82d5837d34a@group-4434D0010B67-LeaderElection37] INFO  server.RaftServerConfigKeys (ConfUtils.java:logGet(46)) - raft.server.log.appender.install.snapshot.enabled = false (custom)
2025-02-19 06:38:23,592 [2fdf8a61-8d2a-4048-aa8e-d82d5837d34a@group-4434D0010B67-LeaderElection37] INFO  grpc.GrpcConfigKeys (ConfUtils.java:logGet(46)) - raft.grpc.server.heartbeat.channel = true (default)
2025-02-19 06:38:23,592 [2fdf8a61-8d2a-4048-aa8e-d82d5837d34a@group-4434D0010B67-LeaderElection37] INFO  impl.RoleInfo (RoleInfo.java:updateAndGet(148)) - 2fdf8a61-8d2a-4048-aa8e-d82d5837d34a: start 2fdf8a61-8d2a-4048-aa8e-d82d5837d34a@group-4434D0010B67-LeaderStateImpl
2025-02-19 06:38:23,592 [2fdf8a61-8d2a-4048-aa8e-d82d5837d34a@group-4434D0010B67-LeaderElection37] INFO  server.RaftServer$Division (RaftServerImpl.java:setFirstElection(562)) - 2fdf8a61-8d2a-4048-aa8e-d82d5837d34a@group-4434D0010B67: set firstElectionSinceStartup to false for becomeLeader
2025-02-19 06:38:23,593 [2fdf8a61-8d2a-4048-aa8e-d82d5837d34a@group-4434D0010B67-LeaderElection37] INFO  ratis.XceiverServerRatis (XceiverServerRatis.java:handleLeaderChangedNotification(941)) - Leader change notification received for group: group-4434D0010B67 with new leaderId: 2fdf8a61-8d2a-4048-aa8e-d82d5837d34a
2025-02-19 06:38:23,593 [2fdf8a61-8d2a-4048-aa8e-d82d5837d34a@group-4434D0010B67-LeaderElection37] INFO  server.RaftServer$Division (ServerState.java:setLeader(272)) - 2fdf8a61-8d2a-4048-aa8e-d82d5837d34a@group-4434D0010B67: change Leader from null to 2fdf8a61-8d2a-4048-aa8e-d82d5837d34a at term 1 for becomeLeader, leader elected after 5195ms
2025-02-19 06:38:23,593 [2fdf8a61-8d2a-4048-aa8e-d82d5837d34a@group-4434D0010B67-LeaderElection37] INFO  segmented.SegmentedRaftLogWorker (SegmentedRaftLogWorker.java:startLogSegment(438)) - 2fdf8a61-8d2a-4048-aa8e-d82d5837d34a@group-4434D0010B67-SegmentedRaftLogWorker: Starting segment from index:0
2025-02-19 06:38:23,593 [2fdf8a61-8d2a-4048-aa8e-d82d5837d34a@group-4434D0010B67-LeaderElection37] INFO  server.RaftServer$Division (ServerState.java:setRaftConf(386)) - 2fdf8a61-8d2a-4048-aa8e-d82d5837d34a@group-4434D0010B67: set configuration conf: {index: 0, cur=peers:[49dd84ae-7ec9-4d92-bc53-345946144fea|127.0.0.1:15016, 2fdf8a61-8d2a-4048-aa8e-d82d5837d34a|127.0.0.1:15061, eb965ba7-12a8-46f3-92c0-bc6ff5b3bf3b|127.0.0.1:15034]|listeners:[], old=null}
2025-02-19 06:38:23,593 [2fdf8a61-8d2a-4048-aa8e-d82d5837d34a@group-4434D0010B67-SegmentedRaftLogWorker] INFO  segmented.BufferedWriteChannel (BufferedWriteChannel.java:open(61)) - open log_inprogress_0 at position 0
2025-02-19 06:38:23,598 [49dd84ae-7ec9-4d92-bc53-345946144fea-server-thread1] INFO  ratis.XceiverServerRatis (XceiverServerRatis.java:handleLeaderChangedNotification(941)) - Leader change notification received for group: group-4434D0010B67 with new leaderId: 2fdf8a61-8d2a-4048-aa8e-d82d5837d34a
2025-02-19 06:38:23,599 [49dd84ae-7ec9-4d92-bc53-345946144fea-server-thread1] INFO  server.RaftServer$Division (ServerState.java:setLeader(272)) - 49dd84ae-7ec9-4d92-bc53-345946144fea@group-4434D0010B67: change Leader from null to 2fdf8a61-8d2a-4048-aa8e-d82d5837d34a at term 1 for appendEntries, leader elected after 5227ms
2025-02-19 06:38:23,599 [EventQueue-PipelineReportForPipelineReportHandler] INFO  pipeline.PipelineReportHandler (PipelineReportHandler.java:processPipelineReport(141)) - Opened pipeline PipelineID=9e19a5d8-8434-42f4-93b5-4434d0010b67
2025-02-19 06:38:23,599 [49dd84ae-7ec9-4d92-bc53-345946144fea-server-thread1] INFO  server.RaftServer$Division (ServerState.java:setRaftConf(386)) - 49dd84ae-7ec9-4d92-bc53-345946144fea@group-4434D0010B67: set configuration conf: {index: 0, cur=peers:[49dd84ae-7ec9-4d92-bc53-345946144fea|127.0.0.1:15016, 2fdf8a61-8d2a-4048-aa8e-d82d5837d34a|127.0.0.1:15061, eb965ba7-12a8-46f3-92c0-bc6ff5b3bf3b|127.0.0.1:15034]|listeners:[], old=null}
2025-02-19 06:38:23,599 [49dd84ae-7ec9-4d92-bc53-345946144fea-server-thread1] INFO  segmented.SegmentedRaftLogWorker (SegmentedRaftLogWorker.java:startLogSegment(438)) - 49dd84ae-7ec9-4d92-bc53-345946144fea@group-4434D0010B67-SegmentedRaftLogWorker: Starting segment from index:0
2025-02-19 06:38:23,599 [eb965ba7-12a8-46f3-92c0-bc6ff5b3bf3b-server-thread1] INFO  ratis.XceiverServerRatis (XceiverServerRatis.java:handleLeaderChangedNotification(941)) - Leader change notification received for group: group-4434D0010B67 with new leaderId: 2fdf8a61-8d2a-4048-aa8e-d82d5837d34a
2025-02-19 06:38:23,599 [eb965ba7-12a8-46f3-92c0-bc6ff5b3bf3b-server-thread1] INFO  server.RaftServer$Division (ServerState.java:setLeader(272)) - eb965ba7-12a8-46f3-92c0-bc6ff5b3bf3b@group-4434D0010B67: change Leader from null to 2fdf8a61-8d2a-4048-aa8e-d82d5837d34a at term 1 for appendEntries, leader elected after 5251ms
2025-02-19 06:38:23,600 [49dd84ae-7ec9-4d92-bc53-345946144fea@group-4434D0010B67-SegmentedRaftLogWorker] INFO  segmented.BufferedWriteChannel (BufferedWriteChannel.java:open(61)) - open log_inprogress_0 at position 0
2025-02-19 06:38:23,600 [eb965ba7-12a8-46f3-92c0-bc6ff5b3bf3b-server-thread2] INFO  server.RaftServer$Division (ServerState.java:setRaftConf(386)) - eb965ba7-12a8-46f3-92c0-bc6ff5b3bf3b@group-4434D0010B67: set configuration conf: {index: 0, cur=peers:[49dd84ae-7ec9-4d92-bc53-345946144fea|127.0.0.1:15016, 2fdf8a61-8d2a-4048-aa8e-d82d5837d34a|127.0.0.1:15061, eb965ba7-12a8-46f3-92c0-bc6ff5b3bf3b|127.0.0.1:15034]|listeners:[], old=null}
2025-02-19 06:38:23,601 [eb965ba7-12a8-46f3-92c0-bc6ff5b3bf3b-server-thread2] INFO  segmented.SegmentedRaftLogWorker (SegmentedRaftLogWorker.java:startLogSegment(438)) - eb965ba7-12a8-46f3-92c0-bc6ff5b3bf3b@group-4434D0010B67-SegmentedRaftLogWorker: Starting segment from index:0
2025-02-19 06:38:23,601 [eb965ba7-12a8-46f3-92c0-bc6ff5b3bf3b@group-4434D0010B67-SegmentedRaftLogWorker] INFO  segmented.BufferedWriteChannel (BufferedWriteChannel.java:open(61)) - open log_inprogress_0 at position 0
2025-02-19 06:38:23,606 [2fdf8a61-8d2a-4048-aa8e-d82d5837d34a@group-4434D0010B67-SegmentedRaftLogWorker] INFO  segmented.SegmentedRaftLogWorker (SegmentedRaftLogWorker.java:execute(644)) - 2fdf8a61-8d2a-4048-aa8e-d82d5837d34a@group-4434D0010B67-SegmentedRaftLogWorker: created new log segment /home/runner/work/ozone/ozone/hadoop-ozone/integration-test/target/test-dir/MiniOzoneClusterImpl-3e129c02-f7f1-4d32-bd92-d681932e2c0d/ozone-meta/datanode-6/ratis/9e19a5d8-8434-42f4-93b5-4434d0010b67/current/log_inprogress_0
2025-02-19 06:38:23,611 [49dd84ae-7ec9-4d92-bc53-345946144fea@group-4434D0010B67-SegmentedRaftLogWorker] INFO  segmented.SegmentedRaftLogWorker (SegmentedRaftLogWorker.java:execute(644)) - 49dd84ae-7ec9-4d92-bc53-345946144fea@group-4434D0010B67-SegmentedRaftLogWorker: created new log segment /home/runner/work/ozone/ozone/hadoop-ozone/integration-test/target/test-dir/MiniOzoneClusterImpl-3e129c02-f7f1-4d32-bd92-d681932e2c0d/ozone-meta/datanode-1/ratise7641bee-ff94-4353-808e-f526ce6eb8f2/9e19a5d8-8434-42f4-93b5-4434d0010b67/current/log_inprogress_0
2025-02-19 06:38:23,612 [eb965ba7-12a8-46f3-92c0-bc6ff5b3bf3b@group-4434D0010B67-SegmentedRaftLogWorker] INFO  segmented.SegmentedRaftLogWorker (SegmentedRaftLogWorker.java:execute(644)) - eb965ba7-12a8-46f3-92c0-bc6ff5b3bf3b@group-4434D0010B67-SegmentedRaftLogWorker: created new log segment /home/runner/work/ozone/ozone/hadoop-ozone/integration-test/target/test-dir/MiniOzoneClusterImpl-3e129c02-f7f1-4d32-bd92-d681932e2c0d/ozone-meta/datanode-3/ratis/9e19a5d8-8434-42f4-93b5-4434d0010b67/current/log_inprogress_0
2025-02-19 06:38:23,613 [2fdf8a61-8d2a-4048-aa8e-d82d5837d34a@group-4434D0010B67-StateMachineUpdater] INFO  server.RaftServer$Division (LeaderStateImpl.java:checkStartIndex(313)) - Leader 2fdf8a61-8d2a-4048-aa8e-d82d5837d34a@group-4434D0010B67-LeaderStateImpl is ready since appliedIndex == startIndex == 0
2025-02-19 06:38:23,613 [2fdf8a61-8d2a-4048-aa8e-d82d5837d34a@group-4434D0010B67-StateMachineUpdater] INFO  ratis.ContainerStateMachine (ContainerStateMachine.java:takeSnapshot(376)) - group-4434D0010B67: Taking a snapshot at:(t:1, i:0) file /home/runner/work/ozone/ozone/hadoop-ozone/integration-test/target/test-dir/MiniOzoneClusterImpl-3e129c02-f7f1-4d32-bd92-d681932e2c0d/ozone-meta/datanode-6/ratis/9e19a5d8-8434-42f4-93b5-4434d0010b67/sm/snapshot.1_0
2025-02-19 06:38:23,614 [2fdf8a61-8d2a-4048-aa8e-d82d5837d34a@group-4434D0010B67-StateMachineUpdater] INFO  ratis.ContainerStateMachine (ContainerStateMachine.java:takeSnapshot(387)) - group-4434D0010B67: Finished taking a snapshot at:(t:1, i:0) file:/home/runner/work/ozone/ozone/hadoop-ozone/integration-test/target/test-dir/MiniOzoneClusterImpl-3e129c02-f7f1-4d32-bd92-d681932e2c0d/ozone-meta/datanode-6/ratis/9e19a5d8-8434-42f4-93b5-4434d0010b67/sm/snapshot.1_0 took: 1 ms
2025-02-19 06:38:23,614 [2fdf8a61-8d2a-4048-aa8e-d82d5837d34a@group-4434D0010B67-StateMachineUpdater] INFO  impl.StateMachineUpdater (StateMachineUpdater.java:takeSnapshot(303)) - 2fdf8a61-8d2a-4048-aa8e-d82d5837d34a@group-4434D0010B67-StateMachineUpdater: Took a snapshot at index 0
2025-02-19 06:38:23,614 [2fdf8a61-8d2a-4048-aa8e-d82d5837d34a@group-4434D0010B67-StateMachineUpdater] INFO  impl.StateMachineUpdater (StateMachineUpdater.java:lambda$new$0(102)) - 2fdf8a61-8d2a-4048-aa8e-d82d5837d34a@group-4434D0010B67-StateMachineUpdater: snapshotIndex: updateIncreasingly -1 -> 0
2025-02-19 06:38:23,702 [EventQueue-PipelineReportForPipelineReportHandler] ERROR pipeline.PipelineReportHandler (PipelineReportHandler.java:onMessage(95)) - Could not process pipeline report=pipelineID {
  id: "f1258f91-374d-44ac-9d89-7bef1d680e9b"
  uuid128 {
    mostSigBits: -1070291482569784148
    leastSigBits: -7095003471024746853
  }
}
isLeader: false
bytesWritten: 0
 from dn=49dd84ae-7ec9-4d92-bc53-345946144fea(localhost/127.0.0.1).
java.io.IOException: Datanode=49dd84ae-7ec9-4d92-bc53-345946144fea(localhost/127.0.0.1) not part of pipeline=PipelineID=f1258f91-374d-44ac-9d89-7bef1d680e9b
	at org.apache.hadoop.hdds.scm.pipeline.Pipeline.reportDatanode(Pipeline.java:336)
	at org.apache.hadoop.hdds.scm.pipeline.PipelineReportHandler.setReportedDatanode(PipelineReportHandler.java:154)
	at org.apache.hadoop.hdds.scm.pipeline.PipelineReportHandler.processPipelineReport(PipelineReportHandler.java:129)
	at org.apache.hadoop.hdds.scm.pipeline.PipelineReportHandler.onMessage(PipelineReportHandler.java:88)
	at org.apache.hadoop.hdds.scm.pipeline.PipelineReportHandler.onMessage(PipelineReportHandler.java:47)
	at org.apache.hadoop.hdds.server.events.SingleThreadExecutor.lambda$onMessage$1(SingleThreadExecutor.java:84)
	at java.base/java.util.concurrent.ThreadPoolExecutor.runWorker(ThreadPoolExecutor.java:1144)
	at java.base/java.util.concurrent.ThreadPoolExecutor$Worker.run(ThreadPoolExecutor.java:642)
	at java.base/java.lang.Thread.run(Thread.java:1583)
2025-02-19 06:38:23,703 [EventQueue-PipelineReportForPipelineReportHandler] ERROR pipeline.PipelineReportHandler (PipelineReportHandler.java:onMessage(95)) - Could not process pipeline report=pipelineID {
  id: "117721e1-84b0-442b-bd9d-b5b4ee72daef"
  uuid128 {
    mostSigBits: 1258511873350845483
    leastSigBits: -4783467440498353425
  }
}
isLeader: false
bytesWritten: 0
 from dn=49dd84ae-7ec9-4d92-bc53-345946144fea(localhost/127.0.0.1).
java.io.IOException: Datanode=49dd84ae-7ec9-4d92-bc53-345946144fea(localhost/127.0.0.1) not part of pipeline=PipelineID=117721e1-84b0-442b-bd9d-b5b4ee72daef
	at org.apache.hadoop.hdds.scm.pipeline.Pipeline.reportDatanode(Pipeline.java:336)
	at org.apache.hadoop.hdds.scm.pipeline.PipelineReportHandler.setReportedDatanode(PipelineReportHandler.java:154)
	at org.apache.hadoop.hdds.scm.pipeline.PipelineReportHandler.processPipelineReport(PipelineReportHandler.java:129)
	at org.apache.hadoop.hdds.scm.pipeline.PipelineReportHandler.onMessage(PipelineReportHandler.java:88)
	at org.apache.hadoop.hdds.scm.pipeline.PipelineReportHandler.onMessage(PipelineReportHandler.java:47)
	at org.apache.hadoop.hdds.server.events.SingleThreadExecutor.lambda$onMessage$1(SingleThreadExecutor.java:84)
	at java.base/java.util.concurrent.ThreadPoolExecutor.runWorker(ThreadPoolExecutor.java:1144)
	at java.base/java.util.concurrent.ThreadPoolExecutor$Worker.run(ThreadPoolExecutor.java:642)
	at java.base/java.lang.Thread.run(Thread.java:1583)
2025-02-19 06:38:24,102 [EventQueue-PipelineReportForPipelineReportHandler] ERROR pipeline.PipelineReportHandler (PipelineReportHandler.java:onMessage(95)) - Could not process pipeline report=pipelineID {
  id: "f1258f91-374d-44ac-9d89-7bef1d680e9b"
  uuid128 {
    mostSigBits: -1070291482569784148
    leastSigBits: -7095003471024746853
  }
}
isLeader: false
bytesWritten: 0
 from dn=49dd84ae-7ec9-4d92-bc53-345946144fea(localhost/127.0.0.1).
java.io.IOException: Datanode=49dd84ae-7ec9-4d92-bc53-345946144fea(localhost/127.0.0.1) not part of pipeline=PipelineID=f1258f91-374d-44ac-9d89-7bef1d680e9b
	at org.apache.hadoop.hdds.scm.pipeline.Pipeline.reportDatanode(Pipeline.java:336)
	at org.apache.hadoop.hdds.scm.pipeline.PipelineReportHandler.setReportedDatanode(PipelineReportHandler.java:154)
	at org.apache.hadoop.hdds.scm.pipeline.PipelineReportHandler.processPipelineReport(PipelineReportHandler.java:129)
	at org.apache.hadoop.hdds.scm.pipeline.PipelineReportHandler.onMessage(PipelineReportHandler.java:88)
	at org.apache.hadoop.hdds.scm.pipeline.PipelineReportHandler.onMessage(PipelineReportHandler.java:47)
	at org.apache.hadoop.hdds.server.events.SingleThreadExecutor.lambda$onMessage$1(SingleThreadExecutor.java:84)
	at java.base/java.util.concurrent.ThreadPoolExecutor.runWorker(ThreadPoolExecutor.java:1144)
	at java.base/java.util.concurrent.ThreadPoolExecutor$Worker.run(ThreadPoolExecutor.java:642)
	at java.base/java.lang.Thread.run(Thread.java:1583)
2025-02-19 06:38:24,103 [EventQueue-PipelineReportForPipelineReportHandler] ERROR pipeline.PipelineReportHandler (PipelineReportHandler.java:onMessage(95)) - Could not process pipeline report=pipelineID {
  id: "117721e1-84b0-442b-bd9d-b5b4ee72daef"
  uuid128 {
    mostSigBits: 1258511873350845483
    leastSigBits: -4783467440498353425
  }
}
isLeader: false
bytesWritten: 0
 from dn=49dd84ae-7ec9-4d92-bc53-345946144fea(localhost/127.0.0.1).
java.io.IOException: Datanode=49dd84ae-7ec9-4d92-bc53-345946144fea(localhost/127.0.0.1) not part of pipeline=PipelineID=117721e1-84b0-442b-bd9d-b5b4ee72daef
	at org.apache.hadoop.hdds.scm.pipeline.Pipeline.reportDatanode(Pipeline.java:336)
	at org.apache.hadoop.hdds.scm.pipeline.PipelineReportHandler.setReportedDatanode(PipelineReportHandler.java:154)
	at org.apache.hadoop.hdds.scm.pipeline.PipelineReportHandler.processPipelineReport(PipelineReportHandler.java:129)
	at org.apache.hadoop.hdds.scm.pipeline.PipelineReportHandler.onMessage(PipelineReportHandler.java:88)
	at org.apache.hadoop.hdds.scm.pipeline.PipelineReportHandler.onMessage(PipelineReportHandler.java:47)
	at org.apache.hadoop.hdds.server.events.SingleThreadExecutor.lambda$onMessage$1(SingleThreadExecutor.java:84)
	at java.base/java.util.concurrent.ThreadPoolExecutor.runWorker(ThreadPoolExecutor.java:1144)
	at java.base/java.util.concurrent.ThreadPoolExecutor$Worker.run(ThreadPoolExecutor.java:642)
	at java.base/java.lang.Thread.run(Thread.java:1583)
2025-02-19 06:38:24,503 [EventQueue-PipelineReportForPipelineReportHandler] ERROR pipeline.PipelineReportHandler (PipelineReportHandler.java:onMessage(95)) - Could not process pipeline report=pipelineID {
  id: "f1258f91-374d-44ac-9d89-7bef1d680e9b"
  uuid128 {
    mostSigBits: -1070291482569784148
    leastSigBits: -7095003471024746853
  }
}
isLeader: false
bytesWritten: 0
 from dn=49dd84ae-7ec9-4d92-bc53-345946144fea(localhost/127.0.0.1).
java.io.IOException: Datanode=49dd84ae-7ec9-4d92-bc53-345946144fea(localhost/127.0.0.1) not part of pipeline=PipelineID=f1258f91-374d-44ac-9d89-7bef1d680e9b
	at org.apache.hadoop.hdds.scm.pipeline.Pipeline.reportDatanode(Pipeline.java:336)
	at org.apache.hadoop.hdds.scm.pipeline.PipelineReportHandler.setReportedDatanode(PipelineReportHandler.java:154)
	at org.apache.hadoop.hdds.scm.pipeline.PipelineReportHandler.processPipelineReport(PipelineReportHandler.java:129)
	at org.apache.hadoop.hdds.scm.pipeline.PipelineReportHandler.onMessage(PipelineReportHandler.java:88)
	at org.apache.hadoop.hdds.scm.pipeline.PipelineReportHandler.onMessage(PipelineReportHandler.java:47)
	at org.apache.hadoop.hdds.server.events.SingleThreadExecutor.lambda$onMessage$1(SingleThreadExecutor.java:84)
	at java.base/java.util.concurrent.ThreadPoolExecutor.runWorker(ThreadPoolExecutor.java:1144)
	at java.base/java.util.concurrent.ThreadPoolExecutor$Worker.run(ThreadPoolExecutor.java:642)
	at java.base/java.lang.Thread.run(Thread.java:1583)
2025-02-19 06:38:24,503 [EventQueue-PipelineReportForPipelineReportHandler] ERROR pipeline.PipelineReportHandler (PipelineReportHandler.java:onMessage(95)) - Could not process pipeline report=pipelineID {
  id: "117721e1-84b0-442b-bd9d-b5b4ee72daef"
  uuid128 {
    mostSigBits: 1258511873350845483
    leastSigBits: -4783467440498353425
  }
}
isLeader: false
bytesWritten: 0
 from dn=49dd84ae-7ec9-4d92-bc53-345946144fea(localhost/127.0.0.1).
java.io.IOException: Datanode=49dd84ae-7ec9-4d92-bc53-345946144fea(localhost/127.0.0.1) not part of pipeline=PipelineID=117721e1-84b0-442b-bd9d-b5b4ee72daef
	at org.apache.hadoop.hdds.scm.pipeline.Pipeline.reportDatanode(Pipeline.java:336)
	at org.apache.hadoop.hdds.scm.pipeline.PipelineReportHandler.setReportedDatanode(PipelineReportHandler.java:154)
	at org.apache.hadoop.hdds.scm.pipeline.PipelineReportHandler.processPipelineReport(PipelineReportHandler.java:129)
	at org.apache.hadoop.hdds.scm.pipeline.PipelineReportHandler.onMessage(PipelineReportHandler.java:88)
	at org.apache.hadoop.hdds.scm.pipeline.PipelineReportHandler.onMessage(PipelineReportHandler.java:47)
	at org.apache.hadoop.hdds.server.events.SingleThreadExecutor.lambda$onMessage$1(SingleThreadExecutor.java:84)
	at java.base/java.util.concurrent.ThreadPoolExecutor.runWorker(ThreadPoolExecutor.java:1144)
	at java.base/java.util.concurrent.ThreadPoolExecutor$Worker.run(ThreadPoolExecutor.java:642)
	at java.base/java.lang.Thread.run(Thread.java:1583)
2025-02-19 06:38:24,702 [EventQueue-PipelineReportForPipelineReportHandler] ERROR pipeline.PipelineReportHandler (PipelineReportHandler.java:onMessage(95)) - Could not process pipeline report=pipelineID {
  id: "f1258f91-374d-44ac-9d89-7bef1d680e9b"
  uuid128 {
    mostSigBits: -1070291482569784148
    leastSigBits: -7095003471024746853
  }
}
isLeader: false
bytesWritten: 0
 from dn=49dd84ae-7ec9-4d92-bc53-345946144fea(localhost/127.0.0.1).
java.io.IOException: Datanode=49dd84ae-7ec9-4d92-bc53-345946144fea(localhost/127.0.0.1) not part of pipeline=PipelineID=f1258f91-374d-44ac-9d89-7bef1d680e9b
	at org.apache.hadoop.hdds.scm.pipeline.Pipeline.reportDatanode(Pipeline.java:336)
	at org.apache.hadoop.hdds.scm.pipeline.PipelineReportHandler.setReportedDatanode(PipelineReportHandler.java:154)
	at org.apache.hadoop.hdds.scm.pipeline.PipelineReportHandler.processPipelineReport(PipelineReportHandler.java:129)
	at org.apache.hadoop.hdds.scm.pipeline.PipelineReportHandler.onMessage(PipelineReportHandler.java:88)
	at org.apache.hadoop.hdds.scm.pipeline.PipelineReportHandler.onMessage(PipelineReportHandler.java:47)
	at org.apache.hadoop.hdds.server.events.SingleThreadExecutor.lambda$onMessage$1(SingleThreadExecutor.java:84)
	at java.base/java.util.concurrent.ThreadPoolExecutor.runWorker(ThreadPoolExecutor.java:1144)
	at java.base/java.util.concurrent.ThreadPoolExecutor$Worker.run(ThreadPoolExecutor.java:642)
	at java.base/java.lang.Thread.run(Thread.java:1583)
2025-02-19 06:38:24,702 [EventQueue-PipelineReportForPipelineReportHandler] ERROR pipeline.PipelineReportHandler (PipelineReportHandler.java:onMessage(95)) - Could not process pipeline report=pipelineID {
  id: "117721e1-84b0-442b-bd9d-b5b4ee72daef"
  uuid128 {
    mostSigBits: 1258511873350845483
    leastSigBits: -4783467440498353425
  }
}
isLeader: false
bytesWritten: 0
 from dn=49dd84ae-7ec9-4d92-bc53-345946144fea(localhost/127.0.0.1).
java.io.IOException: Datanode=49dd84ae-7ec9-4d92-bc53-345946144fea(localhost/127.0.0.1) not part of pipeline=PipelineID=117721e1-84b0-442b-bd9d-b5b4ee72daef
	at org.apache.hadoop.hdds.scm.pipeline.Pipeline.reportDatanode(Pipeline.java:336)
	at org.apache.hadoop.hdds.scm.pipeline.PipelineReportHandler.setReportedDatanode(PipelineReportHandler.java:154)
	at org.apache.hadoop.hdds.scm.pipeline.PipelineReportHandler.processPipelineReport(PipelineReportHandler.java:129)
	at org.apache.hadoop.hdds.scm.pipeline.PipelineReportHandler.onMessage(PipelineReportHandler.java:88)
	at org.apache.hadoop.hdds.scm.pipeline.PipelineReportHandler.onMessage(PipelineReportHandler.java:47)
	at org.apache.hadoop.hdds.server.events.SingleThreadExecutor.lambda$onMessage$1(SingleThreadExecutor.java:84)
	at java.base/java.util.concurrent.ThreadPoolExecutor.runWorker(ThreadPoolExecutor.java:1144)
	at java.base/java.util.concurrent.ThreadPoolExecutor$Worker.run(ThreadPoolExecutor.java:642)
	at java.base/java.lang.Thread.run(Thread.java:1583)
2025-02-19 06:38:25,090 [e20a886d-0459-4371-959f-f9bdb6931571@group-3A2BF5D858B4-StateMachineUpdater] INFO  ratis.ContainerStateMachine (ContainerStateMachine.java:takeSnapshot(376)) - group-3A2BF5D858B4: Taking a snapshot at:(t:1, i:0) file /home/runner/work/ozone/ozone/hadoop-ozone/integration-test/target/test-dir/MiniOzoneClusterImpl-3e129c02-f7f1-4d32-bd92-d681932e2c0d/ozone-meta/datanode-8/ratis/63d7735b-966d-485e-83b9-3a2bf5d858b4/sm/snapshot.1_0
2025-02-19 06:38:25,091 [2dcfdddc-a76f-4d49-b174-7a2bddacee37@group-3A2BF5D858B4-StateMachineUpdater] INFO  ratis.ContainerStateMachine (ContainerStateMachine.java:takeSnapshot(376)) - group-3A2BF5D858B4: Taking a snapshot at:(t:1, i:0) file /home/runner/work/ozone/ozone/hadoop-ozone/integration-test/target/test-dir/MiniOzoneClusterImpl-3e129c02-f7f1-4d32-bd92-d681932e2c0d/ozone-meta/datanode-4/ratis/63d7735b-966d-485e-83b9-3a2bf5d858b4/sm/snapshot.1_0
2025-02-19 06:38:25,091 [e20a886d-0459-4371-959f-f9bdb6931571@group-3A2BF5D858B4-StateMachineUpdater] INFO  ratis.ContainerStateMachine (ContainerStateMachine.java:takeSnapshot(387)) - group-3A2BF5D858B4: Finished taking a snapshot at:(t:1, i:0) file:/home/runner/work/ozone/ozone/hadoop-ozone/integration-test/target/test-dir/MiniOzoneClusterImpl-3e129c02-f7f1-4d32-bd92-d681932e2c0d/ozone-meta/datanode-8/ratis/63d7735b-966d-485e-83b9-3a2bf5d858b4/sm/snapshot.1_0 took: 0 ms
2025-02-19 06:38:25,091 [2dcfdddc-a76f-4d49-b174-7a2bddacee37@group-3A2BF5D858B4-StateMachineUpdater] INFO  ratis.ContainerStateMachine (ContainerStateMachine.java:takeSnapshot(387)) - group-3A2BF5D858B4: Finished taking a snapshot at:(t:1, i:0) file:/home/runner/work/ozone/ozone/hadoop-ozone/integration-test/target/test-dir/MiniOzoneClusterImpl-3e129c02-f7f1-4d32-bd92-d681932e2c0d/ozone-meta/datanode-4/ratis/63d7735b-966d-485e-83b9-3a2bf5d858b4/sm/snapshot.1_0 took: 0 ms
2025-02-19 06:38:25,091 [2dcfdddc-a76f-4d49-b174-7a2bddacee37@group-3A2BF5D858B4-StateMachineUpdater] INFO  impl.StateMachineUpdater (StateMachineUpdater.java:takeSnapshot(303)) - 2dcfdddc-a76f-4d49-b174-7a2bddacee37@group-3A2BF5D858B4-StateMachineUpdater: Took a snapshot at index 0
2025-02-19 06:38:25,091 [2dcfdddc-a76f-4d49-b174-7a2bddacee37@group-3A2BF5D858B4-StateMachineUpdater] INFO  impl.StateMachineUpdater (StateMachineUpdater.java:lambda$new$0(102)) - 2dcfdddc-a76f-4d49-b174-7a2bddacee37@group-3A2BF5D858B4-StateMachineUpdater: snapshotIndex: updateIncreasingly -1 -> 0
2025-02-19 06:38:25,091 [e20a886d-0459-4371-959f-f9bdb6931571@group-3A2BF5D858B4-StateMachineUpdater] INFO  impl.StateMachineUpdater (StateMachineUpdater.java:takeSnapshot(303)) - e20a886d-0459-4371-959f-f9bdb6931571@group-3A2BF5D858B4-StateMachineUpdater: Took a snapshot at index 0
2025-02-19 06:38:25,091 [e20a886d-0459-4371-959f-f9bdb6931571@group-3A2BF5D858B4-StateMachineUpdater] INFO  impl.StateMachineUpdater (StateMachineUpdater.java:lambda$new$0(102)) - e20a886d-0459-4371-959f-f9bdb6931571@group-3A2BF5D858B4-StateMachineUpdater: snapshotIndex: updateIncreasingly -1 -> 0
2025-02-19 06:38:25,102 [EventQueue-PipelineReportForPipelineReportHandler] ERROR pipeline.PipelineReportHandler (PipelineReportHandler.java:onMessage(95)) - Could not process pipeline report=pipelineID {
  id: "f1258f91-374d-44ac-9d89-7bef1d680e9b"
  uuid128 {
    mostSigBits: -1070291482569784148
    leastSigBits: -7095003471024746853
  }
}
isLeader: false
bytesWritten: 0
 from dn=49dd84ae-7ec9-4d92-bc53-345946144fea(localhost/127.0.0.1).
java.io.IOException: Datanode=49dd84ae-7ec9-4d92-bc53-345946144fea(localhost/127.0.0.1) not part of pipeline=PipelineID=f1258f91-374d-44ac-9d89-7bef1d680e9b
	at org.apache.hadoop.hdds.scm.pipeline.Pipeline.reportDatanode(Pipeline.java:336)
	at org.apache.hadoop.hdds.scm.pipeline.PipelineReportHandler.setReportedDatanode(PipelineReportHandler.java:154)
	at org.apache.hadoop.hdds.scm.pipeline.PipelineReportHandler.processPipelineReport(PipelineReportHandler.java:129)
	at org.apache.hadoop.hdds.scm.pipeline.PipelineReportHandler.onMessage(PipelineReportHandler.java:88)
	at org.apache.hadoop.hdds.scm.pipeline.PipelineReportHandler.onMessage(PipelineReportHandler.java:47)
	at org.apache.hadoop.hdds.server.events.SingleThreadExecutor.lambda$onMessage$1(SingleThreadExecutor.java:84)
	at java.base/java.util.concurrent.ThreadPoolExecutor.runWorker(ThreadPoolExecutor.java:1144)
	at java.base/java.util.concurrent.ThreadPoolExecutor$Worker.run(ThreadPoolExecutor.java:642)
	at java.base/java.lang.Thread.run(Thread.java:1583)
2025-02-19 06:38:25,102 [EventQueue-PipelineReportForPipelineReportHandler] ERROR pipeline.PipelineReportHandler (PipelineReportHandler.java:onMessage(95)) - Could not process pipeline report=pipelineID {
  id: "117721e1-84b0-442b-bd9d-b5b4ee72daef"
  uuid128 {
    mostSigBits: 1258511873350845483
    leastSigBits: -4783467440498353425
  }
}
isLeader: false
bytesWritten: 0
 from dn=49dd84ae-7ec9-4d92-bc53-345946144fea(localhost/127.0.0.1).
java.io.IOException: Datanode=49dd84ae-7ec9-4d92-bc53-345946144fea(localhost/127.0.0.1) not part of pipeline=PipelineID=117721e1-84b0-442b-bd9d-b5b4ee72daef
	at org.apache.hadoop.hdds.scm.pipeline.Pipeline.reportDatanode(Pipeline.java:336)
	at org.apache.hadoop.hdds.scm.pipeline.PipelineReportHandler.setReportedDatanode(PipelineReportHandler.java:154)
	at org.apache.hadoop.hdds.scm.pipeline.PipelineReportHandler.processPipelineReport(PipelineReportHandler.java:129)
	at org.apache.hadoop.hdds.scm.pipeline.PipelineReportHandler.onMessage(PipelineReportHandler.java:88)
	at org.apache.hadoop.hdds.scm.pipeline.PipelineReportHandler.onMessage(PipelineReportHandler.java:47)
	at org.apache.hadoop.hdds.server.events.SingleThreadExecutor.lambda$onMessage$1(SingleThreadExecutor.java:84)
	at java.base/java.util.concurrent.ThreadPoolExecutor.runWorker(ThreadPoolExecutor.java:1144)
	at java.base/java.util.concurrent.ThreadPoolExecutor$Worker.run(ThreadPoolExecutor.java:642)
	at java.base/java.lang.Thread.run(Thread.java:1583)
2025-02-19 06:38:25,268 [49dd84ae-7ec9-4d92-bc53-345946144fea@group-A17754050E0F-FollowerState] INFO  impl.FollowerState (FollowerState.java:runImpl(161)) - 49dd84ae-7ec9-4d92-bc53-345946144fea@group-A17754050E0F-FollowerState: change to CANDIDATE, lastRpcElapsedTime:5160598879ns, electionTimeout:5160ms
2025-02-19 06:38:25,268 [49dd84ae-7ec9-4d92-bc53-345946144fea@group-A17754050E0F-FollowerState] INFO  impl.RoleInfo (RoleInfo.java:shutdownFollowerState(121)) - 49dd84ae-7ec9-4d92-bc53-345946144fea: shutdown 49dd84ae-7ec9-4d92-bc53-345946144fea@group-A17754050E0F-FollowerState
2025-02-19 06:38:25,268 [49dd84ae-7ec9-4d92-bc53-345946144fea@group-A17754050E0F-FollowerState] INFO  server.RaftServer$Division (RaftServerImpl.java:setRole(378)) - 49dd84ae-7ec9-4d92-bc53-345946144fea@group-A17754050E0F: changes role from  FOLLOWER to CANDIDATE at term 0 for changeToCandidate
2025-02-19 06:38:25,268 [49dd84ae-7ec9-4d92-bc53-345946144fea@group-A17754050E0F-FollowerState] INFO  server.RaftServerConfigKeys (ConfUtils.java:logGet(46)) - raft.server.leaderelection.pre-vote = true (default)
2025-02-19 06:38:25,268 [49dd84ae-7ec9-4d92-bc53-345946144fea@group-A17754050E0F-FollowerState] INFO  impl.RoleInfo (RoleInfo.java:updateAndGet(148)) - 49dd84ae-7ec9-4d92-bc53-345946144fea: start 49dd84ae-7ec9-4d92-bc53-345946144fea@group-A17754050E0F-LeaderElection38
2025-02-19 06:38:25,269 [49dd84ae-7ec9-4d92-bc53-345946144fea@group-A17754050E0F-LeaderElection38] INFO  impl.LeaderElection (LeaderElection.java:askForVotes(332)) - 49dd84ae-7ec9-4d92-bc53-345946144fea@group-A17754050E0F-LeaderElection38 PRE_VOTE round 0: submit vote requests at term 0 for conf: {index: -1, cur=peers:[49dd84ae-7ec9-4d92-bc53-345946144fea|127.0.0.1:15016]|listeners:[], old=null}
2025-02-19 06:38:25,269 [49dd84ae-7ec9-4d92-bc53-345946144fea@group-A17754050E0F-LeaderElection38] INFO  impl.LeaderElection (LeaderElection.java:askForVotes(334)) - 49dd84ae-7ec9-4d92-bc53-345946144fea@group-A17754050E0F-LeaderElection38 PRE_VOTE round 0: result PASSED (term=0)
2025-02-19 06:38:25,270 [49dd84ae-7ec9-4d92-bc53-345946144fea@group-A17754050E0F-LeaderElection38] INFO  impl.LeaderElection (LeaderElection.java:askForVotes(332)) - 49dd84ae-7ec9-4d92-bc53-345946144fea@group-A17754050E0F-LeaderElection38 ELECTION round 0: submit vote requests at term 1 for conf: {index: -1, cur=peers:[49dd84ae-7ec9-4d92-bc53-345946144fea|127.0.0.1:15016]|listeners:[], old=null}
2025-02-19 06:38:25,270 [49dd84ae-7ec9-4d92-bc53-345946144fea@group-A17754050E0F-LeaderElection38] INFO  impl.LeaderElection (LeaderElection.java:askForVotes(334)) - 49dd84ae-7ec9-4d92-bc53-345946144fea@group-A17754050E0F-LeaderElection38 ELECTION round 0: result PASSED (term=1)
2025-02-19 06:38:25,270 [49dd84ae-7ec9-4d92-bc53-345946144fea@group-A17754050E0F-LeaderElection38] INFO  impl.RoleInfo (RoleInfo.java:shutdownLeaderElection(141)) - 49dd84ae-7ec9-4d92-bc53-345946144fea: shutdown 49dd84ae-7ec9-4d92-bc53-345946144fea@group-A17754050E0F-LeaderElection38
2025-02-19 06:38:25,270 [49dd84ae-7ec9-4d92-bc53-345946144fea@group-A17754050E0F-LeaderElection38] INFO  server.RaftServer$Division (RaftServerImpl.java:setRole(378)) - 49dd84ae-7ec9-4d92-bc53-345946144fea@group-A17754050E0F: changes role from CANDIDATE to LEADER at term 1 for changeToLeader
2025-02-19 06:38:25,270 [49dd84ae-7ec9-4d92-bc53-345946144fea@group-A17754050E0F-LeaderElection38] INFO  server.RaftServerConfigKeys (ConfUtils.java:logGet(46)) - raft.server.staging.catchup.gap = 1000 (default)
2025-02-19 06:38:25,271 [49dd84ae-7ec9-4d92-bc53-345946144fea@group-A17754050E0F-LeaderElection38] INFO  server.RaftServerConfigKeys (ConfUtils.java:logGet(46)) - raft.server.write.element-limit = 1024 (custom)
2025-02-19 06:38:25,271 [49dd84ae-7ec9-4d92-bc53-345946144fea@group-A17754050E0F-LeaderElection38] INFO  server.RaftServerConfigKeys (ConfUtils.java:logGet(46)) - raft.server.write.byte-limit = 1024 M (=1073741824) (custom)
2025-02-19 06:38:25,271 [49dd84ae-7ec9-4d92-bc53-345946144fea@group-A17754050E0F-LeaderElection38] INFO  server.RaftServerConfigKeys (ConfUtils.java:logGet(46)) - raft.server.watch.timeout = 10000ms (default)
2025-02-19 06:38:25,271 [49dd84ae-7ec9-4d92-bc53-345946144fea@group-A17754050E0F-LeaderElection38] INFO  server.RaftServerConfigKeys (ConfUtils.java:logGet(46)) - raft.server.watch.timeout.denomination = 1s (default)
2025-02-19 06:38:25,271 [49dd84ae-7ec9-4d92-bc53-345946144fea@group-A17754050E0F-LeaderElection38] INFO  server.RaftServerConfigKeys (ConfUtils.java:logGet(46)) - raft.server.watch.element-limit = 65536 (default)
2025-02-19 06:38:25,271 [49dd84ae-7ec9-4d92-bc53-345946144fea@group-A17754050E0F-LeaderElection38] INFO  server.RaftServerConfigKeys (ConfUtils.java:logGet(46)) - raft.server.read.leader.lease.enabled = false (default)
2025-02-19 06:38:25,272 [49dd84ae-7ec9-4d92-bc53-345946144fea@group-A17754050E0F-LeaderElection38] INFO  server.RaftServerConfigKeys (ConfUtils.java:logGet(46)) - raft.server.read.leader.lease.timeout.ratio = 0.9 (default)
2025-02-19 06:38:25,272 [49dd84ae-7ec9-4d92-bc53-345946144fea@group-A17754050E0F-LeaderElection38] INFO  server.RaftServerConfigKeys (ConfUtils.java:logGet(46)) - raft.server.rpc.timeout.min = 5s (custom)
2025-02-19 06:38:25,272 [49dd84ae-7ec9-4d92-bc53-345946144fea@group-A17754050E0F-LeaderElection38] INFO  server.RaftServerConfigKeys (ConfUtils.java:logGet(46)) - raft.server.log.log-metadata.enabled = true (default)
2025-02-19 06:38:25,272 [49dd84ae-7ec9-4d92-bc53-345946144fea@group-A17754050E0F-LeaderElection38] INFO  server.RaftServerConfigKeys (ConfUtils.java:logGet(46)) - raft.server.write.element-limit = 1024 (custom)
2025-02-19 06:38:25,272 [49dd84ae-7ec9-4d92-bc53-345946144fea@group-A17754050E0F-LeaderElection38] INFO  server.RaftServerConfigKeys (ConfUtils.java:logGet(46)) - raft.server.write.follower.gap.ratio.max = -1.0 (default)
2025-02-19 06:38:25,272 [49dd84ae-7ec9-4d92-bc53-345946144fea@group-A17754050E0F-LeaderElection38] INFO  impl.RoleInfo (RoleInfo.java:updateAndGet(148)) - 49dd84ae-7ec9-4d92-bc53-345946144fea: start 49dd84ae-7ec9-4d92-bc53-345946144fea@group-A17754050E0F-LeaderStateImpl
2025-02-19 06:38:25,272 [49dd84ae-7ec9-4d92-bc53-345946144fea@group-A17754050E0F-LeaderElection38] INFO  server.RaftServer$Division (RaftServerImpl.java:setFirstElection(562)) - 49dd84ae-7ec9-4d92-bc53-345946144fea@group-A17754050E0F: set firstElectionSinceStartup to false for becomeLeader
2025-02-19 06:38:25,272 [49dd84ae-7ec9-4d92-bc53-345946144fea@group-A17754050E0F-LeaderElection38] INFO  ratis.XceiverServerRatis (XceiverServerRatis.java:handleLeaderChangedNotification(941)) - Leader change notification received for group: group-A17754050E0F with new leaderId: 49dd84ae-7ec9-4d92-bc53-345946144fea
2025-02-19 06:38:25,272 [49dd84ae-7ec9-4d92-bc53-345946144fea@group-A17754050E0F-LeaderElection38] INFO  server.RaftServer$Division (ServerState.java:setLeader(272)) - 49dd84ae-7ec9-4d92-bc53-345946144fea@group-A17754050E0F: change Leader from null to 49dd84ae-7ec9-4d92-bc53-345946144fea at term 1 for becomeLeader, leader elected after 5178ms
2025-02-19 06:38:25,272 [49dd84ae-7ec9-4d92-bc53-345946144fea@group-A17754050E0F-LeaderElection38] INFO  segmented.SegmentedRaftLogWorker (SegmentedRaftLogWorker.java:startLogSegment(438)) - 49dd84ae-7ec9-4d92-bc53-345946144fea@group-A17754050E0F-SegmentedRaftLogWorker: Starting segment from index:0
2025-02-19 06:38:25,272 [49dd84ae-7ec9-4d92-bc53-345946144fea@group-A17754050E0F-LeaderElection38] INFO  server.RaftServer$Division (ServerState.java:setRaftConf(386)) - 49dd84ae-7ec9-4d92-bc53-345946144fea@group-A17754050E0F: set configuration conf: {index: 0, cur=peers:[49dd84ae-7ec9-4d92-bc53-345946144fea|127.0.0.1:15016]|listeners:[], old=null}
2025-02-19 06:38:25,273 [49dd84ae-7ec9-4d92-bc53-345946144fea@group-A17754050E0F-SegmentedRaftLogWorker] INFO  segmented.BufferedWriteChannel (BufferedWriteChannel.java:open(61)) - open log_inprogress_0 at position 0
2025-02-19 06:38:25,273 [EventQueue-PipelineReportForPipelineReportHandler] ERROR pipeline.PipelineReportHandler (PipelineReportHandler.java:onMessage(95)) - Could not process pipeline report=pipelineID {
  id: "f1258f91-374d-44ac-9d89-7bef1d680e9b"
  uuid128 {
    mostSigBits: -1070291482569784148
    leastSigBits: -7095003471024746853
  }
}
isLeader: false
bytesWritten: 0
 from dn=49dd84ae-7ec9-4d92-bc53-345946144fea(localhost/127.0.0.1).
java.io.IOException: Datanode=49dd84ae-7ec9-4d92-bc53-345946144fea(localhost/127.0.0.1) not part of pipeline=PipelineID=f1258f91-374d-44ac-9d89-7bef1d680e9b
	at org.apache.hadoop.hdds.scm.pipeline.Pipeline.reportDatanode(Pipeline.java:336)
	at org.apache.hadoop.hdds.scm.pipeline.PipelineReportHandler.setReportedDatanode(PipelineReportHandler.java:154)
	at org.apache.hadoop.hdds.scm.pipeline.PipelineReportHandler.processPipelineReport(PipelineReportHandler.java:129)
	at org.apache.hadoop.hdds.scm.pipeline.PipelineReportHandler.onMessage(PipelineReportHandler.java:88)
	at org.apache.hadoop.hdds.scm.pipeline.PipelineReportHandler.onMessage(PipelineReportHandler.java:47)
	at org.apache.hadoop.hdds.server.events.SingleThreadExecutor.lambda$onMessage$1(SingleThreadExecutor.java:84)
	at java.base/java.util.concurrent.ThreadPoolExecutor.runWorker(ThreadPoolExecutor.java:1144)
	at java.base/java.util.concurrent.ThreadPoolExecutor$Worker.run(ThreadPoolExecutor.java:642)
	at java.base/java.lang.Thread.run(Thread.java:1583)
2025-02-19 06:38:25,274 [EventQueue-PipelineReportForPipelineReportHandler] ERROR pipeline.PipelineReportHandler (PipelineReportHandler.java:onMessage(95)) - Could not process pipeline report=pipelineID {
  id: "117721e1-84b0-442b-bd9d-b5b4ee72daef"
  uuid128 {
    mostSigBits: 1258511873350845483
    leastSigBits: -4783467440498353425
  }
}
isLeader: false
bytesWritten: 0
 from dn=49dd84ae-7ec9-4d92-bc53-345946144fea(localhost/127.0.0.1).
java.io.IOException: Datanode=49dd84ae-7ec9-4d92-bc53-345946144fea(localhost/127.0.0.1) not part of pipeline=PipelineID=117721e1-84b0-442b-bd9d-b5b4ee72daef
	at org.apache.hadoop.hdds.scm.pipeline.Pipeline.reportDatanode(Pipeline.java:336)
	at org.apache.hadoop.hdds.scm.pipeline.PipelineReportHandler.setReportedDatanode(PipelineReportHandler.java:154)
	at org.apache.hadoop.hdds.scm.pipeline.PipelineReportHandler.processPipelineReport(PipelineReportHandler.java:129)
	at org.apache.hadoop.hdds.scm.pipeline.PipelineReportHandler.onMessage(PipelineReportHandler.java:88)
	at org.apache.hadoop.hdds.scm.pipeline.PipelineReportHandler.onMessage(PipelineReportHandler.java:47)
	at org.apache.hadoop.hdds.server.events.SingleThreadExecutor.lambda$onMessage$1(SingleThreadExecutor.java:84)
	at java.base/java.util.concurrent.ThreadPoolExecutor.runWorker(ThreadPoolExecutor.java:1144)
	at java.base/java.util.concurrent.ThreadPoolExecutor$Worker.run(ThreadPoolExecutor.java:642)
	at java.base/java.lang.Thread.run(Thread.java:1583)
2025-02-19 06:38:25,281 [49dd84ae-7ec9-4d92-bc53-345946144fea@group-A17754050E0F-SegmentedRaftLogWorker] INFO  segmented.SegmentedRaftLogWorker (SegmentedRaftLogWorker.java:execute(644)) - 49dd84ae-7ec9-4d92-bc53-345946144fea@group-A17754050E0F-SegmentedRaftLogWorker: created new log segment /home/runner/work/ozone/ozone/hadoop-ozone/integration-test/target/test-dir/MiniOzoneClusterImpl-3e129c02-f7f1-4d32-bd92-d681932e2c0d/ozone-meta/datanode-1/ratise7641bee-ff94-4353-808e-f526ce6eb8f2/43968e45-00be-4e98-ae5f-a17754050e0f/current/log_inprogress_0
2025-02-19 06:38:25,283 [49dd84ae-7ec9-4d92-bc53-345946144fea@group-A17754050E0F-StateMachineUpdater] INFO  server.RaftServer$Division (LeaderStateImpl.java:checkStartIndex(313)) - Leader 49dd84ae-7ec9-4d92-bc53-345946144fea@group-A17754050E0F-LeaderStateImpl is ready since appliedIndex == startIndex == 0
2025-02-19 06:38:25,283 [49dd84ae-7ec9-4d92-bc53-345946144fea@group-A17754050E0F-StateMachineUpdater] INFO  ratis.ContainerStateMachine (ContainerStateMachine.java:takeSnapshot(376)) - group-A17754050E0F: Taking a snapshot at:(t:1, i:0) file /home/runner/work/ozone/ozone/hadoop-ozone/integration-test/target/test-dir/MiniOzoneClusterImpl-3e129c02-f7f1-4d32-bd92-d681932e2c0d/ozone-meta/datanode-1/ratise7641bee-ff94-4353-808e-f526ce6eb8f2/43968e45-00be-4e98-ae5f-a17754050e0f/sm/snapshot.1_0
2025-02-19 06:38:25,283 [49dd84ae-7ec9-4d92-bc53-345946144fea@group-A17754050E0F-StateMachineUpdater] INFO  ratis.ContainerStateMachine (ContainerStateMachine.java:takeSnapshot(387)) - group-A17754050E0F: Finished taking a snapshot at:(t:1, i:0) file:/home/runner/work/ozone/ozone/hadoop-ozone/integration-test/target/test-dir/MiniOzoneClusterImpl-3e129c02-f7f1-4d32-bd92-d681932e2c0d/ozone-meta/datanode-1/ratise7641bee-ff94-4353-808e-f526ce6eb8f2/43968e45-00be-4e98-ae5f-a17754050e0f/sm/snapshot.1_0 took: 0 ms
2025-02-19 06:38:25,283 [49dd84ae-7ec9-4d92-bc53-345946144fea@group-A17754050E0F-StateMachineUpdater] INFO  impl.StateMachineUpdater (StateMachineUpdater.java:takeSnapshot(303)) - 49dd84ae-7ec9-4d92-bc53-345946144fea@group-A17754050E0F-StateMachineUpdater: Took a snapshot at index 0
2025-02-19 06:38:25,283 [49dd84ae-7ec9-4d92-bc53-345946144fea@group-A17754050E0F-StateMachineUpdater] INFO  impl.StateMachineUpdater (StateMachineUpdater.java:lambda$new$0(102)) - 49dd84ae-7ec9-4d92-bc53-345946144fea@group-A17754050E0F-StateMachineUpdater: snapshotIndex: updateIncreasingly -1 -> 0
2025-02-19 06:38:25,672 [EventQueue-PipelineReportForPipelineReportHandler] ERROR pipeline.PipelineReportHandler (PipelineReportHandler.java:onMessage(95)) - Could not process pipeline report=pipelineID {
  id: "f1258f91-374d-44ac-9d89-7bef1d680e9b"
  uuid128 {
    mostSigBits: -1070291482569784148
    leastSigBits: -7095003471024746853
  }
}
isLeader: false
bytesWritten: 0
 from dn=49dd84ae-7ec9-4d92-bc53-345946144fea(localhost/127.0.0.1).
java.io.IOException: Datanode=49dd84ae-7ec9-4d92-bc53-345946144fea(localhost/127.0.0.1) not part of pipeline=PipelineID=f1258f91-374d-44ac-9d89-7bef1d680e9b
	at org.apache.hadoop.hdds.scm.pipeline.Pipeline.reportDatanode(Pipeline.java:336)
	at org.apache.hadoop.hdds.scm.pipeline.PipelineReportHandler.setReportedDatanode(PipelineReportHandler.java:154)
	at org.apache.hadoop.hdds.scm.pipeline.PipelineReportHandler.processPipelineReport(PipelineReportHandler.java:129)
	at org.apache.hadoop.hdds.scm.pipeline.PipelineReportHandler.onMessage(PipelineReportHandler.java:88)
	at org.apache.hadoop.hdds.scm.pipeline.PipelineReportHandler.onMessage(PipelineReportHandler.java:47)
	at org.apache.hadoop.hdds.server.events.SingleThreadExecutor.lambda$onMessage$1(SingleThreadExecutor.java:84)
	at java.base/java.util.concurrent.ThreadPoolExecutor.runWorker(ThreadPoolExecutor.java:1144)
	at java.base/java.util.concurrent.ThreadPoolExecutor$Worker.run(ThreadPoolExecutor.java:642)
	at java.base/java.lang.Thread.run(Thread.java:1583)
2025-02-19 06:38:25,672 [EventQueue-PipelineReportForPipelineReportHandler] ERROR pipeline.PipelineReportHandler (PipelineReportHandler.java:onMessage(95)) - Could not process pipeline report=pipelineID {
  id: "117721e1-84b0-442b-bd9d-b5b4ee72daef"
  uuid128 {
    mostSigBits: 1258511873350845483
    leastSigBits: -4783467440498353425
  }
}
isLeader: false
bytesWritten: 0
 from dn=49dd84ae-7ec9-4d92-bc53-345946144fea(localhost/127.0.0.1).
java.io.IOException: Datanode=49dd84ae-7ec9-4d92-bc53-345946144fea(localhost/127.0.0.1) not part of pipeline=PipelineID=117721e1-84b0-442b-bd9d-b5b4ee72daef
	at org.apache.hadoop.hdds.scm.pipeline.Pipeline.reportDatanode(Pipeline.java:336)
	at org.apache.hadoop.hdds.scm.pipeline.PipelineReportHandler.setReportedDatanode(PipelineReportHandler.java:154)
	at org.apache.hadoop.hdds.scm.pipeline.PipelineReportHandler.processPipelineReport(PipelineReportHandler.java:129)
	at org.apache.hadoop.hdds.scm.pipeline.PipelineReportHandler.onMessage(PipelineReportHandler.java:88)
	at org.apache.hadoop.hdds.scm.pipeline.PipelineReportHandler.onMessage(PipelineReportHandler.java:47)
	at org.apache.hadoop.hdds.server.events.SingleThreadExecutor.lambda$onMessage$1(SingleThreadExecutor.java:84)
	at java.base/java.util.concurrent.ThreadPoolExecutor.runWorker(ThreadPoolExecutor.java:1144)
	at java.base/java.util.concurrent.ThreadPoolExecutor$Worker.run(ThreadPoolExecutor.java:642)
	at java.base/java.lang.Thread.run(Thread.java:1583)
2025-02-19 06:38:25,873 [EventQueue-PipelineReportForPipelineReportHandler] ERROR pipeline.PipelineReportHandler (PipelineReportHandler.java:onMessage(95)) - Could not process pipeline report=pipelineID {
  id: "f1258f91-374d-44ac-9d89-7bef1d680e9b"
  uuid128 {
    mostSigBits: -1070291482569784148
    leastSigBits: -7095003471024746853
  }
}
isLeader: false
bytesWritten: 0
 from dn=49dd84ae-7ec9-4d92-bc53-345946144fea(localhost/127.0.0.1).
java.io.IOException: Datanode=49dd84ae-7ec9-4d92-bc53-345946144fea(localhost/127.0.0.1) not part of pipeline=PipelineID=f1258f91-374d-44ac-9d89-7bef1d680e9b
	at org.apache.hadoop.hdds.scm.pipeline.Pipeline.reportDatanode(Pipeline.java:336)
	at org.apache.hadoop.hdds.scm.pipeline.PipelineReportHandler.setReportedDatanode(PipelineReportHandler.java:154)
	at org.apache.hadoop.hdds.scm.pipeline.PipelineReportHandler.processPipelineReport(PipelineReportHandler.java:129)
	at org.apache.hadoop.hdds.scm.pipeline.PipelineReportHandler.onMessage(PipelineReportHandler.java:88)
	at org.apache.hadoop.hdds.scm.pipeline.PipelineReportHandler.onMessage(PipelineReportHandler.java:47)
	at org.apache.hadoop.hdds.server.events.SingleThreadExecutor.lambda$onMessage$1(SingleThreadExecutor.java:84)
	at java.base/java.util.concurrent.ThreadPoolExecutor.runWorker(ThreadPoolExecutor.java:1144)
	at java.base/java.util.concurrent.ThreadPoolExecutor$Worker.run(ThreadPoolExecutor.java:642)
	at java.base/java.lang.Thread.run(Thread.java:1583)
2025-02-19 06:38:25,873 [EventQueue-PipelineReportForPipelineReportHandler] ERROR pipeline.PipelineReportHandler (PipelineReportHandler.java:onMessage(95)) - Could not process pipeline report=pipelineID {
  id: "117721e1-84b0-442b-bd9d-b5b4ee72daef"
  uuid128 {
    mostSigBits: 1258511873350845483
    leastSigBits: -4783467440498353425
  }
}
isLeader: false
bytesWritten: 0
 from dn=49dd84ae-7ec9-4d92-bc53-345946144fea(localhost/127.0.0.1).
java.io.IOException: Datanode=49dd84ae-7ec9-4d92-bc53-345946144fea(localhost/127.0.0.1) not part of pipeline=PipelineID=117721e1-84b0-442b-bd9d-b5b4ee72daef
	at org.apache.hadoop.hdds.scm.pipeline.Pipeline.reportDatanode(Pipeline.java:336)
	at org.apache.hadoop.hdds.scm.pipeline.PipelineReportHandler.setReportedDatanode(PipelineReportHandler.java:154)
	at org.apache.hadoop.hdds.scm.pipeline.PipelineReportHandler.processPipelineReport(PipelineReportHandler.java:129)
	at org.apache.hadoop.hdds.scm.pipeline.PipelineReportHandler.onMessage(PipelineReportHandler.java:88)
	at org.apache.hadoop.hdds.scm.pipeline.PipelineReportHandler.onMessage(PipelineReportHandler.java:47)
	at org.apache.hadoop.hdds.server.events.SingleThreadExecutor.lambda$onMessage$1(SingleThreadExecutor.java:84)
	at java.base/java.util.concurrent.ThreadPoolExecutor.runWorker(ThreadPoolExecutor.java:1144)
	at java.base/java.util.concurrent.ThreadPoolExecutor$Worker.run(ThreadPoolExecutor.java:642)
	at java.base/java.lang.Thread.run(Thread.java:1583)
2025-02-19 06:38:25,893 [25fe7083-9332-4190-accf-9f4542114dd9@group-B5B4EE72DAEF-LeaderStateImpl] INFO  impl.TransferLeadership (TransferLeadership.java:tryTransferLeadership(258)) - 25fe7083-9332-4190-accf-9f4542114dd9@group-B5B4EE72DAEF: start transferring leadership to 62ffdddc-aaf0-4ce5-9810-4c181ebbf473
2025-02-19 06:38:25,893 [25fe7083-9332-4190-accf-9f4542114dd9@group-B5B4EE72DAEF-LeaderStateImpl] INFO  impl.TransferLeadership (TransferLeadership.java:sendStartLeaderElection(210)) - 25fe7083-9332-4190-accf-9f4542114dd9@group-B5B4EE72DAEF: sendStartLeaderElection to follower 62ffdddc-aaf0-4ce5-9810-4c181ebbf473, lastEntry=(t:2, i:2)
2025-02-19 06:38:25,893 [25fe7083-9332-4190-accf-9f4542114dd9@group-B5B4EE72DAEF-LeaderStateImpl] INFO  impl.TransferLeadership (TransferLeadership.java:tryTransferLeadership(266)) - 25fe7083-9332-4190-accf-9f4542114dd9@group-B5B4EE72DAEF: SUCCESS sent StartLeaderElection to transferee 62ffdddc-aaf0-4ce5-9810-4c181ebbf473 immediately as it already has up-to-date log
2025-02-19 06:38:25,894 [grpc-default-executor-4] WARN  server.GrpcServerProtocolService (LogUtils.java:warn(121)) - 49dd84ae-7ec9-4d92-bc53-345946144fea: Failed startLeaderElection 25fe7083-9332-4190-accf-9f4542114dd9->62ffdddc-aaf0-4ce5-9810-4c181ebbf473#0: org.apache.ratis.protocol.exceptions.ServerNotReadyException: 49dd84ae-7ec9-4d92-bc53-345946144fea@group-B5B4EE72DAEF is not in [RUNNING]: current state is CLOSED
2025-02-19 06:38:25,897 [25fe7083-9332-4190-accf-9f4542114dd9-server-thread2] WARN  impl.TransferLeadership (TransferLeadership.java:lambda$sendStartLeaderElection$2(227)) - 25fe7083-9332-4190-accf-9f4542114dd9@group-B5B4EE72DAEF: Failed to startLeaderElection for 62ffdddc-aaf0-4ce5-9810-4c181ebbf473
java.util.concurrent.CompletionException: org.apache.ratis.thirdparty.io.grpc.StatusRuntimeException: INTERNAL: 49dd84ae-7ec9-4d92-bc53-345946144fea@group-B5B4EE72DAEF is not in [RUNNING]: current state is CLOSED
	at java.base/java.util.concurrent.CompletableFuture.encodeThrowable(CompletableFuture.java:315)
	at java.base/java.util.concurrent.CompletableFuture.completeThrowable(CompletableFuture.java:320)
	at java.base/java.util.concurrent.CompletableFuture$AsyncSupply.run(CompletableFuture.java:1770)
	at java.base/java.util.concurrent.ThreadPoolExecutor.runWorker(ThreadPoolExecutor.java:1144)
	at java.base/java.util.concurrent.ThreadPoolExecutor$Worker.run(ThreadPoolExecutor.java:642)
	at java.base/java.lang.Thread.run(Thread.java:1583)
Caused by: org.apache.ratis.thirdparty.io.grpc.StatusRuntimeException: INTERNAL: 49dd84ae-7ec9-4d92-bc53-345946144fea@group-B5B4EE72DAEF is not in [RUNNING]: current state is CLOSED
	at org.apache.ratis.thirdparty.io.grpc.stub.ClientCalls.toStatusRuntimeException(ClientCalls.java:268)
	at org.apache.ratis.thirdparty.io.grpc.stub.ClientCalls.getUnchecked(ClientCalls.java:249)
	at org.apache.ratis.thirdparty.io.grpc.stub.ClientCalls.blockingUnaryCall(ClientCalls.java:167)
	at org.apache.ratis.proto.grpc.RaftServerProtocolServiceGrpc$RaftServerProtocolServiceBlockingStub.startLeaderElection(RaftServerProtocolServiceGrpc.java:351)
	at org.apache.ratis.grpc.server.GrpcServerProtocolClient.startLeaderElection(GrpcServerProtocolClient.java:123)
	at org.apache.ratis.grpc.server.GrpcService.startLeaderElection(GrpcService.java:411)
	at org.apache.ratis.server.impl.TransferLeadership.lambda$sendStartLeaderElection$1(TransferLeadership.java:218)
	at java.base/java.util.concurrent.CompletableFuture$AsyncSupply.run(CompletableFuture.java:1768)
	... 3 more
2025-02-19 06:38:25,963 [null-request--thread1] INFO  server.GrpcClientProtocolService (GrpcClientProtocolService.java:lambda$processClientRequest$0(284)) - Failed RaftClientRequest:client-CE5CC73CB901->eb965ba7-12a8-46f3-92c0-bc6ff5b3bf3b@group-81341F4E2824, cid=203, seq=null, Watch-ALL_COMMITTED(14), Message:<EMPTY>, reply=RaftClientReply:client-CE5CC73CB901->eb965ba7-12a8-46f3-92c0-bc6ff5b3bf3b@group-81341F4E2824, cid=203, FAILED org.apache.ratis.protocol.exceptions.NotReplicatedException: Request with call Id 203 and log index 14 is not yet replicated to ALL_COMMITTED, logIndex=14, commits[eb965ba7-12a8-46f3-92c0-bc6ff5b3bf3b:c16, 62ffdddc-aaf0-4ce5-9810-4c181ebbf473:c0, 6b36f32d-918c-46a3-bfcb-888cb423c6dd:c16]
2025-02-19 06:38:25,964 [ForkJoinPool.commonPool-worker-3] WARN  scm.XceiverClientRatis (XceiverClientRatis.java:lambda$watchForCommit$6(314)) - ALL_COMMITTED way commit failed on pipeline Pipeline[ Id: e1fc892c-095b-4650-8f0f-81341f4e2824, Nodes: eb965ba7-12a8-46f3-92c0-bc6ff5b3bf3b(localhost/127.0.0.1) ReplicaIndex: 062ffdddc-aaf0-4ce5-9810-4c181ebbf473(localhost/127.0.0.1) ReplicaIndex: 06b36f32d-918c-46a3-bfcb-888cb423c6dd(localhost/127.0.0.1) ReplicaIndex: 0, ReplicationConfig: RATIS/THREE, State:OPEN, leaderId:eb965ba7-12a8-46f3-92c0-bc6ff5b3bf3b, CreationTimestamp2025-02-19T06:36:09.678Z[Etc/UTC]]
java.util.concurrent.CompletionException: org.apache.ratis.protocol.exceptions.NotReplicatedException: Request with call Id 203 and log index 14 is not yet replicated to ALL_COMMITTED
	at org.apache.ratis.client.impl.RaftClientImpl.handleRaftException(RaftClientImpl.java:373)
	at org.apache.ratis.client.impl.UnorderedAsync.lambda$send$1(UnorderedAsync.java:67)
	at java.base/java.util.concurrent.CompletableFuture$UniApply.tryFire(CompletableFuture.java:646)
	at java.base/java.util.concurrent.CompletableFuture.postComplete(CompletableFuture.java:510)
	at java.base/java.util.concurrent.CompletableFuture.complete(CompletableFuture.java:2179)
	at org.apache.ratis.client.impl.UnorderedAsync.lambda$sendRequestWithRetry$4(UnorderedAsync.java:88)
	at java.base/java.util.concurrent.CompletableFuture.uniWhenComplete(CompletableFuture.java:863)
	at java.base/java.util.concurrent.CompletableFuture$UniWhenComplete.tryFire(CompletableFuture.java:841)
	at java.base/java.util.concurrent.CompletableFuture$Completion.exec(CompletableFuture.java:483)
	at java.base/java.util.concurrent.ForkJoinTask.doExec(ForkJoinTask.java:387)
	at java.base/java.util.concurrent.ForkJoinPool$WorkQueue.topLevelExec(ForkJoinPool.java:1312)
	at java.base/java.util.concurrent.ForkJoinPool.scan(ForkJoinPool.java:1843)
	at java.base/java.util.concurrent.ForkJoinPool.runWorker(ForkJoinPool.java:1808)
	at java.base/java.util.concurrent.ForkJoinWorkerThread.run(ForkJoinWorkerThread.java:188)
Caused by: org.apache.ratis.protocol.exceptions.NotReplicatedException: Request with call Id 203 and log index 14 is not yet replicated to ALL_COMMITTED
	at org.apache.ratis.client.impl.ClientProtoUtils.toRaftClientReply(ClientProtoUtils.java:406)
	at org.apache.ratis.grpc.client.GrpcClientProtocolClient$AsyncStreamObservers$1.onNext(GrpcClientProtocolClient.java:313)
	at org.apache.ratis.grpc.client.GrpcClientProtocolClient$AsyncStreamObservers$1.onNext(GrpcClientProtocolClient.java:308)
	at org.apache.ratis.thirdparty.io.grpc.stub.ClientCalls$StreamObserverToCallListenerAdapter.onMessage(ClientCalls.java:468)
	at org.apache.ratis.thirdparty.io.grpc.ForwardingClientCallListener.onMessage(ForwardingClientCallListener.java:33)
	at org.apache.ratis.thirdparty.io.grpc.internal.ClientCallImpl$ClientStreamListenerImpl$1MessagesAvailable.runInternal(ClientCallImpl.java:660)
	at org.apache.ratis.thirdparty.io.grpc.internal.ClientCallImpl$ClientStreamListenerImpl$1MessagesAvailable.runInContext(ClientCallImpl.java:647)
	at org.apache.ratis.thirdparty.io.grpc.internal.ContextRunnable.run(ContextRunnable.java:37)
	at org.apache.ratis.thirdparty.io.grpc.internal.SerializingExecutor.run(SerializingExecutor.java:133)
	at java.base/java.util.concurrent.ThreadPoolExecutor.runWorker(ThreadPoolExecutor.java:1144)
	at java.base/java.util.concurrent.ThreadPoolExecutor$Worker.run(ThreadPoolExecutor.java:642)
	at java.base/java.lang.Thread.run(Thread.java:1583)
2025-02-19 06:38:25,964 [ForkJoinPool.commonPool-worker-3] INFO  scm.XceiverClientRatis (XceiverClientRatis.java:lambda$handleFailedAllCommit$8(349)) - Could not commit index 14 on pipeline Pipeline[ Id: e1fc892c-095b-4650-8f0f-81341f4e2824, Nodes: eb965ba7-12a8-46f3-92c0-bc6ff5b3bf3b(localhost/127.0.0.1) ReplicaIndex: 062ffdddc-aaf0-4ce5-9810-4c181ebbf473(localhost/127.0.0.1) ReplicaIndex: 06b36f32d-918c-46a3-bfcb-888cb423c6dd(localhost/127.0.0.1) ReplicaIndex: 0, ReplicationConfig: RATIS/THREE, State:OPEN, leaderId:eb965ba7-12a8-46f3-92c0-bc6ff5b3bf3b, CreationTimestamp2025-02-19T06:36:09.678Z[Etc/UTC]] to all the nodes. Server 62ffdddc-aaf0-4ce5-9810-4c181ebbf473 has failed. Committed by majority.
2025-02-19 06:38:25,964 [ForkJoinPool.commonPool-worker-3] WARN  storage.BlockOutputStream (BlockOutputStream.java:checkReply(557)) - Failed to commit BlockId conID: 11 locID: 115816896921600011 bcsId: 14 replicaIndex: null on Pipeline[ Id: e1fc892c-095b-4650-8f0f-81341f4e2824, Nodes: eb965ba7-12a8-46f3-92c0-bc6ff5b3bf3b(localhost/127.0.0.1) ReplicaIndex: 062ffdddc-aaf0-4ce5-9810-4c181ebbf473(localhost/127.0.0.1) ReplicaIndex: 06b36f32d-918c-46a3-bfcb-888cb423c6dd(localhost/127.0.0.1) ReplicaIndex: 0, ReplicationConfig: RATIS/THREE, State:OPEN, leaderId:eb965ba7-12a8-46f3-92c0-bc6ff5b3bf3b, CreationTimestamp2025-02-19T06:36:09.678Z[Etc/UTC]]. Failed nodes: [62ffdddc-aaf0-4ce5-9810-4c181ebbf473(null/null)]
2025-02-19 06:38:25,993 [timer2] WARN  server.GrpcLogAppender (GrpcLogAppender.java:timeoutAppendRequest(441)) - 25fe7083-9332-4190-accf-9f4542114dd9@group-B5B4EE72DAEF->62ffdddc-aaf0-4ce5-9810-4c181ebbf473-GrpcLogAppender: Timed out HEARTBEAT appendEntries, errorCount=1, request=AppendEntriesRequest:cid=4702,entriesCount=0
2025-02-19 06:38:26,115 [eb965ba7-12a8-46f3-92c0-bc6ff5b3bf3b@group-4434D0010B67-StateMachineUpdater] INFO  ratis.ContainerStateMachine (ContainerStateMachine.java:takeSnapshot(376)) - group-4434D0010B67: Taking a snapshot at:(t:1, i:0) file /home/runner/work/ozone/ozone/hadoop-ozone/integration-test/target/test-dir/MiniOzoneClusterImpl-3e129c02-f7f1-4d32-bd92-d681932e2c0d/ozone-meta/datanode-3/ratis/9e19a5d8-8434-42f4-93b5-4434d0010b67/sm/snapshot.1_0
2025-02-19 06:38:26,115 [49dd84ae-7ec9-4d92-bc53-345946144fea@group-4434D0010B67-StateMachineUpdater] INFO  ratis.ContainerStateMachine (ContainerStateMachine.java:takeSnapshot(376)) - group-4434D0010B67: Taking a snapshot at:(t:1, i:0) file /home/runner/work/ozone/ozone/hadoop-ozone/integration-test/target/test-dir/MiniOzoneClusterImpl-3e129c02-f7f1-4d32-bd92-d681932e2c0d/ozone-meta/datanode-1/ratise7641bee-ff94-4353-808e-f526ce6eb8f2/9e19a5d8-8434-42f4-93b5-4434d0010b67/sm/snapshot.1_0
2025-02-19 06:38:26,116 [49dd84ae-7ec9-4d92-bc53-345946144fea@group-4434D0010B67-StateMachineUpdater] INFO  ratis.ContainerStateMachine (ContainerStateMachine.java:takeSnapshot(387)) - group-4434D0010B67: Finished taking a snapshot at:(t:1, i:0) file:/home/runner/work/ozone/ozone/hadoop-ozone/integration-test/target/test-dir/MiniOzoneClusterImpl-3e129c02-f7f1-4d32-bd92-d681932e2c0d/ozone-meta/datanode-1/ratise7641bee-ff94-4353-808e-f526ce6eb8f2/9e19a5d8-8434-42f4-93b5-4434d0010b67/sm/snapshot.1_0 took: 1 ms
2025-02-19 06:38:26,116 [eb965ba7-12a8-46f3-92c0-bc6ff5b3bf3b@group-4434D0010B67-StateMachineUpdater] INFO  ratis.ContainerStateMachine (ContainerStateMachine.java:takeSnapshot(387)) - group-4434D0010B67: Finished taking a snapshot at:(t:1, i:0) file:/home/runner/work/ozone/ozone/hadoop-ozone/integration-test/target/test-dir/MiniOzoneClusterImpl-3e129c02-f7f1-4d32-bd92-d681932e2c0d/ozone-meta/datanode-3/ratis/9e19a5d8-8434-42f4-93b5-4434d0010b67/sm/snapshot.1_0 took: 1 ms
2025-02-19 06:38:26,116 [49dd84ae-7ec9-4d92-bc53-345946144fea@group-4434D0010B67-StateMachineUpdater] INFO  impl.StateMachineUpdater (StateMachineUpdater.java:takeSnapshot(303)) - 49dd84ae-7ec9-4d92-bc53-345946144fea@group-4434D0010B67-StateMachineUpdater: Took a snapshot at index 0
2025-02-19 06:38:26,116 [49dd84ae-7ec9-4d92-bc53-345946144fea@group-4434D0010B67-StateMachineUpdater] INFO  impl.StateMachineUpdater (StateMachineUpdater.java:lambda$new$0(102)) - 49dd84ae-7ec9-4d92-bc53-345946144fea@group-4434D0010B67-StateMachineUpdater: snapshotIndex: updateIncreasingly -1 -> 0
2025-02-19 06:38:26,116 [eb965ba7-12a8-46f3-92c0-bc6ff5b3bf3b@group-4434D0010B67-StateMachineUpdater] INFO  impl.StateMachineUpdater (StateMachineUpdater.java:takeSnapshot(303)) - eb965ba7-12a8-46f3-92c0-bc6ff5b3bf3b@group-4434D0010B67-StateMachineUpdater: Took a snapshot at index 0
2025-02-19 06:38:26,116 [eb965ba7-12a8-46f3-92c0-bc6ff5b3bf3b@group-4434D0010B67-StateMachineUpdater] INFO  impl.StateMachineUpdater (StateMachineUpdater.java:lambda$new$0(102)) - eb965ba7-12a8-46f3-92c0-bc6ff5b3bf3b@group-4434D0010B67-StateMachineUpdater: snapshotIndex: updateIncreasingly -1 -> 0
2025-02-19 06:38:26,272 [EventQueue-PipelineReportForPipelineReportHandler] ERROR pipeline.PipelineReportHandler (PipelineReportHandler.java:onMessage(95)) - Could not process pipeline report=pipelineID {
  id: "f1258f91-374d-44ac-9d89-7bef1d680e9b"
  uuid128 {
    mostSigBits: -1070291482569784148
    leastSigBits: -7095003471024746853
  }
}
isLeader: false
bytesWritten: 0
 from dn=49dd84ae-7ec9-4d92-bc53-345946144fea(localhost/127.0.0.1).
java.io.IOException: Datanode=49dd84ae-7ec9-4d92-bc53-345946144fea(localhost/127.0.0.1) not part of pipeline=PipelineID=f1258f91-374d-44ac-9d89-7bef1d680e9b
	at org.apache.hadoop.hdds.scm.pipeline.Pipeline.reportDatanode(Pipeline.java:336)
	at org.apache.hadoop.hdds.scm.pipeline.PipelineReportHandler.setReportedDatanode(PipelineReportHandler.java:154)
	at org.apache.hadoop.hdds.scm.pipeline.PipelineReportHandler.processPipelineReport(PipelineReportHandler.java:129)
	at org.apache.hadoop.hdds.scm.pipeline.PipelineReportHandler.onMessage(PipelineReportHandler.java:88)
	at org.apache.hadoop.hdds.scm.pipeline.PipelineReportHandler.onMessage(PipelineReportHandler.java:47)
	at org.apache.hadoop.hdds.server.events.SingleThreadExecutor.lambda$onMessage$1(SingleThreadExecutor.java:84)
	at java.base/java.util.concurrent.ThreadPoolExecutor.runWorker(ThreadPoolExecutor.java:1144)
	at java.base/java.util.concurrent.ThreadPoolExecutor$Worker.run(ThreadPoolExecutor.java:642)
	at java.base/java.lang.Thread.run(Thread.java:1583)
2025-02-19 06:38:26,273 [EventQueue-PipelineReportForPipelineReportHandler] ERROR pipeline.PipelineReportHandler (PipelineReportHandler.java:onMessage(95)) - Could not process pipeline report=pipelineID {
  id: "117721e1-84b0-442b-bd9d-b5b4ee72daef"
  uuid128 {
    mostSigBits: 1258511873350845483
    leastSigBits: -4783467440498353425
  }
}
isLeader: false
bytesWritten: 0
 from dn=49dd84ae-7ec9-4d92-bc53-345946144fea(localhost/127.0.0.1).
java.io.IOException: Datanode=49dd84ae-7ec9-4d92-bc53-345946144fea(localhost/127.0.0.1) not part of pipeline=PipelineID=117721e1-84b0-442b-bd9d-b5b4ee72daef
	at org.apache.hadoop.hdds.scm.pipeline.Pipeline.reportDatanode(Pipeline.java:336)
	at org.apache.hadoop.hdds.scm.pipeline.PipelineReportHandler.setReportedDatanode(PipelineReportHandler.java:154)
	at org.apache.hadoop.hdds.scm.pipeline.PipelineReportHandler.processPipelineReport(PipelineReportHandler.java:129)
	at org.apache.hadoop.hdds.scm.pipeline.PipelineReportHandler.onMessage(PipelineReportHandler.java:88)
	at org.apache.hadoop.hdds.scm.pipeline.PipelineReportHandler.onMessage(PipelineReportHandler.java:47)
	at org.apache.hadoop.hdds.server.events.SingleThreadExecutor.lambda$onMessage$1(SingleThreadExecutor.java:84)
	at java.base/java.util.concurrent.ThreadPoolExecutor.runWorker(ThreadPoolExecutor.java:1144)
	at java.base/java.util.concurrent.ThreadPoolExecutor$Worker.run(ThreadPoolExecutor.java:642)
	at java.base/java.lang.Thread.run(Thread.java:1583)
2025-02-19 06:38:26,472 [EventQueue-PipelineReportForPipelineReportHandler] ERROR pipeline.PipelineReportHandler (PipelineReportHandler.java:onMessage(95)) - Could not process pipeline report=pipelineID {
  id: "f1258f91-374d-44ac-9d89-7bef1d680e9b"
  uuid128 {
    mostSigBits: -1070291482569784148
    leastSigBits: -7095003471024746853
  }
}
isLeader: false
bytesWritten: 0
 from dn=49dd84ae-7ec9-4d92-bc53-345946144fea(localhost/127.0.0.1).
java.io.IOException: Datanode=49dd84ae-7ec9-4d92-bc53-345946144fea(localhost/127.0.0.1) not part of pipeline=PipelineID=f1258f91-374d-44ac-9d89-7bef1d680e9b
	at org.apache.hadoop.hdds.scm.pipeline.Pipeline.reportDatanode(Pipeline.java:336)
	at org.apache.hadoop.hdds.scm.pipeline.PipelineReportHandler.setReportedDatanode(PipelineReportHandler.java:154)
	at org.apache.hadoop.hdds.scm.pipeline.PipelineReportHandler.processPipelineReport(PipelineReportHandler.java:129)
	at org.apache.hadoop.hdds.scm.pipeline.PipelineReportHandler.onMessage(PipelineReportHandler.java:88)
	at org.apache.hadoop.hdds.scm.pipeline.PipelineReportHandler.onMessage(PipelineReportHandler.java:47)
	at org.apache.hadoop.hdds.server.events.SingleThreadExecutor.lambda$onMessage$1(SingleThreadExecutor.java:84)
	at java.base/java.util.concurrent.ThreadPoolExecutor.runWorker(ThreadPoolExecutor.java:1144)
	at java.base/java.util.concurrent.ThreadPoolExecutor$Worker.run(ThreadPoolExecutor.java:642)
	at java.base/java.lang.Thread.run(Thread.java:1583)
2025-02-19 06:38:26,473 [EventQueue-PipelineReportForPipelineReportHandler] ERROR pipeline.PipelineReportHandler (PipelineReportHandler.java:onMessage(95)) - Could not process pipeline report=pipelineID {
  id: "117721e1-84b0-442b-bd9d-b5b4ee72daef"
  uuid128 {
    mostSigBits: 1258511873350845483
    leastSigBits: -4783467440498353425
  }
}
isLeader: false
bytesWritten: 0
 from dn=49dd84ae-7ec9-4d92-bc53-345946144fea(localhost/127.0.0.1).
java.io.IOException: Datanode=49dd84ae-7ec9-4d92-bc53-345946144fea(localhost/127.0.0.1) not part of pipeline=PipelineID=117721e1-84b0-442b-bd9d-b5b4ee72daef
	at org.apache.hadoop.hdds.scm.pipeline.Pipeline.reportDatanode(Pipeline.java:336)
	at org.apache.hadoop.hdds.scm.pipeline.PipelineReportHandler.setReportedDatanode(PipelineReportHandler.java:154)
	at org.apache.hadoop.hdds.scm.pipeline.PipelineReportHandler.processPipelineReport(PipelineReportHandler.java:129)
	at org.apache.hadoop.hdds.scm.pipeline.PipelineReportHandler.onMessage(PipelineReportHandler.java:88)
	at org.apache.hadoop.hdds.scm.pipeline.PipelineReportHandler.onMessage(PipelineReportHandler.java:47)
	at org.apache.hadoop.hdds.server.events.SingleThreadExecutor.lambda$onMessage$1(SingleThreadExecutor.java:84)
	at java.base/java.util.concurrent.ThreadPoolExecutor.runWorker(ThreadPoolExecutor.java:1144)
	at java.base/java.util.concurrent.ThreadPoolExecutor$Worker.run(ThreadPoolExecutor.java:642)
	at java.base/java.lang.Thread.run(Thread.java:1583)
2025-02-19 06:38:26,872 [EventQueue-PipelineReportForPipelineReportHandler] ERROR pipeline.PipelineReportHandler (PipelineReportHandler.java:onMessage(95)) - Could not process pipeline report=pipelineID {
  id: "f1258f91-374d-44ac-9d89-7bef1d680e9b"
  uuid128 {
    mostSigBits: -1070291482569784148
    leastSigBits: -7095003471024746853
  }
}
isLeader: false
bytesWritten: 0
 from dn=49dd84ae-7ec9-4d92-bc53-345946144fea(localhost/127.0.0.1).
java.io.IOException: Datanode=49dd84ae-7ec9-4d92-bc53-345946144fea(localhost/127.0.0.1) not part of pipeline=PipelineID=f1258f91-374d-44ac-9d89-7bef1d680e9b
	at org.apache.hadoop.hdds.scm.pipeline.Pipeline.reportDatanode(Pipeline.java:336)
	at org.apache.hadoop.hdds.scm.pipeline.PipelineReportHandler.setReportedDatanode(PipelineReportHandler.java:154)
	at org.apache.hadoop.hdds.scm.pipeline.PipelineReportHandler.processPipelineReport(PipelineReportHandler.java:129)
	at org.apache.hadoop.hdds.scm.pipeline.PipelineReportHandler.onMessage(PipelineReportHandler.java:88)
	at org.apache.hadoop.hdds.scm.pipeline.PipelineReportHandler.onMessage(PipelineReportHandler.java:47)
	at org.apache.hadoop.hdds.server.events.SingleThreadExecutor.lambda$onMessage$1(SingleThreadExecutor.java:84)
	at java.base/java.util.concurrent.ThreadPoolExecutor.runWorker(ThreadPoolExecutor.java:1144)
	at java.base/java.util.concurrent.ThreadPoolExecutor$Worker.run(ThreadPoolExecutor.java:642)
	at java.base/java.lang.Thread.run(Thread.java:1583)
2025-02-19 06:38:26,872 [EventQueue-PipelineReportForPipelineReportHandler] ERROR pipeline.PipelineReportHandler (PipelineReportHandler.java:onMessage(95)) - Could not process pipeline report=pipelineID {
  id: "117721e1-84b0-442b-bd9d-b5b4ee72daef"
  uuid128 {
    mostSigBits: 1258511873350845483
    leastSigBits: -4783467440498353425
  }
}
isLeader: false
bytesWritten: 0
 from dn=49dd84ae-7ec9-4d92-bc53-345946144fea(localhost/127.0.0.1).
java.io.IOException: Datanode=49dd84ae-7ec9-4d92-bc53-345946144fea(localhost/127.0.0.1) not part of pipeline=PipelineID=117721e1-84b0-442b-bd9d-b5b4ee72daef
	at org.apache.hadoop.hdds.scm.pipeline.Pipeline.reportDatanode(Pipeline.java:336)
	at org.apache.hadoop.hdds.scm.pipeline.PipelineReportHandler.setReportedDatanode(PipelineReportHandler.java:154)
	at org.apache.hadoop.hdds.scm.pipeline.PipelineReportHandler.processPipelineReport(PipelineReportHandler.java:129)
	at org.apache.hadoop.hdds.scm.pipeline.PipelineReportHandler.onMessage(PipelineReportHandler.java:88)
	at org.apache.hadoop.hdds.scm.pipeline.PipelineReportHandler.onMessage(PipelineReportHandler.java:47)
	at org.apache.hadoop.hdds.server.events.SingleThreadExecutor.lambda$onMessage$1(SingleThreadExecutor.java:84)
	at java.base/java.util.concurrent.ThreadPoolExecutor.runWorker(ThreadPoolExecutor.java:1144)
	at java.base/java.util.concurrent.ThreadPoolExecutor$Worker.run(ThreadPoolExecutor.java:642)
	at java.base/java.lang.Thread.run(Thread.java:1583)
2025-02-19 06:38:26,969 [grpc-default-executor-4] WARN  server.GrpcServerProtocolService (LogUtils.java:warn(123)) - 49dd84ae-7ec9-4d92-bc53-345946144fea: Failed APPEND_ENTRIES request eb965ba7-12a8-46f3-92c0-bc6ff5b3bf3b->62ffdddc-aaf0-4ce5-9810-4c181ebbf473#9268-t1,previous=(t:1, i:16),leaderCommit=16,initializing? false,entries: size=2, first=(t:1, i:17), STATEMACHINELOGENTRY, WRITE: logData.size=154, stateMachineData.size=5, logEntryProtoSerializedSize=0
java.util.concurrent.CompletionException: org.apache.ratis.protocol.exceptions.GroupMismatchException: 49dd84ae-7ec9-4d92-bc53-345946144fea: group-81341F4E2824 not found.
	at java.base/java.util.concurrent.CompletableFuture.encodeThrowable(CompletableFuture.java:332)
	at java.base/java.util.concurrent.CompletableFuture.uniComposeStage(CompletableFuture.java:1177)
	at java.base/java.util.concurrent.CompletableFuture.thenCompose(CompletableFuture.java:2341)
	at org.apache.ratis.server.impl.RaftServerProxy.appendEntriesAsync(RaftServerProxy.java:645)
	at org.apache.ratis.grpc.server.GrpcServerProtocolService$1.process(GrpcServerProtocolService.java:229)
	at org.apache.ratis.grpc.server.GrpcServerProtocolService$1.process(GrpcServerProtocolService.java:226)
	at org.apache.ratis.grpc.server.GrpcServerProtocolService$ServerRequestStreamObserver.onNext(GrpcServerProtocolService.java:137)
	at org.apache.ratis.thirdparty.io.grpc.stub.ServerCalls$StreamingServerCallHandler$StreamingServerCallListener.onMessage(ServerCalls.java:262)
	at org.apache.ratis.thirdparty.io.grpc.internal.ServerCallImpl$ServerStreamListenerImpl.messagesAvailableInternal(ServerCallImpl.java:329)
	at org.apache.ratis.thirdparty.io.grpc.internal.ServerCallImpl$ServerStreamListenerImpl.messagesAvailable(ServerCallImpl.java:314)
	at org.apache.ratis.thirdparty.io.grpc.internal.ServerImpl$JumpToApplicationThreadServerStreamListener$1MessagesAvailable.runInContext(ServerImpl.java:833)
	at org.apache.ratis.thirdparty.io.grpc.internal.ContextRunnable.run(ContextRunnable.java:37)
	at org.apache.ratis.thirdparty.io.grpc.internal.SerializingExecutor.run(SerializingExecutor.java:133)
	at java.base/java.util.concurrent.ThreadPoolExecutor.runWorker(ThreadPoolExecutor.java:1144)
	at java.base/java.util.concurrent.ThreadPoolExecutor$Worker.run(ThreadPoolExecutor.java:642)
	at java.base/java.lang.Thread.run(Thread.java:1583)
Caused by: org.apache.ratis.protocol.exceptions.GroupMismatchException: 49dd84ae-7ec9-4d92-bc53-345946144fea: group-81341F4E2824 not found.
	at org.apache.ratis.server.impl.RaftServerProxy$ImplMap.get(RaftServerProxy.java:155)
	at org.apache.ratis.server.impl.RaftServerProxy.getImplFuture(RaftServerProxy.java:365)
	at org.apache.ratis.server.impl.RaftServerProxy.appendEntriesAsync(RaftServerProxy.java:644)
	... 12 more
2025-02-19 06:38:26,972 [grpc-default-executor-8] WARN  server.GrpcLogAppender (LogUtils.java:warn(123)) - eb965ba7-12a8-46f3-92c0-bc6ff5b3bf3b@group-81341F4E2824->62ffdddc-aaf0-4ce5-9810-4c181ebbf473-AppendLogResponseHandler: Failed appendEntries
org.apache.ratis.protocol.exceptions.GroupMismatchException: 49dd84ae-7ec9-4d92-bc53-345946144fea: group-81341F4E2824 not found.
	at org.apache.ratis.server.impl.RaftServerProxy$ImplMap.get(RaftServerProxy.java:155)
	at org.apache.ratis.server.impl.RaftServerProxy.getImplFuture(RaftServerProxy.java:365)
	at org.apache.ratis.server.impl.RaftServerProxy.appendEntriesAsync(RaftServerProxy.java:644)
	at org.apache.ratis.grpc.server.GrpcServerProtocolService$1.process(GrpcServerProtocolService.java:229)
	at org.apache.ratis.grpc.server.GrpcServerProtocolService$1.process(GrpcServerProtocolService.java:226)
	at org.apache.ratis.grpc.server.GrpcServerProtocolService$ServerRequestStreamObserver.onNext(GrpcServerProtocolService.java:137)
	at org.apache.ratis.thirdparty.io.grpc.stub.ServerCalls$StreamingServerCallHandler$StreamingServerCallListener.onMessage(ServerCalls.java:262)
	at org.apache.ratis.thirdparty.io.grpc.internal.ServerCallImpl$ServerStreamListenerImpl.messagesAvailableInternal(ServerCallImpl.java:329)
	at org.apache.ratis.thirdparty.io.grpc.internal.ServerCallImpl$ServerStreamListenerImpl.messagesAvailable(ServerCallImpl.java:314)
	at org.apache.ratis.thirdparty.io.grpc.internal.ServerImpl$JumpToApplicationThreadServerStreamListener$1MessagesAvailable.runInContext(ServerImpl.java:833)
	at org.apache.ratis.thirdparty.io.grpc.internal.ContextRunnable.run(ContextRunnable.java:37)
	at org.apache.ratis.thirdparty.io.grpc.internal.SerializingExecutor.run(SerializingExecutor.java:133)
	at java.base/java.util.concurrent.ThreadPoolExecutor.runWorker(ThreadPoolExecutor.java:1144)
	at java.base/java.util.concurrent.ThreadPoolExecutor$Worker.run(ThreadPoolExecutor.java:642)
	at java.base/java.lang.Thread.run(Thread.java:1583)
2025-02-19 06:38:26,972 [grpc-default-executor-8] INFO  leader.LogAppender (LogAppenderBase.java:lambda$getNextIndexForError$0(215)) - Decrease nextIndex to 17
2025-02-19 06:38:26,972 [grpc-default-executor-8] INFO  leader.LogAppender (LogAppenderBase.java:lambda$getNextIndexForError$0(215)) - Decrease nextIndex to 17
2025-02-19 06:38:26,972 [grpc-default-executor-8] INFO  leader.FollowerInfo (FollowerInfoImpl.java:info(70)) - eb965ba7-12a8-46f3-92c0-bc6ff5b3bf3b@group-81341F4E2824->62ffdddc-aaf0-4ce5-9810-4c181ebbf473: computeNextIndex nextIndex: updateUnconditionally 19 -> 17
2025-02-19 06:38:26,975 [eb965ba7-12a8-46f3-92c0-bc6ff5b3bf3b@group-81341F4E2824-StateMachineUpdater] INFO  ratis.ContainerStateMachine (ContainerStateMachine.java:takeSnapshot(376)) - group-81341F4E2824: Taking a snapshot at:(t:1, i:17) file /home/runner/work/ozone/ozone/hadoop-ozone/integration-test/target/test-dir/MiniOzoneClusterImpl-3e129c02-f7f1-4d32-bd92-d681932e2c0d/ozone-meta/datanode-3/ratis/e1fc892c-095b-4650-8f0f-81341f4e2824/sm/snapshot.1_17
2025-02-19 06:38:26,976 [grpc-default-executor-8] WARN  server.GrpcServerProtocolService (LogUtils.java:warn(123)) - 49dd84ae-7ec9-4d92-bc53-345946144fea: Failed APPEND_ENTRIES request eb965ba7-12a8-46f3-92c0-bc6ff5b3bf3b->62ffdddc-aaf0-4ce5-9810-4c181ebbf473#9273-t1,previous=(t:1, i:16),leaderCommit=18,initializing? false,entries: size=4, first=(t:1, i:17), STATEMACHINELOGENTRY, WRITE: logData.size=154, stateMachineData.size=5, logEntryProtoSerializedSize=0
java.util.concurrent.CompletionException: org.apache.ratis.protocol.exceptions.GroupMismatchException: 49dd84ae-7ec9-4d92-bc53-345946144fea: group-81341F4E2824 not found.
	at java.base/java.util.concurrent.CompletableFuture.encodeThrowable(CompletableFuture.java:332)
	at java.base/java.util.concurrent.CompletableFuture.uniComposeStage(CompletableFuture.java:1177)
	at java.base/java.util.concurrent.CompletableFuture.thenCompose(CompletableFuture.java:2341)
	at org.apache.ratis.server.impl.RaftServerProxy.appendEntriesAsync(RaftServerProxy.java:645)
	at org.apache.ratis.grpc.server.GrpcServerProtocolService$1.process(GrpcServerProtocolService.java:229)
	at org.apache.ratis.grpc.server.GrpcServerProtocolService$1.process(GrpcServerProtocolService.java:226)
	at org.apache.ratis.grpc.server.GrpcServerProtocolService$ServerRequestStreamObserver.onNext(GrpcServerProtocolService.java:137)
	at org.apache.ratis.thirdparty.io.grpc.stub.ServerCalls$StreamingServerCallHandler$StreamingServerCallListener.onMessage(ServerCalls.java:262)
	at org.apache.ratis.thirdparty.io.grpc.internal.ServerCallImpl$ServerStreamListenerImpl.messagesAvailableInternal(ServerCallImpl.java:329)
	at org.apache.ratis.thirdparty.io.grpc.internal.ServerCallImpl$ServerStreamListenerImpl.messagesAvailable(ServerCallImpl.java:314)
	at org.apache.ratis.thirdparty.io.grpc.internal.ServerImpl$JumpToApplicationThreadServerStreamListener$1MessagesAvailable.runInContext(ServerImpl.java:833)
	at org.apache.ratis.thirdparty.io.grpc.internal.ContextRunnable.run(ContextRunnable.java:37)
	at org.apache.ratis.thirdparty.io.grpc.internal.SerializingExecutor.run(SerializingExecutor.java:133)
	at java.base/java.util.concurrent.ThreadPoolExecutor.runWorker(ThreadPoolExecutor.java:1144)
	at java.base/java.util.concurrent.ThreadPoolExecutor$Worker.run(ThreadPoolExecutor.java:642)
	at java.base/java.lang.Thread.run(Thread.java:1583)
Caused by: org.apache.ratis.protocol.exceptions.GroupMismatchException: 49dd84ae-7ec9-4d92-bc53-345946144fea: group-81341F4E2824 not found.
	at org.apache.ratis.server.impl.RaftServerProxy$ImplMap.get(RaftServerProxy.java:155)
	at org.apache.ratis.server.impl.RaftServerProxy.getImplFuture(RaftServerProxy.java:365)
	at org.apache.ratis.server.impl.RaftServerProxy.appendEntriesAsync(RaftServerProxy.java:644)
	... 12 more
2025-02-19 06:38:26,977 [eb965ba7-12a8-46f3-92c0-bc6ff5b3bf3b@group-81341F4E2824-StateMachineUpdater] INFO  ratis.ContainerStateMachine (ContainerStateMachine.java:takeSnapshot(387)) - group-81341F4E2824: Finished taking a snapshot at:(t:1, i:17) file:/home/runner/work/ozone/ozone/hadoop-ozone/integration-test/target/test-dir/MiniOzoneClusterImpl-3e129c02-f7f1-4d32-bd92-d681932e2c0d/ozone-meta/datanode-3/ratis/e1fc892c-095b-4650-8f0f-81341f4e2824/sm/snapshot.1_17 took: 2 ms
2025-02-19 06:38:26,977 [eb965ba7-12a8-46f3-92c0-bc6ff5b3bf3b@group-81341F4E2824-StateMachineUpdater] INFO  impl.SimpleStateMachineStorage (SimpleStateMachineStorage.java:lambda$cleanupOldSnapshots$1(126)) - Deleting old snapshot at /home/runner/work/ozone/ozone/hadoop-ozone/integration-test/target/test-dir/MiniOzoneClusterImpl-3e129c02-f7f1-4d32-bd92-d681932e2c0d/ozone-meta/datanode-3/ratis/e1fc892c-095b-4650-8f0f-81341f4e2824/sm/snapshot.1_5
2025-02-19 06:38:26,977 [eb965ba7-12a8-46f3-92c0-bc6ff5b3bf3b@group-81341F4E2824-StateMachineUpdater] INFO  impl.StateMachineUpdater (StateMachineUpdater.java:takeSnapshot(303)) - eb965ba7-12a8-46f3-92c0-bc6ff5b3bf3b@group-81341F4E2824-StateMachineUpdater: Took a snapshot at index 17
2025-02-19 06:38:26,977 [eb965ba7-12a8-46f3-92c0-bc6ff5b3bf3b@group-81341F4E2824-StateMachineUpdater] INFO  impl.StateMachineUpdater (StateMachineUpdater.java:lambda$new$0(102)) - eb965ba7-12a8-46f3-92c0-bc6ff5b3bf3b@group-81341F4E2824-StateMachineUpdater: snapshotIndex: updateIncreasingly 16 -> 17
2025-02-19 06:38:26,978 [grpc-default-executor-2] INFO  leader.LogAppender (LogAppenderBase.java:lambda$getNextIndexForError$0(215)) - Decrease nextIndex to 17
2025-02-19 06:38:26,978 [grpc-default-executor-2] INFO  leader.LogAppender (LogAppenderBase.java:lambda$getNextIndexForError$0(215)) - Decrease nextIndex to 17
2025-02-19 06:38:26,978 [grpc-default-executor-2] INFO  leader.FollowerInfo (FollowerInfoImpl.java:info(70)) - eb965ba7-12a8-46f3-92c0-bc6ff5b3bf3b@group-81341F4E2824->62ffdddc-aaf0-4ce5-9810-4c181ebbf473: computeNextIndex nextIndex: updateUnconditionally 21 -> 17
2025-02-19 06:38:26,979 [6b36f32d-918c-46a3-bfcb-888cb423c6dd@group-81341F4E2824-StateMachineUpdater] INFO  ratis.ContainerStateMachine (ContainerStateMachine.java:takeSnapshot(376)) - group-81341F4E2824: Taking a snapshot at:(t:1, i:18) file /home/runner/work/ozone/ozone/hadoop-ozone/integration-test/target/test-dir/MiniOzoneClusterImpl-3e129c02-f7f1-4d32-bd92-d681932e2c0d/ozone-meta/datanode-2/ratis/e1fc892c-095b-4650-8f0f-81341f4e2824/sm/snapshot.1_18
2025-02-19 06:38:26,979 [6b36f32d-918c-46a3-bfcb-888cb423c6dd@group-81341F4E2824-StateMachineUpdater] INFO  ratis.ContainerStateMachine (ContainerStateMachine.java:takeSnapshot(387)) - group-81341F4E2824: Finished taking a snapshot at:(t:1, i:18) file:/home/runner/work/ozone/ozone/hadoop-ozone/integration-test/target/test-dir/MiniOzoneClusterImpl-3e129c02-f7f1-4d32-bd92-d681932e2c0d/ozone-meta/datanode-2/ratis/e1fc892c-095b-4650-8f0f-81341f4e2824/sm/snapshot.1_18 took: 1 ms
2025-02-19 06:38:26,980 [6b36f32d-918c-46a3-bfcb-888cb423c6dd@group-81341F4E2824-StateMachineUpdater] INFO  impl.SimpleStateMachineStorage (SimpleStateMachineStorage.java:lambda$cleanupOldSnapshots$1(126)) - Deleting old snapshot at /home/runner/work/ozone/ozone/hadoop-ozone/integration-test/target/test-dir/MiniOzoneClusterImpl-3e129c02-f7f1-4d32-bd92-d681932e2c0d/ozone-meta/datanode-2/ratis/e1fc892c-095b-4650-8f0f-81341f4e2824/sm/snapshot.1_6
2025-02-19 06:38:26,980 [6b36f32d-918c-46a3-bfcb-888cb423c6dd@group-81341F4E2824-StateMachineUpdater] INFO  impl.StateMachineUpdater (StateMachineUpdater.java:takeSnapshot(303)) - 6b36f32d-918c-46a3-bfcb-888cb423c6dd@group-81341F4E2824-StateMachineUpdater: Took a snapshot at index 18
2025-02-19 06:38:26,980 [6b36f32d-918c-46a3-bfcb-888cb423c6dd@group-81341F4E2824-StateMachineUpdater] INFO  impl.StateMachineUpdater (StateMachineUpdater.java:lambda$new$0(102)) - 6b36f32d-918c-46a3-bfcb-888cb423c6dd@group-81341F4E2824-StateMachineUpdater: snapshotIndex: updateIncreasingly 16 -> 18
2025-02-19 06:38:27,244 [timer6] WARN  server.GrpcLogAppender (GrpcLogAppender.java:timeoutAppendRequest(441)) - 25fe7083-9332-4190-accf-9f4542114dd9@group-B5B4EE72DAEF->62ffdddc-aaf0-4ce5-9810-4c181ebbf473-GrpcLogAppender: Timed out HEARTBEAT appendEntries, errorCount=2, request=AppendEntriesRequest:cid=4703,entriesCount=0
2025-02-19 06:38:27,272 [EventQueue-PipelineReportForPipelineReportHandler] ERROR pipeline.PipelineReportHandler (PipelineReportHandler.java:onMessage(95)) - Could not process pipeline report=pipelineID {
  id: "f1258f91-374d-44ac-9d89-7bef1d680e9b"
  uuid128 {
    mostSigBits: -1070291482569784148
    leastSigBits: -7095003471024746853
  }
}
isLeader: false
bytesWritten: 0
 from dn=49dd84ae-7ec9-4d92-bc53-345946144fea(localhost/127.0.0.1).
java.io.IOException: Datanode=49dd84ae-7ec9-4d92-bc53-345946144fea(localhost/127.0.0.1) not part of pipeline=PipelineID=f1258f91-374d-44ac-9d89-7bef1d680e9b
	at org.apache.hadoop.hdds.scm.pipeline.Pipeline.reportDatanode(Pipeline.java:336)
	at org.apache.hadoop.hdds.scm.pipeline.PipelineReportHandler.setReportedDatanode(PipelineReportHandler.java:154)
	at org.apache.hadoop.hdds.scm.pipeline.PipelineReportHandler.processPipelineReport(PipelineReportHandler.java:129)
	at org.apache.hadoop.hdds.scm.pipeline.PipelineReportHandler.onMessage(PipelineReportHandler.java:88)
	at org.apache.hadoop.hdds.scm.pipeline.PipelineReportHandler.onMessage(PipelineReportHandler.java:47)
	at org.apache.hadoop.hdds.server.events.SingleThreadExecutor.lambda$onMessage$1(SingleThreadExecutor.java:84)
	at java.base/java.util.concurrent.ThreadPoolExecutor.runWorker(ThreadPoolExecutor.java:1144)
	at java.base/java.util.concurrent.ThreadPoolExecutor$Worker.run(ThreadPoolExecutor.java:642)
	at java.base/java.lang.Thread.run(Thread.java:1583)
2025-02-19 06:38:27,272 [EventQueue-PipelineReportForPipelineReportHandler] ERROR pipeline.PipelineReportHandler (PipelineReportHandler.java:onMessage(95)) - Could not process pipeline report=pipelineID {
  id: "117721e1-84b0-442b-bd9d-b5b4ee72daef"
  uuid128 {
    mostSigBits: 1258511873350845483
    leastSigBits: -4783467440498353425
  }
}
isLeader: false
bytesWritten: 0
 from dn=49dd84ae-7ec9-4d92-bc53-345946144fea(localhost/127.0.0.1).
java.io.IOException: Datanode=49dd84ae-7ec9-4d92-bc53-345946144fea(localhost/127.0.0.1) not part of pipeline=PipelineID=117721e1-84b0-442b-bd9d-b5b4ee72daef
	at org.apache.hadoop.hdds.scm.pipeline.Pipeline.reportDatanode(Pipeline.java:336)
	at org.apache.hadoop.hdds.scm.pipeline.PipelineReportHandler.setReportedDatanode(PipelineReportHandler.java:154)
	at org.apache.hadoop.hdds.scm.pipeline.PipelineReportHandler.processPipelineReport(PipelineReportHandler.java:129)
	at org.apache.hadoop.hdds.scm.pipeline.PipelineReportHandler.onMessage(PipelineReportHandler.java:88)
	at org.apache.hadoop.hdds.scm.pipeline.PipelineReportHandler.onMessage(PipelineReportHandler.java:47)
	at org.apache.hadoop.hdds.server.events.SingleThreadExecutor.lambda$onMessage$1(SingleThreadExecutor.java:84)
	at java.base/java.util.concurrent.ThreadPoolExecutor.runWorker(ThreadPoolExecutor.java:1144)
	at java.base/java.util.concurrent.ThreadPoolExecutor$Worker.run(ThreadPoolExecutor.java:642)
	at java.base/java.lang.Thread.run(Thread.java:1583)
2025-02-19 06:38:27,473 [EventQueue-PipelineReportForPipelineReportHandler] ERROR pipeline.PipelineReportHandler (PipelineReportHandler.java:onMessage(95)) - Could not process pipeline report=pipelineID {
  id: "f1258f91-374d-44ac-9d89-7bef1d680e9b"
  uuid128 {
    mostSigBits: -1070291482569784148
    leastSigBits: -7095003471024746853
  }
}
isLeader: false
bytesWritten: 0
 from dn=49dd84ae-7ec9-4d92-bc53-345946144fea(localhost/127.0.0.1).
java.io.IOException: Datanode=49dd84ae-7ec9-4d92-bc53-345946144fea(localhost/127.0.0.1) not part of pipeline=PipelineID=f1258f91-374d-44ac-9d89-7bef1d680e9b
	at org.apache.hadoop.hdds.scm.pipeline.Pipeline.reportDatanode(Pipeline.java:336)
	at org.apache.hadoop.hdds.scm.pipeline.PipelineReportHandler.setReportedDatanode(PipelineReportHandler.java:154)
	at org.apache.hadoop.hdds.scm.pipeline.PipelineReportHandler.processPipelineReport(PipelineReportHandler.java:129)
	at org.apache.hadoop.hdds.scm.pipeline.PipelineReportHandler.onMessage(PipelineReportHandler.java:88)
	at org.apache.hadoop.hdds.scm.pipeline.PipelineReportHandler.onMessage(PipelineReportHandler.java:47)
	at org.apache.hadoop.hdds.server.events.SingleThreadExecutor.lambda$onMessage$1(SingleThreadExecutor.java:84)
	at java.base/java.util.concurrent.ThreadPoolExecutor.runWorker(ThreadPoolExecutor.java:1144)
	at java.base/java.util.concurrent.ThreadPoolExecutor$Worker.run(ThreadPoolExecutor.java:642)
	at java.base/java.lang.Thread.run(Thread.java:1583)
2025-02-19 06:38:27,473 [EventQueue-PipelineReportForPipelineReportHandler] ERROR pipeline.PipelineReportHandler (PipelineReportHandler.java:onMessage(95)) - Could not process pipeline report=pipelineID {
  id: "117721e1-84b0-442b-bd9d-b5b4ee72daef"
  uuid128 {
    mostSigBits: 1258511873350845483
    leastSigBits: -4783467440498353425
  }
}
isLeader: false
bytesWritten: 0
 from dn=49dd84ae-7ec9-4d92-bc53-345946144fea(localhost/127.0.0.1).
java.io.IOException: Datanode=49dd84ae-7ec9-4d92-bc53-345946144fea(localhost/127.0.0.1) not part of pipeline=PipelineID=117721e1-84b0-442b-bd9d-b5b4ee72daef
	at org.apache.hadoop.hdds.scm.pipeline.Pipeline.reportDatanode(Pipeline.java:336)
	at org.apache.hadoop.hdds.scm.pipeline.PipelineReportHandler.setReportedDatanode(PipelineReportHandler.java:154)
	at org.apache.hadoop.hdds.scm.pipeline.PipelineReportHandler.processPipelineReport(PipelineReportHandler.java:129)
	at org.apache.hadoop.hdds.scm.pipeline.PipelineReportHandler.onMessage(PipelineReportHandler.java:88)
	at org.apache.hadoop.hdds.scm.pipeline.PipelineReportHandler.onMessage(PipelineReportHandler.java:47)
	at org.apache.hadoop.hdds.server.events.SingleThreadExecutor.lambda$onMessage$1(SingleThreadExecutor.java:84)
	at java.base/java.util.concurrent.ThreadPoolExecutor.runWorker(ThreadPoolExecutor.java:1144)
	at java.base/java.util.concurrent.ThreadPoolExecutor$Worker.run(ThreadPoolExecutor.java:642)
	at java.base/java.lang.Thread.run(Thread.java:1583)
2025-02-19 06:38:27,874 [EventQueue-PipelineReportForPipelineReportHandler] ERROR pipeline.PipelineReportHandler (PipelineReportHandler.java:onMessage(95)) - Could not process pipeline report=pipelineID {
  id: "f1258f91-374d-44ac-9d89-7bef1d680e9b"
  uuid128 {
    mostSigBits: -1070291482569784148
    leastSigBits: -7095003471024746853
  }
}
isLeader: false
bytesWritten: 0
 from dn=49dd84ae-7ec9-4d92-bc53-345946144fea(localhost/127.0.0.1).
java.io.IOException: Datanode=49dd84ae-7ec9-4d92-bc53-345946144fea(localhost/127.0.0.1) not part of pipeline=PipelineID=f1258f91-374d-44ac-9d89-7bef1d680e9b
	at org.apache.hadoop.hdds.scm.pipeline.Pipeline.reportDatanode(Pipeline.java:336)
	at org.apache.hadoop.hdds.scm.pipeline.PipelineReportHandler.setReportedDatanode(PipelineReportHandler.java:154)
	at org.apache.hadoop.hdds.scm.pipeline.PipelineReportHandler.processPipelineReport(PipelineReportHandler.java:129)
	at org.apache.hadoop.hdds.scm.pipeline.PipelineReportHandler.onMessage(PipelineReportHandler.java:88)
	at org.apache.hadoop.hdds.scm.pipeline.PipelineReportHandler.onMessage(PipelineReportHandler.java:47)
	at org.apache.hadoop.hdds.server.events.SingleThreadExecutor.lambda$onMessage$1(SingleThreadExecutor.java:84)
	at java.base/java.util.concurrent.ThreadPoolExecutor.runWorker(ThreadPoolExecutor.java:1144)
	at java.base/java.util.concurrent.ThreadPoolExecutor$Worker.run(ThreadPoolExecutor.java:642)
	at java.base/java.lang.Thread.run(Thread.java:1583)
2025-02-19 06:38:27,874 [EventQueue-PipelineReportForPipelineReportHandler] ERROR pipeline.PipelineReportHandler (PipelineReportHandler.java:onMessage(95)) - Could not process pipeline report=pipelineID {
  id: "117721e1-84b0-442b-bd9d-b5b4ee72daef"
  uuid128 {
    mostSigBits: 1258511873350845483
    leastSigBits: -4783467440498353425
  }
}
isLeader: false
bytesWritten: 0
 from dn=49dd84ae-7ec9-4d92-bc53-345946144fea(localhost/127.0.0.1).
java.io.IOException: Datanode=49dd84ae-7ec9-4d92-bc53-345946144fea(localhost/127.0.0.1) not part of pipeline=PipelineID=117721e1-84b0-442b-bd9d-b5b4ee72daef
	at org.apache.hadoop.hdds.scm.pipeline.Pipeline.reportDatanode(Pipeline.java:336)
	at org.apache.hadoop.hdds.scm.pipeline.PipelineReportHandler.setReportedDatanode(PipelineReportHandler.java:154)
	at org.apache.hadoop.hdds.scm.pipeline.PipelineReportHandler.processPipelineReport(PipelineReportHandler.java:129)
	at org.apache.hadoop.hdds.scm.pipeline.PipelineReportHandler.onMessage(PipelineReportHandler.java:88)
	at org.apache.hadoop.hdds.scm.pipeline.PipelineReportHandler.onMessage(PipelineReportHandler.java:47)
	at org.apache.hadoop.hdds.server.events.SingleThreadExecutor.lambda$onMessage$1(SingleThreadExecutor.java:84)
	at java.base/java.util.concurrent.ThreadPoolExecutor.runWorker(ThreadPoolExecutor.java:1144)
	at java.base/java.util.concurrent.ThreadPoolExecutor$Worker.run(ThreadPoolExecutor.java:642)
	at java.base/java.lang.Thread.run(Thread.java:1583)
2025-02-19 06:38:27,983 [6b36f32d-918c-46a3-bfcb-888cb423c6dd@group-81341F4E2824-StateMachineUpdater] INFO  ratis.ContainerStateMachine (ContainerStateMachine.java:takeSnapshot(376)) - group-81341F4E2824: Taking a snapshot at:(t:1, i:20) file /home/runner/work/ozone/ozone/hadoop-ozone/integration-test/target/test-dir/MiniOzoneClusterImpl-3e129c02-f7f1-4d32-bd92-d681932e2c0d/ozone-meta/datanode-2/ratis/e1fc892c-095b-4650-8f0f-81341f4e2824/sm/snapshot.1_20
2025-02-19 06:38:27,984 [grpc-default-executor-8] WARN  server.GrpcServerProtocolService (LogUtils.java:warn(123)) - 49dd84ae-7ec9-4d92-bc53-345946144fea: Failed APPEND_ENTRIES request eb965ba7-12a8-46f3-92c0-bc6ff5b3bf3b->62ffdddc-aaf0-4ce5-9810-4c181ebbf473#9275-t1,previous=(t:1, i:16),leaderCommit=20,initializing? false,entries: size=5, first=(t:1, i:17), STATEMACHINELOGENTRY, WRITE: logData.size=154, stateMachineData.size=5, logEntryProtoSerializedSize=0
java.util.concurrent.CompletionException: org.apache.ratis.protocol.exceptions.GroupMismatchException: 49dd84ae-7ec9-4d92-bc53-345946144fea: group-81341F4E2824 not found.
	at java.base/java.util.concurrent.CompletableFuture.encodeThrowable(CompletableFuture.java:332)
	at java.base/java.util.concurrent.CompletableFuture.uniComposeStage(CompletableFuture.java:1177)
	at java.base/java.util.concurrent.CompletableFuture.thenCompose(CompletableFuture.java:2341)
	at org.apache.ratis.server.impl.RaftServerProxy.appendEntriesAsync(RaftServerProxy.java:645)
	at org.apache.ratis.grpc.server.GrpcServerProtocolService$1.process(GrpcServerProtocolService.java:229)
	at org.apache.ratis.grpc.server.GrpcServerProtocolService$1.process(GrpcServerProtocolService.java:226)
	at org.apache.ratis.grpc.server.GrpcServerProtocolService$ServerRequestStreamObserver.onNext(GrpcServerProtocolService.java:137)
	at org.apache.ratis.thirdparty.io.grpc.stub.ServerCalls$StreamingServerCallHandler$StreamingServerCallListener.onMessage(ServerCalls.java:262)
	at org.apache.ratis.thirdparty.io.grpc.internal.ServerCallImpl$ServerStreamListenerImpl.messagesAvailableInternal(ServerCallImpl.java:329)
	at org.apache.ratis.thirdparty.io.grpc.internal.ServerCallImpl$ServerStreamListenerImpl.messagesAvailable(ServerCallImpl.java:314)
	at org.apache.ratis.thirdparty.io.grpc.internal.ServerImpl$JumpToApplicationThreadServerStreamListener$1MessagesAvailable.runInContext(ServerImpl.java:833)
	at org.apache.ratis.thirdparty.io.grpc.internal.ContextRunnable.run(ContextRunnable.java:37)
	at org.apache.ratis.thirdparty.io.grpc.internal.SerializingExecutor.run(SerializingExecutor.java:133)
	at java.base/java.util.concurrent.ThreadPoolExecutor.runWorker(ThreadPoolExecutor.java:1144)
	at java.base/java.util.concurrent.ThreadPoolExecutor$Worker.run(ThreadPoolExecutor.java:642)
	at java.base/java.lang.Thread.run(Thread.java:1583)
Caused by: org.apache.ratis.protocol.exceptions.GroupMismatchException: 49dd84ae-7ec9-4d92-bc53-345946144fea: group-81341F4E2824 not found.
	at org.apache.ratis.server.impl.RaftServerProxy$ImplMap.get(RaftServerProxy.java:155)
	at org.apache.ratis.server.impl.RaftServerProxy.getImplFuture(RaftServerProxy.java:365)
	at org.apache.ratis.server.impl.RaftServerProxy.appendEntriesAsync(RaftServerProxy.java:644)
	... 12 more
2025-02-19 06:38:27,985 [eb965ba7-12a8-46f3-92c0-bc6ff5b3bf3b@group-81341F4E2824-StateMachineUpdater] INFO  ratis.ContainerStateMachine (ContainerStateMachine.java:takeSnapshot(376)) - group-81341F4E2824: Taking a snapshot at:(t:1, i:21) file /home/runner/work/ozone/ozone/hadoop-ozone/integration-test/target/test-dir/MiniOzoneClusterImpl-3e129c02-f7f1-4d32-bd92-d681932e2c0d/ozone-meta/datanode-3/ratis/e1fc892c-095b-4650-8f0f-81341f4e2824/sm/snapshot.1_21
2025-02-19 06:38:27,985 [grpc-default-executor-2] INFO  leader.LogAppender (LogAppenderBase.java:lambda$getNextIndexForError$0(215)) - Decrease nextIndex to 17
2025-02-19 06:38:27,986 [grpc-default-executor-2] INFO  leader.LogAppender (LogAppenderBase.java:lambda$getNextIndexForError$0(215)) - Decrease nextIndex to 17
2025-02-19 06:38:27,986 [grpc-default-executor-2] INFO  leader.FollowerInfo (FollowerInfoImpl.java:info(70)) - eb965ba7-12a8-46f3-92c0-bc6ff5b3bf3b@group-81341F4E2824->62ffdddc-aaf0-4ce5-9810-4c181ebbf473: computeNextIndex nextIndex: updateUnconditionally 22 -> 17
2025-02-19 06:38:27,986 [6b36f32d-918c-46a3-bfcb-888cb423c6dd@group-81341F4E2824-StateMachineUpdater] INFO  ratis.ContainerStateMachine (ContainerStateMachine.java:takeSnapshot(387)) - group-81341F4E2824: Finished taking a snapshot at:(t:1, i:20) file:/home/runner/work/ozone/ozone/hadoop-ozone/integration-test/target/test-dir/MiniOzoneClusterImpl-3e129c02-f7f1-4d32-bd92-d681932e2c0d/ozone-meta/datanode-2/ratis/e1fc892c-095b-4650-8f0f-81341f4e2824/sm/snapshot.1_20 took: 4 ms
2025-02-19 06:38:27,987 [eb965ba7-12a8-46f3-92c0-bc6ff5b3bf3b@group-81341F4E2824-StateMachineUpdater] INFO  ratis.ContainerStateMachine (ContainerStateMachine.java:takeSnapshot(387)) - group-81341F4E2824: Finished taking a snapshot at:(t:1, i:21) file:/home/runner/work/ozone/ozone/hadoop-ozone/integration-test/target/test-dir/MiniOzoneClusterImpl-3e129c02-f7f1-4d32-bd92-d681932e2c0d/ozone-meta/datanode-3/ratis/e1fc892c-095b-4650-8f0f-81341f4e2824/sm/snapshot.1_21 took: 2 ms
2025-02-19 06:38:27,987 [eb965ba7-12a8-46f3-92c0-bc6ff5b3bf3b@group-81341F4E2824-StateMachineUpdater] INFO  impl.SimpleStateMachineStorage (SimpleStateMachineStorage.java:lambda$cleanupOldSnapshots$1(126)) - Deleting old snapshot at /home/runner/work/ozone/ozone/hadoop-ozone/integration-test/target/test-dir/MiniOzoneClusterImpl-3e129c02-f7f1-4d32-bd92-d681932e2c0d/ozone-meta/datanode-3/ratis/e1fc892c-095b-4650-8f0f-81341f4e2824/sm/snapshot.1_9
2025-02-19 06:38:27,987 [eb965ba7-12a8-46f3-92c0-bc6ff5b3bf3b@group-81341F4E2824-StateMachineUpdater] INFO  impl.StateMachineUpdater (StateMachineUpdater.java:takeSnapshot(303)) - eb965ba7-12a8-46f3-92c0-bc6ff5b3bf3b@group-81341F4E2824-StateMachineUpdater: Took a snapshot at index 21
2025-02-19 06:38:27,987 [eb965ba7-12a8-46f3-92c0-bc6ff5b3bf3b@group-81341F4E2824-StateMachineUpdater] INFO  impl.StateMachineUpdater (StateMachineUpdater.java:lambda$new$0(102)) - eb965ba7-12a8-46f3-92c0-bc6ff5b3bf3b@group-81341F4E2824-StateMachineUpdater: snapshotIndex: updateIncreasingly 17 -> 21
2025-02-19 06:38:27,987 [6b36f32d-918c-46a3-bfcb-888cb423c6dd@group-81341F4E2824-StateMachineUpdater] INFO  impl.SimpleStateMachineStorage (SimpleStateMachineStorage.java:lambda$cleanupOldSnapshots$1(126)) - Deleting old snapshot at /home/runner/work/ozone/ozone/hadoop-ozone/integration-test/target/test-dir/MiniOzoneClusterImpl-3e129c02-f7f1-4d32-bd92-d681932e2c0d/ozone-meta/datanode-2/ratis/e1fc892c-095b-4650-8f0f-81341f4e2824/sm/snapshot.1_8
2025-02-19 06:38:27,988 [6b36f32d-918c-46a3-bfcb-888cb423c6dd@group-81341F4E2824-StateMachineUpdater] INFO  impl.StateMachineUpdater (StateMachineUpdater.java:takeSnapshot(303)) - 6b36f32d-918c-46a3-bfcb-888cb423c6dd@group-81341F4E2824-StateMachineUpdater: Took a snapshot at index 20
2025-02-19 06:38:27,988 [6b36f32d-918c-46a3-bfcb-888cb423c6dd@group-81341F4E2824-StateMachineUpdater] INFO  impl.StateMachineUpdater (StateMachineUpdater.java:lambda$new$0(102)) - 6b36f32d-918c-46a3-bfcb-888cb423c6dd@group-81341F4E2824-StateMachineUpdater: snapshotIndex: updateIncreasingly 18 -> 20
2025-02-19 06:38:27,990 [grpc-default-executor-7] WARN  server.GrpcServerProtocolService (LogUtils.java:warn(123)) - 49dd84ae-7ec9-4d92-bc53-345946144fea: Failed APPEND_ENTRIES request eb965ba7-12a8-46f3-92c0-bc6ff5b3bf3b->62ffdddc-aaf0-4ce5-9810-4c181ebbf473#9277-t1,previous=(t:1, i:16),leaderCommit=22,initializing? false,entries: size=8, first=(t:1, i:17), STATEMACHINELOGENTRY, WRITE: logData.size=154, stateMachineData.size=5, logEntryProtoSerializedSize=0
java.util.concurrent.CompletionException: org.apache.ratis.protocol.exceptions.GroupMismatchException: 49dd84ae-7ec9-4d92-bc53-345946144fea: group-81341F4E2824 not found.
	at java.base/java.util.concurrent.CompletableFuture.encodeThrowable(CompletableFuture.java:332)
	at java.base/java.util.concurrent.CompletableFuture.uniComposeStage(CompletableFuture.java:1177)
	at java.base/java.util.concurrent.CompletableFuture.thenCompose(CompletableFuture.java:2341)
	at org.apache.ratis.server.impl.RaftServerProxy.appendEntriesAsync(RaftServerProxy.java:645)
	at org.apache.ratis.grpc.server.GrpcServerProtocolService$1.process(GrpcServerProtocolService.java:229)
	at org.apache.ratis.grpc.server.GrpcServerProtocolService$1.process(GrpcServerProtocolService.java:226)
	at org.apache.ratis.grpc.server.GrpcServerProtocolService$ServerRequestStreamObserver.onNext(GrpcServerProtocolService.java:137)
	at org.apache.ratis.thirdparty.io.grpc.stub.ServerCalls$StreamingServerCallHandler$StreamingServerCallListener.onMessage(ServerCalls.java:262)
	at org.apache.ratis.thirdparty.io.grpc.internal.ServerCallImpl$ServerStreamListenerImpl.messagesAvailableInternal(ServerCallImpl.java:329)
	at org.apache.ratis.thirdparty.io.grpc.internal.ServerCallImpl$ServerStreamListenerImpl.messagesAvailable(ServerCallImpl.java:314)
	at org.apache.ratis.thirdparty.io.grpc.internal.ServerImpl$JumpToApplicationThreadServerStreamListener$1MessagesAvailable.runInContext(ServerImpl.java:833)
	at org.apache.ratis.thirdparty.io.grpc.internal.ContextRunnable.run(ContextRunnable.java:37)
	at org.apache.ratis.thirdparty.io.grpc.internal.SerializingExecutor.run(SerializingExecutor.java:133)
	at java.base/java.util.concurrent.ThreadPoolExecutor.runWorker(ThreadPoolExecutor.java:1144)
	at java.base/java.util.concurrent.ThreadPoolExecutor$Worker.run(ThreadPoolExecutor.java:642)
	at java.base/java.lang.Thread.run(Thread.java:1583)
Caused by: org.apache.ratis.protocol.exceptions.GroupMismatchException: 49dd84ae-7ec9-4d92-bc53-345946144fea: group-81341F4E2824 not found.
	at org.apache.ratis.server.impl.RaftServerProxy$ImplMap.get(RaftServerProxy.java:155)
	at org.apache.ratis.server.impl.RaftServerProxy.getImplFuture(RaftServerProxy.java:365)
	at org.apache.ratis.server.impl.RaftServerProxy.appendEntriesAsync(RaftServerProxy.java:644)
	... 12 more
2025-02-19 06:38:27,991 [6b36f32d-918c-46a3-bfcb-888cb423c6dd@group-81341F4E2824-StateMachineUpdater] INFO  ratis.ContainerStateMachine (ContainerStateMachine.java:takeSnapshot(376)) - group-81341F4E2824: Taking a snapshot at:(t:1, i:22) file /home/runner/work/ozone/ozone/hadoop-ozone/integration-test/target/test-dir/MiniOzoneClusterImpl-3e129c02-f7f1-4d32-bd92-d681932e2c0d/ozone-meta/datanode-2/ratis/e1fc892c-095b-4650-8f0f-81341f4e2824/sm/snapshot.1_22
2025-02-19 06:38:27,992 [grpc-default-executor-7] INFO  leader.LogAppender (LogAppenderBase.java:lambda$getNextIndexForError$0(215)) - Decrease nextIndex to 17
2025-02-19 06:38:27,992 [grpc-default-executor-7] INFO  leader.LogAppender (LogAppenderBase.java:lambda$getNextIndexForError$0(215)) - Decrease nextIndex to 17
2025-02-19 06:38:27,992 [grpc-default-executor-7] INFO  leader.FollowerInfo (FollowerInfoImpl.java:info(70)) - eb965ba7-12a8-46f3-92c0-bc6ff5b3bf3b@group-81341F4E2824->62ffdddc-aaf0-4ce5-9810-4c181ebbf473: computeNextIndex nextIndex: updateUnconditionally 25 -> 17
2025-02-19 06:38:27,993 [6b36f32d-918c-46a3-bfcb-888cb423c6dd@group-81341F4E2824-StateMachineUpdater] INFO  ratis.ContainerStateMachine (ContainerStateMachine.java:takeSnapshot(387)) - group-81341F4E2824: Finished taking a snapshot at:(t:1, i:22) file:/home/runner/work/ozone/ozone/hadoop-ozone/integration-test/target/test-dir/MiniOzoneClusterImpl-3e129c02-f7f1-4d32-bd92-d681932e2c0d/ozone-meta/datanode-2/ratis/e1fc892c-095b-4650-8f0f-81341f4e2824/sm/snapshot.1_22 took: 2 ms
2025-02-19 06:38:27,993 [6b36f32d-918c-46a3-bfcb-888cb423c6dd@group-81341F4E2824-StateMachineUpdater] INFO  impl.SimpleStateMachineStorage (SimpleStateMachineStorage.java:lambda$cleanupOldSnapshots$1(126)) - Deleting old snapshot at /home/runner/work/ozone/ozone/hadoop-ozone/integration-test/target/test-dir/MiniOzoneClusterImpl-3e129c02-f7f1-4d32-bd92-d681932e2c0d/ozone-meta/datanode-2/ratis/e1fc892c-095b-4650-8f0f-81341f4e2824/sm/snapshot.1_12
2025-02-19 06:38:27,993 [6b36f32d-918c-46a3-bfcb-888cb423c6dd@group-81341F4E2824-StateMachineUpdater] INFO  impl.StateMachineUpdater (StateMachineUpdater.java:takeSnapshot(303)) - 6b36f32d-918c-46a3-bfcb-888cb423c6dd@group-81341F4E2824-StateMachineUpdater: Took a snapshot at index 22
2025-02-19 06:38:27,993 [6b36f32d-918c-46a3-bfcb-888cb423c6dd@group-81341F4E2824-StateMachineUpdater] INFO  impl.StateMachineUpdater (StateMachineUpdater.java:lambda$new$0(102)) - 6b36f32d-918c-46a3-bfcb-888cb423c6dd@group-81341F4E2824-StateMachineUpdater: snapshotIndex: updateIncreasingly 20 -> 22
2025-02-19 06:38:28,073 [EventQueue-PipelineReportForPipelineReportHandler] ERROR pipeline.PipelineReportHandler (PipelineReportHandler.java:onMessage(95)) - Could not process pipeline report=pipelineID {
  id: "f1258f91-374d-44ac-9d89-7bef1d680e9b"
  uuid128 {
    mostSigBits: -1070291482569784148
    leastSigBits: -7095003471024746853
  }
}
isLeader: false
bytesWritten: 0
 from dn=49dd84ae-7ec9-4d92-bc53-345946144fea(localhost/127.0.0.1).
java.io.IOException: Datanode=49dd84ae-7ec9-4d92-bc53-345946144fea(localhost/127.0.0.1) not part of pipeline=PipelineID=f1258f91-374d-44ac-9d89-7bef1d680e9b
	at org.apache.hadoop.hdds.scm.pipeline.Pipeline.reportDatanode(Pipeline.java:336)
	at org.apache.hadoop.hdds.scm.pipeline.PipelineReportHandler.setReportedDatanode(PipelineReportHandler.java:154)
	at org.apache.hadoop.hdds.scm.pipeline.PipelineReportHandler.processPipelineReport(PipelineReportHandler.java:129)
	at org.apache.hadoop.hdds.scm.pipeline.PipelineReportHandler.onMessage(PipelineReportHandler.java:88)
	at org.apache.hadoop.hdds.scm.pipeline.PipelineReportHandler.onMessage(PipelineReportHandler.java:47)
	at org.apache.hadoop.hdds.server.events.SingleThreadExecutor.lambda$onMessage$1(SingleThreadExecutor.java:84)
	at java.base/java.util.concurrent.ThreadPoolExecutor.runWorker(ThreadPoolExecutor.java:1144)
	at java.base/java.util.concurrent.ThreadPoolExecutor$Worker.run(ThreadPoolExecutor.java:642)
	at java.base/java.lang.Thread.run(Thread.java:1583)
2025-02-19 06:38:28,073 [EventQueue-PipelineReportForPipelineReportHandler] ERROR pipeline.PipelineReportHandler (PipelineReportHandler.java:onMessage(95)) - Could not process pipeline report=pipelineID {
  id: "117721e1-84b0-442b-bd9d-b5b4ee72daef"
  uuid128 {
    mostSigBits: 1258511873350845483
    leastSigBits: -4783467440498353425
  }
}
isLeader: false
bytesWritten: 0
 from dn=49dd84ae-7ec9-4d92-bc53-345946144fea(localhost/127.0.0.1).
java.io.IOException: Datanode=49dd84ae-7ec9-4d92-bc53-345946144fea(localhost/127.0.0.1) not part of pipeline=PipelineID=117721e1-84b0-442b-bd9d-b5b4ee72daef
	at org.apache.hadoop.hdds.scm.pipeline.Pipeline.reportDatanode(Pipeline.java:336)
	at org.apache.hadoop.hdds.scm.pipeline.PipelineReportHandler.setReportedDatanode(PipelineReportHandler.java:154)
	at org.apache.hadoop.hdds.scm.pipeline.PipelineReportHandler.processPipelineReport(PipelineReportHandler.java:129)
	at org.apache.hadoop.hdds.scm.pipeline.PipelineReportHandler.onMessage(PipelineReportHandler.java:88)
	at org.apache.hadoop.hdds.scm.pipeline.PipelineReportHandler.onMessage(PipelineReportHandler.java:47)
	at org.apache.hadoop.hdds.server.events.SingleThreadExecutor.lambda$onMessage$1(SingleThreadExecutor.java:84)
	at java.base/java.util.concurrent.ThreadPoolExecutor.runWorker(ThreadPoolExecutor.java:1144)
	at java.base/java.util.concurrent.ThreadPoolExecutor$Worker.run(ThreadPoolExecutor.java:642)
	at java.base/java.lang.Thread.run(Thread.java:1583)
2025-02-19 06:38:28,473 [EventQueue-PipelineReportForPipelineReportHandler] ERROR pipeline.PipelineReportHandler (PipelineReportHandler.java:onMessage(95)) - Could not process pipeline report=pipelineID {
  id: "f1258f91-374d-44ac-9d89-7bef1d680e9b"
  uuid128 {
    mostSigBits: -1070291482569784148
    leastSigBits: -7095003471024746853
  }
}
isLeader: false
bytesWritten: 0
 from dn=49dd84ae-7ec9-4d92-bc53-345946144fea(localhost/127.0.0.1).
java.io.IOException: Datanode=49dd84ae-7ec9-4d92-bc53-345946144fea(localhost/127.0.0.1) not part of pipeline=PipelineID=f1258f91-374d-44ac-9d89-7bef1d680e9b
	at org.apache.hadoop.hdds.scm.pipeline.Pipeline.reportDatanode(Pipeline.java:336)
	at org.apache.hadoop.hdds.scm.pipeline.PipelineReportHandler.setReportedDatanode(PipelineReportHandler.java:154)
	at org.apache.hadoop.hdds.scm.pipeline.PipelineReportHandler.processPipelineReport(PipelineReportHandler.java:129)
	at org.apache.hadoop.hdds.scm.pipeline.PipelineReportHandler.onMessage(PipelineReportHandler.java:88)
	at org.apache.hadoop.hdds.scm.pipeline.PipelineReportHandler.onMessage(PipelineReportHandler.java:47)
	at org.apache.hadoop.hdds.server.events.SingleThreadExecutor.lambda$onMessage$1(SingleThreadExecutor.java:84)
	at java.base/java.util.concurrent.ThreadPoolExecutor.runWorker(ThreadPoolExecutor.java:1144)
	at java.base/java.util.concurrent.ThreadPoolExecutor$Worker.run(ThreadPoolExecutor.java:642)
	at java.base/java.lang.Thread.run(Thread.java:1583)
2025-02-19 06:38:28,473 [EventQueue-PipelineReportForPipelineReportHandler] ERROR pipeline.PipelineReportHandler (PipelineReportHandler.java:onMessage(95)) - Could not process pipeline report=pipelineID {
  id: "117721e1-84b0-442b-bd9d-b5b4ee72daef"
  uuid128 {
    mostSigBits: 1258511873350845483
    leastSigBits: -4783467440498353425
  }
}
isLeader: false
bytesWritten: 0
 from dn=49dd84ae-7ec9-4d92-bc53-345946144fea(localhost/127.0.0.1).
java.io.IOException: Datanode=49dd84ae-7ec9-4d92-bc53-345946144fea(localhost/127.0.0.1) not part of pipeline=PipelineID=117721e1-84b0-442b-bd9d-b5b4ee72daef
	at org.apache.hadoop.hdds.scm.pipeline.Pipeline.reportDatanode(Pipeline.java:336)
	at org.apache.hadoop.hdds.scm.pipeline.PipelineReportHandler.setReportedDatanode(PipelineReportHandler.java:154)
	at org.apache.hadoop.hdds.scm.pipeline.PipelineReportHandler.processPipelineReport(PipelineReportHandler.java:129)
	at org.apache.hadoop.hdds.scm.pipeline.PipelineReportHandler.onMessage(PipelineReportHandler.java:88)
	at org.apache.hadoop.hdds.scm.pipeline.PipelineReportHandler.onMessage(PipelineReportHandler.java:47)
	at org.apache.hadoop.hdds.server.events.SingleThreadExecutor.lambda$onMessage$1(SingleThreadExecutor.java:84)
	at java.base/java.util.concurrent.ThreadPoolExecutor.runWorker(ThreadPoolExecutor.java:1144)
	at java.base/java.util.concurrent.ThreadPoolExecutor$Worker.run(ThreadPoolExecutor.java:642)
	at java.base/java.lang.Thread.run(Thread.java:1583)
2025-02-19 06:38:28,494 [timer2] WARN  server.GrpcLogAppender (GrpcLogAppender.java:timeoutAppendRequest(441)) - 25fe7083-9332-4190-accf-9f4542114dd9@group-B5B4EE72DAEF->62ffdddc-aaf0-4ce5-9810-4c181ebbf473-GrpcLogAppender: Timed out HEARTBEAT appendEntries, errorCount=3, request=AppendEntriesRequest:cid=4704,entriesCount=0
2025-02-19 06:38:28,673 [EventQueue-PipelineReportForPipelineReportHandler] ERROR pipeline.PipelineReportHandler (PipelineReportHandler.java:onMessage(95)) - Could not process pipeline report=pipelineID {
  id: "f1258f91-374d-44ac-9d89-7bef1d680e9b"
  uuid128 {
    mostSigBits: -1070291482569784148
    leastSigBits: -7095003471024746853
  }
}
isLeader: false
bytesWritten: 0
 from dn=49dd84ae-7ec9-4d92-bc53-345946144fea(localhost/127.0.0.1).
java.io.IOException: Datanode=49dd84ae-7ec9-4d92-bc53-345946144fea(localhost/127.0.0.1) not part of pipeline=PipelineID=f1258f91-374d-44ac-9d89-7bef1d680e9b
	at org.apache.hadoop.hdds.scm.pipeline.Pipeline.reportDatanode(Pipeline.java:336)
	at org.apache.hadoop.hdds.scm.pipeline.PipelineReportHandler.setReportedDatanode(PipelineReportHandler.java:154)
	at org.apache.hadoop.hdds.scm.pipeline.PipelineReportHandler.processPipelineReport(PipelineReportHandler.java:129)
	at org.apache.hadoop.hdds.scm.pipeline.PipelineReportHandler.onMessage(PipelineReportHandler.java:88)
	at org.apache.hadoop.hdds.scm.pipeline.PipelineReportHandler.onMessage(PipelineReportHandler.java:47)
	at org.apache.hadoop.hdds.server.events.SingleThreadExecutor.lambda$onMessage$1(SingleThreadExecutor.java:84)
	at java.base/java.util.concurrent.ThreadPoolExecutor.runWorker(ThreadPoolExecutor.java:1144)
	at java.base/java.util.concurrent.ThreadPoolExecutor$Worker.run(ThreadPoolExecutor.java:642)
	at java.base/java.lang.Thread.run(Thread.java:1583)
2025-02-19 06:38:28,674 [EventQueue-PipelineReportForPipelineReportHandler] ERROR pipeline.PipelineReportHandler (PipelineReportHandler.java:onMessage(95)) - Could not process pipeline report=pipelineID {
  id: "117721e1-84b0-442b-bd9d-b5b4ee72daef"
  uuid128 {
    mostSigBits: 1258511873350845483
    leastSigBits: -4783467440498353425
  }
}
isLeader: false
bytesWritten: 0
 from dn=49dd84ae-7ec9-4d92-bc53-345946144fea(localhost/127.0.0.1).
java.io.IOException: Datanode=49dd84ae-7ec9-4d92-bc53-345946144fea(localhost/127.0.0.1) not part of pipeline=PipelineID=117721e1-84b0-442b-bd9d-b5b4ee72daef
	at org.apache.hadoop.hdds.scm.pipeline.Pipeline.reportDatanode(Pipeline.java:336)
	at org.apache.hadoop.hdds.scm.pipeline.PipelineReportHandler.setReportedDatanode(PipelineReportHandler.java:154)
	at org.apache.hadoop.hdds.scm.pipeline.PipelineReportHandler.processPipelineReport(PipelineReportHandler.java:129)
	at org.apache.hadoop.hdds.scm.pipeline.PipelineReportHandler.onMessage(PipelineReportHandler.java:88)
	at org.apache.hadoop.hdds.scm.pipeline.PipelineReportHandler.onMessage(PipelineReportHandler.java:47)
	at org.apache.hadoop.hdds.server.events.SingleThreadExecutor.lambda$onMessage$1(SingleThreadExecutor.java:84)
	at java.base/java.util.concurrent.ThreadPoolExecutor.runWorker(ThreadPoolExecutor.java:1144)
	at java.base/java.util.concurrent.ThreadPoolExecutor$Worker.run(ThreadPoolExecutor.java:642)
	at java.base/java.lang.Thread.run(Thread.java:1583)
2025-02-19 06:38:28,996 [6b36f32d-918c-46a3-bfcb-888cb423c6dd@group-81341F4E2824-StateMachineUpdater] INFO  ratis.ContainerStateMachine (ContainerStateMachine.java:takeSnapshot(376)) - group-81341F4E2824: Taking a snapshot at:(t:1, i:24) file /home/runner/work/ozone/ozone/hadoop-ozone/integration-test/target/test-dir/MiniOzoneClusterImpl-3e129c02-f7f1-4d32-bd92-d681932e2c0d/ozone-meta/datanode-2/ratis/e1fc892c-095b-4650-8f0f-81341f4e2824/sm/snapshot.1_24
2025-02-19 06:38:28,998 [eb965ba7-12a8-46f3-92c0-bc6ff5b3bf3b@group-81341F4E2824-StateMachineUpdater] INFO  ratis.ContainerStateMachine (ContainerStateMachine.java:takeSnapshot(376)) - group-81341F4E2824: Taking a snapshot at:(t:1, i:25) file /home/runner/work/ozone/ozone/hadoop-ozone/integration-test/target/test-dir/MiniOzoneClusterImpl-3e129c02-f7f1-4d32-bd92-d681932e2c0d/ozone-meta/datanode-3/ratis/e1fc892c-095b-4650-8f0f-81341f4e2824/sm/snapshot.1_25
2025-02-19 06:38:28,998 [6b36f32d-918c-46a3-bfcb-888cb423c6dd@group-81341F4E2824-StateMachineUpdater] INFO  ratis.ContainerStateMachine (ContainerStateMachine.java:takeSnapshot(387)) - group-81341F4E2824: Finished taking a snapshot at:(t:1, i:24) file:/home/runner/work/ozone/ozone/hadoop-ozone/integration-test/target/test-dir/MiniOzoneClusterImpl-3e129c02-f7f1-4d32-bd92-d681932e2c0d/ozone-meta/datanode-2/ratis/e1fc892c-095b-4650-8f0f-81341f4e2824/sm/snapshot.1_24 took: 1 ms
2025-02-19 06:38:28,999 [grpc-default-executor-2] WARN  server.GrpcServerProtocolService (LogUtils.java:warn(123)) - 49dd84ae-7ec9-4d92-bc53-345946144fea: Failed APPEND_ENTRIES request eb965ba7-12a8-46f3-92c0-bc6ff5b3bf3b->62ffdddc-aaf0-4ce5-9810-4c181ebbf473#9278-t1,previous=(t:1, i:16),leaderCommit=24,initializing? false,entries: size=9, first=(t:1, i:17), STATEMACHINELOGENTRY, WRITE: logData.size=154, stateMachineData.size=5, logEntryProtoSerializedSize=0
java.util.concurrent.CompletionException: org.apache.ratis.protocol.exceptions.GroupMismatchException: 49dd84ae-7ec9-4d92-bc53-345946144fea: group-81341F4E2824 not found.
	at java.base/java.util.concurrent.CompletableFuture.encodeThrowable(CompletableFuture.java:332)
	at java.base/java.util.concurrent.CompletableFuture.uniComposeStage(CompletableFuture.java:1177)
	at java.base/java.util.concurrent.CompletableFuture.thenCompose(CompletableFuture.java:2341)
	at org.apache.ratis.server.impl.RaftServerProxy.appendEntriesAsync(RaftServerProxy.java:645)
	at org.apache.ratis.grpc.server.GrpcServerProtocolService$1.process(GrpcServerProtocolService.java:229)
	at org.apache.ratis.grpc.server.GrpcServerProtocolService$1.process(GrpcServerProtocolService.java:226)
	at org.apache.ratis.grpc.server.GrpcServerProtocolService$ServerRequestStreamObserver.onNext(GrpcServerProtocolService.java:137)
	at org.apache.ratis.thirdparty.io.grpc.stub.ServerCalls$StreamingServerCallHandler$StreamingServerCallListener.onMessage(ServerCalls.java:262)
	at org.apache.ratis.thirdparty.io.grpc.internal.ServerCallImpl$ServerStreamListenerImpl.messagesAvailableInternal(ServerCallImpl.java:329)
	at org.apache.ratis.thirdparty.io.grpc.internal.ServerCallImpl$ServerStreamListenerImpl.messagesAvailable(ServerCallImpl.java:314)
	at org.apache.ratis.thirdparty.io.grpc.internal.ServerImpl$JumpToApplicationThreadServerStreamListener$1MessagesAvailable.runInContext(ServerImpl.java:833)
	at org.apache.ratis.thirdparty.io.grpc.internal.ContextRunnable.run(ContextRunnable.java:37)
	at org.apache.ratis.thirdparty.io.grpc.internal.SerializingExecutor.run(SerializingExecutor.java:133)
	at java.base/java.util.concurrent.ThreadPoolExecutor.runWorker(ThreadPoolExecutor.java:1144)
	at java.base/java.util.concurrent.ThreadPoolExecutor$Worker.run(ThreadPoolExecutor.java:642)
	at java.base/java.lang.Thread.run(Thread.java:1583)
Caused by: org.apache.ratis.protocol.exceptions.GroupMismatchException: 49dd84ae-7ec9-4d92-bc53-345946144fea: group-81341F4E2824 not found.
	at org.apache.ratis.server.impl.RaftServerProxy$ImplMap.get(RaftServerProxy.java:155)
	at org.apache.ratis.server.impl.RaftServerProxy.getImplFuture(RaftServerProxy.java:365)
	at org.apache.ratis.server.impl.RaftServerProxy.appendEntriesAsync(RaftServerProxy.java:644)
	... 12 more
2025-02-19 06:38:29,000 [eb965ba7-12a8-46f3-92c0-bc6ff5b3bf3b@group-81341F4E2824-StateMachineUpdater] INFO  ratis.ContainerStateMachine (ContainerStateMachine.java:takeSnapshot(387)) - group-81341F4E2824: Finished taking a snapshot at:(t:1, i:25) file:/home/runner/work/ozone/ozone/hadoop-ozone/integration-test/target/test-dir/MiniOzoneClusterImpl-3e129c02-f7f1-4d32-bd92-d681932e2c0d/ozone-meta/datanode-3/ratis/e1fc892c-095b-4650-8f0f-81341f4e2824/sm/snapshot.1_25 took: 2 ms
2025-02-19 06:38:29,000 [eb965ba7-12a8-46f3-92c0-bc6ff5b3bf3b@group-81341F4E2824-StateMachineUpdater] INFO  impl.SimpleStateMachineStorage (SimpleStateMachineStorage.java:lambda$cleanupOldSnapshots$1(126)) - Deleting old snapshot at /home/runner/work/ozone/ozone/hadoop-ozone/integration-test/target/test-dir/MiniOzoneClusterImpl-3e129c02-f7f1-4d32-bd92-d681932e2c0d/ozone-meta/datanode-3/ratis/e1fc892c-095b-4650-8f0f-81341f4e2824/sm/snapshot.1_12
2025-02-19 06:38:28,999 [6b36f32d-918c-46a3-bfcb-888cb423c6dd@group-81341F4E2824-StateMachineUpdater] INFO  impl.SimpleStateMachineStorage (SimpleStateMachineStorage.java:lambda$cleanupOldSnapshots$1(126)) - Deleting old snapshot at /home/runner/work/ozone/ozone/hadoop-ozone/integration-test/target/test-dir/MiniOzoneClusterImpl-3e129c02-f7f1-4d32-bd92-d681932e2c0d/ozone-meta/datanode-2/ratis/e1fc892c-095b-4650-8f0f-81341f4e2824/sm/snapshot.1_13
2025-02-19 06:38:29,000 [eb965ba7-12a8-46f3-92c0-bc6ff5b3bf3b@group-81341F4E2824-StateMachineUpdater] INFO  impl.StateMachineUpdater (StateMachineUpdater.java:takeSnapshot(303)) - eb965ba7-12a8-46f3-92c0-bc6ff5b3bf3b@group-81341F4E2824-StateMachineUpdater: Took a snapshot at index 25
2025-02-19 06:38:29,000 [eb965ba7-12a8-46f3-92c0-bc6ff5b3bf3b@group-81341F4E2824-StateMachineUpdater] INFO  impl.StateMachineUpdater (StateMachineUpdater.java:lambda$new$0(102)) - eb965ba7-12a8-46f3-92c0-bc6ff5b3bf3b@group-81341F4E2824-StateMachineUpdater: snapshotIndex: updateIncreasingly 21 -> 25
2025-02-19 06:38:29,000 [6b36f32d-918c-46a3-bfcb-888cb423c6dd@group-81341F4E2824-StateMachineUpdater] INFO  impl.StateMachineUpdater (StateMachineUpdater.java:takeSnapshot(303)) - 6b36f32d-918c-46a3-bfcb-888cb423c6dd@group-81341F4E2824-StateMachineUpdater: Took a snapshot at index 24
2025-02-19 06:38:29,001 [6b36f32d-918c-46a3-bfcb-888cb423c6dd@group-81341F4E2824-StateMachineUpdater] INFO  impl.StateMachineUpdater (StateMachineUpdater.java:lambda$new$0(102)) - 6b36f32d-918c-46a3-bfcb-888cb423c6dd@group-81341F4E2824-StateMachineUpdater: snapshotIndex: updateIncreasingly 22 -> 24
2025-02-19 06:38:29,002 [grpc-default-executor-8] INFO  leader.LogAppender (LogAppenderBase.java:lambda$getNextIndexForError$0(215)) - Decrease nextIndex to 17
2025-02-19 06:38:29,002 [grpc-default-executor-8] INFO  leader.LogAppender (LogAppenderBase.java:lambda$getNextIndexForError$0(215)) - Decrease nextIndex to 17
2025-02-19 06:38:29,002 [grpc-default-executor-8] INFO  leader.FollowerInfo (FollowerInfoImpl.java:info(70)) - eb965ba7-12a8-46f3-92c0-bc6ff5b3bf3b@group-81341F4E2824->62ffdddc-aaf0-4ce5-9810-4c181ebbf473: computeNextIndex nextIndex: updateUnconditionally 26 -> 17
2025-02-19 06:38:29,073 [EventQueue-PipelineReportForPipelineReportHandler] ERROR pipeline.PipelineReportHandler (PipelineReportHandler.java:onMessage(95)) - Could not process pipeline report=pipelineID {
  id: "f1258f91-374d-44ac-9d89-7bef1d680e9b"
  uuid128 {
    mostSigBits: -1070291482569784148
    leastSigBits: -7095003471024746853
  }
}
isLeader: false
bytesWritten: 0
 from dn=49dd84ae-7ec9-4d92-bc53-345946144fea(localhost/127.0.0.1).
java.io.IOException: Datanode=49dd84ae-7ec9-4d92-bc53-345946144fea(localhost/127.0.0.1) not part of pipeline=PipelineID=f1258f91-374d-44ac-9d89-7bef1d680e9b
	at org.apache.hadoop.hdds.scm.pipeline.Pipeline.reportDatanode(Pipeline.java:336)
	at org.apache.hadoop.hdds.scm.pipeline.PipelineReportHandler.setReportedDatanode(PipelineReportHandler.java:154)
	at org.apache.hadoop.hdds.scm.pipeline.PipelineReportHandler.processPipelineReport(PipelineReportHandler.java:129)
	at org.apache.hadoop.hdds.scm.pipeline.PipelineReportHandler.onMessage(PipelineReportHandler.java:88)
	at org.apache.hadoop.hdds.scm.pipeline.PipelineReportHandler.onMessage(PipelineReportHandler.java:47)
	at org.apache.hadoop.hdds.server.events.SingleThreadExecutor.lambda$onMessage$1(SingleThreadExecutor.java:84)
	at java.base/java.util.concurrent.ThreadPoolExecutor.runWorker(ThreadPoolExecutor.java:1144)
	at java.base/java.util.concurrent.ThreadPoolExecutor$Worker.run(ThreadPoolExecutor.java:642)
	at java.base/java.lang.Thread.run(Thread.java:1583)
2025-02-19 06:38:29,073 [EventQueue-PipelineReportForPipelineReportHandler] ERROR pipeline.PipelineReportHandler (PipelineReportHandler.java:onMessage(95)) - Could not process pipeline report=pipelineID {
  id: "117721e1-84b0-442b-bd9d-b5b4ee72daef"
  uuid128 {
    mostSigBits: 1258511873350845483
    leastSigBits: -4783467440498353425
  }
}
isLeader: false
bytesWritten: 0
 from dn=49dd84ae-7ec9-4d92-bc53-345946144fea(localhost/127.0.0.1).
java.io.IOException: Datanode=49dd84ae-7ec9-4d92-bc53-345946144fea(localhost/127.0.0.1) not part of pipeline=PipelineID=117721e1-84b0-442b-bd9d-b5b4ee72daef
	at org.apache.hadoop.hdds.scm.pipeline.Pipeline.reportDatanode(Pipeline.java:336)
	at org.apache.hadoop.hdds.scm.pipeline.PipelineReportHandler.setReportedDatanode(PipelineReportHandler.java:154)
	at org.apache.hadoop.hdds.scm.pipeline.PipelineReportHandler.processPipelineReport(PipelineReportHandler.java:129)
	at org.apache.hadoop.hdds.scm.pipeline.PipelineReportHandler.onMessage(PipelineReportHandler.java:88)
	at org.apache.hadoop.hdds.scm.pipeline.PipelineReportHandler.onMessage(PipelineReportHandler.java:47)
	at org.apache.hadoop.hdds.server.events.SingleThreadExecutor.lambda$onMessage$1(SingleThreadExecutor.java:84)
	at java.base/java.util.concurrent.ThreadPoolExecutor.runWorker(ThreadPoolExecutor.java:1144)
	at java.base/java.util.concurrent.ThreadPoolExecutor$Worker.run(ThreadPoolExecutor.java:642)
	at java.base/java.lang.Thread.run(Thread.java:1583)
2025-02-19 06:38:29,274 [EventQueue-PipelineReportForPipelineReportHandler] ERROR pipeline.PipelineReportHandler (PipelineReportHandler.java:onMessage(95)) - Could not process pipeline report=pipelineID {
  id: "f1258f91-374d-44ac-9d89-7bef1d680e9b"
  uuid128 {
    mostSigBits: -1070291482569784148
    leastSigBits: -7095003471024746853
  }
}
isLeader: false
bytesWritten: 0
 from dn=49dd84ae-7ec9-4d92-bc53-345946144fea(localhost/127.0.0.1).
java.io.IOException: Datanode=49dd84ae-7ec9-4d92-bc53-345946144fea(localhost/127.0.0.1) not part of pipeline=PipelineID=f1258f91-374d-44ac-9d89-7bef1d680e9b
	at org.apache.hadoop.hdds.scm.pipeline.Pipeline.reportDatanode(Pipeline.java:336)
	at org.apache.hadoop.hdds.scm.pipeline.PipelineReportHandler.setReportedDatanode(PipelineReportHandler.java:154)
	at org.apache.hadoop.hdds.scm.pipeline.PipelineReportHandler.processPipelineReport(PipelineReportHandler.java:129)
	at org.apache.hadoop.hdds.scm.pipeline.PipelineReportHandler.onMessage(PipelineReportHandler.java:88)
	at org.apache.hadoop.hdds.scm.pipeline.PipelineReportHandler.onMessage(PipelineReportHandler.java:47)
	at org.apache.hadoop.hdds.server.events.SingleThreadExecutor.lambda$onMessage$1(SingleThreadExecutor.java:84)
	at java.base/java.util.concurrent.ThreadPoolExecutor.runWorker(ThreadPoolExecutor.java:1144)
	at java.base/java.util.concurrent.ThreadPoolExecutor$Worker.run(ThreadPoolExecutor.java:642)
	at java.base/java.lang.Thread.run(Thread.java:1583)
2025-02-19 06:38:29,274 [EventQueue-PipelineReportForPipelineReportHandler] ERROR pipeline.PipelineReportHandler (PipelineReportHandler.java:onMessage(95)) - Could not process pipeline report=pipelineID {
  id: "117721e1-84b0-442b-bd9d-b5b4ee72daef"
  uuid128 {
    mostSigBits: 1258511873350845483
    leastSigBits: -4783467440498353425
  }
}
isLeader: false
bytesWritten: 0
 from dn=49dd84ae-7ec9-4d92-bc53-345946144fea(localhost/127.0.0.1).
java.io.IOException: Datanode=49dd84ae-7ec9-4d92-bc53-345946144fea(localhost/127.0.0.1) not part of pipeline=PipelineID=117721e1-84b0-442b-bd9d-b5b4ee72daef
	at org.apache.hadoop.hdds.scm.pipeline.Pipeline.reportDatanode(Pipeline.java:336)
	at org.apache.hadoop.hdds.scm.pipeline.PipelineReportHandler.setReportedDatanode(PipelineReportHandler.java:154)
	at org.apache.hadoop.hdds.scm.pipeline.PipelineReportHandler.processPipelineReport(PipelineReportHandler.java:129)
	at org.apache.hadoop.hdds.scm.pipeline.PipelineReportHandler.onMessage(PipelineReportHandler.java:88)
	at org.apache.hadoop.hdds.scm.pipeline.PipelineReportHandler.onMessage(PipelineReportHandler.java:47)
	at org.apache.hadoop.hdds.server.events.SingleThreadExecutor.lambda$onMessage$1(SingleThreadExecutor.java:84)
	at java.base/java.util.concurrent.ThreadPoolExecutor.runWorker(ThreadPoolExecutor.java:1144)
	at java.base/java.util.concurrent.ThreadPoolExecutor$Worker.run(ThreadPoolExecutor.java:642)
	at java.base/java.lang.Thread.run(Thread.java:1583)
2025-02-19 06:38:29,673 [EventQueue-PipelineReportForPipelineReportHandler] ERROR pipeline.PipelineReportHandler (PipelineReportHandler.java:onMessage(95)) - Could not process pipeline report=pipelineID {
  id: "f1258f91-374d-44ac-9d89-7bef1d680e9b"
  uuid128 {
    mostSigBits: -1070291482569784148
    leastSigBits: -7095003471024746853
  }
}
isLeader: false
bytesWritten: 0
 from dn=49dd84ae-7ec9-4d92-bc53-345946144fea(localhost/127.0.0.1).
java.io.IOException: Datanode=49dd84ae-7ec9-4d92-bc53-345946144fea(localhost/127.0.0.1) not part of pipeline=PipelineID=f1258f91-374d-44ac-9d89-7bef1d680e9b
	at org.apache.hadoop.hdds.scm.pipeline.Pipeline.reportDatanode(Pipeline.java:336)
	at org.apache.hadoop.hdds.scm.pipeline.PipelineReportHandler.setReportedDatanode(PipelineReportHandler.java:154)
	at org.apache.hadoop.hdds.scm.pipeline.PipelineReportHandler.processPipelineReport(PipelineReportHandler.java:129)
	at org.apache.hadoop.hdds.scm.pipeline.PipelineReportHandler.onMessage(PipelineReportHandler.java:88)
	at org.apache.hadoop.hdds.scm.pipeline.PipelineReportHandler.onMessage(PipelineReportHandler.java:47)
	at org.apache.hadoop.hdds.server.events.SingleThreadExecutor.lambda$onMessage$1(SingleThreadExecutor.java:84)
	at java.base/java.util.concurrent.ThreadPoolExecutor.runWorker(ThreadPoolExecutor.java:1144)
	at java.base/java.util.concurrent.ThreadPoolExecutor$Worker.run(ThreadPoolExecutor.java:642)
	at java.base/java.lang.Thread.run(Thread.java:1583)
2025-02-19 06:38:29,674 [EventQueue-PipelineReportForPipelineReportHandler] ERROR pipeline.PipelineReportHandler (PipelineReportHandler.java:onMessage(95)) - Could not process pipeline report=pipelineID {
  id: "117721e1-84b0-442b-bd9d-b5b4ee72daef"
  uuid128 {
    mostSigBits: 1258511873350845483
    leastSigBits: -4783467440498353425
  }
}
isLeader: false
bytesWritten: 0
 from dn=49dd84ae-7ec9-4d92-bc53-345946144fea(localhost/127.0.0.1).
java.io.IOException: Datanode=49dd84ae-7ec9-4d92-bc53-345946144fea(localhost/127.0.0.1) not part of pipeline=PipelineID=117721e1-84b0-442b-bd9d-b5b4ee72daef
	at org.apache.hadoop.hdds.scm.pipeline.Pipeline.reportDatanode(Pipeline.java:336)
	at org.apache.hadoop.hdds.scm.pipeline.PipelineReportHandler.setReportedDatanode(PipelineReportHandler.java:154)
	at org.apache.hadoop.hdds.scm.pipeline.PipelineReportHandler.processPipelineReport(PipelineReportHandler.java:129)
	at org.apache.hadoop.hdds.scm.pipeline.PipelineReportHandler.onMessage(PipelineReportHandler.java:88)
	at org.apache.hadoop.hdds.scm.pipeline.PipelineReportHandler.onMessage(PipelineReportHandler.java:47)
	at org.apache.hadoop.hdds.server.events.SingleThreadExecutor.lambda$onMessage$1(SingleThreadExecutor.java:84)
	at java.base/java.util.concurrent.ThreadPoolExecutor.runWorker(ThreadPoolExecutor.java:1144)
	at java.base/java.util.concurrent.ThreadPoolExecutor$Worker.run(ThreadPoolExecutor.java:642)
	at java.base/java.lang.Thread.run(Thread.java:1583)
2025-02-19 06:38:29,746 [timer2] WARN  server.GrpcLogAppender (GrpcLogAppender.java:timeoutAppendRequest(441)) - 25fe7083-9332-4190-accf-9f4542114dd9@group-B5B4EE72DAEF->62ffdddc-aaf0-4ce5-9810-4c181ebbf473-GrpcLogAppender: Timed out HEARTBEAT appendEntries, errorCount=4, request=AppendEntriesRequest:cid=4705,entriesCount=0
2025-02-19 06:38:29,873 [EventQueue-PipelineReportForPipelineReportHandler] ERROR pipeline.PipelineReportHandler (PipelineReportHandler.java:onMessage(95)) - Could not process pipeline report=pipelineID {
  id: "f1258f91-374d-44ac-9d89-7bef1d680e9b"
  uuid128 {
    mostSigBits: -1070291482569784148
    leastSigBits: -7095003471024746853
  }
}
isLeader: false
bytesWritten: 0
 from dn=49dd84ae-7ec9-4d92-bc53-345946144fea(localhost/127.0.0.1).
java.io.IOException: Datanode=49dd84ae-7ec9-4d92-bc53-345946144fea(localhost/127.0.0.1) not part of pipeline=PipelineID=f1258f91-374d-44ac-9d89-7bef1d680e9b
	at org.apache.hadoop.hdds.scm.pipeline.Pipeline.reportDatanode(Pipeline.java:336)
	at org.apache.hadoop.hdds.scm.pipeline.PipelineReportHandler.setReportedDatanode(PipelineReportHandler.java:154)
	at org.apache.hadoop.hdds.scm.pipeline.PipelineReportHandler.processPipelineReport(PipelineReportHandler.java:129)
	at org.apache.hadoop.hdds.scm.pipeline.PipelineReportHandler.onMessage(PipelineReportHandler.java:88)
	at org.apache.hadoop.hdds.scm.pipeline.PipelineReportHandler.onMessage(PipelineReportHandler.java:47)
	at org.apache.hadoop.hdds.server.events.SingleThreadExecutor.lambda$onMessage$1(SingleThreadExecutor.java:84)
	at java.base/java.util.concurrent.ThreadPoolExecutor.runWorker(ThreadPoolExecutor.java:1144)
	at java.base/java.util.concurrent.ThreadPoolExecutor$Worker.run(ThreadPoolExecutor.java:642)
	at java.base/java.lang.Thread.run(Thread.java:1583)
2025-02-19 06:38:29,873 [EventQueue-PipelineReportForPipelineReportHandler] ERROR pipeline.PipelineReportHandler (PipelineReportHandler.java:onMessage(95)) - Could not process pipeline report=pipelineID {
  id: "117721e1-84b0-442b-bd9d-b5b4ee72daef"
  uuid128 {
    mostSigBits: 1258511873350845483
    leastSigBits: -4783467440498353425
  }
}
isLeader: false
bytesWritten: 0
 from dn=49dd84ae-7ec9-4d92-bc53-345946144fea(localhost/127.0.0.1).
java.io.IOException: Datanode=49dd84ae-7ec9-4d92-bc53-345946144fea(localhost/127.0.0.1) not part of pipeline=PipelineID=117721e1-84b0-442b-bd9d-b5b4ee72daef
	at org.apache.hadoop.hdds.scm.pipeline.Pipeline.reportDatanode(Pipeline.java:336)
	at org.apache.hadoop.hdds.scm.pipeline.PipelineReportHandler.setReportedDatanode(PipelineReportHandler.java:154)
	at org.apache.hadoop.hdds.scm.pipeline.PipelineReportHandler.processPipelineReport(PipelineReportHandler.java:129)
	at org.apache.hadoop.hdds.scm.pipeline.PipelineReportHandler.onMessage(PipelineReportHandler.java:88)
	at org.apache.hadoop.hdds.scm.pipeline.PipelineReportHandler.onMessage(PipelineReportHandler.java:47)
	at org.apache.hadoop.hdds.server.events.SingleThreadExecutor.lambda$onMessage$1(SingleThreadExecutor.java:84)
	at java.base/java.util.concurrent.ThreadPoolExecutor.runWorker(ThreadPoolExecutor.java:1144)
	at java.base/java.util.concurrent.ThreadPoolExecutor$Worker.run(ThreadPoolExecutor.java:642)
	at java.base/java.lang.Thread.run(Thread.java:1583)
2025-02-19 06:38:30,007 [6b36f32d-918c-46a3-bfcb-888cb423c6dd@group-81341F4E2824-StateMachineUpdater] INFO  ratis.ContainerStateMachine (ContainerStateMachine.java:takeSnapshot(376)) - group-81341F4E2824: Taking a snapshot at:(t:1, i:28) file /home/runner/work/ozone/ozone/hadoop-ozone/integration-test/target/test-dir/MiniOzoneClusterImpl-3e129c02-f7f1-4d32-bd92-d681932e2c0d/ozone-meta/datanode-2/ratis/e1fc892c-095b-4650-8f0f-81341f4e2824/sm/snapshot.1_28
2025-02-19 06:38:30,008 [eb965ba7-12a8-46f3-92c0-bc6ff5b3bf3b@group-81341F4E2824-StateMachineUpdater] INFO  ratis.ContainerStateMachine (ContainerStateMachine.java:takeSnapshot(376)) - group-81341F4E2824: Taking a snapshot at:(t:1, i:29) file /home/runner/work/ozone/ozone/hadoop-ozone/integration-test/target/test-dir/MiniOzoneClusterImpl-3e129c02-f7f1-4d32-bd92-d681932e2c0d/ozone-meta/datanode-3/ratis/e1fc892c-095b-4650-8f0f-81341f4e2824/sm/snapshot.1_29
2025-02-19 06:38:30,009 [grpc-default-executor-2] WARN  server.GrpcServerProtocolService (LogUtils.java:warn(123)) - 49dd84ae-7ec9-4d92-bc53-345946144fea: Failed APPEND_ENTRIES request eb965ba7-12a8-46f3-92c0-bc6ff5b3bf3b->62ffdddc-aaf0-4ce5-9810-4c181ebbf473#9283-t1,previous=(t:1, i:16),leaderCommit=28,initializing? false,entries: size=13, first=(t:1, i:17), STATEMACHINELOGENTRY, WRITE: logData.size=154, stateMachineData.size=5, logEntryProtoSerializedSize=0
java.util.concurrent.CompletionException: org.apache.ratis.protocol.exceptions.GroupMismatchException: 49dd84ae-7ec9-4d92-bc53-345946144fea: group-81341F4E2824 not found.
	at java.base/java.util.concurrent.CompletableFuture.encodeThrowable(CompletableFuture.java:332)
	at java.base/java.util.concurrent.CompletableFuture.uniComposeStage(CompletableFuture.java:1177)
	at java.base/java.util.concurrent.CompletableFuture.thenCompose(CompletableFuture.java:2341)
	at org.apache.ratis.server.impl.RaftServerProxy.appendEntriesAsync(RaftServerProxy.java:645)
	at org.apache.ratis.grpc.server.GrpcServerProtocolService$1.process(GrpcServerProtocolService.java:229)
	at org.apache.ratis.grpc.server.GrpcServerProtocolService$1.process(GrpcServerProtocolService.java:226)
	at org.apache.ratis.grpc.server.GrpcServerProtocolService$ServerRequestStreamObserver.onNext(GrpcServerProtocolService.java:137)
	at org.apache.ratis.thirdparty.io.grpc.stub.ServerCalls$StreamingServerCallHandler$StreamingServerCallListener.onMessage(ServerCalls.java:262)
	at org.apache.ratis.thirdparty.io.grpc.internal.ServerCallImpl$ServerStreamListenerImpl.messagesAvailableInternal(ServerCallImpl.java:329)
	at org.apache.ratis.thirdparty.io.grpc.internal.ServerCallImpl$ServerStreamListenerImpl.messagesAvailable(ServerCallImpl.java:314)
	at org.apache.ratis.thirdparty.io.grpc.internal.ServerImpl$JumpToApplicationThreadServerStreamListener$1MessagesAvailable.runInContext(ServerImpl.java:833)
	at org.apache.ratis.thirdparty.io.grpc.internal.ContextRunnable.run(ContextRunnable.java:37)
	at org.apache.ratis.thirdparty.io.grpc.internal.SerializingExecutor.run(SerializingExecutor.java:133)
	at java.base/java.util.concurrent.ThreadPoolExecutor.runWorker(ThreadPoolExecutor.java:1144)
	at java.base/java.util.concurrent.ThreadPoolExecutor$Worker.run(ThreadPoolExecutor.java:642)
	at java.base/java.lang.Thread.run(Thread.java:1583)
Caused by: org.apache.ratis.protocol.exceptions.GroupMismatchException: 49dd84ae-7ec9-4d92-bc53-345946144fea: group-81341F4E2824 not found.
	at org.apache.ratis.server.impl.RaftServerProxy$ImplMap.get(RaftServerProxy.java:155)
	at org.apache.ratis.server.impl.RaftServerProxy.getImplFuture(RaftServerProxy.java:365)
	at org.apache.ratis.server.impl.RaftServerProxy.appendEntriesAsync(RaftServerProxy.java:644)
	... 12 more
2025-02-19 06:38:30,010 [6b36f32d-918c-46a3-bfcb-888cb423c6dd@group-81341F4E2824-StateMachineUpdater] INFO  ratis.ContainerStateMachine (ContainerStateMachine.java:takeSnapshot(387)) - group-81341F4E2824: Finished taking a snapshot at:(t:1, i:28) file:/home/runner/work/ozone/ozone/hadoop-ozone/integration-test/target/test-dir/MiniOzoneClusterImpl-3e129c02-f7f1-4d32-bd92-d681932e2c0d/ozone-meta/datanode-2/ratis/e1fc892c-095b-4650-8f0f-81341f4e2824/sm/snapshot.1_28 took: 3 ms
2025-02-19 06:38:30,010 [eb965ba7-12a8-46f3-92c0-bc6ff5b3bf3b@group-81341F4E2824-StateMachineUpdater] INFO  ratis.ContainerStateMachine (ContainerStateMachine.java:takeSnapshot(387)) - group-81341F4E2824: Finished taking a snapshot at:(t:1, i:29) file:/home/runner/work/ozone/ozone/hadoop-ozone/integration-test/target/test-dir/MiniOzoneClusterImpl-3e129c02-f7f1-4d32-bd92-d681932e2c0d/ozone-meta/datanode-3/ratis/e1fc892c-095b-4650-8f0f-81341f4e2824/sm/snapshot.1_29 took: 2 ms
2025-02-19 06:38:30,010 [eb965ba7-12a8-46f3-92c0-bc6ff5b3bf3b@group-81341F4E2824-StateMachineUpdater] INFO  impl.SimpleStateMachineStorage (SimpleStateMachineStorage.java:lambda$cleanupOldSnapshots$1(126)) - Deleting old snapshot at /home/runner/work/ozone/ozone/hadoop-ozone/integration-test/target/test-dir/MiniOzoneClusterImpl-3e129c02-f7f1-4d32-bd92-d681932e2c0d/ozone-meta/datanode-3/ratis/e1fc892c-095b-4650-8f0f-81341f4e2824/sm/snapshot.1_13
2025-02-19 06:38:30,010 [6b36f32d-918c-46a3-bfcb-888cb423c6dd@group-81341F4E2824-StateMachineUpdater] INFO  impl.SimpleStateMachineStorage (SimpleStateMachineStorage.java:lambda$cleanupOldSnapshots$1(126)) - Deleting old snapshot at /home/runner/work/ozone/ozone/hadoop-ozone/integration-test/target/test-dir/MiniOzoneClusterImpl-3e129c02-f7f1-4d32-bd92-d681932e2c0d/ozone-meta/datanode-2/ratis/e1fc892c-095b-4650-8f0f-81341f4e2824/sm/snapshot.1_16
2025-02-19 06:38:30,011 [eb965ba7-12a8-46f3-92c0-bc6ff5b3bf3b@group-81341F4E2824-StateMachineUpdater] INFO  impl.StateMachineUpdater (StateMachineUpdater.java:takeSnapshot(303)) - eb965ba7-12a8-46f3-92c0-bc6ff5b3bf3b@group-81341F4E2824-StateMachineUpdater: Took a snapshot at index 29
2025-02-19 06:38:30,011 [grpc-default-executor-7] INFO  leader.LogAppender (LogAppenderBase.java:lambda$getNextIndexForError$0(215)) - Decrease nextIndex to 17
2025-02-19 06:38:30,011 [grpc-default-executor-7] INFO  leader.LogAppender (LogAppenderBase.java:lambda$getNextIndexForError$0(215)) - Decrease nextIndex to 17
2025-02-19 06:38:30,011 [grpc-default-executor-7] INFO  leader.FollowerInfo (FollowerInfoImpl.java:info(70)) - eb965ba7-12a8-46f3-92c0-bc6ff5b3bf3b@group-81341F4E2824->62ffdddc-aaf0-4ce5-9810-4c181ebbf473: computeNextIndex nextIndex: updateUnconditionally 30 -> 17
2025-02-19 06:38:30,011 [6b36f32d-918c-46a3-bfcb-888cb423c6dd@group-81341F4E2824-StateMachineUpdater] INFO  impl.StateMachineUpdater (StateMachineUpdater.java:takeSnapshot(303)) - 6b36f32d-918c-46a3-bfcb-888cb423c6dd@group-81341F4E2824-StateMachineUpdater: Took a snapshot at index 28
2025-02-19 06:38:30,011 [6b36f32d-918c-46a3-bfcb-888cb423c6dd@group-81341F4E2824-StateMachineUpdater] INFO  impl.StateMachineUpdater (StateMachineUpdater.java:lambda$new$0(102)) - 6b36f32d-918c-46a3-bfcb-888cb423c6dd@group-81341F4E2824-StateMachineUpdater: snapshotIndex: updateIncreasingly 24 -> 28
2025-02-19 06:38:30,011 [eb965ba7-12a8-46f3-92c0-bc6ff5b3bf3b@group-81341F4E2824-StateMachineUpdater] INFO  impl.StateMachineUpdater (StateMachineUpdater.java:lambda$new$0(102)) - eb965ba7-12a8-46f3-92c0-bc6ff5b3bf3b@group-81341F4E2824-StateMachineUpdater: snapshotIndex: updateIncreasingly 25 -> 29
2025-02-19 06:38:30,014 [grpc-default-executor-8] WARN  server.GrpcServerProtocolService (LogUtils.java:warn(123)) - 49dd84ae-7ec9-4d92-bc53-345946144fea: Failed APPEND_ENTRIES request eb965ba7-12a8-46f3-92c0-bc6ff5b3bf3b->62ffdddc-aaf0-4ce5-9810-4c181ebbf473#9285-t1,previous=(t:1, i:16),leaderCommit=32,initializing? false,entries: size=16, first=(t:1, i:17), STATEMACHINELOGENTRY, WRITE: logData.size=154, stateMachineData.size=5, logEntryProtoSerializedSize=0
java.util.concurrent.CompletionException: org.apache.ratis.protocol.exceptions.GroupMismatchException: 49dd84ae-7ec9-4d92-bc53-345946144fea: group-81341F4E2824 not found.
	at java.base/java.util.concurrent.CompletableFuture.encodeThrowable(CompletableFuture.java:332)
	at java.base/java.util.concurrent.CompletableFuture.uniComposeStage(CompletableFuture.java:1177)
	at java.base/java.util.concurrent.CompletableFuture.thenCompose(CompletableFuture.java:2341)
	at org.apache.ratis.server.impl.RaftServerProxy.appendEntriesAsync(RaftServerProxy.java:645)
	at org.apache.ratis.grpc.server.GrpcServerProtocolService$1.process(GrpcServerProtocolService.java:229)
	at org.apache.ratis.grpc.server.GrpcServerProtocolService$1.process(GrpcServerProtocolService.java:226)
	at org.apache.ratis.grpc.server.GrpcServerProtocolService$ServerRequestStreamObserver.onNext(GrpcServerProtocolService.java:137)
	at org.apache.ratis.thirdparty.io.grpc.stub.ServerCalls$StreamingServerCallHandler$StreamingServerCallListener.onMessage(ServerCalls.java:262)
	at org.apache.ratis.thirdparty.io.grpc.internal.ServerCallImpl$ServerStreamListenerImpl.messagesAvailableInternal(ServerCallImpl.java:329)
	at org.apache.ratis.thirdparty.io.grpc.internal.ServerCallImpl$ServerStreamListenerImpl.messagesAvailable(ServerCallImpl.java:314)
	at org.apache.ratis.thirdparty.io.grpc.internal.ServerImpl$JumpToApplicationThreadServerStreamListener$1MessagesAvailable.runInContext(ServerImpl.java:833)
	at org.apache.ratis.thirdparty.io.grpc.internal.ContextRunnable.run(ContextRunnable.java:37)
	at org.apache.ratis.thirdparty.io.grpc.internal.SerializingExecutor.run(SerializingExecutor.java:133)
	at java.base/java.util.concurrent.ThreadPoolExecutor.runWorker(ThreadPoolExecutor.java:1144)
	at java.base/java.util.concurrent.ThreadPoolExecutor$Worker.run(ThreadPoolExecutor.java:642)
	at java.base/java.lang.Thread.run(Thread.java:1583)
Caused by: org.apache.ratis.protocol.exceptions.GroupMismatchException: 49dd84ae-7ec9-4d92-bc53-345946144fea: group-81341F4E2824 not found.
	at org.apache.ratis.server.impl.RaftServerProxy$ImplMap.get(RaftServerProxy.java:155)
	at org.apache.ratis.server.impl.RaftServerProxy.getImplFuture(RaftServerProxy.java:365)
	at org.apache.ratis.server.impl.RaftServerProxy.appendEntriesAsync(RaftServerProxy.java:644)
	... 12 more
2025-02-19 06:38:30,015 [grpc-default-executor-8] INFO  leader.LogAppender (LogAppenderBase.java:lambda$getNextIndexForError$0(215)) - Decrease nextIndex to 17
2025-02-19 06:38:30,015 [grpc-default-executor-8] INFO  leader.LogAppender (LogAppenderBase.java:lambda$getNextIndexForError$0(215)) - Decrease nextIndex to 17
2025-02-19 06:38:30,015 [grpc-default-executor-8] INFO  leader.FollowerInfo (FollowerInfoImpl.java:info(70)) - eb965ba7-12a8-46f3-92c0-bc6ff5b3bf3b@group-81341F4E2824->62ffdddc-aaf0-4ce5-9810-4c181ebbf473: computeNextIndex nextIndex: updateUnconditionally 33 -> 17
2025-02-19 06:38:30,273 [EventQueue-PipelineReportForPipelineReportHandler] ERROR pipeline.PipelineReportHandler (PipelineReportHandler.java:onMessage(95)) - Could not process pipeline report=pipelineID {
  id: "f1258f91-374d-44ac-9d89-7bef1d680e9b"
  uuid128 {
    mostSigBits: -1070291482569784148
    leastSigBits: -7095003471024746853
  }
}
isLeader: false
bytesWritten: 0
 from dn=49dd84ae-7ec9-4d92-bc53-345946144fea(localhost/127.0.0.1).
java.io.IOException: Datanode=49dd84ae-7ec9-4d92-bc53-345946144fea(localhost/127.0.0.1) not part of pipeline=PipelineID=f1258f91-374d-44ac-9d89-7bef1d680e9b
	at org.apache.hadoop.hdds.scm.pipeline.Pipeline.reportDatanode(Pipeline.java:336)
	at org.apache.hadoop.hdds.scm.pipeline.PipelineReportHandler.setReportedDatanode(PipelineReportHandler.java:154)
	at org.apache.hadoop.hdds.scm.pipeline.PipelineReportHandler.processPipelineReport(PipelineReportHandler.java:129)
	at org.apache.hadoop.hdds.scm.pipeline.PipelineReportHandler.onMessage(PipelineReportHandler.java:88)
	at org.apache.hadoop.hdds.scm.pipeline.PipelineReportHandler.onMessage(PipelineReportHandler.java:47)
	at org.apache.hadoop.hdds.server.events.SingleThreadExecutor.lambda$onMessage$1(SingleThreadExecutor.java:84)
	at java.base/java.util.concurrent.ThreadPoolExecutor.runWorker(ThreadPoolExecutor.java:1144)
	at java.base/java.util.concurrent.ThreadPoolExecutor$Worker.run(ThreadPoolExecutor.java:642)
	at java.base/java.lang.Thread.run(Thread.java:1583)
2025-02-19 06:38:30,273 [EventQueue-PipelineReportForPipelineReportHandler] ERROR pipeline.PipelineReportHandler (PipelineReportHandler.java:onMessage(95)) - Could not process pipeline report=pipelineID {
  id: "117721e1-84b0-442b-bd9d-b5b4ee72daef"
  uuid128 {
    mostSigBits: 1258511873350845483
    leastSigBits: -4783467440498353425
  }
}
isLeader: false
bytesWritten: 0
 from dn=49dd84ae-7ec9-4d92-bc53-345946144fea(localhost/127.0.0.1).
java.io.IOException: Datanode=49dd84ae-7ec9-4d92-bc53-345946144fea(localhost/127.0.0.1) not part of pipeline=PipelineID=117721e1-84b0-442b-bd9d-b5b4ee72daef
	at org.apache.hadoop.hdds.scm.pipeline.Pipeline.reportDatanode(Pipeline.java:336)
	at org.apache.hadoop.hdds.scm.pipeline.PipelineReportHandler.setReportedDatanode(PipelineReportHandler.java:154)
	at org.apache.hadoop.hdds.scm.pipeline.PipelineReportHandler.processPipelineReport(PipelineReportHandler.java:129)
	at org.apache.hadoop.hdds.scm.pipeline.PipelineReportHandler.onMessage(PipelineReportHandler.java:88)
	at org.apache.hadoop.hdds.scm.pipeline.PipelineReportHandler.onMessage(PipelineReportHandler.java:47)
	at org.apache.hadoop.hdds.server.events.SingleThreadExecutor.lambda$onMessage$1(SingleThreadExecutor.java:84)
	at java.base/java.util.concurrent.ThreadPoolExecutor.runWorker(ThreadPoolExecutor.java:1144)
	at java.base/java.util.concurrent.ThreadPoolExecutor$Worker.run(ThreadPoolExecutor.java:642)
	at java.base/java.lang.Thread.run(Thread.java:1583)
2025-02-19 06:38:30,473 [EventQueue-PipelineReportForPipelineReportHandler] ERROR pipeline.PipelineReportHandler (PipelineReportHandler.java:onMessage(95)) - Could not process pipeline report=pipelineID {
  id: "f1258f91-374d-44ac-9d89-7bef1d680e9b"
  uuid128 {
    mostSigBits: -1070291482569784148
    leastSigBits: -7095003471024746853
  }
}
isLeader: false
bytesWritten: 0
 from dn=49dd84ae-7ec9-4d92-bc53-345946144fea(localhost/127.0.0.1).
java.io.IOException: Datanode=49dd84ae-7ec9-4d92-bc53-345946144fea(localhost/127.0.0.1) not part of pipeline=PipelineID=f1258f91-374d-44ac-9d89-7bef1d680e9b
	at org.apache.hadoop.hdds.scm.pipeline.Pipeline.reportDatanode(Pipeline.java:336)
	at org.apache.hadoop.hdds.scm.pipeline.PipelineReportHandler.setReportedDatanode(PipelineReportHandler.java:154)
	at org.apache.hadoop.hdds.scm.pipeline.PipelineReportHandler.processPipelineReport(PipelineReportHandler.java:129)
	at org.apache.hadoop.hdds.scm.pipeline.PipelineReportHandler.onMessage(PipelineReportHandler.java:88)
	at org.apache.hadoop.hdds.scm.pipeline.PipelineReportHandler.onMessage(PipelineReportHandler.java:47)
	at org.apache.hadoop.hdds.server.events.SingleThreadExecutor.lambda$onMessage$1(SingleThreadExecutor.java:84)
	at java.base/java.util.concurrent.ThreadPoolExecutor.runWorker(ThreadPoolExecutor.java:1144)
	at java.base/java.util.concurrent.ThreadPoolExecutor$Worker.run(ThreadPoolExecutor.java:642)
	at java.base/java.lang.Thread.run(Thread.java:1583)
2025-02-19 06:38:30,474 [EventQueue-PipelineReportForPipelineReportHandler] ERROR pipeline.PipelineReportHandler (PipelineReportHandler.java:onMessage(95)) - Could not process pipeline report=pipelineID {
  id: "117721e1-84b0-442b-bd9d-b5b4ee72daef"
  uuid128 {
    mostSigBits: 1258511873350845483
    leastSigBits: -4783467440498353425
  }
}
isLeader: false
bytesWritten: 0
 from dn=49dd84ae-7ec9-4d92-bc53-345946144fea(localhost/127.0.0.1).
java.io.IOException: Datanode=49dd84ae-7ec9-4d92-bc53-345946144fea(localhost/127.0.0.1) not part of pipeline=PipelineID=117721e1-84b0-442b-bd9d-b5b4ee72daef
	at org.apache.hadoop.hdds.scm.pipeline.Pipeline.reportDatanode(Pipeline.java:336)
	at org.apache.hadoop.hdds.scm.pipeline.PipelineReportHandler.setReportedDatanode(PipelineReportHandler.java:154)
	at org.apache.hadoop.hdds.scm.pipeline.PipelineReportHandler.processPipelineReport(PipelineReportHandler.java:129)
	at org.apache.hadoop.hdds.scm.pipeline.PipelineReportHandler.onMessage(PipelineReportHandler.java:88)
	at org.apache.hadoop.hdds.scm.pipeline.PipelineReportHandler.onMessage(PipelineReportHandler.java:47)
	at org.apache.hadoop.hdds.server.events.SingleThreadExecutor.lambda$onMessage$1(SingleThreadExecutor.java:84)
	at java.base/java.util.concurrent.ThreadPoolExecutor.runWorker(ThreadPoolExecutor.java:1144)
	at java.base/java.util.concurrent.ThreadPoolExecutor$Worker.run(ThreadPoolExecutor.java:642)
	at java.base/java.lang.Thread.run(Thread.java:1583)
2025-02-19 06:38:30,873 [EventQueue-PipelineReportForPipelineReportHandler] ERROR pipeline.PipelineReportHandler (PipelineReportHandler.java:onMessage(95)) - Could not process pipeline report=pipelineID {
  id: "f1258f91-374d-44ac-9d89-7bef1d680e9b"
  uuid128 {
    mostSigBits: -1070291482569784148
    leastSigBits: -7095003471024746853
  }
}
isLeader: false
bytesWritten: 0
 from dn=49dd84ae-7ec9-4d92-bc53-345946144fea(localhost/127.0.0.1).
java.io.IOException: Datanode=49dd84ae-7ec9-4d92-bc53-345946144fea(localhost/127.0.0.1) not part of pipeline=PipelineID=f1258f91-374d-44ac-9d89-7bef1d680e9b
	at org.apache.hadoop.hdds.scm.pipeline.Pipeline.reportDatanode(Pipeline.java:336)
	at org.apache.hadoop.hdds.scm.pipeline.PipelineReportHandler.setReportedDatanode(PipelineReportHandler.java:154)
	at org.apache.hadoop.hdds.scm.pipeline.PipelineReportHandler.processPipelineReport(PipelineReportHandler.java:129)
	at org.apache.hadoop.hdds.scm.pipeline.PipelineReportHandler.onMessage(PipelineReportHandler.java:88)
	at org.apache.hadoop.hdds.scm.pipeline.PipelineReportHandler.onMessage(PipelineReportHandler.java:47)
	at org.apache.hadoop.hdds.server.events.SingleThreadExecutor.lambda$onMessage$1(SingleThreadExecutor.java:84)
	at java.base/java.util.concurrent.ThreadPoolExecutor.runWorker(ThreadPoolExecutor.java:1144)
	at java.base/java.util.concurrent.ThreadPoolExecutor$Worker.run(ThreadPoolExecutor.java:642)
	at java.base/java.lang.Thread.run(Thread.java:1583)
2025-02-19 06:38:30,873 [EventQueue-PipelineReportForPipelineReportHandler] ERROR pipeline.PipelineReportHandler (PipelineReportHandler.java:onMessage(95)) - Could not process pipeline report=pipelineID {
  id: "117721e1-84b0-442b-bd9d-b5b4ee72daef"
  uuid128 {
    mostSigBits: 1258511873350845483
    leastSigBits: -4783467440498353425
  }
}
isLeader: false
bytesWritten: 0
 from dn=49dd84ae-7ec9-4d92-bc53-345946144fea(localhost/127.0.0.1).
java.io.IOException: Datanode=49dd84ae-7ec9-4d92-bc53-345946144fea(localhost/127.0.0.1) not part of pipeline=PipelineID=117721e1-84b0-442b-bd9d-b5b4ee72daef
	at org.apache.hadoop.hdds.scm.pipeline.Pipeline.reportDatanode(Pipeline.java:336)
	at org.apache.hadoop.hdds.scm.pipeline.PipelineReportHandler.setReportedDatanode(PipelineReportHandler.java:154)
	at org.apache.hadoop.hdds.scm.pipeline.PipelineReportHandler.processPipelineReport(PipelineReportHandler.java:129)
	at org.apache.hadoop.hdds.scm.pipeline.PipelineReportHandler.onMessage(PipelineReportHandler.java:88)
	at org.apache.hadoop.hdds.scm.pipeline.PipelineReportHandler.onMessage(PipelineReportHandler.java:47)
	at org.apache.hadoop.hdds.server.events.SingleThreadExecutor.lambda$onMessage$1(SingleThreadExecutor.java:84)
	at java.base/java.util.concurrent.ThreadPoolExecutor.runWorker(ThreadPoolExecutor.java:1144)
	at java.base/java.util.concurrent.ThreadPoolExecutor$Worker.run(ThreadPoolExecutor.java:642)
	at java.base/java.lang.Thread.run(Thread.java:1583)
2025-02-19 06:38:30,997 [timer3] WARN  server.GrpcLogAppender (GrpcLogAppender.java:timeoutAppendRequest(441)) - 25fe7083-9332-4190-accf-9f4542114dd9@group-B5B4EE72DAEF->62ffdddc-aaf0-4ce5-9810-4c181ebbf473-GrpcLogAppender: Timed out HEARTBEAT appendEntries, errorCount=5, request=AppendEntriesRequest:cid=4706,entriesCount=0
2025-02-19 06:38:31,019 [grpc-default-executor-4] WARN  server.GrpcServerProtocolService (LogUtils.java:warn(123)) - 49dd84ae-7ec9-4d92-bc53-345946144fea: Failed APPEND_ENTRIES request eb965ba7-12a8-46f3-92c0-bc6ff5b3bf3b->62ffdddc-aaf0-4ce5-9810-4c181ebbf473#9286-t1,previous=(t:1, i:16),leaderCommit=32,initializing? false,entries: size=17, first=(t:1, i:17), STATEMACHINELOGENTRY, WRITE: logData.size=154, stateMachineData.size=5, logEntryProtoSerializedSize=0
java.util.concurrent.CompletionException: org.apache.ratis.protocol.exceptions.GroupMismatchException: 49dd84ae-7ec9-4d92-bc53-345946144fea: group-81341F4E2824 not found.
	at java.base/java.util.concurrent.CompletableFuture.encodeThrowable(CompletableFuture.java:332)
	at java.base/java.util.concurrent.CompletableFuture.uniComposeStage(CompletableFuture.java:1177)
	at java.base/java.util.concurrent.CompletableFuture.thenCompose(CompletableFuture.java:2341)
	at org.apache.ratis.server.impl.RaftServerProxy.appendEntriesAsync(RaftServerProxy.java:645)
	at org.apache.ratis.grpc.server.GrpcServerProtocolService$1.process(GrpcServerProtocolService.java:229)
	at org.apache.ratis.grpc.server.GrpcServerProtocolService$1.process(GrpcServerProtocolService.java:226)
	at org.apache.ratis.grpc.server.GrpcServerProtocolService$ServerRequestStreamObserver.onNext(GrpcServerProtocolService.java:137)
	at org.apache.ratis.thirdparty.io.grpc.stub.ServerCalls$StreamingServerCallHandler$StreamingServerCallListener.onMessage(ServerCalls.java:262)
	at org.apache.ratis.thirdparty.io.grpc.internal.ServerCallImpl$ServerStreamListenerImpl.messagesAvailableInternal(ServerCallImpl.java:329)
	at org.apache.ratis.thirdparty.io.grpc.internal.ServerCallImpl$ServerStreamListenerImpl.messagesAvailable(ServerCallImpl.java:314)
	at org.apache.ratis.thirdparty.io.grpc.internal.ServerImpl$JumpToApplicationThreadServerStreamListener$1MessagesAvailable.runInContext(ServerImpl.java:833)
	at org.apache.ratis.thirdparty.io.grpc.internal.ContextRunnable.run(ContextRunnable.java:37)
	at org.apache.ratis.thirdparty.io.grpc.internal.SerializingExecutor.run(SerializingExecutor.java:133)
	at java.base/java.util.concurrent.ThreadPoolExecutor.runWorker(ThreadPoolExecutor.java:1144)
	at java.base/java.util.concurrent.ThreadPoolExecutor$Worker.run(ThreadPoolExecutor.java:642)
	at java.base/java.lang.Thread.run(Thread.java:1583)
Caused by: org.apache.ratis.protocol.exceptions.GroupMismatchException: 49dd84ae-7ec9-4d92-bc53-345946144fea: group-81341F4E2824 not found.
	at org.apache.ratis.server.impl.RaftServerProxy$ImplMap.get(RaftServerProxy.java:155)
	at org.apache.ratis.server.impl.RaftServerProxy.getImplFuture(RaftServerProxy.java:365)
	at org.apache.ratis.server.impl.RaftServerProxy.appendEntriesAsync(RaftServerProxy.java:644)
	... 12 more
2025-02-19 06:38:31,019 [6b36f32d-918c-46a3-bfcb-888cb423c6dd@group-81341F4E2824-StateMachineUpdater] INFO  ratis.ContainerStateMachine (ContainerStateMachine.java:takeSnapshot(376)) - group-81341F4E2824: Taking a snapshot at:(t:1, i:32) file /home/runner/work/ozone/ozone/hadoop-ozone/integration-test/target/test-dir/MiniOzoneClusterImpl-3e129c02-f7f1-4d32-bd92-d681932e2c0d/ozone-meta/datanode-2/ratis/e1fc892c-095b-4650-8f0f-81341f4e2824/sm/snapshot.1_32
2025-02-19 06:38:31,021 [6b36f32d-918c-46a3-bfcb-888cb423c6dd@group-81341F4E2824-StateMachineUpdater] INFO  ratis.ContainerStateMachine (ContainerStateMachine.java:takeSnapshot(387)) - group-81341F4E2824: Finished taking a snapshot at:(t:1, i:32) file:/home/runner/work/ozone/ozone/hadoop-ozone/integration-test/target/test-dir/MiniOzoneClusterImpl-3e129c02-f7f1-4d32-bd92-d681932e2c0d/ozone-meta/datanode-2/ratis/e1fc892c-095b-4650-8f0f-81341f4e2824/sm/snapshot.1_32 took: 1 ms
2025-02-19 06:38:31,021 [grpc-default-executor-7] INFO  leader.LogAppender (LogAppenderBase.java:lambda$getNextIndexForError$0(215)) - Decrease nextIndex to 17
2025-02-19 06:38:31,021 [grpc-default-executor-7] INFO  leader.LogAppender (LogAppenderBase.java:lambda$getNextIndexForError$0(215)) - Decrease nextIndex to 17
2025-02-19 06:38:31,021 [grpc-default-executor-7] INFO  leader.FollowerInfo (FollowerInfoImpl.java:info(70)) - eb965ba7-12a8-46f3-92c0-bc6ff5b3bf3b@group-81341F4E2824->62ffdddc-aaf0-4ce5-9810-4c181ebbf473: computeNextIndex nextIndex: updateUnconditionally 34 -> 17
2025-02-19 06:38:31,021 [6b36f32d-918c-46a3-bfcb-888cb423c6dd@group-81341F4E2824-StateMachineUpdater] INFO  impl.SimpleStateMachineStorage (SimpleStateMachineStorage.java:lambda$cleanupOldSnapshots$1(126)) - Deleting old snapshot at /home/runner/work/ozone/ozone/hadoop-ozone/integration-test/target/test-dir/MiniOzoneClusterImpl-3e129c02-f7f1-4d32-bd92-d681932e2c0d/ozone-meta/datanode-2/ratis/e1fc892c-095b-4650-8f0f-81341f4e2824/sm/snapshot.1_18
2025-02-19 06:38:31,021 [6b36f32d-918c-46a3-bfcb-888cb423c6dd@group-81341F4E2824-StateMachineUpdater] INFO  impl.StateMachineUpdater (StateMachineUpdater.java:takeSnapshot(303)) - 6b36f32d-918c-46a3-bfcb-888cb423c6dd@group-81341F4E2824-StateMachineUpdater: Took a snapshot at index 32
2025-02-19 06:38:31,021 [6b36f32d-918c-46a3-bfcb-888cb423c6dd@group-81341F4E2824-StateMachineUpdater] INFO  impl.StateMachineUpdater (StateMachineUpdater.java:lambda$new$0(102)) - 6b36f32d-918c-46a3-bfcb-888cb423c6dd@group-81341F4E2824-StateMachineUpdater: snapshotIndex: updateIncreasingly 28 -> 32
2025-02-19 06:38:31,024 [eb965ba7-12a8-46f3-92c0-bc6ff5b3bf3b@group-81341F4E2824-StateMachineUpdater] INFO  ratis.ContainerStateMachine (ContainerStateMachine.java:takeSnapshot(376)) - group-81341F4E2824: Taking a snapshot at:(t:1, i:34) file /home/runner/work/ozone/ozone/hadoop-ozone/integration-test/target/test-dir/MiniOzoneClusterImpl-3e129c02-f7f1-4d32-bd92-d681932e2c0d/ozone-meta/datanode-3/ratis/e1fc892c-095b-4650-8f0f-81341f4e2824/sm/snapshot.1_34
2025-02-19 06:38:31,024 [6b36f32d-918c-46a3-bfcb-888cb423c6dd@group-81341F4E2824-StateMachineUpdater] INFO  ratis.ContainerStateMachine (ContainerStateMachine.java:takeSnapshot(376)) - group-81341F4E2824: Taking a snapshot at:(t:1, i:34) file /home/runner/work/ozone/ozone/hadoop-ozone/integration-test/target/test-dir/MiniOzoneClusterImpl-3e129c02-f7f1-4d32-bd92-d681932e2c0d/ozone-meta/datanode-2/ratis/e1fc892c-095b-4650-8f0f-81341f4e2824/sm/snapshot.1_34
2025-02-19 06:38:31,025 [eb965ba7-12a8-46f3-92c0-bc6ff5b3bf3b@group-81341F4E2824-StateMachineUpdater] INFO  ratis.ContainerStateMachine (ContainerStateMachine.java:takeSnapshot(387)) - group-81341F4E2824: Finished taking a snapshot at:(t:1, i:34) file:/home/runner/work/ozone/ozone/hadoop-ozone/integration-test/target/test-dir/MiniOzoneClusterImpl-3e129c02-f7f1-4d32-bd92-d681932e2c0d/ozone-meta/datanode-3/ratis/e1fc892c-095b-4650-8f0f-81341f4e2824/sm/snapshot.1_34 took: 1 ms
2025-02-19 06:38:31,025 [eb965ba7-12a8-46f3-92c0-bc6ff5b3bf3b@group-81341F4E2824-StateMachineUpdater] INFO  impl.SimpleStateMachineStorage (SimpleStateMachineStorage.java:lambda$cleanupOldSnapshots$1(126)) - Deleting old snapshot at /home/runner/work/ozone/ozone/hadoop-ozone/integration-test/target/test-dir/MiniOzoneClusterImpl-3e129c02-f7f1-4d32-bd92-d681932e2c0d/ozone-meta/datanode-3/ratis/e1fc892c-095b-4650-8f0f-81341f4e2824/sm/snapshot.1_16
2025-02-19 06:38:31,025 [eb965ba7-12a8-46f3-92c0-bc6ff5b3bf3b@group-81341F4E2824-StateMachineUpdater] INFO  impl.StateMachineUpdater (StateMachineUpdater.java:takeSnapshot(303)) - eb965ba7-12a8-46f3-92c0-bc6ff5b3bf3b@group-81341F4E2824-StateMachineUpdater: Took a snapshot at index 34
2025-02-19 06:38:31,025 [eb965ba7-12a8-46f3-92c0-bc6ff5b3bf3b@group-81341F4E2824-StateMachineUpdater] INFO  impl.StateMachineUpdater (StateMachineUpdater.java:lambda$new$0(102)) - eb965ba7-12a8-46f3-92c0-bc6ff5b3bf3b@group-81341F4E2824-StateMachineUpdater: snapshotIndex: updateIncreasingly 29 -> 34
2025-02-19 06:38:31,025 [eb965ba7-12a8-46f3-92c0-bc6ff5b3bf3b@group-81341F4E2824-StateMachineUpdater] INFO  ratis.ContainerStateMachine (ContainerStateMachine.java:takeSnapshot(376)) - group-81341F4E2824: Taking a snapshot at:(t:1, i:36) file /home/runner/work/ozone/ozone/hadoop-ozone/integration-test/target/test-dir/MiniOzoneClusterImpl-3e129c02-f7f1-4d32-bd92-d681932e2c0d/ozone-meta/datanode-3/ratis/e1fc892c-095b-4650-8f0f-81341f4e2824/sm/snapshot.1_36
2025-02-19 06:38:31,025 [grpc-default-executor-7] WARN  server.GrpcServerProtocolService (LogUtils.java:warn(123)) - 49dd84ae-7ec9-4d92-bc53-345946144fea: Failed APPEND_ENTRIES request eb965ba7-12a8-46f3-92c0-bc6ff5b3bf3b->62ffdddc-aaf0-4ce5-9810-4c181ebbf473#9289-t1,previous=(t:1, i:16),leaderCommit=36,initializing? false,entries: size=20, first=(t:1, i:17), STATEMACHINELOGENTRY, WRITE: logData.size=154, stateMachineData.size=5, logEntryProtoSerializedSize=0
java.util.concurrent.CompletionException: org.apache.ratis.protocol.exceptions.GroupMismatchException: 49dd84ae-7ec9-4d92-bc53-345946144fea: group-81341F4E2824 not found.
	at java.base/java.util.concurrent.CompletableFuture.encodeThrowable(CompletableFuture.java:332)
	at java.base/java.util.concurrent.CompletableFuture.uniComposeStage(CompletableFuture.java:1177)
	at java.base/java.util.concurrent.CompletableFuture.thenCompose(CompletableFuture.java:2341)
	at org.apache.ratis.server.impl.RaftServerProxy.appendEntriesAsync(RaftServerProxy.java:645)
	at org.apache.ratis.grpc.server.GrpcServerProtocolService$1.process(GrpcServerProtocolService.java:229)
	at org.apache.ratis.grpc.server.GrpcServerProtocolService$1.process(GrpcServerProtocolService.java:226)
	at org.apache.ratis.grpc.server.GrpcServerProtocolService$ServerRequestStreamObserver.onNext(GrpcServerProtocolService.java:137)
	at org.apache.ratis.thirdparty.io.grpc.stub.ServerCalls$StreamingServerCallHandler$StreamingServerCallListener.onMessage(ServerCalls.java:262)
	at org.apache.ratis.thirdparty.io.grpc.internal.ServerCallImpl$ServerStreamListenerImpl.messagesAvailableInternal(ServerCallImpl.java:329)
	at org.apache.ratis.thirdparty.io.grpc.internal.ServerCallImpl$ServerStreamListenerImpl.messagesAvailable(ServerCallImpl.java:314)
	at org.apache.ratis.thirdparty.io.grpc.internal.ServerImpl$JumpToApplicationThreadServerStreamListener$1MessagesAvailable.runInContext(ServerImpl.java:833)
	at org.apache.ratis.thirdparty.io.grpc.internal.ContextRunnable.run(ContextRunnable.java:37)
	at org.apache.ratis.thirdparty.io.grpc.internal.SerializingExecutor.run(SerializingExecutor.java:133)
	at java.base/java.util.concurrent.ThreadPoolExecutor.runWorker(ThreadPoolExecutor.java:1144)
	at java.base/java.util.concurrent.ThreadPoolExecutor$Worker.run(ThreadPoolExecutor.java:642)
	at java.base/java.lang.Thread.run(Thread.java:1583)
Caused by: org.apache.ratis.protocol.exceptions.GroupMismatchException: 49dd84ae-7ec9-4d92-bc53-345946144fea: group-81341F4E2824 not found.
	at org.apache.ratis.server.impl.RaftServerProxy$ImplMap.get(RaftServerProxy.java:155)
	at org.apache.ratis.server.impl.RaftServerProxy.getImplFuture(RaftServerProxy.java:365)
	at org.apache.ratis.server.impl.RaftServerProxy.appendEntriesAsync(RaftServerProxy.java:644)
	... 12 more
2025-02-19 06:38:31,026 [6b36f32d-918c-46a3-bfcb-888cb423c6dd@group-81341F4E2824-StateMachineUpdater] INFO  ratis.ContainerStateMachine (ContainerStateMachine.java:takeSnapshot(387)) - group-81341F4E2824: Finished taking a snapshot at:(t:1, i:34) file:/home/runner/work/ozone/ozone/hadoop-ozone/integration-test/target/test-dir/MiniOzoneClusterImpl-3e129c02-f7f1-4d32-bd92-d681932e2c0d/ozone-meta/datanode-2/ratis/e1fc892c-095b-4650-8f0f-81341f4e2824/sm/snapshot.1_34 took: 2 ms
2025-02-19 06:38:31,026 [6b36f32d-918c-46a3-bfcb-888cb423c6dd@group-81341F4E2824-StateMachineUpdater] INFO  impl.SimpleStateMachineStorage (SimpleStateMachineStorage.java:lambda$cleanupOldSnapshots$1(126)) - Deleting old snapshot at /home/runner/work/ozone/ozone/hadoop-ozone/integration-test/target/test-dir/MiniOzoneClusterImpl-3e129c02-f7f1-4d32-bd92-d681932e2c0d/ozone-meta/datanode-2/ratis/e1fc892c-095b-4650-8f0f-81341f4e2824/sm/snapshot.1_20
2025-02-19 06:38:31,026 [6b36f32d-918c-46a3-bfcb-888cb423c6dd@group-81341F4E2824-StateMachineUpdater] INFO  impl.StateMachineUpdater (StateMachineUpdater.java:takeSnapshot(303)) - 6b36f32d-918c-46a3-bfcb-888cb423c6dd@group-81341F4E2824-StateMachineUpdater: Took a snapshot at index 34
2025-02-19 06:38:31,026 [6b36f32d-918c-46a3-bfcb-888cb423c6dd@group-81341F4E2824-StateMachineUpdater] INFO  impl.StateMachineUpdater (StateMachineUpdater.java:lambda$new$0(102)) - 6b36f32d-918c-46a3-bfcb-888cb423c6dd@group-81341F4E2824-StateMachineUpdater: snapshotIndex: updateIncreasingly 32 -> 34
2025-02-19 06:38:31,027 [eb965ba7-12a8-46f3-92c0-bc6ff5b3bf3b@group-81341F4E2824-StateMachineUpdater] INFO  ratis.ContainerStateMachine (ContainerStateMachine.java:takeSnapshot(387)) - group-81341F4E2824: Finished taking a snapshot at:(t:1, i:36) file:/home/runner/work/ozone/ozone/hadoop-ozone/integration-test/target/test-dir/MiniOzoneClusterImpl-3e129c02-f7f1-4d32-bd92-d681932e2c0d/ozone-meta/datanode-3/ratis/e1fc892c-095b-4650-8f0f-81341f4e2824/sm/snapshot.1_36 took: 1 ms
2025-02-19 06:38:31,027 [grpc-default-executor-7] INFO  leader.LogAppender (LogAppenderBase.java:lambda$getNextIndexForError$0(215)) - Decrease nextIndex to 17
2025-02-19 06:38:31,027 [grpc-default-executor-7] INFO  leader.LogAppender (LogAppenderBase.java:lambda$getNextIndexForError$0(215)) - Decrease nextIndex to 17
2025-02-19 06:38:31,027 [grpc-default-executor-7] INFO  leader.FollowerInfo (FollowerInfoImpl.java:info(70)) - eb965ba7-12a8-46f3-92c0-bc6ff5b3bf3b@group-81341F4E2824->62ffdddc-aaf0-4ce5-9810-4c181ebbf473: computeNextIndex nextIndex: updateUnconditionally 37 -> 17
2025-02-19 06:38:31,028 [eb965ba7-12a8-46f3-92c0-bc6ff5b3bf3b@group-81341F4E2824-StateMachineUpdater] INFO  impl.SimpleStateMachineStorage (SimpleStateMachineStorage.java:lambda$cleanupOldSnapshots$1(126)) - Deleting old snapshot at /home/runner/work/ozone/ozone/hadoop-ozone/integration-test/target/test-dir/MiniOzoneClusterImpl-3e129c02-f7f1-4d32-bd92-d681932e2c0d/ozone-meta/datanode-3/ratis/e1fc892c-095b-4650-8f0f-81341f4e2824/sm/snapshot.1_17
2025-02-19 06:38:31,028 [eb965ba7-12a8-46f3-92c0-bc6ff5b3bf3b@group-81341F4E2824-StateMachineUpdater] INFO  impl.StateMachineUpdater (StateMachineUpdater.java:takeSnapshot(303)) - eb965ba7-12a8-46f3-92c0-bc6ff5b3bf3b@group-81341F4E2824-StateMachineUpdater: Took a snapshot at index 36
2025-02-19 06:38:31,028 [eb965ba7-12a8-46f3-92c0-bc6ff5b3bf3b@group-81341F4E2824-StateMachineUpdater] INFO  impl.StateMachineUpdater (StateMachineUpdater.java:lambda$new$0(102)) - eb965ba7-12a8-46f3-92c0-bc6ff5b3bf3b@group-81341F4E2824-StateMachineUpdater: snapshotIndex: updateIncreasingly 34 -> 36
2025-02-19 06:38:31,073 [EventQueue-PipelineReportForPipelineReportHandler] ERROR pipeline.PipelineReportHandler (PipelineReportHandler.java:onMessage(95)) - Could not process pipeline report=pipelineID {
  id: "f1258f91-374d-44ac-9d89-7bef1d680e9b"
  uuid128 {
    mostSigBits: -1070291482569784148
    leastSigBits: -7095003471024746853
  }
}
isLeader: false
bytesWritten: 0
 from dn=49dd84ae-7ec9-4d92-bc53-345946144fea(localhost/127.0.0.1).
java.io.IOException: Datanode=49dd84ae-7ec9-4d92-bc53-345946144fea(localhost/127.0.0.1) not part of pipeline=PipelineID=f1258f91-374d-44ac-9d89-7bef1d680e9b
	at org.apache.hadoop.hdds.scm.pipeline.Pipeline.reportDatanode(Pipeline.java:336)
	at org.apache.hadoop.hdds.scm.pipeline.PipelineReportHandler.setReportedDatanode(PipelineReportHandler.java:154)
	at org.apache.hadoop.hdds.scm.pipeline.PipelineReportHandler.processPipelineReport(PipelineReportHandler.java:129)
	at org.apache.hadoop.hdds.scm.pipeline.PipelineReportHandler.onMessage(PipelineReportHandler.java:88)
	at org.apache.hadoop.hdds.scm.pipeline.PipelineReportHandler.onMessage(PipelineReportHandler.java:47)
	at org.apache.hadoop.hdds.server.events.SingleThreadExecutor.lambda$onMessage$1(SingleThreadExecutor.java:84)
	at java.base/java.util.concurrent.ThreadPoolExecutor.runWorker(ThreadPoolExecutor.java:1144)
	at java.base/java.util.concurrent.ThreadPoolExecutor$Worker.run(ThreadPoolExecutor.java:642)
	at java.base/java.lang.Thread.run(Thread.java:1583)
2025-02-19 06:38:31,073 [EventQueue-PipelineReportForPipelineReportHandler] ERROR pipeline.PipelineReportHandler (PipelineReportHandler.java:onMessage(95)) - Could not process pipeline report=pipelineID {
  id: "117721e1-84b0-442b-bd9d-b5b4ee72daef"
  uuid128 {
    mostSigBits: 1258511873350845483
    leastSigBits: -4783467440498353425
  }
}
isLeader: false
bytesWritten: 0
 from dn=49dd84ae-7ec9-4d92-bc53-345946144fea(localhost/127.0.0.1).
java.io.IOException: Datanode=49dd84ae-7ec9-4d92-bc53-345946144fea(localhost/127.0.0.1) not part of pipeline=PipelineID=117721e1-84b0-442b-bd9d-b5b4ee72daef
	at org.apache.hadoop.hdds.scm.pipeline.Pipeline.reportDatanode(Pipeline.java:336)
	at org.apache.hadoop.hdds.scm.pipeline.PipelineReportHandler.setReportedDatanode(PipelineReportHandler.java:154)
	at org.apache.hadoop.hdds.scm.pipeline.PipelineReportHandler.processPipelineReport(PipelineReportHandler.java:129)
	at org.apache.hadoop.hdds.scm.pipeline.PipelineReportHandler.onMessage(PipelineReportHandler.java:88)
	at org.apache.hadoop.hdds.scm.pipeline.PipelineReportHandler.onMessage(PipelineReportHandler.java:47)
	at org.apache.hadoop.hdds.server.events.SingleThreadExecutor.lambda$onMessage$1(SingleThreadExecutor.java:84)
	at java.base/java.util.concurrent.ThreadPoolExecutor.runWorker(ThreadPoolExecutor.java:1144)
	at java.base/java.util.concurrent.ThreadPoolExecutor$Worker.run(ThreadPoolExecutor.java:642)
	at java.base/java.lang.Thread.run(Thread.java:1583)
2025-02-19 06:38:31,093 [25fe7083-9332-4190-accf-9f4542114dd9@group-B5B4EE72DAEF-LeaderStateImpl] INFO  impl.TransferLeadership (TransferLeadership.java:tryTransferLeadership(258)) - 25fe7083-9332-4190-accf-9f4542114dd9@group-B5B4EE72DAEF: start transferring leadership to 62ffdddc-aaf0-4ce5-9810-4c181ebbf473
2025-02-19 06:38:31,093 [25fe7083-9332-4190-accf-9f4542114dd9@group-B5B4EE72DAEF-LeaderStateImpl] INFO  impl.TransferLeadership (TransferLeadership.java:sendStartLeaderElection(210)) - 25fe7083-9332-4190-accf-9f4542114dd9@group-B5B4EE72DAEF: sendStartLeaderElection to follower 62ffdddc-aaf0-4ce5-9810-4c181ebbf473, lastEntry=(t:2, i:2)
2025-02-19 06:38:31,094 [25fe7083-9332-4190-accf-9f4542114dd9@group-B5B4EE72DAEF-LeaderStateImpl] INFO  impl.TransferLeadership (TransferLeadership.java:tryTransferLeadership(266)) - 25fe7083-9332-4190-accf-9f4542114dd9@group-B5B4EE72DAEF: SUCCESS sent StartLeaderElection to transferee 62ffdddc-aaf0-4ce5-9810-4c181ebbf473 immediately as it already has up-to-date log
2025-02-19 06:38:31,094 [grpc-default-executor-7] WARN  server.GrpcServerProtocolService (LogUtils.java:warn(121)) - 49dd84ae-7ec9-4d92-bc53-345946144fea: Failed startLeaderElection 25fe7083-9332-4190-accf-9f4542114dd9->62ffdddc-aaf0-4ce5-9810-4c181ebbf473#0: org.apache.ratis.protocol.exceptions.ServerNotReadyException: 49dd84ae-7ec9-4d92-bc53-345946144fea@group-B5B4EE72DAEF is not in [RUNNING]: current state is CLOSED
2025-02-19 06:38:31,096 [25fe7083-9332-4190-accf-9f4542114dd9-server-thread2] WARN  impl.TransferLeadership (TransferLeadership.java:lambda$sendStartLeaderElection$2(227)) - 25fe7083-9332-4190-accf-9f4542114dd9@group-B5B4EE72DAEF: Failed to startLeaderElection for 62ffdddc-aaf0-4ce5-9810-4c181ebbf473
java.util.concurrent.CompletionException: org.apache.ratis.thirdparty.io.grpc.StatusRuntimeException: INTERNAL: 49dd84ae-7ec9-4d92-bc53-345946144fea@group-B5B4EE72DAEF is not in [RUNNING]: current state is CLOSED
	at java.base/java.util.concurrent.CompletableFuture.encodeThrowable(CompletableFuture.java:315)
	at java.base/java.util.concurrent.CompletableFuture.completeThrowable(CompletableFuture.java:320)
	at java.base/java.util.concurrent.CompletableFuture$AsyncSupply.run(CompletableFuture.java:1770)
	at java.base/java.util.concurrent.ThreadPoolExecutor.runWorker(ThreadPoolExecutor.java:1144)
	at java.base/java.util.concurrent.ThreadPoolExecutor$Worker.run(ThreadPoolExecutor.java:642)
	at java.base/java.lang.Thread.run(Thread.java:1583)
Caused by: org.apache.ratis.thirdparty.io.grpc.StatusRuntimeException: INTERNAL: 49dd84ae-7ec9-4d92-bc53-345946144fea@group-B5B4EE72DAEF is not in [RUNNING]: current state is CLOSED
	at org.apache.ratis.thirdparty.io.grpc.stub.ClientCalls.toStatusRuntimeException(ClientCalls.java:268)
	at org.apache.ratis.thirdparty.io.grpc.stub.ClientCalls.getUnchecked(ClientCalls.java:249)
	at org.apache.ratis.thirdparty.io.grpc.stub.ClientCalls.blockingUnaryCall(ClientCalls.java:167)
	at org.apache.ratis.proto.grpc.RaftServerProtocolServiceGrpc$RaftServerProtocolServiceBlockingStub.startLeaderElection(RaftServerProtocolServiceGrpc.java:351)
	at org.apache.ratis.grpc.server.GrpcServerProtocolClient.startLeaderElection(GrpcServerProtocolClient.java:123)
	at org.apache.ratis.grpc.server.GrpcService.startLeaderElection(GrpcService.java:411)
	at org.apache.ratis.server.impl.TransferLeadership.lambda$sendStartLeaderElection$1(TransferLeadership.java:218)
	at java.base/java.util.concurrent.CompletableFuture$AsyncSupply.run(CompletableFuture.java:1768)
	... 3 more
2025-02-19 06:38:31,473 [EventQueue-PipelineReportForPipelineReportHandler] ERROR pipeline.PipelineReportHandler (PipelineReportHandler.java:onMessage(95)) - Could not process pipeline report=pipelineID {
  id: "f1258f91-374d-44ac-9d89-7bef1d680e9b"
  uuid128 {
    mostSigBits: -1070291482569784148
    leastSigBits: -7095003471024746853
  }
}
isLeader: false
bytesWritten: 0
 from dn=49dd84ae-7ec9-4d92-bc53-345946144fea(localhost/127.0.0.1).
java.io.IOException: Datanode=49dd84ae-7ec9-4d92-bc53-345946144fea(localhost/127.0.0.1) not part of pipeline=PipelineID=f1258f91-374d-44ac-9d89-7bef1d680e9b
	at org.apache.hadoop.hdds.scm.pipeline.Pipeline.reportDatanode(Pipeline.java:336)
	at org.apache.hadoop.hdds.scm.pipeline.PipelineReportHandler.setReportedDatanode(PipelineReportHandler.java:154)
	at org.apache.hadoop.hdds.scm.pipeline.PipelineReportHandler.processPipelineReport(PipelineReportHandler.java:129)
	at org.apache.hadoop.hdds.scm.pipeline.PipelineReportHandler.onMessage(PipelineReportHandler.java:88)
	at org.apache.hadoop.hdds.scm.pipeline.PipelineReportHandler.onMessage(PipelineReportHandler.java:47)
	at org.apache.hadoop.hdds.server.events.SingleThreadExecutor.lambda$onMessage$1(SingleThreadExecutor.java:84)
	at java.base/java.util.concurrent.ThreadPoolExecutor.runWorker(ThreadPoolExecutor.java:1144)
	at java.base/java.util.concurrent.ThreadPoolExecutor$Worker.run(ThreadPoolExecutor.java:642)
	at java.base/java.lang.Thread.run(Thread.java:1583)
2025-02-19 06:38:31,473 [EventQueue-PipelineReportForPipelineReportHandler] ERROR pipeline.PipelineReportHandler (PipelineReportHandler.java:onMessage(95)) - Could not process pipeline report=pipelineID {
  id: "117721e1-84b0-442b-bd9d-b5b4ee72daef"
  uuid128 {
    mostSigBits: 1258511873350845483
    leastSigBits: -4783467440498353425
  }
}
isLeader: false
bytesWritten: 0
 from dn=49dd84ae-7ec9-4d92-bc53-345946144fea(localhost/127.0.0.1).
java.io.IOException: Datanode=49dd84ae-7ec9-4d92-bc53-345946144fea(localhost/127.0.0.1) not part of pipeline=PipelineID=117721e1-84b0-442b-bd9d-b5b4ee72daef
	at org.apache.hadoop.hdds.scm.pipeline.Pipeline.reportDatanode(Pipeline.java:336)
	at org.apache.hadoop.hdds.scm.pipeline.PipelineReportHandler.setReportedDatanode(PipelineReportHandler.java:154)
	at org.apache.hadoop.hdds.scm.pipeline.PipelineReportHandler.processPipelineReport(PipelineReportHandler.java:129)
	at org.apache.hadoop.hdds.scm.pipeline.PipelineReportHandler.onMessage(PipelineReportHandler.java:88)
	at org.apache.hadoop.hdds.scm.pipeline.PipelineReportHandler.onMessage(PipelineReportHandler.java:47)
	at org.apache.hadoop.hdds.server.events.SingleThreadExecutor.lambda$onMessage$1(SingleThreadExecutor.java:84)
	at java.base/java.util.concurrent.ThreadPoolExecutor.runWorker(ThreadPoolExecutor.java:1144)
	at java.base/java.util.concurrent.ThreadPoolExecutor$Worker.run(ThreadPoolExecutor.java:642)
	at java.base/java.lang.Thread.run(Thread.java:1583)
2025-02-19 06:38:31,873 [EventQueue-PipelineReportForPipelineReportHandler] ERROR pipeline.PipelineReportHandler (PipelineReportHandler.java:onMessage(95)) - Could not process pipeline report=pipelineID {
  id: "f1258f91-374d-44ac-9d89-7bef1d680e9b"
  uuid128 {
    mostSigBits: -1070291482569784148
    leastSigBits: -7095003471024746853
  }
}
isLeader: false
bytesWritten: 0
 from dn=49dd84ae-7ec9-4d92-bc53-345946144fea(localhost/127.0.0.1).
java.io.IOException: Datanode=49dd84ae-7ec9-4d92-bc53-345946144fea(localhost/127.0.0.1) not part of pipeline=PipelineID=f1258f91-374d-44ac-9d89-7bef1d680e9b
	at org.apache.hadoop.hdds.scm.pipeline.Pipeline.reportDatanode(Pipeline.java:336)
	at org.apache.hadoop.hdds.scm.pipeline.PipelineReportHandler.setReportedDatanode(PipelineReportHandler.java:154)
	at org.apache.hadoop.hdds.scm.pipeline.PipelineReportHandler.processPipelineReport(PipelineReportHandler.java:129)
	at org.apache.hadoop.hdds.scm.pipeline.PipelineReportHandler.onMessage(PipelineReportHandler.java:88)
	at org.apache.hadoop.hdds.scm.pipeline.PipelineReportHandler.onMessage(PipelineReportHandler.java:47)
	at org.apache.hadoop.hdds.server.events.SingleThreadExecutor.lambda$onMessage$1(SingleThreadExecutor.java:84)
	at java.base/java.util.concurrent.ThreadPoolExecutor.runWorker(ThreadPoolExecutor.java:1144)
	at java.base/java.util.concurrent.ThreadPoolExecutor$Worker.run(ThreadPoolExecutor.java:642)
	at java.base/java.lang.Thread.run(Thread.java:1583)
2025-02-19 06:38:31,874 [EventQueue-PipelineReportForPipelineReportHandler] ERROR pipeline.PipelineReportHandler (PipelineReportHandler.java:onMessage(95)) - Could not process pipeline report=pipelineID {
  id: "117721e1-84b0-442b-bd9d-b5b4ee72daef"
  uuid128 {
    mostSigBits: 1258511873350845483
    leastSigBits: -4783467440498353425
  }
}
isLeader: false
bytesWritten: 0
 from dn=49dd84ae-7ec9-4d92-bc53-345946144fea(localhost/127.0.0.1).
java.io.IOException: Datanode=49dd84ae-7ec9-4d92-bc53-345946144fea(localhost/127.0.0.1) not part of pipeline=PipelineID=117721e1-84b0-442b-bd9d-b5b4ee72daef
	at org.apache.hadoop.hdds.scm.pipeline.Pipeline.reportDatanode(Pipeline.java:336)
	at org.apache.hadoop.hdds.scm.pipeline.PipelineReportHandler.setReportedDatanode(PipelineReportHandler.java:154)
	at org.apache.hadoop.hdds.scm.pipeline.PipelineReportHandler.processPipelineReport(PipelineReportHandler.java:129)
	at org.apache.hadoop.hdds.scm.pipeline.PipelineReportHandler.onMessage(PipelineReportHandler.java:88)
	at org.apache.hadoop.hdds.scm.pipeline.PipelineReportHandler.onMessage(PipelineReportHandler.java:47)
	at org.apache.hadoop.hdds.server.events.SingleThreadExecutor.lambda$onMessage$1(SingleThreadExecutor.java:84)
	at java.base/java.util.concurrent.ThreadPoolExecutor.runWorker(ThreadPoolExecutor.java:1144)
	at java.base/java.util.concurrent.ThreadPoolExecutor$Worker.run(ThreadPoolExecutor.java:642)
	at java.base/java.lang.Thread.run(Thread.java:1583)
2025-02-19 06:38:31,972 [timer1] WARN  server.GrpcLogAppender (LogUtils.java:warn(123)) - eb965ba7-12a8-46f3-92c0-bc6ff5b3bf3b@group-81341F4E2824->62ffdddc-aaf0-4ce5-9810-4c181ebbf473-AppendLogResponseHandler: Failed appendEntries (Repeated 9 times in the last 5.001s)
org.apache.ratis.protocol.exceptions.GroupMismatchException: 49dd84ae-7ec9-4d92-bc53-345946144fea: group-81341F4E2824 not found.
	at org.apache.ratis.server.impl.RaftServerProxy$ImplMap.get(RaftServerProxy.java:155)
	at org.apache.ratis.server.impl.RaftServerProxy.getImplFuture(RaftServerProxy.java:365)
	at org.apache.ratis.server.impl.RaftServerProxy.appendEntriesAsync(RaftServerProxy.java:644)
	at org.apache.ratis.grpc.server.GrpcServerProtocolService$1.process(GrpcServerProtocolService.java:229)
	at org.apache.ratis.grpc.server.GrpcServerProtocolService$1.process(GrpcServerProtocolService.java:226)
	at org.apache.ratis.grpc.server.GrpcServerProtocolService$ServerRequestStreamObserver.onNext(GrpcServerProtocolService.java:137)
	at org.apache.ratis.thirdparty.io.grpc.stub.ServerCalls$StreamingServerCallHandler$StreamingServerCallListener.onMessage(ServerCalls.java:262)
	at org.apache.ratis.thirdparty.io.grpc.internal.ServerCallImpl$ServerStreamListenerImpl.messagesAvailableInternal(ServerCallImpl.java:329)
	at org.apache.ratis.thirdparty.io.grpc.internal.ServerCallImpl$ServerStreamListenerImpl.messagesAvailable(ServerCallImpl.java:314)
	at org.apache.ratis.thirdparty.io.grpc.internal.ServerImpl$JumpToApplicationThreadServerStreamListener$1MessagesAvailable.runInContext(ServerImpl.java:833)
	at org.apache.ratis.thirdparty.io.grpc.internal.ContextRunnable.run(ContextRunnable.java:37)
	at org.apache.ratis.thirdparty.io.grpc.internal.SerializingExecutor.run(SerializingExecutor.java:133)
	at java.base/java.util.concurrent.ThreadPoolExecutor.runWorker(ThreadPoolExecutor.java:1144)
	at java.base/java.util.concurrent.ThreadPoolExecutor$Worker.run(ThreadPoolExecutor.java:642)
	at java.base/java.lang.Thread.run(Thread.java:1583)
2025-02-19 06:38:32,028 [6b36f32d-918c-46a3-bfcb-888cb423c6dd@group-81341F4E2824-StateMachineUpdater] INFO  ratis.ContainerStateMachine (ContainerStateMachine.java:takeSnapshot(376)) - group-81341F4E2824: Taking a snapshot at:(t:1, i:36) file /home/runner/work/ozone/ozone/hadoop-ozone/integration-test/target/test-dir/MiniOzoneClusterImpl-3e129c02-f7f1-4d32-bd92-d681932e2c0d/ozone-meta/datanode-2/ratis/e1fc892c-095b-4650-8f0f-81341f4e2824/sm/snapshot.1_36
2025-02-19 06:38:32,031 [grpc-default-executor-7] WARN  server.GrpcServerProtocolService (LogUtils.java:warn(123)) - 49dd84ae-7ec9-4d92-bc53-345946144fea: Failed APPEND_ENTRIES request eb965ba7-12a8-46f3-92c0-bc6ff5b3bf3b->62ffdddc-aaf0-4ce5-9810-4c181ebbf473#9290-t1,previous=(t:1, i:16),leaderCommit=36,initializing? false,entries: size=21, first=(t:1, i:17), STATEMACHINELOGENTRY, WRITE: logData.size=154, stateMachineData.size=5, logEntryProtoSerializedSize=0
java.util.concurrent.CompletionException: org.apache.ratis.protocol.exceptions.GroupMismatchException: 49dd84ae-7ec9-4d92-bc53-345946144fea: group-81341F4E2824 not found.
	at java.base/java.util.concurrent.CompletableFuture.encodeThrowable(CompletableFuture.java:332)
	at java.base/java.util.concurrent.CompletableFuture.uniComposeStage(CompletableFuture.java:1177)
	at java.base/java.util.concurrent.CompletableFuture.thenCompose(CompletableFuture.java:2341)
	at org.apache.ratis.server.impl.RaftServerProxy.appendEntriesAsync(RaftServerProxy.java:645)
	at org.apache.ratis.grpc.server.GrpcServerProtocolService$1.process(GrpcServerProtocolService.java:229)
	at org.apache.ratis.grpc.server.GrpcServerProtocolService$1.process(GrpcServerProtocolService.java:226)
	at org.apache.ratis.grpc.server.GrpcServerProtocolService$ServerRequestStreamObserver.onNext(GrpcServerProtocolService.java:137)
	at org.apache.ratis.thirdparty.io.grpc.stub.ServerCalls$StreamingServerCallHandler$StreamingServerCallListener.onMessage(ServerCalls.java:262)
	at org.apache.ratis.thirdparty.io.grpc.internal.ServerCallImpl$ServerStreamListenerImpl.messagesAvailableInternal(ServerCallImpl.java:329)
	at org.apache.ratis.thirdparty.io.grpc.internal.ServerCallImpl$ServerStreamListenerImpl.messagesAvailable(ServerCallImpl.java:314)
	at org.apache.ratis.thirdparty.io.grpc.internal.ServerImpl$JumpToApplicationThreadServerStreamListener$1MessagesAvailable.runInContext(ServerImpl.java:833)
	at org.apache.ratis.thirdparty.io.grpc.internal.ContextRunnable.run(ContextRunnable.java:37)
	at org.apache.ratis.thirdparty.io.grpc.internal.SerializingExecutor.run(SerializingExecutor.java:133)
	at java.base/java.util.concurrent.ThreadPoolExecutor.runWorker(ThreadPoolExecutor.java:1144)
	at java.base/java.util.concurrent.ThreadPoolExecutor$Worker.run(ThreadPoolExecutor.java:642)
	at java.base/java.lang.Thread.run(Thread.java:1583)
Caused by: org.apache.ratis.protocol.exceptions.GroupMismatchException: 49dd84ae-7ec9-4d92-bc53-345946144fea: group-81341F4E2824 not found.
	at org.apache.ratis.server.impl.RaftServerProxy$ImplMap.get(RaftServerProxy.java:155)
	at org.apache.ratis.server.impl.RaftServerProxy.getImplFuture(RaftServerProxy.java:365)
	at org.apache.ratis.server.impl.RaftServerProxy.appendEntriesAsync(RaftServerProxy.java:644)
	... 12 more
2025-02-19 06:38:32,031 [6b36f32d-918c-46a3-bfcb-888cb423c6dd@group-81341F4E2824-StateMachineUpdater] INFO  ratis.ContainerStateMachine (ContainerStateMachine.java:takeSnapshot(387)) - group-81341F4E2824: Finished taking a snapshot at:(t:1, i:36) file:/home/runner/work/ozone/ozone/hadoop-ozone/integration-test/target/test-dir/MiniOzoneClusterImpl-3e129c02-f7f1-4d32-bd92-d681932e2c0d/ozone-meta/datanode-2/ratis/e1fc892c-095b-4650-8f0f-81341f4e2824/sm/snapshot.1_36 took: 2 ms
2025-02-19 06:38:32,031 [6b36f32d-918c-46a3-bfcb-888cb423c6dd@group-81341F4E2824-StateMachineUpdater] INFO  impl.SimpleStateMachineStorage (SimpleStateMachineStorage.java:lambda$cleanupOldSnapshots$1(126)) - Deleting old snapshot at /home/runner/work/ozone/ozone/hadoop-ozone/integration-test/target/test-dir/MiniOzoneClusterImpl-3e129c02-f7f1-4d32-bd92-d681932e2c0d/ozone-meta/datanode-2/ratis/e1fc892c-095b-4650-8f0f-81341f4e2824/sm/snapshot.1_22
2025-02-19 06:38:32,032 [6b36f32d-918c-46a3-bfcb-888cb423c6dd@group-81341F4E2824-StateMachineUpdater] INFO  impl.StateMachineUpdater (StateMachineUpdater.java:takeSnapshot(303)) - 6b36f32d-918c-46a3-bfcb-888cb423c6dd@group-81341F4E2824-StateMachineUpdater: Took a snapshot at index 36
2025-02-19 06:38:32,032 [6b36f32d-918c-46a3-bfcb-888cb423c6dd@group-81341F4E2824-StateMachineUpdater] INFO  impl.StateMachineUpdater (StateMachineUpdater.java:lambda$new$0(102)) - 6b36f32d-918c-46a3-bfcb-888cb423c6dd@group-81341F4E2824-StateMachineUpdater: snapshotIndex: updateIncreasingly 34 -> 36
2025-02-19 06:38:32,032 [eb965ba7-12a8-46f3-92c0-bc6ff5b3bf3b@group-81341F4E2824-StateMachineUpdater] INFO  ratis.ContainerStateMachine (ContainerStateMachine.java:takeSnapshot(376)) - group-81341F4E2824: Taking a snapshot at:(t:1, i:38) file /home/runner/work/ozone/ozone/hadoop-ozone/integration-test/target/test-dir/MiniOzoneClusterImpl-3e129c02-f7f1-4d32-bd92-d681932e2c0d/ozone-meta/datanode-3/ratis/e1fc892c-095b-4650-8f0f-81341f4e2824/sm/snapshot.1_38
2025-02-19 06:38:32,033 [grpc-default-executor-7] WARN  server.GrpcLogAppender (LogUtils.java:warn(123)) - eb965ba7-12a8-46f3-92c0-bc6ff5b3bf3b@group-81341F4E2824->62ffdddc-aaf0-4ce5-9810-4c181ebbf473-AppendLogResponseHandler: Failed appendEntries
org.apache.ratis.protocol.exceptions.GroupMismatchException: 49dd84ae-7ec9-4d92-bc53-345946144fea: group-81341F4E2824 not found.
	at org.apache.ratis.server.impl.RaftServerProxy$ImplMap.get(RaftServerProxy.java:155)
	at org.apache.ratis.server.impl.RaftServerProxy.getImplFuture(RaftServerProxy.java:365)
	at org.apache.ratis.server.impl.RaftServerProxy.appendEntriesAsync(RaftServerProxy.java:644)
	at org.apache.ratis.grpc.server.GrpcServerProtocolService$1.process(GrpcServerProtocolService.java:229)
	at org.apache.ratis.grpc.server.GrpcServerProtocolService$1.process(GrpcServerProtocolService.java:226)
	at org.apache.ratis.grpc.server.GrpcServerProtocolService$ServerRequestStreamObserver.onNext(GrpcServerProtocolService.java:137)
	at org.apache.ratis.thirdparty.io.grpc.stub.ServerCalls$StreamingServerCallHandler$StreamingServerCallListener.onMessage(ServerCalls.java:262)
	at org.apache.ratis.thirdparty.io.grpc.internal.ServerCallImpl$ServerStreamListenerImpl.messagesAvailableInternal(ServerCallImpl.java:329)
	at org.apache.ratis.thirdparty.io.grpc.internal.ServerCallImpl$ServerStreamListenerImpl.messagesAvailable(ServerCallImpl.java:314)
	at org.apache.ratis.thirdparty.io.grpc.internal.ServerImpl$JumpToApplicationThreadServerStreamListener$1MessagesAvailable.runInContext(ServerImpl.java:833)
	at org.apache.ratis.thirdparty.io.grpc.internal.ContextRunnable.run(ContextRunnable.java:37)
	at org.apache.ratis.thirdparty.io.grpc.internal.SerializingExecutor.run(SerializingExecutor.java:133)
	at java.base/java.util.concurrent.ThreadPoolExecutor.runWorker(ThreadPoolExecutor.java:1144)
	at java.base/java.util.concurrent.ThreadPoolExecutor$Worker.run(ThreadPoolExecutor.java:642)
	at java.base/java.lang.Thread.run(Thread.java:1583)
2025-02-19 06:38:32,033 [grpc-default-executor-7] INFO  leader.LogAppender (LogAppenderBase.java:lambda$getNextIndexForError$0(215)) - Decrease nextIndex to 17
2025-02-19 06:38:32,033 [grpc-default-executor-7] INFO  leader.LogAppender (LogAppenderBase.java:lambda$getNextIndexForError$0(215)) - Decrease nextIndex to 17
2025-02-19 06:38:32,033 [grpc-default-executor-7] INFO  leader.FollowerInfo (FollowerInfoImpl.java:info(70)) - eb965ba7-12a8-46f3-92c0-bc6ff5b3bf3b@group-81341F4E2824->62ffdddc-aaf0-4ce5-9810-4c181ebbf473: computeNextIndex nextIndex: updateUnconditionally 38 -> 17
2025-02-19 06:38:32,034 [eb965ba7-12a8-46f3-92c0-bc6ff5b3bf3b@group-81341F4E2824-StateMachineUpdater] INFO  ratis.ContainerStateMachine (ContainerStateMachine.java:takeSnapshot(387)) - group-81341F4E2824: Finished taking a snapshot at:(t:1, i:38) file:/home/runner/work/ozone/ozone/hadoop-ozone/integration-test/target/test-dir/MiniOzoneClusterImpl-3e129c02-f7f1-4d32-bd92-d681932e2c0d/ozone-meta/datanode-3/ratis/e1fc892c-095b-4650-8f0f-81341f4e2824/sm/snapshot.1_38 took: 1 ms
2025-02-19 06:38:32,034 [eb965ba7-12a8-46f3-92c0-bc6ff5b3bf3b@group-81341F4E2824-StateMachineUpdater] INFO  impl.SimpleStateMachineStorage (SimpleStateMachineStorage.java:lambda$cleanupOldSnapshots$1(126)) - Deleting old snapshot at /home/runner/work/ozone/ozone/hadoop-ozone/integration-test/target/test-dir/MiniOzoneClusterImpl-3e129c02-f7f1-4d32-bd92-d681932e2c0d/ozone-meta/datanode-3/ratis/e1fc892c-095b-4650-8f0f-81341f4e2824/sm/snapshot.1_21
2025-02-19 06:38:32,034 [eb965ba7-12a8-46f3-92c0-bc6ff5b3bf3b@group-81341F4E2824-StateMachineUpdater] INFO  impl.StateMachineUpdater (StateMachineUpdater.java:takeSnapshot(303)) - eb965ba7-12a8-46f3-92c0-bc6ff5b3bf3b@group-81341F4E2824-StateMachineUpdater: Took a snapshot at index 38
2025-02-19 06:38:32,034 [eb965ba7-12a8-46f3-92c0-bc6ff5b3bf3b@group-81341F4E2824-StateMachineUpdater] INFO  impl.StateMachineUpdater (StateMachineUpdater.java:lambda$new$0(102)) - eb965ba7-12a8-46f3-92c0-bc6ff5b3bf3b@group-81341F4E2824-StateMachineUpdater: snapshotIndex: updateIncreasingly 36 -> 38
2025-02-19 06:38:32,034 [eb965ba7-12a8-46f3-92c0-bc6ff5b3bf3b@group-81341F4E2824-StateMachineUpdater] INFO  ratis.ContainerStateMachine (ContainerStateMachine.java:takeSnapshot(376)) - group-81341F4E2824: Taking a snapshot at:(t:1, i:40) file /home/runner/work/ozone/ozone/hadoop-ozone/integration-test/target/test-dir/MiniOzoneClusterImpl-3e129c02-f7f1-4d32-bd92-d681932e2c0d/ozone-meta/datanode-3/ratis/e1fc892c-095b-4650-8f0f-81341f4e2824/sm/snapshot.1_40
2025-02-19 06:38:32,036 [eb965ba7-12a8-46f3-92c0-bc6ff5b3bf3b@group-81341F4E2824-StateMachineUpdater] INFO  ratis.ContainerStateMachine (ContainerStateMachine.java:takeSnapshot(387)) - group-81341F4E2824: Finished taking a snapshot at:(t:1, i:40) file:/home/runner/work/ozone/ozone/hadoop-ozone/integration-test/target/test-dir/MiniOzoneClusterImpl-3e129c02-f7f1-4d32-bd92-d681932e2c0d/ozone-meta/datanode-3/ratis/e1fc892c-095b-4650-8f0f-81341f4e2824/sm/snapshot.1_40 took: 1 ms
2025-02-19 06:38:32,036 [eb965ba7-12a8-46f3-92c0-bc6ff5b3bf3b@group-81341F4E2824-StateMachineUpdater] INFO  impl.SimpleStateMachineStorage (SimpleStateMachineStorage.java:lambda$cleanupOldSnapshots$1(126)) - Deleting old snapshot at /home/runner/work/ozone/ozone/hadoop-ozone/integration-test/target/test-dir/MiniOzoneClusterImpl-3e129c02-f7f1-4d32-bd92-d681932e2c0d/ozone-meta/datanode-3/ratis/e1fc892c-095b-4650-8f0f-81341f4e2824/sm/snapshot.1_25
2025-02-19 06:38:32,036 [eb965ba7-12a8-46f3-92c0-bc6ff5b3bf3b@group-81341F4E2824-StateMachineUpdater] INFO  impl.StateMachineUpdater (StateMachineUpdater.java:takeSnapshot(303)) - eb965ba7-12a8-46f3-92c0-bc6ff5b3bf3b@group-81341F4E2824-StateMachineUpdater: Took a snapshot at index 40
2025-02-19 06:38:32,036 [eb965ba7-12a8-46f3-92c0-bc6ff5b3bf3b@group-81341F4E2824-StateMachineUpdater] INFO  impl.StateMachineUpdater (StateMachineUpdater.java:lambda$new$0(102)) - eb965ba7-12a8-46f3-92c0-bc6ff5b3bf3b@group-81341F4E2824-StateMachineUpdater: snapshotIndex: updateIncreasingly 38 -> 40
2025-02-19 06:38:32,073 [EventQueue-PipelineReportForPipelineReportHandler] ERROR pipeline.PipelineReportHandler (PipelineReportHandler.java:onMessage(95)) - Could not process pipeline report=pipelineID {
  id: "f1258f91-374d-44ac-9d89-7bef1d680e9b"
  uuid128 {
    mostSigBits: -1070291482569784148
    leastSigBits: -7095003471024746853
  }
}
isLeader: false
bytesWritten: 0
 from dn=49dd84ae-7ec9-4d92-bc53-345946144fea(localhost/127.0.0.1).
java.io.IOException: Datanode=49dd84ae-7ec9-4d92-bc53-345946144fea(localhost/127.0.0.1) not part of pipeline=PipelineID=f1258f91-374d-44ac-9d89-7bef1d680e9b
	at org.apache.hadoop.hdds.scm.pipeline.Pipeline.reportDatanode(Pipeline.java:336)
	at org.apache.hadoop.hdds.scm.pipeline.PipelineReportHandler.setReportedDatanode(PipelineReportHandler.java:154)
	at org.apache.hadoop.hdds.scm.pipeline.PipelineReportHandler.processPipelineReport(PipelineReportHandler.java:129)
	at org.apache.hadoop.hdds.scm.pipeline.PipelineReportHandler.onMessage(PipelineReportHandler.java:88)
	at org.apache.hadoop.hdds.scm.pipeline.PipelineReportHandler.onMessage(PipelineReportHandler.java:47)
	at org.apache.hadoop.hdds.server.events.SingleThreadExecutor.lambda$onMessage$1(SingleThreadExecutor.java:84)
	at java.base/java.util.concurrent.ThreadPoolExecutor.runWorker(ThreadPoolExecutor.java:1144)
	at java.base/java.util.concurrent.ThreadPoolExecutor$Worker.run(ThreadPoolExecutor.java:642)
	at java.base/java.lang.Thread.run(Thread.java:1583)
2025-02-19 06:38:32,073 [EventQueue-PipelineReportForPipelineReportHandler] ERROR pipeline.PipelineReportHandler (PipelineReportHandler.java:onMessage(95)) - Could not process pipeline report=pipelineID {
  id: "117721e1-84b0-442b-bd9d-b5b4ee72daef"
  uuid128 {
    mostSigBits: 1258511873350845483
    leastSigBits: -4783467440498353425
  }
}
isLeader: false
bytesWritten: 0
 from dn=49dd84ae-7ec9-4d92-bc53-345946144fea(localhost/127.0.0.1).
java.io.IOException: Datanode=49dd84ae-7ec9-4d92-bc53-345946144fea(localhost/127.0.0.1) not part of pipeline=PipelineID=117721e1-84b0-442b-bd9d-b5b4ee72daef
	at org.apache.hadoop.hdds.scm.pipeline.Pipeline.reportDatanode(Pipeline.java:336)
	at org.apache.hadoop.hdds.scm.pipeline.PipelineReportHandler.setReportedDatanode(PipelineReportHandler.java:154)
	at org.apache.hadoop.hdds.scm.pipeline.PipelineReportHandler.processPipelineReport(PipelineReportHandler.java:129)
	at org.apache.hadoop.hdds.scm.pipeline.PipelineReportHandler.onMessage(PipelineReportHandler.java:88)
	at org.apache.hadoop.hdds.scm.pipeline.PipelineReportHandler.onMessage(PipelineReportHandler.java:47)
	at org.apache.hadoop.hdds.server.events.SingleThreadExecutor.lambda$onMessage$1(SingleThreadExecutor.java:84)
	at java.base/java.util.concurrent.ThreadPoolExecutor.runWorker(ThreadPoolExecutor.java:1144)
	at java.base/java.util.concurrent.ThreadPoolExecutor$Worker.run(ThreadPoolExecutor.java:642)
	at java.base/java.lang.Thread.run(Thread.java:1583)
2025-02-19 06:38:32,247 [timer3] WARN  server.GrpcLogAppender (GrpcLogAppender.java:timeoutAppendRequest(441)) - 25fe7083-9332-4190-accf-9f4542114dd9@group-B5B4EE72DAEF->62ffdddc-aaf0-4ce5-9810-4c181ebbf473-GrpcLogAppender: Timed out HEARTBEAT appendEntries, errorCount=6, request=AppendEntriesRequest:cid=4707,entriesCount=0
2025-02-19 06:38:32,473 [EventQueue-PipelineReportForPipelineReportHandler] ERROR pipeline.PipelineReportHandler (PipelineReportHandler.java:onMessage(95)) - Could not process pipeline report=pipelineID {
  id: "f1258f91-374d-44ac-9d89-7bef1d680e9b"
  uuid128 {
    mostSigBits: -1070291482569784148
    leastSigBits: -7095003471024746853
  }
}
isLeader: false
bytesWritten: 0
 from dn=49dd84ae-7ec9-4d92-bc53-345946144fea(localhost/127.0.0.1).
java.io.IOException: Datanode=49dd84ae-7ec9-4d92-bc53-345946144fea(localhost/127.0.0.1) not part of pipeline=PipelineID=f1258f91-374d-44ac-9d89-7bef1d680e9b
	at org.apache.hadoop.hdds.scm.pipeline.Pipeline.reportDatanode(Pipeline.java:336)
	at org.apache.hadoop.hdds.scm.pipeline.PipelineReportHandler.setReportedDatanode(PipelineReportHandler.java:154)
	at org.apache.hadoop.hdds.scm.pipeline.PipelineReportHandler.processPipelineReport(PipelineReportHandler.java:129)
	at org.apache.hadoop.hdds.scm.pipeline.PipelineReportHandler.onMessage(PipelineReportHandler.java:88)
	at org.apache.hadoop.hdds.scm.pipeline.PipelineReportHandler.onMessage(PipelineReportHandler.java:47)
	at org.apache.hadoop.hdds.server.events.SingleThreadExecutor.lambda$onMessage$1(SingleThreadExecutor.java:84)
	at java.base/java.util.concurrent.ThreadPoolExecutor.runWorker(ThreadPoolExecutor.java:1144)
	at java.base/java.util.concurrent.ThreadPoolExecutor$Worker.run(ThreadPoolExecutor.java:642)
	at java.base/java.lang.Thread.run(Thread.java:1583)
2025-02-19 06:38:32,473 [EventQueue-PipelineReportForPipelineReportHandler] ERROR pipeline.PipelineReportHandler (PipelineReportHandler.java:onMessage(95)) - Could not process pipeline report=pipelineID {
  id: "117721e1-84b0-442b-bd9d-b5b4ee72daef"
  uuid128 {
    mostSigBits: 1258511873350845483
    leastSigBits: -4783467440498353425
  }
}
isLeader: false
bytesWritten: 0
 from dn=49dd84ae-7ec9-4d92-bc53-345946144fea(localhost/127.0.0.1).
java.io.IOException: Datanode=49dd84ae-7ec9-4d92-bc53-345946144fea(localhost/127.0.0.1) not part of pipeline=PipelineID=117721e1-84b0-442b-bd9d-b5b4ee72daef
	at org.apache.hadoop.hdds.scm.pipeline.Pipeline.reportDatanode(Pipeline.java:336)
	at org.apache.hadoop.hdds.scm.pipeline.PipelineReportHandler.setReportedDatanode(PipelineReportHandler.java:154)
	at org.apache.hadoop.hdds.scm.pipeline.PipelineReportHandler.processPipelineReport(PipelineReportHandler.java:129)
	at org.apache.hadoop.hdds.scm.pipeline.PipelineReportHandler.onMessage(PipelineReportHandler.java:88)
	at org.apache.hadoop.hdds.scm.pipeline.PipelineReportHandler.onMessage(PipelineReportHandler.java:47)
	at org.apache.hadoop.hdds.server.events.SingleThreadExecutor.lambda$onMessage$1(SingleThreadExecutor.java:84)
	at java.base/java.util.concurrent.ThreadPoolExecutor.runWorker(ThreadPoolExecutor.java:1144)
	at java.base/java.util.concurrent.ThreadPoolExecutor$Worker.run(ThreadPoolExecutor.java:642)
	at java.base/java.lang.Thread.run(Thread.java:1583)
2025-02-19 06:38:32,673 [EventQueue-PipelineReportForPipelineReportHandler] ERROR pipeline.PipelineReportHandler (PipelineReportHandler.java:onMessage(95)) - Could not process pipeline report=pipelineID {
  id: "f1258f91-374d-44ac-9d89-7bef1d680e9b"
  uuid128 {
    mostSigBits: -1070291482569784148
    leastSigBits: -7095003471024746853
  }
}
isLeader: false
bytesWritten: 0
 from dn=49dd84ae-7ec9-4d92-bc53-345946144fea(localhost/127.0.0.1).
java.io.IOException: Datanode=49dd84ae-7ec9-4d92-bc53-345946144fea(localhost/127.0.0.1) not part of pipeline=PipelineID=f1258f91-374d-44ac-9d89-7bef1d680e9b
	at org.apache.hadoop.hdds.scm.pipeline.Pipeline.reportDatanode(Pipeline.java:336)
	at org.apache.hadoop.hdds.scm.pipeline.PipelineReportHandler.setReportedDatanode(PipelineReportHandler.java:154)
	at org.apache.hadoop.hdds.scm.pipeline.PipelineReportHandler.processPipelineReport(PipelineReportHandler.java:129)
	at org.apache.hadoop.hdds.scm.pipeline.PipelineReportHandler.onMessage(PipelineReportHandler.java:88)
	at org.apache.hadoop.hdds.scm.pipeline.PipelineReportHandler.onMessage(PipelineReportHandler.java:47)
	at org.apache.hadoop.hdds.server.events.SingleThreadExecutor.lambda$onMessage$1(SingleThreadExecutor.java:84)
	at java.base/java.util.concurrent.ThreadPoolExecutor.runWorker(ThreadPoolExecutor.java:1144)
	at java.base/java.util.concurrent.ThreadPoolExecutor$Worker.run(ThreadPoolExecutor.java:642)
	at java.base/java.lang.Thread.run(Thread.java:1583)
2025-02-19 06:38:32,673 [EventQueue-PipelineReportForPipelineReportHandler] ERROR pipeline.PipelineReportHandler (PipelineReportHandler.java:onMessage(95)) - Could not process pipeline report=pipelineID {
  id: "117721e1-84b0-442b-bd9d-b5b4ee72daef"
  uuid128 {
    mostSigBits: 1258511873350845483
    leastSigBits: -4783467440498353425
  }
}
isLeader: false
bytesWritten: 0
 from dn=49dd84ae-7ec9-4d92-bc53-345946144fea(localhost/127.0.0.1).
java.io.IOException: Datanode=49dd84ae-7ec9-4d92-bc53-345946144fea(localhost/127.0.0.1) not part of pipeline=PipelineID=117721e1-84b0-442b-bd9d-b5b4ee72daef
	at org.apache.hadoop.hdds.scm.pipeline.Pipeline.reportDatanode(Pipeline.java:336)
	at org.apache.hadoop.hdds.scm.pipeline.PipelineReportHandler.setReportedDatanode(PipelineReportHandler.java:154)
	at org.apache.hadoop.hdds.scm.pipeline.PipelineReportHandler.processPipelineReport(PipelineReportHandler.java:129)
	at org.apache.hadoop.hdds.scm.pipeline.PipelineReportHandler.onMessage(PipelineReportHandler.java:88)
	at org.apache.hadoop.hdds.scm.pipeline.PipelineReportHandler.onMessage(PipelineReportHandler.java:47)
	at org.apache.hadoop.hdds.server.events.SingleThreadExecutor.lambda$onMessage$1(SingleThreadExecutor.java:84)
	at java.base/java.util.concurrent.ThreadPoolExecutor.runWorker(ThreadPoolExecutor.java:1144)
	at java.base/java.util.concurrent.ThreadPoolExecutor$Worker.run(ThreadPoolExecutor.java:642)
	at java.base/java.lang.Thread.run(Thread.java:1583)
2025-02-19 06:38:33,037 [6b36f32d-918c-46a3-bfcb-888cb423c6dd@group-81341F4E2824-StateMachineUpdater] INFO  ratis.ContainerStateMachine (ContainerStateMachine.java:takeSnapshot(376)) - group-81341F4E2824: Taking a snapshot at:(t:1, i:40) file /home/runner/work/ozone/ozone/hadoop-ozone/integration-test/target/test-dir/MiniOzoneClusterImpl-3e129c02-f7f1-4d32-bd92-d681932e2c0d/ozone-meta/datanode-2/ratis/e1fc892c-095b-4650-8f0f-81341f4e2824/sm/snapshot.1_40
2025-02-19 06:38:33,038 [6b36f32d-918c-46a3-bfcb-888cb423c6dd@group-81341F4E2824-StateMachineUpdater] INFO  ratis.ContainerStateMachine (ContainerStateMachine.java:takeSnapshot(387)) - group-81341F4E2824: Finished taking a snapshot at:(t:1, i:40) file:/home/runner/work/ozone/ozone/hadoop-ozone/integration-test/target/test-dir/MiniOzoneClusterImpl-3e129c02-f7f1-4d32-bd92-d681932e2c0d/ozone-meta/datanode-2/ratis/e1fc892c-095b-4650-8f0f-81341f4e2824/sm/snapshot.1_40 took: 2 ms
2025-02-19 06:38:33,039 [6b36f32d-918c-46a3-bfcb-888cb423c6dd@group-81341F4E2824-StateMachineUpdater] INFO  impl.SimpleStateMachineStorage (SimpleStateMachineStorage.java:lambda$cleanupOldSnapshots$1(126)) - Deleting old snapshot at /home/runner/work/ozone/ozone/hadoop-ozone/integration-test/target/test-dir/MiniOzoneClusterImpl-3e129c02-f7f1-4d32-bd92-d681932e2c0d/ozone-meta/datanode-2/ratis/e1fc892c-095b-4650-8f0f-81341f4e2824/sm/snapshot.1_24
2025-02-19 06:38:33,039 [6b36f32d-918c-46a3-bfcb-888cb423c6dd@group-81341F4E2824-StateMachineUpdater] INFO  impl.StateMachineUpdater (StateMachineUpdater.java:takeSnapshot(303)) - 6b36f32d-918c-46a3-bfcb-888cb423c6dd@group-81341F4E2824-StateMachineUpdater: Took a snapshot at index 40
2025-02-19 06:38:33,039 [6b36f32d-918c-46a3-bfcb-888cb423c6dd@group-81341F4E2824-StateMachineUpdater] INFO  impl.StateMachineUpdater (StateMachineUpdater.java:lambda$new$0(102)) - 6b36f32d-918c-46a3-bfcb-888cb423c6dd@group-81341F4E2824-StateMachineUpdater: snapshotIndex: updateIncreasingly 36 -> 40
2025-02-19 06:38:33,039 [grpc-default-executor-4] WARN  server.GrpcServerProtocolService (LogUtils.java:warn(123)) - 49dd84ae-7ec9-4d92-bc53-345946144fea: Failed APPEND_ENTRIES request eb965ba7-12a8-46f3-92c0-bc6ff5b3bf3b->62ffdddc-aaf0-4ce5-9810-4c181ebbf473#9293-t1,previous=(t:1, i:16),leaderCommit=40,initializing? false,entries: size=25, first=(t:1, i:17), STATEMACHINELOGENTRY, WRITE: logData.size=154, stateMachineData.size=5, logEntryProtoSerializedSize=0
java.util.concurrent.CompletionException: org.apache.ratis.protocol.exceptions.GroupMismatchException: 49dd84ae-7ec9-4d92-bc53-345946144fea: group-81341F4E2824 not found.
	at java.base/java.util.concurrent.CompletableFuture.encodeThrowable(CompletableFuture.java:332)
	at java.base/java.util.concurrent.CompletableFuture.uniComposeStage(CompletableFuture.java:1177)
	at java.base/java.util.concurrent.CompletableFuture.thenCompose(CompletableFuture.java:2341)
	at org.apache.ratis.server.impl.RaftServerProxy.appendEntriesAsync(RaftServerProxy.java:645)
	at org.apache.ratis.grpc.server.GrpcServerProtocolService$1.process(GrpcServerProtocolService.java:229)
	at org.apache.ratis.grpc.server.GrpcServerProtocolService$1.process(GrpcServerProtocolService.java:226)
	at org.apache.ratis.grpc.server.GrpcServerProtocolService$ServerRequestStreamObserver.onNext(GrpcServerProtocolService.java:137)
	at org.apache.ratis.thirdparty.io.grpc.stub.ServerCalls$StreamingServerCallHandler$StreamingServerCallListener.onMessage(ServerCalls.java:262)
	at org.apache.ratis.thirdparty.io.grpc.internal.ServerCallImpl$ServerStreamListenerImpl.messagesAvailableInternal(ServerCallImpl.java:329)
	at org.apache.ratis.thirdparty.io.grpc.internal.ServerCallImpl$ServerStreamListenerImpl.messagesAvailable(ServerCallImpl.java:314)
	at org.apache.ratis.thirdparty.io.grpc.internal.ServerImpl$JumpToApplicationThreadServerStreamListener$1MessagesAvailable.runInContext(ServerImpl.java:833)
	at org.apache.ratis.thirdparty.io.grpc.internal.ContextRunnable.run(ContextRunnable.java:37)
	at org.apache.ratis.thirdparty.io.grpc.internal.SerializingExecutor.run(SerializingExecutor.java:133)
	at java.base/java.util.concurrent.ThreadPoolExecutor.runWorker(ThreadPoolExecutor.java:1144)
	at java.base/java.util.concurrent.ThreadPoolExecutor$Worker.run(ThreadPoolExecutor.java:642)
	at java.base/java.lang.Thread.run(Thread.java:1583)
Caused by: org.apache.ratis.protocol.exceptions.GroupMismatchException: 49dd84ae-7ec9-4d92-bc53-345946144fea: group-81341F4E2824 not found.
	at org.apache.ratis.server.impl.RaftServerProxy$ImplMap.get(RaftServerProxy.java:155)
	at org.apache.ratis.server.impl.RaftServerProxy.getImplFuture(RaftServerProxy.java:365)
	at org.apache.ratis.server.impl.RaftServerProxy.appendEntriesAsync(RaftServerProxy.java:644)
	... 12 more
2025-02-19 06:38:33,041 [eb965ba7-12a8-46f3-92c0-bc6ff5b3bf3b@group-81341F4E2824-StateMachineUpdater] INFO  ratis.ContainerStateMachine (ContainerStateMachine.java:takeSnapshot(376)) - group-81341F4E2824: Taking a snapshot at:(t:1, i:43) file /home/runner/work/ozone/ozone/hadoop-ozone/integration-test/target/test-dir/MiniOzoneClusterImpl-3e129c02-f7f1-4d32-bd92-d681932e2c0d/ozone-meta/datanode-3/ratis/e1fc892c-095b-4650-8f0f-81341f4e2824/sm/snapshot.1_43
2025-02-19 06:38:33,042 [grpc-default-executor-2] INFO  leader.LogAppender (LogAppenderBase.java:lambda$getNextIndexForError$0(215)) - Decrease nextIndex to 17
2025-02-19 06:38:33,042 [grpc-default-executor-2] INFO  leader.LogAppender (LogAppenderBase.java:lambda$getNextIndexForError$0(215)) - Decrease nextIndex to 17
2025-02-19 06:38:33,042 [grpc-default-executor-2] INFO  leader.FollowerInfo (FollowerInfoImpl.java:info(70)) - eb965ba7-12a8-46f3-92c0-bc6ff5b3bf3b@group-81341F4E2824->62ffdddc-aaf0-4ce5-9810-4c181ebbf473: computeNextIndex nextIndex: updateUnconditionally 42 -> 17
2025-02-19 06:38:33,042 [6b36f32d-918c-46a3-bfcb-888cb423c6dd@group-81341F4E2824-StateMachineUpdater] INFO  ratis.ContainerStateMachine (ContainerStateMachine.java:takeSnapshot(376)) - group-81341F4E2824: Taking a snapshot at:(t:1, i:42) file /home/runner/work/ozone/ozone/hadoop-ozone/integration-test/target/test-dir/MiniOzoneClusterImpl-3e129c02-f7f1-4d32-bd92-d681932e2c0d/ozone-meta/datanode-2/ratis/e1fc892c-095b-4650-8f0f-81341f4e2824/sm/snapshot.1_42
2025-02-19 06:38:33,043 [eb965ba7-12a8-46f3-92c0-bc6ff5b3bf3b@group-81341F4E2824-StateMachineUpdater] INFO  ratis.ContainerStateMachine (ContainerStateMachine.java:takeSnapshot(387)) - group-81341F4E2824: Finished taking a snapshot at:(t:1, i:43) file:/home/runner/work/ozone/ozone/hadoop-ozone/integration-test/target/test-dir/MiniOzoneClusterImpl-3e129c02-f7f1-4d32-bd92-d681932e2c0d/ozone-meta/datanode-3/ratis/e1fc892c-095b-4650-8f0f-81341f4e2824/sm/snapshot.1_43 took: 3 ms
2025-02-19 06:38:33,044 [eb965ba7-12a8-46f3-92c0-bc6ff5b3bf3b@group-81341F4E2824-StateMachineUpdater] INFO  impl.SimpleStateMachineStorage (SimpleStateMachineStorage.java:lambda$cleanupOldSnapshots$1(126)) - Deleting old snapshot at /home/runner/work/ozone/ozone/hadoop-ozone/integration-test/target/test-dir/MiniOzoneClusterImpl-3e129c02-f7f1-4d32-bd92-d681932e2c0d/ozone-meta/datanode-3/ratis/e1fc892c-095b-4650-8f0f-81341f4e2824/sm/snapshot.1_29
2025-02-19 06:38:33,044 [eb965ba7-12a8-46f3-92c0-bc6ff5b3bf3b@group-81341F4E2824-StateMachineUpdater] INFO  impl.StateMachineUpdater (StateMachineUpdater.java:takeSnapshot(303)) - eb965ba7-12a8-46f3-92c0-bc6ff5b3bf3b@group-81341F4E2824-StateMachineUpdater: Took a snapshot at index 43
2025-02-19 06:38:33,044 [6b36f32d-918c-46a3-bfcb-888cb423c6dd@group-81341F4E2824-StateMachineUpdater] INFO  ratis.ContainerStateMachine (ContainerStateMachine.java:takeSnapshot(387)) - group-81341F4E2824: Finished taking a snapshot at:(t:1, i:42) file:/home/runner/work/ozone/ozone/hadoop-ozone/integration-test/target/test-dir/MiniOzoneClusterImpl-3e129c02-f7f1-4d32-bd92-d681932e2c0d/ozone-meta/datanode-2/ratis/e1fc892c-095b-4650-8f0f-81341f4e2824/sm/snapshot.1_42 took: 3 ms
2025-02-19 06:38:33,045 [6b36f32d-918c-46a3-bfcb-888cb423c6dd@group-81341F4E2824-StateMachineUpdater] INFO  impl.SimpleStateMachineStorage (SimpleStateMachineStorage.java:lambda$cleanupOldSnapshots$1(126)) - Deleting old snapshot at /home/runner/work/ozone/ozone/hadoop-ozone/integration-test/target/test-dir/MiniOzoneClusterImpl-3e129c02-f7f1-4d32-bd92-d681932e2c0d/ozone-meta/datanode-2/ratis/e1fc892c-095b-4650-8f0f-81341f4e2824/sm/snapshot.1_28
2025-02-19 06:38:33,045 [6b36f32d-918c-46a3-bfcb-888cb423c6dd@group-81341F4E2824-StateMachineUpdater] INFO  impl.StateMachineUpdater (StateMachineUpdater.java:takeSnapshot(303)) - 6b36f32d-918c-46a3-bfcb-888cb423c6dd@group-81341F4E2824-StateMachineUpdater: Took a snapshot at index 42
2025-02-19 06:38:33,045 [6b36f32d-918c-46a3-bfcb-888cb423c6dd@group-81341F4E2824-StateMachineUpdater] INFO  impl.StateMachineUpdater (StateMachineUpdater.java:lambda$new$0(102)) - 6b36f32d-918c-46a3-bfcb-888cb423c6dd@group-81341F4E2824-StateMachineUpdater: snapshotIndex: updateIncreasingly 40 -> 42
2025-02-19 06:38:33,046 [eb965ba7-12a8-46f3-92c0-bc6ff5b3bf3b@group-81341F4E2824-StateMachineUpdater] INFO  impl.StateMachineUpdater (StateMachineUpdater.java:lambda$new$0(102)) - eb965ba7-12a8-46f3-92c0-bc6ff5b3bf3b@group-81341F4E2824-StateMachineUpdater: snapshotIndex: updateIncreasingly 40 -> 43
2025-02-19 06:38:33,046 [eb965ba7-12a8-46f3-92c0-bc6ff5b3bf3b@group-81341F4E2824-StateMachineUpdater] INFO  ratis.ContainerStateMachine (ContainerStateMachine.java:takeSnapshot(376)) - group-81341F4E2824: Taking a snapshot at:(t:1, i:44) file /home/runner/work/ozone/ozone/hadoop-ozone/integration-test/target/test-dir/MiniOzoneClusterImpl-3e129c02-f7f1-4d32-bd92-d681932e2c0d/ozone-meta/datanode-3/ratis/e1fc892c-095b-4650-8f0f-81341f4e2824/sm/snapshot.1_44
2025-02-19 06:38:33,046 [grpc-default-executor-2] WARN  server.GrpcServerProtocolService (LogUtils.java:warn(123)) - 49dd84ae-7ec9-4d92-bc53-345946144fea: Failed APPEND_ENTRIES request eb965ba7-12a8-46f3-92c0-bc6ff5b3bf3b->62ffdddc-aaf0-4ce5-9810-4c181ebbf473#9296-t1,previous=(t:1, i:16),leaderCommit=44,initializing? false,entries: size=28, first=(t:1, i:17), STATEMACHINELOGENTRY, WRITE: logData.size=154, stateMachineData.size=5, logEntryProtoSerializedSize=0
java.util.concurrent.CompletionException: org.apache.ratis.protocol.exceptions.GroupMismatchException: 49dd84ae-7ec9-4d92-bc53-345946144fea: group-81341F4E2824 not found.
	at java.base/java.util.concurrent.CompletableFuture.encodeThrowable(CompletableFuture.java:332)
	at java.base/java.util.concurrent.CompletableFuture.uniComposeStage(CompletableFuture.java:1177)
	at java.base/java.util.concurrent.CompletableFuture.thenCompose(CompletableFuture.java:2341)
	at org.apache.ratis.server.impl.RaftServerProxy.appendEntriesAsync(RaftServerProxy.java:645)
	at org.apache.ratis.grpc.server.GrpcServerProtocolService$1.process(GrpcServerProtocolService.java:229)
	at org.apache.ratis.grpc.server.GrpcServerProtocolService$1.process(GrpcServerProtocolService.java:226)
	at org.apache.ratis.grpc.server.GrpcServerProtocolService$ServerRequestStreamObserver.onNext(GrpcServerProtocolService.java:137)
	at org.apache.ratis.thirdparty.io.grpc.stub.ServerCalls$StreamingServerCallHandler$StreamingServerCallListener.onMessage(ServerCalls.java:262)
	at org.apache.ratis.thirdparty.io.grpc.internal.ServerCallImpl$ServerStreamListenerImpl.messagesAvailableInternal(ServerCallImpl.java:329)
	at org.apache.ratis.thirdparty.io.grpc.internal.ServerCallImpl$ServerStreamListenerImpl.messagesAvailable(ServerCallImpl.java:314)
	at org.apache.ratis.thirdparty.io.grpc.internal.ServerImpl$JumpToApplicationThreadServerStreamListener$1MessagesAvailable.runInContext(ServerImpl.java:833)
	at org.apache.ratis.thirdparty.io.grpc.internal.ContextRunnable.run(ContextRunnable.java:37)
	at org.apache.ratis.thirdparty.io.grpc.internal.SerializingExecutor.run(SerializingExecutor.java:133)
	at java.base/java.util.concurrent.ThreadPoolExecutor.runWorker(ThreadPoolExecutor.java:1144)
	at java.base/java.util.concurrent.ThreadPoolExecutor$Worker.run(ThreadPoolExecutor.java:642)
	at java.base/java.lang.Thread.run(Thread.java:1583)
Caused by: org.apache.ratis.protocol.exceptions.GroupMismatchException: 49dd84ae-7ec9-4d92-bc53-345946144fea: group-81341F4E2824 not found.
	at org.apache.ratis.server.impl.RaftServerProxy$ImplMap.get(RaftServerProxy.java:155)
	at org.apache.ratis.server.impl.RaftServerProxy.getImplFuture(RaftServerProxy.java:365)
	at org.apache.ratis.server.impl.RaftServerProxy.appendEntriesAsync(RaftServerProxy.java:644)
	... 12 more
2025-02-19 06:38:33,048 [eb965ba7-12a8-46f3-92c0-bc6ff5b3bf3b@group-81341F4E2824-StateMachineUpdater] INFO  ratis.ContainerStateMachine (ContainerStateMachine.java:takeSnapshot(387)) - group-81341F4E2824: Finished taking a snapshot at:(t:1, i:44) file:/home/runner/work/ozone/ozone/hadoop-ozone/integration-test/target/test-dir/MiniOzoneClusterImpl-3e129c02-f7f1-4d32-bd92-d681932e2c0d/ozone-meta/datanode-3/ratis/e1fc892c-095b-4650-8f0f-81341f4e2824/sm/snapshot.1_44 took: 2 ms
2025-02-19 06:38:33,048 [grpc-default-executor-4] INFO  leader.LogAppender (LogAppenderBase.java:lambda$getNextIndexForError$0(215)) - Decrease nextIndex to 17
2025-02-19 06:38:33,049 [grpc-default-executor-4] INFO  leader.LogAppender (LogAppenderBase.java:lambda$getNextIndexForError$0(215)) - Decrease nextIndex to 17
2025-02-19 06:38:33,048 [eb965ba7-12a8-46f3-92c0-bc6ff5b3bf3b@group-81341F4E2824-StateMachineUpdater] INFO  impl.SimpleStateMachineStorage (SimpleStateMachineStorage.java:lambda$cleanupOldSnapshots$1(126)) - Deleting old snapshot at /home/runner/work/ozone/ozone/hadoop-ozone/integration-test/target/test-dir/MiniOzoneClusterImpl-3e129c02-f7f1-4d32-bd92-d681932e2c0d/ozone-meta/datanode-3/ratis/e1fc892c-095b-4650-8f0f-81341f4e2824/sm/snapshot.1_34
2025-02-19 06:38:33,049 [grpc-default-executor-4] INFO  leader.FollowerInfo (FollowerInfoImpl.java:info(70)) - eb965ba7-12a8-46f3-92c0-bc6ff5b3bf3b@group-81341F4E2824->62ffdddc-aaf0-4ce5-9810-4c181ebbf473: computeNextIndex nextIndex: updateUnconditionally 45 -> 17
2025-02-19 06:38:33,049 [eb965ba7-12a8-46f3-92c0-bc6ff5b3bf3b@group-81341F4E2824-StateMachineUpdater] INFO  impl.StateMachineUpdater (StateMachineUpdater.java:takeSnapshot(303)) - eb965ba7-12a8-46f3-92c0-bc6ff5b3bf3b@group-81341F4E2824-StateMachineUpdater: Took a snapshot at index 44
2025-02-19 06:38:33,049 [eb965ba7-12a8-46f3-92c0-bc6ff5b3bf3b@group-81341F4E2824-StateMachineUpdater] INFO  impl.StateMachineUpdater (StateMachineUpdater.java:lambda$new$0(102)) - eb965ba7-12a8-46f3-92c0-bc6ff5b3bf3b@group-81341F4E2824-StateMachineUpdater: snapshotIndex: updateIncreasingly 43 -> 44
2025-02-19 06:38:33,073 [EventQueue-PipelineReportForPipelineReportHandler] ERROR pipeline.PipelineReportHandler (PipelineReportHandler.java:onMessage(95)) - Could not process pipeline report=pipelineID {
  id: "f1258f91-374d-44ac-9d89-7bef1d680e9b"
  uuid128 {
    mostSigBits: -1070291482569784148
    leastSigBits: -7095003471024746853
  }
}
isLeader: false
bytesWritten: 0
 from dn=49dd84ae-7ec9-4d92-bc53-345946144fea(localhost/127.0.0.1).
java.io.IOException: Datanode=49dd84ae-7ec9-4d92-bc53-345946144fea(localhost/127.0.0.1) not part of pipeline=PipelineID=f1258f91-374d-44ac-9d89-7bef1d680e9b
	at org.apache.hadoop.hdds.scm.pipeline.Pipeline.reportDatanode(Pipeline.java:336)
	at org.apache.hadoop.hdds.scm.pipeline.PipelineReportHandler.setReportedDatanode(PipelineReportHandler.java:154)
	at org.apache.hadoop.hdds.scm.pipeline.PipelineReportHandler.processPipelineReport(PipelineReportHandler.java:129)
	at org.apache.hadoop.hdds.scm.pipeline.PipelineReportHandler.onMessage(PipelineReportHandler.java:88)
	at org.apache.hadoop.hdds.scm.pipeline.PipelineReportHandler.onMessage(PipelineReportHandler.java:47)
	at org.apache.hadoop.hdds.server.events.SingleThreadExecutor.lambda$onMessage$1(SingleThreadExecutor.java:84)
	at java.base/java.util.concurrent.ThreadPoolExecutor.runWorker(ThreadPoolExecutor.java:1144)
	at java.base/java.util.concurrent.ThreadPoolExecutor$Worker.run(ThreadPoolExecutor.java:642)
	at java.base/java.lang.Thread.run(Thread.java:1583)
2025-02-19 06:38:33,073 [EventQueue-PipelineReportForPipelineReportHandler] ERROR pipeline.PipelineReportHandler (PipelineReportHandler.java:onMessage(95)) - Could not process pipeline report=pipelineID {
  id: "117721e1-84b0-442b-bd9d-b5b4ee72daef"
  uuid128 {
    mostSigBits: 1258511873350845483
    leastSigBits: -4783467440498353425
  }
}
isLeader: false
bytesWritten: 0
 from dn=49dd84ae-7ec9-4d92-bc53-345946144fea(localhost/127.0.0.1).
java.io.IOException: Datanode=49dd84ae-7ec9-4d92-bc53-345946144fea(localhost/127.0.0.1) not part of pipeline=PipelineID=117721e1-84b0-442b-bd9d-b5b4ee72daef
	at org.apache.hadoop.hdds.scm.pipeline.Pipeline.reportDatanode(Pipeline.java:336)
	at org.apache.hadoop.hdds.scm.pipeline.PipelineReportHandler.setReportedDatanode(PipelineReportHandler.java:154)
	at org.apache.hadoop.hdds.scm.pipeline.PipelineReportHandler.processPipelineReport(PipelineReportHandler.java:129)
	at org.apache.hadoop.hdds.scm.pipeline.PipelineReportHandler.onMessage(PipelineReportHandler.java:88)
	at org.apache.hadoop.hdds.scm.pipeline.PipelineReportHandler.onMessage(PipelineReportHandler.java:47)
	at org.apache.hadoop.hdds.server.events.SingleThreadExecutor.lambda$onMessage$1(SingleThreadExecutor.java:84)
	at java.base/java.util.concurrent.ThreadPoolExecutor.runWorker(ThreadPoolExecutor.java:1144)
	at java.base/java.util.concurrent.ThreadPoolExecutor$Worker.run(ThreadPoolExecutor.java:642)
	at java.base/java.lang.Thread.run(Thread.java:1583)
2025-02-19 06:38:33,273 [EventQueue-PipelineReportForPipelineReportHandler] ERROR pipeline.PipelineReportHandler (PipelineReportHandler.java:onMessage(95)) - Could not process pipeline report=pipelineID {
  id: "f1258f91-374d-44ac-9d89-7bef1d680e9b"
  uuid128 {
    mostSigBits: -1070291482569784148
    leastSigBits: -7095003471024746853
  }
}
isLeader: false
bytesWritten: 0
 from dn=49dd84ae-7ec9-4d92-bc53-345946144fea(localhost/127.0.0.1).
java.io.IOException: Datanode=49dd84ae-7ec9-4d92-bc53-345946144fea(localhost/127.0.0.1) not part of pipeline=PipelineID=f1258f91-374d-44ac-9d89-7bef1d680e9b
	at org.apache.hadoop.hdds.scm.pipeline.Pipeline.reportDatanode(Pipeline.java:336)
	at org.apache.hadoop.hdds.scm.pipeline.PipelineReportHandler.setReportedDatanode(PipelineReportHandler.java:154)
	at org.apache.hadoop.hdds.scm.pipeline.PipelineReportHandler.processPipelineReport(PipelineReportHandler.java:129)
	at org.apache.hadoop.hdds.scm.pipeline.PipelineReportHandler.onMessage(PipelineReportHandler.java:88)
	at org.apache.hadoop.hdds.scm.pipeline.PipelineReportHandler.onMessage(PipelineReportHandler.java:47)
	at org.apache.hadoop.hdds.server.events.SingleThreadExecutor.lambda$onMessage$1(SingleThreadExecutor.java:84)
	at java.base/java.util.concurrent.ThreadPoolExecutor.runWorker(ThreadPoolExecutor.java:1144)
	at java.base/java.util.concurrent.ThreadPoolExecutor$Worker.run(ThreadPoolExecutor.java:642)
	at java.base/java.lang.Thread.run(Thread.java:1583)
2025-02-19 06:38:33,274 [EventQueue-PipelineReportForPipelineReportHandler] ERROR pipeline.PipelineReportHandler (PipelineReportHandler.java:onMessage(95)) - Could not process pipeline report=pipelineID {
  id: "117721e1-84b0-442b-bd9d-b5b4ee72daef"
  uuid128 {
    mostSigBits: 1258511873350845483
    leastSigBits: -4783467440498353425
  }
}
isLeader: false
bytesWritten: 0
 from dn=49dd84ae-7ec9-4d92-bc53-345946144fea(localhost/127.0.0.1).
java.io.IOException: Datanode=49dd84ae-7ec9-4d92-bc53-345946144fea(localhost/127.0.0.1) not part of pipeline=PipelineID=117721e1-84b0-442b-bd9d-b5b4ee72daef
	at org.apache.hadoop.hdds.scm.pipeline.Pipeline.reportDatanode(Pipeline.java:336)
	at org.apache.hadoop.hdds.scm.pipeline.PipelineReportHandler.setReportedDatanode(PipelineReportHandler.java:154)
	at org.apache.hadoop.hdds.scm.pipeline.PipelineReportHandler.processPipelineReport(PipelineReportHandler.java:129)
	at org.apache.hadoop.hdds.scm.pipeline.PipelineReportHandler.onMessage(PipelineReportHandler.java:88)
	at org.apache.hadoop.hdds.scm.pipeline.PipelineReportHandler.onMessage(PipelineReportHandler.java:47)
	at org.apache.hadoop.hdds.server.events.SingleThreadExecutor.lambda$onMessage$1(SingleThreadExecutor.java:84)
	at java.base/java.util.concurrent.ThreadPoolExecutor.runWorker(ThreadPoolExecutor.java:1144)
	at java.base/java.util.concurrent.ThreadPoolExecutor$Worker.run(ThreadPoolExecutor.java:642)
	at java.base/java.lang.Thread.run(Thread.java:1583)
2025-02-19 06:38:33,497 [timer0] WARN  server.GrpcLogAppender (GrpcLogAppender.java:timeoutAppendRequest(441)) - 25fe7083-9332-4190-accf-9f4542114dd9@group-B5B4EE72DAEF->62ffdddc-aaf0-4ce5-9810-4c181ebbf473-GrpcLogAppender: Timed out HEARTBEAT appendEntries, errorCount=7, request=AppendEntriesRequest:cid=4708,entriesCount=0
2025-02-19 06:38:33,673 [EventQueue-PipelineReportForPipelineReportHandler] ERROR pipeline.PipelineReportHandler (PipelineReportHandler.java:onMessage(95)) - Could not process pipeline report=pipelineID {
  id: "f1258f91-374d-44ac-9d89-7bef1d680e9b"
  uuid128 {
    mostSigBits: -1070291482569784148
    leastSigBits: -7095003471024746853
  }
}
isLeader: false
bytesWritten: 0
 from dn=49dd84ae-7ec9-4d92-bc53-345946144fea(localhost/127.0.0.1).
java.io.IOException: Datanode=49dd84ae-7ec9-4d92-bc53-345946144fea(localhost/127.0.0.1) not part of pipeline=PipelineID=f1258f91-374d-44ac-9d89-7bef1d680e9b
	at org.apache.hadoop.hdds.scm.pipeline.Pipeline.reportDatanode(Pipeline.java:336)
	at org.apache.hadoop.hdds.scm.pipeline.PipelineReportHandler.setReportedDatanode(PipelineReportHandler.java:154)
	at org.apache.hadoop.hdds.scm.pipeline.PipelineReportHandler.processPipelineReport(PipelineReportHandler.java:129)
	at org.apache.hadoop.hdds.scm.pipeline.PipelineReportHandler.onMessage(PipelineReportHandler.java:88)
	at org.apache.hadoop.hdds.scm.pipeline.PipelineReportHandler.onMessage(PipelineReportHandler.java:47)
	at org.apache.hadoop.hdds.server.events.SingleThreadExecutor.lambda$onMessage$1(SingleThreadExecutor.java:84)
	at java.base/java.util.concurrent.ThreadPoolExecutor.runWorker(ThreadPoolExecutor.java:1144)
	at java.base/java.util.concurrent.ThreadPoolExecutor$Worker.run(ThreadPoolExecutor.java:642)
	at java.base/java.lang.Thread.run(Thread.java:1583)
2025-02-19 06:38:33,674 [EventQueue-PipelineReportForPipelineReportHandler] ERROR pipeline.PipelineReportHandler (PipelineReportHandler.java:onMessage(95)) - Could not process pipeline report=pipelineID {
  id: "117721e1-84b0-442b-bd9d-b5b4ee72daef"
  uuid128 {
    mostSigBits: 1258511873350845483
    leastSigBits: -4783467440498353425
  }
}
isLeader: false
bytesWritten: 0
 from dn=49dd84ae-7ec9-4d92-bc53-345946144fea(localhost/127.0.0.1).
java.io.IOException: Datanode=49dd84ae-7ec9-4d92-bc53-345946144fea(localhost/127.0.0.1) not part of pipeline=PipelineID=117721e1-84b0-442b-bd9d-b5b4ee72daef
	at org.apache.hadoop.hdds.scm.pipeline.Pipeline.reportDatanode(Pipeline.java:336)
	at org.apache.hadoop.hdds.scm.pipeline.PipelineReportHandler.setReportedDatanode(PipelineReportHandler.java:154)
	at org.apache.hadoop.hdds.scm.pipeline.PipelineReportHandler.processPipelineReport(PipelineReportHandler.java:129)
	at org.apache.hadoop.hdds.scm.pipeline.PipelineReportHandler.onMessage(PipelineReportHandler.java:88)
	at org.apache.hadoop.hdds.scm.pipeline.PipelineReportHandler.onMessage(PipelineReportHandler.java:47)
	at org.apache.hadoop.hdds.server.events.SingleThreadExecutor.lambda$onMessage$1(SingleThreadExecutor.java:84)
	at java.base/java.util.concurrent.ThreadPoolExecutor.runWorker(ThreadPoolExecutor.java:1144)
	at java.base/java.util.concurrent.ThreadPoolExecutor$Worker.run(ThreadPoolExecutor.java:642)
	at java.base/java.lang.Thread.run(Thread.java:1583)
2025-02-19 06:38:33,873 [EventQueue-PipelineReportForPipelineReportHandler] ERROR pipeline.PipelineReportHandler (PipelineReportHandler.java:onMessage(95)) - Could not process pipeline report=pipelineID {
  id: "f1258f91-374d-44ac-9d89-7bef1d680e9b"
  uuid128 {
    mostSigBits: -1070291482569784148
    leastSigBits: -7095003471024746853
  }
}
isLeader: false
bytesWritten: 0
 from dn=49dd84ae-7ec9-4d92-bc53-345946144fea(localhost/127.0.0.1).
java.io.IOException: Datanode=49dd84ae-7ec9-4d92-bc53-345946144fea(localhost/127.0.0.1) not part of pipeline=PipelineID=f1258f91-374d-44ac-9d89-7bef1d680e9b
	at org.apache.hadoop.hdds.scm.pipeline.Pipeline.reportDatanode(Pipeline.java:336)
	at org.apache.hadoop.hdds.scm.pipeline.PipelineReportHandler.setReportedDatanode(PipelineReportHandler.java:154)
	at org.apache.hadoop.hdds.scm.pipeline.PipelineReportHandler.processPipelineReport(PipelineReportHandler.java:129)
	at org.apache.hadoop.hdds.scm.pipeline.PipelineReportHandler.onMessage(PipelineReportHandler.java:88)
	at org.apache.hadoop.hdds.scm.pipeline.PipelineReportHandler.onMessage(PipelineReportHandler.java:47)
	at org.apache.hadoop.hdds.server.events.SingleThreadExecutor.lambda$onMessage$1(SingleThreadExecutor.java:84)
	at java.base/java.util.concurrent.ThreadPoolExecutor.runWorker(ThreadPoolExecutor.java:1144)
	at java.base/java.util.concurrent.ThreadPoolExecutor$Worker.run(ThreadPoolExecutor.java:642)
	at java.base/java.lang.Thread.run(Thread.java:1583)
2025-02-19 06:38:33,873 [EventQueue-PipelineReportForPipelineReportHandler] ERROR pipeline.PipelineReportHandler (PipelineReportHandler.java:onMessage(95)) - Could not process pipeline report=pipelineID {
  id: "117721e1-84b0-442b-bd9d-b5b4ee72daef"
  uuid128 {
    mostSigBits: 1258511873350845483
    leastSigBits: -4783467440498353425
  }
}
isLeader: false
bytesWritten: 0
 from dn=49dd84ae-7ec9-4d92-bc53-345946144fea(localhost/127.0.0.1).
java.io.IOException: Datanode=49dd84ae-7ec9-4d92-bc53-345946144fea(localhost/127.0.0.1) not part of pipeline=PipelineID=117721e1-84b0-442b-bd9d-b5b4ee72daef
	at org.apache.hadoop.hdds.scm.pipeline.Pipeline.reportDatanode(Pipeline.java:336)
	at org.apache.hadoop.hdds.scm.pipeline.PipelineReportHandler.setReportedDatanode(PipelineReportHandler.java:154)
	at org.apache.hadoop.hdds.scm.pipeline.PipelineReportHandler.processPipelineReport(PipelineReportHandler.java:129)
	at org.apache.hadoop.hdds.scm.pipeline.PipelineReportHandler.onMessage(PipelineReportHandler.java:88)
	at org.apache.hadoop.hdds.scm.pipeline.PipelineReportHandler.onMessage(PipelineReportHandler.java:47)
	at org.apache.hadoop.hdds.server.events.SingleThreadExecutor.lambda$onMessage$1(SingleThreadExecutor.java:84)
	at java.base/java.util.concurrent.ThreadPoolExecutor.runWorker(ThreadPoolExecutor.java:1144)
	at java.base/java.util.concurrent.ThreadPoolExecutor$Worker.run(ThreadPoolExecutor.java:642)
	at java.base/java.lang.Thread.run(Thread.java:1583)
2025-02-19 06:38:34,273 [EventQueue-PipelineReportForPipelineReportHandler] ERROR pipeline.PipelineReportHandler (PipelineReportHandler.java:onMessage(95)) - Could not process pipeline report=pipelineID {
  id: "f1258f91-374d-44ac-9d89-7bef1d680e9b"
  uuid128 {
    mostSigBits: -1070291482569784148
    leastSigBits: -7095003471024746853
  }
}
isLeader: false
bytesWritten: 0
 from dn=49dd84ae-7ec9-4d92-bc53-345946144fea(localhost/127.0.0.1).
java.io.IOException: Datanode=49dd84ae-7ec9-4d92-bc53-345946144fea(localhost/127.0.0.1) not part of pipeline=PipelineID=f1258f91-374d-44ac-9d89-7bef1d680e9b
	at org.apache.hadoop.hdds.scm.pipeline.Pipeline.reportDatanode(Pipeline.java:336)
	at org.apache.hadoop.hdds.scm.pipeline.PipelineReportHandler.setReportedDatanode(PipelineReportHandler.java:154)
	at org.apache.hadoop.hdds.scm.pipeline.PipelineReportHandler.processPipelineReport(PipelineReportHandler.java:129)
	at org.apache.hadoop.hdds.scm.pipeline.PipelineReportHandler.onMessage(PipelineReportHandler.java:88)
	at org.apache.hadoop.hdds.scm.pipeline.PipelineReportHandler.onMessage(PipelineReportHandler.java:47)
	at org.apache.hadoop.hdds.server.events.SingleThreadExecutor.lambda$onMessage$1(SingleThreadExecutor.java:84)
	at java.base/java.util.concurrent.ThreadPoolExecutor.runWorker(ThreadPoolExecutor.java:1144)
	at java.base/java.util.concurrent.ThreadPoolExecutor$Worker.run(ThreadPoolExecutor.java:642)
	at java.base/java.lang.Thread.run(Thread.java:1583)
2025-02-19 06:38:34,273 [EventQueue-PipelineReportForPipelineReportHandler] ERROR pipeline.PipelineReportHandler (PipelineReportHandler.java:onMessage(95)) - Could not process pipeline report=pipelineID {
  id: "117721e1-84b0-442b-bd9d-b5b4ee72daef"
  uuid128 {
    mostSigBits: 1258511873350845483
    leastSigBits: -4783467440498353425
  }
}
isLeader: false
bytesWritten: 0
 from dn=49dd84ae-7ec9-4d92-bc53-345946144fea(localhost/127.0.0.1).
java.io.IOException: Datanode=49dd84ae-7ec9-4d92-bc53-345946144fea(localhost/127.0.0.1) not part of pipeline=PipelineID=117721e1-84b0-442b-bd9d-b5b4ee72daef
	at org.apache.hadoop.hdds.scm.pipeline.Pipeline.reportDatanode(Pipeline.java:336)
	at org.apache.hadoop.hdds.scm.pipeline.PipelineReportHandler.setReportedDatanode(PipelineReportHandler.java:154)
	at org.apache.hadoop.hdds.scm.pipeline.PipelineReportHandler.processPipelineReport(PipelineReportHandler.java:129)
	at org.apache.hadoop.hdds.scm.pipeline.PipelineReportHandler.onMessage(PipelineReportHandler.java:88)
	at org.apache.hadoop.hdds.scm.pipeline.PipelineReportHandler.onMessage(PipelineReportHandler.java:47)
	at org.apache.hadoop.hdds.server.events.SingleThreadExecutor.lambda$onMessage$1(SingleThreadExecutor.java:84)
	at java.base/java.util.concurrent.ThreadPoolExecutor.runWorker(ThreadPoolExecutor.java:1144)
	at java.base/java.util.concurrent.ThreadPoolExecutor$Worker.run(ThreadPoolExecutor.java:642)
	at java.base/java.lang.Thread.run(Thread.java:1583)
2025-02-19 06:38:34,474 [EventQueue-PipelineReportForPipelineReportHandler] ERROR pipeline.PipelineReportHandler (PipelineReportHandler.java:onMessage(95)) - Could not process pipeline report=pipelineID {
  id: "f1258f91-374d-44ac-9d89-7bef1d680e9b"
  uuid128 {
    mostSigBits: -1070291482569784148
    leastSigBits: -7095003471024746853
  }
}
isLeader: false
bytesWritten: 0
 from dn=49dd84ae-7ec9-4d92-bc53-345946144fea(localhost/127.0.0.1).
java.io.IOException: Datanode=49dd84ae-7ec9-4d92-bc53-345946144fea(localhost/127.0.0.1) not part of pipeline=PipelineID=f1258f91-374d-44ac-9d89-7bef1d680e9b
	at org.apache.hadoop.hdds.scm.pipeline.Pipeline.reportDatanode(Pipeline.java:336)
	at org.apache.hadoop.hdds.scm.pipeline.PipelineReportHandler.setReportedDatanode(PipelineReportHandler.java:154)
	at org.apache.hadoop.hdds.scm.pipeline.PipelineReportHandler.processPipelineReport(PipelineReportHandler.java:129)
	at org.apache.hadoop.hdds.scm.pipeline.PipelineReportHandler.onMessage(PipelineReportHandler.java:88)
	at org.apache.hadoop.hdds.scm.pipeline.PipelineReportHandler.onMessage(PipelineReportHandler.java:47)
	at org.apache.hadoop.hdds.server.events.SingleThreadExecutor.lambda$onMessage$1(SingleThreadExecutor.java:84)
	at java.base/java.util.concurrent.ThreadPoolExecutor.runWorker(ThreadPoolExecutor.java:1144)
	at java.base/java.util.concurrent.ThreadPoolExecutor$Worker.run(ThreadPoolExecutor.java:642)
	at java.base/java.lang.Thread.run(Thread.java:1583)
2025-02-19 06:38:34,474 [EventQueue-PipelineReportForPipelineReportHandler] ERROR pipeline.PipelineReportHandler (PipelineReportHandler.java:onMessage(95)) - Could not process pipeline report=pipelineID {
  id: "117721e1-84b0-442b-bd9d-b5b4ee72daef"
  uuid128 {
    mostSigBits: 1258511873350845483
    leastSigBits: -4783467440498353425
  }
}
isLeader: false
bytesWritten: 0
 from dn=49dd84ae-7ec9-4d92-bc53-345946144fea(localhost/127.0.0.1).
java.io.IOException: Datanode=49dd84ae-7ec9-4d92-bc53-345946144fea(localhost/127.0.0.1) not part of pipeline=PipelineID=117721e1-84b0-442b-bd9d-b5b4ee72daef
	at org.apache.hadoop.hdds.scm.pipeline.Pipeline.reportDatanode(Pipeline.java:336)
	at org.apache.hadoop.hdds.scm.pipeline.PipelineReportHandler.setReportedDatanode(PipelineReportHandler.java:154)
	at org.apache.hadoop.hdds.scm.pipeline.PipelineReportHandler.processPipelineReport(PipelineReportHandler.java:129)
	at org.apache.hadoop.hdds.scm.pipeline.PipelineReportHandler.onMessage(PipelineReportHandler.java:88)
	at org.apache.hadoop.hdds.scm.pipeline.PipelineReportHandler.onMessage(PipelineReportHandler.java:47)
	at org.apache.hadoop.hdds.server.events.SingleThreadExecutor.lambda$onMessage$1(SingleThreadExecutor.java:84)
	at java.base/java.util.concurrent.ThreadPoolExecutor.runWorker(ThreadPoolExecutor.java:1144)
	at java.base/java.util.concurrent.ThreadPoolExecutor$Worker.run(ThreadPoolExecutor.java:642)
	at java.base/java.lang.Thread.run(Thread.java:1583)
2025-02-19 06:38:34,747 [timer6] WARN  server.GrpcLogAppender (GrpcLogAppender.java:timeoutAppendRequest(441)) - 25fe7083-9332-4190-accf-9f4542114dd9@group-B5B4EE72DAEF->62ffdddc-aaf0-4ce5-9810-4c181ebbf473-GrpcLogAppender: Timed out HEARTBEAT appendEntries, errorCount=8, request=AppendEntriesRequest:cid=4709,entriesCount=0
2025-02-19 06:38:34,874 [EventQueue-PipelineReportForPipelineReportHandler] ERROR pipeline.PipelineReportHandler (PipelineReportHandler.java:onMessage(95)) - Could not process pipeline report=pipelineID {
  id: "f1258f91-374d-44ac-9d89-7bef1d680e9b"
  uuid128 {
    mostSigBits: -1070291482569784148
    leastSigBits: -7095003471024746853
  }
}
isLeader: false
bytesWritten: 0
 from dn=49dd84ae-7ec9-4d92-bc53-345946144fea(localhost/127.0.0.1).
java.io.IOException: Datanode=49dd84ae-7ec9-4d92-bc53-345946144fea(localhost/127.0.0.1) not part of pipeline=PipelineID=f1258f91-374d-44ac-9d89-7bef1d680e9b
	at org.apache.hadoop.hdds.scm.pipeline.Pipeline.reportDatanode(Pipeline.java:336)
	at org.apache.hadoop.hdds.scm.pipeline.PipelineReportHandler.setReportedDatanode(PipelineReportHandler.java:154)
	at org.apache.hadoop.hdds.scm.pipeline.PipelineReportHandler.processPipelineReport(PipelineReportHandler.java:129)
	at org.apache.hadoop.hdds.scm.pipeline.PipelineReportHandler.onMessage(PipelineReportHandler.java:88)
	at org.apache.hadoop.hdds.scm.pipeline.PipelineReportHandler.onMessage(PipelineReportHandler.java:47)
	at org.apache.hadoop.hdds.server.events.SingleThreadExecutor.lambda$onMessage$1(SingleThreadExecutor.java:84)
	at java.base/java.util.concurrent.ThreadPoolExecutor.runWorker(ThreadPoolExecutor.java:1144)
	at java.base/java.util.concurrent.ThreadPoolExecutor$Worker.run(ThreadPoolExecutor.java:642)
	at java.base/java.lang.Thread.run(Thread.java:1583)
2025-02-19 06:38:34,874 [EventQueue-PipelineReportForPipelineReportHandler] ERROR pipeline.PipelineReportHandler (PipelineReportHandler.java:onMessage(95)) - Could not process pipeline report=pipelineID {
  id: "117721e1-84b0-442b-bd9d-b5b4ee72daef"
  uuid128 {
    mostSigBits: 1258511873350845483
    leastSigBits: -4783467440498353425
  }
}
isLeader: false
bytesWritten: 0
 from dn=49dd84ae-7ec9-4d92-bc53-345946144fea(localhost/127.0.0.1).
java.io.IOException: Datanode=49dd84ae-7ec9-4d92-bc53-345946144fea(localhost/127.0.0.1) not part of pipeline=PipelineID=117721e1-84b0-442b-bd9d-b5b4ee72daef
	at org.apache.hadoop.hdds.scm.pipeline.Pipeline.reportDatanode(Pipeline.java:336)
	at org.apache.hadoop.hdds.scm.pipeline.PipelineReportHandler.setReportedDatanode(PipelineReportHandler.java:154)
	at org.apache.hadoop.hdds.scm.pipeline.PipelineReportHandler.processPipelineReport(PipelineReportHandler.java:129)
	at org.apache.hadoop.hdds.scm.pipeline.PipelineReportHandler.onMessage(PipelineReportHandler.java:88)
	at org.apache.hadoop.hdds.scm.pipeline.PipelineReportHandler.onMessage(PipelineReportHandler.java:47)
	at org.apache.hadoop.hdds.server.events.SingleThreadExecutor.lambda$onMessage$1(SingleThreadExecutor.java:84)
	at java.base/java.util.concurrent.ThreadPoolExecutor.runWorker(ThreadPoolExecutor.java:1144)
	at java.base/java.util.concurrent.ThreadPoolExecutor$Worker.run(ThreadPoolExecutor.java:642)
	at java.base/java.lang.Thread.run(Thread.java:1583)
2025-02-19 06:38:35,074 [EventQueue-PipelineReportForPipelineReportHandler] ERROR pipeline.PipelineReportHandler (PipelineReportHandler.java:onMessage(95)) - Could not process pipeline report=pipelineID {
  id: "f1258f91-374d-44ac-9d89-7bef1d680e9b"
  uuid128 {
    mostSigBits: -1070291482569784148
    leastSigBits: -7095003471024746853
  }
}
isLeader: false
bytesWritten: 0
 from dn=49dd84ae-7ec9-4d92-bc53-345946144fea(localhost/127.0.0.1).
java.io.IOException: Datanode=49dd84ae-7ec9-4d92-bc53-345946144fea(localhost/127.0.0.1) not part of pipeline=PipelineID=f1258f91-374d-44ac-9d89-7bef1d680e9b
	at org.apache.hadoop.hdds.scm.pipeline.Pipeline.reportDatanode(Pipeline.java:336)
	at org.apache.hadoop.hdds.scm.pipeline.PipelineReportHandler.setReportedDatanode(PipelineReportHandler.java:154)
	at org.apache.hadoop.hdds.scm.pipeline.PipelineReportHandler.processPipelineReport(PipelineReportHandler.java:129)
	at org.apache.hadoop.hdds.scm.pipeline.PipelineReportHandler.onMessage(PipelineReportHandler.java:88)
	at org.apache.hadoop.hdds.scm.pipeline.PipelineReportHandler.onMessage(PipelineReportHandler.java:47)
	at org.apache.hadoop.hdds.server.events.SingleThreadExecutor.lambda$onMessage$1(SingleThreadExecutor.java:84)
	at java.base/java.util.concurrent.ThreadPoolExecutor.runWorker(ThreadPoolExecutor.java:1144)
	at java.base/java.util.concurrent.ThreadPoolExecutor$Worker.run(ThreadPoolExecutor.java:642)
	at java.base/java.lang.Thread.run(Thread.java:1583)
2025-02-19 06:38:35,074 [EventQueue-PipelineReportForPipelineReportHandler] ERROR pipeline.PipelineReportHandler (PipelineReportHandler.java:onMessage(95)) - Could not process pipeline report=pipelineID {
  id: "117721e1-84b0-442b-bd9d-b5b4ee72daef"
  uuid128 {
    mostSigBits: 1258511873350845483
    leastSigBits: -4783467440498353425
  }
}
isLeader: false
bytesWritten: 0
 from dn=49dd84ae-7ec9-4d92-bc53-345946144fea(localhost/127.0.0.1).
java.io.IOException: Datanode=49dd84ae-7ec9-4d92-bc53-345946144fea(localhost/127.0.0.1) not part of pipeline=PipelineID=117721e1-84b0-442b-bd9d-b5b4ee72daef
	at org.apache.hadoop.hdds.scm.pipeline.Pipeline.reportDatanode(Pipeline.java:336)
	at org.apache.hadoop.hdds.scm.pipeline.PipelineReportHandler.setReportedDatanode(PipelineReportHandler.java:154)
	at org.apache.hadoop.hdds.scm.pipeline.PipelineReportHandler.processPipelineReport(PipelineReportHandler.java:129)
	at org.apache.hadoop.hdds.scm.pipeline.PipelineReportHandler.onMessage(PipelineReportHandler.java:88)
	at org.apache.hadoop.hdds.scm.pipeline.PipelineReportHandler.onMessage(PipelineReportHandler.java:47)
	at org.apache.hadoop.hdds.server.events.SingleThreadExecutor.lambda$onMessage$1(SingleThreadExecutor.java:84)
	at java.base/java.util.concurrent.ThreadPoolExecutor.runWorker(ThreadPoolExecutor.java:1144)
	at java.base/java.util.concurrent.ThreadPoolExecutor$Worker.run(ThreadPoolExecutor.java:642)
	at java.base/java.lang.Thread.run(Thread.java:1583)
2025-02-19 06:38:35,474 [EventQueue-PipelineReportForPipelineReportHandler] ERROR pipeline.PipelineReportHandler (PipelineReportHandler.java:onMessage(95)) - Could not process pipeline report=pipelineID {
  id: "f1258f91-374d-44ac-9d89-7bef1d680e9b"
  uuid128 {
    mostSigBits: -1070291482569784148
    leastSigBits: -7095003471024746853
  }
}
isLeader: false
bytesWritten: 0
 from dn=49dd84ae-7ec9-4d92-bc53-345946144fea(localhost/127.0.0.1).
java.io.IOException: Datanode=49dd84ae-7ec9-4d92-bc53-345946144fea(localhost/127.0.0.1) not part of pipeline=PipelineID=f1258f91-374d-44ac-9d89-7bef1d680e9b
	at org.apache.hadoop.hdds.scm.pipeline.Pipeline.reportDatanode(Pipeline.java:336)
	at org.apache.hadoop.hdds.scm.pipeline.PipelineReportHandler.setReportedDatanode(PipelineReportHandler.java:154)
	at org.apache.hadoop.hdds.scm.pipeline.PipelineReportHandler.processPipelineReport(PipelineReportHandler.java:129)
	at org.apache.hadoop.hdds.scm.pipeline.PipelineReportHandler.onMessage(PipelineReportHandler.java:88)
	at org.apache.hadoop.hdds.scm.pipeline.PipelineReportHandler.onMessage(PipelineReportHandler.java:47)
	at org.apache.hadoop.hdds.server.events.SingleThreadExecutor.lambda$onMessage$1(SingleThreadExecutor.java:84)
	at java.base/java.util.concurrent.ThreadPoolExecutor.runWorker(ThreadPoolExecutor.java:1144)
	at java.base/java.util.concurrent.ThreadPoolExecutor$Worker.run(ThreadPoolExecutor.java:642)
	at java.base/java.lang.Thread.run(Thread.java:1583)
2025-02-19 06:38:35,474 [EventQueue-PipelineReportForPipelineReportHandler] ERROR pipeline.PipelineReportHandler (PipelineReportHandler.java:onMessage(95)) - Could not process pipeline report=pipelineID {
  id: "117721e1-84b0-442b-bd9d-b5b4ee72daef"
  uuid128 {
    mostSigBits: 1258511873350845483
    leastSigBits: -4783467440498353425
  }
}
isLeader: false
bytesWritten: 0
 from dn=49dd84ae-7ec9-4d92-bc53-345946144fea(localhost/127.0.0.1).
java.io.IOException: Datanode=49dd84ae-7ec9-4d92-bc53-345946144fea(localhost/127.0.0.1) not part of pipeline=PipelineID=117721e1-84b0-442b-bd9d-b5b4ee72daef
	at org.apache.hadoop.hdds.scm.pipeline.Pipeline.reportDatanode(Pipeline.java:336)
	at org.apache.hadoop.hdds.scm.pipeline.PipelineReportHandler.setReportedDatanode(PipelineReportHandler.java:154)
	at org.apache.hadoop.hdds.scm.pipeline.PipelineReportHandler.processPipelineReport(PipelineReportHandler.java:129)
	at org.apache.hadoop.hdds.scm.pipeline.PipelineReportHandler.onMessage(PipelineReportHandler.java:88)
	at org.apache.hadoop.hdds.scm.pipeline.PipelineReportHandler.onMessage(PipelineReportHandler.java:47)
	at org.apache.hadoop.hdds.server.events.SingleThreadExecutor.lambda$onMessage$1(SingleThreadExecutor.java:84)
	at java.base/java.util.concurrent.ThreadPoolExecutor.runWorker(ThreadPoolExecutor.java:1144)
	at java.base/java.util.concurrent.ThreadPoolExecutor$Worker.run(ThreadPoolExecutor.java:642)
	at java.base/java.lang.Thread.run(Thread.java:1583)
2025-02-19 06:38:35,543 [6b36f32d-918c-46a3-bfcb-888cb423c6dd@group-81341F4E2824-StateMachineUpdater] INFO  ratis.ContainerStateMachine (ContainerStateMachine.java:takeSnapshot(376)) - group-81341F4E2824: Taking a snapshot at:(t:1, i:44) file /home/runner/work/ozone/ozone/hadoop-ozone/integration-test/target/test-dir/MiniOzoneClusterImpl-3e129c02-f7f1-4d32-bd92-d681932e2c0d/ozone-meta/datanode-2/ratis/e1fc892c-095b-4650-8f0f-81341f4e2824/sm/snapshot.1_44
2025-02-19 06:38:35,544 [6b36f32d-918c-46a3-bfcb-888cb423c6dd@group-81341F4E2824-StateMachineUpdater] INFO  ratis.ContainerStateMachine (ContainerStateMachine.java:takeSnapshot(387)) - group-81341F4E2824: Finished taking a snapshot at:(t:1, i:44) file:/home/runner/work/ozone/ozone/hadoop-ozone/integration-test/target/test-dir/MiniOzoneClusterImpl-3e129c02-f7f1-4d32-bd92-d681932e2c0d/ozone-meta/datanode-2/ratis/e1fc892c-095b-4650-8f0f-81341f4e2824/sm/snapshot.1_44 took: 1 ms
2025-02-19 06:38:35,544 [6b36f32d-918c-46a3-bfcb-888cb423c6dd@group-81341F4E2824-StateMachineUpdater] INFO  impl.SimpleStateMachineStorage (SimpleStateMachineStorage.java:lambda$cleanupOldSnapshots$1(126)) - Deleting old snapshot at /home/runner/work/ozone/ozone/hadoop-ozone/integration-test/target/test-dir/MiniOzoneClusterImpl-3e129c02-f7f1-4d32-bd92-d681932e2c0d/ozone-meta/datanode-2/ratis/e1fc892c-095b-4650-8f0f-81341f4e2824/sm/snapshot.1_32
2025-02-19 06:38:35,544 [6b36f32d-918c-46a3-bfcb-888cb423c6dd@group-81341F4E2824-StateMachineUpdater] INFO  impl.StateMachineUpdater (StateMachineUpdater.java:takeSnapshot(303)) - 6b36f32d-918c-46a3-bfcb-888cb423c6dd@group-81341F4E2824-StateMachineUpdater: Took a snapshot at index 44
2025-02-19 06:38:35,544 [6b36f32d-918c-46a3-bfcb-888cb423c6dd@group-81341F4E2824-StateMachineUpdater] INFO  impl.StateMachineUpdater (StateMachineUpdater.java:lambda$new$0(102)) - 6b36f32d-918c-46a3-bfcb-888cb423c6dd@group-81341F4E2824-StateMachineUpdater: snapshotIndex: updateIncreasingly 42 -> 44
2025-02-19 06:38:35,675 [EventQueue-PipelineReportForPipelineReportHandler] ERROR pipeline.PipelineReportHandler (PipelineReportHandler.java:onMessage(95)) - Could not process pipeline report=pipelineID {
  id: "f1258f91-374d-44ac-9d89-7bef1d680e9b"
  uuid128 {
    mostSigBits: -1070291482569784148
    leastSigBits: -7095003471024746853
  }
}
isLeader: false
bytesWritten: 0
 from dn=49dd84ae-7ec9-4d92-bc53-345946144fea(localhost/127.0.0.1).
java.io.IOException: Datanode=49dd84ae-7ec9-4d92-bc53-345946144fea(localhost/127.0.0.1) not part of pipeline=PipelineID=f1258f91-374d-44ac-9d89-7bef1d680e9b
	at org.apache.hadoop.hdds.scm.pipeline.Pipeline.reportDatanode(Pipeline.java:336)
	at org.apache.hadoop.hdds.scm.pipeline.PipelineReportHandler.setReportedDatanode(PipelineReportHandler.java:154)
	at org.apache.hadoop.hdds.scm.pipeline.PipelineReportHandler.processPipelineReport(PipelineReportHandler.java:129)
	at org.apache.hadoop.hdds.scm.pipeline.PipelineReportHandler.onMessage(PipelineReportHandler.java:88)
	at org.apache.hadoop.hdds.scm.pipeline.PipelineReportHandler.onMessage(PipelineReportHandler.java:47)
	at org.apache.hadoop.hdds.server.events.SingleThreadExecutor.lambda$onMessage$1(SingleThreadExecutor.java:84)
	at java.base/java.util.concurrent.ThreadPoolExecutor.runWorker(ThreadPoolExecutor.java:1144)
	at java.base/java.util.concurrent.ThreadPoolExecutor$Worker.run(ThreadPoolExecutor.java:642)
	at java.base/java.lang.Thread.run(Thread.java:1583)
2025-02-19 06:38:35,675 [EventQueue-PipelineReportForPipelineReportHandler] ERROR pipeline.PipelineReportHandler (PipelineReportHandler.java:onMessage(95)) - Could not process pipeline report=pipelineID {
  id: "117721e1-84b0-442b-bd9d-b5b4ee72daef"
  uuid128 {
    mostSigBits: 1258511873350845483
    leastSigBits: -4783467440498353425
  }
}
isLeader: false
bytesWritten: 0
 from dn=49dd84ae-7ec9-4d92-bc53-345946144fea(localhost/127.0.0.1).
java.io.IOException: Datanode=49dd84ae-7ec9-4d92-bc53-345946144fea(localhost/127.0.0.1) not part of pipeline=PipelineID=117721e1-84b0-442b-bd9d-b5b4ee72daef
	at org.apache.hadoop.hdds.scm.pipeline.Pipeline.reportDatanode(Pipeline.java:336)
	at org.apache.hadoop.hdds.scm.pipeline.PipelineReportHandler.setReportedDatanode(PipelineReportHandler.java:154)
	at org.apache.hadoop.hdds.scm.pipeline.PipelineReportHandler.processPipelineReport(PipelineReportHandler.java:129)
	at org.apache.hadoop.hdds.scm.pipeline.PipelineReportHandler.onMessage(PipelineReportHandler.java:88)
	at org.apache.hadoop.hdds.scm.pipeline.PipelineReportHandler.onMessage(PipelineReportHandler.java:47)
	at org.apache.hadoop.hdds.server.events.SingleThreadExecutor.lambda$onMessage$1(SingleThreadExecutor.java:84)
	at java.base/java.util.concurrent.ThreadPoolExecutor.runWorker(ThreadPoolExecutor.java:1144)
	at java.base/java.util.concurrent.ThreadPoolExecutor$Worker.run(ThreadPoolExecutor.java:642)
	at java.base/java.lang.Thread.run(Thread.java:1583)
2025-02-19 06:38:35,999 [timer6] WARN  server.GrpcLogAppender (GrpcLogAppender.java:timeoutAppendRequest(441)) - 25fe7083-9332-4190-accf-9f4542114dd9@group-B5B4EE72DAEF->62ffdddc-aaf0-4ce5-9810-4c181ebbf473-GrpcLogAppender: Timed out HEARTBEAT appendEntries, errorCount=9, request=AppendEntriesRequest:cid=4710,entriesCount=0
2025-02-19 06:38:36,075 [EventQueue-PipelineReportForPipelineReportHandler] ERROR pipeline.PipelineReportHandler (PipelineReportHandler.java:onMessage(95)) - Could not process pipeline report=pipelineID {
  id: "f1258f91-374d-44ac-9d89-7bef1d680e9b"
  uuid128 {
    mostSigBits: -1070291482569784148
    leastSigBits: -7095003471024746853
  }
}
isLeader: false
bytesWritten: 0
 from dn=49dd84ae-7ec9-4d92-bc53-345946144fea(localhost/127.0.0.1).
java.io.IOException: Datanode=49dd84ae-7ec9-4d92-bc53-345946144fea(localhost/127.0.0.1) not part of pipeline=PipelineID=f1258f91-374d-44ac-9d89-7bef1d680e9b
	at org.apache.hadoop.hdds.scm.pipeline.Pipeline.reportDatanode(Pipeline.java:336)
	at org.apache.hadoop.hdds.scm.pipeline.PipelineReportHandler.setReportedDatanode(PipelineReportHandler.java:154)
	at org.apache.hadoop.hdds.scm.pipeline.PipelineReportHandler.processPipelineReport(PipelineReportHandler.java:129)
	at org.apache.hadoop.hdds.scm.pipeline.PipelineReportHandler.onMessage(PipelineReportHandler.java:88)
	at org.apache.hadoop.hdds.scm.pipeline.PipelineReportHandler.onMessage(PipelineReportHandler.java:47)
	at org.apache.hadoop.hdds.server.events.SingleThreadExecutor.lambda$onMessage$1(SingleThreadExecutor.java:84)
	at java.base/java.util.concurrent.ThreadPoolExecutor.runWorker(ThreadPoolExecutor.java:1144)
	at java.base/java.util.concurrent.ThreadPoolExecutor$Worker.run(ThreadPoolExecutor.java:642)
	at java.base/java.lang.Thread.run(Thread.java:1583)
2025-02-19 06:38:36,075 [EventQueue-PipelineReportForPipelineReportHandler] ERROR pipeline.PipelineReportHandler (PipelineReportHandler.java:onMessage(95)) - Could not process pipeline report=pipelineID {
  id: "117721e1-84b0-442b-bd9d-b5b4ee72daef"
  uuid128 {
    mostSigBits: 1258511873350845483
    leastSigBits: -4783467440498353425
  }
}
isLeader: false
bytesWritten: 0
 from dn=49dd84ae-7ec9-4d92-bc53-345946144fea(localhost/127.0.0.1).
java.io.IOException: Datanode=49dd84ae-7ec9-4d92-bc53-345946144fea(localhost/127.0.0.1) not part of pipeline=PipelineID=117721e1-84b0-442b-bd9d-b5b4ee72daef
	at org.apache.hadoop.hdds.scm.pipeline.Pipeline.reportDatanode(Pipeline.java:336)
	at org.apache.hadoop.hdds.scm.pipeline.PipelineReportHandler.setReportedDatanode(PipelineReportHandler.java:154)
	at org.apache.hadoop.hdds.scm.pipeline.PipelineReportHandler.processPipelineReport(PipelineReportHandler.java:129)
	at org.apache.hadoop.hdds.scm.pipeline.PipelineReportHandler.onMessage(PipelineReportHandler.java:88)
	at org.apache.hadoop.hdds.scm.pipeline.PipelineReportHandler.onMessage(PipelineReportHandler.java:47)
	at org.apache.hadoop.hdds.server.events.SingleThreadExecutor.lambda$onMessage$1(SingleThreadExecutor.java:84)
	at java.base/java.util.concurrent.ThreadPoolExecutor.runWorker(ThreadPoolExecutor.java:1144)
	at java.base/java.util.concurrent.ThreadPoolExecutor$Worker.run(ThreadPoolExecutor.java:642)
	at java.base/java.lang.Thread.run(Thread.java:1583)
2025-02-19 06:38:36,294 [25fe7083-9332-4190-accf-9f4542114dd9@group-B5B4EE72DAEF-LeaderStateImpl] INFO  impl.TransferLeadership (TransferLeadership.java:tryTransferLeadership(258)) - 25fe7083-9332-4190-accf-9f4542114dd9@group-B5B4EE72DAEF: start transferring leadership to 62ffdddc-aaf0-4ce5-9810-4c181ebbf473
2025-02-19 06:38:36,294 [25fe7083-9332-4190-accf-9f4542114dd9@group-B5B4EE72DAEF-LeaderStateImpl] INFO  impl.TransferLeadership (TransferLeadership.java:sendStartLeaderElection(210)) - 25fe7083-9332-4190-accf-9f4542114dd9@group-B5B4EE72DAEF: sendStartLeaderElection to follower 62ffdddc-aaf0-4ce5-9810-4c181ebbf473, lastEntry=(t:2, i:2)
2025-02-19 06:38:36,295 [25fe7083-9332-4190-accf-9f4542114dd9@group-B5B4EE72DAEF-LeaderStateImpl] INFO  impl.TransferLeadership (TransferLeadership.java:tryTransferLeadership(266)) - 25fe7083-9332-4190-accf-9f4542114dd9@group-B5B4EE72DAEF: SUCCESS sent StartLeaderElection to transferee 62ffdddc-aaf0-4ce5-9810-4c181ebbf473 immediately as it already has up-to-date log
2025-02-19 06:38:36,298 [grpc-default-executor-4] WARN  server.GrpcServerProtocolService (LogUtils.java:warn(121)) - 49dd84ae-7ec9-4d92-bc53-345946144fea: Failed startLeaderElection 25fe7083-9332-4190-accf-9f4542114dd9->62ffdddc-aaf0-4ce5-9810-4c181ebbf473#0: org.apache.ratis.protocol.exceptions.ServerNotReadyException: 49dd84ae-7ec9-4d92-bc53-345946144fea@group-B5B4EE72DAEF is not in [RUNNING]: current state is CLOSED
2025-02-19 06:38:36,299 [25fe7083-9332-4190-accf-9f4542114dd9-server-thread2] WARN  impl.TransferLeadership (TransferLeadership.java:lambda$sendStartLeaderElection$2(227)) - 25fe7083-9332-4190-accf-9f4542114dd9@group-B5B4EE72DAEF: Failed to startLeaderElection for 62ffdddc-aaf0-4ce5-9810-4c181ebbf473
java.util.concurrent.CompletionException: org.apache.ratis.thirdparty.io.grpc.StatusRuntimeException: INTERNAL: 49dd84ae-7ec9-4d92-bc53-345946144fea@group-B5B4EE72DAEF is not in [RUNNING]: current state is CLOSED
	at java.base/java.util.concurrent.CompletableFuture.encodeThrowable(CompletableFuture.java:315)
	at java.base/java.util.concurrent.CompletableFuture.completeThrowable(CompletableFuture.java:320)
	at java.base/java.util.concurrent.CompletableFuture$AsyncSupply.run(CompletableFuture.java:1770)
	at java.base/java.util.concurrent.ThreadPoolExecutor.runWorker(ThreadPoolExecutor.java:1144)
	at java.base/java.util.concurrent.ThreadPoolExecutor$Worker.run(ThreadPoolExecutor.java:642)
	at java.base/java.lang.Thread.run(Thread.java:1583)
Caused by: org.apache.ratis.thirdparty.io.grpc.StatusRuntimeException: INTERNAL: 49dd84ae-7ec9-4d92-bc53-345946144fea@group-B5B4EE72DAEF is not in [RUNNING]: current state is CLOSED
	at org.apache.ratis.thirdparty.io.grpc.stub.ClientCalls.toStatusRuntimeException(ClientCalls.java:268)
	at org.apache.ratis.thirdparty.io.grpc.stub.ClientCalls.getUnchecked(ClientCalls.java:249)
	at org.apache.ratis.thirdparty.io.grpc.stub.ClientCalls.blockingUnaryCall(ClientCalls.java:167)
	at org.apache.ratis.proto.grpc.RaftServerProtocolServiceGrpc$RaftServerProtocolServiceBlockingStub.startLeaderElection(RaftServerProtocolServiceGrpc.java:351)
	at org.apache.ratis.grpc.server.GrpcServerProtocolClient.startLeaderElection(GrpcServerProtocolClient.java:123)
	at org.apache.ratis.grpc.server.GrpcService.startLeaderElection(GrpcService.java:411)
	at org.apache.ratis.server.impl.TransferLeadership.lambda$sendStartLeaderElection$1(TransferLeadership.java:218)
	at java.base/java.util.concurrent.CompletableFuture$AsyncSupply.run(CompletableFuture.java:1768)
	... 3 more
2025-02-19 06:38:36,475 [EventQueue-PipelineReportForPipelineReportHandler] ERROR pipeline.PipelineReportHandler (PipelineReportHandler.java:onMessage(95)) - Could not process pipeline report=pipelineID {
  id: "f1258f91-374d-44ac-9d89-7bef1d680e9b"
  uuid128 {
    mostSigBits: -1070291482569784148
    leastSigBits: -7095003471024746853
  }
}
isLeader: false
bytesWritten: 0
 from dn=49dd84ae-7ec9-4d92-bc53-345946144fea(localhost/127.0.0.1).
java.io.IOException: Datanode=49dd84ae-7ec9-4d92-bc53-345946144fea(localhost/127.0.0.1) not part of pipeline=PipelineID=f1258f91-374d-44ac-9d89-7bef1d680e9b
	at org.apache.hadoop.hdds.scm.pipeline.Pipeline.reportDatanode(Pipeline.java:336)
	at org.apache.hadoop.hdds.scm.pipeline.PipelineReportHandler.setReportedDatanode(PipelineReportHandler.java:154)
	at org.apache.hadoop.hdds.scm.pipeline.PipelineReportHandler.processPipelineReport(PipelineReportHandler.java:129)
	at org.apache.hadoop.hdds.scm.pipeline.PipelineReportHandler.onMessage(PipelineReportHandler.java:88)
	at org.apache.hadoop.hdds.scm.pipeline.PipelineReportHandler.onMessage(PipelineReportHandler.java:47)
	at org.apache.hadoop.hdds.server.events.SingleThreadExecutor.lambda$onMessage$1(SingleThreadExecutor.java:84)
	at java.base/java.util.concurrent.ThreadPoolExecutor.runWorker(ThreadPoolExecutor.java:1144)
	at java.base/java.util.concurrent.ThreadPoolExecutor$Worker.run(ThreadPoolExecutor.java:642)
	at java.base/java.lang.Thread.run(Thread.java:1583)
2025-02-19 06:38:36,475 [EventQueue-PipelineReportForPipelineReportHandler] ERROR pipeline.PipelineReportHandler (PipelineReportHandler.java:onMessage(95)) - Could not process pipeline report=pipelineID {
  id: "117721e1-84b0-442b-bd9d-b5b4ee72daef"
  uuid128 {
    mostSigBits: 1258511873350845483
    leastSigBits: -4783467440498353425
  }
}
isLeader: false
bytesWritten: 0
 from dn=49dd84ae-7ec9-4d92-bc53-345946144fea(localhost/127.0.0.1).
java.io.IOException: Datanode=49dd84ae-7ec9-4d92-bc53-345946144fea(localhost/127.0.0.1) not part of pipeline=PipelineID=117721e1-84b0-442b-bd9d-b5b4ee72daef
	at org.apache.hadoop.hdds.scm.pipeline.Pipeline.reportDatanode(Pipeline.java:336)
	at org.apache.hadoop.hdds.scm.pipeline.PipelineReportHandler.setReportedDatanode(PipelineReportHandler.java:154)
	at org.apache.hadoop.hdds.scm.pipeline.PipelineReportHandler.processPipelineReport(PipelineReportHandler.java:129)
	at org.apache.hadoop.hdds.scm.pipeline.PipelineReportHandler.onMessage(PipelineReportHandler.java:88)
	at org.apache.hadoop.hdds.scm.pipeline.PipelineReportHandler.onMessage(PipelineReportHandler.java:47)
	at org.apache.hadoop.hdds.server.events.SingleThreadExecutor.lambda$onMessage$1(SingleThreadExecutor.java:84)
	at java.base/java.util.concurrent.ThreadPoolExecutor.runWorker(ThreadPoolExecutor.java:1144)
	at java.base/java.util.concurrent.ThreadPoolExecutor$Worker.run(ThreadPoolExecutor.java:642)
	at java.base/java.lang.Thread.run(Thread.java:1583)
2025-02-19 06:38:36,674 [EventQueue-PipelineReportForPipelineReportHandler] ERROR pipeline.PipelineReportHandler (PipelineReportHandler.java:onMessage(95)) - Could not process pipeline report=pipelineID {
  id: "f1258f91-374d-44ac-9d89-7bef1d680e9b"
  uuid128 {
    mostSigBits: -1070291482569784148
    leastSigBits: -7095003471024746853
  }
}
isLeader: false
bytesWritten: 0
 from dn=49dd84ae-7ec9-4d92-bc53-345946144fea(localhost/127.0.0.1).
java.io.IOException: Datanode=49dd84ae-7ec9-4d92-bc53-345946144fea(localhost/127.0.0.1) not part of pipeline=PipelineID=f1258f91-374d-44ac-9d89-7bef1d680e9b
	at org.apache.hadoop.hdds.scm.pipeline.Pipeline.reportDatanode(Pipeline.java:336)
	at org.apache.hadoop.hdds.scm.pipeline.PipelineReportHandler.setReportedDatanode(PipelineReportHandler.java:154)
	at org.apache.hadoop.hdds.scm.pipeline.PipelineReportHandler.processPipelineReport(PipelineReportHandler.java:129)
	at org.apache.hadoop.hdds.scm.pipeline.PipelineReportHandler.onMessage(PipelineReportHandler.java:88)
	at org.apache.hadoop.hdds.scm.pipeline.PipelineReportHandler.onMessage(PipelineReportHandler.java:47)
	at org.apache.hadoop.hdds.server.events.SingleThreadExecutor.lambda$onMessage$1(SingleThreadExecutor.java:84)
	at java.base/java.util.concurrent.ThreadPoolExecutor.runWorker(ThreadPoolExecutor.java:1144)
	at java.base/java.util.concurrent.ThreadPoolExecutor$Worker.run(ThreadPoolExecutor.java:642)
	at java.base/java.lang.Thread.run(Thread.java:1583)
2025-02-19 06:38:36,674 [EventQueue-PipelineReportForPipelineReportHandler] ERROR pipeline.PipelineReportHandler (PipelineReportHandler.java:onMessage(95)) - Could not process pipeline report=pipelineID {
  id: "117721e1-84b0-442b-bd9d-b5b4ee72daef"
  uuid128 {
    mostSigBits: 1258511873350845483
    leastSigBits: -4783467440498353425
  }
}
isLeader: false
bytesWritten: 0
 from dn=49dd84ae-7ec9-4d92-bc53-345946144fea(localhost/127.0.0.1).
java.io.IOException: Datanode=49dd84ae-7ec9-4d92-bc53-345946144fea(localhost/127.0.0.1) not part of pipeline=PipelineID=117721e1-84b0-442b-bd9d-b5b4ee72daef
	at org.apache.hadoop.hdds.scm.pipeline.Pipeline.reportDatanode(Pipeline.java:336)
	at org.apache.hadoop.hdds.scm.pipeline.PipelineReportHandler.setReportedDatanode(PipelineReportHandler.java:154)
	at org.apache.hadoop.hdds.scm.pipeline.PipelineReportHandler.processPipelineReport(PipelineReportHandler.java:129)
	at org.apache.hadoop.hdds.scm.pipeline.PipelineReportHandler.onMessage(PipelineReportHandler.java:88)
	at org.apache.hadoop.hdds.scm.pipeline.PipelineReportHandler.onMessage(PipelineReportHandler.java:47)
	at org.apache.hadoop.hdds.server.events.SingleThreadExecutor.lambda$onMessage$1(SingleThreadExecutor.java:84)
	at java.base/java.util.concurrent.ThreadPoolExecutor.runWorker(ThreadPoolExecutor.java:1144)
	at java.base/java.util.concurrent.ThreadPoolExecutor$Worker.run(ThreadPoolExecutor.java:642)
	at java.base/java.lang.Thread.run(Thread.java:1583)
2025-02-19 06:38:37,034 [timer6] WARN  server.GrpcLogAppender (LogUtils.java:warn(123)) - eb965ba7-12a8-46f3-92c0-bc6ff5b3bf3b@group-81341F4E2824->62ffdddc-aaf0-4ce5-9810-4c181ebbf473-AppendLogResponseHandler: Failed appendEntries (Repeated 3 times in the last 5.001s)
org.apache.ratis.protocol.exceptions.GroupMismatchException: 49dd84ae-7ec9-4d92-bc53-345946144fea: group-81341F4E2824 not found.
	at org.apache.ratis.server.impl.RaftServerProxy$ImplMap.get(RaftServerProxy.java:155)
	at org.apache.ratis.server.impl.RaftServerProxy.getImplFuture(RaftServerProxy.java:365)
	at org.apache.ratis.server.impl.RaftServerProxy.appendEntriesAsync(RaftServerProxy.java:644)
	at org.apache.ratis.grpc.server.GrpcServerProtocolService$1.process(GrpcServerProtocolService.java:229)
	at org.apache.ratis.grpc.server.GrpcServerProtocolService$1.process(GrpcServerProtocolService.java:226)
	at org.apache.ratis.grpc.server.GrpcServerProtocolService$ServerRequestStreamObserver.onNext(GrpcServerProtocolService.java:137)
	at org.apache.ratis.thirdparty.io.grpc.stub.ServerCalls$StreamingServerCallHandler$StreamingServerCallListener.onMessage(ServerCalls.java:262)
	at org.apache.ratis.thirdparty.io.grpc.internal.ServerCallImpl$ServerStreamListenerImpl.messagesAvailableInternal(ServerCallImpl.java:329)
	at org.apache.ratis.thirdparty.io.grpc.internal.ServerCallImpl$ServerStreamListenerImpl.messagesAvailable(ServerCallImpl.java:314)
	at org.apache.ratis.thirdparty.io.grpc.internal.ServerImpl$JumpToApplicationThreadServerStreamListener$1MessagesAvailable.runInContext(ServerImpl.java:833)
	at org.apache.ratis.thirdparty.io.grpc.internal.ContextRunnable.run(ContextRunnable.java:37)
	at org.apache.ratis.thirdparty.io.grpc.internal.SerializingExecutor.run(SerializingExecutor.java:133)
	at java.base/java.util.concurrent.ThreadPoolExecutor.runWorker(ThreadPoolExecutor.java:1144)
	at java.base/java.util.concurrent.ThreadPoolExecutor$Worker.run(ThreadPoolExecutor.java:642)
	at java.base/java.lang.Thread.run(Thread.java:1583)
2025-02-19 06:38:37,074 [EventQueue-PipelineReportForPipelineReportHandler] ERROR pipeline.PipelineReportHandler (PipelineReportHandler.java:onMessage(95)) - Could not process pipeline report=pipelineID {
  id: "f1258f91-374d-44ac-9d89-7bef1d680e9b"
  uuid128 {
    mostSigBits: -1070291482569784148
    leastSigBits: -7095003471024746853
  }
}
isLeader: false
bytesWritten: 0
 from dn=49dd84ae-7ec9-4d92-bc53-345946144fea(localhost/127.0.0.1).
java.io.IOException: Datanode=49dd84ae-7ec9-4d92-bc53-345946144fea(localhost/127.0.0.1) not part of pipeline=PipelineID=f1258f91-374d-44ac-9d89-7bef1d680e9b
	at org.apache.hadoop.hdds.scm.pipeline.Pipeline.reportDatanode(Pipeline.java:336)
	at org.apache.hadoop.hdds.scm.pipeline.PipelineReportHandler.setReportedDatanode(PipelineReportHandler.java:154)
	at org.apache.hadoop.hdds.scm.pipeline.PipelineReportHandler.processPipelineReport(PipelineReportHandler.java:129)
	at org.apache.hadoop.hdds.scm.pipeline.PipelineReportHandler.onMessage(PipelineReportHandler.java:88)
	at org.apache.hadoop.hdds.scm.pipeline.PipelineReportHandler.onMessage(PipelineReportHandler.java:47)
	at org.apache.hadoop.hdds.server.events.SingleThreadExecutor.lambda$onMessage$1(SingleThreadExecutor.java:84)
	at java.base/java.util.concurrent.ThreadPoolExecutor.runWorker(ThreadPoolExecutor.java:1144)
	at java.base/java.util.concurrent.ThreadPoolExecutor$Worker.run(ThreadPoolExecutor.java:642)
	at java.base/java.lang.Thread.run(Thread.java:1583)
2025-02-19 06:38:37,074 [EventQueue-PipelineReportForPipelineReportHandler] ERROR pipeline.PipelineReportHandler (PipelineReportHandler.java:onMessage(95)) - Could not process pipeline report=pipelineID {
  id: "117721e1-84b0-442b-bd9d-b5b4ee72daef"
  uuid128 {
    mostSigBits: 1258511873350845483
    leastSigBits: -4783467440498353425
  }
}
isLeader: false
bytesWritten: 0
 from dn=49dd84ae-7ec9-4d92-bc53-345946144fea(localhost/127.0.0.1).
java.io.IOException: Datanode=49dd84ae-7ec9-4d92-bc53-345946144fea(localhost/127.0.0.1) not part of pipeline=PipelineID=117721e1-84b0-442b-bd9d-b5b4ee72daef
	at org.apache.hadoop.hdds.scm.pipeline.Pipeline.reportDatanode(Pipeline.java:336)
	at org.apache.hadoop.hdds.scm.pipeline.PipelineReportHandler.setReportedDatanode(PipelineReportHandler.java:154)
	at org.apache.hadoop.hdds.scm.pipeline.PipelineReportHandler.processPipelineReport(PipelineReportHandler.java:129)
	at org.apache.hadoop.hdds.scm.pipeline.PipelineReportHandler.onMessage(PipelineReportHandler.java:88)
	at org.apache.hadoop.hdds.scm.pipeline.PipelineReportHandler.onMessage(PipelineReportHandler.java:47)
	at org.apache.hadoop.hdds.server.events.SingleThreadExecutor.lambda$onMessage$1(SingleThreadExecutor.java:84)
	at java.base/java.util.concurrent.ThreadPoolExecutor.runWorker(ThreadPoolExecutor.java:1144)
	at java.base/java.util.concurrent.ThreadPoolExecutor$Worker.run(ThreadPoolExecutor.java:642)
	at java.base/java.lang.Thread.run(Thread.java:1583)
2025-02-19 06:38:37,249 [timer6] WARN  server.GrpcLogAppender (GrpcLogAppender.java:timeoutAppendRequest(441)) - 25fe7083-9332-4190-accf-9f4542114dd9@group-B5B4EE72DAEF->62ffdddc-aaf0-4ce5-9810-4c181ebbf473-GrpcLogAppender: Timed out HEARTBEAT appendEntries, errorCount=10, request=AppendEntriesRequest:cid=4711,entriesCount=0
2025-02-19 06:38:37,275 [EventQueue-PipelineReportForPipelineReportHandler] ERROR pipeline.PipelineReportHandler (PipelineReportHandler.java:onMessage(95)) - Could not process pipeline report=pipelineID {
  id: "f1258f91-374d-44ac-9d89-7bef1d680e9b"
  uuid128 {
    mostSigBits: -1070291482569784148
    leastSigBits: -7095003471024746853
  }
}
isLeader: false
bytesWritten: 0
 from dn=49dd84ae-7ec9-4d92-bc53-345946144fea(localhost/127.0.0.1).
java.io.IOException: Datanode=49dd84ae-7ec9-4d92-bc53-345946144fea(localhost/127.0.0.1) not part of pipeline=PipelineID=f1258f91-374d-44ac-9d89-7bef1d680e9b
	at org.apache.hadoop.hdds.scm.pipeline.Pipeline.reportDatanode(Pipeline.java:336)
	at org.apache.hadoop.hdds.scm.pipeline.PipelineReportHandler.setReportedDatanode(PipelineReportHandler.java:154)
	at org.apache.hadoop.hdds.scm.pipeline.PipelineReportHandler.processPipelineReport(PipelineReportHandler.java:129)
	at org.apache.hadoop.hdds.scm.pipeline.PipelineReportHandler.onMessage(PipelineReportHandler.java:88)
	at org.apache.hadoop.hdds.scm.pipeline.PipelineReportHandler.onMessage(PipelineReportHandler.java:47)
	at org.apache.hadoop.hdds.server.events.SingleThreadExecutor.lambda$onMessage$1(SingleThreadExecutor.java:84)
	at java.base/java.util.concurrent.ThreadPoolExecutor.runWorker(ThreadPoolExecutor.java:1144)
	at java.base/java.util.concurrent.ThreadPoolExecutor$Worker.run(ThreadPoolExecutor.java:642)
	at java.base/java.lang.Thread.run(Thread.java:1583)
2025-02-19 06:38:37,276 [EventQueue-PipelineReportForPipelineReportHandler] ERROR pipeline.PipelineReportHandler (PipelineReportHandler.java:onMessage(95)) - Could not process pipeline report=pipelineID {
  id: "117721e1-84b0-442b-bd9d-b5b4ee72daef"
  uuid128 {
    mostSigBits: 1258511873350845483
    leastSigBits: -4783467440498353425
  }
}
isLeader: false
bytesWritten: 0
 from dn=49dd84ae-7ec9-4d92-bc53-345946144fea(localhost/127.0.0.1).
java.io.IOException: Datanode=49dd84ae-7ec9-4d92-bc53-345946144fea(localhost/127.0.0.1) not part of pipeline=PipelineID=117721e1-84b0-442b-bd9d-b5b4ee72daef
	at org.apache.hadoop.hdds.scm.pipeline.Pipeline.reportDatanode(Pipeline.java:336)
	at org.apache.hadoop.hdds.scm.pipeline.PipelineReportHandler.setReportedDatanode(PipelineReportHandler.java:154)
	at org.apache.hadoop.hdds.scm.pipeline.PipelineReportHandler.processPipelineReport(PipelineReportHandler.java:129)
	at org.apache.hadoop.hdds.scm.pipeline.PipelineReportHandler.onMessage(PipelineReportHandler.java:88)
	at org.apache.hadoop.hdds.scm.pipeline.PipelineReportHandler.onMessage(PipelineReportHandler.java:47)
	at org.apache.hadoop.hdds.server.events.SingleThreadExecutor.lambda$onMessage$1(SingleThreadExecutor.java:84)
	at java.base/java.util.concurrent.ThreadPoolExecutor.runWorker(ThreadPoolExecutor.java:1144)
	at java.base/java.util.concurrent.ThreadPoolExecutor$Worker.run(ThreadPoolExecutor.java:642)
	at java.base/java.lang.Thread.run(Thread.java:1583)
2025-02-19 06:38:37,676 [EventQueue-PipelineReportForPipelineReportHandler] ERROR pipeline.PipelineReportHandler (PipelineReportHandler.java:onMessage(95)) - Could not process pipeline report=pipelineID {
  id: "f1258f91-374d-44ac-9d89-7bef1d680e9b"
  uuid128 {
    mostSigBits: -1070291482569784148
    leastSigBits: -7095003471024746853
  }
}
isLeader: false
bytesWritten: 0
 from dn=49dd84ae-7ec9-4d92-bc53-345946144fea(localhost/127.0.0.1).
java.io.IOException: Datanode=49dd84ae-7ec9-4d92-bc53-345946144fea(localhost/127.0.0.1) not part of pipeline=PipelineID=f1258f91-374d-44ac-9d89-7bef1d680e9b
	at org.apache.hadoop.hdds.scm.pipeline.Pipeline.reportDatanode(Pipeline.java:336)
	at org.apache.hadoop.hdds.scm.pipeline.PipelineReportHandler.setReportedDatanode(PipelineReportHandler.java:154)
	at org.apache.hadoop.hdds.scm.pipeline.PipelineReportHandler.processPipelineReport(PipelineReportHandler.java:129)
	at org.apache.hadoop.hdds.scm.pipeline.PipelineReportHandler.onMessage(PipelineReportHandler.java:88)
	at org.apache.hadoop.hdds.scm.pipeline.PipelineReportHandler.onMessage(PipelineReportHandler.java:47)
	at org.apache.hadoop.hdds.server.events.SingleThreadExecutor.lambda$onMessage$1(SingleThreadExecutor.java:84)
	at java.base/java.util.concurrent.ThreadPoolExecutor.runWorker(ThreadPoolExecutor.java:1144)
	at java.base/java.util.concurrent.ThreadPoolExecutor$Worker.run(ThreadPoolExecutor.java:642)
	at java.base/java.lang.Thread.run(Thread.java:1583)
2025-02-19 06:38:37,676 [EventQueue-PipelineReportForPipelineReportHandler] ERROR pipeline.PipelineReportHandler (PipelineReportHandler.java:onMessage(95)) - Could not process pipeline report=pipelineID {
  id: "117721e1-84b0-442b-bd9d-b5b4ee72daef"
  uuid128 {
    mostSigBits: 1258511873350845483
    leastSigBits: -4783467440498353425
  }
}
isLeader: false
bytesWritten: 0
 from dn=49dd84ae-7ec9-4d92-bc53-345946144fea(localhost/127.0.0.1).
java.io.IOException: Datanode=49dd84ae-7ec9-4d92-bc53-345946144fea(localhost/127.0.0.1) not part of pipeline=PipelineID=117721e1-84b0-442b-bd9d-b5b4ee72daef
	at org.apache.hadoop.hdds.scm.pipeline.Pipeline.reportDatanode(Pipeline.java:336)
	at org.apache.hadoop.hdds.scm.pipeline.PipelineReportHandler.setReportedDatanode(PipelineReportHandler.java:154)
	at org.apache.hadoop.hdds.scm.pipeline.PipelineReportHandler.processPipelineReport(PipelineReportHandler.java:129)
	at org.apache.hadoop.hdds.scm.pipeline.PipelineReportHandler.onMessage(PipelineReportHandler.java:88)
	at org.apache.hadoop.hdds.scm.pipeline.PipelineReportHandler.onMessage(PipelineReportHandler.java:47)
	at org.apache.hadoop.hdds.server.events.SingleThreadExecutor.lambda$onMessage$1(SingleThreadExecutor.java:84)
	at java.base/java.util.concurrent.ThreadPoolExecutor.runWorker(ThreadPoolExecutor.java:1144)
	at java.base/java.util.concurrent.ThreadPoolExecutor$Worker.run(ThreadPoolExecutor.java:642)
	at java.base/java.lang.Thread.run(Thread.java:1583)
2025-02-19 06:38:37,877 [EventQueue-PipelineReportForPipelineReportHandler] ERROR pipeline.PipelineReportHandler (PipelineReportHandler.java:onMessage(95)) - Could not process pipeline report=pipelineID {
  id: "f1258f91-374d-44ac-9d89-7bef1d680e9b"
  uuid128 {
    mostSigBits: -1070291482569784148
    leastSigBits: -7095003471024746853
  }
}
isLeader: false
bytesWritten: 0
 from dn=49dd84ae-7ec9-4d92-bc53-345946144fea(localhost/127.0.0.1).
java.io.IOException: Datanode=49dd84ae-7ec9-4d92-bc53-345946144fea(localhost/127.0.0.1) not part of pipeline=PipelineID=f1258f91-374d-44ac-9d89-7bef1d680e9b
	at org.apache.hadoop.hdds.scm.pipeline.Pipeline.reportDatanode(Pipeline.java:336)
	at org.apache.hadoop.hdds.scm.pipeline.PipelineReportHandler.setReportedDatanode(PipelineReportHandler.java:154)
	at org.apache.hadoop.hdds.scm.pipeline.PipelineReportHandler.processPipelineReport(PipelineReportHandler.java:129)
	at org.apache.hadoop.hdds.scm.pipeline.PipelineReportHandler.onMessage(PipelineReportHandler.java:88)
	at org.apache.hadoop.hdds.scm.pipeline.PipelineReportHandler.onMessage(PipelineReportHandler.java:47)
	at org.apache.hadoop.hdds.server.events.SingleThreadExecutor.lambda$onMessage$1(SingleThreadExecutor.java:84)
	at java.base/java.util.concurrent.ThreadPoolExecutor.runWorker(ThreadPoolExecutor.java:1144)
	at java.base/java.util.concurrent.ThreadPoolExecutor$Worker.run(ThreadPoolExecutor.java:642)
	at java.base/java.lang.Thread.run(Thread.java:1583)
2025-02-19 06:38:37,877 [EventQueue-PipelineReportForPipelineReportHandler] ERROR pipeline.PipelineReportHandler (PipelineReportHandler.java:onMessage(95)) - Could not process pipeline report=pipelineID {
  id: "117721e1-84b0-442b-bd9d-b5b4ee72daef"
  uuid128 {
    mostSigBits: 1258511873350845483
    leastSigBits: -4783467440498353425
  }
}
isLeader: false
bytesWritten: 0
 from dn=49dd84ae-7ec9-4d92-bc53-345946144fea(localhost/127.0.0.1).
java.io.IOException: Datanode=49dd84ae-7ec9-4d92-bc53-345946144fea(localhost/127.0.0.1) not part of pipeline=PipelineID=117721e1-84b0-442b-bd9d-b5b4ee72daef
	at org.apache.hadoop.hdds.scm.pipeline.Pipeline.reportDatanode(Pipeline.java:336)
	at org.apache.hadoop.hdds.scm.pipeline.PipelineReportHandler.setReportedDatanode(PipelineReportHandler.java:154)
	at org.apache.hadoop.hdds.scm.pipeline.PipelineReportHandler.processPipelineReport(PipelineReportHandler.java:129)
	at org.apache.hadoop.hdds.scm.pipeline.PipelineReportHandler.onMessage(PipelineReportHandler.java:88)
	at org.apache.hadoop.hdds.scm.pipeline.PipelineReportHandler.onMessage(PipelineReportHandler.java:47)
	at org.apache.hadoop.hdds.server.events.SingleThreadExecutor.lambda$onMessage$1(SingleThreadExecutor.java:84)
	at java.base/java.util.concurrent.ThreadPoolExecutor.runWorker(ThreadPoolExecutor.java:1144)
	at java.base/java.util.concurrent.ThreadPoolExecutor$Worker.run(ThreadPoolExecutor.java:642)
	at java.base/java.lang.Thread.run(Thread.java:1583)
2025-02-19 06:38:38,277 [EventQueue-PipelineReportForPipelineReportHandler] ERROR pipeline.PipelineReportHandler (PipelineReportHandler.java:onMessage(95)) - Could not process pipeline report=pipelineID {
  id: "f1258f91-374d-44ac-9d89-7bef1d680e9b"
  uuid128 {
    mostSigBits: -1070291482569784148
    leastSigBits: -7095003471024746853
  }
}
isLeader: false
bytesWritten: 0
 from dn=49dd84ae-7ec9-4d92-bc53-345946144fea(localhost/127.0.0.1).
java.io.IOException: Datanode=49dd84ae-7ec9-4d92-bc53-345946144fea(localhost/127.0.0.1) not part of pipeline=PipelineID=f1258f91-374d-44ac-9d89-7bef1d680e9b
	at org.apache.hadoop.hdds.scm.pipeline.Pipeline.reportDatanode(Pipeline.java:336)
	at org.apache.hadoop.hdds.scm.pipeline.PipelineReportHandler.setReportedDatanode(PipelineReportHandler.java:154)
	at org.apache.hadoop.hdds.scm.pipeline.PipelineReportHandler.processPipelineReport(PipelineReportHandler.java:129)
	at org.apache.hadoop.hdds.scm.pipeline.PipelineReportHandler.onMessage(PipelineReportHandler.java:88)
	at org.apache.hadoop.hdds.scm.pipeline.PipelineReportHandler.onMessage(PipelineReportHandler.java:47)
	at org.apache.hadoop.hdds.server.events.SingleThreadExecutor.lambda$onMessage$1(SingleThreadExecutor.java:84)
	at java.base/java.util.concurrent.ThreadPoolExecutor.runWorker(ThreadPoolExecutor.java:1144)
	at java.base/java.util.concurrent.ThreadPoolExecutor$Worker.run(ThreadPoolExecutor.java:642)
	at java.base/java.lang.Thread.run(Thread.java:1583)
2025-02-19 06:38:38,277 [EventQueue-PipelineReportForPipelineReportHandler] ERROR pipeline.PipelineReportHandler (PipelineReportHandler.java:onMessage(95)) - Could not process pipeline report=pipelineID {
  id: "117721e1-84b0-442b-bd9d-b5b4ee72daef"
  uuid128 {
    mostSigBits: 1258511873350845483
    leastSigBits: -4783467440498353425
  }
}
isLeader: false
bytesWritten: 0
 from dn=49dd84ae-7ec9-4d92-bc53-345946144fea(localhost/127.0.0.1).
java.io.IOException: Datanode=49dd84ae-7ec9-4d92-bc53-345946144fea(localhost/127.0.0.1) not part of pipeline=PipelineID=117721e1-84b0-442b-bd9d-b5b4ee72daef
	at org.apache.hadoop.hdds.scm.pipeline.Pipeline.reportDatanode(Pipeline.java:336)
	at org.apache.hadoop.hdds.scm.pipeline.PipelineReportHandler.setReportedDatanode(PipelineReportHandler.java:154)
	at org.apache.hadoop.hdds.scm.pipeline.PipelineReportHandler.processPipelineReport(PipelineReportHandler.java:129)
	at org.apache.hadoop.hdds.scm.pipeline.PipelineReportHandler.onMessage(PipelineReportHandler.java:88)
	at org.apache.hadoop.hdds.scm.pipeline.PipelineReportHandler.onMessage(PipelineReportHandler.java:47)
	at org.apache.hadoop.hdds.server.events.SingleThreadExecutor.lambda$onMessage$1(SingleThreadExecutor.java:84)
	at java.base/java.util.concurrent.ThreadPoolExecutor.runWorker(ThreadPoolExecutor.java:1144)
	at java.base/java.util.concurrent.ThreadPoolExecutor$Worker.run(ThreadPoolExecutor.java:642)
	at java.base/java.lang.Thread.run(Thread.java:1583)
2025-02-19 06:38:38,476 [EventQueue-PipelineReportForPipelineReportHandler] ERROR pipeline.PipelineReportHandler (PipelineReportHandler.java:onMessage(95)) - Could not process pipeline report=pipelineID {
  id: "f1258f91-374d-44ac-9d89-7bef1d680e9b"
  uuid128 {
    mostSigBits: -1070291482569784148
    leastSigBits: -7095003471024746853
  }
}
isLeader: false
bytesWritten: 0
 from dn=49dd84ae-7ec9-4d92-bc53-345946144fea(localhost/127.0.0.1).
java.io.IOException: Datanode=49dd84ae-7ec9-4d92-bc53-345946144fea(localhost/127.0.0.1) not part of pipeline=PipelineID=f1258f91-374d-44ac-9d89-7bef1d680e9b
	at org.apache.hadoop.hdds.scm.pipeline.Pipeline.reportDatanode(Pipeline.java:336)
	at org.apache.hadoop.hdds.scm.pipeline.PipelineReportHandler.setReportedDatanode(PipelineReportHandler.java:154)
	at org.apache.hadoop.hdds.scm.pipeline.PipelineReportHandler.processPipelineReport(PipelineReportHandler.java:129)
	at org.apache.hadoop.hdds.scm.pipeline.PipelineReportHandler.onMessage(PipelineReportHandler.java:88)
	at org.apache.hadoop.hdds.scm.pipeline.PipelineReportHandler.onMessage(PipelineReportHandler.java:47)
	at org.apache.hadoop.hdds.server.events.SingleThreadExecutor.lambda$onMessage$1(SingleThreadExecutor.java:84)
	at java.base/java.util.concurrent.ThreadPoolExecutor.runWorker(ThreadPoolExecutor.java:1144)
	at java.base/java.util.concurrent.ThreadPoolExecutor$Worker.run(ThreadPoolExecutor.java:642)
	at java.base/java.lang.Thread.run(Thread.java:1583)
2025-02-19 06:38:38,476 [EventQueue-PipelineReportForPipelineReportHandler] ERROR pipeline.PipelineReportHandler (PipelineReportHandler.java:onMessage(95)) - Could not process pipeline report=pipelineID {
  id: "117721e1-84b0-442b-bd9d-b5b4ee72daef"
  uuid128 {
    mostSigBits: 1258511873350845483
    leastSigBits: -4783467440498353425
  }
}
isLeader: false
bytesWritten: 0
 from dn=49dd84ae-7ec9-4d92-bc53-345946144fea(localhost/127.0.0.1).
java.io.IOException: Datanode=49dd84ae-7ec9-4d92-bc53-345946144fea(localhost/127.0.0.1) not part of pipeline=PipelineID=117721e1-84b0-442b-bd9d-b5b4ee72daef
	at org.apache.hadoop.hdds.scm.pipeline.Pipeline.reportDatanode(Pipeline.java:336)
	at org.apache.hadoop.hdds.scm.pipeline.PipelineReportHandler.setReportedDatanode(PipelineReportHandler.java:154)
	at org.apache.hadoop.hdds.scm.pipeline.PipelineReportHandler.processPipelineReport(PipelineReportHandler.java:129)
	at org.apache.hadoop.hdds.scm.pipeline.PipelineReportHandler.onMessage(PipelineReportHandler.java:88)
	at org.apache.hadoop.hdds.scm.pipeline.PipelineReportHandler.onMessage(PipelineReportHandler.java:47)
	at org.apache.hadoop.hdds.server.events.SingleThreadExecutor.lambda$onMessage$1(SingleThreadExecutor.java:84)
	at java.base/java.util.concurrent.ThreadPoolExecutor.runWorker(ThreadPoolExecutor.java:1144)
	at java.base/java.util.concurrent.ThreadPoolExecutor$Worker.run(ThreadPoolExecutor.java:642)
	at java.base/java.lang.Thread.run(Thread.java:1583)
2025-02-19 06:38:38,499 [timer6] WARN  server.GrpcLogAppender (GrpcLogAppender.java:timeoutAppendRequest(441)) - 25fe7083-9332-4190-accf-9f4542114dd9@group-B5B4EE72DAEF->62ffdddc-aaf0-4ce5-9810-4c181ebbf473-GrpcLogAppender: Timed out HEARTBEAT appendEntries, errorCount=11, request=AppendEntriesRequest:cid=4712,entriesCount=0
2025-02-19 06:38:38,544 [timer1] WARN  server.GrpcLogAppender (GrpcLogAppender.java:timeoutAppendRequest(441)) - eb965ba7-12a8-46f3-92c0-bc6ff5b3bf3b@group-81341F4E2824->62ffdddc-aaf0-4ce5-9810-4c181ebbf473-GrpcLogAppender: Timed out HEARTBEAT appendEntries, errorCount=71, request=AppendEntriesRequest:cid=9297,entriesCount=0
2025-02-19 06:38:38,877 [EventQueue-PipelineReportForPipelineReportHandler] ERROR pipeline.PipelineReportHandler (PipelineReportHandler.java:onMessage(95)) - Could not process pipeline report=pipelineID {
  id: "f1258f91-374d-44ac-9d89-7bef1d680e9b"
  uuid128 {
    mostSigBits: -1070291482569784148
    leastSigBits: -7095003471024746853
  }
}
isLeader: false
bytesWritten: 0
 from dn=49dd84ae-7ec9-4d92-bc53-345946144fea(localhost/127.0.0.1).
java.io.IOException: Datanode=49dd84ae-7ec9-4d92-bc53-345946144fea(localhost/127.0.0.1) not part of pipeline=PipelineID=f1258f91-374d-44ac-9d89-7bef1d680e9b
	at org.apache.hadoop.hdds.scm.pipeline.Pipeline.reportDatanode(Pipeline.java:336)
	at org.apache.hadoop.hdds.scm.pipeline.PipelineReportHandler.setReportedDatanode(PipelineReportHandler.java:154)
	at org.apache.hadoop.hdds.scm.pipeline.PipelineReportHandler.processPipelineReport(PipelineReportHandler.java:129)
	at org.apache.hadoop.hdds.scm.pipeline.PipelineReportHandler.onMessage(PipelineReportHandler.java:88)
	at org.apache.hadoop.hdds.scm.pipeline.PipelineReportHandler.onMessage(PipelineReportHandler.java:47)
	at org.apache.hadoop.hdds.server.events.SingleThreadExecutor.lambda$onMessage$1(SingleThreadExecutor.java:84)
	at java.base/java.util.concurrent.ThreadPoolExecutor.runWorker(ThreadPoolExecutor.java:1144)
	at java.base/java.util.concurrent.ThreadPoolExecutor$Worker.run(ThreadPoolExecutor.java:642)
	at java.base/java.lang.Thread.run(Thread.java:1583)
2025-02-19 06:38:38,877 [EventQueue-PipelineReportForPipelineReportHandler] ERROR pipeline.PipelineReportHandler (PipelineReportHandler.java:onMessage(95)) - Could not process pipeline report=pipelineID {
  id: "117721e1-84b0-442b-bd9d-b5b4ee72daef"
  uuid128 {
    mostSigBits: 1258511873350845483
    leastSigBits: -4783467440498353425
  }
}
isLeader: false
bytesWritten: 0
 from dn=49dd84ae-7ec9-4d92-bc53-345946144fea(localhost/127.0.0.1).
java.io.IOException: Datanode=49dd84ae-7ec9-4d92-bc53-345946144fea(localhost/127.0.0.1) not part of pipeline=PipelineID=117721e1-84b0-442b-bd9d-b5b4ee72daef
	at org.apache.hadoop.hdds.scm.pipeline.Pipeline.reportDatanode(Pipeline.java:336)
	at org.apache.hadoop.hdds.scm.pipeline.PipelineReportHandler.setReportedDatanode(PipelineReportHandler.java:154)
	at org.apache.hadoop.hdds.scm.pipeline.PipelineReportHandler.processPipelineReport(PipelineReportHandler.java:129)
	at org.apache.hadoop.hdds.scm.pipeline.PipelineReportHandler.onMessage(PipelineReportHandler.java:88)
	at org.apache.hadoop.hdds.scm.pipeline.PipelineReportHandler.onMessage(PipelineReportHandler.java:47)
	at org.apache.hadoop.hdds.server.events.SingleThreadExecutor.lambda$onMessage$1(SingleThreadExecutor.java:84)
	at java.base/java.util.concurrent.ThreadPoolExecutor.runWorker(ThreadPoolExecutor.java:1144)
	at java.base/java.util.concurrent.ThreadPoolExecutor$Worker.run(ThreadPoolExecutor.java:642)
	at java.base/java.lang.Thread.run(Thread.java:1583)
2025-02-19 06:38:39,078 [EventQueue-PipelineReportForPipelineReportHandler] ERROR pipeline.PipelineReportHandler (PipelineReportHandler.java:onMessage(95)) - Could not process pipeline report=pipelineID {
  id: "f1258f91-374d-44ac-9d89-7bef1d680e9b"
  uuid128 {
    mostSigBits: -1070291482569784148
    leastSigBits: -7095003471024746853
  }
}
isLeader: false
bytesWritten: 0
 from dn=49dd84ae-7ec9-4d92-bc53-345946144fea(localhost/127.0.0.1).
java.io.IOException: Datanode=49dd84ae-7ec9-4d92-bc53-345946144fea(localhost/127.0.0.1) not part of pipeline=PipelineID=f1258f91-374d-44ac-9d89-7bef1d680e9b
	at org.apache.hadoop.hdds.scm.pipeline.Pipeline.reportDatanode(Pipeline.java:336)
	at org.apache.hadoop.hdds.scm.pipeline.PipelineReportHandler.setReportedDatanode(PipelineReportHandler.java:154)
	at org.apache.hadoop.hdds.scm.pipeline.PipelineReportHandler.processPipelineReport(PipelineReportHandler.java:129)
	at org.apache.hadoop.hdds.scm.pipeline.PipelineReportHandler.onMessage(PipelineReportHandler.java:88)
	at org.apache.hadoop.hdds.scm.pipeline.PipelineReportHandler.onMessage(PipelineReportHandler.java:47)
	at org.apache.hadoop.hdds.server.events.SingleThreadExecutor.lambda$onMessage$1(SingleThreadExecutor.java:84)
	at java.base/java.util.concurrent.ThreadPoolExecutor.runWorker(ThreadPoolExecutor.java:1144)
	at java.base/java.util.concurrent.ThreadPoolExecutor$Worker.run(ThreadPoolExecutor.java:642)
	at java.base/java.lang.Thread.run(Thread.java:1583)
2025-02-19 06:38:39,078 [EventQueue-PipelineReportForPipelineReportHandler] ERROR pipeline.PipelineReportHandler (PipelineReportHandler.java:onMessage(95)) - Could not process pipeline report=pipelineID {
  id: "117721e1-84b0-442b-bd9d-b5b4ee72daef"
  uuid128 {
    mostSigBits: 1258511873350845483
    leastSigBits: -4783467440498353425
  }
}
isLeader: false
bytesWritten: 0
 from dn=49dd84ae-7ec9-4d92-bc53-345946144fea(localhost/127.0.0.1).
java.io.IOException: Datanode=49dd84ae-7ec9-4d92-bc53-345946144fea(localhost/127.0.0.1) not part of pipeline=PipelineID=117721e1-84b0-442b-bd9d-b5b4ee72daef
	at org.apache.hadoop.hdds.scm.pipeline.Pipeline.reportDatanode(Pipeline.java:336)
	at org.apache.hadoop.hdds.scm.pipeline.PipelineReportHandler.setReportedDatanode(PipelineReportHandler.java:154)
	at org.apache.hadoop.hdds.scm.pipeline.PipelineReportHandler.processPipelineReport(PipelineReportHandler.java:129)
	at org.apache.hadoop.hdds.scm.pipeline.PipelineReportHandler.onMessage(PipelineReportHandler.java:88)
	at org.apache.hadoop.hdds.scm.pipeline.PipelineReportHandler.onMessage(PipelineReportHandler.java:47)
	at org.apache.hadoop.hdds.server.events.SingleThreadExecutor.lambda$onMessage$1(SingleThreadExecutor.java:84)
	at java.base/java.util.concurrent.ThreadPoolExecutor.runWorker(ThreadPoolExecutor.java:1144)
	at java.base/java.util.concurrent.ThreadPoolExecutor$Worker.run(ThreadPoolExecutor.java:642)
	at java.base/java.lang.Thread.run(Thread.java:1583)
2025-02-19 06:38:39,477 [EventQueue-PipelineReportForPipelineReportHandler] ERROR pipeline.PipelineReportHandler (PipelineReportHandler.java:onMessage(95)) - Could not process pipeline report=pipelineID {
  id: "f1258f91-374d-44ac-9d89-7bef1d680e9b"
  uuid128 {
    mostSigBits: -1070291482569784148
    leastSigBits: -7095003471024746853
  }
}
isLeader: false
bytesWritten: 0
 from dn=49dd84ae-7ec9-4d92-bc53-345946144fea(localhost/127.0.0.1).
java.io.IOException: Datanode=49dd84ae-7ec9-4d92-bc53-345946144fea(localhost/127.0.0.1) not part of pipeline=PipelineID=f1258f91-374d-44ac-9d89-7bef1d680e9b
	at org.apache.hadoop.hdds.scm.pipeline.Pipeline.reportDatanode(Pipeline.java:336)
	at org.apache.hadoop.hdds.scm.pipeline.PipelineReportHandler.setReportedDatanode(PipelineReportHandler.java:154)
	at org.apache.hadoop.hdds.scm.pipeline.PipelineReportHandler.processPipelineReport(PipelineReportHandler.java:129)
	at org.apache.hadoop.hdds.scm.pipeline.PipelineReportHandler.onMessage(PipelineReportHandler.java:88)
	at org.apache.hadoop.hdds.scm.pipeline.PipelineReportHandler.onMessage(PipelineReportHandler.java:47)
	at org.apache.hadoop.hdds.server.events.SingleThreadExecutor.lambda$onMessage$1(SingleThreadExecutor.java:84)
	at java.base/java.util.concurrent.ThreadPoolExecutor.runWorker(ThreadPoolExecutor.java:1144)
	at java.base/java.util.concurrent.ThreadPoolExecutor$Worker.run(ThreadPoolExecutor.java:642)
	at java.base/java.lang.Thread.run(Thread.java:1583)
2025-02-19 06:38:39,477 [EventQueue-PipelineReportForPipelineReportHandler] ERROR pipeline.PipelineReportHandler (PipelineReportHandler.java:onMessage(95)) - Could not process pipeline report=pipelineID {
  id: "117721e1-84b0-442b-bd9d-b5b4ee72daef"
  uuid128 {
    mostSigBits: 1258511873350845483
    leastSigBits: -4783467440498353425
  }
}
isLeader: false
bytesWritten: 0
 from dn=49dd84ae-7ec9-4d92-bc53-345946144fea(localhost/127.0.0.1).
java.io.IOException: Datanode=49dd84ae-7ec9-4d92-bc53-345946144fea(localhost/127.0.0.1) not part of pipeline=PipelineID=117721e1-84b0-442b-bd9d-b5b4ee72daef
	at org.apache.hadoop.hdds.scm.pipeline.Pipeline.reportDatanode(Pipeline.java:336)
	at org.apache.hadoop.hdds.scm.pipeline.PipelineReportHandler.setReportedDatanode(PipelineReportHandler.java:154)
	at org.apache.hadoop.hdds.scm.pipeline.PipelineReportHandler.processPipelineReport(PipelineReportHandler.java:129)
	at org.apache.hadoop.hdds.scm.pipeline.PipelineReportHandler.onMessage(PipelineReportHandler.java:88)
	at org.apache.hadoop.hdds.scm.pipeline.PipelineReportHandler.onMessage(PipelineReportHandler.java:47)
	at org.apache.hadoop.hdds.server.events.SingleThreadExecutor.lambda$onMessage$1(SingleThreadExecutor.java:84)
	at java.base/java.util.concurrent.ThreadPoolExecutor.runWorker(ThreadPoolExecutor.java:1144)
	at java.base/java.util.concurrent.ThreadPoolExecutor$Worker.run(ThreadPoolExecutor.java:642)
	at java.base/java.lang.Thread.run(Thread.java:1583)
2025-02-19 06:38:39,677 [EventQueue-PipelineReportForPipelineReportHandler] ERROR pipeline.PipelineReportHandler (PipelineReportHandler.java:onMessage(95)) - Could not process pipeline report=pipelineID {
  id: "f1258f91-374d-44ac-9d89-7bef1d680e9b"
  uuid128 {
    mostSigBits: -1070291482569784148
    leastSigBits: -7095003471024746853
  }
}
isLeader: false
bytesWritten: 0
 from dn=49dd84ae-7ec9-4d92-bc53-345946144fea(localhost/127.0.0.1).
java.io.IOException: Datanode=49dd84ae-7ec9-4d92-bc53-345946144fea(localhost/127.0.0.1) not part of pipeline=PipelineID=f1258f91-374d-44ac-9d89-7bef1d680e9b
	at org.apache.hadoop.hdds.scm.pipeline.Pipeline.reportDatanode(Pipeline.java:336)
	at org.apache.hadoop.hdds.scm.pipeline.PipelineReportHandler.setReportedDatanode(PipelineReportHandler.java:154)
	at org.apache.hadoop.hdds.scm.pipeline.PipelineReportHandler.processPipelineReport(PipelineReportHandler.java:129)
	at org.apache.hadoop.hdds.scm.pipeline.PipelineReportHandler.onMessage(PipelineReportHandler.java:88)
	at org.apache.hadoop.hdds.scm.pipeline.PipelineReportHandler.onMessage(PipelineReportHandler.java:47)
	at org.apache.hadoop.hdds.server.events.SingleThreadExecutor.lambda$onMessage$1(SingleThreadExecutor.java:84)
	at java.base/java.util.concurrent.ThreadPoolExecutor.runWorker(ThreadPoolExecutor.java:1144)
	at java.base/java.util.concurrent.ThreadPoolExecutor$Worker.run(ThreadPoolExecutor.java:642)
	at java.base/java.lang.Thread.run(Thread.java:1583)
2025-02-19 06:38:39,678 [EventQueue-PipelineReportForPipelineReportHandler] ERROR pipeline.PipelineReportHandler (PipelineReportHandler.java:onMessage(95)) - Could not process pipeline report=pipelineID {
  id: "117721e1-84b0-442b-bd9d-b5b4ee72daef"
  uuid128 {
    mostSigBits: 1258511873350845483
    leastSigBits: -4783467440498353425
  }
}
isLeader: false
bytesWritten: 0
 from dn=49dd84ae-7ec9-4d92-bc53-345946144fea(localhost/127.0.0.1).
java.io.IOException: Datanode=49dd84ae-7ec9-4d92-bc53-345946144fea(localhost/127.0.0.1) not part of pipeline=PipelineID=117721e1-84b0-442b-bd9d-b5b4ee72daef
	at org.apache.hadoop.hdds.scm.pipeline.Pipeline.reportDatanode(Pipeline.java:336)
	at org.apache.hadoop.hdds.scm.pipeline.PipelineReportHandler.setReportedDatanode(PipelineReportHandler.java:154)
	at org.apache.hadoop.hdds.scm.pipeline.PipelineReportHandler.processPipelineReport(PipelineReportHandler.java:129)
	at org.apache.hadoop.hdds.scm.pipeline.PipelineReportHandler.onMessage(PipelineReportHandler.java:88)
	at org.apache.hadoop.hdds.scm.pipeline.PipelineReportHandler.onMessage(PipelineReportHandler.java:47)
	at org.apache.hadoop.hdds.server.events.SingleThreadExecutor.lambda$onMessage$1(SingleThreadExecutor.java:84)
	at java.base/java.util.concurrent.ThreadPoolExecutor.runWorker(ThreadPoolExecutor.java:1144)
	at java.base/java.util.concurrent.ThreadPoolExecutor$Worker.run(ThreadPoolExecutor.java:642)
	at java.base/java.lang.Thread.run(Thread.java:1583)
2025-02-19 06:38:39,750 [timer4] WARN  server.GrpcLogAppender (GrpcLogAppender.java:timeoutAppendRequest(441)) - 25fe7083-9332-4190-accf-9f4542114dd9@group-B5B4EE72DAEF->62ffdddc-aaf0-4ce5-9810-4c181ebbf473-GrpcLogAppender: Timed out HEARTBEAT appendEntries, errorCount=12, request=AppendEntriesRequest:cid=4713,entriesCount=0
2025-02-19 06:38:39,828 [EventQueue-StaleNodeForStaleNodeHandler] INFO  node.StaleNodeHandler (StaleNodeHandler.java:onMessage(55)) - Datanode 62ffdddc-aaf0-4ce5-9810-4c181ebbf473(localhost/127.0.0.1) moved to stale state. Finalizing its pipelines [PipelineID=f1258f91-374d-44ac-9d89-7bef1d680e9b, PipelineID=117721e1-84b0-442b-bd9d-b5b4ee72daef, PipelineID=e1fc892c-095b-4650-8f0f-81341f4e2824]
2025-02-19 06:38:39,831 [EventQueue-StaleNodeForStaleNodeHandler] INFO  pipeline.PipelineManagerImpl (PipelineManagerImpl.java:closePipeline(516)) - Pipeline PipelineID=f1258f91-374d-44ac-9d89-7bef1d680e9b moved to CLOSED state
2025-02-19 06:38:39,832 [EventQueue-StaleNodeForStaleNodeHandler] INFO  pipeline.PipelineManagerImpl (PipelineManagerImpl.java:closePipeline(516)) - Pipeline PipelineID=117721e1-84b0-442b-bd9d-b5b4ee72daef moved to CLOSED state
2025-02-19 06:38:39,833 [EventQueue-StaleNodeForStaleNodeHandler] INFO  pipeline.PipelineManagerImpl (PipelineManagerImpl.java:closeContainersForPipeline(482)) - Container #11 closed for pipeline=PipelineID=e1fc892c-095b-4650-8f0f-81341f4e2824
2025-02-19 06:38:39,833 [EventQueue-CloseContainerForCloseContainerEventHandler] INFO  container.CloseContainerEventHandler (CloseContainerEventHandler.java:onMessage(88)) - Close container Event triggered for container : #11, current state: CLOSING
2025-02-19 06:38:39,834 [EventQueue-StaleNodeForStaleNodeHandler] INFO  pipeline.PipelineManagerImpl (PipelineManagerImpl.java:closePipeline(516)) - Pipeline PipelineID=e1fc892c-095b-4650-8f0f-81341f4e2824 moved to CLOSED state
2025-02-19 06:38:40,078 [EventQueue-PipelineReportForPipelineReportHandler] ERROR pipeline.PipelineReportHandler (PipelineReportHandler.java:onMessage(95)) - Could not process pipeline report=pipelineID {
  id: "f1258f91-374d-44ac-9d89-7bef1d680e9b"
  uuid128 {
    mostSigBits: -1070291482569784148
    leastSigBits: -7095003471024746853
  }
}
isLeader: false
bytesWritten: 0
 from dn=49dd84ae-7ec9-4d92-bc53-345946144fea(localhost/127.0.0.1).
java.io.IOException: Datanode=49dd84ae-7ec9-4d92-bc53-345946144fea(localhost/127.0.0.1) not part of pipeline=PipelineID=f1258f91-374d-44ac-9d89-7bef1d680e9b
	at org.apache.hadoop.hdds.scm.pipeline.Pipeline.reportDatanode(Pipeline.java:336)
	at org.apache.hadoop.hdds.scm.pipeline.PipelineReportHandler.setReportedDatanode(PipelineReportHandler.java:154)
	at org.apache.hadoop.hdds.scm.pipeline.PipelineReportHandler.processPipelineReport(PipelineReportHandler.java:129)
	at org.apache.hadoop.hdds.scm.pipeline.PipelineReportHandler.onMessage(PipelineReportHandler.java:88)
	at org.apache.hadoop.hdds.scm.pipeline.PipelineReportHandler.onMessage(PipelineReportHandler.java:47)
	at org.apache.hadoop.hdds.server.events.SingleThreadExecutor.lambda$onMessage$1(SingleThreadExecutor.java:84)
	at java.base/java.util.concurrent.ThreadPoolExecutor.runWorker(ThreadPoolExecutor.java:1144)
	at java.base/java.util.concurrent.ThreadPoolExecutor$Worker.run(ThreadPoolExecutor.java:642)
	at java.base/java.lang.Thread.run(Thread.java:1583)
2025-02-19 06:38:40,078 [EventQueue-PipelineReportForPipelineReportHandler] ERROR pipeline.PipelineReportHandler (PipelineReportHandler.java:onMessage(95)) - Could not process pipeline report=pipelineID {
  id: "117721e1-84b0-442b-bd9d-b5b4ee72daef"
  uuid128 {
    mostSigBits: 1258511873350845483
    leastSigBits: -4783467440498353425
  }
}
isLeader: false
bytesWritten: 0
 from dn=49dd84ae-7ec9-4d92-bc53-345946144fea(localhost/127.0.0.1).
java.io.IOException: Datanode=49dd84ae-7ec9-4d92-bc53-345946144fea(localhost/127.0.0.1) not part of pipeline=PipelineID=117721e1-84b0-442b-bd9d-b5b4ee72daef
	at org.apache.hadoop.hdds.scm.pipeline.Pipeline.reportDatanode(Pipeline.java:336)
	at org.apache.hadoop.hdds.scm.pipeline.PipelineReportHandler.setReportedDatanode(PipelineReportHandler.java:154)
	at org.apache.hadoop.hdds.scm.pipeline.PipelineReportHandler.processPipelineReport(PipelineReportHandler.java:129)
	at org.apache.hadoop.hdds.scm.pipeline.PipelineReportHandler.onMessage(PipelineReportHandler.java:88)
	at org.apache.hadoop.hdds.scm.pipeline.PipelineReportHandler.onMessage(PipelineReportHandler.java:47)
	at org.apache.hadoop.hdds.server.events.SingleThreadExecutor.lambda$onMessage$1(SingleThreadExecutor.java:84)
	at java.base/java.util.concurrent.ThreadPoolExecutor.runWorker(ThreadPoolExecutor.java:1144)
	at java.base/java.util.concurrent.ThreadPoolExecutor$Worker.run(ThreadPoolExecutor.java:642)
	at java.base/java.lang.Thread.run(Thread.java:1583)
2025-02-19 06:38:40,277 [EventQueue-PipelineReportForPipelineReportHandler] ERROR pipeline.PipelineReportHandler (PipelineReportHandler.java:onMessage(95)) - Could not process pipeline report=pipelineID {
  id: "f1258f91-374d-44ac-9d89-7bef1d680e9b"
  uuid128 {
    mostSigBits: -1070291482569784148
    leastSigBits: -7095003471024746853
  }
}
isLeader: false
bytesWritten: 0
 from dn=49dd84ae-7ec9-4d92-bc53-345946144fea(localhost/127.0.0.1).
java.io.IOException: Datanode=49dd84ae-7ec9-4d92-bc53-345946144fea(localhost/127.0.0.1) not part of pipeline=PipelineID=f1258f91-374d-44ac-9d89-7bef1d680e9b
	at org.apache.hadoop.hdds.scm.pipeline.Pipeline.reportDatanode(Pipeline.java:336)
	at org.apache.hadoop.hdds.scm.pipeline.PipelineReportHandler.setReportedDatanode(PipelineReportHandler.java:154)
	at org.apache.hadoop.hdds.scm.pipeline.PipelineReportHandler.processPipelineReport(PipelineReportHandler.java:129)
	at org.apache.hadoop.hdds.scm.pipeline.PipelineReportHandler.onMessage(PipelineReportHandler.java:88)
	at org.apache.hadoop.hdds.scm.pipeline.PipelineReportHandler.onMessage(PipelineReportHandler.java:47)
	at org.apache.hadoop.hdds.server.events.SingleThreadExecutor.lambda$onMessage$1(SingleThreadExecutor.java:84)
	at java.base/java.util.concurrent.ThreadPoolExecutor.runWorker(ThreadPoolExecutor.java:1144)
	at java.base/java.util.concurrent.ThreadPoolExecutor$Worker.run(ThreadPoolExecutor.java:642)
	at java.base/java.lang.Thread.run(Thread.java:1583)
2025-02-19 06:38:40,277 [EventQueue-PipelineReportForPipelineReportHandler] ERROR pipeline.PipelineReportHandler (PipelineReportHandler.java:onMessage(95)) - Could not process pipeline report=pipelineID {
  id: "117721e1-84b0-442b-bd9d-b5b4ee72daef"
  uuid128 {
    mostSigBits: 1258511873350845483
    leastSigBits: -4783467440498353425
  }
}
isLeader: false
bytesWritten: 0
 from dn=49dd84ae-7ec9-4d92-bc53-345946144fea(localhost/127.0.0.1).
java.io.IOException: Datanode=49dd84ae-7ec9-4d92-bc53-345946144fea(localhost/127.0.0.1) not part of pipeline=PipelineID=117721e1-84b0-442b-bd9d-b5b4ee72daef
	at org.apache.hadoop.hdds.scm.pipeline.Pipeline.reportDatanode(Pipeline.java:336)
	at org.apache.hadoop.hdds.scm.pipeline.PipelineReportHandler.setReportedDatanode(PipelineReportHandler.java:154)
	at org.apache.hadoop.hdds.scm.pipeline.PipelineReportHandler.processPipelineReport(PipelineReportHandler.java:129)
	at org.apache.hadoop.hdds.scm.pipeline.PipelineReportHandler.onMessage(PipelineReportHandler.java:88)
	at org.apache.hadoop.hdds.scm.pipeline.PipelineReportHandler.onMessage(PipelineReportHandler.java:47)
	at org.apache.hadoop.hdds.server.events.SingleThreadExecutor.lambda$onMessage$1(SingleThreadExecutor.java:84)
	at java.base/java.util.concurrent.ThreadPoolExecutor.runWorker(ThreadPoolExecutor.java:1144)
	at java.base/java.util.concurrent.ThreadPoolExecutor$Worker.run(ThreadPoolExecutor.java:642)
	at java.base/java.lang.Thread.run(Thread.java:1583)
2025-02-19 06:38:40,677 [EventQueue-PipelineReportForPipelineReportHandler] ERROR pipeline.PipelineReportHandler (PipelineReportHandler.java:onMessage(95)) - Could not process pipeline report=pipelineID {
  id: "f1258f91-374d-44ac-9d89-7bef1d680e9b"
  uuid128 {
    mostSigBits: -1070291482569784148
    leastSigBits: -7095003471024746853
  }
}
isLeader: false
bytesWritten: 0
 from dn=49dd84ae-7ec9-4d92-bc53-345946144fea(localhost/127.0.0.1).
java.io.IOException: Datanode=49dd84ae-7ec9-4d92-bc53-345946144fea(localhost/127.0.0.1) not part of pipeline=PipelineID=f1258f91-374d-44ac-9d89-7bef1d680e9b
	at org.apache.hadoop.hdds.scm.pipeline.Pipeline.reportDatanode(Pipeline.java:336)
	at org.apache.hadoop.hdds.scm.pipeline.PipelineReportHandler.setReportedDatanode(PipelineReportHandler.java:154)
	at org.apache.hadoop.hdds.scm.pipeline.PipelineReportHandler.processPipelineReport(PipelineReportHandler.java:129)
	at org.apache.hadoop.hdds.scm.pipeline.PipelineReportHandler.onMessage(PipelineReportHandler.java:88)
	at org.apache.hadoop.hdds.scm.pipeline.PipelineReportHandler.onMessage(PipelineReportHandler.java:47)
	at org.apache.hadoop.hdds.server.events.SingleThreadExecutor.lambda$onMessage$1(SingleThreadExecutor.java:84)
	at java.base/java.util.concurrent.ThreadPoolExecutor.runWorker(ThreadPoolExecutor.java:1144)
	at java.base/java.util.concurrent.ThreadPoolExecutor$Worker.run(ThreadPoolExecutor.java:642)
	at java.base/java.lang.Thread.run(Thread.java:1583)
2025-02-19 06:38:40,677 [EventQueue-PipelineReportForPipelineReportHandler] ERROR pipeline.PipelineReportHandler (PipelineReportHandler.java:onMessage(95)) - Could not process pipeline report=pipelineID {
  id: "117721e1-84b0-442b-bd9d-b5b4ee72daef"
  uuid128 {
    mostSigBits: 1258511873350845483
    leastSigBits: -4783467440498353425
  }
}
isLeader: false
bytesWritten: 0
 from dn=49dd84ae-7ec9-4d92-bc53-345946144fea(localhost/127.0.0.1).
java.io.IOException: Datanode=49dd84ae-7ec9-4d92-bc53-345946144fea(localhost/127.0.0.1) not part of pipeline=PipelineID=117721e1-84b0-442b-bd9d-b5b4ee72daef
	at org.apache.hadoop.hdds.scm.pipeline.Pipeline.reportDatanode(Pipeline.java:336)
	at org.apache.hadoop.hdds.scm.pipeline.PipelineReportHandler.setReportedDatanode(PipelineReportHandler.java:154)
	at org.apache.hadoop.hdds.scm.pipeline.PipelineReportHandler.processPipelineReport(PipelineReportHandler.java:129)
	at org.apache.hadoop.hdds.scm.pipeline.PipelineReportHandler.onMessage(PipelineReportHandler.java:88)
	at org.apache.hadoop.hdds.scm.pipeline.PipelineReportHandler.onMessage(PipelineReportHandler.java:47)
	at org.apache.hadoop.hdds.server.events.SingleThreadExecutor.lambda$onMessage$1(SingleThreadExecutor.java:84)
	at java.base/java.util.concurrent.ThreadPoolExecutor.runWorker(ThreadPoolExecutor.java:1144)
	at java.base/java.util.concurrent.ThreadPoolExecutor$Worker.run(ThreadPoolExecutor.java:642)
	at java.base/java.lang.Thread.run(Thread.java:1583)
2025-02-19 06:38:41,000 [timer5] WARN  server.GrpcLogAppender (GrpcLogAppender.java:timeoutAppendRequest(441)) - 25fe7083-9332-4190-accf-9f4542114dd9@group-B5B4EE72DAEF->62ffdddc-aaf0-4ce5-9810-4c181ebbf473-GrpcLogAppender: Timed out HEARTBEAT appendEntries, errorCount=13, request=AppendEntriesRequest:cid=4714,entriesCount=0
2025-02-19 06:38:41,077 [EventQueue-PipelineReportForPipelineReportHandler] ERROR pipeline.PipelineReportHandler (PipelineReportHandler.java:onMessage(95)) - Could not process pipeline report=pipelineID {
  id: "f1258f91-374d-44ac-9d89-7bef1d680e9b"
  uuid128 {
    mostSigBits: -1070291482569784148
    leastSigBits: -7095003471024746853
  }
}
isLeader: false
bytesWritten: 0
 from dn=49dd84ae-7ec9-4d92-bc53-345946144fea(localhost/127.0.0.1).
java.io.IOException: Datanode=49dd84ae-7ec9-4d92-bc53-345946144fea(localhost/127.0.0.1) not part of pipeline=PipelineID=f1258f91-374d-44ac-9d89-7bef1d680e9b
	at org.apache.hadoop.hdds.scm.pipeline.Pipeline.reportDatanode(Pipeline.java:336)
	at org.apache.hadoop.hdds.scm.pipeline.PipelineReportHandler.setReportedDatanode(PipelineReportHandler.java:154)
	at org.apache.hadoop.hdds.scm.pipeline.PipelineReportHandler.processPipelineReport(PipelineReportHandler.java:129)
	at org.apache.hadoop.hdds.scm.pipeline.PipelineReportHandler.onMessage(PipelineReportHandler.java:88)
	at org.apache.hadoop.hdds.scm.pipeline.PipelineReportHandler.onMessage(PipelineReportHandler.java:47)
	at org.apache.hadoop.hdds.server.events.SingleThreadExecutor.lambda$onMessage$1(SingleThreadExecutor.java:84)
	at java.base/java.util.concurrent.ThreadPoolExecutor.runWorker(ThreadPoolExecutor.java:1144)
	at java.base/java.util.concurrent.ThreadPoolExecutor$Worker.run(ThreadPoolExecutor.java:642)
	at java.base/java.lang.Thread.run(Thread.java:1583)
2025-02-19 06:38:41,077 [EventQueue-PipelineReportForPipelineReportHandler] ERROR pipeline.PipelineReportHandler (PipelineReportHandler.java:onMessage(95)) - Could not process pipeline report=pipelineID {
  id: "117721e1-84b0-442b-bd9d-b5b4ee72daef"
  uuid128 {
    mostSigBits: 1258511873350845483
    leastSigBits: -4783467440498353425
  }
}
isLeader: false
bytesWritten: 0
 from dn=49dd84ae-7ec9-4d92-bc53-345946144fea(localhost/127.0.0.1).
java.io.IOException: Datanode=49dd84ae-7ec9-4d92-bc53-345946144fea(localhost/127.0.0.1) not part of pipeline=PipelineID=117721e1-84b0-442b-bd9d-b5b4ee72daef
	at org.apache.hadoop.hdds.scm.pipeline.Pipeline.reportDatanode(Pipeline.java:336)
	at org.apache.hadoop.hdds.scm.pipeline.PipelineReportHandler.setReportedDatanode(PipelineReportHandler.java:154)
	at org.apache.hadoop.hdds.scm.pipeline.PipelineReportHandler.processPipelineReport(PipelineReportHandler.java:129)
	at org.apache.hadoop.hdds.scm.pipeline.PipelineReportHandler.onMessage(PipelineReportHandler.java:88)
	at org.apache.hadoop.hdds.scm.pipeline.PipelineReportHandler.onMessage(PipelineReportHandler.java:47)
	at org.apache.hadoop.hdds.server.events.SingleThreadExecutor.lambda$onMessage$1(SingleThreadExecutor.java:84)
	at java.base/java.util.concurrent.ThreadPoolExecutor.runWorker(ThreadPoolExecutor.java:1144)
	at java.base/java.util.concurrent.ThreadPoolExecutor$Worker.run(ThreadPoolExecutor.java:642)
	at java.base/java.lang.Thread.run(Thread.java:1583)
2025-02-19 06:38:41,277 [EventQueue-PipelineReportForPipelineReportHandler] ERROR pipeline.PipelineReportHandler (PipelineReportHandler.java:onMessage(95)) - Could not process pipeline report=pipelineID {
  id: "f1258f91-374d-44ac-9d89-7bef1d680e9b"
  uuid128 {
    mostSigBits: -1070291482569784148
    leastSigBits: -7095003471024746853
  }
}
isLeader: false
bytesWritten: 0
 from dn=49dd84ae-7ec9-4d92-bc53-345946144fea(localhost/127.0.0.1).
java.io.IOException: Datanode=49dd84ae-7ec9-4d92-bc53-345946144fea(localhost/127.0.0.1) not part of pipeline=PipelineID=f1258f91-374d-44ac-9d89-7bef1d680e9b
	at org.apache.hadoop.hdds.scm.pipeline.Pipeline.reportDatanode(Pipeline.java:336)
	at org.apache.hadoop.hdds.scm.pipeline.PipelineReportHandler.setReportedDatanode(PipelineReportHandler.java:154)
	at org.apache.hadoop.hdds.scm.pipeline.PipelineReportHandler.processPipelineReport(PipelineReportHandler.java:129)
	at org.apache.hadoop.hdds.scm.pipeline.PipelineReportHandler.onMessage(PipelineReportHandler.java:88)
	at org.apache.hadoop.hdds.scm.pipeline.PipelineReportHandler.onMessage(PipelineReportHandler.java:47)
	at org.apache.hadoop.hdds.server.events.SingleThreadExecutor.lambda$onMessage$1(SingleThreadExecutor.java:84)
	at java.base/java.util.concurrent.ThreadPoolExecutor.runWorker(ThreadPoolExecutor.java:1144)
	at java.base/java.util.concurrent.ThreadPoolExecutor$Worker.run(ThreadPoolExecutor.java:642)
	at java.base/java.lang.Thread.run(Thread.java:1583)
2025-02-19 06:38:41,278 [EventQueue-PipelineReportForPipelineReportHandler] ERROR pipeline.PipelineReportHandler (PipelineReportHandler.java:onMessage(95)) - Could not process pipeline report=pipelineID {
  id: "117721e1-84b0-442b-bd9d-b5b4ee72daef"
  uuid128 {
    mostSigBits: 1258511873350845483
    leastSigBits: -4783467440498353425
  }
}
isLeader: false
bytesWritten: 0
 from dn=49dd84ae-7ec9-4d92-bc53-345946144fea(localhost/127.0.0.1).
java.io.IOException: Datanode=49dd84ae-7ec9-4d92-bc53-345946144fea(localhost/127.0.0.1) not part of pipeline=PipelineID=117721e1-84b0-442b-bd9d-b5b4ee72daef
	at org.apache.hadoop.hdds.scm.pipeline.Pipeline.reportDatanode(Pipeline.java:336)
	at org.apache.hadoop.hdds.scm.pipeline.PipelineReportHandler.setReportedDatanode(PipelineReportHandler.java:154)
	at org.apache.hadoop.hdds.scm.pipeline.PipelineReportHandler.processPipelineReport(PipelineReportHandler.java:129)
	at org.apache.hadoop.hdds.scm.pipeline.PipelineReportHandler.onMessage(PipelineReportHandler.java:88)
	at org.apache.hadoop.hdds.scm.pipeline.PipelineReportHandler.onMessage(PipelineReportHandler.java:47)
	at org.apache.hadoop.hdds.server.events.SingleThreadExecutor.lambda$onMessage$1(SingleThreadExecutor.java:84)
	at java.base/java.util.concurrent.ThreadPoolExecutor.runWorker(ThreadPoolExecutor.java:1144)
	at java.base/java.util.concurrent.ThreadPoolExecutor$Worker.run(ThreadPoolExecutor.java:642)
	at java.base/java.lang.Thread.run(Thread.java:1583)
2025-02-19 06:38:41,495 [25fe7083-9332-4190-accf-9f4542114dd9@group-B5B4EE72DAEF-LeaderStateImpl] INFO  impl.TransferLeadership (TransferLeadership.java:tryTransferLeadership(258)) - 25fe7083-9332-4190-accf-9f4542114dd9@group-B5B4EE72DAEF: start transferring leadership to 62ffdddc-aaf0-4ce5-9810-4c181ebbf473
2025-02-19 06:38:41,495 [25fe7083-9332-4190-accf-9f4542114dd9@group-B5B4EE72DAEF-LeaderStateImpl] INFO  impl.TransferLeadership (TransferLeadership.java:sendStartLeaderElection(210)) - 25fe7083-9332-4190-accf-9f4542114dd9@group-B5B4EE72DAEF: sendStartLeaderElection to follower 62ffdddc-aaf0-4ce5-9810-4c181ebbf473, lastEntry=(t:2, i:2)
2025-02-19 06:38:41,495 [25fe7083-9332-4190-accf-9f4542114dd9@group-B5B4EE72DAEF-LeaderStateImpl] INFO  impl.TransferLeadership (TransferLeadership.java:tryTransferLeadership(266)) - 25fe7083-9332-4190-accf-9f4542114dd9@group-B5B4EE72DAEF: SUCCESS sent StartLeaderElection to transferee 62ffdddc-aaf0-4ce5-9810-4c181ebbf473 immediately as it already has up-to-date log
2025-02-19 06:38:41,497 [grpc-default-executor-4] WARN  server.GrpcServerProtocolService (LogUtils.java:warn(121)) - 49dd84ae-7ec9-4d92-bc53-345946144fea: Failed startLeaderElection 25fe7083-9332-4190-accf-9f4542114dd9->62ffdddc-aaf0-4ce5-9810-4c181ebbf473#0: org.apache.ratis.protocol.exceptions.ServerNotReadyException: 49dd84ae-7ec9-4d92-bc53-345946144fea@group-B5B4EE72DAEF is not in [RUNNING]: current state is CLOSED
2025-02-19 06:38:41,498 [25fe7083-9332-4190-accf-9f4542114dd9-server-thread2] WARN  impl.TransferLeadership (TransferLeadership.java:lambda$sendStartLeaderElection$2(227)) - 25fe7083-9332-4190-accf-9f4542114dd9@group-B5B4EE72DAEF: Failed to startLeaderElection for 62ffdddc-aaf0-4ce5-9810-4c181ebbf473
java.util.concurrent.CompletionException: org.apache.ratis.thirdparty.io.grpc.StatusRuntimeException: INTERNAL: 49dd84ae-7ec9-4d92-bc53-345946144fea@group-B5B4EE72DAEF is not in [RUNNING]: current state is CLOSED
	at java.base/java.util.concurrent.CompletableFuture.encodeThrowable(CompletableFuture.java:315)
	at java.base/java.util.concurrent.CompletableFuture.completeThrowable(CompletableFuture.java:320)
	at java.base/java.util.concurrent.CompletableFuture$AsyncSupply.run(CompletableFuture.java:1770)
	at java.base/java.util.concurrent.ThreadPoolExecutor.runWorker(ThreadPoolExecutor.java:1144)
	at java.base/java.util.concurrent.ThreadPoolExecutor$Worker.run(ThreadPoolExecutor.java:642)
	at java.base/java.lang.Thread.run(Thread.java:1583)
Caused by: org.apache.ratis.thirdparty.io.grpc.StatusRuntimeException: INTERNAL: 49dd84ae-7ec9-4d92-bc53-345946144fea@group-B5B4EE72DAEF is not in [RUNNING]: current state is CLOSED
	at org.apache.ratis.thirdparty.io.grpc.stub.ClientCalls.toStatusRuntimeException(ClientCalls.java:268)
	at org.apache.ratis.thirdparty.io.grpc.stub.ClientCalls.getUnchecked(ClientCalls.java:249)
	at org.apache.ratis.thirdparty.io.grpc.stub.ClientCalls.blockingUnaryCall(ClientCalls.java:167)
	at org.apache.ratis.proto.grpc.RaftServerProtocolServiceGrpc$RaftServerProtocolServiceBlockingStub.startLeaderElection(RaftServerProtocolServiceGrpc.java:351)
	at org.apache.ratis.grpc.server.GrpcServerProtocolClient.startLeaderElection(GrpcServerProtocolClient.java:123)
	at org.apache.ratis.grpc.server.GrpcService.startLeaderElection(GrpcService.java:411)
	at org.apache.ratis.server.impl.TransferLeadership.lambda$sendStartLeaderElection$1(TransferLeadership.java:218)
	at java.base/java.util.concurrent.CompletableFuture$AsyncSupply.run(CompletableFuture.java:1768)
	... 3 more
2025-02-19 06:38:41,678 [EventQueue-PipelineReportForPipelineReportHandler] ERROR pipeline.PipelineReportHandler (PipelineReportHandler.java:onMessage(95)) - Could not process pipeline report=pipelineID {
  id: "f1258f91-374d-44ac-9d89-7bef1d680e9b"
  uuid128 {
    mostSigBits: -1070291482569784148
    leastSigBits: -7095003471024746853
  }
}
isLeader: false
bytesWritten: 0
 from dn=49dd84ae-7ec9-4d92-bc53-345946144fea(localhost/127.0.0.1).
java.io.IOException: Datanode=49dd84ae-7ec9-4d92-bc53-345946144fea(localhost/127.0.0.1) not part of pipeline=PipelineID=f1258f91-374d-44ac-9d89-7bef1d680e9b
	at org.apache.hadoop.hdds.scm.pipeline.Pipeline.reportDatanode(Pipeline.java:336)
	at org.apache.hadoop.hdds.scm.pipeline.PipelineReportHandler.setReportedDatanode(PipelineReportHandler.java:154)
	at org.apache.hadoop.hdds.scm.pipeline.PipelineReportHandler.processPipelineReport(PipelineReportHandler.java:129)
	at org.apache.hadoop.hdds.scm.pipeline.PipelineReportHandler.onMessage(PipelineReportHandler.java:88)
	at org.apache.hadoop.hdds.scm.pipeline.PipelineReportHandler.onMessage(PipelineReportHandler.java:47)
	at org.apache.hadoop.hdds.server.events.SingleThreadExecutor.lambda$onMessage$1(SingleThreadExecutor.java:84)
	at java.base/java.util.concurrent.ThreadPoolExecutor.runWorker(ThreadPoolExecutor.java:1144)
	at java.base/java.util.concurrent.ThreadPoolExecutor$Worker.run(ThreadPoolExecutor.java:642)
	at java.base/java.lang.Thread.run(Thread.java:1583)
2025-02-19 06:38:41,678 [EventQueue-PipelineReportForPipelineReportHandler] ERROR pipeline.PipelineReportHandler (PipelineReportHandler.java:onMessage(95)) - Could not process pipeline report=pipelineID {
  id: "117721e1-84b0-442b-bd9d-b5b4ee72daef"
  uuid128 {
    mostSigBits: 1258511873350845483
    leastSigBits: -4783467440498353425
  }
}
isLeader: false
bytesWritten: 0
 from dn=49dd84ae-7ec9-4d92-bc53-345946144fea(localhost/127.0.0.1).
java.io.IOException: Datanode=49dd84ae-7ec9-4d92-bc53-345946144fea(localhost/127.0.0.1) not part of pipeline=PipelineID=117721e1-84b0-442b-bd9d-b5b4ee72daef
	at org.apache.hadoop.hdds.scm.pipeline.Pipeline.reportDatanode(Pipeline.java:336)
	at org.apache.hadoop.hdds.scm.pipeline.PipelineReportHandler.setReportedDatanode(PipelineReportHandler.java:154)
	at org.apache.hadoop.hdds.scm.pipeline.PipelineReportHandler.processPipelineReport(PipelineReportHandler.java:129)
	at org.apache.hadoop.hdds.scm.pipeline.PipelineReportHandler.onMessage(PipelineReportHandler.java:88)
	at org.apache.hadoop.hdds.scm.pipeline.PipelineReportHandler.onMessage(PipelineReportHandler.java:47)
	at org.apache.hadoop.hdds.server.events.SingleThreadExecutor.lambda$onMessage$1(SingleThreadExecutor.java:84)
	at java.base/java.util.concurrent.ThreadPoolExecutor.runWorker(ThreadPoolExecutor.java:1144)
	at java.base/java.util.concurrent.ThreadPoolExecutor$Worker.run(ThreadPoolExecutor.java:642)
	at java.base/java.lang.Thread.run(Thread.java:1583)
2025-02-19 06:38:41,877 [EventQueue-PipelineReportForPipelineReportHandler] ERROR pipeline.PipelineReportHandler (PipelineReportHandler.java:onMessage(95)) - Could not process pipeline report=pipelineID {
  id: "f1258f91-374d-44ac-9d89-7bef1d680e9b"
  uuid128 {
    mostSigBits: -1070291482569784148
    leastSigBits: -7095003471024746853
  }
}
isLeader: false
bytesWritten: 0
 from dn=49dd84ae-7ec9-4d92-bc53-345946144fea(localhost/127.0.0.1).
java.io.IOException: Datanode=49dd84ae-7ec9-4d92-bc53-345946144fea(localhost/127.0.0.1) not part of pipeline=PipelineID=f1258f91-374d-44ac-9d89-7bef1d680e9b
	at org.apache.hadoop.hdds.scm.pipeline.Pipeline.reportDatanode(Pipeline.java:336)
	at org.apache.hadoop.hdds.scm.pipeline.PipelineReportHandler.setReportedDatanode(PipelineReportHandler.java:154)
	at org.apache.hadoop.hdds.scm.pipeline.PipelineReportHandler.processPipelineReport(PipelineReportHandler.java:129)
	at org.apache.hadoop.hdds.scm.pipeline.PipelineReportHandler.onMessage(PipelineReportHandler.java:88)
	at org.apache.hadoop.hdds.scm.pipeline.PipelineReportHandler.onMessage(PipelineReportHandler.java:47)
	at org.apache.hadoop.hdds.server.events.SingleThreadExecutor.lambda$onMessage$1(SingleThreadExecutor.java:84)
	at java.base/java.util.concurrent.ThreadPoolExecutor.runWorker(ThreadPoolExecutor.java:1144)
	at java.base/java.util.concurrent.ThreadPoolExecutor$Worker.run(ThreadPoolExecutor.java:642)
	at java.base/java.lang.Thread.run(Thread.java:1583)
2025-02-19 06:38:41,877 [EventQueue-PipelineReportForPipelineReportHandler] ERROR pipeline.PipelineReportHandler (PipelineReportHandler.java:onMessage(95)) - Could not process pipeline report=pipelineID {
  id: "117721e1-84b0-442b-bd9d-b5b4ee72daef"
  uuid128 {
    mostSigBits: 1258511873350845483
    leastSigBits: -4783467440498353425
  }
}
isLeader: false
bytesWritten: 0
 from dn=49dd84ae-7ec9-4d92-bc53-345946144fea(localhost/127.0.0.1).
java.io.IOException: Datanode=49dd84ae-7ec9-4d92-bc53-345946144fea(localhost/127.0.0.1) not part of pipeline=PipelineID=117721e1-84b0-442b-bd9d-b5b4ee72daef
	at org.apache.hadoop.hdds.scm.pipeline.Pipeline.reportDatanode(Pipeline.java:336)
	at org.apache.hadoop.hdds.scm.pipeline.PipelineReportHandler.setReportedDatanode(PipelineReportHandler.java:154)
	at org.apache.hadoop.hdds.scm.pipeline.PipelineReportHandler.processPipelineReport(PipelineReportHandler.java:129)
	at org.apache.hadoop.hdds.scm.pipeline.PipelineReportHandler.onMessage(PipelineReportHandler.java:88)
	at org.apache.hadoop.hdds.scm.pipeline.PipelineReportHandler.onMessage(PipelineReportHandler.java:47)
	at org.apache.hadoop.hdds.server.events.SingleThreadExecutor.lambda$onMessage$1(SingleThreadExecutor.java:84)
	at java.base/java.util.concurrent.ThreadPoolExecutor.runWorker(ThreadPoolExecutor.java:1144)
	at java.base/java.util.concurrent.ThreadPoolExecutor$Worker.run(ThreadPoolExecutor.java:642)
	at java.base/java.lang.Thread.run(Thread.java:1583)
2025-02-19 06:38:42,251 [timer2] WARN  server.GrpcLogAppender (GrpcLogAppender.java:timeoutAppendRequest(441)) - 25fe7083-9332-4190-accf-9f4542114dd9@group-B5B4EE72DAEF->62ffdddc-aaf0-4ce5-9810-4c181ebbf473-GrpcLogAppender: Timed out HEARTBEAT appendEntries, errorCount=14, request=AppendEntriesRequest:cid=4715,entriesCount=0
2025-02-19 06:38:42,277 [EventQueue-PipelineReportForPipelineReportHandler] ERROR pipeline.PipelineReportHandler (PipelineReportHandler.java:onMessage(95)) - Could not process pipeline report=pipelineID {
  id: "f1258f91-374d-44ac-9d89-7bef1d680e9b"
  uuid128 {
    mostSigBits: -1070291482569784148
    leastSigBits: -7095003471024746853
  }
}
isLeader: false
bytesWritten: 0
 from dn=49dd84ae-7ec9-4d92-bc53-345946144fea(localhost/127.0.0.1).
java.io.IOException: Datanode=49dd84ae-7ec9-4d92-bc53-345946144fea(localhost/127.0.0.1) not part of pipeline=PipelineID=f1258f91-374d-44ac-9d89-7bef1d680e9b
	at org.apache.hadoop.hdds.scm.pipeline.Pipeline.reportDatanode(Pipeline.java:336)
	at org.apache.hadoop.hdds.scm.pipeline.PipelineReportHandler.setReportedDatanode(PipelineReportHandler.java:154)
	at org.apache.hadoop.hdds.scm.pipeline.PipelineReportHandler.processPipelineReport(PipelineReportHandler.java:129)
	at org.apache.hadoop.hdds.scm.pipeline.PipelineReportHandler.onMessage(PipelineReportHandler.java:88)
	at org.apache.hadoop.hdds.scm.pipeline.PipelineReportHandler.onMessage(PipelineReportHandler.java:47)
	at org.apache.hadoop.hdds.server.events.SingleThreadExecutor.lambda$onMessage$1(SingleThreadExecutor.java:84)
	at java.base/java.util.concurrent.ThreadPoolExecutor.runWorker(ThreadPoolExecutor.java:1144)
	at java.base/java.util.concurrent.ThreadPoolExecutor$Worker.run(ThreadPoolExecutor.java:642)
	at java.base/java.lang.Thread.run(Thread.java:1583)
2025-02-19 06:38:42,277 [EventQueue-PipelineReportForPipelineReportHandler] ERROR pipeline.PipelineReportHandler (PipelineReportHandler.java:onMessage(95)) - Could not process pipeline report=pipelineID {
  id: "117721e1-84b0-442b-bd9d-b5b4ee72daef"
  uuid128 {
    mostSigBits: 1258511873350845483
    leastSigBits: -4783467440498353425
  }
}
isLeader: false
bytesWritten: 0
 from dn=49dd84ae-7ec9-4d92-bc53-345946144fea(localhost/127.0.0.1).
java.io.IOException: Datanode=49dd84ae-7ec9-4d92-bc53-345946144fea(localhost/127.0.0.1) not part of pipeline=PipelineID=117721e1-84b0-442b-bd9d-b5b4ee72daef
	at org.apache.hadoop.hdds.scm.pipeline.Pipeline.reportDatanode(Pipeline.java:336)
	at org.apache.hadoop.hdds.scm.pipeline.PipelineReportHandler.setReportedDatanode(PipelineReportHandler.java:154)
	at org.apache.hadoop.hdds.scm.pipeline.PipelineReportHandler.processPipelineReport(PipelineReportHandler.java:129)
	at org.apache.hadoop.hdds.scm.pipeline.PipelineReportHandler.onMessage(PipelineReportHandler.java:88)
	at org.apache.hadoop.hdds.scm.pipeline.PipelineReportHandler.onMessage(PipelineReportHandler.java:47)
	at org.apache.hadoop.hdds.server.events.SingleThreadExecutor.lambda$onMessage$1(SingleThreadExecutor.java:84)
	at java.base/java.util.concurrent.ThreadPoolExecutor.runWorker(ThreadPoolExecutor.java:1144)
	at java.base/java.util.concurrent.ThreadPoolExecutor$Worker.run(ThreadPoolExecutor.java:642)
	at java.base/java.lang.Thread.run(Thread.java:1583)
2025-02-19 06:38:42,390 [25fe7083-9332-4190-accf-9f4542114dd9-BlockDeletingService#0] INFO  interfaces.ContainerDeletionChoosingPolicyTemplate (ContainerDeletionChoosingPolicyTemplate.java:chooseContainerForBlockDeletion(83)) - Chosen 0/5000 blocks from 0 candidate containers.
2025-02-19 06:38:42,478 [EventQueue-PipelineReportForPipelineReportHandler] ERROR pipeline.PipelineReportHandler (PipelineReportHandler.java:onMessage(95)) - Could not process pipeline report=pipelineID {
  id: "f1258f91-374d-44ac-9d89-7bef1d680e9b"
  uuid128 {
    mostSigBits: -1070291482569784148
    leastSigBits: -7095003471024746853
  }
}
isLeader: false
bytesWritten: 0
 from dn=49dd84ae-7ec9-4d92-bc53-345946144fea(localhost/127.0.0.1).
java.io.IOException: Datanode=49dd84ae-7ec9-4d92-bc53-345946144fea(localhost/127.0.0.1) not part of pipeline=PipelineID=f1258f91-374d-44ac-9d89-7bef1d680e9b
	at org.apache.hadoop.hdds.scm.pipeline.Pipeline.reportDatanode(Pipeline.java:336)
	at org.apache.hadoop.hdds.scm.pipeline.PipelineReportHandler.setReportedDatanode(PipelineReportHandler.java:154)
	at org.apache.hadoop.hdds.scm.pipeline.PipelineReportHandler.processPipelineReport(PipelineReportHandler.java:129)
	at org.apache.hadoop.hdds.scm.pipeline.PipelineReportHandler.onMessage(PipelineReportHandler.java:88)
	at org.apache.hadoop.hdds.scm.pipeline.PipelineReportHandler.onMessage(PipelineReportHandler.java:47)
	at org.apache.hadoop.hdds.server.events.SingleThreadExecutor.lambda$onMessage$1(SingleThreadExecutor.java:84)
	at java.base/java.util.concurrent.ThreadPoolExecutor.runWorker(ThreadPoolExecutor.java:1144)
	at java.base/java.util.concurrent.ThreadPoolExecutor$Worker.run(ThreadPoolExecutor.java:642)
	at java.base/java.lang.Thread.run(Thread.java:1583)
2025-02-19 06:38:42,478 [EventQueue-PipelineReportForPipelineReportHandler] ERROR pipeline.PipelineReportHandler (PipelineReportHandler.java:onMessage(95)) - Could not process pipeline report=pipelineID {
  id: "117721e1-84b0-442b-bd9d-b5b4ee72daef"
  uuid128 {
    mostSigBits: 1258511873350845483
    leastSigBits: -4783467440498353425
  }
}
isLeader: false
bytesWritten: 0
 from dn=49dd84ae-7ec9-4d92-bc53-345946144fea(localhost/127.0.0.1).
java.io.IOException: Datanode=49dd84ae-7ec9-4d92-bc53-345946144fea(localhost/127.0.0.1) not part of pipeline=PipelineID=117721e1-84b0-442b-bd9d-b5b4ee72daef
	at org.apache.hadoop.hdds.scm.pipeline.Pipeline.reportDatanode(Pipeline.java:336)
	at org.apache.hadoop.hdds.scm.pipeline.PipelineReportHandler.setReportedDatanode(PipelineReportHandler.java:154)
	at org.apache.hadoop.hdds.scm.pipeline.PipelineReportHandler.processPipelineReport(PipelineReportHandler.java:129)
	at org.apache.hadoop.hdds.scm.pipeline.PipelineReportHandler.onMessage(PipelineReportHandler.java:88)
	at org.apache.hadoop.hdds.scm.pipeline.PipelineReportHandler.onMessage(PipelineReportHandler.java:47)
	at org.apache.hadoop.hdds.server.events.SingleThreadExecutor.lambda$onMessage$1(SingleThreadExecutor.java:84)
	at java.base/java.util.concurrent.ThreadPoolExecutor.runWorker(ThreadPoolExecutor.java:1144)
	at java.base/java.util.concurrent.ThreadPoolExecutor$Worker.run(ThreadPoolExecutor.java:642)
	at java.base/java.lang.Thread.run(Thread.java:1583)
2025-02-19 06:38:42,566 [eb965ba7-12a8-46f3-92c0-bc6ff5b3bf3b-ContainerOp-e1fc892c-095b-4650-8f0f-81341f4e2824-2] INFO  keyvalue.KeyValueContainer (KeyValueContainer.java:flushAndSyncDB(526)) - Container 11 is synced with bcsId 42.
2025-02-19 06:38:42,567 [eb965ba7-12a8-46f3-92c0-bc6ff5b3bf3b-ContainerOp-e1fc892c-095b-4650-8f0f-81341f4e2824-2] INFO  keyvalue.KeyValueContainer (KeyValueContainer.java:flushAndSyncDB(526)) - Container 11 is synced with bcsId 42.
2025-02-19 06:38:42,569 [grpc-default-executor-4] WARN  server.GrpcServerProtocolService (LogUtils.java:warn(123)) - 49dd84ae-7ec9-4d92-bc53-345946144fea: Failed APPEND_ENTRIES request eb965ba7-12a8-46f3-92c0-bc6ff5b3bf3b->62ffdddc-aaf0-4ce5-9810-4c181ebbf473#9299-t1,previous=(t:1, i:16),leaderCommit=46,initializing? false,entries: size=30, first=(t:1, i:17), STATEMACHINELOGENTRY, WRITE: logData.size=154, stateMachineData.size=5, logEntryProtoSerializedSize=0
java.util.concurrent.CompletionException: org.apache.ratis.protocol.exceptions.GroupMismatchException: 49dd84ae-7ec9-4d92-bc53-345946144fea: group-81341F4E2824 not found.
	at java.base/java.util.concurrent.CompletableFuture.encodeThrowable(CompletableFuture.java:332)
	at java.base/java.util.concurrent.CompletableFuture.uniComposeStage(CompletableFuture.java:1177)
	at java.base/java.util.concurrent.CompletableFuture.thenCompose(CompletableFuture.java:2341)
	at org.apache.ratis.server.impl.RaftServerProxy.appendEntriesAsync(RaftServerProxy.java:645)
	at org.apache.ratis.grpc.server.GrpcServerProtocolService$1.process(GrpcServerProtocolService.java:229)
	at org.apache.ratis.grpc.server.GrpcServerProtocolService$1.process(GrpcServerProtocolService.java:226)
	at org.apache.ratis.grpc.server.GrpcServerProtocolService$ServerRequestStreamObserver.onNext(GrpcServerProtocolService.java:137)
	at org.apache.ratis.thirdparty.io.grpc.stub.ServerCalls$StreamingServerCallHandler$StreamingServerCallListener.onMessage(ServerCalls.java:262)
	at org.apache.ratis.thirdparty.io.grpc.internal.ServerCallImpl$ServerStreamListenerImpl.messagesAvailableInternal(ServerCallImpl.java:329)
	at org.apache.ratis.thirdparty.io.grpc.internal.ServerCallImpl$ServerStreamListenerImpl.messagesAvailable(ServerCallImpl.java:314)
	at org.apache.ratis.thirdparty.io.grpc.internal.ServerImpl$JumpToApplicationThreadServerStreamListener$1MessagesAvailable.runInContext(ServerImpl.java:833)
	at org.apache.ratis.thirdparty.io.grpc.internal.ContextRunnable.run(ContextRunnable.java:37)
	at org.apache.ratis.thirdparty.io.grpc.internal.SerializingExecutor.run(SerializingExecutor.java:133)
	at java.base/java.util.concurrent.ThreadPoolExecutor.runWorker(ThreadPoolExecutor.java:1144)
	at java.base/java.util.concurrent.ThreadPoolExecutor$Worker.run(ThreadPoolExecutor.java:642)
	at java.base/java.lang.Thread.run(Thread.java:1583)
Caused by: org.apache.ratis.protocol.exceptions.GroupMismatchException: 49dd84ae-7ec9-4d92-bc53-345946144fea: group-81341F4E2824 not found.
	at org.apache.ratis.server.impl.RaftServerProxy$ImplMap.get(RaftServerProxy.java:155)
	at org.apache.ratis.server.impl.RaftServerProxy.getImplFuture(RaftServerProxy.java:365)
	at org.apache.ratis.server.impl.RaftServerProxy.appendEntriesAsync(RaftServerProxy.java:644)
	... 12 more
2025-02-19 06:38:42,569 [eb965ba7-12a8-46f3-92c0-bc6ff5b3bf3b-ContainerOp-e1fc892c-095b-4650-8f0f-81341f4e2824-2] INFO  keyvalue.KeyValueContainer (KeyValueContainer.java:close(441)) - Container 11 is closed with bcsId 42.
2025-02-19 06:38:42,569 [6b36f32d-918c-46a3-bfcb-888cb423c6dd-ContainerOp-e1fc892c-095b-4650-8f0f-81341f4e2824-3] INFO  keyvalue.KeyValueContainer (KeyValueContainer.java:flushAndSyncDB(526)) - Container 11 is synced with bcsId 42.
2025-02-19 06:38:42,570 [6b36f32d-918c-46a3-bfcb-888cb423c6dd-ContainerOp-e1fc892c-095b-4650-8f0f-81341f4e2824-3] INFO  keyvalue.KeyValueContainer (KeyValueContainer.java:flushAndSyncDB(526)) - Container 11 is synced with bcsId 42.
2025-02-19 06:38:42,572 [grpc-default-executor-2] WARN  server.GrpcLogAppender (LogUtils.java:warn(123)) - eb965ba7-12a8-46f3-92c0-bc6ff5b3bf3b@group-81341F4E2824->62ffdddc-aaf0-4ce5-9810-4c181ebbf473-AppendLogResponseHandler: Failed appendEntries
org.apache.ratis.protocol.exceptions.GroupMismatchException: 49dd84ae-7ec9-4d92-bc53-345946144fea: group-81341F4E2824 not found.
	at org.apache.ratis.server.impl.RaftServerProxy$ImplMap.get(RaftServerProxy.java:155)
	at org.apache.ratis.server.impl.RaftServerProxy.getImplFuture(RaftServerProxy.java:365)
	at org.apache.ratis.server.impl.RaftServerProxy.appendEntriesAsync(RaftServerProxy.java:644)
	at org.apache.ratis.grpc.server.GrpcServerProtocolService$1.process(GrpcServerProtocolService.java:229)
	at org.apache.ratis.grpc.server.GrpcServerProtocolService$1.process(GrpcServerProtocolService.java:226)
	at org.apache.ratis.grpc.server.GrpcServerProtocolService$ServerRequestStreamObserver.onNext(GrpcServerProtocolService.java:137)
	at org.apache.ratis.thirdparty.io.grpc.stub.ServerCalls$StreamingServerCallHandler$StreamingServerCallListener.onMessage(ServerCalls.java:262)
	at org.apache.ratis.thirdparty.io.grpc.internal.ServerCallImpl$ServerStreamListenerImpl.messagesAvailableInternal(ServerCallImpl.java:329)
	at org.apache.ratis.thirdparty.io.grpc.internal.ServerCallImpl$ServerStreamListenerImpl.messagesAvailable(ServerCallImpl.java:314)
	at org.apache.ratis.thirdparty.io.grpc.internal.ServerImpl$JumpToApplicationThreadServerStreamListener$1MessagesAvailable.runInContext(ServerImpl.java:833)
	at org.apache.ratis.thirdparty.io.grpc.internal.ContextRunnable.run(ContextRunnable.java:37)
	at org.apache.ratis.thirdparty.io.grpc.internal.SerializingExecutor.run(SerializingExecutor.java:133)
	at java.base/java.util.concurrent.ThreadPoolExecutor.runWorker(ThreadPoolExecutor.java:1144)
	at java.base/java.util.concurrent.ThreadPoolExecutor$Worker.run(ThreadPoolExecutor.java:642)
	at java.base/java.lang.Thread.run(Thread.java:1583)
2025-02-19 06:38:42,572 [grpc-default-executor-2] INFO  leader.LogAppender (LogAppenderBase.java:lambda$getNextIndexForError$0(215)) - Decrease nextIndex to 17
2025-02-19 06:38:42,572 [grpc-default-executor-2] INFO  leader.LogAppender (LogAppenderBase.java:lambda$getNextIndexForError$0(215)) - Decrease nextIndex to 17
2025-02-19 06:38:42,572 [grpc-default-executor-2] INFO  leader.FollowerInfo (FollowerInfoImpl.java:info(70)) - eb965ba7-12a8-46f3-92c0-bc6ff5b3bf3b@group-81341F4E2824->62ffdddc-aaf0-4ce5-9810-4c181ebbf473: computeNextIndex nextIndex: updateUnconditionally 47 -> 17
2025-02-19 06:38:42,573 [FixedThreadPoolWithAffinityExecutor-0-0] INFO  container.IncrementalContainerReportHandler (AbstractContainerReportHandler.java:updateContainerState(308)) - Moving container #11 to CLOSED state, datanode eb965ba7-12a8-46f3-92c0-bc6ff5b3bf3b(localhost/127.0.0.1) reported CLOSED replica with index 0.
2025-02-19 06:38:42,574 [6b36f32d-918c-46a3-bfcb-888cb423c6dd-ContainerOp-e1fc892c-095b-4650-8f0f-81341f4e2824-3] INFO  keyvalue.KeyValueContainer (KeyValueContainer.java:close(441)) - Container 11 is closed with bcsId 42.
2025-02-19 06:38:42,879 [EventQueue-PipelineReportForPipelineReportHandler] ERROR pipeline.PipelineReportHandler (PipelineReportHandler.java:onMessage(95)) - Could not process pipeline report=pipelineID {
  id: "f1258f91-374d-44ac-9d89-7bef1d680e9b"
  uuid128 {
    mostSigBits: -1070291482569784148
    leastSigBits: -7095003471024746853
  }
}
isLeader: false
bytesWritten: 0
 from dn=49dd84ae-7ec9-4d92-bc53-345946144fea(localhost/127.0.0.1).
java.io.IOException: Datanode=49dd84ae-7ec9-4d92-bc53-345946144fea(localhost/127.0.0.1) not part of pipeline=PipelineID=f1258f91-374d-44ac-9d89-7bef1d680e9b
	at org.apache.hadoop.hdds.scm.pipeline.Pipeline.reportDatanode(Pipeline.java:336)
	at org.apache.hadoop.hdds.scm.pipeline.PipelineReportHandler.setReportedDatanode(PipelineReportHandler.java:154)
	at org.apache.hadoop.hdds.scm.pipeline.PipelineReportHandler.processPipelineReport(PipelineReportHandler.java:129)
	at org.apache.hadoop.hdds.scm.pipeline.PipelineReportHandler.onMessage(PipelineReportHandler.java:88)
	at org.apache.hadoop.hdds.scm.pipeline.PipelineReportHandler.onMessage(PipelineReportHandler.java:47)
	at org.apache.hadoop.hdds.server.events.SingleThreadExecutor.lambda$onMessage$1(SingleThreadExecutor.java:84)
	at java.base/java.util.concurrent.ThreadPoolExecutor.runWorker(ThreadPoolExecutor.java:1144)
	at java.base/java.util.concurrent.ThreadPoolExecutor$Worker.run(ThreadPoolExecutor.java:642)
	at java.base/java.lang.Thread.run(Thread.java:1583)
2025-02-19 06:38:42,879 [EventQueue-PipelineReportForPipelineReportHandler] ERROR pipeline.PipelineReportHandler (PipelineReportHandler.java:onMessage(95)) - Could not process pipeline report=pipelineID {
  id: "117721e1-84b0-442b-bd9d-b5b4ee72daef"
  uuid128 {
    mostSigBits: 1258511873350845483
    leastSigBits: -4783467440498353425
  }
}
isLeader: false
bytesWritten: 0
 from dn=49dd84ae-7ec9-4d92-bc53-345946144fea(localhost/127.0.0.1).
java.io.IOException: Datanode=49dd84ae-7ec9-4d92-bc53-345946144fea(localhost/127.0.0.1) not part of pipeline=PipelineID=117721e1-84b0-442b-bd9d-b5b4ee72daef
	at org.apache.hadoop.hdds.scm.pipeline.Pipeline.reportDatanode(Pipeline.java:336)
	at org.apache.hadoop.hdds.scm.pipeline.PipelineReportHandler.setReportedDatanode(PipelineReportHandler.java:154)
	at org.apache.hadoop.hdds.scm.pipeline.PipelineReportHandler.processPipelineReport(PipelineReportHandler.java:129)
	at org.apache.hadoop.hdds.scm.pipeline.PipelineReportHandler.onMessage(PipelineReportHandler.java:88)
	at org.apache.hadoop.hdds.scm.pipeline.PipelineReportHandler.onMessage(PipelineReportHandler.java:47)
	at org.apache.hadoop.hdds.server.events.SingleThreadExecutor.lambda$onMessage$1(SingleThreadExecutor.java:84)
	at java.base/java.util.concurrent.ThreadPoolExecutor.runWorker(ThreadPoolExecutor.java:1144)
	at java.base/java.util.concurrent.ThreadPoolExecutor$Worker.run(ThreadPoolExecutor.java:642)
	at java.base/java.lang.Thread.run(Thread.java:1583)
2025-02-19 06:38:43,078 [EventQueue-PipelineReportForPipelineReportHandler] ERROR pipeline.PipelineReportHandler (PipelineReportHandler.java:onMessage(95)) - Could not process pipeline report=pipelineID {
  id: "f1258f91-374d-44ac-9d89-7bef1d680e9b"
  uuid128 {
    mostSigBits: -1070291482569784148
    leastSigBits: -7095003471024746853
  }
}
isLeader: false
bytesWritten: 0
 from dn=49dd84ae-7ec9-4d92-bc53-345946144fea(localhost/127.0.0.1).
java.io.IOException: Datanode=49dd84ae-7ec9-4d92-bc53-345946144fea(localhost/127.0.0.1) not part of pipeline=PipelineID=f1258f91-374d-44ac-9d89-7bef1d680e9b
	at org.apache.hadoop.hdds.scm.pipeline.Pipeline.reportDatanode(Pipeline.java:336)
	at org.apache.hadoop.hdds.scm.pipeline.PipelineReportHandler.setReportedDatanode(PipelineReportHandler.java:154)
	at org.apache.hadoop.hdds.scm.pipeline.PipelineReportHandler.processPipelineReport(PipelineReportHandler.java:129)
	at org.apache.hadoop.hdds.scm.pipeline.PipelineReportHandler.onMessage(PipelineReportHandler.java:88)
	at org.apache.hadoop.hdds.scm.pipeline.PipelineReportHandler.onMessage(PipelineReportHandler.java:47)
	at org.apache.hadoop.hdds.server.events.SingleThreadExecutor.lambda$onMessage$1(SingleThreadExecutor.java:84)
	at java.base/java.util.concurrent.ThreadPoolExecutor.runWorker(ThreadPoolExecutor.java:1144)
	at java.base/java.util.concurrent.ThreadPoolExecutor$Worker.run(ThreadPoolExecutor.java:642)
	at java.base/java.lang.Thread.run(Thread.java:1583)
2025-02-19 06:38:43,078 [EventQueue-PipelineReportForPipelineReportHandler] ERROR pipeline.PipelineReportHandler (PipelineReportHandler.java:onMessage(95)) - Could not process pipeline report=pipelineID {
  id: "117721e1-84b0-442b-bd9d-b5b4ee72daef"
  uuid128 {
    mostSigBits: 1258511873350845483
    leastSigBits: -4783467440498353425
  }
}
isLeader: false
bytesWritten: 0
 from dn=49dd84ae-7ec9-4d92-bc53-345946144fea(localhost/127.0.0.1).
java.io.IOException: Datanode=49dd84ae-7ec9-4d92-bc53-345946144fea(localhost/127.0.0.1) not part of pipeline=PipelineID=117721e1-84b0-442b-bd9d-b5b4ee72daef
	at org.apache.hadoop.hdds.scm.pipeline.Pipeline.reportDatanode(Pipeline.java:336)
	at org.apache.hadoop.hdds.scm.pipeline.PipelineReportHandler.setReportedDatanode(PipelineReportHandler.java:154)
	at org.apache.hadoop.hdds.scm.pipeline.PipelineReportHandler.processPipelineReport(PipelineReportHandler.java:129)
	at org.apache.hadoop.hdds.scm.pipeline.PipelineReportHandler.onMessage(PipelineReportHandler.java:88)
	at org.apache.hadoop.hdds.scm.pipeline.PipelineReportHandler.onMessage(PipelineReportHandler.java:47)
	at org.apache.hadoop.hdds.server.events.SingleThreadExecutor.lambda$onMessage$1(SingleThreadExecutor.java:84)
	at java.base/java.util.concurrent.ThreadPoolExecutor.runWorker(ThreadPoolExecutor.java:1144)
	at java.base/java.util.concurrent.ThreadPoolExecutor$Worker.run(ThreadPoolExecutor.java:642)
	at java.base/java.lang.Thread.run(Thread.java:1583)
2025-02-19 06:38:43,478 [EventQueue-PipelineReportForPipelineReportHandler] ERROR pipeline.PipelineReportHandler (PipelineReportHandler.java:onMessage(95)) - Could not process pipeline report=pipelineID {
  id: "f1258f91-374d-44ac-9d89-7bef1d680e9b"
  uuid128 {
    mostSigBits: -1070291482569784148
    leastSigBits: -7095003471024746853
  }
}
isLeader: false
bytesWritten: 0
 from dn=49dd84ae-7ec9-4d92-bc53-345946144fea(localhost/127.0.0.1).
java.io.IOException: Datanode=49dd84ae-7ec9-4d92-bc53-345946144fea(localhost/127.0.0.1) not part of pipeline=PipelineID=f1258f91-374d-44ac-9d89-7bef1d680e9b
	at org.apache.hadoop.hdds.scm.pipeline.Pipeline.reportDatanode(Pipeline.java:336)
	at org.apache.hadoop.hdds.scm.pipeline.PipelineReportHandler.setReportedDatanode(PipelineReportHandler.java:154)
	at org.apache.hadoop.hdds.scm.pipeline.PipelineReportHandler.processPipelineReport(PipelineReportHandler.java:129)
	at org.apache.hadoop.hdds.scm.pipeline.PipelineReportHandler.onMessage(PipelineReportHandler.java:88)
	at org.apache.hadoop.hdds.scm.pipeline.PipelineReportHandler.onMessage(PipelineReportHandler.java:47)
	at org.apache.hadoop.hdds.server.events.SingleThreadExecutor.lambda$onMessage$1(SingleThreadExecutor.java:84)
	at java.base/java.util.concurrent.ThreadPoolExecutor.runWorker(ThreadPoolExecutor.java:1144)
	at java.base/java.util.concurrent.ThreadPoolExecutor$Worker.run(ThreadPoolExecutor.java:642)
	at java.base/java.lang.Thread.run(Thread.java:1583)
2025-02-19 06:38:43,478 [EventQueue-PipelineReportForPipelineReportHandler] ERROR pipeline.PipelineReportHandler (PipelineReportHandler.java:onMessage(95)) - Could not process pipeline report=pipelineID {
  id: "117721e1-84b0-442b-bd9d-b5b4ee72daef"
  uuid128 {
    mostSigBits: 1258511873350845483
    leastSigBits: -4783467440498353425
  }
}
isLeader: false
bytesWritten: 0
 from dn=49dd84ae-7ec9-4d92-bc53-345946144fea(localhost/127.0.0.1).
java.io.IOException: Datanode=49dd84ae-7ec9-4d92-bc53-345946144fea(localhost/127.0.0.1) not part of pipeline=PipelineID=117721e1-84b0-442b-bd9d-b5b4ee72daef
	at org.apache.hadoop.hdds.scm.pipeline.Pipeline.reportDatanode(Pipeline.java:336)
	at org.apache.hadoop.hdds.scm.pipeline.PipelineReportHandler.setReportedDatanode(PipelineReportHandler.java:154)
	at org.apache.hadoop.hdds.scm.pipeline.PipelineReportHandler.processPipelineReport(PipelineReportHandler.java:129)
	at org.apache.hadoop.hdds.scm.pipeline.PipelineReportHandler.onMessage(PipelineReportHandler.java:88)
	at org.apache.hadoop.hdds.scm.pipeline.PipelineReportHandler.onMessage(PipelineReportHandler.java:47)
	at org.apache.hadoop.hdds.server.events.SingleThreadExecutor.lambda$onMessage$1(SingleThreadExecutor.java:84)
	at java.base/java.util.concurrent.ThreadPoolExecutor.runWorker(ThreadPoolExecutor.java:1144)
	at java.base/java.util.concurrent.ThreadPoolExecutor$Worker.run(ThreadPoolExecutor.java:642)
	at java.base/java.lang.Thread.run(Thread.java:1583)
2025-02-19 06:38:43,678 [EventQueue-PipelineReportForPipelineReportHandler] ERROR pipeline.PipelineReportHandler (PipelineReportHandler.java:onMessage(95)) - Could not process pipeline report=pipelineID {
  id: "f1258f91-374d-44ac-9d89-7bef1d680e9b"
  uuid128 {
    mostSigBits: -1070291482569784148
    leastSigBits: -7095003471024746853
  }
}
isLeader: false
bytesWritten: 0
 from dn=49dd84ae-7ec9-4d92-bc53-345946144fea(localhost/127.0.0.1).
java.io.IOException: Datanode=49dd84ae-7ec9-4d92-bc53-345946144fea(localhost/127.0.0.1) not part of pipeline=PipelineID=f1258f91-374d-44ac-9d89-7bef1d680e9b
	at org.apache.hadoop.hdds.scm.pipeline.Pipeline.reportDatanode(Pipeline.java:336)
	at org.apache.hadoop.hdds.scm.pipeline.PipelineReportHandler.setReportedDatanode(PipelineReportHandler.java:154)
	at org.apache.hadoop.hdds.scm.pipeline.PipelineReportHandler.processPipelineReport(PipelineReportHandler.java:129)
	at org.apache.hadoop.hdds.scm.pipeline.PipelineReportHandler.onMessage(PipelineReportHandler.java:88)
	at org.apache.hadoop.hdds.scm.pipeline.PipelineReportHandler.onMessage(PipelineReportHandler.java:47)
	at org.apache.hadoop.hdds.server.events.SingleThreadExecutor.lambda$onMessage$1(SingleThreadExecutor.java:84)
	at java.base/java.util.concurrent.ThreadPoolExecutor.runWorker(ThreadPoolExecutor.java:1144)
	at java.base/java.util.concurrent.ThreadPoolExecutor$Worker.run(ThreadPoolExecutor.java:642)
	at java.base/java.lang.Thread.run(Thread.java:1583)
2025-02-19 06:38:43,679 [EventQueue-PipelineReportForPipelineReportHandler] ERROR pipeline.PipelineReportHandler (PipelineReportHandler.java:onMessage(95)) - Could not process pipeline report=pipelineID {
  id: "117721e1-84b0-442b-bd9d-b5b4ee72daef"
  uuid128 {
    mostSigBits: 1258511873350845483
    leastSigBits: -4783467440498353425
  }
}
isLeader: false
bytesWritten: 0
 from dn=49dd84ae-7ec9-4d92-bc53-345946144fea(localhost/127.0.0.1).
java.io.IOException: Datanode=49dd84ae-7ec9-4d92-bc53-345946144fea(localhost/127.0.0.1) not part of pipeline=PipelineID=117721e1-84b0-442b-bd9d-b5b4ee72daef
	at org.apache.hadoop.hdds.scm.pipeline.Pipeline.reportDatanode(Pipeline.java:336)
	at org.apache.hadoop.hdds.scm.pipeline.PipelineReportHandler.setReportedDatanode(PipelineReportHandler.java:154)
	at org.apache.hadoop.hdds.scm.pipeline.PipelineReportHandler.processPipelineReport(PipelineReportHandler.java:129)
	at org.apache.hadoop.hdds.scm.pipeline.PipelineReportHandler.onMessage(PipelineReportHandler.java:88)
	at org.apache.hadoop.hdds.scm.pipeline.PipelineReportHandler.onMessage(PipelineReportHandler.java:47)
	at org.apache.hadoop.hdds.server.events.SingleThreadExecutor.lambda$onMessage$1(SingleThreadExecutor.java:84)
	at java.base/java.util.concurrent.ThreadPoolExecutor.runWorker(ThreadPoolExecutor.java:1144)
	at java.base/java.util.concurrent.ThreadPoolExecutor$Worker.run(ThreadPoolExecutor.java:642)
	at java.base/java.lang.Thread.run(Thread.java:1583)
2025-02-19 06:38:43,963 [null-request--thread1] INFO  server.GrpcClientProtocolService (GrpcClientProtocolService.java:lambda$processClientRequest$0(284)) - Failed RaftClientRequest:client-CE5CC73CB901->eb965ba7-12a8-46f3-92c0-bc6ff5b3bf3b@group-81341F4E2824, cid=222, seq=null, Watch-ALL_COMMITTED(42), Message:<EMPTY>, reply=RaftClientReply:client-CE5CC73CB901->eb965ba7-12a8-46f3-92c0-bc6ff5b3bf3b@group-81341F4E2824, cid=222, FAILED org.apache.ratis.protocol.exceptions.NotReplicatedException: Request with call Id 222 and log index 42 is not yet replicated to ALL_COMMITTED, logIndex=42, commits[eb965ba7-12a8-46f3-92c0-bc6ff5b3bf3b:c46, 62ffdddc-aaf0-4ce5-9810-4c181ebbf473:c0, 6b36f32d-918c-46a3-bfcb-888cb423c6dd:c45]
2025-02-19 06:38:43,964 [ForkJoinPool.commonPool-worker-3] WARN  scm.XceiverClientRatis (XceiverClientRatis.java:lambda$watchForCommit$6(314)) - ALL_COMMITTED way commit failed on pipeline Pipeline[ Id: e1fc892c-095b-4650-8f0f-81341f4e2824, Nodes: eb965ba7-12a8-46f3-92c0-bc6ff5b3bf3b(localhost/127.0.0.1) ReplicaIndex: 062ffdddc-aaf0-4ce5-9810-4c181ebbf473(localhost/127.0.0.1) ReplicaIndex: 06b36f32d-918c-46a3-bfcb-888cb423c6dd(localhost/127.0.0.1) ReplicaIndex: 0, ReplicationConfig: RATIS/THREE, State:OPEN, leaderId:eb965ba7-12a8-46f3-92c0-bc6ff5b3bf3b, CreationTimestamp2025-02-19T06:36:09.678Z[Etc/UTC]]
java.util.concurrent.CompletionException: org.apache.ratis.protocol.exceptions.NotReplicatedException: Request with call Id 222 and log index 42 is not yet replicated to ALL_COMMITTED
	at org.apache.ratis.client.impl.RaftClientImpl.handleRaftException(RaftClientImpl.java:373)
	at org.apache.ratis.client.impl.UnorderedAsync.lambda$send$1(UnorderedAsync.java:67)
	at java.base/java.util.concurrent.CompletableFuture$UniApply.tryFire(CompletableFuture.java:646)
	at java.base/java.util.concurrent.CompletableFuture.postComplete(CompletableFuture.java:510)
	at java.base/java.util.concurrent.CompletableFuture.complete(CompletableFuture.java:2179)
	at org.apache.ratis.client.impl.UnorderedAsync.lambda$sendRequestWithRetry$4(UnorderedAsync.java:88)
	at java.base/java.util.concurrent.CompletableFuture.uniWhenComplete(CompletableFuture.java:863)
	at java.base/java.util.concurrent.CompletableFuture$UniWhenComplete.tryFire(CompletableFuture.java:841)
	at java.base/java.util.concurrent.CompletableFuture$Completion.exec(CompletableFuture.java:483)
	at java.base/java.util.concurrent.ForkJoinTask.doExec(ForkJoinTask.java:387)
	at java.base/java.util.concurrent.ForkJoinPool$WorkQueue.topLevelExec(ForkJoinPool.java:1312)
	at java.base/java.util.concurrent.ForkJoinPool.scan(ForkJoinPool.java:1843)
	at java.base/java.util.concurrent.ForkJoinPool.runWorker(ForkJoinPool.java:1808)
	at java.base/java.util.concurrent.ForkJoinWorkerThread.run(ForkJoinWorkerThread.java:188)
Caused by: org.apache.ratis.protocol.exceptions.NotReplicatedException: Request with call Id 222 and log index 42 is not yet replicated to ALL_COMMITTED
	at org.apache.ratis.client.impl.ClientProtoUtils.toRaftClientReply(ClientProtoUtils.java:406)
	at org.apache.ratis.grpc.client.GrpcClientProtocolClient$AsyncStreamObservers$1.onNext(GrpcClientProtocolClient.java:313)
	at org.apache.ratis.grpc.client.GrpcClientProtocolClient$AsyncStreamObservers$1.onNext(GrpcClientProtocolClient.java:308)
	at org.apache.ratis.thirdparty.io.grpc.stub.ClientCalls$StreamObserverToCallListenerAdapter.onMessage(ClientCalls.java:468)
	at org.apache.ratis.thirdparty.io.grpc.ForwardingClientCallListener.onMessage(ForwardingClientCallListener.java:33)
	at org.apache.ratis.thirdparty.io.grpc.internal.ClientCallImpl$ClientStreamListenerImpl$1MessagesAvailable.runInternal(ClientCallImpl.java:660)
	at org.apache.ratis.thirdparty.io.grpc.internal.ClientCallImpl$ClientStreamListenerImpl$1MessagesAvailable.runInContext(ClientCallImpl.java:647)
	at org.apache.ratis.thirdparty.io.grpc.internal.ContextRunnable.run(ContextRunnable.java:37)
	at org.apache.ratis.thirdparty.io.grpc.internal.SerializingExecutor.run(SerializingExecutor.java:133)
	at java.base/java.util.concurrent.ThreadPoolExecutor.runWorker(ThreadPoolExecutor.java:1144)
	at java.base/java.util.concurrent.ThreadPoolExecutor$Worker.run(ThreadPoolExecutor.java:642)
	at java.base/java.lang.Thread.run(Thread.java:1583)
2025-02-19 06:38:43,964 [ForkJoinPool.commonPool-worker-3] INFO  scm.XceiverClientRatis (XceiverClientRatis.java:lambda$handleFailedAllCommit$8(349)) - Could not commit index 42 on pipeline Pipeline[ Id: e1fc892c-095b-4650-8f0f-81341f4e2824, Nodes: eb965ba7-12a8-46f3-92c0-bc6ff5b3bf3b(localhost/127.0.0.1) ReplicaIndex: 062ffdddc-aaf0-4ce5-9810-4c181ebbf473(localhost/127.0.0.1) ReplicaIndex: 06b36f32d-918c-46a3-bfcb-888cb423c6dd(localhost/127.0.0.1) ReplicaIndex: 0, ReplicationConfig: RATIS/THREE, State:OPEN, leaderId:eb965ba7-12a8-46f3-92c0-bc6ff5b3bf3b, CreationTimestamp2025-02-19T06:36:09.678Z[Etc/UTC]] to all the nodes. Server 62ffdddc-aaf0-4ce5-9810-4c181ebbf473 has failed. Committed by majority.
2025-02-19 06:38:43,964 [ForkJoinPool.commonPool-worker-3] WARN  storage.BlockOutputStream (BlockOutputStream.java:checkReply(557)) - Failed to commit BlockId conID: 11 locID: 115816896921600011 bcsId: 42 replicaIndex: null on Pipeline[ Id: e1fc892c-095b-4650-8f0f-81341f4e2824, Nodes: eb965ba7-12a8-46f3-92c0-bc6ff5b3bf3b(localhost/127.0.0.1) ReplicaIndex: 062ffdddc-aaf0-4ce5-9810-4c181ebbf473(localhost/127.0.0.1) ReplicaIndex: 06b36f32d-918c-46a3-bfcb-888cb423c6dd(localhost/127.0.0.1) ReplicaIndex: 0, ReplicationConfig: RATIS/THREE, State:OPEN, leaderId:eb965ba7-12a8-46f3-92c0-bc6ff5b3bf3b, CreationTimestamp2025-02-19T06:36:09.678Z[Etc/UTC]]. Failed nodes: [62ffdddc-aaf0-4ce5-9810-4c181ebbf473(null/null)]
06:38:43.999 [eb965ba7-12a8-46f3-92c0-bc6ff5b3bf3b-client-thread1] ERROR DNAudit - user=null | ip=null | op=PUT_BLOCK {blockData=[blockId=conID: 11 locID: 115816896921600011 bcsId: 0 replicaIndex: null, size=55]} | ret=FAILURE
org.apache.hadoop.hdds.scm.container.common.helpers.ContainerNotOpenException: Container 11 in CLOSED state
	at org.apache.hadoop.ozone.container.common.impl.HddsDispatcher.validateContainerCommand(HddsDispatcher.java:571) ~[hdds-container-service-2.0.0-SNAPSHOT.jar:?]
	at org.apache.hadoop.ozone.container.common.transport.server.ratis.ContainerStateMachine.startTransaction(ContainerStateMachine.java:439) ~[hdds-container-service-2.0.0-SNAPSHOT.jar:?]
	at org.apache.ratis.server.impl.RaftServerImpl.writeAsyncImpl(RaftServerImpl.java:973) ~[ratis-server-3.1.2.jar:3.1.2]
	at org.apache.ratis.server.impl.RaftServerImpl.writeAsync(RaftServerImpl.java:946) ~[ratis-server-3.1.2.jar:3.1.2]
	at org.apache.ratis.server.impl.RaftServerImpl.replyFuture(RaftServerImpl.java:939) ~[ratis-server-3.1.2.jar:3.1.2]
	at org.apache.ratis.server.impl.RaftServerImpl.submitClientRequestAsync(RaftServerImpl.java:916) ~[ratis-server-3.1.2.jar:3.1.2]
	at org.apache.ratis.server.impl.RaftServerImpl.lambda$null$11(RaftServerImpl.java:905) ~[ratis-server-3.1.2.jar:3.1.2]
	at org.apache.ratis.util.JavaUtils.callAsUnchecked(JavaUtils.java:118) ~[ratis-common-3.1.2.jar:3.1.2]
	at org.apache.ratis.server.impl.RaftServerImpl.lambda$executeSubmitClientRequestAsync$12(RaftServerImpl.java:905) ~[ratis-server-3.1.2.jar:3.1.2]
	at java.base/java.util.concurrent.CompletableFuture$AsyncSupply.run(CompletableFuture.java:1768) ~[?:?]
	at java.base/java.util.concurrent.ThreadPoolExecutor.runWorker(ThreadPoolExecutor.java:1144) ~[?:?]
	at java.base/java.util.concurrent.ThreadPoolExecutor$Worker.run(ThreadPoolExecutor.java:642) ~[?:?]
	at java.base/java.lang.Thread.run(Thread.java:1583) [?:?]
2025-02-19 06:38:44,002 [grpc-default-executor-2] ERROR impl.OrderedAsync (OrderedAsync.java:lambda$send$4(181)) - Failed to send request, message=cmdType: PutBlock
traceID: ""
containerID: 11
datanodeUuid: "eb965ba7-12a8-46f3-92c0-bc6ff5b3bf3b"
putBlock {
  blockData {
    blockID {
      containerID: 11
      localID: 115816896921600011
      blockCommitSequenceId: 0
    }
    metadata {
      key: "TYPE"
      value: "KEY"
    }
    chunks {
      chunkName: "115816896921600011_chunk_1"
      offset: 0
      len: 5
      checksumData {
        type: CRC32
        bytesPerChecksum: 16384
        checksums: "\350a\3440"
      }
    }
    chunks {
      chunkName: "115816896921600011_chunk_2"
      offset: 5
      len: 5
      checksumData {
        type: CRC32
        bytesPerChecksum: 16384
        checksums: "\350a\3440"
      }
    }
    chunks {
      chunkName: "115816896921600011_chunk_3"
      offset: 10
      len: 5
      checksumData {
        type: CRC32
        bytesPerChecksum: 16384
        checksums: "\350a\3440"
      }
    }
    chunks {
      chunkName: "115816896921600011_chunk_4"
      offset: 15
      len: 5
      checksumData {
        type: CRC32
        bytesPerChecksum: 16384
        checksums: "\350a\3440"
      }
    }
    chunks {
      chunkName: "115816896921600011_chunk_5"
      offset: 20
      len: 5
      checksumData {
        type: CRC32
        bytesPerChecksum: 16384
        checksums: "\350a\3440"
      }
    }
    chunks {
      chunkName: "115816896921600011_chunk_6"
      offset: 25
      len: 5
      checksumData {
        type: CRC32
        bytesPerChecksum: 16384
        checksums: "\350a\3440"
      }
    }
    chunks {
      chunkName: "115816896921600011_chunk_7"
      offset: 30
      len: 5
      checksumData {
        type: CRC32
        bytesPerChecksum: 16384
        checksums: "\350a\3440"
      }
    }
    chunks {
      chunkName: "115816896921600011_chunk_8"
      offset: 35
      len: 5
      checksumData {
        type: CRC32
        bytesPerChecksum: 16384
        checksums: "\350a\3440"
      }
    }
    chunks {
      chunkName: "115816896921600011_chunk_9"
      offset: 40
      len: 5
      checksumData {
        type: CRC32
        bytesPerChecksum: 16384
        checksums: "\350a\3440"
      }
    }
    chunks {
      chunkName: "115816896921600011_chunk_10"
      offset: 45
      len: 5
      checksumData {
        type: CRC32
        bytesPerChecksum: 16384
        checksums: "\350a\3440"
      }
    }
    chunks {
      chunkName: "115816896921600011_chunk_11"
      offset: 50
      len: 5
      checksumData {
        type: CRC32
        bytesPerChecksum: 16384
        checksums: "\350a\3440"
      }
    }
  }
  eof: true
}
version: 3
, data.size=0
java.util.concurrent.CompletionException: org.apache.ratis.protocol.exceptions.StateMachineException: org.apache.hadoop.hdds.scm.container.common.helpers.ContainerNotOpenException from Server eb965ba7-12a8-46f3-92c0-bc6ff5b3bf3b@group-81341F4E2824: Container 11 in CLOSED state
	at org.apache.ratis.client.impl.RaftClientImpl.handleRaftException(RaftClientImpl.java:373)
	at org.apache.ratis.client.impl.OrderedAsync.lambda$send$3(OrderedAsync.java:175)
	at java.base/java.util.concurrent.CompletableFuture$UniApply.tryFire(CompletableFuture.java:646)
	at java.base/java.util.concurrent.CompletableFuture.postComplete(CompletableFuture.java:510)
	at java.base/java.util.concurrent.CompletableFuture.complete(CompletableFuture.java:2179)
	at org.apache.ratis.client.impl.OrderedAsync$PendingOrderedRequest.setReply(OrderedAsync.java:105)
	at org.apache.ratis.client.impl.OrderedAsync$PendingOrderedRequest.setReply(OrderedAsync.java:66)
	at org.apache.ratis.util.SlidingWindow$RequestMap.setReply(SlidingWindow.java:147)
	at org.apache.ratis.util.SlidingWindow$Client.receiveReply(SlidingWindow.java:351)
	at org.apache.ratis.client.impl.OrderedAsync.lambda$sendRequestWithRetry$5(OrderedAsync.java:210)
	at java.base/java.util.concurrent.CompletableFuture$UniAccept.tryFire(CompletableFuture.java:718)
	at java.base/java.util.concurrent.CompletableFuture.postComplete(CompletableFuture.java:510)
	at java.base/java.util.concurrent.CompletableFuture.complete(CompletableFuture.java:2179)
	at org.apache.ratis.grpc.client.GrpcClientProtocolClient$AsyncStreamObservers$1.lambda$onNext$0(GrpcClientProtocolClient.java:325)
	at java.base/java.util.Optional.ifPresent(Optional.java:178)
	at org.apache.ratis.grpc.client.GrpcClientProtocolClient$AsyncStreamObservers.handleReplyFuture(GrpcClientProtocolClient.java:381)
	at org.apache.ratis.grpc.client.GrpcClientProtocolClient$AsyncStreamObservers.access$100(GrpcClientProtocolClient.java:303)
	at org.apache.ratis.grpc.client.GrpcClientProtocolClient$AsyncStreamObservers$1.onNext(GrpcClientProtocolClient.java:325)
	at org.apache.ratis.grpc.client.GrpcClientProtocolClient$AsyncStreamObservers$1.onNext(GrpcClientProtocolClient.java:308)
	at org.apache.ratis.thirdparty.io.grpc.stub.ClientCalls$StreamObserverToCallListenerAdapter.onMessage(ClientCalls.java:468)
	at org.apache.ratis.thirdparty.io.grpc.ForwardingClientCallListener.onMessage(ForwardingClientCallListener.java:33)
	at org.apache.ratis.thirdparty.io.grpc.internal.ClientCallImpl$ClientStreamListenerImpl$1MessagesAvailable.runInternal(ClientCallImpl.java:660)
	at org.apache.ratis.thirdparty.io.grpc.internal.ClientCallImpl$ClientStreamListenerImpl$1MessagesAvailable.runInContext(ClientCallImpl.java:647)
	at org.apache.ratis.thirdparty.io.grpc.internal.ContextRunnable.run(ContextRunnable.java:37)
	at org.apache.ratis.thirdparty.io.grpc.internal.SerializingExecutor.run(SerializingExecutor.java:133)
	at java.base/java.util.concurrent.ThreadPoolExecutor.runWorker(ThreadPoolExecutor.java:1144)
	at java.base/java.util.concurrent.ThreadPoolExecutor$Worker.run(ThreadPoolExecutor.java:642)
	at java.base/java.lang.Thread.run(Thread.java:1583)
Caused by: org.apache.ratis.protocol.exceptions.StateMachineException: org.apache.hadoop.hdds.scm.container.common.helpers.ContainerNotOpenException from Server eb965ba7-12a8-46f3-92c0-bc6ff5b3bf3b@group-81341F4E2824: Container 11 in CLOSED state
	at org.apache.hadoop.ozone.container.common.impl.HddsDispatcher.validateContainerCommand(HddsDispatcher.java:571)
	at org.apache.hadoop.ozone.container.common.transport.server.ratis.ContainerStateMachine.startTransaction(ContainerStateMachine.java:439)
	at org.apache.ratis.server.impl.RaftServerImpl.writeAsyncImpl(RaftServerImpl.java:973)
	at org.apache.ratis.server.impl.RaftServerImpl.writeAsync(RaftServerImpl.java:946)
	at org.apache.ratis.server.impl.RaftServerImpl.replyFuture(RaftServerImpl.java:939)
	at org.apache.ratis.server.impl.RaftServerImpl.submitClientRequestAsync(RaftServerImpl.java:916)
	at org.apache.ratis.server.impl.RaftServerImpl.lambda$null$11(RaftServerImpl.java:905)
	at org.apache.ratis.util.JavaUtils.callAsUnchecked(JavaUtils.java:118)
	at org.apache.ratis.server.impl.RaftServerImpl.lambda$executeSubmitClientRequestAsync$12(RaftServerImpl.java:905)
	at java.base/java.util.concurrent.CompletableFuture$AsyncSupply.run(CompletableFuture.java:1768)
	... 3 more
Caused by: org.apache.hadoop.hdds.scm.container.common.helpers.ContainerNotOpenException: Container 11 in CLOSED state
	at java.base/jdk.internal.reflect.DirectConstructorHandleAccessor.newInstance(DirectConstructorHandleAccessor.java:62)
	at java.base/java.lang.reflect.Constructor.newInstanceWithCaller(Constructor.java:502)
	at java.base/java.lang.reflect.Constructor.newInstance(Constructor.java:486)
	at org.apache.ratis.util.ReflectionUtils.instantiateException(ReflectionUtils.java:259)
	at org.apache.ratis.client.impl.ClientProtoUtils.toStateMachineException(ClientProtoUtils.java:455)
	at org.apache.ratis.client.impl.ClientProtoUtils.toStateMachineException(ClientProtoUtils.java:441)
	at org.apache.ratis.client.impl.ClientProtoUtils.toRaftClientReply(ClientProtoUtils.java:408)
	at org.apache.ratis.grpc.client.GrpcClientProtocolClient$AsyncStreamObservers$1.onNext(GrpcClientProtocolClient.java:313)
	at org.apache.ratis.grpc.client.GrpcClientProtocolClient$AsyncStreamObservers$1.onNext(GrpcClientProtocolClient.java:308)
	at org.apache.ratis.thirdparty.io.grpc.stub.ClientCalls$StreamObserverToCallListenerAdapter.onMessage(ClientCalls.java:468)
	at org.apache.ratis.thirdparty.io.grpc.ForwardingClientCallListener.onMessage(ForwardingClientCallListener.java:33)
	at org.apache.ratis.thirdparty.io.grpc.internal.ClientCallImpl$ClientStreamListenerImpl$1MessagesAvailable.runInternal(ClientCallImpl.java:660)
	at org.apache.ratis.thirdparty.io.grpc.internal.ClientCallImpl$ClientStreamListenerImpl$1MessagesAvailable.runInContext(ClientCallImpl.java:647)
	at org.apache.ratis.thirdparty.io.grpc.internal.ContextRunnable.run(ContextRunnable.java:37)
	at org.apache.ratis.thirdparty.io.grpc.internal.SerializingExecutor.run(SerializingExecutor.java:133)
	... 3 more
2025-02-19 06:38:44,004 [main] INFO  io.BlockOutputStreamEntry (BlockOutputStreamEntry.java:finishRetryHandling(142)) - BlockOutputStreamEntry:testDNRestart conID: 11 locID: 115816896921600011 bcsId: 42 replicaIndex: null: Exiting retry handling mode
]]></system-out>
  </testcase>
</testsuite>