<?xml version="1.0" encoding="UTF-8"?>
<testsuite xmlns:xsi="http://www.w3.org/2001/XMLSchema-instance" xsi:noNamespaceSchemaLocation="https://maven.apache.org/surefire/maven-surefire-plugin/xsd/surefire-test-report.xsd" name="org.apache.hadoop.ozone.client.rpc.TestBlockOutputStreamWithFailures" time="400.561" tests="8" errors="0" skipped="0" failures="1">
  <properties>
    <property name="awt.toolkit" value="sun.awt.X11.XToolkit"/>
    <property name="file.encoding.pkg" value="sun.io"/>
    <property name="java.specification.version" value="1.8"/>
    <property name="sun.cpu.isalist" value=""/>
    <property name="sun.jnu.encoding" value="ANSI_X3.4-1968"/>
    <property name="java.class.path" value="/github/workspace/mnt/ozone/hadoop-ozone/integration-test/target/test-classes:/github/workspace/mnt/ozone/hadoop-ozone/integration-test/target/classes:/home/user/.m2/repository/org/apache/hadoop/hadoop-ozone-common/0.6.0-SNAPSHOT/hadoop-ozone-common-0.6.0-SNAPSHOT.jar:/home/user/.m2/repository/org/apache/commons/commons-compress/1.4.1/commons-compress-1.4.1.jar:/home/user/.m2/repository/org/tukaani/xz/1.0/xz-1.0.jar:/home/user/.m2/repository/org/apache/hadoop/hadoop-hdds-common/0.6.0-SNAPSHOT/hadoop-hdds-common-0.6.0-SNAPSHOT.jar:/home/user/.m2/repository/info/picocli/picocli/3.9.6/picocli-3.9.6.jar:/home/user/.m2/repository/com/fasterxml/jackson/core/jackson-annotations/2.10.3/jackson-annotations-2.10.3.jar:/home/user/.m2/repository/javax/annotation/javax.annotation-api/1.2/javax.annotation-api-1.2.jar:/home/user/.m2/repository/org/apache/ratis/ratis-server/0.6.0-490b689-SNAPSHOT/ratis-server-0.6.0-490b689-SNAPSHOT.jar:/home/user/.m2/repository/org/apache/ratis/ratis-thirdparty-misc/0.3.0/ratis-thirdparty-misc-0.3.0.jar:/home/user/.m2/repository/org/apache/ratis/ratis-client/0.6.0-490b689-SNAPSHOT/ratis-client-0.6.0-490b689-SNAPSHOT.jar:/home/user/.m2/repository/org/apache/ratis/ratis-metrics/0.6.0-490b689-SNAPSHOT/ratis-metrics-0.6.0-490b689-SNAPSHOT.jar:/home/user/.m2/repository/org/apache/ratis/ratis-netty/0.6.0-490b689-SNAPSHOT/ratis-netty-0.6.0-490b689-SNAPSHOT.jar:/home/user/.m2/repository/org/apache/ratis/ratis-grpc/0.6.0-490b689-SNAPSHOT/ratis-grpc-0.6.0-490b689-SNAPSHOT.jar:/home/user/.m2/repository/org/apache/logging/log4j/log4j-api/2.11.0/log4j-api-2.11.0.jar:/home/user/.m2/repository/org/apache/logging/log4j/log4j-core/2.11.0/log4j-core-2.11.0.jar:/home/user/.m2/repository/com/lmax/disruptor/3.4.2/disruptor-3.4.2.jar:/home/user/.m2/repository/org/apache/commons/commons-pool2/2.6.0/commons-pool2-2.6.0.jar:/home/user/.m2/repository/org/bouncycastle/bcpkix-jdk15on/1.60/bcpkix-jdk15on-1.60.jar:/home/user/.m2/repository/commons-validator/commons-validator/1.6/commons-validator-1.6.jar:/home/user/.m2/repository/commons-digester/commons-digester/1.8.1/commons-digester-1.8.1.jar:/home/user/.m2/repository/io/jaegertracing/jaeger-client/1.2.0/jaeger-client-1.2.0.jar:/home/user/.m2/repository/io/jaegertracing/jaeger-thrift/1.2.0/jaeger-thrift-1.2.0.jar:/home/user/.m2/repository/org/apache/thrift/libthrift/0.13.0/libthrift-0.13.0.jar:/home/user/.m2/repository/com/squareup/okhttp3/okhttp/4.2.2/okhttp-4.2.2.jar:/home/user/.m2/repository/com/squareup/okio/okio/2.2.2/okio-2.2.2.jar:/home/user/.m2/repository/org/jetbrains/kotlin/kotlin-stdlib/1.3.50/kotlin-stdlib-1.3.50.jar:/home/user/.m2/repository/org/jetbrains/kotlin/kotlin-stdlib-common/1.3.50/kotlin-stdlib-common-1.3.50.jar:/home/user/.m2/repository/org/jetbrains/annotations/13.0/annotations-13.0.jar:/home/user/.m2/repository/io/jaegertracing/jaeger-core/1.2.0/jaeger-core-1.2.0.jar:/home/user/.m2/repository/io/jaegertracing/jaeger-tracerresolver/1.2.0/jaeger-tracerresolver-1.2.0.jar:/home/user/.m2/repository/io/opentracing/contrib/opentracing-tracerresolver/0.1.8/opentracing-tracerresolver-0.1.8.jar:/home/user/.m2/repository/io/opentracing/opentracing-util/0.33.0/opentracing-util-0.33.0.jar:/home/user/.m2/repository/io/opentracing/opentracing-api/0.33.0/opentracing-api-0.33.0.jar:/home/user/.m2/repository/io/opentracing/opentracing-noop/0.33.0/opentracing-noop-0.33.0.jar:/home/user/.m2/repository/org/apache/hadoop/hadoop-hdds-client/0.6.0-SNAPSHOT/hadoop-hdds-client-0.6.0-SNAPSHOT.jar:/home/user/.m2/repository/org/apache/hadoop/hadoop-hdds-test-utils/0.6.0-SNAPSHOT/hadoop-hdds-test-utils-0.6.0-SNAPSHOT.jar:/home/user/.m2/repository/com/google/guava/guava/28.2-jre/guava-28.2-jre.jar:/home/user/.m2/repository/com/google/guava/failureaccess/1.0.1/failureaccess-1.0.1.jar:/home/user/.m2/repository/com/google/guava/listenablefuture/9999.0-empty-to-avoid-conflict-with-guava/listenablefuture-9999.0-empty-to-avoid-conflict-with-guava.jar:/home/user/.m2/repository/com/google/code/findbugs/jsr305/3.0.0/jsr305-3.0.0.jar:/home/user/.m2/repository/org/checkerframework/checker-qual/2.10.0/checker-qual-2.10.0.jar:/home/user/.m2/repository/com/google/errorprone/error_prone_annotations/2.3.4/error_prone_annotations-2.3.4.jar:/home/user/.m2/repository/com/google/j2objc/j2objc-annotations/1.3/j2objc-annotations-1.3.jar:/home/user/.m2/repository/commons-io/commons-io/2.5/commons-io-2.5.jar:/home/user/.m2/repository/commons-logging/commons-logging/1.1.3/commons-logging-1.1.3.jar:/home/user/.m2/repository/log4j/log4j/1.2.17/log4j-1.2.17.jar:/home/user/.m2/repository/org/apache/commons/commons-lang3/3.7/commons-lang3-3.7.jar:/home/user/.m2/repository/org/slf4j/slf4j-api/1.7.25/slf4j-api-1.7.25.jar:/home/user/.m2/repository/org/apache/hadoop/hadoop-hdds-server-scm/0.6.0-SNAPSHOT/hadoop-hdds-server-scm-0.6.0-SNAPSHOT.jar:/home/user/.m2/repository/org/apache/hadoop/hadoop-hdds-container-service/0.6.0-SNAPSHOT/hadoop-hdds-container-service-0.6.0-SNAPSHOT.jar:/home/user/.m2/repository/org/apache/hadoop/hadoop-hdds-hadoop-dependency-server/0.6.0-SNAPSHOT/hadoop-hdds-hadoop-dependency-server-0.6.0-SNAPSHOT.jar:/home/user/.m2/repository/org/apache/hadoop/hadoop-hdds-server-framework/0.6.0-SNAPSHOT/hadoop-hdds-server-framework-0.6.0-SNAPSHOT.jar:/home/user/.m2/repository/org/rocksdb/rocksdbjni/6.6.4/rocksdbjni-6.6.4.jar:/home/user/.m2/repository/io/prometheus/simpleclient_dropwizard/0.7.0/simpleclient_dropwizard-0.7.0.jar:/home/user/.m2/repository/io/prometheus/simpleclient/0.7.0/simpleclient-0.7.0.jar:/home/user/.m2/repository/io/prometheus/simpleclient_common/0.7.0/simpleclient_common-0.7.0.jar:/home/user/.m2/repository/com/fasterxml/jackson/datatype/jackson-datatype-jsr310/2.10.3/jackson-datatype-jsr310-2.10.3.jar:/home/user/.m2/repository/org/apache/hadoop/hadoop-hdds-docs/0.6.0-SNAPSHOT/hadoop-hdds-docs-0.6.0-SNAPSHOT.jar:/home/user/.m2/repository/io/dropwizard/metrics/metrics-core/3.2.4/metrics-core-3.2.4.jar:/home/user/.m2/repository/org/apache/hadoop/hadoop-hdfs-client/3.2.0/hadoop-hdfs-client-3.2.0.jar:/home/user/.m2/repository/org/bouncycastle/bcprov-jdk15on/1.60/bcprov-jdk15on-1.60.jar:/home/user/.m2/repository/org/apache/hadoop/hadoop-ozone-ozone-manager/0.6.0-SNAPSHOT/hadoop-ozone-ozone-manager-0.6.0-SNAPSHOT.jar:/home/user/.m2/repository/org/apache/hadoop/hadoop-minikdc/3.2.0/hadoop-minikdc-3.2.0.jar:/home/user/.m2/repository/org/apache/kerby/kerb-simplekdc/1.0.1/kerb-simplekdc-1.0.1.jar:/home/user/.m2/repository/org/apache/kerby/kerb-client/1.0.1/kerb-client-1.0.1.jar:/home/user/.m2/repository/org/apache/kerby/kerby-config/1.0.1/kerby-config-1.0.1.jar:/home/user/.m2/repository/org/apache/kerby/kerb-core/1.0.1/kerb-core-1.0.1.jar:/home/user/.m2/repository/org/apache/kerby/kerby-pkix/1.0.1/kerby-pkix-1.0.1.jar:/home/user/.m2/repository/org/apache/kerby/kerby-asn1/1.0.1/kerby-asn1-1.0.1.jar:/home/user/.m2/repository/org/apache/kerby/kerby-util/1.0.1/kerby-util-1.0.1.jar:/home/user/.m2/repository/org/apache/kerby/kerb-common/1.0.1/kerb-common-1.0.1.jar:/home/user/.m2/repository/org/apache/kerby/kerb-crypto/1.0.1/kerb-crypto-1.0.1.jar:/home/user/.m2/repository/org/apache/kerby/kerb-util/1.0.1/kerb-util-1.0.1.jar:/home/user/.m2/repository/org/apache/kerby/token-provider/1.0.1/token-provider-1.0.1.jar:/home/user/.m2/repository/org/apache/kerby/kerb-admin/1.0.1/kerb-admin-1.0.1.jar:/home/user/.m2/repository/org/apache/kerby/kerb-server/1.0.1/kerb-server-1.0.1.jar:/home/user/.m2/repository/org/apache/kerby/kerb-identity/1.0.1/kerb-identity-1.0.1.jar:/home/user/.m2/repository/org/apache/kerby/kerby-xdr/1.0.1/kerby-xdr-1.0.1.jar:/home/user/.m2/repository/org/slf4j/slf4j-log4j12/1.7.25/slf4j-log4j12-1.7.25.jar:/home/user/.m2/repository/org/apache/hadoop/hadoop-ozone-s3gateway/0.6.0-SNAPSHOT/hadoop-ozone-s3gateway-0.6.0-SNAPSHOT.jar:/home/user/.m2/repository/org/jboss/weld/servlet/weld-servlet/2.4.7.Final/weld-servlet-2.4.7.Final.jar:/home/user/.m2/repository/org/glassfish/jersey/containers/jersey-container-servlet-core/2.27/jersey-container-servlet-core-2.27.jar:/home/user/.m2/repository/org/glassfish/hk2/external/javax.inject/2.5.0-b42/javax.inject-2.5.0-b42.jar:/home/user/.m2/repository/org/glassfish/jersey/core/jersey-common/2.27/jersey-common-2.27.jar:/home/user/.m2/repository/org/glassfish/hk2/osgi-resource-locator/1.0.1/osgi-resource-locator-1.0.1.jar:/home/user/.m2/repository/javax/ws/rs/javax.ws.rs-api/2.1/javax.ws.rs-api-2.1.jar:/home/user/.m2/repository/org/glassfish/jersey/ext/cdi/jersey-cdi1x/2.27/jersey-cdi1x-2.27.jar:/home/user/.m2/repository/org/glassfish/jersey/inject/jersey-hk2/2.27/jersey-hk2-2.27.jar:/home/user/.m2/repository/org/glassfish/hk2/hk2-locator/2.5.0-b42/hk2-locator-2.5.0-b42.jar:/home/user/.m2/repository/org/javassist/javassist/3.22.0-CR2/javassist-3.22.0-CR2.jar:/home/user/.m2/repository/org/glassfish/hk2/hk2-api/2.5.0/hk2-api-2.5.0.jar:/home/user/.m2/repository/org/glassfish/hk2/external/jakarta.inject/2.5.0/jakarta.inject-2.5.0.jar:/home/user/.m2/repository/org/glassfish/hk2/hk2-utils/2.5.0/hk2-utils-2.5.0.jar:/home/user/.m2/repository/jakarta/annotation/jakarta.annotation-api/1.3.4/jakarta.annotation-api-1.3.4.jar:/home/user/.m2/repository/org/glassfish/hk2/external/aopalliance-repackaged/2.5.0/aopalliance-repackaged-2.5.0.jar:/home/user/.m2/repository/com/fasterxml/jackson/dataformat/jackson-dataformat-xml/2.9.0/jackson-dataformat-xml-2.9.0.jar:/home/user/.m2/repository/com/fasterxml/jackson/core/jackson-core/2.10.3/jackson-core-2.10.3.jar:/home/user/.m2/repository/com/fasterxml/jackson/module/jackson-module-jaxb-annotations/2.10.3/jackson-module-jaxb-annotations-2.10.3.jar:/home/user/.m2/repository/jakarta/xml/bind/jakarta.xml.bind-api/2.3.2/jakarta.xml.bind-api-2.3.2.jar:/home/user/.m2/repository/jakarta/activation/jakarta.activation-api/1.2.1/jakarta.activation-api-1.2.1.jar:/home/user/.m2/repository/org/codehaus/woodstox/stax2-api/3.1.4/stax2-api-3.1.4.jar:/home/user/.m2/repository/com/fasterxml/woodstox/woodstox-core/5.0.3/woodstox-core-5.0.3.jar:/home/user/.m2/repository/javax/enterprise/cdi-api/1.2/cdi-api-1.2.jar:/home/user/.m2/repository/javax/el/javax.el-api/3.0.0/javax.el-api-3.0.0.jar:/home/user/.m2/repository/javax/interceptor/javax.interceptor-api/1.2/javax.interceptor-api-1.2.jar:/home/user/.m2/repository/javax/inject/javax.inject/1/javax.inject-1.jar:/home/user/.m2/repository/com/sun/xml/bind/jaxb-impl/2.3.0.1/jaxb-impl-2.3.0.1.jar:/home/user/.m2/repository/com/sun/xml/bind/jaxb-core/2.3.0.1/jaxb-core-2.3.0.1.jar:/home/user/.m2/repository/javax/xml/bind/jaxb-api/2.3.0/jaxb-api-2.3.0.jar:/home/user/.m2/repository/javax/activation/activation/1.1.1/activation-1.1.1.jar:/home/user/.m2/repository/org/apache/hadoop/hadoop-ozone-csi/0.6.0-SNAPSHOT/hadoop-ozone-csi-0.6.0-SNAPSHOT.jar:/home/user/.m2/repository/com/google/protobuf/protobuf-java-util/3.5.1/protobuf-java-util-3.5.1.jar:/home/user/.m2/repository/com/google/code/gson/gson/2.2.4/gson-2.2.4.jar:/home/user/.m2/repository/org/apache/hadoop/hadoop-hdds-config/0.6.0-SNAPSHOT/hadoop-hdds-config-0.6.0-SNAPSHOT.jar:/home/user/.m2/repository/com/google/protobuf/protobuf-java/2.5.0/protobuf-java-2.5.0.jar:/home/user/.m2/repository/io/grpc/grpc-netty/1.17.1/grpc-netty-1.17.1.jar:/home/user/.m2/repository/io/grpc/grpc-core/1.17.1/grpc-core-1.17.1.jar:/home/user/.m2/repository/io/grpc/grpc-context/1.17.1/grpc-context-1.17.1.jar:/home/user/.m2/repository/org/codehaus/mojo/animal-sniffer-annotations/1.17/animal-sniffer-annotations-1.17.jar:/home/user/.m2/repository/io/opencensus/opencensus-api/0.17.0/opencensus-api-0.17.0.jar:/home/user/.m2/repository/io/opencensus/opencensus-contrib-grpc-metrics/0.17.0/opencensus-contrib-grpc-metrics-0.17.0.jar:/home/user/.m2/repository/io/netty/netty-codec-http2/4.1.30.Final/netty-codec-http2-4.1.30.Final.jar:/home/user/.m2/repository/io/netty/netty-codec-http/4.1.30.Final/netty-codec-http-4.1.30.Final.jar:/home/user/.m2/repository/io/netty/netty-codec/4.1.30.Final/netty-codec-4.1.30.Final.jar:/home/user/.m2/repository/io/netty/netty-handler/4.1.30.Final/netty-handler-4.1.30.Final.jar:/home/user/.m2/repository/io/netty/netty-handler-proxy/4.1.30.Final/netty-handler-proxy-4.1.30.Final.jar:/home/user/.m2/repository/io/netty/netty-codec-socks/4.1.30.Final/netty-codec-socks-4.1.30.Final.jar:/home/user/.m2/repository/io/netty/netty-transport-native-epoll/4.1.30.Final/netty-transport-native-epoll-4.1.30.Final.jar:/home/user/.m2/repository/io/netty/netty-common/4.1.30.Final/netty-common-4.1.30.Final.jar:/home/user/.m2/repository/io/netty/netty-buffer/4.1.30.Final/netty-buffer-4.1.30.Final.jar:/home/user/.m2/repository/io/netty/netty-transport/4.1.30.Final/netty-transport-4.1.30.Final.jar:/home/user/.m2/repository/io/netty/netty-resolver/4.1.30.Final/netty-resolver-4.1.30.Final.jar:/home/user/.m2/repository/io/netty/netty-transport-native-unix-common/4.1.30.Final/netty-transport-native-unix-common-4.1.30.Final.jar:/home/user/.m2/repository/io/grpc/grpc-protobuf/1.17.1/grpc-protobuf-1.17.1.jar:/home/user/.m2/repository/com/google/api/grpc/proto-google-common-protos/1.0.0/proto-google-common-protos-1.0.0.jar:/home/user/.m2/repository/io/grpc/grpc-protobuf-lite/1.17.1/grpc-protobuf-lite-1.17.1.jar:/home/user/.m2/repository/io/grpc/grpc-stub/1.17.1/grpc-stub-1.17.1.jar:/home/user/.m2/repository/org/apache/hadoop/hadoop-ozone-recon/0.6.0-SNAPSHOT/hadoop-ozone-recon-0.6.0-SNAPSHOT.jar:/home/user/.m2/repository/org/apache/hadoop/hadoop-ozone-reconcodegen/0.6.0-SNAPSHOT/hadoop-ozone-reconcodegen-0.6.0-SNAPSHOT.jar:/home/user/.m2/repository/com/google/inject/extensions/guice-multibindings/4.0/guice-multibindings-4.0.jar:/home/user/.m2/repository/com/google/inject/guice/4.0/guice-4.0.jar:/home/user/.m2/repository/aopalliance/aopalliance/1.0/aopalliance-1.0.jar:/home/user/.m2/repository/com/google/inject/extensions/guice-servlet/4.0/guice-servlet-4.0.jar:/home/user/.m2/repository/org/glassfish/jersey/containers/jersey-container-servlet/2.27/jersey-container-servlet-2.27.jar:/home/user/.m2/repository/org/glassfish/hk2/guice-bridge/2.5.0/guice-bridge-2.5.0.jar:/home/user/.m2/repository/org/glassfish/jersey/core/jersey-server/2.27/jersey-server-2.27.jar:/home/user/.m2/repository/org/glassfish/jersey/core/jersey-client/2.27/jersey-client-2.27.jar:/home/user/.m2/repository/org/glassfish/jersey/media/jersey-media-jaxb/2.27/jersey-media-jaxb-2.27.jar:/home/user/.m2/repository/javax/validation/validation-api/1.1.0.Final/validation-api-1.1.0.Final.jar:/home/user/.m2/repository/org/glassfish/jersey/media/jersey-media-json-jackson/2.27/jersey-media-json-jackson-2.27.jar:/home/user/.m2/repository/org/glassfish/jersey/ext/jersey-entity-filtering/2.27/jersey-entity-filtering-2.27.jar:/home/user/.m2/repository/com/google/inject/extensions/guice-assistedinject/4.0/guice-assistedinject-4.0.jar:/home/user/.m2/repository/org/jooq/jooq/3.11.10/jooq-3.11.10.jar:/home/user/.m2/repository/org/jooq/jooq-meta/3.11.10/jooq-meta-3.11.10.jar:/home/user/.m2/repository/org/jooq/jooq-codegen/3.11.10/jooq-codegen-3.11.10.jar:/home/user/.m2/repository/com/jolbox/bonecp/0.8.0.RELEASE/bonecp-0.8.0.RELEASE.jar:/home/user/.m2/repository/org/xerial/sqlite-jdbc/3.25.2/sqlite-jdbc-3.25.2.jar:/home/user/.m2/repository/org/springframework/spring-jdbc/5.2.5.RELEASE/spring-jdbc-5.2.5.RELEASE.jar:/home/user/.m2/repository/org/springframework/spring-beans/5.2.5.RELEASE/spring-beans-5.2.5.RELEASE.jar:/home/user/.m2/repository/org/springframework/spring-core/5.2.5.RELEASE/spring-core-5.2.5.RELEASE.jar:/home/user/.m2/repository/org/springframework/spring-jcl/5.2.5.RELEASE/spring-jcl-5.2.5.RELEASE.jar:/home/user/.m2/repository/org/springframework/spring-tx/5.2.5.RELEASE/spring-tx-5.2.5.RELEASE.jar:/home/user/.m2/repository/org/apache/hadoop/hadoop-ozone-client/0.6.0-SNAPSHOT/hadoop-ozone-client-0.6.0-SNAPSHOT.jar:/home/user/.m2/repository/org/apache/hadoop/hadoop-ozone-filesystem/0.6.0-SNAPSHOT/hadoop-ozone-filesystem-0.6.0-SNAPSHOT.jar:/home/user/.m2/repository/org/apache/hadoop/hadoop-hdds-hadoop-dependency-client/0.6.0-SNAPSHOT/hadoop-hdds-hadoop-dependency-client-0.6.0-SNAPSHOT.jar:/home/user/.m2/repository/org/apache/hadoop/hadoop-ozone-tools/0.6.0-SNAPSHOT/hadoop-ozone-tools-0.6.0-SNAPSHOT.jar:/home/user/.m2/repository/org/apache/hadoop/hadoop-hdfs/3.2.0/hadoop-hdfs-3.2.0.jar:/home/user/.m2/repository/org/apache/ratis/ratis-tools/0.6.0-490b689-SNAPSHOT/ratis-tools-0.6.0-490b689-SNAPSHOT.jar:/home/user/.m2/repository/org/apache/ratis/ratis-proto/0.6.0-490b689-SNAPSHOT/ratis-proto-0.6.0-490b689-SNAPSHOT.jar:/home/user/.m2/repository/org/apache/ratis/ratis-common/0.6.0-490b689-SNAPSHOT/ratis-common-0.6.0-490b689-SNAPSHOT.jar:/home/user/.m2/repository/com/amazonaws/aws-java-sdk-core/1.11.615/aws-java-sdk-core-1.11.615.jar:/home/user/.m2/repository/org/apache/httpcomponents/httpclient/4.5.2/httpclient-4.5.2.jar:/home/user/.m2/repository/org/apache/httpcomponents/httpcore/4.4.4/httpcore-4.4.4.jar:/home/user/.m2/repository/software/amazon/ion/ion-java/1.0.2/ion-java-1.0.2.jar:/home/user/.m2/repository/com/fasterxml/jackson/dataformat/jackson-dataformat-cbor/2.10.3/jackson-dataformat-cbor-2.10.3.jar:/home/user/.m2/repository/joda-time/joda-time/2.9.9/joda-time-2.9.9.jar:/home/user/.m2/repository/com/amazonaws/aws-java-sdk-s3/1.11.615/aws-java-sdk-s3-1.11.615.jar:/home/user/.m2/repository/com/amazonaws/aws-java-sdk-kms/1.11.615/aws-java-sdk-kms-1.11.615.jar:/home/user/.m2/repository/com/amazonaws/jmespath-java/1.11.615/jmespath-java-1.11.615.jar:/home/user/.m2/repository/org/apache/hadoop/hadoop-hdds-tools/0.6.0-SNAPSHOT/hadoop-hdds-tools-0.6.0-SNAPSHOT.jar:/home/user/.m2/repository/commons-cli/commons-cli/1.2/commons-cli-1.2.jar:/home/user/.m2/repository/commons-lang/commons-lang/2.6/commons-lang-2.6.jar:/home/user/.m2/repository/org/apache/hadoop/hadoop-ozone-ozone-manager/0.6.0-SNAPSHOT/hadoop-ozone-ozone-manager-0.6.0-SNAPSHOT-tests.jar:/home/user/.m2/repository/junit/junit/4.11/junit-4.11.jar:/home/user/.m2/repository/org/hamcrest/hamcrest-core/1.3/hamcrest-core-1.3.jar:/home/user/.m2/repository/org/openjdk/jmh/jmh-core/1.19/jmh-core-1.19.jar:/home/user/.m2/repository/net/sf/jopt-simple/jopt-simple/4.6/jopt-simple-4.6.jar:/home/user/.m2/repository/org/apache/commons/commons-math3/3.1.1/commons-math3-3.1.1.jar:/home/user/.m2/repository/org/openjdk/jmh/jmh-generator-annprocess/1.19/jmh-generator-annprocess-1.19.jar:/home/user/.m2/repository/org/mockito/mockito-all/1.8.5/mockito-all-1.8.5.jar:/home/user/.m2/repository/org/apache/hadoop/hadoop-kms/3.2.0/hadoop-kms-3.2.0.jar:/home/user/.m2/repository/org/apache/hadoop/hadoop-auth/3.2.0/hadoop-auth-3.2.0.jar:/home/user/.m2/repository/com/nimbusds/nimbus-jose-jwt/7.9/nimbus-jose-jwt-7.9.jar:/home/user/.m2/repository/com/github/stephenc/jcip/jcip-annotations/1.0-1/jcip-annotations-1.0-1.jar:/home/user/.m2/repository/net/minidev/json-smart/2.3/json-smart-2.3.jar:/home/user/.m2/repository/net/minidev/accessors-smart/1.2/accessors-smart-1.2.jar:/home/user/.m2/repository/org/ow2/asm/asm/5.0.4/asm-5.0.4.jar:/home/user/.m2/repository/org/apache/zookeeper/zookeeper/3.4.13/zookeeper-3.4.13.jar:/home/user/.m2/repository/org/apache/yetus/audience-annotations/0.5.0/audience-annotations-0.5.0.jar:/home/user/.m2/repository/org/apache/curator/curator-framework/2.12.0/curator-framework-2.12.0.jar:/home/user/.m2/repository/com/sun/jersey/jersey-core/1.19/jersey-core-1.19.jar:/home/user/.m2/repository/javax/ws/rs/jsr311-api/1.1.1/jsr311-api-1.1.1.jar:/home/user/.m2/repository/com/sun/jersey/jersey-server/1.19/jersey-server-1.19.jar:/home/user/.m2/repository/javax/servlet/javax.servlet-api/3.1.0/javax.servlet-api-3.1.0.jar:/home/user/.m2/repository/org/eclipse/jetty/jetty-server/9.4.26.v20200117/jetty-server-9.4.26.v20200117.jar:/home/user/.m2/repository/org/eclipse/jetty/jetty-http/9.4.26.v20200117/jetty-http-9.4.26.v20200117.jar:/home/user/.m2/repository/org/eclipse/jetty/jetty-io/9.4.26.v20200117/jetty-io-9.4.26.v20200117.jar:/home/user/.m2/repository/org/eclipse/jetty/jetty-webapp/9.4.26.v20200117/jetty-webapp-9.4.26.v20200117.jar:/home/user/.m2/repository/org/eclipse/jetty/jetty-xml/9.4.26.v20200117/jetty-xml-9.4.26.v20200117.jar:/home/user/.m2/repository/org/eclipse/jetty/jetty-servlet/9.4.26.v20200117/jetty-servlet-9.4.26.v20200117.jar:/home/user/.m2/repository/org/eclipse/jetty/jetty-security/9.4.26.v20200117/jetty-security-9.4.26.v20200117.jar:/home/user/.m2/repository/org/apache/hadoop/hadoop-common/3.2.0/hadoop-common-3.2.0.jar:/home/user/.m2/repository/commons-net/commons-net/3.6/commons-net-3.6.jar:/home/user/.m2/repository/commons-collections/commons-collections/3.2.2/commons-collections-3.2.2.jar:/home/user/.m2/repository/com/sun/jersey/jersey-servlet/1.19/jersey-servlet-1.19.jar:/home/user/.m2/repository/com/sun/jersey/jersey-json/1.19/jersey-json-1.19.jar:/home/user/.m2/repository/org/codehaus/jettison/jettison/1.1/jettison-1.1.jar:/home/user/.m2/repository/org/codehaus/jackson/jackson-jaxrs/1.9.13/jackson-jaxrs-1.9.13.jar:/home/user/.m2/repository/org/codehaus/jackson/jackson-xc/1.9.13/jackson-xc-1.9.13.jar:/home/user/.m2/repository/commons-beanutils/commons-beanutils/1.9.4/commons-beanutils-1.9.4.jar:/home/user/.m2/repository/org/apache/commons/commons-configuration2/2.1.1/commons-configuration2-2.1.1.jar:/home/user/.m2/repository/org/apache/commons/commons-text/1.4/commons-text-1.4.jar:/home/user/.m2/repository/com/google/re2j/re2j/1.1/re2j-1.1.jar:/home/user/.m2/repository/com/jcraft/jsch/0.1.54/jsch-0.1.54.jar:/home/user/.m2/repository/org/apache/curator/curator-client/2.12.0/curator-client-2.12.0.jar:/home/user/.m2/repository/org/apache/curator/curator-recipes/2.12.0/curator-recipes-2.12.0.jar:/home/user/.m2/repository/dnsjava/dnsjava/2.1.7/dnsjava-2.1.7.jar:/home/user/.m2/repository/org/slf4j/jul-to-slf4j/1.7.25/jul-to-slf4j-1.7.25.jar:/home/user/.m2/repository/org/eclipse/jetty/jetty-util/9.4.26.v20200117/jetty-util-9.4.26.v20200117.jar:/home/user/.m2/repository/com/fasterxml/jackson/core/jackson-databind/2.10.3/jackson-databind-2.10.3.jar:/home/user/.m2/repository/org/apache/hadoop/hadoop-kms/3.2.0/hadoop-kms-3.2.0-tests.jar:/home/user/.m2/repository/org/apache/hadoop/hadoop-hdds-server-scm/0.6.0-SNAPSHOT/hadoop-hdds-server-scm-0.6.0-SNAPSHOT-tests.jar:/home/user/.m2/repository/org/apache/hadoop/hadoop-hdds-container-service/0.6.0-SNAPSHOT/hadoop-hdds-container-service-0.6.0-SNAPSHOT-tests.jar:/home/user/.m2/repository/org/apache/hadoop/hadoop-hdds-common/0.6.0-SNAPSHOT/hadoop-hdds-common-0.6.0-SNAPSHOT-tests.jar:/home/user/.m2/repository/org/yaml/snakeyaml/1.16/snakeyaml-1.16.jar:/home/user/.m2/repository/org/apache/hadoop/hadoop-hdds-hadoop-dependency-test/0.6.0-SNAPSHOT/hadoop-hdds-hadoop-dependency-test-0.6.0-SNAPSHOT.jar:/home/user/.m2/repository/org/apache/hadoop/hadoop-common/3.2.0/hadoop-common-3.2.0-tests.jar:/home/user/.m2/repository/javax/servlet/jsp/jsp-api/2.1/jsp-api-2.1.jar:/home/user/.m2/repository/org/apache/hadoop/hadoop-hdfs/3.2.0/hadoop-hdfs-3.2.0-tests.jar:/home/user/.m2/repository/org/eclipse/jetty/jetty-util-ajax/9.4.26.v20200117/jetty-util-ajax-9.4.26.v20200117.jar:/home/user/.m2/repository/commons-codec/commons-codec/1.11/commons-codec-1.11.jar:/home/user/.m2/repository/commons-daemon/commons-daemon/1.0.13/commons-daemon-1.0.13.jar:/home/user/.m2/repository/io/netty/netty/3.10.5.Final/netty-3.10.5.Final.jar:/home/user/.m2/repository/io/netty/netty-all/4.1.47.Final/netty-all-4.1.47.Final.jar:/home/user/.m2/repository/org/apache/htrace/htrace-core4/4.1.0-incubating/htrace-core4-4.1.0-incubating.jar:/home/user/.m2/repository/org/fusesource/leveldbjni/leveldbjni-all/1.8/leveldbjni-all-1.8.jar:/home/user/.m2/repository/org/apache/hadoop/hadoop-distcp/3.2.0/hadoop-distcp-3.2.0.jar:/home/user/.m2/repository/org/apache/hadoop/hadoop-mapreduce-client-jobclient/3.2.0/hadoop-mapreduce-client-jobclient-3.2.0.jar:/home/user/.m2/repository/org/apache/hadoop/hadoop-mapreduce-client-common/3.2.0/hadoop-mapreduce-client-common-3.2.0.jar:/home/user/.m2/repository/org/apache/hadoop/hadoop-yarn-common/3.2.0/hadoop-yarn-common-3.2.0.jar:/home/user/.m2/repository/org/apache/hadoop/hadoop-yarn-api/3.2.0/hadoop-yarn-api-3.2.0.jar:/home/user/.m2/repository/com/sun/jersey/jersey-client/1.19/jersey-client-1.19.jar:/home/user/.m2/repository/com/sun/jersey/contribs/jersey-guice/1.19/jersey-guice-1.19.jar:/home/user/.m2/repository/com/fasterxml/jackson/jaxrs/jackson-jaxrs-json-provider/2.10.3/jackson-jaxrs-json-provider-2.10.3.jar:/home/user/.m2/repository/com/fasterxml/jackson/jaxrs/jackson-jaxrs-base/2.10.3/jackson-jaxrs-base-2.10.3.jar:/home/user/.m2/repository/org/apache/hadoop/hadoop-yarn-client/3.2.0/hadoop-yarn-client-3.2.0.jar:/home/user/.m2/repository/org/apache/hadoop/hadoop-mapreduce-client-core/3.2.0/hadoop-mapreduce-client-core-3.2.0.jar:/home/user/.m2/repository/org/apache/avro/avro/1.7.7/avro-1.7.7.jar:/home/user/.m2/repository/org/codehaus/jackson/jackson-core-asl/1.9.13/jackson-core-asl-1.9.13.jar:/home/user/.m2/repository/org/codehaus/jackson/jackson-mapper-asl/1.9.13/jackson-mapper-asl-1.9.13.jar:/home/user/.m2/repository/com/thoughtworks/paranamer/paranamer/2.3/paranamer-2.3.jar:/home/user/.m2/repository/org/xerial/snappy/snappy-java/1.0.5/snappy-java-1.0.5.jar:/home/user/.m2/repository/org/apache/hadoop/hadoop-annotations/3.2.0/hadoop-annotations-3.2.0.jar:/usr/lib/jvm/java-1.8.0-openjdk-1.8.0.232.b09-0.el7_7.x86_64/jre/../lib/tools.jar:/home/user/.m2/repository/org/apache/hadoop/hadoop-distcp/3.2.0/hadoop-distcp-3.2.0-tests.jar:"/>
    <property name="java.vm.vendor" value="Oracle Corporation"/>
    <property name="sun.arch.data.model" value="64"/>
    <property name="test.build.dir" value="/github/workspace/mnt/ozone/hadoop-ozone/integration-test/target/test-dir"/>
    <property name="test.cache.data" value=""/>
    <property name="java.vendor.url" value="http://java.oracle.com/"/>
    <property name="user.timezone" value=""/>
    <property name="java.vm.specification.version" value="1.8"/>
    <property name="os.name" value="Linux"/>
    <property name="test.build.data" value="/github/workspace/mnt/ozone/hadoop-ozone/integration-test/target/test-dir"/>
    <property name="user.country" value="US"/>
    <property name="sun.java.launcher" value="SUN_STANDARD"/>
    <property name="sun.boot.library.path" value="/usr/lib/jvm/java-1.8.0-openjdk-1.8.0.232.b09-0.el7_7.x86_64/jre/lib/amd64"/>
    <property name="sun.java.command" value="/github/workspace/mnt/ozone/hadoop-ozone/integration-test/target/surefire/surefirebooter6239591192306581884.jar /github/workspace/mnt/ozone/hadoop-ozone/integration-test/target/surefire 2020-04-25T00-39-45_767-jvmRun1 surefire94663332419367158tmp surefire_71543604919690911809tmp"/>
    <property name="surefire.test.class.path" value="/github/workspace/mnt/ozone/hadoop-ozone/integration-test/target/test-classes:/github/workspace/mnt/ozone/hadoop-ozone/integration-test/target/classes:/home/user/.m2/repository/org/apache/hadoop/hadoop-ozone-common/0.6.0-SNAPSHOT/hadoop-ozone-common-0.6.0-SNAPSHOT.jar:/home/user/.m2/repository/org/apache/commons/commons-compress/1.4.1/commons-compress-1.4.1.jar:/home/user/.m2/repository/org/tukaani/xz/1.0/xz-1.0.jar:/home/user/.m2/repository/org/apache/hadoop/hadoop-hdds-common/0.6.0-SNAPSHOT/hadoop-hdds-common-0.6.0-SNAPSHOT.jar:/home/user/.m2/repository/info/picocli/picocli/3.9.6/picocli-3.9.6.jar:/home/user/.m2/repository/com/fasterxml/jackson/core/jackson-annotations/2.10.3/jackson-annotations-2.10.3.jar:/home/user/.m2/repository/javax/annotation/javax.annotation-api/1.2/javax.annotation-api-1.2.jar:/home/user/.m2/repository/org/apache/ratis/ratis-server/0.6.0-490b689-SNAPSHOT/ratis-server-0.6.0-490b689-SNAPSHOT.jar:/home/user/.m2/repository/org/apache/ratis/ratis-thirdparty-misc/0.3.0/ratis-thirdparty-misc-0.3.0.jar:/home/user/.m2/repository/org/apache/ratis/ratis-client/0.6.0-490b689-SNAPSHOT/ratis-client-0.6.0-490b689-SNAPSHOT.jar:/home/user/.m2/repository/org/apache/ratis/ratis-metrics/0.6.0-490b689-SNAPSHOT/ratis-metrics-0.6.0-490b689-SNAPSHOT.jar:/home/user/.m2/repository/org/apache/ratis/ratis-netty/0.6.0-490b689-SNAPSHOT/ratis-netty-0.6.0-490b689-SNAPSHOT.jar:/home/user/.m2/repository/org/apache/ratis/ratis-grpc/0.6.0-490b689-SNAPSHOT/ratis-grpc-0.6.0-490b689-SNAPSHOT.jar:/home/user/.m2/repository/org/apache/logging/log4j/log4j-api/2.11.0/log4j-api-2.11.0.jar:/home/user/.m2/repository/org/apache/logging/log4j/log4j-core/2.11.0/log4j-core-2.11.0.jar:/home/user/.m2/repository/com/lmax/disruptor/3.4.2/disruptor-3.4.2.jar:/home/user/.m2/repository/org/apache/commons/commons-pool2/2.6.0/commons-pool2-2.6.0.jar:/home/user/.m2/repository/org/bouncycastle/bcpkix-jdk15on/1.60/bcpkix-jdk15on-1.60.jar:/home/user/.m2/repository/commons-validator/commons-validator/1.6/commons-validator-1.6.jar:/home/user/.m2/repository/commons-digester/commons-digester/1.8.1/commons-digester-1.8.1.jar:/home/user/.m2/repository/io/jaegertracing/jaeger-client/1.2.0/jaeger-client-1.2.0.jar:/home/user/.m2/repository/io/jaegertracing/jaeger-thrift/1.2.0/jaeger-thrift-1.2.0.jar:/home/user/.m2/repository/org/apache/thrift/libthrift/0.13.0/libthrift-0.13.0.jar:/home/user/.m2/repository/com/squareup/okhttp3/okhttp/4.2.2/okhttp-4.2.2.jar:/home/user/.m2/repository/com/squareup/okio/okio/2.2.2/okio-2.2.2.jar:/home/user/.m2/repository/org/jetbrains/kotlin/kotlin-stdlib/1.3.50/kotlin-stdlib-1.3.50.jar:/home/user/.m2/repository/org/jetbrains/kotlin/kotlin-stdlib-common/1.3.50/kotlin-stdlib-common-1.3.50.jar:/home/user/.m2/repository/org/jetbrains/annotations/13.0/annotations-13.0.jar:/home/user/.m2/repository/io/jaegertracing/jaeger-core/1.2.0/jaeger-core-1.2.0.jar:/home/user/.m2/repository/io/jaegertracing/jaeger-tracerresolver/1.2.0/jaeger-tracerresolver-1.2.0.jar:/home/user/.m2/repository/io/opentracing/contrib/opentracing-tracerresolver/0.1.8/opentracing-tracerresolver-0.1.8.jar:/home/user/.m2/repository/io/opentracing/opentracing-util/0.33.0/opentracing-util-0.33.0.jar:/home/user/.m2/repository/io/opentracing/opentracing-api/0.33.0/opentracing-api-0.33.0.jar:/home/user/.m2/repository/io/opentracing/opentracing-noop/0.33.0/opentracing-noop-0.33.0.jar:/home/user/.m2/repository/org/apache/hadoop/hadoop-hdds-client/0.6.0-SNAPSHOT/hadoop-hdds-client-0.6.0-SNAPSHOT.jar:/home/user/.m2/repository/org/apache/hadoop/hadoop-hdds-test-utils/0.6.0-SNAPSHOT/hadoop-hdds-test-utils-0.6.0-SNAPSHOT.jar:/home/user/.m2/repository/com/google/guava/guava/28.2-jre/guava-28.2-jre.jar:/home/user/.m2/repository/com/google/guava/failureaccess/1.0.1/failureaccess-1.0.1.jar:/home/user/.m2/repository/com/google/guava/listenablefuture/9999.0-empty-to-avoid-conflict-with-guava/listenablefuture-9999.0-empty-to-avoid-conflict-with-guava.jar:/home/user/.m2/repository/com/google/code/findbugs/jsr305/3.0.0/jsr305-3.0.0.jar:/home/user/.m2/repository/org/checkerframework/checker-qual/2.10.0/checker-qual-2.10.0.jar:/home/user/.m2/repository/com/google/errorprone/error_prone_annotations/2.3.4/error_prone_annotations-2.3.4.jar:/home/user/.m2/repository/com/google/j2objc/j2objc-annotations/1.3/j2objc-annotations-1.3.jar:/home/user/.m2/repository/commons-io/commons-io/2.5/commons-io-2.5.jar:/home/user/.m2/repository/commons-logging/commons-logging/1.1.3/commons-logging-1.1.3.jar:/home/user/.m2/repository/log4j/log4j/1.2.17/log4j-1.2.17.jar:/home/user/.m2/repository/org/apache/commons/commons-lang3/3.7/commons-lang3-3.7.jar:/home/user/.m2/repository/org/slf4j/slf4j-api/1.7.25/slf4j-api-1.7.25.jar:/home/user/.m2/repository/org/apache/hadoop/hadoop-hdds-server-scm/0.6.0-SNAPSHOT/hadoop-hdds-server-scm-0.6.0-SNAPSHOT.jar:/home/user/.m2/repository/org/apache/hadoop/hadoop-hdds-container-service/0.6.0-SNAPSHOT/hadoop-hdds-container-service-0.6.0-SNAPSHOT.jar:/home/user/.m2/repository/org/apache/hadoop/hadoop-hdds-hadoop-dependency-server/0.6.0-SNAPSHOT/hadoop-hdds-hadoop-dependency-server-0.6.0-SNAPSHOT.jar:/home/user/.m2/repository/org/apache/hadoop/hadoop-hdds-server-framework/0.6.0-SNAPSHOT/hadoop-hdds-server-framework-0.6.0-SNAPSHOT.jar:/home/user/.m2/repository/org/rocksdb/rocksdbjni/6.6.4/rocksdbjni-6.6.4.jar:/home/user/.m2/repository/io/prometheus/simpleclient_dropwizard/0.7.0/simpleclient_dropwizard-0.7.0.jar:/home/user/.m2/repository/io/prometheus/simpleclient/0.7.0/simpleclient-0.7.0.jar:/home/user/.m2/repository/io/prometheus/simpleclient_common/0.7.0/simpleclient_common-0.7.0.jar:/home/user/.m2/repository/com/fasterxml/jackson/datatype/jackson-datatype-jsr310/2.10.3/jackson-datatype-jsr310-2.10.3.jar:/home/user/.m2/repository/org/apache/hadoop/hadoop-hdds-docs/0.6.0-SNAPSHOT/hadoop-hdds-docs-0.6.0-SNAPSHOT.jar:/home/user/.m2/repository/io/dropwizard/metrics/metrics-core/3.2.4/metrics-core-3.2.4.jar:/home/user/.m2/repository/org/apache/hadoop/hadoop-hdfs-client/3.2.0/hadoop-hdfs-client-3.2.0.jar:/home/user/.m2/repository/org/bouncycastle/bcprov-jdk15on/1.60/bcprov-jdk15on-1.60.jar:/home/user/.m2/repository/org/apache/hadoop/hadoop-ozone-ozone-manager/0.6.0-SNAPSHOT/hadoop-ozone-ozone-manager-0.6.0-SNAPSHOT.jar:/home/user/.m2/repository/org/apache/hadoop/hadoop-minikdc/3.2.0/hadoop-minikdc-3.2.0.jar:/home/user/.m2/repository/org/apache/kerby/kerb-simplekdc/1.0.1/kerb-simplekdc-1.0.1.jar:/home/user/.m2/repository/org/apache/kerby/kerb-client/1.0.1/kerb-client-1.0.1.jar:/home/user/.m2/repository/org/apache/kerby/kerby-config/1.0.1/kerby-config-1.0.1.jar:/home/user/.m2/repository/org/apache/kerby/kerb-core/1.0.1/kerb-core-1.0.1.jar:/home/user/.m2/repository/org/apache/kerby/kerby-pkix/1.0.1/kerby-pkix-1.0.1.jar:/home/user/.m2/repository/org/apache/kerby/kerby-asn1/1.0.1/kerby-asn1-1.0.1.jar:/home/user/.m2/repository/org/apache/kerby/kerby-util/1.0.1/kerby-util-1.0.1.jar:/home/user/.m2/repository/org/apache/kerby/kerb-common/1.0.1/kerb-common-1.0.1.jar:/home/user/.m2/repository/org/apache/kerby/kerb-crypto/1.0.1/kerb-crypto-1.0.1.jar:/home/user/.m2/repository/org/apache/kerby/kerb-util/1.0.1/kerb-util-1.0.1.jar:/home/user/.m2/repository/org/apache/kerby/token-provider/1.0.1/token-provider-1.0.1.jar:/home/user/.m2/repository/org/apache/kerby/kerb-admin/1.0.1/kerb-admin-1.0.1.jar:/home/user/.m2/repository/org/apache/kerby/kerb-server/1.0.1/kerb-server-1.0.1.jar:/home/user/.m2/repository/org/apache/kerby/kerb-identity/1.0.1/kerb-identity-1.0.1.jar:/home/user/.m2/repository/org/apache/kerby/kerby-xdr/1.0.1/kerby-xdr-1.0.1.jar:/home/user/.m2/repository/org/slf4j/slf4j-log4j12/1.7.25/slf4j-log4j12-1.7.25.jar:/home/user/.m2/repository/org/apache/hadoop/hadoop-ozone-s3gateway/0.6.0-SNAPSHOT/hadoop-ozone-s3gateway-0.6.0-SNAPSHOT.jar:/home/user/.m2/repository/org/jboss/weld/servlet/weld-servlet/2.4.7.Final/weld-servlet-2.4.7.Final.jar:/home/user/.m2/repository/org/glassfish/jersey/containers/jersey-container-servlet-core/2.27/jersey-container-servlet-core-2.27.jar:/home/user/.m2/repository/org/glassfish/hk2/external/javax.inject/2.5.0-b42/javax.inject-2.5.0-b42.jar:/home/user/.m2/repository/org/glassfish/jersey/core/jersey-common/2.27/jersey-common-2.27.jar:/home/user/.m2/repository/org/glassfish/hk2/osgi-resource-locator/1.0.1/osgi-resource-locator-1.0.1.jar:/home/user/.m2/repository/javax/ws/rs/javax.ws.rs-api/2.1/javax.ws.rs-api-2.1.jar:/home/user/.m2/repository/org/glassfish/jersey/ext/cdi/jersey-cdi1x/2.27/jersey-cdi1x-2.27.jar:/home/user/.m2/repository/org/glassfish/jersey/inject/jersey-hk2/2.27/jersey-hk2-2.27.jar:/home/user/.m2/repository/org/glassfish/hk2/hk2-locator/2.5.0-b42/hk2-locator-2.5.0-b42.jar:/home/user/.m2/repository/org/javassist/javassist/3.22.0-CR2/javassist-3.22.0-CR2.jar:/home/user/.m2/repository/org/glassfish/hk2/hk2-api/2.5.0/hk2-api-2.5.0.jar:/home/user/.m2/repository/org/glassfish/hk2/external/jakarta.inject/2.5.0/jakarta.inject-2.5.0.jar:/home/user/.m2/repository/org/glassfish/hk2/hk2-utils/2.5.0/hk2-utils-2.5.0.jar:/home/user/.m2/repository/jakarta/annotation/jakarta.annotation-api/1.3.4/jakarta.annotation-api-1.3.4.jar:/home/user/.m2/repository/org/glassfish/hk2/external/aopalliance-repackaged/2.5.0/aopalliance-repackaged-2.5.0.jar:/home/user/.m2/repository/com/fasterxml/jackson/dataformat/jackson-dataformat-xml/2.9.0/jackson-dataformat-xml-2.9.0.jar:/home/user/.m2/repository/com/fasterxml/jackson/core/jackson-core/2.10.3/jackson-core-2.10.3.jar:/home/user/.m2/repository/com/fasterxml/jackson/module/jackson-module-jaxb-annotations/2.10.3/jackson-module-jaxb-annotations-2.10.3.jar:/home/user/.m2/repository/jakarta/xml/bind/jakarta.xml.bind-api/2.3.2/jakarta.xml.bind-api-2.3.2.jar:/home/user/.m2/repository/jakarta/activation/jakarta.activation-api/1.2.1/jakarta.activation-api-1.2.1.jar:/home/user/.m2/repository/org/codehaus/woodstox/stax2-api/3.1.4/stax2-api-3.1.4.jar:/home/user/.m2/repository/com/fasterxml/woodstox/woodstox-core/5.0.3/woodstox-core-5.0.3.jar:/home/user/.m2/repository/javax/enterprise/cdi-api/1.2/cdi-api-1.2.jar:/home/user/.m2/repository/javax/el/javax.el-api/3.0.0/javax.el-api-3.0.0.jar:/home/user/.m2/repository/javax/interceptor/javax.interceptor-api/1.2/javax.interceptor-api-1.2.jar:/home/user/.m2/repository/javax/inject/javax.inject/1/javax.inject-1.jar:/home/user/.m2/repository/com/sun/xml/bind/jaxb-impl/2.3.0.1/jaxb-impl-2.3.0.1.jar:/home/user/.m2/repository/com/sun/xml/bind/jaxb-core/2.3.0.1/jaxb-core-2.3.0.1.jar:/home/user/.m2/repository/javax/xml/bind/jaxb-api/2.3.0/jaxb-api-2.3.0.jar:/home/user/.m2/repository/javax/activation/activation/1.1.1/activation-1.1.1.jar:/home/user/.m2/repository/org/apache/hadoop/hadoop-ozone-csi/0.6.0-SNAPSHOT/hadoop-ozone-csi-0.6.0-SNAPSHOT.jar:/home/user/.m2/repository/com/google/protobuf/protobuf-java-util/3.5.1/protobuf-java-util-3.5.1.jar:/home/user/.m2/repository/com/google/code/gson/gson/2.2.4/gson-2.2.4.jar:/home/user/.m2/repository/org/apache/hadoop/hadoop-hdds-config/0.6.0-SNAPSHOT/hadoop-hdds-config-0.6.0-SNAPSHOT.jar:/home/user/.m2/repository/com/google/protobuf/protobuf-java/2.5.0/protobuf-java-2.5.0.jar:/home/user/.m2/repository/io/grpc/grpc-netty/1.17.1/grpc-netty-1.17.1.jar:/home/user/.m2/repository/io/grpc/grpc-core/1.17.1/grpc-core-1.17.1.jar:/home/user/.m2/repository/io/grpc/grpc-context/1.17.1/grpc-context-1.17.1.jar:/home/user/.m2/repository/org/codehaus/mojo/animal-sniffer-annotations/1.17/animal-sniffer-annotations-1.17.jar:/home/user/.m2/repository/io/opencensus/opencensus-api/0.17.0/opencensus-api-0.17.0.jar:/home/user/.m2/repository/io/opencensus/opencensus-contrib-grpc-metrics/0.17.0/opencensus-contrib-grpc-metrics-0.17.0.jar:/home/user/.m2/repository/io/netty/netty-codec-http2/4.1.30.Final/netty-codec-http2-4.1.30.Final.jar:/home/user/.m2/repository/io/netty/netty-codec-http/4.1.30.Final/netty-codec-http-4.1.30.Final.jar:/home/user/.m2/repository/io/netty/netty-codec/4.1.30.Final/netty-codec-4.1.30.Final.jar:/home/user/.m2/repository/io/netty/netty-handler/4.1.30.Final/netty-handler-4.1.30.Final.jar:/home/user/.m2/repository/io/netty/netty-handler-proxy/4.1.30.Final/netty-handler-proxy-4.1.30.Final.jar:/home/user/.m2/repository/io/netty/netty-codec-socks/4.1.30.Final/netty-codec-socks-4.1.30.Final.jar:/home/user/.m2/repository/io/netty/netty-transport-native-epoll/4.1.30.Final/netty-transport-native-epoll-4.1.30.Final.jar:/home/user/.m2/repository/io/netty/netty-common/4.1.30.Final/netty-common-4.1.30.Final.jar:/home/user/.m2/repository/io/netty/netty-buffer/4.1.30.Final/netty-buffer-4.1.30.Final.jar:/home/user/.m2/repository/io/netty/netty-transport/4.1.30.Final/netty-transport-4.1.30.Final.jar:/home/user/.m2/repository/io/netty/netty-resolver/4.1.30.Final/netty-resolver-4.1.30.Final.jar:/home/user/.m2/repository/io/netty/netty-transport-native-unix-common/4.1.30.Final/netty-transport-native-unix-common-4.1.30.Final.jar:/home/user/.m2/repository/io/grpc/grpc-protobuf/1.17.1/grpc-protobuf-1.17.1.jar:/home/user/.m2/repository/com/google/api/grpc/proto-google-common-protos/1.0.0/proto-google-common-protos-1.0.0.jar:/home/user/.m2/repository/io/grpc/grpc-protobuf-lite/1.17.1/grpc-protobuf-lite-1.17.1.jar:/home/user/.m2/repository/io/grpc/grpc-stub/1.17.1/grpc-stub-1.17.1.jar:/home/user/.m2/repository/org/apache/hadoop/hadoop-ozone-recon/0.6.0-SNAPSHOT/hadoop-ozone-recon-0.6.0-SNAPSHOT.jar:/home/user/.m2/repository/org/apache/hadoop/hadoop-ozone-reconcodegen/0.6.0-SNAPSHOT/hadoop-ozone-reconcodegen-0.6.0-SNAPSHOT.jar:/home/user/.m2/repository/com/google/inject/extensions/guice-multibindings/4.0/guice-multibindings-4.0.jar:/home/user/.m2/repository/com/google/inject/guice/4.0/guice-4.0.jar:/home/user/.m2/repository/aopalliance/aopalliance/1.0/aopalliance-1.0.jar:/home/user/.m2/repository/com/google/inject/extensions/guice-servlet/4.0/guice-servlet-4.0.jar:/home/user/.m2/repository/org/glassfish/jersey/containers/jersey-container-servlet/2.27/jersey-container-servlet-2.27.jar:/home/user/.m2/repository/org/glassfish/hk2/guice-bridge/2.5.0/guice-bridge-2.5.0.jar:/home/user/.m2/repository/org/glassfish/jersey/core/jersey-server/2.27/jersey-server-2.27.jar:/home/user/.m2/repository/org/glassfish/jersey/core/jersey-client/2.27/jersey-client-2.27.jar:/home/user/.m2/repository/org/glassfish/jersey/media/jersey-media-jaxb/2.27/jersey-media-jaxb-2.27.jar:/home/user/.m2/repository/javax/validation/validation-api/1.1.0.Final/validation-api-1.1.0.Final.jar:/home/user/.m2/repository/org/glassfish/jersey/media/jersey-media-json-jackson/2.27/jersey-media-json-jackson-2.27.jar:/home/user/.m2/repository/org/glassfish/jersey/ext/jersey-entity-filtering/2.27/jersey-entity-filtering-2.27.jar:/home/user/.m2/repository/com/google/inject/extensions/guice-assistedinject/4.0/guice-assistedinject-4.0.jar:/home/user/.m2/repository/org/jooq/jooq/3.11.10/jooq-3.11.10.jar:/home/user/.m2/repository/org/jooq/jooq-meta/3.11.10/jooq-meta-3.11.10.jar:/home/user/.m2/repository/org/jooq/jooq-codegen/3.11.10/jooq-codegen-3.11.10.jar:/home/user/.m2/repository/com/jolbox/bonecp/0.8.0.RELEASE/bonecp-0.8.0.RELEASE.jar:/home/user/.m2/repository/org/xerial/sqlite-jdbc/3.25.2/sqlite-jdbc-3.25.2.jar:/home/user/.m2/repository/org/springframework/spring-jdbc/5.2.5.RELEASE/spring-jdbc-5.2.5.RELEASE.jar:/home/user/.m2/repository/org/springframework/spring-beans/5.2.5.RELEASE/spring-beans-5.2.5.RELEASE.jar:/home/user/.m2/repository/org/springframework/spring-core/5.2.5.RELEASE/spring-core-5.2.5.RELEASE.jar:/home/user/.m2/repository/org/springframework/spring-jcl/5.2.5.RELEASE/spring-jcl-5.2.5.RELEASE.jar:/home/user/.m2/repository/org/springframework/spring-tx/5.2.5.RELEASE/spring-tx-5.2.5.RELEASE.jar:/home/user/.m2/repository/org/apache/hadoop/hadoop-ozone-client/0.6.0-SNAPSHOT/hadoop-ozone-client-0.6.0-SNAPSHOT.jar:/home/user/.m2/repository/org/apache/hadoop/hadoop-ozone-filesystem/0.6.0-SNAPSHOT/hadoop-ozone-filesystem-0.6.0-SNAPSHOT.jar:/home/user/.m2/repository/org/apache/hadoop/hadoop-hdds-hadoop-dependency-client/0.6.0-SNAPSHOT/hadoop-hdds-hadoop-dependency-client-0.6.0-SNAPSHOT.jar:/home/user/.m2/repository/org/apache/hadoop/hadoop-ozone-tools/0.6.0-SNAPSHOT/hadoop-ozone-tools-0.6.0-SNAPSHOT.jar:/home/user/.m2/repository/org/apache/hadoop/hadoop-hdfs/3.2.0/hadoop-hdfs-3.2.0.jar:/home/user/.m2/repository/org/apache/ratis/ratis-tools/0.6.0-490b689-SNAPSHOT/ratis-tools-0.6.0-490b689-SNAPSHOT.jar:/home/user/.m2/repository/org/apache/ratis/ratis-proto/0.6.0-490b689-SNAPSHOT/ratis-proto-0.6.0-490b689-SNAPSHOT.jar:/home/user/.m2/repository/org/apache/ratis/ratis-common/0.6.0-490b689-SNAPSHOT/ratis-common-0.6.0-490b689-SNAPSHOT.jar:/home/user/.m2/repository/com/amazonaws/aws-java-sdk-core/1.11.615/aws-java-sdk-core-1.11.615.jar:/home/user/.m2/repository/org/apache/httpcomponents/httpclient/4.5.2/httpclient-4.5.2.jar:/home/user/.m2/repository/org/apache/httpcomponents/httpcore/4.4.4/httpcore-4.4.4.jar:/home/user/.m2/repository/software/amazon/ion/ion-java/1.0.2/ion-java-1.0.2.jar:/home/user/.m2/repository/com/fasterxml/jackson/dataformat/jackson-dataformat-cbor/2.10.3/jackson-dataformat-cbor-2.10.3.jar:/home/user/.m2/repository/joda-time/joda-time/2.9.9/joda-time-2.9.9.jar:/home/user/.m2/repository/com/amazonaws/aws-java-sdk-s3/1.11.615/aws-java-sdk-s3-1.11.615.jar:/home/user/.m2/repository/com/amazonaws/aws-java-sdk-kms/1.11.615/aws-java-sdk-kms-1.11.615.jar:/home/user/.m2/repository/com/amazonaws/jmespath-java/1.11.615/jmespath-java-1.11.615.jar:/home/user/.m2/repository/org/apache/hadoop/hadoop-hdds-tools/0.6.0-SNAPSHOT/hadoop-hdds-tools-0.6.0-SNAPSHOT.jar:/home/user/.m2/repository/commons-cli/commons-cli/1.2/commons-cli-1.2.jar:/home/user/.m2/repository/commons-lang/commons-lang/2.6/commons-lang-2.6.jar:/home/user/.m2/repository/org/apache/hadoop/hadoop-ozone-ozone-manager/0.6.0-SNAPSHOT/hadoop-ozone-ozone-manager-0.6.0-SNAPSHOT-tests.jar:/home/user/.m2/repository/junit/junit/4.11/junit-4.11.jar:/home/user/.m2/repository/org/hamcrest/hamcrest-core/1.3/hamcrest-core-1.3.jar:/home/user/.m2/repository/org/openjdk/jmh/jmh-core/1.19/jmh-core-1.19.jar:/home/user/.m2/repository/net/sf/jopt-simple/jopt-simple/4.6/jopt-simple-4.6.jar:/home/user/.m2/repository/org/apache/commons/commons-math3/3.1.1/commons-math3-3.1.1.jar:/home/user/.m2/repository/org/openjdk/jmh/jmh-generator-annprocess/1.19/jmh-generator-annprocess-1.19.jar:/home/user/.m2/repository/org/mockito/mockito-all/1.8.5/mockito-all-1.8.5.jar:/home/user/.m2/repository/org/apache/hadoop/hadoop-kms/3.2.0/hadoop-kms-3.2.0.jar:/home/user/.m2/repository/org/apache/hadoop/hadoop-auth/3.2.0/hadoop-auth-3.2.0.jar:/home/user/.m2/repository/com/nimbusds/nimbus-jose-jwt/7.9/nimbus-jose-jwt-7.9.jar:/home/user/.m2/repository/com/github/stephenc/jcip/jcip-annotations/1.0-1/jcip-annotations-1.0-1.jar:/home/user/.m2/repository/net/minidev/json-smart/2.3/json-smart-2.3.jar:/home/user/.m2/repository/net/minidev/accessors-smart/1.2/accessors-smart-1.2.jar:/home/user/.m2/repository/org/ow2/asm/asm/5.0.4/asm-5.0.4.jar:/home/user/.m2/repository/org/apache/zookeeper/zookeeper/3.4.13/zookeeper-3.4.13.jar:/home/user/.m2/repository/org/apache/yetus/audience-annotations/0.5.0/audience-annotations-0.5.0.jar:/home/user/.m2/repository/org/apache/curator/curator-framework/2.12.0/curator-framework-2.12.0.jar:/home/user/.m2/repository/com/sun/jersey/jersey-core/1.19/jersey-core-1.19.jar:/home/user/.m2/repository/javax/ws/rs/jsr311-api/1.1.1/jsr311-api-1.1.1.jar:/home/user/.m2/repository/com/sun/jersey/jersey-server/1.19/jersey-server-1.19.jar:/home/user/.m2/repository/javax/servlet/javax.servlet-api/3.1.0/javax.servlet-api-3.1.0.jar:/home/user/.m2/repository/org/eclipse/jetty/jetty-server/9.4.26.v20200117/jetty-server-9.4.26.v20200117.jar:/home/user/.m2/repository/org/eclipse/jetty/jetty-http/9.4.26.v20200117/jetty-http-9.4.26.v20200117.jar:/home/user/.m2/repository/org/eclipse/jetty/jetty-io/9.4.26.v20200117/jetty-io-9.4.26.v20200117.jar:/home/user/.m2/repository/org/eclipse/jetty/jetty-webapp/9.4.26.v20200117/jetty-webapp-9.4.26.v20200117.jar:/home/user/.m2/repository/org/eclipse/jetty/jetty-xml/9.4.26.v20200117/jetty-xml-9.4.26.v20200117.jar:/home/user/.m2/repository/org/eclipse/jetty/jetty-servlet/9.4.26.v20200117/jetty-servlet-9.4.26.v20200117.jar:/home/user/.m2/repository/org/eclipse/jetty/jetty-security/9.4.26.v20200117/jetty-security-9.4.26.v20200117.jar:/home/user/.m2/repository/org/apache/hadoop/hadoop-common/3.2.0/hadoop-common-3.2.0.jar:/home/user/.m2/repository/commons-net/commons-net/3.6/commons-net-3.6.jar:/home/user/.m2/repository/commons-collections/commons-collections/3.2.2/commons-collections-3.2.2.jar:/home/user/.m2/repository/com/sun/jersey/jersey-servlet/1.19/jersey-servlet-1.19.jar:/home/user/.m2/repository/com/sun/jersey/jersey-json/1.19/jersey-json-1.19.jar:/home/user/.m2/repository/org/codehaus/jettison/jettison/1.1/jettison-1.1.jar:/home/user/.m2/repository/org/codehaus/jackson/jackson-jaxrs/1.9.13/jackson-jaxrs-1.9.13.jar:/home/user/.m2/repository/org/codehaus/jackson/jackson-xc/1.9.13/jackson-xc-1.9.13.jar:/home/user/.m2/repository/commons-beanutils/commons-beanutils/1.9.4/commons-beanutils-1.9.4.jar:/home/user/.m2/repository/org/apache/commons/commons-configuration2/2.1.1/commons-configuration2-2.1.1.jar:/home/user/.m2/repository/org/apache/commons/commons-text/1.4/commons-text-1.4.jar:/home/user/.m2/repository/com/google/re2j/re2j/1.1/re2j-1.1.jar:/home/user/.m2/repository/com/jcraft/jsch/0.1.54/jsch-0.1.54.jar:/home/user/.m2/repository/org/apache/curator/curator-client/2.12.0/curator-client-2.12.0.jar:/home/user/.m2/repository/org/apache/curator/curator-recipes/2.12.0/curator-recipes-2.12.0.jar:/home/user/.m2/repository/dnsjava/dnsjava/2.1.7/dnsjava-2.1.7.jar:/home/user/.m2/repository/org/slf4j/jul-to-slf4j/1.7.25/jul-to-slf4j-1.7.25.jar:/home/user/.m2/repository/org/eclipse/jetty/jetty-util/9.4.26.v20200117/jetty-util-9.4.26.v20200117.jar:/home/user/.m2/repository/com/fasterxml/jackson/core/jackson-databind/2.10.3/jackson-databind-2.10.3.jar:/home/user/.m2/repository/org/apache/hadoop/hadoop-kms/3.2.0/hadoop-kms-3.2.0-tests.jar:/home/user/.m2/repository/org/apache/hadoop/hadoop-hdds-server-scm/0.6.0-SNAPSHOT/hadoop-hdds-server-scm-0.6.0-SNAPSHOT-tests.jar:/home/user/.m2/repository/org/apache/hadoop/hadoop-hdds-container-service/0.6.0-SNAPSHOT/hadoop-hdds-container-service-0.6.0-SNAPSHOT-tests.jar:/home/user/.m2/repository/org/apache/hadoop/hadoop-hdds-common/0.6.0-SNAPSHOT/hadoop-hdds-common-0.6.0-SNAPSHOT-tests.jar:/home/user/.m2/repository/org/yaml/snakeyaml/1.16/snakeyaml-1.16.jar:/home/user/.m2/repository/org/apache/hadoop/hadoop-hdds-hadoop-dependency-test/0.6.0-SNAPSHOT/hadoop-hdds-hadoop-dependency-test-0.6.0-SNAPSHOT.jar:/home/user/.m2/repository/org/apache/hadoop/hadoop-common/3.2.0/hadoop-common-3.2.0-tests.jar:/home/user/.m2/repository/javax/servlet/jsp/jsp-api/2.1/jsp-api-2.1.jar:/home/user/.m2/repository/org/apache/hadoop/hadoop-hdfs/3.2.0/hadoop-hdfs-3.2.0-tests.jar:/home/user/.m2/repository/org/eclipse/jetty/jetty-util-ajax/9.4.26.v20200117/jetty-util-ajax-9.4.26.v20200117.jar:/home/user/.m2/repository/commons-codec/commons-codec/1.11/commons-codec-1.11.jar:/home/user/.m2/repository/commons-daemon/commons-daemon/1.0.13/commons-daemon-1.0.13.jar:/home/user/.m2/repository/io/netty/netty/3.10.5.Final/netty-3.10.5.Final.jar:/home/user/.m2/repository/io/netty/netty-all/4.1.47.Final/netty-all-4.1.47.Final.jar:/home/user/.m2/repository/org/apache/htrace/htrace-core4/4.1.0-incubating/htrace-core4-4.1.0-incubating.jar:/home/user/.m2/repository/org/fusesource/leveldbjni/leveldbjni-all/1.8/leveldbjni-all-1.8.jar:/home/user/.m2/repository/org/apache/hadoop/hadoop-distcp/3.2.0/hadoop-distcp-3.2.0.jar:/home/user/.m2/repository/org/apache/hadoop/hadoop-mapreduce-client-jobclient/3.2.0/hadoop-mapreduce-client-jobclient-3.2.0.jar:/home/user/.m2/repository/org/apache/hadoop/hadoop-mapreduce-client-common/3.2.0/hadoop-mapreduce-client-common-3.2.0.jar:/home/user/.m2/repository/org/apache/hadoop/hadoop-yarn-common/3.2.0/hadoop-yarn-common-3.2.0.jar:/home/user/.m2/repository/org/apache/hadoop/hadoop-yarn-api/3.2.0/hadoop-yarn-api-3.2.0.jar:/home/user/.m2/repository/com/sun/jersey/jersey-client/1.19/jersey-client-1.19.jar:/home/user/.m2/repository/com/sun/jersey/contribs/jersey-guice/1.19/jersey-guice-1.19.jar:/home/user/.m2/repository/com/fasterxml/jackson/jaxrs/jackson-jaxrs-json-provider/2.10.3/jackson-jaxrs-json-provider-2.10.3.jar:/home/user/.m2/repository/com/fasterxml/jackson/jaxrs/jackson-jaxrs-base/2.10.3/jackson-jaxrs-base-2.10.3.jar:/home/user/.m2/repository/org/apache/hadoop/hadoop-yarn-client/3.2.0/hadoop-yarn-client-3.2.0.jar:/home/user/.m2/repository/org/apache/hadoop/hadoop-mapreduce-client-core/3.2.0/hadoop-mapreduce-client-core-3.2.0.jar:/home/user/.m2/repository/org/apache/avro/avro/1.7.7/avro-1.7.7.jar:/home/user/.m2/repository/org/codehaus/jackson/jackson-core-asl/1.9.13/jackson-core-asl-1.9.13.jar:/home/user/.m2/repository/org/codehaus/jackson/jackson-mapper-asl/1.9.13/jackson-mapper-asl-1.9.13.jar:/home/user/.m2/repository/com/thoughtworks/paranamer/paranamer/2.3/paranamer-2.3.jar:/home/user/.m2/repository/org/xerial/snappy/snappy-java/1.0.5/snappy-java-1.0.5.jar:/home/user/.m2/repository/org/apache/hadoop/hadoop-annotations/3.2.0/hadoop-annotations-3.2.0.jar:/usr/lib/jvm/java-1.8.0-openjdk-1.8.0.232.b09-0.el7_7.x86_64/jre/../lib/tools.jar:/home/user/.m2/repository/org/apache/hadoop/hadoop-distcp/3.2.0/hadoop-distcp-3.2.0-tests.jar:"/>
    <property name="sun.cpu.endian" value="little"/>
    <property name="user.home" value="/home/user"/>
    <property name="user.language" value="en"/>
    <property name="java.specification.vendor" value="Oracle Corporation"/>
    <property name="java.home" value="/usr/lib/jvm/java-1.8.0-openjdk-1.8.0.232.b09-0.el7_7.x86_64/jre"/>
    <property name="java.security.krb5.conf" value="/github/workspace/mnt/ozone/hadoop-ozone/integration-test/target/test-classes/krb5.conf"/>
    <property name="basedir" value="/github/workspace/mnt/ozone/hadoop-ozone/integration-test"/>
    <property name="file.separator" value="/"/>
    <property name="line.separator" value="&#10;"/>
    <property name="java.vm.specification.vendor" value="Oracle Corporation"/>
    <property name="java.specification.name" value="Java Platform API Specification"/>
    <property name="java.awt.graphicsenv" value="sun.awt.X11GraphicsEnvironment"/>
    <property name="surefire.real.class.path" value="/github/workspace/mnt/ozone/hadoop-ozone/integration-test/target/surefire/surefirebooter6239591192306581884.jar:/home/user/.m2/repository/org/jacoco/org.jacoco.agent/0.8.3/org.jacoco.agent-0.8.3-runtime.jar"/>
    <property name="hadoop.log.dir" value="/github/workspace/mnt/ozone/hadoop-ozone/integration-test/target/log"/>
    <property name="sun.boot.class.path" value="/usr/lib/jvm/java-1.8.0-openjdk-1.8.0.232.b09-0.el7_7.x86_64/jre/lib/resources.jar:/usr/lib/jvm/java-1.8.0-openjdk-1.8.0.232.b09-0.el7_7.x86_64/jre/lib/rt.jar:/usr/lib/jvm/java-1.8.0-openjdk-1.8.0.232.b09-0.el7_7.x86_64/jre/lib/sunrsasign.jar:/usr/lib/jvm/java-1.8.0-openjdk-1.8.0.232.b09-0.el7_7.x86_64/jre/lib/jsse.jar:/usr/lib/jvm/java-1.8.0-openjdk-1.8.0.232.b09-0.el7_7.x86_64/jre/lib/jce.jar:/usr/lib/jvm/java-1.8.0-openjdk-1.8.0.232.b09-0.el7_7.x86_64/jre/lib/charsets.jar:/usr/lib/jvm/java-1.8.0-openjdk-1.8.0.232.b09-0.el7_7.x86_64/jre/lib/jfr.jar:/usr/lib/jvm/java-1.8.0-openjdk-1.8.0.232.b09-0.el7_7.x86_64/jre/classes"/>
    <property name="sun.management.compiler" value="HotSpot 64-Bit Tiered Compilers"/>
    <property name="java.runtime.version" value="1.8.0_232-b09"/>
    <property name="java.net.preferIPv4Stack" value="true"/>
    <property name="user.name" value="jenkins1001"/>
    <property name="path.separator" value=":"/>
    <property name="java.security.egd" value="file:///dev/urandom"/>
    <property name="os.version" value="5.0.0-1035-azure"/>
    <property name="java.endorsed.dirs" value="/usr/lib/jvm/java-1.8.0-openjdk-1.8.0.232.b09-0.el7_7.x86_64/jre/lib/endorsed"/>
    <property name="java.runtime.name" value="OpenJDK Runtime Environment"/>
    <property name="file.encoding" value="ANSI_X3.4-1968"/>
    <property name="java.vm.name" value="OpenJDK 64-Bit Server VM"/>
    <property name="test.build.webapps" value=""/>
    <property name="localRepository" value="/home/user/.m2/repository"/>
    <property name="java.vendor.url.bug" value="http://bugreport.sun.com/bugreport/"/>
    <property name="java.io.tmpdir" value="/tmp"/>
    <property name="require.test.libhadoop" value=""/>
    <property name="java.version" value="1.8.0_232"/>
    <property name="user.dir" value="/github/workspace/mnt/ozone/hadoop-ozone/integration-test"/>
    <property name="os.arch" value="amd64"/>
    <property name="java.vm.specification.name" value="Java Virtual Machine Specification"/>
    <property name="test.build.classes" value="/github/workspace/mnt/ozone/hadoop-ozone/integration-test/target/test-classes"/>
    <property name="java.awt.printerjob" value="sun.print.PSPrinterJob"/>
    <property name="sun.os.patch.level" value="unknown"/>
    <property name="hadoop.tmp.dir" value="/github/workspace/mnt/ozone/hadoop-ozone/integration-test/target/tmp"/>
    <property name="java.library.path" value="/usr/lib:/usr/java/packages/lib/amd64:/usr/lib64:/lib64:/lib:/usr/lib"/>
    <property name="java.vm.info" value="mixed mode"/>
    <property name="java.vendor" value="Oracle Corporation"/>
    <property name="java.vm.version" value="25.232-b09"/>
    <property name="java.ext.dirs" value="/usr/lib/jvm/java-1.8.0-openjdk-1.8.0.232.b09-0.el7_7.x86_64/jre/lib/ext:/usr/java/packages/lib/ext"/>
    <property name="sun.io.unicode.encoding" value="UnicodeLittle"/>
    <property name="java.class.version" value="52.0"/>
  </properties>
  <testcase name="test2DatanodesFailure" classname="org.apache.hadoop.ozone.client.rpc.TestBlockOutputStreamWithFailures" time="92.765"/>
  <testcase name="testDatanodeFailureWithPreAllocation" classname="org.apache.hadoop.ozone.client.rpc.TestBlockOutputStreamWithFailures" time="60.156"/>
  <testcase name="testDatanodeFailureWithSingleNodeRatis" classname="org.apache.hadoop.ozone.client.rpc.TestBlockOutputStreamWithFailures" time="58.416"/>
  <testcase name="testWatchForCommitWithSingleNodeRatis" classname="org.apache.hadoop.ozone.client.rpc.TestBlockOutputStreamWithFailures" time="37.789"/>
  <testcase name="testWatchForCommitDatanodeFailure" classname="org.apache.hadoop.ozone.client.rpc.TestBlockOutputStreamWithFailures" time="39.954"/>
  <testcase name="testFailureWithPrimeSizedData" classname="org.apache.hadoop.ozone.client.rpc.TestBlockOutputStreamWithFailures" time="39.187">
    <failure type="java.lang.AssertionError">java.lang.AssertionError
	at org.junit.Assert.fail(Assert.java:86)
	at org.junit.Assert.assertTrue(Assert.java:41)
	at org.junit.Assert.assertFalse(Assert.java:64)
	at org.junit.Assert.assertFalse(Assert.java:74)
	at org.apache.hadoop.ozone.container.TestHelper.waitForContainerClose(TestHelper.java:256)
	at org.apache.hadoop.ozone.container.TestHelper.waitForContainerClose(TestHelper.java:151)
	at org.apache.hadoop.ozone.client.rpc.TestBlockOutputStreamWithFailures.testFailureWithPrimeSizedData(TestBlockOutputStreamWithFailures.java:462)
	at sun.reflect.NativeMethodAccessorImpl.invoke0(Native Method)
	at sun.reflect.NativeMethodAccessorImpl.invoke(NativeMethodAccessorImpl.java:62)
	at sun.reflect.DelegatingMethodAccessorImpl.invoke(DelegatingMethodAccessorImpl.java:43)
	at java.lang.reflect.Method.invoke(Method.java:498)
	at org.junit.runners.model.FrameworkMethod$1.runReflectiveCall(FrameworkMethod.java:47)
	at org.junit.internal.runners.model.ReflectiveCallable.run(ReflectiveCallable.java:12)
	at org.junit.runners.model.FrameworkMethod.invokeExplosively(FrameworkMethod.java:44)
	at org.junit.internal.runners.statements.InvokeMethod.evaluate(InvokeMethod.java:17)
	at org.junit.internal.runners.statements.RunBefores.evaluate(RunBefores.java:26)
	at org.junit.internal.runners.statements.RunAfters.evaluate(RunAfters.java:27)
	at org.junit.runners.ParentRunner.runLeaf(ParentRunner.java:271)
	at org.junit.runners.BlockJUnit4ClassRunner.runChild(BlockJUnit4ClassRunner.java:70)
	at org.junit.runners.BlockJUnit4ClassRunner.runChild(BlockJUnit4ClassRunner.java:50)
	at org.junit.runners.ParentRunner$3.run(ParentRunner.java:238)
	at org.junit.runners.ParentRunner$1.schedule(ParentRunner.java:63)
	at org.junit.runners.ParentRunner.runChildren(ParentRunner.java:236)
	at org.junit.runners.ParentRunner.access$000(ParentRunner.java:53)
	at org.junit.runners.ParentRunner$2.evaluate(ParentRunner.java:229)
	at org.junit.runners.ParentRunner.run(ParentRunner.java:309)
	at org.apache.maven.surefire.junit4.JUnit4Provider.execute(JUnit4Provider.java:365)
	at org.apache.maven.surefire.junit4.JUnit4Provider.executeWithRerun(JUnit4Provider.java:273)
	at org.apache.maven.surefire.junit4.JUnit4Provider.executeTestSet(JUnit4Provider.java:238)
	at org.apache.maven.surefire.junit4.JUnit4Provider.invoke(JUnit4Provider.java:159)
	at org.apache.maven.surefire.booter.ForkedBooter.invokeProviderInSameClassLoader(ForkedBooter.java:384)
	at org.apache.maven.surefire.booter.ForkedBooter.runSuitesInProcess(ForkedBooter.java:345)
	at org.apache.maven.surefire.booter.ForkedBooter.execute(ForkedBooter.java:126)
	at org.apache.maven.surefire.booter.ForkedBooter.main(ForkedBooter.java:418)
</failure>
    <system-out><![CDATA[2020-04-25 00:52:11,961 [main] WARN  server.ServerUtils (ServerUtils.java:getScmDbDir(148)) - ozone.scm.db.dirs is not configured. We recommend adding this setting. Falling back to ozone.metadata.dirs instead.
2020-04-25 00:52:11,963 [main] WARN  server.ServerUtils (ServerUtils.java:getScmDbDir(148)) - ozone.scm.db.dirs is not configured. We recommend adding this setting. Falling back to ozone.metadata.dirs instead.
2020-04-25 00:52:11,963 [main] WARN  db.DBStoreBuilder (DBStoreBuilder.java:createDBStoreBuilder(277)) - ozone.scm.db.dirs is not configured. We recommend adding this setting. Falling back to ozone.metadata.dirs instead.
2020-04-25 00:52:11,992 [main] INFO  net.NodeSchemaLoader (NodeSchemaLoader.java:loadSchemaFromFile(126)) - Loading file from sun.misc.CompoundEnumeration@51833b0a
2020-04-25 00:52:11,993 [main] INFO  net.NodeSchemaLoader (NodeSchemaLoader.java:loadSchema(172)) - Loading network topology layer schema file
2020-04-25 00:52:11,999 [main] WARN  server.ServerUtils (ServerUtils.java:sanitizeUserArgs(67)) - ozone.scm.dead.node.interval value = 10000 is smaller than min = 20000 based on the key value of ozone.scm.stale.node.interval, reset to the min value 20000.
2020-04-25 00:52:12,007 [main] INFO  node.SCMNodeManager (SCMNodeManager.java:<init>(116)) - Entering startup safe mode.
2020-04-25 00:52:12,007 [main] INFO  algorithms.ContainerPlacementPolicyFactory (ContainerPlacementPolicyFactory.java:getPolicy(60)) - Create container placement policy of type org.apache.hadoop.hdds.scm.container.placement.algorithms.SCMContainerPlacementRandom
2020-04-25 00:52:12,008 [main] INFO  pipeline.SCMPipelineManager (SCMPipelineManager.java:initializePipelineState(158)) - No pipeline exists in current db
2020-04-25 00:52:12,010 [main] INFO  safemode.HealthyPipelineSafeModeRule (HealthyPipelineSafeModeRule.java:<init>(89)) - Total pipeline count is 0, healthy pipeline threshold count is 0
2020-04-25 00:52:12,010 [main] INFO  safemode.OneReplicaPipelineSafeModeRule (OneReplicaPipelineSafeModeRule.java:<init>(79)) - Total pipeline count is 0, pipeline's with at least one datanode reported threshold count is 0
2020-04-25 00:52:12,015 [RatisPipelineUtilsThread] ERROR pipeline.SCMPipelineManager (SCMPipelineManager.java:createPipeline(222)) - Failed to create pipeline of type RATIS and factor ONE. Exception: Cannot create pipeline of factor 1 using 0 nodes. Used 0 nodes. Healthy nodes 0
2020-04-25 00:52:12,016 [main] INFO  ipc.CallQueueManager (CallQueueManager.java:<init>(84)) - Using callQueue: class java.util.concurrent.LinkedBlockingQueue, queueCapacity: 2000, scheduler: class org.apache.hadoop.ipc.DefaultRpcScheduler, ipcBackoff: false.
2020-04-25 00:52:12,017 [main] INFO  ipc.CallQueueManager (CallQueueManager.java:<init>(84)) - Using callQueue: class java.util.concurrent.LinkedBlockingQueue, queueCapacity: 2000, scheduler: class org.apache.hadoop.ipc.DefaultRpcScheduler, ipcBackoff: false.
2020-04-25 00:52:12,018 [Socket Reader #1 for port 34155] INFO  ipc.Server (Server.java:run(1074)) - Starting Socket Reader #1 for port 34155
2020-04-25 00:52:12,019 [Socket Reader #1 for port 37323] INFO  ipc.Server (Server.java:run(1074)) - Starting Socket Reader #1 for port 37323
2020-04-25 00:52:12,019 [main] INFO  ipc.CallQueueManager (CallQueueManager.java:<init>(84)) - Using callQueue: class java.util.concurrent.LinkedBlockingQueue, queueCapacity: 2000, scheduler: class org.apache.hadoop.ipc.DefaultRpcScheduler, ipcBackoff: false.
2020-04-25 00:52:12,023 [Socket Reader #1 for port 37191] INFO  ipc.Server (Server.java:run(1074)) - Starting Socket Reader #1 for port 37191
2020-04-25 00:52:12,028 [main] INFO  http.BaseHttpServer (BaseHttpServer.java:newHttpServer2BuilderForOzone(174)) - Starting Web-server for scm at: http://0.0.0.0:0
2020-04-25 00:52:12,031 [main] INFO  server.AuthenticationFilter (AuthenticationFilter.java:constructSecretProvider(240)) - Unable to initialize FileSignerSecretProvider, falling back to use random secrets.
2020-04-25 00:52:12,031 [main] WARN  http.HttpRequestLog (HttpRequestLog.java:getRequestLog(103)) - Jetty request log can only be enabled using Log4j
2020-04-25 00:52:12,032 [main] INFO  http.HttpServer2 (HttpServer2.java:addGlobalFilter(979)) - Added global filter 'safety' (class=org.apache.hadoop.hdds.server.http.HttpServer2$QuotingInputFilter)
2020-04-25 00:52:12,032 [main] INFO  http.HttpServer2 (HttpServer2.java:addFilter(955)) - Added filter static_user_filter (class=org.apache.hadoop.hdds.server.http.StaticUserWebFilter$StaticUserFilter) to context scm
2020-04-25 00:52:12,033 [main] INFO  http.HttpServer2 (HttpServer2.java:addFilter(963)) - Added filter static_user_filter (class=org.apache.hadoop.hdds.server.http.StaticUserWebFilter$StaticUserFilter) to context logs
2020-04-25 00:52:12,033 [main] INFO  http.HttpServer2 (HttpServer2.java:addFilter(963)) - Added filter static_user_filter (class=org.apache.hadoop.hdds.server.http.StaticUserWebFilter$StaticUserFilter) to context static
2020-04-25 00:52:12,037 [main] INFO  server.StorageContainerManager (StorageContainerManager.java:start(781)) - StorageContainerLocationProtocol RPC server is listening at /0.0.0.0:37191
2020-04-25 00:52:12,039 [main] WARN  impl.MetricsConfig (MetricsConfig.java:loadFirst(134)) - Cannot locate configuration: tried hadoop-metrics2-storagecontainermanager.properties,hadoop-metrics2.properties
2020-04-25 00:52:12,040 [main] INFO  impl.MetricsSystemImpl (MetricsSystemImpl.java:startTimer(374)) - Scheduled Metric snapshot period at 10 second(s).
2020-04-25 00:52:12,041 [main] INFO  impl.MetricsSystemImpl (MetricsSystemImpl.java:start(191)) - StorageContainerManager metrics system started
2020-04-25 00:52:12,086 [main] WARN  impl.MetricsSystemImpl (MetricsSystemImpl.java:register(276)) - Sink prometheus already exists!
2020-04-25 00:52:12,131 [main] INFO  server.SCMClientProtocolServer (SCMClientProtocolServer.java:start(155)) - RPC server for Client  is listening at /0.0.0.0:37191
2020-04-25 00:52:12,135 [IPC Server Responder] INFO  ipc.Server (Server.java:run(1314)) - IPC Server Responder: starting
2020-04-25 00:52:12,136 [IPC Server listener on 37191] INFO  ipc.Server (Server.java:run(1153)) - IPC Server listener on 37191: starting
2020-04-25 00:52:12,147 [main] INFO  server.StorageContainerManager (StorageContainerManager.java:start(793)) - ScmBlockLocationProtocol RPC server is listening at /0.0.0.0:34155
2020-04-25 00:52:12,148 [main] INFO  server.SCMBlockProtocolServer (SCMBlockProtocolServer.java:start(149)) - RPC server for Block Protocol is listening at /0.0.0.0:34155
2020-04-25 00:52:12,151 [IPC Server Responder] INFO  ipc.Server (Server.java:run(1314)) - IPC Server Responder: starting
2020-04-25 00:52:12,151 [IPC Server listener on 34155] INFO  ipc.Server (Server.java:run(1153)) - IPC Server listener on 34155: starting
2020-04-25 00:52:12,155 [main] INFO  server.StorageContainerManager (StorageContainerManager.java:start(799)) - ScmDatanodeProtocl RPC server is listening at /0.0.0.0:37323
2020-04-25 00:52:12,155 [main] INFO  server.SCMDatanodeProtocolServer (SCMDatanodeProtocolServer.java:start(172)) - RPC server for DataNodes is listening at /0.0.0.0:37323
2020-04-25 00:52:12,156 [IPC Server Responder] INFO  ipc.Server (Server.java:run(1314)) - IPC Server Responder: starting
2020-04-25 00:52:12,156 [IPC Server listener on 37323] INFO  ipc.Server (Server.java:run(1153)) - IPC Server listener on 37323: starting
2020-04-25 00:52:12,171 [main] INFO  http.HttpServer2 (HttpServer2.java:bindListener(1197)) - Jetty bound to port 46007
2020-04-25 00:52:12,171 [main] INFO  server.Server (Server.java:doStart(359)) - jetty-9.4.26.v20200117; built: 2020-01-17T12:35:33.676Z; git: 7b38981d25d14afb4a12ff1f2596756144edf695; jvm 1.8.0_232-b09
2020-04-25 00:52:12,173 [main] INFO  server.session (DefaultSessionIdManager.java:doStart(333)) - DefaultSessionIdManager workerName=node0
2020-04-25 00:52:12,173 [main] INFO  server.session (DefaultSessionIdManager.java:doStart(338)) - No SessionScavenger set, using defaults
2020-04-25 00:52:12,173 [main] INFO  server.session (HouseKeeper.java:startScavenging(140)) - node0 Scavenging every 600000ms
2020-04-25 00:52:12,174 [main] INFO  handler.ContextHandler (ContextHandler.java:doStart(825)) - Started o.e.j.s.ServletContextHandler@433c1f40{logs,/logs,file:///github/workspace/mnt/ozone/hadoop-ozone/integration-test/target/log,AVAILABLE}
2020-04-25 00:52:12,174 [main] INFO  handler.ContextHandler (ContextHandler.java:doStart(825)) - Started o.e.j.s.ServletContextHandler@39d63889{static,/static,file:///github/workspace/mnt/ozone/hadoop-ozone/integration-test/target/test-classes/webapps/static,AVAILABLE}
2020-04-25 00:52:12,178 [main] INFO  handler.ContextHandler (ContextHandler.java:doStart(825)) - Started o.e.j.w.WebAppContext@1d02071c{scm,/,file:///github/workspace/mnt/ozone/hadoop-ozone/integration-test/target/test-classes/webapps/scm/,AVAILABLE}{file:/github/workspace/mnt/ozone/hadoop-ozone/integration-test/target/test-classes/webapps/scm}
2020-04-25 00:52:12,190 [main] INFO  server.AbstractConnector (AbstractConnector.java:doStart(330)) - Started ServerConnector@43d2de72{HTTP/1.1,[http/1.1]}{0.0.0.0:46007}
2020-04-25 00:52:12,190 [main] INFO  server.Server (Server.java:doStart(399)) - Started @290748ms
2020-04-25 00:52:12,190 [main] WARN  impl.MetricsSystemImpl (MetricsSystemImpl.java:register(276)) - Sink prometheus already exists!
2020-04-25 00:52:12,193 [main] INFO  http.BaseHttpServer (BaseHttpServer.java:updateConnectorAddress(288)) - HTTP server of scm listening at http://0.0.0.0:46007
2020-04-25 00:52:12,194 [main] WARN  server.ServerUtils (ServerUtils.java:getDBPath(225)) - ozone.om.db.dirs is not configured. We recommend adding this setting. Falling back to ozone.metadata.dirs instead.
2020-04-25 00:52:12,205 [main] INFO  ha.OMHANodeDetails (OMHANodeDetails.java:loadOMHAConfig(104)) - ozone.om.internal.service.id is not defined, falling back to ozone.om.service.ids to find serviceID for OzoneManager if it is HA enabled cluster
2020-04-25 00:52:12,205 [main] INFO  ha.OMHANodeDetails (OMHANodeDetails.java:loadOMHAConfig(207)) - Configuration either no ozone.om.address set. Falling back to the default OM address /127.0.0.1:0
2020-04-25 00:52:12,205 [main] INFO  ha.OMHANodeDetails (OMHANodeDetails.java:getOMNodeDetails(237)) - OM Service ID is not set. Setting it to the default ID: omServiceIdDefault
2020-04-25 00:52:12,205 [main] WARN  server.ServerUtils (ServerUtils.java:getDBPath(225)) - ozone.om.db.dirs is not configured. We recommend adding this setting. Falling back to ozone.metadata.dirs instead.
2020-04-25 00:52:12,206 [org.apache.hadoop.util.JvmPauseMonitor$Monitor@50eb0a3] INFO  util.JvmPauseMonitor (JvmPauseMonitor.java:run(188)) - Starting JVM pause monitor
2020-04-25 00:52:12,206 [main] WARN  server.ServerUtils (ServerUtils.java:getDBPath(225)) - ozone.om.db.dirs is not configured. We recommend adding this setting. Falling back to ozone.metadata.dirs instead.
2020-04-25 00:52:12,222 [main] WARN  server.ServerUtils (ServerUtils.java:getDBPath(225)) - ozone.om.db.dirs is not configured. We recommend adding this setting. Falling back to ozone.metadata.dirs instead.
2020-04-25 00:52:12,287 [main] INFO  ipc.CallQueueManager (CallQueueManager.java:<init>(84)) - Using callQueue: class java.util.concurrent.LinkedBlockingQueue, queueCapacity: 2000, scheduler: class org.apache.hadoop.ipc.DefaultRpcScheduler, ipcBackoff: false.
2020-04-25 00:52:12,288 [Socket Reader #1 for port 37129] INFO  ipc.Server (Server.java:run(1074)) - Starting Socket Reader #1 for port 37129
2020-04-25 00:52:12,314 [main] INFO  impl.MetricsSystemImpl (MetricsSystemImpl.java:init(158)) - OzoneManager metrics system started (again)
2020-04-25 00:52:12,315 [main] INFO  om.OzoneManager (OzoneManager.java:start(1113)) - OzoneManager RPC server is listening at localhost/127.0.0.1:37129
2020-04-25 00:52:12,317 [IPC Server Responder] INFO  ipc.Server (Server.java:run(1314)) - IPC Server Responder: starting
2020-04-25 00:52:12,318 [IPC Server listener on 37129] INFO  ipc.Server (Server.java:run(1153)) - IPC Server listener on 37129: starting
2020-04-25 00:52:12,324 [main] INFO  http.BaseHttpServer (BaseHttpServer.java:newHttpServer2BuilderForOzone(174)) - Starting Web-server for ozoneManager at: http://0.0.0.0:0
2020-04-25 00:52:12,326 [main] INFO  server.AuthenticationFilter (AuthenticationFilter.java:constructSecretProvider(240)) - Unable to initialize FileSignerSecretProvider, falling back to use random secrets.
2020-04-25 00:52:12,326 [main] WARN  http.HttpRequestLog (HttpRequestLog.java:getRequestLog(103)) - Jetty request log can only be enabled using Log4j
2020-04-25 00:52:12,327 [main] INFO  http.HttpServer2 (HttpServer2.java:addGlobalFilter(979)) - Added global filter 'safety' (class=org.apache.hadoop.hdds.server.http.HttpServer2$QuotingInputFilter)
2020-04-25 00:52:12,327 [main] INFO  http.HttpServer2 (HttpServer2.java:addFilter(955)) - Added filter static_user_filter (class=org.apache.hadoop.hdds.server.http.StaticUserWebFilter$StaticUserFilter) to context ozoneManager
2020-04-25 00:52:12,327 [main] INFO  http.HttpServer2 (HttpServer2.java:addFilter(963)) - Added filter static_user_filter (class=org.apache.hadoop.hdds.server.http.StaticUserWebFilter$StaticUserFilter) to context logs
2020-04-25 00:52:12,328 [main] INFO  http.HttpServer2 (HttpServer2.java:addFilter(963)) - Added filter static_user_filter (class=org.apache.hadoop.hdds.server.http.StaticUserWebFilter$StaticUserFilter) to context static
2020-04-25 00:52:12,328 [main] INFO  http.HttpServer2 (HttpServer2.java:bindListener(1197)) - Jetty bound to port 45989
2020-04-25 00:52:12,328 [main] INFO  server.Server (Server.java:doStart(359)) - jetty-9.4.26.v20200117; built: 2020-01-17T12:35:33.676Z; git: 7b38981d25d14afb4a12ff1f2596756144edf695; jvm 1.8.0_232-b09
2020-04-25 00:52:12,329 [main] INFO  server.session (DefaultSessionIdManager.java:doStart(333)) - DefaultSessionIdManager workerName=node0
2020-04-25 00:52:12,330 [main] INFO  server.session (DefaultSessionIdManager.java:doStart(338)) - No SessionScavenger set, using defaults
2020-04-25 00:52:12,330 [main] INFO  server.session (HouseKeeper.java:startScavenging(140)) - node0 Scavenging every 660000ms
2020-04-25 00:52:12,330 [main] INFO  handler.ContextHandler (ContextHandler.java:doStart(825)) - Started o.e.j.s.ServletContextHandler@14caf368{logs,/logs,file:///github/workspace/mnt/ozone/hadoop-ozone/integration-test/target/log,AVAILABLE}
2020-04-25 00:52:12,331 [main] INFO  handler.ContextHandler (ContextHandler.java:doStart(825)) - Started o.e.j.s.ServletContextHandler@2b3789d3{static,/static,file:///github/workspace/mnt/ozone/hadoop-ozone/integration-test/target/test-classes/webapps/static,AVAILABLE}
2020-04-25 00:52:12,335 [main] INFO  handler.ContextHandler (ContextHandler.java:doStart(825)) - Started o.e.j.w.WebAppContext@5639ed8c{ozoneManager,/,file:///github/workspace/mnt/ozone/hadoop-ozone/integration-test/target/test-classes/webapps/ozoneManager/,AVAILABLE}{file:/github/workspace/mnt/ozone/hadoop-ozone/integration-test/target/test-classes/webapps/ozoneManager}
2020-04-25 00:52:12,336 [main] INFO  server.AbstractConnector (AbstractConnector.java:doStart(330)) - Started ServerConnector@1b6afbd1{HTTP/1.1,[http/1.1]}{0.0.0.0:45989}
2020-04-25 00:52:12,337 [main] INFO  server.Server (Server.java:doStart(399)) - Started @290894ms
2020-04-25 00:52:12,337 [main] WARN  impl.MetricsSystemImpl (MetricsSystemImpl.java:register(276)) - Sink prometheus already exists!
2020-04-25 00:52:12,339 [main] INFO  http.BaseHttpServer (BaseHttpServer.java:updateConnectorAddress(288)) - HTTP server of ozoneManager listening at http://0.0.0.0:45989
2020-04-25 00:52:12,369 [main] INFO  impl.MetricsSystemImpl (MetricsSystemImpl.java:init(158)) - HddsDatanode metrics system started (again)
2020-04-25 00:52:12,380 [main] INFO  ozone.HddsDatanodeService (HddsDatanodeService.java:start(204)) - HddsDatanodeService host:077b0f5420d0 ip:172.17.0.2
2020-04-25 00:52:12,381 [main] INFO  volume.HddsVolume (HddsVolume.java:<init>(176)) - Creating Volume: /github/workspace/mnt/ozone/hadoop-ozone/integration-test/target/test-dir/MiniOzoneClusterImpl-fac2b43d-d0f4-41bd-8b0e-0750bdad7e42/datanode-0/data-0/containers/hdds of storage type : DISK and capacity : 9223372036854775807
2020-04-25 00:52:12,381 [main] INFO  volume.MutableVolumeSet (MutableVolumeSet.java:initializeVolumeSet(189)) - Added Volume : /github/workspace/mnt/ozone/hadoop-ozone/integration-test/target/test-dir/MiniOzoneClusterImpl-fac2b43d-d0f4-41bd-8b0e-0750bdad7e42/datanode-0/data-0/containers/hdds to VolumeSet
2020-04-25 00:52:12,381 [main] INFO  volume.ThrottledAsyncChecker (ThrottledAsyncChecker.java:schedule(141)) - Scheduling a check for /github/workspace/mnt/ozone/hadoop-ozone/integration-test/target/test-dir/MiniOzoneClusterImpl-fac2b43d-d0f4-41bd-8b0e-0750bdad7e42/datanode-0/data-0/containers/hdds
2020-04-25 00:52:12,382 [main] INFO  volume.HddsVolumeChecker (HddsVolumeChecker.java:checkAllVolumes(200)) - Scheduled health check for volume /github/workspace/mnt/ozone/hadoop-ozone/integration-test/target/test-dir/MiniOzoneClusterImpl-fac2b43d-d0f4-41bd-8b0e-0750bdad7e42/datanode-0/data-0/containers/hdds
2020-04-25 00:52:12,404 [main] INFO  impl.RaftServerProxy (ConfUtils.java:logGet(44)) - raft.rpc.type = GRPC (default)
2020-04-25 00:52:12,404 [main] INFO  grpc.GrpcFactory (GrpcFactory.java:checkPooledByteBufAllocatorUseCacheForAllThreads(45)) - PERFORMANCE WARNING: useCacheForAllThreads is true that may cause Netty to create a lot garbage objects and, as a result, trigger GC.
	It is recommended to disable useCacheForAllThreads by setting -Dorg.apache.ratis.thirdparty.io.netty.allocator.useCacheForAllThreads=false in command line.
2020-04-25 00:52:12,404 [main] INFO  grpc.GrpcConfigKeys (ConfUtils.java:logGet(44)) - raft.grpc.server.port = 0 (default)
2020-04-25 00:52:12,404 [main] INFO  server.GrpcService (ConfUtils.java:logGet(44)) - raft.grpc.message.size.max = 32MB (=33554432) (custom)
2020-04-25 00:52:12,404 [main] INFO  server.RaftServerConfigKeys (ConfUtils.java:logGet(44)) - raft.server.log.appender.buffer.byte-limit = 33554432 (custom)
2020-04-25 00:52:12,405 [main] INFO  server.GrpcService (ConfUtils.java:logGet(44)) - raft.grpc.flow.control.window = 5MB (=5242880) (custom)
2020-04-25 00:52:12,405 [main] INFO  server.RaftServerConfigKeys (ConfUtils.java:logGet(44)) - raft.server.rpc.request.timeout = 3s (default)
2020-04-25 00:52:12,405 [main] INFO  server.RaftServerConfigKeys (ConfUtils.java:logGet(44)) - raft.server.storage.dir = [/github/workspace/mnt/ozone/hadoop-ozone/integration-test/target/test-dir/MiniOzoneClusterImpl-fac2b43d-d0f4-41bd-8b0e-0750bdad7e42/datanode-0/data/ratis] (custom)
2020-04-25 00:52:12,408 [main] INFO  http.BaseHttpServer (BaseHttpServer.java:newHttpServer2BuilderForOzone(174)) - Starting Web-server for hddsDatanode at: http://0.0.0.0:0
2020-04-25 00:52:12,409 [main] INFO  server.AuthenticationFilter (AuthenticationFilter.java:constructSecretProvider(240)) - Unable to initialize FileSignerSecretProvider, falling back to use random secrets.
2020-04-25 00:52:12,410 [main] WARN  http.HttpRequestLog (HttpRequestLog.java:getRequestLog(103)) - Jetty request log can only be enabled using Log4j
2020-04-25 00:52:12,410 [main] INFO  http.HttpServer2 (HttpServer2.java:addGlobalFilter(979)) - Added global filter 'safety' (class=org.apache.hadoop.hdds.server.http.HttpServer2$QuotingInputFilter)
2020-04-25 00:52:12,411 [main] INFO  http.HttpServer2 (HttpServer2.java:addFilter(955)) - Added filter static_user_filter (class=org.apache.hadoop.hdds.server.http.StaticUserWebFilter$StaticUserFilter) to context hddsDatanode
2020-04-25 00:52:12,411 [main] INFO  http.HttpServer2 (HttpServer2.java:addFilter(963)) - Added filter static_user_filter (class=org.apache.hadoop.hdds.server.http.StaticUserWebFilter$StaticUserFilter) to context static
2020-04-25 00:52:12,411 [main] INFO  http.HttpServer2 (HttpServer2.java:addFilter(963)) - Added filter static_user_filter (class=org.apache.hadoop.hdds.server.http.StaticUserWebFilter$StaticUserFilter) to context logs
2020-04-25 00:52:12,411 [main] INFO  http.HttpServer2 (HttpServer2.java:bindListener(1197)) - Jetty bound to port 37945
2020-04-25 00:52:12,411 [main] INFO  server.Server (Server.java:doStart(359)) - jetty-9.4.26.v20200117; built: 2020-01-17T12:35:33.676Z; git: 7b38981d25d14afb4a12ff1f2596756144edf695; jvm 1.8.0_232-b09
2020-04-25 00:52:12,413 [main] INFO  server.session (DefaultSessionIdManager.java:doStart(333)) - DefaultSessionIdManager workerName=node0
2020-04-25 00:52:12,413 [main] INFO  server.session (DefaultSessionIdManager.java:doStart(338)) - No SessionScavenger set, using defaults
2020-04-25 00:52:12,413 [main] INFO  server.session (HouseKeeper.java:startScavenging(140)) - node0 Scavenging every 600000ms
2020-04-25 00:52:12,413 [main] INFO  handler.ContextHandler (ContextHandler.java:doStart(825)) - Started o.e.j.s.ServletContextHandler@3f10aab{logs,/logs,file:///github/workspace/mnt/ozone/hadoop-ozone/integration-test/target/log,AVAILABLE}
2020-04-25 00:52:12,414 [main] INFO  handler.ContextHandler (ContextHandler.java:doStart(825)) - Started o.e.j.s.ServletContextHandler@27c1bf72{static,/static,jar:file:/home/user/.m2/repository/org/apache/hadoop/hadoop-hdds-container-service/0.6.0-SNAPSHOT/hadoop-hdds-container-service-0.6.0-SNAPSHOT.jar!/webapps/static,AVAILABLE}
2020-04-25 00:52:12,442 [main] INFO  handler.ContextHandler (ContextHandler.java:doStart(825)) - Started o.e.j.w.WebAppContext@49109a37{hddsDatanode,/,file:///tmp/jetty-0_0_0_0-37945-hadoop-hdds-container-service-0_6_0-SNAPSHOT_jar-_-any-8779282244079832792.dir/webapp/,AVAILABLE}{jar:file:/home/user/.m2/repository/org/apache/hadoop/hadoop-hdds-container-service/0.6.0-SNAPSHOT/hadoop-hdds-container-service-0.6.0-SNAPSHOT.jar!/webapps/hddsDatanode}
2020-04-25 00:52:12,443 [main] INFO  server.AbstractConnector (AbstractConnector.java:doStart(330)) - Started ServerConnector@508c5015{HTTP/1.1,[http/1.1]}{0.0.0.0:37945}
2020-04-25 00:52:12,443 [main] INFO  server.Server (Server.java:doStart(399)) - Started @291001ms
2020-04-25 00:52:12,443 [main] WARN  impl.MetricsSystemImpl (MetricsSystemImpl.java:register(276)) - Sink prometheus already exists!
2020-04-25 00:52:12,446 [main] INFO  http.BaseHttpServer (BaseHttpServer.java:updateConnectorAddress(288)) - HTTP server of hddsDatanode listening at http://0.0.0.0:37945
2020-04-25 00:52:12,446 [main] INFO  impl.MetricsSystemImpl (MetricsSystemImpl.java:init(158)) - HddsDatanode metrics system started (again)
2020-04-25 00:52:12,449 [main] INFO  ozone.HddsDatanodeService (HddsDatanodeService.java:start(204)) - HddsDatanodeService host:077b0f5420d0 ip:172.17.0.2
2020-04-25 00:52:12,451 [org.apache.hadoop.util.JvmPauseMonitor$Monitor@5f74528e] INFO  util.JvmPauseMonitor (JvmPauseMonitor.java:run(188)) - Starting JVM pause monitor
2020-04-25 00:52:12,453 [Datanode State Machine Thread - 0] INFO  datanode.InitDatanodeState (InitDatanodeState.java:persistContainerDatanodeDetails(145)) - DatanodeDetails is persisted to /github/workspace/mnt/ozone/hadoop-ozone/integration-test/target/test-dir/MiniOzoneClusterImpl-fac2b43d-d0f4-41bd-8b0e-0750bdad7e42/datanode-0/meta/datanode.id
2020-04-25 00:52:12,453 [main] INFO  volume.HddsVolume (HddsVolume.java:<init>(176)) - Creating Volume: /github/workspace/mnt/ozone/hadoop-ozone/integration-test/target/test-dir/MiniOzoneClusterImpl-fac2b43d-d0f4-41bd-8b0e-0750bdad7e42/datanode-1/data-0/containers/hdds of storage type : DISK and capacity : 9223372036854775807
2020-04-25 00:52:12,453 [main] INFO  volume.MutableVolumeSet (MutableVolumeSet.java:initializeVolumeSet(189)) - Added Volume : /github/workspace/mnt/ozone/hadoop-ozone/integration-test/target/test-dir/MiniOzoneClusterImpl-fac2b43d-d0f4-41bd-8b0e-0750bdad7e42/datanode-1/data-0/containers/hdds to VolumeSet
2020-04-25 00:52:12,453 [main] INFO  volume.ThrottledAsyncChecker (ThrottledAsyncChecker.java:schedule(141)) - Scheduling a check for /github/workspace/mnt/ozone/hadoop-ozone/integration-test/target/test-dir/MiniOzoneClusterImpl-fac2b43d-d0f4-41bd-8b0e-0750bdad7e42/datanode-1/data-0/containers/hdds
2020-04-25 00:52:12,454 [main] INFO  volume.HddsVolumeChecker (HddsVolumeChecker.java:checkAllVolumes(200)) - Scheduled health check for volume /github/workspace/mnt/ozone/hadoop-ozone/integration-test/target/test-dir/MiniOzoneClusterImpl-fac2b43d-d0f4-41bd-8b0e-0750bdad7e42/datanode-1/data-0/containers/hdds
2020-04-25 00:52:12,471 [main] INFO  impl.RaftServerProxy (ConfUtils.java:logGet(44)) - raft.rpc.type = GRPC (default)
2020-04-25 00:52:12,472 [main] INFO  grpc.GrpcFactory (GrpcFactory.java:checkPooledByteBufAllocatorUseCacheForAllThreads(45)) - PERFORMANCE WARNING: useCacheForAllThreads is true that may cause Netty to create a lot garbage objects and, as a result, trigger GC.
	It is recommended to disable useCacheForAllThreads by setting -Dorg.apache.ratis.thirdparty.io.netty.allocator.useCacheForAllThreads=false in command line.
2020-04-25 00:52:12,472 [main] INFO  grpc.GrpcConfigKeys (ConfUtils.java:logGet(44)) - raft.grpc.server.port = 0 (default)
2020-04-25 00:52:12,472 [main] INFO  server.GrpcService (ConfUtils.java:logGet(44)) - raft.grpc.message.size.max = 32MB (=33554432) (custom)
2020-04-25 00:52:12,473 [main] INFO  server.RaftServerConfigKeys (ConfUtils.java:logGet(44)) - raft.server.log.appender.buffer.byte-limit = 33554432 (custom)
2020-04-25 00:52:12,473 [main] INFO  server.GrpcService (ConfUtils.java:logGet(44)) - raft.grpc.flow.control.window = 5MB (=5242880) (custom)
2020-04-25 00:52:12,473 [main] INFO  server.RaftServerConfigKeys (ConfUtils.java:logGet(44)) - raft.server.rpc.request.timeout = 3s (default)
2020-04-25 00:52:12,473 [main] INFO  server.RaftServerConfigKeys (ConfUtils.java:logGet(44)) - raft.server.storage.dir = [/github/workspace/mnt/ozone/hadoop-ozone/integration-test/target/test-dir/MiniOzoneClusterImpl-fac2b43d-d0f4-41bd-8b0e-0750bdad7e42/datanode-1/data/ratis] (custom)
2020-04-25 00:52:12,477 [main] INFO  http.BaseHttpServer (BaseHttpServer.java:newHttpServer2BuilderForOzone(174)) - Starting Web-server for hddsDatanode at: http://0.0.0.0:0
2020-04-25 00:52:12,478 [main] INFO  server.AuthenticationFilter (AuthenticationFilter.java:constructSecretProvider(240)) - Unable to initialize FileSignerSecretProvider, falling back to use random secrets.
2020-04-25 00:52:12,478 [main] WARN  http.HttpRequestLog (HttpRequestLog.java:getRequestLog(103)) - Jetty request log can only be enabled using Log4j
2020-04-25 00:52:12,479 [main] INFO  http.HttpServer2 (HttpServer2.java:addGlobalFilter(979)) - Added global filter 'safety' (class=org.apache.hadoop.hdds.server.http.HttpServer2$QuotingInputFilter)
2020-04-25 00:52:12,479 [main] INFO  http.HttpServer2 (HttpServer2.java:addFilter(955)) - Added filter static_user_filter (class=org.apache.hadoop.hdds.server.http.StaticUserWebFilter$StaticUserFilter) to context hddsDatanode
2020-04-25 00:52:12,479 [main] INFO  http.HttpServer2 (HttpServer2.java:addFilter(963)) - Added filter static_user_filter (class=org.apache.hadoop.hdds.server.http.StaticUserWebFilter$StaticUserFilter) to context logs
2020-04-25 00:52:12,479 [main] INFO  http.HttpServer2 (HttpServer2.java:addFilter(963)) - Added filter static_user_filter (class=org.apache.hadoop.hdds.server.http.StaticUserWebFilter$StaticUserFilter) to context static
2020-04-25 00:52:12,480 [main] INFO  http.HttpServer2 (HttpServer2.java:bindListener(1197)) - Jetty bound to port 44287
2020-04-25 00:52:12,480 [main] INFO  server.Server (Server.java:doStart(359)) - jetty-9.4.26.v20200117; built: 2020-01-17T12:35:33.676Z; git: 7b38981d25d14afb4a12ff1f2596756144edf695; jvm 1.8.0_232-b09
2020-04-25 00:52:12,482 [main] INFO  server.session (DefaultSessionIdManager.java:doStart(333)) - DefaultSessionIdManager workerName=node0
2020-04-25 00:52:12,482 [main] INFO  server.session (DefaultSessionIdManager.java:doStart(338)) - No SessionScavenger set, using defaults
2020-04-25 00:52:12,483 [main] INFO  server.session (HouseKeeper.java:startScavenging(140)) - node0 Scavenging every 600000ms
2020-04-25 00:52:12,483 [main] INFO  handler.ContextHandler (ContextHandler.java:doStart(825)) - Started o.e.j.s.ServletContextHandler@39715642{logs,/logs,file:///github/workspace/mnt/ozone/hadoop-ozone/integration-test/target/log,AVAILABLE}
2020-04-25 00:52:12,483 [main] INFO  handler.ContextHandler (ContextHandler.java:doStart(825)) - Started o.e.j.s.ServletContextHandler@837d640{static,/static,jar:file:/home/user/.m2/repository/org/apache/hadoop/hadoop-hdds-container-service/0.6.0-SNAPSHOT/hadoop-hdds-container-service-0.6.0-SNAPSHOT.jar!/webapps/static,AVAILABLE}
2020-04-25 00:52:12,511 [main] INFO  handler.ContextHandler (ContextHandler.java:doStart(825)) - Started o.e.j.w.WebAppContext@55b65de1{hddsDatanode,/,file:///tmp/jetty-0_0_0_0-44287-hadoop-hdds-container-service-0_6_0-SNAPSHOT_jar-_-any-8901225272625855940.dir/webapp/,AVAILABLE}{jar:file:/home/user/.m2/repository/org/apache/hadoop/hadoop-hdds-container-service/0.6.0-SNAPSHOT/hadoop-hdds-container-service-0.6.0-SNAPSHOT.jar!/webapps/hddsDatanode}
2020-04-25 00:52:12,513 [main] INFO  server.AbstractConnector (AbstractConnector.java:doStart(330)) - Started ServerConnector@2a94362f{HTTP/1.1,[http/1.1]}{0.0.0.0:44287}
2020-04-25 00:52:12,513 [main] INFO  server.Server (Server.java:doStart(399)) - Started @291070ms
2020-04-25 00:52:12,513 [main] WARN  impl.MetricsSystemImpl (MetricsSystemImpl.java:register(276)) - Sink prometheus already exists!
2020-04-25 00:52:12,516 [main] INFO  http.BaseHttpServer (BaseHttpServer.java:updateConnectorAddress(288)) - HTTP server of hddsDatanode listening at http://0.0.0.0:44287
2020-04-25 00:52:12,516 [main] INFO  impl.MetricsSystemImpl (MetricsSystemImpl.java:init(158)) - HddsDatanode metrics system started (again)
2020-04-25 00:52:12,519 [main] INFO  ozone.HddsDatanodeService (HddsDatanodeService.java:start(204)) - HddsDatanodeService host:077b0f5420d0 ip:172.17.0.2
2020-04-25 00:52:12,520 [org.apache.hadoop.util.JvmPauseMonitor$Monitor@54fc197c] INFO  util.JvmPauseMonitor (JvmPauseMonitor.java:run(188)) - Starting JVM pause monitor
2020-04-25 00:52:12,520 [main] INFO  volume.HddsVolume (HddsVolume.java:<init>(176)) - Creating Volume: /github/workspace/mnt/ozone/hadoop-ozone/integration-test/target/test-dir/MiniOzoneClusterImpl-fac2b43d-d0f4-41bd-8b0e-0750bdad7e42/datanode-2/data-0/containers/hdds of storage type : DISK and capacity : 9223372036854775807
2020-04-25 00:52:12,520 [main] INFO  volume.MutableVolumeSet (MutableVolumeSet.java:initializeVolumeSet(189)) - Added Volume : /github/workspace/mnt/ozone/hadoop-ozone/integration-test/target/test-dir/MiniOzoneClusterImpl-fac2b43d-d0f4-41bd-8b0e-0750bdad7e42/datanode-2/data-0/containers/hdds to VolumeSet
2020-04-25 00:52:12,521 [main] INFO  volume.ThrottledAsyncChecker (ThrottledAsyncChecker.java:schedule(141)) - Scheduling a check for /github/workspace/mnt/ozone/hadoop-ozone/integration-test/target/test-dir/MiniOzoneClusterImpl-fac2b43d-d0f4-41bd-8b0e-0750bdad7e42/datanode-2/data-0/containers/hdds
2020-04-25 00:52:12,521 [Datanode State Machine Thread - 0] INFO  datanode.InitDatanodeState (InitDatanodeState.java:persistContainerDatanodeDetails(145)) - DatanodeDetails is persisted to /github/workspace/mnt/ozone/hadoop-ozone/integration-test/target/test-dir/MiniOzoneClusterImpl-fac2b43d-d0f4-41bd-8b0e-0750bdad7e42/datanode-1/meta/datanode.id
2020-04-25 00:52:12,521 [main] INFO  volume.HddsVolumeChecker (HddsVolumeChecker.java:checkAllVolumes(200)) - Scheduled health check for volume /github/workspace/mnt/ozone/hadoop-ozone/integration-test/target/test-dir/MiniOzoneClusterImpl-fac2b43d-d0f4-41bd-8b0e-0750bdad7e42/datanode-2/data-0/containers/hdds
2020-04-25 00:52:12,637 [main] INFO  impl.RaftServerProxy (ConfUtils.java:logGet(44)) - raft.rpc.type = GRPC (default)
2020-04-25 00:52:12,637 [main] INFO  grpc.GrpcFactory (GrpcFactory.java:checkPooledByteBufAllocatorUseCacheForAllThreads(45)) - PERFORMANCE WARNING: useCacheForAllThreads is true that may cause Netty to create a lot garbage objects and, as a result, trigger GC.
	It is recommended to disable useCacheForAllThreads by setting -Dorg.apache.ratis.thirdparty.io.netty.allocator.useCacheForAllThreads=false in command line.
2020-04-25 00:52:12,638 [main] INFO  grpc.GrpcConfigKeys (ConfUtils.java:logGet(44)) - raft.grpc.server.port = 0 (default)
2020-04-25 00:52:12,638 [main] INFO  server.GrpcService (ConfUtils.java:logGet(44)) - raft.grpc.message.size.max = 32MB (=33554432) (custom)
2020-04-25 00:52:12,638 [main] INFO  server.RaftServerConfigKeys (ConfUtils.java:logGet(44)) - raft.server.log.appender.buffer.byte-limit = 33554432 (custom)
2020-04-25 00:52:12,638 [main] INFO  server.GrpcService (ConfUtils.java:logGet(44)) - raft.grpc.flow.control.window = 5MB (=5242880) (custom)
2020-04-25 00:52:12,638 [main] INFO  server.RaftServerConfigKeys (ConfUtils.java:logGet(44)) - raft.server.rpc.request.timeout = 3s (default)
2020-04-25 00:52:12,639 [main] INFO  server.RaftServerConfigKeys (ConfUtils.java:logGet(44)) - raft.server.storage.dir = [/github/workspace/mnt/ozone/hadoop-ozone/integration-test/target/test-dir/MiniOzoneClusterImpl-fac2b43d-d0f4-41bd-8b0e-0750bdad7e42/datanode-2/data/ratis] (custom)
2020-04-25 00:52:12,642 [main] INFO  http.BaseHttpServer (BaseHttpServer.java:newHttpServer2BuilderForOzone(174)) - Starting Web-server for hddsDatanode at: http://0.0.0.0:0
2020-04-25 00:52:12,645 [main] INFO  server.AuthenticationFilter (AuthenticationFilter.java:constructSecretProvider(240)) - Unable to initialize FileSignerSecretProvider, falling back to use random secrets.
2020-04-25 00:52:12,655 [main] WARN  http.HttpRequestLog (HttpRequestLog.java:getRequestLog(103)) - Jetty request log can only be enabled using Log4j
2020-04-25 00:52:12,656 [main] INFO  http.HttpServer2 (HttpServer2.java:addGlobalFilter(979)) - Added global filter 'safety' (class=org.apache.hadoop.hdds.server.http.HttpServer2$QuotingInputFilter)
2020-04-25 00:52:12,656 [main] INFO  http.HttpServer2 (HttpServer2.java:addFilter(955)) - Added filter static_user_filter (class=org.apache.hadoop.hdds.server.http.StaticUserWebFilter$StaticUserFilter) to context hddsDatanode
2020-04-25 00:52:12,657 [main] INFO  http.HttpServer2 (HttpServer2.java:addFilter(963)) - Added filter static_user_filter (class=org.apache.hadoop.hdds.server.http.StaticUserWebFilter$StaticUserFilter) to context static
2020-04-25 00:52:12,657 [main] INFO  http.HttpServer2 (HttpServer2.java:addFilter(963)) - Added filter static_user_filter (class=org.apache.hadoop.hdds.server.http.StaticUserWebFilter$StaticUserFilter) to context logs
2020-04-25 00:52:12,657 [main] INFO  http.HttpServer2 (HttpServer2.java:bindListener(1197)) - Jetty bound to port 39941
2020-04-25 00:52:12,657 [main] INFO  server.Server (Server.java:doStart(359)) - jetty-9.4.26.v20200117; built: 2020-01-17T12:35:33.676Z; git: 7b38981d25d14afb4a12ff1f2596756144edf695; jvm 1.8.0_232-b09
2020-04-25 00:52:12,659 [main] INFO  server.session (DefaultSessionIdManager.java:doStart(333)) - DefaultSessionIdManager workerName=node0
2020-04-25 00:52:12,659 [main] INFO  server.session (DefaultSessionIdManager.java:doStart(338)) - No SessionScavenger set, using defaults
2020-04-25 00:52:12,659 [main] INFO  server.session (HouseKeeper.java:startScavenging(140)) - node0 Scavenging every 600000ms
2020-04-25 00:52:12,660 [main] INFO  handler.ContextHandler (ContextHandler.java:doStart(825)) - Started o.e.j.s.ServletContextHandler@4219bf07{logs,/logs,file:///github/workspace/mnt/ozone/hadoop-ozone/integration-test/target/log,AVAILABLE}
2020-04-25 00:52:12,660 [main] INFO  handler.ContextHandler (ContextHandler.java:doStart(825)) - Started o.e.j.s.ServletContextHandler@2fea6cfb{static,/static,jar:file:/home/user/.m2/repository/org/apache/hadoop/hadoop-hdds-container-service/0.6.0-SNAPSHOT/hadoop-hdds-container-service-0.6.0-SNAPSHOT.jar!/webapps/static,AVAILABLE}
2020-04-25 00:52:12,694 [main] INFO  handler.ContextHandler (ContextHandler.java:doStart(825)) - Started o.e.j.w.WebAppContext@6937ea9a{hddsDatanode,/,file:///tmp/jetty-0_0_0_0-39941-hadoop-hdds-container-service-0_6_0-SNAPSHOT_jar-_-any-4981099992106761418.dir/webapp/,AVAILABLE}{jar:file:/home/user/.m2/repository/org/apache/hadoop/hadoop-hdds-container-service/0.6.0-SNAPSHOT/hadoop-hdds-container-service-0.6.0-SNAPSHOT.jar!/webapps/hddsDatanode}
2020-04-25 00:52:12,695 [main] INFO  server.AbstractConnector (AbstractConnector.java:doStart(330)) - Started ServerConnector@639ca2cf{HTTP/1.1,[http/1.1]}{0.0.0.0:39941}
2020-04-25 00:52:12,696 [main] INFO  server.Server (Server.java:doStart(399)) - Started @291253ms
2020-04-25 00:52:12,696 [main] WARN  impl.MetricsSystemImpl (MetricsSystemImpl.java:register(276)) - Sink prometheus already exists!
2020-04-25 00:52:12,698 [main] INFO  http.BaseHttpServer (BaseHttpServer.java:updateConnectorAddress(288)) - HTTP server of hddsDatanode listening at http://0.0.0.0:39941
2020-04-25 00:52:12,699 [main] INFO  impl.MetricsSystemImpl (MetricsSystemImpl.java:init(158)) - HddsDatanode metrics system started (again)
2020-04-25 00:52:12,701 [main] INFO  ozone.HddsDatanodeService (HddsDatanodeService.java:start(204)) - HddsDatanodeService host:077b0f5420d0 ip:172.17.0.2
2020-04-25 00:52:12,703 [main] INFO  volume.HddsVolume (HddsVolume.java:<init>(176)) - Creating Volume: /github/workspace/mnt/ozone/hadoop-ozone/integration-test/target/test-dir/MiniOzoneClusterImpl-fac2b43d-d0f4-41bd-8b0e-0750bdad7e42/datanode-3/data-0/containers/hdds of storage type : DISK and capacity : 9223372036854775807
2020-04-25 00:52:12,704 [main] INFO  volume.MutableVolumeSet (MutableVolumeSet.java:initializeVolumeSet(189)) - Added Volume : /github/workspace/mnt/ozone/hadoop-ozone/integration-test/target/test-dir/MiniOzoneClusterImpl-fac2b43d-d0f4-41bd-8b0e-0750bdad7e42/datanode-3/data-0/containers/hdds to VolumeSet
2020-04-25 00:52:12,704 [main] INFO  volume.ThrottledAsyncChecker (ThrottledAsyncChecker.java:schedule(141)) - Scheduling a check for /github/workspace/mnt/ozone/hadoop-ozone/integration-test/target/test-dir/MiniOzoneClusterImpl-fac2b43d-d0f4-41bd-8b0e-0750bdad7e42/datanode-3/data-0/containers/hdds
2020-04-25 00:52:12,707 [main] INFO  volume.HddsVolumeChecker (HddsVolumeChecker.java:checkAllVolumes(200)) - Scheduled health check for volume /github/workspace/mnt/ozone/hadoop-ozone/integration-test/target/test-dir/MiniOzoneClusterImpl-fac2b43d-d0f4-41bd-8b0e-0750bdad7e42/datanode-3/data-0/containers/hdds
2020-04-25 00:52:12,707 [org.apache.hadoop.util.JvmPauseMonitor$Monitor@32591f59] INFO  util.JvmPauseMonitor (JvmPauseMonitor.java:run(188)) - Starting JVM pause monitor
2020-04-25 00:52:12,709 [Datanode State Machine Thread - 0] INFO  datanode.InitDatanodeState (InitDatanodeState.java:persistContainerDatanodeDetails(145)) - DatanodeDetails is persisted to /github/workspace/mnt/ozone/hadoop-ozone/integration-test/target/test-dir/MiniOzoneClusterImpl-fac2b43d-d0f4-41bd-8b0e-0750bdad7e42/datanode-2/meta/datanode.id
2020-04-25 00:52:12,729 [main] INFO  impl.RaftServerProxy (ConfUtils.java:logGet(44)) - raft.rpc.type = GRPC (default)
2020-04-25 00:52:12,729 [main] INFO  grpc.GrpcFactory (GrpcFactory.java:checkPooledByteBufAllocatorUseCacheForAllThreads(45)) - PERFORMANCE WARNING: useCacheForAllThreads is true that may cause Netty to create a lot garbage objects and, as a result, trigger GC.
	It is recommended to disable useCacheForAllThreads by setting -Dorg.apache.ratis.thirdparty.io.netty.allocator.useCacheForAllThreads=false in command line.
2020-04-25 00:52:12,729 [main] INFO  grpc.GrpcConfigKeys (ConfUtils.java:logGet(44)) - raft.grpc.server.port = 0 (default)
2020-04-25 00:52:12,729 [main] INFO  server.GrpcService (ConfUtils.java:logGet(44)) - raft.grpc.message.size.max = 32MB (=33554432) (custom)
2020-04-25 00:52:12,729 [main] INFO  server.RaftServerConfigKeys (ConfUtils.java:logGet(44)) - raft.server.log.appender.buffer.byte-limit = 33554432 (custom)
2020-04-25 00:52:12,729 [main] INFO  server.GrpcService (ConfUtils.java:logGet(44)) - raft.grpc.flow.control.window = 5MB (=5242880) (custom)
2020-04-25 00:52:12,729 [main] INFO  server.RaftServerConfigKeys (ConfUtils.java:logGet(44)) - raft.server.rpc.request.timeout = 3s (default)
2020-04-25 00:52:12,730 [main] INFO  server.RaftServerConfigKeys (ConfUtils.java:logGet(44)) - raft.server.storage.dir = [/github/workspace/mnt/ozone/hadoop-ozone/integration-test/target/test-dir/MiniOzoneClusterImpl-fac2b43d-d0f4-41bd-8b0e-0750bdad7e42/datanode-3/data/ratis] (custom)
2020-04-25 00:52:12,734 [main] INFO  http.BaseHttpServer (BaseHttpServer.java:newHttpServer2BuilderForOzone(174)) - Starting Web-server for hddsDatanode at: http://0.0.0.0:0
2020-04-25 00:52:12,735 [main] INFO  server.AuthenticationFilter (AuthenticationFilter.java:constructSecretProvider(240)) - Unable to initialize FileSignerSecretProvider, falling back to use random secrets.
2020-04-25 00:52:12,735 [main] WARN  http.HttpRequestLog (HttpRequestLog.java:getRequestLog(103)) - Jetty request log can only be enabled using Log4j
2020-04-25 00:52:12,736 [main] INFO  http.HttpServer2 (HttpServer2.java:addGlobalFilter(979)) - Added global filter 'safety' (class=org.apache.hadoop.hdds.server.http.HttpServer2$QuotingInputFilter)
2020-04-25 00:52:12,736 [main] INFO  http.HttpServer2 (HttpServer2.java:addFilter(955)) - Added filter static_user_filter (class=org.apache.hadoop.hdds.server.http.StaticUserWebFilter$StaticUserFilter) to context hddsDatanode
2020-04-25 00:52:12,737 [main] INFO  http.HttpServer2 (HttpServer2.java:addFilter(963)) - Added filter static_user_filter (class=org.apache.hadoop.hdds.server.http.StaticUserWebFilter$StaticUserFilter) to context static
2020-04-25 00:52:12,737 [main] INFO  http.HttpServer2 (HttpServer2.java:addFilter(963)) - Added filter static_user_filter (class=org.apache.hadoop.hdds.server.http.StaticUserWebFilter$StaticUserFilter) to context logs
2020-04-25 00:52:12,737 [main] INFO  http.HttpServer2 (HttpServer2.java:bindListener(1197)) - Jetty bound to port 34681
2020-04-25 00:52:12,737 [main] INFO  server.Server (Server.java:doStart(359)) - jetty-9.4.26.v20200117; built: 2020-01-17T12:35:33.676Z; git: 7b38981d25d14afb4a12ff1f2596756144edf695; jvm 1.8.0_232-b09
2020-04-25 00:52:12,739 [main] INFO  server.session (DefaultSessionIdManager.java:doStart(333)) - DefaultSessionIdManager workerName=node0
2020-04-25 00:52:12,740 [main] INFO  server.session (DefaultSessionIdManager.java:doStart(338)) - No SessionScavenger set, using defaults
2020-04-25 00:52:12,740 [main] INFO  server.session (HouseKeeper.java:startScavenging(140)) - node0 Scavenging every 660000ms
2020-04-25 00:52:12,741 [main] INFO  handler.ContextHandler (ContextHandler.java:doStart(825)) - Started o.e.j.s.ServletContextHandler@2b80646e{logs,/logs,file:///github/workspace/mnt/ozone/hadoop-ozone/integration-test/target/log,AVAILABLE}
2020-04-25 00:52:12,741 [main] INFO  handler.ContextHandler (ContextHandler.java:doStart(825)) - Started o.e.j.s.ServletContextHandler@27a71ffa{static,/static,jar:file:/home/user/.m2/repository/org/apache/hadoop/hadoop-hdds-container-service/0.6.0-SNAPSHOT/hadoop-hdds-container-service-0.6.0-SNAPSHOT.jar!/webapps/static,AVAILABLE}
2020-04-25 00:52:12,770 [main] INFO  handler.ContextHandler (ContextHandler.java:doStart(825)) - Started o.e.j.w.WebAppContext@3041dd71{hddsDatanode,/,file:///tmp/jetty-0_0_0_0-34681-hadoop-hdds-container-service-0_6_0-SNAPSHOT_jar-_-any-5417381144857653772.dir/webapp/,AVAILABLE}{jar:file:/home/user/.m2/repository/org/apache/hadoop/hadoop-hdds-container-service/0.6.0-SNAPSHOT/hadoop-hdds-container-service-0.6.0-SNAPSHOT.jar!/webapps/hddsDatanode}
2020-04-25 00:52:12,772 [main] INFO  server.AbstractConnector (AbstractConnector.java:doStart(330)) - Started ServerConnector@11822abd{HTTP/1.1,[http/1.1]}{0.0.0.0:34681}
2020-04-25 00:52:12,772 [main] INFO  server.Server (Server.java:doStart(399)) - Started @291330ms
2020-04-25 00:52:12,772 [main] WARN  impl.MetricsSystemImpl (MetricsSystemImpl.java:register(276)) - Sink prometheus already exists!
2020-04-25 00:52:12,775 [main] INFO  http.BaseHttpServer (BaseHttpServer.java:updateConnectorAddress(288)) - HTTP server of hddsDatanode listening at http://0.0.0.0:34681
2020-04-25 00:52:12,775 [main] INFO  impl.MetricsSystemImpl (MetricsSystemImpl.java:init(158)) - HddsDatanode metrics system started (again)
2020-04-25 00:52:12,780 [main] INFO  ozone.HddsDatanodeService (HddsDatanodeService.java:start(204)) - HddsDatanodeService host:077b0f5420d0 ip:172.17.0.2
2020-04-25 00:52:12,783 [org.apache.hadoop.util.JvmPauseMonitor$Monitor@100f5d65] INFO  util.JvmPauseMonitor (JvmPauseMonitor.java:run(188)) - Starting JVM pause monitor
2020-04-25 00:52:12,784 [Datanode State Machine Thread - 0] INFO  datanode.InitDatanodeState (InitDatanodeState.java:persistContainerDatanodeDetails(145)) - DatanodeDetails is persisted to /github/workspace/mnt/ozone/hadoop-ozone/integration-test/target/test-dir/MiniOzoneClusterImpl-fac2b43d-d0f4-41bd-8b0e-0750bdad7e42/datanode-3/meta/datanode.id
2020-04-25 00:52:12,785 [main] INFO  volume.HddsVolume (HddsVolume.java:<init>(176)) - Creating Volume: /github/workspace/mnt/ozone/hadoop-ozone/integration-test/target/test-dir/MiniOzoneClusterImpl-fac2b43d-d0f4-41bd-8b0e-0750bdad7e42/datanode-4/data-0/containers/hdds of storage type : DISK and capacity : 9223372036854775807
2020-04-25 00:52:12,785 [main] INFO  volume.MutableVolumeSet (MutableVolumeSet.java:initializeVolumeSet(189)) - Added Volume : /github/workspace/mnt/ozone/hadoop-ozone/integration-test/target/test-dir/MiniOzoneClusterImpl-fac2b43d-d0f4-41bd-8b0e-0750bdad7e42/datanode-4/data-0/containers/hdds to VolumeSet
2020-04-25 00:52:12,785 [main] INFO  volume.ThrottledAsyncChecker (ThrottledAsyncChecker.java:schedule(141)) - Scheduling a check for /github/workspace/mnt/ozone/hadoop-ozone/integration-test/target/test-dir/MiniOzoneClusterImpl-fac2b43d-d0f4-41bd-8b0e-0750bdad7e42/datanode-4/data-0/containers/hdds
2020-04-25 00:52:12,786 [main] INFO  volume.HddsVolumeChecker (HddsVolumeChecker.java:checkAllVolumes(200)) - Scheduled health check for volume /github/workspace/mnt/ozone/hadoop-ozone/integration-test/target/test-dir/MiniOzoneClusterImpl-fac2b43d-d0f4-41bd-8b0e-0750bdad7e42/datanode-4/data-0/containers/hdds
2020-04-25 00:52:12,804 [main] INFO  impl.RaftServerProxy (ConfUtils.java:logGet(44)) - raft.rpc.type = GRPC (default)
2020-04-25 00:52:12,804 [main] INFO  grpc.GrpcFactory (GrpcFactory.java:checkPooledByteBufAllocatorUseCacheForAllThreads(45)) - PERFORMANCE WARNING: useCacheForAllThreads is true that may cause Netty to create a lot garbage objects and, as a result, trigger GC.
	It is recommended to disable useCacheForAllThreads by setting -Dorg.apache.ratis.thirdparty.io.netty.allocator.useCacheForAllThreads=false in command line.
2020-04-25 00:52:12,804 [main] INFO  grpc.GrpcConfigKeys (ConfUtils.java:logGet(44)) - raft.grpc.server.port = 0 (default)
2020-04-25 00:52:12,804 [main] INFO  server.GrpcService (ConfUtils.java:logGet(44)) - raft.grpc.message.size.max = 32MB (=33554432) (custom)
2020-04-25 00:52:12,804 [main] INFO  server.RaftServerConfigKeys (ConfUtils.java:logGet(44)) - raft.server.log.appender.buffer.byte-limit = 33554432 (custom)
2020-04-25 00:52:12,804 [main] INFO  server.GrpcService (ConfUtils.java:logGet(44)) - raft.grpc.flow.control.window = 5MB (=5242880) (custom)
2020-04-25 00:52:12,804 [main] INFO  server.RaftServerConfigKeys (ConfUtils.java:logGet(44)) - raft.server.rpc.request.timeout = 3s (default)
2020-04-25 00:52:12,805 [main] INFO  server.RaftServerConfigKeys (ConfUtils.java:logGet(44)) - raft.server.storage.dir = [/github/workspace/mnt/ozone/hadoop-ozone/integration-test/target/test-dir/MiniOzoneClusterImpl-fac2b43d-d0f4-41bd-8b0e-0750bdad7e42/datanode-4/data/ratis] (custom)
2020-04-25 00:52:12,808 [main] INFO  http.BaseHttpServer (BaseHttpServer.java:newHttpServer2BuilderForOzone(174)) - Starting Web-server for hddsDatanode at: http://0.0.0.0:0
2020-04-25 00:52:12,809 [main] INFO  server.AuthenticationFilter (AuthenticationFilter.java:constructSecretProvider(240)) - Unable to initialize FileSignerSecretProvider, falling back to use random secrets.
2020-04-25 00:52:12,810 [main] WARN  http.HttpRequestLog (HttpRequestLog.java:getRequestLog(103)) - Jetty request log can only be enabled using Log4j
2020-04-25 00:52:12,811 [main] INFO  http.HttpServer2 (HttpServer2.java:addGlobalFilter(979)) - Added global filter 'safety' (class=org.apache.hadoop.hdds.server.http.HttpServer2$QuotingInputFilter)
2020-04-25 00:52:12,811 [main] INFO  http.HttpServer2 (HttpServer2.java:addFilter(955)) - Added filter static_user_filter (class=org.apache.hadoop.hdds.server.http.StaticUserWebFilter$StaticUserFilter) to context hddsDatanode
2020-04-25 00:52:12,811 [main] INFO  http.HttpServer2 (HttpServer2.java:addFilter(963)) - Added filter static_user_filter (class=org.apache.hadoop.hdds.server.http.StaticUserWebFilter$StaticUserFilter) to context static
2020-04-25 00:52:12,811 [main] INFO  http.HttpServer2 (HttpServer2.java:addFilter(963)) - Added filter static_user_filter (class=org.apache.hadoop.hdds.server.http.StaticUserWebFilter$StaticUserFilter) to context logs
2020-04-25 00:52:12,811 [main] INFO  http.HttpServer2 (HttpServer2.java:bindListener(1197)) - Jetty bound to port 42753
2020-04-25 00:52:12,812 [main] INFO  server.Server (Server.java:doStart(359)) - jetty-9.4.26.v20200117; built: 2020-01-17T12:35:33.676Z; git: 7b38981d25d14afb4a12ff1f2596756144edf695; jvm 1.8.0_232-b09
2020-04-25 00:52:12,813 [main] INFO  server.session (DefaultSessionIdManager.java:doStart(333)) - DefaultSessionIdManager workerName=node0
2020-04-25 00:52:12,813 [main] INFO  server.session (DefaultSessionIdManager.java:doStart(338)) - No SessionScavenger set, using defaults
2020-04-25 00:52:12,814 [main] INFO  server.session (HouseKeeper.java:startScavenging(140)) - node0 Scavenging every 660000ms
2020-04-25 00:52:12,814 [main] INFO  handler.ContextHandler (ContextHandler.java:doStart(825)) - Started o.e.j.s.ServletContextHandler@278e2e51{logs,/logs,file:///github/workspace/mnt/ozone/hadoop-ozone/integration-test/target/log,AVAILABLE}
2020-04-25 00:52:12,814 [main] INFO  handler.ContextHandler (ContextHandler.java:doStart(825)) - Started o.e.j.s.ServletContextHandler@4ef718a{static,/static,jar:file:/home/user/.m2/repository/org/apache/hadoop/hadoop-hdds-container-service/0.6.0-SNAPSHOT/hadoop-hdds-container-service-0.6.0-SNAPSHOT.jar!/webapps/static,AVAILABLE}
2020-04-25 00:52:12,843 [main] INFO  handler.ContextHandler (ContextHandler.java:doStart(825)) - Started o.e.j.w.WebAppContext@66881001{hddsDatanode,/,file:///tmp/jetty-0_0_0_0-42753-hadoop-hdds-container-service-0_6_0-SNAPSHOT_jar-_-any-1564453178737251748.dir/webapp/,AVAILABLE}{jar:file:/home/user/.m2/repository/org/apache/hadoop/hadoop-hdds-container-service/0.6.0-SNAPSHOT/hadoop-hdds-container-service-0.6.0-SNAPSHOT.jar!/webapps/hddsDatanode}
2020-04-25 00:52:12,850 [main] INFO  server.AbstractConnector (AbstractConnector.java:doStart(330)) - Started ServerConnector@7fe3cd91{HTTP/1.1,[http/1.1]}{0.0.0.0:42753}
2020-04-25 00:52:12,850 [main] INFO  server.Server (Server.java:doStart(399)) - Started @291408ms
2020-04-25 00:52:12,851 [main] WARN  impl.MetricsSystemImpl (MetricsSystemImpl.java:register(276)) - Sink prometheus already exists!
2020-04-25 00:52:12,854 [main] INFO  http.BaseHttpServer (BaseHttpServer.java:updateConnectorAddress(288)) - HTTP server of hddsDatanode listening at http://0.0.0.0:42753
2020-04-25 00:52:12,854 [main] INFO  impl.MetricsSystemImpl (MetricsSystemImpl.java:init(158)) - HddsDatanode metrics system started (again)
2020-04-25 00:52:12,856 [main] INFO  ozone.HddsDatanodeService (HddsDatanodeService.java:start(204)) - HddsDatanodeService host:077b0f5420d0 ip:172.17.0.2
2020-04-25 00:52:12,857 [main] INFO  volume.HddsVolume (HddsVolume.java:<init>(176)) - Creating Volume: /github/workspace/mnt/ozone/hadoop-ozone/integration-test/target/test-dir/MiniOzoneClusterImpl-fac2b43d-d0f4-41bd-8b0e-0750bdad7e42/datanode-5/data-0/containers/hdds of storage type : DISK and capacity : 9223372036854775807
2020-04-25 00:52:12,858 [main] INFO  volume.MutableVolumeSet (MutableVolumeSet.java:initializeVolumeSet(189)) - Added Volume : /github/workspace/mnt/ozone/hadoop-ozone/integration-test/target/test-dir/MiniOzoneClusterImpl-fac2b43d-d0f4-41bd-8b0e-0750bdad7e42/datanode-5/data-0/containers/hdds to VolumeSet
2020-04-25 00:52:12,858 [main] INFO  volume.ThrottledAsyncChecker (ThrottledAsyncChecker.java:schedule(141)) - Scheduling a check for /github/workspace/mnt/ozone/hadoop-ozone/integration-test/target/test-dir/MiniOzoneClusterImpl-fac2b43d-d0f4-41bd-8b0e-0750bdad7e42/datanode-5/data-0/containers/hdds
2020-04-25 00:52:12,858 [main] INFO  volume.HddsVolumeChecker (HddsVolumeChecker.java:checkAllVolumes(200)) - Scheduled health check for volume /github/workspace/mnt/ozone/hadoop-ozone/integration-test/target/test-dir/MiniOzoneClusterImpl-fac2b43d-d0f4-41bd-8b0e-0750bdad7e42/datanode-5/data-0/containers/hdds
2020-04-25 00:52:12,879 [org.apache.hadoop.util.JvmPauseMonitor$Monitor@502dae00] INFO  util.JvmPauseMonitor (JvmPauseMonitor.java:run(188)) - Starting JVM pause monitor
2020-04-25 00:52:12,890 [Datanode State Machine Thread - 0] INFO  datanode.InitDatanodeState (InitDatanodeState.java:persistContainerDatanodeDetails(145)) - DatanodeDetails is persisted to /github/workspace/mnt/ozone/hadoop-ozone/integration-test/target/test-dir/MiniOzoneClusterImpl-fac2b43d-d0f4-41bd-8b0e-0750bdad7e42/datanode-4/meta/datanode.id
2020-04-25 00:52:12,892 [main] INFO  impl.RaftServerProxy (ConfUtils.java:logGet(44)) - raft.rpc.type = GRPC (default)
2020-04-25 00:52:12,892 [main] INFO  grpc.GrpcFactory (GrpcFactory.java:checkPooledByteBufAllocatorUseCacheForAllThreads(45)) - PERFORMANCE WARNING: useCacheForAllThreads is true that may cause Netty to create a lot garbage objects and, as a result, trigger GC.
	It is recommended to disable useCacheForAllThreads by setting -Dorg.apache.ratis.thirdparty.io.netty.allocator.useCacheForAllThreads=false in command line.
2020-04-25 00:52:12,892 [main] INFO  grpc.GrpcConfigKeys (ConfUtils.java:logGet(44)) - raft.grpc.server.port = 0 (default)
2020-04-25 00:52:12,892 [main] INFO  server.GrpcService (ConfUtils.java:logGet(44)) - raft.grpc.message.size.max = 32MB (=33554432) (custom)
2020-04-25 00:52:12,892 [main] INFO  server.RaftServerConfigKeys (ConfUtils.java:logGet(44)) - raft.server.log.appender.buffer.byte-limit = 33554432 (custom)
2020-04-25 00:52:12,892 [main] INFO  server.GrpcService (ConfUtils.java:logGet(44)) - raft.grpc.flow.control.window = 5MB (=5242880) (custom)
2020-04-25 00:52:12,893 [main] INFO  server.RaftServerConfigKeys (ConfUtils.java:logGet(44)) - raft.server.rpc.request.timeout = 3s (default)
2020-04-25 00:52:12,893 [main] INFO  server.RaftServerConfigKeys (ConfUtils.java:logGet(44)) - raft.server.storage.dir = [/github/workspace/mnt/ozone/hadoop-ozone/integration-test/target/test-dir/MiniOzoneClusterImpl-fac2b43d-d0f4-41bd-8b0e-0750bdad7e42/datanode-5/data/ratis] (custom)
2020-04-25 00:52:12,896 [main] INFO  http.BaseHttpServer (BaseHttpServer.java:newHttpServer2BuilderForOzone(174)) - Starting Web-server for hddsDatanode at: http://0.0.0.0:0
2020-04-25 00:52:12,897 [main] INFO  server.AuthenticationFilter (AuthenticationFilter.java:constructSecretProvider(240)) - Unable to initialize FileSignerSecretProvider, falling back to use random secrets.
2020-04-25 00:52:12,898 [main] WARN  http.HttpRequestLog (HttpRequestLog.java:getRequestLog(103)) - Jetty request log can only be enabled using Log4j
2020-04-25 00:52:12,899 [main] INFO  http.HttpServer2 (HttpServer2.java:addGlobalFilter(979)) - Added global filter 'safety' (class=org.apache.hadoop.hdds.server.http.HttpServer2$QuotingInputFilter)
2020-04-25 00:52:12,899 [main] INFO  http.HttpServer2 (HttpServer2.java:addFilter(955)) - Added filter static_user_filter (class=org.apache.hadoop.hdds.server.http.StaticUserWebFilter$StaticUserFilter) to context hddsDatanode
2020-04-25 00:52:12,899 [main] INFO  http.HttpServer2 (HttpServer2.java:addFilter(963)) - Added filter static_user_filter (class=org.apache.hadoop.hdds.server.http.StaticUserWebFilter$StaticUserFilter) to context logs
2020-04-25 00:52:12,899 [main] INFO  http.HttpServer2 (HttpServer2.java:addFilter(963)) - Added filter static_user_filter (class=org.apache.hadoop.hdds.server.http.StaticUserWebFilter$StaticUserFilter) to context static
2020-04-25 00:52:12,900 [main] INFO  http.HttpServer2 (HttpServer2.java:bindListener(1197)) - Jetty bound to port 39547
2020-04-25 00:52:12,900 [main] INFO  server.Server (Server.java:doStart(359)) - jetty-9.4.26.v20200117; built: 2020-01-17T12:35:33.676Z; git: 7b38981d25d14afb4a12ff1f2596756144edf695; jvm 1.8.0_232-b09
2020-04-25 00:52:12,901 [main] INFO  server.session (DefaultSessionIdManager.java:doStart(333)) - DefaultSessionIdManager workerName=node0
2020-04-25 00:52:12,901 [main] INFO  server.session (DefaultSessionIdManager.java:doStart(338)) - No SessionScavenger set, using defaults
2020-04-25 00:52:12,902 [main] INFO  server.session (HouseKeeper.java:startScavenging(140)) - node0 Scavenging every 660000ms
2020-04-25 00:52:12,902 [main] INFO  handler.ContextHandler (ContextHandler.java:doStart(825)) - Started o.e.j.s.ServletContextHandler@206ef3f4{logs,/logs,file:///github/workspace/mnt/ozone/hadoop-ozone/integration-test/target/log,AVAILABLE}
2020-04-25 00:52:12,904 [main] INFO  handler.ContextHandler (ContextHandler.java:doStart(825)) - Started o.e.j.s.ServletContextHandler@7385475e{static,/static,jar:file:/home/user/.m2/repository/org/apache/hadoop/hadoop-hdds-container-service/0.6.0-SNAPSHOT/hadoop-hdds-container-service-0.6.0-SNAPSHOT.jar!/webapps/static,AVAILABLE}
2020-04-25 00:52:12,935 [main] INFO  handler.ContextHandler (ContextHandler.java:doStart(825)) - Started o.e.j.w.WebAppContext@46510efb{hddsDatanode,/,file:///tmp/jetty-0_0_0_0-39547-hadoop-hdds-container-service-0_6_0-SNAPSHOT_jar-_-any-7699827998929850297.dir/webapp/,AVAILABLE}{jar:file:/home/user/.m2/repository/org/apache/hadoop/hadoop-hdds-container-service/0.6.0-SNAPSHOT/hadoop-hdds-container-service-0.6.0-SNAPSHOT.jar!/webapps/hddsDatanode}
2020-04-25 00:52:12,936 [main] INFO  server.AbstractConnector (AbstractConnector.java:doStart(330)) - Started ServerConnector@5b8b5f5a{HTTP/1.1,[http/1.1]}{0.0.0.0:39547}
2020-04-25 00:52:12,936 [main] INFO  server.Server (Server.java:doStart(399)) - Started @291494ms
2020-04-25 00:52:12,937 [main] WARN  impl.MetricsSystemImpl (MetricsSystemImpl.java:register(276)) - Sink prometheus already exists!
2020-04-25 00:52:12,939 [main] INFO  http.BaseHttpServer (BaseHttpServer.java:updateConnectorAddress(288)) - HTTP server of hddsDatanode listening at http://0.0.0.0:39547
2020-04-25 00:52:12,939 [main] INFO  impl.MetricsSystemImpl (MetricsSystemImpl.java:init(158)) - HddsDatanode metrics system started (again)
2020-04-25 00:52:12,942 [main] INFO  ozone.HddsDatanodeService (HddsDatanodeService.java:start(204)) - HddsDatanodeService host:077b0f5420d0 ip:172.17.0.2
2020-04-25 00:52:12,944 [main] INFO  volume.HddsVolume (HddsVolume.java:<init>(176)) - Creating Volume: /github/workspace/mnt/ozone/hadoop-ozone/integration-test/target/test-dir/MiniOzoneClusterImpl-fac2b43d-d0f4-41bd-8b0e-0750bdad7e42/datanode-6/data-0/containers/hdds of storage type : DISK and capacity : 9223372036854775807
2020-04-25 00:52:12,944 [main] INFO  volume.MutableVolumeSet (MutableVolumeSet.java:initializeVolumeSet(189)) - Added Volume : /github/workspace/mnt/ozone/hadoop-ozone/integration-test/target/test-dir/MiniOzoneClusterImpl-fac2b43d-d0f4-41bd-8b0e-0750bdad7e42/datanode-6/data-0/containers/hdds to VolumeSet
2020-04-25 00:52:12,944 [main] INFO  volume.ThrottledAsyncChecker (ThrottledAsyncChecker.java:schedule(141)) - Scheduling a check for /github/workspace/mnt/ozone/hadoop-ozone/integration-test/target/test-dir/MiniOzoneClusterImpl-fac2b43d-d0f4-41bd-8b0e-0750bdad7e42/datanode-6/data-0/containers/hdds
2020-04-25 00:52:12,945 [main] INFO  volume.HddsVolumeChecker (HddsVolumeChecker.java:checkAllVolumes(200)) - Scheduled health check for volume /github/workspace/mnt/ozone/hadoop-ozone/integration-test/target/test-dir/MiniOzoneClusterImpl-fac2b43d-d0f4-41bd-8b0e-0750bdad7e42/datanode-6/data-0/containers/hdds
2020-04-25 00:52:12,952 [org.apache.hadoop.util.JvmPauseMonitor$Monitor@52dfae69] INFO  util.JvmPauseMonitor (JvmPauseMonitor.java:run(188)) - Starting JVM pause monitor
2020-04-25 00:52:12,966 [Datanode State Machine Thread - 0] INFO  datanode.InitDatanodeState (InitDatanodeState.java:persistContainerDatanodeDetails(145)) - DatanodeDetails is persisted to /github/workspace/mnt/ozone/hadoop-ozone/integration-test/target/test-dir/MiniOzoneClusterImpl-fac2b43d-d0f4-41bd-8b0e-0750bdad7e42/datanode-5/meta/datanode.id
2020-04-25 00:52:12,970 [main] INFO  impl.RaftServerProxy (ConfUtils.java:logGet(44)) - raft.rpc.type = GRPC (default)
2020-04-25 00:52:12,970 [main] INFO  grpc.GrpcFactory (GrpcFactory.java:checkPooledByteBufAllocatorUseCacheForAllThreads(45)) - PERFORMANCE WARNING: useCacheForAllThreads is true that may cause Netty to create a lot garbage objects and, as a result, trigger GC.
	It is recommended to disable useCacheForAllThreads by setting -Dorg.apache.ratis.thirdparty.io.netty.allocator.useCacheForAllThreads=false in command line.
2020-04-25 00:52:12,970 [main] INFO  grpc.GrpcConfigKeys (ConfUtils.java:logGet(44)) - raft.grpc.server.port = 0 (default)
2020-04-25 00:52:12,970 [main] INFO  server.GrpcService (ConfUtils.java:logGet(44)) - raft.grpc.message.size.max = 32MB (=33554432) (custom)
2020-04-25 00:52:12,970 [main] INFO  server.RaftServerConfigKeys (ConfUtils.java:logGet(44)) - raft.server.log.appender.buffer.byte-limit = 33554432 (custom)
2020-04-25 00:52:12,971 [main] INFO  server.GrpcService (ConfUtils.java:logGet(44)) - raft.grpc.flow.control.window = 5MB (=5242880) (custom)
2020-04-25 00:52:12,971 [main] INFO  server.RaftServerConfigKeys (ConfUtils.java:logGet(44)) - raft.server.rpc.request.timeout = 3s (default)
2020-04-25 00:52:12,971 [main] INFO  server.RaftServerConfigKeys (ConfUtils.java:logGet(44)) - raft.server.storage.dir = [/github/workspace/mnt/ozone/hadoop-ozone/integration-test/target/test-dir/MiniOzoneClusterImpl-fac2b43d-d0f4-41bd-8b0e-0750bdad7e42/datanode-6/data/ratis] (custom)
2020-04-25 00:52:12,975 [main] INFO  http.BaseHttpServer (BaseHttpServer.java:newHttpServer2BuilderForOzone(174)) - Starting Web-server for hddsDatanode at: http://0.0.0.0:0
2020-04-25 00:52:12,977 [main] INFO  server.AuthenticationFilter (AuthenticationFilter.java:constructSecretProvider(240)) - Unable to initialize FileSignerSecretProvider, falling back to use random secrets.
2020-04-25 00:52:12,978 [main] WARN  http.HttpRequestLog (HttpRequestLog.java:getRequestLog(103)) - Jetty request log can only be enabled using Log4j
2020-04-25 00:52:12,978 [main] INFO  http.HttpServer2 (HttpServer2.java:addGlobalFilter(979)) - Added global filter 'safety' (class=org.apache.hadoop.hdds.server.http.HttpServer2$QuotingInputFilter)
2020-04-25 00:52:12,978 [main] INFO  http.HttpServer2 (HttpServer2.java:addFilter(955)) - Added filter static_user_filter (class=org.apache.hadoop.hdds.server.http.StaticUserWebFilter$StaticUserFilter) to context hddsDatanode
2020-04-25 00:52:12,979 [main] INFO  http.HttpServer2 (HttpServer2.java:addFilter(963)) - Added filter static_user_filter (class=org.apache.hadoop.hdds.server.http.StaticUserWebFilter$StaticUserFilter) to context static
2020-04-25 00:52:12,979 [main] INFO  http.HttpServer2 (HttpServer2.java:addFilter(963)) - Added filter static_user_filter (class=org.apache.hadoop.hdds.server.http.StaticUserWebFilter$StaticUserFilter) to context logs
2020-04-25 00:52:12,979 [main] INFO  http.HttpServer2 (HttpServer2.java:bindListener(1197)) - Jetty bound to port 41195
2020-04-25 00:52:12,979 [main] INFO  server.Server (Server.java:doStart(359)) - jetty-9.4.26.v20200117; built: 2020-01-17T12:35:33.676Z; git: 7b38981d25d14afb4a12ff1f2596756144edf695; jvm 1.8.0_232-b09
2020-04-25 00:52:12,982 [main] INFO  server.session (DefaultSessionIdManager.java:doStart(333)) - DefaultSessionIdManager workerName=node0
2020-04-25 00:52:12,982 [main] INFO  server.session (DefaultSessionIdManager.java:doStart(338)) - No SessionScavenger set, using defaults
2020-04-25 00:52:12,982 [main] INFO  server.session (HouseKeeper.java:startScavenging(140)) - node0 Scavenging every 660000ms
2020-04-25 00:52:12,983 [main] INFO  handler.ContextHandler (ContextHandler.java:doStart(825)) - Started o.e.j.s.ServletContextHandler@683159ee{logs,/logs,file:///github/workspace/mnt/ozone/hadoop-ozone/integration-test/target/log,AVAILABLE}
2020-04-25 00:52:12,983 [main] INFO  handler.ContextHandler (ContextHandler.java:doStart(825)) - Started o.e.j.s.ServletContextHandler@466bfefc{static,/static,jar:file:/home/user/.m2/repository/org/apache/hadoop/hadoop-hdds-container-service/0.6.0-SNAPSHOT/hadoop-hdds-container-service-0.6.0-SNAPSHOT.jar!/webapps/static,AVAILABLE}
2020-04-25 00:52:13,015 [main] INFO  handler.ContextHandler (ContextHandler.java:doStart(825)) - Started o.e.j.w.WebAppContext@393b79d{hddsDatanode,/,file:///tmp/jetty-0_0_0_0-41195-hadoop-hdds-container-service-0_6_0-SNAPSHOT_jar-_-any-5177040730204093039.dir/webapp/,AVAILABLE}{jar:file:/home/user/.m2/repository/org/apache/hadoop/hadoop-hdds-container-service/0.6.0-SNAPSHOT/hadoop-hdds-container-service-0.6.0-SNAPSHOT.jar!/webapps/hddsDatanode}
2020-04-25 00:52:13,017 [main] INFO  server.AbstractConnector (AbstractConnector.java:doStart(330)) - Started ServerConnector@4fd537fd{HTTP/1.1,[http/1.1]}{0.0.0.0:41195}
2020-04-25 00:52:13,018 [main] INFO  server.Server (Server.java:doStart(399)) - Started @291575ms
2020-04-25 00:52:13,018 [main] WARN  impl.MetricsSystemImpl (MetricsSystemImpl.java:register(276)) - Sink prometheus already exists!
2020-04-25 00:52:13,020 [main] INFO  http.BaseHttpServer (BaseHttpServer.java:updateConnectorAddress(288)) - HTTP server of hddsDatanode listening at http://0.0.0.0:41195
2020-04-25 00:52:13,021 [main] INFO  ozone.MiniOzoneClusterImpl (MiniOzoneClusterImpl.java:lambda$waitForClusterToBeReady$0(177)) - Waiting for nodes to be ready. Got 0 of 7 DN Heartbeats.
2020-04-25 00:52:13,021 [main] INFO  ozone.MiniOzoneClusterImpl (MiniOzoneClusterImpl.java:lambda$waitForClusterToBeReady$0(180)) - Waiting for cluster to exit safe mode
2020-04-25 00:52:13,027 [org.apache.hadoop.util.JvmPauseMonitor$Monitor@232eb19d] INFO  util.JvmPauseMonitor (JvmPauseMonitor.java:run(188)) - Starting JVM pause monitor
2020-04-25 00:52:13,029 [Datanode State Machine Thread - 0] INFO  datanode.InitDatanodeState (InitDatanodeState.java:persistContainerDatanodeDetails(145)) - DatanodeDetails is persisted to /github/workspace/mnt/ozone/hadoop-ozone/integration-test/target/test-dir/MiniOzoneClusterImpl-fac2b43d-d0f4-41bd-8b0e-0750bdad7e42/datanode-6/meta/datanode.id
2020-04-25 00:52:14,022 [main] INFO  ozone.MiniOzoneClusterImpl (MiniOzoneClusterImpl.java:lambda$waitForClusterToBeReady$0(177)) - Waiting for nodes to be ready. Got 0 of 7 DN Heartbeats.
2020-04-25 00:52:14,022 [main] INFO  ozone.MiniOzoneClusterImpl (MiniOzoneClusterImpl.java:lambda$waitForClusterToBeReady$0(180)) - Waiting for cluster to exit safe mode
2020-04-25 00:52:14,457 [Datanode State Machine Thread - 0] INFO  ozoneimpl.OzoneContainer (OzoneContainer.java:start(232)) - Attempting to start container services.
2020-04-25 00:52:14,457 [Datanode State Machine Thread - 0] INFO  ozoneimpl.OzoneContainer (OzoneContainer.java:startContainerScrub(196)) - Background container scanner has been disabled.
2020-04-25 00:52:14,457 [Datanode State Machine Thread - 0] INFO  ratis.XceiverServerRatis (XceiverServerRatis.java:start(424)) - Starting XceiverServerRatis 44e8018b-e232-4b82-9d12-5076aa410e35 at port 0
2020-04-25 00:52:14,458 [Datanode State Machine Thread - 0] INFO  impl.RaftServerProxy (RaftServerProxy.java:lambda$start$3(299)) - 44e8018b-e232-4b82-9d12-5076aa410e35: start RPC server
2020-04-25 00:52:14,459 [Datanode State Machine Thread - 0] INFO  server.GrpcService (GrpcService.java:startImpl(159)) - 44e8018b-e232-4b82-9d12-5076aa410e35: GrpcService started, listening on 0.0.0.0/0.0.0.0:35979
2020-04-25 00:52:14,459 [Datanode State Machine Thread - 0] INFO  ratis.XceiverServerRatis (XceiverServerRatis.java:start(436)) - XceiverServerRatis 44e8018b-e232-4b82-9d12-5076aa410e35 is started using port 35979
2020-04-25 00:52:14,460 [Datanode State Machine Thread - 0] INFO  server.XceiverServerGrpc (XceiverServerGrpc.java:start(145)) - XceiverServerGrpc 44e8018b-e232-4b82-9d12-5076aa410e35 is started using port 46269
2020-04-25 00:52:14,523 [Datanode State Machine Thread - 0] INFO  ozoneimpl.OzoneContainer (OzoneContainer.java:start(232)) - Attempting to start container services.
2020-04-25 00:52:14,523 [Datanode State Machine Thread - 0] INFO  ozoneimpl.OzoneContainer (OzoneContainer.java:startContainerScrub(196)) - Background container scanner has been disabled.
2020-04-25 00:52:14,524 [Datanode State Machine Thread - 0] INFO  ratis.XceiverServerRatis (XceiverServerRatis.java:start(424)) - Starting XceiverServerRatis 6550183a-8562-43dc-b28b-b6c484dc4935 at port 0
2020-04-25 00:52:14,524 [Datanode State Machine Thread - 0] INFO  impl.RaftServerProxy (RaftServerProxy.java:lambda$start$3(299)) - 6550183a-8562-43dc-b28b-b6c484dc4935: start RPC server
2020-04-25 00:52:14,525 [Datanode State Machine Thread - 0] INFO  server.GrpcService (GrpcService.java:startImpl(159)) - 6550183a-8562-43dc-b28b-b6c484dc4935: GrpcService started, listening on 0.0.0.0/0.0.0.0:44877
2020-04-25 00:52:14,525 [Datanode State Machine Thread - 0] INFO  ratis.XceiverServerRatis (XceiverServerRatis.java:start(436)) - XceiverServerRatis 6550183a-8562-43dc-b28b-b6c484dc4935 is started using port 44877
2020-04-25 00:52:14,527 [Datanode State Machine Thread - 0] INFO  server.XceiverServerGrpc (XceiverServerGrpc.java:start(145)) - XceiverServerGrpc 6550183a-8562-43dc-b28b-b6c484dc4935 is started using port 33771
2020-04-25 00:52:14,709 [Datanode State Machine Thread - 0] INFO  ozoneimpl.OzoneContainer (OzoneContainer.java:start(232)) - Attempting to start container services.
2020-04-25 00:52:14,709 [Datanode State Machine Thread - 0] INFO  ozoneimpl.OzoneContainer (OzoneContainer.java:startContainerScrub(196)) - Background container scanner has been disabled.
2020-04-25 00:52:14,709 [Datanode State Machine Thread - 0] INFO  ratis.XceiverServerRatis (XceiverServerRatis.java:start(424)) - Starting XceiverServerRatis a6f67013-66b6-4a15-861c-57dfff2f433f at port 0
2020-04-25 00:52:14,711 [Datanode State Machine Thread - 0] INFO  impl.RaftServerProxy (RaftServerProxy.java:lambda$start$3(299)) - a6f67013-66b6-4a15-861c-57dfff2f433f: start RPC server
2020-04-25 00:52:14,712 [Datanode State Machine Thread - 0] INFO  server.GrpcService (GrpcService.java:startImpl(159)) - a6f67013-66b6-4a15-861c-57dfff2f433f: GrpcService started, listening on 0.0.0.0/0.0.0.0:43377
2020-04-25 00:52:14,712 [Datanode State Machine Thread - 0] INFO  ratis.XceiverServerRatis (XceiverServerRatis.java:start(436)) - XceiverServerRatis a6f67013-66b6-4a15-861c-57dfff2f433f is started using port 43377
2020-04-25 00:52:14,719 [Datanode State Machine Thread - 0] INFO  server.XceiverServerGrpc (XceiverServerGrpc.java:start(145)) - XceiverServerGrpc a6f67013-66b6-4a15-861c-57dfff2f433f is started using port 35815
2020-04-25 00:52:14,785 [Datanode State Machine Thread - 0] INFO  ozoneimpl.OzoneContainer (OzoneContainer.java:start(232)) - Attempting to start container services.
2020-04-25 00:52:14,785 [Datanode State Machine Thread - 0] INFO  ozoneimpl.OzoneContainer (OzoneContainer.java:startContainerScrub(196)) - Background container scanner has been disabled.
2020-04-25 00:52:14,785 [Datanode State Machine Thread - 0] INFO  ratis.XceiverServerRatis (XceiverServerRatis.java:start(424)) - Starting XceiverServerRatis 01d66f6b-871f-49cc-8cf1-f917fde7eb54 at port 0
2020-04-25 00:52:14,786 [Datanode State Machine Thread - 0] INFO  impl.RaftServerProxy (RaftServerProxy.java:lambda$start$3(299)) - 01d66f6b-871f-49cc-8cf1-f917fde7eb54: start RPC server
2020-04-25 00:52:14,786 [Datanode State Machine Thread - 0] INFO  server.GrpcService (GrpcService.java:startImpl(159)) - 01d66f6b-871f-49cc-8cf1-f917fde7eb54: GrpcService started, listening on 0.0.0.0/0.0.0.0:36377
2020-04-25 00:52:14,786 [Datanode State Machine Thread - 0] INFO  ratis.XceiverServerRatis (XceiverServerRatis.java:start(436)) - XceiverServerRatis 01d66f6b-871f-49cc-8cf1-f917fde7eb54 is started using port 36377
2020-04-25 00:52:14,791 [Datanode State Machine Thread - 0] INFO  server.XceiverServerGrpc (XceiverServerGrpc.java:start(145)) - XceiverServerGrpc 01d66f6b-871f-49cc-8cf1-f917fde7eb54 is started using port 46369
2020-04-25 00:52:14,881 [Datanode State Machine Thread - 0] INFO  ozoneimpl.OzoneContainer (OzoneContainer.java:start(232)) - Attempting to start container services.
2020-04-25 00:52:14,882 [Datanode State Machine Thread - 0] INFO  ozoneimpl.OzoneContainer (OzoneContainer.java:startContainerScrub(196)) - Background container scanner has been disabled.
2020-04-25 00:52:14,882 [Datanode State Machine Thread - 0] INFO  ratis.XceiverServerRatis (XceiverServerRatis.java:start(424)) - Starting XceiverServerRatis f6421666-a5d8-4f0d-9ada-e546d5fd97e1 at port 0
2020-04-25 00:52:14,882 [Datanode State Machine Thread - 0] INFO  impl.RaftServerProxy (RaftServerProxy.java:lambda$start$3(299)) - f6421666-a5d8-4f0d-9ada-e546d5fd97e1: start RPC server
2020-04-25 00:52:14,883 [Datanode State Machine Thread - 0] INFO  server.GrpcService (GrpcService.java:startImpl(159)) - f6421666-a5d8-4f0d-9ada-e546d5fd97e1: GrpcService started, listening on 0.0.0.0/0.0.0.0:40551
2020-04-25 00:52:14,883 [Datanode State Machine Thread - 0] INFO  ratis.XceiverServerRatis (XceiverServerRatis.java:start(436)) - XceiverServerRatis f6421666-a5d8-4f0d-9ada-e546d5fd97e1 is started using port 40551
2020-04-25 00:52:14,883 [Datanode State Machine Thread - 0] INFO  server.XceiverServerGrpc (XceiverServerGrpc.java:start(145)) - XceiverServerGrpc f6421666-a5d8-4f0d-9ada-e546d5fd97e1 is started using port 33365
2020-04-25 00:52:14,955 [Datanode State Machine Thread - 0] INFO  ozoneimpl.OzoneContainer (OzoneContainer.java:start(232)) - Attempting to start container services.
2020-04-25 00:52:14,955 [Datanode State Machine Thread - 0] INFO  ozoneimpl.OzoneContainer (OzoneContainer.java:startContainerScrub(196)) - Background container scanner has been disabled.
2020-04-25 00:52:14,955 [Datanode State Machine Thread - 0] INFO  ratis.XceiverServerRatis (XceiverServerRatis.java:start(424)) - Starting XceiverServerRatis 3cd9ecf8-858f-44dc-b977-29c5822b3976 at port 0
2020-04-25 00:52:14,956 [Datanode State Machine Thread - 0] INFO  impl.RaftServerProxy (RaftServerProxy.java:lambda$start$3(299)) - 3cd9ecf8-858f-44dc-b977-29c5822b3976: start RPC server
2020-04-25 00:52:14,957 [Datanode State Machine Thread - 0] INFO  server.GrpcService (GrpcService.java:startImpl(159)) - 3cd9ecf8-858f-44dc-b977-29c5822b3976: GrpcService started, listening on 0.0.0.0/0.0.0.0:44085
2020-04-25 00:52:14,957 [Datanode State Machine Thread - 0] INFO  ratis.XceiverServerRatis (XceiverServerRatis.java:start(436)) - XceiverServerRatis 3cd9ecf8-858f-44dc-b977-29c5822b3976 is started using port 44085
2020-04-25 00:52:14,958 [Datanode State Machine Thread - 0] INFO  server.XceiverServerGrpc (XceiverServerGrpc.java:start(145)) - XceiverServerGrpc 3cd9ecf8-858f-44dc-b977-29c5822b3976 is started using port 36203
2020-04-25 00:52:15,023 [main] INFO  ozone.MiniOzoneClusterImpl (MiniOzoneClusterImpl.java:lambda$waitForClusterToBeReady$0(177)) - Waiting for nodes to be ready. Got 0 of 7 DN Heartbeats.
2020-04-25 00:52:15,023 [main] INFO  ozone.MiniOzoneClusterImpl (MiniOzoneClusterImpl.java:lambda$waitForClusterToBeReady$0(180)) - Waiting for cluster to exit safe mode
2020-04-25 00:52:15,030 [Datanode State Machine Thread - 0] INFO  ozoneimpl.OzoneContainer (OzoneContainer.java:start(232)) - Attempting to start container services.
2020-04-25 00:52:15,030 [Datanode State Machine Thread - 0] INFO  ozoneimpl.OzoneContainer (OzoneContainer.java:startContainerScrub(196)) - Background container scanner has been disabled.
2020-04-25 00:52:15,030 [Datanode State Machine Thread - 0] INFO  ratis.XceiverServerRatis (XceiverServerRatis.java:start(424)) - Starting XceiverServerRatis 378ddfc8-7d8d-47f2-b358-35cac2dfdeb9 at port 0
2020-04-25 00:52:15,031 [Datanode State Machine Thread - 0] INFO  impl.RaftServerProxy (RaftServerProxy.java:lambda$start$3(299)) - 378ddfc8-7d8d-47f2-b358-35cac2dfdeb9: start RPC server
2020-04-25 00:52:15,032 [Datanode State Machine Thread - 0] INFO  server.GrpcService (GrpcService.java:startImpl(159)) - 378ddfc8-7d8d-47f2-b358-35cac2dfdeb9: GrpcService started, listening on 0.0.0.0/0.0.0.0:46077
2020-04-25 00:52:15,032 [Datanode State Machine Thread - 0] INFO  ratis.XceiverServerRatis (XceiverServerRatis.java:start(436)) - XceiverServerRatis 378ddfc8-7d8d-47f2-b358-35cac2dfdeb9 is started using port 46077
2020-04-25 00:52:15,032 [Datanode State Machine Thread - 0] INFO  server.XceiverServerGrpc (XceiverServerGrpc.java:start(145)) - XceiverServerGrpc 378ddfc8-7d8d-47f2-b358-35cac2dfdeb9 is started using port 43295
2020-04-25 00:52:16,023 [main] INFO  ozone.MiniOzoneClusterImpl (MiniOzoneClusterImpl.java:lambda$waitForClusterToBeReady$0(177)) - Waiting for nodes to be ready. Got 0 of 7 DN Heartbeats.
2020-04-25 00:52:16,023 [main] INFO  ozone.MiniOzoneClusterImpl (MiniOzoneClusterImpl.java:lambda$waitForClusterToBeReady$0(180)) - Waiting for cluster to exit safe mode
2020-04-25 00:52:16,454 [IPC Server handler 0 on 37323] INFO  net.NetworkTopology (NetworkTopologyImpl.java:add(111)) - Added a new node: /default-rack/44e8018b-e232-4b82-9d12-5076aa410e35
2020-04-25 00:52:16,454 [IPC Server handler 0 on 37323] INFO  node.SCMNodeManager (SCMNodeManager.java:register(268)) - Registered Data node : 44e8018b-e232-4b82-9d12-5076aa410e35{ip: 172.17.0.2, host: 077b0f5420d0, networkLocation: /default-rack, certSerialId: null}
2020-04-25 00:52:16,455 [EventQueue-NodeRegistrationContainerReportForContainerSafeModeRule] INFO  safemode.SCMSafeModeManager (SCMSafeModeManager.java:validateSafeModeExitRules(183)) - ContainerSafeModeRule rule is successfully validated
2020-04-25 00:52:16,455 [EventQueue-NodeRegistrationContainerReportForDataNodeSafeModeRule] INFO  safemode.SCMSafeModeManager (DataNodeSafeModeRule.java:process(71)) - SCM in safe mode. 1 DataNodes registered, 1 required.
2020-04-25 00:52:16,456 [RatisPipelineUtilsThread] INFO  pipeline.RatisPipelineProvider (RatisPipelineProvider.java:lambda$create$0(138)) - Sending CreatePipelineCommand for pipeline:PipelineID=13105c74-727b-4890-a388-a6d7dbfcc443 to datanode:44e8018b-e232-4b82-9d12-5076aa410e35
2020-04-25 00:52:16,457 [RatisPipelineUtilsThread] INFO  pipeline.PipelineStateManager (PipelineStateManager.java:addPipeline(54)) - Created pipeline Pipeline[ Id: 13105c74-727b-4890-a388-a6d7dbfcc443, Nodes: 44e8018b-e232-4b82-9d12-5076aa410e35{ip: 172.17.0.2, host: 077b0f5420d0, networkLocation: /default-rack, certSerialId: null}, Type:RATIS, Factor:ONE, State:ALLOCATED, leaderId:null, CreationTimestamp2020-04-25T00:52:16.456Z]
2020-04-25 00:52:16,457 [RatisPipelineUtilsThread] ERROR pipeline.SCMPipelineManager (SCMPipelineManager.java:createPipeline(222)) - Failed to create pipeline of type RATIS and factor ONE. Exception: Cannot create pipeline of factor 1 using 0 nodes. Used 1 nodes. Healthy nodes 1
2020-04-25 00:52:16,460 [EventQueue-NodeRegistrationContainerReportForDataNodeSafeModeRule] INFO  safemode.SCMSafeModeManager (SCMSafeModeManager.java:validateSafeModeExitRules(183)) - DataNodeSafeModeRule rule is successfully validated
2020-04-25 00:52:16,460 [EventQueue-NodeRegistrationContainerReportForDataNodeSafeModeRule] INFO  safemode.SCMSafeModeManager (SCMSafeModeManager.java:completePreCheck(211)) - All SCM safe mode pre check rules have passed
2020-04-25 00:52:16,461 [RatisPipelineUtilsThread] ERROR pipeline.SCMPipelineManager (SCMPipelineManager.java:createPipeline(222)) - Failed to create pipeline of type RATIS and factor ONE. Exception: Cannot create pipeline of factor 1 using 0 nodes. Used 1 nodes. Healthy nodes 1
2020-04-25 00:52:16,461 [RatisPipelineUtilsThread] WARN  pipeline.PipelinePlacementPolicy (PipelinePlacementPolicy.java:filterViableNodes(132)) - Pipeline creation failed due to no sufficient healthy datanodes. Required 3. Found 1.
2020-04-25 00:52:16,461 [RatisPipelineUtilsThread] ERROR pipeline.SCMPipelineManager (SCMPipelineManager.java:createPipeline(222)) - Failed to create pipeline of type RATIS and factor THREE. Exception: Pipeline creation failed due to no sufficient healthy datanodes. Required 3. Found 1.
2020-04-25 00:52:16,521 [IPC Server handler 1 on 37323] INFO  net.NetworkTopology (NetworkTopologyImpl.java:add(111)) - Added a new node: /default-rack/6550183a-8562-43dc-b28b-b6c484dc4935
2020-04-25 00:52:16,521 [IPC Server handler 1 on 37323] INFO  node.SCMNodeManager (SCMNodeManager.java:register(268)) - Registered Data node : 6550183a-8562-43dc-b28b-b6c484dc4935{ip: 172.17.0.2, host: 077b0f5420d0, networkLocation: /default-rack, certSerialId: null}
2020-04-25 00:52:16,521 [RatisPipelineUtilsThread] INFO  pipeline.RatisPipelineProvider (RatisPipelineProvider.java:lambda$create$0(138)) - Sending CreatePipelineCommand for pipeline:PipelineID=41ff482e-e34f-47ca-99c8-e8318d214939 to datanode:6550183a-8562-43dc-b28b-b6c484dc4935
2020-04-25 00:52:16,522 [RatisPipelineUtilsThread] INFO  pipeline.PipelineStateManager (PipelineStateManager.java:addPipeline(54)) - Created pipeline Pipeline[ Id: 41ff482e-e34f-47ca-99c8-e8318d214939, Nodes: 6550183a-8562-43dc-b28b-b6c484dc4935{ip: 172.17.0.2, host: 077b0f5420d0, networkLocation: /default-rack, certSerialId: null}, Type:RATIS, Factor:ONE, State:ALLOCATED, leaderId:null, CreationTimestamp2020-04-25T00:52:16.521Z]
2020-04-25 00:52:16,522 [RatisPipelineUtilsThread] ERROR pipeline.SCMPipelineManager (SCMPipelineManager.java:createPipeline(222)) - Failed to create pipeline of type RATIS and factor ONE. Exception: Cannot create pipeline of factor 1 using 0 nodes. Used 2 nodes. Healthy nodes 2
2020-04-25 00:52:16,522 [RatisPipelineUtilsThread] WARN  pipeline.PipelinePlacementPolicy (PipelinePlacementPolicy.java:filterViableNodes(132)) - Pipeline creation failed due to no sufficient healthy datanodes. Required 3. Found 2.
2020-04-25 00:52:16,522 [RatisPipelineUtilsThread] ERROR pipeline.SCMPipelineManager (SCMPipelineManager.java:createPipeline(222)) - Failed to create pipeline of type RATIS and factor THREE. Exception: Pipeline creation failed due to no sufficient healthy datanodes. Required 3. Found 2.
2020-04-25 00:52:16,523 [EventQueue-NodeRegistrationContainerReportForDataNodeSafeModeRule] INFO  safemode.SCMSafeModeManager (SCMSafeModeManager.java:validateSafeModeExitRules(183)) - DataNodeSafeModeRule rule is successfully validated
2020-04-25 00:52:16,525 [EventQueue-NodeRegistrationContainerReportForContainerSafeModeRule] INFO  safemode.SCMSafeModeManager (SCMSafeModeManager.java:validateSafeModeExitRules(183)) - ContainerSafeModeRule rule is successfully validated
2020-04-25 00:52:16,708 [IPC Server handler 3 on 37323] INFO  net.NetworkTopology (NetworkTopologyImpl.java:add(111)) - Added a new node: /default-rack/a6f67013-66b6-4a15-861c-57dfff2f433f
2020-04-25 00:52:16,708 [IPC Server handler 3 on 37323] INFO  node.SCMNodeManager (SCMNodeManager.java:register(268)) - Registered Data node : a6f67013-66b6-4a15-861c-57dfff2f433f{ip: 172.17.0.2, host: 077b0f5420d0, networkLocation: /default-rack, certSerialId: null}
2020-04-25 00:52:16,708 [RatisPipelineUtilsThread] INFO  pipeline.RatisPipelineProvider (RatisPipelineProvider.java:lambda$create$0(138)) - Sending CreatePipelineCommand for pipeline:PipelineID=3d3a18c4-d1d8-4d46-9959-3d657c2857e7 to datanode:a6f67013-66b6-4a15-861c-57dfff2f433f
2020-04-25 00:52:16,709 [EventQueue-NodeRegistrationContainerReportForDataNodeSafeModeRule] INFO  safemode.SCMSafeModeManager (SCMSafeModeManager.java:validateSafeModeExitRules(183)) - DataNodeSafeModeRule rule is successfully validated
2020-04-25 00:52:16,709 [RatisPipelineUtilsThread] INFO  pipeline.PipelineStateManager (PipelineStateManager.java:addPipeline(54)) - Created pipeline Pipeline[ Id: 3d3a18c4-d1d8-4d46-9959-3d657c2857e7, Nodes: a6f67013-66b6-4a15-861c-57dfff2f433f{ip: 172.17.0.2, host: 077b0f5420d0, networkLocation: /default-rack, certSerialId: null}, Type:RATIS, Factor:ONE, State:ALLOCATED, leaderId:null, CreationTimestamp2020-04-25T00:52:16.708Z]
2020-04-25 00:52:16,712 [EventQueue-NodeRegistrationContainerReportForContainerSafeModeRule] INFO  safemode.SCMSafeModeManager (SCMSafeModeManager.java:validateSafeModeExitRules(183)) - ContainerSafeModeRule rule is successfully validated
2020-04-25 00:52:16,712 [RatisPipelineUtilsThread] ERROR pipeline.SCMPipelineManager (SCMPipelineManager.java:createPipeline(222)) - Failed to create pipeline of type RATIS and factor ONE. Exception: Cannot create pipeline of factor 1 using 0 nodes. Used 3 nodes. Healthy nodes 3
2020-04-25 00:52:16,712 [RatisPipelineUtilsThread] INFO  pipeline.RatisPipelineProvider (RatisPipelineProvider.java:lambda$create$0(138)) - Sending CreatePipelineCommand for pipeline:PipelineID=ae8a75f2-8a3b-4b14-97e2-4d2f0c4e8244 to datanode:6550183a-8562-43dc-b28b-b6c484dc4935
2020-04-25 00:52:16,712 [RatisPipelineUtilsThread] INFO  pipeline.RatisPipelineProvider (RatisPipelineProvider.java:lambda$create$0(138)) - Sending CreatePipelineCommand for pipeline:PipelineID=ae8a75f2-8a3b-4b14-97e2-4d2f0c4e8244 to datanode:44e8018b-e232-4b82-9d12-5076aa410e35
2020-04-25 00:52:16,712 [RatisPipelineUtilsThread] INFO  pipeline.RatisPipelineProvider (RatisPipelineProvider.java:lambda$create$0(138)) - Sending CreatePipelineCommand for pipeline:PipelineID=ae8a75f2-8a3b-4b14-97e2-4d2f0c4e8244 to datanode:a6f67013-66b6-4a15-861c-57dfff2f433f
2020-04-25 00:52:16,713 [RatisPipelineUtilsThread] INFO  pipeline.PipelineStateManager (PipelineStateManager.java:addPipeline(54)) - Created pipeline Pipeline[ Id: ae8a75f2-8a3b-4b14-97e2-4d2f0c4e8244, Nodes: 6550183a-8562-43dc-b28b-b6c484dc4935{ip: 172.17.0.2, host: 077b0f5420d0, networkLocation: /default-rack, certSerialId: null}44e8018b-e232-4b82-9d12-5076aa410e35{ip: 172.17.0.2, host: 077b0f5420d0, networkLocation: /default-rack, certSerialId: null}a6f67013-66b6-4a15-861c-57dfff2f433f{ip: 172.17.0.2, host: 077b0f5420d0, networkLocation: /default-rack, certSerialId: null}, Type:RATIS, Factor:THREE, State:ALLOCATED, leaderId:null, CreationTimestamp2020-04-25T00:52:16.712Z]
2020-04-25 00:52:16,713 [RatisPipelineUtilsThread] INFO  pipeline.RatisPipelineProvider (RatisPipelineProvider.java:lambda$create$0(138)) - Sending CreatePipelineCommand for pipeline:PipelineID=6de2b53f-2eb0-4b5a-b9e7-0cb630f518cc to datanode:6550183a-8562-43dc-b28b-b6c484dc4935
2020-04-25 00:52:16,713 [RatisPipelineUtilsThread] INFO  pipeline.RatisPipelineProvider (RatisPipelineProvider.java:lambda$create$0(138)) - Sending CreatePipelineCommand for pipeline:PipelineID=6de2b53f-2eb0-4b5a-b9e7-0cb630f518cc to datanode:44e8018b-e232-4b82-9d12-5076aa410e35
2020-04-25 00:52:16,713 [RatisPipelineUtilsThread] INFO  pipeline.RatisPipelineProvider (RatisPipelineProvider.java:lambda$create$0(138)) - Sending CreatePipelineCommand for pipeline:PipelineID=6de2b53f-2eb0-4b5a-b9e7-0cb630f518cc to datanode:a6f67013-66b6-4a15-861c-57dfff2f433f
2020-04-25 00:52:16,713 [RatisPipelineUtilsThread] INFO  pipeline.PipelineStateManager (PipelineStateManager.java:addPipeline(54)) - Created pipeline Pipeline[ Id: 6de2b53f-2eb0-4b5a-b9e7-0cb630f518cc, Nodes: 6550183a-8562-43dc-b28b-b6c484dc4935{ip: 172.17.0.2, host: 077b0f5420d0, networkLocation: /default-rack, certSerialId: null}44e8018b-e232-4b82-9d12-5076aa410e35{ip: 172.17.0.2, host: 077b0f5420d0, networkLocation: /default-rack, certSerialId: null}a6f67013-66b6-4a15-861c-57dfff2f433f{ip: 172.17.0.2, host: 077b0f5420d0, networkLocation: /default-rack, certSerialId: null}, Type:RATIS, Factor:THREE, State:ALLOCATED, leaderId:null, CreationTimestamp2020-04-25T00:52:16.713Z]
2020-04-25 00:52:16,713 [RatisPipelineUtilsThread] INFO  pipeline.SCMPipelineManager (SCMPipelineManager.java:recordMetricsForPipeline(187)) - Pipeline: PipelineID=6de2b53f-2eb0-4b5a-b9e7-0cb630f518cc contains same datanodes as previous pipelines: PipelineID=ae8a75f2-8a3b-4b14-97e2-4d2f0c4e8244 nodeIds: 6550183a-8562-43dc-b28b-b6c484dc4935, 44e8018b-e232-4b82-9d12-5076aa410e35, a6f67013-66b6-4a15-861c-57dfff2f433f
2020-04-25 00:52:16,713 [RatisPipelineUtilsThread] ERROR pipeline.SCMPipelineManager (SCMPipelineManager.java:createPipeline(222)) - Failed to create pipeline of type RATIS and factor THREE. Exception: Pipeline creation failed because nodes are engaged in other pipelines and every node can only be engaged in max 3 pipelines. Required 3. Found 0
2020-04-25 00:52:16,784 [IPC Server handler 4 on 37323] INFO  net.NetworkTopology (NetworkTopologyImpl.java:add(111)) - Added a new node: /default-rack/01d66f6b-871f-49cc-8cf1-f917fde7eb54
2020-04-25 00:52:16,784 [IPC Server handler 4 on 37323] INFO  node.SCMNodeManager (SCMNodeManager.java:register(268)) - Registered Data node : 01d66f6b-871f-49cc-8cf1-f917fde7eb54{ip: 172.17.0.2, host: 077b0f5420d0, networkLocation: /default-rack, certSerialId: null}
2020-04-25 00:52:16,784 [RatisPipelineUtilsThread] INFO  pipeline.RatisPipelineProvider (RatisPipelineProvider.java:lambda$create$0(138)) - Sending CreatePipelineCommand for pipeline:PipelineID=f840679d-0768-4efd-8269-908272680366 to datanode:01d66f6b-871f-49cc-8cf1-f917fde7eb54
2020-04-25 00:52:16,785 [EventQueue-NodeRegistrationContainerReportForDataNodeSafeModeRule] INFO  safemode.SCMSafeModeManager (SCMSafeModeManager.java:validateSafeModeExitRules(183)) - DataNodeSafeModeRule rule is successfully validated
2020-04-25 00:52:16,785 [RatisPipelineUtilsThread] INFO  pipeline.PipelineStateManager (PipelineStateManager.java:addPipeline(54)) - Created pipeline Pipeline[ Id: f840679d-0768-4efd-8269-908272680366, Nodes: 01d66f6b-871f-49cc-8cf1-f917fde7eb54{ip: 172.17.0.2, host: 077b0f5420d0, networkLocation: /default-rack, certSerialId: null}, Type:RATIS, Factor:ONE, State:ALLOCATED, leaderId:null, CreationTimestamp2020-04-25T00:52:16.784Z]
2020-04-25 00:52:16,785 [RatisPipelineUtilsThread] ERROR pipeline.SCMPipelineManager (SCMPipelineManager.java:createPipeline(222)) - Failed to create pipeline of type RATIS and factor ONE. Exception: Cannot create pipeline of factor 1 using 0 nodes. Used 4 nodes. Healthy nodes 4
2020-04-25 00:52:16,785 [RatisPipelineUtilsThread] ERROR pipeline.SCMPipelineManager (SCMPipelineManager.java:createPipeline(222)) - Failed to create pipeline of type RATIS and factor THREE. Exception: Pipeline creation failed because nodes are engaged in other pipelines and every node can only be engaged in max 3 pipelines. Required 3. Found 1
2020-04-25 00:52:16,785 [EventQueue-NodeRegistrationContainerReportForContainerSafeModeRule] INFO  safemode.SCMSafeModeManager (SCMSafeModeManager.java:validateSafeModeExitRules(183)) - ContainerSafeModeRule rule is successfully validated
2020-04-25 00:52:16,880 [IPC Server handler 5 on 37323] INFO  net.NetworkTopology (NetworkTopologyImpl.java:add(111)) - Added a new node: /default-rack/f6421666-a5d8-4f0d-9ada-e546d5fd97e1
2020-04-25 00:52:16,880 [IPC Server handler 5 on 37323] INFO  node.SCMNodeManager (SCMNodeManager.java:register(268)) - Registered Data node : f6421666-a5d8-4f0d-9ada-e546d5fd97e1{ip: 172.17.0.2, host: 077b0f5420d0, networkLocation: /default-rack, certSerialId: null}
2020-04-25 00:52:16,880 [RatisPipelineUtilsThread] INFO  pipeline.RatisPipelineProvider (RatisPipelineProvider.java:lambda$create$0(138)) - Sending CreatePipelineCommand for pipeline:PipelineID=e0dec1dd-8ab4-48a2-8ba7-ff9cb1177228 to datanode:f6421666-a5d8-4f0d-9ada-e546d5fd97e1
2020-04-25 00:52:16,880 [EventQueue-NodeRegistrationContainerReportForContainerSafeModeRule] INFO  safemode.SCMSafeModeManager (SCMSafeModeManager.java:validateSafeModeExitRules(183)) - ContainerSafeModeRule rule is successfully validated
2020-04-25 00:52:16,880 [EventQueue-NodeRegistrationContainerReportForDataNodeSafeModeRule] INFO  safemode.SCMSafeModeManager (SCMSafeModeManager.java:validateSafeModeExitRules(183)) - DataNodeSafeModeRule rule is successfully validated
2020-04-25 00:52:16,880 [RatisPipelineUtilsThread] INFO  pipeline.PipelineStateManager (PipelineStateManager.java:addPipeline(54)) - Created pipeline Pipeline[ Id: e0dec1dd-8ab4-48a2-8ba7-ff9cb1177228, Nodes: f6421666-a5d8-4f0d-9ada-e546d5fd97e1{ip: 172.17.0.2, host: 077b0f5420d0, networkLocation: /default-rack, certSerialId: null}, Type:RATIS, Factor:ONE, State:ALLOCATED, leaderId:null, CreationTimestamp2020-04-25T00:52:16.880Z]
2020-04-25 00:52:16,881 [RatisPipelineUtilsThread] ERROR pipeline.SCMPipelineManager (SCMPipelineManager.java:createPipeline(222)) - Failed to create pipeline of type RATIS and factor ONE. Exception: Cannot create pipeline of factor 1 using 0 nodes. Used 5 nodes. Healthy nodes 5
2020-04-25 00:52:16,881 [RatisPipelineUtilsThread] ERROR pipeline.SCMPipelineManager (SCMPipelineManager.java:createPipeline(222)) - Failed to create pipeline of type RATIS and factor THREE. Exception: Pipeline creation failed because nodes are engaged in other pipelines and every node can only be engaged in max 3 pipelines. Required 3. Found 2
2020-04-25 00:52:16,954 [IPC Server handler 6 on 37323] INFO  net.NetworkTopology (NetworkTopologyImpl.java:add(111)) - Added a new node: /default-rack/3cd9ecf8-858f-44dc-b977-29c5822b3976
2020-04-25 00:52:16,955 [IPC Server handler 6 on 37323] INFO  node.SCMNodeManager (SCMNodeManager.java:register(268)) - Registered Data node : 3cd9ecf8-858f-44dc-b977-29c5822b3976{ip: 172.17.0.2, host: 077b0f5420d0, networkLocation: /default-rack, certSerialId: null}
2020-04-25 00:52:16,955 [RatisPipelineUtilsThread] INFO  pipeline.RatisPipelineProvider (RatisPipelineProvider.java:lambda$create$0(138)) - Sending CreatePipelineCommand for pipeline:PipelineID=d4ea869c-362b-4805-919d-33c48084fcc9 to datanode:3cd9ecf8-858f-44dc-b977-29c5822b3976
2020-04-25 00:52:16,955 [EventQueue-NodeRegistrationContainerReportForContainerSafeModeRule] INFO  safemode.SCMSafeModeManager (SCMSafeModeManager.java:validateSafeModeExitRules(183)) - ContainerSafeModeRule rule is successfully validated
2020-04-25 00:52:16,955 [EventQueue-NodeRegistrationContainerReportForDataNodeSafeModeRule] INFO  safemode.SCMSafeModeManager (SCMSafeModeManager.java:validateSafeModeExitRules(183)) - DataNodeSafeModeRule rule is successfully validated
2020-04-25 00:52:16,955 [RatisPipelineUtilsThread] INFO  pipeline.PipelineStateManager (PipelineStateManager.java:addPipeline(54)) - Created pipeline Pipeline[ Id: d4ea869c-362b-4805-919d-33c48084fcc9, Nodes: 3cd9ecf8-858f-44dc-b977-29c5822b3976{ip: 172.17.0.2, host: 077b0f5420d0, networkLocation: /default-rack, certSerialId: null}, Type:RATIS, Factor:ONE, State:ALLOCATED, leaderId:null, CreationTimestamp2020-04-25T00:52:16.955Z]
2020-04-25 00:52:16,957 [RatisPipelineUtilsThread] ERROR pipeline.SCMPipelineManager (SCMPipelineManager.java:createPipeline(222)) - Failed to create pipeline of type RATIS and factor ONE. Exception: Cannot create pipeline of factor 1 using 0 nodes. Used 6 nodes. Healthy nodes 6
2020-04-25 00:52:16,957 [RatisPipelineUtilsThread] INFO  pipeline.RatisPipelineProvider (RatisPipelineProvider.java:lambda$create$0(138)) - Sending CreatePipelineCommand for pipeline:PipelineID=590aa6df-e18f-4cb8-b7c3-d671be9eb83e to datanode:f6421666-a5d8-4f0d-9ada-e546d5fd97e1
2020-04-25 00:52:16,957 [RatisPipelineUtilsThread] INFO  pipeline.RatisPipelineProvider (RatisPipelineProvider.java:lambda$create$0(138)) - Sending CreatePipelineCommand for pipeline:PipelineID=590aa6df-e18f-4cb8-b7c3-d671be9eb83e to datanode:01d66f6b-871f-49cc-8cf1-f917fde7eb54
2020-04-25 00:52:16,957 [RatisPipelineUtilsThread] INFO  pipeline.RatisPipelineProvider (RatisPipelineProvider.java:lambda$create$0(138)) - Sending CreatePipelineCommand for pipeline:PipelineID=590aa6df-e18f-4cb8-b7c3-d671be9eb83e to datanode:3cd9ecf8-858f-44dc-b977-29c5822b3976
2020-04-25 00:52:16,957 [RatisPipelineUtilsThread] INFO  pipeline.PipelineStateManager (PipelineStateManager.java:addPipeline(54)) - Created pipeline Pipeline[ Id: 590aa6df-e18f-4cb8-b7c3-d671be9eb83e, Nodes: f6421666-a5d8-4f0d-9ada-e546d5fd97e1{ip: 172.17.0.2, host: 077b0f5420d0, networkLocation: /default-rack, certSerialId: null}01d66f6b-871f-49cc-8cf1-f917fde7eb54{ip: 172.17.0.2, host: 077b0f5420d0, networkLocation: /default-rack, certSerialId: null}3cd9ecf8-858f-44dc-b977-29c5822b3976{ip: 172.17.0.2, host: 077b0f5420d0, networkLocation: /default-rack, certSerialId: null}, Type:RATIS, Factor:THREE, State:ALLOCATED, leaderId:null, CreationTimestamp2020-04-25T00:52:16.957Z]
2020-04-25 00:52:16,957 [RatisPipelineUtilsThread] INFO  pipeline.RatisPipelineProvider (RatisPipelineProvider.java:lambda$create$0(138)) - Sending CreatePipelineCommand for pipeline:PipelineID=caf77ddf-b422-4109-976a-7b58bb8f67d6 to datanode:f6421666-a5d8-4f0d-9ada-e546d5fd97e1
2020-04-25 00:52:16,958 [RatisPipelineUtilsThread] INFO  pipeline.RatisPipelineProvider (RatisPipelineProvider.java:lambda$create$0(138)) - Sending CreatePipelineCommand for pipeline:PipelineID=caf77ddf-b422-4109-976a-7b58bb8f67d6 to datanode:01d66f6b-871f-49cc-8cf1-f917fde7eb54
2020-04-25 00:52:16,958 [RatisPipelineUtilsThread] INFO  pipeline.RatisPipelineProvider (RatisPipelineProvider.java:lambda$create$0(138)) - Sending CreatePipelineCommand for pipeline:PipelineID=caf77ddf-b422-4109-976a-7b58bb8f67d6 to datanode:3cd9ecf8-858f-44dc-b977-29c5822b3976
2020-04-25 00:52:16,958 [RatisPipelineUtilsThread] INFO  pipeline.PipelineStateManager (PipelineStateManager.java:addPipeline(54)) - Created pipeline Pipeline[ Id: caf77ddf-b422-4109-976a-7b58bb8f67d6, Nodes: f6421666-a5d8-4f0d-9ada-e546d5fd97e1{ip: 172.17.0.2, host: 077b0f5420d0, networkLocation: /default-rack, certSerialId: null}01d66f6b-871f-49cc-8cf1-f917fde7eb54{ip: 172.17.0.2, host: 077b0f5420d0, networkLocation: /default-rack, certSerialId: null}3cd9ecf8-858f-44dc-b977-29c5822b3976{ip: 172.17.0.2, host: 077b0f5420d0, networkLocation: /default-rack, certSerialId: null}, Type:RATIS, Factor:THREE, State:ALLOCATED, leaderId:null, CreationTimestamp2020-04-25T00:52:16.957Z]
2020-04-25 00:52:16,958 [RatisPipelineUtilsThread] INFO  pipeline.SCMPipelineManager (SCMPipelineManager.java:recordMetricsForPipeline(187)) - Pipeline: PipelineID=caf77ddf-b422-4109-976a-7b58bb8f67d6 contains same datanodes as previous pipelines: PipelineID=590aa6df-e18f-4cb8-b7c3-d671be9eb83e nodeIds: f6421666-a5d8-4f0d-9ada-e546d5fd97e1, 01d66f6b-871f-49cc-8cf1-f917fde7eb54, 3cd9ecf8-858f-44dc-b977-29c5822b3976
2020-04-25 00:52:16,959 [RatisPipelineUtilsThread] ERROR pipeline.SCMPipelineManager (SCMPipelineManager.java:createPipeline(222)) - Failed to create pipeline of type RATIS and factor THREE. Exception: Pipeline creation failed because nodes are engaged in other pipelines and every node can only be engaged in max 3 pipelines. Required 3. Found 0
2020-04-25 00:52:17,023 [main] INFO  ozone.MiniOzoneClusterImpl (MiniOzoneClusterImpl.java:lambda$waitForClusterToBeReady$0(177)) - Waiting for nodes to be ready. Got 6 of 7 DN Heartbeats.
2020-04-25 00:52:17,024 [main] INFO  ozone.MiniOzoneClusterImpl (MiniOzoneClusterImpl.java:lambda$waitForClusterToBeReady$0(180)) - Waiting for cluster to exit safe mode
2020-04-25 00:52:17,029 [IPC Server handler 7 on 37323] INFO  net.NetworkTopology (NetworkTopologyImpl.java:add(111)) - Added a new node: /default-rack/378ddfc8-7d8d-47f2-b358-35cac2dfdeb9
2020-04-25 00:52:17,029 [IPC Server handler 7 on 37323] INFO  node.SCMNodeManager (SCMNodeManager.java:register(268)) - Registered Data node : 378ddfc8-7d8d-47f2-b358-35cac2dfdeb9{ip: 172.17.0.2, host: 077b0f5420d0, networkLocation: /default-rack, certSerialId: null}
2020-04-25 00:52:17,029 [RatisPipelineUtilsThread] INFO  pipeline.RatisPipelineProvider (RatisPipelineProvider.java:lambda$create$0(138)) - Sending CreatePipelineCommand for pipeline:PipelineID=3f0df70d-97bb-4a00-95a4-f41530501e9b to datanode:378ddfc8-7d8d-47f2-b358-35cac2dfdeb9
2020-04-25 00:52:17,029 [EventQueue-NodeRegistrationContainerReportForDataNodeSafeModeRule] INFO  safemode.SCMSafeModeManager (SCMSafeModeManager.java:validateSafeModeExitRules(183)) - DataNodeSafeModeRule rule is successfully validated
2020-04-25 00:52:17,029 [EventQueue-NodeRegistrationContainerReportForContainerSafeModeRule] INFO  safemode.SCMSafeModeManager (SCMSafeModeManager.java:validateSafeModeExitRules(183)) - ContainerSafeModeRule rule is successfully validated
2020-04-25 00:52:17,030 [RatisPipelineUtilsThread] INFO  pipeline.PipelineStateManager (PipelineStateManager.java:addPipeline(54)) - Created pipeline Pipeline[ Id: 3f0df70d-97bb-4a00-95a4-f41530501e9b, Nodes: 378ddfc8-7d8d-47f2-b358-35cac2dfdeb9{ip: 172.17.0.2, host: 077b0f5420d0, networkLocation: /default-rack, certSerialId: null}, Type:RATIS, Factor:ONE, State:ALLOCATED, leaderId:null, CreationTimestamp2020-04-25T00:52:17.029Z]
2020-04-25 00:52:17,031 [RatisPipelineUtilsThread] ERROR pipeline.SCMPipelineManager (SCMPipelineManager.java:createPipeline(222)) - Failed to create pipeline of type RATIS and factor ONE. Exception: Cannot create pipeline of factor 1 using 0 nodes. Used 7 nodes. Healthy nodes 7
2020-04-25 00:52:17,031 [RatisPipelineUtilsThread] ERROR pipeline.SCMPipelineManager (SCMPipelineManager.java:createPipeline(222)) - Failed to create pipeline of type RATIS and factor THREE. Exception: Pipeline creation failed because nodes are engaged in other pipelines and every node can only be engaged in max 3 pipelines. Required 3. Found 1
2020-04-25 00:52:18,024 [main] INFO  ozone.MiniOzoneClusterImpl (MiniOzoneClusterImpl.java:lambda$waitForClusterToBeReady$0(177)) - Nodes are ready. Got 7 of 7 DN Heartbeats.
2020-04-25 00:52:18,024 [main] INFO  ozone.MiniOzoneClusterImpl (MiniOzoneClusterImpl.java:lambda$waitForClusterToBeReady$0(180)) - Waiting for cluster to exit safe mode
2020-04-25 00:52:19,024 [main] INFO  ozone.MiniOzoneClusterImpl (MiniOzoneClusterImpl.java:lambda$waitForClusterToBeReady$0(177)) - Nodes are ready. Got 7 of 7 DN Heartbeats.
2020-04-25 00:52:19,025 [main] INFO  ozone.MiniOzoneClusterImpl (MiniOzoneClusterImpl.java:lambda$waitForClusterToBeReady$0(180)) - Waiting for cluster to exit safe mode
2020-04-25 00:52:19,453 [Command processor thread] INFO  impl.RaftServerProxy (RaftServerProxy.java:addNew(89)) - 44e8018b-e232-4b82-9d12-5076aa410e35: addNew group-A6D7DBFCC443:[44e8018b-e232-4b82-9d12-5076aa410e35:172.17.0.2:35979] returns group-A6D7DBFCC443:java.util.concurrent.CompletableFuture@6165687f[Not completed]
2020-04-25 00:52:19,454 [pool-700-thread-1] INFO  impl.RaftServerImpl (RaftServerImpl.java:<init>(97)) - 44e8018b-e232-4b82-9d12-5076aa410e35: new RaftServerImpl for group-A6D7DBFCC443:[44e8018b-e232-4b82-9d12-5076aa410e35:172.17.0.2:35979] with ContainerStateMachine:uninitialized
2020-04-25 00:52:19,455 [pool-700-thread-1] INFO  server.RaftServerConfigKeys (ConfUtils.java:logGet(44)) - raft.server.rpc.timeout.min = 5s (custom)
2020-04-25 00:52:19,455 [pool-700-thread-1] INFO  server.RaftServerConfigKeys (ConfUtils.java:logGet(44)) - raft.server.rpc.timeout.max = 5200ms (custom)
2020-04-25 00:52:19,455 [pool-700-thread-1] INFO  server.RaftServerConfigKeys (ConfUtils.java:logGet(44)) - raft.server.rpcslowness.timeout = 300s (custom)
2020-04-25 00:52:19,455 [pool-700-thread-1] INFO  server.RaftServerConfigKeys (ConfUtils.java:logGet(44)) - raft.server.sleep.deviation.threshold = 300 (default)
2020-04-25 00:52:19,455 [pool-700-thread-1] INFO  server.RaftServerConfigKeys (ConfUtils.java:logGet(44)) - raft.server.log.appender.install.snapshot.enabled = false (custom)
2020-04-25 00:52:19,456 [pool-700-thread-1] INFO  impl.RaftServerImpl (ServerState.java:<init>(103)) - 44e8018b-e232-4b82-9d12-5076aa410e35@group-A6D7DBFCC443: ConfigurationManager, init=-1: [44e8018b-e232-4b82-9d12-5076aa410e35:172.17.0.2:35979], old=null, confs=<EMPTY_MAP>
2020-04-25 00:52:19,456 [pool-700-thread-1] INFO  server.RaftServerConfigKeys (ConfUtils.java:logGet(44)) - raft.server.storage.dir = [/github/workspace/mnt/ozone/hadoop-ozone/integration-test/target/test-dir/MiniOzoneClusterImpl-fac2b43d-d0f4-41bd-8b0e-0750bdad7e42/datanode-0/data/ratis] (custom)
2020-04-25 00:52:19,456 [pool-700-thread-1] INFO  server.RaftServerConfigKeys (ConfUtils.java:logGet(44)) - raft.server.log.corruption.policy = EXCEPTION (default)
2020-04-25 00:52:19,456 [pool-700-thread-1] INFO  storage.RaftStorageDirectory (RaftStorageDirectory.java:analyzeStorage(253)) - The storage directory /github/workspace/mnt/ozone/hadoop-ozone/integration-test/target/test-dir/MiniOzoneClusterImpl-fac2b43d-d0f4-41bd-8b0e-0750bdad7e42/datanode-0/data/ratis/13105c74-727b-4890-a388-a6d7dbfcc443 does not exist. Creating ...
2020-04-25 00:52:19,457 [pool-700-thread-1] INFO  storage.RaftStorageDirectory (RaftStorageDirectory.java:tryLock(335)) - Lock on /github/workspace/mnt/ozone/hadoop-ozone/integration-test/target/test-dir/MiniOzoneClusterImpl-fac2b43d-d0f4-41bd-8b0e-0750bdad7e42/datanode-0/data/ratis/13105c74-727b-4890-a388-a6d7dbfcc443/in_use.lock acquired by nodename 10620@077b0f5420d0
2020-04-25 00:52:19,458 [pool-700-thread-1] INFO  storage.RaftStorage (RaftStorage.java:format(84)) - Storage directory /github/workspace/mnt/ozone/hadoop-ozone/integration-test/target/test-dir/MiniOzoneClusterImpl-fac2b43d-d0f4-41bd-8b0e-0750bdad7e42/datanode-0/data/ratis/13105c74-727b-4890-a388-a6d7dbfcc443 has been successfully formatted.
2020-04-25 00:52:19,459 [pool-700-thread-1] INFO  ratis.ContainerStateMachine (ContainerStateMachine.java:loadSnapshot(226)) - group-A6D7DBFCC443: The snapshot info is null. Setting the last applied indexto:(t:0, i:~)
2020-04-25 00:52:19,459 [pool-700-thread-1] INFO  server.RaftServerConfigKeys (ConfUtils.java:logGet(44)) - raft.server.notification.no-leader.timeout = 60s (default)
2020-04-25 00:52:19,459 [pool-700-thread-1] INFO  server.RaftServerConfigKeys (ConfUtils.java:logGet(44)) - raft.server.log.use.memory = false (default)
2020-04-25 00:52:19,459 [pool-700-thread-1] INFO  server.RaftServerConfigKeys (ConfUtils.java:logGet(44)) - raft.server.log.purge.gap = 1000000 (custom)
2020-04-25 00:52:19,459 [EventQueue-PipelineReportForPipelineReportHandler] INFO  pipeline.PipelineStateManager (PipelineStateManager.java:openPipeline(131)) - Pipeline Pipeline[ Id: 13105c74-727b-4890-a388-a6d7dbfcc443, Nodes: 44e8018b-e232-4b82-9d12-5076aa410e35{ip: 172.17.0.2, host: 077b0f5420d0, networkLocation: /default-rack, certSerialId: null}, Type:RATIS, Factor:ONE, State:ALLOCATED, leaderId:44e8018b-e232-4b82-9d12-5076aa410e35, CreationTimestamp2020-04-25T00:52:16.456Z] moved to OPEN state
2020-04-25 00:52:19,459 [pool-700-thread-1] INFO  server.RaftServerConfigKeys (ConfUtils.java:logGet(44)) - raft.server.log.appender.buffer.byte-limit = 33554432 (custom)
2020-04-25 00:52:19,461 [pool-700-thread-1] INFO  server.RaftServerConfigKeys (ConfUtils.java:logGet(44)) - raft.server.log.segment.size.max = 1048576 (custom)
2020-04-25 00:52:19,461 [pool-700-thread-1] INFO  metrics.RatisMetrics (RatisMetrics.java:lambda$create$0(39)) - Creating Metrics Registry : ratis.log_worker.44e8018b-e232-4b82-9d12-5076aa410e35
2020-04-25 00:52:19,461 [EventQueue-OpenPipelineForHealthyPipelineSafeModeRule] INFO  safemode.SCMSafeModeManager (HealthyPipelineSafeModeRule.java:process(132)) - SCM in safe mode. Healthy pipelines reported count is 0, required healthy pipeline reported count is 1
2020-04-25 00:52:19,461 [EventQueue-OpenPipelineForOneReplicaPipelineSafeModeRule] INFO  safemode.SCMSafeModeManager (SCMSafeModeManager.java:validateSafeModeExitRules(183)) - AtleastOneDatanodeReportedRule rule is successfully validated
2020-04-25 00:52:19,462 [pool-700-thread-1] INFO  server.RaftServerConfigKeys (ConfUtils.java:logGet(44)) - raft.server.log.segment.cache.num.max = 2 (custom)
2020-04-25 00:52:19,462 [pool-700-thread-1] INFO  segmented.SegmentedRaftLogWorker (SegmentedRaftLogWorker.java:<init>(176)) - new 44e8018b-e232-4b82-9d12-5076aa410e35@group-A6D7DBFCC443-SegmentedRaftLogWorker for RaftStorage:Storage Directory /github/workspace/mnt/ozone/hadoop-ozone/integration-test/target/test-dir/MiniOzoneClusterImpl-fac2b43d-d0f4-41bd-8b0e-0750bdad7e42/datanode-0/data/ratis/13105c74-727b-4890-a388-a6d7dbfcc443
2020-04-25 00:52:19,462 [pool-700-thread-1] INFO  server.RaftServerConfigKeys (ConfUtils.java:logGet(44)) - raft.server.log.queue.byte-limit = 2147483647 (custom)
2020-04-25 00:52:19,462 [pool-700-thread-1] INFO  server.RaftServerConfigKeys (ConfUtils.java:logGet(44)) - raft.server.log.queue.element-limit = 1024 (custom)
2020-04-25 00:52:19,462 [pool-700-thread-1] INFO  server.RaftServerConfigKeys (ConfUtils.java:logGet(44)) - raft.server.log.segment.size.max = 1048576 (custom)
2020-04-25 00:52:19,462 [pool-700-thread-1] INFO  server.RaftServerConfigKeys (ConfUtils.java:logGet(44)) - raft.server.log.preallocated.size = 16384 (custom)
2020-04-25 00:52:19,462 [pool-700-thread-1] INFO  server.RaftServerConfigKeys (ConfUtils.java:logGet(44)) - raft.server.log.write.buffer.size = 1048576 (custom)
2020-04-25 00:52:19,462 [pool-700-thread-1] INFO  server.RaftServerConfigKeys (ConfUtils.java:logGet(44)) - raft.server.log.force.sync.num = 128 (default)
2020-04-25 00:52:19,462 [pool-700-thread-1] INFO  server.RaftServerConfigKeys (ConfUtils.java:logGet(44)) - raft.server.log.statemachine.data.sync = true (default)
2020-04-25 00:52:19,463 [pool-700-thread-1] INFO  server.RaftServerConfigKeys (ConfUtils.java:logGet(44)) - raft.server.log.statemachine.data.sync.timeout = 10s (default)
2020-04-25 00:52:19,463 [pool-700-thread-1] INFO  server.RaftServerConfigKeys (ConfUtils.java:logGet(44)) - raft.server.log.statemachine.data.sync.timeout.retry = -1 (default)
2020-04-25 00:52:19,467 [pool-700-thread-1] INFO  server.RaftServerConfigKeys (ConfUtils.java:logGet(44)) - raft.server.log.statemachine.data.caching.enabled = true (custom)
2020-04-25 00:52:19,467 [pool-700-thread-1] INFO  segmented.SegmentedRaftLogWorker (SegmentedRaftLogWorker.java:lambda$new$0(129)) - 44e8018b-e232-4b82-9d12-5076aa410e35@group-A6D7DBFCC443-SegmentedRaftLogWorker: flushIndex: setUnconditionally 0 -> -1
2020-04-25 00:52:19,467 [pool-700-thread-1] INFO  server.RaftServerConfigKeys (ConfUtils.java:logGet(44)) - raft.server.snapshot.auto.trigger.enabled = true (custom)
2020-04-25 00:52:19,467 [pool-700-thread-1] INFO  server.RaftServerConfigKeys (ConfUtils.java:logGet(44)) - raft.server.snapshot.auto.trigger.threshold = 10000 (custom)
2020-04-25 00:52:19,468 [pool-700-thread-1] INFO  server.RaftServerConfigKeys (ConfUtils.java:logGet(44)) - raft.server.snapshot.retention.file.num = 5 (custom)
2020-04-25 00:52:19,468 [pool-700-thread-1] INFO  server.RaftServerConfigKeys (ConfUtils.java:logGet(44)) - raft.server.retrycache.expirytime = 600000ms (custom)
2020-04-25 00:52:19,468 [pool-700-thread-1] INFO  metrics.RatisMetrics (RatisMetrics.java:lambda$create$0(39)) - Creating Metrics Registry : ratis.leader_election.44e8018b-e232-4b82-9d12-5076aa410e35@group-A6D7DBFCC443
2020-04-25 00:52:19,469 [pool-700-thread-1] INFO  metrics.RatisMetrics (RatisMetrics.java:lambda$create$0(39)) - Creating Metrics Registry : ratis.server.44e8018b-e232-4b82-9d12-5076aa410e35@group-A6D7DBFCC443
2020-04-25 00:52:19,470 [pool-700-thread-1] INFO  impl.RaftServerImpl (RaftServerImpl.java:start(183)) - 44e8018b-e232-4b82-9d12-5076aa410e35@group-A6D7DBFCC443: start as a follower, conf=-1: [44e8018b-e232-4b82-9d12-5076aa410e35:172.17.0.2:35979], old=null
2020-04-25 00:52:19,470 [pool-700-thread-1] INFO  impl.RaftServerImpl (RaftServerImpl.java:setRole(172)) - 44e8018b-e232-4b82-9d12-5076aa410e35@group-A6D7DBFCC443: changes role from      null to FOLLOWER at term 0 for startAsFollower
2020-04-25 00:52:19,470 [pool-700-thread-1] INFO  impl.RoleInfo (RoleInfo.java:updateAndGet(143)) - 44e8018b-e232-4b82-9d12-5076aa410e35: start FollowerState
2020-04-25 00:52:19,473 [pool-700-thread-1] INFO  util.JmxRegister (JmxRegister.java:tryRegister(44)) - Successfully registered JMX Bean with object name Ratis:service=RaftServer,group=group-A6D7DBFCC443,id=44e8018b-e232-4b82-9d12-5076aa410e35
2020-04-25 00:52:19,473 [pool-700-thread-1] INFO  metrics.RatisMetrics (RatisMetrics.java:lambda$create$0(39)) - Creating Metrics Registry : ratis.state_machine.44e8018b-e232-4b82-9d12-5076aa410e35@group-A6D7DBFCC443
2020-04-25 00:52:19,474 [Command processor thread] INFO  commandhandler.CreatePipelineCommandHandler (CreatePipelineCommandHandler.java:handle(109)) - Created Pipeline RATIS ONE #id: "13105c74-727b-4890-a388-a6d7dbfcc443"
.
2020-04-25 00:52:19,475 [Command processor thread] INFO  impl.RaftServerProxy (RaftServerProxy.java:addNew(89)) - 44e8018b-e232-4b82-9d12-5076aa410e35: addNew group-4D2F0C4E8244:[a6f67013-66b6-4a15-861c-57dfff2f433f:172.17.0.2:43377, 6550183a-8562-43dc-b28b-b6c484dc4935:172.17.0.2:44877, 44e8018b-e232-4b82-9d12-5076aa410e35:172.17.0.2:35979] returns group-4D2F0C4E8244:java.util.concurrent.CompletableFuture@655af08b[Not completed]
2020-04-25 00:52:19,478 [pool-700-thread-1] INFO  impl.RaftServerImpl (RaftServerImpl.java:<init>(97)) - 44e8018b-e232-4b82-9d12-5076aa410e35: new RaftServerImpl for group-4D2F0C4E8244:[a6f67013-66b6-4a15-861c-57dfff2f433f:172.17.0.2:43377, 6550183a-8562-43dc-b28b-b6c484dc4935:172.17.0.2:44877, 44e8018b-e232-4b82-9d12-5076aa410e35:172.17.0.2:35979] with ContainerStateMachine:uninitialized
2020-04-25 00:52:19,478 [pool-700-thread-1] INFO  server.RaftServerConfigKeys (ConfUtils.java:logGet(44)) - raft.server.rpc.timeout.min = 5s (custom)
2020-04-25 00:52:19,478 [pool-700-thread-1] INFO  server.RaftServerConfigKeys (ConfUtils.java:logGet(44)) - raft.server.rpc.timeout.max = 5200ms (custom)
2020-04-25 00:52:19,478 [pool-700-thread-1] INFO  server.RaftServerConfigKeys (ConfUtils.java:logGet(44)) - raft.server.rpcslowness.timeout = 300s (custom)
2020-04-25 00:52:19,478 [pool-700-thread-1] INFO  server.RaftServerConfigKeys (ConfUtils.java:logGet(44)) - raft.server.sleep.deviation.threshold = 300 (default)
2020-04-25 00:52:19,478 [pool-700-thread-1] INFO  server.RaftServerConfigKeys (ConfUtils.java:logGet(44)) - raft.server.log.appender.install.snapshot.enabled = false (custom)
2020-04-25 00:52:19,478 [pool-700-thread-1] INFO  impl.RaftServerImpl (ServerState.java:<init>(103)) - 44e8018b-e232-4b82-9d12-5076aa410e35@group-4D2F0C4E8244: ConfigurationManager, init=-1: [a6f67013-66b6-4a15-861c-57dfff2f433f:172.17.0.2:43377, 6550183a-8562-43dc-b28b-b6c484dc4935:172.17.0.2:44877, 44e8018b-e232-4b82-9d12-5076aa410e35:172.17.0.2:35979], old=null, confs=<EMPTY_MAP>
2020-04-25 00:52:19,478 [pool-700-thread-1] INFO  server.RaftServerConfigKeys (ConfUtils.java:logGet(44)) - raft.server.storage.dir = [/github/workspace/mnt/ozone/hadoop-ozone/integration-test/target/test-dir/MiniOzoneClusterImpl-fac2b43d-d0f4-41bd-8b0e-0750bdad7e42/datanode-0/data/ratis] (custom)
2020-04-25 00:52:19,479 [pool-700-thread-1] INFO  server.RaftServerConfigKeys (ConfUtils.java:logGet(44)) - raft.server.log.corruption.policy = EXCEPTION (default)
2020-04-25 00:52:19,479 [pool-700-thread-1] INFO  storage.RaftStorageDirectory (RaftStorageDirectory.java:analyzeStorage(253)) - The storage directory /github/workspace/mnt/ozone/hadoop-ozone/integration-test/target/test-dir/MiniOzoneClusterImpl-fac2b43d-d0f4-41bd-8b0e-0750bdad7e42/datanode-0/data/ratis/ae8a75f2-8a3b-4b14-97e2-4d2f0c4e8244 does not exist. Creating ...
2020-04-25 00:52:19,480 [pool-700-thread-1] INFO  storage.RaftStorageDirectory (RaftStorageDirectory.java:tryLock(335)) - Lock on /github/workspace/mnt/ozone/hadoop-ozone/integration-test/target/test-dir/MiniOzoneClusterImpl-fac2b43d-d0f4-41bd-8b0e-0750bdad7e42/datanode-0/data/ratis/ae8a75f2-8a3b-4b14-97e2-4d2f0c4e8244/in_use.lock acquired by nodename 10620@077b0f5420d0
2020-04-25 00:52:19,482 [pool-700-thread-1] INFO  storage.RaftStorage (RaftStorage.java:format(84)) - Storage directory /github/workspace/mnt/ozone/hadoop-ozone/integration-test/target/test-dir/MiniOzoneClusterImpl-fac2b43d-d0f4-41bd-8b0e-0750bdad7e42/datanode-0/data/ratis/ae8a75f2-8a3b-4b14-97e2-4d2f0c4e8244 has been successfully formatted.
2020-04-25 00:52:19,483 [pool-700-thread-1] INFO  ratis.ContainerStateMachine (ContainerStateMachine.java:loadSnapshot(226)) - group-4D2F0C4E8244: The snapshot info is null. Setting the last applied indexto:(t:0, i:~)
2020-04-25 00:52:19,483 [pool-700-thread-1] INFO  server.RaftServerConfigKeys (ConfUtils.java:logGet(44)) - raft.server.notification.no-leader.timeout = 60s (default)
2020-04-25 00:52:19,483 [pool-700-thread-1] INFO  server.RaftServerConfigKeys (ConfUtils.java:logGet(44)) - raft.server.log.use.memory = false (default)
2020-04-25 00:52:19,483 [pool-700-thread-1] INFO  server.RaftServerConfigKeys (ConfUtils.java:logGet(44)) - raft.server.log.purge.gap = 1000000 (custom)
2020-04-25 00:52:19,483 [pool-700-thread-1] INFO  server.RaftServerConfigKeys (ConfUtils.java:logGet(44)) - raft.server.log.appender.buffer.byte-limit = 33554432 (custom)
2020-04-25 00:52:19,483 [pool-700-thread-1] INFO  server.RaftServerConfigKeys (ConfUtils.java:logGet(44)) - raft.server.log.segment.size.max = 1048576 (custom)
2020-04-25 00:52:19,483 [pool-700-thread-1] INFO  server.RaftServerConfigKeys (ConfUtils.java:logGet(44)) - raft.server.log.segment.cache.num.max = 2 (custom)
2020-04-25 00:52:19,484 [pool-700-thread-1] INFO  segmented.SegmentedRaftLogWorker (SegmentedRaftLogWorker.java:<init>(176)) - new 44e8018b-e232-4b82-9d12-5076aa410e35@group-4D2F0C4E8244-SegmentedRaftLogWorker for RaftStorage:Storage Directory /github/workspace/mnt/ozone/hadoop-ozone/integration-test/target/test-dir/MiniOzoneClusterImpl-fac2b43d-d0f4-41bd-8b0e-0750bdad7e42/datanode-0/data/ratis/ae8a75f2-8a3b-4b14-97e2-4d2f0c4e8244
2020-04-25 00:52:19,484 [pool-700-thread-1] INFO  server.RaftServerConfigKeys (ConfUtils.java:logGet(44)) - raft.server.log.queue.byte-limit = 2147483647 (custom)
2020-04-25 00:52:19,484 [pool-700-thread-1] INFO  server.RaftServerConfigKeys (ConfUtils.java:logGet(44)) - raft.server.log.queue.element-limit = 1024 (custom)
2020-04-25 00:52:19,484 [pool-700-thread-1] INFO  server.RaftServerConfigKeys (ConfUtils.java:logGet(44)) - raft.server.log.segment.size.max = 1048576 (custom)
2020-04-25 00:52:19,484 [pool-700-thread-1] INFO  server.RaftServerConfigKeys (ConfUtils.java:logGet(44)) - raft.server.log.preallocated.size = 16384 (custom)
2020-04-25 00:52:19,484 [pool-700-thread-1] INFO  server.RaftServerConfigKeys (ConfUtils.java:logGet(44)) - raft.server.log.write.buffer.size = 1048576 (custom)
2020-04-25 00:52:19,484 [pool-700-thread-1] INFO  server.RaftServerConfigKeys (ConfUtils.java:logGet(44)) - raft.server.log.force.sync.num = 128 (default)
2020-04-25 00:52:19,484 [pool-700-thread-1] INFO  server.RaftServerConfigKeys (ConfUtils.java:logGet(44)) - raft.server.log.statemachine.data.sync = true (default)
2020-04-25 00:52:19,484 [pool-700-thread-1] INFO  server.RaftServerConfigKeys (ConfUtils.java:logGet(44)) - raft.server.log.statemachine.data.sync.timeout = 10s (default)
2020-04-25 00:52:19,484 [pool-700-thread-1] INFO  server.RaftServerConfigKeys (ConfUtils.java:logGet(44)) - raft.server.log.statemachine.data.sync.timeout.retry = -1 (default)
2020-04-25 00:52:19,485 [pool-700-thread-1] INFO  server.RaftServerConfigKeys (ConfUtils.java:logGet(44)) - raft.server.log.statemachine.data.caching.enabled = true (custom)
2020-04-25 00:52:19,485 [pool-700-thread-1] INFO  segmented.SegmentedRaftLogWorker (SegmentedRaftLogWorker.java:lambda$new$0(129)) - 44e8018b-e232-4b82-9d12-5076aa410e35@group-4D2F0C4E8244-SegmentedRaftLogWorker: flushIndex: setUnconditionally 0 -> -1
2020-04-25 00:52:19,485 [pool-700-thread-1] INFO  server.RaftServerConfigKeys (ConfUtils.java:logGet(44)) - raft.server.snapshot.auto.trigger.enabled = true (custom)
2020-04-25 00:52:19,485 [pool-700-thread-1] INFO  server.RaftServerConfigKeys (ConfUtils.java:logGet(44)) - raft.server.snapshot.auto.trigger.threshold = 10000 (custom)
2020-04-25 00:52:19,486 [pool-700-thread-1] INFO  server.RaftServerConfigKeys (ConfUtils.java:logGet(44)) - raft.server.snapshot.retention.file.num = 5 (custom)
2020-04-25 00:52:19,486 [pool-700-thread-1] INFO  server.RaftServerConfigKeys (ConfUtils.java:logGet(44)) - raft.server.retrycache.expirytime = 600000ms (custom)
2020-04-25 00:52:19,486 [pool-700-thread-1] INFO  metrics.RatisMetrics (RatisMetrics.java:lambda$create$0(39)) - Creating Metrics Registry : ratis.leader_election.44e8018b-e232-4b82-9d12-5076aa410e35@group-4D2F0C4E8244
2020-04-25 00:52:19,487 [pool-700-thread-1] INFO  metrics.RatisMetrics (RatisMetrics.java:lambda$create$0(39)) - Creating Metrics Registry : ratis.server.44e8018b-e232-4b82-9d12-5076aa410e35@group-4D2F0C4E8244
2020-04-25 00:52:19,489 [pool-700-thread-1] INFO  impl.RaftServerImpl (RaftServerImpl.java:start(183)) - 44e8018b-e232-4b82-9d12-5076aa410e35@group-4D2F0C4E8244: start as a follower, conf=-1: [a6f67013-66b6-4a15-861c-57dfff2f433f:172.17.0.2:43377, 6550183a-8562-43dc-b28b-b6c484dc4935:172.17.0.2:44877, 44e8018b-e232-4b82-9d12-5076aa410e35:172.17.0.2:35979], old=null
2020-04-25 00:52:19,489 [pool-700-thread-1] INFO  impl.RaftServerImpl (RaftServerImpl.java:setRole(172)) - 44e8018b-e232-4b82-9d12-5076aa410e35@group-4D2F0C4E8244: changes role from      null to FOLLOWER at term 0 for startAsFollower
2020-04-25 00:52:19,489 [pool-700-thread-1] INFO  impl.RoleInfo (RoleInfo.java:updateAndGet(143)) - 44e8018b-e232-4b82-9d12-5076aa410e35: start FollowerState
2020-04-25 00:52:19,489 [pool-700-thread-1] INFO  util.JmxRegister (JmxRegister.java:tryRegister(44)) - Successfully registered JMX Bean with object name Ratis:service=RaftServer,group=group-4D2F0C4E8244,id=44e8018b-e232-4b82-9d12-5076aa410e35
2020-04-25 00:52:19,489 [pool-700-thread-1] INFO  metrics.RatisMetrics (RatisMetrics.java:lambda$create$0(39)) - Creating Metrics Registry : ratis.state_machine.44e8018b-e232-4b82-9d12-5076aa410e35@group-4D2F0C4E8244
2020-04-25 00:52:19,509 [grpc-default-executor-10] INFO  impl.RaftServerProxy (RaftServerProxy.java:addNew(89)) - 6550183a-8562-43dc-b28b-b6c484dc4935: addNew group-4D2F0C4E8244:[a6f67013-66b6-4a15-861c-57dfff2f433f:172.17.0.2:43377, 6550183a-8562-43dc-b28b-b6c484dc4935:172.17.0.2:44877, 44e8018b-e232-4b82-9d12-5076aa410e35:172.17.0.2:35979] returns group-4D2F0C4E8244:java.util.concurrent.CompletableFuture@606f0429[Not completed]
2020-04-25 00:52:19,510 [pool-715-thread-1] INFO  impl.RaftServerImpl (RaftServerImpl.java:<init>(97)) - 6550183a-8562-43dc-b28b-b6c484dc4935: new RaftServerImpl for group-4D2F0C4E8244:[a6f67013-66b6-4a15-861c-57dfff2f433f:172.17.0.2:43377, 6550183a-8562-43dc-b28b-b6c484dc4935:172.17.0.2:44877, 44e8018b-e232-4b82-9d12-5076aa410e35:172.17.0.2:35979] with ContainerStateMachine:uninitialized
2020-04-25 00:52:19,515 [pool-715-thread-1] INFO  server.RaftServerConfigKeys (ConfUtils.java:logGet(44)) - raft.server.rpc.timeout.min = 5s (custom)
2020-04-25 00:52:19,515 [pool-715-thread-1] INFO  server.RaftServerConfigKeys (ConfUtils.java:logGet(44)) - raft.server.rpc.timeout.max = 5200ms (custom)
2020-04-25 00:52:19,515 [pool-715-thread-1] INFO  server.RaftServerConfigKeys (ConfUtils.java:logGet(44)) - raft.server.rpcslowness.timeout = 300s (custom)
2020-04-25 00:52:19,515 [pool-715-thread-1] INFO  server.RaftServerConfigKeys (ConfUtils.java:logGet(44)) - raft.server.sleep.deviation.threshold = 300 (default)
2020-04-25 00:52:19,515 [pool-715-thread-1] INFO  server.RaftServerConfigKeys (ConfUtils.java:logGet(44)) - raft.server.log.appender.install.snapshot.enabled = false (custom)
2020-04-25 00:52:19,515 [pool-715-thread-1] INFO  impl.RaftServerImpl (ServerState.java:<init>(103)) - 6550183a-8562-43dc-b28b-b6c484dc4935@group-4D2F0C4E8244: ConfigurationManager, init=-1: [a6f67013-66b6-4a15-861c-57dfff2f433f:172.17.0.2:43377, 6550183a-8562-43dc-b28b-b6c484dc4935:172.17.0.2:44877, 44e8018b-e232-4b82-9d12-5076aa410e35:172.17.0.2:35979], old=null, confs=<EMPTY_MAP>
2020-04-25 00:52:19,515 [pool-715-thread-1] INFO  server.RaftServerConfigKeys (ConfUtils.java:logGet(44)) - raft.server.storage.dir = [/github/workspace/mnt/ozone/hadoop-ozone/integration-test/target/test-dir/MiniOzoneClusterImpl-fac2b43d-d0f4-41bd-8b0e-0750bdad7e42/datanode-1/data/ratis] (custom)
2020-04-25 00:52:19,515 [pool-715-thread-1] INFO  server.RaftServerConfigKeys (ConfUtils.java:logGet(44)) - raft.server.log.corruption.policy = EXCEPTION (default)
2020-04-25 00:52:19,516 [pool-715-thread-1] INFO  storage.RaftStorageDirectory (RaftStorageDirectory.java:analyzeStorage(253)) - The storage directory /github/workspace/mnt/ozone/hadoop-ozone/integration-test/target/test-dir/MiniOzoneClusterImpl-fac2b43d-d0f4-41bd-8b0e-0750bdad7e42/datanode-1/data/ratis/ae8a75f2-8a3b-4b14-97e2-4d2f0c4e8244 does not exist. Creating ...
2020-04-25 00:52:19,517 [pool-715-thread-1] INFO  storage.RaftStorageDirectory (RaftStorageDirectory.java:tryLock(335)) - Lock on /github/workspace/mnt/ozone/hadoop-ozone/integration-test/target/test-dir/MiniOzoneClusterImpl-fac2b43d-d0f4-41bd-8b0e-0750bdad7e42/datanode-1/data/ratis/ae8a75f2-8a3b-4b14-97e2-4d2f0c4e8244/in_use.lock acquired by nodename 10620@077b0f5420d0
2020-04-25 00:52:19,518 [pool-715-thread-1] INFO  storage.RaftStorage (RaftStorage.java:format(84)) - Storage directory /github/workspace/mnt/ozone/hadoop-ozone/integration-test/target/test-dir/MiniOzoneClusterImpl-fac2b43d-d0f4-41bd-8b0e-0750bdad7e42/datanode-1/data/ratis/ae8a75f2-8a3b-4b14-97e2-4d2f0c4e8244 has been successfully formatted.
2020-04-25 00:52:19,518 [pool-715-thread-1] INFO  ratis.ContainerStateMachine (ContainerStateMachine.java:loadSnapshot(226)) - group-4D2F0C4E8244: The snapshot info is null. Setting the last applied indexto:(t:0, i:~)
2020-04-25 00:52:19,518 [pool-715-thread-1] INFO  server.RaftServerConfigKeys (ConfUtils.java:logGet(44)) - raft.server.notification.no-leader.timeout = 60s (default)
2020-04-25 00:52:19,519 [pool-715-thread-1] INFO  server.RaftServerConfigKeys (ConfUtils.java:logGet(44)) - raft.server.log.use.memory = false (default)
2020-04-25 00:52:19,519 [pool-715-thread-1] INFO  server.RaftServerConfigKeys (ConfUtils.java:logGet(44)) - raft.server.log.purge.gap = 1000000 (custom)
2020-04-25 00:52:19,519 [pool-715-thread-1] INFO  server.RaftServerConfigKeys (ConfUtils.java:logGet(44)) - raft.server.log.appender.buffer.byte-limit = 33554432 (custom)
2020-04-25 00:52:19,519 [pool-715-thread-1] INFO  server.RaftServerConfigKeys (ConfUtils.java:logGet(44)) - raft.server.log.segment.size.max = 1048576 (custom)
2020-04-25 00:52:19,519 [pool-715-thread-1] INFO  metrics.RatisMetrics (RatisMetrics.java:lambda$create$0(39)) - Creating Metrics Registry : ratis.log_worker.6550183a-8562-43dc-b28b-b6c484dc4935
2020-04-25 00:52:19,519 [pool-715-thread-1] INFO  server.RaftServerConfigKeys (ConfUtils.java:logGet(44)) - raft.server.log.segment.cache.num.max = 2 (custom)
2020-04-25 00:52:19,520 [pool-715-thread-1] INFO  segmented.SegmentedRaftLogWorker (SegmentedRaftLogWorker.java:<init>(176)) - new 6550183a-8562-43dc-b28b-b6c484dc4935@group-4D2F0C4E8244-SegmentedRaftLogWorker for RaftStorage:Storage Directory /github/workspace/mnt/ozone/hadoop-ozone/integration-test/target/test-dir/MiniOzoneClusterImpl-fac2b43d-d0f4-41bd-8b0e-0750bdad7e42/datanode-1/data/ratis/ae8a75f2-8a3b-4b14-97e2-4d2f0c4e8244
2020-04-25 00:52:19,520 [pool-715-thread-1] INFO  server.RaftServerConfigKeys (ConfUtils.java:logGet(44)) - raft.server.log.queue.byte-limit = 2147483647 (custom)
2020-04-25 00:52:19,520 [pool-715-thread-1] INFO  server.RaftServerConfigKeys (ConfUtils.java:logGet(44)) - raft.server.log.queue.element-limit = 1024 (custom)
2020-04-25 00:52:19,520 [Command processor thread] INFO  impl.RaftServerProxy (RaftServerProxy.java:addNew(89)) - 6550183a-8562-43dc-b28b-b6c484dc4935: addNew group-E8318D214939:[6550183a-8562-43dc-b28b-b6c484dc4935:172.17.0.2:44877] returns group-E8318D214939:java.util.concurrent.CompletableFuture@73761a21[Not completed]
2020-04-25 00:52:19,520 [pool-715-thread-1] INFO  server.RaftServerConfigKeys (ConfUtils.java:logGet(44)) - raft.server.log.segment.size.max = 1048576 (custom)
2020-04-25 00:52:19,520 [pool-715-thread-1] INFO  server.RaftServerConfigKeys (ConfUtils.java:logGet(44)) - raft.server.log.preallocated.size = 16384 (custom)
2020-04-25 00:52:19,521 [pool-715-thread-1] INFO  server.RaftServerConfigKeys (ConfUtils.java:logGet(44)) - raft.server.log.write.buffer.size = 1048576 (custom)
2020-04-25 00:52:19,521 [pool-715-thread-1] INFO  server.RaftServerConfigKeys (ConfUtils.java:logGet(44)) - raft.server.log.force.sync.num = 128 (default)
2020-04-25 00:52:19,521 [pool-715-thread-1] INFO  server.RaftServerConfigKeys (ConfUtils.java:logGet(44)) - raft.server.log.statemachine.data.sync = true (default)
2020-04-25 00:52:19,521 [pool-715-thread-1] INFO  server.RaftServerConfigKeys (ConfUtils.java:logGet(44)) - raft.server.log.statemachine.data.sync.timeout = 10s (default)
2020-04-25 00:52:19,521 [pool-715-thread-1] INFO  server.RaftServerConfigKeys (ConfUtils.java:logGet(44)) - raft.server.log.statemachine.data.sync.timeout.retry = -1 (default)
2020-04-25 00:52:19,524 [pool-715-thread-1] INFO  server.RaftServerConfigKeys (ConfUtils.java:logGet(44)) - raft.server.log.statemachine.data.caching.enabled = true (custom)
2020-04-25 00:52:19,524 [pool-715-thread-1] INFO  segmented.SegmentedRaftLogWorker (SegmentedRaftLogWorker.java:lambda$new$0(129)) - 6550183a-8562-43dc-b28b-b6c484dc4935@group-4D2F0C4E8244-SegmentedRaftLogWorker: flushIndex: setUnconditionally 0 -> -1
2020-04-25 00:52:19,524 [pool-715-thread-1] INFO  server.RaftServerConfigKeys (ConfUtils.java:logGet(44)) - raft.server.snapshot.auto.trigger.enabled = true (custom)
2020-04-25 00:52:19,524 [pool-715-thread-1] INFO  server.RaftServerConfigKeys (ConfUtils.java:logGet(44)) - raft.server.snapshot.auto.trigger.threshold = 10000 (custom)
2020-04-25 00:52:19,524 [pool-715-thread-1] INFO  server.RaftServerConfigKeys (ConfUtils.java:logGet(44)) - raft.server.snapshot.retention.file.num = 5 (custom)
2020-04-25 00:52:19,524 [pool-715-thread-1] INFO  server.RaftServerConfigKeys (ConfUtils.java:logGet(44)) - raft.server.retrycache.expirytime = 600000ms (custom)
2020-04-25 00:52:19,525 [pool-715-thread-1] INFO  metrics.RatisMetrics (RatisMetrics.java:lambda$create$0(39)) - Creating Metrics Registry : ratis.leader_election.6550183a-8562-43dc-b28b-b6c484dc4935@group-4D2F0C4E8244
2020-04-25 00:52:19,525 [pool-715-thread-1] INFO  metrics.RatisMetrics (RatisMetrics.java:lambda$create$0(39)) - Creating Metrics Registry : ratis.server.6550183a-8562-43dc-b28b-b6c484dc4935@group-4D2F0C4E8244
2020-04-25 00:52:19,528 [pool-715-thread-1] INFO  impl.RaftServerImpl (RaftServerImpl.java:<init>(97)) - 6550183a-8562-43dc-b28b-b6c484dc4935: new RaftServerImpl for group-E8318D214939:[6550183a-8562-43dc-b28b-b6c484dc4935:172.17.0.2:44877] with ContainerStateMachine:uninitialized
2020-04-25 00:52:19,528 [pool-715-thread-1] INFO  server.RaftServerConfigKeys (ConfUtils.java:logGet(44)) - raft.server.rpc.timeout.min = 5s (custom)
2020-04-25 00:52:19,528 [pool-715-thread-1] INFO  server.RaftServerConfigKeys (ConfUtils.java:logGet(44)) - raft.server.rpc.timeout.max = 5200ms (custom)
2020-04-25 00:52:19,529 [pool-715-thread-1] INFO  server.RaftServerConfigKeys (ConfUtils.java:logGet(44)) - raft.server.rpcslowness.timeout = 300s (custom)
2020-04-25 00:52:19,529 [pool-715-thread-1] INFO  server.RaftServerConfigKeys (ConfUtils.java:logGet(44)) - raft.server.sleep.deviation.threshold = 300 (default)
2020-04-25 00:52:19,529 [pool-715-thread-1] INFO  server.RaftServerConfigKeys (ConfUtils.java:logGet(44)) - raft.server.log.appender.install.snapshot.enabled = false (custom)
2020-04-25 00:52:19,529 [pool-715-thread-1] INFO  impl.RaftServerImpl (ServerState.java:<init>(103)) - 6550183a-8562-43dc-b28b-b6c484dc4935@group-E8318D214939: ConfigurationManager, init=-1: [6550183a-8562-43dc-b28b-b6c484dc4935:172.17.0.2:44877], old=null, confs=<EMPTY_MAP>
2020-04-25 00:52:19,529 [pool-715-thread-1] INFO  server.RaftServerConfigKeys (ConfUtils.java:logGet(44)) - raft.server.storage.dir = [/github/workspace/mnt/ozone/hadoop-ozone/integration-test/target/test-dir/MiniOzoneClusterImpl-fac2b43d-d0f4-41bd-8b0e-0750bdad7e42/datanode-1/data/ratis] (custom)
2020-04-25 00:52:19,529 [pool-715-thread-1] INFO  server.RaftServerConfigKeys (ConfUtils.java:logGet(44)) - raft.server.log.corruption.policy = EXCEPTION (default)
2020-04-25 00:52:19,529 [pool-715-thread-1] INFO  storage.RaftStorageDirectory (RaftStorageDirectory.java:analyzeStorage(253)) - The storage directory /github/workspace/mnt/ozone/hadoop-ozone/integration-test/target/test-dir/MiniOzoneClusterImpl-fac2b43d-d0f4-41bd-8b0e-0750bdad7e42/datanode-1/data/ratis/41ff482e-e34f-47ca-99c8-e8318d214939 does not exist. Creating ...
2020-04-25 00:52:19,530 [pool-715-thread-1] INFO  storage.RaftStorageDirectory (RaftStorageDirectory.java:tryLock(335)) - Lock on /github/workspace/mnt/ozone/hadoop-ozone/integration-test/target/test-dir/MiniOzoneClusterImpl-fac2b43d-d0f4-41bd-8b0e-0750bdad7e42/datanode-1/data/ratis/41ff482e-e34f-47ca-99c8-e8318d214939/in_use.lock acquired by nodename 10620@077b0f5420d0
2020-04-25 00:52:19,531 [pool-715-thread-1] INFO  storage.RaftStorage (RaftStorage.java:format(84)) - Storage directory /github/workspace/mnt/ozone/hadoop-ozone/integration-test/target/test-dir/MiniOzoneClusterImpl-fac2b43d-d0f4-41bd-8b0e-0750bdad7e42/datanode-1/data/ratis/41ff482e-e34f-47ca-99c8-e8318d214939 has been successfully formatted.
2020-04-25 00:52:19,532 [pool-715-thread-1] INFO  ratis.ContainerStateMachine (ContainerStateMachine.java:loadSnapshot(226)) - group-E8318D214939: The snapshot info is null. Setting the last applied indexto:(t:0, i:~)
2020-04-25 00:52:19,532 [pool-715-thread-1] INFO  server.RaftServerConfigKeys (ConfUtils.java:logGet(44)) - raft.server.notification.no-leader.timeout = 60s (default)
2020-04-25 00:52:19,532 [pool-715-thread-1] INFO  server.RaftServerConfigKeys (ConfUtils.java:logGet(44)) - raft.server.log.use.memory = false (default)
2020-04-25 00:52:19,532 [pool-715-thread-1] INFO  server.RaftServerConfigKeys (ConfUtils.java:logGet(44)) - raft.server.log.purge.gap = 1000000 (custom)
2020-04-25 00:52:19,532 [pool-715-thread-1] INFO  server.RaftServerConfigKeys (ConfUtils.java:logGet(44)) - raft.server.log.appender.buffer.byte-limit = 33554432 (custom)
2020-04-25 00:52:19,532 [pool-715-thread-1] INFO  server.RaftServerConfigKeys (ConfUtils.java:logGet(44)) - raft.server.log.segment.size.max = 1048576 (custom)
2020-04-25 00:52:19,532 [pool-715-thread-1] INFO  server.RaftServerConfigKeys (ConfUtils.java:logGet(44)) - raft.server.log.segment.cache.num.max = 2 (custom)
2020-04-25 00:52:19,532 [pool-715-thread-1] INFO  segmented.SegmentedRaftLogWorker (SegmentedRaftLogWorker.java:<init>(176)) - new 6550183a-8562-43dc-b28b-b6c484dc4935@group-E8318D214939-SegmentedRaftLogWorker for RaftStorage:Storage Directory /github/workspace/mnt/ozone/hadoop-ozone/integration-test/target/test-dir/MiniOzoneClusterImpl-fac2b43d-d0f4-41bd-8b0e-0750bdad7e42/datanode-1/data/ratis/41ff482e-e34f-47ca-99c8-e8318d214939
2020-04-25 00:52:19,532 [pool-715-thread-1] INFO  server.RaftServerConfigKeys (ConfUtils.java:logGet(44)) - raft.server.log.queue.byte-limit = 2147483647 (custom)
2020-04-25 00:52:19,533 [EventQueue-PipelineReportForPipelineReportHandler] INFO  pipeline.PipelineStateManager (PipelineStateManager.java:openPipeline(131)) - Pipeline Pipeline[ Id: 41ff482e-e34f-47ca-99c8-e8318d214939, Nodes: 6550183a-8562-43dc-b28b-b6c484dc4935{ip: 172.17.0.2, host: 077b0f5420d0, networkLocation: /default-rack, certSerialId: null}, Type:RATIS, Factor:ONE, State:ALLOCATED, leaderId:6550183a-8562-43dc-b28b-b6c484dc4935, CreationTimestamp2020-04-25T00:52:16.521Z] moved to OPEN state
2020-04-25 00:52:19,533 [EventQueue-OpenPipelineForHealthyPipelineSafeModeRule] INFO  safemode.SCMSafeModeManager (HealthyPipelineSafeModeRule.java:process(132)) - SCM in safe mode. Healthy pipelines reported count is 0, required healthy pipeline reported count is 1
2020-04-25 00:52:19,533 [EventQueue-OpenPipelineForOneReplicaPipelineSafeModeRule] INFO  safemode.SCMSafeModeManager (SCMSafeModeManager.java:validateSafeModeExitRules(183)) - AtleastOneDatanodeReportedRule rule is successfully validated
2020-04-25 00:52:19,533 [pool-715-thread-1] INFO  server.RaftServerConfigKeys (ConfUtils.java:logGet(44)) - raft.server.log.queue.element-limit = 1024 (custom)
2020-04-25 00:52:19,533 [pool-715-thread-1] INFO  server.RaftServerConfigKeys (ConfUtils.java:logGet(44)) - raft.server.log.segment.size.max = 1048576 (custom)
2020-04-25 00:52:19,533 [pool-715-thread-1] INFO  server.RaftServerConfigKeys (ConfUtils.java:logGet(44)) - raft.server.log.preallocated.size = 16384 (custom)
2020-04-25 00:52:19,533 [pool-715-thread-1] INFO  server.RaftServerConfigKeys (ConfUtils.java:logGet(44)) - raft.server.log.write.buffer.size = 1048576 (custom)
2020-04-25 00:52:19,533 [pool-715-thread-1] INFO  server.RaftServerConfigKeys (ConfUtils.java:logGet(44)) - raft.server.log.force.sync.num = 128 (default)
2020-04-25 00:52:19,533 [pool-715-thread-1] INFO  server.RaftServerConfigKeys (ConfUtils.java:logGet(44)) - raft.server.log.statemachine.data.sync = true (default)
2020-04-25 00:52:19,533 [pool-715-thread-1] INFO  server.RaftServerConfigKeys (ConfUtils.java:logGet(44)) - raft.server.log.statemachine.data.sync.timeout = 10s (default)
2020-04-25 00:52:19,534 [pool-715-thread-1] INFO  server.RaftServerConfigKeys (ConfUtils.java:logGet(44)) - raft.server.log.statemachine.data.sync.timeout.retry = -1 (default)
2020-04-25 00:52:19,534 [pool-715-thread-1] INFO  server.RaftServerConfigKeys (ConfUtils.java:logGet(44)) - raft.server.log.statemachine.data.caching.enabled = true (custom)
2020-04-25 00:52:19,534 [pool-715-thread-1] INFO  segmented.SegmentedRaftLogWorker (SegmentedRaftLogWorker.java:lambda$new$0(129)) - 6550183a-8562-43dc-b28b-b6c484dc4935@group-E8318D214939-SegmentedRaftLogWorker: flushIndex: setUnconditionally 0 -> -1
2020-04-25 00:52:19,535 [pool-715-thread-1] INFO  server.RaftServerConfigKeys (ConfUtils.java:logGet(44)) - raft.server.snapshot.auto.trigger.enabled = true (custom)
2020-04-25 00:52:19,535 [pool-715-thread-1] INFO  server.RaftServerConfigKeys (ConfUtils.java:logGet(44)) - raft.server.snapshot.auto.trigger.threshold = 10000 (custom)
2020-04-25 00:52:19,535 [pool-715-thread-1] INFO  server.RaftServerConfigKeys (ConfUtils.java:logGet(44)) - raft.server.snapshot.retention.file.num = 5 (custom)
2020-04-25 00:52:19,535 [pool-715-thread-1] INFO  server.RaftServerConfigKeys (ConfUtils.java:logGet(44)) - raft.server.retrycache.expirytime = 600000ms (custom)
2020-04-25 00:52:19,535 [pool-715-thread-1] INFO  metrics.RatisMetrics (RatisMetrics.java:lambda$create$0(39)) - Creating Metrics Registry : ratis.leader_election.6550183a-8562-43dc-b28b-b6c484dc4935@group-E8318D214939
2020-04-25 00:52:19,536 [pool-715-thread-1] INFO  metrics.RatisMetrics (RatisMetrics.java:lambda$create$0(39)) - Creating Metrics Registry : ratis.server.6550183a-8562-43dc-b28b-b6c484dc4935@group-E8318D214939
2020-04-25 00:52:19,538 [pool-715-thread-1] INFO  impl.RaftServerImpl (RaftServerImpl.java:start(183)) - 6550183a-8562-43dc-b28b-b6c484dc4935@group-4D2F0C4E8244: start as a follower, conf=-1: [a6f67013-66b6-4a15-861c-57dfff2f433f:172.17.0.2:43377, 6550183a-8562-43dc-b28b-b6c484dc4935:172.17.0.2:44877, 44e8018b-e232-4b82-9d12-5076aa410e35:172.17.0.2:35979], old=null
2020-04-25 00:52:19,538 [pool-715-thread-1] INFO  impl.RaftServerImpl (RaftServerImpl.java:setRole(172)) - 6550183a-8562-43dc-b28b-b6c484dc4935@group-4D2F0C4E8244: changes role from      null to FOLLOWER at term 0 for startAsFollower
2020-04-25 00:52:19,538 [pool-715-thread-1] INFO  impl.RoleInfo (RoleInfo.java:updateAndGet(143)) - 6550183a-8562-43dc-b28b-b6c484dc4935: start FollowerState
2020-04-25 00:52:19,538 [pool-715-thread-1] INFO  util.JmxRegister (JmxRegister.java:tryRegister(44)) - Successfully registered JMX Bean with object name Ratis:service=RaftServer,group=group-4D2F0C4E8244,id=6550183a-8562-43dc-b28b-b6c484dc4935
2020-04-25 00:52:19,538 [pool-715-thread-1] INFO  metrics.RatisMetrics (RatisMetrics.java:lambda$create$0(39)) - Creating Metrics Registry : ratis.state_machine.6550183a-8562-43dc-b28b-b6c484dc4935@group-4D2F0C4E8244
2020-04-25 00:52:19,540 [pool-715-thread-1] INFO  impl.RaftServerImpl (RaftServerImpl.java:start(183)) - 6550183a-8562-43dc-b28b-b6c484dc4935@group-E8318D214939: start as a follower, conf=-1: [6550183a-8562-43dc-b28b-b6c484dc4935:172.17.0.2:44877], old=null
2020-04-25 00:52:19,540 [pool-715-thread-1] INFO  impl.RaftServerImpl (RaftServerImpl.java:setRole(172)) - 6550183a-8562-43dc-b28b-b6c484dc4935@group-E8318D214939: changes role from      null to FOLLOWER at term 0 for startAsFollower
2020-04-25 00:52:19,541 [pool-715-thread-1] INFO  impl.RoleInfo (RoleInfo.java:updateAndGet(143)) - 6550183a-8562-43dc-b28b-b6c484dc4935: start FollowerState
2020-04-25 00:52:19,546 [pool-715-thread-1] INFO  util.JmxRegister (JmxRegister.java:tryRegister(44)) - Successfully registered JMX Bean with object name Ratis:service=RaftServer,group=group-E8318D214939,id=6550183a-8562-43dc-b28b-b6c484dc4935
2020-04-25 00:52:19,546 [pool-715-thread-1] INFO  metrics.RatisMetrics (RatisMetrics.java:lambda$create$0(39)) - Creating Metrics Registry : ratis.state_machine.6550183a-8562-43dc-b28b-b6c484dc4935@group-E8318D214939
2020-04-25 00:52:19,548 [Command processor thread] INFO  commandhandler.CreatePipelineCommandHandler (CreatePipelineCommandHandler.java:handle(109)) - Created Pipeline RATIS ONE #id: "41ff482e-e34f-47ca-99c8-e8318d214939"
.
2020-04-25 00:52:19,548 [Command processor thread] INFO  impl.RaftServerProxy (RaftServerProxy.java:addNew(89)) - 6550183a-8562-43dc-b28b-b6c484dc4935: addNew group-0CB630F518CC:[a6f67013-66b6-4a15-861c-57dfff2f433f:172.17.0.2:43377, 6550183a-8562-43dc-b28b-b6c484dc4935:172.17.0.2:44877, 44e8018b-e232-4b82-9d12-5076aa410e35:172.17.0.2:35979] returns group-0CB630F518CC:java.util.concurrent.CompletableFuture@7db1ea3f[Not completed]
2020-04-25 00:52:19,550 [pool-715-thread-1] INFO  impl.RaftServerImpl (RaftServerImpl.java:<init>(97)) - 6550183a-8562-43dc-b28b-b6c484dc4935: new RaftServerImpl for group-0CB630F518CC:[a6f67013-66b6-4a15-861c-57dfff2f433f:172.17.0.2:43377, 6550183a-8562-43dc-b28b-b6c484dc4935:172.17.0.2:44877, 44e8018b-e232-4b82-9d12-5076aa410e35:172.17.0.2:35979] with ContainerStateMachine:uninitialized
2020-04-25 00:52:19,551 [grpc-default-executor-10] INFO  impl.RaftServerProxy (RaftServerProxy.java:addNew(89)) - a6f67013-66b6-4a15-861c-57dfff2f433f: addNew group-4D2F0C4E8244:[a6f67013-66b6-4a15-861c-57dfff2f433f:172.17.0.2:43377, 6550183a-8562-43dc-b28b-b6c484dc4935:172.17.0.2:44877, 44e8018b-e232-4b82-9d12-5076aa410e35:172.17.0.2:35979] returns group-4D2F0C4E8244:java.util.concurrent.CompletableFuture@71b3025d[Not completed]
2020-04-25 00:52:19,551 [pool-715-thread-1] INFO  server.RaftServerConfigKeys (ConfUtils.java:logGet(44)) - raft.server.rpc.timeout.min = 5s (custom)
2020-04-25 00:52:19,551 [pool-715-thread-1] INFO  server.RaftServerConfigKeys (ConfUtils.java:logGet(44)) - raft.server.rpc.timeout.max = 5200ms (custom)
2020-04-25 00:52:19,551 [pool-715-thread-1] INFO  server.RaftServerConfigKeys (ConfUtils.java:logGet(44)) - raft.server.rpcslowness.timeout = 300s (custom)
2020-04-25 00:52:19,551 [pool-715-thread-1] INFO  server.RaftServerConfigKeys (ConfUtils.java:logGet(44)) - raft.server.sleep.deviation.threshold = 300 (default)
2020-04-25 00:52:19,551 [pool-715-thread-1] INFO  server.RaftServerConfigKeys (ConfUtils.java:logGet(44)) - raft.server.log.appender.install.snapshot.enabled = false (custom)
2020-04-25 00:52:19,551 [pool-715-thread-1] INFO  impl.RaftServerImpl (ServerState.java:<init>(103)) - 6550183a-8562-43dc-b28b-b6c484dc4935@group-0CB630F518CC: ConfigurationManager, init=-1: [a6f67013-66b6-4a15-861c-57dfff2f433f:172.17.0.2:43377, 6550183a-8562-43dc-b28b-b6c484dc4935:172.17.0.2:44877, 44e8018b-e232-4b82-9d12-5076aa410e35:172.17.0.2:35979], old=null, confs=<EMPTY_MAP>
2020-04-25 00:52:19,551 [pool-715-thread-1] INFO  server.RaftServerConfigKeys (ConfUtils.java:logGet(44)) - raft.server.storage.dir = [/github/workspace/mnt/ozone/hadoop-ozone/integration-test/target/test-dir/MiniOzoneClusterImpl-fac2b43d-d0f4-41bd-8b0e-0750bdad7e42/datanode-1/data/ratis] (custom)
2020-04-25 00:52:19,552 [pool-715-thread-1] INFO  server.RaftServerConfigKeys (ConfUtils.java:logGet(44)) - raft.server.log.corruption.policy = EXCEPTION (default)
2020-04-25 00:52:19,552 [pool-715-thread-1] INFO  storage.RaftStorageDirectory (RaftStorageDirectory.java:analyzeStorage(253)) - The storage directory /github/workspace/mnt/ozone/hadoop-ozone/integration-test/target/test-dir/MiniOzoneClusterImpl-fac2b43d-d0f4-41bd-8b0e-0750bdad7e42/datanode-1/data/ratis/6de2b53f-2eb0-4b5a-b9e7-0cb630f518cc does not exist. Creating ...
2020-04-25 00:52:19,554 [pool-730-thread-1] INFO  impl.RaftServerImpl (RaftServerImpl.java:<init>(97)) - a6f67013-66b6-4a15-861c-57dfff2f433f: new RaftServerImpl for group-4D2F0C4E8244:[a6f67013-66b6-4a15-861c-57dfff2f433f:172.17.0.2:43377, 6550183a-8562-43dc-b28b-b6c484dc4935:172.17.0.2:44877, 44e8018b-e232-4b82-9d12-5076aa410e35:172.17.0.2:35979] with ContainerStateMachine:uninitialized
2020-04-25 00:52:19,556 [pool-730-thread-1] INFO  server.RaftServerConfigKeys (ConfUtils.java:logGet(44)) - raft.server.rpc.timeout.min = 5s (custom)
2020-04-25 00:52:19,556 [pool-730-thread-1] INFO  server.RaftServerConfigKeys (ConfUtils.java:logGet(44)) - raft.server.rpc.timeout.max = 5200ms (custom)
2020-04-25 00:52:19,556 [pool-730-thread-1] INFO  server.RaftServerConfigKeys (ConfUtils.java:logGet(44)) - raft.server.rpcslowness.timeout = 300s (custom)
2020-04-25 00:52:19,557 [pool-730-thread-1] INFO  server.RaftServerConfigKeys (ConfUtils.java:logGet(44)) - raft.server.sleep.deviation.threshold = 300 (default)
2020-04-25 00:52:19,557 [pool-730-thread-1] INFO  server.RaftServerConfigKeys (ConfUtils.java:logGet(44)) - raft.server.log.appender.install.snapshot.enabled = false (custom)
2020-04-25 00:52:19,557 [pool-730-thread-1] INFO  impl.RaftServerImpl (ServerState.java:<init>(103)) - a6f67013-66b6-4a15-861c-57dfff2f433f@group-4D2F0C4E8244: ConfigurationManager, init=-1: [a6f67013-66b6-4a15-861c-57dfff2f433f:172.17.0.2:43377, 6550183a-8562-43dc-b28b-b6c484dc4935:172.17.0.2:44877, 44e8018b-e232-4b82-9d12-5076aa410e35:172.17.0.2:35979], old=null, confs=<EMPTY_MAP>
2020-04-25 00:52:19,557 [pool-715-thread-1] INFO  storage.RaftStorageDirectory (RaftStorageDirectory.java:tryLock(335)) - Lock on /github/workspace/mnt/ozone/hadoop-ozone/integration-test/target/test-dir/MiniOzoneClusterImpl-fac2b43d-d0f4-41bd-8b0e-0750bdad7e42/datanode-1/data/ratis/6de2b53f-2eb0-4b5a-b9e7-0cb630f518cc/in_use.lock acquired by nodename 10620@077b0f5420d0
2020-04-25 00:52:19,557 [pool-730-thread-1] INFO  server.RaftServerConfigKeys (ConfUtils.java:logGet(44)) - raft.server.storage.dir = [/github/workspace/mnt/ozone/hadoop-ozone/integration-test/target/test-dir/MiniOzoneClusterImpl-fac2b43d-d0f4-41bd-8b0e-0750bdad7e42/datanode-2/data/ratis] (custom)
2020-04-25 00:52:19,557 [pool-730-thread-1] INFO  server.RaftServerConfigKeys (ConfUtils.java:logGet(44)) - raft.server.log.corruption.policy = EXCEPTION (default)
2020-04-25 00:52:19,557 [pool-730-thread-1] INFO  storage.RaftStorageDirectory (RaftStorageDirectory.java:analyzeStorage(253)) - The storage directory /github/workspace/mnt/ozone/hadoop-ozone/integration-test/target/test-dir/MiniOzoneClusterImpl-fac2b43d-d0f4-41bd-8b0e-0750bdad7e42/datanode-2/data/ratis/ae8a75f2-8a3b-4b14-97e2-4d2f0c4e8244 does not exist. Creating ...
2020-04-25 00:52:19,559 [pool-715-thread-1] INFO  storage.RaftStorage (RaftStorage.java:format(84)) - Storage directory /github/workspace/mnt/ozone/hadoop-ozone/integration-test/target/test-dir/MiniOzoneClusterImpl-fac2b43d-d0f4-41bd-8b0e-0750bdad7e42/datanode-1/data/ratis/6de2b53f-2eb0-4b5a-b9e7-0cb630f518cc has been successfully formatted.
2020-04-25 00:52:19,559 [pool-730-thread-1] INFO  storage.RaftStorageDirectory (RaftStorageDirectory.java:tryLock(335)) - Lock on /github/workspace/mnt/ozone/hadoop-ozone/integration-test/target/test-dir/MiniOzoneClusterImpl-fac2b43d-d0f4-41bd-8b0e-0750bdad7e42/datanode-2/data/ratis/ae8a75f2-8a3b-4b14-97e2-4d2f0c4e8244/in_use.lock acquired by nodename 10620@077b0f5420d0
2020-04-25 00:52:19,560 [pool-730-thread-1] INFO  storage.RaftStorage (RaftStorage.java:format(84)) - Storage directory /github/workspace/mnt/ozone/hadoop-ozone/integration-test/target/test-dir/MiniOzoneClusterImpl-fac2b43d-d0f4-41bd-8b0e-0750bdad7e42/datanode-2/data/ratis/ae8a75f2-8a3b-4b14-97e2-4d2f0c4e8244 has been successfully formatted.
2020-04-25 00:52:19,560 [pool-715-thread-1] INFO  ratis.ContainerStateMachine (ContainerStateMachine.java:loadSnapshot(226)) - group-0CB630F518CC: The snapshot info is null. Setting the last applied indexto:(t:0, i:~)
2020-04-25 00:52:19,564 [pool-715-thread-1] INFO  server.RaftServerConfigKeys (ConfUtils.java:logGet(44)) - raft.server.notification.no-leader.timeout = 60s (default)
2020-04-25 00:52:19,564 [pool-715-thread-1] INFO  server.RaftServerConfigKeys (ConfUtils.java:logGet(44)) - raft.server.log.use.memory = false (default)
2020-04-25 00:52:19,564 [pool-715-thread-1] INFO  server.RaftServerConfigKeys (ConfUtils.java:logGet(44)) - raft.server.log.purge.gap = 1000000 (custom)
2020-04-25 00:52:19,564 [pool-715-thread-1] INFO  server.RaftServerConfigKeys (ConfUtils.java:logGet(44)) - raft.server.log.appender.buffer.byte-limit = 33554432 (custom)
2020-04-25 00:52:19,564 [pool-715-thread-1] INFO  server.RaftServerConfigKeys (ConfUtils.java:logGet(44)) - raft.server.log.segment.size.max = 1048576 (custom)
2020-04-25 00:52:19,564 [pool-715-thread-1] INFO  server.RaftServerConfigKeys (ConfUtils.java:logGet(44)) - raft.server.log.segment.cache.num.max = 2 (custom)
2020-04-25 00:52:19,564 [pool-715-thread-1] INFO  segmented.SegmentedRaftLogWorker (SegmentedRaftLogWorker.java:<init>(176)) - new 6550183a-8562-43dc-b28b-b6c484dc4935@group-0CB630F518CC-SegmentedRaftLogWorker for RaftStorage:Storage Directory /github/workspace/mnt/ozone/hadoop-ozone/integration-test/target/test-dir/MiniOzoneClusterImpl-fac2b43d-d0f4-41bd-8b0e-0750bdad7e42/datanode-1/data/ratis/6de2b53f-2eb0-4b5a-b9e7-0cb630f518cc
2020-04-25 00:52:19,564 [pool-715-thread-1] INFO  server.RaftServerConfigKeys (ConfUtils.java:logGet(44)) - raft.server.log.queue.byte-limit = 2147483647 (custom)
2020-04-25 00:52:19,564 [pool-715-thread-1] INFO  server.RaftServerConfigKeys (ConfUtils.java:logGet(44)) - raft.server.log.queue.element-limit = 1024 (custom)
2020-04-25 00:52:19,564 [pool-715-thread-1] INFO  server.RaftServerConfigKeys (ConfUtils.java:logGet(44)) - raft.server.log.segment.size.max = 1048576 (custom)
2020-04-25 00:52:19,564 [pool-715-thread-1] INFO  server.RaftServerConfigKeys (ConfUtils.java:logGet(44)) - raft.server.log.preallocated.size = 16384 (custom)
2020-04-25 00:52:19,564 [pool-715-thread-1] INFO  server.RaftServerConfigKeys (ConfUtils.java:logGet(44)) - raft.server.log.write.buffer.size = 1048576 (custom)
2020-04-25 00:52:19,564 [pool-715-thread-1] INFO  server.RaftServerConfigKeys (ConfUtils.java:logGet(44)) - raft.server.log.force.sync.num = 128 (default)
2020-04-25 00:52:19,564 [pool-715-thread-1] INFO  server.RaftServerConfigKeys (ConfUtils.java:logGet(44)) - raft.server.log.statemachine.data.sync = true (default)
2020-04-25 00:52:19,565 [pool-715-thread-1] INFO  server.RaftServerConfigKeys (ConfUtils.java:logGet(44)) - raft.server.log.statemachine.data.sync.timeout = 10s (default)
2020-04-25 00:52:19,565 [pool-715-thread-1] INFO  server.RaftServerConfigKeys (ConfUtils.java:logGet(44)) - raft.server.log.statemachine.data.sync.timeout.retry = -1 (default)
2020-04-25 00:52:19,565 [pool-715-thread-1] INFO  server.RaftServerConfigKeys (ConfUtils.java:logGet(44)) - raft.server.log.statemachine.data.caching.enabled = true (custom)
2020-04-25 00:52:19,565 [pool-715-thread-1] INFO  segmented.SegmentedRaftLogWorker (SegmentedRaftLogWorker.java:lambda$new$0(129)) - 6550183a-8562-43dc-b28b-b6c484dc4935@group-0CB630F518CC-SegmentedRaftLogWorker: flushIndex: setUnconditionally 0 -> -1
2020-04-25 00:52:19,566 [pool-715-thread-1] INFO  server.RaftServerConfigKeys (ConfUtils.java:logGet(44)) - raft.server.snapshot.auto.trigger.enabled = true (custom)
2020-04-25 00:52:19,566 [pool-715-thread-1] INFO  server.RaftServerConfigKeys (ConfUtils.java:logGet(44)) - raft.server.snapshot.auto.trigger.threshold = 10000 (custom)
2020-04-25 00:52:19,566 [pool-715-thread-1] INFO  server.RaftServerConfigKeys (ConfUtils.java:logGet(44)) - raft.server.snapshot.retention.file.num = 5 (custom)
2020-04-25 00:52:19,566 [pool-715-thread-1] INFO  server.RaftServerConfigKeys (ConfUtils.java:logGet(44)) - raft.server.retrycache.expirytime = 600000ms (custom)
2020-04-25 00:52:19,566 [pool-730-thread-1] INFO  ratis.ContainerStateMachine (ContainerStateMachine.java:loadSnapshot(226)) - group-4D2F0C4E8244: The snapshot info is null. Setting the last applied indexto:(t:0, i:~)
2020-04-25 00:52:19,567 [pool-730-thread-1] INFO  server.RaftServerConfigKeys (ConfUtils.java:logGet(44)) - raft.server.notification.no-leader.timeout = 60s (default)
2020-04-25 00:52:19,567 [pool-730-thread-1] INFO  server.RaftServerConfigKeys (ConfUtils.java:logGet(44)) - raft.server.log.use.memory = false (default)
2020-04-25 00:52:19,567 [pool-730-thread-1] INFO  server.RaftServerConfigKeys (ConfUtils.java:logGet(44)) - raft.server.log.purge.gap = 1000000 (custom)
2020-04-25 00:52:19,567 [pool-730-thread-1] INFO  server.RaftServerConfigKeys (ConfUtils.java:logGet(44)) - raft.server.log.appender.buffer.byte-limit = 33554432 (custom)
2020-04-25 00:52:19,567 [pool-730-thread-1] INFO  server.RaftServerConfigKeys (ConfUtils.java:logGet(44)) - raft.server.log.segment.size.max = 1048576 (custom)
2020-04-25 00:52:19,567 [pool-730-thread-1] INFO  metrics.RatisMetrics (RatisMetrics.java:lambda$create$0(39)) - Creating Metrics Registry : ratis.log_worker.a6f67013-66b6-4a15-861c-57dfff2f433f
2020-04-25 00:52:19,567 [pool-730-thread-1] INFO  server.RaftServerConfigKeys (ConfUtils.java:logGet(44)) - raft.server.log.segment.cache.num.max = 2 (custom)
2020-04-25 00:52:19,567 [pool-730-thread-1] INFO  segmented.SegmentedRaftLogWorker (SegmentedRaftLogWorker.java:<init>(176)) - new a6f67013-66b6-4a15-861c-57dfff2f433f@group-4D2F0C4E8244-SegmentedRaftLogWorker for RaftStorage:Storage Directory /github/workspace/mnt/ozone/hadoop-ozone/integration-test/target/test-dir/MiniOzoneClusterImpl-fac2b43d-d0f4-41bd-8b0e-0750bdad7e42/datanode-2/data/ratis/ae8a75f2-8a3b-4b14-97e2-4d2f0c4e8244
2020-04-25 00:52:19,568 [pool-730-thread-1] INFO  server.RaftServerConfigKeys (ConfUtils.java:logGet(44)) - raft.server.log.queue.byte-limit = 2147483647 (custom)
2020-04-25 00:52:19,568 [pool-730-thread-1] INFO  server.RaftServerConfigKeys (ConfUtils.java:logGet(44)) - raft.server.log.queue.element-limit = 1024 (custom)
2020-04-25 00:52:19,568 [pool-730-thread-1] INFO  server.RaftServerConfigKeys (ConfUtils.java:logGet(44)) - raft.server.log.segment.size.max = 1048576 (custom)
2020-04-25 00:52:19,568 [pool-730-thread-1] INFO  server.RaftServerConfigKeys (ConfUtils.java:logGet(44)) - raft.server.log.preallocated.size = 16384 (custom)
2020-04-25 00:52:19,568 [pool-730-thread-1] INFO  server.RaftServerConfigKeys (ConfUtils.java:logGet(44)) - raft.server.log.write.buffer.size = 1048576 (custom)
2020-04-25 00:52:19,568 [pool-730-thread-1] INFO  server.RaftServerConfigKeys (ConfUtils.java:logGet(44)) - raft.server.log.force.sync.num = 128 (default)
2020-04-25 00:52:19,568 [pool-730-thread-1] INFO  server.RaftServerConfigKeys (ConfUtils.java:logGet(44)) - raft.server.log.statemachine.data.sync = true (default)
2020-04-25 00:52:19,568 [pool-730-thread-1] INFO  server.RaftServerConfigKeys (ConfUtils.java:logGet(44)) - raft.server.log.statemachine.data.sync.timeout = 10s (default)
2020-04-25 00:52:19,568 [pool-730-thread-1] INFO  server.RaftServerConfigKeys (ConfUtils.java:logGet(44)) - raft.server.log.statemachine.data.sync.timeout.retry = -1 (default)
2020-04-25 00:52:19,569 [pool-715-thread-1] INFO  metrics.RatisMetrics (RatisMetrics.java:lambda$create$0(39)) - Creating Metrics Registry : ratis.leader_election.6550183a-8562-43dc-b28b-b6c484dc4935@group-0CB630F518CC
2020-04-25 00:52:19,572 [pool-715-thread-1] INFO  metrics.RatisMetrics (RatisMetrics.java:lambda$create$0(39)) - Creating Metrics Registry : ratis.server.6550183a-8562-43dc-b28b-b6c484dc4935@group-0CB630F518CC
2020-04-25 00:52:19,578 [pool-730-thread-1] INFO  server.RaftServerConfigKeys (ConfUtils.java:logGet(44)) - raft.server.log.statemachine.data.caching.enabled = true (custom)
2020-04-25 00:52:19,578 [pool-715-thread-1] INFO  impl.RaftServerImpl (RaftServerImpl.java:start(183)) - 6550183a-8562-43dc-b28b-b6c484dc4935@group-0CB630F518CC: start as a follower, conf=-1: [a6f67013-66b6-4a15-861c-57dfff2f433f:172.17.0.2:43377, 6550183a-8562-43dc-b28b-b6c484dc4935:172.17.0.2:44877, 44e8018b-e232-4b82-9d12-5076aa410e35:172.17.0.2:35979], old=null
2020-04-25 00:52:19,578 [pool-730-thread-1] INFO  segmented.SegmentedRaftLogWorker (SegmentedRaftLogWorker.java:lambda$new$0(129)) - a6f67013-66b6-4a15-861c-57dfff2f433f@group-4D2F0C4E8244-SegmentedRaftLogWorker: flushIndex: setUnconditionally 0 -> -1
2020-04-25 00:52:19,578 [pool-715-thread-1] INFO  impl.RaftServerImpl (RaftServerImpl.java:setRole(172)) - 6550183a-8562-43dc-b28b-b6c484dc4935@group-0CB630F518CC: changes role from      null to FOLLOWER at term 0 for startAsFollower
2020-04-25 00:52:19,578 [pool-715-thread-1] INFO  impl.RoleInfo (RoleInfo.java:updateAndGet(143)) - 6550183a-8562-43dc-b28b-b6c484dc4935: start FollowerState
2020-04-25 00:52:19,578 [pool-730-thread-1] INFO  server.RaftServerConfigKeys (ConfUtils.java:logGet(44)) - raft.server.snapshot.auto.trigger.enabled = true (custom)
2020-04-25 00:52:19,578 [pool-730-thread-1] INFO  server.RaftServerConfigKeys (ConfUtils.java:logGet(44)) - raft.server.snapshot.auto.trigger.threshold = 10000 (custom)
2020-04-25 00:52:19,579 [pool-715-thread-1] INFO  util.JmxRegister (JmxRegister.java:tryRegister(44)) - Successfully registered JMX Bean with object name Ratis:service=RaftServer,group=group-0CB630F518CC,id=6550183a-8562-43dc-b28b-b6c484dc4935
2020-04-25 00:52:19,579 [pool-715-thread-1] INFO  metrics.RatisMetrics (RatisMetrics.java:lambda$create$0(39)) - Creating Metrics Registry : ratis.state_machine.6550183a-8562-43dc-b28b-b6c484dc4935@group-0CB630F518CC
2020-04-25 00:52:19,579 [pool-730-thread-1] INFO  server.RaftServerConfigKeys (ConfUtils.java:logGet(44)) - raft.server.snapshot.retention.file.num = 5 (custom)
2020-04-25 00:52:19,579 [pool-730-thread-1] INFO  server.RaftServerConfigKeys (ConfUtils.java:logGet(44)) - raft.server.retrycache.expirytime = 600000ms (custom)
2020-04-25 00:52:19,579 [pool-730-thread-1] INFO  metrics.RatisMetrics (RatisMetrics.java:lambda$create$0(39)) - Creating Metrics Registry : ratis.leader_election.a6f67013-66b6-4a15-861c-57dfff2f433f@group-4D2F0C4E8244
2020-04-25 00:52:19,581 [pool-730-thread-1] INFO  metrics.RatisMetrics (RatisMetrics.java:lambda$create$0(39)) - Creating Metrics Registry : ratis.server.a6f67013-66b6-4a15-861c-57dfff2f433f@group-4D2F0C4E8244
2020-04-25 00:52:19,583 [pool-730-thread-1] INFO  impl.RaftServerImpl (RaftServerImpl.java:start(183)) - a6f67013-66b6-4a15-861c-57dfff2f433f@group-4D2F0C4E8244: start as a follower, conf=-1: [a6f67013-66b6-4a15-861c-57dfff2f433f:172.17.0.2:43377, 6550183a-8562-43dc-b28b-b6c484dc4935:172.17.0.2:44877, 44e8018b-e232-4b82-9d12-5076aa410e35:172.17.0.2:35979], old=null
2020-04-25 00:52:19,583 [pool-730-thread-1] INFO  impl.RaftServerImpl (RaftServerImpl.java:setRole(172)) - a6f67013-66b6-4a15-861c-57dfff2f433f@group-4D2F0C4E8244: changes role from      null to FOLLOWER at term 0 for startAsFollower
2020-04-25 00:52:19,583 [pool-730-thread-1] INFO  impl.RoleInfo (RoleInfo.java:updateAndGet(143)) - a6f67013-66b6-4a15-861c-57dfff2f433f: start FollowerState
2020-04-25 00:52:19,583 [pool-730-thread-1] INFO  util.JmxRegister (JmxRegister.java:tryRegister(44)) - Successfully registered JMX Bean with object name Ratis:service=RaftServer,group=group-4D2F0C4E8244,id=a6f67013-66b6-4a15-861c-57dfff2f433f
2020-04-25 00:52:19,584 [pool-730-thread-1] INFO  metrics.RatisMetrics (RatisMetrics.java:lambda$create$0(39)) - Creating Metrics Registry : ratis.state_machine.a6f67013-66b6-4a15-861c-57dfff2f433f@group-4D2F0C4E8244
2020-04-25 00:52:19,588 [Command processor thread] INFO  commandhandler.CreatePipelineCommandHandler (CreatePipelineCommandHandler.java:handle(109)) - Created Pipeline RATIS THREE #id: "ae8a75f2-8a3b-4b14-97e2-4d2f0c4e8244"
.
2020-04-25 00:52:19,588 [Command processor thread] INFO  impl.RaftServerProxy (RaftServerProxy.java:addNew(89)) - 44e8018b-e232-4b82-9d12-5076aa410e35: addNew group-0CB630F518CC:[a6f67013-66b6-4a15-861c-57dfff2f433f:172.17.0.2:43377, 6550183a-8562-43dc-b28b-b6c484dc4935:172.17.0.2:44877, 44e8018b-e232-4b82-9d12-5076aa410e35:172.17.0.2:35979] returns group-0CB630F518CC:java.util.concurrent.CompletableFuture@5c8ea071[Not completed]
2020-04-25 00:52:19,589 [pool-700-thread-1] INFO  impl.RaftServerImpl (RaftServerImpl.java:<init>(97)) - 44e8018b-e232-4b82-9d12-5076aa410e35: new RaftServerImpl for group-0CB630F518CC:[a6f67013-66b6-4a15-861c-57dfff2f433f:172.17.0.2:43377, 6550183a-8562-43dc-b28b-b6c484dc4935:172.17.0.2:44877, 44e8018b-e232-4b82-9d12-5076aa410e35:172.17.0.2:35979] with ContainerStateMachine:uninitialized
2020-04-25 00:52:19,589 [pool-700-thread-1] INFO  server.RaftServerConfigKeys (ConfUtils.java:logGet(44)) - raft.server.rpc.timeout.min = 5s (custom)
2020-04-25 00:52:19,589 [pool-700-thread-1] INFO  server.RaftServerConfigKeys (ConfUtils.java:logGet(44)) - raft.server.rpc.timeout.max = 5200ms (custom)
2020-04-25 00:52:19,589 [pool-700-thread-1] INFO  server.RaftServerConfigKeys (ConfUtils.java:logGet(44)) - raft.server.rpcslowness.timeout = 300s (custom)
2020-04-25 00:52:19,589 [pool-700-thread-1] INFO  server.RaftServerConfigKeys (ConfUtils.java:logGet(44)) - raft.server.sleep.deviation.threshold = 300 (default)
2020-04-25 00:52:19,589 [pool-700-thread-1] INFO  server.RaftServerConfigKeys (ConfUtils.java:logGet(44)) - raft.server.log.appender.install.snapshot.enabled = false (custom)
2020-04-25 00:52:19,589 [pool-700-thread-1] INFO  impl.RaftServerImpl (ServerState.java:<init>(103)) - 44e8018b-e232-4b82-9d12-5076aa410e35@group-0CB630F518CC: ConfigurationManager, init=-1: [a6f67013-66b6-4a15-861c-57dfff2f433f:172.17.0.2:43377, 6550183a-8562-43dc-b28b-b6c484dc4935:172.17.0.2:44877, 44e8018b-e232-4b82-9d12-5076aa410e35:172.17.0.2:35979], old=null, confs=<EMPTY_MAP>
2020-04-25 00:52:19,589 [pool-700-thread-1] INFO  server.RaftServerConfigKeys (ConfUtils.java:logGet(44)) - raft.server.storage.dir = [/github/workspace/mnt/ozone/hadoop-ozone/integration-test/target/test-dir/MiniOzoneClusterImpl-fac2b43d-d0f4-41bd-8b0e-0750bdad7e42/datanode-0/data/ratis] (custom)
2020-04-25 00:52:19,589 [pool-700-thread-1] INFO  server.RaftServerConfigKeys (ConfUtils.java:logGet(44)) - raft.server.log.corruption.policy = EXCEPTION (default)
2020-04-25 00:52:19,589 [pool-700-thread-1] INFO  storage.RaftStorageDirectory (RaftStorageDirectory.java:analyzeStorage(253)) - The storage directory /github/workspace/mnt/ozone/hadoop-ozone/integration-test/target/test-dir/MiniOzoneClusterImpl-fac2b43d-d0f4-41bd-8b0e-0750bdad7e42/datanode-0/data/ratis/6de2b53f-2eb0-4b5a-b9e7-0cb630f518cc does not exist. Creating ...
2020-04-25 00:52:19,593 [pool-700-thread-1] INFO  storage.RaftStorageDirectory (RaftStorageDirectory.java:tryLock(335)) - Lock on /github/workspace/mnt/ozone/hadoop-ozone/integration-test/target/test-dir/MiniOzoneClusterImpl-fac2b43d-d0f4-41bd-8b0e-0750bdad7e42/datanode-0/data/ratis/6de2b53f-2eb0-4b5a-b9e7-0cb630f518cc/in_use.lock acquired by nodename 10620@077b0f5420d0
2020-04-25 00:52:19,594 [pool-700-thread-1] INFO  storage.RaftStorage (RaftStorage.java:format(84)) - Storage directory /github/workspace/mnt/ozone/hadoop-ozone/integration-test/target/test-dir/MiniOzoneClusterImpl-fac2b43d-d0f4-41bd-8b0e-0750bdad7e42/datanode-0/data/ratis/6de2b53f-2eb0-4b5a-b9e7-0cb630f518cc has been successfully formatted.
2020-04-25 00:52:19,595 [pool-700-thread-1] INFO  ratis.ContainerStateMachine (ContainerStateMachine.java:loadSnapshot(226)) - group-0CB630F518CC: The snapshot info is null. Setting the last applied indexto:(t:0, i:~)
2020-04-25 00:52:19,595 [pool-700-thread-1] INFO  server.RaftServerConfigKeys (ConfUtils.java:logGet(44)) - raft.server.notification.no-leader.timeout = 60s (default)
2020-04-25 00:52:19,595 [pool-700-thread-1] INFO  server.RaftServerConfigKeys (ConfUtils.java:logGet(44)) - raft.server.log.use.memory = false (default)
2020-04-25 00:52:19,595 [pool-700-thread-1] INFO  server.RaftServerConfigKeys (ConfUtils.java:logGet(44)) - raft.server.log.purge.gap = 1000000 (custom)
2020-04-25 00:52:19,595 [pool-700-thread-1] INFO  server.RaftServerConfigKeys (ConfUtils.java:logGet(44)) - raft.server.log.appender.buffer.byte-limit = 33554432 (custom)
2020-04-25 00:52:19,595 [pool-700-thread-1] INFO  server.RaftServerConfigKeys (ConfUtils.java:logGet(44)) - raft.server.log.segment.size.max = 1048576 (custom)
2020-04-25 00:52:19,595 [pool-700-thread-1] INFO  server.RaftServerConfigKeys (ConfUtils.java:logGet(44)) - raft.server.log.segment.cache.num.max = 2 (custom)
2020-04-25 00:52:19,595 [pool-700-thread-1] INFO  segmented.SegmentedRaftLogWorker (SegmentedRaftLogWorker.java:<init>(176)) - new 44e8018b-e232-4b82-9d12-5076aa410e35@group-0CB630F518CC-SegmentedRaftLogWorker for RaftStorage:Storage Directory /github/workspace/mnt/ozone/hadoop-ozone/integration-test/target/test-dir/MiniOzoneClusterImpl-fac2b43d-d0f4-41bd-8b0e-0750bdad7e42/datanode-0/data/ratis/6de2b53f-2eb0-4b5a-b9e7-0cb630f518cc
2020-04-25 00:52:19,595 [pool-700-thread-1] INFO  server.RaftServerConfigKeys (ConfUtils.java:logGet(44)) - raft.server.log.queue.byte-limit = 2147483647 (custom)
2020-04-25 00:52:19,595 [pool-700-thread-1] INFO  server.RaftServerConfigKeys (ConfUtils.java:logGet(44)) - raft.server.log.queue.element-limit = 1024 (custom)
2020-04-25 00:52:19,595 [pool-700-thread-1] INFO  server.RaftServerConfigKeys (ConfUtils.java:logGet(44)) - raft.server.log.segment.size.max = 1048576 (custom)
2020-04-25 00:52:19,595 [pool-700-thread-1] INFO  server.RaftServerConfigKeys (ConfUtils.java:logGet(44)) - raft.server.log.preallocated.size = 16384 (custom)
2020-04-25 00:52:19,596 [pool-700-thread-1] INFO  server.RaftServerConfigKeys (ConfUtils.java:logGet(44)) - raft.server.log.write.buffer.size = 1048576 (custom)
2020-04-25 00:52:19,596 [pool-700-thread-1] INFO  server.RaftServerConfigKeys (ConfUtils.java:logGet(44)) - raft.server.log.force.sync.num = 128 (default)
2020-04-25 00:52:19,596 [pool-700-thread-1] INFO  server.RaftServerConfigKeys (ConfUtils.java:logGet(44)) - raft.server.log.statemachine.data.sync = true (default)
2020-04-25 00:52:19,596 [pool-700-thread-1] INFO  server.RaftServerConfigKeys (ConfUtils.java:logGet(44)) - raft.server.log.statemachine.data.sync.timeout = 10s (default)
2020-04-25 00:52:19,596 [pool-700-thread-1] INFO  server.RaftServerConfigKeys (ConfUtils.java:logGet(44)) - raft.server.log.statemachine.data.sync.timeout.retry = -1 (default)
2020-04-25 00:52:19,597 [pool-700-thread-1] INFO  server.RaftServerConfigKeys (ConfUtils.java:logGet(44)) - raft.server.log.statemachine.data.caching.enabled = true (custom)
2020-04-25 00:52:19,597 [pool-700-thread-1] INFO  segmented.SegmentedRaftLogWorker (SegmentedRaftLogWorker.java:lambda$new$0(129)) - 44e8018b-e232-4b82-9d12-5076aa410e35@group-0CB630F518CC-SegmentedRaftLogWorker: flushIndex: setUnconditionally 0 -> -1
2020-04-25 00:52:19,597 [pool-700-thread-1] INFO  server.RaftServerConfigKeys (ConfUtils.java:logGet(44)) - raft.server.snapshot.auto.trigger.enabled = true (custom)
2020-04-25 00:52:19,597 [pool-700-thread-1] INFO  server.RaftServerConfigKeys (ConfUtils.java:logGet(44)) - raft.server.snapshot.auto.trigger.threshold = 10000 (custom)
2020-04-25 00:52:19,597 [pool-700-thread-1] INFO  server.RaftServerConfigKeys (ConfUtils.java:logGet(44)) - raft.server.snapshot.retention.file.num = 5 (custom)
2020-04-25 00:52:19,601 [pool-700-thread-1] INFO  server.RaftServerConfigKeys (ConfUtils.java:logGet(44)) - raft.server.retrycache.expirytime = 600000ms (custom)
2020-04-25 00:52:19,601 [pool-700-thread-1] INFO  metrics.RatisMetrics (RatisMetrics.java:lambda$create$0(39)) - Creating Metrics Registry : ratis.leader_election.44e8018b-e232-4b82-9d12-5076aa410e35@group-0CB630F518CC
2020-04-25 00:52:19,603 [pool-700-thread-1] INFO  metrics.RatisMetrics (RatisMetrics.java:lambda$create$0(39)) - Creating Metrics Registry : ratis.server.44e8018b-e232-4b82-9d12-5076aa410e35@group-0CB630F518CC
2020-04-25 00:52:19,605 [pool-700-thread-1] INFO  impl.RaftServerImpl (RaftServerImpl.java:start(183)) - 44e8018b-e232-4b82-9d12-5076aa410e35@group-0CB630F518CC: start as a follower, conf=-1: [a6f67013-66b6-4a15-861c-57dfff2f433f:172.17.0.2:43377, 6550183a-8562-43dc-b28b-b6c484dc4935:172.17.0.2:44877, 44e8018b-e232-4b82-9d12-5076aa410e35:172.17.0.2:35979], old=null
2020-04-25 00:52:19,605 [pool-700-thread-1] INFO  impl.RaftServerImpl (RaftServerImpl.java:setRole(172)) - 44e8018b-e232-4b82-9d12-5076aa410e35@group-0CB630F518CC: changes role from      null to FOLLOWER at term 0 for startAsFollower
2020-04-25 00:52:19,605 [pool-700-thread-1] INFO  impl.RoleInfo (RoleInfo.java:updateAndGet(143)) - 44e8018b-e232-4b82-9d12-5076aa410e35: start FollowerState
2020-04-25 00:52:19,606 [pool-700-thread-1] INFO  util.JmxRegister (JmxRegister.java:tryRegister(44)) - Successfully registered JMX Bean with object name Ratis:service=RaftServer,group=group-0CB630F518CC,id=44e8018b-e232-4b82-9d12-5076aa410e35
2020-04-25 00:52:19,606 [pool-700-thread-1] INFO  metrics.RatisMetrics (RatisMetrics.java:lambda$create$0(39)) - Creating Metrics Registry : ratis.state_machine.44e8018b-e232-4b82-9d12-5076aa410e35@group-0CB630F518CC
2020-04-25 00:52:19,620 [grpc-default-executor-10] INFO  impl.RaftServerProxy (RaftServerProxy.java:addNew(89)) - a6f67013-66b6-4a15-861c-57dfff2f433f: addNew group-0CB630F518CC:[a6f67013-66b6-4a15-861c-57dfff2f433f:172.17.0.2:43377, 6550183a-8562-43dc-b28b-b6c484dc4935:172.17.0.2:44877, 44e8018b-e232-4b82-9d12-5076aa410e35:172.17.0.2:35979] returns group-0CB630F518CC:java.util.concurrent.CompletableFuture@266a34f0[Not completed]
2020-04-25 00:52:19,621 [pool-730-thread-1] INFO  impl.RaftServerImpl (RaftServerImpl.java:<init>(97)) - a6f67013-66b6-4a15-861c-57dfff2f433f: new RaftServerImpl for group-0CB630F518CC:[a6f67013-66b6-4a15-861c-57dfff2f433f:172.17.0.2:43377, 6550183a-8562-43dc-b28b-b6c484dc4935:172.17.0.2:44877, 44e8018b-e232-4b82-9d12-5076aa410e35:172.17.0.2:35979] with ContainerStateMachine:uninitialized
2020-04-25 00:52:19,621 [pool-730-thread-1] INFO  server.RaftServerConfigKeys (ConfUtils.java:logGet(44)) - raft.server.rpc.timeout.min = 5s (custom)
2020-04-25 00:52:19,622 [pool-730-thread-1] INFO  server.RaftServerConfigKeys (ConfUtils.java:logGet(44)) - raft.server.rpc.timeout.max = 5200ms (custom)
2020-04-25 00:52:19,622 [pool-730-thread-1] INFO  server.RaftServerConfigKeys (ConfUtils.java:logGet(44)) - raft.server.rpcslowness.timeout = 300s (custom)
2020-04-25 00:52:19,622 [pool-730-thread-1] INFO  server.RaftServerConfigKeys (ConfUtils.java:logGet(44)) - raft.server.sleep.deviation.threshold = 300 (default)
2020-04-25 00:52:19,622 [pool-730-thread-1] INFO  server.RaftServerConfigKeys (ConfUtils.java:logGet(44)) - raft.server.log.appender.install.snapshot.enabled = false (custom)
2020-04-25 00:52:19,622 [pool-730-thread-1] INFO  impl.RaftServerImpl (ServerState.java:<init>(103)) - a6f67013-66b6-4a15-861c-57dfff2f433f@group-0CB630F518CC: ConfigurationManager, init=-1: [a6f67013-66b6-4a15-861c-57dfff2f433f:172.17.0.2:43377, 6550183a-8562-43dc-b28b-b6c484dc4935:172.17.0.2:44877, 44e8018b-e232-4b82-9d12-5076aa410e35:172.17.0.2:35979], old=null, confs=<EMPTY_MAP>
2020-04-25 00:52:19,622 [pool-730-thread-1] INFO  server.RaftServerConfigKeys (ConfUtils.java:logGet(44)) - raft.server.storage.dir = [/github/workspace/mnt/ozone/hadoop-ozone/integration-test/target/test-dir/MiniOzoneClusterImpl-fac2b43d-d0f4-41bd-8b0e-0750bdad7e42/datanode-2/data/ratis] (custom)
2020-04-25 00:52:19,623 [pool-730-thread-1] INFO  server.RaftServerConfigKeys (ConfUtils.java:logGet(44)) - raft.server.log.corruption.policy = EXCEPTION (default)
2020-04-25 00:52:19,623 [pool-730-thread-1] INFO  storage.RaftStorageDirectory (RaftStorageDirectory.java:analyzeStorage(253)) - The storage directory /github/workspace/mnt/ozone/hadoop-ozone/integration-test/target/test-dir/MiniOzoneClusterImpl-fac2b43d-d0f4-41bd-8b0e-0750bdad7e42/datanode-2/data/ratis/6de2b53f-2eb0-4b5a-b9e7-0cb630f518cc does not exist. Creating ...
2020-04-25 00:52:19,627 [pool-730-thread-1] INFO  storage.RaftStorageDirectory (RaftStorageDirectory.java:tryLock(335)) - Lock on /github/workspace/mnt/ozone/hadoop-ozone/integration-test/target/test-dir/MiniOzoneClusterImpl-fac2b43d-d0f4-41bd-8b0e-0750bdad7e42/datanode-2/data/ratis/6de2b53f-2eb0-4b5a-b9e7-0cb630f518cc/in_use.lock acquired by nodename 10620@077b0f5420d0
2020-04-25 00:52:19,630 [pool-730-thread-1] INFO  storage.RaftStorage (RaftStorage.java:format(84)) - Storage directory /github/workspace/mnt/ozone/hadoop-ozone/integration-test/target/test-dir/MiniOzoneClusterImpl-fac2b43d-d0f4-41bd-8b0e-0750bdad7e42/datanode-2/data/ratis/6de2b53f-2eb0-4b5a-b9e7-0cb630f518cc has been successfully formatted.
2020-04-25 00:52:19,630 [pool-730-thread-1] INFO  ratis.ContainerStateMachine (ContainerStateMachine.java:loadSnapshot(226)) - group-0CB630F518CC: The snapshot info is null. Setting the last applied indexto:(t:0, i:~)
2020-04-25 00:52:19,631 [pool-730-thread-1] INFO  server.RaftServerConfigKeys (ConfUtils.java:logGet(44)) - raft.server.notification.no-leader.timeout = 60s (default)
2020-04-25 00:52:19,631 [pool-730-thread-1] INFO  server.RaftServerConfigKeys (ConfUtils.java:logGet(44)) - raft.server.log.use.memory = false (default)
2020-04-25 00:52:19,632 [pool-730-thread-1] INFO  server.RaftServerConfigKeys (ConfUtils.java:logGet(44)) - raft.server.log.purge.gap = 1000000 (custom)
2020-04-25 00:52:19,632 [pool-730-thread-1] INFO  server.RaftServerConfigKeys (ConfUtils.java:logGet(44)) - raft.server.log.appender.buffer.byte-limit = 33554432 (custom)
2020-04-25 00:52:19,632 [pool-730-thread-1] INFO  server.RaftServerConfigKeys (ConfUtils.java:logGet(44)) - raft.server.log.segment.size.max = 1048576 (custom)
2020-04-25 00:52:19,632 [pool-730-thread-1] INFO  server.RaftServerConfigKeys (ConfUtils.java:logGet(44)) - raft.server.log.segment.cache.num.max = 2 (custom)
2020-04-25 00:52:19,632 [pool-730-thread-1] INFO  segmented.SegmentedRaftLogWorker (SegmentedRaftLogWorker.java:<init>(176)) - new a6f67013-66b6-4a15-861c-57dfff2f433f@group-0CB630F518CC-SegmentedRaftLogWorker for RaftStorage:Storage Directory /github/workspace/mnt/ozone/hadoop-ozone/integration-test/target/test-dir/MiniOzoneClusterImpl-fac2b43d-d0f4-41bd-8b0e-0750bdad7e42/datanode-2/data/ratis/6de2b53f-2eb0-4b5a-b9e7-0cb630f518cc
2020-04-25 00:52:19,632 [pool-730-thread-1] INFO  server.RaftServerConfigKeys (ConfUtils.java:logGet(44)) - raft.server.log.queue.byte-limit = 2147483647 (custom)
2020-04-25 00:52:19,632 [pool-730-thread-1] INFO  server.RaftServerConfigKeys (ConfUtils.java:logGet(44)) - raft.server.log.queue.element-limit = 1024 (custom)
2020-04-25 00:52:19,633 [pool-730-thread-1] INFO  server.RaftServerConfigKeys (ConfUtils.java:logGet(44)) - raft.server.log.segment.size.max = 1048576 (custom)
2020-04-25 00:52:19,633 [pool-730-thread-1] INFO  server.RaftServerConfigKeys (ConfUtils.java:logGet(44)) - raft.server.log.preallocated.size = 16384 (custom)
2020-04-25 00:52:19,633 [pool-730-thread-1] INFO  server.RaftServerConfigKeys (ConfUtils.java:logGet(44)) - raft.server.log.write.buffer.size = 1048576 (custom)
2020-04-25 00:52:19,633 [pool-730-thread-1] INFO  server.RaftServerConfigKeys (ConfUtils.java:logGet(44)) - raft.server.log.force.sync.num = 128 (default)
2020-04-25 00:52:19,633 [pool-730-thread-1] INFO  server.RaftServerConfigKeys (ConfUtils.java:logGet(44)) - raft.server.log.statemachine.data.sync = true (default)
2020-04-25 00:52:19,633 [pool-730-thread-1] INFO  server.RaftServerConfigKeys (ConfUtils.java:logGet(44)) - raft.server.log.statemachine.data.sync.timeout = 10s (default)
2020-04-25 00:52:19,633 [pool-730-thread-1] INFO  server.RaftServerConfigKeys (ConfUtils.java:logGet(44)) - raft.server.log.statemachine.data.sync.timeout.retry = -1 (default)
2020-04-25 00:52:19,633 [pool-730-thread-1] INFO  server.RaftServerConfigKeys (ConfUtils.java:logGet(44)) - raft.server.log.statemachine.data.caching.enabled = true (custom)
2020-04-25 00:52:19,634 [pool-730-thread-1] INFO  segmented.SegmentedRaftLogWorker (SegmentedRaftLogWorker.java:lambda$new$0(129)) - a6f67013-66b6-4a15-861c-57dfff2f433f@group-0CB630F518CC-SegmentedRaftLogWorker: flushIndex: setUnconditionally 0 -> -1
2020-04-25 00:52:19,634 [pool-730-thread-1] INFO  server.RaftServerConfigKeys (ConfUtils.java:logGet(44)) - raft.server.snapshot.auto.trigger.enabled = true (custom)
2020-04-25 00:52:19,634 [pool-730-thread-1] INFO  server.RaftServerConfigKeys (ConfUtils.java:logGet(44)) - raft.server.snapshot.auto.trigger.threshold = 10000 (custom)
2020-04-25 00:52:19,634 [pool-730-thread-1] INFO  server.RaftServerConfigKeys (ConfUtils.java:logGet(44)) - raft.server.snapshot.retention.file.num = 5 (custom)
2020-04-25 00:52:19,635 [pool-730-thread-1] INFO  server.RaftServerConfigKeys (ConfUtils.java:logGet(44)) - raft.server.retrycache.expirytime = 600000ms (custom)
2020-04-25 00:52:19,635 [pool-730-thread-1] INFO  metrics.RatisMetrics (RatisMetrics.java:lambda$create$0(39)) - Creating Metrics Registry : ratis.leader_election.a6f67013-66b6-4a15-861c-57dfff2f433f@group-0CB630F518CC
2020-04-25 00:52:19,635 [pool-730-thread-1] INFO  metrics.RatisMetrics (RatisMetrics.java:lambda$create$0(39)) - Creating Metrics Registry : ratis.server.a6f67013-66b6-4a15-861c-57dfff2f433f@group-0CB630F518CC
2020-04-25 00:52:19,640 [pool-730-thread-1] INFO  impl.RaftServerImpl (RaftServerImpl.java:start(183)) - a6f67013-66b6-4a15-861c-57dfff2f433f@group-0CB630F518CC: start as a follower, conf=-1: [a6f67013-66b6-4a15-861c-57dfff2f433f:172.17.0.2:43377, 6550183a-8562-43dc-b28b-b6c484dc4935:172.17.0.2:44877, 44e8018b-e232-4b82-9d12-5076aa410e35:172.17.0.2:35979], old=null
2020-04-25 00:52:19,640 [pool-730-thread-1] INFO  impl.RaftServerImpl (RaftServerImpl.java:setRole(172)) - a6f67013-66b6-4a15-861c-57dfff2f433f@group-0CB630F518CC: changes role from      null to FOLLOWER at term 0 for startAsFollower
2020-04-25 00:52:19,640 [pool-730-thread-1] INFO  impl.RoleInfo (RoleInfo.java:updateAndGet(143)) - a6f67013-66b6-4a15-861c-57dfff2f433f: start FollowerState
2020-04-25 00:52:19,641 [pool-730-thread-1] INFO  util.JmxRegister (JmxRegister.java:tryRegister(44)) - Successfully registered JMX Bean with object name Ratis:service=RaftServer,group=group-0CB630F518CC,id=a6f67013-66b6-4a15-861c-57dfff2f433f
2020-04-25 00:52:19,641 [pool-730-thread-1] INFO  metrics.RatisMetrics (RatisMetrics.java:lambda$create$0(39)) - Creating Metrics Registry : ratis.state_machine.a6f67013-66b6-4a15-861c-57dfff2f433f@group-0CB630F518CC
2020-04-25 00:52:19,653 [Command processor thread] INFO  commandhandler.CreatePipelineCommandHandler (CreatePipelineCommandHandler.java:handle(109)) - Created Pipeline RATIS THREE #id: "6de2b53f-2eb0-4b5a-b9e7-0cb630f518cc"
.
2020-04-25 00:52:19,654 [Command processor thread] INFO  commandhandler.CreatePipelineCommandHandler (CreatePipelineCommandHandler.java:handle(109)) - Created Pipeline RATIS THREE #id: "6de2b53f-2eb0-4b5a-b9e7-0cb630f518cc"
.
2020-04-25 00:52:19,707 [Command processor thread] INFO  impl.RaftServerProxy (RaftServerProxy.java:addNew(89)) - a6f67013-66b6-4a15-861c-57dfff2f433f: addNew group-3D657C2857E7:[a6f67013-66b6-4a15-861c-57dfff2f433f:172.17.0.2:43377] returns group-3D657C2857E7:java.util.concurrent.CompletableFuture@58460385[Not completed]
2020-04-25 00:52:19,708 [pool-730-thread-1] INFO  impl.RaftServerImpl (RaftServerImpl.java:<init>(97)) - a6f67013-66b6-4a15-861c-57dfff2f433f: new RaftServerImpl for group-3D657C2857E7:[a6f67013-66b6-4a15-861c-57dfff2f433f:172.17.0.2:43377] with ContainerStateMachine:uninitialized
2020-04-25 00:52:19,708 [pool-730-thread-1] INFO  server.RaftServerConfigKeys (ConfUtils.java:logGet(44)) - raft.server.rpc.timeout.min = 5s (custom)
2020-04-25 00:52:19,708 [pool-730-thread-1] INFO  server.RaftServerConfigKeys (ConfUtils.java:logGet(44)) - raft.server.rpc.timeout.max = 5200ms (custom)
2020-04-25 00:52:19,708 [pool-730-thread-1] INFO  server.RaftServerConfigKeys (ConfUtils.java:logGet(44)) - raft.server.rpcslowness.timeout = 300s (custom)
2020-04-25 00:52:19,708 [pool-730-thread-1] INFO  server.RaftServerConfigKeys (ConfUtils.java:logGet(44)) - raft.server.sleep.deviation.threshold = 300 (default)
2020-04-25 00:52:19,708 [pool-730-thread-1] INFO  server.RaftServerConfigKeys (ConfUtils.java:logGet(44)) - raft.server.log.appender.install.snapshot.enabled = false (custom)
2020-04-25 00:52:19,708 [pool-730-thread-1] INFO  impl.RaftServerImpl (ServerState.java:<init>(103)) - a6f67013-66b6-4a15-861c-57dfff2f433f@group-3D657C2857E7: ConfigurationManager, init=-1: [a6f67013-66b6-4a15-861c-57dfff2f433f:172.17.0.2:43377], old=null, confs=<EMPTY_MAP>
2020-04-25 00:52:19,708 [pool-730-thread-1] INFO  server.RaftServerConfigKeys (ConfUtils.java:logGet(44)) - raft.server.storage.dir = [/github/workspace/mnt/ozone/hadoop-ozone/integration-test/target/test-dir/MiniOzoneClusterImpl-fac2b43d-d0f4-41bd-8b0e-0750bdad7e42/datanode-2/data/ratis] (custom)
2020-04-25 00:52:19,708 [pool-730-thread-1] INFO  server.RaftServerConfigKeys (ConfUtils.java:logGet(44)) - raft.server.log.corruption.policy = EXCEPTION (default)
2020-04-25 00:52:19,709 [pool-730-thread-1] INFO  storage.RaftStorageDirectory (RaftStorageDirectory.java:analyzeStorage(253)) - The storage directory /github/workspace/mnt/ozone/hadoop-ozone/integration-test/target/test-dir/MiniOzoneClusterImpl-fac2b43d-d0f4-41bd-8b0e-0750bdad7e42/datanode-2/data/ratis/3d3a18c4-d1d8-4d46-9959-3d657c2857e7 does not exist. Creating ...
2020-04-25 00:52:19,710 [pool-730-thread-1] INFO  storage.RaftStorageDirectory (RaftStorageDirectory.java:tryLock(335)) - Lock on /github/workspace/mnt/ozone/hadoop-ozone/integration-test/target/test-dir/MiniOzoneClusterImpl-fac2b43d-d0f4-41bd-8b0e-0750bdad7e42/datanode-2/data/ratis/3d3a18c4-d1d8-4d46-9959-3d657c2857e7/in_use.lock acquired by nodename 10620@077b0f5420d0
2020-04-25 00:52:19,711 [pool-730-thread-1] INFO  storage.RaftStorage (RaftStorage.java:format(84)) - Storage directory /github/workspace/mnt/ozone/hadoop-ozone/integration-test/target/test-dir/MiniOzoneClusterImpl-fac2b43d-d0f4-41bd-8b0e-0750bdad7e42/datanode-2/data/ratis/3d3a18c4-d1d8-4d46-9959-3d657c2857e7 has been successfully formatted.
2020-04-25 00:52:19,711 [pool-730-thread-1] INFO  ratis.ContainerStateMachine (ContainerStateMachine.java:loadSnapshot(226)) - group-3D657C2857E7: The snapshot info is null. Setting the last applied indexto:(t:0, i:~)
2020-04-25 00:52:19,711 [pool-730-thread-1] INFO  server.RaftServerConfigKeys (ConfUtils.java:logGet(44)) - raft.server.notification.no-leader.timeout = 60s (default)
2020-04-25 00:52:19,711 [pool-730-thread-1] INFO  server.RaftServerConfigKeys (ConfUtils.java:logGet(44)) - raft.server.log.use.memory = false (default)
2020-04-25 00:52:19,712 [pool-730-thread-1] INFO  server.RaftServerConfigKeys (ConfUtils.java:logGet(44)) - raft.server.log.purge.gap = 1000000 (custom)
2020-04-25 00:52:19,712 [pool-730-thread-1] INFO  server.RaftServerConfigKeys (ConfUtils.java:logGet(44)) - raft.server.log.appender.buffer.byte-limit = 33554432 (custom)
2020-04-25 00:52:19,712 [EventQueue-PipelineReportForPipelineReportHandler] INFO  pipeline.PipelineStateManager (PipelineStateManager.java:openPipeline(131)) - Pipeline Pipeline[ Id: 3d3a18c4-d1d8-4d46-9959-3d657c2857e7, Nodes: a6f67013-66b6-4a15-861c-57dfff2f433f{ip: 172.17.0.2, host: 077b0f5420d0, networkLocation: /default-rack, certSerialId: null}, Type:RATIS, Factor:ONE, State:ALLOCATED, leaderId:a6f67013-66b6-4a15-861c-57dfff2f433f, CreationTimestamp2020-04-25T00:52:16.708Z] moved to OPEN state
2020-04-25 00:52:19,712 [EventQueue-OpenPipelineForOneReplicaPipelineSafeModeRule] INFO  safemode.SCMSafeModeManager (SCMSafeModeManager.java:validateSafeModeExitRules(183)) - AtleastOneDatanodeReportedRule rule is successfully validated
2020-04-25 00:52:19,712 [EventQueue-OpenPipelineForHealthyPipelineSafeModeRule] INFO  safemode.SCMSafeModeManager (HealthyPipelineSafeModeRule.java:process(132)) - SCM in safe mode. Healthy pipelines reported count is 0, required healthy pipeline reported count is 1
2020-04-25 00:52:19,712 [pool-730-thread-1] INFO  server.RaftServerConfigKeys (ConfUtils.java:logGet(44)) - raft.server.log.segment.size.max = 1048576 (custom)
2020-04-25 00:52:19,712 [pool-730-thread-1] INFO  server.RaftServerConfigKeys (ConfUtils.java:logGet(44)) - raft.server.log.segment.cache.num.max = 2 (custom)
2020-04-25 00:52:19,712 [pool-730-thread-1] INFO  segmented.SegmentedRaftLogWorker (SegmentedRaftLogWorker.java:<init>(176)) - new a6f67013-66b6-4a15-861c-57dfff2f433f@group-3D657C2857E7-SegmentedRaftLogWorker for RaftStorage:Storage Directory /github/workspace/mnt/ozone/hadoop-ozone/integration-test/target/test-dir/MiniOzoneClusterImpl-fac2b43d-d0f4-41bd-8b0e-0750bdad7e42/datanode-2/data/ratis/3d3a18c4-d1d8-4d46-9959-3d657c2857e7
2020-04-25 00:52:19,713 [pool-730-thread-1] INFO  server.RaftServerConfigKeys (ConfUtils.java:logGet(44)) - raft.server.log.queue.byte-limit = 2147483647 (custom)
2020-04-25 00:52:19,713 [pool-730-thread-1] INFO  server.RaftServerConfigKeys (ConfUtils.java:logGet(44)) - raft.server.log.queue.element-limit = 1024 (custom)
2020-04-25 00:52:19,713 [pool-730-thread-1] INFO  server.RaftServerConfigKeys (ConfUtils.java:logGet(44)) - raft.server.log.segment.size.max = 1048576 (custom)
2020-04-25 00:52:19,713 [pool-730-thread-1] INFO  server.RaftServerConfigKeys (ConfUtils.java:logGet(44)) - raft.server.log.preallocated.size = 16384 (custom)
2020-04-25 00:52:19,713 [pool-730-thread-1] INFO  server.RaftServerConfigKeys (ConfUtils.java:logGet(44)) - raft.server.log.write.buffer.size = 1048576 (custom)
2020-04-25 00:52:19,713 [pool-730-thread-1] INFO  server.RaftServerConfigKeys (ConfUtils.java:logGet(44)) - raft.server.log.force.sync.num = 128 (default)
2020-04-25 00:52:19,713 [pool-730-thread-1] INFO  server.RaftServerConfigKeys (ConfUtils.java:logGet(44)) - raft.server.log.statemachine.data.sync = true (default)
2020-04-25 00:52:19,713 [pool-730-thread-1] INFO  server.RaftServerConfigKeys (ConfUtils.java:logGet(44)) - raft.server.log.statemachine.data.sync.timeout = 10s (default)
2020-04-25 00:52:19,713 [pool-730-thread-1] INFO  server.RaftServerConfigKeys (ConfUtils.java:logGet(44)) - raft.server.log.statemachine.data.sync.timeout.retry = -1 (default)
2020-04-25 00:52:19,714 [pool-730-thread-1] INFO  server.RaftServerConfigKeys (ConfUtils.java:logGet(44)) - raft.server.log.statemachine.data.caching.enabled = true (custom)
2020-04-25 00:52:19,714 [pool-730-thread-1] INFO  segmented.SegmentedRaftLogWorker (SegmentedRaftLogWorker.java:lambda$new$0(129)) - a6f67013-66b6-4a15-861c-57dfff2f433f@group-3D657C2857E7-SegmentedRaftLogWorker: flushIndex: setUnconditionally 0 -> -1
2020-04-25 00:52:19,714 [pool-730-thread-1] INFO  server.RaftServerConfigKeys (ConfUtils.java:logGet(44)) - raft.server.snapshot.auto.trigger.enabled = true (custom)
2020-04-25 00:52:19,714 [pool-730-thread-1] INFO  server.RaftServerConfigKeys (ConfUtils.java:logGet(44)) - raft.server.snapshot.auto.trigger.threshold = 10000 (custom)
2020-04-25 00:52:19,714 [pool-730-thread-1] INFO  server.RaftServerConfigKeys (ConfUtils.java:logGet(44)) - raft.server.snapshot.retention.file.num = 5 (custom)
2020-04-25 00:52:19,714 [pool-730-thread-1] INFO  server.RaftServerConfigKeys (ConfUtils.java:logGet(44)) - raft.server.retrycache.expirytime = 600000ms (custom)
2020-04-25 00:52:19,715 [pool-730-thread-1] INFO  metrics.RatisMetrics (RatisMetrics.java:lambda$create$0(39)) - Creating Metrics Registry : ratis.leader_election.a6f67013-66b6-4a15-861c-57dfff2f433f@group-3D657C2857E7
2020-04-25 00:52:19,716 [pool-730-thread-1] INFO  metrics.RatisMetrics (RatisMetrics.java:lambda$create$0(39)) - Creating Metrics Registry : ratis.server.a6f67013-66b6-4a15-861c-57dfff2f433f@group-3D657C2857E7
2020-04-25 00:52:19,717 [pool-730-thread-1] INFO  impl.RaftServerImpl (RaftServerImpl.java:start(183)) - a6f67013-66b6-4a15-861c-57dfff2f433f@group-3D657C2857E7: start as a follower, conf=-1: [a6f67013-66b6-4a15-861c-57dfff2f433f:172.17.0.2:43377], old=null
2020-04-25 00:52:19,717 [pool-730-thread-1] INFO  impl.RaftServerImpl (RaftServerImpl.java:setRole(172)) - a6f67013-66b6-4a15-861c-57dfff2f433f@group-3D657C2857E7: changes role from      null to FOLLOWER at term 0 for startAsFollower
2020-04-25 00:52:19,718 [pool-730-thread-1] INFO  impl.RoleInfo (RoleInfo.java:updateAndGet(143)) - a6f67013-66b6-4a15-861c-57dfff2f433f: start FollowerState
2020-04-25 00:52:19,718 [pool-730-thread-1] INFO  util.JmxRegister (JmxRegister.java:tryRegister(44)) - Successfully registered JMX Bean with object name Ratis:service=RaftServer,group=group-3D657C2857E7,id=a6f67013-66b6-4a15-861c-57dfff2f433f
2020-04-25 00:52:19,718 [pool-730-thread-1] INFO  metrics.RatisMetrics (RatisMetrics.java:lambda$create$0(39)) - Creating Metrics Registry : ratis.state_machine.a6f67013-66b6-4a15-861c-57dfff2f433f@group-3D657C2857E7
2020-04-25 00:52:19,719 [Command processor thread] INFO  commandhandler.CreatePipelineCommandHandler (CreatePipelineCommandHandler.java:handle(109)) - Created Pipeline RATIS ONE #id: "3d3a18c4-d1d8-4d46-9959-3d657c2857e7"
.
2020-04-25 00:52:19,794 [Command processor thread] INFO  impl.RaftServerProxy (RaftServerProxy.java:addNew(89)) - 01d66f6b-871f-49cc-8cf1-f917fde7eb54: addNew group-908272680366:[01d66f6b-871f-49cc-8cf1-f917fde7eb54:172.17.0.2:36377] returns group-908272680366:java.util.concurrent.CompletableFuture@61527059[Not completed]
2020-04-25 00:52:19,795 [pool-745-thread-1] INFO  impl.RaftServerImpl (RaftServerImpl.java:<init>(97)) - 01d66f6b-871f-49cc-8cf1-f917fde7eb54: new RaftServerImpl for group-908272680366:[01d66f6b-871f-49cc-8cf1-f917fde7eb54:172.17.0.2:36377] with ContainerStateMachine:uninitialized
2020-04-25 00:52:19,795 [pool-745-thread-1] INFO  server.RaftServerConfigKeys (ConfUtils.java:logGet(44)) - raft.server.rpc.timeout.min = 5s (custom)
2020-04-25 00:52:19,796 [pool-745-thread-1] INFO  server.RaftServerConfigKeys (ConfUtils.java:logGet(44)) - raft.server.rpc.timeout.max = 5200ms (custom)
2020-04-25 00:52:19,796 [pool-745-thread-1] INFO  server.RaftServerConfigKeys (ConfUtils.java:logGet(44)) - raft.server.rpcslowness.timeout = 300s (custom)
2020-04-25 00:52:19,796 [pool-745-thread-1] INFO  server.RaftServerConfigKeys (ConfUtils.java:logGet(44)) - raft.server.sleep.deviation.threshold = 300 (default)
2020-04-25 00:52:19,796 [pool-745-thread-1] INFO  server.RaftServerConfigKeys (ConfUtils.java:logGet(44)) - raft.server.log.appender.install.snapshot.enabled = false (custom)
2020-04-25 00:52:19,796 [pool-745-thread-1] INFO  impl.RaftServerImpl (ServerState.java:<init>(103)) - 01d66f6b-871f-49cc-8cf1-f917fde7eb54@group-908272680366: ConfigurationManager, init=-1: [01d66f6b-871f-49cc-8cf1-f917fde7eb54:172.17.0.2:36377], old=null, confs=<EMPTY_MAP>
2020-04-25 00:52:19,796 [pool-745-thread-1] INFO  server.RaftServerConfigKeys (ConfUtils.java:logGet(44)) - raft.server.storage.dir = [/github/workspace/mnt/ozone/hadoop-ozone/integration-test/target/test-dir/MiniOzoneClusterImpl-fac2b43d-d0f4-41bd-8b0e-0750bdad7e42/datanode-3/data/ratis] (custom)
2020-04-25 00:52:19,796 [pool-745-thread-1] INFO  server.RaftServerConfigKeys (ConfUtils.java:logGet(44)) - raft.server.log.corruption.policy = EXCEPTION (default)
2020-04-25 00:52:19,796 [pool-745-thread-1] INFO  storage.RaftStorageDirectory (RaftStorageDirectory.java:analyzeStorage(253)) - The storage directory /github/workspace/mnt/ozone/hadoop-ozone/integration-test/target/test-dir/MiniOzoneClusterImpl-fac2b43d-d0f4-41bd-8b0e-0750bdad7e42/datanode-3/data/ratis/f840679d-0768-4efd-8269-908272680366 does not exist. Creating ...
2020-04-25 00:52:19,797 [pool-745-thread-1] INFO  storage.RaftStorageDirectory (RaftStorageDirectory.java:tryLock(335)) - Lock on /github/workspace/mnt/ozone/hadoop-ozone/integration-test/target/test-dir/MiniOzoneClusterImpl-fac2b43d-d0f4-41bd-8b0e-0750bdad7e42/datanode-3/data/ratis/f840679d-0768-4efd-8269-908272680366/in_use.lock acquired by nodename 10620@077b0f5420d0
2020-04-25 00:52:19,798 [pool-745-thread-1] INFO  storage.RaftStorage (RaftStorage.java:format(84)) - Storage directory /github/workspace/mnt/ozone/hadoop-ozone/integration-test/target/test-dir/MiniOzoneClusterImpl-fac2b43d-d0f4-41bd-8b0e-0750bdad7e42/datanode-3/data/ratis/f840679d-0768-4efd-8269-908272680366 has been successfully formatted.
2020-04-25 00:52:19,799 [pool-745-thread-1] INFO  ratis.ContainerStateMachine (ContainerStateMachine.java:loadSnapshot(226)) - group-908272680366: The snapshot info is null. Setting the last applied indexto:(t:0, i:~)
2020-04-25 00:52:19,799 [pool-745-thread-1] INFO  server.RaftServerConfigKeys (ConfUtils.java:logGet(44)) - raft.server.notification.no-leader.timeout = 60s (default)
2020-04-25 00:52:19,799 [pool-745-thread-1] INFO  server.RaftServerConfigKeys (ConfUtils.java:logGet(44)) - raft.server.log.use.memory = false (default)
2020-04-25 00:52:19,800 [pool-745-thread-1] INFO  server.RaftServerConfigKeys (ConfUtils.java:logGet(44)) - raft.server.log.purge.gap = 1000000 (custom)
2020-04-25 00:52:19,800 [pool-745-thread-1] INFO  server.RaftServerConfigKeys (ConfUtils.java:logGet(44)) - raft.server.log.appender.buffer.byte-limit = 33554432 (custom)
2020-04-25 00:52:19,800 [pool-745-thread-1] INFO  server.RaftServerConfigKeys (ConfUtils.java:logGet(44)) - raft.server.log.segment.size.max = 1048576 (custom)
2020-04-25 00:52:19,800 [pool-745-thread-1] INFO  metrics.RatisMetrics (RatisMetrics.java:lambda$create$0(39)) - Creating Metrics Registry : ratis.log_worker.01d66f6b-871f-49cc-8cf1-f917fde7eb54
2020-04-25 00:52:19,800 [pool-745-thread-1] INFO  server.RaftServerConfigKeys (ConfUtils.java:logGet(44)) - raft.server.log.segment.cache.num.max = 2 (custom)
2020-04-25 00:52:19,800 [EventQueue-PipelineReportForPipelineReportHandler] INFO  pipeline.PipelineStateManager (PipelineStateManager.java:openPipeline(131)) - Pipeline Pipeline[ Id: f840679d-0768-4efd-8269-908272680366, Nodes: 01d66f6b-871f-49cc-8cf1-f917fde7eb54{ip: 172.17.0.2, host: 077b0f5420d0, networkLocation: /default-rack, certSerialId: null}, Type:RATIS, Factor:ONE, State:ALLOCATED, leaderId:01d66f6b-871f-49cc-8cf1-f917fde7eb54, CreationTimestamp2020-04-25T00:52:16.784Z] moved to OPEN state
2020-04-25 00:52:19,800 [EventQueue-OpenPipelineForOneReplicaPipelineSafeModeRule] INFO  safemode.SCMSafeModeManager (SCMSafeModeManager.java:validateSafeModeExitRules(183)) - AtleastOneDatanodeReportedRule rule is successfully validated
2020-04-25 00:52:19,800 [pool-745-thread-1] INFO  segmented.SegmentedRaftLogWorker (SegmentedRaftLogWorker.java:<init>(176)) - new 01d66f6b-871f-49cc-8cf1-f917fde7eb54@group-908272680366-SegmentedRaftLogWorker for RaftStorage:Storage Directory /github/workspace/mnt/ozone/hadoop-ozone/integration-test/target/test-dir/MiniOzoneClusterImpl-fac2b43d-d0f4-41bd-8b0e-0750bdad7e42/datanode-3/data/ratis/f840679d-0768-4efd-8269-908272680366
2020-04-25 00:52:19,800 [EventQueue-OpenPipelineForHealthyPipelineSafeModeRule] INFO  safemode.SCMSafeModeManager (HealthyPipelineSafeModeRule.java:process(132)) - SCM in safe mode. Healthy pipelines reported count is 0, required healthy pipeline reported count is 1
2020-04-25 00:52:19,801 [pool-745-thread-1] INFO  server.RaftServerConfigKeys (ConfUtils.java:logGet(44)) - raft.server.log.queue.byte-limit = 2147483647 (custom)
2020-04-25 00:52:19,801 [pool-745-thread-1] INFO  server.RaftServerConfigKeys (ConfUtils.java:logGet(44)) - raft.server.log.queue.element-limit = 1024 (custom)
2020-04-25 00:52:19,801 [pool-745-thread-1] INFO  server.RaftServerConfigKeys (ConfUtils.java:logGet(44)) - raft.server.log.segment.size.max = 1048576 (custom)
2020-04-25 00:52:19,801 [pool-745-thread-1] INFO  server.RaftServerConfigKeys (ConfUtils.java:logGet(44)) - raft.server.log.preallocated.size = 16384 (custom)
2020-04-25 00:52:19,801 [pool-745-thread-1] INFO  server.RaftServerConfigKeys (ConfUtils.java:logGet(44)) - raft.server.log.write.buffer.size = 1048576 (custom)
2020-04-25 00:52:19,801 [pool-745-thread-1] INFO  server.RaftServerConfigKeys (ConfUtils.java:logGet(44)) - raft.server.log.force.sync.num = 128 (default)
2020-04-25 00:52:19,801 [pool-745-thread-1] INFO  server.RaftServerConfigKeys (ConfUtils.java:logGet(44)) - raft.server.log.statemachine.data.sync = true (default)
2020-04-25 00:52:19,801 [pool-745-thread-1] INFO  server.RaftServerConfigKeys (ConfUtils.java:logGet(44)) - raft.server.log.statemachine.data.sync.timeout = 10s (default)
2020-04-25 00:52:19,801 [pool-745-thread-1] INFO  server.RaftServerConfigKeys (ConfUtils.java:logGet(44)) - raft.server.log.statemachine.data.sync.timeout.retry = -1 (default)
2020-04-25 00:52:19,804 [pool-745-thread-1] INFO  server.RaftServerConfigKeys (ConfUtils.java:logGet(44)) - raft.server.log.statemachine.data.caching.enabled = true (custom)
2020-04-25 00:52:19,804 [pool-745-thread-1] INFO  segmented.SegmentedRaftLogWorker (SegmentedRaftLogWorker.java:lambda$new$0(129)) - 01d66f6b-871f-49cc-8cf1-f917fde7eb54@group-908272680366-SegmentedRaftLogWorker: flushIndex: setUnconditionally 0 -> -1
2020-04-25 00:52:19,804 [pool-745-thread-1] INFO  server.RaftServerConfigKeys (ConfUtils.java:logGet(44)) - raft.server.snapshot.auto.trigger.enabled = true (custom)
2020-04-25 00:52:19,804 [pool-745-thread-1] INFO  server.RaftServerConfigKeys (ConfUtils.java:logGet(44)) - raft.server.snapshot.auto.trigger.threshold = 10000 (custom)
2020-04-25 00:52:19,804 [pool-745-thread-1] INFO  server.RaftServerConfigKeys (ConfUtils.java:logGet(44)) - raft.server.snapshot.retention.file.num = 5 (custom)
2020-04-25 00:52:19,805 [pool-745-thread-1] INFO  server.RaftServerConfigKeys (ConfUtils.java:logGet(44)) - raft.server.retrycache.expirytime = 600000ms (custom)
2020-04-25 00:52:19,805 [pool-745-thread-1] INFO  metrics.RatisMetrics (RatisMetrics.java:lambda$create$0(39)) - Creating Metrics Registry : ratis.leader_election.01d66f6b-871f-49cc-8cf1-f917fde7eb54@group-908272680366
2020-04-25 00:52:19,805 [pool-745-thread-1] INFO  metrics.RatisMetrics (RatisMetrics.java:lambda$create$0(39)) - Creating Metrics Registry : ratis.server.01d66f6b-871f-49cc-8cf1-f917fde7eb54@group-908272680366
2020-04-25 00:52:19,807 [pool-745-thread-1] INFO  impl.RaftServerImpl (RaftServerImpl.java:start(183)) - 01d66f6b-871f-49cc-8cf1-f917fde7eb54@group-908272680366: start as a follower, conf=-1: [01d66f6b-871f-49cc-8cf1-f917fde7eb54:172.17.0.2:36377], old=null
2020-04-25 00:52:19,807 [pool-745-thread-1] INFO  impl.RaftServerImpl (RaftServerImpl.java:setRole(172)) - 01d66f6b-871f-49cc-8cf1-f917fde7eb54@group-908272680366: changes role from      null to FOLLOWER at term 0 for startAsFollower
2020-04-25 00:52:19,808 [pool-745-thread-1] INFO  impl.RoleInfo (RoleInfo.java:updateAndGet(143)) - 01d66f6b-871f-49cc-8cf1-f917fde7eb54: start FollowerState
2020-04-25 00:52:19,808 [pool-745-thread-1] INFO  util.JmxRegister (JmxRegister.java:tryRegister(44)) - Successfully registered JMX Bean with object name Ratis:service=RaftServer,group=group-908272680366,id=01d66f6b-871f-49cc-8cf1-f917fde7eb54
2020-04-25 00:52:19,808 [pool-745-thread-1] INFO  metrics.RatisMetrics (RatisMetrics.java:lambda$create$0(39)) - Creating Metrics Registry : ratis.state_machine.01d66f6b-871f-49cc-8cf1-f917fde7eb54@group-908272680366
2020-04-25 00:52:19,810 [Command processor thread] INFO  commandhandler.CreatePipelineCommandHandler (CreatePipelineCommandHandler.java:handle(109)) - Created Pipeline RATIS ONE #id: "f840679d-0768-4efd-8269-908272680366"
.
2020-04-25 00:52:19,810 [Command processor thread] INFO  impl.RaftServerProxy (RaftServerProxy.java:addNew(89)) - 01d66f6b-871f-49cc-8cf1-f917fde7eb54: addNew group-D671BE9EB83E:[f6421666-a5d8-4f0d-9ada-e546d5fd97e1:172.17.0.2:40551, 01d66f6b-871f-49cc-8cf1-f917fde7eb54:172.17.0.2:36377, 3cd9ecf8-858f-44dc-b977-29c5822b3976:172.17.0.2:44085] returns group-D671BE9EB83E:java.util.concurrent.CompletableFuture@656de8ab[Not completed]
2020-04-25 00:52:19,811 [pool-745-thread-1] INFO  impl.RaftServerImpl (RaftServerImpl.java:<init>(97)) - 01d66f6b-871f-49cc-8cf1-f917fde7eb54: new RaftServerImpl for group-D671BE9EB83E:[f6421666-a5d8-4f0d-9ada-e546d5fd97e1:172.17.0.2:40551, 01d66f6b-871f-49cc-8cf1-f917fde7eb54:172.17.0.2:36377, 3cd9ecf8-858f-44dc-b977-29c5822b3976:172.17.0.2:44085] with ContainerStateMachine:uninitialized
2020-04-25 00:52:19,811 [pool-745-thread-1] INFO  server.RaftServerConfigKeys (ConfUtils.java:logGet(44)) - raft.server.rpc.timeout.min = 5s (custom)
2020-04-25 00:52:19,811 [pool-745-thread-1] INFO  server.RaftServerConfigKeys (ConfUtils.java:logGet(44)) - raft.server.rpc.timeout.max = 5200ms (custom)
2020-04-25 00:52:19,811 [pool-745-thread-1] INFO  server.RaftServerConfigKeys (ConfUtils.java:logGet(44)) - raft.server.rpcslowness.timeout = 300s (custom)
2020-04-25 00:52:19,811 [pool-745-thread-1] INFO  server.RaftServerConfigKeys (ConfUtils.java:logGet(44)) - raft.server.sleep.deviation.threshold = 300 (default)
2020-04-25 00:52:19,811 [pool-745-thread-1] INFO  server.RaftServerConfigKeys (ConfUtils.java:logGet(44)) - raft.server.log.appender.install.snapshot.enabled = false (custom)
2020-04-25 00:52:19,811 [pool-745-thread-1] INFO  impl.RaftServerImpl (ServerState.java:<init>(103)) - 01d66f6b-871f-49cc-8cf1-f917fde7eb54@group-D671BE9EB83E: ConfigurationManager, init=-1: [f6421666-a5d8-4f0d-9ada-e546d5fd97e1:172.17.0.2:40551, 01d66f6b-871f-49cc-8cf1-f917fde7eb54:172.17.0.2:36377, 3cd9ecf8-858f-44dc-b977-29c5822b3976:172.17.0.2:44085], old=null, confs=<EMPTY_MAP>
2020-04-25 00:52:19,811 [pool-745-thread-1] INFO  server.RaftServerConfigKeys (ConfUtils.java:logGet(44)) - raft.server.storage.dir = [/github/workspace/mnt/ozone/hadoop-ozone/integration-test/target/test-dir/MiniOzoneClusterImpl-fac2b43d-d0f4-41bd-8b0e-0750bdad7e42/datanode-3/data/ratis] (custom)
2020-04-25 00:52:19,811 [pool-745-thread-1] INFO  server.RaftServerConfigKeys (ConfUtils.java:logGet(44)) - raft.server.log.corruption.policy = EXCEPTION (default)
2020-04-25 00:52:19,812 [pool-745-thread-1] INFO  storage.RaftStorageDirectory (RaftStorageDirectory.java:analyzeStorage(253)) - The storage directory /github/workspace/mnt/ozone/hadoop-ozone/integration-test/target/test-dir/MiniOzoneClusterImpl-fac2b43d-d0f4-41bd-8b0e-0750bdad7e42/datanode-3/data/ratis/590aa6df-e18f-4cb8-b7c3-d671be9eb83e does not exist. Creating ...
2020-04-25 00:52:19,813 [pool-745-thread-1] INFO  storage.RaftStorageDirectory (RaftStorageDirectory.java:tryLock(335)) - Lock on /github/workspace/mnt/ozone/hadoop-ozone/integration-test/target/test-dir/MiniOzoneClusterImpl-fac2b43d-d0f4-41bd-8b0e-0750bdad7e42/datanode-3/data/ratis/590aa6df-e18f-4cb8-b7c3-d671be9eb83e/in_use.lock acquired by nodename 10620@077b0f5420d0
2020-04-25 00:52:19,814 [pool-745-thread-1] INFO  storage.RaftStorage (RaftStorage.java:format(84)) - Storage directory /github/workspace/mnt/ozone/hadoop-ozone/integration-test/target/test-dir/MiniOzoneClusterImpl-fac2b43d-d0f4-41bd-8b0e-0750bdad7e42/datanode-3/data/ratis/590aa6df-e18f-4cb8-b7c3-d671be9eb83e has been successfully formatted.
2020-04-25 00:52:19,814 [pool-745-thread-1] INFO  ratis.ContainerStateMachine (ContainerStateMachine.java:loadSnapshot(226)) - group-D671BE9EB83E: The snapshot info is null. Setting the last applied indexto:(t:0, i:~)
2020-04-25 00:52:19,814 [pool-745-thread-1] INFO  server.RaftServerConfigKeys (ConfUtils.java:logGet(44)) - raft.server.notification.no-leader.timeout = 60s (default)
2020-04-25 00:52:19,814 [pool-745-thread-1] INFO  server.RaftServerConfigKeys (ConfUtils.java:logGet(44)) - raft.server.log.use.memory = false (default)
2020-04-25 00:52:19,815 [pool-745-thread-1] INFO  server.RaftServerConfigKeys (ConfUtils.java:logGet(44)) - raft.server.log.purge.gap = 1000000 (custom)
2020-04-25 00:52:19,815 [pool-745-thread-1] INFO  server.RaftServerConfigKeys (ConfUtils.java:logGet(44)) - raft.server.log.appender.buffer.byte-limit = 33554432 (custom)
2020-04-25 00:52:19,815 [pool-745-thread-1] INFO  server.RaftServerConfigKeys (ConfUtils.java:logGet(44)) - raft.server.log.segment.size.max = 1048576 (custom)
2020-04-25 00:52:19,815 [pool-745-thread-1] INFO  server.RaftServerConfigKeys (ConfUtils.java:logGet(44)) - raft.server.log.segment.cache.num.max = 2 (custom)
2020-04-25 00:52:19,815 [pool-745-thread-1] INFO  segmented.SegmentedRaftLogWorker (SegmentedRaftLogWorker.java:<init>(176)) - new 01d66f6b-871f-49cc-8cf1-f917fde7eb54@group-D671BE9EB83E-SegmentedRaftLogWorker for RaftStorage:Storage Directory /github/workspace/mnt/ozone/hadoop-ozone/integration-test/target/test-dir/MiniOzoneClusterImpl-fac2b43d-d0f4-41bd-8b0e-0750bdad7e42/datanode-3/data/ratis/590aa6df-e18f-4cb8-b7c3-d671be9eb83e
2020-04-25 00:52:19,815 [pool-745-thread-1] INFO  server.RaftServerConfigKeys (ConfUtils.java:logGet(44)) - raft.server.log.queue.byte-limit = 2147483647 (custom)
2020-04-25 00:52:19,815 [pool-745-thread-1] INFO  server.RaftServerConfigKeys (ConfUtils.java:logGet(44)) - raft.server.log.queue.element-limit = 1024 (custom)
2020-04-25 00:52:19,815 [pool-745-thread-1] INFO  server.RaftServerConfigKeys (ConfUtils.java:logGet(44)) - raft.server.log.segment.size.max = 1048576 (custom)
2020-04-25 00:52:19,816 [pool-745-thread-1] INFO  server.RaftServerConfigKeys (ConfUtils.java:logGet(44)) - raft.server.log.preallocated.size = 16384 (custom)
2020-04-25 00:52:19,816 [pool-745-thread-1] INFO  server.RaftServerConfigKeys (ConfUtils.java:logGet(44)) - raft.server.log.write.buffer.size = 1048576 (custom)
2020-04-25 00:52:19,816 [pool-745-thread-1] INFO  server.RaftServerConfigKeys (ConfUtils.java:logGet(44)) - raft.server.log.force.sync.num = 128 (default)
2020-04-25 00:52:19,816 [pool-745-thread-1] INFO  server.RaftServerConfigKeys (ConfUtils.java:logGet(44)) - raft.server.log.statemachine.data.sync = true (default)
2020-04-25 00:52:19,816 [pool-745-thread-1] INFO  server.RaftServerConfigKeys (ConfUtils.java:logGet(44)) - raft.server.log.statemachine.data.sync.timeout = 10s (default)
2020-04-25 00:52:19,816 [pool-745-thread-1] INFO  server.RaftServerConfigKeys (ConfUtils.java:logGet(44)) - raft.server.log.statemachine.data.sync.timeout.retry = -1 (default)
2020-04-25 00:52:19,817 [pool-745-thread-1] INFO  server.RaftServerConfigKeys (ConfUtils.java:logGet(44)) - raft.server.log.statemachine.data.caching.enabled = true (custom)
2020-04-25 00:52:19,817 [pool-745-thread-1] INFO  segmented.SegmentedRaftLogWorker (SegmentedRaftLogWorker.java:lambda$new$0(129)) - 01d66f6b-871f-49cc-8cf1-f917fde7eb54@group-D671BE9EB83E-SegmentedRaftLogWorker: flushIndex: setUnconditionally 0 -> -1
2020-04-25 00:52:19,817 [pool-745-thread-1] INFO  server.RaftServerConfigKeys (ConfUtils.java:logGet(44)) - raft.server.snapshot.auto.trigger.enabled = true (custom)
2020-04-25 00:52:19,817 [pool-745-thread-1] INFO  server.RaftServerConfigKeys (ConfUtils.java:logGet(44)) - raft.server.snapshot.auto.trigger.threshold = 10000 (custom)
2020-04-25 00:52:19,818 [pool-745-thread-1] INFO  server.RaftServerConfigKeys (ConfUtils.java:logGet(44)) - raft.server.snapshot.retention.file.num = 5 (custom)
2020-04-25 00:52:19,818 [pool-745-thread-1] INFO  server.RaftServerConfigKeys (ConfUtils.java:logGet(44)) - raft.server.retrycache.expirytime = 600000ms (custom)
2020-04-25 00:52:19,818 [pool-745-thread-1] INFO  metrics.RatisMetrics (RatisMetrics.java:lambda$create$0(39)) - Creating Metrics Registry : ratis.leader_election.01d66f6b-871f-49cc-8cf1-f917fde7eb54@group-D671BE9EB83E
2020-04-25 00:52:19,819 [pool-745-thread-1] INFO  metrics.RatisMetrics (RatisMetrics.java:lambda$create$0(39)) - Creating Metrics Registry : ratis.server.01d66f6b-871f-49cc-8cf1-f917fde7eb54@group-D671BE9EB83E
2020-04-25 00:52:19,822 [pool-745-thread-1] INFO  impl.RaftServerImpl (RaftServerImpl.java:start(183)) - 01d66f6b-871f-49cc-8cf1-f917fde7eb54@group-D671BE9EB83E: start as a follower, conf=-1: [f6421666-a5d8-4f0d-9ada-e546d5fd97e1:172.17.0.2:40551, 01d66f6b-871f-49cc-8cf1-f917fde7eb54:172.17.0.2:36377, 3cd9ecf8-858f-44dc-b977-29c5822b3976:172.17.0.2:44085], old=null
2020-04-25 00:52:19,822 [pool-745-thread-1] INFO  impl.RaftServerImpl (RaftServerImpl.java:setRole(172)) - 01d66f6b-871f-49cc-8cf1-f917fde7eb54@group-D671BE9EB83E: changes role from      null to FOLLOWER at term 0 for startAsFollower
2020-04-25 00:52:19,823 [pool-745-thread-1] INFO  impl.RoleInfo (RoleInfo.java:updateAndGet(143)) - 01d66f6b-871f-49cc-8cf1-f917fde7eb54: start FollowerState
2020-04-25 00:52:19,823 [pool-745-thread-1] INFO  util.JmxRegister (JmxRegister.java:tryRegister(44)) - Successfully registered JMX Bean with object name Ratis:service=RaftServer,group=group-D671BE9EB83E,id=01d66f6b-871f-49cc-8cf1-f917fde7eb54
2020-04-25 00:52:19,823 [pool-745-thread-1] INFO  metrics.RatisMetrics (RatisMetrics.java:lambda$create$0(39)) - Creating Metrics Registry : ratis.state_machine.01d66f6b-871f-49cc-8cf1-f917fde7eb54@group-D671BE9EB83E
2020-04-25 00:52:19,836 [grpc-default-executor-10] INFO  impl.RaftServerProxy (RaftServerProxy.java:addNew(89)) - f6421666-a5d8-4f0d-9ada-e546d5fd97e1: addNew group-D671BE9EB83E:[f6421666-a5d8-4f0d-9ada-e546d5fd97e1:172.17.0.2:40551, 01d66f6b-871f-49cc-8cf1-f917fde7eb54:172.17.0.2:36377, 3cd9ecf8-858f-44dc-b977-29c5822b3976:172.17.0.2:44085] returns group-D671BE9EB83E:java.util.concurrent.CompletableFuture@3dd9343d[Not completed]
2020-04-25 00:52:19,837 [pool-760-thread-1] INFO  impl.RaftServerImpl (RaftServerImpl.java:<init>(97)) - f6421666-a5d8-4f0d-9ada-e546d5fd97e1: new RaftServerImpl for group-D671BE9EB83E:[f6421666-a5d8-4f0d-9ada-e546d5fd97e1:172.17.0.2:40551, 01d66f6b-871f-49cc-8cf1-f917fde7eb54:172.17.0.2:36377, 3cd9ecf8-858f-44dc-b977-29c5822b3976:172.17.0.2:44085] with ContainerStateMachine:uninitialized
2020-04-25 00:52:19,837 [pool-760-thread-1] INFO  server.RaftServerConfigKeys (ConfUtils.java:logGet(44)) - raft.server.rpc.timeout.min = 5s (custom)
2020-04-25 00:52:19,837 [pool-760-thread-1] INFO  server.RaftServerConfigKeys (ConfUtils.java:logGet(44)) - raft.server.rpc.timeout.max = 5200ms (custom)
2020-04-25 00:52:19,837 [pool-760-thread-1] INFO  server.RaftServerConfigKeys (ConfUtils.java:logGet(44)) - raft.server.rpcslowness.timeout = 300s (custom)
2020-04-25 00:52:19,837 [pool-760-thread-1] INFO  server.RaftServerConfigKeys (ConfUtils.java:logGet(44)) - raft.server.sleep.deviation.threshold = 300 (default)
2020-04-25 00:52:19,837 [pool-760-thread-1] INFO  server.RaftServerConfigKeys (ConfUtils.java:logGet(44)) - raft.server.log.appender.install.snapshot.enabled = false (custom)
2020-04-25 00:52:19,837 [pool-760-thread-1] INFO  impl.RaftServerImpl (ServerState.java:<init>(103)) - f6421666-a5d8-4f0d-9ada-e546d5fd97e1@group-D671BE9EB83E: ConfigurationManager, init=-1: [f6421666-a5d8-4f0d-9ada-e546d5fd97e1:172.17.0.2:40551, 01d66f6b-871f-49cc-8cf1-f917fde7eb54:172.17.0.2:36377, 3cd9ecf8-858f-44dc-b977-29c5822b3976:172.17.0.2:44085], old=null, confs=<EMPTY_MAP>
2020-04-25 00:52:19,837 [pool-760-thread-1] INFO  server.RaftServerConfigKeys (ConfUtils.java:logGet(44)) - raft.server.storage.dir = [/github/workspace/mnt/ozone/hadoop-ozone/integration-test/target/test-dir/MiniOzoneClusterImpl-fac2b43d-d0f4-41bd-8b0e-0750bdad7e42/datanode-4/data/ratis] (custom)
2020-04-25 00:52:19,838 [pool-760-thread-1] INFO  server.RaftServerConfigKeys (ConfUtils.java:logGet(44)) - raft.server.log.corruption.policy = EXCEPTION (default)
2020-04-25 00:52:19,838 [pool-760-thread-1] INFO  storage.RaftStorageDirectory (RaftStorageDirectory.java:analyzeStorage(253)) - The storage directory /github/workspace/mnt/ozone/hadoop-ozone/integration-test/target/test-dir/MiniOzoneClusterImpl-fac2b43d-d0f4-41bd-8b0e-0750bdad7e42/datanode-4/data/ratis/590aa6df-e18f-4cb8-b7c3-d671be9eb83e does not exist. Creating ...
2020-04-25 00:52:19,839 [pool-760-thread-1] INFO  storage.RaftStorageDirectory (RaftStorageDirectory.java:tryLock(335)) - Lock on /github/workspace/mnt/ozone/hadoop-ozone/integration-test/target/test-dir/MiniOzoneClusterImpl-fac2b43d-d0f4-41bd-8b0e-0750bdad7e42/datanode-4/data/ratis/590aa6df-e18f-4cb8-b7c3-d671be9eb83e/in_use.lock acquired by nodename 10620@077b0f5420d0
2020-04-25 00:52:19,840 [pool-760-thread-1] INFO  storage.RaftStorage (RaftStorage.java:format(84)) - Storage directory /github/workspace/mnt/ozone/hadoop-ozone/integration-test/target/test-dir/MiniOzoneClusterImpl-fac2b43d-d0f4-41bd-8b0e-0750bdad7e42/datanode-4/data/ratis/590aa6df-e18f-4cb8-b7c3-d671be9eb83e has been successfully formatted.
2020-04-25 00:52:19,844 [pool-760-thread-1] INFO  ratis.ContainerStateMachine (ContainerStateMachine.java:loadSnapshot(226)) - group-D671BE9EB83E: The snapshot info is null. Setting the last applied indexto:(t:0, i:~)
2020-04-25 00:52:19,845 [pool-760-thread-1] INFO  server.RaftServerConfigKeys (ConfUtils.java:logGet(44)) - raft.server.notification.no-leader.timeout = 60s (default)
2020-04-25 00:52:19,845 [pool-760-thread-1] INFO  server.RaftServerConfigKeys (ConfUtils.java:logGet(44)) - raft.server.log.use.memory = false (default)
2020-04-25 00:52:19,845 [pool-760-thread-1] INFO  server.RaftServerConfigKeys (ConfUtils.java:logGet(44)) - raft.server.log.purge.gap = 1000000 (custom)
2020-04-25 00:52:19,845 [pool-760-thread-1] INFO  server.RaftServerConfigKeys (ConfUtils.java:logGet(44)) - raft.server.log.appender.buffer.byte-limit = 33554432 (custom)
2020-04-25 00:52:19,849 [pool-760-thread-1] INFO  server.RaftServerConfigKeys (ConfUtils.java:logGet(44)) - raft.server.log.segment.size.max = 1048576 (custom)
2020-04-25 00:52:19,849 [pool-760-thread-1] INFO  metrics.RatisMetrics (RatisMetrics.java:lambda$create$0(39)) - Creating Metrics Registry : ratis.log_worker.f6421666-a5d8-4f0d-9ada-e546d5fd97e1
2020-04-25 00:52:19,850 [pool-760-thread-1] INFO  server.RaftServerConfigKeys (ConfUtils.java:logGet(44)) - raft.server.log.segment.cache.num.max = 2 (custom)
2020-04-25 00:52:19,850 [pool-760-thread-1] INFO  segmented.SegmentedRaftLogWorker (SegmentedRaftLogWorker.java:<init>(176)) - new f6421666-a5d8-4f0d-9ada-e546d5fd97e1@group-D671BE9EB83E-SegmentedRaftLogWorker for RaftStorage:Storage Directory /github/workspace/mnt/ozone/hadoop-ozone/integration-test/target/test-dir/MiniOzoneClusterImpl-fac2b43d-d0f4-41bd-8b0e-0750bdad7e42/datanode-4/data/ratis/590aa6df-e18f-4cb8-b7c3-d671be9eb83e
2020-04-25 00:52:19,850 [pool-760-thread-1] INFO  server.RaftServerConfigKeys (ConfUtils.java:logGet(44)) - raft.server.log.queue.byte-limit = 2147483647 (custom)
2020-04-25 00:52:19,850 [pool-760-thread-1] INFO  server.RaftServerConfigKeys (ConfUtils.java:logGet(44)) - raft.server.log.queue.element-limit = 1024 (custom)
2020-04-25 00:52:19,850 [pool-760-thread-1] INFO  server.RaftServerConfigKeys (ConfUtils.java:logGet(44)) - raft.server.log.segment.size.max = 1048576 (custom)
2020-04-25 00:52:19,850 [pool-760-thread-1] INFO  server.RaftServerConfigKeys (ConfUtils.java:logGet(44)) - raft.server.log.preallocated.size = 16384 (custom)
2020-04-25 00:52:19,851 [pool-760-thread-1] INFO  server.RaftServerConfigKeys (ConfUtils.java:logGet(44)) - raft.server.log.write.buffer.size = 1048576 (custom)
2020-04-25 00:52:19,851 [pool-760-thread-1] INFO  server.RaftServerConfigKeys (ConfUtils.java:logGet(44)) - raft.server.log.force.sync.num = 128 (default)
2020-04-25 00:52:19,851 [pool-760-thread-1] INFO  server.RaftServerConfigKeys (ConfUtils.java:logGet(44)) - raft.server.log.statemachine.data.sync = true (default)
2020-04-25 00:52:19,851 [pool-760-thread-1] INFO  server.RaftServerConfigKeys (ConfUtils.java:logGet(44)) - raft.server.log.statemachine.data.sync.timeout = 10s (default)
2020-04-25 00:52:19,851 [pool-760-thread-1] INFO  server.RaftServerConfigKeys (ConfUtils.java:logGet(44)) - raft.server.log.statemachine.data.sync.timeout.retry = -1 (default)
2020-04-25 00:52:19,855 [pool-760-thread-1] INFO  server.RaftServerConfigKeys (ConfUtils.java:logGet(44)) - raft.server.log.statemachine.data.caching.enabled = true (custom)
2020-04-25 00:52:19,855 [pool-760-thread-1] INFO  segmented.SegmentedRaftLogWorker (SegmentedRaftLogWorker.java:lambda$new$0(129)) - f6421666-a5d8-4f0d-9ada-e546d5fd97e1@group-D671BE9EB83E-SegmentedRaftLogWorker: flushIndex: setUnconditionally 0 -> -1
2020-04-25 00:52:19,855 [pool-760-thread-1] INFO  server.RaftServerConfigKeys (ConfUtils.java:logGet(44)) - raft.server.snapshot.auto.trigger.enabled = true (custom)
2020-04-25 00:52:19,855 [pool-760-thread-1] INFO  server.RaftServerConfigKeys (ConfUtils.java:logGet(44)) - raft.server.snapshot.auto.trigger.threshold = 10000 (custom)
2020-04-25 00:52:19,855 [pool-760-thread-1] INFO  server.RaftServerConfigKeys (ConfUtils.java:logGet(44)) - raft.server.snapshot.retention.file.num = 5 (custom)
2020-04-25 00:52:19,855 [pool-760-thread-1] INFO  server.RaftServerConfigKeys (ConfUtils.java:logGet(44)) - raft.server.retrycache.expirytime = 600000ms (custom)
2020-04-25 00:52:19,855 [pool-760-thread-1] INFO  metrics.RatisMetrics (RatisMetrics.java:lambda$create$0(39)) - Creating Metrics Registry : ratis.leader_election.f6421666-a5d8-4f0d-9ada-e546d5fd97e1@group-D671BE9EB83E
2020-04-25 00:52:19,856 [pool-760-thread-1] INFO  metrics.RatisMetrics (RatisMetrics.java:lambda$create$0(39)) - Creating Metrics Registry : ratis.server.f6421666-a5d8-4f0d-9ada-e546d5fd97e1@group-D671BE9EB83E
2020-04-25 00:52:19,859 [pool-760-thread-1] INFO  impl.RaftServerImpl (RaftServerImpl.java:start(183)) - f6421666-a5d8-4f0d-9ada-e546d5fd97e1@group-D671BE9EB83E: start as a follower, conf=-1: [f6421666-a5d8-4f0d-9ada-e546d5fd97e1:172.17.0.2:40551, 01d66f6b-871f-49cc-8cf1-f917fde7eb54:172.17.0.2:36377, 3cd9ecf8-858f-44dc-b977-29c5822b3976:172.17.0.2:44085], old=null
2020-04-25 00:52:19,859 [pool-760-thread-1] INFO  impl.RaftServerImpl (RaftServerImpl.java:setRole(172)) - f6421666-a5d8-4f0d-9ada-e546d5fd97e1@group-D671BE9EB83E: changes role from      null to FOLLOWER at term 0 for startAsFollower
2020-04-25 00:52:19,859 [pool-760-thread-1] INFO  impl.RoleInfo (RoleInfo.java:updateAndGet(143)) - f6421666-a5d8-4f0d-9ada-e546d5fd97e1: start FollowerState
2020-04-25 00:52:19,860 [pool-760-thread-1] INFO  util.JmxRegister (JmxRegister.java:tryRegister(44)) - Successfully registered JMX Bean with object name Ratis:service=RaftServer,group=group-D671BE9EB83E,id=f6421666-a5d8-4f0d-9ada-e546d5fd97e1
2020-04-25 00:52:19,860 [pool-760-thread-1] INFO  metrics.RatisMetrics (RatisMetrics.java:lambda$create$0(39)) - Creating Metrics Registry : ratis.state_machine.f6421666-a5d8-4f0d-9ada-e546d5fd97e1@group-D671BE9EB83E
2020-04-25 00:52:19,875 [grpc-default-executor-10] INFO  impl.RaftServerProxy (RaftServerProxy.java:addNew(89)) - 3cd9ecf8-858f-44dc-b977-29c5822b3976: addNew group-D671BE9EB83E:[f6421666-a5d8-4f0d-9ada-e546d5fd97e1:172.17.0.2:40551, 01d66f6b-871f-49cc-8cf1-f917fde7eb54:172.17.0.2:36377, 3cd9ecf8-858f-44dc-b977-29c5822b3976:172.17.0.2:44085] returns group-D671BE9EB83E:java.util.concurrent.CompletableFuture@2c7d5281[Not completed]
2020-04-25 00:52:19,877 [pool-775-thread-1] INFO  impl.RaftServerImpl (RaftServerImpl.java:<init>(97)) - 3cd9ecf8-858f-44dc-b977-29c5822b3976: new RaftServerImpl for group-D671BE9EB83E:[f6421666-a5d8-4f0d-9ada-e546d5fd97e1:172.17.0.2:40551, 01d66f6b-871f-49cc-8cf1-f917fde7eb54:172.17.0.2:36377, 3cd9ecf8-858f-44dc-b977-29c5822b3976:172.17.0.2:44085] with ContainerStateMachine:uninitialized
2020-04-25 00:52:19,877 [pool-775-thread-1] INFO  server.RaftServerConfigKeys (ConfUtils.java:logGet(44)) - raft.server.rpc.timeout.min = 5s (custom)
2020-04-25 00:52:19,877 [pool-775-thread-1] INFO  server.RaftServerConfigKeys (ConfUtils.java:logGet(44)) - raft.server.rpc.timeout.max = 5200ms (custom)
2020-04-25 00:52:19,877 [pool-775-thread-1] INFO  server.RaftServerConfigKeys (ConfUtils.java:logGet(44)) - raft.server.rpcslowness.timeout = 300s (custom)
2020-04-25 00:52:19,877 [pool-775-thread-1] INFO  server.RaftServerConfigKeys (ConfUtils.java:logGet(44)) - raft.server.sleep.deviation.threshold = 300 (default)
2020-04-25 00:52:19,877 [pool-775-thread-1] INFO  server.RaftServerConfigKeys (ConfUtils.java:logGet(44)) - raft.server.log.appender.install.snapshot.enabled = false (custom)
2020-04-25 00:52:19,878 [pool-775-thread-1] INFO  impl.RaftServerImpl (ServerState.java:<init>(103)) - 3cd9ecf8-858f-44dc-b977-29c5822b3976@group-D671BE9EB83E: ConfigurationManager, init=-1: [f6421666-a5d8-4f0d-9ada-e546d5fd97e1:172.17.0.2:40551, 01d66f6b-871f-49cc-8cf1-f917fde7eb54:172.17.0.2:36377, 3cd9ecf8-858f-44dc-b977-29c5822b3976:172.17.0.2:44085], old=null, confs=<EMPTY_MAP>
2020-04-25 00:52:19,878 [pool-775-thread-1] INFO  server.RaftServerConfigKeys (ConfUtils.java:logGet(44)) - raft.server.storage.dir = [/github/workspace/mnt/ozone/hadoop-ozone/integration-test/target/test-dir/MiniOzoneClusterImpl-fac2b43d-d0f4-41bd-8b0e-0750bdad7e42/datanode-5/data/ratis] (custom)
2020-04-25 00:52:19,878 [pool-775-thread-1] INFO  server.RaftServerConfigKeys (ConfUtils.java:logGet(44)) - raft.server.log.corruption.policy = EXCEPTION (default)
2020-04-25 00:52:19,878 [pool-775-thread-1] INFO  storage.RaftStorageDirectory (RaftStorageDirectory.java:analyzeStorage(253)) - The storage directory /github/workspace/mnt/ozone/hadoop-ozone/integration-test/target/test-dir/MiniOzoneClusterImpl-fac2b43d-d0f4-41bd-8b0e-0750bdad7e42/datanode-5/data/ratis/590aa6df-e18f-4cb8-b7c3-d671be9eb83e does not exist. Creating ...
2020-04-25 00:52:19,879 [Command processor thread] INFO  impl.RaftServerProxy (RaftServerProxy.java:addNew(89)) - f6421666-a5d8-4f0d-9ada-e546d5fd97e1: addNew group-FF9CB1177228:[f6421666-a5d8-4f0d-9ada-e546d5fd97e1:172.17.0.2:40551] returns group-FF9CB1177228:java.util.concurrent.CompletableFuture@5bd708f5[Not completed]
2020-04-25 00:52:19,880 [pool-760-thread-1] INFO  impl.RaftServerImpl (RaftServerImpl.java:<init>(97)) - f6421666-a5d8-4f0d-9ada-e546d5fd97e1: new RaftServerImpl for group-FF9CB1177228:[f6421666-a5d8-4f0d-9ada-e546d5fd97e1:172.17.0.2:40551] with ContainerStateMachine:uninitialized
2020-04-25 00:52:19,880 [pool-760-thread-1] INFO  server.RaftServerConfigKeys (ConfUtils.java:logGet(44)) - raft.server.rpc.timeout.min = 5s (custom)
2020-04-25 00:52:19,880 [pool-760-thread-1] INFO  server.RaftServerConfigKeys (ConfUtils.java:logGet(44)) - raft.server.rpc.timeout.max = 5200ms (custom)
2020-04-25 00:52:19,880 [pool-760-thread-1] INFO  server.RaftServerConfigKeys (ConfUtils.java:logGet(44)) - raft.server.rpcslowness.timeout = 300s (custom)
2020-04-25 00:52:19,880 [pool-760-thread-1] INFO  server.RaftServerConfigKeys (ConfUtils.java:logGet(44)) - raft.server.sleep.deviation.threshold = 300 (default)
2020-04-25 00:52:19,880 [pool-760-thread-1] INFO  server.RaftServerConfigKeys (ConfUtils.java:logGet(44)) - raft.server.log.appender.install.snapshot.enabled = false (custom)
2020-04-25 00:52:19,880 [pool-760-thread-1] INFO  impl.RaftServerImpl (ServerState.java:<init>(103)) - f6421666-a5d8-4f0d-9ada-e546d5fd97e1@group-FF9CB1177228: ConfigurationManager, init=-1: [f6421666-a5d8-4f0d-9ada-e546d5fd97e1:172.17.0.2:40551], old=null, confs=<EMPTY_MAP>
2020-04-25 00:52:19,880 [pool-760-thread-1] INFO  server.RaftServerConfigKeys (ConfUtils.java:logGet(44)) - raft.server.storage.dir = [/github/workspace/mnt/ozone/hadoop-ozone/integration-test/target/test-dir/MiniOzoneClusterImpl-fac2b43d-d0f4-41bd-8b0e-0750bdad7e42/datanode-4/data/ratis] (custom)
2020-04-25 00:52:19,880 [pool-760-thread-1] INFO  server.RaftServerConfigKeys (ConfUtils.java:logGet(44)) - raft.server.log.corruption.policy = EXCEPTION (default)
2020-04-25 00:52:19,880 [pool-760-thread-1] INFO  storage.RaftStorageDirectory (RaftStorageDirectory.java:analyzeStorage(253)) - The storage directory /github/workspace/mnt/ozone/hadoop-ozone/integration-test/target/test-dir/MiniOzoneClusterImpl-fac2b43d-d0f4-41bd-8b0e-0750bdad7e42/datanode-4/data/ratis/e0dec1dd-8ab4-48a2-8ba7-ff9cb1177228 does not exist. Creating ...
2020-04-25 00:52:19,881 [pool-775-thread-1] INFO  storage.RaftStorageDirectory (RaftStorageDirectory.java:tryLock(335)) - Lock on /github/workspace/mnt/ozone/hadoop-ozone/integration-test/target/test-dir/MiniOzoneClusterImpl-fac2b43d-d0f4-41bd-8b0e-0750bdad7e42/datanode-5/data/ratis/590aa6df-e18f-4cb8-b7c3-d671be9eb83e/in_use.lock acquired by nodename 10620@077b0f5420d0
2020-04-25 00:52:19,882 [pool-760-thread-1] INFO  storage.RaftStorageDirectory (RaftStorageDirectory.java:tryLock(335)) - Lock on /github/workspace/mnt/ozone/hadoop-ozone/integration-test/target/test-dir/MiniOzoneClusterImpl-fac2b43d-d0f4-41bd-8b0e-0750bdad7e42/datanode-4/data/ratis/e0dec1dd-8ab4-48a2-8ba7-ff9cb1177228/in_use.lock acquired by nodename 10620@077b0f5420d0
2020-04-25 00:52:19,883 [pool-760-thread-1] INFO  storage.RaftStorage (RaftStorage.java:format(84)) - Storage directory /github/workspace/mnt/ozone/hadoop-ozone/integration-test/target/test-dir/MiniOzoneClusterImpl-fac2b43d-d0f4-41bd-8b0e-0750bdad7e42/datanode-4/data/ratis/e0dec1dd-8ab4-48a2-8ba7-ff9cb1177228 has been successfully formatted.
2020-04-25 00:52:19,883 [pool-760-thread-1] INFO  ratis.ContainerStateMachine (ContainerStateMachine.java:loadSnapshot(226)) - group-FF9CB1177228: The snapshot info is null. Setting the last applied indexto:(t:0, i:~)
2020-04-25 00:52:19,883 [pool-760-thread-1] INFO  server.RaftServerConfigKeys (ConfUtils.java:logGet(44)) - raft.server.notification.no-leader.timeout = 60s (default)
2020-04-25 00:52:19,883 [pool-760-thread-1] INFO  server.RaftServerConfigKeys (ConfUtils.java:logGet(44)) - raft.server.log.use.memory = false (default)
2020-04-25 00:52:19,883 [pool-760-thread-1] INFO  server.RaftServerConfigKeys (ConfUtils.java:logGet(44)) - raft.server.log.purge.gap = 1000000 (custom)
2020-04-25 00:52:19,883 [pool-760-thread-1] INFO  server.RaftServerConfigKeys (ConfUtils.java:logGet(44)) - raft.server.log.appender.buffer.byte-limit = 33554432 (custom)
2020-04-25 00:52:19,884 [pool-760-thread-1] INFO  server.RaftServerConfigKeys (ConfUtils.java:logGet(44)) - raft.server.log.segment.size.max = 1048576 (custom)
2020-04-25 00:52:19,884 [pool-760-thread-1] INFO  server.RaftServerConfigKeys (ConfUtils.java:logGet(44)) - raft.server.log.segment.cache.num.max = 2 (custom)
2020-04-25 00:52:19,884 [EventQueue-PipelineReportForPipelineReportHandler] INFO  pipeline.PipelineStateManager (PipelineStateManager.java:openPipeline(131)) - Pipeline Pipeline[ Id: e0dec1dd-8ab4-48a2-8ba7-ff9cb1177228, Nodes: f6421666-a5d8-4f0d-9ada-e546d5fd97e1{ip: 172.17.0.2, host: 077b0f5420d0, networkLocation: /default-rack, certSerialId: null}, Type:RATIS, Factor:ONE, State:ALLOCATED, leaderId:f6421666-a5d8-4f0d-9ada-e546d5fd97e1, CreationTimestamp2020-04-25T00:52:16.880Z] moved to OPEN state
2020-04-25 00:52:19,884 [pool-760-thread-1] INFO  segmented.SegmentedRaftLogWorker (SegmentedRaftLogWorker.java:<init>(176)) - new f6421666-a5d8-4f0d-9ada-e546d5fd97e1@group-FF9CB1177228-SegmentedRaftLogWorker for RaftStorage:Storage Directory /github/workspace/mnt/ozone/hadoop-ozone/integration-test/target/test-dir/MiniOzoneClusterImpl-fac2b43d-d0f4-41bd-8b0e-0750bdad7e42/datanode-4/data/ratis/e0dec1dd-8ab4-48a2-8ba7-ff9cb1177228
2020-04-25 00:52:19,884 [EventQueue-OpenPipelineForOneReplicaPipelineSafeModeRule] INFO  safemode.SCMSafeModeManager (SCMSafeModeManager.java:validateSafeModeExitRules(183)) - AtleastOneDatanodeReportedRule rule is successfully validated
2020-04-25 00:52:19,884 [EventQueue-OpenPipelineForHealthyPipelineSafeModeRule] INFO  safemode.SCMSafeModeManager (HealthyPipelineSafeModeRule.java:process(132)) - SCM in safe mode. Healthy pipelines reported count is 0, required healthy pipeline reported count is 1
2020-04-25 00:52:19,885 [pool-760-thread-1] INFO  server.RaftServerConfigKeys (ConfUtils.java:logGet(44)) - raft.server.log.queue.byte-limit = 2147483647 (custom)
2020-04-25 00:52:19,885 [pool-760-thread-1] INFO  server.RaftServerConfigKeys (ConfUtils.java:logGet(44)) - raft.server.log.queue.element-limit = 1024 (custom)
2020-04-25 00:52:19,885 [pool-760-thread-1] INFO  server.RaftServerConfigKeys (ConfUtils.java:logGet(44)) - raft.server.log.segment.size.max = 1048576 (custom)
2020-04-25 00:52:19,885 [pool-760-thread-1] INFO  server.RaftServerConfigKeys (ConfUtils.java:logGet(44)) - raft.server.log.preallocated.size = 16384 (custom)
2020-04-25 00:52:19,885 [pool-760-thread-1] INFO  server.RaftServerConfigKeys (ConfUtils.java:logGet(44)) - raft.server.log.write.buffer.size = 1048576 (custom)
2020-04-25 00:52:19,885 [pool-760-thread-1] INFO  server.RaftServerConfigKeys (ConfUtils.java:logGet(44)) - raft.server.log.force.sync.num = 128 (default)
2020-04-25 00:52:19,885 [pool-760-thread-1] INFO  server.RaftServerConfigKeys (ConfUtils.java:logGet(44)) - raft.server.log.statemachine.data.sync = true (default)
2020-04-25 00:52:19,885 [pool-760-thread-1] INFO  server.RaftServerConfigKeys (ConfUtils.java:logGet(44)) - raft.server.log.statemachine.data.sync.timeout = 10s (default)
2020-04-25 00:52:19,885 [pool-760-thread-1] INFO  server.RaftServerConfigKeys (ConfUtils.java:logGet(44)) - raft.server.log.statemachine.data.sync.timeout.retry = -1 (default)
2020-04-25 00:52:19,886 [pool-760-thread-1] INFO  server.RaftServerConfigKeys (ConfUtils.java:logGet(44)) - raft.server.log.statemachine.data.caching.enabled = true (custom)
2020-04-25 00:52:19,886 [pool-760-thread-1] INFO  segmented.SegmentedRaftLogWorker (SegmentedRaftLogWorker.java:lambda$new$0(129)) - f6421666-a5d8-4f0d-9ada-e546d5fd97e1@group-FF9CB1177228-SegmentedRaftLogWorker: flushIndex: setUnconditionally 0 -> -1
2020-04-25 00:52:19,886 [pool-775-thread-1] INFO  storage.RaftStorage (RaftStorage.java:format(84)) - Storage directory /github/workspace/mnt/ozone/hadoop-ozone/integration-test/target/test-dir/MiniOzoneClusterImpl-fac2b43d-d0f4-41bd-8b0e-0750bdad7e42/datanode-5/data/ratis/590aa6df-e18f-4cb8-b7c3-d671be9eb83e has been successfully formatted.
2020-04-25 00:52:19,887 [pool-760-thread-1] INFO  server.RaftServerConfigKeys (ConfUtils.java:logGet(44)) - raft.server.snapshot.auto.trigger.enabled = true (custom)
2020-04-25 00:52:19,887 [pool-760-thread-1] INFO  server.RaftServerConfigKeys (ConfUtils.java:logGet(44)) - raft.server.snapshot.auto.trigger.threshold = 10000 (custom)
2020-04-25 00:52:19,887 [pool-760-thread-1] INFO  server.RaftServerConfigKeys (ConfUtils.java:logGet(44)) - raft.server.snapshot.retention.file.num = 5 (custom)
2020-04-25 00:52:19,887 [pool-760-thread-1] INFO  server.RaftServerConfigKeys (ConfUtils.java:logGet(44)) - raft.server.retrycache.expirytime = 600000ms (custom)
2020-04-25 00:52:19,887 [pool-760-thread-1] INFO  metrics.RatisMetrics (RatisMetrics.java:lambda$create$0(39)) - Creating Metrics Registry : ratis.leader_election.f6421666-a5d8-4f0d-9ada-e546d5fd97e1@group-FF9CB1177228
2020-04-25 00:52:19,888 [pool-760-thread-1] INFO  metrics.RatisMetrics (RatisMetrics.java:lambda$create$0(39)) - Creating Metrics Registry : ratis.server.f6421666-a5d8-4f0d-9ada-e546d5fd97e1@group-FF9CB1177228
2020-04-25 00:52:19,890 [pool-760-thread-1] INFO  impl.RaftServerImpl (RaftServerImpl.java:start(183)) - f6421666-a5d8-4f0d-9ada-e546d5fd97e1@group-FF9CB1177228: start as a follower, conf=-1: [f6421666-a5d8-4f0d-9ada-e546d5fd97e1:172.17.0.2:40551], old=null
2020-04-25 00:52:19,890 [pool-760-thread-1] INFO  impl.RaftServerImpl (RaftServerImpl.java:setRole(172)) - f6421666-a5d8-4f0d-9ada-e546d5fd97e1@group-FF9CB1177228: changes role from      null to FOLLOWER at term 0 for startAsFollower
2020-04-25 00:52:19,890 [pool-760-thread-1] INFO  impl.RoleInfo (RoleInfo.java:updateAndGet(143)) - f6421666-a5d8-4f0d-9ada-e546d5fd97e1: start FollowerState
2020-04-25 00:52:19,895 [pool-775-thread-1] INFO  ratis.ContainerStateMachine (ContainerStateMachine.java:loadSnapshot(226)) - group-D671BE9EB83E: The snapshot info is null. Setting the last applied indexto:(t:0, i:~)
2020-04-25 00:52:19,896 [pool-775-thread-1] INFO  server.RaftServerConfigKeys (ConfUtils.java:logGet(44)) - raft.server.notification.no-leader.timeout = 60s (default)
2020-04-25 00:52:19,896 [pool-775-thread-1] INFO  server.RaftServerConfigKeys (ConfUtils.java:logGet(44)) - raft.server.log.use.memory = false (default)
2020-04-25 00:52:19,897 [pool-775-thread-1] INFO  server.RaftServerConfigKeys (ConfUtils.java:logGet(44)) - raft.server.log.purge.gap = 1000000 (custom)
2020-04-25 00:52:19,897 [pool-775-thread-1] INFO  server.RaftServerConfigKeys (ConfUtils.java:logGet(44)) - raft.server.log.appender.buffer.byte-limit = 33554432 (custom)
2020-04-25 00:52:19,897 [pool-775-thread-1] INFO  server.RaftServerConfigKeys (ConfUtils.java:logGet(44)) - raft.server.log.segment.size.max = 1048576 (custom)
2020-04-25 00:52:19,897 [pool-775-thread-1] INFO  metrics.RatisMetrics (RatisMetrics.java:lambda$create$0(39)) - Creating Metrics Registry : ratis.log_worker.3cd9ecf8-858f-44dc-b977-29c5822b3976
2020-04-25 00:52:19,897 [pool-775-thread-1] INFO  server.RaftServerConfigKeys (ConfUtils.java:logGet(44)) - raft.server.log.segment.cache.num.max = 2 (custom)
2020-04-25 00:52:19,897 [pool-775-thread-1] INFO  segmented.SegmentedRaftLogWorker (SegmentedRaftLogWorker.java:<init>(176)) - new 3cd9ecf8-858f-44dc-b977-29c5822b3976@group-D671BE9EB83E-SegmentedRaftLogWorker for RaftStorage:Storage Directory /github/workspace/mnt/ozone/hadoop-ozone/integration-test/target/test-dir/MiniOzoneClusterImpl-fac2b43d-d0f4-41bd-8b0e-0750bdad7e42/datanode-5/data/ratis/590aa6df-e18f-4cb8-b7c3-d671be9eb83e
2020-04-25 00:52:19,897 [pool-775-thread-1] INFO  server.RaftServerConfigKeys (ConfUtils.java:logGet(44)) - raft.server.log.queue.byte-limit = 2147483647 (custom)
2020-04-25 00:52:19,897 [pool-775-thread-1] INFO  server.RaftServerConfigKeys (ConfUtils.java:logGet(44)) - raft.server.log.queue.element-limit = 1024 (custom)
2020-04-25 00:52:19,898 [pool-775-thread-1] INFO  server.RaftServerConfigKeys (ConfUtils.java:logGet(44)) - raft.server.log.segment.size.max = 1048576 (custom)
2020-04-25 00:52:19,898 [pool-775-thread-1] INFO  server.RaftServerConfigKeys (ConfUtils.java:logGet(44)) - raft.server.log.preallocated.size = 16384 (custom)
2020-04-25 00:52:19,898 [pool-775-thread-1] INFO  server.RaftServerConfigKeys (ConfUtils.java:logGet(44)) - raft.server.log.write.buffer.size = 1048576 (custom)
2020-04-25 00:52:19,898 [pool-775-thread-1] INFO  server.RaftServerConfigKeys (ConfUtils.java:logGet(44)) - raft.server.log.force.sync.num = 128 (default)
2020-04-25 00:52:19,898 [pool-775-thread-1] INFO  server.RaftServerConfigKeys (ConfUtils.java:logGet(44)) - raft.server.log.statemachine.data.sync = true (default)
2020-04-25 00:52:19,898 [pool-775-thread-1] INFO  server.RaftServerConfigKeys (ConfUtils.java:logGet(44)) - raft.server.log.statemachine.data.sync.timeout = 10s (default)
2020-04-25 00:52:19,898 [pool-775-thread-1] INFO  server.RaftServerConfigKeys (ConfUtils.java:logGet(44)) - raft.server.log.statemachine.data.sync.timeout.retry = -1 (default)
2020-04-25 00:52:19,896 [pool-760-thread-1] INFO  util.JmxRegister (JmxRegister.java:tryRegister(44)) - Successfully registered JMX Bean with object name Ratis:service=RaftServer,group=group-FF9CB1177228,id=f6421666-a5d8-4f0d-9ada-e546d5fd97e1
2020-04-25 00:52:19,899 [pool-760-thread-1] INFO  metrics.RatisMetrics (RatisMetrics.java:lambda$create$0(39)) - Creating Metrics Registry : ratis.state_machine.f6421666-a5d8-4f0d-9ada-e546d5fd97e1@group-FF9CB1177228
2020-04-25 00:52:19,903 [pool-775-thread-1] INFO  server.RaftServerConfigKeys (ConfUtils.java:logGet(44)) - raft.server.log.statemachine.data.caching.enabled = true (custom)
2020-04-25 00:52:19,903 [pool-775-thread-1] INFO  segmented.SegmentedRaftLogWorker (SegmentedRaftLogWorker.java:lambda$new$0(129)) - 3cd9ecf8-858f-44dc-b977-29c5822b3976@group-D671BE9EB83E-SegmentedRaftLogWorker: flushIndex: setUnconditionally 0 -> -1
2020-04-25 00:52:19,903 [Command processor thread] INFO  commandhandler.CreatePipelineCommandHandler (CreatePipelineCommandHandler.java:handle(109)) - Created Pipeline RATIS ONE #id: "e0dec1dd-8ab4-48a2-8ba7-ff9cb1177228"
.
2020-04-25 00:52:19,904 [Command processor thread] INFO  impl.RaftServerProxy (RaftServerProxy.java:addNew(89)) - f6421666-a5d8-4f0d-9ada-e546d5fd97e1: addNew group-7B58BB8F67D6:[f6421666-a5d8-4f0d-9ada-e546d5fd97e1:172.17.0.2:40551, 01d66f6b-871f-49cc-8cf1-f917fde7eb54:172.17.0.2:36377, 3cd9ecf8-858f-44dc-b977-29c5822b3976:172.17.0.2:44085] returns group-7B58BB8F67D6:java.util.concurrent.CompletableFuture@5510edff[Not completed]
2020-04-25 00:52:19,904 [pool-775-thread-1] INFO  server.RaftServerConfigKeys (ConfUtils.java:logGet(44)) - raft.server.snapshot.auto.trigger.enabled = true (custom)
2020-04-25 00:52:19,904 [pool-775-thread-1] INFO  server.RaftServerConfigKeys (ConfUtils.java:logGet(44)) - raft.server.snapshot.auto.trigger.threshold = 10000 (custom)
2020-04-25 00:52:19,904 [pool-775-thread-1] INFO  server.RaftServerConfigKeys (ConfUtils.java:logGet(44)) - raft.server.snapshot.retention.file.num = 5 (custom)
2020-04-25 00:52:19,904 [pool-775-thread-1] INFO  server.RaftServerConfigKeys (ConfUtils.java:logGet(44)) - raft.server.retrycache.expirytime = 600000ms (custom)
2020-04-25 00:52:19,904 [pool-775-thread-1] INFO  metrics.RatisMetrics (RatisMetrics.java:lambda$create$0(39)) - Creating Metrics Registry : ratis.leader_election.3cd9ecf8-858f-44dc-b977-29c5822b3976@group-D671BE9EB83E
2020-04-25 00:52:19,904 [pool-760-thread-1] INFO  impl.RaftServerImpl (RaftServerImpl.java:<init>(97)) - f6421666-a5d8-4f0d-9ada-e546d5fd97e1: new RaftServerImpl for group-7B58BB8F67D6:[f6421666-a5d8-4f0d-9ada-e546d5fd97e1:172.17.0.2:40551, 01d66f6b-871f-49cc-8cf1-f917fde7eb54:172.17.0.2:36377, 3cd9ecf8-858f-44dc-b977-29c5822b3976:172.17.0.2:44085] with ContainerStateMachine:uninitialized
2020-04-25 00:52:19,904 [pool-760-thread-1] INFO  server.RaftServerConfigKeys (ConfUtils.java:logGet(44)) - raft.server.rpc.timeout.min = 5s (custom)
2020-04-25 00:52:19,905 [pool-760-thread-1] INFO  server.RaftServerConfigKeys (ConfUtils.java:logGet(44)) - raft.server.rpc.timeout.max = 5200ms (custom)
2020-04-25 00:52:19,905 [pool-760-thread-1] INFO  server.RaftServerConfigKeys (ConfUtils.java:logGet(44)) - raft.server.rpcslowness.timeout = 300s (custom)
2020-04-25 00:52:19,905 [pool-760-thread-1] INFO  server.RaftServerConfigKeys (ConfUtils.java:logGet(44)) - raft.server.sleep.deviation.threshold = 300 (default)
2020-04-25 00:52:19,905 [pool-760-thread-1] INFO  server.RaftServerConfigKeys (ConfUtils.java:logGet(44)) - raft.server.log.appender.install.snapshot.enabled = false (custom)
2020-04-25 00:52:19,905 [pool-760-thread-1] INFO  impl.RaftServerImpl (ServerState.java:<init>(103)) - f6421666-a5d8-4f0d-9ada-e546d5fd97e1@group-7B58BB8F67D6: ConfigurationManager, init=-1: [f6421666-a5d8-4f0d-9ada-e546d5fd97e1:172.17.0.2:40551, 01d66f6b-871f-49cc-8cf1-f917fde7eb54:172.17.0.2:36377, 3cd9ecf8-858f-44dc-b977-29c5822b3976:172.17.0.2:44085], old=null, confs=<EMPTY_MAP>
2020-04-25 00:52:19,905 [pool-760-thread-1] INFO  server.RaftServerConfigKeys (ConfUtils.java:logGet(44)) - raft.server.storage.dir = [/github/workspace/mnt/ozone/hadoop-ozone/integration-test/target/test-dir/MiniOzoneClusterImpl-fac2b43d-d0f4-41bd-8b0e-0750bdad7e42/datanode-4/data/ratis] (custom)
2020-04-25 00:52:19,905 [pool-775-thread-1] INFO  metrics.RatisMetrics (RatisMetrics.java:lambda$create$0(39)) - Creating Metrics Registry : ratis.server.3cd9ecf8-858f-44dc-b977-29c5822b3976@group-D671BE9EB83E
2020-04-25 00:52:19,905 [pool-760-thread-1] INFO  server.RaftServerConfigKeys (ConfUtils.java:logGet(44)) - raft.server.log.corruption.policy = EXCEPTION (default)
2020-04-25 00:52:19,905 [pool-760-thread-1] INFO  storage.RaftStorageDirectory (RaftStorageDirectory.java:analyzeStorage(253)) - The storage directory /github/workspace/mnt/ozone/hadoop-ozone/integration-test/target/test-dir/MiniOzoneClusterImpl-fac2b43d-d0f4-41bd-8b0e-0750bdad7e42/datanode-4/data/ratis/caf77ddf-b422-4109-976a-7b58bb8f67d6 does not exist. Creating ...
2020-04-25 00:52:19,906 [pool-760-thread-1] INFO  storage.RaftStorageDirectory (RaftStorageDirectory.java:tryLock(335)) - Lock on /github/workspace/mnt/ozone/hadoop-ozone/integration-test/target/test-dir/MiniOzoneClusterImpl-fac2b43d-d0f4-41bd-8b0e-0750bdad7e42/datanode-4/data/ratis/caf77ddf-b422-4109-976a-7b58bb8f67d6/in_use.lock acquired by nodename 10620@077b0f5420d0
2020-04-25 00:52:19,907 [pool-775-thread-1] INFO  impl.RaftServerImpl (RaftServerImpl.java:start(183)) - 3cd9ecf8-858f-44dc-b977-29c5822b3976@group-D671BE9EB83E: start as a follower, conf=-1: [f6421666-a5d8-4f0d-9ada-e546d5fd97e1:172.17.0.2:40551, 01d66f6b-871f-49cc-8cf1-f917fde7eb54:172.17.0.2:36377, 3cd9ecf8-858f-44dc-b977-29c5822b3976:172.17.0.2:44085], old=null
2020-04-25 00:52:19,907 [pool-775-thread-1] INFO  impl.RaftServerImpl (RaftServerImpl.java:setRole(172)) - 3cd9ecf8-858f-44dc-b977-29c5822b3976@group-D671BE9EB83E: changes role from      null to FOLLOWER at term 0 for startAsFollower
2020-04-25 00:52:19,907 [pool-775-thread-1] INFO  impl.RoleInfo (RoleInfo.java:updateAndGet(143)) - 3cd9ecf8-858f-44dc-b977-29c5822b3976: start FollowerState
2020-04-25 00:52:19,907 [pool-775-thread-1] INFO  util.JmxRegister (JmxRegister.java:tryRegister(44)) - Successfully registered JMX Bean with object name Ratis:service=RaftServer,group=group-D671BE9EB83E,id=3cd9ecf8-858f-44dc-b977-29c5822b3976
2020-04-25 00:52:19,908 [pool-775-thread-1] INFO  metrics.RatisMetrics (RatisMetrics.java:lambda$create$0(39)) - Creating Metrics Registry : ratis.state_machine.3cd9ecf8-858f-44dc-b977-29c5822b3976@group-D671BE9EB83E
2020-04-25 00:52:19,909 [pool-760-thread-1] INFO  storage.RaftStorage (RaftStorage.java:format(84)) - Storage directory /github/workspace/mnt/ozone/hadoop-ozone/integration-test/target/test-dir/MiniOzoneClusterImpl-fac2b43d-d0f4-41bd-8b0e-0750bdad7e42/datanode-4/data/ratis/caf77ddf-b422-4109-976a-7b58bb8f67d6 has been successfully formatted.
2020-04-25 00:52:19,915 [pool-760-thread-1] INFO  ratis.ContainerStateMachine (ContainerStateMachine.java:loadSnapshot(226)) - group-7B58BB8F67D6: The snapshot info is null. Setting the last applied indexto:(t:0, i:~)
2020-04-25 00:52:19,915 [pool-760-thread-1] INFO  server.RaftServerConfigKeys (ConfUtils.java:logGet(44)) - raft.server.notification.no-leader.timeout = 60s (default)
2020-04-25 00:52:19,915 [pool-760-thread-1] INFO  server.RaftServerConfigKeys (ConfUtils.java:logGet(44)) - raft.server.log.use.memory = false (default)
2020-04-25 00:52:19,915 [pool-760-thread-1] INFO  server.RaftServerConfigKeys (ConfUtils.java:logGet(44)) - raft.server.log.purge.gap = 1000000 (custom)
2020-04-25 00:52:19,915 [pool-760-thread-1] INFO  server.RaftServerConfigKeys (ConfUtils.java:logGet(44)) - raft.server.log.appender.buffer.byte-limit = 33554432 (custom)
2020-04-25 00:52:19,915 [pool-760-thread-1] INFO  server.RaftServerConfigKeys (ConfUtils.java:logGet(44)) - raft.server.log.segment.size.max = 1048576 (custom)
2020-04-25 00:52:19,915 [pool-760-thread-1] INFO  server.RaftServerConfigKeys (ConfUtils.java:logGet(44)) - raft.server.log.segment.cache.num.max = 2 (custom)
2020-04-25 00:52:19,915 [pool-760-thread-1] INFO  segmented.SegmentedRaftLogWorker (SegmentedRaftLogWorker.java:<init>(176)) - new f6421666-a5d8-4f0d-9ada-e546d5fd97e1@group-7B58BB8F67D6-SegmentedRaftLogWorker for RaftStorage:Storage Directory /github/workspace/mnt/ozone/hadoop-ozone/integration-test/target/test-dir/MiniOzoneClusterImpl-fac2b43d-d0f4-41bd-8b0e-0750bdad7e42/datanode-4/data/ratis/caf77ddf-b422-4109-976a-7b58bb8f67d6
2020-04-25 00:52:19,915 [pool-760-thread-1] INFO  server.RaftServerConfigKeys (ConfUtils.java:logGet(44)) - raft.server.log.queue.byte-limit = 2147483647 (custom)
2020-04-25 00:52:19,915 [pool-760-thread-1] INFO  server.RaftServerConfigKeys (ConfUtils.java:logGet(44)) - raft.server.log.queue.element-limit = 1024 (custom)
2020-04-25 00:52:19,916 [pool-760-thread-1] INFO  server.RaftServerConfigKeys (ConfUtils.java:logGet(44)) - raft.server.log.segment.size.max = 1048576 (custom)
2020-04-25 00:52:19,916 [pool-760-thread-1] INFO  server.RaftServerConfigKeys (ConfUtils.java:logGet(44)) - raft.server.log.preallocated.size = 16384 (custom)
2020-04-25 00:52:19,916 [pool-760-thread-1] INFO  server.RaftServerConfigKeys (ConfUtils.java:logGet(44)) - raft.server.log.write.buffer.size = 1048576 (custom)
2020-04-25 00:52:19,916 [pool-760-thread-1] INFO  server.RaftServerConfigKeys (ConfUtils.java:logGet(44)) - raft.server.log.force.sync.num = 128 (default)
2020-04-25 00:52:19,916 [pool-760-thread-1] INFO  server.RaftServerConfigKeys (ConfUtils.java:logGet(44)) - raft.server.log.statemachine.data.sync = true (default)
2020-04-25 00:52:19,916 [pool-760-thread-1] INFO  server.RaftServerConfigKeys (ConfUtils.java:logGet(44)) - raft.server.log.statemachine.data.sync.timeout = 10s (default)
2020-04-25 00:52:19,916 [pool-760-thread-1] INFO  server.RaftServerConfigKeys (ConfUtils.java:logGet(44)) - raft.server.log.statemachine.data.sync.timeout.retry = -1 (default)
2020-04-25 00:52:19,917 [pool-760-thread-1] INFO  server.RaftServerConfigKeys (ConfUtils.java:logGet(44)) - raft.server.log.statemachine.data.caching.enabled = true (custom)
2020-04-25 00:52:19,917 [pool-760-thread-1] INFO  segmented.SegmentedRaftLogWorker (SegmentedRaftLogWorker.java:lambda$new$0(129)) - f6421666-a5d8-4f0d-9ada-e546d5fd97e1@group-7B58BB8F67D6-SegmentedRaftLogWorker: flushIndex: setUnconditionally 0 -> -1
2020-04-25 00:52:19,917 [pool-760-thread-1] INFO  server.RaftServerConfigKeys (ConfUtils.java:logGet(44)) - raft.server.snapshot.auto.trigger.enabled = true (custom)
2020-04-25 00:52:19,917 [pool-760-thread-1] INFO  server.RaftServerConfigKeys (ConfUtils.java:logGet(44)) - raft.server.snapshot.auto.trigger.threshold = 10000 (custom)
2020-04-25 00:52:19,917 [pool-760-thread-1] INFO  server.RaftServerConfigKeys (ConfUtils.java:logGet(44)) - raft.server.snapshot.retention.file.num = 5 (custom)
2020-04-25 00:52:19,917 [pool-760-thread-1] INFO  server.RaftServerConfigKeys (ConfUtils.java:logGet(44)) - raft.server.retrycache.expirytime = 600000ms (custom)
2020-04-25 00:52:19,918 [pool-760-thread-1] INFO  metrics.RatisMetrics (RatisMetrics.java:lambda$create$0(39)) - Creating Metrics Registry : ratis.leader_election.f6421666-a5d8-4f0d-9ada-e546d5fd97e1@group-7B58BB8F67D6
2020-04-25 00:52:19,920 [Command processor thread] INFO  commandhandler.CreatePipelineCommandHandler (CreatePipelineCommandHandler.java:handle(109)) - Created Pipeline RATIS THREE #id: "590aa6df-e18f-4cb8-b7c3-d671be9eb83e"
.
2020-04-25 00:52:19,920 [Command processor thread] INFO  impl.RaftServerProxy (RaftServerProxy.java:addNew(89)) - 01d66f6b-871f-49cc-8cf1-f917fde7eb54: addNew group-7B58BB8F67D6:[f6421666-a5d8-4f0d-9ada-e546d5fd97e1:172.17.0.2:40551, 01d66f6b-871f-49cc-8cf1-f917fde7eb54:172.17.0.2:36377, 3cd9ecf8-858f-44dc-b977-29c5822b3976:172.17.0.2:44085] returns group-7B58BB8F67D6:java.util.concurrent.CompletableFuture@35ef33ad[Not completed]
2020-04-25 00:52:19,921 [pool-745-thread-1] INFO  impl.RaftServerImpl (RaftServerImpl.java:<init>(97)) - 01d66f6b-871f-49cc-8cf1-f917fde7eb54: new RaftServerImpl for group-7B58BB8F67D6:[f6421666-a5d8-4f0d-9ada-e546d5fd97e1:172.17.0.2:40551, 01d66f6b-871f-49cc-8cf1-f917fde7eb54:172.17.0.2:36377, 3cd9ecf8-858f-44dc-b977-29c5822b3976:172.17.0.2:44085] with ContainerStateMachine:uninitialized
2020-04-25 00:52:19,921 [pool-745-thread-1] INFO  server.RaftServerConfigKeys (ConfUtils.java:logGet(44)) - raft.server.rpc.timeout.min = 5s (custom)
2020-04-25 00:52:19,921 [pool-745-thread-1] INFO  server.RaftServerConfigKeys (ConfUtils.java:logGet(44)) - raft.server.rpc.timeout.max = 5200ms (custom)
2020-04-25 00:52:19,921 [pool-745-thread-1] INFO  server.RaftServerConfigKeys (ConfUtils.java:logGet(44)) - raft.server.rpcslowness.timeout = 300s (custom)
2020-04-25 00:52:19,921 [pool-745-thread-1] INFO  server.RaftServerConfigKeys (ConfUtils.java:logGet(44)) - raft.server.sleep.deviation.threshold = 300 (default)
2020-04-25 00:52:19,921 [pool-745-thread-1] INFO  server.RaftServerConfigKeys (ConfUtils.java:logGet(44)) - raft.server.log.appender.install.snapshot.enabled = false (custom)
2020-04-25 00:52:19,921 [pool-745-thread-1] INFO  impl.RaftServerImpl (ServerState.java:<init>(103)) - 01d66f6b-871f-49cc-8cf1-f917fde7eb54@group-7B58BB8F67D6: ConfigurationManager, init=-1: [f6421666-a5d8-4f0d-9ada-e546d5fd97e1:172.17.0.2:40551, 01d66f6b-871f-49cc-8cf1-f917fde7eb54:172.17.0.2:36377, 3cd9ecf8-858f-44dc-b977-29c5822b3976:172.17.0.2:44085], old=null, confs=<EMPTY_MAP>
2020-04-25 00:52:19,921 [pool-745-thread-1] INFO  server.RaftServerConfigKeys (ConfUtils.java:logGet(44)) - raft.server.storage.dir = [/github/workspace/mnt/ozone/hadoop-ozone/integration-test/target/test-dir/MiniOzoneClusterImpl-fac2b43d-d0f4-41bd-8b0e-0750bdad7e42/datanode-3/data/ratis] (custom)
2020-04-25 00:52:19,921 [pool-745-thread-1] INFO  server.RaftServerConfigKeys (ConfUtils.java:logGet(44)) - raft.server.log.corruption.policy = EXCEPTION (default)
2020-04-25 00:52:19,921 [pool-745-thread-1] INFO  storage.RaftStorageDirectory (RaftStorageDirectory.java:analyzeStorage(253)) - The storage directory /github/workspace/mnt/ozone/hadoop-ozone/integration-test/target/test-dir/MiniOzoneClusterImpl-fac2b43d-d0f4-41bd-8b0e-0750bdad7e42/datanode-3/data/ratis/caf77ddf-b422-4109-976a-7b58bb8f67d6 does not exist. Creating ...
2020-04-25 00:52:19,922 [pool-745-thread-1] INFO  storage.RaftStorageDirectory (RaftStorageDirectory.java:tryLock(335)) - Lock on /github/workspace/mnt/ozone/hadoop-ozone/integration-test/target/test-dir/MiniOzoneClusterImpl-fac2b43d-d0f4-41bd-8b0e-0750bdad7e42/datanode-3/data/ratis/caf77ddf-b422-4109-976a-7b58bb8f67d6/in_use.lock acquired by nodename 10620@077b0f5420d0
2020-04-25 00:52:19,923 [pool-745-thread-1] INFO  storage.RaftStorage (RaftStorage.java:format(84)) - Storage directory /github/workspace/mnt/ozone/hadoop-ozone/integration-test/target/test-dir/MiniOzoneClusterImpl-fac2b43d-d0f4-41bd-8b0e-0750bdad7e42/datanode-3/data/ratis/caf77ddf-b422-4109-976a-7b58bb8f67d6 has been successfully formatted.
2020-04-25 00:52:19,921 [pool-760-thread-1] INFO  metrics.RatisMetrics (RatisMetrics.java:lambda$create$0(39)) - Creating Metrics Registry : ratis.server.f6421666-a5d8-4f0d-9ada-e546d5fd97e1@group-7B58BB8F67D6
2020-04-25 00:52:19,924 [pool-745-thread-1] INFO  ratis.ContainerStateMachine (ContainerStateMachine.java:loadSnapshot(226)) - group-7B58BB8F67D6: The snapshot info is null. Setting the last applied indexto:(t:0, i:~)
2020-04-25 00:52:19,929 [pool-745-thread-1] INFO  server.RaftServerConfigKeys (ConfUtils.java:logGet(44)) - raft.server.notification.no-leader.timeout = 60s (default)
2020-04-25 00:52:19,929 [pool-745-thread-1] INFO  server.RaftServerConfigKeys (ConfUtils.java:logGet(44)) - raft.server.log.use.memory = false (default)
2020-04-25 00:52:19,929 [pool-745-thread-1] INFO  server.RaftServerConfigKeys (ConfUtils.java:logGet(44)) - raft.server.log.purge.gap = 1000000 (custom)
2020-04-25 00:52:19,929 [pool-745-thread-1] INFO  server.RaftServerConfigKeys (ConfUtils.java:logGet(44)) - raft.server.log.appender.buffer.byte-limit = 33554432 (custom)
2020-04-25 00:52:19,929 [pool-745-thread-1] INFO  server.RaftServerConfigKeys (ConfUtils.java:logGet(44)) - raft.server.log.segment.size.max = 1048576 (custom)
2020-04-25 00:52:19,929 [pool-745-thread-1] INFO  server.RaftServerConfigKeys (ConfUtils.java:logGet(44)) - raft.server.log.segment.cache.num.max = 2 (custom)
2020-04-25 00:52:19,929 [pool-745-thread-1] INFO  segmented.SegmentedRaftLogWorker (SegmentedRaftLogWorker.java:<init>(176)) - new 01d66f6b-871f-49cc-8cf1-f917fde7eb54@group-7B58BB8F67D6-SegmentedRaftLogWorker for RaftStorage:Storage Directory /github/workspace/mnt/ozone/hadoop-ozone/integration-test/target/test-dir/MiniOzoneClusterImpl-fac2b43d-d0f4-41bd-8b0e-0750bdad7e42/datanode-3/data/ratis/caf77ddf-b422-4109-976a-7b58bb8f67d6
2020-04-25 00:52:19,929 [pool-745-thread-1] INFO  server.RaftServerConfigKeys (ConfUtils.java:logGet(44)) - raft.server.log.queue.byte-limit = 2147483647 (custom)
2020-04-25 00:52:19,929 [pool-745-thread-1] INFO  server.RaftServerConfigKeys (ConfUtils.java:logGet(44)) - raft.server.log.queue.element-limit = 1024 (custom)
2020-04-25 00:52:19,929 [pool-745-thread-1] INFO  server.RaftServerConfigKeys (ConfUtils.java:logGet(44)) - raft.server.log.segment.size.max = 1048576 (custom)
2020-04-25 00:52:19,930 [pool-745-thread-1] INFO  server.RaftServerConfigKeys (ConfUtils.java:logGet(44)) - raft.server.log.preallocated.size = 16384 (custom)
2020-04-25 00:52:19,930 [pool-745-thread-1] INFO  server.RaftServerConfigKeys (ConfUtils.java:logGet(44)) - raft.server.log.write.buffer.size = 1048576 (custom)
2020-04-25 00:52:19,930 [pool-745-thread-1] INFO  server.RaftServerConfigKeys (ConfUtils.java:logGet(44)) - raft.server.log.force.sync.num = 128 (default)
2020-04-25 00:52:19,930 [pool-745-thread-1] INFO  server.RaftServerConfigKeys (ConfUtils.java:logGet(44)) - raft.server.log.statemachine.data.sync = true (default)
2020-04-25 00:52:19,930 [pool-745-thread-1] INFO  server.RaftServerConfigKeys (ConfUtils.java:logGet(44)) - raft.server.log.statemachine.data.sync.timeout = 10s (default)
2020-04-25 00:52:19,930 [pool-745-thread-1] INFO  server.RaftServerConfigKeys (ConfUtils.java:logGet(44)) - raft.server.log.statemachine.data.sync.timeout.retry = -1 (default)
2020-04-25 00:52:19,930 [pool-760-thread-1] INFO  impl.RaftServerImpl (RaftServerImpl.java:start(183)) - f6421666-a5d8-4f0d-9ada-e546d5fd97e1@group-7B58BB8F67D6: start as a follower, conf=-1: [f6421666-a5d8-4f0d-9ada-e546d5fd97e1:172.17.0.2:40551, 01d66f6b-871f-49cc-8cf1-f917fde7eb54:172.17.0.2:36377, 3cd9ecf8-858f-44dc-b977-29c5822b3976:172.17.0.2:44085], old=null
2020-04-25 00:52:19,930 [pool-760-thread-1] INFO  impl.RaftServerImpl (RaftServerImpl.java:setRole(172)) - f6421666-a5d8-4f0d-9ada-e546d5fd97e1@group-7B58BB8F67D6: changes role from      null to FOLLOWER at term 0 for startAsFollower
2020-04-25 00:52:19,930 [pool-760-thread-1] INFO  impl.RoleInfo (RoleInfo.java:updateAndGet(143)) - f6421666-a5d8-4f0d-9ada-e546d5fd97e1: start FollowerState
2020-04-25 00:52:19,931 [pool-760-thread-1] INFO  util.JmxRegister (JmxRegister.java:tryRegister(44)) - Successfully registered JMX Bean with object name Ratis:service=RaftServer,group=group-7B58BB8F67D6,id=f6421666-a5d8-4f0d-9ada-e546d5fd97e1
2020-04-25 00:52:19,931 [pool-760-thread-1] INFO  metrics.RatisMetrics (RatisMetrics.java:lambda$create$0(39)) - Creating Metrics Registry : ratis.state_machine.f6421666-a5d8-4f0d-9ada-e546d5fd97e1@group-7B58BB8F67D6
2020-04-25 00:52:19,931 [pool-745-thread-1] INFO  server.RaftServerConfigKeys (ConfUtils.java:logGet(44)) - raft.server.log.statemachine.data.caching.enabled = true (custom)
2020-04-25 00:52:19,931 [pool-745-thread-1] INFO  segmented.SegmentedRaftLogWorker (SegmentedRaftLogWorker.java:lambda$new$0(129)) - 01d66f6b-871f-49cc-8cf1-f917fde7eb54@group-7B58BB8F67D6-SegmentedRaftLogWorker: flushIndex: setUnconditionally 0 -> -1
2020-04-25 00:52:19,932 [pool-745-thread-1] INFO  server.RaftServerConfigKeys (ConfUtils.java:logGet(44)) - raft.server.snapshot.auto.trigger.enabled = true (custom)
2020-04-25 00:52:19,932 [pool-745-thread-1] INFO  server.RaftServerConfigKeys (ConfUtils.java:logGet(44)) - raft.server.snapshot.auto.trigger.threshold = 10000 (custom)
2020-04-25 00:52:19,932 [pool-745-thread-1] INFO  server.RaftServerConfigKeys (ConfUtils.java:logGet(44)) - raft.server.snapshot.retention.file.num = 5 (custom)
2020-04-25 00:52:19,932 [pool-745-thread-1] INFO  server.RaftServerConfigKeys (ConfUtils.java:logGet(44)) - raft.server.retrycache.expirytime = 600000ms (custom)
2020-04-25 00:52:19,936 [pool-745-thread-1] INFO  metrics.RatisMetrics (RatisMetrics.java:lambda$create$0(39)) - Creating Metrics Registry : ratis.leader_election.01d66f6b-871f-49cc-8cf1-f917fde7eb54@group-7B58BB8F67D6
2020-04-25 00:52:19,937 [pool-745-thread-1] INFO  metrics.RatisMetrics (RatisMetrics.java:lambda$create$0(39)) - Creating Metrics Registry : ratis.server.01d66f6b-871f-49cc-8cf1-f917fde7eb54@group-7B58BB8F67D6
2020-04-25 00:52:19,938 [pool-745-thread-1] INFO  impl.RaftServerImpl (RaftServerImpl.java:start(183)) - 01d66f6b-871f-49cc-8cf1-f917fde7eb54@group-7B58BB8F67D6: start as a follower, conf=-1: [f6421666-a5d8-4f0d-9ada-e546d5fd97e1:172.17.0.2:40551, 01d66f6b-871f-49cc-8cf1-f917fde7eb54:172.17.0.2:36377, 3cd9ecf8-858f-44dc-b977-29c5822b3976:172.17.0.2:44085], old=null
2020-04-25 00:52:19,939 [pool-745-thread-1] INFO  impl.RaftServerImpl (RaftServerImpl.java:setRole(172)) - 01d66f6b-871f-49cc-8cf1-f917fde7eb54@group-7B58BB8F67D6: changes role from      null to FOLLOWER at term 0 for startAsFollower
2020-04-25 00:52:19,939 [pool-745-thread-1] INFO  impl.RoleInfo (RoleInfo.java:updateAndGet(143)) - 01d66f6b-871f-49cc-8cf1-f917fde7eb54: start FollowerState
2020-04-25 00:52:19,941 [pool-745-thread-1] INFO  util.JmxRegister (JmxRegister.java:tryRegister(44)) - Successfully registered JMX Bean with object name Ratis:service=RaftServer,group=group-7B58BB8F67D6,id=01d66f6b-871f-49cc-8cf1-f917fde7eb54
2020-04-25 00:52:19,941 [pool-745-thread-1] INFO  metrics.RatisMetrics (RatisMetrics.java:lambda$create$0(39)) - Creating Metrics Registry : ratis.state_machine.01d66f6b-871f-49cc-8cf1-f917fde7eb54@group-7B58BB8F67D6
2020-04-25 00:52:19,954 [Command processor thread] INFO  impl.RaftServerProxy (RaftServerProxy.java:addNew(89)) - 3cd9ecf8-858f-44dc-b977-29c5822b3976: addNew group-33C48084FCC9:[3cd9ecf8-858f-44dc-b977-29c5822b3976:172.17.0.2:44085] returns group-33C48084FCC9:java.util.concurrent.CompletableFuture@600158b7[Not completed]
2020-04-25 00:52:19,956 [pool-775-thread-1] INFO  impl.RaftServerImpl (RaftServerImpl.java:<init>(97)) - 3cd9ecf8-858f-44dc-b977-29c5822b3976: new RaftServerImpl for group-33C48084FCC9:[3cd9ecf8-858f-44dc-b977-29c5822b3976:172.17.0.2:44085] with ContainerStateMachine:uninitialized
2020-04-25 00:52:19,956 [pool-775-thread-1] INFO  server.RaftServerConfigKeys (ConfUtils.java:logGet(44)) - raft.server.rpc.timeout.min = 5s (custom)
2020-04-25 00:52:19,956 [pool-775-thread-1] INFO  server.RaftServerConfigKeys (ConfUtils.java:logGet(44)) - raft.server.rpc.timeout.max = 5200ms (custom)
2020-04-25 00:52:19,956 [pool-775-thread-1] INFO  server.RaftServerConfigKeys (ConfUtils.java:logGet(44)) - raft.server.rpcslowness.timeout = 300s (custom)
2020-04-25 00:52:19,956 [pool-775-thread-1] INFO  server.RaftServerConfigKeys (ConfUtils.java:logGet(44)) - raft.server.sleep.deviation.threshold = 300 (default)
2020-04-25 00:52:19,956 [pool-775-thread-1] INFO  server.RaftServerConfigKeys (ConfUtils.java:logGet(44)) - raft.server.log.appender.install.snapshot.enabled = false (custom)
2020-04-25 00:52:19,956 [pool-775-thread-1] INFO  impl.RaftServerImpl (ServerState.java:<init>(103)) - 3cd9ecf8-858f-44dc-b977-29c5822b3976@group-33C48084FCC9: ConfigurationManager, init=-1: [3cd9ecf8-858f-44dc-b977-29c5822b3976:172.17.0.2:44085], old=null, confs=<EMPTY_MAP>
2020-04-25 00:52:19,956 [pool-775-thread-1] INFO  server.RaftServerConfigKeys (ConfUtils.java:logGet(44)) - raft.server.storage.dir = [/github/workspace/mnt/ozone/hadoop-ozone/integration-test/target/test-dir/MiniOzoneClusterImpl-fac2b43d-d0f4-41bd-8b0e-0750bdad7e42/datanode-5/data/ratis] (custom)
2020-04-25 00:52:19,956 [pool-775-thread-1] INFO  server.RaftServerConfigKeys (ConfUtils.java:logGet(44)) - raft.server.log.corruption.policy = EXCEPTION (default)
2020-04-25 00:52:19,956 [pool-775-thread-1] INFO  storage.RaftStorageDirectory (RaftStorageDirectory.java:analyzeStorage(253)) - The storage directory /github/workspace/mnt/ozone/hadoop-ozone/integration-test/target/test-dir/MiniOzoneClusterImpl-fac2b43d-d0f4-41bd-8b0e-0750bdad7e42/datanode-5/data/ratis/d4ea869c-362b-4805-919d-33c48084fcc9 does not exist. Creating ...
2020-04-25 00:52:19,958 [pool-775-thread-1] INFO  storage.RaftStorageDirectory (RaftStorageDirectory.java:tryLock(335)) - Lock on /github/workspace/mnt/ozone/hadoop-ozone/integration-test/target/test-dir/MiniOzoneClusterImpl-fac2b43d-d0f4-41bd-8b0e-0750bdad7e42/datanode-5/data/ratis/d4ea869c-362b-4805-919d-33c48084fcc9/in_use.lock acquired by nodename 10620@077b0f5420d0
2020-04-25 00:52:19,959 [pool-775-thread-1] INFO  storage.RaftStorage (RaftStorage.java:format(84)) - Storage directory /github/workspace/mnt/ozone/hadoop-ozone/integration-test/target/test-dir/MiniOzoneClusterImpl-fac2b43d-d0f4-41bd-8b0e-0750bdad7e42/datanode-5/data/ratis/d4ea869c-362b-4805-919d-33c48084fcc9 has been successfully formatted.
2020-04-25 00:52:19,959 [pool-775-thread-1] INFO  ratis.ContainerStateMachine (ContainerStateMachine.java:loadSnapshot(226)) - group-33C48084FCC9: The snapshot info is null. Setting the last applied indexto:(t:0, i:~)
2020-04-25 00:52:19,959 [pool-775-thread-1] INFO  server.RaftServerConfigKeys (ConfUtils.java:logGet(44)) - raft.server.notification.no-leader.timeout = 60s (default)
2020-04-25 00:52:19,959 [pool-775-thread-1] INFO  server.RaftServerConfigKeys (ConfUtils.java:logGet(44)) - raft.server.log.use.memory = false (default)
2020-04-25 00:52:19,959 [pool-775-thread-1] INFO  server.RaftServerConfigKeys (ConfUtils.java:logGet(44)) - raft.server.log.purge.gap = 1000000 (custom)
2020-04-25 00:52:19,959 [pool-775-thread-1] INFO  server.RaftServerConfigKeys (ConfUtils.java:logGet(44)) - raft.server.log.appender.buffer.byte-limit = 33554432 (custom)
2020-04-25 00:52:19,960 [pool-775-thread-1] INFO  server.RaftServerConfigKeys (ConfUtils.java:logGet(44)) - raft.server.log.segment.size.max = 1048576 (custom)
2020-04-25 00:52:19,960 [pool-775-thread-1] INFO  server.RaftServerConfigKeys (ConfUtils.java:logGet(44)) - raft.server.log.segment.cache.num.max = 2 (custom)
2020-04-25 00:52:19,960 [pool-775-thread-1] INFO  segmented.SegmentedRaftLogWorker (SegmentedRaftLogWorker.java:<init>(176)) - new 3cd9ecf8-858f-44dc-b977-29c5822b3976@group-33C48084FCC9-SegmentedRaftLogWorker for RaftStorage:Storage Directory /github/workspace/mnt/ozone/hadoop-ozone/integration-test/target/test-dir/MiniOzoneClusterImpl-fac2b43d-d0f4-41bd-8b0e-0750bdad7e42/datanode-5/data/ratis/d4ea869c-362b-4805-919d-33c48084fcc9
2020-04-25 00:52:19,960 [pool-775-thread-1] INFO  server.RaftServerConfigKeys (ConfUtils.java:logGet(44)) - raft.server.log.queue.byte-limit = 2147483647 (custom)
2020-04-25 00:52:19,960 [pool-775-thread-1] INFO  server.RaftServerConfigKeys (ConfUtils.java:logGet(44)) - raft.server.log.queue.element-limit = 1024 (custom)
2020-04-25 00:52:19,960 [pool-775-thread-1] INFO  server.RaftServerConfigKeys (ConfUtils.java:logGet(44)) - raft.server.log.segment.size.max = 1048576 (custom)
2020-04-25 00:52:19,960 [pool-775-thread-1] INFO  server.RaftServerConfigKeys (ConfUtils.java:logGet(44)) - raft.server.log.preallocated.size = 16384 (custom)
2020-04-25 00:52:19,960 [pool-775-thread-1] INFO  server.RaftServerConfigKeys (ConfUtils.java:logGet(44)) - raft.server.log.write.buffer.size = 1048576 (custom)
2020-04-25 00:52:19,960 [pool-775-thread-1] INFO  server.RaftServerConfigKeys (ConfUtils.java:logGet(44)) - raft.server.log.force.sync.num = 128 (default)
2020-04-25 00:52:19,960 [pool-775-thread-1] INFO  server.RaftServerConfigKeys (ConfUtils.java:logGet(44)) - raft.server.log.statemachine.data.sync = true (default)
2020-04-25 00:52:19,960 [pool-775-thread-1] INFO  server.RaftServerConfigKeys (ConfUtils.java:logGet(44)) - raft.server.log.statemachine.data.sync.timeout = 10s (default)
2020-04-25 00:52:19,960 [pool-775-thread-1] INFO  server.RaftServerConfigKeys (ConfUtils.java:logGet(44)) - raft.server.log.statemachine.data.sync.timeout.retry = -1 (default)
2020-04-25 00:52:19,961 [EventQueue-PipelineReportForPipelineReportHandler] INFO  pipeline.PipelineStateManager (PipelineStateManager.java:openPipeline(131)) - Pipeline Pipeline[ Id: d4ea869c-362b-4805-919d-33c48084fcc9, Nodes: 3cd9ecf8-858f-44dc-b977-29c5822b3976{ip: 172.17.0.2, host: 077b0f5420d0, networkLocation: /default-rack, certSerialId: null}, Type:RATIS, Factor:ONE, State:ALLOCATED, leaderId:3cd9ecf8-858f-44dc-b977-29c5822b3976, CreationTimestamp2020-04-25T00:52:16.955Z] moved to OPEN state
2020-04-25 00:52:19,961 [EventQueue-OpenPipelineForOneReplicaPipelineSafeModeRule] INFO  safemode.SCMSafeModeManager (SCMSafeModeManager.java:validateSafeModeExitRules(183)) - AtleastOneDatanodeReportedRule rule is successfully validated
2020-04-25 00:52:19,961 [EventQueue-OpenPipelineForHealthyPipelineSafeModeRule] INFO  safemode.SCMSafeModeManager (HealthyPipelineSafeModeRule.java:process(132)) - SCM in safe mode. Healthy pipelines reported count is 0, required healthy pipeline reported count is 1
2020-04-25 00:52:19,961 [pool-775-thread-1] INFO  server.RaftServerConfigKeys (ConfUtils.java:logGet(44)) - raft.server.log.statemachine.data.caching.enabled = true (custom)
2020-04-25 00:52:19,968 [pool-775-thread-1] INFO  segmented.SegmentedRaftLogWorker (SegmentedRaftLogWorker.java:lambda$new$0(129)) - 3cd9ecf8-858f-44dc-b977-29c5822b3976@group-33C48084FCC9-SegmentedRaftLogWorker: flushIndex: setUnconditionally 0 -> -1
2020-04-25 00:52:19,968 [grpc-default-executor-3] INFO  impl.RaftServerProxy (RaftServerProxy.java:addNew(89)) - 3cd9ecf8-858f-44dc-b977-29c5822b3976: addNew group-7B58BB8F67D6:[f6421666-a5d8-4f0d-9ada-e546d5fd97e1:172.17.0.2:40551, 01d66f6b-871f-49cc-8cf1-f917fde7eb54:172.17.0.2:36377, 3cd9ecf8-858f-44dc-b977-29c5822b3976:172.17.0.2:44085] returns group-7B58BB8F67D6:java.util.concurrent.CompletableFuture@3a33b133[Not completed]
2020-04-25 00:52:19,970 [pool-775-thread-1] INFO  server.RaftServerConfigKeys (ConfUtils.java:logGet(44)) - raft.server.snapshot.auto.trigger.enabled = true (custom)
2020-04-25 00:52:19,970 [pool-775-thread-1] INFO  server.RaftServerConfigKeys (ConfUtils.java:logGet(44)) - raft.server.snapshot.auto.trigger.threshold = 10000 (custom)
2020-04-25 00:52:19,970 [pool-775-thread-1] INFO  server.RaftServerConfigKeys (ConfUtils.java:logGet(44)) - raft.server.snapshot.retention.file.num = 5 (custom)
2020-04-25 00:52:19,970 [pool-775-thread-1] INFO  server.RaftServerConfigKeys (ConfUtils.java:logGet(44)) - raft.server.retrycache.expirytime = 600000ms (custom)
2020-04-25 00:52:19,972 [pool-775-thread-1] INFO  metrics.RatisMetrics (RatisMetrics.java:lambda$create$0(39)) - Creating Metrics Registry : ratis.leader_election.3cd9ecf8-858f-44dc-b977-29c5822b3976@group-33C48084FCC9
2020-04-25 00:52:19,973 [pool-775-thread-1] INFO  metrics.RatisMetrics (RatisMetrics.java:lambda$create$0(39)) - Creating Metrics Registry : ratis.server.3cd9ecf8-858f-44dc-b977-29c5822b3976@group-33C48084FCC9
2020-04-25 00:52:19,980 [Command processor thread] INFO  commandhandler.CreatePipelineCommandHandler (CreatePipelineCommandHandler.java:handle(109)) - Created Pipeline RATIS THREE #id: "caf77ddf-b422-4109-976a-7b58bb8f67d6"
.
2020-04-25 00:52:19,985 [pool-775-thread-1] INFO  impl.RaftServerImpl (RaftServerImpl.java:<init>(97)) - 3cd9ecf8-858f-44dc-b977-29c5822b3976: new RaftServerImpl for group-7B58BB8F67D6:[f6421666-a5d8-4f0d-9ada-e546d5fd97e1:172.17.0.2:40551, 01d66f6b-871f-49cc-8cf1-f917fde7eb54:172.17.0.2:36377, 3cd9ecf8-858f-44dc-b977-29c5822b3976:172.17.0.2:44085] with ContainerStateMachine:uninitialized
2020-04-25 00:52:19,985 [pool-775-thread-1] INFO  server.RaftServerConfigKeys (ConfUtils.java:logGet(44)) - raft.server.rpc.timeout.min = 5s (custom)
2020-04-25 00:52:19,985 [pool-775-thread-1] INFO  server.RaftServerConfigKeys (ConfUtils.java:logGet(44)) - raft.server.rpc.timeout.max = 5200ms (custom)
2020-04-25 00:52:19,985 [pool-775-thread-1] INFO  server.RaftServerConfigKeys (ConfUtils.java:logGet(44)) - raft.server.rpcslowness.timeout = 300s (custom)
2020-04-25 00:52:19,985 [pool-775-thread-1] INFO  server.RaftServerConfigKeys (ConfUtils.java:logGet(44)) - raft.server.sleep.deviation.threshold = 300 (default)
2020-04-25 00:52:19,985 [pool-775-thread-1] INFO  server.RaftServerConfigKeys (ConfUtils.java:logGet(44)) - raft.server.log.appender.install.snapshot.enabled = false (custom)
2020-04-25 00:52:19,985 [pool-775-thread-1] INFO  impl.RaftServerImpl (ServerState.java:<init>(103)) - 3cd9ecf8-858f-44dc-b977-29c5822b3976@group-7B58BB8F67D6: ConfigurationManager, init=-1: [f6421666-a5d8-4f0d-9ada-e546d5fd97e1:172.17.0.2:40551, 01d66f6b-871f-49cc-8cf1-f917fde7eb54:172.17.0.2:36377, 3cd9ecf8-858f-44dc-b977-29c5822b3976:172.17.0.2:44085], old=null, confs=<EMPTY_MAP>
2020-04-25 00:52:19,986 [pool-775-thread-1] INFO  server.RaftServerConfigKeys (ConfUtils.java:logGet(44)) - raft.server.storage.dir = [/github/workspace/mnt/ozone/hadoop-ozone/integration-test/target/test-dir/MiniOzoneClusterImpl-fac2b43d-d0f4-41bd-8b0e-0750bdad7e42/datanode-5/data/ratis] (custom)
2020-04-25 00:52:19,986 [pool-775-thread-1] INFO  server.RaftServerConfigKeys (ConfUtils.java:logGet(44)) - raft.server.log.corruption.policy = EXCEPTION (default)
2020-04-25 00:52:19,986 [pool-775-thread-1] INFO  storage.RaftStorageDirectory (RaftStorageDirectory.java:analyzeStorage(253)) - The storage directory /github/workspace/mnt/ozone/hadoop-ozone/integration-test/target/test-dir/MiniOzoneClusterImpl-fac2b43d-d0f4-41bd-8b0e-0750bdad7e42/datanode-5/data/ratis/caf77ddf-b422-4109-976a-7b58bb8f67d6 does not exist. Creating ...
2020-04-25 00:52:19,987 [pool-775-thread-1] INFO  storage.RaftStorageDirectory (RaftStorageDirectory.java:tryLock(335)) - Lock on /github/workspace/mnt/ozone/hadoop-ozone/integration-test/target/test-dir/MiniOzoneClusterImpl-fac2b43d-d0f4-41bd-8b0e-0750bdad7e42/datanode-5/data/ratis/caf77ddf-b422-4109-976a-7b58bb8f67d6/in_use.lock acquired by nodename 10620@077b0f5420d0
2020-04-25 00:52:19,988 [pool-775-thread-1] INFO  storage.RaftStorage (RaftStorage.java:format(84)) - Storage directory /github/workspace/mnt/ozone/hadoop-ozone/integration-test/target/test-dir/MiniOzoneClusterImpl-fac2b43d-d0f4-41bd-8b0e-0750bdad7e42/datanode-5/data/ratis/caf77ddf-b422-4109-976a-7b58bb8f67d6 has been successfully formatted.
2020-04-25 00:52:19,988 [pool-775-thread-1] INFO  ratis.ContainerStateMachine (ContainerStateMachine.java:loadSnapshot(226)) - group-7B58BB8F67D6: The snapshot info is null. Setting the last applied indexto:(t:0, i:~)
2020-04-25 00:52:19,988 [pool-775-thread-1] INFO  server.RaftServerConfigKeys (ConfUtils.java:logGet(44)) - raft.server.notification.no-leader.timeout = 60s (default)
2020-04-25 00:52:19,988 [pool-775-thread-1] INFO  server.RaftServerConfigKeys (ConfUtils.java:logGet(44)) - raft.server.log.use.memory = false (default)
2020-04-25 00:52:19,988 [pool-775-thread-1] INFO  server.RaftServerConfigKeys (ConfUtils.java:logGet(44)) - raft.server.log.purge.gap = 1000000 (custom)
2020-04-25 00:52:19,988 [pool-775-thread-1] INFO  server.RaftServerConfigKeys (ConfUtils.java:logGet(44)) - raft.server.log.appender.buffer.byte-limit = 33554432 (custom)
2020-04-25 00:52:19,989 [pool-775-thread-1] INFO  server.RaftServerConfigKeys (ConfUtils.java:logGet(44)) - raft.server.log.segment.size.max = 1048576 (custom)
2020-04-25 00:52:19,989 [pool-775-thread-1] INFO  server.RaftServerConfigKeys (ConfUtils.java:logGet(44)) - raft.server.log.segment.cache.num.max = 2 (custom)
2020-04-25 00:52:19,989 [pool-775-thread-1] INFO  segmented.SegmentedRaftLogWorker (SegmentedRaftLogWorker.java:<init>(176)) - new 3cd9ecf8-858f-44dc-b977-29c5822b3976@group-7B58BB8F67D6-SegmentedRaftLogWorker for RaftStorage:Storage Directory /github/workspace/mnt/ozone/hadoop-ozone/integration-test/target/test-dir/MiniOzoneClusterImpl-fac2b43d-d0f4-41bd-8b0e-0750bdad7e42/datanode-5/data/ratis/caf77ddf-b422-4109-976a-7b58bb8f67d6
2020-04-25 00:52:19,989 [pool-775-thread-1] INFO  server.RaftServerConfigKeys (ConfUtils.java:logGet(44)) - raft.server.log.queue.byte-limit = 2147483647 (custom)
2020-04-25 00:52:19,989 [pool-775-thread-1] INFO  server.RaftServerConfigKeys (ConfUtils.java:logGet(44)) - raft.server.log.queue.element-limit = 1024 (custom)
2020-04-25 00:52:19,989 [pool-775-thread-1] INFO  server.RaftServerConfigKeys (ConfUtils.java:logGet(44)) - raft.server.log.segment.size.max = 1048576 (custom)
2020-04-25 00:52:19,989 [pool-775-thread-1] INFO  server.RaftServerConfigKeys (ConfUtils.java:logGet(44)) - raft.server.log.preallocated.size = 16384 (custom)
2020-04-25 00:52:19,989 [pool-775-thread-1] INFO  server.RaftServerConfigKeys (ConfUtils.java:logGet(44)) - raft.server.log.write.buffer.size = 1048576 (custom)
2020-04-25 00:52:19,989 [pool-775-thread-1] INFO  server.RaftServerConfigKeys (ConfUtils.java:logGet(44)) - raft.server.log.force.sync.num = 128 (default)
2020-04-25 00:52:19,989 [pool-775-thread-1] INFO  server.RaftServerConfigKeys (ConfUtils.java:logGet(44)) - raft.server.log.statemachine.data.sync = true (default)
2020-04-25 00:52:19,989 [pool-775-thread-1] INFO  server.RaftServerConfigKeys (ConfUtils.java:logGet(44)) - raft.server.log.statemachine.data.sync.timeout = 10s (default)
2020-04-25 00:52:19,989 [pool-775-thread-1] INFO  server.RaftServerConfigKeys (ConfUtils.java:logGet(44)) - raft.server.log.statemachine.data.sync.timeout.retry = -1 (default)
2020-04-25 00:52:19,990 [pool-775-thread-1] INFO  server.RaftServerConfigKeys (ConfUtils.java:logGet(44)) - raft.server.log.statemachine.data.caching.enabled = true (custom)
2020-04-25 00:52:19,990 [pool-775-thread-1] INFO  segmented.SegmentedRaftLogWorker (SegmentedRaftLogWorker.java:lambda$new$0(129)) - 3cd9ecf8-858f-44dc-b977-29c5822b3976@group-7B58BB8F67D6-SegmentedRaftLogWorker: flushIndex: setUnconditionally 0 -> -1
2020-04-25 00:52:19,990 [pool-775-thread-1] INFO  server.RaftServerConfigKeys (ConfUtils.java:logGet(44)) - raft.server.snapshot.auto.trigger.enabled = true (custom)
2020-04-25 00:52:19,990 [pool-775-thread-1] INFO  server.RaftServerConfigKeys (ConfUtils.java:logGet(44)) - raft.server.snapshot.auto.trigger.threshold = 10000 (custom)
2020-04-25 00:52:19,990 [pool-775-thread-1] INFO  server.RaftServerConfigKeys (ConfUtils.java:logGet(44)) - raft.server.snapshot.retention.file.num = 5 (custom)
2020-04-25 00:52:19,991 [pool-775-thread-1] INFO  server.RaftServerConfigKeys (ConfUtils.java:logGet(44)) - raft.server.retrycache.expirytime = 600000ms (custom)
2020-04-25 00:52:19,991 [pool-775-thread-1] INFO  metrics.RatisMetrics (RatisMetrics.java:lambda$create$0(39)) - Creating Metrics Registry : ratis.leader_election.3cd9ecf8-858f-44dc-b977-29c5822b3976@group-7B58BB8F67D6
2020-04-25 00:52:19,991 [pool-775-thread-1] INFO  metrics.RatisMetrics (RatisMetrics.java:lambda$create$0(39)) - Creating Metrics Registry : ratis.server.3cd9ecf8-858f-44dc-b977-29c5822b3976@group-7B58BB8F67D6
2020-04-25 00:52:19,993 [pool-775-thread-1] INFO  impl.RaftServerImpl (RaftServerImpl.java:start(183)) - 3cd9ecf8-858f-44dc-b977-29c5822b3976@group-33C48084FCC9: start as a follower, conf=-1: [3cd9ecf8-858f-44dc-b977-29c5822b3976:172.17.0.2:44085], old=null
2020-04-25 00:52:19,993 [pool-775-thread-1] INFO  impl.RaftServerImpl (RaftServerImpl.java:setRole(172)) - 3cd9ecf8-858f-44dc-b977-29c5822b3976@group-33C48084FCC9: changes role from      null to FOLLOWER at term 0 for startAsFollower
2020-04-25 00:52:19,993 [pool-775-thread-1] INFO  impl.RoleInfo (RoleInfo.java:updateAndGet(143)) - 3cd9ecf8-858f-44dc-b977-29c5822b3976: start FollowerState
2020-04-25 00:52:19,994 [pool-775-thread-1] INFO  util.JmxRegister (JmxRegister.java:tryRegister(44)) - Successfully registered JMX Bean with object name Ratis:service=RaftServer,group=group-33C48084FCC9,id=3cd9ecf8-858f-44dc-b977-29c5822b3976
2020-04-25 00:52:19,994 [pool-775-thread-1] INFO  metrics.RatisMetrics (RatisMetrics.java:lambda$create$0(39)) - Creating Metrics Registry : ratis.state_machine.3cd9ecf8-858f-44dc-b977-29c5822b3976@group-33C48084FCC9
2020-04-25 00:52:19,995 [Command processor thread] INFO  commandhandler.CreatePipelineCommandHandler (CreatePipelineCommandHandler.java:handle(109)) - Created Pipeline RATIS ONE #id: "d4ea869c-362b-4805-919d-33c48084fcc9"
.
2020-04-25 00:52:19,995 [pool-775-thread-1] INFO  impl.RaftServerImpl (RaftServerImpl.java:start(183)) - 3cd9ecf8-858f-44dc-b977-29c5822b3976@group-7B58BB8F67D6: start as a follower, conf=-1: [f6421666-a5d8-4f0d-9ada-e546d5fd97e1:172.17.0.2:40551, 01d66f6b-871f-49cc-8cf1-f917fde7eb54:172.17.0.2:36377, 3cd9ecf8-858f-44dc-b977-29c5822b3976:172.17.0.2:44085], old=null
2020-04-25 00:52:19,995 [pool-775-thread-1] INFO  impl.RaftServerImpl (RaftServerImpl.java:setRole(172)) - 3cd9ecf8-858f-44dc-b977-29c5822b3976@group-7B58BB8F67D6: changes role from      null to FOLLOWER at term 0 for startAsFollower
2020-04-25 00:52:19,995 [pool-775-thread-1] INFO  impl.RoleInfo (RoleInfo.java:updateAndGet(143)) - 3cd9ecf8-858f-44dc-b977-29c5822b3976: start FollowerState
2020-04-25 00:52:19,995 [pool-775-thread-1] INFO  util.JmxRegister (JmxRegister.java:tryRegister(44)) - Successfully registered JMX Bean with object name Ratis:service=RaftServer,group=group-7B58BB8F67D6,id=3cd9ecf8-858f-44dc-b977-29c5822b3976
2020-04-25 00:52:19,995 [pool-775-thread-1] INFO  metrics.RatisMetrics (RatisMetrics.java:lambda$create$0(39)) - Creating Metrics Registry : ratis.state_machine.3cd9ecf8-858f-44dc-b977-29c5822b3976@group-7B58BB8F67D6
2020-04-25 00:52:19,999 [Command processor thread] INFO  commandhandler.CreatePipelineCommandHandler (CreatePipelineCommandHandler.java:handle(109)) - Created Pipeline RATIS THREE #id: "caf77ddf-b422-4109-976a-7b58bb8f67d6"
.
2020-04-25 00:52:20,025 [main] INFO  ozone.MiniOzoneClusterImpl (MiniOzoneClusterImpl.java:lambda$waitForClusterToBeReady$0(177)) - Nodes are ready. Got 7 of 7 DN Heartbeats.
2020-04-25 00:52:20,025 [main] INFO  ozone.MiniOzoneClusterImpl (MiniOzoneClusterImpl.java:lambda$waitForClusterToBeReady$0(180)) - Waiting for cluster to exit safe mode
2020-04-25 00:52:20,027 [Command processor thread] INFO  impl.RaftServerProxy (RaftServerProxy.java:addNew(89)) - 378ddfc8-7d8d-47f2-b358-35cac2dfdeb9: addNew group-F41530501E9B:[378ddfc8-7d8d-47f2-b358-35cac2dfdeb9:172.17.0.2:46077] returns group-F41530501E9B:java.util.concurrent.CompletableFuture@7de86ce1[Not completed]
2020-04-25 00:52:20,029 [pool-790-thread-1] INFO  impl.RaftServerImpl (RaftServerImpl.java:<init>(97)) - 378ddfc8-7d8d-47f2-b358-35cac2dfdeb9: new RaftServerImpl for group-F41530501E9B:[378ddfc8-7d8d-47f2-b358-35cac2dfdeb9:172.17.0.2:46077] with ContainerStateMachine:uninitialized
2020-04-25 00:52:20,029 [pool-790-thread-1] INFO  server.RaftServerConfigKeys (ConfUtils.java:logGet(44)) - raft.server.rpc.timeout.min = 5s (custom)
2020-04-25 00:52:20,029 [pool-790-thread-1] INFO  server.RaftServerConfigKeys (ConfUtils.java:logGet(44)) - raft.server.rpc.timeout.max = 5200ms (custom)
2020-04-25 00:52:20,029 [pool-790-thread-1] INFO  server.RaftServerConfigKeys (ConfUtils.java:logGet(44)) - raft.server.rpcslowness.timeout = 300s (custom)
2020-04-25 00:52:20,029 [pool-790-thread-1] INFO  server.RaftServerConfigKeys (ConfUtils.java:logGet(44)) - raft.server.sleep.deviation.threshold = 300 (default)
2020-04-25 00:52:20,029 [pool-790-thread-1] INFO  server.RaftServerConfigKeys (ConfUtils.java:logGet(44)) - raft.server.log.appender.install.snapshot.enabled = false (custom)
2020-04-25 00:52:20,029 [pool-790-thread-1] INFO  impl.RaftServerImpl (ServerState.java:<init>(103)) - 378ddfc8-7d8d-47f2-b358-35cac2dfdeb9@group-F41530501E9B: ConfigurationManager, init=-1: [378ddfc8-7d8d-47f2-b358-35cac2dfdeb9:172.17.0.2:46077], old=null, confs=<EMPTY_MAP>
2020-04-25 00:52:20,030 [pool-790-thread-1] INFO  server.RaftServerConfigKeys (ConfUtils.java:logGet(44)) - raft.server.storage.dir = [/github/workspace/mnt/ozone/hadoop-ozone/integration-test/target/test-dir/MiniOzoneClusterImpl-fac2b43d-d0f4-41bd-8b0e-0750bdad7e42/datanode-6/data/ratis] (custom)
2020-04-25 00:52:20,030 [pool-790-thread-1] INFO  server.RaftServerConfigKeys (ConfUtils.java:logGet(44)) - raft.server.log.corruption.policy = EXCEPTION (default)
2020-04-25 00:52:20,030 [pool-790-thread-1] INFO  storage.RaftStorageDirectory (RaftStorageDirectory.java:analyzeStorage(253)) - The storage directory /github/workspace/mnt/ozone/hadoop-ozone/integration-test/target/test-dir/MiniOzoneClusterImpl-fac2b43d-d0f4-41bd-8b0e-0750bdad7e42/datanode-6/data/ratis/3f0df70d-97bb-4a00-95a4-f41530501e9b does not exist. Creating ...
2020-04-25 00:52:20,031 [pool-790-thread-1] INFO  storage.RaftStorageDirectory (RaftStorageDirectory.java:tryLock(335)) - Lock on /github/workspace/mnt/ozone/hadoop-ozone/integration-test/target/test-dir/MiniOzoneClusterImpl-fac2b43d-d0f4-41bd-8b0e-0750bdad7e42/datanode-6/data/ratis/3f0df70d-97bb-4a00-95a4-f41530501e9b/in_use.lock acquired by nodename 10620@077b0f5420d0
2020-04-25 00:52:20,032 [pool-790-thread-1] INFO  storage.RaftStorage (RaftStorage.java:format(84)) - Storage directory /github/workspace/mnt/ozone/hadoop-ozone/integration-test/target/test-dir/MiniOzoneClusterImpl-fac2b43d-d0f4-41bd-8b0e-0750bdad7e42/datanode-6/data/ratis/3f0df70d-97bb-4a00-95a4-f41530501e9b has been successfully formatted.
2020-04-25 00:52:20,036 [pool-790-thread-1] INFO  ratis.ContainerStateMachine (ContainerStateMachine.java:loadSnapshot(226)) - group-F41530501E9B: The snapshot info is null. Setting the last applied indexto:(t:0, i:~)
2020-04-25 00:52:20,036 [pool-790-thread-1] INFO  server.RaftServerConfigKeys (ConfUtils.java:logGet(44)) - raft.server.notification.no-leader.timeout = 60s (default)
2020-04-25 00:52:20,036 [pool-790-thread-1] INFO  server.RaftServerConfigKeys (ConfUtils.java:logGet(44)) - raft.server.log.use.memory = false (default)
2020-04-25 00:52:20,036 [pool-790-thread-1] INFO  server.RaftServerConfigKeys (ConfUtils.java:logGet(44)) - raft.server.log.purge.gap = 1000000 (custom)
2020-04-25 00:52:20,036 [pool-790-thread-1] INFO  server.RaftServerConfigKeys (ConfUtils.java:logGet(44)) - raft.server.log.appender.buffer.byte-limit = 33554432 (custom)
2020-04-25 00:52:20,037 [pool-790-thread-1] INFO  server.RaftServerConfigKeys (ConfUtils.java:logGet(44)) - raft.server.log.segment.size.max = 1048576 (custom)
2020-04-25 00:52:20,037 [pool-790-thread-1] INFO  metrics.RatisMetrics (RatisMetrics.java:lambda$create$0(39)) - Creating Metrics Registry : ratis.log_worker.378ddfc8-7d8d-47f2-b358-35cac2dfdeb9
2020-04-25 00:52:20,037 [EventQueue-PipelineReportForPipelineReportHandler] INFO  pipeline.PipelineStateManager (PipelineStateManager.java:openPipeline(131)) - Pipeline Pipeline[ Id: 3f0df70d-97bb-4a00-95a4-f41530501e9b, Nodes: 378ddfc8-7d8d-47f2-b358-35cac2dfdeb9{ip: 172.17.0.2, host: 077b0f5420d0, networkLocation: /default-rack, certSerialId: null}, Type:RATIS, Factor:ONE, State:ALLOCATED, leaderId:378ddfc8-7d8d-47f2-b358-35cac2dfdeb9, CreationTimestamp2020-04-25T00:52:17.029Z] moved to OPEN state
2020-04-25 00:52:20,037 [EventQueue-OpenPipelineForOneReplicaPipelineSafeModeRule] INFO  safemode.SCMSafeModeManager (SCMSafeModeManager.java:validateSafeModeExitRules(183)) - AtleastOneDatanodeReportedRule rule is successfully validated
2020-04-25 00:52:20,037 [EventQueue-OpenPipelineForHealthyPipelineSafeModeRule] INFO  safemode.SCMSafeModeManager (HealthyPipelineSafeModeRule.java:process(132)) - SCM in safe mode. Healthy pipelines reported count is 0, required healthy pipeline reported count is 1
2020-04-25 00:52:20,038 [pool-790-thread-1] INFO  server.RaftServerConfigKeys (ConfUtils.java:logGet(44)) - raft.server.log.segment.cache.num.max = 2 (custom)
2020-04-25 00:52:20,038 [pool-790-thread-1] INFO  segmented.SegmentedRaftLogWorker (SegmentedRaftLogWorker.java:<init>(176)) - new 378ddfc8-7d8d-47f2-b358-35cac2dfdeb9@group-F41530501E9B-SegmentedRaftLogWorker for RaftStorage:Storage Directory /github/workspace/mnt/ozone/hadoop-ozone/integration-test/target/test-dir/MiniOzoneClusterImpl-fac2b43d-d0f4-41bd-8b0e-0750bdad7e42/datanode-6/data/ratis/3f0df70d-97bb-4a00-95a4-f41530501e9b
2020-04-25 00:52:20,038 [pool-790-thread-1] INFO  server.RaftServerConfigKeys (ConfUtils.java:logGet(44)) - raft.server.log.queue.byte-limit = 2147483647 (custom)
2020-04-25 00:52:20,038 [pool-790-thread-1] INFO  server.RaftServerConfigKeys (ConfUtils.java:logGet(44)) - raft.server.log.queue.element-limit = 1024 (custom)
2020-04-25 00:52:20,038 [pool-790-thread-1] INFO  server.RaftServerConfigKeys (ConfUtils.java:logGet(44)) - raft.server.log.segment.size.max = 1048576 (custom)
2020-04-25 00:52:20,038 [pool-790-thread-1] INFO  server.RaftServerConfigKeys (ConfUtils.java:logGet(44)) - raft.server.log.preallocated.size = 16384 (custom)
2020-04-25 00:52:20,038 [pool-790-thread-1] INFO  server.RaftServerConfigKeys (ConfUtils.java:logGet(44)) - raft.server.log.write.buffer.size = 1048576 (custom)
2020-04-25 00:52:20,038 [pool-790-thread-1] INFO  server.RaftServerConfigKeys (ConfUtils.java:logGet(44)) - raft.server.log.force.sync.num = 128 (default)
2020-04-25 00:52:20,038 [pool-790-thread-1] INFO  server.RaftServerConfigKeys (ConfUtils.java:logGet(44)) - raft.server.log.statemachine.data.sync = true (default)
2020-04-25 00:52:20,038 [pool-790-thread-1] INFO  server.RaftServerConfigKeys (ConfUtils.java:logGet(44)) - raft.server.log.statemachine.data.sync.timeout = 10s (default)
2020-04-25 00:52:20,039 [pool-790-thread-1] INFO  server.RaftServerConfigKeys (ConfUtils.java:logGet(44)) - raft.server.log.statemachine.data.sync.timeout.retry = -1 (default)
2020-04-25 00:52:20,041 [pool-790-thread-1] INFO  server.RaftServerConfigKeys (ConfUtils.java:logGet(44)) - raft.server.log.statemachine.data.caching.enabled = true (custom)
2020-04-25 00:52:20,041 [pool-790-thread-1] INFO  segmented.SegmentedRaftLogWorker (SegmentedRaftLogWorker.java:lambda$new$0(129)) - 378ddfc8-7d8d-47f2-b358-35cac2dfdeb9@group-F41530501E9B-SegmentedRaftLogWorker: flushIndex: setUnconditionally 0 -> -1
2020-04-25 00:52:20,042 [pool-790-thread-1] INFO  server.RaftServerConfigKeys (ConfUtils.java:logGet(44)) - raft.server.snapshot.auto.trigger.enabled = true (custom)
2020-04-25 00:52:20,042 [pool-790-thread-1] INFO  server.RaftServerConfigKeys (ConfUtils.java:logGet(44)) - raft.server.snapshot.auto.trigger.threshold = 10000 (custom)
2020-04-25 00:52:20,042 [pool-790-thread-1] INFO  server.RaftServerConfigKeys (ConfUtils.java:logGet(44)) - raft.server.snapshot.retention.file.num = 5 (custom)
2020-04-25 00:52:20,042 [pool-790-thread-1] INFO  server.RaftServerConfigKeys (ConfUtils.java:logGet(44)) - raft.server.retrycache.expirytime = 600000ms (custom)
2020-04-25 00:52:20,042 [pool-790-thread-1] INFO  metrics.RatisMetrics (RatisMetrics.java:lambda$create$0(39)) - Creating Metrics Registry : ratis.leader_election.378ddfc8-7d8d-47f2-b358-35cac2dfdeb9@group-F41530501E9B
2020-04-25 00:52:20,043 [pool-790-thread-1] INFO  metrics.RatisMetrics (RatisMetrics.java:lambda$create$0(39)) - Creating Metrics Registry : ratis.server.378ddfc8-7d8d-47f2-b358-35cac2dfdeb9@group-F41530501E9B
2020-04-25 00:52:20,045 [pool-790-thread-1] INFO  impl.RaftServerImpl (RaftServerImpl.java:start(183)) - 378ddfc8-7d8d-47f2-b358-35cac2dfdeb9@group-F41530501E9B: start as a follower, conf=-1: [378ddfc8-7d8d-47f2-b358-35cac2dfdeb9:172.17.0.2:46077], old=null
2020-04-25 00:52:20,045 [pool-790-thread-1] INFO  impl.RaftServerImpl (RaftServerImpl.java:setRole(172)) - 378ddfc8-7d8d-47f2-b358-35cac2dfdeb9@group-F41530501E9B: changes role from      null to FOLLOWER at term 0 for startAsFollower
2020-04-25 00:52:20,045 [pool-790-thread-1] INFO  impl.RoleInfo (RoleInfo.java:updateAndGet(143)) - 378ddfc8-7d8d-47f2-b358-35cac2dfdeb9: start FollowerState
2020-04-25 00:52:20,045 [pool-790-thread-1] INFO  util.JmxRegister (JmxRegister.java:tryRegister(44)) - Successfully registered JMX Bean with object name Ratis:service=RaftServer,group=group-F41530501E9B,id=378ddfc8-7d8d-47f2-b358-35cac2dfdeb9
2020-04-25 00:52:20,045 [pool-790-thread-1] INFO  metrics.RatisMetrics (RatisMetrics.java:lambda$create$0(39)) - Creating Metrics Registry : ratis.state_machine.378ddfc8-7d8d-47f2-b358-35cac2dfdeb9@group-F41530501E9B
2020-04-25 00:52:20,046 [Command processor thread] INFO  commandhandler.CreatePipelineCommandHandler (CreatePipelineCommandHandler.java:handle(109)) - Created Pipeline RATIS ONE #id: "3f0df70d-97bb-4a00-95a4-f41530501e9b"
.
2020-04-25 00:52:21,025 [main] INFO  ozone.MiniOzoneClusterImpl (MiniOzoneClusterImpl.java:lambda$waitForClusterToBeReady$0(177)) - Nodes are ready. Got 7 of 7 DN Heartbeats.
2020-04-25 00:52:21,025 [main] INFO  ozone.MiniOzoneClusterImpl (MiniOzoneClusterImpl.java:lambda$waitForClusterToBeReady$0(180)) - Waiting for cluster to exit safe mode
2020-04-25 00:52:22,026 [main] INFO  ozone.MiniOzoneClusterImpl (MiniOzoneClusterImpl.java:lambda$waitForClusterToBeReady$0(177)) - Nodes are ready. Got 7 of 7 DN Heartbeats.
2020-04-25 00:52:22,026 [main] INFO  ozone.MiniOzoneClusterImpl (MiniOzoneClusterImpl.java:lambda$waitForClusterToBeReady$0(180)) - Waiting for cluster to exit safe mode
2020-04-25 00:52:23,026 [main] INFO  ozone.MiniOzoneClusterImpl (MiniOzoneClusterImpl.java:lambda$waitForClusterToBeReady$0(177)) - Nodes are ready. Got 7 of 7 DN Heartbeats.
2020-04-25 00:52:23,026 [main] INFO  ozone.MiniOzoneClusterImpl (MiniOzoneClusterImpl.java:lambda$waitForClusterToBeReady$0(180)) - Waiting for cluster to exit safe mode
2020-04-25 00:52:24,026 [main] INFO  ozone.MiniOzoneClusterImpl (MiniOzoneClusterImpl.java:lambda$waitForClusterToBeReady$0(177)) - Nodes are ready. Got 7 of 7 DN Heartbeats.
2020-04-25 00:52:24,027 [main] INFO  ozone.MiniOzoneClusterImpl (MiniOzoneClusterImpl.java:lambda$waitForClusterToBeReady$0(180)) - Waiting for cluster to exit safe mode
2020-04-25 00:52:24,498 [Thread-2861] INFO  impl.FollowerState (FollowerState.java:run(108)) - 44e8018b-e232-4b82-9d12-5076aa410e35@group-A6D7DBFCC443-FollowerState: change to CANDIDATE, lastRpcTime:5027ms, electionTimeout:5027ms
2020-04-25 00:52:24,498 [Thread-2861] INFO  impl.RoleInfo (RoleInfo.java:shutdownFollowerState(121)) - 44e8018b-e232-4b82-9d12-5076aa410e35: shutdown FollowerState
2020-04-25 00:52:24,498 [Thread-2861] INFO  impl.RaftServerImpl (RaftServerImpl.java:setRole(172)) - 44e8018b-e232-4b82-9d12-5076aa410e35@group-A6D7DBFCC443: changes role from  FOLLOWER to CANDIDATE at term 0 for changeToCandidate
2020-04-25 00:52:24,498 [Thread-2861] INFO  impl.RoleInfo (RoleInfo.java:updateAndGet(143)) - 44e8018b-e232-4b82-9d12-5076aa410e35: start LeaderElection
2020-04-25 00:52:24,506 [44e8018b-e232-4b82-9d12-5076aa410e35@group-A6D7DBFCC443-LeaderElection93] INFO  impl.LeaderElection (LeaderElection.java:askForVotes(206)) - 44e8018b-e232-4b82-9d12-5076aa410e35@group-A6D7DBFCC443-LeaderElection93: begin an election at term 1 for -1: [44e8018b-e232-4b82-9d12-5076aa410e35:172.17.0.2:35979], old=null
2020-04-25 00:52:24,506 [44e8018b-e232-4b82-9d12-5076aa410e35@group-A6D7DBFCC443-LeaderElection93] INFO  impl.RoleInfo (RoleInfo.java:shutdownLeaderElection(134)) - 44e8018b-e232-4b82-9d12-5076aa410e35: shutdown LeaderElection
2020-04-25 00:52:24,506 [44e8018b-e232-4b82-9d12-5076aa410e35@group-A6D7DBFCC443-LeaderElection93] INFO  impl.RaftServerImpl (RaftServerImpl.java:setRole(172)) - 44e8018b-e232-4b82-9d12-5076aa410e35@group-A6D7DBFCC443: changes role from CANDIDATE to LEADER at term 1 for changeToLeader
2020-04-25 00:52:24,506 [44e8018b-e232-4b82-9d12-5076aa410e35@group-A6D7DBFCC443-LeaderElection93] INFO  ratis.XceiverServerRatis (XceiverServerRatis.java:handleLeaderChangedNotification(761)) - Leader change notification received for group: group-A6D7DBFCC443 with new leaderId: 44e8018b-e232-4b82-9d12-5076aa410e35
2020-04-25 00:52:24,506 [44e8018b-e232-4b82-9d12-5076aa410e35@group-A6D7DBFCC443-LeaderElection93] INFO  impl.RaftServerImpl (ServerState.java:setLeader(255)) - 44e8018b-e232-4b82-9d12-5076aa410e35@group-A6D7DBFCC443: change Leader from null to 44e8018b-e232-4b82-9d12-5076aa410e35 at term 1 for becomeLeader, leader elected after 5046ms
2020-04-25 00:52:24,506 [44e8018b-e232-4b82-9d12-5076aa410e35@group-A6D7DBFCC443-LeaderElection93] INFO  server.RaftServerConfigKeys (ConfUtils.java:logGet(44)) - raft.server.staging.catchup.gap = 1000 (default)
2020-04-25 00:52:24,506 [44e8018b-e232-4b82-9d12-5076aa410e35@group-A6D7DBFCC443-LeaderElection93] INFO  server.RaftServerConfigKeys (ConfUtils.java:logGet(44)) - raft.server.rpc.sleep.time = 25ms (default)
2020-04-25 00:52:24,507 [44e8018b-e232-4b82-9d12-5076aa410e35@group-A6D7DBFCC443-LeaderElection93] INFO  metrics.RatisMetrics (RatisMetrics.java:lambda$create$0(39)) - Creating Metrics Registry : ratis.log_appender.44e8018b-e232-4b82-9d12-5076aa410e35@group-A6D7DBFCC443
2020-04-25 00:52:24,507 [44e8018b-e232-4b82-9d12-5076aa410e35@group-A6D7DBFCC443-LeaderElection93] INFO  server.RaftServerConfigKeys (ConfUtils.java:logGet(44)) - raft.server.write.element-limit = 1024 (custom)
2020-04-25 00:52:24,507 [44e8018b-e232-4b82-9d12-5076aa410e35@group-A6D7DBFCC443-LeaderElection93] INFO  server.RaftServerConfigKeys (ConfUtils.java:logGet(44)) - raft.server.write.byte-limit = 1073741824 (custom)
2020-04-25 00:52:24,508 [44e8018b-e232-4b82-9d12-5076aa410e35@group-A6D7DBFCC443-LeaderElection93] INFO  server.RaftServerConfigKeys (ConfUtils.java:logGet(44)) - raft.server.watch.timeout = 3s (custom)
2020-04-25 00:52:24,508 [44e8018b-e232-4b82-9d12-5076aa410e35@group-A6D7DBFCC443-LeaderElection93] INFO  server.RaftServerConfigKeys (ConfUtils.java:logGet(44)) - raft.server.watch.timeout.denomination = 1s (default)
2020-04-25 00:52:24,508 [44e8018b-e232-4b82-9d12-5076aa410e35@group-A6D7DBFCC443-LeaderElection93] INFO  server.RaftServerConfigKeys (ConfUtils.java:logGet(44)) - raft.server.watch.element-limit = 65536 (default)
2020-04-25 00:52:24,508 [44e8018b-e232-4b82-9d12-5076aa410e35@group-A6D7DBFCC443-LeaderElection93] INFO  impl.RoleInfo (RoleInfo.java:updateAndGet(143)) - 44e8018b-e232-4b82-9d12-5076aa410e35: start LeaderState
2020-04-25 00:52:24,509 [44e8018b-e232-4b82-9d12-5076aa410e35@group-A6D7DBFCC443-LeaderElection93] INFO  segmented.SegmentedRaftLogWorker (SegmentedRaftLogWorker.java:startLogSegment(391)) - 44e8018b-e232-4b82-9d12-5076aa410e35@group-A6D7DBFCC443-SegmentedRaftLogWorker: Starting segment from index:0
2020-04-25 00:52:24,509 [44e8018b-e232-4b82-9d12-5076aa410e35@group-A6D7DBFCC443-LeaderElection93] INFO  impl.RaftServerImpl (ServerState.java:setRaftConf(356)) - 44e8018b-e232-4b82-9d12-5076aa410e35@group-A6D7DBFCC443: set configuration 0: [44e8018b-e232-4b82-9d12-5076aa410e35:172.17.0.2:35979], old=null at 0
2020-04-25 00:52:24,511 [44e8018b-e232-4b82-9d12-5076aa410e35@group-A6D7DBFCC443-SegmentedRaftLogWorker] INFO  segmented.SegmentedRaftLogWorker (SegmentedRaftLogWorker.java:execute(583)) - 44e8018b-e232-4b82-9d12-5076aa410e35@group-A6D7DBFCC443-SegmentedRaftLogWorker: created new log segment /github/workspace/mnt/ozone/hadoop-ozone/integration-test/target/test-dir/MiniOzoneClusterImpl-fac2b43d-d0f4-41bd-8b0e-0750bdad7e42/datanode-0/data/ratis/13105c74-727b-4890-a388-a6d7dbfcc443/current/log_inprogress_0
2020-04-25 00:52:24,633 [Thread-2863] INFO  impl.FollowerState (FollowerState.java:run(108)) - 44e8018b-e232-4b82-9d12-5076aa410e35@group-4D2F0C4E8244-FollowerState: change to CANDIDATE, lastRpcTime:5144ms, electionTimeout:5144ms
2020-04-25 00:52:24,634 [Thread-2863] INFO  impl.RoleInfo (RoleInfo.java:shutdownFollowerState(121)) - 44e8018b-e232-4b82-9d12-5076aa410e35: shutdown FollowerState
2020-04-25 00:52:24,634 [Thread-2863] INFO  impl.RaftServerImpl (RaftServerImpl.java:setRole(172)) - 44e8018b-e232-4b82-9d12-5076aa410e35@group-4D2F0C4E8244: changes role from  FOLLOWER to CANDIDATE at term 0 for changeToCandidate
2020-04-25 00:52:24,634 [Thread-2863] INFO  impl.RoleInfo (RoleInfo.java:updateAndGet(143)) - 44e8018b-e232-4b82-9d12-5076aa410e35: start LeaderElection
2020-04-25 00:52:24,637 [44e8018b-e232-4b82-9d12-5076aa410e35@group-4D2F0C4E8244-LeaderElection94] INFO  impl.LeaderElection (LeaderElection.java:askForVotes(206)) - 44e8018b-e232-4b82-9d12-5076aa410e35@group-4D2F0C4E8244-LeaderElection94: begin an election at term 1 for -1: [a6f67013-66b6-4a15-861c-57dfff2f433f:172.17.0.2:43377, 6550183a-8562-43dc-b28b-b6c484dc4935:172.17.0.2:44877, 44e8018b-e232-4b82-9d12-5076aa410e35:172.17.0.2:35979], old=null
2020-04-25 00:52:24,645 [Thread-2872] INFO  impl.FollowerState (FollowerState.java:run(108)) - a6f67013-66b6-4a15-861c-57dfff2f433f@group-4D2F0C4E8244-FollowerState: change to CANDIDATE, lastRpcTime:5061ms, electionTimeout:5060ms
2020-04-25 00:52:24,645 [Thread-2872] INFO  impl.RoleInfo (RoleInfo.java:shutdownFollowerState(121)) - a6f67013-66b6-4a15-861c-57dfff2f433f: shutdown FollowerState
2020-04-25 00:52:24,645 [Thread-2872] INFO  impl.RaftServerImpl (RaftServerImpl.java:setRole(172)) - a6f67013-66b6-4a15-861c-57dfff2f433f@group-4D2F0C4E8244: changes role from  FOLLOWER to CANDIDATE at term 0 for changeToCandidate
2020-04-25 00:52:24,645 [Thread-2872] INFO  impl.RoleInfo (RoleInfo.java:updateAndGet(143)) - a6f67013-66b6-4a15-861c-57dfff2f433f: start LeaderElection
2020-04-25 00:52:24,662 [grpc-default-executor-10] INFO  impl.RaftServerImpl (RaftServerImpl.java:setRole(172)) - a6f67013-66b6-4a15-861c-57dfff2f433f@group-4D2F0C4E8244: changes role from CANDIDATE to FOLLOWER at term 1 for recognizeCandidate:44e8018b-e232-4b82-9d12-5076aa410e35
2020-04-25 00:52:24,662 [grpc-default-executor-10] INFO  impl.RoleInfo (RoleInfo.java:shutdownLeaderElection(134)) - a6f67013-66b6-4a15-861c-57dfff2f433f: shutdown LeaderElection
2020-04-25 00:52:24,662 [grpc-default-executor-10] INFO  impl.RoleInfo (RoleInfo.java:updateAndGet(143)) - a6f67013-66b6-4a15-861c-57dfff2f433f: start FollowerState
2020-04-25 00:52:24,663 [grpc-default-executor-4] INFO  impl.RaftServerImpl (RaftServerImpl.java:setRole(172)) - 6550183a-8562-43dc-b28b-b6c484dc4935@group-4D2F0C4E8244: changes role from  FOLLOWER to FOLLOWER at term 1 for recognizeCandidate:44e8018b-e232-4b82-9d12-5076aa410e35
2020-04-25 00:52:24,663 [grpc-default-executor-4] INFO  impl.RoleInfo (RoleInfo.java:shutdownFollowerState(121)) - 6550183a-8562-43dc-b28b-b6c484dc4935: shutdown FollowerState
2020-04-25 00:52:24,666 [grpc-default-executor-4] INFO  impl.RoleInfo (RoleInfo.java:updateAndGet(143)) - 6550183a-8562-43dc-b28b-b6c484dc4935: start FollowerState
2020-04-25 00:52:24,666 [Thread-2866] INFO  impl.FollowerState (FollowerState.java:run(117)) - 6550183a-8562-43dc-b28b-b6c484dc4935@group-4D2F0C4E8244-FollowerState was interrupted: java.lang.InterruptedException: sleep interrupted
2020-04-25 00:52:24,673 [a6f67013-66b6-4a15-861c-57dfff2f433f@group-4D2F0C4E8244-LeaderElection95] INFO  impl.LeaderElection (LeaderElection.java:askForVotes(206)) - a6f67013-66b6-4a15-861c-57dfff2f433f@group-4D2F0C4E8244-LeaderElection95: begin an election at term 2 for -1: [a6f67013-66b6-4a15-861c-57dfff2f433f:172.17.0.2:43377, 6550183a-8562-43dc-b28b-b6c484dc4935:172.17.0.2:44877, 44e8018b-e232-4b82-9d12-5076aa410e35:172.17.0.2:35979], old=null
2020-04-25 00:52:24,679 [44e8018b-e232-4b82-9d12-5076aa410e35@group-4D2F0C4E8244-LeaderElection94] INFO  impl.LeaderElection (LeaderElection.java:logAndReturn(61)) - 44e8018b-e232-4b82-9d12-5076aa410e35@group-4D2F0C4E8244-LeaderElection94: Election PASSED; received 2 response(s) [44e8018b-e232-4b82-9d12-5076aa410e35<-a6f67013-66b6-4a15-861c-57dfff2f433f#0:FAIL-t1, 44e8018b-e232-4b82-9d12-5076aa410e35<-6550183a-8562-43dc-b28b-b6c484dc4935#0:OK-t1] and 0 exception(s); 44e8018b-e232-4b82-9d12-5076aa410e35@group-4D2F0C4E8244:t1, leader=null, voted=44e8018b-e232-4b82-9d12-5076aa410e35, raftlog=44e8018b-e232-4b82-9d12-5076aa410e35@group-4D2F0C4E8244-SegmentedRaftLog:OPENED:c-1,f-1,i0, conf=-1: [a6f67013-66b6-4a15-861c-57dfff2f433f:172.17.0.2:43377, 6550183a-8562-43dc-b28b-b6c484dc4935:172.17.0.2:44877, 44e8018b-e232-4b82-9d12-5076aa410e35:172.17.0.2:35979], old=null
2020-04-25 00:52:24,679 [a6f67013-66b6-4a15-861c-57dfff2f433f@group-4D2F0C4E8244-LeaderElection95] INFO  impl.LeaderElection (LeaderElection.java:logAndReturn(61)) - a6f67013-66b6-4a15-861c-57dfff2f433f@group-4D2F0C4E8244-LeaderElection95: Election REJECTED; received 0 response(s) [] and 0 exception(s); a6f67013-66b6-4a15-861c-57dfff2f433f@group-4D2F0C4E8244:t2, leader=null, voted=a6f67013-66b6-4a15-861c-57dfff2f433f, raftlog=a6f67013-66b6-4a15-861c-57dfff2f433f@group-4D2F0C4E8244-SegmentedRaftLog:OPENED:c-1,f-1,i0, conf=-1: [a6f67013-66b6-4a15-861c-57dfff2f433f:172.17.0.2:43377, 6550183a-8562-43dc-b28b-b6c484dc4935:172.17.0.2:44877, 44e8018b-e232-4b82-9d12-5076aa410e35:172.17.0.2:35979], old=null
2020-04-25 00:52:24,679 [44e8018b-e232-4b82-9d12-5076aa410e35@group-4D2F0C4E8244-LeaderElection94] INFO  impl.RoleInfo (RoleInfo.java:shutdownLeaderElection(134)) - 44e8018b-e232-4b82-9d12-5076aa410e35: shutdown LeaderElection
2020-04-25 00:52:24,679 [44e8018b-e232-4b82-9d12-5076aa410e35@group-4D2F0C4E8244-LeaderElection94] INFO  impl.RaftServerImpl (RaftServerImpl.java:setRole(172)) - 44e8018b-e232-4b82-9d12-5076aa410e35@group-4D2F0C4E8244: changes role from CANDIDATE to LEADER at term 1 for changeToLeader
2020-04-25 00:52:24,679 [44e8018b-e232-4b82-9d12-5076aa410e35@group-4D2F0C4E8244-LeaderElection94] INFO  ratis.XceiverServerRatis (XceiverServerRatis.java:handleLeaderChangedNotification(761)) - Leader change notification received for group: group-4D2F0C4E8244 with new leaderId: 44e8018b-e232-4b82-9d12-5076aa410e35
2020-04-25 00:52:24,679 [44e8018b-e232-4b82-9d12-5076aa410e35@group-4D2F0C4E8244-LeaderElection94] INFO  impl.RaftServerImpl (ServerState.java:setLeader(255)) - 44e8018b-e232-4b82-9d12-5076aa410e35@group-4D2F0C4E8244: change Leader from null to 44e8018b-e232-4b82-9d12-5076aa410e35 at term 1 for becomeLeader, leader elected after 5196ms
2020-04-25 00:52:24,679 [44e8018b-e232-4b82-9d12-5076aa410e35@group-4D2F0C4E8244-LeaderElection94] INFO  server.RaftServerConfigKeys (ConfUtils.java:logGet(44)) - raft.server.staging.catchup.gap = 1000 (default)
2020-04-25 00:52:24,679 [44e8018b-e232-4b82-9d12-5076aa410e35@group-4D2F0C4E8244-LeaderElection94] INFO  server.RaftServerConfigKeys (ConfUtils.java:logGet(44)) - raft.server.rpc.sleep.time = 25ms (default)
2020-04-25 00:52:24,680 [44e8018b-e232-4b82-9d12-5076aa410e35@group-4D2F0C4E8244-LeaderElection94] INFO  metrics.RatisMetrics (RatisMetrics.java:lambda$create$0(39)) - Creating Metrics Registry : ratis.log_appender.44e8018b-e232-4b82-9d12-5076aa410e35@group-4D2F0C4E8244
2020-04-25 00:52:24,680 [44e8018b-e232-4b82-9d12-5076aa410e35@group-4D2F0C4E8244-LeaderElection94] INFO  server.RaftServerConfigKeys (ConfUtils.java:logGet(44)) - raft.server.write.element-limit = 1024 (custom)
2020-04-25 00:52:24,680 [44e8018b-e232-4b82-9d12-5076aa410e35@group-4D2F0C4E8244-LeaderElection94] INFO  server.RaftServerConfigKeys (ConfUtils.java:logGet(44)) - raft.server.write.byte-limit = 1073741824 (custom)
2020-04-25 00:52:24,681 [44e8018b-e232-4b82-9d12-5076aa410e35@group-4D2F0C4E8244-LeaderElection94] INFO  server.RaftServerConfigKeys (ConfUtils.java:logGet(44)) - raft.server.watch.timeout = 3s (custom)
2020-04-25 00:52:24,681 [44e8018b-e232-4b82-9d12-5076aa410e35@group-4D2F0C4E8244-LeaderElection94] INFO  server.RaftServerConfigKeys (ConfUtils.java:logGet(44)) - raft.server.watch.timeout.denomination = 1s (default)
2020-04-25 00:52:24,681 [44e8018b-e232-4b82-9d12-5076aa410e35@group-4D2F0C4E8244-LeaderElection94] INFO  server.RaftServerConfigKeys (ConfUtils.java:logGet(44)) - raft.server.watch.element-limit = 65536 (default)
2020-04-25 00:52:24,681 [EventQueue-PipelineReportForPipelineReportHandler] INFO  pipeline.PipelineStateManager (PipelineStateManager.java:openPipeline(131)) - Pipeline Pipeline[ Id: ae8a75f2-8a3b-4b14-97e2-4d2f0c4e8244, Nodes: 6550183a-8562-43dc-b28b-b6c484dc4935{ip: 172.17.0.2, host: 077b0f5420d0, networkLocation: /default-rack, certSerialId: null}44e8018b-e232-4b82-9d12-5076aa410e35{ip: 172.17.0.2, host: 077b0f5420d0, networkLocation: /default-rack, certSerialId: null}a6f67013-66b6-4a15-861c-57dfff2f433f{ip: 172.17.0.2, host: 077b0f5420d0, networkLocation: /default-rack, certSerialId: null}, Type:RATIS, Factor:THREE, State:ALLOCATED, leaderId:44e8018b-e232-4b82-9d12-5076aa410e35, CreationTimestamp2020-04-25T00:52:16.712Z] moved to OPEN state
2020-04-25 00:52:24,681 [EventQueue-OpenPipelineForOneReplicaPipelineSafeModeRule] INFO  safemode.SCMSafeModeManager (SCMSafeModeManager.java:validateSafeModeExitRules(183)) - AtleastOneDatanodeReportedRule rule is successfully validated
2020-04-25 00:52:24,682 [EventQueue-OpenPipelineForHealthyPipelineSafeModeRule] INFO  safemode.SCMSafeModeManager (HealthyPipelineSafeModeRule.java:process(132)) - SCM in safe mode. Healthy pipelines reported count is 1, required healthy pipeline reported count is 1
2020-04-25 00:52:24,682 [EventQueue-OpenPipelineForHealthyPipelineSafeModeRule] INFO  safemode.SCMSafeModeManager (SCMSafeModeManager.java:validateSafeModeExitRules(183)) - HealthyPipelineSafeModeRule rule is successfully validated
2020-04-25 00:52:24,682 [EventQueue-OpenPipelineForHealthyPipelineSafeModeRule] INFO  safemode.SCMSafeModeManager (SCMSafeModeManager.java:validateSafeModeExitRules(197)) - ScmSafeModeManager, all rules are successfully validated
2020-04-25 00:52:24,682 [EventQueue-OpenPipelineForHealthyPipelineSafeModeRule] INFO  safemode.SCMSafeModeManager (SCMSafeModeManager.java:exitSafeMode(226)) - SCM exiting safe mode.
2020-04-25 00:52:24,683 [44e8018b-e232-4b82-9d12-5076aa410e35@group-4D2F0C4E8244-LeaderElection94] INFO  server.RaftServerConfigKeys (ConfUtils.java:logGet(44)) - raft.server.log.appender.snapshot.chunk.size.max = 16MB (=16777216) (default)
2020-04-25 00:52:24,683 [44e8018b-e232-4b82-9d12-5076aa410e35@group-4D2F0C4E8244-LeaderElection94] INFO  server.RaftServerConfigKeys (ConfUtils.java:logGet(44)) - raft.server.log.appender.buffer.byte-limit = 33554432 (custom)
2020-04-25 00:52:24,683 [44e8018b-e232-4b82-9d12-5076aa410e35@group-4D2F0C4E8244-LeaderElection94] INFO  server.RaftServerConfigKeys (ConfUtils.java:logGet(44)) - raft.server.log.appender.buffer.element-limit = 1 (custom)
2020-04-25 00:52:24,687 [44e8018b-e232-4b82-9d12-5076aa410e35@group-4D2F0C4E8244-LeaderElection94] INFO  grpc.GrpcConfigKeys (ConfUtils.java:logGet(44)) - raft.grpc.server.leader.outstanding.appends.max = 128 (default)
2020-04-25 00:52:24,687 [44e8018b-e232-4b82-9d12-5076aa410e35@group-4D2F0C4E8244-LeaderElection94] INFO  server.RaftServerConfigKeys (ConfUtils.java:logGet(44)) - raft.server.rpc.request.timeout = 3s (default)
2020-04-25 00:52:24,687 [44e8018b-e232-4b82-9d12-5076aa410e35@group-4D2F0C4E8244-LeaderElection94] INFO  server.RaftServerConfigKeys (ConfUtils.java:logGet(44)) - raft.server.log.appender.install.snapshot.enabled = false (custom)
2020-04-25 00:52:24,692 [grpc-default-executor-10] INFO  impl.RaftServerImpl (RaftServerImpl.java:setRole(172)) - 6550183a-8562-43dc-b28b-b6c484dc4935@group-4D2F0C4E8244: changes role from  FOLLOWER to FOLLOWER at term 2 for recognizeCandidate:a6f67013-66b6-4a15-861c-57dfff2f433f
2020-04-25 00:52:24,692 [grpc-default-executor-10] INFO  impl.RoleInfo (RoleInfo.java:shutdownFollowerState(121)) - 6550183a-8562-43dc-b28b-b6c484dc4935: shutdown FollowerState
2020-04-25 00:52:24,692 [grpc-default-executor-10] INFO  impl.RoleInfo (RoleInfo.java:updateAndGet(143)) - 6550183a-8562-43dc-b28b-b6c484dc4935: start FollowerState
2020-04-25 00:52:24,692 [Thread-2917] INFO  impl.FollowerState (FollowerState.java:run(117)) - 6550183a-8562-43dc-b28b-b6c484dc4935@group-4D2F0C4E8244-FollowerState was interrupted: java.lang.InterruptedException: sleep interrupted
2020-04-25 00:52:24,693 [Thread-2870] INFO  impl.FollowerState (FollowerState.java:run(108)) - 6550183a-8562-43dc-b28b-b6c484dc4935@group-0CB630F518CC-FollowerState: change to CANDIDATE, lastRpcTime:5114ms, electionTimeout:5113ms
2020-04-25 00:52:24,693 [Thread-2870] INFO  impl.RoleInfo (RoleInfo.java:shutdownFollowerState(121)) - 6550183a-8562-43dc-b28b-b6c484dc4935: shutdown FollowerState
2020-04-25 00:52:24,693 [Thread-2870] INFO  impl.RaftServerImpl (RaftServerImpl.java:setRole(172)) - 6550183a-8562-43dc-b28b-b6c484dc4935@group-0CB630F518CC: changes role from  FOLLOWER to CANDIDATE at term 0 for changeToCandidate
2020-04-25 00:52:24,693 [Thread-2870] INFO  impl.RoleInfo (RoleInfo.java:updateAndGet(143)) - 6550183a-8562-43dc-b28b-b6c484dc4935: start LeaderElection
2020-04-25 00:52:24,696 [44e8018b-e232-4b82-9d12-5076aa410e35@group-4D2F0C4E8244-LeaderElection94] INFO  server.RaftServerConfigKeys (ConfUtils.java:logGet(44)) - raft.server.log.appender.snapshot.chunk.size.max = 16MB (=16777216) (default)
2020-04-25 00:52:24,696 [44e8018b-e232-4b82-9d12-5076aa410e35@group-4D2F0C4E8244-LeaderElection94] INFO  server.RaftServerConfigKeys (ConfUtils.java:logGet(44)) - raft.server.log.appender.buffer.byte-limit = 33554432 (custom)
2020-04-25 00:52:24,696 [44e8018b-e232-4b82-9d12-5076aa410e35@group-4D2F0C4E8244-LeaderElection94] INFO  server.RaftServerConfigKeys (ConfUtils.java:logGet(44)) - raft.server.log.appender.buffer.element-limit = 1 (custom)
2020-04-25 00:52:24,696 [44e8018b-e232-4b82-9d12-5076aa410e35@group-4D2F0C4E8244-LeaderElection94] INFO  grpc.GrpcConfigKeys (ConfUtils.java:logGet(44)) - raft.grpc.server.leader.outstanding.appends.max = 128 (default)
2020-04-25 00:52:24,697 [44e8018b-e232-4b82-9d12-5076aa410e35@group-4D2F0C4E8244-LeaderElection94] INFO  server.RaftServerConfigKeys (ConfUtils.java:logGet(44)) - raft.server.rpc.request.timeout = 3s (default)
2020-04-25 00:52:24,697 [44e8018b-e232-4b82-9d12-5076aa410e35@group-4D2F0C4E8244-LeaderElection94] INFO  server.RaftServerConfigKeys (ConfUtils.java:logGet(44)) - raft.server.log.appender.install.snapshot.enabled = false (custom)
2020-04-25 00:52:24,699 [44e8018b-e232-4b82-9d12-5076aa410e35@group-4D2F0C4E8244-LeaderElection94] INFO  impl.RoleInfo (RoleInfo.java:updateAndGet(143)) - 44e8018b-e232-4b82-9d12-5076aa410e35: start LeaderState
2020-04-25 00:52:24,699 [44e8018b-e232-4b82-9d12-5076aa410e35@group-4D2F0C4E8244-LeaderElection94] INFO  segmented.SegmentedRaftLogWorker (SegmentedRaftLogWorker.java:startLogSegment(391)) - 44e8018b-e232-4b82-9d12-5076aa410e35@group-4D2F0C4E8244-SegmentedRaftLogWorker: Starting segment from index:0
2020-04-25 00:52:24,700 [44e8018b-e232-4b82-9d12-5076aa410e35@group-4D2F0C4E8244-SegmentedRaftLogWorker] INFO  segmented.SegmentedRaftLogWorker (SegmentedRaftLogWorker.java:execute(583)) - 44e8018b-e232-4b82-9d12-5076aa410e35@group-4D2F0C4E8244-SegmentedRaftLogWorker: created new log segment /github/workspace/mnt/ozone/hadoop-ozone/integration-test/target/test-dir/MiniOzoneClusterImpl-fac2b43d-d0f4-41bd-8b0e-0750bdad7e42/datanode-0/data/ratis/ae8a75f2-8a3b-4b14-97e2-4d2f0c4e8244/current/log_inprogress_0
2020-04-25 00:52:24,704 [6550183a-8562-43dc-b28b-b6c484dc4935@group-0CB630F518CC-LeaderElection96] INFO  impl.LeaderElection (LeaderElection.java:askForVotes(206)) - 6550183a-8562-43dc-b28b-b6c484dc4935@group-0CB630F518CC-LeaderElection96: begin an election at term 1 for -1: [a6f67013-66b6-4a15-861c-57dfff2f433f:172.17.0.2:43377, 6550183a-8562-43dc-b28b-b6c484dc4935:172.17.0.2:44877, 44e8018b-e232-4b82-9d12-5076aa410e35:172.17.0.2:35979], old=null
2020-04-25 00:52:24,706 [Thread-2868] INFO  impl.FollowerState (FollowerState.java:run(108)) - 6550183a-8562-43dc-b28b-b6c484dc4935@group-E8318D214939-FollowerState: change to CANDIDATE, lastRpcTime:5164ms, electionTimeout:5158ms
2020-04-25 00:52:24,706 [Thread-2868] INFO  impl.RoleInfo (RoleInfo.java:shutdownFollowerState(121)) - 6550183a-8562-43dc-b28b-b6c484dc4935: shutdown FollowerState
2020-04-25 00:52:24,706 [Thread-2868] INFO  impl.RaftServerImpl (RaftServerImpl.java:setRole(172)) - 6550183a-8562-43dc-b28b-b6c484dc4935@group-E8318D214939: changes role from  FOLLOWER to CANDIDATE at term 0 for changeToCandidate
2020-04-25 00:52:24,711 [Thread-2876] INFO  impl.FollowerState (FollowerState.java:run(108)) - 44e8018b-e232-4b82-9d12-5076aa410e35@group-0CB630F518CC-FollowerState: change to CANDIDATE, lastRpcTime:5105ms, electionTimeout:5105ms
2020-04-25 00:52:24,711 [Thread-2876] INFO  impl.RoleInfo (RoleInfo.java:shutdownFollowerState(121)) - 44e8018b-e232-4b82-9d12-5076aa410e35: shutdown FollowerState
2020-04-25 00:52:24,711 [Thread-2876] INFO  impl.RaftServerImpl (RaftServerImpl.java:setRole(172)) - 44e8018b-e232-4b82-9d12-5076aa410e35@group-0CB630F518CC: changes role from  FOLLOWER to CANDIDATE at term 0 for changeToCandidate
2020-04-25 00:52:24,712 [44e8018b-e232-4b82-9d12-5076aa410e35@group-4D2F0C4E8244-LeaderElection94] INFO  impl.RaftServerImpl (ServerState.java:setRaftConf(356)) - 44e8018b-e232-4b82-9d12-5076aa410e35@group-4D2F0C4E8244: set configuration 0: [a6f67013-66b6-4a15-861c-57dfff2f433f:172.17.0.2:43377, 6550183a-8562-43dc-b28b-b6c484dc4935:172.17.0.2:44877, 44e8018b-e232-4b82-9d12-5076aa410e35:172.17.0.2:35979], old=null at 0
2020-04-25 00:52:24,712 [Thread-2868] INFO  impl.RoleInfo (RoleInfo.java:updateAndGet(143)) - 6550183a-8562-43dc-b28b-b6c484dc4935: start LeaderElection
2020-04-25 00:52:24,728 [Thread-2876] INFO  impl.RoleInfo (RoleInfo.java:updateAndGet(143)) - 44e8018b-e232-4b82-9d12-5076aa410e35: start LeaderElection
2020-04-25 00:52:24,730 [6550183a-8562-43dc-b28b-b6c484dc4935@group-E8318D214939-LeaderElection97] INFO  impl.LeaderElection (LeaderElection.java:askForVotes(206)) - 6550183a-8562-43dc-b28b-b6c484dc4935@group-E8318D214939-LeaderElection97: begin an election at term 1 for -1: [6550183a-8562-43dc-b28b-b6c484dc4935:172.17.0.2:44877], old=null
2020-04-25 00:52:24,730 [6550183a-8562-43dc-b28b-b6c484dc4935@group-E8318D214939-LeaderElection97] INFO  impl.RoleInfo (RoleInfo.java:shutdownLeaderElection(134)) - 6550183a-8562-43dc-b28b-b6c484dc4935: shutdown LeaderElection
2020-04-25 00:52:24,730 [6550183a-8562-43dc-b28b-b6c484dc4935@group-E8318D214939-LeaderElection97] INFO  impl.RaftServerImpl (RaftServerImpl.java:setRole(172)) - 6550183a-8562-43dc-b28b-b6c484dc4935@group-E8318D214939: changes role from CANDIDATE to LEADER at term 1 for changeToLeader
2020-04-25 00:52:24,730 [6550183a-8562-43dc-b28b-b6c484dc4935@group-E8318D214939-LeaderElection97] INFO  ratis.XceiverServerRatis (XceiverServerRatis.java:handleLeaderChangedNotification(761)) - Leader change notification received for group: group-E8318D214939 with new leaderId: 6550183a-8562-43dc-b28b-b6c484dc4935
2020-04-25 00:52:24,730 [6550183a-8562-43dc-b28b-b6c484dc4935@group-E8318D214939-LeaderElection97] INFO  impl.RaftServerImpl (ServerState.java:setLeader(255)) - 6550183a-8562-43dc-b28b-b6c484dc4935@group-E8318D214939: change Leader from null to 6550183a-8562-43dc-b28b-b6c484dc4935 at term 1 for becomeLeader, leader elected after 5198ms
2020-04-25 00:52:24,730 [6550183a-8562-43dc-b28b-b6c484dc4935@group-E8318D214939-LeaderElection97] INFO  server.RaftServerConfigKeys (ConfUtils.java:logGet(44)) - raft.server.staging.catchup.gap = 1000 (default)
2020-04-25 00:52:24,730 [6550183a-8562-43dc-b28b-b6c484dc4935@group-E8318D214939-LeaderElection97] INFO  server.RaftServerConfigKeys (ConfUtils.java:logGet(44)) - raft.server.rpc.sleep.time = 25ms (default)
2020-04-25 00:52:24,730 [grpc-default-executor-3] INFO  impl.RaftServerImpl (RaftServerImpl.java:setRole(172)) - a6f67013-66b6-4a15-861c-57dfff2f433f@group-0CB630F518CC: changes role from  FOLLOWER to FOLLOWER at term 1 for recognizeCandidate:6550183a-8562-43dc-b28b-b6c484dc4935
2020-04-25 00:52:24,730 [grpc-default-executor-3] INFO  impl.RoleInfo (RoleInfo.java:shutdownFollowerState(121)) - a6f67013-66b6-4a15-861c-57dfff2f433f: shutdown FollowerState
2020-04-25 00:52:24,732 [grpc-default-executor-3] INFO  impl.RoleInfo (RoleInfo.java:updateAndGet(143)) - a6f67013-66b6-4a15-861c-57dfff2f433f: start FollowerState
2020-04-25 00:52:24,732 [Thread-2879] INFO  impl.FollowerState (FollowerState.java:run(117)) - a6f67013-66b6-4a15-861c-57dfff2f433f@group-0CB630F518CC-FollowerState was interrupted: java.lang.InterruptedException: sleep interrupted
2020-04-25 00:52:24,730 [6550183a-8562-43dc-b28b-b6c484dc4935@group-E8318D214939-LeaderElection97] INFO  metrics.RatisMetrics (RatisMetrics.java:lambda$create$0(39)) - Creating Metrics Registry : ratis.log_appender.6550183a-8562-43dc-b28b-b6c484dc4935@group-E8318D214939
2020-04-25 00:52:24,733 [6550183a-8562-43dc-b28b-b6c484dc4935@group-E8318D214939-LeaderElection97] INFO  server.RaftServerConfigKeys (ConfUtils.java:logGet(44)) - raft.server.write.element-limit = 1024 (custom)
2020-04-25 00:52:24,733 [6550183a-8562-43dc-b28b-b6c484dc4935@group-E8318D214939-LeaderElection97] INFO  server.RaftServerConfigKeys (ConfUtils.java:logGet(44)) - raft.server.write.byte-limit = 1073741824 (custom)
2020-04-25 00:52:24,743 [6550183a-8562-43dc-b28b-b6c484dc4935@group-0CB630F518CC-LeaderElection96] INFO  impl.LeaderElection (LeaderElection.java:logAndReturn(61)) - 6550183a-8562-43dc-b28b-b6c484dc4935@group-0CB630F518CC-LeaderElection96: Election PASSED; received 1 response(s) [6550183a-8562-43dc-b28b-b6c484dc4935<-a6f67013-66b6-4a15-861c-57dfff2f433f#0:OK-t1] and 0 exception(s); 6550183a-8562-43dc-b28b-b6c484dc4935@group-0CB630F518CC:t1, leader=null, voted=6550183a-8562-43dc-b28b-b6c484dc4935, raftlog=6550183a-8562-43dc-b28b-b6c484dc4935@group-0CB630F518CC-SegmentedRaftLog:OPENED:c-1,f-1,i0, conf=-1: [a6f67013-66b6-4a15-861c-57dfff2f433f:172.17.0.2:43377, 6550183a-8562-43dc-b28b-b6c484dc4935:172.17.0.2:44877, 44e8018b-e232-4b82-9d12-5076aa410e35:172.17.0.2:35979], old=null
2020-04-25 00:52:24,743 [6550183a-8562-43dc-b28b-b6c484dc4935@group-0CB630F518CC-LeaderElection96] INFO  impl.RoleInfo (RoleInfo.java:shutdownLeaderElection(134)) - 6550183a-8562-43dc-b28b-b6c484dc4935: shutdown LeaderElection
2020-04-25 00:52:24,744 [6550183a-8562-43dc-b28b-b6c484dc4935@group-0CB630F518CC-LeaderElection96] INFO  impl.RaftServerImpl (RaftServerImpl.java:setRole(172)) - 6550183a-8562-43dc-b28b-b6c484dc4935@group-0CB630F518CC: changes role from CANDIDATE to LEADER at term 1 for changeToLeader
2020-04-25 00:52:24,744 [6550183a-8562-43dc-b28b-b6c484dc4935@group-0CB630F518CC-LeaderElection96] INFO  ratis.XceiverServerRatis (XceiverServerRatis.java:handleLeaderChangedNotification(761)) - Leader change notification received for group: group-0CB630F518CC with new leaderId: 6550183a-8562-43dc-b28b-b6c484dc4935
2020-04-25 00:52:24,744 [6550183a-8562-43dc-b28b-b6c484dc4935@group-0CB630F518CC-LeaderElection96] INFO  impl.RaftServerImpl (ServerState.java:setLeader(255)) - 6550183a-8562-43dc-b28b-b6c484dc4935@group-0CB630F518CC: change Leader from null to 6550183a-8562-43dc-b28b-b6c484dc4935 at term 1 for becomeLeader, leader elected after 5180ms
2020-04-25 00:52:24,744 [6550183a-8562-43dc-b28b-b6c484dc4935@group-0CB630F518CC-LeaderElection96] INFO  server.RaftServerConfigKeys (ConfUtils.java:logGet(44)) - raft.server.staging.catchup.gap = 1000 (default)
2020-04-25 00:52:24,744 [6550183a-8562-43dc-b28b-b6c484dc4935@group-0CB630F518CC-LeaderElection96] INFO  server.RaftServerConfigKeys (ConfUtils.java:logGet(44)) - raft.server.rpc.sleep.time = 25ms (default)
2020-04-25 00:52:24,744 [6550183a-8562-43dc-b28b-b6c484dc4935@group-0CB630F518CC-LeaderElection96] INFO  metrics.RatisMetrics (RatisMetrics.java:lambda$create$0(39)) - Creating Metrics Registry : ratis.log_appender.6550183a-8562-43dc-b28b-b6c484dc4935@group-0CB630F518CC
2020-04-25 00:52:24,744 [6550183a-8562-43dc-b28b-b6c484dc4935@group-0CB630F518CC-LeaderElection96] INFO  server.RaftServerConfigKeys (ConfUtils.java:logGet(44)) - raft.server.write.element-limit = 1024 (custom)
2020-04-25 00:52:24,744 [6550183a-8562-43dc-b28b-b6c484dc4935@group-0CB630F518CC-LeaderElection96] INFO  server.RaftServerConfigKeys (ConfUtils.java:logGet(44)) - raft.server.write.byte-limit = 1073741824 (custom)
2020-04-25 00:52:24,745 [EventQueue-PipelineReportForPipelineReportHandler] INFO  pipeline.PipelineStateManager (PipelineStateManager.java:openPipeline(131)) - Pipeline Pipeline[ Id: 6de2b53f-2eb0-4b5a-b9e7-0cb630f518cc, Nodes: 6550183a-8562-43dc-b28b-b6c484dc4935{ip: 172.17.0.2, host: 077b0f5420d0, networkLocation: /default-rack, certSerialId: null}44e8018b-e232-4b82-9d12-5076aa410e35{ip: 172.17.0.2, host: 077b0f5420d0, networkLocation: /default-rack, certSerialId: null}a6f67013-66b6-4a15-861c-57dfff2f433f{ip: 172.17.0.2, host: 077b0f5420d0, networkLocation: /default-rack, certSerialId: null}, Type:RATIS, Factor:THREE, State:ALLOCATED, leaderId:6550183a-8562-43dc-b28b-b6c484dc4935, CreationTimestamp2020-04-25T00:52:16.713Z] moved to OPEN state
2020-04-25 00:52:24,749 [grpc-default-executor-9] INFO  impl.RaftServerImpl (RaftServerImpl.java:setRole(172)) - 44e8018b-e232-4b82-9d12-5076aa410e35@group-0CB630F518CC: changes role from CANDIDATE to FOLLOWER at term 1 for recognizeCandidate:6550183a-8562-43dc-b28b-b6c484dc4935
2020-04-25 00:52:24,749 [grpc-default-executor-9] INFO  impl.RoleInfo (RoleInfo.java:shutdownLeaderElection(134)) - 44e8018b-e232-4b82-9d12-5076aa410e35: shutdown LeaderElection
2020-04-25 00:52:24,749 [grpc-default-executor-9] INFO  impl.RoleInfo (RoleInfo.java:updateAndGet(143)) - 44e8018b-e232-4b82-9d12-5076aa410e35: start FollowerState
2020-04-25 00:52:24,750 [Thread-2920] INFO  impl.RaftServerImpl (ServerState.java:setLeader(255)) - 44e8018b-e232-4b82-9d12-5076aa410e35@group-4D2F0C4E8244: change Leader from 44e8018b-e232-4b82-9d12-5076aa410e35 to null at term 2 for updateCurrentTerm
2020-04-25 00:52:24,750 [Thread-2920] INFO  impl.RaftServerImpl (RaftServerImpl.java:setRole(172)) - 44e8018b-e232-4b82-9d12-5076aa410e35@group-4D2F0C4E8244: changes role from    LEADER to FOLLOWER at term 2 for stepDown
2020-04-25 00:52:24,750 [Thread-2920] INFO  impl.RoleInfo (RoleInfo.java:shutdownLeaderState(104)) - 44e8018b-e232-4b82-9d12-5076aa410e35: shutdown LeaderState
2020-04-25 00:52:24,751 [org.apache.ratis.server.impl.LogAppender$AppenderDaemon$$Lambda$440/1185594983@2986e880] WARN  server.GrpcLogAppender (GrpcLogAppender.java:mayWait(153)) - 44e8018b-e232-4b82-9d12-5076aa410e35@group-4D2F0C4E8244->6550183a-8562-43dc-b28b-b6c484dc4935-GrpcLogAppender: Wait interrupted by java.lang.InterruptedException
2020-04-25 00:52:24,751 [Thread-2920] INFO  impl.PendingRequests (PendingRequests.java:sendNotLeaderResponses(240)) - 44e8018b-e232-4b82-9d12-5076aa410e35@group-4D2F0C4E8244-PendingRequests: sendNotLeaderResponses
2020-04-25 00:52:24,751 [Thread-2920] INFO  metrics.RatisMetrics (RatisMetrics.java:unregister(46)) - Unregistering Metrics Registry : ratis.log_appender.44e8018b-e232-4b82-9d12-5076aa410e35@group-4D2F0C4E8244
2020-04-25 00:52:24,751 [Thread-2920] INFO  impl.RoleInfo (RoleInfo.java:updateAndGet(143)) - 44e8018b-e232-4b82-9d12-5076aa410e35: start FollowerState
2020-04-25 00:52:24,752 [org.apache.ratis.server.impl.LogAppender$AppenderDaemon$$Lambda$440/1185594983@74f3723] WARN  server.GrpcLogAppender (GrpcLogAppender.java:mayWait(153)) - 44e8018b-e232-4b82-9d12-5076aa410e35@group-4D2F0C4E8244->a6f67013-66b6-4a15-861c-57dfff2f433f-GrpcLogAppender: Wait interrupted by java.lang.InterruptedException
2020-04-25 00:52:24,754 [grpc-default-executor-0] INFO  server.GrpcServerProtocolService (GrpcServerProtocolService.java:onCompleted(137)) - 6550183a-8562-43dc-b28b-b6c484dc4935: Completed APPEND_ENTRIES, lastRequest: 44e8018b-e232-4b82-9d12-5076aa410e35->6550183a-8562-43dc-b28b-b6c484dc4935#1-t1, previous=(t:0, i:0), leaderCommit=0, initializing? false, entries: size=1, first=(t:1, i:0), CONFIGURATIONENTRY
2020-04-25 00:52:24,757 [6550183a-8562-43dc-b28b-b6c484dc4935@group-E8318D214939-LeaderElection97] INFO  server.RaftServerConfigKeys (ConfUtils.java:logGet(44)) - raft.server.watch.timeout = 3s (custom)
2020-04-25 00:52:24,757 [grpc-default-executor-4] INFO  impl.RaftServerImpl (RaftServerImpl.java:setRole(172)) - 44e8018b-e232-4b82-9d12-5076aa410e35@group-4D2F0C4E8244: changes role from  FOLLOWER to FOLLOWER at term 2 for recognizeCandidate:a6f67013-66b6-4a15-861c-57dfff2f433f
2020-04-25 00:52:24,758 [6550183a-8562-43dc-b28b-b6c484dc4935@group-E8318D214939-LeaderElection97] INFO  server.RaftServerConfigKeys (ConfUtils.java:logGet(44)) - raft.server.watch.timeout.denomination = 1s (default)
2020-04-25 00:52:24,758 [grpc-default-executor-4] INFO  impl.RoleInfo (RoleInfo.java:shutdownFollowerState(121)) - 44e8018b-e232-4b82-9d12-5076aa410e35: shutdown FollowerState
2020-04-25 00:52:24,758 [grpc-default-executor-4] INFO  impl.RoleInfo (RoleInfo.java:updateAndGet(143)) - 44e8018b-e232-4b82-9d12-5076aa410e35: start FollowerState
2020-04-25 00:52:24,758 [grpc-default-executor-3] INFO  server.GrpcServerProtocolService (GrpcServerProtocolService.java:onCompleted(137)) - a6f67013-66b6-4a15-861c-57dfff2f433f: Completed APPEND_ENTRIES, lastRequest: 44e8018b-e232-4b82-9d12-5076aa410e35->a6f67013-66b6-4a15-861c-57dfff2f433f#1-t1, previous=(t:0, i:0), leaderCommit=0, initializing? false, entries: size=1, first=(t:1, i:0), CONFIGURATIONENTRY
2020-04-25 00:52:24,759 [6550183a-8562-43dc-b28b-b6c484dc4935@group-0CB630F518CC-LeaderElection96] INFO  server.RaftServerConfigKeys (ConfUtils.java:logGet(44)) - raft.server.watch.timeout = 3s (custom)
2020-04-25 00:52:24,759 [6550183a-8562-43dc-b28b-b6c484dc4935@group-0CB630F518CC-LeaderElection96] INFO  server.RaftServerConfigKeys (ConfUtils.java:logGet(44)) - raft.server.watch.timeout.denomination = 1s (default)
2020-04-25 00:52:24,764 [6550183a-8562-43dc-b28b-b6c484dc4935@group-0CB630F518CC-LeaderElection96] INFO  server.RaftServerConfigKeys (ConfUtils.java:logGet(44)) - raft.server.watch.element-limit = 65536 (default)
2020-04-25 00:52:24,764 [6550183a-8562-43dc-b28b-b6c484dc4935@group-0CB630F518CC-LeaderElection96] INFO  server.RaftServerConfigKeys (ConfUtils.java:logGet(44)) - raft.server.log.appender.snapshot.chunk.size.max = 16MB (=16777216) (default)
2020-04-25 00:52:24,764 [6550183a-8562-43dc-b28b-b6c484dc4935@group-0CB630F518CC-LeaderElection96] INFO  server.RaftServerConfigKeys (ConfUtils.java:logGet(44)) - raft.server.log.appender.buffer.byte-limit = 33554432 (custom)
2020-04-25 00:52:24,764 [6550183a-8562-43dc-b28b-b6c484dc4935@group-0CB630F518CC-LeaderElection96] INFO  server.RaftServerConfigKeys (ConfUtils.java:logGet(44)) - raft.server.log.appender.buffer.element-limit = 1 (custom)
2020-04-25 00:52:24,765 [6550183a-8562-43dc-b28b-b6c484dc4935@group-0CB630F518CC-LeaderElection96] INFO  grpc.GrpcConfigKeys (ConfUtils.java:logGet(44)) - raft.grpc.server.leader.outstanding.appends.max = 128 (default)
2020-04-25 00:52:24,765 [6550183a-8562-43dc-b28b-b6c484dc4935@group-0CB630F518CC-LeaderElection96] INFO  server.RaftServerConfigKeys (ConfUtils.java:logGet(44)) - raft.server.rpc.request.timeout = 3s (default)
2020-04-25 00:52:24,765 [6550183a-8562-43dc-b28b-b6c484dc4935@group-0CB630F518CC-LeaderElection96] INFO  server.RaftServerConfigKeys (ConfUtils.java:logGet(44)) - raft.server.log.appender.install.snapshot.enabled = false (custom)
2020-04-25 00:52:24,758 [6550183a-8562-43dc-b28b-b6c484dc4935@group-E8318D214939-LeaderElection97] INFO  server.RaftServerConfigKeys (ConfUtils.java:logGet(44)) - raft.server.watch.element-limit = 65536 (default)
2020-04-25 00:52:24,765 [6550183a-8562-43dc-b28b-b6c484dc4935@group-E8318D214939-LeaderElection97] INFO  impl.RoleInfo (RoleInfo.java:updateAndGet(143)) - 6550183a-8562-43dc-b28b-b6c484dc4935: start LeaderState
2020-04-25 00:52:24,764 [grpc-default-executor-3] INFO  server.GrpcLogAppender (GrpcLogAppender.java:onCompleted(309)) - 44e8018b-e232-4b82-9d12-5076aa410e35@group-4D2F0C4E8244->6550183a-8562-43dc-b28b-b6c484dc4935-AppendLogResponseHandler: follower responses appendEntries COMPLETED
2020-04-25 00:52:24,764 [grpc-default-executor-0] INFO  server.GrpcLogAppender (GrpcLogAppender.java:onCompleted(309)) - 44e8018b-e232-4b82-9d12-5076aa410e35@group-4D2F0C4E8244->a6f67013-66b6-4a15-861c-57dfff2f433f-AppendLogResponseHandler: follower responses appendEntries COMPLETED
2020-04-25 00:52:24,766 [grpc-default-executor-3] INFO  impl.FollowerInfo (FollowerInfo.java:lambda$new$0(50)) - 44e8018b-e232-4b82-9d12-5076aa410e35@group-4D2F0C4E8244->6550183a-8562-43dc-b28b-b6c484dc4935: nextIndex: updateUnconditionally 1 -> 0
2020-04-25 00:52:24,767 [grpc-default-executor-0] INFO  impl.FollowerInfo (FollowerInfo.java:lambda$new$0(50)) - 44e8018b-e232-4b82-9d12-5076aa410e35@group-4D2F0C4E8244->a6f67013-66b6-4a15-861c-57dfff2f433f: nextIndex: updateUnconditionally 1 -> 0
2020-04-25 00:52:24,767 [44e8018b-e232-4b82-9d12-5076aa410e35@group-0CB630F518CC-LeaderElection98] INFO  impl.LeaderElection (LeaderElection.java:askForVotes(206)) - 44e8018b-e232-4b82-9d12-5076aa410e35@group-0CB630F518CC-LeaderElection98: begin an election at term 2 for -1: [a6f67013-66b6-4a15-861c-57dfff2f433f:172.17.0.2:43377, 6550183a-8562-43dc-b28b-b6c484dc4935:172.17.0.2:44877, 44e8018b-e232-4b82-9d12-5076aa410e35:172.17.0.2:35979], old=null
2020-04-25 00:52:24,766 [Thread-2935] INFO  impl.FollowerState (FollowerState.java:run(117)) - 44e8018b-e232-4b82-9d12-5076aa410e35@group-4D2F0C4E8244-FollowerState was interrupted: java.lang.InterruptedException: sleep interrupted
2020-04-25 00:52:24,769 [6550183a-8562-43dc-b28b-b6c484dc4935@group-E8318D214939-LeaderElection97] INFO  segmented.SegmentedRaftLogWorker (SegmentedRaftLogWorker.java:startLogSegment(391)) - 6550183a-8562-43dc-b28b-b6c484dc4935@group-E8318D214939-SegmentedRaftLogWorker: Starting segment from index:0
2020-04-25 00:52:24,772 [6550183a-8562-43dc-b28b-b6c484dc4935@group-0CB630F518CC-LeaderElection96] INFO  server.RaftServerConfigKeys (ConfUtils.java:logGet(44)) - raft.server.log.appender.snapshot.chunk.size.max = 16MB (=16777216) (default)
2020-04-25 00:52:24,772 [6550183a-8562-43dc-b28b-b6c484dc4935@group-0CB630F518CC-LeaderElection96] INFO  server.RaftServerConfigKeys (ConfUtils.java:logGet(44)) - raft.server.log.appender.buffer.byte-limit = 33554432 (custom)
2020-04-25 00:52:24,772 [6550183a-8562-43dc-b28b-b6c484dc4935@group-0CB630F518CC-LeaderElection96] INFO  server.RaftServerConfigKeys (ConfUtils.java:logGet(44)) - raft.server.log.appender.buffer.element-limit = 1 (custom)
2020-04-25 00:52:24,776 [44e8018b-e232-4b82-9d12-5076aa410e35@group-0CB630F518CC-LeaderElection98] INFO  impl.LeaderElection (LeaderElection.java:logAndReturn(61)) - 44e8018b-e232-4b82-9d12-5076aa410e35@group-0CB630F518CC-LeaderElection98: Election REJECTED; received 0 response(s) [] and 0 exception(s); 44e8018b-e232-4b82-9d12-5076aa410e35@group-0CB630F518CC:t2, leader=null, voted=44e8018b-e232-4b82-9d12-5076aa410e35, raftlog=44e8018b-e232-4b82-9d12-5076aa410e35@group-0CB630F518CC-SegmentedRaftLog:OPENED:c-1,f-1,i0, conf=-1: [a6f67013-66b6-4a15-861c-57dfff2f433f:172.17.0.2:43377, 6550183a-8562-43dc-b28b-b6c484dc4935:172.17.0.2:44877, 44e8018b-e232-4b82-9d12-5076aa410e35:172.17.0.2:35979], old=null
2020-04-25 00:52:24,777 [6550183a-8562-43dc-b28b-b6c484dc4935@group-E8318D214939-LeaderElection97] INFO  impl.RaftServerImpl (ServerState.java:setRaftConf(356)) - 6550183a-8562-43dc-b28b-b6c484dc4935@group-E8318D214939: set configuration 0: [6550183a-8562-43dc-b28b-b6c484dc4935:172.17.0.2:44877], old=null at 0
2020-04-25 00:52:24,777 [6550183a-8562-43dc-b28b-b6c484dc4935@group-0CB630F518CC-LeaderElection96] INFO  grpc.GrpcConfigKeys (ConfUtils.java:logGet(44)) - raft.grpc.server.leader.outstanding.appends.max = 128 (default)
2020-04-25 00:52:24,777 [6550183a-8562-43dc-b28b-b6c484dc4935@group-0CB630F518CC-LeaderElection96] INFO  server.RaftServerConfigKeys (ConfUtils.java:logGet(44)) - raft.server.rpc.request.timeout = 3s (default)
2020-04-25 00:52:24,777 [6550183a-8562-43dc-b28b-b6c484dc4935@group-0CB630F518CC-LeaderElection96] INFO  server.RaftServerConfigKeys (ConfUtils.java:logGet(44)) - raft.server.log.appender.install.snapshot.enabled = false (custom)
2020-04-25 00:52:24,779 [6550183a-8562-43dc-b28b-b6c484dc4935@group-E8318D214939-SegmentedRaftLogWorker] INFO  segmented.SegmentedRaftLogWorker (SegmentedRaftLogWorker.java:execute(583)) - 6550183a-8562-43dc-b28b-b6c484dc4935@group-E8318D214939-SegmentedRaftLogWorker: created new log segment /github/workspace/mnt/ozone/hadoop-ozone/integration-test/target/test-dir/MiniOzoneClusterImpl-fac2b43d-d0f4-41bd-8b0e-0750bdad7e42/datanode-1/data/ratis/41ff482e-e34f-47ca-99c8-e8318d214939/current/log_inprogress_0
2020-04-25 00:52:24,785 [6550183a-8562-43dc-b28b-b6c484dc4935@group-0CB630F518CC-LeaderElection96] INFO  impl.RoleInfo (RoleInfo.java:updateAndGet(143)) - 6550183a-8562-43dc-b28b-b6c484dc4935: start LeaderState
2020-04-25 00:52:24,786 [6550183a-8562-43dc-b28b-b6c484dc4935@group-0CB630F518CC-LeaderElection96] INFO  segmented.SegmentedRaftLogWorker (SegmentedRaftLogWorker.java:startLogSegment(391)) - 6550183a-8562-43dc-b28b-b6c484dc4935@group-0CB630F518CC-SegmentedRaftLogWorker: Starting segment from index:0
2020-04-25 00:52:24,791 [grpc-default-executor-0] INFO  impl.RaftServerImpl (RaftServerImpl.java:setRole(172)) - a6f67013-66b6-4a15-861c-57dfff2f433f@group-0CB630F518CC: changes role from  FOLLOWER to FOLLOWER at term 2 for recognizeCandidate:44e8018b-e232-4b82-9d12-5076aa410e35
2020-04-25 00:52:24,791 [grpc-default-executor-0] INFO  impl.RoleInfo (RoleInfo.java:shutdownFollowerState(121)) - a6f67013-66b6-4a15-861c-57dfff2f433f: shutdown FollowerState
2020-04-25 00:52:24,791 [grpc-default-executor-0] INFO  impl.RoleInfo (RoleInfo.java:updateAndGet(143)) - a6f67013-66b6-4a15-861c-57dfff2f433f: start FollowerState
2020-04-25 00:52:24,792 [Thread-2932] INFO  impl.FollowerState (FollowerState.java:run(117)) - a6f67013-66b6-4a15-861c-57dfff2f433f@group-0CB630F518CC-FollowerState was interrupted: java.lang.InterruptedException: sleep interrupted
2020-04-25 00:52:24,796 [6550183a-8562-43dc-b28b-b6c484dc4935@group-0CB630F518CC-LeaderElection96] INFO  impl.RaftServerImpl (ServerState.java:setRaftConf(356)) - 6550183a-8562-43dc-b28b-b6c484dc4935@group-0CB630F518CC: set configuration 0: [a6f67013-66b6-4a15-861c-57dfff2f433f:172.17.0.2:43377, 6550183a-8562-43dc-b28b-b6c484dc4935:172.17.0.2:44877, 44e8018b-e232-4b82-9d12-5076aa410e35:172.17.0.2:35979], old=null at 0
2020-04-25 00:52:24,799 [6550183a-8562-43dc-b28b-b6c484dc4935@group-0CB630F518CC-SegmentedRaftLogWorker] INFO  segmented.SegmentedRaftLogWorker (SegmentedRaftLogWorker.java:execute(583)) - 6550183a-8562-43dc-b28b-b6c484dc4935@group-0CB630F518CC-SegmentedRaftLogWorker: created new log segment /github/workspace/mnt/ozone/hadoop-ozone/integration-test/target/test-dir/MiniOzoneClusterImpl-fac2b43d-d0f4-41bd-8b0e-0750bdad7e42/datanode-1/data/ratis/6de2b53f-2eb0-4b5a-b9e7-0cb630f518cc/current/log_inprogress_0
2020-04-25 00:52:24,807 [grpc-default-executor-3] INFO  impl.RaftServerImpl (ServerState.java:setLeader(255)) - 6550183a-8562-43dc-b28b-b6c484dc4935@group-0CB630F518CC: change Leader from 6550183a-8562-43dc-b28b-b6c484dc4935 to null at term 2 for updateCurrentTerm
2020-04-25 00:52:24,807 [grpc-default-executor-3] INFO  impl.RaftServerImpl (RaftServerImpl.java:setRole(172)) - 6550183a-8562-43dc-b28b-b6c484dc4935@group-0CB630F518CC: changes role from    LEADER to FOLLOWER at term 2 for recognizeCandidate:44e8018b-e232-4b82-9d12-5076aa410e35
2020-04-25 00:52:24,807 [grpc-default-executor-3] INFO  impl.RoleInfo (RoleInfo.java:shutdownLeaderState(104)) - 6550183a-8562-43dc-b28b-b6c484dc4935: shutdown LeaderState
2020-04-25 00:52:24,816 [org.apache.ratis.server.impl.LogAppender$AppenderDaemon$$Lambda$440/1185594983@37fd2b61] WARN  server.GrpcLogAppender (GrpcLogAppender.java:mayWait(153)) - 6550183a-8562-43dc-b28b-b6c484dc4935@group-0CB630F518CC->44e8018b-e232-4b82-9d12-5076aa410e35-GrpcLogAppender: Wait interrupted by java.lang.InterruptedException
2020-04-25 00:52:24,816 [grpc-default-executor-3] INFO  impl.PendingRequests (PendingRequests.java:sendNotLeaderResponses(240)) - 6550183a-8562-43dc-b28b-b6c484dc4935@group-0CB630F518CC-PendingRequests: sendNotLeaderResponses
2020-04-25 00:52:24,817 [grpc-default-executor-3] INFO  metrics.RatisMetrics (RatisMetrics.java:unregister(46)) - Unregistering Metrics Registry : ratis.log_appender.6550183a-8562-43dc-b28b-b6c484dc4935@group-0CB630F518CC
2020-04-25 00:52:24,818 [grpc-default-executor-3] INFO  impl.RoleInfo (RoleInfo.java:updateAndGet(143)) - 6550183a-8562-43dc-b28b-b6c484dc4935: start FollowerState
2020-04-25 00:52:24,821 [grpc-default-executor-4] INFO  server.GrpcServerProtocolService (GrpcServerProtocolService.java:onCompleted(137)) - 44e8018b-e232-4b82-9d12-5076aa410e35: Completed APPEND_ENTRIES, lastRequest: 6550183a-8562-43dc-b28b-b6c484dc4935->44e8018b-e232-4b82-9d12-5076aa410e35#1-t1, previous=(t:0, i:0), leaderCommit=-1, initializing? false, entries: size=1, first=(t:1, i:0), CONFIGURATIONENTRY
2020-04-25 00:52:24,822 [org.apache.ratis.server.impl.LogAppender$AppenderDaemon$$Lambda$440/1185594983@5d0708a3] WARN  server.GrpcLogAppender (GrpcLogAppender.java:mayWait(153)) - 6550183a-8562-43dc-b28b-b6c484dc4935@group-0CB630F518CC->a6f67013-66b6-4a15-861c-57dfff2f433f-GrpcLogAppender: Wait interrupted by java.lang.InterruptedException
2020-04-25 00:52:24,822 [grpc-default-executor-4] INFO  server.GrpcServerProtocolService (GrpcServerProtocolService.java:onCompleted(137)) - a6f67013-66b6-4a15-861c-57dfff2f433f: Completed APPEND_ENTRIES, lastRequest: null
2020-04-25 00:52:24,826 [grpc-default-executor-0] INFO  server.GrpcLogAppender (GrpcLogAppender.java:onCompleted(309)) - 6550183a-8562-43dc-b28b-b6c484dc4935@group-0CB630F518CC->a6f67013-66b6-4a15-861c-57dfff2f433f-AppendLogResponseHandler: follower responses appendEntries COMPLETED
2020-04-25 00:52:24,827 [Thread-2883] INFO  impl.FollowerState (FollowerState.java:run(108)) - a6f67013-66b6-4a15-861c-57dfff2f433f@group-3D657C2857E7-FollowerState: change to CANDIDATE, lastRpcTime:5109ms, electionTimeout:5108ms
2020-04-25 00:52:24,828 [Thread-2883] INFO  impl.RoleInfo (RoleInfo.java:shutdownFollowerState(121)) - a6f67013-66b6-4a15-861c-57dfff2f433f: shutdown FollowerState
2020-04-25 00:52:24,828 [Thread-2883] INFO  impl.RaftServerImpl (RaftServerImpl.java:setRole(172)) - a6f67013-66b6-4a15-861c-57dfff2f433f@group-3D657C2857E7: changes role from  FOLLOWER to CANDIDATE at term 0 for changeToCandidate
2020-04-25 00:52:24,828 [Thread-2883] INFO  impl.RoleInfo (RoleInfo.java:updateAndGet(143)) - a6f67013-66b6-4a15-861c-57dfff2f433f: start LeaderElection
2020-04-25 00:52:24,829 [grpc-default-executor-3] INFO  server.GrpcLogAppender (GrpcLogAppender.java:onCompleted(309)) - 6550183a-8562-43dc-b28b-b6c484dc4935@group-0CB630F518CC->44e8018b-e232-4b82-9d12-5076aa410e35-AppendLogResponseHandler: follower responses appendEntries COMPLETED
2020-04-25 00:52:24,829 [grpc-default-executor-3] INFO  impl.FollowerInfo (FollowerInfo.java:lambda$new$0(50)) - 6550183a-8562-43dc-b28b-b6c484dc4935@group-0CB630F518CC->44e8018b-e232-4b82-9d12-5076aa410e35: nextIndex: updateUnconditionally 1 -> 0
2020-04-25 00:52:24,831 [grpc-default-executor-0] INFO  impl.FollowerInfo (FollowerInfo.java:lambda$new$0(50)) - 6550183a-8562-43dc-b28b-b6c484dc4935@group-0CB630F518CC->a6f67013-66b6-4a15-861c-57dfff2f433f: nextIndex: updateUnconditionally 1 -> 0
2020-04-25 00:52:24,838 [a6f67013-66b6-4a15-861c-57dfff2f433f@group-3D657C2857E7-LeaderElection99] INFO  impl.LeaderElection (LeaderElection.java:askForVotes(206)) - a6f67013-66b6-4a15-861c-57dfff2f433f@group-3D657C2857E7-LeaderElection99: begin an election at term 1 for -1: [a6f67013-66b6-4a15-861c-57dfff2f433f:172.17.0.2:43377], old=null
2020-04-25 00:52:24,838 [a6f67013-66b6-4a15-861c-57dfff2f433f@group-3D657C2857E7-LeaderElection99] INFO  impl.RoleInfo (RoleInfo.java:shutdownLeaderElection(134)) - a6f67013-66b6-4a15-861c-57dfff2f433f: shutdown LeaderElection
2020-04-25 00:52:24,838 [a6f67013-66b6-4a15-861c-57dfff2f433f@group-3D657C2857E7-LeaderElection99] INFO  impl.RaftServerImpl (RaftServerImpl.java:setRole(172)) - a6f67013-66b6-4a15-861c-57dfff2f433f@group-3D657C2857E7: changes role from CANDIDATE to LEADER at term 1 for changeToLeader
2020-04-25 00:52:24,838 [a6f67013-66b6-4a15-861c-57dfff2f433f@group-3D657C2857E7-LeaderElection99] INFO  ratis.XceiverServerRatis (XceiverServerRatis.java:handleLeaderChangedNotification(761)) - Leader change notification received for group: group-3D657C2857E7 with new leaderId: a6f67013-66b6-4a15-861c-57dfff2f433f
2020-04-25 00:52:24,838 [a6f67013-66b6-4a15-861c-57dfff2f433f@group-3D657C2857E7-LeaderElection99] INFO  impl.RaftServerImpl (ServerState.java:setLeader(255)) - a6f67013-66b6-4a15-861c-57dfff2f433f@group-3D657C2857E7: change Leader from null to a6f67013-66b6-4a15-861c-57dfff2f433f at term 1 for becomeLeader, leader elected after 5126ms
2020-04-25 00:52:24,839 [a6f67013-66b6-4a15-861c-57dfff2f433f@group-3D657C2857E7-LeaderElection99] INFO  server.RaftServerConfigKeys (ConfUtils.java:logGet(44)) - raft.server.staging.catchup.gap = 1000 (default)
2020-04-25 00:52:24,839 [a6f67013-66b6-4a15-861c-57dfff2f433f@group-3D657C2857E7-LeaderElection99] INFO  server.RaftServerConfigKeys (ConfUtils.java:logGet(44)) - raft.server.rpc.sleep.time = 25ms (default)
2020-04-25 00:52:24,839 [a6f67013-66b6-4a15-861c-57dfff2f433f@group-3D657C2857E7-LeaderElection99] INFO  metrics.RatisMetrics (RatisMetrics.java:lambda$create$0(39)) - Creating Metrics Registry : ratis.log_appender.a6f67013-66b6-4a15-861c-57dfff2f433f@group-3D657C2857E7
2020-04-25 00:52:24,840 [a6f67013-66b6-4a15-861c-57dfff2f433f@group-3D657C2857E7-LeaderElection99] INFO  server.RaftServerConfigKeys (ConfUtils.java:logGet(44)) - raft.server.write.element-limit = 1024 (custom)
2020-04-25 00:52:24,840 [a6f67013-66b6-4a15-861c-57dfff2f433f@group-3D657C2857E7-LeaderElection99] INFO  server.RaftServerConfigKeys (ConfUtils.java:logGet(44)) - raft.server.write.byte-limit = 1073741824 (custom)
2020-04-25 00:52:24,841 [a6f67013-66b6-4a15-861c-57dfff2f433f@group-3D657C2857E7-LeaderElection99] INFO  server.RaftServerConfigKeys (ConfUtils.java:logGet(44)) - raft.server.watch.timeout = 3s (custom)
2020-04-25 00:52:24,843 [a6f67013-66b6-4a15-861c-57dfff2f433f@group-3D657C2857E7-LeaderElection99] INFO  server.RaftServerConfigKeys (ConfUtils.java:logGet(44)) - raft.server.watch.timeout.denomination = 1s (default)
2020-04-25 00:52:24,843 [a6f67013-66b6-4a15-861c-57dfff2f433f@group-3D657C2857E7-LeaderElection99] INFO  server.RaftServerConfigKeys (ConfUtils.java:logGet(44)) - raft.server.watch.element-limit = 65536 (default)
2020-04-25 00:52:24,843 [a6f67013-66b6-4a15-861c-57dfff2f433f@group-3D657C2857E7-LeaderElection99] INFO  impl.RoleInfo (RoleInfo.java:updateAndGet(143)) - a6f67013-66b6-4a15-861c-57dfff2f433f: start LeaderState
2020-04-25 00:52:24,844 [a6f67013-66b6-4a15-861c-57dfff2f433f@group-3D657C2857E7-LeaderElection99] INFO  segmented.SegmentedRaftLogWorker (SegmentedRaftLogWorker.java:startLogSegment(391)) - a6f67013-66b6-4a15-861c-57dfff2f433f@group-3D657C2857E7-SegmentedRaftLogWorker: Starting segment from index:0
2020-04-25 00:52:24,844 [a6f67013-66b6-4a15-861c-57dfff2f433f@group-3D657C2857E7-LeaderElection99] INFO  impl.RaftServerImpl (ServerState.java:setRaftConf(356)) - a6f67013-66b6-4a15-861c-57dfff2f433f@group-3D657C2857E7: set configuration 0: [a6f67013-66b6-4a15-861c-57dfff2f433f:172.17.0.2:43377], old=null at 0
2020-04-25 00:52:24,845 [a6f67013-66b6-4a15-861c-57dfff2f433f@group-3D657C2857E7-SegmentedRaftLogWorker] INFO  segmented.SegmentedRaftLogWorker (SegmentedRaftLogWorker.java:execute(583)) - a6f67013-66b6-4a15-861c-57dfff2f433f@group-3D657C2857E7-SegmentedRaftLogWorker: created new log segment /github/workspace/mnt/ozone/hadoop-ozone/integration-test/target/test-dir/MiniOzoneClusterImpl-fac2b43d-d0f4-41bd-8b0e-0750bdad7e42/datanode-2/data/ratis/3d3a18c4-d1d8-4d46-9959-3d657c2857e7/current/log_inprogress_0
2020-04-25 00:52:24,883 [Thread-2885] INFO  impl.FollowerState (FollowerState.java:run(108)) - 01d66f6b-871f-49cc-8cf1-f917fde7eb54@group-908272680366-FollowerState: change to CANDIDATE, lastRpcTime:5075ms, electionTimeout:5075ms
2020-04-25 00:52:24,884 [Thread-2885] INFO  impl.RoleInfo (RoleInfo.java:shutdownFollowerState(121)) - 01d66f6b-871f-49cc-8cf1-f917fde7eb54: shutdown FollowerState
2020-04-25 00:52:24,884 [Thread-2885] INFO  impl.RaftServerImpl (RaftServerImpl.java:setRole(172)) - 01d66f6b-871f-49cc-8cf1-f917fde7eb54@group-908272680366: changes role from  FOLLOWER to CANDIDATE at term 0 for changeToCandidate
2020-04-25 00:52:24,884 [Thread-2885] INFO  impl.RoleInfo (RoleInfo.java:updateAndGet(143)) - 01d66f6b-871f-49cc-8cf1-f917fde7eb54: start LeaderElection
2020-04-25 00:52:24,887 [01d66f6b-871f-49cc-8cf1-f917fde7eb54@group-908272680366-LeaderElection100] INFO  impl.LeaderElection (LeaderElection.java:askForVotes(206)) - 01d66f6b-871f-49cc-8cf1-f917fde7eb54@group-908272680366-LeaderElection100: begin an election at term 1 for -1: [01d66f6b-871f-49cc-8cf1-f917fde7eb54:172.17.0.2:36377], old=null
2020-04-25 00:52:24,887 [01d66f6b-871f-49cc-8cf1-f917fde7eb54@group-908272680366-LeaderElection100] INFO  impl.RoleInfo (RoleInfo.java:shutdownLeaderElection(134)) - 01d66f6b-871f-49cc-8cf1-f917fde7eb54: shutdown LeaderElection
2020-04-25 00:52:24,887 [01d66f6b-871f-49cc-8cf1-f917fde7eb54@group-908272680366-LeaderElection100] INFO  impl.RaftServerImpl (RaftServerImpl.java:setRole(172)) - 01d66f6b-871f-49cc-8cf1-f917fde7eb54@group-908272680366: changes role from CANDIDATE to LEADER at term 1 for changeToLeader
2020-04-25 00:52:24,887 [01d66f6b-871f-49cc-8cf1-f917fde7eb54@group-908272680366-LeaderElection100] INFO  ratis.XceiverServerRatis (XceiverServerRatis.java:handleLeaderChangedNotification(761)) - Leader change notification received for group: group-908272680366 with new leaderId: 01d66f6b-871f-49cc-8cf1-f917fde7eb54
2020-04-25 00:52:24,887 [01d66f6b-871f-49cc-8cf1-f917fde7eb54@group-908272680366-LeaderElection100] INFO  impl.RaftServerImpl (ServerState.java:setLeader(255)) - 01d66f6b-871f-49cc-8cf1-f917fde7eb54@group-908272680366: change Leader from null to 01d66f6b-871f-49cc-8cf1-f917fde7eb54 at term 1 for becomeLeader, leader elected after 5087ms
2020-04-25 00:52:24,891 [01d66f6b-871f-49cc-8cf1-f917fde7eb54@group-908272680366-LeaderElection100] INFO  server.RaftServerConfigKeys (ConfUtils.java:logGet(44)) - raft.server.staging.catchup.gap = 1000 (default)
2020-04-25 00:52:24,891 [01d66f6b-871f-49cc-8cf1-f917fde7eb54@group-908272680366-LeaderElection100] INFO  server.RaftServerConfigKeys (ConfUtils.java:logGet(44)) - raft.server.rpc.sleep.time = 25ms (default)
2020-04-25 00:52:24,891 [01d66f6b-871f-49cc-8cf1-f917fde7eb54@group-908272680366-LeaderElection100] INFO  metrics.RatisMetrics (RatisMetrics.java:lambda$create$0(39)) - Creating Metrics Registry : ratis.log_appender.01d66f6b-871f-49cc-8cf1-f917fde7eb54@group-908272680366
2020-04-25 00:52:24,891 [01d66f6b-871f-49cc-8cf1-f917fde7eb54@group-908272680366-LeaderElection100] INFO  server.RaftServerConfigKeys (ConfUtils.java:logGet(44)) - raft.server.write.element-limit = 1024 (custom)
2020-04-25 00:52:24,891 [01d66f6b-871f-49cc-8cf1-f917fde7eb54@group-908272680366-LeaderElection100] INFO  server.RaftServerConfigKeys (ConfUtils.java:logGet(44)) - raft.server.write.byte-limit = 1073741824 (custom)
2020-04-25 00:52:24,892 [01d66f6b-871f-49cc-8cf1-f917fde7eb54@group-908272680366-LeaderElection100] INFO  server.RaftServerConfigKeys (ConfUtils.java:logGet(44)) - raft.server.watch.timeout = 3s (custom)
2020-04-25 00:52:24,892 [01d66f6b-871f-49cc-8cf1-f917fde7eb54@group-908272680366-LeaderElection100] INFO  server.RaftServerConfigKeys (ConfUtils.java:logGet(44)) - raft.server.watch.timeout.denomination = 1s (default)
2020-04-25 00:52:24,892 [01d66f6b-871f-49cc-8cf1-f917fde7eb54@group-908272680366-LeaderElection100] INFO  server.RaftServerConfigKeys (ConfUtils.java:logGet(44)) - raft.server.watch.element-limit = 65536 (default)
2020-04-25 00:52:24,892 [01d66f6b-871f-49cc-8cf1-f917fde7eb54@group-908272680366-LeaderElection100] INFO  impl.RoleInfo (RoleInfo.java:updateAndGet(143)) - 01d66f6b-871f-49cc-8cf1-f917fde7eb54: start LeaderState
2020-04-25 00:52:24,893 [01d66f6b-871f-49cc-8cf1-f917fde7eb54@group-908272680366-LeaderElection100] INFO  segmented.SegmentedRaftLogWorker (SegmentedRaftLogWorker.java:startLogSegment(391)) - 01d66f6b-871f-49cc-8cf1-f917fde7eb54@group-908272680366-SegmentedRaftLogWorker: Starting segment from index:0
2020-04-25 00:52:24,894 [01d66f6b-871f-49cc-8cf1-f917fde7eb54@group-908272680366-LeaderElection100] INFO  impl.RaftServerImpl (ServerState.java:setRaftConf(356)) - 01d66f6b-871f-49cc-8cf1-f917fde7eb54@group-908272680366: set configuration 0: [01d66f6b-871f-49cc-8cf1-f917fde7eb54:172.17.0.2:36377], old=null at 0
2020-04-25 00:52:24,894 [01d66f6b-871f-49cc-8cf1-f917fde7eb54@group-908272680366-SegmentedRaftLogWorker] INFO  segmented.SegmentedRaftLogWorker (SegmentedRaftLogWorker.java:execute(583)) - 01d66f6b-871f-49cc-8cf1-f917fde7eb54@group-908272680366-SegmentedRaftLogWorker: created new log segment /github/workspace/mnt/ozone/hadoop-ozone/integration-test/target/test-dir/MiniOzoneClusterImpl-fac2b43d-d0f4-41bd-8b0e-0750bdad7e42/datanode-3/data/ratis/f840679d-0768-4efd-8269-908272680366/current/log_inprogress_0
2020-04-25 00:52:24,935 [Thread-2892] INFO  impl.FollowerState (FollowerState.java:run(108)) - f6421666-a5d8-4f0d-9ada-e546d5fd97e1@group-FF9CB1177228-FollowerState: change to CANDIDATE, lastRpcTime:5045ms, electionTimeout:5039ms
2020-04-25 00:52:24,936 [Thread-2892] INFO  impl.RoleInfo (RoleInfo.java:shutdownFollowerState(121)) - f6421666-a5d8-4f0d-9ada-e546d5fd97e1: shutdown FollowerState
2020-04-25 00:52:24,936 [Thread-2892] INFO  impl.RaftServerImpl (RaftServerImpl.java:setRole(172)) - f6421666-a5d8-4f0d-9ada-e546d5fd97e1@group-FF9CB1177228: changes role from  FOLLOWER to CANDIDATE at term 0 for changeToCandidate
2020-04-25 00:52:24,936 [Thread-2892] INFO  impl.RoleInfo (RoleInfo.java:updateAndGet(143)) - f6421666-a5d8-4f0d-9ada-e546d5fd97e1: start LeaderElection
2020-04-25 00:52:24,940 [f6421666-a5d8-4f0d-9ada-e546d5fd97e1@group-FF9CB1177228-LeaderElection101] INFO  impl.LeaderElection (LeaderElection.java:askForVotes(206)) - f6421666-a5d8-4f0d-9ada-e546d5fd97e1@group-FF9CB1177228-LeaderElection101: begin an election at term 1 for -1: [f6421666-a5d8-4f0d-9ada-e546d5fd97e1:172.17.0.2:40551], old=null
2020-04-25 00:52:24,940 [f6421666-a5d8-4f0d-9ada-e546d5fd97e1@group-FF9CB1177228-LeaderElection101] INFO  impl.RoleInfo (RoleInfo.java:shutdownLeaderElection(134)) - f6421666-a5d8-4f0d-9ada-e546d5fd97e1: shutdown LeaderElection
2020-04-25 00:52:24,940 [f6421666-a5d8-4f0d-9ada-e546d5fd97e1@group-FF9CB1177228-LeaderElection101] INFO  impl.RaftServerImpl (RaftServerImpl.java:setRole(172)) - f6421666-a5d8-4f0d-9ada-e546d5fd97e1@group-FF9CB1177228: changes role from CANDIDATE to LEADER at term 1 for changeToLeader
2020-04-25 00:52:24,940 [f6421666-a5d8-4f0d-9ada-e546d5fd97e1@group-FF9CB1177228-LeaderElection101] INFO  ratis.XceiverServerRatis (XceiverServerRatis.java:handleLeaderChangedNotification(761)) - Leader change notification received for group: group-FF9CB1177228 with new leaderId: f6421666-a5d8-4f0d-9ada-e546d5fd97e1
2020-04-25 00:52:24,940 [f6421666-a5d8-4f0d-9ada-e546d5fd97e1@group-FF9CB1177228-LeaderElection101] INFO  impl.RaftServerImpl (ServerState.java:setLeader(255)) - f6421666-a5d8-4f0d-9ada-e546d5fd97e1@group-FF9CB1177228: change Leader from null to f6421666-a5d8-4f0d-9ada-e546d5fd97e1 at term 1 for becomeLeader, leader elected after 5057ms
2020-04-25 00:52:24,941 [f6421666-a5d8-4f0d-9ada-e546d5fd97e1@group-FF9CB1177228-LeaderElection101] INFO  server.RaftServerConfigKeys (ConfUtils.java:logGet(44)) - raft.server.staging.catchup.gap = 1000 (default)
2020-04-25 00:52:24,941 [f6421666-a5d8-4f0d-9ada-e546d5fd97e1@group-FF9CB1177228-LeaderElection101] INFO  server.RaftServerConfigKeys (ConfUtils.java:logGet(44)) - raft.server.rpc.sleep.time = 25ms (default)
2020-04-25 00:52:24,941 [f6421666-a5d8-4f0d-9ada-e546d5fd97e1@group-FF9CB1177228-LeaderElection101] INFO  metrics.RatisMetrics (RatisMetrics.java:lambda$create$0(39)) - Creating Metrics Registry : ratis.log_appender.f6421666-a5d8-4f0d-9ada-e546d5fd97e1@group-FF9CB1177228
2020-04-25 00:52:24,942 [f6421666-a5d8-4f0d-9ada-e546d5fd97e1@group-FF9CB1177228-LeaderElection101] INFO  server.RaftServerConfigKeys (ConfUtils.java:logGet(44)) - raft.server.write.element-limit = 1024 (custom)
2020-04-25 00:52:24,942 [f6421666-a5d8-4f0d-9ada-e546d5fd97e1@group-FF9CB1177228-LeaderElection101] INFO  server.RaftServerConfigKeys (ConfUtils.java:logGet(44)) - raft.server.write.byte-limit = 1073741824 (custom)
2020-04-25 00:52:24,942 [f6421666-a5d8-4f0d-9ada-e546d5fd97e1@group-FF9CB1177228-LeaderElection101] INFO  server.RaftServerConfigKeys (ConfUtils.java:logGet(44)) - raft.server.watch.timeout = 3s (custom)
2020-04-25 00:52:24,942 [f6421666-a5d8-4f0d-9ada-e546d5fd97e1@group-FF9CB1177228-LeaderElection101] INFO  server.RaftServerConfigKeys (ConfUtils.java:logGet(44)) - raft.server.watch.timeout.denomination = 1s (default)
2020-04-25 00:52:24,943 [f6421666-a5d8-4f0d-9ada-e546d5fd97e1@group-FF9CB1177228-LeaderElection101] INFO  server.RaftServerConfigKeys (ConfUtils.java:logGet(44)) - raft.server.watch.element-limit = 65536 (default)
2020-04-25 00:52:24,943 [f6421666-a5d8-4f0d-9ada-e546d5fd97e1@group-FF9CB1177228-LeaderElection101] INFO  impl.RoleInfo (RoleInfo.java:updateAndGet(143)) - f6421666-a5d8-4f0d-9ada-e546d5fd97e1: start LeaderState
2020-04-25 00:52:24,943 [f6421666-a5d8-4f0d-9ada-e546d5fd97e1@group-FF9CB1177228-LeaderElection101] INFO  segmented.SegmentedRaftLogWorker (SegmentedRaftLogWorker.java:startLogSegment(391)) - f6421666-a5d8-4f0d-9ada-e546d5fd97e1@group-FF9CB1177228-SegmentedRaftLogWorker: Starting segment from index:0
2020-04-25 00:52:24,945 [f6421666-a5d8-4f0d-9ada-e546d5fd97e1@group-FF9CB1177228-SegmentedRaftLogWorker] INFO  segmented.SegmentedRaftLogWorker (SegmentedRaftLogWorker.java:execute(583)) - f6421666-a5d8-4f0d-9ada-e546d5fd97e1@group-FF9CB1177228-SegmentedRaftLogWorker: created new log segment /github/workspace/mnt/ozone/hadoop-ozone/integration-test/target/test-dir/MiniOzoneClusterImpl-fac2b43d-d0f4-41bd-8b0e-0750bdad7e42/datanode-4/data/ratis/e0dec1dd-8ab4-48a2-8ba7-ff9cb1177228/current/log_inprogress_0
2020-04-25 00:52:24,946 [f6421666-a5d8-4f0d-9ada-e546d5fd97e1@group-FF9CB1177228-LeaderElection101] INFO  impl.RaftServerImpl (ServerState.java:setRaftConf(356)) - f6421666-a5d8-4f0d-9ada-e546d5fd97e1@group-FF9CB1177228: set configuration 0: [f6421666-a5d8-4f0d-9ada-e546d5fd97e1:172.17.0.2:40551], old=null at 0
2020-04-25 00:52:24,957 [Thread-2894] INFO  impl.FollowerState (FollowerState.java:run(108)) - 3cd9ecf8-858f-44dc-b977-29c5822b3976@group-D671BE9EB83E-FollowerState: change to CANDIDATE, lastRpcTime:5049ms, electionTimeout:5049ms
2020-04-25 00:52:24,957 [Thread-2894] INFO  impl.RoleInfo (RoleInfo.java:shutdownFollowerState(121)) - 3cd9ecf8-858f-44dc-b977-29c5822b3976: shutdown FollowerState
2020-04-25 00:52:24,957 [Thread-2894] INFO  impl.RaftServerImpl (RaftServerImpl.java:setRole(172)) - 3cd9ecf8-858f-44dc-b977-29c5822b3976@group-D671BE9EB83E: changes role from  FOLLOWER to CANDIDATE at term 0 for changeToCandidate
2020-04-25 00:52:24,957 [Thread-2894] INFO  impl.RoleInfo (RoleInfo.java:updateAndGet(143)) - 3cd9ecf8-858f-44dc-b977-29c5822b3976: start LeaderElection
2020-04-25 00:52:24,960 [3cd9ecf8-858f-44dc-b977-29c5822b3976@group-D671BE9EB83E-LeaderElection102] INFO  impl.LeaderElection (LeaderElection.java:askForVotes(206)) - 3cd9ecf8-858f-44dc-b977-29c5822b3976@group-D671BE9EB83E-LeaderElection102: begin an election at term 1 for -1: [f6421666-a5d8-4f0d-9ada-e546d5fd97e1:172.17.0.2:40551, 01d66f6b-871f-49cc-8cf1-f917fde7eb54:172.17.0.2:36377, 3cd9ecf8-858f-44dc-b977-29c5822b3976:172.17.0.2:44085], old=null
2020-04-25 00:52:24,978 [grpc-default-executor-0] INFO  impl.RaftServerImpl (RaftServerImpl.java:setRole(172)) - f6421666-a5d8-4f0d-9ada-e546d5fd97e1@group-D671BE9EB83E: changes role from  FOLLOWER to FOLLOWER at term 1 for recognizeCandidate:3cd9ecf8-858f-44dc-b977-29c5822b3976
2020-04-25 00:52:24,978 [grpc-default-executor-0] INFO  impl.RoleInfo (RoleInfo.java:shutdownFollowerState(121)) - f6421666-a5d8-4f0d-9ada-e546d5fd97e1: shutdown FollowerState
2020-04-25 00:52:24,978 [grpc-default-executor-10] INFO  impl.RaftServerImpl (RaftServerImpl.java:setRole(172)) - 01d66f6b-871f-49cc-8cf1-f917fde7eb54@group-D671BE9EB83E: changes role from  FOLLOWER to FOLLOWER at term 1 for recognizeCandidate:3cd9ecf8-858f-44dc-b977-29c5822b3976
2020-04-25 00:52:24,978 [Thread-2889] INFO  impl.FollowerState (FollowerState.java:run(117)) - f6421666-a5d8-4f0d-9ada-e546d5fd97e1@group-D671BE9EB83E-FollowerState was interrupted: java.lang.InterruptedException: sleep interrupted
2020-04-25 00:52:24,978 [grpc-default-executor-0] INFO  impl.RoleInfo (RoleInfo.java:updateAndGet(143)) - f6421666-a5d8-4f0d-9ada-e546d5fd97e1: start FollowerState
2020-04-25 00:52:24,978 [grpc-default-executor-10] INFO  impl.RoleInfo (RoleInfo.java:shutdownFollowerState(121)) - 01d66f6b-871f-49cc-8cf1-f917fde7eb54: shutdown FollowerState
2020-04-25 00:52:24,983 [grpc-default-executor-10] INFO  impl.RoleInfo (RoleInfo.java:updateAndGet(143)) - 01d66f6b-871f-49cc-8cf1-f917fde7eb54: start FollowerState
2020-04-25 00:52:24,983 [Thread-2887] INFO  impl.FollowerState (FollowerState.java:run(117)) - 01d66f6b-871f-49cc-8cf1-f917fde7eb54@group-D671BE9EB83E-FollowerState was interrupted: java.lang.InterruptedException: sleep interrupted
2020-04-25 00:52:24,989 [3cd9ecf8-858f-44dc-b977-29c5822b3976@group-D671BE9EB83E-LeaderElection102] INFO  impl.LeaderElection (LeaderElection.java:logAndReturn(61)) - 3cd9ecf8-858f-44dc-b977-29c5822b3976@group-D671BE9EB83E-LeaderElection102: Election PASSED; received 1 response(s) [3cd9ecf8-858f-44dc-b977-29c5822b3976<-f6421666-a5d8-4f0d-9ada-e546d5fd97e1#0:OK-t1] and 0 exception(s); 3cd9ecf8-858f-44dc-b977-29c5822b3976@group-D671BE9EB83E:t1, leader=null, voted=3cd9ecf8-858f-44dc-b977-29c5822b3976, raftlog=3cd9ecf8-858f-44dc-b977-29c5822b3976@group-D671BE9EB83E-SegmentedRaftLog:OPENED:c-1,f-1,i0, conf=-1: [f6421666-a5d8-4f0d-9ada-e546d5fd97e1:172.17.0.2:40551, 01d66f6b-871f-49cc-8cf1-f917fde7eb54:172.17.0.2:36377, 3cd9ecf8-858f-44dc-b977-29c5822b3976:172.17.0.2:44085], old=null
2020-04-25 00:52:24,989 [3cd9ecf8-858f-44dc-b977-29c5822b3976@group-D671BE9EB83E-LeaderElection102] INFO  impl.RoleInfo (RoleInfo.java:shutdownLeaderElection(134)) - 3cd9ecf8-858f-44dc-b977-29c5822b3976: shutdown LeaderElection
2020-04-25 00:52:24,989 [3cd9ecf8-858f-44dc-b977-29c5822b3976@group-D671BE9EB83E-LeaderElection102] INFO  impl.RaftServerImpl (RaftServerImpl.java:setRole(172)) - 3cd9ecf8-858f-44dc-b977-29c5822b3976@group-D671BE9EB83E: changes role from CANDIDATE to LEADER at term 1 for changeToLeader
2020-04-25 00:52:24,989 [3cd9ecf8-858f-44dc-b977-29c5822b3976@group-D671BE9EB83E-LeaderElection102] INFO  ratis.XceiverServerRatis (XceiverServerRatis.java:handleLeaderChangedNotification(761)) - Leader change notification received for group: group-D671BE9EB83E with new leaderId: 3cd9ecf8-858f-44dc-b977-29c5822b3976
2020-04-25 00:52:24,989 [3cd9ecf8-858f-44dc-b977-29c5822b3976@group-D671BE9EB83E-LeaderElection102] INFO  impl.RaftServerImpl (ServerState.java:setLeader(255)) - 3cd9ecf8-858f-44dc-b977-29c5822b3976@group-D671BE9EB83E: change Leader from null to 3cd9ecf8-858f-44dc-b977-29c5822b3976 at term 1 for becomeLeader, leader elected after 5093ms
2020-04-25 00:52:24,990 [EventQueue-PipelineReportForPipelineReportHandler] INFO  pipeline.PipelineStateManager (PipelineStateManager.java:openPipeline(131)) - Pipeline Pipeline[ Id: 590aa6df-e18f-4cb8-b7c3-d671be9eb83e, Nodes: f6421666-a5d8-4f0d-9ada-e546d5fd97e1{ip: 172.17.0.2, host: 077b0f5420d0, networkLocation: /default-rack, certSerialId: null}01d66f6b-871f-49cc-8cf1-f917fde7eb54{ip: 172.17.0.2, host: 077b0f5420d0, networkLocation: /default-rack, certSerialId: null}3cd9ecf8-858f-44dc-b977-29c5822b3976{ip: 172.17.0.2, host: 077b0f5420d0, networkLocation: /default-rack, certSerialId: null}, Type:RATIS, Factor:THREE, State:ALLOCATED, leaderId:3cd9ecf8-858f-44dc-b977-29c5822b3976, CreationTimestamp2020-04-25T00:52:16.957Z] moved to OPEN state
2020-04-25 00:52:24,994 [3cd9ecf8-858f-44dc-b977-29c5822b3976@group-D671BE9EB83E-LeaderElection102] INFO  server.RaftServerConfigKeys (ConfUtils.java:logGet(44)) - raft.server.staging.catchup.gap = 1000 (default)
2020-04-25 00:52:24,995 [3cd9ecf8-858f-44dc-b977-29c5822b3976@group-D671BE9EB83E-LeaderElection102] INFO  server.RaftServerConfigKeys (ConfUtils.java:logGet(44)) - raft.server.rpc.sleep.time = 25ms (default)
2020-04-25 00:52:24,995 [3cd9ecf8-858f-44dc-b977-29c5822b3976@group-D671BE9EB83E-LeaderElection102] INFO  metrics.RatisMetrics (RatisMetrics.java:lambda$create$0(39)) - Creating Metrics Registry : ratis.log_appender.3cd9ecf8-858f-44dc-b977-29c5822b3976@group-D671BE9EB83E
2020-04-25 00:52:24,995 [3cd9ecf8-858f-44dc-b977-29c5822b3976@group-D671BE9EB83E-LeaderElection102] INFO  server.RaftServerConfigKeys (ConfUtils.java:logGet(44)) - raft.server.write.element-limit = 1024 (custom)
2020-04-25 00:52:24,995 [3cd9ecf8-858f-44dc-b977-29c5822b3976@group-D671BE9EB83E-LeaderElection102] INFO  server.RaftServerConfigKeys (ConfUtils.java:logGet(44)) - raft.server.write.byte-limit = 1073741824 (custom)
2020-04-25 00:52:24,996 [3cd9ecf8-858f-44dc-b977-29c5822b3976@group-D671BE9EB83E-LeaderElection102] INFO  server.RaftServerConfigKeys (ConfUtils.java:logGet(44)) - raft.server.watch.timeout = 3s (custom)
2020-04-25 00:52:24,996 [3cd9ecf8-858f-44dc-b977-29c5822b3976@group-D671BE9EB83E-LeaderElection102] INFO  server.RaftServerConfigKeys (ConfUtils.java:logGet(44)) - raft.server.watch.timeout.denomination = 1s (default)
2020-04-25 00:52:24,996 [3cd9ecf8-858f-44dc-b977-29c5822b3976@group-D671BE9EB83E-LeaderElection102] INFO  server.RaftServerConfigKeys (ConfUtils.java:logGet(44)) - raft.server.watch.element-limit = 65536 (default)
2020-04-25 00:52:24,996 [3cd9ecf8-858f-44dc-b977-29c5822b3976@group-D671BE9EB83E-LeaderElection102] INFO  server.RaftServerConfigKeys (ConfUtils.java:logGet(44)) - raft.server.log.appender.snapshot.chunk.size.max = 16MB (=16777216) (default)
2020-04-25 00:52:24,996 [3cd9ecf8-858f-44dc-b977-29c5822b3976@group-D671BE9EB83E-LeaderElection102] INFO  server.RaftServerConfigKeys (ConfUtils.java:logGet(44)) - raft.server.log.appender.buffer.byte-limit = 33554432 (custom)
2020-04-25 00:52:24,996 [3cd9ecf8-858f-44dc-b977-29c5822b3976@group-D671BE9EB83E-LeaderElection102] INFO  server.RaftServerConfigKeys (ConfUtils.java:logGet(44)) - raft.server.log.appender.buffer.element-limit = 1 (custom)
2020-04-25 00:52:24,996 [3cd9ecf8-858f-44dc-b977-29c5822b3976@group-D671BE9EB83E-LeaderElection102] INFO  grpc.GrpcConfigKeys (ConfUtils.java:logGet(44)) - raft.grpc.server.leader.outstanding.appends.max = 128 (default)
2020-04-25 00:52:24,996 [3cd9ecf8-858f-44dc-b977-29c5822b3976@group-D671BE9EB83E-LeaderElection102] INFO  server.RaftServerConfigKeys (ConfUtils.java:logGet(44)) - raft.server.rpc.request.timeout = 3s (default)
2020-04-25 00:52:24,996 [3cd9ecf8-858f-44dc-b977-29c5822b3976@group-D671BE9EB83E-LeaderElection102] INFO  server.RaftServerConfigKeys (ConfUtils.java:logGet(44)) - raft.server.log.appender.install.snapshot.enabled = false (custom)
2020-04-25 00:52:24,998 [3cd9ecf8-858f-44dc-b977-29c5822b3976@group-D671BE9EB83E-LeaderElection102] INFO  server.RaftServerConfigKeys (ConfUtils.java:logGet(44)) - raft.server.log.appender.snapshot.chunk.size.max = 16MB (=16777216) (default)
2020-04-25 00:52:24,999 [3cd9ecf8-858f-44dc-b977-29c5822b3976@group-D671BE9EB83E-LeaderElection102] INFO  server.RaftServerConfigKeys (ConfUtils.java:logGet(44)) - raft.server.log.appender.buffer.byte-limit = 33554432 (custom)
2020-04-25 00:52:24,999 [3cd9ecf8-858f-44dc-b977-29c5822b3976@group-D671BE9EB83E-LeaderElection102] INFO  server.RaftServerConfigKeys (ConfUtils.java:logGet(44)) - raft.server.log.appender.buffer.element-limit = 1 (custom)
2020-04-25 00:52:24,999 [3cd9ecf8-858f-44dc-b977-29c5822b3976@group-D671BE9EB83E-LeaderElection102] INFO  grpc.GrpcConfigKeys (ConfUtils.java:logGet(44)) - raft.grpc.server.leader.outstanding.appends.max = 128 (default)
2020-04-25 00:52:24,999 [3cd9ecf8-858f-44dc-b977-29c5822b3976@group-D671BE9EB83E-LeaderElection102] INFO  server.RaftServerConfigKeys (ConfUtils.java:logGet(44)) - raft.server.rpc.request.timeout = 3s (default)
2020-04-25 00:52:24,999 [3cd9ecf8-858f-44dc-b977-29c5822b3976@group-D671BE9EB83E-LeaderElection102] INFO  server.RaftServerConfigKeys (ConfUtils.java:logGet(44)) - raft.server.log.appender.install.snapshot.enabled = false (custom)
2020-04-25 00:52:25,001 [3cd9ecf8-858f-44dc-b977-29c5822b3976@group-D671BE9EB83E-LeaderElection102] INFO  impl.RoleInfo (RoleInfo.java:updateAndGet(143)) - 3cd9ecf8-858f-44dc-b977-29c5822b3976: start LeaderState
2020-04-25 00:52:25,002 [3cd9ecf8-858f-44dc-b977-29c5822b3976@group-D671BE9EB83E-LeaderElection102] INFO  segmented.SegmentedRaftLogWorker (SegmentedRaftLogWorker.java:startLogSegment(391)) - 3cd9ecf8-858f-44dc-b977-29c5822b3976@group-D671BE9EB83E-SegmentedRaftLogWorker: Starting segment from index:0
2020-04-25 00:52:25,003 [3cd9ecf8-858f-44dc-b977-29c5822b3976@group-D671BE9EB83E-SegmentedRaftLogWorker] INFO  segmented.SegmentedRaftLogWorker (SegmentedRaftLogWorker.java:execute(583)) - 3cd9ecf8-858f-44dc-b977-29c5822b3976@group-D671BE9EB83E-SegmentedRaftLogWorker: created new log segment /github/workspace/mnt/ozone/hadoop-ozone/integration-test/target/test-dir/MiniOzoneClusterImpl-fac2b43d-d0f4-41bd-8b0e-0750bdad7e42/datanode-5/data/ratis/590aa6df-e18f-4cb8-b7c3-d671be9eb83e/current/log_inprogress_0
2020-04-25 00:52:25,003 [3cd9ecf8-858f-44dc-b977-29c5822b3976@group-D671BE9EB83E-LeaderElection102] INFO  impl.RaftServerImpl (ServerState.java:setRaftConf(356)) - 3cd9ecf8-858f-44dc-b977-29c5822b3976@group-D671BE9EB83E: set configuration 0: [f6421666-a5d8-4f0d-9ada-e546d5fd97e1:172.17.0.2:40551, 01d66f6b-871f-49cc-8cf1-f917fde7eb54:172.17.0.2:36377, 3cd9ecf8-858f-44dc-b977-29c5822b3976:172.17.0.2:44085], old=null at 0
2020-04-25 00:52:25,010 [grpc-default-executor-0] INFO  ratis.XceiverServerRatis (XceiverServerRatis.java:handleLeaderChangedNotification(761)) - Leader change notification received for group: group-D671BE9EB83E with new leaderId: 3cd9ecf8-858f-44dc-b977-29c5822b3976
2020-04-25 00:52:25,010 [grpc-default-executor-0] INFO  impl.RaftServerImpl (ServerState.java:setLeader(255)) - f6421666-a5d8-4f0d-9ada-e546d5fd97e1@group-D671BE9EB83E: change Leader from null to 3cd9ecf8-858f-44dc-b977-29c5822b3976 at term 1 for appendEntries, leader elected after 5164ms
2020-04-25 00:52:25,016 [grpc-default-executor-0] INFO  impl.RaftServerImpl (ServerState.java:setRaftConf(356)) - f6421666-a5d8-4f0d-9ada-e546d5fd97e1@group-D671BE9EB83E: set configuration 0: [f6421666-a5d8-4f0d-9ada-e546d5fd97e1:172.17.0.2:40551, 01d66f6b-871f-49cc-8cf1-f917fde7eb54:172.17.0.2:36377, 3cd9ecf8-858f-44dc-b977-29c5822b3976:172.17.0.2:44085], old=null at 0
2020-04-25 00:52:25,016 [grpc-default-executor-0] INFO  segmented.SegmentedRaftLogWorker (SegmentedRaftLogWorker.java:startLogSegment(391)) - f6421666-a5d8-4f0d-9ada-e546d5fd97e1@group-D671BE9EB83E-SegmentedRaftLogWorker: Starting segment from index:0
2020-04-25 00:52:25,017 [grpc-default-executor-10] INFO  ratis.XceiverServerRatis (XceiverServerRatis.java:handleLeaderChangedNotification(761)) - Leader change notification received for group: group-D671BE9EB83E with new leaderId: 3cd9ecf8-858f-44dc-b977-29c5822b3976
2020-04-25 00:52:25,017 [grpc-default-executor-10] INFO  impl.RaftServerImpl (ServerState.java:setLeader(255)) - 01d66f6b-871f-49cc-8cf1-f917fde7eb54@group-D671BE9EB83E: change Leader from null to 3cd9ecf8-858f-44dc-b977-29c5822b3976 at term 1 for appendEntries, leader elected after 5202ms
2020-04-25 00:52:25,017 [f6421666-a5d8-4f0d-9ada-e546d5fd97e1@group-D671BE9EB83E-SegmentedRaftLogWorker] INFO  segmented.SegmentedRaftLogWorker (SegmentedRaftLogWorker.java:execute(583)) - f6421666-a5d8-4f0d-9ada-e546d5fd97e1@group-D671BE9EB83E-SegmentedRaftLogWorker: created new log segment /github/workspace/mnt/ozone/hadoop-ozone/integration-test/target/test-dir/MiniOzoneClusterImpl-fac2b43d-d0f4-41bd-8b0e-0750bdad7e42/datanode-4/data/ratis/590aa6df-e18f-4cb8-b7c3-d671be9eb83e/current/log_inprogress_0
2020-04-25 00:52:25,028 [main] INFO  ozone.MiniOzoneClusterImpl (MiniOzoneClusterImpl.java:lambda$waitForClusterToBeReady$0(177)) - Nodes are ready. Got 7 of 7 DN Heartbeats.
2020-04-25 00:52:25,031 [main] INFO  ozone.MiniOzoneClusterImpl (MiniOzoneClusterImpl.java:lambda$waitForClusterToBeReady$0(180)) - Cluster exits safe mode
2020-04-25 00:52:25,033 [grpc-default-executor-10] INFO  impl.RaftServerImpl (ServerState.java:setRaftConf(356)) - 01d66f6b-871f-49cc-8cf1-f917fde7eb54@group-D671BE9EB83E: set configuration 0: [f6421666-a5d8-4f0d-9ada-e546d5fd97e1:172.17.0.2:40551, 01d66f6b-871f-49cc-8cf1-f917fde7eb54:172.17.0.2:36377, 3cd9ecf8-858f-44dc-b977-29c5822b3976:172.17.0.2:44085], old=null at 0
2020-04-25 00:52:25,033 [grpc-default-executor-10] INFO  segmented.SegmentedRaftLogWorker (SegmentedRaftLogWorker.java:startLogSegment(391)) - 01d66f6b-871f-49cc-8cf1-f917fde7eb54@group-D671BE9EB83E-SegmentedRaftLogWorker: Starting segment from index:0
2020-04-25 00:52:25,035 [01d66f6b-871f-49cc-8cf1-f917fde7eb54@group-D671BE9EB83E-SegmentedRaftLogWorker] INFO  segmented.SegmentedRaftLogWorker (SegmentedRaftLogWorker.java:execute(583)) - 01d66f6b-871f-49cc-8cf1-f917fde7eb54@group-D671BE9EB83E-SegmentedRaftLogWorker: created new log segment /github/workspace/mnt/ozone/hadoop-ozone/integration-test/target/test-dir/MiniOzoneClusterImpl-fac2b43d-d0f4-41bd-8b0e-0750bdad7e42/datanode-3/data/ratis/590aa6df-e18f-4cb8-b7c3-d671be9eb83e/current/log_inprogress_0
2020-04-25 00:52:25,052 [main] INFO  rpc.RpcClient (RpcClient.java:createVolume(308)) - Creating Volume: testblockoutputstream, with jenkins1001 as owner.
2020-04-25 00:52:25,054 [IPC Server handler 1 on 37129] INFO  volume.OMVolumeCreateRequest (OMVolumeCreateRequest.java:validateAndUpdateCache(209)) - created volume:testblockoutputstream for user:jenkins1001
2020-04-25 00:52:25,065 [main] INFO  rpc.RpcClient (RpcClient.java:createBucket(447)) - Creating Bucket: testblockoutputstream/testblockoutputstream, with Versioning false and Storage Type set to DISK and Encryption set to false 
2020-04-25 00:52:25,094 [Thread-2897] INFO  impl.FollowerState (FollowerState.java:run(108)) - f6421666-a5d8-4f0d-9ada-e546d5fd97e1@group-7B58BB8F67D6-FollowerState: change to CANDIDATE, lastRpcTime:5163ms, electionTimeout:5162ms
2020-04-25 00:52:25,094 [Thread-2897] INFO  impl.RoleInfo (RoleInfo.java:shutdownFollowerState(121)) - f6421666-a5d8-4f0d-9ada-e546d5fd97e1: shutdown FollowerState
2020-04-25 00:52:25,094 [Thread-2897] INFO  impl.RaftServerImpl (RaftServerImpl.java:setRole(172)) - f6421666-a5d8-4f0d-9ada-e546d5fd97e1@group-7B58BB8F67D6: changes role from  FOLLOWER to CANDIDATE at term 0 for changeToCandidate
2020-04-25 00:52:25,095 [Thread-2897] INFO  impl.RoleInfo (RoleInfo.java:updateAndGet(143)) - f6421666-a5d8-4f0d-9ada-e546d5fd97e1: start LeaderElection
2020-04-25 00:52:25,101 [f6421666-a5d8-4f0d-9ada-e546d5fd97e1@group-7B58BB8F67D6-LeaderElection103] INFO  impl.LeaderElection (LeaderElection.java:askForVotes(206)) - f6421666-a5d8-4f0d-9ada-e546d5fd97e1@group-7B58BB8F67D6-LeaderElection103: begin an election at term 1 for -1: [f6421666-a5d8-4f0d-9ada-e546d5fd97e1:172.17.0.2:40551, 01d66f6b-871f-49cc-8cf1-f917fde7eb54:172.17.0.2:36377, 3cd9ecf8-858f-44dc-b977-29c5822b3976:172.17.0.2:44085], old=null
2020-04-25 00:52:25,103 [Thread-2906] INFO  impl.FollowerState (FollowerState.java:run(108)) - 3cd9ecf8-858f-44dc-b977-29c5822b3976@group-7B58BB8F67D6-FollowerState: change to CANDIDATE, lastRpcTime:5107ms, electionTimeout:5107ms
2020-04-25 00:52:25,103 [Thread-2906] INFO  impl.RoleInfo (RoleInfo.java:shutdownFollowerState(121)) - 3cd9ecf8-858f-44dc-b977-29c5822b3976: shutdown FollowerState
2020-04-25 00:52:25,103 [Thread-2906] INFO  impl.RaftServerImpl (RaftServerImpl.java:setRole(172)) - 3cd9ecf8-858f-44dc-b977-29c5822b3976@group-7B58BB8F67D6: changes role from  FOLLOWER to CANDIDATE at term 0 for changeToCandidate
2020-04-25 00:52:25,104 [Thread-2899] INFO  impl.FollowerState (FollowerState.java:run(108)) - 01d66f6b-871f-49cc-8cf1-f917fde7eb54@group-7B58BB8F67D6-FollowerState: change to CANDIDATE, lastRpcTime:5165ms, electionTimeout:5162ms
2020-04-25 00:52:25,104 [Thread-2899] INFO  impl.RoleInfo (RoleInfo.java:shutdownFollowerState(121)) - 01d66f6b-871f-49cc-8cf1-f917fde7eb54: shutdown FollowerState
2020-04-25 00:52:25,104 [Thread-2899] INFO  impl.RaftServerImpl (RaftServerImpl.java:setRole(172)) - 01d66f6b-871f-49cc-8cf1-f917fde7eb54@group-7B58BB8F67D6: changes role from  FOLLOWER to CANDIDATE at term 0 for changeToCandidate
2020-04-25 00:52:25,115 [Thread-2899] INFO  impl.RoleInfo (RoleInfo.java:updateAndGet(143)) - 01d66f6b-871f-49cc-8cf1-f917fde7eb54: start LeaderElection
2020-04-25 00:52:25,115 [Thread-2906] INFO  impl.RoleInfo (RoleInfo.java:updateAndGet(143)) - 3cd9ecf8-858f-44dc-b977-29c5822b3976: start LeaderElection
2020-04-25 00:52:25,124 [01d66f6b-871f-49cc-8cf1-f917fde7eb54@group-7B58BB8F67D6-LeaderElection105] INFO  impl.LeaderElection (LeaderElection.java:askForVotes(206)) - 01d66f6b-871f-49cc-8cf1-f917fde7eb54@group-7B58BB8F67D6-LeaderElection105: begin an election at term 1 for -1: [f6421666-a5d8-4f0d-9ada-e546d5fd97e1:172.17.0.2:40551, 01d66f6b-871f-49cc-8cf1-f917fde7eb54:172.17.0.2:36377, 3cd9ecf8-858f-44dc-b977-29c5822b3976:172.17.0.2:44085], old=null
2020-04-25 00:52:25,144 [3cd9ecf8-858f-44dc-b977-29c5822b3976@group-7B58BB8F67D6-LeaderElection104] INFO  impl.LeaderElection (LeaderElection.java:askForVotes(206)) - 3cd9ecf8-858f-44dc-b977-29c5822b3976@group-7B58BB8F67D6-LeaderElection104: begin an election at term 1 for -1: [f6421666-a5d8-4f0d-9ada-e546d5fd97e1:172.17.0.2:40551, 01d66f6b-871f-49cc-8cf1-f917fde7eb54:172.17.0.2:36377, 3cd9ecf8-858f-44dc-b977-29c5822b3976:172.17.0.2:44085], old=null
2020-04-25 00:52:25,150 [Thread-2905] INFO  impl.FollowerState (FollowerState.java:run(108)) - 3cd9ecf8-858f-44dc-b977-29c5822b3976@group-33C48084FCC9-FollowerState: change to CANDIDATE, lastRpcTime:5156ms, electionTimeout:5156ms
2020-04-25 00:52:25,151 [Thread-2905] INFO  impl.RoleInfo (RoleInfo.java:shutdownFollowerState(121)) - 3cd9ecf8-858f-44dc-b977-29c5822b3976: shutdown FollowerState
2020-04-25 00:52:25,151 [Thread-2905] INFO  impl.RaftServerImpl (RaftServerImpl.java:setRole(172)) - 3cd9ecf8-858f-44dc-b977-29c5822b3976@group-33C48084FCC9: changes role from  FOLLOWER to CANDIDATE at term 0 for changeToCandidate
2020-04-25 00:52:25,151 [Thread-2905] INFO  impl.RoleInfo (RoleInfo.java:updateAndGet(143)) - 3cd9ecf8-858f-44dc-b977-29c5822b3976: start LeaderElection
2020-04-25 00:52:25,156 [f6421666-a5d8-4f0d-9ada-e546d5fd97e1@group-7B58BB8F67D6-LeaderElection103] INFO  impl.LeaderElection (LeaderElection.java:logAndReturn(61)) - f6421666-a5d8-4f0d-9ada-e546d5fd97e1@group-7B58BB8F67D6-LeaderElection103: Election REJECTED; received 2 response(s) [f6421666-a5d8-4f0d-9ada-e546d5fd97e1<-01d66f6b-871f-49cc-8cf1-f917fde7eb54#0:FAIL-t1, f6421666-a5d8-4f0d-9ada-e546d5fd97e1<-3cd9ecf8-858f-44dc-b977-29c5822b3976#0:FAIL-t1] and 0 exception(s); f6421666-a5d8-4f0d-9ada-e546d5fd97e1@group-7B58BB8F67D6:t1, leader=null, voted=f6421666-a5d8-4f0d-9ada-e546d5fd97e1, raftlog=f6421666-a5d8-4f0d-9ada-e546d5fd97e1@group-7B58BB8F67D6-SegmentedRaftLog:OPENED:c-1,f-1,i0, conf=-1: [f6421666-a5d8-4f0d-9ada-e546d5fd97e1:172.17.0.2:40551, 01d66f6b-871f-49cc-8cf1-f917fde7eb54:172.17.0.2:36377, 3cd9ecf8-858f-44dc-b977-29c5822b3976:172.17.0.2:44085], old=null
2020-04-25 00:52:25,156 [f6421666-a5d8-4f0d-9ada-e546d5fd97e1@group-7B58BB8F67D6-LeaderElection103] INFO  impl.RaftServerImpl (RaftServerImpl.java:setRole(172)) - f6421666-a5d8-4f0d-9ada-e546d5fd97e1@group-7B58BB8F67D6: changes role from CANDIDATE to FOLLOWER at term 1 for DISCOVERED_A_NEW_TERM
2020-04-25 00:52:25,156 [f6421666-a5d8-4f0d-9ada-e546d5fd97e1@group-7B58BB8F67D6-LeaderElection103] INFO  impl.RoleInfo (RoleInfo.java:shutdownLeaderElection(134)) - f6421666-a5d8-4f0d-9ada-e546d5fd97e1: shutdown LeaderElection
2020-04-25 00:52:25,156 [f6421666-a5d8-4f0d-9ada-e546d5fd97e1@group-7B58BB8F67D6-LeaderElection103] INFO  impl.RoleInfo (RoleInfo.java:updateAndGet(143)) - f6421666-a5d8-4f0d-9ada-e546d5fd97e1: start FollowerState
2020-04-25 00:52:25,157 [01d66f6b-871f-49cc-8cf1-f917fde7eb54@group-7B58BB8F67D6-LeaderElection105] INFO  impl.LeaderElection (LeaderElection.java:logAndReturn(61)) - 01d66f6b-871f-49cc-8cf1-f917fde7eb54@group-7B58BB8F67D6-LeaderElection105: Election REJECTED; received 2 response(s) [01d66f6b-871f-49cc-8cf1-f917fde7eb54<-f6421666-a5d8-4f0d-9ada-e546d5fd97e1#0:FAIL-t1, 01d66f6b-871f-49cc-8cf1-f917fde7eb54<-3cd9ecf8-858f-44dc-b977-29c5822b3976#0:FAIL-t1] and 0 exception(s); 01d66f6b-871f-49cc-8cf1-f917fde7eb54@group-7B58BB8F67D6:t1, leader=null, voted=01d66f6b-871f-49cc-8cf1-f917fde7eb54, raftlog=01d66f6b-871f-49cc-8cf1-f917fde7eb54@group-7B58BB8F67D6-SegmentedRaftLog:OPENED:c-1,f-1,i0, conf=-1: [f6421666-a5d8-4f0d-9ada-e546d5fd97e1:172.17.0.2:40551, 01d66f6b-871f-49cc-8cf1-f917fde7eb54:172.17.0.2:36377, 3cd9ecf8-858f-44dc-b977-29c5822b3976:172.17.0.2:44085], old=null
2020-04-25 00:52:25,164 [3cd9ecf8-858f-44dc-b977-29c5822b3976@group-33C48084FCC9-LeaderElection106] INFO  impl.LeaderElection (LeaderElection.java:askForVotes(206)) - 3cd9ecf8-858f-44dc-b977-29c5822b3976@group-33C48084FCC9-LeaderElection106: begin an election at term 1 for -1: [3cd9ecf8-858f-44dc-b977-29c5822b3976:172.17.0.2:44085], old=null
2020-04-25 00:52:25,164 [3cd9ecf8-858f-44dc-b977-29c5822b3976@group-33C48084FCC9-LeaderElection106] INFO  impl.RoleInfo (RoleInfo.java:shutdownLeaderElection(134)) - 3cd9ecf8-858f-44dc-b977-29c5822b3976: shutdown LeaderElection
2020-04-25 00:52:25,164 [3cd9ecf8-858f-44dc-b977-29c5822b3976@group-33C48084FCC9-LeaderElection106] INFO  impl.RaftServerImpl (RaftServerImpl.java:setRole(172)) - 3cd9ecf8-858f-44dc-b977-29c5822b3976@group-33C48084FCC9: changes role from CANDIDATE to LEADER at term 1 for changeToLeader
2020-04-25 00:52:25,164 [3cd9ecf8-858f-44dc-b977-29c5822b3976@group-33C48084FCC9-LeaderElection106] INFO  ratis.XceiverServerRatis (XceiverServerRatis.java:handleLeaderChangedNotification(761)) - Leader change notification received for group: group-33C48084FCC9 with new leaderId: 3cd9ecf8-858f-44dc-b977-29c5822b3976
2020-04-25 00:52:25,164 [3cd9ecf8-858f-44dc-b977-29c5822b3976@group-33C48084FCC9-LeaderElection106] INFO  impl.RaftServerImpl (ServerState.java:setLeader(255)) - 3cd9ecf8-858f-44dc-b977-29c5822b3976@group-33C48084FCC9: change Leader from null to 3cd9ecf8-858f-44dc-b977-29c5822b3976 at term 1 for becomeLeader, leader elected after 5204ms
2020-04-25 00:52:25,164 [3cd9ecf8-858f-44dc-b977-29c5822b3976@group-33C48084FCC9-LeaderElection106] INFO  server.RaftServerConfigKeys (ConfUtils.java:logGet(44)) - raft.server.staging.catchup.gap = 1000 (default)
2020-04-25 00:52:25,164 [Thread-2909] INFO  impl.FollowerState (FollowerState.java:run(108)) - 378ddfc8-7d8d-47f2-b358-35cac2dfdeb9@group-F41530501E9B-FollowerState: change to CANDIDATE, lastRpcTime:5119ms, electionTimeout:5119ms
2020-04-25 00:52:25,164 [3cd9ecf8-858f-44dc-b977-29c5822b3976@group-33C48084FCC9-LeaderElection106] INFO  server.RaftServerConfigKeys (ConfUtils.java:logGet(44)) - raft.server.rpc.sleep.time = 25ms (default)
2020-04-25 00:52:25,164 [3cd9ecf8-858f-44dc-b977-29c5822b3976@group-33C48084FCC9-LeaderElection106] INFO  metrics.RatisMetrics (RatisMetrics.java:lambda$create$0(39)) - Creating Metrics Registry : ratis.log_appender.3cd9ecf8-858f-44dc-b977-29c5822b3976@group-33C48084FCC9
2020-04-25 00:52:25,165 [Thread-2909] INFO  impl.RoleInfo (RoleInfo.java:shutdownFollowerState(121)) - 378ddfc8-7d8d-47f2-b358-35cac2dfdeb9: shutdown FollowerState
2020-04-25 00:52:25,165 [3cd9ecf8-858f-44dc-b977-29c5822b3976@group-33C48084FCC9-LeaderElection106] INFO  server.RaftServerConfigKeys (ConfUtils.java:logGet(44)) - raft.server.write.element-limit = 1024 (custom)
2020-04-25 00:52:25,165 [3cd9ecf8-858f-44dc-b977-29c5822b3976@group-33C48084FCC9-LeaderElection106] INFO  server.RaftServerConfigKeys (ConfUtils.java:logGet(44)) - raft.server.write.byte-limit = 1073741824 (custom)
2020-04-25 00:52:25,165 [Thread-2909] INFO  impl.RaftServerImpl (RaftServerImpl.java:setRole(172)) - 378ddfc8-7d8d-47f2-b358-35cac2dfdeb9@group-F41530501E9B: changes role from  FOLLOWER to CANDIDATE at term 0 for changeToCandidate
2020-04-25 00:52:25,165 [Thread-2909] INFO  impl.RoleInfo (RoleInfo.java:updateAndGet(143)) - 378ddfc8-7d8d-47f2-b358-35cac2dfdeb9: start LeaderElection
2020-04-25 00:52:25,165 [3cd9ecf8-858f-44dc-b977-29c5822b3976@group-33C48084FCC9-LeaderElection106] INFO  server.RaftServerConfigKeys (ConfUtils.java:logGet(44)) - raft.server.watch.timeout = 3s (custom)
2020-04-25 00:52:25,165 [3cd9ecf8-858f-44dc-b977-29c5822b3976@group-33C48084FCC9-LeaderElection106] INFO  server.RaftServerConfigKeys (ConfUtils.java:logGet(44)) - raft.server.watch.timeout.denomination = 1s (default)
2020-04-25 00:52:25,165 [3cd9ecf8-858f-44dc-b977-29c5822b3976@group-33C48084FCC9-LeaderElection106] INFO  server.RaftServerConfigKeys (ConfUtils.java:logGet(44)) - raft.server.watch.element-limit = 65536 (default)
2020-04-25 00:52:25,166 [3cd9ecf8-858f-44dc-b977-29c5822b3976@group-33C48084FCC9-LeaderElection106] INFO  impl.RoleInfo (RoleInfo.java:updateAndGet(143)) - 3cd9ecf8-858f-44dc-b977-29c5822b3976: start LeaderState
2020-04-25 00:52:25,166 [3cd9ecf8-858f-44dc-b977-29c5822b3976@group-33C48084FCC9-LeaderElection106] INFO  segmented.SegmentedRaftLogWorker (SegmentedRaftLogWorker.java:startLogSegment(391)) - 3cd9ecf8-858f-44dc-b977-29c5822b3976@group-33C48084FCC9-SegmentedRaftLogWorker: Starting segment from index:0
2020-04-25 00:52:25,167 [3cd9ecf8-858f-44dc-b977-29c5822b3976@group-33C48084FCC9-SegmentedRaftLogWorker] INFO  segmented.SegmentedRaftLogWorker (SegmentedRaftLogWorker.java:execute(583)) - 3cd9ecf8-858f-44dc-b977-29c5822b3976@group-33C48084FCC9-SegmentedRaftLogWorker: created new log segment /github/workspace/mnt/ozone/hadoop-ozone/integration-test/target/test-dir/MiniOzoneClusterImpl-fac2b43d-d0f4-41bd-8b0e-0750bdad7e42/datanode-5/data/ratis/d4ea869c-362b-4805-919d-33c48084fcc9/current/log_inprogress_0
2020-04-25 00:52:25,167 [3cd9ecf8-858f-44dc-b977-29c5822b3976@group-33C48084FCC9-LeaderElection106] INFO  impl.RaftServerImpl (ServerState.java:setRaftConf(356)) - 3cd9ecf8-858f-44dc-b977-29c5822b3976@group-33C48084FCC9: set configuration 0: [3cd9ecf8-858f-44dc-b977-29c5822b3976:172.17.0.2:44085], old=null at 0
2020-04-25 00:52:25,168 [01d66f6b-871f-49cc-8cf1-f917fde7eb54@group-7B58BB8F67D6-LeaderElection105] INFO  impl.RaftServerImpl (RaftServerImpl.java:setRole(172)) - 01d66f6b-871f-49cc-8cf1-f917fde7eb54@group-7B58BB8F67D6: changes role from CANDIDATE to FOLLOWER at term 1 for DISCOVERED_A_NEW_TERM
2020-04-25 00:52:25,168 [01d66f6b-871f-49cc-8cf1-f917fde7eb54@group-7B58BB8F67D6-LeaderElection105] INFO  impl.RoleInfo (RoleInfo.java:shutdownLeaderElection(134)) - 01d66f6b-871f-49cc-8cf1-f917fde7eb54: shutdown LeaderElection
2020-04-25 00:52:25,168 [01d66f6b-871f-49cc-8cf1-f917fde7eb54@group-7B58BB8F67D6-LeaderElection105] INFO  impl.RoleInfo (RoleInfo.java:updateAndGet(143)) - 01d66f6b-871f-49cc-8cf1-f917fde7eb54: start FollowerState
2020-04-25 00:52:25,173 [3cd9ecf8-858f-44dc-b977-29c5822b3976@group-7B58BB8F67D6-LeaderElection104] INFO  impl.LeaderElection (LeaderElection.java:logAndReturn(61)) - 3cd9ecf8-858f-44dc-b977-29c5822b3976@group-7B58BB8F67D6-LeaderElection104: Election REJECTED; received 2 response(s) [3cd9ecf8-858f-44dc-b977-29c5822b3976<-f6421666-a5d8-4f0d-9ada-e546d5fd97e1#0:FAIL-t1, 3cd9ecf8-858f-44dc-b977-29c5822b3976<-01d66f6b-871f-49cc-8cf1-f917fde7eb54#0:FAIL-t1] and 0 exception(s); 3cd9ecf8-858f-44dc-b977-29c5822b3976@group-7B58BB8F67D6:t1, leader=null, voted=3cd9ecf8-858f-44dc-b977-29c5822b3976, raftlog=3cd9ecf8-858f-44dc-b977-29c5822b3976@group-7B58BB8F67D6-SegmentedRaftLog:OPENED:c-1,f-1,i0, conf=-1: [f6421666-a5d8-4f0d-9ada-e546d5fd97e1:172.17.0.2:40551, 01d66f6b-871f-49cc-8cf1-f917fde7eb54:172.17.0.2:36377, 3cd9ecf8-858f-44dc-b977-29c5822b3976:172.17.0.2:44085], old=null
2020-04-25 00:52:25,173 [3cd9ecf8-858f-44dc-b977-29c5822b3976@group-7B58BB8F67D6-LeaderElection104] INFO  impl.RaftServerImpl (RaftServerImpl.java:setRole(172)) - 3cd9ecf8-858f-44dc-b977-29c5822b3976@group-7B58BB8F67D6: changes role from CANDIDATE to FOLLOWER at term 1 for DISCOVERED_A_NEW_TERM
2020-04-25 00:52:25,173 [3cd9ecf8-858f-44dc-b977-29c5822b3976@group-7B58BB8F67D6-LeaderElection104] INFO  impl.RoleInfo (RoleInfo.java:shutdownLeaderElection(134)) - 3cd9ecf8-858f-44dc-b977-29c5822b3976: shutdown LeaderElection
2020-04-25 00:52:25,173 [3cd9ecf8-858f-44dc-b977-29c5822b3976@group-7B58BB8F67D6-LeaderElection104] INFO  impl.RoleInfo (RoleInfo.java:updateAndGet(143)) - 3cd9ecf8-858f-44dc-b977-29c5822b3976: start FollowerState
2020-04-25 00:52:25,173 [378ddfc8-7d8d-47f2-b358-35cac2dfdeb9@group-F41530501E9B-LeaderElection107] INFO  impl.LeaderElection (LeaderElection.java:askForVotes(206)) - 378ddfc8-7d8d-47f2-b358-35cac2dfdeb9@group-F41530501E9B-LeaderElection107: begin an election at term 1 for -1: [378ddfc8-7d8d-47f2-b358-35cac2dfdeb9:172.17.0.2:46077], old=null
2020-04-25 00:52:25,173 [378ddfc8-7d8d-47f2-b358-35cac2dfdeb9@group-F41530501E9B-LeaderElection107] INFO  impl.RoleInfo (RoleInfo.java:shutdownLeaderElection(134)) - 378ddfc8-7d8d-47f2-b358-35cac2dfdeb9: shutdown LeaderElection
2020-04-25 00:52:25,173 [378ddfc8-7d8d-47f2-b358-35cac2dfdeb9@group-F41530501E9B-LeaderElection107] INFO  impl.RaftServerImpl (RaftServerImpl.java:setRole(172)) - 378ddfc8-7d8d-47f2-b358-35cac2dfdeb9@group-F41530501E9B: changes role from CANDIDATE to LEADER at term 1 for changeToLeader
2020-04-25 00:52:25,173 [378ddfc8-7d8d-47f2-b358-35cac2dfdeb9@group-F41530501E9B-LeaderElection107] INFO  ratis.XceiverServerRatis (XceiverServerRatis.java:handleLeaderChangedNotification(761)) - Leader change notification received for group: group-F41530501E9B with new leaderId: 378ddfc8-7d8d-47f2-b358-35cac2dfdeb9
2020-04-25 00:52:25,174 [378ddfc8-7d8d-47f2-b358-35cac2dfdeb9@group-F41530501E9B-LeaderElection107] INFO  impl.RaftServerImpl (ServerState.java:setLeader(255)) - 378ddfc8-7d8d-47f2-b358-35cac2dfdeb9@group-F41530501E9B: change Leader from null to 378ddfc8-7d8d-47f2-b358-35cac2dfdeb9 at term 1 for becomeLeader, leader elected after 5137ms
2020-04-25 00:52:25,179 [378ddfc8-7d8d-47f2-b358-35cac2dfdeb9@group-F41530501E9B-LeaderElection107] INFO  server.RaftServerConfigKeys (ConfUtils.java:logGet(44)) - raft.server.staging.catchup.gap = 1000 (default)
2020-04-25 00:52:25,179 [378ddfc8-7d8d-47f2-b358-35cac2dfdeb9@group-F41530501E9B-LeaderElection107] INFO  server.RaftServerConfigKeys (ConfUtils.java:logGet(44)) - raft.server.rpc.sleep.time = 25ms (default)
2020-04-25 00:52:25,179 [378ddfc8-7d8d-47f2-b358-35cac2dfdeb9@group-F41530501E9B-LeaderElection107] INFO  metrics.RatisMetrics (RatisMetrics.java:lambda$create$0(39)) - Creating Metrics Registry : ratis.log_appender.378ddfc8-7d8d-47f2-b358-35cac2dfdeb9@group-F41530501E9B
2020-04-25 00:52:25,180 [378ddfc8-7d8d-47f2-b358-35cac2dfdeb9@group-F41530501E9B-LeaderElection107] INFO  server.RaftServerConfigKeys (ConfUtils.java:logGet(44)) - raft.server.write.element-limit = 1024 (custom)
2020-04-25 00:52:25,180 [378ddfc8-7d8d-47f2-b358-35cac2dfdeb9@group-F41530501E9B-LeaderElection107] INFO  server.RaftServerConfigKeys (ConfUtils.java:logGet(44)) - raft.server.write.byte-limit = 1073741824 (custom)
2020-04-25 00:52:25,180 [378ddfc8-7d8d-47f2-b358-35cac2dfdeb9@group-F41530501E9B-LeaderElection107] INFO  server.RaftServerConfigKeys (ConfUtils.java:logGet(44)) - raft.server.watch.timeout = 3s (custom)
2020-04-25 00:52:25,180 [378ddfc8-7d8d-47f2-b358-35cac2dfdeb9@group-F41530501E9B-LeaderElection107] INFO  server.RaftServerConfigKeys (ConfUtils.java:logGet(44)) - raft.server.watch.timeout.denomination = 1s (default)
2020-04-25 00:52:25,180 [378ddfc8-7d8d-47f2-b358-35cac2dfdeb9@group-F41530501E9B-LeaderElection107] INFO  server.RaftServerConfigKeys (ConfUtils.java:logGet(44)) - raft.server.watch.element-limit = 65536 (default)
2020-04-25 00:52:25,181 [378ddfc8-7d8d-47f2-b358-35cac2dfdeb9@group-F41530501E9B-LeaderElection107] INFO  impl.RoleInfo (RoleInfo.java:updateAndGet(143)) - 378ddfc8-7d8d-47f2-b358-35cac2dfdeb9: start LeaderState
2020-04-25 00:52:25,181 [378ddfc8-7d8d-47f2-b358-35cac2dfdeb9@group-F41530501E9B-LeaderElection107] INFO  segmented.SegmentedRaftLogWorker (SegmentedRaftLogWorker.java:startLogSegment(391)) - 378ddfc8-7d8d-47f2-b358-35cac2dfdeb9@group-F41530501E9B-SegmentedRaftLogWorker: Starting segment from index:0
2020-04-25 00:52:25,181 [378ddfc8-7d8d-47f2-b358-35cac2dfdeb9@group-F41530501E9B-LeaderElection107] INFO  impl.RaftServerImpl (ServerState.java:setRaftConf(356)) - 378ddfc8-7d8d-47f2-b358-35cac2dfdeb9@group-F41530501E9B: set configuration 0: [378ddfc8-7d8d-47f2-b358-35cac2dfdeb9:172.17.0.2:46077], old=null at 0
2020-04-25 00:52:25,182 [378ddfc8-7d8d-47f2-b358-35cac2dfdeb9@group-F41530501E9B-SegmentedRaftLogWorker] INFO  segmented.SegmentedRaftLogWorker (SegmentedRaftLogWorker.java:execute(583)) - 378ddfc8-7d8d-47f2-b358-35cac2dfdeb9@group-F41530501E9B-SegmentedRaftLogWorker: created new log segment /github/workspace/mnt/ozone/hadoop-ozone/integration-test/target/test-dir/MiniOzoneClusterImpl-fac2b43d-d0f4-41bd-8b0e-0750bdad7e42/datanode-6/data/ratis/3f0df70d-97bb-4a00-95a4-f41530501e9b/current/log_inprogress_0
2020-04-25 00:52:27,693 [Thread-2921] INFO  container.ReplicationManager (ReplicationManager.java:start(165)) - Starting Replication Monitor Thread.
2020-04-25 00:52:27,695 [ReplicationMonitor] INFO  container.ReplicationManager (ReplicationManager.java:run(228)) - Replication Monitor Thread took 0 milliseconds for processing 1 containers.
2020-04-25 00:52:27,695 [EventQueue-CloseContainerForCloseContainerEventHandler] INFO  container.CloseContainerEventHandler (CloseContainerEventHandler.java:onMessage(61)) - Close container Event triggered for container : #1
2020-04-25 00:52:28,744 [Command processor thread] ERROR commandhandler.CloseContainerCommandHandler (CloseContainerCommandHandler.java:handle(85)) - Container #1 does not exist in datanode. Container close failed.
2020-04-25 00:52:28,838 [Command processor thread] ERROR commandhandler.CloseContainerCommandHandler (CloseContainerCommandHandler.java:handle(85)) - Container #1 does not exist in datanode. Container close failed.
2020-04-25 00:52:29,766 [Thread-2936] INFO  impl.FollowerState (FollowerState.java:run(108)) - 44e8018b-e232-4b82-9d12-5076aa410e35@group-4D2F0C4E8244-FollowerState: change to CANDIDATE, lastRpcTime:5007ms, electionTimeout:5000ms
2020-04-25 00:52:29,766 [Thread-2936] INFO  impl.RoleInfo (RoleInfo.java:shutdownFollowerState(121)) - 44e8018b-e232-4b82-9d12-5076aa410e35: shutdown FollowerState
2020-04-25 00:52:29,766 [Thread-2936] INFO  impl.RaftServerImpl (RaftServerImpl.java:setRole(172)) - 44e8018b-e232-4b82-9d12-5076aa410e35@group-4D2F0C4E8244: changes role from  FOLLOWER to CANDIDATE at term 2 for changeToCandidate
2020-04-25 00:52:29,766 [Thread-2936] INFO  impl.RoleInfo (RoleInfo.java:updateAndGet(143)) - 44e8018b-e232-4b82-9d12-5076aa410e35: start LeaderElection
2020-04-25 00:52:29,772 [44e8018b-e232-4b82-9d12-5076aa410e35@group-4D2F0C4E8244-LeaderElection108] INFO  impl.LeaderElection (LeaderElection.java:askForVotes(206)) - 44e8018b-e232-4b82-9d12-5076aa410e35@group-4D2F0C4E8244-LeaderElection108: begin an election at term 3 for 0: [a6f67013-66b6-4a15-861c-57dfff2f433f:172.17.0.2:43377, 6550183a-8562-43dc-b28b-b6c484dc4935:172.17.0.2:44877, 44e8018b-e232-4b82-9d12-5076aa410e35:172.17.0.2:35979], old=null
2020-04-25 00:52:29,779 [grpc-default-executor-10] INFO  impl.RaftServerImpl (RaftServerImpl.java:setRole(172)) - 6550183a-8562-43dc-b28b-b6c484dc4935@group-4D2F0C4E8244: changes role from  FOLLOWER to FOLLOWER at term 3 for recognizeCandidate:44e8018b-e232-4b82-9d12-5076aa410e35
2020-04-25 00:52:29,779 [grpc-default-executor-3] INFO  impl.RaftServerImpl (RaftServerImpl.java:setRole(172)) - a6f67013-66b6-4a15-861c-57dfff2f433f@group-4D2F0C4E8244: changes role from  FOLLOWER to FOLLOWER at term 3 for recognizeCandidate:44e8018b-e232-4b82-9d12-5076aa410e35
2020-04-25 00:52:29,779 [grpc-default-executor-3] INFO  impl.RoleInfo (RoleInfo.java:shutdownFollowerState(121)) - a6f67013-66b6-4a15-861c-57dfff2f433f: shutdown FollowerState
2020-04-25 00:52:29,779 [grpc-default-executor-3] INFO  impl.RoleInfo (RoleInfo.java:updateAndGet(143)) - a6f67013-66b6-4a15-861c-57dfff2f433f: start FollowerState
2020-04-25 00:52:29,779 [grpc-default-executor-10] INFO  impl.RoleInfo (RoleInfo.java:shutdownFollowerState(121)) - 6550183a-8562-43dc-b28b-b6c484dc4935: shutdown FollowerState
2020-04-25 00:52:29,779 [Thread-2916] INFO  impl.FollowerState (FollowerState.java:run(117)) - a6f67013-66b6-4a15-861c-57dfff2f433f@group-4D2F0C4E8244-FollowerState was interrupted: java.lang.InterruptedException: sleep interrupted
2020-04-25 00:52:29,780 [grpc-default-executor-10] INFO  impl.RoleInfo (RoleInfo.java:updateAndGet(143)) - 6550183a-8562-43dc-b28b-b6c484dc4935: start FollowerState
2020-04-25 00:52:29,780 [Thread-2923] INFO  impl.FollowerState (FollowerState.java:run(117)) - 6550183a-8562-43dc-b28b-b6c484dc4935@group-4D2F0C4E8244-FollowerState was interrupted: java.lang.InterruptedException: sleep interrupted
2020-04-25 00:52:29,782 [44e8018b-e232-4b82-9d12-5076aa410e35@group-4D2F0C4E8244-LeaderElection108] INFO  impl.LeaderElection (LeaderElection.java:logAndReturn(61)) - 44e8018b-e232-4b82-9d12-5076aa410e35@group-4D2F0C4E8244-LeaderElection108: Election PASSED; received 1 response(s) [44e8018b-e232-4b82-9d12-5076aa410e35<-a6f67013-66b6-4a15-861c-57dfff2f433f#0:OK-t3] and 0 exception(s); 44e8018b-e232-4b82-9d12-5076aa410e35@group-4D2F0C4E8244:t3, leader=null, voted=44e8018b-e232-4b82-9d12-5076aa410e35, raftlog=44e8018b-e232-4b82-9d12-5076aa410e35@group-4D2F0C4E8244-SegmentedRaftLog:OPENED:c0,f0,i0, conf=0: [a6f67013-66b6-4a15-861c-57dfff2f433f:172.17.0.2:43377, 6550183a-8562-43dc-b28b-b6c484dc4935:172.17.0.2:44877, 44e8018b-e232-4b82-9d12-5076aa410e35:172.17.0.2:35979], old=null
2020-04-25 00:52:29,782 [44e8018b-e232-4b82-9d12-5076aa410e35@group-4D2F0C4E8244-LeaderElection108] INFO  impl.RoleInfo (RoleInfo.java:shutdownLeaderElection(134)) - 44e8018b-e232-4b82-9d12-5076aa410e35: shutdown LeaderElection
2020-04-25 00:52:29,782 [44e8018b-e232-4b82-9d12-5076aa410e35@group-4D2F0C4E8244-LeaderElection108] INFO  impl.RaftServerImpl (RaftServerImpl.java:setRole(172)) - 44e8018b-e232-4b82-9d12-5076aa410e35@group-4D2F0C4E8244: changes role from CANDIDATE to LEADER at term 3 for changeToLeader
2020-04-25 00:52:29,782 [44e8018b-e232-4b82-9d12-5076aa410e35@group-4D2F0C4E8244-LeaderElection108] INFO  ratis.XceiverServerRatis (XceiverServerRatis.java:handleLeaderChangedNotification(761)) - Leader change notification received for group: group-4D2F0C4E8244 with new leaderId: 44e8018b-e232-4b82-9d12-5076aa410e35
2020-04-25 00:52:29,782 [44e8018b-e232-4b82-9d12-5076aa410e35@group-4D2F0C4E8244-LeaderElection108] INFO  impl.RaftServerImpl (ServerState.java:setLeader(255)) - 44e8018b-e232-4b82-9d12-5076aa410e35@group-4D2F0C4E8244: change Leader from null to 44e8018b-e232-4b82-9d12-5076aa410e35 at term 3 for becomeLeader, leader elected after 5032ms
2020-04-25 00:52:29,782 [44e8018b-e232-4b82-9d12-5076aa410e35@group-4D2F0C4E8244-LeaderElection108] INFO  server.RaftServerConfigKeys (ConfUtils.java:logGet(44)) - raft.server.staging.catchup.gap = 1000 (default)
2020-04-25 00:52:29,782 [44e8018b-e232-4b82-9d12-5076aa410e35@group-4D2F0C4E8244-LeaderElection108] INFO  server.RaftServerConfigKeys (ConfUtils.java:logGet(44)) - raft.server.rpc.sleep.time = 25ms (default)
2020-04-25 00:52:29,782 [44e8018b-e232-4b82-9d12-5076aa410e35@group-4D2F0C4E8244-LeaderElection108] INFO  metrics.RatisMetrics (RatisMetrics.java:lambda$create$0(39)) - Creating Metrics Registry : ratis.log_appender.44e8018b-e232-4b82-9d12-5076aa410e35@group-4D2F0C4E8244
2020-04-25 00:52:29,782 [44e8018b-e232-4b82-9d12-5076aa410e35@group-4D2F0C4E8244-LeaderElection108] INFO  server.RaftServerConfigKeys (ConfUtils.java:logGet(44)) - raft.server.write.element-limit = 1024 (custom)
2020-04-25 00:52:29,785 [44e8018b-e232-4b82-9d12-5076aa410e35@group-4D2F0C4E8244-LeaderElection108] INFO  server.RaftServerConfigKeys (ConfUtils.java:logGet(44)) - raft.server.write.byte-limit = 1073741824 (custom)
2020-04-25 00:52:29,785 [44e8018b-e232-4b82-9d12-5076aa410e35@group-4D2F0C4E8244-LeaderElection108] INFO  server.RaftServerConfigKeys (ConfUtils.java:logGet(44)) - raft.server.watch.timeout = 3s (custom)
2020-04-25 00:52:29,785 [44e8018b-e232-4b82-9d12-5076aa410e35@group-4D2F0C4E8244-LeaderElection108] INFO  server.RaftServerConfigKeys (ConfUtils.java:logGet(44)) - raft.server.watch.timeout.denomination = 1s (default)
2020-04-25 00:52:29,785 [44e8018b-e232-4b82-9d12-5076aa410e35@group-4D2F0C4E8244-LeaderElection108] INFO  server.RaftServerConfigKeys (ConfUtils.java:logGet(44)) - raft.server.watch.element-limit = 65536 (default)
2020-04-25 00:52:29,786 [44e8018b-e232-4b82-9d12-5076aa410e35@group-4D2F0C4E8244-LeaderElection108] INFO  server.RaftServerConfigKeys (ConfUtils.java:logGet(44)) - raft.server.log.appender.snapshot.chunk.size.max = 16MB (=16777216) (default)
2020-04-25 00:52:29,786 [44e8018b-e232-4b82-9d12-5076aa410e35@group-4D2F0C4E8244-LeaderElection108] INFO  server.RaftServerConfigKeys (ConfUtils.java:logGet(44)) - raft.server.log.appender.buffer.byte-limit = 33554432 (custom)
2020-04-25 00:52:29,786 [44e8018b-e232-4b82-9d12-5076aa410e35@group-4D2F0C4E8244-LeaderElection108] INFO  server.RaftServerConfigKeys (ConfUtils.java:logGet(44)) - raft.server.log.appender.buffer.element-limit = 1 (custom)
2020-04-25 00:52:29,786 [44e8018b-e232-4b82-9d12-5076aa410e35@group-4D2F0C4E8244-LeaderElection108] INFO  grpc.GrpcConfigKeys (ConfUtils.java:logGet(44)) - raft.grpc.server.leader.outstanding.appends.max = 128 (default)
2020-04-25 00:52:29,786 [44e8018b-e232-4b82-9d12-5076aa410e35@group-4D2F0C4E8244-LeaderElection108] INFO  server.RaftServerConfigKeys (ConfUtils.java:logGet(44)) - raft.server.rpc.request.timeout = 3s (default)
2020-04-25 00:52:29,786 [44e8018b-e232-4b82-9d12-5076aa410e35@group-4D2F0C4E8244-LeaderElection108] INFO  server.RaftServerConfigKeys (ConfUtils.java:logGet(44)) - raft.server.log.appender.install.snapshot.enabled = false (custom)
2020-04-25 00:52:29,789 [44e8018b-e232-4b82-9d12-5076aa410e35@group-4D2F0C4E8244-LeaderElection108] INFO  server.RaftServerConfigKeys (ConfUtils.java:logGet(44)) - raft.server.log.appender.snapshot.chunk.size.max = 16MB (=16777216) (default)
2020-04-25 00:52:29,790 [44e8018b-e232-4b82-9d12-5076aa410e35@group-4D2F0C4E8244-LeaderElection108] INFO  server.RaftServerConfigKeys (ConfUtils.java:logGet(44)) - raft.server.log.appender.buffer.byte-limit = 33554432 (custom)
2020-04-25 00:52:29,790 [44e8018b-e232-4b82-9d12-5076aa410e35@group-4D2F0C4E8244-LeaderElection108] INFO  server.RaftServerConfigKeys (ConfUtils.java:logGet(44)) - raft.server.log.appender.buffer.element-limit = 1 (custom)
2020-04-25 00:52:29,790 [44e8018b-e232-4b82-9d12-5076aa410e35@group-4D2F0C4E8244-LeaderElection108] INFO  grpc.GrpcConfigKeys (ConfUtils.java:logGet(44)) - raft.grpc.server.leader.outstanding.appends.max = 128 (default)
2020-04-25 00:52:29,790 [44e8018b-e232-4b82-9d12-5076aa410e35@group-4D2F0C4E8244-LeaderElection108] INFO  server.RaftServerConfigKeys (ConfUtils.java:logGet(44)) - raft.server.rpc.request.timeout = 3s (default)
2020-04-25 00:52:29,790 [44e8018b-e232-4b82-9d12-5076aa410e35@group-4D2F0C4E8244-LeaderElection108] INFO  server.RaftServerConfigKeys (ConfUtils.java:logGet(44)) - raft.server.log.appender.install.snapshot.enabled = false (custom)
2020-04-25 00:52:29,792 [44e8018b-e232-4b82-9d12-5076aa410e35@group-4D2F0C4E8244-LeaderElection108] INFO  impl.RoleInfo (RoleInfo.java:updateAndGet(143)) - 44e8018b-e232-4b82-9d12-5076aa410e35: start LeaderState
2020-04-25 00:52:29,792 [44e8018b-e232-4b82-9d12-5076aa410e35@group-4D2F0C4E8244-LeaderElection108] INFO  segmented.SegmentedRaftLogWorker (SegmentedRaftLogWorker.java:rollLogSegment(396)) - 44e8018b-e232-4b82-9d12-5076aa410e35@group-4D2F0C4E8244-SegmentedRaftLogWorker: Rolling segment log-0_0 to index:0
2020-04-25 00:52:29,794 [44e8018b-e232-4b82-9d12-5076aa410e35@group-4D2F0C4E8244-SegmentedRaftLogWorker] INFO  segmented.SegmentedRaftLogWorker (SegmentedRaftLogWorker.java:execute(541)) - 44e8018b-e232-4b82-9d12-5076aa410e35@group-4D2F0C4E8244-SegmentedRaftLogWorker: Rolled log segment from /github/workspace/mnt/ozone/hadoop-ozone/integration-test/target/test-dir/MiniOzoneClusterImpl-fac2b43d-d0f4-41bd-8b0e-0750bdad7e42/datanode-0/data/ratis/ae8a75f2-8a3b-4b14-97e2-4d2f0c4e8244/current/log_inprogress_0 to /github/workspace/mnt/ozone/hadoop-ozone/integration-test/target/test-dir/MiniOzoneClusterImpl-fac2b43d-d0f4-41bd-8b0e-0750bdad7e42/datanode-0/data/ratis/ae8a75f2-8a3b-4b14-97e2-4d2f0c4e8244/current/log_0-0
2020-04-25 00:52:29,795 [44e8018b-e232-4b82-9d12-5076aa410e35@group-4D2F0C4E8244-SegmentedRaftLogWorker] INFO  segmented.SegmentedRaftLogWorker (SegmentedRaftLogWorker.java:execute(583)) - 44e8018b-e232-4b82-9d12-5076aa410e35@group-4D2F0C4E8244-SegmentedRaftLogWorker: created new log segment /github/workspace/mnt/ozone/hadoop-ozone/integration-test/target/test-dir/MiniOzoneClusterImpl-fac2b43d-d0f4-41bd-8b0e-0750bdad7e42/datanode-0/data/ratis/ae8a75f2-8a3b-4b14-97e2-4d2f0c4e8244/current/log_inprogress_1
2020-04-25 00:52:29,796 [grpc-default-executor-3] INFO  ratis.XceiverServerRatis (XceiverServerRatis.java:handleLeaderChangedNotification(761)) - Leader change notification received for group: group-4D2F0C4E8244 with new leaderId: 44e8018b-e232-4b82-9d12-5076aa410e35
2020-04-25 00:52:29,796 [grpc-default-executor-3] INFO  impl.RaftServerImpl (ServerState.java:setLeader(255)) - a6f67013-66b6-4a15-861c-57dfff2f433f@group-4D2F0C4E8244: change Leader from null to 44e8018b-e232-4b82-9d12-5076aa410e35 at term 3 for appendEntries, leader elected after 10229ms
2020-04-25 00:52:29,796 [grpc-default-executor-3] INFO  impl.RaftServerImpl (RaftServerImpl.java:checkInconsistentAppendEntries(1064)) - a6f67013-66b6-4a15-861c-57dfff2f433f@group-4D2F0C4E8244: Failed appendEntries as previous log entry ((t:1, i:0)) is not found
2020-04-25 00:52:29,797 [44e8018b-e232-4b82-9d12-5076aa410e35@group-4D2F0C4E8244-LeaderElection108] INFO  impl.RaftServerImpl (ServerState.java:setRaftConf(356)) - 44e8018b-e232-4b82-9d12-5076aa410e35@group-4D2F0C4E8244: set configuration 1: [a6f67013-66b6-4a15-861c-57dfff2f433f:172.17.0.2:43377, 6550183a-8562-43dc-b28b-b6c484dc4935:172.17.0.2:44877, 44e8018b-e232-4b82-9d12-5076aa410e35:172.17.0.2:35979], old=null at 1
2020-04-25 00:52:29,797 [grpc-default-executor-3] INFO  impl.RaftServerImpl (RaftServerImpl.java:checkInconsistentAppendEntries(1030)) - a6f67013-66b6-4a15-861c-57dfff2f433f@group-4D2F0C4E8244: inconsistency entries. Reply:44e8018b-e232-4b82-9d12-5076aa410e35<-a6f67013-66b6-4a15-861c-57dfff2f433f#0:FAIL,INCONSISTENCY,nextIndex:0,term:3,followerCommit:-1
2020-04-25 00:52:29,798 [grpc-default-executor-3] INFO  impl.RaftServerImpl (RaftServerImpl.java:checkInconsistentAppendEntries(1064)) - a6f67013-66b6-4a15-861c-57dfff2f433f@group-4D2F0C4E8244: Failed appendEntries as previous log entry ((t:1, i:0)) is not found
2020-04-25 00:52:29,798 [grpc-default-executor-3] INFO  impl.RaftServerImpl (RaftServerImpl.java:checkInconsistentAppendEntries(1030)) - a6f67013-66b6-4a15-861c-57dfff2f433f@group-4D2F0C4E8244: inconsistency entries. Reply:44e8018b-e232-4b82-9d12-5076aa410e35<-a6f67013-66b6-4a15-861c-57dfff2f433f#1:FAIL,INCONSISTENCY,nextIndex:0,term:3,followerCommit:-1
2020-04-25 00:52:29,801 [grpc-default-executor-10] INFO  impl.FollowerInfo (FollowerInfo.java:lambda$new$0(50)) - 44e8018b-e232-4b82-9d12-5076aa410e35@group-4D2F0C4E8244->a6f67013-66b6-4a15-861c-57dfff2f433f: nextIndex: updateUnconditionally 2 -> 0
2020-04-25 00:52:29,801 [grpc-default-executor-10] INFO  impl.FollowerInfo (FollowerInfo.java:lambda$new$0(50)) - 44e8018b-e232-4b82-9d12-5076aa410e35@group-4D2F0C4E8244->a6f67013-66b6-4a15-861c-57dfff2f433f: nextIndex: updateUnconditionally 1 -> 0
2020-04-25 00:52:29,802 [grpc-default-executor-10] INFO  impl.RaftServerImpl (ServerState.java:setRaftConf(356)) - a6f67013-66b6-4a15-861c-57dfff2f433f@group-4D2F0C4E8244: set configuration 0: [a6f67013-66b6-4a15-861c-57dfff2f433f:172.17.0.2:43377, 6550183a-8562-43dc-b28b-b6c484dc4935:172.17.0.2:44877, 44e8018b-e232-4b82-9d12-5076aa410e35:172.17.0.2:35979], old=null at 0
2020-04-25 00:52:29,802 [grpc-default-executor-10] INFO  segmented.SegmentedRaftLogWorker (SegmentedRaftLogWorker.java:startLogSegment(391)) - a6f67013-66b6-4a15-861c-57dfff2f433f@group-4D2F0C4E8244-SegmentedRaftLogWorker: Starting segment from index:0
2020-04-25 00:52:29,803 [grpc-default-executor-10] INFO  impl.RaftServerImpl (ServerState.java:setRaftConf(356)) - a6f67013-66b6-4a15-861c-57dfff2f433f@group-4D2F0C4E8244: set configuration 0: [a6f67013-66b6-4a15-861c-57dfff2f433f:172.17.0.2:43377, 6550183a-8562-43dc-b28b-b6c484dc4935:172.17.0.2:44877, 44e8018b-e232-4b82-9d12-5076aa410e35:172.17.0.2:35979], old=null at 0
2020-04-25 00:52:29,803 [a6f67013-66b6-4a15-861c-57dfff2f433f@group-4D2F0C4E8244-SegmentedRaftLogWorker] INFO  segmented.SegmentedRaftLogWorker (SegmentedRaftLogWorker.java:execute(583)) - a6f67013-66b6-4a15-861c-57dfff2f433f@group-4D2F0C4E8244-SegmentedRaftLogWorker: created new log segment /github/workspace/mnt/ozone/hadoop-ozone/integration-test/target/test-dir/MiniOzoneClusterImpl-fac2b43d-d0f4-41bd-8b0e-0750bdad7e42/datanode-2/data/ratis/ae8a75f2-8a3b-4b14-97e2-4d2f0c4e8244/current/log_inprogress_0
2020-04-25 00:52:29,807 [grpc-default-executor-3] INFO  ratis.XceiverServerRatis (XceiverServerRatis.java:handleLeaderChangedNotification(761)) - Leader change notification received for group: group-4D2F0C4E8244 with new leaderId: 44e8018b-e232-4b82-9d12-5076aa410e35
2020-04-25 00:52:29,807 [grpc-default-executor-3] INFO  impl.RaftServerImpl (ServerState.java:setLeader(255)) - 6550183a-8562-43dc-b28b-b6c484dc4935@group-4D2F0C4E8244: change Leader from null to 44e8018b-e232-4b82-9d12-5076aa410e35 at term 3 for appendEntries, leader elected after 10288ms
2020-04-25 00:52:29,807 [grpc-default-executor-3] INFO  impl.RaftServerImpl (RaftServerImpl.java:checkInconsistentAppendEntries(1064)) - 6550183a-8562-43dc-b28b-b6c484dc4935@group-4D2F0C4E8244: Failed appendEntries as previous log entry ((t:1, i:0)) is not found
2020-04-25 00:52:29,807 [grpc-default-executor-3] INFO  impl.RaftServerImpl (RaftServerImpl.java:checkInconsistentAppendEntries(1030)) - 6550183a-8562-43dc-b28b-b6c484dc4935@group-4D2F0C4E8244: inconsistency entries. Reply:44e8018b-e232-4b82-9d12-5076aa410e35<-6550183a-8562-43dc-b28b-b6c484dc4935#0:FAIL,INCONSISTENCY,nextIndex:0,term:3,followerCommit:-1
2020-04-25 00:52:29,807 [grpc-default-executor-10] INFO  impl.RaftServerImpl (RaftServerImpl.java:checkInconsistentAppendEntries(1064)) - 6550183a-8562-43dc-b28b-b6c484dc4935@group-4D2F0C4E8244: Failed appendEntries as previous log entry ((t:1, i:0)) is not found
2020-04-25 00:52:29,807 [grpc-default-executor-10] INFO  impl.RaftServerImpl (RaftServerImpl.java:checkInconsistentAppendEntries(1030)) - 6550183a-8562-43dc-b28b-b6c484dc4935@group-4D2F0C4E8244: inconsistency entries. Reply:44e8018b-e232-4b82-9d12-5076aa410e35<-6550183a-8562-43dc-b28b-b6c484dc4935#1:FAIL,INCONSISTENCY,nextIndex:0,term:3,followerCommit:-1
2020-04-25 00:52:29,808 [grpc-default-executor-0] INFO  impl.FollowerInfo (FollowerInfo.java:lambda$new$0(50)) - 44e8018b-e232-4b82-9d12-5076aa410e35@group-4D2F0C4E8244->6550183a-8562-43dc-b28b-b6c484dc4935: nextIndex: updateUnconditionally 2 -> 0
2020-04-25 00:52:29,808 [grpc-default-executor-0] INFO  impl.FollowerInfo (FollowerInfo.java:lambda$new$0(50)) - 44e8018b-e232-4b82-9d12-5076aa410e35@group-4D2F0C4E8244->6550183a-8562-43dc-b28b-b6c484dc4935: nextIndex: updateUnconditionally 1 -> 0
2020-04-25 00:52:29,809 [grpc-default-executor-3] INFO  impl.RaftServerImpl (ServerState.java:setRaftConf(356)) - a6f67013-66b6-4a15-861c-57dfff2f433f@group-4D2F0C4E8244: set configuration 1: [a6f67013-66b6-4a15-861c-57dfff2f433f:172.17.0.2:43377, 6550183a-8562-43dc-b28b-b6c484dc4935:172.17.0.2:44877, 44e8018b-e232-4b82-9d12-5076aa410e35:172.17.0.2:35979], old=null at 1
2020-04-25 00:52:29,809 [grpc-default-executor-3] INFO  segmented.SegmentedRaftLogWorker (SegmentedRaftLogWorker.java:rollLogSegment(396)) - a6f67013-66b6-4a15-861c-57dfff2f433f@group-4D2F0C4E8244-SegmentedRaftLogWorker: Rolling segment log-0_0 to index:0
2020-04-25 00:52:29,809 [grpc-default-executor-0] INFO  impl.RaftServerImpl (ServerState.java:setRaftConf(356)) - 6550183a-8562-43dc-b28b-b6c484dc4935@group-4D2F0C4E8244: set configuration 0: [a6f67013-66b6-4a15-861c-57dfff2f433f:172.17.0.2:43377, 6550183a-8562-43dc-b28b-b6c484dc4935:172.17.0.2:44877, 44e8018b-e232-4b82-9d12-5076aa410e35:172.17.0.2:35979], old=null at 0
2020-04-25 00:52:29,810 [grpc-default-executor-0] INFO  segmented.SegmentedRaftLogWorker (SegmentedRaftLogWorker.java:startLogSegment(391)) - 6550183a-8562-43dc-b28b-b6c484dc4935@group-4D2F0C4E8244-SegmentedRaftLogWorker: Starting segment from index:0
2020-04-25 00:52:29,810 [a6f67013-66b6-4a15-861c-57dfff2f433f@group-4D2F0C4E8244-SegmentedRaftLogWorker] INFO  segmented.SegmentedRaftLogWorker (SegmentedRaftLogWorker.java:execute(541)) - a6f67013-66b6-4a15-861c-57dfff2f433f@group-4D2F0C4E8244-SegmentedRaftLogWorker: Rolled log segment from /github/workspace/mnt/ozone/hadoop-ozone/integration-test/target/test-dir/MiniOzoneClusterImpl-fac2b43d-d0f4-41bd-8b0e-0750bdad7e42/datanode-2/data/ratis/ae8a75f2-8a3b-4b14-97e2-4d2f0c4e8244/current/log_inprogress_0 to /github/workspace/mnt/ozone/hadoop-ozone/integration-test/target/test-dir/MiniOzoneClusterImpl-fac2b43d-d0f4-41bd-8b0e-0750bdad7e42/datanode-2/data/ratis/ae8a75f2-8a3b-4b14-97e2-4d2f0c4e8244/current/log_0-0
2020-04-25 00:52:29,811 [grpc-default-executor-0] INFO  impl.RaftServerImpl (ServerState.java:setRaftConf(356)) - 6550183a-8562-43dc-b28b-b6c484dc4935@group-4D2F0C4E8244: set configuration 0: [a6f67013-66b6-4a15-861c-57dfff2f433f:172.17.0.2:43377, 6550183a-8562-43dc-b28b-b6c484dc4935:172.17.0.2:44877, 44e8018b-e232-4b82-9d12-5076aa410e35:172.17.0.2:35979], old=null at 0
2020-04-25 00:52:29,812 [6550183a-8562-43dc-b28b-b6c484dc4935@group-4D2F0C4E8244-SegmentedRaftLogWorker] INFO  segmented.SegmentedRaftLogWorker (SegmentedRaftLogWorker.java:execute(583)) - 6550183a-8562-43dc-b28b-b6c484dc4935@group-4D2F0C4E8244-SegmentedRaftLogWorker: created new log segment /github/workspace/mnt/ozone/hadoop-ozone/integration-test/target/test-dir/MiniOzoneClusterImpl-fac2b43d-d0f4-41bd-8b0e-0750bdad7e42/datanode-1/data/ratis/ae8a75f2-8a3b-4b14-97e2-4d2f0c4e8244/current/log_inprogress_0
2020-04-25 00:52:29,813 [a6f67013-66b6-4a15-861c-57dfff2f433f@group-4D2F0C4E8244-SegmentedRaftLogWorker] INFO  segmented.SegmentedRaftLogWorker (SegmentedRaftLogWorker.java:execute(583)) - a6f67013-66b6-4a15-861c-57dfff2f433f@group-4D2F0C4E8244-SegmentedRaftLogWorker: created new log segment /github/workspace/mnt/ozone/hadoop-ozone/integration-test/target/test-dir/MiniOzoneClusterImpl-fac2b43d-d0f4-41bd-8b0e-0750bdad7e42/datanode-2/data/ratis/ae8a75f2-8a3b-4b14-97e2-4d2f0c4e8244/current/log_inprogress_1
2020-04-25 00:52:29,814 [grpc-default-executor-0] INFO  impl.RaftServerImpl (ServerState.java:setRaftConf(356)) - 6550183a-8562-43dc-b28b-b6c484dc4935@group-4D2F0C4E8244: set configuration 1: [a6f67013-66b6-4a15-861c-57dfff2f433f:172.17.0.2:43377, 6550183a-8562-43dc-b28b-b6c484dc4935:172.17.0.2:44877, 44e8018b-e232-4b82-9d12-5076aa410e35:172.17.0.2:35979], old=null at 1
2020-04-25 00:52:29,814 [grpc-default-executor-0] INFO  segmented.SegmentedRaftLogWorker (SegmentedRaftLogWorker.java:rollLogSegment(396)) - 6550183a-8562-43dc-b28b-b6c484dc4935@group-4D2F0C4E8244-SegmentedRaftLogWorker: Rolling segment log-0_0 to index:0
2020-04-25 00:52:29,816 [6550183a-8562-43dc-b28b-b6c484dc4935@group-4D2F0C4E8244-SegmentedRaftLogWorker] INFO  segmented.SegmentedRaftLogWorker (SegmentedRaftLogWorker.java:execute(541)) - 6550183a-8562-43dc-b28b-b6c484dc4935@group-4D2F0C4E8244-SegmentedRaftLogWorker: Rolled log segment from /github/workspace/mnt/ozone/hadoop-ozone/integration-test/target/test-dir/MiniOzoneClusterImpl-fac2b43d-d0f4-41bd-8b0e-0750bdad7e42/datanode-1/data/ratis/ae8a75f2-8a3b-4b14-97e2-4d2f0c4e8244/current/log_inprogress_0 to /github/workspace/mnt/ozone/hadoop-ozone/integration-test/target/test-dir/MiniOzoneClusterImpl-fac2b43d-d0f4-41bd-8b0e-0750bdad7e42/datanode-1/data/ratis/ae8a75f2-8a3b-4b14-97e2-4d2f0c4e8244/current/log_0-0
2020-04-25 00:52:29,817 [6550183a-8562-43dc-b28b-b6c484dc4935@group-4D2F0C4E8244-SegmentedRaftLogWorker] INFO  segmented.SegmentedRaftLogWorker (SegmentedRaftLogWorker.java:execute(583)) - 6550183a-8562-43dc-b28b-b6c484dc4935@group-4D2F0C4E8244-SegmentedRaftLogWorker: created new log segment /github/workspace/mnt/ozone/hadoop-ozone/integration-test/target/test-dir/MiniOzoneClusterImpl-fac2b43d-d0f4-41bd-8b0e-0750bdad7e42/datanode-1/data/ratis/ae8a75f2-8a3b-4b14-97e2-4d2f0c4e8244/current/log_inprogress_1
2020-04-25 00:52:29,840 [Thread-2934] INFO  impl.FollowerState (FollowerState.java:run(108)) - 44e8018b-e232-4b82-9d12-5076aa410e35@group-0CB630F518CC-FollowerState: change to CANDIDATE, lastRpcTime:5091ms, electionTimeout:5091ms
2020-04-25 00:52:29,840 [Thread-2934] INFO  impl.RoleInfo (RoleInfo.java:shutdownFollowerState(121)) - 44e8018b-e232-4b82-9d12-5076aa410e35: shutdown FollowerState
2020-04-25 00:52:29,841 [Thread-2934] INFO  impl.RaftServerImpl (RaftServerImpl.java:setRole(172)) - 44e8018b-e232-4b82-9d12-5076aa410e35@group-0CB630F518CC: changes role from  FOLLOWER to CANDIDATE at term 2 for changeToCandidate
2020-04-25 00:52:29,841 [Thread-2934] INFO  impl.RoleInfo (RoleInfo.java:updateAndGet(143)) - 44e8018b-e232-4b82-9d12-5076aa410e35: start LeaderElection
2020-04-25 00:52:29,842 [44e8018b-e232-4b82-9d12-5076aa410e35@group-0CB630F518CC-LeaderElection109] INFO  impl.LeaderElection (LeaderElection.java:askForVotes(206)) - 44e8018b-e232-4b82-9d12-5076aa410e35@group-0CB630F518CC-LeaderElection109: begin an election at term 3 for -1: [a6f67013-66b6-4a15-861c-57dfff2f433f:172.17.0.2:43377, 6550183a-8562-43dc-b28b-b6c484dc4935:172.17.0.2:44877, 44e8018b-e232-4b82-9d12-5076aa410e35:172.17.0.2:35979], old=null
2020-04-25 00:52:29,844 [grpc-default-executor-0] INFO  impl.RaftServerImpl (RaftServerImpl.java:setRole(172)) - a6f67013-66b6-4a15-861c-57dfff2f433f@group-0CB630F518CC: changes role from  FOLLOWER to FOLLOWER at term 3 for recognizeCandidate:44e8018b-e232-4b82-9d12-5076aa410e35
2020-04-25 00:52:29,844 [grpc-default-executor-0] INFO  impl.RoleInfo (RoleInfo.java:shutdownFollowerState(121)) - a6f67013-66b6-4a15-861c-57dfff2f433f: shutdown FollowerState
2020-04-25 00:52:29,844 [grpc-default-executor-0] INFO  impl.RoleInfo (RoleInfo.java:updateAndGet(143)) - a6f67013-66b6-4a15-861c-57dfff2f433f: start FollowerState
2020-04-25 00:52:29,844 [Thread-2941] INFO  impl.FollowerState (FollowerState.java:run(117)) - a6f67013-66b6-4a15-861c-57dfff2f433f@group-0CB630F518CC-FollowerState was interrupted: java.lang.InterruptedException: sleep interrupted
2020-04-25 00:52:29,845 [grpc-default-executor-3] INFO  impl.RaftServerImpl (RaftServerImpl.java:setRole(172)) - 6550183a-8562-43dc-b28b-b6c484dc4935@group-0CB630F518CC: changes role from  FOLLOWER to FOLLOWER at term 3 for recognizeCandidate:44e8018b-e232-4b82-9d12-5076aa410e35
2020-04-25 00:52:29,845 [grpc-default-executor-3] INFO  impl.RoleInfo (RoleInfo.java:shutdownFollowerState(121)) - 6550183a-8562-43dc-b28b-b6c484dc4935: shutdown FollowerState
2020-04-25 00:52:29,845 [grpc-default-executor-3] INFO  impl.RoleInfo (RoleInfo.java:updateAndGet(143)) - 6550183a-8562-43dc-b28b-b6c484dc4935: start FollowerState
2020-04-25 00:52:29,845 [Thread-2942] INFO  impl.FollowerState (FollowerState.java:run(117)) - 6550183a-8562-43dc-b28b-b6c484dc4935@group-0CB630F518CC-FollowerState was interrupted: java.lang.InterruptedException: sleep interrupted
2020-04-25 00:52:29,847 [44e8018b-e232-4b82-9d12-5076aa410e35@group-0CB630F518CC-LeaderElection109] INFO  impl.LeaderElection (LeaderElection.java:logAndReturn(61)) - 44e8018b-e232-4b82-9d12-5076aa410e35@group-0CB630F518CC-LeaderElection109: Election PASSED; received 1 response(s) [44e8018b-e232-4b82-9d12-5076aa410e35<-a6f67013-66b6-4a15-861c-57dfff2f433f#0:OK-t3] and 0 exception(s); 44e8018b-e232-4b82-9d12-5076aa410e35@group-0CB630F518CC:t3, leader=null, voted=44e8018b-e232-4b82-9d12-5076aa410e35, raftlog=44e8018b-e232-4b82-9d12-5076aa410e35@group-0CB630F518CC-SegmentedRaftLog:OPENED:c-1,f-1,i0, conf=-1: [a6f67013-66b6-4a15-861c-57dfff2f433f:172.17.0.2:43377, 6550183a-8562-43dc-b28b-b6c484dc4935:172.17.0.2:44877, 44e8018b-e232-4b82-9d12-5076aa410e35:172.17.0.2:35979], old=null
2020-04-25 00:52:29,847 [44e8018b-e232-4b82-9d12-5076aa410e35@group-0CB630F518CC-LeaderElection109] INFO  impl.RoleInfo (RoleInfo.java:shutdownLeaderElection(134)) - 44e8018b-e232-4b82-9d12-5076aa410e35: shutdown LeaderElection
2020-04-25 00:52:29,847 [44e8018b-e232-4b82-9d12-5076aa410e35@group-0CB630F518CC-LeaderElection109] INFO  impl.RaftServerImpl (RaftServerImpl.java:setRole(172)) - 44e8018b-e232-4b82-9d12-5076aa410e35@group-0CB630F518CC: changes role from CANDIDATE to LEADER at term 3 for changeToLeader
2020-04-25 00:52:29,847 [44e8018b-e232-4b82-9d12-5076aa410e35@group-0CB630F518CC-LeaderElection109] INFO  ratis.XceiverServerRatis (XceiverServerRatis.java:handleLeaderChangedNotification(761)) - Leader change notification received for group: group-0CB630F518CC with new leaderId: 44e8018b-e232-4b82-9d12-5076aa410e35
2020-04-25 00:52:29,847 [44e8018b-e232-4b82-9d12-5076aa410e35@group-0CB630F518CC-LeaderElection109] INFO  impl.RaftServerImpl (ServerState.java:setLeader(255)) - 44e8018b-e232-4b82-9d12-5076aa410e35@group-0CB630F518CC: change Leader from null to 44e8018b-e232-4b82-9d12-5076aa410e35 at term 3 for becomeLeader, leader elected after 10252ms
2020-04-25 00:52:29,847 [44e8018b-e232-4b82-9d12-5076aa410e35@group-0CB630F518CC-LeaderElection109] INFO  server.RaftServerConfigKeys (ConfUtils.java:logGet(44)) - raft.server.staging.catchup.gap = 1000 (default)
2020-04-25 00:52:29,847 [44e8018b-e232-4b82-9d12-5076aa410e35@group-0CB630F518CC-LeaderElection109] INFO  server.RaftServerConfigKeys (ConfUtils.java:logGet(44)) - raft.server.rpc.sleep.time = 25ms (default)
2020-04-25 00:52:29,848 [44e8018b-e232-4b82-9d12-5076aa410e35@group-0CB630F518CC-LeaderElection109] INFO  metrics.RatisMetrics (RatisMetrics.java:lambda$create$0(39)) - Creating Metrics Registry : ratis.log_appender.44e8018b-e232-4b82-9d12-5076aa410e35@group-0CB630F518CC
2020-04-25 00:52:29,848 [44e8018b-e232-4b82-9d12-5076aa410e35@group-0CB630F518CC-LeaderElection109] INFO  server.RaftServerConfigKeys (ConfUtils.java:logGet(44)) - raft.server.write.element-limit = 1024 (custom)
2020-04-25 00:52:29,848 [44e8018b-e232-4b82-9d12-5076aa410e35@group-0CB630F518CC-LeaderElection109] INFO  server.RaftServerConfigKeys (ConfUtils.java:logGet(44)) - raft.server.write.byte-limit = 1073741824 (custom)
2020-04-25 00:52:29,849 [44e8018b-e232-4b82-9d12-5076aa410e35@group-0CB630F518CC-LeaderElection109] INFO  server.RaftServerConfigKeys (ConfUtils.java:logGet(44)) - raft.server.watch.timeout = 3s (custom)
2020-04-25 00:52:29,849 [44e8018b-e232-4b82-9d12-5076aa410e35@group-0CB630F518CC-LeaderElection109] INFO  server.RaftServerConfigKeys (ConfUtils.java:logGet(44)) - raft.server.watch.timeout.denomination = 1s (default)
2020-04-25 00:52:29,849 [44e8018b-e232-4b82-9d12-5076aa410e35@group-0CB630F518CC-LeaderElection109] INFO  server.RaftServerConfigKeys (ConfUtils.java:logGet(44)) - raft.server.watch.element-limit = 65536 (default)
2020-04-25 00:52:29,849 [44e8018b-e232-4b82-9d12-5076aa410e35@group-0CB630F518CC-LeaderElection109] INFO  server.RaftServerConfigKeys (ConfUtils.java:logGet(44)) - raft.server.log.appender.snapshot.chunk.size.max = 16MB (=16777216) (default)
2020-04-25 00:52:29,850 [44e8018b-e232-4b82-9d12-5076aa410e35@group-0CB630F518CC-LeaderElection109] INFO  server.RaftServerConfigKeys (ConfUtils.java:logGet(44)) - raft.server.log.appender.buffer.byte-limit = 33554432 (custom)
2020-04-25 00:52:29,850 [44e8018b-e232-4b82-9d12-5076aa410e35@group-0CB630F518CC-LeaderElection109] INFO  server.RaftServerConfigKeys (ConfUtils.java:logGet(44)) - raft.server.log.appender.buffer.element-limit = 1 (custom)
2020-04-25 00:52:29,850 [44e8018b-e232-4b82-9d12-5076aa410e35@group-0CB630F518CC-LeaderElection109] INFO  grpc.GrpcConfigKeys (ConfUtils.java:logGet(44)) - raft.grpc.server.leader.outstanding.appends.max = 128 (default)
2020-04-25 00:52:29,850 [44e8018b-e232-4b82-9d12-5076aa410e35@group-0CB630F518CC-LeaderElection109] INFO  server.RaftServerConfigKeys (ConfUtils.java:logGet(44)) - raft.server.rpc.request.timeout = 3s (default)
2020-04-25 00:52:29,850 [44e8018b-e232-4b82-9d12-5076aa410e35@group-0CB630F518CC-LeaderElection109] INFO  server.RaftServerConfigKeys (ConfUtils.java:logGet(44)) - raft.server.log.appender.install.snapshot.enabled = false (custom)
2020-04-25 00:52:29,853 [44e8018b-e232-4b82-9d12-5076aa410e35@group-0CB630F518CC-LeaderElection109] INFO  server.RaftServerConfigKeys (ConfUtils.java:logGet(44)) - raft.server.log.appender.snapshot.chunk.size.max = 16MB (=16777216) (default)
2020-04-25 00:52:29,853 [44e8018b-e232-4b82-9d12-5076aa410e35@group-0CB630F518CC-LeaderElection109] INFO  server.RaftServerConfigKeys (ConfUtils.java:logGet(44)) - raft.server.log.appender.buffer.byte-limit = 33554432 (custom)
2020-04-25 00:52:29,853 [44e8018b-e232-4b82-9d12-5076aa410e35@group-0CB630F518CC-LeaderElection109] INFO  server.RaftServerConfigKeys (ConfUtils.java:logGet(44)) - raft.server.log.appender.buffer.element-limit = 1 (custom)
2020-04-25 00:52:29,853 [44e8018b-e232-4b82-9d12-5076aa410e35@group-0CB630F518CC-LeaderElection109] INFO  grpc.GrpcConfigKeys (ConfUtils.java:logGet(44)) - raft.grpc.server.leader.outstanding.appends.max = 128 (default)
2020-04-25 00:52:29,854 [44e8018b-e232-4b82-9d12-5076aa410e35@group-0CB630F518CC-LeaderElection109] INFO  server.RaftServerConfigKeys (ConfUtils.java:logGet(44)) - raft.server.rpc.request.timeout = 3s (default)
2020-04-25 00:52:29,854 [44e8018b-e232-4b82-9d12-5076aa410e35@group-0CB630F518CC-LeaderElection109] INFO  server.RaftServerConfigKeys (ConfUtils.java:logGet(44)) - raft.server.log.appender.install.snapshot.enabled = false (custom)
2020-04-25 00:52:29,856 [44e8018b-e232-4b82-9d12-5076aa410e35@group-0CB630F518CC-LeaderElection109] INFO  impl.RoleInfo (RoleInfo.java:updateAndGet(143)) - 44e8018b-e232-4b82-9d12-5076aa410e35: start LeaderState
2020-04-25 00:52:29,857 [44e8018b-e232-4b82-9d12-5076aa410e35@group-0CB630F518CC-LeaderElection109] INFO  segmented.SegmentedRaftLogWorker (SegmentedRaftLogWorker.java:startLogSegment(391)) - 44e8018b-e232-4b82-9d12-5076aa410e35@group-0CB630F518CC-SegmentedRaftLogWorker: Starting segment from index:0
2020-04-25 00:52:29,870 [44e8018b-e232-4b82-9d12-5076aa410e35@group-0CB630F518CC-SegmentedRaftLogWorker] INFO  segmented.SegmentedRaftLogWorker (SegmentedRaftLogWorker.java:execute(583)) - 44e8018b-e232-4b82-9d12-5076aa410e35@group-0CB630F518CC-SegmentedRaftLogWorker: created new log segment /github/workspace/mnt/ozone/hadoop-ozone/integration-test/target/test-dir/MiniOzoneClusterImpl-fac2b43d-d0f4-41bd-8b0e-0750bdad7e42/datanode-0/data/ratis/6de2b53f-2eb0-4b5a-b9e7-0cb630f518cc/current/log_inprogress_0
2020-04-25 00:52:29,871 [44e8018b-e232-4b82-9d12-5076aa410e35@group-0CB630F518CC-LeaderElection109] INFO  impl.RaftServerImpl (ServerState.java:setRaftConf(356)) - 44e8018b-e232-4b82-9d12-5076aa410e35@group-0CB630F518CC: set configuration 0: [a6f67013-66b6-4a15-861c-57dfff2f433f:172.17.0.2:43377, 6550183a-8562-43dc-b28b-b6c484dc4935:172.17.0.2:44877, 44e8018b-e232-4b82-9d12-5076aa410e35:172.17.0.2:35979], old=null at 0
2020-04-25 00:52:29,886 [grpc-default-executor-3] INFO  ratis.XceiverServerRatis (XceiverServerRatis.java:handleLeaderChangedNotification(761)) - Leader change notification received for group: group-0CB630F518CC with new leaderId: 44e8018b-e232-4b82-9d12-5076aa410e35
2020-04-25 00:52:29,886 [grpc-default-executor-3] INFO  impl.RaftServerImpl (ServerState.java:setLeader(255)) - a6f67013-66b6-4a15-861c-57dfff2f433f@group-0CB630F518CC: change Leader from null to 44e8018b-e232-4b82-9d12-5076aa410e35 at term 3 for appendEntries, leader elected after 10255ms
2020-04-25 00:52:29,886 [grpc-default-executor-0] INFO  ratis.XceiverServerRatis (XceiverServerRatis.java:handleLeaderChangedNotification(761)) - Leader change notification received for group: group-0CB630F518CC with new leaderId: 44e8018b-e232-4b82-9d12-5076aa410e35
2020-04-25 00:52:29,887 [grpc-default-executor-0] INFO  impl.RaftServerImpl (ServerState.java:setLeader(255)) - 6550183a-8562-43dc-b28b-b6c484dc4935@group-0CB630F518CC: change Leader from null to 44e8018b-e232-4b82-9d12-5076aa410e35 at term 3 for appendEntries, leader elected after 5079ms
2020-04-25 00:52:29,894 [grpc-default-executor-10] INFO  impl.RaftServerImpl (ServerState.java:setRaftConf(356)) - a6f67013-66b6-4a15-861c-57dfff2f433f@group-0CB630F518CC: set configuration 0: [a6f67013-66b6-4a15-861c-57dfff2f433f:172.17.0.2:43377, 6550183a-8562-43dc-b28b-b6c484dc4935:172.17.0.2:44877, 44e8018b-e232-4b82-9d12-5076aa410e35:172.17.0.2:35979], old=null at 0
2020-04-25 00:52:29,894 [grpc-default-executor-10] INFO  segmented.SegmentedRaftLogWorker (SegmentedRaftLogWorker.java:startLogSegment(391)) - a6f67013-66b6-4a15-861c-57dfff2f433f@group-0CB630F518CC-SegmentedRaftLogWorker: Starting segment from index:0
2020-04-25 00:52:29,896 [a6f67013-66b6-4a15-861c-57dfff2f433f@group-0CB630F518CC-SegmentedRaftLogWorker] INFO  segmented.SegmentedRaftLogWorker (SegmentedRaftLogWorker.java:execute(583)) - a6f67013-66b6-4a15-861c-57dfff2f433f@group-0CB630F518CC-SegmentedRaftLogWorker: created new log segment /github/workspace/mnt/ozone/hadoop-ozone/integration-test/target/test-dir/MiniOzoneClusterImpl-fac2b43d-d0f4-41bd-8b0e-0750bdad7e42/datanode-2/data/ratis/6de2b53f-2eb0-4b5a-b9e7-0cb630f518cc/current/log_inprogress_0
2020-04-25 00:52:29,896 [grpc-default-executor-3] INFO  impl.RaftServerImpl (ServerState.java:setRaftConf(356)) - 6550183a-8562-43dc-b28b-b6c484dc4935@group-0CB630F518CC: set configuration 0: [a6f67013-66b6-4a15-861c-57dfff2f433f:172.17.0.2:43377, 6550183a-8562-43dc-b28b-b6c484dc4935:172.17.0.2:44877, 44e8018b-e232-4b82-9d12-5076aa410e35:172.17.0.2:35979], old=null at 0
2020-04-25 00:52:29,896 [grpc-default-executor-3] INFO  segmented.SegmentedRaftLogWorker (SegmentedRaftLogWorker.java:truncate(407)) - 6550183a-8562-43dc-b28b-b6c484dc4935@group-0CB630F518CC-SegmentedRaftLogWorker: Truncating segments toTruncate: null
  toDelete: [(0, 0) isOpen? true, length=0, newEndIndex=-1], start index 0
2020-04-25 00:52:29,896 [grpc-default-executor-3] INFO  segmented.SegmentedRaftLogWorker (SegmentedRaftLogWorker.java:startLogSegment(391)) - 6550183a-8562-43dc-b28b-b6c484dc4935@group-0CB630F518CC-SegmentedRaftLogWorker: Starting segment from index:0
2020-04-25 00:52:29,897 [6550183a-8562-43dc-b28b-b6c484dc4935@group-0CB630F518CC-SegmentedRaftLogWorker] INFO  segmented.SegmentedRaftLogWorker (SegmentedRaftLogWorker.java:execute(650)) - 6550183a-8562-43dc-b28b-b6c484dc4935@group-0CB630F518CC-SegmentedRaftLogWorker: Deleted log file /github/workspace/mnt/ozone/hadoop-ozone/integration-test/target/test-dir/MiniOzoneClusterImpl-fac2b43d-d0f4-41bd-8b0e-0750bdad7e42/datanode-1/data/ratis/6de2b53f-2eb0-4b5a-b9e7-0cb630f518cc/current/log_inprogress_0
2020-04-25 00:52:29,897 [6550183a-8562-43dc-b28b-b6c484dc4935@group-0CB630F518CC-SegmentedRaftLogWorker] INFO  segmented.SegmentedRaftLogWorker (SegmentedRaftLogWorker.java:lambda$new$0(129)) - 6550183a-8562-43dc-b28b-b6c484dc4935@group-0CB630F518CC-SegmentedRaftLogWorker: flushIndex: setUnconditionally 0 -> -1
2020-04-25 00:52:29,898 [6550183a-8562-43dc-b28b-b6c484dc4935@group-0CB630F518CC-SegmentedRaftLogWorker] INFO  segmented.SegmentedRaftLogWorker (SegmentedRaftLogWorker.java:execute(583)) - 6550183a-8562-43dc-b28b-b6c484dc4935@group-0CB630F518CC-SegmentedRaftLogWorker: created new log segment /github/workspace/mnt/ozone/hadoop-ozone/integration-test/target/test-dir/MiniOzoneClusterImpl-fac2b43d-d0f4-41bd-8b0e-0750bdad7e42/datanode-1/data/ratis/6de2b53f-2eb0-4b5a-b9e7-0cb630f518cc/current/log_inprogress_0
2020-04-25 00:52:30,219 [Thread-2979] INFO  impl.FollowerState (FollowerState.java:run(108)) - 01d66f6b-871f-49cc-8cf1-f917fde7eb54@group-7B58BB8F67D6-FollowerState: change to CANDIDATE, lastRpcTime:5051ms, electionTimeout:5047ms
2020-04-25 00:52:30,219 [Thread-2979] INFO  impl.RoleInfo (RoleInfo.java:shutdownFollowerState(121)) - 01d66f6b-871f-49cc-8cf1-f917fde7eb54: shutdown FollowerState
2020-04-25 00:52:30,219 [Thread-2979] INFO  impl.RaftServerImpl (RaftServerImpl.java:setRole(172)) - 01d66f6b-871f-49cc-8cf1-f917fde7eb54@group-7B58BB8F67D6: changes role from  FOLLOWER to CANDIDATE at term 1 for changeToCandidate
2020-04-25 00:52:30,219 [Thread-2979] INFO  impl.RoleInfo (RoleInfo.java:updateAndGet(143)) - 01d66f6b-871f-49cc-8cf1-f917fde7eb54: start LeaderElection
2020-04-25 00:52:30,233 [01d66f6b-871f-49cc-8cf1-f917fde7eb54@group-7B58BB8F67D6-LeaderElection110] INFO  impl.LeaderElection (LeaderElection.java:askForVotes(206)) - 01d66f6b-871f-49cc-8cf1-f917fde7eb54@group-7B58BB8F67D6-LeaderElection110: begin an election at term 2 for -1: [f6421666-a5d8-4f0d-9ada-e546d5fd97e1:172.17.0.2:40551, 01d66f6b-871f-49cc-8cf1-f917fde7eb54:172.17.0.2:36377, 3cd9ecf8-858f-44dc-b977-29c5822b3976:172.17.0.2:44085], old=null
2020-04-25 00:52:30,280 [grpc-default-executor-3] INFO  impl.RaftServerImpl (RaftServerImpl.java:setRole(172)) - f6421666-a5d8-4f0d-9ada-e546d5fd97e1@group-7B58BB8F67D6: changes role from  FOLLOWER to FOLLOWER at term 2 for recognizeCandidate:01d66f6b-871f-49cc-8cf1-f917fde7eb54
2020-04-25 00:52:30,280 [grpc-default-executor-3] INFO  impl.RoleInfo (RoleInfo.java:shutdownFollowerState(121)) - f6421666-a5d8-4f0d-9ada-e546d5fd97e1: shutdown FollowerState
2020-04-25 00:52:30,281 [grpc-default-executor-0] INFO  impl.RaftServerImpl (RaftServerImpl.java:setRole(172)) - 3cd9ecf8-858f-44dc-b977-29c5822b3976@group-7B58BB8F67D6: changes role from  FOLLOWER to FOLLOWER at term 2 for recognizeCandidate:01d66f6b-871f-49cc-8cf1-f917fde7eb54
2020-04-25 00:52:30,281 [grpc-default-executor-0] INFO  impl.RoleInfo (RoleInfo.java:shutdownFollowerState(121)) - 3cd9ecf8-858f-44dc-b977-29c5822b3976: shutdown FollowerState
2020-04-25 00:52:30,286 [grpc-default-executor-0] INFO  impl.RoleInfo (RoleInfo.java:updateAndGet(143)) - 3cd9ecf8-858f-44dc-b977-29c5822b3976: start FollowerState
2020-04-25 00:52:30,288 [Thread-2980] INFO  impl.FollowerState (FollowerState.java:run(117)) - 3cd9ecf8-858f-44dc-b977-29c5822b3976@group-7B58BB8F67D6-FollowerState was interrupted: java.lang.InterruptedException: sleep interrupted
2020-04-25 00:52:30,289 [grpc-default-executor-3] INFO  impl.RoleInfo (RoleInfo.java:updateAndGet(143)) - f6421666-a5d8-4f0d-9ada-e546d5fd97e1: start FollowerState
2020-04-25 00:52:30,289 [Thread-2976] INFO  impl.FollowerState (FollowerState.java:run(117)) - f6421666-a5d8-4f0d-9ada-e546d5fd97e1@group-7B58BB8F67D6-FollowerState was interrupted: java.lang.InterruptedException: sleep interrupted
2020-04-25 00:52:30,297 [01d66f6b-871f-49cc-8cf1-f917fde7eb54@group-7B58BB8F67D6-LeaderElection110] INFO  impl.LeaderElection (LeaderElection.java:logAndReturn(61)) - 01d66f6b-871f-49cc-8cf1-f917fde7eb54@group-7B58BB8F67D6-LeaderElection110: Election PASSED; received 1 response(s) [01d66f6b-871f-49cc-8cf1-f917fde7eb54<-3cd9ecf8-858f-44dc-b977-29c5822b3976#0:OK-t2] and 0 exception(s); 01d66f6b-871f-49cc-8cf1-f917fde7eb54@group-7B58BB8F67D6:t2, leader=null, voted=01d66f6b-871f-49cc-8cf1-f917fde7eb54, raftlog=01d66f6b-871f-49cc-8cf1-f917fde7eb54@group-7B58BB8F67D6-SegmentedRaftLog:OPENED:c-1,f-1,i0, conf=-1: [f6421666-a5d8-4f0d-9ada-e546d5fd97e1:172.17.0.2:40551, 01d66f6b-871f-49cc-8cf1-f917fde7eb54:172.17.0.2:36377, 3cd9ecf8-858f-44dc-b977-29c5822b3976:172.17.0.2:44085], old=null
2020-04-25 00:52:30,297 [01d66f6b-871f-49cc-8cf1-f917fde7eb54@group-7B58BB8F67D6-LeaderElection110] INFO  impl.RoleInfo (RoleInfo.java:shutdownLeaderElection(134)) - 01d66f6b-871f-49cc-8cf1-f917fde7eb54: shutdown LeaderElection
2020-04-25 00:52:30,297 [01d66f6b-871f-49cc-8cf1-f917fde7eb54@group-7B58BB8F67D6-LeaderElection110] INFO  impl.RaftServerImpl (RaftServerImpl.java:setRole(172)) - 01d66f6b-871f-49cc-8cf1-f917fde7eb54@group-7B58BB8F67D6: changes role from CANDIDATE to LEADER at term 2 for changeToLeader
2020-04-25 00:52:30,297 [01d66f6b-871f-49cc-8cf1-f917fde7eb54@group-7B58BB8F67D6-LeaderElection110] INFO  ratis.XceiverServerRatis (XceiverServerRatis.java:handleLeaderChangedNotification(761)) - Leader change notification received for group: group-7B58BB8F67D6 with new leaderId: 01d66f6b-871f-49cc-8cf1-f917fde7eb54
2020-04-25 00:52:30,297 [01d66f6b-871f-49cc-8cf1-f917fde7eb54@group-7B58BB8F67D6-LeaderElection110] INFO  impl.RaftServerImpl (ServerState.java:setLeader(255)) - 01d66f6b-871f-49cc-8cf1-f917fde7eb54@group-7B58BB8F67D6: change Leader from null to 01d66f6b-871f-49cc-8cf1-f917fde7eb54 at term 2 for becomeLeader, leader elected after 10368ms
2020-04-25 00:52:30,297 [01d66f6b-871f-49cc-8cf1-f917fde7eb54@group-7B58BB8F67D6-LeaderElection110] INFO  server.RaftServerConfigKeys (ConfUtils.java:logGet(44)) - raft.server.staging.catchup.gap = 1000 (default)
2020-04-25 00:52:30,297 [01d66f6b-871f-49cc-8cf1-f917fde7eb54@group-7B58BB8F67D6-LeaderElection110] INFO  server.RaftServerConfigKeys (ConfUtils.java:logGet(44)) - raft.server.rpc.sleep.time = 25ms (default)
2020-04-25 00:52:30,297 [01d66f6b-871f-49cc-8cf1-f917fde7eb54@group-7B58BB8F67D6-LeaderElection110] INFO  metrics.RatisMetrics (RatisMetrics.java:lambda$create$0(39)) - Creating Metrics Registry : ratis.log_appender.01d66f6b-871f-49cc-8cf1-f917fde7eb54@group-7B58BB8F67D6
2020-04-25 00:52:30,298 [01d66f6b-871f-49cc-8cf1-f917fde7eb54@group-7B58BB8F67D6-LeaderElection110] INFO  server.RaftServerConfigKeys (ConfUtils.java:logGet(44)) - raft.server.write.element-limit = 1024 (custom)
2020-04-25 00:52:30,298 [01d66f6b-871f-49cc-8cf1-f917fde7eb54@group-7B58BB8F67D6-LeaderElection110] INFO  server.RaftServerConfigKeys (ConfUtils.java:logGet(44)) - raft.server.write.byte-limit = 1073741824 (custom)
2020-04-25 00:52:30,298 [01d66f6b-871f-49cc-8cf1-f917fde7eb54@group-7B58BB8F67D6-LeaderElection110] INFO  server.RaftServerConfigKeys (ConfUtils.java:logGet(44)) - raft.server.watch.timeout = 3s (custom)
2020-04-25 00:52:30,298 [01d66f6b-871f-49cc-8cf1-f917fde7eb54@group-7B58BB8F67D6-LeaderElection110] INFO  server.RaftServerConfigKeys (ConfUtils.java:logGet(44)) - raft.server.watch.timeout.denomination = 1s (default)
2020-04-25 00:52:30,298 [01d66f6b-871f-49cc-8cf1-f917fde7eb54@group-7B58BB8F67D6-LeaderElection110] INFO  server.RaftServerConfigKeys (ConfUtils.java:logGet(44)) - raft.server.watch.element-limit = 65536 (default)
2020-04-25 00:52:30,299 [01d66f6b-871f-49cc-8cf1-f917fde7eb54@group-7B58BB8F67D6-LeaderElection110] INFO  server.RaftServerConfigKeys (ConfUtils.java:logGet(44)) - raft.server.log.appender.snapshot.chunk.size.max = 16MB (=16777216) (default)
2020-04-25 00:52:30,299 [01d66f6b-871f-49cc-8cf1-f917fde7eb54@group-7B58BB8F67D6-LeaderElection110] INFO  server.RaftServerConfigKeys (ConfUtils.java:logGet(44)) - raft.server.log.appender.buffer.byte-limit = 33554432 (custom)
2020-04-25 00:52:30,299 [01d66f6b-871f-49cc-8cf1-f917fde7eb54@group-7B58BB8F67D6-LeaderElection110] INFO  server.RaftServerConfigKeys (ConfUtils.java:logGet(44)) - raft.server.log.appender.buffer.element-limit = 1 (custom)
2020-04-25 00:52:30,299 [01d66f6b-871f-49cc-8cf1-f917fde7eb54@group-7B58BB8F67D6-LeaderElection110] INFO  grpc.GrpcConfigKeys (ConfUtils.java:logGet(44)) - raft.grpc.server.leader.outstanding.appends.max = 128 (default)
2020-04-25 00:52:30,299 [01d66f6b-871f-49cc-8cf1-f917fde7eb54@group-7B58BB8F67D6-LeaderElection110] INFO  server.RaftServerConfigKeys (ConfUtils.java:logGet(44)) - raft.server.rpc.request.timeout = 3s (default)
2020-04-25 00:52:30,299 [01d66f6b-871f-49cc-8cf1-f917fde7eb54@group-7B58BB8F67D6-LeaderElection110] INFO  server.RaftServerConfigKeys (ConfUtils.java:logGet(44)) - raft.server.log.appender.install.snapshot.enabled = false (custom)
2020-04-25 00:52:30,301 [01d66f6b-871f-49cc-8cf1-f917fde7eb54@group-7B58BB8F67D6-LeaderElection110] INFO  server.RaftServerConfigKeys (ConfUtils.java:logGet(44)) - raft.server.log.appender.snapshot.chunk.size.max = 16MB (=16777216) (default)
2020-04-25 00:52:30,301 [01d66f6b-871f-49cc-8cf1-f917fde7eb54@group-7B58BB8F67D6-LeaderElection110] INFO  server.RaftServerConfigKeys (ConfUtils.java:logGet(44)) - raft.server.log.appender.buffer.byte-limit = 33554432 (custom)
2020-04-25 00:52:30,301 [01d66f6b-871f-49cc-8cf1-f917fde7eb54@group-7B58BB8F67D6-LeaderElection110] INFO  server.RaftServerConfigKeys (ConfUtils.java:logGet(44)) - raft.server.log.appender.buffer.element-limit = 1 (custom)
2020-04-25 00:52:30,301 [01d66f6b-871f-49cc-8cf1-f917fde7eb54@group-7B58BB8F67D6-LeaderElection110] INFO  grpc.GrpcConfigKeys (ConfUtils.java:logGet(44)) - raft.grpc.server.leader.outstanding.appends.max = 128 (default)
2020-04-25 00:52:30,301 [01d66f6b-871f-49cc-8cf1-f917fde7eb54@group-7B58BB8F67D6-LeaderElection110] INFO  server.RaftServerConfigKeys (ConfUtils.java:logGet(44)) - raft.server.rpc.request.timeout = 3s (default)
2020-04-25 00:52:30,302 [01d66f6b-871f-49cc-8cf1-f917fde7eb54@group-7B58BB8F67D6-LeaderElection110] INFO  server.RaftServerConfigKeys (ConfUtils.java:logGet(44)) - raft.server.log.appender.install.snapshot.enabled = false (custom)
2020-04-25 00:52:30,307 [EventQueue-PipelineReportForPipelineReportHandler] INFO  pipeline.PipelineStateManager (PipelineStateManager.java:openPipeline(131)) - Pipeline Pipeline[ Id: caf77ddf-b422-4109-976a-7b58bb8f67d6, Nodes: f6421666-a5d8-4f0d-9ada-e546d5fd97e1{ip: 172.17.0.2, host: 077b0f5420d0, networkLocation: /default-rack, certSerialId: null}01d66f6b-871f-49cc-8cf1-f917fde7eb54{ip: 172.17.0.2, host: 077b0f5420d0, networkLocation: /default-rack, certSerialId: null}3cd9ecf8-858f-44dc-b977-29c5822b3976{ip: 172.17.0.2, host: 077b0f5420d0, networkLocation: /default-rack, certSerialId: null}, Type:RATIS, Factor:THREE, State:ALLOCATED, leaderId:01d66f6b-871f-49cc-8cf1-f917fde7eb54, CreationTimestamp2020-04-25T00:52:16.957Z] moved to OPEN state
2020-04-25 00:52:30,318 [01d66f6b-871f-49cc-8cf1-f917fde7eb54@group-7B58BB8F67D6-LeaderElection110] INFO  impl.RoleInfo (RoleInfo.java:updateAndGet(143)) - 01d66f6b-871f-49cc-8cf1-f917fde7eb54: start LeaderState
2020-04-25 00:52:30,318 [01d66f6b-871f-49cc-8cf1-f917fde7eb54@group-7B58BB8F67D6-LeaderElection110] INFO  segmented.SegmentedRaftLogWorker (SegmentedRaftLogWorker.java:startLogSegment(391)) - 01d66f6b-871f-49cc-8cf1-f917fde7eb54@group-7B58BB8F67D6-SegmentedRaftLogWorker: Starting segment from index:0
2020-04-25 00:52:30,319 [01d66f6b-871f-49cc-8cf1-f917fde7eb54@group-7B58BB8F67D6-SegmentedRaftLogWorker] INFO  segmented.SegmentedRaftLogWorker (SegmentedRaftLogWorker.java:execute(583)) - 01d66f6b-871f-49cc-8cf1-f917fde7eb54@group-7B58BB8F67D6-SegmentedRaftLogWorker: created new log segment /github/workspace/mnt/ozone/hadoop-ozone/integration-test/target/test-dir/MiniOzoneClusterImpl-fac2b43d-d0f4-41bd-8b0e-0750bdad7e42/datanode-3/data/ratis/caf77ddf-b422-4109-976a-7b58bb8f67d6/current/log_inprogress_0
2020-04-25 00:52:30,327 [01d66f6b-871f-49cc-8cf1-f917fde7eb54@group-7B58BB8F67D6-LeaderElection110] INFO  impl.RaftServerImpl (ServerState.java:setRaftConf(356)) - 01d66f6b-871f-49cc-8cf1-f917fde7eb54@group-7B58BB8F67D6: set configuration 0: [f6421666-a5d8-4f0d-9ada-e546d5fd97e1:172.17.0.2:40551, 01d66f6b-871f-49cc-8cf1-f917fde7eb54:172.17.0.2:36377, 3cd9ecf8-858f-44dc-b977-29c5822b3976:172.17.0.2:44085], old=null at 0
2020-04-25 00:52:30,330 [grpc-default-executor-3] INFO  ratis.XceiverServerRatis (XceiverServerRatis.java:handleLeaderChangedNotification(761)) - Leader change notification received for group: group-7B58BB8F67D6 with new leaderId: 01d66f6b-871f-49cc-8cf1-f917fde7eb54
2020-04-25 00:52:30,330 [grpc-default-executor-3] INFO  impl.RaftServerImpl (ServerState.java:setLeader(255)) - f6421666-a5d8-4f0d-9ada-e546d5fd97e1@group-7B58BB8F67D6: change Leader from null to 01d66f6b-871f-49cc-8cf1-f917fde7eb54 at term 2 for appendEntries, leader elected after 10415ms
2020-04-25 00:52:30,333 [grpc-default-executor-4] INFO  ratis.XceiverServerRatis (XceiverServerRatis.java:handleLeaderChangedNotification(761)) - Leader change notification received for group: group-7B58BB8F67D6 with new leaderId: 01d66f6b-871f-49cc-8cf1-f917fde7eb54
2020-04-25 00:52:30,333 [grpc-default-executor-4] INFO  impl.RaftServerImpl (ServerState.java:setLeader(255)) - 3cd9ecf8-858f-44dc-b977-29c5822b3976@group-7B58BB8F67D6: change Leader from null to 01d66f6b-871f-49cc-8cf1-f917fde7eb54 at term 2 for appendEntries, leader elected after 10345ms
2020-04-25 00:52:30,346 [grpc-default-executor-4] INFO  impl.RaftServerImpl (ServerState.java:setRaftConf(356)) - 3cd9ecf8-858f-44dc-b977-29c5822b3976@group-7B58BB8F67D6: set configuration 0: [f6421666-a5d8-4f0d-9ada-e546d5fd97e1:172.17.0.2:40551, 01d66f6b-871f-49cc-8cf1-f917fde7eb54:172.17.0.2:36377, 3cd9ecf8-858f-44dc-b977-29c5822b3976:172.17.0.2:44085], old=null at 0
2020-04-25 00:52:30,346 [grpc-default-executor-4] INFO  segmented.SegmentedRaftLogWorker (SegmentedRaftLogWorker.java:startLogSegment(391)) - 3cd9ecf8-858f-44dc-b977-29c5822b3976@group-7B58BB8F67D6-SegmentedRaftLogWorker: Starting segment from index:0
2020-04-25 00:52:30,348 [grpc-default-executor-3] INFO  impl.RaftServerImpl (ServerState.java:setRaftConf(356)) - f6421666-a5d8-4f0d-9ada-e546d5fd97e1@group-7B58BB8F67D6: set configuration 0: [f6421666-a5d8-4f0d-9ada-e546d5fd97e1:172.17.0.2:40551, 01d66f6b-871f-49cc-8cf1-f917fde7eb54:172.17.0.2:36377, 3cd9ecf8-858f-44dc-b977-29c5822b3976:172.17.0.2:44085], old=null at 0
2020-04-25 00:52:30,349 [grpc-default-executor-3] INFO  segmented.SegmentedRaftLogWorker (SegmentedRaftLogWorker.java:startLogSegment(391)) - f6421666-a5d8-4f0d-9ada-e546d5fd97e1@group-7B58BB8F67D6-SegmentedRaftLogWorker: Starting segment from index:0
2020-04-25 00:52:30,364 [3cd9ecf8-858f-44dc-b977-29c5822b3976@group-7B58BB8F67D6-SegmentedRaftLogWorker] INFO  segmented.SegmentedRaftLogWorker (SegmentedRaftLogWorker.java:execute(583)) - 3cd9ecf8-858f-44dc-b977-29c5822b3976@group-7B58BB8F67D6-SegmentedRaftLogWorker: created new log segment /github/workspace/mnt/ozone/hadoop-ozone/integration-test/target/test-dir/MiniOzoneClusterImpl-fac2b43d-d0f4-41bd-8b0e-0750bdad7e42/datanode-5/data/ratis/caf77ddf-b422-4109-976a-7b58bb8f67d6/current/log_inprogress_0
2020-04-25 00:52:30,364 [f6421666-a5d8-4f0d-9ada-e546d5fd97e1@group-7B58BB8F67D6-SegmentedRaftLogWorker] INFO  segmented.SegmentedRaftLogWorker (SegmentedRaftLogWorker.java:execute(583)) - f6421666-a5d8-4f0d-9ada-e546d5fd97e1@group-7B58BB8F67D6-SegmentedRaftLogWorker: created new log segment /github/workspace/mnt/ozone/hadoop-ozone/integration-test/target/test-dir/MiniOzoneClusterImpl-fac2b43d-d0f4-41bd-8b0e-0750bdad7e42/datanode-4/data/ratis/caf77ddf-b422-4109-976a-7b58bb8f67d6/current/log_inprogress_0
2020-04-25 00:52:30,693 [RatisApplyTransactionExecutor 1] INFO  interfaces.Container (KeyValueContainer.java:flushAndSyncDB(387)) - Container 1 is synced with bcsId 13.
2020-04-25 00:52:30,694 [RatisApplyTransactionExecutor 1] INFO  interfaces.Container (KeyValueContainer.java:flushAndSyncDB(387)) - Container 1 is synced with bcsId 13.
2020-04-25 00:52:30,696 [RatisApplyTransactionExecutor 1] INFO  interfaces.Container (KeyValueContainer.java:close(325)) - Container 1 is closed with bcsId 13.
2020-04-25 00:52:30,701 [EventQueue-IncrementalContainerReportForIncrementalContainerReportHandler] INFO  container.IncrementalContainerReportHandler (AbstractContainerReportHandler.java:updateContainerState(178)) - Moving container #1 to CLOSED state, datanode 44e8018b-e232-4b82-9d12-5076aa410e35{ip: 172.17.0.2, host: 077b0f5420d0, networkLocation: /default-rack, certSerialId: null} reported CLOSED replica.
2020-04-25 00:52:30,708 [RatisApplyTransactionExecutor 1] INFO  interfaces.Container (KeyValueContainer.java:flushAndSyncDB(387)) - Container 1 is synced with bcsId 13.
2020-04-25 00:52:30,709 [RatisApplyTransactionExecutor 1] INFO  interfaces.Container (KeyValueContainer.java:flushAndSyncDB(387)) - Container 1 is synced with bcsId 13.
2020-04-25 00:52:30,709 [RatisApplyTransactionExecutor 1] INFO  interfaces.Container (KeyValueContainer.java:flushAndSyncDB(387)) - Container 1 is synced with bcsId 13.
2020-04-25 00:52:30,709 [main] INFO  ozone.MiniOzoneClusterImpl (MiniOzoneClusterImpl.java:shutdown(387)) - Shutting down the Mini Ozone Cluster
2020-04-25 00:52:30,710 [main] INFO  ozone.MiniOzoneClusterImpl (MiniOzoneClusterImpl.java:stop(402)) - Stopping the Mini Ozone Cluster
2020-04-25 00:52:30,710 [main] INFO  ozone.MiniOzoneClusterImpl (MiniOzoneClusterImpl.java:stopOM(484)) - Stopping the OzoneManager
2020-04-25 00:52:30,710 [main] INFO  ipc.Server (Server.java:stop(3082)) - Stopping server on 37129
2020-04-25 00:52:30,711 [RatisApplyTransactionExecutor 1] INFO  interfaces.Container (KeyValueContainer.java:close(325)) - Container 1 is closed with bcsId 13.
2020-04-25 00:52:30,709 [RatisApplyTransactionExecutor 1] INFO  interfaces.Container (KeyValueContainer.java:flushAndSyncDB(387)) - Container 1 is synced with bcsId 13.
2020-04-25 00:52:30,723 [IPC Server listener on 37129] INFO  ipc.Server (Server.java:run(1185)) - Stopping IPC Server listener on 37129
2020-04-25 00:52:30,724 [RatisApplyTransactionExecutor 1] INFO  interfaces.Container (KeyValueContainer.java:close(325)) - Container 1 is closed with bcsId 13.
2020-04-25 00:52:30,724 [main] INFO  ratis.OzoneManagerDoubleBuffer (OzoneManagerDoubleBuffer.java:stop(272)) - Stopping OMDoubleBuffer flush thread
2020-04-25 00:52:30,724 [IPC Server Responder] INFO  ipc.Server (Server.java:run(1319)) - Stopping IPC Server Responder
2020-04-25 00:52:30,724 [OMDoubleBufferFlushThread] INFO  ratis.OzoneManagerDoubleBuffer (OzoneManagerDoubleBuffer.java:flushTransactions(206)) - OMDoubleBuffer flush thread OMDoubleBufferFlushThread is interrupted and will exit. OMDoubleBufferFlushThread
2020-04-25 00:52:30,725 [main] INFO  utils.BackgroundService (BackgroundService.java:shutdown(157)) - Shutting down service KeyDeletingService
2020-04-25 00:52:30,726 [main] INFO  handler.ContextHandler (ContextHandler.java:doStop(1016)) - Stopped o.e.j.w.WebAppContext@5639ed8c{ozoneManager,/,null,UNAVAILABLE}{file:/github/workspace/mnt/ozone/hadoop-ozone/integration-test/target/test-classes/webapps/ozoneManager}
2020-04-25 00:52:30,729 [main] INFO  server.AbstractConnector (AbstractConnector.java:doStop(380)) - Stopped ServerConnector@1b6afbd1{HTTP/1.1,[http/1.1]}{0.0.0.0:0}
2020-04-25 00:52:30,729 [main] INFO  server.session (HouseKeeper.java:stopScavenging(158)) - node0 Stopped scavenging
2020-04-25 00:52:30,729 [main] INFO  handler.ContextHandler (ContextHandler.java:doStop(1016)) - Stopped o.e.j.s.ServletContextHandler@2b3789d3{static,/static,file:///github/workspace/mnt/ozone/hadoop-ozone/integration-test/target/test-classes/webapps/static,UNAVAILABLE}
2020-04-25 00:52:30,729 [main] INFO  handler.ContextHandler (ContextHandler.java:doStop(1016)) - Stopped o.e.j.s.ServletContextHandler@14caf368{logs,/logs,file:///github/workspace/mnt/ozone/hadoop-ozone/integration-test/target/log,UNAVAILABLE}
2020-04-25 00:52:30,735 [main] INFO  ozone.MiniOzoneClusterImpl (MiniOzoneClusterImpl.java:stopDatanodes(461)) - Stopping the HddsDatanodes
2020-04-25 00:52:30,942 [Datanode State Machine Thread - 0] INFO  statemachine.DatanodeStateMachine (DatanodeStateMachine.java:lambda$startDaemon$0(376)) - Ozone container server started.
2020-04-25 00:52:31,711 [Datanode State Machine Thread - 0] INFO  statemachine.DatanodeStateMachine (DatanodeStateMachine.java:lambda$startDaemon$0(376)) - Ozone container server started.
2020-04-25 00:52:35,736 [main] INFO  ozoneimpl.OzoneContainer (OzoneContainer.java:stop(246)) - Attempting to stop container services.
2020-04-25 00:52:35,736 [ForkJoinPool.commonPool-worker-1] INFO  ozoneimpl.OzoneContainer (OzoneContainer.java:stop(246)) - Attempting to stop container services.
2020-04-25 00:52:35,737 [ForkJoinPool.commonPool-worker-1] INFO  impl.RaftServerProxy (RaftServerProxy.java:lambda$close$4(314)) - 6550183a-8562-43dc-b28b-b6c484dc4935: close
2020-04-25 00:52:35,737 [ForkJoinPool.commonPool-worker-1] INFO  impl.RaftServerImpl (RaftServerImpl.java:lambda$shutdown$3(249)) - 6550183a-8562-43dc-b28b-b6c484dc4935@group-4D2F0C4E8244: shutdown
2020-04-25 00:52:35,737 [ForkJoinPool.commonPool-worker-1] INFO  util.JmxRegister (JmxRegister.java:unregister(73)) - Successfully un-registered JMX Bean with object name Ratis:service=RaftServer,group=group-4D2F0C4E8244,id=6550183a-8562-43dc-b28b-b6c484dc4935
2020-04-25 00:52:35,737 [ForkJoinPool.commonPool-worker-1] INFO  impl.RoleInfo (RoleInfo.java:shutdownFollowerState(121)) - 6550183a-8562-43dc-b28b-b6c484dc4935: shutdown FollowerState
2020-04-25 00:52:35,738 [ForkJoinPool.commonPool-worker-1] INFO  impl.StateMachineUpdater (StateMachineUpdater.java:stopAndJoin(139)) - 6550183a-8562-43dc-b28b-b6c484dc4935@group-4D2F0C4E8244-StateMachineUpdater: set stopIndex = 16
2020-04-25 00:52:35,738 [Thread-2998] INFO  impl.FollowerState (FollowerState.java:run(117)) - 6550183a-8562-43dc-b28b-b6c484dc4935@group-4D2F0C4E8244-FollowerState was interrupted: java.lang.InterruptedException: sleep interrupted
2020-04-25 00:52:35,738 [main] INFO  impl.RaftServerProxy (RaftServerProxy.java:lambda$close$4(314)) - f6421666-a5d8-4f0d-9ada-e546d5fd97e1: close
2020-04-25 00:52:35,738 [main] INFO  impl.RaftServerImpl (RaftServerImpl.java:lambda$shutdown$3(249)) - f6421666-a5d8-4f0d-9ada-e546d5fd97e1@group-D671BE9EB83E: shutdown
2020-04-25 00:52:35,739 [main] INFO  util.JmxRegister (JmxRegister.java:unregister(73)) - Successfully un-registered JMX Bean with object name Ratis:service=RaftServer,group=group-D671BE9EB83E,id=f6421666-a5d8-4f0d-9ada-e546d5fd97e1
2020-04-25 00:52:35,739 [main] INFO  impl.RoleInfo (RoleInfo.java:shutdownFollowerState(121)) - f6421666-a5d8-4f0d-9ada-e546d5fd97e1: shutdown FollowerState
2020-04-25 00:52:35,739 [main] INFO  impl.StateMachineUpdater (StateMachineUpdater.java:stopAndJoin(139)) - f6421666-a5d8-4f0d-9ada-e546d5fd97e1@group-D671BE9EB83E-StateMachineUpdater: set stopIndex = 0
2020-04-25 00:52:35,739 [Thread-2952] INFO  impl.FollowerState (FollowerState.java:run(117)) - f6421666-a5d8-4f0d-9ada-e546d5fd97e1@group-D671BE9EB83E-FollowerState was interrupted: java.lang.InterruptedException: sleep interrupted
2020-04-25 00:52:35,738 [6550183a-8562-43dc-b28b-b6c484dc4935@group-4D2F0C4E8244-StateMachineUpdater] INFO  ratis.ContainerStateMachine (ContainerStateMachine.java:takeSnapshot(288)) - group-4D2F0C4E8244: Taking a snapshot at:(t:3, i:16) file /github/workspace/mnt/ozone/hadoop-ozone/integration-test/target/test-dir/MiniOzoneClusterImpl-fac2b43d-d0f4-41bd-8b0e-0750bdad7e42/datanode-1/data/ratis/ae8a75f2-8a3b-4b14-97e2-4d2f0c4e8244/sm/snapshot.3_16
2020-04-25 00:52:35,740 [f6421666-a5d8-4f0d-9ada-e546d5fd97e1@group-D671BE9EB83E-StateMachineUpdater] INFO  ratis.ContainerStateMachine (ContainerStateMachine.java:takeSnapshot(288)) - group-D671BE9EB83E: Taking a snapshot at:(t:1, i:0) file /github/workspace/mnt/ozone/hadoop-ozone/integration-test/target/test-dir/MiniOzoneClusterImpl-fac2b43d-d0f4-41bd-8b0e-0750bdad7e42/datanode-4/data/ratis/590aa6df-e18f-4cb8-b7c3-d671be9eb83e/sm/snapshot.1_0
2020-04-25 00:52:35,740 [f6421666-a5d8-4f0d-9ada-e546d5fd97e1@group-D671BE9EB83E-StateMachineUpdater] INFO  ratis.ContainerStateMachine (ContainerStateMachine.java:takeSnapshot(299)) - group-D671BE9EB83E: Finished taking a snapshot at:(t:1, i:0) file:/github/workspace/mnt/ozone/hadoop-ozone/integration-test/target/test-dir/MiniOzoneClusterImpl-fac2b43d-d0f4-41bd-8b0e-0750bdad7e42/datanode-4/data/ratis/590aa6df-e18f-4cb8-b7c3-d671be9eb83e/sm/snapshot.1_0 time:0
2020-04-25 00:52:35,741 [f6421666-a5d8-4f0d-9ada-e546d5fd97e1@group-D671BE9EB83E-StateMachineUpdater] INFO  impl.StateMachineUpdater (StateMachineUpdater.java:takeSnapshot(274)) - f6421666-a5d8-4f0d-9ada-e546d5fd97e1@group-D671BE9EB83E-StateMachineUpdater: Took a snapshot at index 0
2020-04-25 00:52:35,741 [f6421666-a5d8-4f0d-9ada-e546d5fd97e1@group-D671BE9EB83E-StateMachineUpdater] INFO  impl.StateMachineUpdater (StateMachineUpdater.java:lambda$new$0(86)) - f6421666-a5d8-4f0d-9ada-e546d5fd97e1@group-D671BE9EB83E-StateMachineUpdater: snapshotIndex: updateIncreasingly -1 -> 0
2020-04-25 00:52:35,741 [6550183a-8562-43dc-b28b-b6c484dc4935@group-4D2F0C4E8244-StateMachineUpdater] INFO  ratis.ContainerStateMachine (ContainerStateMachine.java:takeSnapshot(299)) - group-4D2F0C4E8244: Finished taking a snapshot at:(t:3, i:16) file:/github/workspace/mnt/ozone/hadoop-ozone/integration-test/target/test-dir/MiniOzoneClusterImpl-fac2b43d-d0f4-41bd-8b0e-0750bdad7e42/datanode-1/data/ratis/ae8a75f2-8a3b-4b14-97e2-4d2f0c4e8244/sm/snapshot.3_16 time:3
2020-04-25 00:52:35,741 [f6421666-a5d8-4f0d-9ada-e546d5fd97e1@group-D671BE9EB83E-StateMachineUpdater] INFO  metrics.RatisMetrics (RatisMetrics.java:unregister(46)) - Unregistering Metrics Registry : ratis.state_machine.f6421666-a5d8-4f0d-9ada-e546d5fd97e1@group-D671BE9EB83E
2020-04-25 00:52:35,741 [6550183a-8562-43dc-b28b-b6c484dc4935@group-4D2F0C4E8244-StateMachineUpdater] INFO  impl.StateMachineUpdater (StateMachineUpdater.java:takeSnapshot(274)) - 6550183a-8562-43dc-b28b-b6c484dc4935@group-4D2F0C4E8244-StateMachineUpdater: Took a snapshot at index 16
2020-04-25 00:52:35,742 [6550183a-8562-43dc-b28b-b6c484dc4935@group-4D2F0C4E8244-StateMachineUpdater] INFO  impl.StateMachineUpdater (StateMachineUpdater.java:lambda$new$0(86)) - 6550183a-8562-43dc-b28b-b6c484dc4935@group-4D2F0C4E8244-StateMachineUpdater: snapshotIndex: updateIncreasingly -1 -> 16
2020-04-25 00:52:35,742 [6550183a-8562-43dc-b28b-b6c484dc4935@group-4D2F0C4E8244-StateMachineUpdater] INFO  metrics.RatisMetrics (RatisMetrics.java:unregister(46)) - Unregistering Metrics Registry : ratis.state_machine.6550183a-8562-43dc-b28b-b6c484dc4935@group-4D2F0C4E8244
2020-04-25 00:52:35,743 [ForkJoinPool.commonPool-worker-1] INFO  impl.RaftServerImpl (ServerState.java:close(387)) - 6550183a-8562-43dc-b28b-b6c484dc4935@group-4D2F0C4E8244: closes. applyIndex: 16
2020-04-25 00:52:35,743 [main] INFO  impl.RaftServerImpl (ServerState.java:close(387)) - f6421666-a5d8-4f0d-9ada-e546d5fd97e1@group-D671BE9EB83E: closes. applyIndex: 0
2020-04-25 00:52:35,743 [6550183a-8562-43dc-b28b-b6c484dc4935@group-4D2F0C4E8244-SegmentedRaftLogWorker] INFO  segmented.SegmentedRaftLogWorker (SegmentedRaftLogWorker.java:run(321)) - 6550183a-8562-43dc-b28b-b6c484dc4935@group-4D2F0C4E8244-SegmentedRaftLogWorker was interrupted, exiting. There are 0 tasks remaining in the queue.
2020-04-25 00:52:35,744 [f6421666-a5d8-4f0d-9ada-e546d5fd97e1@group-D671BE9EB83E-SegmentedRaftLogWorker] INFO  segmented.SegmentedRaftLogWorker (SegmentedRaftLogWorker.java:run(321)) - f6421666-a5d8-4f0d-9ada-e546d5fd97e1@group-D671BE9EB83E-SegmentedRaftLogWorker was interrupted, exiting. There are 0 tasks remaining in the queue.
2020-04-25 00:52:35,746 [ForkJoinPool.commonPool-worker-1] INFO  segmented.SegmentedRaftLogWorker (SegmentedRaftLogWorker.java:close(229)) - 6550183a-8562-43dc-b28b-b6c484dc4935@group-4D2F0C4E8244-SegmentedRaftLogWorker close()
2020-04-25 00:52:35,746 [main] INFO  segmented.SegmentedRaftLogWorker (SegmentedRaftLogWorker.java:close(229)) - f6421666-a5d8-4f0d-9ada-e546d5fd97e1@group-D671BE9EB83E-SegmentedRaftLogWorker close()
2020-04-25 00:52:35,747 [ForkJoinPool.commonPool-worker-1] INFO  metrics.RatisMetrics (RatisMetrics.java:unregister(46)) - Unregistering Metrics Registry : ratis.log_worker.6550183a-8562-43dc-b28b-b6c484dc4935
2020-04-25 00:52:35,747 [ForkJoinPool.commonPool-worker-1] INFO  metrics.RatisMetrics (RatisMetrics.java:unregister(46)) - Unregistering Metrics Registry : ratis.leader_election.6550183a-8562-43dc-b28b-b6c484dc4935@group-4D2F0C4E8244
2020-04-25 00:52:35,748 [ForkJoinPool.commonPool-worker-1] INFO  metrics.RatisMetrics (RatisMetrics.java:unregister(46)) - Unregistering Metrics Registry : ratis.server.6550183a-8562-43dc-b28b-b6c484dc4935@group-4D2F0C4E8244
2020-04-25 00:52:35,747 [main] INFO  metrics.RatisMetrics (RatisMetrics.java:unregister(46)) - Unregistering Metrics Registry : ratis.log_worker.f6421666-a5d8-4f0d-9ada-e546d5fd97e1
2020-04-25 00:52:35,748 [main] INFO  metrics.RatisMetrics (RatisMetrics.java:unregister(46)) - Unregistering Metrics Registry : ratis.leader_election.f6421666-a5d8-4f0d-9ada-e546d5fd97e1@group-D671BE9EB83E
2020-04-25 00:52:35,748 [main] INFO  metrics.RatisMetrics (RatisMetrics.java:unregister(46)) - Unregistering Metrics Registry : ratis.server.f6421666-a5d8-4f0d-9ada-e546d5fd97e1@group-D671BE9EB83E
2020-04-25 00:52:35,748 [main] INFO  impl.RaftServerImpl (RaftServerImpl.java:lambda$shutdown$3(249)) - f6421666-a5d8-4f0d-9ada-e546d5fd97e1@group-FF9CB1177228: shutdown
2020-04-25 00:52:35,748 [main] INFO  util.JmxRegister (JmxRegister.java:unregister(73)) - Successfully un-registered JMX Bean with object name Ratis:service=RaftServer,group=group-FF9CB1177228,id=f6421666-a5d8-4f0d-9ada-e546d5fd97e1
2020-04-25 00:52:35,748 [main] INFO  impl.RoleInfo (RoleInfo.java:shutdownLeaderState(104)) - f6421666-a5d8-4f0d-9ada-e546d5fd97e1: shutdown LeaderState
2020-04-25 00:52:35,748 [ForkJoinPool.commonPool-worker-1] INFO  impl.RaftServerImpl (RaftServerImpl.java:lambda$shutdown$3(249)) - 6550183a-8562-43dc-b28b-b6c484dc4935@group-E8318D214939: shutdown
2020-04-25 00:52:35,749 [main] INFO  impl.PendingRequests (PendingRequests.java:sendNotLeaderResponses(240)) - f6421666-a5d8-4f0d-9ada-e546d5fd97e1@group-FF9CB1177228-PendingRequests: sendNotLeaderResponses
2020-04-25 00:52:35,749 [ForkJoinPool.commonPool-worker-1] INFO  util.JmxRegister (JmxRegister.java:unregister(73)) - Successfully un-registered JMX Bean with object name Ratis:service=RaftServer,group=group-E8318D214939,id=6550183a-8562-43dc-b28b-b6c484dc4935
2020-04-25 00:52:35,749 [ForkJoinPool.commonPool-worker-1] INFO  impl.RoleInfo (RoleInfo.java:shutdownLeaderState(104)) - 6550183a-8562-43dc-b28b-b6c484dc4935: shutdown LeaderState
2020-04-25 00:52:35,749 [main] INFO  metrics.RatisMetrics (RatisMetrics.java:unregister(46)) - Unregistering Metrics Registry : ratis.log_appender.f6421666-a5d8-4f0d-9ada-e546d5fd97e1@group-FF9CB1177228
2020-04-25 00:52:35,750 [main] INFO  impl.StateMachineUpdater (StateMachineUpdater.java:stopAndJoin(139)) - f6421666-a5d8-4f0d-9ada-e546d5fd97e1@group-FF9CB1177228-StateMachineUpdater: set stopIndex = 0
2020-04-25 00:52:35,750 [f6421666-a5d8-4f0d-9ada-e546d5fd97e1@group-FF9CB1177228-StateMachineUpdater] INFO  ratis.ContainerStateMachine (ContainerStateMachine.java:takeSnapshot(288)) - group-FF9CB1177228: Taking a snapshot at:(t:1, i:0) file /github/workspace/mnt/ozone/hadoop-ozone/integration-test/target/test-dir/MiniOzoneClusterImpl-fac2b43d-d0f4-41bd-8b0e-0750bdad7e42/datanode-4/data/ratis/e0dec1dd-8ab4-48a2-8ba7-ff9cb1177228/sm/snapshot.1_0
2020-04-25 00:52:35,749 [ForkJoinPool.commonPool-worker-1] INFO  impl.PendingRequests (PendingRequests.java:sendNotLeaderResponses(240)) - 6550183a-8562-43dc-b28b-b6c484dc4935@group-E8318D214939-PendingRequests: sendNotLeaderResponses
2020-04-25 00:52:35,750 [ForkJoinPool.commonPool-worker-1] INFO  metrics.RatisMetrics (RatisMetrics.java:unregister(46)) - Unregistering Metrics Registry : ratis.log_appender.6550183a-8562-43dc-b28b-b6c484dc4935@group-E8318D214939
2020-04-25 00:52:35,750 [ForkJoinPool.commonPool-worker-1] INFO  impl.StateMachineUpdater (StateMachineUpdater.java:stopAndJoin(139)) - 6550183a-8562-43dc-b28b-b6c484dc4935@group-E8318D214939-StateMachineUpdater: set stopIndex = 0
2020-04-25 00:52:35,751 [f6421666-a5d8-4f0d-9ada-e546d5fd97e1@group-FF9CB1177228-StateMachineUpdater] INFO  ratis.ContainerStateMachine (ContainerStateMachine.java:takeSnapshot(299)) - group-FF9CB1177228: Finished taking a snapshot at:(t:1, i:0) file:/github/workspace/mnt/ozone/hadoop-ozone/integration-test/target/test-dir/MiniOzoneClusterImpl-fac2b43d-d0f4-41bd-8b0e-0750bdad7e42/datanode-4/data/ratis/e0dec1dd-8ab4-48a2-8ba7-ff9cb1177228/sm/snapshot.1_0 time:1
2020-04-25 00:52:35,751 [6550183a-8562-43dc-b28b-b6c484dc4935@group-E8318D214939-StateMachineUpdater] INFO  ratis.ContainerStateMachine (ContainerStateMachine.java:takeSnapshot(288)) - group-E8318D214939: Taking a snapshot at:(t:1, i:0) file /github/workspace/mnt/ozone/hadoop-ozone/integration-test/target/test-dir/MiniOzoneClusterImpl-fac2b43d-d0f4-41bd-8b0e-0750bdad7e42/datanode-1/data/ratis/41ff482e-e34f-47ca-99c8-e8318d214939/sm/snapshot.1_0
2020-04-25 00:52:35,751 [f6421666-a5d8-4f0d-9ada-e546d5fd97e1@group-FF9CB1177228-StateMachineUpdater] INFO  impl.StateMachineUpdater (StateMachineUpdater.java:takeSnapshot(274)) - f6421666-a5d8-4f0d-9ada-e546d5fd97e1@group-FF9CB1177228-StateMachineUpdater: Took a snapshot at index 0
2020-04-25 00:52:35,751 [f6421666-a5d8-4f0d-9ada-e546d5fd97e1@group-FF9CB1177228-StateMachineUpdater] INFO  impl.StateMachineUpdater (StateMachineUpdater.java:lambda$new$0(86)) - f6421666-a5d8-4f0d-9ada-e546d5fd97e1@group-FF9CB1177228-StateMachineUpdater: snapshotIndex: updateIncreasingly -1 -> 0
2020-04-25 00:52:35,751 [f6421666-a5d8-4f0d-9ada-e546d5fd97e1@group-FF9CB1177228-StateMachineUpdater] INFO  metrics.RatisMetrics (RatisMetrics.java:unregister(46)) - Unregistering Metrics Registry : ratis.state_machine.f6421666-a5d8-4f0d-9ada-e546d5fd97e1@group-FF9CB1177228
2020-04-25 00:52:35,751 [6550183a-8562-43dc-b28b-b6c484dc4935@group-E8318D214939-StateMachineUpdater] INFO  ratis.ContainerStateMachine (ContainerStateMachine.java:takeSnapshot(299)) - group-E8318D214939: Finished taking a snapshot at:(t:1, i:0) file:/github/workspace/mnt/ozone/hadoop-ozone/integration-test/target/test-dir/MiniOzoneClusterImpl-fac2b43d-d0f4-41bd-8b0e-0750bdad7e42/datanode-1/data/ratis/41ff482e-e34f-47ca-99c8-e8318d214939/sm/snapshot.1_0 time:1
2020-04-25 00:52:35,752 [main] INFO  impl.RaftServerImpl (ServerState.java:close(387)) - f6421666-a5d8-4f0d-9ada-e546d5fd97e1@group-FF9CB1177228: closes. applyIndex: 0
2020-04-25 00:52:35,752 [f6421666-a5d8-4f0d-9ada-e546d5fd97e1@group-FF9CB1177228-SegmentedRaftLogWorker] INFO  segmented.SegmentedRaftLogWorker (SegmentedRaftLogWorker.java:run(321)) - f6421666-a5d8-4f0d-9ada-e546d5fd97e1@group-FF9CB1177228-SegmentedRaftLogWorker was interrupted, exiting. There are 0 tasks remaining in the queue.
2020-04-25 00:52:35,753 [main] INFO  segmented.SegmentedRaftLogWorker (SegmentedRaftLogWorker.java:close(229)) - f6421666-a5d8-4f0d-9ada-e546d5fd97e1@group-FF9CB1177228-SegmentedRaftLogWorker close()
2020-04-25 00:52:35,754 [main] INFO  metrics.RatisMetrics (RatisMetrics.java:unregister(46)) - Unregistering Metrics Registry : ratis.log_worker.f6421666-a5d8-4f0d-9ada-e546d5fd97e1
2020-04-25 00:52:35,755 [main] INFO  metrics.RatisMetrics (RatisMetrics.java:unregister(46)) - Unregistering Metrics Registry : ratis.leader_election.f6421666-a5d8-4f0d-9ada-e546d5fd97e1@group-FF9CB1177228
2020-04-25 00:52:35,755 [main] INFO  metrics.RatisMetrics (RatisMetrics.java:unregister(46)) - Unregistering Metrics Registry : ratis.server.f6421666-a5d8-4f0d-9ada-e546d5fd97e1@group-FF9CB1177228
2020-04-25 00:52:35,755 [main] INFO  impl.RaftServerImpl (RaftServerImpl.java:lambda$shutdown$3(249)) - f6421666-a5d8-4f0d-9ada-e546d5fd97e1@group-7B58BB8F67D6: shutdown
2020-04-25 00:52:35,755 [6550183a-8562-43dc-b28b-b6c484dc4935@group-E8318D214939-StateMachineUpdater] INFO  impl.StateMachineUpdater (StateMachineUpdater.java:takeSnapshot(274)) - 6550183a-8562-43dc-b28b-b6c484dc4935@group-E8318D214939-StateMachineUpdater: Took a snapshot at index 0
2020-04-25 00:52:35,755 [6550183a-8562-43dc-b28b-b6c484dc4935@group-E8318D214939-StateMachineUpdater] INFO  impl.StateMachineUpdater (StateMachineUpdater.java:lambda$new$0(86)) - 6550183a-8562-43dc-b28b-b6c484dc4935@group-E8318D214939-StateMachineUpdater: snapshotIndex: updateIncreasingly -1 -> 0
2020-04-25 00:52:35,755 [main] INFO  util.JmxRegister (JmxRegister.java:unregister(73)) - Successfully un-registered JMX Bean with object name Ratis:service=RaftServer,group=group-7B58BB8F67D6,id=f6421666-a5d8-4f0d-9ada-e546d5fd97e1
2020-04-25 00:52:35,756 [main] INFO  impl.RoleInfo (RoleInfo.java:shutdownFollowerState(121)) - f6421666-a5d8-4f0d-9ada-e546d5fd97e1: shutdown FollowerState
2020-04-25 00:52:35,755 [6550183a-8562-43dc-b28b-b6c484dc4935@group-E8318D214939-StateMachineUpdater] INFO  metrics.RatisMetrics (RatisMetrics.java:unregister(46)) - Unregistering Metrics Registry : ratis.state_machine.6550183a-8562-43dc-b28b-b6c484dc4935@group-E8318D214939
2020-04-25 00:52:35,756 [f6421666-a5d8-4f0d-9ada-e546d5fd97e1@group-7B58BB8F67D6-StateMachineUpdater] INFO  ratis.ContainerStateMachine (ContainerStateMachine.java:takeSnapshot(288)) - group-7B58BB8F67D6: Taking a snapshot at:(t:2, i:0) file /github/workspace/mnt/ozone/hadoop-ozone/integration-test/target/test-dir/MiniOzoneClusterImpl-fac2b43d-d0f4-41bd-8b0e-0750bdad7e42/datanode-4/data/ratis/caf77ddf-b422-4109-976a-7b58bb8f67d6/sm/snapshot.2_0
2020-04-25 00:52:35,756 [Thread-3059] INFO  impl.FollowerState (FollowerState.java:run(117)) - f6421666-a5d8-4f0d-9ada-e546d5fd97e1@group-7B58BB8F67D6-FollowerState was interrupted: java.lang.InterruptedException: sleep interrupted
2020-04-25 00:52:35,756 [main] INFO  impl.StateMachineUpdater (StateMachineUpdater.java:stopAndJoin(139)) - f6421666-a5d8-4f0d-9ada-e546d5fd97e1@group-7B58BB8F67D6-StateMachineUpdater: set stopIndex = 0
2020-04-25 00:52:35,758 [f6421666-a5d8-4f0d-9ada-e546d5fd97e1@group-7B58BB8F67D6-StateMachineUpdater] INFO  ratis.ContainerStateMachine (ContainerStateMachine.java:takeSnapshot(299)) - group-7B58BB8F67D6: Finished taking a snapshot at:(t:2, i:0) file:/github/workspace/mnt/ozone/hadoop-ozone/integration-test/target/test-dir/MiniOzoneClusterImpl-fac2b43d-d0f4-41bd-8b0e-0750bdad7e42/datanode-4/data/ratis/caf77ddf-b422-4109-976a-7b58bb8f67d6/sm/snapshot.2_0 time:2
2020-04-25 00:52:35,761 [f6421666-a5d8-4f0d-9ada-e546d5fd97e1@group-7B58BB8F67D6-StateMachineUpdater] INFO  impl.StateMachineUpdater (StateMachineUpdater.java:takeSnapshot(274)) - f6421666-a5d8-4f0d-9ada-e546d5fd97e1@group-7B58BB8F67D6-StateMachineUpdater: Took a snapshot at index 0
2020-04-25 00:52:35,761 [f6421666-a5d8-4f0d-9ada-e546d5fd97e1@group-7B58BB8F67D6-StateMachineUpdater] INFO  impl.StateMachineUpdater (StateMachineUpdater.java:lambda$new$0(86)) - f6421666-a5d8-4f0d-9ada-e546d5fd97e1@group-7B58BB8F67D6-StateMachineUpdater: snapshotIndex: updateIncreasingly -1 -> 0
2020-04-25 00:52:35,761 [f6421666-a5d8-4f0d-9ada-e546d5fd97e1@group-7B58BB8F67D6-StateMachineUpdater] INFO  metrics.RatisMetrics (RatisMetrics.java:unregister(46)) - Unregistering Metrics Registry : ratis.state_machine.f6421666-a5d8-4f0d-9ada-e546d5fd97e1@group-7B58BB8F67D6
2020-04-25 00:52:35,761 [main] INFO  impl.RaftServerImpl (ServerState.java:close(387)) - f6421666-a5d8-4f0d-9ada-e546d5fd97e1@group-7B58BB8F67D6: closes. applyIndex: 0
2020-04-25 00:52:35,757 [ForkJoinPool.commonPool-worker-1] INFO  impl.RaftServerImpl (ServerState.java:close(387)) - 6550183a-8562-43dc-b28b-b6c484dc4935@group-E8318D214939: closes. applyIndex: 0
2020-04-25 00:52:35,761 [f6421666-a5d8-4f0d-9ada-e546d5fd97e1@group-7B58BB8F67D6-SegmentedRaftLogWorker] INFO  segmented.SegmentedRaftLogWorker (SegmentedRaftLogWorker.java:run(321)) - f6421666-a5d8-4f0d-9ada-e546d5fd97e1@group-7B58BB8F67D6-SegmentedRaftLogWorker was interrupted, exiting. There are 0 tasks remaining in the queue.
2020-04-25 00:52:35,762 [6550183a-8562-43dc-b28b-b6c484dc4935@group-E8318D214939-SegmentedRaftLogWorker] INFO  segmented.SegmentedRaftLogWorker (SegmentedRaftLogWorker.java:run(321)) - 6550183a-8562-43dc-b28b-b6c484dc4935@group-E8318D214939-SegmentedRaftLogWorker was interrupted, exiting. There are 0 tasks remaining in the queue.
2020-04-25 00:52:35,763 [main] INFO  segmented.SegmentedRaftLogWorker (SegmentedRaftLogWorker.java:close(229)) - f6421666-a5d8-4f0d-9ada-e546d5fd97e1@group-7B58BB8F67D6-SegmentedRaftLogWorker close()
2020-04-25 00:52:35,763 [ForkJoinPool.commonPool-worker-1] INFO  segmented.SegmentedRaftLogWorker (SegmentedRaftLogWorker.java:close(229)) - 6550183a-8562-43dc-b28b-b6c484dc4935@group-E8318D214939-SegmentedRaftLogWorker close()
2020-04-25 00:52:35,764 [main] INFO  metrics.RatisMetrics (RatisMetrics.java:unregister(46)) - Unregistering Metrics Registry : ratis.log_worker.f6421666-a5d8-4f0d-9ada-e546d5fd97e1
2020-04-25 00:52:35,765 [main] INFO  metrics.RatisMetrics (RatisMetrics.java:unregister(46)) - Unregistering Metrics Registry : ratis.leader_election.f6421666-a5d8-4f0d-9ada-e546d5fd97e1@group-7B58BB8F67D6
2020-04-25 00:52:35,765 [main] INFO  metrics.RatisMetrics (RatisMetrics.java:unregister(46)) - Unregistering Metrics Registry : ratis.server.f6421666-a5d8-4f0d-9ada-e546d5fd97e1@group-7B58BB8F67D6
2020-04-25 00:52:35,765 [main] INFO  server.GrpcService (GrpcService.java:closeImpl(165)) - f6421666-a5d8-4f0d-9ada-e546d5fd97e1: shutdown server with port 40551 now
2020-04-25 00:52:35,768 [grpc-default-executor-4] WARN  server.GrpcServerProtocolService (LogUtils.java:warn(122)) - f6421666-a5d8-4f0d-9ada-e546d5fd97e1: installSnapshot onError, lastRequest: 3cd9ecf8-858f-44dc-b977-29c5822b3976->f6421666-a5d8-4f0d-9ada-e546d5fd97e1#1-t1, previous=(t:0, i:0), leaderCommit=-1, initializing? false, entries: size=1, first=(t:1, i:0), CONFIGURATIONENTRY: org.apache.ratis.thirdparty.io.grpc.StatusRuntimeException: CANCELLED: cancelled before receiving half close
2020-04-25 00:52:35,769 [main] INFO  server.GrpcService (GrpcService.java:closeImpl(173)) - f6421666-a5d8-4f0d-9ada-e546d5fd97e1: shutdown server with port 40551 successfully
2020-04-25 00:52:35,769 [grpc-default-executor-9] WARN  server.GrpcServerProtocolService (LogUtils.java:warn(122)) - f6421666-a5d8-4f0d-9ada-e546d5fd97e1: installSnapshot onError, lastRequest: 01d66f6b-871f-49cc-8cf1-f917fde7eb54->f6421666-a5d8-4f0d-9ada-e546d5fd97e1#1-t2, previous=(t:0, i:0), leaderCommit=-1, initializing? false, entries: size=1, first=(t:2, i:0), CONFIGURATIONENTRY: org.apache.ratis.thirdparty.io.grpc.StatusRuntimeException: CANCELLED: cancelled before receiving half close
2020-04-25 00:52:35,771 [grpc-default-executor-4] WARN  server.GrpcLogAppender (LogUtils.java:warn(122)) - 3cd9ecf8-858f-44dc-b977-29c5822b3976@group-D671BE9EB83E->f6421666-a5d8-4f0d-9ada-e546d5fd97e1-AppendLogResponseHandler: Failed appendEntries: org.apache.ratis.thirdparty.io.grpc.StatusRuntimeException: CANCELLED: HTTP/2 error code: CANCEL
Received Rst Stream
2020-04-25 00:52:35,772 [grpc-default-executor-3] WARN  server.GrpcLogAppender (LogUtils.java:warn(122)) - 01d66f6b-871f-49cc-8cf1-f917fde7eb54@group-7B58BB8F67D6->f6421666-a5d8-4f0d-9ada-e546d5fd97e1-AppendLogResponseHandler: Failed appendEntries: org.apache.ratis.thirdparty.io.grpc.StatusRuntimeException: CANCELLED: HTTP/2 error code: CANCEL
Received Rst Stream
2020-04-25 00:52:35,772 [ForkJoinPool.commonPool-worker-1] INFO  metrics.RatisMetrics (RatisMetrics.java:unregister(46)) - Unregistering Metrics Registry : ratis.log_worker.6550183a-8562-43dc-b28b-b6c484dc4935
2020-04-25 00:52:35,772 [ForkJoinPool.commonPool-worker-1] INFO  metrics.RatisMetrics (RatisMetrics.java:unregister(46)) - Unregistering Metrics Registry : ratis.leader_election.6550183a-8562-43dc-b28b-b6c484dc4935@group-E8318D214939
2020-04-25 00:52:35,772 [ForkJoinPool.commonPool-worker-1] INFO  metrics.RatisMetrics (RatisMetrics.java:unregister(46)) - Unregistering Metrics Registry : ratis.server.6550183a-8562-43dc-b28b-b6c484dc4935@group-E8318D214939
2020-04-25 00:52:35,772 [ForkJoinPool.commonPool-worker-1] INFO  impl.RaftServerImpl (RaftServerImpl.java:lambda$shutdown$3(249)) - 6550183a-8562-43dc-b28b-b6c484dc4935@group-0CB630F518CC: shutdown
2020-04-25 00:52:35,773 [ForkJoinPool.commonPool-worker-1] INFO  util.JmxRegister (JmxRegister.java:unregister(73)) - Successfully un-registered JMX Bean with object name Ratis:service=RaftServer,group=group-0CB630F518CC,id=6550183a-8562-43dc-b28b-b6c484dc4935
2020-04-25 00:52:35,773 [ForkJoinPool.commonPool-worker-1] INFO  impl.RoleInfo (RoleInfo.java:shutdownFollowerState(121)) - 6550183a-8562-43dc-b28b-b6c484dc4935: shutdown FollowerState
2020-04-25 00:52:35,773 [Thread-3014] INFO  impl.FollowerState (FollowerState.java:run(117)) - 6550183a-8562-43dc-b28b-b6c484dc4935@group-0CB630F518CC-FollowerState was interrupted: java.lang.InterruptedException: sleep interrupted
2020-04-25 00:52:35,773 [ForkJoinPool.commonPool-worker-1] INFO  impl.StateMachineUpdater (StateMachineUpdater.java:stopAndJoin(139)) - 6550183a-8562-43dc-b28b-b6c484dc4935@group-0CB630F518CC-StateMachineUpdater: set stopIndex = 0
2020-04-25 00:52:35,774 [grpc-default-executor-4] INFO  impl.FollowerInfo (FollowerInfo.java:lambda$new$0(50)) - 3cd9ecf8-858f-44dc-b977-29c5822b3976@group-D671BE9EB83E->f6421666-a5d8-4f0d-9ada-e546d5fd97e1: nextIndex: updateUnconditionally 1 -> 0
2020-04-25 00:52:35,775 [grpc-default-executor-3] INFO  impl.FollowerInfo (FollowerInfo.java:lambda$new$0(50)) - 01d66f6b-871f-49cc-8cf1-f917fde7eb54@group-7B58BB8F67D6->f6421666-a5d8-4f0d-9ada-e546d5fd97e1: nextIndex: updateUnconditionally 1 -> 0
2020-04-25 00:52:35,775 [6550183a-8562-43dc-b28b-b6c484dc4935@group-0CB630F518CC-StateMachineUpdater] INFO  ratis.ContainerStateMachine (ContainerStateMachine.java:takeSnapshot(288)) - group-0CB630F518CC: Taking a snapshot at:(t:3, i:0) file /github/workspace/mnt/ozone/hadoop-ozone/integration-test/target/test-dir/MiniOzoneClusterImpl-fac2b43d-d0f4-41bd-8b0e-0750bdad7e42/datanode-1/data/ratis/6de2b53f-2eb0-4b5a-b9e7-0cb630f518cc/sm/snapshot.3_0
2020-04-25 00:52:35,776 [6550183a-8562-43dc-b28b-b6c484dc4935@group-0CB630F518CC-StateMachineUpdater] INFO  ratis.ContainerStateMachine (ContainerStateMachine.java:takeSnapshot(299)) - group-0CB630F518CC: Finished taking a snapshot at:(t:3, i:0) file:/github/workspace/mnt/ozone/hadoop-ozone/integration-test/target/test-dir/MiniOzoneClusterImpl-fac2b43d-d0f4-41bd-8b0e-0750bdad7e42/datanode-1/data/ratis/6de2b53f-2eb0-4b5a-b9e7-0cb630f518cc/sm/snapshot.3_0 time:1
2020-04-25 00:52:35,780 [6550183a-8562-43dc-b28b-b6c484dc4935@group-0CB630F518CC-StateMachineUpdater] INFO  impl.StateMachineUpdater (StateMachineUpdater.java:takeSnapshot(274)) - 6550183a-8562-43dc-b28b-b6c484dc4935@group-0CB630F518CC-StateMachineUpdater: Took a snapshot at index 0
2020-04-25 00:52:35,780 [6550183a-8562-43dc-b28b-b6c484dc4935@group-0CB630F518CC-StateMachineUpdater] INFO  impl.StateMachineUpdater (StateMachineUpdater.java:lambda$new$0(86)) - 6550183a-8562-43dc-b28b-b6c484dc4935@group-0CB630F518CC-StateMachineUpdater: snapshotIndex: updateIncreasingly -1 -> 0
2020-04-25 00:52:35,780 [6550183a-8562-43dc-b28b-b6c484dc4935@group-0CB630F518CC-StateMachineUpdater] INFO  metrics.RatisMetrics (RatisMetrics.java:unregister(46)) - Unregistering Metrics Registry : ratis.state_machine.6550183a-8562-43dc-b28b-b6c484dc4935@group-0CB630F518CC
2020-04-25 00:52:35,780 [ForkJoinPool.commonPool-worker-1] INFO  impl.RaftServerImpl (ServerState.java:close(387)) - 6550183a-8562-43dc-b28b-b6c484dc4935@group-0CB630F518CC: closes. applyIndex: 0
2020-04-25 00:52:35,780 [6550183a-8562-43dc-b28b-b6c484dc4935@group-0CB630F518CC-SegmentedRaftLogWorker] INFO  segmented.SegmentedRaftLogWorker (SegmentedRaftLogWorker.java:run(321)) - 6550183a-8562-43dc-b28b-b6c484dc4935@group-0CB630F518CC-SegmentedRaftLogWorker was interrupted, exiting. There are 0 tasks remaining in the queue.
2020-04-25 00:52:35,795 [ForkJoinPool.commonPool-worker-1] INFO  segmented.SegmentedRaftLogWorker (SegmentedRaftLogWorker.java:close(229)) - 6550183a-8562-43dc-b28b-b6c484dc4935@group-0CB630F518CC-SegmentedRaftLogWorker close()
2020-04-25 00:52:35,796 [ForkJoinPool.commonPool-worker-1] INFO  metrics.RatisMetrics (RatisMetrics.java:unregister(46)) - Unregistering Metrics Registry : ratis.log_worker.6550183a-8562-43dc-b28b-b6c484dc4935
2020-04-25 00:52:35,797 [ForkJoinPool.commonPool-worker-1] INFO  metrics.RatisMetrics (RatisMetrics.java:unregister(46)) - Unregistering Metrics Registry : ratis.leader_election.6550183a-8562-43dc-b28b-b6c484dc4935@group-0CB630F518CC
2020-04-25 00:52:35,797 [ForkJoinPool.commonPool-worker-1] INFO  metrics.RatisMetrics (RatisMetrics.java:unregister(46)) - Unregistering Metrics Registry : ratis.server.6550183a-8562-43dc-b28b-b6c484dc4935@group-0CB630F518CC
2020-04-25 00:52:35,797 [ForkJoinPool.commonPool-worker-1] INFO  server.GrpcService (GrpcService.java:closeImpl(165)) - 6550183a-8562-43dc-b28b-b6c484dc4935: shutdown server with port 44877 now
2020-04-25 00:52:35,798 [grpc-default-executor-7] WARN  server.GrpcLogAppender (LogUtils.java:warn(122)) - 44e8018b-e232-4b82-9d12-5076aa410e35@group-0CB630F518CC->6550183a-8562-43dc-b28b-b6c484dc4935-AppendLogResponseHandler: Failed appendEntries: org.apache.ratis.thirdparty.io.grpc.StatusRuntimeException: CANCELLED: HTTP/2 error code: CANCEL
Received Rst Stream
2020-04-25 00:52:35,798 [grpc-default-executor-4] WARN  server.GrpcServerProtocolService (LogUtils.java:warn(122)) - 6550183a-8562-43dc-b28b-b6c484dc4935: installSnapshot onError, lastRequest: 44e8018b-e232-4b82-9d12-5076aa410e35->6550183a-8562-43dc-b28b-b6c484dc4935#19-t3, previous=(t:3, i:15), leaderCommit=15, initializing? false, entries: size=1, first=(t:3, i:16), METADATAENTRY(c:15): org.apache.ratis.thirdparty.io.grpc.StatusRuntimeException: CANCELLED: cancelled before receiving half close
2020-04-25 00:52:35,799 [grpc-default-executor-7] INFO  impl.FollowerInfo (FollowerInfo.java:lambda$new$0(50)) - 44e8018b-e232-4b82-9d12-5076aa410e35@group-0CB630F518CC->6550183a-8562-43dc-b28b-b6c484dc4935: nextIndex: updateUnconditionally 1 -> 0
2020-04-25 00:52:35,799 [grpc-default-executor-10] WARN  server.GrpcLogAppender (LogUtils.java:warn(122)) - 44e8018b-e232-4b82-9d12-5076aa410e35@group-4D2F0C4E8244->6550183a-8562-43dc-b28b-b6c484dc4935-AppendLogResponseHandler: Failed appendEntries: org.apache.ratis.thirdparty.io.grpc.StatusRuntimeException: CANCELLED: HTTP/2 error code: CANCEL
Received Rst Stream
2020-04-25 00:52:35,799 [grpc-default-executor-10] INFO  impl.FollowerInfo (FollowerInfo.java:lambda$new$0(50)) - 44e8018b-e232-4b82-9d12-5076aa410e35@group-4D2F0C4E8244->6550183a-8562-43dc-b28b-b6c484dc4935: nextIndex: updateUnconditionally 17 -> 16
2020-04-25 00:52:35,799 [grpc-default-executor-0] WARN  server.GrpcServerProtocolService (LogUtils.java:warn(122)) - 6550183a-8562-43dc-b28b-b6c484dc4935: installSnapshot onError, lastRequest: 44e8018b-e232-4b82-9d12-5076aa410e35->6550183a-8562-43dc-b28b-b6c484dc4935#1-t3, previous=(t:0, i:0), leaderCommit=0, initializing? false, entries: size=1, first=(t:3, i:0), CONFIGURATIONENTRY: org.apache.ratis.thirdparty.io.grpc.StatusRuntimeException: CANCELLED: cancelled before receiving half close
2020-04-25 00:52:35,799 [ForkJoinPool.commonPool-worker-1] INFO  server.GrpcService (GrpcService.java:closeImpl(173)) - 6550183a-8562-43dc-b28b-b6c484dc4935: shutdown server with port 44877 successfully
2020-04-25 00:52:35,818 [main] INFO  utils.BackgroundService (BackgroundService.java:shutdown(157)) - Shutting down service BlockDeletingService
2020-04-25 00:52:35,826 [main] INFO  statemachine.DatanodeStateMachine (DatanodeStateMachine.java:stopDaemon(424)) - Ozone container server stopped.
2020-04-25 00:52:35,827 [main] INFO  handler.ContextHandler (ContextHandler.java:doStop(1016)) - Stopped o.e.j.w.WebAppContext@66881001{hddsDatanode,/,null,UNAVAILABLE}{jar:file:/home/user/.m2/repository/org/apache/hadoop/hadoop-hdds-container-service/0.6.0-SNAPSHOT/hadoop-hdds-container-service-0.6.0-SNAPSHOT.jar!/webapps/hddsDatanode}
2020-04-25 00:52:35,828 [main] INFO  server.AbstractConnector (AbstractConnector.java:doStop(380)) - Stopped ServerConnector@7fe3cd91{HTTP/1.1,[http/1.1]}{0.0.0.0:0}
2020-04-25 00:52:35,828 [main] INFO  server.session (HouseKeeper.java:stopScavenging(158)) - node0 Stopped scavenging
2020-04-25 00:52:35,829 [main] INFO  handler.ContextHandler (ContextHandler.java:doStop(1016)) - Stopped o.e.j.s.ServletContextHandler@4ef718a{static,/static,jar:file:/home/user/.m2/repository/org/apache/hadoop/hadoop-hdds-container-service/0.6.0-SNAPSHOT/hadoop-hdds-container-service-0.6.0-SNAPSHOT.jar!/webapps/static,UNAVAILABLE}
2020-04-25 00:52:35,829 [main] INFO  handler.ContextHandler (ContextHandler.java:doStop(1016)) - Stopped o.e.j.s.ServletContextHandler@278e2e51{logs,/logs,file:///github/workspace/mnt/ozone/hadoop-ozone/integration-test/target/log,UNAVAILABLE}
2020-04-25 00:52:35,835 [ForkJoinPool.commonPool-worker-1] INFO  utils.BackgroundService (BackgroundService.java:shutdown(157)) - Shutting down service BlockDeletingService
2020-04-25 00:52:35,839 [ForkJoinPool.commonPool-worker-1] INFO  statemachine.DatanodeStateMachine (DatanodeStateMachine.java:stopDaemon(424)) - Ozone container server stopped.
2020-04-25 00:52:35,841 [ForkJoinPool.commonPool-worker-1] INFO  handler.ContextHandler (ContextHandler.java:doStop(1016)) - Stopped o.e.j.w.WebAppContext@55b65de1{hddsDatanode,/,null,UNAVAILABLE}{jar:file:/home/user/.m2/repository/org/apache/hadoop/hadoop-hdds-container-service/0.6.0-SNAPSHOT/hadoop-hdds-container-service-0.6.0-SNAPSHOT.jar!/webapps/hddsDatanode}
2020-04-25 00:52:35,842 [ForkJoinPool.commonPool-worker-1] INFO  server.AbstractConnector (AbstractConnector.java:doStop(380)) - Stopped ServerConnector@2a94362f{HTTP/1.1,[http/1.1]}{0.0.0.0:0}
2020-04-25 00:52:35,842 [ForkJoinPool.commonPool-worker-1] INFO  server.session (HouseKeeper.java:stopScavenging(158)) - node0 Stopped scavenging
2020-04-25 00:52:35,844 [ForkJoinPool.commonPool-worker-1] INFO  handler.ContextHandler (ContextHandler.java:doStop(1016)) - Stopped o.e.j.s.ServletContextHandler@837d640{static,/static,jar:file:/home/user/.m2/repository/org/apache/hadoop/hadoop-hdds-container-service/0.6.0-SNAPSHOT/hadoop-hdds-container-service-0.6.0-SNAPSHOT.jar!/webapps/static,UNAVAILABLE}
2020-04-25 00:52:35,845 [ForkJoinPool.commonPool-worker-1] INFO  handler.ContextHandler (ContextHandler.java:doStop(1016)) - Stopped o.e.j.s.ServletContextHandler@39715642{logs,/logs,file:///github/workspace/mnt/ozone/hadoop-ozone/integration-test/target/log,UNAVAILABLE}
2020-04-25 00:52:36,304 [Datanode State Machine Thread - 0] INFO  statemachine.DatanodeStateMachine (DatanodeStateMachine.java:lambda$startDaemon$0(376)) - Ozone container server started.
2020-04-25 00:52:36,725 [Datanode State Machine Thread - 0] INFO  statemachine.DatanodeStateMachine (DatanodeStateMachine.java:lambda$startDaemon$0(376)) - Ozone container server started.
2020-04-25 00:52:37,406 [grpc-default-executor-4] WARN  server.GrpcLogAppender (LogUtils.java:warn(122)) - 44e8018b-e232-4b82-9d12-5076aa410e35@group-0CB630F518CC->6550183a-8562-43dc-b28b-b6c484dc4935-AppendLogResponseHandler: Failed appendEntries: org.apache.ratis.thirdparty.io.grpc.StatusRuntimeException: UNAVAILABLE: io exception
2020-04-25 00:52:37,407 [grpc-default-executor-4] INFO  impl.FollowerInfo (FollowerInfo.java:lambda$new$0(50)) - 44e8018b-e232-4b82-9d12-5076aa410e35@group-0CB630F518CC->6550183a-8562-43dc-b28b-b6c484dc4935: nextIndex: updateUnconditionally 1 -> 0
2020-04-25 00:52:37,547 [grpc-default-executor-0] WARN  server.GrpcLogAppender (LogUtils.java:warn(122)) - 3cd9ecf8-858f-44dc-b977-29c5822b3976@group-D671BE9EB83E->f6421666-a5d8-4f0d-9ada-e546d5fd97e1-AppendLogResponseHandler: Failed appendEntries: org.apache.ratis.thirdparty.io.grpc.StatusRuntimeException: UNAVAILABLE: io exception
2020-04-25 00:52:37,548 [grpc-default-executor-0] INFO  impl.FollowerInfo (FollowerInfo.java:lambda$new$0(50)) - 3cd9ecf8-858f-44dc-b977-29c5822b3976@group-D671BE9EB83E->f6421666-a5d8-4f0d-9ada-e546d5fd97e1: nextIndex: updateUnconditionally 1 -> 0
2020-04-25 00:52:37,881 [grpc-default-executor-4] WARN  server.GrpcLogAppender (LogUtils.java:warn(122)) - 01d66f6b-871f-49cc-8cf1-f917fde7eb54@group-7B58BB8F67D6->f6421666-a5d8-4f0d-9ada-e546d5fd97e1-AppendLogResponseHandler: Failed appendEntries: org.apache.ratis.thirdparty.io.grpc.StatusRuntimeException: UNAVAILABLE: io exception
2020-04-25 00:52:37,881 [grpc-default-executor-4] INFO  impl.FollowerInfo (FollowerInfo.java:lambda$new$0(50)) - 01d66f6b-871f-49cc-8cf1-f917fde7eb54@group-7B58BB8F67D6->f6421666-a5d8-4f0d-9ada-e546d5fd97e1: nextIndex: updateUnconditionally 1 -> 0
2020-04-25 00:52:38,207 [grpc-default-executor-0] WARN  server.GrpcLogAppender (LogUtils.java:warn(122)) - 44e8018b-e232-4b82-9d12-5076aa410e35@group-4D2F0C4E8244->6550183a-8562-43dc-b28b-b6c484dc4935-AppendLogResponseHandler: Failed appendEntries: org.apache.ratis.thirdparty.io.grpc.StatusRuntimeException: UNAVAILABLE: io exception
2020-04-25 00:52:38,207 [grpc-default-executor-0] INFO  impl.FollowerInfo (FollowerInfo.java:lambda$new$0(50)) - 44e8018b-e232-4b82-9d12-5076aa410e35@group-4D2F0C4E8244->6550183a-8562-43dc-b28b-b6c484dc4935: nextIndex: updateUnconditionally 17 -> 16
2020-04-25 00:52:39,907 [grpc-default-executor-10] WARN  server.GrpcLogAppender (LogUtils.java:warn(122)) - 44e8018b-e232-4b82-9d12-5076aa410e35@group-0CB630F518CC->6550183a-8562-43dc-b28b-b6c484dc4935-AppendLogResponseHandler: Failed appendEntries: org.apache.ratis.thirdparty.io.grpc.StatusRuntimeException: UNAVAILABLE: io exception
2020-04-25 00:52:39,907 [grpc-default-executor-10] INFO  impl.FollowerInfo (FollowerInfo.java:lambda$new$0(50)) - 44e8018b-e232-4b82-9d12-5076aa410e35@group-0CB630F518CC->6550183a-8562-43dc-b28b-b6c484dc4935: nextIndex: updateUnconditionally 1 -> 0
2020-04-25 00:52:39,960 [EventQueue-StaleNodeForStaleNodeHandler] INFO  node.StaleNodeHandler (StaleNodeHandler.java:onMessage(58)) - Datanode f6421666-a5d8-4f0d-9ada-e546d5fd97e1{ip: 172.17.0.2, host: 077b0f5420d0, networkLocation: /default-rack, certSerialId: null} moved to stale state. Finalizing its pipelines [PipelineID=590aa6df-e18f-4cb8-b7c3-d671be9eb83e, PipelineID=e0dec1dd-8ab4-48a2-8ba7-ff9cb1177228, PipelineID=caf77ddf-b422-4109-976a-7b58bb8f67d6]
2020-04-25 00:52:39,960 [EventQueue-StaleNodeForStaleNodeHandler] INFO  pipeline.SCMPipelineManager (SCMPipelineManager.java:finalizeAndDestroyPipeline(397)) - Destroying pipeline:Pipeline[ Id: 590aa6df-e18f-4cb8-b7c3-d671be9eb83e, Nodes: f6421666-a5d8-4f0d-9ada-e546d5fd97e1{ip: 172.17.0.2, host: 077b0f5420d0, networkLocation: /default-rack, certSerialId: null}01d66f6b-871f-49cc-8cf1-f917fde7eb54{ip: 172.17.0.2, host: 077b0f5420d0, networkLocation: /default-rack, certSerialId: null}3cd9ecf8-858f-44dc-b977-29c5822b3976{ip: 172.17.0.2, host: 077b0f5420d0, networkLocation: /default-rack, certSerialId: null}, Type:RATIS, Factor:THREE, State:OPEN, leaderId:3cd9ecf8-858f-44dc-b977-29c5822b3976, CreationTimestamp2020-04-25T00:52:16.957Z]
2020-04-25 00:52:39,960 [EventQueue-StaleNodeForStaleNodeHandler] INFO  pipeline.PipelineStateManager (PipelineStateManager.java:finalizePipeline(120)) - Pipeline Pipeline[ Id: 590aa6df-e18f-4cb8-b7c3-d671be9eb83e, Nodes: f6421666-a5d8-4f0d-9ada-e546d5fd97e1{ip: 172.17.0.2, host: 077b0f5420d0, networkLocation: /default-rack, certSerialId: null}01d66f6b-871f-49cc-8cf1-f917fde7eb54{ip: 172.17.0.2, host: 077b0f5420d0, networkLocation: /default-rack, certSerialId: null}3cd9ecf8-858f-44dc-b977-29c5822b3976{ip: 172.17.0.2, host: 077b0f5420d0, networkLocation: /default-rack, certSerialId: null}, Type:RATIS, Factor:THREE, State:CLOSED, leaderId:3cd9ecf8-858f-44dc-b977-29c5822b3976, CreationTimestamp2020-04-25T00:52:16.957Z] moved to CLOSED state
2020-04-25 00:52:39,960 [EventQueue-StaleNodeForStaleNodeHandler] INFO  pipeline.SCMPipelineManager (SCMPipelineManager.java:finalizeAndDestroyPipeline(397)) - Destroying pipeline:Pipeline[ Id: e0dec1dd-8ab4-48a2-8ba7-ff9cb1177228, Nodes: f6421666-a5d8-4f0d-9ada-e546d5fd97e1{ip: 172.17.0.2, host: 077b0f5420d0, networkLocation: /default-rack, certSerialId: null}, Type:RATIS, Factor:ONE, State:OPEN, leaderId:f6421666-a5d8-4f0d-9ada-e546d5fd97e1, CreationTimestamp2020-04-25T00:52:16.880Z]
2020-04-25 00:52:39,960 [EventQueue-StaleNodeForStaleNodeHandler] INFO  pipeline.PipelineStateManager (PipelineStateManager.java:finalizePipeline(120)) - Pipeline Pipeline[ Id: e0dec1dd-8ab4-48a2-8ba7-ff9cb1177228, Nodes: f6421666-a5d8-4f0d-9ada-e546d5fd97e1{ip: 172.17.0.2, host: 077b0f5420d0, networkLocation: /default-rack, certSerialId: null}, Type:RATIS, Factor:ONE, State:CLOSED, leaderId:f6421666-a5d8-4f0d-9ada-e546d5fd97e1, CreationTimestamp2020-04-25T00:52:16.880Z] moved to CLOSED state
2020-04-25 00:52:39,960 [EventQueue-StaleNodeForStaleNodeHandler] INFO  pipeline.SCMPipelineManager (SCMPipelineManager.java:finalizeAndDestroyPipeline(397)) - Destroying pipeline:Pipeline[ Id: caf77ddf-b422-4109-976a-7b58bb8f67d6, Nodes: f6421666-a5d8-4f0d-9ada-e546d5fd97e1{ip: 172.17.0.2, host: 077b0f5420d0, networkLocation: /default-rack, certSerialId: null}01d66f6b-871f-49cc-8cf1-f917fde7eb54{ip: 172.17.0.2, host: 077b0f5420d0, networkLocation: /default-rack, certSerialId: null}3cd9ecf8-858f-44dc-b977-29c5822b3976{ip: 172.17.0.2, host: 077b0f5420d0, networkLocation: /default-rack, certSerialId: null}, Type:RATIS, Factor:THREE, State:OPEN, leaderId:01d66f6b-871f-49cc-8cf1-f917fde7eb54, CreationTimestamp2020-04-25T00:52:16.957Z]
2020-04-25 00:52:39,960 [EventQueue-StaleNodeForStaleNodeHandler] INFO  pipeline.PipelineStateManager (PipelineStateManager.java:finalizePipeline(120)) - Pipeline Pipeline[ Id: caf77ddf-b422-4109-976a-7b58bb8f67d6, Nodes: f6421666-a5d8-4f0d-9ada-e546d5fd97e1{ip: 172.17.0.2, host: 077b0f5420d0, networkLocation: /default-rack, certSerialId: null}01d66f6b-871f-49cc-8cf1-f917fde7eb54{ip: 172.17.0.2, host: 077b0f5420d0, networkLocation: /default-rack, certSerialId: null}3cd9ecf8-858f-44dc-b977-29c5822b3976{ip: 172.17.0.2, host: 077b0f5420d0, networkLocation: /default-rack, certSerialId: null}, Type:RATIS, Factor:THREE, State:CLOSED, leaderId:01d66f6b-871f-49cc-8cf1-f917fde7eb54, CreationTimestamp2020-04-25T00:52:16.957Z] moved to CLOSED state
2020-04-25 00:52:40,049 [grpc-default-executor-0] WARN  server.GrpcLogAppender (LogUtils.java:warn(122)) - 3cd9ecf8-858f-44dc-b977-29c5822b3976@group-D671BE9EB83E->f6421666-a5d8-4f0d-9ada-e546d5fd97e1-AppendLogResponseHandler: Failed appendEntries: org.apache.ratis.thirdparty.io.grpc.StatusRuntimeException: UNAVAILABLE: io exception
2020-04-25 00:52:40,049 [grpc-default-executor-0] INFO  impl.FollowerInfo (FollowerInfo.java:lambda$new$0(50)) - 3cd9ecf8-858f-44dc-b977-29c5822b3976@group-D671BE9EB83E->f6421666-a5d8-4f0d-9ada-e546d5fd97e1: nextIndex: updateUnconditionally 1 -> 0
2020-04-25 00:52:40,380 [grpc-default-executor-10] WARN  server.GrpcLogAppender (LogUtils.java:warn(122)) - 01d66f6b-871f-49cc-8cf1-f917fde7eb54@group-7B58BB8F67D6->f6421666-a5d8-4f0d-9ada-e546d5fd97e1-AppendLogResponseHandler: Failed appendEntries: org.apache.ratis.thirdparty.io.grpc.StatusRuntimeException: UNAVAILABLE: io exception
2020-04-25 00:52:40,380 [grpc-default-executor-10] INFO  impl.FollowerInfo (FollowerInfo.java:lambda$new$0(50)) - 01d66f6b-871f-49cc-8cf1-f917fde7eb54@group-7B58BB8F67D6->f6421666-a5d8-4f0d-9ada-e546d5fd97e1: nextIndex: updateUnconditionally 1 -> 0
2020-04-25 00:52:40,707 [grpc-default-executor-4] WARN  server.GrpcLogAppender (LogUtils.java:warn(122)) - 44e8018b-e232-4b82-9d12-5076aa410e35@group-4D2F0C4E8244->6550183a-8562-43dc-b28b-b6c484dc4935-AppendLogResponseHandler: Failed appendEntries: org.apache.ratis.thirdparty.io.grpc.StatusRuntimeException: UNAVAILABLE: io exception
2020-04-25 00:52:40,708 [grpc-default-executor-4] INFO  impl.FollowerInfo (FollowerInfo.java:lambda$new$0(50)) - 44e8018b-e232-4b82-9d12-5076aa410e35@group-4D2F0C4E8244->6550183a-8562-43dc-b28b-b6c484dc4935: nextIndex: updateUnconditionally 17 -> 16
2020-04-25 00:52:40,761 [EventQueue-StaleNodeForStaleNodeHandler] INFO  node.StaleNodeHandler (StaleNodeHandler.java:onMessage(58)) - Datanode 6550183a-8562-43dc-b28b-b6c484dc4935{ip: 172.17.0.2, host: 077b0f5420d0, networkLocation: /default-rack, certSerialId: null} moved to stale state. Finalizing its pipelines [PipelineID=ae8a75f2-8a3b-4b14-97e2-4d2f0c4e8244, PipelineID=41ff482e-e34f-47ca-99c8-e8318d214939, PipelineID=6de2b53f-2eb0-4b5a-b9e7-0cb630f518cc]
2020-04-25 00:52:40,761 [EventQueue-StaleNodeForStaleNodeHandler] INFO  pipeline.SCMPipelineManager (SCMPipelineManager.java:finalizeAndDestroyPipeline(397)) - Destroying pipeline:Pipeline[ Id: ae8a75f2-8a3b-4b14-97e2-4d2f0c4e8244, Nodes: 6550183a-8562-43dc-b28b-b6c484dc4935{ip: 172.17.0.2, host: 077b0f5420d0, networkLocation: /default-rack, certSerialId: null}44e8018b-e232-4b82-9d12-5076aa410e35{ip: 172.17.0.2, host: 077b0f5420d0, networkLocation: /default-rack, certSerialId: null}a6f67013-66b6-4a15-861c-57dfff2f433f{ip: 172.17.0.2, host: 077b0f5420d0, networkLocation: /default-rack, certSerialId: null}, Type:RATIS, Factor:THREE, State:OPEN, leaderId:44e8018b-e232-4b82-9d12-5076aa410e35, CreationTimestamp2020-04-25T00:52:16.712Z]
2020-04-25 00:52:40,761 [EventQueue-StaleNodeForStaleNodeHandler] INFO  pipeline.PipelineStateManager (PipelineStateManager.java:finalizePipeline(120)) - Pipeline Pipeline[ Id: ae8a75f2-8a3b-4b14-97e2-4d2f0c4e8244, Nodes: 6550183a-8562-43dc-b28b-b6c484dc4935{ip: 172.17.0.2, host: 077b0f5420d0, networkLocation: /default-rack, certSerialId: null}44e8018b-e232-4b82-9d12-5076aa410e35{ip: 172.17.0.2, host: 077b0f5420d0, networkLocation: /default-rack, certSerialId: null}a6f67013-66b6-4a15-861c-57dfff2f433f{ip: 172.17.0.2, host: 077b0f5420d0, networkLocation: /default-rack, certSerialId: null}, Type:RATIS, Factor:THREE, State:CLOSED, leaderId:44e8018b-e232-4b82-9d12-5076aa410e35, CreationTimestamp2020-04-25T00:52:16.712Z] moved to CLOSED state
2020-04-25 00:52:40,761 [EventQueue-StaleNodeForStaleNodeHandler] INFO  pipeline.SCMPipelineManager (SCMPipelineManager.java:finalizeAndDestroyPipeline(397)) - Destroying pipeline:Pipeline[ Id: 41ff482e-e34f-47ca-99c8-e8318d214939, Nodes: 6550183a-8562-43dc-b28b-b6c484dc4935{ip: 172.17.0.2, host: 077b0f5420d0, networkLocation: /default-rack, certSerialId: null}, Type:RATIS, Factor:ONE, State:OPEN, leaderId:6550183a-8562-43dc-b28b-b6c484dc4935, CreationTimestamp2020-04-25T00:52:16.521Z]
2020-04-25 00:52:40,762 [EventQueue-StaleNodeForStaleNodeHandler] INFO  pipeline.PipelineStateManager (PipelineStateManager.java:finalizePipeline(120)) - Pipeline Pipeline[ Id: 41ff482e-e34f-47ca-99c8-e8318d214939, Nodes: 6550183a-8562-43dc-b28b-b6c484dc4935{ip: 172.17.0.2, host: 077b0f5420d0, networkLocation: /default-rack, certSerialId: null}, Type:RATIS, Factor:ONE, State:CLOSED, leaderId:6550183a-8562-43dc-b28b-b6c484dc4935, CreationTimestamp2020-04-25T00:52:16.521Z] moved to CLOSED state
2020-04-25 00:52:40,762 [EventQueue-StaleNodeForStaleNodeHandler] INFO  pipeline.SCMPipelineManager (SCMPipelineManager.java:finalizeAndDestroyPipeline(397)) - Destroying pipeline:Pipeline[ Id: 6de2b53f-2eb0-4b5a-b9e7-0cb630f518cc, Nodes: 6550183a-8562-43dc-b28b-b6c484dc4935{ip: 172.17.0.2, host: 077b0f5420d0, networkLocation: /default-rack, certSerialId: null}44e8018b-e232-4b82-9d12-5076aa410e35{ip: 172.17.0.2, host: 077b0f5420d0, networkLocation: /default-rack, certSerialId: null}a6f67013-66b6-4a15-861c-57dfff2f433f{ip: 172.17.0.2, host: 077b0f5420d0, networkLocation: /default-rack, certSerialId: null}, Type:RATIS, Factor:THREE, State:OPEN, leaderId:44e8018b-e232-4b82-9d12-5076aa410e35, CreationTimestamp2020-04-25T00:52:16.713Z]
2020-04-25 00:52:40,762 [EventQueue-StaleNodeForStaleNodeHandler] INFO  pipeline.PipelineStateManager (PipelineStateManager.java:finalizePipeline(120)) - Pipeline Pipeline[ Id: 6de2b53f-2eb0-4b5a-b9e7-0cb630f518cc, Nodes: 6550183a-8562-43dc-b28b-b6c484dc4935{ip: 172.17.0.2, host: 077b0f5420d0, networkLocation: /default-rack, certSerialId: null}44e8018b-e232-4b82-9d12-5076aa410e35{ip: 172.17.0.2, host: 077b0f5420d0, networkLocation: /default-rack, certSerialId: null}a6f67013-66b6-4a15-861c-57dfff2f433f{ip: 172.17.0.2, host: 077b0f5420d0, networkLocation: /default-rack, certSerialId: null}, Type:RATIS, Factor:THREE, State:CLOSED, leaderId:44e8018b-e232-4b82-9d12-5076aa410e35, CreationTimestamp2020-04-25T00:52:16.713Z] moved to CLOSED state
2020-04-25 00:52:40,830 [main] INFO  ozoneimpl.OzoneContainer (OzoneContainer.java:stop(246)) - Attempting to stop container services.
2020-04-25 00:52:40,831 [main] INFO  impl.RaftServerProxy (RaftServerProxy.java:lambda$close$4(314)) - 01d66f6b-871f-49cc-8cf1-f917fde7eb54: close
2020-04-25 00:52:40,831 [main] INFO  impl.RaftServerImpl (RaftServerImpl.java:lambda$shutdown$3(249)) - 01d66f6b-871f-49cc-8cf1-f917fde7eb54@group-D671BE9EB83E: shutdown
2020-04-25 00:52:40,831 [main] INFO  util.JmxRegister (JmxRegister.java:unregister(73)) - Successfully un-registered JMX Bean with object name Ratis:service=RaftServer,group=group-D671BE9EB83E,id=01d66f6b-871f-49cc-8cf1-f917fde7eb54
2020-04-25 00:52:40,831 [main] INFO  impl.RoleInfo (RoleInfo.java:shutdownFollowerState(121)) - 01d66f6b-871f-49cc-8cf1-f917fde7eb54: shutdown FollowerState
2020-04-25 00:52:40,831 [main] INFO  impl.StateMachineUpdater (StateMachineUpdater.java:stopAndJoin(139)) - 01d66f6b-871f-49cc-8cf1-f917fde7eb54@group-D671BE9EB83E-StateMachineUpdater: set stopIndex = 0
2020-04-25 00:52:40,832 [Thread-2953] INFO  impl.FollowerState (FollowerState.java:run(117)) - 01d66f6b-871f-49cc-8cf1-f917fde7eb54@group-D671BE9EB83E-FollowerState was interrupted: java.lang.InterruptedException: sleep interrupted
2020-04-25 00:52:40,832 [01d66f6b-871f-49cc-8cf1-f917fde7eb54@group-D671BE9EB83E-StateMachineUpdater] INFO  ratis.ContainerStateMachine (ContainerStateMachine.java:takeSnapshot(288)) - group-D671BE9EB83E: Taking a snapshot at:(t:1, i:0) file /github/workspace/mnt/ozone/hadoop-ozone/integration-test/target/test-dir/MiniOzoneClusterImpl-fac2b43d-d0f4-41bd-8b0e-0750bdad7e42/datanode-3/data/ratis/590aa6df-e18f-4cb8-b7c3-d671be9eb83e/sm/snapshot.1_0
2020-04-25 00:52:40,833 [01d66f6b-871f-49cc-8cf1-f917fde7eb54@group-D671BE9EB83E-StateMachineUpdater] INFO  ratis.ContainerStateMachine (ContainerStateMachine.java:takeSnapshot(299)) - group-D671BE9EB83E: Finished taking a snapshot at:(t:1, i:0) file:/github/workspace/mnt/ozone/hadoop-ozone/integration-test/target/test-dir/MiniOzoneClusterImpl-fac2b43d-d0f4-41bd-8b0e-0750bdad7e42/datanode-3/data/ratis/590aa6df-e18f-4cb8-b7c3-d671be9eb83e/sm/snapshot.1_0 time:1
2020-04-25 00:52:40,833 [01d66f6b-871f-49cc-8cf1-f917fde7eb54@group-D671BE9EB83E-StateMachineUpdater] INFO  impl.StateMachineUpdater (StateMachineUpdater.java:takeSnapshot(274)) - 01d66f6b-871f-49cc-8cf1-f917fde7eb54@group-D671BE9EB83E-StateMachineUpdater: Took a snapshot at index 0
2020-04-25 00:52:40,833 [01d66f6b-871f-49cc-8cf1-f917fde7eb54@group-D671BE9EB83E-StateMachineUpdater] INFO  impl.StateMachineUpdater (StateMachineUpdater.java:lambda$new$0(86)) - 01d66f6b-871f-49cc-8cf1-f917fde7eb54@group-D671BE9EB83E-StateMachineUpdater: snapshotIndex: updateIncreasingly -1 -> 0
2020-04-25 00:52:40,834 [01d66f6b-871f-49cc-8cf1-f917fde7eb54@group-D671BE9EB83E-StateMachineUpdater] INFO  metrics.RatisMetrics (RatisMetrics.java:unregister(46)) - Unregistering Metrics Registry : ratis.state_machine.01d66f6b-871f-49cc-8cf1-f917fde7eb54@group-D671BE9EB83E
2020-04-25 00:52:40,834 [main] INFO  impl.RaftServerImpl (ServerState.java:close(387)) - 01d66f6b-871f-49cc-8cf1-f917fde7eb54@group-D671BE9EB83E: closes. applyIndex: 0
2020-04-25 00:52:40,835 [01d66f6b-871f-49cc-8cf1-f917fde7eb54@group-D671BE9EB83E-SegmentedRaftLogWorker] INFO  segmented.SegmentedRaftLogWorker (SegmentedRaftLogWorker.java:run(321)) - 01d66f6b-871f-49cc-8cf1-f917fde7eb54@group-D671BE9EB83E-SegmentedRaftLogWorker was interrupted, exiting. There are 0 tasks remaining in the queue.
2020-04-25 00:52:40,835 [main] INFO  segmented.SegmentedRaftLogWorker (SegmentedRaftLogWorker.java:close(229)) - 01d66f6b-871f-49cc-8cf1-f917fde7eb54@group-D671BE9EB83E-SegmentedRaftLogWorker close()
2020-04-25 00:52:40,836 [main] INFO  metrics.RatisMetrics (RatisMetrics.java:unregister(46)) - Unregistering Metrics Registry : ratis.log_worker.01d66f6b-871f-49cc-8cf1-f917fde7eb54
2020-04-25 00:52:40,837 [main] INFO  metrics.RatisMetrics (RatisMetrics.java:unregister(46)) - Unregistering Metrics Registry : ratis.leader_election.01d66f6b-871f-49cc-8cf1-f917fde7eb54@group-D671BE9EB83E
2020-04-25 00:52:40,837 [main] INFO  metrics.RatisMetrics (RatisMetrics.java:unregister(46)) - Unregistering Metrics Registry : ratis.server.01d66f6b-871f-49cc-8cf1-f917fde7eb54@group-D671BE9EB83E
2020-04-25 00:52:40,837 [main] INFO  impl.RaftServerImpl (RaftServerImpl.java:lambda$shutdown$3(249)) - 01d66f6b-871f-49cc-8cf1-f917fde7eb54@group-7B58BB8F67D6: shutdown
2020-04-25 00:52:40,837 [main] INFO  util.JmxRegister (JmxRegister.java:unregister(73)) - Successfully un-registered JMX Bean with object name Ratis:service=RaftServer,group=group-7B58BB8F67D6,id=01d66f6b-871f-49cc-8cf1-f917fde7eb54
2020-04-25 00:52:40,837 [main] INFO  impl.RoleInfo (RoleInfo.java:shutdownLeaderState(104)) - 01d66f6b-871f-49cc-8cf1-f917fde7eb54: shutdown LeaderState
2020-04-25 00:52:40,838 [org.apache.ratis.server.impl.LogAppender$AppenderDaemon$$Lambda$440/1185594983@6dba15cc] WARN  server.GrpcLogAppender (GrpcLogAppender.java:mayWait(153)) - 01d66f6b-871f-49cc-8cf1-f917fde7eb54@group-7B58BB8F67D6->f6421666-a5d8-4f0d-9ada-e546d5fd97e1-GrpcLogAppender: Wait interrupted by java.lang.InterruptedException
2020-04-25 00:52:40,839 [org.apache.ratis.server.impl.LogAppender$AppenderDaemon$$Lambda$440/1185594983@5d58c039] WARN  server.GrpcLogAppender (GrpcLogAppender.java:mayWait(153)) - 01d66f6b-871f-49cc-8cf1-f917fde7eb54@group-7B58BB8F67D6->3cd9ecf8-858f-44dc-b977-29c5822b3976-GrpcLogAppender: Wait interrupted by java.lang.InterruptedException
2020-04-25 00:52:40,839 [main] INFO  impl.PendingRequests (PendingRequests.java:sendNotLeaderResponses(240)) - 01d66f6b-871f-49cc-8cf1-f917fde7eb54@group-7B58BB8F67D6-PendingRequests: sendNotLeaderResponses
2020-04-25 00:52:40,839 [main] INFO  metrics.RatisMetrics (RatisMetrics.java:unregister(46)) - Unregistering Metrics Registry : ratis.log_appender.01d66f6b-871f-49cc-8cf1-f917fde7eb54@group-7B58BB8F67D6
2020-04-25 00:52:40,839 [grpc-default-executor-4] INFO  server.GrpcServerProtocolService (GrpcServerProtocolService.java:onCompleted(137)) - 3cd9ecf8-858f-44dc-b977-29c5822b3976: Completed APPEND_ENTRIES, lastRequest: 01d66f6b-871f-49cc-8cf1-f917fde7eb54->3cd9ecf8-858f-44dc-b977-29c5822b3976#1-t2, previous=(t:0, i:0), leaderCommit=0, initializing? false, entries: size=1, first=(t:2, i:0), CONFIGURATIONENTRY
2020-04-25 00:52:40,840 [01d66f6b-871f-49cc-8cf1-f917fde7eb54@group-7B58BB8F67D6-StateMachineUpdater] INFO  ratis.ContainerStateMachine (ContainerStateMachine.java:takeSnapshot(288)) - group-7B58BB8F67D6: Taking a snapshot at:(t:2, i:0) file /github/workspace/mnt/ozone/hadoop-ozone/integration-test/target/test-dir/MiniOzoneClusterImpl-fac2b43d-d0f4-41bd-8b0e-0750bdad7e42/datanode-3/data/ratis/caf77ddf-b422-4109-976a-7b58bb8f67d6/sm/snapshot.2_0
2020-04-25 00:52:40,840 [main] INFO  impl.StateMachineUpdater (StateMachineUpdater.java:stopAndJoin(139)) - 01d66f6b-871f-49cc-8cf1-f917fde7eb54@group-7B58BB8F67D6-StateMachineUpdater: set stopIndex = 0
2020-04-25 00:52:40,840 [grpc-default-executor-4] INFO  server.GrpcLogAppender (GrpcLogAppender.java:onCompleted(309)) - 01d66f6b-871f-49cc-8cf1-f917fde7eb54@group-7B58BB8F67D6->3cd9ecf8-858f-44dc-b977-29c5822b3976-AppendLogResponseHandler: follower responses appendEntries COMPLETED
2020-04-25 00:52:40,840 [01d66f6b-871f-49cc-8cf1-f917fde7eb54@group-7B58BB8F67D6-StateMachineUpdater] INFO  ratis.ContainerStateMachine (ContainerStateMachine.java:takeSnapshot(299)) - group-7B58BB8F67D6: Finished taking a snapshot at:(t:2, i:0) file:/github/workspace/mnt/ozone/hadoop-ozone/integration-test/target/test-dir/MiniOzoneClusterImpl-fac2b43d-d0f4-41bd-8b0e-0750bdad7e42/datanode-3/data/ratis/caf77ddf-b422-4109-976a-7b58bb8f67d6/sm/snapshot.2_0 time:0
2020-04-25 00:52:40,841 [01d66f6b-871f-49cc-8cf1-f917fde7eb54@group-7B58BB8F67D6-StateMachineUpdater] INFO  impl.StateMachineUpdater (StateMachineUpdater.java:takeSnapshot(274)) - 01d66f6b-871f-49cc-8cf1-f917fde7eb54@group-7B58BB8F67D6-StateMachineUpdater: Took a snapshot at index 0
2020-04-25 00:52:40,841 [01d66f6b-871f-49cc-8cf1-f917fde7eb54@group-7B58BB8F67D6-StateMachineUpdater] INFO  impl.StateMachineUpdater (StateMachineUpdater.java:lambda$new$0(86)) - 01d66f6b-871f-49cc-8cf1-f917fde7eb54@group-7B58BB8F67D6-StateMachineUpdater: snapshotIndex: updateIncreasingly -1 -> 0
2020-04-25 00:52:40,841 [01d66f6b-871f-49cc-8cf1-f917fde7eb54@group-7B58BB8F67D6-StateMachineUpdater] INFO  metrics.RatisMetrics (RatisMetrics.java:unregister(46)) - Unregistering Metrics Registry : ratis.state_machine.01d66f6b-871f-49cc-8cf1-f917fde7eb54@group-7B58BB8F67D6
2020-04-25 00:52:40,841 [main] INFO  impl.RaftServerImpl (ServerState.java:close(387)) - 01d66f6b-871f-49cc-8cf1-f917fde7eb54@group-7B58BB8F67D6: closes. applyIndex: 0
2020-04-25 00:52:40,841 [grpc-default-executor-4] INFO  impl.FollowerInfo (FollowerInfo.java:lambda$new$0(50)) - 01d66f6b-871f-49cc-8cf1-f917fde7eb54@group-7B58BB8F67D6->3cd9ecf8-858f-44dc-b977-29c5822b3976: nextIndex: updateUnconditionally 1 -> 0
2020-04-25 00:52:40,841 [01d66f6b-871f-49cc-8cf1-f917fde7eb54@group-7B58BB8F67D6-SegmentedRaftLogWorker] INFO  segmented.SegmentedRaftLogWorker (SegmentedRaftLogWorker.java:run(321)) - 01d66f6b-871f-49cc-8cf1-f917fde7eb54@group-7B58BB8F67D6-SegmentedRaftLogWorker was interrupted, exiting. There are 0 tasks remaining in the queue.
2020-04-25 00:52:40,842 [main] INFO  segmented.SegmentedRaftLogWorker (SegmentedRaftLogWorker.java:close(229)) - 01d66f6b-871f-49cc-8cf1-f917fde7eb54@group-7B58BB8F67D6-SegmentedRaftLogWorker close()
2020-04-25 00:52:40,843 [main] INFO  metrics.RatisMetrics (RatisMetrics.java:unregister(46)) - Unregistering Metrics Registry : ratis.log_worker.01d66f6b-871f-49cc-8cf1-f917fde7eb54
2020-04-25 00:52:40,843 [main] INFO  metrics.RatisMetrics (RatisMetrics.java:unregister(46)) - Unregistering Metrics Registry : ratis.leader_election.01d66f6b-871f-49cc-8cf1-f917fde7eb54@group-7B58BB8F67D6
2020-04-25 00:52:40,843 [main] INFO  metrics.RatisMetrics (RatisMetrics.java:unregister(46)) - Unregistering Metrics Registry : ratis.server.01d66f6b-871f-49cc-8cf1-f917fde7eb54@group-7B58BB8F67D6
2020-04-25 00:52:40,844 [main] INFO  impl.RaftServerImpl (RaftServerImpl.java:lambda$shutdown$3(249)) - 01d66f6b-871f-49cc-8cf1-f917fde7eb54@group-908272680366: shutdown
2020-04-25 00:52:40,844 [main] INFO  util.JmxRegister (JmxRegister.java:unregister(73)) - Successfully un-registered JMX Bean with object name Ratis:service=RaftServer,group=group-908272680366,id=01d66f6b-871f-49cc-8cf1-f917fde7eb54
2020-04-25 00:52:40,844 [main] INFO  impl.RoleInfo (RoleInfo.java:shutdownLeaderState(104)) - 01d66f6b-871f-49cc-8cf1-f917fde7eb54: shutdown LeaderState
2020-04-25 00:52:40,844 [main] INFO  impl.PendingRequests (PendingRequests.java:sendNotLeaderResponses(240)) - 01d66f6b-871f-49cc-8cf1-f917fde7eb54@group-908272680366-PendingRequests: sendNotLeaderResponses
2020-04-25 00:52:40,844 [main] INFO  metrics.RatisMetrics (RatisMetrics.java:unregister(46)) - Unregistering Metrics Registry : ratis.log_appender.01d66f6b-871f-49cc-8cf1-f917fde7eb54@group-908272680366
2020-04-25 00:52:40,845 [main] INFO  impl.StateMachineUpdater (StateMachineUpdater.java:stopAndJoin(139)) - 01d66f6b-871f-49cc-8cf1-f917fde7eb54@group-908272680366-StateMachineUpdater: set stopIndex = 0
2020-04-25 00:52:40,845 [01d66f6b-871f-49cc-8cf1-f917fde7eb54@group-908272680366-StateMachineUpdater] INFO  ratis.ContainerStateMachine (ContainerStateMachine.java:takeSnapshot(288)) - group-908272680366: Taking a snapshot at:(t:1, i:0) file /github/workspace/mnt/ozone/hadoop-ozone/integration-test/target/test-dir/MiniOzoneClusterImpl-fac2b43d-d0f4-41bd-8b0e-0750bdad7e42/datanode-3/data/ratis/f840679d-0768-4efd-8269-908272680366/sm/snapshot.1_0
2020-04-25 00:52:40,846 [01d66f6b-871f-49cc-8cf1-f917fde7eb54@group-908272680366-StateMachineUpdater] INFO  ratis.ContainerStateMachine (ContainerStateMachine.java:takeSnapshot(299)) - group-908272680366: Finished taking a snapshot at:(t:1, i:0) file:/github/workspace/mnt/ozone/hadoop-ozone/integration-test/target/test-dir/MiniOzoneClusterImpl-fac2b43d-d0f4-41bd-8b0e-0750bdad7e42/datanode-3/data/ratis/f840679d-0768-4efd-8269-908272680366/sm/snapshot.1_0 time:1
2020-04-25 00:52:40,846 [01d66f6b-871f-49cc-8cf1-f917fde7eb54@group-908272680366-StateMachineUpdater] INFO  impl.StateMachineUpdater (StateMachineUpdater.java:takeSnapshot(274)) - 01d66f6b-871f-49cc-8cf1-f917fde7eb54@group-908272680366-StateMachineUpdater: Took a snapshot at index 0
2020-04-25 00:52:40,846 [01d66f6b-871f-49cc-8cf1-f917fde7eb54@group-908272680366-StateMachineUpdater] INFO  impl.StateMachineUpdater (StateMachineUpdater.java:lambda$new$0(86)) - 01d66f6b-871f-49cc-8cf1-f917fde7eb54@group-908272680366-StateMachineUpdater: snapshotIndex: updateIncreasingly -1 -> 0
2020-04-25 00:52:40,846 [01d66f6b-871f-49cc-8cf1-f917fde7eb54@group-908272680366-StateMachineUpdater] INFO  metrics.RatisMetrics (RatisMetrics.java:unregister(46)) - Unregistering Metrics Registry : ratis.state_machine.01d66f6b-871f-49cc-8cf1-f917fde7eb54@group-908272680366
2020-04-25 00:52:40,846 [main] INFO  impl.RaftServerImpl (ServerState.java:close(387)) - 01d66f6b-871f-49cc-8cf1-f917fde7eb54@group-908272680366: closes. applyIndex: 0
2020-04-25 00:52:40,846 [01d66f6b-871f-49cc-8cf1-f917fde7eb54@group-908272680366-SegmentedRaftLogWorker] INFO  segmented.SegmentedRaftLogWorker (SegmentedRaftLogWorker.java:run(321)) - 01d66f6b-871f-49cc-8cf1-f917fde7eb54@group-908272680366-SegmentedRaftLogWorker was interrupted, exiting. There are 0 tasks remaining in the queue.
2020-04-25 00:52:40,847 [main] INFO  segmented.SegmentedRaftLogWorker (SegmentedRaftLogWorker.java:close(229)) - 01d66f6b-871f-49cc-8cf1-f917fde7eb54@group-908272680366-SegmentedRaftLogWorker close()
2020-04-25 00:52:40,847 [ForkJoinPool.commonPool-worker-1] INFO  ozoneimpl.OzoneContainer (OzoneContainer.java:stop(246)) - Attempting to stop container services.
2020-04-25 00:52:40,848 [ForkJoinPool.commonPool-worker-1] INFO  impl.RaftServerProxy (RaftServerProxy.java:lambda$close$4(314)) - a6f67013-66b6-4a15-861c-57dfff2f433f: close
2020-04-25 00:52:40,848 [ForkJoinPool.commonPool-worker-1] INFO  impl.RaftServerImpl (RaftServerImpl.java:lambda$shutdown$3(249)) - a6f67013-66b6-4a15-861c-57dfff2f433f@group-4D2F0C4E8244: shutdown
2020-04-25 00:52:40,849 [ForkJoinPool.commonPool-worker-1] INFO  util.JmxRegister (JmxRegister.java:unregister(73)) - Successfully un-registered JMX Bean with object name Ratis:service=RaftServer,group=group-4D2F0C4E8244,id=a6f67013-66b6-4a15-861c-57dfff2f433f
2020-04-25 00:52:40,849 [ForkJoinPool.commonPool-worker-1] INFO  impl.RoleInfo (RoleInfo.java:shutdownFollowerState(121)) - a6f67013-66b6-4a15-861c-57dfff2f433f: shutdown FollowerState
2020-04-25 00:52:40,849 [ForkJoinPool.commonPool-worker-1] INFO  impl.StateMachineUpdater (StateMachineUpdater.java:stopAndJoin(139)) - a6f67013-66b6-4a15-861c-57dfff2f433f@group-4D2F0C4E8244-StateMachineUpdater: set stopIndex = 16
2020-04-25 00:52:40,849 [Thread-2997] INFO  impl.FollowerState (FollowerState.java:run(117)) - a6f67013-66b6-4a15-861c-57dfff2f433f@group-4D2F0C4E8244-FollowerState was interrupted: java.lang.InterruptedException: sleep interrupted
2020-04-25 00:52:40,849 [a6f67013-66b6-4a15-861c-57dfff2f433f@group-4D2F0C4E8244-StateMachineUpdater] INFO  ratis.ContainerStateMachine (ContainerStateMachine.java:takeSnapshot(288)) - group-4D2F0C4E8244: Taking a snapshot at:(t:3, i:16) file /github/workspace/mnt/ozone/hadoop-ozone/integration-test/target/test-dir/MiniOzoneClusterImpl-fac2b43d-d0f4-41bd-8b0e-0750bdad7e42/datanode-2/data/ratis/ae8a75f2-8a3b-4b14-97e2-4d2f0c4e8244/sm/snapshot.3_16
2020-04-25 00:52:40,851 [main] INFO  metrics.RatisMetrics (RatisMetrics.java:unregister(46)) - Unregistering Metrics Registry : ratis.log_worker.01d66f6b-871f-49cc-8cf1-f917fde7eb54
2020-04-25 00:52:40,851 [main] INFO  metrics.RatisMetrics (RatisMetrics.java:unregister(46)) - Unregistering Metrics Registry : ratis.leader_election.01d66f6b-871f-49cc-8cf1-f917fde7eb54@group-908272680366
2020-04-25 00:52:40,851 [a6f67013-66b6-4a15-861c-57dfff2f433f@group-4D2F0C4E8244-StateMachineUpdater] INFO  ratis.ContainerStateMachine (ContainerStateMachine.java:takeSnapshot(299)) - group-4D2F0C4E8244: Finished taking a snapshot at:(t:3, i:16) file:/github/workspace/mnt/ozone/hadoop-ozone/integration-test/target/test-dir/MiniOzoneClusterImpl-fac2b43d-d0f4-41bd-8b0e-0750bdad7e42/datanode-2/data/ratis/ae8a75f2-8a3b-4b14-97e2-4d2f0c4e8244/sm/snapshot.3_16 time:2
2020-04-25 00:52:40,851 [main] INFO  metrics.RatisMetrics (RatisMetrics.java:unregister(46)) - Unregistering Metrics Registry : ratis.server.01d66f6b-871f-49cc-8cf1-f917fde7eb54@group-908272680366
2020-04-25 00:52:40,851 [a6f67013-66b6-4a15-861c-57dfff2f433f@group-4D2F0C4E8244-StateMachineUpdater] INFO  impl.StateMachineUpdater (StateMachineUpdater.java:takeSnapshot(274)) - a6f67013-66b6-4a15-861c-57dfff2f433f@group-4D2F0C4E8244-StateMachineUpdater: Took a snapshot at index 16
2020-04-25 00:52:40,852 [a6f67013-66b6-4a15-861c-57dfff2f433f@group-4D2F0C4E8244-StateMachineUpdater] INFO  impl.StateMachineUpdater (StateMachineUpdater.java:lambda$new$0(86)) - a6f67013-66b6-4a15-861c-57dfff2f433f@group-4D2F0C4E8244-StateMachineUpdater: snapshotIndex: updateIncreasingly -1 -> 16
2020-04-25 00:52:40,852 [main] INFO  server.GrpcService (GrpcService.java:closeImpl(165)) - 01d66f6b-871f-49cc-8cf1-f917fde7eb54: shutdown server with port 36377 now
2020-04-25 00:52:40,852 [a6f67013-66b6-4a15-861c-57dfff2f433f@group-4D2F0C4E8244-StateMachineUpdater] INFO  metrics.RatisMetrics (RatisMetrics.java:unregister(46)) - Unregistering Metrics Registry : ratis.state_machine.a6f67013-66b6-4a15-861c-57dfff2f433f@group-4D2F0C4E8244
2020-04-25 00:52:40,852 [ForkJoinPool.commonPool-worker-1] INFO  impl.RaftServerImpl (ServerState.java:close(387)) - a6f67013-66b6-4a15-861c-57dfff2f433f@group-4D2F0C4E8244: closes. applyIndex: 16
2020-04-25 00:52:40,852 [a6f67013-66b6-4a15-861c-57dfff2f433f@group-4D2F0C4E8244-SegmentedRaftLogWorker] INFO  segmented.SegmentedRaftLogWorker (SegmentedRaftLogWorker.java:run(321)) - a6f67013-66b6-4a15-861c-57dfff2f433f@group-4D2F0C4E8244-SegmentedRaftLogWorker was interrupted, exiting. There are 0 tasks remaining in the queue.
2020-04-25 00:52:40,854 [grpc-nio-worker-ELG-3-2] WARN  nio.NioEventLoop (NioEventLoop.java:selectRebuildSelector(865)) - Selector.select() returned prematurely 512 times in a row; rebuilding Selector org.apache.ratis.thirdparty.io.netty.channel.nio.SelectedSelectionKeySetSelector@56fa4aba.
2020-04-25 00:52:40,854 [main] INFO  server.GrpcService (GrpcService.java:closeImpl(173)) - 01d66f6b-871f-49cc-8cf1-f917fde7eb54: shutdown server with port 36377 successfully
2020-04-25 00:52:40,854 [grpc-nio-worker-ELG-3-2] INFO  nio.NioEventLoop (NioEventLoop.java:rebuildSelector0(437)) - Migrated 2 channel(s) to the new Selector.
2020-04-25 00:52:40,855 [grpc-default-executor-10] WARN  server.GrpcLogAppender (LogUtils.java:warn(122)) - 3cd9ecf8-858f-44dc-b977-29c5822b3976@group-D671BE9EB83E->01d66f6b-871f-49cc-8cf1-f917fde7eb54-AppendLogResponseHandler: Failed appendEntries: org.apache.ratis.thirdparty.io.grpc.StatusRuntimeException: CANCELLED: HTTP/2 error code: CANCEL
Received Rst Stream
2020-04-25 00:52:40,855 [grpc-default-executor-0] WARN  server.GrpcServerProtocolService (LogUtils.java:warn(122)) - 01d66f6b-871f-49cc-8cf1-f917fde7eb54: installSnapshot onError, lastRequest: 3cd9ecf8-858f-44dc-b977-29c5822b3976->01d66f6b-871f-49cc-8cf1-f917fde7eb54#1-t1, previous=(t:0, i:0), leaderCommit=0, initializing? false, entries: size=1, first=(t:1, i:0), CONFIGURATIONENTRY: org.apache.ratis.thirdparty.io.grpc.StatusRuntimeException: CANCELLED: cancelled before receiving half close
2020-04-25 00:52:40,858 [grpc-default-executor-10] INFO  impl.FollowerInfo (FollowerInfo.java:lambda$new$0(50)) - 3cd9ecf8-858f-44dc-b977-29c5822b3976@group-D671BE9EB83E->01d66f6b-871f-49cc-8cf1-f917fde7eb54: nextIndex: updateUnconditionally 1 -> 0
2020-04-25 00:52:40,871 [ForkJoinPool.commonPool-worker-1] INFO  segmented.SegmentedRaftLogWorker (SegmentedRaftLogWorker.java:close(229)) - a6f67013-66b6-4a15-861c-57dfff2f433f@group-4D2F0C4E8244-SegmentedRaftLogWorker close()
2020-04-25 00:52:40,878 [ForkJoinPool.commonPool-worker-1] INFO  metrics.RatisMetrics (RatisMetrics.java:unregister(46)) - Unregistering Metrics Registry : ratis.log_worker.a6f67013-66b6-4a15-861c-57dfff2f433f
2020-04-25 00:52:40,878 [ForkJoinPool.commonPool-worker-1] INFO  metrics.RatisMetrics (RatisMetrics.java:unregister(46)) - Unregistering Metrics Registry : ratis.leader_election.a6f67013-66b6-4a15-861c-57dfff2f433f@group-4D2F0C4E8244
2020-04-25 00:52:40,878 [ForkJoinPool.commonPool-worker-1] INFO  metrics.RatisMetrics (RatisMetrics.java:unregister(46)) - Unregistering Metrics Registry : ratis.server.a6f67013-66b6-4a15-861c-57dfff2f433f@group-4D2F0C4E8244
2020-04-25 00:52:40,878 [ForkJoinPool.commonPool-worker-1] INFO  impl.RaftServerImpl (RaftServerImpl.java:lambda$shutdown$3(249)) - a6f67013-66b6-4a15-861c-57dfff2f433f@group-3D657C2857E7: shutdown
2020-04-25 00:52:40,878 [ForkJoinPool.commonPool-worker-1] INFO  util.JmxRegister (JmxRegister.java:unregister(73)) - Successfully un-registered JMX Bean with object name Ratis:service=RaftServer,group=group-3D657C2857E7,id=a6f67013-66b6-4a15-861c-57dfff2f433f
2020-04-25 00:52:40,878 [ForkJoinPool.commonPool-worker-1] INFO  impl.RoleInfo (RoleInfo.java:shutdownLeaderState(104)) - a6f67013-66b6-4a15-861c-57dfff2f433f: shutdown LeaderState
2020-04-25 00:52:40,879 [ForkJoinPool.commonPool-worker-1] INFO  impl.PendingRequests (PendingRequests.java:sendNotLeaderResponses(240)) - a6f67013-66b6-4a15-861c-57dfff2f433f@group-3D657C2857E7-PendingRequests: sendNotLeaderResponses
2020-04-25 00:52:40,879 [ForkJoinPool.commonPool-worker-1] INFO  metrics.RatisMetrics (RatisMetrics.java:unregister(46)) - Unregistering Metrics Registry : ratis.log_appender.a6f67013-66b6-4a15-861c-57dfff2f433f@group-3D657C2857E7
2020-04-25 00:52:40,879 [ForkJoinPool.commonPool-worker-1] INFO  impl.StateMachineUpdater (StateMachineUpdater.java:stopAndJoin(139)) - a6f67013-66b6-4a15-861c-57dfff2f433f@group-3D657C2857E7-StateMachineUpdater: set stopIndex = 0
2020-04-25 00:52:40,880 [a6f67013-66b6-4a15-861c-57dfff2f433f@group-3D657C2857E7-StateMachineUpdater] INFO  ratis.ContainerStateMachine (ContainerStateMachine.java:takeSnapshot(288)) - group-3D657C2857E7: Taking a snapshot at:(t:1, i:0) file /github/workspace/mnt/ozone/hadoop-ozone/integration-test/target/test-dir/MiniOzoneClusterImpl-fac2b43d-d0f4-41bd-8b0e-0750bdad7e42/datanode-2/data/ratis/3d3a18c4-d1d8-4d46-9959-3d657c2857e7/sm/snapshot.1_0
2020-04-25 00:52:40,881 [a6f67013-66b6-4a15-861c-57dfff2f433f@group-3D657C2857E7-StateMachineUpdater] INFO  ratis.ContainerStateMachine (ContainerStateMachine.java:takeSnapshot(299)) - group-3D657C2857E7: Finished taking a snapshot at:(t:1, i:0) file:/github/workspace/mnt/ozone/hadoop-ozone/integration-test/target/test-dir/MiniOzoneClusterImpl-fac2b43d-d0f4-41bd-8b0e-0750bdad7e42/datanode-2/data/ratis/3d3a18c4-d1d8-4d46-9959-3d657c2857e7/sm/snapshot.1_0 time:1
2020-04-25 00:52:40,881 [a6f67013-66b6-4a15-861c-57dfff2f433f@group-3D657C2857E7-StateMachineUpdater] INFO  impl.StateMachineUpdater (StateMachineUpdater.java:takeSnapshot(274)) - a6f67013-66b6-4a15-861c-57dfff2f433f@group-3D657C2857E7-StateMachineUpdater: Took a snapshot at index 0
2020-04-25 00:52:40,881 [a6f67013-66b6-4a15-861c-57dfff2f433f@group-3D657C2857E7-StateMachineUpdater] INFO  impl.StateMachineUpdater (StateMachineUpdater.java:lambda$new$0(86)) - a6f67013-66b6-4a15-861c-57dfff2f433f@group-3D657C2857E7-StateMachineUpdater: snapshotIndex: updateIncreasingly -1 -> 0
2020-04-25 00:52:40,881 [a6f67013-66b6-4a15-861c-57dfff2f433f@group-3D657C2857E7-StateMachineUpdater] INFO  metrics.RatisMetrics (RatisMetrics.java:unregister(46)) - Unregistering Metrics Registry : ratis.state_machine.a6f67013-66b6-4a15-861c-57dfff2f433f@group-3D657C2857E7
2020-04-25 00:52:40,881 [ForkJoinPool.commonPool-worker-1] INFO  impl.RaftServerImpl (ServerState.java:close(387)) - a6f67013-66b6-4a15-861c-57dfff2f433f@group-3D657C2857E7: closes. applyIndex: 0
2020-04-25 00:52:40,883 [a6f67013-66b6-4a15-861c-57dfff2f433f@group-3D657C2857E7-SegmentedRaftLogWorker] INFO  segmented.SegmentedRaftLogWorker (SegmentedRaftLogWorker.java:run(321)) - a6f67013-66b6-4a15-861c-57dfff2f433f@group-3D657C2857E7-SegmentedRaftLogWorker was interrupted, exiting. There are 0 tasks remaining in the queue.
2020-04-25 00:52:40,883 [ForkJoinPool.commonPool-worker-1] INFO  segmented.SegmentedRaftLogWorker (SegmentedRaftLogWorker.java:close(229)) - a6f67013-66b6-4a15-861c-57dfff2f433f@group-3D657C2857E7-SegmentedRaftLogWorker close()
2020-04-25 00:52:40,891 [ForkJoinPool.commonPool-worker-1] INFO  metrics.RatisMetrics (RatisMetrics.java:unregister(46)) - Unregistering Metrics Registry : ratis.log_worker.a6f67013-66b6-4a15-861c-57dfff2f433f
2020-04-25 00:52:40,892 [ForkJoinPool.commonPool-worker-1] INFO  metrics.RatisMetrics (RatisMetrics.java:unregister(46)) - Unregistering Metrics Registry : ratis.leader_election.a6f67013-66b6-4a15-861c-57dfff2f433f@group-3D657C2857E7
2020-04-25 00:52:40,892 [ForkJoinPool.commonPool-worker-1] INFO  metrics.RatisMetrics (RatisMetrics.java:unregister(46)) - Unregistering Metrics Registry : ratis.server.a6f67013-66b6-4a15-861c-57dfff2f433f@group-3D657C2857E7
2020-04-25 00:52:40,892 [ForkJoinPool.commonPool-worker-1] INFO  impl.RaftServerImpl (RaftServerImpl.java:lambda$shutdown$3(249)) - a6f67013-66b6-4a15-861c-57dfff2f433f@group-0CB630F518CC: shutdown
2020-04-25 00:52:40,892 [ForkJoinPool.commonPool-worker-1] INFO  util.JmxRegister (JmxRegister.java:unregister(73)) - Successfully un-registered JMX Bean with object name Ratis:service=RaftServer,group=group-0CB630F518CC,id=a6f67013-66b6-4a15-861c-57dfff2f433f
2020-04-25 00:52:40,892 [ForkJoinPool.commonPool-worker-1] INFO  impl.RoleInfo (RoleInfo.java:shutdownFollowerState(121)) - a6f67013-66b6-4a15-861c-57dfff2f433f: shutdown FollowerState
2020-04-25 00:52:40,893 [ForkJoinPool.commonPool-worker-1] INFO  impl.StateMachineUpdater (StateMachineUpdater.java:stopAndJoin(139)) - a6f67013-66b6-4a15-861c-57dfff2f433f@group-0CB630F518CC-StateMachineUpdater: set stopIndex = 0
2020-04-25 00:52:40,893 [a6f67013-66b6-4a15-861c-57dfff2f433f@group-0CB630F518CC-StateMachineUpdater] INFO  ratis.ContainerStateMachine (ContainerStateMachine.java:takeSnapshot(288)) - group-0CB630F518CC: Taking a snapshot at:(t:3, i:0) file /github/workspace/mnt/ozone/hadoop-ozone/integration-test/target/test-dir/MiniOzoneClusterImpl-fac2b43d-d0f4-41bd-8b0e-0750bdad7e42/datanode-2/data/ratis/6de2b53f-2eb0-4b5a-b9e7-0cb630f518cc/sm/snapshot.3_0
2020-04-25 00:52:40,894 [a6f67013-66b6-4a15-861c-57dfff2f433f@group-0CB630F518CC-StateMachineUpdater] INFO  ratis.ContainerStateMachine (ContainerStateMachine.java:takeSnapshot(299)) - group-0CB630F518CC: Finished taking a snapshot at:(t:3, i:0) file:/github/workspace/mnt/ozone/hadoop-ozone/integration-test/target/test-dir/MiniOzoneClusterImpl-fac2b43d-d0f4-41bd-8b0e-0750bdad7e42/datanode-2/data/ratis/6de2b53f-2eb0-4b5a-b9e7-0cb630f518cc/sm/snapshot.3_0 time:1
2020-04-25 00:52:40,894 [a6f67013-66b6-4a15-861c-57dfff2f433f@group-0CB630F518CC-StateMachineUpdater] INFO  impl.StateMachineUpdater (StateMachineUpdater.java:takeSnapshot(274)) - a6f67013-66b6-4a15-861c-57dfff2f433f@group-0CB630F518CC-StateMachineUpdater: Took a snapshot at index 0
2020-04-25 00:52:40,894 [a6f67013-66b6-4a15-861c-57dfff2f433f@group-0CB630F518CC-StateMachineUpdater] INFO  impl.StateMachineUpdater (StateMachineUpdater.java:lambda$new$0(86)) - a6f67013-66b6-4a15-861c-57dfff2f433f@group-0CB630F518CC-StateMachineUpdater: snapshotIndex: updateIncreasingly -1 -> 0
2020-04-25 00:52:40,894 [a6f67013-66b6-4a15-861c-57dfff2f433f@group-0CB630F518CC-StateMachineUpdater] INFO  metrics.RatisMetrics (RatisMetrics.java:unregister(46)) - Unregistering Metrics Registry : ratis.state_machine.a6f67013-66b6-4a15-861c-57dfff2f433f@group-0CB630F518CC
2020-04-25 00:52:40,895 [Thread-3013] INFO  impl.FollowerState (FollowerState.java:run(117)) - a6f67013-66b6-4a15-861c-57dfff2f433f@group-0CB630F518CC-FollowerState was interrupted: java.lang.InterruptedException: sleep interrupted
2020-04-25 00:52:40,896 [ForkJoinPool.commonPool-worker-1] INFO  impl.RaftServerImpl (ServerState.java:close(387)) - a6f67013-66b6-4a15-861c-57dfff2f433f@group-0CB630F518CC: closes. applyIndex: 0
2020-04-25 00:52:40,896 [a6f67013-66b6-4a15-861c-57dfff2f433f@group-0CB630F518CC-SegmentedRaftLogWorker] INFO  segmented.SegmentedRaftLogWorker (SegmentedRaftLogWorker.java:run(321)) - a6f67013-66b6-4a15-861c-57dfff2f433f@group-0CB630F518CC-SegmentedRaftLogWorker was interrupted, exiting. There are 0 tasks remaining in the queue.
2020-04-25 00:52:40,896 [ForkJoinPool.commonPool-worker-1] INFO  segmented.SegmentedRaftLogWorker (SegmentedRaftLogWorker.java:close(229)) - a6f67013-66b6-4a15-861c-57dfff2f433f@group-0CB630F518CC-SegmentedRaftLogWorker close()
2020-04-25 00:52:40,899 [main] INFO  utils.BackgroundService (BackgroundService.java:shutdown(157)) - Shutting down service BlockDeletingService
2020-04-25 00:52:40,901 [ForkJoinPool.commonPool-worker-1] INFO  metrics.RatisMetrics (RatisMetrics.java:unregister(46)) - Unregistering Metrics Registry : ratis.log_worker.a6f67013-66b6-4a15-861c-57dfff2f433f
2020-04-25 00:52:40,901 [ForkJoinPool.commonPool-worker-1] INFO  metrics.RatisMetrics (RatisMetrics.java:unregister(46)) - Unregistering Metrics Registry : ratis.leader_election.a6f67013-66b6-4a15-861c-57dfff2f433f@group-0CB630F518CC
2020-04-25 00:52:40,901 [ForkJoinPool.commonPool-worker-1] INFO  metrics.RatisMetrics (RatisMetrics.java:unregister(46)) - Unregistering Metrics Registry : ratis.server.a6f67013-66b6-4a15-861c-57dfff2f433f@group-0CB630F518CC
2020-04-25 00:52:40,901 [ForkJoinPool.commonPool-worker-1] INFO  server.GrpcService (GrpcService.java:closeImpl(165)) - a6f67013-66b6-4a15-861c-57dfff2f433f: shutdown server with port 43377 now
2020-04-25 00:52:40,904 [grpc-default-executor-0] WARN  server.GrpcServerProtocolService (LogUtils.java:warn(122)) - a6f67013-66b6-4a15-861c-57dfff2f433f: installSnapshot onError, lastRequest: 44e8018b-e232-4b82-9d12-5076aa410e35->a6f67013-66b6-4a15-861c-57dfff2f433f#19-t3, previous=(t:3, i:15), leaderCommit=15, initializing? false, entries: size=1, first=(t:3, i:16), METADATAENTRY(c:15): org.apache.ratis.thirdparty.io.grpc.StatusRuntimeException: CANCELLED: cancelled before receiving half close
2020-04-25 00:52:40,904 [grpc-default-executor-9] WARN  server.GrpcLogAppender (LogUtils.java:warn(122)) - 44e8018b-e232-4b82-9d12-5076aa410e35@group-4D2F0C4E8244->a6f67013-66b6-4a15-861c-57dfff2f433f-AppendLogResponseHandler: Failed appendEntries: org.apache.ratis.thirdparty.io.grpc.StatusRuntimeException: CANCELLED: HTTP/2 error code: CANCEL
Received Rst Stream
2020-04-25 00:52:40,904 [grpc-default-executor-7] WARN  server.GrpcServerProtocolService (LogUtils.java:warn(122)) - a6f67013-66b6-4a15-861c-57dfff2f433f: installSnapshot onError, lastRequest: 44e8018b-e232-4b82-9d12-5076aa410e35->a6f67013-66b6-4a15-861c-57dfff2f433f#1-t3, previous=(t:0, i:0), leaderCommit=0, initializing? false, entries: size=1, first=(t:3, i:0), CONFIGURATIONENTRY: org.apache.ratis.thirdparty.io.grpc.StatusRuntimeException: CANCELLED: cancelled before receiving half close
2020-04-25 00:52:40,904 [grpc-default-executor-9] INFO  impl.FollowerInfo (FollowerInfo.java:lambda$new$0(50)) - 44e8018b-e232-4b82-9d12-5076aa410e35@group-4D2F0C4E8244->a6f67013-66b6-4a15-861c-57dfff2f433f: nextIndex: updateUnconditionally 17 -> 16
2020-04-25 00:52:40,905 [grpc-default-executor-3] WARN  server.GrpcLogAppender (LogUtils.java:warn(122)) - 44e8018b-e232-4b82-9d12-5076aa410e35@group-0CB630F518CC->a6f67013-66b6-4a15-861c-57dfff2f433f-AppendLogResponseHandler: Failed appendEntries: org.apache.ratis.thirdparty.io.grpc.StatusRuntimeException: CANCELLED: HTTP/2 error code: CANCEL
Received Rst Stream
2020-04-25 00:52:40,905 [ForkJoinPool.commonPool-worker-1] INFO  server.GrpcService (GrpcService.java:closeImpl(173)) - a6f67013-66b6-4a15-861c-57dfff2f433f: shutdown server with port 43377 successfully
2020-04-25 00:52:40,906 [grpc-default-executor-3] INFO  impl.FollowerInfo (FollowerInfo.java:lambda$new$0(50)) - 44e8018b-e232-4b82-9d12-5076aa410e35@group-0CB630F518CC->a6f67013-66b6-4a15-861c-57dfff2f433f: nextIndex: updateUnconditionally 1 -> 0
2020-04-25 00:52:40,906 [main] INFO  statemachine.DatanodeStateMachine (DatanodeStateMachine.java:stopDaemon(424)) - Ozone container server stopped.
2020-04-25 00:52:40,919 [main] INFO  handler.ContextHandler (ContextHandler.java:doStop(1016)) - Stopped o.e.j.w.WebAppContext@3041dd71{hddsDatanode,/,null,UNAVAILABLE}{jar:file:/home/user/.m2/repository/org/apache/hadoop/hadoop-hdds-container-service/0.6.0-SNAPSHOT/hadoop-hdds-container-service-0.6.0-SNAPSHOT.jar!/webapps/hddsDatanode}
2020-04-25 00:52:40,920 [main] INFO  server.AbstractConnector (AbstractConnector.java:doStop(380)) - Stopped ServerConnector@11822abd{HTTP/1.1,[http/1.1]}{0.0.0.0:0}
2020-04-25 00:52:40,920 [main] INFO  server.session (HouseKeeper.java:stopScavenging(158)) - node0 Stopped scavenging
2020-04-25 00:52:40,920 [main] INFO  handler.ContextHandler (ContextHandler.java:doStop(1016)) - Stopped o.e.j.s.ServletContextHandler@27a71ffa{static,/static,jar:file:/home/user/.m2/repository/org/apache/hadoop/hadoop-hdds-container-service/0.6.0-SNAPSHOT/hadoop-hdds-container-service-0.6.0-SNAPSHOT.jar!/webapps/static,UNAVAILABLE}
2020-04-25 00:52:40,920 [main] INFO  handler.ContextHandler (ContextHandler.java:doStop(1016)) - Stopped o.e.j.s.ServletContextHandler@2b80646e{logs,/logs,file:///github/workspace/mnt/ozone/hadoop-ozone/integration-test/target/log,UNAVAILABLE}
2020-04-25 00:52:40,924 [ForkJoinPool.commonPool-worker-1] INFO  utils.BackgroundService (BackgroundService.java:shutdown(157)) - Shutting down service BlockDeletingService
2020-04-25 00:52:40,928 [ForkJoinPool.commonPool-worker-1] INFO  statemachine.DatanodeStateMachine (DatanodeStateMachine.java:stopDaemon(424)) - Ozone container server stopped.
2020-04-25 00:52:40,932 [ForkJoinPool.commonPool-worker-1] INFO  handler.ContextHandler (ContextHandler.java:doStop(1016)) - Stopped o.e.j.w.WebAppContext@6937ea9a{hddsDatanode,/,null,UNAVAILABLE}{jar:file:/home/user/.m2/repository/org/apache/hadoop/hadoop-hdds-container-service/0.6.0-SNAPSHOT/hadoop-hdds-container-service-0.6.0-SNAPSHOT.jar!/webapps/hddsDatanode}
2020-04-25 00:52:40,933 [ForkJoinPool.commonPool-worker-1] INFO  server.AbstractConnector (AbstractConnector.java:doStop(380)) - Stopped ServerConnector@639ca2cf{HTTP/1.1,[http/1.1]}{0.0.0.0:0}
2020-04-25 00:52:40,933 [ForkJoinPool.commonPool-worker-1] INFO  server.session (HouseKeeper.java:stopScavenging(158)) - node0 Stopped scavenging
2020-04-25 00:52:40,933 [ForkJoinPool.commonPool-worker-1] INFO  handler.ContextHandler (ContextHandler.java:doStop(1016)) - Stopped o.e.j.s.ServletContextHandler@2fea6cfb{static,/static,jar:file:/home/user/.m2/repository/org/apache/hadoop/hadoop-hdds-container-service/0.6.0-SNAPSHOT/hadoop-hdds-container-service-0.6.0-SNAPSHOT.jar!/webapps/static,UNAVAILABLE}
2020-04-25 00:52:40,934 [ForkJoinPool.commonPool-worker-1] INFO  handler.ContextHandler (ContextHandler.java:doStop(1016)) - Stopped o.e.j.s.ServletContextHandler@4219bf07{logs,/logs,file:///github/workspace/mnt/ozone/hadoop-ozone/integration-test/target/log,UNAVAILABLE}
2020-04-25 00:52:41,178 [Datanode State Machine Thread - 0] INFO  statemachine.DatanodeStateMachine (DatanodeStateMachine.java:lambda$startDaemon$0(376)) - Ozone container server started.
2020-04-25 00:52:41,699 [Datanode State Machine Thread - 0] INFO  statemachine.DatanodeStateMachine (DatanodeStateMachine.java:lambda$startDaemon$0(376)) - Ozone container server started.
2020-04-25 00:52:42,408 [grpc-default-executor-7] WARN  server.GrpcLogAppender (LogUtils.java:warn(122)) - 44e8018b-e232-4b82-9d12-5076aa410e35@group-0CB630F518CC->6550183a-8562-43dc-b28b-b6c484dc4935-AppendLogResponseHandler: Failed appendEntries: org.apache.ratis.thirdparty.io.grpc.StatusRuntimeException: UNAVAILABLE: io exception
2020-04-25 00:52:42,408 [grpc-default-executor-7] INFO  impl.FollowerInfo (FollowerInfo.java:lambda$new$0(50)) - 44e8018b-e232-4b82-9d12-5076aa410e35@group-0CB630F518CC->6550183a-8562-43dc-b28b-b6c484dc4935: nextIndex: updateUnconditionally 1 -> 0
2020-04-25 00:52:42,410 [grpc-default-executor-7] WARN  server.GrpcLogAppender (LogUtils.java:warn(122)) - 44e8018b-e232-4b82-9d12-5076aa410e35@group-0CB630F518CC->a6f67013-66b6-4a15-861c-57dfff2f433f-AppendLogResponseHandler: Failed appendEntries: org.apache.ratis.thirdparty.io.grpc.StatusRuntimeException: UNAVAILABLE: io exception
2020-04-25 00:52:42,410 [grpc-default-executor-7] INFO  impl.FollowerInfo (FollowerInfo.java:lambda$new$0(50)) - 44e8018b-e232-4b82-9d12-5076aa410e35@group-0CB630F518CC->a6f67013-66b6-4a15-861c-57dfff2f433f: nextIndex: updateUnconditionally 1 -> 0
2020-04-25 00:52:42,550 [grpc-default-executor-3] WARN  server.GrpcLogAppender (LogUtils.java:warn(122)) - 3cd9ecf8-858f-44dc-b977-29c5822b3976@group-D671BE9EB83E->f6421666-a5d8-4f0d-9ada-e546d5fd97e1-AppendLogResponseHandler: Failed appendEntries: org.apache.ratis.thirdparty.io.grpc.StatusRuntimeException: UNAVAILABLE: io exception
2020-04-25 00:52:42,550 [grpc-default-executor-3] INFO  impl.FollowerInfo (FollowerInfo.java:lambda$new$0(50)) - 3cd9ecf8-858f-44dc-b977-29c5822b3976@group-D671BE9EB83E->f6421666-a5d8-4f0d-9ada-e546d5fd97e1: nextIndex: updateUnconditionally 1 -> 0
2020-04-25 00:52:42,560 [grpc-default-executor-7] WARN  server.GrpcLogAppender (LogUtils.java:warn(122)) - 3cd9ecf8-858f-44dc-b977-29c5822b3976@group-D671BE9EB83E->01d66f6b-871f-49cc-8cf1-f917fde7eb54-AppendLogResponseHandler: Failed appendEntries: org.apache.ratis.thirdparty.io.grpc.StatusRuntimeException: UNAVAILABLE: io exception
2020-04-25 00:52:42,561 [grpc-default-executor-7] INFO  impl.FollowerInfo (FollowerInfo.java:lambda$new$0(50)) - 3cd9ecf8-858f-44dc-b977-29c5822b3976@group-D671BE9EB83E->01d66f6b-871f-49cc-8cf1-f917fde7eb54: nextIndex: updateUnconditionally 1 -> 0
2020-04-25 00:52:43,208 [grpc-default-executor-3] WARN  server.GrpcLogAppender (LogUtils.java:warn(122)) - 44e8018b-e232-4b82-9d12-5076aa410e35@group-4D2F0C4E8244->6550183a-8562-43dc-b28b-b6c484dc4935-AppendLogResponseHandler: Failed appendEntries: org.apache.ratis.thirdparty.io.grpc.StatusRuntimeException: UNAVAILABLE: io exception
2020-04-25 00:52:43,208 [grpc-default-executor-3] INFO  impl.FollowerInfo (FollowerInfo.java:lambda$new$0(50)) - 44e8018b-e232-4b82-9d12-5076aa410e35@group-4D2F0C4E8244->6550183a-8562-43dc-b28b-b6c484dc4935: nextIndex: updateUnconditionally 17 -> 16
2020-04-25 00:52:43,210 [grpc-default-executor-7] WARN  server.GrpcLogAppender (LogUtils.java:warn(122)) - 44e8018b-e232-4b82-9d12-5076aa410e35@group-4D2F0C4E8244->a6f67013-66b6-4a15-861c-57dfff2f433f-AppendLogResponseHandler: Failed appendEntries: org.apache.ratis.thirdparty.io.grpc.StatusRuntimeException: UNAVAILABLE: io exception
2020-04-25 00:52:43,210 [grpc-default-executor-7] INFO  impl.FollowerInfo (FollowerInfo.java:lambda$new$0(50)) - 44e8018b-e232-4b82-9d12-5076aa410e35@group-4D2F0C4E8244->a6f67013-66b6-4a15-861c-57dfff2f433f: nextIndex: updateUnconditionally 17 -> 16
2020-04-25 00:52:44,911 [grpc-default-executor-9] WARN  server.GrpcLogAppender (LogUtils.java:warn(122)) - 44e8018b-e232-4b82-9d12-5076aa410e35@group-0CB630F518CC->6550183a-8562-43dc-b28b-b6c484dc4935-AppendLogResponseHandler: Failed appendEntries: org.apache.ratis.thirdparty.io.grpc.StatusRuntimeException: UNAVAILABLE: io exception
2020-04-25 00:52:44,911 [grpc-default-executor-9] INFO  impl.FollowerInfo (FollowerInfo.java:lambda$new$0(50)) - 44e8018b-e232-4b82-9d12-5076aa410e35@group-0CB630F518CC->6550183a-8562-43dc-b28b-b6c484dc4935: nextIndex: updateUnconditionally 1 -> 0
2020-04-25 00:52:44,911 [grpc-default-executor-9] WARN  server.GrpcLogAppender (LogUtils.java:warn(122)) - 44e8018b-e232-4b82-9d12-5076aa410e35@group-0CB630F518CC->a6f67013-66b6-4a15-861c-57dfff2f433f-AppendLogResponseHandler: Failed appendEntries: org.apache.ratis.thirdparty.io.grpc.StatusRuntimeException: UNAVAILABLE: io exception
2020-04-25 00:52:44,911 [grpc-default-executor-9] INFO  impl.FollowerInfo (FollowerInfo.java:lambda$new$0(50)) - 44e8018b-e232-4b82-9d12-5076aa410e35@group-0CB630F518CC->a6f67013-66b6-4a15-861c-57dfff2f433f: nextIndex: updateUnconditionally 1 -> 0
2020-04-25 00:52:45,052 [grpc-default-executor-7] WARN  server.GrpcLogAppender (LogUtils.java:warn(122)) - 3cd9ecf8-858f-44dc-b977-29c5822b3976@group-D671BE9EB83E->f6421666-a5d8-4f0d-9ada-e546d5fd97e1-AppendLogResponseHandler: Failed appendEntries: org.apache.ratis.thirdparty.io.grpc.StatusRuntimeException: UNAVAILABLE: io exception
2020-04-25 00:52:45,052 [grpc-default-executor-7] INFO  impl.FollowerInfo (FollowerInfo.java:lambda$new$0(50)) - 3cd9ecf8-858f-44dc-b977-29c5822b3976@group-D671BE9EB83E->f6421666-a5d8-4f0d-9ada-e546d5fd97e1: nextIndex: updateUnconditionally 1 -> 0
2020-04-25 00:52:45,061 [grpc-default-executor-9] WARN  server.GrpcLogAppender (LogUtils.java:warn(122)) - 3cd9ecf8-858f-44dc-b977-29c5822b3976@group-D671BE9EB83E->01d66f6b-871f-49cc-8cf1-f917fde7eb54-AppendLogResponseHandler: Failed appendEntries: org.apache.ratis.thirdparty.io.grpc.StatusRuntimeException: UNAVAILABLE: io exception
2020-04-25 00:52:45,061 [grpc-default-executor-9] INFO  impl.FollowerInfo (FollowerInfo.java:lambda$new$0(50)) - 3cd9ecf8-858f-44dc-b977-29c5822b3976@group-D671BE9EB83E->01d66f6b-871f-49cc-8cf1-f917fde7eb54: nextIndex: updateUnconditionally 1 -> 0
2020-04-25 00:52:45,368 [EventQueue-StaleNodeForStaleNodeHandler] INFO  node.StaleNodeHandler (StaleNodeHandler.java:onMessage(58)) - Datanode 01d66f6b-871f-49cc-8cf1-f917fde7eb54{ip: 172.17.0.2, host: 077b0f5420d0, networkLocation: /default-rack, certSerialId: null} moved to stale state. Finalizing its pipelines [PipelineID=590aa6df-e18f-4cb8-b7c3-d671be9eb83e, PipelineID=caf77ddf-b422-4109-976a-7b58bb8f67d6, PipelineID=f840679d-0768-4efd-8269-908272680366]
2020-04-25 00:52:45,368 [EventQueue-StaleNodeForStaleNodeHandler] INFO  pipeline.SCMPipelineManager (SCMPipelineManager.java:finalizeAndDestroyPipeline(397)) - Destroying pipeline:Pipeline[ Id: 590aa6df-e18f-4cb8-b7c3-d671be9eb83e, Nodes: f6421666-a5d8-4f0d-9ada-e546d5fd97e1{ip: 172.17.0.2, host: 077b0f5420d0, networkLocation: /default-rack, certSerialId: null}01d66f6b-871f-49cc-8cf1-f917fde7eb54{ip: 172.17.0.2, host: 077b0f5420d0, networkLocation: /default-rack, certSerialId: null}3cd9ecf8-858f-44dc-b977-29c5822b3976{ip: 172.17.0.2, host: 077b0f5420d0, networkLocation: /default-rack, certSerialId: null}, Type:RATIS, Factor:THREE, State:CLOSED, leaderId:3cd9ecf8-858f-44dc-b977-29c5822b3976, CreationTimestamp2020-04-25T00:52:16.957Z]
2020-04-25 00:52:45,369 [EventQueue-StaleNodeForStaleNodeHandler] INFO  pipeline.SCMPipelineManager (SCMPipelineManager.java:finalizeAndDestroyPipeline(397)) - Destroying pipeline:Pipeline[ Id: caf77ddf-b422-4109-976a-7b58bb8f67d6, Nodes: f6421666-a5d8-4f0d-9ada-e546d5fd97e1{ip: 172.17.0.2, host: 077b0f5420d0, networkLocation: /default-rack, certSerialId: null}01d66f6b-871f-49cc-8cf1-f917fde7eb54{ip: 172.17.0.2, host: 077b0f5420d0, networkLocation: /default-rack, certSerialId: null}3cd9ecf8-858f-44dc-b977-29c5822b3976{ip: 172.17.0.2, host: 077b0f5420d0, networkLocation: /default-rack, certSerialId: null}, Type:RATIS, Factor:THREE, State:CLOSED, leaderId:01d66f6b-871f-49cc-8cf1-f917fde7eb54, CreationTimestamp2020-04-25T00:52:16.957Z]
2020-04-25 00:52:45,369 [EventQueue-StaleNodeForStaleNodeHandler] INFO  pipeline.SCMPipelineManager (SCMPipelineManager.java:finalizeAndDestroyPipeline(397)) - Destroying pipeline:Pipeline[ Id: f840679d-0768-4efd-8269-908272680366, Nodes: 01d66f6b-871f-49cc-8cf1-f917fde7eb54{ip: 172.17.0.2, host: 077b0f5420d0, networkLocation: /default-rack, certSerialId: null}, Type:RATIS, Factor:ONE, State:OPEN, leaderId:01d66f6b-871f-49cc-8cf1-f917fde7eb54, CreationTimestamp2020-04-25T00:52:16.784Z]
2020-04-25 00:52:45,369 [EventQueue-StaleNodeForStaleNodeHandler] INFO  pipeline.PipelineStateManager (PipelineStateManager.java:finalizePipeline(120)) - Pipeline Pipeline[ Id: f840679d-0768-4efd-8269-908272680366, Nodes: 01d66f6b-871f-49cc-8cf1-f917fde7eb54{ip: 172.17.0.2, host: 077b0f5420d0, networkLocation: /default-rack, certSerialId: null}, Type:RATIS, Factor:ONE, State:CLOSED, leaderId:01d66f6b-871f-49cc-8cf1-f917fde7eb54, CreationTimestamp2020-04-25T00:52:16.784Z] moved to CLOSED state
2020-04-25 00:52:45,709 [grpc-default-executor-7] WARN  server.GrpcLogAppender (LogUtils.java:warn(122)) - 44e8018b-e232-4b82-9d12-5076aa410e35@group-4D2F0C4E8244->6550183a-8562-43dc-b28b-b6c484dc4935-AppendLogResponseHandler: Failed appendEntries: org.apache.ratis.thirdparty.io.grpc.StatusRuntimeException: UNAVAILABLE: io exception
2020-04-25 00:52:45,710 [grpc-default-executor-7] INFO  impl.FollowerInfo (FollowerInfo.java:lambda$new$0(50)) - 44e8018b-e232-4b82-9d12-5076aa410e35@group-4D2F0C4E8244->6550183a-8562-43dc-b28b-b6c484dc4935: nextIndex: updateUnconditionally 17 -> 16
2020-04-25 00:52:45,711 [grpc-default-executor-9] WARN  server.GrpcLogAppender (LogUtils.java:warn(122)) - 44e8018b-e232-4b82-9d12-5076aa410e35@group-4D2F0C4E8244->a6f67013-66b6-4a15-861c-57dfff2f433f-AppendLogResponseHandler: Failed appendEntries: org.apache.ratis.thirdparty.io.grpc.StatusRuntimeException: UNAVAILABLE: io exception
2020-04-25 00:52:45,711 [grpc-default-executor-9] INFO  impl.FollowerInfo (FollowerInfo.java:lambda$new$0(50)) - 44e8018b-e232-4b82-9d12-5076aa410e35@group-4D2F0C4E8244->a6f67013-66b6-4a15-861c-57dfff2f433f: nextIndex: updateUnconditionally 17 -> 16
2020-04-25 00:52:45,769 [EventQueue-StaleNodeForStaleNodeHandler] INFO  node.StaleNodeHandler (StaleNodeHandler.java:onMessage(58)) - Datanode a6f67013-66b6-4a15-861c-57dfff2f433f{ip: 172.17.0.2, host: 077b0f5420d0, networkLocation: /default-rack, certSerialId: null} moved to stale state. Finalizing its pipelines [PipelineID=ae8a75f2-8a3b-4b14-97e2-4d2f0c4e8244, PipelineID=3d3a18c4-d1d8-4d46-9959-3d657c2857e7, PipelineID=6de2b53f-2eb0-4b5a-b9e7-0cb630f518cc]
2020-04-25 00:52:45,769 [EventQueue-StaleNodeForStaleNodeHandler] INFO  pipeline.SCMPipelineManager (SCMPipelineManager.java:finalizeAndDestroyPipeline(397)) - Destroying pipeline:Pipeline[ Id: ae8a75f2-8a3b-4b14-97e2-4d2f0c4e8244, Nodes: 6550183a-8562-43dc-b28b-b6c484dc4935{ip: 172.17.0.2, host: 077b0f5420d0, networkLocation: /default-rack, certSerialId: null}44e8018b-e232-4b82-9d12-5076aa410e35{ip: 172.17.0.2, host: 077b0f5420d0, networkLocation: /default-rack, certSerialId: null}a6f67013-66b6-4a15-861c-57dfff2f433f{ip: 172.17.0.2, host: 077b0f5420d0, networkLocation: /default-rack, certSerialId: null}, Type:RATIS, Factor:THREE, State:CLOSED, leaderId:44e8018b-e232-4b82-9d12-5076aa410e35, CreationTimestamp2020-04-25T00:52:16.712Z]
2020-04-25 00:52:45,769 [EventQueue-StaleNodeForStaleNodeHandler] INFO  pipeline.SCMPipelineManager (SCMPipelineManager.java:finalizeAndDestroyPipeline(397)) - Destroying pipeline:Pipeline[ Id: 3d3a18c4-d1d8-4d46-9959-3d657c2857e7, Nodes: a6f67013-66b6-4a15-861c-57dfff2f433f{ip: 172.17.0.2, host: 077b0f5420d0, networkLocation: /default-rack, certSerialId: null}, Type:RATIS, Factor:ONE, State:OPEN, leaderId:a6f67013-66b6-4a15-861c-57dfff2f433f, CreationTimestamp2020-04-25T00:52:16.708Z]
2020-04-25 00:52:45,769 [EventQueue-StaleNodeForStaleNodeHandler] INFO  pipeline.PipelineStateManager (PipelineStateManager.java:finalizePipeline(120)) - Pipeline Pipeline[ Id: 3d3a18c4-d1d8-4d46-9959-3d657c2857e7, Nodes: a6f67013-66b6-4a15-861c-57dfff2f433f{ip: 172.17.0.2, host: 077b0f5420d0, networkLocation: /default-rack, certSerialId: null}, Type:RATIS, Factor:ONE, State:CLOSED, leaderId:a6f67013-66b6-4a15-861c-57dfff2f433f, CreationTimestamp2020-04-25T00:52:16.708Z] moved to CLOSED state
2020-04-25 00:52:45,769 [EventQueue-StaleNodeForStaleNodeHandler] INFO  pipeline.SCMPipelineManager (SCMPipelineManager.java:finalizeAndDestroyPipeline(397)) - Destroying pipeline:Pipeline[ Id: 6de2b53f-2eb0-4b5a-b9e7-0cb630f518cc, Nodes: 6550183a-8562-43dc-b28b-b6c484dc4935{ip: 172.17.0.2, host: 077b0f5420d0, networkLocation: /default-rack, certSerialId: null}44e8018b-e232-4b82-9d12-5076aa410e35{ip: 172.17.0.2, host: 077b0f5420d0, networkLocation: /default-rack, certSerialId: null}a6f67013-66b6-4a15-861c-57dfff2f433f{ip: 172.17.0.2, host: 077b0f5420d0, networkLocation: /default-rack, certSerialId: null}, Type:RATIS, Factor:THREE, State:CLOSED, leaderId:44e8018b-e232-4b82-9d12-5076aa410e35, CreationTimestamp2020-04-25T00:52:16.713Z]
2020-04-25 00:52:45,922 [main] INFO  ozoneimpl.OzoneContainer (OzoneContainer.java:stop(246)) - Attempting to stop container services.
2020-04-25 00:52:45,922 [main] INFO  impl.RaftServerProxy (RaftServerProxy.java:lambda$close$4(314)) - 378ddfc8-7d8d-47f2-b358-35cac2dfdeb9: close
2020-04-25 00:52:45,922 [main] INFO  impl.RaftServerImpl (RaftServerImpl.java:lambda$shutdown$3(249)) - 378ddfc8-7d8d-47f2-b358-35cac2dfdeb9@group-F41530501E9B: shutdown
2020-04-25 00:52:45,922 [main] INFO  util.JmxRegister (JmxRegister.java:unregister(73)) - Successfully un-registered JMX Bean with object name Ratis:service=RaftServer,group=group-F41530501E9B,id=378ddfc8-7d8d-47f2-b358-35cac2dfdeb9
2020-04-25 00:52:45,923 [main] INFO  impl.RoleInfo (RoleInfo.java:shutdownLeaderState(104)) - 378ddfc8-7d8d-47f2-b358-35cac2dfdeb9: shutdown LeaderState
2020-04-25 00:52:45,923 [main] INFO  impl.PendingRequests (PendingRequests.java:sendNotLeaderResponses(240)) - 378ddfc8-7d8d-47f2-b358-35cac2dfdeb9@group-F41530501E9B-PendingRequests: sendNotLeaderResponses
2020-04-25 00:52:45,923 [main] INFO  metrics.RatisMetrics (RatisMetrics.java:unregister(46)) - Unregistering Metrics Registry : ratis.log_appender.378ddfc8-7d8d-47f2-b358-35cac2dfdeb9@group-F41530501E9B
2020-04-25 00:52:45,923 [main] INFO  impl.StateMachineUpdater (StateMachineUpdater.java:stopAndJoin(139)) - 378ddfc8-7d8d-47f2-b358-35cac2dfdeb9@group-F41530501E9B-StateMachineUpdater: set stopIndex = 0
2020-04-25 00:52:45,924 [378ddfc8-7d8d-47f2-b358-35cac2dfdeb9@group-F41530501E9B-StateMachineUpdater] INFO  ratis.ContainerStateMachine (ContainerStateMachine.java:takeSnapshot(288)) - group-F41530501E9B: Taking a snapshot at:(t:1, i:0) file /github/workspace/mnt/ozone/hadoop-ozone/integration-test/target/test-dir/MiniOzoneClusterImpl-fac2b43d-d0f4-41bd-8b0e-0750bdad7e42/datanode-6/data/ratis/3f0df70d-97bb-4a00-95a4-f41530501e9b/sm/snapshot.1_0
2020-04-25 00:52:45,925 [378ddfc8-7d8d-47f2-b358-35cac2dfdeb9@group-F41530501E9B-StateMachineUpdater] INFO  ratis.ContainerStateMachine (ContainerStateMachine.java:takeSnapshot(299)) - group-F41530501E9B: Finished taking a snapshot at:(t:1, i:0) file:/github/workspace/mnt/ozone/hadoop-ozone/integration-test/target/test-dir/MiniOzoneClusterImpl-fac2b43d-d0f4-41bd-8b0e-0750bdad7e42/datanode-6/data/ratis/3f0df70d-97bb-4a00-95a4-f41530501e9b/sm/snapshot.1_0 time:1
2020-04-25 00:52:45,925 [378ddfc8-7d8d-47f2-b358-35cac2dfdeb9@group-F41530501E9B-StateMachineUpdater] INFO  impl.StateMachineUpdater (StateMachineUpdater.java:takeSnapshot(274)) - 378ddfc8-7d8d-47f2-b358-35cac2dfdeb9@group-F41530501E9B-StateMachineUpdater: Took a snapshot at index 0
2020-04-25 00:52:45,925 [378ddfc8-7d8d-47f2-b358-35cac2dfdeb9@group-F41530501E9B-StateMachineUpdater] INFO  impl.StateMachineUpdater (StateMachineUpdater.java:lambda$new$0(86)) - 378ddfc8-7d8d-47f2-b358-35cac2dfdeb9@group-F41530501E9B-StateMachineUpdater: snapshotIndex: updateIncreasingly -1 -> 0
2020-04-25 00:52:45,925 [378ddfc8-7d8d-47f2-b358-35cac2dfdeb9@group-F41530501E9B-StateMachineUpdater] INFO  metrics.RatisMetrics (RatisMetrics.java:unregister(46)) - Unregistering Metrics Registry : ratis.state_machine.378ddfc8-7d8d-47f2-b358-35cac2dfdeb9@group-F41530501E9B
2020-04-25 00:52:45,925 [main] INFO  impl.RaftServerImpl (ServerState.java:close(387)) - 378ddfc8-7d8d-47f2-b358-35cac2dfdeb9@group-F41530501E9B: closes. applyIndex: 0
2020-04-25 00:52:45,926 [378ddfc8-7d8d-47f2-b358-35cac2dfdeb9@group-F41530501E9B-SegmentedRaftLogWorker] INFO  segmented.SegmentedRaftLogWorker (SegmentedRaftLogWorker.java:run(321)) - 378ddfc8-7d8d-47f2-b358-35cac2dfdeb9@group-F41530501E9B-SegmentedRaftLogWorker was interrupted, exiting. There are 0 tasks remaining in the queue.
2020-04-25 00:52:45,926 [main] INFO  segmented.SegmentedRaftLogWorker (SegmentedRaftLogWorker.java:close(229)) - 378ddfc8-7d8d-47f2-b358-35cac2dfdeb9@group-F41530501E9B-SegmentedRaftLogWorker close()
2020-04-25 00:52:45,927 [main] INFO  metrics.RatisMetrics (RatisMetrics.java:unregister(46)) - Unregistering Metrics Registry : ratis.log_worker.378ddfc8-7d8d-47f2-b358-35cac2dfdeb9
2020-04-25 00:52:45,927 [main] INFO  metrics.RatisMetrics (RatisMetrics.java:unregister(46)) - Unregistering Metrics Registry : ratis.leader_election.378ddfc8-7d8d-47f2-b358-35cac2dfdeb9@group-F41530501E9B
2020-04-25 00:52:45,927 [main] INFO  metrics.RatisMetrics (RatisMetrics.java:unregister(46)) - Unregistering Metrics Registry : ratis.server.378ddfc8-7d8d-47f2-b358-35cac2dfdeb9@group-F41530501E9B
2020-04-25 00:52:45,927 [main] INFO  server.GrpcService (GrpcService.java:closeImpl(165)) - 378ddfc8-7d8d-47f2-b358-35cac2dfdeb9: shutdown server with port 46077 now
2020-04-25 00:52:45,928 [main] INFO  server.GrpcService (GrpcService.java:closeImpl(173)) - 378ddfc8-7d8d-47f2-b358-35cac2dfdeb9: shutdown server with port 46077 successfully
2020-04-25 00:52:45,938 [ForkJoinPool.commonPool-worker-1] INFO  ozoneimpl.OzoneContainer (OzoneContainer.java:stop(246)) - Attempting to stop container services.
2020-04-25 00:52:45,938 [ForkJoinPool.commonPool-worker-1] INFO  impl.RaftServerProxy (RaftServerProxy.java:lambda$close$4(314)) - 44e8018b-e232-4b82-9d12-5076aa410e35: close
2020-04-25 00:52:45,938 [ForkJoinPool.commonPool-worker-1] INFO  impl.RaftServerImpl (RaftServerImpl.java:lambda$shutdown$3(249)) - 44e8018b-e232-4b82-9d12-5076aa410e35@group-4D2F0C4E8244: shutdown
2020-04-25 00:52:45,938 [ForkJoinPool.commonPool-worker-1] INFO  util.JmxRegister (JmxRegister.java:unregister(73)) - Successfully un-registered JMX Bean with object name Ratis:service=RaftServer,group=group-4D2F0C4E8244,id=44e8018b-e232-4b82-9d12-5076aa410e35
2020-04-25 00:52:45,938 [ForkJoinPool.commonPool-worker-1] INFO  impl.RoleInfo (RoleInfo.java:shutdownLeaderState(104)) - 44e8018b-e232-4b82-9d12-5076aa410e35: shutdown LeaderState
2020-04-25 00:52:45,939 [org.apache.ratis.server.impl.LogAppender$AppenderDaemon$$Lambda$440/1185594983@61766fea] WARN  server.GrpcLogAppender (GrpcLogAppender.java:mayWait(153)) - 44e8018b-e232-4b82-9d12-5076aa410e35@group-4D2F0C4E8244->a6f67013-66b6-4a15-861c-57dfff2f433f-GrpcLogAppender: Wait interrupted by java.lang.InterruptedException
2020-04-25 00:52:45,940 [org.apache.ratis.server.impl.LogAppender$AppenderDaemon$$Lambda$440/1185594983@3c4a5657] WARN  server.GrpcLogAppender (GrpcLogAppender.java:mayWait(153)) - 44e8018b-e232-4b82-9d12-5076aa410e35@group-4D2F0C4E8244->6550183a-8562-43dc-b28b-b6c484dc4935-GrpcLogAppender: Wait interrupted by java.lang.InterruptedException
2020-04-25 00:52:45,940 [ForkJoinPool.commonPool-worker-1] INFO  impl.PendingRequests (PendingRequests.java:sendNotLeaderResponses(240)) - 44e8018b-e232-4b82-9d12-5076aa410e35@group-4D2F0C4E8244-PendingRequests: sendNotLeaderResponses
2020-04-25 00:52:45,941 [ForkJoinPool.commonPool-worker-1] INFO  metrics.RatisMetrics (RatisMetrics.java:unregister(46)) - Unregistering Metrics Registry : ratis.log_appender.44e8018b-e232-4b82-9d12-5076aa410e35@group-4D2F0C4E8244
2020-04-25 00:52:45,941 [ForkJoinPool.commonPool-worker-1] INFO  impl.StateMachineUpdater (StateMachineUpdater.java:stopAndJoin(139)) - 44e8018b-e232-4b82-9d12-5076aa410e35@group-4D2F0C4E8244-StateMachineUpdater: set stopIndex = 16
2020-04-25 00:52:45,942 [44e8018b-e232-4b82-9d12-5076aa410e35@group-4D2F0C4E8244-StateMachineUpdater] INFO  ratis.ContainerStateMachine (ContainerStateMachine.java:takeSnapshot(288)) - group-4D2F0C4E8244: Taking a snapshot at:(t:3, i:16) file /github/workspace/mnt/ozone/hadoop-ozone/integration-test/target/test-dir/MiniOzoneClusterImpl-fac2b43d-d0f4-41bd-8b0e-0750bdad7e42/datanode-0/data/ratis/ae8a75f2-8a3b-4b14-97e2-4d2f0c4e8244/sm/snapshot.3_16
2020-04-25 00:52:45,943 [44e8018b-e232-4b82-9d12-5076aa410e35@group-4D2F0C4E8244-StateMachineUpdater] INFO  ratis.ContainerStateMachine (ContainerStateMachine.java:takeSnapshot(299)) - group-4D2F0C4E8244: Finished taking a snapshot at:(t:3, i:16) file:/github/workspace/mnt/ozone/hadoop-ozone/integration-test/target/test-dir/MiniOzoneClusterImpl-fac2b43d-d0f4-41bd-8b0e-0750bdad7e42/datanode-0/data/ratis/ae8a75f2-8a3b-4b14-97e2-4d2f0c4e8244/sm/snapshot.3_16 time:1
2020-04-25 00:52:45,943 [44e8018b-e232-4b82-9d12-5076aa410e35@group-4D2F0C4E8244-StateMachineUpdater] INFO  impl.StateMachineUpdater (StateMachineUpdater.java:takeSnapshot(274)) - 44e8018b-e232-4b82-9d12-5076aa410e35@group-4D2F0C4E8244-StateMachineUpdater: Took a snapshot at index 16
2020-04-25 00:52:45,943 [44e8018b-e232-4b82-9d12-5076aa410e35@group-4D2F0C4E8244-StateMachineUpdater] INFO  impl.StateMachineUpdater (StateMachineUpdater.java:lambda$new$0(86)) - 44e8018b-e232-4b82-9d12-5076aa410e35@group-4D2F0C4E8244-StateMachineUpdater: snapshotIndex: updateIncreasingly -1 -> 16
2020-04-25 00:52:45,943 [44e8018b-e232-4b82-9d12-5076aa410e35@group-4D2F0C4E8244-StateMachineUpdater] INFO  metrics.RatisMetrics (RatisMetrics.java:unregister(46)) - Unregistering Metrics Registry : ratis.state_machine.44e8018b-e232-4b82-9d12-5076aa410e35@group-4D2F0C4E8244
2020-04-25 00:52:45,943 [ForkJoinPool.commonPool-worker-1] INFO  impl.RaftServerImpl (ServerState.java:close(387)) - 44e8018b-e232-4b82-9d12-5076aa410e35@group-4D2F0C4E8244: closes. applyIndex: 16
2020-04-25 00:52:45,944 [44e8018b-e232-4b82-9d12-5076aa410e35@group-4D2F0C4E8244-SegmentedRaftLogWorker] INFO  segmented.SegmentedRaftLogWorker (SegmentedRaftLogWorker.java:run(321)) - 44e8018b-e232-4b82-9d12-5076aa410e35@group-4D2F0C4E8244-SegmentedRaftLogWorker was interrupted, exiting. There are 0 tasks remaining in the queue.
2020-04-25 00:52:45,944 [ForkJoinPool.commonPool-worker-1] INFO  segmented.SegmentedRaftLogWorker (SegmentedRaftLogWorker.java:close(229)) - 44e8018b-e232-4b82-9d12-5076aa410e35@group-4D2F0C4E8244-SegmentedRaftLogWorker close()
2020-04-25 00:52:45,944 [ForkJoinPool.commonPool-worker-1] INFO  metrics.RatisMetrics (RatisMetrics.java:unregister(46)) - Unregistering Metrics Registry : ratis.log_worker.44e8018b-e232-4b82-9d12-5076aa410e35
2020-04-25 00:52:45,945 [ForkJoinPool.commonPool-worker-1] INFO  metrics.RatisMetrics (RatisMetrics.java:unregister(46)) - Unregistering Metrics Registry : ratis.leader_election.44e8018b-e232-4b82-9d12-5076aa410e35@group-4D2F0C4E8244
2020-04-25 00:52:45,945 [ForkJoinPool.commonPool-worker-1] INFO  metrics.RatisMetrics (RatisMetrics.java:unregister(46)) - Unregistering Metrics Registry : ratis.server.44e8018b-e232-4b82-9d12-5076aa410e35@group-4D2F0C4E8244
2020-04-25 00:52:45,945 [ForkJoinPool.commonPool-worker-1] INFO  impl.RaftServerImpl (RaftServerImpl.java:lambda$shutdown$3(249)) - 44e8018b-e232-4b82-9d12-5076aa410e35@group-A6D7DBFCC443: shutdown
2020-04-25 00:52:45,945 [ForkJoinPool.commonPool-worker-1] INFO  util.JmxRegister (JmxRegister.java:unregister(73)) - Successfully un-registered JMX Bean with object name Ratis:service=RaftServer,group=group-A6D7DBFCC443,id=44e8018b-e232-4b82-9d12-5076aa410e35
2020-04-25 00:52:45,945 [ForkJoinPool.commonPool-worker-1] INFO  impl.RoleInfo (RoleInfo.java:shutdownLeaderState(104)) - 44e8018b-e232-4b82-9d12-5076aa410e35: shutdown LeaderState
2020-04-25 00:52:45,945 [ForkJoinPool.commonPool-worker-1] INFO  impl.PendingRequests (PendingRequests.java:sendNotLeaderResponses(240)) - 44e8018b-e232-4b82-9d12-5076aa410e35@group-A6D7DBFCC443-PendingRequests: sendNotLeaderResponses
2020-04-25 00:52:45,945 [ForkJoinPool.commonPool-worker-1] INFO  metrics.RatisMetrics (RatisMetrics.java:unregister(46)) - Unregistering Metrics Registry : ratis.log_appender.44e8018b-e232-4b82-9d12-5076aa410e35@group-A6D7DBFCC443
2020-04-25 00:52:45,945 [ForkJoinPool.commonPool-worker-1] INFO  impl.StateMachineUpdater (StateMachineUpdater.java:stopAndJoin(139)) - 44e8018b-e232-4b82-9d12-5076aa410e35@group-A6D7DBFCC443-StateMachineUpdater: set stopIndex = 0
2020-04-25 00:52:45,946 [44e8018b-e232-4b82-9d12-5076aa410e35@group-A6D7DBFCC443-StateMachineUpdater] INFO  ratis.ContainerStateMachine (ContainerStateMachine.java:takeSnapshot(288)) - group-A6D7DBFCC443: Taking a snapshot at:(t:1, i:0) file /github/workspace/mnt/ozone/hadoop-ozone/integration-test/target/test-dir/MiniOzoneClusterImpl-fac2b43d-d0f4-41bd-8b0e-0750bdad7e42/datanode-0/data/ratis/13105c74-727b-4890-a388-a6d7dbfcc443/sm/snapshot.1_0
2020-04-25 00:52:45,946 [44e8018b-e232-4b82-9d12-5076aa410e35@group-A6D7DBFCC443-StateMachineUpdater] INFO  ratis.ContainerStateMachine (ContainerStateMachine.java:takeSnapshot(299)) - group-A6D7DBFCC443: Finished taking a snapshot at:(t:1, i:0) file:/github/workspace/mnt/ozone/hadoop-ozone/integration-test/target/test-dir/MiniOzoneClusterImpl-fac2b43d-d0f4-41bd-8b0e-0750bdad7e42/datanode-0/data/ratis/13105c74-727b-4890-a388-a6d7dbfcc443/sm/snapshot.1_0 time:1
2020-04-25 00:52:45,947 [44e8018b-e232-4b82-9d12-5076aa410e35@group-A6D7DBFCC443-StateMachineUpdater] INFO  impl.StateMachineUpdater (StateMachineUpdater.java:takeSnapshot(274)) - 44e8018b-e232-4b82-9d12-5076aa410e35@group-A6D7DBFCC443-StateMachineUpdater: Took a snapshot at index 0
2020-04-25 00:52:45,947 [44e8018b-e232-4b82-9d12-5076aa410e35@group-A6D7DBFCC443-StateMachineUpdater] INFO  impl.StateMachineUpdater (StateMachineUpdater.java:lambda$new$0(86)) - 44e8018b-e232-4b82-9d12-5076aa410e35@group-A6D7DBFCC443-StateMachineUpdater: snapshotIndex: updateIncreasingly -1 -> 0
2020-04-25 00:52:45,947 [44e8018b-e232-4b82-9d12-5076aa410e35@group-A6D7DBFCC443-StateMachineUpdater] INFO  metrics.RatisMetrics (RatisMetrics.java:unregister(46)) - Unregistering Metrics Registry : ratis.state_machine.44e8018b-e232-4b82-9d12-5076aa410e35@group-A6D7DBFCC443
2020-04-25 00:52:45,947 [ForkJoinPool.commonPool-worker-1] INFO  impl.RaftServerImpl (ServerState.java:close(387)) - 44e8018b-e232-4b82-9d12-5076aa410e35@group-A6D7DBFCC443: closes. applyIndex: 0
2020-04-25 00:52:45,947 [44e8018b-e232-4b82-9d12-5076aa410e35@group-A6D7DBFCC443-SegmentedRaftLogWorker] INFO  segmented.SegmentedRaftLogWorker (SegmentedRaftLogWorker.java:run(321)) - 44e8018b-e232-4b82-9d12-5076aa410e35@group-A6D7DBFCC443-SegmentedRaftLogWorker was interrupted, exiting. There are 0 tasks remaining in the queue.
2020-04-25 00:52:45,947 [ForkJoinPool.commonPool-worker-1] INFO  segmented.SegmentedRaftLogWorker (SegmentedRaftLogWorker.java:close(229)) - 44e8018b-e232-4b82-9d12-5076aa410e35@group-A6D7DBFCC443-SegmentedRaftLogWorker close()
2020-04-25 00:52:45,948 [ForkJoinPool.commonPool-worker-1] INFO  metrics.RatisMetrics (RatisMetrics.java:unregister(46)) - Unregistering Metrics Registry : ratis.log_worker.44e8018b-e232-4b82-9d12-5076aa410e35
2020-04-25 00:52:45,948 [ForkJoinPool.commonPool-worker-1] INFO  metrics.RatisMetrics (RatisMetrics.java:unregister(46)) - Unregistering Metrics Registry : ratis.leader_election.44e8018b-e232-4b82-9d12-5076aa410e35@group-A6D7DBFCC443
2020-04-25 00:52:45,949 [ForkJoinPool.commonPool-worker-1] INFO  metrics.RatisMetrics (RatisMetrics.java:unregister(46)) - Unregistering Metrics Registry : ratis.server.44e8018b-e232-4b82-9d12-5076aa410e35@group-A6D7DBFCC443
2020-04-25 00:52:45,949 [ForkJoinPool.commonPool-worker-1] INFO  impl.RaftServerImpl (RaftServerImpl.java:lambda$shutdown$3(249)) - 44e8018b-e232-4b82-9d12-5076aa410e35@group-0CB630F518CC: shutdown
2020-04-25 00:52:45,949 [ForkJoinPool.commonPool-worker-1] INFO  util.JmxRegister (JmxRegister.java:unregister(73)) - Successfully un-registered JMX Bean with object name Ratis:service=RaftServer,group=group-0CB630F518CC,id=44e8018b-e232-4b82-9d12-5076aa410e35
2020-04-25 00:52:45,949 [ForkJoinPool.commonPool-worker-1] INFO  impl.RoleInfo (RoleInfo.java:shutdownLeaderState(104)) - 44e8018b-e232-4b82-9d12-5076aa410e35: shutdown LeaderState
2020-04-25 00:52:45,950 [org.apache.ratis.server.impl.LogAppender$AppenderDaemon$$Lambda$440/1185594983@316d20ce] WARN  server.GrpcLogAppender (GrpcLogAppender.java:mayWait(153)) - 44e8018b-e232-4b82-9d12-5076aa410e35@group-0CB630F518CC->a6f67013-66b6-4a15-861c-57dfff2f433f-GrpcLogAppender: Wait interrupted by java.lang.InterruptedException
2020-04-25 00:52:45,950 [ForkJoinPool.commonPool-worker-1] INFO  impl.PendingRequests (PendingRequests.java:sendNotLeaderResponses(240)) - 44e8018b-e232-4b82-9d12-5076aa410e35@group-0CB630F518CC-PendingRequests: sendNotLeaderResponses
2020-04-25 00:52:45,950 [org.apache.ratis.server.impl.LogAppender$AppenderDaemon$$Lambda$440/1185594983@f11da2c] WARN  server.GrpcLogAppender (GrpcLogAppender.java:mayWait(153)) - 44e8018b-e232-4b82-9d12-5076aa410e35@group-0CB630F518CC->6550183a-8562-43dc-b28b-b6c484dc4935-GrpcLogAppender: Wait interrupted by java.lang.InterruptedException
2020-04-25 00:52:45,951 [ForkJoinPool.commonPool-worker-1] INFO  metrics.RatisMetrics (RatisMetrics.java:unregister(46)) - Unregistering Metrics Registry : ratis.log_appender.44e8018b-e232-4b82-9d12-5076aa410e35@group-0CB630F518CC
2020-04-25 00:52:45,951 [44e8018b-e232-4b82-9d12-5076aa410e35@group-0CB630F518CC-StateMachineUpdater] INFO  ratis.ContainerStateMachine (ContainerStateMachine.java:takeSnapshot(288)) - group-0CB630F518CC: Taking a snapshot at:(t:3, i:0) file /github/workspace/mnt/ozone/hadoop-ozone/integration-test/target/test-dir/MiniOzoneClusterImpl-fac2b43d-d0f4-41bd-8b0e-0750bdad7e42/datanode-0/data/ratis/6de2b53f-2eb0-4b5a-b9e7-0cb630f518cc/sm/snapshot.3_0
2020-04-25 00:52:45,952 [ForkJoinPool.commonPool-worker-1] INFO  impl.StateMachineUpdater (StateMachineUpdater.java:stopAndJoin(139)) - 44e8018b-e232-4b82-9d12-5076aa410e35@group-0CB630F518CC-StateMachineUpdater: set stopIndex = 0
2020-04-25 00:52:45,952 [44e8018b-e232-4b82-9d12-5076aa410e35@group-0CB630F518CC-StateMachineUpdater] INFO  ratis.ContainerStateMachine (ContainerStateMachine.java:takeSnapshot(299)) - group-0CB630F518CC: Finished taking a snapshot at:(t:3, i:0) file:/github/workspace/mnt/ozone/hadoop-ozone/integration-test/target/test-dir/MiniOzoneClusterImpl-fac2b43d-d0f4-41bd-8b0e-0750bdad7e42/datanode-0/data/ratis/6de2b53f-2eb0-4b5a-b9e7-0cb630f518cc/sm/snapshot.3_0 time:0
2020-04-25 00:52:45,952 [44e8018b-e232-4b82-9d12-5076aa410e35@group-0CB630F518CC-StateMachineUpdater] INFO  impl.StateMachineUpdater (StateMachineUpdater.java:takeSnapshot(274)) - 44e8018b-e232-4b82-9d12-5076aa410e35@group-0CB630F518CC-StateMachineUpdater: Took a snapshot at index 0
2020-04-25 00:52:45,952 [44e8018b-e232-4b82-9d12-5076aa410e35@group-0CB630F518CC-StateMachineUpdater] INFO  impl.StateMachineUpdater (StateMachineUpdater.java:lambda$new$0(86)) - 44e8018b-e232-4b82-9d12-5076aa410e35@group-0CB630F518CC-StateMachineUpdater: snapshotIndex: updateIncreasingly -1 -> 0
2020-04-25 00:52:45,953 [44e8018b-e232-4b82-9d12-5076aa410e35@group-0CB630F518CC-StateMachineUpdater] INFO  metrics.RatisMetrics (RatisMetrics.java:unregister(46)) - Unregistering Metrics Registry : ratis.state_machine.44e8018b-e232-4b82-9d12-5076aa410e35@group-0CB630F518CC
2020-04-25 00:52:45,953 [ForkJoinPool.commonPool-worker-1] INFO  impl.RaftServerImpl (ServerState.java:close(387)) - 44e8018b-e232-4b82-9d12-5076aa410e35@group-0CB630F518CC: closes. applyIndex: 0
2020-04-25 00:52:45,953 [44e8018b-e232-4b82-9d12-5076aa410e35@group-0CB630F518CC-SegmentedRaftLogWorker] INFO  segmented.SegmentedRaftLogWorker (SegmentedRaftLogWorker.java:run(321)) - 44e8018b-e232-4b82-9d12-5076aa410e35@group-0CB630F518CC-SegmentedRaftLogWorker was interrupted, exiting. There are 0 tasks remaining in the queue.
2020-04-25 00:52:45,953 [ForkJoinPool.commonPool-worker-1] INFO  segmented.SegmentedRaftLogWorker (SegmentedRaftLogWorker.java:close(229)) - 44e8018b-e232-4b82-9d12-5076aa410e35@group-0CB630F518CC-SegmentedRaftLogWorker close()
2020-04-25 00:52:45,954 [ForkJoinPool.commonPool-worker-1] INFO  metrics.RatisMetrics (RatisMetrics.java:unregister(46)) - Unregistering Metrics Registry : ratis.log_worker.44e8018b-e232-4b82-9d12-5076aa410e35
2020-04-25 00:52:45,954 [ForkJoinPool.commonPool-worker-1] INFO  metrics.RatisMetrics (RatisMetrics.java:unregister(46)) - Unregistering Metrics Registry : ratis.leader_election.44e8018b-e232-4b82-9d12-5076aa410e35@group-0CB630F518CC
2020-04-25 00:52:45,954 [ForkJoinPool.commonPool-worker-1] INFO  metrics.RatisMetrics (RatisMetrics.java:unregister(46)) - Unregistering Metrics Registry : ratis.server.44e8018b-e232-4b82-9d12-5076aa410e35@group-0CB630F518CC
2020-04-25 00:52:45,954 [ForkJoinPool.commonPool-worker-1] INFO  server.GrpcService (GrpcService.java:closeImpl(165)) - 44e8018b-e232-4b82-9d12-5076aa410e35: shutdown server with port 35979 now
2020-04-25 00:52:45,956 [grpc-default-executor-7] WARN  client.GrpcClientProtocolService (LogUtils.java:warn(122)) - 3-UnorderedRequestStreamObserver3: onError: org.apache.ratis.thirdparty.io.grpc.StatusRuntimeException: CANCELLED: cancelled before receiving half close
2020-04-25 00:52:45,962 [main] INFO  utils.BackgroundService (BackgroundService.java:shutdown(157)) - Shutting down service BlockDeletingService
2020-04-25 00:52:45,963 [ForkJoinPool.commonPool-worker-1] INFO  server.GrpcService (GrpcService.java:closeImpl(173)) - 44e8018b-e232-4b82-9d12-5076aa410e35: shutdown server with port 35979 successfully
2020-04-25 00:52:45,967 [main] INFO  statemachine.DatanodeStateMachine (DatanodeStateMachine.java:stopDaemon(424)) - Ozone container server stopped.
2020-04-25 00:52:45,968 [main] INFO  handler.ContextHandler (ContextHandler.java:doStop(1016)) - Stopped o.e.j.w.WebAppContext@393b79d{hddsDatanode,/,null,UNAVAILABLE}{jar:file:/home/user/.m2/repository/org/apache/hadoop/hadoop-hdds-container-service/0.6.0-SNAPSHOT/hadoop-hdds-container-service-0.6.0-SNAPSHOT.jar!/webapps/hddsDatanode}
2020-04-25 00:52:45,969 [main] INFO  server.AbstractConnector (AbstractConnector.java:doStop(380)) - Stopped ServerConnector@4fd537fd{HTTP/1.1,[http/1.1]}{0.0.0.0:0}
2020-04-25 00:52:45,969 [main] INFO  server.session (HouseKeeper.java:stopScavenging(158)) - node0 Stopped scavenging
2020-04-25 00:52:45,969 [main] INFO  handler.ContextHandler (ContextHandler.java:doStop(1016)) - Stopped o.e.j.s.ServletContextHandler@466bfefc{static,/static,jar:file:/home/user/.m2/repository/org/apache/hadoop/hadoop-hdds-container-service/0.6.0-SNAPSHOT/hadoop-hdds-container-service-0.6.0-SNAPSHOT.jar!/webapps/static,UNAVAILABLE}
2020-04-25 00:52:45,970 [main] INFO  handler.ContextHandler (ContextHandler.java:doStop(1016)) - Stopped o.e.j.s.ServletContextHandler@683159ee{logs,/logs,file:///github/workspace/mnt/ozone/hadoop-ozone/integration-test/target/log,UNAVAILABLE}
2020-04-25 00:52:45,999 [ForkJoinPool.commonPool-worker-1] INFO  utils.BackgroundService (BackgroundService.java:shutdown(157)) - Shutting down service BlockDeletingService
2020-04-25 00:52:46,002 [ForkJoinPool.commonPool-worker-1] INFO  statemachine.DatanodeStateMachine (DatanodeStateMachine.java:stopDaemon(424)) - Ozone container server stopped.
2020-04-25 00:52:46,004 [ForkJoinPool.commonPool-worker-1] INFO  handler.ContextHandler (ContextHandler.java:doStop(1016)) - Stopped o.e.j.w.WebAppContext@49109a37{hddsDatanode,/,null,UNAVAILABLE}{jar:file:/home/user/.m2/repository/org/apache/hadoop/hadoop-hdds-container-service/0.6.0-SNAPSHOT/hadoop-hdds-container-service-0.6.0-SNAPSHOT.jar!/webapps/hddsDatanode}
2020-04-25 00:52:46,005 [ForkJoinPool.commonPool-worker-1] INFO  server.AbstractConnector (AbstractConnector.java:doStop(380)) - Stopped ServerConnector@508c5015{HTTP/1.1,[http/1.1]}{0.0.0.0:0}
2020-04-25 00:52:46,005 [ForkJoinPool.commonPool-worker-1] INFO  server.session (HouseKeeper.java:stopScavenging(158)) - node0 Stopped scavenging
2020-04-25 00:52:46,005 [ForkJoinPool.commonPool-worker-1] INFO  handler.ContextHandler (ContextHandler.java:doStop(1016)) - Stopped o.e.j.s.ServletContextHandler@27c1bf72{static,/static,jar:file:/home/user/.m2/repository/org/apache/hadoop/hadoop-hdds-container-service/0.6.0-SNAPSHOT/hadoop-hdds-container-service-0.6.0-SNAPSHOT.jar!/webapps/static,UNAVAILABLE}
2020-04-25 00:52:46,006 [ForkJoinPool.commonPool-worker-1] INFO  handler.ContextHandler (ContextHandler.java:doStop(1016)) - Stopped o.e.j.s.ServletContextHandler@3f10aab{logs,/logs,file:///github/workspace/mnt/ozone/hadoop-ozone/integration-test/target/log,UNAVAILABLE}
2020-04-25 00:52:46,167 [Datanode State Machine Thread - 0] INFO  statemachine.DatanodeStateMachine (DatanodeStateMachine.java:lambda$startDaemon$0(376)) - Ozone container server started.
2020-04-25 00:52:47,553 [grpc-default-executor-9] WARN  server.GrpcLogAppender (LogUtils.java:warn(122)) - 3cd9ecf8-858f-44dc-b977-29c5822b3976@group-D671BE9EB83E->f6421666-a5d8-4f0d-9ada-e546d5fd97e1-AppendLogResponseHandler: Failed appendEntries: org.apache.ratis.thirdparty.io.grpc.StatusRuntimeException: UNAVAILABLE: io exception
2020-04-25 00:52:47,553 [grpc-default-executor-9] INFO  impl.FollowerInfo (FollowerInfo.java:lambda$new$0(50)) - 3cd9ecf8-858f-44dc-b977-29c5822b3976@group-D671BE9EB83E->f6421666-a5d8-4f0d-9ada-e546d5fd97e1: nextIndex: updateUnconditionally 1 -> 0
2020-04-25 00:52:47,562 [grpc-default-executor-7] WARN  server.GrpcLogAppender (LogUtils.java:warn(122)) - 3cd9ecf8-858f-44dc-b977-29c5822b3976@group-D671BE9EB83E->01d66f6b-871f-49cc-8cf1-f917fde7eb54-AppendLogResponseHandler: Failed appendEntries: org.apache.ratis.thirdparty.io.grpc.StatusRuntimeException: UNAVAILABLE: io exception
2020-04-25 00:52:47,562 [grpc-default-executor-7] INFO  impl.FollowerInfo (FollowerInfo.java:lambda$new$0(50)) - 3cd9ecf8-858f-44dc-b977-29c5822b3976@group-D671BE9EB83E->01d66f6b-871f-49cc-8cf1-f917fde7eb54: nextIndex: updateUnconditionally 1 -> 0
2020-04-25 00:52:49,975 [EventQueue-DeadNodeForDeadNodeHandler] INFO  pipeline.SCMPipelineManager (SCMPipelineManager.java:finalizeAndDestroyPipeline(397)) - Destroying pipeline:Pipeline[ Id: 590aa6df-e18f-4cb8-b7c3-d671be9eb83e, Nodes: f6421666-a5d8-4f0d-9ada-e546d5fd97e1{ip: 172.17.0.2, host: 077b0f5420d0, networkLocation: /default-rack, certSerialId: null}01d66f6b-871f-49cc-8cf1-f917fde7eb54{ip: 172.17.0.2, host: 077b0f5420d0, networkLocation: /default-rack, certSerialId: null}3cd9ecf8-858f-44dc-b977-29c5822b3976{ip: 172.17.0.2, host: 077b0f5420d0, networkLocation: /default-rack, certSerialId: null}, Type:RATIS, Factor:THREE, State:CLOSED, leaderId:3cd9ecf8-858f-44dc-b977-29c5822b3976, CreationTimestamp2020-04-25T00:52:16.957Z]
2020-04-25 00:52:49,975 [EventQueue-DeadNodeForDeadNodeHandler] INFO  pipeline.RatisPipelineProvider (RatisPipelineProvider.java:lambda$close$1(176)) - Send pipeline:PipelineID=590aa6df-e18f-4cb8-b7c3-d671be9eb83e close command to datanode f6421666-a5d8-4f0d-9ada-e546d5fd97e1
2020-04-25 00:52:49,975 [EventQueue-DeadNodeForDeadNodeHandler] INFO  pipeline.RatisPipelineProvider (RatisPipelineProvider.java:lambda$close$1(176)) - Send pipeline:PipelineID=590aa6df-e18f-4cb8-b7c3-d671be9eb83e close command to datanode 01d66f6b-871f-49cc-8cf1-f917fde7eb54
2020-04-25 00:52:49,975 [EventQueue-DeadNodeForDeadNodeHandler] INFO  pipeline.RatisPipelineProvider (RatisPipelineProvider.java:lambda$close$1(176)) - Send pipeline:PipelineID=590aa6df-e18f-4cb8-b7c3-d671be9eb83e close command to datanode 3cd9ecf8-858f-44dc-b977-29c5822b3976
2020-04-25 00:52:49,983 [EventQueue-DeadNodeForDeadNodeHandler] INFO  pipeline.PipelineStateManager (PipelineStateManager.java:removePipeline(105)) - Pipeline Pipeline[ Id: 590aa6df-e18f-4cb8-b7c3-d671be9eb83e, Nodes: f6421666-a5d8-4f0d-9ada-e546d5fd97e1{ip: 172.17.0.2, host: 077b0f5420d0, networkLocation: /default-rack, certSerialId: null}01d66f6b-871f-49cc-8cf1-f917fde7eb54{ip: 172.17.0.2, host: 077b0f5420d0, networkLocation: /default-rack, certSerialId: null}3cd9ecf8-858f-44dc-b977-29c5822b3976{ip: 172.17.0.2, host: 077b0f5420d0, networkLocation: /default-rack, certSerialId: null}, Type:RATIS, Factor:THREE, State:CLOSED, leaderId:3cd9ecf8-858f-44dc-b977-29c5822b3976, CreationTimestamp2020-04-25T00:52:16.957Z] removed from db
2020-04-25 00:52:49,984 [EventQueue-DeadNodeForDeadNodeHandler] INFO  pipeline.SCMPipelineManager (SCMPipelineManager.java:finalizeAndDestroyPipeline(397)) - Destroying pipeline:Pipeline[ Id: e0dec1dd-8ab4-48a2-8ba7-ff9cb1177228, Nodes: f6421666-a5d8-4f0d-9ada-e546d5fd97e1{ip: 172.17.0.2, host: 077b0f5420d0, networkLocation: /default-rack, certSerialId: null}, Type:RATIS, Factor:ONE, State:CLOSED, leaderId:f6421666-a5d8-4f0d-9ada-e546d5fd97e1, CreationTimestamp2020-04-25T00:52:16.880Z]
2020-04-25 00:52:49,984 [RatisPipelineUtilsThread] ERROR pipeline.SCMPipelineManager (SCMPipelineManager.java:createPipeline(222)) - Failed to create pipeline of type RATIS and factor ONE. Exception: Cannot create pipeline of factor 1 using 0 nodes. Used 3 nodes. Healthy nodes 3
2020-04-25 00:52:49,984 [EventQueue-DeadNodeForDeadNodeHandler] INFO  pipeline.RatisPipelineProvider (RatisPipelineProvider.java:lambda$close$1(176)) - Send pipeline:PipelineID=e0dec1dd-8ab4-48a2-8ba7-ff9cb1177228 close command to datanode f6421666-a5d8-4f0d-9ada-e546d5fd97e1
2020-04-25 00:52:49,985 [RatisPipelineUtilsThread] INFO  pipeline.RatisPipelineProvider (RatisPipelineProvider.java:lambda$create$0(138)) - Sending CreatePipelineCommand for pipeline:PipelineID=7448f5aa-5b7b-4fd9-acce-7d27136a306b to datanode:44e8018b-e232-4b82-9d12-5076aa410e35
2020-04-25 00:52:49,985 [RatisPipelineUtilsThread] INFO  pipeline.RatisPipelineProvider (RatisPipelineProvider.java:lambda$create$0(138)) - Sending CreatePipelineCommand for pipeline:PipelineID=7448f5aa-5b7b-4fd9-acce-7d27136a306b to datanode:3cd9ecf8-858f-44dc-b977-29c5822b3976
2020-04-25 00:52:49,985 [RatisPipelineUtilsThread] INFO  pipeline.RatisPipelineProvider (RatisPipelineProvider.java:lambda$create$0(138)) - Sending CreatePipelineCommand for pipeline:PipelineID=7448f5aa-5b7b-4fd9-acce-7d27136a306b to datanode:378ddfc8-7d8d-47f2-b358-35cac2dfdeb9
2020-04-25 00:52:49,985 [RatisPipelineUtilsThread] INFO  pipeline.PipelineStateManager (PipelineStateManager.java:addPipeline(54)) - Created pipeline Pipeline[ Id: 7448f5aa-5b7b-4fd9-acce-7d27136a306b, Nodes: 44e8018b-e232-4b82-9d12-5076aa410e35{ip: 172.17.0.2, host: 077b0f5420d0, networkLocation: /default-rack, certSerialId: null}3cd9ecf8-858f-44dc-b977-29c5822b3976{ip: 172.17.0.2, host: 077b0f5420d0, networkLocation: /default-rack, certSerialId: null}378ddfc8-7d8d-47f2-b358-35cac2dfdeb9{ip: 172.17.0.2, host: 077b0f5420d0, networkLocation: /default-rack, certSerialId: null}, Type:RATIS, Factor:THREE, State:ALLOCATED, leaderId:null, CreationTimestamp2020-04-25T00:52:49.985Z]
2020-04-25 00:52:49,985 [RatisPipelineUtilsThread] INFO  pipeline.RatisPipelineProvider (RatisPipelineProvider.java:lambda$create$0(138)) - Sending CreatePipelineCommand for pipeline:PipelineID=92dc22da-147d-4ab2-b8af-07f44b6b1f5e to datanode:44e8018b-e232-4b82-9d12-5076aa410e35
2020-04-25 00:52:49,985 [RatisPipelineUtilsThread] INFO  pipeline.RatisPipelineProvider (RatisPipelineProvider.java:lambda$create$0(138)) - Sending CreatePipelineCommand for pipeline:PipelineID=92dc22da-147d-4ab2-b8af-07f44b6b1f5e to datanode:3cd9ecf8-858f-44dc-b977-29c5822b3976
2020-04-25 00:52:49,985 [RatisPipelineUtilsThread] INFO  pipeline.RatisPipelineProvider (RatisPipelineProvider.java:lambda$create$0(138)) - Sending CreatePipelineCommand for pipeline:PipelineID=92dc22da-147d-4ab2-b8af-07f44b6b1f5e to datanode:378ddfc8-7d8d-47f2-b358-35cac2dfdeb9
2020-04-25 00:52:49,986 [RatisPipelineUtilsThread] INFO  pipeline.PipelineStateManager (PipelineStateManager.java:addPipeline(54)) - Created pipeline Pipeline[ Id: 92dc22da-147d-4ab2-b8af-07f44b6b1f5e, Nodes: 44e8018b-e232-4b82-9d12-5076aa410e35{ip: 172.17.0.2, host: 077b0f5420d0, networkLocation: /default-rack, certSerialId: null}3cd9ecf8-858f-44dc-b977-29c5822b3976{ip: 172.17.0.2, host: 077b0f5420d0, networkLocation: /default-rack, certSerialId: null}378ddfc8-7d8d-47f2-b358-35cac2dfdeb9{ip: 172.17.0.2, host: 077b0f5420d0, networkLocation: /default-rack, certSerialId: null}, Type:RATIS, Factor:THREE, State:ALLOCATED, leaderId:null, CreationTimestamp2020-04-25T00:52:49.985Z]
2020-04-25 00:52:49,986 [RatisPipelineUtilsThread] INFO  pipeline.SCMPipelineManager (SCMPipelineManager.java:recordMetricsForPipeline(187)) - Pipeline: PipelineID=92dc22da-147d-4ab2-b8af-07f44b6b1f5e contains same datanodes as previous pipelines: PipelineID=7448f5aa-5b7b-4fd9-acce-7d27136a306b nodeIds: 44e8018b-e232-4b82-9d12-5076aa410e35, 3cd9ecf8-858f-44dc-b977-29c5822b3976, 378ddfc8-7d8d-47f2-b358-35cac2dfdeb9
2020-04-25 00:52:49,986 [RatisPipelineUtilsThread] ERROR pipeline.SCMPipelineManager (SCMPipelineManager.java:createPipeline(222)) - Failed to create pipeline of type RATIS and factor THREE. Exception: Pipeline creation failed because nodes are engaged in other pipelines and every node can only be engaged in max 3 pipelines. Required 3. Found 0
2020-04-25 00:52:49,986 [EventQueue-DeadNodeForDeadNodeHandler] INFO  pipeline.PipelineStateManager (PipelineStateManager.java:removePipeline(105)) - Pipeline Pipeline[ Id: e0dec1dd-8ab4-48a2-8ba7-ff9cb1177228, Nodes: f6421666-a5d8-4f0d-9ada-e546d5fd97e1{ip: 172.17.0.2, host: 077b0f5420d0, networkLocation: /default-rack, certSerialId: null}, Type:RATIS, Factor:ONE, State:CLOSED, leaderId:f6421666-a5d8-4f0d-9ada-e546d5fd97e1, CreationTimestamp2020-04-25T00:52:16.880Z] removed from db
2020-04-25 00:52:49,986 [EventQueue-DeadNodeForDeadNodeHandler] INFO  pipeline.SCMPipelineManager (SCMPipelineManager.java:finalizeAndDestroyPipeline(397)) - Destroying pipeline:Pipeline[ Id: caf77ddf-b422-4109-976a-7b58bb8f67d6, Nodes: f6421666-a5d8-4f0d-9ada-e546d5fd97e1{ip: 172.17.0.2, host: 077b0f5420d0, networkLocation: /default-rack, certSerialId: null}01d66f6b-871f-49cc-8cf1-f917fde7eb54{ip: 172.17.0.2, host: 077b0f5420d0, networkLocation: /default-rack, certSerialId: null}3cd9ecf8-858f-44dc-b977-29c5822b3976{ip: 172.17.0.2, host: 077b0f5420d0, networkLocation: /default-rack, certSerialId: null}, Type:RATIS, Factor:THREE, State:CLOSED, leaderId:01d66f6b-871f-49cc-8cf1-f917fde7eb54, CreationTimestamp2020-04-25T00:52:16.957Z]
2020-04-25 00:52:49,986 [RatisPipelineUtilsThread] ERROR pipeline.SCMPipelineManager (SCMPipelineManager.java:createPipeline(222)) - Failed to create pipeline of type RATIS and factor ONE. Exception: Cannot create pipeline of factor 1 using 0 nodes. Used 3 nodes. Healthy nodes 3
2020-04-25 00:52:49,987 [EventQueue-DeadNodeForDeadNodeHandler] INFO  pipeline.RatisPipelineProvider (RatisPipelineProvider.java:lambda$close$1(176)) - Send pipeline:PipelineID=caf77ddf-b422-4109-976a-7b58bb8f67d6 close command to datanode f6421666-a5d8-4f0d-9ada-e546d5fd97e1
2020-04-25 00:52:49,987 [RatisPipelineUtilsThread] ERROR pipeline.SCMPipelineManager (SCMPipelineManager.java:createPipeline(222)) - Failed to create pipeline of type RATIS and factor THREE. Exception: Pipeline creation failed because nodes are engaged in other pipelines and every node can only be engaged in max 3 pipelines. Required 3. Found 0
2020-04-25 00:52:49,987 [EventQueue-DeadNodeForDeadNodeHandler] INFO  pipeline.RatisPipelineProvider (RatisPipelineProvider.java:lambda$close$1(176)) - Send pipeline:PipelineID=caf77ddf-b422-4109-976a-7b58bb8f67d6 close command to datanode 01d66f6b-871f-49cc-8cf1-f917fde7eb54
2020-04-25 00:52:49,987 [EventQueue-DeadNodeForDeadNodeHandler] INFO  pipeline.RatisPipelineProvider (RatisPipelineProvider.java:lambda$close$1(176)) - Send pipeline:PipelineID=caf77ddf-b422-4109-976a-7b58bb8f67d6 close command to datanode 3cd9ecf8-858f-44dc-b977-29c5822b3976
2020-04-25 00:52:49,987 [EventQueue-DeadNodeForDeadNodeHandler] INFO  pipeline.PipelineStateManager (PipelineStateManager.java:removePipeline(105)) - Pipeline Pipeline[ Id: caf77ddf-b422-4109-976a-7b58bb8f67d6, Nodes: f6421666-a5d8-4f0d-9ada-e546d5fd97e1{ip: 172.17.0.2, host: 077b0f5420d0, networkLocation: /default-rack, certSerialId: null}01d66f6b-871f-49cc-8cf1-f917fde7eb54{ip: 172.17.0.2, host: 077b0f5420d0, networkLocation: /default-rack, certSerialId: null}3cd9ecf8-858f-44dc-b977-29c5822b3976{ip: 172.17.0.2, host: 077b0f5420d0, networkLocation: /default-rack, certSerialId: null}, Type:RATIS, Factor:THREE, State:CLOSED, leaderId:01d66f6b-871f-49cc-8cf1-f917fde7eb54, CreationTimestamp2020-04-25T00:52:16.957Z] removed from db
2020-04-25 00:52:49,987 [RatisPipelineUtilsThread] ERROR pipeline.SCMPipelineManager (SCMPipelineManager.java:createPipeline(222)) - Failed to create pipeline of type RATIS and factor ONE. Exception: Cannot create pipeline of factor 1 using 0 nodes. Used 3 nodes. Healthy nodes 3
2020-04-25 00:52:49,987 [RatisPipelineUtilsThread] ERROR pipeline.SCMPipelineManager (SCMPipelineManager.java:createPipeline(222)) - Failed to create pipeline of type RATIS and factor THREE. Exception: Pipeline creation failed because nodes are engaged in other pipelines and every node can only be engaged in max 3 pipelines. Required 3. Found 0
2020-04-25 00:52:50,054 [grpc-default-executor-9] WARN  server.GrpcLogAppender (LogUtils.java:warn(122)) - 3cd9ecf8-858f-44dc-b977-29c5822b3976@group-D671BE9EB83E->f6421666-a5d8-4f0d-9ada-e546d5fd97e1-AppendLogResponseHandler: Failed appendEntries: org.apache.ratis.thirdparty.io.grpc.StatusRuntimeException: UNAVAILABLE: io exception
2020-04-25 00:52:50,055 [grpc-default-executor-9] INFO  impl.FollowerInfo (FollowerInfo.java:lambda$new$0(50)) - 3cd9ecf8-858f-44dc-b977-29c5822b3976@group-D671BE9EB83E->f6421666-a5d8-4f0d-9ada-e546d5fd97e1: nextIndex: updateUnconditionally 1 -> 0
2020-04-25 00:52:50,063 [grpc-default-executor-7] WARN  server.GrpcLogAppender (LogUtils.java:warn(122)) - 3cd9ecf8-858f-44dc-b977-29c5822b3976@group-D671BE9EB83E->01d66f6b-871f-49cc-8cf1-f917fde7eb54-AppendLogResponseHandler: Failed appendEntries: org.apache.ratis.thirdparty.io.grpc.StatusRuntimeException: UNAVAILABLE: io exception
2020-04-25 00:52:50,063 [grpc-default-executor-7] INFO  impl.FollowerInfo (FollowerInfo.java:lambda$new$0(50)) - 3cd9ecf8-858f-44dc-b977-29c5822b3976@group-D671BE9EB83E->01d66f6b-871f-49cc-8cf1-f917fde7eb54: nextIndex: updateUnconditionally 1 -> 0
2020-04-25 00:52:50,275 [EventQueue-StaleNodeForStaleNodeHandler] INFO  node.StaleNodeHandler (StaleNodeHandler.java:onMessage(58)) - Datanode 378ddfc8-7d8d-47f2-b358-35cac2dfdeb9{ip: 172.17.0.2, host: 077b0f5420d0, networkLocation: /default-rack, certSerialId: null} moved to stale state. Finalizing its pipelines [PipelineID=3f0df70d-97bb-4a00-95a4-f41530501e9b, PipelineID=92dc22da-147d-4ab2-b8af-07f44b6b1f5e, PipelineID=7448f5aa-5b7b-4fd9-acce-7d27136a306b]
2020-04-25 00:52:50,275 [EventQueue-StaleNodeForStaleNodeHandler] INFO  pipeline.SCMPipelineManager (SCMPipelineManager.java:finalizeAndDestroyPipeline(397)) - Destroying pipeline:Pipeline[ Id: 3f0df70d-97bb-4a00-95a4-f41530501e9b, Nodes: 378ddfc8-7d8d-47f2-b358-35cac2dfdeb9{ip: 172.17.0.2, host: 077b0f5420d0, networkLocation: /default-rack, certSerialId: null}, Type:RATIS, Factor:ONE, State:OPEN, leaderId:378ddfc8-7d8d-47f2-b358-35cac2dfdeb9, CreationTimestamp2020-04-25T00:52:17.029Z]
2020-04-25 00:52:50,275 [EventQueue-StaleNodeForStaleNodeHandler] INFO  pipeline.PipelineStateManager (PipelineStateManager.java:finalizePipeline(120)) - Pipeline Pipeline[ Id: 3f0df70d-97bb-4a00-95a4-f41530501e9b, Nodes: 378ddfc8-7d8d-47f2-b358-35cac2dfdeb9{ip: 172.17.0.2, host: 077b0f5420d0, networkLocation: /default-rack, certSerialId: null}, Type:RATIS, Factor:ONE, State:CLOSED, leaderId:378ddfc8-7d8d-47f2-b358-35cac2dfdeb9, CreationTimestamp2020-04-25T00:52:17.029Z] moved to CLOSED state
2020-04-25 00:52:50,275 [EventQueue-StaleNodeForStaleNodeHandler] INFO  pipeline.SCMPipelineManager (SCMPipelineManager.java:finalizeAndDestroyPipeline(397)) - Destroying pipeline:Pipeline[ Id: 92dc22da-147d-4ab2-b8af-07f44b6b1f5e, Nodes: 44e8018b-e232-4b82-9d12-5076aa410e35{ip: 172.17.0.2, host: 077b0f5420d0, networkLocation: /default-rack, certSerialId: null}3cd9ecf8-858f-44dc-b977-29c5822b3976{ip: 172.17.0.2, host: 077b0f5420d0, networkLocation: /default-rack, certSerialId: null}378ddfc8-7d8d-47f2-b358-35cac2dfdeb9{ip: 172.17.0.2, host: 077b0f5420d0, networkLocation: /default-rack, certSerialId: null}, Type:RATIS, Factor:THREE, State:ALLOCATED, leaderId:null, CreationTimestamp2020-04-25T00:52:49.985Z]
2020-04-25 00:52:50,276 [EventQueue-StaleNodeForStaleNodeHandler] INFO  pipeline.PipelineStateManager (PipelineStateManager.java:finalizePipeline(120)) - Pipeline Pipeline[ Id: 92dc22da-147d-4ab2-b8af-07f44b6b1f5e, Nodes: 44e8018b-e232-4b82-9d12-5076aa410e35{ip: 172.17.0.2, host: 077b0f5420d0, networkLocation: /default-rack, certSerialId: null}3cd9ecf8-858f-44dc-b977-29c5822b3976{ip: 172.17.0.2, host: 077b0f5420d0, networkLocation: /default-rack, certSerialId: null}378ddfc8-7d8d-47f2-b358-35cac2dfdeb9{ip: 172.17.0.2, host: 077b0f5420d0, networkLocation: /default-rack, certSerialId: null}, Type:RATIS, Factor:THREE, State:CLOSED, leaderId:null, CreationTimestamp2020-04-25T00:52:49.985Z] moved to CLOSED state
2020-04-25 00:52:50,276 [EventQueue-StaleNodeForStaleNodeHandler] INFO  pipeline.SCMPipelineManager (SCMPipelineManager.java:finalizeAndDestroyPipeline(397)) - Destroying pipeline:Pipeline[ Id: 7448f5aa-5b7b-4fd9-acce-7d27136a306b, Nodes: 44e8018b-e232-4b82-9d12-5076aa410e35{ip: 172.17.0.2, host: 077b0f5420d0, networkLocation: /default-rack, certSerialId: null}3cd9ecf8-858f-44dc-b977-29c5822b3976{ip: 172.17.0.2, host: 077b0f5420d0, networkLocation: /default-rack, certSerialId: null}378ddfc8-7d8d-47f2-b358-35cac2dfdeb9{ip: 172.17.0.2, host: 077b0f5420d0, networkLocation: /default-rack, certSerialId: null}, Type:RATIS, Factor:THREE, State:ALLOCATED, leaderId:null, CreationTimestamp2020-04-25T00:52:49.985Z]
2020-04-25 00:52:50,276 [EventQueue-StaleNodeForStaleNodeHandler] INFO  pipeline.PipelineStateManager (PipelineStateManager.java:finalizePipeline(120)) - Pipeline Pipeline[ Id: 7448f5aa-5b7b-4fd9-acce-7d27136a306b, Nodes: 44e8018b-e232-4b82-9d12-5076aa410e35{ip: 172.17.0.2, host: 077b0f5420d0, networkLocation: /default-rack, certSerialId: null}3cd9ecf8-858f-44dc-b977-29c5822b3976{ip: 172.17.0.2, host: 077b0f5420d0, networkLocation: /default-rack, certSerialId: null}378ddfc8-7d8d-47f2-b358-35cac2dfdeb9{ip: 172.17.0.2, host: 077b0f5420d0, networkLocation: /default-rack, certSerialId: null}, Type:RATIS, Factor:THREE, State:CLOSED, leaderId:null, CreationTimestamp2020-04-25T00:52:49.985Z] moved to CLOSED state
2020-04-25 00:52:50,521 [Thread-3058] INFO  impl.FollowerState (FollowerState.java:run(108)) - 3cd9ecf8-858f-44dc-b977-29c5822b3976@group-7B58BB8F67D6-FollowerState: change to CANDIDATE, lastRpcTime:10138ms, electionTimeout:5070ms
2020-04-25 00:52:50,521 [Thread-3058] INFO  impl.RoleInfo (RoleInfo.java:shutdownFollowerState(121)) - 3cd9ecf8-858f-44dc-b977-29c5822b3976: shutdown FollowerState
2020-04-25 00:52:50,521 [Thread-3058] INFO  impl.RaftServerImpl (RaftServerImpl.java:setRole(172)) - 3cd9ecf8-858f-44dc-b977-29c5822b3976@group-7B58BB8F67D6: changes role from  FOLLOWER to CANDIDATE at term 2 for changeToCandidate
2020-04-25 00:52:50,521 [Thread-3058] INFO  impl.RoleInfo (RoleInfo.java:updateAndGet(143)) - 3cd9ecf8-858f-44dc-b977-29c5822b3976: start LeaderElection
2020-04-25 00:52:50,523 [3cd9ecf8-858f-44dc-b977-29c5822b3976@group-7B58BB8F67D6-LeaderElection111] INFO  impl.RaftServerImpl (ServerState.java:setLeader(255)) - 3cd9ecf8-858f-44dc-b977-29c5822b3976@group-7B58BB8F67D6: change Leader from 01d66f6b-871f-49cc-8cf1-f917fde7eb54 to null at term 2 for initElection
2020-04-25 00:52:50,525 [3cd9ecf8-858f-44dc-b977-29c5822b3976@group-7B58BB8F67D6-LeaderElection111] INFO  impl.LeaderElection (LeaderElection.java:askForVotes(206)) - 3cd9ecf8-858f-44dc-b977-29c5822b3976@group-7B58BB8F67D6-LeaderElection111: begin an election at term 3 for 0: [f6421666-a5d8-4f0d-9ada-e546d5fd97e1:172.17.0.2:40551, 01d66f6b-871f-49cc-8cf1-f917fde7eb54:172.17.0.2:36377, 3cd9ecf8-858f-44dc-b977-29c5822b3976:172.17.0.2:44085], old=null
2020-04-25 00:52:50,528 [3cd9ecf8-858f-44dc-b977-29c5822b3976@group-7B58BB8F67D6-LeaderElection111] INFO  impl.LeaderElection (LogUtils.java:infoOrTrace(137)) - 3cd9ecf8-858f-44dc-b977-29c5822b3976@group-7B58BB8F67D6-LeaderElection111 got exception when requesting votes: java.util.concurrent.ExecutionException: org.apache.ratis.thirdparty.io.grpc.StatusRuntimeException: UNAVAILABLE: io exception
2020-04-25 00:52:50,539 [3cd9ecf8-858f-44dc-b977-29c5822b3976@group-7B58BB8F67D6-LeaderElection111] INFO  impl.LeaderElection (LogUtils.java:infoOrTrace(137)) - 3cd9ecf8-858f-44dc-b977-29c5822b3976@group-7B58BB8F67D6-LeaderElection111 got exception when requesting votes: java.util.concurrent.ExecutionException: org.apache.ratis.thirdparty.io.grpc.StatusRuntimeException: UNAVAILABLE: io exception
2020-04-25 00:52:50,539 [3cd9ecf8-858f-44dc-b977-29c5822b3976@group-7B58BB8F67D6-LeaderElection111] INFO  impl.LeaderElection (LeaderElection.java:logAndReturn(61)) - 3cd9ecf8-858f-44dc-b977-29c5822b3976@group-7B58BB8F67D6-LeaderElection111: Election REJECTED; received 0 response(s) [] and 2 exception(s); 3cd9ecf8-858f-44dc-b977-29c5822b3976@group-7B58BB8F67D6:t3, leader=null, voted=3cd9ecf8-858f-44dc-b977-29c5822b3976, raftlog=3cd9ecf8-858f-44dc-b977-29c5822b3976@group-7B58BB8F67D6-SegmentedRaftLog:OPENED:c0,f0,i0, conf=0: [f6421666-a5d8-4f0d-9ada-e546d5fd97e1:172.17.0.2:40551, 01d66f6b-871f-49cc-8cf1-f917fde7eb54:172.17.0.2:36377, 3cd9ecf8-858f-44dc-b977-29c5822b3976:172.17.0.2:44085], old=null
2020-04-25 00:52:50,539 [3cd9ecf8-858f-44dc-b977-29c5822b3976@group-7B58BB8F67D6-LeaderElection111] INFO  impl.LeaderElection (LogUtils.java:infoOrTrace(137)) -   Exception 0: java.util.concurrent.ExecutionException: org.apache.ratis.thirdparty.io.grpc.StatusRuntimeException: UNAVAILABLE: io exception
2020-04-25 00:52:50,539 [3cd9ecf8-858f-44dc-b977-29c5822b3976@group-7B58BB8F67D6-LeaderElection111] INFO  impl.LeaderElection (LogUtils.java:infoOrTrace(137)) -   Exception 1: java.util.concurrent.ExecutionException: org.apache.ratis.thirdparty.io.grpc.StatusRuntimeException: UNAVAILABLE: io exception
2020-04-25 00:52:50,539 [3cd9ecf8-858f-44dc-b977-29c5822b3976@group-7B58BB8F67D6-LeaderElection111] INFO  impl.RaftServerImpl (RaftServerImpl.java:setRole(172)) - 3cd9ecf8-858f-44dc-b977-29c5822b3976@group-7B58BB8F67D6: changes role from CANDIDATE to FOLLOWER at term 3 for DISCOVERED_A_NEW_TERM
2020-04-25 00:52:50,539 [3cd9ecf8-858f-44dc-b977-29c5822b3976@group-7B58BB8F67D6-LeaderElection111] INFO  impl.RoleInfo (RoleInfo.java:shutdownLeaderElection(134)) - 3cd9ecf8-858f-44dc-b977-29c5822b3976: shutdown LeaderElection
2020-04-25 00:52:50,539 [3cd9ecf8-858f-44dc-b977-29c5822b3976@group-7B58BB8F67D6-LeaderElection111] INFO  impl.RoleInfo (RoleInfo.java:updateAndGet(143)) - 3cd9ecf8-858f-44dc-b977-29c5822b3976: start FollowerState
2020-04-25 00:52:50,777 [EventQueue-StaleNodeForStaleNodeHandler] INFO  node.StaleNodeHandler (StaleNodeHandler.java:onMessage(58)) - Datanode 44e8018b-e232-4b82-9d12-5076aa410e35{ip: 172.17.0.2, host: 077b0f5420d0, networkLocation: /default-rack, certSerialId: null} moved to stale state. Finalizing its pipelines [PipelineID=ae8a75f2-8a3b-4b14-97e2-4d2f0c4e8244, PipelineID=92dc22da-147d-4ab2-b8af-07f44b6b1f5e, PipelineID=7448f5aa-5b7b-4fd9-acce-7d27136a306b, PipelineID=13105c74-727b-4890-a388-a6d7dbfcc443, PipelineID=6de2b53f-2eb0-4b5a-b9e7-0cb630f518cc]
2020-04-25 00:52:50,777 [EventQueue-StaleNodeForStaleNodeHandler] INFO  pipeline.SCMPipelineManager (SCMPipelineManager.java:finalizeAndDestroyPipeline(397)) - Destroying pipeline:Pipeline[ Id: ae8a75f2-8a3b-4b14-97e2-4d2f0c4e8244, Nodes: 6550183a-8562-43dc-b28b-b6c484dc4935{ip: 172.17.0.2, host: 077b0f5420d0, networkLocation: /default-rack, certSerialId: null}44e8018b-e232-4b82-9d12-5076aa410e35{ip: 172.17.0.2, host: 077b0f5420d0, networkLocation: /default-rack, certSerialId: null}a6f67013-66b6-4a15-861c-57dfff2f433f{ip: 172.17.0.2, host: 077b0f5420d0, networkLocation: /default-rack, certSerialId: null}, Type:RATIS, Factor:THREE, State:CLOSED, leaderId:44e8018b-e232-4b82-9d12-5076aa410e35, CreationTimestamp2020-04-25T00:52:16.712Z]
2020-04-25 00:52:50,777 [EventQueue-DeadNodeForDeadNodeHandler] INFO  pipeline.SCMPipelineManager (SCMPipelineManager.java:finalizeAndDestroyPipeline(397)) - Destroying pipeline:Pipeline[ Id: ae8a75f2-8a3b-4b14-97e2-4d2f0c4e8244, Nodes: 6550183a-8562-43dc-b28b-b6c484dc4935{ip: 172.17.0.2, host: 077b0f5420d0, networkLocation: /default-rack, certSerialId: null}44e8018b-e232-4b82-9d12-5076aa410e35{ip: 172.17.0.2, host: 077b0f5420d0, networkLocation: /default-rack, certSerialId: null}a6f67013-66b6-4a15-861c-57dfff2f433f{ip: 172.17.0.2, host: 077b0f5420d0, networkLocation: /default-rack, certSerialId: null}, Type:RATIS, Factor:THREE, State:CLOSED, leaderId:44e8018b-e232-4b82-9d12-5076aa410e35, CreationTimestamp2020-04-25T00:52:16.712Z]
2020-04-25 00:52:50,778 [EventQueue-StaleNodeForStaleNodeHandler] INFO  pipeline.SCMPipelineManager (SCMPipelineManager.java:finalizeAndDestroyPipeline(397)) - Destroying pipeline:Pipeline[ Id: 92dc22da-147d-4ab2-b8af-07f44b6b1f5e, Nodes: 44e8018b-e232-4b82-9d12-5076aa410e35{ip: 172.17.0.2, host: 077b0f5420d0, networkLocation: /default-rack, certSerialId: null}3cd9ecf8-858f-44dc-b977-29c5822b3976{ip: 172.17.0.2, host: 077b0f5420d0, networkLocation: /default-rack, certSerialId: null}378ddfc8-7d8d-47f2-b358-35cac2dfdeb9{ip: 172.17.0.2, host: 077b0f5420d0, networkLocation: /default-rack, certSerialId: null}, Type:RATIS, Factor:THREE, State:CLOSED, leaderId:null, CreationTimestamp2020-04-25T00:52:49.985Z]
2020-04-25 00:52:50,778 [EventQueue-DeadNodeForDeadNodeHandler] INFO  pipeline.RatisPipelineProvider (RatisPipelineProvider.java:lambda$close$1(176)) - Send pipeline:PipelineID=ae8a75f2-8a3b-4b14-97e2-4d2f0c4e8244 close command to datanode 6550183a-8562-43dc-b28b-b6c484dc4935
2020-04-25 00:52:50,778 [EventQueue-DeadNodeForDeadNodeHandler] INFO  pipeline.RatisPipelineProvider (RatisPipelineProvider.java:lambda$close$1(176)) - Send pipeline:PipelineID=ae8a75f2-8a3b-4b14-97e2-4d2f0c4e8244 close command to datanode 44e8018b-e232-4b82-9d12-5076aa410e35
2020-04-25 00:52:50,778 [EventQueue-DeadNodeForDeadNodeHandler] INFO  pipeline.RatisPipelineProvider (RatisPipelineProvider.java:lambda$close$1(176)) - Send pipeline:PipelineID=ae8a75f2-8a3b-4b14-97e2-4d2f0c4e8244 close command to datanode a6f67013-66b6-4a15-861c-57dfff2f433f
2020-04-25 00:52:50,778 [EventQueue-DeadNodeForDeadNodeHandler] INFO  pipeline.PipelineStateManager (PipelineStateManager.java:removePipeline(105)) - Pipeline Pipeline[ Id: ae8a75f2-8a3b-4b14-97e2-4d2f0c4e8244, Nodes: 6550183a-8562-43dc-b28b-b6c484dc4935{ip: 172.17.0.2, host: 077b0f5420d0, networkLocation: /default-rack, certSerialId: null}44e8018b-e232-4b82-9d12-5076aa410e35{ip: 172.17.0.2, host: 077b0f5420d0, networkLocation: /default-rack, certSerialId: null}a6f67013-66b6-4a15-861c-57dfff2f433f{ip: 172.17.0.2, host: 077b0f5420d0, networkLocation: /default-rack, certSerialId: null}, Type:RATIS, Factor:THREE, State:CLOSED, leaderId:44e8018b-e232-4b82-9d12-5076aa410e35, CreationTimestamp2020-04-25T00:52:16.712Z] removed from db
2020-04-25 00:52:50,778 [EventQueue-DeadNodeForDeadNodeHandler] INFO  pipeline.SCMPipelineManager (SCMPipelineManager.java:finalizeAndDestroyPipeline(397)) - Destroying pipeline:Pipeline[ Id: 41ff482e-e34f-47ca-99c8-e8318d214939, Nodes: 6550183a-8562-43dc-b28b-b6c484dc4935{ip: 172.17.0.2, host: 077b0f5420d0, networkLocation: /default-rack, certSerialId: null}, Type:RATIS, Factor:ONE, State:CLOSED, leaderId:6550183a-8562-43dc-b28b-b6c484dc4935, CreationTimestamp2020-04-25T00:52:16.521Z]
2020-04-25 00:52:50,778 [EventQueue-StaleNodeForStaleNodeHandler] INFO  pipeline.SCMPipelineManager (SCMPipelineManager.java:finalizeAndDestroyPipeline(397)) - Destroying pipeline:Pipeline[ Id: 7448f5aa-5b7b-4fd9-acce-7d27136a306b, Nodes: 44e8018b-e232-4b82-9d12-5076aa410e35{ip: 172.17.0.2, host: 077b0f5420d0, networkLocation: /default-rack, certSerialId: null}3cd9ecf8-858f-44dc-b977-29c5822b3976{ip: 172.17.0.2, host: 077b0f5420d0, networkLocation: /default-rack, certSerialId: null}378ddfc8-7d8d-47f2-b358-35cac2dfdeb9{ip: 172.17.0.2, host: 077b0f5420d0, networkLocation: /default-rack, certSerialId: null}, Type:RATIS, Factor:THREE, State:CLOSED, leaderId:null, CreationTimestamp2020-04-25T00:52:49.985Z]
2020-04-25 00:52:50,779 [RatisPipelineUtilsThread] ERROR pipeline.SCMPipelineManager (SCMPipelineManager.java:createPipeline(222)) - Failed to create pipeline of type RATIS and factor ONE. Exception: Cannot create pipeline of factor 1 using 0 nodes. Used 2 nodes. Healthy nodes 1
2020-04-25 00:52:50,779 [EventQueue-DeadNodeForDeadNodeHandler] INFO  pipeline.RatisPipelineProvider (RatisPipelineProvider.java:lambda$close$1(176)) - Send pipeline:PipelineID=41ff482e-e34f-47ca-99c8-e8318d214939 close command to datanode 6550183a-8562-43dc-b28b-b6c484dc4935
2020-04-25 00:52:50,779 [RatisPipelineUtilsThread] WARN  pipeline.PipelinePlacementPolicy (PipelinePlacementPolicy.java:filterViableNodes(132)) - Pipeline creation failed due to no sufficient healthy datanodes. Required 3. Found 1.
2020-04-25 00:52:50,779 [RatisPipelineUtilsThread] ERROR pipeline.SCMPipelineManager (SCMPipelineManager.java:createPipeline(222)) - Failed to create pipeline of type RATIS and factor THREE. Exception: Pipeline creation failed due to no sufficient healthy datanodes. Required 3. Found 1.
2020-04-25 00:52:50,779 [EventQueue-DeadNodeForDeadNodeHandler] INFO  pipeline.PipelineStateManager (PipelineStateManager.java:removePipeline(105)) - Pipeline Pipeline[ Id: 41ff482e-e34f-47ca-99c8-e8318d214939, Nodes: 6550183a-8562-43dc-b28b-b6c484dc4935{ip: 172.17.0.2, host: 077b0f5420d0, networkLocation: /default-rack, certSerialId: null}, Type:RATIS, Factor:ONE, State:CLOSED, leaderId:6550183a-8562-43dc-b28b-b6c484dc4935, CreationTimestamp2020-04-25T00:52:16.521Z] removed from db
2020-04-25 00:52:50,780 [EventQueue-DeadNodeForDeadNodeHandler] INFO  pipeline.SCMPipelineManager (SCMPipelineManager.java:finalizeAndDestroyPipeline(397)) - Destroying pipeline:Pipeline[ Id: 6de2b53f-2eb0-4b5a-b9e7-0cb630f518cc, Nodes: 6550183a-8562-43dc-b28b-b6c484dc4935{ip: 172.17.0.2, host: 077b0f5420d0, networkLocation: /default-rack, certSerialId: null}44e8018b-e232-4b82-9d12-5076aa410e35{ip: 172.17.0.2, host: 077b0f5420d0, networkLocation: /default-rack, certSerialId: null}a6f67013-66b6-4a15-861c-57dfff2f433f{ip: 172.17.0.2, host: 077b0f5420d0, networkLocation: /default-rack, certSerialId: null}, Type:RATIS, Factor:THREE, State:CLOSED, leaderId:44e8018b-e232-4b82-9d12-5076aa410e35, CreationTimestamp2020-04-25T00:52:16.713Z]
2020-04-25 00:52:50,780 [EventQueue-DeadNodeForDeadNodeHandler] INFO  pipeline.RatisPipelineProvider (RatisPipelineProvider.java:lambda$close$1(176)) - Send pipeline:PipelineID=6de2b53f-2eb0-4b5a-b9e7-0cb630f518cc close command to datanode 6550183a-8562-43dc-b28b-b6c484dc4935
2020-04-25 00:52:50,780 [EventQueue-DeadNodeForDeadNodeHandler] INFO  pipeline.RatisPipelineProvider (RatisPipelineProvider.java:lambda$close$1(176)) - Send pipeline:PipelineID=6de2b53f-2eb0-4b5a-b9e7-0cb630f518cc close command to datanode 44e8018b-e232-4b82-9d12-5076aa410e35
2020-04-25 00:52:50,780 [EventQueue-DeadNodeForDeadNodeHandler] INFO  pipeline.RatisPipelineProvider (RatisPipelineProvider.java:lambda$close$1(176)) - Send pipeline:PipelineID=6de2b53f-2eb0-4b5a-b9e7-0cb630f518cc close command to datanode a6f67013-66b6-4a15-861c-57dfff2f433f
2020-04-25 00:52:50,780 [EventQueue-StaleNodeForStaleNodeHandler] INFO  pipeline.SCMPipelineManager (SCMPipelineManager.java:finalizeAndDestroyPipeline(397)) - Destroying pipeline:Pipeline[ Id: 13105c74-727b-4890-a388-a6d7dbfcc443, Nodes: 44e8018b-e232-4b82-9d12-5076aa410e35{ip: 172.17.0.2, host: 077b0f5420d0, networkLocation: /default-rack, certSerialId: null}, Type:RATIS, Factor:ONE, State:OPEN, leaderId:44e8018b-e232-4b82-9d12-5076aa410e35, CreationTimestamp2020-04-25T00:52:16.456Z]
2020-04-25 00:52:50,780 [EventQueue-DeadNodeForDeadNodeHandler] INFO  pipeline.PipelineStateManager (PipelineStateManager.java:removePipeline(105)) - Pipeline Pipeline[ Id: 6de2b53f-2eb0-4b5a-b9e7-0cb630f518cc, Nodes: 6550183a-8562-43dc-b28b-b6c484dc4935{ip: 172.17.0.2, host: 077b0f5420d0, networkLocation: /default-rack, certSerialId: null}44e8018b-e232-4b82-9d12-5076aa410e35{ip: 172.17.0.2, host: 077b0f5420d0, networkLocation: /default-rack, certSerialId: null}a6f67013-66b6-4a15-861c-57dfff2f433f{ip: 172.17.0.2, host: 077b0f5420d0, networkLocation: /default-rack, certSerialId: null}, Type:RATIS, Factor:THREE, State:CLOSED, leaderId:44e8018b-e232-4b82-9d12-5076aa410e35, CreationTimestamp2020-04-25T00:52:16.713Z] removed from db
2020-04-25 00:52:50,780 [EventQueue-StaleNodeForStaleNodeHandler] INFO  pipeline.PipelineStateManager (PipelineStateManager.java:finalizePipeline(120)) - Pipeline Pipeline[ Id: 13105c74-727b-4890-a388-a6d7dbfcc443, Nodes: 44e8018b-e232-4b82-9d12-5076aa410e35{ip: 172.17.0.2, host: 077b0f5420d0, networkLocation: /default-rack, certSerialId: null}, Type:RATIS, Factor:ONE, State:CLOSED, leaderId:44e8018b-e232-4b82-9d12-5076aa410e35, CreationTimestamp2020-04-25T00:52:16.456Z] moved to CLOSED state
2020-04-25 00:52:50,780 [RatisPipelineUtilsThread] ERROR pipeline.SCMPipelineManager (SCMPipelineManager.java:createPipeline(222)) - Failed to create pipeline of type RATIS and factor ONE. Exception: Cannot create pipeline of factor 1 using 0 nodes. Used 1 nodes. Healthy nodes 1
2020-04-25 00:52:50,781 [EventQueue-StaleNodeForStaleNodeHandler] INFO  node.StaleNodeHandler (StaleNodeHandler.java:onMessage(65)) - Could not finalize pipeline=PipelineID=6de2b53f-2eb0-4b5a-b9e7-0cb630f518cc for dn=44e8018b-e232-4b82-9d12-5076aa410e35{ip: 172.17.0.2, host: 077b0f5420d0, networkLocation: /default-rack, certSerialId: null}
2020-04-25 00:52:50,781 [RatisPipelineUtilsThread] WARN  pipeline.PipelinePlacementPolicy (PipelinePlacementPolicy.java:filterViableNodes(132)) - Pipeline creation failed due to no sufficient healthy datanodes. Required 3. Found 1.
2020-04-25 00:52:50,781 [RatisPipelineUtilsThread] ERROR pipeline.SCMPipelineManager (SCMPipelineManager.java:createPipeline(222)) - Failed to create pipeline of type RATIS and factor THREE. Exception: Pipeline creation failed due to no sufficient healthy datanodes. Required 3. Found 1.
2020-04-25 00:52:50,971 [main] INFO  ozoneimpl.OzoneContainer (OzoneContainer.java:stop(246)) - Attempting to stop container services.
2020-04-25 00:52:50,971 [main] INFO  impl.RaftServerProxy (RaftServerProxy.java:lambda$close$4(314)) - 3cd9ecf8-858f-44dc-b977-29c5822b3976: close
2020-04-25 00:52:50,972 [main] INFO  impl.RaftServerImpl (RaftServerImpl.java:lambda$shutdown$3(249)) - 3cd9ecf8-858f-44dc-b977-29c5822b3976@group-D671BE9EB83E: shutdown
2020-04-25 00:52:50,972 [ForkJoinPool.commonPool-worker-0] INFO  impl.RaftServerImpl (RaftServerImpl.java:lambda$shutdown$3(249)) - 3cd9ecf8-858f-44dc-b977-29c5822b3976@group-7B58BB8F67D6: shutdown
2020-04-25 00:52:50,972 [ForkJoinPool.commonPool-worker-0] INFO  util.JmxRegister (JmxRegister.java:unregister(73)) - Successfully un-registered JMX Bean with object name Ratis:service=RaftServer,group=group-7B58BB8F67D6,id=3cd9ecf8-858f-44dc-b977-29c5822b3976
2020-04-25 00:52:50,972 [main] INFO  util.JmxRegister (JmxRegister.java:unregister(73)) - Successfully un-registered JMX Bean with object name Ratis:service=RaftServer,group=group-D671BE9EB83E,id=3cd9ecf8-858f-44dc-b977-29c5822b3976
2020-04-25 00:52:50,972 [main] INFO  impl.RoleInfo (RoleInfo.java:shutdownLeaderState(104)) - 3cd9ecf8-858f-44dc-b977-29c5822b3976: shutdown LeaderState
2020-04-25 00:52:50,972 [ForkJoinPool.commonPool-worker-0] INFO  impl.RoleInfo (RoleInfo.java:shutdownFollowerState(121)) - 3cd9ecf8-858f-44dc-b977-29c5822b3976: shutdown FollowerState
2020-04-25 00:52:50,973 [org.apache.ratis.server.impl.LogAppender$AppenderDaemon$$Lambda$440/1185594983@7df312b] WARN  server.GrpcLogAppender (GrpcLogAppender.java:mayWait(153)) - 3cd9ecf8-858f-44dc-b977-29c5822b3976@group-D671BE9EB83E->f6421666-a5d8-4f0d-9ada-e546d5fd97e1-GrpcLogAppender: Wait interrupted by java.lang.InterruptedException
2020-04-25 00:52:50,974 [Thread-3112] INFO  impl.FollowerState (FollowerState.java:run(117)) - 3cd9ecf8-858f-44dc-b977-29c5822b3976@group-7B58BB8F67D6-FollowerState was interrupted: java.lang.InterruptedException: sleep interrupted
2020-04-25 00:52:50,973 [ForkJoinPool.commonPool-worker-0] INFO  impl.StateMachineUpdater (StateMachineUpdater.java:stopAndJoin(139)) - 3cd9ecf8-858f-44dc-b977-29c5822b3976@group-7B58BB8F67D6-StateMachineUpdater: set stopIndex = 0
2020-04-25 00:52:50,974 [3cd9ecf8-858f-44dc-b977-29c5822b3976@group-7B58BB8F67D6-StateMachineUpdater] INFO  ratis.ContainerStateMachine (ContainerStateMachine.java:takeSnapshot(288)) - group-7B58BB8F67D6: Taking a snapshot at:(t:2, i:0) file /github/workspace/mnt/ozone/hadoop-ozone/integration-test/target/test-dir/MiniOzoneClusterImpl-fac2b43d-d0f4-41bd-8b0e-0750bdad7e42/datanode-5/data/ratis/caf77ddf-b422-4109-976a-7b58bb8f67d6/sm/snapshot.2_0
2020-04-25 00:52:50,977 [3cd9ecf8-858f-44dc-b977-29c5822b3976@group-7B58BB8F67D6-StateMachineUpdater] INFO  ratis.ContainerStateMachine (ContainerStateMachine.java:takeSnapshot(299)) - group-7B58BB8F67D6: Finished taking a snapshot at:(t:2, i:0) file:/github/workspace/mnt/ozone/hadoop-ozone/integration-test/target/test-dir/MiniOzoneClusterImpl-fac2b43d-d0f4-41bd-8b0e-0750bdad7e42/datanode-5/data/ratis/caf77ddf-b422-4109-976a-7b58bb8f67d6/sm/snapshot.2_0 time:3
2020-04-25 00:52:50,977 [main] INFO  impl.PendingRequests (PendingRequests.java:sendNotLeaderResponses(240)) - 3cd9ecf8-858f-44dc-b977-29c5822b3976@group-D671BE9EB83E-PendingRequests: sendNotLeaderResponses
2020-04-25 00:52:50,977 [3cd9ecf8-858f-44dc-b977-29c5822b3976@group-7B58BB8F67D6-StateMachineUpdater] INFO  impl.StateMachineUpdater (StateMachineUpdater.java:takeSnapshot(274)) - 3cd9ecf8-858f-44dc-b977-29c5822b3976@group-7B58BB8F67D6-StateMachineUpdater: Took a snapshot at index 0
2020-04-25 00:52:50,977 [3cd9ecf8-858f-44dc-b977-29c5822b3976@group-7B58BB8F67D6-StateMachineUpdater] INFO  impl.StateMachineUpdater (StateMachineUpdater.java:lambda$new$0(86)) - 3cd9ecf8-858f-44dc-b977-29c5822b3976@group-7B58BB8F67D6-StateMachineUpdater: snapshotIndex: updateIncreasingly -1 -> 0
2020-04-25 00:52:50,977 [3cd9ecf8-858f-44dc-b977-29c5822b3976@group-7B58BB8F67D6-StateMachineUpdater] INFO  metrics.RatisMetrics (RatisMetrics.java:unregister(46)) - Unregistering Metrics Registry : ratis.state_machine.3cd9ecf8-858f-44dc-b977-29c5822b3976@group-7B58BB8F67D6
2020-04-25 00:52:50,977 [ForkJoinPool.commonPool-worker-0] INFO  impl.RaftServerImpl (ServerState.java:close(387)) - 3cd9ecf8-858f-44dc-b977-29c5822b3976@group-7B58BB8F67D6: closes. applyIndex: 0
2020-04-25 00:52:50,977 [main] INFO  metrics.RatisMetrics (RatisMetrics.java:unregister(46)) - Unregistering Metrics Registry : ratis.log_appender.3cd9ecf8-858f-44dc-b977-29c5822b3976@group-D671BE9EB83E
2020-04-25 00:52:50,977 [org.apache.ratis.server.impl.LogAppender$AppenderDaemon$$Lambda$440/1185594983@19689f3e] WARN  server.GrpcLogAppender (GrpcLogAppender.java:mayWait(153)) - 3cd9ecf8-858f-44dc-b977-29c5822b3976@group-D671BE9EB83E->01d66f6b-871f-49cc-8cf1-f917fde7eb54-GrpcLogAppender: Wait interrupted by java.lang.InterruptedException
2020-04-25 00:52:50,978 [3cd9ecf8-858f-44dc-b977-29c5822b3976@group-D671BE9EB83E-StateMachineUpdater] INFO  ratis.ContainerStateMachine (ContainerStateMachine.java:takeSnapshot(288)) - group-D671BE9EB83E: Taking a snapshot at:(t:1, i:0) file /github/workspace/mnt/ozone/hadoop-ozone/integration-test/target/test-dir/MiniOzoneClusterImpl-fac2b43d-d0f4-41bd-8b0e-0750bdad7e42/datanode-5/data/ratis/590aa6df-e18f-4cb8-b7c3-d671be9eb83e/sm/snapshot.1_0
2020-04-25 00:52:50,979 [main] INFO  impl.StateMachineUpdater (StateMachineUpdater.java:stopAndJoin(139)) - 3cd9ecf8-858f-44dc-b977-29c5822b3976@group-D671BE9EB83E-StateMachineUpdater: set stopIndex = 0
2020-04-25 00:52:50,979 [3cd9ecf8-858f-44dc-b977-29c5822b3976@group-D671BE9EB83E-StateMachineUpdater] INFO  ratis.ContainerStateMachine (ContainerStateMachine.java:takeSnapshot(299)) - group-D671BE9EB83E: Finished taking a snapshot at:(t:1, i:0) file:/github/workspace/mnt/ozone/hadoop-ozone/integration-test/target/test-dir/MiniOzoneClusterImpl-fac2b43d-d0f4-41bd-8b0e-0750bdad7e42/datanode-5/data/ratis/590aa6df-e18f-4cb8-b7c3-d671be9eb83e/sm/snapshot.1_0 time:0
2020-04-25 00:52:50,979 [3cd9ecf8-858f-44dc-b977-29c5822b3976@group-D671BE9EB83E-StateMachineUpdater] INFO  impl.StateMachineUpdater (StateMachineUpdater.java:takeSnapshot(274)) - 3cd9ecf8-858f-44dc-b977-29c5822b3976@group-D671BE9EB83E-StateMachineUpdater: Took a snapshot at index 0
2020-04-25 00:52:50,979 [3cd9ecf8-858f-44dc-b977-29c5822b3976@group-D671BE9EB83E-StateMachineUpdater] INFO  impl.StateMachineUpdater (StateMachineUpdater.java:lambda$new$0(86)) - 3cd9ecf8-858f-44dc-b977-29c5822b3976@group-D671BE9EB83E-StateMachineUpdater: snapshotIndex: updateIncreasingly -1 -> 0
2020-04-25 00:52:50,979 [3cd9ecf8-858f-44dc-b977-29c5822b3976@group-D671BE9EB83E-StateMachineUpdater] INFO  metrics.RatisMetrics (RatisMetrics.java:unregister(46)) - Unregistering Metrics Registry : ratis.state_machine.3cd9ecf8-858f-44dc-b977-29c5822b3976@group-D671BE9EB83E
2020-04-25 00:52:50,979 [main] INFO  impl.RaftServerImpl (ServerState.java:close(387)) - 3cd9ecf8-858f-44dc-b977-29c5822b3976@group-D671BE9EB83E: closes. applyIndex: 0
2020-04-25 00:52:50,980 [3cd9ecf8-858f-44dc-b977-29c5822b3976@group-D671BE9EB83E-SegmentedRaftLogWorker] INFO  segmented.SegmentedRaftLogWorker (SegmentedRaftLogWorker.java:run(321)) - 3cd9ecf8-858f-44dc-b977-29c5822b3976@group-D671BE9EB83E-SegmentedRaftLogWorker was interrupted, exiting. There are 0 tasks remaining in the queue.
2020-04-25 00:52:50,980 [main] INFO  segmented.SegmentedRaftLogWorker (SegmentedRaftLogWorker.java:close(229)) - 3cd9ecf8-858f-44dc-b977-29c5822b3976@group-D671BE9EB83E-SegmentedRaftLogWorker close()
2020-04-25 00:52:50,980 [3cd9ecf8-858f-44dc-b977-29c5822b3976@group-7B58BB8F67D6-SegmentedRaftLogWorker] INFO  segmented.SegmentedRaftLogWorker (SegmentedRaftLogWorker.java:run(321)) - 3cd9ecf8-858f-44dc-b977-29c5822b3976@group-7B58BB8F67D6-SegmentedRaftLogWorker was interrupted, exiting. There are 0 tasks remaining in the queue.
2020-04-25 00:52:50,981 [ForkJoinPool.commonPool-worker-0] INFO  segmented.SegmentedRaftLogWorker (SegmentedRaftLogWorker.java:close(229)) - 3cd9ecf8-858f-44dc-b977-29c5822b3976@group-7B58BB8F67D6-SegmentedRaftLogWorker close()
2020-04-25 00:52:50,982 [ForkJoinPool.commonPool-worker-0] INFO  metrics.RatisMetrics (RatisMetrics.java:unregister(46)) - Unregistering Metrics Registry : ratis.log_worker.3cd9ecf8-858f-44dc-b977-29c5822b3976
2020-04-25 00:52:50,982 [ForkJoinPool.commonPool-worker-0] INFO  metrics.RatisMetrics (RatisMetrics.java:unregister(46)) - Unregistering Metrics Registry : ratis.leader_election.3cd9ecf8-858f-44dc-b977-29c5822b3976@group-7B58BB8F67D6
2020-04-25 00:52:50,982 [ForkJoinPool.commonPool-worker-0] INFO  metrics.RatisMetrics (RatisMetrics.java:unregister(46)) - Unregistering Metrics Registry : ratis.server.3cd9ecf8-858f-44dc-b977-29c5822b3976@group-7B58BB8F67D6
2020-04-25 00:52:50,982 [ForkJoinPool.commonPool-worker-0] INFO  impl.RaftServerImpl (RaftServerImpl.java:lambda$shutdown$3(249)) - 3cd9ecf8-858f-44dc-b977-29c5822b3976@group-33C48084FCC9: shutdown
2020-04-25 00:52:50,982 [ForkJoinPool.commonPool-worker-0] INFO  util.JmxRegister (JmxRegister.java:unregister(73)) - Successfully un-registered JMX Bean with object name Ratis:service=RaftServer,group=group-33C48084FCC9,id=3cd9ecf8-858f-44dc-b977-29c5822b3976
2020-04-25 00:52:50,982 [ForkJoinPool.commonPool-worker-0] INFO  impl.RoleInfo (RoleInfo.java:shutdownLeaderState(104)) - 3cd9ecf8-858f-44dc-b977-29c5822b3976: shutdown LeaderState
2020-04-25 00:52:50,982 [ForkJoinPool.commonPool-worker-0] INFO  impl.PendingRequests (PendingRequests.java:sendNotLeaderResponses(240)) - 3cd9ecf8-858f-44dc-b977-29c5822b3976@group-33C48084FCC9-PendingRequests: sendNotLeaderResponses
2020-04-25 00:52:50,983 [ForkJoinPool.commonPool-worker-0] INFO  metrics.RatisMetrics (RatisMetrics.java:unregister(46)) - Unregistering Metrics Registry : ratis.log_appender.3cd9ecf8-858f-44dc-b977-29c5822b3976@group-33C48084FCC9
2020-04-25 00:52:50,983 [ForkJoinPool.commonPool-worker-0] INFO  impl.StateMachineUpdater (StateMachineUpdater.java:stopAndJoin(139)) - 3cd9ecf8-858f-44dc-b977-29c5822b3976@group-33C48084FCC9-StateMachineUpdater: set stopIndex = 0
2020-04-25 00:52:50,983 [main] INFO  metrics.RatisMetrics (RatisMetrics.java:unregister(46)) - Unregistering Metrics Registry : ratis.log_worker.3cd9ecf8-858f-44dc-b977-29c5822b3976
2020-04-25 00:52:50,983 [main] INFO  metrics.RatisMetrics (RatisMetrics.java:unregister(46)) - Unregistering Metrics Registry : ratis.leader_election.3cd9ecf8-858f-44dc-b977-29c5822b3976@group-D671BE9EB83E
2020-04-25 00:52:50,983 [3cd9ecf8-858f-44dc-b977-29c5822b3976@group-33C48084FCC9-StateMachineUpdater] INFO  ratis.ContainerStateMachine (ContainerStateMachine.java:takeSnapshot(288)) - group-33C48084FCC9: Taking a snapshot at:(t:1, i:0) file /github/workspace/mnt/ozone/hadoop-ozone/integration-test/target/test-dir/MiniOzoneClusterImpl-fac2b43d-d0f4-41bd-8b0e-0750bdad7e42/datanode-5/data/ratis/d4ea869c-362b-4805-919d-33c48084fcc9/sm/snapshot.1_0
2020-04-25 00:52:50,983 [main] INFO  metrics.RatisMetrics (RatisMetrics.java:unregister(46)) - Unregistering Metrics Registry : ratis.server.3cd9ecf8-858f-44dc-b977-29c5822b3976@group-D671BE9EB83E
2020-04-25 00:52:50,984 [3cd9ecf8-858f-44dc-b977-29c5822b3976@group-33C48084FCC9-StateMachineUpdater] INFO  ratis.ContainerStateMachine (ContainerStateMachine.java:takeSnapshot(299)) - group-33C48084FCC9: Finished taking a snapshot at:(t:1, i:0) file:/github/workspace/mnt/ozone/hadoop-ozone/integration-test/target/test-dir/MiniOzoneClusterImpl-fac2b43d-d0f4-41bd-8b0e-0750bdad7e42/datanode-5/data/ratis/d4ea869c-362b-4805-919d-33c48084fcc9/sm/snapshot.1_0 time:1
2020-04-25 00:52:50,984 [3cd9ecf8-858f-44dc-b977-29c5822b3976@group-33C48084FCC9-StateMachineUpdater] INFO  impl.StateMachineUpdater (StateMachineUpdater.java:takeSnapshot(274)) - 3cd9ecf8-858f-44dc-b977-29c5822b3976@group-33C48084FCC9-StateMachineUpdater: Took a snapshot at index 0
2020-04-25 00:52:50,984 [3cd9ecf8-858f-44dc-b977-29c5822b3976@group-33C48084FCC9-StateMachineUpdater] INFO  impl.StateMachineUpdater (StateMachineUpdater.java:lambda$new$0(86)) - 3cd9ecf8-858f-44dc-b977-29c5822b3976@group-33C48084FCC9-StateMachineUpdater: snapshotIndex: updateIncreasingly -1 -> 0
2020-04-25 00:52:50,984 [3cd9ecf8-858f-44dc-b977-29c5822b3976@group-33C48084FCC9-StateMachineUpdater] INFO  metrics.RatisMetrics (RatisMetrics.java:unregister(46)) - Unregistering Metrics Registry : ratis.state_machine.3cd9ecf8-858f-44dc-b977-29c5822b3976@group-33C48084FCC9
2020-04-25 00:52:50,984 [ForkJoinPool.commonPool-worker-0] INFO  impl.RaftServerImpl (ServerState.java:close(387)) - 3cd9ecf8-858f-44dc-b977-29c5822b3976@group-33C48084FCC9: closes. applyIndex: 0
2020-04-25 00:52:50,985 [3cd9ecf8-858f-44dc-b977-29c5822b3976@group-33C48084FCC9-SegmentedRaftLogWorker] INFO  segmented.SegmentedRaftLogWorker (SegmentedRaftLogWorker.java:run(321)) - 3cd9ecf8-858f-44dc-b977-29c5822b3976@group-33C48084FCC9-SegmentedRaftLogWorker was interrupted, exiting. There are 0 tasks remaining in the queue.
2020-04-25 00:52:50,985 [ForkJoinPool.commonPool-worker-0] INFO  segmented.SegmentedRaftLogWorker (SegmentedRaftLogWorker.java:close(229)) - 3cd9ecf8-858f-44dc-b977-29c5822b3976@group-33C48084FCC9-SegmentedRaftLogWorker close()
2020-04-25 00:52:50,985 [ForkJoinPool.commonPool-worker-0] INFO  metrics.RatisMetrics (RatisMetrics.java:unregister(46)) - Unregistering Metrics Registry : ratis.log_worker.3cd9ecf8-858f-44dc-b977-29c5822b3976
2020-04-25 00:52:50,985 [ForkJoinPool.commonPool-worker-0] INFO  metrics.RatisMetrics (RatisMetrics.java:unregister(46)) - Unregistering Metrics Registry : ratis.leader_election.3cd9ecf8-858f-44dc-b977-29c5822b3976@group-33C48084FCC9
2020-04-25 00:52:50,985 [ForkJoinPool.commonPool-worker-0] INFO  metrics.RatisMetrics (RatisMetrics.java:unregister(46)) - Unregistering Metrics Registry : ratis.server.3cd9ecf8-858f-44dc-b977-29c5822b3976@group-33C48084FCC9
2020-04-25 00:52:50,986 [main] INFO  server.GrpcService (GrpcService.java:closeImpl(165)) - 3cd9ecf8-858f-44dc-b977-29c5822b3976: shutdown server with port 44085 now
2020-04-25 00:52:50,986 [main] INFO  server.GrpcService (GrpcService.java:closeImpl(173)) - 3cd9ecf8-858f-44dc-b977-29c5822b3976: shutdown server with port 44085 successfully
2020-04-25 00:52:51,004 [main] INFO  utils.BackgroundService (BackgroundService.java:shutdown(157)) - Shutting down service BlockDeletingService
2020-04-25 00:52:51,006 [main] INFO  statemachine.DatanodeStateMachine (DatanodeStateMachine.java:stopDaemon(424)) - Ozone container server stopped.
2020-04-25 00:52:51,007 [main] INFO  handler.ContextHandler (ContextHandler.java:doStop(1016)) - Stopped o.e.j.w.WebAppContext@46510efb{hddsDatanode,/,null,UNAVAILABLE}{jar:file:/home/user/.m2/repository/org/apache/hadoop/hadoop-hdds-container-service/0.6.0-SNAPSHOT/hadoop-hdds-container-service-0.6.0-SNAPSHOT.jar!/webapps/hddsDatanode}
2020-04-25 00:52:51,008 [main] INFO  server.AbstractConnector (AbstractConnector.java:doStop(380)) - Stopped ServerConnector@5b8b5f5a{HTTP/1.1,[http/1.1]}{0.0.0.0:0}
2020-04-25 00:52:51,008 [main] INFO  server.session (HouseKeeper.java:stopScavenging(158)) - node0 Stopped scavenging
2020-04-25 00:52:51,008 [main] INFO  handler.ContextHandler (ContextHandler.java:doStop(1016)) - Stopped o.e.j.s.ServletContextHandler@7385475e{static,/static,jar:file:/home/user/.m2/repository/org/apache/hadoop/hadoop-hdds-container-service/0.6.0-SNAPSHOT/hadoop-hdds-container-service-0.6.0-SNAPSHOT.jar!/webapps/static,UNAVAILABLE}
2020-04-25 00:52:51,009 [main] INFO  handler.ContextHandler (ContextHandler.java:doStop(1016)) - Stopped o.e.j.s.ServletContextHandler@206ef3f4{logs,/logs,file:///github/workspace/mnt/ozone/hadoop-ozone/integration-test/target/log,UNAVAILABLE}
2020-04-25 00:52:51,009 [main] INFO  ozone.MiniOzoneClusterImpl (MiniOzoneClusterImpl.java:stopSCM(476)) - Stopping the StorageContainerManager
2020-04-25 00:52:51,009 [main] INFO  server.StorageContainerManager (StorageContainerManager.java:stop(824)) - Stopping Replication Manager Service.
2020-04-25 00:52:51,010 [main] INFO  container.ReplicationManager (ReplicationManager.java:stop(206)) - Stopping Replication Monitor Thread.
2020-04-25 00:52:51,010 [main] INFO  server.StorageContainerManager (StorageContainerManager.java:stop(831)) - Stopping Lease Manager of the command watchers
2020-04-25 00:52:51,010 [main] INFO  server.StorageContainerManager (StorageContainerManager.java:stop(838)) - Stopping datanode service RPC server
2020-04-25 00:52:51,010 [main] INFO  server.SCMDatanodeProtocolServer (SCMDatanodeProtocolServer.java:stop(361)) - Stopping the RPC server for DataNodes
2020-04-25 00:52:51,010 [CommandWatcher-LeaseManager#LeaseMonitor] ERROR lease.LeaseManager (LeaseManager.java:run(238)) - Execution was interrupted 
java.lang.InterruptedException: sleep interrupted
	at java.lang.Thread.sleep(Native Method)
	at org.apache.hadoop.ozone.lease.LeaseManager$LeaseMonitor.run(LeaseManager.java:234)
	at java.lang.Thread.run(Thread.java:748)
2020-04-25 00:52:51,010 [main] INFO  ipc.Server (Server.java:stop(3082)) - Stopping server on 37323
2020-04-25 00:52:51,011 [IPC Server listener on 37323] INFO  ipc.Server (Server.java:run(1185)) - Stopping IPC Server listener on 37323
2020-04-25 00:52:51,013 [IPC Server Responder] INFO  ipc.Server (Server.java:run(1319)) - Stopping IPC Server Responder
2020-04-25 00:52:51,077 [SCM Heartbeat Processing Thread - 0] WARN  node.NodeStateManager (NodeStateManager.java:scheduleNextHealthCheck(661)) - Current Thread is interrupted, shutting down HB processing thread for Node Manager.
2020-04-25 00:52:51,078 [main] INFO  server.StorageContainerManager (StorageContainerManager.java:stop(846)) - Stopping block service RPC server
2020-04-25 00:52:51,078 [main] INFO  server.SCMBlockProtocolServer (SCMBlockProtocolServer.java:stop(158)) - Stopping the RPC server for Block Protocol
2020-04-25 00:52:51,078 [main] INFO  ipc.Server (Server.java:stop(3082)) - Stopping server on 34155
2020-04-25 00:52:51,080 [IPC Server listener on 34155] INFO  ipc.Server (Server.java:run(1185)) - Stopping IPC Server listener on 34155
2020-04-25 00:52:51,080 [IPC Server Responder] INFO  ipc.Server (Server.java:run(1319)) - Stopping IPC Server Responder
2020-04-25 00:52:51,082 [main] INFO  server.StorageContainerManager (StorageContainerManager.java:stop(853)) - Stopping the StorageContainerLocationProtocol RPC server
2020-04-25 00:52:51,082 [main] INFO  server.SCMClientProtocolServer (SCMClientProtocolServer.java:stop(164)) - Stopping the RPC server for Client Protocol
2020-04-25 00:52:51,083 [main] INFO  ipc.Server (Server.java:stop(3082)) - Stopping server on 37191
2020-04-25 00:52:51,083 [IPC Server listener on 37191] INFO  ipc.Server (Server.java:run(1185)) - Stopping IPC Server listener on 37191
2020-04-25 00:52:51,084 [IPC Server Responder] INFO  ipc.Server (Server.java:run(1319)) - Stopping IPC Server Responder
2020-04-25 00:52:51,085 [main] INFO  server.StorageContainerManager (StorageContainerManager.java:stop(860)) - Stopping Storage Container Manager HTTP server.
2020-04-25 00:52:51,086 [main] INFO  handler.ContextHandler (ContextHandler.java:doStop(1016)) - Stopped o.e.j.w.WebAppContext@1d02071c{scm,/,null,UNAVAILABLE}{file:/github/workspace/mnt/ozone/hadoop-ozone/integration-test/target/test-classes/webapps/scm}
2020-04-25 00:52:51,087 [main] INFO  server.AbstractConnector (AbstractConnector.java:doStop(380)) - Stopped ServerConnector@43d2de72{HTTP/1.1,[http/1.1]}{0.0.0.0:0}
2020-04-25 00:52:51,087 [main] INFO  server.session (HouseKeeper.java:stopScavenging(158)) - node0 Stopped scavenging
2020-04-25 00:52:51,087 [main] INFO  handler.ContextHandler (ContextHandler.java:doStop(1016)) - Stopped o.e.j.s.ServletContextHandler@39d63889{static,/static,file:///github/workspace/mnt/ozone/hadoop-ozone/integration-test/target/test-classes/webapps/static,UNAVAILABLE}
2020-04-25 00:52:51,087 [main] INFO  handler.ContextHandler (ContextHandler.java:doStop(1016)) - Stopped o.e.j.s.ServletContextHandler@433c1f40{logs,/logs,file:///github/workspace/mnt/ozone/hadoop-ozone/integration-test/target/log,UNAVAILABLE}
2020-04-25 00:52:51,088 [main] INFO  server.StorageContainerManager (StorageContainerManager.java:stop(871)) - Stopping Block Manager Service.
2020-04-25 00:52:51,088 [main] INFO  utils.BackgroundService (BackgroundService.java:shutdown(157)) - Shutting down service SCMBlockDeletingService
2020-04-25 00:52:51,088 [main] INFO  utils.BackgroundService (BackgroundService.java:shutdown(157)) - Shutting down service SCMBlockDeletingService
2020-04-25 00:52:51,088 [main] INFO  server.StorageContainerManager (StorageContainerManager.java:stop(896)) - Stopping SCM Event Queue.
2020-04-25 00:52:51,091 [main] INFO  impl.MetricsSystemImpl (MetricsSystemImpl.java:stop(210)) - Stopping HddsDatanode metrics system...
2020-04-25 00:52:51,099 [main] INFO  impl.MetricsSystemImpl (MetricsSystemImpl.java:stop(216)) - HddsDatanode metrics system stopped.
]]></system-out>
    <system-err><![CDATA[Apr 25, 2020 12:52:19 AM org.apache.ratis.thirdparty.io.grpc.internal.ManagedChannelOrphanWrapper$ManagedChannelReference cleanQueue
SEVERE: *~*~*~ Channel ManagedChannelImpl{logId=1652, target=172.17.0.2:42315} was not shutdown properly!!! ~*~*~*
    Make sure to call shutdown()/shutdownNow() and wait until awaitTermination() returns true.
java.lang.RuntimeException: ManagedChannel allocation site
	at org.apache.ratis.thirdparty.io.grpc.internal.ManagedChannelOrphanWrapper$ManagedChannelReference.<init>(ManagedChannelOrphanWrapper.java:94)
	at org.apache.ratis.thirdparty.io.grpc.internal.ManagedChannelOrphanWrapper.<init>(ManagedChannelOrphanWrapper.java:52)
	at org.apache.ratis.thirdparty.io.grpc.internal.ManagedChannelOrphanWrapper.<init>(ManagedChannelOrphanWrapper.java:43)
	at org.apache.ratis.thirdparty.io.grpc.internal.AbstractManagedChannelImplBuilder.build(AbstractManagedChannelImplBuilder.java:512)
	at org.apache.hadoop.hdds.scm.XceiverClientGrpc.connectToDatanode(XceiverClientGrpc.java:191)
	at org.apache.hadoop.hdds.scm.XceiverClientGrpc.connect(XceiverClientGrpc.java:140)
	at org.apache.hadoop.hdds.scm.XceiverClientManager$2.call(XceiverClientManager.java:244)
	at org.apache.hadoop.hdds.scm.XceiverClientManager$2.call(XceiverClientManager.java:228)
	at com.google.common.cache.LocalCache$LocalManualCache$1.load(LocalCache.java:4876)
	at com.google.common.cache.LocalCache$LoadingValueReference.loadFuture(LocalCache.java:3529)
	at com.google.common.cache.LocalCache$Segment.loadSync(LocalCache.java:2278)
	at com.google.common.cache.LocalCache$Segment.lockedGetOrLoad(LocalCache.java:2155)
	at com.google.common.cache.LocalCache$Segment.get(LocalCache.java:2045)
	at com.google.common.cache.LocalCache.get(LocalCache.java:3951)
	at com.google.common.cache.LocalCache$LocalManualCache.get(LocalCache.java:4871)
	at org.apache.hadoop.hdds.scm.XceiverClientManager.getClient(XceiverClientManager.java:228)
	at org.apache.hadoop.hdds.scm.XceiverClientManager.acquireClient(XceiverClientManager.java:174)
	at org.apache.hadoop.hdds.scm.XceiverClientManager.acquireClientForReadData(XceiverClientManager.java:164)
	at org.apache.hadoop.hdds.scm.storage.BlockInputStream.getChunkInfos(BlockInputStream.java:184)
	at org.apache.hadoop.hdds.scm.storage.BlockInputStream.initialize(BlockInputStream.java:133)
	at org.apache.hadoop.hdds.scm.storage.BlockInputStream.read(BlockInputStream.java:254)
	at org.apache.hadoop.ozone.client.io.KeyInputStream.read(KeyInputStream.java:197)
	at org.apache.hadoop.ozone.client.io.OzoneInputStream.read(OzoneInputStream.java:47)
	at java.io.InputStream.read(InputStream.java:101)
	at org.apache.hadoop.ozone.container.TestHelper.validateData(TestHelper.java:128)
	at org.apache.hadoop.ozone.client.rpc.TestBlockOutputStreamWithFailures.validateData(TestBlockOutputStreamWithFailures.java:852)
	at org.apache.hadoop.ozone.client.rpc.TestBlockOutputStreamWithFailures.testWatchForCommitDatanodeFailure(TestBlockOutputStreamWithFailures.java:317)
	at sun.reflect.NativeMethodAccessorImpl.invoke0(Native Method)
	at sun.reflect.NativeMethodAccessorImpl.invoke(NativeMethodAccessorImpl.java:62)
	at sun.reflect.DelegatingMethodAccessorImpl.invoke(DelegatingMethodAccessorImpl.java:43)
	at java.lang.reflect.Method.invoke(Method.java:498)
	at org.junit.runners.model.FrameworkMethod$1.runReflectiveCall(FrameworkMethod.java:47)
	at org.junit.internal.runners.model.ReflectiveCallable.run(ReflectiveCallable.java:12)
	at org.junit.runners.model.FrameworkMethod.invokeExplosively(FrameworkMethod.java:44)
	at org.junit.internal.runners.statements.InvokeMethod.evaluate(InvokeMethod.java:17)
	at org.junit.internal.runners.statements.RunBefores.evaluate(RunBefores.java:26)
	at org.junit.internal.runners.statements.RunAfters.evaluate(RunAfters.java:27)
	at org.junit.runners.ParentRunner.runLeaf(ParentRunner.java:271)
	at org.junit.runners.BlockJUnit4ClassRunner.runChild(BlockJUnit4ClassRunner.java:70)
	at org.junit.runners.BlockJUnit4ClassRunner.runChild(BlockJUnit4ClassRunner.java:50)
	at org.junit.runners.ParentRunner$3.run(ParentRunner.java:238)
	at org.junit.runners.ParentRunner$1.schedule(ParentRunner.java:63)
	at org.junit.runners.ParentRunner.runChildren(ParentRunner.java:236)
	at org.junit.runners.ParentRunner.access$000(ParentRunner.java:53)
	at org.junit.runners.ParentRunner$2.evaluate(ParentRunner.java:229)
	at org.junit.runners.ParentRunner.run(ParentRunner.java:309)
	at org.apache.maven.surefire.junit4.JUnit4Provider.execute(JUnit4Provider.java:365)
	at org.apache.maven.surefire.junit4.JUnit4Provider.executeWithRerun(JUnit4Provider.java:273)
	at org.apache.maven.surefire.junit4.JUnit4Provider.executeTestSet(JUnit4Provider.java:238)
	at org.apache.maven.surefire.junit4.JUnit4Provider.invoke(JUnit4Provider.java:159)
	at org.apache.maven.surefire.booter.ForkedBooter.invokeProviderInSameClassLoader(ForkedBooter.java:384)
	at org.apache.maven.surefire.booter.ForkedBooter.runSuitesInProcess(ForkedBooter.java:345)
	at org.apache.maven.surefire.booter.ForkedBooter.execute(ForkedBooter.java:126)
	at org.apache.maven.surefire.booter.ForkedBooter.main(ForkedBooter.java:418)

Apr 25, 2020 12:52:19 AM org.apache.ratis.thirdparty.io.grpc.internal.ManagedChannelOrphanWrapper$ManagedChannelReference cleanQueue
SEVERE: *~*~*~ Channel ManagedChannelImpl{logId=1654, target=172.17.0.2:37031} was not shutdown properly!!! ~*~*~*
    Make sure to call shutdown()/shutdownNow() and wait until awaitTermination() returns true.
java.lang.RuntimeException: ManagedChannel allocation site
	at org.apache.ratis.thirdparty.io.grpc.internal.ManagedChannelOrphanWrapper$ManagedChannelReference.<init>(ManagedChannelOrphanWrapper.java:94)
	at org.apache.ratis.thirdparty.io.grpc.internal.ManagedChannelOrphanWrapper.<init>(ManagedChannelOrphanWrapper.java:52)
	at org.apache.ratis.thirdparty.io.grpc.internal.ManagedChannelOrphanWrapper.<init>(ManagedChannelOrphanWrapper.java:43)
	at org.apache.ratis.thirdparty.io.grpc.internal.AbstractManagedChannelImplBuilder.build(AbstractManagedChannelImplBuilder.java:512)
	at org.apache.hadoop.hdds.scm.XceiverClientGrpc.connectToDatanode(XceiverClientGrpc.java:191)
	at org.apache.hadoop.hdds.scm.XceiverClientGrpc.reconnect(XceiverClientGrpc.java:492)
	at org.apache.hadoop.hdds.scm.XceiverClientGrpc.checkOpen(XceiverClientGrpc.java:483)
	at org.apache.hadoop.hdds.scm.XceiverClientGrpc.sendCommandAsync(XceiverClientGrpc.java:425)
	at org.apache.hadoop.hdds.scm.XceiverClientGrpc.sendCommandWithRetry(XceiverClientGrpc.java:335)
	at org.apache.hadoop.hdds.scm.XceiverClientGrpc.lambda$sendCommandWithTraceIDAndRetry$0(XceiverClientGrpc.java:279)
	at org.apache.hadoop.hdds.tracing.TracingUtil.executeInNewSpan(TracingUtil.java:149)
	at org.apache.hadoop.hdds.scm.XceiverClientGrpc.sendCommandWithTraceIDAndRetry(XceiverClientGrpc.java:273)
	at org.apache.hadoop.hdds.scm.XceiverClientGrpc.sendCommand(XceiverClientGrpc.java:254)
	at org.apache.hadoop.hdds.scm.storage.ContainerProtocolCalls.getBlock(ContainerProtocolCalls.java:119)
	at org.apache.hadoop.hdds.scm.storage.BlockInputStream.getChunkInfos(BlockInputStream.java:199)
	at org.apache.hadoop.hdds.scm.storage.BlockInputStream.initialize(BlockInputStream.java:133)
	at org.apache.hadoop.hdds.scm.storage.BlockInputStream.read(BlockInputStream.java:254)
	at org.apache.hadoop.ozone.client.io.KeyInputStream.read(KeyInputStream.java:197)
	at org.apache.hadoop.ozone.client.io.OzoneInputStream.read(OzoneInputStream.java:47)
	at java.io.InputStream.read(InputStream.java:101)
	at org.apache.hadoop.ozone.container.TestHelper.validateData(TestHelper.java:128)
	at org.apache.hadoop.ozone.client.rpc.TestBlockOutputStreamWithFailures.validateData(TestBlockOutputStreamWithFailures.java:852)
	at org.apache.hadoop.ozone.client.rpc.TestBlockOutputStreamWithFailures.testWatchForCommitDatanodeFailure(TestBlockOutputStreamWithFailures.java:317)
	at sun.reflect.NativeMethodAccessorImpl.invoke0(Native Method)
	at sun.reflect.NativeMethodAccessorImpl.invoke(NativeMethodAccessorImpl.java:62)
	at sun.reflect.DelegatingMethodAccessorImpl.invoke(DelegatingMethodAccessorImpl.java:43)
	at java.lang.reflect.Method.invoke(Method.java:498)
	at org.junit.runners.model.FrameworkMethod$1.runReflectiveCall(FrameworkMethod.java:47)
	at org.junit.internal.runners.model.ReflectiveCallable.run(ReflectiveCallable.java:12)
	at org.junit.runners.model.FrameworkMethod.invokeExplosively(FrameworkMethod.java:44)
	at org.junit.internal.runners.statements.InvokeMethod.evaluate(InvokeMethod.java:17)
	at org.junit.internal.runners.statements.RunBefores.evaluate(RunBefores.java:26)
	at org.junit.internal.runners.statements.RunAfters.evaluate(RunAfters.java:27)
	at org.junit.runners.ParentRunner.runLeaf(ParentRunner.java:271)
	at org.junit.runners.BlockJUnit4ClassRunner.runChild(BlockJUnit4ClassRunner.java:70)
	at org.junit.runners.BlockJUnit4ClassRunner.runChild(BlockJUnit4ClassRunner.java:50)
	at org.junit.runners.ParentRunner$3.run(ParentRunner.java:238)
	at org.junit.runners.ParentRunner$1.schedule(ParentRunner.java:63)
	at org.junit.runners.ParentRunner.runChildren(ParentRunner.java:236)
	at org.junit.runners.ParentRunner.access$000(ParentRunner.java:53)
	at org.junit.runners.ParentRunner$2.evaluate(ParentRunner.java:229)
	at org.junit.runners.ParentRunner.run(ParentRunner.java:309)
	at org.apache.maven.surefire.junit4.JUnit4Provider.execute(JUnit4Provider.java:365)
	at org.apache.maven.surefire.junit4.JUnit4Provider.executeWithRerun(JUnit4Provider.java:273)
	at org.apache.maven.surefire.junit4.JUnit4Provider.executeTestSet(JUnit4Provider.java:238)
	at org.apache.maven.surefire.junit4.JUnit4Provider.invoke(JUnit4Provider.java:159)
	at org.apache.maven.surefire.booter.ForkedBooter.invokeProviderInSameClassLoader(ForkedBooter.java:384)
	at org.apache.maven.surefire.booter.ForkedBooter.runSuitesInProcess(ForkedBooter.java:345)
	at org.apache.maven.surefire.booter.ForkedBooter.execute(ForkedBooter.java:126)
	at org.apache.maven.surefire.booter.ForkedBooter.main(ForkedBooter.java:418)

Apr 25, 2020 12:52:19 AM org.apache.ratis.thirdparty.io.grpc.internal.ManagedChannelOrphanWrapper$ManagedChannelReference cleanQueue
SEVERE: *~*~*~ Channel ManagedChannelImpl{logId=1659, target=172.17.0.2:37479} was not shutdown properly!!! ~*~*~*
    Make sure to call shutdown()/shutdownNow() and wait until awaitTermination() returns true.
java.lang.RuntimeException: ManagedChannel allocation site
	at org.apache.ratis.thirdparty.io.grpc.internal.ManagedChannelOrphanWrapper$ManagedChannelReference.<init>(ManagedChannelOrphanWrapper.java:94)
	at org.apache.ratis.thirdparty.io.grpc.internal.ManagedChannelOrphanWrapper.<init>(ManagedChannelOrphanWrapper.java:52)
	at org.apache.ratis.thirdparty.io.grpc.internal.ManagedChannelOrphanWrapper.<init>(ManagedChannelOrphanWrapper.java:43)
	at org.apache.ratis.thirdparty.io.grpc.internal.AbstractManagedChannelImplBuilder.build(AbstractManagedChannelImplBuilder.java:512)
	at org.apache.hadoop.hdds.scm.XceiverClientGrpc.connectToDatanode(XceiverClientGrpc.java:191)
	at org.apache.hadoop.hdds.scm.XceiverClientGrpc.connect(XceiverClientGrpc.java:140)
	at org.apache.hadoop.hdds.scm.XceiverClientManager$2.call(XceiverClientManager.java:244)
	at org.apache.hadoop.hdds.scm.XceiverClientManager$2.call(XceiverClientManager.java:228)
	at com.google.common.cache.LocalCache$LocalManualCache$1.load(LocalCache.java:4876)
	at com.google.common.cache.LocalCache$LoadingValueReference.loadFuture(LocalCache.java:3529)
	at com.google.common.cache.LocalCache$Segment.loadSync(LocalCache.java:2278)
	at com.google.common.cache.LocalCache$Segment.lockedGetOrLoad(LocalCache.java:2155)
	at com.google.common.cache.LocalCache$Segment.get(LocalCache.java:2045)
	at com.google.common.cache.LocalCache.get(LocalCache.java:3951)
	at com.google.common.cache.LocalCache$LocalManualCache.get(LocalCache.java:4871)
	at org.apache.hadoop.hdds.scm.XceiverClientManager.getClient(XceiverClientManager.java:228)
	at org.apache.hadoop.hdds.scm.XceiverClientManager.acquireClient(XceiverClientManager.java:174)
	at org.apache.hadoop.hdds.scm.XceiverClientManager.acquireClientForReadData(XceiverClientManager.java:164)
	at org.apache.hadoop.hdds.scm.storage.BlockInputStream.getChunkInfos(BlockInputStream.java:184)
	at org.apache.hadoop.hdds.scm.storage.BlockInputStream.initialize(BlockInputStream.java:133)
	at org.apache.hadoop.hdds.scm.storage.BlockInputStream.read(BlockInputStream.java:254)
	at org.apache.hadoop.ozone.client.io.KeyInputStream.read(KeyInputStream.java:197)
	at org.apache.hadoop.ozone.client.io.OzoneInputStream.read(OzoneInputStream.java:47)
	at java.io.InputStream.read(InputStream.java:101)
	at org.apache.hadoop.ozone.container.TestHelper.validateData(TestHelper.java:128)
	at org.apache.hadoop.ozone.client.rpc.TestBlockOutputStreamWithFailures.validateData(TestBlockOutputStreamWithFailures.java:852)
	at org.apache.hadoop.ozone.client.rpc.TestBlockOutputStreamWithFailures.testWatchForCommitDatanodeFailure(TestBlockOutputStreamWithFailures.java:317)
	at sun.reflect.NativeMethodAccessorImpl.invoke0(Native Method)
	at sun.reflect.NativeMethodAccessorImpl.invoke(NativeMethodAccessorImpl.java:62)
	at sun.reflect.DelegatingMethodAccessorImpl.invoke(DelegatingMethodAccessorImpl.java:43)
	at java.lang.reflect.Method.invoke(Method.java:498)
	at org.junit.runners.model.FrameworkMethod$1.runReflectiveCall(FrameworkMethod.java:47)
	at org.junit.internal.runners.model.ReflectiveCallable.run(ReflectiveCallable.java:12)
	at org.junit.runners.model.FrameworkMethod.invokeExplosively(FrameworkMethod.java:44)
	at org.junit.internal.runners.statements.InvokeMethod.evaluate(InvokeMethod.java:17)
	at org.junit.internal.runners.statements.RunBefores.evaluate(RunBefores.java:26)
	at org.junit.internal.runners.statements.RunAfters.evaluate(RunAfters.java:27)
	at org.junit.runners.ParentRunner.runLeaf(ParentRunner.java:271)
	at org.junit.runners.BlockJUnit4ClassRunner.runChild(BlockJUnit4ClassRunner.java:70)
	at org.junit.runners.BlockJUnit4ClassRunner.runChild(BlockJUnit4ClassRunner.java:50)
	at org.junit.runners.ParentRunner$3.run(ParentRunner.java:238)
	at org.junit.runners.ParentRunner$1.schedule(ParentRunner.java:63)
	at org.junit.runners.ParentRunner.runChildren(ParentRunner.java:236)
	at org.junit.runners.ParentRunner.access$000(ParentRunner.java:53)
	at org.junit.runners.ParentRunner$2.evaluate(ParentRunner.java:229)
	at org.junit.runners.ParentRunner.run(ParentRunner.java:309)
	at org.apache.maven.surefire.junit4.JUnit4Provider.execute(JUnit4Provider.java:365)
	at org.apache.maven.surefire.junit4.JUnit4Provider.executeWithRerun(JUnit4Provider.java:273)
	at org.apache.maven.surefire.junit4.JUnit4Provider.executeTestSet(JUnit4Provider.java:238)
	at org.apache.maven.surefire.junit4.JUnit4Provider.invoke(JUnit4Provider.java:159)
	at org.apache.maven.surefire.booter.ForkedBooter.invokeProviderInSameClassLoader(ForkedBooter.java:384)
	at org.apache.maven.surefire.booter.ForkedBooter.runSuitesInProcess(ForkedBooter.java:345)
	at org.apache.maven.surefire.booter.ForkedBooter.execute(ForkedBooter.java:126)
	at org.apache.maven.surefire.booter.ForkedBooter.main(ForkedBooter.java:418)

Apr 25, 2020 12:52:19 AM org.apache.ratis.thirdparty.io.grpc.internal.ManagedChannelOrphanWrapper$ManagedChannelReference cleanQueue
SEVERE: *~*~*~ Channel ManagedChannelImpl{logId=1417, target=172.17.0.2:41113} was not shutdown properly!!! ~*~*~*
    Make sure to call shutdown()/shutdownNow() and wait until awaitTermination() returns true.
java.lang.RuntimeException: ManagedChannel allocation site
	at org.apache.ratis.thirdparty.io.grpc.internal.ManagedChannelOrphanWrapper$ManagedChannelReference.<init>(ManagedChannelOrphanWrapper.java:94)
	at org.apache.ratis.thirdparty.io.grpc.internal.ManagedChannelOrphanWrapper.<init>(ManagedChannelOrphanWrapper.java:52)
	at org.apache.ratis.thirdparty.io.grpc.internal.ManagedChannelOrphanWrapper.<init>(ManagedChannelOrphanWrapper.java:43)
	at org.apache.ratis.thirdparty.io.grpc.internal.AbstractManagedChannelImplBuilder.build(AbstractManagedChannelImplBuilder.java:512)
	at org.apache.hadoop.hdds.scm.XceiverClientGrpc.connectToDatanode(XceiverClientGrpc.java:191)
	at org.apache.hadoop.hdds.scm.XceiverClientGrpc.connect(XceiverClientGrpc.java:140)
	at org.apache.hadoop.hdds.scm.XceiverClientManager$2.call(XceiverClientManager.java:244)
	at org.apache.hadoop.hdds.scm.XceiverClientManager$2.call(XceiverClientManager.java:228)
	at com.google.common.cache.LocalCache$LocalManualCache$1.load(LocalCache.java:4876)
	at com.google.common.cache.LocalCache$LoadingValueReference.loadFuture(LocalCache.java:3529)
	at com.google.common.cache.LocalCache$Segment.loadSync(LocalCache.java:2278)
	at com.google.common.cache.LocalCache$Segment.lockedGetOrLoad(LocalCache.java:2155)
	at com.google.common.cache.LocalCache$Segment.get(LocalCache.java:2045)
	at com.google.common.cache.LocalCache.get(LocalCache.java:3951)
	at com.google.common.cache.LocalCache$LocalManualCache.get(LocalCache.java:4871)
	at org.apache.hadoop.hdds.scm.XceiverClientManager.getClient(XceiverClientManager.java:228)
	at org.apache.hadoop.hdds.scm.XceiverClientManager.acquireClient(XceiverClientManager.java:174)
	at org.apache.hadoop.hdds.scm.XceiverClientManager.acquireClientForReadData(XceiverClientManager.java:164)
	at org.apache.hadoop.hdds.scm.storage.BlockInputStream.getChunkInfos(BlockInputStream.java:184)
	at org.apache.hadoop.hdds.scm.storage.BlockInputStream.initialize(BlockInputStream.java:133)
	at org.apache.hadoop.hdds.scm.storage.BlockInputStream.read(BlockInputStream.java:254)
	at org.apache.hadoop.ozone.client.io.KeyInputStream.read(KeyInputStream.java:197)
	at org.apache.hadoop.ozone.client.io.OzoneInputStream.read(OzoneInputStream.java:47)
	at java.io.InputStream.read(InputStream.java:101)
	at org.apache.hadoop.ozone.container.TestHelper.validateData(TestHelper.java:128)
	at org.apache.hadoop.ozone.client.rpc.TestBlockOutputStreamWithFailures.validateData(TestBlockOutputStreamWithFailures.java:852)
	at org.apache.hadoop.ozone.client.rpc.TestBlockOutputStreamWithFailures.testWatchForCommitWithSingleNodeRatis(TestBlockOutputStreamWithFailures.java:649)
	at sun.reflect.NativeMethodAccessorImpl.invoke0(Native Method)
	at sun.reflect.NativeMethodAccessorImpl.invoke(NativeMethodAccessorImpl.java:62)
	at sun.reflect.DelegatingMethodAccessorImpl.invoke(DelegatingMethodAccessorImpl.java:43)
	at java.lang.reflect.Method.invoke(Method.java:498)
	at org.junit.runners.model.FrameworkMethod$1.runReflectiveCall(FrameworkMethod.java:47)
	at org.junit.internal.runners.model.ReflectiveCallable.run(ReflectiveCallable.java:12)
	at org.junit.runners.model.FrameworkMethod.invokeExplosively(FrameworkMethod.java:44)
	at org.junit.internal.runners.statements.InvokeMethod.evaluate(InvokeMethod.java:17)
	at org.junit.internal.runners.statements.RunBefores.evaluate(RunBefores.java:26)
	at org.junit.internal.runners.statements.RunAfters.evaluate(RunAfters.java:27)
	at org.junit.runners.ParentRunner.runLeaf(ParentRunner.java:271)
	at org.junit.runners.BlockJUnit4ClassRunner.runChild(BlockJUnit4ClassRunner.java:70)
	at org.junit.runners.BlockJUnit4ClassRunner.runChild(BlockJUnit4ClassRunner.java:50)
	at org.junit.runners.ParentRunner$3.run(ParentRunner.java:238)
	at org.junit.runners.ParentRunner$1.schedule(ParentRunner.java:63)
	at org.junit.runners.ParentRunner.runChildren(ParentRunner.java:236)
	at org.junit.runners.ParentRunner.access$000(ParentRunner.java:53)
	at org.junit.runners.ParentRunner$2.evaluate(ParentRunner.java:229)
	at org.junit.runners.ParentRunner.run(ParentRunner.java:309)
	at org.apache.maven.surefire.junit4.JUnit4Provider.execute(JUnit4Provider.java:365)
	at org.apache.maven.surefire.junit4.JUnit4Provider.executeWithRerun(JUnit4Provider.java:273)
	at org.apache.maven.surefire.junit4.JUnit4Provider.executeTestSet(JUnit4Provider.java:238)
	at org.apache.maven.surefire.junit4.JUnit4Provider.invoke(JUnit4Provider.java:159)
	at org.apache.maven.surefire.booter.ForkedBooter.invokeProviderInSameClassLoader(ForkedBooter.java:384)
	at org.apache.maven.surefire.booter.ForkedBooter.runSuitesInProcess(ForkedBooter.java:345)
	at org.apache.maven.surefire.booter.ForkedBooter.execute(ForkedBooter.java:126)
	at org.apache.maven.surefire.booter.ForkedBooter.main(ForkedBooter.java:418)

Apr 25, 2020 12:52:19 AM org.apache.ratis.thirdparty.io.grpc.internal.ManagedChannelOrphanWrapper$ManagedChannelReference cleanQueue
SEVERE: *~*~*~ Channel ManagedChannelImpl{logId=1412, target=172.17.0.2:46423} was not shutdown properly!!! ~*~*~*
    Make sure to call shutdown()/shutdownNow() and wait until awaitTermination() returns true.
java.lang.RuntimeException: ManagedChannel allocation site
	at org.apache.ratis.thirdparty.io.grpc.internal.ManagedChannelOrphanWrapper$ManagedChannelReference.<init>(ManagedChannelOrphanWrapper.java:94)
	at org.apache.ratis.thirdparty.io.grpc.internal.ManagedChannelOrphanWrapper.<init>(ManagedChannelOrphanWrapper.java:52)
	at org.apache.ratis.thirdparty.io.grpc.internal.ManagedChannelOrphanWrapper.<init>(ManagedChannelOrphanWrapper.java:43)
	at org.apache.ratis.thirdparty.io.grpc.internal.AbstractManagedChannelImplBuilder.build(AbstractManagedChannelImplBuilder.java:512)
	at org.apache.hadoop.hdds.scm.XceiverClientGrpc.connectToDatanode(XceiverClientGrpc.java:191)
	at org.apache.hadoop.hdds.scm.XceiverClientGrpc.connect(XceiverClientGrpc.java:140)
	at org.apache.hadoop.hdds.scm.XceiverClientManager$2.call(XceiverClientManager.java:244)
	at org.apache.hadoop.hdds.scm.XceiverClientManager$2.call(XceiverClientManager.java:228)
	at com.google.common.cache.LocalCache$LocalManualCache$1.load(LocalCache.java:4876)
	at com.google.common.cache.LocalCache$LoadingValueReference.loadFuture(LocalCache.java:3529)
	at com.google.common.cache.LocalCache$Segment.loadSync(LocalCache.java:2278)
	at com.google.common.cache.LocalCache$Segment.lockedGetOrLoad(LocalCache.java:2155)
	at com.google.common.cache.LocalCache$Segment.get(LocalCache.java:2045)
	at com.google.common.cache.LocalCache.get(LocalCache.java:3951)
	at com.google.common.cache.LocalCache$LocalManualCache.get(LocalCache.java:4871)
	at org.apache.hadoop.hdds.scm.XceiverClientManager.getClient(XceiverClientManager.java:228)
	at org.apache.hadoop.hdds.scm.XceiverClientManager.acquireClient(XceiverClientManager.java:174)
	at org.apache.hadoop.hdds.scm.XceiverClientManager.acquireClientForReadData(XceiverClientManager.java:164)
	at org.apache.hadoop.hdds.scm.storage.BlockInputStream.getChunkInfos(BlockInputStream.java:184)
	at org.apache.hadoop.hdds.scm.storage.BlockInputStream.initialize(BlockInputStream.java:133)
	at org.apache.hadoop.hdds.scm.storage.BlockInputStream.read(BlockInputStream.java:254)
	at org.apache.hadoop.ozone.client.io.KeyInputStream.read(KeyInputStream.java:197)
	at org.apache.hadoop.ozone.client.io.OzoneInputStream.read(OzoneInputStream.java:47)
	at java.io.InputStream.read(InputStream.java:101)
	at org.apache.hadoop.ozone.container.TestHelper.validateData(TestHelper.java:128)
	at org.apache.hadoop.ozone.client.rpc.TestBlockOutputStreamWithFailures.validateData(TestBlockOutputStreamWithFailures.java:852)
	at org.apache.hadoop.ozone.client.rpc.TestBlockOutputStreamWithFailures.testWatchForCommitWithSingleNodeRatis(TestBlockOutputStreamWithFailures.java:649)
	at sun.reflect.NativeMethodAccessorImpl.invoke0(Native Method)
	at sun.reflect.NativeMethodAccessorImpl.invoke(NativeMethodAccessorImpl.java:62)
	at sun.reflect.DelegatingMethodAccessorImpl.invoke(DelegatingMethodAccessorImpl.java:43)
	at java.lang.reflect.Method.invoke(Method.java:498)
	at org.junit.runners.model.FrameworkMethod$1.runReflectiveCall(FrameworkMethod.java:47)
	at org.junit.internal.runners.model.ReflectiveCallable.run(ReflectiveCallable.java:12)
	at org.junit.runners.model.FrameworkMethod.invokeExplosively(FrameworkMethod.java:44)
	at org.junit.internal.runners.statements.InvokeMethod.evaluate(InvokeMethod.java:17)
	at org.junit.internal.runners.statements.RunBefores.evaluate(RunBefores.java:26)
	at org.junit.internal.runners.statements.RunAfters.evaluate(RunAfters.java:27)
	at org.junit.runners.ParentRunner.runLeaf(ParentRunner.java:271)
	at org.junit.runners.BlockJUnit4ClassRunner.runChild(BlockJUnit4ClassRunner.java:70)
	at org.junit.runners.BlockJUnit4ClassRunner.runChild(BlockJUnit4ClassRunner.java:50)
	at org.junit.runners.ParentRunner$3.run(ParentRunner.java:238)
	at org.junit.runners.ParentRunner$1.schedule(ParentRunner.java:63)
	at org.junit.runners.ParentRunner.runChildren(ParentRunner.java:236)
	at org.junit.runners.ParentRunner.access$000(ParentRunner.java:53)
	at org.junit.runners.ParentRunner$2.evaluate(ParentRunner.java:229)
	at org.junit.runners.ParentRunner.run(ParentRunner.java:309)
	at org.apache.maven.surefire.junit4.JUnit4Provider.execute(JUnit4Provider.java:365)
	at org.apache.maven.surefire.junit4.JUnit4Provider.executeWithRerun(JUnit4Provider.java:273)
	at org.apache.maven.surefire.junit4.JUnit4Provider.executeTestSet(JUnit4Provider.java:238)
	at org.apache.maven.surefire.junit4.JUnit4Provider.invoke(JUnit4Provider.java:159)
	at org.apache.maven.surefire.booter.ForkedBooter.invokeProviderInSameClassLoader(ForkedBooter.java:384)
	at org.apache.maven.surefire.booter.ForkedBooter.runSuitesInProcess(ForkedBooter.java:345)
	at org.apache.maven.surefire.booter.ForkedBooter.execute(ForkedBooter.java:126)
	at org.apache.maven.surefire.booter.ForkedBooter.main(ForkedBooter.java:418)

Apr 25, 2020 12:52:19 AM org.apache.ratis.thirdparty.io.grpc.internal.ManagedChannelOrphanWrapper$ManagedChannelReference cleanQueue
SEVERE: *~*~*~ Channel ManagedChannelImpl{logId=1661, target=172.17.0.2:41079} was not shutdown properly!!! ~*~*~*
    Make sure to call shutdown()/shutdownNow() and wait until awaitTermination() returns true.
java.lang.RuntimeException: ManagedChannel allocation site
	at org.apache.ratis.thirdparty.io.grpc.internal.ManagedChannelOrphanWrapper$ManagedChannelReference.<init>(ManagedChannelOrphanWrapper.java:94)
	at org.apache.ratis.thirdparty.io.grpc.internal.ManagedChannelOrphanWrapper.<init>(ManagedChannelOrphanWrapper.java:52)
	at org.apache.ratis.thirdparty.io.grpc.internal.ManagedChannelOrphanWrapper.<init>(ManagedChannelOrphanWrapper.java:43)
	at org.apache.ratis.thirdparty.io.grpc.internal.AbstractManagedChannelImplBuilder.build(AbstractManagedChannelImplBuilder.java:512)
	at org.apache.hadoop.hdds.scm.XceiverClientGrpc.connectToDatanode(XceiverClientGrpc.java:191)
	at org.apache.hadoop.hdds.scm.XceiverClientGrpc.reconnect(XceiverClientGrpc.java:492)
	at org.apache.hadoop.hdds.scm.XceiverClientGrpc.checkOpen(XceiverClientGrpc.java:483)
	at org.apache.hadoop.hdds.scm.XceiverClientGrpc.sendCommandAsync(XceiverClientGrpc.java:425)
	at org.apache.hadoop.hdds.scm.XceiverClientGrpc.sendCommandWithRetry(XceiverClientGrpc.java:335)
	at org.apache.hadoop.hdds.scm.XceiverClientGrpc.lambda$sendCommandWithTraceIDAndRetry$0(XceiverClientGrpc.java:279)
	at org.apache.hadoop.hdds.tracing.TracingUtil.executeInNewSpan(TracingUtil.java:149)
	at org.apache.hadoop.hdds.scm.XceiverClientGrpc.sendCommandWithTraceIDAndRetry(XceiverClientGrpc.java:273)
	at org.apache.hadoop.hdds.scm.XceiverClientGrpc.sendCommand(XceiverClientGrpc.java:254)
	at org.apache.hadoop.hdds.scm.storage.ContainerProtocolCalls.getBlock(ContainerProtocolCalls.java:119)
	at org.apache.hadoop.hdds.scm.storage.BlockInputStream.getChunkInfos(BlockInputStream.java:199)
	at org.apache.hadoop.hdds.scm.storage.BlockInputStream.initialize(BlockInputStream.java:133)
	at org.apache.hadoop.hdds.scm.storage.BlockInputStream.read(BlockInputStream.java:254)
	at org.apache.hadoop.ozone.client.io.KeyInputStream.read(KeyInputStream.java:197)
	at org.apache.hadoop.ozone.client.io.OzoneInputStream.read(OzoneInputStream.java:47)
	at java.io.InputStream.read(InputStream.java:101)
	at org.apache.hadoop.ozone.container.TestHelper.validateData(TestHelper.java:128)
	at org.apache.hadoop.ozone.client.rpc.TestBlockOutputStreamWithFailures.validateData(TestBlockOutputStreamWithFailures.java:852)
	at org.apache.hadoop.ozone.client.rpc.TestBlockOutputStreamWithFailures.testWatchForCommitDatanodeFailure(TestBlockOutputStreamWithFailures.java:317)
	at sun.reflect.NativeMethodAccessorImpl.invoke0(Native Method)
	at sun.reflect.NativeMethodAccessorImpl.invoke(NativeMethodAccessorImpl.java:62)
	at sun.reflect.DelegatingMethodAccessorImpl.invoke(DelegatingMethodAccessorImpl.java:43)
	at java.lang.reflect.Method.invoke(Method.java:498)
	at org.junit.runners.model.FrameworkMethod$1.runReflectiveCall(FrameworkMethod.java:47)
	at org.junit.internal.runners.model.ReflectiveCallable.run(ReflectiveCallable.java:12)
	at org.junit.runners.model.FrameworkMethod.invokeExplosively(FrameworkMethod.java:44)
	at org.junit.internal.runners.statements.InvokeMethod.evaluate(InvokeMethod.java:17)
	at org.junit.internal.runners.statements.RunBefores.evaluate(RunBefores.java:26)
	at org.junit.internal.runners.statements.RunAfters.evaluate(RunAfters.java:27)
	at org.junit.runners.ParentRunner.runLeaf(ParentRunner.java:271)
	at org.junit.runners.BlockJUnit4ClassRunner.runChild(BlockJUnit4ClassRunner.java:70)
	at org.junit.runners.BlockJUnit4ClassRunner.runChild(BlockJUnit4ClassRunner.java:50)
	at org.junit.runners.ParentRunner$3.run(ParentRunner.java:238)
	at org.junit.runners.ParentRunner$1.schedule(ParentRunner.java:63)
	at org.junit.runners.ParentRunner.runChildren(ParentRunner.java:236)
	at org.junit.runners.ParentRunner.access$000(ParentRunner.java:53)
	at org.junit.runners.ParentRunner$2.evaluate(ParentRunner.java:229)
	at org.junit.runners.ParentRunner.run(ParentRunner.java:309)
	at org.apache.maven.surefire.junit4.JUnit4Provider.execute(JUnit4Provider.java:365)
	at org.apache.maven.surefire.junit4.JUnit4Provider.executeWithRerun(JUnit4Provider.java:273)
	at org.apache.maven.surefire.junit4.JUnit4Provider.executeTestSet(JUnit4Provider.java:238)
	at org.apache.maven.surefire.junit4.JUnit4Provider.invoke(JUnit4Provider.java:159)
	at org.apache.maven.surefire.booter.ForkedBooter.invokeProviderInSameClassLoader(ForkedBooter.java:384)
	at org.apache.maven.surefire.booter.ForkedBooter.runSuitesInProcess(ForkedBooter.java:345)
	at org.apache.maven.surefire.booter.ForkedBooter.execute(ForkedBooter.java:126)
	at org.apache.maven.surefire.booter.ForkedBooter.main(ForkedBooter.java:418)

Apr 25, 2020 12:52:35 AM org.apache.ratis.thirdparty.io.grpc.internal.SerializingExecutor run
SEVERE: Exception while executing runnable org.apache.ratis.thirdparty.io.grpc.internal.ServerImpl$JumpToApplicationThreadServerStreamListener$1Closed@3dee1815
org.apache.ratis.thirdparty.io.grpc.StatusRuntimeException: CANCELLED: call already cancelled
	at org.apache.ratis.thirdparty.io.grpc.Status.asRuntimeException(Status.java:524)
	at org.apache.ratis.thirdparty.io.grpc.stub.ServerCalls$ServerCallStreamObserverImpl.onCompleted(ServerCalls.java:368)
	at org.apache.ratis.grpc.server.GrpcServerProtocolService$ServerRequestStreamObserver.onError(GrpcServerProtocolService.java:145)
	at org.apache.ratis.thirdparty.io.grpc.stub.ServerCalls$StreamingServerCallHandler$StreamingServerCallListener.onCancel(ServerCalls.java:272)
	at org.apache.ratis.thirdparty.io.grpc.internal.ServerCallImpl$ServerStreamListenerImpl.closedInternal(ServerCallImpl.java:353)
	at org.apache.ratis.thirdparty.io.grpc.internal.ServerCallImpl$ServerStreamListenerImpl.closed(ServerCallImpl.java:341)
	at org.apache.ratis.thirdparty.io.grpc.internal.ServerImpl$JumpToApplicationThreadServerStreamListener$1Closed.runInContext(ServerImpl.java:864)
	at org.apache.ratis.thirdparty.io.grpc.internal.ContextRunnable.run(ContextRunnable.java:37)
	at org.apache.ratis.thirdparty.io.grpc.internal.SerializingExecutor.run(SerializingExecutor.java:123)
	at java.util.concurrent.ThreadPoolExecutor.runWorker(ThreadPoolExecutor.java:1149)
	at java.util.concurrent.ThreadPoolExecutor$Worker.run(ThreadPoolExecutor.java:624)
	at java.lang.Thread.run(Thread.java:748)

Apr 25, 2020 12:52:35 AM org.apache.ratis.thirdparty.io.grpc.internal.SerializingExecutor run
SEVERE: Exception while executing runnable org.apache.ratis.thirdparty.io.grpc.internal.ServerImpl$JumpToApplicationThreadServerStreamListener$1Closed@621bc2e4
org.apache.ratis.thirdparty.io.grpc.StatusRuntimeException: CANCELLED: call already cancelled
	at org.apache.ratis.thirdparty.io.grpc.Status.asRuntimeException(Status.java:524)
	at org.apache.ratis.thirdparty.io.grpc.stub.ServerCalls$ServerCallStreamObserverImpl.onCompleted(ServerCalls.java:368)
	at org.apache.ratis.grpc.server.GrpcServerProtocolService$ServerRequestStreamObserver.onError(GrpcServerProtocolService.java:145)
	at org.apache.ratis.thirdparty.io.grpc.stub.ServerCalls$StreamingServerCallHandler$StreamingServerCallListener.onCancel(ServerCalls.java:272)
	at org.apache.ratis.thirdparty.io.grpc.internal.ServerCallImpl$ServerStreamListenerImpl.closedInternal(ServerCallImpl.java:353)
	at org.apache.ratis.thirdparty.io.grpc.internal.ServerCallImpl$ServerStreamListenerImpl.closed(ServerCallImpl.java:341)
	at org.apache.ratis.thirdparty.io.grpc.internal.ServerImpl$JumpToApplicationThreadServerStreamListener$1Closed.runInContext(ServerImpl.java:864)
	at org.apache.ratis.thirdparty.io.grpc.internal.ContextRunnable.run(ContextRunnable.java:37)
	at org.apache.ratis.thirdparty.io.grpc.internal.SerializingExecutor.run(SerializingExecutor.java:123)
	at java.util.concurrent.ThreadPoolExecutor.runWorker(ThreadPoolExecutor.java:1149)
	at java.util.concurrent.ThreadPoolExecutor$Worker.run(ThreadPoolExecutor.java:624)
	at java.lang.Thread.run(Thread.java:748)

Apr 25, 2020 12:52:35 AM org.apache.ratis.thirdparty.io.grpc.internal.SerializingExecutor run
SEVERE: Exception while executing runnable org.apache.ratis.thirdparty.io.grpc.internal.ServerImpl$JumpToApplicationThreadServerStreamListener$1Closed@27dfc73
org.apache.ratis.thirdparty.io.grpc.StatusRuntimeException: CANCELLED: call already cancelled
	at org.apache.ratis.thirdparty.io.grpc.Status.asRuntimeException(Status.java:524)
	at org.apache.ratis.thirdparty.io.grpc.stub.ServerCalls$ServerCallStreamObserverImpl.onCompleted(ServerCalls.java:368)
	at org.apache.ratis.grpc.server.GrpcServerProtocolService$ServerRequestStreamObserver.onError(GrpcServerProtocolService.java:145)
	at org.apache.ratis.thirdparty.io.grpc.stub.ServerCalls$StreamingServerCallHandler$StreamingServerCallListener.onCancel(ServerCalls.java:272)
	at org.apache.ratis.thirdparty.io.grpc.internal.ServerCallImpl$ServerStreamListenerImpl.closedInternal(ServerCallImpl.java:353)
	at org.apache.ratis.thirdparty.io.grpc.internal.ServerCallImpl$ServerStreamListenerImpl.closed(ServerCallImpl.java:341)
	at org.apache.ratis.thirdparty.io.grpc.internal.ServerImpl$JumpToApplicationThreadServerStreamListener$1Closed.runInContext(ServerImpl.java:864)
	at org.apache.ratis.thirdparty.io.grpc.internal.ContextRunnable.run(ContextRunnable.java:37)
	at org.apache.ratis.thirdparty.io.grpc.internal.SerializingExecutor.run(SerializingExecutor.java:123)
	at java.util.concurrent.ThreadPoolExecutor.runWorker(ThreadPoolExecutor.java:1149)
	at java.util.concurrent.ThreadPoolExecutor$Worker.run(ThreadPoolExecutor.java:624)
	at java.lang.Thread.run(Thread.java:748)

Apr 25, 2020 12:52:35 AM org.apache.ratis.thirdparty.io.grpc.internal.SerializingExecutor run
SEVERE: Exception while executing runnable org.apache.ratis.thirdparty.io.grpc.internal.ServerImpl$JumpToApplicationThreadServerStreamListener$1Closed@2273e1e
org.apache.ratis.thirdparty.io.grpc.StatusRuntimeException: CANCELLED: call already cancelled
	at org.apache.ratis.thirdparty.io.grpc.Status.asRuntimeException(Status.java:524)
	at org.apache.ratis.thirdparty.io.grpc.stub.ServerCalls$ServerCallStreamObserverImpl.onCompleted(ServerCalls.java:368)
	at org.apache.ratis.grpc.server.GrpcServerProtocolService$ServerRequestStreamObserver.onError(GrpcServerProtocolService.java:145)
	at org.apache.ratis.thirdparty.io.grpc.stub.ServerCalls$StreamingServerCallHandler$StreamingServerCallListener.onCancel(ServerCalls.java:272)
	at org.apache.ratis.thirdparty.io.grpc.internal.ServerCallImpl$ServerStreamListenerImpl.closedInternal(ServerCallImpl.java:353)
	at org.apache.ratis.thirdparty.io.grpc.internal.ServerCallImpl$ServerStreamListenerImpl.closed(ServerCallImpl.java:341)
	at org.apache.ratis.thirdparty.io.grpc.internal.ServerImpl$JumpToApplicationThreadServerStreamListener$1Closed.runInContext(ServerImpl.java:864)
	at org.apache.ratis.thirdparty.io.grpc.internal.ContextRunnable.run(ContextRunnable.java:37)
	at org.apache.ratis.thirdparty.io.grpc.internal.SerializingExecutor.run(SerializingExecutor.java:123)
	at java.util.concurrent.ThreadPoolExecutor.runWorker(ThreadPoolExecutor.java:1149)
	at java.util.concurrent.ThreadPoolExecutor$Worker.run(ThreadPoolExecutor.java:624)
	at java.lang.Thread.run(Thread.java:748)

Apr 25, 2020 12:52:40 AM org.apache.ratis.thirdparty.io.grpc.internal.SerializingExecutor run
SEVERE: Exception while executing runnable org.apache.ratis.thirdparty.io.grpc.internal.ServerImpl$JumpToApplicationThreadServerStreamListener$1Closed@738e313c
org.apache.ratis.thirdparty.io.grpc.StatusRuntimeException: CANCELLED: call already cancelled
	at org.apache.ratis.thirdparty.io.grpc.Status.asRuntimeException(Status.java:524)
	at org.apache.ratis.thirdparty.io.grpc.stub.ServerCalls$ServerCallStreamObserverImpl.onCompleted(ServerCalls.java:368)
	at org.apache.ratis.grpc.server.GrpcServerProtocolService$ServerRequestStreamObserver.onError(GrpcServerProtocolService.java:145)
	at org.apache.ratis.thirdparty.io.grpc.stub.ServerCalls$StreamingServerCallHandler$StreamingServerCallListener.onCancel(ServerCalls.java:272)
	at org.apache.ratis.thirdparty.io.grpc.internal.ServerCallImpl$ServerStreamListenerImpl.closedInternal(ServerCallImpl.java:353)
	at org.apache.ratis.thirdparty.io.grpc.internal.ServerCallImpl$ServerStreamListenerImpl.closed(ServerCallImpl.java:341)
	at org.apache.ratis.thirdparty.io.grpc.internal.ServerImpl$JumpToApplicationThreadServerStreamListener$1Closed.runInContext(ServerImpl.java:864)
	at org.apache.ratis.thirdparty.io.grpc.internal.ContextRunnable.run(ContextRunnable.java:37)
	at org.apache.ratis.thirdparty.io.grpc.internal.SerializingExecutor.run(SerializingExecutor.java:123)
	at java.util.concurrent.ThreadPoolExecutor.runWorker(ThreadPoolExecutor.java:1149)
	at java.util.concurrent.ThreadPoolExecutor$Worker.run(ThreadPoolExecutor.java:624)
	at java.lang.Thread.run(Thread.java:748)

Apr 25, 2020 12:52:40 AM org.apache.ratis.thirdparty.io.grpc.internal.SerializingExecutor run
SEVERE: Exception while executing runnable org.apache.ratis.thirdparty.io.grpc.internal.ServerImpl$JumpToApplicationThreadServerStreamListener$1Closed@2833ef88
org.apache.ratis.thirdparty.io.grpc.StatusRuntimeException: CANCELLED: call already cancelled
	at org.apache.ratis.thirdparty.io.grpc.Status.asRuntimeException(Status.java:524)
	at org.apache.ratis.thirdparty.io.grpc.stub.ServerCalls$ServerCallStreamObserverImpl.onCompleted(ServerCalls.java:368)
	at org.apache.ratis.grpc.server.GrpcServerProtocolService$ServerRequestStreamObserver.onError(GrpcServerProtocolService.java:145)
	at org.apache.ratis.thirdparty.io.grpc.stub.ServerCalls$StreamingServerCallHandler$StreamingServerCallListener.onCancel(ServerCalls.java:272)
	at org.apache.ratis.thirdparty.io.grpc.internal.ServerCallImpl$ServerStreamListenerImpl.closedInternal(ServerCallImpl.java:353)
	at org.apache.ratis.thirdparty.io.grpc.internal.ServerCallImpl$ServerStreamListenerImpl.closed(ServerCallImpl.java:341)
	at org.apache.ratis.thirdparty.io.grpc.internal.ServerImpl$JumpToApplicationThreadServerStreamListener$1Closed.runInContext(ServerImpl.java:864)
	at org.apache.ratis.thirdparty.io.grpc.internal.ContextRunnable.run(ContextRunnable.java:37)
	at org.apache.ratis.thirdparty.io.grpc.internal.SerializingExecutor.run(SerializingExecutor.java:123)
	at java.util.concurrent.ThreadPoolExecutor.runWorker(ThreadPoolExecutor.java:1149)
	at java.util.concurrent.ThreadPoolExecutor$Worker.run(ThreadPoolExecutor.java:624)
	at java.lang.Thread.run(Thread.java:748)

Apr 25, 2020 12:52:40 AM org.apache.ratis.thirdparty.io.grpc.internal.SerializingExecutor run
SEVERE: Exception while executing runnable org.apache.ratis.thirdparty.io.grpc.internal.ServerImpl$JumpToApplicationThreadServerStreamListener$1Closed@464f2a90
org.apache.ratis.thirdparty.io.grpc.StatusRuntimeException: CANCELLED: call already cancelled
	at org.apache.ratis.thirdparty.io.grpc.Status.asRuntimeException(Status.java:524)
	at org.apache.ratis.thirdparty.io.grpc.stub.ServerCalls$ServerCallStreamObserverImpl.onCompleted(ServerCalls.java:368)
	at org.apache.ratis.grpc.server.GrpcServerProtocolService$ServerRequestStreamObserver.onError(GrpcServerProtocolService.java:145)
	at org.apache.ratis.thirdparty.io.grpc.stub.ServerCalls$StreamingServerCallHandler$StreamingServerCallListener.onCancel(ServerCalls.java:272)
	at org.apache.ratis.thirdparty.io.grpc.internal.ServerCallImpl$ServerStreamListenerImpl.closedInternal(ServerCallImpl.java:353)
	at org.apache.ratis.thirdparty.io.grpc.internal.ServerCallImpl$ServerStreamListenerImpl.closed(ServerCallImpl.java:341)
	at org.apache.ratis.thirdparty.io.grpc.internal.ServerImpl$JumpToApplicationThreadServerStreamListener$1Closed.runInContext(ServerImpl.java:864)
	at org.apache.ratis.thirdparty.io.grpc.internal.ContextRunnable.run(ContextRunnable.java:37)
	at org.apache.ratis.thirdparty.io.grpc.internal.SerializingExecutor.run(SerializingExecutor.java:123)
	at java.util.concurrent.ThreadPoolExecutor.runWorker(ThreadPoolExecutor.java:1149)
	at java.util.concurrent.ThreadPoolExecutor$Worker.run(ThreadPoolExecutor.java:624)
	at java.lang.Thread.run(Thread.java:748)

]]></system-err>
  </testcase>
  <testcase name="testWatchForCommitWithCloseContainerException" classname="org.apache.hadoop.ozone.client.rpc.TestBlockOutputStreamWithFailures" time="36.058"/>
  <testcase name="testExceptionDuringClose" classname="org.apache.hadoop.ozone.client.rpc.TestBlockOutputStreamWithFailures" time="35.768"/>
</testsuite>