<?xml version="1.0" encoding="UTF-8"?>
<testsuite xmlns:xsi="http://www.w3.org/2001/XMLSchema-instance" xsi:noNamespaceSchemaLocation="https://maven.apache.org/surefire/maven-surefire-plugin/xsd/surefire-test-report-3.0.xsd" version="3.0" name="org.apache.hadoop.hdds.scm.TestRatisPipelineLeader" time="23.596" tests="2" errors="0" skipped="0" failures="2">
  <properties>
    <property name="awt.toolkit" value="sun.awt.X11.XToolkit"/>
    <property name="file.encoding.pkg" value="sun.io"/>
    <property name="java.specification.version" value="1.8"/>
    <property name="sun.cpu.isalist" value=""/>
    <property name="sun.jnu.encoding" value="UTF-8"/>
    <property name="java.class.path" value="/home/runner/work/ozone/ozone/hadoop-ozone/integration-test/target/test-classes:/home/runner/work/ozone/ozone/hadoop-ozone/integration-test/target/classes:/home/runner/.m2/repository/org/apache/ozone/ozone-common/1.3.0-SNAPSHOT/ozone-common-1.3.0-SNAPSHOT.jar:/home/runner/.m2/repository/io/grpc/grpc-netty/1.48.1/grpc-netty-1.48.1.jar:/home/runner/.m2/repository/io/grpc/grpc-core/1.48.1/grpc-core-1.48.1.jar:/home/runner/.m2/repository/com/google/android/annotations/4.1.1.4/annotations-4.1.1.4.jar:/home/runner/.m2/repository/org/codehaus/mojo/animal-sniffer-annotations/1.21/animal-sniffer-annotations-1.21.jar:/home/runner/.m2/repository/com/google/errorprone/error_prone_annotations/2.2.0/error_prone_annotations-2.2.0.jar:/home/runner/.m2/repository/io/perfmark/perfmark-api/0.25.0/perfmark-api-0.25.0.jar:/home/runner/.m2/repository/io/netty/netty-codec-http2/4.1.77.Final/netty-codec-http2-4.1.77.Final.jar:/home/runner/.m2/repository/io/netty/netty-common/4.1.77.Final/netty-common-4.1.77.Final.jar:/home/runner/.m2/repository/io/netty/netty-buffer/4.1.77.Final/netty-buffer-4.1.77.Final.jar:/home/runner/.m2/repository/io/netty/netty-codec-http/4.1.77.Final/netty-codec-http-4.1.77.Final.jar:/home/runner/.m2/repository/io/netty/netty-handler-proxy/4.1.77.Final/netty-handler-proxy-4.1.77.Final.jar:/home/runner/.m2/repository/io/netty/netty-codec-socks/4.1.77.Final/netty-codec-socks-4.1.77.Final.jar:/home/runner/.m2/repository/io/netty/netty-tcnative-boringssl-static/2.0.52.Final/netty-tcnative-boringssl-static-2.0.52.Final.jar:/home/runner/.m2/repository/io/netty/netty-tcnative-classes/2.0.52.Final/netty-tcnative-classes-2.0.52.Final.jar:/home/runner/.m2/repository/io/netty/netty-tcnative-boringssl-static/2.0.52.Final/netty-tcnative-boringssl-static-2.0.52.Final-linux-x86_64.jar:/home/runner/.m2/repository/io/netty/netty-tcnative-boringssl-static/2.0.52.Final/netty-tcnative-boringssl-static-2.0.52.Final-linux-aarch_64.jar:/home/runner/.m2/repository/io/netty/netty-tcnative-boringssl-static/2.0.52.Final/netty-tcnative-boringssl-static-2.0.52.Final-osx-x86_64.jar:/home/runner/.m2/repository/io/netty/netty-tcnative-boringssl-static/2.0.52.Final/netty-tcnative-boringssl-static-2.0.52.Final-osx-aarch_64.jar:/home/runner/.m2/repository/io/netty/netty-tcnative-boringssl-static/2.0.52.Final/netty-tcnative-boringssl-static-2.0.52.Final-windows-x86_64.jar:/home/runner/.m2/repository/org/apache/commons/commons-compress/1.21/commons-compress-1.21.jar:/home/runner/.m2/repository/org/apache/ozone/hdds-common/1.3.0-SNAPSHOT/hdds-common-1.3.0-SNAPSHOT.jar:/home/runner/.m2/repository/org/apache/ozone/hdds-client/1.3.0-SNAPSHOT/hdds-client-1.3.0-SNAPSHOT.jar:/home/runner/.m2/repository/org/apache/ozone/ozone-interface-client/1.3.0-SNAPSHOT/ozone-interface-client-1.3.0-SNAPSHOT.jar:/home/runner/.m2/repository/org/apache/ozone/hdds-test-utils/1.3.0-SNAPSHOT/hdds-test-utils-1.3.0-SNAPSHOT.jar:/home/runner/.m2/repository/com/google/guava/guava/31.1-jre/guava-31.1-jre.jar:/home/runner/.m2/repository/com/google/guava/failureaccess/1.0.1/failureaccess-1.0.1.jar:/home/runner/.m2/repository/com/google/guava/listenablefuture/9999.0-empty-to-avoid-conflict-with-guava/listenablefuture-9999.0-empty-to-avoid-conflict-with-guava.jar:/home/runner/.m2/repository/com/google/code/findbugs/jsr305/3.0.0/jsr305-3.0.0.jar:/home/runner/.m2/repository/org/checkerframework/checker-qual/3.12.0/checker-qual-3.12.0.jar:/home/runner/.m2/repository/com/google/j2objc/j2objc-annotations/1.3/j2objc-annotations-1.3.jar:/home/runner/.m2/repository/commons-io/commons-io/2.11.0/commons-io-2.11.0.jar:/home/runner/.m2/repository/commons-logging/commons-logging/1.2/commons-logging-1.2.jar:/home/runner/.m2/repository/ch/qos/reload4j/reload4j/1.2.22/reload4j-1.2.22.jar:/home/runner/.m2/repository/org/slf4j/slf4j-api/1.7.36/slf4j-api-1.7.36.jar:/home/runner/.m2/repository/org/apache/ozone/hdds-server-scm/1.3.0-SNAPSHOT/hdds-server-scm-1.3.0-SNAPSHOT.jar:/home/runner/.m2/repository/org/apache/ozone/hdds-container-service/1.3.0-SNAPSHOT/hdds-container-service-1.3.0-SNAPSHOT.jar:/home/runner/.m2/repository/org/apache/ozone/hdds-hadoop-dependency-server/1.3.0-SNAPSHOT/hdds-hadoop-dependency-server-1.3.0-SNAPSHOT.jar:/home/runner/.m2/repository/org/apache/hadoop/hadoop-hdfs/3.3.4/hadoop-hdfs-3.3.4.jar:/home/runner/.m2/repository/org/eclipse/jetty/jetty-util-ajax/9.4.49.v20220914/jetty-util-ajax-9.4.49.v20220914.jar:/home/runner/.m2/repository/commons-daemon/commons-daemon/1.0.13/commons-daemon-1.0.13.jar:/home/runner/.m2/repository/org/apache/ozone/hdds-server-framework/1.3.0-SNAPSHOT/hdds-server-framework-1.3.0-SNAPSHOT.jar:/home/runner/.m2/repository/org/apache/ozone/hdds-interface-server/1.3.0-SNAPSHOT/hdds-interface-server-1.3.0-SNAPSHOT.jar:/home/runner/.m2/repository/org/apache/commons/commons-configuration2/2.1.1/commons-configuration2-2.1.1.jar:/home/runner/.m2/repository/org/apache/logging/log4j/log4j-core/2.17.1/log4j-core-2.17.1.jar:/home/runner/.m2/repository/com/lmax/disruptor/3.4.2/disruptor-3.4.2.jar:/home/runner/.m2/repository/org/eclipse/jetty/jetty-servlet/9.4.49.v20220914/jetty-servlet-9.4.49.v20220914.jar:/home/runner/.m2/repository/org/eclipse/jetty/jetty-security/9.4.49.v20220914/jetty-security-9.4.49.v20220914.jar:/home/runner/.m2/repository/org/rocksdb/rocksdbjni/7.7.3/rocksdbjni-7.7.3.jar:/home/runner/.m2/repository/io/prometheus/simpleclient_dropwizard/0.7.0/simpleclient_dropwizard-0.7.0.jar:/home/runner/.m2/repository/io/prometheus/simpleclient/0.7.0/simpleclient-0.7.0.jar:/home/runner/.m2/repository/io/prometheus/simpleclient_common/0.7.0/simpleclient_common-0.7.0.jar:/home/runner/.m2/repository/com/github/spotbugs/spotbugs-annotations/3.1.12/spotbugs-annotations-3.1.12.jar:/home/runner/.m2/repository/io/dropwizard/metrics/metrics-core/3.2.4/metrics-core-3.2.4.jar:/home/runner/.m2/repository/org/apache/commons/commons-text/1.4/commons-text-1.4.jar:/home/runner/.m2/repository/org/apache/hadoop/hadoop-hdfs-client/3.3.4/hadoop-hdfs-client-3.3.4.jar:/home/runner/.m2/repository/com/squareup/okhttp3/okhttp/4.9.3/okhttp-4.9.3.jar:/home/runner/.m2/repository/com/squareup/okio/okio/2.8.0/okio-2.8.0.jar:/home/runner/.m2/repository/org/jetbrains/kotlin/kotlin-stdlib-common/1.4.10/kotlin-stdlib-common-1.4.10.jar:/home/runner/.m2/repository/org/bouncycastle/bcprov-jdk15on/1.67/bcprov-jdk15on-1.67.jar:/home/runner/.m2/repository/com/google/protobuf/protobuf-java/2.5.0/protobuf-java-2.5.0.jar:/home/runner/.m2/repository/org/apache/ozone/ozone-manager/1.3.0-SNAPSHOT/ozone-manager-1.3.0-SNAPSHOT.jar:/home/runner/.m2/repository/org/aspectj/aspectjrt/1.9.7/aspectjrt-1.9.7.jar:/home/runner/.m2/repository/org/aspectj/aspectjweaver/1.9.7/aspectjweaver-1.9.7.jar:/home/runner/.m2/repository/org/apache/ozone/hdds-interface-client/1.3.0-SNAPSHOT/hdds-interface-client-1.3.0-SNAPSHOT.jar:/home/runner/.m2/repository/org/apache/hadoop/thirdparty/hadoop-shaded-protobuf_3_7/1.1.1/hadoop-shaded-protobuf_3_7-1.1.1.jar:/home/runner/.m2/repository/org/apache/ozone/ozone-interface-storage/1.3.0-SNAPSHOT/ozone-interface-storage-1.3.0-SNAPSHOT.jar:/home/runner/.m2/repository/org/reflections/reflections/0.9.11/reflections-0.9.11.jar:/home/runner/.m2/repository/com/sun/jersey/jersey-client/1.19/jersey-client-1.19.jar:/home/runner/.m2/repository/org/apache/ranger/ranger-intg/2.3.0/ranger-intg-2.3.0.jar:/home/runner/.m2/repository/org/apache/ranger/ranger-plugins-common/2.3.0/ranger-plugins-common-2.3.0.jar:/home/runner/.m2/repository/commons-lang/commons-lang/2.6/commons-lang-2.6.jar:/home/runner/.m2/repository/org/codehaus/jackson/jackson-jaxrs/1.9.13/jackson-jaxrs-1.9.13.jar:/home/runner/.m2/repository/org/apache/ranger/ranger-plugins-cred/2.3.0/ranger-plugins-cred-2.3.0.jar:/home/runner/.m2/repository/org/apache/ranger/ranger-plugins-audit/2.3.0/ranger-plugins-audit-2.3.0.jar:/home/runner/.m2/repository/org/eclipse/jetty/jetty-client/9.4.31.v20200723/jetty-client-9.4.31.v20200723.jar:/home/runner/.m2/repository/org/apache/httpcomponents/httpmime/4.5.6/httpmime-4.5.6.jar:/home/runner/.m2/repository/org/apache/httpcomponents/httpcore-nio/4.4.6/httpcore-nio-4.4.6.jar:/home/runner/.m2/repository/org/apache/httpcomponents/httpasyncclient/4.1.3/httpasyncclient-4.1.3.jar:/home/runner/.m2/repository/com/carrotsearch/hppc/0.8.0/hppc-0.8.0.jar:/home/runner/.m2/repository/org/apache/orc/orc-core/1.5.8/orc-core-1.5.8.jar:/home/runner/.m2/repository/net/java/dev/jna/jna/5.2.0/jna-5.2.0.jar:/home/runner/.m2/repository/net/java/dev/jna/jna-platform/5.2.0/jna-platform-5.2.0.jar:/home/runner/.m2/repository/com/kstruct/gethostname4j/0.0.2/gethostname4j-0.0.2.jar:/home/runner/.m2/repository/org/apache/ranger/ranger-plugin-classloader/2.3.0/ranger-plugin-classloader-2.3.0.jar:/home/runner/.m2/repository/org/apache/hadoop/hadoop-minikdc/3.3.4/hadoop-minikdc-3.3.4.jar:/home/runner/.m2/repository/org/apache/kerby/kerb-simplekdc/1.0.1/kerb-simplekdc-1.0.1.jar:/home/runner/.m2/repository/org/apache/kerby/kerb-client/1.0.1/kerb-client-1.0.1.jar:/home/runner/.m2/repository/org/apache/kerby/kerby-config/1.0.1/kerby-config-1.0.1.jar:/home/runner/.m2/repository/org/apache/kerby/kerb-common/1.0.1/kerb-common-1.0.1.jar:/home/runner/.m2/repository/org/apache/kerby/kerb-crypto/1.0.1/kerb-crypto-1.0.1.jar:/home/runner/.m2/repository/org/apache/kerby/kerb-util/1.0.1/kerb-util-1.0.1.jar:/home/runner/.m2/repository/org/apache/kerby/token-provider/1.0.1/token-provider-1.0.1.jar:/home/runner/.m2/repository/org/apache/kerby/kerb-admin/1.0.1/kerb-admin-1.0.1.jar:/home/runner/.m2/repository/org/apache/kerby/kerb-server/1.0.1/kerb-server-1.0.1.jar:/home/runner/.m2/repository/org/apache/kerby/kerb-identity/1.0.1/kerb-identity-1.0.1.jar:/home/runner/.m2/repository/org/apache/kerby/kerby-xdr/1.0.1/kerby-xdr-1.0.1.jar:/home/runner/.m2/repository/org/apache/ozone/ozone-s3gateway/1.3.0-SNAPSHOT/ozone-s3gateway-1.3.0-SNAPSHOT.jar:/home/runner/.m2/repository/org/javassist/javassist/3.21.0-GA/javassist-3.21.0-GA.jar:/home/runner/.m2/repository/org/jboss/weld/servlet/weld-servlet/2.4.7.Final/weld-servlet-2.4.7.Final.jar:/home/runner/.m2/repository/org/glassfish/jersey/containers/jersey-container-servlet-core/2.34/jersey-container-servlet-core-2.34.jar:/home/runner/.m2/repository/org/glassfish/hk2/external/jakarta.inject/2.6.1/jakarta.inject-2.6.1.jar:/home/runner/.m2/repository/org/glassfish/jersey/core/jersey-common/2.34/jersey-common-2.34.jar:/home/runner/.m2/repository/jakarta/ws/rs/jakarta.ws.rs-api/2.1.6/jakarta.ws.rs-api-2.1.6.jar:/home/runner/.m2/repository/org/glassfish/jersey/ext/cdi/jersey-cdi1x/2.34/jersey-cdi1x-2.34.jar:/home/runner/.m2/repository/org/glassfish/jersey/inject/jersey-hk2/2.34/jersey-hk2-2.34.jar:/home/runner/.m2/repository/org/glassfish/hk2/hk2-locator/2.6.1/hk2-locator-2.6.1.jar:/home/runner/.m2/repository/org/glassfish/jersey/media/jersey-media-jaxb/2.34/jersey-media-jaxb-2.34.jar:/home/runner/.m2/repository/org/glassfish/hk2/osgi-resource-locator/1.0.3/osgi-resource-locator-1.0.3.jar:/home/runner/.m2/repository/org/glassfish/hk2/hk2-api/2.5.0/hk2-api-2.5.0.jar:/home/runner/.m2/repository/org/glassfish/hk2/hk2-utils/2.5.0/hk2-utils-2.5.0.jar:/home/runner/.m2/repository/org/glassfish/hk2/external/aopalliance-repackaged/2.5.0/aopalliance-repackaged-2.5.0.jar:/home/runner/.m2/repository/com/fasterxml/jackson/dataformat/jackson-dataformat-xml/2.13.4/jackson-dataformat-xml-2.13.4.jar:/home/runner/.m2/repository/com/fasterxml/jackson/core/jackson-core/2.13.4/jackson-core-2.13.4.jar:/home/runner/.m2/repository/org/codehaus/woodstox/stax2-api/4.2.1/stax2-api-4.2.1.jar:/home/runner/.m2/repository/com/fasterxml/woodstox/woodstox-core/5.4.0/woodstox-core-5.4.0.jar:/home/runner/.m2/repository/com/fasterxml/jackson/module/jackson-module-jaxb-annotations/2.13.4/jackson-module-jaxb-annotations-2.13.4.jar:/home/runner/.m2/repository/jakarta/xml/bind/jakarta.xml.bind-api/2.3.3/jakarta.xml.bind-api-2.3.3.jar:/home/runner/.m2/repository/jakarta/activation/jakarta.activation-api/1.2.1/jakarta.activation-api-1.2.1.jar:/home/runner/.m2/repository/javax/enterprise/cdi-api/1.2/cdi-api-1.2.jar:/home/runner/.m2/repository/javax/el/javax.el-api/3.0.0/javax.el-api-3.0.0.jar:/home/runner/.m2/repository/javax/interceptor/javax.interceptor-api/1.2/javax.interceptor-api-1.2.jar:/home/runner/.m2/repository/javax/inject/javax.inject/1/javax.inject-1.jar:/home/runner/.m2/repository/javax/xml/bind/jaxb-api/2.3.0/jaxb-api-2.3.0.jar:/home/runner/.m2/repository/org/glassfish/jaxb/jaxb-runtime/2.3.0.1/jaxb-runtime-2.3.0.1.jar:/home/runner/.m2/repository/org/glassfish/jaxb/jaxb-core/2.3.0.1/jaxb-core-2.3.0.1.jar:/home/runner/.m2/repository/org/glassfish/jaxb/txw2/2.3.0.1/txw2-2.3.0.1.jar:/home/runner/.m2/repository/com/sun/istack/istack-commons-runtime/3.0.5/istack-commons-runtime-3.0.5.jar:/home/runner/.m2/repository/org/jvnet/staxex/stax-ex/1.7.8/stax-ex-1.7.8.jar:/home/runner/.m2/repository/com/sun/xml/fastinfoset/FastInfoset/1.2.13/FastInfoset-1.2.13.jar:/home/runner/.m2/repository/javax/activation/activation/1.1.1/activation-1.1.1.jar:/home/runner/.m2/repository/io/grpc/grpc-protobuf/1.48.1/grpc-protobuf-1.48.1.jar:/home/runner/.m2/repository/io/grpc/grpc-api/1.48.1/grpc-api-1.48.1.jar:/home/runner/.m2/repository/io/grpc/grpc-context/1.48.1/grpc-context-1.48.1.jar:/home/runner/.m2/repository/com/google/api/grpc/proto-google-common-protos/2.9.0/proto-google-common-protos-2.9.0.jar:/home/runner/.m2/repository/io/grpc/grpc-protobuf-lite/1.48.1/grpc-protobuf-lite-1.48.1.jar:/home/runner/.m2/repository/io/grpc/grpc-stub/1.48.1/grpc-stub-1.48.1.jar:/home/runner/.m2/repository/io/netty/netty-transport/4.1.77.Final/netty-transport-4.1.77.Final.jar:/home/runner/.m2/repository/io/netty/netty-resolver/4.1.77.Final/netty-resolver-4.1.77.Final.jar:/home/runner/.m2/repository/org/apache/ozone/ozone-csi/1.3.0-SNAPSHOT/ozone-csi-1.3.0-SNAPSHOT.jar:/home/runner/.m2/repository/com/google/protobuf/protobuf-java-util/3.19.6/protobuf-java-util-3.19.6.jar:/home/runner/.m2/repository/com/google/code/gson/gson/2.9.0/gson-2.9.0.jar:/home/runner/.m2/repository/org/apache/ozone/hdds-config/1.3.0-SNAPSHOT/hdds-config-1.3.0-SNAPSHOT.jar:/home/runner/.m2/repository/io/netty/netty-transport-native-epoll/4.1.77.Final/netty-transport-native-epoll-4.1.77.Final-linux-x86_64.jar:/home/runner/.m2/repository/io/netty/netty-transport-classes-epoll/4.1.77.Final/netty-transport-classes-epoll-4.1.77.Final.jar:/home/runner/.m2/repository/io/netty/netty-transport-native-unix-common/4.1.77.Final/netty-transport-native-unix-common-4.1.77.Final.jar:/home/runner/.m2/repository/org/slf4j/slf4j-reload4j/1.7.36/slf4j-reload4j-1.7.36.jar:/home/runner/.m2/repository/org/apache/ozone/ozone-recon/1.3.0-SNAPSHOT/ozone-recon-1.3.0-SNAPSHOT.jar:/home/runner/.m2/repository/org/apache/ozone/ozone-reconcodegen/1.3.0-SNAPSHOT/ozone-reconcodegen-1.3.0-SNAPSHOT.jar:/home/runner/.m2/repository/com/google/inject/extensions/guice-multibindings/4.0/guice-multibindings-4.0.jar:/home/runner/.m2/repository/com/google/inject/guice/4.0/guice-4.0.jar:/home/runner/.m2/repository/aopalliance/aopalliance/1.0/aopalliance-1.0.jar:/home/runner/.m2/repository/com/google/inject/extensions/guice-assistedinject/4.0/guice-assistedinject-4.0.jar:/home/runner/.m2/repository/com/google/inject/extensions/guice-servlet/4.0/guice-servlet-4.0.jar:/home/runner/.m2/repository/org/glassfish/jersey/containers/jersey-container-servlet/2.34/jersey-container-servlet-2.34.jar:/home/runner/.m2/repository/org/glassfish/hk2/guice-bridge/2.5.0/guice-bridge-2.5.0.jar:/home/runner/.m2/repository/org/glassfish/jersey/core/jersey-server/2.34/jersey-server-2.34.jar:/home/runner/.m2/repository/org/glassfish/jersey/core/jersey-client/2.34/jersey-client-2.34.jar:/home/runner/.m2/repository/jakarta/annotation/jakarta.annotation-api/1.3.5/jakarta.annotation-api-1.3.5.jar:/home/runner/.m2/repository/jakarta/validation/jakarta.validation-api/2.0.2/jakarta.validation-api-2.0.2.jar:/home/runner/.m2/repository/org/glassfish/jersey/media/jersey-media-json-jackson/2.34/jersey-media-json-jackson-2.34.jar:/home/runner/.m2/repository/org/glassfish/jersey/ext/jersey-entity-filtering/2.34/jersey-entity-filtering-2.34.jar:/home/runner/.m2/repository/org/jooq/jooq/3.11.10/jooq-3.11.10.jar:/home/runner/.m2/repository/org/jooq/jooq-meta/3.11.10/jooq-meta-3.11.10.jar:/home/runner/.m2/repository/org/jooq/jooq-codegen/3.11.10/jooq-codegen-3.11.10.jar:/home/runner/.m2/repository/com/jolbox/bonecp/0.8.0.RELEASE/bonecp-0.8.0.RELEASE.jar:/home/runner/.m2/repository/org/apache/derby/derby/10.14.2.0/derby-10.14.2.0.jar:/home/runner/.m2/repository/org/xerial/sqlite-jdbc/3.25.2/sqlite-jdbc-3.25.2.jar:/home/runner/.m2/repository/org/springframework/spring-jdbc/5.3.23/spring-jdbc-5.3.23.jar:/home/runner/.m2/repository/org/springframework/spring-beans/5.3.23/spring-beans-5.3.23.jar:/home/runner/.m2/repository/org/springframework/spring-core/5.3.23/spring-core-5.3.23.jar:/home/runner/.m2/repository/org/springframework/spring-jcl/5.3.23/spring-jcl-5.3.23.jar:/home/runner/.m2/repository/org/springframework/spring-tx/5.3.23/spring-tx-5.3.23.jar:/home/runner/.m2/repository/org/apache/ozone/ozone-client/1.3.0-SNAPSHOT/ozone-client-1.3.0-SNAPSHOT.jar:/home/runner/.m2/repository/org/apache/ozone/hdds-erasurecode/1.3.0-SNAPSHOT/hdds-erasurecode-1.3.0-SNAPSHOT.jar:/home/runner/.m2/repository/org/apache/ozone/ozone-filesystem/1.3.0-SNAPSHOT/ozone-filesystem-1.3.0-SNAPSHOT.jar:/home/runner/.m2/repository/org/apache/ozone/ozone-filesystem-common/1.3.0-SNAPSHOT/ozone-filesystem-common-1.3.0-SNAPSHOT.jar:/home/runner/.m2/repository/org/apache/ozone/ozone-tools/1.3.0-SNAPSHOT/ozone-tools-1.3.0-SNAPSHOT.jar:/home/runner/.m2/repository/org/apache/ratis/ratis-tools/2.4.2-8b8bdda-SNAPSHOT/ratis-tools-2.4.2-8b8bdda-SNAPSHOT.jar:/home/runner/.m2/repository/com/amazonaws/aws-java-sdk-core/1.12.261/aws-java-sdk-core-1.12.261.jar:/home/runner/.m2/repository/org/apache/httpcomponents/httpclient/4.5.13/httpclient-4.5.13.jar:/home/runner/.m2/repository/org/apache/httpcomponents/httpcore/4.4.13/httpcore-4.4.13.jar:/home/runner/.m2/repository/software/amazon/ion/ion-java/1.0.2/ion-java-1.0.2.jar:/home/runner/.m2/repository/com/fasterxml/jackson/dataformat/jackson-dataformat-cbor/2.13.4/jackson-dataformat-cbor-2.13.4.jar:/home/runner/.m2/repository/joda-time/joda-time/2.8.1/joda-time-2.8.1.jar:/home/runner/.m2/repository/com/amazonaws/aws-java-sdk-s3/1.12.261/aws-java-sdk-s3-1.12.261.jar:/home/runner/.m2/repository/com/amazonaws/aws-java-sdk-kms/1.12.261/aws-java-sdk-kms-1.12.261.jar:/home/runner/.m2/repository/com/amazonaws/jmespath-java/1.12.261/jmespath-java-1.12.261.jar:/home/runner/.m2/repository/org/kohsuke/metainf-services/metainf-services/1.8/metainf-services-1.8.jar:/home/runner/.m2/repository/org/apache/ozone/hdds-tools/1.3.0-SNAPSHOT/hdds-tools-1.3.0-SNAPSHOT.jar:/home/runner/.m2/repository/commons-cli/commons-cli/1.2/commons-cli-1.2.jar:/home/runner/.m2/repository/org/apache/commons/commons-lang3/3.7/commons-lang3-3.7.jar:/home/runner/.m2/repository/org/apache/ozone/ozone-manager/1.3.0-SNAPSHOT/ozone-manager-1.3.0-SNAPSHOT-tests.jar:/home/runner/.m2/repository/org/apache/ozone/hdds-common/1.3.0-SNAPSHOT/hdds-common-1.3.0-SNAPSHOT-tests.jar:/home/runner/.m2/repository/org/apache/ozone/hdds-hadoop-dependency-client/1.3.0-SNAPSHOT/hdds-hadoop-dependency-client-1.3.0-SNAPSHOT.jar:/home/runner/.m2/repository/info/picocli/picocli/4.6.1/picocli-4.6.1.jar:/home/runner/.m2/repository/com/fasterxml/jackson/core/jackson-annotations/2.13.4/jackson-annotations-2.13.4.jar:/home/runner/.m2/repository/com/fasterxml/jackson/datatype/jackson-datatype-jsr310/2.13.4/jackson-datatype-jsr310-2.13.4.jar:/home/runner/.m2/repository/org/apache/ozone/hdds-annotation-processing/1.3.0-SNAPSHOT/hdds-annotation-processing-1.3.0-SNAPSHOT.jar:/home/runner/.m2/repository/javax/annotation/javax.annotation-api/1.2/javax.annotation-api-1.2.jar:/home/runner/.m2/repository/org/apache/ratis/ratis-server/2.4.2-8b8bdda-SNAPSHOT/ratis-server-2.4.2-8b8bdda-SNAPSHOT.jar:/home/runner/.m2/repository/org/apache/ratis/ratis-client/2.4.2-8b8bdda-SNAPSHOT/ratis-client-2.4.2-8b8bdda-SNAPSHOT.jar:/home/runner/.m2/repository/org/apache/ratis/ratis-server-api/2.4.2-8b8bdda-SNAPSHOT/ratis-server-api-2.4.2-8b8bdda-SNAPSHOT.jar:/home/runner/.m2/repository/org/apache/ratis/ratis-metrics/2.4.2-8b8bdda-SNAPSHOT/ratis-metrics-2.4.2-8b8bdda-SNAPSHOT.jar:/home/runner/.m2/repository/org/apache/ratis/ratis-netty/2.4.2-8b8bdda-SNAPSHOT/ratis-netty-2.4.2-8b8bdda-SNAPSHOT.jar:/home/runner/.m2/repository/org/apache/ratis/ratis-grpc/2.4.2-8b8bdda-SNAPSHOT/ratis-grpc-2.4.2-8b8bdda-SNAPSHOT.jar:/home/runner/.m2/repository/org/apache/logging/log4j/log4j-api/2.17.1/log4j-api-2.17.1.jar:/home/runner/.m2/repository/org/apache/commons/commons-pool2/2.6.0/commons-pool2-2.6.0.jar:/home/runner/.m2/repository/org/bouncycastle/bcpkix-jdk15on/1.67/bcpkix-jdk15on-1.67.jar:/home/runner/.m2/repository/commons-validator/commons-validator/1.6/commons-validator-1.6.jar:/home/runner/.m2/repository/commons-beanutils/commons-beanutils/1.9.4/commons-beanutils-1.9.4.jar:/home/runner/.m2/repository/commons-digester/commons-digester/1.8.1/commons-digester-1.8.1.jar:/home/runner/.m2/repository/commons-collections/commons-collections/3.2.2/commons-collections-3.2.2.jar:/home/runner/.m2/repository/io/jaegertracing/jaeger-client/1.6.0/jaeger-client-1.6.0.jar:/home/runner/.m2/repository/io/jaegertracing/jaeger-thrift/1.6.0/jaeger-thrift-1.6.0.jar:/home/runner/.m2/repository/org/apache/thrift/libthrift/0.14.1/libthrift-0.14.1.jar:/home/runner/.m2/repository/io/jaegertracing/jaeger-core/1.6.0/jaeger-core-1.6.0.jar:/home/runner/.m2/repository/io/jaegertracing/jaeger-tracerresolver/1.6.0/jaeger-tracerresolver-1.6.0.jar:/home/runner/.m2/repository/io/opentracing/contrib/opentracing-tracerresolver/0.1.8/opentracing-tracerresolver-0.1.8.jar:/home/runner/.m2/repository/org/jetbrains/kotlin/kotlin-stdlib/1.6.21/kotlin-stdlib-1.6.21.jar:/home/runner/.m2/repository/org/jetbrains/annotations/13.0/annotations-13.0.jar:/home/runner/.m2/repository/io/opentracing/opentracing-util/0.33.0/opentracing-util-0.33.0.jar:/home/runner/.m2/repository/io/opentracing/opentracing-api/0.33.0/opentracing-api-0.33.0.jar:/home/runner/.m2/repository/io/opentracing/opentracing-noop/0.33.0/opentracing-noop-0.33.0.jar:/home/runner/.m2/repository/org/yaml/snakeyaml/1.33/snakeyaml-1.33.jar:/home/runner/.m2/repository/org/apache/ozone/hdds-interface-admin/1.3.0-SNAPSHOT/hdds-interface-admin-1.3.0-SNAPSHOT.jar:/home/runner/.m2/repository/junit/junit/4.13.1/junit-4.13.1.jar:/home/runner/.m2/repository/org/hamcrest/hamcrest-core/1.3/hamcrest-core-1.3.jar:/home/runner/.m2/repository/org/junit/jupiter/junit-jupiter-api/5.8.2/junit-jupiter-api-5.8.2.jar:/home/runner/.m2/repository/org/opentest4j/opentest4j/1.2.0/opentest4j-1.2.0.jar:/home/runner/.m2/repository/org/junit/platform/junit-platform-commons/1.8.2/junit-platform-commons-1.8.2.jar:/home/runner/.m2/repository/org/apiguardian/apiguardian-api/1.1.2/apiguardian-api-1.1.2.jar:/home/runner/.m2/repository/org/junit/jupiter/junit-jupiter-params/5.8.2/junit-jupiter-params-5.8.2.jar:/home/runner/.m2/repository/org/junit/jupiter/junit-jupiter-migrationsupport/5.8.2/junit-jupiter-migrationsupport-5.8.2.jar:/home/runner/.m2/repository/org/junit/jupiter/junit-jupiter-engine/5.8.2/junit-jupiter-engine-5.8.2.jar:/home/runner/.m2/repository/org/junit/platform/junit-platform-engine/1.8.2/junit-platform-engine-1.8.2.jar:/home/runner/.m2/repository/org/junit/vintage/junit-vintage-engine/5.8.2/junit-vintage-engine-5.8.2.jar:/home/runner/.m2/repository/org/junit/platform/junit-platform-launcher/1.8.2/junit-platform-launcher-1.8.2.jar:/home/runner/.m2/repository/org/mockito/mockito-core/2.28.2/mockito-core-2.28.2.jar:/home/runner/.m2/repository/net/bytebuddy/byte-buddy/1.9.10/byte-buddy-1.9.10.jar:/home/runner/.m2/repository/net/bytebuddy/byte-buddy-agent/1.9.10/byte-buddy-agent-1.9.10.jar:/home/runner/.m2/repository/org/objenesis/objenesis/1.0/objenesis-1.0.jar:/home/runner/.m2/repository/org/apache/hadoop/hadoop-kms/3.3.4/hadoop-kms-3.3.4.jar:/home/runner/.m2/repository/org/apache/hadoop/hadoop-auth/3.3.4/hadoop-auth-3.3.4.jar:/home/runner/.m2/repository/com/nimbusds/nimbus-jose-jwt/9.8.1/nimbus-jose-jwt-9.8.1.jar:/home/runner/.m2/repository/com/github/stephenc/jcip/jcip-annotations/1.0-1/jcip-annotations-1.0-1.jar:/home/runner/.m2/repository/net/minidev/json-smart/2.4.7/json-smart-2.4.7.jar:/home/runner/.m2/repository/net/minidev/accessors-smart/2.4.7/accessors-smart-2.4.7.jar:/home/runner/.m2/repository/org/ow2/asm/asm/5.0.4/asm-5.0.4.jar:/home/runner/.m2/repository/org/apache/zookeeper/zookeeper/3.5.6/zookeeper-3.5.6.jar:/home/runner/.m2/repository/org/apache/zookeeper/zookeeper-jute/3.5.6/zookeeper-jute-3.5.6.jar:/home/runner/.m2/repository/org/apache/yetus/audience-annotations/0.5.0/audience-annotations-0.5.0.jar:/home/runner/.m2/repository/org/apache/curator/curator-framework/4.2.0/curator-framework-4.2.0.jar:/home/runner/.m2/repository/org/apache/hadoop/thirdparty/hadoop-shaded-guava/1.1.1/hadoop-shaded-guava-1.1.1.jar:/home/runner/.m2/repository/com/sun/jersey/jersey-core/1.19/jersey-core-1.19.jar:/home/runner/.m2/repository/javax/ws/rs/jsr311-api/1.1.1/jsr311-api-1.1.1.jar:/home/runner/.m2/repository/com/sun/jersey/jersey-server/1.19/jersey-server-1.19.jar:/home/runner/.m2/repository/javax/servlet/javax.servlet-api/3.1.0/javax.servlet-api-3.1.0.jar:/home/runner/.m2/repository/org/eclipse/jetty/jetty-server/9.4.49.v20220914/jetty-server-9.4.49.v20220914.jar:/home/runner/.m2/repository/org/eclipse/jetty/jetty-http/9.4.49.v20220914/jetty-http-9.4.49.v20220914.jar:/home/runner/.m2/repository/org/eclipse/jetty/jetty-io/9.4.49.v20220914/jetty-io-9.4.49.v20220914.jar:/home/runner/.m2/repository/org/eclipse/jetty/jetty-webapp/9.4.49.v20220914/jetty-webapp-9.4.49.v20220914.jar:/home/runner/.m2/repository/org/eclipse/jetty/jetty-xml/9.4.49.v20220914/jetty-xml-9.4.49.v20220914.jar:/home/runner/.m2/repository/org/apache/hadoop/hadoop-common/3.3.4/hadoop-common-3.3.4.jar:/home/runner/.m2/repository/org/apache/commons/commons-math3/3.1.1/commons-math3-3.1.1.jar:/home/runner/.m2/repository/commons-net/commons-net/3.9.0/commons-net-3.9.0.jar:/home/runner/.m2/repository/com/sun/jersey/jersey-servlet/1.19/jersey-servlet-1.19.jar:/home/runner/.m2/repository/com/sun/jersey/jersey-json/1.19/jersey-json-1.19.jar:/home/runner/.m2/repository/org/codehaus/jettison/jettison/1.1/jettison-1.1.jar:/home/runner/.m2/repository/com/sun/xml/bind/jaxb-impl/2.2.3-1/jaxb-impl-2.2.3-1.jar:/home/runner/.m2/repository/org/codehaus/jackson/jackson-xc/1.9.2/jackson-xc-1.9.2.jar:/home/runner/.m2/repository/com/google/re2j/re2j/1.1/re2j-1.1.jar:/home/runner/.m2/repository/com/jcraft/jsch/0.1.54/jsch-0.1.54.jar:/home/runner/.m2/repository/org/apache/curator/curator-client/4.2.0/curator-client-4.2.0.jar:/home/runner/.m2/repository/org/apache/curator/curator-recipes/4.2.0/curator-recipes-4.2.0.jar:/home/runner/.m2/repository/org/apache/kerby/kerb-core/1.0.1/kerb-core-1.0.1.jar:/home/runner/.m2/repository/org/apache/kerby/kerby-pkix/1.0.1/kerby-pkix-1.0.1.jar:/home/runner/.m2/repository/org/apache/kerby/kerby-asn1/1.0.1/kerby-asn1-1.0.1.jar:/home/runner/.m2/repository/org/apache/kerby/kerby-util/1.0.1/kerby-util-1.0.1.jar:/home/runner/.m2/repository/dnsjava/dnsjava/2.1.7/dnsjava-2.1.7.jar:/home/runner/.m2/repository/org/xerial/snappy/snappy-java/1.1.8.2/snappy-java-1.1.8.2.jar:/home/runner/.m2/repository/org/eclipse/jetty/jetty-util/9.4.49.v20220914/jetty-util-9.4.49.v20220914.jar:/home/runner/.m2/repository/com/fasterxml/jackson/core/jackson-databind/2.13.4.2/jackson-databind-2.13.4.2.jar:/home/runner/.m2/repository/org/apache/hadoop/hadoop-kms/3.3.4/hadoop-kms-3.3.4-tests.jar:/home/runner/.m2/repository/org/apache/ozone/hdds-server-scm/1.3.0-SNAPSHOT/hdds-server-scm-1.3.0-SNAPSHOT-tests.jar:/home/runner/.m2/repository/org/apache/ozone/hdds-container-service/1.3.0-SNAPSHOT/hdds-container-service-1.3.0-SNAPSHOT-tests.jar:/home/runner/.m2/repository/commons-codec/commons-codec/1.15/commons-codec-1.15.jar:/home/runner/.m2/repository/io/netty/netty-codec/4.1.77.Final/netty-codec-4.1.77.Final.jar:/home/runner/.m2/repository/io/netty/netty-handler/4.1.77.Final/netty-handler-4.1.77.Final.jar:/home/runner/.m2/repository/org/apache/ozone/hdds-hadoop-dependency-test/1.3.0-SNAPSHOT/hdds-hadoop-dependency-test-1.3.0-SNAPSHOT.jar:/home/runner/.m2/repository/org/apache/hadoop/hadoop-common/3.3.4/hadoop-common-3.3.4-tests.jar:/home/runner/.m2/repository/org/apache/hadoop/hadoop-hdfs/3.3.4/hadoop-hdfs-3.3.4-tests.jar:/home/runner/.m2/repository/org/assertj/assertj-core/3.12.2/assertj-core-3.12.2.jar:/home/runner/.m2/repository/org/apache/hadoop/hadoop-distcp/3.3.4/hadoop-distcp-3.3.4.jar:/home/runner/.m2/repository/org/apache/hadoop/hadoop-mapreduce-client-jobclient/3.3.4/hadoop-mapreduce-client-jobclient-3.3.4.jar:/home/runner/.m2/repository/org/apache/hadoop/hadoop-mapreduce-client-common/3.3.4/hadoop-mapreduce-client-common-3.3.4.jar:/home/runner/.m2/repository/org/apache/hadoop/hadoop-yarn-common/3.3.4/hadoop-yarn-common-3.3.4.jar:/home/runner/.m2/repository/org/apache/hadoop/hadoop-yarn-api/3.3.4/hadoop-yarn-api-3.3.4.jar:/home/runner/.m2/repository/com/sun/jersey/contribs/jersey-guice/1.19/jersey-guice-1.19.jar:/home/runner/.m2/repository/com/fasterxml/jackson/jaxrs/jackson-jaxrs-json-provider/2.13.4/jackson-jaxrs-json-provider-2.13.4.jar:/home/runner/.m2/repository/com/fasterxml/jackson/jaxrs/jackson-jaxrs-base/2.13.4/jackson-jaxrs-base-2.13.4.jar:/home/runner/.m2/repository/org/apache/hadoop/hadoop-yarn-client/3.3.4/hadoop-yarn-client-3.3.4.jar:/home/runner/.m2/repository/org/eclipse/jetty/websocket/websocket-client/9.4.43.v20210629/websocket-client-9.4.43.v20210629.jar:/home/runner/.m2/repository/org/eclipse/jetty/websocket/websocket-common/9.4.43.v20210629/websocket-common-9.4.43.v20210629.jar:/home/runner/.m2/repository/org/eclipse/jetty/websocket/websocket-api/9.4.43.v20210629/websocket-api-9.4.43.v20210629.jar:/home/runner/.m2/repository/org/jline/jline/3.9.0/jline-3.9.0.jar:/home/runner/.m2/repository/org/apache/hadoop/hadoop-mapreduce-client-core/3.3.4/hadoop-mapreduce-client-core-3.3.4.jar:/home/runner/.m2/repository/org/apache/avro/avro/1.7.7/avro-1.7.7.jar:/home/runner/.m2/repository/org/codehaus/jackson/jackson-core-asl/1.9.13/jackson-core-asl-1.9.13.jar:/home/runner/.m2/repository/org/codehaus/jackson/jackson-mapper-asl/1.9.13/jackson-mapper-asl-1.9.13.jar:/home/runner/.m2/repository/com/thoughtworks/paranamer/paranamer/2.3/paranamer-2.3.jar:/home/runner/.m2/repository/org/apache/hadoop/hadoop-annotations/3.3.4/hadoop-annotations-3.3.4.jar:/usr/lib/jvm/temurin-8-jdk-amd64/jre/../lib/tools.jar:/home/runner/.m2/repository/io/netty/netty/3.10.6.Final/netty-3.10.6.Final.jar:/home/runner/.m2/repository/org/apache/hadoop/hadoop-distcp/3.3.4/hadoop-distcp-3.3.4-tests.jar:/home/runner/.m2/repository/org/slf4j/jul-to-slf4j/1.7.36/jul-to-slf4j-1.7.36.jar:/home/runner/.m2/repository/org/apache/ratis/ratis-common/2.4.2-8b8bdda-SNAPSHOT/ratis-common-2.4.2-8b8bdda-SNAPSHOT.jar:/home/runner/.m2/repository/org/apache/ratis/ratis-thirdparty-misc/1.0.3/ratis-thirdparty-misc-1.0.3.jar:/home/runner/.m2/repository/org/apache/ratis/ratis-proto/2.4.2-8b8bdda-SNAPSHOT/ratis-proto-2.4.2-8b8bdda-SNAPSHOT.jar:"/>
    <property name="java.vm.vendor" value="Temurin"/>
    <property name="sun.arch.data.model" value="64"/>
    <property name="test.build.dir" value="/home/runner/work/ozone/ozone/hadoop-ozone/integration-test/target/test-dir"/>
    <property name="test.cache.data" value=""/>
    <property name="java.vendor.url" value="https://adoptium.net/"/>
    <property name="user.timezone" value="Etc/UTC"/>
    <property name="java.vm.specification.version" value="1.8"/>
    <property name="os.name" value="Linux"/>
    <property name="test.build.data" value="/home/runner/work/ozone/ozone/hadoop-ozone/integration-test/target/test-dir"/>
    <property name="sun.java.launcher" value="SUN_STANDARD"/>
    <property name="sun.boot.library.path" value="/usr/lib/jvm/temurin-8-jdk-amd64/jre/lib/amd64"/>
    <property name="sun.java.command" value="/home/runner/work/ozone/ozone/hadoop-ozone/integration-test/target/surefire/surefirebooter9097836245281675922.jar /home/runner/work/ozone/ozone/hadoop-ozone/integration-test/target/surefire 2022-12-23T06-47-55_112-jvmRun1 surefire4123427803748850041tmp surefire_211818023299379177059tmp"/>
    <property name="surefire.test.class.path" value="/home/runner/work/ozone/ozone/hadoop-ozone/integration-test/target/test-classes:/home/runner/work/ozone/ozone/hadoop-ozone/integration-test/target/classes:/home/runner/.m2/repository/org/apache/ozone/ozone-common/1.3.0-SNAPSHOT/ozone-common-1.3.0-SNAPSHOT.jar:/home/runner/.m2/repository/io/grpc/grpc-netty/1.48.1/grpc-netty-1.48.1.jar:/home/runner/.m2/repository/io/grpc/grpc-core/1.48.1/grpc-core-1.48.1.jar:/home/runner/.m2/repository/com/google/android/annotations/4.1.1.4/annotations-4.1.1.4.jar:/home/runner/.m2/repository/org/codehaus/mojo/animal-sniffer-annotations/1.21/animal-sniffer-annotations-1.21.jar:/home/runner/.m2/repository/com/google/errorprone/error_prone_annotations/2.2.0/error_prone_annotations-2.2.0.jar:/home/runner/.m2/repository/io/perfmark/perfmark-api/0.25.0/perfmark-api-0.25.0.jar:/home/runner/.m2/repository/io/netty/netty-codec-http2/4.1.77.Final/netty-codec-http2-4.1.77.Final.jar:/home/runner/.m2/repository/io/netty/netty-common/4.1.77.Final/netty-common-4.1.77.Final.jar:/home/runner/.m2/repository/io/netty/netty-buffer/4.1.77.Final/netty-buffer-4.1.77.Final.jar:/home/runner/.m2/repository/io/netty/netty-codec-http/4.1.77.Final/netty-codec-http-4.1.77.Final.jar:/home/runner/.m2/repository/io/netty/netty-handler-proxy/4.1.77.Final/netty-handler-proxy-4.1.77.Final.jar:/home/runner/.m2/repository/io/netty/netty-codec-socks/4.1.77.Final/netty-codec-socks-4.1.77.Final.jar:/home/runner/.m2/repository/io/netty/netty-tcnative-boringssl-static/2.0.52.Final/netty-tcnative-boringssl-static-2.0.52.Final.jar:/home/runner/.m2/repository/io/netty/netty-tcnative-classes/2.0.52.Final/netty-tcnative-classes-2.0.52.Final.jar:/home/runner/.m2/repository/io/netty/netty-tcnative-boringssl-static/2.0.52.Final/netty-tcnative-boringssl-static-2.0.52.Final-linux-x86_64.jar:/home/runner/.m2/repository/io/netty/netty-tcnative-boringssl-static/2.0.52.Final/netty-tcnative-boringssl-static-2.0.52.Final-linux-aarch_64.jar:/home/runner/.m2/repository/io/netty/netty-tcnative-boringssl-static/2.0.52.Final/netty-tcnative-boringssl-static-2.0.52.Final-osx-x86_64.jar:/home/runner/.m2/repository/io/netty/netty-tcnative-boringssl-static/2.0.52.Final/netty-tcnative-boringssl-static-2.0.52.Final-osx-aarch_64.jar:/home/runner/.m2/repository/io/netty/netty-tcnative-boringssl-static/2.0.52.Final/netty-tcnative-boringssl-static-2.0.52.Final-windows-x86_64.jar:/home/runner/.m2/repository/org/apache/commons/commons-compress/1.21/commons-compress-1.21.jar:/home/runner/.m2/repository/org/apache/ozone/hdds-common/1.3.0-SNAPSHOT/hdds-common-1.3.0-SNAPSHOT.jar:/home/runner/.m2/repository/org/apache/ozone/hdds-client/1.3.0-SNAPSHOT/hdds-client-1.3.0-SNAPSHOT.jar:/home/runner/.m2/repository/org/apache/ozone/ozone-interface-client/1.3.0-SNAPSHOT/ozone-interface-client-1.3.0-SNAPSHOT.jar:/home/runner/.m2/repository/org/apache/ozone/hdds-test-utils/1.3.0-SNAPSHOT/hdds-test-utils-1.3.0-SNAPSHOT.jar:/home/runner/.m2/repository/com/google/guava/guava/31.1-jre/guava-31.1-jre.jar:/home/runner/.m2/repository/com/google/guava/failureaccess/1.0.1/failureaccess-1.0.1.jar:/home/runner/.m2/repository/com/google/guava/listenablefuture/9999.0-empty-to-avoid-conflict-with-guava/listenablefuture-9999.0-empty-to-avoid-conflict-with-guava.jar:/home/runner/.m2/repository/com/google/code/findbugs/jsr305/3.0.0/jsr305-3.0.0.jar:/home/runner/.m2/repository/org/checkerframework/checker-qual/3.12.0/checker-qual-3.12.0.jar:/home/runner/.m2/repository/com/google/j2objc/j2objc-annotations/1.3/j2objc-annotations-1.3.jar:/home/runner/.m2/repository/commons-io/commons-io/2.11.0/commons-io-2.11.0.jar:/home/runner/.m2/repository/commons-logging/commons-logging/1.2/commons-logging-1.2.jar:/home/runner/.m2/repository/ch/qos/reload4j/reload4j/1.2.22/reload4j-1.2.22.jar:/home/runner/.m2/repository/org/slf4j/slf4j-api/1.7.36/slf4j-api-1.7.36.jar:/home/runner/.m2/repository/org/apache/ozone/hdds-server-scm/1.3.0-SNAPSHOT/hdds-server-scm-1.3.0-SNAPSHOT.jar:/home/runner/.m2/repository/org/apache/ozone/hdds-container-service/1.3.0-SNAPSHOT/hdds-container-service-1.3.0-SNAPSHOT.jar:/home/runner/.m2/repository/org/apache/ozone/hdds-hadoop-dependency-server/1.3.0-SNAPSHOT/hdds-hadoop-dependency-server-1.3.0-SNAPSHOT.jar:/home/runner/.m2/repository/org/apache/hadoop/hadoop-hdfs/3.3.4/hadoop-hdfs-3.3.4.jar:/home/runner/.m2/repository/org/eclipse/jetty/jetty-util-ajax/9.4.49.v20220914/jetty-util-ajax-9.4.49.v20220914.jar:/home/runner/.m2/repository/commons-daemon/commons-daemon/1.0.13/commons-daemon-1.0.13.jar:/home/runner/.m2/repository/org/apache/ozone/hdds-server-framework/1.3.0-SNAPSHOT/hdds-server-framework-1.3.0-SNAPSHOT.jar:/home/runner/.m2/repository/org/apache/ozone/hdds-interface-server/1.3.0-SNAPSHOT/hdds-interface-server-1.3.0-SNAPSHOT.jar:/home/runner/.m2/repository/org/apache/commons/commons-configuration2/2.1.1/commons-configuration2-2.1.1.jar:/home/runner/.m2/repository/org/apache/logging/log4j/log4j-core/2.17.1/log4j-core-2.17.1.jar:/home/runner/.m2/repository/com/lmax/disruptor/3.4.2/disruptor-3.4.2.jar:/home/runner/.m2/repository/org/eclipse/jetty/jetty-servlet/9.4.49.v20220914/jetty-servlet-9.4.49.v20220914.jar:/home/runner/.m2/repository/org/eclipse/jetty/jetty-security/9.4.49.v20220914/jetty-security-9.4.49.v20220914.jar:/home/runner/.m2/repository/org/rocksdb/rocksdbjni/7.7.3/rocksdbjni-7.7.3.jar:/home/runner/.m2/repository/io/prometheus/simpleclient_dropwizard/0.7.0/simpleclient_dropwizard-0.7.0.jar:/home/runner/.m2/repository/io/prometheus/simpleclient/0.7.0/simpleclient-0.7.0.jar:/home/runner/.m2/repository/io/prometheus/simpleclient_common/0.7.0/simpleclient_common-0.7.0.jar:/home/runner/.m2/repository/com/github/spotbugs/spotbugs-annotations/3.1.12/spotbugs-annotations-3.1.12.jar:/home/runner/.m2/repository/io/dropwizard/metrics/metrics-core/3.2.4/metrics-core-3.2.4.jar:/home/runner/.m2/repository/org/apache/commons/commons-text/1.4/commons-text-1.4.jar:/home/runner/.m2/repository/org/apache/hadoop/hadoop-hdfs-client/3.3.4/hadoop-hdfs-client-3.3.4.jar:/home/runner/.m2/repository/com/squareup/okhttp3/okhttp/4.9.3/okhttp-4.9.3.jar:/home/runner/.m2/repository/com/squareup/okio/okio/2.8.0/okio-2.8.0.jar:/home/runner/.m2/repository/org/jetbrains/kotlin/kotlin-stdlib-common/1.4.10/kotlin-stdlib-common-1.4.10.jar:/home/runner/.m2/repository/org/bouncycastle/bcprov-jdk15on/1.67/bcprov-jdk15on-1.67.jar:/home/runner/.m2/repository/com/google/protobuf/protobuf-java/2.5.0/protobuf-java-2.5.0.jar:/home/runner/.m2/repository/org/apache/ozone/ozone-manager/1.3.0-SNAPSHOT/ozone-manager-1.3.0-SNAPSHOT.jar:/home/runner/.m2/repository/org/aspectj/aspectjrt/1.9.7/aspectjrt-1.9.7.jar:/home/runner/.m2/repository/org/aspectj/aspectjweaver/1.9.7/aspectjweaver-1.9.7.jar:/home/runner/.m2/repository/org/apache/ozone/hdds-interface-client/1.3.0-SNAPSHOT/hdds-interface-client-1.3.0-SNAPSHOT.jar:/home/runner/.m2/repository/org/apache/hadoop/thirdparty/hadoop-shaded-protobuf_3_7/1.1.1/hadoop-shaded-protobuf_3_7-1.1.1.jar:/home/runner/.m2/repository/org/apache/ozone/ozone-interface-storage/1.3.0-SNAPSHOT/ozone-interface-storage-1.3.0-SNAPSHOT.jar:/home/runner/.m2/repository/org/reflections/reflections/0.9.11/reflections-0.9.11.jar:/home/runner/.m2/repository/com/sun/jersey/jersey-client/1.19/jersey-client-1.19.jar:/home/runner/.m2/repository/org/apache/ranger/ranger-intg/2.3.0/ranger-intg-2.3.0.jar:/home/runner/.m2/repository/org/apache/ranger/ranger-plugins-common/2.3.0/ranger-plugins-common-2.3.0.jar:/home/runner/.m2/repository/commons-lang/commons-lang/2.6/commons-lang-2.6.jar:/home/runner/.m2/repository/org/codehaus/jackson/jackson-jaxrs/1.9.13/jackson-jaxrs-1.9.13.jar:/home/runner/.m2/repository/org/apache/ranger/ranger-plugins-cred/2.3.0/ranger-plugins-cred-2.3.0.jar:/home/runner/.m2/repository/org/apache/ranger/ranger-plugins-audit/2.3.0/ranger-plugins-audit-2.3.0.jar:/home/runner/.m2/repository/org/eclipse/jetty/jetty-client/9.4.31.v20200723/jetty-client-9.4.31.v20200723.jar:/home/runner/.m2/repository/org/apache/httpcomponents/httpmime/4.5.6/httpmime-4.5.6.jar:/home/runner/.m2/repository/org/apache/httpcomponents/httpcore-nio/4.4.6/httpcore-nio-4.4.6.jar:/home/runner/.m2/repository/org/apache/httpcomponents/httpasyncclient/4.1.3/httpasyncclient-4.1.3.jar:/home/runner/.m2/repository/com/carrotsearch/hppc/0.8.0/hppc-0.8.0.jar:/home/runner/.m2/repository/org/apache/orc/orc-core/1.5.8/orc-core-1.5.8.jar:/home/runner/.m2/repository/net/java/dev/jna/jna/5.2.0/jna-5.2.0.jar:/home/runner/.m2/repository/net/java/dev/jna/jna-platform/5.2.0/jna-platform-5.2.0.jar:/home/runner/.m2/repository/com/kstruct/gethostname4j/0.0.2/gethostname4j-0.0.2.jar:/home/runner/.m2/repository/org/apache/ranger/ranger-plugin-classloader/2.3.0/ranger-plugin-classloader-2.3.0.jar:/home/runner/.m2/repository/org/apache/hadoop/hadoop-minikdc/3.3.4/hadoop-minikdc-3.3.4.jar:/home/runner/.m2/repository/org/apache/kerby/kerb-simplekdc/1.0.1/kerb-simplekdc-1.0.1.jar:/home/runner/.m2/repository/org/apache/kerby/kerb-client/1.0.1/kerb-client-1.0.1.jar:/home/runner/.m2/repository/org/apache/kerby/kerby-config/1.0.1/kerby-config-1.0.1.jar:/home/runner/.m2/repository/org/apache/kerby/kerb-common/1.0.1/kerb-common-1.0.1.jar:/home/runner/.m2/repository/org/apache/kerby/kerb-crypto/1.0.1/kerb-crypto-1.0.1.jar:/home/runner/.m2/repository/org/apache/kerby/kerb-util/1.0.1/kerb-util-1.0.1.jar:/home/runner/.m2/repository/org/apache/kerby/token-provider/1.0.1/token-provider-1.0.1.jar:/home/runner/.m2/repository/org/apache/kerby/kerb-admin/1.0.1/kerb-admin-1.0.1.jar:/home/runner/.m2/repository/org/apache/kerby/kerb-server/1.0.1/kerb-server-1.0.1.jar:/home/runner/.m2/repository/org/apache/kerby/kerb-identity/1.0.1/kerb-identity-1.0.1.jar:/home/runner/.m2/repository/org/apache/kerby/kerby-xdr/1.0.1/kerby-xdr-1.0.1.jar:/home/runner/.m2/repository/org/apache/ozone/ozone-s3gateway/1.3.0-SNAPSHOT/ozone-s3gateway-1.3.0-SNAPSHOT.jar:/home/runner/.m2/repository/org/javassist/javassist/3.21.0-GA/javassist-3.21.0-GA.jar:/home/runner/.m2/repository/org/jboss/weld/servlet/weld-servlet/2.4.7.Final/weld-servlet-2.4.7.Final.jar:/home/runner/.m2/repository/org/glassfish/jersey/containers/jersey-container-servlet-core/2.34/jersey-container-servlet-core-2.34.jar:/home/runner/.m2/repository/org/glassfish/hk2/external/jakarta.inject/2.6.1/jakarta.inject-2.6.1.jar:/home/runner/.m2/repository/org/glassfish/jersey/core/jersey-common/2.34/jersey-common-2.34.jar:/home/runner/.m2/repository/jakarta/ws/rs/jakarta.ws.rs-api/2.1.6/jakarta.ws.rs-api-2.1.6.jar:/home/runner/.m2/repository/org/glassfish/jersey/ext/cdi/jersey-cdi1x/2.34/jersey-cdi1x-2.34.jar:/home/runner/.m2/repository/org/glassfish/jersey/inject/jersey-hk2/2.34/jersey-hk2-2.34.jar:/home/runner/.m2/repository/org/glassfish/hk2/hk2-locator/2.6.1/hk2-locator-2.6.1.jar:/home/runner/.m2/repository/org/glassfish/jersey/media/jersey-media-jaxb/2.34/jersey-media-jaxb-2.34.jar:/home/runner/.m2/repository/org/glassfish/hk2/osgi-resource-locator/1.0.3/osgi-resource-locator-1.0.3.jar:/home/runner/.m2/repository/org/glassfish/hk2/hk2-api/2.5.0/hk2-api-2.5.0.jar:/home/runner/.m2/repository/org/glassfish/hk2/hk2-utils/2.5.0/hk2-utils-2.5.0.jar:/home/runner/.m2/repository/org/glassfish/hk2/external/aopalliance-repackaged/2.5.0/aopalliance-repackaged-2.5.0.jar:/home/runner/.m2/repository/com/fasterxml/jackson/dataformat/jackson-dataformat-xml/2.13.4/jackson-dataformat-xml-2.13.4.jar:/home/runner/.m2/repository/com/fasterxml/jackson/core/jackson-core/2.13.4/jackson-core-2.13.4.jar:/home/runner/.m2/repository/org/codehaus/woodstox/stax2-api/4.2.1/stax2-api-4.2.1.jar:/home/runner/.m2/repository/com/fasterxml/woodstox/woodstox-core/5.4.0/woodstox-core-5.4.0.jar:/home/runner/.m2/repository/com/fasterxml/jackson/module/jackson-module-jaxb-annotations/2.13.4/jackson-module-jaxb-annotations-2.13.4.jar:/home/runner/.m2/repository/jakarta/xml/bind/jakarta.xml.bind-api/2.3.3/jakarta.xml.bind-api-2.3.3.jar:/home/runner/.m2/repository/jakarta/activation/jakarta.activation-api/1.2.1/jakarta.activation-api-1.2.1.jar:/home/runner/.m2/repository/javax/enterprise/cdi-api/1.2/cdi-api-1.2.jar:/home/runner/.m2/repository/javax/el/javax.el-api/3.0.0/javax.el-api-3.0.0.jar:/home/runner/.m2/repository/javax/interceptor/javax.interceptor-api/1.2/javax.interceptor-api-1.2.jar:/home/runner/.m2/repository/javax/inject/javax.inject/1/javax.inject-1.jar:/home/runner/.m2/repository/javax/xml/bind/jaxb-api/2.3.0/jaxb-api-2.3.0.jar:/home/runner/.m2/repository/org/glassfish/jaxb/jaxb-runtime/2.3.0.1/jaxb-runtime-2.3.0.1.jar:/home/runner/.m2/repository/org/glassfish/jaxb/jaxb-core/2.3.0.1/jaxb-core-2.3.0.1.jar:/home/runner/.m2/repository/org/glassfish/jaxb/txw2/2.3.0.1/txw2-2.3.0.1.jar:/home/runner/.m2/repository/com/sun/istack/istack-commons-runtime/3.0.5/istack-commons-runtime-3.0.5.jar:/home/runner/.m2/repository/org/jvnet/staxex/stax-ex/1.7.8/stax-ex-1.7.8.jar:/home/runner/.m2/repository/com/sun/xml/fastinfoset/FastInfoset/1.2.13/FastInfoset-1.2.13.jar:/home/runner/.m2/repository/javax/activation/activation/1.1.1/activation-1.1.1.jar:/home/runner/.m2/repository/io/grpc/grpc-protobuf/1.48.1/grpc-protobuf-1.48.1.jar:/home/runner/.m2/repository/io/grpc/grpc-api/1.48.1/grpc-api-1.48.1.jar:/home/runner/.m2/repository/io/grpc/grpc-context/1.48.1/grpc-context-1.48.1.jar:/home/runner/.m2/repository/com/google/api/grpc/proto-google-common-protos/2.9.0/proto-google-common-protos-2.9.0.jar:/home/runner/.m2/repository/io/grpc/grpc-protobuf-lite/1.48.1/grpc-protobuf-lite-1.48.1.jar:/home/runner/.m2/repository/io/grpc/grpc-stub/1.48.1/grpc-stub-1.48.1.jar:/home/runner/.m2/repository/io/netty/netty-transport/4.1.77.Final/netty-transport-4.1.77.Final.jar:/home/runner/.m2/repository/io/netty/netty-resolver/4.1.77.Final/netty-resolver-4.1.77.Final.jar:/home/runner/.m2/repository/org/apache/ozone/ozone-csi/1.3.0-SNAPSHOT/ozone-csi-1.3.0-SNAPSHOT.jar:/home/runner/.m2/repository/com/google/protobuf/protobuf-java-util/3.19.6/protobuf-java-util-3.19.6.jar:/home/runner/.m2/repository/com/google/code/gson/gson/2.9.0/gson-2.9.0.jar:/home/runner/.m2/repository/org/apache/ozone/hdds-config/1.3.0-SNAPSHOT/hdds-config-1.3.0-SNAPSHOT.jar:/home/runner/.m2/repository/io/netty/netty-transport-native-epoll/4.1.77.Final/netty-transport-native-epoll-4.1.77.Final-linux-x86_64.jar:/home/runner/.m2/repository/io/netty/netty-transport-classes-epoll/4.1.77.Final/netty-transport-classes-epoll-4.1.77.Final.jar:/home/runner/.m2/repository/io/netty/netty-transport-native-unix-common/4.1.77.Final/netty-transport-native-unix-common-4.1.77.Final.jar:/home/runner/.m2/repository/org/slf4j/slf4j-reload4j/1.7.36/slf4j-reload4j-1.7.36.jar:/home/runner/.m2/repository/org/apache/ozone/ozone-recon/1.3.0-SNAPSHOT/ozone-recon-1.3.0-SNAPSHOT.jar:/home/runner/.m2/repository/org/apache/ozone/ozone-reconcodegen/1.3.0-SNAPSHOT/ozone-reconcodegen-1.3.0-SNAPSHOT.jar:/home/runner/.m2/repository/com/google/inject/extensions/guice-multibindings/4.0/guice-multibindings-4.0.jar:/home/runner/.m2/repository/com/google/inject/guice/4.0/guice-4.0.jar:/home/runner/.m2/repository/aopalliance/aopalliance/1.0/aopalliance-1.0.jar:/home/runner/.m2/repository/com/google/inject/extensions/guice-assistedinject/4.0/guice-assistedinject-4.0.jar:/home/runner/.m2/repository/com/google/inject/extensions/guice-servlet/4.0/guice-servlet-4.0.jar:/home/runner/.m2/repository/org/glassfish/jersey/containers/jersey-container-servlet/2.34/jersey-container-servlet-2.34.jar:/home/runner/.m2/repository/org/glassfish/hk2/guice-bridge/2.5.0/guice-bridge-2.5.0.jar:/home/runner/.m2/repository/org/glassfish/jersey/core/jersey-server/2.34/jersey-server-2.34.jar:/home/runner/.m2/repository/org/glassfish/jersey/core/jersey-client/2.34/jersey-client-2.34.jar:/home/runner/.m2/repository/jakarta/annotation/jakarta.annotation-api/1.3.5/jakarta.annotation-api-1.3.5.jar:/home/runner/.m2/repository/jakarta/validation/jakarta.validation-api/2.0.2/jakarta.validation-api-2.0.2.jar:/home/runner/.m2/repository/org/glassfish/jersey/media/jersey-media-json-jackson/2.34/jersey-media-json-jackson-2.34.jar:/home/runner/.m2/repository/org/glassfish/jersey/ext/jersey-entity-filtering/2.34/jersey-entity-filtering-2.34.jar:/home/runner/.m2/repository/org/jooq/jooq/3.11.10/jooq-3.11.10.jar:/home/runner/.m2/repository/org/jooq/jooq-meta/3.11.10/jooq-meta-3.11.10.jar:/home/runner/.m2/repository/org/jooq/jooq-codegen/3.11.10/jooq-codegen-3.11.10.jar:/home/runner/.m2/repository/com/jolbox/bonecp/0.8.0.RELEASE/bonecp-0.8.0.RELEASE.jar:/home/runner/.m2/repository/org/apache/derby/derby/10.14.2.0/derby-10.14.2.0.jar:/home/runner/.m2/repository/org/xerial/sqlite-jdbc/3.25.2/sqlite-jdbc-3.25.2.jar:/home/runner/.m2/repository/org/springframework/spring-jdbc/5.3.23/spring-jdbc-5.3.23.jar:/home/runner/.m2/repository/org/springframework/spring-beans/5.3.23/spring-beans-5.3.23.jar:/home/runner/.m2/repository/org/springframework/spring-core/5.3.23/spring-core-5.3.23.jar:/home/runner/.m2/repository/org/springframework/spring-jcl/5.3.23/spring-jcl-5.3.23.jar:/home/runner/.m2/repository/org/springframework/spring-tx/5.3.23/spring-tx-5.3.23.jar:/home/runner/.m2/repository/org/apache/ozone/ozone-client/1.3.0-SNAPSHOT/ozone-client-1.3.0-SNAPSHOT.jar:/home/runner/.m2/repository/org/apache/ozone/hdds-erasurecode/1.3.0-SNAPSHOT/hdds-erasurecode-1.3.0-SNAPSHOT.jar:/home/runner/.m2/repository/org/apache/ozone/ozone-filesystem/1.3.0-SNAPSHOT/ozone-filesystem-1.3.0-SNAPSHOT.jar:/home/runner/.m2/repository/org/apache/ozone/ozone-filesystem-common/1.3.0-SNAPSHOT/ozone-filesystem-common-1.3.0-SNAPSHOT.jar:/home/runner/.m2/repository/org/apache/ozone/ozone-tools/1.3.0-SNAPSHOT/ozone-tools-1.3.0-SNAPSHOT.jar:/home/runner/.m2/repository/org/apache/ratis/ratis-tools/2.4.2-8b8bdda-SNAPSHOT/ratis-tools-2.4.2-8b8bdda-SNAPSHOT.jar:/home/runner/.m2/repository/com/amazonaws/aws-java-sdk-core/1.12.261/aws-java-sdk-core-1.12.261.jar:/home/runner/.m2/repository/org/apache/httpcomponents/httpclient/4.5.13/httpclient-4.5.13.jar:/home/runner/.m2/repository/org/apache/httpcomponents/httpcore/4.4.13/httpcore-4.4.13.jar:/home/runner/.m2/repository/software/amazon/ion/ion-java/1.0.2/ion-java-1.0.2.jar:/home/runner/.m2/repository/com/fasterxml/jackson/dataformat/jackson-dataformat-cbor/2.13.4/jackson-dataformat-cbor-2.13.4.jar:/home/runner/.m2/repository/joda-time/joda-time/2.8.1/joda-time-2.8.1.jar:/home/runner/.m2/repository/com/amazonaws/aws-java-sdk-s3/1.12.261/aws-java-sdk-s3-1.12.261.jar:/home/runner/.m2/repository/com/amazonaws/aws-java-sdk-kms/1.12.261/aws-java-sdk-kms-1.12.261.jar:/home/runner/.m2/repository/com/amazonaws/jmespath-java/1.12.261/jmespath-java-1.12.261.jar:/home/runner/.m2/repository/org/kohsuke/metainf-services/metainf-services/1.8/metainf-services-1.8.jar:/home/runner/.m2/repository/org/apache/ozone/hdds-tools/1.3.0-SNAPSHOT/hdds-tools-1.3.0-SNAPSHOT.jar:/home/runner/.m2/repository/commons-cli/commons-cli/1.2/commons-cli-1.2.jar:/home/runner/.m2/repository/org/apache/commons/commons-lang3/3.7/commons-lang3-3.7.jar:/home/runner/.m2/repository/org/apache/ozone/ozone-manager/1.3.0-SNAPSHOT/ozone-manager-1.3.0-SNAPSHOT-tests.jar:/home/runner/.m2/repository/org/apache/ozone/hdds-common/1.3.0-SNAPSHOT/hdds-common-1.3.0-SNAPSHOT-tests.jar:/home/runner/.m2/repository/org/apache/ozone/hdds-hadoop-dependency-client/1.3.0-SNAPSHOT/hdds-hadoop-dependency-client-1.3.0-SNAPSHOT.jar:/home/runner/.m2/repository/info/picocli/picocli/4.6.1/picocli-4.6.1.jar:/home/runner/.m2/repository/com/fasterxml/jackson/core/jackson-annotations/2.13.4/jackson-annotations-2.13.4.jar:/home/runner/.m2/repository/com/fasterxml/jackson/datatype/jackson-datatype-jsr310/2.13.4/jackson-datatype-jsr310-2.13.4.jar:/home/runner/.m2/repository/org/apache/ozone/hdds-annotation-processing/1.3.0-SNAPSHOT/hdds-annotation-processing-1.3.0-SNAPSHOT.jar:/home/runner/.m2/repository/javax/annotation/javax.annotation-api/1.2/javax.annotation-api-1.2.jar:/home/runner/.m2/repository/org/apache/ratis/ratis-server/2.4.2-8b8bdda-SNAPSHOT/ratis-server-2.4.2-8b8bdda-SNAPSHOT.jar:/home/runner/.m2/repository/org/apache/ratis/ratis-client/2.4.2-8b8bdda-SNAPSHOT/ratis-client-2.4.2-8b8bdda-SNAPSHOT.jar:/home/runner/.m2/repository/org/apache/ratis/ratis-server-api/2.4.2-8b8bdda-SNAPSHOT/ratis-server-api-2.4.2-8b8bdda-SNAPSHOT.jar:/home/runner/.m2/repository/org/apache/ratis/ratis-metrics/2.4.2-8b8bdda-SNAPSHOT/ratis-metrics-2.4.2-8b8bdda-SNAPSHOT.jar:/home/runner/.m2/repository/org/apache/ratis/ratis-netty/2.4.2-8b8bdda-SNAPSHOT/ratis-netty-2.4.2-8b8bdda-SNAPSHOT.jar:/home/runner/.m2/repository/org/apache/ratis/ratis-grpc/2.4.2-8b8bdda-SNAPSHOT/ratis-grpc-2.4.2-8b8bdda-SNAPSHOT.jar:/home/runner/.m2/repository/org/apache/logging/log4j/log4j-api/2.17.1/log4j-api-2.17.1.jar:/home/runner/.m2/repository/org/apache/commons/commons-pool2/2.6.0/commons-pool2-2.6.0.jar:/home/runner/.m2/repository/org/bouncycastle/bcpkix-jdk15on/1.67/bcpkix-jdk15on-1.67.jar:/home/runner/.m2/repository/commons-validator/commons-validator/1.6/commons-validator-1.6.jar:/home/runner/.m2/repository/commons-beanutils/commons-beanutils/1.9.4/commons-beanutils-1.9.4.jar:/home/runner/.m2/repository/commons-digester/commons-digester/1.8.1/commons-digester-1.8.1.jar:/home/runner/.m2/repository/commons-collections/commons-collections/3.2.2/commons-collections-3.2.2.jar:/home/runner/.m2/repository/io/jaegertracing/jaeger-client/1.6.0/jaeger-client-1.6.0.jar:/home/runner/.m2/repository/io/jaegertracing/jaeger-thrift/1.6.0/jaeger-thrift-1.6.0.jar:/home/runner/.m2/repository/org/apache/thrift/libthrift/0.14.1/libthrift-0.14.1.jar:/home/runner/.m2/repository/io/jaegertracing/jaeger-core/1.6.0/jaeger-core-1.6.0.jar:/home/runner/.m2/repository/io/jaegertracing/jaeger-tracerresolver/1.6.0/jaeger-tracerresolver-1.6.0.jar:/home/runner/.m2/repository/io/opentracing/contrib/opentracing-tracerresolver/0.1.8/opentracing-tracerresolver-0.1.8.jar:/home/runner/.m2/repository/org/jetbrains/kotlin/kotlin-stdlib/1.6.21/kotlin-stdlib-1.6.21.jar:/home/runner/.m2/repository/org/jetbrains/annotations/13.0/annotations-13.0.jar:/home/runner/.m2/repository/io/opentracing/opentracing-util/0.33.0/opentracing-util-0.33.0.jar:/home/runner/.m2/repository/io/opentracing/opentracing-api/0.33.0/opentracing-api-0.33.0.jar:/home/runner/.m2/repository/io/opentracing/opentracing-noop/0.33.0/opentracing-noop-0.33.0.jar:/home/runner/.m2/repository/org/yaml/snakeyaml/1.33/snakeyaml-1.33.jar:/home/runner/.m2/repository/org/apache/ozone/hdds-interface-admin/1.3.0-SNAPSHOT/hdds-interface-admin-1.3.0-SNAPSHOT.jar:/home/runner/.m2/repository/junit/junit/4.13.1/junit-4.13.1.jar:/home/runner/.m2/repository/org/hamcrest/hamcrest-core/1.3/hamcrest-core-1.3.jar:/home/runner/.m2/repository/org/junit/jupiter/junit-jupiter-api/5.8.2/junit-jupiter-api-5.8.2.jar:/home/runner/.m2/repository/org/opentest4j/opentest4j/1.2.0/opentest4j-1.2.0.jar:/home/runner/.m2/repository/org/junit/platform/junit-platform-commons/1.8.2/junit-platform-commons-1.8.2.jar:/home/runner/.m2/repository/org/apiguardian/apiguardian-api/1.1.2/apiguardian-api-1.1.2.jar:/home/runner/.m2/repository/org/junit/jupiter/junit-jupiter-params/5.8.2/junit-jupiter-params-5.8.2.jar:/home/runner/.m2/repository/org/junit/jupiter/junit-jupiter-migrationsupport/5.8.2/junit-jupiter-migrationsupport-5.8.2.jar:/home/runner/.m2/repository/org/junit/jupiter/junit-jupiter-engine/5.8.2/junit-jupiter-engine-5.8.2.jar:/home/runner/.m2/repository/org/junit/platform/junit-platform-engine/1.8.2/junit-platform-engine-1.8.2.jar:/home/runner/.m2/repository/org/junit/vintage/junit-vintage-engine/5.8.2/junit-vintage-engine-5.8.2.jar:/home/runner/.m2/repository/org/junit/platform/junit-platform-launcher/1.8.2/junit-platform-launcher-1.8.2.jar:/home/runner/.m2/repository/org/mockito/mockito-core/2.28.2/mockito-core-2.28.2.jar:/home/runner/.m2/repository/net/bytebuddy/byte-buddy/1.9.10/byte-buddy-1.9.10.jar:/home/runner/.m2/repository/net/bytebuddy/byte-buddy-agent/1.9.10/byte-buddy-agent-1.9.10.jar:/home/runner/.m2/repository/org/objenesis/objenesis/1.0/objenesis-1.0.jar:/home/runner/.m2/repository/org/apache/hadoop/hadoop-kms/3.3.4/hadoop-kms-3.3.4.jar:/home/runner/.m2/repository/org/apache/hadoop/hadoop-auth/3.3.4/hadoop-auth-3.3.4.jar:/home/runner/.m2/repository/com/nimbusds/nimbus-jose-jwt/9.8.1/nimbus-jose-jwt-9.8.1.jar:/home/runner/.m2/repository/com/github/stephenc/jcip/jcip-annotations/1.0-1/jcip-annotations-1.0-1.jar:/home/runner/.m2/repository/net/minidev/json-smart/2.4.7/json-smart-2.4.7.jar:/home/runner/.m2/repository/net/minidev/accessors-smart/2.4.7/accessors-smart-2.4.7.jar:/home/runner/.m2/repository/org/ow2/asm/asm/5.0.4/asm-5.0.4.jar:/home/runner/.m2/repository/org/apache/zookeeper/zookeeper/3.5.6/zookeeper-3.5.6.jar:/home/runner/.m2/repository/org/apache/zookeeper/zookeeper-jute/3.5.6/zookeeper-jute-3.5.6.jar:/home/runner/.m2/repository/org/apache/yetus/audience-annotations/0.5.0/audience-annotations-0.5.0.jar:/home/runner/.m2/repository/org/apache/curator/curator-framework/4.2.0/curator-framework-4.2.0.jar:/home/runner/.m2/repository/org/apache/hadoop/thirdparty/hadoop-shaded-guava/1.1.1/hadoop-shaded-guava-1.1.1.jar:/home/runner/.m2/repository/com/sun/jersey/jersey-core/1.19/jersey-core-1.19.jar:/home/runner/.m2/repository/javax/ws/rs/jsr311-api/1.1.1/jsr311-api-1.1.1.jar:/home/runner/.m2/repository/com/sun/jersey/jersey-server/1.19/jersey-server-1.19.jar:/home/runner/.m2/repository/javax/servlet/javax.servlet-api/3.1.0/javax.servlet-api-3.1.0.jar:/home/runner/.m2/repository/org/eclipse/jetty/jetty-server/9.4.49.v20220914/jetty-server-9.4.49.v20220914.jar:/home/runner/.m2/repository/org/eclipse/jetty/jetty-http/9.4.49.v20220914/jetty-http-9.4.49.v20220914.jar:/home/runner/.m2/repository/org/eclipse/jetty/jetty-io/9.4.49.v20220914/jetty-io-9.4.49.v20220914.jar:/home/runner/.m2/repository/org/eclipse/jetty/jetty-webapp/9.4.49.v20220914/jetty-webapp-9.4.49.v20220914.jar:/home/runner/.m2/repository/org/eclipse/jetty/jetty-xml/9.4.49.v20220914/jetty-xml-9.4.49.v20220914.jar:/home/runner/.m2/repository/org/apache/hadoop/hadoop-common/3.3.4/hadoop-common-3.3.4.jar:/home/runner/.m2/repository/org/apache/commons/commons-math3/3.1.1/commons-math3-3.1.1.jar:/home/runner/.m2/repository/commons-net/commons-net/3.9.0/commons-net-3.9.0.jar:/home/runner/.m2/repository/com/sun/jersey/jersey-servlet/1.19/jersey-servlet-1.19.jar:/home/runner/.m2/repository/com/sun/jersey/jersey-json/1.19/jersey-json-1.19.jar:/home/runner/.m2/repository/org/codehaus/jettison/jettison/1.1/jettison-1.1.jar:/home/runner/.m2/repository/com/sun/xml/bind/jaxb-impl/2.2.3-1/jaxb-impl-2.2.3-1.jar:/home/runner/.m2/repository/org/codehaus/jackson/jackson-xc/1.9.2/jackson-xc-1.9.2.jar:/home/runner/.m2/repository/com/google/re2j/re2j/1.1/re2j-1.1.jar:/home/runner/.m2/repository/com/jcraft/jsch/0.1.54/jsch-0.1.54.jar:/home/runner/.m2/repository/org/apache/curator/curator-client/4.2.0/curator-client-4.2.0.jar:/home/runner/.m2/repository/org/apache/curator/curator-recipes/4.2.0/curator-recipes-4.2.0.jar:/home/runner/.m2/repository/org/apache/kerby/kerb-core/1.0.1/kerb-core-1.0.1.jar:/home/runner/.m2/repository/org/apache/kerby/kerby-pkix/1.0.1/kerby-pkix-1.0.1.jar:/home/runner/.m2/repository/org/apache/kerby/kerby-asn1/1.0.1/kerby-asn1-1.0.1.jar:/home/runner/.m2/repository/org/apache/kerby/kerby-util/1.0.1/kerby-util-1.0.1.jar:/home/runner/.m2/repository/dnsjava/dnsjava/2.1.7/dnsjava-2.1.7.jar:/home/runner/.m2/repository/org/xerial/snappy/snappy-java/1.1.8.2/snappy-java-1.1.8.2.jar:/home/runner/.m2/repository/org/eclipse/jetty/jetty-util/9.4.49.v20220914/jetty-util-9.4.49.v20220914.jar:/home/runner/.m2/repository/com/fasterxml/jackson/core/jackson-databind/2.13.4.2/jackson-databind-2.13.4.2.jar:/home/runner/.m2/repository/org/apache/hadoop/hadoop-kms/3.3.4/hadoop-kms-3.3.4-tests.jar:/home/runner/.m2/repository/org/apache/ozone/hdds-server-scm/1.3.0-SNAPSHOT/hdds-server-scm-1.3.0-SNAPSHOT-tests.jar:/home/runner/.m2/repository/org/apache/ozone/hdds-container-service/1.3.0-SNAPSHOT/hdds-container-service-1.3.0-SNAPSHOT-tests.jar:/home/runner/.m2/repository/commons-codec/commons-codec/1.15/commons-codec-1.15.jar:/home/runner/.m2/repository/io/netty/netty-codec/4.1.77.Final/netty-codec-4.1.77.Final.jar:/home/runner/.m2/repository/io/netty/netty-handler/4.1.77.Final/netty-handler-4.1.77.Final.jar:/home/runner/.m2/repository/org/apache/ozone/hdds-hadoop-dependency-test/1.3.0-SNAPSHOT/hdds-hadoop-dependency-test-1.3.0-SNAPSHOT.jar:/home/runner/.m2/repository/org/apache/hadoop/hadoop-common/3.3.4/hadoop-common-3.3.4-tests.jar:/home/runner/.m2/repository/org/apache/hadoop/hadoop-hdfs/3.3.4/hadoop-hdfs-3.3.4-tests.jar:/home/runner/.m2/repository/org/assertj/assertj-core/3.12.2/assertj-core-3.12.2.jar:/home/runner/.m2/repository/org/apache/hadoop/hadoop-distcp/3.3.4/hadoop-distcp-3.3.4.jar:/home/runner/.m2/repository/org/apache/hadoop/hadoop-mapreduce-client-jobclient/3.3.4/hadoop-mapreduce-client-jobclient-3.3.4.jar:/home/runner/.m2/repository/org/apache/hadoop/hadoop-mapreduce-client-common/3.3.4/hadoop-mapreduce-client-common-3.3.4.jar:/home/runner/.m2/repository/org/apache/hadoop/hadoop-yarn-common/3.3.4/hadoop-yarn-common-3.3.4.jar:/home/runner/.m2/repository/org/apache/hadoop/hadoop-yarn-api/3.3.4/hadoop-yarn-api-3.3.4.jar:/home/runner/.m2/repository/com/sun/jersey/contribs/jersey-guice/1.19/jersey-guice-1.19.jar:/home/runner/.m2/repository/com/fasterxml/jackson/jaxrs/jackson-jaxrs-json-provider/2.13.4/jackson-jaxrs-json-provider-2.13.4.jar:/home/runner/.m2/repository/com/fasterxml/jackson/jaxrs/jackson-jaxrs-base/2.13.4/jackson-jaxrs-base-2.13.4.jar:/home/runner/.m2/repository/org/apache/hadoop/hadoop-yarn-client/3.3.4/hadoop-yarn-client-3.3.4.jar:/home/runner/.m2/repository/org/eclipse/jetty/websocket/websocket-client/9.4.43.v20210629/websocket-client-9.4.43.v20210629.jar:/home/runner/.m2/repository/org/eclipse/jetty/websocket/websocket-common/9.4.43.v20210629/websocket-common-9.4.43.v20210629.jar:/home/runner/.m2/repository/org/eclipse/jetty/websocket/websocket-api/9.4.43.v20210629/websocket-api-9.4.43.v20210629.jar:/home/runner/.m2/repository/org/jline/jline/3.9.0/jline-3.9.0.jar:/home/runner/.m2/repository/org/apache/hadoop/hadoop-mapreduce-client-core/3.3.4/hadoop-mapreduce-client-core-3.3.4.jar:/home/runner/.m2/repository/org/apache/avro/avro/1.7.7/avro-1.7.7.jar:/home/runner/.m2/repository/org/codehaus/jackson/jackson-core-asl/1.9.13/jackson-core-asl-1.9.13.jar:/home/runner/.m2/repository/org/codehaus/jackson/jackson-mapper-asl/1.9.13/jackson-mapper-asl-1.9.13.jar:/home/runner/.m2/repository/com/thoughtworks/paranamer/paranamer/2.3/paranamer-2.3.jar:/home/runner/.m2/repository/org/apache/hadoop/hadoop-annotations/3.3.4/hadoop-annotations-3.3.4.jar:/usr/lib/jvm/temurin-8-jdk-amd64/jre/../lib/tools.jar:/home/runner/.m2/repository/io/netty/netty/3.10.6.Final/netty-3.10.6.Final.jar:/home/runner/.m2/repository/org/apache/hadoop/hadoop-distcp/3.3.4/hadoop-distcp-3.3.4-tests.jar:/home/runner/.m2/repository/org/slf4j/jul-to-slf4j/1.7.36/jul-to-slf4j-1.7.36.jar:/home/runner/.m2/repository/org/apache/ratis/ratis-common/2.4.2-8b8bdda-SNAPSHOT/ratis-common-2.4.2-8b8bdda-SNAPSHOT.jar:/home/runner/.m2/repository/org/apache/ratis/ratis-thirdparty-misc/1.0.3/ratis-thirdparty-misc-1.0.3.jar:/home/runner/.m2/repository/org/apache/ratis/ratis-proto/2.4.2-8b8bdda-SNAPSHOT/ratis-proto-2.4.2-8b8bdda-SNAPSHOT.jar:"/>
    <property name="sun.cpu.endian" value="little"/>
    <property name="user.home" value="/home/runner"/>
    <property name="user.language" value="en"/>
    <property name="java.specification.vendor" value="Oracle Corporation"/>
    <property name="java.home" value="/usr/lib/jvm/temurin-8-jdk-amd64/jre"/>
    <property name="java.security.krb5.conf" value="/home/runner/work/ozone/ozone/hadoop-ozone/integration-test/target/test-classes/krb5.conf"/>
    <property name="file.separator" value="/"/>
    <property name="basedir" value="/home/runner/work/ozone/ozone/hadoop-ozone/integration-test"/>
    <property name="line.separator" value="&#10;"/>
    <property name="java.vm.specification.vendor" value="Oracle Corporation"/>
    <property name="java.specification.name" value="Java Platform API Specification"/>
    <property name="skip.installnpx" value="true"/>
    <property name="java.awt.graphicsenv" value="sun.awt.X11GraphicsEnvironment"/>
    <property name="surefire.fork.timeout" value="3600"/>
    <property name="surefire.real.class.path" value="/home/runner/work/ozone/ozone/hadoop-ozone/integration-test/target/surefire/surefirebooter9097836245281675922.jar:/home/runner/.m2/repository/org/jacoco/org.jacoco.agent/0.8.5/org.jacoco.agent-0.8.5-runtime.jar"/>
    <property name="sun.boot.class.path" value="/usr/lib/jvm/temurin-8-jdk-amd64/jre/lib/resources.jar:/usr/lib/jvm/temurin-8-jdk-amd64/jre/lib/rt.jar:/usr/lib/jvm/temurin-8-jdk-amd64/jre/lib/sunrsasign.jar:/usr/lib/jvm/temurin-8-jdk-amd64/jre/lib/jsse.jar:/usr/lib/jvm/temurin-8-jdk-amd64/jre/lib/jce.jar:/usr/lib/jvm/temurin-8-jdk-amd64/jre/lib/charsets.jar:/usr/lib/jvm/temurin-8-jdk-amd64/jre/lib/jfr.jar:/usr/lib/jvm/temurin-8-jdk-amd64/jre/classes"/>
    <property name="hadoop.log.dir" value="/home/runner/work/ozone/ozone/hadoop-ozone/integration-test/target/log"/>
    <property name="sun.management.compiler" value="HotSpot 64-Bit Tiered Compilers"/>
    <property name="java.runtime.version" value="1.8.0_352-b08"/>
    <property name="skip.npx" value="true"/>
    <property name="user.name" value="runner"/>
    <property name="java.net.preferIPv4Stack" value="true"/>
    <property name="path.separator" value=":"/>
    <property name="java.security.egd" value="file:///dev/urandom"/>
    <property name="os.version" value="5.15.0-1023-azure"/>
    <property name="java.endorsed.dirs" value="/usr/lib/jvm/temurin-8-jdk-amd64/jre/lib/endorsed"/>
    <property name="java.runtime.name" value="OpenJDK Runtime Environment"/>
    <property name="file.encoding" value="UTF-8"/>
    <property name="java.vm.name" value="OpenJDK 64-Bit Server VM"/>
    <property name="test.build.webapps" value=""/>
    <property name="localRepository" value="/home/runner/.m2/repository"/>
    <property name="jetty.git.hash" value="4231a3b2e4cb8548a412a789936d640a97b1aa0a"/>
    <property name="java.vendor.url.bug" value="https://github.com/adoptium/adoptium-support/issues"/>
    <property name="require.test.libhadoop" value=""/>
    <property name="java.io.tmpdir" value="/tmp"/>
    <property name="java.version" value="1.8.0_352"/>
    <property name="surefire.rerunFailingTestsCount" value="5"/>
    <property name="user.dir" value="/home/runner/work/ozone/ozone/hadoop-ozone/integration-test"/>
    <property name="os.arch" value="amd64"/>
    <property name="test.build.classes" value="/home/runner/work/ozone/ozone/hadoop-ozone/integration-test/target/test-classes"/>
    <property name="java.vm.specification.name" value="Java Virtual Machine Specification"/>
    <property name="java.awt.printerjob" value="sun.print.PSPrinterJob"/>
    <property name="sun.os.patch.level" value="unknown"/>
    <property name="org.apache.ratis.thirdparty.io.netty.allocator.useCacheForAllThreads" value="false"/>
    <property name="hadoop.tmp.dir" value="/home/runner/work/ozone/ozone/hadoop-ozone/integration-test/target/tmp"/>
    <property name="java.library.path" value="/usr/java/packages/lib/amd64:/usr/lib64:/lib64:/lib:/usr/lib"/>
    <property name="java.vendor" value="Temurin"/>
    <property name="java.vm.info" value="mixed mode"/>
    <property name="java.vm.version" value="25.352-b08"/>
    <property name="java.specification.maintenance.version" value="4"/>
    <property name="sun.io.unicode.encoding" value="UnicodeLittle"/>
    <property name="java.ext.dirs" value="/usr/lib/jvm/temurin-8-jdk-amd64/jre/lib/ext:/usr/java/packages/lib/ext"/>
    <property name="java.class.version" value="52.0"/>
  </properties>
  <testcase name="testLeaderIdAfterLeaderChange" classname="org.apache.hadoop.hdds.scm.TestRatisPipelineLeader" time="0.044">
    <failure type="java.lang.AssertionError"><![CDATA[java.lang.AssertionError
	at org.junit.Assert.fail(Assert.java:87)
	at org.junit.Assert.assertTrue(Assert.java:42)
	at org.junit.Assert.assertTrue(Assert.java:53)
	at org.apache.hadoop.hdds.scm.TestRatisPipelineLeader.testLeaderIdAfterLeaderChange(TestRatisPipelineLeader.java:119)
	at sun.reflect.NativeMethodAccessorImpl.invoke0(Native Method)
	at sun.reflect.NativeMethodAccessorImpl.invoke(NativeMethodAccessorImpl.java:62)
	at sun.reflect.DelegatingMethodAccessorImpl.invoke(DelegatingMethodAccessorImpl.java:43)
	at java.lang.reflect.Method.invoke(Method.java:498)
	at org.junit.platform.commons.util.ReflectionUtils.invokeMethod(ReflectionUtils.java:725)
	at org.junit.jupiter.engine.execution.MethodInvocation.proceed(MethodInvocation.java:60)
	at org.junit.jupiter.engine.execution.InvocationInterceptorChain$ValidatingInvocation.proceed(InvocationInterceptorChain.java:131)
	at org.junit.jupiter.engine.extension.TimeoutInvocation.proceed(TimeoutInvocation.java:46)
	at org.junit.jupiter.engine.extension.TimeoutExtension.intercept(TimeoutExtension.java:149)
	at org.junit.jupiter.engine.extension.TimeoutExtension.interceptTestableMethod(TimeoutExtension.java:140)
	at org.junit.jupiter.engine.extension.TimeoutExtension.interceptTestMethod(TimeoutExtension.java:84)
	at org.junit.jupiter.engine.execution.ExecutableInvoker$ReflectiveInterceptorCall.lambda$ofVoidMethod$0(ExecutableInvoker.java:115)
	at org.junit.jupiter.engine.execution.ExecutableInvoker.lambda$invoke$0(ExecutableInvoker.java:105)
	at org.junit.jupiter.engine.execution.InvocationInterceptorChain$InterceptedInvocation.proceed(InvocationInterceptorChain.java:106)
	at org.junit.jupiter.engine.execution.InvocationInterceptorChain.proceed(InvocationInterceptorChain.java:64)
	at org.junit.jupiter.engine.execution.InvocationInterceptorChain.chainAndInvoke(InvocationInterceptorChain.java:45)
	at org.junit.jupiter.engine.execution.InvocationInterceptorChain.invoke(InvocationInterceptorChain.java:37)
	at org.junit.jupiter.engine.execution.ExecutableInvoker.invoke(ExecutableInvoker.java:104)
	at org.junit.jupiter.engine.execution.ExecutableInvoker.invoke(ExecutableInvoker.java:98)
	at org.junit.jupiter.engine.descriptor.TestMethodTestDescriptor.lambda$invokeTestMethod$7(TestMethodTestDescriptor.java:214)
	at org.junit.platform.engine.support.hierarchical.ThrowableCollector.execute(ThrowableCollector.java:73)
	at org.junit.jupiter.engine.descriptor.TestMethodTestDescriptor.invokeTestMethod(TestMethodTestDescriptor.java:210)
	at org.junit.jupiter.engine.descriptor.TestMethodTestDescriptor.execute(TestMethodTestDescriptor.java:135)
	at org.junit.jupiter.engine.descriptor.TestMethodTestDescriptor.execute(TestMethodTestDescriptor.java:66)
	at org.junit.platform.engine.support.hierarchical.NodeTestTask.lambda$executeRecursively$6(NodeTestTask.java:151)
	at org.junit.platform.engine.support.hierarchical.ThrowableCollector.execute(ThrowableCollector.java:73)
	at org.junit.platform.engine.support.hierarchical.NodeTestTask.lambda$executeRecursively$8(NodeTestTask.java:141)
	at org.junit.platform.engine.support.hierarchical.Node.around(Node.java:137)
	at org.junit.platform.engine.support.hierarchical.NodeTestTask.lambda$executeRecursively$9(NodeTestTask.java:139)
	at org.junit.platform.engine.support.hierarchical.ThrowableCollector.execute(ThrowableCollector.java:73)
	at org.junit.platform.engine.support.hierarchical.NodeTestTask.executeRecursively(NodeTestTask.java:138)
	at org.junit.platform.engine.support.hierarchical.NodeTestTask.execute(NodeTestTask.java:95)
	at java.util.ArrayList.forEach(ArrayList.java:1259)
	at org.junit.platform.engine.support.hierarchical.SameThreadHierarchicalTestExecutorService.invokeAll(SameThreadHierarchicalTestExecutorService.java:41)
	at org.junit.platform.engine.support.hierarchical.NodeTestTask.lambda$executeRecursively$6(NodeTestTask.java:155)
	at org.junit.platform.engine.support.hierarchical.ThrowableCollector.execute(ThrowableCollector.java:73)
	at org.junit.platform.engine.support.hierarchical.NodeTestTask.lambda$executeRecursively$8(NodeTestTask.java:141)
	at org.junit.platform.engine.support.hierarchical.Node.around(Node.java:137)
	at org.junit.platform.engine.support.hierarchical.NodeTestTask.lambda$executeRecursively$9(NodeTestTask.java:139)
	at org.junit.platform.engine.support.hierarchical.ThrowableCollector.execute(ThrowableCollector.java:73)
	at org.junit.platform.engine.support.hierarchical.NodeTestTask.executeRecursively(NodeTestTask.java:138)
	at org.junit.platform.engine.support.hierarchical.NodeTestTask.execute(NodeTestTask.java:95)
	at java.util.ArrayList.forEach(ArrayList.java:1259)
	at org.junit.platform.engine.support.hierarchical.SameThreadHierarchicalTestExecutorService.invokeAll(SameThreadHierarchicalTestExecutorService.java:41)
	at org.junit.platform.engine.support.hierarchical.NodeTestTask.lambda$executeRecursively$6(NodeTestTask.java:155)
	at org.junit.platform.engine.support.hierarchical.ThrowableCollector.execute(ThrowableCollector.java:73)
	at org.junit.platform.engine.support.hierarchical.NodeTestTask.lambda$executeRecursively$8(NodeTestTask.java:141)
	at org.junit.platform.engine.support.hierarchical.Node.around(Node.java:137)
	at org.junit.platform.engine.support.hierarchical.NodeTestTask.lambda$executeRecursively$9(NodeTestTask.java:139)
	at org.junit.platform.engine.support.hierarchical.ThrowableCollector.execute(ThrowableCollector.java:73)
	at org.junit.platform.engine.support.hierarchical.NodeTestTask.executeRecursively(NodeTestTask.java:138)
	at org.junit.platform.engine.support.hierarchical.NodeTestTask.execute(NodeTestTask.java:95)
	at org.junit.platform.engine.support.hierarchical.SameThreadHierarchicalTestExecutorService.submit(SameThreadHierarchicalTestExecutorService.java:35)
	at org.junit.platform.engine.support.hierarchical.HierarchicalTestExecutor.execute(HierarchicalTestExecutor.java:57)
	at org.junit.platform.engine.support.hierarchical.HierarchicalTestEngine.execute(HierarchicalTestEngine.java:54)
	at org.junit.platform.launcher.core.EngineExecutionOrchestrator.execute(EngineExecutionOrchestrator.java:107)
	at org.junit.platform.launcher.core.EngineExecutionOrchestrator.execute(EngineExecutionOrchestrator.java:88)
	at org.junit.platform.launcher.core.EngineExecutionOrchestrator.lambda$execute$0(EngineExecutionOrchestrator.java:54)
	at org.junit.platform.launcher.core.EngineExecutionOrchestrator.withInterceptedStreams(EngineExecutionOrchestrator.java:67)
	at org.junit.platform.launcher.core.EngineExecutionOrchestrator.execute(EngineExecutionOrchestrator.java:52)
	at org.junit.platform.launcher.core.DefaultLauncher.execute(DefaultLauncher.java:114)
	at org.junit.platform.launcher.core.DefaultLauncher.execute(DefaultLauncher.java:86)
	at org.junit.platform.launcher.core.DefaultLauncherSession$DelegatingLauncher.execute(DefaultLauncherSession.java:86)
	at org.junit.platform.launcher.core.SessionPerRequestLauncher.execute(SessionPerRequestLauncher.java:53)
	at org.apache.maven.surefire.junitplatform.JUnitPlatformProvider.execute(JUnitPlatformProvider.java:188)
	at org.apache.maven.surefire.junitplatform.JUnitPlatformProvider.invokeAllTests(JUnitPlatformProvider.java:154)
	at org.apache.maven.surefire.junitplatform.JUnitPlatformProvider.invoke(JUnitPlatformProvider.java:124)
	at org.apache.maven.surefire.booter.ForkedBooter.runSuitesInProcess(ForkedBooter.java:428)
	at org.apache.maven.surefire.booter.ForkedBooter.execute(ForkedBooter.java:162)
	at org.apache.maven.surefire.booter.ForkedBooter.run(ForkedBooter.java:562)
	at org.apache.maven.surefire.booter.ForkedBooter.main(ForkedBooter.java:548)
]]></failure>
    <system-out><![CDATA[2022-12-23 07:21:40,631 [main] WARN  server.ServerUtils (ServerUtils.java:getScmDbDir(148)) - ozone.scm.db.dirs is not configured. We recommend adding this setting. Falling back to ozone.metadata.dirs instead.
2022-12-23 07:21:40,754 [main] WARN  server.ServerUtils (ServerUtils.java:getScmDbDir(148)) - ozone.scm.db.dirs is not configured. We recommend adding this setting. Falling back to ozone.metadata.dirs instead.
2022-12-23 07:21:40,757 [main] INFO  ha.SCMHANodeDetails (SCMHANodeDetails.java:loadSCMHAConfig(209)) - ServiceID for StorageContainerManager is null
2022-12-23 07:21:40,769 [main] WARN  ha.SCMHANodeDetails (SCMHANodeDetails.java:validateSCMHAConfig(182)) - Invalid config ozone.scm.ratis.enable. The config was not specified, but the default value true conflicts with the expected config value false. Falling back to the expected value. Current State of SCM: SCM is running in Non-HA without Ratis Ratis SCM -> Non Ratis SCM or Non HA SCM -> HA SCM is not supported
2022-12-23 07:21:40,769 [main] INFO  ha.SCMHANodeDetails (SCMHANodeDetails.java:loadSCMHAConfig(214)) - ozone.scm.default.service.id is not defined, falling back to ozone.scm.service.ids to find serviceID for StorageContainerManager if it is HA enabled cluster
2022-12-23 07:21:41,427 [main] WARN  utils.HAUtils (HAUtils.java:getMetaDir(342)) - ozone.scm.db.dirs is not configured. We recommend adding this setting. Falling back to ozone.metadata.dirs instead.
2022-12-23 07:21:41,591 [main] WARN  db.DBStoreBuilder (DBStoreBuilder.java:applyDBDefinition(144)) - ozone.scm.db.dirs is not configured. We recommend adding this setting. Falling back to ozone.metadata.dirs instead.
2022-12-23 07:21:41,918 [main] INFO  net.NodeSchemaLoader (NodeSchemaLoader.java:loadSchemaFromFile(129)) - Loading schema from [jar:file:/home/runner/.m2/repository/org/apache/ozone/hdds-common/1.3.0-SNAPSHOT/hdds-common-1.3.0-SNAPSHOT.jar!/network-topology-default.xml]
2022-12-23 07:21:41,920 [main] INFO  net.NodeSchemaLoader (NodeSchemaLoader.java:loadSchema(176)) - Loading network topology layer schema file
2022-12-23 07:21:41,966 [main] INFO  metrics.MetricRegistries (MetricRegistriesLoader.java:load(64)) - Loaded MetricRegistries class org.apache.ratis.metrics.impl.MetricRegistriesImpl
2022-12-23 07:21:41,971 [main] INFO  upgrade.AbstractLayoutVersionManager (AbstractLayoutVersionManager.java:init(83)) - Initializing Layout version manager with metadata layout = DATANODE_SCHEMA_V3 (version = 4), software layout = DATANODE_SCHEMA_V3 (version = 4)
2022-12-23 07:21:42,241 [main] INFO  reflections.Reflections (Reflections.java:scan(232)) - Reflections took 201 ms to scan 7 urls, producing 146 keys and 348 values 
2022-12-23 07:21:42,355 [main] INFO  ha.SequenceIdGenerator (SequenceIdGenerator.java:upgradeToSequenceId(349)) - upgrade localId to 109611004723200000
2022-12-23 07:21:42,356 [main] INFO  ha.SequenceIdGenerator (SequenceIdGenerator.java:upgradeToSequenceId(359)) - upgrade delTxnId to 0
2022-12-23 07:21:42,360 [main] INFO  ha.SequenceIdGenerator (SequenceIdGenerator.java:upgradeToSequenceId(376)) - upgrade containerId to 0
2022-12-23 07:21:42,368 [main] INFO  ha.SequenceIdGenerator (SequenceIdGenerator.java:<init>(220)) - Init the HA SequenceIdGenerator.
2022-12-23 07:21:42,434 [main] WARN  server.ServerUtils (ServerUtils.java:sanitizeUserArgs(73)) - ozone.scm.stale.node.interval value = 300000 is larger than max = 100000 based on the key value of ozone.scm.heartbeat.thread.interval, reset to the max value 100000.
2022-12-23 07:21:42,435 [main] WARN  server.ServerUtils (ServerUtils.java:sanitizeUserArgs(73)) - ozone.scm.stale.node.interval value = 300000 is larger than max = 100000 based on the key value of ozone.scm.heartbeat.thread.interval, reset to the max value 100000.
2022-12-23 07:21:42,442 [main] INFO  node.SCMNodeManager (SCMNodeManager.java:<init>(149)) - Entering startup safe mode.
2022-12-23 07:21:42,561 [main] INFO  algorithms.ContainerPlacementPolicyFactory (ContainerPlacementPolicyFactory.java:getPolicyInternal(86)) - Create container placement policy of type org.apache.hadoop.hdds.scm.container.placement.algorithms.SCMContainerPlacementRandom
2022-12-23 07:21:42,565 [main] INFO  algorithms.ContainerPlacementPolicyFactory (ContainerPlacementPolicyFactory.java:getPolicyInternal(86)) - Create container placement policy of type org.apache.hadoop.hdds.scm.container.placement.algorithms.SCMContainerPlacementRackScatter
2022-12-23 07:21:42,576 [main] INFO  pipeline.PipelineStateManagerImpl (PipelineStateManagerImpl.java:initialize(78)) - No pipeline exists in current db
2022-12-23 07:21:42,618 [main] INFO  algorithms.LeaderChoosePolicyFactory (LeaderChoosePolicyFactory.java:getPolicy(57)) - Create leader choose policy of type org.apache.hadoop.hdds.scm.pipeline.leader.choose.algorithms.MinLeaderCountChoosePolicy
2022-12-23 07:21:42,619 [main] INFO  algorithms.ContainerPlacementPolicyFactory (ContainerPlacementPolicyFactory.java:getPolicyInternal(86)) - Create container placement policy of type org.apache.hadoop.hdds.scm.container.placement.algorithms.SCMContainerPlacementRackScatter
2022-12-23 07:21:42,630 [main] INFO  ha.SCMServiceManager (SCMServiceManager.java:register(42)) - Registering service BackgroundPipelineCreator.
2022-12-23 07:21:42,630 [main] INFO  pipeline.BackgroundPipelineCreator (BackgroundPipelineCreator.java:start(124)) - Starting RatisPipelineUtilsThread.
2022-12-23 07:21:42,636 [main] INFO  BackgroundPipelineScrubber (BackgroundSCMService.java:start(68)) - Starting BackgroundPipelineScrubber Service.
2022-12-23 07:21:42,638 [main] INFO  ha.SCMServiceManager (SCMServiceManager.java:register(42)) - Registering service BackgroundPipelineScrubber.
2022-12-23 07:21:42,649 [main] INFO  ExpiredContainerReplicaOpScrubber (BackgroundSCMService.java:start(68)) - Starting ExpiredContainerReplicaOpScrubber Service.
2022-12-23 07:21:42,650 [main] INFO  ha.SCMServiceManager (SCMServiceManager.java:register(42)) - Registering service ExpiredContainerReplicaOpScrubber.
2022-12-23 07:21:42,706 [main] INFO  algorithms.PipelineChoosePolicyFactory (PipelineChoosePolicyFactory.java:createPipelineChoosePolicyFromClass(73)) - Create pipeline choose policy of type org.apache.hadoop.hdds.scm.pipeline.choose.algorithms.RandomPipelineChoosePolicy
2022-12-23 07:21:42,734 [main] INFO  ha.SCMServiceManager (SCMServiceManager.java:register(42)) - Registering service SCMBlockDeletingService.
2022-12-23 07:21:42,817 [main] INFO  replication.ReplicationManager (ReplicationManager.java:start(261)) - Starting Replication Monitor Thread.
2022-12-23 07:21:42,828 [main] INFO  ha.SCMServiceManager (SCMServiceManager.java:register(42)) - Registering service ReplicationManager.
2022-12-23 07:21:42,833 [ReplicationMonitor] INFO  replication.ReplicationManager (ReplicationManager.java:processAll(330)) - Replication Manager is not ready to run until 3000ms after safemode exit
2022-12-23 07:21:42,841 [main] INFO  safemode.ContainerSafeModeRule (ContainerSafeModeRule.java:<init>(89)) - containers with one replica threshold count 0
2022-12-23 07:21:42,847 [main] INFO  safemode.HealthyPipelineSafeModeRule (HealthyPipelineSafeModeRule.java:initializeRule(169)) - Total pipeline count is 0, healthy pipeline threshold count is 1
2022-12-23 07:21:42,849 [main] INFO  safemode.OneReplicaPipelineSafeModeRule (OneReplicaPipelineSafeModeRule.java:initializeRule(180)) - Total pipeline count is 0, pipeline's with at least one datanode reported threshold count is 0
2022-12-23 07:21:43,220 [main] INFO  audit.AuditLogger (AuditLogger.java:refreshDebugCmdSet(126)) - Refresh DebugCmdSet for SCMAudit to [].
2022-12-23 07:21:43,256 [main] INFO  ipc.CallQueueManager (CallQueueManager.java:<init>(90)) - Using callQueue: class java.util.concurrent.LinkedBlockingQueue, queueCapacity: 2000, scheduler: class org.apache.hadoop.ipc.DefaultRpcScheduler, ipcBackoff: false.
2022-12-23 07:21:43,301 [Socket Reader #1 for port 0] INFO  ipc.Server (Server.java:run(1273)) - Starting Socket Reader #1 for port 0
2022-12-23 07:21:43,372 [Listener at 0.0.0.0/40457] INFO  audit.AuditLogger (AuditLogger.java:refreshDebugCmdSet(126)) - Refresh DebugCmdSet for SCMAudit to [].
2022-12-23 07:21:43,382 [Listener at 0.0.0.0/40457] INFO  ipc.CallQueueManager (CallQueueManager.java:<init>(90)) - Using callQueue: class java.util.concurrent.LinkedBlockingQueue, queueCapacity: 2000, scheduler: class org.apache.hadoop.ipc.DefaultRpcScheduler, ipcBackoff: false.
2022-12-23 07:21:43,384 [Socket Reader #1 for port 0] INFO  ipc.Server (Server.java:run(1273)) - Starting Socket Reader #1 for port 0
2022-12-23 07:21:43,421 [Listener at 0.0.0.0/41919] INFO  audit.AuditLogger (AuditLogger.java:refreshDebugCmdSet(126)) - Refresh DebugCmdSet for SCMAudit to [].
2022-12-23 07:21:43,435 [Listener at 0.0.0.0/41919] INFO  ipc.CallQueueManager (CallQueueManager.java:<init>(90)) - Using callQueue: class java.util.concurrent.LinkedBlockingQueue, queueCapacity: 2000, scheduler: class org.apache.hadoop.ipc.DefaultRpcScheduler, ipcBackoff: false.
2022-12-23 07:21:43,437 [Socket Reader #1 for port 0] INFO  ipc.Server (Server.java:run(1273)) - Starting Socket Reader #1 for port 0
2022-12-23 07:21:43,503 [Listener at 0.0.0.0/33545] INFO  ha.SCMServiceManager (SCMServiceManager.java:register(42)) - Registering service ContainerBalancer.
2022-12-23 07:21:43,505 [Listener at 0.0.0.0/33545] INFO  server.StorageContainerManager (StorageContainerManager.java:<init>(398)) - 
Container Balancer status:
Key                            Value
Running                        true
Container Balancer Configuration values:
Key                                                Value
Threshold                                          10
Max Datanodes to Involve per Iteration(percent)    20
Max Size to Move per Iteration                     500GB
Max Size Entering Target per Iteration             26GB
Max Size Leaving Source per Iteration              26GB

2022-12-23 07:21:43,506 [Listener at 0.0.0.0/33545] INFO  ha.SCMContext (SCMContext.java:updateSafeModeStatus(228)) - Update SafeModeStatus from SafeModeStatus{safeModeStatus=true, preCheckPassed=false} to SafeModeStatus{safeModeStatus=true, preCheckPassed=false}.
2022-12-23 07:21:43,518 [Listener at 0.0.0.0/33545] INFO  server.StorageContainerManager (StorageContainerManager.java:start(1423)) - StorageContainerLocationProtocol RPC server is listening at /0.0.0.0:33545
2022-12-23 07:21:43,593 [Listener at 0.0.0.0/33545] WARN  impl.MetricsConfig (MetricsConfig.java:loadFirst(136)) - Cannot locate configuration: tried hadoop-metrics2-storagecontainermanager.properties,hadoop-metrics2.properties
2022-12-23 07:21:43,607 [Listener at 0.0.0.0/33545] INFO  impl.MetricsSystemImpl (MetricsSystemImpl.java:startTimer(378)) - Scheduled Metric snapshot period at 10 second(s).
2022-12-23 07:21:43,607 [Listener at 0.0.0.0/33545] INFO  impl.MetricsSystemImpl (MetricsSystemImpl.java:start(191)) - StorageContainerManager metrics system started
2022-12-23 07:21:43,995 [Listener at 0.0.0.0/33545] INFO  server.SCMClientProtocolServer (SCMClientProtocolServer.java:start(170)) - RPC server for Client  is listening at /0.0.0.0:33545
2022-12-23 07:21:43,995 [IPC Server Responder] INFO  ipc.Server (Server.java:run(1512)) - IPC Server Responder: starting
2022-12-23 07:21:43,998 [IPC Server listener on 0] INFO  ipc.Server (Server.java:run(1352)) - IPC Server listener on 0: starting
2022-12-23 07:21:44,007 [Listener at 0.0.0.0/33545] INFO  server.StorageContainerManager (StorageContainerManager.java:start(1437)) - ScmBlockLocationProtocol RPC server is listening at /0.0.0.0:41919
2022-12-23 07:21:44,008 [Listener at 0.0.0.0/33545] INFO  server.SCMBlockProtocolServer (SCMBlockProtocolServer.java:start(152)) - RPC server for Block Protocol is listening at /0.0.0.0:41919
2022-12-23 07:21:44,010 [IPC Server listener on 0] INFO  ipc.Server (Server.java:run(1352)) - IPC Server listener on 0: starting
2022-12-23 07:21:44,010 [IPC Server Responder] INFO  ipc.Server (Server.java:run(1512)) - IPC Server Responder: starting
2022-12-23 07:21:44,013 [Listener at 0.0.0.0/33545] INFO  server.SCMDatanodeProtocolServer (SCMDatanodeProtocolServer.java:start(194)) - ScmDatanodeProtocol RPC server for DataNodes is listening at /0.0.0.0:40457
2022-12-23 07:21:44,014 [IPC Server Responder] INFO  ipc.Server (Server.java:run(1512)) - IPC Server Responder: starting
2022-12-23 07:21:44,014 [IPC Server listener on 0] INFO  ipc.Server (Server.java:run(1352)) - IPC Server listener on 0: starting
2022-12-23 07:21:44,032 [org.apache.hadoop.util.JvmPauseMonitor$Monitor@50841932] INFO  util.JvmPauseMonitor (JvmPauseMonitor.java:run(188)) - Starting JVM pause monitor
2022-12-23 07:21:44,053 [Listener at 0.0.0.0/33545] INFO  http.BaseHttpServer (BaseHttpServer.java:newHttpServer2BuilderForOzone(213)) - Starting Web-server for scm at: http://0.0.0.0:0
2022-12-23 07:21:44,054 [Listener at 0.0.0.0/33545] INFO  http.BaseHttpServer (BaseHttpServer.java:<init>(108)) - Hadoop Security Enabled: false Ozone Security Enabled: false Ozone HTTP Security Enabled: false 
2022-12-23 07:21:44,091 [Listener at 0.0.0.0/33545] INFO  util.log (Log.java:initialized(170)) - Logging initialized @5050ms to org.eclipse.jetty.util.log.Slf4jLog
2022-12-23 07:21:44,236 [Listener at 0.0.0.0/33545] WARN  server.AuthenticationFilter (AuthenticationFilter.java:constructSecretProvider(240)) - Unable to initialize FileSignerSecretProvider, falling back to use random secrets. Reason: Could not read signature secret file: /home/runner/hadoop-http-auth-signature-secret
2022-12-23 07:21:44,246 [Listener at 0.0.0.0/33545] WARN  http.HttpRequestLog (HttpRequestLog.java:getRequestLog(103)) - Jetty request log can only be enabled using Log4j
2022-12-23 07:21:44,253 [Listener at 0.0.0.0/33545] INFO  http.HttpServer2 (HttpServer2.java:addGlobalFilter(1031)) - Added global filter 'safety' (class=org.apache.hadoop.hdds.server.http.HttpServer2$QuotingInputFilter)
2022-12-23 07:21:44,255 [Listener at 0.0.0.0/33545] INFO  http.HttpServer2 (HttpServer2.java:addFilter(1007)) - Added filter static_user_filter (class=org.apache.hadoop.http.lib.StaticUserWebFilter$StaticUserFilter) to context scm
2022-12-23 07:21:44,256 [Listener at 0.0.0.0/33545] INFO  http.HttpServer2 (HttpServer2.java:addFilter(1015)) - Added filter static_user_filter (class=org.apache.hadoop.http.lib.StaticUserWebFilter$StaticUserFilter) to context logs
2022-12-23 07:21:44,256 [Listener at 0.0.0.0/33545] INFO  http.HttpServer2 (HttpServer2.java:addFilter(1015)) - Added filter static_user_filter (class=org.apache.hadoop.http.lib.StaticUserWebFilter$StaticUserFilter) to context static
2022-12-23 07:21:44,307 [Listener at 0.0.0.0/33545] INFO  http.HttpServer2 (HttpServer2.java:bindListener(1250)) - Jetty bound to port 45341
2022-12-23 07:21:44,311 [Listener at 0.0.0.0/33545] INFO  server.Server (Server.java:doStart(375)) - jetty-9.4.49.v20220914; built: 2022-09-14T01:07:36.601Z; git: 4231a3b2e4cb8548a412a789936d640a97b1aa0a; jvm 1.8.0_352-b08
2022-12-23 07:21:44,353 [Listener at 0.0.0.0/33545] INFO  server.session (DefaultSessionIdManager.java:doStart(334)) - DefaultSessionIdManager workerName=node0
2022-12-23 07:21:44,353 [Listener at 0.0.0.0/33545] INFO  server.session (DefaultSessionIdManager.java:doStart(339)) - No SessionScavenger set, using defaults
2022-12-23 07:21:44,355 [Listener at 0.0.0.0/33545] INFO  server.session (HouseKeeper.java:startScavenging(132)) - node0 Scavenging every 660000ms
2022-12-23 07:21:44,371 [Listener at 0.0.0.0/33545] INFO  handler.ContextHandler (ContextHandler.java:doStart(921)) - Started o.e.j.s.ServletContextHandler@90c01ab{logs,/logs,file:///home/runner/work/ozone/ozone/hadoop-ozone/integration-test/target/log,AVAILABLE}
2022-12-23 07:21:44,371 [Listener at 0.0.0.0/33545] INFO  handler.ContextHandler (ContextHandler.java:doStart(921)) - Started o.e.j.s.ServletContextHandler@2d568cff{static,/static,file:///home/runner/work/ozone/ozone/hadoop-ozone/integration-test/target/test-classes/webapps/static,AVAILABLE}
2022-12-23 07:21:44,424 [Listener at 0.0.0.0/33545] INFO  handler.ContextHandler (ContextHandler.java:doStart(921)) - Started o.e.j.w.WebAppContext@677d4cea{scm,/,file:///home/runner/work/ozone/ozone/hadoop-ozone/integration-test/target/test-classes/webapps/scm/,AVAILABLE}{file:/home/runner/work/ozone/ozone/hadoop-ozone/integration-test/target/test-classes/webapps/scm}
2022-12-23 07:21:44,437 [Listener at 0.0.0.0/33545] INFO  server.AbstractConnector (AbstractConnector.java:doStart(333)) - Started ServerConnector@38f3dbbf{HTTP/1.1, (http/1.1)}{0.0.0.0:45341}
2022-12-23 07:21:44,438 [Listener at 0.0.0.0/33545] INFO  server.Server (Server.java:doStart(415)) - Started @5397ms
2022-12-23 07:21:44,441 [Listener at 0.0.0.0/33545] INFO  impl.MetricsSinkAdapter (MetricsSinkAdapter.java:start(204)) - Sink prometheus started
2022-12-23 07:21:44,441 [Listener at 0.0.0.0/33545] INFO  impl.MetricsSystemImpl (MetricsSystemImpl.java:registerSink(305)) - Registered sink prometheus
2022-12-23 07:21:44,444 [Listener at 0.0.0.0/33545] INFO  http.BaseHttpServer (BaseHttpServer.java:updateConnectorAddress(333)) - HTTP server of scm listening at http://0.0.0.0:45341
2022-12-23 07:21:44,446 [Listener at 0.0.0.0/33545] WARN  server.ServerUtils (ServerUtils.java:getDBPath(225)) - ozone.om.db.dirs is not configured. We recommend adding this setting. Falling back to ozone.metadata.dirs instead.
2022-12-23 07:21:44,531 [Listener at 0.0.0.0/33545] INFO  audit.AuditLogger (AuditLogger.java:refreshDebugCmdSet(126)) - Refresh DebugCmdSet for OMAudit to [].
2022-12-23 07:21:44,652 [Listener at 0.0.0.0/33545] INFO  ha.OMHANodeDetails (OMHANodeDetails.java:loadOMHAConfig(115)) - ozone.om.internal.service.id is not defined, falling back to ozone.om.service.ids to find serviceID for OzoneManager if it is HA enabled cluster
2022-12-23 07:21:44,660 [Listener at 0.0.0.0/33545] INFO  ha.OMHANodeDetails (OMHANodeDetails.java:loadOMHAConfig(226)) - Configuration does not have ozone.om.address set. Falling back to the default OM address /127.0.0.1:0
2022-12-23 07:21:44,660 [Listener at 0.0.0.0/33545] INFO  ha.OMHANodeDetails (OMHANodeDetails.java:getOMNodeDetailsForNonHA(254)) - OM Service ID is not set. Setting it to the default ID: omServiceIdDefault
2022-12-23 07:21:44,660 [Listener at 0.0.0.0/33545] INFO  ha.OMHANodeDetails (OMHANodeDetails.java:getOMNodeDetailsForNonHA(261)) - OM Node ID is not set. Setting it to the default ID: om1
2022-12-23 07:21:44,664 [Listener at 0.0.0.0/33545] WARN  server.ServerUtils (ServerUtils.java:getDBPath(225)) - ozone.om.db.dirs is not configured. We recommend adding this setting. Falling back to ozone.metadata.dirs instead.
2022-12-23 07:21:44,667 [Listener at 0.0.0.0/33545] INFO  upgrade.AbstractLayoutVersionManager (AbstractLayoutVersionManager.java:init(83)) - Initializing Layout version manager with metadata layout = MULTITENANCY_SCHEMA (version = 3), software layout = MULTITENANCY_SCHEMA (version = 3)
2022-12-23 07:21:44,774 [Listener at 0.0.0.0/33545] INFO  reflections.Reflections (Reflections.java:scan(232)) - Reflections took 101 ms to scan 2 urls, producing 154 keys and 428 values [using 2 cores]
2022-12-23 07:21:44,782 [Listener at 0.0.0.0/33545] INFO  upgrade.OMLayoutVersionManager (OMLayoutVersionManager.java:lambda$0(115)) - Skipping Upgrade Action MockOmUpgradeAction since it has been finalized.
2022-12-23 07:21:44,783 [Listener at 0.0.0.0/33545] WARN  server.ServerUtils (ServerUtils.java:getDBPath(225)) - ozone.om.db.dirs is not configured. We recommend adding this setting. Falling back to ozone.metadata.dirs instead.
2022-12-23 07:21:45,032 [Listener at 0.0.0.0/33545] INFO  proxy.SCMBlockLocationFailoverProxyProvider (SCMBlockLocationFailoverProxyProvider.java:<init>(114)) - Created block location fail-over proxy with 1 nodes: [nodeId=scmNodeId,nodeAddress=/0.0.0.0:41919]
2022-12-23 07:21:45,075 [Listener at 0.0.0.0/33545] INFO  proxy.SCMBlockLocationFailoverProxyProvider (SCMBlockLocationFailoverProxyProvider.java:<init>(114)) - Created block location fail-over proxy with 1 nodes: [nodeId=scmNodeId,nodeAddress=/0.0.0.0:41919]
2022-12-23 07:21:45,324 [Listener at 0.0.0.0/33545] WARN  server.ServerUtils (ServerUtils.java:getDBPath(225)) - ozone.om.db.dirs is not configured. We recommend adding this setting. Falling back to ozone.metadata.dirs instead.
2022-12-23 07:21:45,333 [Listener at 0.0.0.0/33545] INFO  codec.OmKeyInfoCodec (OmKeyInfoCodec.java:<init>(49)) - OmKeyInfoCodec ignorePipeline = true
2022-12-23 07:21:45,335 [Listener at 0.0.0.0/33545] INFO  codec.RepeatedOmKeyInfoCodec (RepeatedOmKeyInfoCodec.java:<init>(41)) - RepeatedOmKeyInfoCodec ignorePipeline = true
2022-12-23 07:21:45,541 [Listener at 0.0.0.0/33545] INFO  om.OzoneManager (OzoneManager.java:instantiateServices(717)) - S3 Multi-Tenancy is disabled
2022-12-23 07:21:45,667 [Listener at 0.0.0.0/33545] INFO  om.OzoneManager (OzoneManager.java:addS3GVolumeToDB(4402)) - Created Volume s3v With Owner runner required for S3Gateway operations.
2022-12-23 07:21:45,733 [Listener at 0.0.0.0/33545] WARN  server.ServerUtils (ServerUtils.java:getDefaultRatisDirectory(237)) - Storage directory for Ratis is not configured. It is a good idea to map this to an SSD disk. Falling back to ozone.metadata.dirs
2022-12-23 07:21:45,733 [Listener at 0.0.0.0/33545] WARN  utils.OzoneManagerRatisUtils (OzoneManagerRatisUtils.java:getOMRatisSnapshotDirectory(434)) - ozone.om.ratis.snapshot.dir is not configured. Falling back to ozone.metadata.dirs config
2022-12-23 07:21:45,761 [Listener at 0.0.0.0/33545] WARN  server.ServerUtils (ServerUtils.java:getDefaultRatisDirectory(237)) - Storage directory for Ratis is not configured. It is a good idea to map this to an SSD disk. Falling back to ozone.metadata.dirs
2022-12-23 07:21:45,799 [Listener at 0.0.0.0/33545] INFO  ratis.OzoneManagerRatisServer (OzoneManagerRatisServer.java:<init>(160)) - Instantiating OM Ratis server with groupID: omServiceIdDefault and peers: localhost:9872
2022-12-23 07:21:45,809 [Listener at 0.0.0.0/33545] INFO  ratis.OzoneManagerStateMachine (OzoneManagerStateMachine.java:loadSnapshotInfoFromDB(636)) - LastAppliedIndex is set from TransactionInfo from OM DB as (t:0, i:~)
2022-12-23 07:21:45,870 [Listener at 0.0.0.0/33545] INFO  server.RaftServer (ConfUtils.java:logGet(46)) - raft.rpc.type = GRPC (default)
2022-12-23 07:21:45,978 [Listener at 0.0.0.0/33545] INFO  grpc.GrpcConfigKeys (ConfUtils.java:logFallback(53)) - raft.grpc.admin.host = null (fallback to raft.grpc.server.host)
2022-12-23 07:21:45,980 [Listener at 0.0.0.0/33545] INFO  grpc.GrpcConfigKeys (ConfUtils.java:logFallback(53)) - raft.grpc.admin.port = 9872 (fallback to raft.grpc.server.port)
2022-12-23 07:21:45,981 [Listener at 0.0.0.0/33545] INFO  grpc.GrpcConfigKeys (ConfUtils.java:logFallback(53)) - raft.grpc.client.host = null (fallback to raft.grpc.server.host)
2022-12-23 07:21:45,982 [Listener at 0.0.0.0/33545] INFO  grpc.GrpcConfigKeys (ConfUtils.java:logFallback(53)) - raft.grpc.client.port = 9872 (fallback to raft.grpc.server.port)
2022-12-23 07:21:45,982 [Listener at 0.0.0.0/33545] INFO  grpc.GrpcConfigKeys (ConfUtils.java:logGet(46)) - raft.grpc.server.host = null (default)
2022-12-23 07:21:45,982 [Listener at 0.0.0.0/33545] INFO  grpc.GrpcConfigKeys (ConfUtils.java:logGet(46)) - raft.grpc.server.port = 9872 (custom)
2022-12-23 07:21:45,983 [Listener at 0.0.0.0/33545] INFO  server.GrpcService (ConfUtils.java:logGet(46)) - raft.grpc.message.size.max = 33554432 (custom)
2022-12-23 07:21:45,984 [Listener at 0.0.0.0/33545] INFO  server.RaftServerConfigKeys (ConfUtils.java:logGet(46)) - raft.server.log.appender.buffer.byte-limit = 33554432 (custom)
2022-12-23 07:21:45,985 [Listener at 0.0.0.0/33545] INFO  server.GrpcService (ConfUtils.java:logGet(46)) - raft.grpc.flow.control.window = 1MB (=1048576) (default)
2022-12-23 07:21:45,986 [Listener at 0.0.0.0/33545] INFO  server.RaftServerConfigKeys (ConfUtils.java:logGet(46)) - raft.server.rpc.request.timeout = 3000ms (default)
2022-12-23 07:21:46,006 [Listener at 0.0.0.0/33545] INFO  grpc.GrpcConfigKeys (ConfUtils.java:logGet(46)) - raft.grpc.server.heartbeat.channel = true (default)
2022-12-23 07:21:46,010 [Listener at 0.0.0.0/33545] INFO  grpc.GrpcConfigKeys (ConfUtils.java:logGet(46)) - raft.grpc.server.async.request.thread.pool.cached = true (default)
2022-12-23 07:21:46,012 [Listener at 0.0.0.0/33545] INFO  grpc.GrpcConfigKeys (ConfUtils.java:logGet(46)) - raft.grpc.server.async.request.thread.pool.size = 32 (default)
2022-12-23 07:21:46,408 [Listener at 0.0.0.0/33545] INFO  impl.DataStreamServerImpl (ConfUtils.java:logGet(46)) - raft.datastream.type = NETTY (custom)
2022-12-23 07:21:46,446 [Listener at 0.0.0.0/33545] INFO  server.RaftServerConfigKeys (ConfUtils.java:logGet(46)) - raft.server.data-stream.async.request.thread.pool.cached = false (default)
2022-12-23 07:21:46,447 [Listener at 0.0.0.0/33545] INFO  server.RaftServerConfigKeys (ConfUtils.java:logGet(46)) - raft.server.data-stream.async.request.thread.pool.size = 32 (default)
2022-12-23 07:21:46,448 [Listener at 0.0.0.0/33545] INFO  server.RaftServerConfigKeys (ConfUtils.java:logGet(46)) - raft.server.data-stream.async.write.thread.pool.size = 16 (default)
2022-12-23 07:21:46,449 [Listener at 0.0.0.0/33545] INFO  server.RaftServerConfigKeys (ConfUtils.java:logGet(46)) - raft.server.data-stream.client.pool.size = 10 (default)
2022-12-23 07:21:46,454 [Listener at 0.0.0.0/33545] INFO  netty.NettyConfigKeys$DataStream (ConfUtils.java:logGet(46)) - raft.netty.dataStream.server.use-epoll = false (default)
2022-12-23 07:21:46,455 [Listener at 0.0.0.0/33545] INFO  netty.NettyConfigKeys$DataStream (ConfUtils.java:logGet(46)) - raft.netty.dataStream.server.boss-group.size = 0 (default)
2022-12-23 07:21:46,465 [Listener at 0.0.0.0/33545] INFO  netty.NettyConfigKeys$DataStream (ConfUtils.java:logGet(46)) - raft.netty.dataStream.server.worker-group.size = 0 (default)
2022-12-23 07:21:46,466 [Listener at 0.0.0.0/33545] INFO  netty.NettyConfigKeys$DataStream (ConfUtils.java:logGet(46)) - raft.netty.dataStream.server.tls.conf = null (default)
2022-12-23 07:21:46,468 [Listener at 0.0.0.0/33545] INFO  netty.NettyConfigKeys$DataStream (ConfUtils.java:logGet(46)) - raft.netty.dataStream.host = null (default)
2022-12-23 07:21:46,469 [Listener at 0.0.0.0/33545] INFO  netty.NettyConfigKeys$DataStream (ConfUtils.java:logGet(46)) - raft.netty.dataStream.port = 0 (default)
2022-12-23 07:21:46,542 [Listener at 0.0.0.0/33545] INFO  server.RaftServerConfigKeys (ConfUtils.java:logGet(46)) - raft.server.threadpool.proxy.cached = true (default)
2022-12-23 07:21:46,543 [Listener at 0.0.0.0/33545] INFO  server.RaftServerConfigKeys (ConfUtils.java:logGet(46)) - raft.server.threadpool.proxy.size = 0 (default)
2022-12-23 07:21:46,543 [Listener at 0.0.0.0/33545] INFO  server.RaftServerConfigKeys (ConfUtils.java:logGet(46)) - raft.server.rpc.slowness.timeout = 120s (custom)
2022-12-23 07:21:46,544 [Listener at 0.0.0.0/33545] INFO  server.RaftServerConfigKeys (ConfUtils.java:logGet(46)) - raft.server.leaderelection.leader.step-down.wait-time = 10s (default)
2022-12-23 07:21:46,552 [Listener at 0.0.0.0/33545] INFO  server.RaftServerConfigKeys (ConfUtils.java:logGet(46)) - raft.server.storage.dir = [/home/runner/work/ozone/ozone/hadoop-ozone/integration-test/target/test-dir/MiniOzoneClusterImpl-66463c8b-75bf-445d-aa1e-0d17c384043c/ozone-meta/ratis] (custom)
2022-12-23 07:21:46,574 [om1-NettyServerStreamRpc-bossGroup--thread1] INFO  logging.LoggingHandler (AbstractInternalLogger.java:log(148)) - [id: 0xc9c18bec] REGISTERED
2022-12-23 07:21:46,576 [om1-NettyServerStreamRpc-bossGroup--thread1] INFO  logging.LoggingHandler (AbstractInternalLogger.java:log(148)) - [id: 0xc9c18bec] BIND: 0.0.0.0/0.0.0.0:0
2022-12-23 07:21:46,577 [Listener at 0.0.0.0/33545] INFO  server.RaftServer (RaftServerProxy.java:addNew(96)) - om1: addNew group-C5BA1605619E:[om1|rpc:localhost:9872|priority:0|startupRole:FOLLOWER] returns group-C5BA1605619E:java.util.concurrent.CompletableFuture@615784a8[Not completed]
2022-12-23 07:21:46,577 [Listener at 0.0.0.0/33545] INFO  om.OzoneManager (OzoneManager.java:initializeRatisServer(1979)) - OzoneManager Ratis server initialized at port 9872
2022-12-23 07:21:46,588 [om1-NettyServerStreamRpc-bossGroup--thread1] INFO  logging.LoggingHandler (AbstractInternalLogger.java:log(148)) - [id: 0xc9c18bec, L:/0:0:0:0:0:0:0:0:36531] ACTIVE
2022-12-23 07:21:46,593 [Listener at 0.0.0.0/33545] INFO  om.OzoneManager (OzoneManager.java:getRpcServer(1106)) - Creating RPC Server
2022-12-23 07:21:46,642 [pool-54-thread-1] INFO  server.RaftServer$Division (RaftServerImpl.java:<init>(195)) - om1: new RaftServerImpl for group-C5BA1605619E:[om1|rpc:localhost:9872|priority:0|startupRole:FOLLOWER] with OzoneManagerStateMachine:uninitialized
2022-12-23 07:21:46,647 [pool-54-thread-1] INFO  server.RaftServerConfigKeys (ConfUtils.java:logGet(46)) - raft.server.rpc.timeout.min = 1s (custom)
2022-12-23 07:21:46,650 [pool-54-thread-1] INFO  server.RaftServerConfigKeys (ConfUtils.java:logGet(46)) - raft.server.rpc.timeout.max = 1200ms (custom)
2022-12-23 07:21:46,650 [pool-54-thread-1] INFO  server.RaftServerConfigKeys (ConfUtils.java:logGet(46)) - raft.server.rpc.sleep.time = 25ms (default)
2022-12-23 07:21:46,650 [pool-54-thread-1] INFO  server.RaftServerConfigKeys (ConfUtils.java:logGet(46)) - raft.server.rpc.slowness.timeout = 120s (custom)
2022-12-23 07:21:46,650 [pool-54-thread-1] INFO  server.RaftServerConfigKeys (ConfUtils.java:logGet(46)) - raft.server.leaderelection.leader.step-down.wait-time = 10s (default)
2022-12-23 07:21:46,650 [pool-54-thread-1] INFO  server.RaftServerConfigKeys (ConfUtils.java:logGet(46)) - raft.server.sleep.deviation.threshold = 300ms (default)
2022-12-23 07:21:46,668 [pool-54-thread-1] INFO  server.RaftServer$Division (ServerState.java:<init>(118)) - om1@group-C5BA1605619E: ConfigurationManager, init=-1: peers:[om1|rpc:localhost:9872|priority:0|startupRole:FOLLOWER]|listeners:[], old=null, confs=<EMPTY_MAP>
2022-12-23 07:21:46,668 [pool-54-thread-1] INFO  server.RaftServerConfigKeys (ConfUtils.java:logGet(46)) - raft.server.storage.dir = [/home/runner/work/ozone/ozone/hadoop-ozone/integration-test/target/test-dir/MiniOzoneClusterImpl-66463c8b-75bf-445d-aa1e-0d17c384043c/ozone-meta/ratis] (custom)
2022-12-23 07:21:46,682 [pool-54-thread-1] INFO  server.RaftServerConfigKeys (ConfUtils.java:logGet(46)) - raft.server.log.corruption.policy = EXCEPTION (default)
2022-12-23 07:21:46,684 [pool-54-thread-1] INFO  server.RaftServerConfigKeys (ConfUtils.java:logGet(46)) - raft.server.storage.free-space.min = 0MB (=0) (default)
2022-12-23 07:21:46,711 [pool-54-thread-1] INFO  server.RaftServerConfigKeys (ConfUtils.java:logGet(46)) - raft.server.notification.no-leader.timeout = 120s (custom)
2022-12-23 07:21:46,714 [pool-54-thread-1] INFO  server.RaftServerConfigKeys (ConfUtils.java:logGet(46)) - raft.server.retrycache.expirytime = 300s (custom)
2022-12-23 07:21:46,714 [pool-54-thread-1] INFO  server.RaftServerConfigKeys (ConfUtils.java:logGet(46)) - raft.server.retrycache.statistics.expirytime = 100μs (default)
2022-12-23 07:21:46,855 [pool-54-thread-1] INFO  server.RaftServerConfigKeys (ConfUtils.java:logGet(46)) - raft.server.log.appender.install.snapshot.enabled = false (custom)
2022-12-23 07:21:46,856 [pool-54-thread-1] INFO  server.RaftServerConfigKeys (ConfUtils.java:logGet(46)) - raft.server.threadpool.server.cached = true (default)
2022-12-23 07:21:46,856 [pool-54-thread-1] INFO  server.RaftServerConfigKeys (ConfUtils.java:logGet(46)) - raft.server.threadpool.server.size = 0 (default)
2022-12-23 07:21:46,857 [pool-54-thread-1] INFO  server.RaftServerConfigKeys (ConfUtils.java:logGet(46)) - raft.server.threadpool.client.cached = true (default)
2022-12-23 07:21:46,857 [pool-54-thread-1] INFO  server.RaftServerConfigKeys (ConfUtils.java:logGet(46)) - raft.server.threadpool.client.size = 0 (default)
2022-12-23 07:21:47,455 [Listener at 0.0.0.0/33545] INFO  reflections.Reflections (Reflections.java:scan(232)) - Reflections took 722 ms to scan 19 urls, producing 67 keys and 4514 values [using 2 cores]
2022-12-23 07:21:47,788 [Listener at 0.0.0.0/33545] INFO  ipc.CallQueueManager (CallQueueManager.java:<init>(90)) - Using callQueue: class java.util.concurrent.LinkedBlockingQueue, queueCapacity: 2000, scheduler: class org.apache.hadoop.ipc.DefaultRpcScheduler, ipcBackoff: false.
2022-12-23 07:21:47,789 [Socket Reader #1 for port 0] INFO  ipc.Server (Server.java:run(1273)) - Starting Socket Reader #1 for port 0
2022-12-23 07:21:47,827 [Listener at 127.0.0.1/38243] INFO  impl.MetricsSystemImpl (MetricsSystemImpl.java:init(158)) - OzoneManager metrics system started (again)
2022-12-23 07:21:47,843 [Listener at 127.0.0.1/38243] INFO  om.OzoneManager (OzoneManager.java:start(1486)) - OzoneManager RPC server is listening at localhost/127.0.0.1:38243
2022-12-23 07:21:47,844 [Listener at 127.0.0.1/38243] INFO  ratis.OzoneManagerRatisServer (OzoneManagerRatisServer.java:start(555)) - Starting OzoneManagerRatisServer om1 at port 9872
2022-12-23 07:21:47,849 [om1-impl-thread1] INFO  storage.RaftStorageDirectory (RaftStorageDirectoryImpl.java:analyzeStorage(137)) - The storage directory /home/runner/work/ozone/ozone/hadoop-ozone/integration-test/target/test-dir/MiniOzoneClusterImpl-66463c8b-75bf-445d-aa1e-0d17c384043c/ozone-meta/ratis/bf265839-605b-3f16-9796-c5ba1605619e does not exist. Creating ...
2022-12-23 07:21:47,855 [om1-impl-thread1] INFO  storage.RaftStorageDirectory (RaftStorageDirectoryImpl.java:tryLock(231)) - Lock on /home/runner/work/ozone/ozone/hadoop-ozone/integration-test/target/test-dir/MiniOzoneClusterImpl-66463c8b-75bf-445d-aa1e-0d17c384043c/ozone-meta/ratis/bf265839-605b-3f16-9796-c5ba1605619e/in_use.lock acquired by nodename 81300@fv-az505-480
2022-12-23 07:21:47,864 [om1-impl-thread1] INFO  storage.RaftStorage (RaftStorageImpl.java:format(96)) - Storage directory /home/runner/work/ozone/ozone/hadoop-ozone/integration-test/target/test-dir/MiniOzoneClusterImpl-66463c8b-75bf-445d-aa1e-0d17c384043c/ozone-meta/ratis/bf265839-605b-3f16-9796-c5ba1605619e has been successfully formatted.
2022-12-23 07:21:47,867 [om1-impl-thread1] INFO  server.RaftServerConfigKeys (ConfUtils.java:logGet(46)) - raft.server.log.use.memory = false (default)
2022-12-23 07:21:47,877 [om1-impl-thread1] INFO  server.RaftServerConfigKeys (ConfUtils.java:logGet(46)) - raft.server.log.purge.gap = 1000000 (custom)
2022-12-23 07:21:47,877 [om1-impl-thread1] INFO  server.RaftServerConfigKeys (ConfUtils.java:logGet(46)) - raft.server.log.appender.buffer.byte-limit = 33554432 (custom)
2022-12-23 07:21:47,880 [om1-impl-thread1] INFO  server.RaftServerConfigKeys (ConfUtils.java:logGet(46)) - raft.server.log.statemachine.data.read.timeout = 1000ms (default)
2022-12-23 07:21:47,881 [om1-impl-thread1] INFO  server.RaftServerConfigKeys (ConfUtils.java:logGet(46)) - raft.server.log.purge.preservation.log.num = 0 (default)
2022-12-23 07:21:47,885 [om1-impl-thread1] INFO  server.RaftServerConfigKeys (ConfUtils.java:logGet(46)) - raft.server.log.segment.size.max = 4194304 (custom)
2022-12-23 07:21:47,892 [om1-impl-thread1] INFO  server.RaftServerConfigKeys (ConfUtils.java:logGet(46)) - raft.server.log.segment.cache.num.max = 2 (custom)
2022-12-23 07:21:47,892 [om1-impl-thread1] INFO  server.RaftServerConfigKeys (ConfUtils.java:logGet(46)) - raft.server.log.segment.cache.size.max = 200MB (=209715200) (default)
2022-12-23 07:21:47,900 [om1-impl-thread1] INFO  segmented.SegmentedRaftLogWorker (SegmentedRaftLogWorker.java:<init>(189)) - new om1@group-C5BA1605619E-SegmentedRaftLogWorker for RaftStorageImpl:Storage Directory /home/runner/work/ozone/ozone/hadoop-ozone/integration-test/target/test-dir/MiniOzoneClusterImpl-66463c8b-75bf-445d-aa1e-0d17c384043c/ozone-meta/ratis/bf265839-605b-3f16-9796-c5ba1605619e
2022-12-23 07:21:47,901 [om1-impl-thread1] INFO  server.RaftServerConfigKeys (ConfUtils.java:logGet(46)) - raft.server.log.queue.byte-limit = 64MB (=67108864) (default)
2022-12-23 07:21:47,901 [om1-impl-thread1] INFO  server.RaftServerConfigKeys (ConfUtils.java:logGet(46)) - raft.server.log.queue.element-limit = 4096 (default)
2022-12-23 07:21:47,902 [om1-impl-thread1] INFO  server.RaftServerConfigKeys (ConfUtils.java:logGet(46)) - raft.server.log.segment.size.max = 4194304 (custom)
2022-12-23 07:21:47,903 [om1-impl-thread1] INFO  server.RaftServerConfigKeys (ConfUtils.java:logGet(46)) - raft.server.log.preallocated.size = 4194304 (custom)
2022-12-23 07:21:47,903 [om1-impl-thread1] INFO  server.RaftServerConfigKeys (ConfUtils.java:logGet(46)) - raft.server.log.force.sync.num = 128 (default)
2022-12-23 07:21:47,904 [om1-impl-thread1] INFO  server.RaftServerConfigKeys (ConfUtils.java:logGet(46)) - raft.server.log.statemachine.data.sync = true (default)
2022-12-23 07:21:47,905 [om1-impl-thread1] INFO  server.RaftServerConfigKeys (ConfUtils.java:logGet(46)) - raft.server.log.statemachine.data.sync.timeout = 10s (default)
2022-12-23 07:21:47,905 [om1-impl-thread1] INFO  server.RaftServerConfigKeys (ConfUtils.java:logGet(46)) - raft.server.log.statemachine.data.sync.timeout.retry = -1 (default)
2022-12-23 07:21:47,917 [om1-impl-thread1] INFO  server.RaftServerConfigKeys (ConfUtils.java:logGet(46)) - raft.server.log.write.buffer.size = 64KB (=65536) (default)
2022-12-23 07:21:47,918 [om1-impl-thread1] INFO  server.RaftServerConfigKeys (ConfUtils.java:logGet(46)) - raft.server.log.appender.buffer.byte-limit = 33554432 (custom)
2022-12-23 07:21:47,924 [om1-impl-thread1] INFO  server.RaftServerConfigKeys (ConfUtils.java:logGet(46)) - raft.server.log.unsafe-flush.enabled = false (default)
2022-12-23 07:21:47,924 [om1-impl-thread1] INFO  server.RaftServerConfigKeys (ConfUtils.java:logGet(46)) - raft.server.log.async-flush.enabled = false (default)
2022-12-23 07:21:47,925 [om1-impl-thread1] INFO  server.RaftServerConfigKeys (ConfUtils.java:logGet(46)) - raft.server.log.statemachine.data.caching.enabled = false (default)
2022-12-23 07:21:47,933 [om1-impl-thread1] INFO  segmented.SegmentedRaftLogWorker (SegmentedRaftLogWorker.java:lambda$new$0(135)) - om1@group-C5BA1605619E-SegmentedRaftLogWorker: flushIndex: setUnconditionally 0 -> -1
2022-12-23 07:21:47,933 [om1-impl-thread1] INFO  segmented.SegmentedRaftLogWorker (SegmentedRaftLogWorker.java:lambda$new$0(135)) - om1@group-C5BA1605619E-SegmentedRaftLogWorker: safeCacheEvictIndex: setUnconditionally 0 -> -1
2022-12-23 07:21:47,935 [om1-impl-thread1] INFO  server.RaftServer$Division (RaftServerImpl.java:start(334)) - om1@group-C5BA1605619E: start as a follower, conf=-1: peers:[om1|rpc:localhost:9872|priority:0|startupRole:FOLLOWER]|listeners:[], old=null
2022-12-23 07:21:47,940 [om1-impl-thread1] INFO  server.RaftServer$Division (RaftServerImpl.java:setRole(321)) - om1@group-C5BA1605619E: changes role from      null to FOLLOWER at term 0 for startAsFollower
2022-12-23 07:21:47,943 [om1-impl-thread1] INFO  impl.RoleInfo (RoleInfo.java:updateAndGet(139)) - om1: start om1@group-C5BA1605619E-FollowerState
2022-12-23 07:21:47,946 [om1-impl-thread1] INFO  util.JmxRegister (JmxRegister.java:tryRegister(44)) - Successfully registered JMX Bean with object name Ratis:service=RaftServer,group=group-C5BA1605619E,id=om1
2022-12-23 07:21:47,949 [om1@group-C5BA1605619E-FollowerState] INFO  server.RaftServerConfigKeys (ConfUtils.java:logFallback(53)) - raft.server.rpc.first-election.timeout.min = 1s (fallback to raft.server.rpc.timeout.min)
2022-12-23 07:21:47,950 [om1@group-C5BA1605619E-FollowerState] INFO  server.RaftServerConfigKeys (ConfUtils.java:logFallback(53)) - raft.server.rpc.first-election.timeout.max = 1200ms (fallback to raft.server.rpc.timeout.max)
2022-12-23 07:21:47,951 [om1-impl-thread1] INFO  server.RaftServerConfigKeys (ConfUtils.java:logGet(46)) - raft.server.snapshot.auto.trigger.enabled = true (custom)
2022-12-23 07:21:47,952 [om1-impl-thread1] INFO  server.RaftServerConfigKeys (ConfUtils.java:logGet(46)) - raft.server.snapshot.auto.trigger.threshold = 400000 (default)
2022-12-23 07:21:47,953 [om1-impl-thread1] INFO  server.RaftServerConfigKeys (ConfUtils.java:logGet(46)) - raft.server.snapshot.retention.file.num = -1 (default)
2022-12-23 07:21:47,957 [om1-impl-thread1] INFO  server.RaftServerConfigKeys (ConfUtils.java:logGet(46)) - raft.server.log.purge.upto.snapshot.index = true (custom)
2022-12-23 07:21:47,962 [Listener at 127.0.0.1/38243] INFO  server.RaftServer (RaftServerProxy.java:startImpl(393)) - om1: start RPC server
2022-12-23 07:21:47,989 [Listener at 127.0.0.1/38243] INFO  server.GrpcService (GrpcService.java:startImpl(262)) - om1: GrpcService started, listening on 9872
2022-12-23 07:21:47,991 [Listener at 127.0.0.1/38243] INFO  om.OzoneManager (OzoneManager.java:start(1502)) - Version File has different layout version (3) than OM DB (null). That is expected if this OM has never been finalized to a newer layout version.
2022-12-23 07:21:47,994 [JvmPauseMonitor0] INFO  util.JvmPauseMonitor (JvmPauseMonitor.java:run(105)) - JvmPauseMonitor-om1: Started
2022-12-23 07:21:48,010 [Listener at 127.0.0.1/38243] INFO  http.BaseHttpServer (BaseHttpServer.java:newHttpServer2BuilderForOzone(213)) - Starting Web-server for ozoneManager at: http://0.0.0.0:0
2022-12-23 07:21:48,010 [Listener at 127.0.0.1/38243] INFO  http.BaseHttpServer (BaseHttpServer.java:<init>(108)) - Hadoop Security Enabled: false Ozone Security Enabled: false Ozone HTTP Security Enabled: false 
2022-12-23 07:21:48,012 [Listener at 127.0.0.1/38243] WARN  server.AuthenticationFilter (AuthenticationFilter.java:constructSecretProvider(240)) - Unable to initialize FileSignerSecretProvider, falling back to use random secrets. Reason: Could not read signature secret file: /home/runner/hadoop-http-auth-signature-secret
2022-12-23 07:21:48,015 [Listener at 127.0.0.1/38243] WARN  http.HttpRequestLog (HttpRequestLog.java:getRequestLog(103)) - Jetty request log can only be enabled using Log4j
2022-12-23 07:21:48,017 [Listener at 127.0.0.1/38243] INFO  http.HttpServer2 (HttpServer2.java:addGlobalFilter(1031)) - Added global filter 'safety' (class=org.apache.hadoop.hdds.server.http.HttpServer2$QuotingInputFilter)
2022-12-23 07:21:48,018 [Listener at 127.0.0.1/38243] INFO  http.HttpServer2 (HttpServer2.java:addFilter(1007)) - Added filter static_user_filter (class=org.apache.hadoop.http.lib.StaticUserWebFilter$StaticUserFilter) to context ozoneManager
2022-12-23 07:21:48,018 [Listener at 127.0.0.1/38243] INFO  http.HttpServer2 (HttpServer2.java:addFilter(1015)) - Added filter static_user_filter (class=org.apache.hadoop.http.lib.StaticUserWebFilter$StaticUserFilter) to context logs
2022-12-23 07:21:48,019 [Listener at 127.0.0.1/38243] INFO  http.HttpServer2 (HttpServer2.java:addFilter(1015)) - Added filter static_user_filter (class=org.apache.hadoop.http.lib.StaticUserWebFilter$StaticUserFilter) to context static
2022-12-23 07:21:48,021 [Listener at 127.0.0.1/38243] INFO  http.HttpServer2 (HttpServer2.java:bindListener(1250)) - Jetty bound to port 43701
2022-12-23 07:21:48,021 [Listener at 127.0.0.1/38243] INFO  server.Server (Server.java:doStart(375)) - jetty-9.4.49.v20220914; built: 2022-09-14T01:07:36.601Z; git: 4231a3b2e4cb8548a412a789936d640a97b1aa0a; jvm 1.8.0_352-b08
2022-12-23 07:21:48,025 [Listener at 127.0.0.1/38243] INFO  server.session (DefaultSessionIdManager.java:doStart(334)) - DefaultSessionIdManager workerName=node0
2022-12-23 07:21:48,025 [Listener at 127.0.0.1/38243] INFO  server.session (DefaultSessionIdManager.java:doStart(339)) - No SessionScavenger set, using defaults
2022-12-23 07:21:48,025 [Listener at 127.0.0.1/38243] INFO  server.session (HouseKeeper.java:startScavenging(132)) - node0 Scavenging every 600000ms
2022-12-23 07:21:48,028 [Listener at 127.0.0.1/38243] INFO  handler.ContextHandler (ContextHandler.java:doStart(921)) - Started o.e.j.s.ServletContextHandler@600c19ec{logs,/logs,file:///home/runner/work/ozone/ozone/hadoop-ozone/integration-test/target/log,AVAILABLE}
2022-12-23 07:21:48,028 [Listener at 127.0.0.1/38243] INFO  handler.ContextHandler (ContextHandler.java:doStart(921)) - Started o.e.j.s.ServletContextHandler@11cac5f3{static,/static,file:///home/runner/work/ozone/ozone/hadoop-ozone/integration-test/target/test-classes/webapps/static,AVAILABLE}
2022-12-23 07:21:48,033 [Listener at 127.0.0.1/38243] INFO  handler.ContextHandler (ContextHandler.java:doStart(921)) - Started o.e.j.w.WebAppContext@7d51d634{ozoneManager,/,file:///home/runner/work/ozone/ozone/hadoop-ozone/integration-test/target/test-classes/webapps/ozoneManager/,AVAILABLE}{file:/home/runner/work/ozone/ozone/hadoop-ozone/integration-test/target/test-classes/webapps/ozoneManager}
2022-12-23 07:21:48,035 [Listener at 127.0.0.1/38243] INFO  server.AbstractConnector (AbstractConnector.java:doStart(333)) - Started ServerConnector@43ac2698{HTTP/1.1, (http/1.1)}{0.0.0.0:43701}
2022-12-23 07:21:48,035 [Listener at 127.0.0.1/38243] INFO  server.Server (Server.java:doStart(415)) - Started @8994ms
2022-12-23 07:21:48,035 [Listener at 127.0.0.1/38243] WARN  impl.MetricsSystemImpl (MetricsSystemImpl.java:register(279)) - Sink prometheus already exists!
2022-12-23 07:21:48,036 [Listener at 127.0.0.1/38243] INFO  http.BaseHttpServer (BaseHttpServer.java:updateConnectorAddress(333)) - HTTP server of ozoneManager listening at http://0.0.0.0:43701
2022-12-23 07:21:48,036 [IPC Server Responder] INFO  ipc.Server (Server.java:run(1512)) - IPC Server Responder: starting
2022-12-23 07:21:48,043 [Listener at 127.0.0.1/38243] INFO  om.OzoneManager (OzoneManager.java:startTrashEmptier(1923)) - Trash Interval set to 0. Files deleted won't move to trash
2022-12-23 07:21:48,044 [IPC Server listener on 0] INFO  ipc.Server (Server.java:run(1352)) - IPC Server listener on 0: starting
2022-12-23 07:21:48,055 [org.apache.hadoop.util.JvmPauseMonitor$Monitor@22e0965c] INFO  util.JvmPauseMonitor (JvmPauseMonitor.java:run(188)) - Starting JVM pause monitor
2022-12-23 07:21:48,248 [Listener at 127.0.0.1/38243] WARN  impl.MetricRegistriesImpl (MetricRegistriesImpl.java:addReporterRegistration(111)) - New reporters are added after registries were created. Some metrics will be missing from the reporter. Please add reporter before adding any new registry.
2022-12-23 07:21:48,248 [Listener at 127.0.0.1/38243] WARN  impl.MetricRegistriesImpl (MetricRegistriesImpl.java:addReporterRegistration(111)) - New reporters are added after registries were created. Some metrics will be missing from the reporter. Please add reporter before adding any new registry.
2022-12-23 07:21:48,248 [Listener at 127.0.0.1/38243] INFO  impl.MetricsSystemImpl (MetricsSystemImpl.java:init(158)) - HddsDatanode metrics system started (again)
2022-12-23 07:21:48,270 [Listener at 127.0.0.1/38243] INFO  ozone.HddsDatanodeService (HddsDatanodeService.java:start(237)) - HddsDatanodeService host:fv-az505-480.g2e1luzo1moefklhgra4trf2va.dx.internal.cloudapp.net ip:10.1.0.40
2022-12-23 07:21:48,324 [Listener at 127.0.0.1/38243] INFO  upgrade.AbstractLayoutVersionManager (AbstractLayoutVersionManager.java:init(83)) - Initializing Layout version manager with metadata layout = DATANODE_SCHEMA_V3 (version = 4), software layout = DATANODE_SCHEMA_V3 (version = 4)
2022-12-23 07:21:48,390 [Listener at 127.0.0.1/38243] INFO  reflections.Reflections (Reflections.java:scan(232)) - Reflections took 58 ms to scan 7 urls, producing 146 keys and 348 values 
2022-12-23 07:21:48,398 [Listener at 127.0.0.1/38243] INFO  statemachine.DatanodeStateMachine (DatanodeStateMachine.java:getEndPointTaskThreadPoolSize(248)) - Datanode State Machine Task Thread Pool size 2
2022-12-23 07:21:48,464 [Listener at 127.0.0.1/38243] INFO  volume.HddsVolume (HddsVolume.java:<init>(117)) - Creating HddsVolume: /home/runner/work/ozone/ozone/hadoop-ozone/integration-test/target/test-dir/MiniOzoneClusterImpl-66463c8b-75bf-445d-aa1e-0d17c384043c/datanode-0/data-0/containers/hdds of storage type : DISK capacity : 9223372036854775807
2022-12-23 07:21:48,467 [Listener at 127.0.0.1/38243] INFO  volume.MutableVolumeSet (MutableVolumeSet.java:initializeVolumeSet(174)) - Added Volume : /home/runner/work/ozone/ozone/hadoop-ozone/integration-test/target/test-dir/MiniOzoneClusterImpl-66463c8b-75bf-445d-aa1e-0d17c384043c/datanode-0/data-0/containers/hdds to VolumeSet
2022-12-23 07:21:48,470 [Listener at 127.0.0.1/38243] INFO  volume.ThrottledAsyncChecker (ThrottledAsyncChecker.java:schedule(141)) - Scheduling a check for /home/runner/work/ozone/ozone/hadoop-ozone/integration-test/target/test-dir/MiniOzoneClusterImpl-66463c8b-75bf-445d-aa1e-0d17c384043c/datanode-0/data-0/containers/hdds
2022-12-23 07:21:48,494 [Listener at 127.0.0.1/38243] INFO  volume.StorageVolumeChecker (StorageVolumeChecker.java:checkAllVolumes(202)) - Scheduled health check for volume /home/runner/work/ozone/ozone/hadoop-ozone/integration-test/target/test-dir/MiniOzoneClusterImpl-66463c8b-75bf-445d-aa1e-0d17c384043c/datanode-0/data-0/containers/hdds
2022-12-23 07:21:48,518 [Listener at 127.0.0.1/38243] INFO  volume.MutableVolumeSet (MutableVolumeSet.java:initializeVolumeSet(174)) - Added Volume : /home/runner/work/ozone/ozone/hadoop-ozone/integration-test/target/test-dir/MiniOzoneClusterImpl-66463c8b-75bf-445d-aa1e-0d17c384043c/datanode-0/data/ratis to VolumeSet
2022-12-23 07:21:48,518 [Listener at 127.0.0.1/38243] INFO  volume.ThrottledAsyncChecker (ThrottledAsyncChecker.java:schedule(141)) - Scheduling a check for /home/runner/work/ozone/ozone/hadoop-ozone/integration-test/target/test-dir/MiniOzoneClusterImpl-66463c8b-75bf-445d-aa1e-0d17c384043c/datanode-0/data/ratis
2022-12-23 07:21:48,519 [Listener at 127.0.0.1/38243] INFO  volume.StorageVolumeChecker (StorageVolumeChecker.java:checkAllVolumes(202)) - Scheduled health check for volume /home/runner/work/ozone/ozone/hadoop-ozone/integration-test/target/test-dir/MiniOzoneClusterImpl-66463c8b-75bf-445d-aa1e-0d17c384043c/datanode-0/data/ratis
2022-12-23 07:21:48,547 [Thread-136] INFO  ozoneimpl.ContainerReader (ContainerReader.java:readVolume(175)) - Finish verifying containers on volume /home/runner/work/ozone/ozone/hadoop-ozone/integration-test/target/test-dir/MiniOzoneClusterImpl-66463c8b-75bf-445d-aa1e-0d17c384043c/datanode-0/data-0/containers/hdds
2022-12-23 07:21:48,548 [Listener at 127.0.0.1/38243] INFO  ozoneimpl.OzoneContainer (OzoneContainer.java:buildContainerSet(301)) - Build ContainerSet costs 0s
2022-12-23 07:21:48,610 [Listener at 127.0.0.1/38243] INFO  audit.AuditLogger (AuditLogger.java:refreshDebugCmdSet(126)) - Refresh DebugCmdSet for DNAudit to [].
2022-12-23 07:21:48,643 [Listener at 127.0.0.1/38243] INFO  server.RaftServer (ConfUtils.java:logGet(46)) - raft.rpc.type = GRPC (default)
2022-12-23 07:21:48,644 [Listener at 127.0.0.1/38243] INFO  grpc.GrpcConfigKeys (ConfUtils.java:logFallback(53)) - raft.grpc.admin.host = null (fallback to raft.grpc.server.host)
2022-12-23 07:21:48,648 [Listener at 127.0.0.1/38243] INFO  grpc.GrpcConfigKeys (ConfUtils.java:logGet(46)) - raft.grpc.admin.port = 0 (custom)
2022-12-23 07:21:48,652 [Listener at 127.0.0.1/38243] INFO  grpc.GrpcConfigKeys (ConfUtils.java:logFallback(53)) - raft.grpc.client.host = null (fallback to raft.grpc.server.host)
2022-12-23 07:21:48,653 [Listener at 127.0.0.1/38243] INFO  grpc.GrpcConfigKeys (ConfUtils.java:logGet(46)) - raft.grpc.client.port = 0 (custom)
2022-12-23 07:21:48,653 [Listener at 127.0.0.1/38243] INFO  grpc.GrpcConfigKeys (ConfUtils.java:logGet(46)) - raft.grpc.server.host = null (default)
2022-12-23 07:21:48,653 [Listener at 127.0.0.1/38243] INFO  grpc.GrpcConfigKeys (ConfUtils.java:logGet(46)) - raft.grpc.server.port = 0 (default)
2022-12-23 07:21:48,653 [Listener at 127.0.0.1/38243] INFO  server.GrpcService (ConfUtils.java:logGet(46)) - raft.grpc.message.size.max = 32MB (=33554432) (custom)
2022-12-23 07:21:48,653 [Listener at 127.0.0.1/38243] INFO  server.RaftServerConfigKeys (ConfUtils.java:logGet(46)) - raft.server.log.appender.buffer.byte-limit = 33554432 (custom)
2022-12-23 07:21:48,654 [Listener at 127.0.0.1/38243] INFO  server.GrpcService (ConfUtils.java:logGet(46)) - raft.grpc.flow.control.window = 5MB (=5242880) (custom)
2022-12-23 07:21:48,654 [Listener at 127.0.0.1/38243] INFO  server.RaftServerConfigKeys (ConfUtils.java:logGet(46)) - raft.server.rpc.request.timeout = 60s (custom)
2022-12-23 07:21:48,654 [Listener at 127.0.0.1/38243] INFO  grpc.GrpcConfigKeys (ConfUtils.java:logGet(46)) - raft.grpc.server.heartbeat.channel = true (default)
2022-12-23 07:21:48,654 [Listener at 127.0.0.1/38243] INFO  grpc.GrpcConfigKeys (ConfUtils.java:logGet(46)) - raft.grpc.server.async.request.thread.pool.cached = true (default)
2022-12-23 07:21:48,654 [Listener at 127.0.0.1/38243] INFO  grpc.GrpcConfigKeys (ConfUtils.java:logGet(46)) - raft.grpc.server.async.request.thread.pool.size = 32 (default)
2022-12-23 07:21:48,656 [Listener at 127.0.0.1/38243] INFO  impl.DataStreamServerImpl (ConfUtils.java:logGet(46)) - raft.datastream.type = NETTY (custom)
2022-12-23 07:21:48,656 [Listener at 127.0.0.1/38243] INFO  server.RaftServerConfigKeys (ConfUtils.java:logGet(46)) - raft.server.data-stream.async.request.thread.pool.cached = false (default)
2022-12-23 07:21:48,656 [Listener at 127.0.0.1/38243] INFO  server.RaftServerConfigKeys (ConfUtils.java:logGet(46)) - raft.server.data-stream.async.request.thread.pool.size = 20 (custom)
2022-12-23 07:21:48,656 [Listener at 127.0.0.1/38243] INFO  server.RaftServerConfigKeys (ConfUtils.java:logGet(46)) - raft.server.data-stream.async.write.thread.pool.size = 16 (default)
2022-12-23 07:21:48,657 [Listener at 127.0.0.1/38243] INFO  server.RaftServerConfigKeys (ConfUtils.java:logGet(46)) - raft.server.data-stream.client.pool.size = 10 (default)
2022-12-23 07:21:48,657 [Listener at 127.0.0.1/38243] INFO  netty.NettyConfigKeys$DataStream (ConfUtils.java:logGet(46)) - raft.netty.dataStream.server.use-epoll = false (default)
2022-12-23 07:21:48,657 [Listener at 127.0.0.1/38243] INFO  netty.NettyConfigKeys$DataStream (ConfUtils.java:logGet(46)) - raft.netty.dataStream.server.boss-group.size = 0 (default)
2022-12-23 07:21:48,657 [Listener at 127.0.0.1/38243] INFO  netty.NettyConfigKeys$DataStream (ConfUtils.java:logGet(46)) - raft.netty.dataStream.server.worker-group.size = 0 (default)
2022-12-23 07:21:48,669 [Listener at 127.0.0.1/38243] INFO  netty.NettyConfigKeys$DataStream (ConfUtils.java:logGet(46)) - raft.netty.dataStream.server.tls.conf = null (default)
2022-12-23 07:21:48,669 [Listener at 127.0.0.1/38243] INFO  netty.NettyConfigKeys$DataStream (ConfUtils.java:logGet(46)) - raft.netty.dataStream.host = null (default)
2022-12-23 07:21:48,669 [Listener at 127.0.0.1/38243] INFO  netty.NettyConfigKeys$DataStream (ConfUtils.java:logGet(46)) - raft.netty.dataStream.port = 0 (default)
2022-12-23 07:21:48,670 [Listener at 127.0.0.1/38243] INFO  server.RaftServerConfigKeys (ConfUtils.java:logGet(46)) - raft.server.threadpool.proxy.cached = true (default)
2022-12-23 07:21:48,670 [Listener at 127.0.0.1/38243] INFO  server.RaftServerConfigKeys (ConfUtils.java:logGet(46)) - raft.server.threadpool.proxy.size = 0 (default)
2022-12-23 07:21:48,670 [Listener at 127.0.0.1/38243] INFO  server.RaftServerConfigKeys (ConfUtils.java:logGet(46)) - raft.server.rpc.slowness.timeout = 300s (custom)
2022-12-23 07:21:48,670 [Listener at 127.0.0.1/38243] INFO  server.RaftServerConfigKeys (ConfUtils.java:logGet(46)) - raft.server.leaderelection.leader.step-down.wait-time = 10s (default)
2022-12-23 07:21:48,670 [Listener at 127.0.0.1/38243] INFO  server.RaftServerConfigKeys (ConfUtils.java:logGet(46)) - raft.server.storage.dir = [/home/runner/work/ozone/ozone/hadoop-ozone/integration-test/target/test-dir/MiniOzoneClusterImpl-66463c8b-75bf-445d-aa1e-0d17c384043c/datanode-0/data/ratis] (custom)
2022-12-23 07:21:48,677 [f9c6c4e6-3ebb-4fc7-9007-585428eee4da-NettyServerStreamRpc-bossGroup--thread1] INFO  logging.LoggingHandler (AbstractInternalLogger.java:log(148)) - [id: 0x7c9f29b2] REGISTERED
2022-12-23 07:21:48,678 [f9c6c4e6-3ebb-4fc7-9007-585428eee4da-NettyServerStreamRpc-bossGroup--thread1] INFO  logging.LoggingHandler (AbstractInternalLogger.java:log(148)) - [id: 0x7c9f29b2] BIND: 0.0.0.0/0.0.0.0:0
2022-12-23 07:21:48,685 [f9c6c4e6-3ebb-4fc7-9007-585428eee4da-NettyServerStreamRpc-bossGroup--thread1] INFO  logging.LoggingHandler (AbstractInternalLogger.java:log(148)) - [id: 0x7c9f29b2, L:/0:0:0:0:0:0:0:0:44515] ACTIVE
2022-12-23 07:21:48,697 [Listener at 127.0.0.1/38243] INFO  server.XceiverServerGrpc (XceiverServerGrpc.java:<init>(132)) - GrpcServer channel type EpollServerSocketChannel
2022-12-23 07:21:48,766 [Listener at 127.0.0.1/38243] INFO  http.BaseHttpServer (BaseHttpServer.java:newHttpServer2BuilderForOzone(213)) - Starting Web-server for hddsDatanode at: http://0.0.0.0:0
2022-12-23 07:21:48,767 [Listener at 127.0.0.1/38243] INFO  http.BaseHttpServer (BaseHttpServer.java:<init>(108)) - Hadoop Security Enabled: false Ozone Security Enabled: false Ozone HTTP Security Enabled: false 
2022-12-23 07:21:48,768 [Listener at 127.0.0.1/38243] WARN  server.AuthenticationFilter (AuthenticationFilter.java:constructSecretProvider(240)) - Unable to initialize FileSignerSecretProvider, falling back to use random secrets. Reason: Could not read signature secret file: /home/runner/hadoop-http-auth-signature-secret
2022-12-23 07:21:48,769 [Listener at 127.0.0.1/38243] WARN  http.HttpRequestLog (HttpRequestLog.java:getRequestLog(103)) - Jetty request log can only be enabled using Log4j
2022-12-23 07:21:48,770 [Listener at 127.0.0.1/38243] INFO  http.HttpServer2 (HttpServer2.java:addGlobalFilter(1031)) - Added global filter 'safety' (class=org.apache.hadoop.hdds.server.http.HttpServer2$QuotingInputFilter)
2022-12-23 07:21:48,771 [Listener at 127.0.0.1/38243] INFO  http.HttpServer2 (HttpServer2.java:addFilter(1007)) - Added filter static_user_filter (class=org.apache.hadoop.http.lib.StaticUserWebFilter$StaticUserFilter) to context hddsDatanode
2022-12-23 07:21:48,771 [Listener at 127.0.0.1/38243] INFO  http.HttpServer2 (HttpServer2.java:addFilter(1015)) - Added filter static_user_filter (class=org.apache.hadoop.http.lib.StaticUserWebFilter$StaticUserFilter) to context logs
2022-12-23 07:21:48,772 [Listener at 127.0.0.1/38243] INFO  http.HttpServer2 (HttpServer2.java:addFilter(1015)) - Added filter static_user_filter (class=org.apache.hadoop.http.lib.StaticUserWebFilter$StaticUserFilter) to context static
2022-12-23 07:21:48,772 [Listener at 127.0.0.1/38243] INFO  http.HttpServer2 (HttpServer2.java:bindListener(1250)) - Jetty bound to port 43753
2022-12-23 07:21:48,773 [Listener at 127.0.0.1/38243] INFO  server.Server (Server.java:doStart(375)) - jetty-9.4.49.v20220914; built: 2022-09-14T01:07:36.601Z; git: 4231a3b2e4cb8548a412a789936d640a97b1aa0a; jvm 1.8.0_352-b08
2022-12-23 07:21:48,775 [Listener at 127.0.0.1/38243] INFO  server.session (DefaultSessionIdManager.java:doStart(334)) - DefaultSessionIdManager workerName=node0
2022-12-23 07:21:48,775 [Listener at 127.0.0.1/38243] INFO  server.session (DefaultSessionIdManager.java:doStart(339)) - No SessionScavenger set, using defaults
2022-12-23 07:21:48,775 [Listener at 127.0.0.1/38243] INFO  server.session (HouseKeeper.java:startScavenging(132)) - node0 Scavenging every 600000ms
2022-12-23 07:21:48,778 [Listener at 127.0.0.1/38243] INFO  handler.ContextHandler (ContextHandler.java:doStart(921)) - Started o.e.j.s.ServletContextHandler@6c60c170{logs,/logs,file:///home/runner/work/ozone/ozone/hadoop-ozone/integration-test/target/log,AVAILABLE}
2022-12-23 07:21:48,779 [Listener at 127.0.0.1/38243] INFO  handler.ContextHandler (ContextHandler.java:doStart(921)) - Started o.e.j.s.ServletContextHandler@35454e3b{static,/static,jar:file:/home/runner/.m2/repository/org/apache/ozone/hdds-container-service/1.3.0-SNAPSHOT/hdds-container-service-1.3.0-SNAPSHOT.jar!/webapps/static,AVAILABLE}
2022-12-23 07:21:48,999 [Listener at 127.0.0.1/38243] INFO  handler.ContextHandler (ContextHandler.java:doStart(921)) - Started o.e.j.w.WebAppContext@c7caa29{hddsDatanode,/,file:///tmp/jetty-0_0_0_0-43753-hdds-container-service-1_3_0-SNAPSHOT_jar-_-any-7801648063093494645/webapp/,AVAILABLE}{jar:file:/home/runner/.m2/repository/org/apache/ozone/hdds-container-service/1.3.0-SNAPSHOT/hdds-container-service-1.3.0-SNAPSHOT.jar!/webapps/hddsDatanode}
2022-12-23 07:21:49,001 [Listener at 127.0.0.1/38243] INFO  server.AbstractConnector (AbstractConnector.java:doStart(333)) - Started ServerConnector@7fb41849{HTTP/1.1, (http/1.1)}{0.0.0.0:43753}
2022-12-23 07:21:49,001 [Listener at 127.0.0.1/38243] INFO  server.Server (Server.java:doStart(415)) - Started @9960ms
2022-12-23 07:21:49,001 [Listener at 127.0.0.1/38243] WARN  impl.MetricsSystemImpl (MetricsSystemImpl.java:register(279)) - Sink prometheus already exists!
2022-12-23 07:21:49,003 [Listener at 127.0.0.1/38243] INFO  http.BaseHttpServer (BaseHttpServer.java:updateConnectorAddress(333)) - HTTP server of hddsDatanode listening at http://0.0.0.0:43753
2022-12-23 07:21:49,006 [Listener at 127.0.0.1/38243] WARN  impl.MetricRegistriesImpl (MetricRegistriesImpl.java:addReporterRegistration(111)) - New reporters are added after registries were created. Some metrics will be missing from the reporter. Please add reporter before adding any new registry.
2022-12-23 07:21:49,006 [Listener at 127.0.0.1/38243] WARN  impl.MetricRegistriesImpl (MetricRegistriesImpl.java:addReporterRegistration(111)) - New reporters are added after registries were created. Some metrics will be missing from the reporter. Please add reporter before adding any new registry.
2022-12-23 07:21:49,006 [Listener at 127.0.0.1/38243] INFO  impl.MetricsSystemImpl (MetricsSystemImpl.java:init(158)) - HddsDatanode metrics system started (again)
2022-12-23 07:21:49,010 [Datanode State Machine Daemon Thread] INFO  statemachine.DatanodeStateMachine (DatanodeStateMachine.java:lambda$startDaemon$0(508)) - Ozone container server started.
2022-12-23 07:21:49,024 [org.apache.hadoop.util.JvmPauseMonitor$Monitor@687a7d17] INFO  util.JvmPauseMonitor (JvmPauseMonitor.java:run(188)) - Starting JVM pause monitor
2022-12-23 07:21:49,039 [Listener at 127.0.0.1/38243] INFO  ozone.HddsDatanodeService (HddsDatanodeService.java:start(237)) - HddsDatanodeService host:fv-az505-480.g2e1luzo1moefklhgra4trf2va.dx.internal.cloudapp.net ip:10.1.0.40
2022-12-23 07:21:49,068 [Listener at 127.0.0.1/38243] INFO  upgrade.AbstractLayoutVersionManager (AbstractLayoutVersionManager.java:init(83)) - Initializing Layout version manager with metadata layout = DATANODE_SCHEMA_V3 (version = 4), software layout = DATANODE_SCHEMA_V3 (version = 4)
2022-12-23 07:21:49,121 [om1@group-C5BA1605619E-FollowerState] INFO  impl.FollowerState (FollowerState.java:run(143)) - om1@group-C5BA1605619E-FollowerState: change to CANDIDATE, lastRpcElapsedTime:1178912732ns, electionTimeout:1170ms
2022-12-23 07:21:49,122 [om1@group-C5BA1605619E-FollowerState] INFO  impl.RoleInfo (RoleInfo.java:shutdownFollowerState(110)) - om1: shutdown om1@group-C5BA1605619E-FollowerState
2022-12-23 07:21:49,127 [om1@group-C5BA1605619E-FollowerState] INFO  server.RaftServer$Division (RaftServerImpl.java:setRole(321)) - om1@group-C5BA1605619E: changes role from  FOLLOWER to CANDIDATE at term 0 for changeToCandidate
2022-12-23 07:21:49,130 [om1@group-C5BA1605619E-FollowerState] INFO  server.RaftServerConfigKeys (ConfUtils.java:logGet(46)) - raft.server.leaderelection.pre-vote = false (custom)
2022-12-23 07:21:49,130 [om1@group-C5BA1605619E-FollowerState] INFO  impl.RoleInfo (RoleInfo.java:updateAndGet(139)) - om1: start om1@group-C5BA1605619E-LeaderElection1
2022-12-23 07:21:49,153 [om1@group-C5BA1605619E-LeaderElection1] INFO  impl.LeaderElection (LeaderElection.java:askForVotes(312)) - om1@group-C5BA1605619E-LeaderElection1 ELECTION round 0: submit vote requests at term 1 for -1: peers:[om1|rpc:localhost:9872|priority:0|startupRole:FOLLOWER]|listeners:[], old=null
2022-12-23 07:21:49,154 [om1@group-C5BA1605619E-LeaderElection1] INFO  impl.LeaderElection (LeaderElection.java:askForVotes(314)) - om1@group-C5BA1605619E-LeaderElection1 ELECTION round 0: result PASSED (term=1)
2022-12-23 07:21:49,155 [om1@group-C5BA1605619E-LeaderElection1] INFO  impl.RoleInfo (RoleInfo.java:shutdownLeaderElection(130)) - om1: shutdown om1@group-C5BA1605619E-LeaderElection1
2022-12-23 07:21:49,155 [om1@group-C5BA1605619E-LeaderElection1] INFO  server.RaftServer$Division (RaftServerImpl.java:setRole(321)) - om1@group-C5BA1605619E: changes role from CANDIDATE to LEADER at term 1 for changeToLeader
2022-12-23 07:21:49,155 [om1@group-C5BA1605619E-LeaderElection1] INFO  server.RaftServer$Division (ServerState.java:setLeader(313)) - om1@group-C5BA1605619E: change Leader from null to om1 at term 1 for becomeLeader, leader elected after 2444ms
2022-12-23 07:21:49,166 [om1@group-C5BA1605619E-LeaderElection1] INFO  server.RaftServerConfigKeys (ConfUtils.java:logGet(46)) - raft.server.staging.catchup.gap = 1000 (default)
2022-12-23 07:21:49,180 [om1@group-C5BA1605619E-LeaderElection1] INFO  server.RaftServerConfigKeys (ConfUtils.java:logGet(46)) - raft.server.write.element-limit = 4096 (default)
2022-12-23 07:21:49,180 [om1@group-C5BA1605619E-LeaderElection1] INFO  server.RaftServerConfigKeys (ConfUtils.java:logGet(46)) - raft.server.write.byte-limit = 64MB (=67108864) (default)
2022-12-23 07:21:49,199 [om1@group-C5BA1605619E-LeaderElection1] INFO  server.RaftServerConfigKeys (ConfUtils.java:logGet(46)) - raft.server.watch.timeout = 10s (default)
2022-12-23 07:21:49,199 [om1@group-C5BA1605619E-LeaderElection1] INFO  server.RaftServerConfigKeys (ConfUtils.java:logGet(46)) - raft.server.watch.timeout.denomination = 1s (default)
2022-12-23 07:21:49,201 [om1@group-C5BA1605619E-LeaderElection1] INFO  server.RaftServerConfigKeys (ConfUtils.java:logGet(46)) - raft.server.watch.element-limit = 65536 (default)
2022-12-23 07:21:49,213 [Listener at 127.0.0.1/38243] INFO  reflections.Reflections (Reflections.java:scan(232)) - Reflections took 142 ms to scan 7 urls, producing 146 keys and 348 values 
2022-12-23 07:21:49,216 [Listener at 127.0.0.1/38243] INFO  statemachine.DatanodeStateMachine (DatanodeStateMachine.java:getEndPointTaskThreadPoolSize(248)) - Datanode State Machine Task Thread Pool size 2
2022-12-23 07:21:49,220 [Listener at 127.0.0.1/38243] INFO  volume.HddsVolume (HddsVolume.java:<init>(117)) - Creating HddsVolume: /home/runner/work/ozone/ozone/hadoop-ozone/integration-test/target/test-dir/MiniOzoneClusterImpl-66463c8b-75bf-445d-aa1e-0d17c384043c/datanode-1/data-0/containers/hdds of storage type : DISK capacity : 9223372036854775807
2022-12-23 07:21:49,221 [Listener at 127.0.0.1/38243] INFO  volume.MutableVolumeSet (MutableVolumeSet.java:initializeVolumeSet(174)) - Added Volume : /home/runner/work/ozone/ozone/hadoop-ozone/integration-test/target/test-dir/MiniOzoneClusterImpl-66463c8b-75bf-445d-aa1e-0d17c384043c/datanode-1/data-0/containers/hdds to VolumeSet
2022-12-23 07:21:49,221 [Listener at 127.0.0.1/38243] INFO  volume.ThrottledAsyncChecker (ThrottledAsyncChecker.java:schedule(141)) - Scheduling a check for /home/runner/work/ozone/ozone/hadoop-ozone/integration-test/target/test-dir/MiniOzoneClusterImpl-66463c8b-75bf-445d-aa1e-0d17c384043c/datanode-1/data-0/containers/hdds
2022-12-23 07:21:49,221 [om1@group-C5BA1605619E-LeaderElection1] INFO  server.RaftServerConfigKeys (ConfUtils.java:logGet(46)) - raft.server.write.element-limit = 4096 (default)
2022-12-23 07:21:49,227 [om1@group-C5BA1605619E-LeaderElection1] INFO  server.RaftServerConfigKeys (ConfUtils.java:logGet(46)) - raft.server.write.follower.gap.ratio.max = -1.0 (default)
2022-12-23 07:21:49,231 [Listener at 127.0.0.1/38243] INFO  volume.StorageVolumeChecker (StorageVolumeChecker.java:checkAllVolumes(202)) - Scheduled health check for volume /home/runner/work/ozone/ozone/hadoop-ozone/integration-test/target/test-dir/MiniOzoneClusterImpl-66463c8b-75bf-445d-aa1e-0d17c384043c/datanode-1/data-0/containers/hdds
2022-12-23 07:21:49,232 [om1@group-C5BA1605619E-LeaderElection1] INFO  impl.RoleInfo (RoleInfo.java:updateAndGet(139)) - om1: start om1@group-C5BA1605619E-LeaderStateImpl
2022-12-23 07:21:49,244 [Listener at 127.0.0.1/38243] INFO  volume.MutableVolumeSet (MutableVolumeSet.java:initializeVolumeSet(174)) - Added Volume : /home/runner/work/ozone/ozone/hadoop-ozone/integration-test/target/test-dir/MiniOzoneClusterImpl-66463c8b-75bf-445d-aa1e-0d17c384043c/datanode-1/data/ratis to VolumeSet
2022-12-23 07:21:49,244 [Listener at 127.0.0.1/38243] INFO  volume.ThrottledAsyncChecker (ThrottledAsyncChecker.java:schedule(141)) - Scheduling a check for /home/runner/work/ozone/ozone/hadoop-ozone/integration-test/target/test-dir/MiniOzoneClusterImpl-66463c8b-75bf-445d-aa1e-0d17c384043c/datanode-1/data/ratis
2022-12-23 07:21:49,244 [Listener at 127.0.0.1/38243] INFO  volume.StorageVolumeChecker (StorageVolumeChecker.java:checkAllVolumes(202)) - Scheduled health check for volume /home/runner/work/ozone/ozone/hadoop-ozone/integration-test/target/test-dir/MiniOzoneClusterImpl-66463c8b-75bf-445d-aa1e-0d17c384043c/datanode-1/data/ratis
2022-12-23 07:21:49,341 [Datanode State Machine Task Thread - 0] INFO  datanode.InitDatanodeState (InitDatanodeState.java:persistContainerDatanodeDetails(138)) - DatanodeDetails is persisted to /home/runner/work/ozone/ozone/hadoop-ozone/integration-test/target/test-dir/MiniOzoneClusterImpl-66463c8b-75bf-445d-aa1e-0d17c384043c/datanode-0/meta/datanode.id
2022-12-23 07:21:49,348 [Thread-152] INFO  ozoneimpl.ContainerReader (ContainerReader.java:readVolume(175)) - Finish verifying containers on volume /home/runner/work/ozone/ozone/hadoop-ozone/integration-test/target/test-dir/MiniOzoneClusterImpl-66463c8b-75bf-445d-aa1e-0d17c384043c/datanode-1/data-0/containers/hdds
2022-12-23 07:21:49,350 [Listener at 127.0.0.1/38243] INFO  ozoneimpl.OzoneContainer (OzoneContainer.java:buildContainerSet(301)) - Build ContainerSet costs 0s
2022-12-23 07:21:49,353 [om1@group-C5BA1605619E-LeaderElection1] INFO  segmented.SegmentedRaftLogWorker (SegmentedRaftLogWorker.java:startLogSegment(452)) - om1@group-C5BA1605619E-SegmentedRaftLogWorker: Starting segment from index:0
2022-12-23 07:21:49,359 [Listener at 127.0.0.1/38243] INFO  server.RaftServer (ConfUtils.java:logGet(46)) - raft.rpc.type = GRPC (default)
2022-12-23 07:21:49,359 [Listener at 127.0.0.1/38243] INFO  grpc.GrpcConfigKeys (ConfUtils.java:logFallback(53)) - raft.grpc.admin.host = null (fallback to raft.grpc.server.host)
2022-12-23 07:21:49,359 [Listener at 127.0.0.1/38243] INFO  grpc.GrpcConfigKeys (ConfUtils.java:logGet(46)) - raft.grpc.admin.port = 0 (custom)
2022-12-23 07:21:49,360 [Listener at 127.0.0.1/38243] INFO  grpc.GrpcConfigKeys (ConfUtils.java:logFallback(53)) - raft.grpc.client.host = null (fallback to raft.grpc.server.host)
2022-12-23 07:21:49,360 [Listener at 127.0.0.1/38243] INFO  grpc.GrpcConfigKeys (ConfUtils.java:logGet(46)) - raft.grpc.client.port = 0 (custom)
2022-12-23 07:21:49,360 [Listener at 127.0.0.1/38243] INFO  grpc.GrpcConfigKeys (ConfUtils.java:logGet(46)) - raft.grpc.server.host = null (default)
2022-12-23 07:21:49,360 [Listener at 127.0.0.1/38243] INFO  grpc.GrpcConfigKeys (ConfUtils.java:logGet(46)) - raft.grpc.server.port = 0 (default)
2022-12-23 07:21:49,360 [Listener at 127.0.0.1/38243] INFO  server.GrpcService (ConfUtils.java:logGet(46)) - raft.grpc.message.size.max = 32MB (=33554432) (custom)
2022-12-23 07:21:49,361 [Listener at 127.0.0.1/38243] INFO  server.RaftServerConfigKeys (ConfUtils.java:logGet(46)) - raft.server.log.appender.buffer.byte-limit = 33554432 (custom)
2022-12-23 07:21:49,361 [Listener at 127.0.0.1/38243] INFO  server.GrpcService (ConfUtils.java:logGet(46)) - raft.grpc.flow.control.window = 5MB (=5242880) (custom)
2022-12-23 07:21:49,361 [Listener at 127.0.0.1/38243] INFO  server.RaftServerConfigKeys (ConfUtils.java:logGet(46)) - raft.server.rpc.request.timeout = 60s (custom)
2022-12-23 07:21:49,361 [Listener at 127.0.0.1/38243] INFO  grpc.GrpcConfigKeys (ConfUtils.java:logGet(46)) - raft.grpc.server.heartbeat.channel = true (default)
2022-12-23 07:21:49,369 [Listener at 127.0.0.1/38243] INFO  grpc.GrpcConfigKeys (ConfUtils.java:logGet(46)) - raft.grpc.server.async.request.thread.pool.cached = true (default)
2022-12-23 07:21:49,370 [Listener at 127.0.0.1/38243] INFO  grpc.GrpcConfigKeys (ConfUtils.java:logGet(46)) - raft.grpc.server.async.request.thread.pool.size = 32 (default)
2022-12-23 07:21:49,373 [Listener at 127.0.0.1/38243] INFO  impl.DataStreamServerImpl (ConfUtils.java:logGet(46)) - raft.datastream.type = NETTY (custom)
2022-12-23 07:21:49,373 [Listener at 127.0.0.1/38243] INFO  server.RaftServerConfigKeys (ConfUtils.java:logGet(46)) - raft.server.data-stream.async.request.thread.pool.cached = false (default)
2022-12-23 07:21:49,376 [Listener at 127.0.0.1/38243] INFO  server.RaftServerConfigKeys (ConfUtils.java:logGet(46)) - raft.server.data-stream.async.request.thread.pool.size = 20 (custom)
2022-12-23 07:21:49,376 [Listener at 127.0.0.1/38243] INFO  server.RaftServerConfigKeys (ConfUtils.java:logGet(46)) - raft.server.data-stream.async.write.thread.pool.size = 16 (default)
2022-12-23 07:21:49,376 [Listener at 127.0.0.1/38243] INFO  server.RaftServerConfigKeys (ConfUtils.java:logGet(46)) - raft.server.data-stream.client.pool.size = 10 (default)
2022-12-23 07:21:49,376 [Listener at 127.0.0.1/38243] INFO  netty.NettyConfigKeys$DataStream (ConfUtils.java:logGet(46)) - raft.netty.dataStream.server.use-epoll = false (default)
2022-12-23 07:21:49,377 [Listener at 127.0.0.1/38243] INFO  netty.NettyConfigKeys$DataStream (ConfUtils.java:logGet(46)) - raft.netty.dataStream.server.boss-group.size = 0 (default)
2022-12-23 07:21:49,379 [Listener at 127.0.0.1/38243] INFO  netty.NettyConfigKeys$DataStream (ConfUtils.java:logGet(46)) - raft.netty.dataStream.server.worker-group.size = 0 (default)
2022-12-23 07:21:49,380 [Listener at 127.0.0.1/38243] INFO  netty.NettyConfigKeys$DataStream (ConfUtils.java:logGet(46)) - raft.netty.dataStream.server.tls.conf = null (default)
2022-12-23 07:21:49,380 [Listener at 127.0.0.1/38243] INFO  netty.NettyConfigKeys$DataStream (ConfUtils.java:logGet(46)) - raft.netty.dataStream.host = null (default)
2022-12-23 07:21:49,381 [Listener at 127.0.0.1/38243] INFO  netty.NettyConfigKeys$DataStream (ConfUtils.java:logGet(46)) - raft.netty.dataStream.port = 0 (default)
2022-12-23 07:21:49,386 [Listener at 127.0.0.1/38243] INFO  server.RaftServerConfigKeys (ConfUtils.java:logGet(46)) - raft.server.threadpool.proxy.cached = true (default)
2022-12-23 07:21:49,386 [Listener at 127.0.0.1/38243] INFO  server.RaftServerConfigKeys (ConfUtils.java:logGet(46)) - raft.server.threadpool.proxy.size = 0 (default)
2022-12-23 07:21:49,387 [Listener at 127.0.0.1/38243] INFO  server.RaftServerConfigKeys (ConfUtils.java:logGet(46)) - raft.server.rpc.slowness.timeout = 300s (custom)
2022-12-23 07:21:49,387 [Listener at 127.0.0.1/38243] INFO  server.RaftServerConfigKeys (ConfUtils.java:logGet(46)) - raft.server.leaderelection.leader.step-down.wait-time = 10s (default)
2022-12-23 07:21:49,388 [Listener at 127.0.0.1/38243] INFO  server.RaftServerConfigKeys (ConfUtils.java:logGet(46)) - raft.server.storage.dir = [/home/runner/work/ozone/ozone/hadoop-ozone/integration-test/target/test-dir/MiniOzoneClusterImpl-66463c8b-75bf-445d-aa1e-0d17c384043c/datanode-1/data/ratis] (custom)
2022-12-23 07:21:49,397 [534fd103-7cee-4470-a641-897605723ec1-NettyServerStreamRpc-bossGroup--thread1] INFO  logging.LoggingHandler (AbstractInternalLogger.java:log(148)) - [id: 0x2b511df9] REGISTERED
2022-12-23 07:21:49,397 [534fd103-7cee-4470-a641-897605723ec1-NettyServerStreamRpc-bossGroup--thread1] INFO  logging.LoggingHandler (AbstractInternalLogger.java:log(148)) - [id: 0x2b511df9] BIND: 0.0.0.0/0.0.0.0:0
2022-12-23 07:21:49,397 [534fd103-7cee-4470-a641-897605723ec1-NettyServerStreamRpc-bossGroup--thread1] INFO  logging.LoggingHandler (AbstractInternalLogger.java:log(148)) - [id: 0x2b511df9, L:/0:0:0:0:0:0:0:0:44545] ACTIVE
2022-12-23 07:21:49,403 [Listener at 127.0.0.1/38243] INFO  server.XceiverServerGrpc (XceiverServerGrpc.java:<init>(132)) - GrpcServer channel type EpollServerSocketChannel
2022-12-23 07:21:49,410 [Listener at 127.0.0.1/38243] INFO  http.BaseHttpServer (BaseHttpServer.java:newHttpServer2BuilderForOzone(213)) - Starting Web-server for hddsDatanode at: http://0.0.0.0:0
2022-12-23 07:21:49,410 [Listener at 127.0.0.1/38243] INFO  http.BaseHttpServer (BaseHttpServer.java:<init>(108)) - Hadoop Security Enabled: false Ozone Security Enabled: false Ozone HTTP Security Enabled: false 
2022-12-23 07:21:49,413 [Listener at 127.0.0.1/38243] WARN  server.AuthenticationFilter (AuthenticationFilter.java:constructSecretProvider(240)) - Unable to initialize FileSignerSecretProvider, falling back to use random secrets. Reason: Could not read signature secret file: /home/runner/hadoop-http-auth-signature-secret
2022-12-23 07:21:49,421 [Listener at 127.0.0.1/38243] WARN  http.HttpRequestLog (HttpRequestLog.java:getRequestLog(103)) - Jetty request log can only be enabled using Log4j
2022-12-23 07:21:49,422 [Listener at 127.0.0.1/38243] INFO  http.HttpServer2 (HttpServer2.java:addGlobalFilter(1031)) - Added global filter 'safety' (class=org.apache.hadoop.hdds.server.http.HttpServer2$QuotingInputFilter)
2022-12-23 07:21:49,423 [Listener at 127.0.0.1/38243] INFO  http.HttpServer2 (HttpServer2.java:addFilter(1007)) - Added filter static_user_filter (class=org.apache.hadoop.http.lib.StaticUserWebFilter$StaticUserFilter) to context hddsDatanode
2022-12-23 07:21:49,423 [Listener at 127.0.0.1/38243] INFO  http.HttpServer2 (HttpServer2.java:addFilter(1015)) - Added filter static_user_filter (class=org.apache.hadoop.http.lib.StaticUserWebFilter$StaticUserFilter) to context logs
2022-12-23 07:21:49,423 [Listener at 127.0.0.1/38243] INFO  http.HttpServer2 (HttpServer2.java:addFilter(1015)) - Added filter static_user_filter (class=org.apache.hadoop.http.lib.StaticUserWebFilter$StaticUserFilter) to context static
2022-12-23 07:21:49,424 [Listener at 127.0.0.1/38243] INFO  http.HttpServer2 (HttpServer2.java:bindListener(1250)) - Jetty bound to port 37749
2022-12-23 07:21:49,424 [Listener at 127.0.0.1/38243] INFO  server.Server (Server.java:doStart(375)) - jetty-9.4.49.v20220914; built: 2022-09-14T01:07:36.601Z; git: 4231a3b2e4cb8548a412a789936d640a97b1aa0a; jvm 1.8.0_352-b08
2022-12-23 07:21:49,455 [om1@group-C5BA1605619E-LeaderElection1] INFO  server.RaftServer$Division (ServerState.java:setRaftConf(430)) - om1@group-C5BA1605619E: set configuration 0: peers:[om1|rpc:localhost:9872|admin:|client:|dataStream:|priority:0|startupRole:FOLLOWER]|listeners:[], old=null
2022-12-23 07:21:49,461 [Listener at 127.0.0.1/38243] INFO  server.session (DefaultSessionIdManager.java:doStart(334)) - DefaultSessionIdManager workerName=node0
2022-12-23 07:21:49,461 [Listener at 127.0.0.1/38243] INFO  server.session (DefaultSessionIdManager.java:doStart(339)) - No SessionScavenger set, using defaults
2022-12-23 07:21:49,461 [Listener at 127.0.0.1/38243] INFO  server.session (HouseKeeper.java:startScavenging(132)) - node0 Scavenging every 600000ms
2022-12-23 07:21:49,462 [Listener at 127.0.0.1/38243] INFO  handler.ContextHandler (ContextHandler.java:doStart(921)) - Started o.e.j.s.ServletContextHandler@71e67dd6{logs,/logs,file:///home/runner/work/ozone/ozone/hadoop-ozone/integration-test/target/log,AVAILABLE}
2022-12-23 07:21:49,462 [Listener at 127.0.0.1/38243] INFO  handler.ContextHandler (ContextHandler.java:doStart(921)) - Started o.e.j.s.ServletContextHandler@27d7e591{static,/static,jar:file:/home/runner/.m2/repository/org/apache/ozone/hdds-container-service/1.3.0-SNAPSHOT/hdds-container-service-1.3.0-SNAPSHOT.jar!/webapps/static,AVAILABLE}
2022-12-23 07:21:49,501 [om1@group-C5BA1605619E-SegmentedRaftLogWorker] INFO  segmented.SegmentedRaftLogWorker (SegmentedRaftLogWorker.java:execute(656)) - om1@group-C5BA1605619E-SegmentedRaftLogWorker: created new log segment /home/runner/work/ozone/ozone/hadoop-ozone/integration-test/target/test-dir/MiniOzoneClusterImpl-66463c8b-75bf-445d-aa1e-0d17c384043c/ozone-meta/ratis/bf265839-605b-3f16-9796-c5ba1605619e/current/log_inprogress_0
2022-12-23 07:21:49,656 [om1@group-C5BA1605619E-StateMachineUpdater] INFO  ratis.OzoneManagerStateMachine (OzoneManagerStateMachine.java:notifyConfigurationChanged(192)) - Received Configuration change notification from Ratis. New Peer list:
[id: "om1"
address: "localhost:9872"
startupRole: FOLLOWER
]
2022-12-23 07:21:49,721 [Listener at 127.0.0.1/38243] INFO  handler.ContextHandler (ContextHandler.java:doStart(921)) - Started o.e.j.w.WebAppContext@3472f880{hddsDatanode,/,file:///tmp/jetty-0_0_0_0-37749-hdds-container-service-1_3_0-SNAPSHOT_jar-_-any-8448176079099267158/webapp/,AVAILABLE}{jar:file:/home/runner/.m2/repository/org/apache/ozone/hdds-container-service/1.3.0-SNAPSHOT/hdds-container-service-1.3.0-SNAPSHOT.jar!/webapps/hddsDatanode}
2022-12-23 07:21:49,723 [Listener at 127.0.0.1/38243] INFO  server.AbstractConnector (AbstractConnector.java:doStart(333)) - Started ServerConnector@6f192ba4{HTTP/1.1, (http/1.1)}{0.0.0.0:37749}
2022-12-23 07:21:49,724 [Listener at 127.0.0.1/38243] INFO  server.Server (Server.java:doStart(415)) - Started @10683ms
2022-12-23 07:21:49,724 [Listener at 127.0.0.1/38243] WARN  impl.MetricsSystemImpl (MetricsSystemImpl.java:register(279)) - Sink prometheus already exists!
2022-12-23 07:21:49,725 [Listener at 127.0.0.1/38243] INFO  http.BaseHttpServer (BaseHttpServer.java:updateConnectorAddress(333)) - HTTP server of hddsDatanode listening at http://0.0.0.0:37749
2022-12-23 07:21:49,725 [Datanode State Machine Daemon Thread] INFO  statemachine.DatanodeStateMachine (DatanodeStateMachine.java:lambda$startDaemon$0(508)) - Ozone container server started.
2022-12-23 07:21:49,735 [Listener at 127.0.0.1/38243] WARN  impl.MetricRegistriesImpl (MetricRegistriesImpl.java:addReporterRegistration(111)) - New reporters are added after registries were created. Some metrics will be missing from the reporter. Please add reporter before adding any new registry.
2022-12-23 07:21:49,736 [Listener at 127.0.0.1/38243] WARN  impl.MetricRegistriesImpl (MetricRegistriesImpl.java:addReporterRegistration(111)) - New reporters are added after registries were created. Some metrics will be missing from the reporter. Please add reporter before adding any new registry.
2022-12-23 07:21:49,736 [Listener at 127.0.0.1/38243] INFO  impl.MetricsSystemImpl (MetricsSystemImpl.java:init(158)) - HddsDatanode metrics system started (again)
2022-12-23 07:21:49,748 [Listener at 127.0.0.1/38243] INFO  ozone.HddsDatanodeService (HddsDatanodeService.java:start(237)) - HddsDatanodeService host:fv-az505-480.g2e1luzo1moefklhgra4trf2va.dx.internal.cloudapp.net ip:10.1.0.40
2022-12-23 07:21:49,749 [org.apache.hadoop.util.JvmPauseMonitor$Monitor@8cc8cdc] INFO  util.JvmPauseMonitor (JvmPauseMonitor.java:run(188)) - Starting JVM pause monitor
2022-12-23 07:21:49,759 [Datanode State Machine Task Thread - 0] INFO  datanode.InitDatanodeState (InitDatanodeState.java:persistContainerDatanodeDetails(138)) - DatanodeDetails is persisted to /home/runner/work/ozone/ozone/hadoop-ozone/integration-test/target/test-dir/MiniOzoneClusterImpl-66463c8b-75bf-445d-aa1e-0d17c384043c/datanode-1/meta/datanode.id
2022-12-23 07:21:49,774 [Listener at 127.0.0.1/38243] INFO  upgrade.AbstractLayoutVersionManager (AbstractLayoutVersionManager.java:init(83)) - Initializing Layout version manager with metadata layout = DATANODE_SCHEMA_V3 (version = 4), software layout = DATANODE_SCHEMA_V3 (version = 4)
2022-12-23 07:21:49,827 [Listener at 127.0.0.1/38243] INFO  reflections.Reflections (Reflections.java:scan(232)) - Reflections took 52 ms to scan 7 urls, producing 146 keys and 348 values 
2022-12-23 07:21:49,829 [Listener at 127.0.0.1/38243] INFO  statemachine.DatanodeStateMachine (DatanodeStateMachine.java:getEndPointTaskThreadPoolSize(248)) - Datanode State Machine Task Thread Pool size 2
2022-12-23 07:21:49,831 [Listener at 127.0.0.1/38243] INFO  volume.HddsVolume (HddsVolume.java:<init>(117)) - Creating HddsVolume: /home/runner/work/ozone/ozone/hadoop-ozone/integration-test/target/test-dir/MiniOzoneClusterImpl-66463c8b-75bf-445d-aa1e-0d17c384043c/datanode-2/data-0/containers/hdds of storage type : DISK capacity : 9223372036854775807
2022-12-23 07:21:49,831 [Listener at 127.0.0.1/38243] INFO  volume.MutableVolumeSet (MutableVolumeSet.java:initializeVolumeSet(174)) - Added Volume : /home/runner/work/ozone/ozone/hadoop-ozone/integration-test/target/test-dir/MiniOzoneClusterImpl-66463c8b-75bf-445d-aa1e-0d17c384043c/datanode-2/data-0/containers/hdds to VolumeSet
2022-12-23 07:21:49,832 [Listener at 127.0.0.1/38243] INFO  volume.ThrottledAsyncChecker (ThrottledAsyncChecker.java:schedule(141)) - Scheduling a check for /home/runner/work/ozone/ozone/hadoop-ozone/integration-test/target/test-dir/MiniOzoneClusterImpl-66463c8b-75bf-445d-aa1e-0d17c384043c/datanode-2/data-0/containers/hdds
2022-12-23 07:21:49,833 [Listener at 127.0.0.1/38243] INFO  volume.StorageVolumeChecker (StorageVolumeChecker.java:checkAllVolumes(202)) - Scheduled health check for volume /home/runner/work/ozone/ozone/hadoop-ozone/integration-test/target/test-dir/MiniOzoneClusterImpl-66463c8b-75bf-445d-aa1e-0d17c384043c/datanode-2/data-0/containers/hdds
2022-12-23 07:21:49,846 [Listener at 127.0.0.1/38243] INFO  volume.MutableVolumeSet (MutableVolumeSet.java:initializeVolumeSet(174)) - Added Volume : /home/runner/work/ozone/ozone/hadoop-ozone/integration-test/target/test-dir/MiniOzoneClusterImpl-66463c8b-75bf-445d-aa1e-0d17c384043c/datanode-2/data/ratis to VolumeSet
2022-12-23 07:21:49,846 [Listener at 127.0.0.1/38243] INFO  volume.ThrottledAsyncChecker (ThrottledAsyncChecker.java:schedule(141)) - Scheduling a check for /home/runner/work/ozone/ozone/hadoop-ozone/integration-test/target/test-dir/MiniOzoneClusterImpl-66463c8b-75bf-445d-aa1e-0d17c384043c/datanode-2/data/ratis
2022-12-23 07:21:49,846 [Listener at 127.0.0.1/38243] INFO  volume.StorageVolumeChecker (StorageVolumeChecker.java:checkAllVolumes(202)) - Scheduled health check for volume /home/runner/work/ozone/ozone/hadoop-ozone/integration-test/target/test-dir/MiniOzoneClusterImpl-66463c8b-75bf-445d-aa1e-0d17c384043c/datanode-2/data/ratis
2022-12-23 07:21:49,858 [Thread-166] INFO  ozoneimpl.ContainerReader (ContainerReader.java:readVolume(175)) - Finish verifying containers on volume /home/runner/work/ozone/ozone/hadoop-ozone/integration-test/target/test-dir/MiniOzoneClusterImpl-66463c8b-75bf-445d-aa1e-0d17c384043c/datanode-2/data-0/containers/hdds
2022-12-23 07:21:49,858 [Listener at 127.0.0.1/38243] INFO  ozoneimpl.OzoneContainer (OzoneContainer.java:buildContainerSet(301)) - Build ContainerSet costs 0s
2022-12-23 07:21:49,861 [Listener at 127.0.0.1/38243] INFO  server.RaftServer (ConfUtils.java:logGet(46)) - raft.rpc.type = GRPC (default)
2022-12-23 07:21:49,862 [Listener at 127.0.0.1/38243] INFO  grpc.GrpcConfigKeys (ConfUtils.java:logFallback(53)) - raft.grpc.admin.host = null (fallback to raft.grpc.server.host)
2022-12-23 07:21:49,862 [Listener at 127.0.0.1/38243] INFO  grpc.GrpcConfigKeys (ConfUtils.java:logGet(46)) - raft.grpc.admin.port = 0 (custom)
2022-12-23 07:21:49,862 [Listener at 127.0.0.1/38243] INFO  grpc.GrpcConfigKeys (ConfUtils.java:logFallback(53)) - raft.grpc.client.host = null (fallback to raft.grpc.server.host)
2022-12-23 07:21:49,862 [Listener at 127.0.0.1/38243] INFO  grpc.GrpcConfigKeys (ConfUtils.java:logGet(46)) - raft.grpc.client.port = 0 (custom)
2022-12-23 07:21:49,862 [Listener at 127.0.0.1/38243] INFO  grpc.GrpcConfigKeys (ConfUtils.java:logGet(46)) - raft.grpc.server.host = null (default)
2022-12-23 07:21:49,862 [Listener at 127.0.0.1/38243] INFO  grpc.GrpcConfigKeys (ConfUtils.java:logGet(46)) - raft.grpc.server.port = 0 (default)
2022-12-23 07:21:49,862 [Listener at 127.0.0.1/38243] INFO  server.GrpcService (ConfUtils.java:logGet(46)) - raft.grpc.message.size.max = 32MB (=33554432) (custom)
2022-12-23 07:21:49,862 [Listener at 127.0.0.1/38243] INFO  server.RaftServerConfigKeys (ConfUtils.java:logGet(46)) - raft.server.log.appender.buffer.byte-limit = 33554432 (custom)
2022-12-23 07:21:49,863 [Listener at 127.0.0.1/38243] INFO  server.GrpcService (ConfUtils.java:logGet(46)) - raft.grpc.flow.control.window = 5MB (=5242880) (custom)
2022-12-23 07:21:49,863 [Listener at 127.0.0.1/38243] INFO  server.RaftServerConfigKeys (ConfUtils.java:logGet(46)) - raft.server.rpc.request.timeout = 60s (custom)
2022-12-23 07:21:49,863 [Listener at 127.0.0.1/38243] INFO  grpc.GrpcConfigKeys (ConfUtils.java:logGet(46)) - raft.grpc.server.heartbeat.channel = true (default)
2022-12-23 07:21:49,863 [Listener at 127.0.0.1/38243] INFO  grpc.GrpcConfigKeys (ConfUtils.java:logGet(46)) - raft.grpc.server.async.request.thread.pool.cached = true (default)
2022-12-23 07:21:49,863 [Listener at 127.0.0.1/38243] INFO  grpc.GrpcConfigKeys (ConfUtils.java:logGet(46)) - raft.grpc.server.async.request.thread.pool.size = 32 (default)
2022-12-23 07:21:49,864 [Listener at 127.0.0.1/38243] INFO  impl.DataStreamServerImpl (ConfUtils.java:logGet(46)) - raft.datastream.type = NETTY (custom)
2022-12-23 07:21:49,865 [Listener at 127.0.0.1/38243] INFO  server.RaftServerConfigKeys (ConfUtils.java:logGet(46)) - raft.server.data-stream.async.request.thread.pool.cached = false (default)
2022-12-23 07:21:49,865 [Listener at 127.0.0.1/38243] INFO  server.RaftServerConfigKeys (ConfUtils.java:logGet(46)) - raft.server.data-stream.async.request.thread.pool.size = 20 (custom)
2022-12-23 07:21:49,865 [Listener at 127.0.0.1/38243] INFO  server.RaftServerConfigKeys (ConfUtils.java:logGet(46)) - raft.server.data-stream.async.write.thread.pool.size = 16 (default)
2022-12-23 07:21:49,865 [Listener at 127.0.0.1/38243] INFO  server.RaftServerConfigKeys (ConfUtils.java:logGet(46)) - raft.server.data-stream.client.pool.size = 10 (default)
2022-12-23 07:21:49,865 [Listener at 127.0.0.1/38243] INFO  netty.NettyConfigKeys$DataStream (ConfUtils.java:logGet(46)) - raft.netty.dataStream.server.use-epoll = false (default)
2022-12-23 07:21:49,866 [Listener at 127.0.0.1/38243] INFO  netty.NettyConfigKeys$DataStream (ConfUtils.java:logGet(46)) - raft.netty.dataStream.server.boss-group.size = 0 (default)
2022-12-23 07:21:49,866 [Listener at 127.0.0.1/38243] INFO  netty.NettyConfigKeys$DataStream (ConfUtils.java:logGet(46)) - raft.netty.dataStream.server.worker-group.size = 0 (default)
2022-12-23 07:21:49,866 [Listener at 127.0.0.1/38243] INFO  netty.NettyConfigKeys$DataStream (ConfUtils.java:logGet(46)) - raft.netty.dataStream.server.tls.conf = null (default)
2022-12-23 07:21:49,867 [Listener at 127.0.0.1/38243] INFO  netty.NettyConfigKeys$DataStream (ConfUtils.java:logGet(46)) - raft.netty.dataStream.host = null (default)
2022-12-23 07:21:49,867 [Listener at 127.0.0.1/38243] INFO  netty.NettyConfigKeys$DataStream (ConfUtils.java:logGet(46)) - raft.netty.dataStream.port = 0 (default)
2022-12-23 07:21:49,867 [Listener at 127.0.0.1/38243] INFO  server.RaftServerConfigKeys (ConfUtils.java:logGet(46)) - raft.server.threadpool.proxy.cached = true (default)
2022-12-23 07:21:49,867 [Listener at 127.0.0.1/38243] INFO  server.RaftServerConfigKeys (ConfUtils.java:logGet(46)) - raft.server.threadpool.proxy.size = 0 (default)
2022-12-23 07:21:49,868 [Listener at 127.0.0.1/38243] INFO  server.RaftServerConfigKeys (ConfUtils.java:logGet(46)) - raft.server.rpc.slowness.timeout = 300s (custom)
2022-12-23 07:21:49,868 [Listener at 127.0.0.1/38243] INFO  server.RaftServerConfigKeys (ConfUtils.java:logGet(46)) - raft.server.leaderelection.leader.step-down.wait-time = 10s (default)
2022-12-23 07:21:49,868 [Listener at 127.0.0.1/38243] INFO  server.RaftServerConfigKeys (ConfUtils.java:logGet(46)) - raft.server.storage.dir = [/home/runner/work/ozone/ozone/hadoop-ozone/integration-test/target/test-dir/MiniOzoneClusterImpl-66463c8b-75bf-445d-aa1e-0d17c384043c/datanode-2/data/ratis] (custom)
2022-12-23 07:21:49,874 [27506167-95e6-4797-adb1-1fb01595b454-NettyServerStreamRpc-bossGroup--thread1] INFO  logging.LoggingHandler (AbstractInternalLogger.java:log(148)) - [id: 0x35c09cce] REGISTERED
2022-12-23 07:21:49,874 [27506167-95e6-4797-adb1-1fb01595b454-NettyServerStreamRpc-bossGroup--thread1] INFO  logging.LoggingHandler (AbstractInternalLogger.java:log(148)) - [id: 0x35c09cce] BIND: 0.0.0.0/0.0.0.0:0
2022-12-23 07:21:49,874 [27506167-95e6-4797-adb1-1fb01595b454-NettyServerStreamRpc-bossGroup--thread1] INFO  logging.LoggingHandler (AbstractInternalLogger.java:log(148)) - [id: 0x35c09cce, L:/0:0:0:0:0:0:0:0:46371] ACTIVE
2022-12-23 07:21:49,876 [Listener at 127.0.0.1/38243] INFO  server.XceiverServerGrpc (XceiverServerGrpc.java:<init>(132)) - GrpcServer channel type EpollServerSocketChannel
2022-12-23 07:21:49,883 [Listener at 127.0.0.1/38243] INFO  http.BaseHttpServer (BaseHttpServer.java:newHttpServer2BuilderForOzone(213)) - Starting Web-server for hddsDatanode at: http://0.0.0.0:0
2022-12-23 07:21:49,883 [Listener at 127.0.0.1/38243] INFO  http.BaseHttpServer (BaseHttpServer.java:<init>(108)) - Hadoop Security Enabled: false Ozone Security Enabled: false Ozone HTTP Security Enabled: false 
2022-12-23 07:21:49,885 [Listener at 127.0.0.1/38243] WARN  server.AuthenticationFilter (AuthenticationFilter.java:constructSecretProvider(240)) - Unable to initialize FileSignerSecretProvider, falling back to use random secrets. Reason: Could not read signature secret file: /home/runner/hadoop-http-auth-signature-secret
2022-12-23 07:21:49,885 [Listener at 127.0.0.1/38243] WARN  http.HttpRequestLog (HttpRequestLog.java:getRequestLog(103)) - Jetty request log can only be enabled using Log4j
2022-12-23 07:21:49,887 [Listener at 127.0.0.1/38243] INFO  http.HttpServer2 (HttpServer2.java:addGlobalFilter(1031)) - Added global filter 'safety' (class=org.apache.hadoop.hdds.server.http.HttpServer2$QuotingInputFilter)
2022-12-23 07:21:49,888 [Listener at 127.0.0.1/38243] INFO  http.HttpServer2 (HttpServer2.java:addFilter(1007)) - Added filter static_user_filter (class=org.apache.hadoop.http.lib.StaticUserWebFilter$StaticUserFilter) to context hddsDatanode
2022-12-23 07:21:49,888 [Listener at 127.0.0.1/38243] INFO  http.HttpServer2 (HttpServer2.java:addFilter(1015)) - Added filter static_user_filter (class=org.apache.hadoop.http.lib.StaticUserWebFilter$StaticUserFilter) to context logs
2022-12-23 07:21:49,888 [Listener at 127.0.0.1/38243] INFO  http.HttpServer2 (HttpServer2.java:addFilter(1015)) - Added filter static_user_filter (class=org.apache.hadoop.http.lib.StaticUserWebFilter$StaticUserFilter) to context static
2022-12-23 07:21:49,888 [Listener at 127.0.0.1/38243] INFO  http.HttpServer2 (HttpServer2.java:bindListener(1250)) - Jetty bound to port 35265
2022-12-23 07:21:49,889 [Listener at 127.0.0.1/38243] INFO  server.Server (Server.java:doStart(375)) - jetty-9.4.49.v20220914; built: 2022-09-14T01:07:36.601Z; git: 4231a3b2e4cb8548a412a789936d640a97b1aa0a; jvm 1.8.0_352-b08
2022-12-23 07:21:49,895 [Listener at 127.0.0.1/38243] INFO  server.session (DefaultSessionIdManager.java:doStart(334)) - DefaultSessionIdManager workerName=node0
2022-12-23 07:21:49,895 [Listener at 127.0.0.1/38243] INFO  server.session (DefaultSessionIdManager.java:doStart(339)) - No SessionScavenger set, using defaults
2022-12-23 07:21:49,895 [Listener at 127.0.0.1/38243] INFO  server.session (HouseKeeper.java:startScavenging(132)) - node0 Scavenging every 600000ms
2022-12-23 07:21:49,897 [Listener at 127.0.0.1/38243] INFO  handler.ContextHandler (ContextHandler.java:doStart(921)) - Started o.e.j.s.ServletContextHandler@45870d00{logs,/logs,file:///home/runner/work/ozone/ozone/hadoop-ozone/integration-test/target/log,AVAILABLE}
2022-12-23 07:21:49,897 [Listener at 127.0.0.1/38243] INFO  handler.ContextHandler (ContextHandler.java:doStart(921)) - Started o.e.j.s.ServletContextHandler@750fae53{static,/static,jar:file:/home/runner/.m2/repository/org/apache/ozone/hdds-container-service/1.3.0-SNAPSHOT/hdds-container-service-1.3.0-SNAPSHOT.jar!/webapps/static,AVAILABLE}
2022-12-23 07:21:50,105 [Listener at 127.0.0.1/38243] INFO  handler.ContextHandler (ContextHandler.java:doStart(921)) - Started o.e.j.w.WebAppContext@36e8861f{hddsDatanode,/,file:///tmp/jetty-0_0_0_0-35265-hdds-container-service-1_3_0-SNAPSHOT_jar-_-any-6884240611056338194/webapp/,AVAILABLE}{jar:file:/home/runner/.m2/repository/org/apache/ozone/hdds-container-service/1.3.0-SNAPSHOT/hdds-container-service-1.3.0-SNAPSHOT.jar!/webapps/hddsDatanode}
2022-12-23 07:21:50,107 [Listener at 127.0.0.1/38243] INFO  server.AbstractConnector (AbstractConnector.java:doStart(333)) - Started ServerConnector@7ea947c3{HTTP/1.1, (http/1.1)}{0.0.0.0:35265}
2022-12-23 07:21:50,107 [Listener at 127.0.0.1/38243] INFO  server.Server (Server.java:doStart(415)) - Started @11066ms
2022-12-23 07:21:50,107 [Listener at 127.0.0.1/38243] WARN  impl.MetricsSystemImpl (MetricsSystemImpl.java:register(279)) - Sink prometheus already exists!
2022-12-23 07:21:50,108 [Listener at 127.0.0.1/38243] INFO  http.BaseHttpServer (BaseHttpServer.java:updateConnectorAddress(333)) - HTTP server of hddsDatanode listening at http://0.0.0.0:35265
2022-12-23 07:21:50,110 [Listener at 127.0.0.1/38243] INFO  ozone.MiniOzoneClusterImpl (MiniOzoneClusterImpl.java:lambda$waitForClusterToBeReady$0(217)) - Waiting for nodes to be ready. Got 0 of 3 DN Heartbeats.
2022-12-23 07:21:50,110 [Listener at 127.0.0.1/38243] INFO  ozone.MiniOzoneClusterImpl (MiniOzoneClusterImpl.java:lambda$waitForClusterToBeReady$0(220)) - Waiting for cluster to exit safe mode
2022-12-23 07:21:50,110 [Listener at 127.0.0.1/38243] INFO  ozone.MiniOzoneClusterImpl (MiniOzoneClusterImpl.java:lambda$waitForClusterToBeReady$0(222)) - SCM became leader
2022-12-23 07:21:50,111 [Datanode State Machine Daemon Thread] INFO  statemachine.DatanodeStateMachine (DatanodeStateMachine.java:lambda$startDaemon$0(508)) - Ozone container server started.
2022-12-23 07:21:50,126 [org.apache.hadoop.util.JvmPauseMonitor$Monitor@8d5d8ac] INFO  util.JvmPauseMonitor (JvmPauseMonitor.java:run(188)) - Starting JVM pause monitor
2022-12-23 07:21:50,129 [Datanode State Machine Task Thread - 0] INFO  datanode.InitDatanodeState (InitDatanodeState.java:persistContainerDatanodeDetails(138)) - DatanodeDetails is persisted to /home/runner/work/ozone/ozone/hadoop-ozone/integration-test/target/test-dir/MiniOzoneClusterImpl-66463c8b-75bf-445d-aa1e-0d17c384043c/datanode-2/meta/datanode.id
2022-12-23 07:21:51,111 [Listener at 127.0.0.1/38243] INFO  ozone.MiniOzoneClusterImpl (MiniOzoneClusterImpl.java:lambda$waitForClusterToBeReady$0(217)) - Waiting for nodes to be ready. Got 0 of 3 DN Heartbeats.
2022-12-23 07:21:51,111 [Listener at 127.0.0.1/38243] INFO  ozone.MiniOzoneClusterImpl (MiniOzoneClusterImpl.java:lambda$waitForClusterToBeReady$0(220)) - Waiting for cluster to exit safe mode
2022-12-23 07:21:51,111 [Listener at 127.0.0.1/38243] INFO  ozone.MiniOzoneClusterImpl (MiniOzoneClusterImpl.java:lambda$waitForClusterToBeReady$0(222)) - SCM became leader
2022-12-23 07:21:51,155 [EndpointStateMachine task thread for /0.0.0.0:40457 - 0 ] INFO  utils.DatanodeStoreCache (DatanodeStoreCache.java:addDB(58)) - Added db /home/runner/work/ozone/ozone/hadoop-ozone/integration-test/target/test-dir/MiniOzoneClusterImpl-66463c8b-75bf-445d-aa1e-0d17c384043c/datanode-0/data-0/containers/hdds/66463c8b-75bf-445d-aa1e-0d17c384043c/DS-1a8fbf8c-fb80-4015-9fde-aee583e3c1dd/container.db to cache
2022-12-23 07:21:51,155 [EndpointStateMachine task thread for /0.0.0.0:40457 - 0 ] INFO  volume.HddsVolume (HddsVolume.java:createDbStore(307)) - SchemaV3 db is created and loaded at /home/runner/work/ozone/ozone/hadoop-ozone/integration-test/target/test-dir/MiniOzoneClusterImpl-66463c8b-75bf-445d-aa1e-0d17c384043c/datanode-0/data-0/containers/hdds/66463c8b-75bf-445d-aa1e-0d17c384043c/DS-1a8fbf8c-fb80-4015-9fde-aee583e3c1dd/container.db for volume DS-1a8fbf8c-fb80-4015-9fde-aee583e3c1dd
2022-12-23 07:21:51,156 [EndpointStateMachine task thread for /0.0.0.0:40457 - 0 ] INFO  ozoneimpl.OzoneContainer (OzoneContainer.java:start(395)) - Attempting to start container services.
2022-12-23 07:21:51,159 [EndpointStateMachine task thread for /0.0.0.0:40457 - 0 ] INFO  ozoneimpl.OzoneContainer (OzoneContainer.java:startContainerScrub(312)) - Scheduled background container scanners and the on-demand container scanner have been disabled.
2022-12-23 07:21:51,161 [EndpointStateMachine task thread for /0.0.0.0:40457 - 0 ] INFO  replication.ReplicationServer (ReplicationServer.java:start(106)) - ReplicationServer is started using port 34711
2022-12-23 07:21:51,163 [EndpointStateMachine task thread for /0.0.0.0:40457 - 0 ] INFO  ratis.XceiverServerRatis (XceiverServerRatis.java:start(517)) - Starting XceiverServerRatis f9c6c4e6-3ebb-4fc7-9007-585428eee4da
2022-12-23 07:21:51,173 [EndpointStateMachine task thread for /0.0.0.0:40457 - 0 ] INFO  server.RaftServer (RaftServerProxy.java:startImpl(393)) - f9c6c4e6-3ebb-4fc7-9007-585428eee4da: start RPC server
2022-12-23 07:21:51,175 [EndpointStateMachine task thread for /0.0.0.0:40457 - 0 ] INFO  server.GrpcService (GrpcService.java:startImpl(262)) - f9c6c4e6-3ebb-4fc7-9007-585428eee4da: GrpcService started, listening on 45863
2022-12-23 07:21:51,176 [EndpointStateMachine task thread for /0.0.0.0:40457 - 0 ] INFO  ratis.XceiverServerRatis (XceiverServerRatis.java:getRealPort(543)) - XceiverServerRatis f9c6c4e6-3ebb-4fc7-9007-585428eee4da is started using port 45863 for RATIS
2022-12-23 07:21:51,176 [EndpointStateMachine task thread for /0.0.0.0:40457 - 0 ] INFO  ratis.XceiverServerRatis (XceiverServerRatis.java:getRealPort(543)) - XceiverServerRatis f9c6c4e6-3ebb-4fc7-9007-585428eee4da is started using port 45863 for RATIS_ADMIN
2022-12-23 07:21:51,176 [EndpointStateMachine task thread for /0.0.0.0:40457 - 0 ] INFO  ratis.XceiverServerRatis (XceiverServerRatis.java:getRealPort(543)) - XceiverServerRatis f9c6c4e6-3ebb-4fc7-9007-585428eee4da is started using port 45863 for RATIS_SERVER
2022-12-23 07:21:51,176 [EndpointStateMachine task thread for /0.0.0.0:40457 - 0 ] INFO  ratis.XceiverServerRatis (XceiverServerRatis.java:getRealPort(543)) - XceiverServerRatis f9c6c4e6-3ebb-4fc7-9007-585428eee4da is started using port 44515 for RATIS_DATASTREAM
2022-12-23 07:21:51,178 [JvmPauseMonitor1] INFO  util.JvmPauseMonitor (JvmPauseMonitor.java:run(105)) - JvmPauseMonitor-f9c6c4e6-3ebb-4fc7-9007-585428eee4da: Started
2022-12-23 07:21:51,183 [EndpointStateMachine task thread for /0.0.0.0:40457 - 0 ] INFO  server.XceiverServerGrpc (XceiverServerGrpc.java:start(180)) - XceiverServerGrpc f9c6c4e6-3ebb-4fc7-9007-585428eee4da is started using port 40387
2022-12-23 07:21:51,793 [EndpointStateMachine task thread for /0.0.0.0:40457 - 0 ] INFO  utils.DatanodeStoreCache (DatanodeStoreCache.java:addDB(58)) - Added db /home/runner/work/ozone/ozone/hadoop-ozone/integration-test/target/test-dir/MiniOzoneClusterImpl-66463c8b-75bf-445d-aa1e-0d17c384043c/datanode-1/data-0/containers/hdds/66463c8b-75bf-445d-aa1e-0d17c384043c/DS-3a8151b8-44da-46e9-8bbb-2f15223269ab/container.db to cache
2022-12-23 07:21:51,793 [EndpointStateMachine task thread for /0.0.0.0:40457 - 0 ] INFO  volume.HddsVolume (HddsVolume.java:createDbStore(307)) - SchemaV3 db is created and loaded at /home/runner/work/ozone/ozone/hadoop-ozone/integration-test/target/test-dir/MiniOzoneClusterImpl-66463c8b-75bf-445d-aa1e-0d17c384043c/datanode-1/data-0/containers/hdds/66463c8b-75bf-445d-aa1e-0d17c384043c/DS-3a8151b8-44da-46e9-8bbb-2f15223269ab/container.db for volume DS-3a8151b8-44da-46e9-8bbb-2f15223269ab
2022-12-23 07:21:51,793 [EndpointStateMachine task thread for /0.0.0.0:40457 - 0 ] INFO  ozoneimpl.OzoneContainer (OzoneContainer.java:start(395)) - Attempting to start container services.
2022-12-23 07:21:51,794 [EndpointStateMachine task thread for /0.0.0.0:40457 - 0 ] INFO  ozoneimpl.OzoneContainer (OzoneContainer.java:startContainerScrub(312)) - Scheduled background container scanners and the on-demand container scanner have been disabled.
2022-12-23 07:21:51,796 [EndpointStateMachine task thread for /0.0.0.0:40457 - 0 ] INFO  replication.ReplicationServer (ReplicationServer.java:start(106)) - ReplicationServer is started using port 43841
2022-12-23 07:21:51,796 [EndpointStateMachine task thread for /0.0.0.0:40457 - 0 ] INFO  ratis.XceiverServerRatis (XceiverServerRatis.java:start(517)) - Starting XceiverServerRatis 534fd103-7cee-4470-a641-897605723ec1
2022-12-23 07:21:51,797 [EndpointStateMachine task thread for /0.0.0.0:40457 - 0 ] INFO  server.RaftServer (RaftServerProxy.java:startImpl(393)) - 534fd103-7cee-4470-a641-897605723ec1: start RPC server
2022-12-23 07:21:51,799 [EndpointStateMachine task thread for /0.0.0.0:40457 - 0 ] INFO  server.GrpcService (GrpcService.java:startImpl(262)) - 534fd103-7cee-4470-a641-897605723ec1: GrpcService started, listening on 43583
2022-12-23 07:21:51,800 [EndpointStateMachine task thread for /0.0.0.0:40457 - 0 ] INFO  ratis.XceiverServerRatis (XceiverServerRatis.java:getRealPort(543)) - XceiverServerRatis 534fd103-7cee-4470-a641-897605723ec1 is started using port 43583 for RATIS
2022-12-23 07:21:51,800 [JvmPauseMonitor2] INFO  util.JvmPauseMonitor (JvmPauseMonitor.java:run(105)) - JvmPauseMonitor-534fd103-7cee-4470-a641-897605723ec1: Started
2022-12-23 07:21:51,800 [EndpointStateMachine task thread for /0.0.0.0:40457 - 0 ] INFO  ratis.XceiverServerRatis (XceiverServerRatis.java:getRealPort(543)) - XceiverServerRatis 534fd103-7cee-4470-a641-897605723ec1 is started using port 43583 for RATIS_ADMIN
2022-12-23 07:21:51,800 [EndpointStateMachine task thread for /0.0.0.0:40457 - 0 ] INFO  ratis.XceiverServerRatis (XceiverServerRatis.java:getRealPort(543)) - XceiverServerRatis 534fd103-7cee-4470-a641-897605723ec1 is started using port 43583 for RATIS_SERVER
2022-12-23 07:21:51,800 [EndpointStateMachine task thread for /0.0.0.0:40457 - 0 ] INFO  ratis.XceiverServerRatis (XceiverServerRatis.java:getRealPort(543)) - XceiverServerRatis 534fd103-7cee-4470-a641-897605723ec1 is started using port 44545 for RATIS_DATASTREAM
2022-12-23 07:21:51,805 [EndpointStateMachine task thread for /0.0.0.0:40457 - 0 ] INFO  server.XceiverServerGrpc (XceiverServerGrpc.java:start(180)) - XceiverServerGrpc 534fd103-7cee-4470-a641-897605723ec1 is started using port 39673
2022-12-23 07:21:52,112 [Listener at 127.0.0.1/38243] INFO  ozone.MiniOzoneClusterImpl (MiniOzoneClusterImpl.java:lambda$waitForClusterToBeReady$0(217)) - Waiting for nodes to be ready. Got 0 of 3 DN Heartbeats.
2022-12-23 07:21:52,112 [Listener at 127.0.0.1/38243] INFO  ozone.MiniOzoneClusterImpl (MiniOzoneClusterImpl.java:lambda$waitForClusterToBeReady$0(220)) - Waiting for cluster to exit safe mode
2022-12-23 07:21:52,112 [Listener at 127.0.0.1/38243] INFO  ozone.MiniOzoneClusterImpl (MiniOzoneClusterImpl.java:lambda$waitForClusterToBeReady$0(222)) - SCM became leader
2022-12-23 07:21:52,163 [EndpointStateMachine task thread for /0.0.0.0:40457 - 0 ] INFO  utils.DatanodeStoreCache (DatanodeStoreCache.java:addDB(58)) - Added db /home/runner/work/ozone/ozone/hadoop-ozone/integration-test/target/test-dir/MiniOzoneClusterImpl-66463c8b-75bf-445d-aa1e-0d17c384043c/datanode-2/data-0/containers/hdds/66463c8b-75bf-445d-aa1e-0d17c384043c/DS-c8e335bb-afed-4b54-8e3b-e418369b2ac8/container.db to cache
2022-12-23 07:21:52,163 [EndpointStateMachine task thread for /0.0.0.0:40457 - 0 ] INFO  volume.HddsVolume (HddsVolume.java:createDbStore(307)) - SchemaV3 db is created and loaded at /home/runner/work/ozone/ozone/hadoop-ozone/integration-test/target/test-dir/MiniOzoneClusterImpl-66463c8b-75bf-445d-aa1e-0d17c384043c/datanode-2/data-0/containers/hdds/66463c8b-75bf-445d-aa1e-0d17c384043c/DS-c8e335bb-afed-4b54-8e3b-e418369b2ac8/container.db for volume DS-c8e335bb-afed-4b54-8e3b-e418369b2ac8
2022-12-23 07:21:52,164 [EndpointStateMachine task thread for /0.0.0.0:40457 - 0 ] INFO  ozoneimpl.OzoneContainer (OzoneContainer.java:start(395)) - Attempting to start container services.
2022-12-23 07:21:52,164 [EndpointStateMachine task thread for /0.0.0.0:40457 - 0 ] INFO  ozoneimpl.OzoneContainer (OzoneContainer.java:startContainerScrub(312)) - Scheduled background container scanners and the on-demand container scanner have been disabled.
2022-12-23 07:21:52,166 [EndpointStateMachine task thread for /0.0.0.0:40457 - 0 ] INFO  replication.ReplicationServer (ReplicationServer.java:start(106)) - ReplicationServer is started using port 41199
2022-12-23 07:21:52,166 [EndpointStateMachine task thread for /0.0.0.0:40457 - 0 ] INFO  ratis.XceiverServerRatis (XceiverServerRatis.java:start(517)) - Starting XceiverServerRatis 27506167-95e6-4797-adb1-1fb01595b454
2022-12-23 07:21:52,170 [EndpointStateMachine task thread for /0.0.0.0:40457 - 0 ] INFO  server.RaftServer (RaftServerProxy.java:startImpl(393)) - 27506167-95e6-4797-adb1-1fb01595b454: start RPC server
2022-12-23 07:21:52,172 [EndpointStateMachine task thread for /0.0.0.0:40457 - 0 ] INFO  server.GrpcService (GrpcService.java:startImpl(262)) - 27506167-95e6-4797-adb1-1fb01595b454: GrpcService started, listening on 33237
2022-12-23 07:21:52,172 [EndpointStateMachine task thread for /0.0.0.0:40457 - 0 ] INFO  ratis.XceiverServerRatis (XceiverServerRatis.java:getRealPort(543)) - XceiverServerRatis 27506167-95e6-4797-adb1-1fb01595b454 is started using port 33237 for RATIS
2022-12-23 07:21:52,172 [JvmPauseMonitor3] INFO  util.JvmPauseMonitor (JvmPauseMonitor.java:run(105)) - JvmPauseMonitor-27506167-95e6-4797-adb1-1fb01595b454: Started
2022-12-23 07:21:52,173 [EndpointStateMachine task thread for /0.0.0.0:40457 - 0 ] INFO  ratis.XceiverServerRatis (XceiverServerRatis.java:getRealPort(543)) - XceiverServerRatis 27506167-95e6-4797-adb1-1fb01595b454 is started using port 33237 for RATIS_ADMIN
2022-12-23 07:21:52,173 [EndpointStateMachine task thread for /0.0.0.0:40457 - 0 ] INFO  ratis.XceiverServerRatis (XceiverServerRatis.java:getRealPort(543)) - XceiverServerRatis 27506167-95e6-4797-adb1-1fb01595b454 is started using port 33237 for RATIS_SERVER
2022-12-23 07:21:52,173 [EndpointStateMachine task thread for /0.0.0.0:40457 - 0 ] INFO  ratis.XceiverServerRatis (XceiverServerRatis.java:getRealPort(543)) - XceiverServerRatis 27506167-95e6-4797-adb1-1fb01595b454 is started using port 46371 for RATIS_DATASTREAM
2022-12-23 07:21:52,177 [EndpointStateMachine task thread for /0.0.0.0:40457 - 0 ] INFO  server.XceiverServerGrpc (XceiverServerGrpc.java:start(180)) - XceiverServerGrpc 27506167-95e6-4797-adb1-1fb01595b454 is started using port 32835
2022-12-23 07:21:53,067 [IPC Server handler 0 on default port 40457] INFO  net.NetworkTopologyImpl (NetworkTopologyImpl.java:add(112)) - Added a new node: /default-rack/f9c6c4e6-3ebb-4fc7-9007-585428eee4da
2022-12-23 07:21:53,070 [IPC Server handler 0 on default port 40457] INFO  node.SCMNodeManager (SCMNodeManager.java:register(397)) - Registered Data node : f9c6c4e6-3ebb-4fc7-9007-585428eee4da{ip: 10.1.0.40, host: fv-az505-480.g2e1luzo1moefklhgra4trf2va.dx.internal.cloudapp.net, ports: [REPLICATION=34711, RATIS=45863, RATIS_ADMIN=45863, RATIS_SERVER=45863, RATIS_DATASTREAM=44515, STANDALONE=40387], networkLocation: /default-rack, certSerialId: null, persistedOpState: null, persistedOpStateExpiryEpochSec: 0}
2022-12-23 07:21:53,073 [EventQueue-NewNodeForNewNodeHandler] INFO  pipeline.BackgroundPipelineCreator (BackgroundPipelineCreator.java:notifyEventTriggered(276)) - trigger a one-shot run on RatisPipelineUtilsThread.
2022-12-23 07:21:53,075 [EventQueue-NodeRegistrationContainerReportForContainerSafeModeRule] INFO  safemode.SCMSafeModeManager (SCMSafeModeManager.java:validateSafeModeExitRules(200)) - ContainerSafeModeRule rule is successfully validated
2022-12-23 07:21:53,076 [EventQueue-NodeRegistrationContainerReportForDataNodeSafeModeRule] INFO  safemode.SCMSafeModeManager (DataNodeSafeModeRule.java:process(71)) - SCM in safe mode. 1 DataNodes registered, 3 required.
2022-12-23 07:21:53,076 [EventQueue-PipelineReportForOneReplicaPipelineSafeModeRule] INFO  safemode.SCMSafeModeManager (SCMSafeModeManager.java:validateSafeModeExitRules(200)) - AtleastOneDatanodeReportedRule rule is successfully validated
2022-12-23 07:21:53,088 [RatisPipelineUtilsThread - 0] INFO  pipeline.RatisPipelineProvider (RatisPipelineProvider.java:lambda$create$0(206)) - Sending CreatePipelineCommand for pipeline:PipelineID=715a616b-6671-456f-be7e-56e1aba91a57 to datanode:f9c6c4e6-3ebb-4fc7-9007-585428eee4da
2022-12-23 07:21:53,101 [RatisPipelineUtilsThread - 0] INFO  pipeline.PipelineStateManagerImpl (PipelineStateManagerImpl.java:addPipeline(103)) - Created pipeline Pipeline[ Id: 715a616b-6671-456f-be7e-56e1aba91a57, Nodes: f9c6c4e6-3ebb-4fc7-9007-585428eee4da{ip: 10.1.0.40, host: fv-az505-480.g2e1luzo1moefklhgra4trf2va.dx.internal.cloudapp.net, ports: [REPLICATION=34711, RATIS=45863, RATIS_ADMIN=45863, RATIS_SERVER=45863, RATIS_DATASTREAM=44515, STANDALONE=40387], networkLocation: /default-rack, certSerialId: null, persistedOpState: IN_SERVICE, persistedOpStateExpiryEpochSec: 0}, ReplicationConfig: RATIS/ONE, State:ALLOCATED, leaderId:, CreationTimestamp2022-12-23T07:21:53.086Z[Etc/UTC]].
2022-12-23 07:21:53,113 [Listener at 127.0.0.1/38243] INFO  ozone.MiniOzoneClusterImpl (MiniOzoneClusterImpl.java:lambda$waitForClusterToBeReady$0(217)) - Waiting for nodes to be ready. Got 1 of 3 DN Heartbeats.
2022-12-23 07:21:53,113 [Listener at 127.0.0.1/38243] INFO  ozone.MiniOzoneClusterImpl (MiniOzoneClusterImpl.java:lambda$waitForClusterToBeReady$0(220)) - Waiting for cluster to exit safe mode
2022-12-23 07:21:53,113 [Listener at 127.0.0.1/38243] INFO  ozone.MiniOzoneClusterImpl (MiniOzoneClusterImpl.java:lambda$waitForClusterToBeReady$0(222)) - SCM became leader
2022-12-23 07:21:53,757 [IPC Server handler 2 on default port 40457] INFO  net.NetworkTopologyImpl (NetworkTopologyImpl.java:add(112)) - Added a new node: /default-rack/534fd103-7cee-4470-a641-897605723ec1
2022-12-23 07:21:53,757 [IPC Server handler 2 on default port 40457] INFO  node.SCMNodeManager (SCMNodeManager.java:register(397)) - Registered Data node : 534fd103-7cee-4470-a641-897605723ec1{ip: 10.1.0.40, host: fv-az505-480.g2e1luzo1moefklhgra4trf2va.dx.internal.cloudapp.net, ports: [REPLICATION=43841, RATIS=43583, RATIS_ADMIN=43583, RATIS_SERVER=43583, RATIS_DATASTREAM=44545, STANDALONE=39673], networkLocation: /default-rack, certSerialId: null, persistedOpState: null, persistedOpStateExpiryEpochSec: 0}
2022-12-23 07:21:53,759 [EventQueue-NewNodeForNewNodeHandler] INFO  pipeline.BackgroundPipelineCreator (BackgroundPipelineCreator.java:notifyEventTriggered(276)) - trigger a one-shot run on RatisPipelineUtilsThread.
2022-12-23 07:21:53,759 [EventQueue-NodeRegistrationContainerReportForDataNodeSafeModeRule] INFO  safemode.SCMSafeModeManager (DataNodeSafeModeRule.java:process(71)) - SCM in safe mode. 2 DataNodes registered, 3 required.
2022-12-23 07:21:53,760 [RatisPipelineUtilsThread - 0] INFO  pipeline.RatisPipelineProvider (RatisPipelineProvider.java:lambda$create$0(206)) - Sending CreatePipelineCommand for pipeline:PipelineID=598e22c2-f36e-495a-a5d2-1b9ccf72a085 to datanode:534fd103-7cee-4470-a641-897605723ec1
2022-12-23 07:21:53,760 [RatisPipelineUtilsThread - 0] INFO  pipeline.PipelineStateManagerImpl (PipelineStateManagerImpl.java:addPipeline(103)) - Created pipeline Pipeline[ Id: 598e22c2-f36e-495a-a5d2-1b9ccf72a085, Nodes: 534fd103-7cee-4470-a641-897605723ec1{ip: 10.1.0.40, host: fv-az505-480.g2e1luzo1moefklhgra4trf2va.dx.internal.cloudapp.net, ports: [REPLICATION=43841, RATIS=43583, RATIS_ADMIN=43583, RATIS_SERVER=43583, RATIS_DATASTREAM=44545, STANDALONE=39673], networkLocation: /default-rack, certSerialId: null, persistedOpState: IN_SERVICE, persistedOpStateExpiryEpochSec: 0}, ReplicationConfig: RATIS/ONE, State:ALLOCATED, leaderId:, CreationTimestamp2022-12-23T07:21:53.760Z[Etc/UTC]].
2022-12-23 07:21:54,113 [Listener at 127.0.0.1/38243] INFO  ozone.MiniOzoneClusterImpl (MiniOzoneClusterImpl.java:lambda$waitForClusterToBeReady$0(217)) - Waiting for nodes to be ready. Got 2 of 3 DN Heartbeats.
2022-12-23 07:21:54,114 [Listener at 127.0.0.1/38243] INFO  ozone.MiniOzoneClusterImpl (MiniOzoneClusterImpl.java:lambda$waitForClusterToBeReady$0(220)) - Waiting for cluster to exit safe mode
2022-12-23 07:21:54,114 [Listener at 127.0.0.1/38243] INFO  ozone.MiniOzoneClusterImpl (MiniOzoneClusterImpl.java:lambda$waitForClusterToBeReady$0(222)) - SCM became leader
2022-12-23 07:21:54,129 [IPC Server handler 1 on default port 40457] INFO  net.NetworkTopologyImpl (NetworkTopologyImpl.java:add(112)) - Added a new node: /default-rack/27506167-95e6-4797-adb1-1fb01595b454
2022-12-23 07:21:54,130 [IPC Server handler 1 on default port 40457] INFO  node.SCMNodeManager (SCMNodeManager.java:register(397)) - Registered Data node : 27506167-95e6-4797-adb1-1fb01595b454{ip: 10.1.0.40, host: fv-az505-480.g2e1luzo1moefklhgra4trf2va.dx.internal.cloudapp.net, ports: [REPLICATION=41199, RATIS=33237, RATIS_ADMIN=33237, RATIS_SERVER=33237, RATIS_DATASTREAM=46371, STANDALONE=32835], networkLocation: /default-rack, certSerialId: null, persistedOpState: null, persistedOpStateExpiryEpochSec: 0}
2022-12-23 07:21:54,130 [EventQueue-NewNodeForNewNodeHandler] INFO  pipeline.BackgroundPipelineCreator (BackgroundPipelineCreator.java:notifyEventTriggered(276)) - trigger a one-shot run on RatisPipelineUtilsThread.
2022-12-23 07:21:54,130 [EventQueue-NodeRegistrationContainerReportForDataNodeSafeModeRule] INFO  safemode.SCMSafeModeManager (DataNodeSafeModeRule.java:process(71)) - SCM in safe mode. 3 DataNodes registered, 3 required.
2022-12-23 07:21:54,130 [EventQueue-NodeRegistrationContainerReportForDataNodeSafeModeRule] INFO  safemode.SCMSafeModeManager (SCMSafeModeManager.java:validateSafeModeExitRules(200)) - DataNodeSafeModeRule rule is successfully validated
2022-12-23 07:21:54,130 [EventQueue-NodeRegistrationContainerReportForDataNodeSafeModeRule] INFO  safemode.SCMSafeModeManager (SCMSafeModeManager.java:completePreCheck(229)) - All SCM safe mode pre check rules have passed
2022-12-23 07:21:54,130 [RatisPipelineUtilsThread - 0] INFO  pipeline.RatisPipelineProvider (RatisPipelineProvider.java:lambda$create$0(206)) - Sending CreatePipelineCommand for pipeline:PipelineID=2a584658-4b9c-441d-846d-6899847a1cbb to datanode:27506167-95e6-4797-adb1-1fb01595b454
2022-12-23 07:21:54,130 [EventQueue-NodeRegistrationContainerReportForDataNodeSafeModeRule] INFO  ha.SCMContext (SCMContext.java:updateSafeModeStatus(228)) - Update SafeModeStatus from SafeModeStatus{safeModeStatus=true, preCheckPassed=false} to SafeModeStatus{safeModeStatus=true, preCheckPassed=true}.
2022-12-23 07:21:54,131 [EventQueue-NodeRegistrationContainerReportForDataNodeSafeModeRule] INFO  pipeline.BackgroundPipelineCreator (BackgroundPipelineCreator.java:notifyEventTriggered(276)) - trigger a one-shot run on RatisPipelineUtilsThread.
2022-12-23 07:21:54,131 [RatisPipelineUtilsThread - 0] INFO  pipeline.PipelineStateManagerImpl (PipelineStateManagerImpl.java:addPipeline(103)) - Created pipeline Pipeline[ Id: 2a584658-4b9c-441d-846d-6899847a1cbb, Nodes: 27506167-95e6-4797-adb1-1fb01595b454{ip: 10.1.0.40, host: fv-az505-480.g2e1luzo1moefklhgra4trf2va.dx.internal.cloudapp.net, ports: [REPLICATION=41199, RATIS=33237, RATIS_ADMIN=33237, RATIS_SERVER=33237, RATIS_DATASTREAM=46371, STANDALONE=32835], networkLocation: /default-rack, certSerialId: null, persistedOpState: IN_SERVICE, persistedOpStateExpiryEpochSec: 0}, ReplicationConfig: RATIS/ONE, State:ALLOCATED, leaderId:, CreationTimestamp2022-12-23T07:21:54.130Z[Etc/UTC]].
2022-12-23 07:21:54,136 [RatisPipelineUtilsThread - 0] INFO  pipeline.RatisPipelineProvider (RatisPipelineProvider.java:lambda$create$0(206)) - Sending CreatePipelineCommand for pipeline:PipelineID=56e6365e-3db3-4c19-a3de-96398c6c114b to datanode:534fd103-7cee-4470-a641-897605723ec1
2022-12-23 07:21:54,137 [RatisPipelineUtilsThread - 0] INFO  pipeline.RatisPipelineProvider (RatisPipelineProvider.java:lambda$create$0(206)) - Sending CreatePipelineCommand for pipeline:PipelineID=56e6365e-3db3-4c19-a3de-96398c6c114b to datanode:27506167-95e6-4797-adb1-1fb01595b454
2022-12-23 07:21:54,137 [RatisPipelineUtilsThread - 0] INFO  pipeline.RatisPipelineProvider (RatisPipelineProvider.java:lambda$create$0(206)) - Sending CreatePipelineCommand for pipeline:PipelineID=56e6365e-3db3-4c19-a3de-96398c6c114b to datanode:f9c6c4e6-3ebb-4fc7-9007-585428eee4da
2022-12-23 07:21:54,138 [RatisPipelineUtilsThread - 0] INFO  pipeline.PipelineStateManagerImpl (PipelineStateManagerImpl.java:addPipeline(103)) - Created pipeline Pipeline[ Id: 56e6365e-3db3-4c19-a3de-96398c6c114b, Nodes: 534fd103-7cee-4470-a641-897605723ec1{ip: 10.1.0.40, host: fv-az505-480.g2e1luzo1moefklhgra4trf2va.dx.internal.cloudapp.net, ports: [REPLICATION=43841, RATIS=43583, RATIS_ADMIN=43583, RATIS_SERVER=43583, RATIS_DATASTREAM=44545, STANDALONE=39673], networkLocation: /default-rack, certSerialId: null, persistedOpState: IN_SERVICE, persistedOpStateExpiryEpochSec: 0}27506167-95e6-4797-adb1-1fb01595b454{ip: 10.1.0.40, host: fv-az505-480.g2e1luzo1moefklhgra4trf2va.dx.internal.cloudapp.net, ports: [REPLICATION=41199, RATIS=33237, RATIS_ADMIN=33237, RATIS_SERVER=33237, RATIS_DATASTREAM=46371, STANDALONE=32835], networkLocation: /default-rack, certSerialId: null, persistedOpState: IN_SERVICE, persistedOpStateExpiryEpochSec: 0}f9c6c4e6-3ebb-4fc7-9007-585428eee4da{ip: 10.1.0.40, host: fv-az505-480.g2e1luzo1moefklhgra4trf2va.dx.internal.cloudapp.net, ports: [REPLICATION=34711, RATIS=45863, RATIS_ADMIN=45863, RATIS_SERVER=45863, RATIS_DATASTREAM=44515, STANDALONE=40387], networkLocation: /default-rack, certSerialId: null, persistedOpState: IN_SERVICE, persistedOpStateExpiryEpochSec: 0}, ReplicationConfig: RATIS/THREE, State:ALLOCATED, leaderId:, CreationTimestamp2022-12-23T07:21:54.136Z[Etc/UTC]].
2022-12-23 07:21:54,139 [RatisPipelineUtilsThread - 0] INFO  pipeline.RatisPipelineProvider (RatisPipelineProvider.java:lambda$create$0(206)) - Sending CreatePipelineCommand for pipeline:PipelineID=6bdb96a7-25e9-46d3-b8ce-04ce026e210d to datanode:534fd103-7cee-4470-a641-897605723ec1
2022-12-23 07:21:54,139 [RatisPipelineUtilsThread - 0] INFO  pipeline.RatisPipelineProvider (RatisPipelineProvider.java:lambda$create$0(206)) - Sending CreatePipelineCommand for pipeline:PipelineID=6bdb96a7-25e9-46d3-b8ce-04ce026e210d to datanode:27506167-95e6-4797-adb1-1fb01595b454
2022-12-23 07:21:54,139 [RatisPipelineUtilsThread - 0] INFO  pipeline.RatisPipelineProvider (RatisPipelineProvider.java:lambda$create$0(206)) - Sending CreatePipelineCommand for pipeline:PipelineID=6bdb96a7-25e9-46d3-b8ce-04ce026e210d to datanode:f9c6c4e6-3ebb-4fc7-9007-585428eee4da
2022-12-23 07:21:54,140 [RatisPipelineUtilsThread - 0] INFO  pipeline.PipelineStateManagerImpl (PipelineStateManagerImpl.java:addPipeline(103)) - Created pipeline Pipeline[ Id: 6bdb96a7-25e9-46d3-b8ce-04ce026e210d, Nodes: 534fd103-7cee-4470-a641-897605723ec1{ip: 10.1.0.40, host: fv-az505-480.g2e1luzo1moefklhgra4trf2va.dx.internal.cloudapp.net, ports: [REPLICATION=43841, RATIS=43583, RATIS_ADMIN=43583, RATIS_SERVER=43583, RATIS_DATASTREAM=44545, STANDALONE=39673], networkLocation: /default-rack, certSerialId: null, persistedOpState: IN_SERVICE, persistedOpStateExpiryEpochSec: 0}27506167-95e6-4797-adb1-1fb01595b454{ip: 10.1.0.40, host: fv-az505-480.g2e1luzo1moefklhgra4trf2va.dx.internal.cloudapp.net, ports: [REPLICATION=41199, RATIS=33237, RATIS_ADMIN=33237, RATIS_SERVER=33237, RATIS_DATASTREAM=46371, STANDALONE=32835], networkLocation: /default-rack, certSerialId: null, persistedOpState: IN_SERVICE, persistedOpStateExpiryEpochSec: 0}f9c6c4e6-3ebb-4fc7-9007-585428eee4da{ip: 10.1.0.40, host: fv-az505-480.g2e1luzo1moefklhgra4trf2va.dx.internal.cloudapp.net, ports: [REPLICATION=34711, RATIS=45863, RATIS_ADMIN=45863, RATIS_SERVER=45863, RATIS_DATASTREAM=44515, STANDALONE=40387], networkLocation: /default-rack, certSerialId: null, persistedOpState: IN_SERVICE, persistedOpStateExpiryEpochSec: 0}, ReplicationConfig: RATIS/THREE, State:ALLOCATED, leaderId:, CreationTimestamp2022-12-23T07:21:54.139Z[Etc/UTC]].
2022-12-23 07:21:54,141 [RatisPipelineUtilsThread - 0] INFO  pipeline.PipelineManagerImpl (PipelineManagerImpl.java:recordMetricsForPipeline(826)) - Pipeline: PipelineID=6bdb96a7-25e9-46d3-b8ce-04ce026e210d contains same datanodes as previous pipelines: PipelineID=56e6365e-3db3-4c19-a3de-96398c6c114b nodeIds: 534fd103-7cee-4470-a641-897605723ec1, 27506167-95e6-4797-adb1-1fb01595b454, f9c6c4e6-3ebb-4fc7-9007-585428eee4da
2022-12-23 07:21:54,141 [RatisPipelineUtilsThread - 0] WARN  pipeline.PipelinePlacementPolicy (PipelinePlacementPolicy.java:filterViableNodes(158)) - Pipeline creation failed due to no sufficient healthy datanodes. Required 3. Found 0.
2022-12-23 07:21:54,142 [RatisPipelineUtilsThread - 0] WARN  pipeline.PipelinePlacementPolicy (PipelinePlacementPolicy.java:filterViableNodes(158)) - Pipeline creation failed due to no sufficient healthy datanodes. Required 3. Found 0.
2022-12-23 07:21:55,037 [EventQueue-CommandQueueReportForCommandQueueReportHandler] WARN  events.EventQueue (EventQueue.java:fireEvent(216)) - No event handler registered for event TypedEvent{payloadType=DatanodeDetails, name='Datanode_Command_Queue_Updated'}
2022-12-23 07:21:55,114 [Listener at 127.0.0.1/38243] INFO  ozone.MiniOzoneClusterImpl (MiniOzoneClusterImpl.java:lambda$waitForClusterToBeReady$0(217)) - Nodes are ready. Got 3 of 3 DN Heartbeats.
2022-12-23 07:21:55,114 [Listener at 127.0.0.1/38243] INFO  ozone.MiniOzoneClusterImpl (MiniOzoneClusterImpl.java:lambda$waitForClusterToBeReady$0(220)) - Waiting for cluster to exit safe mode
2022-12-23 07:21:55,114 [Listener at 127.0.0.1/38243] INFO  ozone.MiniOzoneClusterImpl (MiniOzoneClusterImpl.java:lambda$waitForClusterToBeReady$0(222)) - SCM became leader
2022-12-23 07:21:55,752 [EventQueue-CommandQueueReportForCommandQueueReportHandler] WARN  events.EventQueue (EventQueue.java:fireEvent(216)) - No event handler registered for event TypedEvent{payloadType=DatanodeDetails, name='Datanode_Command_Queue_Updated'}
2022-12-23 07:21:56,029 [EventQueue-CommandQueueReportForCommandQueueReportHandler] WARN  events.EventQueue (EventQueue.java:fireEvent(216)) - No event handler registered for event TypedEvent{payloadType=DatanodeDetails, name='Datanode_Command_Queue_Updated'}
2022-12-23 07:21:56,064 [Command processor thread] INFO  server.RaftServer (RaftServerProxy.java:addNew(96)) - f9c6c4e6-3ebb-4fc7-9007-585428eee4da: addNew group-56E1ABA91A57:[f9c6c4e6-3ebb-4fc7-9007-585428eee4da|rpc:10.1.0.40:45863|dataStream:10.1.0.40:44515|priority:1|startupRole:FOLLOWER] returns group-56E1ABA91A57:java.util.concurrent.CompletableFuture@7287171d[Not completed]
2022-12-23 07:21:56,077 [pool-71-thread-1] INFO  server.RaftServer$Division (RaftServerImpl.java:<init>(195)) - f9c6c4e6-3ebb-4fc7-9007-585428eee4da: new RaftServerImpl for group-56E1ABA91A57:[f9c6c4e6-3ebb-4fc7-9007-585428eee4da|rpc:10.1.0.40:45863|dataStream:10.1.0.40:44515|priority:1|startupRole:FOLLOWER] with ContainerStateMachine:uninitialized
2022-12-23 07:21:56,077 [pool-71-thread-1] INFO  server.RaftServerConfigKeys (ConfUtils.java:logGet(46)) - raft.server.rpc.timeout.min = 5s (custom)
2022-12-23 07:21:56,077 [pool-71-thread-1] INFO  server.RaftServerConfigKeys (ConfUtils.java:logGet(46)) - raft.server.rpc.timeout.max = 5200ms (custom)
2022-12-23 07:21:56,077 [pool-71-thread-1] INFO  server.RaftServerConfigKeys (ConfUtils.java:logGet(46)) - raft.server.rpc.sleep.time = 25ms (default)
2022-12-23 07:21:56,077 [pool-71-thread-1] INFO  server.RaftServerConfigKeys (ConfUtils.java:logGet(46)) - raft.server.rpc.slowness.timeout = 300s (custom)
2022-12-23 07:21:56,077 [pool-71-thread-1] INFO  server.RaftServerConfigKeys (ConfUtils.java:logGet(46)) - raft.server.leaderelection.leader.step-down.wait-time = 10s (default)
2022-12-23 07:21:56,077 [pool-71-thread-1] INFO  server.RaftServerConfigKeys (ConfUtils.java:logGet(46)) - raft.server.sleep.deviation.threshold = 300ms (default)
2022-12-23 07:21:56,077 [pool-71-thread-1] INFO  server.RaftServer$Division (ServerState.java:<init>(118)) - f9c6c4e6-3ebb-4fc7-9007-585428eee4da@group-56E1ABA91A57: ConfigurationManager, init=-1: peers:[f9c6c4e6-3ebb-4fc7-9007-585428eee4da|rpc:10.1.0.40:45863|dataStream:10.1.0.40:44515|priority:1|startupRole:FOLLOWER]|listeners:[], old=null, confs=<EMPTY_MAP>
2022-12-23 07:21:56,078 [pool-71-thread-1] INFO  server.RaftServerConfigKeys (ConfUtils.java:logGet(46)) - raft.server.storage.dir = [/home/runner/work/ozone/ozone/hadoop-ozone/integration-test/target/test-dir/MiniOzoneClusterImpl-66463c8b-75bf-445d-aa1e-0d17c384043c/datanode-0/data/ratis] (custom)
2022-12-23 07:21:56,078 [pool-71-thread-1] INFO  server.RaftServerConfigKeys (ConfUtils.java:logGet(46)) - raft.server.log.corruption.policy = EXCEPTION (default)
2022-12-23 07:21:56,078 [pool-71-thread-1] INFO  server.RaftServerConfigKeys (ConfUtils.java:logGet(46)) - raft.server.storage.free-space.min = 0MB (=0) (default)
2022-12-23 07:21:56,078 [pool-71-thread-1] INFO  server.RaftServerConfigKeys (ConfUtils.java:logGet(46)) - raft.server.notification.no-leader.timeout = 300s (custom)
2022-12-23 07:21:56,078 [pool-71-thread-1] INFO  server.RaftServerConfigKeys (ConfUtils.java:logGet(46)) - raft.server.retrycache.expirytime = 600000ms (custom)
2022-12-23 07:21:56,078 [pool-71-thread-1] INFO  server.RaftServerConfigKeys (ConfUtils.java:logGet(46)) - raft.server.retrycache.statistics.expirytime = 100μs (default)
2022-12-23 07:21:56,080 [pool-71-thread-1] INFO  server.RaftServerConfigKeys (ConfUtils.java:logGet(46)) - raft.server.log.appender.install.snapshot.enabled = false (custom)
2022-12-23 07:21:56,080 [pool-71-thread-1] INFO  server.RaftServerConfigKeys (ConfUtils.java:logGet(46)) - raft.server.threadpool.server.cached = true (default)
2022-12-23 07:21:56,080 [pool-71-thread-1] INFO  server.RaftServerConfigKeys (ConfUtils.java:logGet(46)) - raft.server.threadpool.server.size = 0 (default)
2022-12-23 07:21:56,080 [pool-71-thread-1] INFO  server.RaftServerConfigKeys (ConfUtils.java:logGet(46)) - raft.server.threadpool.client.cached = true (default)
2022-12-23 07:21:56,080 [pool-71-thread-1] INFO  server.RaftServerConfigKeys (ConfUtils.java:logGet(46)) - raft.server.threadpool.client.size = 0 (default)
2022-12-23 07:21:56,081 [pool-71-thread-1] INFO  storage.RaftStorageDirectory (RaftStorageDirectoryImpl.java:analyzeStorage(137)) - The storage directory /home/runner/work/ozone/ozone/hadoop-ozone/integration-test/target/test-dir/MiniOzoneClusterImpl-66463c8b-75bf-445d-aa1e-0d17c384043c/datanode-0/data/ratis/715a616b-6671-456f-be7e-56e1aba91a57 does not exist. Creating ...
2022-12-23 07:21:56,088 [pool-71-thread-1] INFO  storage.RaftStorageDirectory (RaftStorageDirectoryImpl.java:tryLock(231)) - Lock on /home/runner/work/ozone/ozone/hadoop-ozone/integration-test/target/test-dir/MiniOzoneClusterImpl-66463c8b-75bf-445d-aa1e-0d17c384043c/datanode-0/data/ratis/715a616b-6671-456f-be7e-56e1aba91a57/in_use.lock acquired by nodename 81300@fv-az505-480
2022-12-23 07:21:56,089 [pool-71-thread-1] INFO  storage.RaftStorage (RaftStorageImpl.java:format(96)) - Storage directory /home/runner/work/ozone/ozone/hadoop-ozone/integration-test/target/test-dir/MiniOzoneClusterImpl-66463c8b-75bf-445d-aa1e-0d17c384043c/datanode-0/data/ratis/715a616b-6671-456f-be7e-56e1aba91a57 has been successfully formatted.
2022-12-23 07:21:56,093 [pool-71-thread-1] INFO  ratis.ContainerStateMachine (ContainerStateMachine.java:loadSnapshot(240)) - group-56E1ABA91A57: The snapshot info is null. Setting the last applied indexto:(t:0, i:~)
2022-12-23 07:21:56,094 [pool-71-thread-1] INFO  server.RaftServerConfigKeys (ConfUtils.java:logGet(46)) - raft.server.log.use.memory = false (default)
2022-12-23 07:21:56,094 [pool-71-thread-1] INFO  server.RaftServerConfigKeys (ConfUtils.java:logGet(46)) - raft.server.log.purge.gap = 1000000 (custom)
2022-12-23 07:21:56,094 [pool-71-thread-1] INFO  server.RaftServerConfigKeys (ConfUtils.java:logGet(46)) - raft.server.log.appender.buffer.byte-limit = 33554432 (custom)
2022-12-23 07:21:56,094 [pool-71-thread-1] INFO  server.RaftServerConfigKeys (ConfUtils.java:logGet(46)) - raft.server.log.statemachine.data.read.timeout = 1000ms (default)
2022-12-23 07:21:56,094 [pool-71-thread-1] INFO  server.RaftServerConfigKeys (ConfUtils.java:logGet(46)) - raft.server.log.purge.preservation.log.num = 0 (default)
2022-12-23 07:21:56,094 [pool-71-thread-1] INFO  server.RaftServerConfigKeys (ConfUtils.java:logGet(46)) - raft.server.log.segment.size.max = 1048576 (custom)
2022-12-23 07:21:56,095 [pool-71-thread-1] INFO  server.RaftServerConfigKeys (ConfUtils.java:logGet(46)) - raft.server.log.segment.cache.num.max = 2 (custom)
2022-12-23 07:21:56,095 [pool-71-thread-1] INFO  server.RaftServerConfigKeys (ConfUtils.java:logGet(46)) - raft.server.log.segment.cache.size.max = 200MB (=209715200) (default)
2022-12-23 07:21:56,095 [pool-71-thread-1] INFO  segmented.SegmentedRaftLogWorker (SegmentedRaftLogWorker.java:<init>(189)) - new f9c6c4e6-3ebb-4fc7-9007-585428eee4da@group-56E1ABA91A57-SegmentedRaftLogWorker for RaftStorageImpl:Storage Directory /home/runner/work/ozone/ozone/hadoop-ozone/integration-test/target/test-dir/MiniOzoneClusterImpl-66463c8b-75bf-445d-aa1e-0d17c384043c/datanode-0/data/ratis/715a616b-6671-456f-be7e-56e1aba91a57
2022-12-23 07:21:56,095 [pool-71-thread-1] INFO  server.RaftServerConfigKeys (ConfUtils.java:logGet(46)) - raft.server.log.queue.byte-limit = 4294967296 (custom)
2022-12-23 07:21:56,095 [pool-71-thread-1] INFO  server.RaftServerConfigKeys (ConfUtils.java:logGet(46)) - raft.server.log.queue.element-limit = 1024 (custom)
2022-12-23 07:21:56,095 [pool-71-thread-1] INFO  server.RaftServerConfigKeys (ConfUtils.java:logGet(46)) - raft.server.log.segment.size.max = 1048576 (custom)
2022-12-23 07:21:56,095 [pool-71-thread-1] INFO  server.RaftServerConfigKeys (ConfUtils.java:logGet(46)) - raft.server.log.preallocated.size = 16384 (custom)
2022-12-23 07:21:56,096 [pool-71-thread-1] INFO  server.RaftServerConfigKeys (ConfUtils.java:logGet(46)) - raft.server.log.force.sync.num = 128 (default)
2022-12-23 07:21:56,096 [pool-71-thread-1] INFO  server.RaftServerConfigKeys (ConfUtils.java:logGet(46)) - raft.server.log.statemachine.data.sync = true (default)
2022-12-23 07:21:56,096 [pool-71-thread-1] INFO  server.RaftServerConfigKeys (ConfUtils.java:logGet(46)) - raft.server.log.statemachine.data.sync.timeout = 10s (default)
2022-12-23 07:21:56,096 [pool-71-thread-1] INFO  server.RaftServerConfigKeys (ConfUtils.java:logGet(46)) - raft.server.log.statemachine.data.sync.timeout.retry = -1 (default)
2022-12-23 07:21:56,097 [pool-71-thread-1] INFO  server.RaftServerConfigKeys (ConfUtils.java:logGet(46)) - raft.server.log.write.buffer.size = 1048576 (custom)
2022-12-23 07:21:56,098 [pool-71-thread-1] INFO  server.RaftServerConfigKeys (ConfUtils.java:logGet(46)) - raft.server.log.appender.buffer.byte-limit = 33554432 (custom)
2022-12-23 07:21:56,107 [pool-71-thread-1] INFO  server.RaftServerConfigKeys (ConfUtils.java:logGet(46)) - raft.server.log.unsafe-flush.enabled = false (default)
2022-12-23 07:21:56,107 [pool-71-thread-1] INFO  server.RaftServerConfigKeys (ConfUtils.java:logGet(46)) - raft.server.log.async-flush.enabled = false (default)
2022-12-23 07:21:56,107 [pool-71-thread-1] INFO  server.RaftServerConfigKeys (ConfUtils.java:logGet(46)) - raft.server.log.statemachine.data.caching.enabled = true (custom)
2022-12-23 07:21:56,107 [pool-71-thread-1] INFO  segmented.SegmentedRaftLogWorker (SegmentedRaftLogWorker.java:lambda$new$0(135)) - f9c6c4e6-3ebb-4fc7-9007-585428eee4da@group-56E1ABA91A57-SegmentedRaftLogWorker: flushIndex: setUnconditionally 0 -> -1
2022-12-23 07:21:56,107 [pool-71-thread-1] INFO  segmented.SegmentedRaftLogWorker (SegmentedRaftLogWorker.java:lambda$new$0(135)) - f9c6c4e6-3ebb-4fc7-9007-585428eee4da@group-56E1ABA91A57-SegmentedRaftLogWorker: safeCacheEvictIndex: setUnconditionally 0 -> -1
2022-12-23 07:21:56,113 [pool-71-thread-1] INFO  server.RaftServer$Division (RaftServerImpl.java:start(334)) - f9c6c4e6-3ebb-4fc7-9007-585428eee4da@group-56E1ABA91A57: start as a follower, conf=-1: peers:[f9c6c4e6-3ebb-4fc7-9007-585428eee4da|rpc:10.1.0.40:45863|dataStream:10.1.0.40:44515|priority:1|startupRole:FOLLOWER]|listeners:[], old=null
2022-12-23 07:21:56,114 [pool-71-thread-1] INFO  server.RaftServer$Division (RaftServerImpl.java:setRole(321)) - f9c6c4e6-3ebb-4fc7-9007-585428eee4da@group-56E1ABA91A57: changes role from      null to FOLLOWER at term 0 for startAsFollower
2022-12-23 07:21:56,114 [pool-71-thread-1] INFO  impl.RoleInfo (RoleInfo.java:updateAndGet(139)) - f9c6c4e6-3ebb-4fc7-9007-585428eee4da: start f9c6c4e6-3ebb-4fc7-9007-585428eee4da@group-56E1ABA91A57-FollowerState
2022-12-23 07:21:56,115 [EventQueue-CommandQueueReportForCommandQueueReportHandler] WARN  events.EventQueue (EventQueue.java:fireEvent(216)) - No event handler registered for event TypedEvent{payloadType=DatanodeDetails, name='Datanode_Command_Queue_Updated'}
2022-12-23 07:21:56,115 [EventQueue-PipelineReportForPipelineReportHandler] INFO  pipeline.PipelineManagerImpl (PipelineManagerImpl.java:openPipeline(367)) - Pipeline Pipeline[ Id: 715a616b-6671-456f-be7e-56e1aba91a57, Nodes: f9c6c4e6-3ebb-4fc7-9007-585428eee4da{ip: 10.1.0.40, host: fv-az505-480.g2e1luzo1moefklhgra4trf2va.dx.internal.cloudapp.net, ports: [REPLICATION=34711, RATIS=45863, RATIS_ADMIN=45863, RATIS_SERVER=45863, RATIS_DATASTREAM=44515, STANDALONE=40387], networkLocation: /default-rack, certSerialId: null, persistedOpState: IN_SERVICE, persistedOpStateExpiryEpochSec: 0}, ReplicationConfig: RATIS/ONE, State:ALLOCATED, leaderId:f9c6c4e6-3ebb-4fc7-9007-585428eee4da, CreationTimestamp2022-12-23T07:21:53.086Z[Etc/UTC]] moved to OPEN state
2022-12-23 07:21:56,117 [Listener at 127.0.0.1/38243] INFO  ozone.MiniOzoneClusterImpl (MiniOzoneClusterImpl.java:lambda$waitForClusterToBeReady$0(217)) - Nodes are ready. Got 3 of 3 DN Heartbeats.
2022-12-23 07:21:56,117 [Listener at 127.0.0.1/38243] INFO  ozone.MiniOzoneClusterImpl (MiniOzoneClusterImpl.java:lambda$waitForClusterToBeReady$0(220)) - Waiting for cluster to exit safe mode
2022-12-23 07:21:56,117 [Listener at 127.0.0.1/38243] INFO  ozone.MiniOzoneClusterImpl (MiniOzoneClusterImpl.java:lambda$waitForClusterToBeReady$0(222)) - SCM became leader
2022-12-23 07:21:56,117 [pool-71-thread-1] INFO  util.JmxRegister (JmxRegister.java:tryRegister(44)) - Successfully registered JMX Bean with object name Ratis:service=RaftServer,group=group-56E1ABA91A57,id=f9c6c4e6-3ebb-4fc7-9007-585428eee4da
2022-12-23 07:21:56,118 [pool-71-thread-1] INFO  server.RaftServerConfigKeys (ConfUtils.java:logGet(46)) - raft.server.snapshot.auto.trigger.enabled = true (custom)
2022-12-23 07:21:56,118 [f9c6c4e6-3ebb-4fc7-9007-585428eee4da@group-56E1ABA91A57-FollowerState] INFO  server.RaftServerConfigKeys (ConfUtils.java:logFallback(53)) - raft.server.rpc.first-election.timeout.min = 5s (fallback to raft.server.rpc.timeout.min)
2022-12-23 07:21:56,119 [f9c6c4e6-3ebb-4fc7-9007-585428eee4da@group-56E1ABA91A57-FollowerState] INFO  server.RaftServerConfigKeys (ConfUtils.java:logFallback(53)) - raft.server.rpc.first-election.timeout.max = 5200ms (fallback to raft.server.rpc.timeout.max)
2022-12-23 07:21:56,118 [pool-71-thread-1] INFO  server.RaftServerConfigKeys (ConfUtils.java:logGet(46)) - raft.server.snapshot.auto.trigger.threshold = 10000 (custom)
2022-12-23 07:21:56,119 [pool-71-thread-1] INFO  server.RaftServerConfigKeys (ConfUtils.java:logGet(46)) - raft.server.snapshot.retention.file.num = 5 (custom)
2022-12-23 07:21:56,119 [pool-71-thread-1] INFO  server.RaftServerConfigKeys (ConfUtils.java:logGet(46)) - raft.server.log.purge.upto.snapshot.index = false (default)
2022-12-23 07:21:56,120 [EventQueue-OpenPipelineForHealthyPipelineSafeModeRule] INFO  safemode.SCMSafeModeManager (HealthyPipelineSafeModeRule.java:process(137)) - SCM in safe mode. Healthy pipelines reported count is 0, required healthy pipeline reported count is 1
2022-12-23 07:21:56,128 [EventQueue-CommandQueueReportForCommandQueueReportHandler] WARN  events.EventQueue (EventQueue.java:fireEvent(216)) - No event handler registered for event TypedEvent{payloadType=DatanodeDetails, name='Datanode_Command_Queue_Updated'}
2022-12-23 07:21:56,132 [Command processor thread] INFO  ratis.XceiverServerRatis (XceiverServerRatis.java:addGroup(806)) - Created group PipelineID=715a616b-6671-456f-be7e-56e1aba91a57
2022-12-23 07:21:56,132 [Command processor thread] INFO  commandhandler.CreatePipelineCommandHandler (CreatePipelineCommandHandler.java:handle(113)) - Created Pipeline RATIS ONE PipelineID=715a616b-6671-456f-be7e-56e1aba91a57.
2022-12-23 07:21:56,133 [Command processor thread] INFO  server.RaftServer (RaftServerProxy.java:addNew(96)) - f9c6c4e6-3ebb-4fc7-9007-585428eee4da: addNew group-96398C6C114B:[f9c6c4e6-3ebb-4fc7-9007-585428eee4da|rpc:10.1.0.40:45863|dataStream:10.1.0.40:44515|priority:0|startupRole:FOLLOWER, 534fd103-7cee-4470-a641-897605723ec1|rpc:10.1.0.40:43583|dataStream:10.1.0.40:44545|priority:1|startupRole:FOLLOWER, 27506167-95e6-4797-adb1-1fb01595b454|rpc:10.1.0.40:33237|dataStream:10.1.0.40:46371|priority:0|startupRole:FOLLOWER] returns group-96398C6C114B:java.util.concurrent.CompletableFuture@16b14be6[Not completed]
2022-12-23 07:21:56,135 [pool-71-thread-1] INFO  server.RaftServer$Division (RaftServerImpl.java:<init>(195)) - f9c6c4e6-3ebb-4fc7-9007-585428eee4da: new RaftServerImpl for group-96398C6C114B:[f9c6c4e6-3ebb-4fc7-9007-585428eee4da|rpc:10.1.0.40:45863|dataStream:10.1.0.40:44515|priority:0|startupRole:FOLLOWER, 534fd103-7cee-4470-a641-897605723ec1|rpc:10.1.0.40:43583|dataStream:10.1.0.40:44545|priority:1|startupRole:FOLLOWER, 27506167-95e6-4797-adb1-1fb01595b454|rpc:10.1.0.40:33237|dataStream:10.1.0.40:46371|priority:0|startupRole:FOLLOWER] with ContainerStateMachine:uninitialized
2022-12-23 07:21:56,135 [pool-71-thread-1] INFO  server.RaftServerConfigKeys (ConfUtils.java:logGet(46)) - raft.server.rpc.timeout.min = 5s (custom)
2022-12-23 07:21:56,135 [pool-71-thread-1] INFO  server.RaftServerConfigKeys (ConfUtils.java:logGet(46)) - raft.server.rpc.timeout.max = 5200ms (custom)
2022-12-23 07:21:56,135 [pool-71-thread-1] INFO  server.RaftServerConfigKeys (ConfUtils.java:logGet(46)) - raft.server.rpc.sleep.time = 25ms (default)
2022-12-23 07:21:56,135 [pool-71-thread-1] INFO  server.RaftServerConfigKeys (ConfUtils.java:logGet(46)) - raft.server.rpc.slowness.timeout = 300s (custom)
2022-12-23 07:21:56,135 [pool-71-thread-1] INFO  server.RaftServerConfigKeys (ConfUtils.java:logGet(46)) - raft.server.leaderelection.leader.step-down.wait-time = 10s (default)
2022-12-23 07:21:56,135 [pool-71-thread-1] INFO  server.RaftServerConfigKeys (ConfUtils.java:logGet(46)) - raft.server.sleep.deviation.threshold = 300ms (default)
2022-12-23 07:21:56,135 [pool-71-thread-1] INFO  server.RaftServer$Division (ServerState.java:<init>(118)) - f9c6c4e6-3ebb-4fc7-9007-585428eee4da@group-96398C6C114B: ConfigurationManager, init=-1: peers:[f9c6c4e6-3ebb-4fc7-9007-585428eee4da|rpc:10.1.0.40:45863|dataStream:10.1.0.40:44515|priority:0|startupRole:FOLLOWER, 534fd103-7cee-4470-a641-897605723ec1|rpc:10.1.0.40:43583|dataStream:10.1.0.40:44545|priority:1|startupRole:FOLLOWER, 27506167-95e6-4797-adb1-1fb01595b454|rpc:10.1.0.40:33237|dataStream:10.1.0.40:46371|priority:0|startupRole:FOLLOWER]|listeners:[], old=null, confs=<EMPTY_MAP>
2022-12-23 07:21:56,135 [pool-71-thread-1] INFO  server.RaftServerConfigKeys (ConfUtils.java:logGet(46)) - raft.server.storage.dir = [/home/runner/work/ozone/ozone/hadoop-ozone/integration-test/target/test-dir/MiniOzoneClusterImpl-66463c8b-75bf-445d-aa1e-0d17c384043c/datanode-0/data/ratis] (custom)
2022-12-23 07:21:56,136 [pool-71-thread-1] INFO  server.RaftServerConfigKeys (ConfUtils.java:logGet(46)) - raft.server.log.corruption.policy = EXCEPTION (default)
2022-12-23 07:21:56,136 [pool-71-thread-1] INFO  server.RaftServerConfigKeys (ConfUtils.java:logGet(46)) - raft.server.storage.free-space.min = 0MB (=0) (default)
2022-12-23 07:21:56,136 [pool-71-thread-1] INFO  server.RaftServerConfigKeys (ConfUtils.java:logGet(46)) - raft.server.notification.no-leader.timeout = 300s (custom)
2022-12-23 07:21:56,136 [pool-71-thread-1] INFO  server.RaftServerConfigKeys (ConfUtils.java:logGet(46)) - raft.server.retrycache.expirytime = 600000ms (custom)
2022-12-23 07:21:56,136 [pool-71-thread-1] INFO  server.RaftServerConfigKeys (ConfUtils.java:logGet(46)) - raft.server.retrycache.statistics.expirytime = 100μs (default)
2022-12-23 07:21:56,138 [pool-71-thread-1] INFO  server.RaftServerConfigKeys (ConfUtils.java:logGet(46)) - raft.server.log.appender.install.snapshot.enabled = false (custom)
2022-12-23 07:21:56,138 [pool-71-thread-1] INFO  server.RaftServerConfigKeys (ConfUtils.java:logGet(46)) - raft.server.threadpool.server.cached = true (default)
2022-12-23 07:21:56,138 [pool-71-thread-1] INFO  server.RaftServerConfigKeys (ConfUtils.java:logGet(46)) - raft.server.threadpool.server.size = 0 (default)
2022-12-23 07:21:56,138 [pool-71-thread-1] INFO  server.RaftServerConfigKeys (ConfUtils.java:logGet(46)) - raft.server.threadpool.client.cached = true (default)
2022-12-23 07:21:56,138 [pool-71-thread-1] INFO  server.RaftServerConfigKeys (ConfUtils.java:logGet(46)) - raft.server.threadpool.client.size = 0 (default)
2022-12-23 07:21:56,138 [pool-71-thread-1] INFO  storage.RaftStorageDirectory (RaftStorageDirectoryImpl.java:analyzeStorage(137)) - The storage directory /home/runner/work/ozone/ozone/hadoop-ozone/integration-test/target/test-dir/MiniOzoneClusterImpl-66463c8b-75bf-445d-aa1e-0d17c384043c/datanode-0/data/ratis/56e6365e-3db3-4c19-a3de-96398c6c114b does not exist. Creating ...
2022-12-23 07:21:56,141 [pool-71-thread-1] INFO  storage.RaftStorageDirectory (RaftStorageDirectoryImpl.java:tryLock(231)) - Lock on /home/runner/work/ozone/ozone/hadoop-ozone/integration-test/target/test-dir/MiniOzoneClusterImpl-66463c8b-75bf-445d-aa1e-0d17c384043c/datanode-0/data/ratis/56e6365e-3db3-4c19-a3de-96398c6c114b/in_use.lock acquired by nodename 81300@fv-az505-480
2022-12-23 07:21:56,142 [pool-71-thread-1] INFO  storage.RaftStorage (RaftStorageImpl.java:format(96)) - Storage directory /home/runner/work/ozone/ozone/hadoop-ozone/integration-test/target/test-dir/MiniOzoneClusterImpl-66463c8b-75bf-445d-aa1e-0d17c384043c/datanode-0/data/ratis/56e6365e-3db3-4c19-a3de-96398c6c114b has been successfully formatted.
2022-12-23 07:21:56,143 [pool-71-thread-1] INFO  ratis.ContainerStateMachine (ContainerStateMachine.java:loadSnapshot(240)) - group-96398C6C114B: The snapshot info is null. Setting the last applied indexto:(t:0, i:~)
2022-12-23 07:21:56,143 [pool-71-thread-1] INFO  server.RaftServerConfigKeys (ConfUtils.java:logGet(46)) - raft.server.log.use.memory = false (default)
2022-12-23 07:21:56,143 [pool-71-thread-1] INFO  server.RaftServerConfigKeys (ConfUtils.java:logGet(46)) - raft.server.log.purge.gap = 1000000 (custom)
2022-12-23 07:21:56,143 [pool-71-thread-1] INFO  server.RaftServerConfigKeys (ConfUtils.java:logGet(46)) - raft.server.log.appender.buffer.byte-limit = 33554432 (custom)
2022-12-23 07:21:56,143 [pool-71-thread-1] INFO  server.RaftServerConfigKeys (ConfUtils.java:logGet(46)) - raft.server.log.statemachine.data.read.timeout = 1000ms (default)
2022-12-23 07:21:56,143 [pool-71-thread-1] INFO  server.RaftServerConfigKeys (ConfUtils.java:logGet(46)) - raft.server.log.purge.preservation.log.num = 0 (default)
2022-12-23 07:21:56,150 [EventQueue-CommandQueueReportForCommandQueueReportHandler] WARN  events.EventQueue (EventQueue.java:fireEvent(216)) - No event handler registered for event TypedEvent{payloadType=DatanodeDetails, name='Datanode_Command_Queue_Updated'}
2022-12-23 07:21:56,150 [EventQueue-OpenPipelineForHealthyPipelineSafeModeRule] INFO  safemode.SCMSafeModeManager (HealthyPipelineSafeModeRule.java:process(137)) - SCM in safe mode. Healthy pipelines reported count is 0, required healthy pipeline reported count is 1
2022-12-23 07:21:56,151 [pool-71-thread-1] INFO  server.RaftServerConfigKeys (ConfUtils.java:logGet(46)) - raft.server.log.segment.size.max = 1048576 (custom)
2022-12-23 07:21:56,154 [pool-71-thread-1] INFO  server.RaftServerConfigKeys (ConfUtils.java:logGet(46)) - raft.server.log.segment.cache.num.max = 2 (custom)
2022-12-23 07:21:56,154 [pool-71-thread-1] INFO  server.RaftServerConfigKeys (ConfUtils.java:logGet(46)) - raft.server.log.segment.cache.size.max = 200MB (=209715200) (default)
2022-12-23 07:21:56,154 [pool-71-thread-1] INFO  segmented.SegmentedRaftLogWorker (SegmentedRaftLogWorker.java:<init>(189)) - new f9c6c4e6-3ebb-4fc7-9007-585428eee4da@group-96398C6C114B-SegmentedRaftLogWorker for RaftStorageImpl:Storage Directory /home/runner/work/ozone/ozone/hadoop-ozone/integration-test/target/test-dir/MiniOzoneClusterImpl-66463c8b-75bf-445d-aa1e-0d17c384043c/datanode-0/data/ratis/56e6365e-3db3-4c19-a3de-96398c6c114b
2022-12-23 07:21:56,154 [pool-71-thread-1] INFO  server.RaftServerConfigKeys (ConfUtils.java:logGet(46)) - raft.server.log.queue.byte-limit = 4294967296 (custom)
2022-12-23 07:21:56,154 [pool-71-thread-1] INFO  server.RaftServerConfigKeys (ConfUtils.java:logGet(46)) - raft.server.log.queue.element-limit = 1024 (custom)
2022-12-23 07:21:56,154 [pool-71-thread-1] INFO  server.RaftServerConfigKeys (ConfUtils.java:logGet(46)) - raft.server.log.segment.size.max = 1048576 (custom)
2022-12-23 07:21:56,154 [pool-71-thread-1] INFO  server.RaftServerConfigKeys (ConfUtils.java:logGet(46)) - raft.server.log.preallocated.size = 16384 (custom)
2022-12-23 07:21:56,154 [pool-71-thread-1] INFO  server.RaftServerConfigKeys (ConfUtils.java:logGet(46)) - raft.server.log.force.sync.num = 128 (default)
2022-12-23 07:21:56,154 [pool-71-thread-1] INFO  server.RaftServerConfigKeys (ConfUtils.java:logGet(46)) - raft.server.log.statemachine.data.sync = true (default)
2022-12-23 07:21:56,154 [pool-71-thread-1] INFO  server.RaftServerConfigKeys (ConfUtils.java:logGet(46)) - raft.server.log.statemachine.data.sync.timeout = 10s (default)
2022-12-23 07:21:56,154 [pool-71-thread-1] INFO  server.RaftServerConfigKeys (ConfUtils.java:logGet(46)) - raft.server.log.statemachine.data.sync.timeout.retry = -1 (default)
2022-12-23 07:21:56,156 [pool-71-thread-1] INFO  server.RaftServerConfigKeys (ConfUtils.java:logGet(46)) - raft.server.log.write.buffer.size = 1048576 (custom)
2022-12-23 07:21:56,156 [pool-71-thread-1] INFO  server.RaftServerConfigKeys (ConfUtils.java:logGet(46)) - raft.server.log.appender.buffer.byte-limit = 33554432 (custom)
2022-12-23 07:21:56,162 [pool-71-thread-1] INFO  server.RaftServerConfigKeys (ConfUtils.java:logGet(46)) - raft.server.log.unsafe-flush.enabled = false (default)
2022-12-23 07:21:56,162 [pool-71-thread-1] INFO  server.RaftServerConfigKeys (ConfUtils.java:logGet(46)) - raft.server.log.async-flush.enabled = false (default)
2022-12-23 07:21:56,162 [pool-71-thread-1] INFO  server.RaftServerConfigKeys (ConfUtils.java:logGet(46)) - raft.server.log.statemachine.data.caching.enabled = true (custom)
2022-12-23 07:21:56,162 [pool-71-thread-1] INFO  segmented.SegmentedRaftLogWorker (SegmentedRaftLogWorker.java:lambda$new$0(135)) - f9c6c4e6-3ebb-4fc7-9007-585428eee4da@group-96398C6C114B-SegmentedRaftLogWorker: flushIndex: setUnconditionally 0 -> -1
2022-12-23 07:21:56,162 [pool-71-thread-1] INFO  segmented.SegmentedRaftLogWorker (SegmentedRaftLogWorker.java:lambda$new$0(135)) - f9c6c4e6-3ebb-4fc7-9007-585428eee4da@group-96398C6C114B-SegmentedRaftLogWorker: safeCacheEvictIndex: setUnconditionally 0 -> -1
2022-12-23 07:21:56,162 [pool-71-thread-1] INFO  server.RaftServer$Division (RaftServerImpl.java:start(334)) - f9c6c4e6-3ebb-4fc7-9007-585428eee4da@group-96398C6C114B: start as a follower, conf=-1: peers:[f9c6c4e6-3ebb-4fc7-9007-585428eee4da|rpc:10.1.0.40:45863|dataStream:10.1.0.40:44515|priority:0|startupRole:FOLLOWER, 534fd103-7cee-4470-a641-897605723ec1|rpc:10.1.0.40:43583|dataStream:10.1.0.40:44545|priority:1|startupRole:FOLLOWER, 27506167-95e6-4797-adb1-1fb01595b454|rpc:10.1.0.40:33237|dataStream:10.1.0.40:46371|priority:0|startupRole:FOLLOWER]|listeners:[], old=null
2022-12-23 07:21:56,163 [pool-71-thread-1] INFO  server.RaftServer$Division (RaftServerImpl.java:setRole(321)) - f9c6c4e6-3ebb-4fc7-9007-585428eee4da@group-96398C6C114B: changes role from      null to FOLLOWER at term 0 for startAsFollower
2022-12-23 07:21:56,163 [pool-71-thread-1] INFO  impl.RoleInfo (RoleInfo.java:updateAndGet(139)) - f9c6c4e6-3ebb-4fc7-9007-585428eee4da: start f9c6c4e6-3ebb-4fc7-9007-585428eee4da@group-96398C6C114B-FollowerState
2022-12-23 07:21:56,165 [pool-71-thread-1] INFO  util.JmxRegister (JmxRegister.java:tryRegister(44)) - Successfully registered JMX Bean with object name Ratis:service=RaftServer,group=group-96398C6C114B,id=f9c6c4e6-3ebb-4fc7-9007-585428eee4da
2022-12-23 07:21:56,165 [pool-71-thread-1] INFO  server.RaftServerConfigKeys (ConfUtils.java:logGet(46)) - raft.server.snapshot.auto.trigger.enabled = true (custom)
2022-12-23 07:21:56,165 [pool-71-thread-1] INFO  server.RaftServerConfigKeys (ConfUtils.java:logGet(46)) - raft.server.snapshot.auto.trigger.threshold = 10000 (custom)
2022-12-23 07:21:56,165 [pool-71-thread-1] INFO  server.RaftServerConfigKeys (ConfUtils.java:logGet(46)) - raft.server.snapshot.retention.file.num = 5 (custom)
2022-12-23 07:21:56,165 [pool-71-thread-1] INFO  server.RaftServerConfigKeys (ConfUtils.java:logGet(46)) - raft.server.log.purge.upto.snapshot.index = false (default)
2022-12-23 07:21:56,166 [f9c6c4e6-3ebb-4fc7-9007-585428eee4da@group-96398C6C114B-FollowerState] INFO  server.RaftServerConfigKeys (ConfUtils.java:logFallback(53)) - raft.server.rpc.first-election.timeout.min = 5s (fallback to raft.server.rpc.timeout.min)
2022-12-23 07:21:56,167 [Command processor thread] INFO  ratis.XceiverServerRatis (XceiverServerRatis.java:addGroup(806)) - Created group PipelineID=56e6365e-3db3-4c19-a3de-96398c6c114b
2022-12-23 07:21:56,172 [f9c6c4e6-3ebb-4fc7-9007-585428eee4da@group-96398C6C114B-FollowerState] INFO  server.RaftServerConfigKeys (ConfUtils.java:logFallback(53)) - raft.server.rpc.first-election.timeout.max = 5200ms (fallback to raft.server.rpc.timeout.max)
2022-12-23 07:21:56,602 [JvmPauseMonitor0] WARN  util.JvmPauseMonitor (JvmPauseMonitor.java:detectPause(126)) - JvmPauseMonitor-om1: Detected pause in JVM or host machine (eg GC): pause of approximately 102838080ns.
GC pool 'PS MarkSweep' had collection(s): count=1 time=131ms
GC pool 'PS Scavenge' had collection(s): count=1 time=50ms
2022-12-23 07:21:56,754 [EventQueue-CommandQueueReportForCommandQueueReportHandler] WARN  events.EventQueue (EventQueue.java:fireEvent(216)) - No event handler registered for event TypedEvent{payloadType=DatanodeDetails, name='Datanode_Command_Queue_Updated'}
2022-12-23 07:21:56,754 [Command processor thread] INFO  server.RaftServer (RaftServerProxy.java:addNew(96)) - 534fd103-7cee-4470-a641-897605723ec1: addNew group-1B9CCF72A085:[534fd103-7cee-4470-a641-897605723ec1|rpc:10.1.0.40:43583|dataStream:10.1.0.40:44545|priority:1|startupRole:FOLLOWER] returns group-1B9CCF72A085:java.util.concurrent.CompletableFuture@7992425d[Not completed]
2022-12-23 07:21:56,756 [pool-94-thread-1] INFO  server.RaftServer$Division (RaftServerImpl.java:<init>(195)) - 534fd103-7cee-4470-a641-897605723ec1: new RaftServerImpl for group-1B9CCF72A085:[534fd103-7cee-4470-a641-897605723ec1|rpc:10.1.0.40:43583|dataStream:10.1.0.40:44545|priority:1|startupRole:FOLLOWER] with ContainerStateMachine:uninitialized
2022-12-23 07:21:56,756 [pool-94-thread-1] INFO  server.RaftServerConfigKeys (ConfUtils.java:logGet(46)) - raft.server.rpc.timeout.min = 5s (custom)
2022-12-23 07:21:56,757 [pool-94-thread-1] INFO  server.RaftServerConfigKeys (ConfUtils.java:logGet(46)) - raft.server.rpc.timeout.max = 5200ms (custom)
2022-12-23 07:21:56,757 [pool-94-thread-1] INFO  server.RaftServerConfigKeys (ConfUtils.java:logGet(46)) - raft.server.rpc.sleep.time = 25ms (default)
2022-12-23 07:21:56,757 [pool-94-thread-1] INFO  server.RaftServerConfigKeys (ConfUtils.java:logGet(46)) - raft.server.rpc.slowness.timeout = 300s (custom)
2022-12-23 07:21:56,757 [pool-94-thread-1] INFO  server.RaftServerConfigKeys (ConfUtils.java:logGet(46)) - raft.server.leaderelection.leader.step-down.wait-time = 10s (default)
2022-12-23 07:21:56,757 [pool-94-thread-1] INFO  server.RaftServerConfigKeys (ConfUtils.java:logGet(46)) - raft.server.sleep.deviation.threshold = 300ms (default)
2022-12-23 07:21:56,757 [pool-94-thread-1] INFO  server.RaftServer$Division (ServerState.java:<init>(118)) - 534fd103-7cee-4470-a641-897605723ec1@group-1B9CCF72A085: ConfigurationManager, init=-1: peers:[534fd103-7cee-4470-a641-897605723ec1|rpc:10.1.0.40:43583|dataStream:10.1.0.40:44545|priority:1|startupRole:FOLLOWER]|listeners:[], old=null, confs=<EMPTY_MAP>
2022-12-23 07:21:56,757 [pool-94-thread-1] INFO  server.RaftServerConfigKeys (ConfUtils.java:logGet(46)) - raft.server.storage.dir = [/home/runner/work/ozone/ozone/hadoop-ozone/integration-test/target/test-dir/MiniOzoneClusterImpl-66463c8b-75bf-445d-aa1e-0d17c384043c/datanode-1/data/ratis] (custom)
2022-12-23 07:21:56,757 [pool-94-thread-1] INFO  server.RaftServerConfigKeys (ConfUtils.java:logGet(46)) - raft.server.log.corruption.policy = EXCEPTION (default)
2022-12-23 07:21:56,757 [pool-94-thread-1] INFO  server.RaftServerConfigKeys (ConfUtils.java:logGet(46)) - raft.server.storage.free-space.min = 0MB (=0) (default)
2022-12-23 07:21:56,757 [pool-94-thread-1] INFO  server.RaftServerConfigKeys (ConfUtils.java:logGet(46)) - raft.server.notification.no-leader.timeout = 300s (custom)
2022-12-23 07:21:56,757 [pool-94-thread-1] INFO  server.RaftServerConfigKeys (ConfUtils.java:logGet(46)) - raft.server.retrycache.expirytime = 600000ms (custom)
2022-12-23 07:21:56,757 [pool-94-thread-1] INFO  server.RaftServerConfigKeys (ConfUtils.java:logGet(46)) - raft.server.retrycache.statistics.expirytime = 100μs (default)
2022-12-23 07:21:56,759 [pool-94-thread-1] INFO  server.RaftServerConfigKeys (ConfUtils.java:logGet(46)) - raft.server.log.appender.install.snapshot.enabled = false (custom)
2022-12-23 07:21:56,759 [pool-94-thread-1] INFO  server.RaftServerConfigKeys (ConfUtils.java:logGet(46)) - raft.server.threadpool.server.cached = true (default)
2022-12-23 07:21:56,759 [pool-94-thread-1] INFO  server.RaftServerConfigKeys (ConfUtils.java:logGet(46)) - raft.server.threadpool.server.size = 0 (default)
2022-12-23 07:21:56,759 [pool-94-thread-1] INFO  server.RaftServerConfigKeys (ConfUtils.java:logGet(46)) - raft.server.threadpool.client.cached = true (default)
2022-12-23 07:21:56,759 [pool-94-thread-1] INFO  server.RaftServerConfigKeys (ConfUtils.java:logGet(46)) - raft.server.threadpool.client.size = 0 (default)
2022-12-23 07:21:56,759 [pool-94-thread-1] INFO  storage.RaftStorageDirectory (RaftStorageDirectoryImpl.java:analyzeStorage(137)) - The storage directory /home/runner/work/ozone/ozone/hadoop-ozone/integration-test/target/test-dir/MiniOzoneClusterImpl-66463c8b-75bf-445d-aa1e-0d17c384043c/datanode-1/data/ratis/598e22c2-f36e-495a-a5d2-1b9ccf72a085 does not exist. Creating ...
2022-12-23 07:21:56,763 [pool-94-thread-1] INFO  storage.RaftStorageDirectory (RaftStorageDirectoryImpl.java:tryLock(231)) - Lock on /home/runner/work/ozone/ozone/hadoop-ozone/integration-test/target/test-dir/MiniOzoneClusterImpl-66463c8b-75bf-445d-aa1e-0d17c384043c/datanode-1/data/ratis/598e22c2-f36e-495a-a5d2-1b9ccf72a085/in_use.lock acquired by nodename 81300@fv-az505-480
2022-12-23 07:21:56,767 [pool-94-thread-1] INFO  storage.RaftStorage (RaftStorageImpl.java:format(96)) - Storage directory /home/runner/work/ozone/ozone/hadoop-ozone/integration-test/target/test-dir/MiniOzoneClusterImpl-66463c8b-75bf-445d-aa1e-0d17c384043c/datanode-1/data/ratis/598e22c2-f36e-495a-a5d2-1b9ccf72a085 has been successfully formatted.
2022-12-23 07:21:56,768 [pool-94-thread-1] INFO  ratis.ContainerStateMachine (ContainerStateMachine.java:loadSnapshot(240)) - group-1B9CCF72A085: The snapshot info is null. Setting the last applied indexto:(t:0, i:~)
2022-12-23 07:21:56,771 [pool-94-thread-1] INFO  server.RaftServerConfigKeys (ConfUtils.java:logGet(46)) - raft.server.log.use.memory = false (default)
2022-12-23 07:21:56,771 [pool-94-thread-1] INFO  server.RaftServerConfigKeys (ConfUtils.java:logGet(46)) - raft.server.log.purge.gap = 1000000 (custom)
2022-12-23 07:21:56,771 [pool-94-thread-1] INFO  server.RaftServerConfigKeys (ConfUtils.java:logGet(46)) - raft.server.log.appender.buffer.byte-limit = 33554432 (custom)
2022-12-23 07:21:56,771 [pool-94-thread-1] INFO  server.RaftServerConfigKeys (ConfUtils.java:logGet(46)) - raft.server.log.statemachine.data.read.timeout = 1000ms (default)
2022-12-23 07:21:56,771 [pool-94-thread-1] INFO  server.RaftServerConfigKeys (ConfUtils.java:logGet(46)) - raft.server.log.purge.preservation.log.num = 0 (default)
2022-12-23 07:21:56,771 [EventQueue-CommandQueueReportForCommandQueueReportHandler] WARN  events.EventQueue (EventQueue.java:fireEvent(216)) - No event handler registered for event TypedEvent{payloadType=DatanodeDetails, name='Datanode_Command_Queue_Updated'}
2022-12-23 07:21:56,772 [pool-94-thread-1] INFO  server.RaftServerConfigKeys (ConfUtils.java:logGet(46)) - raft.server.log.segment.size.max = 1048576 (custom)
2022-12-23 07:21:56,772 [EventQueue-PipelineReportForPipelineReportHandler] INFO  pipeline.PipelineManagerImpl (PipelineManagerImpl.java:openPipeline(367)) - Pipeline Pipeline[ Id: 598e22c2-f36e-495a-a5d2-1b9ccf72a085, Nodes: 534fd103-7cee-4470-a641-897605723ec1{ip: 10.1.0.40, host: fv-az505-480.g2e1luzo1moefklhgra4trf2va.dx.internal.cloudapp.net, ports: [REPLICATION=43841, RATIS=43583, RATIS_ADMIN=43583, RATIS_SERVER=43583, RATIS_DATASTREAM=44545, STANDALONE=39673], networkLocation: /default-rack, certSerialId: null, persistedOpState: IN_SERVICE, persistedOpStateExpiryEpochSec: 0}, ReplicationConfig: RATIS/ONE, State:ALLOCATED, leaderId:534fd103-7cee-4470-a641-897605723ec1, CreationTimestamp2022-12-23T07:21:53.760Z[Etc/UTC]] moved to OPEN state
2022-12-23 07:21:56,772 [pool-94-thread-1] INFO  server.RaftServerConfigKeys (ConfUtils.java:logGet(46)) - raft.server.log.segment.cache.num.max = 2 (custom)
2022-12-23 07:21:56,773 [pool-94-thread-1] INFO  server.RaftServerConfigKeys (ConfUtils.java:logGet(46)) - raft.server.log.segment.cache.size.max = 200MB (=209715200) (default)
2022-12-23 07:21:56,773 [EventQueue-OpenPipelineForHealthyPipelineSafeModeRule] INFO  safemode.SCMSafeModeManager (HealthyPipelineSafeModeRule.java:process(137)) - SCM in safe mode. Healthy pipelines reported count is 0, required healthy pipeline reported count is 1
2022-12-23 07:21:56,773 [pool-94-thread-1] INFO  segmented.SegmentedRaftLogWorker (SegmentedRaftLogWorker.java:<init>(189)) - new 534fd103-7cee-4470-a641-897605723ec1@group-1B9CCF72A085-SegmentedRaftLogWorker for RaftStorageImpl:Storage Directory /home/runner/work/ozone/ozone/hadoop-ozone/integration-test/target/test-dir/MiniOzoneClusterImpl-66463c8b-75bf-445d-aa1e-0d17c384043c/datanode-1/data/ratis/598e22c2-f36e-495a-a5d2-1b9ccf72a085
2022-12-23 07:21:56,777 [pool-94-thread-1] INFO  server.RaftServerConfigKeys (ConfUtils.java:logGet(46)) - raft.server.log.queue.byte-limit = 4294967296 (custom)
2022-12-23 07:21:56,778 [pool-94-thread-1] INFO  server.RaftServerConfigKeys (ConfUtils.java:logGet(46)) - raft.server.log.queue.element-limit = 1024 (custom)
2022-12-23 07:21:56,778 [pool-94-thread-1] INFO  server.RaftServerConfigKeys (ConfUtils.java:logGet(46)) - raft.server.log.segment.size.max = 1048576 (custom)
2022-12-23 07:21:56,780 [pool-94-thread-1] INFO  server.RaftServerConfigKeys (ConfUtils.java:logGet(46)) - raft.server.log.preallocated.size = 16384 (custom)
2022-12-23 07:21:56,780 [pool-94-thread-1] INFO  server.RaftServerConfigKeys (ConfUtils.java:logGet(46)) - raft.server.log.force.sync.num = 128 (default)
2022-12-23 07:21:56,780 [pool-94-thread-1] INFO  server.RaftServerConfigKeys (ConfUtils.java:logGet(46)) - raft.server.log.statemachine.data.sync = true (default)
2022-12-23 07:21:56,780 [pool-94-thread-1] INFO  server.RaftServerConfigKeys (ConfUtils.java:logGet(46)) - raft.server.log.statemachine.data.sync.timeout = 10s (default)
2022-12-23 07:21:56,780 [pool-94-thread-1] INFO  server.RaftServerConfigKeys (ConfUtils.java:logGet(46)) - raft.server.log.statemachine.data.sync.timeout.retry = -1 (default)
2022-12-23 07:21:56,782 [pool-94-thread-1] INFO  server.RaftServerConfigKeys (ConfUtils.java:logGet(46)) - raft.server.log.write.buffer.size = 1048576 (custom)
2022-12-23 07:21:56,783 [pool-94-thread-1] INFO  server.RaftServerConfigKeys (ConfUtils.java:logGet(46)) - raft.server.log.appender.buffer.byte-limit = 33554432 (custom)
2022-12-23 07:21:56,788 [pool-94-thread-1] INFO  server.RaftServerConfigKeys (ConfUtils.java:logGet(46)) - raft.server.log.unsafe-flush.enabled = false (default)
2022-12-23 07:21:56,788 [pool-94-thread-1] INFO  server.RaftServerConfigKeys (ConfUtils.java:logGet(46)) - raft.server.log.async-flush.enabled = false (default)
2022-12-23 07:21:56,788 [pool-94-thread-1] INFO  server.RaftServerConfigKeys (ConfUtils.java:logGet(46)) - raft.server.log.statemachine.data.caching.enabled = true (custom)
2022-12-23 07:21:56,789 [pool-94-thread-1] INFO  segmented.SegmentedRaftLogWorker (SegmentedRaftLogWorker.java:lambda$new$0(135)) - 534fd103-7cee-4470-a641-897605723ec1@group-1B9CCF72A085-SegmentedRaftLogWorker: flushIndex: setUnconditionally 0 -> -1
2022-12-23 07:21:56,789 [pool-94-thread-1] INFO  segmented.SegmentedRaftLogWorker (SegmentedRaftLogWorker.java:lambda$new$0(135)) - 534fd103-7cee-4470-a641-897605723ec1@group-1B9CCF72A085-SegmentedRaftLogWorker: safeCacheEvictIndex: setUnconditionally 0 -> -1
2022-12-23 07:21:56,789 [pool-94-thread-1] INFO  server.RaftServer$Division (RaftServerImpl.java:start(334)) - 534fd103-7cee-4470-a641-897605723ec1@group-1B9CCF72A085: start as a follower, conf=-1: peers:[534fd103-7cee-4470-a641-897605723ec1|rpc:10.1.0.40:43583|dataStream:10.1.0.40:44545|priority:1|startupRole:FOLLOWER]|listeners:[], old=null
2022-12-23 07:21:56,789 [pool-94-thread-1] INFO  server.RaftServer$Division (RaftServerImpl.java:setRole(321)) - 534fd103-7cee-4470-a641-897605723ec1@group-1B9CCF72A085: changes role from      null to FOLLOWER at term 0 for startAsFollower
2022-12-23 07:21:56,789 [pool-94-thread-1] INFO  impl.RoleInfo (RoleInfo.java:updateAndGet(139)) - 534fd103-7cee-4470-a641-897605723ec1: start 534fd103-7cee-4470-a641-897605723ec1@group-1B9CCF72A085-FollowerState
2022-12-23 07:21:56,793 [pool-94-thread-1] INFO  util.JmxRegister (JmxRegister.java:tryRegister(44)) - Successfully registered JMX Bean with object name Ratis:service=RaftServer,group=group-1B9CCF72A085,id=534fd103-7cee-4470-a641-897605723ec1
2022-12-23 07:21:56,793 [pool-94-thread-1] INFO  server.RaftServerConfigKeys (ConfUtils.java:logGet(46)) - raft.server.snapshot.auto.trigger.enabled = true (custom)
2022-12-23 07:21:56,793 [pool-94-thread-1] INFO  server.RaftServerConfigKeys (ConfUtils.java:logGet(46)) - raft.server.snapshot.auto.trigger.threshold = 10000 (custom)
2022-12-23 07:21:56,793 [pool-94-thread-1] INFO  server.RaftServerConfigKeys (ConfUtils.java:logGet(46)) - raft.server.snapshot.retention.file.num = 5 (custom)
2022-12-23 07:21:56,794 [pool-94-thread-1] INFO  server.RaftServerConfigKeys (ConfUtils.java:logGet(46)) - raft.server.log.purge.upto.snapshot.index = false (default)
2022-12-23 07:21:56,797 [Command processor thread] INFO  ratis.XceiverServerRatis (XceiverServerRatis.java:addGroup(806)) - Created group PipelineID=598e22c2-f36e-495a-a5d2-1b9ccf72a085
2022-12-23 07:21:56,797 [Command processor thread] INFO  commandhandler.CreatePipelineCommandHandler (CreatePipelineCommandHandler.java:handle(113)) - Created Pipeline RATIS ONE PipelineID=598e22c2-f36e-495a-a5d2-1b9ccf72a085.
2022-12-23 07:21:56,798 [Command processor thread] INFO  server.RaftServer (RaftServerProxy.java:addNew(96)) - 534fd103-7cee-4470-a641-897605723ec1: addNew group-96398C6C114B:[f9c6c4e6-3ebb-4fc7-9007-585428eee4da|rpc:10.1.0.40:45863|dataStream:10.1.0.40:44515|priority:0|startupRole:FOLLOWER, 534fd103-7cee-4470-a641-897605723ec1|rpc:10.1.0.40:43583|dataStream:10.1.0.40:44545|priority:1|startupRole:FOLLOWER, 27506167-95e6-4797-adb1-1fb01595b454|rpc:10.1.0.40:33237|dataStream:10.1.0.40:46371|priority:0|startupRole:FOLLOWER] returns group-96398C6C114B:java.util.concurrent.CompletableFuture@7dadc9b7[Not completed]
2022-12-23 07:21:56,799 [pool-94-thread-1] INFO  server.RaftServer$Division (RaftServerImpl.java:<init>(195)) - 534fd103-7cee-4470-a641-897605723ec1: new RaftServerImpl for group-96398C6C114B:[f9c6c4e6-3ebb-4fc7-9007-585428eee4da|rpc:10.1.0.40:45863|dataStream:10.1.0.40:44515|priority:0|startupRole:FOLLOWER, 534fd103-7cee-4470-a641-897605723ec1|rpc:10.1.0.40:43583|dataStream:10.1.0.40:44545|priority:1|startupRole:FOLLOWER, 27506167-95e6-4797-adb1-1fb01595b454|rpc:10.1.0.40:33237|dataStream:10.1.0.40:46371|priority:0|startupRole:FOLLOWER] with ContainerStateMachine:uninitialized
2022-12-23 07:21:56,799 [pool-94-thread-1] INFO  server.RaftServerConfigKeys (ConfUtils.java:logGet(46)) - raft.server.rpc.timeout.min = 5s (custom)
2022-12-23 07:21:56,799 [pool-94-thread-1] INFO  server.RaftServerConfigKeys (ConfUtils.java:logGet(46)) - raft.server.rpc.timeout.max = 5200ms (custom)
2022-12-23 07:21:56,799 [pool-94-thread-1] INFO  server.RaftServerConfigKeys (ConfUtils.java:logGet(46)) - raft.server.rpc.sleep.time = 25ms (default)
2022-12-23 07:21:56,799 [pool-94-thread-1] INFO  server.RaftServerConfigKeys (ConfUtils.java:logGet(46)) - raft.server.rpc.slowness.timeout = 300s (custom)
2022-12-23 07:21:56,800 [pool-94-thread-1] INFO  server.RaftServerConfigKeys (ConfUtils.java:logGet(46)) - raft.server.leaderelection.leader.step-down.wait-time = 10s (default)
2022-12-23 07:21:56,800 [pool-94-thread-1] INFO  server.RaftServerConfigKeys (ConfUtils.java:logGet(46)) - raft.server.sleep.deviation.threshold = 300ms (default)
2022-12-23 07:21:56,800 [pool-94-thread-1] INFO  server.RaftServer$Division (ServerState.java:<init>(118)) - 534fd103-7cee-4470-a641-897605723ec1@group-96398C6C114B: ConfigurationManager, init=-1: peers:[f9c6c4e6-3ebb-4fc7-9007-585428eee4da|rpc:10.1.0.40:45863|dataStream:10.1.0.40:44515|priority:0|startupRole:FOLLOWER, 534fd103-7cee-4470-a641-897605723ec1|rpc:10.1.0.40:43583|dataStream:10.1.0.40:44545|priority:1|startupRole:FOLLOWER, 27506167-95e6-4797-adb1-1fb01595b454|rpc:10.1.0.40:33237|dataStream:10.1.0.40:46371|priority:0|startupRole:FOLLOWER]|listeners:[], old=null, confs=<EMPTY_MAP>
2022-12-23 07:21:56,800 [pool-94-thread-1] INFO  server.RaftServerConfigKeys (ConfUtils.java:logGet(46)) - raft.server.storage.dir = [/home/runner/work/ozone/ozone/hadoop-ozone/integration-test/target/test-dir/MiniOzoneClusterImpl-66463c8b-75bf-445d-aa1e-0d17c384043c/datanode-1/data/ratis] (custom)
2022-12-23 07:21:56,800 [pool-94-thread-1] INFO  server.RaftServerConfigKeys (ConfUtils.java:logGet(46)) - raft.server.log.corruption.policy = EXCEPTION (default)
2022-12-23 07:21:56,800 [pool-94-thread-1] INFO  server.RaftServerConfigKeys (ConfUtils.java:logGet(46)) - raft.server.storage.free-space.min = 0MB (=0) (default)
2022-12-23 07:21:56,800 [pool-94-thread-1] INFO  server.RaftServerConfigKeys (ConfUtils.java:logGet(46)) - raft.server.notification.no-leader.timeout = 300s (custom)
2022-12-23 07:21:56,800 [pool-94-thread-1] INFO  server.RaftServerConfigKeys (ConfUtils.java:logGet(46)) - raft.server.retrycache.expirytime = 600000ms (custom)
2022-12-23 07:21:56,801 [pool-94-thread-1] INFO  server.RaftServerConfigKeys (ConfUtils.java:logGet(46)) - raft.server.retrycache.statistics.expirytime = 100μs (default)
2022-12-23 07:21:56,802 [pool-94-thread-1] INFO  server.RaftServerConfigKeys (ConfUtils.java:logGet(46)) - raft.server.log.appender.install.snapshot.enabled = false (custom)
2022-12-23 07:21:56,802 [pool-94-thread-1] INFO  server.RaftServerConfigKeys (ConfUtils.java:logGet(46)) - raft.server.threadpool.server.cached = true (default)
2022-12-23 07:21:56,802 [pool-94-thread-1] INFO  server.RaftServerConfigKeys (ConfUtils.java:logGet(46)) - raft.server.threadpool.server.size = 0 (default)
2022-12-23 07:21:56,802 [pool-94-thread-1] INFO  server.RaftServerConfigKeys (ConfUtils.java:logGet(46)) - raft.server.threadpool.client.cached = true (default)
2022-12-23 07:21:56,802 [pool-94-thread-1] INFO  server.RaftServerConfigKeys (ConfUtils.java:logGet(46)) - raft.server.threadpool.client.size = 0 (default)
2022-12-23 07:21:56,803 [534fd103-7cee-4470-a641-897605723ec1@group-1B9CCF72A085-FollowerState] INFO  server.RaftServerConfigKeys (ConfUtils.java:logFallback(53)) - raft.server.rpc.first-election.timeout.min = 5s (fallback to raft.server.rpc.timeout.min)
2022-12-23 07:21:56,806 [534fd103-7cee-4470-a641-897605723ec1@group-1B9CCF72A085-FollowerState] INFO  server.RaftServerConfigKeys (ConfUtils.java:logFallback(53)) - raft.server.rpc.first-election.timeout.max = 5200ms (fallback to raft.server.rpc.timeout.max)
2022-12-23 07:21:56,810 [pool-94-thread-1] INFO  storage.RaftStorageDirectory (RaftStorageDirectoryImpl.java:analyzeStorage(137)) - The storage directory /home/runner/work/ozone/ozone/hadoop-ozone/integration-test/target/test-dir/MiniOzoneClusterImpl-66463c8b-75bf-445d-aa1e-0d17c384043c/datanode-1/data/ratis/56e6365e-3db3-4c19-a3de-96398c6c114b does not exist. Creating ...
2022-12-23 07:21:56,811 [pool-94-thread-1] INFO  storage.RaftStorageDirectory (RaftStorageDirectoryImpl.java:tryLock(231)) - Lock on /home/runner/work/ozone/ozone/hadoop-ozone/integration-test/target/test-dir/MiniOzoneClusterImpl-66463c8b-75bf-445d-aa1e-0d17c384043c/datanode-1/data/ratis/56e6365e-3db3-4c19-a3de-96398c6c114b/in_use.lock acquired by nodename 81300@fv-az505-480
2022-12-23 07:21:56,813 [pool-94-thread-1] INFO  storage.RaftStorage (RaftStorageImpl.java:format(96)) - Storage directory /home/runner/work/ozone/ozone/hadoop-ozone/integration-test/target/test-dir/MiniOzoneClusterImpl-66463c8b-75bf-445d-aa1e-0d17c384043c/datanode-1/data/ratis/56e6365e-3db3-4c19-a3de-96398c6c114b has been successfully formatted.
2022-12-23 07:21:56,813 [pool-94-thread-1] INFO  ratis.ContainerStateMachine (ContainerStateMachine.java:loadSnapshot(240)) - group-96398C6C114B: The snapshot info is null. Setting the last applied indexto:(t:0, i:~)
2022-12-23 07:21:56,813 [pool-94-thread-1] INFO  server.RaftServerConfigKeys (ConfUtils.java:logGet(46)) - raft.server.log.use.memory = false (default)
2022-12-23 07:21:56,814 [pool-94-thread-1] INFO  server.RaftServerConfigKeys (ConfUtils.java:logGet(46)) - raft.server.log.purge.gap = 1000000 (custom)
2022-12-23 07:21:56,814 [pool-94-thread-1] INFO  server.RaftServerConfigKeys (ConfUtils.java:logGet(46)) - raft.server.log.appender.buffer.byte-limit = 33554432 (custom)
2022-12-23 07:21:56,814 [pool-94-thread-1] INFO  server.RaftServerConfigKeys (ConfUtils.java:logGet(46)) - raft.server.log.statemachine.data.read.timeout = 1000ms (default)
2022-12-23 07:21:56,814 [pool-94-thread-1] INFO  server.RaftServerConfigKeys (ConfUtils.java:logGet(46)) - raft.server.log.purge.preservation.log.num = 0 (default)
2022-12-23 07:21:56,819 [pool-94-thread-1] INFO  server.RaftServerConfigKeys (ConfUtils.java:logGet(46)) - raft.server.log.segment.size.max = 1048576 (custom)
2022-12-23 07:21:56,820 [EventQueue-CommandQueueReportForCommandQueueReportHandler] WARN  events.EventQueue (EventQueue.java:fireEvent(216)) - No event handler registered for event TypedEvent{payloadType=DatanodeDetails, name='Datanode_Command_Queue_Updated'}
2022-12-23 07:21:56,820 [EventQueue-OpenPipelineForHealthyPipelineSafeModeRule] INFO  safemode.SCMSafeModeManager (HealthyPipelineSafeModeRule.java:process(137)) - SCM in safe mode. Healthy pipelines reported count is 0, required healthy pipeline reported count is 1
2022-12-23 07:21:56,820 [pool-94-thread-1] INFO  server.RaftServerConfigKeys (ConfUtils.java:logGet(46)) - raft.server.log.segment.cache.num.max = 2 (custom)
2022-12-23 07:21:56,820 [pool-94-thread-1] INFO  server.RaftServerConfigKeys (ConfUtils.java:logGet(46)) - raft.server.log.segment.cache.size.max = 200MB (=209715200) (default)
2022-12-23 07:21:56,820 [pool-94-thread-1] INFO  segmented.SegmentedRaftLogWorker (SegmentedRaftLogWorker.java:<init>(189)) - new 534fd103-7cee-4470-a641-897605723ec1@group-96398C6C114B-SegmentedRaftLogWorker for RaftStorageImpl:Storage Directory /home/runner/work/ozone/ozone/hadoop-ozone/integration-test/target/test-dir/MiniOzoneClusterImpl-66463c8b-75bf-445d-aa1e-0d17c384043c/datanode-1/data/ratis/56e6365e-3db3-4c19-a3de-96398c6c114b
2022-12-23 07:21:56,821 [pool-94-thread-1] INFO  server.RaftServerConfigKeys (ConfUtils.java:logGet(46)) - raft.server.log.queue.byte-limit = 4294967296 (custom)
2022-12-23 07:21:56,821 [pool-94-thread-1] INFO  server.RaftServerConfigKeys (ConfUtils.java:logGet(46)) - raft.server.log.queue.element-limit = 1024 (custom)
2022-12-23 07:21:56,823 [pool-94-thread-1] INFO  server.RaftServerConfigKeys (ConfUtils.java:logGet(46)) - raft.server.log.segment.size.max = 1048576 (custom)
2022-12-23 07:21:56,823 [pool-94-thread-1] INFO  server.RaftServerConfigKeys (ConfUtils.java:logGet(46)) - raft.server.log.preallocated.size = 16384 (custom)
2022-12-23 07:21:56,824 [pool-94-thread-1] INFO  server.RaftServerConfigKeys (ConfUtils.java:logGet(46)) - raft.server.log.force.sync.num = 128 (default)
2022-12-23 07:21:56,824 [pool-94-thread-1] INFO  server.RaftServerConfigKeys (ConfUtils.java:logGet(46)) - raft.server.log.statemachine.data.sync = true (default)
2022-12-23 07:21:56,824 [pool-94-thread-1] INFO  server.RaftServerConfigKeys (ConfUtils.java:logGet(46)) - raft.server.log.statemachine.data.sync.timeout = 10s (default)
2022-12-23 07:21:56,824 [pool-94-thread-1] INFO  server.RaftServerConfigKeys (ConfUtils.java:logGet(46)) - raft.server.log.statemachine.data.sync.timeout.retry = -1 (default)
2022-12-23 07:21:56,829 [pool-94-thread-1] INFO  server.RaftServerConfigKeys (ConfUtils.java:logGet(46)) - raft.server.log.write.buffer.size = 1048576 (custom)
2022-12-23 07:21:56,840 [pool-94-thread-1] INFO  server.RaftServerConfigKeys (ConfUtils.java:logGet(46)) - raft.server.log.appender.buffer.byte-limit = 33554432 (custom)
2022-12-23 07:21:56,846 [pool-94-thread-1] INFO  server.RaftServerConfigKeys (ConfUtils.java:logGet(46)) - raft.server.log.unsafe-flush.enabled = false (default)
2022-12-23 07:21:56,846 [pool-94-thread-1] INFO  server.RaftServerConfigKeys (ConfUtils.java:logGet(46)) - raft.server.log.async-flush.enabled = false (default)
2022-12-23 07:21:56,846 [pool-94-thread-1] INFO  server.RaftServerConfigKeys (ConfUtils.java:logGet(46)) - raft.server.log.statemachine.data.caching.enabled = true (custom)
2022-12-23 07:21:56,846 [pool-94-thread-1] INFO  segmented.SegmentedRaftLogWorker (SegmentedRaftLogWorker.java:lambda$new$0(135)) - 534fd103-7cee-4470-a641-897605723ec1@group-96398C6C114B-SegmentedRaftLogWorker: flushIndex: setUnconditionally 0 -> -1
2022-12-23 07:21:56,846 [pool-94-thread-1] INFO  segmented.SegmentedRaftLogWorker (SegmentedRaftLogWorker.java:lambda$new$0(135)) - 534fd103-7cee-4470-a641-897605723ec1@group-96398C6C114B-SegmentedRaftLogWorker: safeCacheEvictIndex: setUnconditionally 0 -> -1
2022-12-23 07:21:56,851 [pool-94-thread-1] INFO  server.RaftServer$Division (RaftServerImpl.java:start(334)) - 534fd103-7cee-4470-a641-897605723ec1@group-96398C6C114B: start as a follower, conf=-1: peers:[f9c6c4e6-3ebb-4fc7-9007-585428eee4da|rpc:10.1.0.40:45863|dataStream:10.1.0.40:44515|priority:0|startupRole:FOLLOWER, 534fd103-7cee-4470-a641-897605723ec1|rpc:10.1.0.40:43583|dataStream:10.1.0.40:44545|priority:1|startupRole:FOLLOWER, 27506167-95e6-4797-adb1-1fb01595b454|rpc:10.1.0.40:33237|dataStream:10.1.0.40:46371|priority:0|startupRole:FOLLOWER]|listeners:[], old=null
2022-12-23 07:21:56,851 [pool-94-thread-1] INFO  server.RaftServer$Division (RaftServerImpl.java:setRole(321)) - 534fd103-7cee-4470-a641-897605723ec1@group-96398C6C114B: changes role from      null to FOLLOWER at term 0 for startAsFollower
2022-12-23 07:21:56,851 [pool-94-thread-1] INFO  impl.RoleInfo (RoleInfo.java:updateAndGet(139)) - 534fd103-7cee-4470-a641-897605723ec1: start 534fd103-7cee-4470-a641-897605723ec1@group-96398C6C114B-FollowerState
2022-12-23 07:21:56,851 [pool-94-thread-1] INFO  util.JmxRegister (JmxRegister.java:tryRegister(44)) - Successfully registered JMX Bean with object name Ratis:service=RaftServer,group=group-96398C6C114B,id=534fd103-7cee-4470-a641-897605723ec1
2022-12-23 07:21:56,851 [pool-94-thread-1] INFO  server.RaftServerConfigKeys (ConfUtils.java:logGet(46)) - raft.server.snapshot.auto.trigger.enabled = true (custom)
2022-12-23 07:21:56,852 [pool-94-thread-1] INFO  server.RaftServerConfigKeys (ConfUtils.java:logGet(46)) - raft.server.snapshot.auto.trigger.threshold = 10000 (custom)
2022-12-23 07:21:56,852 [pool-94-thread-1] INFO  server.RaftServerConfigKeys (ConfUtils.java:logGet(46)) - raft.server.snapshot.retention.file.num = 5 (custom)
2022-12-23 07:21:56,852 [pool-94-thread-1] INFO  server.RaftServerConfigKeys (ConfUtils.java:logGet(46)) - raft.server.log.purge.upto.snapshot.index = false (default)
2022-12-23 07:21:56,858 [534fd103-7cee-4470-a641-897605723ec1@group-96398C6C114B-FollowerState] INFO  server.RaftServerConfigKeys (ConfUtils.java:logFallback(53)) - raft.server.rpc.first-election.timeout.min = 5s (fallback to raft.server.rpc.timeout.min)
2022-12-23 07:21:56,858 [Command processor thread] INFO  ratis.XceiverServerRatis (XceiverServerRatis.java:addGroup(806)) - Created group PipelineID=56e6365e-3db3-4c19-a3de-96398c6c114b
2022-12-23 07:21:56,866 [534fd103-7cee-4470-a641-897605723ec1@group-96398C6C114B-FollowerState] INFO  server.RaftServerConfigKeys (ConfUtils.java:logFallback(53)) - raft.server.rpc.first-election.timeout.max = 5200ms (fallback to raft.server.rpc.timeout.max)
2022-12-23 07:21:57,020 [grpc-default-executor-0] INFO  server.RaftServer (RaftServerProxy.java:addNew(96)) - 27506167-95e6-4797-adb1-1fb01595b454: addNew group-96398C6C114B:[f9c6c4e6-3ebb-4fc7-9007-585428eee4da|rpc:10.1.0.40:45863|dataStream:10.1.0.40:44515|priority:0|startupRole:FOLLOWER, 534fd103-7cee-4470-a641-897605723ec1|rpc:10.1.0.40:43583|dataStream:10.1.0.40:44545|priority:1|startupRole:FOLLOWER, 27506167-95e6-4797-adb1-1fb01595b454|rpc:10.1.0.40:33237|dataStream:10.1.0.40:46371|priority:0|startupRole:FOLLOWER] returns group-96398C6C114B:java.util.concurrent.CompletableFuture@2b938bbc[Not completed]
2022-12-23 07:21:57,027 [pool-117-thread-1] INFO  server.RaftServer$Division (RaftServerImpl.java:<init>(195)) - 27506167-95e6-4797-adb1-1fb01595b454: new RaftServerImpl for group-96398C6C114B:[f9c6c4e6-3ebb-4fc7-9007-585428eee4da|rpc:10.1.0.40:45863|dataStream:10.1.0.40:44515|priority:0|startupRole:FOLLOWER, 534fd103-7cee-4470-a641-897605723ec1|rpc:10.1.0.40:43583|dataStream:10.1.0.40:44545|priority:1|startupRole:FOLLOWER, 27506167-95e6-4797-adb1-1fb01595b454|rpc:10.1.0.40:33237|dataStream:10.1.0.40:46371|priority:0|startupRole:FOLLOWER] with ContainerStateMachine:uninitialized
2022-12-23 07:21:57,027 [pool-117-thread-1] INFO  server.RaftServerConfigKeys (ConfUtils.java:logGet(46)) - raft.server.rpc.timeout.min = 5s (custom)
2022-12-23 07:21:57,027 [pool-117-thread-1] INFO  server.RaftServerConfigKeys (ConfUtils.java:logGet(46)) - raft.server.rpc.timeout.max = 5200ms (custom)
2022-12-23 07:21:57,028 [pool-117-thread-1] INFO  server.RaftServerConfigKeys (ConfUtils.java:logGet(46)) - raft.server.rpc.sleep.time = 25ms (default)
2022-12-23 07:21:57,028 [pool-117-thread-1] INFO  server.RaftServerConfigKeys (ConfUtils.java:logGet(46)) - raft.server.rpc.slowness.timeout = 300s (custom)
2022-12-23 07:21:57,028 [pool-117-thread-1] INFO  server.RaftServerConfigKeys (ConfUtils.java:logGet(46)) - raft.server.leaderelection.leader.step-down.wait-time = 10s (default)
2022-12-23 07:21:57,028 [pool-117-thread-1] INFO  server.RaftServerConfigKeys (ConfUtils.java:logGet(46)) - raft.server.sleep.deviation.threshold = 300ms (default)
2022-12-23 07:21:57,029 [pool-117-thread-1] INFO  server.RaftServer$Division (ServerState.java:<init>(118)) - 27506167-95e6-4797-adb1-1fb01595b454@group-96398C6C114B: ConfigurationManager, init=-1: peers:[f9c6c4e6-3ebb-4fc7-9007-585428eee4da|rpc:10.1.0.40:45863|dataStream:10.1.0.40:44515|priority:0|startupRole:FOLLOWER, 534fd103-7cee-4470-a641-897605723ec1|rpc:10.1.0.40:43583|dataStream:10.1.0.40:44545|priority:1|startupRole:FOLLOWER, 27506167-95e6-4797-adb1-1fb01595b454|rpc:10.1.0.40:33237|dataStream:10.1.0.40:46371|priority:0|startupRole:FOLLOWER]|listeners:[], old=null, confs=<EMPTY_MAP>
2022-12-23 07:21:57,029 [pool-117-thread-1] INFO  server.RaftServerConfigKeys (ConfUtils.java:logGet(46)) - raft.server.storage.dir = [/home/runner/work/ozone/ozone/hadoop-ozone/integration-test/target/test-dir/MiniOzoneClusterImpl-66463c8b-75bf-445d-aa1e-0d17c384043c/datanode-2/data/ratis] (custom)
2022-12-23 07:21:57,029 [pool-117-thread-1] INFO  server.RaftServerConfigKeys (ConfUtils.java:logGet(46)) - raft.server.log.corruption.policy = EXCEPTION (default)
2022-12-23 07:21:57,029 [pool-117-thread-1] INFO  server.RaftServerConfigKeys (ConfUtils.java:logGet(46)) - raft.server.storage.free-space.min = 0MB (=0) (default)
2022-12-23 07:21:57,029 [pool-117-thread-1] INFO  server.RaftServerConfigKeys (ConfUtils.java:logGet(46)) - raft.server.notification.no-leader.timeout = 300s (custom)
2022-12-23 07:21:57,029 [pool-117-thread-1] INFO  server.RaftServerConfigKeys (ConfUtils.java:logGet(46)) - raft.server.retrycache.expirytime = 600000ms (custom)
2022-12-23 07:21:57,029 [pool-117-thread-1] INFO  server.RaftServerConfigKeys (ConfUtils.java:logGet(46)) - raft.server.retrycache.statistics.expirytime = 100μs (default)
2022-12-23 07:21:57,034 [pool-117-thread-1] INFO  server.RaftServerConfigKeys (ConfUtils.java:logGet(46)) - raft.server.log.appender.install.snapshot.enabled = false (custom)
2022-12-23 07:21:57,034 [pool-117-thread-1] INFO  server.RaftServerConfigKeys (ConfUtils.java:logGet(46)) - raft.server.threadpool.server.cached = true (default)
2022-12-23 07:21:57,034 [pool-117-thread-1] INFO  server.RaftServerConfigKeys (ConfUtils.java:logGet(46)) - raft.server.threadpool.server.size = 0 (default)
2022-12-23 07:21:57,034 [pool-117-thread-1] INFO  server.RaftServerConfigKeys (ConfUtils.java:logGet(46)) - raft.server.threadpool.client.cached = true (default)
2022-12-23 07:21:57,034 [pool-117-thread-1] INFO  server.RaftServerConfigKeys (ConfUtils.java:logGet(46)) - raft.server.threadpool.client.size = 0 (default)
2022-12-23 07:21:57,035 [pool-117-thread-1] INFO  storage.RaftStorageDirectory (RaftStorageDirectoryImpl.java:analyzeStorage(137)) - The storage directory /home/runner/work/ozone/ozone/hadoop-ozone/integration-test/target/test-dir/MiniOzoneClusterImpl-66463c8b-75bf-445d-aa1e-0d17c384043c/datanode-2/data/ratis/56e6365e-3db3-4c19-a3de-96398c6c114b does not exist. Creating ...
2022-12-23 07:21:57,036 [pool-117-thread-1] INFO  storage.RaftStorageDirectory (RaftStorageDirectoryImpl.java:tryLock(231)) - Lock on /home/runner/work/ozone/ozone/hadoop-ozone/integration-test/target/test-dir/MiniOzoneClusterImpl-66463c8b-75bf-445d-aa1e-0d17c384043c/datanode-2/data/ratis/56e6365e-3db3-4c19-a3de-96398c6c114b/in_use.lock acquired by nodename 81300@fv-az505-480
2022-12-23 07:21:57,042 [pool-117-thread-1] INFO  storage.RaftStorage (RaftStorageImpl.java:format(96)) - Storage directory /home/runner/work/ozone/ozone/hadoop-ozone/integration-test/target/test-dir/MiniOzoneClusterImpl-66463c8b-75bf-445d-aa1e-0d17c384043c/datanode-2/data/ratis/56e6365e-3db3-4c19-a3de-96398c6c114b has been successfully formatted.
2022-12-23 07:21:57,043 [pool-117-thread-1] INFO  ratis.ContainerStateMachine (ContainerStateMachine.java:loadSnapshot(240)) - group-96398C6C114B: The snapshot info is null. Setting the last applied indexto:(t:0, i:~)
2022-12-23 07:21:57,043 [pool-117-thread-1] INFO  server.RaftServerConfigKeys (ConfUtils.java:logGet(46)) - raft.server.log.use.memory = false (default)
2022-12-23 07:21:57,043 [pool-117-thread-1] INFO  server.RaftServerConfigKeys (ConfUtils.java:logGet(46)) - raft.server.log.purge.gap = 1000000 (custom)
2022-12-23 07:21:57,043 [pool-117-thread-1] INFO  server.RaftServerConfigKeys (ConfUtils.java:logGet(46)) - raft.server.log.appender.buffer.byte-limit = 33554432 (custom)
2022-12-23 07:21:57,043 [pool-117-thread-1] INFO  server.RaftServerConfigKeys (ConfUtils.java:logGet(46)) - raft.server.log.statemachine.data.read.timeout = 1000ms (default)
2022-12-23 07:21:57,043 [pool-117-thread-1] INFO  server.RaftServerConfigKeys (ConfUtils.java:logGet(46)) - raft.server.log.purge.preservation.log.num = 0 (default)
2022-12-23 07:21:57,044 [pool-117-thread-1] INFO  server.RaftServerConfigKeys (ConfUtils.java:logGet(46)) - raft.server.log.segment.size.max = 1048576 (custom)
2022-12-23 07:21:57,044 [pool-117-thread-1] INFO  server.RaftServerConfigKeys (ConfUtils.java:logGet(46)) - raft.server.log.segment.cache.num.max = 2 (custom)
2022-12-23 07:21:57,044 [pool-117-thread-1] INFO  server.RaftServerConfigKeys (ConfUtils.java:logGet(46)) - raft.server.log.segment.cache.size.max = 200MB (=209715200) (default)
2022-12-23 07:21:57,044 [pool-117-thread-1] INFO  segmented.SegmentedRaftLogWorker (SegmentedRaftLogWorker.java:<init>(189)) - new 27506167-95e6-4797-adb1-1fb01595b454@group-96398C6C114B-SegmentedRaftLogWorker for RaftStorageImpl:Storage Directory /home/runner/work/ozone/ozone/hadoop-ozone/integration-test/target/test-dir/MiniOzoneClusterImpl-66463c8b-75bf-445d-aa1e-0d17c384043c/datanode-2/data/ratis/56e6365e-3db3-4c19-a3de-96398c6c114b
2022-12-23 07:21:57,044 [pool-117-thread-1] INFO  server.RaftServerConfigKeys (ConfUtils.java:logGet(46)) - raft.server.log.queue.byte-limit = 4294967296 (custom)
2022-12-23 07:21:57,044 [pool-117-thread-1] INFO  server.RaftServerConfigKeys (ConfUtils.java:logGet(46)) - raft.server.log.queue.element-limit = 1024 (custom)
2022-12-23 07:21:57,044 [pool-117-thread-1] INFO  server.RaftServerConfigKeys (ConfUtils.java:logGet(46)) - raft.server.log.segment.size.max = 1048576 (custom)
2022-12-23 07:21:57,044 [pool-117-thread-1] INFO  server.RaftServerConfigKeys (ConfUtils.java:logGet(46)) - raft.server.log.preallocated.size = 16384 (custom)
2022-12-23 07:21:57,044 [pool-117-thread-1] INFO  server.RaftServerConfigKeys (ConfUtils.java:logGet(46)) - raft.server.log.force.sync.num = 128 (default)
2022-12-23 07:21:57,045 [pool-117-thread-1] INFO  server.RaftServerConfigKeys (ConfUtils.java:logGet(46)) - raft.server.log.statemachine.data.sync = true (default)
2022-12-23 07:21:57,045 [pool-117-thread-1] INFO  server.RaftServerConfigKeys (ConfUtils.java:logGet(46)) - raft.server.log.statemachine.data.sync.timeout = 10s (default)
2022-12-23 07:21:57,045 [pool-117-thread-1] INFO  server.RaftServerConfigKeys (ConfUtils.java:logGet(46)) - raft.server.log.statemachine.data.sync.timeout.retry = -1 (default)
2022-12-23 07:21:57,053 [pool-117-thread-1] INFO  server.RaftServerConfigKeys (ConfUtils.java:logGet(46)) - raft.server.log.write.buffer.size = 1048576 (custom)
2022-12-23 07:21:57,053 [pool-117-thread-1] INFO  server.RaftServerConfigKeys (ConfUtils.java:logGet(46)) - raft.server.log.appender.buffer.byte-limit = 33554432 (custom)
2022-12-23 07:21:57,057 [EventQueue-CommandQueueReportForCommandQueueReportHandler] WARN  events.EventQueue (EventQueue.java:fireEvent(216)) - No event handler registered for event TypedEvent{payloadType=DatanodeDetails, name='Datanode_Command_Queue_Updated'}
2022-12-23 07:21:57,059 [pool-117-thread-1] INFO  server.RaftServerConfigKeys (ConfUtils.java:logGet(46)) - raft.server.log.unsafe-flush.enabled = false (default)
2022-12-23 07:21:57,068 [pool-117-thread-1] INFO  server.RaftServerConfigKeys (ConfUtils.java:logGet(46)) - raft.server.log.async-flush.enabled = false (default)
2022-12-23 07:21:57,069 [pool-117-thread-1] INFO  server.RaftServerConfigKeys (ConfUtils.java:logGet(46)) - raft.server.log.statemachine.data.caching.enabled = true (custom)
2022-12-23 07:21:57,069 [pool-117-thread-1] INFO  segmented.SegmentedRaftLogWorker (SegmentedRaftLogWorker.java:lambda$new$0(135)) - 27506167-95e6-4797-adb1-1fb01595b454@group-96398C6C114B-SegmentedRaftLogWorker: flushIndex: setUnconditionally 0 -> -1
2022-12-23 07:21:57,069 [pool-117-thread-1] INFO  segmented.SegmentedRaftLogWorker (SegmentedRaftLogWorker.java:lambda$new$0(135)) - 27506167-95e6-4797-adb1-1fb01595b454@group-96398C6C114B-SegmentedRaftLogWorker: safeCacheEvictIndex: setUnconditionally 0 -> -1
2022-12-23 07:21:57,069 [pool-117-thread-1] INFO  server.RaftServer$Division (RaftServerImpl.java:start(334)) - 27506167-95e6-4797-adb1-1fb01595b454@group-96398C6C114B: start as a follower, conf=-1: peers:[f9c6c4e6-3ebb-4fc7-9007-585428eee4da|rpc:10.1.0.40:45863|dataStream:10.1.0.40:44515|priority:0|startupRole:FOLLOWER, 534fd103-7cee-4470-a641-897605723ec1|rpc:10.1.0.40:43583|dataStream:10.1.0.40:44545|priority:1|startupRole:FOLLOWER, 27506167-95e6-4797-adb1-1fb01595b454|rpc:10.1.0.40:33237|dataStream:10.1.0.40:46371|priority:0|startupRole:FOLLOWER]|listeners:[], old=null
2022-12-23 07:21:57,069 [pool-117-thread-1] INFO  server.RaftServer$Division (RaftServerImpl.java:setRole(321)) - 27506167-95e6-4797-adb1-1fb01595b454@group-96398C6C114B: changes role from      null to FOLLOWER at term 0 for startAsFollower
2022-12-23 07:21:57,069 [pool-117-thread-1] INFO  impl.RoleInfo (RoleInfo.java:updateAndGet(139)) - 27506167-95e6-4797-adb1-1fb01595b454: start 27506167-95e6-4797-adb1-1fb01595b454@group-96398C6C114B-FollowerState
2022-12-23 07:21:57,070 [pool-117-thread-1] INFO  util.JmxRegister (JmxRegister.java:tryRegister(44)) - Successfully registered JMX Bean with object name Ratis:service=RaftServer,group=group-96398C6C114B,id=27506167-95e6-4797-adb1-1fb01595b454
2022-12-23 07:21:57,070 [pool-117-thread-1] INFO  server.RaftServerConfigKeys (ConfUtils.java:logGet(46)) - raft.server.snapshot.auto.trigger.enabled = true (custom)
2022-12-23 07:21:57,070 [pool-117-thread-1] INFO  server.RaftServerConfigKeys (ConfUtils.java:logGet(46)) - raft.server.snapshot.auto.trigger.threshold = 10000 (custom)
2022-12-23 07:21:57,070 [pool-117-thread-1] INFO  server.RaftServerConfigKeys (ConfUtils.java:logGet(46)) - raft.server.snapshot.retention.file.num = 5 (custom)
2022-12-23 07:21:57,070 [pool-117-thread-1] INFO  server.RaftServerConfigKeys (ConfUtils.java:logGet(46)) - raft.server.log.purge.upto.snapshot.index = false (default)
2022-12-23 07:21:57,071 [27506167-95e6-4797-adb1-1fb01595b454@group-96398C6C114B-FollowerState] INFO  server.RaftServerConfigKeys (ConfUtils.java:logFallback(53)) - raft.server.rpc.first-election.timeout.min = 5s (fallback to raft.server.rpc.timeout.min)
2022-12-23 07:21:57,097 [27506167-95e6-4797-adb1-1fb01595b454@group-96398C6C114B-FollowerState] INFO  server.RaftServerConfigKeys (ConfUtils.java:logFallback(53)) - raft.server.rpc.first-election.timeout.max = 5200ms (fallback to raft.server.rpc.timeout.max)
2022-12-23 07:21:57,117 [Listener at 127.0.0.1/38243] INFO  ozone.MiniOzoneClusterImpl (MiniOzoneClusterImpl.java:lambda$waitForClusterToBeReady$0(217)) - Nodes are ready. Got 3 of 3 DN Heartbeats.
2022-12-23 07:21:57,117 [Listener at 127.0.0.1/38243] INFO  ozone.MiniOzoneClusterImpl (MiniOzoneClusterImpl.java:lambda$waitForClusterToBeReady$0(220)) - Waiting for cluster to exit safe mode
2022-12-23 07:21:57,118 [Listener at 127.0.0.1/38243] INFO  ozone.MiniOzoneClusterImpl (MiniOzoneClusterImpl.java:lambda$waitForClusterToBeReady$0(222)) - SCM became leader
2022-12-23 07:21:57,126 [Command processor thread] INFO  server.RaftServer (RaftServerProxy.java:addNew(96)) - 27506167-95e6-4797-adb1-1fb01595b454: addNew group-6899847A1CBB:[27506167-95e6-4797-adb1-1fb01595b454|rpc:10.1.0.40:33237|dataStream:10.1.0.40:46371|priority:1|startupRole:FOLLOWER] returns group-6899847A1CBB:java.util.concurrent.CompletableFuture@6a4223c[Not completed]
2022-12-23 07:21:57,127 [pool-117-thread-1] INFO  server.RaftServer$Division (RaftServerImpl.java:<init>(195)) - 27506167-95e6-4797-adb1-1fb01595b454: new RaftServerImpl for group-6899847A1CBB:[27506167-95e6-4797-adb1-1fb01595b454|rpc:10.1.0.40:33237|dataStream:10.1.0.40:46371|priority:1|startupRole:FOLLOWER] with ContainerStateMachine:uninitialized
2022-12-23 07:21:57,127 [pool-117-thread-1] INFO  server.RaftServerConfigKeys (ConfUtils.java:logGet(46)) - raft.server.rpc.timeout.min = 5s (custom)
2022-12-23 07:21:57,128 [pool-117-thread-1] INFO  server.RaftServerConfigKeys (ConfUtils.java:logGet(46)) - raft.server.rpc.timeout.max = 5200ms (custom)
2022-12-23 07:21:57,128 [pool-117-thread-1] INFO  server.RaftServerConfigKeys (ConfUtils.java:logGet(46)) - raft.server.rpc.sleep.time = 25ms (default)
2022-12-23 07:21:57,128 [pool-117-thread-1] INFO  server.RaftServerConfigKeys (ConfUtils.java:logGet(46)) - raft.server.rpc.slowness.timeout = 300s (custom)
2022-12-23 07:21:57,128 [pool-117-thread-1] INFO  server.RaftServerConfigKeys (ConfUtils.java:logGet(46)) - raft.server.leaderelection.leader.step-down.wait-time = 10s (default)
2022-12-23 07:21:57,128 [pool-117-thread-1] INFO  server.RaftServerConfigKeys (ConfUtils.java:logGet(46)) - raft.server.sleep.deviation.threshold = 300ms (default)
2022-12-23 07:21:57,128 [pool-117-thread-1] INFO  server.RaftServer$Division (ServerState.java:<init>(118)) - 27506167-95e6-4797-adb1-1fb01595b454@group-6899847A1CBB: ConfigurationManager, init=-1: peers:[27506167-95e6-4797-adb1-1fb01595b454|rpc:10.1.0.40:33237|dataStream:10.1.0.40:46371|priority:1|startupRole:FOLLOWER]|listeners:[], old=null, confs=<EMPTY_MAP>
2022-12-23 07:21:57,128 [pool-117-thread-1] INFO  server.RaftServerConfigKeys (ConfUtils.java:logGet(46)) - raft.server.storage.dir = [/home/runner/work/ozone/ozone/hadoop-ozone/integration-test/target/test-dir/MiniOzoneClusterImpl-66463c8b-75bf-445d-aa1e-0d17c384043c/datanode-2/data/ratis] (custom)
2022-12-23 07:21:57,128 [pool-117-thread-1] INFO  server.RaftServerConfigKeys (ConfUtils.java:logGet(46)) - raft.server.log.corruption.policy = EXCEPTION (default)
2022-12-23 07:21:57,128 [pool-117-thread-1] INFO  server.RaftServerConfigKeys (ConfUtils.java:logGet(46)) - raft.server.storage.free-space.min = 0MB (=0) (default)
2022-12-23 07:21:57,128 [pool-117-thread-1] INFO  server.RaftServerConfigKeys (ConfUtils.java:logGet(46)) - raft.server.notification.no-leader.timeout = 300s (custom)
2022-12-23 07:21:57,128 [pool-117-thread-1] INFO  server.RaftServerConfigKeys (ConfUtils.java:logGet(46)) - raft.server.retrycache.expirytime = 600000ms (custom)
2022-12-23 07:21:57,128 [pool-117-thread-1] INFO  server.RaftServerConfigKeys (ConfUtils.java:logGet(46)) - raft.server.retrycache.statistics.expirytime = 100μs (default)
2022-12-23 07:21:57,130 [pool-117-thread-1] INFO  server.RaftServerConfigKeys (ConfUtils.java:logGet(46)) - raft.server.log.appender.install.snapshot.enabled = false (custom)
2022-12-23 07:21:57,130 [pool-117-thread-1] INFO  server.RaftServerConfigKeys (ConfUtils.java:logGet(46)) - raft.server.threadpool.server.cached = true (default)
2022-12-23 07:21:57,130 [pool-117-thread-1] INFO  server.RaftServerConfigKeys (ConfUtils.java:logGet(46)) - raft.server.threadpool.server.size = 0 (default)
2022-12-23 07:21:57,130 [pool-117-thread-1] INFO  server.RaftServerConfigKeys (ConfUtils.java:logGet(46)) - raft.server.threadpool.client.cached = true (default)
2022-12-23 07:21:57,130 [pool-117-thread-1] INFO  server.RaftServerConfigKeys (ConfUtils.java:logGet(46)) - raft.server.threadpool.client.size = 0 (default)
2022-12-23 07:21:57,130 [pool-117-thread-1] INFO  storage.RaftStorageDirectory (RaftStorageDirectoryImpl.java:analyzeStorage(137)) - The storage directory /home/runner/work/ozone/ozone/hadoop-ozone/integration-test/target/test-dir/MiniOzoneClusterImpl-66463c8b-75bf-445d-aa1e-0d17c384043c/datanode-2/data/ratis/2a584658-4b9c-441d-846d-6899847a1cbb does not exist. Creating ...
2022-12-23 07:21:57,131 [pool-117-thread-1] INFO  storage.RaftStorageDirectory (RaftStorageDirectoryImpl.java:tryLock(231)) - Lock on /home/runner/work/ozone/ozone/hadoop-ozone/integration-test/target/test-dir/MiniOzoneClusterImpl-66463c8b-75bf-445d-aa1e-0d17c384043c/datanode-2/data/ratis/2a584658-4b9c-441d-846d-6899847a1cbb/in_use.lock acquired by nodename 81300@fv-az505-480
2022-12-23 07:21:57,132 [pool-117-thread-1] INFO  storage.RaftStorage (RaftStorageImpl.java:format(96)) - Storage directory /home/runner/work/ozone/ozone/hadoop-ozone/integration-test/target/test-dir/MiniOzoneClusterImpl-66463c8b-75bf-445d-aa1e-0d17c384043c/datanode-2/data/ratis/2a584658-4b9c-441d-846d-6899847a1cbb has been successfully formatted.
2022-12-23 07:21:57,133 [pool-117-thread-1] INFO  ratis.ContainerStateMachine (ContainerStateMachine.java:loadSnapshot(240)) - group-6899847A1CBB: The snapshot info is null. Setting the last applied indexto:(t:0, i:~)
2022-12-23 07:21:57,133 [pool-117-thread-1] INFO  server.RaftServerConfigKeys (ConfUtils.java:logGet(46)) - raft.server.log.use.memory = false (default)
2022-12-23 07:21:57,133 [pool-117-thread-1] INFO  server.RaftServerConfigKeys (ConfUtils.java:logGet(46)) - raft.server.log.purge.gap = 1000000 (custom)
2022-12-23 07:21:57,133 [pool-117-thread-1] INFO  server.RaftServerConfigKeys (ConfUtils.java:logGet(46)) - raft.server.log.appender.buffer.byte-limit = 33554432 (custom)
2022-12-23 07:21:57,133 [pool-117-thread-1] INFO  server.RaftServerConfigKeys (ConfUtils.java:logGet(46)) - raft.server.log.statemachine.data.read.timeout = 1000ms (default)
2022-12-23 07:21:57,133 [pool-117-thread-1] INFO  server.RaftServerConfigKeys (ConfUtils.java:logGet(46)) - raft.server.log.purge.preservation.log.num = 0 (default)
2022-12-23 07:21:57,133 [pool-117-thread-1] INFO  server.RaftServerConfigKeys (ConfUtils.java:logGet(46)) - raft.server.log.segment.size.max = 1048576 (custom)
2022-12-23 07:21:57,134 [pool-117-thread-1] INFO  server.RaftServerConfigKeys (ConfUtils.java:logGet(46)) - raft.server.log.segment.cache.num.max = 2 (custom)
2022-12-23 07:21:57,134 [pool-117-thread-1] INFO  server.RaftServerConfigKeys (ConfUtils.java:logGet(46)) - raft.server.log.segment.cache.size.max = 200MB (=209715200) (default)
2022-12-23 07:21:57,134 [pool-117-thread-1] INFO  segmented.SegmentedRaftLogWorker (SegmentedRaftLogWorker.java:<init>(189)) - new 27506167-95e6-4797-adb1-1fb01595b454@group-6899847A1CBB-SegmentedRaftLogWorker for RaftStorageImpl:Storage Directory /home/runner/work/ozone/ozone/hadoop-ozone/integration-test/target/test-dir/MiniOzoneClusterImpl-66463c8b-75bf-445d-aa1e-0d17c384043c/datanode-2/data/ratis/2a584658-4b9c-441d-846d-6899847a1cbb
2022-12-23 07:21:57,134 [pool-117-thread-1] INFO  server.RaftServerConfigKeys (ConfUtils.java:logGet(46)) - raft.server.log.queue.byte-limit = 4294967296 (custom)
2022-12-23 07:21:57,134 [pool-117-thread-1] INFO  server.RaftServerConfigKeys (ConfUtils.java:logGet(46)) - raft.server.log.queue.element-limit = 1024 (custom)
2022-12-23 07:21:57,134 [pool-117-thread-1] INFO  server.RaftServerConfigKeys (ConfUtils.java:logGet(46)) - raft.server.log.segment.size.max = 1048576 (custom)
2022-12-23 07:21:57,134 [pool-117-thread-1] INFO  server.RaftServerConfigKeys (ConfUtils.java:logGet(46)) - raft.server.log.preallocated.size = 16384 (custom)
2022-12-23 07:21:57,134 [pool-117-thread-1] INFO  server.RaftServerConfigKeys (ConfUtils.java:logGet(46)) - raft.server.log.force.sync.num = 128 (default)
2022-12-23 07:21:57,134 [pool-117-thread-1] INFO  server.RaftServerConfigKeys (ConfUtils.java:logGet(46)) - raft.server.log.statemachine.data.sync = true (default)
2022-12-23 07:21:57,134 [pool-117-thread-1] INFO  server.RaftServerConfigKeys (ConfUtils.java:logGet(46)) - raft.server.log.statemachine.data.sync.timeout = 10s (default)
2022-12-23 07:21:57,135 [pool-117-thread-1] INFO  server.RaftServerConfigKeys (ConfUtils.java:logGet(46)) - raft.server.log.statemachine.data.sync.timeout.retry = -1 (default)
2022-12-23 07:21:57,135 [pool-117-thread-1] INFO  server.RaftServerConfigKeys (ConfUtils.java:logGet(46)) - raft.server.log.write.buffer.size = 1048576 (custom)
2022-12-23 07:21:57,136 [pool-117-thread-1] INFO  server.RaftServerConfigKeys (ConfUtils.java:logGet(46)) - raft.server.log.appender.buffer.byte-limit = 33554432 (custom)
2022-12-23 07:21:57,151 [pool-117-thread-1] INFO  server.RaftServerConfigKeys (ConfUtils.java:logGet(46)) - raft.server.log.unsafe-flush.enabled = false (default)
2022-12-23 07:21:57,154 [EventQueue-PipelineReportForPipelineReportHandler] INFO  pipeline.PipelineManagerImpl (PipelineManagerImpl.java:openPipeline(367)) - Pipeline Pipeline[ Id: 2a584658-4b9c-441d-846d-6899847a1cbb, Nodes: 27506167-95e6-4797-adb1-1fb01595b454{ip: 10.1.0.40, host: fv-az505-480.g2e1luzo1moefklhgra4trf2va.dx.internal.cloudapp.net, ports: [REPLICATION=41199, RATIS=33237, RATIS_ADMIN=33237, RATIS_SERVER=33237, RATIS_DATASTREAM=46371, STANDALONE=32835], networkLocation: /default-rack, certSerialId: null, persistedOpState: IN_SERVICE, persistedOpStateExpiryEpochSec: 0}, ReplicationConfig: RATIS/ONE, State:ALLOCATED, leaderId:27506167-95e6-4797-adb1-1fb01595b454, CreationTimestamp2022-12-23T07:21:54.130Z[Etc/UTC]] moved to OPEN state
2022-12-23 07:21:57,153 [EventQueue-CommandQueueReportForCommandQueueReportHandler] WARN  events.EventQueue (EventQueue.java:fireEvent(216)) - No event handler registered for event TypedEvent{payloadType=DatanodeDetails, name='Datanode_Command_Queue_Updated'}
2022-12-23 07:21:57,156 [EventQueue-OpenPipelineForHealthyPipelineSafeModeRule] INFO  safemode.SCMSafeModeManager (HealthyPipelineSafeModeRule.java:process(137)) - SCM in safe mode. Healthy pipelines reported count is 0, required healthy pipeline reported count is 1
2022-12-23 07:21:57,165 [EventQueue-CommandQueueReportForCommandQueueReportHandler] WARN  events.EventQueue (EventQueue.java:fireEvent(216)) - No event handler registered for event TypedEvent{payloadType=DatanodeDetails, name='Datanode_Command_Queue_Updated'}
2022-12-23 07:21:57,163 [pool-117-thread-1] INFO  server.RaftServerConfigKeys (ConfUtils.java:logGet(46)) - raft.server.log.async-flush.enabled = false (default)
2022-12-23 07:21:57,169 [pool-117-thread-1] INFO  server.RaftServerConfigKeys (ConfUtils.java:logGet(46)) - raft.server.log.statemachine.data.caching.enabled = true (custom)
2022-12-23 07:21:57,169 [pool-117-thread-1] INFO  segmented.SegmentedRaftLogWorker (SegmentedRaftLogWorker.java:lambda$new$0(135)) - 27506167-95e6-4797-adb1-1fb01595b454@group-6899847A1CBB-SegmentedRaftLogWorker: flushIndex: setUnconditionally 0 -> -1
2022-12-23 07:21:57,169 [pool-117-thread-1] INFO  segmented.SegmentedRaftLogWorker (SegmentedRaftLogWorker.java:lambda$new$0(135)) - 27506167-95e6-4797-adb1-1fb01595b454@group-6899847A1CBB-SegmentedRaftLogWorker: safeCacheEvictIndex: setUnconditionally 0 -> -1
2022-12-23 07:21:57,173 [pool-117-thread-1] INFO  server.RaftServer$Division (RaftServerImpl.java:start(334)) - 27506167-95e6-4797-adb1-1fb01595b454@group-6899847A1CBB: start as a follower, conf=-1: peers:[27506167-95e6-4797-adb1-1fb01595b454|rpc:10.1.0.40:33237|dataStream:10.1.0.40:46371|priority:1|startupRole:FOLLOWER]|listeners:[], old=null
2022-12-23 07:21:57,173 [pool-117-thread-1] INFO  server.RaftServer$Division (RaftServerImpl.java:setRole(321)) - 27506167-95e6-4797-adb1-1fb01595b454@group-6899847A1CBB: changes role from      null to FOLLOWER at term 0 for startAsFollower
2022-12-23 07:21:57,173 [pool-117-thread-1] INFO  impl.RoleInfo (RoleInfo.java:updateAndGet(139)) - 27506167-95e6-4797-adb1-1fb01595b454: start 27506167-95e6-4797-adb1-1fb01595b454@group-6899847A1CBB-FollowerState
2022-12-23 07:21:57,173 [pool-117-thread-1] INFO  util.JmxRegister (JmxRegister.java:tryRegister(44)) - Successfully registered JMX Bean with object name Ratis:service=RaftServer,group=group-6899847A1CBB,id=27506167-95e6-4797-adb1-1fb01595b454
2022-12-23 07:21:57,173 [pool-117-thread-1] INFO  server.RaftServerConfigKeys (ConfUtils.java:logGet(46)) - raft.server.snapshot.auto.trigger.enabled = true (custom)
2022-12-23 07:21:57,173 [pool-117-thread-1] INFO  server.RaftServerConfigKeys (ConfUtils.java:logGet(46)) - raft.server.snapshot.auto.trigger.threshold = 10000 (custom)
2022-12-23 07:21:57,173 [pool-117-thread-1] INFO  server.RaftServerConfigKeys (ConfUtils.java:logGet(46)) - raft.server.snapshot.retention.file.num = 5 (custom)
2022-12-23 07:21:57,173 [pool-117-thread-1] INFO  server.RaftServerConfigKeys (ConfUtils.java:logGet(46)) - raft.server.log.purge.upto.snapshot.index = false (default)
2022-12-23 07:21:57,183 [Command processor thread] INFO  ratis.XceiverServerRatis (XceiverServerRatis.java:addGroup(806)) - Created group PipelineID=2a584658-4b9c-441d-846d-6899847a1cbb
2022-12-23 07:21:57,183 [Command processor thread] INFO  commandhandler.CreatePipelineCommandHandler (CreatePipelineCommandHandler.java:handle(113)) - Created Pipeline RATIS ONE PipelineID=2a584658-4b9c-441d-846d-6899847a1cbb.
2022-12-23 07:21:57,183 [Command processor thread] INFO  server.RaftServer (RaftServerProxy.java:addNew(96)) - 27506167-95e6-4797-adb1-1fb01595b454: addNew group-04CE026E210D:[f9c6c4e6-3ebb-4fc7-9007-585428eee4da|rpc:10.1.0.40:45863|dataStream:10.1.0.40:44515|priority:0|startupRole:FOLLOWER, 534fd103-7cee-4470-a641-897605723ec1|rpc:10.1.0.40:43583|dataStream:10.1.0.40:44545|priority:0|startupRole:FOLLOWER, 27506167-95e6-4797-adb1-1fb01595b454|rpc:10.1.0.40:33237|dataStream:10.1.0.40:46371|priority:1|startupRole:FOLLOWER] returns group-04CE026E210D:java.util.concurrent.CompletableFuture@863cc98[Not completed]
2022-12-23 07:21:57,185 [27506167-95e6-4797-adb1-1fb01595b454@group-6899847A1CBB-FollowerState] INFO  server.RaftServerConfigKeys (ConfUtils.java:logFallback(53)) - raft.server.rpc.first-election.timeout.min = 5s (fallback to raft.server.rpc.timeout.min)
2022-12-23 07:21:57,185 [27506167-95e6-4797-adb1-1fb01595b454@group-6899847A1CBB-FollowerState] INFO  server.RaftServerConfigKeys (ConfUtils.java:logFallback(53)) - raft.server.rpc.first-election.timeout.max = 5200ms (fallback to raft.server.rpc.timeout.max)
2022-12-23 07:21:57,186 [pool-117-thread-1] INFO  server.RaftServer$Division (RaftServerImpl.java:<init>(195)) - 27506167-95e6-4797-adb1-1fb01595b454: new RaftServerImpl for group-04CE026E210D:[f9c6c4e6-3ebb-4fc7-9007-585428eee4da|rpc:10.1.0.40:45863|dataStream:10.1.0.40:44515|priority:0|startupRole:FOLLOWER, 534fd103-7cee-4470-a641-897605723ec1|rpc:10.1.0.40:43583|dataStream:10.1.0.40:44545|priority:0|startupRole:FOLLOWER, 27506167-95e6-4797-adb1-1fb01595b454|rpc:10.1.0.40:33237|dataStream:10.1.0.40:46371|priority:1|startupRole:FOLLOWER] with ContainerStateMachine:uninitialized
2022-12-23 07:21:57,194 [pool-117-thread-1] INFO  server.RaftServerConfigKeys (ConfUtils.java:logGet(46)) - raft.server.rpc.timeout.min = 5s (custom)
2022-12-23 07:21:57,194 [pool-117-thread-1] INFO  server.RaftServerConfigKeys (ConfUtils.java:logGet(46)) - raft.server.rpc.timeout.max = 5200ms (custom)
2022-12-23 07:21:57,194 [pool-117-thread-1] INFO  server.RaftServerConfigKeys (ConfUtils.java:logGet(46)) - raft.server.rpc.sleep.time = 25ms (default)
2022-12-23 07:21:57,194 [pool-117-thread-1] INFO  server.RaftServerConfigKeys (ConfUtils.java:logGet(46)) - raft.server.rpc.slowness.timeout = 300s (custom)
2022-12-23 07:21:57,194 [pool-117-thread-1] INFO  server.RaftServerConfigKeys (ConfUtils.java:logGet(46)) - raft.server.leaderelection.leader.step-down.wait-time = 10s (default)
2022-12-23 07:21:57,194 [pool-117-thread-1] INFO  server.RaftServerConfigKeys (ConfUtils.java:logGet(46)) - raft.server.sleep.deviation.threshold = 300ms (default)
2022-12-23 07:21:57,194 [pool-117-thread-1] INFO  server.RaftServer$Division (ServerState.java:<init>(118)) - 27506167-95e6-4797-adb1-1fb01595b454@group-04CE026E210D: ConfigurationManager, init=-1: peers:[f9c6c4e6-3ebb-4fc7-9007-585428eee4da|rpc:10.1.0.40:45863|dataStream:10.1.0.40:44515|priority:0|startupRole:FOLLOWER, 534fd103-7cee-4470-a641-897605723ec1|rpc:10.1.0.40:43583|dataStream:10.1.0.40:44545|priority:0|startupRole:FOLLOWER, 27506167-95e6-4797-adb1-1fb01595b454|rpc:10.1.0.40:33237|dataStream:10.1.0.40:46371|priority:1|startupRole:FOLLOWER]|listeners:[], old=null, confs=<EMPTY_MAP>
2022-12-23 07:21:57,194 [pool-117-thread-1] INFO  server.RaftServerConfigKeys (ConfUtils.java:logGet(46)) - raft.server.storage.dir = [/home/runner/work/ozone/ozone/hadoop-ozone/integration-test/target/test-dir/MiniOzoneClusterImpl-66463c8b-75bf-445d-aa1e-0d17c384043c/datanode-2/data/ratis] (custom)
2022-12-23 07:21:57,195 [pool-117-thread-1] INFO  server.RaftServerConfigKeys (ConfUtils.java:logGet(46)) - raft.server.log.corruption.policy = EXCEPTION (default)
2022-12-23 07:21:57,195 [pool-117-thread-1] INFO  server.RaftServerConfigKeys (ConfUtils.java:logGet(46)) - raft.server.storage.free-space.min = 0MB (=0) (default)
2022-12-23 07:21:57,195 [pool-117-thread-1] INFO  server.RaftServerConfigKeys (ConfUtils.java:logGet(46)) - raft.server.notification.no-leader.timeout = 300s (custom)
2022-12-23 07:21:57,195 [pool-117-thread-1] INFO  server.RaftServerConfigKeys (ConfUtils.java:logGet(46)) - raft.server.retrycache.expirytime = 600000ms (custom)
2022-12-23 07:21:57,195 [pool-117-thread-1] INFO  server.RaftServerConfigKeys (ConfUtils.java:logGet(46)) - raft.server.retrycache.statistics.expirytime = 100μs (default)
2022-12-23 07:21:57,196 [pool-117-thread-1] INFO  server.RaftServerConfigKeys (ConfUtils.java:logGet(46)) - raft.server.log.appender.install.snapshot.enabled = false (custom)
2022-12-23 07:21:57,196 [pool-117-thread-1] INFO  server.RaftServerConfigKeys (ConfUtils.java:logGet(46)) - raft.server.threadpool.server.cached = true (default)
2022-12-23 07:21:57,196 [pool-117-thread-1] INFO  server.RaftServerConfigKeys (ConfUtils.java:logGet(46)) - raft.server.threadpool.server.size = 0 (default)
2022-12-23 07:21:57,196 [pool-117-thread-1] INFO  server.RaftServerConfigKeys (ConfUtils.java:logGet(46)) - raft.server.threadpool.client.cached = true (default)
2022-12-23 07:21:57,196 [pool-117-thread-1] INFO  server.RaftServerConfigKeys (ConfUtils.java:logGet(46)) - raft.server.threadpool.client.size = 0 (default)
2022-12-23 07:21:57,196 [pool-117-thread-1] INFO  storage.RaftStorageDirectory (RaftStorageDirectoryImpl.java:analyzeStorage(137)) - The storage directory /home/runner/work/ozone/ozone/hadoop-ozone/integration-test/target/test-dir/MiniOzoneClusterImpl-66463c8b-75bf-445d-aa1e-0d17c384043c/datanode-2/data/ratis/6bdb96a7-25e9-46d3-b8ce-04ce026e210d does not exist. Creating ...
2022-12-23 07:21:57,204 [pool-117-thread-1] INFO  storage.RaftStorageDirectory (RaftStorageDirectoryImpl.java:tryLock(231)) - Lock on /home/runner/work/ozone/ozone/hadoop-ozone/integration-test/target/test-dir/MiniOzoneClusterImpl-66463c8b-75bf-445d-aa1e-0d17c384043c/datanode-2/data/ratis/6bdb96a7-25e9-46d3-b8ce-04ce026e210d/in_use.lock acquired by nodename 81300@fv-az505-480
2022-12-23 07:21:57,207 [pool-117-thread-1] INFO  storage.RaftStorage (RaftStorageImpl.java:format(96)) - Storage directory /home/runner/work/ozone/ozone/hadoop-ozone/integration-test/target/test-dir/MiniOzoneClusterImpl-66463c8b-75bf-445d-aa1e-0d17c384043c/datanode-2/data/ratis/6bdb96a7-25e9-46d3-b8ce-04ce026e210d has been successfully formatted.
2022-12-23 07:21:57,208 [pool-117-thread-1] INFO  ratis.ContainerStateMachine (ContainerStateMachine.java:loadSnapshot(240)) - group-04CE026E210D: The snapshot info is null. Setting the last applied indexto:(t:0, i:~)
2022-12-23 07:21:57,208 [pool-117-thread-1] INFO  server.RaftServerConfigKeys (ConfUtils.java:logGet(46)) - raft.server.log.use.memory = false (default)
2022-12-23 07:21:57,208 [pool-117-thread-1] INFO  server.RaftServerConfigKeys (ConfUtils.java:logGet(46)) - raft.server.log.purge.gap = 1000000 (custom)
2022-12-23 07:21:57,208 [pool-117-thread-1] INFO  server.RaftServerConfigKeys (ConfUtils.java:logGet(46)) - raft.server.log.appender.buffer.byte-limit = 33554432 (custom)
2022-12-23 07:21:57,209 [pool-117-thread-1] INFO  server.RaftServerConfigKeys (ConfUtils.java:logGet(46)) - raft.server.log.statemachine.data.read.timeout = 1000ms (default)
2022-12-23 07:21:57,209 [pool-117-thread-1] INFO  server.RaftServerConfigKeys (ConfUtils.java:logGet(46)) - raft.server.log.purge.preservation.log.num = 0 (default)
2022-12-23 07:21:57,209 [pool-117-thread-1] INFO  server.RaftServerConfigKeys (ConfUtils.java:logGet(46)) - raft.server.log.segment.size.max = 1048576 (custom)
2022-12-23 07:21:57,209 [pool-117-thread-1] INFO  server.RaftServerConfigKeys (ConfUtils.java:logGet(46)) - raft.server.log.segment.cache.num.max = 2 (custom)
2022-12-23 07:21:57,209 [pool-117-thread-1] INFO  server.RaftServerConfigKeys (ConfUtils.java:logGet(46)) - raft.server.log.segment.cache.size.max = 200MB (=209715200) (default)
2022-12-23 07:21:57,209 [pool-117-thread-1] INFO  segmented.SegmentedRaftLogWorker (SegmentedRaftLogWorker.java:<init>(189)) - new 27506167-95e6-4797-adb1-1fb01595b454@group-04CE026E210D-SegmentedRaftLogWorker for RaftStorageImpl:Storage Directory /home/runner/work/ozone/ozone/hadoop-ozone/integration-test/target/test-dir/MiniOzoneClusterImpl-66463c8b-75bf-445d-aa1e-0d17c384043c/datanode-2/data/ratis/6bdb96a7-25e9-46d3-b8ce-04ce026e210d
2022-12-23 07:21:57,209 [pool-117-thread-1] INFO  server.RaftServerConfigKeys (ConfUtils.java:logGet(46)) - raft.server.log.queue.byte-limit = 4294967296 (custom)
2022-12-23 07:21:57,209 [pool-117-thread-1] INFO  server.RaftServerConfigKeys (ConfUtils.java:logGet(46)) - raft.server.log.queue.element-limit = 1024 (custom)
2022-12-23 07:21:57,210 [pool-117-thread-1] INFO  server.RaftServerConfigKeys (ConfUtils.java:logGet(46)) - raft.server.log.segment.size.max = 1048576 (custom)
2022-12-23 07:21:57,210 [pool-117-thread-1] INFO  server.RaftServerConfigKeys (ConfUtils.java:logGet(46)) - raft.server.log.preallocated.size = 16384 (custom)
2022-12-23 07:21:57,210 [pool-117-thread-1] INFO  server.RaftServerConfigKeys (ConfUtils.java:logGet(46)) - raft.server.log.force.sync.num = 128 (default)
2022-12-23 07:21:57,210 [pool-117-thread-1] INFO  server.RaftServerConfigKeys (ConfUtils.java:logGet(46)) - raft.server.log.statemachine.data.sync = true (default)
2022-12-23 07:21:57,210 [pool-117-thread-1] INFO  server.RaftServerConfigKeys (ConfUtils.java:logGet(46)) - raft.server.log.statemachine.data.sync.timeout = 10s (default)
2022-12-23 07:21:57,210 [pool-117-thread-1] INFO  server.RaftServerConfigKeys (ConfUtils.java:logGet(46)) - raft.server.log.statemachine.data.sync.timeout.retry = -1 (default)
2022-12-23 07:21:57,216 [pool-117-thread-1] INFO  server.RaftServerConfigKeys (ConfUtils.java:logGet(46)) - raft.server.log.write.buffer.size = 1048576 (custom)
2022-12-23 07:21:57,217 [EventQueue-CommandQueueReportForCommandQueueReportHandler] WARN  events.EventQueue (EventQueue.java:fireEvent(216)) - No event handler registered for event TypedEvent{payloadType=DatanodeDetails, name='Datanode_Command_Queue_Updated'}
2022-12-23 07:21:57,218 [pool-117-thread-1] INFO  server.RaftServerConfigKeys (ConfUtils.java:logGet(46)) - raft.server.log.appender.buffer.byte-limit = 33554432 (custom)
2022-12-23 07:21:57,217 [EventQueue-OpenPipelineForHealthyPipelineSafeModeRule] INFO  safemode.SCMSafeModeManager (HealthyPipelineSafeModeRule.java:process(137)) - SCM in safe mode. Healthy pipelines reported count is 0, required healthy pipeline reported count is 1
2022-12-23 07:21:57,230 [pool-117-thread-1] INFO  server.RaftServerConfigKeys (ConfUtils.java:logGet(46)) - raft.server.log.unsafe-flush.enabled = false (default)
2022-12-23 07:21:57,230 [pool-117-thread-1] INFO  server.RaftServerConfigKeys (ConfUtils.java:logGet(46)) - raft.server.log.async-flush.enabled = false (default)
2022-12-23 07:21:57,230 [pool-117-thread-1] INFO  server.RaftServerConfigKeys (ConfUtils.java:logGet(46)) - raft.server.log.statemachine.data.caching.enabled = true (custom)
2022-12-23 07:21:57,231 [pool-117-thread-1] INFO  segmented.SegmentedRaftLogWorker (SegmentedRaftLogWorker.java:lambda$new$0(135)) - 27506167-95e6-4797-adb1-1fb01595b454@group-04CE026E210D-SegmentedRaftLogWorker: flushIndex: setUnconditionally 0 -> -1
2022-12-23 07:21:57,231 [pool-117-thread-1] INFO  segmented.SegmentedRaftLogWorker (SegmentedRaftLogWorker.java:lambda$new$0(135)) - 27506167-95e6-4797-adb1-1fb01595b454@group-04CE026E210D-SegmentedRaftLogWorker: safeCacheEvictIndex: setUnconditionally 0 -> -1
2022-12-23 07:21:57,236 [pool-117-thread-1] INFO  server.RaftServer$Division (RaftServerImpl.java:start(334)) - 27506167-95e6-4797-adb1-1fb01595b454@group-04CE026E210D: start as a follower, conf=-1: peers:[f9c6c4e6-3ebb-4fc7-9007-585428eee4da|rpc:10.1.0.40:45863|dataStream:10.1.0.40:44515|priority:0|startupRole:FOLLOWER, 534fd103-7cee-4470-a641-897605723ec1|rpc:10.1.0.40:43583|dataStream:10.1.0.40:44545|priority:0|startupRole:FOLLOWER, 27506167-95e6-4797-adb1-1fb01595b454|rpc:10.1.0.40:33237|dataStream:10.1.0.40:46371|priority:1|startupRole:FOLLOWER]|listeners:[], old=null
2022-12-23 07:21:57,237 [pool-117-thread-1] INFO  server.RaftServer$Division (RaftServerImpl.java:setRole(321)) - 27506167-95e6-4797-adb1-1fb01595b454@group-04CE026E210D: changes role from      null to FOLLOWER at term 0 for startAsFollower
2022-12-23 07:21:57,237 [pool-117-thread-1] INFO  impl.RoleInfo (RoleInfo.java:updateAndGet(139)) - 27506167-95e6-4797-adb1-1fb01595b454: start 27506167-95e6-4797-adb1-1fb01595b454@group-04CE026E210D-FollowerState
2022-12-23 07:21:57,241 [pool-117-thread-1] INFO  util.JmxRegister (JmxRegister.java:tryRegister(44)) - Successfully registered JMX Bean with object name Ratis:service=RaftServer,group=group-04CE026E210D,id=27506167-95e6-4797-adb1-1fb01595b454
2022-12-23 07:21:57,241 [27506167-95e6-4797-adb1-1fb01595b454@group-04CE026E210D-FollowerState] INFO  server.RaftServerConfigKeys (ConfUtils.java:logFallback(53)) - raft.server.rpc.first-election.timeout.min = 5s (fallback to raft.server.rpc.timeout.min)
2022-12-23 07:21:57,241 [pool-117-thread-1] INFO  server.RaftServerConfigKeys (ConfUtils.java:logGet(46)) - raft.server.snapshot.auto.trigger.enabled = true (custom)
2022-12-23 07:21:57,243 [pool-117-thread-1] INFO  server.RaftServerConfigKeys (ConfUtils.java:logGet(46)) - raft.server.snapshot.auto.trigger.threshold = 10000 (custom)
2022-12-23 07:21:57,243 [pool-117-thread-1] INFO  server.RaftServerConfigKeys (ConfUtils.java:logGet(46)) - raft.server.snapshot.retention.file.num = 5 (custom)
2022-12-23 07:21:57,243 [pool-117-thread-1] INFO  server.RaftServerConfigKeys (ConfUtils.java:logGet(46)) - raft.server.log.purge.upto.snapshot.index = false (default)
2022-12-23 07:21:57,243 [27506167-95e6-4797-adb1-1fb01595b454@group-04CE026E210D-FollowerState] INFO  server.RaftServerConfigKeys (ConfUtils.java:logFallback(53)) - raft.server.rpc.first-election.timeout.max = 5200ms (fallback to raft.server.rpc.timeout.max)
2022-12-23 07:21:57,246 [Command processor thread] INFO  ratis.XceiverServerRatis (XceiverServerRatis.java:addGroup(806)) - Created group PipelineID=6bdb96a7-25e9-46d3-b8ce-04ce026e210d
2022-12-23 07:21:57,267 [Command processor thread] INFO  commandhandler.CreatePipelineCommandHandler (CreatePipelineCommandHandler.java:handle(113)) - Created Pipeline RATIS THREE PipelineID=56e6365e-3db3-4c19-a3de-96398c6c114b.
2022-12-23 07:21:57,267 [Command processor thread] INFO  server.RaftServer (RaftServerProxy.java:addNew(96)) - f9c6c4e6-3ebb-4fc7-9007-585428eee4da: addNew group-04CE026E210D:[f9c6c4e6-3ebb-4fc7-9007-585428eee4da|rpc:10.1.0.40:45863|dataStream:10.1.0.40:44515|priority:0|startupRole:FOLLOWER, 534fd103-7cee-4470-a641-897605723ec1|rpc:10.1.0.40:43583|dataStream:10.1.0.40:44545|priority:0|startupRole:FOLLOWER, 27506167-95e6-4797-adb1-1fb01595b454|rpc:10.1.0.40:33237|dataStream:10.1.0.40:46371|priority:1|startupRole:FOLLOWER] returns group-04CE026E210D:java.util.concurrent.CompletableFuture@14fcee42[Not completed]
2022-12-23 07:21:57,270 [pool-71-thread-1] INFO  server.RaftServer$Division (RaftServerImpl.java:<init>(195)) - f9c6c4e6-3ebb-4fc7-9007-585428eee4da: new RaftServerImpl for group-04CE026E210D:[f9c6c4e6-3ebb-4fc7-9007-585428eee4da|rpc:10.1.0.40:45863|dataStream:10.1.0.40:44515|priority:0|startupRole:FOLLOWER, 534fd103-7cee-4470-a641-897605723ec1|rpc:10.1.0.40:43583|dataStream:10.1.0.40:44545|priority:0|startupRole:FOLLOWER, 27506167-95e6-4797-adb1-1fb01595b454|rpc:10.1.0.40:33237|dataStream:10.1.0.40:46371|priority:1|startupRole:FOLLOWER] with ContainerStateMachine:uninitialized
2022-12-23 07:21:57,270 [pool-71-thread-1] INFO  server.RaftServerConfigKeys (ConfUtils.java:logGet(46)) - raft.server.rpc.timeout.min = 5s (custom)
2022-12-23 07:21:57,270 [pool-71-thread-1] INFO  server.RaftServerConfigKeys (ConfUtils.java:logGet(46)) - raft.server.rpc.timeout.max = 5200ms (custom)
2022-12-23 07:21:57,270 [pool-71-thread-1] INFO  server.RaftServerConfigKeys (ConfUtils.java:logGet(46)) - raft.server.rpc.sleep.time = 25ms (default)
2022-12-23 07:21:57,270 [pool-71-thread-1] INFO  server.RaftServerConfigKeys (ConfUtils.java:logGet(46)) - raft.server.rpc.slowness.timeout = 300s (custom)
2022-12-23 07:21:57,270 [pool-71-thread-1] INFO  server.RaftServerConfigKeys (ConfUtils.java:logGet(46)) - raft.server.leaderelection.leader.step-down.wait-time = 10s (default)
2022-12-23 07:21:57,270 [pool-71-thread-1] INFO  server.RaftServerConfigKeys (ConfUtils.java:logGet(46)) - raft.server.sleep.deviation.threshold = 300ms (default)
2022-12-23 07:21:57,270 [pool-71-thread-1] INFO  server.RaftServer$Division (ServerState.java:<init>(118)) - f9c6c4e6-3ebb-4fc7-9007-585428eee4da@group-04CE026E210D: ConfigurationManager, init=-1: peers:[f9c6c4e6-3ebb-4fc7-9007-585428eee4da|rpc:10.1.0.40:45863|dataStream:10.1.0.40:44515|priority:0|startupRole:FOLLOWER, 534fd103-7cee-4470-a641-897605723ec1|rpc:10.1.0.40:43583|dataStream:10.1.0.40:44545|priority:0|startupRole:FOLLOWER, 27506167-95e6-4797-adb1-1fb01595b454|rpc:10.1.0.40:33237|dataStream:10.1.0.40:46371|priority:1|startupRole:FOLLOWER]|listeners:[], old=null, confs=<EMPTY_MAP>
2022-12-23 07:21:57,270 [pool-71-thread-1] INFO  server.RaftServerConfigKeys (ConfUtils.java:logGet(46)) - raft.server.storage.dir = [/home/runner/work/ozone/ozone/hadoop-ozone/integration-test/target/test-dir/MiniOzoneClusterImpl-66463c8b-75bf-445d-aa1e-0d17c384043c/datanode-0/data/ratis] (custom)
2022-12-23 07:21:57,271 [pool-71-thread-1] INFO  server.RaftServerConfigKeys (ConfUtils.java:logGet(46)) - raft.server.log.corruption.policy = EXCEPTION (default)
2022-12-23 07:21:57,271 [pool-71-thread-1] INFO  server.RaftServerConfigKeys (ConfUtils.java:logGet(46)) - raft.server.storage.free-space.min = 0MB (=0) (default)
2022-12-23 07:21:57,271 [pool-71-thread-1] INFO  server.RaftServerConfigKeys (ConfUtils.java:logGet(46)) - raft.server.notification.no-leader.timeout = 300s (custom)
2022-12-23 07:21:57,271 [pool-71-thread-1] INFO  server.RaftServerConfigKeys (ConfUtils.java:logGet(46)) - raft.server.retrycache.expirytime = 600000ms (custom)
2022-12-23 07:21:57,271 [pool-71-thread-1] INFO  server.RaftServerConfigKeys (ConfUtils.java:logGet(46)) - raft.server.retrycache.statistics.expirytime = 100μs (default)
2022-12-23 07:21:57,272 [pool-71-thread-1] INFO  server.RaftServerConfigKeys (ConfUtils.java:logGet(46)) - raft.server.log.appender.install.snapshot.enabled = false (custom)
2022-12-23 07:21:57,272 [pool-71-thread-1] INFO  server.RaftServerConfigKeys (ConfUtils.java:logGet(46)) - raft.server.threadpool.server.cached = true (default)
2022-12-23 07:21:57,272 [pool-71-thread-1] INFO  server.RaftServerConfigKeys (ConfUtils.java:logGet(46)) - raft.server.threadpool.server.size = 0 (default)
2022-12-23 07:21:57,272 [pool-71-thread-1] INFO  server.RaftServerConfigKeys (ConfUtils.java:logGet(46)) - raft.server.threadpool.client.cached = true (default)
2022-12-23 07:21:57,272 [pool-71-thread-1] INFO  server.RaftServerConfigKeys (ConfUtils.java:logGet(46)) - raft.server.threadpool.client.size = 0 (default)
2022-12-23 07:21:57,272 [pool-71-thread-1] INFO  storage.RaftStorageDirectory (RaftStorageDirectoryImpl.java:analyzeStorage(137)) - The storage directory /home/runner/work/ozone/ozone/hadoop-ozone/integration-test/target/test-dir/MiniOzoneClusterImpl-66463c8b-75bf-445d-aa1e-0d17c384043c/datanode-0/data/ratis/6bdb96a7-25e9-46d3-b8ce-04ce026e210d does not exist. Creating ...
2022-12-23 07:21:57,275 [pool-71-thread-1] INFO  storage.RaftStorageDirectory (RaftStorageDirectoryImpl.java:tryLock(231)) - Lock on /home/runner/work/ozone/ozone/hadoop-ozone/integration-test/target/test-dir/MiniOzoneClusterImpl-66463c8b-75bf-445d-aa1e-0d17c384043c/datanode-0/data/ratis/6bdb96a7-25e9-46d3-b8ce-04ce026e210d/in_use.lock acquired by nodename 81300@fv-az505-480
2022-12-23 07:21:57,278 [pool-71-thread-1] INFO  storage.RaftStorage (RaftStorageImpl.java:format(96)) - Storage directory /home/runner/work/ozone/ozone/hadoop-ozone/integration-test/target/test-dir/MiniOzoneClusterImpl-66463c8b-75bf-445d-aa1e-0d17c384043c/datanode-0/data/ratis/6bdb96a7-25e9-46d3-b8ce-04ce026e210d has been successfully formatted.
2022-12-23 07:21:57,280 [pool-71-thread-1] INFO  ratis.ContainerStateMachine (ContainerStateMachine.java:loadSnapshot(240)) - group-04CE026E210D: The snapshot info is null. Setting the last applied indexto:(t:0, i:~)
2022-12-23 07:21:57,280 [pool-71-thread-1] INFO  server.RaftServerConfigKeys (ConfUtils.java:logGet(46)) - raft.server.log.use.memory = false (default)
2022-12-23 07:21:57,281 [pool-71-thread-1] INFO  server.RaftServerConfigKeys (ConfUtils.java:logGet(46)) - raft.server.log.purge.gap = 1000000 (custom)
2022-12-23 07:21:57,281 [pool-71-thread-1] INFO  server.RaftServerConfigKeys (ConfUtils.java:logGet(46)) - raft.server.log.appender.buffer.byte-limit = 33554432 (custom)
2022-12-23 07:21:57,281 [pool-71-thread-1] INFO  server.RaftServerConfigKeys (ConfUtils.java:logGet(46)) - raft.server.log.statemachine.data.read.timeout = 1000ms (default)
2022-12-23 07:21:57,281 [pool-71-thread-1] INFO  server.RaftServerConfigKeys (ConfUtils.java:logGet(46)) - raft.server.log.purge.preservation.log.num = 0 (default)
2022-12-23 07:21:57,281 [pool-71-thread-1] INFO  server.RaftServerConfigKeys (ConfUtils.java:logGet(46)) - raft.server.log.segment.size.max = 1048576 (custom)
2022-12-23 07:21:57,281 [pool-71-thread-1] INFO  server.RaftServerConfigKeys (ConfUtils.java:logGet(46)) - raft.server.log.segment.cache.num.max = 2 (custom)
2022-12-23 07:21:57,282 [pool-71-thread-1] INFO  server.RaftServerConfigKeys (ConfUtils.java:logGet(46)) - raft.server.log.segment.cache.size.max = 200MB (=209715200) (default)
2022-12-23 07:21:57,282 [pool-71-thread-1] INFO  segmented.SegmentedRaftLogWorker (SegmentedRaftLogWorker.java:<init>(189)) - new f9c6c4e6-3ebb-4fc7-9007-585428eee4da@group-04CE026E210D-SegmentedRaftLogWorker for RaftStorageImpl:Storage Directory /home/runner/work/ozone/ozone/hadoop-ozone/integration-test/target/test-dir/MiniOzoneClusterImpl-66463c8b-75bf-445d-aa1e-0d17c384043c/datanode-0/data/ratis/6bdb96a7-25e9-46d3-b8ce-04ce026e210d
2022-12-23 07:21:57,282 [pool-71-thread-1] INFO  server.RaftServerConfigKeys (ConfUtils.java:logGet(46)) - raft.server.log.queue.byte-limit = 4294967296 (custom)
2022-12-23 07:21:57,282 [pool-71-thread-1] INFO  server.RaftServerConfigKeys (ConfUtils.java:logGet(46)) - raft.server.log.queue.element-limit = 1024 (custom)
2022-12-23 07:21:57,282 [pool-71-thread-1] INFO  server.RaftServerConfigKeys (ConfUtils.java:logGet(46)) - raft.server.log.segment.size.max = 1048576 (custom)
2022-12-23 07:21:57,282 [pool-71-thread-1] INFO  server.RaftServerConfigKeys (ConfUtils.java:logGet(46)) - raft.server.log.preallocated.size = 16384 (custom)
2022-12-23 07:21:57,282 [pool-71-thread-1] INFO  server.RaftServerConfigKeys (ConfUtils.java:logGet(46)) - raft.server.log.force.sync.num = 128 (default)
2022-12-23 07:21:57,282 [pool-71-thread-1] INFO  server.RaftServerConfigKeys (ConfUtils.java:logGet(46)) - raft.server.log.statemachine.data.sync = true (default)
2022-12-23 07:21:57,282 [pool-71-thread-1] INFO  server.RaftServerConfigKeys (ConfUtils.java:logGet(46)) - raft.server.log.statemachine.data.sync.timeout = 10s (default)
2022-12-23 07:21:57,282 [pool-71-thread-1] INFO  server.RaftServerConfigKeys (ConfUtils.java:logGet(46)) - raft.server.log.statemachine.data.sync.timeout.retry = -1 (default)
2022-12-23 07:21:57,284 [EventQueue-CommandQueueReportForCommandQueueReportHandler] WARN  events.EventQueue (EventQueue.java:fireEvent(216)) - No event handler registered for event TypedEvent{payloadType=DatanodeDetails, name='Datanode_Command_Queue_Updated'}
2022-12-23 07:21:57,284 [EventQueue-OpenPipelineForHealthyPipelineSafeModeRule] INFO  safemode.SCMSafeModeManager (HealthyPipelineSafeModeRule.java:process(137)) - SCM in safe mode. Healthy pipelines reported count is 0, required healthy pipeline reported count is 1
2022-12-23 07:21:57,289 [pool-71-thread-1] INFO  server.RaftServerConfigKeys (ConfUtils.java:logGet(46)) - raft.server.log.write.buffer.size = 1048576 (custom)
2022-12-23 07:21:57,289 [pool-71-thread-1] INFO  server.RaftServerConfigKeys (ConfUtils.java:logGet(46)) - raft.server.log.appender.buffer.byte-limit = 33554432 (custom)
2022-12-23 07:21:57,295 [pool-71-thread-1] INFO  server.RaftServerConfigKeys (ConfUtils.java:logGet(46)) - raft.server.log.unsafe-flush.enabled = false (default)
2022-12-23 07:21:57,295 [pool-71-thread-1] INFO  server.RaftServerConfigKeys (ConfUtils.java:logGet(46)) - raft.server.log.async-flush.enabled = false (default)
2022-12-23 07:21:57,295 [pool-71-thread-1] INFO  server.RaftServerConfigKeys (ConfUtils.java:logGet(46)) - raft.server.log.statemachine.data.caching.enabled = true (custom)
2022-12-23 07:21:57,295 [pool-71-thread-1] INFO  segmented.SegmentedRaftLogWorker (SegmentedRaftLogWorker.java:lambda$new$0(135)) - f9c6c4e6-3ebb-4fc7-9007-585428eee4da@group-04CE026E210D-SegmentedRaftLogWorker: flushIndex: setUnconditionally 0 -> -1
2022-12-23 07:21:57,295 [pool-71-thread-1] INFO  segmented.SegmentedRaftLogWorker (SegmentedRaftLogWorker.java:lambda$new$0(135)) - f9c6c4e6-3ebb-4fc7-9007-585428eee4da@group-04CE026E210D-SegmentedRaftLogWorker: safeCacheEvictIndex: setUnconditionally 0 -> -1
2022-12-23 07:21:57,296 [pool-71-thread-1] INFO  server.RaftServer$Division (RaftServerImpl.java:start(334)) - f9c6c4e6-3ebb-4fc7-9007-585428eee4da@group-04CE026E210D: start as a follower, conf=-1: peers:[f9c6c4e6-3ebb-4fc7-9007-585428eee4da|rpc:10.1.0.40:45863|dataStream:10.1.0.40:44515|priority:0|startupRole:FOLLOWER, 534fd103-7cee-4470-a641-897605723ec1|rpc:10.1.0.40:43583|dataStream:10.1.0.40:44545|priority:0|startupRole:FOLLOWER, 27506167-95e6-4797-adb1-1fb01595b454|rpc:10.1.0.40:33237|dataStream:10.1.0.40:46371|priority:1|startupRole:FOLLOWER]|listeners:[], old=null
2022-12-23 07:21:57,296 [pool-71-thread-1] INFO  server.RaftServer$Division (RaftServerImpl.java:setRole(321)) - f9c6c4e6-3ebb-4fc7-9007-585428eee4da@group-04CE026E210D: changes role from      null to FOLLOWER at term 0 for startAsFollower
2022-12-23 07:21:57,296 [pool-71-thread-1] INFO  impl.RoleInfo (RoleInfo.java:updateAndGet(139)) - f9c6c4e6-3ebb-4fc7-9007-585428eee4da: start f9c6c4e6-3ebb-4fc7-9007-585428eee4da@group-04CE026E210D-FollowerState
2022-12-23 07:21:57,296 [pool-71-thread-1] INFO  util.JmxRegister (JmxRegister.java:tryRegister(44)) - Successfully registered JMX Bean with object name Ratis:service=RaftServer,group=group-04CE026E210D,id=f9c6c4e6-3ebb-4fc7-9007-585428eee4da
2022-12-23 07:21:57,296 [pool-71-thread-1] INFO  server.RaftServerConfigKeys (ConfUtils.java:logGet(46)) - raft.server.snapshot.auto.trigger.enabled = true (custom)
2022-12-23 07:21:57,296 [pool-71-thread-1] INFO  server.RaftServerConfigKeys (ConfUtils.java:logGet(46)) - raft.server.snapshot.auto.trigger.threshold = 10000 (custom)
2022-12-23 07:21:57,297 [pool-71-thread-1] INFO  server.RaftServerConfigKeys (ConfUtils.java:logGet(46)) - raft.server.snapshot.retention.file.num = 5 (custom)
2022-12-23 07:21:57,297 [pool-71-thread-1] INFO  server.RaftServerConfigKeys (ConfUtils.java:logGet(46)) - raft.server.log.purge.upto.snapshot.index = false (default)
2022-12-23 07:21:57,297 [f9c6c4e6-3ebb-4fc7-9007-585428eee4da@group-04CE026E210D-FollowerState] INFO  server.RaftServerConfigKeys (ConfUtils.java:logFallback(53)) - raft.server.rpc.first-election.timeout.min = 5s (fallback to raft.server.rpc.timeout.min)
2022-12-23 07:21:57,308 [Command processor thread] INFO  commandhandler.CreatePipelineCommandHandler (CreatePipelineCommandHandler.java:handle(113)) - Created Pipeline RATIS THREE PipelineID=56e6365e-3db3-4c19-a3de-96398c6c114b.
2022-12-23 07:21:57,305 [Command processor thread] INFO  ratis.XceiverServerRatis (XceiverServerRatis.java:addGroup(806)) - Created group PipelineID=6bdb96a7-25e9-46d3-b8ce-04ce026e210d
2022-12-23 07:21:57,302 [pool-94-thread-1] INFO  server.RaftServer$Division (RaftServerImpl.java:<init>(195)) - 534fd103-7cee-4470-a641-897605723ec1: new RaftServerImpl for group-04CE026E210D:[f9c6c4e6-3ebb-4fc7-9007-585428eee4da|rpc:10.1.0.40:45863|dataStream:10.1.0.40:44515|priority:0|startupRole:FOLLOWER, 534fd103-7cee-4470-a641-897605723ec1|rpc:10.1.0.40:43583|dataStream:10.1.0.40:44545|priority:0|startupRole:FOLLOWER, 27506167-95e6-4797-adb1-1fb01595b454|rpc:10.1.0.40:33237|dataStream:10.1.0.40:46371|priority:1|startupRole:FOLLOWER] with ContainerStateMachine:uninitialized
2022-12-23 07:21:57,300 [grpc-default-executor-1] INFO  server.RaftServer (RaftServerProxy.java:addNew(96)) - 534fd103-7cee-4470-a641-897605723ec1: addNew group-04CE026E210D:[f9c6c4e6-3ebb-4fc7-9007-585428eee4da|rpc:10.1.0.40:45863|dataStream:10.1.0.40:44515|priority:0|startupRole:FOLLOWER, 534fd103-7cee-4470-a641-897605723ec1|rpc:10.1.0.40:43583|dataStream:10.1.0.40:44545|priority:0|startupRole:FOLLOWER, 27506167-95e6-4797-adb1-1fb01595b454|rpc:10.1.0.40:33237|dataStream:10.1.0.40:46371|priority:1|startupRole:FOLLOWER] returns group-04CE026E210D:java.util.concurrent.CompletableFuture@172edd35[Not completed]
2022-12-23 07:21:57,309 [pool-94-thread-1] INFO  server.RaftServerConfigKeys (ConfUtils.java:logGet(46)) - raft.server.rpc.timeout.min = 5s (custom)
2022-12-23 07:21:57,319 [f9c6c4e6-3ebb-4fc7-9007-585428eee4da@group-04CE026E210D-FollowerState] INFO  server.RaftServerConfigKeys (ConfUtils.java:logFallback(53)) - raft.server.rpc.first-election.timeout.max = 5200ms (fallback to raft.server.rpc.timeout.max)
2022-12-23 07:21:57,323 [pool-94-thread-1] INFO  server.RaftServerConfigKeys (ConfUtils.java:logGet(46)) - raft.server.rpc.timeout.max = 5200ms (custom)
2022-12-23 07:21:57,327 [pool-94-thread-1] INFO  server.RaftServerConfigKeys (ConfUtils.java:logGet(46)) - raft.server.rpc.sleep.time = 25ms (default)
2022-12-23 07:21:57,327 [pool-94-thread-1] INFO  server.RaftServerConfigKeys (ConfUtils.java:logGet(46)) - raft.server.rpc.slowness.timeout = 300s (custom)
2022-12-23 07:21:57,327 [pool-94-thread-1] INFO  server.RaftServerConfigKeys (ConfUtils.java:logGet(46)) - raft.server.leaderelection.leader.step-down.wait-time = 10s (default)
2022-12-23 07:21:57,328 [pool-94-thread-1] INFO  server.RaftServerConfigKeys (ConfUtils.java:logGet(46)) - raft.server.sleep.deviation.threshold = 300ms (default)
2022-12-23 07:21:57,328 [pool-94-thread-1] INFO  server.RaftServer$Division (ServerState.java:<init>(118)) - 534fd103-7cee-4470-a641-897605723ec1@group-04CE026E210D: ConfigurationManager, init=-1: peers:[f9c6c4e6-3ebb-4fc7-9007-585428eee4da|rpc:10.1.0.40:45863|dataStream:10.1.0.40:44515|priority:0|startupRole:FOLLOWER, 534fd103-7cee-4470-a641-897605723ec1|rpc:10.1.0.40:43583|dataStream:10.1.0.40:44545|priority:0|startupRole:FOLLOWER, 27506167-95e6-4797-adb1-1fb01595b454|rpc:10.1.0.40:33237|dataStream:10.1.0.40:46371|priority:1|startupRole:FOLLOWER]|listeners:[], old=null, confs=<EMPTY_MAP>
2022-12-23 07:21:57,328 [pool-94-thread-1] INFO  server.RaftServerConfigKeys (ConfUtils.java:logGet(46)) - raft.server.storage.dir = [/home/runner/work/ozone/ozone/hadoop-ozone/integration-test/target/test-dir/MiniOzoneClusterImpl-66463c8b-75bf-445d-aa1e-0d17c384043c/datanode-1/data/ratis] (custom)
2022-12-23 07:21:57,328 [pool-94-thread-1] INFO  server.RaftServerConfigKeys (ConfUtils.java:logGet(46)) - raft.server.log.corruption.policy = EXCEPTION (default)
2022-12-23 07:21:57,328 [pool-94-thread-1] INFO  server.RaftServerConfigKeys (ConfUtils.java:logGet(46)) - raft.server.storage.free-space.min = 0MB (=0) (default)
2022-12-23 07:21:57,328 [pool-94-thread-1] INFO  server.RaftServerConfigKeys (ConfUtils.java:logGet(46)) - raft.server.notification.no-leader.timeout = 300s (custom)
2022-12-23 07:21:57,328 [pool-94-thread-1] INFO  server.RaftServerConfigKeys (ConfUtils.java:logGet(46)) - raft.server.retrycache.expirytime = 600000ms (custom)
2022-12-23 07:21:57,328 [pool-94-thread-1] INFO  server.RaftServerConfigKeys (ConfUtils.java:logGet(46)) - raft.server.retrycache.statistics.expirytime = 100μs (default)
2022-12-23 07:21:57,329 [pool-94-thread-1] INFO  server.RaftServerConfigKeys (ConfUtils.java:logGet(46)) - raft.server.log.appender.install.snapshot.enabled = false (custom)
2022-12-23 07:21:57,329 [pool-94-thread-1] INFO  server.RaftServerConfigKeys (ConfUtils.java:logGet(46)) - raft.server.threadpool.server.cached = true (default)
2022-12-23 07:21:57,329 [pool-94-thread-1] INFO  server.RaftServerConfigKeys (ConfUtils.java:logGet(46)) - raft.server.threadpool.server.size = 0 (default)
2022-12-23 07:21:57,330 [pool-94-thread-1] INFO  server.RaftServerConfigKeys (ConfUtils.java:logGet(46)) - raft.server.threadpool.client.cached = true (default)
2022-12-23 07:21:57,330 [pool-94-thread-1] INFO  server.RaftServerConfigKeys (ConfUtils.java:logGet(46)) - raft.server.threadpool.client.size = 0 (default)
2022-12-23 07:21:57,330 [pool-94-thread-1] INFO  storage.RaftStorageDirectory (RaftStorageDirectoryImpl.java:analyzeStorage(137)) - The storage directory /home/runner/work/ozone/ozone/hadoop-ozone/integration-test/target/test-dir/MiniOzoneClusterImpl-66463c8b-75bf-445d-aa1e-0d17c384043c/datanode-1/data/ratis/6bdb96a7-25e9-46d3-b8ce-04ce026e210d does not exist. Creating ...
2022-12-23 07:21:57,332 [pool-94-thread-1] INFO  storage.RaftStorageDirectory (RaftStorageDirectoryImpl.java:tryLock(231)) - Lock on /home/runner/work/ozone/ozone/hadoop-ozone/integration-test/target/test-dir/MiniOzoneClusterImpl-66463c8b-75bf-445d-aa1e-0d17c384043c/datanode-1/data/ratis/6bdb96a7-25e9-46d3-b8ce-04ce026e210d/in_use.lock acquired by nodename 81300@fv-az505-480
2022-12-23 07:21:57,334 [pool-94-thread-1] INFO  storage.RaftStorage (RaftStorageImpl.java:format(96)) - Storage directory /home/runner/work/ozone/ozone/hadoop-ozone/integration-test/target/test-dir/MiniOzoneClusterImpl-66463c8b-75bf-445d-aa1e-0d17c384043c/datanode-1/data/ratis/6bdb96a7-25e9-46d3-b8ce-04ce026e210d has been successfully formatted.
2022-12-23 07:21:57,334 [pool-94-thread-1] INFO  ratis.ContainerStateMachine (ContainerStateMachine.java:loadSnapshot(240)) - group-04CE026E210D: The snapshot info is null. Setting the last applied indexto:(t:0, i:~)
2022-12-23 07:21:57,335 [pool-94-thread-1] INFO  server.RaftServerConfigKeys (ConfUtils.java:logGet(46)) - raft.server.log.use.memory = false (default)
2022-12-23 07:21:57,335 [pool-94-thread-1] INFO  server.RaftServerConfigKeys (ConfUtils.java:logGet(46)) - raft.server.log.purge.gap = 1000000 (custom)
2022-12-23 07:21:57,335 [pool-94-thread-1] INFO  server.RaftServerConfigKeys (ConfUtils.java:logGet(46)) - raft.server.log.appender.buffer.byte-limit = 33554432 (custom)
2022-12-23 07:21:57,335 [pool-94-thread-1] INFO  server.RaftServerConfigKeys (ConfUtils.java:logGet(46)) - raft.server.log.statemachine.data.read.timeout = 1000ms (default)
2022-12-23 07:21:57,335 [pool-94-thread-1] INFO  server.RaftServerConfigKeys (ConfUtils.java:logGet(46)) - raft.server.log.purge.preservation.log.num = 0 (default)
2022-12-23 07:21:57,335 [pool-94-thread-1] INFO  server.RaftServerConfigKeys (ConfUtils.java:logGet(46)) - raft.server.log.segment.size.max = 1048576 (custom)
2022-12-23 07:21:57,335 [pool-94-thread-1] INFO  server.RaftServerConfigKeys (ConfUtils.java:logGet(46)) - raft.server.log.segment.cache.num.max = 2 (custom)
2022-12-23 07:21:57,335 [pool-94-thread-1] INFO  server.RaftServerConfigKeys (ConfUtils.java:logGet(46)) - raft.server.log.segment.cache.size.max = 200MB (=209715200) (default)
2022-12-23 07:21:57,336 [pool-94-thread-1] INFO  segmented.SegmentedRaftLogWorker (SegmentedRaftLogWorker.java:<init>(189)) - new 534fd103-7cee-4470-a641-897605723ec1@group-04CE026E210D-SegmentedRaftLogWorker for RaftStorageImpl:Storage Directory /home/runner/work/ozone/ozone/hadoop-ozone/integration-test/target/test-dir/MiniOzoneClusterImpl-66463c8b-75bf-445d-aa1e-0d17c384043c/datanode-1/data/ratis/6bdb96a7-25e9-46d3-b8ce-04ce026e210d
2022-12-23 07:21:57,336 [pool-94-thread-1] INFO  server.RaftServerConfigKeys (ConfUtils.java:logGet(46)) - raft.server.log.queue.byte-limit = 4294967296 (custom)
2022-12-23 07:21:57,336 [pool-94-thread-1] INFO  server.RaftServerConfigKeys (ConfUtils.java:logGet(46)) - raft.server.log.queue.element-limit = 1024 (custom)
2022-12-23 07:21:57,336 [pool-94-thread-1] INFO  server.RaftServerConfigKeys (ConfUtils.java:logGet(46)) - raft.server.log.segment.size.max = 1048576 (custom)
2022-12-23 07:21:57,336 [pool-94-thread-1] INFO  server.RaftServerConfigKeys (ConfUtils.java:logGet(46)) - raft.server.log.preallocated.size = 16384 (custom)
2022-12-23 07:21:57,336 [pool-94-thread-1] INFO  server.RaftServerConfigKeys (ConfUtils.java:logGet(46)) - raft.server.log.force.sync.num = 128 (default)
2022-12-23 07:21:57,339 [pool-94-thread-1] INFO  server.RaftServerConfigKeys (ConfUtils.java:logGet(46)) - raft.server.log.statemachine.data.sync = true (default)
2022-12-23 07:21:57,339 [pool-94-thread-1] INFO  server.RaftServerConfigKeys (ConfUtils.java:logGet(46)) - raft.server.log.statemachine.data.sync.timeout = 10s (default)
2022-12-23 07:21:57,339 [pool-94-thread-1] INFO  server.RaftServerConfigKeys (ConfUtils.java:logGet(46)) - raft.server.log.statemachine.data.sync.timeout.retry = -1 (default)
2022-12-23 07:21:57,339 [pool-94-thread-1] INFO  server.RaftServerConfigKeys (ConfUtils.java:logGet(46)) - raft.server.log.write.buffer.size = 1048576 (custom)
2022-12-23 07:21:57,342 [pool-94-thread-1] INFO  server.RaftServerConfigKeys (ConfUtils.java:logGet(46)) - raft.server.log.appender.buffer.byte-limit = 33554432 (custom)
2022-12-23 07:21:57,348 [pool-94-thread-1] INFO  server.RaftServerConfigKeys (ConfUtils.java:logGet(46)) - raft.server.log.unsafe-flush.enabled = false (default)
2022-12-23 07:21:57,348 [pool-94-thread-1] INFO  server.RaftServerConfigKeys (ConfUtils.java:logGet(46)) - raft.server.log.async-flush.enabled = false (default)
2022-12-23 07:21:57,348 [pool-94-thread-1] INFO  server.RaftServerConfigKeys (ConfUtils.java:logGet(46)) - raft.server.log.statemachine.data.caching.enabled = true (custom)
2022-12-23 07:21:57,349 [pool-94-thread-1] INFO  segmented.SegmentedRaftLogWorker (SegmentedRaftLogWorker.java:lambda$new$0(135)) - 534fd103-7cee-4470-a641-897605723ec1@group-04CE026E210D-SegmentedRaftLogWorker: flushIndex: setUnconditionally 0 -> -1
2022-12-23 07:21:57,349 [pool-94-thread-1] INFO  segmented.SegmentedRaftLogWorker (SegmentedRaftLogWorker.java:lambda$new$0(135)) - 534fd103-7cee-4470-a641-897605723ec1@group-04CE026E210D-SegmentedRaftLogWorker: safeCacheEvictIndex: setUnconditionally 0 -> -1
2022-12-23 07:21:57,353 [pool-94-thread-1] INFO  server.RaftServer$Division (RaftServerImpl.java:start(334)) - 534fd103-7cee-4470-a641-897605723ec1@group-04CE026E210D: start as a follower, conf=-1: peers:[f9c6c4e6-3ebb-4fc7-9007-585428eee4da|rpc:10.1.0.40:45863|dataStream:10.1.0.40:44515|priority:0|startupRole:FOLLOWER, 534fd103-7cee-4470-a641-897605723ec1|rpc:10.1.0.40:43583|dataStream:10.1.0.40:44545|priority:0|startupRole:FOLLOWER, 27506167-95e6-4797-adb1-1fb01595b454|rpc:10.1.0.40:33237|dataStream:10.1.0.40:46371|priority:1|startupRole:FOLLOWER]|listeners:[], old=null
2022-12-23 07:21:57,353 [pool-94-thread-1] INFO  server.RaftServer$Division (RaftServerImpl.java:setRole(321)) - 534fd103-7cee-4470-a641-897605723ec1@group-04CE026E210D: changes role from      null to FOLLOWER at term 0 for startAsFollower
2022-12-23 07:21:57,353 [pool-94-thread-1] INFO  impl.RoleInfo (RoleInfo.java:updateAndGet(139)) - 534fd103-7cee-4470-a641-897605723ec1: start 534fd103-7cee-4470-a641-897605723ec1@group-04CE026E210D-FollowerState
2022-12-23 07:21:57,353 [pool-94-thread-1] INFO  util.JmxRegister (JmxRegister.java:tryRegister(44)) - Successfully registered JMX Bean with object name Ratis:service=RaftServer,group=group-04CE026E210D,id=534fd103-7cee-4470-a641-897605723ec1
2022-12-23 07:21:57,353 [pool-94-thread-1] INFO  server.RaftServerConfigKeys (ConfUtils.java:logGet(46)) - raft.server.snapshot.auto.trigger.enabled = true (custom)
2022-12-23 07:21:57,353 [pool-94-thread-1] INFO  server.RaftServerConfigKeys (ConfUtils.java:logGet(46)) - raft.server.snapshot.auto.trigger.threshold = 10000 (custom)
2022-12-23 07:21:57,353 [pool-94-thread-1] INFO  server.RaftServerConfigKeys (ConfUtils.java:logGet(46)) - raft.server.snapshot.retention.file.num = 5 (custom)
2022-12-23 07:21:57,354 [pool-94-thread-1] INFO  server.RaftServerConfigKeys (ConfUtils.java:logGet(46)) - raft.server.log.purge.upto.snapshot.index = false (default)
2022-12-23 07:21:57,354 [EventQueue-CommandQueueReportForCommandQueueReportHandler] WARN  events.EventQueue (EventQueue.java:fireEvent(216)) - No event handler registered for event TypedEvent{payloadType=DatanodeDetails, name='Datanode_Command_Queue_Updated'}
2022-12-23 07:21:57,355 [534fd103-7cee-4470-a641-897605723ec1@group-04CE026E210D-FollowerState] INFO  server.RaftServerConfigKeys (ConfUtils.java:logFallback(53)) - raft.server.rpc.first-election.timeout.min = 5s (fallback to raft.server.rpc.timeout.min)
2022-12-23 07:21:57,355 [EventQueue-OpenPipelineForHealthyPipelineSafeModeRule] INFO  safemode.SCMSafeModeManager (HealthyPipelineSafeModeRule.java:process(137)) - SCM in safe mode. Healthy pipelines reported count is 0, required healthy pipeline reported count is 1
2022-12-23 07:21:57,367 [534fd103-7cee-4470-a641-897605723ec1@group-04CE026E210D-FollowerState] INFO  server.RaftServerConfigKeys (ConfUtils.java:logFallback(53)) - raft.server.rpc.first-election.timeout.max = 5200ms (fallback to raft.server.rpc.timeout.max)
2022-12-23 07:21:57,404 [Command processor thread] INFO  commandhandler.CreatePipelineCommandHandler (CreatePipelineCommandHandler.java:handle(113)) - Created Pipeline RATIS THREE PipelineID=6bdb96a7-25e9-46d3-b8ce-04ce026e210d.
2022-12-23 07:21:57,417 [Command processor thread] INFO  commandhandler.CreatePipelineCommandHandler (CreatePipelineCommandHandler.java:handle(113)) - Created Pipeline RATIS THREE PipelineID=6bdb96a7-25e9-46d3-b8ce-04ce026e210d.
2022-12-23 07:21:58,118 [Listener at 127.0.0.1/38243] INFO  ozone.MiniOzoneClusterImpl (MiniOzoneClusterImpl.java:lambda$waitForClusterToBeReady$0(217)) - Nodes are ready. Got 3 of 3 DN Heartbeats.
2022-12-23 07:21:58,118 [Listener at 127.0.0.1/38243] INFO  ozone.MiniOzoneClusterImpl (MiniOzoneClusterImpl.java:lambda$waitForClusterToBeReady$0(220)) - Waiting for cluster to exit safe mode
2022-12-23 07:21:58,118 [Listener at 127.0.0.1/38243] INFO  ozone.MiniOzoneClusterImpl (MiniOzoneClusterImpl.java:lambda$waitForClusterToBeReady$0(222)) - SCM became leader
2022-12-23 07:21:58,210 [EventQueue-CommandQueueReportForCommandQueueReportHandler] WARN  events.EventQueue (EventQueue.java:fireEvent(216)) - No event handler registered for event TypedEvent{payloadType=DatanodeDetails, name='Datanode_Command_Queue_Updated'}
2022-12-23 07:21:58,283 [EventQueue-CommandQueueReportForCommandQueueReportHandler] WARN  events.EventQueue (EventQueue.java:fireEvent(216)) - No event handler registered for event TypedEvent{payloadType=DatanodeDetails, name='Datanode_Command_Queue_Updated'}
2022-12-23 07:21:58,338 [EventQueue-CommandQueueReportForCommandQueueReportHandler] WARN  events.EventQueue (EventQueue.java:fireEvent(216)) - No event handler registered for event TypedEvent{payloadType=DatanodeDetails, name='Datanode_Command_Queue_Updated'}
2022-12-23 07:21:59,119 [Listener at 127.0.0.1/38243] INFO  ozone.MiniOzoneClusterImpl (MiniOzoneClusterImpl.java:lambda$waitForClusterToBeReady$0(217)) - Nodes are ready. Got 3 of 3 DN Heartbeats.
2022-12-23 07:21:59,119 [Listener at 127.0.0.1/38243] INFO  ozone.MiniOzoneClusterImpl (MiniOzoneClusterImpl.java:lambda$waitForClusterToBeReady$0(220)) - Waiting for cluster to exit safe mode
2022-12-23 07:21:59,119 [Listener at 127.0.0.1/38243] INFO  ozone.MiniOzoneClusterImpl (MiniOzoneClusterImpl.java:lambda$waitForClusterToBeReady$0(222)) - SCM became leader
2022-12-23 07:21:59,211 [EventQueue-CommandQueueReportForCommandQueueReportHandler] WARN  events.EventQueue (EventQueue.java:fireEvent(216)) - No event handler registered for event TypedEvent{payloadType=DatanodeDetails, name='Datanode_Command_Queue_Updated'}
2022-12-23 07:21:59,283 [EventQueue-CommandQueueReportForCommandQueueReportHandler] WARN  events.EventQueue (EventQueue.java:fireEvent(216)) - No event handler registered for event TypedEvent{payloadType=DatanodeDetails, name='Datanode_Command_Queue_Updated'}
2022-12-23 07:21:59,340 [EventQueue-CommandQueueReportForCommandQueueReportHandler] WARN  events.EventQueue (EventQueue.java:fireEvent(216)) - No event handler registered for event TypedEvent{payloadType=DatanodeDetails, name='Datanode_Command_Queue_Updated'}
2022-12-23 07:22:00,123 [Listener at 127.0.0.1/38243] INFO  ozone.MiniOzoneClusterImpl (MiniOzoneClusterImpl.java:lambda$waitForClusterToBeReady$0(217)) - Nodes are ready. Got 3 of 3 DN Heartbeats.
2022-12-23 07:22:00,123 [Listener at 127.0.0.1/38243] INFO  ozone.MiniOzoneClusterImpl (MiniOzoneClusterImpl.java:lambda$waitForClusterToBeReady$0(220)) - Waiting for cluster to exit safe mode
2022-12-23 07:22:00,123 [Listener at 127.0.0.1/38243] INFO  ozone.MiniOzoneClusterImpl (MiniOzoneClusterImpl.java:lambda$waitForClusterToBeReady$0(222)) - SCM became leader
2022-12-23 07:22:00,210 [EventQueue-CommandQueueReportForCommandQueueReportHandler] WARN  events.EventQueue (EventQueue.java:fireEvent(216)) - No event handler registered for event TypedEvent{payloadType=DatanodeDetails, name='Datanode_Command_Queue_Updated'}
2022-12-23 07:22:00,283 [EventQueue-CommandQueueReportForCommandQueueReportHandler] WARN  events.EventQueue (EventQueue.java:fireEvent(216)) - No event handler registered for event TypedEvent{payloadType=DatanodeDetails, name='Datanode_Command_Queue_Updated'}
2022-12-23 07:22:00,339 [EventQueue-CommandQueueReportForCommandQueueReportHandler] WARN  events.EventQueue (EventQueue.java:fireEvent(216)) - No event handler registered for event TypedEvent{payloadType=DatanodeDetails, name='Datanode_Command_Queue_Updated'}
2022-12-23 07:22:01,123 [Listener at 127.0.0.1/38243] INFO  ozone.MiniOzoneClusterImpl (MiniOzoneClusterImpl.java:lambda$waitForClusterToBeReady$0(217)) - Nodes are ready. Got 3 of 3 DN Heartbeats.
2022-12-23 07:22:01,124 [Listener at 127.0.0.1/38243] INFO  ozone.MiniOzoneClusterImpl (MiniOzoneClusterImpl.java:lambda$waitForClusterToBeReady$0(220)) - Waiting for cluster to exit safe mode
2022-12-23 07:22:01,124 [Listener at 127.0.0.1/38243] INFO  ozone.MiniOzoneClusterImpl (MiniOzoneClusterImpl.java:lambda$waitForClusterToBeReady$0(222)) - SCM became leader
2022-12-23 07:22:01,197 [f9c6c4e6-3ebb-4fc7-9007-585428eee4da@group-56E1ABA91A57-FollowerState] INFO  impl.FollowerState (FollowerState.java:run(143)) - f9c6c4e6-3ebb-4fc7-9007-585428eee4da@group-56E1ABA91A57-FollowerState: change to CANDIDATE, lastRpcElapsedTime:5083125904ns, electionTimeout:5078ms
2022-12-23 07:22:01,197 [f9c6c4e6-3ebb-4fc7-9007-585428eee4da@group-56E1ABA91A57-FollowerState] INFO  impl.RoleInfo (RoleInfo.java:shutdownFollowerState(110)) - f9c6c4e6-3ebb-4fc7-9007-585428eee4da: shutdown f9c6c4e6-3ebb-4fc7-9007-585428eee4da@group-56E1ABA91A57-FollowerState
2022-12-23 07:22:01,197 [f9c6c4e6-3ebb-4fc7-9007-585428eee4da@group-56E1ABA91A57-FollowerState] INFO  server.RaftServer$Division (RaftServerImpl.java:setRole(321)) - f9c6c4e6-3ebb-4fc7-9007-585428eee4da@group-56E1ABA91A57: changes role from  FOLLOWER to CANDIDATE at term 0 for changeToCandidate
2022-12-23 07:22:01,198 [f9c6c4e6-3ebb-4fc7-9007-585428eee4da@group-56E1ABA91A57-FollowerState] INFO  server.RaftServerConfigKeys (ConfUtils.java:logGet(46)) - raft.server.leaderelection.pre-vote = false (custom)
2022-12-23 07:22:01,198 [f9c6c4e6-3ebb-4fc7-9007-585428eee4da@group-56E1ABA91A57-FollowerState] INFO  impl.RoleInfo (RoleInfo.java:updateAndGet(139)) - f9c6c4e6-3ebb-4fc7-9007-585428eee4da: start f9c6c4e6-3ebb-4fc7-9007-585428eee4da@group-56E1ABA91A57-LeaderElection2
2022-12-23 07:22:01,202 [f9c6c4e6-3ebb-4fc7-9007-585428eee4da@group-56E1ABA91A57-LeaderElection2] INFO  impl.LeaderElection (LeaderElection.java:askForVotes(312)) - f9c6c4e6-3ebb-4fc7-9007-585428eee4da@group-56E1ABA91A57-LeaderElection2 ELECTION round 0: submit vote requests at term 1 for -1: peers:[f9c6c4e6-3ebb-4fc7-9007-585428eee4da|rpc:10.1.0.40:45863|dataStream:10.1.0.40:44515|priority:1|startupRole:FOLLOWER]|listeners:[], old=null
2022-12-23 07:22:01,202 [f9c6c4e6-3ebb-4fc7-9007-585428eee4da@group-56E1ABA91A57-LeaderElection2] INFO  impl.LeaderElection (LeaderElection.java:askForVotes(314)) - f9c6c4e6-3ebb-4fc7-9007-585428eee4da@group-56E1ABA91A57-LeaderElection2 ELECTION round 0: result PASSED (term=1)
2022-12-23 07:22:01,202 [f9c6c4e6-3ebb-4fc7-9007-585428eee4da@group-56E1ABA91A57-LeaderElection2] INFO  impl.RoleInfo (RoleInfo.java:shutdownLeaderElection(130)) - f9c6c4e6-3ebb-4fc7-9007-585428eee4da: shutdown f9c6c4e6-3ebb-4fc7-9007-585428eee4da@group-56E1ABA91A57-LeaderElection2
2022-12-23 07:22:01,202 [f9c6c4e6-3ebb-4fc7-9007-585428eee4da@group-56E1ABA91A57-LeaderElection2] INFO  server.RaftServer$Division (RaftServerImpl.java:setRole(321)) - f9c6c4e6-3ebb-4fc7-9007-585428eee4da@group-56E1ABA91A57: changes role from CANDIDATE to LEADER at term 1 for changeToLeader
2022-12-23 07:22:01,202 [f9c6c4e6-3ebb-4fc7-9007-585428eee4da@group-56E1ABA91A57-LeaderElection2] INFO  ratis.XceiverServerRatis (XceiverServerRatis.java:handleLeaderChangedNotification(904)) - Leader change notification received for group: group-56E1ABA91A57 with new leaderId: f9c6c4e6-3ebb-4fc7-9007-585428eee4da
2022-12-23 07:22:01,203 [f9c6c4e6-3ebb-4fc7-9007-585428eee4da@group-56E1ABA91A57-LeaderElection2] INFO  server.RaftServer$Division (ServerState.java:setLeader(313)) - f9c6c4e6-3ebb-4fc7-9007-585428eee4da@group-56E1ABA91A57: change Leader from null to f9c6c4e6-3ebb-4fc7-9007-585428eee4da at term 1 for becomeLeader, leader elected after 5124ms
2022-12-23 07:22:01,203 [f9c6c4e6-3ebb-4fc7-9007-585428eee4da@group-56E1ABA91A57-LeaderElection2] INFO  server.RaftServerConfigKeys (ConfUtils.java:logGet(46)) - raft.server.staging.catchup.gap = 1000 (default)
2022-12-23 07:22:01,203 [f9c6c4e6-3ebb-4fc7-9007-585428eee4da@group-56E1ABA91A57-LeaderElection2] INFO  server.RaftServerConfigKeys (ConfUtils.java:logGet(46)) - raft.server.write.element-limit = 1024 (custom)
2022-12-23 07:22:01,204 [f9c6c4e6-3ebb-4fc7-9007-585428eee4da@group-56E1ABA91A57-LeaderElection2] INFO  server.RaftServerConfigKeys (ConfUtils.java:logGet(46)) - raft.server.write.byte-limit = 1024 M (=1073741824) (custom)
2022-12-23 07:22:01,208 [EventQueue-CommandQueueReportForCommandQueueReportHandler] WARN  events.EventQueue (EventQueue.java:fireEvent(216)) - No event handler registered for event TypedEvent{payloadType=DatanodeDetails, name='Datanode_Command_Queue_Updated'}
2022-12-23 07:22:01,209 [EventQueue-OpenPipelineForHealthyPipelineSafeModeRule] INFO  safemode.SCMSafeModeManager (HealthyPipelineSafeModeRule.java:process(137)) - SCM in safe mode. Healthy pipelines reported count is 0, required healthy pipeline reported count is 1
2022-12-23 07:22:01,213 [f9c6c4e6-3ebb-4fc7-9007-585428eee4da@group-56E1ABA91A57-LeaderElection2] INFO  server.RaftServerConfigKeys (ConfUtils.java:logGet(46)) - raft.server.watch.timeout = 180s (custom)
2022-12-23 07:22:01,213 [f9c6c4e6-3ebb-4fc7-9007-585428eee4da@group-56E1ABA91A57-LeaderElection2] INFO  server.RaftServerConfigKeys (ConfUtils.java:logGet(46)) - raft.server.watch.timeout.denomination = 1s (default)
2022-12-23 07:22:01,213 [f9c6c4e6-3ebb-4fc7-9007-585428eee4da@group-56E1ABA91A57-LeaderElection2] INFO  server.RaftServerConfigKeys (ConfUtils.java:logGet(46)) - raft.server.watch.element-limit = 65536 (default)
2022-12-23 07:22:01,213 [f9c6c4e6-3ebb-4fc7-9007-585428eee4da@group-56E1ABA91A57-LeaderElection2] INFO  server.RaftServerConfigKeys (ConfUtils.java:logGet(46)) - raft.server.write.element-limit = 1024 (custom)
2022-12-23 07:22:01,213 [f9c6c4e6-3ebb-4fc7-9007-585428eee4da@group-56E1ABA91A57-LeaderElection2] INFO  server.RaftServerConfigKeys (ConfUtils.java:logGet(46)) - raft.server.write.follower.gap.ratio.max = -1.0 (default)
2022-12-23 07:22:01,213 [f9c6c4e6-3ebb-4fc7-9007-585428eee4da@group-56E1ABA91A57-LeaderElection2] INFO  impl.RoleInfo (RoleInfo.java:updateAndGet(139)) - f9c6c4e6-3ebb-4fc7-9007-585428eee4da: start f9c6c4e6-3ebb-4fc7-9007-585428eee4da@group-56E1ABA91A57-LeaderStateImpl
2022-12-23 07:22:01,214 [f9c6c4e6-3ebb-4fc7-9007-585428eee4da@group-56E1ABA91A57-LeaderElection2] INFO  segmented.SegmentedRaftLogWorker (SegmentedRaftLogWorker.java:startLogSegment(452)) - f9c6c4e6-3ebb-4fc7-9007-585428eee4da@group-56E1ABA91A57-SegmentedRaftLogWorker: Starting segment from index:0
2022-12-23 07:22:01,215 [f9c6c4e6-3ebb-4fc7-9007-585428eee4da@group-56E1ABA91A57-SegmentedRaftLogWorker] INFO  segmented.SegmentedRaftLogWorker (SegmentedRaftLogWorker.java:execute(656)) - f9c6c4e6-3ebb-4fc7-9007-585428eee4da@group-56E1ABA91A57-SegmentedRaftLogWorker: created new log segment /home/runner/work/ozone/ozone/hadoop-ozone/integration-test/target/test-dir/MiniOzoneClusterImpl-66463c8b-75bf-445d-aa1e-0d17c384043c/datanode-0/data/ratis/715a616b-6671-456f-be7e-56e1aba91a57/current/log_inprogress_0
2022-12-23 07:22:01,220 [f9c6c4e6-3ebb-4fc7-9007-585428eee4da@group-56E1ABA91A57-LeaderElection2] INFO  server.RaftServer$Division (ServerState.java:setRaftConf(430)) - f9c6c4e6-3ebb-4fc7-9007-585428eee4da@group-56E1ABA91A57: set configuration 0: peers:[f9c6c4e6-3ebb-4fc7-9007-585428eee4da|rpc:10.1.0.40:45863|dataStream:10.1.0.40:44515|priority:1|startupRole:FOLLOWER]|listeners:[], old=null
2022-12-23 07:22:01,221 [EventQueue-CommandQueueReportForCommandQueueReportHandler] WARN  events.EventQueue (EventQueue.java:fireEvent(216)) - No event handler registered for event TypedEvent{payloadType=DatanodeDetails, name='Datanode_Command_Queue_Updated'}
2022-12-23 07:22:01,289 [f9c6c4e6-3ebb-4fc7-9007-585428eee4da@group-96398C6C114B-FollowerState] INFO  impl.FollowerState (FollowerState.java:run(143)) - f9c6c4e6-3ebb-4fc7-9007-585428eee4da@group-96398C6C114B-FollowerState: change to CANDIDATE, lastRpcElapsedTime:5126203927ns, electionTimeout:5117ms
2022-12-23 07:22:01,290 [f9c6c4e6-3ebb-4fc7-9007-585428eee4da@group-96398C6C114B-FollowerState] INFO  impl.RoleInfo (RoleInfo.java:shutdownFollowerState(110)) - f9c6c4e6-3ebb-4fc7-9007-585428eee4da: shutdown f9c6c4e6-3ebb-4fc7-9007-585428eee4da@group-96398C6C114B-FollowerState
2022-12-23 07:22:01,290 [f9c6c4e6-3ebb-4fc7-9007-585428eee4da@group-96398C6C114B-FollowerState] INFO  server.RaftServer$Division (RaftServerImpl.java:setRole(321)) - f9c6c4e6-3ebb-4fc7-9007-585428eee4da@group-96398C6C114B: changes role from  FOLLOWER to CANDIDATE at term 0 for changeToCandidate
2022-12-23 07:22:01,291 [f9c6c4e6-3ebb-4fc7-9007-585428eee4da@group-96398C6C114B-FollowerState] INFO  server.RaftServerConfigKeys (ConfUtils.java:logGet(46)) - raft.server.leaderelection.pre-vote = false (custom)
2022-12-23 07:22:01,291 [f9c6c4e6-3ebb-4fc7-9007-585428eee4da@group-96398C6C114B-FollowerState] INFO  impl.RoleInfo (RoleInfo.java:updateAndGet(139)) - f9c6c4e6-3ebb-4fc7-9007-585428eee4da: start f9c6c4e6-3ebb-4fc7-9007-585428eee4da@group-96398C6C114B-LeaderElection3
2022-12-23 07:22:01,293 [f9c6c4e6-3ebb-4fc7-9007-585428eee4da@group-96398C6C114B-LeaderElection3] INFO  impl.LeaderElection (LeaderElection.java:askForVotes(312)) - f9c6c4e6-3ebb-4fc7-9007-585428eee4da@group-96398C6C114B-LeaderElection3 ELECTION round 0: submit vote requests at term 1 for -1: peers:[f9c6c4e6-3ebb-4fc7-9007-585428eee4da|rpc:10.1.0.40:45863|dataStream:10.1.0.40:44515|priority:0|startupRole:FOLLOWER, 534fd103-7cee-4470-a641-897605723ec1|rpc:10.1.0.40:43583|dataStream:10.1.0.40:44545|priority:1|startupRole:FOLLOWER, 27506167-95e6-4797-adb1-1fb01595b454|rpc:10.1.0.40:33237|dataStream:10.1.0.40:46371|priority:0|startupRole:FOLLOWER]|listeners:[], old=null
2022-12-23 07:22:01,299 [f9c6c4e6-3ebb-4fc7-9007-585428eee4da@group-96398C6C114B-LeaderElection3] INFO  server.RaftServerConfigKeys (ConfUtils.java:logFallback(53)) - raft.server.rpc.first-election.timeout.min = 5s (fallback to raft.server.rpc.timeout.min)
2022-12-23 07:22:01,300 [f9c6c4e6-3ebb-4fc7-9007-585428eee4da@group-96398C6C114B-LeaderElection3] INFO  server.RaftServerConfigKeys (ConfUtils.java:logFallback(53)) - raft.server.rpc.first-election.timeout.max = 5200ms (fallback to raft.server.rpc.timeout.max)
2022-12-23 07:22:01,300 [f9c6c4e6-3ebb-4fc7-9007-585428eee4da@group-96398C6C114B-LeaderElection3-1] INFO  server.GrpcServerProtocolClient (GrpcServerProtocolClient.java:<init>(63)) - Build channel for 534fd103-7cee-4470-a641-897605723ec1
2022-12-23 07:22:01,307 [f9c6c4e6-3ebb-4fc7-9007-585428eee4da@group-96398C6C114B-LeaderElection3-2] INFO  server.GrpcServerProtocolClient (GrpcServerProtocolClient.java:<init>(63)) - Build channel for 27506167-95e6-4797-adb1-1fb01595b454
2022-12-23 07:22:01,326 [grpc-default-executor-1] INFO  server.RaftServer$Division (RaftServerImpl.java:requestVote(1218)) - 534fd103-7cee-4470-a641-897605723ec1@group-96398C6C114B: receive requestVote(ELECTION, f9c6c4e6-3ebb-4fc7-9007-585428eee4da, group-96398C6C114B, 1, (t:0, i:0))
2022-12-23 07:22:01,330 [grpc-default-executor-1] INFO  impl.VoteContext (VoteContext.java:log(49)) - 534fd103-7cee-4470-a641-897605723ec1@group-96398C6C114B-FOLLOWER: reject ELECTION from f9c6c4e6-3ebb-4fc7-9007-585428eee4da: our priority 1 > candidate's priority 0
2022-12-23 07:22:01,330 [grpc-default-executor-1] INFO  server.RaftServer$Division (RaftServerImpl.java:setRole(321)) - 534fd103-7cee-4470-a641-897605723ec1@group-96398C6C114B: changes role from  FOLLOWER to FOLLOWER at term 1 for candidate:f9c6c4e6-3ebb-4fc7-9007-585428eee4da
2022-12-23 07:22:01,330 [grpc-default-executor-1] INFO  impl.RoleInfo (RoleInfo.java:shutdownFollowerState(110)) - 534fd103-7cee-4470-a641-897605723ec1: shutdown 534fd103-7cee-4470-a641-897605723ec1@group-96398C6C114B-FollowerState
2022-12-23 07:22:01,330 [534fd103-7cee-4470-a641-897605723ec1@group-96398C6C114B-FollowerState] INFO  impl.FollowerState (FollowerState.java:run(152)) - 534fd103-7cee-4470-a641-897605723ec1@group-96398C6C114B-FollowerState was interrupted
2022-12-23 07:22:01,331 [grpc-default-executor-1] INFO  impl.RoleInfo (RoleInfo.java:updateAndGet(139)) - 534fd103-7cee-4470-a641-897605723ec1: start 534fd103-7cee-4470-a641-897605723ec1@group-96398C6C114B-FollowerState
2022-12-23 07:22:01,336 [grpc-default-executor-1] INFO  server.RaftServer$Division (RaftServerImpl.java:requestVote(1251)) - 534fd103-7cee-4470-a641-897605723ec1@group-96398C6C114B replies to ELECTION vote request: f9c6c4e6-3ebb-4fc7-9007-585428eee4da<-534fd103-7cee-4470-a641-897605723ec1#0:FAIL-t1. Peer's state: 534fd103-7cee-4470-a641-897605723ec1@group-96398C6C114B:t1, leader=null, voted=null, raftlog=Memoized:534fd103-7cee-4470-a641-897605723ec1@group-96398C6C114B-SegmentedRaftLog:OPENED:c-1, conf=-1: peers:[f9c6c4e6-3ebb-4fc7-9007-585428eee4da|rpc:10.1.0.40:45863|dataStream:10.1.0.40:44515|priority:0|startupRole:FOLLOWER, 534fd103-7cee-4470-a641-897605723ec1|rpc:10.1.0.40:43583|dataStream:10.1.0.40:44545|priority:1|startupRole:FOLLOWER, 27506167-95e6-4797-adb1-1fb01595b454|rpc:10.1.0.40:33237|dataStream:10.1.0.40:46371|priority:0|startupRole:FOLLOWER]|listeners:[], old=null
2022-12-23 07:22:01,338 [grpc-default-executor-1] INFO  server.RaftServer$Division (RaftServerImpl.java:requestVote(1218)) - 27506167-95e6-4797-adb1-1fb01595b454@group-96398C6C114B: receive requestVote(ELECTION, f9c6c4e6-3ebb-4fc7-9007-585428eee4da, group-96398C6C114B, 1, (t:0, i:0))
2022-12-23 07:22:01,338 [grpc-default-executor-1] INFO  impl.VoteContext (VoteContext.java:log(49)) - 27506167-95e6-4797-adb1-1fb01595b454@group-96398C6C114B-FOLLOWER: accept ELECTION from f9c6c4e6-3ebb-4fc7-9007-585428eee4da: our priority 0 <= candidate's priority 0
2022-12-23 07:22:01,338 [grpc-default-executor-1] INFO  server.RaftServer$Division (RaftServerImpl.java:setRole(321)) - 27506167-95e6-4797-adb1-1fb01595b454@group-96398C6C114B: changes role from  FOLLOWER to FOLLOWER at term 1 for candidate:f9c6c4e6-3ebb-4fc7-9007-585428eee4da
2022-12-23 07:22:01,338 [grpc-default-executor-1] INFO  impl.RoleInfo (RoleInfo.java:shutdownFollowerState(110)) - 27506167-95e6-4797-adb1-1fb01595b454: shutdown 27506167-95e6-4797-adb1-1fb01595b454@group-96398C6C114B-FollowerState
2022-12-23 07:22:01,339 [27506167-95e6-4797-adb1-1fb01595b454@group-96398C6C114B-FollowerState] INFO  impl.FollowerState (FollowerState.java:run(152)) - 27506167-95e6-4797-adb1-1fb01595b454@group-96398C6C114B-FollowerState was interrupted
2022-12-23 07:22:01,340 [grpc-default-executor-1] INFO  impl.RoleInfo (RoleInfo.java:updateAndGet(139)) - 27506167-95e6-4797-adb1-1fb01595b454: start 27506167-95e6-4797-adb1-1fb01595b454@group-96398C6C114B-FollowerState
2022-12-23 07:22:01,339 [534fd103-7cee-4470-a641-897605723ec1@group-96398C6C114B-FollowerState] INFO  server.RaftServerConfigKeys (ConfUtils.java:logFallback(53)) - raft.server.rpc.first-election.timeout.min = 5s (fallback to raft.server.rpc.timeout.min)
2022-12-23 07:22:01,341 [EventQueue-CommandQueueReportForCommandQueueReportHandler] WARN  events.EventQueue (EventQueue.java:fireEvent(216)) - No event handler registered for event TypedEvent{payloadType=DatanodeDetails, name='Datanode_Command_Queue_Updated'}
2022-12-23 07:22:01,342 [534fd103-7cee-4470-a641-897605723ec1@group-96398C6C114B-FollowerState] INFO  server.RaftServerConfigKeys (ConfUtils.java:logFallback(53)) - raft.server.rpc.first-election.timeout.max = 5200ms (fallback to raft.server.rpc.timeout.max)
2022-12-23 07:22:01,345 [f9c6c4e6-3ebb-4fc7-9007-585428eee4da@group-96398C6C114B-LeaderElection3] INFO  impl.LeaderElection (LeaderElection.java:logAndReturn(90)) - f9c6c4e6-3ebb-4fc7-9007-585428eee4da@group-96398C6C114B-LeaderElection3: ELECTION REJECTED received 1 response(s) and 0 exception(s):
2022-12-23 07:22:01,345 [f9c6c4e6-3ebb-4fc7-9007-585428eee4da@group-96398C6C114B-LeaderElection3] INFO  impl.LeaderElection (LeaderElection.java:logAndReturn(94)) -   Response 0: f9c6c4e6-3ebb-4fc7-9007-585428eee4da<-534fd103-7cee-4470-a641-897605723ec1#0:FAIL-t1
2022-12-23 07:22:01,345 [f9c6c4e6-3ebb-4fc7-9007-585428eee4da@group-96398C6C114B-LeaderElection3] INFO  impl.LeaderElection (LeaderElection.java:askForVotes(314)) - f9c6c4e6-3ebb-4fc7-9007-585428eee4da@group-96398C6C114B-LeaderElection3 ELECTION round 0: result REJECTED
2022-12-23 07:22:01,345 [f9c6c4e6-3ebb-4fc7-9007-585428eee4da@group-96398C6C114B-LeaderElection3] INFO  server.RaftServer$Division (RaftServerImpl.java:setRole(321)) - f9c6c4e6-3ebb-4fc7-9007-585428eee4da@group-96398C6C114B: changes role from CANDIDATE to FOLLOWER at term 1 for REJECTED
2022-12-23 07:22:01,345 [f9c6c4e6-3ebb-4fc7-9007-585428eee4da@group-96398C6C114B-LeaderElection3] INFO  impl.RoleInfo (RoleInfo.java:shutdownLeaderElection(130)) - f9c6c4e6-3ebb-4fc7-9007-585428eee4da: shutdown f9c6c4e6-3ebb-4fc7-9007-585428eee4da@group-96398C6C114B-LeaderElection3
2022-12-23 07:22:01,345 [f9c6c4e6-3ebb-4fc7-9007-585428eee4da@group-96398C6C114B-LeaderElection3] INFO  impl.RoleInfo (RoleInfo.java:updateAndGet(139)) - f9c6c4e6-3ebb-4fc7-9007-585428eee4da: start f9c6c4e6-3ebb-4fc7-9007-585428eee4da@group-96398C6C114B-FollowerState
2022-12-23 07:22:01,345 [grpc-default-executor-1] INFO  server.RaftServer$Division (RaftServerImpl.java:requestVote(1251)) - 27506167-95e6-4797-adb1-1fb01595b454@group-96398C6C114B replies to ELECTION vote request: f9c6c4e6-3ebb-4fc7-9007-585428eee4da<-27506167-95e6-4797-adb1-1fb01595b454#0:OK-t1. Peer's state: 27506167-95e6-4797-adb1-1fb01595b454@group-96398C6C114B:t1, leader=null, voted=f9c6c4e6-3ebb-4fc7-9007-585428eee4da, raftlog=Memoized:27506167-95e6-4797-adb1-1fb01595b454@group-96398C6C114B-SegmentedRaftLog:OPENED:c-1, conf=-1: peers:[f9c6c4e6-3ebb-4fc7-9007-585428eee4da|rpc:10.1.0.40:45863|dataStream:10.1.0.40:44515|priority:0|startupRole:FOLLOWER, 534fd103-7cee-4470-a641-897605723ec1|rpc:10.1.0.40:43583|dataStream:10.1.0.40:44545|priority:1|startupRole:FOLLOWER, 27506167-95e6-4797-adb1-1fb01595b454|rpc:10.1.0.40:33237|dataStream:10.1.0.40:46371|priority:0|startupRole:FOLLOWER]|listeners:[], old=null
2022-12-23 07:22:01,350 [27506167-95e6-4797-adb1-1fb01595b454@group-96398C6C114B-FollowerState] INFO  server.RaftServerConfigKeys (ConfUtils.java:logFallback(53)) - raft.server.rpc.first-election.timeout.min = 5s (fallback to raft.server.rpc.timeout.min)
2022-12-23 07:22:01,350 [27506167-95e6-4797-adb1-1fb01595b454@group-96398C6C114B-FollowerState] INFO  server.RaftServerConfigKeys (ConfUtils.java:logFallback(53)) - raft.server.rpc.first-election.timeout.max = 5200ms (fallback to raft.server.rpc.timeout.max)
2022-12-23 07:22:01,351 [f9c6c4e6-3ebb-4fc7-9007-585428eee4da@group-96398C6C114B-FollowerState] INFO  server.RaftServerConfigKeys (ConfUtils.java:logFallback(53)) - raft.server.rpc.first-election.timeout.min = 5s (fallback to raft.server.rpc.timeout.min)
2022-12-23 07:22:01,357 [f9c6c4e6-3ebb-4fc7-9007-585428eee4da@group-96398C6C114B-FollowerState] INFO  server.RaftServerConfigKeys (ConfUtils.java:logFallback(53)) - raft.server.rpc.first-election.timeout.max = 5200ms (fallback to raft.server.rpc.timeout.max)
2022-12-23 07:22:01,853 [534fd103-7cee-4470-a641-897605723ec1@group-1B9CCF72A085-FollowerState] INFO  impl.FollowerState (FollowerState.java:run(143)) - 534fd103-7cee-4470-a641-897605723ec1@group-1B9CCF72A085-FollowerState: change to CANDIDATE, lastRpcElapsedTime:5063864812ns, electionTimeout:5047ms
2022-12-23 07:22:01,853 [534fd103-7cee-4470-a641-897605723ec1@group-1B9CCF72A085-FollowerState] INFO  impl.RoleInfo (RoleInfo.java:shutdownFollowerState(110)) - 534fd103-7cee-4470-a641-897605723ec1: shutdown 534fd103-7cee-4470-a641-897605723ec1@group-1B9CCF72A085-FollowerState
2022-12-23 07:22:01,854 [534fd103-7cee-4470-a641-897605723ec1@group-1B9CCF72A085-FollowerState] INFO  server.RaftServer$Division (RaftServerImpl.java:setRole(321)) - 534fd103-7cee-4470-a641-897605723ec1@group-1B9CCF72A085: changes role from  FOLLOWER to CANDIDATE at term 0 for changeToCandidate
2022-12-23 07:22:01,856 [534fd103-7cee-4470-a641-897605723ec1@group-1B9CCF72A085-FollowerState] INFO  server.RaftServerConfigKeys (ConfUtils.java:logGet(46)) - raft.server.leaderelection.pre-vote = false (custom)
2022-12-23 07:22:01,856 [534fd103-7cee-4470-a641-897605723ec1@group-1B9CCF72A085-FollowerState] INFO  impl.RoleInfo (RoleInfo.java:updateAndGet(139)) - 534fd103-7cee-4470-a641-897605723ec1: start 534fd103-7cee-4470-a641-897605723ec1@group-1B9CCF72A085-LeaderElection4
2022-12-23 07:22:01,864 [534fd103-7cee-4470-a641-897605723ec1@group-1B9CCF72A085-LeaderElection4] INFO  impl.LeaderElection (LeaderElection.java:askForVotes(312)) - 534fd103-7cee-4470-a641-897605723ec1@group-1B9CCF72A085-LeaderElection4 ELECTION round 0: submit vote requests at term 1 for -1: peers:[534fd103-7cee-4470-a641-897605723ec1|rpc:10.1.0.40:43583|dataStream:10.1.0.40:44545|priority:1|startupRole:FOLLOWER]|listeners:[], old=null
2022-12-23 07:22:01,865 [534fd103-7cee-4470-a641-897605723ec1@group-1B9CCF72A085-LeaderElection4] INFO  impl.LeaderElection (LeaderElection.java:askForVotes(314)) - 534fd103-7cee-4470-a641-897605723ec1@group-1B9CCF72A085-LeaderElection4 ELECTION round 0: result PASSED (term=1)
2022-12-23 07:22:01,865 [534fd103-7cee-4470-a641-897605723ec1@group-1B9CCF72A085-LeaderElection4] INFO  impl.RoleInfo (RoleInfo.java:shutdownLeaderElection(130)) - 534fd103-7cee-4470-a641-897605723ec1: shutdown 534fd103-7cee-4470-a641-897605723ec1@group-1B9CCF72A085-LeaderElection4
2022-12-23 07:22:01,865 [534fd103-7cee-4470-a641-897605723ec1@group-1B9CCF72A085-LeaderElection4] INFO  server.RaftServer$Division (RaftServerImpl.java:setRole(321)) - 534fd103-7cee-4470-a641-897605723ec1@group-1B9CCF72A085: changes role from CANDIDATE to LEADER at term 1 for changeToLeader
2022-12-23 07:22:01,865 [534fd103-7cee-4470-a641-897605723ec1@group-1B9CCF72A085-LeaderElection4] INFO  ratis.XceiverServerRatis (XceiverServerRatis.java:handleLeaderChangedNotification(904)) - Leader change notification received for group: group-1B9CCF72A085 with new leaderId: 534fd103-7cee-4470-a641-897605723ec1
2022-12-23 07:22:01,866 [534fd103-7cee-4470-a641-897605723ec1@group-1B9CCF72A085-LeaderElection4] INFO  server.RaftServer$Division (ServerState.java:setLeader(313)) - 534fd103-7cee-4470-a641-897605723ec1@group-1B9CCF72A085: change Leader from null to 534fd103-7cee-4470-a641-897605723ec1 at term 1 for becomeLeader, leader elected after 5107ms
2022-12-23 07:22:01,866 [534fd103-7cee-4470-a641-897605723ec1@group-1B9CCF72A085-LeaderElection4] INFO  server.RaftServerConfigKeys (ConfUtils.java:logGet(46)) - raft.server.staging.catchup.gap = 1000 (default)
2022-12-23 07:22:01,868 [EventQueue-OpenPipelineForHealthyPipelineSafeModeRule] INFO  safemode.SCMSafeModeManager (HealthyPipelineSafeModeRule.java:process(137)) - SCM in safe mode. Healthy pipelines reported count is 0, required healthy pipeline reported count is 1
2022-12-23 07:22:01,868 [EventQueue-CommandQueueReportForCommandQueueReportHandler] WARN  events.EventQueue (EventQueue.java:fireEvent(216)) - No event handler registered for event TypedEvent{payloadType=DatanodeDetails, name='Datanode_Command_Queue_Updated'}
2022-12-23 07:22:01,868 [534fd103-7cee-4470-a641-897605723ec1@group-1B9CCF72A085-LeaderElection4] INFO  server.RaftServerConfigKeys (ConfUtils.java:logGet(46)) - raft.server.write.element-limit = 1024 (custom)
2022-12-23 07:22:01,869 [534fd103-7cee-4470-a641-897605723ec1@group-1B9CCF72A085-LeaderElection4] INFO  server.RaftServerConfigKeys (ConfUtils.java:logGet(46)) - raft.server.write.byte-limit = 1024 M (=1073741824) (custom)
2022-12-23 07:22:01,869 [534fd103-7cee-4470-a641-897605723ec1@group-1B9CCF72A085-LeaderElection4] INFO  server.RaftServerConfigKeys (ConfUtils.java:logGet(46)) - raft.server.watch.timeout = 180s (custom)
2022-12-23 07:22:01,869 [534fd103-7cee-4470-a641-897605723ec1@group-1B9CCF72A085-LeaderElection4] INFO  server.RaftServerConfigKeys (ConfUtils.java:logGet(46)) - raft.server.watch.timeout.denomination = 1s (default)
2022-12-23 07:22:01,869 [534fd103-7cee-4470-a641-897605723ec1@group-1B9CCF72A085-LeaderElection4] INFO  server.RaftServerConfigKeys (ConfUtils.java:logGet(46)) - raft.server.watch.element-limit = 65536 (default)
2022-12-23 07:22:01,869 [534fd103-7cee-4470-a641-897605723ec1@group-1B9CCF72A085-LeaderElection4] INFO  server.RaftServerConfigKeys (ConfUtils.java:logGet(46)) - raft.server.write.element-limit = 1024 (custom)
2022-12-23 07:22:01,869 [534fd103-7cee-4470-a641-897605723ec1@group-1B9CCF72A085-LeaderElection4] INFO  server.RaftServerConfigKeys (ConfUtils.java:logGet(46)) - raft.server.write.follower.gap.ratio.max = -1.0 (default)
2022-12-23 07:22:01,869 [534fd103-7cee-4470-a641-897605723ec1@group-1B9CCF72A085-LeaderElection4] INFO  impl.RoleInfo (RoleInfo.java:updateAndGet(139)) - 534fd103-7cee-4470-a641-897605723ec1: start 534fd103-7cee-4470-a641-897605723ec1@group-1B9CCF72A085-LeaderStateImpl
2022-12-23 07:22:01,870 [534fd103-7cee-4470-a641-897605723ec1@group-1B9CCF72A085-LeaderElection4] INFO  segmented.SegmentedRaftLogWorker (SegmentedRaftLogWorker.java:startLogSegment(452)) - 534fd103-7cee-4470-a641-897605723ec1@group-1B9CCF72A085-SegmentedRaftLogWorker: Starting segment from index:0
2022-12-23 07:22:01,871 [534fd103-7cee-4470-a641-897605723ec1@group-1B9CCF72A085-LeaderElection4] INFO  server.RaftServer$Division (ServerState.java:setRaftConf(430)) - 534fd103-7cee-4470-a641-897605723ec1@group-1B9CCF72A085: set configuration 0: peers:[534fd103-7cee-4470-a641-897605723ec1|rpc:10.1.0.40:43583|dataStream:10.1.0.40:44545|priority:1|startupRole:FOLLOWER]|listeners:[], old=null
2022-12-23 07:22:01,876 [534fd103-7cee-4470-a641-897605723ec1@group-1B9CCF72A085-SegmentedRaftLogWorker] INFO  segmented.SegmentedRaftLogWorker (SegmentedRaftLogWorker.java:execute(656)) - 534fd103-7cee-4470-a641-897605723ec1@group-1B9CCF72A085-SegmentedRaftLogWorker: created new log segment /home/runner/work/ozone/ozone/hadoop-ozone/integration-test/target/test-dir/MiniOzoneClusterImpl-66463c8b-75bf-445d-aa1e-0d17c384043c/datanode-1/data/ratis/598e22c2-f36e-495a-a5d2-1b9ccf72a085/current/log_inprogress_0
2022-12-23 07:22:02,124 [Listener at 127.0.0.1/38243] INFO  ozone.MiniOzoneClusterImpl (MiniOzoneClusterImpl.java:lambda$waitForClusterToBeReady$0(217)) - Nodes are ready. Got 3 of 3 DN Heartbeats.
2022-12-23 07:22:02,124 [Listener at 127.0.0.1/38243] INFO  ozone.MiniOzoneClusterImpl (MiniOzoneClusterImpl.java:lambda$waitForClusterToBeReady$0(220)) - Waiting for cluster to exit safe mode
2022-12-23 07:22:02,124 [Listener at 127.0.0.1/38243] INFO  ozone.MiniOzoneClusterImpl (MiniOzoneClusterImpl.java:lambda$waitForClusterToBeReady$0(222)) - SCM became leader
2022-12-23 07:22:02,216 [EventQueue-CommandQueueReportForCommandQueueReportHandler] WARN  events.EventQueue (EventQueue.java:fireEvent(216)) - No event handler registered for event TypedEvent{payloadType=DatanodeDetails, name='Datanode_Command_Queue_Updated'}
2022-12-23 07:22:02,216 [27506167-95e6-4797-adb1-1fb01595b454@group-6899847A1CBB-FollowerState] INFO  impl.FollowerState (FollowerState.java:run(143)) - 27506167-95e6-4797-adb1-1fb01595b454@group-6899847A1CBB-FollowerState: change to CANDIDATE, lastRpcElapsedTime:5043467057ns, electionTimeout:5031ms
2022-12-23 07:22:02,217 [27506167-95e6-4797-adb1-1fb01595b454@group-6899847A1CBB-FollowerState] INFO  impl.RoleInfo (RoleInfo.java:shutdownFollowerState(110)) - 27506167-95e6-4797-adb1-1fb01595b454: shutdown 27506167-95e6-4797-adb1-1fb01595b454@group-6899847A1CBB-FollowerState
2022-12-23 07:22:02,218 [27506167-95e6-4797-adb1-1fb01595b454@group-6899847A1CBB-FollowerState] INFO  server.RaftServer$Division (RaftServerImpl.java:setRole(321)) - 27506167-95e6-4797-adb1-1fb01595b454@group-6899847A1CBB: changes role from  FOLLOWER to CANDIDATE at term 0 for changeToCandidate
2022-12-23 07:22:02,218 [27506167-95e6-4797-adb1-1fb01595b454@group-6899847A1CBB-FollowerState] INFO  server.RaftServerConfigKeys (ConfUtils.java:logGet(46)) - raft.server.leaderelection.pre-vote = false (custom)
2022-12-23 07:22:02,218 [27506167-95e6-4797-adb1-1fb01595b454@group-6899847A1CBB-FollowerState] INFO  impl.RoleInfo (RoleInfo.java:updateAndGet(139)) - 27506167-95e6-4797-adb1-1fb01595b454: start 27506167-95e6-4797-adb1-1fb01595b454@group-6899847A1CBB-LeaderElection5
2022-12-23 07:22:02,219 [EventQueue-CommandQueueReportForCommandQueueReportHandler] WARN  events.EventQueue (EventQueue.java:fireEvent(216)) - No event handler registered for event TypedEvent{payloadType=DatanodeDetails, name='Datanode_Command_Queue_Updated'}
2022-12-23 07:22:02,231 [27506167-95e6-4797-adb1-1fb01595b454@group-6899847A1CBB-LeaderElection5] INFO  impl.LeaderElection (LeaderElection.java:askForVotes(312)) - 27506167-95e6-4797-adb1-1fb01595b454@group-6899847A1CBB-LeaderElection5 ELECTION round 0: submit vote requests at term 1 for -1: peers:[27506167-95e6-4797-adb1-1fb01595b454|rpc:10.1.0.40:33237|dataStream:10.1.0.40:46371|priority:1|startupRole:FOLLOWER]|listeners:[], old=null
2022-12-23 07:22:02,231 [27506167-95e6-4797-adb1-1fb01595b454@group-6899847A1CBB-LeaderElection5] INFO  impl.LeaderElection (LeaderElection.java:askForVotes(314)) - 27506167-95e6-4797-adb1-1fb01595b454@group-6899847A1CBB-LeaderElection5 ELECTION round 0: result PASSED (term=1)
2022-12-23 07:22:02,231 [27506167-95e6-4797-adb1-1fb01595b454@group-6899847A1CBB-LeaderElection5] INFO  impl.RoleInfo (RoleInfo.java:shutdownLeaderElection(130)) - 27506167-95e6-4797-adb1-1fb01595b454: shutdown 27506167-95e6-4797-adb1-1fb01595b454@group-6899847A1CBB-LeaderElection5
2022-12-23 07:22:02,232 [27506167-95e6-4797-adb1-1fb01595b454@group-6899847A1CBB-LeaderElection5] INFO  server.RaftServer$Division (RaftServerImpl.java:setRole(321)) - 27506167-95e6-4797-adb1-1fb01595b454@group-6899847A1CBB: changes role from CANDIDATE to LEADER at term 1 for changeToLeader
2022-12-23 07:22:02,232 [27506167-95e6-4797-adb1-1fb01595b454@group-6899847A1CBB-LeaderElection5] INFO  ratis.XceiverServerRatis (XceiverServerRatis.java:handleLeaderChangedNotification(904)) - Leader change notification received for group: group-6899847A1CBB with new leaderId: 27506167-95e6-4797-adb1-1fb01595b454
2022-12-23 07:22:02,232 [27506167-95e6-4797-adb1-1fb01595b454@group-6899847A1CBB-LeaderElection5] INFO  server.RaftServer$Division (ServerState.java:setLeader(313)) - 27506167-95e6-4797-adb1-1fb01595b454@group-6899847A1CBB: change Leader from null to 27506167-95e6-4797-adb1-1fb01595b454 at term 1 for becomeLeader, leader elected after 5103ms
2022-12-23 07:22:02,232 [27506167-95e6-4797-adb1-1fb01595b454@group-6899847A1CBB-LeaderElection5] INFO  server.RaftServerConfigKeys (ConfUtils.java:logGet(46)) - raft.server.staging.catchup.gap = 1000 (default)
2022-12-23 07:22:02,237 [EventQueue-CommandQueueReportForCommandQueueReportHandler] WARN  events.EventQueue (EventQueue.java:fireEvent(216)) - No event handler registered for event TypedEvent{payloadType=DatanodeDetails, name='Datanode_Command_Queue_Updated'}
2022-12-23 07:22:02,238 [EventQueue-OpenPipelineForHealthyPipelineSafeModeRule] INFO  safemode.SCMSafeModeManager (HealthyPipelineSafeModeRule.java:process(137)) - SCM in safe mode. Healthy pipelines reported count is 0, required healthy pipeline reported count is 1
2022-12-23 07:22:02,242 [27506167-95e6-4797-adb1-1fb01595b454@group-6899847A1CBB-LeaderElection5] INFO  server.RaftServerConfigKeys (ConfUtils.java:logGet(46)) - raft.server.write.element-limit = 1024 (custom)
2022-12-23 07:22:02,242 [27506167-95e6-4797-adb1-1fb01595b454@group-6899847A1CBB-LeaderElection5] INFO  server.RaftServerConfigKeys (ConfUtils.java:logGet(46)) - raft.server.write.byte-limit = 1024 M (=1073741824) (custom)
2022-12-23 07:22:02,242 [27506167-95e6-4797-adb1-1fb01595b454@group-6899847A1CBB-LeaderElection5] INFO  server.RaftServerConfigKeys (ConfUtils.java:logGet(46)) - raft.server.watch.timeout = 180s (custom)
2022-12-23 07:22:02,243 [27506167-95e6-4797-adb1-1fb01595b454@group-6899847A1CBB-LeaderElection5] INFO  server.RaftServerConfigKeys (ConfUtils.java:logGet(46)) - raft.server.watch.timeout.denomination = 1s (default)
2022-12-23 07:22:02,243 [27506167-95e6-4797-adb1-1fb01595b454@group-6899847A1CBB-LeaderElection5] INFO  server.RaftServerConfigKeys (ConfUtils.java:logGet(46)) - raft.server.watch.element-limit = 65536 (default)
2022-12-23 07:22:02,243 [27506167-95e6-4797-adb1-1fb01595b454@group-6899847A1CBB-LeaderElection5] INFO  server.RaftServerConfigKeys (ConfUtils.java:logGet(46)) - raft.server.write.element-limit = 1024 (custom)
2022-12-23 07:22:02,243 [27506167-95e6-4797-adb1-1fb01595b454@group-6899847A1CBB-LeaderElection5] INFO  server.RaftServerConfigKeys (ConfUtils.java:logGet(46)) - raft.server.write.follower.gap.ratio.max = -1.0 (default)
2022-12-23 07:22:02,243 [27506167-95e6-4797-adb1-1fb01595b454@group-6899847A1CBB-LeaderElection5] INFO  impl.RoleInfo (RoleInfo.java:updateAndGet(139)) - 27506167-95e6-4797-adb1-1fb01595b454: start 27506167-95e6-4797-adb1-1fb01595b454@group-6899847A1CBB-LeaderStateImpl
2022-12-23 07:22:02,243 [27506167-95e6-4797-adb1-1fb01595b454@group-6899847A1CBB-LeaderElection5] INFO  segmented.SegmentedRaftLogWorker (SegmentedRaftLogWorker.java:startLogSegment(452)) - 27506167-95e6-4797-adb1-1fb01595b454@group-6899847A1CBB-SegmentedRaftLogWorker: Starting segment from index:0
2022-12-23 07:22:02,245 [27506167-95e6-4797-adb1-1fb01595b454@group-6899847A1CBB-SegmentedRaftLogWorker] INFO  segmented.SegmentedRaftLogWorker (SegmentedRaftLogWorker.java:execute(656)) - 27506167-95e6-4797-adb1-1fb01595b454@group-6899847A1CBB-SegmentedRaftLogWorker: created new log segment /home/runner/work/ozone/ozone/hadoop-ozone/integration-test/target/test-dir/MiniOzoneClusterImpl-66463c8b-75bf-445d-aa1e-0d17c384043c/datanode-2/data/ratis/2a584658-4b9c-441d-846d-6899847a1cbb/current/log_inprogress_0
2022-12-23 07:22:02,247 [27506167-95e6-4797-adb1-1fb01595b454@group-6899847A1CBB-LeaderElection5] INFO  server.RaftServer$Division (ServerState.java:setRaftConf(430)) - 27506167-95e6-4797-adb1-1fb01595b454@group-6899847A1CBB: set configuration 0: peers:[27506167-95e6-4797-adb1-1fb01595b454|rpc:10.1.0.40:33237|dataStream:10.1.0.40:46371|priority:1|startupRole:FOLLOWER]|listeners:[], old=null
2022-12-23 07:22:02,255 [27506167-95e6-4797-adb1-1fb01595b454@group-04CE026E210D-FollowerState] INFO  impl.FollowerState (FollowerState.java:run(143)) - 27506167-95e6-4797-adb1-1fb01595b454@group-04CE026E210D-FollowerState: change to CANDIDATE, lastRpcElapsedTime:5018079670ns, electionTimeout:5011ms
2022-12-23 07:22:02,255 [27506167-95e6-4797-adb1-1fb01595b454@group-04CE026E210D-FollowerState] INFO  impl.RoleInfo (RoleInfo.java:shutdownFollowerState(110)) - 27506167-95e6-4797-adb1-1fb01595b454: shutdown 27506167-95e6-4797-adb1-1fb01595b454@group-04CE026E210D-FollowerState
2022-12-23 07:22:02,255 [27506167-95e6-4797-adb1-1fb01595b454@group-04CE026E210D-FollowerState] INFO  server.RaftServer$Division (RaftServerImpl.java:setRole(321)) - 27506167-95e6-4797-adb1-1fb01595b454@group-04CE026E210D: changes role from  FOLLOWER to CANDIDATE at term 0 for changeToCandidate
2022-12-23 07:22:02,255 [27506167-95e6-4797-adb1-1fb01595b454@group-04CE026E210D-FollowerState] INFO  server.RaftServerConfigKeys (ConfUtils.java:logGet(46)) - raft.server.leaderelection.pre-vote = false (custom)
2022-12-23 07:22:02,255 [27506167-95e6-4797-adb1-1fb01595b454@group-04CE026E210D-FollowerState] INFO  impl.RoleInfo (RoleInfo.java:updateAndGet(139)) - 27506167-95e6-4797-adb1-1fb01595b454: start 27506167-95e6-4797-adb1-1fb01595b454@group-04CE026E210D-LeaderElection6
2022-12-23 07:22:02,260 [27506167-95e6-4797-adb1-1fb01595b454@group-04CE026E210D-LeaderElection6] INFO  impl.LeaderElection (LeaderElection.java:askForVotes(312)) - 27506167-95e6-4797-adb1-1fb01595b454@group-04CE026E210D-LeaderElection6 ELECTION round 0: submit vote requests at term 1 for -1: peers:[f9c6c4e6-3ebb-4fc7-9007-585428eee4da|rpc:10.1.0.40:45863|dataStream:10.1.0.40:44515|priority:0|startupRole:FOLLOWER, 534fd103-7cee-4470-a641-897605723ec1|rpc:10.1.0.40:43583|dataStream:10.1.0.40:44545|priority:0|startupRole:FOLLOWER, 27506167-95e6-4797-adb1-1fb01595b454|rpc:10.1.0.40:33237|dataStream:10.1.0.40:46371|priority:1|startupRole:FOLLOWER]|listeners:[], old=null
2022-12-23 07:22:02,261 [27506167-95e6-4797-adb1-1fb01595b454@group-04CE026E210D-LeaderElection6-1] INFO  server.GrpcServerProtocolClient (GrpcServerProtocolClient.java:<init>(63)) - Build channel for f9c6c4e6-3ebb-4fc7-9007-585428eee4da
2022-12-23 07:22:02,261 [27506167-95e6-4797-adb1-1fb01595b454@group-04CE026E210D-LeaderElection6] INFO  server.RaftServerConfigKeys (ConfUtils.java:logFallback(53)) - raft.server.rpc.first-election.timeout.min = 5s (fallback to raft.server.rpc.timeout.min)
2022-12-23 07:22:02,267 [27506167-95e6-4797-adb1-1fb01595b454@group-04CE026E210D-LeaderElection6] INFO  server.RaftServerConfigKeys (ConfUtils.java:logFallback(53)) - raft.server.rpc.first-election.timeout.max = 5200ms (fallback to raft.server.rpc.timeout.max)
2022-12-23 07:22:02,270 [27506167-95e6-4797-adb1-1fb01595b454@group-04CE026E210D-LeaderElection6-2] INFO  server.GrpcServerProtocolClient (GrpcServerProtocolClient.java:<init>(63)) - Build channel for 534fd103-7cee-4470-a641-897605723ec1
2022-12-23 07:22:02,284 [grpc-default-executor-1] INFO  server.RaftServer$Division (RaftServerImpl.java:requestVote(1218)) - f9c6c4e6-3ebb-4fc7-9007-585428eee4da@group-04CE026E210D: receive requestVote(ELECTION, 27506167-95e6-4797-adb1-1fb01595b454, group-04CE026E210D, 1, (t:0, i:0))
2022-12-23 07:22:02,285 [grpc-default-executor-1] INFO  impl.VoteContext (VoteContext.java:log(49)) - f9c6c4e6-3ebb-4fc7-9007-585428eee4da@group-04CE026E210D-FOLLOWER: accept ELECTION from 27506167-95e6-4797-adb1-1fb01595b454: our priority 0 <= candidate's priority 1
2022-12-23 07:22:02,285 [grpc-default-executor-1] INFO  server.RaftServer$Division (RaftServerImpl.java:setRole(321)) - f9c6c4e6-3ebb-4fc7-9007-585428eee4da@group-04CE026E210D: changes role from  FOLLOWER to FOLLOWER at term 1 for candidate:27506167-95e6-4797-adb1-1fb01595b454
2022-12-23 07:22:02,285 [grpc-default-executor-1] INFO  impl.RoleInfo (RoleInfo.java:shutdownFollowerState(110)) - f9c6c4e6-3ebb-4fc7-9007-585428eee4da: shutdown f9c6c4e6-3ebb-4fc7-9007-585428eee4da@group-04CE026E210D-FollowerState
2022-12-23 07:22:02,285 [grpc-default-executor-1] INFO  impl.RoleInfo (RoleInfo.java:updateAndGet(139)) - f9c6c4e6-3ebb-4fc7-9007-585428eee4da: start f9c6c4e6-3ebb-4fc7-9007-585428eee4da@group-04CE026E210D-FollowerState
2022-12-23 07:22:02,285 [f9c6c4e6-3ebb-4fc7-9007-585428eee4da@group-04CE026E210D-FollowerState] INFO  impl.FollowerState (FollowerState.java:run(152)) - f9c6c4e6-3ebb-4fc7-9007-585428eee4da@group-04CE026E210D-FollowerState was interrupted
2022-12-23 07:22:02,286 [f9c6c4e6-3ebb-4fc7-9007-585428eee4da@group-04CE026E210D-FollowerState] INFO  server.RaftServerConfigKeys (ConfUtils.java:logFallback(53)) - raft.server.rpc.first-election.timeout.min = 5s (fallback to raft.server.rpc.timeout.min)
2022-12-23 07:22:02,286 [f9c6c4e6-3ebb-4fc7-9007-585428eee4da@group-04CE026E210D-FollowerState] INFO  server.RaftServerConfigKeys (ConfUtils.java:logFallback(53)) - raft.server.rpc.first-election.timeout.max = 5200ms (fallback to raft.server.rpc.timeout.max)
2022-12-23 07:22:02,288 [grpc-default-executor-1] INFO  server.RaftServer$Division (RaftServerImpl.java:requestVote(1251)) - f9c6c4e6-3ebb-4fc7-9007-585428eee4da@group-04CE026E210D replies to ELECTION vote request: 27506167-95e6-4797-adb1-1fb01595b454<-f9c6c4e6-3ebb-4fc7-9007-585428eee4da#0:OK-t1. Peer's state: f9c6c4e6-3ebb-4fc7-9007-585428eee4da@group-04CE026E210D:t1, leader=null, voted=27506167-95e6-4797-adb1-1fb01595b454, raftlog=Memoized:f9c6c4e6-3ebb-4fc7-9007-585428eee4da@group-04CE026E210D-SegmentedRaftLog:OPENED:c-1, conf=-1: peers:[f9c6c4e6-3ebb-4fc7-9007-585428eee4da|rpc:10.1.0.40:45863|dataStream:10.1.0.40:44515|priority:0|startupRole:FOLLOWER, 534fd103-7cee-4470-a641-897605723ec1|rpc:10.1.0.40:43583|dataStream:10.1.0.40:44545|priority:0|startupRole:FOLLOWER, 27506167-95e6-4797-adb1-1fb01595b454|rpc:10.1.0.40:33237|dataStream:10.1.0.40:46371|priority:1|startupRole:FOLLOWER]|listeners:[], old=null
2022-12-23 07:22:02,295 [27506167-95e6-4797-adb1-1fb01595b454@group-04CE026E210D-LeaderElection6] INFO  impl.LeaderElection (LeaderElection.java:logAndReturn(90)) - 27506167-95e6-4797-adb1-1fb01595b454@group-04CE026E210D-LeaderElection6: ELECTION PASSED received 1 response(s) and 0 exception(s):
2022-12-23 07:22:02,295 [27506167-95e6-4797-adb1-1fb01595b454@group-04CE026E210D-LeaderElection6] INFO  impl.LeaderElection (LeaderElection.java:logAndReturn(94)) -   Response 0: 27506167-95e6-4797-adb1-1fb01595b454<-f9c6c4e6-3ebb-4fc7-9007-585428eee4da#0:OK-t1
2022-12-23 07:22:02,295 [27506167-95e6-4797-adb1-1fb01595b454@group-04CE026E210D-LeaderElection6] INFO  impl.LeaderElection (LeaderElection.java:askForVotes(314)) - 27506167-95e6-4797-adb1-1fb01595b454@group-04CE026E210D-LeaderElection6 ELECTION round 0: result PASSED
2022-12-23 07:22:02,295 [27506167-95e6-4797-adb1-1fb01595b454@group-04CE026E210D-LeaderElection6] INFO  impl.RoleInfo (RoleInfo.java:shutdownLeaderElection(130)) - 27506167-95e6-4797-adb1-1fb01595b454: shutdown 27506167-95e6-4797-adb1-1fb01595b454@group-04CE026E210D-LeaderElection6
2022-12-23 07:22:02,295 [27506167-95e6-4797-adb1-1fb01595b454@group-04CE026E210D-LeaderElection6] INFO  server.RaftServer$Division (RaftServerImpl.java:setRole(321)) - 27506167-95e6-4797-adb1-1fb01595b454@group-04CE026E210D: changes role from CANDIDATE to LEADER at term 1 for changeToLeader
2022-12-23 07:22:02,295 [27506167-95e6-4797-adb1-1fb01595b454@group-04CE026E210D-LeaderElection6] INFO  ratis.XceiverServerRatis (XceiverServerRatis.java:handleLeaderChangedNotification(904)) - Leader change notification received for group: group-04CE026E210D with new leaderId: 27506167-95e6-4797-adb1-1fb01595b454
2022-12-23 07:22:02,295 [27506167-95e6-4797-adb1-1fb01595b454@group-04CE026E210D-LeaderElection6] INFO  server.RaftServer$Division (ServerState.java:setLeader(313)) - 27506167-95e6-4797-adb1-1fb01595b454@group-04CE026E210D: change Leader from null to 27506167-95e6-4797-adb1-1fb01595b454 at term 1 for becomeLeader, leader elected after 5100ms
2022-12-23 07:22:02,296 [27506167-95e6-4797-adb1-1fb01595b454@group-04CE026E210D-LeaderElection6] INFO  server.RaftServerConfigKeys (ConfUtils.java:logGet(46)) - raft.server.staging.catchup.gap = 1000 (default)
2022-12-23 07:22:02,296 [27506167-95e6-4797-adb1-1fb01595b454@group-04CE026E210D-LeaderElection6] INFO  server.RaftServerConfigKeys (ConfUtils.java:logGet(46)) - raft.server.write.element-limit = 1024 (custom)
2022-12-23 07:22:02,296 [27506167-95e6-4797-adb1-1fb01595b454@group-04CE026E210D-LeaderElection6] INFO  server.RaftServerConfigKeys (ConfUtils.java:logGet(46)) - raft.server.write.byte-limit = 1024 M (=1073741824) (custom)
2022-12-23 07:22:02,296 [27506167-95e6-4797-adb1-1fb01595b454@group-04CE026E210D-LeaderElection6] INFO  server.RaftServerConfigKeys (ConfUtils.java:logGet(46)) - raft.server.watch.timeout = 180s (custom)
2022-12-23 07:22:02,296 [27506167-95e6-4797-adb1-1fb01595b454@group-04CE026E210D-LeaderElection6] INFO  server.RaftServerConfigKeys (ConfUtils.java:logGet(46)) - raft.server.watch.timeout.denomination = 1s (default)
2022-12-23 07:22:02,296 [27506167-95e6-4797-adb1-1fb01595b454@group-04CE026E210D-LeaderElection6] INFO  server.RaftServerConfigKeys (ConfUtils.java:logGet(46)) - raft.server.watch.element-limit = 65536 (default)
2022-12-23 07:22:02,296 [27506167-95e6-4797-adb1-1fb01595b454@group-04CE026E210D-LeaderElection6] INFO  server.RaftServerConfigKeys (ConfUtils.java:logGet(46)) - raft.server.write.element-limit = 1024 (custom)
2022-12-23 07:22:02,297 [27506167-95e6-4797-adb1-1fb01595b454@group-04CE026E210D-LeaderElection6] INFO  server.RaftServerConfigKeys (ConfUtils.java:logGet(46)) - raft.server.write.follower.gap.ratio.max = -1.0 (default)
2022-12-23 07:22:02,300 [EventQueue-PipelineReportForPipelineReportHandler] INFO  pipeline.PipelineManagerImpl (PipelineManagerImpl.java:openPipeline(367)) - Pipeline Pipeline[ Id: 6bdb96a7-25e9-46d3-b8ce-04ce026e210d, Nodes: 534fd103-7cee-4470-a641-897605723ec1{ip: 10.1.0.40, host: fv-az505-480.g2e1luzo1moefklhgra4trf2va.dx.internal.cloudapp.net, ports: [REPLICATION=43841, RATIS=43583, RATIS_ADMIN=43583, RATIS_SERVER=43583, RATIS_DATASTREAM=44545, STANDALONE=39673], networkLocation: /default-rack, certSerialId: null, persistedOpState: IN_SERVICE, persistedOpStateExpiryEpochSec: 0}27506167-95e6-4797-adb1-1fb01595b454{ip: 10.1.0.40, host: fv-az505-480.g2e1luzo1moefklhgra4trf2va.dx.internal.cloudapp.net, ports: [REPLICATION=41199, RATIS=33237, RATIS_ADMIN=33237, RATIS_SERVER=33237, RATIS_DATASTREAM=46371, STANDALONE=32835], networkLocation: /default-rack, certSerialId: null, persistedOpState: IN_SERVICE, persistedOpStateExpiryEpochSec: 0}f9c6c4e6-3ebb-4fc7-9007-585428eee4da{ip: 10.1.0.40, host: fv-az505-480.g2e1luzo1moefklhgra4trf2va.dx.internal.cloudapp.net, ports: [REPLICATION=34711, RATIS=45863, RATIS_ADMIN=45863, RATIS_SERVER=45863, RATIS_DATASTREAM=44515, STANDALONE=40387], networkLocation: /default-rack, certSerialId: null, persistedOpState: IN_SERVICE, persistedOpStateExpiryEpochSec: 0}, ReplicationConfig: RATIS/THREE, State:ALLOCATED, leaderId:27506167-95e6-4797-adb1-1fb01595b454, CreationTimestamp2022-12-23T07:21:54.139Z[Etc/UTC]] moved to OPEN state
2022-12-23 07:22:02,300 [EventQueue-CommandQueueReportForCommandQueueReportHandler] WARN  events.EventQueue (EventQueue.java:fireEvent(216)) - No event handler registered for event TypedEvent{payloadType=DatanodeDetails, name='Datanode_Command_Queue_Updated'}
2022-12-23 07:22:02,300 [EventQueue-OpenPipelineForHealthyPipelineSafeModeRule] INFO  safemode.SCMSafeModeManager (HealthyPipelineSafeModeRule.java:process(137)) - SCM in safe mode. Healthy pipelines reported count is 0, required healthy pipeline reported count is 1
2022-12-23 07:22:02,310 [EventQueue-OpenPipelineForHealthyPipelineSafeModeRule] INFO  safemode.SCMSafeModeManager (HealthyPipelineSafeModeRule.java:process(137)) - SCM in safe mode. Healthy pipelines reported count is 1, required healthy pipeline reported count is 1
2022-12-23 07:22:02,310 [EventQueue-OpenPipelineForHealthyPipelineSafeModeRule] INFO  safemode.SCMSafeModeManager (SCMSafeModeManager.java:validateSafeModeExitRules(200)) - HealthyPipelineSafeModeRule rule is successfully validated
2022-12-23 07:22:02,310 [grpc-default-executor-1] INFO  server.RaftServer$Division (RaftServerImpl.java:requestVote(1218)) - 534fd103-7cee-4470-a641-897605723ec1@group-04CE026E210D: receive requestVote(ELECTION, 27506167-95e6-4797-adb1-1fb01595b454, group-04CE026E210D, 1, (t:0, i:0))
2022-12-23 07:22:02,310 [EventQueue-OpenPipelineForHealthyPipelineSafeModeRule] INFO  safemode.SCMSafeModeManager (SCMSafeModeManager.java:validateSafeModeExitRules(215)) - ScmSafeModeManager, all rules are successfully validated
2022-12-23 07:22:02,310 [grpc-default-executor-1] INFO  impl.VoteContext (VoteContext.java:log(49)) - 534fd103-7cee-4470-a641-897605723ec1@group-04CE026E210D-FOLLOWER: accept ELECTION from 27506167-95e6-4797-adb1-1fb01595b454: our priority 0 <= candidate's priority 1
2022-12-23 07:22:02,311 [grpc-default-executor-1] INFO  server.RaftServer$Division (RaftServerImpl.java:setRole(321)) - 534fd103-7cee-4470-a641-897605723ec1@group-04CE026E210D: changes role from  FOLLOWER to FOLLOWER at term 1 for candidate:27506167-95e6-4797-adb1-1fb01595b454
2022-12-23 07:22:02,310 [EventQueue-OpenPipelineForHealthyPipelineSafeModeRule] INFO  safemode.SCMSafeModeManager (SCMSafeModeManager.java:exitSafeMode(244)) - SCM exiting safe mode.
2022-12-23 07:22:02,311 [grpc-default-executor-1] INFO  impl.RoleInfo (RoleInfo.java:shutdownFollowerState(110)) - 534fd103-7cee-4470-a641-897605723ec1: shutdown 534fd103-7cee-4470-a641-897605723ec1@group-04CE026E210D-FollowerState
2022-12-23 07:22:02,311 [EventQueue-OpenPipelineForHealthyPipelineSafeModeRule] INFO  ha.SCMContext (SCMContext.java:updateSafeModeStatus(228)) - Update SafeModeStatus from SafeModeStatus{safeModeStatus=true, preCheckPassed=true} to SafeModeStatus{safeModeStatus=false, preCheckPassed=true}.
2022-12-23 07:22:02,311 [grpc-default-executor-1] INFO  impl.RoleInfo (RoleInfo.java:updateAndGet(139)) - 534fd103-7cee-4470-a641-897605723ec1: start 534fd103-7cee-4470-a641-897605723ec1@group-04CE026E210D-FollowerState
2022-12-23 07:22:02,311 [EventQueue-OpenPipelineForHealthyPipelineSafeModeRule] INFO  pipeline.BackgroundPipelineCreator (BackgroundPipelineCreator.java:notifyStatusChanged(254)) - Service BackgroundPipelineCreator transitions to RUNNING.
2022-12-23 07:22:02,311 [EventQueue-OpenPipelineForHealthyPipelineSafeModeRule] INFO  BackgroundPipelineScrubber (BackgroundSCMService.java:notifyStatusChanged(82)) - Service BackgroundPipelineScrubber transitions to RUNNING.
2022-12-23 07:22:02,311 [534fd103-7cee-4470-a641-897605723ec1@group-04CE026E210D-FollowerState] INFO  impl.FollowerState (FollowerState.java:run(152)) - 534fd103-7cee-4470-a641-897605723ec1@group-04CE026E210D-FollowerState was interrupted
2022-12-23 07:22:02,311 [EventQueue-OpenPipelineForHealthyPipelineSafeModeRule] INFO  ExpiredContainerReplicaOpScrubber (BackgroundSCMService.java:notifyStatusChanged(82)) - Service ExpiredContainerReplicaOpScrubber transitions to RUNNING.
2022-12-23 07:22:02,311 [EventQueue-OpenPipelineForHealthyPipelineSafeModeRule] INFO  replication.ReplicationManager (ReplicationManager.java:notifyStatusChanged(918)) - Service ReplicationManager transitions to RUNNING.
2022-12-23 07:22:02,316 [grpc-default-executor-1] INFO  server.RaftServer$Division (RaftServerImpl.java:requestVote(1251)) - 534fd103-7cee-4470-a641-897605723ec1@group-04CE026E210D replies to ELECTION vote request: 27506167-95e6-4797-adb1-1fb01595b454<-534fd103-7cee-4470-a641-897605723ec1#0:OK-t1. Peer's state: 534fd103-7cee-4470-a641-897605723ec1@group-04CE026E210D:t1, leader=null, voted=27506167-95e6-4797-adb1-1fb01595b454, raftlog=Memoized:534fd103-7cee-4470-a641-897605723ec1@group-04CE026E210D-SegmentedRaftLog:OPENED:c-1, conf=-1: peers:[f9c6c4e6-3ebb-4fc7-9007-585428eee4da|rpc:10.1.0.40:45863|dataStream:10.1.0.40:44515|priority:0|startupRole:FOLLOWER, 534fd103-7cee-4470-a641-897605723ec1|rpc:10.1.0.40:43583|dataStream:10.1.0.40:44545|priority:0|startupRole:FOLLOWER, 27506167-95e6-4797-adb1-1fb01595b454|rpc:10.1.0.40:33237|dataStream:10.1.0.40:46371|priority:1|startupRole:FOLLOWER]|listeners:[], old=null
2022-12-23 07:22:02,319 [534fd103-7cee-4470-a641-897605723ec1@group-04CE026E210D-FollowerState] INFO  server.RaftServerConfigKeys (ConfUtils.java:logFallback(53)) - raft.server.rpc.first-election.timeout.min = 5s (fallback to raft.server.rpc.timeout.min)
2022-12-23 07:22:02,319 [534fd103-7cee-4470-a641-897605723ec1@group-04CE026E210D-FollowerState] INFO  server.RaftServerConfigKeys (ConfUtils.java:logFallback(53)) - raft.server.rpc.first-election.timeout.max = 5200ms (fallback to raft.server.rpc.timeout.max)
2022-12-23 07:22:02,323 [EventQueue-OpenPipelineForHealthyPipelineSafeModeRule] WARN  balancer.ContainerBalancer (ContainerBalancer.java:shouldRun(131)) - Could not find persisted configuration for ContainerBalancer when checking if ContainerBalancer should run. ContainerBalancer should not run now.
2022-12-23 07:22:02,324 [27506167-95e6-4797-adb1-1fb01595b454@group-04CE026E210D-LeaderElection6] INFO  server.RaftServerConfigKeys (ConfUtils.java:logGet(46)) - raft.server.log.appender.snapshot.chunk.size.max = 16MB (=16777216) (default)
2022-12-23 07:22:02,324 [27506167-95e6-4797-adb1-1fb01595b454@group-04CE026E210D-LeaderElection6] INFO  server.RaftServerConfigKeys (ConfUtils.java:logGet(46)) - raft.server.log.appender.buffer.byte-limit = 33554432 (custom)
2022-12-23 07:22:02,325 [27506167-95e6-4797-adb1-1fb01595b454@group-04CE026E210D-LeaderElection6] INFO  server.RaftServerConfigKeys (ConfUtils.java:logGet(46)) - raft.server.log.appender.buffer.element-limit = 1 (custom)
2022-12-23 07:22:02,327 [27506167-95e6-4797-adb1-1fb01595b454@group-04CE026E210D-LeaderElection6] INFO  grpc.GrpcConfigKeys (ConfUtils.java:logGet(46)) - raft.grpc.server.leader.outstanding.appends.max = 128 (default)
2022-12-23 07:22:02,327 [27506167-95e6-4797-adb1-1fb01595b454@group-04CE026E210D-LeaderElection6] INFO  server.RaftServerConfigKeys (ConfUtils.java:logGet(46)) - raft.server.rpc.request.timeout = 60s (custom)
2022-12-23 07:22:02,328 [27506167-95e6-4797-adb1-1fb01595b454@group-04CE026E210D-LeaderElection6] INFO  server.RaftServerConfigKeys (ConfUtils.java:logGet(46)) - raft.server.log.appender.install.snapshot.enabled = false (custom)
2022-12-23 07:22:02,328 [27506167-95e6-4797-adb1-1fb01595b454@group-04CE026E210D-LeaderElection6] INFO  grpc.GrpcConfigKeys (ConfUtils.java:logGet(46)) - raft.grpc.server.heartbeat.channel = true (default)
2022-12-23 07:22:02,328 [27506167-95e6-4797-adb1-1fb01595b454@group-04CE026E210D-LeaderElection6] INFO  server.RaftServerConfigKeys (ConfUtils.java:logGet(46)) - raft.server.log.appender.wait-time.min = 10ms (default)
2022-12-23 07:22:02,330 [27506167-95e6-4797-adb1-1fb01595b454@group-04CE026E210D-LeaderElection6] INFO  server.RaftServerConfigKeys (ConfUtils.java:logGet(46)) - raft.server.log.appender.snapshot.chunk.size.max = 16MB (=16777216) (default)
2022-12-23 07:22:02,330 [27506167-95e6-4797-adb1-1fb01595b454@group-04CE026E210D-LeaderElection6] INFO  server.RaftServerConfigKeys (ConfUtils.java:logGet(46)) - raft.server.log.appender.buffer.byte-limit = 33554432 (custom)
2022-12-23 07:22:02,331 [27506167-95e6-4797-adb1-1fb01595b454@group-04CE026E210D-LeaderElection6] INFO  server.RaftServerConfigKeys (ConfUtils.java:logGet(46)) - raft.server.log.appender.buffer.element-limit = 1 (custom)
2022-12-23 07:22:02,331 [27506167-95e6-4797-adb1-1fb01595b454@group-04CE026E210D-LeaderElection6] INFO  grpc.GrpcConfigKeys (ConfUtils.java:logGet(46)) - raft.grpc.server.leader.outstanding.appends.max = 128 (default)
2022-12-23 07:22:02,331 [27506167-95e6-4797-adb1-1fb01595b454@group-04CE026E210D-LeaderElection6] INFO  server.RaftServerConfigKeys (ConfUtils.java:logGet(46)) - raft.server.rpc.request.timeout = 60s (custom)
2022-12-23 07:22:02,331 [27506167-95e6-4797-adb1-1fb01595b454@group-04CE026E210D-LeaderElection6] INFO  server.RaftServerConfigKeys (ConfUtils.java:logGet(46)) - raft.server.log.appender.install.snapshot.enabled = false (custom)
2022-12-23 07:22:02,331 [27506167-95e6-4797-adb1-1fb01595b454@group-04CE026E210D-LeaderElection6] INFO  grpc.GrpcConfigKeys (ConfUtils.java:logGet(46)) - raft.grpc.server.heartbeat.channel = true (default)
2022-12-23 07:22:02,331 [27506167-95e6-4797-adb1-1fb01595b454@group-04CE026E210D-LeaderElection6] INFO  server.RaftServerConfigKeys (ConfUtils.java:logGet(46)) - raft.server.log.appender.wait-time.min = 10ms (default)
2022-12-23 07:22:02,332 [27506167-95e6-4797-adb1-1fb01595b454@group-04CE026E210D-LeaderElection6] INFO  impl.RoleInfo (RoleInfo.java:updateAndGet(139)) - 27506167-95e6-4797-adb1-1fb01595b454: start 27506167-95e6-4797-adb1-1fb01595b454@group-04CE026E210D-LeaderStateImpl
2022-12-23 07:22:02,332 [27506167-95e6-4797-adb1-1fb01595b454@group-04CE026E210D-LeaderElection6] INFO  segmented.SegmentedRaftLogWorker (SegmentedRaftLogWorker.java:startLogSegment(452)) - 27506167-95e6-4797-adb1-1fb01595b454@group-04CE026E210D-SegmentedRaftLogWorker: Starting segment from index:0
2022-12-23 07:22:02,337 [27506167-95e6-4797-adb1-1fb01595b454@group-04CE026E210D-LeaderElection6] INFO  server.RaftServer$Division (ServerState.java:setRaftConf(430)) - 27506167-95e6-4797-adb1-1fb01595b454@group-04CE026E210D: set configuration 0: peers:[f9c6c4e6-3ebb-4fc7-9007-585428eee4da|rpc:10.1.0.40:45863|dataStream:10.1.0.40:44515|priority:0|startupRole:FOLLOWER, 534fd103-7cee-4470-a641-897605723ec1|rpc:10.1.0.40:43583|dataStream:10.1.0.40:44545|priority:0|startupRole:FOLLOWER, 27506167-95e6-4797-adb1-1fb01595b454|rpc:10.1.0.40:33237|dataStream:10.1.0.40:46371|priority:1|startupRole:FOLLOWER]|listeners:[], old=null
2022-12-23 07:22:02,338 [27506167-95e6-4797-adb1-1fb01595b454@group-04CE026E210D-SegmentedRaftLogWorker] INFO  segmented.SegmentedRaftLogWorker (SegmentedRaftLogWorker.java:execute(656)) - 27506167-95e6-4797-adb1-1fb01595b454@group-04CE026E210D-SegmentedRaftLogWorker: created new log segment /home/runner/work/ozone/ozone/hadoop-ozone/integration-test/target/test-dir/MiniOzoneClusterImpl-66463c8b-75bf-445d-aa1e-0d17c384043c/datanode-2/data/ratis/6bdb96a7-25e9-46d3-b8ce-04ce026e210d/current/log_inprogress_0
2022-12-23 07:22:02,385 [534fd103-7cee-4470-a641-897605723ec1-server-thread1] INFO  ratis.XceiverServerRatis (XceiverServerRatis.java:handleLeaderChangedNotification(904)) - Leader change notification received for group: group-04CE026E210D with new leaderId: 27506167-95e6-4797-adb1-1fb01595b454
2022-12-23 07:22:02,386 [f9c6c4e6-3ebb-4fc7-9007-585428eee4da-server-thread1] INFO  ratis.XceiverServerRatis (XceiverServerRatis.java:handleLeaderChangedNotification(904)) - Leader change notification received for group: group-04CE026E210D with new leaderId: 27506167-95e6-4797-adb1-1fb01595b454
2022-12-23 07:22:02,387 [f9c6c4e6-3ebb-4fc7-9007-585428eee4da-server-thread1] INFO  server.RaftServer$Division (ServerState.java:setLeader(313)) - f9c6c4e6-3ebb-4fc7-9007-585428eee4da@group-04CE026E210D: change Leader from null to 27506167-95e6-4797-adb1-1fb01595b454 at term 1 for appendEntries, leader elected after 5115ms
2022-12-23 07:22:02,387 [534fd103-7cee-4470-a641-897605723ec1-server-thread1] INFO  server.RaftServer$Division (ServerState.java:setLeader(313)) - 534fd103-7cee-4470-a641-897605723ec1@group-04CE026E210D: change Leader from null to 27506167-95e6-4797-adb1-1fb01595b454 at term 1 for appendEntries, leader elected after 5056ms
2022-12-23 07:22:02,390 [f9c6c4e6-3ebb-4fc7-9007-585428eee4da-server-thread1] INFO  server.RaftServer$Division (ServerState.java:setRaftConf(430)) - f9c6c4e6-3ebb-4fc7-9007-585428eee4da@group-04CE026E210D: set configuration 0: peers:[f9c6c4e6-3ebb-4fc7-9007-585428eee4da|rpc:10.1.0.40:45863|dataStream:10.1.0.40:44515|priority:0|startupRole:FOLLOWER, 534fd103-7cee-4470-a641-897605723ec1|rpc:10.1.0.40:43583|dataStream:10.1.0.40:44545|priority:0|startupRole:FOLLOWER, 27506167-95e6-4797-adb1-1fb01595b454|rpc:10.1.0.40:33237|dataStream:10.1.0.40:46371|priority:1|startupRole:FOLLOWER]|listeners:[], old=null
2022-12-23 07:22:02,391 [f9c6c4e6-3ebb-4fc7-9007-585428eee4da-server-thread1] INFO  segmented.SegmentedRaftLogWorker (SegmentedRaftLogWorker.java:startLogSegment(452)) - f9c6c4e6-3ebb-4fc7-9007-585428eee4da@group-04CE026E210D-SegmentedRaftLogWorker: Starting segment from index:0
2022-12-23 07:22:02,399 [534fd103-7cee-4470-a641-897605723ec1-server-thread2] INFO  server.RaftServer$Division (ServerState.java:setRaftConf(430)) - 534fd103-7cee-4470-a641-897605723ec1@group-04CE026E210D: set configuration 0: peers:[f9c6c4e6-3ebb-4fc7-9007-585428eee4da|rpc:10.1.0.40:45863|dataStream:10.1.0.40:44515|priority:0|startupRole:FOLLOWER, 534fd103-7cee-4470-a641-897605723ec1|rpc:10.1.0.40:43583|dataStream:10.1.0.40:44545|priority:0|startupRole:FOLLOWER, 27506167-95e6-4797-adb1-1fb01595b454|rpc:10.1.0.40:33237|dataStream:10.1.0.40:46371|priority:1|startupRole:FOLLOWER]|listeners:[], old=null
2022-12-23 07:22:02,400 [534fd103-7cee-4470-a641-897605723ec1-server-thread2] INFO  segmented.SegmentedRaftLogWorker (SegmentedRaftLogWorker.java:startLogSegment(452)) - 534fd103-7cee-4470-a641-897605723ec1@group-04CE026E210D-SegmentedRaftLogWorker: Starting segment from index:0
2022-12-23 07:22:02,401 [534fd103-7cee-4470-a641-897605723ec1@group-04CE026E210D-SegmentedRaftLogWorker] INFO  segmented.SegmentedRaftLogWorker (SegmentedRaftLogWorker.java:execute(656)) - 534fd103-7cee-4470-a641-897605723ec1@group-04CE026E210D-SegmentedRaftLogWorker: created new log segment /home/runner/work/ozone/ozone/hadoop-ozone/integration-test/target/test-dir/MiniOzoneClusterImpl-66463c8b-75bf-445d-aa1e-0d17c384043c/datanode-1/data/ratis/6bdb96a7-25e9-46d3-b8ce-04ce026e210d/current/log_inprogress_0
2022-12-23 07:22:02,406 [f9c6c4e6-3ebb-4fc7-9007-585428eee4da@group-04CE026E210D-SegmentedRaftLogWorker] INFO  segmented.SegmentedRaftLogWorker (SegmentedRaftLogWorker.java:execute(656)) - f9c6c4e6-3ebb-4fc7-9007-585428eee4da@group-04CE026E210D-SegmentedRaftLogWorker: created new log segment /home/runner/work/ozone/ozone/hadoop-ozone/integration-test/target/test-dir/MiniOzoneClusterImpl-66463c8b-75bf-445d-aa1e-0d17c384043c/datanode-0/data/ratis/6bdb96a7-25e9-46d3-b8ce-04ce026e210d/current/log_inprogress_0
2022-12-23 07:22:02,871 [EventQueue-CommandQueueReportForCommandQueueReportHandler] WARN  events.EventQueue (EventQueue.java:fireEvent(216)) - No event handler registered for event TypedEvent{payloadType=DatanodeDetails, name='Datanode_Command_Queue_Updated'}
2022-12-23 07:22:03,125 [Listener at 127.0.0.1/38243] INFO  ozone.MiniOzoneClusterImpl (MiniOzoneClusterImpl.java:lambda$waitForClusterToBeReady$0(217)) - Nodes are ready. Got 3 of 3 DN Heartbeats.
2022-12-23 07:22:03,125 [Listener at 127.0.0.1/38243] INFO  ozone.MiniOzoneClusterImpl (MiniOzoneClusterImpl.java:lambda$waitForClusterToBeReady$0(220)) - Cluster exits safe mode
2022-12-23 07:22:03,125 [Listener at 127.0.0.1/38243] INFO  ozone.MiniOzoneClusterImpl (MiniOzoneClusterImpl.java:lambda$waitForClusterToBeReady$0(222)) - SCM became leader
]]></system-out>
    <rerunFailure type="java.lang.AssertionError">
      <stackTrace><![CDATA[java.lang.AssertionError
	at org.junit.Assert.fail(Assert.java:87)
	at org.junit.Assert.assertTrue(Assert.java:42)
	at org.junit.Assert.assertTrue(Assert.java:53)
	at org.apache.hadoop.hdds.scm.TestRatisPipelineLeader.testLeaderIdAfterLeaderChange(TestRatisPipelineLeader.java:119)
	at sun.reflect.NativeMethodAccessorImpl.invoke0(Native Method)
	at sun.reflect.NativeMethodAccessorImpl.invoke(NativeMethodAccessorImpl.java:62)
	at sun.reflect.DelegatingMethodAccessorImpl.invoke(DelegatingMethodAccessorImpl.java:43)
	at java.lang.reflect.Method.invoke(Method.java:498)
	at org.junit.platform.commons.util.ReflectionUtils.invokeMethod(ReflectionUtils.java:725)
	at org.junit.jupiter.engine.execution.MethodInvocation.proceed(MethodInvocation.java:60)
	at org.junit.jupiter.engine.execution.InvocationInterceptorChain$ValidatingInvocation.proceed(InvocationInterceptorChain.java:131)
	at org.junit.jupiter.engine.extension.TimeoutInvocation.proceed(TimeoutInvocation.java:46)
	at org.junit.jupiter.engine.extension.TimeoutExtension.intercept(TimeoutExtension.java:149)
	at org.junit.jupiter.engine.extension.TimeoutExtension.interceptTestableMethod(TimeoutExtension.java:140)
	at org.junit.jupiter.engine.extension.TimeoutExtension.interceptTestMethod(TimeoutExtension.java:84)
	at org.junit.jupiter.engine.execution.ExecutableInvoker$ReflectiveInterceptorCall.lambda$ofVoidMethod$0(ExecutableInvoker.java:115)
	at org.junit.jupiter.engine.execution.ExecutableInvoker.lambda$invoke$0(ExecutableInvoker.java:105)
	at org.junit.jupiter.engine.execution.InvocationInterceptorChain$InterceptedInvocation.proceed(InvocationInterceptorChain.java:106)
	at org.junit.jupiter.engine.execution.InvocationInterceptorChain.proceed(InvocationInterceptorChain.java:64)
	at org.junit.jupiter.engine.execution.InvocationInterceptorChain.chainAndInvoke(InvocationInterceptorChain.java:45)
	at org.junit.jupiter.engine.execution.InvocationInterceptorChain.invoke(InvocationInterceptorChain.java:37)
	at org.junit.jupiter.engine.execution.ExecutableInvoker.invoke(ExecutableInvoker.java:104)
	at org.junit.jupiter.engine.execution.ExecutableInvoker.invoke(ExecutableInvoker.java:98)
	at org.junit.jupiter.engine.descriptor.TestMethodTestDescriptor.lambda$invokeTestMethod$7(TestMethodTestDescriptor.java:214)
	at org.junit.platform.engine.support.hierarchical.ThrowableCollector.execute(ThrowableCollector.java:73)
	at org.junit.jupiter.engine.descriptor.TestMethodTestDescriptor.invokeTestMethod(TestMethodTestDescriptor.java:210)
	at org.junit.jupiter.engine.descriptor.TestMethodTestDescriptor.execute(TestMethodTestDescriptor.java:135)
	at org.junit.jupiter.engine.descriptor.TestMethodTestDescriptor.execute(TestMethodTestDescriptor.java:66)
	at org.junit.platform.engine.support.hierarchical.NodeTestTask.lambda$executeRecursively$6(NodeTestTask.java:151)
	at org.junit.platform.engine.support.hierarchical.ThrowableCollector.execute(ThrowableCollector.java:73)
	at org.junit.platform.engine.support.hierarchical.NodeTestTask.lambda$executeRecursively$8(NodeTestTask.java:141)
	at org.junit.platform.engine.support.hierarchical.Node.around(Node.java:137)
	at org.junit.platform.engine.support.hierarchical.NodeTestTask.lambda$executeRecursively$9(NodeTestTask.java:139)
	at org.junit.platform.engine.support.hierarchical.ThrowableCollector.execute(ThrowableCollector.java:73)
	at org.junit.platform.engine.support.hierarchical.NodeTestTask.executeRecursively(NodeTestTask.java:138)
	at org.junit.platform.engine.support.hierarchical.NodeTestTask.execute(NodeTestTask.java:95)
	at java.util.ArrayList.forEach(ArrayList.java:1259)
	at org.junit.platform.engine.support.hierarchical.SameThreadHierarchicalTestExecutorService.invokeAll(SameThreadHierarchicalTestExecutorService.java:41)
	at org.junit.platform.engine.support.hierarchical.NodeTestTask.lambda$executeRecursively$6(NodeTestTask.java:155)
	at org.junit.platform.engine.support.hierarchical.ThrowableCollector.execute(ThrowableCollector.java:73)
	at org.junit.platform.engine.support.hierarchical.NodeTestTask.lambda$executeRecursively$8(NodeTestTask.java:141)
	at org.junit.platform.engine.support.hierarchical.Node.around(Node.java:137)
	at org.junit.platform.engine.support.hierarchical.NodeTestTask.lambda$executeRecursively$9(NodeTestTask.java:139)
	at org.junit.platform.engine.support.hierarchical.ThrowableCollector.execute(ThrowableCollector.java:73)
	at org.junit.platform.engine.support.hierarchical.NodeTestTask.executeRecursively(NodeTestTask.java:138)
	at org.junit.platform.engine.support.hierarchical.NodeTestTask.execute(NodeTestTask.java:95)
	at java.util.ArrayList.forEach(ArrayList.java:1259)
	at org.junit.platform.engine.support.hierarchical.SameThreadHierarchicalTestExecutorService.invokeAll(SameThreadHierarchicalTestExecutorService.java:41)
	at org.junit.platform.engine.support.hierarchical.NodeTestTask.lambda$executeRecursively$6(NodeTestTask.java:155)
	at org.junit.platform.engine.support.hierarchical.ThrowableCollector.execute(ThrowableCollector.java:73)
	at org.junit.platform.engine.support.hierarchical.NodeTestTask.lambda$executeRecursively$8(NodeTestTask.java:141)
	at org.junit.platform.engine.support.hierarchical.Node.around(Node.java:137)
	at org.junit.platform.engine.support.hierarchical.NodeTestTask.lambda$executeRecursively$9(NodeTestTask.java:139)
	at org.junit.platform.engine.support.hierarchical.ThrowableCollector.execute(ThrowableCollector.java:73)
	at org.junit.platform.engine.support.hierarchical.NodeTestTask.executeRecursively(NodeTestTask.java:138)
	at org.junit.platform.engine.support.hierarchical.NodeTestTask.execute(NodeTestTask.java:95)
	at org.junit.platform.engine.support.hierarchical.SameThreadHierarchicalTestExecutorService.submit(SameThreadHierarchicalTestExecutorService.java:35)
	at org.junit.platform.engine.support.hierarchical.HierarchicalTestExecutor.execute(HierarchicalTestExecutor.java:57)
	at org.junit.platform.engine.support.hierarchical.HierarchicalTestEngine.execute(HierarchicalTestEngine.java:54)
	at org.junit.platform.launcher.core.EngineExecutionOrchestrator.execute(EngineExecutionOrchestrator.java:107)
	at org.junit.platform.launcher.core.EngineExecutionOrchestrator.execute(EngineExecutionOrchestrator.java:88)
	at org.junit.platform.launcher.core.EngineExecutionOrchestrator.lambda$execute$0(EngineExecutionOrchestrator.java:54)
	at org.junit.platform.launcher.core.EngineExecutionOrchestrator.withInterceptedStreams(EngineExecutionOrchestrator.java:67)
	at org.junit.platform.launcher.core.EngineExecutionOrchestrator.execute(EngineExecutionOrchestrator.java:52)
	at org.junit.platform.launcher.core.DefaultLauncher.execute(DefaultLauncher.java:114)
	at org.junit.platform.launcher.core.DefaultLauncher.execute(DefaultLauncher.java:86)
	at org.junit.platform.launcher.core.DefaultLauncherSession$DelegatingLauncher.execute(DefaultLauncherSession.java:86)
	at org.junit.platform.launcher.core.SessionPerRequestLauncher.execute(SessionPerRequestLauncher.java:53)
	at org.apache.maven.surefire.junitplatform.JUnitPlatformProvider.invokeAllTests(JUnitPlatformProvider.java:165)
	at org.apache.maven.surefire.junitplatform.JUnitPlatformProvider.invoke(JUnitPlatformProvider.java:124)
	at org.apache.maven.surefire.booter.ForkedBooter.runSuitesInProcess(ForkedBooter.java:428)
	at org.apache.maven.surefire.booter.ForkedBooter.execute(ForkedBooter.java:162)
	at org.apache.maven.surefire.booter.ForkedBooter.run(ForkedBooter.java:562)
	at org.apache.maven.surefire.booter.ForkedBooter.main(ForkedBooter.java:548)
]]></stackTrace>
      <system-out><![CDATA[2022-12-23 07:22:08,052 [Listener at 127.0.0.1/38243] WARN  server.ServerUtils (ServerUtils.java:getScmDbDir(148)) - ozone.scm.db.dirs is not configured. We recommend adding this setting. Falling back to ozone.metadata.dirs instead.
2022-12-23 07:22:08,054 [Listener at 127.0.0.1/38243] WARN  server.ServerUtils (ServerUtils.java:getScmDbDir(148)) - ozone.scm.db.dirs is not configured. We recommend adding this setting. Falling back to ozone.metadata.dirs instead.
2022-12-23 07:22:08,055 [Listener at 127.0.0.1/38243] INFO  ha.SCMHANodeDetails (SCMHANodeDetails.java:loadSCMHAConfig(209)) - ServiceID for StorageContainerManager is null
2022-12-23 07:22:08,055 [Listener at 127.0.0.1/38243] INFO  ha.SCMHANodeDetails (SCMHANodeDetails.java:loadSCMHAConfig(214)) - ozone.scm.default.service.id is not defined, falling back to ozone.scm.service.ids to find serviceID for StorageContainerManager if it is HA enabled cluster
2022-12-23 07:22:08,056 [Listener at 127.0.0.1/38243] WARN  utils.HAUtils (HAUtils.java:getMetaDir(342)) - ozone.scm.db.dirs is not configured. We recommend adding this setting. Falling back to ozone.metadata.dirs instead.
2022-12-23 07:22:08,056 [Listener at 127.0.0.1/38243] WARN  db.DBStoreBuilder (DBStoreBuilder.java:applyDBDefinition(144)) - ozone.scm.db.dirs is not configured. We recommend adding this setting. Falling back to ozone.metadata.dirs instead.
2022-12-23 07:22:08,173 [Listener at 127.0.0.1/38243] INFO  net.NodeSchemaLoader (NodeSchemaLoader.java:loadSchemaFromFile(129)) - Loading schema from [jar:file:/home/runner/.m2/repository/org/apache/ozone/hdds-common/1.3.0-SNAPSHOT/hdds-common-1.3.0-SNAPSHOT.jar!/network-topology-default.xml]
2022-12-23 07:22:08,173 [Listener at 127.0.0.1/38243] INFO  net.NodeSchemaLoader (NodeSchemaLoader.java:loadSchema(176)) - Loading network topology layer schema file
2022-12-23 07:22:08,176 [Listener at 127.0.0.1/38243] INFO  upgrade.AbstractLayoutVersionManager (AbstractLayoutVersionManager.java:init(83)) - Initializing Layout version manager with metadata layout = DATANODE_SCHEMA_V3 (version = 4), software layout = DATANODE_SCHEMA_V3 (version = 4)
2022-12-23 07:22:08,241 [Listener at 127.0.0.1/38243] INFO  reflections.Reflections (Reflections.java:scan(232)) - Reflections took 64 ms to scan 7 urls, producing 146 keys and 348 values 
2022-12-23 07:22:08,243 [Listener at 127.0.0.1/38243] INFO  ha.SequenceIdGenerator (SequenceIdGenerator.java:upgradeToSequenceId(349)) - upgrade localId to 109611004723200000
2022-12-23 07:22:08,243 [Listener at 127.0.0.1/38243] INFO  ha.SequenceIdGenerator (SequenceIdGenerator.java:upgradeToSequenceId(359)) - upgrade delTxnId to 0
2022-12-23 07:22:08,244 [Listener at 127.0.0.1/38243] INFO  ha.SequenceIdGenerator (SequenceIdGenerator.java:upgradeToSequenceId(376)) - upgrade containerId to 0
2022-12-23 07:22:08,244 [Listener at 127.0.0.1/38243] INFO  ha.SequenceIdGenerator (SequenceIdGenerator.java:<init>(220)) - Init the HA SequenceIdGenerator.
2022-12-23 07:22:08,244 [Listener at 127.0.0.1/38243] WARN  server.ServerUtils (ServerUtils.java:sanitizeUserArgs(73)) - ozone.scm.stale.node.interval value = 300000 is larger than max = 100000 based on the key value of ozone.scm.heartbeat.thread.interval, reset to the max value 100000.
2022-12-23 07:22:08,244 [Listener at 127.0.0.1/38243] WARN  server.ServerUtils (ServerUtils.java:sanitizeUserArgs(73)) - ozone.scm.stale.node.interval value = 300000 is larger than max = 100000 based on the key value of ozone.scm.heartbeat.thread.interval, reset to the max value 100000.
2022-12-23 07:22:08,245 [Listener at 127.0.0.1/38243] INFO  node.SCMNodeManager (SCMNodeManager.java:<init>(149)) - Entering startup safe mode.
2022-12-23 07:22:08,245 [Listener at 127.0.0.1/38243] INFO  algorithms.ContainerPlacementPolicyFactory (ContainerPlacementPolicyFactory.java:getPolicyInternal(86)) - Create container placement policy of type org.apache.hadoop.hdds.scm.container.placement.algorithms.SCMContainerPlacementRandom
2022-12-23 07:22:08,246 [Listener at 127.0.0.1/38243] INFO  algorithms.ContainerPlacementPolicyFactory (ContainerPlacementPolicyFactory.java:getPolicyInternal(86)) - Create container placement policy of type org.apache.hadoop.hdds.scm.container.placement.algorithms.SCMContainerPlacementRackScatter
2022-12-23 07:22:08,246 [Listener at 127.0.0.1/38243] INFO  pipeline.PipelineStateManagerImpl (PipelineStateManagerImpl.java:initialize(78)) - No pipeline exists in current db
2022-12-23 07:22:08,246 [Listener at 127.0.0.1/38243] INFO  algorithms.LeaderChoosePolicyFactory (LeaderChoosePolicyFactory.java:getPolicy(57)) - Create leader choose policy of type org.apache.hadoop.hdds.scm.pipeline.leader.choose.algorithms.MinLeaderCountChoosePolicy
2022-12-23 07:22:08,246 [Listener at 127.0.0.1/38243] INFO  algorithms.ContainerPlacementPolicyFactory (ContainerPlacementPolicyFactory.java:getPolicyInternal(86)) - Create container placement policy of type org.apache.hadoop.hdds.scm.container.placement.algorithms.SCMContainerPlacementRackScatter
2022-12-23 07:22:08,247 [Listener at 127.0.0.1/38243] INFO  ha.SCMServiceManager (SCMServiceManager.java:register(42)) - Registering service BackgroundPipelineCreator.
2022-12-23 07:22:08,247 [Listener at 127.0.0.1/38243] INFO  pipeline.BackgroundPipelineCreator (BackgroundPipelineCreator.java:start(124)) - Starting RatisPipelineUtilsThread.
2022-12-23 07:22:08,247 [Listener at 127.0.0.1/38243] INFO  BackgroundPipelineScrubber (BackgroundSCMService.java:start(68)) - Starting BackgroundPipelineScrubber Service.
2022-12-23 07:22:08,248 [Listener at 127.0.0.1/38243] INFO  ha.SCMServiceManager (SCMServiceManager.java:register(42)) - Registering service BackgroundPipelineScrubber.
2022-12-23 07:22:08,248 [Listener at 127.0.0.1/38243] INFO  ExpiredContainerReplicaOpScrubber (BackgroundSCMService.java:start(68)) - Starting ExpiredContainerReplicaOpScrubber Service.
2022-12-23 07:22:08,248 [Listener at 127.0.0.1/38243] INFO  ha.SCMServiceManager (SCMServiceManager.java:register(42)) - Registering service ExpiredContainerReplicaOpScrubber.
2022-12-23 07:22:08,249 [Listener at 127.0.0.1/38243] INFO  algorithms.PipelineChoosePolicyFactory (PipelineChoosePolicyFactory.java:createPipelineChoosePolicyFromClass(73)) - Create pipeline choose policy of type org.apache.hadoop.hdds.scm.pipeline.choose.algorithms.RandomPipelineChoosePolicy
2022-12-23 07:22:08,250 [Listener at 127.0.0.1/38243] INFO  ha.SCMServiceManager (SCMServiceManager.java:register(42)) - Registering service SCMBlockDeletingService.
2022-12-23 07:22:08,251 [Listener at 127.0.0.1/38243] INFO  replication.ReplicationManager (ReplicationManager.java:start(261)) - Starting Replication Monitor Thread.
2022-12-23 07:22:08,252 [Listener at 127.0.0.1/38243] INFO  ha.SCMServiceManager (SCMServiceManager.java:register(42)) - Registering service ReplicationManager.
2022-12-23 07:22:08,252 [Listener at 127.0.0.1/38243] INFO  safemode.ContainerSafeModeRule (ContainerSafeModeRule.java:<init>(89)) - containers with one replica threshold count 0
2022-12-23 07:22:08,252 [Listener at 127.0.0.1/38243] INFO  safemode.HealthyPipelineSafeModeRule (HealthyPipelineSafeModeRule.java:initializeRule(169)) - Total pipeline count is 0, healthy pipeline threshold count is 1
2022-12-23 07:22:08,253 [Listener at 127.0.0.1/38243] INFO  safemode.OneReplicaPipelineSafeModeRule (OneReplicaPipelineSafeModeRule.java:initializeRule(180)) - Total pipeline count is 0, pipeline's with at least one datanode reported threshold count is 0
2022-12-23 07:22:08,255 [ReplicationMonitor] INFO  replication.ReplicationManager (ReplicationManager.java:processAll(330)) - Replication Manager is not ready to run until 3000ms after safemode exit
2022-12-23 07:22:08,255 [Listener at 127.0.0.1/38243] INFO  ipc.CallQueueManager (CallQueueManager.java:<init>(90)) - Using callQueue: class java.util.concurrent.LinkedBlockingQueue, queueCapacity: 2000, scheduler: class org.apache.hadoop.ipc.DefaultRpcScheduler, ipcBackoff: false.
2022-12-23 07:22:08,256 [Socket Reader #1 for port 0] INFO  ipc.Server (Server.java:run(1273)) - Starting Socket Reader #1 for port 0
2022-12-23 07:22:08,256 [Listener at 0.0.0.0/43689] INFO  ipc.CallQueueManager (CallQueueManager.java:<init>(90)) - Using callQueue: class java.util.concurrent.LinkedBlockingQueue, queueCapacity: 2000, scheduler: class org.apache.hadoop.ipc.DefaultRpcScheduler, ipcBackoff: false.
2022-12-23 07:22:08,259 [Socket Reader #1 for port 0] INFO  ipc.Server (Server.java:run(1273)) - Starting Socket Reader #1 for port 0
2022-12-23 07:22:08,259 [Listener at 0.0.0.0/45729] INFO  ipc.CallQueueManager (CallQueueManager.java:<init>(90)) - Using callQueue: class java.util.concurrent.LinkedBlockingQueue, queueCapacity: 2000, scheduler: class org.apache.hadoop.ipc.DefaultRpcScheduler, ipcBackoff: false.
2022-12-23 07:22:08,260 [Socket Reader #1 for port 0] INFO  ipc.Server (Server.java:run(1273)) - Starting Socket Reader #1 for port 0
2022-12-23 07:22:08,265 [Listener at 0.0.0.0/39973] INFO  ha.SCMServiceManager (SCMServiceManager.java:register(42)) - Registering service ContainerBalancer.
2022-12-23 07:22:08,265 [Listener at 0.0.0.0/39973] INFO  server.StorageContainerManager (StorageContainerManager.java:<init>(398)) - 
Container Balancer status:
Key                            Value
Running                        true
Container Balancer Configuration values:
Key                                                Value
Threshold                                          10
Max Datanodes to Involve per Iteration(percent)    20
Max Size to Move per Iteration                     500GB
Max Size Entering Target per Iteration             26GB
Max Size Leaving Source per Iteration              26GB

2022-12-23 07:22:08,265 [Listener at 0.0.0.0/39973] INFO  ha.SCMContext (SCMContext.java:updateSafeModeStatus(228)) - Update SafeModeStatus from SafeModeStatus{safeModeStatus=true, preCheckPassed=false} to SafeModeStatus{safeModeStatus=true, preCheckPassed=false}.
2022-12-23 07:22:08,266 [Listener at 0.0.0.0/39973] INFO  server.StorageContainerManager (StorageContainerManager.java:start(1423)) - StorageContainerLocationProtocol RPC server is listening at /0.0.0.0:39973
2022-12-23 07:22:08,269 [Listener at 0.0.0.0/39973] WARN  impl.MetricsConfig (MetricsConfig.java:loadFirst(136)) - Cannot locate configuration: tried hadoop-metrics2-storagecontainermanager.properties,hadoop-metrics2.properties
2022-12-23 07:22:08,274 [Listener at 0.0.0.0/39973] INFO  impl.MetricsSystemImpl (MetricsSystemImpl.java:startTimer(378)) - Scheduled Metric snapshot period at 10 second(s).
2022-12-23 07:22:08,274 [Listener at 0.0.0.0/39973] INFO  impl.MetricsSystemImpl (MetricsSystemImpl.java:start(191)) - StorageContainerManager metrics system started
2022-12-23 07:22:08,296 [Listener at 0.0.0.0/39973] INFO  impl.MetricsSinkAdapter (MetricsSinkAdapter.java:start(204)) - Sink prometheus started
2022-12-23 07:22:08,299 [Listener at 0.0.0.0/39973] INFO  impl.MetricsSystemImpl (MetricsSystemImpl.java:registerSink(305)) - Registered sink prometheus
2022-12-23 07:22:08,315 [Listener at 0.0.0.0/39973] INFO  server.SCMClientProtocolServer (SCMClientProtocolServer.java:start(170)) - RPC server for Client  is listening at /0.0.0.0:39973
2022-12-23 07:22:08,315 [IPC Server Responder] INFO  ipc.Server (Server.java:run(1512)) - IPC Server Responder: starting
2022-12-23 07:22:08,316 [IPC Server listener on 0] INFO  ipc.Server (Server.java:run(1352)) - IPC Server listener on 0: starting
2022-12-23 07:22:08,325 [Listener at 0.0.0.0/39973] INFO  server.StorageContainerManager (StorageContainerManager.java:start(1437)) - ScmBlockLocationProtocol RPC server is listening at /0.0.0.0:45729
2022-12-23 07:22:08,325 [Listener at 0.0.0.0/39973] INFO  server.SCMBlockProtocolServer (SCMBlockProtocolServer.java:start(152)) - RPC server for Block Protocol is listening at /0.0.0.0:45729
2022-12-23 07:22:08,325 [IPC Server Responder] INFO  ipc.Server (Server.java:run(1512)) - IPC Server Responder: starting
2022-12-23 07:22:08,326 [IPC Server listener on 0] INFO  ipc.Server (Server.java:run(1352)) - IPC Server listener on 0: starting
2022-12-23 07:22:08,330 [Listener at 0.0.0.0/39973] INFO  server.SCMDatanodeProtocolServer (SCMDatanodeProtocolServer.java:start(194)) - ScmDatanodeProtocol RPC server for DataNodes is listening at /0.0.0.0:43689
2022-12-23 07:22:08,331 [IPC Server Responder] INFO  ipc.Server (Server.java:run(1512)) - IPC Server Responder: starting
2022-12-23 07:22:08,331 [IPC Server listener on 0] INFO  ipc.Server (Server.java:run(1352)) - IPC Server listener on 0: starting
2022-12-23 07:22:08,340 [Listener at 0.0.0.0/39973] INFO  http.BaseHttpServer (BaseHttpServer.java:newHttpServer2BuilderForOzone(213)) - Starting Web-server for scm at: http://0.0.0.0:0
2022-12-23 07:22:08,340 [Listener at 0.0.0.0/39973] INFO  http.BaseHttpServer (BaseHttpServer.java:<init>(108)) - Hadoop Security Enabled: false Ozone Security Enabled: false Ozone HTTP Security Enabled: false 
2022-12-23 07:22:08,343 [Listener at 0.0.0.0/39973] WARN  server.AuthenticationFilter (AuthenticationFilter.java:constructSecretProvider(240)) - Unable to initialize FileSignerSecretProvider, falling back to use random secrets. Reason: Could not read signature secret file: /home/runner/hadoop-http-auth-signature-secret
2022-12-23 07:22:08,343 [org.apache.hadoop.util.JvmPauseMonitor$Monitor@2d8581af] INFO  util.JvmPauseMonitor (JvmPauseMonitor.java:run(188)) - Starting JVM pause monitor
2022-12-23 07:22:08,344 [Listener at 0.0.0.0/39973] WARN  http.HttpRequestLog (HttpRequestLog.java:getRequestLog(103)) - Jetty request log can only be enabled using Log4j
2022-12-23 07:22:08,346 [Listener at 0.0.0.0/39973] INFO  http.HttpServer2 (HttpServer2.java:addGlobalFilter(1031)) - Added global filter 'safety' (class=org.apache.hadoop.hdds.server.http.HttpServer2$QuotingInputFilter)
2022-12-23 07:22:08,348 [Listener at 0.0.0.0/39973] INFO  http.HttpServer2 (HttpServer2.java:addFilter(1007)) - Added filter static_user_filter (class=org.apache.hadoop.http.lib.StaticUserWebFilter$StaticUserFilter) to context scm
2022-12-23 07:22:08,348 [Listener at 0.0.0.0/39973] INFO  http.HttpServer2 (HttpServer2.java:addFilter(1015)) - Added filter static_user_filter (class=org.apache.hadoop.http.lib.StaticUserWebFilter$StaticUserFilter) to context logs
2022-12-23 07:22:08,348 [Listener at 0.0.0.0/39973] INFO  http.HttpServer2 (HttpServer2.java:addFilter(1015)) - Added filter static_user_filter (class=org.apache.hadoop.http.lib.StaticUserWebFilter$StaticUserFilter) to context static
2022-12-23 07:22:08,351 [Listener at 0.0.0.0/39973] INFO  http.HttpServer2 (HttpServer2.java:bindListener(1250)) - Jetty bound to port 40003
2022-12-23 07:22:08,351 [Listener at 0.0.0.0/39973] INFO  server.Server (Server.java:doStart(375)) - jetty-9.4.49.v20220914; built: 2022-09-14T01:07:36.601Z; git: 4231a3b2e4cb8548a412a789936d640a97b1aa0a; jvm 1.8.0_352-b08
2022-12-23 07:22:08,353 [Listener at 0.0.0.0/39973] INFO  server.session (DefaultSessionIdManager.java:doStart(334)) - DefaultSessionIdManager workerName=node0
2022-12-23 07:22:08,353 [Listener at 0.0.0.0/39973] INFO  server.session (DefaultSessionIdManager.java:doStart(339)) - No SessionScavenger set, using defaults
2022-12-23 07:22:08,354 [Listener at 0.0.0.0/39973] INFO  server.session (HouseKeeper.java:startScavenging(132)) - node0 Scavenging every 660000ms
2022-12-23 07:22:08,354 [Listener at 0.0.0.0/39973] INFO  handler.ContextHandler (ContextHandler.java:doStart(921)) - Started o.e.j.s.ServletContextHandler@51cabf8d{logs,/logs,file:///home/runner/work/ozone/ozone/hadoop-ozone/integration-test/target/log,AVAILABLE}
2022-12-23 07:22:08,355 [Listener at 0.0.0.0/39973] INFO  handler.ContextHandler (ContextHandler.java:doStart(921)) - Started o.e.j.s.ServletContextHandler@10cf7130{static,/static,file:///home/runner/work/ozone/ozone/hadoop-ozone/integration-test/target/test-classes/webapps/static,AVAILABLE}
2022-12-23 07:22:08,365 [Listener at 0.0.0.0/39973] INFO  handler.ContextHandler (ContextHandler.java:doStart(921)) - Started o.e.j.w.WebAppContext@fc56cf9{scm,/,file:///home/runner/work/ozone/ozone/hadoop-ozone/integration-test/target/test-classes/webapps/scm/,AVAILABLE}{file:/home/runner/work/ozone/ozone/hadoop-ozone/integration-test/target/test-classes/webapps/scm}
2022-12-23 07:22:08,366 [Listener at 0.0.0.0/39973] INFO  server.AbstractConnector (AbstractConnector.java:doStart(333)) - Started ServerConnector@622f5b1d{HTTP/1.1, (http/1.1)}{0.0.0.0:40003}
2022-12-23 07:22:08,367 [Listener at 0.0.0.0/39973] INFO  server.Server (Server.java:doStart(415)) - Started @29326ms
2022-12-23 07:22:08,367 [Listener at 0.0.0.0/39973] WARN  impl.MetricsSystemImpl (MetricsSystemImpl.java:register(279)) - Sink prometheus already exists!
2022-12-23 07:22:08,368 [Listener at 0.0.0.0/39973] INFO  http.BaseHttpServer (BaseHttpServer.java:updateConnectorAddress(333)) - HTTP server of scm listening at http://0.0.0.0:40003
2022-12-23 07:22:08,368 [Listener at 0.0.0.0/39973] WARN  server.ServerUtils (ServerUtils.java:getDBPath(225)) - ozone.om.db.dirs is not configured. We recommend adding this setting. Falling back to ozone.metadata.dirs instead.
2022-12-23 07:22:08,370 [Listener at 0.0.0.0/39973] INFO  ha.OMHANodeDetails (OMHANodeDetails.java:loadOMHAConfig(115)) - ozone.om.internal.service.id is not defined, falling back to ozone.om.service.ids to find serviceID for OzoneManager if it is HA enabled cluster
2022-12-23 07:22:08,370 [Listener at 0.0.0.0/39973] INFO  ha.OMHANodeDetails (OMHANodeDetails.java:loadOMHAConfig(226)) - Configuration does not have ozone.om.address set. Falling back to the default OM address /127.0.0.1:0
2022-12-23 07:22:08,370 [Listener at 0.0.0.0/39973] INFO  ha.OMHANodeDetails (OMHANodeDetails.java:getOMNodeDetailsForNonHA(254)) - OM Service ID is not set. Setting it to the default ID: omServiceIdDefault
2022-12-23 07:22:08,371 [Listener at 0.0.0.0/39973] INFO  ha.OMHANodeDetails (OMHANodeDetails.java:getOMNodeDetailsForNonHA(261)) - OM Node ID is not set. Setting it to the default ID: om1
2022-12-23 07:22:08,371 [Listener at 0.0.0.0/39973] WARN  server.ServerUtils (ServerUtils.java:getDBPath(225)) - ozone.om.db.dirs is not configured. We recommend adding this setting. Falling back to ozone.metadata.dirs instead.
2022-12-23 07:22:08,371 [Listener at 0.0.0.0/39973] INFO  upgrade.AbstractLayoutVersionManager (AbstractLayoutVersionManager.java:init(83)) - Initializing Layout version manager with metadata layout = MULTITENANCY_SCHEMA (version = 3), software layout = MULTITENANCY_SCHEMA (version = 3)
2022-12-23 07:22:08,457 [Listener at 0.0.0.0/39973] INFO  reflections.Reflections (Reflections.java:scan(232)) - Reflections took 85 ms to scan 2 urls, producing 154 keys and 428 values [using 2 cores]
2022-12-23 07:22:08,458 [Listener at 0.0.0.0/39973] INFO  upgrade.OMLayoutVersionManager (OMLayoutVersionManager.java:lambda$0(115)) - Skipping Upgrade Action MockOmUpgradeAction since it has been finalized.
2022-12-23 07:22:08,458 [Listener at 0.0.0.0/39973] WARN  server.ServerUtils (ServerUtils.java:getDBPath(225)) - ozone.om.db.dirs is not configured. We recommend adding this setting. Falling back to ozone.metadata.dirs instead.
2022-12-23 07:22:08,459 [Listener at 0.0.0.0/39973] INFO  proxy.SCMBlockLocationFailoverProxyProvider (SCMBlockLocationFailoverProxyProvider.java:<init>(114)) - Created block location fail-over proxy with 1 nodes: [nodeId=scmNodeId,nodeAddress=/0.0.0.0:45729]
2022-12-23 07:22:08,461 [Listener at 0.0.0.0/39973] INFO  proxy.SCMBlockLocationFailoverProxyProvider (SCMBlockLocationFailoverProxyProvider.java:<init>(114)) - Created block location fail-over proxy with 1 nodes: [nodeId=scmNodeId,nodeAddress=/0.0.0.0:45729]
2022-12-23 07:22:08,466 [Listener at 0.0.0.0/39973] WARN  server.ServerUtils (ServerUtils.java:getDBPath(225)) - ozone.om.db.dirs is not configured. We recommend adding this setting. Falling back to ozone.metadata.dirs instead.
2022-12-23 07:22:08,466 [Listener at 0.0.0.0/39973] INFO  codec.OmKeyInfoCodec (OmKeyInfoCodec.java:<init>(49)) - OmKeyInfoCodec ignorePipeline = true
2022-12-23 07:22:08,467 [Listener at 0.0.0.0/39973] INFO  codec.RepeatedOmKeyInfoCodec (RepeatedOmKeyInfoCodec.java:<init>(41)) - RepeatedOmKeyInfoCodec ignorePipeline = true
2022-12-23 07:22:08,651 [Listener at 0.0.0.0/39973] INFO  om.OzoneManager (OzoneManager.java:instantiateServices(717)) - S3 Multi-Tenancy is disabled
2022-12-23 07:22:08,652 [Listener at 0.0.0.0/39973] INFO  om.OzoneManager (OzoneManager.java:addS3GVolumeToDB(4402)) - Created Volume s3v With Owner runner required for S3Gateway operations.
2022-12-23 07:22:08,653 [Listener at 0.0.0.0/39973] WARN  server.ServerUtils (ServerUtils.java:getDefaultRatisDirectory(237)) - Storage directory for Ratis is not configured. It is a good idea to map this to an SSD disk. Falling back to ozone.metadata.dirs
2022-12-23 07:22:08,653 [Listener at 0.0.0.0/39973] WARN  utils.OzoneManagerRatisUtils (OzoneManagerRatisUtils.java:getOMRatisSnapshotDirectory(434)) - ozone.om.ratis.snapshot.dir is not configured. Falling back to ozone.metadata.dirs config
2022-12-23 07:22:08,653 [Listener at 0.0.0.0/39973] WARN  server.ServerUtils (ServerUtils.java:getDefaultRatisDirectory(237)) - Storage directory for Ratis is not configured. It is a good idea to map this to an SSD disk. Falling back to ozone.metadata.dirs
2022-12-23 07:22:08,655 [Listener at 0.0.0.0/39973] INFO  ratis.OzoneManagerRatisServer (OzoneManagerRatisServer.java:<init>(160)) - Instantiating OM Ratis server with groupID: omServiceIdDefault and peers: localhost:9872
2022-12-23 07:22:08,655 [Listener at 0.0.0.0/39973] INFO  ratis.OzoneManagerStateMachine (OzoneManagerStateMachine.java:loadSnapshotInfoFromDB(636)) - LastAppliedIndex is set from TransactionInfo from OM DB as (t:0, i:~)
2022-12-23 07:22:08,656 [Listener at 0.0.0.0/39973] INFO  server.RaftServer (ConfUtils.java:logGet(46)) - raft.rpc.type = GRPC (default)
2022-12-23 07:22:08,656 [Listener at 0.0.0.0/39973] INFO  grpc.GrpcConfigKeys (ConfUtils.java:logFallback(53)) - raft.grpc.admin.host = null (fallback to raft.grpc.server.host)
2022-12-23 07:22:08,657 [Listener at 0.0.0.0/39973] INFO  grpc.GrpcConfigKeys (ConfUtils.java:logFallback(53)) - raft.grpc.admin.port = 9872 (fallback to raft.grpc.server.port)
2022-12-23 07:22:08,657 [Listener at 0.0.0.0/39973] INFO  grpc.GrpcConfigKeys (ConfUtils.java:logFallback(53)) - raft.grpc.client.host = null (fallback to raft.grpc.server.host)
2022-12-23 07:22:08,657 [Listener at 0.0.0.0/39973] INFO  grpc.GrpcConfigKeys (ConfUtils.java:logFallback(53)) - raft.grpc.client.port = 9872 (fallback to raft.grpc.server.port)
2022-12-23 07:22:08,657 [Listener at 0.0.0.0/39973] INFO  grpc.GrpcConfigKeys (ConfUtils.java:logGet(46)) - raft.grpc.server.host = null (default)
2022-12-23 07:22:08,657 [Listener at 0.0.0.0/39973] INFO  grpc.GrpcConfigKeys (ConfUtils.java:logGet(46)) - raft.grpc.server.port = 9872 (custom)
2022-12-23 07:22:08,657 [Listener at 0.0.0.0/39973] INFO  server.GrpcService (ConfUtils.java:logGet(46)) - raft.grpc.message.size.max = 33554432 (custom)
2022-12-23 07:22:08,657 [Listener at 0.0.0.0/39973] INFO  server.RaftServerConfigKeys (ConfUtils.java:logGet(46)) - raft.server.log.appender.buffer.byte-limit = 33554432 (custom)
2022-12-23 07:22:08,658 [Listener at 0.0.0.0/39973] INFO  server.GrpcService (ConfUtils.java:logGet(46)) - raft.grpc.flow.control.window = 1MB (=1048576) (default)
2022-12-23 07:22:08,658 [Listener at 0.0.0.0/39973] INFO  server.RaftServerConfigKeys (ConfUtils.java:logGet(46)) - raft.server.rpc.request.timeout = 3000ms (default)
2022-12-23 07:22:08,658 [Listener at 0.0.0.0/39973] INFO  grpc.GrpcConfigKeys (ConfUtils.java:logGet(46)) - raft.grpc.server.heartbeat.channel = true (default)
2022-12-23 07:22:08,658 [Listener at 0.0.0.0/39973] INFO  grpc.GrpcConfigKeys (ConfUtils.java:logGet(46)) - raft.grpc.server.async.request.thread.pool.cached = true (default)
2022-12-23 07:22:08,658 [Listener at 0.0.0.0/39973] INFO  grpc.GrpcConfigKeys (ConfUtils.java:logGet(46)) - raft.grpc.server.async.request.thread.pool.size = 32 (default)
2022-12-23 07:22:08,660 [Listener at 0.0.0.0/39973] INFO  impl.DataStreamServerImpl (ConfUtils.java:logGet(46)) - raft.datastream.type = NETTY (custom)
2022-12-23 07:22:08,660 [Listener at 0.0.0.0/39973] INFO  server.RaftServerConfigKeys (ConfUtils.java:logGet(46)) - raft.server.data-stream.async.request.thread.pool.cached = false (default)
2022-12-23 07:22:08,660 [Listener at 0.0.0.0/39973] INFO  server.RaftServerConfigKeys (ConfUtils.java:logGet(46)) - raft.server.data-stream.async.request.thread.pool.size = 32 (default)
2022-12-23 07:22:08,660 [Listener at 0.0.0.0/39973] INFO  server.RaftServerConfigKeys (ConfUtils.java:logGet(46)) - raft.server.data-stream.async.write.thread.pool.size = 16 (default)
2022-12-23 07:22:08,661 [Listener at 0.0.0.0/39973] INFO  server.RaftServerConfigKeys (ConfUtils.java:logGet(46)) - raft.server.data-stream.client.pool.size = 10 (default)
2022-12-23 07:22:08,661 [Listener at 0.0.0.0/39973] INFO  netty.NettyConfigKeys$DataStream (ConfUtils.java:logGet(46)) - raft.netty.dataStream.server.use-epoll = false (default)
2022-12-23 07:22:08,661 [Listener at 0.0.0.0/39973] INFO  netty.NettyConfigKeys$DataStream (ConfUtils.java:logGet(46)) - raft.netty.dataStream.server.boss-group.size = 0 (default)
2022-12-23 07:22:08,661 [Listener at 0.0.0.0/39973] INFO  netty.NettyConfigKeys$DataStream (ConfUtils.java:logGet(46)) - raft.netty.dataStream.server.worker-group.size = 0 (default)
2022-12-23 07:22:08,662 [Listener at 0.0.0.0/39973] INFO  netty.NettyConfigKeys$DataStream (ConfUtils.java:logGet(46)) - raft.netty.dataStream.server.tls.conf = null (default)
2022-12-23 07:22:08,662 [Listener at 0.0.0.0/39973] INFO  netty.NettyConfigKeys$DataStream (ConfUtils.java:logGet(46)) - raft.netty.dataStream.host = null (default)
2022-12-23 07:22:08,662 [Listener at 0.0.0.0/39973] INFO  netty.NettyConfigKeys$DataStream (ConfUtils.java:logGet(46)) - raft.netty.dataStream.port = 0 (default)
2022-12-23 07:22:08,663 [Listener at 0.0.0.0/39973] INFO  server.RaftServerConfigKeys (ConfUtils.java:logGet(46)) - raft.server.threadpool.proxy.cached = true (default)
2022-12-23 07:22:08,663 [Listener at 0.0.0.0/39973] INFO  server.RaftServerConfigKeys (ConfUtils.java:logGet(46)) - raft.server.threadpool.proxy.size = 0 (default)
2022-12-23 07:22:08,663 [Listener at 0.0.0.0/39973] INFO  server.RaftServerConfigKeys (ConfUtils.java:logGet(46)) - raft.server.rpc.slowness.timeout = 120s (custom)
2022-12-23 07:22:08,663 [Listener at 0.0.0.0/39973] INFO  server.RaftServerConfigKeys (ConfUtils.java:logGet(46)) - raft.server.leaderelection.leader.step-down.wait-time = 10s (default)
2022-12-23 07:22:08,663 [Listener at 0.0.0.0/39973] INFO  server.RaftServerConfigKeys (ConfUtils.java:logGet(46)) - raft.server.storage.dir = [/home/runner/work/ozone/ozone/hadoop-ozone/integration-test/target/test-dir/MiniOzoneClusterImpl-92bcab56-ea6f-414a-bd9b-6ecfa13157ac/ozone-meta/ratis] (custom)
2022-12-23 07:22:08,664 [om1-NettyServerStreamRpc-bossGroup--thread1] INFO  logging.LoggingHandler (AbstractInternalLogger.java:log(148)) - [id: 0x972d2cae] REGISTERED
2022-12-23 07:22:08,664 [om1-NettyServerStreamRpc-bossGroup--thread1] INFO  logging.LoggingHandler (AbstractInternalLogger.java:log(148)) - [id: 0x972d2cae] BIND: 0.0.0.0/0.0.0.0:0
2022-12-23 07:22:08,664 [Listener at 0.0.0.0/39973] INFO  server.RaftServer (RaftServerProxy.java:addNew(96)) - om1: addNew group-C5BA1605619E:[om1|rpc:localhost:9872|priority:0|startupRole:FOLLOWER] returns group-C5BA1605619E:java.util.concurrent.CompletableFuture@67332c7c[Not completed]
2022-12-23 07:22:08,664 [om1-NettyServerStreamRpc-bossGroup--thread1] INFO  logging.LoggingHandler (AbstractInternalLogger.java:log(148)) - [id: 0x972d2cae, L:/0:0:0:0:0:0:0:0:41501] ACTIVE
2022-12-23 07:22:08,664 [Listener at 0.0.0.0/39973] INFO  om.OzoneManager (OzoneManager.java:initializeRatisServer(1979)) - OzoneManager Ratis server initialized at port 9872
2022-12-23 07:22:08,666 [Listener at 0.0.0.0/39973] INFO  om.OzoneManager (OzoneManager.java:getRpcServer(1106)) - Creating RPC Server
2022-12-23 07:22:08,667 [pool-201-thread-1] INFO  server.RaftServer$Division (RaftServerImpl.java:<init>(195)) - om1: new RaftServerImpl for group-C5BA1605619E:[om1|rpc:localhost:9872|priority:0|startupRole:FOLLOWER] with OzoneManagerStateMachine:uninitialized
2022-12-23 07:22:08,667 [pool-201-thread-1] INFO  server.RaftServerConfigKeys (ConfUtils.java:logGet(46)) - raft.server.rpc.timeout.min = 1s (custom)
2022-12-23 07:22:08,667 [pool-201-thread-1] INFO  server.RaftServerConfigKeys (ConfUtils.java:logGet(46)) - raft.server.rpc.timeout.max = 1200ms (custom)
2022-12-23 07:22:08,667 [pool-201-thread-1] INFO  server.RaftServerConfigKeys (ConfUtils.java:logGet(46)) - raft.server.rpc.sleep.time = 25ms (default)
2022-12-23 07:22:08,667 [pool-201-thread-1] INFO  server.RaftServerConfigKeys (ConfUtils.java:logGet(46)) - raft.server.rpc.slowness.timeout = 120s (custom)
2022-12-23 07:22:08,668 [pool-201-thread-1] INFO  server.RaftServerConfigKeys (ConfUtils.java:logGet(46)) - raft.server.leaderelection.leader.step-down.wait-time = 10s (default)
2022-12-23 07:22:08,668 [pool-201-thread-1] INFO  server.RaftServerConfigKeys (ConfUtils.java:logGet(46)) - raft.server.sleep.deviation.threshold = 300ms (default)
2022-12-23 07:22:08,668 [pool-201-thread-1] INFO  server.RaftServer$Division (ServerState.java:<init>(118)) - om1@group-C5BA1605619E: ConfigurationManager, init=-1: peers:[om1|rpc:localhost:9872|priority:0|startupRole:FOLLOWER]|listeners:[], old=null, confs=<EMPTY_MAP>
2022-12-23 07:22:08,668 [pool-201-thread-1] INFO  server.RaftServerConfigKeys (ConfUtils.java:logGet(46)) - raft.server.storage.dir = [/home/runner/work/ozone/ozone/hadoop-ozone/integration-test/target/test-dir/MiniOzoneClusterImpl-92bcab56-ea6f-414a-bd9b-6ecfa13157ac/ozone-meta/ratis] (custom)
2022-12-23 07:22:08,668 [pool-201-thread-1] INFO  server.RaftServerConfigKeys (ConfUtils.java:logGet(46)) - raft.server.log.corruption.policy = EXCEPTION (default)
2022-12-23 07:22:08,668 [pool-201-thread-1] INFO  server.RaftServerConfigKeys (ConfUtils.java:logGet(46)) - raft.server.storage.free-space.min = 0MB (=0) (default)
2022-12-23 07:22:08,668 [pool-201-thread-1] INFO  server.RaftServerConfigKeys (ConfUtils.java:logGet(46)) - raft.server.notification.no-leader.timeout = 120s (custom)
2022-12-23 07:22:08,668 [pool-201-thread-1] INFO  server.RaftServerConfigKeys (ConfUtils.java:logGet(46)) - raft.server.retrycache.expirytime = 300s (custom)
2022-12-23 07:22:08,668 [pool-201-thread-1] INFO  server.RaftServerConfigKeys (ConfUtils.java:logGet(46)) - raft.server.retrycache.statistics.expirytime = 100μs (default)
2022-12-23 07:22:08,669 [pool-201-thread-1] INFO  server.RaftServerConfigKeys (ConfUtils.java:logGet(46)) - raft.server.log.appender.install.snapshot.enabled = false (custom)
2022-12-23 07:22:08,669 [pool-201-thread-1] INFO  server.RaftServerConfigKeys (ConfUtils.java:logGet(46)) - raft.server.threadpool.server.cached = true (default)
2022-12-23 07:22:08,669 [pool-201-thread-1] INFO  server.RaftServerConfigKeys (ConfUtils.java:logGet(46)) - raft.server.threadpool.server.size = 0 (default)
2022-12-23 07:22:08,669 [pool-201-thread-1] INFO  server.RaftServerConfigKeys (ConfUtils.java:logGet(46)) - raft.server.threadpool.client.cached = true (default)
2022-12-23 07:22:08,669 [pool-201-thread-1] INFO  server.RaftServerConfigKeys (ConfUtils.java:logGet(46)) - raft.server.threadpool.client.size = 0 (default)
2022-12-23 07:22:09,165 [Listener at 0.0.0.0/39973] INFO  reflections.Reflections (Reflections.java:scan(232)) - Reflections took 498 ms to scan 19 urls, producing 67 keys and 4514 values [using 2 cores]
2022-12-23 07:22:09,167 [Listener at 0.0.0.0/39973] INFO  ipc.CallQueueManager (CallQueueManager.java:<init>(90)) - Using callQueue: class java.util.concurrent.LinkedBlockingQueue, queueCapacity: 2000, scheduler: class org.apache.hadoop.ipc.DefaultRpcScheduler, ipcBackoff: false.
2022-12-23 07:22:09,168 [Socket Reader #1 for port 0] INFO  ipc.Server (Server.java:run(1273)) - Starting Socket Reader #1 for port 0
2022-12-23 07:22:09,188 [Listener at 127.0.0.1/45417] INFO  impl.MetricsSystemImpl (MetricsSystemImpl.java:init(158)) - OzoneManager metrics system started (again)
2022-12-23 07:22:09,200 [Listener at 127.0.0.1/45417] INFO  om.OzoneManager (OzoneManager.java:start(1486)) - OzoneManager RPC server is listening at localhost/127.0.0.1:45417
2022-12-23 07:22:09,200 [Listener at 127.0.0.1/45417] INFO  ratis.OzoneManagerRatisServer (OzoneManagerRatisServer.java:start(555)) - Starting OzoneManagerRatisServer om1 at port 9872
2022-12-23 07:22:09,201 [om1-impl-thread1] INFO  storage.RaftStorageDirectory (RaftStorageDirectoryImpl.java:analyzeStorage(137)) - The storage directory /home/runner/work/ozone/ozone/hadoop-ozone/integration-test/target/test-dir/MiniOzoneClusterImpl-92bcab56-ea6f-414a-bd9b-6ecfa13157ac/ozone-meta/ratis/bf265839-605b-3f16-9796-c5ba1605619e does not exist. Creating ...
2022-12-23 07:22:09,209 [om1-impl-thread1] INFO  storage.RaftStorageDirectory (RaftStorageDirectoryImpl.java:tryLock(231)) - Lock on /home/runner/work/ozone/ozone/hadoop-ozone/integration-test/target/test-dir/MiniOzoneClusterImpl-92bcab56-ea6f-414a-bd9b-6ecfa13157ac/ozone-meta/ratis/bf265839-605b-3f16-9796-c5ba1605619e/in_use.lock acquired by nodename 81300@fv-az505-480
2022-12-23 07:22:09,211 [om1-impl-thread1] INFO  storage.RaftStorage (RaftStorageImpl.java:format(96)) - Storage directory /home/runner/work/ozone/ozone/hadoop-ozone/integration-test/target/test-dir/MiniOzoneClusterImpl-92bcab56-ea6f-414a-bd9b-6ecfa13157ac/ozone-meta/ratis/bf265839-605b-3f16-9796-c5ba1605619e has been successfully formatted.
2022-12-23 07:22:09,211 [om1-impl-thread1] INFO  server.RaftServerConfigKeys (ConfUtils.java:logGet(46)) - raft.server.log.use.memory = false (default)
2022-12-23 07:22:09,211 [om1-impl-thread1] INFO  server.RaftServerConfigKeys (ConfUtils.java:logGet(46)) - raft.server.log.purge.gap = 1000000 (custom)
2022-12-23 07:22:09,211 [om1-impl-thread1] INFO  server.RaftServerConfigKeys (ConfUtils.java:logGet(46)) - raft.server.log.appender.buffer.byte-limit = 33554432 (custom)
2022-12-23 07:22:09,211 [om1-impl-thread1] INFO  server.RaftServerConfigKeys (ConfUtils.java:logGet(46)) - raft.server.log.statemachine.data.read.timeout = 1000ms (default)
2022-12-23 07:22:09,211 [om1-impl-thread1] INFO  server.RaftServerConfigKeys (ConfUtils.java:logGet(46)) - raft.server.log.purge.preservation.log.num = 0 (default)
2022-12-23 07:22:09,212 [om1-impl-thread1] INFO  server.RaftServerConfigKeys (ConfUtils.java:logGet(46)) - raft.server.log.segment.size.max = 4194304 (custom)
2022-12-23 07:22:09,212 [om1-impl-thread1] INFO  server.RaftServerConfigKeys (ConfUtils.java:logGet(46)) - raft.server.log.segment.cache.num.max = 2 (custom)
2022-12-23 07:22:09,212 [om1-impl-thread1] INFO  server.RaftServerConfigKeys (ConfUtils.java:logGet(46)) - raft.server.log.segment.cache.size.max = 200MB (=209715200) (default)
2022-12-23 07:22:09,212 [om1-impl-thread1] INFO  segmented.SegmentedRaftLogWorker (SegmentedRaftLogWorker.java:<init>(189)) - new om1@group-C5BA1605619E-SegmentedRaftLogWorker for RaftStorageImpl:Storage Directory /home/runner/work/ozone/ozone/hadoop-ozone/integration-test/target/test-dir/MiniOzoneClusterImpl-92bcab56-ea6f-414a-bd9b-6ecfa13157ac/ozone-meta/ratis/bf265839-605b-3f16-9796-c5ba1605619e
2022-12-23 07:22:09,212 [om1-impl-thread1] INFO  server.RaftServerConfigKeys (ConfUtils.java:logGet(46)) - raft.server.log.queue.byte-limit = 64MB (=67108864) (default)
2022-12-23 07:22:09,212 [om1-impl-thread1] INFO  server.RaftServerConfigKeys (ConfUtils.java:logGet(46)) - raft.server.log.queue.element-limit = 4096 (default)
2022-12-23 07:22:09,212 [om1-impl-thread1] INFO  server.RaftServerConfigKeys (ConfUtils.java:logGet(46)) - raft.server.log.segment.size.max = 4194304 (custom)
2022-12-23 07:22:09,212 [om1-impl-thread1] INFO  server.RaftServerConfigKeys (ConfUtils.java:logGet(46)) - raft.server.log.preallocated.size = 4194304 (custom)
2022-12-23 07:22:09,212 [om1-impl-thread1] INFO  server.RaftServerConfigKeys (ConfUtils.java:logGet(46)) - raft.server.log.force.sync.num = 128 (default)
2022-12-23 07:22:09,212 [om1-impl-thread1] INFO  server.RaftServerConfigKeys (ConfUtils.java:logGet(46)) - raft.server.log.statemachine.data.sync = true (default)
2022-12-23 07:22:09,212 [om1-impl-thread1] INFO  server.RaftServerConfigKeys (ConfUtils.java:logGet(46)) - raft.server.log.statemachine.data.sync.timeout = 10s (default)
2022-12-23 07:22:09,212 [om1-impl-thread1] INFO  server.RaftServerConfigKeys (ConfUtils.java:logGet(46)) - raft.server.log.statemachine.data.sync.timeout.retry = -1 (default)
2022-12-23 07:22:09,213 [om1-impl-thread1] INFO  server.RaftServerConfigKeys (ConfUtils.java:logGet(46)) - raft.server.log.write.buffer.size = 64KB (=65536) (default)
2022-12-23 07:22:09,213 [om1-impl-thread1] INFO  server.RaftServerConfigKeys (ConfUtils.java:logGet(46)) - raft.server.log.appender.buffer.byte-limit = 33554432 (custom)
2022-12-23 07:22:09,218 [om1-impl-thread1] INFO  server.RaftServerConfigKeys (ConfUtils.java:logGet(46)) - raft.server.log.unsafe-flush.enabled = false (default)
2022-12-23 07:22:09,218 [om1-impl-thread1] INFO  server.RaftServerConfigKeys (ConfUtils.java:logGet(46)) - raft.server.log.async-flush.enabled = false (default)
2022-12-23 07:22:09,218 [om1-impl-thread1] INFO  server.RaftServerConfigKeys (ConfUtils.java:logGet(46)) - raft.server.log.statemachine.data.caching.enabled = false (default)
2022-12-23 07:22:09,218 [om1-impl-thread1] INFO  segmented.SegmentedRaftLogWorker (SegmentedRaftLogWorker.java:lambda$new$0(135)) - om1@group-C5BA1605619E-SegmentedRaftLogWorker: flushIndex: setUnconditionally 0 -> -1
2022-12-23 07:22:09,219 [om1-impl-thread1] INFO  segmented.SegmentedRaftLogWorker (SegmentedRaftLogWorker.java:lambda$new$0(135)) - om1@group-C5BA1605619E-SegmentedRaftLogWorker: safeCacheEvictIndex: setUnconditionally 0 -> -1
2022-12-23 07:22:09,219 [om1-impl-thread1] INFO  server.RaftServer$Division (RaftServerImpl.java:start(334)) - om1@group-C5BA1605619E: start as a follower, conf=-1: peers:[om1|rpc:localhost:9872|priority:0|startupRole:FOLLOWER]|listeners:[], old=null
2022-12-23 07:22:09,219 [om1-impl-thread1] INFO  server.RaftServer$Division (RaftServerImpl.java:setRole(321)) - om1@group-C5BA1605619E: changes role from      null to FOLLOWER at term 0 for startAsFollower
2022-12-23 07:22:09,223 [om1-impl-thread1] INFO  impl.RoleInfo (RoleInfo.java:updateAndGet(139)) - om1: start om1@group-C5BA1605619E-FollowerState
2022-12-23 07:22:09,224 [om1-impl-thread1] INFO  util.JmxRegister (JmxRegister.java:tryRegister(44)) - Successfully registered JMX Bean with object name Ratis:service=RaftServer,group=group-C5BA1605619E,id=om1
2022-12-23 07:22:09,224 [om1-impl-thread1] INFO  server.RaftServerConfigKeys (ConfUtils.java:logGet(46)) - raft.server.snapshot.auto.trigger.enabled = true (custom)
2022-12-23 07:22:09,224 [om1-impl-thread1] INFO  server.RaftServerConfigKeys (ConfUtils.java:logGet(46)) - raft.server.snapshot.auto.trigger.threshold = 400000 (default)
2022-12-23 07:22:09,224 [om1-impl-thread1] INFO  server.RaftServerConfigKeys (ConfUtils.java:logGet(46)) - raft.server.snapshot.retention.file.num = -1 (default)
2022-12-23 07:22:09,224 [om1-impl-thread1] INFO  server.RaftServerConfigKeys (ConfUtils.java:logGet(46)) - raft.server.log.purge.upto.snapshot.index = true (custom)
2022-12-23 07:22:09,225 [Listener at 127.0.0.1/45417] INFO  server.RaftServer (RaftServerProxy.java:startImpl(393)) - om1: start RPC server
2022-12-23 07:22:09,232 [om1@group-C5BA1605619E-FollowerState] INFO  server.RaftServerConfigKeys (ConfUtils.java:logFallback(53)) - raft.server.rpc.first-election.timeout.min = 1s (fallback to raft.server.rpc.timeout.min)
2022-12-23 07:22:09,236 [Listener at 127.0.0.1/45417] INFO  server.GrpcService (GrpcService.java:startImpl(262)) - om1: GrpcService started, listening on 9872
2022-12-23 07:22:09,236 [om1@group-C5BA1605619E-FollowerState] INFO  server.RaftServerConfigKeys (ConfUtils.java:logFallback(53)) - raft.server.rpc.first-election.timeout.max = 1200ms (fallback to raft.server.rpc.timeout.max)
2022-12-23 07:22:09,238 [Listener at 127.0.0.1/45417] INFO  om.OzoneManager (OzoneManager.java:start(1502)) - Version File has different layout version (3) than OM DB (null). That is expected if this OM has never been finalized to a newer layout version.
2022-12-23 07:22:09,239 [JvmPauseMonitor4] INFO  util.JvmPauseMonitor (JvmPauseMonitor.java:run(105)) - JvmPauseMonitor-om1: Started
2022-12-23 07:22:09,242 [Listener at 127.0.0.1/45417] INFO  http.BaseHttpServer (BaseHttpServer.java:newHttpServer2BuilderForOzone(213)) - Starting Web-server for ozoneManager at: http://0.0.0.0:0
2022-12-23 07:22:09,242 [Listener at 127.0.0.1/45417] INFO  http.BaseHttpServer (BaseHttpServer.java:<init>(108)) - Hadoop Security Enabled: false Ozone Security Enabled: false Ozone HTTP Security Enabled: false 
2022-12-23 07:22:09,244 [Listener at 127.0.0.1/45417] WARN  server.AuthenticationFilter (AuthenticationFilter.java:constructSecretProvider(240)) - Unable to initialize FileSignerSecretProvider, falling back to use random secrets. Reason: Could not read signature secret file: /home/runner/hadoop-http-auth-signature-secret
2022-12-23 07:22:09,245 [Listener at 127.0.0.1/45417] WARN  http.HttpRequestLog (HttpRequestLog.java:getRequestLog(103)) - Jetty request log can only be enabled using Log4j
2022-12-23 07:22:09,246 [Listener at 127.0.0.1/45417] INFO  http.HttpServer2 (HttpServer2.java:addGlobalFilter(1031)) - Added global filter 'safety' (class=org.apache.hadoop.hdds.server.http.HttpServer2$QuotingInputFilter)
2022-12-23 07:22:09,247 [Listener at 127.0.0.1/45417] INFO  http.HttpServer2 (HttpServer2.java:addFilter(1007)) - Added filter static_user_filter (class=org.apache.hadoop.http.lib.StaticUserWebFilter$StaticUserFilter) to context ozoneManager
2022-12-23 07:22:09,247 [Listener at 127.0.0.1/45417] INFO  http.HttpServer2 (HttpServer2.java:addFilter(1015)) - Added filter static_user_filter (class=org.apache.hadoop.http.lib.StaticUserWebFilter$StaticUserFilter) to context static
2022-12-23 07:22:09,248 [Listener at 127.0.0.1/45417] INFO  http.HttpServer2 (HttpServer2.java:addFilter(1015)) - Added filter static_user_filter (class=org.apache.hadoop.http.lib.StaticUserWebFilter$StaticUserFilter) to context logs
2022-12-23 07:22:09,248 [Listener at 127.0.0.1/45417] INFO  http.HttpServer2 (HttpServer2.java:bindListener(1250)) - Jetty bound to port 46251
2022-12-23 07:22:09,248 [Listener at 127.0.0.1/45417] INFO  server.Server (Server.java:doStart(375)) - jetty-9.4.49.v20220914; built: 2022-09-14T01:07:36.601Z; git: 4231a3b2e4cb8548a412a789936d640a97b1aa0a; jvm 1.8.0_352-b08
2022-12-23 07:22:09,250 [Listener at 127.0.0.1/45417] INFO  server.session (DefaultSessionIdManager.java:doStart(334)) - DefaultSessionIdManager workerName=node0
2022-12-23 07:22:09,250 [Listener at 127.0.0.1/45417] INFO  server.session (DefaultSessionIdManager.java:doStart(339)) - No SessionScavenger set, using defaults
2022-12-23 07:22:09,250 [Listener at 127.0.0.1/45417] INFO  server.session (HouseKeeper.java:startScavenging(132)) - node0 Scavenging every 660000ms
2022-12-23 07:22:09,251 [Listener at 127.0.0.1/45417] INFO  handler.ContextHandler (ContextHandler.java:doStart(921)) - Started o.e.j.s.ServletContextHandler@7f8ac06f{logs,/logs,file:///home/runner/work/ozone/ozone/hadoop-ozone/integration-test/target/log,AVAILABLE}
2022-12-23 07:22:09,252 [Listener at 127.0.0.1/45417] INFO  handler.ContextHandler (ContextHandler.java:doStart(921)) - Started o.e.j.s.ServletContextHandler@4654aab6{static,/static,file:///home/runner/work/ozone/ozone/hadoop-ozone/integration-test/target/test-classes/webapps/static,AVAILABLE}
2022-12-23 07:22:09,256 [Listener at 127.0.0.1/45417] INFO  handler.ContextHandler (ContextHandler.java:doStart(921)) - Started o.e.j.w.WebAppContext@72ca016e{ozoneManager,/,file:///home/runner/work/ozone/ozone/hadoop-ozone/integration-test/target/test-classes/webapps/ozoneManager/,AVAILABLE}{file:/home/runner/work/ozone/ozone/hadoop-ozone/integration-test/target/test-classes/webapps/ozoneManager}
2022-12-23 07:22:09,257 [Listener at 127.0.0.1/45417] INFO  server.AbstractConnector (AbstractConnector.java:doStart(333)) - Started ServerConnector@f7f9ff9{HTTP/1.1, (http/1.1)}{0.0.0.0:46251}
2022-12-23 07:22:09,257 [Listener at 127.0.0.1/45417] INFO  server.Server (Server.java:doStart(415)) - Started @30216ms
2022-12-23 07:22:09,257 [Listener at 127.0.0.1/45417] WARN  impl.MetricsSystemImpl (MetricsSystemImpl.java:register(279)) - Sink prometheus already exists!
2022-12-23 07:22:09,258 [Listener at 127.0.0.1/45417] INFO  http.BaseHttpServer (BaseHttpServer.java:updateConnectorAddress(333)) - HTTP server of ozoneManager listening at http://0.0.0.0:46251
2022-12-23 07:22:09,258 [IPC Server Responder] INFO  ipc.Server (Server.java:run(1512)) - IPC Server Responder: starting
2022-12-23 07:22:09,259 [IPC Server listener on 0] INFO  ipc.Server (Server.java:run(1352)) - IPC Server listener on 0: starting
2022-12-23 07:22:09,262 [Listener at 127.0.0.1/45417] INFO  om.OzoneManager (OzoneManager.java:startTrashEmptier(1923)) - Trash Interval set to 0. Files deleted won't move to trash
2022-12-23 07:22:09,263 [org.apache.hadoop.util.JvmPauseMonitor$Monitor@5bd9bb05] INFO  util.JvmPauseMonitor (JvmPauseMonitor.java:run(188)) - Starting JVM pause monitor
2022-12-23 07:22:09,283 [Listener at 127.0.0.1/45417] WARN  impl.MetricRegistriesImpl (MetricRegistriesImpl.java:addReporterRegistration(111)) - New reporters are added after registries were created. Some metrics will be missing from the reporter. Please add reporter before adding any new registry.
2022-12-23 07:22:09,283 [Listener at 127.0.0.1/45417] WARN  impl.MetricRegistriesImpl (MetricRegistriesImpl.java:addReporterRegistration(111)) - New reporters are added after registries were created. Some metrics will be missing from the reporter. Please add reporter before adding any new registry.
2022-12-23 07:22:09,284 [Listener at 127.0.0.1/45417] INFO  impl.MetricsSystemImpl (MetricsSystemImpl.java:init(158)) - HddsDatanode metrics system started (again)
2022-12-23 07:22:09,297 [Listener at 127.0.0.1/45417] INFO  ozone.HddsDatanodeService (HddsDatanodeService.java:start(237)) - HddsDatanodeService host:fv-az505-480.g2e1luzo1moefklhgra4trf2va.dx.internal.cloudapp.net ip:10.1.0.40
2022-12-23 07:22:09,324 [Listener at 127.0.0.1/45417] INFO  upgrade.AbstractLayoutVersionManager (AbstractLayoutVersionManager.java:init(83)) - Initializing Layout version manager with metadata layout = DATANODE_SCHEMA_V3 (version = 4), software layout = DATANODE_SCHEMA_V3 (version = 4)
2022-12-23 07:22:09,378 [Listener at 127.0.0.1/45417] INFO  reflections.Reflections (Reflections.java:scan(232)) - Reflections took 53 ms to scan 7 urls, producing 146 keys and 348 values 
2022-12-23 07:22:09,380 [Listener at 127.0.0.1/45417] INFO  statemachine.DatanodeStateMachine (DatanodeStateMachine.java:getEndPointTaskThreadPoolSize(248)) - Datanode State Machine Task Thread Pool size 2
2022-12-23 07:22:09,386 [Listener at 127.0.0.1/45417] INFO  volume.HddsVolume (HddsVolume.java:<init>(117)) - Creating HddsVolume: /home/runner/work/ozone/ozone/hadoop-ozone/integration-test/target/test-dir/MiniOzoneClusterImpl-92bcab56-ea6f-414a-bd9b-6ecfa13157ac/datanode-0/data-0/containers/hdds of storage type : DISK capacity : 9223372036854775807
2022-12-23 07:22:09,386 [Listener at 127.0.0.1/45417] INFO  volume.MutableVolumeSet (MutableVolumeSet.java:initializeVolumeSet(174)) - Added Volume : /home/runner/work/ozone/ozone/hadoop-ozone/integration-test/target/test-dir/MiniOzoneClusterImpl-92bcab56-ea6f-414a-bd9b-6ecfa13157ac/datanode-0/data-0/containers/hdds to VolumeSet
2022-12-23 07:22:09,386 [Listener at 127.0.0.1/45417] INFO  volume.ThrottledAsyncChecker (ThrottledAsyncChecker.java:schedule(141)) - Scheduling a check for /home/runner/work/ozone/ozone/hadoop-ozone/integration-test/target/test-dir/MiniOzoneClusterImpl-92bcab56-ea6f-414a-bd9b-6ecfa13157ac/datanode-0/data-0/containers/hdds
2022-12-23 07:22:09,388 [Listener at 127.0.0.1/45417] INFO  volume.StorageVolumeChecker (StorageVolumeChecker.java:checkAllVolumes(202)) - Scheduled health check for volume /home/runner/work/ozone/ozone/hadoop-ozone/integration-test/target/test-dir/MiniOzoneClusterImpl-92bcab56-ea6f-414a-bd9b-6ecfa13157ac/datanode-0/data-0/containers/hdds
2022-12-23 07:22:09,405 [Listener at 127.0.0.1/45417] INFO  volume.MutableVolumeSet (MutableVolumeSet.java:initializeVolumeSet(174)) - Added Volume : /home/runner/work/ozone/ozone/hadoop-ozone/integration-test/target/test-dir/MiniOzoneClusterImpl-92bcab56-ea6f-414a-bd9b-6ecfa13157ac/datanode-0/data/ratis to VolumeSet
2022-12-23 07:22:09,405 [Listener at 127.0.0.1/45417] INFO  volume.ThrottledAsyncChecker (ThrottledAsyncChecker.java:schedule(141)) - Scheduling a check for /home/runner/work/ozone/ozone/hadoop-ozone/integration-test/target/test-dir/MiniOzoneClusterImpl-92bcab56-ea6f-414a-bd9b-6ecfa13157ac/datanode-0/data/ratis
2022-12-23 07:22:09,405 [Listener at 127.0.0.1/45417] INFO  volume.StorageVolumeChecker (StorageVolumeChecker.java:checkAllVolumes(202)) - Scheduled health check for volume /home/runner/work/ozone/ozone/hadoop-ozone/integration-test/target/test-dir/MiniOzoneClusterImpl-92bcab56-ea6f-414a-bd9b-6ecfa13157ac/datanode-0/data/ratis
2022-12-23 07:22:09,421 [Thread-425] INFO  ozoneimpl.ContainerReader (ContainerReader.java:readVolume(175)) - Finish verifying containers on volume /home/runner/work/ozone/ozone/hadoop-ozone/integration-test/target/test-dir/MiniOzoneClusterImpl-92bcab56-ea6f-414a-bd9b-6ecfa13157ac/datanode-0/data-0/containers/hdds
2022-12-23 07:22:09,421 [Listener at 127.0.0.1/45417] INFO  ozoneimpl.OzoneContainer (OzoneContainer.java:buildContainerSet(301)) - Build ContainerSet costs 0s
2022-12-23 07:22:09,425 [Listener at 127.0.0.1/45417] INFO  server.RaftServer (ConfUtils.java:logGet(46)) - raft.rpc.type = GRPC (default)
2022-12-23 07:22:09,425 [Listener at 127.0.0.1/45417] INFO  grpc.GrpcConfigKeys (ConfUtils.java:logFallback(53)) - raft.grpc.admin.host = null (fallback to raft.grpc.server.host)
2022-12-23 07:22:09,426 [Listener at 127.0.0.1/45417] INFO  grpc.GrpcConfigKeys (ConfUtils.java:logGet(46)) - raft.grpc.admin.port = 0 (custom)
2022-12-23 07:22:09,426 [Listener at 127.0.0.1/45417] INFO  grpc.GrpcConfigKeys (ConfUtils.java:logFallback(53)) - raft.grpc.client.host = null (fallback to raft.grpc.server.host)
2022-12-23 07:22:09,426 [Listener at 127.0.0.1/45417] INFO  grpc.GrpcConfigKeys (ConfUtils.java:logGet(46)) - raft.grpc.client.port = 0 (custom)
2022-12-23 07:22:09,426 [Listener at 127.0.0.1/45417] INFO  grpc.GrpcConfigKeys (ConfUtils.java:logGet(46)) - raft.grpc.server.host = null (default)
2022-12-23 07:22:09,426 [Listener at 127.0.0.1/45417] INFO  grpc.GrpcConfigKeys (ConfUtils.java:logGet(46)) - raft.grpc.server.port = 0 (default)
2022-12-23 07:22:09,426 [Listener at 127.0.0.1/45417] INFO  server.GrpcService (ConfUtils.java:logGet(46)) - raft.grpc.message.size.max = 32MB (=33554432) (custom)
2022-12-23 07:22:09,427 [Listener at 127.0.0.1/45417] INFO  server.RaftServerConfigKeys (ConfUtils.java:logGet(46)) - raft.server.log.appender.buffer.byte-limit = 33554432 (custom)
2022-12-23 07:22:09,427 [Listener at 127.0.0.1/45417] INFO  server.GrpcService (ConfUtils.java:logGet(46)) - raft.grpc.flow.control.window = 5MB (=5242880) (custom)
2022-12-23 07:22:09,427 [Listener at 127.0.0.1/45417] INFO  server.RaftServerConfigKeys (ConfUtils.java:logGet(46)) - raft.server.rpc.request.timeout = 60s (custom)
2022-12-23 07:22:09,427 [Listener at 127.0.0.1/45417] INFO  grpc.GrpcConfigKeys (ConfUtils.java:logGet(46)) - raft.grpc.server.heartbeat.channel = true (default)
2022-12-23 07:22:09,427 [Listener at 127.0.0.1/45417] INFO  grpc.GrpcConfigKeys (ConfUtils.java:logGet(46)) - raft.grpc.server.async.request.thread.pool.cached = true (default)
2022-12-23 07:22:09,427 [Listener at 127.0.0.1/45417] INFO  grpc.GrpcConfigKeys (ConfUtils.java:logGet(46)) - raft.grpc.server.async.request.thread.pool.size = 32 (default)
2022-12-23 07:22:09,429 [Listener at 127.0.0.1/45417] INFO  impl.DataStreamServerImpl (ConfUtils.java:logGet(46)) - raft.datastream.type = NETTY (custom)
2022-12-23 07:22:09,429 [Listener at 127.0.0.1/45417] INFO  server.RaftServerConfigKeys (ConfUtils.java:logGet(46)) - raft.server.data-stream.async.request.thread.pool.cached = false (default)
2022-12-23 07:22:09,430 [Listener at 127.0.0.1/45417] INFO  server.RaftServerConfigKeys (ConfUtils.java:logGet(46)) - raft.server.data-stream.async.request.thread.pool.size = 20 (custom)
2022-12-23 07:22:09,430 [Listener at 127.0.0.1/45417] INFO  server.RaftServerConfigKeys (ConfUtils.java:logGet(46)) - raft.server.data-stream.async.write.thread.pool.size = 16 (default)
2022-12-23 07:22:09,430 [Listener at 127.0.0.1/45417] INFO  server.RaftServerConfigKeys (ConfUtils.java:logGet(46)) - raft.server.data-stream.client.pool.size = 10 (default)
2022-12-23 07:22:09,430 [Listener at 127.0.0.1/45417] INFO  netty.NettyConfigKeys$DataStream (ConfUtils.java:logGet(46)) - raft.netty.dataStream.server.use-epoll = false (default)
2022-12-23 07:22:09,430 [Listener at 127.0.0.1/45417] INFO  netty.NettyConfigKeys$DataStream (ConfUtils.java:logGet(46)) - raft.netty.dataStream.server.boss-group.size = 0 (default)
2022-12-23 07:22:09,431 [Listener at 127.0.0.1/45417] INFO  netty.NettyConfigKeys$DataStream (ConfUtils.java:logGet(46)) - raft.netty.dataStream.server.worker-group.size = 0 (default)
2022-12-23 07:22:09,431 [Listener at 127.0.0.1/45417] INFO  netty.NettyConfigKeys$DataStream (ConfUtils.java:logGet(46)) - raft.netty.dataStream.server.tls.conf = null (default)
2022-12-23 07:22:09,432 [Listener at 127.0.0.1/45417] INFO  netty.NettyConfigKeys$DataStream (ConfUtils.java:logGet(46)) - raft.netty.dataStream.host = null (default)
2022-12-23 07:22:09,432 [Listener at 127.0.0.1/45417] INFO  netty.NettyConfigKeys$DataStream (ConfUtils.java:logGet(46)) - raft.netty.dataStream.port = 0 (default)
2022-12-23 07:22:09,432 [Listener at 127.0.0.1/45417] INFO  server.RaftServerConfigKeys (ConfUtils.java:logGet(46)) - raft.server.threadpool.proxy.cached = true (default)
2022-12-23 07:22:09,433 [Listener at 127.0.0.1/45417] INFO  server.RaftServerConfigKeys (ConfUtils.java:logGet(46)) - raft.server.threadpool.proxy.size = 0 (default)
2022-12-23 07:22:09,433 [60edd344-8c94-447c-8e16-5fc09b19e128-NettyServerStreamRpc-bossGroup--thread1] INFO  logging.LoggingHandler (AbstractInternalLogger.java:log(148)) - [id: 0x10238d53] REGISTERED
2022-12-23 07:22:09,433 [Listener at 127.0.0.1/45417] INFO  server.RaftServerConfigKeys (ConfUtils.java:logGet(46)) - raft.server.rpc.slowness.timeout = 300s (custom)
2022-12-23 07:22:09,433 [60edd344-8c94-447c-8e16-5fc09b19e128-NettyServerStreamRpc-bossGroup--thread1] INFO  logging.LoggingHandler (AbstractInternalLogger.java:log(148)) - [id: 0x10238d53] BIND: 0.0.0.0/0.0.0.0:0
2022-12-23 07:22:09,433 [Listener at 127.0.0.1/45417] INFO  server.RaftServerConfigKeys (ConfUtils.java:logGet(46)) - raft.server.leaderelection.leader.step-down.wait-time = 10s (default)
2022-12-23 07:22:09,433 [60edd344-8c94-447c-8e16-5fc09b19e128-NettyServerStreamRpc-bossGroup--thread1] INFO  logging.LoggingHandler (AbstractInternalLogger.java:log(148)) - [id: 0x10238d53, L:/0:0:0:0:0:0:0:0:36111] ACTIVE
2022-12-23 07:22:09,433 [Listener at 127.0.0.1/45417] INFO  server.RaftServerConfigKeys (ConfUtils.java:logGet(46)) - raft.server.storage.dir = [/home/runner/work/ozone/ozone/hadoop-ozone/integration-test/target/test-dir/MiniOzoneClusterImpl-92bcab56-ea6f-414a-bd9b-6ecfa13157ac/datanode-0/data/ratis] (custom)
2022-12-23 07:22:09,435 [Listener at 127.0.0.1/45417] INFO  server.XceiverServerGrpc (XceiverServerGrpc.java:<init>(132)) - GrpcServer channel type EpollServerSocketChannel
2022-12-23 07:22:09,445 [Listener at 127.0.0.1/45417] INFO  http.BaseHttpServer (BaseHttpServer.java:newHttpServer2BuilderForOzone(213)) - Starting Web-server for hddsDatanode at: http://0.0.0.0:0
2022-12-23 07:22:09,445 [Listener at 127.0.0.1/45417] INFO  http.BaseHttpServer (BaseHttpServer.java:<init>(108)) - Hadoop Security Enabled: false Ozone Security Enabled: false Ozone HTTP Security Enabled: false 
2022-12-23 07:22:09,446 [Listener at 127.0.0.1/45417] WARN  server.AuthenticationFilter (AuthenticationFilter.java:constructSecretProvider(240)) - Unable to initialize FileSignerSecretProvider, falling back to use random secrets. Reason: Could not read signature secret file: /home/runner/hadoop-http-auth-signature-secret
2022-12-23 07:22:09,447 [Listener at 127.0.0.1/45417] WARN  http.HttpRequestLog (HttpRequestLog.java:getRequestLog(103)) - Jetty request log can only be enabled using Log4j
2022-12-23 07:22:09,448 [Listener at 127.0.0.1/45417] INFO  http.HttpServer2 (HttpServer2.java:addGlobalFilter(1031)) - Added global filter 'safety' (class=org.apache.hadoop.hdds.server.http.HttpServer2$QuotingInputFilter)
2022-12-23 07:22:09,449 [Listener at 127.0.0.1/45417] INFO  http.HttpServer2 (HttpServer2.java:addFilter(1007)) - Added filter static_user_filter (class=org.apache.hadoop.http.lib.StaticUserWebFilter$StaticUserFilter) to context hddsDatanode
2022-12-23 07:22:09,449 [Listener at 127.0.0.1/45417] INFO  http.HttpServer2 (HttpServer2.java:addFilter(1015)) - Added filter static_user_filter (class=org.apache.hadoop.http.lib.StaticUserWebFilter$StaticUserFilter) to context static
2022-12-23 07:22:09,449 [Listener at 127.0.0.1/45417] INFO  http.HttpServer2 (HttpServer2.java:addFilter(1015)) - Added filter static_user_filter (class=org.apache.hadoop.http.lib.StaticUserWebFilter$StaticUserFilter) to context logs
2022-12-23 07:22:09,450 [Listener at 127.0.0.1/45417] INFO  http.HttpServer2 (HttpServer2.java:bindListener(1250)) - Jetty bound to port 40403
2022-12-23 07:22:09,450 [Listener at 127.0.0.1/45417] INFO  server.Server (Server.java:doStart(375)) - jetty-9.4.49.v20220914; built: 2022-09-14T01:07:36.601Z; git: 4231a3b2e4cb8548a412a789936d640a97b1aa0a; jvm 1.8.0_352-b08
2022-12-23 07:22:09,452 [Listener at 127.0.0.1/45417] INFO  server.session (DefaultSessionIdManager.java:doStart(334)) - DefaultSessionIdManager workerName=node0
2022-12-23 07:22:09,452 [Listener at 127.0.0.1/45417] INFO  server.session (DefaultSessionIdManager.java:doStart(339)) - No SessionScavenger set, using defaults
2022-12-23 07:22:09,452 [Listener at 127.0.0.1/45417] INFO  server.session (HouseKeeper.java:startScavenging(132)) - node0 Scavenging every 660000ms
2022-12-23 07:22:09,453 [Listener at 127.0.0.1/45417] INFO  handler.ContextHandler (ContextHandler.java:doStart(921)) - Started o.e.j.s.ServletContextHandler@40a772db{logs,/logs,file:///home/runner/work/ozone/ozone/hadoop-ozone/integration-test/target/log,AVAILABLE}
2022-12-23 07:22:09,453 [Listener at 127.0.0.1/45417] INFO  handler.ContextHandler (ContextHandler.java:doStart(921)) - Started o.e.j.s.ServletContextHandler@8fa7f10{static,/static,jar:file:/home/runner/.m2/repository/org/apache/ozone/hdds-container-service/1.3.0-SNAPSHOT/hdds-container-service-1.3.0-SNAPSHOT.jar!/webapps/static,AVAILABLE}
2022-12-23 07:22:09,666 [Listener at 127.0.0.1/45417] INFO  handler.ContextHandler (ContextHandler.java:doStart(921)) - Started o.e.j.w.WebAppContext@1da49828{hddsDatanode,/,file:///tmp/jetty-0_0_0_0-40403-hdds-container-service-1_3_0-SNAPSHOT_jar-_-any-456361232706144795/webapp/,AVAILABLE}{jar:file:/home/runner/.m2/repository/org/apache/ozone/hdds-container-service/1.3.0-SNAPSHOT/hdds-container-service-1.3.0-SNAPSHOT.jar!/webapps/hddsDatanode}
2022-12-23 07:22:09,667 [Listener at 127.0.0.1/45417] INFO  server.AbstractConnector (AbstractConnector.java:doStart(333)) - Started ServerConnector@47032d02{HTTP/1.1, (http/1.1)}{0.0.0.0:40403}
2022-12-23 07:22:09,667 [Listener at 127.0.0.1/45417] INFO  server.Server (Server.java:doStart(415)) - Started @30626ms
2022-12-23 07:22:09,667 [Listener at 127.0.0.1/45417] WARN  impl.MetricsSystemImpl (MetricsSystemImpl.java:register(279)) - Sink prometheus already exists!
2022-12-23 07:22:09,668 [Listener at 127.0.0.1/45417] INFO  http.BaseHttpServer (BaseHttpServer.java:updateConnectorAddress(333)) - HTTP server of hddsDatanode listening at http://0.0.0.0:40403
2022-12-23 07:22:09,674 [Listener at 127.0.0.1/45417] WARN  impl.MetricRegistriesImpl (MetricRegistriesImpl.java:addReporterRegistration(111)) - New reporters are added after registries were created. Some metrics will be missing from the reporter. Please add reporter before adding any new registry.
2022-12-23 07:22:09,674 [Listener at 127.0.0.1/45417] WARN  impl.MetricRegistriesImpl (MetricRegistriesImpl.java:addReporterRegistration(111)) - New reporters are added after registries were created. Some metrics will be missing from the reporter. Please add reporter before adding any new registry.
2022-12-23 07:22:09,674 [Listener at 127.0.0.1/45417] INFO  impl.MetricsSystemImpl (MetricsSystemImpl.java:init(158)) - HddsDatanode metrics system started (again)
2022-12-23 07:22:09,674 [Datanode State Machine Daemon Thread] INFO  statemachine.DatanodeStateMachine (DatanodeStateMachine.java:lambda$startDaemon$0(508)) - Ozone container server started.
2022-12-23 07:22:09,682 [org.apache.hadoop.util.JvmPauseMonitor$Monitor@50520974] INFO  util.JvmPauseMonitor (JvmPauseMonitor.java:run(188)) - Starting JVM pause monitor
2022-12-23 07:22:09,692 [Listener at 127.0.0.1/45417] INFO  ozone.HddsDatanodeService (HddsDatanodeService.java:start(237)) - HddsDatanodeService host:fv-az505-480.g2e1luzo1moefklhgra4trf2va.dx.internal.cloudapp.net ip:10.1.0.40
2022-12-23 07:22:09,693 [Datanode State Machine Task Thread - 0] INFO  datanode.InitDatanodeState (InitDatanodeState.java:persistContainerDatanodeDetails(138)) - DatanodeDetails is persisted to /home/runner/work/ozone/ozone/hadoop-ozone/integration-test/target/test-dir/MiniOzoneClusterImpl-92bcab56-ea6f-414a-bd9b-6ecfa13157ac/datanode-0/meta/datanode.id
2022-12-23 07:22:09,720 [Listener at 127.0.0.1/45417] INFO  upgrade.AbstractLayoutVersionManager (AbstractLayoutVersionManager.java:init(83)) - Initializing Layout version manager with metadata layout = DATANODE_SCHEMA_V3 (version = 4), software layout = DATANODE_SCHEMA_V3 (version = 4)
2022-12-23 07:22:09,776 [Listener at 127.0.0.1/45417] INFO  reflections.Reflections (Reflections.java:scan(232)) - Reflections took 53 ms to scan 7 urls, producing 146 keys and 348 values 
2022-12-23 07:22:09,780 [Listener at 127.0.0.1/45417] INFO  statemachine.DatanodeStateMachine (DatanodeStateMachine.java:getEndPointTaskThreadPoolSize(248)) - Datanode State Machine Task Thread Pool size 2
2022-12-23 07:22:09,782 [Listener at 127.0.0.1/45417] INFO  volume.HddsVolume (HddsVolume.java:<init>(117)) - Creating HddsVolume: /home/runner/work/ozone/ozone/hadoop-ozone/integration-test/target/test-dir/MiniOzoneClusterImpl-92bcab56-ea6f-414a-bd9b-6ecfa13157ac/datanode-1/data-0/containers/hdds of storage type : DISK capacity : 9223372036854775807
2022-12-23 07:22:09,783 [Listener at 127.0.0.1/45417] INFO  volume.MutableVolumeSet (MutableVolumeSet.java:initializeVolumeSet(174)) - Added Volume : /home/runner/work/ozone/ozone/hadoop-ozone/integration-test/target/test-dir/MiniOzoneClusterImpl-92bcab56-ea6f-414a-bd9b-6ecfa13157ac/datanode-1/data-0/containers/hdds to VolumeSet
2022-12-23 07:22:09,783 [Listener at 127.0.0.1/45417] INFO  volume.ThrottledAsyncChecker (ThrottledAsyncChecker.java:schedule(141)) - Scheduling a check for /home/runner/work/ozone/ozone/hadoop-ozone/integration-test/target/test-dir/MiniOzoneClusterImpl-92bcab56-ea6f-414a-bd9b-6ecfa13157ac/datanode-1/data-0/containers/hdds
2022-12-23 07:22:09,785 [Listener at 127.0.0.1/45417] INFO  volume.StorageVolumeChecker (StorageVolumeChecker.java:checkAllVolumes(202)) - Scheduled health check for volume /home/runner/work/ozone/ozone/hadoop-ozone/integration-test/target/test-dir/MiniOzoneClusterImpl-92bcab56-ea6f-414a-bd9b-6ecfa13157ac/datanode-1/data-0/containers/hdds
2022-12-23 07:22:09,799 [Listener at 127.0.0.1/45417] INFO  volume.MutableVolumeSet (MutableVolumeSet.java:initializeVolumeSet(174)) - Added Volume : /home/runner/work/ozone/ozone/hadoop-ozone/integration-test/target/test-dir/MiniOzoneClusterImpl-92bcab56-ea6f-414a-bd9b-6ecfa13157ac/datanode-1/data/ratis to VolumeSet
2022-12-23 07:22:09,799 [Listener at 127.0.0.1/45417] INFO  volume.ThrottledAsyncChecker (ThrottledAsyncChecker.java:schedule(141)) - Scheduling a check for /home/runner/work/ozone/ozone/hadoop-ozone/integration-test/target/test-dir/MiniOzoneClusterImpl-92bcab56-ea6f-414a-bd9b-6ecfa13157ac/datanode-1/data/ratis
2022-12-23 07:22:09,799 [Listener at 127.0.0.1/45417] INFO  volume.StorageVolumeChecker (StorageVolumeChecker.java:checkAllVolumes(202)) - Scheduled health check for volume /home/runner/work/ozone/ozone/hadoop-ozone/integration-test/target/test-dir/MiniOzoneClusterImpl-92bcab56-ea6f-414a-bd9b-6ecfa13157ac/datanode-1/data/ratis
2022-12-23 07:22:09,813 [Thread-439] INFO  ozoneimpl.ContainerReader (ContainerReader.java:readVolume(175)) - Finish verifying containers on volume /home/runner/work/ozone/ozone/hadoop-ozone/integration-test/target/test-dir/MiniOzoneClusterImpl-92bcab56-ea6f-414a-bd9b-6ecfa13157ac/datanode-1/data-0/containers/hdds
2022-12-23 07:22:09,813 [Listener at 127.0.0.1/45417] INFO  ozoneimpl.OzoneContainer (OzoneContainer.java:buildContainerSet(301)) - Build ContainerSet costs 0s
2022-12-23 07:22:09,815 [Listener at 127.0.0.1/45417] INFO  server.RaftServer (ConfUtils.java:logGet(46)) - raft.rpc.type = GRPC (default)
2022-12-23 07:22:09,816 [Listener at 127.0.0.1/45417] INFO  grpc.GrpcConfigKeys (ConfUtils.java:logFallback(53)) - raft.grpc.admin.host = null (fallback to raft.grpc.server.host)
2022-12-23 07:22:09,816 [Listener at 127.0.0.1/45417] INFO  grpc.GrpcConfigKeys (ConfUtils.java:logGet(46)) - raft.grpc.admin.port = 0 (custom)
2022-12-23 07:22:09,816 [Listener at 127.0.0.1/45417] INFO  grpc.GrpcConfigKeys (ConfUtils.java:logFallback(53)) - raft.grpc.client.host = null (fallback to raft.grpc.server.host)
2022-12-23 07:22:09,816 [Listener at 127.0.0.1/45417] INFO  grpc.GrpcConfigKeys (ConfUtils.java:logGet(46)) - raft.grpc.client.port = 0 (custom)
2022-12-23 07:22:09,816 [Listener at 127.0.0.1/45417] INFO  grpc.GrpcConfigKeys (ConfUtils.java:logGet(46)) - raft.grpc.server.host = null (default)
2022-12-23 07:22:09,816 [Listener at 127.0.0.1/45417] INFO  grpc.GrpcConfigKeys (ConfUtils.java:logGet(46)) - raft.grpc.server.port = 0 (default)
2022-12-23 07:22:09,816 [Listener at 127.0.0.1/45417] INFO  server.GrpcService (ConfUtils.java:logGet(46)) - raft.grpc.message.size.max = 32MB (=33554432) (custom)
2022-12-23 07:22:09,817 [Listener at 127.0.0.1/45417] INFO  server.RaftServerConfigKeys (ConfUtils.java:logGet(46)) - raft.server.log.appender.buffer.byte-limit = 33554432 (custom)
2022-12-23 07:22:09,817 [Listener at 127.0.0.1/45417] INFO  server.GrpcService (ConfUtils.java:logGet(46)) - raft.grpc.flow.control.window = 5MB (=5242880) (custom)
2022-12-23 07:22:09,817 [Listener at 127.0.0.1/45417] INFO  server.RaftServerConfigKeys (ConfUtils.java:logGet(46)) - raft.server.rpc.request.timeout = 60s (custom)
2022-12-23 07:22:09,817 [Listener at 127.0.0.1/45417] INFO  grpc.GrpcConfigKeys (ConfUtils.java:logGet(46)) - raft.grpc.server.heartbeat.channel = true (default)
2022-12-23 07:22:09,817 [Listener at 127.0.0.1/45417] INFO  grpc.GrpcConfigKeys (ConfUtils.java:logGet(46)) - raft.grpc.server.async.request.thread.pool.cached = true (default)
2022-12-23 07:22:09,817 [Listener at 127.0.0.1/45417] INFO  grpc.GrpcConfigKeys (ConfUtils.java:logGet(46)) - raft.grpc.server.async.request.thread.pool.size = 32 (default)
2022-12-23 07:22:09,818 [Listener at 127.0.0.1/45417] INFO  impl.DataStreamServerImpl (ConfUtils.java:logGet(46)) - raft.datastream.type = NETTY (custom)
2022-12-23 07:22:09,819 [Listener at 127.0.0.1/45417] INFO  server.RaftServerConfigKeys (ConfUtils.java:logGet(46)) - raft.server.data-stream.async.request.thread.pool.cached = false (default)
2022-12-23 07:22:09,819 [Listener at 127.0.0.1/45417] INFO  server.RaftServerConfigKeys (ConfUtils.java:logGet(46)) - raft.server.data-stream.async.request.thread.pool.size = 20 (custom)
2022-12-23 07:22:09,819 [Listener at 127.0.0.1/45417] INFO  server.RaftServerConfigKeys (ConfUtils.java:logGet(46)) - raft.server.data-stream.async.write.thread.pool.size = 16 (default)
2022-12-23 07:22:09,819 [Listener at 127.0.0.1/45417] INFO  server.RaftServerConfigKeys (ConfUtils.java:logGet(46)) - raft.server.data-stream.client.pool.size = 10 (default)
2022-12-23 07:22:09,819 [Listener at 127.0.0.1/45417] INFO  netty.NettyConfigKeys$DataStream (ConfUtils.java:logGet(46)) - raft.netty.dataStream.server.use-epoll = false (default)
2022-12-23 07:22:09,819 [Listener at 127.0.0.1/45417] INFO  netty.NettyConfigKeys$DataStream (ConfUtils.java:logGet(46)) - raft.netty.dataStream.server.boss-group.size = 0 (default)
2022-12-23 07:22:09,820 [Listener at 127.0.0.1/45417] INFO  netty.NettyConfigKeys$DataStream (ConfUtils.java:logGet(46)) - raft.netty.dataStream.server.worker-group.size = 0 (default)
2022-12-23 07:22:09,820 [Listener at 127.0.0.1/45417] INFO  netty.NettyConfigKeys$DataStream (ConfUtils.java:logGet(46)) - raft.netty.dataStream.server.tls.conf = null (default)
2022-12-23 07:22:09,821 [Listener at 127.0.0.1/45417] INFO  netty.NettyConfigKeys$DataStream (ConfUtils.java:logGet(46)) - raft.netty.dataStream.host = null (default)
2022-12-23 07:22:09,821 [Listener at 127.0.0.1/45417] INFO  netty.NettyConfigKeys$DataStream (ConfUtils.java:logGet(46)) - raft.netty.dataStream.port = 0 (default)
2022-12-23 07:22:09,821 [Listener at 127.0.0.1/45417] INFO  server.RaftServerConfigKeys (ConfUtils.java:logGet(46)) - raft.server.threadpool.proxy.cached = true (default)
2022-12-23 07:22:09,821 [Listener at 127.0.0.1/45417] INFO  server.RaftServerConfigKeys (ConfUtils.java:logGet(46)) - raft.server.threadpool.proxy.size = 0 (default)
2022-12-23 07:22:09,822 [Listener at 127.0.0.1/45417] INFO  server.RaftServerConfigKeys (ConfUtils.java:logGet(46)) - raft.server.rpc.slowness.timeout = 300s (custom)
2022-12-23 07:22:09,822 [Listener at 127.0.0.1/45417] INFO  server.RaftServerConfigKeys (ConfUtils.java:logGet(46)) - raft.server.leaderelection.leader.step-down.wait-time = 10s (default)
2022-12-23 07:22:09,822 [Listener at 127.0.0.1/45417] INFO  server.RaftServerConfigKeys (ConfUtils.java:logGet(46)) - raft.server.storage.dir = [/home/runner/work/ozone/ozone/hadoop-ozone/integration-test/target/test-dir/MiniOzoneClusterImpl-92bcab56-ea6f-414a-bd9b-6ecfa13157ac/datanode-1/data/ratis] (custom)
2022-12-23 07:22:09,822 [f8b4df33-cf88-4903-9aaa-0dcc4cf7d5e3-NettyServerStreamRpc-bossGroup--thread1] INFO  logging.LoggingHandler (AbstractInternalLogger.java:log(148)) - [id: 0x5c6b5397] REGISTERED
2022-12-23 07:22:09,823 [f8b4df33-cf88-4903-9aaa-0dcc4cf7d5e3-NettyServerStreamRpc-bossGroup--thread1] INFO  logging.LoggingHandler (AbstractInternalLogger.java:log(148)) - [id: 0x5c6b5397] BIND: 0.0.0.0/0.0.0.0:0
2022-12-23 07:22:09,823 [f8b4df33-cf88-4903-9aaa-0dcc4cf7d5e3-NettyServerStreamRpc-bossGroup--thread1] INFO  logging.LoggingHandler (AbstractInternalLogger.java:log(148)) - [id: 0x5c6b5397, L:/0:0:0:0:0:0:0:0:45959] ACTIVE
2022-12-23 07:22:09,824 [Listener at 127.0.0.1/45417] INFO  server.XceiverServerGrpc (XceiverServerGrpc.java:<init>(132)) - GrpcServer channel type EpollServerSocketChannel
2022-12-23 07:22:09,827 [Listener at 127.0.0.1/45417] INFO  http.BaseHttpServer (BaseHttpServer.java:newHttpServer2BuilderForOzone(213)) - Starting Web-server for hddsDatanode at: http://0.0.0.0:0
2022-12-23 07:22:09,828 [Listener at 127.0.0.1/45417] INFO  http.BaseHttpServer (BaseHttpServer.java:<init>(108)) - Hadoop Security Enabled: false Ozone Security Enabled: false Ozone HTTP Security Enabled: false 
2022-12-23 07:22:09,829 [Listener at 127.0.0.1/45417] WARN  server.AuthenticationFilter (AuthenticationFilter.java:constructSecretProvider(240)) - Unable to initialize FileSignerSecretProvider, falling back to use random secrets. Reason: Could not read signature secret file: /home/runner/hadoop-http-auth-signature-secret
2022-12-23 07:22:09,830 [Listener at 127.0.0.1/45417] WARN  http.HttpRequestLog (HttpRequestLog.java:getRequestLog(103)) - Jetty request log can only be enabled using Log4j
2022-12-23 07:22:09,831 [Listener at 127.0.0.1/45417] INFO  http.HttpServer2 (HttpServer2.java:addGlobalFilter(1031)) - Added global filter 'safety' (class=org.apache.hadoop.hdds.server.http.HttpServer2$QuotingInputFilter)
2022-12-23 07:22:09,835 [Listener at 127.0.0.1/45417] INFO  http.HttpServer2 (HttpServer2.java:addFilter(1007)) - Added filter static_user_filter (class=org.apache.hadoop.http.lib.StaticUserWebFilter$StaticUserFilter) to context hddsDatanode
2022-12-23 07:22:09,835 [Listener at 127.0.0.1/45417] INFO  http.HttpServer2 (HttpServer2.java:addFilter(1015)) - Added filter static_user_filter (class=org.apache.hadoop.http.lib.StaticUserWebFilter$StaticUserFilter) to context static
2022-12-23 07:22:09,835 [Listener at 127.0.0.1/45417] INFO  http.HttpServer2 (HttpServer2.java:addFilter(1015)) - Added filter static_user_filter (class=org.apache.hadoop.http.lib.StaticUserWebFilter$StaticUserFilter) to context logs
2022-12-23 07:22:09,835 [Listener at 127.0.0.1/45417] INFO  http.HttpServer2 (HttpServer2.java:bindListener(1250)) - Jetty bound to port 33459
2022-12-23 07:22:09,836 [Listener at 127.0.0.1/45417] INFO  server.Server (Server.java:doStart(375)) - jetty-9.4.49.v20220914; built: 2022-09-14T01:07:36.601Z; git: 4231a3b2e4cb8548a412a789936d640a97b1aa0a; jvm 1.8.0_352-b08
2022-12-23 07:22:09,841 [Listener at 127.0.0.1/45417] INFO  server.session (DefaultSessionIdManager.java:doStart(334)) - DefaultSessionIdManager workerName=node0
2022-12-23 07:22:09,841 [Listener at 127.0.0.1/45417] INFO  server.session (DefaultSessionIdManager.java:doStart(339)) - No SessionScavenger set, using defaults
2022-12-23 07:22:09,841 [Listener at 127.0.0.1/45417] INFO  server.session (HouseKeeper.java:startScavenging(132)) - node0 Scavenging every 600000ms
2022-12-23 07:22:09,842 [Listener at 127.0.0.1/45417] INFO  handler.ContextHandler (ContextHandler.java:doStart(921)) - Started o.e.j.s.ServletContextHandler@2cacda88{logs,/logs,file:///home/runner/work/ozone/ozone/hadoop-ozone/integration-test/target/log,AVAILABLE}
2022-12-23 07:22:09,842 [Listener at 127.0.0.1/45417] INFO  handler.ContextHandler (ContextHandler.java:doStart(921)) - Started o.e.j.s.ServletContextHandler@355a0cfb{static,/static,jar:file:/home/runner/.m2/repository/org/apache/ozone/hdds-container-service/1.3.0-SNAPSHOT/hdds-container-service-1.3.0-SNAPSHOT.jar!/webapps/static,AVAILABLE}
2022-12-23 07:22:10,050 [Listener at 127.0.0.1/45417] INFO  handler.ContextHandler (ContextHandler.java:doStart(921)) - Started o.e.j.w.WebAppContext@12f81d09{hddsDatanode,/,file:///tmp/jetty-0_0_0_0-33459-hdds-container-service-1_3_0-SNAPSHOT_jar-_-any-7796911852408710718/webapp/,AVAILABLE}{jar:file:/home/runner/.m2/repository/org/apache/ozone/hdds-container-service/1.3.0-SNAPSHOT/hdds-container-service-1.3.0-SNAPSHOT.jar!/webapps/hddsDatanode}
2022-12-23 07:22:10,052 [Listener at 127.0.0.1/45417] INFO  server.AbstractConnector (AbstractConnector.java:doStart(333)) - Started ServerConnector@6f2d3666{HTTP/1.1, (http/1.1)}{0.0.0.0:33459}
2022-12-23 07:22:10,052 [Listener at 127.0.0.1/45417] INFO  server.Server (Server.java:doStart(415)) - Started @31011ms
2022-12-23 07:22:10,052 [Listener at 127.0.0.1/45417] WARN  impl.MetricsSystemImpl (MetricsSystemImpl.java:register(279)) - Sink prometheus already exists!
2022-12-23 07:22:10,053 [Listener at 127.0.0.1/45417] INFO  http.BaseHttpServer (BaseHttpServer.java:updateConnectorAddress(333)) - HTTP server of hddsDatanode listening at http://0.0.0.0:33459
2022-12-23 07:22:10,053 [Datanode State Machine Daemon Thread] INFO  statemachine.DatanodeStateMachine (DatanodeStateMachine.java:lambda$startDaemon$0(508)) - Ozone container server started.
2022-12-23 07:22:10,053 [Listener at 127.0.0.1/45417] WARN  impl.MetricRegistriesImpl (MetricRegistriesImpl.java:addReporterRegistration(111)) - New reporters are added after registries were created. Some metrics will be missing from the reporter. Please add reporter before adding any new registry.
2022-12-23 07:22:10,054 [Listener at 127.0.0.1/45417] WARN  impl.MetricRegistriesImpl (MetricRegistriesImpl.java:addReporterRegistration(111)) - New reporters are added after registries were created. Some metrics will be missing from the reporter. Please add reporter before adding any new registry.
2022-12-23 07:22:10,054 [Listener at 127.0.0.1/45417] INFO  impl.MetricsSystemImpl (MetricsSystemImpl.java:init(158)) - HddsDatanode metrics system started (again)
2022-12-23 07:22:10,064 [org.apache.hadoop.util.JvmPauseMonitor$Monitor@2f88bd8c] INFO  util.JvmPauseMonitor (JvmPauseMonitor.java:run(188)) - Starting JVM pause monitor
2022-12-23 07:22:10,072 [Datanode State Machine Task Thread - 0] INFO  datanode.InitDatanodeState (InitDatanodeState.java:persistContainerDatanodeDetails(138)) - DatanodeDetails is persisted to /home/runner/work/ozone/ozone/hadoop-ozone/integration-test/target/test-dir/MiniOzoneClusterImpl-92bcab56-ea6f-414a-bd9b-6ecfa13157ac/datanode-1/meta/datanode.id
2022-12-23 07:22:10,073 [Listener at 127.0.0.1/45417] INFO  ozone.HddsDatanodeService (HddsDatanodeService.java:start(237)) - HddsDatanodeService host:fv-az505-480.g2e1luzo1moefklhgra4trf2va.dx.internal.cloudapp.net ip:10.1.0.40
2022-12-23 07:22:10,099 [Listener at 127.0.0.1/45417] INFO  upgrade.AbstractLayoutVersionManager (AbstractLayoutVersionManager.java:init(83)) - Initializing Layout version manager with metadata layout = DATANODE_SCHEMA_V3 (version = 4), software layout = DATANODE_SCHEMA_V3 (version = 4)
2022-12-23 07:22:10,153 [Listener at 127.0.0.1/45417] INFO  reflections.Reflections (Reflections.java:scan(232)) - Reflections took 52 ms to scan 7 urls, producing 146 keys and 348 values 
2022-12-23 07:22:10,154 [Listener at 127.0.0.1/45417] INFO  statemachine.DatanodeStateMachine (DatanodeStateMachine.java:getEndPointTaskThreadPoolSize(248)) - Datanode State Machine Task Thread Pool size 2
2022-12-23 07:22:10,156 [Listener at 127.0.0.1/45417] INFO  volume.HddsVolume (HddsVolume.java:<init>(117)) - Creating HddsVolume: /home/runner/work/ozone/ozone/hadoop-ozone/integration-test/target/test-dir/MiniOzoneClusterImpl-92bcab56-ea6f-414a-bd9b-6ecfa13157ac/datanode-2/data-0/containers/hdds of storage type : DISK capacity : 9223372036854775807
2022-12-23 07:22:10,157 [Listener at 127.0.0.1/45417] INFO  volume.MutableVolumeSet (MutableVolumeSet.java:initializeVolumeSet(174)) - Added Volume : /home/runner/work/ozone/ozone/hadoop-ozone/integration-test/target/test-dir/MiniOzoneClusterImpl-92bcab56-ea6f-414a-bd9b-6ecfa13157ac/datanode-2/data-0/containers/hdds to VolumeSet
2022-12-23 07:22:10,157 [Listener at 127.0.0.1/45417] INFO  volume.ThrottledAsyncChecker (ThrottledAsyncChecker.java:schedule(141)) - Scheduling a check for /home/runner/work/ozone/ozone/hadoop-ozone/integration-test/target/test-dir/MiniOzoneClusterImpl-92bcab56-ea6f-414a-bd9b-6ecfa13157ac/datanode-2/data-0/containers/hdds
2022-12-23 07:22:10,160 [Listener at 127.0.0.1/45417] INFO  volume.StorageVolumeChecker (StorageVolumeChecker.java:checkAllVolumes(202)) - Scheduled health check for volume /home/runner/work/ozone/ozone/hadoop-ozone/integration-test/target/test-dir/MiniOzoneClusterImpl-92bcab56-ea6f-414a-bd9b-6ecfa13157ac/datanode-2/data-0/containers/hdds
2022-12-23 07:22:10,173 [Listener at 127.0.0.1/45417] INFO  volume.MutableVolumeSet (MutableVolumeSet.java:initializeVolumeSet(174)) - Added Volume : /home/runner/work/ozone/ozone/hadoop-ozone/integration-test/target/test-dir/MiniOzoneClusterImpl-92bcab56-ea6f-414a-bd9b-6ecfa13157ac/datanode-2/data/ratis to VolumeSet
2022-12-23 07:22:10,174 [Listener at 127.0.0.1/45417] INFO  volume.ThrottledAsyncChecker (ThrottledAsyncChecker.java:schedule(141)) - Scheduling a check for /home/runner/work/ozone/ozone/hadoop-ozone/integration-test/target/test-dir/MiniOzoneClusterImpl-92bcab56-ea6f-414a-bd9b-6ecfa13157ac/datanode-2/data/ratis
2022-12-23 07:22:10,174 [Listener at 127.0.0.1/45417] INFO  volume.StorageVolumeChecker (StorageVolumeChecker.java:checkAllVolumes(202)) - Scheduled health check for volume /home/runner/work/ozone/ozone/hadoop-ozone/integration-test/target/test-dir/MiniOzoneClusterImpl-92bcab56-ea6f-414a-bd9b-6ecfa13157ac/datanode-2/data/ratis
2022-12-23 07:22:10,187 [Thread-453] INFO  ozoneimpl.ContainerReader (ContainerReader.java:readVolume(175)) - Finish verifying containers on volume /home/runner/work/ozone/ozone/hadoop-ozone/integration-test/target/test-dir/MiniOzoneClusterImpl-92bcab56-ea6f-414a-bd9b-6ecfa13157ac/datanode-2/data-0/containers/hdds
2022-12-23 07:22:10,187 [Listener at 127.0.0.1/45417] INFO  ozoneimpl.OzoneContainer (OzoneContainer.java:buildContainerSet(301)) - Build ContainerSet costs 0s
2022-12-23 07:22:10,191 [Listener at 127.0.0.1/45417] INFO  server.RaftServer (ConfUtils.java:logGet(46)) - raft.rpc.type = GRPC (default)
2022-12-23 07:22:10,191 [Listener at 127.0.0.1/45417] INFO  grpc.GrpcConfigKeys (ConfUtils.java:logFallback(53)) - raft.grpc.admin.host = null (fallback to raft.grpc.server.host)
2022-12-23 07:22:10,192 [Listener at 127.0.0.1/45417] INFO  grpc.GrpcConfigKeys (ConfUtils.java:logGet(46)) - raft.grpc.admin.port = 0 (custom)
2022-12-23 07:22:10,192 [Listener at 127.0.0.1/45417] INFO  grpc.GrpcConfigKeys (ConfUtils.java:logFallback(53)) - raft.grpc.client.host = null (fallback to raft.grpc.server.host)
2022-12-23 07:22:10,192 [Listener at 127.0.0.1/45417] INFO  grpc.GrpcConfigKeys (ConfUtils.java:logGet(46)) - raft.grpc.client.port = 0 (custom)
2022-12-23 07:22:10,192 [Listener at 127.0.0.1/45417] INFO  grpc.GrpcConfigKeys (ConfUtils.java:logGet(46)) - raft.grpc.server.host = null (default)
2022-12-23 07:22:10,192 [Listener at 127.0.0.1/45417] INFO  grpc.GrpcConfigKeys (ConfUtils.java:logGet(46)) - raft.grpc.server.port = 0 (default)
2022-12-23 07:22:10,192 [Listener at 127.0.0.1/45417] INFO  server.GrpcService (ConfUtils.java:logGet(46)) - raft.grpc.message.size.max = 32MB (=33554432) (custom)
2022-12-23 07:22:10,192 [Listener at 127.0.0.1/45417] INFO  server.RaftServerConfigKeys (ConfUtils.java:logGet(46)) - raft.server.log.appender.buffer.byte-limit = 33554432 (custom)
2022-12-23 07:22:10,193 [Listener at 127.0.0.1/45417] INFO  server.GrpcService (ConfUtils.java:logGet(46)) - raft.grpc.flow.control.window = 5MB (=5242880) (custom)
2022-12-23 07:22:10,193 [Listener at 127.0.0.1/45417] INFO  server.RaftServerConfigKeys (ConfUtils.java:logGet(46)) - raft.server.rpc.request.timeout = 60s (custom)
2022-12-23 07:22:10,193 [Listener at 127.0.0.1/45417] INFO  grpc.GrpcConfigKeys (ConfUtils.java:logGet(46)) - raft.grpc.server.heartbeat.channel = true (default)
2022-12-23 07:22:10,193 [Listener at 127.0.0.1/45417] INFO  grpc.GrpcConfigKeys (ConfUtils.java:logGet(46)) - raft.grpc.server.async.request.thread.pool.cached = true (default)
2022-12-23 07:22:10,193 [Listener at 127.0.0.1/45417] INFO  grpc.GrpcConfigKeys (ConfUtils.java:logGet(46)) - raft.grpc.server.async.request.thread.pool.size = 32 (default)
2022-12-23 07:22:10,194 [Listener at 127.0.0.1/45417] INFO  impl.DataStreamServerImpl (ConfUtils.java:logGet(46)) - raft.datastream.type = NETTY (custom)
2022-12-23 07:22:10,195 [Listener at 127.0.0.1/45417] INFO  server.RaftServerConfigKeys (ConfUtils.java:logGet(46)) - raft.server.data-stream.async.request.thread.pool.cached = false (default)
2022-12-23 07:22:10,195 [Listener at 127.0.0.1/45417] INFO  server.RaftServerConfigKeys (ConfUtils.java:logGet(46)) - raft.server.data-stream.async.request.thread.pool.size = 20 (custom)
2022-12-23 07:22:10,195 [Listener at 127.0.0.1/45417] INFO  server.RaftServerConfigKeys (ConfUtils.java:logGet(46)) - raft.server.data-stream.async.write.thread.pool.size = 16 (default)
2022-12-23 07:22:10,195 [Listener at 127.0.0.1/45417] INFO  server.RaftServerConfigKeys (ConfUtils.java:logGet(46)) - raft.server.data-stream.client.pool.size = 10 (default)
2022-12-23 07:22:10,195 [Listener at 127.0.0.1/45417] INFO  netty.NettyConfigKeys$DataStream (ConfUtils.java:logGet(46)) - raft.netty.dataStream.server.use-epoll = false (default)
2022-12-23 07:22:10,196 [Listener at 127.0.0.1/45417] INFO  netty.NettyConfigKeys$DataStream (ConfUtils.java:logGet(46)) - raft.netty.dataStream.server.boss-group.size = 0 (default)
2022-12-23 07:22:10,196 [Listener at 127.0.0.1/45417] INFO  netty.NettyConfigKeys$DataStream (ConfUtils.java:logGet(46)) - raft.netty.dataStream.server.worker-group.size = 0 (default)
2022-12-23 07:22:10,197 [Listener at 127.0.0.1/45417] INFO  netty.NettyConfigKeys$DataStream (ConfUtils.java:logGet(46)) - raft.netty.dataStream.server.tls.conf = null (default)
2022-12-23 07:22:10,197 [Listener at 127.0.0.1/45417] INFO  netty.NettyConfigKeys$DataStream (ConfUtils.java:logGet(46)) - raft.netty.dataStream.host = null (default)
2022-12-23 07:22:10,197 [Listener at 127.0.0.1/45417] INFO  netty.NettyConfigKeys$DataStream (ConfUtils.java:logGet(46)) - raft.netty.dataStream.port = 0 (default)
2022-12-23 07:22:10,197 [Listener at 127.0.0.1/45417] INFO  server.RaftServerConfigKeys (ConfUtils.java:logGet(46)) - raft.server.threadpool.proxy.cached = true (default)
2022-12-23 07:22:10,198 [Listener at 127.0.0.1/45417] INFO  server.RaftServerConfigKeys (ConfUtils.java:logGet(46)) - raft.server.threadpool.proxy.size = 0 (default)
2022-12-23 07:22:10,198 [Listener at 127.0.0.1/45417] INFO  server.RaftServerConfigKeys (ConfUtils.java:logGet(46)) - raft.server.rpc.slowness.timeout = 300s (custom)
2022-12-23 07:22:10,198 [Listener at 127.0.0.1/45417] INFO  server.RaftServerConfigKeys (ConfUtils.java:logGet(46)) - raft.server.leaderelection.leader.step-down.wait-time = 10s (default)
2022-12-23 07:22:10,198 [Listener at 127.0.0.1/45417] INFO  server.RaftServerConfigKeys (ConfUtils.java:logGet(46)) - raft.server.storage.dir = [/home/runner/work/ozone/ozone/hadoop-ozone/integration-test/target/test-dir/MiniOzoneClusterImpl-92bcab56-ea6f-414a-bd9b-6ecfa13157ac/datanode-2/data/ratis] (custom)
2022-12-23 07:22:10,199 [5eb9b934-91d7-4d34-88e4-5e2b9d3bfec0-NettyServerStreamRpc-bossGroup--thread1] INFO  logging.LoggingHandler (AbstractInternalLogger.java:log(148)) - [id: 0x22723f8b] REGISTERED
2022-12-23 07:22:10,199 [5eb9b934-91d7-4d34-88e4-5e2b9d3bfec0-NettyServerStreamRpc-bossGroup--thread1] INFO  logging.LoggingHandler (AbstractInternalLogger.java:log(148)) - [id: 0x22723f8b] BIND: 0.0.0.0/0.0.0.0:0
2022-12-23 07:22:10,199 [5eb9b934-91d7-4d34-88e4-5e2b9d3bfec0-NettyServerStreamRpc-bossGroup--thread1] INFO  logging.LoggingHandler (AbstractInternalLogger.java:log(148)) - [id: 0x22723f8b, L:/0:0:0:0:0:0:0:0:42585] ACTIVE
2022-12-23 07:22:10,201 [Listener at 127.0.0.1/45417] INFO  server.XceiverServerGrpc (XceiverServerGrpc.java:<init>(132)) - GrpcServer channel type EpollServerSocketChannel
2022-12-23 07:22:10,205 [Listener at 127.0.0.1/45417] INFO  http.BaseHttpServer (BaseHttpServer.java:newHttpServer2BuilderForOzone(213)) - Starting Web-server for hddsDatanode at: http://0.0.0.0:0
2022-12-23 07:22:10,205 [Listener at 127.0.0.1/45417] INFO  http.BaseHttpServer (BaseHttpServer.java:<init>(108)) - Hadoop Security Enabled: false Ozone Security Enabled: false Ozone HTTP Security Enabled: false 
2022-12-23 07:22:10,207 [Listener at 127.0.0.1/45417] WARN  server.AuthenticationFilter (AuthenticationFilter.java:constructSecretProvider(240)) - Unable to initialize FileSignerSecretProvider, falling back to use random secrets. Reason: Could not read signature secret file: /home/runner/hadoop-http-auth-signature-secret
2022-12-23 07:22:10,208 [Listener at 127.0.0.1/45417] WARN  http.HttpRequestLog (HttpRequestLog.java:getRequestLog(103)) - Jetty request log can only be enabled using Log4j
2022-12-23 07:22:10,209 [Listener at 127.0.0.1/45417] INFO  http.HttpServer2 (HttpServer2.java:addGlobalFilter(1031)) - Added global filter 'safety' (class=org.apache.hadoop.hdds.server.http.HttpServer2$QuotingInputFilter)
2022-12-23 07:22:10,210 [Listener at 127.0.0.1/45417] INFO  http.HttpServer2 (HttpServer2.java:addFilter(1007)) - Added filter static_user_filter (class=org.apache.hadoop.http.lib.StaticUserWebFilter$StaticUserFilter) to context hddsDatanode
2022-12-23 07:22:10,210 [Listener at 127.0.0.1/45417] INFO  http.HttpServer2 (HttpServer2.java:addFilter(1015)) - Added filter static_user_filter (class=org.apache.hadoop.http.lib.StaticUserWebFilter$StaticUserFilter) to context static
2022-12-23 07:22:10,210 [Listener at 127.0.0.1/45417] INFO  http.HttpServer2 (HttpServer2.java:addFilter(1015)) - Added filter static_user_filter (class=org.apache.hadoop.http.lib.StaticUserWebFilter$StaticUserFilter) to context logs
2022-12-23 07:22:10,211 [Listener at 127.0.0.1/45417] INFO  http.HttpServer2 (HttpServer2.java:bindListener(1250)) - Jetty bound to port 44085
2022-12-23 07:22:10,211 [Listener at 127.0.0.1/45417] INFO  server.Server (Server.java:doStart(375)) - jetty-9.4.49.v20220914; built: 2022-09-14T01:07:36.601Z; git: 4231a3b2e4cb8548a412a789936d640a97b1aa0a; jvm 1.8.0_352-b08
2022-12-23 07:22:10,215 [Listener at 127.0.0.1/45417] INFO  server.session (DefaultSessionIdManager.java:doStart(334)) - DefaultSessionIdManager workerName=node0
2022-12-23 07:22:10,216 [Listener at 127.0.0.1/45417] INFO  server.session (DefaultSessionIdManager.java:doStart(339)) - No SessionScavenger set, using defaults
2022-12-23 07:22:10,216 [Listener at 127.0.0.1/45417] INFO  server.session (HouseKeeper.java:startScavenging(132)) - node0 Scavenging every 660000ms
2022-12-23 07:22:10,217 [Listener at 127.0.0.1/45417] INFO  handler.ContextHandler (ContextHandler.java:doStart(921)) - Started o.e.j.s.ServletContextHandler@4bc940f1{logs,/logs,file:///home/runner/work/ozone/ozone/hadoop-ozone/integration-test/target/log,AVAILABLE}
2022-12-23 07:22:10,217 [Listener at 127.0.0.1/45417] INFO  handler.ContextHandler (ContextHandler.java:doStart(921)) - Started o.e.j.s.ServletContextHandler@32429a73{static,/static,jar:file:/home/runner/.m2/repository/org/apache/ozone/hdds-container-service/1.3.0-SNAPSHOT/hdds-container-service-1.3.0-SNAPSHOT.jar!/webapps/static,AVAILABLE}
2022-12-23 07:22:10,348 [om1@group-C5BA1605619E-FollowerState] INFO  impl.FollowerState (FollowerState.java:run(143)) - om1@group-C5BA1605619E-FollowerState: change to CANDIDATE, lastRpcElapsedTime:1125033899ns, electionTimeout:1112ms
2022-12-23 07:22:10,349 [om1@group-C5BA1605619E-FollowerState] INFO  impl.RoleInfo (RoleInfo.java:shutdownFollowerState(110)) - om1: shutdown om1@group-C5BA1605619E-FollowerState
2022-12-23 07:22:10,349 [om1@group-C5BA1605619E-FollowerState] INFO  server.RaftServer$Division (RaftServerImpl.java:setRole(321)) - om1@group-C5BA1605619E: changes role from  FOLLOWER to CANDIDATE at term 0 for changeToCandidate
2022-12-23 07:22:10,349 [om1@group-C5BA1605619E-FollowerState] INFO  server.RaftServerConfigKeys (ConfUtils.java:logGet(46)) - raft.server.leaderelection.pre-vote = false (custom)
2022-12-23 07:22:10,349 [om1@group-C5BA1605619E-FollowerState] INFO  impl.RoleInfo (RoleInfo.java:updateAndGet(139)) - om1: start om1@group-C5BA1605619E-LeaderElection7
2022-12-23 07:22:10,359 [om1@group-C5BA1605619E-LeaderElection7] INFO  impl.LeaderElection (LeaderElection.java:askForVotes(312)) - om1@group-C5BA1605619E-LeaderElection7 ELECTION round 0: submit vote requests at term 1 for -1: peers:[om1|rpc:localhost:9872|priority:0|startupRole:FOLLOWER]|listeners:[], old=null
2022-12-23 07:22:10,360 [om1@group-C5BA1605619E-LeaderElection7] INFO  impl.LeaderElection (LeaderElection.java:askForVotes(314)) - om1@group-C5BA1605619E-LeaderElection7 ELECTION round 0: result PASSED (term=1)
2022-12-23 07:22:10,360 [om1@group-C5BA1605619E-LeaderElection7] INFO  impl.RoleInfo (RoleInfo.java:shutdownLeaderElection(130)) - om1: shutdown om1@group-C5BA1605619E-LeaderElection7
2022-12-23 07:22:10,360 [om1@group-C5BA1605619E-LeaderElection7] INFO  server.RaftServer$Division (RaftServerImpl.java:setRole(321)) - om1@group-C5BA1605619E: changes role from CANDIDATE to LEADER at term 1 for changeToLeader
2022-12-23 07:22:10,360 [om1@group-C5BA1605619E-LeaderElection7] INFO  server.RaftServer$Division (ServerState.java:setLeader(313)) - om1@group-C5BA1605619E: change Leader from null to om1 at term 1 for becomeLeader, leader elected after 1692ms
2022-12-23 07:22:10,361 [om1@group-C5BA1605619E-LeaderElection7] INFO  server.RaftServerConfigKeys (ConfUtils.java:logGet(46)) - raft.server.staging.catchup.gap = 1000 (default)
2022-12-23 07:22:10,362 [om1@group-C5BA1605619E-LeaderElection7] INFO  server.RaftServerConfigKeys (ConfUtils.java:logGet(46)) - raft.server.write.element-limit = 4096 (default)
2022-12-23 07:22:10,362 [om1@group-C5BA1605619E-LeaderElection7] INFO  server.RaftServerConfigKeys (ConfUtils.java:logGet(46)) - raft.server.write.byte-limit = 64MB (=67108864) (default)
2022-12-23 07:22:10,362 [om1@group-C5BA1605619E-LeaderElection7] INFO  server.RaftServerConfigKeys (ConfUtils.java:logGet(46)) - raft.server.watch.timeout = 10s (default)
2022-12-23 07:22:10,362 [om1@group-C5BA1605619E-LeaderElection7] INFO  server.RaftServerConfigKeys (ConfUtils.java:logGet(46)) - raft.server.watch.timeout.denomination = 1s (default)
2022-12-23 07:22:10,362 [om1@group-C5BA1605619E-LeaderElection7] INFO  server.RaftServerConfigKeys (ConfUtils.java:logGet(46)) - raft.server.watch.element-limit = 65536 (default)
2022-12-23 07:22:10,362 [om1@group-C5BA1605619E-LeaderElection7] INFO  server.RaftServerConfigKeys (ConfUtils.java:logGet(46)) - raft.server.write.element-limit = 4096 (default)
2022-12-23 07:22:10,362 [om1@group-C5BA1605619E-LeaderElection7] INFO  server.RaftServerConfigKeys (ConfUtils.java:logGet(46)) - raft.server.write.follower.gap.ratio.max = -1.0 (default)
2022-12-23 07:22:10,362 [om1@group-C5BA1605619E-LeaderElection7] INFO  impl.RoleInfo (RoleInfo.java:updateAndGet(139)) - om1: start om1@group-C5BA1605619E-LeaderStateImpl
2022-12-23 07:22:10,363 [om1@group-C5BA1605619E-LeaderElection7] INFO  segmented.SegmentedRaftLogWorker (SegmentedRaftLogWorker.java:startLogSegment(452)) - om1@group-C5BA1605619E-SegmentedRaftLogWorker: Starting segment from index:0
2022-12-23 07:22:10,370 [om1@group-C5BA1605619E-LeaderElection7] INFO  server.RaftServer$Division (ServerState.java:setRaftConf(430)) - om1@group-C5BA1605619E: set configuration 0: peers:[om1|rpc:localhost:9872|admin:|client:|dataStream:|priority:0|startupRole:FOLLOWER]|listeners:[], old=null
2022-12-23 07:22:10,374 [om1@group-C5BA1605619E-SegmentedRaftLogWorker] INFO  segmented.SegmentedRaftLogWorker (SegmentedRaftLogWorker.java:execute(656)) - om1@group-C5BA1605619E-SegmentedRaftLogWorker: created new log segment /home/runner/work/ozone/ozone/hadoop-ozone/integration-test/target/test-dir/MiniOzoneClusterImpl-92bcab56-ea6f-414a-bd9b-6ecfa13157ac/ozone-meta/ratis/bf265839-605b-3f16-9796-c5ba1605619e/current/log_inprogress_0
2022-12-23 07:22:10,378 [om1@group-C5BA1605619E-StateMachineUpdater] INFO  ratis.OzoneManagerStateMachine (OzoneManagerStateMachine.java:notifyConfigurationChanged(192)) - Received Configuration change notification from Ratis. New Peer list:
[id: "om1"
address: "localhost:9872"
startupRole: FOLLOWER
]
2022-12-23 07:22:10,430 [Listener at 127.0.0.1/45417] INFO  handler.ContextHandler (ContextHandler.java:doStart(921)) - Started o.e.j.w.WebAppContext@70809f39{hddsDatanode,/,file:///tmp/jetty-0_0_0_0-44085-hdds-container-service-1_3_0-SNAPSHOT_jar-_-any-7333542045942558289/webapp/,AVAILABLE}{jar:file:/home/runner/.m2/repository/org/apache/ozone/hdds-container-service/1.3.0-SNAPSHOT/hdds-container-service-1.3.0-SNAPSHOT.jar!/webapps/hddsDatanode}
2022-12-23 07:22:10,433 [Listener at 127.0.0.1/45417] INFO  server.AbstractConnector (AbstractConnector.java:doStart(333)) - Started ServerConnector@78978a2b{HTTP/1.1, (http/1.1)}{0.0.0.0:44085}
2022-12-23 07:22:10,433 [Listener at 127.0.0.1/45417] INFO  server.Server (Server.java:doStart(415)) - Started @31392ms
2022-12-23 07:22:10,433 [Listener at 127.0.0.1/45417] WARN  impl.MetricsSystemImpl (MetricsSystemImpl.java:register(279)) - Sink prometheus already exists!
2022-12-23 07:22:10,434 [Listener at 127.0.0.1/45417] INFO  http.BaseHttpServer (BaseHttpServer.java:updateConnectorAddress(333)) - HTTP server of hddsDatanode listening at http://0.0.0.0:44085
2022-12-23 07:22:10,436 [Datanode State Machine Daemon Thread] INFO  statemachine.DatanodeStateMachine (DatanodeStateMachine.java:lambda$startDaemon$0(508)) - Ozone container server started.
2022-12-23 07:22:10,436 [Listener at 127.0.0.1/45417] INFO  ozone.MiniOzoneClusterImpl (MiniOzoneClusterImpl.java:lambda$waitForClusterToBeReady$0(217)) - Waiting for nodes to be ready. Got 0 of 3 DN Heartbeats.
2022-12-23 07:22:10,437 [Listener at 127.0.0.1/45417] INFO  ozone.MiniOzoneClusterImpl (MiniOzoneClusterImpl.java:lambda$waitForClusterToBeReady$0(220)) - Waiting for cluster to exit safe mode
2022-12-23 07:22:10,437 [Listener at 127.0.0.1/45417] INFO  ozone.MiniOzoneClusterImpl (MiniOzoneClusterImpl.java:lambda$waitForClusterToBeReady$0(222)) - SCM became leader
2022-12-23 07:22:10,445 [org.apache.hadoop.util.JvmPauseMonitor$Monitor@176f1077] INFO  util.JvmPauseMonitor (JvmPauseMonitor.java:run(188)) - Starting JVM pause monitor
2022-12-23 07:22:10,449 [Datanode State Machine Task Thread - 0] INFO  datanode.InitDatanodeState (InitDatanodeState.java:persistContainerDatanodeDetails(138)) - DatanodeDetails is persisted to /home/runner/work/ozone/ozone/hadoop-ozone/integration-test/target/test-dir/MiniOzoneClusterImpl-92bcab56-ea6f-414a-bd9b-6ecfa13157ac/datanode-2/meta/datanode.id
2022-12-23 07:22:11,438 [Listener at 127.0.0.1/45417] INFO  ozone.MiniOzoneClusterImpl (MiniOzoneClusterImpl.java:lambda$waitForClusterToBeReady$0(217)) - Waiting for nodes to be ready. Got 0 of 3 DN Heartbeats.
2022-12-23 07:22:11,438 [Listener at 127.0.0.1/45417] INFO  ozone.MiniOzoneClusterImpl (MiniOzoneClusterImpl.java:lambda$waitForClusterToBeReady$0(220)) - Waiting for cluster to exit safe mode
2022-12-23 07:22:11,438 [Listener at 127.0.0.1/45417] INFO  ozone.MiniOzoneClusterImpl (MiniOzoneClusterImpl.java:lambda$waitForClusterToBeReady$0(222)) - SCM became leader
2022-12-23 07:22:11,723 [EndpointStateMachine task thread for /0.0.0.0:43689 - 0 ] INFO  utils.DatanodeStoreCache (DatanodeStoreCache.java:addDB(58)) - Added db /home/runner/work/ozone/ozone/hadoop-ozone/integration-test/target/test-dir/MiniOzoneClusterImpl-92bcab56-ea6f-414a-bd9b-6ecfa13157ac/datanode-0/data-0/containers/hdds/92bcab56-ea6f-414a-bd9b-6ecfa13157ac/DS-9edd3b6d-7673-44c5-b636-46a5d78ca51f/container.db to cache
2022-12-23 07:22:11,724 [EndpointStateMachine task thread for /0.0.0.0:43689 - 0 ] INFO  volume.HddsVolume (HddsVolume.java:createDbStore(307)) - SchemaV3 db is created and loaded at /home/runner/work/ozone/ozone/hadoop-ozone/integration-test/target/test-dir/MiniOzoneClusterImpl-92bcab56-ea6f-414a-bd9b-6ecfa13157ac/datanode-0/data-0/containers/hdds/92bcab56-ea6f-414a-bd9b-6ecfa13157ac/DS-9edd3b6d-7673-44c5-b636-46a5d78ca51f/container.db for volume DS-9edd3b6d-7673-44c5-b636-46a5d78ca51f
2022-12-23 07:22:11,724 [EndpointStateMachine task thread for /0.0.0.0:43689 - 0 ] INFO  ozoneimpl.OzoneContainer (OzoneContainer.java:start(395)) - Attempting to start container services.
2022-12-23 07:22:11,724 [EndpointStateMachine task thread for /0.0.0.0:43689 - 0 ] INFO  ozoneimpl.OzoneContainer (OzoneContainer.java:startContainerScrub(312)) - Scheduled background container scanners and the on-demand container scanner have been disabled.
2022-12-23 07:22:11,726 [EndpointStateMachine task thread for /0.0.0.0:43689 - 0 ] INFO  replication.ReplicationServer (ReplicationServer.java:start(106)) - ReplicationServer is started using port 33581
2022-12-23 07:22:11,727 [EndpointStateMachine task thread for /0.0.0.0:43689 - 0 ] INFO  ratis.XceiverServerRatis (XceiverServerRatis.java:start(517)) - Starting XceiverServerRatis 60edd344-8c94-447c-8e16-5fc09b19e128
2022-12-23 07:22:11,727 [EndpointStateMachine task thread for /0.0.0.0:43689 - 0 ] INFO  server.RaftServer (RaftServerProxy.java:startImpl(393)) - 60edd344-8c94-447c-8e16-5fc09b19e128: start RPC server
2022-12-23 07:22:11,730 [EndpointStateMachine task thread for /0.0.0.0:43689 - 0 ] INFO  server.GrpcService (GrpcService.java:startImpl(262)) - 60edd344-8c94-447c-8e16-5fc09b19e128: GrpcService started, listening on 39167
2022-12-23 07:22:11,730 [EndpointStateMachine task thread for /0.0.0.0:43689 - 0 ] INFO  ratis.XceiverServerRatis (XceiverServerRatis.java:getRealPort(543)) - XceiverServerRatis 60edd344-8c94-447c-8e16-5fc09b19e128 is started using port 39167 for RATIS
2022-12-23 07:22:11,730 [JvmPauseMonitor5] INFO  util.JvmPauseMonitor (JvmPauseMonitor.java:run(105)) - JvmPauseMonitor-60edd344-8c94-447c-8e16-5fc09b19e128: Started
2022-12-23 07:22:11,730 [EndpointStateMachine task thread for /0.0.0.0:43689 - 0 ] INFO  ratis.XceiverServerRatis (XceiverServerRatis.java:getRealPort(543)) - XceiverServerRatis 60edd344-8c94-447c-8e16-5fc09b19e128 is started using port 39167 for RATIS_ADMIN
2022-12-23 07:22:11,730 [EndpointStateMachine task thread for /0.0.0.0:43689 - 0 ] INFO  ratis.XceiverServerRatis (XceiverServerRatis.java:getRealPort(543)) - XceiverServerRatis 60edd344-8c94-447c-8e16-5fc09b19e128 is started using port 39167 for RATIS_SERVER
2022-12-23 07:22:11,730 [EndpointStateMachine task thread for /0.0.0.0:43689 - 0 ] INFO  ratis.XceiverServerRatis (XceiverServerRatis.java:getRealPort(543)) - XceiverServerRatis 60edd344-8c94-447c-8e16-5fc09b19e128 is started using port 36111 for RATIS_DATASTREAM
2022-12-23 07:22:11,737 [EndpointStateMachine task thread for /0.0.0.0:43689 - 0 ] INFO  server.XceiverServerGrpc (XceiverServerGrpc.java:start(180)) - XceiverServerGrpc 60edd344-8c94-447c-8e16-5fc09b19e128 is started using port 42437
2022-12-23 07:22:12,115 [EndpointStateMachine task thread for /0.0.0.0:43689 - 0 ] INFO  utils.DatanodeStoreCache (DatanodeStoreCache.java:addDB(58)) - Added db /home/runner/work/ozone/ozone/hadoop-ozone/integration-test/target/test-dir/MiniOzoneClusterImpl-92bcab56-ea6f-414a-bd9b-6ecfa13157ac/datanode-1/data-0/containers/hdds/92bcab56-ea6f-414a-bd9b-6ecfa13157ac/DS-5b55e1e6-ba99-4aab-8d9c-b46c81295adb/container.db to cache
2022-12-23 07:22:12,115 [EndpointStateMachine task thread for /0.0.0.0:43689 - 0 ] INFO  volume.HddsVolume (HddsVolume.java:createDbStore(307)) - SchemaV3 db is created and loaded at /home/runner/work/ozone/ozone/hadoop-ozone/integration-test/target/test-dir/MiniOzoneClusterImpl-92bcab56-ea6f-414a-bd9b-6ecfa13157ac/datanode-1/data-0/containers/hdds/92bcab56-ea6f-414a-bd9b-6ecfa13157ac/DS-5b55e1e6-ba99-4aab-8d9c-b46c81295adb/container.db for volume DS-5b55e1e6-ba99-4aab-8d9c-b46c81295adb
2022-12-23 07:22:12,115 [EndpointStateMachine task thread for /0.0.0.0:43689 - 0 ] INFO  ozoneimpl.OzoneContainer (OzoneContainer.java:start(395)) - Attempting to start container services.
2022-12-23 07:22:12,115 [EndpointStateMachine task thread for /0.0.0.0:43689 - 0 ] INFO  ozoneimpl.OzoneContainer (OzoneContainer.java:startContainerScrub(312)) - Scheduled background container scanners and the on-demand container scanner have been disabled.
2022-12-23 07:22:12,117 [EndpointStateMachine task thread for /0.0.0.0:43689 - 0 ] INFO  replication.ReplicationServer (ReplicationServer.java:start(106)) - ReplicationServer is started using port 36675
2022-12-23 07:22:12,118 [EndpointStateMachine task thread for /0.0.0.0:43689 - 0 ] INFO  ratis.XceiverServerRatis (XceiverServerRatis.java:start(517)) - Starting XceiverServerRatis f8b4df33-cf88-4903-9aaa-0dcc4cf7d5e3
2022-12-23 07:22:12,118 [EndpointStateMachine task thread for /0.0.0.0:43689 - 0 ] INFO  server.RaftServer (RaftServerProxy.java:startImpl(393)) - f8b4df33-cf88-4903-9aaa-0dcc4cf7d5e3: start RPC server
2022-12-23 07:22:12,121 [EndpointStateMachine task thread for /0.0.0.0:43689 - 0 ] INFO  server.GrpcService (GrpcService.java:startImpl(262)) - f8b4df33-cf88-4903-9aaa-0dcc4cf7d5e3: GrpcService started, listening on 38279
2022-12-23 07:22:12,122 [EndpointStateMachine task thread for /0.0.0.0:43689 - 0 ] INFO  ratis.XceiverServerRatis (XceiverServerRatis.java:getRealPort(543)) - XceiverServerRatis f8b4df33-cf88-4903-9aaa-0dcc4cf7d5e3 is started using port 38279 for RATIS
2022-12-23 07:22:12,122 [JvmPauseMonitor6] INFO  util.JvmPauseMonitor (JvmPauseMonitor.java:run(105)) - JvmPauseMonitor-f8b4df33-cf88-4903-9aaa-0dcc4cf7d5e3: Started
2022-12-23 07:22:12,122 [EndpointStateMachine task thread for /0.0.0.0:43689 - 0 ] INFO  ratis.XceiverServerRatis (XceiverServerRatis.java:getRealPort(543)) - XceiverServerRatis f8b4df33-cf88-4903-9aaa-0dcc4cf7d5e3 is started using port 38279 for RATIS_ADMIN
2022-12-23 07:22:12,122 [EndpointStateMachine task thread for /0.0.0.0:43689 - 0 ] INFO  ratis.XceiverServerRatis (XceiverServerRatis.java:getRealPort(543)) - XceiverServerRatis f8b4df33-cf88-4903-9aaa-0dcc4cf7d5e3 is started using port 38279 for RATIS_SERVER
2022-12-23 07:22:12,122 [EndpointStateMachine task thread for /0.0.0.0:43689 - 0 ] INFO  ratis.XceiverServerRatis (XceiverServerRatis.java:getRealPort(543)) - XceiverServerRatis f8b4df33-cf88-4903-9aaa-0dcc4cf7d5e3 is started using port 45959 for RATIS_DATASTREAM
2022-12-23 07:22:12,124 [EndpointStateMachine task thread for /0.0.0.0:43689 - 0 ] INFO  server.XceiverServerGrpc (XceiverServerGrpc.java:start(180)) - XceiverServerGrpc f8b4df33-cf88-4903-9aaa-0dcc4cf7d5e3 is started using port 39211
2022-12-23 07:22:12,439 [Listener at 127.0.0.1/45417] INFO  ozone.MiniOzoneClusterImpl (MiniOzoneClusterImpl.java:lambda$waitForClusterToBeReady$0(217)) - Waiting for nodes to be ready. Got 0 of 3 DN Heartbeats.
2022-12-23 07:22:12,439 [Listener at 127.0.0.1/45417] INFO  ozone.MiniOzoneClusterImpl (MiniOzoneClusterImpl.java:lambda$waitForClusterToBeReady$0(220)) - Waiting for cluster to exit safe mode
2022-12-23 07:22:12,439 [Listener at 127.0.0.1/45417] INFO  ozone.MiniOzoneClusterImpl (MiniOzoneClusterImpl.java:lambda$waitForClusterToBeReady$0(222)) - SCM became leader
2022-12-23 07:22:12,480 [EndpointStateMachine task thread for /0.0.0.0:43689 - 0 ] INFO  utils.DatanodeStoreCache (DatanodeStoreCache.java:addDB(58)) - Added db /home/runner/work/ozone/ozone/hadoop-ozone/integration-test/target/test-dir/MiniOzoneClusterImpl-92bcab56-ea6f-414a-bd9b-6ecfa13157ac/datanode-2/data-0/containers/hdds/92bcab56-ea6f-414a-bd9b-6ecfa13157ac/DS-55d9d7ed-b737-45f4-a756-2f85935eb4b6/container.db to cache
2022-12-23 07:22:12,480 [EndpointStateMachine task thread for /0.0.0.0:43689 - 0 ] INFO  volume.HddsVolume (HddsVolume.java:createDbStore(307)) - SchemaV3 db is created and loaded at /home/runner/work/ozone/ozone/hadoop-ozone/integration-test/target/test-dir/MiniOzoneClusterImpl-92bcab56-ea6f-414a-bd9b-6ecfa13157ac/datanode-2/data-0/containers/hdds/92bcab56-ea6f-414a-bd9b-6ecfa13157ac/DS-55d9d7ed-b737-45f4-a756-2f85935eb4b6/container.db for volume DS-55d9d7ed-b737-45f4-a756-2f85935eb4b6
2022-12-23 07:22:12,480 [EndpointStateMachine task thread for /0.0.0.0:43689 - 0 ] INFO  ozoneimpl.OzoneContainer (OzoneContainer.java:start(395)) - Attempting to start container services.
2022-12-23 07:22:12,480 [EndpointStateMachine task thread for /0.0.0.0:43689 - 0 ] INFO  ozoneimpl.OzoneContainer (OzoneContainer.java:startContainerScrub(312)) - Scheduled background container scanners and the on-demand container scanner have been disabled.
2022-12-23 07:22:12,482 [EndpointStateMachine task thread for /0.0.0.0:43689 - 0 ] INFO  replication.ReplicationServer (ReplicationServer.java:start(106)) - ReplicationServer is started using port 43865
2022-12-23 07:22:12,483 [EndpointStateMachine task thread for /0.0.0.0:43689 - 0 ] INFO  ratis.XceiverServerRatis (XceiverServerRatis.java:start(517)) - Starting XceiverServerRatis 5eb9b934-91d7-4d34-88e4-5e2b9d3bfec0
2022-12-23 07:22:12,484 [EndpointStateMachine task thread for /0.0.0.0:43689 - 0 ] INFO  server.RaftServer (RaftServerProxy.java:startImpl(393)) - 5eb9b934-91d7-4d34-88e4-5e2b9d3bfec0: start RPC server
2022-12-23 07:22:12,485 [EndpointStateMachine task thread for /0.0.0.0:43689 - 0 ] INFO  server.GrpcService (GrpcService.java:startImpl(262)) - 5eb9b934-91d7-4d34-88e4-5e2b9d3bfec0: GrpcService started, listening on 33985
2022-12-23 07:22:12,486 [EndpointStateMachine task thread for /0.0.0.0:43689 - 0 ] INFO  ratis.XceiverServerRatis (XceiverServerRatis.java:getRealPort(543)) - XceiverServerRatis 5eb9b934-91d7-4d34-88e4-5e2b9d3bfec0 is started using port 33985 for RATIS
2022-12-23 07:22:12,486 [JvmPauseMonitor7] INFO  util.JvmPauseMonitor (JvmPauseMonitor.java:run(105)) - JvmPauseMonitor-5eb9b934-91d7-4d34-88e4-5e2b9d3bfec0: Started
2022-12-23 07:22:12,486 [EndpointStateMachine task thread for /0.0.0.0:43689 - 0 ] INFO  ratis.XceiverServerRatis (XceiverServerRatis.java:getRealPort(543)) - XceiverServerRatis 5eb9b934-91d7-4d34-88e4-5e2b9d3bfec0 is started using port 33985 for RATIS_ADMIN
2022-12-23 07:22:12,486 [EndpointStateMachine task thread for /0.0.0.0:43689 - 0 ] INFO  ratis.XceiverServerRatis (XceiverServerRatis.java:getRealPort(543)) - XceiverServerRatis 5eb9b934-91d7-4d34-88e4-5e2b9d3bfec0 is started using port 33985 for RATIS_SERVER
2022-12-23 07:22:12,486 [EndpointStateMachine task thread for /0.0.0.0:43689 - 0 ] INFO  ratis.XceiverServerRatis (XceiverServerRatis.java:getRealPort(543)) - XceiverServerRatis 5eb9b934-91d7-4d34-88e4-5e2b9d3bfec0 is started using port 42585 for RATIS_DATASTREAM
2022-12-23 07:22:12,490 [EndpointStateMachine task thread for /0.0.0.0:43689 - 0 ] INFO  server.XceiverServerGrpc (XceiverServerGrpc.java:start(180)) - XceiverServerGrpc 5eb9b934-91d7-4d34-88e4-5e2b9d3bfec0 is started using port 35557
2022-12-23 07:22:13,439 [Listener at 127.0.0.1/45417] INFO  ozone.MiniOzoneClusterImpl (MiniOzoneClusterImpl.java:lambda$waitForClusterToBeReady$0(217)) - Waiting for nodes to be ready. Got 0 of 3 DN Heartbeats.
2022-12-23 07:22:13,440 [Listener at 127.0.0.1/45417] INFO  ozone.MiniOzoneClusterImpl (MiniOzoneClusterImpl.java:lambda$waitForClusterToBeReady$0(220)) - Waiting for cluster to exit safe mode
2022-12-23 07:22:13,440 [Listener at 127.0.0.1/45417] INFO  ozone.MiniOzoneClusterImpl (MiniOzoneClusterImpl.java:lambda$waitForClusterToBeReady$0(222)) - SCM became leader
2022-12-23 07:22:13,685 [IPC Server handler 1 on default port 43689] INFO  net.NetworkTopologyImpl (NetworkTopologyImpl.java:add(112)) - Added a new node: /default-rack/60edd344-8c94-447c-8e16-5fc09b19e128
2022-12-23 07:22:13,685 [IPC Server handler 1 on default port 43689] INFO  node.SCMNodeManager (SCMNodeManager.java:register(397)) - Registered Data node : 60edd344-8c94-447c-8e16-5fc09b19e128{ip: 10.1.0.40, host: fv-az505-480.g2e1luzo1moefklhgra4trf2va.dx.internal.cloudapp.net, ports: [REPLICATION=33581, RATIS=39167, RATIS_ADMIN=39167, RATIS_SERVER=39167, RATIS_DATASTREAM=36111, STANDALONE=42437], networkLocation: /default-rack, certSerialId: null, persistedOpState: null, persistedOpStateExpiryEpochSec: 0}
2022-12-23 07:22:13,687 [EventQueue-NodeRegistrationContainerReportForDataNodeSafeModeRule] INFO  safemode.SCMSafeModeManager (DataNodeSafeModeRule.java:process(71)) - SCM in safe mode. 1 DataNodes registered, 3 required.
2022-12-23 07:22:13,687 [EventQueue-NodeRegistrationContainerReportForContainerSafeModeRule] INFO  safemode.SCMSafeModeManager (SCMSafeModeManager.java:validateSafeModeExitRules(200)) - ContainerSafeModeRule rule is successfully validated
2022-12-23 07:22:13,688 [EventQueue-NewNodeForNewNodeHandler] INFO  pipeline.BackgroundPipelineCreator (BackgroundPipelineCreator.java:notifyEventTriggered(276)) - trigger a one-shot run on RatisPipelineUtilsThread.
2022-12-23 07:22:13,689 [RatisPipelineUtilsThread - 0] INFO  pipeline.RatisPipelineProvider (RatisPipelineProvider.java:lambda$create$0(206)) - Sending CreatePipelineCommand for pipeline:PipelineID=4fab16b0-76d4-4f9b-8f02-9f1756c8c3ba to datanode:60edd344-8c94-447c-8e16-5fc09b19e128
2022-12-23 07:22:13,691 [RatisPipelineUtilsThread - 0] INFO  pipeline.PipelineStateManagerImpl (PipelineStateManagerImpl.java:addPipeline(103)) - Created pipeline Pipeline[ Id: 4fab16b0-76d4-4f9b-8f02-9f1756c8c3ba, Nodes: 60edd344-8c94-447c-8e16-5fc09b19e128{ip: 10.1.0.40, host: fv-az505-480.g2e1luzo1moefklhgra4trf2va.dx.internal.cloudapp.net, ports: [REPLICATION=33581, RATIS=39167, RATIS_ADMIN=39167, RATIS_SERVER=39167, RATIS_DATASTREAM=36111, STANDALONE=42437], networkLocation: /default-rack, certSerialId: null, persistedOpState: IN_SERVICE, persistedOpStateExpiryEpochSec: 0}, ReplicationConfig: RATIS/ONE, State:ALLOCATED, leaderId:, CreationTimestamp2022-12-23T07:22:13.689Z[Etc/UTC]].
2022-12-23 07:22:13,692 [EventQueue-PipelineReportForOneReplicaPipelineSafeModeRule] INFO  safemode.SCMSafeModeManager (SCMSafeModeManager.java:validateSafeModeExitRules(200)) - AtleastOneDatanodeReportedRule rule is successfully validated
2022-12-23 07:22:14,066 [IPC Server handler 2 on default port 43689] INFO  net.NetworkTopologyImpl (NetworkTopologyImpl.java:add(112)) - Added a new node: /default-rack/f8b4df33-cf88-4903-9aaa-0dcc4cf7d5e3
2022-12-23 07:22:14,067 [IPC Server handler 2 on default port 43689] INFO  node.SCMNodeManager (SCMNodeManager.java:register(397)) - Registered Data node : f8b4df33-cf88-4903-9aaa-0dcc4cf7d5e3{ip: 10.1.0.40, host: fv-az505-480.g2e1luzo1moefklhgra4trf2va.dx.internal.cloudapp.net, ports: [REPLICATION=36675, RATIS=38279, RATIS_ADMIN=38279, RATIS_SERVER=38279, RATIS_DATASTREAM=45959, STANDALONE=39211], networkLocation: /default-rack, certSerialId: null, persistedOpState: null, persistedOpStateExpiryEpochSec: 0}
2022-12-23 07:22:14,068 [EventQueue-NodeRegistrationContainerReportForDataNodeSafeModeRule] INFO  safemode.SCMSafeModeManager (DataNodeSafeModeRule.java:process(71)) - SCM in safe mode. 2 DataNodes registered, 3 required.
2022-12-23 07:22:14,068 [EventQueue-NewNodeForNewNodeHandler] INFO  pipeline.BackgroundPipelineCreator (BackgroundPipelineCreator.java:notifyEventTriggered(276)) - trigger a one-shot run on RatisPipelineUtilsThread.
2022-12-23 07:22:14,069 [RatisPipelineUtilsThread - 0] INFO  pipeline.RatisPipelineProvider (RatisPipelineProvider.java:lambda$create$0(206)) - Sending CreatePipelineCommand for pipeline:PipelineID=d2236d71-602a-4cf3-8c09-2cfebc390f04 to datanode:f8b4df33-cf88-4903-9aaa-0dcc4cf7d5e3
2022-12-23 07:22:14,070 [RatisPipelineUtilsThread - 0] INFO  pipeline.PipelineStateManagerImpl (PipelineStateManagerImpl.java:addPipeline(103)) - Created pipeline Pipeline[ Id: d2236d71-602a-4cf3-8c09-2cfebc390f04, Nodes: f8b4df33-cf88-4903-9aaa-0dcc4cf7d5e3{ip: 10.1.0.40, host: fv-az505-480.g2e1luzo1moefklhgra4trf2va.dx.internal.cloudapp.net, ports: [REPLICATION=36675, RATIS=38279, RATIS_ADMIN=38279, RATIS_SERVER=38279, RATIS_DATASTREAM=45959, STANDALONE=39211], networkLocation: /default-rack, certSerialId: null, persistedOpState: IN_SERVICE, persistedOpStateExpiryEpochSec: 0}, ReplicationConfig: RATIS/ONE, State:ALLOCATED, leaderId:, CreationTimestamp2022-12-23T07:22:14.069Z[Etc/UTC]].
2022-12-23 07:22:14,440 [Listener at 127.0.0.1/45417] INFO  ozone.MiniOzoneClusterImpl (MiniOzoneClusterImpl.java:lambda$waitForClusterToBeReady$0(217)) - Waiting for nodes to be ready. Got 2 of 3 DN Heartbeats.
2022-12-23 07:22:14,441 [Listener at 127.0.0.1/45417] INFO  ozone.MiniOzoneClusterImpl (MiniOzoneClusterImpl.java:lambda$waitForClusterToBeReady$0(220)) - Waiting for cluster to exit safe mode
2022-12-23 07:22:14,441 [Listener at 127.0.0.1/45417] INFO  ozone.MiniOzoneClusterImpl (MiniOzoneClusterImpl.java:lambda$waitForClusterToBeReady$0(222)) - SCM became leader
2022-12-23 07:22:14,447 [IPC Server handler 0 on default port 43689] INFO  net.NetworkTopologyImpl (NetworkTopologyImpl.java:add(112)) - Added a new node: /default-rack/5eb9b934-91d7-4d34-88e4-5e2b9d3bfec0
2022-12-23 07:22:14,449 [IPC Server handler 0 on default port 43689] INFO  node.SCMNodeManager (SCMNodeManager.java:register(397)) - Registered Data node : 5eb9b934-91d7-4d34-88e4-5e2b9d3bfec0{ip: 10.1.0.40, host: fv-az505-480.g2e1luzo1moefklhgra4trf2va.dx.internal.cloudapp.net, ports: [REPLICATION=43865, RATIS=33985, RATIS_ADMIN=33985, RATIS_SERVER=33985, RATIS_DATASTREAM=42585, STANDALONE=35557], networkLocation: /default-rack, certSerialId: null, persistedOpState: null, persistedOpStateExpiryEpochSec: 0}
2022-12-23 07:22:14,449 [EventQueue-NewNodeForNewNodeHandler] INFO  pipeline.BackgroundPipelineCreator (BackgroundPipelineCreator.java:notifyEventTriggered(276)) - trigger a one-shot run on RatisPipelineUtilsThread.
2022-12-23 07:22:14,449 [EventQueue-NodeRegistrationContainerReportForDataNodeSafeModeRule] INFO  safemode.SCMSafeModeManager (DataNodeSafeModeRule.java:process(71)) - SCM in safe mode. 3 DataNodes registered, 3 required.
2022-12-23 07:22:14,449 [EventQueue-NodeRegistrationContainerReportForDataNodeSafeModeRule] INFO  safemode.SCMSafeModeManager (SCMSafeModeManager.java:validateSafeModeExitRules(200)) - DataNodeSafeModeRule rule is successfully validated
2022-12-23 07:22:14,449 [EventQueue-NodeRegistrationContainerReportForDataNodeSafeModeRule] INFO  safemode.SCMSafeModeManager (SCMSafeModeManager.java:completePreCheck(229)) - All SCM safe mode pre check rules have passed
2022-12-23 07:22:14,449 [RatisPipelineUtilsThread - 0] INFO  pipeline.RatisPipelineProvider (RatisPipelineProvider.java:lambda$create$0(206)) - Sending CreatePipelineCommand for pipeline:PipelineID=9be19b02-53ac-420f-9e78-519d72f5b0b7 to datanode:5eb9b934-91d7-4d34-88e4-5e2b9d3bfec0
2022-12-23 07:22:14,450 [RatisPipelineUtilsThread - 0] INFO  pipeline.PipelineStateManagerImpl (PipelineStateManagerImpl.java:addPipeline(103)) - Created pipeline Pipeline[ Id: 9be19b02-53ac-420f-9e78-519d72f5b0b7, Nodes: 5eb9b934-91d7-4d34-88e4-5e2b9d3bfec0{ip: 10.1.0.40, host: fv-az505-480.g2e1luzo1moefklhgra4trf2va.dx.internal.cloudapp.net, ports: [REPLICATION=43865, RATIS=33985, RATIS_ADMIN=33985, RATIS_SERVER=33985, RATIS_DATASTREAM=42585, STANDALONE=35557], networkLocation: /default-rack, certSerialId: null, persistedOpState: IN_SERVICE, persistedOpStateExpiryEpochSec: 0}, ReplicationConfig: RATIS/ONE, State:ALLOCATED, leaderId:, CreationTimestamp2022-12-23T07:22:14.449Z[Etc/UTC]].
2022-12-23 07:22:14,449 [EventQueue-NodeRegistrationContainerReportForDataNodeSafeModeRule] INFO  ha.SCMContext (SCMContext.java:updateSafeModeStatus(228)) - Update SafeModeStatus from SafeModeStatus{safeModeStatus=true, preCheckPassed=false} to SafeModeStatus{safeModeStatus=true, preCheckPassed=true}.
2022-12-23 07:22:14,451 [RatisPipelineUtilsThread - 0] INFO  pipeline.RatisPipelineProvider (RatisPipelineProvider.java:lambda$create$0(206)) - Sending CreatePipelineCommand for pipeline:PipelineID=02d7c562-fc22-4d09-9caa-80301ce9dbb8 to datanode:5eb9b934-91d7-4d34-88e4-5e2b9d3bfec0
2022-12-23 07:22:14,452 [RatisPipelineUtilsThread - 0] INFO  pipeline.RatisPipelineProvider (RatisPipelineProvider.java:lambda$create$0(206)) - Sending CreatePipelineCommand for pipeline:PipelineID=02d7c562-fc22-4d09-9caa-80301ce9dbb8 to datanode:f8b4df33-cf88-4903-9aaa-0dcc4cf7d5e3
2022-12-23 07:22:14,452 [RatisPipelineUtilsThread - 0] INFO  pipeline.RatisPipelineProvider (RatisPipelineProvider.java:lambda$create$0(206)) - Sending CreatePipelineCommand for pipeline:PipelineID=02d7c562-fc22-4d09-9caa-80301ce9dbb8 to datanode:60edd344-8c94-447c-8e16-5fc09b19e128
2022-12-23 07:22:14,453 [RatisPipelineUtilsThread - 0] INFO  pipeline.PipelineStateManagerImpl (PipelineStateManagerImpl.java:addPipeline(103)) - Created pipeline Pipeline[ Id: 02d7c562-fc22-4d09-9caa-80301ce9dbb8, Nodes: 5eb9b934-91d7-4d34-88e4-5e2b9d3bfec0{ip: 10.1.0.40, host: fv-az505-480.g2e1luzo1moefklhgra4trf2va.dx.internal.cloudapp.net, ports: [REPLICATION=43865, RATIS=33985, RATIS_ADMIN=33985, RATIS_SERVER=33985, RATIS_DATASTREAM=42585, STANDALONE=35557], networkLocation: /default-rack, certSerialId: null, persistedOpState: IN_SERVICE, persistedOpStateExpiryEpochSec: 0}f8b4df33-cf88-4903-9aaa-0dcc4cf7d5e3{ip: 10.1.0.40, host: fv-az505-480.g2e1luzo1moefklhgra4trf2va.dx.internal.cloudapp.net, ports: [REPLICATION=36675, RATIS=38279, RATIS_ADMIN=38279, RATIS_SERVER=38279, RATIS_DATASTREAM=45959, STANDALONE=39211], networkLocation: /default-rack, certSerialId: null, persistedOpState: IN_SERVICE, persistedOpStateExpiryEpochSec: 0}60edd344-8c94-447c-8e16-5fc09b19e128{ip: 10.1.0.40, host: fv-az505-480.g2e1luzo1moefklhgra4trf2va.dx.internal.cloudapp.net, ports: [REPLICATION=33581, RATIS=39167, RATIS_ADMIN=39167, RATIS_SERVER=39167, RATIS_DATASTREAM=36111, STANDALONE=42437], networkLocation: /default-rack, certSerialId: null, persistedOpState: IN_SERVICE, persistedOpStateExpiryEpochSec: 0}, ReplicationConfig: RATIS/THREE, State:ALLOCATED, leaderId:, CreationTimestamp2022-12-23T07:22:14.451Z[Etc/UTC]].
2022-12-23 07:22:14,454 [RatisPipelineUtilsThread - 0] INFO  pipeline.RatisPipelineProvider (RatisPipelineProvider.java:lambda$create$0(206)) - Sending CreatePipelineCommand for pipeline:PipelineID=ff429bfa-5720-405d-b1da-1ecfd0fa5faa to datanode:f8b4df33-cf88-4903-9aaa-0dcc4cf7d5e3
2022-12-23 07:22:14,454 [RatisPipelineUtilsThread - 0] INFO  pipeline.RatisPipelineProvider (RatisPipelineProvider.java:lambda$create$0(206)) - Sending CreatePipelineCommand for pipeline:PipelineID=ff429bfa-5720-405d-b1da-1ecfd0fa5faa to datanode:60edd344-8c94-447c-8e16-5fc09b19e128
2022-12-23 07:22:14,454 [RatisPipelineUtilsThread - 0] INFO  pipeline.RatisPipelineProvider (RatisPipelineProvider.java:lambda$create$0(206)) - Sending CreatePipelineCommand for pipeline:PipelineID=ff429bfa-5720-405d-b1da-1ecfd0fa5faa to datanode:5eb9b934-91d7-4d34-88e4-5e2b9d3bfec0
2022-12-23 07:22:14,455 [RatisPipelineUtilsThread - 0] INFO  pipeline.PipelineStateManagerImpl (PipelineStateManagerImpl.java:addPipeline(103)) - Created pipeline Pipeline[ Id: ff429bfa-5720-405d-b1da-1ecfd0fa5faa, Nodes: f8b4df33-cf88-4903-9aaa-0dcc4cf7d5e3{ip: 10.1.0.40, host: fv-az505-480.g2e1luzo1moefklhgra4trf2va.dx.internal.cloudapp.net, ports: [REPLICATION=36675, RATIS=38279, RATIS_ADMIN=38279, RATIS_SERVER=38279, RATIS_DATASTREAM=45959, STANDALONE=39211], networkLocation: /default-rack, certSerialId: null, persistedOpState: IN_SERVICE, persistedOpStateExpiryEpochSec: 0}60edd344-8c94-447c-8e16-5fc09b19e128{ip: 10.1.0.40, host: fv-az505-480.g2e1luzo1moefklhgra4trf2va.dx.internal.cloudapp.net, ports: [REPLICATION=33581, RATIS=39167, RATIS_ADMIN=39167, RATIS_SERVER=39167, RATIS_DATASTREAM=36111, STANDALONE=42437], networkLocation: /default-rack, certSerialId: null, persistedOpState: IN_SERVICE, persistedOpStateExpiryEpochSec: 0}5eb9b934-91d7-4d34-88e4-5e2b9d3bfec0{ip: 10.1.0.40, host: fv-az505-480.g2e1luzo1moefklhgra4trf2va.dx.internal.cloudapp.net, ports: [REPLICATION=43865, RATIS=33985, RATIS_ADMIN=33985, RATIS_SERVER=33985, RATIS_DATASTREAM=42585, STANDALONE=35557], networkLocation: /default-rack, certSerialId: null, persistedOpState: IN_SERVICE, persistedOpStateExpiryEpochSec: 0}, ReplicationConfig: RATIS/THREE, State:ALLOCATED, leaderId:, CreationTimestamp2022-12-23T07:22:14.454Z[Etc/UTC]].
2022-12-23 07:22:14,456 [RatisPipelineUtilsThread - 0] INFO  pipeline.PipelineManagerImpl (PipelineManagerImpl.java:recordMetricsForPipeline(826)) - Pipeline: PipelineID=ff429bfa-5720-405d-b1da-1ecfd0fa5faa contains same datanodes as previous pipelines: PipelineID=02d7c562-fc22-4d09-9caa-80301ce9dbb8 nodeIds: f8b4df33-cf88-4903-9aaa-0dcc4cf7d5e3, 60edd344-8c94-447c-8e16-5fc09b19e128, 5eb9b934-91d7-4d34-88e4-5e2b9d3bfec0
2022-12-23 07:22:14,456 [RatisPipelineUtilsThread - 0] WARN  pipeline.PipelinePlacementPolicy (PipelinePlacementPolicy.java:filterViableNodes(158)) - Pipeline creation failed due to no sufficient healthy datanodes. Required 3. Found 0.
2022-12-23 07:22:14,461 [EventQueue-NodeRegistrationContainerReportForDataNodeSafeModeRule] INFO  pipeline.BackgroundPipelineCreator (BackgroundPipelineCreator.java:notifyEventTriggered(276)) - trigger a one-shot run on RatisPipelineUtilsThread.
2022-12-23 07:22:14,462 [RatisPipelineUtilsThread - 0] WARN  pipeline.PipelinePlacementPolicy (PipelinePlacementPolicy.java:filterViableNodes(158)) - Pipeline creation failed due to no sufficient healthy datanodes. Required 3. Found 0.
2022-12-23 07:22:15,441 [Listener at 127.0.0.1/45417] INFO  ozone.MiniOzoneClusterImpl (MiniOzoneClusterImpl.java:lambda$waitForClusterToBeReady$0(217)) - Nodes are ready. Got 3 of 3 DN Heartbeats.
2022-12-23 07:22:15,441 [Listener at 127.0.0.1/45417] INFO  ozone.MiniOzoneClusterImpl (MiniOzoneClusterImpl.java:lambda$waitForClusterToBeReady$0(220)) - Waiting for cluster to exit safe mode
2022-12-23 07:22:15,441 [Listener at 127.0.0.1/45417] INFO  ozone.MiniOzoneClusterImpl (MiniOzoneClusterImpl.java:lambda$waitForClusterToBeReady$0(222)) - SCM became leader
2022-12-23 07:22:15,685 [EventQueue-CommandQueueReportForCommandQueueReportHandler] WARN  events.EventQueue (EventQueue.java:fireEvent(216)) - No event handler registered for event TypedEvent{payloadType=DatanodeDetails, name='Datanode_Command_Queue_Updated'}
2022-12-23 07:22:16,067 [EventQueue-CommandQueueReportForCommandQueueReportHandler] WARN  events.EventQueue (EventQueue.java:fireEvent(216)) - No event handler registered for event TypedEvent{payloadType=DatanodeDetails, name='Datanode_Command_Queue_Updated'}
2022-12-23 07:22:16,442 [Listener at 127.0.0.1/45417] INFO  ozone.MiniOzoneClusterImpl (MiniOzoneClusterImpl.java:lambda$waitForClusterToBeReady$0(217)) - Nodes are ready. Got 3 of 3 DN Heartbeats.
2022-12-23 07:22:16,442 [Listener at 127.0.0.1/45417] INFO  ozone.MiniOzoneClusterImpl (MiniOzoneClusterImpl.java:lambda$waitForClusterToBeReady$0(220)) - Waiting for cluster to exit safe mode
2022-12-23 07:22:16,443 [Listener at 127.0.0.1/45417] INFO  ozone.MiniOzoneClusterImpl (MiniOzoneClusterImpl.java:lambda$waitForClusterToBeReady$0(222)) - SCM became leader
2022-12-23 07:22:16,447 [EventQueue-CommandQueueReportForCommandQueueReportHandler] WARN  events.EventQueue (EventQueue.java:fireEvent(216)) - No event handler registered for event TypedEvent{payloadType=DatanodeDetails, name='Datanode_Command_Queue_Updated'}
2022-12-23 07:22:16,684 [Command processor thread] INFO  server.RaftServer (RaftServerProxy.java:addNew(96)) - 60edd344-8c94-447c-8e16-5fc09b19e128: addNew group-9F1756C8C3BA:[60edd344-8c94-447c-8e16-5fc09b19e128|rpc:10.1.0.40:39167|dataStream:10.1.0.40:36111|priority:1|startupRole:FOLLOWER] returns group-9F1756C8C3BA:java.util.concurrent.CompletableFuture@40891670[Not completed]
2022-12-23 07:22:16,685 [EventQueue-CommandQueueReportForCommandQueueReportHandler] WARN  events.EventQueue (EventQueue.java:fireEvent(216)) - No event handler registered for event TypedEvent{payloadType=DatanodeDetails, name='Datanode_Command_Queue_Updated'}
2022-12-23 07:22:16,687 [pool-216-thread-1] INFO  server.RaftServer$Division (RaftServerImpl.java:<init>(195)) - 60edd344-8c94-447c-8e16-5fc09b19e128: new RaftServerImpl for group-9F1756C8C3BA:[60edd344-8c94-447c-8e16-5fc09b19e128|rpc:10.1.0.40:39167|dataStream:10.1.0.40:36111|priority:1|startupRole:FOLLOWER] with ContainerStateMachine:uninitialized
2022-12-23 07:22:16,687 [pool-216-thread-1] INFO  server.RaftServerConfigKeys (ConfUtils.java:logGet(46)) - raft.server.rpc.timeout.min = 5s (custom)
2022-12-23 07:22:16,687 [pool-216-thread-1] INFO  server.RaftServerConfigKeys (ConfUtils.java:logGet(46)) - raft.server.rpc.timeout.max = 5200ms (custom)
2022-12-23 07:22:16,687 [pool-216-thread-1] INFO  server.RaftServerConfigKeys (ConfUtils.java:logGet(46)) - raft.server.rpc.sleep.time = 25ms (default)
2022-12-23 07:22:16,687 [pool-216-thread-1] INFO  server.RaftServerConfigKeys (ConfUtils.java:logGet(46)) - raft.server.rpc.slowness.timeout = 300s (custom)
2022-12-23 07:22:16,687 [pool-216-thread-1] INFO  server.RaftServerConfigKeys (ConfUtils.java:logGet(46)) - raft.server.leaderelection.leader.step-down.wait-time = 10s (default)
2022-12-23 07:22:16,687 [pool-216-thread-1] INFO  server.RaftServerConfigKeys (ConfUtils.java:logGet(46)) - raft.server.sleep.deviation.threshold = 300ms (default)
2022-12-23 07:22:16,687 [pool-216-thread-1] INFO  server.RaftServer$Division (ServerState.java:<init>(118)) - 60edd344-8c94-447c-8e16-5fc09b19e128@group-9F1756C8C3BA: ConfigurationManager, init=-1: peers:[60edd344-8c94-447c-8e16-5fc09b19e128|rpc:10.1.0.40:39167|dataStream:10.1.0.40:36111|priority:1|startupRole:FOLLOWER]|listeners:[], old=null, confs=<EMPTY_MAP>
2022-12-23 07:22:16,688 [pool-216-thread-1] INFO  server.RaftServerConfigKeys (ConfUtils.java:logGet(46)) - raft.server.storage.dir = [/home/runner/work/ozone/ozone/hadoop-ozone/integration-test/target/test-dir/MiniOzoneClusterImpl-92bcab56-ea6f-414a-bd9b-6ecfa13157ac/datanode-0/data/ratis] (custom)
2022-12-23 07:22:16,688 [pool-216-thread-1] INFO  server.RaftServerConfigKeys (ConfUtils.java:logGet(46)) - raft.server.log.corruption.policy = EXCEPTION (default)
2022-12-23 07:22:16,688 [pool-216-thread-1] INFO  server.RaftServerConfigKeys (ConfUtils.java:logGet(46)) - raft.server.storage.free-space.min = 0MB (=0) (default)
2022-12-23 07:22:16,688 [pool-216-thread-1] INFO  server.RaftServerConfigKeys (ConfUtils.java:logGet(46)) - raft.server.notification.no-leader.timeout = 300s (custom)
2022-12-23 07:22:16,688 [pool-216-thread-1] INFO  server.RaftServerConfigKeys (ConfUtils.java:logGet(46)) - raft.server.retrycache.expirytime = 600000ms (custom)
2022-12-23 07:22:16,688 [pool-216-thread-1] INFO  server.RaftServerConfigKeys (ConfUtils.java:logGet(46)) - raft.server.retrycache.statistics.expirytime = 100μs (default)
2022-12-23 07:22:16,690 [pool-216-thread-1] INFO  server.RaftServerConfigKeys (ConfUtils.java:logGet(46)) - raft.server.log.appender.install.snapshot.enabled = false (custom)
2022-12-23 07:22:16,690 [pool-216-thread-1] INFO  server.RaftServerConfigKeys (ConfUtils.java:logGet(46)) - raft.server.threadpool.server.cached = true (default)
2022-12-23 07:22:16,690 [pool-216-thread-1] INFO  server.RaftServerConfigKeys (ConfUtils.java:logGet(46)) - raft.server.threadpool.server.size = 0 (default)
2022-12-23 07:22:16,690 [pool-216-thread-1] INFO  server.RaftServerConfigKeys (ConfUtils.java:logGet(46)) - raft.server.threadpool.client.cached = true (default)
2022-12-23 07:22:16,690 [pool-216-thread-1] INFO  server.RaftServerConfigKeys (ConfUtils.java:logGet(46)) - raft.server.threadpool.client.size = 0 (default)
2022-12-23 07:22:16,690 [pool-216-thread-1] INFO  storage.RaftStorageDirectory (RaftStorageDirectoryImpl.java:analyzeStorage(137)) - The storage directory /home/runner/work/ozone/ozone/hadoop-ozone/integration-test/target/test-dir/MiniOzoneClusterImpl-92bcab56-ea6f-414a-bd9b-6ecfa13157ac/datanode-0/data/ratis/4fab16b0-76d4-4f9b-8f02-9f1756c8c3ba does not exist. Creating ...
2022-12-23 07:22:16,692 [pool-216-thread-1] INFO  storage.RaftStorageDirectory (RaftStorageDirectoryImpl.java:tryLock(231)) - Lock on /home/runner/work/ozone/ozone/hadoop-ozone/integration-test/target/test-dir/MiniOzoneClusterImpl-92bcab56-ea6f-414a-bd9b-6ecfa13157ac/datanode-0/data/ratis/4fab16b0-76d4-4f9b-8f02-9f1756c8c3ba/in_use.lock acquired by nodename 81300@fv-az505-480
2022-12-23 07:22:16,693 [pool-216-thread-1] INFO  storage.RaftStorage (RaftStorageImpl.java:format(96)) - Storage directory /home/runner/work/ozone/ozone/hadoop-ozone/integration-test/target/test-dir/MiniOzoneClusterImpl-92bcab56-ea6f-414a-bd9b-6ecfa13157ac/datanode-0/data/ratis/4fab16b0-76d4-4f9b-8f02-9f1756c8c3ba has been successfully formatted.
2022-12-23 07:22:16,694 [pool-216-thread-1] INFO  ratis.ContainerStateMachine (ContainerStateMachine.java:loadSnapshot(240)) - group-9F1756C8C3BA: The snapshot info is null. Setting the last applied indexto:(t:0, i:~)
2022-12-23 07:22:16,695 [pool-216-thread-1] INFO  server.RaftServerConfigKeys (ConfUtils.java:logGet(46)) - raft.server.log.use.memory = false (default)
2022-12-23 07:22:16,695 [pool-216-thread-1] INFO  server.RaftServerConfigKeys (ConfUtils.java:logGet(46)) - raft.server.log.purge.gap = 1000000 (custom)
2022-12-23 07:22:16,695 [pool-216-thread-1] INFO  server.RaftServerConfigKeys (ConfUtils.java:logGet(46)) - raft.server.log.appender.buffer.byte-limit = 33554432 (custom)
2022-12-23 07:22:16,695 [pool-216-thread-1] INFO  server.RaftServerConfigKeys (ConfUtils.java:logGet(46)) - raft.server.log.statemachine.data.read.timeout = 1000ms (default)
2022-12-23 07:22:16,695 [pool-216-thread-1] INFO  server.RaftServerConfigKeys (ConfUtils.java:logGet(46)) - raft.server.log.purge.preservation.log.num = 0 (default)
2022-12-23 07:22:16,696 [EventQueue-CommandQueueReportForCommandQueueReportHandler] WARN  events.EventQueue (EventQueue.java:fireEvent(216)) - No event handler registered for event TypedEvent{payloadType=DatanodeDetails, name='Datanode_Command_Queue_Updated'}
2022-12-23 07:22:16,696 [EventQueue-PipelineReportForPipelineReportHandler] INFO  pipeline.PipelineManagerImpl (PipelineManagerImpl.java:openPipeline(367)) - Pipeline Pipeline[ Id: 4fab16b0-76d4-4f9b-8f02-9f1756c8c3ba, Nodes: 60edd344-8c94-447c-8e16-5fc09b19e128{ip: 10.1.0.40, host: fv-az505-480.g2e1luzo1moefklhgra4trf2va.dx.internal.cloudapp.net, ports: [REPLICATION=33581, RATIS=39167, RATIS_ADMIN=39167, RATIS_SERVER=39167, RATIS_DATASTREAM=36111, STANDALONE=42437], networkLocation: /default-rack, certSerialId: null, persistedOpState: IN_SERVICE, persistedOpStateExpiryEpochSec: 0}, ReplicationConfig: RATIS/ONE, State:ALLOCATED, leaderId:60edd344-8c94-447c-8e16-5fc09b19e128, CreationTimestamp2022-12-23T07:22:13.689Z[Etc/UTC]] moved to OPEN state
2022-12-23 07:22:16,698 [pool-216-thread-1] INFO  server.RaftServerConfigKeys (ConfUtils.java:logGet(46)) - raft.server.log.segment.size.max = 1048576 (custom)
2022-12-23 07:22:16,700 [pool-216-thread-1] INFO  server.RaftServerConfigKeys (ConfUtils.java:logGet(46)) - raft.server.log.segment.cache.num.max = 2 (custom)
2022-12-23 07:22:16,700 [pool-216-thread-1] INFO  server.RaftServerConfigKeys (ConfUtils.java:logGet(46)) - raft.server.log.segment.cache.size.max = 200MB (=209715200) (default)
2022-12-23 07:22:16,700 [pool-216-thread-1] INFO  segmented.SegmentedRaftLogWorker (SegmentedRaftLogWorker.java:<init>(189)) - new 60edd344-8c94-447c-8e16-5fc09b19e128@group-9F1756C8C3BA-SegmentedRaftLogWorker for RaftStorageImpl:Storage Directory /home/runner/work/ozone/ozone/hadoop-ozone/integration-test/target/test-dir/MiniOzoneClusterImpl-92bcab56-ea6f-414a-bd9b-6ecfa13157ac/datanode-0/data/ratis/4fab16b0-76d4-4f9b-8f02-9f1756c8c3ba
2022-12-23 07:22:16,700 [pool-216-thread-1] INFO  server.RaftServerConfigKeys (ConfUtils.java:logGet(46)) - raft.server.log.queue.byte-limit = 4294967296 (custom)
2022-12-23 07:22:16,700 [pool-216-thread-1] INFO  server.RaftServerConfigKeys (ConfUtils.java:logGet(46)) - raft.server.log.queue.element-limit = 1024 (custom)
2022-12-23 07:22:16,701 [pool-216-thread-1] INFO  server.RaftServerConfigKeys (ConfUtils.java:logGet(46)) - raft.server.log.segment.size.max = 1048576 (custom)
2022-12-23 07:22:16,701 [pool-216-thread-1] INFO  server.RaftServerConfigKeys (ConfUtils.java:logGet(46)) - raft.server.log.preallocated.size = 16384 (custom)
2022-12-23 07:22:16,701 [EventQueue-OpenPipelineForHealthyPipelineSafeModeRule] INFO  safemode.SCMSafeModeManager (HealthyPipelineSafeModeRule.java:process(137)) - SCM in safe mode. Healthy pipelines reported count is 0, required healthy pipeline reported count is 1
2022-12-23 07:22:16,705 [pool-216-thread-1] INFO  server.RaftServerConfigKeys (ConfUtils.java:logGet(46)) - raft.server.log.force.sync.num = 128 (default)
2022-12-23 07:22:16,705 [pool-216-thread-1] INFO  server.RaftServerConfigKeys (ConfUtils.java:logGet(46)) - raft.server.log.statemachine.data.sync = true (default)
2022-12-23 07:22:16,705 [pool-216-thread-1] INFO  server.RaftServerConfigKeys (ConfUtils.java:logGet(46)) - raft.server.log.statemachine.data.sync.timeout = 10s (default)
2022-12-23 07:22:16,705 [pool-216-thread-1] INFO  server.RaftServerConfigKeys (ConfUtils.java:logGet(46)) - raft.server.log.statemachine.data.sync.timeout.retry = -1 (default)
2022-12-23 07:22:16,706 [pool-216-thread-1] INFO  server.RaftServerConfigKeys (ConfUtils.java:logGet(46)) - raft.server.log.write.buffer.size = 1048576 (custom)
2022-12-23 07:22:16,706 [pool-216-thread-1] INFO  server.RaftServerConfigKeys (ConfUtils.java:logGet(46)) - raft.server.log.appender.buffer.byte-limit = 33554432 (custom)
2022-12-23 07:22:16,712 [pool-216-thread-1] INFO  server.RaftServerConfigKeys (ConfUtils.java:logGet(46)) - raft.server.log.unsafe-flush.enabled = false (default)
2022-12-23 07:22:16,712 [pool-216-thread-1] INFO  server.RaftServerConfigKeys (ConfUtils.java:logGet(46)) - raft.server.log.async-flush.enabled = false (default)
2022-12-23 07:22:16,712 [pool-216-thread-1] INFO  server.RaftServerConfigKeys (ConfUtils.java:logGet(46)) - raft.server.log.statemachine.data.caching.enabled = true (custom)
2022-12-23 07:22:16,713 [pool-216-thread-1] INFO  segmented.SegmentedRaftLogWorker (SegmentedRaftLogWorker.java:lambda$new$0(135)) - 60edd344-8c94-447c-8e16-5fc09b19e128@group-9F1756C8C3BA-SegmentedRaftLogWorker: flushIndex: setUnconditionally 0 -> -1
2022-12-23 07:22:16,713 [pool-216-thread-1] INFO  segmented.SegmentedRaftLogWorker (SegmentedRaftLogWorker.java:lambda$new$0(135)) - 60edd344-8c94-447c-8e16-5fc09b19e128@group-9F1756C8C3BA-SegmentedRaftLogWorker: safeCacheEvictIndex: setUnconditionally 0 -> -1
2022-12-23 07:22:16,713 [pool-216-thread-1] INFO  server.RaftServer$Division (RaftServerImpl.java:start(334)) - 60edd344-8c94-447c-8e16-5fc09b19e128@group-9F1756C8C3BA: start as a follower, conf=-1: peers:[60edd344-8c94-447c-8e16-5fc09b19e128|rpc:10.1.0.40:39167|dataStream:10.1.0.40:36111|priority:1|startupRole:FOLLOWER]|listeners:[], old=null
2022-12-23 07:22:16,713 [pool-216-thread-1] INFO  server.RaftServer$Division (RaftServerImpl.java:setRole(321)) - 60edd344-8c94-447c-8e16-5fc09b19e128@group-9F1756C8C3BA: changes role from      null to FOLLOWER at term 0 for startAsFollower
2022-12-23 07:22:16,713 [pool-216-thread-1] INFO  impl.RoleInfo (RoleInfo.java:updateAndGet(139)) - 60edd344-8c94-447c-8e16-5fc09b19e128: start 60edd344-8c94-447c-8e16-5fc09b19e128@group-9F1756C8C3BA-FollowerState
2022-12-23 07:22:16,713 [pool-216-thread-1] INFO  util.JmxRegister (JmxRegister.java:tryRegister(44)) - Successfully registered JMX Bean with object name Ratis:service=RaftServer,group=group-9F1756C8C3BA,id=60edd344-8c94-447c-8e16-5fc09b19e128
2022-12-23 07:22:16,713 [60edd344-8c94-447c-8e16-5fc09b19e128@group-9F1756C8C3BA-FollowerState] INFO  server.RaftServerConfigKeys (ConfUtils.java:logFallback(53)) - raft.server.rpc.first-election.timeout.min = 5s (fallback to raft.server.rpc.timeout.min)
2022-12-23 07:22:16,713 [pool-216-thread-1] INFO  server.RaftServerConfigKeys (ConfUtils.java:logGet(46)) - raft.server.snapshot.auto.trigger.enabled = true (custom)
2022-12-23 07:22:16,713 [60edd344-8c94-447c-8e16-5fc09b19e128@group-9F1756C8C3BA-FollowerState] INFO  server.RaftServerConfigKeys (ConfUtils.java:logFallback(53)) - raft.server.rpc.first-election.timeout.max = 5200ms (fallback to raft.server.rpc.timeout.max)
2022-12-23 07:22:16,714 [pool-216-thread-1] INFO  server.RaftServerConfigKeys (ConfUtils.java:logGet(46)) - raft.server.snapshot.auto.trigger.threshold = 10000 (custom)
2022-12-23 07:22:16,714 [pool-216-thread-1] INFO  server.RaftServerConfigKeys (ConfUtils.java:logGet(46)) - raft.server.snapshot.retention.file.num = 5 (custom)
2022-12-23 07:22:16,714 [pool-216-thread-1] INFO  server.RaftServerConfigKeys (ConfUtils.java:logGet(46)) - raft.server.log.purge.upto.snapshot.index = false (default)
2022-12-23 07:22:16,717 [Command processor thread] INFO  ratis.XceiverServerRatis (XceiverServerRatis.java:addGroup(806)) - Created group PipelineID=4fab16b0-76d4-4f9b-8f02-9f1756c8c3ba
2022-12-23 07:22:16,717 [Command processor thread] INFO  commandhandler.CreatePipelineCommandHandler (CreatePipelineCommandHandler.java:handle(113)) - Created Pipeline RATIS ONE PipelineID=4fab16b0-76d4-4f9b-8f02-9f1756c8c3ba.
2022-12-23 07:22:16,717 [Command processor thread] INFO  server.RaftServer (RaftServerProxy.java:addNew(96)) - 60edd344-8c94-447c-8e16-5fc09b19e128: addNew group-80301CE9DBB8:[f8b4df33-cf88-4903-9aaa-0dcc4cf7d5e3|rpc:10.1.0.40:38279|dataStream:10.1.0.40:45959|priority:0|startupRole:FOLLOWER, 5eb9b934-91d7-4d34-88e4-5e2b9d3bfec0|rpc:10.1.0.40:33985|dataStream:10.1.0.40:42585|priority:0|startupRole:FOLLOWER, 60edd344-8c94-447c-8e16-5fc09b19e128|rpc:10.1.0.40:39167|dataStream:10.1.0.40:36111|priority:1|startupRole:FOLLOWER] returns group-80301CE9DBB8:java.util.concurrent.CompletableFuture@44b69ab9[Not completed]
2022-12-23 07:22:16,719 [pool-216-thread-1] INFO  server.RaftServer$Division (RaftServerImpl.java:<init>(195)) - 60edd344-8c94-447c-8e16-5fc09b19e128: new RaftServerImpl for group-80301CE9DBB8:[f8b4df33-cf88-4903-9aaa-0dcc4cf7d5e3|rpc:10.1.0.40:38279|dataStream:10.1.0.40:45959|priority:0|startupRole:FOLLOWER, 5eb9b934-91d7-4d34-88e4-5e2b9d3bfec0|rpc:10.1.0.40:33985|dataStream:10.1.0.40:42585|priority:0|startupRole:FOLLOWER, 60edd344-8c94-447c-8e16-5fc09b19e128|rpc:10.1.0.40:39167|dataStream:10.1.0.40:36111|priority:1|startupRole:FOLLOWER] with ContainerStateMachine:uninitialized
2022-12-23 07:22:16,719 [pool-216-thread-1] INFO  server.RaftServerConfigKeys (ConfUtils.java:logGet(46)) - raft.server.rpc.timeout.min = 5s (custom)
2022-12-23 07:22:16,719 [pool-216-thread-1] INFO  server.RaftServerConfigKeys (ConfUtils.java:logGet(46)) - raft.server.rpc.timeout.max = 5200ms (custom)
2022-12-23 07:22:16,719 [pool-216-thread-1] INFO  server.RaftServerConfigKeys (ConfUtils.java:logGet(46)) - raft.server.rpc.sleep.time = 25ms (default)
2022-12-23 07:22:16,719 [pool-216-thread-1] INFO  server.RaftServerConfigKeys (ConfUtils.java:logGet(46)) - raft.server.rpc.slowness.timeout = 300s (custom)
2022-12-23 07:22:16,719 [pool-216-thread-1] INFO  server.RaftServerConfigKeys (ConfUtils.java:logGet(46)) - raft.server.leaderelection.leader.step-down.wait-time = 10s (default)
2022-12-23 07:22:16,719 [pool-216-thread-1] INFO  server.RaftServerConfigKeys (ConfUtils.java:logGet(46)) - raft.server.sleep.deviation.threshold = 300ms (default)
2022-12-23 07:22:16,719 [pool-216-thread-1] INFO  server.RaftServer$Division (ServerState.java:<init>(118)) - 60edd344-8c94-447c-8e16-5fc09b19e128@group-80301CE9DBB8: ConfigurationManager, init=-1: peers:[f8b4df33-cf88-4903-9aaa-0dcc4cf7d5e3|rpc:10.1.0.40:38279|dataStream:10.1.0.40:45959|priority:0|startupRole:FOLLOWER, 5eb9b934-91d7-4d34-88e4-5e2b9d3bfec0|rpc:10.1.0.40:33985|dataStream:10.1.0.40:42585|priority:0|startupRole:FOLLOWER, 60edd344-8c94-447c-8e16-5fc09b19e128|rpc:10.1.0.40:39167|dataStream:10.1.0.40:36111|priority:1|startupRole:FOLLOWER]|listeners:[], old=null, confs=<EMPTY_MAP>
2022-12-23 07:22:16,720 [pool-216-thread-1] INFO  server.RaftServerConfigKeys (ConfUtils.java:logGet(46)) - raft.server.storage.dir = [/home/runner/work/ozone/ozone/hadoop-ozone/integration-test/target/test-dir/MiniOzoneClusterImpl-92bcab56-ea6f-414a-bd9b-6ecfa13157ac/datanode-0/data/ratis] (custom)
2022-12-23 07:22:16,720 [pool-216-thread-1] INFO  server.RaftServerConfigKeys (ConfUtils.java:logGet(46)) - raft.server.log.corruption.policy = EXCEPTION (default)
2022-12-23 07:22:16,720 [pool-216-thread-1] INFO  server.RaftServerConfigKeys (ConfUtils.java:logGet(46)) - raft.server.storage.free-space.min = 0MB (=0) (default)
2022-12-23 07:22:16,720 [pool-216-thread-1] INFO  server.RaftServerConfigKeys (ConfUtils.java:logGet(46)) - raft.server.notification.no-leader.timeout = 300s (custom)
2022-12-23 07:22:16,720 [pool-216-thread-1] INFO  server.RaftServerConfigKeys (ConfUtils.java:logGet(46)) - raft.server.retrycache.expirytime = 600000ms (custom)
2022-12-23 07:22:16,720 [pool-216-thread-1] INFO  server.RaftServerConfigKeys (ConfUtils.java:logGet(46)) - raft.server.retrycache.statistics.expirytime = 100μs (default)
2022-12-23 07:22:16,721 [pool-216-thread-1] INFO  server.RaftServerConfigKeys (ConfUtils.java:logGet(46)) - raft.server.log.appender.install.snapshot.enabled = false (custom)
2022-12-23 07:22:16,721 [pool-216-thread-1] INFO  server.RaftServerConfigKeys (ConfUtils.java:logGet(46)) - raft.server.threadpool.server.cached = true (default)
2022-12-23 07:22:16,721 [pool-216-thread-1] INFO  server.RaftServerConfigKeys (ConfUtils.java:logGet(46)) - raft.server.threadpool.server.size = 0 (default)
2022-12-23 07:22:16,721 [pool-216-thread-1] INFO  server.RaftServerConfigKeys (ConfUtils.java:logGet(46)) - raft.server.threadpool.client.cached = true (default)
2022-12-23 07:22:16,721 [pool-216-thread-1] INFO  server.RaftServerConfigKeys (ConfUtils.java:logGet(46)) - raft.server.threadpool.client.size = 0 (default)
2022-12-23 07:22:16,721 [pool-216-thread-1] INFO  storage.RaftStorageDirectory (RaftStorageDirectoryImpl.java:analyzeStorage(137)) - The storage directory /home/runner/work/ozone/ozone/hadoop-ozone/integration-test/target/test-dir/MiniOzoneClusterImpl-92bcab56-ea6f-414a-bd9b-6ecfa13157ac/datanode-0/data/ratis/02d7c562-fc22-4d09-9caa-80301ce9dbb8 does not exist. Creating ...
2022-12-23 07:22:16,723 [pool-216-thread-1] INFO  storage.RaftStorageDirectory (RaftStorageDirectoryImpl.java:tryLock(231)) - Lock on /home/runner/work/ozone/ozone/hadoop-ozone/integration-test/target/test-dir/MiniOzoneClusterImpl-92bcab56-ea6f-414a-bd9b-6ecfa13157ac/datanode-0/data/ratis/02d7c562-fc22-4d09-9caa-80301ce9dbb8/in_use.lock acquired by nodename 81300@fv-az505-480
2022-12-23 07:22:16,724 [pool-216-thread-1] INFO  storage.RaftStorage (RaftStorageImpl.java:format(96)) - Storage directory /home/runner/work/ozone/ozone/hadoop-ozone/integration-test/target/test-dir/MiniOzoneClusterImpl-92bcab56-ea6f-414a-bd9b-6ecfa13157ac/datanode-0/data/ratis/02d7c562-fc22-4d09-9caa-80301ce9dbb8 has been successfully formatted.
2022-12-23 07:22:16,725 [pool-216-thread-1] INFO  ratis.ContainerStateMachine (ContainerStateMachine.java:loadSnapshot(240)) - group-80301CE9DBB8: The snapshot info is null. Setting the last applied indexto:(t:0, i:~)
2022-12-23 07:22:16,725 [pool-216-thread-1] INFO  server.RaftServerConfigKeys (ConfUtils.java:logGet(46)) - raft.server.log.use.memory = false (default)
2022-12-23 07:22:16,725 [pool-216-thread-1] INFO  server.RaftServerConfigKeys (ConfUtils.java:logGet(46)) - raft.server.log.purge.gap = 1000000 (custom)
2022-12-23 07:22:16,725 [pool-216-thread-1] INFO  server.RaftServerConfigKeys (ConfUtils.java:logGet(46)) - raft.server.log.appender.buffer.byte-limit = 33554432 (custom)
2022-12-23 07:22:16,725 [pool-216-thread-1] INFO  server.RaftServerConfigKeys (ConfUtils.java:logGet(46)) - raft.server.log.statemachine.data.read.timeout = 1000ms (default)
2022-12-23 07:22:16,725 [pool-216-thread-1] INFO  server.RaftServerConfigKeys (ConfUtils.java:logGet(46)) - raft.server.log.purge.preservation.log.num = 0 (default)
2022-12-23 07:22:16,725 [pool-216-thread-1] INFO  server.RaftServerConfigKeys (ConfUtils.java:logGet(46)) - raft.server.log.segment.size.max = 1048576 (custom)
2022-12-23 07:22:16,726 [pool-216-thread-1] INFO  server.RaftServerConfigKeys (ConfUtils.java:logGet(46)) - raft.server.log.segment.cache.num.max = 2 (custom)
2022-12-23 07:22:16,726 [pool-216-thread-1] INFO  server.RaftServerConfigKeys (ConfUtils.java:logGet(46)) - raft.server.log.segment.cache.size.max = 200MB (=209715200) (default)
2022-12-23 07:22:16,726 [pool-216-thread-1] INFO  segmented.SegmentedRaftLogWorker (SegmentedRaftLogWorker.java:<init>(189)) - new 60edd344-8c94-447c-8e16-5fc09b19e128@group-80301CE9DBB8-SegmentedRaftLogWorker for RaftStorageImpl:Storage Directory /home/runner/work/ozone/ozone/hadoop-ozone/integration-test/target/test-dir/MiniOzoneClusterImpl-92bcab56-ea6f-414a-bd9b-6ecfa13157ac/datanode-0/data/ratis/02d7c562-fc22-4d09-9caa-80301ce9dbb8
2022-12-23 07:22:16,726 [pool-216-thread-1] INFO  server.RaftServerConfigKeys (ConfUtils.java:logGet(46)) - raft.server.log.queue.byte-limit = 4294967296 (custom)
2022-12-23 07:22:16,726 [pool-216-thread-1] INFO  server.RaftServerConfigKeys (ConfUtils.java:logGet(46)) - raft.server.log.queue.element-limit = 1024 (custom)
2022-12-23 07:22:16,726 [EventQueue-CommandQueueReportForCommandQueueReportHandler] WARN  events.EventQueue (EventQueue.java:fireEvent(216)) - No event handler registered for event TypedEvent{payloadType=DatanodeDetails, name='Datanode_Command_Queue_Updated'}
2022-12-23 07:22:16,726 [pool-216-thread-1] INFO  server.RaftServerConfigKeys (ConfUtils.java:logGet(46)) - raft.server.log.segment.size.max = 1048576 (custom)
2022-12-23 07:22:16,726 [EventQueue-OpenPipelineForHealthyPipelineSafeModeRule] INFO  safemode.SCMSafeModeManager (HealthyPipelineSafeModeRule.java:process(137)) - SCM in safe mode. Healthy pipelines reported count is 0, required healthy pipeline reported count is 1
2022-12-23 07:22:16,732 [pool-216-thread-1] INFO  server.RaftServerConfigKeys (ConfUtils.java:logGet(46)) - raft.server.log.preallocated.size = 16384 (custom)
2022-12-23 07:22:16,733 [pool-216-thread-1] INFO  server.RaftServerConfigKeys (ConfUtils.java:logGet(46)) - raft.server.log.force.sync.num = 128 (default)
2022-12-23 07:22:16,733 [pool-216-thread-1] INFO  server.RaftServerConfigKeys (ConfUtils.java:logGet(46)) - raft.server.log.statemachine.data.sync = true (default)
2022-12-23 07:22:16,733 [pool-216-thread-1] INFO  server.RaftServerConfigKeys (ConfUtils.java:logGet(46)) - raft.server.log.statemachine.data.sync.timeout = 10s (default)
2022-12-23 07:22:16,733 [pool-216-thread-1] INFO  server.RaftServerConfigKeys (ConfUtils.java:logGet(46)) - raft.server.log.statemachine.data.sync.timeout.retry = -1 (default)
2022-12-23 07:22:16,733 [pool-216-thread-1] INFO  server.RaftServerConfigKeys (ConfUtils.java:logGet(46)) - raft.server.log.write.buffer.size = 1048576 (custom)
2022-12-23 07:22:16,734 [pool-216-thread-1] INFO  server.RaftServerConfigKeys (ConfUtils.java:logGet(46)) - raft.server.log.appender.buffer.byte-limit = 33554432 (custom)
2022-12-23 07:22:16,740 [pool-216-thread-1] INFO  server.RaftServerConfigKeys (ConfUtils.java:logGet(46)) - raft.server.log.unsafe-flush.enabled = false (default)
2022-12-23 07:22:16,740 [pool-216-thread-1] INFO  server.RaftServerConfigKeys (ConfUtils.java:logGet(46)) - raft.server.log.async-flush.enabled = false (default)
2022-12-23 07:22:16,740 [pool-216-thread-1] INFO  server.RaftServerConfigKeys (ConfUtils.java:logGet(46)) - raft.server.log.statemachine.data.caching.enabled = true (custom)
2022-12-23 07:22:16,740 [pool-216-thread-1] INFO  segmented.SegmentedRaftLogWorker (SegmentedRaftLogWorker.java:lambda$new$0(135)) - 60edd344-8c94-447c-8e16-5fc09b19e128@group-80301CE9DBB8-SegmentedRaftLogWorker: flushIndex: setUnconditionally 0 -> -1
2022-12-23 07:22:16,740 [pool-216-thread-1] INFO  segmented.SegmentedRaftLogWorker (SegmentedRaftLogWorker.java:lambda$new$0(135)) - 60edd344-8c94-447c-8e16-5fc09b19e128@group-80301CE9DBB8-SegmentedRaftLogWorker: safeCacheEvictIndex: setUnconditionally 0 -> -1
2022-12-23 07:22:16,740 [pool-216-thread-1] INFO  server.RaftServer$Division (RaftServerImpl.java:start(334)) - 60edd344-8c94-447c-8e16-5fc09b19e128@group-80301CE9DBB8: start as a follower, conf=-1: peers:[f8b4df33-cf88-4903-9aaa-0dcc4cf7d5e3|rpc:10.1.0.40:38279|dataStream:10.1.0.40:45959|priority:0|startupRole:FOLLOWER, 5eb9b934-91d7-4d34-88e4-5e2b9d3bfec0|rpc:10.1.0.40:33985|dataStream:10.1.0.40:42585|priority:0|startupRole:FOLLOWER, 60edd344-8c94-447c-8e16-5fc09b19e128|rpc:10.1.0.40:39167|dataStream:10.1.0.40:36111|priority:1|startupRole:FOLLOWER]|listeners:[], old=null
2022-12-23 07:22:16,741 [pool-216-thread-1] INFO  server.RaftServer$Division (RaftServerImpl.java:setRole(321)) - 60edd344-8c94-447c-8e16-5fc09b19e128@group-80301CE9DBB8: changes role from      null to FOLLOWER at term 0 for startAsFollower
2022-12-23 07:22:16,741 [pool-216-thread-1] INFO  impl.RoleInfo (RoleInfo.java:updateAndGet(139)) - 60edd344-8c94-447c-8e16-5fc09b19e128: start 60edd344-8c94-447c-8e16-5fc09b19e128@group-80301CE9DBB8-FollowerState
2022-12-23 07:22:16,741 [pool-216-thread-1] INFO  util.JmxRegister (JmxRegister.java:tryRegister(44)) - Successfully registered JMX Bean with object name Ratis:service=RaftServer,group=group-80301CE9DBB8,id=60edd344-8c94-447c-8e16-5fc09b19e128
2022-12-23 07:22:16,741 [60edd344-8c94-447c-8e16-5fc09b19e128@group-80301CE9DBB8-FollowerState] INFO  server.RaftServerConfigKeys (ConfUtils.java:logFallback(53)) - raft.server.rpc.first-election.timeout.min = 5s (fallback to raft.server.rpc.timeout.min)
2022-12-23 07:22:16,741 [pool-216-thread-1] INFO  server.RaftServerConfigKeys (ConfUtils.java:logGet(46)) - raft.server.snapshot.auto.trigger.enabled = true (custom)
2022-12-23 07:22:16,741 [60edd344-8c94-447c-8e16-5fc09b19e128@group-80301CE9DBB8-FollowerState] INFO  server.RaftServerConfigKeys (ConfUtils.java:logFallback(53)) - raft.server.rpc.first-election.timeout.max = 5200ms (fallback to raft.server.rpc.timeout.max)
2022-12-23 07:22:16,741 [pool-216-thread-1] INFO  server.RaftServerConfigKeys (ConfUtils.java:logGet(46)) - raft.server.snapshot.auto.trigger.threshold = 10000 (custom)
2022-12-23 07:22:16,741 [pool-216-thread-1] INFO  server.RaftServerConfigKeys (ConfUtils.java:logGet(46)) - raft.server.snapshot.retention.file.num = 5 (custom)
2022-12-23 07:22:16,741 [pool-216-thread-1] INFO  server.RaftServerConfigKeys (ConfUtils.java:logGet(46)) - raft.server.log.purge.upto.snapshot.index = false (default)
2022-12-23 07:22:16,742 [Command processor thread] INFO  ratis.XceiverServerRatis (XceiverServerRatis.java:addGroup(806)) - Created group PipelineID=02d7c562-fc22-4d09-9caa-80301ce9dbb8
2022-12-23 07:22:16,769 [grpc-default-executor-0] INFO  server.RaftServer (RaftServerProxy.java:addNew(96)) - 5eb9b934-91d7-4d34-88e4-5e2b9d3bfec0: addNew group-80301CE9DBB8:[f8b4df33-cf88-4903-9aaa-0dcc4cf7d5e3|rpc:10.1.0.40:38279|dataStream:10.1.0.40:45959|priority:0|startupRole:FOLLOWER, 5eb9b934-91d7-4d34-88e4-5e2b9d3bfec0|rpc:10.1.0.40:33985|dataStream:10.1.0.40:42585|priority:0|startupRole:FOLLOWER, 60edd344-8c94-447c-8e16-5fc09b19e128|rpc:10.1.0.40:39167|dataStream:10.1.0.40:36111|priority:1|startupRole:FOLLOWER] returns group-80301CE9DBB8:java.util.concurrent.CompletableFuture@338b71f7[Not completed]
2022-12-23 07:22:16,772 [pool-262-thread-1] INFO  server.RaftServer$Division (RaftServerImpl.java:<init>(195)) - 5eb9b934-91d7-4d34-88e4-5e2b9d3bfec0: new RaftServerImpl for group-80301CE9DBB8:[f8b4df33-cf88-4903-9aaa-0dcc4cf7d5e3|rpc:10.1.0.40:38279|dataStream:10.1.0.40:45959|priority:0|startupRole:FOLLOWER, 5eb9b934-91d7-4d34-88e4-5e2b9d3bfec0|rpc:10.1.0.40:33985|dataStream:10.1.0.40:42585|priority:0|startupRole:FOLLOWER, 60edd344-8c94-447c-8e16-5fc09b19e128|rpc:10.1.0.40:39167|dataStream:10.1.0.40:36111|priority:1|startupRole:FOLLOWER] with ContainerStateMachine:uninitialized
2022-12-23 07:22:16,772 [pool-262-thread-1] INFO  server.RaftServerConfigKeys (ConfUtils.java:logGet(46)) - raft.server.rpc.timeout.min = 5s (custom)
2022-12-23 07:22:16,773 [pool-262-thread-1] INFO  server.RaftServerConfigKeys (ConfUtils.java:logGet(46)) - raft.server.rpc.timeout.max = 5200ms (custom)
2022-12-23 07:22:16,773 [pool-262-thread-1] INFO  server.RaftServerConfigKeys (ConfUtils.java:logGet(46)) - raft.server.rpc.sleep.time = 25ms (default)
2022-12-23 07:22:16,773 [pool-262-thread-1] INFO  server.RaftServerConfigKeys (ConfUtils.java:logGet(46)) - raft.server.rpc.slowness.timeout = 300s (custom)
2022-12-23 07:22:16,773 [pool-262-thread-1] INFO  server.RaftServerConfigKeys (ConfUtils.java:logGet(46)) - raft.server.leaderelection.leader.step-down.wait-time = 10s (default)
2022-12-23 07:22:16,773 [pool-262-thread-1] INFO  server.RaftServerConfigKeys (ConfUtils.java:logGet(46)) - raft.server.sleep.deviation.threshold = 300ms (default)
2022-12-23 07:22:16,773 [pool-262-thread-1] INFO  server.RaftServer$Division (ServerState.java:<init>(118)) - 5eb9b934-91d7-4d34-88e4-5e2b9d3bfec0@group-80301CE9DBB8: ConfigurationManager, init=-1: peers:[f8b4df33-cf88-4903-9aaa-0dcc4cf7d5e3|rpc:10.1.0.40:38279|dataStream:10.1.0.40:45959|priority:0|startupRole:FOLLOWER, 5eb9b934-91d7-4d34-88e4-5e2b9d3bfec0|rpc:10.1.0.40:33985|dataStream:10.1.0.40:42585|priority:0|startupRole:FOLLOWER, 60edd344-8c94-447c-8e16-5fc09b19e128|rpc:10.1.0.40:39167|dataStream:10.1.0.40:36111|priority:1|startupRole:FOLLOWER]|listeners:[], old=null, confs=<EMPTY_MAP>
2022-12-23 07:22:16,773 [pool-262-thread-1] INFO  server.RaftServerConfigKeys (ConfUtils.java:logGet(46)) - raft.server.storage.dir = [/home/runner/work/ozone/ozone/hadoop-ozone/integration-test/target/test-dir/MiniOzoneClusterImpl-92bcab56-ea6f-414a-bd9b-6ecfa13157ac/datanode-2/data/ratis] (custom)
2022-12-23 07:22:16,774 [pool-262-thread-1] INFO  server.RaftServerConfigKeys (ConfUtils.java:logGet(46)) - raft.server.log.corruption.policy = EXCEPTION (default)
2022-12-23 07:22:16,774 [pool-262-thread-1] INFO  server.RaftServerConfigKeys (ConfUtils.java:logGet(46)) - raft.server.storage.free-space.min = 0MB (=0) (default)
2022-12-23 07:22:16,774 [pool-262-thread-1] INFO  server.RaftServerConfigKeys (ConfUtils.java:logGet(46)) - raft.server.notification.no-leader.timeout = 300s (custom)
2022-12-23 07:22:16,774 [pool-262-thread-1] INFO  server.RaftServerConfigKeys (ConfUtils.java:logGet(46)) - raft.server.retrycache.expirytime = 600000ms (custom)
2022-12-23 07:22:16,774 [pool-262-thread-1] INFO  server.RaftServerConfigKeys (ConfUtils.java:logGet(46)) - raft.server.retrycache.statistics.expirytime = 100μs (default)
2022-12-23 07:22:16,777 [pool-262-thread-1] INFO  server.RaftServerConfigKeys (ConfUtils.java:logGet(46)) - raft.server.log.appender.install.snapshot.enabled = false (custom)
2022-12-23 07:22:16,777 [pool-262-thread-1] INFO  server.RaftServerConfigKeys (ConfUtils.java:logGet(46)) - raft.server.threadpool.server.cached = true (default)
2022-12-23 07:22:16,778 [pool-262-thread-1] INFO  server.RaftServerConfigKeys (ConfUtils.java:logGet(46)) - raft.server.threadpool.server.size = 0 (default)
2022-12-23 07:22:16,778 [pool-262-thread-1] INFO  server.RaftServerConfigKeys (ConfUtils.java:logGet(46)) - raft.server.threadpool.client.cached = true (default)
2022-12-23 07:22:16,778 [pool-262-thread-1] INFO  server.RaftServerConfigKeys (ConfUtils.java:logGet(46)) - raft.server.threadpool.client.size = 0 (default)
2022-12-23 07:22:16,778 [pool-262-thread-1] INFO  storage.RaftStorageDirectory (RaftStorageDirectoryImpl.java:analyzeStorage(137)) - The storage directory /home/runner/work/ozone/ozone/hadoop-ozone/integration-test/target/test-dir/MiniOzoneClusterImpl-92bcab56-ea6f-414a-bd9b-6ecfa13157ac/datanode-2/data/ratis/02d7c562-fc22-4d09-9caa-80301ce9dbb8 does not exist. Creating ...
2022-12-23 07:22:16,781 [pool-262-thread-1] INFO  storage.RaftStorageDirectory (RaftStorageDirectoryImpl.java:tryLock(231)) - Lock on /home/runner/work/ozone/ozone/hadoop-ozone/integration-test/target/test-dir/MiniOzoneClusterImpl-92bcab56-ea6f-414a-bd9b-6ecfa13157ac/datanode-2/data/ratis/02d7c562-fc22-4d09-9caa-80301ce9dbb8/in_use.lock acquired by nodename 81300@fv-az505-480
2022-12-23 07:22:16,782 [pool-262-thread-1] INFO  storage.RaftStorage (RaftStorageImpl.java:format(96)) - Storage directory /home/runner/work/ozone/ozone/hadoop-ozone/integration-test/target/test-dir/MiniOzoneClusterImpl-92bcab56-ea6f-414a-bd9b-6ecfa13157ac/datanode-2/data/ratis/02d7c562-fc22-4d09-9caa-80301ce9dbb8 has been successfully formatted.
2022-12-23 07:22:16,783 [pool-262-thread-1] INFO  ratis.ContainerStateMachine (ContainerStateMachine.java:loadSnapshot(240)) - group-80301CE9DBB8: The snapshot info is null. Setting the last applied indexto:(t:0, i:~)
2022-12-23 07:22:16,783 [pool-262-thread-1] INFO  server.RaftServerConfigKeys (ConfUtils.java:logGet(46)) - raft.server.log.use.memory = false (default)
2022-12-23 07:22:16,783 [pool-262-thread-1] INFO  server.RaftServerConfigKeys (ConfUtils.java:logGet(46)) - raft.server.log.purge.gap = 1000000 (custom)
2022-12-23 07:22:16,783 [pool-262-thread-1] INFO  server.RaftServerConfigKeys (ConfUtils.java:logGet(46)) - raft.server.log.appender.buffer.byte-limit = 33554432 (custom)
2022-12-23 07:22:16,783 [pool-262-thread-1] INFO  server.RaftServerConfigKeys (ConfUtils.java:logGet(46)) - raft.server.log.statemachine.data.read.timeout = 1000ms (default)
2022-12-23 07:22:16,783 [pool-262-thread-1] INFO  server.RaftServerConfigKeys (ConfUtils.java:logGet(46)) - raft.server.log.purge.preservation.log.num = 0 (default)
2022-12-23 07:22:16,783 [pool-262-thread-1] INFO  server.RaftServerConfigKeys (ConfUtils.java:logGet(46)) - raft.server.log.segment.size.max = 1048576 (custom)
2022-12-23 07:22:16,784 [pool-262-thread-1] INFO  server.RaftServerConfigKeys (ConfUtils.java:logGet(46)) - raft.server.log.segment.cache.num.max = 2 (custom)
2022-12-23 07:22:16,784 [pool-262-thread-1] INFO  server.RaftServerConfigKeys (ConfUtils.java:logGet(46)) - raft.server.log.segment.cache.size.max = 200MB (=209715200) (default)
2022-12-23 07:22:16,784 [pool-262-thread-1] INFO  segmented.SegmentedRaftLogWorker (SegmentedRaftLogWorker.java:<init>(189)) - new 5eb9b934-91d7-4d34-88e4-5e2b9d3bfec0@group-80301CE9DBB8-SegmentedRaftLogWorker for RaftStorageImpl:Storage Directory /home/runner/work/ozone/ozone/hadoop-ozone/integration-test/target/test-dir/MiniOzoneClusterImpl-92bcab56-ea6f-414a-bd9b-6ecfa13157ac/datanode-2/data/ratis/02d7c562-fc22-4d09-9caa-80301ce9dbb8
2022-12-23 07:22:16,784 [pool-262-thread-1] INFO  server.RaftServerConfigKeys (ConfUtils.java:logGet(46)) - raft.server.log.queue.byte-limit = 4294967296 (custom)
2022-12-23 07:22:16,785 [pool-262-thread-1] INFO  server.RaftServerConfigKeys (ConfUtils.java:logGet(46)) - raft.server.log.queue.element-limit = 1024 (custom)
2022-12-23 07:22:16,784 [EventQueue-CommandQueueReportForCommandQueueReportHandler] WARN  events.EventQueue (EventQueue.java:fireEvent(216)) - No event handler registered for event TypedEvent{payloadType=DatanodeDetails, name='Datanode_Command_Queue_Updated'}
2022-12-23 07:22:16,785 [pool-262-thread-1] INFO  server.RaftServerConfigKeys (ConfUtils.java:logGet(46)) - raft.server.log.segment.size.max = 1048576 (custom)
2022-12-23 07:22:16,785 [pool-262-thread-1] INFO  server.RaftServerConfigKeys (ConfUtils.java:logGet(46)) - raft.server.log.preallocated.size = 16384 (custom)
2022-12-23 07:22:16,785 [pool-262-thread-1] INFO  server.RaftServerConfigKeys (ConfUtils.java:logGet(46)) - raft.server.log.force.sync.num = 128 (default)
2022-12-23 07:22:16,785 [pool-262-thread-1] INFO  server.RaftServerConfigKeys (ConfUtils.java:logGet(46)) - raft.server.log.statemachine.data.sync = true (default)
2022-12-23 07:22:16,785 [pool-262-thread-1] INFO  server.RaftServerConfigKeys (ConfUtils.java:logGet(46)) - raft.server.log.statemachine.data.sync.timeout = 10s (default)
2022-12-23 07:22:16,785 [pool-262-thread-1] INFO  server.RaftServerConfigKeys (ConfUtils.java:logGet(46)) - raft.server.log.statemachine.data.sync.timeout.retry = -1 (default)
2022-12-23 07:22:16,786 [pool-262-thread-1] INFO  server.RaftServerConfigKeys (ConfUtils.java:logGet(46)) - raft.server.log.write.buffer.size = 1048576 (custom)
2022-12-23 07:22:16,789 [pool-262-thread-1] INFO  server.RaftServerConfigKeys (ConfUtils.java:logGet(46)) - raft.server.log.appender.buffer.byte-limit = 33554432 (custom)
2022-12-23 07:22:16,796 [pool-262-thread-1] INFO  server.RaftServerConfigKeys (ConfUtils.java:logGet(46)) - raft.server.log.unsafe-flush.enabled = false (default)
2022-12-23 07:22:16,796 [pool-262-thread-1] INFO  server.RaftServerConfigKeys (ConfUtils.java:logGet(46)) - raft.server.log.async-flush.enabled = false (default)
2022-12-23 07:22:16,796 [pool-262-thread-1] INFO  server.RaftServerConfigKeys (ConfUtils.java:logGet(46)) - raft.server.log.statemachine.data.caching.enabled = true (custom)
2022-12-23 07:22:16,796 [pool-262-thread-1] INFO  segmented.SegmentedRaftLogWorker (SegmentedRaftLogWorker.java:lambda$new$0(135)) - 5eb9b934-91d7-4d34-88e4-5e2b9d3bfec0@group-80301CE9DBB8-SegmentedRaftLogWorker: flushIndex: setUnconditionally 0 -> -1
2022-12-23 07:22:16,796 [pool-262-thread-1] INFO  segmented.SegmentedRaftLogWorker (SegmentedRaftLogWorker.java:lambda$new$0(135)) - 5eb9b934-91d7-4d34-88e4-5e2b9d3bfec0@group-80301CE9DBB8-SegmentedRaftLogWorker: safeCacheEvictIndex: setUnconditionally 0 -> -1
2022-12-23 07:22:16,797 [pool-262-thread-1] INFO  server.RaftServer$Division (RaftServerImpl.java:start(334)) - 5eb9b934-91d7-4d34-88e4-5e2b9d3bfec0@group-80301CE9DBB8: start as a follower, conf=-1: peers:[f8b4df33-cf88-4903-9aaa-0dcc4cf7d5e3|rpc:10.1.0.40:38279|dataStream:10.1.0.40:45959|priority:0|startupRole:FOLLOWER, 5eb9b934-91d7-4d34-88e4-5e2b9d3bfec0|rpc:10.1.0.40:33985|dataStream:10.1.0.40:42585|priority:0|startupRole:FOLLOWER, 60edd344-8c94-447c-8e16-5fc09b19e128|rpc:10.1.0.40:39167|dataStream:10.1.0.40:36111|priority:1|startupRole:FOLLOWER]|listeners:[], old=null
2022-12-23 07:22:16,797 [pool-262-thread-1] INFO  server.RaftServer$Division (RaftServerImpl.java:setRole(321)) - 5eb9b934-91d7-4d34-88e4-5e2b9d3bfec0@group-80301CE9DBB8: changes role from      null to FOLLOWER at term 0 for startAsFollower
2022-12-23 07:22:16,797 [pool-262-thread-1] INFO  impl.RoleInfo (RoleInfo.java:updateAndGet(139)) - 5eb9b934-91d7-4d34-88e4-5e2b9d3bfec0: start 5eb9b934-91d7-4d34-88e4-5e2b9d3bfec0@group-80301CE9DBB8-FollowerState
2022-12-23 07:22:16,797 [pool-262-thread-1] INFO  util.JmxRegister (JmxRegister.java:tryRegister(44)) - Successfully registered JMX Bean with object name Ratis:service=RaftServer,group=group-80301CE9DBB8,id=5eb9b934-91d7-4d34-88e4-5e2b9d3bfec0
2022-12-23 07:22:16,797 [5eb9b934-91d7-4d34-88e4-5e2b9d3bfec0@group-80301CE9DBB8-FollowerState] INFO  server.RaftServerConfigKeys (ConfUtils.java:logFallback(53)) - raft.server.rpc.first-election.timeout.min = 5s (fallback to raft.server.rpc.timeout.min)
2022-12-23 07:22:16,797 [pool-262-thread-1] INFO  server.RaftServerConfigKeys (ConfUtils.java:logGet(46)) - raft.server.snapshot.auto.trigger.enabled = true (custom)
2022-12-23 07:22:16,797 [5eb9b934-91d7-4d34-88e4-5e2b9d3bfec0@group-80301CE9DBB8-FollowerState] INFO  server.RaftServerConfigKeys (ConfUtils.java:logFallback(53)) - raft.server.rpc.first-election.timeout.max = 5200ms (fallback to raft.server.rpc.timeout.max)
2022-12-23 07:22:16,797 [pool-262-thread-1] INFO  server.RaftServerConfigKeys (ConfUtils.java:logGet(46)) - raft.server.snapshot.auto.trigger.threshold = 10000 (custom)
2022-12-23 07:22:16,797 [pool-262-thread-1] INFO  server.RaftServerConfigKeys (ConfUtils.java:logGet(46)) - raft.server.snapshot.retention.file.num = 5 (custom)
2022-12-23 07:22:16,797 [pool-262-thread-1] INFO  server.RaftServerConfigKeys (ConfUtils.java:logGet(46)) - raft.server.log.purge.upto.snapshot.index = false (default)
2022-12-23 07:22:16,820 [grpc-default-executor-0] INFO  server.RaftServer (RaftServerProxy.java:addNew(96)) - f8b4df33-cf88-4903-9aaa-0dcc4cf7d5e3: addNew group-80301CE9DBB8:[f8b4df33-cf88-4903-9aaa-0dcc4cf7d5e3|rpc:10.1.0.40:38279|dataStream:10.1.0.40:45959|priority:0|startupRole:FOLLOWER, 5eb9b934-91d7-4d34-88e4-5e2b9d3bfec0|rpc:10.1.0.40:33985|dataStream:10.1.0.40:42585|priority:0|startupRole:FOLLOWER, 60edd344-8c94-447c-8e16-5fc09b19e128|rpc:10.1.0.40:39167|dataStream:10.1.0.40:36111|priority:1|startupRole:FOLLOWER] returns group-80301CE9DBB8:java.util.concurrent.CompletableFuture@79cb1d44[Not completed]
2022-12-23 07:22:16,822 [pool-239-thread-1] INFO  server.RaftServer$Division (RaftServerImpl.java:<init>(195)) - f8b4df33-cf88-4903-9aaa-0dcc4cf7d5e3: new RaftServerImpl for group-80301CE9DBB8:[f8b4df33-cf88-4903-9aaa-0dcc4cf7d5e3|rpc:10.1.0.40:38279|dataStream:10.1.0.40:45959|priority:0|startupRole:FOLLOWER, 5eb9b934-91d7-4d34-88e4-5e2b9d3bfec0|rpc:10.1.0.40:33985|dataStream:10.1.0.40:42585|priority:0|startupRole:FOLLOWER, 60edd344-8c94-447c-8e16-5fc09b19e128|rpc:10.1.0.40:39167|dataStream:10.1.0.40:36111|priority:1|startupRole:FOLLOWER] with ContainerStateMachine:uninitialized
2022-12-23 07:22:16,822 [pool-239-thread-1] INFO  server.RaftServerConfigKeys (ConfUtils.java:logGet(46)) - raft.server.rpc.timeout.min = 5s (custom)
2022-12-23 07:22:16,822 [pool-239-thread-1] INFO  server.RaftServerConfigKeys (ConfUtils.java:logGet(46)) - raft.server.rpc.timeout.max = 5200ms (custom)
2022-12-23 07:22:16,822 [pool-239-thread-1] INFO  server.RaftServerConfigKeys (ConfUtils.java:logGet(46)) - raft.server.rpc.sleep.time = 25ms (default)
2022-12-23 07:22:16,822 [pool-239-thread-1] INFO  server.RaftServerConfigKeys (ConfUtils.java:logGet(46)) - raft.server.rpc.slowness.timeout = 300s (custom)
2022-12-23 07:22:16,822 [pool-239-thread-1] INFO  server.RaftServerConfigKeys (ConfUtils.java:logGet(46)) - raft.server.leaderelection.leader.step-down.wait-time = 10s (default)
2022-12-23 07:22:16,822 [pool-239-thread-1] INFO  server.RaftServerConfigKeys (ConfUtils.java:logGet(46)) - raft.server.sleep.deviation.threshold = 300ms (default)
2022-12-23 07:22:16,822 [pool-239-thread-1] INFO  server.RaftServer$Division (ServerState.java:<init>(118)) - f8b4df33-cf88-4903-9aaa-0dcc4cf7d5e3@group-80301CE9DBB8: ConfigurationManager, init=-1: peers:[f8b4df33-cf88-4903-9aaa-0dcc4cf7d5e3|rpc:10.1.0.40:38279|dataStream:10.1.0.40:45959|priority:0|startupRole:FOLLOWER, 5eb9b934-91d7-4d34-88e4-5e2b9d3bfec0|rpc:10.1.0.40:33985|dataStream:10.1.0.40:42585|priority:0|startupRole:FOLLOWER, 60edd344-8c94-447c-8e16-5fc09b19e128|rpc:10.1.0.40:39167|dataStream:10.1.0.40:36111|priority:1|startupRole:FOLLOWER]|listeners:[], old=null, confs=<EMPTY_MAP>
2022-12-23 07:22:16,822 [pool-239-thread-1] INFO  server.RaftServerConfigKeys (ConfUtils.java:logGet(46)) - raft.server.storage.dir = [/home/runner/work/ozone/ozone/hadoop-ozone/integration-test/target/test-dir/MiniOzoneClusterImpl-92bcab56-ea6f-414a-bd9b-6ecfa13157ac/datanode-1/data/ratis] (custom)
2022-12-23 07:22:16,822 [pool-239-thread-1] INFO  server.RaftServerConfigKeys (ConfUtils.java:logGet(46)) - raft.server.log.corruption.policy = EXCEPTION (default)
2022-12-23 07:22:16,822 [pool-239-thread-1] INFO  server.RaftServerConfigKeys (ConfUtils.java:logGet(46)) - raft.server.storage.free-space.min = 0MB (=0) (default)
2022-12-23 07:22:16,823 [pool-239-thread-1] INFO  server.RaftServerConfigKeys (ConfUtils.java:logGet(46)) - raft.server.notification.no-leader.timeout = 300s (custom)
2022-12-23 07:22:16,823 [pool-239-thread-1] INFO  server.RaftServerConfigKeys (ConfUtils.java:logGet(46)) - raft.server.retrycache.expirytime = 600000ms (custom)
2022-12-23 07:22:16,823 [pool-239-thread-1] INFO  server.RaftServerConfigKeys (ConfUtils.java:logGet(46)) - raft.server.retrycache.statistics.expirytime = 100μs (default)
2022-12-23 07:22:16,824 [pool-239-thread-1] INFO  server.RaftServerConfigKeys (ConfUtils.java:logGet(46)) - raft.server.log.appender.install.snapshot.enabled = false (custom)
2022-12-23 07:22:16,824 [pool-239-thread-1] INFO  server.RaftServerConfigKeys (ConfUtils.java:logGet(46)) - raft.server.threadpool.server.cached = true (default)
2022-12-23 07:22:16,824 [pool-239-thread-1] INFO  server.RaftServerConfigKeys (ConfUtils.java:logGet(46)) - raft.server.threadpool.server.size = 0 (default)
2022-12-23 07:22:16,824 [pool-239-thread-1] INFO  server.RaftServerConfigKeys (ConfUtils.java:logGet(46)) - raft.server.threadpool.client.cached = true (default)
2022-12-23 07:22:16,824 [pool-239-thread-1] INFO  server.RaftServerConfigKeys (ConfUtils.java:logGet(46)) - raft.server.threadpool.client.size = 0 (default)
2022-12-23 07:22:16,825 [pool-239-thread-1] INFO  storage.RaftStorageDirectory (RaftStorageDirectoryImpl.java:analyzeStorage(137)) - The storage directory /home/runner/work/ozone/ozone/hadoop-ozone/integration-test/target/test-dir/MiniOzoneClusterImpl-92bcab56-ea6f-414a-bd9b-6ecfa13157ac/datanode-1/data/ratis/02d7c562-fc22-4d09-9caa-80301ce9dbb8 does not exist. Creating ...
2022-12-23 07:22:16,826 [pool-239-thread-1] INFO  storage.RaftStorageDirectory (RaftStorageDirectoryImpl.java:tryLock(231)) - Lock on /home/runner/work/ozone/ozone/hadoop-ozone/integration-test/target/test-dir/MiniOzoneClusterImpl-92bcab56-ea6f-414a-bd9b-6ecfa13157ac/datanode-1/data/ratis/02d7c562-fc22-4d09-9caa-80301ce9dbb8/in_use.lock acquired by nodename 81300@fv-az505-480
2022-12-23 07:22:16,827 [pool-239-thread-1] INFO  storage.RaftStorage (RaftStorageImpl.java:format(96)) - Storage directory /home/runner/work/ozone/ozone/hadoop-ozone/integration-test/target/test-dir/MiniOzoneClusterImpl-92bcab56-ea6f-414a-bd9b-6ecfa13157ac/datanode-1/data/ratis/02d7c562-fc22-4d09-9caa-80301ce9dbb8 has been successfully formatted.
2022-12-23 07:22:16,828 [pool-239-thread-1] INFO  ratis.ContainerStateMachine (ContainerStateMachine.java:loadSnapshot(240)) - group-80301CE9DBB8: The snapshot info is null. Setting the last applied indexto:(t:0, i:~)
2022-12-23 07:22:16,828 [pool-239-thread-1] INFO  server.RaftServerConfigKeys (ConfUtils.java:logGet(46)) - raft.server.log.use.memory = false (default)
2022-12-23 07:22:16,828 [pool-239-thread-1] INFO  server.RaftServerConfigKeys (ConfUtils.java:logGet(46)) - raft.server.log.purge.gap = 1000000 (custom)
2022-12-23 07:22:16,828 [pool-239-thread-1] INFO  server.RaftServerConfigKeys (ConfUtils.java:logGet(46)) - raft.server.log.appender.buffer.byte-limit = 33554432 (custom)
2022-12-23 07:22:16,828 [pool-239-thread-1] INFO  server.RaftServerConfigKeys (ConfUtils.java:logGet(46)) - raft.server.log.statemachine.data.read.timeout = 1000ms (default)
2022-12-23 07:22:16,828 [pool-239-thread-1] INFO  server.RaftServerConfigKeys (ConfUtils.java:logGet(46)) - raft.server.log.purge.preservation.log.num = 0 (default)
2022-12-23 07:22:16,829 [pool-239-thread-1] INFO  server.RaftServerConfigKeys (ConfUtils.java:logGet(46)) - raft.server.log.segment.size.max = 1048576 (custom)
2022-12-23 07:22:16,829 [pool-239-thread-1] INFO  server.RaftServerConfigKeys (ConfUtils.java:logGet(46)) - raft.server.log.segment.cache.num.max = 2 (custom)
2022-12-23 07:22:16,829 [EventQueue-CommandQueueReportForCommandQueueReportHandler] WARN  events.EventQueue (EventQueue.java:fireEvent(216)) - No event handler registered for event TypedEvent{payloadType=DatanodeDetails, name='Datanode_Command_Queue_Updated'}
2022-12-23 07:22:16,830 [pool-239-thread-1] INFO  server.RaftServerConfigKeys (ConfUtils.java:logGet(46)) - raft.server.log.segment.cache.size.max = 200MB (=209715200) (default)
2022-12-23 07:22:16,830 [pool-239-thread-1] INFO  segmented.SegmentedRaftLogWorker (SegmentedRaftLogWorker.java:<init>(189)) - new f8b4df33-cf88-4903-9aaa-0dcc4cf7d5e3@group-80301CE9DBB8-SegmentedRaftLogWorker for RaftStorageImpl:Storage Directory /home/runner/work/ozone/ozone/hadoop-ozone/integration-test/target/test-dir/MiniOzoneClusterImpl-92bcab56-ea6f-414a-bd9b-6ecfa13157ac/datanode-1/data/ratis/02d7c562-fc22-4d09-9caa-80301ce9dbb8
2022-12-23 07:22:16,830 [pool-239-thread-1] INFO  server.RaftServerConfigKeys (ConfUtils.java:logGet(46)) - raft.server.log.queue.byte-limit = 4294967296 (custom)
2022-12-23 07:22:16,830 [pool-239-thread-1] INFO  server.RaftServerConfigKeys (ConfUtils.java:logGet(46)) - raft.server.log.queue.element-limit = 1024 (custom)
2022-12-23 07:22:16,830 [pool-239-thread-1] INFO  server.RaftServerConfigKeys (ConfUtils.java:logGet(46)) - raft.server.log.segment.size.max = 1048576 (custom)
2022-12-23 07:22:16,830 [pool-239-thread-1] INFO  server.RaftServerConfigKeys (ConfUtils.java:logGet(46)) - raft.server.log.preallocated.size = 16384 (custom)
2022-12-23 07:22:16,830 [pool-239-thread-1] INFO  server.RaftServerConfigKeys (ConfUtils.java:logGet(46)) - raft.server.log.force.sync.num = 128 (default)
2022-12-23 07:22:16,830 [pool-239-thread-1] INFO  server.RaftServerConfigKeys (ConfUtils.java:logGet(46)) - raft.server.log.statemachine.data.sync = true (default)
2022-12-23 07:22:16,830 [pool-239-thread-1] INFO  server.RaftServerConfigKeys (ConfUtils.java:logGet(46)) - raft.server.log.statemachine.data.sync.timeout = 10s (default)
2022-12-23 07:22:16,830 [pool-239-thread-1] INFO  server.RaftServerConfigKeys (ConfUtils.java:logGet(46)) - raft.server.log.statemachine.data.sync.timeout.retry = -1 (default)
2022-12-23 07:22:16,832 [pool-239-thread-1] INFO  server.RaftServerConfigKeys (ConfUtils.java:logGet(46)) - raft.server.log.write.buffer.size = 1048576 (custom)
2022-12-23 07:22:16,832 [pool-239-thread-1] INFO  server.RaftServerConfigKeys (ConfUtils.java:logGet(46)) - raft.server.log.appender.buffer.byte-limit = 33554432 (custom)
2022-12-23 07:22:16,838 [pool-239-thread-1] INFO  server.RaftServerConfigKeys (ConfUtils.java:logGet(46)) - raft.server.log.unsafe-flush.enabled = false (default)
2022-12-23 07:22:16,838 [pool-239-thread-1] INFO  server.RaftServerConfigKeys (ConfUtils.java:logGet(46)) - raft.server.log.async-flush.enabled = false (default)
2022-12-23 07:22:16,838 [pool-239-thread-1] INFO  server.RaftServerConfigKeys (ConfUtils.java:logGet(46)) - raft.server.log.statemachine.data.caching.enabled = true (custom)
2022-12-23 07:22:16,838 [pool-239-thread-1] INFO  segmented.SegmentedRaftLogWorker (SegmentedRaftLogWorker.java:lambda$new$0(135)) - f8b4df33-cf88-4903-9aaa-0dcc4cf7d5e3@group-80301CE9DBB8-SegmentedRaftLogWorker: flushIndex: setUnconditionally 0 -> -1
2022-12-23 07:22:16,838 [pool-239-thread-1] INFO  segmented.SegmentedRaftLogWorker (SegmentedRaftLogWorker.java:lambda$new$0(135)) - f8b4df33-cf88-4903-9aaa-0dcc4cf7d5e3@group-80301CE9DBB8-SegmentedRaftLogWorker: safeCacheEvictIndex: setUnconditionally 0 -> -1
2022-12-23 07:22:16,838 [pool-239-thread-1] INFO  server.RaftServer$Division (RaftServerImpl.java:start(334)) - f8b4df33-cf88-4903-9aaa-0dcc4cf7d5e3@group-80301CE9DBB8: start as a follower, conf=-1: peers:[f8b4df33-cf88-4903-9aaa-0dcc4cf7d5e3|rpc:10.1.0.40:38279|dataStream:10.1.0.40:45959|priority:0|startupRole:FOLLOWER, 5eb9b934-91d7-4d34-88e4-5e2b9d3bfec0|rpc:10.1.0.40:33985|dataStream:10.1.0.40:42585|priority:0|startupRole:FOLLOWER, 60edd344-8c94-447c-8e16-5fc09b19e128|rpc:10.1.0.40:39167|dataStream:10.1.0.40:36111|priority:1|startupRole:FOLLOWER]|listeners:[], old=null
2022-12-23 07:22:16,839 [pool-239-thread-1] INFO  server.RaftServer$Division (RaftServerImpl.java:setRole(321)) - f8b4df33-cf88-4903-9aaa-0dcc4cf7d5e3@group-80301CE9DBB8: changes role from      null to FOLLOWER at term 0 for startAsFollower
2022-12-23 07:22:16,839 [pool-239-thread-1] INFO  impl.RoleInfo (RoleInfo.java:updateAndGet(139)) - f8b4df33-cf88-4903-9aaa-0dcc4cf7d5e3: start f8b4df33-cf88-4903-9aaa-0dcc4cf7d5e3@group-80301CE9DBB8-FollowerState
2022-12-23 07:22:16,839 [pool-239-thread-1] INFO  util.JmxRegister (JmxRegister.java:tryRegister(44)) - Successfully registered JMX Bean with object name Ratis:service=RaftServer,group=group-80301CE9DBB8,id=f8b4df33-cf88-4903-9aaa-0dcc4cf7d5e3
2022-12-23 07:22:16,839 [f8b4df33-cf88-4903-9aaa-0dcc4cf7d5e3@group-80301CE9DBB8-FollowerState] INFO  server.RaftServerConfigKeys (ConfUtils.java:logFallback(53)) - raft.server.rpc.first-election.timeout.min = 5s (fallback to raft.server.rpc.timeout.min)
2022-12-23 07:22:16,839 [f8b4df33-cf88-4903-9aaa-0dcc4cf7d5e3@group-80301CE9DBB8-FollowerState] INFO  server.RaftServerConfigKeys (ConfUtils.java:logFallback(53)) - raft.server.rpc.first-election.timeout.max = 5200ms (fallback to raft.server.rpc.timeout.max)
2022-12-23 07:22:16,839 [pool-239-thread-1] INFO  server.RaftServerConfigKeys (ConfUtils.java:logGet(46)) - raft.server.snapshot.auto.trigger.enabled = true (custom)
2022-12-23 07:22:16,839 [pool-239-thread-1] INFO  server.RaftServerConfigKeys (ConfUtils.java:logGet(46)) - raft.server.snapshot.auto.trigger.threshold = 10000 (custom)
2022-12-23 07:22:16,839 [pool-239-thread-1] INFO  server.RaftServerConfigKeys (ConfUtils.java:logGet(46)) - raft.server.snapshot.retention.file.num = 5 (custom)
2022-12-23 07:22:16,840 [pool-239-thread-1] INFO  server.RaftServerConfigKeys (ConfUtils.java:logGet(46)) - raft.server.log.purge.upto.snapshot.index = false (default)
2022-12-23 07:22:16,846 [Command processor thread] INFO  commandhandler.CreatePipelineCommandHandler (CreatePipelineCommandHandler.java:handle(113)) - Created Pipeline RATIS THREE PipelineID=02d7c562-fc22-4d09-9caa-80301ce9dbb8.
2022-12-23 07:22:16,847 [Command processor thread] INFO  server.RaftServer (RaftServerProxy.java:addNew(96)) - 60edd344-8c94-447c-8e16-5fc09b19e128: addNew group-1ECFD0FA5FAA:[f8b4df33-cf88-4903-9aaa-0dcc4cf7d5e3|rpc:10.1.0.40:38279|dataStream:10.1.0.40:45959|priority:0|startupRole:FOLLOWER, 60edd344-8c94-447c-8e16-5fc09b19e128|rpc:10.1.0.40:39167|dataStream:10.1.0.40:36111|priority:0|startupRole:FOLLOWER, 5eb9b934-91d7-4d34-88e4-5e2b9d3bfec0|rpc:10.1.0.40:33985|dataStream:10.1.0.40:42585|priority:1|startupRole:FOLLOWER] returns group-1ECFD0FA5FAA:java.util.concurrent.CompletableFuture@18584cf9[Not completed]
2022-12-23 07:22:16,848 [pool-216-thread-1] INFO  server.RaftServer$Division (RaftServerImpl.java:<init>(195)) - 60edd344-8c94-447c-8e16-5fc09b19e128: new RaftServerImpl for group-1ECFD0FA5FAA:[f8b4df33-cf88-4903-9aaa-0dcc4cf7d5e3|rpc:10.1.0.40:38279|dataStream:10.1.0.40:45959|priority:0|startupRole:FOLLOWER, 60edd344-8c94-447c-8e16-5fc09b19e128|rpc:10.1.0.40:39167|dataStream:10.1.0.40:36111|priority:0|startupRole:FOLLOWER, 5eb9b934-91d7-4d34-88e4-5e2b9d3bfec0|rpc:10.1.0.40:33985|dataStream:10.1.0.40:42585|priority:1|startupRole:FOLLOWER] with ContainerStateMachine:uninitialized
2022-12-23 07:22:16,848 [pool-216-thread-1] INFO  server.RaftServerConfigKeys (ConfUtils.java:logGet(46)) - raft.server.rpc.timeout.min = 5s (custom)
2022-12-23 07:22:16,848 [pool-216-thread-1] INFO  server.RaftServerConfigKeys (ConfUtils.java:logGet(46)) - raft.server.rpc.timeout.max = 5200ms (custom)
2022-12-23 07:22:16,848 [pool-216-thread-1] INFO  server.RaftServerConfigKeys (ConfUtils.java:logGet(46)) - raft.server.rpc.sleep.time = 25ms (default)
2022-12-23 07:22:16,848 [pool-216-thread-1] INFO  server.RaftServerConfigKeys (ConfUtils.java:logGet(46)) - raft.server.rpc.slowness.timeout = 300s (custom)
2022-12-23 07:22:16,848 [pool-216-thread-1] INFO  server.RaftServerConfigKeys (ConfUtils.java:logGet(46)) - raft.server.leaderelection.leader.step-down.wait-time = 10s (default)
2022-12-23 07:22:16,848 [pool-216-thread-1] INFO  server.RaftServerConfigKeys (ConfUtils.java:logGet(46)) - raft.server.sleep.deviation.threshold = 300ms (default)
2022-12-23 07:22:16,848 [pool-216-thread-1] INFO  server.RaftServer$Division (ServerState.java:<init>(118)) - 60edd344-8c94-447c-8e16-5fc09b19e128@group-1ECFD0FA5FAA: ConfigurationManager, init=-1: peers:[f8b4df33-cf88-4903-9aaa-0dcc4cf7d5e3|rpc:10.1.0.40:38279|dataStream:10.1.0.40:45959|priority:0|startupRole:FOLLOWER, 60edd344-8c94-447c-8e16-5fc09b19e128|rpc:10.1.0.40:39167|dataStream:10.1.0.40:36111|priority:0|startupRole:FOLLOWER, 5eb9b934-91d7-4d34-88e4-5e2b9d3bfec0|rpc:10.1.0.40:33985|dataStream:10.1.0.40:42585|priority:1|startupRole:FOLLOWER]|listeners:[], old=null, confs=<EMPTY_MAP>
2022-12-23 07:22:16,848 [pool-216-thread-1] INFO  server.RaftServerConfigKeys (ConfUtils.java:logGet(46)) - raft.server.storage.dir = [/home/runner/work/ozone/ozone/hadoop-ozone/integration-test/target/test-dir/MiniOzoneClusterImpl-92bcab56-ea6f-414a-bd9b-6ecfa13157ac/datanode-0/data/ratis] (custom)
2022-12-23 07:22:16,849 [pool-216-thread-1] INFO  server.RaftServerConfigKeys (ConfUtils.java:logGet(46)) - raft.server.log.corruption.policy = EXCEPTION (default)
2022-12-23 07:22:16,849 [pool-216-thread-1] INFO  server.RaftServerConfigKeys (ConfUtils.java:logGet(46)) - raft.server.storage.free-space.min = 0MB (=0) (default)
2022-12-23 07:22:16,849 [pool-216-thread-1] INFO  server.RaftServerConfigKeys (ConfUtils.java:logGet(46)) - raft.server.notification.no-leader.timeout = 300s (custom)
2022-12-23 07:22:16,850 [pool-216-thread-1] INFO  server.RaftServerConfigKeys (ConfUtils.java:logGet(46)) - raft.server.retrycache.expirytime = 600000ms (custom)
2022-12-23 07:22:16,850 [pool-216-thread-1] INFO  server.RaftServerConfigKeys (ConfUtils.java:logGet(46)) - raft.server.retrycache.statistics.expirytime = 100μs (default)
2022-12-23 07:22:16,850 [pool-216-thread-1] INFO  server.RaftServerConfigKeys (ConfUtils.java:logGet(46)) - raft.server.log.appender.install.snapshot.enabled = false (custom)
2022-12-23 07:22:16,851 [pool-216-thread-1] INFO  server.RaftServerConfigKeys (ConfUtils.java:logGet(46)) - raft.server.threadpool.server.cached = true (default)
2022-12-23 07:22:16,851 [pool-216-thread-1] INFO  server.RaftServerConfigKeys (ConfUtils.java:logGet(46)) - raft.server.threadpool.server.size = 0 (default)
2022-12-23 07:22:16,851 [pool-216-thread-1] INFO  server.RaftServerConfigKeys (ConfUtils.java:logGet(46)) - raft.server.threadpool.client.cached = true (default)
2022-12-23 07:22:16,851 [pool-216-thread-1] INFO  server.RaftServerConfigKeys (ConfUtils.java:logGet(46)) - raft.server.threadpool.client.size = 0 (default)
2022-12-23 07:22:16,851 [pool-216-thread-1] INFO  storage.RaftStorageDirectory (RaftStorageDirectoryImpl.java:analyzeStorage(137)) - The storage directory /home/runner/work/ozone/ozone/hadoop-ozone/integration-test/target/test-dir/MiniOzoneClusterImpl-92bcab56-ea6f-414a-bd9b-6ecfa13157ac/datanode-0/data/ratis/ff429bfa-5720-405d-b1da-1ecfd0fa5faa does not exist. Creating ...
2022-12-23 07:22:16,852 [pool-216-thread-1] INFO  storage.RaftStorageDirectory (RaftStorageDirectoryImpl.java:tryLock(231)) - Lock on /home/runner/work/ozone/ozone/hadoop-ozone/integration-test/target/test-dir/MiniOzoneClusterImpl-92bcab56-ea6f-414a-bd9b-6ecfa13157ac/datanode-0/data/ratis/ff429bfa-5720-405d-b1da-1ecfd0fa5faa/in_use.lock acquired by nodename 81300@fv-az505-480
2022-12-23 07:22:16,853 [pool-216-thread-1] INFO  storage.RaftStorage (RaftStorageImpl.java:format(96)) - Storage directory /home/runner/work/ozone/ozone/hadoop-ozone/integration-test/target/test-dir/MiniOzoneClusterImpl-92bcab56-ea6f-414a-bd9b-6ecfa13157ac/datanode-0/data/ratis/ff429bfa-5720-405d-b1da-1ecfd0fa5faa has been successfully formatted.
2022-12-23 07:22:16,855 [pool-216-thread-1] INFO  ratis.ContainerStateMachine (ContainerStateMachine.java:loadSnapshot(240)) - group-1ECFD0FA5FAA: The snapshot info is null. Setting the last applied indexto:(t:0, i:~)
2022-12-23 07:22:16,855 [pool-216-thread-1] INFO  server.RaftServerConfigKeys (ConfUtils.java:logGet(46)) - raft.server.log.use.memory = false (default)
2022-12-23 07:22:16,855 [pool-216-thread-1] INFO  server.RaftServerConfigKeys (ConfUtils.java:logGet(46)) - raft.server.log.purge.gap = 1000000 (custom)
2022-12-23 07:22:16,856 [pool-216-thread-1] INFO  server.RaftServerConfigKeys (ConfUtils.java:logGet(46)) - raft.server.log.appender.buffer.byte-limit = 33554432 (custom)
2022-12-23 07:22:16,856 [pool-216-thread-1] INFO  server.RaftServerConfigKeys (ConfUtils.java:logGet(46)) - raft.server.log.statemachine.data.read.timeout = 1000ms (default)
2022-12-23 07:22:16,856 [pool-216-thread-1] INFO  server.RaftServerConfigKeys (ConfUtils.java:logGet(46)) - raft.server.log.purge.preservation.log.num = 0 (default)
2022-12-23 07:22:16,856 [EventQueue-CommandQueueReportForCommandQueueReportHandler] WARN  events.EventQueue (EventQueue.java:fireEvent(216)) - No event handler registered for event TypedEvent{payloadType=DatanodeDetails, name='Datanode_Command_Queue_Updated'}
2022-12-23 07:22:16,856 [pool-216-thread-1] INFO  server.RaftServerConfigKeys (ConfUtils.java:logGet(46)) - raft.server.log.segment.size.max = 1048576 (custom)
2022-12-23 07:22:16,856 [EventQueue-OpenPipelineForHealthyPipelineSafeModeRule] INFO  safemode.SCMSafeModeManager (HealthyPipelineSafeModeRule.java:process(137)) - SCM in safe mode. Healthy pipelines reported count is 0, required healthy pipeline reported count is 1
2022-12-23 07:22:16,857 [pool-216-thread-1] INFO  server.RaftServerConfigKeys (ConfUtils.java:logGet(46)) - raft.server.log.segment.cache.num.max = 2 (custom)
2022-12-23 07:22:16,857 [pool-216-thread-1] INFO  server.RaftServerConfigKeys (ConfUtils.java:logGet(46)) - raft.server.log.segment.cache.size.max = 200MB (=209715200) (default)
2022-12-23 07:22:16,857 [pool-216-thread-1] INFO  segmented.SegmentedRaftLogWorker (SegmentedRaftLogWorker.java:<init>(189)) - new 60edd344-8c94-447c-8e16-5fc09b19e128@group-1ECFD0FA5FAA-SegmentedRaftLogWorker for RaftStorageImpl:Storage Directory /home/runner/work/ozone/ozone/hadoop-ozone/integration-test/target/test-dir/MiniOzoneClusterImpl-92bcab56-ea6f-414a-bd9b-6ecfa13157ac/datanode-0/data/ratis/ff429bfa-5720-405d-b1da-1ecfd0fa5faa
2022-12-23 07:22:16,857 [pool-216-thread-1] INFO  server.RaftServerConfigKeys (ConfUtils.java:logGet(46)) - raft.server.log.queue.byte-limit = 4294967296 (custom)
2022-12-23 07:22:16,857 [pool-216-thread-1] INFO  server.RaftServerConfigKeys (ConfUtils.java:logGet(46)) - raft.server.log.queue.element-limit = 1024 (custom)
2022-12-23 07:22:16,857 [pool-216-thread-1] INFO  server.RaftServerConfigKeys (ConfUtils.java:logGet(46)) - raft.server.log.segment.size.max = 1048576 (custom)
2022-12-23 07:22:16,857 [pool-216-thread-1] INFO  server.RaftServerConfigKeys (ConfUtils.java:logGet(46)) - raft.server.log.preallocated.size = 16384 (custom)
2022-12-23 07:22:16,857 [pool-216-thread-1] INFO  server.RaftServerConfigKeys (ConfUtils.java:logGet(46)) - raft.server.log.force.sync.num = 128 (default)
2022-12-23 07:22:16,857 [pool-216-thread-1] INFO  server.RaftServerConfigKeys (ConfUtils.java:logGet(46)) - raft.server.log.statemachine.data.sync = true (default)
2022-12-23 07:22:16,857 [pool-216-thread-1] INFO  server.RaftServerConfigKeys (ConfUtils.java:logGet(46)) - raft.server.log.statemachine.data.sync.timeout = 10s (default)
2022-12-23 07:22:16,857 [pool-216-thread-1] INFO  server.RaftServerConfigKeys (ConfUtils.java:logGet(46)) - raft.server.log.statemachine.data.sync.timeout.retry = -1 (default)
2022-12-23 07:22:16,858 [pool-216-thread-1] INFO  server.RaftServerConfigKeys (ConfUtils.java:logGet(46)) - raft.server.log.write.buffer.size = 1048576 (custom)
2022-12-23 07:22:16,859 [pool-216-thread-1] INFO  server.RaftServerConfigKeys (ConfUtils.java:logGet(46)) - raft.server.log.appender.buffer.byte-limit = 33554432 (custom)
2022-12-23 07:22:16,928 [pool-216-thread-1] INFO  server.RaftServerConfigKeys (ConfUtils.java:logGet(46)) - raft.server.log.unsafe-flush.enabled = false (default)
2022-12-23 07:22:16,928 [pool-216-thread-1] INFO  server.RaftServerConfigKeys (ConfUtils.java:logGet(46)) - raft.server.log.async-flush.enabled = false (default)
2022-12-23 07:22:16,928 [pool-216-thread-1] INFO  server.RaftServerConfigKeys (ConfUtils.java:logGet(46)) - raft.server.log.statemachine.data.caching.enabled = true (custom)
2022-12-23 07:22:16,930 [pool-216-thread-1] INFO  segmented.SegmentedRaftLogWorker (SegmentedRaftLogWorker.java:lambda$new$0(135)) - 60edd344-8c94-447c-8e16-5fc09b19e128@group-1ECFD0FA5FAA-SegmentedRaftLogWorker: flushIndex: setUnconditionally 0 -> -1
2022-12-23 07:22:16,931 [pool-216-thread-1] INFO  segmented.SegmentedRaftLogWorker (SegmentedRaftLogWorker.java:lambda$new$0(135)) - 60edd344-8c94-447c-8e16-5fc09b19e128@group-1ECFD0FA5FAA-SegmentedRaftLogWorker: safeCacheEvictIndex: setUnconditionally 0 -> -1
2022-12-23 07:22:16,932 [pool-216-thread-1] INFO  server.RaftServer$Division (RaftServerImpl.java:start(334)) - 60edd344-8c94-447c-8e16-5fc09b19e128@group-1ECFD0FA5FAA: start as a follower, conf=-1: peers:[f8b4df33-cf88-4903-9aaa-0dcc4cf7d5e3|rpc:10.1.0.40:38279|dataStream:10.1.0.40:45959|priority:0|startupRole:FOLLOWER, 60edd344-8c94-447c-8e16-5fc09b19e128|rpc:10.1.0.40:39167|dataStream:10.1.0.40:36111|priority:0|startupRole:FOLLOWER, 5eb9b934-91d7-4d34-88e4-5e2b9d3bfec0|rpc:10.1.0.40:33985|dataStream:10.1.0.40:42585|priority:1|startupRole:FOLLOWER]|listeners:[], old=null
2022-12-23 07:22:16,932 [pool-216-thread-1] INFO  server.RaftServer$Division (RaftServerImpl.java:setRole(321)) - 60edd344-8c94-447c-8e16-5fc09b19e128@group-1ECFD0FA5FAA: changes role from      null to FOLLOWER at term 0 for startAsFollower
2022-12-23 07:22:16,932 [pool-216-thread-1] INFO  impl.RoleInfo (RoleInfo.java:updateAndGet(139)) - 60edd344-8c94-447c-8e16-5fc09b19e128: start 60edd344-8c94-447c-8e16-5fc09b19e128@group-1ECFD0FA5FAA-FollowerState
2022-12-23 07:22:16,932 [pool-216-thread-1] INFO  util.JmxRegister (JmxRegister.java:tryRegister(44)) - Successfully registered JMX Bean with object name Ratis:service=RaftServer,group=group-1ECFD0FA5FAA,id=60edd344-8c94-447c-8e16-5fc09b19e128
2022-12-23 07:22:16,932 [pool-216-thread-1] INFO  server.RaftServerConfigKeys (ConfUtils.java:logGet(46)) - raft.server.snapshot.auto.trigger.enabled = true (custom)
2022-12-23 07:22:16,932 [pool-216-thread-1] INFO  server.RaftServerConfigKeys (ConfUtils.java:logGet(46)) - raft.server.snapshot.auto.trigger.threshold = 10000 (custom)
2022-12-23 07:22:16,932 [pool-216-thread-1] INFO  server.RaftServerConfigKeys (ConfUtils.java:logGet(46)) - raft.server.snapshot.retention.file.num = 5 (custom)
2022-12-23 07:22:16,932 [pool-216-thread-1] INFO  server.RaftServerConfigKeys (ConfUtils.java:logGet(46)) - raft.server.log.purge.upto.snapshot.index = false (default)
2022-12-23 07:22:16,934 [Command processor thread] INFO  ratis.XceiverServerRatis (XceiverServerRatis.java:addGroup(806)) - Created group PipelineID=ff429bfa-5720-405d-b1da-1ecfd0fa5faa
2022-12-23 07:22:16,936 [60edd344-8c94-447c-8e16-5fc09b19e128@group-1ECFD0FA5FAA-FollowerState] INFO  server.RaftServerConfigKeys (ConfUtils.java:logFallback(53)) - raft.server.rpc.first-election.timeout.min = 5s (fallback to raft.server.rpc.timeout.min)
2022-12-23 07:22:16,936 [60edd344-8c94-447c-8e16-5fc09b19e128@group-1ECFD0FA5FAA-FollowerState] INFO  server.RaftServerConfigKeys (ConfUtils.java:logFallback(53)) - raft.server.rpc.first-election.timeout.max = 5200ms (fallback to raft.server.rpc.timeout.max)
2022-12-23 07:22:16,946 [grpc-default-executor-0] INFO  server.RaftServer (RaftServerProxy.java:addNew(96)) - f8b4df33-cf88-4903-9aaa-0dcc4cf7d5e3: addNew group-1ECFD0FA5FAA:[f8b4df33-cf88-4903-9aaa-0dcc4cf7d5e3|rpc:10.1.0.40:38279|dataStream:10.1.0.40:45959|priority:0|startupRole:FOLLOWER, 60edd344-8c94-447c-8e16-5fc09b19e128|rpc:10.1.0.40:39167|dataStream:10.1.0.40:36111|priority:0|startupRole:FOLLOWER, 5eb9b934-91d7-4d34-88e4-5e2b9d3bfec0|rpc:10.1.0.40:33985|dataStream:10.1.0.40:42585|priority:1|startupRole:FOLLOWER] returns group-1ECFD0FA5FAA:java.util.concurrent.CompletableFuture@40d626f4[Not completed]
2022-12-23 07:22:16,947 [pool-239-thread-1] INFO  server.RaftServer$Division (RaftServerImpl.java:<init>(195)) - f8b4df33-cf88-4903-9aaa-0dcc4cf7d5e3: new RaftServerImpl for group-1ECFD0FA5FAA:[f8b4df33-cf88-4903-9aaa-0dcc4cf7d5e3|rpc:10.1.0.40:38279|dataStream:10.1.0.40:45959|priority:0|startupRole:FOLLOWER, 60edd344-8c94-447c-8e16-5fc09b19e128|rpc:10.1.0.40:39167|dataStream:10.1.0.40:36111|priority:0|startupRole:FOLLOWER, 5eb9b934-91d7-4d34-88e4-5e2b9d3bfec0|rpc:10.1.0.40:33985|dataStream:10.1.0.40:42585|priority:1|startupRole:FOLLOWER] with ContainerStateMachine:uninitialized
2022-12-23 07:22:16,947 [pool-239-thread-1] INFO  server.RaftServerConfigKeys (ConfUtils.java:logGet(46)) - raft.server.rpc.timeout.min = 5s (custom)
2022-12-23 07:22:16,947 [pool-239-thread-1] INFO  server.RaftServerConfigKeys (ConfUtils.java:logGet(46)) - raft.server.rpc.timeout.max = 5200ms (custom)
2022-12-23 07:22:16,947 [pool-239-thread-1] INFO  server.RaftServerConfigKeys (ConfUtils.java:logGet(46)) - raft.server.rpc.sleep.time = 25ms (default)
2022-12-23 07:22:16,947 [pool-239-thread-1] INFO  server.RaftServerConfigKeys (ConfUtils.java:logGet(46)) - raft.server.rpc.slowness.timeout = 300s (custom)
2022-12-23 07:22:16,947 [pool-239-thread-1] INFO  server.RaftServerConfigKeys (ConfUtils.java:logGet(46)) - raft.server.leaderelection.leader.step-down.wait-time = 10s (default)
2022-12-23 07:22:16,947 [pool-239-thread-1] INFO  server.RaftServerConfigKeys (ConfUtils.java:logGet(46)) - raft.server.sleep.deviation.threshold = 300ms (default)
2022-12-23 07:22:16,947 [pool-239-thread-1] INFO  server.RaftServer$Division (ServerState.java:<init>(118)) - f8b4df33-cf88-4903-9aaa-0dcc4cf7d5e3@group-1ECFD0FA5FAA: ConfigurationManager, init=-1: peers:[f8b4df33-cf88-4903-9aaa-0dcc4cf7d5e3|rpc:10.1.0.40:38279|dataStream:10.1.0.40:45959|priority:0|startupRole:FOLLOWER, 60edd344-8c94-447c-8e16-5fc09b19e128|rpc:10.1.0.40:39167|dataStream:10.1.0.40:36111|priority:0|startupRole:FOLLOWER, 5eb9b934-91d7-4d34-88e4-5e2b9d3bfec0|rpc:10.1.0.40:33985|dataStream:10.1.0.40:42585|priority:1|startupRole:FOLLOWER]|listeners:[], old=null, confs=<EMPTY_MAP>
2022-12-23 07:22:16,947 [pool-239-thread-1] INFO  server.RaftServerConfigKeys (ConfUtils.java:logGet(46)) - raft.server.storage.dir = [/home/runner/work/ozone/ozone/hadoop-ozone/integration-test/target/test-dir/MiniOzoneClusterImpl-92bcab56-ea6f-414a-bd9b-6ecfa13157ac/datanode-1/data/ratis] (custom)
2022-12-23 07:22:16,947 [pool-239-thread-1] INFO  server.RaftServerConfigKeys (ConfUtils.java:logGet(46)) - raft.server.log.corruption.policy = EXCEPTION (default)
2022-12-23 07:22:16,948 [pool-239-thread-1] INFO  server.RaftServerConfigKeys (ConfUtils.java:logGet(46)) - raft.server.storage.free-space.min = 0MB (=0) (default)
2022-12-23 07:22:16,948 [pool-239-thread-1] INFO  server.RaftServerConfigKeys (ConfUtils.java:logGet(46)) - raft.server.notification.no-leader.timeout = 300s (custom)
2022-12-23 07:22:16,948 [pool-239-thread-1] INFO  server.RaftServerConfigKeys (ConfUtils.java:logGet(46)) - raft.server.retrycache.expirytime = 600000ms (custom)
2022-12-23 07:22:16,948 [pool-239-thread-1] INFO  server.RaftServerConfigKeys (ConfUtils.java:logGet(46)) - raft.server.retrycache.statistics.expirytime = 100μs (default)
2022-12-23 07:22:16,949 [pool-239-thread-1] INFO  server.RaftServerConfigKeys (ConfUtils.java:logGet(46)) - raft.server.log.appender.install.snapshot.enabled = false (custom)
2022-12-23 07:22:16,949 [pool-239-thread-1] INFO  server.RaftServerConfigKeys (ConfUtils.java:logGet(46)) - raft.server.threadpool.server.cached = true (default)
2022-12-23 07:22:16,949 [pool-239-thread-1] INFO  server.RaftServerConfigKeys (ConfUtils.java:logGet(46)) - raft.server.threadpool.server.size = 0 (default)
2022-12-23 07:22:16,949 [pool-239-thread-1] INFO  server.RaftServerConfigKeys (ConfUtils.java:logGet(46)) - raft.server.threadpool.client.cached = true (default)
2022-12-23 07:22:16,949 [pool-239-thread-1] INFO  server.RaftServerConfigKeys (ConfUtils.java:logGet(46)) - raft.server.threadpool.client.size = 0 (default)
2022-12-23 07:22:16,949 [pool-239-thread-1] INFO  storage.RaftStorageDirectory (RaftStorageDirectoryImpl.java:analyzeStorage(137)) - The storage directory /home/runner/work/ozone/ozone/hadoop-ozone/integration-test/target/test-dir/MiniOzoneClusterImpl-92bcab56-ea6f-414a-bd9b-6ecfa13157ac/datanode-1/data/ratis/ff429bfa-5720-405d-b1da-1ecfd0fa5faa does not exist. Creating ...
2022-12-23 07:22:16,951 [pool-239-thread-1] INFO  storage.RaftStorageDirectory (RaftStorageDirectoryImpl.java:tryLock(231)) - Lock on /home/runner/work/ozone/ozone/hadoop-ozone/integration-test/target/test-dir/MiniOzoneClusterImpl-92bcab56-ea6f-414a-bd9b-6ecfa13157ac/datanode-1/data/ratis/ff429bfa-5720-405d-b1da-1ecfd0fa5faa/in_use.lock acquired by nodename 81300@fv-az505-480
2022-12-23 07:22:16,952 [pool-239-thread-1] INFO  storage.RaftStorage (RaftStorageImpl.java:format(96)) - Storage directory /home/runner/work/ozone/ozone/hadoop-ozone/integration-test/target/test-dir/MiniOzoneClusterImpl-92bcab56-ea6f-414a-bd9b-6ecfa13157ac/datanode-1/data/ratis/ff429bfa-5720-405d-b1da-1ecfd0fa5faa has been successfully formatted.
2022-12-23 07:22:16,953 [pool-239-thread-1] INFO  ratis.ContainerStateMachine (ContainerStateMachine.java:loadSnapshot(240)) - group-1ECFD0FA5FAA: The snapshot info is null. Setting the last applied indexto:(t:0, i:~)
2022-12-23 07:22:16,953 [pool-239-thread-1] INFO  server.RaftServerConfigKeys (ConfUtils.java:logGet(46)) - raft.server.log.use.memory = false (default)
2022-12-23 07:22:16,953 [pool-239-thread-1] INFO  server.RaftServerConfigKeys (ConfUtils.java:logGet(46)) - raft.server.log.purge.gap = 1000000 (custom)
2022-12-23 07:22:16,953 [pool-239-thread-1] INFO  server.RaftServerConfigKeys (ConfUtils.java:logGet(46)) - raft.server.log.appender.buffer.byte-limit = 33554432 (custom)
2022-12-23 07:22:16,953 [pool-239-thread-1] INFO  server.RaftServerConfigKeys (ConfUtils.java:logGet(46)) - raft.server.log.statemachine.data.read.timeout = 1000ms (default)
2022-12-23 07:22:16,953 [pool-239-thread-1] INFO  server.RaftServerConfigKeys (ConfUtils.java:logGet(46)) - raft.server.log.purge.preservation.log.num = 0 (default)
2022-12-23 07:22:16,954 [pool-239-thread-1] INFO  server.RaftServerConfigKeys (ConfUtils.java:logGet(46)) - raft.server.log.segment.size.max = 1048576 (custom)
2022-12-23 07:22:16,954 [EventQueue-CommandQueueReportForCommandQueueReportHandler] WARN  events.EventQueue (EventQueue.java:fireEvent(216)) - No event handler registered for event TypedEvent{payloadType=DatanodeDetails, name='Datanode_Command_Queue_Updated'}
2022-12-23 07:22:16,954 [pool-239-thread-1] INFO  server.RaftServerConfigKeys (ConfUtils.java:logGet(46)) - raft.server.log.segment.cache.num.max = 2 (custom)
2022-12-23 07:22:16,954 [pool-239-thread-1] INFO  server.RaftServerConfigKeys (ConfUtils.java:logGet(46)) - raft.server.log.segment.cache.size.max = 200MB (=209715200) (default)
2022-12-23 07:22:16,954 [pool-239-thread-1] INFO  segmented.SegmentedRaftLogWorker (SegmentedRaftLogWorker.java:<init>(189)) - new f8b4df33-cf88-4903-9aaa-0dcc4cf7d5e3@group-1ECFD0FA5FAA-SegmentedRaftLogWorker for RaftStorageImpl:Storage Directory /home/runner/work/ozone/ozone/hadoop-ozone/integration-test/target/test-dir/MiniOzoneClusterImpl-92bcab56-ea6f-414a-bd9b-6ecfa13157ac/datanode-1/data/ratis/ff429bfa-5720-405d-b1da-1ecfd0fa5faa
2022-12-23 07:22:16,954 [pool-239-thread-1] INFO  server.RaftServerConfigKeys (ConfUtils.java:logGet(46)) - raft.server.log.queue.byte-limit = 4294967296 (custom)
2022-12-23 07:22:16,955 [pool-239-thread-1] INFO  server.RaftServerConfigKeys (ConfUtils.java:logGet(46)) - raft.server.log.queue.element-limit = 1024 (custom)
2022-12-23 07:22:16,955 [pool-239-thread-1] INFO  server.RaftServerConfigKeys (ConfUtils.java:logGet(46)) - raft.server.log.segment.size.max = 1048576 (custom)
2022-12-23 07:22:16,955 [pool-239-thread-1] INFO  server.RaftServerConfigKeys (ConfUtils.java:logGet(46)) - raft.server.log.preallocated.size = 16384 (custom)
2022-12-23 07:22:16,955 [pool-239-thread-1] INFO  server.RaftServerConfigKeys (ConfUtils.java:logGet(46)) - raft.server.log.force.sync.num = 128 (default)
2022-12-23 07:22:16,955 [pool-239-thread-1] INFO  server.RaftServerConfigKeys (ConfUtils.java:logGet(46)) - raft.server.log.statemachine.data.sync = true (default)
2022-12-23 07:22:16,955 [pool-239-thread-1] INFO  server.RaftServerConfigKeys (ConfUtils.java:logGet(46)) - raft.server.log.statemachine.data.sync.timeout = 10s (default)
2022-12-23 07:22:16,955 [pool-239-thread-1] INFO  server.RaftServerConfigKeys (ConfUtils.java:logGet(46)) - raft.server.log.statemachine.data.sync.timeout.retry = -1 (default)
2022-12-23 07:22:16,955 [pool-239-thread-1] INFO  server.RaftServerConfigKeys (ConfUtils.java:logGet(46)) - raft.server.log.write.buffer.size = 1048576 (custom)
2022-12-23 07:22:16,956 [pool-239-thread-1] INFO  server.RaftServerConfigKeys (ConfUtils.java:logGet(46)) - raft.server.log.appender.buffer.byte-limit = 33554432 (custom)
2022-12-23 07:22:16,961 [pool-239-thread-1] INFO  server.RaftServerConfigKeys (ConfUtils.java:logGet(46)) - raft.server.log.unsafe-flush.enabled = false (default)
2022-12-23 07:22:16,961 [pool-239-thread-1] INFO  server.RaftServerConfigKeys (ConfUtils.java:logGet(46)) - raft.server.log.async-flush.enabled = false (default)
2022-12-23 07:22:16,961 [pool-239-thread-1] INFO  server.RaftServerConfigKeys (ConfUtils.java:logGet(46)) - raft.server.log.statemachine.data.caching.enabled = true (custom)
2022-12-23 07:22:16,962 [pool-239-thread-1] INFO  segmented.SegmentedRaftLogWorker (SegmentedRaftLogWorker.java:lambda$new$0(135)) - f8b4df33-cf88-4903-9aaa-0dcc4cf7d5e3@group-1ECFD0FA5FAA-SegmentedRaftLogWorker: flushIndex: setUnconditionally 0 -> -1
2022-12-23 07:22:16,962 [pool-239-thread-1] INFO  segmented.SegmentedRaftLogWorker (SegmentedRaftLogWorker.java:lambda$new$0(135)) - f8b4df33-cf88-4903-9aaa-0dcc4cf7d5e3@group-1ECFD0FA5FAA-SegmentedRaftLogWorker: safeCacheEvictIndex: setUnconditionally 0 -> -1
2022-12-23 07:22:16,962 [pool-239-thread-1] INFO  server.RaftServer$Division (RaftServerImpl.java:start(334)) - f8b4df33-cf88-4903-9aaa-0dcc4cf7d5e3@group-1ECFD0FA5FAA: start as a follower, conf=-1: peers:[f8b4df33-cf88-4903-9aaa-0dcc4cf7d5e3|rpc:10.1.0.40:38279|dataStream:10.1.0.40:45959|priority:0|startupRole:FOLLOWER, 60edd344-8c94-447c-8e16-5fc09b19e128|rpc:10.1.0.40:39167|dataStream:10.1.0.40:36111|priority:0|startupRole:FOLLOWER, 5eb9b934-91d7-4d34-88e4-5e2b9d3bfec0|rpc:10.1.0.40:33985|dataStream:10.1.0.40:42585|priority:1|startupRole:FOLLOWER]|listeners:[], old=null
2022-12-23 07:22:16,962 [pool-239-thread-1] INFO  server.RaftServer$Division (RaftServerImpl.java:setRole(321)) - f8b4df33-cf88-4903-9aaa-0dcc4cf7d5e3@group-1ECFD0FA5FAA: changes role from      null to FOLLOWER at term 0 for startAsFollower
2022-12-23 07:22:16,962 [pool-239-thread-1] INFO  impl.RoleInfo (RoleInfo.java:updateAndGet(139)) - f8b4df33-cf88-4903-9aaa-0dcc4cf7d5e3: start f8b4df33-cf88-4903-9aaa-0dcc4cf7d5e3@group-1ECFD0FA5FAA-FollowerState
2022-12-23 07:22:16,963 [pool-239-thread-1] INFO  util.JmxRegister (JmxRegister.java:tryRegister(44)) - Successfully registered JMX Bean with object name Ratis:service=RaftServer,group=group-1ECFD0FA5FAA,id=f8b4df33-cf88-4903-9aaa-0dcc4cf7d5e3
2022-12-23 07:22:16,963 [pool-239-thread-1] INFO  server.RaftServerConfigKeys (ConfUtils.java:logGet(46)) - raft.server.snapshot.auto.trigger.enabled = true (custom)
2022-12-23 07:22:16,963 [pool-239-thread-1] INFO  server.RaftServerConfigKeys (ConfUtils.java:logGet(46)) - raft.server.snapshot.auto.trigger.threshold = 10000 (custom)
2022-12-23 07:22:16,963 [pool-239-thread-1] INFO  server.RaftServerConfigKeys (ConfUtils.java:logGet(46)) - raft.server.snapshot.retention.file.num = 5 (custom)
2022-12-23 07:22:16,963 [pool-239-thread-1] INFO  server.RaftServerConfigKeys (ConfUtils.java:logGet(46)) - raft.server.log.purge.upto.snapshot.index = false (default)
2022-12-23 07:22:16,963 [f8b4df33-cf88-4903-9aaa-0dcc4cf7d5e3@group-1ECFD0FA5FAA-FollowerState] INFO  server.RaftServerConfigKeys (ConfUtils.java:logFallback(53)) - raft.server.rpc.first-election.timeout.min = 5s (fallback to raft.server.rpc.timeout.min)
2022-12-23 07:22:16,963 [f8b4df33-cf88-4903-9aaa-0dcc4cf7d5e3@group-1ECFD0FA5FAA-FollowerState] INFO  server.RaftServerConfigKeys (ConfUtils.java:logFallback(53)) - raft.server.rpc.first-election.timeout.max = 5200ms (fallback to raft.server.rpc.timeout.max)
2022-12-23 07:22:16,977 [grpc-default-executor-0] INFO  server.RaftServer (RaftServerProxy.java:addNew(96)) - 5eb9b934-91d7-4d34-88e4-5e2b9d3bfec0: addNew group-1ECFD0FA5FAA:[f8b4df33-cf88-4903-9aaa-0dcc4cf7d5e3|rpc:10.1.0.40:38279|dataStream:10.1.0.40:45959|priority:0|startupRole:FOLLOWER, 60edd344-8c94-447c-8e16-5fc09b19e128|rpc:10.1.0.40:39167|dataStream:10.1.0.40:36111|priority:0|startupRole:FOLLOWER, 5eb9b934-91d7-4d34-88e4-5e2b9d3bfec0|rpc:10.1.0.40:33985|dataStream:10.1.0.40:42585|priority:1|startupRole:FOLLOWER] returns group-1ECFD0FA5FAA:java.util.concurrent.CompletableFuture@5e906507[Not completed]
2022-12-23 07:22:16,978 [pool-262-thread-1] INFO  server.RaftServer$Division (RaftServerImpl.java:<init>(195)) - 5eb9b934-91d7-4d34-88e4-5e2b9d3bfec0: new RaftServerImpl for group-1ECFD0FA5FAA:[f8b4df33-cf88-4903-9aaa-0dcc4cf7d5e3|rpc:10.1.0.40:38279|dataStream:10.1.0.40:45959|priority:0|startupRole:FOLLOWER, 60edd344-8c94-447c-8e16-5fc09b19e128|rpc:10.1.0.40:39167|dataStream:10.1.0.40:36111|priority:0|startupRole:FOLLOWER, 5eb9b934-91d7-4d34-88e4-5e2b9d3bfec0|rpc:10.1.0.40:33985|dataStream:10.1.0.40:42585|priority:1|startupRole:FOLLOWER] with ContainerStateMachine:uninitialized
2022-12-23 07:22:16,978 [pool-262-thread-1] INFO  server.RaftServerConfigKeys (ConfUtils.java:logGet(46)) - raft.server.rpc.timeout.min = 5s (custom)
2022-12-23 07:22:16,978 [pool-262-thread-1] INFO  server.RaftServerConfigKeys (ConfUtils.java:logGet(46)) - raft.server.rpc.timeout.max = 5200ms (custom)
2022-12-23 07:22:16,978 [pool-262-thread-1] INFO  server.RaftServerConfigKeys (ConfUtils.java:logGet(46)) - raft.server.rpc.sleep.time = 25ms (default)
2022-12-23 07:22:16,978 [pool-262-thread-1] INFO  server.RaftServerConfigKeys (ConfUtils.java:logGet(46)) - raft.server.rpc.slowness.timeout = 300s (custom)
2022-12-23 07:22:16,979 [pool-262-thread-1] INFO  server.RaftServerConfigKeys (ConfUtils.java:logGet(46)) - raft.server.leaderelection.leader.step-down.wait-time = 10s (default)
2022-12-23 07:22:16,979 [pool-262-thread-1] INFO  server.RaftServerConfigKeys (ConfUtils.java:logGet(46)) - raft.server.sleep.deviation.threshold = 300ms (default)
2022-12-23 07:22:16,979 [pool-262-thread-1] INFO  server.RaftServer$Division (ServerState.java:<init>(118)) - 5eb9b934-91d7-4d34-88e4-5e2b9d3bfec0@group-1ECFD0FA5FAA: ConfigurationManager, init=-1: peers:[f8b4df33-cf88-4903-9aaa-0dcc4cf7d5e3|rpc:10.1.0.40:38279|dataStream:10.1.0.40:45959|priority:0|startupRole:FOLLOWER, 60edd344-8c94-447c-8e16-5fc09b19e128|rpc:10.1.0.40:39167|dataStream:10.1.0.40:36111|priority:0|startupRole:FOLLOWER, 5eb9b934-91d7-4d34-88e4-5e2b9d3bfec0|rpc:10.1.0.40:33985|dataStream:10.1.0.40:42585|priority:1|startupRole:FOLLOWER]|listeners:[], old=null, confs=<EMPTY_MAP>
2022-12-23 07:22:16,979 [pool-262-thread-1] INFO  server.RaftServerConfigKeys (ConfUtils.java:logGet(46)) - raft.server.storage.dir = [/home/runner/work/ozone/ozone/hadoop-ozone/integration-test/target/test-dir/MiniOzoneClusterImpl-92bcab56-ea6f-414a-bd9b-6ecfa13157ac/datanode-2/data/ratis] (custom)
2022-12-23 07:22:16,979 [pool-262-thread-1] INFO  server.RaftServerConfigKeys (ConfUtils.java:logGet(46)) - raft.server.log.corruption.policy = EXCEPTION (default)
2022-12-23 07:22:16,979 [pool-262-thread-1] INFO  server.RaftServerConfigKeys (ConfUtils.java:logGet(46)) - raft.server.storage.free-space.min = 0MB (=0) (default)
2022-12-23 07:22:16,979 [pool-262-thread-1] INFO  server.RaftServerConfigKeys (ConfUtils.java:logGet(46)) - raft.server.notification.no-leader.timeout = 300s (custom)
2022-12-23 07:22:16,979 [pool-262-thread-1] INFO  server.RaftServerConfigKeys (ConfUtils.java:logGet(46)) - raft.server.retrycache.expirytime = 600000ms (custom)
2022-12-23 07:22:16,979 [pool-262-thread-1] INFO  server.RaftServerConfigKeys (ConfUtils.java:logGet(46)) - raft.server.retrycache.statistics.expirytime = 100μs (default)
2022-12-23 07:22:16,980 [pool-262-thread-1] INFO  server.RaftServerConfigKeys (ConfUtils.java:logGet(46)) - raft.server.log.appender.install.snapshot.enabled = false (custom)
2022-12-23 07:22:16,980 [pool-262-thread-1] INFO  server.RaftServerConfigKeys (ConfUtils.java:logGet(46)) - raft.server.threadpool.server.cached = true (default)
2022-12-23 07:22:16,980 [pool-262-thread-1] INFO  server.RaftServerConfigKeys (ConfUtils.java:logGet(46)) - raft.server.threadpool.server.size = 0 (default)
2022-12-23 07:22:16,980 [pool-262-thread-1] INFO  server.RaftServerConfigKeys (ConfUtils.java:logGet(46)) - raft.server.threadpool.client.cached = true (default)
2022-12-23 07:22:16,980 [pool-262-thread-1] INFO  server.RaftServerConfigKeys (ConfUtils.java:logGet(46)) - raft.server.threadpool.client.size = 0 (default)
2022-12-23 07:22:16,980 [pool-262-thread-1] INFO  storage.RaftStorageDirectory (RaftStorageDirectoryImpl.java:analyzeStorage(137)) - The storage directory /home/runner/work/ozone/ozone/hadoop-ozone/integration-test/target/test-dir/MiniOzoneClusterImpl-92bcab56-ea6f-414a-bd9b-6ecfa13157ac/datanode-2/data/ratis/ff429bfa-5720-405d-b1da-1ecfd0fa5faa does not exist. Creating ...
2022-12-23 07:22:16,981 [pool-262-thread-1] INFO  storage.RaftStorageDirectory (RaftStorageDirectoryImpl.java:tryLock(231)) - Lock on /home/runner/work/ozone/ozone/hadoop-ozone/integration-test/target/test-dir/MiniOzoneClusterImpl-92bcab56-ea6f-414a-bd9b-6ecfa13157ac/datanode-2/data/ratis/ff429bfa-5720-405d-b1da-1ecfd0fa5faa/in_use.lock acquired by nodename 81300@fv-az505-480
2022-12-23 07:22:16,983 [pool-262-thread-1] INFO  storage.RaftStorage (RaftStorageImpl.java:format(96)) - Storage directory /home/runner/work/ozone/ozone/hadoop-ozone/integration-test/target/test-dir/MiniOzoneClusterImpl-92bcab56-ea6f-414a-bd9b-6ecfa13157ac/datanode-2/data/ratis/ff429bfa-5720-405d-b1da-1ecfd0fa5faa has been successfully formatted.
2022-12-23 07:22:16,984 [pool-262-thread-1] INFO  ratis.ContainerStateMachine (ContainerStateMachine.java:loadSnapshot(240)) - group-1ECFD0FA5FAA: The snapshot info is null. Setting the last applied indexto:(t:0, i:~)
2022-12-23 07:22:16,984 [pool-262-thread-1] INFO  server.RaftServerConfigKeys (ConfUtils.java:logGet(46)) - raft.server.log.use.memory = false (default)
2022-12-23 07:22:16,984 [pool-262-thread-1] INFO  server.RaftServerConfigKeys (ConfUtils.java:logGet(46)) - raft.server.log.purge.gap = 1000000 (custom)
2022-12-23 07:22:16,984 [pool-262-thread-1] INFO  server.RaftServerConfigKeys (ConfUtils.java:logGet(46)) - raft.server.log.appender.buffer.byte-limit = 33554432 (custom)
2022-12-23 07:22:16,984 [pool-262-thread-1] INFO  server.RaftServerConfigKeys (ConfUtils.java:logGet(46)) - raft.server.log.statemachine.data.read.timeout = 1000ms (default)
2022-12-23 07:22:16,984 [pool-262-thread-1] INFO  server.RaftServerConfigKeys (ConfUtils.java:logGet(46)) - raft.server.log.purge.preservation.log.num = 0 (default)
2022-12-23 07:22:16,984 [EventQueue-CommandQueueReportForCommandQueueReportHandler] WARN  events.EventQueue (EventQueue.java:fireEvent(216)) - No event handler registered for event TypedEvent{payloadType=DatanodeDetails, name='Datanode_Command_Queue_Updated'}
2022-12-23 07:22:16,985 [pool-262-thread-1] INFO  server.RaftServerConfigKeys (ConfUtils.java:logGet(46)) - raft.server.log.segment.size.max = 1048576 (custom)
2022-12-23 07:22:16,985 [pool-262-thread-1] INFO  server.RaftServerConfigKeys (ConfUtils.java:logGet(46)) - raft.server.log.segment.cache.num.max = 2 (custom)
2022-12-23 07:22:16,985 [pool-262-thread-1] INFO  server.RaftServerConfigKeys (ConfUtils.java:logGet(46)) - raft.server.log.segment.cache.size.max = 200MB (=209715200) (default)
2022-12-23 07:22:16,985 [pool-262-thread-1] INFO  segmented.SegmentedRaftLogWorker (SegmentedRaftLogWorker.java:<init>(189)) - new 5eb9b934-91d7-4d34-88e4-5e2b9d3bfec0@group-1ECFD0FA5FAA-SegmentedRaftLogWorker for RaftStorageImpl:Storage Directory /home/runner/work/ozone/ozone/hadoop-ozone/integration-test/target/test-dir/MiniOzoneClusterImpl-92bcab56-ea6f-414a-bd9b-6ecfa13157ac/datanode-2/data/ratis/ff429bfa-5720-405d-b1da-1ecfd0fa5faa
2022-12-23 07:22:16,986 [pool-262-thread-1] INFO  server.RaftServerConfigKeys (ConfUtils.java:logGet(46)) - raft.server.log.queue.byte-limit = 4294967296 (custom)
2022-12-23 07:22:16,986 [pool-262-thread-1] INFO  server.RaftServerConfigKeys (ConfUtils.java:logGet(46)) - raft.server.log.queue.element-limit = 1024 (custom)
2022-12-23 07:22:16,986 [pool-262-thread-1] INFO  server.RaftServerConfigKeys (ConfUtils.java:logGet(46)) - raft.server.log.segment.size.max = 1048576 (custom)
2022-12-23 07:22:16,986 [pool-262-thread-1] INFO  server.RaftServerConfigKeys (ConfUtils.java:logGet(46)) - raft.server.log.preallocated.size = 16384 (custom)
2022-12-23 07:22:16,986 [pool-262-thread-1] INFO  server.RaftServerConfigKeys (ConfUtils.java:logGet(46)) - raft.server.log.force.sync.num = 128 (default)
2022-12-23 07:22:16,986 [pool-262-thread-1] INFO  server.RaftServerConfigKeys (ConfUtils.java:logGet(46)) - raft.server.log.statemachine.data.sync = true (default)
2022-12-23 07:22:16,986 [pool-262-thread-1] INFO  server.RaftServerConfigKeys (ConfUtils.java:logGet(46)) - raft.server.log.statemachine.data.sync.timeout = 10s (default)
2022-12-23 07:22:16,986 [pool-262-thread-1] INFO  server.RaftServerConfigKeys (ConfUtils.java:logGet(46)) - raft.server.log.statemachine.data.sync.timeout.retry = -1 (default)
2022-12-23 07:22:16,986 [pool-262-thread-1] INFO  server.RaftServerConfigKeys (ConfUtils.java:logGet(46)) - raft.server.log.write.buffer.size = 1048576 (custom)
2022-12-23 07:22:16,987 [pool-262-thread-1] INFO  server.RaftServerConfigKeys (ConfUtils.java:logGet(46)) - raft.server.log.appender.buffer.byte-limit = 33554432 (custom)
2022-12-23 07:22:16,993 [pool-262-thread-1] INFO  server.RaftServerConfigKeys (ConfUtils.java:logGet(46)) - raft.server.log.unsafe-flush.enabled = false (default)
2022-12-23 07:22:16,993 [pool-262-thread-1] INFO  server.RaftServerConfigKeys (ConfUtils.java:logGet(46)) - raft.server.log.async-flush.enabled = false (default)
2022-12-23 07:22:16,993 [pool-262-thread-1] INFO  server.RaftServerConfigKeys (ConfUtils.java:logGet(46)) - raft.server.log.statemachine.data.caching.enabled = true (custom)
2022-12-23 07:22:16,993 [pool-262-thread-1] INFO  segmented.SegmentedRaftLogWorker (SegmentedRaftLogWorker.java:lambda$new$0(135)) - 5eb9b934-91d7-4d34-88e4-5e2b9d3bfec0@group-1ECFD0FA5FAA-SegmentedRaftLogWorker: flushIndex: setUnconditionally 0 -> -1
2022-12-23 07:22:16,993 [pool-262-thread-1] INFO  segmented.SegmentedRaftLogWorker (SegmentedRaftLogWorker.java:lambda$new$0(135)) - 5eb9b934-91d7-4d34-88e4-5e2b9d3bfec0@group-1ECFD0FA5FAA-SegmentedRaftLogWorker: safeCacheEvictIndex: setUnconditionally 0 -> -1
2022-12-23 07:22:16,993 [pool-262-thread-1] INFO  server.RaftServer$Division (RaftServerImpl.java:start(334)) - 5eb9b934-91d7-4d34-88e4-5e2b9d3bfec0@group-1ECFD0FA5FAA: start as a follower, conf=-1: peers:[f8b4df33-cf88-4903-9aaa-0dcc4cf7d5e3|rpc:10.1.0.40:38279|dataStream:10.1.0.40:45959|priority:0|startupRole:FOLLOWER, 60edd344-8c94-447c-8e16-5fc09b19e128|rpc:10.1.0.40:39167|dataStream:10.1.0.40:36111|priority:0|startupRole:FOLLOWER, 5eb9b934-91d7-4d34-88e4-5e2b9d3bfec0|rpc:10.1.0.40:33985|dataStream:10.1.0.40:42585|priority:1|startupRole:FOLLOWER]|listeners:[], old=null
2022-12-23 07:22:16,993 [pool-262-thread-1] INFO  server.RaftServer$Division (RaftServerImpl.java:setRole(321)) - 5eb9b934-91d7-4d34-88e4-5e2b9d3bfec0@group-1ECFD0FA5FAA: changes role from      null to FOLLOWER at term 0 for startAsFollower
2022-12-23 07:22:16,993 [pool-262-thread-1] INFO  impl.RoleInfo (RoleInfo.java:updateAndGet(139)) - 5eb9b934-91d7-4d34-88e4-5e2b9d3bfec0: start 5eb9b934-91d7-4d34-88e4-5e2b9d3bfec0@group-1ECFD0FA5FAA-FollowerState
2022-12-23 07:22:16,994 [pool-262-thread-1] INFO  util.JmxRegister (JmxRegister.java:tryRegister(44)) - Successfully registered JMX Bean with object name Ratis:service=RaftServer,group=group-1ECFD0FA5FAA,id=5eb9b934-91d7-4d34-88e4-5e2b9d3bfec0
2022-12-23 07:22:16,994 [5eb9b934-91d7-4d34-88e4-5e2b9d3bfec0@group-1ECFD0FA5FAA-FollowerState] INFO  server.RaftServerConfigKeys (ConfUtils.java:logFallback(53)) - raft.server.rpc.first-election.timeout.min = 5s (fallback to raft.server.rpc.timeout.min)
2022-12-23 07:22:16,994 [pool-262-thread-1] INFO  server.RaftServerConfigKeys (ConfUtils.java:logGet(46)) - raft.server.snapshot.auto.trigger.enabled = true (custom)
2022-12-23 07:22:16,994 [5eb9b934-91d7-4d34-88e4-5e2b9d3bfec0@group-1ECFD0FA5FAA-FollowerState] INFO  server.RaftServerConfigKeys (ConfUtils.java:logFallback(53)) - raft.server.rpc.first-election.timeout.max = 5200ms (fallback to raft.server.rpc.timeout.max)
2022-12-23 07:22:16,994 [pool-262-thread-1] INFO  server.RaftServerConfigKeys (ConfUtils.java:logGet(46)) - raft.server.snapshot.auto.trigger.threshold = 10000 (custom)
2022-12-23 07:22:16,994 [pool-262-thread-1] INFO  server.RaftServerConfigKeys (ConfUtils.java:logGet(46)) - raft.server.snapshot.retention.file.num = 5 (custom)
2022-12-23 07:22:16,994 [pool-262-thread-1] INFO  server.RaftServerConfigKeys (ConfUtils.java:logGet(46)) - raft.server.log.purge.upto.snapshot.index = false (default)
2022-12-23 07:22:16,999 [Command processor thread] INFO  commandhandler.CreatePipelineCommandHandler (CreatePipelineCommandHandler.java:handle(113)) - Created Pipeline RATIS THREE PipelineID=ff429bfa-5720-405d-b1da-1ecfd0fa5faa.
2022-12-23 07:22:17,064 [Command processor thread] INFO  server.RaftServer (RaftServerProxy.java:addNew(96)) - f8b4df33-cf88-4903-9aaa-0dcc4cf7d5e3: addNew group-2CFEBC390F04:[f8b4df33-cf88-4903-9aaa-0dcc4cf7d5e3|rpc:10.1.0.40:38279|dataStream:10.1.0.40:45959|priority:1|startupRole:FOLLOWER] returns group-2CFEBC390F04:java.util.concurrent.CompletableFuture@78c18b56[Not completed]
2022-12-23 07:22:17,065 [pool-239-thread-1] INFO  server.RaftServer$Division (RaftServerImpl.java:<init>(195)) - f8b4df33-cf88-4903-9aaa-0dcc4cf7d5e3: new RaftServerImpl for group-2CFEBC390F04:[f8b4df33-cf88-4903-9aaa-0dcc4cf7d5e3|rpc:10.1.0.40:38279|dataStream:10.1.0.40:45959|priority:1|startupRole:FOLLOWER] with ContainerStateMachine:uninitialized
2022-12-23 07:22:17,066 [pool-239-thread-1] INFO  server.RaftServerConfigKeys (ConfUtils.java:logGet(46)) - raft.server.rpc.timeout.min = 5s (custom)
2022-12-23 07:22:17,066 [pool-239-thread-1] INFO  server.RaftServerConfigKeys (ConfUtils.java:logGet(46)) - raft.server.rpc.timeout.max = 5200ms (custom)
2022-12-23 07:22:17,066 [pool-239-thread-1] INFO  server.RaftServerConfigKeys (ConfUtils.java:logGet(46)) - raft.server.rpc.sleep.time = 25ms (default)
2022-12-23 07:22:17,066 [pool-239-thread-1] INFO  server.RaftServerConfigKeys (ConfUtils.java:logGet(46)) - raft.server.rpc.slowness.timeout = 300s (custom)
2022-12-23 07:22:17,066 [pool-239-thread-1] INFO  server.RaftServerConfigKeys (ConfUtils.java:logGet(46)) - raft.server.leaderelection.leader.step-down.wait-time = 10s (default)
2022-12-23 07:22:17,066 [pool-239-thread-1] INFO  server.RaftServerConfigKeys (ConfUtils.java:logGet(46)) - raft.server.sleep.deviation.threshold = 300ms (default)
2022-12-23 07:22:17,066 [pool-239-thread-1] INFO  server.RaftServer$Division (ServerState.java:<init>(118)) - f8b4df33-cf88-4903-9aaa-0dcc4cf7d5e3@group-2CFEBC390F04: ConfigurationManager, init=-1: peers:[f8b4df33-cf88-4903-9aaa-0dcc4cf7d5e3|rpc:10.1.0.40:38279|dataStream:10.1.0.40:45959|priority:1|startupRole:FOLLOWER]|listeners:[], old=null, confs=<EMPTY_MAP>
2022-12-23 07:22:17,066 [pool-239-thread-1] INFO  server.RaftServerConfigKeys (ConfUtils.java:logGet(46)) - raft.server.storage.dir = [/home/runner/work/ozone/ozone/hadoop-ozone/integration-test/target/test-dir/MiniOzoneClusterImpl-92bcab56-ea6f-414a-bd9b-6ecfa13157ac/datanode-1/data/ratis] (custom)
2022-12-23 07:22:17,066 [pool-239-thread-1] INFO  server.RaftServerConfigKeys (ConfUtils.java:logGet(46)) - raft.server.log.corruption.policy = EXCEPTION (default)
2022-12-23 07:22:17,066 [pool-239-thread-1] INFO  server.RaftServerConfigKeys (ConfUtils.java:logGet(46)) - raft.server.storage.free-space.min = 0MB (=0) (default)
2022-12-23 07:22:17,066 [pool-239-thread-1] INFO  server.RaftServerConfigKeys (ConfUtils.java:logGet(46)) - raft.server.notification.no-leader.timeout = 300s (custom)
2022-12-23 07:22:17,066 [pool-239-thread-1] INFO  server.RaftServerConfigKeys (ConfUtils.java:logGet(46)) - raft.server.retrycache.expirytime = 600000ms (custom)
2022-12-23 07:22:17,066 [pool-239-thread-1] INFO  server.RaftServerConfigKeys (ConfUtils.java:logGet(46)) - raft.server.retrycache.statistics.expirytime = 100μs (default)
2022-12-23 07:22:17,067 [pool-239-thread-1] INFO  server.RaftServerConfigKeys (ConfUtils.java:logGet(46)) - raft.server.log.appender.install.snapshot.enabled = false (custom)
2022-12-23 07:22:17,067 [pool-239-thread-1] INFO  server.RaftServerConfigKeys (ConfUtils.java:logGet(46)) - raft.server.threadpool.server.cached = true (default)
2022-12-23 07:22:17,067 [pool-239-thread-1] INFO  server.RaftServerConfigKeys (ConfUtils.java:logGet(46)) - raft.server.threadpool.server.size = 0 (default)
2022-12-23 07:22:17,067 [pool-239-thread-1] INFO  server.RaftServerConfigKeys (ConfUtils.java:logGet(46)) - raft.server.threadpool.client.cached = true (default)
2022-12-23 07:22:17,067 [pool-239-thread-1] INFO  server.RaftServerConfigKeys (ConfUtils.java:logGet(46)) - raft.server.threadpool.client.size = 0 (default)
2022-12-23 07:22:17,068 [pool-239-thread-1] INFO  storage.RaftStorageDirectory (RaftStorageDirectoryImpl.java:analyzeStorage(137)) - The storage directory /home/runner/work/ozone/ozone/hadoop-ozone/integration-test/target/test-dir/MiniOzoneClusterImpl-92bcab56-ea6f-414a-bd9b-6ecfa13157ac/datanode-1/data/ratis/d2236d71-602a-4cf3-8c09-2cfebc390f04 does not exist. Creating ...
2022-12-23 07:22:17,073 [pool-239-thread-1] INFO  storage.RaftStorageDirectory (RaftStorageDirectoryImpl.java:tryLock(231)) - Lock on /home/runner/work/ozone/ozone/hadoop-ozone/integration-test/target/test-dir/MiniOzoneClusterImpl-92bcab56-ea6f-414a-bd9b-6ecfa13157ac/datanode-1/data/ratis/d2236d71-602a-4cf3-8c09-2cfebc390f04/in_use.lock acquired by nodename 81300@fv-az505-480
2022-12-23 07:22:17,075 [pool-239-thread-1] INFO  storage.RaftStorage (RaftStorageImpl.java:format(96)) - Storage directory /home/runner/work/ozone/ozone/hadoop-ozone/integration-test/target/test-dir/MiniOzoneClusterImpl-92bcab56-ea6f-414a-bd9b-6ecfa13157ac/datanode-1/data/ratis/d2236d71-602a-4cf3-8c09-2cfebc390f04 has been successfully formatted.
2022-12-23 07:22:17,076 [pool-239-thread-1] INFO  ratis.ContainerStateMachine (ContainerStateMachine.java:loadSnapshot(240)) - group-2CFEBC390F04: The snapshot info is null. Setting the last applied indexto:(t:0, i:~)
2022-12-23 07:22:17,076 [EventQueue-CommandQueueReportForCommandQueueReportHandler] WARN  events.EventQueue (EventQueue.java:fireEvent(216)) - No event handler registered for event TypedEvent{payloadType=DatanodeDetails, name='Datanode_Command_Queue_Updated'}
2022-12-23 07:22:17,077 [EventQueue-PipelineReportForPipelineReportHandler] INFO  pipeline.PipelineManagerImpl (PipelineManagerImpl.java:openPipeline(367)) - Pipeline Pipeline[ Id: d2236d71-602a-4cf3-8c09-2cfebc390f04, Nodes: f8b4df33-cf88-4903-9aaa-0dcc4cf7d5e3{ip: 10.1.0.40, host: fv-az505-480.g2e1luzo1moefklhgra4trf2va.dx.internal.cloudapp.net, ports: [REPLICATION=36675, RATIS=38279, RATIS_ADMIN=38279, RATIS_SERVER=38279, RATIS_DATASTREAM=45959, STANDALONE=39211], networkLocation: /default-rack, certSerialId: null, persistedOpState: IN_SERVICE, persistedOpStateExpiryEpochSec: 0}, ReplicationConfig: RATIS/ONE, State:ALLOCATED, leaderId:f8b4df33-cf88-4903-9aaa-0dcc4cf7d5e3, CreationTimestamp2022-12-23T07:22:14.069Z[Etc/UTC]] moved to OPEN state
2022-12-23 07:22:17,078 [EventQueue-OpenPipelineForHealthyPipelineSafeModeRule] INFO  safemode.SCMSafeModeManager (HealthyPipelineSafeModeRule.java:process(137)) - SCM in safe mode. Healthy pipelines reported count is 0, required healthy pipeline reported count is 1
2022-12-23 07:22:17,078 [pool-239-thread-1] INFO  server.RaftServerConfigKeys (ConfUtils.java:logGet(46)) - raft.server.log.use.memory = false (default)
2022-12-23 07:22:17,078 [pool-239-thread-1] INFO  server.RaftServerConfigKeys (ConfUtils.java:logGet(46)) - raft.server.log.purge.gap = 1000000 (custom)
2022-12-23 07:22:17,078 [pool-239-thread-1] INFO  server.RaftServerConfigKeys (ConfUtils.java:logGet(46)) - raft.server.log.appender.buffer.byte-limit = 33554432 (custom)
2022-12-23 07:22:17,078 [pool-239-thread-1] INFO  server.RaftServerConfigKeys (ConfUtils.java:logGet(46)) - raft.server.log.statemachine.data.read.timeout = 1000ms (default)
2022-12-23 07:22:17,078 [pool-239-thread-1] INFO  server.RaftServerConfigKeys (ConfUtils.java:logGet(46)) - raft.server.log.purge.preservation.log.num = 0 (default)
2022-12-23 07:22:17,078 [pool-239-thread-1] INFO  server.RaftServerConfigKeys (ConfUtils.java:logGet(46)) - raft.server.log.segment.size.max = 1048576 (custom)
2022-12-23 07:22:17,079 [pool-239-thread-1] INFO  server.RaftServerConfigKeys (ConfUtils.java:logGet(46)) - raft.server.log.segment.cache.num.max = 2 (custom)
2022-12-23 07:22:17,079 [pool-239-thread-1] INFO  server.RaftServerConfigKeys (ConfUtils.java:logGet(46)) - raft.server.log.segment.cache.size.max = 200MB (=209715200) (default)
2022-12-23 07:22:17,079 [pool-239-thread-1] INFO  segmented.SegmentedRaftLogWorker (SegmentedRaftLogWorker.java:<init>(189)) - new f8b4df33-cf88-4903-9aaa-0dcc4cf7d5e3@group-2CFEBC390F04-SegmentedRaftLogWorker for RaftStorageImpl:Storage Directory /home/runner/work/ozone/ozone/hadoop-ozone/integration-test/target/test-dir/MiniOzoneClusterImpl-92bcab56-ea6f-414a-bd9b-6ecfa13157ac/datanode-1/data/ratis/d2236d71-602a-4cf3-8c09-2cfebc390f04
2022-12-23 07:22:17,079 [pool-239-thread-1] INFO  server.RaftServerConfigKeys (ConfUtils.java:logGet(46)) - raft.server.log.queue.byte-limit = 4294967296 (custom)
2022-12-23 07:22:17,079 [pool-239-thread-1] INFO  server.RaftServerConfigKeys (ConfUtils.java:logGet(46)) - raft.server.log.queue.element-limit = 1024 (custom)
2022-12-23 07:22:17,079 [pool-239-thread-1] INFO  server.RaftServerConfigKeys (ConfUtils.java:logGet(46)) - raft.server.log.segment.size.max = 1048576 (custom)
2022-12-23 07:22:17,079 [pool-239-thread-1] INFO  server.RaftServerConfigKeys (ConfUtils.java:logGet(46)) - raft.server.log.preallocated.size = 16384 (custom)
2022-12-23 07:22:17,079 [pool-239-thread-1] INFO  server.RaftServerConfigKeys (ConfUtils.java:logGet(46)) - raft.server.log.force.sync.num = 128 (default)
2022-12-23 07:22:17,079 [pool-239-thread-1] INFO  server.RaftServerConfigKeys (ConfUtils.java:logGet(46)) - raft.server.log.statemachine.data.sync = true (default)
2022-12-23 07:22:17,079 [pool-239-thread-1] INFO  server.RaftServerConfigKeys (ConfUtils.java:logGet(46)) - raft.server.log.statemachine.data.sync.timeout = 10s (default)
2022-12-23 07:22:17,079 [pool-239-thread-1] INFO  server.RaftServerConfigKeys (ConfUtils.java:logGet(46)) - raft.server.log.statemachine.data.sync.timeout.retry = -1 (default)
2022-12-23 07:22:17,080 [pool-239-thread-1] INFO  server.RaftServerConfigKeys (ConfUtils.java:logGet(46)) - raft.server.log.write.buffer.size = 1048576 (custom)
2022-12-23 07:22:17,085 [pool-239-thread-1] INFO  server.RaftServerConfigKeys (ConfUtils.java:logGet(46)) - raft.server.log.appender.buffer.byte-limit = 33554432 (custom)
2022-12-23 07:22:17,090 [pool-239-thread-1] INFO  server.RaftServerConfigKeys (ConfUtils.java:logGet(46)) - raft.server.log.unsafe-flush.enabled = false (default)
2022-12-23 07:22:17,090 [pool-239-thread-1] INFO  server.RaftServerConfigKeys (ConfUtils.java:logGet(46)) - raft.server.log.async-flush.enabled = false (default)
2022-12-23 07:22:17,090 [pool-239-thread-1] INFO  server.RaftServerConfigKeys (ConfUtils.java:logGet(46)) - raft.server.log.statemachine.data.caching.enabled = true (custom)
2022-12-23 07:22:17,091 [pool-239-thread-1] INFO  segmented.SegmentedRaftLogWorker (SegmentedRaftLogWorker.java:lambda$new$0(135)) - f8b4df33-cf88-4903-9aaa-0dcc4cf7d5e3@group-2CFEBC390F04-SegmentedRaftLogWorker: flushIndex: setUnconditionally 0 -> -1
2022-12-23 07:22:17,091 [pool-239-thread-1] INFO  segmented.SegmentedRaftLogWorker (SegmentedRaftLogWorker.java:lambda$new$0(135)) - f8b4df33-cf88-4903-9aaa-0dcc4cf7d5e3@group-2CFEBC390F04-SegmentedRaftLogWorker: safeCacheEvictIndex: setUnconditionally 0 -> -1
2022-12-23 07:22:17,091 [pool-239-thread-1] INFO  server.RaftServer$Division (RaftServerImpl.java:start(334)) - f8b4df33-cf88-4903-9aaa-0dcc4cf7d5e3@group-2CFEBC390F04: start as a follower, conf=-1: peers:[f8b4df33-cf88-4903-9aaa-0dcc4cf7d5e3|rpc:10.1.0.40:38279|dataStream:10.1.0.40:45959|priority:1|startupRole:FOLLOWER]|listeners:[], old=null
2022-12-23 07:22:17,091 [pool-239-thread-1] INFO  server.RaftServer$Division (RaftServerImpl.java:setRole(321)) - f8b4df33-cf88-4903-9aaa-0dcc4cf7d5e3@group-2CFEBC390F04: changes role from      null to FOLLOWER at term 0 for startAsFollower
2022-12-23 07:22:17,091 [pool-239-thread-1] INFO  impl.RoleInfo (RoleInfo.java:updateAndGet(139)) - f8b4df33-cf88-4903-9aaa-0dcc4cf7d5e3: start f8b4df33-cf88-4903-9aaa-0dcc4cf7d5e3@group-2CFEBC390F04-FollowerState
2022-12-23 07:22:17,092 [pool-239-thread-1] INFO  util.JmxRegister (JmxRegister.java:tryRegister(44)) - Successfully registered JMX Bean with object name Ratis:service=RaftServer,group=group-2CFEBC390F04,id=f8b4df33-cf88-4903-9aaa-0dcc4cf7d5e3
2022-12-23 07:22:17,092 [pool-239-thread-1] INFO  server.RaftServerConfigKeys (ConfUtils.java:logGet(46)) - raft.server.snapshot.auto.trigger.enabled = true (custom)
2022-12-23 07:22:17,092 [pool-239-thread-1] INFO  server.RaftServerConfigKeys (ConfUtils.java:logGet(46)) - raft.server.snapshot.auto.trigger.threshold = 10000 (custom)
2022-12-23 07:22:17,092 [pool-239-thread-1] INFO  server.RaftServerConfigKeys (ConfUtils.java:logGet(46)) - raft.server.snapshot.retention.file.num = 5 (custom)
2022-12-23 07:22:17,092 [pool-239-thread-1] INFO  server.RaftServerConfigKeys (ConfUtils.java:logGet(46)) - raft.server.log.purge.upto.snapshot.index = false (default)
2022-12-23 07:22:17,093 [f8b4df33-cf88-4903-9aaa-0dcc4cf7d5e3@group-2CFEBC390F04-FollowerState] INFO  server.RaftServerConfigKeys (ConfUtils.java:logFallback(53)) - raft.server.rpc.first-election.timeout.min = 5s (fallback to raft.server.rpc.timeout.min)
2022-12-23 07:22:17,093 [f8b4df33-cf88-4903-9aaa-0dcc4cf7d5e3@group-2CFEBC390F04-FollowerState] INFO  server.RaftServerConfigKeys (ConfUtils.java:logFallback(53)) - raft.server.rpc.first-election.timeout.max = 5200ms (fallback to raft.server.rpc.timeout.max)
2022-12-23 07:22:17,093 [Command processor thread] INFO  ratis.XceiverServerRatis (XceiverServerRatis.java:addGroup(806)) - Created group PipelineID=d2236d71-602a-4cf3-8c09-2cfebc390f04
2022-12-23 07:22:17,094 [Command processor thread] INFO  commandhandler.CreatePipelineCommandHandler (CreatePipelineCommandHandler.java:handle(113)) - Created Pipeline RATIS ONE PipelineID=d2236d71-602a-4cf3-8c09-2cfebc390f04.
2022-12-23 07:22:17,443 [Listener at 127.0.0.1/45417] INFO  ozone.MiniOzoneClusterImpl (MiniOzoneClusterImpl.java:lambda$waitForClusterToBeReady$0(217)) - Nodes are ready. Got 3 of 3 DN Heartbeats.
2022-12-23 07:22:17,443 [Listener at 127.0.0.1/45417] INFO  ozone.MiniOzoneClusterImpl (MiniOzoneClusterImpl.java:lambda$waitForClusterToBeReady$0(220)) - Waiting for cluster to exit safe mode
2022-12-23 07:22:17,443 [Listener at 127.0.0.1/45417] INFO  ozone.MiniOzoneClusterImpl (MiniOzoneClusterImpl.java:lambda$waitForClusterToBeReady$0(222)) - SCM became leader
2022-12-23 07:22:17,446 [Command processor thread] INFO  server.RaftServer (RaftServerProxy.java:addNew(96)) - 5eb9b934-91d7-4d34-88e4-5e2b9d3bfec0: addNew group-519D72F5B0B7:[5eb9b934-91d7-4d34-88e4-5e2b9d3bfec0|rpc:10.1.0.40:33985|dataStream:10.1.0.40:42585|priority:1|startupRole:FOLLOWER] returns group-519D72F5B0B7:java.util.concurrent.CompletableFuture@3d5f2541[Not completed]
2022-12-23 07:22:17,447 [pool-262-thread-1] INFO  server.RaftServer$Division (RaftServerImpl.java:<init>(195)) - 5eb9b934-91d7-4d34-88e4-5e2b9d3bfec0: new RaftServerImpl for group-519D72F5B0B7:[5eb9b934-91d7-4d34-88e4-5e2b9d3bfec0|rpc:10.1.0.40:33985|dataStream:10.1.0.40:42585|priority:1|startupRole:FOLLOWER] with ContainerStateMachine:uninitialized
2022-12-23 07:22:17,447 [pool-262-thread-1] INFO  server.RaftServerConfigKeys (ConfUtils.java:logGet(46)) - raft.server.rpc.timeout.min = 5s (custom)
2022-12-23 07:22:17,447 [pool-262-thread-1] INFO  server.RaftServerConfigKeys (ConfUtils.java:logGet(46)) - raft.server.rpc.timeout.max = 5200ms (custom)
2022-12-23 07:22:17,447 [pool-262-thread-1] INFO  server.RaftServerConfigKeys (ConfUtils.java:logGet(46)) - raft.server.rpc.sleep.time = 25ms (default)
2022-12-23 07:22:17,447 [pool-262-thread-1] INFO  server.RaftServerConfigKeys (ConfUtils.java:logGet(46)) - raft.server.rpc.slowness.timeout = 300s (custom)
2022-12-23 07:22:17,447 [pool-262-thread-1] INFO  server.RaftServerConfigKeys (ConfUtils.java:logGet(46)) - raft.server.leaderelection.leader.step-down.wait-time = 10s (default)
2022-12-23 07:22:17,447 [pool-262-thread-1] INFO  server.RaftServerConfigKeys (ConfUtils.java:logGet(46)) - raft.server.sleep.deviation.threshold = 300ms (default)
2022-12-23 07:22:17,448 [pool-262-thread-1] INFO  server.RaftServer$Division (ServerState.java:<init>(118)) - 5eb9b934-91d7-4d34-88e4-5e2b9d3bfec0@group-519D72F5B0B7: ConfigurationManager, init=-1: peers:[5eb9b934-91d7-4d34-88e4-5e2b9d3bfec0|rpc:10.1.0.40:33985|dataStream:10.1.0.40:42585|priority:1|startupRole:FOLLOWER]|listeners:[], old=null, confs=<EMPTY_MAP>
2022-12-23 07:22:17,448 [pool-262-thread-1] INFO  server.RaftServerConfigKeys (ConfUtils.java:logGet(46)) - raft.server.storage.dir = [/home/runner/work/ozone/ozone/hadoop-ozone/integration-test/target/test-dir/MiniOzoneClusterImpl-92bcab56-ea6f-414a-bd9b-6ecfa13157ac/datanode-2/data/ratis] (custom)
2022-12-23 07:22:17,448 [pool-262-thread-1] INFO  server.RaftServerConfigKeys (ConfUtils.java:logGet(46)) - raft.server.log.corruption.policy = EXCEPTION (default)
2022-12-23 07:22:17,448 [pool-262-thread-1] INFO  server.RaftServerConfigKeys (ConfUtils.java:logGet(46)) - raft.server.storage.free-space.min = 0MB (=0) (default)
2022-12-23 07:22:17,448 [pool-262-thread-1] INFO  server.RaftServerConfigKeys (ConfUtils.java:logGet(46)) - raft.server.notification.no-leader.timeout = 300s (custom)
2022-12-23 07:22:17,448 [pool-262-thread-1] INFO  server.RaftServerConfigKeys (ConfUtils.java:logGet(46)) - raft.server.retrycache.expirytime = 600000ms (custom)
2022-12-23 07:22:17,448 [pool-262-thread-1] INFO  server.RaftServerConfigKeys (ConfUtils.java:logGet(46)) - raft.server.retrycache.statistics.expirytime = 100μs (default)
2022-12-23 07:22:17,449 [pool-262-thread-1] INFO  server.RaftServerConfigKeys (ConfUtils.java:logGet(46)) - raft.server.log.appender.install.snapshot.enabled = false (custom)
2022-12-23 07:22:17,449 [pool-262-thread-1] INFO  server.RaftServerConfigKeys (ConfUtils.java:logGet(46)) - raft.server.threadpool.server.cached = true (default)
2022-12-23 07:22:17,449 [pool-262-thread-1] INFO  server.RaftServerConfigKeys (ConfUtils.java:logGet(46)) - raft.server.threadpool.server.size = 0 (default)
2022-12-23 07:22:17,449 [pool-262-thread-1] INFO  server.RaftServerConfigKeys (ConfUtils.java:logGet(46)) - raft.server.threadpool.client.cached = true (default)
2022-12-23 07:22:17,449 [pool-262-thread-1] INFO  server.RaftServerConfigKeys (ConfUtils.java:logGet(46)) - raft.server.threadpool.client.size = 0 (default)
2022-12-23 07:22:17,449 [pool-262-thread-1] INFO  storage.RaftStorageDirectory (RaftStorageDirectoryImpl.java:analyzeStorage(137)) - The storage directory /home/runner/work/ozone/ozone/hadoop-ozone/integration-test/target/test-dir/MiniOzoneClusterImpl-92bcab56-ea6f-414a-bd9b-6ecfa13157ac/datanode-2/data/ratis/9be19b02-53ac-420f-9e78-519d72f5b0b7 does not exist. Creating ...
2022-12-23 07:22:17,453 [pool-262-thread-1] INFO  storage.RaftStorageDirectory (RaftStorageDirectoryImpl.java:tryLock(231)) - Lock on /home/runner/work/ozone/ozone/hadoop-ozone/integration-test/target/test-dir/MiniOzoneClusterImpl-92bcab56-ea6f-414a-bd9b-6ecfa13157ac/datanode-2/data/ratis/9be19b02-53ac-420f-9e78-519d72f5b0b7/in_use.lock acquired by nodename 81300@fv-az505-480
2022-12-23 07:22:17,454 [pool-262-thread-1] INFO  storage.RaftStorage (RaftStorageImpl.java:format(96)) - Storage directory /home/runner/work/ozone/ozone/hadoop-ozone/integration-test/target/test-dir/MiniOzoneClusterImpl-92bcab56-ea6f-414a-bd9b-6ecfa13157ac/datanode-2/data/ratis/9be19b02-53ac-420f-9e78-519d72f5b0b7 has been successfully formatted.
2022-12-23 07:22:17,455 [pool-262-thread-1] INFO  ratis.ContainerStateMachine (ContainerStateMachine.java:loadSnapshot(240)) - group-519D72F5B0B7: The snapshot info is null. Setting the last applied indexto:(t:0, i:~)
2022-12-23 07:22:17,455 [pool-262-thread-1] INFO  server.RaftServerConfigKeys (ConfUtils.java:logGet(46)) - raft.server.log.use.memory = false (default)
2022-12-23 07:22:17,455 [pool-262-thread-1] INFO  server.RaftServerConfigKeys (ConfUtils.java:logGet(46)) - raft.server.log.purge.gap = 1000000 (custom)
2022-12-23 07:22:17,455 [pool-262-thread-1] INFO  server.RaftServerConfigKeys (ConfUtils.java:logGet(46)) - raft.server.log.appender.buffer.byte-limit = 33554432 (custom)
2022-12-23 07:22:17,455 [pool-262-thread-1] INFO  server.RaftServerConfigKeys (ConfUtils.java:logGet(46)) - raft.server.log.statemachine.data.read.timeout = 1000ms (default)
2022-12-23 07:22:17,456 [pool-262-thread-1] INFO  server.RaftServerConfigKeys (ConfUtils.java:logGet(46)) - raft.server.log.purge.preservation.log.num = 0 (default)
2022-12-23 07:22:17,456 [pool-262-thread-1] INFO  server.RaftServerConfigKeys (ConfUtils.java:logGet(46)) - raft.server.log.segment.size.max = 1048576 (custom)
2022-12-23 07:22:17,456 [pool-262-thread-1] INFO  server.RaftServerConfigKeys (ConfUtils.java:logGet(46)) - raft.server.log.segment.cache.num.max = 2 (custom)
2022-12-23 07:22:17,457 [pool-262-thread-1] INFO  server.RaftServerConfigKeys (ConfUtils.java:logGet(46)) - raft.server.log.segment.cache.size.max = 200MB (=209715200) (default)
2022-12-23 07:22:17,457 [pool-262-thread-1] INFO  segmented.SegmentedRaftLogWorker (SegmentedRaftLogWorker.java:<init>(189)) - new 5eb9b934-91d7-4d34-88e4-5e2b9d3bfec0@group-519D72F5B0B7-SegmentedRaftLogWorker for RaftStorageImpl:Storage Directory /home/runner/work/ozone/ozone/hadoop-ozone/integration-test/target/test-dir/MiniOzoneClusterImpl-92bcab56-ea6f-414a-bd9b-6ecfa13157ac/datanode-2/data/ratis/9be19b02-53ac-420f-9e78-519d72f5b0b7
2022-12-23 07:22:17,457 [pool-262-thread-1] INFO  server.RaftServerConfigKeys (ConfUtils.java:logGet(46)) - raft.server.log.queue.byte-limit = 4294967296 (custom)
2022-12-23 07:22:17,457 [pool-262-thread-1] INFO  server.RaftServerConfigKeys (ConfUtils.java:logGet(46)) - raft.server.log.queue.element-limit = 1024 (custom)
2022-12-23 07:22:17,457 [pool-262-thread-1] INFO  server.RaftServerConfigKeys (ConfUtils.java:logGet(46)) - raft.server.log.segment.size.max = 1048576 (custom)
2022-12-23 07:22:17,457 [pool-262-thread-1] INFO  server.RaftServerConfigKeys (ConfUtils.java:logGet(46)) - raft.server.log.preallocated.size = 16384 (custom)
2022-12-23 07:22:17,457 [pool-262-thread-1] INFO  server.RaftServerConfigKeys (ConfUtils.java:logGet(46)) - raft.server.log.force.sync.num = 128 (default)
2022-12-23 07:22:17,457 [pool-262-thread-1] INFO  server.RaftServerConfigKeys (ConfUtils.java:logGet(46)) - raft.server.log.statemachine.data.sync = true (default)
2022-12-23 07:22:17,457 [pool-262-thread-1] INFO  server.RaftServerConfigKeys (ConfUtils.java:logGet(46)) - raft.server.log.statemachine.data.sync.timeout = 10s (default)
2022-12-23 07:22:17,457 [pool-262-thread-1] INFO  server.RaftServerConfigKeys (ConfUtils.java:logGet(46)) - raft.server.log.statemachine.data.sync.timeout.retry = -1 (default)
2022-12-23 07:22:17,458 [pool-262-thread-1] INFO  server.RaftServerConfigKeys (ConfUtils.java:logGet(46)) - raft.server.log.write.buffer.size = 1048576 (custom)
2022-12-23 07:22:17,458 [EventQueue-CommandQueueReportForCommandQueueReportHandler] WARN  events.EventQueue (EventQueue.java:fireEvent(216)) - No event handler registered for event TypedEvent{payloadType=DatanodeDetails, name='Datanode_Command_Queue_Updated'}
2022-12-23 07:22:17,459 [EventQueue-PipelineReportForPipelineReportHandler] INFO  pipeline.PipelineManagerImpl (PipelineManagerImpl.java:openPipeline(367)) - Pipeline Pipeline[ Id: 9be19b02-53ac-420f-9e78-519d72f5b0b7, Nodes: 5eb9b934-91d7-4d34-88e4-5e2b9d3bfec0{ip: 10.1.0.40, host: fv-az505-480.g2e1luzo1moefklhgra4trf2va.dx.internal.cloudapp.net, ports: [REPLICATION=43865, RATIS=33985, RATIS_ADMIN=33985, RATIS_SERVER=33985, RATIS_DATASTREAM=42585, STANDALONE=35557], networkLocation: /default-rack, certSerialId: null, persistedOpState: IN_SERVICE, persistedOpStateExpiryEpochSec: 0}, ReplicationConfig: RATIS/ONE, State:ALLOCATED, leaderId:5eb9b934-91d7-4d34-88e4-5e2b9d3bfec0, CreationTimestamp2022-12-23T07:22:14.449Z[Etc/UTC]] moved to OPEN state
2022-12-23 07:22:17,459 [EventQueue-OpenPipelineForHealthyPipelineSafeModeRule] INFO  safemode.SCMSafeModeManager (HealthyPipelineSafeModeRule.java:process(137)) - SCM in safe mode. Healthy pipelines reported count is 0, required healthy pipeline reported count is 1
2022-12-23 07:22:17,460 [pool-262-thread-1] INFO  server.RaftServerConfigKeys (ConfUtils.java:logGet(46)) - raft.server.log.appender.buffer.byte-limit = 33554432 (custom)
2022-12-23 07:22:17,465 [pool-262-thread-1] INFO  server.RaftServerConfigKeys (ConfUtils.java:logGet(46)) - raft.server.log.unsafe-flush.enabled = false (default)
2022-12-23 07:22:17,465 [pool-262-thread-1] INFO  server.RaftServerConfigKeys (ConfUtils.java:logGet(46)) - raft.server.log.async-flush.enabled = false (default)
2022-12-23 07:22:17,465 [pool-262-thread-1] INFO  server.RaftServerConfigKeys (ConfUtils.java:logGet(46)) - raft.server.log.statemachine.data.caching.enabled = true (custom)
2022-12-23 07:22:17,466 [pool-262-thread-1] INFO  segmented.SegmentedRaftLogWorker (SegmentedRaftLogWorker.java:lambda$new$0(135)) - 5eb9b934-91d7-4d34-88e4-5e2b9d3bfec0@group-519D72F5B0B7-SegmentedRaftLogWorker: flushIndex: setUnconditionally 0 -> -1
2022-12-23 07:22:17,466 [pool-262-thread-1] INFO  segmented.SegmentedRaftLogWorker (SegmentedRaftLogWorker.java:lambda$new$0(135)) - 5eb9b934-91d7-4d34-88e4-5e2b9d3bfec0@group-519D72F5B0B7-SegmentedRaftLogWorker: safeCacheEvictIndex: setUnconditionally 0 -> -1
2022-12-23 07:22:17,466 [pool-262-thread-1] INFO  server.RaftServer$Division (RaftServerImpl.java:start(334)) - 5eb9b934-91d7-4d34-88e4-5e2b9d3bfec0@group-519D72F5B0B7: start as a follower, conf=-1: peers:[5eb9b934-91d7-4d34-88e4-5e2b9d3bfec0|rpc:10.1.0.40:33985|dataStream:10.1.0.40:42585|priority:1|startupRole:FOLLOWER]|listeners:[], old=null
2022-12-23 07:22:17,466 [pool-262-thread-1] INFO  server.RaftServer$Division (RaftServerImpl.java:setRole(321)) - 5eb9b934-91d7-4d34-88e4-5e2b9d3bfec0@group-519D72F5B0B7: changes role from      null to FOLLOWER at term 0 for startAsFollower
2022-12-23 07:22:17,466 [pool-262-thread-1] INFO  impl.RoleInfo (RoleInfo.java:updateAndGet(139)) - 5eb9b934-91d7-4d34-88e4-5e2b9d3bfec0: start 5eb9b934-91d7-4d34-88e4-5e2b9d3bfec0@group-519D72F5B0B7-FollowerState
2022-12-23 07:22:17,470 [pool-262-thread-1] INFO  util.JmxRegister (JmxRegister.java:tryRegister(44)) - Successfully registered JMX Bean with object name Ratis:service=RaftServer,group=group-519D72F5B0B7,id=5eb9b934-91d7-4d34-88e4-5e2b9d3bfec0
2022-12-23 07:22:17,470 [pool-262-thread-1] INFO  server.RaftServerConfigKeys (ConfUtils.java:logGet(46)) - raft.server.snapshot.auto.trigger.enabled = true (custom)
2022-12-23 07:22:17,470 [5eb9b934-91d7-4d34-88e4-5e2b9d3bfec0@group-519D72F5B0B7-FollowerState] INFO  server.RaftServerConfigKeys (ConfUtils.java:logFallback(53)) - raft.server.rpc.first-election.timeout.min = 5s (fallback to raft.server.rpc.timeout.min)
2022-12-23 07:22:17,470 [pool-262-thread-1] INFO  server.RaftServerConfigKeys (ConfUtils.java:logGet(46)) - raft.server.snapshot.auto.trigger.threshold = 10000 (custom)
2022-12-23 07:22:17,471 [pool-262-thread-1] INFO  server.RaftServerConfigKeys (ConfUtils.java:logGet(46)) - raft.server.snapshot.retention.file.num = 5 (custom)
2022-12-23 07:22:17,471 [pool-262-thread-1] INFO  server.RaftServerConfigKeys (ConfUtils.java:logGet(46)) - raft.server.log.purge.upto.snapshot.index = false (default)
2022-12-23 07:22:17,471 [5eb9b934-91d7-4d34-88e4-5e2b9d3bfec0@group-519D72F5B0B7-FollowerState] INFO  server.RaftServerConfigKeys (ConfUtils.java:logFallback(53)) - raft.server.rpc.first-election.timeout.max = 5200ms (fallback to raft.server.rpc.timeout.max)
2022-12-23 07:22:17,471 [Command processor thread] INFO  ratis.XceiverServerRatis (XceiverServerRatis.java:addGroup(806)) - Created group PipelineID=9be19b02-53ac-420f-9e78-519d72f5b0b7
2022-12-23 07:22:17,471 [Command processor thread] INFO  commandhandler.CreatePipelineCommandHandler (CreatePipelineCommandHandler.java:handle(113)) - Created Pipeline RATIS ONE PipelineID=9be19b02-53ac-420f-9e78-519d72f5b0b7.
2022-12-23 07:22:17,855 [EventQueue-CommandQueueReportForCommandQueueReportHandler] WARN  events.EventQueue (EventQueue.java:fireEvent(216)) - No event handler registered for event TypedEvent{payloadType=DatanodeDetails, name='Datanode_Command_Queue_Updated'}
2022-12-23 07:22:18,077 [EventQueue-CommandQueueReportForCommandQueueReportHandler] WARN  events.EventQueue (EventQueue.java:fireEvent(216)) - No event handler registered for event TypedEvent{payloadType=DatanodeDetails, name='Datanode_Command_Queue_Updated'}
2022-12-23 07:22:18,444 [Listener at 127.0.0.1/45417] INFO  ozone.MiniOzoneClusterImpl (MiniOzoneClusterImpl.java:lambda$waitForClusterToBeReady$0(217)) - Nodes are ready. Got 3 of 3 DN Heartbeats.
2022-12-23 07:22:18,444 [Listener at 127.0.0.1/45417] INFO  ozone.MiniOzoneClusterImpl (MiniOzoneClusterImpl.java:lambda$waitForClusterToBeReady$0(220)) - Waiting for cluster to exit safe mode
2022-12-23 07:22:18,444 [Listener at 127.0.0.1/45417] INFO  ozone.MiniOzoneClusterImpl (MiniOzoneClusterImpl.java:lambda$waitForClusterToBeReady$0(222)) - SCM became leader
2022-12-23 07:22:18,457 [EventQueue-CommandQueueReportForCommandQueueReportHandler] WARN  events.EventQueue (EventQueue.java:fireEvent(216)) - No event handler registered for event TypedEvent{payloadType=DatanodeDetails, name='Datanode_Command_Queue_Updated'}
2022-12-23 07:22:18,856 [EventQueue-CommandQueueReportForCommandQueueReportHandler] WARN  events.EventQueue (EventQueue.java:fireEvent(216)) - No event handler registered for event TypedEvent{payloadType=DatanodeDetails, name='Datanode_Command_Queue_Updated'}
2022-12-23 07:22:19,077 [EventQueue-CommandQueueReportForCommandQueueReportHandler] WARN  events.EventQueue (EventQueue.java:fireEvent(216)) - No event handler registered for event TypedEvent{payloadType=DatanodeDetails, name='Datanode_Command_Queue_Updated'}
2022-12-23 07:22:19,444 [Listener at 127.0.0.1/45417] INFO  ozone.MiniOzoneClusterImpl (MiniOzoneClusterImpl.java:lambda$waitForClusterToBeReady$0(217)) - Nodes are ready. Got 3 of 3 DN Heartbeats.
2022-12-23 07:22:19,445 [Listener at 127.0.0.1/45417] INFO  ozone.MiniOzoneClusterImpl (MiniOzoneClusterImpl.java:lambda$waitForClusterToBeReady$0(220)) - Waiting for cluster to exit safe mode
2022-12-23 07:22:19,445 [Listener at 127.0.0.1/45417] INFO  ozone.MiniOzoneClusterImpl (MiniOzoneClusterImpl.java:lambda$waitForClusterToBeReady$0(222)) - SCM became leader
2022-12-23 07:22:19,462 [EventQueue-CommandQueueReportForCommandQueueReportHandler] WARN  events.EventQueue (EventQueue.java:fireEvent(216)) - No event handler registered for event TypedEvent{payloadType=DatanodeDetails, name='Datanode_Command_Queue_Updated'}
2022-12-23 07:22:19,855 [EventQueue-CommandQueueReportForCommandQueueReportHandler] WARN  events.EventQueue (EventQueue.java:fireEvent(216)) - No event handler registered for event TypedEvent{payloadType=DatanodeDetails, name='Datanode_Command_Queue_Updated'}
2022-12-23 07:22:20,078 [EventQueue-CommandQueueReportForCommandQueueReportHandler] WARN  events.EventQueue (EventQueue.java:fireEvent(216)) - No event handler registered for event TypedEvent{payloadType=DatanodeDetails, name='Datanode_Command_Queue_Updated'}
2022-12-23 07:22:20,445 [Listener at 127.0.0.1/45417] INFO  ozone.MiniOzoneClusterImpl (MiniOzoneClusterImpl.java:lambda$waitForClusterToBeReady$0(217)) - Nodes are ready. Got 3 of 3 DN Heartbeats.
2022-12-23 07:22:20,445 [Listener at 127.0.0.1/45417] INFO  ozone.MiniOzoneClusterImpl (MiniOzoneClusterImpl.java:lambda$waitForClusterToBeReady$0(220)) - Waiting for cluster to exit safe mode
2022-12-23 07:22:20,445 [Listener at 127.0.0.1/45417] INFO  ozone.MiniOzoneClusterImpl (MiniOzoneClusterImpl.java:lambda$waitForClusterToBeReady$0(222)) - SCM became leader
2022-12-23 07:22:20,462 [EventQueue-CommandQueueReportForCommandQueueReportHandler] WARN  events.EventQueue (EventQueue.java:fireEvent(216)) - No event handler registered for event TypedEvent{payloadType=DatanodeDetails, name='Datanode_Command_Queue_Updated'}
2022-12-23 07:22:20,856 [EventQueue-CommandQueueReportForCommandQueueReportHandler] WARN  events.EventQueue (EventQueue.java:fireEvent(216)) - No event handler registered for event TypedEvent{payloadType=DatanodeDetails, name='Datanode_Command_Queue_Updated'}
2022-12-23 07:22:21,077 [EventQueue-CommandQueueReportForCommandQueueReportHandler] WARN  events.EventQueue (EventQueue.java:fireEvent(216)) - No event handler registered for event TypedEvent{payloadType=DatanodeDetails, name='Datanode_Command_Queue_Updated'}
2022-12-23 07:22:21,446 [Listener at 127.0.0.1/45417] INFO  ozone.MiniOzoneClusterImpl (MiniOzoneClusterImpl.java:lambda$waitForClusterToBeReady$0(217)) - Nodes are ready. Got 3 of 3 DN Heartbeats.
2022-12-23 07:22:21,446 [Listener at 127.0.0.1/45417] INFO  ozone.MiniOzoneClusterImpl (MiniOzoneClusterImpl.java:lambda$waitForClusterToBeReady$0(220)) - Waiting for cluster to exit safe mode
2022-12-23 07:22:21,446 [Listener at 127.0.0.1/45417] INFO  ozone.MiniOzoneClusterImpl (MiniOzoneClusterImpl.java:lambda$waitForClusterToBeReady$0(222)) - SCM became leader
2022-12-23 07:22:21,465 [EventQueue-CommandQueueReportForCommandQueueReportHandler] WARN  events.EventQueue (EventQueue.java:fireEvent(216)) - No event handler registered for event TypedEvent{payloadType=DatanodeDetails, name='Datanode_Command_Queue_Updated'}
2022-12-23 07:22:21,834 [60edd344-8c94-447c-8e16-5fc09b19e128@group-80301CE9DBB8-FollowerState] INFO  impl.FollowerState (FollowerState.java:run(143)) - 60edd344-8c94-447c-8e16-5fc09b19e128@group-80301CE9DBB8-FollowerState: change to CANDIDATE, lastRpcElapsedTime:5093746781ns, electionTimeout:5093ms
2022-12-23 07:22:21,835 [60edd344-8c94-447c-8e16-5fc09b19e128@group-80301CE9DBB8-FollowerState] INFO  impl.RoleInfo (RoleInfo.java:shutdownFollowerState(110)) - 60edd344-8c94-447c-8e16-5fc09b19e128: shutdown 60edd344-8c94-447c-8e16-5fc09b19e128@group-80301CE9DBB8-FollowerState
2022-12-23 07:22:21,835 [60edd344-8c94-447c-8e16-5fc09b19e128@group-80301CE9DBB8-FollowerState] INFO  server.RaftServer$Division (RaftServerImpl.java:setRole(321)) - 60edd344-8c94-447c-8e16-5fc09b19e128@group-80301CE9DBB8: changes role from  FOLLOWER to CANDIDATE at term 0 for changeToCandidate
2022-12-23 07:22:21,835 [60edd344-8c94-447c-8e16-5fc09b19e128@group-80301CE9DBB8-FollowerState] INFO  server.RaftServerConfigKeys (ConfUtils.java:logGet(46)) - raft.server.leaderelection.pre-vote = false (custom)
2022-12-23 07:22:21,835 [60edd344-8c94-447c-8e16-5fc09b19e128@group-80301CE9DBB8-FollowerState] INFO  impl.RoleInfo (RoleInfo.java:updateAndGet(139)) - 60edd344-8c94-447c-8e16-5fc09b19e128: start 60edd344-8c94-447c-8e16-5fc09b19e128@group-80301CE9DBB8-LeaderElection8
2022-12-23 07:22:21,838 [60edd344-8c94-447c-8e16-5fc09b19e128@group-80301CE9DBB8-LeaderElection8] INFO  impl.LeaderElection (LeaderElection.java:askForVotes(312)) - 60edd344-8c94-447c-8e16-5fc09b19e128@group-80301CE9DBB8-LeaderElection8 ELECTION round 0: submit vote requests at term 1 for -1: peers:[f8b4df33-cf88-4903-9aaa-0dcc4cf7d5e3|rpc:10.1.0.40:38279|dataStream:10.1.0.40:45959|priority:0|startupRole:FOLLOWER, 5eb9b934-91d7-4d34-88e4-5e2b9d3bfec0|rpc:10.1.0.40:33985|dataStream:10.1.0.40:42585|priority:0|startupRole:FOLLOWER, 60edd344-8c94-447c-8e16-5fc09b19e128|rpc:10.1.0.40:39167|dataStream:10.1.0.40:36111|priority:1|startupRole:FOLLOWER]|listeners:[], old=null
2022-12-23 07:22:21,839 [60edd344-8c94-447c-8e16-5fc09b19e128@group-80301CE9DBB8-LeaderElection8] INFO  server.RaftServerConfigKeys (ConfUtils.java:logFallback(53)) - raft.server.rpc.first-election.timeout.min = 5s (fallback to raft.server.rpc.timeout.min)
2022-12-23 07:22:21,839 [60edd344-8c94-447c-8e16-5fc09b19e128@group-80301CE9DBB8-LeaderElection8-1] INFO  server.GrpcServerProtocolClient (GrpcServerProtocolClient.java:<init>(63)) - Build channel for f8b4df33-cf88-4903-9aaa-0dcc4cf7d5e3
2022-12-23 07:22:21,839 [60edd344-8c94-447c-8e16-5fc09b19e128@group-80301CE9DBB8-LeaderElection8] INFO  server.RaftServerConfigKeys (ConfUtils.java:logFallback(53)) - raft.server.rpc.first-election.timeout.max = 5200ms (fallback to raft.server.rpc.timeout.max)
2022-12-23 07:22:21,840 [60edd344-8c94-447c-8e16-5fc09b19e128@group-80301CE9DBB8-LeaderElection8-2] INFO  server.GrpcServerProtocolClient (GrpcServerProtocolClient.java:<init>(63)) - Build channel for 5eb9b934-91d7-4d34-88e4-5e2b9d3bfec0
2022-12-23 07:22:21,849 [grpc-default-executor-0] INFO  server.RaftServer$Division (RaftServerImpl.java:requestVote(1218)) - f8b4df33-cf88-4903-9aaa-0dcc4cf7d5e3@group-80301CE9DBB8: receive requestVote(ELECTION, 60edd344-8c94-447c-8e16-5fc09b19e128, group-80301CE9DBB8, 1, (t:0, i:0))
2022-12-23 07:22:21,849 [grpc-default-executor-0] INFO  impl.VoteContext (VoteContext.java:log(49)) - f8b4df33-cf88-4903-9aaa-0dcc4cf7d5e3@group-80301CE9DBB8-FOLLOWER: accept ELECTION from 60edd344-8c94-447c-8e16-5fc09b19e128: our priority 0 <= candidate's priority 1
2022-12-23 07:22:21,853 [grpc-default-executor-0] INFO  server.RaftServer$Division (RaftServerImpl.java:setRole(321)) - f8b4df33-cf88-4903-9aaa-0dcc4cf7d5e3@group-80301CE9DBB8: changes role from  FOLLOWER to FOLLOWER at term 1 for candidate:60edd344-8c94-447c-8e16-5fc09b19e128
2022-12-23 07:22:21,853 [grpc-default-executor-0] INFO  impl.RoleInfo (RoleInfo.java:shutdownFollowerState(110)) - f8b4df33-cf88-4903-9aaa-0dcc4cf7d5e3: shutdown f8b4df33-cf88-4903-9aaa-0dcc4cf7d5e3@group-80301CE9DBB8-FollowerState
2022-12-23 07:22:21,853 [grpc-default-executor-0] INFO  impl.RoleInfo (RoleInfo.java:updateAndGet(139)) - f8b4df33-cf88-4903-9aaa-0dcc4cf7d5e3: start f8b4df33-cf88-4903-9aaa-0dcc4cf7d5e3@group-80301CE9DBB8-FollowerState
2022-12-23 07:22:21,853 [f8b4df33-cf88-4903-9aaa-0dcc4cf7d5e3@group-80301CE9DBB8-FollowerState] INFO  impl.FollowerState (FollowerState.java:run(152)) - f8b4df33-cf88-4903-9aaa-0dcc4cf7d5e3@group-80301CE9DBB8-FollowerState was interrupted
2022-12-23 07:22:21,856 [EventQueue-CommandQueueReportForCommandQueueReportHandler] WARN  events.EventQueue (EventQueue.java:fireEvent(216)) - No event handler registered for event TypedEvent{payloadType=DatanodeDetails, name='Datanode_Command_Queue_Updated'}
2022-12-23 07:22:21,858 [grpc-default-executor-0] INFO  server.RaftServer$Division (RaftServerImpl.java:requestVote(1251)) - f8b4df33-cf88-4903-9aaa-0dcc4cf7d5e3@group-80301CE9DBB8 replies to ELECTION vote request: 60edd344-8c94-447c-8e16-5fc09b19e128<-f8b4df33-cf88-4903-9aaa-0dcc4cf7d5e3#0:OK-t1. Peer's state: f8b4df33-cf88-4903-9aaa-0dcc4cf7d5e3@group-80301CE9DBB8:t1, leader=null, voted=60edd344-8c94-447c-8e16-5fc09b19e128, raftlog=Memoized:f8b4df33-cf88-4903-9aaa-0dcc4cf7d5e3@group-80301CE9DBB8-SegmentedRaftLog:OPENED:c-1, conf=-1: peers:[f8b4df33-cf88-4903-9aaa-0dcc4cf7d5e3|rpc:10.1.0.40:38279|dataStream:10.1.0.40:45959|priority:0|startupRole:FOLLOWER, 5eb9b934-91d7-4d34-88e4-5e2b9d3bfec0|rpc:10.1.0.40:33985|dataStream:10.1.0.40:42585|priority:0|startupRole:FOLLOWER, 60edd344-8c94-447c-8e16-5fc09b19e128|rpc:10.1.0.40:39167|dataStream:10.1.0.40:36111|priority:1|startupRole:FOLLOWER]|listeners:[], old=null
2022-12-23 07:22:21,868 [f8b4df33-cf88-4903-9aaa-0dcc4cf7d5e3@group-80301CE9DBB8-FollowerState] INFO  server.RaftServerConfigKeys (ConfUtils.java:logFallback(53)) - raft.server.rpc.first-election.timeout.min = 5s (fallback to raft.server.rpc.timeout.min)
2022-12-23 07:22:21,868 [f8b4df33-cf88-4903-9aaa-0dcc4cf7d5e3@group-80301CE9DBB8-FollowerState] INFO  server.RaftServerConfigKeys (ConfUtils.java:logFallback(53)) - raft.server.rpc.first-election.timeout.max = 5200ms (fallback to raft.server.rpc.timeout.max)
2022-12-23 07:22:21,869 [60edd344-8c94-447c-8e16-5fc09b19e128@group-80301CE9DBB8-LeaderElection8] INFO  impl.LeaderElection (LeaderElection.java:logAndReturn(90)) - 60edd344-8c94-447c-8e16-5fc09b19e128@group-80301CE9DBB8-LeaderElection8: ELECTION PASSED received 1 response(s) and 0 exception(s):
2022-12-23 07:22:21,869 [60edd344-8c94-447c-8e16-5fc09b19e128@group-80301CE9DBB8-LeaderElection8] INFO  impl.LeaderElection (LeaderElection.java:logAndReturn(94)) -   Response 0: 60edd344-8c94-447c-8e16-5fc09b19e128<-f8b4df33-cf88-4903-9aaa-0dcc4cf7d5e3#0:OK-t1
2022-12-23 07:22:21,869 [60edd344-8c94-447c-8e16-5fc09b19e128@group-80301CE9DBB8-LeaderElection8] INFO  impl.LeaderElection (LeaderElection.java:askForVotes(314)) - 60edd344-8c94-447c-8e16-5fc09b19e128@group-80301CE9DBB8-LeaderElection8 ELECTION round 0: result PASSED
2022-12-23 07:22:21,869 [60edd344-8c94-447c-8e16-5fc09b19e128@group-80301CE9DBB8-LeaderElection8] INFO  impl.RoleInfo (RoleInfo.java:shutdownLeaderElection(130)) - 60edd344-8c94-447c-8e16-5fc09b19e128: shutdown 60edd344-8c94-447c-8e16-5fc09b19e128@group-80301CE9DBB8-LeaderElection8
2022-12-23 07:22:21,869 [60edd344-8c94-447c-8e16-5fc09b19e128@group-80301CE9DBB8-LeaderElection8] INFO  server.RaftServer$Division (RaftServerImpl.java:setRole(321)) - 60edd344-8c94-447c-8e16-5fc09b19e128@group-80301CE9DBB8: changes role from CANDIDATE to LEADER at term 1 for changeToLeader
2022-12-23 07:22:21,869 [60edd344-8c94-447c-8e16-5fc09b19e128@group-80301CE9DBB8-LeaderElection8] INFO  ratis.XceiverServerRatis (XceiverServerRatis.java:handleLeaderChangedNotification(904)) - Leader change notification received for group: group-80301CE9DBB8 with new leaderId: 60edd344-8c94-447c-8e16-5fc09b19e128
2022-12-23 07:22:21,870 [60edd344-8c94-447c-8e16-5fc09b19e128@group-80301CE9DBB8-LeaderElection8] INFO  server.RaftServer$Division (ServerState.java:setLeader(313)) - 60edd344-8c94-447c-8e16-5fc09b19e128@group-80301CE9DBB8: change Leader from null to 60edd344-8c94-447c-8e16-5fc09b19e128 at term 1 for becomeLeader, leader elected after 5149ms
2022-12-23 07:22:21,870 [60edd344-8c94-447c-8e16-5fc09b19e128@group-80301CE9DBB8-LeaderElection8] INFO  server.RaftServerConfigKeys (ConfUtils.java:logGet(46)) - raft.server.staging.catchup.gap = 1000 (default)
2022-12-23 07:22:21,870 [grpc-default-executor-0] INFO  server.RaftServer$Division (RaftServerImpl.java:requestVote(1218)) - 5eb9b934-91d7-4d34-88e4-5e2b9d3bfec0@group-80301CE9DBB8: receive requestVote(ELECTION, 60edd344-8c94-447c-8e16-5fc09b19e128, group-80301CE9DBB8, 1, (t:0, i:0))
2022-12-23 07:22:21,870 [grpc-default-executor-0] INFO  impl.VoteContext (VoteContext.java:log(49)) - 5eb9b934-91d7-4d34-88e4-5e2b9d3bfec0@group-80301CE9DBB8-FOLLOWER: accept ELECTION from 60edd344-8c94-447c-8e16-5fc09b19e128: our priority 0 <= candidate's priority 1
2022-12-23 07:22:21,870 [60edd344-8c94-447c-8e16-5fc09b19e128@group-80301CE9DBB8-LeaderElection8] INFO  server.RaftServerConfigKeys (ConfUtils.java:logGet(46)) - raft.server.write.element-limit = 1024 (custom)
2022-12-23 07:22:21,870 [grpc-default-executor-0] INFO  server.RaftServer$Division (RaftServerImpl.java:setRole(321)) - 5eb9b934-91d7-4d34-88e4-5e2b9d3bfec0@group-80301CE9DBB8: changes role from  FOLLOWER to FOLLOWER at term 1 for candidate:60edd344-8c94-447c-8e16-5fc09b19e128
2022-12-23 07:22:21,870 [grpc-default-executor-0] INFO  impl.RoleInfo (RoleInfo.java:shutdownFollowerState(110)) - 5eb9b934-91d7-4d34-88e4-5e2b9d3bfec0: shutdown 5eb9b934-91d7-4d34-88e4-5e2b9d3bfec0@group-80301CE9DBB8-FollowerState
2022-12-23 07:22:21,870 [grpc-default-executor-0] INFO  impl.RoleInfo (RoleInfo.java:updateAndGet(139)) - 5eb9b934-91d7-4d34-88e4-5e2b9d3bfec0: start 5eb9b934-91d7-4d34-88e4-5e2b9d3bfec0@group-80301CE9DBB8-FollowerState
2022-12-23 07:22:21,871 [5eb9b934-91d7-4d34-88e4-5e2b9d3bfec0@group-80301CE9DBB8-FollowerState] INFO  impl.FollowerState (FollowerState.java:run(152)) - 5eb9b934-91d7-4d34-88e4-5e2b9d3bfec0@group-80301CE9DBB8-FollowerState was interrupted
2022-12-23 07:22:21,870 [60edd344-8c94-447c-8e16-5fc09b19e128@group-80301CE9DBB8-LeaderElection8] INFO  server.RaftServerConfigKeys (ConfUtils.java:logGet(46)) - raft.server.write.byte-limit = 1024 M (=1073741824) (custom)
2022-12-23 07:22:21,871 [60edd344-8c94-447c-8e16-5fc09b19e128@group-80301CE9DBB8-LeaderElection8] INFO  server.RaftServerConfigKeys (ConfUtils.java:logGet(46)) - raft.server.watch.timeout = 180s (custom)
2022-12-23 07:22:21,871 [60edd344-8c94-447c-8e16-5fc09b19e128@group-80301CE9DBB8-LeaderElection8] INFO  server.RaftServerConfigKeys (ConfUtils.java:logGet(46)) - raft.server.watch.timeout.denomination = 1s (default)
2022-12-23 07:22:21,872 [60edd344-8c94-447c-8e16-5fc09b19e128@group-80301CE9DBB8-LeaderElection8] INFO  server.RaftServerConfigKeys (ConfUtils.java:logGet(46)) - raft.server.watch.element-limit = 65536 (default)
2022-12-23 07:22:21,872 [60edd344-8c94-447c-8e16-5fc09b19e128@group-80301CE9DBB8-LeaderElection8] INFO  server.RaftServerConfigKeys (ConfUtils.java:logGet(46)) - raft.server.write.element-limit = 1024 (custom)
2022-12-23 07:22:21,872 [60edd344-8c94-447c-8e16-5fc09b19e128@group-80301CE9DBB8-LeaderElection8] INFO  server.RaftServerConfigKeys (ConfUtils.java:logGet(46)) - raft.server.write.follower.gap.ratio.max = -1.0 (default)
2022-12-23 07:22:21,872 [60edd344-8c94-447c-8e16-5fc09b19e128@group-80301CE9DBB8-LeaderElection8] INFO  server.RaftServerConfigKeys (ConfUtils.java:logGet(46)) - raft.server.log.appender.snapshot.chunk.size.max = 16MB (=16777216) (default)
2022-12-23 07:22:21,872 [60edd344-8c94-447c-8e16-5fc09b19e128@group-80301CE9DBB8-LeaderElection8] INFO  server.RaftServerConfigKeys (ConfUtils.java:logGet(46)) - raft.server.log.appender.buffer.byte-limit = 33554432 (custom)
2022-12-23 07:22:21,872 [60edd344-8c94-447c-8e16-5fc09b19e128@group-80301CE9DBB8-LeaderElection8] INFO  server.RaftServerConfigKeys (ConfUtils.java:logGet(46)) - raft.server.log.appender.buffer.element-limit = 1 (custom)
2022-12-23 07:22:21,873 [EventQueue-OpenPipelineForHealthyPipelineSafeModeRule] INFO  safemode.SCMSafeModeManager (HealthyPipelineSafeModeRule.java:process(137)) - SCM in safe mode. Healthy pipelines reported count is 0, required healthy pipeline reported count is 1
2022-12-23 07:22:21,873 [EventQueue-PipelineReportForPipelineReportHandler] INFO  pipeline.PipelineManagerImpl (PipelineManagerImpl.java:openPipeline(367)) - Pipeline Pipeline[ Id: 02d7c562-fc22-4d09-9caa-80301ce9dbb8, Nodes: 5eb9b934-91d7-4d34-88e4-5e2b9d3bfec0{ip: 10.1.0.40, host: fv-az505-480.g2e1luzo1moefklhgra4trf2va.dx.internal.cloudapp.net, ports: [REPLICATION=43865, RATIS=33985, RATIS_ADMIN=33985, RATIS_SERVER=33985, RATIS_DATASTREAM=42585, STANDALONE=35557], networkLocation: /default-rack, certSerialId: null, persistedOpState: IN_SERVICE, persistedOpStateExpiryEpochSec: 0}f8b4df33-cf88-4903-9aaa-0dcc4cf7d5e3{ip: 10.1.0.40, host: fv-az505-480.g2e1luzo1moefklhgra4trf2va.dx.internal.cloudapp.net, ports: [REPLICATION=36675, RATIS=38279, RATIS_ADMIN=38279, RATIS_SERVER=38279, RATIS_DATASTREAM=45959, STANDALONE=39211], networkLocation: /default-rack, certSerialId: null, persistedOpState: IN_SERVICE, persistedOpStateExpiryEpochSec: 0}60edd344-8c94-447c-8e16-5fc09b19e128{ip: 10.1.0.40, host: fv-az505-480.g2e1luzo1moefklhgra4trf2va.dx.internal.cloudapp.net, ports: [REPLICATION=33581, RATIS=39167, RATIS_ADMIN=39167, RATIS_SERVER=39167, RATIS_DATASTREAM=36111, STANDALONE=42437], networkLocation: /default-rack, certSerialId: null, persistedOpState: IN_SERVICE, persistedOpStateExpiryEpochSec: 0}, ReplicationConfig: RATIS/THREE, State:ALLOCATED, leaderId:60edd344-8c94-447c-8e16-5fc09b19e128, CreationTimestamp2022-12-23T07:22:14.451Z[Etc/UTC]] moved to OPEN state
2022-12-23 07:22:21,874 [EventQueue-OpenPipelineForHealthyPipelineSafeModeRule] INFO  safemode.SCMSafeModeManager (HealthyPipelineSafeModeRule.java:process(137)) - SCM in safe mode. Healthy pipelines reported count is 1, required healthy pipeline reported count is 1
2022-12-23 07:22:21,874 [EventQueue-OpenPipelineForHealthyPipelineSafeModeRule] INFO  safemode.SCMSafeModeManager (SCMSafeModeManager.java:validateSafeModeExitRules(200)) - HealthyPipelineSafeModeRule rule is successfully validated
2022-12-23 07:22:21,874 [EventQueue-OpenPipelineForHealthyPipelineSafeModeRule] INFO  safemode.SCMSafeModeManager (SCMSafeModeManager.java:validateSafeModeExitRules(215)) - ScmSafeModeManager, all rules are successfully validated
2022-12-23 07:22:21,874 [EventQueue-OpenPipelineForHealthyPipelineSafeModeRule] INFO  safemode.SCMSafeModeManager (SCMSafeModeManager.java:exitSafeMode(244)) - SCM exiting safe mode.
2022-12-23 07:22:21,874 [EventQueue-OpenPipelineForHealthyPipelineSafeModeRule] INFO  ha.SCMContext (SCMContext.java:updateSafeModeStatus(228)) - Update SafeModeStatus from SafeModeStatus{safeModeStatus=true, preCheckPassed=true} to SafeModeStatus{safeModeStatus=false, preCheckPassed=true}.
2022-12-23 07:22:21,874 [EventQueue-OpenPipelineForHealthyPipelineSafeModeRule] INFO  pipeline.BackgroundPipelineCreator (BackgroundPipelineCreator.java:notifyStatusChanged(254)) - Service BackgroundPipelineCreator transitions to RUNNING.
2022-12-23 07:22:21,874 [EventQueue-OpenPipelineForHealthyPipelineSafeModeRule] INFO  BackgroundPipelineScrubber (BackgroundSCMService.java:notifyStatusChanged(82)) - Service BackgroundPipelineScrubber transitions to RUNNING.
2022-12-23 07:22:21,874 [EventQueue-OpenPipelineForHealthyPipelineSafeModeRule] INFO  ExpiredContainerReplicaOpScrubber (BackgroundSCMService.java:notifyStatusChanged(82)) - Service ExpiredContainerReplicaOpScrubber transitions to RUNNING.
2022-12-23 07:22:21,874 [EventQueue-OpenPipelineForHealthyPipelineSafeModeRule] INFO  replication.ReplicationManager (ReplicationManager.java:notifyStatusChanged(918)) - Service ReplicationManager transitions to RUNNING.
2022-12-23 07:22:21,874 [EventQueue-OpenPipelineForHealthyPipelineSafeModeRule] WARN  balancer.ContainerBalancer (ContainerBalancer.java:shouldRun(131)) - Could not find persisted configuration for ContainerBalancer when checking if ContainerBalancer should run. ContainerBalancer should not run now.
2022-12-23 07:22:21,874 [EventQueue-CommandQueueReportForCommandQueueReportHandler] WARN  events.EventQueue (EventQueue.java:fireEvent(216)) - No event handler registered for event TypedEvent{payloadType=DatanodeDetails, name='Datanode_Command_Queue_Updated'}
2022-12-23 07:22:21,875 [5eb9b934-91d7-4d34-88e4-5e2b9d3bfec0@group-80301CE9DBB8-FollowerState] INFO  server.RaftServerConfigKeys (ConfUtils.java:logFallback(53)) - raft.server.rpc.first-election.timeout.min = 5s (fallback to raft.server.rpc.timeout.min)
2022-12-23 07:22:21,875 [5eb9b934-91d7-4d34-88e4-5e2b9d3bfec0@group-80301CE9DBB8-FollowerState] INFO  server.RaftServerConfigKeys (ConfUtils.java:logFallback(53)) - raft.server.rpc.first-election.timeout.max = 5200ms (fallback to raft.server.rpc.timeout.max)
2022-12-23 07:22:21,875 [60edd344-8c94-447c-8e16-5fc09b19e128@group-80301CE9DBB8-LeaderElection8] INFO  grpc.GrpcConfigKeys (ConfUtils.java:logGet(46)) - raft.grpc.server.leader.outstanding.appends.max = 128 (default)
2022-12-23 07:22:21,875 [60edd344-8c94-447c-8e16-5fc09b19e128@group-80301CE9DBB8-LeaderElection8] INFO  server.RaftServerConfigKeys (ConfUtils.java:logGet(46)) - raft.server.rpc.request.timeout = 60s (custom)
2022-12-23 07:22:21,876 [60edd344-8c94-447c-8e16-5fc09b19e128@group-80301CE9DBB8-LeaderElection8] INFO  server.RaftServerConfigKeys (ConfUtils.java:logGet(46)) - raft.server.log.appender.install.snapshot.enabled = false (custom)
2022-12-23 07:22:21,876 [60edd344-8c94-447c-8e16-5fc09b19e128@group-80301CE9DBB8-LeaderElection8] INFO  grpc.GrpcConfigKeys (ConfUtils.java:logGet(46)) - raft.grpc.server.heartbeat.channel = true (default)
2022-12-23 07:22:21,876 [60edd344-8c94-447c-8e16-5fc09b19e128@group-80301CE9DBB8-LeaderElection8] INFO  server.RaftServerConfigKeys (ConfUtils.java:logGet(46)) - raft.server.log.appender.wait-time.min = 10ms (default)
2022-12-23 07:22:21,877 [grpc-default-executor-0] INFO  server.RaftServer$Division (RaftServerImpl.java:requestVote(1251)) - 5eb9b934-91d7-4d34-88e4-5e2b9d3bfec0@group-80301CE9DBB8 replies to ELECTION vote request: 60edd344-8c94-447c-8e16-5fc09b19e128<-5eb9b934-91d7-4d34-88e4-5e2b9d3bfec0#0:OK-t1. Peer's state: 5eb9b934-91d7-4d34-88e4-5e2b9d3bfec0@group-80301CE9DBB8:t1, leader=null, voted=60edd344-8c94-447c-8e16-5fc09b19e128, raftlog=Memoized:5eb9b934-91d7-4d34-88e4-5e2b9d3bfec0@group-80301CE9DBB8-SegmentedRaftLog:OPENED:c-1, conf=-1: peers:[f8b4df33-cf88-4903-9aaa-0dcc4cf7d5e3|rpc:10.1.0.40:38279|dataStream:10.1.0.40:45959|priority:0|startupRole:FOLLOWER, 5eb9b934-91d7-4d34-88e4-5e2b9d3bfec0|rpc:10.1.0.40:33985|dataStream:10.1.0.40:42585|priority:0|startupRole:FOLLOWER, 60edd344-8c94-447c-8e16-5fc09b19e128|rpc:10.1.0.40:39167|dataStream:10.1.0.40:36111|priority:1|startupRole:FOLLOWER]|listeners:[], old=null
2022-12-23 07:22:21,878 [60edd344-8c94-447c-8e16-5fc09b19e128@group-80301CE9DBB8-LeaderElection8] INFO  server.RaftServerConfigKeys (ConfUtils.java:logGet(46)) - raft.server.log.appender.snapshot.chunk.size.max = 16MB (=16777216) (default)
2022-12-23 07:22:21,880 [60edd344-8c94-447c-8e16-5fc09b19e128@group-80301CE9DBB8-LeaderElection8] INFO  server.RaftServerConfigKeys (ConfUtils.java:logGet(46)) - raft.server.log.appender.buffer.byte-limit = 33554432 (custom)
2022-12-23 07:22:21,880 [60edd344-8c94-447c-8e16-5fc09b19e128@group-80301CE9DBB8-LeaderElection8] INFO  server.RaftServerConfigKeys (ConfUtils.java:logGet(46)) - raft.server.log.appender.buffer.element-limit = 1 (custom)
2022-12-23 07:22:21,880 [60edd344-8c94-447c-8e16-5fc09b19e128@group-80301CE9DBB8-LeaderElection8] INFO  grpc.GrpcConfigKeys (ConfUtils.java:logGet(46)) - raft.grpc.server.leader.outstanding.appends.max = 128 (default)
2022-12-23 07:22:21,880 [60edd344-8c94-447c-8e16-5fc09b19e128@group-80301CE9DBB8-LeaderElection8] INFO  server.RaftServerConfigKeys (ConfUtils.java:logGet(46)) - raft.server.rpc.request.timeout = 60s (custom)
2022-12-23 07:22:21,885 [60edd344-8c94-447c-8e16-5fc09b19e128@group-80301CE9DBB8-LeaderElection8] INFO  server.RaftServerConfigKeys (ConfUtils.java:logGet(46)) - raft.server.log.appender.install.snapshot.enabled = false (custom)
2022-12-23 07:22:21,885 [60edd344-8c94-447c-8e16-5fc09b19e128@group-80301CE9DBB8-LeaderElection8] INFO  grpc.GrpcConfigKeys (ConfUtils.java:logGet(46)) - raft.grpc.server.heartbeat.channel = true (default)
2022-12-23 07:22:21,885 [60edd344-8c94-447c-8e16-5fc09b19e128@group-80301CE9DBB8-LeaderElection8] INFO  server.RaftServerConfigKeys (ConfUtils.java:logGet(46)) - raft.server.log.appender.wait-time.min = 10ms (default)
2022-12-23 07:22:21,885 [60edd344-8c94-447c-8e16-5fc09b19e128@group-80301CE9DBB8-LeaderElection8] INFO  impl.RoleInfo (RoleInfo.java:updateAndGet(139)) - 60edd344-8c94-447c-8e16-5fc09b19e128: start 60edd344-8c94-447c-8e16-5fc09b19e128@group-80301CE9DBB8-LeaderStateImpl
2022-12-23 07:22:21,885 [60edd344-8c94-447c-8e16-5fc09b19e128@group-80301CE9DBB8-LeaderElection8] INFO  segmented.SegmentedRaftLogWorker (SegmentedRaftLogWorker.java:startLogSegment(452)) - 60edd344-8c94-447c-8e16-5fc09b19e128@group-80301CE9DBB8-SegmentedRaftLogWorker: Starting segment from index:0
2022-12-23 07:22:21,887 [60edd344-8c94-447c-8e16-5fc09b19e128@group-80301CE9DBB8-SegmentedRaftLogWorker] INFO  segmented.SegmentedRaftLogWorker (SegmentedRaftLogWorker.java:execute(656)) - 60edd344-8c94-447c-8e16-5fc09b19e128@group-80301CE9DBB8-SegmentedRaftLogWorker: created new log segment /home/runner/work/ozone/ozone/hadoop-ozone/integration-test/target/test-dir/MiniOzoneClusterImpl-92bcab56-ea6f-414a-bd9b-6ecfa13157ac/datanode-0/data/ratis/02d7c562-fc22-4d09-9caa-80301ce9dbb8/current/log_inprogress_0
2022-12-23 07:22:21,904 [60edd344-8c94-447c-8e16-5fc09b19e128@group-9F1756C8C3BA-FollowerState] INFO  impl.FollowerState (FollowerState.java:run(143)) - 60edd344-8c94-447c-8e16-5fc09b19e128@group-9F1756C8C3BA-FollowerState: change to CANDIDATE, lastRpcElapsedTime:5190675696ns, electionTimeout:5190ms
2022-12-23 07:22:21,904 [60edd344-8c94-447c-8e16-5fc09b19e128@group-9F1756C8C3BA-FollowerState] INFO  impl.RoleInfo (RoleInfo.java:shutdownFollowerState(110)) - 60edd344-8c94-447c-8e16-5fc09b19e128: shutdown 60edd344-8c94-447c-8e16-5fc09b19e128@group-9F1756C8C3BA-FollowerState
2022-12-23 07:22:21,904 [60edd344-8c94-447c-8e16-5fc09b19e128@group-9F1756C8C3BA-FollowerState] INFO  server.RaftServer$Division (RaftServerImpl.java:setRole(321)) - 60edd344-8c94-447c-8e16-5fc09b19e128@group-9F1756C8C3BA: changes role from  FOLLOWER to CANDIDATE at term 0 for changeToCandidate
2022-12-23 07:22:21,907 [60edd344-8c94-447c-8e16-5fc09b19e128@group-80301CE9DBB8-LeaderElection8] INFO  server.RaftServer$Division (ServerState.java:setRaftConf(430)) - 60edd344-8c94-447c-8e16-5fc09b19e128@group-80301CE9DBB8: set configuration 0: peers:[f8b4df33-cf88-4903-9aaa-0dcc4cf7d5e3|rpc:10.1.0.40:38279|dataStream:10.1.0.40:45959|priority:0|startupRole:FOLLOWER, 5eb9b934-91d7-4d34-88e4-5e2b9d3bfec0|rpc:10.1.0.40:33985|dataStream:10.1.0.40:42585|priority:0|startupRole:FOLLOWER, 60edd344-8c94-447c-8e16-5fc09b19e128|rpc:10.1.0.40:39167|dataStream:10.1.0.40:36111|priority:1|startupRole:FOLLOWER]|listeners:[], old=null
2022-12-23 07:22:21,909 [60edd344-8c94-447c-8e16-5fc09b19e128@group-9F1756C8C3BA-FollowerState] INFO  server.RaftServerConfigKeys (ConfUtils.java:logGet(46)) - raft.server.leaderelection.pre-vote = false (custom)
2022-12-23 07:22:21,909 [60edd344-8c94-447c-8e16-5fc09b19e128@group-9F1756C8C3BA-FollowerState] INFO  impl.RoleInfo (RoleInfo.java:updateAndGet(139)) - 60edd344-8c94-447c-8e16-5fc09b19e128: start 60edd344-8c94-447c-8e16-5fc09b19e128@group-9F1756C8C3BA-LeaderElection9
2022-12-23 07:22:21,928 [5eb9b934-91d7-4d34-88e4-5e2b9d3bfec0-server-thread2] INFO  ratis.XceiverServerRatis (XceiverServerRatis.java:handleLeaderChangedNotification(904)) - Leader change notification received for group: group-80301CE9DBB8 with new leaderId: 60edd344-8c94-447c-8e16-5fc09b19e128
2022-12-23 07:22:21,929 [5eb9b934-91d7-4d34-88e4-5e2b9d3bfec0-server-thread2] INFO  server.RaftServer$Division (ServerState.java:setLeader(313)) - 5eb9b934-91d7-4d34-88e4-5e2b9d3bfec0@group-80301CE9DBB8: change Leader from null to 60edd344-8c94-447c-8e16-5fc09b19e128 at term 1 for appendEntries, leader elected after 5154ms
2022-12-23 07:22:21,931 [f8b4df33-cf88-4903-9aaa-0dcc4cf7d5e3-server-thread2] INFO  ratis.XceiverServerRatis (XceiverServerRatis.java:handleLeaderChangedNotification(904)) - Leader change notification received for group: group-80301CE9DBB8 with new leaderId: 60edd344-8c94-447c-8e16-5fc09b19e128
2022-12-23 07:22:21,931 [f8b4df33-cf88-4903-9aaa-0dcc4cf7d5e3-server-thread2] INFO  server.RaftServer$Division (ServerState.java:setLeader(313)) - f8b4df33-cf88-4903-9aaa-0dcc4cf7d5e3@group-80301CE9DBB8: change Leader from null to 60edd344-8c94-447c-8e16-5fc09b19e128 at term 1 for appendEntries, leader elected after 5108ms
2022-12-23 07:22:21,932 [60edd344-8c94-447c-8e16-5fc09b19e128@group-9F1756C8C3BA-LeaderElection9] INFO  impl.LeaderElection (LeaderElection.java:askForVotes(312)) - 60edd344-8c94-447c-8e16-5fc09b19e128@group-9F1756C8C3BA-LeaderElection9 ELECTION round 0: submit vote requests at term 1 for -1: peers:[60edd344-8c94-447c-8e16-5fc09b19e128|rpc:10.1.0.40:39167|dataStream:10.1.0.40:36111|priority:1|startupRole:FOLLOWER]|listeners:[], old=null
2022-12-23 07:22:21,932 [60edd344-8c94-447c-8e16-5fc09b19e128@group-9F1756C8C3BA-LeaderElection9] INFO  impl.LeaderElection (LeaderElection.java:askForVotes(314)) - 60edd344-8c94-447c-8e16-5fc09b19e128@group-9F1756C8C3BA-LeaderElection9 ELECTION round 0: result PASSED (term=1)
2022-12-23 07:22:21,932 [60edd344-8c94-447c-8e16-5fc09b19e128@group-9F1756C8C3BA-LeaderElection9] INFO  impl.RoleInfo (RoleInfo.java:shutdownLeaderElection(130)) - 60edd344-8c94-447c-8e16-5fc09b19e128: shutdown 60edd344-8c94-447c-8e16-5fc09b19e128@group-9F1756C8C3BA-LeaderElection9
2022-12-23 07:22:21,932 [60edd344-8c94-447c-8e16-5fc09b19e128@group-9F1756C8C3BA-LeaderElection9] INFO  server.RaftServer$Division (RaftServerImpl.java:setRole(321)) - 60edd344-8c94-447c-8e16-5fc09b19e128@group-9F1756C8C3BA: changes role from CANDIDATE to LEADER at term 1 for changeToLeader
2022-12-23 07:22:21,932 [60edd344-8c94-447c-8e16-5fc09b19e128@group-9F1756C8C3BA-LeaderElection9] INFO  ratis.XceiverServerRatis (XceiverServerRatis.java:handleLeaderChangedNotification(904)) - Leader change notification received for group: group-9F1756C8C3BA with new leaderId: 60edd344-8c94-447c-8e16-5fc09b19e128
2022-12-23 07:22:21,932 [60edd344-8c94-447c-8e16-5fc09b19e128@group-9F1756C8C3BA-LeaderElection9] INFO  server.RaftServer$Division (ServerState.java:setLeader(313)) - 60edd344-8c94-447c-8e16-5fc09b19e128@group-9F1756C8C3BA: change Leader from null to 60edd344-8c94-447c-8e16-5fc09b19e128 at term 1 for becomeLeader, leader elected after 5244ms
2022-12-23 07:22:21,932 [60edd344-8c94-447c-8e16-5fc09b19e128@group-9F1756C8C3BA-LeaderElection9] INFO  server.RaftServerConfigKeys (ConfUtils.java:logGet(46)) - raft.server.staging.catchup.gap = 1000 (default)
2022-12-23 07:22:21,932 [60edd344-8c94-447c-8e16-5fc09b19e128@group-9F1756C8C3BA-LeaderElection9] INFO  server.RaftServerConfigKeys (ConfUtils.java:logGet(46)) - raft.server.write.element-limit = 1024 (custom)
2022-12-23 07:22:21,933 [60edd344-8c94-447c-8e16-5fc09b19e128@group-9F1756C8C3BA-LeaderElection9] INFO  server.RaftServerConfigKeys (ConfUtils.java:logGet(46)) - raft.server.write.byte-limit = 1024 M (=1073741824) (custom)
2022-12-23 07:22:21,933 [60edd344-8c94-447c-8e16-5fc09b19e128@group-9F1756C8C3BA-LeaderElection9] INFO  server.RaftServerConfigKeys (ConfUtils.java:logGet(46)) - raft.server.watch.timeout = 180s (custom)
2022-12-23 07:22:21,933 [60edd344-8c94-447c-8e16-5fc09b19e128@group-9F1756C8C3BA-LeaderElection9] INFO  server.RaftServerConfigKeys (ConfUtils.java:logGet(46)) - raft.server.watch.timeout.denomination = 1s (default)
2022-12-23 07:22:21,933 [60edd344-8c94-447c-8e16-5fc09b19e128@group-9F1756C8C3BA-LeaderElection9] INFO  server.RaftServerConfigKeys (ConfUtils.java:logGet(46)) - raft.server.watch.element-limit = 65536 (default)
2022-12-23 07:22:21,933 [60edd344-8c94-447c-8e16-5fc09b19e128@group-9F1756C8C3BA-LeaderElection9] INFO  server.RaftServerConfigKeys (ConfUtils.java:logGet(46)) - raft.server.write.element-limit = 1024 (custom)
2022-12-23 07:22:21,933 [60edd344-8c94-447c-8e16-5fc09b19e128@group-9F1756C8C3BA-LeaderElection9] INFO  server.RaftServerConfigKeys (ConfUtils.java:logGet(46)) - raft.server.write.follower.gap.ratio.max = -1.0 (default)
2022-12-23 07:22:21,933 [60edd344-8c94-447c-8e16-5fc09b19e128@group-9F1756C8C3BA-LeaderElection9] INFO  impl.RoleInfo (RoleInfo.java:updateAndGet(139)) - 60edd344-8c94-447c-8e16-5fc09b19e128: start 60edd344-8c94-447c-8e16-5fc09b19e128@group-9F1756C8C3BA-LeaderStateImpl
2022-12-23 07:22:21,933 [60edd344-8c94-447c-8e16-5fc09b19e128@group-9F1756C8C3BA-LeaderElection9] INFO  segmented.SegmentedRaftLogWorker (SegmentedRaftLogWorker.java:startLogSegment(452)) - 60edd344-8c94-447c-8e16-5fc09b19e128@group-9F1756C8C3BA-SegmentedRaftLogWorker: Starting segment from index:0
2022-12-23 07:22:21,935 [EventQueue-CommandQueueReportForCommandQueueReportHandler] WARN  events.EventQueue (EventQueue.java:fireEvent(216)) - No event handler registered for event TypedEvent{payloadType=DatanodeDetails, name='Datanode_Command_Queue_Updated'}
2022-12-23 07:22:21,936 [60edd344-8c94-447c-8e16-5fc09b19e128@group-9F1756C8C3BA-SegmentedRaftLogWorker] INFO  segmented.SegmentedRaftLogWorker (SegmentedRaftLogWorker.java:execute(656)) - 60edd344-8c94-447c-8e16-5fc09b19e128@group-9F1756C8C3BA-SegmentedRaftLogWorker: created new log segment /home/runner/work/ozone/ozone/hadoop-ozone/integration-test/target/test-dir/MiniOzoneClusterImpl-92bcab56-ea6f-414a-bd9b-6ecfa13157ac/datanode-0/data/ratis/4fab16b0-76d4-4f9b-8f02-9f1756c8c3ba/current/log_inprogress_0
2022-12-23 07:22:21,940 [5eb9b934-91d7-4d34-88e4-5e2b9d3bfec0-server-thread1] INFO  server.RaftServer$Division (ServerState.java:setRaftConf(430)) - 5eb9b934-91d7-4d34-88e4-5e2b9d3bfec0@group-80301CE9DBB8: set configuration 0: peers:[f8b4df33-cf88-4903-9aaa-0dcc4cf7d5e3|rpc:10.1.0.40:38279|dataStream:10.1.0.40:45959|priority:0|startupRole:FOLLOWER, 5eb9b934-91d7-4d34-88e4-5e2b9d3bfec0|rpc:10.1.0.40:33985|dataStream:10.1.0.40:42585|priority:0|startupRole:FOLLOWER, 60edd344-8c94-447c-8e16-5fc09b19e128|rpc:10.1.0.40:39167|dataStream:10.1.0.40:36111|priority:1|startupRole:FOLLOWER]|listeners:[], old=null
2022-12-23 07:22:21,940 [5eb9b934-91d7-4d34-88e4-5e2b9d3bfec0-server-thread1] INFO  segmented.SegmentedRaftLogWorker (SegmentedRaftLogWorker.java:startLogSegment(452)) - 5eb9b934-91d7-4d34-88e4-5e2b9d3bfec0@group-80301CE9DBB8-SegmentedRaftLogWorker: Starting segment from index:0
2022-12-23 07:22:21,946 [5eb9b934-91d7-4d34-88e4-5e2b9d3bfec0@group-80301CE9DBB8-SegmentedRaftLogWorker] INFO  segmented.SegmentedRaftLogWorker (SegmentedRaftLogWorker.java:execute(656)) - 5eb9b934-91d7-4d34-88e4-5e2b9d3bfec0@group-80301CE9DBB8-SegmentedRaftLogWorker: created new log segment /home/runner/work/ozone/ozone/hadoop-ozone/integration-test/target/test-dir/MiniOzoneClusterImpl-92bcab56-ea6f-414a-bd9b-6ecfa13157ac/datanode-2/data/ratis/02d7c562-fc22-4d09-9caa-80301ce9dbb8/current/log_inprogress_0
2022-12-23 07:22:21,946 [f8b4df33-cf88-4903-9aaa-0dcc4cf7d5e3-server-thread2] INFO  server.RaftServer$Division (ServerState.java:setRaftConf(430)) - f8b4df33-cf88-4903-9aaa-0dcc4cf7d5e3@group-80301CE9DBB8: set configuration 0: peers:[f8b4df33-cf88-4903-9aaa-0dcc4cf7d5e3|rpc:10.1.0.40:38279|dataStream:10.1.0.40:45959|priority:0|startupRole:FOLLOWER, 5eb9b934-91d7-4d34-88e4-5e2b9d3bfec0|rpc:10.1.0.40:33985|dataStream:10.1.0.40:42585|priority:0|startupRole:FOLLOWER, 60edd344-8c94-447c-8e16-5fc09b19e128|rpc:10.1.0.40:39167|dataStream:10.1.0.40:36111|priority:1|startupRole:FOLLOWER]|listeners:[], old=null
2022-12-23 07:22:21,946 [f8b4df33-cf88-4903-9aaa-0dcc4cf7d5e3-server-thread2] INFO  segmented.SegmentedRaftLogWorker (SegmentedRaftLogWorker.java:startLogSegment(452)) - f8b4df33-cf88-4903-9aaa-0dcc4cf7d5e3@group-80301CE9DBB8-SegmentedRaftLogWorker: Starting segment from index:0
2022-12-23 07:22:21,946 [60edd344-8c94-447c-8e16-5fc09b19e128@group-9F1756C8C3BA-LeaderElection9] INFO  server.RaftServer$Division (ServerState.java:setRaftConf(430)) - 60edd344-8c94-447c-8e16-5fc09b19e128@group-9F1756C8C3BA: set configuration 0: peers:[60edd344-8c94-447c-8e16-5fc09b19e128|rpc:10.1.0.40:39167|dataStream:10.1.0.40:36111|priority:1|startupRole:FOLLOWER]|listeners:[], old=null
2022-12-23 07:22:21,947 [f8b4df33-cf88-4903-9aaa-0dcc4cf7d5e3@group-80301CE9DBB8-SegmentedRaftLogWorker] INFO  segmented.SegmentedRaftLogWorker (SegmentedRaftLogWorker.java:execute(656)) - f8b4df33-cf88-4903-9aaa-0dcc4cf7d5e3@group-80301CE9DBB8-SegmentedRaftLogWorker: created new log segment /home/runner/work/ozone/ozone/hadoop-ozone/integration-test/target/test-dir/MiniOzoneClusterImpl-92bcab56-ea6f-414a-bd9b-6ecfa13157ac/datanode-1/data/ratis/02d7c562-fc22-4d09-9caa-80301ce9dbb8/current/log_inprogress_0
2022-12-23 07:22:21,978 [f8b4df33-cf88-4903-9aaa-0dcc4cf7d5e3@group-1ECFD0FA5FAA-FollowerState] INFO  impl.FollowerState (FollowerState.java:run(143)) - f8b4df33-cf88-4903-9aaa-0dcc4cf7d5e3@group-1ECFD0FA5FAA-FollowerState: change to CANDIDATE, lastRpcElapsedTime:5016316538ns, electionTimeout:5015ms
2022-12-23 07:22:21,979 [f8b4df33-cf88-4903-9aaa-0dcc4cf7d5e3@group-1ECFD0FA5FAA-FollowerState] INFO  impl.RoleInfo (RoleInfo.java:shutdownFollowerState(110)) - f8b4df33-cf88-4903-9aaa-0dcc4cf7d5e3: shutdown f8b4df33-cf88-4903-9aaa-0dcc4cf7d5e3@group-1ECFD0FA5FAA-FollowerState
2022-12-23 07:22:21,979 [f8b4df33-cf88-4903-9aaa-0dcc4cf7d5e3@group-1ECFD0FA5FAA-FollowerState] INFO  server.RaftServer$Division (RaftServerImpl.java:setRole(321)) - f8b4df33-cf88-4903-9aaa-0dcc4cf7d5e3@group-1ECFD0FA5FAA: changes role from  FOLLOWER to CANDIDATE at term 0 for changeToCandidate
2022-12-23 07:22:21,979 [f8b4df33-cf88-4903-9aaa-0dcc4cf7d5e3@group-1ECFD0FA5FAA-FollowerState] INFO  server.RaftServerConfigKeys (ConfUtils.java:logGet(46)) - raft.server.leaderelection.pre-vote = false (custom)
2022-12-23 07:22:21,979 [f8b4df33-cf88-4903-9aaa-0dcc4cf7d5e3@group-1ECFD0FA5FAA-FollowerState] INFO  impl.RoleInfo (RoleInfo.java:updateAndGet(139)) - f8b4df33-cf88-4903-9aaa-0dcc4cf7d5e3: start f8b4df33-cf88-4903-9aaa-0dcc4cf7d5e3@group-1ECFD0FA5FAA-LeaderElection10
2022-12-23 07:22:21,983 [f8b4df33-cf88-4903-9aaa-0dcc4cf7d5e3@group-1ECFD0FA5FAA-LeaderElection10] INFO  impl.LeaderElection (LeaderElection.java:askForVotes(312)) - f8b4df33-cf88-4903-9aaa-0dcc4cf7d5e3@group-1ECFD0FA5FAA-LeaderElection10 ELECTION round 0: submit vote requests at term 1 for -1: peers:[f8b4df33-cf88-4903-9aaa-0dcc4cf7d5e3|rpc:10.1.0.40:38279|dataStream:10.1.0.40:45959|priority:0|startupRole:FOLLOWER, 60edd344-8c94-447c-8e16-5fc09b19e128|rpc:10.1.0.40:39167|dataStream:10.1.0.40:36111|priority:0|startupRole:FOLLOWER, 5eb9b934-91d7-4d34-88e4-5e2b9d3bfec0|rpc:10.1.0.40:33985|dataStream:10.1.0.40:42585|priority:1|startupRole:FOLLOWER]|listeners:[], old=null
2022-12-23 07:22:21,983 [f8b4df33-cf88-4903-9aaa-0dcc4cf7d5e3@group-1ECFD0FA5FAA-LeaderElection10-1] INFO  server.GrpcServerProtocolClient (GrpcServerProtocolClient.java:<init>(63)) - Build channel for 60edd344-8c94-447c-8e16-5fc09b19e128
2022-12-23 07:22:21,986 [f8b4df33-cf88-4903-9aaa-0dcc4cf7d5e3@group-1ECFD0FA5FAA-LeaderElection10] INFO  server.RaftServerConfigKeys (ConfUtils.java:logFallback(53)) - raft.server.rpc.first-election.timeout.min = 5s (fallback to raft.server.rpc.timeout.min)
2022-12-23 07:22:21,987 [f8b4df33-cf88-4903-9aaa-0dcc4cf7d5e3@group-1ECFD0FA5FAA-LeaderElection10] INFO  server.RaftServerConfigKeys (ConfUtils.java:logFallback(53)) - raft.server.rpc.first-election.timeout.max = 5200ms (fallback to raft.server.rpc.timeout.max)
2022-12-23 07:22:21,988 [f8b4df33-cf88-4903-9aaa-0dcc4cf7d5e3@group-1ECFD0FA5FAA-LeaderElection10-2] INFO  server.GrpcServerProtocolClient (GrpcServerProtocolClient.java:<init>(63)) - Build channel for 5eb9b934-91d7-4d34-88e4-5e2b9d3bfec0
2022-12-23 07:22:21,996 [grpc-default-executor-3] INFO  server.RaftServer$Division (RaftServerImpl.java:requestVote(1218)) - 60edd344-8c94-447c-8e16-5fc09b19e128@group-1ECFD0FA5FAA: receive requestVote(ELECTION, f8b4df33-cf88-4903-9aaa-0dcc4cf7d5e3, group-1ECFD0FA5FAA, 1, (t:0, i:0))
2022-12-23 07:22:21,996 [grpc-default-executor-3] INFO  impl.VoteContext (VoteContext.java:log(49)) - 60edd344-8c94-447c-8e16-5fc09b19e128@group-1ECFD0FA5FAA-FOLLOWER: accept ELECTION from f8b4df33-cf88-4903-9aaa-0dcc4cf7d5e3: our priority 0 <= candidate's priority 0
2022-12-23 07:22:21,996 [grpc-default-executor-3] INFO  server.RaftServer$Division (RaftServerImpl.java:setRole(321)) - 60edd344-8c94-447c-8e16-5fc09b19e128@group-1ECFD0FA5FAA: changes role from  FOLLOWER to FOLLOWER at term 1 for candidate:f8b4df33-cf88-4903-9aaa-0dcc4cf7d5e3
2022-12-23 07:22:21,996 [grpc-default-executor-3] INFO  impl.RoleInfo (RoleInfo.java:shutdownFollowerState(110)) - 60edd344-8c94-447c-8e16-5fc09b19e128: shutdown 60edd344-8c94-447c-8e16-5fc09b19e128@group-1ECFD0FA5FAA-FollowerState
2022-12-23 07:22:21,996 [grpc-default-executor-3] INFO  impl.RoleInfo (RoleInfo.java:updateAndGet(139)) - 60edd344-8c94-447c-8e16-5fc09b19e128: start 60edd344-8c94-447c-8e16-5fc09b19e128@group-1ECFD0FA5FAA-FollowerState
2022-12-23 07:22:21,996 [60edd344-8c94-447c-8e16-5fc09b19e128@group-1ECFD0FA5FAA-FollowerState] INFO  impl.FollowerState (FollowerState.java:run(152)) - 60edd344-8c94-447c-8e16-5fc09b19e128@group-1ECFD0FA5FAA-FollowerState was interrupted
2022-12-23 07:22:21,997 [60edd344-8c94-447c-8e16-5fc09b19e128@group-1ECFD0FA5FAA-FollowerState] INFO  server.RaftServerConfigKeys (ConfUtils.java:logFallback(53)) - raft.server.rpc.first-election.timeout.min = 5s (fallback to raft.server.rpc.timeout.min)
2022-12-23 07:22:21,997 [60edd344-8c94-447c-8e16-5fc09b19e128@group-1ECFD0FA5FAA-FollowerState] INFO  server.RaftServerConfigKeys (ConfUtils.java:logFallback(53)) - raft.server.rpc.first-election.timeout.max = 5200ms (fallback to raft.server.rpc.timeout.max)
2022-12-23 07:22:21,999 [grpc-default-executor-0] INFO  server.RaftServer$Division (RaftServerImpl.java:requestVote(1218)) - 5eb9b934-91d7-4d34-88e4-5e2b9d3bfec0@group-1ECFD0FA5FAA: receive requestVote(ELECTION, f8b4df33-cf88-4903-9aaa-0dcc4cf7d5e3, group-1ECFD0FA5FAA, 1, (t:0, i:0))
2022-12-23 07:22:21,999 [grpc-default-executor-0] INFO  impl.VoteContext (VoteContext.java:log(49)) - 5eb9b934-91d7-4d34-88e4-5e2b9d3bfec0@group-1ECFD0FA5FAA-FOLLOWER: reject ELECTION from f8b4df33-cf88-4903-9aaa-0dcc4cf7d5e3: our priority 1 > candidate's priority 0
2022-12-23 07:22:22,000 [grpc-default-executor-0] INFO  server.RaftServer$Division (RaftServerImpl.java:setRole(321)) - 5eb9b934-91d7-4d34-88e4-5e2b9d3bfec0@group-1ECFD0FA5FAA: changes role from  FOLLOWER to FOLLOWER at term 1 for candidate:f8b4df33-cf88-4903-9aaa-0dcc4cf7d5e3
2022-12-23 07:22:22,000 [grpc-default-executor-0] INFO  impl.RoleInfo (RoleInfo.java:shutdownFollowerState(110)) - 5eb9b934-91d7-4d34-88e4-5e2b9d3bfec0: shutdown 5eb9b934-91d7-4d34-88e4-5e2b9d3bfec0@group-1ECFD0FA5FAA-FollowerState
2022-12-23 07:22:22,000 [grpc-default-executor-0] INFO  impl.RoleInfo (RoleInfo.java:updateAndGet(139)) - 5eb9b934-91d7-4d34-88e4-5e2b9d3bfec0: start 5eb9b934-91d7-4d34-88e4-5e2b9d3bfec0@group-1ECFD0FA5FAA-FollowerState
2022-12-23 07:22:22,000 [5eb9b934-91d7-4d34-88e4-5e2b9d3bfec0@group-1ECFD0FA5FAA-FollowerState] INFO  impl.FollowerState (FollowerState.java:run(152)) - 5eb9b934-91d7-4d34-88e4-5e2b9d3bfec0@group-1ECFD0FA5FAA-FollowerState was interrupted
2022-12-23 07:22:22,000 [grpc-default-executor-3] INFO  server.RaftServer$Division (RaftServerImpl.java:requestVote(1251)) - 60edd344-8c94-447c-8e16-5fc09b19e128@group-1ECFD0FA5FAA replies to ELECTION vote request: f8b4df33-cf88-4903-9aaa-0dcc4cf7d5e3<-60edd344-8c94-447c-8e16-5fc09b19e128#0:OK-t1. Peer's state: 60edd344-8c94-447c-8e16-5fc09b19e128@group-1ECFD0FA5FAA:t1, leader=null, voted=f8b4df33-cf88-4903-9aaa-0dcc4cf7d5e3, raftlog=Memoized:60edd344-8c94-447c-8e16-5fc09b19e128@group-1ECFD0FA5FAA-SegmentedRaftLog:OPENED:c-1, conf=-1: peers:[f8b4df33-cf88-4903-9aaa-0dcc4cf7d5e3|rpc:10.1.0.40:38279|dataStream:10.1.0.40:45959|priority:0|startupRole:FOLLOWER, 60edd344-8c94-447c-8e16-5fc09b19e128|rpc:10.1.0.40:39167|dataStream:10.1.0.40:36111|priority:0|startupRole:FOLLOWER, 5eb9b934-91d7-4d34-88e4-5e2b9d3bfec0|rpc:10.1.0.40:33985|dataStream:10.1.0.40:42585|priority:1|startupRole:FOLLOWER]|listeners:[], old=null
2022-12-23 07:22:22,005 [grpc-default-executor-0] INFO  server.RaftServer$Division (RaftServerImpl.java:requestVote(1251)) - 5eb9b934-91d7-4d34-88e4-5e2b9d3bfec0@group-1ECFD0FA5FAA replies to ELECTION vote request: f8b4df33-cf88-4903-9aaa-0dcc4cf7d5e3<-5eb9b934-91d7-4d34-88e4-5e2b9d3bfec0#0:FAIL-t1. Peer's state: 5eb9b934-91d7-4d34-88e4-5e2b9d3bfec0@group-1ECFD0FA5FAA:t1, leader=null, voted=null, raftlog=Memoized:5eb9b934-91d7-4d34-88e4-5e2b9d3bfec0@group-1ECFD0FA5FAA-SegmentedRaftLog:OPENED:c-1, conf=-1: peers:[f8b4df33-cf88-4903-9aaa-0dcc4cf7d5e3|rpc:10.1.0.40:38279|dataStream:10.1.0.40:45959|priority:0|startupRole:FOLLOWER, 60edd344-8c94-447c-8e16-5fc09b19e128|rpc:10.1.0.40:39167|dataStream:10.1.0.40:36111|priority:0|startupRole:FOLLOWER, 5eb9b934-91d7-4d34-88e4-5e2b9d3bfec0|rpc:10.1.0.40:33985|dataStream:10.1.0.40:42585|priority:1|startupRole:FOLLOWER]|listeners:[], old=null
2022-12-23 07:22:22,007 [f8b4df33-cf88-4903-9aaa-0dcc4cf7d5e3@group-1ECFD0FA5FAA-LeaderElection10] INFO  impl.LeaderElection (LeaderElection.java:logAndReturn(90)) - f8b4df33-cf88-4903-9aaa-0dcc4cf7d5e3@group-1ECFD0FA5FAA-LeaderElection10: ELECTION REJECTED received 2 response(s) and 0 exception(s):
2022-12-23 07:22:22,007 [f8b4df33-cf88-4903-9aaa-0dcc4cf7d5e3@group-1ECFD0FA5FAA-LeaderElection10] INFO  impl.LeaderElection (LeaderElection.java:logAndReturn(94)) -   Response 0: f8b4df33-cf88-4903-9aaa-0dcc4cf7d5e3<-60edd344-8c94-447c-8e16-5fc09b19e128#0:OK-t1
2022-12-23 07:22:22,007 [f8b4df33-cf88-4903-9aaa-0dcc4cf7d5e3@group-1ECFD0FA5FAA-LeaderElection10] INFO  impl.LeaderElection (LeaderElection.java:logAndReturn(94)) -   Response 1: f8b4df33-cf88-4903-9aaa-0dcc4cf7d5e3<-5eb9b934-91d7-4d34-88e4-5e2b9d3bfec0#0:FAIL-t1
2022-12-23 07:22:22,007 [f8b4df33-cf88-4903-9aaa-0dcc4cf7d5e3@group-1ECFD0FA5FAA-LeaderElection10] INFO  impl.LeaderElection (LeaderElection.java:askForVotes(314)) - f8b4df33-cf88-4903-9aaa-0dcc4cf7d5e3@group-1ECFD0FA5FAA-LeaderElection10 ELECTION round 0: result REJECTED
2022-12-23 07:22:22,007 [f8b4df33-cf88-4903-9aaa-0dcc4cf7d5e3@group-1ECFD0FA5FAA-LeaderElection10] INFO  server.RaftServer$Division (RaftServerImpl.java:setRole(321)) - f8b4df33-cf88-4903-9aaa-0dcc4cf7d5e3@group-1ECFD0FA5FAA: changes role from CANDIDATE to FOLLOWER at term 1 for REJECTED
2022-12-23 07:22:22,007 [f8b4df33-cf88-4903-9aaa-0dcc4cf7d5e3@group-1ECFD0FA5FAA-LeaderElection10] INFO  impl.RoleInfo (RoleInfo.java:shutdownLeaderElection(130)) - f8b4df33-cf88-4903-9aaa-0dcc4cf7d5e3: shutdown f8b4df33-cf88-4903-9aaa-0dcc4cf7d5e3@group-1ECFD0FA5FAA-LeaderElection10
2022-12-23 07:22:22,007 [f8b4df33-cf88-4903-9aaa-0dcc4cf7d5e3@group-1ECFD0FA5FAA-LeaderElection10] INFO  impl.RoleInfo (RoleInfo.java:updateAndGet(139)) - f8b4df33-cf88-4903-9aaa-0dcc4cf7d5e3: start f8b4df33-cf88-4903-9aaa-0dcc4cf7d5e3@group-1ECFD0FA5FAA-FollowerState
2022-12-23 07:22:22,008 [5eb9b934-91d7-4d34-88e4-5e2b9d3bfec0@group-1ECFD0FA5FAA-FollowerState] INFO  server.RaftServerConfigKeys (ConfUtils.java:logFallback(53)) - raft.server.rpc.first-election.timeout.min = 5s (fallback to raft.server.rpc.timeout.min)
2022-12-23 07:22:22,008 [5eb9b934-91d7-4d34-88e4-5e2b9d3bfec0@group-1ECFD0FA5FAA-FollowerState] INFO  server.RaftServerConfigKeys (ConfUtils.java:logFallback(53)) - raft.server.rpc.first-election.timeout.max = 5200ms (fallback to raft.server.rpc.timeout.max)
2022-12-23 07:22:22,012 [f8b4df33-cf88-4903-9aaa-0dcc4cf7d5e3@group-1ECFD0FA5FAA-FollowerState] INFO  server.RaftServerConfigKeys (ConfUtils.java:logFallback(53)) - raft.server.rpc.first-election.timeout.min = 5s (fallback to raft.server.rpc.timeout.min)
2022-12-23 07:22:22,012 [f8b4df33-cf88-4903-9aaa-0dcc4cf7d5e3@group-1ECFD0FA5FAA-FollowerState] INFO  server.RaftServerConfigKeys (ConfUtils.java:logFallback(53)) - raft.server.rpc.first-election.timeout.max = 5200ms (fallback to raft.server.rpc.timeout.max)
2022-12-23 07:22:22,077 [EventQueue-CommandQueueReportForCommandQueueReportHandler] WARN  events.EventQueue (EventQueue.java:fireEvent(216)) - No event handler registered for event TypedEvent{payloadType=DatanodeDetails, name='Datanode_Command_Queue_Updated'}
2022-12-23 07:22:22,155 [f8b4df33-cf88-4903-9aaa-0dcc4cf7d5e3@group-2CFEBC390F04-FollowerState] INFO  impl.FollowerState (FollowerState.java:run(143)) - f8b4df33-cf88-4903-9aaa-0dcc4cf7d5e3@group-2CFEBC390F04-FollowerState: change to CANDIDATE, lastRpcElapsedTime:5063376246ns, electionTimeout:5061ms
2022-12-23 07:22:22,155 [f8b4df33-cf88-4903-9aaa-0dcc4cf7d5e3@group-2CFEBC390F04-FollowerState] INFO  impl.RoleInfo (RoleInfo.java:shutdownFollowerState(110)) - f8b4df33-cf88-4903-9aaa-0dcc4cf7d5e3: shutdown f8b4df33-cf88-4903-9aaa-0dcc4cf7d5e3@group-2CFEBC390F04-FollowerState
2022-12-23 07:22:22,155 [f8b4df33-cf88-4903-9aaa-0dcc4cf7d5e3@group-2CFEBC390F04-FollowerState] INFO  server.RaftServer$Division (RaftServerImpl.java:setRole(321)) - f8b4df33-cf88-4903-9aaa-0dcc4cf7d5e3@group-2CFEBC390F04: changes role from  FOLLOWER to CANDIDATE at term 0 for changeToCandidate
2022-12-23 07:22:22,155 [f8b4df33-cf88-4903-9aaa-0dcc4cf7d5e3@group-2CFEBC390F04-FollowerState] INFO  server.RaftServerConfigKeys (ConfUtils.java:logGet(46)) - raft.server.leaderelection.pre-vote = false (custom)
2022-12-23 07:22:22,155 [f8b4df33-cf88-4903-9aaa-0dcc4cf7d5e3@group-2CFEBC390F04-FollowerState] INFO  impl.RoleInfo (RoleInfo.java:updateAndGet(139)) - f8b4df33-cf88-4903-9aaa-0dcc4cf7d5e3: start f8b4df33-cf88-4903-9aaa-0dcc4cf7d5e3@group-2CFEBC390F04-LeaderElection11
2022-12-23 07:22:22,158 [f8b4df33-cf88-4903-9aaa-0dcc4cf7d5e3@group-2CFEBC390F04-LeaderElection11] INFO  impl.LeaderElection (LeaderElection.java:askForVotes(312)) - f8b4df33-cf88-4903-9aaa-0dcc4cf7d5e3@group-2CFEBC390F04-LeaderElection11 ELECTION round 0: submit vote requests at term 1 for -1: peers:[f8b4df33-cf88-4903-9aaa-0dcc4cf7d5e3|rpc:10.1.0.40:38279|dataStream:10.1.0.40:45959|priority:1|startupRole:FOLLOWER]|listeners:[], old=null
2022-12-23 07:22:22,159 [f8b4df33-cf88-4903-9aaa-0dcc4cf7d5e3@group-2CFEBC390F04-LeaderElection11] INFO  impl.LeaderElection (LeaderElection.java:askForVotes(314)) - f8b4df33-cf88-4903-9aaa-0dcc4cf7d5e3@group-2CFEBC390F04-LeaderElection11 ELECTION round 0: result PASSED (term=1)
2022-12-23 07:22:22,159 [f8b4df33-cf88-4903-9aaa-0dcc4cf7d5e3@group-2CFEBC390F04-LeaderElection11] INFO  impl.RoleInfo (RoleInfo.java:shutdownLeaderElection(130)) - f8b4df33-cf88-4903-9aaa-0dcc4cf7d5e3: shutdown f8b4df33-cf88-4903-9aaa-0dcc4cf7d5e3@group-2CFEBC390F04-LeaderElection11
2022-12-23 07:22:22,159 [f8b4df33-cf88-4903-9aaa-0dcc4cf7d5e3@group-2CFEBC390F04-LeaderElection11] INFO  server.RaftServer$Division (RaftServerImpl.java:setRole(321)) - f8b4df33-cf88-4903-9aaa-0dcc4cf7d5e3@group-2CFEBC390F04: changes role from CANDIDATE to LEADER at term 1 for changeToLeader
2022-12-23 07:22:22,159 [f8b4df33-cf88-4903-9aaa-0dcc4cf7d5e3@group-2CFEBC390F04-LeaderElection11] INFO  ratis.XceiverServerRatis (XceiverServerRatis.java:handleLeaderChangedNotification(904)) - Leader change notification received for group: group-2CFEBC390F04 with new leaderId: f8b4df33-cf88-4903-9aaa-0dcc4cf7d5e3
2022-12-23 07:22:22,159 [f8b4df33-cf88-4903-9aaa-0dcc4cf7d5e3@group-2CFEBC390F04-LeaderElection11] INFO  server.RaftServer$Division (ServerState.java:setLeader(313)) - f8b4df33-cf88-4903-9aaa-0dcc4cf7d5e3@group-2CFEBC390F04: change Leader from null to f8b4df33-cf88-4903-9aaa-0dcc4cf7d5e3 at term 1 for becomeLeader, leader elected after 5092ms
2022-12-23 07:22:22,159 [f8b4df33-cf88-4903-9aaa-0dcc4cf7d5e3@group-2CFEBC390F04-LeaderElection11] INFO  server.RaftServerConfigKeys (ConfUtils.java:logGet(46)) - raft.server.staging.catchup.gap = 1000 (default)
2022-12-23 07:22:22,159 [f8b4df33-cf88-4903-9aaa-0dcc4cf7d5e3@group-2CFEBC390F04-LeaderElection11] INFO  server.RaftServerConfigKeys (ConfUtils.java:logGet(46)) - raft.server.write.element-limit = 1024 (custom)
2022-12-23 07:22:22,159 [f8b4df33-cf88-4903-9aaa-0dcc4cf7d5e3@group-2CFEBC390F04-LeaderElection11] INFO  server.RaftServerConfigKeys (ConfUtils.java:logGet(46)) - raft.server.write.byte-limit = 1024 M (=1073741824) (custom)
2022-12-23 07:22:22,160 [f8b4df33-cf88-4903-9aaa-0dcc4cf7d5e3@group-2CFEBC390F04-LeaderElection11] INFO  server.RaftServerConfigKeys (ConfUtils.java:logGet(46)) - raft.server.watch.timeout = 180s (custom)
2022-12-23 07:22:22,160 [f8b4df33-cf88-4903-9aaa-0dcc4cf7d5e3@group-2CFEBC390F04-LeaderElection11] INFO  server.RaftServerConfigKeys (ConfUtils.java:logGet(46)) - raft.server.watch.timeout.denomination = 1s (default)
2022-12-23 07:22:22,160 [f8b4df33-cf88-4903-9aaa-0dcc4cf7d5e3@group-2CFEBC390F04-LeaderElection11] INFO  server.RaftServerConfigKeys (ConfUtils.java:logGet(46)) - raft.server.watch.element-limit = 65536 (default)
2022-12-23 07:22:22,160 [f8b4df33-cf88-4903-9aaa-0dcc4cf7d5e3@group-2CFEBC390F04-LeaderElection11] INFO  server.RaftServerConfigKeys (ConfUtils.java:logGet(46)) - raft.server.write.element-limit = 1024 (custom)
2022-12-23 07:22:22,160 [f8b4df33-cf88-4903-9aaa-0dcc4cf7d5e3@group-2CFEBC390F04-LeaderElection11] INFO  server.RaftServerConfigKeys (ConfUtils.java:logGet(46)) - raft.server.write.follower.gap.ratio.max = -1.0 (default)
2022-12-23 07:22:22,160 [f8b4df33-cf88-4903-9aaa-0dcc4cf7d5e3@group-2CFEBC390F04-LeaderElection11] INFO  impl.RoleInfo (RoleInfo.java:updateAndGet(139)) - f8b4df33-cf88-4903-9aaa-0dcc4cf7d5e3: start f8b4df33-cf88-4903-9aaa-0dcc4cf7d5e3@group-2CFEBC390F04-LeaderStateImpl
2022-12-23 07:22:22,160 [f8b4df33-cf88-4903-9aaa-0dcc4cf7d5e3@group-2CFEBC390F04-LeaderElection11] INFO  segmented.SegmentedRaftLogWorker (SegmentedRaftLogWorker.java:startLogSegment(452)) - f8b4df33-cf88-4903-9aaa-0dcc4cf7d5e3@group-2CFEBC390F04-SegmentedRaftLogWorker: Starting segment from index:0
2022-12-23 07:22:22,165 [f8b4df33-cf88-4903-9aaa-0dcc4cf7d5e3@group-2CFEBC390F04-SegmentedRaftLogWorker] INFO  segmented.SegmentedRaftLogWorker (SegmentedRaftLogWorker.java:execute(656)) - f8b4df33-cf88-4903-9aaa-0dcc4cf7d5e3@group-2CFEBC390F04-SegmentedRaftLogWorker: created new log segment /home/runner/work/ozone/ozone/hadoop-ozone/integration-test/target/test-dir/MiniOzoneClusterImpl-92bcab56-ea6f-414a-bd9b-6ecfa13157ac/datanode-1/data/ratis/d2236d71-602a-4cf3-8c09-2cfebc390f04/current/log_inprogress_0
2022-12-23 07:22:22,166 [f8b4df33-cf88-4903-9aaa-0dcc4cf7d5e3@group-2CFEBC390F04-LeaderElection11] INFO  server.RaftServer$Division (ServerState.java:setRaftConf(430)) - f8b4df33-cf88-4903-9aaa-0dcc4cf7d5e3@group-2CFEBC390F04: set configuration 0: peers:[f8b4df33-cf88-4903-9aaa-0dcc4cf7d5e3|rpc:10.1.0.40:38279|dataStream:10.1.0.40:45959|priority:1|startupRole:FOLLOWER]|listeners:[], old=null
2022-12-23 07:22:22,167 [EventQueue-CommandQueueReportForCommandQueueReportHandler] WARN  events.EventQueue (EventQueue.java:fireEvent(216)) - No event handler registered for event TypedEvent{payloadType=DatanodeDetails, name='Datanode_Command_Queue_Updated'}
2022-12-23 07:22:22,447 [Listener at 127.0.0.1/45417] INFO  ozone.MiniOzoneClusterImpl (MiniOzoneClusterImpl.java:lambda$waitForClusterToBeReady$0(217)) - Nodes are ready. Got 3 of 3 DN Heartbeats.
2022-12-23 07:22:22,447 [Listener at 127.0.0.1/45417] INFO  ozone.MiniOzoneClusterImpl (MiniOzoneClusterImpl.java:lambda$waitForClusterToBeReady$0(220)) - Cluster exits safe mode
2022-12-23 07:22:22,447 [Listener at 127.0.0.1/45417] INFO  ozone.MiniOzoneClusterImpl (MiniOzoneClusterImpl.java:lambda$waitForClusterToBeReady$0(222)) - SCM became leader
]]></system-out>
    </rerunFailure>
    <rerunFailure type="java.lang.AssertionError">
      <stackTrace><![CDATA[java.lang.AssertionError
	at org.junit.Assert.fail(Assert.java:87)
	at org.junit.Assert.assertTrue(Assert.java:42)
	at org.junit.Assert.assertTrue(Assert.java:53)
	at org.apache.hadoop.hdds.scm.TestRatisPipelineLeader.testLeaderIdAfterLeaderChange(TestRatisPipelineLeader.java:119)
	at sun.reflect.NativeMethodAccessorImpl.invoke0(Native Method)
	at sun.reflect.NativeMethodAccessorImpl.invoke(NativeMethodAccessorImpl.java:62)
	at sun.reflect.DelegatingMethodAccessorImpl.invoke(DelegatingMethodAccessorImpl.java:43)
	at java.lang.reflect.Method.invoke(Method.java:498)
	at org.junit.platform.commons.util.ReflectionUtils.invokeMethod(ReflectionUtils.java:725)
	at org.junit.jupiter.engine.execution.MethodInvocation.proceed(MethodInvocation.java:60)
	at org.junit.jupiter.engine.execution.InvocationInterceptorChain$ValidatingInvocation.proceed(InvocationInterceptorChain.java:131)
	at org.junit.jupiter.engine.extension.TimeoutInvocation.proceed(TimeoutInvocation.java:46)
	at org.junit.jupiter.engine.extension.TimeoutExtension.intercept(TimeoutExtension.java:149)
	at org.junit.jupiter.engine.extension.TimeoutExtension.interceptTestableMethod(TimeoutExtension.java:140)
	at org.junit.jupiter.engine.extension.TimeoutExtension.interceptTestMethod(TimeoutExtension.java:84)
	at org.junit.jupiter.engine.execution.ExecutableInvoker$ReflectiveInterceptorCall.lambda$ofVoidMethod$0(ExecutableInvoker.java:115)
	at org.junit.jupiter.engine.execution.ExecutableInvoker.lambda$invoke$0(ExecutableInvoker.java:105)
	at org.junit.jupiter.engine.execution.InvocationInterceptorChain$InterceptedInvocation.proceed(InvocationInterceptorChain.java:106)
	at org.junit.jupiter.engine.execution.InvocationInterceptorChain.proceed(InvocationInterceptorChain.java:64)
	at org.junit.jupiter.engine.execution.InvocationInterceptorChain.chainAndInvoke(InvocationInterceptorChain.java:45)
	at org.junit.jupiter.engine.execution.InvocationInterceptorChain.invoke(InvocationInterceptorChain.java:37)
	at org.junit.jupiter.engine.execution.ExecutableInvoker.invoke(ExecutableInvoker.java:104)
	at org.junit.jupiter.engine.execution.ExecutableInvoker.invoke(ExecutableInvoker.java:98)
	at org.junit.jupiter.engine.descriptor.TestMethodTestDescriptor.lambda$invokeTestMethod$7(TestMethodTestDescriptor.java:214)
	at org.junit.platform.engine.support.hierarchical.ThrowableCollector.execute(ThrowableCollector.java:73)
	at org.junit.jupiter.engine.descriptor.TestMethodTestDescriptor.invokeTestMethod(TestMethodTestDescriptor.java:210)
	at org.junit.jupiter.engine.descriptor.TestMethodTestDescriptor.execute(TestMethodTestDescriptor.java:135)
	at org.junit.jupiter.engine.descriptor.TestMethodTestDescriptor.execute(TestMethodTestDescriptor.java:66)
	at org.junit.platform.engine.support.hierarchical.NodeTestTask.lambda$executeRecursively$6(NodeTestTask.java:151)
	at org.junit.platform.engine.support.hierarchical.ThrowableCollector.execute(ThrowableCollector.java:73)
	at org.junit.platform.engine.support.hierarchical.NodeTestTask.lambda$executeRecursively$8(NodeTestTask.java:141)
	at org.junit.platform.engine.support.hierarchical.Node.around(Node.java:137)
	at org.junit.platform.engine.support.hierarchical.NodeTestTask.lambda$executeRecursively$9(NodeTestTask.java:139)
	at org.junit.platform.engine.support.hierarchical.ThrowableCollector.execute(ThrowableCollector.java:73)
	at org.junit.platform.engine.support.hierarchical.NodeTestTask.executeRecursively(NodeTestTask.java:138)
	at org.junit.platform.engine.support.hierarchical.NodeTestTask.execute(NodeTestTask.java:95)
	at java.util.ArrayList.forEach(ArrayList.java:1259)
	at org.junit.platform.engine.support.hierarchical.SameThreadHierarchicalTestExecutorService.invokeAll(SameThreadHierarchicalTestExecutorService.java:41)
	at org.junit.platform.engine.support.hierarchical.NodeTestTask.lambda$executeRecursively$6(NodeTestTask.java:155)
	at org.junit.platform.engine.support.hierarchical.ThrowableCollector.execute(ThrowableCollector.java:73)
	at org.junit.platform.engine.support.hierarchical.NodeTestTask.lambda$executeRecursively$8(NodeTestTask.java:141)
	at org.junit.platform.engine.support.hierarchical.Node.around(Node.java:137)
	at org.junit.platform.engine.support.hierarchical.NodeTestTask.lambda$executeRecursively$9(NodeTestTask.java:139)
	at org.junit.platform.engine.support.hierarchical.ThrowableCollector.execute(ThrowableCollector.java:73)
	at org.junit.platform.engine.support.hierarchical.NodeTestTask.executeRecursively(NodeTestTask.java:138)
	at org.junit.platform.engine.support.hierarchical.NodeTestTask.execute(NodeTestTask.java:95)
	at java.util.ArrayList.forEach(ArrayList.java:1259)
	at org.junit.platform.engine.support.hierarchical.SameThreadHierarchicalTestExecutorService.invokeAll(SameThreadHierarchicalTestExecutorService.java:41)
	at org.junit.platform.engine.support.hierarchical.NodeTestTask.lambda$executeRecursively$6(NodeTestTask.java:155)
	at org.junit.platform.engine.support.hierarchical.ThrowableCollector.execute(ThrowableCollector.java:73)
	at org.junit.platform.engine.support.hierarchical.NodeTestTask.lambda$executeRecursively$8(NodeTestTask.java:141)
	at org.junit.platform.engine.support.hierarchical.Node.around(Node.java:137)
	at org.junit.platform.engine.support.hierarchical.NodeTestTask.lambda$executeRecursively$9(NodeTestTask.java:139)
	at org.junit.platform.engine.support.hierarchical.ThrowableCollector.execute(ThrowableCollector.java:73)
	at org.junit.platform.engine.support.hierarchical.NodeTestTask.executeRecursively(NodeTestTask.java:138)
	at org.junit.platform.engine.support.hierarchical.NodeTestTask.execute(NodeTestTask.java:95)
	at org.junit.platform.engine.support.hierarchical.SameThreadHierarchicalTestExecutorService.submit(SameThreadHierarchicalTestExecutorService.java:35)
	at org.junit.platform.engine.support.hierarchical.HierarchicalTestExecutor.execute(HierarchicalTestExecutor.java:57)
	at org.junit.platform.engine.support.hierarchical.HierarchicalTestEngine.execute(HierarchicalTestEngine.java:54)
	at org.junit.platform.launcher.core.EngineExecutionOrchestrator.execute(EngineExecutionOrchestrator.java:107)
	at org.junit.platform.launcher.core.EngineExecutionOrchestrator.execute(EngineExecutionOrchestrator.java:88)
	at org.junit.platform.launcher.core.EngineExecutionOrchestrator.lambda$execute$0(EngineExecutionOrchestrator.java:54)
	at org.junit.platform.launcher.core.EngineExecutionOrchestrator.withInterceptedStreams(EngineExecutionOrchestrator.java:67)
	at org.junit.platform.launcher.core.EngineExecutionOrchestrator.execute(EngineExecutionOrchestrator.java:52)
	at org.junit.platform.launcher.core.DefaultLauncher.execute(DefaultLauncher.java:114)
	at org.junit.platform.launcher.core.DefaultLauncher.execute(DefaultLauncher.java:86)
	at org.junit.platform.launcher.core.DefaultLauncherSession$DelegatingLauncher.execute(DefaultLauncherSession.java:86)
	at org.junit.platform.launcher.core.SessionPerRequestLauncher.execute(SessionPerRequestLauncher.java:53)
	at org.apache.maven.surefire.junitplatform.JUnitPlatformProvider.invokeAllTests(JUnitPlatformProvider.java:165)
	at org.apache.maven.surefire.junitplatform.JUnitPlatformProvider.invoke(JUnitPlatformProvider.java:124)
	at org.apache.maven.surefire.booter.ForkedBooter.runSuitesInProcess(ForkedBooter.java:428)
	at org.apache.maven.surefire.booter.ForkedBooter.execute(ForkedBooter.java:162)
	at org.apache.maven.surefire.booter.ForkedBooter.run(ForkedBooter.java:562)
	at org.apache.maven.surefire.booter.ForkedBooter.main(ForkedBooter.java:548)
]]></stackTrace>
      <system-out><![CDATA[2022-12-23 07:22:26,822 [Listener at 127.0.0.1/45417] WARN  server.ServerUtils (ServerUtils.java:getScmDbDir(148)) - ozone.scm.db.dirs is not configured. We recommend adding this setting. Falling back to ozone.metadata.dirs instead.
2022-12-23 07:22:26,824 [Listener at 127.0.0.1/45417] WARN  server.ServerUtils (ServerUtils.java:getScmDbDir(148)) - ozone.scm.db.dirs is not configured. We recommend adding this setting. Falling back to ozone.metadata.dirs instead.
2022-12-23 07:22:26,825 [Listener at 127.0.0.1/45417] INFO  ha.SCMHANodeDetails (SCMHANodeDetails.java:loadSCMHAConfig(209)) - ServiceID for StorageContainerManager is null
2022-12-23 07:22:26,825 [Listener at 127.0.0.1/45417] INFO  ha.SCMHANodeDetails (SCMHANodeDetails.java:loadSCMHAConfig(214)) - ozone.scm.default.service.id is not defined, falling back to ozone.scm.service.ids to find serviceID for StorageContainerManager if it is HA enabled cluster
2022-12-23 07:22:26,827 [Listener at 127.0.0.1/45417] WARN  utils.HAUtils (HAUtils.java:getMetaDir(342)) - ozone.scm.db.dirs is not configured. We recommend adding this setting. Falling back to ozone.metadata.dirs instead.
2022-12-23 07:22:26,827 [Listener at 127.0.0.1/45417] WARN  db.DBStoreBuilder (DBStoreBuilder.java:applyDBDefinition(144)) - ozone.scm.db.dirs is not configured. We recommend adding this setting. Falling back to ozone.metadata.dirs instead.
2022-12-23 07:22:26,931 [Listener at 127.0.0.1/45417] INFO  net.NodeSchemaLoader (NodeSchemaLoader.java:loadSchemaFromFile(129)) - Loading schema from [jar:file:/home/runner/.m2/repository/org/apache/ozone/hdds-common/1.3.0-SNAPSHOT/hdds-common-1.3.0-SNAPSHOT.jar!/network-topology-default.xml]
2022-12-23 07:22:26,931 [Listener at 127.0.0.1/45417] INFO  net.NodeSchemaLoader (NodeSchemaLoader.java:loadSchema(176)) - Loading network topology layer schema file
2022-12-23 07:22:26,934 [Listener at 127.0.0.1/45417] INFO  upgrade.AbstractLayoutVersionManager (AbstractLayoutVersionManager.java:init(83)) - Initializing Layout version manager with metadata layout = DATANODE_SCHEMA_V3 (version = 4), software layout = DATANODE_SCHEMA_V3 (version = 4)
2022-12-23 07:22:26,982 [Listener at 127.0.0.1/45417] INFO  reflections.Reflections (Reflections.java:scan(232)) - Reflections took 47 ms to scan 7 urls, producing 146 keys and 348 values 
2022-12-23 07:22:26,984 [Listener at 127.0.0.1/45417] INFO  ha.SequenceIdGenerator (SequenceIdGenerator.java:upgradeToSequenceId(349)) - upgrade localId to 109611004723200000
2022-12-23 07:22:26,985 [Listener at 127.0.0.1/45417] INFO  ha.SequenceIdGenerator (SequenceIdGenerator.java:upgradeToSequenceId(359)) - upgrade delTxnId to 0
2022-12-23 07:22:26,985 [Listener at 127.0.0.1/45417] INFO  ha.SequenceIdGenerator (SequenceIdGenerator.java:upgradeToSequenceId(376)) - upgrade containerId to 0
2022-12-23 07:22:26,985 [Listener at 127.0.0.1/45417] INFO  ha.SequenceIdGenerator (SequenceIdGenerator.java:<init>(220)) - Init the HA SequenceIdGenerator.
2022-12-23 07:22:26,985 [Listener at 127.0.0.1/45417] WARN  server.ServerUtils (ServerUtils.java:sanitizeUserArgs(73)) - ozone.scm.stale.node.interval value = 300000 is larger than max = 100000 based on the key value of ozone.scm.heartbeat.thread.interval, reset to the max value 100000.
2022-12-23 07:22:26,986 [Listener at 127.0.0.1/45417] WARN  server.ServerUtils (ServerUtils.java:sanitizeUserArgs(73)) - ozone.scm.stale.node.interval value = 300000 is larger than max = 100000 based on the key value of ozone.scm.heartbeat.thread.interval, reset to the max value 100000.
2022-12-23 07:22:26,988 [Listener at 127.0.0.1/45417] INFO  node.SCMNodeManager (SCMNodeManager.java:<init>(149)) - Entering startup safe mode.
2022-12-23 07:22:26,989 [Listener at 127.0.0.1/45417] INFO  algorithms.ContainerPlacementPolicyFactory (ContainerPlacementPolicyFactory.java:getPolicyInternal(86)) - Create container placement policy of type org.apache.hadoop.hdds.scm.container.placement.algorithms.SCMContainerPlacementRandom
2022-12-23 07:22:26,990 [Listener at 127.0.0.1/45417] INFO  algorithms.ContainerPlacementPolicyFactory (ContainerPlacementPolicyFactory.java:getPolicyInternal(86)) - Create container placement policy of type org.apache.hadoop.hdds.scm.container.placement.algorithms.SCMContainerPlacementRackScatter
2022-12-23 07:22:26,990 [Listener at 127.0.0.1/45417] INFO  pipeline.PipelineStateManagerImpl (PipelineStateManagerImpl.java:initialize(78)) - No pipeline exists in current db
2022-12-23 07:22:26,990 [Listener at 127.0.0.1/45417] INFO  algorithms.LeaderChoosePolicyFactory (LeaderChoosePolicyFactory.java:getPolicy(57)) - Create leader choose policy of type org.apache.hadoop.hdds.scm.pipeline.leader.choose.algorithms.MinLeaderCountChoosePolicy
2022-12-23 07:22:26,990 [Listener at 127.0.0.1/45417] INFO  algorithms.ContainerPlacementPolicyFactory (ContainerPlacementPolicyFactory.java:getPolicyInternal(86)) - Create container placement policy of type org.apache.hadoop.hdds.scm.container.placement.algorithms.SCMContainerPlacementRackScatter
2022-12-23 07:22:26,990 [Listener at 127.0.0.1/45417] INFO  ha.SCMServiceManager (SCMServiceManager.java:register(42)) - Registering service BackgroundPipelineCreator.
2022-12-23 07:22:26,991 [Listener at 127.0.0.1/45417] INFO  pipeline.BackgroundPipelineCreator (BackgroundPipelineCreator.java:start(124)) - Starting RatisPipelineUtilsThread.
2022-12-23 07:22:26,991 [Listener at 127.0.0.1/45417] INFO  BackgroundPipelineScrubber (BackgroundSCMService.java:start(68)) - Starting BackgroundPipelineScrubber Service.
2022-12-23 07:22:26,991 [Listener at 127.0.0.1/45417] INFO  ha.SCMServiceManager (SCMServiceManager.java:register(42)) - Registering service BackgroundPipelineScrubber.
2022-12-23 07:22:26,991 [Listener at 127.0.0.1/45417] INFO  ExpiredContainerReplicaOpScrubber (BackgroundSCMService.java:start(68)) - Starting ExpiredContainerReplicaOpScrubber Service.
2022-12-23 07:22:26,992 [Listener at 127.0.0.1/45417] INFO  ha.SCMServiceManager (SCMServiceManager.java:register(42)) - Registering service ExpiredContainerReplicaOpScrubber.
2022-12-23 07:22:26,993 [Listener at 127.0.0.1/45417] INFO  algorithms.PipelineChoosePolicyFactory (PipelineChoosePolicyFactory.java:createPipelineChoosePolicyFromClass(73)) - Create pipeline choose policy of type org.apache.hadoop.hdds.scm.pipeline.choose.algorithms.RandomPipelineChoosePolicy
2022-12-23 07:22:26,993 [Listener at 127.0.0.1/45417] INFO  ha.SCMServiceManager (SCMServiceManager.java:register(42)) - Registering service SCMBlockDeletingService.
2022-12-23 07:22:26,994 [Listener at 127.0.0.1/45417] INFO  replication.ReplicationManager (ReplicationManager.java:start(261)) - Starting Replication Monitor Thread.
2022-12-23 07:22:26,995 [Listener at 127.0.0.1/45417] INFO  ha.SCMServiceManager (SCMServiceManager.java:register(42)) - Registering service ReplicationManager.
2022-12-23 07:22:26,995 [Listener at 127.0.0.1/45417] INFO  safemode.ContainerSafeModeRule (ContainerSafeModeRule.java:<init>(89)) - containers with one replica threshold count 0
2022-12-23 07:22:26,996 [ReplicationMonitor] INFO  replication.ReplicationManager (ReplicationManager.java:processAll(330)) - Replication Manager is not ready to run until 3000ms after safemode exit
2022-12-23 07:22:26,996 [Listener at 127.0.0.1/45417] INFO  safemode.HealthyPipelineSafeModeRule (HealthyPipelineSafeModeRule.java:initializeRule(169)) - Total pipeline count is 0, healthy pipeline threshold count is 1
2022-12-23 07:22:26,996 [Listener at 127.0.0.1/45417] INFO  safemode.OneReplicaPipelineSafeModeRule (OneReplicaPipelineSafeModeRule.java:initializeRule(180)) - Total pipeline count is 0, pipeline's with at least one datanode reported threshold count is 0
2022-12-23 07:22:26,997 [Listener at 127.0.0.1/45417] INFO  ipc.CallQueueManager (CallQueueManager.java:<init>(90)) - Using callQueue: class java.util.concurrent.LinkedBlockingQueue, queueCapacity: 2000, scheduler: class org.apache.hadoop.ipc.DefaultRpcScheduler, ipcBackoff: false.
2022-12-23 07:22:26,998 [Socket Reader #1 for port 0] INFO  ipc.Server (Server.java:run(1273)) - Starting Socket Reader #1 for port 0
2022-12-23 07:22:26,999 [Listener at 0.0.0.0/33369] INFO  ipc.CallQueueManager (CallQueueManager.java:<init>(90)) - Using callQueue: class java.util.concurrent.LinkedBlockingQueue, queueCapacity: 2000, scheduler: class org.apache.hadoop.ipc.DefaultRpcScheduler, ipcBackoff: false.
2022-12-23 07:22:27,000 [Socket Reader #1 for port 0] INFO  ipc.Server (Server.java:run(1273)) - Starting Socket Reader #1 for port 0
2022-12-23 07:22:27,001 [Listener at 0.0.0.0/43649] INFO  ipc.CallQueueManager (CallQueueManager.java:<init>(90)) - Using callQueue: class java.util.concurrent.LinkedBlockingQueue, queueCapacity: 2000, scheduler: class org.apache.hadoop.ipc.DefaultRpcScheduler, ipcBackoff: false.
2022-12-23 07:22:27,003 [Socket Reader #1 for port 0] INFO  ipc.Server (Server.java:run(1273)) - Starting Socket Reader #1 for port 0
2022-12-23 07:22:27,007 [Listener at 0.0.0.0/35773] INFO  ha.SCMServiceManager (SCMServiceManager.java:register(42)) - Registering service ContainerBalancer.
2022-12-23 07:22:27,007 [Listener at 0.0.0.0/35773] INFO  server.StorageContainerManager (StorageContainerManager.java:<init>(398)) - 
Container Balancer status:
Key                            Value
Running                        true
Container Balancer Configuration values:
Key                                                Value
Threshold                                          10
Max Datanodes to Involve per Iteration(percent)    20
Max Size to Move per Iteration                     500GB
Max Size Entering Target per Iteration             26GB
Max Size Leaving Source per Iteration              26GB

2022-12-23 07:22:27,007 [Listener at 0.0.0.0/35773] INFO  ha.SCMContext (SCMContext.java:updateSafeModeStatus(228)) - Update SafeModeStatus from SafeModeStatus{safeModeStatus=true, preCheckPassed=false} to SafeModeStatus{safeModeStatus=true, preCheckPassed=false}.
2022-12-23 07:22:27,007 [Listener at 0.0.0.0/35773] INFO  server.StorageContainerManager (StorageContainerManager.java:start(1423)) - StorageContainerLocationProtocol RPC server is listening at /0.0.0.0:35773
2022-12-23 07:22:27,010 [Listener at 0.0.0.0/35773] WARN  impl.MetricsConfig (MetricsConfig.java:loadFirst(136)) - Cannot locate configuration: tried hadoop-metrics2-storagecontainermanager.properties,hadoop-metrics2.properties
2022-12-23 07:22:27,012 [Listener at 0.0.0.0/35773] INFO  impl.MetricsSystemImpl (MetricsSystemImpl.java:startTimer(378)) - Scheduled Metric snapshot period at 10 second(s).
2022-12-23 07:22:27,013 [Listener at 0.0.0.0/35773] INFO  impl.MetricsSystemImpl (MetricsSystemImpl.java:start(191)) - StorageContainerManager metrics system started
2022-12-23 07:22:27,018 [Listener at 0.0.0.0/35773] INFO  impl.MetricsSinkAdapter (MetricsSinkAdapter.java:start(204)) - Sink prometheus started
2022-12-23 07:22:27,018 [Listener at 0.0.0.0/35773] INFO  impl.MetricsSystemImpl (MetricsSystemImpl.java:registerSink(305)) - Registered sink prometheus
2022-12-23 07:22:27,031 [Listener at 0.0.0.0/35773] INFO  server.SCMClientProtocolServer (SCMClientProtocolServer.java:start(170)) - RPC server for Client  is listening at /0.0.0.0:35773
2022-12-23 07:22:27,031 [IPC Server Responder] INFO  ipc.Server (Server.java:run(1512)) - IPC Server Responder: starting
2022-12-23 07:22:27,033 [IPC Server listener on 0] INFO  ipc.Server (Server.java:run(1352)) - IPC Server listener on 0: starting
2022-12-23 07:22:27,041 [Listener at 0.0.0.0/35773] INFO  server.StorageContainerManager (StorageContainerManager.java:start(1437)) - ScmBlockLocationProtocol RPC server is listening at /0.0.0.0:43649
2022-12-23 07:22:27,041 [Listener at 0.0.0.0/35773] INFO  server.SCMBlockProtocolServer (SCMBlockProtocolServer.java:start(152)) - RPC server for Block Protocol is listening at /0.0.0.0:43649
2022-12-23 07:22:27,042 [IPC Server Responder] INFO  ipc.Server (Server.java:run(1512)) - IPC Server Responder: starting
2022-12-23 07:22:27,042 [IPC Server listener on 0] INFO  ipc.Server (Server.java:run(1352)) - IPC Server listener on 0: starting
2022-12-23 07:22:27,044 [Listener at 0.0.0.0/35773] INFO  server.SCMDatanodeProtocolServer (SCMDatanodeProtocolServer.java:start(194)) - ScmDatanodeProtocol RPC server for DataNodes is listening at /0.0.0.0:33369
2022-12-23 07:22:27,045 [IPC Server Responder] INFO  ipc.Server (Server.java:run(1512)) - IPC Server Responder: starting
2022-12-23 07:22:27,048 [IPC Server listener on 0] INFO  ipc.Server (Server.java:run(1352)) - IPC Server listener on 0: starting
2022-12-23 07:22:27,053 [org.apache.hadoop.util.JvmPauseMonitor$Monitor@7879f9ed] INFO  util.JvmPauseMonitor (JvmPauseMonitor.java:run(188)) - Starting JVM pause monitor
2022-12-23 07:22:27,054 [Listener at 0.0.0.0/35773] INFO  http.BaseHttpServer (BaseHttpServer.java:newHttpServer2BuilderForOzone(213)) - Starting Web-server for scm at: http://0.0.0.0:0
2022-12-23 07:22:27,054 [Listener at 0.0.0.0/35773] INFO  http.BaseHttpServer (BaseHttpServer.java:<init>(108)) - Hadoop Security Enabled: false Ozone Security Enabled: false Ozone HTTP Security Enabled: false 
2022-12-23 07:22:27,056 [Listener at 0.0.0.0/35773] WARN  server.AuthenticationFilter (AuthenticationFilter.java:constructSecretProvider(240)) - Unable to initialize FileSignerSecretProvider, falling back to use random secrets. Reason: Could not read signature secret file: /home/runner/hadoop-http-auth-signature-secret
2022-12-23 07:22:27,056 [Listener at 0.0.0.0/35773] WARN  http.HttpRequestLog (HttpRequestLog.java:getRequestLog(103)) - Jetty request log can only be enabled using Log4j
2022-12-23 07:22:27,058 [Listener at 0.0.0.0/35773] INFO  http.HttpServer2 (HttpServer2.java:addGlobalFilter(1031)) - Added global filter 'safety' (class=org.apache.hadoop.hdds.server.http.HttpServer2$QuotingInputFilter)
2022-12-23 07:22:27,059 [Listener at 0.0.0.0/35773] INFO  http.HttpServer2 (HttpServer2.java:addFilter(1007)) - Added filter static_user_filter (class=org.apache.hadoop.http.lib.StaticUserWebFilter$StaticUserFilter) to context scm
2022-12-23 07:22:27,059 [Listener at 0.0.0.0/35773] INFO  http.HttpServer2 (HttpServer2.java:addFilter(1015)) - Added filter static_user_filter (class=org.apache.hadoop.http.lib.StaticUserWebFilter$StaticUserFilter) to context logs
2022-12-23 07:22:27,059 [Listener at 0.0.0.0/35773] INFO  http.HttpServer2 (HttpServer2.java:addFilter(1015)) - Added filter static_user_filter (class=org.apache.hadoop.http.lib.StaticUserWebFilter$StaticUserFilter) to context static
2022-12-23 07:22:27,060 [Listener at 0.0.0.0/35773] INFO  http.HttpServer2 (HttpServer2.java:bindListener(1250)) - Jetty bound to port 44191
2022-12-23 07:22:27,060 [Listener at 0.0.0.0/35773] INFO  server.Server (Server.java:doStart(375)) - jetty-9.4.49.v20220914; built: 2022-09-14T01:07:36.601Z; git: 4231a3b2e4cb8548a412a789936d640a97b1aa0a; jvm 1.8.0_352-b08
2022-12-23 07:22:27,061 [Listener at 0.0.0.0/35773] INFO  server.session (DefaultSessionIdManager.java:doStart(334)) - DefaultSessionIdManager workerName=node0
2022-12-23 07:22:27,061 [Listener at 0.0.0.0/35773] INFO  server.session (DefaultSessionIdManager.java:doStart(339)) - No SessionScavenger set, using defaults
2022-12-23 07:22:27,062 [Listener at 0.0.0.0/35773] INFO  server.session (HouseKeeper.java:startScavenging(132)) - node0 Scavenging every 600000ms
2022-12-23 07:22:27,062 [Listener at 0.0.0.0/35773] INFO  handler.ContextHandler (ContextHandler.java:doStart(921)) - Started o.e.j.s.ServletContextHandler@795c28e8{logs,/logs,file:///home/runner/work/ozone/ozone/hadoop-ozone/integration-test/target/log,AVAILABLE}
2022-12-23 07:22:27,063 [Listener at 0.0.0.0/35773] INFO  handler.ContextHandler (ContextHandler.java:doStart(921)) - Started o.e.j.s.ServletContextHandler@557aff83{static,/static,file:///home/runner/work/ozone/ozone/hadoop-ozone/integration-test/target/test-classes/webapps/static,AVAILABLE}
2022-12-23 07:22:27,067 [Listener at 0.0.0.0/35773] INFO  handler.ContextHandler (ContextHandler.java:doStart(921)) - Started o.e.j.w.WebAppContext@724cd2b5{scm,/,file:///home/runner/work/ozone/ozone/hadoop-ozone/integration-test/target/test-classes/webapps/scm/,AVAILABLE}{file:/home/runner/work/ozone/ozone/hadoop-ozone/integration-test/target/test-classes/webapps/scm}
2022-12-23 07:22:27,068 [Listener at 0.0.0.0/35773] INFO  server.AbstractConnector (AbstractConnector.java:doStart(333)) - Started ServerConnector@7c97fff8{HTTP/1.1, (http/1.1)}{0.0.0.0:44191}
2022-12-23 07:22:27,068 [Listener at 0.0.0.0/35773] INFO  server.Server (Server.java:doStart(415)) - Started @48027ms
2022-12-23 07:22:27,068 [Listener at 0.0.0.0/35773] WARN  impl.MetricsSystemImpl (MetricsSystemImpl.java:register(279)) - Sink prometheus already exists!
2022-12-23 07:22:27,069 [Listener at 0.0.0.0/35773] INFO  http.BaseHttpServer (BaseHttpServer.java:updateConnectorAddress(333)) - HTTP server of scm listening at http://0.0.0.0:44191
2022-12-23 07:22:27,069 [Listener at 0.0.0.0/35773] WARN  server.ServerUtils (ServerUtils.java:getDBPath(225)) - ozone.om.db.dirs is not configured. We recommend adding this setting. Falling back to ozone.metadata.dirs instead.
2022-12-23 07:22:27,071 [Listener at 0.0.0.0/35773] INFO  ha.OMHANodeDetails (OMHANodeDetails.java:loadOMHAConfig(115)) - ozone.om.internal.service.id is not defined, falling back to ozone.om.service.ids to find serviceID for OzoneManager if it is HA enabled cluster
2022-12-23 07:22:27,071 [Listener at 0.0.0.0/35773] INFO  ha.OMHANodeDetails (OMHANodeDetails.java:loadOMHAConfig(226)) - Configuration does not have ozone.om.address set. Falling back to the default OM address /127.0.0.1:0
2022-12-23 07:22:27,072 [Listener at 0.0.0.0/35773] INFO  ha.OMHANodeDetails (OMHANodeDetails.java:getOMNodeDetailsForNonHA(254)) - OM Service ID is not set. Setting it to the default ID: omServiceIdDefault
2022-12-23 07:22:27,072 [Listener at 0.0.0.0/35773] INFO  ha.OMHANodeDetails (OMHANodeDetails.java:getOMNodeDetailsForNonHA(261)) - OM Node ID is not set. Setting it to the default ID: om1
2022-12-23 07:22:27,072 [Listener at 0.0.0.0/35773] WARN  server.ServerUtils (ServerUtils.java:getDBPath(225)) - ozone.om.db.dirs is not configured. We recommend adding this setting. Falling back to ozone.metadata.dirs instead.
2022-12-23 07:22:27,072 [Listener at 0.0.0.0/35773] INFO  upgrade.AbstractLayoutVersionManager (AbstractLayoutVersionManager.java:init(83)) - Initializing Layout version manager with metadata layout = MULTITENANCY_SCHEMA (version = 3), software layout = MULTITENANCY_SCHEMA (version = 3)
2022-12-23 07:22:27,144 [Listener at 0.0.0.0/35773] INFO  reflections.Reflections (Reflections.java:scan(232)) - Reflections took 71 ms to scan 2 urls, producing 154 keys and 428 values [using 2 cores]
2022-12-23 07:22:27,144 [Listener at 0.0.0.0/35773] INFO  upgrade.OMLayoutVersionManager (OMLayoutVersionManager.java:lambda$0(115)) - Skipping Upgrade Action MockOmUpgradeAction since it has been finalized.
2022-12-23 07:22:27,145 [Listener at 0.0.0.0/35773] WARN  server.ServerUtils (ServerUtils.java:getDBPath(225)) - ozone.om.db.dirs is not configured. We recommend adding this setting. Falling back to ozone.metadata.dirs instead.
2022-12-23 07:22:27,146 [Listener at 0.0.0.0/35773] INFO  proxy.SCMBlockLocationFailoverProxyProvider (SCMBlockLocationFailoverProxyProvider.java:<init>(114)) - Created block location fail-over proxy with 1 nodes: [nodeId=scmNodeId,nodeAddress=/0.0.0.0:43649]
2022-12-23 07:22:27,148 [Listener at 0.0.0.0/35773] INFO  proxy.SCMBlockLocationFailoverProxyProvider (SCMBlockLocationFailoverProxyProvider.java:<init>(114)) - Created block location fail-over proxy with 1 nodes: [nodeId=scmNodeId,nodeAddress=/0.0.0.0:43649]
2022-12-23 07:22:27,154 [Listener at 0.0.0.0/35773] WARN  server.ServerUtils (ServerUtils.java:getDBPath(225)) - ozone.om.db.dirs is not configured. We recommend adding this setting. Falling back to ozone.metadata.dirs instead.
2022-12-23 07:22:27,155 [Listener at 0.0.0.0/35773] INFO  codec.OmKeyInfoCodec (OmKeyInfoCodec.java:<init>(49)) - OmKeyInfoCodec ignorePipeline = true
2022-12-23 07:22:27,155 [Listener at 0.0.0.0/35773] INFO  codec.RepeatedOmKeyInfoCodec (RepeatedOmKeyInfoCodec.java:<init>(41)) - RepeatedOmKeyInfoCodec ignorePipeline = true
2022-12-23 07:22:27,318 [Listener at 0.0.0.0/35773] INFO  om.OzoneManager (OzoneManager.java:instantiateServices(717)) - S3 Multi-Tenancy is disabled
2022-12-23 07:22:27,320 [Listener at 0.0.0.0/35773] INFO  om.OzoneManager (OzoneManager.java:addS3GVolumeToDB(4402)) - Created Volume s3v With Owner runner required for S3Gateway operations.
2022-12-23 07:22:27,320 [Listener at 0.0.0.0/35773] WARN  server.ServerUtils (ServerUtils.java:getDefaultRatisDirectory(237)) - Storage directory for Ratis is not configured. It is a good idea to map this to an SSD disk. Falling back to ozone.metadata.dirs
2022-12-23 07:22:27,320 [Listener at 0.0.0.0/35773] WARN  utils.OzoneManagerRatisUtils (OzoneManagerRatisUtils.java:getOMRatisSnapshotDirectory(434)) - ozone.om.ratis.snapshot.dir is not configured. Falling back to ozone.metadata.dirs config
2022-12-23 07:22:27,320 [Listener at 0.0.0.0/35773] WARN  server.ServerUtils (ServerUtils.java:getDefaultRatisDirectory(237)) - Storage directory for Ratis is not configured. It is a good idea to map this to an SSD disk. Falling back to ozone.metadata.dirs
2022-12-23 07:22:27,322 [Listener at 0.0.0.0/35773] INFO  ratis.OzoneManagerRatisServer (OzoneManagerRatisServer.java:<init>(160)) - Instantiating OM Ratis server with groupID: omServiceIdDefault and peers: localhost:9872
2022-12-23 07:22:27,322 [Listener at 0.0.0.0/35773] INFO  ratis.OzoneManagerStateMachine (OzoneManagerStateMachine.java:loadSnapshotInfoFromDB(636)) - LastAppliedIndex is set from TransactionInfo from OM DB as (t:0, i:~)
2022-12-23 07:22:27,323 [Listener at 0.0.0.0/35773] INFO  server.RaftServer (ConfUtils.java:logGet(46)) - raft.rpc.type = GRPC (default)
2022-12-23 07:22:27,324 [Listener at 0.0.0.0/35773] INFO  grpc.GrpcConfigKeys (ConfUtils.java:logFallback(53)) - raft.grpc.admin.host = null (fallback to raft.grpc.server.host)
2022-12-23 07:22:27,324 [Listener at 0.0.0.0/35773] INFO  grpc.GrpcConfigKeys (ConfUtils.java:logFallback(53)) - raft.grpc.admin.port = 9872 (fallback to raft.grpc.server.port)
2022-12-23 07:22:27,324 [Listener at 0.0.0.0/35773] INFO  grpc.GrpcConfigKeys (ConfUtils.java:logFallback(53)) - raft.grpc.client.host = null (fallback to raft.grpc.server.host)
2022-12-23 07:22:27,324 [Listener at 0.0.0.0/35773] INFO  grpc.GrpcConfigKeys (ConfUtils.java:logFallback(53)) - raft.grpc.client.port = 9872 (fallback to raft.grpc.server.port)
2022-12-23 07:22:27,324 [Listener at 0.0.0.0/35773] INFO  grpc.GrpcConfigKeys (ConfUtils.java:logGet(46)) - raft.grpc.server.host = null (default)
2022-12-23 07:22:27,324 [Listener at 0.0.0.0/35773] INFO  grpc.GrpcConfigKeys (ConfUtils.java:logGet(46)) - raft.grpc.server.port = 9872 (custom)
2022-12-23 07:22:27,324 [Listener at 0.0.0.0/35773] INFO  server.GrpcService (ConfUtils.java:logGet(46)) - raft.grpc.message.size.max = 33554432 (custom)
2022-12-23 07:22:27,325 [Listener at 0.0.0.0/35773] INFO  server.RaftServerConfigKeys (ConfUtils.java:logGet(46)) - raft.server.log.appender.buffer.byte-limit = 33554432 (custom)
2022-12-23 07:22:27,325 [Listener at 0.0.0.0/35773] INFO  server.GrpcService (ConfUtils.java:logGet(46)) - raft.grpc.flow.control.window = 1MB (=1048576) (default)
2022-12-23 07:22:27,325 [Listener at 0.0.0.0/35773] INFO  server.RaftServerConfigKeys (ConfUtils.java:logGet(46)) - raft.server.rpc.request.timeout = 3000ms (default)
2022-12-23 07:22:27,325 [Listener at 0.0.0.0/35773] INFO  grpc.GrpcConfigKeys (ConfUtils.java:logGet(46)) - raft.grpc.server.heartbeat.channel = true (default)
2022-12-23 07:22:27,325 [Listener at 0.0.0.0/35773] INFO  grpc.GrpcConfigKeys (ConfUtils.java:logGet(46)) - raft.grpc.server.async.request.thread.pool.cached = true (default)
2022-12-23 07:22:27,325 [Listener at 0.0.0.0/35773] INFO  grpc.GrpcConfigKeys (ConfUtils.java:logGet(46)) - raft.grpc.server.async.request.thread.pool.size = 32 (default)
2022-12-23 07:22:27,327 [Listener at 0.0.0.0/35773] INFO  impl.DataStreamServerImpl (ConfUtils.java:logGet(46)) - raft.datastream.type = NETTY (custom)
2022-12-23 07:22:27,327 [Listener at 0.0.0.0/35773] INFO  server.RaftServerConfigKeys (ConfUtils.java:logGet(46)) - raft.server.data-stream.async.request.thread.pool.cached = false (default)
2022-12-23 07:22:27,328 [Listener at 0.0.0.0/35773] INFO  server.RaftServerConfigKeys (ConfUtils.java:logGet(46)) - raft.server.data-stream.async.request.thread.pool.size = 32 (default)
2022-12-23 07:22:27,328 [Listener at 0.0.0.0/35773] INFO  server.RaftServerConfigKeys (ConfUtils.java:logGet(46)) - raft.server.data-stream.async.write.thread.pool.size = 16 (default)
2022-12-23 07:22:27,328 [Listener at 0.0.0.0/35773] INFO  server.RaftServerConfigKeys (ConfUtils.java:logGet(46)) - raft.server.data-stream.client.pool.size = 10 (default)
2022-12-23 07:22:27,328 [Listener at 0.0.0.0/35773] INFO  netty.NettyConfigKeys$DataStream (ConfUtils.java:logGet(46)) - raft.netty.dataStream.server.use-epoll = false (default)
2022-12-23 07:22:27,328 [Listener at 0.0.0.0/35773] INFO  netty.NettyConfigKeys$DataStream (ConfUtils.java:logGet(46)) - raft.netty.dataStream.server.boss-group.size = 0 (default)
2022-12-23 07:22:27,329 [Listener at 0.0.0.0/35773] INFO  netty.NettyConfigKeys$DataStream (ConfUtils.java:logGet(46)) - raft.netty.dataStream.server.worker-group.size = 0 (default)
2022-12-23 07:22:27,329 [Listener at 0.0.0.0/35773] INFO  netty.NettyConfigKeys$DataStream (ConfUtils.java:logGet(46)) - raft.netty.dataStream.server.tls.conf = null (default)
2022-12-23 07:22:27,329 [Listener at 0.0.0.0/35773] INFO  netty.NettyConfigKeys$DataStream (ConfUtils.java:logGet(46)) - raft.netty.dataStream.host = null (default)
2022-12-23 07:22:27,329 [Listener at 0.0.0.0/35773] INFO  netty.NettyConfigKeys$DataStream (ConfUtils.java:logGet(46)) - raft.netty.dataStream.port = 0 (default)
2022-12-23 07:22:27,330 [Listener at 0.0.0.0/35773] INFO  server.RaftServerConfigKeys (ConfUtils.java:logGet(46)) - raft.server.threadpool.proxy.cached = true (default)
2022-12-23 07:22:27,330 [Listener at 0.0.0.0/35773] INFO  server.RaftServerConfigKeys (ConfUtils.java:logGet(46)) - raft.server.threadpool.proxy.size = 0 (default)
2022-12-23 07:22:27,330 [Listener at 0.0.0.0/35773] INFO  server.RaftServerConfigKeys (ConfUtils.java:logGet(46)) - raft.server.rpc.slowness.timeout = 120s (custom)
2022-12-23 07:22:27,330 [Listener at 0.0.0.0/35773] INFO  server.RaftServerConfigKeys (ConfUtils.java:logGet(46)) - raft.server.leaderelection.leader.step-down.wait-time = 10s (default)
2022-12-23 07:22:27,330 [om1-NettyServerStreamRpc-bossGroup--thread1] INFO  logging.LoggingHandler (AbstractInternalLogger.java:log(148)) - [id: 0x686dd71e] REGISTERED
2022-12-23 07:22:27,331 [Listener at 0.0.0.0/35773] INFO  server.RaftServerConfigKeys (ConfUtils.java:logGet(46)) - raft.server.storage.dir = [/home/runner/work/ozone/ozone/hadoop-ozone/integration-test/target/test-dir/MiniOzoneClusterImpl-b048efff-b978-4370-a947-e513736927f6/ozone-meta/ratis] (custom)
2022-12-23 07:22:27,331 [om1-NettyServerStreamRpc-bossGroup--thread1] INFO  logging.LoggingHandler (AbstractInternalLogger.java:log(148)) - [id: 0x686dd71e] BIND: 0.0.0.0/0.0.0.0:0
2022-12-23 07:22:27,331 [om1-NettyServerStreamRpc-bossGroup--thread1] INFO  logging.LoggingHandler (AbstractInternalLogger.java:log(148)) - [id: 0x686dd71e, L:/0:0:0:0:0:0:0:0:44175] ACTIVE
2022-12-23 07:22:27,331 [Listener at 0.0.0.0/35773] INFO  server.RaftServer (RaftServerProxy.java:addNew(96)) - om1: addNew group-C5BA1605619E:[om1|rpc:localhost:9872|priority:0|startupRole:FOLLOWER] returns group-C5BA1605619E:java.util.concurrent.CompletableFuture@7a30257c[Not completed]
2022-12-23 07:22:27,332 [Listener at 0.0.0.0/35773] INFO  om.OzoneManager (OzoneManager.java:initializeRatisServer(1979)) - OzoneManager Ratis server initialized at port 9872
2022-12-23 07:22:27,332 [pool-346-thread-1] INFO  server.RaftServer$Division (RaftServerImpl.java:<init>(195)) - om1: new RaftServerImpl for group-C5BA1605619E:[om1|rpc:localhost:9872|priority:0|startupRole:FOLLOWER] with OzoneManagerStateMachine:uninitialized
2022-12-23 07:22:27,332 [pool-346-thread-1] INFO  server.RaftServerConfigKeys (ConfUtils.java:logGet(46)) - raft.server.rpc.timeout.min = 1s (custom)
2022-12-23 07:22:27,332 [pool-346-thread-1] INFO  server.RaftServerConfigKeys (ConfUtils.java:logGet(46)) - raft.server.rpc.timeout.max = 1200ms (custom)
2022-12-23 07:22:27,332 [pool-346-thread-1] INFO  server.RaftServerConfigKeys (ConfUtils.java:logGet(46)) - raft.server.rpc.sleep.time = 25ms (default)
2022-12-23 07:22:27,332 [pool-346-thread-1] INFO  server.RaftServerConfigKeys (ConfUtils.java:logGet(46)) - raft.server.rpc.slowness.timeout = 120s (custom)
2022-12-23 07:22:27,333 [Listener at 0.0.0.0/35773] INFO  om.OzoneManager (OzoneManager.java:getRpcServer(1106)) - Creating RPC Server
2022-12-23 07:22:27,338 [pool-346-thread-1] INFO  server.RaftServerConfigKeys (ConfUtils.java:logGet(46)) - raft.server.leaderelection.leader.step-down.wait-time = 10s (default)
2022-12-23 07:22:27,338 [pool-346-thread-1] INFO  server.RaftServerConfigKeys (ConfUtils.java:logGet(46)) - raft.server.sleep.deviation.threshold = 300ms (default)
2022-12-23 07:22:27,338 [pool-346-thread-1] INFO  server.RaftServer$Division (ServerState.java:<init>(118)) - om1@group-C5BA1605619E: ConfigurationManager, init=-1: peers:[om1|rpc:localhost:9872|priority:0|startupRole:FOLLOWER]|listeners:[], old=null, confs=<EMPTY_MAP>
2022-12-23 07:22:27,338 [pool-346-thread-1] INFO  server.RaftServerConfigKeys (ConfUtils.java:logGet(46)) - raft.server.storage.dir = [/home/runner/work/ozone/ozone/hadoop-ozone/integration-test/target/test-dir/MiniOzoneClusterImpl-b048efff-b978-4370-a947-e513736927f6/ozone-meta/ratis] (custom)
2022-12-23 07:22:27,338 [pool-346-thread-1] INFO  server.RaftServerConfigKeys (ConfUtils.java:logGet(46)) - raft.server.log.corruption.policy = EXCEPTION (default)
2022-12-23 07:22:27,338 [pool-346-thread-1] INFO  server.RaftServerConfigKeys (ConfUtils.java:logGet(46)) - raft.server.storage.free-space.min = 0MB (=0) (default)
2022-12-23 07:22:27,338 [pool-346-thread-1] INFO  server.RaftServerConfigKeys (ConfUtils.java:logGet(46)) - raft.server.notification.no-leader.timeout = 120s (custom)
2022-12-23 07:22:27,338 [pool-346-thread-1] INFO  server.RaftServerConfigKeys (ConfUtils.java:logGet(46)) - raft.server.retrycache.expirytime = 300s (custom)
2022-12-23 07:22:27,338 [pool-346-thread-1] INFO  server.RaftServerConfigKeys (ConfUtils.java:logGet(46)) - raft.server.retrycache.statistics.expirytime = 100μs (default)
2022-12-23 07:22:27,339 [pool-346-thread-1] INFO  server.RaftServerConfigKeys (ConfUtils.java:logGet(46)) - raft.server.log.appender.install.snapshot.enabled = false (custom)
2022-12-23 07:22:27,339 [pool-346-thread-1] INFO  server.RaftServerConfigKeys (ConfUtils.java:logGet(46)) - raft.server.threadpool.server.cached = true (default)
2022-12-23 07:22:27,339 [pool-346-thread-1] INFO  server.RaftServerConfigKeys (ConfUtils.java:logGet(46)) - raft.server.threadpool.server.size = 0 (default)
2022-12-23 07:22:27,339 [pool-346-thread-1] INFO  server.RaftServerConfigKeys (ConfUtils.java:logGet(46)) - raft.server.threadpool.client.cached = true (default)
2022-12-23 07:22:27,339 [pool-346-thread-1] INFO  server.RaftServerConfigKeys (ConfUtils.java:logGet(46)) - raft.server.threadpool.client.size = 0 (default)
2022-12-23 07:22:27,804 [Listener at 0.0.0.0/35773] INFO  reflections.Reflections (Reflections.java:scan(232)) - Reflections took 466 ms to scan 19 urls, producing 67 keys and 4514 values [using 2 cores]
2022-12-23 07:22:27,805 [Listener at 0.0.0.0/35773] INFO  ipc.CallQueueManager (CallQueueManager.java:<init>(90)) - Using callQueue: class java.util.concurrent.LinkedBlockingQueue, queueCapacity: 2000, scheduler: class org.apache.hadoop.ipc.DefaultRpcScheduler, ipcBackoff: false.
2022-12-23 07:22:27,807 [Socket Reader #1 for port 0] INFO  ipc.Server (Server.java:run(1273)) - Starting Socket Reader #1 for port 0
2022-12-23 07:22:27,834 [Listener at 127.0.0.1/36139] INFO  impl.MetricsSystemImpl (MetricsSystemImpl.java:init(158)) - OzoneManager metrics system started (again)
2022-12-23 07:22:27,846 [Listener at 127.0.0.1/36139] INFO  om.OzoneManager (OzoneManager.java:start(1486)) - OzoneManager RPC server is listening at localhost/127.0.0.1:36139
2022-12-23 07:22:27,847 [Listener at 127.0.0.1/36139] INFO  ratis.OzoneManagerRatisServer (OzoneManagerRatisServer.java:start(555)) - Starting OzoneManagerRatisServer om1 at port 9872
2022-12-23 07:22:27,847 [om1-impl-thread1] INFO  storage.RaftStorageDirectory (RaftStorageDirectoryImpl.java:analyzeStorage(137)) - The storage directory /home/runner/work/ozone/ozone/hadoop-ozone/integration-test/target/test-dir/MiniOzoneClusterImpl-b048efff-b978-4370-a947-e513736927f6/ozone-meta/ratis/bf265839-605b-3f16-9796-c5ba1605619e does not exist. Creating ...
2022-12-23 07:22:27,849 [om1-impl-thread1] INFO  storage.RaftStorageDirectory (RaftStorageDirectoryImpl.java:tryLock(231)) - Lock on /home/runner/work/ozone/ozone/hadoop-ozone/integration-test/target/test-dir/MiniOzoneClusterImpl-b048efff-b978-4370-a947-e513736927f6/ozone-meta/ratis/bf265839-605b-3f16-9796-c5ba1605619e/in_use.lock acquired by nodename 81300@fv-az505-480
2022-12-23 07:22:27,850 [om1-impl-thread1] INFO  storage.RaftStorage (RaftStorageImpl.java:format(96)) - Storage directory /home/runner/work/ozone/ozone/hadoop-ozone/integration-test/target/test-dir/MiniOzoneClusterImpl-b048efff-b978-4370-a947-e513736927f6/ozone-meta/ratis/bf265839-605b-3f16-9796-c5ba1605619e has been successfully formatted.
2022-12-23 07:22:27,850 [om1-impl-thread1] INFO  server.RaftServerConfigKeys (ConfUtils.java:logGet(46)) - raft.server.log.use.memory = false (default)
2022-12-23 07:22:27,850 [om1-impl-thread1] INFO  server.RaftServerConfigKeys (ConfUtils.java:logGet(46)) - raft.server.log.purge.gap = 1000000 (custom)
2022-12-23 07:22:27,850 [om1-impl-thread1] INFO  server.RaftServerConfigKeys (ConfUtils.java:logGet(46)) - raft.server.log.appender.buffer.byte-limit = 33554432 (custom)
2022-12-23 07:22:27,851 [om1-impl-thread1] INFO  server.RaftServerConfigKeys (ConfUtils.java:logGet(46)) - raft.server.log.statemachine.data.read.timeout = 1000ms (default)
2022-12-23 07:22:27,851 [om1-impl-thread1] INFO  server.RaftServerConfigKeys (ConfUtils.java:logGet(46)) - raft.server.log.purge.preservation.log.num = 0 (default)
2022-12-23 07:22:27,851 [om1-impl-thread1] INFO  server.RaftServerConfigKeys (ConfUtils.java:logGet(46)) - raft.server.log.segment.size.max = 4194304 (custom)
2022-12-23 07:22:27,851 [om1-impl-thread1] INFO  server.RaftServerConfigKeys (ConfUtils.java:logGet(46)) - raft.server.log.segment.cache.num.max = 2 (custom)
2022-12-23 07:22:27,851 [om1-impl-thread1] INFO  server.RaftServerConfigKeys (ConfUtils.java:logGet(46)) - raft.server.log.segment.cache.size.max = 200MB (=209715200) (default)
2022-12-23 07:22:27,851 [om1-impl-thread1] INFO  segmented.SegmentedRaftLogWorker (SegmentedRaftLogWorker.java:<init>(189)) - new om1@group-C5BA1605619E-SegmentedRaftLogWorker for RaftStorageImpl:Storage Directory /home/runner/work/ozone/ozone/hadoop-ozone/integration-test/target/test-dir/MiniOzoneClusterImpl-b048efff-b978-4370-a947-e513736927f6/ozone-meta/ratis/bf265839-605b-3f16-9796-c5ba1605619e
2022-12-23 07:22:27,851 [om1-impl-thread1] INFO  server.RaftServerConfigKeys (ConfUtils.java:logGet(46)) - raft.server.log.queue.byte-limit = 64MB (=67108864) (default)
2022-12-23 07:22:27,851 [om1-impl-thread1] INFO  server.RaftServerConfigKeys (ConfUtils.java:logGet(46)) - raft.server.log.queue.element-limit = 4096 (default)
2022-12-23 07:22:27,851 [om1-impl-thread1] INFO  server.RaftServerConfigKeys (ConfUtils.java:logGet(46)) - raft.server.log.segment.size.max = 4194304 (custom)
2022-12-23 07:22:27,851 [om1-impl-thread1] INFO  server.RaftServerConfigKeys (ConfUtils.java:logGet(46)) - raft.server.log.preallocated.size = 4194304 (custom)
2022-12-23 07:22:27,851 [om1-impl-thread1] INFO  server.RaftServerConfigKeys (ConfUtils.java:logGet(46)) - raft.server.log.force.sync.num = 128 (default)
2022-12-23 07:22:27,851 [om1-impl-thread1] INFO  server.RaftServerConfigKeys (ConfUtils.java:logGet(46)) - raft.server.log.statemachine.data.sync = true (default)
2022-12-23 07:22:27,851 [om1-impl-thread1] INFO  server.RaftServerConfigKeys (ConfUtils.java:logGet(46)) - raft.server.log.statemachine.data.sync.timeout = 10s (default)
2022-12-23 07:22:27,851 [om1-impl-thread1] INFO  server.RaftServerConfigKeys (ConfUtils.java:logGet(46)) - raft.server.log.statemachine.data.sync.timeout.retry = -1 (default)
2022-12-23 07:22:27,852 [om1-impl-thread1] INFO  server.RaftServerConfigKeys (ConfUtils.java:logGet(46)) - raft.server.log.write.buffer.size = 64KB (=65536) (default)
2022-12-23 07:22:27,852 [om1-impl-thread1] INFO  server.RaftServerConfigKeys (ConfUtils.java:logGet(46)) - raft.server.log.appender.buffer.byte-limit = 33554432 (custom)
2022-12-23 07:22:27,857 [om1-impl-thread1] INFO  server.RaftServerConfigKeys (ConfUtils.java:logGet(46)) - raft.server.log.unsafe-flush.enabled = false (default)
2022-12-23 07:22:27,857 [om1-impl-thread1] INFO  server.RaftServerConfigKeys (ConfUtils.java:logGet(46)) - raft.server.log.async-flush.enabled = false (default)
2022-12-23 07:22:27,857 [om1-impl-thread1] INFO  server.RaftServerConfigKeys (ConfUtils.java:logGet(46)) - raft.server.log.statemachine.data.caching.enabled = false (default)
2022-12-23 07:22:27,857 [om1-impl-thread1] INFO  segmented.SegmentedRaftLogWorker (SegmentedRaftLogWorker.java:lambda$new$0(135)) - om1@group-C5BA1605619E-SegmentedRaftLogWorker: flushIndex: setUnconditionally 0 -> -1
2022-12-23 07:22:27,858 [om1-impl-thread1] INFO  segmented.SegmentedRaftLogWorker (SegmentedRaftLogWorker.java:lambda$new$0(135)) - om1@group-C5BA1605619E-SegmentedRaftLogWorker: safeCacheEvictIndex: setUnconditionally 0 -> -1
2022-12-23 07:22:27,858 [om1-impl-thread1] INFO  server.RaftServer$Division (RaftServerImpl.java:start(334)) - om1@group-C5BA1605619E: start as a follower, conf=-1: peers:[om1|rpc:localhost:9872|priority:0|startupRole:FOLLOWER]|listeners:[], old=null
2022-12-23 07:22:27,858 [om1-impl-thread1] INFO  server.RaftServer$Division (RaftServerImpl.java:setRole(321)) - om1@group-C5BA1605619E: changes role from      null to FOLLOWER at term 0 for startAsFollower
2022-12-23 07:22:27,858 [om1-impl-thread1] INFO  impl.RoleInfo (RoleInfo.java:updateAndGet(139)) - om1: start om1@group-C5BA1605619E-FollowerState
2022-12-23 07:22:27,858 [om1-impl-thread1] INFO  util.JmxRegister (JmxRegister.java:tryRegister(44)) - Successfully registered JMX Bean with object name Ratis:service=RaftServer,group=group-C5BA1605619E,id=om1
2022-12-23 07:22:27,858 [om1-impl-thread1] INFO  server.RaftServerConfigKeys (ConfUtils.java:logGet(46)) - raft.server.snapshot.auto.trigger.enabled = true (custom)
2022-12-23 07:22:27,858 [om1-impl-thread1] INFO  server.RaftServerConfigKeys (ConfUtils.java:logGet(46)) - raft.server.snapshot.auto.trigger.threshold = 400000 (default)
2022-12-23 07:22:27,858 [om1-impl-thread1] INFO  server.RaftServerConfigKeys (ConfUtils.java:logGet(46)) - raft.server.snapshot.retention.file.num = -1 (default)
2022-12-23 07:22:27,859 [om1-impl-thread1] INFO  server.RaftServerConfigKeys (ConfUtils.java:logGet(46)) - raft.server.log.purge.upto.snapshot.index = true (custom)
2022-12-23 07:22:27,859 [om1@group-C5BA1605619E-FollowerState] INFO  server.RaftServerConfigKeys (ConfUtils.java:logFallback(53)) - raft.server.rpc.first-election.timeout.min = 1s (fallback to raft.server.rpc.timeout.min)
2022-12-23 07:22:27,859 [om1@group-C5BA1605619E-FollowerState] INFO  server.RaftServerConfigKeys (ConfUtils.java:logFallback(53)) - raft.server.rpc.first-election.timeout.max = 1200ms (fallback to raft.server.rpc.timeout.max)
2022-12-23 07:22:27,861 [Listener at 127.0.0.1/36139] INFO  server.RaftServer (RaftServerProxy.java:startImpl(393)) - om1: start RPC server
2022-12-23 07:22:27,865 [Listener at 127.0.0.1/36139] INFO  server.GrpcService (GrpcService.java:startImpl(262)) - om1: GrpcService started, listening on 9872
2022-12-23 07:22:27,868 [Listener at 127.0.0.1/36139] INFO  om.OzoneManager (OzoneManager.java:start(1502)) - Version File has different layout version (3) than OM DB (null). That is expected if this OM has never been finalized to a newer layout version.
2022-12-23 07:22:27,869 [JvmPauseMonitor8] INFO  util.JvmPauseMonitor (JvmPauseMonitor.java:run(105)) - JvmPauseMonitor-om1: Started
2022-12-23 07:22:27,872 [Listener at 127.0.0.1/36139] INFO  http.BaseHttpServer (BaseHttpServer.java:newHttpServer2BuilderForOzone(213)) - Starting Web-server for ozoneManager at: http://0.0.0.0:0
2022-12-23 07:22:27,872 [Listener at 127.0.0.1/36139] INFO  http.BaseHttpServer (BaseHttpServer.java:<init>(108)) - Hadoop Security Enabled: false Ozone Security Enabled: false Ozone HTTP Security Enabled: false 
2022-12-23 07:22:27,873 [Listener at 127.0.0.1/36139] WARN  server.AuthenticationFilter (AuthenticationFilter.java:constructSecretProvider(240)) - Unable to initialize FileSignerSecretProvider, falling back to use random secrets. Reason: Could not read signature secret file: /home/runner/hadoop-http-auth-signature-secret
2022-12-23 07:22:27,874 [Listener at 127.0.0.1/36139] WARN  http.HttpRequestLog (HttpRequestLog.java:getRequestLog(103)) - Jetty request log can only be enabled using Log4j
2022-12-23 07:22:27,876 [Listener at 127.0.0.1/36139] INFO  http.HttpServer2 (HttpServer2.java:addGlobalFilter(1031)) - Added global filter 'safety' (class=org.apache.hadoop.hdds.server.http.HttpServer2$QuotingInputFilter)
2022-12-23 07:22:27,877 [Listener at 127.0.0.1/36139] INFO  http.HttpServer2 (HttpServer2.java:addFilter(1007)) - Added filter static_user_filter (class=org.apache.hadoop.http.lib.StaticUserWebFilter$StaticUserFilter) to context ozoneManager
2022-12-23 07:22:27,878 [Listener at 127.0.0.1/36139] INFO  http.HttpServer2 (HttpServer2.java:addFilter(1015)) - Added filter static_user_filter (class=org.apache.hadoop.http.lib.StaticUserWebFilter$StaticUserFilter) to context logs
2022-12-23 07:22:27,878 [Listener at 127.0.0.1/36139] INFO  http.HttpServer2 (HttpServer2.java:addFilter(1015)) - Added filter static_user_filter (class=org.apache.hadoop.http.lib.StaticUserWebFilter$StaticUserFilter) to context static
2022-12-23 07:22:27,879 [Listener at 127.0.0.1/36139] INFO  http.HttpServer2 (HttpServer2.java:bindListener(1250)) - Jetty bound to port 40519
2022-12-23 07:22:27,879 [Listener at 127.0.0.1/36139] INFO  server.Server (Server.java:doStart(375)) - jetty-9.4.49.v20220914; built: 2022-09-14T01:07:36.601Z; git: 4231a3b2e4cb8548a412a789936d640a97b1aa0a; jvm 1.8.0_352-b08
2022-12-23 07:22:27,880 [Listener at 127.0.0.1/36139] INFO  server.session (DefaultSessionIdManager.java:doStart(334)) - DefaultSessionIdManager workerName=node0
2022-12-23 07:22:27,880 [Listener at 127.0.0.1/36139] INFO  server.session (DefaultSessionIdManager.java:doStart(339)) - No SessionScavenger set, using defaults
2022-12-23 07:22:27,881 [Listener at 127.0.0.1/36139] INFO  server.session (HouseKeeper.java:startScavenging(132)) - node0 Scavenging every 600000ms
2022-12-23 07:22:27,881 [Listener at 127.0.0.1/36139] INFO  handler.ContextHandler (ContextHandler.java:doStart(921)) - Started o.e.j.s.ServletContextHandler@5ec357e4{logs,/logs,file:///home/runner/work/ozone/ozone/hadoop-ozone/integration-test/target/log,AVAILABLE}
2022-12-23 07:22:27,882 [Listener at 127.0.0.1/36139] INFO  handler.ContextHandler (ContextHandler.java:doStart(921)) - Started o.e.j.s.ServletContextHandler@66f4c5cb{static,/static,file:///home/runner/work/ozone/ozone/hadoop-ozone/integration-test/target/test-classes/webapps/static,AVAILABLE}
2022-12-23 07:22:27,887 [Listener at 127.0.0.1/36139] INFO  handler.ContextHandler (ContextHandler.java:doStart(921)) - Started o.e.j.w.WebAppContext@2d99470c{ozoneManager,/,file:///home/runner/work/ozone/ozone/hadoop-ozone/integration-test/target/test-classes/webapps/ozoneManager/,AVAILABLE}{file:/home/runner/work/ozone/ozone/hadoop-ozone/integration-test/target/test-classes/webapps/ozoneManager}
2022-12-23 07:22:27,890 [Listener at 127.0.0.1/36139] INFO  server.AbstractConnector (AbstractConnector.java:doStart(333)) - Started ServerConnector@4bfbc57a{HTTP/1.1, (http/1.1)}{0.0.0.0:40519}
2022-12-23 07:22:27,890 [Listener at 127.0.0.1/36139] INFO  server.Server (Server.java:doStart(415)) - Started @48849ms
2022-12-23 07:22:27,890 [Listener at 127.0.0.1/36139] WARN  impl.MetricsSystemImpl (MetricsSystemImpl.java:register(279)) - Sink prometheus already exists!
2022-12-23 07:22:27,891 [Listener at 127.0.0.1/36139] INFO  http.BaseHttpServer (BaseHttpServer.java:updateConnectorAddress(333)) - HTTP server of ozoneManager listening at http://0.0.0.0:40519
2022-12-23 07:22:27,891 [IPC Server Responder] INFO  ipc.Server (Server.java:run(1512)) - IPC Server Responder: starting
2022-12-23 07:22:27,891 [IPC Server listener on 0] INFO  ipc.Server (Server.java:run(1352)) - IPC Server listener on 0: starting
2022-12-23 07:22:27,894 [Listener at 127.0.0.1/36139] INFO  om.OzoneManager (OzoneManager.java:startTrashEmptier(1923)) - Trash Interval set to 0. Files deleted won't move to trash
2022-12-23 07:22:27,905 [org.apache.hadoop.util.JvmPauseMonitor$Monitor@1cd4a27e] INFO  util.JvmPauseMonitor (JvmPauseMonitor.java:run(188)) - Starting JVM pause monitor
2022-12-23 07:22:27,909 [Listener at 127.0.0.1/36139] WARN  impl.MetricRegistriesImpl (MetricRegistriesImpl.java:addReporterRegistration(111)) - New reporters are added after registries were created. Some metrics will be missing from the reporter. Please add reporter before adding any new registry.
2022-12-23 07:22:27,909 [Listener at 127.0.0.1/36139] WARN  impl.MetricRegistriesImpl (MetricRegistriesImpl.java:addReporterRegistration(111)) - New reporters are added after registries were created. Some metrics will be missing from the reporter. Please add reporter before adding any new registry.
2022-12-23 07:22:27,909 [Listener at 127.0.0.1/36139] INFO  impl.MetricsSystemImpl (MetricsSystemImpl.java:init(158)) - HddsDatanode metrics system started (again)
2022-12-23 07:22:27,921 [Listener at 127.0.0.1/36139] INFO  ozone.HddsDatanodeService (HddsDatanodeService.java:start(237)) - HddsDatanodeService host:fv-az505-480.g2e1luzo1moefklhgra4trf2va.dx.internal.cloudapp.net ip:10.1.0.40
2022-12-23 07:22:27,941 [Listener at 127.0.0.1/36139] INFO  upgrade.AbstractLayoutVersionManager (AbstractLayoutVersionManager.java:init(83)) - Initializing Layout version manager with metadata layout = DATANODE_SCHEMA_V3 (version = 4), software layout = DATANODE_SCHEMA_V3 (version = 4)
2022-12-23 07:22:27,997 [Listener at 127.0.0.1/36139] INFO  reflections.Reflections (Reflections.java:scan(232)) - Reflections took 55 ms to scan 7 urls, producing 146 keys and 348 values 
2022-12-23 07:22:27,999 [Listener at 127.0.0.1/36139] INFO  statemachine.DatanodeStateMachine (DatanodeStateMachine.java:getEndPointTaskThreadPoolSize(248)) - Datanode State Machine Task Thread Pool size 2
2022-12-23 07:22:28,004 [Listener at 127.0.0.1/36139] INFO  volume.HddsVolume (HddsVolume.java:<init>(117)) - Creating HddsVolume: /home/runner/work/ozone/ozone/hadoop-ozone/integration-test/target/test-dir/MiniOzoneClusterImpl-b048efff-b978-4370-a947-e513736927f6/datanode-0/data-0/containers/hdds of storage type : DISK capacity : 9223372036854775807
2022-12-23 07:22:28,004 [Listener at 127.0.0.1/36139] INFO  volume.MutableVolumeSet (MutableVolumeSet.java:initializeVolumeSet(174)) - Added Volume : /home/runner/work/ozone/ozone/hadoop-ozone/integration-test/target/test-dir/MiniOzoneClusterImpl-b048efff-b978-4370-a947-e513736927f6/datanode-0/data-0/containers/hdds to VolumeSet
2022-12-23 07:22:28,004 [Listener at 127.0.0.1/36139] INFO  volume.ThrottledAsyncChecker (ThrottledAsyncChecker.java:schedule(141)) - Scheduling a check for /home/runner/work/ozone/ozone/hadoop-ozone/integration-test/target/test-dir/MiniOzoneClusterImpl-b048efff-b978-4370-a947-e513736927f6/datanode-0/data-0/containers/hdds
2022-12-23 07:22:28,005 [Listener at 127.0.0.1/36139] INFO  volume.StorageVolumeChecker (StorageVolumeChecker.java:checkAllVolumes(202)) - Scheduled health check for volume /home/runner/work/ozone/ozone/hadoop-ozone/integration-test/target/test-dir/MiniOzoneClusterImpl-b048efff-b978-4370-a947-e513736927f6/datanode-0/data-0/containers/hdds
2022-12-23 07:22:28,018 [Listener at 127.0.0.1/36139] INFO  volume.MutableVolumeSet (MutableVolumeSet.java:initializeVolumeSet(174)) - Added Volume : /home/runner/work/ozone/ozone/hadoop-ozone/integration-test/target/test-dir/MiniOzoneClusterImpl-b048efff-b978-4370-a947-e513736927f6/datanode-0/data/ratis to VolumeSet
2022-12-23 07:22:28,018 [Listener at 127.0.0.1/36139] INFO  volume.ThrottledAsyncChecker (ThrottledAsyncChecker.java:schedule(141)) - Scheduling a check for /home/runner/work/ozone/ozone/hadoop-ozone/integration-test/target/test-dir/MiniOzoneClusterImpl-b048efff-b978-4370-a947-e513736927f6/datanode-0/data/ratis
2022-12-23 07:22:28,018 [Listener at 127.0.0.1/36139] INFO  volume.StorageVolumeChecker (StorageVolumeChecker.java:checkAllVolumes(202)) - Scheduled health check for volume /home/runner/work/ozone/ozone/hadoop-ozone/integration-test/target/test-dir/MiniOzoneClusterImpl-b048efff-b978-4370-a947-e513736927f6/datanode-0/data/ratis
2022-12-23 07:22:28,030 [Thread-708] INFO  ozoneimpl.ContainerReader (ContainerReader.java:readVolume(175)) - Finish verifying containers on volume /home/runner/work/ozone/ozone/hadoop-ozone/integration-test/target/test-dir/MiniOzoneClusterImpl-b048efff-b978-4370-a947-e513736927f6/datanode-0/data-0/containers/hdds
2022-12-23 07:22:28,030 [Listener at 127.0.0.1/36139] INFO  ozoneimpl.OzoneContainer (OzoneContainer.java:buildContainerSet(301)) - Build ContainerSet costs 0s
2022-12-23 07:22:28,034 [Listener at 127.0.0.1/36139] INFO  server.RaftServer (ConfUtils.java:logGet(46)) - raft.rpc.type = GRPC (default)
2022-12-23 07:22:28,034 [Listener at 127.0.0.1/36139] INFO  grpc.GrpcConfigKeys (ConfUtils.java:logFallback(53)) - raft.grpc.admin.host = null (fallback to raft.grpc.server.host)
2022-12-23 07:22:28,034 [Listener at 127.0.0.1/36139] INFO  grpc.GrpcConfigKeys (ConfUtils.java:logGet(46)) - raft.grpc.admin.port = 0 (custom)
2022-12-23 07:22:28,035 [Listener at 127.0.0.1/36139] INFO  grpc.GrpcConfigKeys (ConfUtils.java:logFallback(53)) - raft.grpc.client.host = null (fallback to raft.grpc.server.host)
2022-12-23 07:22:28,035 [Listener at 127.0.0.1/36139] INFO  grpc.GrpcConfigKeys (ConfUtils.java:logGet(46)) - raft.grpc.client.port = 0 (custom)
2022-12-23 07:22:28,035 [Listener at 127.0.0.1/36139] INFO  grpc.GrpcConfigKeys (ConfUtils.java:logGet(46)) - raft.grpc.server.host = null (default)
2022-12-23 07:22:28,035 [Listener at 127.0.0.1/36139] INFO  grpc.GrpcConfigKeys (ConfUtils.java:logGet(46)) - raft.grpc.server.port = 0 (default)
2022-12-23 07:22:28,035 [Listener at 127.0.0.1/36139] INFO  server.GrpcService (ConfUtils.java:logGet(46)) - raft.grpc.message.size.max = 32MB (=33554432) (custom)
2022-12-23 07:22:28,035 [Listener at 127.0.0.1/36139] INFO  server.RaftServerConfigKeys (ConfUtils.java:logGet(46)) - raft.server.log.appender.buffer.byte-limit = 33554432 (custom)
2022-12-23 07:22:28,035 [Listener at 127.0.0.1/36139] INFO  server.GrpcService (ConfUtils.java:logGet(46)) - raft.grpc.flow.control.window = 5MB (=5242880) (custom)
2022-12-23 07:22:28,036 [Listener at 127.0.0.1/36139] INFO  server.RaftServerConfigKeys (ConfUtils.java:logGet(46)) - raft.server.rpc.request.timeout = 60s (custom)
2022-12-23 07:22:28,036 [Listener at 127.0.0.1/36139] INFO  grpc.GrpcConfigKeys (ConfUtils.java:logGet(46)) - raft.grpc.server.heartbeat.channel = true (default)
2022-12-23 07:22:28,036 [Listener at 127.0.0.1/36139] INFO  grpc.GrpcConfigKeys (ConfUtils.java:logGet(46)) - raft.grpc.server.async.request.thread.pool.cached = true (default)
2022-12-23 07:22:28,036 [Listener at 127.0.0.1/36139] INFO  grpc.GrpcConfigKeys (ConfUtils.java:logGet(46)) - raft.grpc.server.async.request.thread.pool.size = 32 (default)
2022-12-23 07:22:28,037 [Listener at 127.0.0.1/36139] INFO  impl.DataStreamServerImpl (ConfUtils.java:logGet(46)) - raft.datastream.type = NETTY (custom)
2022-12-23 07:22:28,038 [Listener at 127.0.0.1/36139] INFO  server.RaftServerConfigKeys (ConfUtils.java:logGet(46)) - raft.server.data-stream.async.request.thread.pool.cached = false (default)
2022-12-23 07:22:28,038 [Listener at 127.0.0.1/36139] INFO  server.RaftServerConfigKeys (ConfUtils.java:logGet(46)) - raft.server.data-stream.async.request.thread.pool.size = 20 (custom)
2022-12-23 07:22:28,038 [Listener at 127.0.0.1/36139] INFO  server.RaftServerConfigKeys (ConfUtils.java:logGet(46)) - raft.server.data-stream.async.write.thread.pool.size = 16 (default)
2022-12-23 07:22:28,038 [Listener at 127.0.0.1/36139] INFO  server.RaftServerConfigKeys (ConfUtils.java:logGet(46)) - raft.server.data-stream.client.pool.size = 10 (default)
2022-12-23 07:22:28,038 [Listener at 127.0.0.1/36139] INFO  netty.NettyConfigKeys$DataStream (ConfUtils.java:logGet(46)) - raft.netty.dataStream.server.use-epoll = false (default)
2022-12-23 07:22:28,038 [Listener at 127.0.0.1/36139] INFO  netty.NettyConfigKeys$DataStream (ConfUtils.java:logGet(46)) - raft.netty.dataStream.server.boss-group.size = 0 (default)
2022-12-23 07:22:28,040 [Listener at 127.0.0.1/36139] INFO  netty.NettyConfigKeys$DataStream (ConfUtils.java:logGet(46)) - raft.netty.dataStream.server.worker-group.size = 0 (default)
2022-12-23 07:22:28,040 [Listener at 127.0.0.1/36139] INFO  netty.NettyConfigKeys$DataStream (ConfUtils.java:logGet(46)) - raft.netty.dataStream.server.tls.conf = null (default)
2022-12-23 07:22:28,041 [Listener at 127.0.0.1/36139] INFO  netty.NettyConfigKeys$DataStream (ConfUtils.java:logGet(46)) - raft.netty.dataStream.host = null (default)
2022-12-23 07:22:28,041 [Listener at 127.0.0.1/36139] INFO  netty.NettyConfigKeys$DataStream (ConfUtils.java:logGet(46)) - raft.netty.dataStream.port = 0 (default)
2022-12-23 07:22:28,041 [Listener at 127.0.0.1/36139] INFO  server.RaftServerConfigKeys (ConfUtils.java:logGet(46)) - raft.server.threadpool.proxy.cached = true (default)
2022-12-23 07:22:28,042 [Listener at 127.0.0.1/36139] INFO  server.RaftServerConfigKeys (ConfUtils.java:logGet(46)) - raft.server.threadpool.proxy.size = 0 (default)
2022-12-23 07:22:28,042 [c9ddfccf-4e48-411f-a985-9c78b2030ee9-NettyServerStreamRpc-bossGroup--thread1] INFO  logging.LoggingHandler (AbstractInternalLogger.java:log(148)) - [id: 0xcfd21145] REGISTERED
2022-12-23 07:22:28,042 [Listener at 127.0.0.1/36139] INFO  server.RaftServerConfigKeys (ConfUtils.java:logGet(46)) - raft.server.rpc.slowness.timeout = 300s (custom)
2022-12-23 07:22:28,042 [c9ddfccf-4e48-411f-a985-9c78b2030ee9-NettyServerStreamRpc-bossGroup--thread1] INFO  logging.LoggingHandler (AbstractInternalLogger.java:log(148)) - [id: 0xcfd21145] BIND: 0.0.0.0/0.0.0.0:0
2022-12-23 07:22:28,042 [Listener at 127.0.0.1/36139] INFO  server.RaftServerConfigKeys (ConfUtils.java:logGet(46)) - raft.server.leaderelection.leader.step-down.wait-time = 10s (default)
2022-12-23 07:22:28,042 [c9ddfccf-4e48-411f-a985-9c78b2030ee9-NettyServerStreamRpc-bossGroup--thread1] INFO  logging.LoggingHandler (AbstractInternalLogger.java:log(148)) - [id: 0xcfd21145, L:/0:0:0:0:0:0:0:0:44285] ACTIVE
2022-12-23 07:22:28,043 [Listener at 127.0.0.1/36139] INFO  server.RaftServerConfigKeys (ConfUtils.java:logGet(46)) - raft.server.storage.dir = [/home/runner/work/ozone/ozone/hadoop-ozone/integration-test/target/test-dir/MiniOzoneClusterImpl-b048efff-b978-4370-a947-e513736927f6/datanode-0/data/ratis] (custom)
2022-12-23 07:22:28,045 [Listener at 127.0.0.1/36139] INFO  server.XceiverServerGrpc (XceiverServerGrpc.java:<init>(132)) - GrpcServer channel type EpollServerSocketChannel
2022-12-23 07:22:28,056 [Listener at 127.0.0.1/36139] INFO  http.BaseHttpServer (BaseHttpServer.java:newHttpServer2BuilderForOzone(213)) - Starting Web-server for hddsDatanode at: http://0.0.0.0:0
2022-12-23 07:22:28,056 [Listener at 127.0.0.1/36139] INFO  http.BaseHttpServer (BaseHttpServer.java:<init>(108)) - Hadoop Security Enabled: false Ozone Security Enabled: false Ozone HTTP Security Enabled: false 
2022-12-23 07:22:28,057 [Listener at 127.0.0.1/36139] WARN  server.AuthenticationFilter (AuthenticationFilter.java:constructSecretProvider(240)) - Unable to initialize FileSignerSecretProvider, falling back to use random secrets. Reason: Could not read signature secret file: /home/runner/hadoop-http-auth-signature-secret
2022-12-23 07:22:28,058 [Listener at 127.0.0.1/36139] WARN  http.HttpRequestLog (HttpRequestLog.java:getRequestLog(103)) - Jetty request log can only be enabled using Log4j
2022-12-23 07:22:28,060 [Listener at 127.0.0.1/36139] INFO  http.HttpServer2 (HttpServer2.java:addGlobalFilter(1031)) - Added global filter 'safety' (class=org.apache.hadoop.hdds.server.http.HttpServer2$QuotingInputFilter)
2022-12-23 07:22:28,061 [Listener at 127.0.0.1/36139] INFO  http.HttpServer2 (HttpServer2.java:addFilter(1007)) - Added filter static_user_filter (class=org.apache.hadoop.http.lib.StaticUserWebFilter$StaticUserFilter) to context hddsDatanode
2022-12-23 07:22:28,061 [Listener at 127.0.0.1/36139] INFO  http.HttpServer2 (HttpServer2.java:addFilter(1015)) - Added filter static_user_filter (class=org.apache.hadoop.http.lib.StaticUserWebFilter$StaticUserFilter) to context static
2022-12-23 07:22:28,061 [Listener at 127.0.0.1/36139] INFO  http.HttpServer2 (HttpServer2.java:addFilter(1015)) - Added filter static_user_filter (class=org.apache.hadoop.http.lib.StaticUserWebFilter$StaticUserFilter) to context logs
2022-12-23 07:22:28,062 [Listener at 127.0.0.1/36139] INFO  http.HttpServer2 (HttpServer2.java:bindListener(1250)) - Jetty bound to port 46365
2022-12-23 07:22:28,062 [Listener at 127.0.0.1/36139] INFO  server.Server (Server.java:doStart(375)) - jetty-9.4.49.v20220914; built: 2022-09-14T01:07:36.601Z; git: 4231a3b2e4cb8548a412a789936d640a97b1aa0a; jvm 1.8.0_352-b08
2022-12-23 07:22:28,064 [Listener at 127.0.0.1/36139] INFO  server.session (DefaultSessionIdManager.java:doStart(334)) - DefaultSessionIdManager workerName=node0
2022-12-23 07:22:28,064 [Listener at 127.0.0.1/36139] INFO  server.session (DefaultSessionIdManager.java:doStart(339)) - No SessionScavenger set, using defaults
2022-12-23 07:22:28,064 [Listener at 127.0.0.1/36139] INFO  server.session (HouseKeeper.java:startScavenging(132)) - node0 Scavenging every 660000ms
2022-12-23 07:22:28,065 [Listener at 127.0.0.1/36139] INFO  handler.ContextHandler (ContextHandler.java:doStart(921)) - Started o.e.j.s.ServletContextHandler@624bc592{logs,/logs,file:///home/runner/work/ozone/ozone/hadoop-ozone/integration-test/target/log,AVAILABLE}
2022-12-23 07:22:28,065 [Listener at 127.0.0.1/36139] INFO  handler.ContextHandler (ContextHandler.java:doStart(921)) - Started o.e.j.s.ServletContextHandler@1183b7f{static,/static,jar:file:/home/runner/.m2/repository/org/apache/ozone/hdds-container-service/1.3.0-SNAPSHOT/hdds-container-service-1.3.0-SNAPSHOT.jar!/webapps/static,AVAILABLE}
2022-12-23 07:22:28,260 [Listener at 127.0.0.1/36139] INFO  handler.ContextHandler (ContextHandler.java:doStart(921)) - Started o.e.j.w.WebAppContext@156c2fa2{hddsDatanode,/,file:///tmp/jetty-0_0_0_0-46365-hdds-container-service-1_3_0-SNAPSHOT_jar-_-any-5438851301947585888/webapp/,AVAILABLE}{jar:file:/home/runner/.m2/repository/org/apache/ozone/hdds-container-service/1.3.0-SNAPSHOT/hdds-container-service-1.3.0-SNAPSHOT.jar!/webapps/hddsDatanode}
2022-12-23 07:22:28,261 [Listener at 127.0.0.1/36139] INFO  server.AbstractConnector (AbstractConnector.java:doStart(333)) - Started ServerConnector@2838450e{HTTP/1.1, (http/1.1)}{0.0.0.0:46365}
2022-12-23 07:22:28,262 [Listener at 127.0.0.1/36139] INFO  server.Server (Server.java:doStart(415)) - Started @49221ms
2022-12-23 07:22:28,262 [Listener at 127.0.0.1/36139] WARN  impl.MetricsSystemImpl (MetricsSystemImpl.java:register(279)) - Sink prometheus already exists!
2022-12-23 07:22:28,262 [Listener at 127.0.0.1/36139] INFO  http.BaseHttpServer (BaseHttpServer.java:updateConnectorAddress(333)) - HTTP server of hddsDatanode listening at http://0.0.0.0:46365
2022-12-23 07:22:28,263 [Datanode State Machine Daemon Thread] INFO  statemachine.DatanodeStateMachine (DatanodeStateMachine.java:lambda$startDaemon$0(508)) - Ozone container server started.
2022-12-23 07:22:28,263 [Listener at 127.0.0.1/36139] WARN  impl.MetricRegistriesImpl (MetricRegistriesImpl.java:addReporterRegistration(111)) - New reporters are added after registries were created. Some metrics will be missing from the reporter. Please add reporter before adding any new registry.
2022-12-23 07:22:28,264 [Listener at 127.0.0.1/36139] WARN  impl.MetricRegistriesImpl (MetricRegistriesImpl.java:addReporterRegistration(111)) - New reporters are added after registries were created. Some metrics will be missing from the reporter. Please add reporter before adding any new registry.
2022-12-23 07:22:28,265 [Listener at 127.0.0.1/36139] INFO  impl.MetricsSystemImpl (MetricsSystemImpl.java:init(158)) - HddsDatanode metrics system started (again)
2022-12-23 07:22:28,284 [org.apache.hadoop.util.JvmPauseMonitor$Monitor@4d7b30da] INFO  util.JvmPauseMonitor (JvmPauseMonitor.java:run(188)) - Starting JVM pause monitor
2022-12-23 07:22:28,294 [Datanode State Machine Task Thread - 0] INFO  datanode.InitDatanodeState (InitDatanodeState.java:persistContainerDatanodeDetails(138)) - DatanodeDetails is persisted to /home/runner/work/ozone/ozone/hadoop-ozone/integration-test/target/test-dir/MiniOzoneClusterImpl-b048efff-b978-4370-a947-e513736927f6/datanode-0/meta/datanode.id
2022-12-23 07:22:28,295 [Listener at 127.0.0.1/36139] INFO  ozone.HddsDatanodeService (HddsDatanodeService.java:start(237)) - HddsDatanodeService host:fv-az505-480.g2e1luzo1moefklhgra4trf2va.dx.internal.cloudapp.net ip:10.1.0.40
2022-12-23 07:22:28,321 [Listener at 127.0.0.1/36139] INFO  upgrade.AbstractLayoutVersionManager (AbstractLayoutVersionManager.java:init(83)) - Initializing Layout version manager with metadata layout = DATANODE_SCHEMA_V3 (version = 4), software layout = DATANODE_SCHEMA_V3 (version = 4)
2022-12-23 07:22:28,375 [Listener at 127.0.0.1/36139] INFO  reflections.Reflections (Reflections.java:scan(232)) - Reflections took 49 ms to scan 7 urls, producing 146 keys and 348 values 
2022-12-23 07:22:28,377 [Listener at 127.0.0.1/36139] INFO  statemachine.DatanodeStateMachine (DatanodeStateMachine.java:getEndPointTaskThreadPoolSize(248)) - Datanode State Machine Task Thread Pool size 2
2022-12-23 07:22:28,378 [Listener at 127.0.0.1/36139] INFO  volume.HddsVolume (HddsVolume.java:<init>(117)) - Creating HddsVolume: /home/runner/work/ozone/ozone/hadoop-ozone/integration-test/target/test-dir/MiniOzoneClusterImpl-b048efff-b978-4370-a947-e513736927f6/datanode-1/data-0/containers/hdds of storage type : DISK capacity : 9223372036854775807
2022-12-23 07:22:28,379 [Listener at 127.0.0.1/36139] INFO  volume.MutableVolumeSet (MutableVolumeSet.java:initializeVolumeSet(174)) - Added Volume : /home/runner/work/ozone/ozone/hadoop-ozone/integration-test/target/test-dir/MiniOzoneClusterImpl-b048efff-b978-4370-a947-e513736927f6/datanode-1/data-0/containers/hdds to VolumeSet
2022-12-23 07:22:28,379 [Listener at 127.0.0.1/36139] INFO  volume.ThrottledAsyncChecker (ThrottledAsyncChecker.java:schedule(141)) - Scheduling a check for /home/runner/work/ozone/ozone/hadoop-ozone/integration-test/target/test-dir/MiniOzoneClusterImpl-b048efff-b978-4370-a947-e513736927f6/datanode-1/data-0/containers/hdds
2022-12-23 07:22:28,384 [Listener at 127.0.0.1/36139] INFO  volume.StorageVolumeChecker (StorageVolumeChecker.java:checkAllVolumes(202)) - Scheduled health check for volume /home/runner/work/ozone/ozone/hadoop-ozone/integration-test/target/test-dir/MiniOzoneClusterImpl-b048efff-b978-4370-a947-e513736927f6/datanode-1/data-0/containers/hdds
2022-12-23 07:22:28,397 [Listener at 127.0.0.1/36139] INFO  volume.MutableVolumeSet (MutableVolumeSet.java:initializeVolumeSet(174)) - Added Volume : /home/runner/work/ozone/ozone/hadoop-ozone/integration-test/target/test-dir/MiniOzoneClusterImpl-b048efff-b978-4370-a947-e513736927f6/datanode-1/data/ratis to VolumeSet
2022-12-23 07:22:28,397 [Listener at 127.0.0.1/36139] INFO  volume.ThrottledAsyncChecker (ThrottledAsyncChecker.java:schedule(141)) - Scheduling a check for /home/runner/work/ozone/ozone/hadoop-ozone/integration-test/target/test-dir/MiniOzoneClusterImpl-b048efff-b978-4370-a947-e513736927f6/datanode-1/data/ratis
2022-12-23 07:22:28,397 [Listener at 127.0.0.1/36139] INFO  volume.StorageVolumeChecker (StorageVolumeChecker.java:checkAllVolumes(202)) - Scheduled health check for volume /home/runner/work/ozone/ozone/hadoop-ozone/integration-test/target/test-dir/MiniOzoneClusterImpl-b048efff-b978-4370-a947-e513736927f6/datanode-1/data/ratis
2022-12-23 07:22:28,409 [Thread-722] INFO  ozoneimpl.ContainerReader (ContainerReader.java:readVolume(175)) - Finish verifying containers on volume /home/runner/work/ozone/ozone/hadoop-ozone/integration-test/target/test-dir/MiniOzoneClusterImpl-b048efff-b978-4370-a947-e513736927f6/datanode-1/data-0/containers/hdds
2022-12-23 07:22:28,409 [Listener at 127.0.0.1/36139] INFO  ozoneimpl.OzoneContainer (OzoneContainer.java:buildContainerSet(301)) - Build ContainerSet costs 0s
2022-12-23 07:22:28,411 [Listener at 127.0.0.1/36139] INFO  server.RaftServer (ConfUtils.java:logGet(46)) - raft.rpc.type = GRPC (default)
2022-12-23 07:22:28,411 [Listener at 127.0.0.1/36139] INFO  grpc.GrpcConfigKeys (ConfUtils.java:logFallback(53)) - raft.grpc.admin.host = null (fallback to raft.grpc.server.host)
2022-12-23 07:22:28,411 [Listener at 127.0.0.1/36139] INFO  grpc.GrpcConfigKeys (ConfUtils.java:logGet(46)) - raft.grpc.admin.port = 0 (custom)
2022-12-23 07:22:28,412 [Listener at 127.0.0.1/36139] INFO  grpc.GrpcConfigKeys (ConfUtils.java:logFallback(53)) - raft.grpc.client.host = null (fallback to raft.grpc.server.host)
2022-12-23 07:22:28,412 [Listener at 127.0.0.1/36139] INFO  grpc.GrpcConfigKeys (ConfUtils.java:logGet(46)) - raft.grpc.client.port = 0 (custom)
2022-12-23 07:22:28,412 [Listener at 127.0.0.1/36139] INFO  grpc.GrpcConfigKeys (ConfUtils.java:logGet(46)) - raft.grpc.server.host = null (default)
2022-12-23 07:22:28,412 [Listener at 127.0.0.1/36139] INFO  grpc.GrpcConfigKeys (ConfUtils.java:logGet(46)) - raft.grpc.server.port = 0 (default)
2022-12-23 07:22:28,412 [Listener at 127.0.0.1/36139] INFO  server.GrpcService (ConfUtils.java:logGet(46)) - raft.grpc.message.size.max = 32MB (=33554432) (custom)
2022-12-23 07:22:28,412 [Listener at 127.0.0.1/36139] INFO  server.RaftServerConfigKeys (ConfUtils.java:logGet(46)) - raft.server.log.appender.buffer.byte-limit = 33554432 (custom)
2022-12-23 07:22:28,412 [Listener at 127.0.0.1/36139] INFO  server.GrpcService (ConfUtils.java:logGet(46)) - raft.grpc.flow.control.window = 5MB (=5242880) (custom)
2022-12-23 07:22:28,413 [Listener at 127.0.0.1/36139] INFO  server.RaftServerConfigKeys (ConfUtils.java:logGet(46)) - raft.server.rpc.request.timeout = 60s (custom)
2022-12-23 07:22:28,413 [Listener at 127.0.0.1/36139] INFO  grpc.GrpcConfigKeys (ConfUtils.java:logGet(46)) - raft.grpc.server.heartbeat.channel = true (default)
2022-12-23 07:22:28,413 [Listener at 127.0.0.1/36139] INFO  grpc.GrpcConfigKeys (ConfUtils.java:logGet(46)) - raft.grpc.server.async.request.thread.pool.cached = true (default)
2022-12-23 07:22:28,413 [Listener at 127.0.0.1/36139] INFO  grpc.GrpcConfigKeys (ConfUtils.java:logGet(46)) - raft.grpc.server.async.request.thread.pool.size = 32 (default)
2022-12-23 07:22:28,414 [Listener at 127.0.0.1/36139] INFO  impl.DataStreamServerImpl (ConfUtils.java:logGet(46)) - raft.datastream.type = NETTY (custom)
2022-12-23 07:22:28,414 [Listener at 127.0.0.1/36139] INFO  server.RaftServerConfigKeys (ConfUtils.java:logGet(46)) - raft.server.data-stream.async.request.thread.pool.cached = false (default)
2022-12-23 07:22:28,415 [Listener at 127.0.0.1/36139] INFO  server.RaftServerConfigKeys (ConfUtils.java:logGet(46)) - raft.server.data-stream.async.request.thread.pool.size = 20 (custom)
2022-12-23 07:22:28,415 [Listener at 127.0.0.1/36139] INFO  server.RaftServerConfigKeys (ConfUtils.java:logGet(46)) - raft.server.data-stream.async.write.thread.pool.size = 16 (default)
2022-12-23 07:22:28,415 [Listener at 127.0.0.1/36139] INFO  server.RaftServerConfigKeys (ConfUtils.java:logGet(46)) - raft.server.data-stream.client.pool.size = 10 (default)
2022-12-23 07:22:28,415 [Listener at 127.0.0.1/36139] INFO  netty.NettyConfigKeys$DataStream (ConfUtils.java:logGet(46)) - raft.netty.dataStream.server.use-epoll = false (default)
2022-12-23 07:22:28,415 [Listener at 127.0.0.1/36139] INFO  netty.NettyConfigKeys$DataStream (ConfUtils.java:logGet(46)) - raft.netty.dataStream.server.boss-group.size = 0 (default)
2022-12-23 07:22:28,416 [Listener at 127.0.0.1/36139] INFO  netty.NettyConfigKeys$DataStream (ConfUtils.java:logGet(46)) - raft.netty.dataStream.server.worker-group.size = 0 (default)
2022-12-23 07:22:28,416 [Listener at 127.0.0.1/36139] INFO  netty.NettyConfigKeys$DataStream (ConfUtils.java:logGet(46)) - raft.netty.dataStream.server.tls.conf = null (default)
2022-12-23 07:22:28,416 [Listener at 127.0.0.1/36139] INFO  netty.NettyConfigKeys$DataStream (ConfUtils.java:logGet(46)) - raft.netty.dataStream.host = null (default)
2022-12-23 07:22:28,416 [Listener at 127.0.0.1/36139] INFO  netty.NettyConfigKeys$DataStream (ConfUtils.java:logGet(46)) - raft.netty.dataStream.port = 0 (default)
2022-12-23 07:22:28,417 [Listener at 127.0.0.1/36139] INFO  server.RaftServerConfigKeys (ConfUtils.java:logGet(46)) - raft.server.threadpool.proxy.cached = true (default)
2022-12-23 07:22:28,417 [Listener at 127.0.0.1/36139] INFO  server.RaftServerConfigKeys (ConfUtils.java:logGet(46)) - raft.server.threadpool.proxy.size = 0 (default)
2022-12-23 07:22:28,417 [Listener at 127.0.0.1/36139] INFO  server.RaftServerConfigKeys (ConfUtils.java:logGet(46)) - raft.server.rpc.slowness.timeout = 300s (custom)
2022-12-23 07:22:28,417 [Listener at 127.0.0.1/36139] INFO  server.RaftServerConfigKeys (ConfUtils.java:logGet(46)) - raft.server.leaderelection.leader.step-down.wait-time = 10s (default)
2022-12-23 07:22:28,418 [Listener at 127.0.0.1/36139] INFO  server.RaftServerConfigKeys (ConfUtils.java:logGet(46)) - raft.server.storage.dir = [/home/runner/work/ozone/ozone/hadoop-ozone/integration-test/target/test-dir/MiniOzoneClusterImpl-b048efff-b978-4370-a947-e513736927f6/datanode-1/data/ratis] (custom)
2022-12-23 07:22:28,418 [122e07b3-5337-411b-bbd2-8c7328b2790d-NettyServerStreamRpc-bossGroup--thread1] INFO  logging.LoggingHandler (AbstractInternalLogger.java:log(148)) - [id: 0x890d384a] REGISTERED
2022-12-23 07:22:28,418 [122e07b3-5337-411b-bbd2-8c7328b2790d-NettyServerStreamRpc-bossGroup--thread1] INFO  logging.LoggingHandler (AbstractInternalLogger.java:log(148)) - [id: 0x890d384a] BIND: 0.0.0.0/0.0.0.0:0
2022-12-23 07:22:28,418 [122e07b3-5337-411b-bbd2-8c7328b2790d-NettyServerStreamRpc-bossGroup--thread1] INFO  logging.LoggingHandler (AbstractInternalLogger.java:log(148)) - [id: 0x890d384a, L:/0:0:0:0:0:0:0:0:35899] ACTIVE
2022-12-23 07:22:28,420 [Listener at 127.0.0.1/36139] INFO  server.XceiverServerGrpc (XceiverServerGrpc.java:<init>(132)) - GrpcServer channel type EpollServerSocketChannel
2022-12-23 07:22:28,423 [Listener at 127.0.0.1/36139] INFO  http.BaseHttpServer (BaseHttpServer.java:newHttpServer2BuilderForOzone(213)) - Starting Web-server for hddsDatanode at: http://0.0.0.0:0
2022-12-23 07:22:28,423 [Listener at 127.0.0.1/36139] INFO  http.BaseHttpServer (BaseHttpServer.java:<init>(108)) - Hadoop Security Enabled: false Ozone Security Enabled: false Ozone HTTP Security Enabled: false 
2022-12-23 07:22:28,425 [Listener at 127.0.0.1/36139] WARN  server.AuthenticationFilter (AuthenticationFilter.java:constructSecretProvider(240)) - Unable to initialize FileSignerSecretProvider, falling back to use random secrets. Reason: Could not read signature secret file: /home/runner/hadoop-http-auth-signature-secret
2022-12-23 07:22:28,425 [Listener at 127.0.0.1/36139] WARN  http.HttpRequestLog (HttpRequestLog.java:getRequestLog(103)) - Jetty request log can only be enabled using Log4j
2022-12-23 07:22:28,427 [Listener at 127.0.0.1/36139] INFO  http.HttpServer2 (HttpServer2.java:addGlobalFilter(1031)) - Added global filter 'safety' (class=org.apache.hadoop.hdds.server.http.HttpServer2$QuotingInputFilter)
2022-12-23 07:22:28,427 [Listener at 127.0.0.1/36139] INFO  http.HttpServer2 (HttpServer2.java:addFilter(1007)) - Added filter static_user_filter (class=org.apache.hadoop.http.lib.StaticUserWebFilter$StaticUserFilter) to context hddsDatanode
2022-12-23 07:22:28,427 [Listener at 127.0.0.1/36139] INFO  http.HttpServer2 (HttpServer2.java:addFilter(1015)) - Added filter static_user_filter (class=org.apache.hadoop.http.lib.StaticUserWebFilter$StaticUserFilter) to context static
2022-12-23 07:22:28,427 [Listener at 127.0.0.1/36139] INFO  http.HttpServer2 (HttpServer2.java:addFilter(1015)) - Added filter static_user_filter (class=org.apache.hadoop.http.lib.StaticUserWebFilter$StaticUserFilter) to context logs
2022-12-23 07:22:28,428 [Listener at 127.0.0.1/36139] INFO  http.HttpServer2 (HttpServer2.java:bindListener(1250)) - Jetty bound to port 37623
2022-12-23 07:22:28,428 [Listener at 127.0.0.1/36139] INFO  server.Server (Server.java:doStart(375)) - jetty-9.4.49.v20220914; built: 2022-09-14T01:07:36.601Z; git: 4231a3b2e4cb8548a412a789936d640a97b1aa0a; jvm 1.8.0_352-b08
2022-12-23 07:22:28,430 [Listener at 127.0.0.1/36139] INFO  server.session (DefaultSessionIdManager.java:doStart(334)) - DefaultSessionIdManager workerName=node0
2022-12-23 07:22:28,430 [Listener at 127.0.0.1/36139] INFO  server.session (DefaultSessionIdManager.java:doStart(339)) - No SessionScavenger set, using defaults
2022-12-23 07:22:28,430 [Listener at 127.0.0.1/36139] INFO  server.session (HouseKeeper.java:startScavenging(132)) - node0 Scavenging every 660000ms
2022-12-23 07:22:28,431 [Listener at 127.0.0.1/36139] INFO  handler.ContextHandler (ContextHandler.java:doStart(921)) - Started o.e.j.s.ServletContextHandler@2a8e3e0c{logs,/logs,file:///home/runner/work/ozone/ozone/hadoop-ozone/integration-test/target/log,AVAILABLE}
2022-12-23 07:22:28,431 [Listener at 127.0.0.1/36139] INFO  handler.ContextHandler (ContextHandler.java:doStart(921)) - Started o.e.j.s.ServletContextHandler@77b47cf5{static,/static,jar:file:/home/runner/.m2/repository/org/apache/ozone/hdds-container-service/1.3.0-SNAPSHOT/hdds-container-service-1.3.0-SNAPSHOT.jar!/webapps/static,AVAILABLE}
2022-12-23 07:22:28,627 [Listener at 127.0.0.1/36139] INFO  handler.ContextHandler (ContextHandler.java:doStart(921)) - Started o.e.j.w.WebAppContext@2dd31c49{hddsDatanode,/,file:///tmp/jetty-0_0_0_0-37623-hdds-container-service-1_3_0-SNAPSHOT_jar-_-any-4389882950867202617/webapp/,AVAILABLE}{jar:file:/home/runner/.m2/repository/org/apache/ozone/hdds-container-service/1.3.0-SNAPSHOT/hdds-container-service-1.3.0-SNAPSHOT.jar!/webapps/hddsDatanode}
2022-12-23 07:22:28,629 [Listener at 127.0.0.1/36139] INFO  server.AbstractConnector (AbstractConnector.java:doStart(333)) - Started ServerConnector@42fe8be4{HTTP/1.1, (http/1.1)}{0.0.0.0:37623}
2022-12-23 07:22:28,629 [Listener at 127.0.0.1/36139] INFO  server.Server (Server.java:doStart(415)) - Started @49588ms
2022-12-23 07:22:28,629 [Listener at 127.0.0.1/36139] WARN  impl.MetricsSystemImpl (MetricsSystemImpl.java:register(279)) - Sink prometheus already exists!
2022-12-23 07:22:28,631 [Listener at 127.0.0.1/36139] INFO  http.BaseHttpServer (BaseHttpServer.java:updateConnectorAddress(333)) - HTTP server of hddsDatanode listening at http://0.0.0.0:37623
2022-12-23 07:22:28,632 [Listener at 127.0.0.1/36139] WARN  impl.MetricRegistriesImpl (MetricRegistriesImpl.java:addReporterRegistration(111)) - New reporters are added after registries were created. Some metrics will be missing from the reporter. Please add reporter before adding any new registry.
2022-12-23 07:22:28,632 [Listener at 127.0.0.1/36139] WARN  impl.MetricRegistriesImpl (MetricRegistriesImpl.java:addReporterRegistration(111)) - New reporters are added after registries were created. Some metrics will be missing from the reporter. Please add reporter before adding any new registry.
2022-12-23 07:22:28,632 [Listener at 127.0.0.1/36139] INFO  impl.MetricsSystemImpl (MetricsSystemImpl.java:init(158)) - HddsDatanode metrics system started (again)
2022-12-23 07:22:28,632 [Datanode State Machine Daemon Thread] INFO  statemachine.DatanodeStateMachine (DatanodeStateMachine.java:lambda$startDaemon$0(508)) - Ozone container server started.
2022-12-23 07:22:28,646 [Listener at 127.0.0.1/36139] INFO  ozone.HddsDatanodeService (HddsDatanodeService.java:start(237)) - HddsDatanodeService host:fv-az505-480.g2e1luzo1moefklhgra4trf2va.dx.internal.cloudapp.net ip:10.1.0.40
2022-12-23 07:22:28,655 [org.apache.hadoop.util.JvmPauseMonitor$Monitor@37a4759] INFO  util.JvmPauseMonitor (JvmPauseMonitor.java:run(188)) - Starting JVM pause monitor
2022-12-23 07:22:28,657 [Datanode State Machine Task Thread - 0] INFO  datanode.InitDatanodeState (InitDatanodeState.java:persistContainerDatanodeDetails(138)) - DatanodeDetails is persisted to /home/runner/work/ozone/ozone/hadoop-ozone/integration-test/target/test-dir/MiniOzoneClusterImpl-b048efff-b978-4370-a947-e513736927f6/datanode-1/meta/datanode.id
2022-12-23 07:22:28,673 [Listener at 127.0.0.1/36139] INFO  upgrade.AbstractLayoutVersionManager (AbstractLayoutVersionManager.java:init(83)) - Initializing Layout version manager with metadata layout = DATANODE_SCHEMA_V3 (version = 4), software layout = DATANODE_SCHEMA_V3 (version = 4)
2022-12-23 07:22:28,726 [Listener at 127.0.0.1/36139] INFO  reflections.Reflections (Reflections.java:scan(232)) - Reflections took 52 ms to scan 7 urls, producing 146 keys and 348 values 
2022-12-23 07:22:28,731 [Listener at 127.0.0.1/36139] INFO  statemachine.DatanodeStateMachine (DatanodeStateMachine.java:getEndPointTaskThreadPoolSize(248)) - Datanode State Machine Task Thread Pool size 2
2022-12-23 07:22:28,737 [Listener at 127.0.0.1/36139] INFO  volume.HddsVolume (HddsVolume.java:<init>(117)) - Creating HddsVolume: /home/runner/work/ozone/ozone/hadoop-ozone/integration-test/target/test-dir/MiniOzoneClusterImpl-b048efff-b978-4370-a947-e513736927f6/datanode-2/data-0/containers/hdds of storage type : DISK capacity : 9223372036854775807
2022-12-23 07:22:28,738 [Listener at 127.0.0.1/36139] INFO  volume.MutableVolumeSet (MutableVolumeSet.java:initializeVolumeSet(174)) - Added Volume : /home/runner/work/ozone/ozone/hadoop-ozone/integration-test/target/test-dir/MiniOzoneClusterImpl-b048efff-b978-4370-a947-e513736927f6/datanode-2/data-0/containers/hdds to VolumeSet
2022-12-23 07:22:28,738 [Listener at 127.0.0.1/36139] INFO  volume.ThrottledAsyncChecker (ThrottledAsyncChecker.java:schedule(141)) - Scheduling a check for /home/runner/work/ozone/ozone/hadoop-ozone/integration-test/target/test-dir/MiniOzoneClusterImpl-b048efff-b978-4370-a947-e513736927f6/datanode-2/data-0/containers/hdds
2022-12-23 07:22:28,740 [Listener at 127.0.0.1/36139] INFO  volume.StorageVolumeChecker (StorageVolumeChecker.java:checkAllVolumes(202)) - Scheduled health check for volume /home/runner/work/ozone/ozone/hadoop-ozone/integration-test/target/test-dir/MiniOzoneClusterImpl-b048efff-b978-4370-a947-e513736927f6/datanode-2/data-0/containers/hdds
2022-12-23 07:22:28,754 [Listener at 127.0.0.1/36139] INFO  volume.MutableVolumeSet (MutableVolumeSet.java:initializeVolumeSet(174)) - Added Volume : /home/runner/work/ozone/ozone/hadoop-ozone/integration-test/target/test-dir/MiniOzoneClusterImpl-b048efff-b978-4370-a947-e513736927f6/datanode-2/data/ratis to VolumeSet
2022-12-23 07:22:28,754 [Listener at 127.0.0.1/36139] INFO  volume.ThrottledAsyncChecker (ThrottledAsyncChecker.java:schedule(141)) - Scheduling a check for /home/runner/work/ozone/ozone/hadoop-ozone/integration-test/target/test-dir/MiniOzoneClusterImpl-b048efff-b978-4370-a947-e513736927f6/datanode-2/data/ratis
2022-12-23 07:22:28,754 [Listener at 127.0.0.1/36139] INFO  volume.StorageVolumeChecker (StorageVolumeChecker.java:checkAllVolumes(202)) - Scheduled health check for volume /home/runner/work/ozone/ozone/hadoop-ozone/integration-test/target/test-dir/MiniOzoneClusterImpl-b048efff-b978-4370-a947-e513736927f6/datanode-2/data/ratis
2022-12-23 07:22:28,766 [Thread-736] INFO  ozoneimpl.ContainerReader (ContainerReader.java:readVolume(175)) - Finish verifying containers on volume /home/runner/work/ozone/ozone/hadoop-ozone/integration-test/target/test-dir/MiniOzoneClusterImpl-b048efff-b978-4370-a947-e513736927f6/datanode-2/data-0/containers/hdds
2022-12-23 07:22:28,767 [Listener at 127.0.0.1/36139] INFO  ozoneimpl.OzoneContainer (OzoneContainer.java:buildContainerSet(301)) - Build ContainerSet costs 0s
2022-12-23 07:22:28,772 [Listener at 127.0.0.1/36139] INFO  server.RaftServer (ConfUtils.java:logGet(46)) - raft.rpc.type = GRPC (default)
2022-12-23 07:22:28,772 [Listener at 127.0.0.1/36139] INFO  grpc.GrpcConfigKeys (ConfUtils.java:logFallback(53)) - raft.grpc.admin.host = null (fallback to raft.grpc.server.host)
2022-12-23 07:22:28,772 [Listener at 127.0.0.1/36139] INFO  grpc.GrpcConfigKeys (ConfUtils.java:logGet(46)) - raft.grpc.admin.port = 0 (custom)
2022-12-23 07:22:28,772 [Listener at 127.0.0.1/36139] INFO  grpc.GrpcConfigKeys (ConfUtils.java:logFallback(53)) - raft.grpc.client.host = null (fallback to raft.grpc.server.host)
2022-12-23 07:22:28,772 [Listener at 127.0.0.1/36139] INFO  grpc.GrpcConfigKeys (ConfUtils.java:logGet(46)) - raft.grpc.client.port = 0 (custom)
2022-12-23 07:22:28,773 [Listener at 127.0.0.1/36139] INFO  grpc.GrpcConfigKeys (ConfUtils.java:logGet(46)) - raft.grpc.server.host = null (default)
2022-12-23 07:22:28,778 [Listener at 127.0.0.1/36139] INFO  grpc.GrpcConfigKeys (ConfUtils.java:logGet(46)) - raft.grpc.server.port = 0 (default)
2022-12-23 07:22:28,778 [Listener at 127.0.0.1/36139] INFO  server.GrpcService (ConfUtils.java:logGet(46)) - raft.grpc.message.size.max = 32MB (=33554432) (custom)
2022-12-23 07:22:28,778 [Listener at 127.0.0.1/36139] INFO  server.RaftServerConfigKeys (ConfUtils.java:logGet(46)) - raft.server.log.appender.buffer.byte-limit = 33554432 (custom)
2022-12-23 07:22:28,778 [Listener at 127.0.0.1/36139] INFO  server.GrpcService (ConfUtils.java:logGet(46)) - raft.grpc.flow.control.window = 5MB (=5242880) (custom)
2022-12-23 07:22:28,778 [Listener at 127.0.0.1/36139] INFO  server.RaftServerConfigKeys (ConfUtils.java:logGet(46)) - raft.server.rpc.request.timeout = 60s (custom)
2022-12-23 07:22:28,778 [Listener at 127.0.0.1/36139] INFO  grpc.GrpcConfigKeys (ConfUtils.java:logGet(46)) - raft.grpc.server.heartbeat.channel = true (default)
2022-12-23 07:22:28,778 [Listener at 127.0.0.1/36139] INFO  grpc.GrpcConfigKeys (ConfUtils.java:logGet(46)) - raft.grpc.server.async.request.thread.pool.cached = true (default)
2022-12-23 07:22:28,779 [Listener at 127.0.0.1/36139] INFO  grpc.GrpcConfigKeys (ConfUtils.java:logGet(46)) - raft.grpc.server.async.request.thread.pool.size = 32 (default)
2022-12-23 07:22:28,781 [Listener at 127.0.0.1/36139] INFO  impl.DataStreamServerImpl (ConfUtils.java:logGet(46)) - raft.datastream.type = NETTY (custom)
2022-12-23 07:22:28,781 [Listener at 127.0.0.1/36139] INFO  server.RaftServerConfigKeys (ConfUtils.java:logGet(46)) - raft.server.data-stream.async.request.thread.pool.cached = false (default)
2022-12-23 07:22:28,782 [Listener at 127.0.0.1/36139] INFO  server.RaftServerConfigKeys (ConfUtils.java:logGet(46)) - raft.server.data-stream.async.request.thread.pool.size = 20 (custom)
2022-12-23 07:22:28,782 [Listener at 127.0.0.1/36139] INFO  server.RaftServerConfigKeys (ConfUtils.java:logGet(46)) - raft.server.data-stream.async.write.thread.pool.size = 16 (default)
2022-12-23 07:22:28,782 [Listener at 127.0.0.1/36139] INFO  server.RaftServerConfigKeys (ConfUtils.java:logGet(46)) - raft.server.data-stream.client.pool.size = 10 (default)
2022-12-23 07:22:28,782 [Listener at 127.0.0.1/36139] INFO  netty.NettyConfigKeys$DataStream (ConfUtils.java:logGet(46)) - raft.netty.dataStream.server.use-epoll = false (default)
2022-12-23 07:22:28,782 [Listener at 127.0.0.1/36139] INFO  netty.NettyConfigKeys$DataStream (ConfUtils.java:logGet(46)) - raft.netty.dataStream.server.boss-group.size = 0 (default)
2022-12-23 07:22:28,783 [Listener at 127.0.0.1/36139] INFO  netty.NettyConfigKeys$DataStream (ConfUtils.java:logGet(46)) - raft.netty.dataStream.server.worker-group.size = 0 (default)
2022-12-23 07:22:28,783 [Listener at 127.0.0.1/36139] INFO  netty.NettyConfigKeys$DataStream (ConfUtils.java:logGet(46)) - raft.netty.dataStream.server.tls.conf = null (default)
2022-12-23 07:22:28,783 [Listener at 127.0.0.1/36139] INFO  netty.NettyConfigKeys$DataStream (ConfUtils.java:logGet(46)) - raft.netty.dataStream.host = null (default)
2022-12-23 07:22:28,783 [Listener at 127.0.0.1/36139] INFO  netty.NettyConfigKeys$DataStream (ConfUtils.java:logGet(46)) - raft.netty.dataStream.port = 0 (default)
2022-12-23 07:22:28,784 [Listener at 127.0.0.1/36139] INFO  server.RaftServerConfigKeys (ConfUtils.java:logGet(46)) - raft.server.threadpool.proxy.cached = true (default)
2022-12-23 07:22:28,785 [Listener at 127.0.0.1/36139] INFO  server.RaftServerConfigKeys (ConfUtils.java:logGet(46)) - raft.server.threadpool.proxy.size = 0 (default)
2022-12-23 07:22:28,785 [Listener at 127.0.0.1/36139] INFO  server.RaftServerConfigKeys (ConfUtils.java:logGet(46)) - raft.server.rpc.slowness.timeout = 300s (custom)
2022-12-23 07:22:28,785 [Listener at 127.0.0.1/36139] INFO  server.RaftServerConfigKeys (ConfUtils.java:logGet(46)) - raft.server.leaderelection.leader.step-down.wait-time = 10s (default)
2022-12-23 07:22:28,785 [Listener at 127.0.0.1/36139] INFO  server.RaftServerConfigKeys (ConfUtils.java:logGet(46)) - raft.server.storage.dir = [/home/runner/work/ozone/ozone/hadoop-ozone/integration-test/target/test-dir/MiniOzoneClusterImpl-b048efff-b978-4370-a947-e513736927f6/datanode-2/data/ratis] (custom)
2022-12-23 07:22:28,786 [b08f5f88-5074-48f5-ac81-6aa5dd632f85-NettyServerStreamRpc-bossGroup--thread1] INFO  logging.LoggingHandler (AbstractInternalLogger.java:log(148)) - [id: 0xded8c302] REGISTERED
2022-12-23 07:22:28,786 [b08f5f88-5074-48f5-ac81-6aa5dd632f85-NettyServerStreamRpc-bossGroup--thread1] INFO  logging.LoggingHandler (AbstractInternalLogger.java:log(148)) - [id: 0xded8c302] BIND: 0.0.0.0/0.0.0.0:0
2022-12-23 07:22:28,786 [b08f5f88-5074-48f5-ac81-6aa5dd632f85-NettyServerStreamRpc-bossGroup--thread1] INFO  logging.LoggingHandler (AbstractInternalLogger.java:log(148)) - [id: 0xded8c302, L:/0:0:0:0:0:0:0:0:32937] ACTIVE
2022-12-23 07:22:28,787 [Listener at 127.0.0.1/36139] INFO  server.XceiverServerGrpc (XceiverServerGrpc.java:<init>(132)) - GrpcServer channel type EpollServerSocketChannel
2022-12-23 07:22:28,790 [Listener at 127.0.0.1/36139] INFO  http.BaseHttpServer (BaseHttpServer.java:newHttpServer2BuilderForOzone(213)) - Starting Web-server for hddsDatanode at: http://0.0.0.0:0
2022-12-23 07:22:28,790 [Listener at 127.0.0.1/36139] INFO  http.BaseHttpServer (BaseHttpServer.java:<init>(108)) - Hadoop Security Enabled: false Ozone Security Enabled: false Ozone HTTP Security Enabled: false 
2022-12-23 07:22:28,792 [Listener at 127.0.0.1/36139] WARN  server.AuthenticationFilter (AuthenticationFilter.java:constructSecretProvider(240)) - Unable to initialize FileSignerSecretProvider, falling back to use random secrets. Reason: Could not read signature secret file: /home/runner/hadoop-http-auth-signature-secret
2022-12-23 07:22:28,793 [Listener at 127.0.0.1/36139] WARN  http.HttpRequestLog (HttpRequestLog.java:getRequestLog(103)) - Jetty request log can only be enabled using Log4j
2022-12-23 07:22:28,795 [Listener at 127.0.0.1/36139] INFO  http.HttpServer2 (HttpServer2.java:addGlobalFilter(1031)) - Added global filter 'safety' (class=org.apache.hadoop.hdds.server.http.HttpServer2$QuotingInputFilter)
2022-12-23 07:22:28,796 [Listener at 127.0.0.1/36139] INFO  http.HttpServer2 (HttpServer2.java:addFilter(1007)) - Added filter static_user_filter (class=org.apache.hadoop.http.lib.StaticUserWebFilter$StaticUserFilter) to context hddsDatanode
2022-12-23 07:22:28,796 [Listener at 127.0.0.1/36139] INFO  http.HttpServer2 (HttpServer2.java:addFilter(1015)) - Added filter static_user_filter (class=org.apache.hadoop.http.lib.StaticUserWebFilter$StaticUserFilter) to context logs
2022-12-23 07:22:28,796 [Listener at 127.0.0.1/36139] INFO  http.HttpServer2 (HttpServer2.java:addFilter(1015)) - Added filter static_user_filter (class=org.apache.hadoop.http.lib.StaticUserWebFilter$StaticUserFilter) to context static
2022-12-23 07:22:28,797 [Listener at 127.0.0.1/36139] INFO  http.HttpServer2 (HttpServer2.java:bindListener(1250)) - Jetty bound to port 43955
2022-12-23 07:22:28,797 [Listener at 127.0.0.1/36139] INFO  server.Server (Server.java:doStart(375)) - jetty-9.4.49.v20220914; built: 2022-09-14T01:07:36.601Z; git: 4231a3b2e4cb8548a412a789936d640a97b1aa0a; jvm 1.8.0_352-b08
2022-12-23 07:22:28,798 [Listener at 127.0.0.1/36139] INFO  server.session (DefaultSessionIdManager.java:doStart(334)) - DefaultSessionIdManager workerName=node0
2022-12-23 07:22:28,798 [Listener at 127.0.0.1/36139] INFO  server.session (DefaultSessionIdManager.java:doStart(339)) - No SessionScavenger set, using defaults
2022-12-23 07:22:28,799 [Listener at 127.0.0.1/36139] INFO  server.session (HouseKeeper.java:startScavenging(132)) - node0 Scavenging every 600000ms
2022-12-23 07:22:28,800 [Listener at 127.0.0.1/36139] INFO  handler.ContextHandler (ContextHandler.java:doStart(921)) - Started o.e.j.s.ServletContextHandler@79684d08{logs,/logs,file:///home/runner/work/ozone/ozone/hadoop-ozone/integration-test/target/log,AVAILABLE}
2022-12-23 07:22:28,801 [Listener at 127.0.0.1/36139] INFO  handler.ContextHandler (ContextHandler.java:doStart(921)) - Started o.e.j.s.ServletContextHandler@4a69f13f{static,/static,jar:file:/home/runner/.m2/repository/org/apache/ozone/hdds-container-service/1.3.0-SNAPSHOT/hdds-container-service-1.3.0-SNAPSHOT.jar!/webapps/static,AVAILABLE}
2022-12-23 07:22:28,993 [Listener at 127.0.0.1/36139] INFO  handler.ContextHandler (ContextHandler.java:doStart(921)) - Started o.e.j.w.WebAppContext@6aecf059{hddsDatanode,/,file:///tmp/jetty-0_0_0_0-43955-hdds-container-service-1_3_0-SNAPSHOT_jar-_-any-5822535033897876388/webapp/,AVAILABLE}{jar:file:/home/runner/.m2/repository/org/apache/ozone/hdds-container-service/1.3.0-SNAPSHOT/hdds-container-service-1.3.0-SNAPSHOT.jar!/webapps/hddsDatanode}
2022-12-23 07:22:28,995 [Listener at 127.0.0.1/36139] INFO  server.AbstractConnector (AbstractConnector.java:doStart(333)) - Started ServerConnector@5f382a22{HTTP/1.1, (http/1.1)}{0.0.0.0:43955}
2022-12-23 07:22:28,996 [Listener at 127.0.0.1/36139] INFO  server.Server (Server.java:doStart(415)) - Started @49955ms
2022-12-23 07:22:28,996 [Listener at 127.0.0.1/36139] WARN  impl.MetricsSystemImpl (MetricsSystemImpl.java:register(279)) - Sink prometheus already exists!
2022-12-23 07:22:28,996 [Listener at 127.0.0.1/36139] INFO  http.BaseHttpServer (BaseHttpServer.java:updateConnectorAddress(333)) - HTTP server of hddsDatanode listening at http://0.0.0.0:43955
2022-12-23 07:22:28,997 [Datanode State Machine Daemon Thread] INFO  statemachine.DatanodeStateMachine (DatanodeStateMachine.java:lambda$startDaemon$0(508)) - Ozone container server started.
2022-12-23 07:22:29,001 [Listener at 127.0.0.1/36139] INFO  ozone.MiniOzoneClusterImpl (MiniOzoneClusterImpl.java:lambda$waitForClusterToBeReady$0(217)) - Waiting for nodes to be ready. Got 0 of 3 DN Heartbeats.
2022-12-23 07:22:29,002 [Listener at 127.0.0.1/36139] INFO  ozone.MiniOzoneClusterImpl (MiniOzoneClusterImpl.java:lambda$waitForClusterToBeReady$0(220)) - Waiting for cluster to exit safe mode
2022-12-23 07:22:29,002 [Listener at 127.0.0.1/36139] INFO  ozone.MiniOzoneClusterImpl (MiniOzoneClusterImpl.java:lambda$waitForClusterToBeReady$0(222)) - SCM became leader
2022-12-23 07:22:29,002 [org.apache.hadoop.util.JvmPauseMonitor$Monitor@704953db] INFO  util.JvmPauseMonitor (JvmPauseMonitor.java:run(188)) - Starting JVM pause monitor
2022-12-23 07:22:29,004 [Datanode State Machine Task Thread - 0] INFO  datanode.InitDatanodeState (InitDatanodeState.java:persistContainerDatanodeDetails(138)) - DatanodeDetails is persisted to /home/runner/work/ozone/ozone/hadoop-ozone/integration-test/target/test-dir/MiniOzoneClusterImpl-b048efff-b978-4370-a947-e513736927f6/datanode-2/meta/datanode.id
2022-12-23 07:22:29,019 [om1@group-C5BA1605619E-FollowerState] INFO  impl.FollowerState (FollowerState.java:run(143)) - om1@group-C5BA1605619E-FollowerState: change to CANDIDATE, lastRpcElapsedTime:1161334622ns, electionTimeout:1160ms
2022-12-23 07:22:29,019 [om1@group-C5BA1605619E-FollowerState] INFO  impl.RoleInfo (RoleInfo.java:shutdownFollowerState(110)) - om1: shutdown om1@group-C5BA1605619E-FollowerState
2022-12-23 07:22:29,020 [om1@group-C5BA1605619E-FollowerState] INFO  server.RaftServer$Division (RaftServerImpl.java:setRole(321)) - om1@group-C5BA1605619E: changes role from  FOLLOWER to CANDIDATE at term 0 for changeToCandidate
2022-12-23 07:22:29,020 [om1@group-C5BA1605619E-FollowerState] INFO  server.RaftServerConfigKeys (ConfUtils.java:logGet(46)) - raft.server.leaderelection.pre-vote = false (custom)
2022-12-23 07:22:29,020 [om1@group-C5BA1605619E-FollowerState] INFO  impl.RoleInfo (RoleInfo.java:updateAndGet(139)) - om1: start om1@group-C5BA1605619E-LeaderElection13
2022-12-23 07:22:29,025 [om1@group-C5BA1605619E-LeaderElection13] INFO  impl.LeaderElection (LeaderElection.java:askForVotes(312)) - om1@group-C5BA1605619E-LeaderElection13 ELECTION round 0: submit vote requests at term 1 for -1: peers:[om1|rpc:localhost:9872|priority:0|startupRole:FOLLOWER]|listeners:[], old=null
2022-12-23 07:22:29,026 [om1@group-C5BA1605619E-LeaderElection13] INFO  impl.LeaderElection (LeaderElection.java:askForVotes(314)) - om1@group-C5BA1605619E-LeaderElection13 ELECTION round 0: result PASSED (term=1)
2022-12-23 07:22:29,026 [om1@group-C5BA1605619E-LeaderElection13] INFO  impl.RoleInfo (RoleInfo.java:shutdownLeaderElection(130)) - om1: shutdown om1@group-C5BA1605619E-LeaderElection13
2022-12-23 07:22:29,026 [om1@group-C5BA1605619E-LeaderElection13] INFO  server.RaftServer$Division (RaftServerImpl.java:setRole(321)) - om1@group-C5BA1605619E: changes role from CANDIDATE to LEADER at term 1 for changeToLeader
2022-12-23 07:22:29,026 [om1@group-C5BA1605619E-LeaderElection13] INFO  server.RaftServer$Division (ServerState.java:setLeader(313)) - om1@group-C5BA1605619E: change Leader from null to om1 at term 1 for becomeLeader, leader elected after 1687ms
2022-12-23 07:22:29,026 [om1@group-C5BA1605619E-LeaderElection13] INFO  server.RaftServerConfigKeys (ConfUtils.java:logGet(46)) - raft.server.staging.catchup.gap = 1000 (default)
2022-12-23 07:22:29,026 [om1@group-C5BA1605619E-LeaderElection13] INFO  server.RaftServerConfigKeys (ConfUtils.java:logGet(46)) - raft.server.write.element-limit = 4096 (default)
2022-12-23 07:22:29,026 [om1@group-C5BA1605619E-LeaderElection13] INFO  server.RaftServerConfigKeys (ConfUtils.java:logGet(46)) - raft.server.write.byte-limit = 64MB (=67108864) (default)
2022-12-23 07:22:29,026 [om1@group-C5BA1605619E-LeaderElection13] INFO  server.RaftServerConfigKeys (ConfUtils.java:logGet(46)) - raft.server.watch.timeout = 10s (default)
2022-12-23 07:22:29,026 [om1@group-C5BA1605619E-LeaderElection13] INFO  server.RaftServerConfigKeys (ConfUtils.java:logGet(46)) - raft.server.watch.timeout.denomination = 1s (default)
2022-12-23 07:22:29,026 [om1@group-C5BA1605619E-LeaderElection13] INFO  server.RaftServerConfigKeys (ConfUtils.java:logGet(46)) - raft.server.watch.element-limit = 65536 (default)
2022-12-23 07:22:29,027 [om1@group-C5BA1605619E-LeaderElection13] INFO  server.RaftServerConfigKeys (ConfUtils.java:logGet(46)) - raft.server.write.element-limit = 4096 (default)
2022-12-23 07:22:29,027 [om1@group-C5BA1605619E-LeaderElection13] INFO  server.RaftServerConfigKeys (ConfUtils.java:logGet(46)) - raft.server.write.follower.gap.ratio.max = -1.0 (default)
2022-12-23 07:22:29,027 [om1@group-C5BA1605619E-LeaderElection13] INFO  impl.RoleInfo (RoleInfo.java:updateAndGet(139)) - om1: start om1@group-C5BA1605619E-LeaderStateImpl
2022-12-23 07:22:29,027 [om1@group-C5BA1605619E-LeaderElection13] INFO  segmented.SegmentedRaftLogWorker (SegmentedRaftLogWorker.java:startLogSegment(452)) - om1@group-C5BA1605619E-SegmentedRaftLogWorker: Starting segment from index:0
2022-12-23 07:22:29,038 [om1@group-C5BA1605619E-LeaderElection13] INFO  server.RaftServer$Division (ServerState.java:setRaftConf(430)) - om1@group-C5BA1605619E: set configuration 0: peers:[om1|rpc:localhost:9872|admin:|client:|dataStream:|priority:0|startupRole:FOLLOWER]|listeners:[], old=null
2022-12-23 07:22:29,039 [om1@group-C5BA1605619E-SegmentedRaftLogWorker] INFO  segmented.SegmentedRaftLogWorker (SegmentedRaftLogWorker.java:execute(656)) - om1@group-C5BA1605619E-SegmentedRaftLogWorker: created new log segment /home/runner/work/ozone/ozone/hadoop-ozone/integration-test/target/test-dir/MiniOzoneClusterImpl-b048efff-b978-4370-a947-e513736927f6/ozone-meta/ratis/bf265839-605b-3f16-9796-c5ba1605619e/current/log_inprogress_0
2022-12-23 07:22:29,041 [om1@group-C5BA1605619E-StateMachineUpdater] INFO  ratis.OzoneManagerStateMachine (OzoneManagerStateMachine.java:notifyConfigurationChanged(192)) - Received Configuration change notification from Ratis. New Peer list:
[id: "om1"
address: "localhost:9872"
startupRole: FOLLOWER
]
2022-12-23 07:22:30,002 [Listener at 127.0.0.1/36139] INFO  ozone.MiniOzoneClusterImpl (MiniOzoneClusterImpl.java:lambda$waitForClusterToBeReady$0(217)) - Waiting for nodes to be ready. Got 0 of 3 DN Heartbeats.
2022-12-23 07:22:30,002 [Listener at 127.0.0.1/36139] INFO  ozone.MiniOzoneClusterImpl (MiniOzoneClusterImpl.java:lambda$waitForClusterToBeReady$0(220)) - Waiting for cluster to exit safe mode
2022-12-23 07:22:30,002 [Listener at 127.0.0.1/36139] INFO  ozone.MiniOzoneClusterImpl (MiniOzoneClusterImpl.java:lambda$waitForClusterToBeReady$0(222)) - SCM became leader
2022-12-23 07:22:30,324 [EndpointStateMachine task thread for /0.0.0.0:33369 - 0 ] INFO  utils.DatanodeStoreCache (DatanodeStoreCache.java:addDB(58)) - Added db /home/runner/work/ozone/ozone/hadoop-ozone/integration-test/target/test-dir/MiniOzoneClusterImpl-b048efff-b978-4370-a947-e513736927f6/datanode-0/data-0/containers/hdds/b048efff-b978-4370-a947-e513736927f6/DS-ec8c3d8a-874d-49f8-ae89-af2e013f0a92/container.db to cache
2022-12-23 07:22:30,325 [EndpointStateMachine task thread for /0.0.0.0:33369 - 0 ] INFO  volume.HddsVolume (HddsVolume.java:createDbStore(307)) - SchemaV3 db is created and loaded at /home/runner/work/ozone/ozone/hadoop-ozone/integration-test/target/test-dir/MiniOzoneClusterImpl-b048efff-b978-4370-a947-e513736927f6/datanode-0/data-0/containers/hdds/b048efff-b978-4370-a947-e513736927f6/DS-ec8c3d8a-874d-49f8-ae89-af2e013f0a92/container.db for volume DS-ec8c3d8a-874d-49f8-ae89-af2e013f0a92
2022-12-23 07:22:30,325 [EndpointStateMachine task thread for /0.0.0.0:33369 - 0 ] INFO  ozoneimpl.OzoneContainer (OzoneContainer.java:start(395)) - Attempting to start container services.
2022-12-23 07:22:30,325 [EndpointStateMachine task thread for /0.0.0.0:33369 - 0 ] INFO  ozoneimpl.OzoneContainer (OzoneContainer.java:startContainerScrub(312)) - Scheduled background container scanners and the on-demand container scanner have been disabled.
2022-12-23 07:22:30,326 [EndpointStateMachine task thread for /0.0.0.0:33369 - 0 ] INFO  replication.ReplicationServer (ReplicationServer.java:start(106)) - ReplicationServer is started using port 38947
2022-12-23 07:22:30,326 [EndpointStateMachine task thread for /0.0.0.0:33369 - 0 ] INFO  ratis.XceiverServerRatis (XceiverServerRatis.java:start(517)) - Starting XceiverServerRatis c9ddfccf-4e48-411f-a985-9c78b2030ee9
2022-12-23 07:22:30,327 [EndpointStateMachine task thread for /0.0.0.0:33369 - 0 ] INFO  server.RaftServer (RaftServerProxy.java:startImpl(393)) - c9ddfccf-4e48-411f-a985-9c78b2030ee9: start RPC server
2022-12-23 07:22:30,328 [EndpointStateMachine task thread for /0.0.0.0:33369 - 0 ] INFO  server.GrpcService (GrpcService.java:startImpl(262)) - c9ddfccf-4e48-411f-a985-9c78b2030ee9: GrpcService started, listening on 36669
2022-12-23 07:22:30,328 [EndpointStateMachine task thread for /0.0.0.0:33369 - 0 ] INFO  ratis.XceiverServerRatis (XceiverServerRatis.java:getRealPort(543)) - XceiverServerRatis c9ddfccf-4e48-411f-a985-9c78b2030ee9 is started using port 36669 for RATIS
2022-12-23 07:22:30,328 [EndpointStateMachine task thread for /0.0.0.0:33369 - 0 ] INFO  ratis.XceiverServerRatis (XceiverServerRatis.java:getRealPort(543)) - XceiverServerRatis c9ddfccf-4e48-411f-a985-9c78b2030ee9 is started using port 36669 for RATIS_ADMIN
2022-12-23 07:22:30,328 [JvmPauseMonitor9] INFO  util.JvmPauseMonitor (JvmPauseMonitor.java:run(105)) - JvmPauseMonitor-c9ddfccf-4e48-411f-a985-9c78b2030ee9: Started
2022-12-23 07:22:30,328 [EndpointStateMachine task thread for /0.0.0.0:33369 - 0 ] INFO  ratis.XceiverServerRatis (XceiverServerRatis.java:getRealPort(543)) - XceiverServerRatis c9ddfccf-4e48-411f-a985-9c78b2030ee9 is started using port 36669 for RATIS_SERVER
2022-12-23 07:22:30,328 [EndpointStateMachine task thread for /0.0.0.0:33369 - 0 ] INFO  ratis.XceiverServerRatis (XceiverServerRatis.java:getRealPort(543)) - XceiverServerRatis c9ddfccf-4e48-411f-a985-9c78b2030ee9 is started using port 44285 for RATIS_DATASTREAM
2022-12-23 07:22:30,329 [EndpointStateMachine task thread for /0.0.0.0:33369 - 0 ] INFO  server.XceiverServerGrpc (XceiverServerGrpc.java:start(180)) - XceiverServerGrpc c9ddfccf-4e48-411f-a985-9c78b2030ee9 is started using port 33565
2022-12-23 07:22:30,689 [EndpointStateMachine task thread for /0.0.0.0:33369 - 0 ] INFO  utils.DatanodeStoreCache (DatanodeStoreCache.java:addDB(58)) - Added db /home/runner/work/ozone/ozone/hadoop-ozone/integration-test/target/test-dir/MiniOzoneClusterImpl-b048efff-b978-4370-a947-e513736927f6/datanode-1/data-0/containers/hdds/b048efff-b978-4370-a947-e513736927f6/DS-c9bbf875-7c61-4bf9-bc0c-513a0c68e51d/container.db to cache
2022-12-23 07:22:30,689 [EndpointStateMachine task thread for /0.0.0.0:33369 - 0 ] INFO  volume.HddsVolume (HddsVolume.java:createDbStore(307)) - SchemaV3 db is created and loaded at /home/runner/work/ozone/ozone/hadoop-ozone/integration-test/target/test-dir/MiniOzoneClusterImpl-b048efff-b978-4370-a947-e513736927f6/datanode-1/data-0/containers/hdds/b048efff-b978-4370-a947-e513736927f6/DS-c9bbf875-7c61-4bf9-bc0c-513a0c68e51d/container.db for volume DS-c9bbf875-7c61-4bf9-bc0c-513a0c68e51d
2022-12-23 07:22:30,689 [EndpointStateMachine task thread for /0.0.0.0:33369 - 0 ] INFO  ozoneimpl.OzoneContainer (OzoneContainer.java:start(395)) - Attempting to start container services.
2022-12-23 07:22:30,689 [EndpointStateMachine task thread for /0.0.0.0:33369 - 0 ] INFO  ozoneimpl.OzoneContainer (OzoneContainer.java:startContainerScrub(312)) - Scheduled background container scanners and the on-demand container scanner have been disabled.
2022-12-23 07:22:30,690 [EndpointStateMachine task thread for /0.0.0.0:33369 - 0 ] INFO  replication.ReplicationServer (ReplicationServer.java:start(106)) - ReplicationServer is started using port 46051
2022-12-23 07:22:30,691 [EndpointStateMachine task thread for /0.0.0.0:33369 - 0 ] INFO  ratis.XceiverServerRatis (XceiverServerRatis.java:start(517)) - Starting XceiverServerRatis 122e07b3-5337-411b-bbd2-8c7328b2790d
2022-12-23 07:22:30,693 [EndpointStateMachine task thread for /0.0.0.0:33369 - 0 ] INFO  server.RaftServer (RaftServerProxy.java:startImpl(393)) - 122e07b3-5337-411b-bbd2-8c7328b2790d: start RPC server
2022-12-23 07:22:30,694 [EndpointStateMachine task thread for /0.0.0.0:33369 - 0 ] INFO  server.GrpcService (GrpcService.java:startImpl(262)) - 122e07b3-5337-411b-bbd2-8c7328b2790d: GrpcService started, listening on 33187
2022-12-23 07:22:30,695 [EndpointStateMachine task thread for /0.0.0.0:33369 - 0 ] INFO  ratis.XceiverServerRatis (XceiverServerRatis.java:getRealPort(543)) - XceiverServerRatis 122e07b3-5337-411b-bbd2-8c7328b2790d is started using port 33187 for RATIS
2022-12-23 07:22:30,695 [EndpointStateMachine task thread for /0.0.0.0:33369 - 0 ] INFO  ratis.XceiverServerRatis (XceiverServerRatis.java:getRealPort(543)) - XceiverServerRatis 122e07b3-5337-411b-bbd2-8c7328b2790d is started using port 33187 for RATIS_ADMIN
2022-12-23 07:22:30,695 [EndpointStateMachine task thread for /0.0.0.0:33369 - 0 ] INFO  ratis.XceiverServerRatis (XceiverServerRatis.java:getRealPort(543)) - XceiverServerRatis 122e07b3-5337-411b-bbd2-8c7328b2790d is started using port 33187 for RATIS_SERVER
2022-12-23 07:22:30,695 [EndpointStateMachine task thread for /0.0.0.0:33369 - 0 ] INFO  ratis.XceiverServerRatis (XceiverServerRatis.java:getRealPort(543)) - XceiverServerRatis 122e07b3-5337-411b-bbd2-8c7328b2790d is started using port 35899 for RATIS_DATASTREAM
2022-12-23 07:22:30,695 [JvmPauseMonitor10] INFO  util.JvmPauseMonitor (JvmPauseMonitor.java:run(105)) - JvmPauseMonitor-122e07b3-5337-411b-bbd2-8c7328b2790d: Started
2022-12-23 07:22:30,697 [EndpointStateMachine task thread for /0.0.0.0:33369 - 0 ] INFO  server.XceiverServerGrpc (XceiverServerGrpc.java:start(180)) - XceiverServerGrpc 122e07b3-5337-411b-bbd2-8c7328b2790d is started using port 40985
2022-12-23 07:22:31,003 [Listener at 127.0.0.1/36139] INFO  ozone.MiniOzoneClusterImpl (MiniOzoneClusterImpl.java:lambda$waitForClusterToBeReady$0(217)) - Waiting for nodes to be ready. Got 0 of 3 DN Heartbeats.
2022-12-23 07:22:31,003 [Listener at 127.0.0.1/36139] INFO  ozone.MiniOzoneClusterImpl (MiniOzoneClusterImpl.java:lambda$waitForClusterToBeReady$0(220)) - Waiting for cluster to exit safe mode
2022-12-23 07:22:31,003 [Listener at 127.0.0.1/36139] INFO  ozone.MiniOzoneClusterImpl (MiniOzoneClusterImpl.java:lambda$waitForClusterToBeReady$0(222)) - SCM became leader
2022-12-23 07:22:31,049 [EndpointStateMachine task thread for /0.0.0.0:33369 - 0 ] INFO  utils.DatanodeStoreCache (DatanodeStoreCache.java:addDB(58)) - Added db /home/runner/work/ozone/ozone/hadoop-ozone/integration-test/target/test-dir/MiniOzoneClusterImpl-b048efff-b978-4370-a947-e513736927f6/datanode-2/data-0/containers/hdds/b048efff-b978-4370-a947-e513736927f6/DS-a235ffec-be40-4bd1-80ef-2d789c2919a5/container.db to cache
2022-12-23 07:22:31,049 [EndpointStateMachine task thread for /0.0.0.0:33369 - 0 ] INFO  volume.HddsVolume (HddsVolume.java:createDbStore(307)) - SchemaV3 db is created and loaded at /home/runner/work/ozone/ozone/hadoop-ozone/integration-test/target/test-dir/MiniOzoneClusterImpl-b048efff-b978-4370-a947-e513736927f6/datanode-2/data-0/containers/hdds/b048efff-b978-4370-a947-e513736927f6/DS-a235ffec-be40-4bd1-80ef-2d789c2919a5/container.db for volume DS-a235ffec-be40-4bd1-80ef-2d789c2919a5
2022-12-23 07:22:31,049 [EndpointStateMachine task thread for /0.0.0.0:33369 - 0 ] INFO  ozoneimpl.OzoneContainer (OzoneContainer.java:start(395)) - Attempting to start container services.
2022-12-23 07:22:31,050 [EndpointStateMachine task thread for /0.0.0.0:33369 - 0 ] INFO  ozoneimpl.OzoneContainer (OzoneContainer.java:startContainerScrub(312)) - Scheduled background container scanners and the on-demand container scanner have been disabled.
2022-12-23 07:22:31,051 [EndpointStateMachine task thread for /0.0.0.0:33369 - 0 ] INFO  replication.ReplicationServer (ReplicationServer.java:start(106)) - ReplicationServer is started using port 44223
2022-12-23 07:22:31,052 [EndpointStateMachine task thread for /0.0.0.0:33369 - 0 ] INFO  ratis.XceiverServerRatis (XceiverServerRatis.java:start(517)) - Starting XceiverServerRatis b08f5f88-5074-48f5-ac81-6aa5dd632f85
2022-12-23 07:22:31,052 [EndpointStateMachine task thread for /0.0.0.0:33369 - 0 ] INFO  server.RaftServer (RaftServerProxy.java:startImpl(393)) - b08f5f88-5074-48f5-ac81-6aa5dd632f85: start RPC server
2022-12-23 07:22:31,057 [EndpointStateMachine task thread for /0.0.0.0:33369 - 0 ] INFO  server.GrpcService (GrpcService.java:startImpl(262)) - b08f5f88-5074-48f5-ac81-6aa5dd632f85: GrpcService started, listening on 35433
2022-12-23 07:22:31,057 [EndpointStateMachine task thread for /0.0.0.0:33369 - 0 ] INFO  ratis.XceiverServerRatis (XceiverServerRatis.java:getRealPort(543)) - XceiverServerRatis b08f5f88-5074-48f5-ac81-6aa5dd632f85 is started using port 35433 for RATIS
2022-12-23 07:22:31,057 [JvmPauseMonitor11] INFO  util.JvmPauseMonitor (JvmPauseMonitor.java:run(105)) - JvmPauseMonitor-b08f5f88-5074-48f5-ac81-6aa5dd632f85: Started
2022-12-23 07:22:31,057 [EndpointStateMachine task thread for /0.0.0.0:33369 - 0 ] INFO  ratis.XceiverServerRatis (XceiverServerRatis.java:getRealPort(543)) - XceiverServerRatis b08f5f88-5074-48f5-ac81-6aa5dd632f85 is started using port 35433 for RATIS_ADMIN
2022-12-23 07:22:31,059 [EndpointStateMachine task thread for /0.0.0.0:33369 - 0 ] INFO  ratis.XceiverServerRatis (XceiverServerRatis.java:getRealPort(543)) - XceiverServerRatis b08f5f88-5074-48f5-ac81-6aa5dd632f85 is started using port 35433 for RATIS_SERVER
2022-12-23 07:22:31,059 [EndpointStateMachine task thread for /0.0.0.0:33369 - 0 ] INFO  ratis.XceiverServerRatis (XceiverServerRatis.java:getRealPort(543)) - XceiverServerRatis b08f5f88-5074-48f5-ac81-6aa5dd632f85 is started using port 32937 for RATIS_DATASTREAM
2022-12-23 07:22:31,061 [EndpointStateMachine task thread for /0.0.0.0:33369 - 0 ] INFO  server.XceiverServerGrpc (XceiverServerGrpc.java:start(180)) - XceiverServerGrpc b08f5f88-5074-48f5-ac81-6aa5dd632f85 is started using port 40569
2022-12-23 07:22:32,003 [Listener at 127.0.0.1/36139] INFO  ozone.MiniOzoneClusterImpl (MiniOzoneClusterImpl.java:lambda$waitForClusterToBeReady$0(217)) - Waiting for nodes to be ready. Got 0 of 3 DN Heartbeats.
2022-12-23 07:22:32,004 [Listener at 127.0.0.1/36139] INFO  ozone.MiniOzoneClusterImpl (MiniOzoneClusterImpl.java:lambda$waitForClusterToBeReady$0(220)) - Waiting for cluster to exit safe mode
2022-12-23 07:22:32,004 [Listener at 127.0.0.1/36139] INFO  ozone.MiniOzoneClusterImpl (MiniOzoneClusterImpl.java:lambda$waitForClusterToBeReady$0(222)) - SCM became leader
2022-12-23 07:22:32,288 [IPC Server handler 0 on default port 33369] INFO  net.NetworkTopologyImpl (NetworkTopologyImpl.java:add(112)) - Added a new node: /default-rack/c9ddfccf-4e48-411f-a985-9c78b2030ee9
2022-12-23 07:22:32,288 [IPC Server handler 0 on default port 33369] INFO  node.SCMNodeManager (SCMNodeManager.java:register(397)) - Registered Data node : c9ddfccf-4e48-411f-a985-9c78b2030ee9{ip: 10.1.0.40, host: fv-az505-480.g2e1luzo1moefklhgra4trf2va.dx.internal.cloudapp.net, ports: [REPLICATION=38947, RATIS=36669, RATIS_ADMIN=36669, RATIS_SERVER=36669, RATIS_DATASTREAM=44285, STANDALONE=33565], networkLocation: /default-rack, certSerialId: null, persistedOpState: null, persistedOpStateExpiryEpochSec: 0}
2022-12-23 07:22:32,291 [EventQueue-NewNodeForNewNodeHandler] INFO  pipeline.BackgroundPipelineCreator (BackgroundPipelineCreator.java:notifyEventTriggered(276)) - trigger a one-shot run on RatisPipelineUtilsThread.
2022-12-23 07:22:32,291 [RatisPipelineUtilsThread - 0] INFO  pipeline.RatisPipelineProvider (RatisPipelineProvider.java:lambda$create$0(206)) - Sending CreatePipelineCommand for pipeline:PipelineID=1a038d8e-1b48-4cd4-9116-5e95362f0768 to datanode:c9ddfccf-4e48-411f-a985-9c78b2030ee9
2022-12-23 07:22:32,291 [EventQueue-NodeRegistrationContainerReportForContainerSafeModeRule] INFO  safemode.SCMSafeModeManager (SCMSafeModeManager.java:validateSafeModeExitRules(200)) - ContainerSafeModeRule rule is successfully validated
2022-12-23 07:22:32,292 [EventQueue-NodeRegistrationContainerReportForDataNodeSafeModeRule] INFO  safemode.SCMSafeModeManager (DataNodeSafeModeRule.java:process(71)) - SCM in safe mode. 1 DataNodes registered, 3 required.
2022-12-23 07:22:32,292 [RatisPipelineUtilsThread - 0] INFO  pipeline.PipelineStateManagerImpl (PipelineStateManagerImpl.java:addPipeline(103)) - Created pipeline Pipeline[ Id: 1a038d8e-1b48-4cd4-9116-5e95362f0768, Nodes: c9ddfccf-4e48-411f-a985-9c78b2030ee9{ip: 10.1.0.40, host: fv-az505-480.g2e1luzo1moefklhgra4trf2va.dx.internal.cloudapp.net, ports: [REPLICATION=38947, RATIS=36669, RATIS_ADMIN=36669, RATIS_SERVER=36669, RATIS_DATASTREAM=44285, STANDALONE=33565], networkLocation: /default-rack, certSerialId: null, persistedOpState: IN_SERVICE, persistedOpStateExpiryEpochSec: 0}, ReplicationConfig: RATIS/ONE, State:ALLOCATED, leaderId:, CreationTimestamp2022-12-23T07:22:32.291Z[Etc/UTC]].
2022-12-23 07:22:32,299 [EventQueue-PipelineReportForOneReplicaPipelineSafeModeRule] INFO  safemode.SCMSafeModeManager (SCMSafeModeManager.java:validateSafeModeExitRules(200)) - AtleastOneDatanodeReportedRule rule is successfully validated
2022-12-23 07:22:32,656 [IPC Server handler 1 on default port 33369] INFO  net.NetworkTopologyImpl (NetworkTopologyImpl.java:add(112)) - Added a new node: /default-rack/122e07b3-5337-411b-bbd2-8c7328b2790d
2022-12-23 07:22:32,657 [IPC Server handler 1 on default port 33369] INFO  node.SCMNodeManager (SCMNodeManager.java:register(397)) - Registered Data node : 122e07b3-5337-411b-bbd2-8c7328b2790d{ip: 10.1.0.40, host: fv-az505-480.g2e1luzo1moefklhgra4trf2va.dx.internal.cloudapp.net, ports: [REPLICATION=46051, RATIS=33187, RATIS_ADMIN=33187, RATIS_SERVER=33187, RATIS_DATASTREAM=35899, STANDALONE=40985], networkLocation: /default-rack, certSerialId: null, persistedOpState: null, persistedOpStateExpiryEpochSec: 0}
2022-12-23 07:22:32,657 [EventQueue-NewNodeForNewNodeHandler] INFO  pipeline.BackgroundPipelineCreator (BackgroundPipelineCreator.java:notifyEventTriggered(276)) - trigger a one-shot run on RatisPipelineUtilsThread.
2022-12-23 07:22:32,658 [RatisPipelineUtilsThread - 0] INFO  pipeline.RatisPipelineProvider (RatisPipelineProvider.java:lambda$create$0(206)) - Sending CreatePipelineCommand for pipeline:PipelineID=34970a19-31cb-4533-b6a7-91bc1cd9545f to datanode:122e07b3-5337-411b-bbd2-8c7328b2790d
2022-12-23 07:22:32,658 [RatisPipelineUtilsThread - 0] INFO  pipeline.PipelineStateManagerImpl (PipelineStateManagerImpl.java:addPipeline(103)) - Created pipeline Pipeline[ Id: 34970a19-31cb-4533-b6a7-91bc1cd9545f, Nodes: 122e07b3-5337-411b-bbd2-8c7328b2790d{ip: 10.1.0.40, host: fv-az505-480.g2e1luzo1moefklhgra4trf2va.dx.internal.cloudapp.net, ports: [REPLICATION=46051, RATIS=33187, RATIS_ADMIN=33187, RATIS_SERVER=33187, RATIS_DATASTREAM=35899, STANDALONE=40985], networkLocation: /default-rack, certSerialId: null, persistedOpState: IN_SERVICE, persistedOpStateExpiryEpochSec: 0}, ReplicationConfig: RATIS/ONE, State:ALLOCATED, leaderId:, CreationTimestamp2022-12-23T07:22:32.658Z[Etc/UTC]].
2022-12-23 07:22:32,661 [EventQueue-NodeRegistrationContainerReportForDataNodeSafeModeRule] INFO  safemode.SCMSafeModeManager (DataNodeSafeModeRule.java:process(71)) - SCM in safe mode. 2 DataNodes registered, 3 required.
2022-12-23 07:22:33,004 [Listener at 127.0.0.1/36139] INFO  ozone.MiniOzoneClusterImpl (MiniOzoneClusterImpl.java:lambda$waitForClusterToBeReady$0(217)) - Waiting for nodes to be ready. Got 2 of 3 DN Heartbeats.
2022-12-23 07:22:33,005 [Listener at 127.0.0.1/36139] INFO  ozone.MiniOzoneClusterImpl (MiniOzoneClusterImpl.java:lambda$waitForClusterToBeReady$0(220)) - Waiting for cluster to exit safe mode
2022-12-23 07:22:33,005 [Listener at 127.0.0.1/36139] INFO  ozone.MiniOzoneClusterImpl (MiniOzoneClusterImpl.java:lambda$waitForClusterToBeReady$0(222)) - SCM became leader
2022-12-23 07:22:33,005 [IPC Server handler 2 on default port 33369] INFO  net.NetworkTopologyImpl (NetworkTopologyImpl.java:add(112)) - Added a new node: /default-rack/b08f5f88-5074-48f5-ac81-6aa5dd632f85
2022-12-23 07:22:33,006 [IPC Server handler 2 on default port 33369] INFO  node.SCMNodeManager (SCMNodeManager.java:register(397)) - Registered Data node : b08f5f88-5074-48f5-ac81-6aa5dd632f85{ip: 10.1.0.40, host: fv-az505-480.g2e1luzo1moefklhgra4trf2va.dx.internal.cloudapp.net, ports: [REPLICATION=44223, RATIS=35433, RATIS_ADMIN=35433, RATIS_SERVER=35433, RATIS_DATASTREAM=32937, STANDALONE=40569], networkLocation: /default-rack, certSerialId: null, persistedOpState: null, persistedOpStateExpiryEpochSec: 0}
2022-12-23 07:22:33,006 [EventQueue-NewNodeForNewNodeHandler] INFO  pipeline.BackgroundPipelineCreator (BackgroundPipelineCreator.java:notifyEventTriggered(276)) - trigger a one-shot run on RatisPipelineUtilsThread.
2022-12-23 07:22:33,007 [EventQueue-NodeRegistrationContainerReportForDataNodeSafeModeRule] INFO  safemode.SCMSafeModeManager (DataNodeSafeModeRule.java:process(71)) - SCM in safe mode. 3 DataNodes registered, 3 required.
2022-12-23 07:22:33,007 [EventQueue-NodeRegistrationContainerReportForDataNodeSafeModeRule] INFO  safemode.SCMSafeModeManager (SCMSafeModeManager.java:validateSafeModeExitRules(200)) - DataNodeSafeModeRule rule is successfully validated
2022-12-23 07:22:33,007 [RatisPipelineUtilsThread - 0] INFO  pipeline.RatisPipelineProvider (RatisPipelineProvider.java:lambda$create$0(206)) - Sending CreatePipelineCommand for pipeline:PipelineID=420d0dee-c5d3-458a-ae58-66952d197c39 to datanode:b08f5f88-5074-48f5-ac81-6aa5dd632f85
2022-12-23 07:22:33,008 [RatisPipelineUtilsThread - 0] INFO  pipeline.PipelineStateManagerImpl (PipelineStateManagerImpl.java:addPipeline(103)) - Created pipeline Pipeline[ Id: 420d0dee-c5d3-458a-ae58-66952d197c39, Nodes: b08f5f88-5074-48f5-ac81-6aa5dd632f85{ip: 10.1.0.40, host: fv-az505-480.g2e1luzo1moefklhgra4trf2va.dx.internal.cloudapp.net, ports: [REPLICATION=44223, RATIS=35433, RATIS_ADMIN=35433, RATIS_SERVER=35433, RATIS_DATASTREAM=32937, STANDALONE=40569], networkLocation: /default-rack, certSerialId: null, persistedOpState: IN_SERVICE, persistedOpStateExpiryEpochSec: 0}, ReplicationConfig: RATIS/ONE, State:ALLOCATED, leaderId:, CreationTimestamp2022-12-23T07:22:33.007Z[Etc/UTC]].
2022-12-23 07:22:33,007 [EventQueue-NodeRegistrationContainerReportForDataNodeSafeModeRule] INFO  safemode.SCMSafeModeManager (SCMSafeModeManager.java:completePreCheck(229)) - All SCM safe mode pre check rules have passed
2022-12-23 07:22:33,010 [EventQueue-NodeRegistrationContainerReportForDataNodeSafeModeRule] INFO  ha.SCMContext (SCMContext.java:updateSafeModeStatus(228)) - Update SafeModeStatus from SafeModeStatus{safeModeStatus=true, preCheckPassed=false} to SafeModeStatus{safeModeStatus=true, preCheckPassed=true}.
2022-12-23 07:22:33,010 [EventQueue-NodeRegistrationContainerReportForDataNodeSafeModeRule] INFO  pipeline.BackgroundPipelineCreator (BackgroundPipelineCreator.java:notifyEventTriggered(276)) - trigger a one-shot run on RatisPipelineUtilsThread.
2022-12-23 07:22:33,010 [RatisPipelineUtilsThread - 0] INFO  pipeline.RatisPipelineProvider (RatisPipelineProvider.java:lambda$create$0(206)) - Sending CreatePipelineCommand for pipeline:PipelineID=2d14f4dc-9d5c-47d3-bd63-8d750afe0fe3 to datanode:c9ddfccf-4e48-411f-a985-9c78b2030ee9
2022-12-23 07:22:33,010 [RatisPipelineUtilsThread - 0] INFO  pipeline.RatisPipelineProvider (RatisPipelineProvider.java:lambda$create$0(206)) - Sending CreatePipelineCommand for pipeline:PipelineID=2d14f4dc-9d5c-47d3-bd63-8d750afe0fe3 to datanode:122e07b3-5337-411b-bbd2-8c7328b2790d
2022-12-23 07:22:33,010 [RatisPipelineUtilsThread - 0] INFO  pipeline.RatisPipelineProvider (RatisPipelineProvider.java:lambda$create$0(206)) - Sending CreatePipelineCommand for pipeline:PipelineID=2d14f4dc-9d5c-47d3-bd63-8d750afe0fe3 to datanode:b08f5f88-5074-48f5-ac81-6aa5dd632f85
2022-12-23 07:22:33,013 [RatisPipelineUtilsThread - 0] INFO  pipeline.PipelineStateManagerImpl (PipelineStateManagerImpl.java:addPipeline(103)) - Created pipeline Pipeline[ Id: 2d14f4dc-9d5c-47d3-bd63-8d750afe0fe3, Nodes: c9ddfccf-4e48-411f-a985-9c78b2030ee9{ip: 10.1.0.40, host: fv-az505-480.g2e1luzo1moefklhgra4trf2va.dx.internal.cloudapp.net, ports: [REPLICATION=38947, RATIS=36669, RATIS_ADMIN=36669, RATIS_SERVER=36669, RATIS_DATASTREAM=44285, STANDALONE=33565], networkLocation: /default-rack, certSerialId: null, persistedOpState: IN_SERVICE, persistedOpStateExpiryEpochSec: 0}122e07b3-5337-411b-bbd2-8c7328b2790d{ip: 10.1.0.40, host: fv-az505-480.g2e1luzo1moefklhgra4trf2va.dx.internal.cloudapp.net, ports: [REPLICATION=46051, RATIS=33187, RATIS_ADMIN=33187, RATIS_SERVER=33187, RATIS_DATASTREAM=35899, STANDALONE=40985], networkLocation: /default-rack, certSerialId: null, persistedOpState: IN_SERVICE, persistedOpStateExpiryEpochSec: 0}b08f5f88-5074-48f5-ac81-6aa5dd632f85{ip: 10.1.0.40, host: fv-az505-480.g2e1luzo1moefklhgra4trf2va.dx.internal.cloudapp.net, ports: [REPLICATION=44223, RATIS=35433, RATIS_ADMIN=35433, RATIS_SERVER=35433, RATIS_DATASTREAM=32937, STANDALONE=40569], networkLocation: /default-rack, certSerialId: null, persistedOpState: IN_SERVICE, persistedOpStateExpiryEpochSec: 0}, ReplicationConfig: RATIS/THREE, State:ALLOCATED, leaderId:, CreationTimestamp2022-12-23T07:22:33.010Z[Etc/UTC]].
2022-12-23 07:22:33,014 [RatisPipelineUtilsThread - 0] INFO  pipeline.RatisPipelineProvider (RatisPipelineProvider.java:lambda$create$0(206)) - Sending CreatePipelineCommand for pipeline:PipelineID=acf68e8f-49ec-4e62-bc8c-07046c3287af to datanode:c9ddfccf-4e48-411f-a985-9c78b2030ee9
2022-12-23 07:22:33,015 [RatisPipelineUtilsThread - 0] INFO  pipeline.RatisPipelineProvider (RatisPipelineProvider.java:lambda$create$0(206)) - Sending CreatePipelineCommand for pipeline:PipelineID=acf68e8f-49ec-4e62-bc8c-07046c3287af to datanode:b08f5f88-5074-48f5-ac81-6aa5dd632f85
2022-12-23 07:22:33,015 [RatisPipelineUtilsThread - 0] INFO  pipeline.RatisPipelineProvider (RatisPipelineProvider.java:lambda$create$0(206)) - Sending CreatePipelineCommand for pipeline:PipelineID=acf68e8f-49ec-4e62-bc8c-07046c3287af to datanode:122e07b3-5337-411b-bbd2-8c7328b2790d
2022-12-23 07:22:33,015 [RatisPipelineUtilsThread - 0] INFO  pipeline.PipelineStateManagerImpl (PipelineStateManagerImpl.java:addPipeline(103)) - Created pipeline Pipeline[ Id: acf68e8f-49ec-4e62-bc8c-07046c3287af, Nodes: c9ddfccf-4e48-411f-a985-9c78b2030ee9{ip: 10.1.0.40, host: fv-az505-480.g2e1luzo1moefklhgra4trf2va.dx.internal.cloudapp.net, ports: [REPLICATION=38947, RATIS=36669, RATIS_ADMIN=36669, RATIS_SERVER=36669, RATIS_DATASTREAM=44285, STANDALONE=33565], networkLocation: /default-rack, certSerialId: null, persistedOpState: IN_SERVICE, persistedOpStateExpiryEpochSec: 0}b08f5f88-5074-48f5-ac81-6aa5dd632f85{ip: 10.1.0.40, host: fv-az505-480.g2e1luzo1moefklhgra4trf2va.dx.internal.cloudapp.net, ports: [REPLICATION=44223, RATIS=35433, RATIS_ADMIN=35433, RATIS_SERVER=35433, RATIS_DATASTREAM=32937, STANDALONE=40569], networkLocation: /default-rack, certSerialId: null, persistedOpState: IN_SERVICE, persistedOpStateExpiryEpochSec: 0}122e07b3-5337-411b-bbd2-8c7328b2790d{ip: 10.1.0.40, host: fv-az505-480.g2e1luzo1moefklhgra4trf2va.dx.internal.cloudapp.net, ports: [REPLICATION=46051, RATIS=33187, RATIS_ADMIN=33187, RATIS_SERVER=33187, RATIS_DATASTREAM=35899, STANDALONE=40985], networkLocation: /default-rack, certSerialId: null, persistedOpState: IN_SERVICE, persistedOpStateExpiryEpochSec: 0}, ReplicationConfig: RATIS/THREE, State:ALLOCATED, leaderId:, CreationTimestamp2022-12-23T07:22:33.014Z[Etc/UTC]].
2022-12-23 07:22:33,015 [RatisPipelineUtilsThread - 0] INFO  pipeline.PipelineManagerImpl (PipelineManagerImpl.java:recordMetricsForPipeline(826)) - Pipeline: PipelineID=acf68e8f-49ec-4e62-bc8c-07046c3287af contains same datanodes as previous pipelines: PipelineID=2d14f4dc-9d5c-47d3-bd63-8d750afe0fe3 nodeIds: c9ddfccf-4e48-411f-a985-9c78b2030ee9, b08f5f88-5074-48f5-ac81-6aa5dd632f85, 122e07b3-5337-411b-bbd2-8c7328b2790d
2022-12-23 07:22:33,016 [RatisPipelineUtilsThread - 0] WARN  pipeline.PipelinePlacementPolicy (PipelinePlacementPolicy.java:filterViableNodes(158)) - Pipeline creation failed due to no sufficient healthy datanodes. Required 3. Found 0.
2022-12-23 07:22:34,005 [Listener at 127.0.0.1/36139] INFO  ozone.MiniOzoneClusterImpl (MiniOzoneClusterImpl.java:lambda$waitForClusterToBeReady$0(217)) - Nodes are ready. Got 3 of 3 DN Heartbeats.
2022-12-23 07:22:34,005 [Listener at 127.0.0.1/36139] INFO  ozone.MiniOzoneClusterImpl (MiniOzoneClusterImpl.java:lambda$waitForClusterToBeReady$0(220)) - Waiting for cluster to exit safe mode
2022-12-23 07:22:34,005 [Listener at 127.0.0.1/36139] INFO  ozone.MiniOzoneClusterImpl (MiniOzoneClusterImpl.java:lambda$waitForClusterToBeReady$0(222)) - SCM became leader
2022-12-23 07:22:34,286 [EventQueue-CommandQueueReportForCommandQueueReportHandler] WARN  events.EventQueue (EventQueue.java:fireEvent(216)) - No event handler registered for event TypedEvent{payloadType=DatanodeDetails, name='Datanode_Command_Queue_Updated'}
2022-12-23 07:22:34,656 [EventQueue-CommandQueueReportForCommandQueueReportHandler] WARN  events.EventQueue (EventQueue.java:fireEvent(216)) - No event handler registered for event TypedEvent{payloadType=DatanodeDetails, name='Datanode_Command_Queue_Updated'}
2022-12-23 07:22:35,005 [EventQueue-CommandQueueReportForCommandQueueReportHandler] WARN  events.EventQueue (EventQueue.java:fireEvent(216)) - No event handler registered for event TypedEvent{payloadType=DatanodeDetails, name='Datanode_Command_Queue_Updated'}
2022-12-23 07:22:35,006 [Listener at 127.0.0.1/36139] INFO  ozone.MiniOzoneClusterImpl (MiniOzoneClusterImpl.java:lambda$waitForClusterToBeReady$0(217)) - Nodes are ready. Got 3 of 3 DN Heartbeats.
2022-12-23 07:22:35,006 [Listener at 127.0.0.1/36139] INFO  ozone.MiniOzoneClusterImpl (MiniOzoneClusterImpl.java:lambda$waitForClusterToBeReady$0(220)) - Waiting for cluster to exit safe mode
2022-12-23 07:22:35,006 [Listener at 127.0.0.1/36139] INFO  ozone.MiniOzoneClusterImpl (MiniOzoneClusterImpl.java:lambda$waitForClusterToBeReady$0(222)) - SCM became leader
2022-12-23 07:22:35,285 [Command processor thread] INFO  server.RaftServer (RaftServerProxy.java:addNew(96)) - c9ddfccf-4e48-411f-a985-9c78b2030ee9: addNew group-5E95362F0768:[c9ddfccf-4e48-411f-a985-9c78b2030ee9|rpc:10.1.0.40:36669|dataStream:10.1.0.40:44285|priority:1|startupRole:FOLLOWER] returns group-5E95362F0768:java.util.concurrent.CompletableFuture@770fc654[Not completed]
2022-12-23 07:22:35,286 [pool-361-thread-1] INFO  server.RaftServer$Division (RaftServerImpl.java:<init>(195)) - c9ddfccf-4e48-411f-a985-9c78b2030ee9: new RaftServerImpl for group-5E95362F0768:[c9ddfccf-4e48-411f-a985-9c78b2030ee9|rpc:10.1.0.40:36669|dataStream:10.1.0.40:44285|priority:1|startupRole:FOLLOWER] with ContainerStateMachine:uninitialized
2022-12-23 07:22:35,286 [pool-361-thread-1] INFO  server.RaftServerConfigKeys (ConfUtils.java:logGet(46)) - raft.server.rpc.timeout.min = 5s (custom)
2022-12-23 07:22:35,286 [pool-361-thread-1] INFO  server.RaftServerConfigKeys (ConfUtils.java:logGet(46)) - raft.server.rpc.timeout.max = 5200ms (custom)
2022-12-23 07:22:35,286 [pool-361-thread-1] INFO  server.RaftServerConfigKeys (ConfUtils.java:logGet(46)) - raft.server.rpc.sleep.time = 25ms (default)
2022-12-23 07:22:35,286 [pool-361-thread-1] INFO  server.RaftServerConfigKeys (ConfUtils.java:logGet(46)) - raft.server.rpc.slowness.timeout = 300s (custom)
2022-12-23 07:22:35,287 [pool-361-thread-1] INFO  server.RaftServerConfigKeys (ConfUtils.java:logGet(46)) - raft.server.leaderelection.leader.step-down.wait-time = 10s (default)
2022-12-23 07:22:35,287 [pool-361-thread-1] INFO  server.RaftServerConfigKeys (ConfUtils.java:logGet(46)) - raft.server.sleep.deviation.threshold = 300ms (default)
2022-12-23 07:22:35,287 [pool-361-thread-1] INFO  server.RaftServer$Division (ServerState.java:<init>(118)) - c9ddfccf-4e48-411f-a985-9c78b2030ee9@group-5E95362F0768: ConfigurationManager, init=-1: peers:[c9ddfccf-4e48-411f-a985-9c78b2030ee9|rpc:10.1.0.40:36669|dataStream:10.1.0.40:44285|priority:1|startupRole:FOLLOWER]|listeners:[], old=null, confs=<EMPTY_MAP>
2022-12-23 07:22:35,287 [pool-361-thread-1] INFO  server.RaftServerConfigKeys (ConfUtils.java:logGet(46)) - raft.server.storage.dir = [/home/runner/work/ozone/ozone/hadoop-ozone/integration-test/target/test-dir/MiniOzoneClusterImpl-b048efff-b978-4370-a947-e513736927f6/datanode-0/data/ratis] (custom)
2022-12-23 07:22:35,287 [pool-361-thread-1] INFO  server.RaftServerConfigKeys (ConfUtils.java:logGet(46)) - raft.server.log.corruption.policy = EXCEPTION (default)
2022-12-23 07:22:35,287 [pool-361-thread-1] INFO  server.RaftServerConfigKeys (ConfUtils.java:logGet(46)) - raft.server.storage.free-space.min = 0MB (=0) (default)
2022-12-23 07:22:35,287 [pool-361-thread-1] INFO  server.RaftServerConfigKeys (ConfUtils.java:logGet(46)) - raft.server.notification.no-leader.timeout = 300s (custom)
2022-12-23 07:22:35,287 [EventQueue-CommandQueueReportForCommandQueueReportHandler] WARN  events.EventQueue (EventQueue.java:fireEvent(216)) - No event handler registered for event TypedEvent{payloadType=DatanodeDetails, name='Datanode_Command_Queue_Updated'}
2022-12-23 07:22:35,287 [pool-361-thread-1] INFO  server.RaftServerConfigKeys (ConfUtils.java:logGet(46)) - raft.server.retrycache.expirytime = 600000ms (custom)
2022-12-23 07:22:35,288 [pool-361-thread-1] INFO  server.RaftServerConfigKeys (ConfUtils.java:logGet(46)) - raft.server.retrycache.statistics.expirytime = 100μs (default)
2022-12-23 07:22:35,289 [pool-361-thread-1] INFO  server.RaftServerConfigKeys (ConfUtils.java:logGet(46)) - raft.server.log.appender.install.snapshot.enabled = false (custom)
2022-12-23 07:22:35,289 [pool-361-thread-1] INFO  server.RaftServerConfigKeys (ConfUtils.java:logGet(46)) - raft.server.threadpool.server.cached = true (default)
2022-12-23 07:22:35,289 [pool-361-thread-1] INFO  server.RaftServerConfigKeys (ConfUtils.java:logGet(46)) - raft.server.threadpool.server.size = 0 (default)
2022-12-23 07:22:35,289 [pool-361-thread-1] INFO  server.RaftServerConfigKeys (ConfUtils.java:logGet(46)) - raft.server.threadpool.client.cached = true (default)
2022-12-23 07:22:35,289 [pool-361-thread-1] INFO  server.RaftServerConfigKeys (ConfUtils.java:logGet(46)) - raft.server.threadpool.client.size = 0 (default)
2022-12-23 07:22:35,289 [pool-361-thread-1] INFO  storage.RaftStorageDirectory (RaftStorageDirectoryImpl.java:analyzeStorage(137)) - The storage directory /home/runner/work/ozone/ozone/hadoop-ozone/integration-test/target/test-dir/MiniOzoneClusterImpl-b048efff-b978-4370-a947-e513736927f6/datanode-0/data/ratis/1a038d8e-1b48-4cd4-9116-5e95362f0768 does not exist. Creating ...
2022-12-23 07:22:35,290 [pool-361-thread-1] INFO  storage.RaftStorageDirectory (RaftStorageDirectoryImpl.java:tryLock(231)) - Lock on /home/runner/work/ozone/ozone/hadoop-ozone/integration-test/target/test-dir/MiniOzoneClusterImpl-b048efff-b978-4370-a947-e513736927f6/datanode-0/data/ratis/1a038d8e-1b48-4cd4-9116-5e95362f0768/in_use.lock acquired by nodename 81300@fv-az505-480
2022-12-23 07:22:35,292 [pool-361-thread-1] INFO  storage.RaftStorage (RaftStorageImpl.java:format(96)) - Storage directory /home/runner/work/ozone/ozone/hadoop-ozone/integration-test/target/test-dir/MiniOzoneClusterImpl-b048efff-b978-4370-a947-e513736927f6/datanode-0/data/ratis/1a038d8e-1b48-4cd4-9116-5e95362f0768 has been successfully formatted.
2022-12-23 07:22:35,293 [pool-361-thread-1] INFO  ratis.ContainerStateMachine (ContainerStateMachine.java:loadSnapshot(240)) - group-5E95362F0768: The snapshot info is null. Setting the last applied indexto:(t:0, i:~)
2022-12-23 07:22:35,293 [pool-361-thread-1] INFO  server.RaftServerConfigKeys (ConfUtils.java:logGet(46)) - raft.server.log.use.memory = false (default)
2022-12-23 07:22:35,293 [pool-361-thread-1] INFO  server.RaftServerConfigKeys (ConfUtils.java:logGet(46)) - raft.server.log.purge.gap = 1000000 (custom)
2022-12-23 07:22:35,293 [pool-361-thread-1] INFO  server.RaftServerConfigKeys (ConfUtils.java:logGet(46)) - raft.server.log.appender.buffer.byte-limit = 33554432 (custom)
2022-12-23 07:22:35,293 [pool-361-thread-1] INFO  server.RaftServerConfigKeys (ConfUtils.java:logGet(46)) - raft.server.log.statemachine.data.read.timeout = 1000ms (default)
2022-12-23 07:22:35,293 [pool-361-thread-1] INFO  server.RaftServerConfigKeys (ConfUtils.java:logGet(46)) - raft.server.log.purge.preservation.log.num = 0 (default)
2022-12-23 07:22:35,294 [pool-361-thread-1] INFO  server.RaftServerConfigKeys (ConfUtils.java:logGet(46)) - raft.server.log.segment.size.max = 1048576 (custom)
2022-12-23 07:22:35,294 [pool-361-thread-1] INFO  server.RaftServerConfigKeys (ConfUtils.java:logGet(46)) - raft.server.log.segment.cache.num.max = 2 (custom)
2022-12-23 07:22:35,294 [pool-361-thread-1] INFO  server.RaftServerConfigKeys (ConfUtils.java:logGet(46)) - raft.server.log.segment.cache.size.max = 200MB (=209715200) (default)
2022-12-23 07:22:35,294 [pool-361-thread-1] INFO  segmented.SegmentedRaftLogWorker (SegmentedRaftLogWorker.java:<init>(189)) - new c9ddfccf-4e48-411f-a985-9c78b2030ee9@group-5E95362F0768-SegmentedRaftLogWorker for RaftStorageImpl:Storage Directory /home/runner/work/ozone/ozone/hadoop-ozone/integration-test/target/test-dir/MiniOzoneClusterImpl-b048efff-b978-4370-a947-e513736927f6/datanode-0/data/ratis/1a038d8e-1b48-4cd4-9116-5e95362f0768
2022-12-23 07:22:35,294 [pool-361-thread-1] INFO  server.RaftServerConfigKeys (ConfUtils.java:logGet(46)) - raft.server.log.queue.byte-limit = 4294967296 (custom)
2022-12-23 07:22:35,294 [pool-361-thread-1] INFO  server.RaftServerConfigKeys (ConfUtils.java:logGet(46)) - raft.server.log.queue.element-limit = 1024 (custom)
2022-12-23 07:22:35,294 [pool-361-thread-1] INFO  server.RaftServerConfigKeys (ConfUtils.java:logGet(46)) - raft.server.log.segment.size.max = 1048576 (custom)
2022-12-23 07:22:35,294 [EventQueue-PipelineReportForPipelineReportHandler] INFO  pipeline.PipelineManagerImpl (PipelineManagerImpl.java:openPipeline(367)) - Pipeline Pipeline[ Id: 1a038d8e-1b48-4cd4-9116-5e95362f0768, Nodes: c9ddfccf-4e48-411f-a985-9c78b2030ee9{ip: 10.1.0.40, host: fv-az505-480.g2e1luzo1moefklhgra4trf2va.dx.internal.cloudapp.net, ports: [REPLICATION=38947, RATIS=36669, RATIS_ADMIN=36669, RATIS_SERVER=36669, RATIS_DATASTREAM=44285, STANDALONE=33565], networkLocation: /default-rack, certSerialId: null, persistedOpState: IN_SERVICE, persistedOpStateExpiryEpochSec: 0}, ReplicationConfig: RATIS/ONE, State:ALLOCATED, leaderId:c9ddfccf-4e48-411f-a985-9c78b2030ee9, CreationTimestamp2022-12-23T07:22:32.291Z[Etc/UTC]] moved to OPEN state
2022-12-23 07:22:35,294 [pool-361-thread-1] INFO  server.RaftServerConfigKeys (ConfUtils.java:logGet(46)) - raft.server.log.preallocated.size = 16384 (custom)
2022-12-23 07:22:35,295 [pool-361-thread-1] INFO  server.RaftServerConfigKeys (ConfUtils.java:logGet(46)) - raft.server.log.force.sync.num = 128 (default)
2022-12-23 07:22:35,295 [pool-361-thread-1] INFO  server.RaftServerConfigKeys (ConfUtils.java:logGet(46)) - raft.server.log.statemachine.data.sync = true (default)
2022-12-23 07:22:35,295 [pool-361-thread-1] INFO  server.RaftServerConfigKeys (ConfUtils.java:logGet(46)) - raft.server.log.statemachine.data.sync.timeout = 10s (default)
2022-12-23 07:22:35,295 [pool-361-thread-1] INFO  server.RaftServerConfigKeys (ConfUtils.java:logGet(46)) - raft.server.log.statemachine.data.sync.timeout.retry = -1 (default)
2022-12-23 07:22:35,297 [pool-361-thread-1] INFO  server.RaftServerConfigKeys (ConfUtils.java:logGet(46)) - raft.server.log.write.buffer.size = 1048576 (custom)
2022-12-23 07:22:35,298 [pool-361-thread-1] INFO  server.RaftServerConfigKeys (ConfUtils.java:logGet(46)) - raft.server.log.appender.buffer.byte-limit = 33554432 (custom)
2022-12-23 07:22:35,298 [EventQueue-CommandQueueReportForCommandQueueReportHandler] WARN  events.EventQueue (EventQueue.java:fireEvent(216)) - No event handler registered for event TypedEvent{payloadType=DatanodeDetails, name='Datanode_Command_Queue_Updated'}
2022-12-23 07:22:35,303 [pool-361-thread-1] INFO  server.RaftServerConfigKeys (ConfUtils.java:logGet(46)) - raft.server.log.unsafe-flush.enabled = false (default)
2022-12-23 07:22:35,303 [pool-361-thread-1] INFO  server.RaftServerConfigKeys (ConfUtils.java:logGet(46)) - raft.server.log.async-flush.enabled = false (default)
2022-12-23 07:22:35,303 [pool-361-thread-1] INFO  server.RaftServerConfigKeys (ConfUtils.java:logGet(46)) - raft.server.log.statemachine.data.caching.enabled = true (custom)
2022-12-23 07:22:35,303 [pool-361-thread-1] INFO  segmented.SegmentedRaftLogWorker (SegmentedRaftLogWorker.java:lambda$new$0(135)) - c9ddfccf-4e48-411f-a985-9c78b2030ee9@group-5E95362F0768-SegmentedRaftLogWorker: flushIndex: setUnconditionally 0 -> -1
2022-12-23 07:22:35,304 [pool-361-thread-1] INFO  segmented.SegmentedRaftLogWorker (SegmentedRaftLogWorker.java:lambda$new$0(135)) - c9ddfccf-4e48-411f-a985-9c78b2030ee9@group-5E95362F0768-SegmentedRaftLogWorker: safeCacheEvictIndex: setUnconditionally 0 -> -1
2022-12-23 07:22:35,313 [EventQueue-OpenPipelineForHealthyPipelineSafeModeRule] INFO  safemode.SCMSafeModeManager (HealthyPipelineSafeModeRule.java:process(137)) - SCM in safe mode. Healthy pipelines reported count is 0, required healthy pipeline reported count is 1
2022-12-23 07:22:35,313 [pool-361-thread-1] INFO  server.RaftServer$Division (RaftServerImpl.java:start(334)) - c9ddfccf-4e48-411f-a985-9c78b2030ee9@group-5E95362F0768: start as a follower, conf=-1: peers:[c9ddfccf-4e48-411f-a985-9c78b2030ee9|rpc:10.1.0.40:36669|dataStream:10.1.0.40:44285|priority:1|startupRole:FOLLOWER]|listeners:[], old=null
2022-12-23 07:22:35,315 [pool-361-thread-1] INFO  server.RaftServer$Division (RaftServerImpl.java:setRole(321)) - c9ddfccf-4e48-411f-a985-9c78b2030ee9@group-5E95362F0768: changes role from      null to FOLLOWER at term 0 for startAsFollower
2022-12-23 07:22:35,315 [pool-361-thread-1] INFO  impl.RoleInfo (RoleInfo.java:updateAndGet(139)) - c9ddfccf-4e48-411f-a985-9c78b2030ee9: start c9ddfccf-4e48-411f-a985-9c78b2030ee9@group-5E95362F0768-FollowerState
2022-12-23 07:22:35,317 [pool-361-thread-1] INFO  util.JmxRegister (JmxRegister.java:tryRegister(44)) - Successfully registered JMX Bean with object name Ratis:service=RaftServer,group=group-5E95362F0768,id=c9ddfccf-4e48-411f-a985-9c78b2030ee9
2022-12-23 07:22:35,317 [pool-361-thread-1] INFO  server.RaftServerConfigKeys (ConfUtils.java:logGet(46)) - raft.server.snapshot.auto.trigger.enabled = true (custom)
2022-12-23 07:22:35,317 [pool-361-thread-1] INFO  server.RaftServerConfigKeys (ConfUtils.java:logGet(46)) - raft.server.snapshot.auto.trigger.threshold = 10000 (custom)
2022-12-23 07:22:35,317 [pool-361-thread-1] INFO  server.RaftServerConfigKeys (ConfUtils.java:logGet(46)) - raft.server.snapshot.retention.file.num = 5 (custom)
2022-12-23 07:22:35,317 [pool-361-thread-1] INFO  server.RaftServerConfigKeys (ConfUtils.java:logGet(46)) - raft.server.log.purge.upto.snapshot.index = false (default)
2022-12-23 07:22:35,320 [c9ddfccf-4e48-411f-a985-9c78b2030ee9@group-5E95362F0768-FollowerState] INFO  server.RaftServerConfigKeys (ConfUtils.java:logFallback(53)) - raft.server.rpc.first-election.timeout.min = 5s (fallback to raft.server.rpc.timeout.min)
2022-12-23 07:22:35,320 [c9ddfccf-4e48-411f-a985-9c78b2030ee9@group-5E95362F0768-FollowerState] INFO  server.RaftServerConfigKeys (ConfUtils.java:logFallback(53)) - raft.server.rpc.first-election.timeout.max = 5200ms (fallback to raft.server.rpc.timeout.max)
2022-12-23 07:22:35,320 [Command processor thread] INFO  ratis.XceiverServerRatis (XceiverServerRatis.java:addGroup(806)) - Created group PipelineID=1a038d8e-1b48-4cd4-9116-5e95362f0768
2022-12-23 07:22:35,321 [Command processor thread] INFO  commandhandler.CreatePipelineCommandHandler (CreatePipelineCommandHandler.java:handle(113)) - Created Pipeline RATIS ONE PipelineID=1a038d8e-1b48-4cd4-9116-5e95362f0768.
2022-12-23 07:22:35,321 [Command processor thread] INFO  server.RaftServer (RaftServerProxy.java:addNew(96)) - c9ddfccf-4e48-411f-a985-9c78b2030ee9: addNew group-8D750AFE0FE3:[122e07b3-5337-411b-bbd2-8c7328b2790d|rpc:10.1.0.40:33187|dataStream:10.1.0.40:35899|priority:0|startupRole:FOLLOWER, c9ddfccf-4e48-411f-a985-9c78b2030ee9|rpc:10.1.0.40:36669|dataStream:10.1.0.40:44285|priority:1|startupRole:FOLLOWER, b08f5f88-5074-48f5-ac81-6aa5dd632f85|rpc:10.1.0.40:35433|dataStream:10.1.0.40:32937|priority:0|startupRole:FOLLOWER] returns group-8D750AFE0FE3:java.util.concurrent.CompletableFuture@73304c6d[Not completed]
2022-12-23 07:22:35,322 [pool-361-thread-1] INFO  server.RaftServer$Division (RaftServerImpl.java:<init>(195)) - c9ddfccf-4e48-411f-a985-9c78b2030ee9: new RaftServerImpl for group-8D750AFE0FE3:[122e07b3-5337-411b-bbd2-8c7328b2790d|rpc:10.1.0.40:33187|dataStream:10.1.0.40:35899|priority:0|startupRole:FOLLOWER, c9ddfccf-4e48-411f-a985-9c78b2030ee9|rpc:10.1.0.40:36669|dataStream:10.1.0.40:44285|priority:1|startupRole:FOLLOWER, b08f5f88-5074-48f5-ac81-6aa5dd632f85|rpc:10.1.0.40:35433|dataStream:10.1.0.40:32937|priority:0|startupRole:FOLLOWER] with ContainerStateMachine:uninitialized
2022-12-23 07:22:35,322 [pool-361-thread-1] INFO  server.RaftServerConfigKeys (ConfUtils.java:logGet(46)) - raft.server.rpc.timeout.min = 5s (custom)
2022-12-23 07:22:35,322 [pool-361-thread-1] INFO  server.RaftServerConfigKeys (ConfUtils.java:logGet(46)) - raft.server.rpc.timeout.max = 5200ms (custom)
2022-12-23 07:22:35,322 [pool-361-thread-1] INFO  server.RaftServerConfigKeys (ConfUtils.java:logGet(46)) - raft.server.rpc.sleep.time = 25ms (default)
2022-12-23 07:22:35,322 [pool-361-thread-1] INFO  server.RaftServerConfigKeys (ConfUtils.java:logGet(46)) - raft.server.rpc.slowness.timeout = 300s (custom)
2022-12-23 07:22:35,322 [pool-361-thread-1] INFO  server.RaftServerConfigKeys (ConfUtils.java:logGet(46)) - raft.server.leaderelection.leader.step-down.wait-time = 10s (default)
2022-12-23 07:22:35,322 [pool-361-thread-1] INFO  server.RaftServerConfigKeys (ConfUtils.java:logGet(46)) - raft.server.sleep.deviation.threshold = 300ms (default)
2022-12-23 07:22:35,322 [pool-361-thread-1] INFO  server.RaftServer$Division (ServerState.java:<init>(118)) - c9ddfccf-4e48-411f-a985-9c78b2030ee9@group-8D750AFE0FE3: ConfigurationManager, init=-1: peers:[122e07b3-5337-411b-bbd2-8c7328b2790d|rpc:10.1.0.40:33187|dataStream:10.1.0.40:35899|priority:0|startupRole:FOLLOWER, c9ddfccf-4e48-411f-a985-9c78b2030ee9|rpc:10.1.0.40:36669|dataStream:10.1.0.40:44285|priority:1|startupRole:FOLLOWER, b08f5f88-5074-48f5-ac81-6aa5dd632f85|rpc:10.1.0.40:35433|dataStream:10.1.0.40:32937|priority:0|startupRole:FOLLOWER]|listeners:[], old=null, confs=<EMPTY_MAP>
2022-12-23 07:22:35,323 [pool-361-thread-1] INFO  server.RaftServerConfigKeys (ConfUtils.java:logGet(46)) - raft.server.storage.dir = [/home/runner/work/ozone/ozone/hadoop-ozone/integration-test/target/test-dir/MiniOzoneClusterImpl-b048efff-b978-4370-a947-e513736927f6/datanode-0/data/ratis] (custom)
2022-12-23 07:22:35,323 [pool-361-thread-1] INFO  server.RaftServerConfigKeys (ConfUtils.java:logGet(46)) - raft.server.log.corruption.policy = EXCEPTION (default)
2022-12-23 07:22:35,323 [pool-361-thread-1] INFO  server.RaftServerConfigKeys (ConfUtils.java:logGet(46)) - raft.server.storage.free-space.min = 0MB (=0) (default)
2022-12-23 07:22:35,323 [pool-361-thread-1] INFO  server.RaftServerConfigKeys (ConfUtils.java:logGet(46)) - raft.server.notification.no-leader.timeout = 300s (custom)
2022-12-23 07:22:35,323 [pool-361-thread-1] INFO  server.RaftServerConfigKeys (ConfUtils.java:logGet(46)) - raft.server.retrycache.expirytime = 600000ms (custom)
2022-12-23 07:22:35,323 [pool-361-thread-1] INFO  server.RaftServerConfigKeys (ConfUtils.java:logGet(46)) - raft.server.retrycache.statistics.expirytime = 100μs (default)
2022-12-23 07:22:35,325 [pool-361-thread-1] INFO  server.RaftServerConfigKeys (ConfUtils.java:logGet(46)) - raft.server.log.appender.install.snapshot.enabled = false (custom)
2022-12-23 07:22:35,325 [pool-361-thread-1] INFO  server.RaftServerConfigKeys (ConfUtils.java:logGet(46)) - raft.server.threadpool.server.cached = true (default)
2022-12-23 07:22:35,325 [pool-361-thread-1] INFO  server.RaftServerConfigKeys (ConfUtils.java:logGet(46)) - raft.server.threadpool.server.size = 0 (default)
2022-12-23 07:22:35,325 [pool-361-thread-1] INFO  server.RaftServerConfigKeys (ConfUtils.java:logGet(46)) - raft.server.threadpool.client.cached = true (default)
2022-12-23 07:22:35,325 [pool-361-thread-1] INFO  server.RaftServerConfigKeys (ConfUtils.java:logGet(46)) - raft.server.threadpool.client.size = 0 (default)
2022-12-23 07:22:35,326 [pool-361-thread-1] INFO  storage.RaftStorageDirectory (RaftStorageDirectoryImpl.java:analyzeStorage(137)) - The storage directory /home/runner/work/ozone/ozone/hadoop-ozone/integration-test/target/test-dir/MiniOzoneClusterImpl-b048efff-b978-4370-a947-e513736927f6/datanode-0/data/ratis/2d14f4dc-9d5c-47d3-bd63-8d750afe0fe3 does not exist. Creating ...
2022-12-23 07:22:35,327 [pool-361-thread-1] INFO  storage.RaftStorageDirectory (RaftStorageDirectoryImpl.java:tryLock(231)) - Lock on /home/runner/work/ozone/ozone/hadoop-ozone/integration-test/target/test-dir/MiniOzoneClusterImpl-b048efff-b978-4370-a947-e513736927f6/datanode-0/data/ratis/2d14f4dc-9d5c-47d3-bd63-8d750afe0fe3/in_use.lock acquired by nodename 81300@fv-az505-480
2022-12-23 07:22:35,328 [pool-361-thread-1] INFO  storage.RaftStorage (RaftStorageImpl.java:format(96)) - Storage directory /home/runner/work/ozone/ozone/hadoop-ozone/integration-test/target/test-dir/MiniOzoneClusterImpl-b048efff-b978-4370-a947-e513736927f6/datanode-0/data/ratis/2d14f4dc-9d5c-47d3-bd63-8d750afe0fe3 has been successfully formatted.
2022-12-23 07:22:35,331 [EventQueue-CommandQueueReportForCommandQueueReportHandler] WARN  events.EventQueue (EventQueue.java:fireEvent(216)) - No event handler registered for event TypedEvent{payloadType=DatanodeDetails, name='Datanode_Command_Queue_Updated'}
2022-12-23 07:22:35,334 [EventQueue-OpenPipelineForHealthyPipelineSafeModeRule] INFO  safemode.SCMSafeModeManager (HealthyPipelineSafeModeRule.java:process(137)) - SCM in safe mode. Healthy pipelines reported count is 0, required healthy pipeline reported count is 1
2022-12-23 07:22:35,334 [pool-361-thread-1] INFO  ratis.ContainerStateMachine (ContainerStateMachine.java:loadSnapshot(240)) - group-8D750AFE0FE3: The snapshot info is null. Setting the last applied indexto:(t:0, i:~)
2022-12-23 07:22:35,334 [pool-361-thread-1] INFO  server.RaftServerConfigKeys (ConfUtils.java:logGet(46)) - raft.server.log.use.memory = false (default)
2022-12-23 07:22:35,334 [pool-361-thread-1] INFO  server.RaftServerConfigKeys (ConfUtils.java:logGet(46)) - raft.server.log.purge.gap = 1000000 (custom)
2022-12-23 07:22:35,334 [pool-361-thread-1] INFO  server.RaftServerConfigKeys (ConfUtils.java:logGet(46)) - raft.server.log.appender.buffer.byte-limit = 33554432 (custom)
2022-12-23 07:22:35,334 [pool-361-thread-1] INFO  server.RaftServerConfigKeys (ConfUtils.java:logGet(46)) - raft.server.log.statemachine.data.read.timeout = 1000ms (default)
2022-12-23 07:22:35,334 [pool-361-thread-1] INFO  server.RaftServerConfigKeys (ConfUtils.java:logGet(46)) - raft.server.log.purge.preservation.log.num = 0 (default)
2022-12-23 07:22:35,337 [pool-361-thread-1] INFO  server.RaftServerConfigKeys (ConfUtils.java:logGet(46)) - raft.server.log.segment.size.max = 1048576 (custom)
2022-12-23 07:22:35,337 [pool-361-thread-1] INFO  server.RaftServerConfigKeys (ConfUtils.java:logGet(46)) - raft.server.log.segment.cache.num.max = 2 (custom)
2022-12-23 07:22:35,337 [pool-361-thread-1] INFO  server.RaftServerConfigKeys (ConfUtils.java:logGet(46)) - raft.server.log.segment.cache.size.max = 200MB (=209715200) (default)
2022-12-23 07:22:35,337 [pool-361-thread-1] INFO  segmented.SegmentedRaftLogWorker (SegmentedRaftLogWorker.java:<init>(189)) - new c9ddfccf-4e48-411f-a985-9c78b2030ee9@group-8D750AFE0FE3-SegmentedRaftLogWorker for RaftStorageImpl:Storage Directory /home/runner/work/ozone/ozone/hadoop-ozone/integration-test/target/test-dir/MiniOzoneClusterImpl-b048efff-b978-4370-a947-e513736927f6/datanode-0/data/ratis/2d14f4dc-9d5c-47d3-bd63-8d750afe0fe3
2022-12-23 07:22:35,337 [pool-361-thread-1] INFO  server.RaftServerConfigKeys (ConfUtils.java:logGet(46)) - raft.server.log.queue.byte-limit = 4294967296 (custom)
2022-12-23 07:22:35,337 [pool-361-thread-1] INFO  server.RaftServerConfigKeys (ConfUtils.java:logGet(46)) - raft.server.log.queue.element-limit = 1024 (custom)
2022-12-23 07:22:35,337 [pool-361-thread-1] INFO  server.RaftServerConfigKeys (ConfUtils.java:logGet(46)) - raft.server.log.segment.size.max = 1048576 (custom)
2022-12-23 07:22:35,337 [pool-361-thread-1] INFO  server.RaftServerConfigKeys (ConfUtils.java:logGet(46)) - raft.server.log.preallocated.size = 16384 (custom)
2022-12-23 07:22:35,337 [pool-361-thread-1] INFO  server.RaftServerConfigKeys (ConfUtils.java:logGet(46)) - raft.server.log.force.sync.num = 128 (default)
2022-12-23 07:22:35,337 [pool-361-thread-1] INFO  server.RaftServerConfigKeys (ConfUtils.java:logGet(46)) - raft.server.log.statemachine.data.sync = true (default)
2022-12-23 07:22:35,337 [pool-361-thread-1] INFO  server.RaftServerConfigKeys (ConfUtils.java:logGet(46)) - raft.server.log.statemachine.data.sync.timeout = 10s (default)
2022-12-23 07:22:35,337 [pool-361-thread-1] INFO  server.RaftServerConfigKeys (ConfUtils.java:logGet(46)) - raft.server.log.statemachine.data.sync.timeout.retry = -1 (default)
2022-12-23 07:22:35,339 [pool-361-thread-1] INFO  server.RaftServerConfigKeys (ConfUtils.java:logGet(46)) - raft.server.log.write.buffer.size = 1048576 (custom)
2022-12-23 07:22:35,339 [pool-361-thread-1] INFO  server.RaftServerConfigKeys (ConfUtils.java:logGet(46)) - raft.server.log.appender.buffer.byte-limit = 33554432 (custom)
2022-12-23 07:22:35,345 [pool-361-thread-1] INFO  server.RaftServerConfigKeys (ConfUtils.java:logGet(46)) - raft.server.log.unsafe-flush.enabled = false (default)
2022-12-23 07:22:35,345 [pool-361-thread-1] INFO  server.RaftServerConfigKeys (ConfUtils.java:logGet(46)) - raft.server.log.async-flush.enabled = false (default)
2022-12-23 07:22:35,345 [pool-361-thread-1] INFO  server.RaftServerConfigKeys (ConfUtils.java:logGet(46)) - raft.server.log.statemachine.data.caching.enabled = true (custom)
2022-12-23 07:22:35,345 [pool-361-thread-1] INFO  segmented.SegmentedRaftLogWorker (SegmentedRaftLogWorker.java:lambda$new$0(135)) - c9ddfccf-4e48-411f-a985-9c78b2030ee9@group-8D750AFE0FE3-SegmentedRaftLogWorker: flushIndex: setUnconditionally 0 -> -1
2022-12-23 07:22:35,346 [pool-361-thread-1] INFO  segmented.SegmentedRaftLogWorker (SegmentedRaftLogWorker.java:lambda$new$0(135)) - c9ddfccf-4e48-411f-a985-9c78b2030ee9@group-8D750AFE0FE3-SegmentedRaftLogWorker: safeCacheEvictIndex: setUnconditionally 0 -> -1
2022-12-23 07:22:35,346 [pool-361-thread-1] INFO  server.RaftServer$Division (RaftServerImpl.java:start(334)) - c9ddfccf-4e48-411f-a985-9c78b2030ee9@group-8D750AFE0FE3: start as a follower, conf=-1: peers:[122e07b3-5337-411b-bbd2-8c7328b2790d|rpc:10.1.0.40:33187|dataStream:10.1.0.40:35899|priority:0|startupRole:FOLLOWER, c9ddfccf-4e48-411f-a985-9c78b2030ee9|rpc:10.1.0.40:36669|dataStream:10.1.0.40:44285|priority:1|startupRole:FOLLOWER, b08f5f88-5074-48f5-ac81-6aa5dd632f85|rpc:10.1.0.40:35433|dataStream:10.1.0.40:32937|priority:0|startupRole:FOLLOWER]|listeners:[], old=null
2022-12-23 07:22:35,346 [pool-361-thread-1] INFO  server.RaftServer$Division (RaftServerImpl.java:setRole(321)) - c9ddfccf-4e48-411f-a985-9c78b2030ee9@group-8D750AFE0FE3: changes role from      null to FOLLOWER at term 0 for startAsFollower
2022-12-23 07:22:35,346 [pool-361-thread-1] INFO  impl.RoleInfo (RoleInfo.java:updateAndGet(139)) - c9ddfccf-4e48-411f-a985-9c78b2030ee9: start c9ddfccf-4e48-411f-a985-9c78b2030ee9@group-8D750AFE0FE3-FollowerState
2022-12-23 07:22:35,346 [c9ddfccf-4e48-411f-a985-9c78b2030ee9@group-8D750AFE0FE3-FollowerState] INFO  server.RaftServerConfigKeys (ConfUtils.java:logFallback(53)) - raft.server.rpc.first-election.timeout.min = 5s (fallback to raft.server.rpc.timeout.min)
2022-12-23 07:22:35,346 [pool-361-thread-1] INFO  util.JmxRegister (JmxRegister.java:tryRegister(44)) - Successfully registered JMX Bean with object name Ratis:service=RaftServer,group=group-8D750AFE0FE3,id=c9ddfccf-4e48-411f-a985-9c78b2030ee9
2022-12-23 07:22:35,346 [c9ddfccf-4e48-411f-a985-9c78b2030ee9@group-8D750AFE0FE3-FollowerState] INFO  server.RaftServerConfigKeys (ConfUtils.java:logFallback(53)) - raft.server.rpc.first-election.timeout.max = 5200ms (fallback to raft.server.rpc.timeout.max)
2022-12-23 07:22:35,346 [pool-361-thread-1] INFO  server.RaftServerConfigKeys (ConfUtils.java:logGet(46)) - raft.server.snapshot.auto.trigger.enabled = true (custom)
2022-12-23 07:22:35,346 [pool-361-thread-1] INFO  server.RaftServerConfigKeys (ConfUtils.java:logGet(46)) - raft.server.snapshot.auto.trigger.threshold = 10000 (custom)
2022-12-23 07:22:35,347 [pool-361-thread-1] INFO  server.RaftServerConfigKeys (ConfUtils.java:logGet(46)) - raft.server.snapshot.retention.file.num = 5 (custom)
2022-12-23 07:22:35,347 [pool-361-thread-1] INFO  server.RaftServerConfigKeys (ConfUtils.java:logGet(46)) - raft.server.log.purge.upto.snapshot.index = false (default)
2022-12-23 07:22:35,347 [Command processor thread] INFO  ratis.XceiverServerRatis (XceiverServerRatis.java:addGroup(806)) - Created group PipelineID=2d14f4dc-9d5c-47d3-bd63-8d750afe0fe3
2022-12-23 07:22:35,364 [grpc-default-executor-0] INFO  server.RaftServer (RaftServerProxy.java:addNew(96)) - 122e07b3-5337-411b-bbd2-8c7328b2790d: addNew group-8D750AFE0FE3:[122e07b3-5337-411b-bbd2-8c7328b2790d|rpc:10.1.0.40:33187|dataStream:10.1.0.40:35899|priority:0|startupRole:FOLLOWER, c9ddfccf-4e48-411f-a985-9c78b2030ee9|rpc:10.1.0.40:36669|dataStream:10.1.0.40:44285|priority:1|startupRole:FOLLOWER, b08f5f88-5074-48f5-ac81-6aa5dd632f85|rpc:10.1.0.40:35433|dataStream:10.1.0.40:32937|priority:0|startupRole:FOLLOWER] returns group-8D750AFE0FE3:java.util.concurrent.CompletableFuture@47195ff1[Not completed]
2022-12-23 07:22:35,366 [pool-384-thread-1] INFO  server.RaftServer$Division (RaftServerImpl.java:<init>(195)) - 122e07b3-5337-411b-bbd2-8c7328b2790d: new RaftServerImpl for group-8D750AFE0FE3:[122e07b3-5337-411b-bbd2-8c7328b2790d|rpc:10.1.0.40:33187|dataStream:10.1.0.40:35899|priority:0|startupRole:FOLLOWER, c9ddfccf-4e48-411f-a985-9c78b2030ee9|rpc:10.1.0.40:36669|dataStream:10.1.0.40:44285|priority:1|startupRole:FOLLOWER, b08f5f88-5074-48f5-ac81-6aa5dd632f85|rpc:10.1.0.40:35433|dataStream:10.1.0.40:32937|priority:0|startupRole:FOLLOWER] with ContainerStateMachine:uninitialized
2022-12-23 07:22:35,366 [pool-384-thread-1] INFO  server.RaftServerConfigKeys (ConfUtils.java:logGet(46)) - raft.server.rpc.timeout.min = 5s (custom)
2022-12-23 07:22:35,366 [pool-384-thread-1] INFO  server.RaftServerConfigKeys (ConfUtils.java:logGet(46)) - raft.server.rpc.timeout.max = 5200ms (custom)
2022-12-23 07:22:35,366 [pool-384-thread-1] INFO  server.RaftServerConfigKeys (ConfUtils.java:logGet(46)) - raft.server.rpc.sleep.time = 25ms (default)
2022-12-23 07:22:35,366 [pool-384-thread-1] INFO  server.RaftServerConfigKeys (ConfUtils.java:logGet(46)) - raft.server.rpc.slowness.timeout = 300s (custom)
2022-12-23 07:22:35,366 [pool-384-thread-1] INFO  server.RaftServerConfigKeys (ConfUtils.java:logGet(46)) - raft.server.leaderelection.leader.step-down.wait-time = 10s (default)
2022-12-23 07:22:35,366 [pool-384-thread-1] INFO  server.RaftServerConfigKeys (ConfUtils.java:logGet(46)) - raft.server.sleep.deviation.threshold = 300ms (default)
2022-12-23 07:22:35,366 [pool-384-thread-1] INFO  server.RaftServer$Division (ServerState.java:<init>(118)) - 122e07b3-5337-411b-bbd2-8c7328b2790d@group-8D750AFE0FE3: ConfigurationManager, init=-1: peers:[122e07b3-5337-411b-bbd2-8c7328b2790d|rpc:10.1.0.40:33187|dataStream:10.1.0.40:35899|priority:0|startupRole:FOLLOWER, c9ddfccf-4e48-411f-a985-9c78b2030ee9|rpc:10.1.0.40:36669|dataStream:10.1.0.40:44285|priority:1|startupRole:FOLLOWER, b08f5f88-5074-48f5-ac81-6aa5dd632f85|rpc:10.1.0.40:35433|dataStream:10.1.0.40:32937|priority:0|startupRole:FOLLOWER]|listeners:[], old=null, confs=<EMPTY_MAP>
2022-12-23 07:22:35,366 [pool-384-thread-1] INFO  server.RaftServerConfigKeys (ConfUtils.java:logGet(46)) - raft.server.storage.dir = [/home/runner/work/ozone/ozone/hadoop-ozone/integration-test/target/test-dir/MiniOzoneClusterImpl-b048efff-b978-4370-a947-e513736927f6/datanode-1/data/ratis] (custom)
2022-12-23 07:22:35,366 [pool-384-thread-1] INFO  server.RaftServerConfigKeys (ConfUtils.java:logGet(46)) - raft.server.log.corruption.policy = EXCEPTION (default)
2022-12-23 07:22:35,366 [pool-384-thread-1] INFO  server.RaftServerConfigKeys (ConfUtils.java:logGet(46)) - raft.server.storage.free-space.min = 0MB (=0) (default)
2022-12-23 07:22:35,367 [pool-384-thread-1] INFO  server.RaftServerConfigKeys (ConfUtils.java:logGet(46)) - raft.server.notification.no-leader.timeout = 300s (custom)
2022-12-23 07:22:35,367 [pool-384-thread-1] INFO  server.RaftServerConfigKeys (ConfUtils.java:logGet(46)) - raft.server.retrycache.expirytime = 600000ms (custom)
2022-12-23 07:22:35,367 [pool-384-thread-1] INFO  server.RaftServerConfigKeys (ConfUtils.java:logGet(46)) - raft.server.retrycache.statistics.expirytime = 100μs (default)
2022-12-23 07:22:35,367 [pool-384-thread-1] INFO  server.RaftServerConfigKeys (ConfUtils.java:logGet(46)) - raft.server.log.appender.install.snapshot.enabled = false (custom)
2022-12-23 07:22:35,367 [pool-384-thread-1] INFO  server.RaftServerConfigKeys (ConfUtils.java:logGet(46)) - raft.server.threadpool.server.cached = true (default)
2022-12-23 07:22:35,367 [pool-384-thread-1] INFO  server.RaftServerConfigKeys (ConfUtils.java:logGet(46)) - raft.server.threadpool.server.size = 0 (default)
2022-12-23 07:22:35,367 [pool-384-thread-1] INFO  server.RaftServerConfigKeys (ConfUtils.java:logGet(46)) - raft.server.threadpool.client.cached = true (default)
2022-12-23 07:22:35,367 [pool-384-thread-1] INFO  server.RaftServerConfigKeys (ConfUtils.java:logGet(46)) - raft.server.threadpool.client.size = 0 (default)
2022-12-23 07:22:35,368 [pool-384-thread-1] INFO  storage.RaftStorageDirectory (RaftStorageDirectoryImpl.java:analyzeStorage(137)) - The storage directory /home/runner/work/ozone/ozone/hadoop-ozone/integration-test/target/test-dir/MiniOzoneClusterImpl-b048efff-b978-4370-a947-e513736927f6/datanode-1/data/ratis/2d14f4dc-9d5c-47d3-bd63-8d750afe0fe3 does not exist. Creating ...
2022-12-23 07:22:35,369 [pool-384-thread-1] INFO  storage.RaftStorageDirectory (RaftStorageDirectoryImpl.java:tryLock(231)) - Lock on /home/runner/work/ozone/ozone/hadoop-ozone/integration-test/target/test-dir/MiniOzoneClusterImpl-b048efff-b978-4370-a947-e513736927f6/datanode-1/data/ratis/2d14f4dc-9d5c-47d3-bd63-8d750afe0fe3/in_use.lock acquired by nodename 81300@fv-az505-480
2022-12-23 07:22:35,370 [pool-384-thread-1] INFO  storage.RaftStorage (RaftStorageImpl.java:format(96)) - Storage directory /home/runner/work/ozone/ozone/hadoop-ozone/integration-test/target/test-dir/MiniOzoneClusterImpl-b048efff-b978-4370-a947-e513736927f6/datanode-1/data/ratis/2d14f4dc-9d5c-47d3-bd63-8d750afe0fe3 has been successfully formatted.
2022-12-23 07:22:35,371 [pool-384-thread-1] INFO  ratis.ContainerStateMachine (ContainerStateMachine.java:loadSnapshot(240)) - group-8D750AFE0FE3: The snapshot info is null. Setting the last applied indexto:(t:0, i:~)
2022-12-23 07:22:35,371 [pool-384-thread-1] INFO  server.RaftServerConfigKeys (ConfUtils.java:logGet(46)) - raft.server.log.use.memory = false (default)
2022-12-23 07:22:35,371 [pool-384-thread-1] INFO  server.RaftServerConfigKeys (ConfUtils.java:logGet(46)) - raft.server.log.purge.gap = 1000000 (custom)
2022-12-23 07:22:35,371 [pool-384-thread-1] INFO  server.RaftServerConfigKeys (ConfUtils.java:logGet(46)) - raft.server.log.appender.buffer.byte-limit = 33554432 (custom)
2022-12-23 07:22:35,371 [pool-384-thread-1] INFO  server.RaftServerConfigKeys (ConfUtils.java:logGet(46)) - raft.server.log.statemachine.data.read.timeout = 1000ms (default)
2022-12-23 07:22:35,371 [pool-384-thread-1] INFO  server.RaftServerConfigKeys (ConfUtils.java:logGet(46)) - raft.server.log.purge.preservation.log.num = 0 (default)
2022-12-23 07:22:35,371 [pool-384-thread-1] INFO  server.RaftServerConfigKeys (ConfUtils.java:logGet(46)) - raft.server.log.segment.size.max = 1048576 (custom)
2022-12-23 07:22:35,372 [EventQueue-CommandQueueReportForCommandQueueReportHandler] WARN  events.EventQueue (EventQueue.java:fireEvent(216)) - No event handler registered for event TypedEvent{payloadType=DatanodeDetails, name='Datanode_Command_Queue_Updated'}
2022-12-23 07:22:35,373 [pool-384-thread-1] INFO  server.RaftServerConfigKeys (ConfUtils.java:logGet(46)) - raft.server.log.segment.cache.num.max = 2 (custom)
2022-12-23 07:22:35,373 [pool-384-thread-1] INFO  server.RaftServerConfigKeys (ConfUtils.java:logGet(46)) - raft.server.log.segment.cache.size.max = 200MB (=209715200) (default)
2022-12-23 07:22:35,373 [pool-384-thread-1] INFO  segmented.SegmentedRaftLogWorker (SegmentedRaftLogWorker.java:<init>(189)) - new 122e07b3-5337-411b-bbd2-8c7328b2790d@group-8D750AFE0FE3-SegmentedRaftLogWorker for RaftStorageImpl:Storage Directory /home/runner/work/ozone/ozone/hadoop-ozone/integration-test/target/test-dir/MiniOzoneClusterImpl-b048efff-b978-4370-a947-e513736927f6/datanode-1/data/ratis/2d14f4dc-9d5c-47d3-bd63-8d750afe0fe3
2022-12-23 07:22:35,373 [pool-384-thread-1] INFO  server.RaftServerConfigKeys (ConfUtils.java:logGet(46)) - raft.server.log.queue.byte-limit = 4294967296 (custom)
2022-12-23 07:22:35,373 [pool-384-thread-1] INFO  server.RaftServerConfigKeys (ConfUtils.java:logGet(46)) - raft.server.log.queue.element-limit = 1024 (custom)
2022-12-23 07:22:35,373 [pool-384-thread-1] INFO  server.RaftServerConfigKeys (ConfUtils.java:logGet(46)) - raft.server.log.segment.size.max = 1048576 (custom)
2022-12-23 07:22:35,373 [pool-384-thread-1] INFO  server.RaftServerConfigKeys (ConfUtils.java:logGet(46)) - raft.server.log.preallocated.size = 16384 (custom)
2022-12-23 07:22:35,373 [pool-384-thread-1] INFO  server.RaftServerConfigKeys (ConfUtils.java:logGet(46)) - raft.server.log.force.sync.num = 128 (default)
2022-12-23 07:22:35,373 [pool-384-thread-1] INFO  server.RaftServerConfigKeys (ConfUtils.java:logGet(46)) - raft.server.log.statemachine.data.sync = true (default)
2022-12-23 07:22:35,373 [pool-384-thread-1] INFO  server.RaftServerConfigKeys (ConfUtils.java:logGet(46)) - raft.server.log.statemachine.data.sync.timeout = 10s (default)
2022-12-23 07:22:35,373 [pool-384-thread-1] INFO  server.RaftServerConfigKeys (ConfUtils.java:logGet(46)) - raft.server.log.statemachine.data.sync.timeout.retry = -1 (default)
2022-12-23 07:22:35,374 [pool-384-thread-1] INFO  server.RaftServerConfigKeys (ConfUtils.java:logGet(46)) - raft.server.log.write.buffer.size = 1048576 (custom)
2022-12-23 07:22:35,375 [pool-384-thread-1] INFO  server.RaftServerConfigKeys (ConfUtils.java:logGet(46)) - raft.server.log.appender.buffer.byte-limit = 33554432 (custom)
2022-12-23 07:22:35,380 [pool-384-thread-1] INFO  server.RaftServerConfigKeys (ConfUtils.java:logGet(46)) - raft.server.log.unsafe-flush.enabled = false (default)
2022-12-23 07:22:35,380 [pool-384-thread-1] INFO  server.RaftServerConfigKeys (ConfUtils.java:logGet(46)) - raft.server.log.async-flush.enabled = false (default)
2022-12-23 07:22:35,380 [pool-384-thread-1] INFO  server.RaftServerConfigKeys (ConfUtils.java:logGet(46)) - raft.server.log.statemachine.data.caching.enabled = true (custom)
2022-12-23 07:22:35,380 [pool-384-thread-1] INFO  segmented.SegmentedRaftLogWorker (SegmentedRaftLogWorker.java:lambda$new$0(135)) - 122e07b3-5337-411b-bbd2-8c7328b2790d@group-8D750AFE0FE3-SegmentedRaftLogWorker: flushIndex: setUnconditionally 0 -> -1
2022-12-23 07:22:35,381 [pool-384-thread-1] INFO  segmented.SegmentedRaftLogWorker (SegmentedRaftLogWorker.java:lambda$new$0(135)) - 122e07b3-5337-411b-bbd2-8c7328b2790d@group-8D750AFE0FE3-SegmentedRaftLogWorker: safeCacheEvictIndex: setUnconditionally 0 -> -1
2022-12-23 07:22:35,381 [pool-384-thread-1] INFO  server.RaftServer$Division (RaftServerImpl.java:start(334)) - 122e07b3-5337-411b-bbd2-8c7328b2790d@group-8D750AFE0FE3: start as a follower, conf=-1: peers:[122e07b3-5337-411b-bbd2-8c7328b2790d|rpc:10.1.0.40:33187|dataStream:10.1.0.40:35899|priority:0|startupRole:FOLLOWER, c9ddfccf-4e48-411f-a985-9c78b2030ee9|rpc:10.1.0.40:36669|dataStream:10.1.0.40:44285|priority:1|startupRole:FOLLOWER, b08f5f88-5074-48f5-ac81-6aa5dd632f85|rpc:10.1.0.40:35433|dataStream:10.1.0.40:32937|priority:0|startupRole:FOLLOWER]|listeners:[], old=null
2022-12-23 07:22:35,381 [pool-384-thread-1] INFO  server.RaftServer$Division (RaftServerImpl.java:setRole(321)) - 122e07b3-5337-411b-bbd2-8c7328b2790d@group-8D750AFE0FE3: changes role from      null to FOLLOWER at term 0 for startAsFollower
2022-12-23 07:22:35,381 [pool-384-thread-1] INFO  impl.RoleInfo (RoleInfo.java:updateAndGet(139)) - 122e07b3-5337-411b-bbd2-8c7328b2790d: start 122e07b3-5337-411b-bbd2-8c7328b2790d@group-8D750AFE0FE3-FollowerState
2022-12-23 07:22:35,382 [pool-384-thread-1] INFO  util.JmxRegister (JmxRegister.java:tryRegister(44)) - Successfully registered JMX Bean with object name Ratis:service=RaftServer,group=group-8D750AFE0FE3,id=122e07b3-5337-411b-bbd2-8c7328b2790d
2022-12-23 07:22:35,383 [pool-384-thread-1] INFO  server.RaftServerConfigKeys (ConfUtils.java:logGet(46)) - raft.server.snapshot.auto.trigger.enabled = true (custom)
2022-12-23 07:22:35,383 [pool-384-thread-1] INFO  server.RaftServerConfigKeys (ConfUtils.java:logGet(46)) - raft.server.snapshot.auto.trigger.threshold = 10000 (custom)
2022-12-23 07:22:35,383 [pool-384-thread-1] INFO  server.RaftServerConfigKeys (ConfUtils.java:logGet(46)) - raft.server.snapshot.retention.file.num = 5 (custom)
2022-12-23 07:22:35,383 [pool-384-thread-1] INFO  server.RaftServerConfigKeys (ConfUtils.java:logGet(46)) - raft.server.log.purge.upto.snapshot.index = false (default)
2022-12-23 07:22:35,383 [122e07b3-5337-411b-bbd2-8c7328b2790d@group-8D750AFE0FE3-FollowerState] INFO  server.RaftServerConfigKeys (ConfUtils.java:logFallback(53)) - raft.server.rpc.first-election.timeout.min = 5s (fallback to raft.server.rpc.timeout.min)
2022-12-23 07:22:35,383 [122e07b3-5337-411b-bbd2-8c7328b2790d@group-8D750AFE0FE3-FollowerState] INFO  server.RaftServerConfigKeys (ConfUtils.java:logFallback(53)) - raft.server.rpc.first-election.timeout.max = 5200ms (fallback to raft.server.rpc.timeout.max)
2022-12-23 07:22:35,408 [grpc-default-executor-0] INFO  server.RaftServer (RaftServerProxy.java:addNew(96)) - b08f5f88-5074-48f5-ac81-6aa5dd632f85: addNew group-8D750AFE0FE3:[122e07b3-5337-411b-bbd2-8c7328b2790d|rpc:10.1.0.40:33187|dataStream:10.1.0.40:35899|priority:0|startupRole:FOLLOWER, c9ddfccf-4e48-411f-a985-9c78b2030ee9|rpc:10.1.0.40:36669|dataStream:10.1.0.40:44285|priority:1|startupRole:FOLLOWER, b08f5f88-5074-48f5-ac81-6aa5dd632f85|rpc:10.1.0.40:35433|dataStream:10.1.0.40:32937|priority:0|startupRole:FOLLOWER] returns group-8D750AFE0FE3:java.util.concurrent.CompletableFuture@61d937c8[Not completed]
2022-12-23 07:22:35,409 [pool-407-thread-1] INFO  server.RaftServer$Division (RaftServerImpl.java:<init>(195)) - b08f5f88-5074-48f5-ac81-6aa5dd632f85: new RaftServerImpl for group-8D750AFE0FE3:[122e07b3-5337-411b-bbd2-8c7328b2790d|rpc:10.1.0.40:33187|dataStream:10.1.0.40:35899|priority:0|startupRole:FOLLOWER, c9ddfccf-4e48-411f-a985-9c78b2030ee9|rpc:10.1.0.40:36669|dataStream:10.1.0.40:44285|priority:1|startupRole:FOLLOWER, b08f5f88-5074-48f5-ac81-6aa5dd632f85|rpc:10.1.0.40:35433|dataStream:10.1.0.40:32937|priority:0|startupRole:FOLLOWER] with ContainerStateMachine:uninitialized
2022-12-23 07:22:35,409 [pool-407-thread-1] INFO  server.RaftServerConfigKeys (ConfUtils.java:logGet(46)) - raft.server.rpc.timeout.min = 5s (custom)
2022-12-23 07:22:35,409 [pool-407-thread-1] INFO  server.RaftServerConfigKeys (ConfUtils.java:logGet(46)) - raft.server.rpc.timeout.max = 5200ms (custom)
2022-12-23 07:22:35,409 [pool-407-thread-1] INFO  server.RaftServerConfigKeys (ConfUtils.java:logGet(46)) - raft.server.rpc.sleep.time = 25ms (default)
2022-12-23 07:22:35,409 [pool-407-thread-1] INFO  server.RaftServerConfigKeys (ConfUtils.java:logGet(46)) - raft.server.rpc.slowness.timeout = 300s (custom)
2022-12-23 07:22:35,409 [pool-407-thread-1] INFO  server.RaftServerConfigKeys (ConfUtils.java:logGet(46)) - raft.server.leaderelection.leader.step-down.wait-time = 10s (default)
2022-12-23 07:22:35,409 [pool-407-thread-1] INFO  server.RaftServerConfigKeys (ConfUtils.java:logGet(46)) - raft.server.sleep.deviation.threshold = 300ms (default)
2022-12-23 07:22:35,409 [pool-407-thread-1] INFO  server.RaftServer$Division (ServerState.java:<init>(118)) - b08f5f88-5074-48f5-ac81-6aa5dd632f85@group-8D750AFE0FE3: ConfigurationManager, init=-1: peers:[122e07b3-5337-411b-bbd2-8c7328b2790d|rpc:10.1.0.40:33187|dataStream:10.1.0.40:35899|priority:0|startupRole:FOLLOWER, c9ddfccf-4e48-411f-a985-9c78b2030ee9|rpc:10.1.0.40:36669|dataStream:10.1.0.40:44285|priority:1|startupRole:FOLLOWER, b08f5f88-5074-48f5-ac81-6aa5dd632f85|rpc:10.1.0.40:35433|dataStream:10.1.0.40:32937|priority:0|startupRole:FOLLOWER]|listeners:[], old=null, confs=<EMPTY_MAP>
2022-12-23 07:22:35,409 [pool-407-thread-1] INFO  server.RaftServerConfigKeys (ConfUtils.java:logGet(46)) - raft.server.storage.dir = [/home/runner/work/ozone/ozone/hadoop-ozone/integration-test/target/test-dir/MiniOzoneClusterImpl-b048efff-b978-4370-a947-e513736927f6/datanode-2/data/ratis] (custom)
2022-12-23 07:22:35,409 [pool-407-thread-1] INFO  server.RaftServerConfigKeys (ConfUtils.java:logGet(46)) - raft.server.log.corruption.policy = EXCEPTION (default)
2022-12-23 07:22:35,409 [pool-407-thread-1] INFO  server.RaftServerConfigKeys (ConfUtils.java:logGet(46)) - raft.server.storage.free-space.min = 0MB (=0) (default)
2022-12-23 07:22:35,410 [pool-407-thread-1] INFO  server.RaftServerConfigKeys (ConfUtils.java:logGet(46)) - raft.server.notification.no-leader.timeout = 300s (custom)
2022-12-23 07:22:35,410 [pool-407-thread-1] INFO  server.RaftServerConfigKeys (ConfUtils.java:logGet(46)) - raft.server.retrycache.expirytime = 600000ms (custom)
2022-12-23 07:22:35,410 [pool-407-thread-1] INFO  server.RaftServerConfigKeys (ConfUtils.java:logGet(46)) - raft.server.retrycache.statistics.expirytime = 100μs (default)
2022-12-23 07:22:35,411 [pool-407-thread-1] INFO  server.RaftServerConfigKeys (ConfUtils.java:logGet(46)) - raft.server.log.appender.install.snapshot.enabled = false (custom)
2022-12-23 07:22:35,411 [pool-407-thread-1] INFO  server.RaftServerConfigKeys (ConfUtils.java:logGet(46)) - raft.server.threadpool.server.cached = true (default)
2022-12-23 07:22:35,411 [pool-407-thread-1] INFO  server.RaftServerConfigKeys (ConfUtils.java:logGet(46)) - raft.server.threadpool.server.size = 0 (default)
2022-12-23 07:22:35,411 [pool-407-thread-1] INFO  server.RaftServerConfigKeys (ConfUtils.java:logGet(46)) - raft.server.threadpool.client.cached = true (default)
2022-12-23 07:22:35,411 [pool-407-thread-1] INFO  server.RaftServerConfigKeys (ConfUtils.java:logGet(46)) - raft.server.threadpool.client.size = 0 (default)
2022-12-23 07:22:35,411 [pool-407-thread-1] INFO  storage.RaftStorageDirectory (RaftStorageDirectoryImpl.java:analyzeStorage(137)) - The storage directory /home/runner/work/ozone/ozone/hadoop-ozone/integration-test/target/test-dir/MiniOzoneClusterImpl-b048efff-b978-4370-a947-e513736927f6/datanode-2/data/ratis/2d14f4dc-9d5c-47d3-bd63-8d750afe0fe3 does not exist. Creating ...
2022-12-23 07:22:35,412 [pool-407-thread-1] INFO  storage.RaftStorageDirectory (RaftStorageDirectoryImpl.java:tryLock(231)) - Lock on /home/runner/work/ozone/ozone/hadoop-ozone/integration-test/target/test-dir/MiniOzoneClusterImpl-b048efff-b978-4370-a947-e513736927f6/datanode-2/data/ratis/2d14f4dc-9d5c-47d3-bd63-8d750afe0fe3/in_use.lock acquired by nodename 81300@fv-az505-480
2022-12-23 07:22:35,413 [pool-407-thread-1] INFO  storage.RaftStorage (RaftStorageImpl.java:format(96)) - Storage directory /home/runner/work/ozone/ozone/hadoop-ozone/integration-test/target/test-dir/MiniOzoneClusterImpl-b048efff-b978-4370-a947-e513736927f6/datanode-2/data/ratis/2d14f4dc-9d5c-47d3-bd63-8d750afe0fe3 has been successfully formatted.
2022-12-23 07:22:35,415 [pool-407-thread-1] INFO  ratis.ContainerStateMachine (ContainerStateMachine.java:loadSnapshot(240)) - group-8D750AFE0FE3: The snapshot info is null. Setting the last applied indexto:(t:0, i:~)
2022-12-23 07:22:35,415 [pool-407-thread-1] INFO  server.RaftServerConfigKeys (ConfUtils.java:logGet(46)) - raft.server.log.use.memory = false (default)
2022-12-23 07:22:35,415 [pool-407-thread-1] INFO  server.RaftServerConfigKeys (ConfUtils.java:logGet(46)) - raft.server.log.purge.gap = 1000000 (custom)
2022-12-23 07:22:35,415 [pool-407-thread-1] INFO  server.RaftServerConfigKeys (ConfUtils.java:logGet(46)) - raft.server.log.appender.buffer.byte-limit = 33554432 (custom)
2022-12-23 07:22:35,415 [pool-407-thread-1] INFO  server.RaftServerConfigKeys (ConfUtils.java:logGet(46)) - raft.server.log.statemachine.data.read.timeout = 1000ms (default)
2022-12-23 07:22:35,415 [pool-407-thread-1] INFO  server.RaftServerConfigKeys (ConfUtils.java:logGet(46)) - raft.server.log.purge.preservation.log.num = 0 (default)
2022-12-23 07:22:35,415 [pool-407-thread-1] INFO  server.RaftServerConfigKeys (ConfUtils.java:logGet(46)) - raft.server.log.segment.size.max = 1048576 (custom)
2022-12-23 07:22:35,415 [pool-407-thread-1] INFO  server.RaftServerConfigKeys (ConfUtils.java:logGet(46)) - raft.server.log.segment.cache.num.max = 2 (custom)
2022-12-23 07:22:35,415 [pool-407-thread-1] INFO  server.RaftServerConfigKeys (ConfUtils.java:logGet(46)) - raft.server.log.segment.cache.size.max = 200MB (=209715200) (default)
2022-12-23 07:22:35,415 [EventQueue-CommandQueueReportForCommandQueueReportHandler] WARN  events.EventQueue (EventQueue.java:fireEvent(216)) - No event handler registered for event TypedEvent{payloadType=DatanodeDetails, name='Datanode_Command_Queue_Updated'}
2022-12-23 07:22:35,415 [pool-407-thread-1] INFO  segmented.SegmentedRaftLogWorker (SegmentedRaftLogWorker.java:<init>(189)) - new b08f5f88-5074-48f5-ac81-6aa5dd632f85@group-8D750AFE0FE3-SegmentedRaftLogWorker for RaftStorageImpl:Storage Directory /home/runner/work/ozone/ozone/hadoop-ozone/integration-test/target/test-dir/MiniOzoneClusterImpl-b048efff-b978-4370-a947-e513736927f6/datanode-2/data/ratis/2d14f4dc-9d5c-47d3-bd63-8d750afe0fe3
2022-12-23 07:22:35,416 [pool-407-thread-1] INFO  server.RaftServerConfigKeys (ConfUtils.java:logGet(46)) - raft.server.log.queue.byte-limit = 4294967296 (custom)
2022-12-23 07:22:35,416 [pool-407-thread-1] INFO  server.RaftServerConfigKeys (ConfUtils.java:logGet(46)) - raft.server.log.queue.element-limit = 1024 (custom)
2022-12-23 07:22:35,416 [pool-407-thread-1] INFO  server.RaftServerConfigKeys (ConfUtils.java:logGet(46)) - raft.server.log.segment.size.max = 1048576 (custom)
2022-12-23 07:22:35,416 [pool-407-thread-1] INFO  server.RaftServerConfigKeys (ConfUtils.java:logGet(46)) - raft.server.log.preallocated.size = 16384 (custom)
2022-12-23 07:22:35,416 [pool-407-thread-1] INFO  server.RaftServerConfigKeys (ConfUtils.java:logGet(46)) - raft.server.log.force.sync.num = 128 (default)
2022-12-23 07:22:35,416 [pool-407-thread-1] INFO  server.RaftServerConfigKeys (ConfUtils.java:logGet(46)) - raft.server.log.statemachine.data.sync = true (default)
2022-12-23 07:22:35,416 [pool-407-thread-1] INFO  server.RaftServerConfigKeys (ConfUtils.java:logGet(46)) - raft.server.log.statemachine.data.sync.timeout = 10s (default)
2022-12-23 07:22:35,416 [pool-407-thread-1] INFO  server.RaftServerConfigKeys (ConfUtils.java:logGet(46)) - raft.server.log.statemachine.data.sync.timeout.retry = -1 (default)
2022-12-23 07:22:35,417 [pool-407-thread-1] INFO  server.RaftServerConfigKeys (ConfUtils.java:logGet(46)) - raft.server.log.write.buffer.size = 1048576 (custom)
2022-12-23 07:22:35,417 [pool-407-thread-1] INFO  server.RaftServerConfigKeys (ConfUtils.java:logGet(46)) - raft.server.log.appender.buffer.byte-limit = 33554432 (custom)
2022-12-23 07:22:35,427 [pool-407-thread-1] INFO  server.RaftServerConfigKeys (ConfUtils.java:logGet(46)) - raft.server.log.unsafe-flush.enabled = false (default)
2022-12-23 07:22:35,428 [pool-407-thread-1] INFO  server.RaftServerConfigKeys (ConfUtils.java:logGet(46)) - raft.server.log.async-flush.enabled = false (default)
2022-12-23 07:22:35,428 [pool-407-thread-1] INFO  server.RaftServerConfigKeys (ConfUtils.java:logGet(46)) - raft.server.log.statemachine.data.caching.enabled = true (custom)
2022-12-23 07:22:35,428 [pool-407-thread-1] INFO  segmented.SegmentedRaftLogWorker (SegmentedRaftLogWorker.java:lambda$new$0(135)) - b08f5f88-5074-48f5-ac81-6aa5dd632f85@group-8D750AFE0FE3-SegmentedRaftLogWorker: flushIndex: setUnconditionally 0 -> -1
2022-12-23 07:22:35,428 [pool-407-thread-1] INFO  segmented.SegmentedRaftLogWorker (SegmentedRaftLogWorker.java:lambda$new$0(135)) - b08f5f88-5074-48f5-ac81-6aa5dd632f85@group-8D750AFE0FE3-SegmentedRaftLogWorker: safeCacheEvictIndex: setUnconditionally 0 -> -1
2022-12-23 07:22:35,429 [pool-407-thread-1] INFO  server.RaftServer$Division (RaftServerImpl.java:start(334)) - b08f5f88-5074-48f5-ac81-6aa5dd632f85@group-8D750AFE0FE3: start as a follower, conf=-1: peers:[122e07b3-5337-411b-bbd2-8c7328b2790d|rpc:10.1.0.40:33187|dataStream:10.1.0.40:35899|priority:0|startupRole:FOLLOWER, c9ddfccf-4e48-411f-a985-9c78b2030ee9|rpc:10.1.0.40:36669|dataStream:10.1.0.40:44285|priority:1|startupRole:FOLLOWER, b08f5f88-5074-48f5-ac81-6aa5dd632f85|rpc:10.1.0.40:35433|dataStream:10.1.0.40:32937|priority:0|startupRole:FOLLOWER]|listeners:[], old=null
2022-12-23 07:22:35,429 [pool-407-thread-1] INFO  server.RaftServer$Division (RaftServerImpl.java:setRole(321)) - b08f5f88-5074-48f5-ac81-6aa5dd632f85@group-8D750AFE0FE3: changes role from      null to FOLLOWER at term 0 for startAsFollower
2022-12-23 07:22:35,429 [pool-407-thread-1] INFO  impl.RoleInfo (RoleInfo.java:updateAndGet(139)) - b08f5f88-5074-48f5-ac81-6aa5dd632f85: start b08f5f88-5074-48f5-ac81-6aa5dd632f85@group-8D750AFE0FE3-FollowerState
2022-12-23 07:22:35,429 [pool-407-thread-1] INFO  util.JmxRegister (JmxRegister.java:tryRegister(44)) - Successfully registered JMX Bean with object name Ratis:service=RaftServer,group=group-8D750AFE0FE3,id=b08f5f88-5074-48f5-ac81-6aa5dd632f85
2022-12-23 07:22:35,429 [pool-407-thread-1] INFO  server.RaftServerConfigKeys (ConfUtils.java:logGet(46)) - raft.server.snapshot.auto.trigger.enabled = true (custom)
2022-12-23 07:22:35,429 [pool-407-thread-1] INFO  server.RaftServerConfigKeys (ConfUtils.java:logGet(46)) - raft.server.snapshot.auto.trigger.threshold = 10000 (custom)
2022-12-23 07:22:35,429 [pool-407-thread-1] INFO  server.RaftServerConfigKeys (ConfUtils.java:logGet(46)) - raft.server.snapshot.retention.file.num = 5 (custom)
2022-12-23 07:22:35,429 [pool-407-thread-1] INFO  server.RaftServerConfigKeys (ConfUtils.java:logGet(46)) - raft.server.log.purge.upto.snapshot.index = false (default)
2022-12-23 07:22:35,430 [b08f5f88-5074-48f5-ac81-6aa5dd632f85@group-8D750AFE0FE3-FollowerState] INFO  server.RaftServerConfigKeys (ConfUtils.java:logFallback(53)) - raft.server.rpc.first-election.timeout.min = 5s (fallback to raft.server.rpc.timeout.min)
2022-12-23 07:22:35,431 [b08f5f88-5074-48f5-ac81-6aa5dd632f85@group-8D750AFE0FE3-FollowerState] INFO  server.RaftServerConfigKeys (ConfUtils.java:logFallback(53)) - raft.server.rpc.first-election.timeout.max = 5200ms (fallback to raft.server.rpc.timeout.max)
2022-12-23 07:22:35,437 [Command processor thread] INFO  commandhandler.CreatePipelineCommandHandler (CreatePipelineCommandHandler.java:handle(113)) - Created Pipeline RATIS THREE PipelineID=2d14f4dc-9d5c-47d3-bd63-8d750afe0fe3.
2022-12-23 07:22:35,437 [Command processor thread] INFO  server.RaftServer (RaftServerProxy.java:addNew(96)) - c9ddfccf-4e48-411f-a985-9c78b2030ee9: addNew group-07046C3287AF:[122e07b3-5337-411b-bbd2-8c7328b2790d|rpc:10.1.0.40:33187|dataStream:10.1.0.40:35899|priority:0|startupRole:FOLLOWER, c9ddfccf-4e48-411f-a985-9c78b2030ee9|rpc:10.1.0.40:36669|dataStream:10.1.0.40:44285|priority:0|startupRole:FOLLOWER, b08f5f88-5074-48f5-ac81-6aa5dd632f85|rpc:10.1.0.40:35433|dataStream:10.1.0.40:32937|priority:1|startupRole:FOLLOWER] returns group-07046C3287AF:java.util.concurrent.CompletableFuture@274e8120[Not completed]
2022-12-23 07:22:35,438 [pool-361-thread-1] INFO  server.RaftServer$Division (RaftServerImpl.java:<init>(195)) - c9ddfccf-4e48-411f-a985-9c78b2030ee9: new RaftServerImpl for group-07046C3287AF:[122e07b3-5337-411b-bbd2-8c7328b2790d|rpc:10.1.0.40:33187|dataStream:10.1.0.40:35899|priority:0|startupRole:FOLLOWER, c9ddfccf-4e48-411f-a985-9c78b2030ee9|rpc:10.1.0.40:36669|dataStream:10.1.0.40:44285|priority:0|startupRole:FOLLOWER, b08f5f88-5074-48f5-ac81-6aa5dd632f85|rpc:10.1.0.40:35433|dataStream:10.1.0.40:32937|priority:1|startupRole:FOLLOWER] with ContainerStateMachine:uninitialized
2022-12-23 07:22:35,438 [pool-361-thread-1] INFO  server.RaftServerConfigKeys (ConfUtils.java:logGet(46)) - raft.server.rpc.timeout.min = 5s (custom)
2022-12-23 07:22:35,438 [pool-361-thread-1] INFO  server.RaftServerConfigKeys (ConfUtils.java:logGet(46)) - raft.server.rpc.timeout.max = 5200ms (custom)
2022-12-23 07:22:35,438 [pool-361-thread-1] INFO  server.RaftServerConfigKeys (ConfUtils.java:logGet(46)) - raft.server.rpc.sleep.time = 25ms (default)
2022-12-23 07:22:35,438 [pool-361-thread-1] INFO  server.RaftServerConfigKeys (ConfUtils.java:logGet(46)) - raft.server.rpc.slowness.timeout = 300s (custom)
2022-12-23 07:22:35,438 [pool-361-thread-1] INFO  server.RaftServerConfigKeys (ConfUtils.java:logGet(46)) - raft.server.leaderelection.leader.step-down.wait-time = 10s (default)
2022-12-23 07:22:35,438 [pool-361-thread-1] INFO  server.RaftServerConfigKeys (ConfUtils.java:logGet(46)) - raft.server.sleep.deviation.threshold = 300ms (default)
2022-12-23 07:22:35,438 [pool-361-thread-1] INFO  server.RaftServer$Division (ServerState.java:<init>(118)) - c9ddfccf-4e48-411f-a985-9c78b2030ee9@group-07046C3287AF: ConfigurationManager, init=-1: peers:[122e07b3-5337-411b-bbd2-8c7328b2790d|rpc:10.1.0.40:33187|dataStream:10.1.0.40:35899|priority:0|startupRole:FOLLOWER, c9ddfccf-4e48-411f-a985-9c78b2030ee9|rpc:10.1.0.40:36669|dataStream:10.1.0.40:44285|priority:0|startupRole:FOLLOWER, b08f5f88-5074-48f5-ac81-6aa5dd632f85|rpc:10.1.0.40:35433|dataStream:10.1.0.40:32937|priority:1|startupRole:FOLLOWER]|listeners:[], old=null, confs=<EMPTY_MAP>
2022-12-23 07:22:35,438 [pool-361-thread-1] INFO  server.RaftServerConfigKeys (ConfUtils.java:logGet(46)) - raft.server.storage.dir = [/home/runner/work/ozone/ozone/hadoop-ozone/integration-test/target/test-dir/MiniOzoneClusterImpl-b048efff-b978-4370-a947-e513736927f6/datanode-0/data/ratis] (custom)
2022-12-23 07:22:35,439 [pool-361-thread-1] INFO  server.RaftServerConfigKeys (ConfUtils.java:logGet(46)) - raft.server.log.corruption.policy = EXCEPTION (default)
2022-12-23 07:22:35,439 [pool-361-thread-1] INFO  server.RaftServerConfigKeys (ConfUtils.java:logGet(46)) - raft.server.storage.free-space.min = 0MB (=0) (default)
2022-12-23 07:22:35,439 [pool-361-thread-1] INFO  server.RaftServerConfigKeys (ConfUtils.java:logGet(46)) - raft.server.notification.no-leader.timeout = 300s (custom)
2022-12-23 07:22:35,439 [pool-361-thread-1] INFO  server.RaftServerConfigKeys (ConfUtils.java:logGet(46)) - raft.server.retrycache.expirytime = 600000ms (custom)
2022-12-23 07:22:35,439 [pool-361-thread-1] INFO  server.RaftServerConfigKeys (ConfUtils.java:logGet(46)) - raft.server.retrycache.statistics.expirytime = 100μs (default)
2022-12-23 07:22:35,439 [pool-361-thread-1] INFO  server.RaftServerConfigKeys (ConfUtils.java:logGet(46)) - raft.server.log.appender.install.snapshot.enabled = false (custom)
2022-12-23 07:22:35,439 [pool-361-thread-1] INFO  server.RaftServerConfigKeys (ConfUtils.java:logGet(46)) - raft.server.threadpool.server.cached = true (default)
2022-12-23 07:22:35,440 [pool-361-thread-1] INFO  server.RaftServerConfigKeys (ConfUtils.java:logGet(46)) - raft.server.threadpool.server.size = 0 (default)
2022-12-23 07:22:35,440 [pool-361-thread-1] INFO  server.RaftServerConfigKeys (ConfUtils.java:logGet(46)) - raft.server.threadpool.client.cached = true (default)
2022-12-23 07:22:35,440 [pool-361-thread-1] INFO  server.RaftServerConfigKeys (ConfUtils.java:logGet(46)) - raft.server.threadpool.client.size = 0 (default)
2022-12-23 07:22:35,440 [pool-361-thread-1] INFO  storage.RaftStorageDirectory (RaftStorageDirectoryImpl.java:analyzeStorage(137)) - The storage directory /home/runner/work/ozone/ozone/hadoop-ozone/integration-test/target/test-dir/MiniOzoneClusterImpl-b048efff-b978-4370-a947-e513736927f6/datanode-0/data/ratis/acf68e8f-49ec-4e62-bc8c-07046c3287af does not exist. Creating ...
2022-12-23 07:22:35,441 [pool-361-thread-1] INFO  storage.RaftStorageDirectory (RaftStorageDirectoryImpl.java:tryLock(231)) - Lock on /home/runner/work/ozone/ozone/hadoop-ozone/integration-test/target/test-dir/MiniOzoneClusterImpl-b048efff-b978-4370-a947-e513736927f6/datanode-0/data/ratis/acf68e8f-49ec-4e62-bc8c-07046c3287af/in_use.lock acquired by nodename 81300@fv-az505-480
2022-12-23 07:22:35,442 [pool-361-thread-1] INFO  storage.RaftStorage (RaftStorageImpl.java:format(96)) - Storage directory /home/runner/work/ozone/ozone/hadoop-ozone/integration-test/target/test-dir/MiniOzoneClusterImpl-b048efff-b978-4370-a947-e513736927f6/datanode-0/data/ratis/acf68e8f-49ec-4e62-bc8c-07046c3287af has been successfully formatted.
2022-12-23 07:22:35,442 [pool-361-thread-1] INFO  ratis.ContainerStateMachine (ContainerStateMachine.java:loadSnapshot(240)) - group-07046C3287AF: The snapshot info is null. Setting the last applied indexto:(t:0, i:~)
2022-12-23 07:22:35,442 [pool-361-thread-1] INFO  server.RaftServerConfigKeys (ConfUtils.java:logGet(46)) - raft.server.log.use.memory = false (default)
2022-12-23 07:22:35,443 [pool-361-thread-1] INFO  server.RaftServerConfigKeys (ConfUtils.java:logGet(46)) - raft.server.log.purge.gap = 1000000 (custom)
2022-12-23 07:22:35,443 [pool-361-thread-1] INFO  server.RaftServerConfigKeys (ConfUtils.java:logGet(46)) - raft.server.log.appender.buffer.byte-limit = 33554432 (custom)
2022-12-23 07:22:35,443 [pool-361-thread-1] INFO  server.RaftServerConfigKeys (ConfUtils.java:logGet(46)) - raft.server.log.statemachine.data.read.timeout = 1000ms (default)
2022-12-23 07:22:35,443 [pool-361-thread-1] INFO  server.RaftServerConfigKeys (ConfUtils.java:logGet(46)) - raft.server.log.purge.preservation.log.num = 0 (default)
2022-12-23 07:22:35,443 [pool-361-thread-1] INFO  server.RaftServerConfigKeys (ConfUtils.java:logGet(46)) - raft.server.log.segment.size.max = 1048576 (custom)
2022-12-23 07:22:35,443 [pool-361-thread-1] INFO  server.RaftServerConfigKeys (ConfUtils.java:logGet(46)) - raft.server.log.segment.cache.num.max = 2 (custom)
2022-12-23 07:22:35,443 [pool-361-thread-1] INFO  server.RaftServerConfigKeys (ConfUtils.java:logGet(46)) - raft.server.log.segment.cache.size.max = 200MB (=209715200) (default)
2022-12-23 07:22:35,443 [pool-361-thread-1] INFO  segmented.SegmentedRaftLogWorker (SegmentedRaftLogWorker.java:<init>(189)) - new c9ddfccf-4e48-411f-a985-9c78b2030ee9@group-07046C3287AF-SegmentedRaftLogWorker for RaftStorageImpl:Storage Directory /home/runner/work/ozone/ozone/hadoop-ozone/integration-test/target/test-dir/MiniOzoneClusterImpl-b048efff-b978-4370-a947-e513736927f6/datanode-0/data/ratis/acf68e8f-49ec-4e62-bc8c-07046c3287af
2022-12-23 07:22:35,444 [pool-361-thread-1] INFO  server.RaftServerConfigKeys (ConfUtils.java:logGet(46)) - raft.server.log.queue.byte-limit = 4294967296 (custom)
2022-12-23 07:22:35,444 [pool-361-thread-1] INFO  server.RaftServerConfigKeys (ConfUtils.java:logGet(46)) - raft.server.log.queue.element-limit = 1024 (custom)
2022-12-23 07:22:35,444 [pool-361-thread-1] INFO  server.RaftServerConfigKeys (ConfUtils.java:logGet(46)) - raft.server.log.segment.size.max = 1048576 (custom)
2022-12-23 07:22:35,444 [pool-361-thread-1] INFO  server.RaftServerConfigKeys (ConfUtils.java:logGet(46)) - raft.server.log.preallocated.size = 16384 (custom)
2022-12-23 07:22:35,444 [pool-361-thread-1] INFO  server.RaftServerConfigKeys (ConfUtils.java:logGet(46)) - raft.server.log.force.sync.num = 128 (default)
2022-12-23 07:22:35,444 [pool-361-thread-1] INFO  server.RaftServerConfigKeys (ConfUtils.java:logGet(46)) - raft.server.log.statemachine.data.sync = true (default)
2022-12-23 07:22:35,444 [pool-361-thread-1] INFO  server.RaftServerConfigKeys (ConfUtils.java:logGet(46)) - raft.server.log.statemachine.data.sync.timeout = 10s (default)
2022-12-23 07:22:35,444 [pool-361-thread-1] INFO  server.RaftServerConfigKeys (ConfUtils.java:logGet(46)) - raft.server.log.statemachine.data.sync.timeout.retry = -1 (default)
2022-12-23 07:22:35,444 [pool-361-thread-1] INFO  server.RaftServerConfigKeys (ConfUtils.java:logGet(46)) - raft.server.log.write.buffer.size = 1048576 (custom)
2022-12-23 07:22:35,445 [EventQueue-CommandQueueReportForCommandQueueReportHandler] WARN  events.EventQueue (EventQueue.java:fireEvent(216)) - No event handler registered for event TypedEvent{payloadType=DatanodeDetails, name='Datanode_Command_Queue_Updated'}
2022-12-23 07:22:35,445 [EventQueue-OpenPipelineForHealthyPipelineSafeModeRule] INFO  safemode.SCMSafeModeManager (HealthyPipelineSafeModeRule.java:process(137)) - SCM in safe mode. Healthy pipelines reported count is 0, required healthy pipeline reported count is 1
2022-12-23 07:22:35,446 [pool-361-thread-1] INFO  server.RaftServerConfigKeys (ConfUtils.java:logGet(46)) - raft.server.log.appender.buffer.byte-limit = 33554432 (custom)
2022-12-23 07:22:35,459 [pool-361-thread-1] INFO  server.RaftServerConfigKeys (ConfUtils.java:logGet(46)) - raft.server.log.unsafe-flush.enabled = false (default)
2022-12-23 07:22:35,459 [pool-361-thread-1] INFO  server.RaftServerConfigKeys (ConfUtils.java:logGet(46)) - raft.server.log.async-flush.enabled = false (default)
2022-12-23 07:22:35,459 [pool-361-thread-1] INFO  server.RaftServerConfigKeys (ConfUtils.java:logGet(46)) - raft.server.log.statemachine.data.caching.enabled = true (custom)
2022-12-23 07:22:35,459 [pool-361-thread-1] INFO  segmented.SegmentedRaftLogWorker (SegmentedRaftLogWorker.java:lambda$new$0(135)) - c9ddfccf-4e48-411f-a985-9c78b2030ee9@group-07046C3287AF-SegmentedRaftLogWorker: flushIndex: setUnconditionally 0 -> -1
2022-12-23 07:22:35,459 [pool-361-thread-1] INFO  segmented.SegmentedRaftLogWorker (SegmentedRaftLogWorker.java:lambda$new$0(135)) - c9ddfccf-4e48-411f-a985-9c78b2030ee9@group-07046C3287AF-SegmentedRaftLogWorker: safeCacheEvictIndex: setUnconditionally 0 -> -1
2022-12-23 07:22:35,459 [pool-361-thread-1] INFO  server.RaftServer$Division (RaftServerImpl.java:start(334)) - c9ddfccf-4e48-411f-a985-9c78b2030ee9@group-07046C3287AF: start as a follower, conf=-1: peers:[122e07b3-5337-411b-bbd2-8c7328b2790d|rpc:10.1.0.40:33187|dataStream:10.1.0.40:35899|priority:0|startupRole:FOLLOWER, c9ddfccf-4e48-411f-a985-9c78b2030ee9|rpc:10.1.0.40:36669|dataStream:10.1.0.40:44285|priority:0|startupRole:FOLLOWER, b08f5f88-5074-48f5-ac81-6aa5dd632f85|rpc:10.1.0.40:35433|dataStream:10.1.0.40:32937|priority:1|startupRole:FOLLOWER]|listeners:[], old=null
2022-12-23 07:22:35,459 [pool-361-thread-1] INFO  server.RaftServer$Division (RaftServerImpl.java:setRole(321)) - c9ddfccf-4e48-411f-a985-9c78b2030ee9@group-07046C3287AF: changes role from      null to FOLLOWER at term 0 for startAsFollower
2022-12-23 07:22:35,460 [pool-361-thread-1] INFO  impl.RoleInfo (RoleInfo.java:updateAndGet(139)) - c9ddfccf-4e48-411f-a985-9c78b2030ee9: start c9ddfccf-4e48-411f-a985-9c78b2030ee9@group-07046C3287AF-FollowerState
2022-12-23 07:22:35,460 [pool-361-thread-1] INFO  util.JmxRegister (JmxRegister.java:tryRegister(44)) - Successfully registered JMX Bean with object name Ratis:service=RaftServer,group=group-07046C3287AF,id=c9ddfccf-4e48-411f-a985-9c78b2030ee9
2022-12-23 07:22:35,460 [c9ddfccf-4e48-411f-a985-9c78b2030ee9@group-07046C3287AF-FollowerState] INFO  server.RaftServerConfigKeys (ConfUtils.java:logFallback(53)) - raft.server.rpc.first-election.timeout.min = 5s (fallback to raft.server.rpc.timeout.min)
2022-12-23 07:22:35,460 [pool-361-thread-1] INFO  server.RaftServerConfigKeys (ConfUtils.java:logGet(46)) - raft.server.snapshot.auto.trigger.enabled = true (custom)
2022-12-23 07:22:35,460 [c9ddfccf-4e48-411f-a985-9c78b2030ee9@group-07046C3287AF-FollowerState] INFO  server.RaftServerConfigKeys (ConfUtils.java:logFallback(53)) - raft.server.rpc.first-election.timeout.max = 5200ms (fallback to raft.server.rpc.timeout.max)
2022-12-23 07:22:35,460 [pool-361-thread-1] INFO  server.RaftServerConfigKeys (ConfUtils.java:logGet(46)) - raft.server.snapshot.auto.trigger.threshold = 10000 (custom)
2022-12-23 07:22:35,460 [pool-361-thread-1] INFO  server.RaftServerConfigKeys (ConfUtils.java:logGet(46)) - raft.server.snapshot.retention.file.num = 5 (custom)
2022-12-23 07:22:35,460 [pool-361-thread-1] INFO  server.RaftServerConfigKeys (ConfUtils.java:logGet(46)) - raft.server.log.purge.upto.snapshot.index = false (default)
2022-12-23 07:22:35,461 [Command processor thread] INFO  ratis.XceiverServerRatis (XceiverServerRatis.java:addGroup(806)) - Created group PipelineID=acf68e8f-49ec-4e62-bc8c-07046c3287af
2022-12-23 07:22:35,470 [grpc-default-executor-0] INFO  server.RaftServer (RaftServerProxy.java:addNew(96)) - b08f5f88-5074-48f5-ac81-6aa5dd632f85: addNew group-07046C3287AF:[122e07b3-5337-411b-bbd2-8c7328b2790d|rpc:10.1.0.40:33187|dataStream:10.1.0.40:35899|priority:0|startupRole:FOLLOWER, c9ddfccf-4e48-411f-a985-9c78b2030ee9|rpc:10.1.0.40:36669|dataStream:10.1.0.40:44285|priority:0|startupRole:FOLLOWER, b08f5f88-5074-48f5-ac81-6aa5dd632f85|rpc:10.1.0.40:35433|dataStream:10.1.0.40:32937|priority:1|startupRole:FOLLOWER] returns group-07046C3287AF:java.util.concurrent.CompletableFuture@d6b82a1[Not completed]
2022-12-23 07:22:35,471 [pool-407-thread-1] INFO  server.RaftServer$Division (RaftServerImpl.java:<init>(195)) - b08f5f88-5074-48f5-ac81-6aa5dd632f85: new RaftServerImpl for group-07046C3287AF:[122e07b3-5337-411b-bbd2-8c7328b2790d|rpc:10.1.0.40:33187|dataStream:10.1.0.40:35899|priority:0|startupRole:FOLLOWER, c9ddfccf-4e48-411f-a985-9c78b2030ee9|rpc:10.1.0.40:36669|dataStream:10.1.0.40:44285|priority:0|startupRole:FOLLOWER, b08f5f88-5074-48f5-ac81-6aa5dd632f85|rpc:10.1.0.40:35433|dataStream:10.1.0.40:32937|priority:1|startupRole:FOLLOWER] with ContainerStateMachine:uninitialized
2022-12-23 07:22:35,471 [pool-407-thread-1] INFO  server.RaftServerConfigKeys (ConfUtils.java:logGet(46)) - raft.server.rpc.timeout.min = 5s (custom)
2022-12-23 07:22:35,471 [pool-407-thread-1] INFO  server.RaftServerConfigKeys (ConfUtils.java:logGet(46)) - raft.server.rpc.timeout.max = 5200ms (custom)
2022-12-23 07:22:35,471 [pool-407-thread-1] INFO  server.RaftServerConfigKeys (ConfUtils.java:logGet(46)) - raft.server.rpc.sleep.time = 25ms (default)
2022-12-23 07:22:35,471 [pool-407-thread-1] INFO  server.RaftServerConfigKeys (ConfUtils.java:logGet(46)) - raft.server.rpc.slowness.timeout = 300s (custom)
2022-12-23 07:22:35,471 [pool-407-thread-1] INFO  server.RaftServerConfigKeys (ConfUtils.java:logGet(46)) - raft.server.leaderelection.leader.step-down.wait-time = 10s (default)
2022-12-23 07:22:35,471 [pool-407-thread-1] INFO  server.RaftServerConfigKeys (ConfUtils.java:logGet(46)) - raft.server.sleep.deviation.threshold = 300ms (default)
2022-12-23 07:22:35,471 [pool-407-thread-1] INFO  server.RaftServer$Division (ServerState.java:<init>(118)) - b08f5f88-5074-48f5-ac81-6aa5dd632f85@group-07046C3287AF: ConfigurationManager, init=-1: peers:[122e07b3-5337-411b-bbd2-8c7328b2790d|rpc:10.1.0.40:33187|dataStream:10.1.0.40:35899|priority:0|startupRole:FOLLOWER, c9ddfccf-4e48-411f-a985-9c78b2030ee9|rpc:10.1.0.40:36669|dataStream:10.1.0.40:44285|priority:0|startupRole:FOLLOWER, b08f5f88-5074-48f5-ac81-6aa5dd632f85|rpc:10.1.0.40:35433|dataStream:10.1.0.40:32937|priority:1|startupRole:FOLLOWER]|listeners:[], old=null, confs=<EMPTY_MAP>
2022-12-23 07:22:35,471 [pool-407-thread-1] INFO  server.RaftServerConfigKeys (ConfUtils.java:logGet(46)) - raft.server.storage.dir = [/home/runner/work/ozone/ozone/hadoop-ozone/integration-test/target/test-dir/MiniOzoneClusterImpl-b048efff-b978-4370-a947-e513736927f6/datanode-2/data/ratis] (custom)
2022-12-23 07:22:35,471 [pool-407-thread-1] INFO  server.RaftServerConfigKeys (ConfUtils.java:logGet(46)) - raft.server.log.corruption.policy = EXCEPTION (default)
2022-12-23 07:22:35,471 [pool-407-thread-1] INFO  server.RaftServerConfigKeys (ConfUtils.java:logGet(46)) - raft.server.storage.free-space.min = 0MB (=0) (default)
2022-12-23 07:22:35,471 [pool-407-thread-1] INFO  server.RaftServerConfigKeys (ConfUtils.java:logGet(46)) - raft.server.notification.no-leader.timeout = 300s (custom)
2022-12-23 07:22:35,472 [pool-407-thread-1] INFO  server.RaftServerConfigKeys (ConfUtils.java:logGet(46)) - raft.server.retrycache.expirytime = 600000ms (custom)
2022-12-23 07:22:35,472 [pool-407-thread-1] INFO  server.RaftServerConfigKeys (ConfUtils.java:logGet(46)) - raft.server.retrycache.statistics.expirytime = 100μs (default)
2022-12-23 07:22:35,472 [pool-407-thread-1] INFO  server.RaftServerConfigKeys (ConfUtils.java:logGet(46)) - raft.server.log.appender.install.snapshot.enabled = false (custom)
2022-12-23 07:22:35,472 [pool-407-thread-1] INFO  server.RaftServerConfigKeys (ConfUtils.java:logGet(46)) - raft.server.threadpool.server.cached = true (default)
2022-12-23 07:22:35,472 [pool-407-thread-1] INFO  server.RaftServerConfigKeys (ConfUtils.java:logGet(46)) - raft.server.threadpool.server.size = 0 (default)
2022-12-23 07:22:35,472 [pool-407-thread-1] INFO  server.RaftServerConfigKeys (ConfUtils.java:logGet(46)) - raft.server.threadpool.client.cached = true (default)
2022-12-23 07:22:35,472 [pool-407-thread-1] INFO  server.RaftServerConfigKeys (ConfUtils.java:logGet(46)) - raft.server.threadpool.client.size = 0 (default)
2022-12-23 07:22:35,473 [pool-407-thread-1] INFO  storage.RaftStorageDirectory (RaftStorageDirectoryImpl.java:analyzeStorage(137)) - The storage directory /home/runner/work/ozone/ozone/hadoop-ozone/integration-test/target/test-dir/MiniOzoneClusterImpl-b048efff-b978-4370-a947-e513736927f6/datanode-2/data/ratis/acf68e8f-49ec-4e62-bc8c-07046c3287af does not exist. Creating ...
2022-12-23 07:22:35,474 [pool-407-thread-1] INFO  storage.RaftStorageDirectory (RaftStorageDirectoryImpl.java:tryLock(231)) - Lock on /home/runner/work/ozone/ozone/hadoop-ozone/integration-test/target/test-dir/MiniOzoneClusterImpl-b048efff-b978-4370-a947-e513736927f6/datanode-2/data/ratis/acf68e8f-49ec-4e62-bc8c-07046c3287af/in_use.lock acquired by nodename 81300@fv-az505-480
2022-12-23 07:22:35,475 [pool-407-thread-1] INFO  storage.RaftStorage (RaftStorageImpl.java:format(96)) - Storage directory /home/runner/work/ozone/ozone/hadoop-ozone/integration-test/target/test-dir/MiniOzoneClusterImpl-b048efff-b978-4370-a947-e513736927f6/datanode-2/data/ratis/acf68e8f-49ec-4e62-bc8c-07046c3287af has been successfully formatted.
2022-12-23 07:22:35,476 [pool-407-thread-1] INFO  ratis.ContainerStateMachine (ContainerStateMachine.java:loadSnapshot(240)) - group-07046C3287AF: The snapshot info is null. Setting the last applied indexto:(t:0, i:~)
2022-12-23 07:22:35,476 [pool-407-thread-1] INFO  server.RaftServerConfigKeys (ConfUtils.java:logGet(46)) - raft.server.log.use.memory = false (default)
2022-12-23 07:22:35,476 [pool-407-thread-1] INFO  server.RaftServerConfigKeys (ConfUtils.java:logGet(46)) - raft.server.log.purge.gap = 1000000 (custom)
2022-12-23 07:22:35,476 [pool-407-thread-1] INFO  server.RaftServerConfigKeys (ConfUtils.java:logGet(46)) - raft.server.log.appender.buffer.byte-limit = 33554432 (custom)
2022-12-23 07:22:35,476 [pool-407-thread-1] INFO  server.RaftServerConfigKeys (ConfUtils.java:logGet(46)) - raft.server.log.statemachine.data.read.timeout = 1000ms (default)
2022-12-23 07:22:35,476 [pool-407-thread-1] INFO  server.RaftServerConfigKeys (ConfUtils.java:logGet(46)) - raft.server.log.purge.preservation.log.num = 0 (default)
2022-12-23 07:22:35,476 [EventQueue-CommandQueueReportForCommandQueueReportHandler] WARN  events.EventQueue (EventQueue.java:fireEvent(216)) - No event handler registered for event TypedEvent{payloadType=DatanodeDetails, name='Datanode_Command_Queue_Updated'}
2022-12-23 07:22:35,476 [pool-407-thread-1] INFO  server.RaftServerConfigKeys (ConfUtils.java:logGet(46)) - raft.server.log.segment.size.max = 1048576 (custom)
2022-12-23 07:22:35,477 [pool-407-thread-1] INFO  server.RaftServerConfigKeys (ConfUtils.java:logGet(46)) - raft.server.log.segment.cache.num.max = 2 (custom)
2022-12-23 07:22:35,478 [pool-407-thread-1] INFO  server.RaftServerConfigKeys (ConfUtils.java:logGet(46)) - raft.server.log.segment.cache.size.max = 200MB (=209715200) (default)
2022-12-23 07:22:35,478 [pool-407-thread-1] INFO  segmented.SegmentedRaftLogWorker (SegmentedRaftLogWorker.java:<init>(189)) - new b08f5f88-5074-48f5-ac81-6aa5dd632f85@group-07046C3287AF-SegmentedRaftLogWorker for RaftStorageImpl:Storage Directory /home/runner/work/ozone/ozone/hadoop-ozone/integration-test/target/test-dir/MiniOzoneClusterImpl-b048efff-b978-4370-a947-e513736927f6/datanode-2/data/ratis/acf68e8f-49ec-4e62-bc8c-07046c3287af
2022-12-23 07:22:35,478 [pool-407-thread-1] INFO  server.RaftServerConfigKeys (ConfUtils.java:logGet(46)) - raft.server.log.queue.byte-limit = 4294967296 (custom)
2022-12-23 07:22:35,478 [pool-407-thread-1] INFO  server.RaftServerConfigKeys (ConfUtils.java:logGet(46)) - raft.server.log.queue.element-limit = 1024 (custom)
2022-12-23 07:22:35,478 [pool-407-thread-1] INFO  server.RaftServerConfigKeys (ConfUtils.java:logGet(46)) - raft.server.log.segment.size.max = 1048576 (custom)
2022-12-23 07:22:35,478 [pool-407-thread-1] INFO  server.RaftServerConfigKeys (ConfUtils.java:logGet(46)) - raft.server.log.preallocated.size = 16384 (custom)
2022-12-23 07:22:35,478 [pool-407-thread-1] INFO  server.RaftServerConfigKeys (ConfUtils.java:logGet(46)) - raft.server.log.force.sync.num = 128 (default)
2022-12-23 07:22:35,478 [pool-407-thread-1] INFO  server.RaftServerConfigKeys (ConfUtils.java:logGet(46)) - raft.server.log.statemachine.data.sync = true (default)
2022-12-23 07:22:35,478 [pool-407-thread-1] INFO  server.RaftServerConfigKeys (ConfUtils.java:logGet(46)) - raft.server.log.statemachine.data.sync.timeout = 10s (default)
2022-12-23 07:22:35,478 [pool-407-thread-1] INFO  server.RaftServerConfigKeys (ConfUtils.java:logGet(46)) - raft.server.log.statemachine.data.sync.timeout.retry = -1 (default)
2022-12-23 07:22:35,478 [pool-407-thread-1] INFO  server.RaftServerConfigKeys (ConfUtils.java:logGet(46)) - raft.server.log.write.buffer.size = 1048576 (custom)
2022-12-23 07:22:35,479 [pool-407-thread-1] INFO  server.RaftServerConfigKeys (ConfUtils.java:logGet(46)) - raft.server.log.appender.buffer.byte-limit = 33554432 (custom)
2022-12-23 07:22:35,493 [pool-407-thread-1] INFO  server.RaftServerConfigKeys (ConfUtils.java:logGet(46)) - raft.server.log.unsafe-flush.enabled = false (default)
2022-12-23 07:22:35,493 [pool-407-thread-1] INFO  server.RaftServerConfigKeys (ConfUtils.java:logGet(46)) - raft.server.log.async-flush.enabled = false (default)
2022-12-23 07:22:35,493 [pool-407-thread-1] INFO  server.RaftServerConfigKeys (ConfUtils.java:logGet(46)) - raft.server.log.statemachine.data.caching.enabled = true (custom)
2022-12-23 07:22:35,494 [pool-407-thread-1] INFO  segmented.SegmentedRaftLogWorker (SegmentedRaftLogWorker.java:lambda$new$0(135)) - b08f5f88-5074-48f5-ac81-6aa5dd632f85@group-07046C3287AF-SegmentedRaftLogWorker: flushIndex: setUnconditionally 0 -> -1
2022-12-23 07:22:35,494 [pool-407-thread-1] INFO  segmented.SegmentedRaftLogWorker (SegmentedRaftLogWorker.java:lambda$new$0(135)) - b08f5f88-5074-48f5-ac81-6aa5dd632f85@group-07046C3287AF-SegmentedRaftLogWorker: safeCacheEvictIndex: setUnconditionally 0 -> -1
2022-12-23 07:22:35,494 [pool-407-thread-1] INFO  server.RaftServer$Division (RaftServerImpl.java:start(334)) - b08f5f88-5074-48f5-ac81-6aa5dd632f85@group-07046C3287AF: start as a follower, conf=-1: peers:[122e07b3-5337-411b-bbd2-8c7328b2790d|rpc:10.1.0.40:33187|dataStream:10.1.0.40:35899|priority:0|startupRole:FOLLOWER, c9ddfccf-4e48-411f-a985-9c78b2030ee9|rpc:10.1.0.40:36669|dataStream:10.1.0.40:44285|priority:0|startupRole:FOLLOWER, b08f5f88-5074-48f5-ac81-6aa5dd632f85|rpc:10.1.0.40:35433|dataStream:10.1.0.40:32937|priority:1|startupRole:FOLLOWER]|listeners:[], old=null
2022-12-23 07:22:35,494 [pool-407-thread-1] INFO  server.RaftServer$Division (RaftServerImpl.java:setRole(321)) - b08f5f88-5074-48f5-ac81-6aa5dd632f85@group-07046C3287AF: changes role from      null to FOLLOWER at term 0 for startAsFollower
2022-12-23 07:22:35,494 [pool-407-thread-1] INFO  impl.RoleInfo (RoleInfo.java:updateAndGet(139)) - b08f5f88-5074-48f5-ac81-6aa5dd632f85: start b08f5f88-5074-48f5-ac81-6aa5dd632f85@group-07046C3287AF-FollowerState
2022-12-23 07:22:35,495 [pool-407-thread-1] INFO  util.JmxRegister (JmxRegister.java:tryRegister(44)) - Successfully registered JMX Bean with object name Ratis:service=RaftServer,group=group-07046C3287AF,id=b08f5f88-5074-48f5-ac81-6aa5dd632f85
2022-12-23 07:22:35,495 [pool-407-thread-1] INFO  server.RaftServerConfigKeys (ConfUtils.java:logGet(46)) - raft.server.snapshot.auto.trigger.enabled = true (custom)
2022-12-23 07:22:35,495 [pool-407-thread-1] INFO  server.RaftServerConfigKeys (ConfUtils.java:logGet(46)) - raft.server.snapshot.auto.trigger.threshold = 10000 (custom)
2022-12-23 07:22:35,495 [pool-407-thread-1] INFO  server.RaftServerConfigKeys (ConfUtils.java:logGet(46)) - raft.server.snapshot.retention.file.num = 5 (custom)
2022-12-23 07:22:35,495 [pool-407-thread-1] INFO  server.RaftServerConfigKeys (ConfUtils.java:logGet(46)) - raft.server.log.purge.upto.snapshot.index = false (default)
2022-12-23 07:22:35,496 [b08f5f88-5074-48f5-ac81-6aa5dd632f85@group-07046C3287AF-FollowerState] INFO  server.RaftServerConfigKeys (ConfUtils.java:logFallback(53)) - raft.server.rpc.first-election.timeout.min = 5s (fallback to raft.server.rpc.timeout.min)
2022-12-23 07:22:35,496 [b08f5f88-5074-48f5-ac81-6aa5dd632f85@group-07046C3287AF-FollowerState] INFO  server.RaftServerConfigKeys (ConfUtils.java:logFallback(53)) - raft.server.rpc.first-election.timeout.max = 5200ms (fallback to raft.server.rpc.timeout.max)
2022-12-23 07:22:35,511 [grpc-default-executor-0] INFO  server.RaftServer (RaftServerProxy.java:addNew(96)) - 122e07b3-5337-411b-bbd2-8c7328b2790d: addNew group-07046C3287AF:[122e07b3-5337-411b-bbd2-8c7328b2790d|rpc:10.1.0.40:33187|dataStream:10.1.0.40:35899|priority:0|startupRole:FOLLOWER, c9ddfccf-4e48-411f-a985-9c78b2030ee9|rpc:10.1.0.40:36669|dataStream:10.1.0.40:44285|priority:0|startupRole:FOLLOWER, b08f5f88-5074-48f5-ac81-6aa5dd632f85|rpc:10.1.0.40:35433|dataStream:10.1.0.40:32937|priority:1|startupRole:FOLLOWER] returns group-07046C3287AF:java.util.concurrent.CompletableFuture@204f407c[Not completed]
2022-12-23 07:22:35,512 [pool-384-thread-1] INFO  server.RaftServer$Division (RaftServerImpl.java:<init>(195)) - 122e07b3-5337-411b-bbd2-8c7328b2790d: new RaftServerImpl for group-07046C3287AF:[122e07b3-5337-411b-bbd2-8c7328b2790d|rpc:10.1.0.40:33187|dataStream:10.1.0.40:35899|priority:0|startupRole:FOLLOWER, c9ddfccf-4e48-411f-a985-9c78b2030ee9|rpc:10.1.0.40:36669|dataStream:10.1.0.40:44285|priority:0|startupRole:FOLLOWER, b08f5f88-5074-48f5-ac81-6aa5dd632f85|rpc:10.1.0.40:35433|dataStream:10.1.0.40:32937|priority:1|startupRole:FOLLOWER] with ContainerStateMachine:uninitialized
2022-12-23 07:22:35,512 [pool-384-thread-1] INFO  server.RaftServerConfigKeys (ConfUtils.java:logGet(46)) - raft.server.rpc.timeout.min = 5s (custom)
2022-12-23 07:22:35,512 [pool-384-thread-1] INFO  server.RaftServerConfigKeys (ConfUtils.java:logGet(46)) - raft.server.rpc.timeout.max = 5200ms (custom)
2022-12-23 07:22:35,512 [pool-384-thread-1] INFO  server.RaftServerConfigKeys (ConfUtils.java:logGet(46)) - raft.server.rpc.sleep.time = 25ms (default)
2022-12-23 07:22:35,512 [pool-384-thread-1] INFO  server.RaftServerConfigKeys (ConfUtils.java:logGet(46)) - raft.server.rpc.slowness.timeout = 300s (custom)
2022-12-23 07:22:35,512 [pool-384-thread-1] INFO  server.RaftServerConfigKeys (ConfUtils.java:logGet(46)) - raft.server.leaderelection.leader.step-down.wait-time = 10s (default)
2022-12-23 07:22:35,512 [pool-384-thread-1] INFO  server.RaftServerConfigKeys (ConfUtils.java:logGet(46)) - raft.server.sleep.deviation.threshold = 300ms (default)
2022-12-23 07:22:35,512 [pool-384-thread-1] INFO  server.RaftServer$Division (ServerState.java:<init>(118)) - 122e07b3-5337-411b-bbd2-8c7328b2790d@group-07046C3287AF: ConfigurationManager, init=-1: peers:[122e07b3-5337-411b-bbd2-8c7328b2790d|rpc:10.1.0.40:33187|dataStream:10.1.0.40:35899|priority:0|startupRole:FOLLOWER, c9ddfccf-4e48-411f-a985-9c78b2030ee9|rpc:10.1.0.40:36669|dataStream:10.1.0.40:44285|priority:0|startupRole:FOLLOWER, b08f5f88-5074-48f5-ac81-6aa5dd632f85|rpc:10.1.0.40:35433|dataStream:10.1.0.40:32937|priority:1|startupRole:FOLLOWER]|listeners:[], old=null, confs=<EMPTY_MAP>
2022-12-23 07:22:35,512 [pool-384-thread-1] INFO  server.RaftServerConfigKeys (ConfUtils.java:logGet(46)) - raft.server.storage.dir = [/home/runner/work/ozone/ozone/hadoop-ozone/integration-test/target/test-dir/MiniOzoneClusterImpl-b048efff-b978-4370-a947-e513736927f6/datanode-1/data/ratis] (custom)
2022-12-23 07:22:35,513 [pool-384-thread-1] INFO  server.RaftServerConfigKeys (ConfUtils.java:logGet(46)) - raft.server.log.corruption.policy = EXCEPTION (default)
2022-12-23 07:22:35,513 [pool-384-thread-1] INFO  server.RaftServerConfigKeys (ConfUtils.java:logGet(46)) - raft.server.storage.free-space.min = 0MB (=0) (default)
2022-12-23 07:22:35,513 [pool-384-thread-1] INFO  server.RaftServerConfigKeys (ConfUtils.java:logGet(46)) - raft.server.notification.no-leader.timeout = 300s (custom)
2022-12-23 07:22:35,513 [pool-384-thread-1] INFO  server.RaftServerConfigKeys (ConfUtils.java:logGet(46)) - raft.server.retrycache.expirytime = 600000ms (custom)
2022-12-23 07:22:35,513 [pool-384-thread-1] INFO  server.RaftServerConfigKeys (ConfUtils.java:logGet(46)) - raft.server.retrycache.statistics.expirytime = 100μs (default)
2022-12-23 07:22:35,513 [pool-384-thread-1] INFO  server.RaftServerConfigKeys (ConfUtils.java:logGet(46)) - raft.server.log.appender.install.snapshot.enabled = false (custom)
2022-12-23 07:22:35,513 [pool-384-thread-1] INFO  server.RaftServerConfigKeys (ConfUtils.java:logGet(46)) - raft.server.threadpool.server.cached = true (default)
2022-12-23 07:22:35,514 [pool-384-thread-1] INFO  server.RaftServerConfigKeys (ConfUtils.java:logGet(46)) - raft.server.threadpool.server.size = 0 (default)
2022-12-23 07:22:35,514 [pool-384-thread-1] INFO  server.RaftServerConfigKeys (ConfUtils.java:logGet(46)) - raft.server.threadpool.client.cached = true (default)
2022-12-23 07:22:35,514 [pool-384-thread-1] INFO  server.RaftServerConfigKeys (ConfUtils.java:logGet(46)) - raft.server.threadpool.client.size = 0 (default)
2022-12-23 07:22:35,514 [pool-384-thread-1] INFO  storage.RaftStorageDirectory (RaftStorageDirectoryImpl.java:analyzeStorage(137)) - The storage directory /home/runner/work/ozone/ozone/hadoop-ozone/integration-test/target/test-dir/MiniOzoneClusterImpl-b048efff-b978-4370-a947-e513736927f6/datanode-1/data/ratis/acf68e8f-49ec-4e62-bc8c-07046c3287af does not exist. Creating ...
2022-12-23 07:22:35,515 [pool-384-thread-1] INFO  storage.RaftStorageDirectory (RaftStorageDirectoryImpl.java:tryLock(231)) - Lock on /home/runner/work/ozone/ozone/hadoop-ozone/integration-test/target/test-dir/MiniOzoneClusterImpl-b048efff-b978-4370-a947-e513736927f6/datanode-1/data/ratis/acf68e8f-49ec-4e62-bc8c-07046c3287af/in_use.lock acquired by nodename 81300@fv-az505-480
2022-12-23 07:22:35,516 [pool-384-thread-1] INFO  storage.RaftStorage (RaftStorageImpl.java:format(96)) - Storage directory /home/runner/work/ozone/ozone/hadoop-ozone/integration-test/target/test-dir/MiniOzoneClusterImpl-b048efff-b978-4370-a947-e513736927f6/datanode-1/data/ratis/acf68e8f-49ec-4e62-bc8c-07046c3287af has been successfully formatted.
2022-12-23 07:22:35,517 [pool-384-thread-1] INFO  ratis.ContainerStateMachine (ContainerStateMachine.java:loadSnapshot(240)) - group-07046C3287AF: The snapshot info is null. Setting the last applied indexto:(t:0, i:~)
2022-12-23 07:22:35,517 [pool-384-thread-1] INFO  server.RaftServerConfigKeys (ConfUtils.java:logGet(46)) - raft.server.log.use.memory = false (default)
2022-12-23 07:22:35,517 [pool-384-thread-1] INFO  server.RaftServerConfigKeys (ConfUtils.java:logGet(46)) - raft.server.log.purge.gap = 1000000 (custom)
2022-12-23 07:22:35,517 [pool-384-thread-1] INFO  server.RaftServerConfigKeys (ConfUtils.java:logGet(46)) - raft.server.log.appender.buffer.byte-limit = 33554432 (custom)
2022-12-23 07:22:35,517 [pool-384-thread-1] INFO  server.RaftServerConfigKeys (ConfUtils.java:logGet(46)) - raft.server.log.statemachine.data.read.timeout = 1000ms (default)
2022-12-23 07:22:35,517 [pool-384-thread-1] INFO  server.RaftServerConfigKeys (ConfUtils.java:logGet(46)) - raft.server.log.purge.preservation.log.num = 0 (default)
2022-12-23 07:22:35,517 [pool-384-thread-1] INFO  server.RaftServerConfigKeys (ConfUtils.java:logGet(46)) - raft.server.log.segment.size.max = 1048576 (custom)
2022-12-23 07:22:35,518 [EventQueue-CommandQueueReportForCommandQueueReportHandler] WARN  events.EventQueue (EventQueue.java:fireEvent(216)) - No event handler registered for event TypedEvent{payloadType=DatanodeDetails, name='Datanode_Command_Queue_Updated'}
2022-12-23 07:22:35,519 [pool-384-thread-1] INFO  server.RaftServerConfigKeys (ConfUtils.java:logGet(46)) - raft.server.log.segment.cache.num.max = 2 (custom)
2022-12-23 07:22:35,519 [pool-384-thread-1] INFO  server.RaftServerConfigKeys (ConfUtils.java:logGet(46)) - raft.server.log.segment.cache.size.max = 200MB (=209715200) (default)
2022-12-23 07:22:35,519 [pool-384-thread-1] INFO  segmented.SegmentedRaftLogWorker (SegmentedRaftLogWorker.java:<init>(189)) - new 122e07b3-5337-411b-bbd2-8c7328b2790d@group-07046C3287AF-SegmentedRaftLogWorker for RaftStorageImpl:Storage Directory /home/runner/work/ozone/ozone/hadoop-ozone/integration-test/target/test-dir/MiniOzoneClusterImpl-b048efff-b978-4370-a947-e513736927f6/datanode-1/data/ratis/acf68e8f-49ec-4e62-bc8c-07046c3287af
2022-12-23 07:22:35,519 [pool-384-thread-1] INFO  server.RaftServerConfigKeys (ConfUtils.java:logGet(46)) - raft.server.log.queue.byte-limit = 4294967296 (custom)
2022-12-23 07:22:35,519 [pool-384-thread-1] INFO  server.RaftServerConfigKeys (ConfUtils.java:logGet(46)) - raft.server.log.queue.element-limit = 1024 (custom)
2022-12-23 07:22:35,519 [pool-384-thread-1] INFO  server.RaftServerConfigKeys (ConfUtils.java:logGet(46)) - raft.server.log.segment.size.max = 1048576 (custom)
2022-12-23 07:22:35,519 [pool-384-thread-1] INFO  server.RaftServerConfigKeys (ConfUtils.java:logGet(46)) - raft.server.log.preallocated.size = 16384 (custom)
2022-12-23 07:22:35,519 [pool-384-thread-1] INFO  server.RaftServerConfigKeys (ConfUtils.java:logGet(46)) - raft.server.log.force.sync.num = 128 (default)
2022-12-23 07:22:35,519 [pool-384-thread-1] INFO  server.RaftServerConfigKeys (ConfUtils.java:logGet(46)) - raft.server.log.statemachine.data.sync = true (default)
2022-12-23 07:22:35,519 [pool-384-thread-1] INFO  server.RaftServerConfigKeys (ConfUtils.java:logGet(46)) - raft.server.log.statemachine.data.sync.timeout = 10s (default)
2022-12-23 07:22:35,519 [pool-384-thread-1] INFO  server.RaftServerConfigKeys (ConfUtils.java:logGet(46)) - raft.server.log.statemachine.data.sync.timeout.retry = -1 (default)
2022-12-23 07:22:35,520 [pool-384-thread-1] INFO  server.RaftServerConfigKeys (ConfUtils.java:logGet(46)) - raft.server.log.write.buffer.size = 1048576 (custom)
2022-12-23 07:22:35,521 [pool-384-thread-1] INFO  server.RaftServerConfigKeys (ConfUtils.java:logGet(46)) - raft.server.log.appender.buffer.byte-limit = 33554432 (custom)
2022-12-23 07:22:35,532 [pool-384-thread-1] INFO  server.RaftServerConfigKeys (ConfUtils.java:logGet(46)) - raft.server.log.unsafe-flush.enabled = false (default)
2022-12-23 07:22:35,535 [pool-384-thread-1] INFO  server.RaftServerConfigKeys (ConfUtils.java:logGet(46)) - raft.server.log.async-flush.enabled = false (default)
2022-12-23 07:22:35,535 [pool-384-thread-1] INFO  server.RaftServerConfigKeys (ConfUtils.java:logGet(46)) - raft.server.log.statemachine.data.caching.enabled = true (custom)
2022-12-23 07:22:35,536 [pool-384-thread-1] INFO  segmented.SegmentedRaftLogWorker (SegmentedRaftLogWorker.java:lambda$new$0(135)) - 122e07b3-5337-411b-bbd2-8c7328b2790d@group-07046C3287AF-SegmentedRaftLogWorker: flushIndex: setUnconditionally 0 -> -1
2022-12-23 07:22:35,536 [pool-384-thread-1] INFO  segmented.SegmentedRaftLogWorker (SegmentedRaftLogWorker.java:lambda$new$0(135)) - 122e07b3-5337-411b-bbd2-8c7328b2790d@group-07046C3287AF-SegmentedRaftLogWorker: safeCacheEvictIndex: setUnconditionally 0 -> -1
2022-12-23 07:22:35,536 [pool-384-thread-1] INFO  server.RaftServer$Division (RaftServerImpl.java:start(334)) - 122e07b3-5337-411b-bbd2-8c7328b2790d@group-07046C3287AF: start as a follower, conf=-1: peers:[122e07b3-5337-411b-bbd2-8c7328b2790d|rpc:10.1.0.40:33187|dataStream:10.1.0.40:35899|priority:0|startupRole:FOLLOWER, c9ddfccf-4e48-411f-a985-9c78b2030ee9|rpc:10.1.0.40:36669|dataStream:10.1.0.40:44285|priority:0|startupRole:FOLLOWER, b08f5f88-5074-48f5-ac81-6aa5dd632f85|rpc:10.1.0.40:35433|dataStream:10.1.0.40:32937|priority:1|startupRole:FOLLOWER]|listeners:[], old=null
2022-12-23 07:22:35,536 [pool-384-thread-1] INFO  server.RaftServer$Division (RaftServerImpl.java:setRole(321)) - 122e07b3-5337-411b-bbd2-8c7328b2790d@group-07046C3287AF: changes role from      null to FOLLOWER at term 0 for startAsFollower
2022-12-23 07:22:35,536 [pool-384-thread-1] INFO  impl.RoleInfo (RoleInfo.java:updateAndGet(139)) - 122e07b3-5337-411b-bbd2-8c7328b2790d: start 122e07b3-5337-411b-bbd2-8c7328b2790d@group-07046C3287AF-FollowerState
2022-12-23 07:22:35,537 [pool-384-thread-1] INFO  util.JmxRegister (JmxRegister.java:tryRegister(44)) - Successfully registered JMX Bean with object name Ratis:service=RaftServer,group=group-07046C3287AF,id=122e07b3-5337-411b-bbd2-8c7328b2790d
2022-12-23 07:22:35,537 [122e07b3-5337-411b-bbd2-8c7328b2790d@group-07046C3287AF-FollowerState] INFO  server.RaftServerConfigKeys (ConfUtils.java:logFallback(53)) - raft.server.rpc.first-election.timeout.min = 5s (fallback to raft.server.rpc.timeout.min)
2022-12-23 07:22:35,537 [pool-384-thread-1] INFO  server.RaftServerConfigKeys (ConfUtils.java:logGet(46)) - raft.server.snapshot.auto.trigger.enabled = true (custom)
2022-12-23 07:22:35,537 [122e07b3-5337-411b-bbd2-8c7328b2790d@group-07046C3287AF-FollowerState] INFO  server.RaftServerConfigKeys (ConfUtils.java:logFallback(53)) - raft.server.rpc.first-election.timeout.max = 5200ms (fallback to raft.server.rpc.timeout.max)
2022-12-23 07:22:35,537 [pool-384-thread-1] INFO  server.RaftServerConfigKeys (ConfUtils.java:logGet(46)) - raft.server.snapshot.auto.trigger.threshold = 10000 (custom)
2022-12-23 07:22:35,537 [pool-384-thread-1] INFO  server.RaftServerConfigKeys (ConfUtils.java:logGet(46)) - raft.server.snapshot.retention.file.num = 5 (custom)
2022-12-23 07:22:35,537 [pool-384-thread-1] INFO  server.RaftServerConfigKeys (ConfUtils.java:logGet(46)) - raft.server.log.purge.upto.snapshot.index = false (default)
2022-12-23 07:22:35,543 [Command processor thread] INFO  commandhandler.CreatePipelineCommandHandler (CreatePipelineCommandHandler.java:handle(113)) - Created Pipeline RATIS THREE PipelineID=acf68e8f-49ec-4e62-bc8c-07046c3287af.
2022-12-23 07:22:35,655 [Command processor thread] INFO  server.RaftServer (RaftServerProxy.java:addNew(96)) - 122e07b3-5337-411b-bbd2-8c7328b2790d: addNew group-91BC1CD9545F:[122e07b3-5337-411b-bbd2-8c7328b2790d|rpc:10.1.0.40:33187|dataStream:10.1.0.40:35899|priority:1|startupRole:FOLLOWER] returns group-91BC1CD9545F:java.util.concurrent.CompletableFuture@62df2dd[Not completed]
2022-12-23 07:22:35,655 [pool-384-thread-1] INFO  server.RaftServer$Division (RaftServerImpl.java:<init>(195)) - 122e07b3-5337-411b-bbd2-8c7328b2790d: new RaftServerImpl for group-91BC1CD9545F:[122e07b3-5337-411b-bbd2-8c7328b2790d|rpc:10.1.0.40:33187|dataStream:10.1.0.40:35899|priority:1|startupRole:FOLLOWER] with ContainerStateMachine:uninitialized
2022-12-23 07:22:35,656 [pool-384-thread-1] INFO  server.RaftServerConfigKeys (ConfUtils.java:logGet(46)) - raft.server.rpc.timeout.min = 5s (custom)
2022-12-23 07:22:35,656 [pool-384-thread-1] INFO  server.RaftServerConfigKeys (ConfUtils.java:logGet(46)) - raft.server.rpc.timeout.max = 5200ms (custom)
2022-12-23 07:22:35,656 [pool-384-thread-1] INFO  server.RaftServerConfigKeys (ConfUtils.java:logGet(46)) - raft.server.rpc.sleep.time = 25ms (default)
2022-12-23 07:22:35,656 [pool-384-thread-1] INFO  server.RaftServerConfigKeys (ConfUtils.java:logGet(46)) - raft.server.rpc.slowness.timeout = 300s (custom)
2022-12-23 07:22:35,656 [pool-384-thread-1] INFO  server.RaftServerConfigKeys (ConfUtils.java:logGet(46)) - raft.server.leaderelection.leader.step-down.wait-time = 10s (default)
2022-12-23 07:22:35,656 [pool-384-thread-1] INFO  server.RaftServerConfigKeys (ConfUtils.java:logGet(46)) - raft.server.sleep.deviation.threshold = 300ms (default)
2022-12-23 07:22:35,656 [pool-384-thread-1] INFO  server.RaftServer$Division (ServerState.java:<init>(118)) - 122e07b3-5337-411b-bbd2-8c7328b2790d@group-91BC1CD9545F: ConfigurationManager, init=-1: peers:[122e07b3-5337-411b-bbd2-8c7328b2790d|rpc:10.1.0.40:33187|dataStream:10.1.0.40:35899|priority:1|startupRole:FOLLOWER]|listeners:[], old=null, confs=<EMPTY_MAP>
2022-12-23 07:22:35,656 [pool-384-thread-1] INFO  server.RaftServerConfigKeys (ConfUtils.java:logGet(46)) - raft.server.storage.dir = [/home/runner/work/ozone/ozone/hadoop-ozone/integration-test/target/test-dir/MiniOzoneClusterImpl-b048efff-b978-4370-a947-e513736927f6/datanode-1/data/ratis] (custom)
2022-12-23 07:22:35,656 [pool-384-thread-1] INFO  server.RaftServerConfigKeys (ConfUtils.java:logGet(46)) - raft.server.log.corruption.policy = EXCEPTION (default)
2022-12-23 07:22:35,656 [pool-384-thread-1] INFO  server.RaftServerConfigKeys (ConfUtils.java:logGet(46)) - raft.server.storage.free-space.min = 0MB (=0) (default)
2022-12-23 07:22:35,656 [pool-384-thread-1] INFO  server.RaftServerConfigKeys (ConfUtils.java:logGet(46)) - raft.server.notification.no-leader.timeout = 300s (custom)
2022-12-23 07:22:35,656 [pool-384-thread-1] INFO  server.RaftServerConfigKeys (ConfUtils.java:logGet(46)) - raft.server.retrycache.expirytime = 600000ms (custom)
2022-12-23 07:22:35,656 [pool-384-thread-1] INFO  server.RaftServerConfigKeys (ConfUtils.java:logGet(46)) - raft.server.retrycache.statistics.expirytime = 100μs (default)
2022-12-23 07:22:35,657 [pool-384-thread-1] INFO  server.RaftServerConfigKeys (ConfUtils.java:logGet(46)) - raft.server.log.appender.install.snapshot.enabled = false (custom)
2022-12-23 07:22:35,657 [pool-384-thread-1] INFO  server.RaftServerConfigKeys (ConfUtils.java:logGet(46)) - raft.server.threadpool.server.cached = true (default)
2022-12-23 07:22:35,657 [pool-384-thread-1] INFO  server.RaftServerConfigKeys (ConfUtils.java:logGet(46)) - raft.server.threadpool.server.size = 0 (default)
2022-12-23 07:22:35,657 [pool-384-thread-1] INFO  server.RaftServerConfigKeys (ConfUtils.java:logGet(46)) - raft.server.threadpool.client.cached = true (default)
2022-12-23 07:22:35,657 [pool-384-thread-1] INFO  server.RaftServerConfigKeys (ConfUtils.java:logGet(46)) - raft.server.threadpool.client.size = 0 (default)
2022-12-23 07:22:35,658 [pool-384-thread-1] INFO  storage.RaftStorageDirectory (RaftStorageDirectoryImpl.java:analyzeStorage(137)) - The storage directory /home/runner/work/ozone/ozone/hadoop-ozone/integration-test/target/test-dir/MiniOzoneClusterImpl-b048efff-b978-4370-a947-e513736927f6/datanode-1/data/ratis/34970a19-31cb-4533-b6a7-91bc1cd9545f does not exist. Creating ...
2022-12-23 07:22:35,659 [pool-384-thread-1] INFO  storage.RaftStorageDirectory (RaftStorageDirectoryImpl.java:tryLock(231)) - Lock on /home/runner/work/ozone/ozone/hadoop-ozone/integration-test/target/test-dir/MiniOzoneClusterImpl-b048efff-b978-4370-a947-e513736927f6/datanode-1/data/ratis/34970a19-31cb-4533-b6a7-91bc1cd9545f/in_use.lock acquired by nodename 81300@fv-az505-480
2022-12-23 07:22:35,661 [pool-384-thread-1] INFO  storage.RaftStorage (RaftStorageImpl.java:format(96)) - Storage directory /home/runner/work/ozone/ozone/hadoop-ozone/integration-test/target/test-dir/MiniOzoneClusterImpl-b048efff-b978-4370-a947-e513736927f6/datanode-1/data/ratis/34970a19-31cb-4533-b6a7-91bc1cd9545f has been successfully formatted.
2022-12-23 07:22:35,662 [pool-384-thread-1] INFO  ratis.ContainerStateMachine (ContainerStateMachine.java:loadSnapshot(240)) - group-91BC1CD9545F: The snapshot info is null. Setting the last applied indexto:(t:0, i:~)
2022-12-23 07:22:35,662 [pool-384-thread-1] INFO  server.RaftServerConfigKeys (ConfUtils.java:logGet(46)) - raft.server.log.use.memory = false (default)
2022-12-23 07:22:35,662 [pool-384-thread-1] INFO  server.RaftServerConfigKeys (ConfUtils.java:logGet(46)) - raft.server.log.purge.gap = 1000000 (custom)
2022-12-23 07:22:35,662 [pool-384-thread-1] INFO  server.RaftServerConfigKeys (ConfUtils.java:logGet(46)) - raft.server.log.appender.buffer.byte-limit = 33554432 (custom)
2022-12-23 07:22:35,662 [pool-384-thread-1] INFO  server.RaftServerConfigKeys (ConfUtils.java:logGet(46)) - raft.server.log.statemachine.data.read.timeout = 1000ms (default)
2022-12-23 07:22:35,663 [pool-384-thread-1] INFO  server.RaftServerConfigKeys (ConfUtils.java:logGet(46)) - raft.server.log.purge.preservation.log.num = 0 (default)
2022-12-23 07:22:35,663 [pool-384-thread-1] INFO  server.RaftServerConfigKeys (ConfUtils.java:logGet(46)) - raft.server.log.segment.size.max = 1048576 (custom)
2022-12-23 07:22:35,663 [EventQueue-CommandQueueReportForCommandQueueReportHandler] WARN  events.EventQueue (EventQueue.java:fireEvent(216)) - No event handler registered for event TypedEvent{payloadType=DatanodeDetails, name='Datanode_Command_Queue_Updated'}
2022-12-23 07:22:35,663 [pool-384-thread-1] INFO  server.RaftServerConfigKeys (ConfUtils.java:logGet(46)) - raft.server.log.segment.cache.num.max = 2 (custom)
2022-12-23 07:22:35,663 [pool-384-thread-1] INFO  server.RaftServerConfigKeys (ConfUtils.java:logGet(46)) - raft.server.log.segment.cache.size.max = 200MB (=209715200) (default)
2022-12-23 07:22:35,663 [EventQueue-PipelineReportForPipelineReportHandler] INFO  pipeline.PipelineManagerImpl (PipelineManagerImpl.java:openPipeline(367)) - Pipeline Pipeline[ Id: 34970a19-31cb-4533-b6a7-91bc1cd9545f, Nodes: 122e07b3-5337-411b-bbd2-8c7328b2790d{ip: 10.1.0.40, host: fv-az505-480.g2e1luzo1moefklhgra4trf2va.dx.internal.cloudapp.net, ports: [REPLICATION=46051, RATIS=33187, RATIS_ADMIN=33187, RATIS_SERVER=33187, RATIS_DATASTREAM=35899, STANDALONE=40985], networkLocation: /default-rack, certSerialId: null, persistedOpState: IN_SERVICE, persistedOpStateExpiryEpochSec: 0}, ReplicationConfig: RATIS/ONE, State:ALLOCATED, leaderId:122e07b3-5337-411b-bbd2-8c7328b2790d, CreationTimestamp2022-12-23T07:22:32.658Z[Etc/UTC]] moved to OPEN state
2022-12-23 07:22:35,663 [pool-384-thread-1] INFO  segmented.SegmentedRaftLogWorker (SegmentedRaftLogWorker.java:<init>(189)) - new 122e07b3-5337-411b-bbd2-8c7328b2790d@group-91BC1CD9545F-SegmentedRaftLogWorker for RaftStorageImpl:Storage Directory /home/runner/work/ozone/ozone/hadoop-ozone/integration-test/target/test-dir/MiniOzoneClusterImpl-b048efff-b978-4370-a947-e513736927f6/datanode-1/data/ratis/34970a19-31cb-4533-b6a7-91bc1cd9545f
2022-12-23 07:22:35,664 [pool-384-thread-1] INFO  server.RaftServerConfigKeys (ConfUtils.java:logGet(46)) - raft.server.log.queue.byte-limit = 4294967296 (custom)
2022-12-23 07:22:35,664 [pool-384-thread-1] INFO  server.RaftServerConfigKeys (ConfUtils.java:logGet(46)) - raft.server.log.queue.element-limit = 1024 (custom)
2022-12-23 07:22:35,664 [pool-384-thread-1] INFO  server.RaftServerConfigKeys (ConfUtils.java:logGet(46)) - raft.server.log.segment.size.max = 1048576 (custom)
2022-12-23 07:22:35,664 [pool-384-thread-1] INFO  server.RaftServerConfigKeys (ConfUtils.java:logGet(46)) - raft.server.log.preallocated.size = 16384 (custom)
2022-12-23 07:22:35,664 [pool-384-thread-1] INFO  server.RaftServerConfigKeys (ConfUtils.java:logGet(46)) - raft.server.log.force.sync.num = 128 (default)
2022-12-23 07:22:35,664 [pool-384-thread-1] INFO  server.RaftServerConfigKeys (ConfUtils.java:logGet(46)) - raft.server.log.statemachine.data.sync = true (default)
2022-12-23 07:22:35,664 [pool-384-thread-1] INFO  server.RaftServerConfigKeys (ConfUtils.java:logGet(46)) - raft.server.log.statemachine.data.sync.timeout = 10s (default)
2022-12-23 07:22:35,664 [pool-384-thread-1] INFO  server.RaftServerConfigKeys (ConfUtils.java:logGet(46)) - raft.server.log.statemachine.data.sync.timeout.retry = -1 (default)
2022-12-23 07:22:35,664 [EventQueue-OpenPipelineForHealthyPipelineSafeModeRule] INFO  safemode.SCMSafeModeManager (HealthyPipelineSafeModeRule.java:process(137)) - SCM in safe mode. Healthy pipelines reported count is 0, required healthy pipeline reported count is 1
2022-12-23 07:22:35,665 [pool-384-thread-1] INFO  server.RaftServerConfigKeys (ConfUtils.java:logGet(46)) - raft.server.log.write.buffer.size = 1048576 (custom)
2022-12-23 07:22:35,665 [pool-384-thread-1] INFO  server.RaftServerConfigKeys (ConfUtils.java:logGet(46)) - raft.server.log.appender.buffer.byte-limit = 33554432 (custom)
2022-12-23 07:22:35,677 [pool-384-thread-1] INFO  server.RaftServerConfigKeys (ConfUtils.java:logGet(46)) - raft.server.log.unsafe-flush.enabled = false (default)
2022-12-23 07:22:35,677 [pool-384-thread-1] INFO  server.RaftServerConfigKeys (ConfUtils.java:logGet(46)) - raft.server.log.async-flush.enabled = false (default)
2022-12-23 07:22:35,677 [pool-384-thread-1] INFO  server.RaftServerConfigKeys (ConfUtils.java:logGet(46)) - raft.server.log.statemachine.data.caching.enabled = true (custom)
2022-12-23 07:22:35,677 [pool-384-thread-1] INFO  segmented.SegmentedRaftLogWorker (SegmentedRaftLogWorker.java:lambda$new$0(135)) - 122e07b3-5337-411b-bbd2-8c7328b2790d@group-91BC1CD9545F-SegmentedRaftLogWorker: flushIndex: setUnconditionally 0 -> -1
2022-12-23 07:22:35,677 [pool-384-thread-1] INFO  segmented.SegmentedRaftLogWorker (SegmentedRaftLogWorker.java:lambda$new$0(135)) - 122e07b3-5337-411b-bbd2-8c7328b2790d@group-91BC1CD9545F-SegmentedRaftLogWorker: safeCacheEvictIndex: setUnconditionally 0 -> -1
2022-12-23 07:22:35,677 [pool-384-thread-1] INFO  server.RaftServer$Division (RaftServerImpl.java:start(334)) - 122e07b3-5337-411b-bbd2-8c7328b2790d@group-91BC1CD9545F: start as a follower, conf=-1: peers:[122e07b3-5337-411b-bbd2-8c7328b2790d|rpc:10.1.0.40:33187|dataStream:10.1.0.40:35899|priority:1|startupRole:FOLLOWER]|listeners:[], old=null
2022-12-23 07:22:35,677 [pool-384-thread-1] INFO  server.RaftServer$Division (RaftServerImpl.java:setRole(321)) - 122e07b3-5337-411b-bbd2-8c7328b2790d@group-91BC1CD9545F: changes role from      null to FOLLOWER at term 0 for startAsFollower
2022-12-23 07:22:35,677 [pool-384-thread-1] INFO  impl.RoleInfo (RoleInfo.java:updateAndGet(139)) - 122e07b3-5337-411b-bbd2-8c7328b2790d: start 122e07b3-5337-411b-bbd2-8c7328b2790d@group-91BC1CD9545F-FollowerState
2022-12-23 07:22:35,679 [pool-384-thread-1] INFO  util.JmxRegister (JmxRegister.java:tryRegister(44)) - Successfully registered JMX Bean with object name Ratis:service=RaftServer,group=group-91BC1CD9545F,id=122e07b3-5337-411b-bbd2-8c7328b2790d
2022-12-23 07:22:35,679 [122e07b3-5337-411b-bbd2-8c7328b2790d@group-91BC1CD9545F-FollowerState] INFO  server.RaftServerConfigKeys (ConfUtils.java:logFallback(53)) - raft.server.rpc.first-election.timeout.min = 5s (fallback to raft.server.rpc.timeout.min)
2022-12-23 07:22:35,679 [pool-384-thread-1] INFO  server.RaftServerConfigKeys (ConfUtils.java:logGet(46)) - raft.server.snapshot.auto.trigger.enabled = true (custom)
2022-12-23 07:22:35,679 [122e07b3-5337-411b-bbd2-8c7328b2790d@group-91BC1CD9545F-FollowerState] INFO  server.RaftServerConfigKeys (ConfUtils.java:logFallback(53)) - raft.server.rpc.first-election.timeout.max = 5200ms (fallback to raft.server.rpc.timeout.max)
2022-12-23 07:22:35,679 [pool-384-thread-1] INFO  server.RaftServerConfigKeys (ConfUtils.java:logGet(46)) - raft.server.snapshot.auto.trigger.threshold = 10000 (custom)
2022-12-23 07:22:35,679 [pool-384-thread-1] INFO  server.RaftServerConfigKeys (ConfUtils.java:logGet(46)) - raft.server.snapshot.retention.file.num = 5 (custom)
2022-12-23 07:22:35,679 [pool-384-thread-1] INFO  server.RaftServerConfigKeys (ConfUtils.java:logGet(46)) - raft.server.log.purge.upto.snapshot.index = false (default)
2022-12-23 07:22:35,680 [Command processor thread] INFO  ratis.XceiverServerRatis (XceiverServerRatis.java:addGroup(806)) - Created group PipelineID=34970a19-31cb-4533-b6a7-91bc1cd9545f
2022-12-23 07:22:35,680 [Command processor thread] INFO  commandhandler.CreatePipelineCommandHandler (CreatePipelineCommandHandler.java:handle(113)) - Created Pipeline RATIS ONE PipelineID=34970a19-31cb-4533-b6a7-91bc1cd9545f.
2022-12-23 07:22:36,004 [Command processor thread] INFO  server.RaftServer (RaftServerProxy.java:addNew(96)) - b08f5f88-5074-48f5-ac81-6aa5dd632f85: addNew group-66952D197C39:[b08f5f88-5074-48f5-ac81-6aa5dd632f85|rpc:10.1.0.40:35433|dataStream:10.1.0.40:32937|priority:1|startupRole:FOLLOWER] returns group-66952D197C39:java.util.concurrent.CompletableFuture@7e5714b1[Not completed]
2022-12-23 07:22:36,005 [pool-407-thread-1] INFO  server.RaftServer$Division (RaftServerImpl.java:<init>(195)) - b08f5f88-5074-48f5-ac81-6aa5dd632f85: new RaftServerImpl for group-66952D197C39:[b08f5f88-5074-48f5-ac81-6aa5dd632f85|rpc:10.1.0.40:35433|dataStream:10.1.0.40:32937|priority:1|startupRole:FOLLOWER] with ContainerStateMachine:uninitialized
2022-12-23 07:22:36,005 [pool-407-thread-1] INFO  server.RaftServerConfigKeys (ConfUtils.java:logGet(46)) - raft.server.rpc.timeout.min = 5s (custom)
2022-12-23 07:22:36,005 [pool-407-thread-1] INFO  server.RaftServerConfigKeys (ConfUtils.java:logGet(46)) - raft.server.rpc.timeout.max = 5200ms (custom)
2022-12-23 07:22:36,005 [pool-407-thread-1] INFO  server.RaftServerConfigKeys (ConfUtils.java:logGet(46)) - raft.server.rpc.sleep.time = 25ms (default)
2022-12-23 07:22:36,005 [pool-407-thread-1] INFO  server.RaftServerConfigKeys (ConfUtils.java:logGet(46)) - raft.server.rpc.slowness.timeout = 300s (custom)
2022-12-23 07:22:36,005 [pool-407-thread-1] INFO  server.RaftServerConfigKeys (ConfUtils.java:logGet(46)) - raft.server.leaderelection.leader.step-down.wait-time = 10s (default)
2022-12-23 07:22:36,005 [pool-407-thread-1] INFO  server.RaftServerConfigKeys (ConfUtils.java:logGet(46)) - raft.server.sleep.deviation.threshold = 300ms (default)
2022-12-23 07:22:36,005 [pool-407-thread-1] INFO  server.RaftServer$Division (ServerState.java:<init>(118)) - b08f5f88-5074-48f5-ac81-6aa5dd632f85@group-66952D197C39: ConfigurationManager, init=-1: peers:[b08f5f88-5074-48f5-ac81-6aa5dd632f85|rpc:10.1.0.40:35433|dataStream:10.1.0.40:32937|priority:1|startupRole:FOLLOWER]|listeners:[], old=null, confs=<EMPTY_MAP>
2022-12-23 07:22:36,005 [pool-407-thread-1] INFO  server.RaftServerConfigKeys (ConfUtils.java:logGet(46)) - raft.server.storage.dir = [/home/runner/work/ozone/ozone/hadoop-ozone/integration-test/target/test-dir/MiniOzoneClusterImpl-b048efff-b978-4370-a947-e513736927f6/datanode-2/data/ratis] (custom)
2022-12-23 07:22:36,006 [pool-407-thread-1] INFO  server.RaftServerConfigKeys (ConfUtils.java:logGet(46)) - raft.server.log.corruption.policy = EXCEPTION (default)
2022-12-23 07:22:36,006 [pool-407-thread-1] INFO  server.RaftServerConfigKeys (ConfUtils.java:logGet(46)) - raft.server.storage.free-space.min = 0MB (=0) (default)
2022-12-23 07:22:36,006 [pool-407-thread-1] INFO  server.RaftServerConfigKeys (ConfUtils.java:logGet(46)) - raft.server.notification.no-leader.timeout = 300s (custom)
2022-12-23 07:22:36,006 [pool-407-thread-1] INFO  server.RaftServerConfigKeys (ConfUtils.java:logGet(46)) - raft.server.retrycache.expirytime = 600000ms (custom)
2022-12-23 07:22:36,006 [pool-407-thread-1] INFO  server.RaftServerConfigKeys (ConfUtils.java:logGet(46)) - raft.server.retrycache.statistics.expirytime = 100μs (default)
2022-12-23 07:22:36,006 [Listener at 127.0.0.1/36139] INFO  ozone.MiniOzoneClusterImpl (MiniOzoneClusterImpl.java:lambda$waitForClusterToBeReady$0(217)) - Nodes are ready. Got 3 of 3 DN Heartbeats.
2022-12-23 07:22:36,006 [Listener at 127.0.0.1/36139] INFO  ozone.MiniOzoneClusterImpl (MiniOzoneClusterImpl.java:lambda$waitForClusterToBeReady$0(220)) - Waiting for cluster to exit safe mode
2022-12-23 07:22:36,007 [Listener at 127.0.0.1/36139] INFO  ozone.MiniOzoneClusterImpl (MiniOzoneClusterImpl.java:lambda$waitForClusterToBeReady$0(222)) - SCM became leader
2022-12-23 07:22:36,007 [pool-407-thread-1] INFO  server.RaftServerConfigKeys (ConfUtils.java:logGet(46)) - raft.server.log.appender.install.snapshot.enabled = false (custom)
2022-12-23 07:22:36,007 [pool-407-thread-1] INFO  server.RaftServerConfigKeys (ConfUtils.java:logGet(46)) - raft.server.threadpool.server.cached = true (default)
2022-12-23 07:22:36,007 [pool-407-thread-1] INFO  server.RaftServerConfigKeys (ConfUtils.java:logGet(46)) - raft.server.threadpool.server.size = 0 (default)
2022-12-23 07:22:36,007 [pool-407-thread-1] INFO  server.RaftServerConfigKeys (ConfUtils.java:logGet(46)) - raft.server.threadpool.client.cached = true (default)
2022-12-23 07:22:36,007 [pool-407-thread-1] INFO  server.RaftServerConfigKeys (ConfUtils.java:logGet(46)) - raft.server.threadpool.client.size = 0 (default)
2022-12-23 07:22:36,008 [pool-407-thread-1] INFO  storage.RaftStorageDirectory (RaftStorageDirectoryImpl.java:analyzeStorage(137)) - The storage directory /home/runner/work/ozone/ozone/hadoop-ozone/integration-test/target/test-dir/MiniOzoneClusterImpl-b048efff-b978-4370-a947-e513736927f6/datanode-2/data/ratis/420d0dee-c5d3-458a-ae58-66952d197c39 does not exist. Creating ...
2022-12-23 07:22:36,009 [pool-407-thread-1] INFO  storage.RaftStorageDirectory (RaftStorageDirectoryImpl.java:tryLock(231)) - Lock on /home/runner/work/ozone/ozone/hadoop-ozone/integration-test/target/test-dir/MiniOzoneClusterImpl-b048efff-b978-4370-a947-e513736927f6/datanode-2/data/ratis/420d0dee-c5d3-458a-ae58-66952d197c39/in_use.lock acquired by nodename 81300@fv-az505-480
2022-12-23 07:22:36,010 [pool-407-thread-1] INFO  storage.RaftStorage (RaftStorageImpl.java:format(96)) - Storage directory /home/runner/work/ozone/ozone/hadoop-ozone/integration-test/target/test-dir/MiniOzoneClusterImpl-b048efff-b978-4370-a947-e513736927f6/datanode-2/data/ratis/420d0dee-c5d3-458a-ae58-66952d197c39 has been successfully formatted.
2022-12-23 07:22:36,010 [pool-407-thread-1] INFO  ratis.ContainerStateMachine (ContainerStateMachine.java:loadSnapshot(240)) - group-66952D197C39: The snapshot info is null. Setting the last applied indexto:(t:0, i:~)
2022-12-23 07:22:36,010 [pool-407-thread-1] INFO  server.RaftServerConfigKeys (ConfUtils.java:logGet(46)) - raft.server.log.use.memory = false (default)
2022-12-23 07:22:36,010 [pool-407-thread-1] INFO  server.RaftServerConfigKeys (ConfUtils.java:logGet(46)) - raft.server.log.purge.gap = 1000000 (custom)
2022-12-23 07:22:36,010 [pool-407-thread-1] INFO  server.RaftServerConfigKeys (ConfUtils.java:logGet(46)) - raft.server.log.appender.buffer.byte-limit = 33554432 (custom)
2022-12-23 07:22:36,011 [pool-407-thread-1] INFO  server.RaftServerConfigKeys (ConfUtils.java:logGet(46)) - raft.server.log.statemachine.data.read.timeout = 1000ms (default)
2022-12-23 07:22:36,011 [pool-407-thread-1] INFO  server.RaftServerConfigKeys (ConfUtils.java:logGet(46)) - raft.server.log.purge.preservation.log.num = 0 (default)
2022-12-23 07:22:36,011 [pool-407-thread-1] INFO  server.RaftServerConfigKeys (ConfUtils.java:logGet(46)) - raft.server.log.segment.size.max = 1048576 (custom)
2022-12-23 07:22:36,011 [pool-407-thread-1] INFO  server.RaftServerConfigKeys (ConfUtils.java:logGet(46)) - raft.server.log.segment.cache.num.max = 2 (custom)
2022-12-23 07:22:36,011 [pool-407-thread-1] INFO  server.RaftServerConfigKeys (ConfUtils.java:logGet(46)) - raft.server.log.segment.cache.size.max = 200MB (=209715200) (default)
2022-12-23 07:22:36,011 [pool-407-thread-1] INFO  segmented.SegmentedRaftLogWorker (SegmentedRaftLogWorker.java:<init>(189)) - new b08f5f88-5074-48f5-ac81-6aa5dd632f85@group-66952D197C39-SegmentedRaftLogWorker for RaftStorageImpl:Storage Directory /home/runner/work/ozone/ozone/hadoop-ozone/integration-test/target/test-dir/MiniOzoneClusterImpl-b048efff-b978-4370-a947-e513736927f6/datanode-2/data/ratis/420d0dee-c5d3-458a-ae58-66952d197c39
2022-12-23 07:22:36,011 [pool-407-thread-1] INFO  server.RaftServerConfigKeys (ConfUtils.java:logGet(46)) - raft.server.log.queue.byte-limit = 4294967296 (custom)
2022-12-23 07:22:36,011 [pool-407-thread-1] INFO  server.RaftServerConfigKeys (ConfUtils.java:logGet(46)) - raft.server.log.queue.element-limit = 1024 (custom)
2022-12-23 07:22:36,011 [pool-407-thread-1] INFO  server.RaftServerConfigKeys (ConfUtils.java:logGet(46)) - raft.server.log.segment.size.max = 1048576 (custom)
2022-12-23 07:22:36,011 [pool-407-thread-1] INFO  server.RaftServerConfigKeys (ConfUtils.java:logGet(46)) - raft.server.log.preallocated.size = 16384 (custom)
2022-12-23 07:22:36,011 [pool-407-thread-1] INFO  server.RaftServerConfigKeys (ConfUtils.java:logGet(46)) - raft.server.log.force.sync.num = 128 (default)
2022-12-23 07:22:36,011 [pool-407-thread-1] INFO  server.RaftServerConfigKeys (ConfUtils.java:logGet(46)) - raft.server.log.statemachine.data.sync = true (default)
2022-12-23 07:22:36,011 [pool-407-thread-1] INFO  server.RaftServerConfigKeys (ConfUtils.java:logGet(46)) - raft.server.log.statemachine.data.sync.timeout = 10s (default)
2022-12-23 07:22:36,012 [pool-407-thread-1] INFO  server.RaftServerConfigKeys (ConfUtils.java:logGet(46)) - raft.server.log.statemachine.data.sync.timeout.retry = -1 (default)
2022-12-23 07:22:36,012 [pool-407-thread-1] INFO  server.RaftServerConfigKeys (ConfUtils.java:logGet(46)) - raft.server.log.write.buffer.size = 1048576 (custom)
2022-12-23 07:22:36,012 [pool-407-thread-1] INFO  server.RaftServerConfigKeys (ConfUtils.java:logGet(46)) - raft.server.log.appender.buffer.byte-limit = 33554432 (custom)
2022-12-23 07:22:36,014 [EventQueue-CommandQueueReportForCommandQueueReportHandler] WARN  events.EventQueue (EventQueue.java:fireEvent(216)) - No event handler registered for event TypedEvent{payloadType=DatanodeDetails, name='Datanode_Command_Queue_Updated'}
2022-12-23 07:22:36,014 [EventQueue-PipelineReportForPipelineReportHandler] INFO  pipeline.PipelineManagerImpl (PipelineManagerImpl.java:openPipeline(367)) - Pipeline Pipeline[ Id: 420d0dee-c5d3-458a-ae58-66952d197c39, Nodes: b08f5f88-5074-48f5-ac81-6aa5dd632f85{ip: 10.1.0.40, host: fv-az505-480.g2e1luzo1moefklhgra4trf2va.dx.internal.cloudapp.net, ports: [REPLICATION=44223, RATIS=35433, RATIS_ADMIN=35433, RATIS_SERVER=35433, RATIS_DATASTREAM=32937, STANDALONE=40569], networkLocation: /default-rack, certSerialId: null, persistedOpState: IN_SERVICE, persistedOpStateExpiryEpochSec: 0}, ReplicationConfig: RATIS/ONE, State:ALLOCATED, leaderId:b08f5f88-5074-48f5-ac81-6aa5dd632f85, CreationTimestamp2022-12-23T07:22:33.007Z[Etc/UTC]] moved to OPEN state
2022-12-23 07:22:36,015 [EventQueue-OpenPipelineForHealthyPipelineSafeModeRule] INFO  safemode.SCMSafeModeManager (HealthyPipelineSafeModeRule.java:process(137)) - SCM in safe mode. Healthy pipelines reported count is 0, required healthy pipeline reported count is 1
2022-12-23 07:22:36,025 [pool-407-thread-1] INFO  server.RaftServerConfigKeys (ConfUtils.java:logGet(46)) - raft.server.log.unsafe-flush.enabled = false (default)
2022-12-23 07:22:36,025 [pool-407-thread-1] INFO  server.RaftServerConfigKeys (ConfUtils.java:logGet(46)) - raft.server.log.async-flush.enabled = false (default)
2022-12-23 07:22:36,025 [pool-407-thread-1] INFO  server.RaftServerConfigKeys (ConfUtils.java:logGet(46)) - raft.server.log.statemachine.data.caching.enabled = true (custom)
2022-12-23 07:22:36,026 [pool-407-thread-1] INFO  segmented.SegmentedRaftLogWorker (SegmentedRaftLogWorker.java:lambda$new$0(135)) - b08f5f88-5074-48f5-ac81-6aa5dd632f85@group-66952D197C39-SegmentedRaftLogWorker: flushIndex: setUnconditionally 0 -> -1
2022-12-23 07:22:36,026 [pool-407-thread-1] INFO  segmented.SegmentedRaftLogWorker (SegmentedRaftLogWorker.java:lambda$new$0(135)) - b08f5f88-5074-48f5-ac81-6aa5dd632f85@group-66952D197C39-SegmentedRaftLogWorker: safeCacheEvictIndex: setUnconditionally 0 -> -1
2022-12-23 07:22:36,026 [pool-407-thread-1] INFO  server.RaftServer$Division (RaftServerImpl.java:start(334)) - b08f5f88-5074-48f5-ac81-6aa5dd632f85@group-66952D197C39: start as a follower, conf=-1: peers:[b08f5f88-5074-48f5-ac81-6aa5dd632f85|rpc:10.1.0.40:35433|dataStream:10.1.0.40:32937|priority:1|startupRole:FOLLOWER]|listeners:[], old=null
2022-12-23 07:22:36,026 [pool-407-thread-1] INFO  server.RaftServer$Division (RaftServerImpl.java:setRole(321)) - b08f5f88-5074-48f5-ac81-6aa5dd632f85@group-66952D197C39: changes role from      null to FOLLOWER at term 0 for startAsFollower
2022-12-23 07:22:36,026 [pool-407-thread-1] INFO  impl.RoleInfo (RoleInfo.java:updateAndGet(139)) - b08f5f88-5074-48f5-ac81-6aa5dd632f85: start b08f5f88-5074-48f5-ac81-6aa5dd632f85@group-66952D197C39-FollowerState
2022-12-23 07:22:36,026 [pool-407-thread-1] INFO  util.JmxRegister (JmxRegister.java:tryRegister(44)) - Successfully registered JMX Bean with object name Ratis:service=RaftServer,group=group-66952D197C39,id=b08f5f88-5074-48f5-ac81-6aa5dd632f85
2022-12-23 07:22:36,026 [pool-407-thread-1] INFO  server.RaftServerConfigKeys (ConfUtils.java:logGet(46)) - raft.server.snapshot.auto.trigger.enabled = true (custom)
2022-12-23 07:22:36,027 [pool-407-thread-1] INFO  server.RaftServerConfigKeys (ConfUtils.java:logGet(46)) - raft.server.snapshot.auto.trigger.threshold = 10000 (custom)
2022-12-23 07:22:36,027 [pool-407-thread-1] INFO  server.RaftServerConfigKeys (ConfUtils.java:logGet(46)) - raft.server.snapshot.retention.file.num = 5 (custom)
2022-12-23 07:22:36,027 [pool-407-thread-1] INFO  server.RaftServerConfigKeys (ConfUtils.java:logGet(46)) - raft.server.log.purge.upto.snapshot.index = false (default)
2022-12-23 07:22:36,027 [b08f5f88-5074-48f5-ac81-6aa5dd632f85@group-66952D197C39-FollowerState] INFO  server.RaftServerConfigKeys (ConfUtils.java:logFallback(53)) - raft.server.rpc.first-election.timeout.min = 5s (fallback to raft.server.rpc.timeout.min)
2022-12-23 07:22:36,027 [b08f5f88-5074-48f5-ac81-6aa5dd632f85@group-66952D197C39-FollowerState] INFO  server.RaftServerConfigKeys (ConfUtils.java:logFallback(53)) - raft.server.rpc.first-election.timeout.max = 5200ms (fallback to raft.server.rpc.timeout.max)
2022-12-23 07:22:36,027 [Command processor thread] INFO  ratis.XceiverServerRatis (XceiverServerRatis.java:addGroup(806)) - Created group PipelineID=420d0dee-c5d3-458a-ae58-66952d197c39
2022-12-23 07:22:36,027 [Command processor thread] INFO  commandhandler.CreatePipelineCommandHandler (CreatePipelineCommandHandler.java:handle(113)) - Created Pipeline RATIS ONE PipelineID=420d0dee-c5d3-458a-ae58-66952d197c39.
2022-12-23 07:22:36,444 [EventQueue-CommandQueueReportForCommandQueueReportHandler] WARN  events.EventQueue (EventQueue.java:fireEvent(216)) - No event handler registered for event TypedEvent{payloadType=DatanodeDetails, name='Datanode_Command_Queue_Updated'}
2022-12-23 07:22:36,663 [EventQueue-CommandQueueReportForCommandQueueReportHandler] WARN  events.EventQueue (EventQueue.java:fireEvent(216)) - No event handler registered for event TypedEvent{payloadType=DatanodeDetails, name='Datanode_Command_Queue_Updated'}
2022-12-23 07:22:37,007 [Listener at 127.0.0.1/36139] INFO  ozone.MiniOzoneClusterImpl (MiniOzoneClusterImpl.java:lambda$waitForClusterToBeReady$0(217)) - Nodes are ready. Got 3 of 3 DN Heartbeats.
2022-12-23 07:22:37,007 [Listener at 127.0.0.1/36139] INFO  ozone.MiniOzoneClusterImpl (MiniOzoneClusterImpl.java:lambda$waitForClusterToBeReady$0(220)) - Waiting for cluster to exit safe mode
2022-12-23 07:22:37,007 [Listener at 127.0.0.1/36139] INFO  ozone.MiniOzoneClusterImpl (MiniOzoneClusterImpl.java:lambda$waitForClusterToBeReady$0(222)) - SCM became leader
2022-12-23 07:22:37,018 [EventQueue-CommandQueueReportForCommandQueueReportHandler] WARN  events.EventQueue (EventQueue.java:fireEvent(216)) - No event handler registered for event TypedEvent{payloadType=DatanodeDetails, name='Datanode_Command_Queue_Updated'}
2022-12-23 07:22:37,288 [JvmPauseMonitor11] WARN  util.JvmPauseMonitor (JvmPauseMonitor.java:detectPause(126)) - JvmPauseMonitor-b08f5f88-5074-48f5-ac81-6aa5dd632f85: Detected pause in JVM or host machine (eg GC): pause of approximately 227511853ns.
GC pool 'PS MarkSweep' had collection(s): count=1 time=242ms
2022-12-23 07:22:37,445 [EventQueue-CommandQueueReportForCommandQueueReportHandler] WARN  events.EventQueue (EventQueue.java:fireEvent(216)) - No event handler registered for event TypedEvent{payloadType=DatanodeDetails, name='Datanode_Command_Queue_Updated'}
2022-12-23 07:22:37,663 [EventQueue-CommandQueueReportForCommandQueueReportHandler] WARN  events.EventQueue (EventQueue.java:fireEvent(216)) - No event handler registered for event TypedEvent{payloadType=DatanodeDetails, name='Datanode_Command_Queue_Updated'}
2022-12-23 07:22:38,008 [Listener at 127.0.0.1/36139] INFO  ozone.MiniOzoneClusterImpl (MiniOzoneClusterImpl.java:lambda$waitForClusterToBeReady$0(217)) - Nodes are ready. Got 3 of 3 DN Heartbeats.
2022-12-23 07:22:38,008 [Listener at 127.0.0.1/36139] INFO  ozone.MiniOzoneClusterImpl (MiniOzoneClusterImpl.java:lambda$waitForClusterToBeReady$0(220)) - Waiting for cluster to exit safe mode
2022-12-23 07:22:38,008 [Listener at 127.0.0.1/36139] INFO  ozone.MiniOzoneClusterImpl (MiniOzoneClusterImpl.java:lambda$waitForClusterToBeReady$0(222)) - SCM became leader
2022-12-23 07:22:38,015 [EventQueue-CommandQueueReportForCommandQueueReportHandler] WARN  events.EventQueue (EventQueue.java:fireEvent(216)) - No event handler registered for event TypedEvent{payloadType=DatanodeDetails, name='Datanode_Command_Queue_Updated'}
2022-12-23 07:22:38,444 [EventQueue-CommandQueueReportForCommandQueueReportHandler] WARN  events.EventQueue (EventQueue.java:fireEvent(216)) - No event handler registered for event TypedEvent{payloadType=DatanodeDetails, name='Datanode_Command_Queue_Updated'}
2022-12-23 07:22:38,665 [EventQueue-CommandQueueReportForCommandQueueReportHandler] WARN  events.EventQueue (EventQueue.java:fireEvent(216)) - No event handler registered for event TypedEvent{payloadType=DatanodeDetails, name='Datanode_Command_Queue_Updated'}
2022-12-23 07:22:39,008 [Listener at 127.0.0.1/36139] INFO  ozone.MiniOzoneClusterImpl (MiniOzoneClusterImpl.java:lambda$waitForClusterToBeReady$0(217)) - Nodes are ready. Got 3 of 3 DN Heartbeats.
2022-12-23 07:22:39,009 [Listener at 127.0.0.1/36139] INFO  ozone.MiniOzoneClusterImpl (MiniOzoneClusterImpl.java:lambda$waitForClusterToBeReady$0(220)) - Waiting for cluster to exit safe mode
2022-12-23 07:22:39,009 [Listener at 127.0.0.1/36139] INFO  ozone.MiniOzoneClusterImpl (MiniOzoneClusterImpl.java:lambda$waitForClusterToBeReady$0(222)) - SCM became leader
2022-12-23 07:22:39,016 [EventQueue-CommandQueueReportForCommandQueueReportHandler] WARN  events.EventQueue (EventQueue.java:fireEvent(216)) - No event handler registered for event TypedEvent{payloadType=DatanodeDetails, name='Datanode_Command_Queue_Updated'}
2022-12-23 07:22:39,444 [EventQueue-CommandQueueReportForCommandQueueReportHandler] WARN  events.EventQueue (EventQueue.java:fireEvent(216)) - No event handler registered for event TypedEvent{payloadType=DatanodeDetails, name='Datanode_Command_Queue_Updated'}
2022-12-23 07:22:39,664 [EventQueue-CommandQueueReportForCommandQueueReportHandler] WARN  events.EventQueue (EventQueue.java:fireEvent(216)) - No event handler registered for event TypedEvent{payloadType=DatanodeDetails, name='Datanode_Command_Queue_Updated'}
2022-12-23 07:22:40,009 [Listener at 127.0.0.1/36139] INFO  ozone.MiniOzoneClusterImpl (MiniOzoneClusterImpl.java:lambda$waitForClusterToBeReady$0(217)) - Nodes are ready. Got 3 of 3 DN Heartbeats.
2022-12-23 07:22:40,009 [Listener at 127.0.0.1/36139] INFO  ozone.MiniOzoneClusterImpl (MiniOzoneClusterImpl.java:lambda$waitForClusterToBeReady$0(220)) - Waiting for cluster to exit safe mode
2022-12-23 07:22:40,010 [Listener at 127.0.0.1/36139] INFO  ozone.MiniOzoneClusterImpl (MiniOzoneClusterImpl.java:lambda$waitForClusterToBeReady$0(222)) - SCM became leader
2022-12-23 07:22:40,017 [EventQueue-CommandQueueReportForCommandQueueReportHandler] WARN  events.EventQueue (EventQueue.java:fireEvent(216)) - No event handler registered for event TypedEvent{payloadType=DatanodeDetails, name='Datanode_Command_Queue_Updated'}
2022-12-23 07:22:40,396 [c9ddfccf-4e48-411f-a985-9c78b2030ee9@group-5E95362F0768-FollowerState] INFO  impl.FollowerState (FollowerState.java:run(143)) - c9ddfccf-4e48-411f-a985-9c78b2030ee9@group-5E95362F0768-FollowerState: change to CANDIDATE, lastRpcElapsedTime:5081671698ns, electionTimeout:5076ms
2022-12-23 07:22:40,397 [c9ddfccf-4e48-411f-a985-9c78b2030ee9@group-5E95362F0768-FollowerState] INFO  impl.RoleInfo (RoleInfo.java:shutdownFollowerState(110)) - c9ddfccf-4e48-411f-a985-9c78b2030ee9: shutdown c9ddfccf-4e48-411f-a985-9c78b2030ee9@group-5E95362F0768-FollowerState
2022-12-23 07:22:40,397 [c9ddfccf-4e48-411f-a985-9c78b2030ee9@group-5E95362F0768-FollowerState] INFO  server.RaftServer$Division (RaftServerImpl.java:setRole(321)) - c9ddfccf-4e48-411f-a985-9c78b2030ee9@group-5E95362F0768: changes role from  FOLLOWER to CANDIDATE at term 0 for changeToCandidate
2022-12-23 07:22:40,397 [c9ddfccf-4e48-411f-a985-9c78b2030ee9@group-5E95362F0768-FollowerState] INFO  server.RaftServerConfigKeys (ConfUtils.java:logGet(46)) - raft.server.leaderelection.pre-vote = false (custom)
2022-12-23 07:22:40,397 [c9ddfccf-4e48-411f-a985-9c78b2030ee9@group-5E95362F0768-FollowerState] INFO  impl.RoleInfo (RoleInfo.java:updateAndGet(139)) - c9ddfccf-4e48-411f-a985-9c78b2030ee9: start c9ddfccf-4e48-411f-a985-9c78b2030ee9@group-5E95362F0768-LeaderElection14
2022-12-23 07:22:40,401 [c9ddfccf-4e48-411f-a985-9c78b2030ee9@group-5E95362F0768-LeaderElection14] INFO  impl.LeaderElection (LeaderElection.java:askForVotes(312)) - c9ddfccf-4e48-411f-a985-9c78b2030ee9@group-5E95362F0768-LeaderElection14 ELECTION round 0: submit vote requests at term 1 for -1: peers:[c9ddfccf-4e48-411f-a985-9c78b2030ee9|rpc:10.1.0.40:36669|dataStream:10.1.0.40:44285|priority:1|startupRole:FOLLOWER]|listeners:[], old=null
2022-12-23 07:22:40,401 [c9ddfccf-4e48-411f-a985-9c78b2030ee9@group-5E95362F0768-LeaderElection14] INFO  impl.LeaderElection (LeaderElection.java:askForVotes(314)) - c9ddfccf-4e48-411f-a985-9c78b2030ee9@group-5E95362F0768-LeaderElection14 ELECTION round 0: result PASSED (term=1)
2022-12-23 07:22:40,401 [c9ddfccf-4e48-411f-a985-9c78b2030ee9@group-5E95362F0768-LeaderElection14] INFO  impl.RoleInfo (RoleInfo.java:shutdownLeaderElection(130)) - c9ddfccf-4e48-411f-a985-9c78b2030ee9: shutdown c9ddfccf-4e48-411f-a985-9c78b2030ee9@group-5E95362F0768-LeaderElection14
2022-12-23 07:22:40,401 [c9ddfccf-4e48-411f-a985-9c78b2030ee9@group-5E95362F0768-LeaderElection14] INFO  server.RaftServer$Division (RaftServerImpl.java:setRole(321)) - c9ddfccf-4e48-411f-a985-9c78b2030ee9@group-5E95362F0768: changes role from CANDIDATE to LEADER at term 1 for changeToLeader
2022-12-23 07:22:40,401 [c9ddfccf-4e48-411f-a985-9c78b2030ee9@group-5E95362F0768-LeaderElection14] INFO  ratis.XceiverServerRatis (XceiverServerRatis.java:handleLeaderChangedNotification(904)) - Leader change notification received for group: group-5E95362F0768 with new leaderId: c9ddfccf-4e48-411f-a985-9c78b2030ee9
2022-12-23 07:22:40,401 [c9ddfccf-4e48-411f-a985-9c78b2030ee9@group-5E95362F0768-LeaderElection14] INFO  server.RaftServer$Division (ServerState.java:setLeader(313)) - c9ddfccf-4e48-411f-a985-9c78b2030ee9@group-5E95362F0768: change Leader from null to c9ddfccf-4e48-411f-a985-9c78b2030ee9 at term 1 for becomeLeader, leader elected after 5113ms
2022-12-23 07:22:40,401 [c9ddfccf-4e48-411f-a985-9c78b2030ee9@group-5E95362F0768-LeaderElection14] INFO  server.RaftServerConfigKeys (ConfUtils.java:logGet(46)) - raft.server.staging.catchup.gap = 1000 (default)
2022-12-23 07:22:40,402 [c9ddfccf-4e48-411f-a985-9c78b2030ee9@group-5E95362F0768-LeaderElection14] INFO  server.RaftServerConfigKeys (ConfUtils.java:logGet(46)) - raft.server.write.element-limit = 1024 (custom)
2022-12-23 07:22:40,402 [c9ddfccf-4e48-411f-a985-9c78b2030ee9@group-5E95362F0768-LeaderElection14] INFO  server.RaftServerConfigKeys (ConfUtils.java:logGet(46)) - raft.server.write.byte-limit = 1024 M (=1073741824) (custom)
2022-12-23 07:22:40,402 [c9ddfccf-4e48-411f-a985-9c78b2030ee9@group-5E95362F0768-LeaderElection14] INFO  server.RaftServerConfigKeys (ConfUtils.java:logGet(46)) - raft.server.watch.timeout = 180s (custom)
2022-12-23 07:22:40,402 [c9ddfccf-4e48-411f-a985-9c78b2030ee9@group-5E95362F0768-LeaderElection14] INFO  server.RaftServerConfigKeys (ConfUtils.java:logGet(46)) - raft.server.watch.timeout.denomination = 1s (default)
2022-12-23 07:22:40,402 [c9ddfccf-4e48-411f-a985-9c78b2030ee9@group-5E95362F0768-LeaderElection14] INFO  server.RaftServerConfigKeys (ConfUtils.java:logGet(46)) - raft.server.watch.element-limit = 65536 (default)
2022-12-23 07:22:40,402 [c9ddfccf-4e48-411f-a985-9c78b2030ee9@group-5E95362F0768-LeaderElection14] INFO  server.RaftServerConfigKeys (ConfUtils.java:logGet(46)) - raft.server.write.element-limit = 1024 (custom)
2022-12-23 07:22:40,402 [c9ddfccf-4e48-411f-a985-9c78b2030ee9@group-5E95362F0768-LeaderElection14] INFO  server.RaftServerConfigKeys (ConfUtils.java:logGet(46)) - raft.server.write.follower.gap.ratio.max = -1.0 (default)
2022-12-23 07:22:40,403 [c9ddfccf-4e48-411f-a985-9c78b2030ee9@group-5E95362F0768-LeaderElection14] INFO  impl.RoleInfo (RoleInfo.java:updateAndGet(139)) - c9ddfccf-4e48-411f-a985-9c78b2030ee9: start c9ddfccf-4e48-411f-a985-9c78b2030ee9@group-5E95362F0768-LeaderStateImpl
2022-12-23 07:22:40,403 [c9ddfccf-4e48-411f-a985-9c78b2030ee9@group-5E95362F0768-LeaderElection14] INFO  segmented.SegmentedRaftLogWorker (SegmentedRaftLogWorker.java:startLogSegment(452)) - c9ddfccf-4e48-411f-a985-9c78b2030ee9@group-5E95362F0768-SegmentedRaftLogWorker: Starting segment from index:0
2022-12-23 07:22:40,405 [c9ddfccf-4e48-411f-a985-9c78b2030ee9@group-5E95362F0768-SegmentedRaftLogWorker] INFO  segmented.SegmentedRaftLogWorker (SegmentedRaftLogWorker.java:execute(656)) - c9ddfccf-4e48-411f-a985-9c78b2030ee9@group-5E95362F0768-SegmentedRaftLogWorker: created new log segment /home/runner/work/ozone/ozone/hadoop-ozone/integration-test/target/test-dir/MiniOzoneClusterImpl-b048efff-b978-4370-a947-e513736927f6/datanode-0/data/ratis/1a038d8e-1b48-4cd4-9116-5e95362f0768/current/log_inprogress_0
2022-12-23 07:22:40,406 [EventQueue-CommandQueueReportForCommandQueueReportHandler] WARN  events.EventQueue (EventQueue.java:fireEvent(216)) - No event handler registered for event TypedEvent{payloadType=DatanodeDetails, name='Datanode_Command_Queue_Updated'}
2022-12-23 07:22:40,407 [EventQueue-OpenPipelineForHealthyPipelineSafeModeRule] INFO  safemode.SCMSafeModeManager (HealthyPipelineSafeModeRule.java:process(137)) - SCM in safe mode. Healthy pipelines reported count is 0, required healthy pipeline reported count is 1
2022-12-23 07:22:40,407 [c9ddfccf-4e48-411f-a985-9c78b2030ee9@group-5E95362F0768-LeaderElection14] INFO  server.RaftServer$Division (ServerState.java:setRaftConf(430)) - c9ddfccf-4e48-411f-a985-9c78b2030ee9@group-5E95362F0768: set configuration 0: peers:[c9ddfccf-4e48-411f-a985-9c78b2030ee9|rpc:10.1.0.40:36669|dataStream:10.1.0.40:44285|priority:1|startupRole:FOLLOWER]|listeners:[], old=null
2022-12-23 07:22:40,457 [b08f5f88-5074-48f5-ac81-6aa5dd632f85@group-8D750AFE0FE3-FollowerState] INFO  impl.FollowerState (FollowerState.java:run(143)) - b08f5f88-5074-48f5-ac81-6aa5dd632f85@group-8D750AFE0FE3-FollowerState: change to CANDIDATE, lastRpcElapsedTime:5027914411ns, electionTimeout:5026ms
2022-12-23 07:22:40,457 [b08f5f88-5074-48f5-ac81-6aa5dd632f85@group-8D750AFE0FE3-FollowerState] INFO  impl.RoleInfo (RoleInfo.java:shutdownFollowerState(110)) - b08f5f88-5074-48f5-ac81-6aa5dd632f85: shutdown b08f5f88-5074-48f5-ac81-6aa5dd632f85@group-8D750AFE0FE3-FollowerState
2022-12-23 07:22:40,457 [b08f5f88-5074-48f5-ac81-6aa5dd632f85@group-8D750AFE0FE3-FollowerState] INFO  server.RaftServer$Division (RaftServerImpl.java:setRole(321)) - b08f5f88-5074-48f5-ac81-6aa5dd632f85@group-8D750AFE0FE3: changes role from  FOLLOWER to CANDIDATE at term 0 for changeToCandidate
2022-12-23 07:22:40,457 [b08f5f88-5074-48f5-ac81-6aa5dd632f85@group-8D750AFE0FE3-FollowerState] INFO  server.RaftServerConfigKeys (ConfUtils.java:logGet(46)) - raft.server.leaderelection.pre-vote = false (custom)
2022-12-23 07:22:40,457 [b08f5f88-5074-48f5-ac81-6aa5dd632f85@group-8D750AFE0FE3-FollowerState] INFO  impl.RoleInfo (RoleInfo.java:updateAndGet(139)) - b08f5f88-5074-48f5-ac81-6aa5dd632f85: start b08f5f88-5074-48f5-ac81-6aa5dd632f85@group-8D750AFE0FE3-LeaderElection15
2022-12-23 07:22:40,461 [b08f5f88-5074-48f5-ac81-6aa5dd632f85@group-8D750AFE0FE3-LeaderElection15] INFO  impl.LeaderElection (LeaderElection.java:askForVotes(312)) - b08f5f88-5074-48f5-ac81-6aa5dd632f85@group-8D750AFE0FE3-LeaderElection15 ELECTION round 0: submit vote requests at term 1 for -1: peers:[122e07b3-5337-411b-bbd2-8c7328b2790d|rpc:10.1.0.40:33187|dataStream:10.1.0.40:35899|priority:0|startupRole:FOLLOWER, c9ddfccf-4e48-411f-a985-9c78b2030ee9|rpc:10.1.0.40:36669|dataStream:10.1.0.40:44285|priority:1|startupRole:FOLLOWER, b08f5f88-5074-48f5-ac81-6aa5dd632f85|rpc:10.1.0.40:35433|dataStream:10.1.0.40:32937|priority:0|startupRole:FOLLOWER]|listeners:[], old=null
2022-12-23 07:22:40,461 [b08f5f88-5074-48f5-ac81-6aa5dd632f85@group-8D750AFE0FE3-LeaderElection15] INFO  server.RaftServerConfigKeys (ConfUtils.java:logFallback(53)) - raft.server.rpc.first-election.timeout.min = 5s (fallback to raft.server.rpc.timeout.min)
2022-12-23 07:22:40,461 [b08f5f88-5074-48f5-ac81-6aa5dd632f85@group-8D750AFE0FE3-LeaderElection15-1] INFO  server.GrpcServerProtocolClient (GrpcServerProtocolClient.java:<init>(63)) - Build channel for 122e07b3-5337-411b-bbd2-8c7328b2790d
2022-12-23 07:22:40,461 [b08f5f88-5074-48f5-ac81-6aa5dd632f85@group-8D750AFE0FE3-LeaderElection15] INFO  server.RaftServerConfigKeys (ConfUtils.java:logFallback(53)) - raft.server.rpc.first-election.timeout.max = 5200ms (fallback to raft.server.rpc.timeout.max)
2022-12-23 07:22:40,462 [b08f5f88-5074-48f5-ac81-6aa5dd632f85@group-8D750AFE0FE3-LeaderElection15-2] INFO  server.GrpcServerProtocolClient (GrpcServerProtocolClient.java:<init>(63)) - Build channel for c9ddfccf-4e48-411f-a985-9c78b2030ee9
2022-12-23 07:22:40,479 [grpc-default-executor-0] INFO  server.RaftServer$Division (RaftServerImpl.java:requestVote(1218)) - c9ddfccf-4e48-411f-a985-9c78b2030ee9@group-8D750AFE0FE3: receive requestVote(ELECTION, b08f5f88-5074-48f5-ac81-6aa5dd632f85, group-8D750AFE0FE3, 1, (t:0, i:0))
2022-12-23 07:22:40,479 [grpc-default-executor-0] INFO  impl.VoteContext (VoteContext.java:log(49)) - c9ddfccf-4e48-411f-a985-9c78b2030ee9@group-8D750AFE0FE3-FOLLOWER: reject ELECTION from b08f5f88-5074-48f5-ac81-6aa5dd632f85: our priority 1 > candidate's priority 0
2022-12-23 07:22:40,479 [grpc-default-executor-0] INFO  server.RaftServer$Division (RaftServerImpl.java:setRole(321)) - c9ddfccf-4e48-411f-a985-9c78b2030ee9@group-8D750AFE0FE3: changes role from  FOLLOWER to FOLLOWER at term 1 for candidate:b08f5f88-5074-48f5-ac81-6aa5dd632f85
2022-12-23 07:22:40,479 [grpc-default-executor-0] INFO  impl.RoleInfo (RoleInfo.java:shutdownFollowerState(110)) - c9ddfccf-4e48-411f-a985-9c78b2030ee9: shutdown c9ddfccf-4e48-411f-a985-9c78b2030ee9@group-8D750AFE0FE3-FollowerState
2022-12-23 07:22:40,479 [grpc-default-executor-0] INFO  impl.RoleInfo (RoleInfo.java:updateAndGet(139)) - c9ddfccf-4e48-411f-a985-9c78b2030ee9: start c9ddfccf-4e48-411f-a985-9c78b2030ee9@group-8D750AFE0FE3-FollowerState
2022-12-23 07:22:40,479 [c9ddfccf-4e48-411f-a985-9c78b2030ee9@group-8D750AFE0FE3-FollowerState] INFO  impl.FollowerState (FollowerState.java:run(152)) - c9ddfccf-4e48-411f-a985-9c78b2030ee9@group-8D750AFE0FE3-FollowerState was interrupted
2022-12-23 07:22:40,487 [grpc-default-executor-0] INFO  server.RaftServer$Division (RaftServerImpl.java:requestVote(1251)) - c9ddfccf-4e48-411f-a985-9c78b2030ee9@group-8D750AFE0FE3 replies to ELECTION vote request: b08f5f88-5074-48f5-ac81-6aa5dd632f85<-c9ddfccf-4e48-411f-a985-9c78b2030ee9#0:FAIL-t1. Peer's state: c9ddfccf-4e48-411f-a985-9c78b2030ee9@group-8D750AFE0FE3:t1, leader=null, voted=null, raftlog=Memoized:c9ddfccf-4e48-411f-a985-9c78b2030ee9@group-8D750AFE0FE3-SegmentedRaftLog:OPENED:c-1, conf=-1: peers:[122e07b3-5337-411b-bbd2-8c7328b2790d|rpc:10.1.0.40:33187|dataStream:10.1.0.40:35899|priority:0|startupRole:FOLLOWER, c9ddfccf-4e48-411f-a985-9c78b2030ee9|rpc:10.1.0.40:36669|dataStream:10.1.0.40:44285|priority:1|startupRole:FOLLOWER, b08f5f88-5074-48f5-ac81-6aa5dd632f85|rpc:10.1.0.40:35433|dataStream:10.1.0.40:32937|priority:0|startupRole:FOLLOWER]|listeners:[], old=null
2022-12-23 07:22:40,489 [b08f5f88-5074-48f5-ac81-6aa5dd632f85@group-8D750AFE0FE3-LeaderElection15] INFO  impl.LeaderElection (LeaderElection.java:logAndReturn(90)) - b08f5f88-5074-48f5-ac81-6aa5dd632f85@group-8D750AFE0FE3-LeaderElection15: ELECTION REJECTED received 1 response(s) and 0 exception(s):
2022-12-23 07:22:40,489 [b08f5f88-5074-48f5-ac81-6aa5dd632f85@group-8D750AFE0FE3-LeaderElection15] INFO  impl.LeaderElection (LeaderElection.java:logAndReturn(94)) -   Response 0: b08f5f88-5074-48f5-ac81-6aa5dd632f85<-c9ddfccf-4e48-411f-a985-9c78b2030ee9#0:FAIL-t1
2022-12-23 07:22:40,489 [b08f5f88-5074-48f5-ac81-6aa5dd632f85@group-8D750AFE0FE3-LeaderElection15] INFO  impl.LeaderElection (LeaderElection.java:askForVotes(314)) - b08f5f88-5074-48f5-ac81-6aa5dd632f85@group-8D750AFE0FE3-LeaderElection15 ELECTION round 0: result REJECTED
2022-12-23 07:22:40,489 [b08f5f88-5074-48f5-ac81-6aa5dd632f85@group-8D750AFE0FE3-LeaderElection15] INFO  server.RaftServer$Division (RaftServerImpl.java:setRole(321)) - b08f5f88-5074-48f5-ac81-6aa5dd632f85@group-8D750AFE0FE3: changes role from CANDIDATE to FOLLOWER at term 1 for REJECTED
2022-12-23 07:22:40,489 [b08f5f88-5074-48f5-ac81-6aa5dd632f85@group-8D750AFE0FE3-LeaderElection15] INFO  impl.RoleInfo (RoleInfo.java:shutdownLeaderElection(130)) - b08f5f88-5074-48f5-ac81-6aa5dd632f85: shutdown b08f5f88-5074-48f5-ac81-6aa5dd632f85@group-8D750AFE0FE3-LeaderElection15
2022-12-23 07:22:40,489 [b08f5f88-5074-48f5-ac81-6aa5dd632f85@group-8D750AFE0FE3-LeaderElection15] INFO  impl.RoleInfo (RoleInfo.java:updateAndGet(139)) - b08f5f88-5074-48f5-ac81-6aa5dd632f85: start b08f5f88-5074-48f5-ac81-6aa5dd632f85@group-8D750AFE0FE3-FollowerState
2022-12-23 07:22:40,490 [c9ddfccf-4e48-411f-a985-9c78b2030ee9@group-8D750AFE0FE3-FollowerState] INFO  server.RaftServerConfigKeys (ConfUtils.java:logFallback(53)) - raft.server.rpc.first-election.timeout.min = 5s (fallback to raft.server.rpc.timeout.min)
2022-12-23 07:22:40,490 [c9ddfccf-4e48-411f-a985-9c78b2030ee9@group-8D750AFE0FE3-FollowerState] INFO  server.RaftServerConfigKeys (ConfUtils.java:logFallback(53)) - raft.server.rpc.first-election.timeout.max = 5200ms (fallback to raft.server.rpc.timeout.max)
2022-12-23 07:22:40,490 [b08f5f88-5074-48f5-ac81-6aa5dd632f85@group-8D750AFE0FE3-FollowerState] INFO  server.RaftServerConfigKeys (ConfUtils.java:logFallback(53)) - raft.server.rpc.first-election.timeout.min = 5s (fallback to raft.server.rpc.timeout.min)
2022-12-23 07:22:40,490 [b08f5f88-5074-48f5-ac81-6aa5dd632f85@group-8D750AFE0FE3-FollowerState] INFO  server.RaftServerConfigKeys (ConfUtils.java:logFallback(53)) - raft.server.rpc.first-election.timeout.max = 5200ms (fallback to raft.server.rpc.timeout.max)
2022-12-23 07:22:40,491 [grpc-default-executor-1] INFO  server.RaftServer$Division (RaftServerImpl.java:requestVote(1218)) - 122e07b3-5337-411b-bbd2-8c7328b2790d@group-8D750AFE0FE3: receive requestVote(ELECTION, b08f5f88-5074-48f5-ac81-6aa5dd632f85, group-8D750AFE0FE3, 1, (t:0, i:0))
2022-12-23 07:22:40,491 [grpc-default-executor-1] INFO  impl.VoteContext (VoteContext.java:log(49)) - 122e07b3-5337-411b-bbd2-8c7328b2790d@group-8D750AFE0FE3-FOLLOWER: accept ELECTION from b08f5f88-5074-48f5-ac81-6aa5dd632f85: our priority 0 <= candidate's priority 0
2022-12-23 07:22:40,491 [grpc-default-executor-1] INFO  server.RaftServer$Division (RaftServerImpl.java:setRole(321)) - 122e07b3-5337-411b-bbd2-8c7328b2790d@group-8D750AFE0FE3: changes role from  FOLLOWER to FOLLOWER at term 1 for candidate:b08f5f88-5074-48f5-ac81-6aa5dd632f85
2022-12-23 07:22:40,491 [grpc-default-executor-1] INFO  impl.RoleInfo (RoleInfo.java:shutdownFollowerState(110)) - 122e07b3-5337-411b-bbd2-8c7328b2790d: shutdown 122e07b3-5337-411b-bbd2-8c7328b2790d@group-8D750AFE0FE3-FollowerState
2022-12-23 07:22:40,491 [grpc-default-executor-1] INFO  impl.RoleInfo (RoleInfo.java:updateAndGet(139)) - 122e07b3-5337-411b-bbd2-8c7328b2790d: start 122e07b3-5337-411b-bbd2-8c7328b2790d@group-8D750AFE0FE3-FollowerState
2022-12-23 07:22:40,491 [122e07b3-5337-411b-bbd2-8c7328b2790d@group-8D750AFE0FE3-FollowerState] INFO  impl.FollowerState (FollowerState.java:run(152)) - 122e07b3-5337-411b-bbd2-8c7328b2790d@group-8D750AFE0FE3-FollowerState was interrupted
2022-12-23 07:22:40,492 [122e07b3-5337-411b-bbd2-8c7328b2790d@group-8D750AFE0FE3-FollowerState] INFO  server.RaftServerConfigKeys (ConfUtils.java:logFallback(53)) - raft.server.rpc.first-election.timeout.min = 5s (fallback to raft.server.rpc.timeout.min)
2022-12-23 07:22:40,492 [122e07b3-5337-411b-bbd2-8c7328b2790d@group-8D750AFE0FE3-FollowerState] INFO  server.RaftServerConfigKeys (ConfUtils.java:logFallback(53)) - raft.server.rpc.first-election.timeout.max = 5200ms (fallback to raft.server.rpc.timeout.max)
2022-12-23 07:22:40,493 [grpc-default-executor-1] INFO  server.RaftServer$Division (RaftServerImpl.java:requestVote(1251)) - 122e07b3-5337-411b-bbd2-8c7328b2790d@group-8D750AFE0FE3 replies to ELECTION vote request: b08f5f88-5074-48f5-ac81-6aa5dd632f85<-122e07b3-5337-411b-bbd2-8c7328b2790d#0:OK-t1. Peer's state: 122e07b3-5337-411b-bbd2-8c7328b2790d@group-8D750AFE0FE3:t1, leader=null, voted=b08f5f88-5074-48f5-ac81-6aa5dd632f85, raftlog=Memoized:122e07b3-5337-411b-bbd2-8c7328b2790d@group-8D750AFE0FE3-SegmentedRaftLog:OPENED:c-1, conf=-1: peers:[122e07b3-5337-411b-bbd2-8c7328b2790d|rpc:10.1.0.40:33187|dataStream:10.1.0.40:35899|priority:0|startupRole:FOLLOWER, c9ddfccf-4e48-411f-a985-9c78b2030ee9|rpc:10.1.0.40:36669|dataStream:10.1.0.40:44285|priority:1|startupRole:FOLLOWER, b08f5f88-5074-48f5-ac81-6aa5dd632f85|rpc:10.1.0.40:35433|dataStream:10.1.0.40:32937|priority:0|startupRole:FOLLOWER]|listeners:[], old=null
2022-12-23 07:22:40,569 [c9ddfccf-4e48-411f-a985-9c78b2030ee9@group-07046C3287AF-FollowerState] INFO  impl.FollowerState (FollowerState.java:run(143)) - c9ddfccf-4e48-411f-a985-9c78b2030ee9@group-07046C3287AF-FollowerState: change to CANDIDATE, lastRpcElapsedTime:5109698972ns, electionTimeout:5109ms
2022-12-23 07:22:40,569 [c9ddfccf-4e48-411f-a985-9c78b2030ee9@group-07046C3287AF-FollowerState] INFO  impl.RoleInfo (RoleInfo.java:shutdownFollowerState(110)) - c9ddfccf-4e48-411f-a985-9c78b2030ee9: shutdown c9ddfccf-4e48-411f-a985-9c78b2030ee9@group-07046C3287AF-FollowerState
2022-12-23 07:22:40,570 [c9ddfccf-4e48-411f-a985-9c78b2030ee9@group-07046C3287AF-FollowerState] INFO  server.RaftServer$Division (RaftServerImpl.java:setRole(321)) - c9ddfccf-4e48-411f-a985-9c78b2030ee9@group-07046C3287AF: changes role from  FOLLOWER to CANDIDATE at term 0 for changeToCandidate
2022-12-23 07:22:40,570 [c9ddfccf-4e48-411f-a985-9c78b2030ee9@group-07046C3287AF-FollowerState] INFO  server.RaftServerConfigKeys (ConfUtils.java:logGet(46)) - raft.server.leaderelection.pre-vote = false (custom)
2022-12-23 07:22:40,570 [c9ddfccf-4e48-411f-a985-9c78b2030ee9@group-07046C3287AF-FollowerState] INFO  impl.RoleInfo (RoleInfo.java:updateAndGet(139)) - c9ddfccf-4e48-411f-a985-9c78b2030ee9: start c9ddfccf-4e48-411f-a985-9c78b2030ee9@group-07046C3287AF-LeaderElection16
2022-12-23 07:22:40,572 [122e07b3-5337-411b-bbd2-8c7328b2790d@group-07046C3287AF-FollowerState] INFO  impl.FollowerState (FollowerState.java:run(143)) - 122e07b3-5337-411b-bbd2-8c7328b2790d@group-07046C3287AF-FollowerState: change to CANDIDATE, lastRpcElapsedTime:5035282430ns, electionTimeout:5034ms
2022-12-23 07:22:40,572 [122e07b3-5337-411b-bbd2-8c7328b2790d@group-07046C3287AF-FollowerState] INFO  impl.RoleInfo (RoleInfo.java:shutdownFollowerState(110)) - 122e07b3-5337-411b-bbd2-8c7328b2790d: shutdown 122e07b3-5337-411b-bbd2-8c7328b2790d@group-07046C3287AF-FollowerState
2022-12-23 07:22:40,572 [122e07b3-5337-411b-bbd2-8c7328b2790d@group-07046C3287AF-FollowerState] INFO  server.RaftServer$Division (RaftServerImpl.java:setRole(321)) - 122e07b3-5337-411b-bbd2-8c7328b2790d@group-07046C3287AF: changes role from  FOLLOWER to CANDIDATE at term 0 for changeToCandidate
2022-12-23 07:22:40,572 [122e07b3-5337-411b-bbd2-8c7328b2790d@group-07046C3287AF-FollowerState] INFO  server.RaftServerConfigKeys (ConfUtils.java:logGet(46)) - raft.server.leaderelection.pre-vote = false (custom)
2022-12-23 07:22:40,572 [122e07b3-5337-411b-bbd2-8c7328b2790d@group-07046C3287AF-FollowerState] INFO  impl.RoleInfo (RoleInfo.java:updateAndGet(139)) - 122e07b3-5337-411b-bbd2-8c7328b2790d: start 122e07b3-5337-411b-bbd2-8c7328b2790d@group-07046C3287AF-LeaderElection17
2022-12-23 07:22:40,577 [c9ddfccf-4e48-411f-a985-9c78b2030ee9@group-07046C3287AF-LeaderElection16] INFO  impl.LeaderElection (LeaderElection.java:askForVotes(312)) - c9ddfccf-4e48-411f-a985-9c78b2030ee9@group-07046C3287AF-LeaderElection16 ELECTION round 0: submit vote requests at term 1 for -1: peers:[122e07b3-5337-411b-bbd2-8c7328b2790d|rpc:10.1.0.40:33187|dataStream:10.1.0.40:35899|priority:0|startupRole:FOLLOWER, c9ddfccf-4e48-411f-a985-9c78b2030ee9|rpc:10.1.0.40:36669|dataStream:10.1.0.40:44285|priority:0|startupRole:FOLLOWER, b08f5f88-5074-48f5-ac81-6aa5dd632f85|rpc:10.1.0.40:35433|dataStream:10.1.0.40:32937|priority:1|startupRole:FOLLOWER]|listeners:[], old=null
2022-12-23 07:22:40,578 [c9ddfccf-4e48-411f-a985-9c78b2030ee9@group-07046C3287AF-LeaderElection16-1] INFO  server.GrpcServerProtocolClient (GrpcServerProtocolClient.java:<init>(63)) - Build channel for 122e07b3-5337-411b-bbd2-8c7328b2790d
2022-12-23 07:22:40,582 [c9ddfccf-4e48-411f-a985-9c78b2030ee9@group-07046C3287AF-LeaderElection16] INFO  server.RaftServerConfigKeys (ConfUtils.java:logFallback(53)) - raft.server.rpc.first-election.timeout.min = 5s (fallback to raft.server.rpc.timeout.min)
2022-12-23 07:22:40,582 [c9ddfccf-4e48-411f-a985-9c78b2030ee9@group-07046C3287AF-LeaderElection16] INFO  server.RaftServerConfigKeys (ConfUtils.java:logFallback(53)) - raft.server.rpc.first-election.timeout.max = 5200ms (fallback to raft.server.rpc.timeout.max)
2022-12-23 07:22:40,582 [c9ddfccf-4e48-411f-a985-9c78b2030ee9@group-07046C3287AF-LeaderElection16-2] INFO  server.GrpcServerProtocolClient (GrpcServerProtocolClient.java:<init>(63)) - Build channel for b08f5f88-5074-48f5-ac81-6aa5dd632f85
2022-12-23 07:22:40,588 [grpc-default-executor-1] INFO  server.RaftServer$Division (RaftServerImpl.java:requestVote(1218)) - 122e07b3-5337-411b-bbd2-8c7328b2790d@group-07046C3287AF: receive requestVote(ELECTION, c9ddfccf-4e48-411f-a985-9c78b2030ee9, group-07046C3287AF, 1, (t:0, i:0))
2022-12-23 07:22:40,590 [122e07b3-5337-411b-bbd2-8c7328b2790d@group-07046C3287AF-LeaderElection17] INFO  impl.LeaderElection (LeaderElection.java:askForVotes(312)) - 122e07b3-5337-411b-bbd2-8c7328b2790d@group-07046C3287AF-LeaderElection17 ELECTION round 0: submit vote requests at term 1 for -1: peers:[122e07b3-5337-411b-bbd2-8c7328b2790d|rpc:10.1.0.40:33187|dataStream:10.1.0.40:35899|priority:0|startupRole:FOLLOWER, c9ddfccf-4e48-411f-a985-9c78b2030ee9|rpc:10.1.0.40:36669|dataStream:10.1.0.40:44285|priority:0|startupRole:FOLLOWER, b08f5f88-5074-48f5-ac81-6aa5dd632f85|rpc:10.1.0.40:35433|dataStream:10.1.0.40:32937|priority:1|startupRole:FOLLOWER]|listeners:[], old=null
2022-12-23 07:22:40,593 [grpc-default-executor-0] INFO  server.RaftServer$Division (RaftServerImpl.java:requestVote(1218)) - b08f5f88-5074-48f5-ac81-6aa5dd632f85@group-07046C3287AF: receive requestVote(ELECTION, c9ddfccf-4e48-411f-a985-9c78b2030ee9, group-07046C3287AF, 1, (t:0, i:0))
2022-12-23 07:22:40,593 [grpc-default-executor-0] INFO  impl.VoteContext (VoteContext.java:log(49)) - b08f5f88-5074-48f5-ac81-6aa5dd632f85@group-07046C3287AF-FOLLOWER: reject ELECTION from c9ddfccf-4e48-411f-a985-9c78b2030ee9: our priority 1 > candidate's priority 0
2022-12-23 07:22:40,593 [grpc-default-executor-0] INFO  server.RaftServer$Division (RaftServerImpl.java:setRole(321)) - b08f5f88-5074-48f5-ac81-6aa5dd632f85@group-07046C3287AF: changes role from  FOLLOWER to FOLLOWER at term 1 for candidate:c9ddfccf-4e48-411f-a985-9c78b2030ee9
2022-12-23 07:22:40,593 [grpc-default-executor-0] INFO  impl.RoleInfo (RoleInfo.java:shutdownFollowerState(110)) - b08f5f88-5074-48f5-ac81-6aa5dd632f85: shutdown b08f5f88-5074-48f5-ac81-6aa5dd632f85@group-07046C3287AF-FollowerState
2022-12-23 07:22:40,593 [grpc-default-executor-1] INFO  impl.VoteContext (VoteContext.java:log(49)) - 122e07b3-5337-411b-bbd2-8c7328b2790d@group-07046C3287AF-CANDIDATE: reject ELECTION from c9ddfccf-4e48-411f-a985-9c78b2030ee9: already has voted for 122e07b3-5337-411b-bbd2-8c7328b2790d at current term 1
2022-12-23 07:22:40,594 [grpc-default-executor-1] INFO  server.RaftServer$Division (RaftServerImpl.java:requestVote(1251)) - 122e07b3-5337-411b-bbd2-8c7328b2790d@group-07046C3287AF replies to ELECTION vote request: c9ddfccf-4e48-411f-a985-9c78b2030ee9<-122e07b3-5337-411b-bbd2-8c7328b2790d#0:FAIL-t1. Peer's state: 122e07b3-5337-411b-bbd2-8c7328b2790d@group-07046C3287AF:t1, leader=null, voted=122e07b3-5337-411b-bbd2-8c7328b2790d, raftlog=Memoized:122e07b3-5337-411b-bbd2-8c7328b2790d@group-07046C3287AF-SegmentedRaftLog:OPENED:c-1, conf=-1: peers:[122e07b3-5337-411b-bbd2-8c7328b2790d|rpc:10.1.0.40:33187|dataStream:10.1.0.40:35899|priority:0|startupRole:FOLLOWER, c9ddfccf-4e48-411f-a985-9c78b2030ee9|rpc:10.1.0.40:36669|dataStream:10.1.0.40:44285|priority:0|startupRole:FOLLOWER, b08f5f88-5074-48f5-ac81-6aa5dd632f85|rpc:10.1.0.40:35433|dataStream:10.1.0.40:32937|priority:1|startupRole:FOLLOWER]|listeners:[], old=null
2022-12-23 07:22:40,600 [grpc-default-executor-0] INFO  impl.RoleInfo (RoleInfo.java:updateAndGet(139)) - b08f5f88-5074-48f5-ac81-6aa5dd632f85: start b08f5f88-5074-48f5-ac81-6aa5dd632f85@group-07046C3287AF-FollowerState
2022-12-23 07:22:40,601 [b08f5f88-5074-48f5-ac81-6aa5dd632f85@group-07046C3287AF-FollowerState] INFO  impl.FollowerState (FollowerState.java:run(152)) - b08f5f88-5074-48f5-ac81-6aa5dd632f85@group-07046C3287AF-FollowerState was interrupted
2022-12-23 07:22:40,602 [b08f5f88-5074-48f5-ac81-6aa5dd632f85@group-07046C3287AF-FollowerState] INFO  server.RaftServerConfigKeys (ConfUtils.java:logFallback(53)) - raft.server.rpc.first-election.timeout.min = 5s (fallback to raft.server.rpc.timeout.min)
2022-12-23 07:22:40,602 [b08f5f88-5074-48f5-ac81-6aa5dd632f85@group-07046C3287AF-FollowerState] INFO  server.RaftServerConfigKeys (ConfUtils.java:logFallback(53)) - raft.server.rpc.first-election.timeout.max = 5200ms (fallback to raft.server.rpc.timeout.max)
2022-12-23 07:22:40,602 [122e07b3-5337-411b-bbd2-8c7328b2790d@group-07046C3287AF-LeaderElection17] INFO  server.RaftServerConfigKeys (ConfUtils.java:logFallback(53)) - raft.server.rpc.first-election.timeout.min = 5s (fallback to raft.server.rpc.timeout.min)
2022-12-23 07:22:40,602 [122e07b3-5337-411b-bbd2-8c7328b2790d@group-07046C3287AF-LeaderElection17] INFO  server.RaftServerConfigKeys (ConfUtils.java:logFallback(53)) - raft.server.rpc.first-election.timeout.max = 5200ms (fallback to raft.server.rpc.timeout.max)
2022-12-23 07:22:40,602 [122e07b3-5337-411b-bbd2-8c7328b2790d@group-07046C3287AF-LeaderElection17-2] INFO  server.GrpcServerProtocolClient (GrpcServerProtocolClient.java:<init>(63)) - Build channel for b08f5f88-5074-48f5-ac81-6aa5dd632f85
2022-12-23 07:22:40,603 [122e07b3-5337-411b-bbd2-8c7328b2790d@group-07046C3287AF-LeaderElection17-1] INFO  server.GrpcServerProtocolClient (GrpcServerProtocolClient.java:<init>(63)) - Build channel for c9ddfccf-4e48-411f-a985-9c78b2030ee9
2022-12-23 07:22:40,603 [grpc-default-executor-0] INFO  server.RaftServer$Division (RaftServerImpl.java:requestVote(1251)) - b08f5f88-5074-48f5-ac81-6aa5dd632f85@group-07046C3287AF replies to ELECTION vote request: c9ddfccf-4e48-411f-a985-9c78b2030ee9<-b08f5f88-5074-48f5-ac81-6aa5dd632f85#0:FAIL-t1. Peer's state: b08f5f88-5074-48f5-ac81-6aa5dd632f85@group-07046C3287AF:t1, leader=null, voted=null, raftlog=Memoized:b08f5f88-5074-48f5-ac81-6aa5dd632f85@group-07046C3287AF-SegmentedRaftLog:OPENED:c-1, conf=-1: peers:[122e07b3-5337-411b-bbd2-8c7328b2790d|rpc:10.1.0.40:33187|dataStream:10.1.0.40:35899|priority:0|startupRole:FOLLOWER, c9ddfccf-4e48-411f-a985-9c78b2030ee9|rpc:10.1.0.40:36669|dataStream:10.1.0.40:44285|priority:0|startupRole:FOLLOWER, b08f5f88-5074-48f5-ac81-6aa5dd632f85|rpc:10.1.0.40:35433|dataStream:10.1.0.40:32937|priority:1|startupRole:FOLLOWER]|listeners:[], old=null
2022-12-23 07:22:40,608 [c9ddfccf-4e48-411f-a985-9c78b2030ee9@group-07046C3287AF-LeaderElection16] INFO  impl.LeaderElection (LeaderElection.java:logAndReturn(90)) - c9ddfccf-4e48-411f-a985-9c78b2030ee9@group-07046C3287AF-LeaderElection16: ELECTION REJECTED received 2 response(s) and 0 exception(s):
2022-12-23 07:22:40,608 [c9ddfccf-4e48-411f-a985-9c78b2030ee9@group-07046C3287AF-LeaderElection16] INFO  impl.LeaderElection (LeaderElection.java:logAndReturn(94)) -   Response 0: c9ddfccf-4e48-411f-a985-9c78b2030ee9<-122e07b3-5337-411b-bbd2-8c7328b2790d#0:FAIL-t1
2022-12-23 07:22:40,608 [c9ddfccf-4e48-411f-a985-9c78b2030ee9@group-07046C3287AF-LeaderElection16] INFO  impl.LeaderElection (LeaderElection.java:logAndReturn(94)) -   Response 1: c9ddfccf-4e48-411f-a985-9c78b2030ee9<-b08f5f88-5074-48f5-ac81-6aa5dd632f85#0:FAIL-t1
2022-12-23 07:22:40,608 [c9ddfccf-4e48-411f-a985-9c78b2030ee9@group-07046C3287AF-LeaderElection16] INFO  impl.LeaderElection (LeaderElection.java:askForVotes(314)) - c9ddfccf-4e48-411f-a985-9c78b2030ee9@group-07046C3287AF-LeaderElection16 ELECTION round 0: result REJECTED
2022-12-23 07:22:40,609 [c9ddfccf-4e48-411f-a985-9c78b2030ee9@group-07046C3287AF-LeaderElection16] INFO  server.RaftServer$Division (RaftServerImpl.java:setRole(321)) - c9ddfccf-4e48-411f-a985-9c78b2030ee9@group-07046C3287AF: changes role from CANDIDATE to FOLLOWER at term 1 for REJECTED
2022-12-23 07:22:40,609 [c9ddfccf-4e48-411f-a985-9c78b2030ee9@group-07046C3287AF-LeaderElection16] INFO  impl.RoleInfo (RoleInfo.java:shutdownLeaderElection(130)) - c9ddfccf-4e48-411f-a985-9c78b2030ee9: shutdown c9ddfccf-4e48-411f-a985-9c78b2030ee9@group-07046C3287AF-LeaderElection16
2022-12-23 07:22:40,609 [c9ddfccf-4e48-411f-a985-9c78b2030ee9@group-07046C3287AF-LeaderElection16] INFO  impl.RoleInfo (RoleInfo.java:updateAndGet(139)) - c9ddfccf-4e48-411f-a985-9c78b2030ee9: start c9ddfccf-4e48-411f-a985-9c78b2030ee9@group-07046C3287AF-FollowerState
2022-12-23 07:22:40,615 [c9ddfccf-4e48-411f-a985-9c78b2030ee9@group-07046C3287AF-FollowerState] INFO  server.RaftServerConfigKeys (ConfUtils.java:logFallback(53)) - raft.server.rpc.first-election.timeout.min = 5s (fallback to raft.server.rpc.timeout.min)
2022-12-23 07:22:40,615 [c9ddfccf-4e48-411f-a985-9c78b2030ee9@group-07046C3287AF-FollowerState] INFO  server.RaftServerConfigKeys (ConfUtils.java:logFallback(53)) - raft.server.rpc.first-election.timeout.max = 5200ms (fallback to raft.server.rpc.timeout.max)
2022-12-23 07:22:40,619 [grpc-default-executor-0] INFO  server.RaftServer$Division (RaftServerImpl.java:requestVote(1218)) - c9ddfccf-4e48-411f-a985-9c78b2030ee9@group-07046C3287AF: receive requestVote(ELECTION, 122e07b3-5337-411b-bbd2-8c7328b2790d, group-07046C3287AF, 1, (t:0, i:0))
2022-12-23 07:22:40,619 [grpc-default-executor-0] INFO  impl.VoteContext (VoteContext.java:log(49)) - c9ddfccf-4e48-411f-a985-9c78b2030ee9@group-07046C3287AF-FOLLOWER: reject ELECTION from 122e07b3-5337-411b-bbd2-8c7328b2790d: already has voted for c9ddfccf-4e48-411f-a985-9c78b2030ee9 at current term 1
2022-12-23 07:22:40,619 [grpc-default-executor-0] INFO  server.RaftServer$Division (RaftServerImpl.java:requestVote(1251)) - c9ddfccf-4e48-411f-a985-9c78b2030ee9@group-07046C3287AF replies to ELECTION vote request: 122e07b3-5337-411b-bbd2-8c7328b2790d<-c9ddfccf-4e48-411f-a985-9c78b2030ee9#0:FAIL-t1. Peer's state: c9ddfccf-4e48-411f-a985-9c78b2030ee9@group-07046C3287AF:t1, leader=null, voted=c9ddfccf-4e48-411f-a985-9c78b2030ee9, raftlog=Memoized:c9ddfccf-4e48-411f-a985-9c78b2030ee9@group-07046C3287AF-SegmentedRaftLog:OPENED:c-1, conf=-1: peers:[122e07b3-5337-411b-bbd2-8c7328b2790d|rpc:10.1.0.40:33187|dataStream:10.1.0.40:35899|priority:0|startupRole:FOLLOWER, c9ddfccf-4e48-411f-a985-9c78b2030ee9|rpc:10.1.0.40:36669|dataStream:10.1.0.40:44285|priority:0|startupRole:FOLLOWER, b08f5f88-5074-48f5-ac81-6aa5dd632f85|rpc:10.1.0.40:35433|dataStream:10.1.0.40:32937|priority:1|startupRole:FOLLOWER]|listeners:[], old=null
2022-12-23 07:22:40,625 [grpc-default-executor-0] INFO  server.RaftServer$Division (RaftServerImpl.java:requestVote(1218)) - b08f5f88-5074-48f5-ac81-6aa5dd632f85@group-07046C3287AF: receive requestVote(ELECTION, 122e07b3-5337-411b-bbd2-8c7328b2790d, group-07046C3287AF, 1, (t:0, i:0))
2022-12-23 07:22:40,625 [grpc-default-executor-0] INFO  impl.VoteContext (VoteContext.java:log(49)) - b08f5f88-5074-48f5-ac81-6aa5dd632f85@group-07046C3287AF-FOLLOWER: reject ELECTION from 122e07b3-5337-411b-bbd2-8c7328b2790d: our priority 1 > candidate's priority 0
2022-12-23 07:22:40,625 [grpc-default-executor-0] INFO  server.RaftServer$Division (RaftServerImpl.java:setRole(321)) - b08f5f88-5074-48f5-ac81-6aa5dd632f85@group-07046C3287AF: changes role from  FOLLOWER to FOLLOWER at term 1 for candidate:122e07b3-5337-411b-bbd2-8c7328b2790d
2022-12-23 07:22:40,625 [grpc-default-executor-0] INFO  impl.RoleInfo (RoleInfo.java:shutdownFollowerState(110)) - b08f5f88-5074-48f5-ac81-6aa5dd632f85: shutdown b08f5f88-5074-48f5-ac81-6aa5dd632f85@group-07046C3287AF-FollowerState
2022-12-23 07:22:40,626 [grpc-default-executor-0] INFO  impl.RoleInfo (RoleInfo.java:updateAndGet(139)) - b08f5f88-5074-48f5-ac81-6aa5dd632f85: start b08f5f88-5074-48f5-ac81-6aa5dd632f85@group-07046C3287AF-FollowerState
2022-12-23 07:22:40,626 [b08f5f88-5074-48f5-ac81-6aa5dd632f85@group-07046C3287AF-FollowerState] INFO  impl.FollowerState (FollowerState.java:run(152)) - b08f5f88-5074-48f5-ac81-6aa5dd632f85@group-07046C3287AF-FollowerState was interrupted
2022-12-23 07:22:40,629 [grpc-default-executor-0] INFO  server.RaftServer$Division (RaftServerImpl.java:requestVote(1251)) - b08f5f88-5074-48f5-ac81-6aa5dd632f85@group-07046C3287AF replies to ELECTION vote request: 122e07b3-5337-411b-bbd2-8c7328b2790d<-b08f5f88-5074-48f5-ac81-6aa5dd632f85#0:FAIL-t1. Peer's state: b08f5f88-5074-48f5-ac81-6aa5dd632f85@group-07046C3287AF:t1, leader=null, voted=null, raftlog=Memoized:b08f5f88-5074-48f5-ac81-6aa5dd632f85@group-07046C3287AF-SegmentedRaftLog:OPENED:c-1, conf=-1: peers:[122e07b3-5337-411b-bbd2-8c7328b2790d|rpc:10.1.0.40:33187|dataStream:10.1.0.40:35899|priority:0|startupRole:FOLLOWER, c9ddfccf-4e48-411f-a985-9c78b2030ee9|rpc:10.1.0.40:36669|dataStream:10.1.0.40:44285|priority:0|startupRole:FOLLOWER, b08f5f88-5074-48f5-ac81-6aa5dd632f85|rpc:10.1.0.40:35433|dataStream:10.1.0.40:32937|priority:1|startupRole:FOLLOWER]|listeners:[], old=null
2022-12-23 07:22:40,633 [b08f5f88-5074-48f5-ac81-6aa5dd632f85@group-07046C3287AF-FollowerState] INFO  server.RaftServerConfigKeys (ConfUtils.java:logFallback(53)) - raft.server.rpc.first-election.timeout.min = 5s (fallback to raft.server.rpc.timeout.min)
2022-12-23 07:22:40,633 [b08f5f88-5074-48f5-ac81-6aa5dd632f85@group-07046C3287AF-FollowerState] INFO  server.RaftServerConfigKeys (ConfUtils.java:logFallback(53)) - raft.server.rpc.first-election.timeout.max = 5200ms (fallback to raft.server.rpc.timeout.max)
2022-12-23 07:22:40,634 [122e07b3-5337-411b-bbd2-8c7328b2790d@group-07046C3287AF-LeaderElection17] INFO  impl.LeaderElection (LeaderElection.java:logAndReturn(90)) - 122e07b3-5337-411b-bbd2-8c7328b2790d@group-07046C3287AF-LeaderElection17: ELECTION REJECTED received 2 response(s) and 0 exception(s):
2022-12-23 07:22:40,634 [122e07b3-5337-411b-bbd2-8c7328b2790d@group-07046C3287AF-LeaderElection17] INFO  impl.LeaderElection (LeaderElection.java:logAndReturn(94)) -   Response 0: 122e07b3-5337-411b-bbd2-8c7328b2790d<-c9ddfccf-4e48-411f-a985-9c78b2030ee9#0:FAIL-t1
2022-12-23 07:22:40,634 [122e07b3-5337-411b-bbd2-8c7328b2790d@group-07046C3287AF-LeaderElection17] INFO  impl.LeaderElection (LeaderElection.java:logAndReturn(94)) -   Response 1: 122e07b3-5337-411b-bbd2-8c7328b2790d<-b08f5f88-5074-48f5-ac81-6aa5dd632f85#0:FAIL-t1
2022-12-23 07:22:40,634 [122e07b3-5337-411b-bbd2-8c7328b2790d@group-07046C3287AF-LeaderElection17] INFO  impl.LeaderElection (LeaderElection.java:askForVotes(314)) - 122e07b3-5337-411b-bbd2-8c7328b2790d@group-07046C3287AF-LeaderElection17 ELECTION round 0: result REJECTED
2022-12-23 07:22:40,634 [122e07b3-5337-411b-bbd2-8c7328b2790d@group-07046C3287AF-LeaderElection17] INFO  server.RaftServer$Division (RaftServerImpl.java:setRole(321)) - 122e07b3-5337-411b-bbd2-8c7328b2790d@group-07046C3287AF: changes role from CANDIDATE to FOLLOWER at term 1 for REJECTED
2022-12-23 07:22:40,634 [122e07b3-5337-411b-bbd2-8c7328b2790d@group-07046C3287AF-LeaderElection17] INFO  impl.RoleInfo (RoleInfo.java:shutdownLeaderElection(130)) - 122e07b3-5337-411b-bbd2-8c7328b2790d: shutdown 122e07b3-5337-411b-bbd2-8c7328b2790d@group-07046C3287AF-LeaderElection17
2022-12-23 07:22:40,634 [122e07b3-5337-411b-bbd2-8c7328b2790d@group-07046C3287AF-LeaderElection17] INFO  impl.RoleInfo (RoleInfo.java:updateAndGet(139)) - 122e07b3-5337-411b-bbd2-8c7328b2790d: start 122e07b3-5337-411b-bbd2-8c7328b2790d@group-07046C3287AF-FollowerState
2022-12-23 07:22:40,634 [122e07b3-5337-411b-bbd2-8c7328b2790d@group-07046C3287AF-FollowerState] INFO  server.RaftServerConfigKeys (ConfUtils.java:logFallback(53)) - raft.server.rpc.first-election.timeout.min = 5s (fallback to raft.server.rpc.timeout.min)
2022-12-23 07:22:40,634 [122e07b3-5337-411b-bbd2-8c7328b2790d@group-07046C3287AF-FollowerState] INFO  server.RaftServerConfigKeys (ConfUtils.java:logFallback(53)) - raft.server.rpc.first-election.timeout.max = 5200ms (fallback to raft.server.rpc.timeout.max)
2022-12-23 07:22:40,663 [EventQueue-CommandQueueReportForCommandQueueReportHandler] WARN  events.EventQueue (EventQueue.java:fireEvent(216)) - No event handler registered for event TypedEvent{payloadType=DatanodeDetails, name='Datanode_Command_Queue_Updated'}
2022-12-23 07:22:40,832 [122e07b3-5337-411b-bbd2-8c7328b2790d@group-91BC1CD9545F-FollowerState] INFO  impl.FollowerState (FollowerState.java:run(143)) - 122e07b3-5337-411b-bbd2-8c7328b2790d@group-91BC1CD9545F-FollowerState: change to CANDIDATE, lastRpcElapsedTime:5154861418ns, electionTimeout:5153ms
2022-12-23 07:22:40,832 [122e07b3-5337-411b-bbd2-8c7328b2790d@group-91BC1CD9545F-FollowerState] INFO  impl.RoleInfo (RoleInfo.java:shutdownFollowerState(110)) - 122e07b3-5337-411b-bbd2-8c7328b2790d: shutdown 122e07b3-5337-411b-bbd2-8c7328b2790d@group-91BC1CD9545F-FollowerState
2022-12-23 07:22:40,833 [122e07b3-5337-411b-bbd2-8c7328b2790d@group-91BC1CD9545F-FollowerState] INFO  server.RaftServer$Division (RaftServerImpl.java:setRole(321)) - 122e07b3-5337-411b-bbd2-8c7328b2790d@group-91BC1CD9545F: changes role from  FOLLOWER to CANDIDATE at term 0 for changeToCandidate
2022-12-23 07:22:40,833 [122e07b3-5337-411b-bbd2-8c7328b2790d@group-91BC1CD9545F-FollowerState] INFO  server.RaftServerConfigKeys (ConfUtils.java:logGet(46)) - raft.server.leaderelection.pre-vote = false (custom)
2022-12-23 07:22:40,833 [122e07b3-5337-411b-bbd2-8c7328b2790d@group-91BC1CD9545F-FollowerState] INFO  impl.RoleInfo (RoleInfo.java:updateAndGet(139)) - 122e07b3-5337-411b-bbd2-8c7328b2790d: start 122e07b3-5337-411b-bbd2-8c7328b2790d@group-91BC1CD9545F-LeaderElection18
2022-12-23 07:22:40,836 [122e07b3-5337-411b-bbd2-8c7328b2790d@group-91BC1CD9545F-LeaderElection18] INFO  impl.LeaderElection (LeaderElection.java:askForVotes(312)) - 122e07b3-5337-411b-bbd2-8c7328b2790d@group-91BC1CD9545F-LeaderElection18 ELECTION round 0: submit vote requests at term 1 for -1: peers:[122e07b3-5337-411b-bbd2-8c7328b2790d|rpc:10.1.0.40:33187|dataStream:10.1.0.40:35899|priority:1|startupRole:FOLLOWER]|listeners:[], old=null
2022-12-23 07:22:40,836 [122e07b3-5337-411b-bbd2-8c7328b2790d@group-91BC1CD9545F-LeaderElection18] INFO  impl.LeaderElection (LeaderElection.java:askForVotes(314)) - 122e07b3-5337-411b-bbd2-8c7328b2790d@group-91BC1CD9545F-LeaderElection18 ELECTION round 0: result PASSED (term=1)
2022-12-23 07:22:40,836 [122e07b3-5337-411b-bbd2-8c7328b2790d@group-91BC1CD9545F-LeaderElection18] INFO  impl.RoleInfo (RoleInfo.java:shutdownLeaderElection(130)) - 122e07b3-5337-411b-bbd2-8c7328b2790d: shutdown 122e07b3-5337-411b-bbd2-8c7328b2790d@group-91BC1CD9545F-LeaderElection18
2022-12-23 07:22:40,836 [122e07b3-5337-411b-bbd2-8c7328b2790d@group-91BC1CD9545F-LeaderElection18] INFO  server.RaftServer$Division (RaftServerImpl.java:setRole(321)) - 122e07b3-5337-411b-bbd2-8c7328b2790d@group-91BC1CD9545F: changes role from CANDIDATE to LEADER at term 1 for changeToLeader
2022-12-23 07:22:40,837 [122e07b3-5337-411b-bbd2-8c7328b2790d@group-91BC1CD9545F-LeaderElection18] INFO  ratis.XceiverServerRatis (XceiverServerRatis.java:handleLeaderChangedNotification(904)) - Leader change notification received for group: group-91BC1CD9545F with new leaderId: 122e07b3-5337-411b-bbd2-8c7328b2790d
2022-12-23 07:22:40,837 [122e07b3-5337-411b-bbd2-8c7328b2790d@group-91BC1CD9545F-LeaderElection18] INFO  server.RaftServer$Division (ServerState.java:setLeader(313)) - 122e07b3-5337-411b-bbd2-8c7328b2790d@group-91BC1CD9545F: change Leader from null to 122e07b3-5337-411b-bbd2-8c7328b2790d at term 1 for becomeLeader, leader elected after 5180ms
2022-12-23 07:22:40,837 [122e07b3-5337-411b-bbd2-8c7328b2790d@group-91BC1CD9545F-LeaderElection18] INFO  server.RaftServerConfigKeys (ConfUtils.java:logGet(46)) - raft.server.staging.catchup.gap = 1000 (default)
2022-12-23 07:22:40,837 [122e07b3-5337-411b-bbd2-8c7328b2790d@group-91BC1CD9545F-LeaderElection18] INFO  server.RaftServerConfigKeys (ConfUtils.java:logGet(46)) - raft.server.write.element-limit = 1024 (custom)
2022-12-23 07:22:40,837 [122e07b3-5337-411b-bbd2-8c7328b2790d@group-91BC1CD9545F-LeaderElection18] INFO  server.RaftServerConfigKeys (ConfUtils.java:logGet(46)) - raft.server.write.byte-limit = 1024 M (=1073741824) (custom)
2022-12-23 07:22:40,837 [122e07b3-5337-411b-bbd2-8c7328b2790d@group-91BC1CD9545F-LeaderElection18] INFO  server.RaftServerConfigKeys (ConfUtils.java:logGet(46)) - raft.server.watch.timeout = 180s (custom)
2022-12-23 07:22:40,837 [122e07b3-5337-411b-bbd2-8c7328b2790d@group-91BC1CD9545F-LeaderElection18] INFO  server.RaftServerConfigKeys (ConfUtils.java:logGet(46)) - raft.server.watch.timeout.denomination = 1s (default)
2022-12-23 07:22:40,837 [122e07b3-5337-411b-bbd2-8c7328b2790d@group-91BC1CD9545F-LeaderElection18] INFO  server.RaftServerConfigKeys (ConfUtils.java:logGet(46)) - raft.server.watch.element-limit = 65536 (default)
2022-12-23 07:22:40,838 [122e07b3-5337-411b-bbd2-8c7328b2790d@group-91BC1CD9545F-LeaderElection18] INFO  server.RaftServerConfigKeys (ConfUtils.java:logGet(46)) - raft.server.write.element-limit = 1024 (custom)
2022-12-23 07:22:40,838 [122e07b3-5337-411b-bbd2-8c7328b2790d@group-91BC1CD9545F-LeaderElection18] INFO  server.RaftServerConfigKeys (ConfUtils.java:logGet(46)) - raft.server.write.follower.gap.ratio.max = -1.0 (default)
2022-12-23 07:22:40,838 [122e07b3-5337-411b-bbd2-8c7328b2790d@group-91BC1CD9545F-LeaderElection18] INFO  impl.RoleInfo (RoleInfo.java:updateAndGet(139)) - 122e07b3-5337-411b-bbd2-8c7328b2790d: start 122e07b3-5337-411b-bbd2-8c7328b2790d@group-91BC1CD9545F-LeaderStateImpl
2022-12-23 07:22:40,838 [122e07b3-5337-411b-bbd2-8c7328b2790d@group-91BC1CD9545F-LeaderElection18] INFO  segmented.SegmentedRaftLogWorker (SegmentedRaftLogWorker.java:startLogSegment(452)) - 122e07b3-5337-411b-bbd2-8c7328b2790d@group-91BC1CD9545F-SegmentedRaftLogWorker: Starting segment from index:0
2022-12-23 07:22:40,839 [EventQueue-OpenPipelineForHealthyPipelineSafeModeRule] INFO  safemode.SCMSafeModeManager (HealthyPipelineSafeModeRule.java:process(137)) - SCM in safe mode. Healthy pipelines reported count is 0, required healthy pipeline reported count is 1
2022-12-23 07:22:40,839 [EventQueue-CommandQueueReportForCommandQueueReportHandler] WARN  events.EventQueue (EventQueue.java:fireEvent(216)) - No event handler registered for event TypedEvent{payloadType=DatanodeDetails, name='Datanode_Command_Queue_Updated'}
2022-12-23 07:22:40,840 [122e07b3-5337-411b-bbd2-8c7328b2790d@group-91BC1CD9545F-LeaderElection18] INFO  server.RaftServer$Division (ServerState.java:setRaftConf(430)) - 122e07b3-5337-411b-bbd2-8c7328b2790d@group-91BC1CD9545F: set configuration 0: peers:[122e07b3-5337-411b-bbd2-8c7328b2790d|rpc:10.1.0.40:33187|dataStream:10.1.0.40:35899|priority:1|startupRole:FOLLOWER]|listeners:[], old=null
2022-12-23 07:22:40,840 [122e07b3-5337-411b-bbd2-8c7328b2790d@group-91BC1CD9545F-SegmentedRaftLogWorker] INFO  segmented.SegmentedRaftLogWorker (SegmentedRaftLogWorker.java:execute(656)) - 122e07b3-5337-411b-bbd2-8c7328b2790d@group-91BC1CD9545F-SegmentedRaftLogWorker: created new log segment /home/runner/work/ozone/ozone/hadoop-ozone/integration-test/target/test-dir/MiniOzoneClusterImpl-b048efff-b978-4370-a947-e513736927f6/datanode-1/data/ratis/34970a19-31cb-4533-b6a7-91bc1cd9545f/current/log_inprogress_0
2022-12-23 07:22:41,010 [Listener at 127.0.0.1/36139] INFO  ozone.MiniOzoneClusterImpl (MiniOzoneClusterImpl.java:lambda$waitForClusterToBeReady$0(217)) - Nodes are ready. Got 3 of 3 DN Heartbeats.
2022-12-23 07:22:41,010 [Listener at 127.0.0.1/36139] INFO  ozone.MiniOzoneClusterImpl (MiniOzoneClusterImpl.java:lambda$waitForClusterToBeReady$0(220)) - Waiting for cluster to exit safe mode
2022-12-23 07:22:41,010 [Listener at 127.0.0.1/36139] INFO  ozone.MiniOzoneClusterImpl (MiniOzoneClusterImpl.java:lambda$waitForClusterToBeReady$0(222)) - SCM became leader
2022-12-23 07:22:41,016 [EventQueue-CommandQueueReportForCommandQueueReportHandler] WARN  events.EventQueue (EventQueue.java:fireEvent(216)) - No event handler registered for event TypedEvent{payloadType=DatanodeDetails, name='Datanode_Command_Queue_Updated'}
2022-12-23 07:22:41,194 [b08f5f88-5074-48f5-ac81-6aa5dd632f85@group-66952D197C39-FollowerState] INFO  impl.FollowerState (FollowerState.java:run(143)) - b08f5f88-5074-48f5-ac81-6aa5dd632f85@group-66952D197C39-FollowerState: change to CANDIDATE, lastRpcElapsedTime:5168201594ns, electionTimeout:5167ms
2022-12-23 07:22:41,195 [b08f5f88-5074-48f5-ac81-6aa5dd632f85@group-66952D197C39-FollowerState] INFO  impl.RoleInfo (RoleInfo.java:shutdownFollowerState(110)) - b08f5f88-5074-48f5-ac81-6aa5dd632f85: shutdown b08f5f88-5074-48f5-ac81-6aa5dd632f85@group-66952D197C39-FollowerState
2022-12-23 07:22:41,195 [b08f5f88-5074-48f5-ac81-6aa5dd632f85@group-66952D197C39-FollowerState] INFO  server.RaftServer$Division (RaftServerImpl.java:setRole(321)) - b08f5f88-5074-48f5-ac81-6aa5dd632f85@group-66952D197C39: changes role from  FOLLOWER to CANDIDATE at term 0 for changeToCandidate
2022-12-23 07:22:41,195 [b08f5f88-5074-48f5-ac81-6aa5dd632f85@group-66952D197C39-FollowerState] INFO  server.RaftServerConfigKeys (ConfUtils.java:logGet(46)) - raft.server.leaderelection.pre-vote = false (custom)
2022-12-23 07:22:41,195 [b08f5f88-5074-48f5-ac81-6aa5dd632f85@group-66952D197C39-FollowerState] INFO  impl.RoleInfo (RoleInfo.java:updateAndGet(139)) - b08f5f88-5074-48f5-ac81-6aa5dd632f85: start b08f5f88-5074-48f5-ac81-6aa5dd632f85@group-66952D197C39-LeaderElection19
2022-12-23 07:22:41,198 [b08f5f88-5074-48f5-ac81-6aa5dd632f85@group-66952D197C39-LeaderElection19] INFO  impl.LeaderElection (LeaderElection.java:askForVotes(312)) - b08f5f88-5074-48f5-ac81-6aa5dd632f85@group-66952D197C39-LeaderElection19 ELECTION round 0: submit vote requests at term 1 for -1: peers:[b08f5f88-5074-48f5-ac81-6aa5dd632f85|rpc:10.1.0.40:35433|dataStream:10.1.0.40:32937|priority:1|startupRole:FOLLOWER]|listeners:[], old=null
2022-12-23 07:22:41,198 [b08f5f88-5074-48f5-ac81-6aa5dd632f85@group-66952D197C39-LeaderElection19] INFO  impl.LeaderElection (LeaderElection.java:askForVotes(314)) - b08f5f88-5074-48f5-ac81-6aa5dd632f85@group-66952D197C39-LeaderElection19 ELECTION round 0: result PASSED (term=1)
2022-12-23 07:22:41,198 [b08f5f88-5074-48f5-ac81-6aa5dd632f85@group-66952D197C39-LeaderElection19] INFO  impl.RoleInfo (RoleInfo.java:shutdownLeaderElection(130)) - b08f5f88-5074-48f5-ac81-6aa5dd632f85: shutdown b08f5f88-5074-48f5-ac81-6aa5dd632f85@group-66952D197C39-LeaderElection19
2022-12-23 07:22:41,198 [b08f5f88-5074-48f5-ac81-6aa5dd632f85@group-66952D197C39-LeaderElection19] INFO  server.RaftServer$Division (RaftServerImpl.java:setRole(321)) - b08f5f88-5074-48f5-ac81-6aa5dd632f85@group-66952D197C39: changes role from CANDIDATE to LEADER at term 1 for changeToLeader
2022-12-23 07:22:41,199 [b08f5f88-5074-48f5-ac81-6aa5dd632f85@group-66952D197C39-LeaderElection19] INFO  ratis.XceiverServerRatis (XceiverServerRatis.java:handleLeaderChangedNotification(904)) - Leader change notification received for group: group-66952D197C39 with new leaderId: b08f5f88-5074-48f5-ac81-6aa5dd632f85
2022-12-23 07:22:41,199 [b08f5f88-5074-48f5-ac81-6aa5dd632f85@group-66952D197C39-LeaderElection19] INFO  server.RaftServer$Division (ServerState.java:setLeader(313)) - b08f5f88-5074-48f5-ac81-6aa5dd632f85@group-66952D197C39: change Leader from null to b08f5f88-5074-48f5-ac81-6aa5dd632f85 at term 1 for becomeLeader, leader elected after 5192ms
2022-12-23 07:22:41,199 [b08f5f88-5074-48f5-ac81-6aa5dd632f85@group-66952D197C39-LeaderElection19] INFO  server.RaftServerConfigKeys (ConfUtils.java:logGet(46)) - raft.server.staging.catchup.gap = 1000 (default)
2022-12-23 07:22:41,199 [b08f5f88-5074-48f5-ac81-6aa5dd632f85@group-66952D197C39-LeaderElection19] INFO  server.RaftServerConfigKeys (ConfUtils.java:logGet(46)) - raft.server.write.element-limit = 1024 (custom)
2022-12-23 07:22:41,199 [b08f5f88-5074-48f5-ac81-6aa5dd632f85@group-66952D197C39-LeaderElection19] INFO  server.RaftServerConfigKeys (ConfUtils.java:logGet(46)) - raft.server.write.byte-limit = 1024 M (=1073741824) (custom)
2022-12-23 07:22:41,200 [b08f5f88-5074-48f5-ac81-6aa5dd632f85@group-66952D197C39-LeaderElection19] INFO  server.RaftServerConfigKeys (ConfUtils.java:logGet(46)) - raft.server.watch.timeout = 180s (custom)
2022-12-23 07:22:41,200 [b08f5f88-5074-48f5-ac81-6aa5dd632f85@group-66952D197C39-LeaderElection19] INFO  server.RaftServerConfigKeys (ConfUtils.java:logGet(46)) - raft.server.watch.timeout.denomination = 1s (default)
2022-12-23 07:22:41,200 [b08f5f88-5074-48f5-ac81-6aa5dd632f85@group-66952D197C39-LeaderElection19] INFO  server.RaftServerConfigKeys (ConfUtils.java:logGet(46)) - raft.server.watch.element-limit = 65536 (default)
2022-12-23 07:22:41,200 [b08f5f88-5074-48f5-ac81-6aa5dd632f85@group-66952D197C39-LeaderElection19] INFO  server.RaftServerConfigKeys (ConfUtils.java:logGet(46)) - raft.server.write.element-limit = 1024 (custom)
2022-12-23 07:22:41,200 [b08f5f88-5074-48f5-ac81-6aa5dd632f85@group-66952D197C39-LeaderElection19] INFO  server.RaftServerConfigKeys (ConfUtils.java:logGet(46)) - raft.server.write.follower.gap.ratio.max = -1.0 (default)
2022-12-23 07:22:41,200 [b08f5f88-5074-48f5-ac81-6aa5dd632f85@group-66952D197C39-LeaderElection19] INFO  impl.RoleInfo (RoleInfo.java:updateAndGet(139)) - b08f5f88-5074-48f5-ac81-6aa5dd632f85: start b08f5f88-5074-48f5-ac81-6aa5dd632f85@group-66952D197C39-LeaderStateImpl
2022-12-23 07:22:41,200 [b08f5f88-5074-48f5-ac81-6aa5dd632f85@group-66952D197C39-LeaderElection19] INFO  segmented.SegmentedRaftLogWorker (SegmentedRaftLogWorker.java:startLogSegment(452)) - b08f5f88-5074-48f5-ac81-6aa5dd632f85@group-66952D197C39-SegmentedRaftLogWorker: Starting segment from index:0
2022-12-23 07:22:41,201 [EventQueue-CommandQueueReportForCommandQueueReportHandler] WARN  events.EventQueue (EventQueue.java:fireEvent(216)) - No event handler registered for event TypedEvent{payloadType=DatanodeDetails, name='Datanode_Command_Queue_Updated'}
2022-12-23 07:22:41,201 [EventQueue-OpenPipelineForHealthyPipelineSafeModeRule] INFO  safemode.SCMSafeModeManager (HealthyPipelineSafeModeRule.java:process(137)) - SCM in safe mode. Healthy pipelines reported count is 0, required healthy pipeline reported count is 1
2022-12-23 07:22:41,209 [b08f5f88-5074-48f5-ac81-6aa5dd632f85@group-66952D197C39-LeaderElection19] INFO  server.RaftServer$Division (ServerState.java:setRaftConf(430)) - b08f5f88-5074-48f5-ac81-6aa5dd632f85@group-66952D197C39: set configuration 0: peers:[b08f5f88-5074-48f5-ac81-6aa5dd632f85|rpc:10.1.0.40:35433|dataStream:10.1.0.40:32937|priority:1|startupRole:FOLLOWER]|listeners:[], old=null
2022-12-23 07:22:41,209 [b08f5f88-5074-48f5-ac81-6aa5dd632f85@group-66952D197C39-SegmentedRaftLogWorker] INFO  segmented.SegmentedRaftLogWorker (SegmentedRaftLogWorker.java:execute(656)) - b08f5f88-5074-48f5-ac81-6aa5dd632f85@group-66952D197C39-SegmentedRaftLogWorker: created new log segment /home/runner/work/ozone/ozone/hadoop-ozone/integration-test/target/test-dir/MiniOzoneClusterImpl-b048efff-b978-4370-a947-e513736927f6/datanode-2/data/ratis/420d0dee-c5d3-458a-ae58-66952d197c39/current/log_inprogress_0
2022-12-23 07:22:41,403 [EventQueue-CommandQueueReportForCommandQueueReportHandler] WARN  events.EventQueue (EventQueue.java:fireEvent(216)) - No event handler registered for event TypedEvent{payloadType=DatanodeDetails, name='Datanode_Command_Queue_Updated'}
2022-12-23 07:22:41,839 [EventQueue-CommandQueueReportForCommandQueueReportHandler] WARN  events.EventQueue (EventQueue.java:fireEvent(216)) - No event handler registered for event TypedEvent{payloadType=DatanodeDetails, name='Datanode_Command_Queue_Updated'}
2022-12-23 07:22:42,010 [Listener at 127.0.0.1/36139] INFO  ozone.MiniOzoneClusterImpl (MiniOzoneClusterImpl.java:lambda$waitForClusterToBeReady$0(217)) - Nodes are ready. Got 3 of 3 DN Heartbeats.
2022-12-23 07:22:42,011 [Listener at 127.0.0.1/36139] INFO  ozone.MiniOzoneClusterImpl (MiniOzoneClusterImpl.java:lambda$waitForClusterToBeReady$0(220)) - Waiting for cluster to exit safe mode
2022-12-23 07:22:42,011 [Listener at 127.0.0.1/36139] INFO  ozone.MiniOzoneClusterImpl (MiniOzoneClusterImpl.java:lambda$waitForClusterToBeReady$0(222)) - SCM became leader
2022-12-23 07:22:42,201 [EventQueue-CommandQueueReportForCommandQueueReportHandler] WARN  events.EventQueue (EventQueue.java:fireEvent(216)) - No event handler registered for event TypedEvent{payloadType=DatanodeDetails, name='Datanode_Command_Queue_Updated'}
2022-12-23 07:22:42,403 [EventQueue-CommandQueueReportForCommandQueueReportHandler] WARN  events.EventQueue (EventQueue.java:fireEvent(216)) - No event handler registered for event TypedEvent{payloadType=DatanodeDetails, name='Datanode_Command_Queue_Updated'}
2022-12-23 07:22:42,839 [EventQueue-CommandQueueReportForCommandQueueReportHandler] WARN  events.EventQueue (EventQueue.java:fireEvent(216)) - No event handler registered for event TypedEvent{payloadType=DatanodeDetails, name='Datanode_Command_Queue_Updated'}
2022-12-23 07:22:43,011 [Listener at 127.0.0.1/36139] INFO  ozone.MiniOzoneClusterImpl (MiniOzoneClusterImpl.java:lambda$waitForClusterToBeReady$0(217)) - Nodes are ready. Got 3 of 3 DN Heartbeats.
2022-12-23 07:22:43,012 [Listener at 127.0.0.1/36139] INFO  ozone.MiniOzoneClusterImpl (MiniOzoneClusterImpl.java:lambda$waitForClusterToBeReady$0(220)) - Waiting for cluster to exit safe mode
2022-12-23 07:22:43,012 [Listener at 127.0.0.1/36139] INFO  ozone.MiniOzoneClusterImpl (MiniOzoneClusterImpl.java:lambda$waitForClusterToBeReady$0(222)) - SCM became leader
2022-12-23 07:22:43,201 [EventQueue-CommandQueueReportForCommandQueueReportHandler] WARN  events.EventQueue (EventQueue.java:fireEvent(216)) - No event handler registered for event TypedEvent{payloadType=DatanodeDetails, name='Datanode_Command_Queue_Updated'}
2022-12-23 07:22:43,403 [EventQueue-CommandQueueReportForCommandQueueReportHandler] WARN  events.EventQueue (EventQueue.java:fireEvent(216)) - No event handler registered for event TypedEvent{payloadType=DatanodeDetails, name='Datanode_Command_Queue_Updated'}
2022-12-23 07:22:43,839 [EventQueue-CommandQueueReportForCommandQueueReportHandler] WARN  events.EventQueue (EventQueue.java:fireEvent(216)) - No event handler registered for event TypedEvent{payloadType=DatanodeDetails, name='Datanode_Command_Queue_Updated'}
2022-12-23 07:22:44,012 [Listener at 127.0.0.1/36139] INFO  ozone.MiniOzoneClusterImpl (MiniOzoneClusterImpl.java:lambda$waitForClusterToBeReady$0(217)) - Nodes are ready. Got 3 of 3 DN Heartbeats.
2022-12-23 07:22:44,012 [Listener at 127.0.0.1/36139] INFO  ozone.MiniOzoneClusterImpl (MiniOzoneClusterImpl.java:lambda$waitForClusterToBeReady$0(220)) - Waiting for cluster to exit safe mode
2022-12-23 07:22:44,012 [Listener at 127.0.0.1/36139] INFO  ozone.MiniOzoneClusterImpl (MiniOzoneClusterImpl.java:lambda$waitForClusterToBeReady$0(222)) - SCM became leader
2022-12-23 07:22:44,202 [EventQueue-CommandQueueReportForCommandQueueReportHandler] WARN  events.EventQueue (EventQueue.java:fireEvent(216)) - No event handler registered for event TypedEvent{payloadType=DatanodeDetails, name='Datanode_Command_Queue_Updated'}
2022-12-23 07:22:44,403 [EventQueue-CommandQueueReportForCommandQueueReportHandler] WARN  events.EventQueue (EventQueue.java:fireEvent(216)) - No event handler registered for event TypedEvent{payloadType=DatanodeDetails, name='Datanode_Command_Queue_Updated'}
2022-12-23 07:22:44,838 [EventQueue-CommandQueueReportForCommandQueueReportHandler] WARN  events.EventQueue (EventQueue.java:fireEvent(216)) - No event handler registered for event TypedEvent{payloadType=DatanodeDetails, name='Datanode_Command_Queue_Updated'}
2022-12-23 07:22:45,013 [Listener at 127.0.0.1/36139] INFO  ozone.MiniOzoneClusterImpl (MiniOzoneClusterImpl.java:lambda$waitForClusterToBeReady$0(217)) - Nodes are ready. Got 3 of 3 DN Heartbeats.
2022-12-23 07:22:45,013 [Listener at 127.0.0.1/36139] INFO  ozone.MiniOzoneClusterImpl (MiniOzoneClusterImpl.java:lambda$waitForClusterToBeReady$0(220)) - Waiting for cluster to exit safe mode
2022-12-23 07:22:45,013 [Listener at 127.0.0.1/36139] INFO  ozone.MiniOzoneClusterImpl (MiniOzoneClusterImpl.java:lambda$waitForClusterToBeReady$0(222)) - SCM became leader
2022-12-23 07:22:45,200 [EventQueue-CommandQueueReportForCommandQueueReportHandler] WARN  events.EventQueue (EventQueue.java:fireEvent(216)) - No event handler registered for event TypedEvent{payloadType=DatanodeDetails, name='Datanode_Command_Queue_Updated'}
2022-12-23 07:22:45,403 [EventQueue-CommandQueueReportForCommandQueueReportHandler] WARN  events.EventQueue (EventQueue.java:fireEvent(216)) - No event handler registered for event TypedEvent{payloadType=DatanodeDetails, name='Datanode_Command_Queue_Updated'}
2022-12-23 07:22:45,509 [122e07b3-5337-411b-bbd2-8c7328b2790d@group-8D750AFE0FE3-FollowerState] INFO  server.RaftServerConfigKeys (ConfUtils.java:logFallback(53)) - raft.server.rpc.first-election.timeout.min = 5s (fallback to raft.server.rpc.timeout.min)
2022-12-23 07:22:45,509 [122e07b3-5337-411b-bbd2-8c7328b2790d@group-8D750AFE0FE3-FollowerState] INFO  server.RaftServerConfigKeys (ConfUtils.java:logFallback(53)) - raft.server.rpc.first-election.timeout.max = 5200ms (fallback to raft.server.rpc.timeout.max)
2022-12-23 07:22:45,560 [c9ddfccf-4e48-411f-a985-9c78b2030ee9@group-8D750AFE0FE3-FollowerState] INFO  impl.FollowerState (FollowerState.java:run(143)) - c9ddfccf-4e48-411f-a985-9c78b2030ee9@group-8D750AFE0FE3-FollowerState: change to CANDIDATE, lastRpcElapsedTime:5080709170ns, electionTimeout:5069ms
2022-12-23 07:22:45,561 [c9ddfccf-4e48-411f-a985-9c78b2030ee9@group-8D750AFE0FE3-FollowerState] INFO  impl.RoleInfo (RoleInfo.java:shutdownFollowerState(110)) - c9ddfccf-4e48-411f-a985-9c78b2030ee9: shutdown c9ddfccf-4e48-411f-a985-9c78b2030ee9@group-8D750AFE0FE3-FollowerState
2022-12-23 07:22:45,561 [c9ddfccf-4e48-411f-a985-9c78b2030ee9@group-8D750AFE0FE3-FollowerState] INFO  server.RaftServer$Division (RaftServerImpl.java:setRole(321)) - c9ddfccf-4e48-411f-a985-9c78b2030ee9@group-8D750AFE0FE3: changes role from  FOLLOWER to CANDIDATE at term 1 for changeToCandidate
2022-12-23 07:22:45,561 [c9ddfccf-4e48-411f-a985-9c78b2030ee9@group-8D750AFE0FE3-FollowerState] INFO  server.RaftServerConfigKeys (ConfUtils.java:logGet(46)) - raft.server.leaderelection.pre-vote = false (custom)
2022-12-23 07:22:45,561 [c9ddfccf-4e48-411f-a985-9c78b2030ee9@group-8D750AFE0FE3-FollowerState] INFO  impl.RoleInfo (RoleInfo.java:updateAndGet(139)) - c9ddfccf-4e48-411f-a985-9c78b2030ee9: start c9ddfccf-4e48-411f-a985-9c78b2030ee9@group-8D750AFE0FE3-LeaderElection20
2022-12-23 07:22:45,567 [c9ddfccf-4e48-411f-a985-9c78b2030ee9@group-8D750AFE0FE3-LeaderElection20] INFO  impl.LeaderElection (LeaderElection.java:askForVotes(312)) - c9ddfccf-4e48-411f-a985-9c78b2030ee9@group-8D750AFE0FE3-LeaderElection20 ELECTION round 0: submit vote requests at term 2 for -1: peers:[122e07b3-5337-411b-bbd2-8c7328b2790d|rpc:10.1.0.40:33187|dataStream:10.1.0.40:35899|priority:0|startupRole:FOLLOWER, c9ddfccf-4e48-411f-a985-9c78b2030ee9|rpc:10.1.0.40:36669|dataStream:10.1.0.40:44285|priority:1|startupRole:FOLLOWER, b08f5f88-5074-48f5-ac81-6aa5dd632f85|rpc:10.1.0.40:35433|dataStream:10.1.0.40:32937|priority:0|startupRole:FOLLOWER]|listeners:[], old=null
2022-12-23 07:22:45,567 [c9ddfccf-4e48-411f-a985-9c78b2030ee9@group-8D750AFE0FE3-LeaderElection20] INFO  server.RaftServerConfigKeys (ConfUtils.java:logFallback(53)) - raft.server.rpc.first-election.timeout.min = 5s (fallback to raft.server.rpc.timeout.min)
2022-12-23 07:22:45,568 [c9ddfccf-4e48-411f-a985-9c78b2030ee9@group-8D750AFE0FE3-LeaderElection20] INFO  server.RaftServerConfigKeys (ConfUtils.java:logFallback(53)) - raft.server.rpc.first-election.timeout.max = 5200ms (fallback to raft.server.rpc.timeout.max)
2022-12-23 07:22:45,574 [grpc-default-executor-0] INFO  server.RaftServer$Division (RaftServerImpl.java:requestVote(1218)) - b08f5f88-5074-48f5-ac81-6aa5dd632f85@group-8D750AFE0FE3: receive requestVote(ELECTION, c9ddfccf-4e48-411f-a985-9c78b2030ee9, group-8D750AFE0FE3, 2, (t:0, i:0))
2022-12-23 07:22:45,575 [grpc-default-executor-0] INFO  impl.VoteContext (VoteContext.java:log(49)) - b08f5f88-5074-48f5-ac81-6aa5dd632f85@group-8D750AFE0FE3-FOLLOWER: accept ELECTION from c9ddfccf-4e48-411f-a985-9c78b2030ee9: our priority 0 <= candidate's priority 1
2022-12-23 07:22:45,575 [grpc-default-executor-0] INFO  server.RaftServer$Division (RaftServerImpl.java:setRole(321)) - b08f5f88-5074-48f5-ac81-6aa5dd632f85@group-8D750AFE0FE3: changes role from  FOLLOWER to FOLLOWER at term 2 for candidate:c9ddfccf-4e48-411f-a985-9c78b2030ee9
2022-12-23 07:22:45,575 [grpc-default-executor-0] INFO  impl.RoleInfo (RoleInfo.java:shutdownFollowerState(110)) - b08f5f88-5074-48f5-ac81-6aa5dd632f85: shutdown b08f5f88-5074-48f5-ac81-6aa5dd632f85@group-8D750AFE0FE3-FollowerState
2022-12-23 07:22:45,575 [grpc-default-executor-0] INFO  impl.RoleInfo (RoleInfo.java:updateAndGet(139)) - b08f5f88-5074-48f5-ac81-6aa5dd632f85: start b08f5f88-5074-48f5-ac81-6aa5dd632f85@group-8D750AFE0FE3-FollowerState
2022-12-23 07:22:45,575 [b08f5f88-5074-48f5-ac81-6aa5dd632f85@group-8D750AFE0FE3-FollowerState] INFO  impl.FollowerState (FollowerState.java:run(152)) - b08f5f88-5074-48f5-ac81-6aa5dd632f85@group-8D750AFE0FE3-FollowerState was interrupted
2022-12-23 07:22:45,579 [grpc-default-executor-1] INFO  server.RaftServer$Division (RaftServerImpl.java:requestVote(1218)) - 122e07b3-5337-411b-bbd2-8c7328b2790d@group-8D750AFE0FE3: receive requestVote(ELECTION, c9ddfccf-4e48-411f-a985-9c78b2030ee9, group-8D750AFE0FE3, 2, (t:0, i:0))
2022-12-23 07:22:45,579 [grpc-default-executor-1] INFO  impl.VoteContext (VoteContext.java:log(49)) - 122e07b3-5337-411b-bbd2-8c7328b2790d@group-8D750AFE0FE3-FOLLOWER: accept ELECTION from c9ddfccf-4e48-411f-a985-9c78b2030ee9: our priority 0 <= candidate's priority 1
2022-12-23 07:22:45,579 [grpc-default-executor-1] INFO  server.RaftServer$Division (RaftServerImpl.java:setRole(321)) - 122e07b3-5337-411b-bbd2-8c7328b2790d@group-8D750AFE0FE3: changes role from  FOLLOWER to FOLLOWER at term 2 for candidate:c9ddfccf-4e48-411f-a985-9c78b2030ee9
2022-12-23 07:22:45,579 [grpc-default-executor-1] INFO  impl.RoleInfo (RoleInfo.java:shutdownFollowerState(110)) - 122e07b3-5337-411b-bbd2-8c7328b2790d: shutdown 122e07b3-5337-411b-bbd2-8c7328b2790d@group-8D750AFE0FE3-FollowerState
2022-12-23 07:22:45,579 [grpc-default-executor-1] INFO  impl.RoleInfo (RoleInfo.java:updateAndGet(139)) - 122e07b3-5337-411b-bbd2-8c7328b2790d: start 122e07b3-5337-411b-bbd2-8c7328b2790d@group-8D750AFE0FE3-FollowerState
2022-12-23 07:22:45,579 [122e07b3-5337-411b-bbd2-8c7328b2790d@group-8D750AFE0FE3-FollowerState] INFO  impl.FollowerState (FollowerState.java:run(152)) - 122e07b3-5337-411b-bbd2-8c7328b2790d@group-8D750AFE0FE3-FollowerState was interrupted
2022-12-23 07:22:45,585 [b08f5f88-5074-48f5-ac81-6aa5dd632f85@group-8D750AFE0FE3-FollowerState] INFO  server.RaftServerConfigKeys (ConfUtils.java:logFallback(53)) - raft.server.rpc.first-election.timeout.min = 5s (fallback to raft.server.rpc.timeout.min)
2022-12-23 07:22:45,585 [grpc-default-executor-1] INFO  server.RaftServer$Division (RaftServerImpl.java:requestVote(1251)) - 122e07b3-5337-411b-bbd2-8c7328b2790d@group-8D750AFE0FE3 replies to ELECTION vote request: c9ddfccf-4e48-411f-a985-9c78b2030ee9<-122e07b3-5337-411b-bbd2-8c7328b2790d#0:OK-t2. Peer's state: 122e07b3-5337-411b-bbd2-8c7328b2790d@group-8D750AFE0FE3:t2, leader=null, voted=c9ddfccf-4e48-411f-a985-9c78b2030ee9, raftlog=Memoized:122e07b3-5337-411b-bbd2-8c7328b2790d@group-8D750AFE0FE3-SegmentedRaftLog:OPENED:c-1, conf=-1: peers:[122e07b3-5337-411b-bbd2-8c7328b2790d|rpc:10.1.0.40:33187|dataStream:10.1.0.40:35899|priority:0|startupRole:FOLLOWER, c9ddfccf-4e48-411f-a985-9c78b2030ee9|rpc:10.1.0.40:36669|dataStream:10.1.0.40:44285|priority:1|startupRole:FOLLOWER, b08f5f88-5074-48f5-ac81-6aa5dd632f85|rpc:10.1.0.40:35433|dataStream:10.1.0.40:32937|priority:0|startupRole:FOLLOWER]|listeners:[], old=null
2022-12-23 07:22:45,585 [122e07b3-5337-411b-bbd2-8c7328b2790d@group-8D750AFE0FE3-FollowerState] INFO  server.RaftServerConfigKeys (ConfUtils.java:logFallback(53)) - raft.server.rpc.first-election.timeout.min = 5s (fallback to raft.server.rpc.timeout.min)
2022-12-23 07:22:45,585 [122e07b3-5337-411b-bbd2-8c7328b2790d@group-8D750AFE0FE3-FollowerState] INFO  server.RaftServerConfigKeys (ConfUtils.java:logFallback(53)) - raft.server.rpc.first-election.timeout.max = 5200ms (fallback to raft.server.rpc.timeout.max)
2022-12-23 07:22:45,586 [grpc-default-executor-0] INFO  server.RaftServer$Division (RaftServerImpl.java:requestVote(1251)) - b08f5f88-5074-48f5-ac81-6aa5dd632f85@group-8D750AFE0FE3 replies to ELECTION vote request: c9ddfccf-4e48-411f-a985-9c78b2030ee9<-b08f5f88-5074-48f5-ac81-6aa5dd632f85#0:OK-t2. Peer's state: b08f5f88-5074-48f5-ac81-6aa5dd632f85@group-8D750AFE0FE3:t2, leader=null, voted=c9ddfccf-4e48-411f-a985-9c78b2030ee9, raftlog=Memoized:b08f5f88-5074-48f5-ac81-6aa5dd632f85@group-8D750AFE0FE3-SegmentedRaftLog:OPENED:c-1, conf=-1: peers:[122e07b3-5337-411b-bbd2-8c7328b2790d|rpc:10.1.0.40:33187|dataStream:10.1.0.40:35899|priority:0|startupRole:FOLLOWER, c9ddfccf-4e48-411f-a985-9c78b2030ee9|rpc:10.1.0.40:36669|dataStream:10.1.0.40:44285|priority:1|startupRole:FOLLOWER, b08f5f88-5074-48f5-ac81-6aa5dd632f85|rpc:10.1.0.40:35433|dataStream:10.1.0.40:32937|priority:0|startupRole:FOLLOWER]|listeners:[], old=null
2022-12-23 07:22:45,587 [c9ddfccf-4e48-411f-a985-9c78b2030ee9@group-8D750AFE0FE3-LeaderElection20] INFO  impl.LeaderElection (LeaderElection.java:logAndReturn(90)) - c9ddfccf-4e48-411f-a985-9c78b2030ee9@group-8D750AFE0FE3-LeaderElection20: ELECTION PASSED received 1 response(s) and 0 exception(s):
2022-12-23 07:22:45,587 [c9ddfccf-4e48-411f-a985-9c78b2030ee9@group-8D750AFE0FE3-LeaderElection20] INFO  impl.LeaderElection (LeaderElection.java:logAndReturn(94)) -   Response 0: c9ddfccf-4e48-411f-a985-9c78b2030ee9<-122e07b3-5337-411b-bbd2-8c7328b2790d#0:OK-t2
2022-12-23 07:22:45,587 [c9ddfccf-4e48-411f-a985-9c78b2030ee9@group-8D750AFE0FE3-LeaderElection20] INFO  impl.LeaderElection (LeaderElection.java:askForVotes(314)) - c9ddfccf-4e48-411f-a985-9c78b2030ee9@group-8D750AFE0FE3-LeaderElection20 ELECTION round 0: result PASSED
2022-12-23 07:22:45,587 [c9ddfccf-4e48-411f-a985-9c78b2030ee9@group-8D750AFE0FE3-LeaderElection20] INFO  impl.RoleInfo (RoleInfo.java:shutdownLeaderElection(130)) - c9ddfccf-4e48-411f-a985-9c78b2030ee9: shutdown c9ddfccf-4e48-411f-a985-9c78b2030ee9@group-8D750AFE0FE3-LeaderElection20
2022-12-23 07:22:45,587 [c9ddfccf-4e48-411f-a985-9c78b2030ee9@group-8D750AFE0FE3-LeaderElection20] INFO  server.RaftServer$Division (RaftServerImpl.java:setRole(321)) - c9ddfccf-4e48-411f-a985-9c78b2030ee9@group-8D750AFE0FE3: changes role from CANDIDATE to LEADER at term 2 for changeToLeader
2022-12-23 07:22:45,587 [c9ddfccf-4e48-411f-a985-9c78b2030ee9@group-8D750AFE0FE3-LeaderElection20] INFO  ratis.XceiverServerRatis (XceiverServerRatis.java:handleLeaderChangedNotification(904)) - Leader change notification received for group: group-8D750AFE0FE3 with new leaderId: c9ddfccf-4e48-411f-a985-9c78b2030ee9
2022-12-23 07:22:45,587 [c9ddfccf-4e48-411f-a985-9c78b2030ee9@group-8D750AFE0FE3-LeaderElection20] INFO  server.RaftServer$Division (ServerState.java:setLeader(313)) - c9ddfccf-4e48-411f-a985-9c78b2030ee9@group-8D750AFE0FE3: change Leader from null to c9ddfccf-4e48-411f-a985-9c78b2030ee9 at term 2 for becomeLeader, leader elected after 10264ms
2022-12-23 07:22:45,587 [c9ddfccf-4e48-411f-a985-9c78b2030ee9@group-8D750AFE0FE3-LeaderElection20] INFO  server.RaftServerConfigKeys (ConfUtils.java:logGet(46)) - raft.server.staging.catchup.gap = 1000 (default)
2022-12-23 07:22:45,587 [c9ddfccf-4e48-411f-a985-9c78b2030ee9@group-8D750AFE0FE3-LeaderElection20] INFO  server.RaftServerConfigKeys (ConfUtils.java:logGet(46)) - raft.server.write.element-limit = 1024 (custom)
2022-12-23 07:22:45,587 [c9ddfccf-4e48-411f-a985-9c78b2030ee9@group-8D750AFE0FE3-LeaderElection20] INFO  server.RaftServerConfigKeys (ConfUtils.java:logGet(46)) - raft.server.write.byte-limit = 1024 M (=1073741824) (custom)
2022-12-23 07:22:45,588 [c9ddfccf-4e48-411f-a985-9c78b2030ee9@group-8D750AFE0FE3-LeaderElection20] INFO  server.RaftServerConfigKeys (ConfUtils.java:logGet(46)) - raft.server.watch.timeout = 180s (custom)
2022-12-23 07:22:45,588 [c9ddfccf-4e48-411f-a985-9c78b2030ee9@group-8D750AFE0FE3-LeaderElection20] INFO  server.RaftServerConfigKeys (ConfUtils.java:logGet(46)) - raft.server.watch.timeout.denomination = 1s (default)
2022-12-23 07:22:45,588 [c9ddfccf-4e48-411f-a985-9c78b2030ee9@group-8D750AFE0FE3-LeaderElection20] INFO  server.RaftServerConfigKeys (ConfUtils.java:logGet(46)) - raft.server.watch.element-limit = 65536 (default)
2022-12-23 07:22:45,588 [c9ddfccf-4e48-411f-a985-9c78b2030ee9@group-8D750AFE0FE3-LeaderElection20] INFO  server.RaftServerConfigKeys (ConfUtils.java:logGet(46)) - raft.server.write.element-limit = 1024 (custom)
2022-12-23 07:22:45,588 [c9ddfccf-4e48-411f-a985-9c78b2030ee9@group-8D750AFE0FE3-LeaderElection20] INFO  server.RaftServerConfigKeys (ConfUtils.java:logGet(46)) - raft.server.write.follower.gap.ratio.max = -1.0 (default)
2022-12-23 07:22:45,589 [EventQueue-CommandQueueReportForCommandQueueReportHandler] WARN  events.EventQueue (EventQueue.java:fireEvent(216)) - No event handler registered for event TypedEvent{payloadType=DatanodeDetails, name='Datanode_Command_Queue_Updated'}
2022-12-23 07:22:45,589 [EventQueue-PipelineReportForPipelineReportHandler] INFO  pipeline.PipelineManagerImpl (PipelineManagerImpl.java:openPipeline(367)) - Pipeline Pipeline[ Id: 2d14f4dc-9d5c-47d3-bd63-8d750afe0fe3, Nodes: c9ddfccf-4e48-411f-a985-9c78b2030ee9{ip: 10.1.0.40, host: fv-az505-480.g2e1luzo1moefklhgra4trf2va.dx.internal.cloudapp.net, ports: [REPLICATION=38947, RATIS=36669, RATIS_ADMIN=36669, RATIS_SERVER=36669, RATIS_DATASTREAM=44285, STANDALONE=33565], networkLocation: /default-rack, certSerialId: null, persistedOpState: IN_SERVICE, persistedOpStateExpiryEpochSec: 0}122e07b3-5337-411b-bbd2-8c7328b2790d{ip: 10.1.0.40, host: fv-az505-480.g2e1luzo1moefklhgra4trf2va.dx.internal.cloudapp.net, ports: [REPLICATION=46051, RATIS=33187, RATIS_ADMIN=33187, RATIS_SERVER=33187, RATIS_DATASTREAM=35899, STANDALONE=40985], networkLocation: /default-rack, certSerialId: null, persistedOpState: IN_SERVICE, persistedOpStateExpiryEpochSec: 0}b08f5f88-5074-48f5-ac81-6aa5dd632f85{ip: 10.1.0.40, host: fv-az505-480.g2e1luzo1moefklhgra4trf2va.dx.internal.cloudapp.net, ports: [REPLICATION=44223, RATIS=35433, RATIS_ADMIN=35433, RATIS_SERVER=35433, RATIS_DATASTREAM=32937, STANDALONE=40569], networkLocation: /default-rack, certSerialId: null, persistedOpState: IN_SERVICE, persistedOpStateExpiryEpochSec: 0}, ReplicationConfig: RATIS/THREE, State:ALLOCATED, leaderId:c9ddfccf-4e48-411f-a985-9c78b2030ee9, CreationTimestamp2022-12-23T07:22:33.010Z[Etc/UTC]] moved to OPEN state
2022-12-23 07:22:45,590 [EventQueue-OpenPipelineForHealthyPipelineSafeModeRule] INFO  safemode.SCMSafeModeManager (HealthyPipelineSafeModeRule.java:process(137)) - SCM in safe mode. Healthy pipelines reported count is 0, required healthy pipeline reported count is 1
2022-12-23 07:22:45,590 [EventQueue-OpenPipelineForHealthyPipelineSafeModeRule] INFO  safemode.SCMSafeModeManager (HealthyPipelineSafeModeRule.java:process(137)) - SCM in safe mode. Healthy pipelines reported count is 1, required healthy pipeline reported count is 1
2022-12-23 07:22:45,590 [EventQueue-OpenPipelineForHealthyPipelineSafeModeRule] INFO  safemode.SCMSafeModeManager (SCMSafeModeManager.java:validateSafeModeExitRules(200)) - HealthyPipelineSafeModeRule rule is successfully validated
2022-12-23 07:22:45,590 [EventQueue-OpenPipelineForHealthyPipelineSafeModeRule] INFO  safemode.SCMSafeModeManager (SCMSafeModeManager.java:validateSafeModeExitRules(215)) - ScmSafeModeManager, all rules are successfully validated
2022-12-23 07:22:45,590 [EventQueue-OpenPipelineForHealthyPipelineSafeModeRule] INFO  safemode.SCMSafeModeManager (SCMSafeModeManager.java:exitSafeMode(244)) - SCM exiting safe mode.
2022-12-23 07:22:45,590 [EventQueue-OpenPipelineForHealthyPipelineSafeModeRule] INFO  ha.SCMContext (SCMContext.java:updateSafeModeStatus(228)) - Update SafeModeStatus from SafeModeStatus{safeModeStatus=true, preCheckPassed=true} to SafeModeStatus{safeModeStatus=false, preCheckPassed=true}.
2022-12-23 07:22:45,590 [EventQueue-OpenPipelineForHealthyPipelineSafeModeRule] INFO  pipeline.BackgroundPipelineCreator (BackgroundPipelineCreator.java:notifyStatusChanged(254)) - Service BackgroundPipelineCreator transitions to RUNNING.
2022-12-23 07:22:45,590 [EventQueue-OpenPipelineForHealthyPipelineSafeModeRule] INFO  BackgroundPipelineScrubber (BackgroundSCMService.java:notifyStatusChanged(82)) - Service BackgroundPipelineScrubber transitions to RUNNING.
2022-12-23 07:22:45,590 [EventQueue-OpenPipelineForHealthyPipelineSafeModeRule] INFO  ExpiredContainerReplicaOpScrubber (BackgroundSCMService.java:notifyStatusChanged(82)) - Service ExpiredContainerReplicaOpScrubber transitions to RUNNING.
2022-12-23 07:22:45,590 [EventQueue-OpenPipelineForHealthyPipelineSafeModeRule] INFO  replication.ReplicationManager (ReplicationManager.java:notifyStatusChanged(918)) - Service ReplicationManager transitions to RUNNING.
2022-12-23 07:22:45,591 [EventQueue-OpenPipelineForHealthyPipelineSafeModeRule] WARN  balancer.ContainerBalancer (ContainerBalancer.java:shouldRun(131)) - Could not find persisted configuration for ContainerBalancer when checking if ContainerBalancer should run. ContainerBalancer should not run now.
2022-12-23 07:22:45,585 [b08f5f88-5074-48f5-ac81-6aa5dd632f85@group-8D750AFE0FE3-FollowerState] INFO  server.RaftServerConfigKeys (ConfUtils.java:logFallback(53)) - raft.server.rpc.first-election.timeout.max = 5200ms (fallback to raft.server.rpc.timeout.max)
2022-12-23 07:22:45,590 [c9ddfccf-4e48-411f-a985-9c78b2030ee9@group-8D750AFE0FE3-LeaderElection20] INFO  server.RaftServerConfigKeys (ConfUtils.java:logGet(46)) - raft.server.log.appender.snapshot.chunk.size.max = 16MB (=16777216) (default)
2022-12-23 07:22:45,593 [c9ddfccf-4e48-411f-a985-9c78b2030ee9@group-8D750AFE0FE3-LeaderElection20] INFO  server.RaftServerConfigKeys (ConfUtils.java:logGet(46)) - raft.server.log.appender.buffer.byte-limit = 33554432 (custom)
2022-12-23 07:22:45,593 [c9ddfccf-4e48-411f-a985-9c78b2030ee9@group-8D750AFE0FE3-LeaderElection20] INFO  server.RaftServerConfigKeys (ConfUtils.java:logGet(46)) - raft.server.log.appender.buffer.element-limit = 1 (custom)
2022-12-23 07:22:45,593 [c9ddfccf-4e48-411f-a985-9c78b2030ee9@group-8D750AFE0FE3-LeaderElection20] INFO  grpc.GrpcConfigKeys (ConfUtils.java:logGet(46)) - raft.grpc.server.leader.outstanding.appends.max = 128 (default)
2022-12-23 07:22:45,593 [c9ddfccf-4e48-411f-a985-9c78b2030ee9@group-8D750AFE0FE3-LeaderElection20] INFO  server.RaftServerConfigKeys (ConfUtils.java:logGet(46)) - raft.server.rpc.request.timeout = 60s (custom)
2022-12-23 07:22:45,593 [c9ddfccf-4e48-411f-a985-9c78b2030ee9@group-8D750AFE0FE3-LeaderElection20] INFO  server.RaftServerConfigKeys (ConfUtils.java:logGet(46)) - raft.server.log.appender.install.snapshot.enabled = false (custom)
2022-12-23 07:22:45,593 [c9ddfccf-4e48-411f-a985-9c78b2030ee9@group-8D750AFE0FE3-LeaderElection20] INFO  grpc.GrpcConfigKeys (ConfUtils.java:logGet(46)) - raft.grpc.server.heartbeat.channel = true (default)
2022-12-23 07:22:45,593 [c9ddfccf-4e48-411f-a985-9c78b2030ee9@group-8D750AFE0FE3-LeaderElection20] INFO  server.RaftServerConfigKeys (ConfUtils.java:logGet(46)) - raft.server.log.appender.wait-time.min = 10ms (default)
2022-12-23 07:22:45,594 [c9ddfccf-4e48-411f-a985-9c78b2030ee9@group-8D750AFE0FE3-LeaderElection20] INFO  server.RaftServerConfigKeys (ConfUtils.java:logGet(46)) - raft.server.log.appender.snapshot.chunk.size.max = 16MB (=16777216) (default)
2022-12-23 07:22:45,594 [c9ddfccf-4e48-411f-a985-9c78b2030ee9@group-8D750AFE0FE3-LeaderElection20] INFO  server.RaftServerConfigKeys (ConfUtils.java:logGet(46)) - raft.server.log.appender.buffer.byte-limit = 33554432 (custom)
2022-12-23 07:22:45,594 [c9ddfccf-4e48-411f-a985-9c78b2030ee9@group-8D750AFE0FE3-LeaderElection20] INFO  server.RaftServerConfigKeys (ConfUtils.java:logGet(46)) - raft.server.log.appender.buffer.element-limit = 1 (custom)
2022-12-23 07:22:45,594 [c9ddfccf-4e48-411f-a985-9c78b2030ee9@group-8D750AFE0FE3-LeaderElection20] INFO  grpc.GrpcConfigKeys (ConfUtils.java:logGet(46)) - raft.grpc.server.leader.outstanding.appends.max = 128 (default)
2022-12-23 07:22:45,594 [c9ddfccf-4e48-411f-a985-9c78b2030ee9@group-8D750AFE0FE3-LeaderElection20] INFO  server.RaftServerConfigKeys (ConfUtils.java:logGet(46)) - raft.server.rpc.request.timeout = 60s (custom)
2022-12-23 07:22:45,594 [c9ddfccf-4e48-411f-a985-9c78b2030ee9@group-8D750AFE0FE3-LeaderElection20] INFO  server.RaftServerConfigKeys (ConfUtils.java:logGet(46)) - raft.server.log.appender.install.snapshot.enabled = false (custom)
2022-12-23 07:22:45,594 [c9ddfccf-4e48-411f-a985-9c78b2030ee9@group-8D750AFE0FE3-LeaderElection20] INFO  grpc.GrpcConfigKeys (ConfUtils.java:logGet(46)) - raft.grpc.server.heartbeat.channel = true (default)
2022-12-23 07:22:45,594 [c9ddfccf-4e48-411f-a985-9c78b2030ee9@group-8D750AFE0FE3-LeaderElection20] INFO  server.RaftServerConfigKeys (ConfUtils.java:logGet(46)) - raft.server.log.appender.wait-time.min = 10ms (default)
2022-12-23 07:22:45,594 [c9ddfccf-4e48-411f-a985-9c78b2030ee9@group-8D750AFE0FE3-LeaderElection20] INFO  impl.RoleInfo (RoleInfo.java:updateAndGet(139)) - c9ddfccf-4e48-411f-a985-9c78b2030ee9: start c9ddfccf-4e48-411f-a985-9c78b2030ee9@group-8D750AFE0FE3-LeaderStateImpl
2022-12-23 07:22:45,595 [c9ddfccf-4e48-411f-a985-9c78b2030ee9@group-8D750AFE0FE3-LeaderElection20] INFO  segmented.SegmentedRaftLogWorker (SegmentedRaftLogWorker.java:startLogSegment(452)) - c9ddfccf-4e48-411f-a985-9c78b2030ee9@group-8D750AFE0FE3-SegmentedRaftLogWorker: Starting segment from index:0
2022-12-23 07:22:45,596 [c9ddfccf-4e48-411f-a985-9c78b2030ee9@group-8D750AFE0FE3-SegmentedRaftLogWorker] INFO  segmented.SegmentedRaftLogWorker (SegmentedRaftLogWorker.java:execute(656)) - c9ddfccf-4e48-411f-a985-9c78b2030ee9@group-8D750AFE0FE3-SegmentedRaftLogWorker: created new log segment /home/runner/work/ozone/ozone/hadoop-ozone/integration-test/target/test-dir/MiniOzoneClusterImpl-b048efff-b978-4370-a947-e513736927f6/datanode-0/data/ratis/2d14f4dc-9d5c-47d3-bd63-8d750afe0fe3/current/log_inprogress_0
2022-12-23 07:22:45,605 [c9ddfccf-4e48-411f-a985-9c78b2030ee9@group-8D750AFE0FE3-LeaderElection20] INFO  server.RaftServer$Division (ServerState.java:setRaftConf(430)) - c9ddfccf-4e48-411f-a985-9c78b2030ee9@group-8D750AFE0FE3: set configuration 0: peers:[122e07b3-5337-411b-bbd2-8c7328b2790d|rpc:10.1.0.40:33187|dataStream:10.1.0.40:35899|priority:0|startupRole:FOLLOWER, c9ddfccf-4e48-411f-a985-9c78b2030ee9|rpc:10.1.0.40:36669|dataStream:10.1.0.40:44285|priority:1|startupRole:FOLLOWER, b08f5f88-5074-48f5-ac81-6aa5dd632f85|rpc:10.1.0.40:35433|dataStream:10.1.0.40:32937|priority:0|startupRole:FOLLOWER]|listeners:[], old=null
2022-12-23 07:22:45,616 [122e07b3-5337-411b-bbd2-8c7328b2790d-server-thread1] INFO  ratis.XceiverServerRatis (XceiverServerRatis.java:handleLeaderChangedNotification(904)) - Leader change notification received for group: group-8D750AFE0FE3 with new leaderId: c9ddfccf-4e48-411f-a985-9c78b2030ee9
2022-12-23 07:22:45,617 [122e07b3-5337-411b-bbd2-8c7328b2790d-server-thread1] INFO  server.RaftServer$Division (ServerState.java:setLeader(313)) - 122e07b3-5337-411b-bbd2-8c7328b2790d@group-8D750AFE0FE3: change Leader from null to c9ddfccf-4e48-411f-a985-9c78b2030ee9 at term 2 for appendEntries, leader elected after 10249ms
2022-12-23 07:22:45,625 [122e07b3-5337-411b-bbd2-8c7328b2790d-server-thread2] INFO  server.RaftServer$Division (ServerState.java:setRaftConf(430)) - 122e07b3-5337-411b-bbd2-8c7328b2790d@group-8D750AFE0FE3: set configuration 0: peers:[122e07b3-5337-411b-bbd2-8c7328b2790d|rpc:10.1.0.40:33187|dataStream:10.1.0.40:35899|priority:0|startupRole:FOLLOWER, c9ddfccf-4e48-411f-a985-9c78b2030ee9|rpc:10.1.0.40:36669|dataStream:10.1.0.40:44285|priority:1|startupRole:FOLLOWER, b08f5f88-5074-48f5-ac81-6aa5dd632f85|rpc:10.1.0.40:35433|dataStream:10.1.0.40:32937|priority:0|startupRole:FOLLOWER]|listeners:[], old=null
2022-12-23 07:22:45,625 [122e07b3-5337-411b-bbd2-8c7328b2790d-server-thread2] INFO  segmented.SegmentedRaftLogWorker (SegmentedRaftLogWorker.java:startLogSegment(452)) - 122e07b3-5337-411b-bbd2-8c7328b2790d@group-8D750AFE0FE3-SegmentedRaftLogWorker: Starting segment from index:0
2022-12-23 07:22:45,626 [122e07b3-5337-411b-bbd2-8c7328b2790d@group-8D750AFE0FE3-SegmentedRaftLogWorker] INFO  segmented.SegmentedRaftLogWorker (SegmentedRaftLogWorker.java:execute(656)) - 122e07b3-5337-411b-bbd2-8c7328b2790d@group-8D750AFE0FE3-SegmentedRaftLogWorker: created new log segment /home/runner/work/ozone/ozone/hadoop-ozone/integration-test/target/test-dir/MiniOzoneClusterImpl-b048efff-b978-4370-a947-e513736927f6/datanode-1/data/ratis/2d14f4dc-9d5c-47d3-bd63-8d750afe0fe3/current/log_inprogress_0
2022-12-23 07:22:45,627 [b08f5f88-5074-48f5-ac81-6aa5dd632f85-server-thread1] INFO  ratis.XceiverServerRatis (XceiverServerRatis.java:handleLeaderChangedNotification(904)) - Leader change notification received for group: group-8D750AFE0FE3 with new leaderId: c9ddfccf-4e48-411f-a985-9c78b2030ee9
2022-12-23 07:22:45,630 [b08f5f88-5074-48f5-ac81-6aa5dd632f85-server-thread1] INFO  server.RaftServer$Division (ServerState.java:setLeader(313)) - b08f5f88-5074-48f5-ac81-6aa5dd632f85@group-8D750AFE0FE3: change Leader from null to c9ddfccf-4e48-411f-a985-9c78b2030ee9 at term 2 for appendEntries, leader elected after 10217ms
2022-12-23 07:22:45,633 [b08f5f88-5074-48f5-ac81-6aa5dd632f85-server-thread2] INFO  server.RaftServer$Division (ServerState.java:setRaftConf(430)) - b08f5f88-5074-48f5-ac81-6aa5dd632f85@group-8D750AFE0FE3: set configuration 0: peers:[122e07b3-5337-411b-bbd2-8c7328b2790d|rpc:10.1.0.40:33187|dataStream:10.1.0.40:35899|priority:0|startupRole:FOLLOWER, c9ddfccf-4e48-411f-a985-9c78b2030ee9|rpc:10.1.0.40:36669|dataStream:10.1.0.40:44285|priority:1|startupRole:FOLLOWER, b08f5f88-5074-48f5-ac81-6aa5dd632f85|rpc:10.1.0.40:35433|dataStream:10.1.0.40:32937|priority:0|startupRole:FOLLOWER]|listeners:[], old=null
2022-12-23 07:22:45,633 [b08f5f88-5074-48f5-ac81-6aa5dd632f85-server-thread2] INFO  segmented.SegmentedRaftLogWorker (SegmentedRaftLogWorker.java:startLogSegment(452)) - b08f5f88-5074-48f5-ac81-6aa5dd632f85@group-8D750AFE0FE3-SegmentedRaftLogWorker: Starting segment from index:0
2022-12-23 07:22:45,638 [b08f5f88-5074-48f5-ac81-6aa5dd632f85@group-8D750AFE0FE3-SegmentedRaftLogWorker] INFO  segmented.SegmentedRaftLogWorker (SegmentedRaftLogWorker.java:execute(656)) - b08f5f88-5074-48f5-ac81-6aa5dd632f85@group-8D750AFE0FE3-SegmentedRaftLogWorker: created new log segment /home/runner/work/ozone/ozone/hadoop-ozone/integration-test/target/test-dir/MiniOzoneClusterImpl-b048efff-b978-4370-a947-e513736927f6/datanode-2/data/ratis/2d14f4dc-9d5c-47d3-bd63-8d750afe0fe3/current/log_inprogress_0
2022-12-23 07:22:45,662 [c9ddfccf-4e48-411f-a985-9c78b2030ee9@group-07046C3287AF-FollowerState] INFO  impl.FollowerState (FollowerState.java:run(143)) - c9ddfccf-4e48-411f-a985-9c78b2030ee9@group-07046C3287AF-FollowerState: change to CANDIDATE, lastRpcElapsedTime:5053100207ns, electionTimeout:5047ms
2022-12-23 07:22:45,662 [c9ddfccf-4e48-411f-a985-9c78b2030ee9@group-07046C3287AF-FollowerState] INFO  impl.RoleInfo (RoleInfo.java:shutdownFollowerState(110)) - c9ddfccf-4e48-411f-a985-9c78b2030ee9: shutdown c9ddfccf-4e48-411f-a985-9c78b2030ee9@group-07046C3287AF-FollowerState
2022-12-23 07:22:45,662 [c9ddfccf-4e48-411f-a985-9c78b2030ee9@group-07046C3287AF-FollowerState] INFO  server.RaftServer$Division (RaftServerImpl.java:setRole(321)) - c9ddfccf-4e48-411f-a985-9c78b2030ee9@group-07046C3287AF: changes role from  FOLLOWER to CANDIDATE at term 1 for changeToCandidate
2022-12-23 07:22:45,663 [c9ddfccf-4e48-411f-a985-9c78b2030ee9@group-07046C3287AF-FollowerState] INFO  server.RaftServerConfigKeys (ConfUtils.java:logGet(46)) - raft.server.leaderelection.pre-vote = false (custom)
2022-12-23 07:22:45,663 [c9ddfccf-4e48-411f-a985-9c78b2030ee9@group-07046C3287AF-FollowerState] INFO  impl.RoleInfo (RoleInfo.java:updateAndGet(139)) - c9ddfccf-4e48-411f-a985-9c78b2030ee9: start c9ddfccf-4e48-411f-a985-9c78b2030ee9@group-07046C3287AF-LeaderElection21
2022-12-23 07:22:45,665 [c9ddfccf-4e48-411f-a985-9c78b2030ee9@group-07046C3287AF-LeaderElection21] INFO  impl.LeaderElection (LeaderElection.java:askForVotes(312)) - c9ddfccf-4e48-411f-a985-9c78b2030ee9@group-07046C3287AF-LeaderElection21 ELECTION round 0: submit vote requests at term 2 for -1: peers:[122e07b3-5337-411b-bbd2-8c7328b2790d|rpc:10.1.0.40:33187|dataStream:10.1.0.40:35899|priority:0|startupRole:FOLLOWER, c9ddfccf-4e48-411f-a985-9c78b2030ee9|rpc:10.1.0.40:36669|dataStream:10.1.0.40:44285|priority:0|startupRole:FOLLOWER, b08f5f88-5074-48f5-ac81-6aa5dd632f85|rpc:10.1.0.40:35433|dataStream:10.1.0.40:32937|priority:1|startupRole:FOLLOWER]|listeners:[], old=null
2022-12-23 07:22:45,668 [grpc-default-executor-1] INFO  server.RaftServer$Division (RaftServerImpl.java:requestVote(1218)) - 122e07b3-5337-411b-bbd2-8c7328b2790d@group-07046C3287AF: receive requestVote(ELECTION, c9ddfccf-4e48-411f-a985-9c78b2030ee9, group-07046C3287AF, 2, (t:0, i:0))
2022-12-23 07:22:45,668 [c9ddfccf-4e48-411f-a985-9c78b2030ee9@group-07046C3287AF-LeaderElection21] INFO  server.RaftServerConfigKeys (ConfUtils.java:logFallback(53)) - raft.server.rpc.first-election.timeout.min = 5s (fallback to raft.server.rpc.timeout.min)
2022-12-23 07:22:45,669 [c9ddfccf-4e48-411f-a985-9c78b2030ee9@group-07046C3287AF-LeaderElection21] INFO  server.RaftServerConfigKeys (ConfUtils.java:logFallback(53)) - raft.server.rpc.first-election.timeout.max = 5200ms (fallback to raft.server.rpc.timeout.max)
2022-12-23 07:22:45,668 [grpc-default-executor-1] INFO  impl.VoteContext (VoteContext.java:log(49)) - 122e07b3-5337-411b-bbd2-8c7328b2790d@group-07046C3287AF-FOLLOWER: accept ELECTION from c9ddfccf-4e48-411f-a985-9c78b2030ee9: our priority 0 <= candidate's priority 0
2022-12-23 07:22:45,669 [grpc-default-executor-1] INFO  server.RaftServer$Division (RaftServerImpl.java:setRole(321)) - 122e07b3-5337-411b-bbd2-8c7328b2790d@group-07046C3287AF: changes role from  FOLLOWER to FOLLOWER at term 2 for candidate:c9ddfccf-4e48-411f-a985-9c78b2030ee9
2022-12-23 07:22:45,669 [grpc-default-executor-1] INFO  impl.RoleInfo (RoleInfo.java:shutdownFollowerState(110)) - 122e07b3-5337-411b-bbd2-8c7328b2790d: shutdown 122e07b3-5337-411b-bbd2-8c7328b2790d@group-07046C3287AF-FollowerState
2022-12-23 07:22:45,669 [grpc-default-executor-1] INFO  impl.RoleInfo (RoleInfo.java:updateAndGet(139)) - 122e07b3-5337-411b-bbd2-8c7328b2790d: start 122e07b3-5337-411b-bbd2-8c7328b2790d@group-07046C3287AF-FollowerState
2022-12-23 07:22:45,669 [122e07b3-5337-411b-bbd2-8c7328b2790d@group-07046C3287AF-FollowerState] INFO  impl.FollowerState (FollowerState.java:run(152)) - 122e07b3-5337-411b-bbd2-8c7328b2790d@group-07046C3287AF-FollowerState was interrupted
2022-12-23 07:22:45,669 [122e07b3-5337-411b-bbd2-8c7328b2790d@group-07046C3287AF-FollowerState] INFO  server.RaftServerConfigKeys (ConfUtils.java:logFallback(53)) - raft.server.rpc.first-election.timeout.min = 5s (fallback to raft.server.rpc.timeout.min)
2022-12-23 07:22:45,669 [122e07b3-5337-411b-bbd2-8c7328b2790d@group-07046C3287AF-FollowerState] INFO  server.RaftServerConfigKeys (ConfUtils.java:logFallback(53)) - raft.server.rpc.first-election.timeout.max = 5200ms (fallback to raft.server.rpc.timeout.max)
2022-12-23 07:22:45,672 [grpc-default-executor-2] INFO  server.RaftServer$Division (RaftServerImpl.java:requestVote(1218)) - b08f5f88-5074-48f5-ac81-6aa5dd632f85@group-07046C3287AF: receive requestVote(ELECTION, c9ddfccf-4e48-411f-a985-9c78b2030ee9, group-07046C3287AF, 2, (t:0, i:0))
2022-12-23 07:22:45,672 [grpc-default-executor-1] INFO  server.RaftServer$Division (RaftServerImpl.java:requestVote(1251)) - 122e07b3-5337-411b-bbd2-8c7328b2790d@group-07046C3287AF replies to ELECTION vote request: c9ddfccf-4e48-411f-a985-9c78b2030ee9<-122e07b3-5337-411b-bbd2-8c7328b2790d#0:OK-t2. Peer's state: 122e07b3-5337-411b-bbd2-8c7328b2790d@group-07046C3287AF:t2, leader=null, voted=c9ddfccf-4e48-411f-a985-9c78b2030ee9, raftlog=Memoized:122e07b3-5337-411b-bbd2-8c7328b2790d@group-07046C3287AF-SegmentedRaftLog:OPENED:c-1, conf=-1: peers:[122e07b3-5337-411b-bbd2-8c7328b2790d|rpc:10.1.0.40:33187|dataStream:10.1.0.40:35899|priority:0|startupRole:FOLLOWER, c9ddfccf-4e48-411f-a985-9c78b2030ee9|rpc:10.1.0.40:36669|dataStream:10.1.0.40:44285|priority:0|startupRole:FOLLOWER, b08f5f88-5074-48f5-ac81-6aa5dd632f85|rpc:10.1.0.40:35433|dataStream:10.1.0.40:32937|priority:1|startupRole:FOLLOWER]|listeners:[], old=null
2022-12-23 07:22:45,672 [grpc-default-executor-2] INFO  impl.VoteContext (VoteContext.java:log(49)) - b08f5f88-5074-48f5-ac81-6aa5dd632f85@group-07046C3287AF-FOLLOWER: reject ELECTION from c9ddfccf-4e48-411f-a985-9c78b2030ee9: our priority 1 > candidate's priority 0
2022-12-23 07:22:45,672 [grpc-default-executor-2] INFO  server.RaftServer$Division (RaftServerImpl.java:setRole(321)) - b08f5f88-5074-48f5-ac81-6aa5dd632f85@group-07046C3287AF: changes role from  FOLLOWER to FOLLOWER at term 2 for candidate:c9ddfccf-4e48-411f-a985-9c78b2030ee9
2022-12-23 07:22:45,672 [grpc-default-executor-2] INFO  impl.RoleInfo (RoleInfo.java:shutdownFollowerState(110)) - b08f5f88-5074-48f5-ac81-6aa5dd632f85: shutdown b08f5f88-5074-48f5-ac81-6aa5dd632f85@group-07046C3287AF-FollowerState
2022-12-23 07:22:45,673 [grpc-default-executor-2] INFO  impl.RoleInfo (RoleInfo.java:updateAndGet(139)) - b08f5f88-5074-48f5-ac81-6aa5dd632f85: start b08f5f88-5074-48f5-ac81-6aa5dd632f85@group-07046C3287AF-FollowerState
2022-12-23 07:22:45,673 [b08f5f88-5074-48f5-ac81-6aa5dd632f85@group-07046C3287AF-FollowerState] INFO  impl.FollowerState (FollowerState.java:run(152)) - b08f5f88-5074-48f5-ac81-6aa5dd632f85@group-07046C3287AF-FollowerState was interrupted
2022-12-23 07:22:45,678 [b08f5f88-5074-48f5-ac81-6aa5dd632f85@group-07046C3287AF-FollowerState] INFO  server.RaftServerConfigKeys (ConfUtils.java:logFallback(53)) - raft.server.rpc.first-election.timeout.min = 5s (fallback to raft.server.rpc.timeout.min)
2022-12-23 07:22:45,678 [b08f5f88-5074-48f5-ac81-6aa5dd632f85@group-07046C3287AF-FollowerState] INFO  server.RaftServerConfigKeys (ConfUtils.java:logFallback(53)) - raft.server.rpc.first-election.timeout.max = 5200ms (fallback to raft.server.rpc.timeout.max)
2022-12-23 07:22:45,679 [grpc-default-executor-2] INFO  server.RaftServer$Division (RaftServerImpl.java:requestVote(1251)) - b08f5f88-5074-48f5-ac81-6aa5dd632f85@group-07046C3287AF replies to ELECTION vote request: c9ddfccf-4e48-411f-a985-9c78b2030ee9<-b08f5f88-5074-48f5-ac81-6aa5dd632f85#0:FAIL-t2. Peer's state: b08f5f88-5074-48f5-ac81-6aa5dd632f85@group-07046C3287AF:t2, leader=null, voted=null, raftlog=Memoized:b08f5f88-5074-48f5-ac81-6aa5dd632f85@group-07046C3287AF-SegmentedRaftLog:OPENED:c-1, conf=-1: peers:[122e07b3-5337-411b-bbd2-8c7328b2790d|rpc:10.1.0.40:33187|dataStream:10.1.0.40:35899|priority:0|startupRole:FOLLOWER, c9ddfccf-4e48-411f-a985-9c78b2030ee9|rpc:10.1.0.40:36669|dataStream:10.1.0.40:44285|priority:0|startupRole:FOLLOWER, b08f5f88-5074-48f5-ac81-6aa5dd632f85|rpc:10.1.0.40:35433|dataStream:10.1.0.40:32937|priority:1|startupRole:FOLLOWER]|listeners:[], old=null
2022-12-23 07:22:45,680 [c9ddfccf-4e48-411f-a985-9c78b2030ee9@group-07046C3287AF-LeaderElection21] INFO  impl.LeaderElection (LeaderElection.java:logAndReturn(90)) - c9ddfccf-4e48-411f-a985-9c78b2030ee9@group-07046C3287AF-LeaderElection21: ELECTION REJECTED received 2 response(s) and 0 exception(s):
2022-12-23 07:22:45,680 [c9ddfccf-4e48-411f-a985-9c78b2030ee9@group-07046C3287AF-LeaderElection21] INFO  impl.LeaderElection (LeaderElection.java:logAndReturn(94)) -   Response 0: c9ddfccf-4e48-411f-a985-9c78b2030ee9<-122e07b3-5337-411b-bbd2-8c7328b2790d#0:OK-t2
2022-12-23 07:22:45,680 [c9ddfccf-4e48-411f-a985-9c78b2030ee9@group-07046C3287AF-LeaderElection21] INFO  impl.LeaderElection (LeaderElection.java:logAndReturn(94)) -   Response 1: c9ddfccf-4e48-411f-a985-9c78b2030ee9<-b08f5f88-5074-48f5-ac81-6aa5dd632f85#0:FAIL-t2
2022-12-23 07:22:45,680 [c9ddfccf-4e48-411f-a985-9c78b2030ee9@group-07046C3287AF-LeaderElection21] INFO  impl.LeaderElection (LeaderElection.java:askForVotes(314)) - c9ddfccf-4e48-411f-a985-9c78b2030ee9@group-07046C3287AF-LeaderElection21 ELECTION round 0: result REJECTED
2022-12-23 07:22:45,680 [c9ddfccf-4e48-411f-a985-9c78b2030ee9@group-07046C3287AF-LeaderElection21] INFO  server.RaftServer$Division (RaftServerImpl.java:setRole(321)) - c9ddfccf-4e48-411f-a985-9c78b2030ee9@group-07046C3287AF: changes role from CANDIDATE to FOLLOWER at term 2 for REJECTED
2022-12-23 07:22:45,680 [c9ddfccf-4e48-411f-a985-9c78b2030ee9@group-07046C3287AF-LeaderElection21] INFO  impl.RoleInfo (RoleInfo.java:shutdownLeaderElection(130)) - c9ddfccf-4e48-411f-a985-9c78b2030ee9: shutdown c9ddfccf-4e48-411f-a985-9c78b2030ee9@group-07046C3287AF-LeaderElection21
2022-12-23 07:22:45,681 [c9ddfccf-4e48-411f-a985-9c78b2030ee9@group-07046C3287AF-LeaderElection21] INFO  impl.RoleInfo (RoleInfo.java:updateAndGet(139)) - c9ddfccf-4e48-411f-a985-9c78b2030ee9: start c9ddfccf-4e48-411f-a985-9c78b2030ee9@group-07046C3287AF-FollowerState
2022-12-23 07:22:45,681 [c9ddfccf-4e48-411f-a985-9c78b2030ee9@group-07046C3287AF-FollowerState] INFO  server.RaftServerConfigKeys (ConfUtils.java:logFallback(53)) - raft.server.rpc.first-election.timeout.min = 5s (fallback to raft.server.rpc.timeout.min)
2022-12-23 07:22:45,681 [c9ddfccf-4e48-411f-a985-9c78b2030ee9@group-07046C3287AF-FollowerState] INFO  server.RaftServerConfigKeys (ConfUtils.java:logFallback(53)) - raft.server.rpc.first-election.timeout.max = 5200ms (fallback to raft.server.rpc.timeout.max)
2022-12-23 07:22:45,838 [EventQueue-CommandQueueReportForCommandQueueReportHandler] WARN  events.EventQueue (EventQueue.java:fireEvent(216)) - No event handler registered for event TypedEvent{payloadType=DatanodeDetails, name='Datanode_Command_Queue_Updated'}
2022-12-23 07:22:46,014 [Listener at 127.0.0.1/36139] INFO  ozone.MiniOzoneClusterImpl (MiniOzoneClusterImpl.java:lambda$waitForClusterToBeReady$0(217)) - Nodes are ready. Got 3 of 3 DN Heartbeats.
2022-12-23 07:22:46,014 [Listener at 127.0.0.1/36139] INFO  ozone.MiniOzoneClusterImpl (MiniOzoneClusterImpl.java:lambda$waitForClusterToBeReady$0(220)) - Cluster exits safe mode
2022-12-23 07:22:46,014 [Listener at 127.0.0.1/36139] INFO  ozone.MiniOzoneClusterImpl (MiniOzoneClusterImpl.java:lambda$waitForClusterToBeReady$0(222)) - SCM became leader
]]></system-out>
    </rerunFailure>
    <rerunFailure type="java.lang.AssertionError">
      <stackTrace><![CDATA[java.lang.AssertionError
	at org.junit.Assert.fail(Assert.java:87)
	at org.junit.Assert.assertTrue(Assert.java:42)
	at org.junit.Assert.assertTrue(Assert.java:53)
	at org.apache.hadoop.hdds.scm.TestRatisPipelineLeader.testLeaderIdAfterLeaderChange(TestRatisPipelineLeader.java:119)
	at sun.reflect.NativeMethodAccessorImpl.invoke0(Native Method)
	at sun.reflect.NativeMethodAccessorImpl.invoke(NativeMethodAccessorImpl.java:62)
	at sun.reflect.DelegatingMethodAccessorImpl.invoke(DelegatingMethodAccessorImpl.java:43)
	at java.lang.reflect.Method.invoke(Method.java:498)
	at org.junit.platform.commons.util.ReflectionUtils.invokeMethod(ReflectionUtils.java:725)
	at org.junit.jupiter.engine.execution.MethodInvocation.proceed(MethodInvocation.java:60)
	at org.junit.jupiter.engine.execution.InvocationInterceptorChain$ValidatingInvocation.proceed(InvocationInterceptorChain.java:131)
	at org.junit.jupiter.engine.extension.TimeoutInvocation.proceed(TimeoutInvocation.java:46)
	at org.junit.jupiter.engine.extension.TimeoutExtension.intercept(TimeoutExtension.java:149)
	at org.junit.jupiter.engine.extension.TimeoutExtension.interceptTestableMethod(TimeoutExtension.java:140)
	at org.junit.jupiter.engine.extension.TimeoutExtension.interceptTestMethod(TimeoutExtension.java:84)
	at org.junit.jupiter.engine.execution.ExecutableInvoker$ReflectiveInterceptorCall.lambda$ofVoidMethod$0(ExecutableInvoker.java:115)
	at org.junit.jupiter.engine.execution.ExecutableInvoker.lambda$invoke$0(ExecutableInvoker.java:105)
	at org.junit.jupiter.engine.execution.InvocationInterceptorChain$InterceptedInvocation.proceed(InvocationInterceptorChain.java:106)
	at org.junit.jupiter.engine.execution.InvocationInterceptorChain.proceed(InvocationInterceptorChain.java:64)
	at org.junit.jupiter.engine.execution.InvocationInterceptorChain.chainAndInvoke(InvocationInterceptorChain.java:45)
	at org.junit.jupiter.engine.execution.InvocationInterceptorChain.invoke(InvocationInterceptorChain.java:37)
	at org.junit.jupiter.engine.execution.ExecutableInvoker.invoke(ExecutableInvoker.java:104)
	at org.junit.jupiter.engine.execution.ExecutableInvoker.invoke(ExecutableInvoker.java:98)
	at org.junit.jupiter.engine.descriptor.TestMethodTestDescriptor.lambda$invokeTestMethod$7(TestMethodTestDescriptor.java:214)
	at org.junit.platform.engine.support.hierarchical.ThrowableCollector.execute(ThrowableCollector.java:73)
	at org.junit.jupiter.engine.descriptor.TestMethodTestDescriptor.invokeTestMethod(TestMethodTestDescriptor.java:210)
	at org.junit.jupiter.engine.descriptor.TestMethodTestDescriptor.execute(TestMethodTestDescriptor.java:135)
	at org.junit.jupiter.engine.descriptor.TestMethodTestDescriptor.execute(TestMethodTestDescriptor.java:66)
	at org.junit.platform.engine.support.hierarchical.NodeTestTask.lambda$executeRecursively$6(NodeTestTask.java:151)
	at org.junit.platform.engine.support.hierarchical.ThrowableCollector.execute(ThrowableCollector.java:73)
	at org.junit.platform.engine.support.hierarchical.NodeTestTask.lambda$executeRecursively$8(NodeTestTask.java:141)
	at org.junit.platform.engine.support.hierarchical.Node.around(Node.java:137)
	at org.junit.platform.engine.support.hierarchical.NodeTestTask.lambda$executeRecursively$9(NodeTestTask.java:139)
	at org.junit.platform.engine.support.hierarchical.ThrowableCollector.execute(ThrowableCollector.java:73)
	at org.junit.platform.engine.support.hierarchical.NodeTestTask.executeRecursively(NodeTestTask.java:138)
	at org.junit.platform.engine.support.hierarchical.NodeTestTask.execute(NodeTestTask.java:95)
	at java.util.ArrayList.forEach(ArrayList.java:1259)
	at org.junit.platform.engine.support.hierarchical.SameThreadHierarchicalTestExecutorService.invokeAll(SameThreadHierarchicalTestExecutorService.java:41)
	at org.junit.platform.engine.support.hierarchical.NodeTestTask.lambda$executeRecursively$6(NodeTestTask.java:155)
	at org.junit.platform.engine.support.hierarchical.ThrowableCollector.execute(ThrowableCollector.java:73)
	at org.junit.platform.engine.support.hierarchical.NodeTestTask.lambda$executeRecursively$8(NodeTestTask.java:141)
	at org.junit.platform.engine.support.hierarchical.Node.around(Node.java:137)
	at org.junit.platform.engine.support.hierarchical.NodeTestTask.lambda$executeRecursively$9(NodeTestTask.java:139)
	at org.junit.platform.engine.support.hierarchical.ThrowableCollector.execute(ThrowableCollector.java:73)
	at org.junit.platform.engine.support.hierarchical.NodeTestTask.executeRecursively(NodeTestTask.java:138)
	at org.junit.platform.engine.support.hierarchical.NodeTestTask.execute(NodeTestTask.java:95)
	at java.util.ArrayList.forEach(ArrayList.java:1259)
	at org.junit.platform.engine.support.hierarchical.SameThreadHierarchicalTestExecutorService.invokeAll(SameThreadHierarchicalTestExecutorService.java:41)
	at org.junit.platform.engine.support.hierarchical.NodeTestTask.lambda$executeRecursively$6(NodeTestTask.java:155)
	at org.junit.platform.engine.support.hierarchical.ThrowableCollector.execute(ThrowableCollector.java:73)
	at org.junit.platform.engine.support.hierarchical.NodeTestTask.lambda$executeRecursively$8(NodeTestTask.java:141)
	at org.junit.platform.engine.support.hierarchical.Node.around(Node.java:137)
	at org.junit.platform.engine.support.hierarchical.NodeTestTask.lambda$executeRecursively$9(NodeTestTask.java:139)
	at org.junit.platform.engine.support.hierarchical.ThrowableCollector.execute(ThrowableCollector.java:73)
	at org.junit.platform.engine.support.hierarchical.NodeTestTask.executeRecursively(NodeTestTask.java:138)
	at org.junit.platform.engine.support.hierarchical.NodeTestTask.execute(NodeTestTask.java:95)
	at org.junit.platform.engine.support.hierarchical.SameThreadHierarchicalTestExecutorService.submit(SameThreadHierarchicalTestExecutorService.java:35)
	at org.junit.platform.engine.support.hierarchical.HierarchicalTestExecutor.execute(HierarchicalTestExecutor.java:57)
	at org.junit.platform.engine.support.hierarchical.HierarchicalTestEngine.execute(HierarchicalTestEngine.java:54)
	at org.junit.platform.launcher.core.EngineExecutionOrchestrator.execute(EngineExecutionOrchestrator.java:107)
	at org.junit.platform.launcher.core.EngineExecutionOrchestrator.execute(EngineExecutionOrchestrator.java:88)
	at org.junit.platform.launcher.core.EngineExecutionOrchestrator.lambda$execute$0(EngineExecutionOrchestrator.java:54)
	at org.junit.platform.launcher.core.EngineExecutionOrchestrator.withInterceptedStreams(EngineExecutionOrchestrator.java:67)
	at org.junit.platform.launcher.core.EngineExecutionOrchestrator.execute(EngineExecutionOrchestrator.java:52)
	at org.junit.platform.launcher.core.DefaultLauncher.execute(DefaultLauncher.java:114)
	at org.junit.platform.launcher.core.DefaultLauncher.execute(DefaultLauncher.java:86)
	at org.junit.platform.launcher.core.DefaultLauncherSession$DelegatingLauncher.execute(DefaultLauncherSession.java:86)
	at org.junit.platform.launcher.core.SessionPerRequestLauncher.execute(SessionPerRequestLauncher.java:53)
	at org.apache.maven.surefire.junitplatform.JUnitPlatformProvider.invokeAllTests(JUnitPlatformProvider.java:165)
	at org.apache.maven.surefire.junitplatform.JUnitPlatformProvider.invoke(JUnitPlatformProvider.java:124)
	at org.apache.maven.surefire.booter.ForkedBooter.runSuitesInProcess(ForkedBooter.java:428)
	at org.apache.maven.surefire.booter.ForkedBooter.execute(ForkedBooter.java:162)
	at org.apache.maven.surefire.booter.ForkedBooter.run(ForkedBooter.java:562)
	at org.apache.maven.surefire.booter.ForkedBooter.main(ForkedBooter.java:548)
]]></stackTrace>
      <system-out><![CDATA[2022-12-23 07:22:50,412 [Listener at 127.0.0.1/36139] WARN  server.ServerUtils (ServerUtils.java:getScmDbDir(148)) - ozone.scm.db.dirs is not configured. We recommend adding this setting. Falling back to ozone.metadata.dirs instead.
2022-12-23 07:22:50,414 [Listener at 127.0.0.1/36139] WARN  server.ServerUtils (ServerUtils.java:getScmDbDir(148)) - ozone.scm.db.dirs is not configured. We recommend adding this setting. Falling back to ozone.metadata.dirs instead.
2022-12-23 07:22:50,415 [Listener at 127.0.0.1/36139] INFO  ha.SCMHANodeDetails (SCMHANodeDetails.java:loadSCMHAConfig(209)) - ServiceID for StorageContainerManager is null
2022-12-23 07:22:50,415 [Listener at 127.0.0.1/36139] INFO  ha.SCMHANodeDetails (SCMHANodeDetails.java:loadSCMHAConfig(214)) - ozone.scm.default.service.id is not defined, falling back to ozone.scm.service.ids to find serviceID for StorageContainerManager if it is HA enabled cluster
2022-12-23 07:22:50,416 [Listener at 127.0.0.1/36139] WARN  utils.HAUtils (HAUtils.java:getMetaDir(342)) - ozone.scm.db.dirs is not configured. We recommend adding this setting. Falling back to ozone.metadata.dirs instead.
2022-12-23 07:22:50,416 [Listener at 127.0.0.1/36139] WARN  db.DBStoreBuilder (DBStoreBuilder.java:applyDBDefinition(144)) - ozone.scm.db.dirs is not configured. We recommend adding this setting. Falling back to ozone.metadata.dirs instead.
2022-12-23 07:22:50,541 [Listener at 127.0.0.1/36139] INFO  net.NodeSchemaLoader (NodeSchemaLoader.java:loadSchemaFromFile(129)) - Loading schema from [jar:file:/home/runner/.m2/repository/org/apache/ozone/hdds-common/1.3.0-SNAPSHOT/hdds-common-1.3.0-SNAPSHOT.jar!/network-topology-default.xml]
2022-12-23 07:22:50,541 [Listener at 127.0.0.1/36139] INFO  net.NodeSchemaLoader (NodeSchemaLoader.java:loadSchema(176)) - Loading network topology layer schema file
2022-12-23 07:22:50,544 [Listener at 127.0.0.1/36139] INFO  upgrade.AbstractLayoutVersionManager (AbstractLayoutVersionManager.java:init(83)) - Initializing Layout version manager with metadata layout = DATANODE_SCHEMA_V3 (version = 4), software layout = DATANODE_SCHEMA_V3 (version = 4)
2022-12-23 07:22:50,593 [Listener at 127.0.0.1/36139] INFO  reflections.Reflections (Reflections.java:scan(232)) - Reflections took 48 ms to scan 7 urls, producing 146 keys and 348 values 
2022-12-23 07:22:50,595 [Listener at 127.0.0.1/36139] INFO  ha.SequenceIdGenerator (SequenceIdGenerator.java:upgradeToSequenceId(349)) - upgrade localId to 109611004723200000
2022-12-23 07:22:50,595 [Listener at 127.0.0.1/36139] INFO  ha.SequenceIdGenerator (SequenceIdGenerator.java:upgradeToSequenceId(359)) - upgrade delTxnId to 0
2022-12-23 07:22:50,595 [Listener at 127.0.0.1/36139] INFO  ha.SequenceIdGenerator (SequenceIdGenerator.java:upgradeToSequenceId(376)) - upgrade containerId to 0
2022-12-23 07:22:50,595 [Listener at 127.0.0.1/36139] INFO  ha.SequenceIdGenerator (SequenceIdGenerator.java:<init>(220)) - Init the HA SequenceIdGenerator.
2022-12-23 07:22:50,596 [Listener at 127.0.0.1/36139] WARN  server.ServerUtils (ServerUtils.java:sanitizeUserArgs(73)) - ozone.scm.stale.node.interval value = 300000 is larger than max = 100000 based on the key value of ozone.scm.heartbeat.thread.interval, reset to the max value 100000.
2022-12-23 07:22:50,596 [Listener at 127.0.0.1/36139] WARN  server.ServerUtils (ServerUtils.java:sanitizeUserArgs(73)) - ozone.scm.stale.node.interval value = 300000 is larger than max = 100000 based on the key value of ozone.scm.heartbeat.thread.interval, reset to the max value 100000.
2022-12-23 07:22:50,596 [Listener at 127.0.0.1/36139] INFO  node.SCMNodeManager (SCMNodeManager.java:<init>(149)) - Entering startup safe mode.
2022-12-23 07:22:50,597 [Listener at 127.0.0.1/36139] INFO  algorithms.ContainerPlacementPolicyFactory (ContainerPlacementPolicyFactory.java:getPolicyInternal(86)) - Create container placement policy of type org.apache.hadoop.hdds.scm.container.placement.algorithms.SCMContainerPlacementRandom
2022-12-23 07:22:50,597 [Listener at 127.0.0.1/36139] INFO  algorithms.ContainerPlacementPolicyFactory (ContainerPlacementPolicyFactory.java:getPolicyInternal(86)) - Create container placement policy of type org.apache.hadoop.hdds.scm.container.placement.algorithms.SCMContainerPlacementRackScatter
2022-12-23 07:22:50,597 [Listener at 127.0.0.1/36139] INFO  pipeline.PipelineStateManagerImpl (PipelineStateManagerImpl.java:initialize(78)) - No pipeline exists in current db
2022-12-23 07:22:50,597 [Listener at 127.0.0.1/36139] INFO  algorithms.LeaderChoosePolicyFactory (LeaderChoosePolicyFactory.java:getPolicy(57)) - Create leader choose policy of type org.apache.hadoop.hdds.scm.pipeline.leader.choose.algorithms.MinLeaderCountChoosePolicy
2022-12-23 07:22:50,598 [Listener at 127.0.0.1/36139] INFO  algorithms.ContainerPlacementPolicyFactory (ContainerPlacementPolicyFactory.java:getPolicyInternal(86)) - Create container placement policy of type org.apache.hadoop.hdds.scm.container.placement.algorithms.SCMContainerPlacementRackScatter
2022-12-23 07:22:50,598 [Listener at 127.0.0.1/36139] INFO  ha.SCMServiceManager (SCMServiceManager.java:register(42)) - Registering service BackgroundPipelineCreator.
2022-12-23 07:22:50,598 [Listener at 127.0.0.1/36139] INFO  pipeline.BackgroundPipelineCreator (BackgroundPipelineCreator.java:start(124)) - Starting RatisPipelineUtilsThread.
2022-12-23 07:22:50,598 [Listener at 127.0.0.1/36139] INFO  BackgroundPipelineScrubber (BackgroundSCMService.java:start(68)) - Starting BackgroundPipelineScrubber Service.
2022-12-23 07:22:50,599 [Listener at 127.0.0.1/36139] INFO  ha.SCMServiceManager (SCMServiceManager.java:register(42)) - Registering service BackgroundPipelineScrubber.
2022-12-23 07:22:50,599 [Listener at 127.0.0.1/36139] INFO  ExpiredContainerReplicaOpScrubber (BackgroundSCMService.java:start(68)) - Starting ExpiredContainerReplicaOpScrubber Service.
2022-12-23 07:22:50,599 [Listener at 127.0.0.1/36139] INFO  ha.SCMServiceManager (SCMServiceManager.java:register(42)) - Registering service ExpiredContainerReplicaOpScrubber.
2022-12-23 07:22:50,601 [Listener at 127.0.0.1/36139] INFO  algorithms.PipelineChoosePolicyFactory (PipelineChoosePolicyFactory.java:createPipelineChoosePolicyFromClass(73)) - Create pipeline choose policy of type org.apache.hadoop.hdds.scm.pipeline.choose.algorithms.RandomPipelineChoosePolicy
2022-12-23 07:22:50,601 [Listener at 127.0.0.1/36139] INFO  ha.SCMServiceManager (SCMServiceManager.java:register(42)) - Registering service SCMBlockDeletingService.
2022-12-23 07:22:50,601 [Listener at 127.0.0.1/36139] INFO  replication.ReplicationManager (ReplicationManager.java:start(261)) - Starting Replication Monitor Thread.
2022-12-23 07:22:50,602 [Listener at 127.0.0.1/36139] INFO  ha.SCMServiceManager (SCMServiceManager.java:register(42)) - Registering service ReplicationManager.
2022-12-23 07:22:50,604 [Listener at 127.0.0.1/36139] INFO  safemode.ContainerSafeModeRule (ContainerSafeModeRule.java:<init>(89)) - containers with one replica threshold count 0
2022-12-23 07:22:50,605 [Listener at 127.0.0.1/36139] INFO  safemode.HealthyPipelineSafeModeRule (HealthyPipelineSafeModeRule.java:initializeRule(169)) - Total pipeline count is 0, healthy pipeline threshold count is 1
2022-12-23 07:22:50,605 [Listener at 127.0.0.1/36139] INFO  safemode.OneReplicaPipelineSafeModeRule (OneReplicaPipelineSafeModeRule.java:initializeRule(180)) - Total pipeline count is 0, pipeline's with at least one datanode reported threshold count is 0
2022-12-23 07:22:50,606 [ReplicationMonitor] INFO  replication.ReplicationManager (ReplicationManager.java:processAll(330)) - Replication Manager is not ready to run until 3000ms after safemode exit
2022-12-23 07:22:50,609 [Listener at 127.0.0.1/36139] INFO  ipc.CallQueueManager (CallQueueManager.java:<init>(90)) - Using callQueue: class java.util.concurrent.LinkedBlockingQueue, queueCapacity: 2000, scheduler: class org.apache.hadoop.ipc.DefaultRpcScheduler, ipcBackoff: false.
2022-12-23 07:22:50,609 [Socket Reader #1 for port 0] INFO  ipc.Server (Server.java:run(1273)) - Starting Socket Reader #1 for port 0
2022-12-23 07:22:50,610 [Listener at 0.0.0.0/33437] INFO  ipc.CallQueueManager (CallQueueManager.java:<init>(90)) - Using callQueue: class java.util.concurrent.LinkedBlockingQueue, queueCapacity: 2000, scheduler: class org.apache.hadoop.ipc.DefaultRpcScheduler, ipcBackoff: false.
2022-12-23 07:22:50,611 [Socket Reader #1 for port 0] INFO  ipc.Server (Server.java:run(1273)) - Starting Socket Reader #1 for port 0
2022-12-23 07:22:50,611 [Listener at 0.0.0.0/45923] INFO  ipc.CallQueueManager (CallQueueManager.java:<init>(90)) - Using callQueue: class java.util.concurrent.LinkedBlockingQueue, queueCapacity: 2000, scheduler: class org.apache.hadoop.ipc.DefaultRpcScheduler, ipcBackoff: false.
2022-12-23 07:22:50,612 [Socket Reader #1 for port 0] INFO  ipc.Server (Server.java:run(1273)) - Starting Socket Reader #1 for port 0
2022-12-23 07:22:50,624 [Listener at 0.0.0.0/43691] INFO  ha.SCMServiceManager (SCMServiceManager.java:register(42)) - Registering service ContainerBalancer.
2022-12-23 07:22:50,624 [Listener at 0.0.0.0/43691] INFO  server.StorageContainerManager (StorageContainerManager.java:<init>(398)) - 
Container Balancer status:
Key                            Value
Running                        true
Container Balancer Configuration values:
Key                                                Value
Threshold                                          10
Max Datanodes to Involve per Iteration(percent)    20
Max Size to Move per Iteration                     500GB
Max Size Entering Target per Iteration             26GB
Max Size Leaving Source per Iteration              26GB

2022-12-23 07:22:50,624 [Listener at 0.0.0.0/43691] INFO  ha.SCMContext (SCMContext.java:updateSafeModeStatus(228)) - Update SafeModeStatus from SafeModeStatus{safeModeStatus=true, preCheckPassed=false} to SafeModeStatus{safeModeStatus=true, preCheckPassed=false}.
2022-12-23 07:22:50,625 [Listener at 0.0.0.0/43691] INFO  server.StorageContainerManager (StorageContainerManager.java:start(1423)) - StorageContainerLocationProtocol RPC server is listening at /0.0.0.0:43691
2022-12-23 07:22:50,626 [Listener at 0.0.0.0/43691] WARN  impl.MetricsConfig (MetricsConfig.java:loadFirst(136)) - Cannot locate configuration: tried hadoop-metrics2-storagecontainermanager.properties,hadoop-metrics2.properties
2022-12-23 07:22:50,630 [Listener at 0.0.0.0/43691] INFO  impl.MetricsSystemImpl (MetricsSystemImpl.java:startTimer(378)) - Scheduled Metric snapshot period at 10 second(s).
2022-12-23 07:22:50,630 [Listener at 0.0.0.0/43691] INFO  impl.MetricsSystemImpl (MetricsSystemImpl.java:start(191)) - StorageContainerManager metrics system started
2022-12-23 07:22:50,642 [Listener at 0.0.0.0/43691] INFO  impl.MetricsSinkAdapter (MetricsSinkAdapter.java:start(204)) - Sink prometheus started
2022-12-23 07:22:50,642 [Listener at 0.0.0.0/43691] INFO  impl.MetricsSystemImpl (MetricsSystemImpl.java:registerSink(305)) - Registered sink prometheus
2022-12-23 07:22:50,655 [Listener at 0.0.0.0/43691] INFO  server.SCMClientProtocolServer (SCMClientProtocolServer.java:start(170)) - RPC server for Client  is listening at /0.0.0.0:43691
2022-12-23 07:22:50,656 [IPC Server Responder] INFO  ipc.Server (Server.java:run(1512)) - IPC Server Responder: starting
2022-12-23 07:22:50,656 [IPC Server listener on 0] INFO  ipc.Server (Server.java:run(1352)) - IPC Server listener on 0: starting
2022-12-23 07:22:50,665 [Listener at 0.0.0.0/43691] INFO  server.StorageContainerManager (StorageContainerManager.java:start(1437)) - ScmBlockLocationProtocol RPC server is listening at /0.0.0.0:45923
2022-12-23 07:22:50,665 [Listener at 0.0.0.0/43691] INFO  server.SCMBlockProtocolServer (SCMBlockProtocolServer.java:start(152)) - RPC server for Block Protocol is listening at /0.0.0.0:45923
2022-12-23 07:22:50,666 [IPC Server Responder] INFO  ipc.Server (Server.java:run(1512)) - IPC Server Responder: starting
2022-12-23 07:22:50,666 [IPC Server listener on 0] INFO  ipc.Server (Server.java:run(1352)) - IPC Server listener on 0: starting
2022-12-23 07:22:50,674 [Listener at 0.0.0.0/43691] INFO  server.SCMDatanodeProtocolServer (SCMDatanodeProtocolServer.java:start(194)) - ScmDatanodeProtocol RPC server for DataNodes is listening at /0.0.0.0:33437
2022-12-23 07:22:50,675 [IPC Server Responder] INFO  ipc.Server (Server.java:run(1512)) - IPC Server Responder: starting
2022-12-23 07:22:50,675 [IPC Server listener on 0] INFO  ipc.Server (Server.java:run(1352)) - IPC Server listener on 0: starting
2022-12-23 07:22:50,682 [org.apache.hadoop.util.JvmPauseMonitor$Monitor@1cc21bf1] INFO  util.JvmPauseMonitor (JvmPauseMonitor.java:run(188)) - Starting JVM pause monitor
2022-12-23 07:22:50,682 [Listener at 0.0.0.0/43691] INFO  http.BaseHttpServer (BaseHttpServer.java:newHttpServer2BuilderForOzone(213)) - Starting Web-server for scm at: http://0.0.0.0:0
2022-12-23 07:22:50,682 [Listener at 0.0.0.0/43691] INFO  http.BaseHttpServer (BaseHttpServer.java:<init>(108)) - Hadoop Security Enabled: false Ozone Security Enabled: false Ozone HTTP Security Enabled: false 
2022-12-23 07:22:50,684 [Listener at 0.0.0.0/43691] WARN  server.AuthenticationFilter (AuthenticationFilter.java:constructSecretProvider(240)) - Unable to initialize FileSignerSecretProvider, falling back to use random secrets. Reason: Could not read signature secret file: /home/runner/hadoop-http-auth-signature-secret
2022-12-23 07:22:50,685 [Listener at 0.0.0.0/43691] WARN  http.HttpRequestLog (HttpRequestLog.java:getRequestLog(103)) - Jetty request log can only be enabled using Log4j
2022-12-23 07:22:50,686 [Listener at 0.0.0.0/43691] INFO  http.HttpServer2 (HttpServer2.java:addGlobalFilter(1031)) - Added global filter 'safety' (class=org.apache.hadoop.hdds.server.http.HttpServer2$QuotingInputFilter)
2022-12-23 07:22:50,689 [Listener at 0.0.0.0/43691] INFO  http.HttpServer2 (HttpServer2.java:addFilter(1007)) - Added filter static_user_filter (class=org.apache.hadoop.http.lib.StaticUserWebFilter$StaticUserFilter) to context scm
2022-12-23 07:22:50,690 [Listener at 0.0.0.0/43691] INFO  http.HttpServer2 (HttpServer2.java:addFilter(1015)) - Added filter static_user_filter (class=org.apache.hadoop.http.lib.StaticUserWebFilter$StaticUserFilter) to context logs
2022-12-23 07:22:50,690 [Listener at 0.0.0.0/43691] INFO  http.HttpServer2 (HttpServer2.java:addFilter(1015)) - Added filter static_user_filter (class=org.apache.hadoop.http.lib.StaticUserWebFilter$StaticUserFilter) to context static
2022-12-23 07:22:50,691 [Listener at 0.0.0.0/43691] INFO  http.HttpServer2 (HttpServer2.java:bindListener(1250)) - Jetty bound to port 35813
2022-12-23 07:22:50,691 [Listener at 0.0.0.0/43691] INFO  server.Server (Server.java:doStart(375)) - jetty-9.4.49.v20220914; built: 2022-09-14T01:07:36.601Z; git: 4231a3b2e4cb8548a412a789936d640a97b1aa0a; jvm 1.8.0_352-b08
2022-12-23 07:22:50,693 [Listener at 0.0.0.0/43691] INFO  server.session (DefaultSessionIdManager.java:doStart(334)) - DefaultSessionIdManager workerName=node0
2022-12-23 07:22:50,693 [Listener at 0.0.0.0/43691] INFO  server.session (DefaultSessionIdManager.java:doStart(339)) - No SessionScavenger set, using defaults
2022-12-23 07:22:50,693 [Listener at 0.0.0.0/43691] INFO  server.session (HouseKeeper.java:startScavenging(132)) - node0 Scavenging every 600000ms
2022-12-23 07:22:50,694 [Listener at 0.0.0.0/43691] INFO  handler.ContextHandler (ContextHandler.java:doStart(921)) - Started o.e.j.s.ServletContextHandler@5d010de3{logs,/logs,file:///home/runner/work/ozone/ozone/hadoop-ozone/integration-test/target/log,AVAILABLE}
2022-12-23 07:22:50,695 [Listener at 0.0.0.0/43691] INFO  handler.ContextHandler (ContextHandler.java:doStart(921)) - Started o.e.j.s.ServletContextHandler@5d2ffabd{static,/static,file:///home/runner/work/ozone/ozone/hadoop-ozone/integration-test/target/test-classes/webapps/static,AVAILABLE}
2022-12-23 07:22:50,705 [Listener at 0.0.0.0/43691] INFO  handler.ContextHandler (ContextHandler.java:doStart(921)) - Started o.e.j.w.WebAppContext@3eafc7ee{scm,/,file:///home/runner/work/ozone/ozone/hadoop-ozone/integration-test/target/test-classes/webapps/scm/,AVAILABLE}{file:/home/runner/work/ozone/ozone/hadoop-ozone/integration-test/target/test-classes/webapps/scm}
2022-12-23 07:22:50,706 [Listener at 0.0.0.0/43691] INFO  server.AbstractConnector (AbstractConnector.java:doStart(333)) - Started ServerConnector@4d8e293{HTTP/1.1, (http/1.1)}{0.0.0.0:35813}
2022-12-23 07:22:50,706 [Listener at 0.0.0.0/43691] INFO  server.Server (Server.java:doStart(415)) - Started @71665ms
2022-12-23 07:22:50,706 [Listener at 0.0.0.0/43691] WARN  impl.MetricsSystemImpl (MetricsSystemImpl.java:register(279)) - Sink prometheus already exists!
2022-12-23 07:22:50,707 [Listener at 0.0.0.0/43691] INFO  http.BaseHttpServer (BaseHttpServer.java:updateConnectorAddress(333)) - HTTP server of scm listening at http://0.0.0.0:35813
2022-12-23 07:22:50,710 [Listener at 0.0.0.0/43691] WARN  server.ServerUtils (ServerUtils.java:getDBPath(225)) - ozone.om.db.dirs is not configured. We recommend adding this setting. Falling back to ozone.metadata.dirs instead.
2022-12-23 07:22:50,713 [Listener at 0.0.0.0/43691] INFO  ha.OMHANodeDetails (OMHANodeDetails.java:loadOMHAConfig(115)) - ozone.om.internal.service.id is not defined, falling back to ozone.om.service.ids to find serviceID for OzoneManager if it is HA enabled cluster
2022-12-23 07:22:50,713 [Listener at 0.0.0.0/43691] INFO  ha.OMHANodeDetails (OMHANodeDetails.java:loadOMHAConfig(226)) - Configuration does not have ozone.om.address set. Falling back to the default OM address /127.0.0.1:0
2022-12-23 07:22:50,714 [Listener at 0.0.0.0/43691] INFO  ha.OMHANodeDetails (OMHANodeDetails.java:getOMNodeDetailsForNonHA(254)) - OM Service ID is not set. Setting it to the default ID: omServiceIdDefault
2022-12-23 07:22:50,714 [Listener at 0.0.0.0/43691] INFO  ha.OMHANodeDetails (OMHANodeDetails.java:getOMNodeDetailsForNonHA(261)) - OM Node ID is not set. Setting it to the default ID: om1
2022-12-23 07:22:50,714 [Listener at 0.0.0.0/43691] WARN  server.ServerUtils (ServerUtils.java:getDBPath(225)) - ozone.om.db.dirs is not configured. We recommend adding this setting. Falling back to ozone.metadata.dirs instead.
2022-12-23 07:22:50,715 [Listener at 0.0.0.0/43691] INFO  upgrade.AbstractLayoutVersionManager (AbstractLayoutVersionManager.java:init(83)) - Initializing Layout version manager with metadata layout = MULTITENANCY_SCHEMA (version = 3), software layout = MULTITENANCY_SCHEMA (version = 3)
2022-12-23 07:22:50,787 [Listener at 0.0.0.0/43691] INFO  reflections.Reflections (Reflections.java:scan(232)) - Reflections took 71 ms to scan 2 urls, producing 154 keys and 428 values [using 2 cores]
2022-12-23 07:22:50,788 [Listener at 0.0.0.0/43691] INFO  upgrade.OMLayoutVersionManager (OMLayoutVersionManager.java:lambda$0(115)) - Skipping Upgrade Action MockOmUpgradeAction since it has been finalized.
2022-12-23 07:22:50,788 [Listener at 0.0.0.0/43691] WARN  server.ServerUtils (ServerUtils.java:getDBPath(225)) - ozone.om.db.dirs is not configured. We recommend adding this setting. Falling back to ozone.metadata.dirs instead.
2022-12-23 07:22:50,789 [Listener at 0.0.0.0/43691] INFO  proxy.SCMBlockLocationFailoverProxyProvider (SCMBlockLocationFailoverProxyProvider.java:<init>(114)) - Created block location fail-over proxy with 1 nodes: [nodeId=scmNodeId,nodeAddress=/0.0.0.0:45923]
2022-12-23 07:22:50,790 [Listener at 0.0.0.0/43691] INFO  proxy.SCMBlockLocationFailoverProxyProvider (SCMBlockLocationFailoverProxyProvider.java:<init>(114)) - Created block location fail-over proxy with 1 nodes: [nodeId=scmNodeId,nodeAddress=/0.0.0.0:45923]
2022-12-23 07:22:50,800 [Listener at 0.0.0.0/43691] WARN  server.ServerUtils (ServerUtils.java:getDBPath(225)) - ozone.om.db.dirs is not configured. We recommend adding this setting. Falling back to ozone.metadata.dirs instead.
2022-12-23 07:22:50,800 [Listener at 0.0.0.0/43691] INFO  codec.OmKeyInfoCodec (OmKeyInfoCodec.java:<init>(49)) - OmKeyInfoCodec ignorePipeline = true
2022-12-23 07:22:50,801 [Listener at 0.0.0.0/43691] INFO  codec.RepeatedOmKeyInfoCodec (RepeatedOmKeyInfoCodec.java:<init>(41)) - RepeatedOmKeyInfoCodec ignorePipeline = true
2022-12-23 07:22:50,968 [Listener at 0.0.0.0/43691] INFO  om.OzoneManager (OzoneManager.java:instantiateServices(717)) - S3 Multi-Tenancy is disabled
2022-12-23 07:22:50,969 [Listener at 0.0.0.0/43691] INFO  om.OzoneManager (OzoneManager.java:addS3GVolumeToDB(4402)) - Created Volume s3v With Owner runner required for S3Gateway operations.
2022-12-23 07:22:50,969 [Listener at 0.0.0.0/43691] WARN  server.ServerUtils (ServerUtils.java:getDefaultRatisDirectory(237)) - Storage directory for Ratis is not configured. It is a good idea to map this to an SSD disk. Falling back to ozone.metadata.dirs
2022-12-23 07:22:50,970 [Listener at 0.0.0.0/43691] WARN  utils.OzoneManagerRatisUtils (OzoneManagerRatisUtils.java:getOMRatisSnapshotDirectory(434)) - ozone.om.ratis.snapshot.dir is not configured. Falling back to ozone.metadata.dirs config
2022-12-23 07:22:50,970 [Listener at 0.0.0.0/43691] WARN  server.ServerUtils (ServerUtils.java:getDefaultRatisDirectory(237)) - Storage directory for Ratis is not configured. It is a good idea to map this to an SSD disk. Falling back to ozone.metadata.dirs
2022-12-23 07:22:50,971 [Listener at 0.0.0.0/43691] INFO  ratis.OzoneManagerRatisServer (OzoneManagerRatisServer.java:<init>(160)) - Instantiating OM Ratis server with groupID: omServiceIdDefault and peers: localhost:9872
2022-12-23 07:22:50,972 [Listener at 0.0.0.0/43691] INFO  ratis.OzoneManagerStateMachine (OzoneManagerStateMachine.java:loadSnapshotInfoFromDB(636)) - LastAppliedIndex is set from TransactionInfo from OM DB as (t:0, i:~)
2022-12-23 07:22:50,973 [Listener at 0.0.0.0/43691] INFO  server.RaftServer (ConfUtils.java:logGet(46)) - raft.rpc.type = GRPC (default)
2022-12-23 07:22:50,973 [Listener at 0.0.0.0/43691] INFO  grpc.GrpcConfigKeys (ConfUtils.java:logFallback(53)) - raft.grpc.admin.host = null (fallback to raft.grpc.server.host)
2022-12-23 07:22:50,974 [Listener at 0.0.0.0/43691] INFO  grpc.GrpcConfigKeys (ConfUtils.java:logFallback(53)) - raft.grpc.admin.port = 9872 (fallback to raft.grpc.server.port)
2022-12-23 07:22:50,974 [Listener at 0.0.0.0/43691] INFO  grpc.GrpcConfigKeys (ConfUtils.java:logFallback(53)) - raft.grpc.client.host = null (fallback to raft.grpc.server.host)
2022-12-23 07:22:50,974 [Listener at 0.0.0.0/43691] INFO  grpc.GrpcConfigKeys (ConfUtils.java:logFallback(53)) - raft.grpc.client.port = 9872 (fallback to raft.grpc.server.port)
2022-12-23 07:22:50,974 [Listener at 0.0.0.0/43691] INFO  grpc.GrpcConfigKeys (ConfUtils.java:logGet(46)) - raft.grpc.server.host = null (default)
2022-12-23 07:22:50,974 [Listener at 0.0.0.0/43691] INFO  grpc.GrpcConfigKeys (ConfUtils.java:logGet(46)) - raft.grpc.server.port = 9872 (custom)
2022-12-23 07:22:50,974 [Listener at 0.0.0.0/43691] INFO  server.GrpcService (ConfUtils.java:logGet(46)) - raft.grpc.message.size.max = 33554432 (custom)
2022-12-23 07:22:50,974 [Listener at 0.0.0.0/43691] INFO  server.RaftServerConfigKeys (ConfUtils.java:logGet(46)) - raft.server.log.appender.buffer.byte-limit = 33554432 (custom)
2022-12-23 07:22:50,975 [Listener at 0.0.0.0/43691] INFO  server.GrpcService (ConfUtils.java:logGet(46)) - raft.grpc.flow.control.window = 1MB (=1048576) (default)
2022-12-23 07:22:50,975 [Listener at 0.0.0.0/43691] INFO  server.RaftServerConfigKeys (ConfUtils.java:logGet(46)) - raft.server.rpc.request.timeout = 3000ms (default)
2022-12-23 07:22:50,975 [Listener at 0.0.0.0/43691] INFO  grpc.GrpcConfigKeys (ConfUtils.java:logGet(46)) - raft.grpc.server.heartbeat.channel = true (default)
2022-12-23 07:22:50,975 [Listener at 0.0.0.0/43691] INFO  grpc.GrpcConfigKeys (ConfUtils.java:logGet(46)) - raft.grpc.server.async.request.thread.pool.cached = true (default)
2022-12-23 07:22:50,975 [Listener at 0.0.0.0/43691] INFO  grpc.GrpcConfigKeys (ConfUtils.java:logGet(46)) - raft.grpc.server.async.request.thread.pool.size = 32 (default)
2022-12-23 07:22:50,977 [Listener at 0.0.0.0/43691] INFO  impl.DataStreamServerImpl (ConfUtils.java:logGet(46)) - raft.datastream.type = NETTY (custom)
2022-12-23 07:22:50,977 [Listener at 0.0.0.0/43691] INFO  server.RaftServerConfigKeys (ConfUtils.java:logGet(46)) - raft.server.data-stream.async.request.thread.pool.cached = false (default)
2022-12-23 07:22:50,977 [Listener at 0.0.0.0/43691] INFO  server.RaftServerConfigKeys (ConfUtils.java:logGet(46)) - raft.server.data-stream.async.request.thread.pool.size = 32 (default)
2022-12-23 07:22:50,978 [Listener at 0.0.0.0/43691] INFO  server.RaftServerConfigKeys (ConfUtils.java:logGet(46)) - raft.server.data-stream.async.write.thread.pool.size = 16 (default)
2022-12-23 07:22:50,978 [Listener at 0.0.0.0/43691] INFO  server.RaftServerConfigKeys (ConfUtils.java:logGet(46)) - raft.server.data-stream.client.pool.size = 10 (default)
2022-12-23 07:22:50,978 [Listener at 0.0.0.0/43691] INFO  netty.NettyConfigKeys$DataStream (ConfUtils.java:logGet(46)) - raft.netty.dataStream.server.use-epoll = false (default)
2022-12-23 07:22:50,978 [Listener at 0.0.0.0/43691] INFO  netty.NettyConfigKeys$DataStream (ConfUtils.java:logGet(46)) - raft.netty.dataStream.server.boss-group.size = 0 (default)
2022-12-23 07:22:50,978 [Listener at 0.0.0.0/43691] INFO  netty.NettyConfigKeys$DataStream (ConfUtils.java:logGet(46)) - raft.netty.dataStream.server.worker-group.size = 0 (default)
2022-12-23 07:22:50,979 [Listener at 0.0.0.0/43691] INFO  netty.NettyConfigKeys$DataStream (ConfUtils.java:logGet(46)) - raft.netty.dataStream.server.tls.conf = null (default)
2022-12-23 07:22:50,979 [Listener at 0.0.0.0/43691] INFO  netty.NettyConfigKeys$DataStream (ConfUtils.java:logGet(46)) - raft.netty.dataStream.host = null (default)
2022-12-23 07:22:50,979 [Listener at 0.0.0.0/43691] INFO  netty.NettyConfigKeys$DataStream (ConfUtils.java:logGet(46)) - raft.netty.dataStream.port = 0 (default)
2022-12-23 07:22:50,979 [Listener at 0.0.0.0/43691] INFO  server.RaftServerConfigKeys (ConfUtils.java:logGet(46)) - raft.server.threadpool.proxy.cached = true (default)
2022-12-23 07:22:50,980 [Listener at 0.0.0.0/43691] INFO  server.RaftServerConfigKeys (ConfUtils.java:logGet(46)) - raft.server.threadpool.proxy.size = 0 (default)
2022-12-23 07:22:50,980 [Listener at 0.0.0.0/43691] INFO  server.RaftServerConfigKeys (ConfUtils.java:logGet(46)) - raft.server.rpc.slowness.timeout = 120s (custom)
2022-12-23 07:22:50,980 [Listener at 0.0.0.0/43691] INFO  server.RaftServerConfigKeys (ConfUtils.java:logGet(46)) - raft.server.leaderelection.leader.step-down.wait-time = 10s (default)
2022-12-23 07:22:50,980 [om1-NettyServerStreamRpc-bossGroup--thread1] INFO  logging.LoggingHandler (AbstractInternalLogger.java:log(148)) - [id: 0x86cf0851] REGISTERED
2022-12-23 07:22:50,980 [Listener at 0.0.0.0/43691] INFO  server.RaftServerConfigKeys (ConfUtils.java:logGet(46)) - raft.server.storage.dir = [/home/runner/work/ozone/ozone/hadoop-ozone/integration-test/target/test-dir/MiniOzoneClusterImpl-8c293bcf-6970-46e1-80ac-8e038071f7a0/ozone-meta/ratis] (custom)
2022-12-23 07:22:50,980 [om1-NettyServerStreamRpc-bossGroup--thread1] INFO  logging.LoggingHandler (AbstractInternalLogger.java:log(148)) - [id: 0x86cf0851] BIND: 0.0.0.0/0.0.0.0:0
2022-12-23 07:22:50,981 [om1-NettyServerStreamRpc-bossGroup--thread1] INFO  logging.LoggingHandler (AbstractInternalLogger.java:log(148)) - [id: 0x86cf0851, L:/0:0:0:0:0:0:0:0:45611] ACTIVE
2022-12-23 07:22:50,981 [Listener at 0.0.0.0/43691] INFO  server.RaftServer (RaftServerProxy.java:addNew(96)) - om1: addNew group-C5BA1605619E:[om1|rpc:localhost:9872|priority:0|startupRole:FOLLOWER] returns group-C5BA1605619E:java.util.concurrent.CompletableFuture@338f500e[Not completed]
2022-12-23 07:22:50,981 [Listener at 0.0.0.0/43691] INFO  om.OzoneManager (OzoneManager.java:initializeRatisServer(1979)) - OzoneManager Ratis server initialized at port 9872
2022-12-23 07:22:50,981 [pool-491-thread-1] INFO  server.RaftServer$Division (RaftServerImpl.java:<init>(195)) - om1: new RaftServerImpl for group-C5BA1605619E:[om1|rpc:localhost:9872|priority:0|startupRole:FOLLOWER] with OzoneManagerStateMachine:uninitialized
2022-12-23 07:22:50,981 [pool-491-thread-1] INFO  server.RaftServerConfigKeys (ConfUtils.java:logGet(46)) - raft.server.rpc.timeout.min = 1s (custom)
2022-12-23 07:22:50,981 [pool-491-thread-1] INFO  server.RaftServerConfigKeys (ConfUtils.java:logGet(46)) - raft.server.rpc.timeout.max = 1200ms (custom)
2022-12-23 07:22:50,981 [pool-491-thread-1] INFO  server.RaftServerConfigKeys (ConfUtils.java:logGet(46)) - raft.server.rpc.sleep.time = 25ms (default)
2022-12-23 07:22:50,982 [Listener at 0.0.0.0/43691] INFO  om.OzoneManager (OzoneManager.java:getRpcServer(1106)) - Creating RPC Server
2022-12-23 07:22:50,996 [pool-491-thread-1] INFO  server.RaftServerConfigKeys (ConfUtils.java:logGet(46)) - raft.server.rpc.slowness.timeout = 120s (custom)
2022-12-23 07:22:50,997 [pool-491-thread-1] INFO  server.RaftServerConfigKeys (ConfUtils.java:logGet(46)) - raft.server.leaderelection.leader.step-down.wait-time = 10s (default)
2022-12-23 07:22:50,997 [pool-491-thread-1] INFO  server.RaftServerConfigKeys (ConfUtils.java:logGet(46)) - raft.server.sleep.deviation.threshold = 300ms (default)
2022-12-23 07:22:50,997 [pool-491-thread-1] INFO  server.RaftServer$Division (ServerState.java:<init>(118)) - om1@group-C5BA1605619E: ConfigurationManager, init=-1: peers:[om1|rpc:localhost:9872|priority:0|startupRole:FOLLOWER]|listeners:[], old=null, confs=<EMPTY_MAP>
2022-12-23 07:22:50,997 [pool-491-thread-1] INFO  server.RaftServerConfigKeys (ConfUtils.java:logGet(46)) - raft.server.storage.dir = [/home/runner/work/ozone/ozone/hadoop-ozone/integration-test/target/test-dir/MiniOzoneClusterImpl-8c293bcf-6970-46e1-80ac-8e038071f7a0/ozone-meta/ratis] (custom)
2022-12-23 07:22:50,997 [pool-491-thread-1] INFO  server.RaftServerConfigKeys (ConfUtils.java:logGet(46)) - raft.server.log.corruption.policy = EXCEPTION (default)
2022-12-23 07:22:50,997 [pool-491-thread-1] INFO  server.RaftServerConfigKeys (ConfUtils.java:logGet(46)) - raft.server.storage.free-space.min = 0MB (=0) (default)
2022-12-23 07:22:50,997 [pool-491-thread-1] INFO  server.RaftServerConfigKeys (ConfUtils.java:logGet(46)) - raft.server.notification.no-leader.timeout = 120s (custom)
2022-12-23 07:22:50,997 [pool-491-thread-1] INFO  server.RaftServerConfigKeys (ConfUtils.java:logGet(46)) - raft.server.retrycache.expirytime = 300s (custom)
2022-12-23 07:22:50,998 [pool-491-thread-1] INFO  server.RaftServerConfigKeys (ConfUtils.java:logGet(46)) - raft.server.retrycache.statistics.expirytime = 100μs (default)
2022-12-23 07:22:51,000 [pool-491-thread-1] INFO  server.RaftServerConfigKeys (ConfUtils.java:logGet(46)) - raft.server.log.appender.install.snapshot.enabled = false (custom)
2022-12-23 07:22:51,000 [pool-491-thread-1] INFO  server.RaftServerConfigKeys (ConfUtils.java:logGet(46)) - raft.server.threadpool.server.cached = true (default)
2022-12-23 07:22:51,001 [pool-491-thread-1] INFO  server.RaftServerConfigKeys (ConfUtils.java:logGet(46)) - raft.server.threadpool.server.size = 0 (default)
2022-12-23 07:22:51,001 [pool-491-thread-1] INFO  server.RaftServerConfigKeys (ConfUtils.java:logGet(46)) - raft.server.threadpool.client.cached = true (default)
2022-12-23 07:22:51,001 [pool-491-thread-1] INFO  server.RaftServerConfigKeys (ConfUtils.java:logGet(46)) - raft.server.threadpool.client.size = 0 (default)
2022-12-23 07:22:51,458 [Listener at 0.0.0.0/43691] INFO  reflections.Reflections (Reflections.java:scan(232)) - Reflections took 475 ms to scan 19 urls, producing 67 keys and 4514 values [using 2 cores]
2022-12-23 07:22:51,461 [Listener at 0.0.0.0/43691] INFO  ipc.CallQueueManager (CallQueueManager.java:<init>(90)) - Using callQueue: class java.util.concurrent.LinkedBlockingQueue, queueCapacity: 2000, scheduler: class org.apache.hadoop.ipc.DefaultRpcScheduler, ipcBackoff: false.
2022-12-23 07:22:51,462 [Socket Reader #1 for port 0] INFO  ipc.Server (Server.java:run(1273)) - Starting Socket Reader #1 for port 0
2022-12-23 07:22:51,485 [Listener at 127.0.0.1/42981] INFO  impl.MetricsSystemImpl (MetricsSystemImpl.java:init(158)) - OzoneManager metrics system started (again)
2022-12-23 07:22:51,542 [Listener at 127.0.0.1/42981] INFO  om.OzoneManager (OzoneManager.java:start(1486)) - OzoneManager RPC server is listening at localhost/127.0.0.1:42981
2022-12-23 07:22:51,542 [Listener at 127.0.0.1/42981] INFO  ratis.OzoneManagerRatisServer (OzoneManagerRatisServer.java:start(555)) - Starting OzoneManagerRatisServer om1 at port 9872
2022-12-23 07:22:51,542 [om1-impl-thread1] INFO  storage.RaftStorageDirectory (RaftStorageDirectoryImpl.java:analyzeStorage(137)) - The storage directory /home/runner/work/ozone/ozone/hadoop-ozone/integration-test/target/test-dir/MiniOzoneClusterImpl-8c293bcf-6970-46e1-80ac-8e038071f7a0/ozone-meta/ratis/bf265839-605b-3f16-9796-c5ba1605619e does not exist. Creating ...
2022-12-23 07:22:51,544 [om1-impl-thread1] INFO  storage.RaftStorageDirectory (RaftStorageDirectoryImpl.java:tryLock(231)) - Lock on /home/runner/work/ozone/ozone/hadoop-ozone/integration-test/target/test-dir/MiniOzoneClusterImpl-8c293bcf-6970-46e1-80ac-8e038071f7a0/ozone-meta/ratis/bf265839-605b-3f16-9796-c5ba1605619e/in_use.lock acquired by nodename 81300@fv-az505-480
2022-12-23 07:22:51,545 [om1-impl-thread1] INFO  storage.RaftStorage (RaftStorageImpl.java:format(96)) - Storage directory /home/runner/work/ozone/ozone/hadoop-ozone/integration-test/target/test-dir/MiniOzoneClusterImpl-8c293bcf-6970-46e1-80ac-8e038071f7a0/ozone-meta/ratis/bf265839-605b-3f16-9796-c5ba1605619e has been successfully formatted.
2022-12-23 07:22:51,546 [om1-impl-thread1] INFO  server.RaftServerConfigKeys (ConfUtils.java:logGet(46)) - raft.server.log.use.memory = false (default)
2022-12-23 07:22:51,546 [om1-impl-thread1] INFO  server.RaftServerConfigKeys (ConfUtils.java:logGet(46)) - raft.server.log.purge.gap = 1000000 (custom)
2022-12-23 07:22:51,546 [om1-impl-thread1] INFO  server.RaftServerConfigKeys (ConfUtils.java:logGet(46)) - raft.server.log.appender.buffer.byte-limit = 33554432 (custom)
2022-12-23 07:22:51,546 [om1-impl-thread1] INFO  server.RaftServerConfigKeys (ConfUtils.java:logGet(46)) - raft.server.log.statemachine.data.read.timeout = 1000ms (default)
2022-12-23 07:22:51,546 [om1-impl-thread1] INFO  server.RaftServerConfigKeys (ConfUtils.java:logGet(46)) - raft.server.log.purge.preservation.log.num = 0 (default)
2022-12-23 07:22:51,546 [om1-impl-thread1] INFO  server.RaftServerConfigKeys (ConfUtils.java:logGet(46)) - raft.server.log.segment.size.max = 4194304 (custom)
2022-12-23 07:22:51,546 [om1-impl-thread1] INFO  server.RaftServerConfigKeys (ConfUtils.java:logGet(46)) - raft.server.log.segment.cache.num.max = 2 (custom)
2022-12-23 07:22:51,547 [om1-impl-thread1] INFO  server.RaftServerConfigKeys (ConfUtils.java:logGet(46)) - raft.server.log.segment.cache.size.max = 200MB (=209715200) (default)
2022-12-23 07:22:51,547 [om1-impl-thread1] INFO  segmented.SegmentedRaftLogWorker (SegmentedRaftLogWorker.java:<init>(189)) - new om1@group-C5BA1605619E-SegmentedRaftLogWorker for RaftStorageImpl:Storage Directory /home/runner/work/ozone/ozone/hadoop-ozone/integration-test/target/test-dir/MiniOzoneClusterImpl-8c293bcf-6970-46e1-80ac-8e038071f7a0/ozone-meta/ratis/bf265839-605b-3f16-9796-c5ba1605619e
2022-12-23 07:22:51,547 [om1-impl-thread1] INFO  server.RaftServerConfigKeys (ConfUtils.java:logGet(46)) - raft.server.log.queue.byte-limit = 64MB (=67108864) (default)
2022-12-23 07:22:51,547 [om1-impl-thread1] INFO  server.RaftServerConfigKeys (ConfUtils.java:logGet(46)) - raft.server.log.queue.element-limit = 4096 (default)
2022-12-23 07:22:51,547 [om1-impl-thread1] INFO  server.RaftServerConfigKeys (ConfUtils.java:logGet(46)) - raft.server.log.segment.size.max = 4194304 (custom)
2022-12-23 07:22:51,547 [om1-impl-thread1] INFO  server.RaftServerConfigKeys (ConfUtils.java:logGet(46)) - raft.server.log.preallocated.size = 4194304 (custom)
2022-12-23 07:22:51,547 [om1-impl-thread1] INFO  server.RaftServerConfigKeys (ConfUtils.java:logGet(46)) - raft.server.log.force.sync.num = 128 (default)
2022-12-23 07:22:51,547 [om1-impl-thread1] INFO  server.RaftServerConfigKeys (ConfUtils.java:logGet(46)) - raft.server.log.statemachine.data.sync = true (default)
2022-12-23 07:22:51,547 [om1-impl-thread1] INFO  server.RaftServerConfigKeys (ConfUtils.java:logGet(46)) - raft.server.log.statemachine.data.sync.timeout = 10s (default)
2022-12-23 07:22:51,547 [om1-impl-thread1] INFO  server.RaftServerConfigKeys (ConfUtils.java:logGet(46)) - raft.server.log.statemachine.data.sync.timeout.retry = -1 (default)
2022-12-23 07:22:51,547 [om1-impl-thread1] INFO  server.RaftServerConfigKeys (ConfUtils.java:logGet(46)) - raft.server.log.write.buffer.size = 64KB (=65536) (default)
2022-12-23 07:22:51,547 [om1-impl-thread1] INFO  server.RaftServerConfigKeys (ConfUtils.java:logGet(46)) - raft.server.log.appender.buffer.byte-limit = 33554432 (custom)
2022-12-23 07:22:51,553 [om1-impl-thread1] INFO  server.RaftServerConfigKeys (ConfUtils.java:logGet(46)) - raft.server.log.unsafe-flush.enabled = false (default)
2022-12-23 07:22:51,553 [om1-impl-thread1] INFO  server.RaftServerConfigKeys (ConfUtils.java:logGet(46)) - raft.server.log.async-flush.enabled = false (default)
2022-12-23 07:22:51,553 [om1-impl-thread1] INFO  server.RaftServerConfigKeys (ConfUtils.java:logGet(46)) - raft.server.log.statemachine.data.caching.enabled = false (default)
2022-12-23 07:22:51,553 [om1-impl-thread1] INFO  segmented.SegmentedRaftLogWorker (SegmentedRaftLogWorker.java:lambda$new$0(135)) - om1@group-C5BA1605619E-SegmentedRaftLogWorker: flushIndex: setUnconditionally 0 -> -1
2022-12-23 07:22:51,553 [om1-impl-thread1] INFO  segmented.SegmentedRaftLogWorker (SegmentedRaftLogWorker.java:lambda$new$0(135)) - om1@group-C5BA1605619E-SegmentedRaftLogWorker: safeCacheEvictIndex: setUnconditionally 0 -> -1
2022-12-23 07:22:51,553 [om1-impl-thread1] INFO  server.RaftServer$Division (RaftServerImpl.java:start(334)) - om1@group-C5BA1605619E: start as a follower, conf=-1: peers:[om1|rpc:localhost:9872|priority:0|startupRole:FOLLOWER]|listeners:[], old=null
2022-12-23 07:22:51,553 [om1-impl-thread1] INFO  server.RaftServer$Division (RaftServerImpl.java:setRole(321)) - om1@group-C5BA1605619E: changes role from      null to FOLLOWER at term 0 for startAsFollower
2022-12-23 07:22:51,554 [om1-impl-thread1] INFO  impl.RoleInfo (RoleInfo.java:updateAndGet(139)) - om1: start om1@group-C5BA1605619E-FollowerState
2022-12-23 07:22:51,554 [om1@group-C5BA1605619E-FollowerState] INFO  server.RaftServerConfigKeys (ConfUtils.java:logFallback(53)) - raft.server.rpc.first-election.timeout.min = 1s (fallback to raft.server.rpc.timeout.min)
2022-12-23 07:22:51,554 [om1-impl-thread1] INFO  util.JmxRegister (JmxRegister.java:tryRegister(44)) - Successfully registered JMX Bean with object name Ratis:service=RaftServer,group=group-C5BA1605619E,id=om1
2022-12-23 07:22:51,554 [om1@group-C5BA1605619E-FollowerState] INFO  server.RaftServerConfigKeys (ConfUtils.java:logFallback(53)) - raft.server.rpc.first-election.timeout.max = 1200ms (fallback to raft.server.rpc.timeout.max)
2022-12-23 07:22:51,554 [om1-impl-thread1] INFO  server.RaftServerConfigKeys (ConfUtils.java:logGet(46)) - raft.server.snapshot.auto.trigger.enabled = true (custom)
2022-12-23 07:22:51,554 [om1-impl-thread1] INFO  server.RaftServerConfigKeys (ConfUtils.java:logGet(46)) - raft.server.snapshot.auto.trigger.threshold = 400000 (default)
2022-12-23 07:22:51,554 [om1-impl-thread1] INFO  server.RaftServerConfigKeys (ConfUtils.java:logGet(46)) - raft.server.snapshot.retention.file.num = -1 (default)
2022-12-23 07:22:51,554 [om1-impl-thread1] INFO  server.RaftServerConfigKeys (ConfUtils.java:logGet(46)) - raft.server.log.purge.upto.snapshot.index = true (custom)
2022-12-23 07:22:51,555 [Listener at 127.0.0.1/42981] INFO  server.RaftServer (RaftServerProxy.java:startImpl(393)) - om1: start RPC server
2022-12-23 07:22:51,556 [Listener at 127.0.0.1/42981] INFO  server.GrpcService (GrpcService.java:startImpl(262)) - om1: GrpcService started, listening on 9872
2022-12-23 07:22:51,557 [Listener at 127.0.0.1/42981] INFO  om.OzoneManager (OzoneManager.java:start(1502)) - Version File has different layout version (3) than OM DB (null). That is expected if this OM has never been finalized to a newer layout version.
2022-12-23 07:22:51,557 [JvmPauseMonitor12] INFO  util.JvmPauseMonitor (JvmPauseMonitor.java:run(105)) - JvmPauseMonitor-om1: Started
2022-12-23 07:22:51,559 [Listener at 127.0.0.1/42981] INFO  http.BaseHttpServer (BaseHttpServer.java:newHttpServer2BuilderForOzone(213)) - Starting Web-server for ozoneManager at: http://0.0.0.0:0
2022-12-23 07:22:51,560 [Listener at 127.0.0.1/42981] INFO  http.BaseHttpServer (BaseHttpServer.java:<init>(108)) - Hadoop Security Enabled: false Ozone Security Enabled: false Ozone HTTP Security Enabled: false 
2022-12-23 07:22:51,561 [Listener at 127.0.0.1/42981] WARN  server.AuthenticationFilter (AuthenticationFilter.java:constructSecretProvider(240)) - Unable to initialize FileSignerSecretProvider, falling back to use random secrets. Reason: Could not read signature secret file: /home/runner/hadoop-http-auth-signature-secret
2022-12-23 07:22:51,561 [Listener at 127.0.0.1/42981] WARN  http.HttpRequestLog (HttpRequestLog.java:getRequestLog(103)) - Jetty request log can only be enabled using Log4j
2022-12-23 07:22:51,563 [Listener at 127.0.0.1/42981] INFO  http.HttpServer2 (HttpServer2.java:addGlobalFilter(1031)) - Added global filter 'safety' (class=org.apache.hadoop.hdds.server.http.HttpServer2$QuotingInputFilter)
2022-12-23 07:22:51,563 [Listener at 127.0.0.1/42981] INFO  http.HttpServer2 (HttpServer2.java:addFilter(1007)) - Added filter static_user_filter (class=org.apache.hadoop.http.lib.StaticUserWebFilter$StaticUserFilter) to context ozoneManager
2022-12-23 07:22:51,564 [Listener at 127.0.0.1/42981] INFO  http.HttpServer2 (HttpServer2.java:addFilter(1015)) - Added filter static_user_filter (class=org.apache.hadoop.http.lib.StaticUserWebFilter$StaticUserFilter) to context logs
2022-12-23 07:22:51,564 [Listener at 127.0.0.1/42981] INFO  http.HttpServer2 (HttpServer2.java:addFilter(1015)) - Added filter static_user_filter (class=org.apache.hadoop.http.lib.StaticUserWebFilter$StaticUserFilter) to context static
2022-12-23 07:22:51,564 [Listener at 127.0.0.1/42981] INFO  http.HttpServer2 (HttpServer2.java:bindListener(1250)) - Jetty bound to port 42471
2022-12-23 07:22:51,565 [Listener at 127.0.0.1/42981] INFO  server.Server (Server.java:doStart(375)) - jetty-9.4.49.v20220914; built: 2022-09-14T01:07:36.601Z; git: 4231a3b2e4cb8548a412a789936d640a97b1aa0a; jvm 1.8.0_352-b08
2022-12-23 07:22:51,566 [Listener at 127.0.0.1/42981] INFO  server.session (DefaultSessionIdManager.java:doStart(334)) - DefaultSessionIdManager workerName=node0
2022-12-23 07:22:51,567 [Listener at 127.0.0.1/42981] INFO  server.session (DefaultSessionIdManager.java:doStart(339)) - No SessionScavenger set, using defaults
2022-12-23 07:22:51,567 [Listener at 127.0.0.1/42981] INFO  server.session (HouseKeeper.java:startScavenging(132)) - node0 Scavenging every 600000ms
2022-12-23 07:22:51,568 [Listener at 127.0.0.1/42981] INFO  handler.ContextHandler (ContextHandler.java:doStart(921)) - Started o.e.j.s.ServletContextHandler@6d5be7c3{logs,/logs,file:///home/runner/work/ozone/ozone/hadoop-ozone/integration-test/target/log,AVAILABLE}
2022-12-23 07:22:51,568 [Listener at 127.0.0.1/42981] INFO  handler.ContextHandler (ContextHandler.java:doStart(921)) - Started o.e.j.s.ServletContextHandler@661f4394{static,/static,file:///home/runner/work/ozone/ozone/hadoop-ozone/integration-test/target/test-classes/webapps/static,AVAILABLE}
2022-12-23 07:22:51,571 [Listener at 127.0.0.1/42981] INFO  handler.ContextHandler (ContextHandler.java:doStart(921)) - Started o.e.j.w.WebAppContext@696a33ee{ozoneManager,/,file:///home/runner/work/ozone/ozone/hadoop-ozone/integration-test/target/test-classes/webapps/ozoneManager/,AVAILABLE}{file:/home/runner/work/ozone/ozone/hadoop-ozone/integration-test/target/test-classes/webapps/ozoneManager}
2022-12-23 07:22:51,572 [Listener at 127.0.0.1/42981] INFO  server.AbstractConnector (AbstractConnector.java:doStart(333)) - Started ServerConnector@79f2b72{HTTP/1.1, (http/1.1)}{0.0.0.0:42471}
2022-12-23 07:22:51,573 [Listener at 127.0.0.1/42981] INFO  server.Server (Server.java:doStart(415)) - Started @72532ms
2022-12-23 07:22:51,573 [Listener at 127.0.0.1/42981] WARN  impl.MetricsSystemImpl (MetricsSystemImpl.java:register(279)) - Sink prometheus already exists!
2022-12-23 07:22:51,573 [Listener at 127.0.0.1/42981] INFO  http.BaseHttpServer (BaseHttpServer.java:updateConnectorAddress(333)) - HTTP server of ozoneManager listening at http://0.0.0.0:42471
2022-12-23 07:22:51,574 [IPC Server Responder] INFO  ipc.Server (Server.java:run(1512)) - IPC Server Responder: starting
2022-12-23 07:22:51,579 [IPC Server listener on 0] INFO  ipc.Server (Server.java:run(1352)) - IPC Server listener on 0: starting
2022-12-23 07:22:51,581 [Listener at 127.0.0.1/42981] INFO  om.OzoneManager (OzoneManager.java:startTrashEmptier(1923)) - Trash Interval set to 0. Files deleted won't move to trash
2022-12-23 07:22:51,589 [Listener at 127.0.0.1/42981] WARN  impl.MetricRegistriesImpl (MetricRegistriesImpl.java:addReporterRegistration(111)) - New reporters are added after registries were created. Some metrics will be missing from the reporter. Please add reporter before adding any new registry.
2022-12-23 07:22:51,589 [Listener at 127.0.0.1/42981] WARN  impl.MetricRegistriesImpl (MetricRegistriesImpl.java:addReporterRegistration(111)) - New reporters are added after registries were created. Some metrics will be missing from the reporter. Please add reporter before adding any new registry.
2022-12-23 07:22:51,589 [Listener at 127.0.0.1/42981] INFO  impl.MetricsSystemImpl (MetricsSystemImpl.java:init(158)) - HddsDatanode metrics system started (again)
2022-12-23 07:22:51,596 [org.apache.hadoop.util.JvmPauseMonitor$Monitor@293cd1e8] INFO  util.JvmPauseMonitor (JvmPauseMonitor.java:run(188)) - Starting JVM pause monitor
2022-12-23 07:22:51,601 [Listener at 127.0.0.1/42981] INFO  ozone.HddsDatanodeService (HddsDatanodeService.java:start(237)) - HddsDatanodeService host:fv-az505-480.g2e1luzo1moefklhgra4trf2va.dx.internal.cloudapp.net ip:10.1.0.40
2022-12-23 07:22:51,626 [Listener at 127.0.0.1/42981] INFO  upgrade.AbstractLayoutVersionManager (AbstractLayoutVersionManager.java:init(83)) - Initializing Layout version manager with metadata layout = DATANODE_SCHEMA_V3 (version = 4), software layout = DATANODE_SCHEMA_V3 (version = 4)
2022-12-23 07:22:51,676 [Listener at 127.0.0.1/42981] INFO  reflections.Reflections (Reflections.java:scan(232)) - Reflections took 48 ms to scan 7 urls, producing 146 keys and 348 values 
2022-12-23 07:22:51,677 [Listener at 127.0.0.1/42981] INFO  statemachine.DatanodeStateMachine (DatanodeStateMachine.java:getEndPointTaskThreadPoolSize(248)) - Datanode State Machine Task Thread Pool size 2
2022-12-23 07:22:51,679 [Listener at 127.0.0.1/42981] INFO  volume.HddsVolume (HddsVolume.java:<init>(117)) - Creating HddsVolume: /home/runner/work/ozone/ozone/hadoop-ozone/integration-test/target/test-dir/MiniOzoneClusterImpl-8c293bcf-6970-46e1-80ac-8e038071f7a0/datanode-0/data-0/containers/hdds of storage type : DISK capacity : 9223372036854775807
2022-12-23 07:22:51,679 [Listener at 127.0.0.1/42981] INFO  volume.MutableVolumeSet (MutableVolumeSet.java:initializeVolumeSet(174)) - Added Volume : /home/runner/work/ozone/ozone/hadoop-ozone/integration-test/target/test-dir/MiniOzoneClusterImpl-8c293bcf-6970-46e1-80ac-8e038071f7a0/datanode-0/data-0/containers/hdds to VolumeSet
2022-12-23 07:22:51,679 [Listener at 127.0.0.1/42981] INFO  volume.ThrottledAsyncChecker (ThrottledAsyncChecker.java:schedule(141)) - Scheduling a check for /home/runner/work/ozone/ozone/hadoop-ozone/integration-test/target/test-dir/MiniOzoneClusterImpl-8c293bcf-6970-46e1-80ac-8e038071f7a0/datanode-0/data-0/containers/hdds
2022-12-23 07:22:51,688 [Listener at 127.0.0.1/42981] INFO  volume.StorageVolumeChecker (StorageVolumeChecker.java:checkAllVolumes(202)) - Scheduled health check for volume /home/runner/work/ozone/ozone/hadoop-ozone/integration-test/target/test-dir/MiniOzoneClusterImpl-8c293bcf-6970-46e1-80ac-8e038071f7a0/datanode-0/data-0/containers/hdds
2022-12-23 07:22:51,701 [Listener at 127.0.0.1/42981] INFO  volume.MutableVolumeSet (MutableVolumeSet.java:initializeVolumeSet(174)) - Added Volume : /home/runner/work/ozone/ozone/hadoop-ozone/integration-test/target/test-dir/MiniOzoneClusterImpl-8c293bcf-6970-46e1-80ac-8e038071f7a0/datanode-0/data/ratis to VolumeSet
2022-12-23 07:22:51,701 [Listener at 127.0.0.1/42981] INFO  volume.ThrottledAsyncChecker (ThrottledAsyncChecker.java:schedule(141)) - Scheduling a check for /home/runner/work/ozone/ozone/hadoop-ozone/integration-test/target/test-dir/MiniOzoneClusterImpl-8c293bcf-6970-46e1-80ac-8e038071f7a0/datanode-0/data/ratis
2022-12-23 07:22:51,702 [Listener at 127.0.0.1/42981] INFO  volume.StorageVolumeChecker (StorageVolumeChecker.java:checkAllVolumes(202)) - Scheduled health check for volume /home/runner/work/ozone/ozone/hadoop-ozone/integration-test/target/test-dir/MiniOzoneClusterImpl-8c293bcf-6970-46e1-80ac-8e038071f7a0/datanode-0/data/ratis
2022-12-23 07:22:51,713 [Thread-1002] INFO  ozoneimpl.ContainerReader (ContainerReader.java:readVolume(175)) - Finish verifying containers on volume /home/runner/work/ozone/ozone/hadoop-ozone/integration-test/target/test-dir/MiniOzoneClusterImpl-8c293bcf-6970-46e1-80ac-8e038071f7a0/datanode-0/data-0/containers/hdds
2022-12-23 07:22:51,713 [Listener at 127.0.0.1/42981] INFO  ozoneimpl.OzoneContainer (OzoneContainer.java:buildContainerSet(301)) - Build ContainerSet costs 0s
2022-12-23 07:22:51,715 [Listener at 127.0.0.1/42981] INFO  server.RaftServer (ConfUtils.java:logGet(46)) - raft.rpc.type = GRPC (default)
2022-12-23 07:22:51,715 [Listener at 127.0.0.1/42981] INFO  grpc.GrpcConfigKeys (ConfUtils.java:logFallback(53)) - raft.grpc.admin.host = null (fallback to raft.grpc.server.host)
2022-12-23 07:22:51,715 [Listener at 127.0.0.1/42981] INFO  grpc.GrpcConfigKeys (ConfUtils.java:logGet(46)) - raft.grpc.admin.port = 0 (custom)
2022-12-23 07:22:51,715 [Listener at 127.0.0.1/42981] INFO  grpc.GrpcConfigKeys (ConfUtils.java:logFallback(53)) - raft.grpc.client.host = null (fallback to raft.grpc.server.host)
2022-12-23 07:22:51,716 [Listener at 127.0.0.1/42981] INFO  grpc.GrpcConfigKeys (ConfUtils.java:logGet(46)) - raft.grpc.client.port = 0 (custom)
2022-12-23 07:22:51,716 [Listener at 127.0.0.1/42981] INFO  grpc.GrpcConfigKeys (ConfUtils.java:logGet(46)) - raft.grpc.server.host = null (default)
2022-12-23 07:22:51,716 [Listener at 127.0.0.1/42981] INFO  grpc.GrpcConfigKeys (ConfUtils.java:logGet(46)) - raft.grpc.server.port = 0 (default)
2022-12-23 07:22:51,716 [Listener at 127.0.0.1/42981] INFO  server.GrpcService (ConfUtils.java:logGet(46)) - raft.grpc.message.size.max = 32MB (=33554432) (custom)
2022-12-23 07:22:51,716 [Listener at 127.0.0.1/42981] INFO  server.RaftServerConfigKeys (ConfUtils.java:logGet(46)) - raft.server.log.appender.buffer.byte-limit = 33554432 (custom)
2022-12-23 07:22:51,716 [Listener at 127.0.0.1/42981] INFO  server.GrpcService (ConfUtils.java:logGet(46)) - raft.grpc.flow.control.window = 5MB (=5242880) (custom)
2022-12-23 07:22:51,716 [Listener at 127.0.0.1/42981] INFO  server.RaftServerConfigKeys (ConfUtils.java:logGet(46)) - raft.server.rpc.request.timeout = 60s (custom)
2022-12-23 07:22:51,716 [Listener at 127.0.0.1/42981] INFO  grpc.GrpcConfigKeys (ConfUtils.java:logGet(46)) - raft.grpc.server.heartbeat.channel = true (default)
2022-12-23 07:22:51,717 [Listener at 127.0.0.1/42981] INFO  grpc.GrpcConfigKeys (ConfUtils.java:logGet(46)) - raft.grpc.server.async.request.thread.pool.cached = true (default)
2022-12-23 07:22:51,717 [Listener at 127.0.0.1/42981] INFO  grpc.GrpcConfigKeys (ConfUtils.java:logGet(46)) - raft.grpc.server.async.request.thread.pool.size = 32 (default)
2022-12-23 07:22:51,718 [Listener at 127.0.0.1/42981] INFO  impl.DataStreamServerImpl (ConfUtils.java:logGet(46)) - raft.datastream.type = NETTY (custom)
2022-12-23 07:22:51,718 [Listener at 127.0.0.1/42981] INFO  server.RaftServerConfigKeys (ConfUtils.java:logGet(46)) - raft.server.data-stream.async.request.thread.pool.cached = false (default)
2022-12-23 07:22:51,718 [Listener at 127.0.0.1/42981] INFO  server.RaftServerConfigKeys (ConfUtils.java:logGet(46)) - raft.server.data-stream.async.request.thread.pool.size = 20 (custom)
2022-12-23 07:22:51,718 [Listener at 127.0.0.1/42981] INFO  server.RaftServerConfigKeys (ConfUtils.java:logGet(46)) - raft.server.data-stream.async.write.thread.pool.size = 16 (default)
2022-12-23 07:22:51,718 [Listener at 127.0.0.1/42981] INFO  server.RaftServerConfigKeys (ConfUtils.java:logGet(46)) - raft.server.data-stream.client.pool.size = 10 (default)
2022-12-23 07:22:51,719 [Listener at 127.0.0.1/42981] INFO  netty.NettyConfigKeys$DataStream (ConfUtils.java:logGet(46)) - raft.netty.dataStream.server.use-epoll = false (default)
2022-12-23 07:22:51,719 [Listener at 127.0.0.1/42981] INFO  netty.NettyConfigKeys$DataStream (ConfUtils.java:logGet(46)) - raft.netty.dataStream.server.boss-group.size = 0 (default)
2022-12-23 07:22:51,719 [Listener at 127.0.0.1/42981] INFO  netty.NettyConfigKeys$DataStream (ConfUtils.java:logGet(46)) - raft.netty.dataStream.server.worker-group.size = 0 (default)
2022-12-23 07:22:51,719 [Listener at 127.0.0.1/42981] INFO  netty.NettyConfigKeys$DataStream (ConfUtils.java:logGet(46)) - raft.netty.dataStream.server.tls.conf = null (default)
2022-12-23 07:22:51,720 [Listener at 127.0.0.1/42981] INFO  netty.NettyConfigKeys$DataStream (ConfUtils.java:logGet(46)) - raft.netty.dataStream.host = null (default)
2022-12-23 07:22:51,720 [Listener at 127.0.0.1/42981] INFO  netty.NettyConfigKeys$DataStream (ConfUtils.java:logGet(46)) - raft.netty.dataStream.port = 0 (default)
2022-12-23 07:22:51,720 [Listener at 127.0.0.1/42981] INFO  server.RaftServerConfigKeys (ConfUtils.java:logGet(46)) - raft.server.threadpool.proxy.cached = true (default)
2022-12-23 07:22:51,721 [Listener at 127.0.0.1/42981] INFO  server.RaftServerConfigKeys (ConfUtils.java:logGet(46)) - raft.server.threadpool.proxy.size = 0 (default)
2022-12-23 07:22:51,721 [Listener at 127.0.0.1/42981] INFO  server.RaftServerConfigKeys (ConfUtils.java:logGet(46)) - raft.server.rpc.slowness.timeout = 300s (custom)
2022-12-23 07:22:51,721 [Listener at 127.0.0.1/42981] INFO  server.RaftServerConfigKeys (ConfUtils.java:logGet(46)) - raft.server.leaderelection.leader.step-down.wait-time = 10s (default)
2022-12-23 07:22:51,721 [Listener at 127.0.0.1/42981] INFO  server.RaftServerConfigKeys (ConfUtils.java:logGet(46)) - raft.server.storage.dir = [/home/runner/work/ozone/ozone/hadoop-ozone/integration-test/target/test-dir/MiniOzoneClusterImpl-8c293bcf-6970-46e1-80ac-8e038071f7a0/datanode-0/data/ratis] (custom)
2022-12-23 07:22:51,721 [b016757e-a2f5-4449-b608-35b74ad87f3b-NettyServerStreamRpc-bossGroup--thread1] INFO  logging.LoggingHandler (AbstractInternalLogger.java:log(148)) - [id: 0x449fec9b] REGISTERED
2022-12-23 07:22:51,722 [b016757e-a2f5-4449-b608-35b74ad87f3b-NettyServerStreamRpc-bossGroup--thread1] INFO  logging.LoggingHandler (AbstractInternalLogger.java:log(148)) - [id: 0x449fec9b] BIND: 0.0.0.0/0.0.0.0:0
2022-12-23 07:22:51,722 [b016757e-a2f5-4449-b608-35b74ad87f3b-NettyServerStreamRpc-bossGroup--thread1] INFO  logging.LoggingHandler (AbstractInternalLogger.java:log(148)) - [id: 0x449fec9b, L:/0:0:0:0:0:0:0:0:37677] ACTIVE
2022-12-23 07:22:51,723 [Listener at 127.0.0.1/42981] INFO  server.XceiverServerGrpc (XceiverServerGrpc.java:<init>(132)) - GrpcServer channel type EpollServerSocketChannel
2022-12-23 07:22:51,726 [Listener at 127.0.0.1/42981] INFO  http.BaseHttpServer (BaseHttpServer.java:newHttpServer2BuilderForOzone(213)) - Starting Web-server for hddsDatanode at: http://0.0.0.0:0
2022-12-23 07:22:51,726 [Listener at 127.0.0.1/42981] INFO  http.BaseHttpServer (BaseHttpServer.java:<init>(108)) - Hadoop Security Enabled: false Ozone Security Enabled: false Ozone HTTP Security Enabled: false 
2022-12-23 07:22:51,727 [Listener at 127.0.0.1/42981] WARN  server.AuthenticationFilter (AuthenticationFilter.java:constructSecretProvider(240)) - Unable to initialize FileSignerSecretProvider, falling back to use random secrets. Reason: Could not read signature secret file: /home/runner/hadoop-http-auth-signature-secret
2022-12-23 07:22:51,728 [Listener at 127.0.0.1/42981] WARN  http.HttpRequestLog (HttpRequestLog.java:getRequestLog(103)) - Jetty request log can only be enabled using Log4j
2022-12-23 07:22:51,730 [Listener at 127.0.0.1/42981] INFO  http.HttpServer2 (HttpServer2.java:addGlobalFilter(1031)) - Added global filter 'safety' (class=org.apache.hadoop.hdds.server.http.HttpServer2$QuotingInputFilter)
2022-12-23 07:22:51,730 [Listener at 127.0.0.1/42981] INFO  http.HttpServer2 (HttpServer2.java:addFilter(1007)) - Added filter static_user_filter (class=org.apache.hadoop.http.lib.StaticUserWebFilter$StaticUserFilter) to context hddsDatanode
2022-12-23 07:22:51,730 [Listener at 127.0.0.1/42981] INFO  http.HttpServer2 (HttpServer2.java:addFilter(1015)) - Added filter static_user_filter (class=org.apache.hadoop.http.lib.StaticUserWebFilter$StaticUserFilter) to context logs
2022-12-23 07:22:51,731 [Listener at 127.0.0.1/42981] INFO  http.HttpServer2 (HttpServer2.java:addFilter(1015)) - Added filter static_user_filter (class=org.apache.hadoop.http.lib.StaticUserWebFilter$StaticUserFilter) to context static
2022-12-23 07:22:51,731 [Listener at 127.0.0.1/42981] INFO  http.HttpServer2 (HttpServer2.java:bindListener(1250)) - Jetty bound to port 39299
2022-12-23 07:22:51,731 [Listener at 127.0.0.1/42981] INFO  server.Server (Server.java:doStart(375)) - jetty-9.4.49.v20220914; built: 2022-09-14T01:07:36.601Z; git: 4231a3b2e4cb8548a412a789936d640a97b1aa0a; jvm 1.8.0_352-b08
2022-12-23 07:22:51,737 [Listener at 127.0.0.1/42981] INFO  server.session (DefaultSessionIdManager.java:doStart(334)) - DefaultSessionIdManager workerName=node0
2022-12-23 07:22:51,738 [Listener at 127.0.0.1/42981] INFO  server.session (DefaultSessionIdManager.java:doStart(339)) - No SessionScavenger set, using defaults
2022-12-23 07:22:51,738 [Listener at 127.0.0.1/42981] INFO  server.session (HouseKeeper.java:startScavenging(132)) - node0 Scavenging every 660000ms
2022-12-23 07:22:51,739 [Listener at 127.0.0.1/42981] INFO  handler.ContextHandler (ContextHandler.java:doStart(921)) - Started o.e.j.s.ServletContextHandler@411fde6a{logs,/logs,file:///home/runner/work/ozone/ozone/hadoop-ozone/integration-test/target/log,AVAILABLE}
2022-12-23 07:22:51,739 [Listener at 127.0.0.1/42981] INFO  handler.ContextHandler (ContextHandler.java:doStart(921)) - Started o.e.j.s.ServletContextHandler@56cce520{static,/static,jar:file:/home/runner/.m2/repository/org/apache/ozone/hdds-container-service/1.3.0-SNAPSHOT/hdds-container-service-1.3.0-SNAPSHOT.jar!/webapps/static,AVAILABLE}
2022-12-23 07:22:51,941 [Listener at 127.0.0.1/42981] INFO  handler.ContextHandler (ContextHandler.java:doStart(921)) - Started o.e.j.w.WebAppContext@220533b3{hddsDatanode,/,file:///tmp/jetty-0_0_0_0-39299-hdds-container-service-1_3_0-SNAPSHOT_jar-_-any-9048009344211856269/webapp/,AVAILABLE}{jar:file:/home/runner/.m2/repository/org/apache/ozone/hdds-container-service/1.3.0-SNAPSHOT/hdds-container-service-1.3.0-SNAPSHOT.jar!/webapps/hddsDatanode}
2022-12-23 07:22:51,943 [Listener at 127.0.0.1/42981] INFO  server.AbstractConnector (AbstractConnector.java:doStart(333)) - Started ServerConnector@245c0664{HTTP/1.1, (http/1.1)}{0.0.0.0:39299}
2022-12-23 07:22:51,943 [Listener at 127.0.0.1/42981] INFO  server.Server (Server.java:doStart(415)) - Started @72902ms
2022-12-23 07:22:51,943 [Listener at 127.0.0.1/42981] WARN  impl.MetricsSystemImpl (MetricsSystemImpl.java:register(279)) - Sink prometheus already exists!
2022-12-23 07:22:51,944 [Listener at 127.0.0.1/42981] INFO  http.BaseHttpServer (BaseHttpServer.java:updateConnectorAddress(333)) - HTTP server of hddsDatanode listening at http://0.0.0.0:39299
2022-12-23 07:22:51,945 [Datanode State Machine Daemon Thread] INFO  statemachine.DatanodeStateMachine (DatanodeStateMachine.java:lambda$startDaemon$0(508)) - Ozone container server started.
2022-12-23 07:22:51,945 [Listener at 127.0.0.1/42981] WARN  impl.MetricRegistriesImpl (MetricRegistriesImpl.java:addReporterRegistration(111)) - New reporters are added after registries were created. Some metrics will be missing from the reporter. Please add reporter before adding any new registry.
2022-12-23 07:22:51,946 [Listener at 127.0.0.1/42981] WARN  impl.MetricRegistriesImpl (MetricRegistriesImpl.java:addReporterRegistration(111)) - New reporters are added after registries were created. Some metrics will be missing from the reporter. Please add reporter before adding any new registry.
2022-12-23 07:22:51,946 [Listener at 127.0.0.1/42981] INFO  impl.MetricsSystemImpl (MetricsSystemImpl.java:init(158)) - HddsDatanode metrics system started (again)
2022-12-23 07:22:51,957 [Listener at 127.0.0.1/42981] INFO  ozone.HddsDatanodeService (HddsDatanodeService.java:start(237)) - HddsDatanodeService host:fv-az505-480.g2e1luzo1moefklhgra4trf2va.dx.internal.cloudapp.net ip:10.1.0.40
2022-12-23 07:22:51,958 [org.apache.hadoop.util.JvmPauseMonitor$Monitor@4a5b6bc7] INFO  util.JvmPauseMonitor (JvmPauseMonitor.java:run(188)) - Starting JVM pause monitor
2022-12-23 07:22:51,962 [Datanode State Machine Task Thread - 0] INFO  datanode.InitDatanodeState (InitDatanodeState.java:persistContainerDatanodeDetails(138)) - DatanodeDetails is persisted to /home/runner/work/ozone/ozone/hadoop-ozone/integration-test/target/test-dir/MiniOzoneClusterImpl-8c293bcf-6970-46e1-80ac-8e038071f7a0/datanode-0/meta/datanode.id
2022-12-23 07:22:51,977 [Listener at 127.0.0.1/42981] INFO  upgrade.AbstractLayoutVersionManager (AbstractLayoutVersionManager.java:init(83)) - Initializing Layout version manager with metadata layout = DATANODE_SCHEMA_V3 (version = 4), software layout = DATANODE_SCHEMA_V3 (version = 4)
2022-12-23 07:22:52,025 [Listener at 127.0.0.1/42981] INFO  reflections.Reflections (Reflections.java:scan(232)) - Reflections took 47 ms to scan 7 urls, producing 146 keys and 348 values 
2022-12-23 07:22:52,027 [Listener at 127.0.0.1/42981] INFO  statemachine.DatanodeStateMachine (DatanodeStateMachine.java:getEndPointTaskThreadPoolSize(248)) - Datanode State Machine Task Thread Pool size 2
2022-12-23 07:22:52,028 [Listener at 127.0.0.1/42981] INFO  volume.HddsVolume (HddsVolume.java:<init>(117)) - Creating HddsVolume: /home/runner/work/ozone/ozone/hadoop-ozone/integration-test/target/test-dir/MiniOzoneClusterImpl-8c293bcf-6970-46e1-80ac-8e038071f7a0/datanode-1/data-0/containers/hdds of storage type : DISK capacity : 9223372036854775807
2022-12-23 07:22:52,029 [Listener at 127.0.0.1/42981] INFO  volume.MutableVolumeSet (MutableVolumeSet.java:initializeVolumeSet(174)) - Added Volume : /home/runner/work/ozone/ozone/hadoop-ozone/integration-test/target/test-dir/MiniOzoneClusterImpl-8c293bcf-6970-46e1-80ac-8e038071f7a0/datanode-1/data-0/containers/hdds to VolumeSet
2022-12-23 07:22:52,029 [Listener at 127.0.0.1/42981] INFO  volume.ThrottledAsyncChecker (ThrottledAsyncChecker.java:schedule(141)) - Scheduling a check for /home/runner/work/ozone/ozone/hadoop-ozone/integration-test/target/test-dir/MiniOzoneClusterImpl-8c293bcf-6970-46e1-80ac-8e038071f7a0/datanode-1/data-0/containers/hdds
2022-12-23 07:22:52,030 [Listener at 127.0.0.1/42981] INFO  volume.StorageVolumeChecker (StorageVolumeChecker.java:checkAllVolumes(202)) - Scheduled health check for volume /home/runner/work/ozone/ozone/hadoop-ozone/integration-test/target/test-dir/MiniOzoneClusterImpl-8c293bcf-6970-46e1-80ac-8e038071f7a0/datanode-1/data-0/containers/hdds
2022-12-23 07:22:52,042 [Listener at 127.0.0.1/42981] INFO  volume.MutableVolumeSet (MutableVolumeSet.java:initializeVolumeSet(174)) - Added Volume : /home/runner/work/ozone/ozone/hadoop-ozone/integration-test/target/test-dir/MiniOzoneClusterImpl-8c293bcf-6970-46e1-80ac-8e038071f7a0/datanode-1/data/ratis to VolumeSet
2022-12-23 07:22:52,042 [Listener at 127.0.0.1/42981] INFO  volume.ThrottledAsyncChecker (ThrottledAsyncChecker.java:schedule(141)) - Scheduling a check for /home/runner/work/ozone/ozone/hadoop-ozone/integration-test/target/test-dir/MiniOzoneClusterImpl-8c293bcf-6970-46e1-80ac-8e038071f7a0/datanode-1/data/ratis
2022-12-23 07:22:52,042 [Listener at 127.0.0.1/42981] INFO  volume.StorageVolumeChecker (StorageVolumeChecker.java:checkAllVolumes(202)) - Scheduled health check for volume /home/runner/work/ozone/ozone/hadoop-ozone/integration-test/target/test-dir/MiniOzoneClusterImpl-8c293bcf-6970-46e1-80ac-8e038071f7a0/datanode-1/data/ratis
2022-12-23 07:22:52,059 [Thread-1016] INFO  ozoneimpl.ContainerReader (ContainerReader.java:readVolume(175)) - Finish verifying containers on volume /home/runner/work/ozone/ozone/hadoop-ozone/integration-test/target/test-dir/MiniOzoneClusterImpl-8c293bcf-6970-46e1-80ac-8e038071f7a0/datanode-1/data-0/containers/hdds
2022-12-23 07:22:52,059 [Listener at 127.0.0.1/42981] INFO  ozoneimpl.OzoneContainer (OzoneContainer.java:buildContainerSet(301)) - Build ContainerSet costs 0s
2022-12-23 07:22:52,061 [Listener at 127.0.0.1/42981] INFO  server.RaftServer (ConfUtils.java:logGet(46)) - raft.rpc.type = GRPC (default)
2022-12-23 07:22:52,062 [Listener at 127.0.0.1/42981] INFO  grpc.GrpcConfigKeys (ConfUtils.java:logFallback(53)) - raft.grpc.admin.host = null (fallback to raft.grpc.server.host)
2022-12-23 07:22:52,062 [Listener at 127.0.0.1/42981] INFO  grpc.GrpcConfigKeys (ConfUtils.java:logGet(46)) - raft.grpc.admin.port = 0 (custom)
2022-12-23 07:22:52,062 [Listener at 127.0.0.1/42981] INFO  grpc.GrpcConfigKeys (ConfUtils.java:logFallback(53)) - raft.grpc.client.host = null (fallback to raft.grpc.server.host)
2022-12-23 07:22:52,062 [Listener at 127.0.0.1/42981] INFO  grpc.GrpcConfigKeys (ConfUtils.java:logGet(46)) - raft.grpc.client.port = 0 (custom)
2022-12-23 07:22:52,062 [Listener at 127.0.0.1/42981] INFO  grpc.GrpcConfigKeys (ConfUtils.java:logGet(46)) - raft.grpc.server.host = null (default)
2022-12-23 07:22:52,062 [Listener at 127.0.0.1/42981] INFO  grpc.GrpcConfigKeys (ConfUtils.java:logGet(46)) - raft.grpc.server.port = 0 (default)
2022-12-23 07:22:52,062 [Listener at 127.0.0.1/42981] INFO  server.GrpcService (ConfUtils.java:logGet(46)) - raft.grpc.message.size.max = 32MB (=33554432) (custom)
2022-12-23 07:22:52,063 [Listener at 127.0.0.1/42981] INFO  server.RaftServerConfigKeys (ConfUtils.java:logGet(46)) - raft.server.log.appender.buffer.byte-limit = 33554432 (custom)
2022-12-23 07:22:52,063 [Listener at 127.0.0.1/42981] INFO  server.GrpcService (ConfUtils.java:logGet(46)) - raft.grpc.flow.control.window = 5MB (=5242880) (custom)
2022-12-23 07:22:52,063 [Listener at 127.0.0.1/42981] INFO  server.RaftServerConfigKeys (ConfUtils.java:logGet(46)) - raft.server.rpc.request.timeout = 60s (custom)
2022-12-23 07:22:52,063 [Listener at 127.0.0.1/42981] INFO  grpc.GrpcConfigKeys (ConfUtils.java:logGet(46)) - raft.grpc.server.heartbeat.channel = true (default)
2022-12-23 07:22:52,063 [Listener at 127.0.0.1/42981] INFO  grpc.GrpcConfigKeys (ConfUtils.java:logGet(46)) - raft.grpc.server.async.request.thread.pool.cached = true (default)
2022-12-23 07:22:52,063 [Listener at 127.0.0.1/42981] INFO  grpc.GrpcConfigKeys (ConfUtils.java:logGet(46)) - raft.grpc.server.async.request.thread.pool.size = 32 (default)
2022-12-23 07:22:52,064 [Listener at 127.0.0.1/42981] INFO  impl.DataStreamServerImpl (ConfUtils.java:logGet(46)) - raft.datastream.type = NETTY (custom)
2022-12-23 07:22:52,065 [Listener at 127.0.0.1/42981] INFO  server.RaftServerConfigKeys (ConfUtils.java:logGet(46)) - raft.server.data-stream.async.request.thread.pool.cached = false (default)
2022-12-23 07:22:52,065 [Listener at 127.0.0.1/42981] INFO  server.RaftServerConfigKeys (ConfUtils.java:logGet(46)) - raft.server.data-stream.async.request.thread.pool.size = 20 (custom)
2022-12-23 07:22:52,065 [Listener at 127.0.0.1/42981] INFO  server.RaftServerConfigKeys (ConfUtils.java:logGet(46)) - raft.server.data-stream.async.write.thread.pool.size = 16 (default)
2022-12-23 07:22:52,065 [Listener at 127.0.0.1/42981] INFO  server.RaftServerConfigKeys (ConfUtils.java:logGet(46)) - raft.server.data-stream.client.pool.size = 10 (default)
2022-12-23 07:22:52,065 [Listener at 127.0.0.1/42981] INFO  netty.NettyConfigKeys$DataStream (ConfUtils.java:logGet(46)) - raft.netty.dataStream.server.use-epoll = false (default)
2022-12-23 07:22:52,065 [Listener at 127.0.0.1/42981] INFO  netty.NettyConfigKeys$DataStream (ConfUtils.java:logGet(46)) - raft.netty.dataStream.server.boss-group.size = 0 (default)
2022-12-23 07:22:52,066 [Listener at 127.0.0.1/42981] INFO  netty.NettyConfigKeys$DataStream (ConfUtils.java:logGet(46)) - raft.netty.dataStream.server.worker-group.size = 0 (default)
2022-12-23 07:22:52,066 [Listener at 127.0.0.1/42981] INFO  netty.NettyConfigKeys$DataStream (ConfUtils.java:logGet(46)) - raft.netty.dataStream.server.tls.conf = null (default)
2022-12-23 07:22:52,066 [Listener at 127.0.0.1/42981] INFO  netty.NettyConfigKeys$DataStream (ConfUtils.java:logGet(46)) - raft.netty.dataStream.host = null (default)
2022-12-23 07:22:52,066 [Listener at 127.0.0.1/42981] INFO  netty.NettyConfigKeys$DataStream (ConfUtils.java:logGet(46)) - raft.netty.dataStream.port = 0 (default)
2022-12-23 07:22:52,067 [Listener at 127.0.0.1/42981] INFO  server.RaftServerConfigKeys (ConfUtils.java:logGet(46)) - raft.server.threadpool.proxy.cached = true (default)
2022-12-23 07:22:52,067 [Listener at 127.0.0.1/42981] INFO  server.RaftServerConfigKeys (ConfUtils.java:logGet(46)) - raft.server.threadpool.proxy.size = 0 (default)
2022-12-23 07:22:52,067 [Listener at 127.0.0.1/42981] INFO  server.RaftServerConfigKeys (ConfUtils.java:logGet(46)) - raft.server.rpc.slowness.timeout = 300s (custom)
2022-12-23 07:22:52,067 [Listener at 127.0.0.1/42981] INFO  server.RaftServerConfigKeys (ConfUtils.java:logGet(46)) - raft.server.leaderelection.leader.step-down.wait-time = 10s (default)
2022-12-23 07:22:52,067 [Listener at 127.0.0.1/42981] INFO  server.RaftServerConfigKeys (ConfUtils.java:logGet(46)) - raft.server.storage.dir = [/home/runner/work/ozone/ozone/hadoop-ozone/integration-test/target/test-dir/MiniOzoneClusterImpl-8c293bcf-6970-46e1-80ac-8e038071f7a0/datanode-1/data/ratis] (custom)
2022-12-23 07:22:52,068 [7f99fde5-c133-45d1-9e6f-6197bf32a4df-NettyServerStreamRpc-bossGroup--thread1] INFO  logging.LoggingHandler (AbstractInternalLogger.java:log(148)) - [id: 0x24b3476c] REGISTERED
2022-12-23 07:22:52,068 [7f99fde5-c133-45d1-9e6f-6197bf32a4df-NettyServerStreamRpc-bossGroup--thread1] INFO  logging.LoggingHandler (AbstractInternalLogger.java:log(148)) - [id: 0x24b3476c] BIND: 0.0.0.0/0.0.0.0:0
2022-12-23 07:22:52,068 [7f99fde5-c133-45d1-9e6f-6197bf32a4df-NettyServerStreamRpc-bossGroup--thread1] INFO  logging.LoggingHandler (AbstractInternalLogger.java:log(148)) - [id: 0x24b3476c, L:/0:0:0:0:0:0:0:0:45641] ACTIVE
2022-12-23 07:22:52,071 [Listener at 127.0.0.1/42981] INFO  server.XceiverServerGrpc (XceiverServerGrpc.java:<init>(132)) - GrpcServer channel type EpollServerSocketChannel
2022-12-23 07:22:52,074 [Listener at 127.0.0.1/42981] INFO  http.BaseHttpServer (BaseHttpServer.java:newHttpServer2BuilderForOzone(213)) - Starting Web-server for hddsDatanode at: http://0.0.0.0:0
2022-12-23 07:22:52,075 [Listener at 127.0.0.1/42981] INFO  http.BaseHttpServer (BaseHttpServer.java:<init>(108)) - Hadoop Security Enabled: false Ozone Security Enabled: false Ozone HTTP Security Enabled: false 
2022-12-23 07:22:52,075 [Listener at 127.0.0.1/42981] WARN  server.AuthenticationFilter (AuthenticationFilter.java:constructSecretProvider(240)) - Unable to initialize FileSignerSecretProvider, falling back to use random secrets. Reason: Could not read signature secret file: /home/runner/hadoop-http-auth-signature-secret
2022-12-23 07:22:52,077 [Listener at 127.0.0.1/42981] WARN  http.HttpRequestLog (HttpRequestLog.java:getRequestLog(103)) - Jetty request log can only be enabled using Log4j
2022-12-23 07:22:52,078 [Listener at 127.0.0.1/42981] INFO  http.HttpServer2 (HttpServer2.java:addGlobalFilter(1031)) - Added global filter 'safety' (class=org.apache.hadoop.hdds.server.http.HttpServer2$QuotingInputFilter)
2022-12-23 07:22:52,079 [Listener at 127.0.0.1/42981] INFO  http.HttpServer2 (HttpServer2.java:addFilter(1007)) - Added filter static_user_filter (class=org.apache.hadoop.http.lib.StaticUserWebFilter$StaticUserFilter) to context hddsDatanode
2022-12-23 07:22:52,079 [Listener at 127.0.0.1/42981] INFO  http.HttpServer2 (HttpServer2.java:addFilter(1015)) - Added filter static_user_filter (class=org.apache.hadoop.http.lib.StaticUserWebFilter$StaticUserFilter) to context logs
2022-12-23 07:22:52,079 [Listener at 127.0.0.1/42981] INFO  http.HttpServer2 (HttpServer2.java:addFilter(1015)) - Added filter static_user_filter (class=org.apache.hadoop.http.lib.StaticUserWebFilter$StaticUserFilter) to context static
2022-12-23 07:22:52,080 [Listener at 127.0.0.1/42981] INFO  http.HttpServer2 (HttpServer2.java:bindListener(1250)) - Jetty bound to port 33541
2022-12-23 07:22:52,080 [Listener at 127.0.0.1/42981] INFO  server.Server (Server.java:doStart(375)) - jetty-9.4.49.v20220914; built: 2022-09-14T01:07:36.601Z; git: 4231a3b2e4cb8548a412a789936d640a97b1aa0a; jvm 1.8.0_352-b08
2022-12-23 07:22:52,084 [Listener at 127.0.0.1/42981] INFO  server.session (DefaultSessionIdManager.java:doStart(334)) - DefaultSessionIdManager workerName=node0
2022-12-23 07:22:52,084 [Listener at 127.0.0.1/42981] INFO  server.session (DefaultSessionIdManager.java:doStart(339)) - No SessionScavenger set, using defaults
2022-12-23 07:22:52,084 [Listener at 127.0.0.1/42981] INFO  server.session (HouseKeeper.java:startScavenging(132)) - node0 Scavenging every 660000ms
2022-12-23 07:22:52,085 [Listener at 127.0.0.1/42981] INFO  handler.ContextHandler (ContextHandler.java:doStart(921)) - Started o.e.j.s.ServletContextHandler@50914524{logs,/logs,file:///home/runner/work/ozone/ozone/hadoop-ozone/integration-test/target/log,AVAILABLE}
2022-12-23 07:22:52,085 [Listener at 127.0.0.1/42981] INFO  handler.ContextHandler (ContextHandler.java:doStart(921)) - Started o.e.j.s.ServletContextHandler@416eaa02{static,/static,jar:file:/home/runner/.m2/repository/org/apache/ozone/hdds-container-service/1.3.0-SNAPSHOT/hdds-container-service-1.3.0-SNAPSHOT.jar!/webapps/static,AVAILABLE}
2022-12-23 07:22:52,271 [Listener at 127.0.0.1/42981] INFO  handler.ContextHandler (ContextHandler.java:doStart(921)) - Started o.e.j.w.WebAppContext@2dfe32d6{hddsDatanode,/,file:///tmp/jetty-0_0_0_0-33541-hdds-container-service-1_3_0-SNAPSHOT_jar-_-any-1419069324478987095/webapp/,AVAILABLE}{jar:file:/home/runner/.m2/repository/org/apache/ozone/hdds-container-service/1.3.0-SNAPSHOT/hdds-container-service-1.3.0-SNAPSHOT.jar!/webapps/hddsDatanode}
2022-12-23 07:22:52,272 [Listener at 127.0.0.1/42981] INFO  server.AbstractConnector (AbstractConnector.java:doStart(333)) - Started ServerConnector@7d2ea458{HTTP/1.1, (http/1.1)}{0.0.0.0:33541}
2022-12-23 07:22:52,272 [Listener at 127.0.0.1/42981] INFO  server.Server (Server.java:doStart(415)) - Started @73232ms
2022-12-23 07:22:52,273 [Listener at 127.0.0.1/42981] WARN  impl.MetricsSystemImpl (MetricsSystemImpl.java:register(279)) - Sink prometheus already exists!
2022-12-23 07:22:52,273 [Listener at 127.0.0.1/42981] INFO  http.BaseHttpServer (BaseHttpServer.java:updateConnectorAddress(333)) - HTTP server of hddsDatanode listening at http://0.0.0.0:33541
2022-12-23 07:22:52,274 [Listener at 127.0.0.1/42981] WARN  impl.MetricRegistriesImpl (MetricRegistriesImpl.java:addReporterRegistration(111)) - New reporters are added after registries were created. Some metrics will be missing from the reporter. Please add reporter before adding any new registry.
2022-12-23 07:22:52,274 [Listener at 127.0.0.1/42981] WARN  impl.MetricRegistriesImpl (MetricRegistriesImpl.java:addReporterRegistration(111)) - New reporters are added after registries were created. Some metrics will be missing from the reporter. Please add reporter before adding any new registry.
2022-12-23 07:22:52,274 [Listener at 127.0.0.1/42981] INFO  impl.MetricsSystemImpl (MetricsSystemImpl.java:init(158)) - HddsDatanode metrics system started (again)
2022-12-23 07:22:52,275 [Datanode State Machine Daemon Thread] INFO  statemachine.DatanodeStateMachine (DatanodeStateMachine.java:lambda$startDaemon$0(508)) - Ozone container server started.
2022-12-23 07:22:52,286 [Listener at 127.0.0.1/42981] INFO  ozone.HddsDatanodeService (HddsDatanodeService.java:start(237)) - HddsDatanodeService host:fv-az505-480.g2e1luzo1moefklhgra4trf2va.dx.internal.cloudapp.net ip:10.1.0.40
2022-12-23 07:22:52,287 [org.apache.hadoop.util.JvmPauseMonitor$Monitor@5041008d] INFO  util.JvmPauseMonitor (JvmPauseMonitor.java:run(188)) - Starting JVM pause monitor
2022-12-23 07:22:52,293 [Datanode State Machine Task Thread - 0] INFO  datanode.InitDatanodeState (InitDatanodeState.java:persistContainerDatanodeDetails(138)) - DatanodeDetails is persisted to /home/runner/work/ozone/ozone/hadoop-ozone/integration-test/target/test-dir/MiniOzoneClusterImpl-8c293bcf-6970-46e1-80ac-8e038071f7a0/datanode-1/meta/datanode.id
2022-12-23 07:22:52,314 [Listener at 127.0.0.1/42981] INFO  upgrade.AbstractLayoutVersionManager (AbstractLayoutVersionManager.java:init(83)) - Initializing Layout version manager with metadata layout = DATANODE_SCHEMA_V3 (version = 4), software layout = DATANODE_SCHEMA_V3 (version = 4)
2022-12-23 07:22:52,362 [Listener at 127.0.0.1/42981] INFO  reflections.Reflections (Reflections.java:scan(232)) - Reflections took 47 ms to scan 7 urls, producing 146 keys and 348 values 
2022-12-23 07:22:52,364 [Listener at 127.0.0.1/42981] INFO  statemachine.DatanodeStateMachine (DatanodeStateMachine.java:getEndPointTaskThreadPoolSize(248)) - Datanode State Machine Task Thread Pool size 2
2022-12-23 07:22:52,366 [Listener at 127.0.0.1/42981] INFO  volume.HddsVolume (HddsVolume.java:<init>(117)) - Creating HddsVolume: /home/runner/work/ozone/ozone/hadoop-ozone/integration-test/target/test-dir/MiniOzoneClusterImpl-8c293bcf-6970-46e1-80ac-8e038071f7a0/datanode-2/data-0/containers/hdds of storage type : DISK capacity : 9223372036854775807
2022-12-23 07:22:52,366 [Listener at 127.0.0.1/42981] INFO  volume.MutableVolumeSet (MutableVolumeSet.java:initializeVolumeSet(174)) - Added Volume : /home/runner/work/ozone/ozone/hadoop-ozone/integration-test/target/test-dir/MiniOzoneClusterImpl-8c293bcf-6970-46e1-80ac-8e038071f7a0/datanode-2/data-0/containers/hdds to VolumeSet
2022-12-23 07:22:52,366 [Listener at 127.0.0.1/42981] INFO  volume.ThrottledAsyncChecker (ThrottledAsyncChecker.java:schedule(141)) - Scheduling a check for /home/runner/work/ozone/ozone/hadoop-ozone/integration-test/target/test-dir/MiniOzoneClusterImpl-8c293bcf-6970-46e1-80ac-8e038071f7a0/datanode-2/data-0/containers/hdds
2022-12-23 07:22:52,369 [Listener at 127.0.0.1/42981] INFO  volume.StorageVolumeChecker (StorageVolumeChecker.java:checkAllVolumes(202)) - Scheduled health check for volume /home/runner/work/ozone/ozone/hadoop-ozone/integration-test/target/test-dir/MiniOzoneClusterImpl-8c293bcf-6970-46e1-80ac-8e038071f7a0/datanode-2/data-0/containers/hdds
2022-12-23 07:22:52,380 [Listener at 127.0.0.1/42981] INFO  volume.MutableVolumeSet (MutableVolumeSet.java:initializeVolumeSet(174)) - Added Volume : /home/runner/work/ozone/ozone/hadoop-ozone/integration-test/target/test-dir/MiniOzoneClusterImpl-8c293bcf-6970-46e1-80ac-8e038071f7a0/datanode-2/data/ratis to VolumeSet
2022-12-23 07:22:52,380 [Listener at 127.0.0.1/42981] INFO  volume.ThrottledAsyncChecker (ThrottledAsyncChecker.java:schedule(141)) - Scheduling a check for /home/runner/work/ozone/ozone/hadoop-ozone/integration-test/target/test-dir/MiniOzoneClusterImpl-8c293bcf-6970-46e1-80ac-8e038071f7a0/datanode-2/data/ratis
2022-12-23 07:22:52,380 [Listener at 127.0.0.1/42981] INFO  volume.StorageVolumeChecker (StorageVolumeChecker.java:checkAllVolumes(202)) - Scheduled health check for volume /home/runner/work/ozone/ozone/hadoop-ozone/integration-test/target/test-dir/MiniOzoneClusterImpl-8c293bcf-6970-46e1-80ac-8e038071f7a0/datanode-2/data/ratis
2022-12-23 07:22:52,391 [Thread-1030] INFO  ozoneimpl.ContainerReader (ContainerReader.java:readVolume(175)) - Finish verifying containers on volume /home/runner/work/ozone/ozone/hadoop-ozone/integration-test/target/test-dir/MiniOzoneClusterImpl-8c293bcf-6970-46e1-80ac-8e038071f7a0/datanode-2/data-0/containers/hdds
2022-12-23 07:22:52,391 [Listener at 127.0.0.1/42981] INFO  ozoneimpl.OzoneContainer (OzoneContainer.java:buildContainerSet(301)) - Build ContainerSet costs 0s
2022-12-23 07:22:52,393 [Listener at 127.0.0.1/42981] INFO  server.RaftServer (ConfUtils.java:logGet(46)) - raft.rpc.type = GRPC (default)
2022-12-23 07:22:52,393 [Listener at 127.0.0.1/42981] INFO  grpc.GrpcConfigKeys (ConfUtils.java:logFallback(53)) - raft.grpc.admin.host = null (fallback to raft.grpc.server.host)
2022-12-23 07:22:52,394 [Listener at 127.0.0.1/42981] INFO  grpc.GrpcConfigKeys (ConfUtils.java:logGet(46)) - raft.grpc.admin.port = 0 (custom)
2022-12-23 07:22:52,394 [Listener at 127.0.0.1/42981] INFO  grpc.GrpcConfigKeys (ConfUtils.java:logFallback(53)) - raft.grpc.client.host = null (fallback to raft.grpc.server.host)
2022-12-23 07:22:52,394 [Listener at 127.0.0.1/42981] INFO  grpc.GrpcConfigKeys (ConfUtils.java:logGet(46)) - raft.grpc.client.port = 0 (custom)
2022-12-23 07:22:52,394 [Listener at 127.0.0.1/42981] INFO  grpc.GrpcConfigKeys (ConfUtils.java:logGet(46)) - raft.grpc.server.host = null (default)
2022-12-23 07:22:52,394 [Listener at 127.0.0.1/42981] INFO  grpc.GrpcConfigKeys (ConfUtils.java:logGet(46)) - raft.grpc.server.port = 0 (default)
2022-12-23 07:22:52,394 [Listener at 127.0.0.1/42981] INFO  server.GrpcService (ConfUtils.java:logGet(46)) - raft.grpc.message.size.max = 32MB (=33554432) (custom)
2022-12-23 07:22:52,394 [Listener at 127.0.0.1/42981] INFO  server.RaftServerConfigKeys (ConfUtils.java:logGet(46)) - raft.server.log.appender.buffer.byte-limit = 33554432 (custom)
2022-12-23 07:22:52,394 [Listener at 127.0.0.1/42981] INFO  server.GrpcService (ConfUtils.java:logGet(46)) - raft.grpc.flow.control.window = 5MB (=5242880) (custom)
2022-12-23 07:22:52,394 [Listener at 127.0.0.1/42981] INFO  server.RaftServerConfigKeys (ConfUtils.java:logGet(46)) - raft.server.rpc.request.timeout = 60s (custom)
2022-12-23 07:22:52,394 [Listener at 127.0.0.1/42981] INFO  grpc.GrpcConfigKeys (ConfUtils.java:logGet(46)) - raft.grpc.server.heartbeat.channel = true (default)
2022-12-23 07:22:52,395 [Listener at 127.0.0.1/42981] INFO  grpc.GrpcConfigKeys (ConfUtils.java:logGet(46)) - raft.grpc.server.async.request.thread.pool.cached = true (default)
2022-12-23 07:22:52,395 [Listener at 127.0.0.1/42981] INFO  grpc.GrpcConfigKeys (ConfUtils.java:logGet(46)) - raft.grpc.server.async.request.thread.pool.size = 32 (default)
2022-12-23 07:22:52,396 [Listener at 127.0.0.1/42981] INFO  impl.DataStreamServerImpl (ConfUtils.java:logGet(46)) - raft.datastream.type = NETTY (custom)
2022-12-23 07:22:52,396 [Listener at 127.0.0.1/42981] INFO  server.RaftServerConfigKeys (ConfUtils.java:logGet(46)) - raft.server.data-stream.async.request.thread.pool.cached = false (default)
2022-12-23 07:22:52,396 [Listener at 127.0.0.1/42981] INFO  server.RaftServerConfigKeys (ConfUtils.java:logGet(46)) - raft.server.data-stream.async.request.thread.pool.size = 20 (custom)
2022-12-23 07:22:52,397 [Listener at 127.0.0.1/42981] INFO  server.RaftServerConfigKeys (ConfUtils.java:logGet(46)) - raft.server.data-stream.async.write.thread.pool.size = 16 (default)
2022-12-23 07:22:52,397 [Listener at 127.0.0.1/42981] INFO  server.RaftServerConfigKeys (ConfUtils.java:logGet(46)) - raft.server.data-stream.client.pool.size = 10 (default)
2022-12-23 07:22:52,397 [Listener at 127.0.0.1/42981] INFO  netty.NettyConfigKeys$DataStream (ConfUtils.java:logGet(46)) - raft.netty.dataStream.server.use-epoll = false (default)
2022-12-23 07:22:52,397 [Listener at 127.0.0.1/42981] INFO  netty.NettyConfigKeys$DataStream (ConfUtils.java:logGet(46)) - raft.netty.dataStream.server.boss-group.size = 0 (default)
2022-12-23 07:22:52,397 [Listener at 127.0.0.1/42981] INFO  netty.NettyConfigKeys$DataStream (ConfUtils.java:logGet(46)) - raft.netty.dataStream.server.worker-group.size = 0 (default)
2022-12-23 07:22:52,398 [Listener at 127.0.0.1/42981] INFO  netty.NettyConfigKeys$DataStream (ConfUtils.java:logGet(46)) - raft.netty.dataStream.server.tls.conf = null (default)
2022-12-23 07:22:52,398 [Listener at 127.0.0.1/42981] INFO  netty.NettyConfigKeys$DataStream (ConfUtils.java:logGet(46)) - raft.netty.dataStream.host = null (default)
2022-12-23 07:22:52,398 [Listener at 127.0.0.1/42981] INFO  netty.NettyConfigKeys$DataStream (ConfUtils.java:logGet(46)) - raft.netty.dataStream.port = 0 (default)
2022-12-23 07:22:52,399 [Listener at 127.0.0.1/42981] INFO  server.RaftServerConfigKeys (ConfUtils.java:logGet(46)) - raft.server.threadpool.proxy.cached = true (default)
2022-12-23 07:22:52,399 [Listener at 127.0.0.1/42981] INFO  server.RaftServerConfigKeys (ConfUtils.java:logGet(46)) - raft.server.threadpool.proxy.size = 0 (default)
2022-12-23 07:22:52,399 [Listener at 127.0.0.1/42981] INFO  server.RaftServerConfigKeys (ConfUtils.java:logGet(46)) - raft.server.rpc.slowness.timeout = 300s (custom)
2022-12-23 07:22:52,399 [Listener at 127.0.0.1/42981] INFO  server.RaftServerConfigKeys (ConfUtils.java:logGet(46)) - raft.server.leaderelection.leader.step-down.wait-time = 10s (default)
2022-12-23 07:22:52,399 [Listener at 127.0.0.1/42981] INFO  server.RaftServerConfigKeys (ConfUtils.java:logGet(46)) - raft.server.storage.dir = [/home/runner/work/ozone/ozone/hadoop-ozone/integration-test/target/test-dir/MiniOzoneClusterImpl-8c293bcf-6970-46e1-80ac-8e038071f7a0/datanode-2/data/ratis] (custom)
2022-12-23 07:22:52,400 [5d03e669-1af7-4a90-bfe9-b79df2f5a8e4-NettyServerStreamRpc-bossGroup--thread1] INFO  logging.LoggingHandler (AbstractInternalLogger.java:log(148)) - [id: 0x597bde13] REGISTERED
2022-12-23 07:22:52,400 [5d03e669-1af7-4a90-bfe9-b79df2f5a8e4-NettyServerStreamRpc-bossGroup--thread1] INFO  logging.LoggingHandler (AbstractInternalLogger.java:log(148)) - [id: 0x597bde13] BIND: 0.0.0.0/0.0.0.0:0
2022-12-23 07:22:52,400 [5d03e669-1af7-4a90-bfe9-b79df2f5a8e4-NettyServerStreamRpc-bossGroup--thread1] INFO  logging.LoggingHandler (AbstractInternalLogger.java:log(148)) - [id: 0x597bde13, L:/0:0:0:0:0:0:0:0:33247] ACTIVE
2022-12-23 07:22:52,401 [Listener at 127.0.0.1/42981] INFO  server.XceiverServerGrpc (XceiverServerGrpc.java:<init>(132)) - GrpcServer channel type EpollServerSocketChannel
2022-12-23 07:22:52,404 [Listener at 127.0.0.1/42981] INFO  http.BaseHttpServer (BaseHttpServer.java:newHttpServer2BuilderForOzone(213)) - Starting Web-server for hddsDatanode at: http://0.0.0.0:0
2022-12-23 07:22:52,404 [Listener at 127.0.0.1/42981] INFO  http.BaseHttpServer (BaseHttpServer.java:<init>(108)) - Hadoop Security Enabled: false Ozone Security Enabled: false Ozone HTTP Security Enabled: false 
2022-12-23 07:22:52,407 [Listener at 127.0.0.1/42981] WARN  server.AuthenticationFilter (AuthenticationFilter.java:constructSecretProvider(240)) - Unable to initialize FileSignerSecretProvider, falling back to use random secrets. Reason: Could not read signature secret file: /home/runner/hadoop-http-auth-signature-secret
2022-12-23 07:22:52,407 [Listener at 127.0.0.1/42981] WARN  http.HttpRequestLog (HttpRequestLog.java:getRequestLog(103)) - Jetty request log can only be enabled using Log4j
2022-12-23 07:22:52,408 [Listener at 127.0.0.1/42981] INFO  http.HttpServer2 (HttpServer2.java:addGlobalFilter(1031)) - Added global filter 'safety' (class=org.apache.hadoop.hdds.server.http.HttpServer2$QuotingInputFilter)
2022-12-23 07:22:52,409 [Listener at 127.0.0.1/42981] INFO  http.HttpServer2 (HttpServer2.java:addFilter(1007)) - Added filter static_user_filter (class=org.apache.hadoop.http.lib.StaticUserWebFilter$StaticUserFilter) to context hddsDatanode
2022-12-23 07:22:52,409 [Listener at 127.0.0.1/42981] INFO  http.HttpServer2 (HttpServer2.java:addFilter(1015)) - Added filter static_user_filter (class=org.apache.hadoop.http.lib.StaticUserWebFilter$StaticUserFilter) to context static
2022-12-23 07:22:52,409 [Listener at 127.0.0.1/42981] INFO  http.HttpServer2 (HttpServer2.java:addFilter(1015)) - Added filter static_user_filter (class=org.apache.hadoop.http.lib.StaticUserWebFilter$StaticUserFilter) to context logs
2022-12-23 07:22:52,410 [Listener at 127.0.0.1/42981] INFO  http.HttpServer2 (HttpServer2.java:bindListener(1250)) - Jetty bound to port 36919
2022-12-23 07:22:52,410 [Listener at 127.0.0.1/42981] INFO  server.Server (Server.java:doStart(375)) - jetty-9.4.49.v20220914; built: 2022-09-14T01:07:36.601Z; git: 4231a3b2e4cb8548a412a789936d640a97b1aa0a; jvm 1.8.0_352-b08
2022-12-23 07:22:52,411 [Listener at 127.0.0.1/42981] INFO  server.session (DefaultSessionIdManager.java:doStart(334)) - DefaultSessionIdManager workerName=node0
2022-12-23 07:22:52,411 [Listener at 127.0.0.1/42981] INFO  server.session (DefaultSessionIdManager.java:doStart(339)) - No SessionScavenger set, using defaults
2022-12-23 07:22:52,413 [Listener at 127.0.0.1/42981] INFO  server.session (HouseKeeper.java:startScavenging(132)) - node0 Scavenging every 600000ms
2022-12-23 07:22:52,413 [Listener at 127.0.0.1/42981] INFO  handler.ContextHandler (ContextHandler.java:doStart(921)) - Started o.e.j.s.ServletContextHandler@7e2e0b34{logs,/logs,file:///home/runner/work/ozone/ozone/hadoop-ozone/integration-test/target/log,AVAILABLE}
2022-12-23 07:22:52,414 [Listener at 127.0.0.1/42981] INFO  handler.ContextHandler (ContextHandler.java:doStart(921)) - Started o.e.j.s.ServletContextHandler@4551aa4{static,/static,jar:file:/home/runner/.m2/repository/org/apache/ozone/hdds-container-service/1.3.0-SNAPSHOT/hdds-container-service-1.3.0-SNAPSHOT.jar!/webapps/static,AVAILABLE}
2022-12-23 07:22:52,593 [om1@group-C5BA1605619E-FollowerState] INFO  impl.FollowerState (FollowerState.java:run(143)) - om1@group-C5BA1605619E-FollowerState: change to CANDIDATE, lastRpcElapsedTime:1039631216ns, electionTimeout:1039ms
2022-12-23 07:22:52,593 [om1@group-C5BA1605619E-FollowerState] INFO  impl.RoleInfo (RoleInfo.java:shutdownFollowerState(110)) - om1: shutdown om1@group-C5BA1605619E-FollowerState
2022-12-23 07:22:52,593 [om1@group-C5BA1605619E-FollowerState] INFO  server.RaftServer$Division (RaftServerImpl.java:setRole(321)) - om1@group-C5BA1605619E: changes role from  FOLLOWER to CANDIDATE at term 0 for changeToCandidate
2022-12-23 07:22:52,594 [om1@group-C5BA1605619E-FollowerState] INFO  server.RaftServerConfigKeys (ConfUtils.java:logGet(46)) - raft.server.leaderelection.pre-vote = false (custom)
2022-12-23 07:22:52,594 [om1@group-C5BA1605619E-FollowerState] INFO  impl.RoleInfo (RoleInfo.java:updateAndGet(139)) - om1: start om1@group-C5BA1605619E-LeaderElection22
2022-12-23 07:22:52,597 [om1@group-C5BA1605619E-LeaderElection22] INFO  impl.LeaderElection (LeaderElection.java:askForVotes(312)) - om1@group-C5BA1605619E-LeaderElection22 ELECTION round 0: submit vote requests at term 1 for -1: peers:[om1|rpc:localhost:9872|priority:0|startupRole:FOLLOWER]|listeners:[], old=null
2022-12-23 07:22:52,597 [om1@group-C5BA1605619E-LeaderElection22] INFO  impl.LeaderElection (LeaderElection.java:askForVotes(314)) - om1@group-C5BA1605619E-LeaderElection22 ELECTION round 0: result PASSED (term=1)
2022-12-23 07:22:52,597 [om1@group-C5BA1605619E-LeaderElection22] INFO  impl.RoleInfo (RoleInfo.java:shutdownLeaderElection(130)) - om1: shutdown om1@group-C5BA1605619E-LeaderElection22
2022-12-23 07:22:52,597 [om1@group-C5BA1605619E-LeaderElection22] INFO  server.RaftServer$Division (RaftServerImpl.java:setRole(321)) - om1@group-C5BA1605619E: changes role from CANDIDATE to LEADER at term 1 for changeToLeader
2022-12-23 07:22:52,600 [om1@group-C5BA1605619E-LeaderElection22] INFO  server.RaftServer$Division (ServerState.java:setLeader(313)) - om1@group-C5BA1605619E: change Leader from null to om1 at term 1 for becomeLeader, leader elected after 1603ms
2022-12-23 07:22:52,600 [om1@group-C5BA1605619E-LeaderElection22] INFO  server.RaftServerConfigKeys (ConfUtils.java:logGet(46)) - raft.server.staging.catchup.gap = 1000 (default)
2022-12-23 07:22:52,601 [om1@group-C5BA1605619E-LeaderElection22] INFO  server.RaftServerConfigKeys (ConfUtils.java:logGet(46)) - raft.server.write.element-limit = 4096 (default)
2022-12-23 07:22:52,601 [om1@group-C5BA1605619E-LeaderElection22] INFO  server.RaftServerConfigKeys (ConfUtils.java:logGet(46)) - raft.server.write.byte-limit = 64MB (=67108864) (default)
2022-12-23 07:22:52,601 [om1@group-C5BA1605619E-LeaderElection22] INFO  server.RaftServerConfigKeys (ConfUtils.java:logGet(46)) - raft.server.watch.timeout = 10s (default)
2022-12-23 07:22:52,601 [om1@group-C5BA1605619E-LeaderElection22] INFO  server.RaftServerConfigKeys (ConfUtils.java:logGet(46)) - raft.server.watch.timeout.denomination = 1s (default)
2022-12-23 07:22:52,601 [om1@group-C5BA1605619E-LeaderElection22] INFO  server.RaftServerConfigKeys (ConfUtils.java:logGet(46)) - raft.server.watch.element-limit = 65536 (default)
2022-12-23 07:22:52,603 [om1@group-C5BA1605619E-LeaderElection22] INFO  server.RaftServerConfigKeys (ConfUtils.java:logGet(46)) - raft.server.write.element-limit = 4096 (default)
2022-12-23 07:22:52,603 [om1@group-C5BA1605619E-LeaderElection22] INFO  server.RaftServerConfigKeys (ConfUtils.java:logGet(46)) - raft.server.write.follower.gap.ratio.max = -1.0 (default)
2022-12-23 07:22:52,603 [om1@group-C5BA1605619E-LeaderElection22] INFO  impl.RoleInfo (RoleInfo.java:updateAndGet(139)) - om1: start om1@group-C5BA1605619E-LeaderStateImpl
2022-12-23 07:22:52,603 [om1@group-C5BA1605619E-LeaderElection22] INFO  segmented.SegmentedRaftLogWorker (SegmentedRaftLogWorker.java:startLogSegment(452)) - om1@group-C5BA1605619E-SegmentedRaftLogWorker: Starting segment from index:0
2022-12-23 07:22:52,609 [om1@group-C5BA1605619E-LeaderElection22] INFO  server.RaftServer$Division (ServerState.java:setRaftConf(430)) - om1@group-C5BA1605619E: set configuration 0: peers:[om1|rpc:localhost:9872|admin:|client:|dataStream:|priority:0|startupRole:FOLLOWER]|listeners:[], old=null
2022-12-23 07:22:52,618 [om1@group-C5BA1605619E-SegmentedRaftLogWorker] INFO  segmented.SegmentedRaftLogWorker (SegmentedRaftLogWorker.java:execute(656)) - om1@group-C5BA1605619E-SegmentedRaftLogWorker: created new log segment /home/runner/work/ozone/ozone/hadoop-ozone/integration-test/target/test-dir/MiniOzoneClusterImpl-8c293bcf-6970-46e1-80ac-8e038071f7a0/ozone-meta/ratis/bf265839-605b-3f16-9796-c5ba1605619e/current/log_inprogress_0
2022-12-23 07:22:52,621 [om1@group-C5BA1605619E-StateMachineUpdater] INFO  ratis.OzoneManagerStateMachine (OzoneManagerStateMachine.java:notifyConfigurationChanged(192)) - Received Configuration change notification from Ratis. New Peer list:
[id: "om1"
address: "localhost:9872"
startupRole: FOLLOWER
]
2022-12-23 07:22:52,630 [Listener at 127.0.0.1/42981] INFO  handler.ContextHandler (ContextHandler.java:doStart(921)) - Started o.e.j.w.WebAppContext@3358de38{hddsDatanode,/,file:///tmp/jetty-0_0_0_0-36919-hdds-container-service-1_3_0-SNAPSHOT_jar-_-any-6024280884786361099/webapp/,AVAILABLE}{jar:file:/home/runner/.m2/repository/org/apache/ozone/hdds-container-service/1.3.0-SNAPSHOT/hdds-container-service-1.3.0-SNAPSHOT.jar!/webapps/hddsDatanode}
2022-12-23 07:22:52,632 [Listener at 127.0.0.1/42981] INFO  server.AbstractConnector (AbstractConnector.java:doStart(333)) - Started ServerConnector@6af4a822{HTTP/1.1, (http/1.1)}{0.0.0.0:36919}
2022-12-23 07:22:52,632 [Listener at 127.0.0.1/42981] INFO  server.Server (Server.java:doStart(415)) - Started @73591ms
2022-12-23 07:22:52,632 [Listener at 127.0.0.1/42981] WARN  impl.MetricsSystemImpl (MetricsSystemImpl.java:register(279)) - Sink prometheus already exists!
2022-12-23 07:22:52,633 [Listener at 127.0.0.1/42981] INFO  http.BaseHttpServer (BaseHttpServer.java:updateConnectorAddress(333)) - HTTP server of hddsDatanode listening at http://0.0.0.0:36919
2022-12-23 07:22:52,634 [Listener at 127.0.0.1/42981] INFO  ozone.MiniOzoneClusterImpl (MiniOzoneClusterImpl.java:lambda$waitForClusterToBeReady$0(217)) - Waiting for nodes to be ready. Got 0 of 3 DN Heartbeats.
2022-12-23 07:22:52,634 [Listener at 127.0.0.1/42981] INFO  ozone.MiniOzoneClusterImpl (MiniOzoneClusterImpl.java:lambda$waitForClusterToBeReady$0(220)) - Waiting for cluster to exit safe mode
2022-12-23 07:22:52,634 [Listener at 127.0.0.1/42981] INFO  ozone.MiniOzoneClusterImpl (MiniOzoneClusterImpl.java:lambda$waitForClusterToBeReady$0(222)) - SCM became leader
2022-12-23 07:22:52,634 [Datanode State Machine Daemon Thread] INFO  statemachine.DatanodeStateMachine (DatanodeStateMachine.java:lambda$startDaemon$0(508)) - Ozone container server started.
2022-12-23 07:22:52,639 [org.apache.hadoop.util.JvmPauseMonitor$Monitor@4ca90b71] INFO  util.JvmPauseMonitor (JvmPauseMonitor.java:run(188)) - Starting JVM pause monitor
2022-12-23 07:22:52,645 [Datanode State Machine Task Thread - 0] INFO  datanode.InitDatanodeState (InitDatanodeState.java:persistContainerDatanodeDetails(138)) - DatanodeDetails is persisted to /home/runner/work/ozone/ozone/hadoop-ozone/integration-test/target/test-dir/MiniOzoneClusterImpl-8c293bcf-6970-46e1-80ac-8e038071f7a0/datanode-2/meta/datanode.id
2022-12-23 07:22:53,634 [Listener at 127.0.0.1/42981] INFO  ozone.MiniOzoneClusterImpl (MiniOzoneClusterImpl.java:lambda$waitForClusterToBeReady$0(217)) - Waiting for nodes to be ready. Got 0 of 3 DN Heartbeats.
2022-12-23 07:22:53,635 [Listener at 127.0.0.1/42981] INFO  ozone.MiniOzoneClusterImpl (MiniOzoneClusterImpl.java:lambda$waitForClusterToBeReady$0(220)) - Waiting for cluster to exit safe mode
2022-12-23 07:22:53,635 [Listener at 127.0.0.1/42981] INFO  ozone.MiniOzoneClusterImpl (MiniOzoneClusterImpl.java:lambda$waitForClusterToBeReady$0(222)) - SCM became leader
2022-12-23 07:22:53,994 [EndpointStateMachine task thread for /0.0.0.0:33437 - 0 ] INFO  utils.DatanodeStoreCache (DatanodeStoreCache.java:addDB(58)) - Added db /home/runner/work/ozone/ozone/hadoop-ozone/integration-test/target/test-dir/MiniOzoneClusterImpl-8c293bcf-6970-46e1-80ac-8e038071f7a0/datanode-0/data-0/containers/hdds/8c293bcf-6970-46e1-80ac-8e038071f7a0/DS-36d9bf79-331b-4e0d-acbe-236276070392/container.db to cache
2022-12-23 07:22:53,994 [EndpointStateMachine task thread for /0.0.0.0:33437 - 0 ] INFO  volume.HddsVolume (HddsVolume.java:createDbStore(307)) - SchemaV3 db is created and loaded at /home/runner/work/ozone/ozone/hadoop-ozone/integration-test/target/test-dir/MiniOzoneClusterImpl-8c293bcf-6970-46e1-80ac-8e038071f7a0/datanode-0/data-0/containers/hdds/8c293bcf-6970-46e1-80ac-8e038071f7a0/DS-36d9bf79-331b-4e0d-acbe-236276070392/container.db for volume DS-36d9bf79-331b-4e0d-acbe-236276070392
2022-12-23 07:22:53,994 [EndpointStateMachine task thread for /0.0.0.0:33437 - 0 ] INFO  ozoneimpl.OzoneContainer (OzoneContainer.java:start(395)) - Attempting to start container services.
2022-12-23 07:22:53,994 [EndpointStateMachine task thread for /0.0.0.0:33437 - 0 ] INFO  ozoneimpl.OzoneContainer (OzoneContainer.java:startContainerScrub(312)) - Scheduled background container scanners and the on-demand container scanner have been disabled.
2022-12-23 07:22:53,996 [EndpointStateMachine task thread for /0.0.0.0:33437 - 0 ] INFO  replication.ReplicationServer (ReplicationServer.java:start(106)) - ReplicationServer is started using port 33781
2022-12-23 07:22:53,996 [EndpointStateMachine task thread for /0.0.0.0:33437 - 0 ] INFO  ratis.XceiverServerRatis (XceiverServerRatis.java:start(517)) - Starting XceiverServerRatis b016757e-a2f5-4449-b608-35b74ad87f3b
2022-12-23 07:22:53,997 [EndpointStateMachine task thread for /0.0.0.0:33437 - 0 ] INFO  server.RaftServer (RaftServerProxy.java:startImpl(393)) - b016757e-a2f5-4449-b608-35b74ad87f3b: start RPC server
2022-12-23 07:22:53,998 [EndpointStateMachine task thread for /0.0.0.0:33437 - 0 ] INFO  server.GrpcService (GrpcService.java:startImpl(262)) - b016757e-a2f5-4449-b608-35b74ad87f3b: GrpcService started, listening on 46143
2022-12-23 07:22:53,998 [EndpointStateMachine task thread for /0.0.0.0:33437 - 0 ] INFO  ratis.XceiverServerRatis (XceiverServerRatis.java:getRealPort(543)) - XceiverServerRatis b016757e-a2f5-4449-b608-35b74ad87f3b is started using port 46143 for RATIS
2022-12-23 07:22:53,998 [EndpointStateMachine task thread for /0.0.0.0:33437 - 0 ] INFO  ratis.XceiverServerRatis (XceiverServerRatis.java:getRealPort(543)) - XceiverServerRatis b016757e-a2f5-4449-b608-35b74ad87f3b is started using port 46143 for RATIS_ADMIN
2022-12-23 07:22:53,998 [EndpointStateMachine task thread for /0.0.0.0:33437 - 0 ] INFO  ratis.XceiverServerRatis (XceiverServerRatis.java:getRealPort(543)) - XceiverServerRatis b016757e-a2f5-4449-b608-35b74ad87f3b is started using port 46143 for RATIS_SERVER
2022-12-23 07:22:53,998 [EndpointStateMachine task thread for /0.0.0.0:33437 - 0 ] INFO  ratis.XceiverServerRatis (XceiverServerRatis.java:getRealPort(543)) - XceiverServerRatis b016757e-a2f5-4449-b608-35b74ad87f3b is started using port 37677 for RATIS_DATASTREAM
2022-12-23 07:22:53,998 [JvmPauseMonitor13] INFO  util.JvmPauseMonitor (JvmPauseMonitor.java:run(105)) - JvmPauseMonitor-b016757e-a2f5-4449-b608-35b74ad87f3b: Started
2022-12-23 07:22:54,004 [EndpointStateMachine task thread for /0.0.0.0:33437 - 0 ] INFO  server.XceiverServerGrpc (XceiverServerGrpc.java:start(180)) - XceiverServerGrpc b016757e-a2f5-4449-b608-35b74ad87f3b is started using port 42855
2022-12-23 07:22:54,323 [EndpointStateMachine task thread for /0.0.0.0:33437 - 0 ] INFO  utils.DatanodeStoreCache (DatanodeStoreCache.java:addDB(58)) - Added db /home/runner/work/ozone/ozone/hadoop-ozone/integration-test/target/test-dir/MiniOzoneClusterImpl-8c293bcf-6970-46e1-80ac-8e038071f7a0/datanode-1/data-0/containers/hdds/8c293bcf-6970-46e1-80ac-8e038071f7a0/DS-47df09c4-db45-4b0b-8e79-740c617db823/container.db to cache
2022-12-23 07:22:54,323 [EndpointStateMachine task thread for /0.0.0.0:33437 - 0 ] INFO  volume.HddsVolume (HddsVolume.java:createDbStore(307)) - SchemaV3 db is created and loaded at /home/runner/work/ozone/ozone/hadoop-ozone/integration-test/target/test-dir/MiniOzoneClusterImpl-8c293bcf-6970-46e1-80ac-8e038071f7a0/datanode-1/data-0/containers/hdds/8c293bcf-6970-46e1-80ac-8e038071f7a0/DS-47df09c4-db45-4b0b-8e79-740c617db823/container.db for volume DS-47df09c4-db45-4b0b-8e79-740c617db823
2022-12-23 07:22:54,323 [EndpointStateMachine task thread for /0.0.0.0:33437 - 0 ] INFO  ozoneimpl.OzoneContainer (OzoneContainer.java:start(395)) - Attempting to start container services.
2022-12-23 07:22:54,323 [EndpointStateMachine task thread for /0.0.0.0:33437 - 0 ] INFO  ozoneimpl.OzoneContainer (OzoneContainer.java:startContainerScrub(312)) - Scheduled background container scanners and the on-demand container scanner have been disabled.
2022-12-23 07:22:54,324 [EndpointStateMachine task thread for /0.0.0.0:33437 - 0 ] INFO  replication.ReplicationServer (ReplicationServer.java:start(106)) - ReplicationServer is started using port 43099
2022-12-23 07:22:54,325 [EndpointStateMachine task thread for /0.0.0.0:33437 - 0 ] INFO  ratis.XceiverServerRatis (XceiverServerRatis.java:start(517)) - Starting XceiverServerRatis 7f99fde5-c133-45d1-9e6f-6197bf32a4df
2022-12-23 07:22:54,325 [EndpointStateMachine task thread for /0.0.0.0:33437 - 0 ] INFO  server.RaftServer (RaftServerProxy.java:startImpl(393)) - 7f99fde5-c133-45d1-9e6f-6197bf32a4df: start RPC server
2022-12-23 07:22:54,329 [EndpointStateMachine task thread for /0.0.0.0:33437 - 0 ] INFO  server.GrpcService (GrpcService.java:startImpl(262)) - 7f99fde5-c133-45d1-9e6f-6197bf32a4df: GrpcService started, listening on 33403
2022-12-23 07:22:54,329 [EndpointStateMachine task thread for /0.0.0.0:33437 - 0 ] INFO  ratis.XceiverServerRatis (XceiverServerRatis.java:getRealPort(543)) - XceiverServerRatis 7f99fde5-c133-45d1-9e6f-6197bf32a4df is started using port 33403 for RATIS
2022-12-23 07:22:54,329 [JvmPauseMonitor14] INFO  util.JvmPauseMonitor (JvmPauseMonitor.java:run(105)) - JvmPauseMonitor-7f99fde5-c133-45d1-9e6f-6197bf32a4df: Started
2022-12-23 07:22:54,329 [EndpointStateMachine task thread for /0.0.0.0:33437 - 0 ] INFO  ratis.XceiverServerRatis (XceiverServerRatis.java:getRealPort(543)) - XceiverServerRatis 7f99fde5-c133-45d1-9e6f-6197bf32a4df is started using port 33403 for RATIS_ADMIN
2022-12-23 07:22:54,329 [EndpointStateMachine task thread for /0.0.0.0:33437 - 0 ] INFO  ratis.XceiverServerRatis (XceiverServerRatis.java:getRealPort(543)) - XceiverServerRatis 7f99fde5-c133-45d1-9e6f-6197bf32a4df is started using port 33403 for RATIS_SERVER
2022-12-23 07:22:54,329 [EndpointStateMachine task thread for /0.0.0.0:33437 - 0 ] INFO  ratis.XceiverServerRatis (XceiverServerRatis.java:getRealPort(543)) - XceiverServerRatis 7f99fde5-c133-45d1-9e6f-6197bf32a4df is started using port 45641 for RATIS_DATASTREAM
2022-12-23 07:22:54,330 [EndpointStateMachine task thread for /0.0.0.0:33437 - 0 ] INFO  server.XceiverServerGrpc (XceiverServerGrpc.java:start(180)) - XceiverServerGrpc 7f99fde5-c133-45d1-9e6f-6197bf32a4df is started using port 44811
2022-12-23 07:22:54,635 [Listener at 127.0.0.1/42981] INFO  ozone.MiniOzoneClusterImpl (MiniOzoneClusterImpl.java:lambda$waitForClusterToBeReady$0(217)) - Waiting for nodes to be ready. Got 0 of 3 DN Heartbeats.
2022-12-23 07:22:54,635 [Listener at 127.0.0.1/42981] INFO  ozone.MiniOzoneClusterImpl (MiniOzoneClusterImpl.java:lambda$waitForClusterToBeReady$0(220)) - Waiting for cluster to exit safe mode
2022-12-23 07:22:54,635 [Listener at 127.0.0.1/42981] INFO  ozone.MiniOzoneClusterImpl (MiniOzoneClusterImpl.java:lambda$waitForClusterToBeReady$0(222)) - SCM became leader
2022-12-23 07:22:54,669 [EndpointStateMachine task thread for /0.0.0.0:33437 - 0 ] INFO  utils.DatanodeStoreCache (DatanodeStoreCache.java:addDB(58)) - Added db /home/runner/work/ozone/ozone/hadoop-ozone/integration-test/target/test-dir/MiniOzoneClusterImpl-8c293bcf-6970-46e1-80ac-8e038071f7a0/datanode-2/data-0/containers/hdds/8c293bcf-6970-46e1-80ac-8e038071f7a0/DS-0987216e-0b7c-4ae0-aa47-2df9d4508f9c/container.db to cache
2022-12-23 07:22:54,670 [EndpointStateMachine task thread for /0.0.0.0:33437 - 0 ] INFO  volume.HddsVolume (HddsVolume.java:createDbStore(307)) - SchemaV3 db is created and loaded at /home/runner/work/ozone/ozone/hadoop-ozone/integration-test/target/test-dir/MiniOzoneClusterImpl-8c293bcf-6970-46e1-80ac-8e038071f7a0/datanode-2/data-0/containers/hdds/8c293bcf-6970-46e1-80ac-8e038071f7a0/DS-0987216e-0b7c-4ae0-aa47-2df9d4508f9c/container.db for volume DS-0987216e-0b7c-4ae0-aa47-2df9d4508f9c
2022-12-23 07:22:54,670 [EndpointStateMachine task thread for /0.0.0.0:33437 - 0 ] INFO  ozoneimpl.OzoneContainer (OzoneContainer.java:start(395)) - Attempting to start container services.
2022-12-23 07:22:54,670 [EndpointStateMachine task thread for /0.0.0.0:33437 - 0 ] INFO  ozoneimpl.OzoneContainer (OzoneContainer.java:startContainerScrub(312)) - Scheduled background container scanners and the on-demand container scanner have been disabled.
2022-12-23 07:22:54,671 [EndpointStateMachine task thread for /0.0.0.0:33437 - 0 ] INFO  replication.ReplicationServer (ReplicationServer.java:start(106)) - ReplicationServer is started using port 42443
2022-12-23 07:22:54,672 [EndpointStateMachine task thread for /0.0.0.0:33437 - 0 ] INFO  ratis.XceiverServerRatis (XceiverServerRatis.java:start(517)) - Starting XceiverServerRatis 5d03e669-1af7-4a90-bfe9-b79df2f5a8e4
2022-12-23 07:22:54,672 [EndpointStateMachine task thread for /0.0.0.0:33437 - 0 ] INFO  server.RaftServer (RaftServerProxy.java:startImpl(393)) - 5d03e669-1af7-4a90-bfe9-b79df2f5a8e4: start RPC server
2022-12-23 07:22:54,673 [EndpointStateMachine task thread for /0.0.0.0:33437 - 0 ] INFO  server.GrpcService (GrpcService.java:startImpl(262)) - 5d03e669-1af7-4a90-bfe9-b79df2f5a8e4: GrpcService started, listening on 44683
2022-12-23 07:22:54,673 [EndpointStateMachine task thread for /0.0.0.0:33437 - 0 ] INFO  ratis.XceiverServerRatis (XceiverServerRatis.java:getRealPort(543)) - XceiverServerRatis 5d03e669-1af7-4a90-bfe9-b79df2f5a8e4 is started using port 44683 for RATIS
2022-12-23 07:22:54,673 [JvmPauseMonitor15] INFO  util.JvmPauseMonitor (JvmPauseMonitor.java:run(105)) - JvmPauseMonitor-5d03e669-1af7-4a90-bfe9-b79df2f5a8e4: Started
2022-12-23 07:22:54,673 [EndpointStateMachine task thread for /0.0.0.0:33437 - 0 ] INFO  ratis.XceiverServerRatis (XceiverServerRatis.java:getRealPort(543)) - XceiverServerRatis 5d03e669-1af7-4a90-bfe9-b79df2f5a8e4 is started using port 44683 for RATIS_ADMIN
2022-12-23 07:22:54,676 [EndpointStateMachine task thread for /0.0.0.0:33437 - 0 ] INFO  ratis.XceiverServerRatis (XceiverServerRatis.java:getRealPort(543)) - XceiverServerRatis 5d03e669-1af7-4a90-bfe9-b79df2f5a8e4 is started using port 44683 for RATIS_SERVER
2022-12-23 07:22:54,677 [EndpointStateMachine task thread for /0.0.0.0:33437 - 0 ] INFO  ratis.XceiverServerRatis (XceiverServerRatis.java:getRealPort(543)) - XceiverServerRatis 5d03e669-1af7-4a90-bfe9-b79df2f5a8e4 is started using port 33247 for RATIS_DATASTREAM
2022-12-23 07:22:54,683 [EndpointStateMachine task thread for /0.0.0.0:33437 - 0 ] INFO  server.XceiverServerGrpc (XceiverServerGrpc.java:start(180)) - XceiverServerGrpc 5d03e669-1af7-4a90-bfe9-b79df2f5a8e4 is started using port 34353
2022-12-23 07:22:55,636 [Listener at 127.0.0.1/42981] INFO  ozone.MiniOzoneClusterImpl (MiniOzoneClusterImpl.java:lambda$waitForClusterToBeReady$0(217)) - Waiting for nodes to be ready. Got 0 of 3 DN Heartbeats.
2022-12-23 07:22:55,636 [Listener at 127.0.0.1/42981] INFO  ozone.MiniOzoneClusterImpl (MiniOzoneClusterImpl.java:lambda$waitForClusterToBeReady$0(220)) - Waiting for cluster to exit safe mode
2022-12-23 07:22:55,636 [Listener at 127.0.0.1/42981] INFO  ozone.MiniOzoneClusterImpl (MiniOzoneClusterImpl.java:lambda$waitForClusterToBeReady$0(222)) - SCM became leader
2022-12-23 07:22:55,959 [IPC Server handler 0 on default port 33437] INFO  net.NetworkTopologyImpl (NetworkTopologyImpl.java:add(112)) - Added a new node: /default-rack/b016757e-a2f5-4449-b608-35b74ad87f3b
2022-12-23 07:22:55,959 [IPC Server handler 0 on default port 33437] INFO  node.SCMNodeManager (SCMNodeManager.java:register(397)) - Registered Data node : b016757e-a2f5-4449-b608-35b74ad87f3b{ip: 10.1.0.40, host: fv-az505-480.g2e1luzo1moefklhgra4trf2va.dx.internal.cloudapp.net, ports: [REPLICATION=33781, RATIS=46143, RATIS_ADMIN=46143, RATIS_SERVER=46143, RATIS_DATASTREAM=37677, STANDALONE=42855], networkLocation: /default-rack, certSerialId: null, persistedOpState: null, persistedOpStateExpiryEpochSec: 0}
2022-12-23 07:22:55,965 [EventQueue-NodeRegistrationContainerReportForDataNodeSafeModeRule] INFO  safemode.SCMSafeModeManager (DataNodeSafeModeRule.java:process(71)) - SCM in safe mode. 1 DataNodes registered, 3 required.
2022-12-23 07:22:55,966 [EventQueue-NodeRegistrationContainerReportForContainerSafeModeRule] INFO  safemode.SCMSafeModeManager (SCMSafeModeManager.java:validateSafeModeExitRules(200)) - ContainerSafeModeRule rule is successfully validated
2022-12-23 07:22:55,969 [EventQueue-NewNodeForNewNodeHandler] INFO  pipeline.BackgroundPipelineCreator (BackgroundPipelineCreator.java:notifyEventTriggered(276)) - trigger a one-shot run on RatisPipelineUtilsThread.
2022-12-23 07:22:55,969 [EventQueue-PipelineReportForOneReplicaPipelineSafeModeRule] INFO  safemode.SCMSafeModeManager (SCMSafeModeManager.java:validateSafeModeExitRules(200)) - AtleastOneDatanodeReportedRule rule is successfully validated
2022-12-23 07:22:55,969 [RatisPipelineUtilsThread - 0] INFO  pipeline.RatisPipelineProvider (RatisPipelineProvider.java:lambda$create$0(206)) - Sending CreatePipelineCommand for pipeline:PipelineID=399b4de4-ef26-421b-9628-14ba28c80dff to datanode:b016757e-a2f5-4449-b608-35b74ad87f3b
2022-12-23 07:22:55,970 [RatisPipelineUtilsThread - 0] INFO  pipeline.PipelineStateManagerImpl (PipelineStateManagerImpl.java:addPipeline(103)) - Created pipeline Pipeline[ Id: 399b4de4-ef26-421b-9628-14ba28c80dff, Nodes: b016757e-a2f5-4449-b608-35b74ad87f3b{ip: 10.1.0.40, host: fv-az505-480.g2e1luzo1moefklhgra4trf2va.dx.internal.cloudapp.net, ports: [REPLICATION=33781, RATIS=46143, RATIS_ADMIN=46143, RATIS_SERVER=46143, RATIS_DATASTREAM=37677, STANDALONE=42855], networkLocation: /default-rack, certSerialId: null, persistedOpState: IN_SERVICE, persistedOpStateExpiryEpochSec: 0}, ReplicationConfig: RATIS/ONE, State:ALLOCATED, leaderId:, CreationTimestamp2022-12-23T07:22:55.969Z[Etc/UTC]].
2022-12-23 07:22:56,289 [IPC Server handler 2 on default port 33437] INFO  net.NetworkTopologyImpl (NetworkTopologyImpl.java:add(112)) - Added a new node: /default-rack/7f99fde5-c133-45d1-9e6f-6197bf32a4df
2022-12-23 07:22:56,289 [IPC Server handler 2 on default port 33437] INFO  node.SCMNodeManager (SCMNodeManager.java:register(397)) - Registered Data node : 7f99fde5-c133-45d1-9e6f-6197bf32a4df{ip: 10.1.0.40, host: fv-az505-480.g2e1luzo1moefklhgra4trf2va.dx.internal.cloudapp.net, ports: [REPLICATION=43099, RATIS=33403, RATIS_ADMIN=33403, RATIS_SERVER=33403, RATIS_DATASTREAM=45641, STANDALONE=44811], networkLocation: /default-rack, certSerialId: null, persistedOpState: null, persistedOpStateExpiryEpochSec: 0}
2022-12-23 07:22:56,290 [EventQueue-NodeRegistrationContainerReportForDataNodeSafeModeRule] INFO  safemode.SCMSafeModeManager (DataNodeSafeModeRule.java:process(71)) - SCM in safe mode. 2 DataNodes registered, 3 required.
2022-12-23 07:22:56,291 [EventQueue-NewNodeForNewNodeHandler] INFO  pipeline.BackgroundPipelineCreator (BackgroundPipelineCreator.java:notifyEventTriggered(276)) - trigger a one-shot run on RatisPipelineUtilsThread.
2022-12-23 07:22:56,291 [RatisPipelineUtilsThread - 0] INFO  pipeline.RatisPipelineProvider (RatisPipelineProvider.java:lambda$create$0(206)) - Sending CreatePipelineCommand for pipeline:PipelineID=3a7d60f2-691f-473b-8d80-63501acb4033 to datanode:7f99fde5-c133-45d1-9e6f-6197bf32a4df
2022-12-23 07:22:56,292 [RatisPipelineUtilsThread - 0] INFO  pipeline.PipelineStateManagerImpl (PipelineStateManagerImpl.java:addPipeline(103)) - Created pipeline Pipeline[ Id: 3a7d60f2-691f-473b-8d80-63501acb4033, Nodes: 7f99fde5-c133-45d1-9e6f-6197bf32a4df{ip: 10.1.0.40, host: fv-az505-480.g2e1luzo1moefklhgra4trf2va.dx.internal.cloudapp.net, ports: [REPLICATION=43099, RATIS=33403, RATIS_ADMIN=33403, RATIS_SERVER=33403, RATIS_DATASTREAM=45641, STANDALONE=44811], networkLocation: /default-rack, certSerialId: null, persistedOpState: IN_SERVICE, persistedOpStateExpiryEpochSec: 0}, ReplicationConfig: RATIS/ONE, State:ALLOCATED, leaderId:, CreationTimestamp2022-12-23T07:22:56.291Z[Etc/UTC]].
2022-12-23 07:22:56,636 [Listener at 127.0.0.1/42981] INFO  ozone.MiniOzoneClusterImpl (MiniOzoneClusterImpl.java:lambda$waitForClusterToBeReady$0(217)) - Waiting for nodes to be ready. Got 2 of 3 DN Heartbeats.
2022-12-23 07:22:56,637 [Listener at 127.0.0.1/42981] INFO  ozone.MiniOzoneClusterImpl (MiniOzoneClusterImpl.java:lambda$waitForClusterToBeReady$0(220)) - Waiting for cluster to exit safe mode
2022-12-23 07:22:56,637 [Listener at 127.0.0.1/42981] INFO  ozone.MiniOzoneClusterImpl (MiniOzoneClusterImpl.java:lambda$waitForClusterToBeReady$0(222)) - SCM became leader
2022-12-23 07:22:56,640 [IPC Server handler 1 on default port 33437] INFO  net.NetworkTopologyImpl (NetworkTopologyImpl.java:add(112)) - Added a new node: /default-rack/5d03e669-1af7-4a90-bfe9-b79df2f5a8e4
2022-12-23 07:22:56,641 [IPC Server handler 1 on default port 33437] INFO  node.SCMNodeManager (SCMNodeManager.java:register(397)) - Registered Data node : 5d03e669-1af7-4a90-bfe9-b79df2f5a8e4{ip: 10.1.0.40, host: fv-az505-480.g2e1luzo1moefklhgra4trf2va.dx.internal.cloudapp.net, ports: [REPLICATION=42443, RATIS=44683, RATIS_ADMIN=44683, RATIS_SERVER=44683, RATIS_DATASTREAM=33247, STANDALONE=34353], networkLocation: /default-rack, certSerialId: null, persistedOpState: null, persistedOpStateExpiryEpochSec: 0}
2022-12-23 07:22:56,641 [EventQueue-NewNodeForNewNodeHandler] INFO  pipeline.BackgroundPipelineCreator (BackgroundPipelineCreator.java:notifyEventTriggered(276)) - trigger a one-shot run on RatisPipelineUtilsThread.
2022-12-23 07:22:56,642 [EventQueue-NodeRegistrationContainerReportForDataNodeSafeModeRule] INFO  safemode.SCMSafeModeManager (DataNodeSafeModeRule.java:process(71)) - SCM in safe mode. 3 DataNodes registered, 3 required.
2022-12-23 07:22:56,642 [EventQueue-NodeRegistrationContainerReportForDataNodeSafeModeRule] INFO  safemode.SCMSafeModeManager (SCMSafeModeManager.java:validateSafeModeExitRules(200)) - DataNodeSafeModeRule rule is successfully validated
2022-12-23 07:22:56,642 [RatisPipelineUtilsThread - 0] INFO  pipeline.RatisPipelineProvider (RatisPipelineProvider.java:lambda$create$0(206)) - Sending CreatePipelineCommand for pipeline:PipelineID=39bb6d28-e8f5-4591-af34-0f0d4893eb64 to datanode:5d03e669-1af7-4a90-bfe9-b79df2f5a8e4
2022-12-23 07:22:56,643 [RatisPipelineUtilsThread - 0] INFO  pipeline.PipelineStateManagerImpl (PipelineStateManagerImpl.java:addPipeline(103)) - Created pipeline Pipeline[ Id: 39bb6d28-e8f5-4591-af34-0f0d4893eb64, Nodes: 5d03e669-1af7-4a90-bfe9-b79df2f5a8e4{ip: 10.1.0.40, host: fv-az505-480.g2e1luzo1moefklhgra4trf2va.dx.internal.cloudapp.net, ports: [REPLICATION=42443, RATIS=44683, RATIS_ADMIN=44683, RATIS_SERVER=44683, RATIS_DATASTREAM=33247, STANDALONE=34353], networkLocation: /default-rack, certSerialId: null, persistedOpState: IN_SERVICE, persistedOpStateExpiryEpochSec: 0}, ReplicationConfig: RATIS/ONE, State:ALLOCATED, leaderId:, CreationTimestamp2022-12-23T07:22:56.642Z[Etc/UTC]].
2022-12-23 07:22:56,642 [EventQueue-NodeRegistrationContainerReportForDataNodeSafeModeRule] INFO  safemode.SCMSafeModeManager (SCMSafeModeManager.java:completePreCheck(229)) - All SCM safe mode pre check rules have passed
2022-12-23 07:22:56,643 [EventQueue-NodeRegistrationContainerReportForDataNodeSafeModeRule] INFO  ha.SCMContext (SCMContext.java:updateSafeModeStatus(228)) - Update SafeModeStatus from SafeModeStatus{safeModeStatus=true, preCheckPassed=false} to SafeModeStatus{safeModeStatus=true, preCheckPassed=true}.
2022-12-23 07:22:56,643 [EventQueue-NodeRegistrationContainerReportForDataNodeSafeModeRule] INFO  pipeline.BackgroundPipelineCreator (BackgroundPipelineCreator.java:notifyEventTriggered(276)) - trigger a one-shot run on RatisPipelineUtilsThread.
2022-12-23 07:22:56,644 [RatisPipelineUtilsThread - 0] INFO  pipeline.RatisPipelineProvider (RatisPipelineProvider.java:lambda$create$0(206)) - Sending CreatePipelineCommand for pipeline:PipelineID=7335db79-e925-4346-8fac-2227897b3a92 to datanode:5d03e669-1af7-4a90-bfe9-b79df2f5a8e4
2022-12-23 07:22:56,644 [RatisPipelineUtilsThread - 0] INFO  pipeline.RatisPipelineProvider (RatisPipelineProvider.java:lambda$create$0(206)) - Sending CreatePipelineCommand for pipeline:PipelineID=7335db79-e925-4346-8fac-2227897b3a92 to datanode:b016757e-a2f5-4449-b608-35b74ad87f3b
2022-12-23 07:22:56,644 [RatisPipelineUtilsThread - 0] INFO  pipeline.RatisPipelineProvider (RatisPipelineProvider.java:lambda$create$0(206)) - Sending CreatePipelineCommand for pipeline:PipelineID=7335db79-e925-4346-8fac-2227897b3a92 to datanode:7f99fde5-c133-45d1-9e6f-6197bf32a4df
2022-12-23 07:22:56,645 [RatisPipelineUtilsThread - 0] INFO  pipeline.PipelineStateManagerImpl (PipelineStateManagerImpl.java:addPipeline(103)) - Created pipeline Pipeline[ Id: 7335db79-e925-4346-8fac-2227897b3a92, Nodes: 5d03e669-1af7-4a90-bfe9-b79df2f5a8e4{ip: 10.1.0.40, host: fv-az505-480.g2e1luzo1moefklhgra4trf2va.dx.internal.cloudapp.net, ports: [REPLICATION=42443, RATIS=44683, RATIS_ADMIN=44683, RATIS_SERVER=44683, RATIS_DATASTREAM=33247, STANDALONE=34353], networkLocation: /default-rack, certSerialId: null, persistedOpState: IN_SERVICE, persistedOpStateExpiryEpochSec: 0}b016757e-a2f5-4449-b608-35b74ad87f3b{ip: 10.1.0.40, host: fv-az505-480.g2e1luzo1moefklhgra4trf2va.dx.internal.cloudapp.net, ports: [REPLICATION=33781, RATIS=46143, RATIS_ADMIN=46143, RATIS_SERVER=46143, RATIS_DATASTREAM=37677, STANDALONE=42855], networkLocation: /default-rack, certSerialId: null, persistedOpState: IN_SERVICE, persistedOpStateExpiryEpochSec: 0}7f99fde5-c133-45d1-9e6f-6197bf32a4df{ip: 10.1.0.40, host: fv-az505-480.g2e1luzo1moefklhgra4trf2va.dx.internal.cloudapp.net, ports: [REPLICATION=43099, RATIS=33403, RATIS_ADMIN=33403, RATIS_SERVER=33403, RATIS_DATASTREAM=45641, STANDALONE=44811], networkLocation: /default-rack, certSerialId: null, persistedOpState: IN_SERVICE, persistedOpStateExpiryEpochSec: 0}, ReplicationConfig: RATIS/THREE, State:ALLOCATED, leaderId:, CreationTimestamp2022-12-23T07:22:56.644Z[Etc/UTC]].
2022-12-23 07:22:56,645 [RatisPipelineUtilsThread - 0] INFO  pipeline.RatisPipelineProvider (RatisPipelineProvider.java:lambda$create$0(206)) - Sending CreatePipelineCommand for pipeline:PipelineID=bdc334c8-1f61-40c4-822f-f639db4f7f68 to datanode:7f99fde5-c133-45d1-9e6f-6197bf32a4df
2022-12-23 07:22:56,645 [RatisPipelineUtilsThread - 0] INFO  pipeline.RatisPipelineProvider (RatisPipelineProvider.java:lambda$create$0(206)) - Sending CreatePipelineCommand for pipeline:PipelineID=bdc334c8-1f61-40c4-822f-f639db4f7f68 to datanode:b016757e-a2f5-4449-b608-35b74ad87f3b
2022-12-23 07:22:56,645 [RatisPipelineUtilsThread - 0] INFO  pipeline.RatisPipelineProvider (RatisPipelineProvider.java:lambda$create$0(206)) - Sending CreatePipelineCommand for pipeline:PipelineID=bdc334c8-1f61-40c4-822f-f639db4f7f68 to datanode:5d03e669-1af7-4a90-bfe9-b79df2f5a8e4
2022-12-23 07:22:56,646 [RatisPipelineUtilsThread - 0] INFO  pipeline.PipelineStateManagerImpl (PipelineStateManagerImpl.java:addPipeline(103)) - Created pipeline Pipeline[ Id: bdc334c8-1f61-40c4-822f-f639db4f7f68, Nodes: 7f99fde5-c133-45d1-9e6f-6197bf32a4df{ip: 10.1.0.40, host: fv-az505-480.g2e1luzo1moefklhgra4trf2va.dx.internal.cloudapp.net, ports: [REPLICATION=43099, RATIS=33403, RATIS_ADMIN=33403, RATIS_SERVER=33403, RATIS_DATASTREAM=45641, STANDALONE=44811], networkLocation: /default-rack, certSerialId: null, persistedOpState: IN_SERVICE, persistedOpStateExpiryEpochSec: 0}b016757e-a2f5-4449-b608-35b74ad87f3b{ip: 10.1.0.40, host: fv-az505-480.g2e1luzo1moefklhgra4trf2va.dx.internal.cloudapp.net, ports: [REPLICATION=33781, RATIS=46143, RATIS_ADMIN=46143, RATIS_SERVER=46143, RATIS_DATASTREAM=37677, STANDALONE=42855], networkLocation: /default-rack, certSerialId: null, persistedOpState: IN_SERVICE, persistedOpStateExpiryEpochSec: 0}5d03e669-1af7-4a90-bfe9-b79df2f5a8e4{ip: 10.1.0.40, host: fv-az505-480.g2e1luzo1moefklhgra4trf2va.dx.internal.cloudapp.net, ports: [REPLICATION=42443, RATIS=44683, RATIS_ADMIN=44683, RATIS_SERVER=44683, RATIS_DATASTREAM=33247, STANDALONE=34353], networkLocation: /default-rack, certSerialId: null, persistedOpState: IN_SERVICE, persistedOpStateExpiryEpochSec: 0}, ReplicationConfig: RATIS/THREE, State:ALLOCATED, leaderId:, CreationTimestamp2022-12-23T07:22:56.645Z[Etc/UTC]].
2022-12-23 07:22:56,647 [RatisPipelineUtilsThread - 0] INFO  pipeline.PipelineManagerImpl (PipelineManagerImpl.java:recordMetricsForPipeline(826)) - Pipeline: PipelineID=bdc334c8-1f61-40c4-822f-f639db4f7f68 contains same datanodes as previous pipelines: PipelineID=7335db79-e925-4346-8fac-2227897b3a92 nodeIds: 7f99fde5-c133-45d1-9e6f-6197bf32a4df, b016757e-a2f5-4449-b608-35b74ad87f3b, 5d03e669-1af7-4a90-bfe9-b79df2f5a8e4
2022-12-23 07:22:56,648 [RatisPipelineUtilsThread - 0] WARN  pipeline.PipelinePlacementPolicy (PipelinePlacementPolicy.java:filterViableNodes(158)) - Pipeline creation failed due to no sufficient healthy datanodes. Required 3. Found 0.
2022-12-23 07:22:57,637 [Listener at 127.0.0.1/42981] INFO  ozone.MiniOzoneClusterImpl (MiniOzoneClusterImpl.java:lambda$waitForClusterToBeReady$0(217)) - Nodes are ready. Got 3 of 3 DN Heartbeats.
2022-12-23 07:22:57,637 [Listener at 127.0.0.1/42981] INFO  ozone.MiniOzoneClusterImpl (MiniOzoneClusterImpl.java:lambda$waitForClusterToBeReady$0(220)) - Waiting for cluster to exit safe mode
2022-12-23 07:22:57,637 [Listener at 127.0.0.1/42981] INFO  ozone.MiniOzoneClusterImpl (MiniOzoneClusterImpl.java:lambda$waitForClusterToBeReady$0(222)) - SCM became leader
2022-12-23 07:22:57,960 [EventQueue-CommandQueueReportForCommandQueueReportHandler] WARN  events.EventQueue (EventQueue.java:fireEvent(216)) - No event handler registered for event TypedEvent{payloadType=DatanodeDetails, name='Datanode_Command_Queue_Updated'}
2022-12-23 07:22:58,296 [EventQueue-CommandQueueReportForCommandQueueReportHandler] WARN  events.EventQueue (EventQueue.java:fireEvent(216)) - No event handler registered for event TypedEvent{payloadType=DatanodeDetails, name='Datanode_Command_Queue_Updated'}
2022-12-23 07:22:58,638 [Listener at 127.0.0.1/42981] INFO  ozone.MiniOzoneClusterImpl (MiniOzoneClusterImpl.java:lambda$waitForClusterToBeReady$0(217)) - Nodes are ready. Got 3 of 3 DN Heartbeats.
2022-12-23 07:22:58,638 [Listener at 127.0.0.1/42981] INFO  ozone.MiniOzoneClusterImpl (MiniOzoneClusterImpl.java:lambda$waitForClusterToBeReady$0(220)) - Waiting for cluster to exit safe mode
2022-12-23 07:22:58,638 [Listener at 127.0.0.1/42981] INFO  ozone.MiniOzoneClusterImpl (MiniOzoneClusterImpl.java:lambda$waitForClusterToBeReady$0(222)) - SCM became leader
2022-12-23 07:22:58,641 [EventQueue-CommandQueueReportForCommandQueueReportHandler] WARN  events.EventQueue (EventQueue.java:fireEvent(216)) - No event handler registered for event TypedEvent{payloadType=DatanodeDetails, name='Datanode_Command_Queue_Updated'}
2022-12-23 07:22:58,960 [Command processor thread] INFO  server.RaftServer (RaftServerProxy.java:addNew(96)) - b016757e-a2f5-4449-b608-35b74ad87f3b: addNew group-14BA28C80DFF:[b016757e-a2f5-4449-b608-35b74ad87f3b|rpc:10.1.0.40:46143|dataStream:10.1.0.40:37677|priority:1|startupRole:FOLLOWER] returns group-14BA28C80DFF:java.util.concurrent.CompletableFuture@413bece2[Not completed]
2022-12-23 07:22:58,962 [pool-506-thread-1] INFO  server.RaftServer$Division (RaftServerImpl.java:<init>(195)) - b016757e-a2f5-4449-b608-35b74ad87f3b: new RaftServerImpl for group-14BA28C80DFF:[b016757e-a2f5-4449-b608-35b74ad87f3b|rpc:10.1.0.40:46143|dataStream:10.1.0.40:37677|priority:1|startupRole:FOLLOWER] with ContainerStateMachine:uninitialized
2022-12-23 07:22:58,963 [pool-506-thread-1] INFO  server.RaftServerConfigKeys (ConfUtils.java:logGet(46)) - raft.server.rpc.timeout.min = 5s (custom)
2022-12-23 07:22:58,963 [pool-506-thread-1] INFO  server.RaftServerConfigKeys (ConfUtils.java:logGet(46)) - raft.server.rpc.timeout.max = 5200ms (custom)
2022-12-23 07:22:58,963 [pool-506-thread-1] INFO  server.RaftServerConfigKeys (ConfUtils.java:logGet(46)) - raft.server.rpc.sleep.time = 25ms (default)
2022-12-23 07:22:58,963 [EventQueue-CommandQueueReportForCommandQueueReportHandler] WARN  events.EventQueue (EventQueue.java:fireEvent(216)) - No event handler registered for event TypedEvent{payloadType=DatanodeDetails, name='Datanode_Command_Queue_Updated'}
2022-12-23 07:22:58,963 [pool-506-thread-1] INFO  server.RaftServerConfigKeys (ConfUtils.java:logGet(46)) - raft.server.rpc.slowness.timeout = 300s (custom)
2022-12-23 07:22:58,963 [pool-506-thread-1] INFO  server.RaftServerConfigKeys (ConfUtils.java:logGet(46)) - raft.server.leaderelection.leader.step-down.wait-time = 10s (default)
2022-12-23 07:22:58,963 [pool-506-thread-1] INFO  server.RaftServerConfigKeys (ConfUtils.java:logGet(46)) - raft.server.sleep.deviation.threshold = 300ms (default)
2022-12-23 07:22:58,964 [pool-506-thread-1] INFO  server.RaftServer$Division (ServerState.java:<init>(118)) - b016757e-a2f5-4449-b608-35b74ad87f3b@group-14BA28C80DFF: ConfigurationManager, init=-1: peers:[b016757e-a2f5-4449-b608-35b74ad87f3b|rpc:10.1.0.40:46143|dataStream:10.1.0.40:37677|priority:1|startupRole:FOLLOWER]|listeners:[], old=null, confs=<EMPTY_MAP>
2022-12-23 07:22:58,964 [pool-506-thread-1] INFO  server.RaftServerConfigKeys (ConfUtils.java:logGet(46)) - raft.server.storage.dir = [/home/runner/work/ozone/ozone/hadoop-ozone/integration-test/target/test-dir/MiniOzoneClusterImpl-8c293bcf-6970-46e1-80ac-8e038071f7a0/datanode-0/data/ratis] (custom)
2022-12-23 07:22:58,964 [pool-506-thread-1] INFO  server.RaftServerConfigKeys (ConfUtils.java:logGet(46)) - raft.server.log.corruption.policy = EXCEPTION (default)
2022-12-23 07:22:58,964 [pool-506-thread-1] INFO  server.RaftServerConfigKeys (ConfUtils.java:logGet(46)) - raft.server.storage.free-space.min = 0MB (=0) (default)
2022-12-23 07:22:58,964 [pool-506-thread-1] INFO  server.RaftServerConfigKeys (ConfUtils.java:logGet(46)) - raft.server.notification.no-leader.timeout = 300s (custom)
2022-12-23 07:22:58,964 [pool-506-thread-1] INFO  server.RaftServerConfigKeys (ConfUtils.java:logGet(46)) - raft.server.retrycache.expirytime = 600000ms (custom)
2022-12-23 07:22:58,964 [pool-506-thread-1] INFO  server.RaftServerConfigKeys (ConfUtils.java:logGet(46)) - raft.server.retrycache.statistics.expirytime = 100μs (default)
2022-12-23 07:22:58,965 [pool-506-thread-1] INFO  server.RaftServerConfigKeys (ConfUtils.java:logGet(46)) - raft.server.log.appender.install.snapshot.enabled = false (custom)
2022-12-23 07:22:58,965 [pool-506-thread-1] INFO  server.RaftServerConfigKeys (ConfUtils.java:logGet(46)) - raft.server.threadpool.server.cached = true (default)
2022-12-23 07:22:58,965 [pool-506-thread-1] INFO  server.RaftServerConfigKeys (ConfUtils.java:logGet(46)) - raft.server.threadpool.server.size = 0 (default)
2022-12-23 07:22:58,965 [pool-506-thread-1] INFO  server.RaftServerConfigKeys (ConfUtils.java:logGet(46)) - raft.server.threadpool.client.cached = true (default)
2022-12-23 07:22:58,965 [pool-506-thread-1] INFO  server.RaftServerConfigKeys (ConfUtils.java:logGet(46)) - raft.server.threadpool.client.size = 0 (default)
2022-12-23 07:22:58,966 [pool-506-thread-1] INFO  storage.RaftStorageDirectory (RaftStorageDirectoryImpl.java:analyzeStorage(137)) - The storage directory /home/runner/work/ozone/ozone/hadoop-ozone/integration-test/target/test-dir/MiniOzoneClusterImpl-8c293bcf-6970-46e1-80ac-8e038071f7a0/datanode-0/data/ratis/399b4de4-ef26-421b-9628-14ba28c80dff does not exist. Creating ...
2022-12-23 07:22:58,968 [pool-506-thread-1] INFO  storage.RaftStorageDirectory (RaftStorageDirectoryImpl.java:tryLock(231)) - Lock on /home/runner/work/ozone/ozone/hadoop-ozone/integration-test/target/test-dir/MiniOzoneClusterImpl-8c293bcf-6970-46e1-80ac-8e038071f7a0/datanode-0/data/ratis/399b4de4-ef26-421b-9628-14ba28c80dff/in_use.lock acquired by nodename 81300@fv-az505-480
2022-12-23 07:22:58,969 [pool-506-thread-1] INFO  storage.RaftStorage (RaftStorageImpl.java:format(96)) - Storage directory /home/runner/work/ozone/ozone/hadoop-ozone/integration-test/target/test-dir/MiniOzoneClusterImpl-8c293bcf-6970-46e1-80ac-8e038071f7a0/datanode-0/data/ratis/399b4de4-ef26-421b-9628-14ba28c80dff has been successfully formatted.
2022-12-23 07:22:58,970 [pool-506-thread-1] INFO  ratis.ContainerStateMachine (ContainerStateMachine.java:loadSnapshot(240)) - group-14BA28C80DFF: The snapshot info is null. Setting the last applied indexto:(t:0, i:~)
2022-12-23 07:22:58,970 [pool-506-thread-1] INFO  server.RaftServerConfigKeys (ConfUtils.java:logGet(46)) - raft.server.log.use.memory = false (default)
2022-12-23 07:22:58,970 [pool-506-thread-1] INFO  server.RaftServerConfigKeys (ConfUtils.java:logGet(46)) - raft.server.log.purge.gap = 1000000 (custom)
2022-12-23 07:22:58,970 [pool-506-thread-1] INFO  server.RaftServerConfigKeys (ConfUtils.java:logGet(46)) - raft.server.log.appender.buffer.byte-limit = 33554432 (custom)
2022-12-23 07:22:58,970 [pool-506-thread-1] INFO  server.RaftServerConfigKeys (ConfUtils.java:logGet(46)) - raft.server.log.statemachine.data.read.timeout = 1000ms (default)
2022-12-23 07:22:58,970 [pool-506-thread-1] INFO  server.RaftServerConfigKeys (ConfUtils.java:logGet(46)) - raft.server.log.purge.preservation.log.num = 0 (default)
2022-12-23 07:22:58,971 [EventQueue-CommandQueueReportForCommandQueueReportHandler] WARN  events.EventQueue (EventQueue.java:fireEvent(216)) - No event handler registered for event TypedEvent{payloadType=DatanodeDetails, name='Datanode_Command_Queue_Updated'}
2022-12-23 07:22:58,971 [EventQueue-PipelineReportForPipelineReportHandler] INFO  pipeline.PipelineManagerImpl (PipelineManagerImpl.java:openPipeline(367)) - Pipeline Pipeline[ Id: 399b4de4-ef26-421b-9628-14ba28c80dff, Nodes: b016757e-a2f5-4449-b608-35b74ad87f3b{ip: 10.1.0.40, host: fv-az505-480.g2e1luzo1moefklhgra4trf2va.dx.internal.cloudapp.net, ports: [REPLICATION=33781, RATIS=46143, RATIS_ADMIN=46143, RATIS_SERVER=46143, RATIS_DATASTREAM=37677, STANDALONE=42855], networkLocation: /default-rack, certSerialId: null, persistedOpState: IN_SERVICE, persistedOpStateExpiryEpochSec: 0}, ReplicationConfig: RATIS/ONE, State:ALLOCATED, leaderId:b016757e-a2f5-4449-b608-35b74ad87f3b, CreationTimestamp2022-12-23T07:22:55.969Z[Etc/UTC]] moved to OPEN state
2022-12-23 07:22:58,973 [pool-506-thread-1] INFO  server.RaftServerConfigKeys (ConfUtils.java:logGet(46)) - raft.server.log.segment.size.max = 1048576 (custom)
2022-12-23 07:22:58,973 [pool-506-thread-1] INFO  server.RaftServerConfigKeys (ConfUtils.java:logGet(46)) - raft.server.log.segment.cache.num.max = 2 (custom)
2022-12-23 07:22:58,973 [pool-506-thread-1] INFO  server.RaftServerConfigKeys (ConfUtils.java:logGet(46)) - raft.server.log.segment.cache.size.max = 200MB (=209715200) (default)
2022-12-23 07:22:58,973 [pool-506-thread-1] INFO  segmented.SegmentedRaftLogWorker (SegmentedRaftLogWorker.java:<init>(189)) - new b016757e-a2f5-4449-b608-35b74ad87f3b@group-14BA28C80DFF-SegmentedRaftLogWorker for RaftStorageImpl:Storage Directory /home/runner/work/ozone/ozone/hadoop-ozone/integration-test/target/test-dir/MiniOzoneClusterImpl-8c293bcf-6970-46e1-80ac-8e038071f7a0/datanode-0/data/ratis/399b4de4-ef26-421b-9628-14ba28c80dff
2022-12-23 07:22:58,973 [pool-506-thread-1] INFO  server.RaftServerConfigKeys (ConfUtils.java:logGet(46)) - raft.server.log.queue.byte-limit = 4294967296 (custom)
2022-12-23 07:22:58,973 [pool-506-thread-1] INFO  server.RaftServerConfigKeys (ConfUtils.java:logGet(46)) - raft.server.log.queue.element-limit = 1024 (custom)
2022-12-23 07:22:58,973 [pool-506-thread-1] INFO  server.RaftServerConfigKeys (ConfUtils.java:logGet(46)) - raft.server.log.segment.size.max = 1048576 (custom)
2022-12-23 07:22:58,973 [pool-506-thread-1] INFO  server.RaftServerConfigKeys (ConfUtils.java:logGet(46)) - raft.server.log.preallocated.size = 16384 (custom)
2022-12-23 07:22:58,974 [pool-506-thread-1] INFO  server.RaftServerConfigKeys (ConfUtils.java:logGet(46)) - raft.server.log.force.sync.num = 128 (default)
2022-12-23 07:22:58,974 [pool-506-thread-1] INFO  server.RaftServerConfigKeys (ConfUtils.java:logGet(46)) - raft.server.log.statemachine.data.sync = true (default)
2022-12-23 07:22:58,974 [pool-506-thread-1] INFO  server.RaftServerConfigKeys (ConfUtils.java:logGet(46)) - raft.server.log.statemachine.data.sync.timeout = 10s (default)
2022-12-23 07:22:58,974 [pool-506-thread-1] INFO  server.RaftServerConfigKeys (ConfUtils.java:logGet(46)) - raft.server.log.statemachine.data.sync.timeout.retry = -1 (default)
2022-12-23 07:22:58,974 [pool-506-thread-1] INFO  server.RaftServerConfigKeys (ConfUtils.java:logGet(46)) - raft.server.log.write.buffer.size = 1048576 (custom)
2022-12-23 07:22:58,975 [pool-506-thread-1] INFO  server.RaftServerConfigKeys (ConfUtils.java:logGet(46)) - raft.server.log.appender.buffer.byte-limit = 33554432 (custom)
2022-12-23 07:22:58,981 [pool-506-thread-1] INFO  server.RaftServerConfigKeys (ConfUtils.java:logGet(46)) - raft.server.log.unsafe-flush.enabled = false (default)
2022-12-23 07:22:58,981 [EventQueue-OpenPipelineForHealthyPipelineSafeModeRule] INFO  safemode.SCMSafeModeManager (HealthyPipelineSafeModeRule.java:process(137)) - SCM in safe mode. Healthy pipelines reported count is 0, required healthy pipeline reported count is 1
2022-12-23 07:22:58,981 [pool-506-thread-1] INFO  server.RaftServerConfigKeys (ConfUtils.java:logGet(46)) - raft.server.log.async-flush.enabled = false (default)
2022-12-23 07:22:58,981 [pool-506-thread-1] INFO  server.RaftServerConfigKeys (ConfUtils.java:logGet(46)) - raft.server.log.statemachine.data.caching.enabled = true (custom)
2022-12-23 07:22:58,981 [pool-506-thread-1] INFO  segmented.SegmentedRaftLogWorker (SegmentedRaftLogWorker.java:lambda$new$0(135)) - b016757e-a2f5-4449-b608-35b74ad87f3b@group-14BA28C80DFF-SegmentedRaftLogWorker: flushIndex: setUnconditionally 0 -> -1
2022-12-23 07:22:58,982 [pool-506-thread-1] INFO  segmented.SegmentedRaftLogWorker (SegmentedRaftLogWorker.java:lambda$new$0(135)) - b016757e-a2f5-4449-b608-35b74ad87f3b@group-14BA28C80DFF-SegmentedRaftLogWorker: safeCacheEvictIndex: setUnconditionally 0 -> -1
2022-12-23 07:22:58,982 [pool-506-thread-1] INFO  server.RaftServer$Division (RaftServerImpl.java:start(334)) - b016757e-a2f5-4449-b608-35b74ad87f3b@group-14BA28C80DFF: start as a follower, conf=-1: peers:[b016757e-a2f5-4449-b608-35b74ad87f3b|rpc:10.1.0.40:46143|dataStream:10.1.0.40:37677|priority:1|startupRole:FOLLOWER]|listeners:[], old=null
2022-12-23 07:22:58,982 [pool-506-thread-1] INFO  server.RaftServer$Division (RaftServerImpl.java:setRole(321)) - b016757e-a2f5-4449-b608-35b74ad87f3b@group-14BA28C80DFF: changes role from      null to FOLLOWER at term 0 for startAsFollower
2022-12-23 07:22:58,982 [pool-506-thread-1] INFO  impl.RoleInfo (RoleInfo.java:updateAndGet(139)) - b016757e-a2f5-4449-b608-35b74ad87f3b: start b016757e-a2f5-4449-b608-35b74ad87f3b@group-14BA28C80DFF-FollowerState
2022-12-23 07:22:58,984 [pool-506-thread-1] INFO  util.JmxRegister (JmxRegister.java:tryRegister(44)) - Successfully registered JMX Bean with object name Ratis:service=RaftServer,group=group-14BA28C80DFF,id=b016757e-a2f5-4449-b608-35b74ad87f3b
2022-12-23 07:22:58,985 [pool-506-thread-1] INFO  server.RaftServerConfigKeys (ConfUtils.java:logGet(46)) - raft.server.snapshot.auto.trigger.enabled = true (custom)
2022-12-23 07:22:58,985 [pool-506-thread-1] INFO  server.RaftServerConfigKeys (ConfUtils.java:logGet(46)) - raft.server.snapshot.auto.trigger.threshold = 10000 (custom)
2022-12-23 07:22:58,985 [pool-506-thread-1] INFO  server.RaftServerConfigKeys (ConfUtils.java:logGet(46)) - raft.server.snapshot.retention.file.num = 5 (custom)
2022-12-23 07:22:58,985 [pool-506-thread-1] INFO  server.RaftServerConfigKeys (ConfUtils.java:logGet(46)) - raft.server.log.purge.upto.snapshot.index = false (default)
2022-12-23 07:22:58,985 [b016757e-a2f5-4449-b608-35b74ad87f3b@group-14BA28C80DFF-FollowerState] INFO  server.RaftServerConfigKeys (ConfUtils.java:logFallback(53)) - raft.server.rpc.first-election.timeout.min = 5s (fallback to raft.server.rpc.timeout.min)
2022-12-23 07:22:58,985 [b016757e-a2f5-4449-b608-35b74ad87f3b@group-14BA28C80DFF-FollowerState] INFO  server.RaftServerConfigKeys (ConfUtils.java:logFallback(53)) - raft.server.rpc.first-election.timeout.max = 5200ms (fallback to raft.server.rpc.timeout.max)
2022-12-23 07:22:58,988 [Command processor thread] INFO  ratis.XceiverServerRatis (XceiverServerRatis.java:addGroup(806)) - Created group PipelineID=399b4de4-ef26-421b-9628-14ba28c80dff
2022-12-23 07:22:58,988 [Command processor thread] INFO  commandhandler.CreatePipelineCommandHandler (CreatePipelineCommandHandler.java:handle(113)) - Created Pipeline RATIS ONE PipelineID=399b4de4-ef26-421b-9628-14ba28c80dff.
2022-12-23 07:22:58,988 [Command processor thread] INFO  server.RaftServer (RaftServerProxy.java:addNew(96)) - b016757e-a2f5-4449-b608-35b74ad87f3b: addNew group-2227897B3A92:[7f99fde5-c133-45d1-9e6f-6197bf32a4df|rpc:10.1.0.40:33403|dataStream:10.1.0.40:45641|priority:0|startupRole:FOLLOWER, 5d03e669-1af7-4a90-bfe9-b79df2f5a8e4|rpc:10.1.0.40:44683|dataStream:10.1.0.40:33247|priority:1|startupRole:FOLLOWER, b016757e-a2f5-4449-b608-35b74ad87f3b|rpc:10.1.0.40:46143|dataStream:10.1.0.40:37677|priority:0|startupRole:FOLLOWER] returns group-2227897B3A92:java.util.concurrent.CompletableFuture@4504701d[Not completed]
2022-12-23 07:22:58,989 [pool-506-thread-1] INFO  server.RaftServer$Division (RaftServerImpl.java:<init>(195)) - b016757e-a2f5-4449-b608-35b74ad87f3b: new RaftServerImpl for group-2227897B3A92:[7f99fde5-c133-45d1-9e6f-6197bf32a4df|rpc:10.1.0.40:33403|dataStream:10.1.0.40:45641|priority:0|startupRole:FOLLOWER, 5d03e669-1af7-4a90-bfe9-b79df2f5a8e4|rpc:10.1.0.40:44683|dataStream:10.1.0.40:33247|priority:1|startupRole:FOLLOWER, b016757e-a2f5-4449-b608-35b74ad87f3b|rpc:10.1.0.40:46143|dataStream:10.1.0.40:37677|priority:0|startupRole:FOLLOWER] with ContainerStateMachine:uninitialized
2022-12-23 07:22:58,989 [pool-506-thread-1] INFO  server.RaftServerConfigKeys (ConfUtils.java:logGet(46)) - raft.server.rpc.timeout.min = 5s (custom)
2022-12-23 07:22:58,989 [pool-506-thread-1] INFO  server.RaftServerConfigKeys (ConfUtils.java:logGet(46)) - raft.server.rpc.timeout.max = 5200ms (custom)
2022-12-23 07:22:58,989 [pool-506-thread-1] INFO  server.RaftServerConfigKeys (ConfUtils.java:logGet(46)) - raft.server.rpc.sleep.time = 25ms (default)
2022-12-23 07:22:58,989 [pool-506-thread-1] INFO  server.RaftServerConfigKeys (ConfUtils.java:logGet(46)) - raft.server.rpc.slowness.timeout = 300s (custom)
2022-12-23 07:22:58,989 [pool-506-thread-1] INFO  server.RaftServerConfigKeys (ConfUtils.java:logGet(46)) - raft.server.leaderelection.leader.step-down.wait-time = 10s (default)
2022-12-23 07:22:58,989 [pool-506-thread-1] INFO  server.RaftServerConfigKeys (ConfUtils.java:logGet(46)) - raft.server.sleep.deviation.threshold = 300ms (default)
2022-12-23 07:22:58,989 [pool-506-thread-1] INFO  server.RaftServer$Division (ServerState.java:<init>(118)) - b016757e-a2f5-4449-b608-35b74ad87f3b@group-2227897B3A92: ConfigurationManager, init=-1: peers:[7f99fde5-c133-45d1-9e6f-6197bf32a4df|rpc:10.1.0.40:33403|dataStream:10.1.0.40:45641|priority:0|startupRole:FOLLOWER, 5d03e669-1af7-4a90-bfe9-b79df2f5a8e4|rpc:10.1.0.40:44683|dataStream:10.1.0.40:33247|priority:1|startupRole:FOLLOWER, b016757e-a2f5-4449-b608-35b74ad87f3b|rpc:10.1.0.40:46143|dataStream:10.1.0.40:37677|priority:0|startupRole:FOLLOWER]|listeners:[], old=null, confs=<EMPTY_MAP>
2022-12-23 07:22:58,989 [pool-506-thread-1] INFO  server.RaftServerConfigKeys (ConfUtils.java:logGet(46)) - raft.server.storage.dir = [/home/runner/work/ozone/ozone/hadoop-ozone/integration-test/target/test-dir/MiniOzoneClusterImpl-8c293bcf-6970-46e1-80ac-8e038071f7a0/datanode-0/data/ratis] (custom)
2022-12-23 07:22:58,990 [pool-506-thread-1] INFO  server.RaftServerConfigKeys (ConfUtils.java:logGet(46)) - raft.server.log.corruption.policy = EXCEPTION (default)
2022-12-23 07:22:58,990 [pool-506-thread-1] INFO  server.RaftServerConfigKeys (ConfUtils.java:logGet(46)) - raft.server.storage.free-space.min = 0MB (=0) (default)
2022-12-23 07:22:58,990 [pool-506-thread-1] INFO  server.RaftServerConfigKeys (ConfUtils.java:logGet(46)) - raft.server.notification.no-leader.timeout = 300s (custom)
2022-12-23 07:22:58,990 [pool-506-thread-1] INFO  server.RaftServerConfigKeys (ConfUtils.java:logGet(46)) - raft.server.retrycache.expirytime = 600000ms (custom)
2022-12-23 07:22:58,990 [pool-506-thread-1] INFO  server.RaftServerConfigKeys (ConfUtils.java:logGet(46)) - raft.server.retrycache.statistics.expirytime = 100μs (default)
2022-12-23 07:22:58,990 [pool-506-thread-1] INFO  server.RaftServerConfigKeys (ConfUtils.java:logGet(46)) - raft.server.log.appender.install.snapshot.enabled = false (custom)
2022-12-23 07:22:58,990 [pool-506-thread-1] INFO  server.RaftServerConfigKeys (ConfUtils.java:logGet(46)) - raft.server.threadpool.server.cached = true (default)
2022-12-23 07:22:58,990 [pool-506-thread-1] INFO  server.RaftServerConfigKeys (ConfUtils.java:logGet(46)) - raft.server.threadpool.server.size = 0 (default)
2022-12-23 07:22:58,991 [pool-506-thread-1] INFO  server.RaftServerConfigKeys (ConfUtils.java:logGet(46)) - raft.server.threadpool.client.cached = true (default)
2022-12-23 07:22:58,991 [pool-506-thread-1] INFO  server.RaftServerConfigKeys (ConfUtils.java:logGet(46)) - raft.server.threadpool.client.size = 0 (default)
2022-12-23 07:22:58,991 [pool-506-thread-1] INFO  storage.RaftStorageDirectory (RaftStorageDirectoryImpl.java:analyzeStorage(137)) - The storage directory /home/runner/work/ozone/ozone/hadoop-ozone/integration-test/target/test-dir/MiniOzoneClusterImpl-8c293bcf-6970-46e1-80ac-8e038071f7a0/datanode-0/data/ratis/7335db79-e925-4346-8fac-2227897b3a92 does not exist. Creating ...
2022-12-23 07:22:58,992 [pool-506-thread-1] INFO  storage.RaftStorageDirectory (RaftStorageDirectoryImpl.java:tryLock(231)) - Lock on /home/runner/work/ozone/ozone/hadoop-ozone/integration-test/target/test-dir/MiniOzoneClusterImpl-8c293bcf-6970-46e1-80ac-8e038071f7a0/datanode-0/data/ratis/7335db79-e925-4346-8fac-2227897b3a92/in_use.lock acquired by nodename 81300@fv-az505-480
2022-12-23 07:22:58,993 [pool-506-thread-1] INFO  storage.RaftStorage (RaftStorageImpl.java:format(96)) - Storage directory /home/runner/work/ozone/ozone/hadoop-ozone/integration-test/target/test-dir/MiniOzoneClusterImpl-8c293bcf-6970-46e1-80ac-8e038071f7a0/datanode-0/data/ratis/7335db79-e925-4346-8fac-2227897b3a92 has been successfully formatted.
2022-12-23 07:22:58,994 [pool-506-thread-1] INFO  ratis.ContainerStateMachine (ContainerStateMachine.java:loadSnapshot(240)) - group-2227897B3A92: The snapshot info is null. Setting the last applied indexto:(t:0, i:~)
2022-12-23 07:22:58,994 [pool-506-thread-1] INFO  server.RaftServerConfigKeys (ConfUtils.java:logGet(46)) - raft.server.log.use.memory = false (default)
2022-12-23 07:22:58,994 [pool-506-thread-1] INFO  server.RaftServerConfigKeys (ConfUtils.java:logGet(46)) - raft.server.log.purge.gap = 1000000 (custom)
2022-12-23 07:22:58,994 [pool-506-thread-1] INFO  server.RaftServerConfigKeys (ConfUtils.java:logGet(46)) - raft.server.log.appender.buffer.byte-limit = 33554432 (custom)
2022-12-23 07:22:58,994 [pool-506-thread-1] INFO  server.RaftServerConfigKeys (ConfUtils.java:logGet(46)) - raft.server.log.statemachine.data.read.timeout = 1000ms (default)
2022-12-23 07:22:58,994 [pool-506-thread-1] INFO  server.RaftServerConfigKeys (ConfUtils.java:logGet(46)) - raft.server.log.purge.preservation.log.num = 0 (default)
2022-12-23 07:22:58,994 [pool-506-thread-1] INFO  server.RaftServerConfigKeys (ConfUtils.java:logGet(46)) - raft.server.log.segment.size.max = 1048576 (custom)
2022-12-23 07:22:58,994 [pool-506-thread-1] INFO  server.RaftServerConfigKeys (ConfUtils.java:logGet(46)) - raft.server.log.segment.cache.num.max = 2 (custom)
2022-12-23 07:22:58,995 [pool-506-thread-1] INFO  server.RaftServerConfigKeys (ConfUtils.java:logGet(46)) - raft.server.log.segment.cache.size.max = 200MB (=209715200) (default)
2022-12-23 07:22:58,995 [pool-506-thread-1] INFO  segmented.SegmentedRaftLogWorker (SegmentedRaftLogWorker.java:<init>(189)) - new b016757e-a2f5-4449-b608-35b74ad87f3b@group-2227897B3A92-SegmentedRaftLogWorker for RaftStorageImpl:Storage Directory /home/runner/work/ozone/ozone/hadoop-ozone/integration-test/target/test-dir/MiniOzoneClusterImpl-8c293bcf-6970-46e1-80ac-8e038071f7a0/datanode-0/data/ratis/7335db79-e925-4346-8fac-2227897b3a92
2022-12-23 07:22:58,995 [pool-506-thread-1] INFO  server.RaftServerConfigKeys (ConfUtils.java:logGet(46)) - raft.server.log.queue.byte-limit = 4294967296 (custom)
2022-12-23 07:22:58,995 [pool-506-thread-1] INFO  server.RaftServerConfigKeys (ConfUtils.java:logGet(46)) - raft.server.log.queue.element-limit = 1024 (custom)
2022-12-23 07:22:58,995 [pool-506-thread-1] INFO  server.RaftServerConfigKeys (ConfUtils.java:logGet(46)) - raft.server.log.segment.size.max = 1048576 (custom)
2022-12-23 07:22:58,995 [pool-506-thread-1] INFO  server.RaftServerConfigKeys (ConfUtils.java:logGet(46)) - raft.server.log.preallocated.size = 16384 (custom)
2022-12-23 07:22:58,995 [pool-506-thread-1] INFO  server.RaftServerConfigKeys (ConfUtils.java:logGet(46)) - raft.server.log.force.sync.num = 128 (default)
2022-12-23 07:22:58,995 [pool-506-thread-1] INFO  server.RaftServerConfigKeys (ConfUtils.java:logGet(46)) - raft.server.log.statemachine.data.sync = true (default)
2022-12-23 07:22:58,995 [EventQueue-OpenPipelineForHealthyPipelineSafeModeRule] INFO  safemode.SCMSafeModeManager (HealthyPipelineSafeModeRule.java:process(137)) - SCM in safe mode. Healthy pipelines reported count is 0, required healthy pipeline reported count is 1
2022-12-23 07:22:58,995 [EventQueue-CommandQueueReportForCommandQueueReportHandler] WARN  events.EventQueue (EventQueue.java:fireEvent(216)) - No event handler registered for event TypedEvent{payloadType=DatanodeDetails, name='Datanode_Command_Queue_Updated'}
2022-12-23 07:22:58,995 [pool-506-thread-1] INFO  server.RaftServerConfigKeys (ConfUtils.java:logGet(46)) - raft.server.log.statemachine.data.sync.timeout = 10s (default)
2022-12-23 07:22:58,995 [pool-506-thread-1] INFO  server.RaftServerConfigKeys (ConfUtils.java:logGet(46)) - raft.server.log.statemachine.data.sync.timeout.retry = -1 (default)
2022-12-23 07:22:58,996 [pool-506-thread-1] INFO  server.RaftServerConfigKeys (ConfUtils.java:logGet(46)) - raft.server.log.write.buffer.size = 1048576 (custom)
2022-12-23 07:22:58,996 [pool-506-thread-1] INFO  server.RaftServerConfigKeys (ConfUtils.java:logGet(46)) - raft.server.log.appender.buffer.byte-limit = 33554432 (custom)
2022-12-23 07:22:59,002 [pool-506-thread-1] INFO  server.RaftServerConfigKeys (ConfUtils.java:logGet(46)) - raft.server.log.unsafe-flush.enabled = false (default)
2022-12-23 07:22:59,002 [pool-506-thread-1] INFO  server.RaftServerConfigKeys (ConfUtils.java:logGet(46)) - raft.server.log.async-flush.enabled = false (default)
2022-12-23 07:22:59,002 [pool-506-thread-1] INFO  server.RaftServerConfigKeys (ConfUtils.java:logGet(46)) - raft.server.log.statemachine.data.caching.enabled = true (custom)
2022-12-23 07:22:59,002 [pool-506-thread-1] INFO  segmented.SegmentedRaftLogWorker (SegmentedRaftLogWorker.java:lambda$new$0(135)) - b016757e-a2f5-4449-b608-35b74ad87f3b@group-2227897B3A92-SegmentedRaftLogWorker: flushIndex: setUnconditionally 0 -> -1
2022-12-23 07:22:59,002 [pool-506-thread-1] INFO  segmented.SegmentedRaftLogWorker (SegmentedRaftLogWorker.java:lambda$new$0(135)) - b016757e-a2f5-4449-b608-35b74ad87f3b@group-2227897B3A92-SegmentedRaftLogWorker: safeCacheEvictIndex: setUnconditionally 0 -> -1
2022-12-23 07:22:59,004 [pool-506-thread-1] INFO  server.RaftServer$Division (RaftServerImpl.java:start(334)) - b016757e-a2f5-4449-b608-35b74ad87f3b@group-2227897B3A92: start as a follower, conf=-1: peers:[7f99fde5-c133-45d1-9e6f-6197bf32a4df|rpc:10.1.0.40:33403|dataStream:10.1.0.40:45641|priority:0|startupRole:FOLLOWER, 5d03e669-1af7-4a90-bfe9-b79df2f5a8e4|rpc:10.1.0.40:44683|dataStream:10.1.0.40:33247|priority:1|startupRole:FOLLOWER, b016757e-a2f5-4449-b608-35b74ad87f3b|rpc:10.1.0.40:46143|dataStream:10.1.0.40:37677|priority:0|startupRole:FOLLOWER]|listeners:[], old=null
2022-12-23 07:22:59,004 [pool-506-thread-1] INFO  server.RaftServer$Division (RaftServerImpl.java:setRole(321)) - b016757e-a2f5-4449-b608-35b74ad87f3b@group-2227897B3A92: changes role from      null to FOLLOWER at term 0 for startAsFollower
2022-12-23 07:22:59,005 [pool-506-thread-1] INFO  impl.RoleInfo (RoleInfo.java:updateAndGet(139)) - b016757e-a2f5-4449-b608-35b74ad87f3b: start b016757e-a2f5-4449-b608-35b74ad87f3b@group-2227897B3A92-FollowerState
2022-12-23 07:22:59,007 [pool-506-thread-1] INFO  util.JmxRegister (JmxRegister.java:tryRegister(44)) - Successfully registered JMX Bean with object name Ratis:service=RaftServer,group=group-2227897B3A92,id=b016757e-a2f5-4449-b608-35b74ad87f3b
2022-12-23 07:22:59,007 [pool-506-thread-1] INFO  server.RaftServerConfigKeys (ConfUtils.java:logGet(46)) - raft.server.snapshot.auto.trigger.enabled = true (custom)
2022-12-23 07:22:59,007 [pool-506-thread-1] INFO  server.RaftServerConfigKeys (ConfUtils.java:logGet(46)) - raft.server.snapshot.auto.trigger.threshold = 10000 (custom)
2022-12-23 07:22:59,007 [pool-506-thread-1] INFO  server.RaftServerConfigKeys (ConfUtils.java:logGet(46)) - raft.server.snapshot.retention.file.num = 5 (custom)
2022-12-23 07:22:59,007 [pool-506-thread-1] INFO  server.RaftServerConfigKeys (ConfUtils.java:logGet(46)) - raft.server.log.purge.upto.snapshot.index = false (default)
2022-12-23 07:22:59,008 [b016757e-a2f5-4449-b608-35b74ad87f3b@group-2227897B3A92-FollowerState] INFO  server.RaftServerConfigKeys (ConfUtils.java:logFallback(53)) - raft.server.rpc.first-election.timeout.min = 5s (fallback to raft.server.rpc.timeout.min)
2022-12-23 07:22:59,008 [b016757e-a2f5-4449-b608-35b74ad87f3b@group-2227897B3A92-FollowerState] INFO  server.RaftServerConfigKeys (ConfUtils.java:logFallback(53)) - raft.server.rpc.first-election.timeout.max = 5200ms (fallback to raft.server.rpc.timeout.max)
2022-12-23 07:22:59,008 [Command processor thread] INFO  ratis.XceiverServerRatis (XceiverServerRatis.java:addGroup(806)) - Created group PipelineID=7335db79-e925-4346-8fac-2227897b3a92
2022-12-23 07:22:59,019 [grpc-default-executor-0] INFO  server.RaftServer (RaftServerProxy.java:addNew(96)) - 5d03e669-1af7-4a90-bfe9-b79df2f5a8e4: addNew group-2227897B3A92:[7f99fde5-c133-45d1-9e6f-6197bf32a4df|rpc:10.1.0.40:33403|dataStream:10.1.0.40:45641|priority:0|startupRole:FOLLOWER, 5d03e669-1af7-4a90-bfe9-b79df2f5a8e4|rpc:10.1.0.40:44683|dataStream:10.1.0.40:33247|priority:1|startupRole:FOLLOWER, b016757e-a2f5-4449-b608-35b74ad87f3b|rpc:10.1.0.40:46143|dataStream:10.1.0.40:37677|priority:0|startupRole:FOLLOWER] returns group-2227897B3A92:java.util.concurrent.CompletableFuture@487b874b[Not completed]
2022-12-23 07:22:59,020 [pool-552-thread-1] INFO  server.RaftServer$Division (RaftServerImpl.java:<init>(195)) - 5d03e669-1af7-4a90-bfe9-b79df2f5a8e4: new RaftServerImpl for group-2227897B3A92:[7f99fde5-c133-45d1-9e6f-6197bf32a4df|rpc:10.1.0.40:33403|dataStream:10.1.0.40:45641|priority:0|startupRole:FOLLOWER, 5d03e669-1af7-4a90-bfe9-b79df2f5a8e4|rpc:10.1.0.40:44683|dataStream:10.1.0.40:33247|priority:1|startupRole:FOLLOWER, b016757e-a2f5-4449-b608-35b74ad87f3b|rpc:10.1.0.40:46143|dataStream:10.1.0.40:37677|priority:0|startupRole:FOLLOWER] with ContainerStateMachine:uninitialized
2022-12-23 07:22:59,021 [pool-552-thread-1] INFO  server.RaftServerConfigKeys (ConfUtils.java:logGet(46)) - raft.server.rpc.timeout.min = 5s (custom)
2022-12-23 07:22:59,021 [pool-552-thread-1] INFO  server.RaftServerConfigKeys (ConfUtils.java:logGet(46)) - raft.server.rpc.timeout.max = 5200ms (custom)
2022-12-23 07:22:59,021 [pool-552-thread-1] INFO  server.RaftServerConfigKeys (ConfUtils.java:logGet(46)) - raft.server.rpc.sleep.time = 25ms (default)
2022-12-23 07:22:59,021 [pool-552-thread-1] INFO  server.RaftServerConfigKeys (ConfUtils.java:logGet(46)) - raft.server.rpc.slowness.timeout = 300s (custom)
2022-12-23 07:22:59,021 [pool-552-thread-1] INFO  server.RaftServerConfigKeys (ConfUtils.java:logGet(46)) - raft.server.leaderelection.leader.step-down.wait-time = 10s (default)
2022-12-23 07:22:59,021 [pool-552-thread-1] INFO  server.RaftServerConfigKeys (ConfUtils.java:logGet(46)) - raft.server.sleep.deviation.threshold = 300ms (default)
2022-12-23 07:22:59,021 [pool-552-thread-1] INFO  server.RaftServer$Division (ServerState.java:<init>(118)) - 5d03e669-1af7-4a90-bfe9-b79df2f5a8e4@group-2227897B3A92: ConfigurationManager, init=-1: peers:[7f99fde5-c133-45d1-9e6f-6197bf32a4df|rpc:10.1.0.40:33403|dataStream:10.1.0.40:45641|priority:0|startupRole:FOLLOWER, 5d03e669-1af7-4a90-bfe9-b79df2f5a8e4|rpc:10.1.0.40:44683|dataStream:10.1.0.40:33247|priority:1|startupRole:FOLLOWER, b016757e-a2f5-4449-b608-35b74ad87f3b|rpc:10.1.0.40:46143|dataStream:10.1.0.40:37677|priority:0|startupRole:FOLLOWER]|listeners:[], old=null, confs=<EMPTY_MAP>
2022-12-23 07:22:59,021 [pool-552-thread-1] INFO  server.RaftServerConfigKeys (ConfUtils.java:logGet(46)) - raft.server.storage.dir = [/home/runner/work/ozone/ozone/hadoop-ozone/integration-test/target/test-dir/MiniOzoneClusterImpl-8c293bcf-6970-46e1-80ac-8e038071f7a0/datanode-2/data/ratis] (custom)
2022-12-23 07:22:59,021 [pool-552-thread-1] INFO  server.RaftServerConfigKeys (ConfUtils.java:logGet(46)) - raft.server.log.corruption.policy = EXCEPTION (default)
2022-12-23 07:22:59,021 [pool-552-thread-1] INFO  server.RaftServerConfigKeys (ConfUtils.java:logGet(46)) - raft.server.storage.free-space.min = 0MB (=0) (default)
2022-12-23 07:22:59,021 [pool-552-thread-1] INFO  server.RaftServerConfigKeys (ConfUtils.java:logGet(46)) - raft.server.notification.no-leader.timeout = 300s (custom)
2022-12-23 07:22:59,021 [pool-552-thread-1] INFO  server.RaftServerConfigKeys (ConfUtils.java:logGet(46)) - raft.server.retrycache.expirytime = 600000ms (custom)
2022-12-23 07:22:59,021 [pool-552-thread-1] INFO  server.RaftServerConfigKeys (ConfUtils.java:logGet(46)) - raft.server.retrycache.statistics.expirytime = 100μs (default)
2022-12-23 07:22:59,022 [pool-552-thread-1] INFO  server.RaftServerConfigKeys (ConfUtils.java:logGet(46)) - raft.server.log.appender.install.snapshot.enabled = false (custom)
2022-12-23 07:22:59,022 [pool-552-thread-1] INFO  server.RaftServerConfigKeys (ConfUtils.java:logGet(46)) - raft.server.threadpool.server.cached = true (default)
2022-12-23 07:22:59,022 [pool-552-thread-1] INFO  server.RaftServerConfigKeys (ConfUtils.java:logGet(46)) - raft.server.threadpool.server.size = 0 (default)
2022-12-23 07:22:59,022 [pool-552-thread-1] INFO  server.RaftServerConfigKeys (ConfUtils.java:logGet(46)) - raft.server.threadpool.client.cached = true (default)
2022-12-23 07:22:59,022 [pool-552-thread-1] INFO  server.RaftServerConfigKeys (ConfUtils.java:logGet(46)) - raft.server.threadpool.client.size = 0 (default)
2022-12-23 07:22:59,022 [pool-552-thread-1] INFO  storage.RaftStorageDirectory (RaftStorageDirectoryImpl.java:analyzeStorage(137)) - The storage directory /home/runner/work/ozone/ozone/hadoop-ozone/integration-test/target/test-dir/MiniOzoneClusterImpl-8c293bcf-6970-46e1-80ac-8e038071f7a0/datanode-2/data/ratis/7335db79-e925-4346-8fac-2227897b3a92 does not exist. Creating ...
2022-12-23 07:22:59,024 [pool-552-thread-1] INFO  storage.RaftStorageDirectory (RaftStorageDirectoryImpl.java:tryLock(231)) - Lock on /home/runner/work/ozone/ozone/hadoop-ozone/integration-test/target/test-dir/MiniOzoneClusterImpl-8c293bcf-6970-46e1-80ac-8e038071f7a0/datanode-2/data/ratis/7335db79-e925-4346-8fac-2227897b3a92/in_use.lock acquired by nodename 81300@fv-az505-480
2022-12-23 07:22:59,025 [pool-552-thread-1] INFO  storage.RaftStorage (RaftStorageImpl.java:format(96)) - Storage directory /home/runner/work/ozone/ozone/hadoop-ozone/integration-test/target/test-dir/MiniOzoneClusterImpl-8c293bcf-6970-46e1-80ac-8e038071f7a0/datanode-2/data/ratis/7335db79-e925-4346-8fac-2227897b3a92 has been successfully formatted.
2022-12-23 07:22:59,027 [pool-552-thread-1] INFO  ratis.ContainerStateMachine (ContainerStateMachine.java:loadSnapshot(240)) - group-2227897B3A92: The snapshot info is null. Setting the last applied indexto:(t:0, i:~)
2022-12-23 07:22:59,027 [pool-552-thread-1] INFO  server.RaftServerConfigKeys (ConfUtils.java:logGet(46)) - raft.server.log.use.memory = false (default)
2022-12-23 07:22:59,027 [pool-552-thread-1] INFO  server.RaftServerConfigKeys (ConfUtils.java:logGet(46)) - raft.server.log.purge.gap = 1000000 (custom)
2022-12-23 07:22:59,027 [pool-552-thread-1] INFO  server.RaftServerConfigKeys (ConfUtils.java:logGet(46)) - raft.server.log.appender.buffer.byte-limit = 33554432 (custom)
2022-12-23 07:22:59,027 [pool-552-thread-1] INFO  server.RaftServerConfigKeys (ConfUtils.java:logGet(46)) - raft.server.log.statemachine.data.read.timeout = 1000ms (default)
2022-12-23 07:22:59,027 [pool-552-thread-1] INFO  server.RaftServerConfigKeys (ConfUtils.java:logGet(46)) - raft.server.log.purge.preservation.log.num = 0 (default)
2022-12-23 07:22:59,027 [pool-552-thread-1] INFO  server.RaftServerConfigKeys (ConfUtils.java:logGet(46)) - raft.server.log.segment.size.max = 1048576 (custom)
2022-12-23 07:22:59,028 [EventQueue-CommandQueueReportForCommandQueueReportHandler] WARN  events.EventQueue (EventQueue.java:fireEvent(216)) - No event handler registered for event TypedEvent{payloadType=DatanodeDetails, name='Datanode_Command_Queue_Updated'}
2022-12-23 07:22:59,029 [pool-552-thread-1] INFO  server.RaftServerConfigKeys (ConfUtils.java:logGet(46)) - raft.server.log.segment.cache.num.max = 2 (custom)
2022-12-23 07:22:59,029 [pool-552-thread-1] INFO  server.RaftServerConfigKeys (ConfUtils.java:logGet(46)) - raft.server.log.segment.cache.size.max = 200MB (=209715200) (default)
2022-12-23 07:22:59,029 [pool-552-thread-1] INFO  segmented.SegmentedRaftLogWorker (SegmentedRaftLogWorker.java:<init>(189)) - new 5d03e669-1af7-4a90-bfe9-b79df2f5a8e4@group-2227897B3A92-SegmentedRaftLogWorker for RaftStorageImpl:Storage Directory /home/runner/work/ozone/ozone/hadoop-ozone/integration-test/target/test-dir/MiniOzoneClusterImpl-8c293bcf-6970-46e1-80ac-8e038071f7a0/datanode-2/data/ratis/7335db79-e925-4346-8fac-2227897b3a92
2022-12-23 07:22:59,029 [pool-552-thread-1] INFO  server.RaftServerConfigKeys (ConfUtils.java:logGet(46)) - raft.server.log.queue.byte-limit = 4294967296 (custom)
2022-12-23 07:22:59,029 [pool-552-thread-1] INFO  server.RaftServerConfigKeys (ConfUtils.java:logGet(46)) - raft.server.log.queue.element-limit = 1024 (custom)
2022-12-23 07:22:59,029 [pool-552-thread-1] INFO  server.RaftServerConfigKeys (ConfUtils.java:logGet(46)) - raft.server.log.segment.size.max = 1048576 (custom)
2022-12-23 07:22:59,029 [pool-552-thread-1] INFO  server.RaftServerConfigKeys (ConfUtils.java:logGet(46)) - raft.server.log.preallocated.size = 16384 (custom)
2022-12-23 07:22:59,029 [pool-552-thread-1] INFO  server.RaftServerConfigKeys (ConfUtils.java:logGet(46)) - raft.server.log.force.sync.num = 128 (default)
2022-12-23 07:22:59,029 [pool-552-thread-1] INFO  server.RaftServerConfigKeys (ConfUtils.java:logGet(46)) - raft.server.log.statemachine.data.sync = true (default)
2022-12-23 07:22:59,029 [pool-552-thread-1] INFO  server.RaftServerConfigKeys (ConfUtils.java:logGet(46)) - raft.server.log.statemachine.data.sync.timeout = 10s (default)
2022-12-23 07:22:59,029 [pool-552-thread-1] INFO  server.RaftServerConfigKeys (ConfUtils.java:logGet(46)) - raft.server.log.statemachine.data.sync.timeout.retry = -1 (default)
2022-12-23 07:22:59,030 [pool-552-thread-1] INFO  server.RaftServerConfigKeys (ConfUtils.java:logGet(46)) - raft.server.log.write.buffer.size = 1048576 (custom)
2022-12-23 07:22:59,030 [pool-552-thread-1] INFO  server.RaftServerConfigKeys (ConfUtils.java:logGet(46)) - raft.server.log.appender.buffer.byte-limit = 33554432 (custom)
2022-12-23 07:22:59,035 [pool-552-thread-1] INFO  server.RaftServerConfigKeys (ConfUtils.java:logGet(46)) - raft.server.log.unsafe-flush.enabled = false (default)
2022-12-23 07:22:59,038 [pool-552-thread-1] INFO  server.RaftServerConfigKeys (ConfUtils.java:logGet(46)) - raft.server.log.async-flush.enabled = false (default)
2022-12-23 07:22:59,038 [pool-552-thread-1] INFO  server.RaftServerConfigKeys (ConfUtils.java:logGet(46)) - raft.server.log.statemachine.data.caching.enabled = true (custom)
2022-12-23 07:22:59,038 [pool-552-thread-1] INFO  segmented.SegmentedRaftLogWorker (SegmentedRaftLogWorker.java:lambda$new$0(135)) - 5d03e669-1af7-4a90-bfe9-b79df2f5a8e4@group-2227897B3A92-SegmentedRaftLogWorker: flushIndex: setUnconditionally 0 -> -1
2022-12-23 07:22:59,039 [pool-552-thread-1] INFO  segmented.SegmentedRaftLogWorker (SegmentedRaftLogWorker.java:lambda$new$0(135)) - 5d03e669-1af7-4a90-bfe9-b79df2f5a8e4@group-2227897B3A92-SegmentedRaftLogWorker: safeCacheEvictIndex: setUnconditionally 0 -> -1
2022-12-23 07:22:59,043 [pool-552-thread-1] INFO  server.RaftServer$Division (RaftServerImpl.java:start(334)) - 5d03e669-1af7-4a90-bfe9-b79df2f5a8e4@group-2227897B3A92: start as a follower, conf=-1: peers:[7f99fde5-c133-45d1-9e6f-6197bf32a4df|rpc:10.1.0.40:33403|dataStream:10.1.0.40:45641|priority:0|startupRole:FOLLOWER, 5d03e669-1af7-4a90-bfe9-b79df2f5a8e4|rpc:10.1.0.40:44683|dataStream:10.1.0.40:33247|priority:1|startupRole:FOLLOWER, b016757e-a2f5-4449-b608-35b74ad87f3b|rpc:10.1.0.40:46143|dataStream:10.1.0.40:37677|priority:0|startupRole:FOLLOWER]|listeners:[], old=null
2022-12-23 07:22:59,043 [pool-552-thread-1] INFO  server.RaftServer$Division (RaftServerImpl.java:setRole(321)) - 5d03e669-1af7-4a90-bfe9-b79df2f5a8e4@group-2227897B3A92: changes role from      null to FOLLOWER at term 0 for startAsFollower
2022-12-23 07:22:59,044 [pool-552-thread-1] INFO  impl.RoleInfo (RoleInfo.java:updateAndGet(139)) - 5d03e669-1af7-4a90-bfe9-b79df2f5a8e4: start 5d03e669-1af7-4a90-bfe9-b79df2f5a8e4@group-2227897B3A92-FollowerState
2022-12-23 07:22:59,044 [pool-552-thread-1] INFO  util.JmxRegister (JmxRegister.java:tryRegister(44)) - Successfully registered JMX Bean with object name Ratis:service=RaftServer,group=group-2227897B3A92,id=5d03e669-1af7-4a90-bfe9-b79df2f5a8e4
2022-12-23 07:22:59,044 [pool-552-thread-1] INFO  server.RaftServerConfigKeys (ConfUtils.java:logGet(46)) - raft.server.snapshot.auto.trigger.enabled = true (custom)
2022-12-23 07:22:59,044 [pool-552-thread-1] INFO  server.RaftServerConfigKeys (ConfUtils.java:logGet(46)) - raft.server.snapshot.auto.trigger.threshold = 10000 (custom)
2022-12-23 07:22:59,044 [pool-552-thread-1] INFO  server.RaftServerConfigKeys (ConfUtils.java:logGet(46)) - raft.server.snapshot.retention.file.num = 5 (custom)
2022-12-23 07:22:59,044 [pool-552-thread-1] INFO  server.RaftServerConfigKeys (ConfUtils.java:logGet(46)) - raft.server.log.purge.upto.snapshot.index = false (default)
2022-12-23 07:22:59,045 [5d03e669-1af7-4a90-bfe9-b79df2f5a8e4@group-2227897B3A92-FollowerState] INFO  server.RaftServerConfigKeys (ConfUtils.java:logFallback(53)) - raft.server.rpc.first-election.timeout.min = 5s (fallback to raft.server.rpc.timeout.min)
2022-12-23 07:22:59,045 [5d03e669-1af7-4a90-bfe9-b79df2f5a8e4@group-2227897B3A92-FollowerState] INFO  server.RaftServerConfigKeys (ConfUtils.java:logFallback(53)) - raft.server.rpc.first-election.timeout.max = 5200ms (fallback to raft.server.rpc.timeout.max)
2022-12-23 07:22:59,080 [grpc-default-executor-0] INFO  server.RaftServer (RaftServerProxy.java:addNew(96)) - 7f99fde5-c133-45d1-9e6f-6197bf32a4df: addNew group-2227897B3A92:[7f99fde5-c133-45d1-9e6f-6197bf32a4df|rpc:10.1.0.40:33403|dataStream:10.1.0.40:45641|priority:0|startupRole:FOLLOWER, 5d03e669-1af7-4a90-bfe9-b79df2f5a8e4|rpc:10.1.0.40:44683|dataStream:10.1.0.40:33247|priority:1|startupRole:FOLLOWER, b016757e-a2f5-4449-b608-35b74ad87f3b|rpc:10.1.0.40:46143|dataStream:10.1.0.40:37677|priority:0|startupRole:FOLLOWER] returns group-2227897B3A92:java.util.concurrent.CompletableFuture@1208906d[Not completed]
2022-12-23 07:22:59,082 [pool-529-thread-1] INFO  server.RaftServer$Division (RaftServerImpl.java:<init>(195)) - 7f99fde5-c133-45d1-9e6f-6197bf32a4df: new RaftServerImpl for group-2227897B3A92:[7f99fde5-c133-45d1-9e6f-6197bf32a4df|rpc:10.1.0.40:33403|dataStream:10.1.0.40:45641|priority:0|startupRole:FOLLOWER, 5d03e669-1af7-4a90-bfe9-b79df2f5a8e4|rpc:10.1.0.40:44683|dataStream:10.1.0.40:33247|priority:1|startupRole:FOLLOWER, b016757e-a2f5-4449-b608-35b74ad87f3b|rpc:10.1.0.40:46143|dataStream:10.1.0.40:37677|priority:0|startupRole:FOLLOWER] with ContainerStateMachine:uninitialized
2022-12-23 07:22:59,082 [pool-529-thread-1] INFO  server.RaftServerConfigKeys (ConfUtils.java:logGet(46)) - raft.server.rpc.timeout.min = 5s (custom)
2022-12-23 07:22:59,082 [pool-529-thread-1] INFO  server.RaftServerConfigKeys (ConfUtils.java:logGet(46)) - raft.server.rpc.timeout.max = 5200ms (custom)
2022-12-23 07:22:59,082 [pool-529-thread-1] INFO  server.RaftServerConfigKeys (ConfUtils.java:logGet(46)) - raft.server.rpc.sleep.time = 25ms (default)
2022-12-23 07:22:59,082 [pool-529-thread-1] INFO  server.RaftServerConfigKeys (ConfUtils.java:logGet(46)) - raft.server.rpc.slowness.timeout = 300s (custom)
2022-12-23 07:22:59,082 [pool-529-thread-1] INFO  server.RaftServerConfigKeys (ConfUtils.java:logGet(46)) - raft.server.leaderelection.leader.step-down.wait-time = 10s (default)
2022-12-23 07:22:59,082 [pool-529-thread-1] INFO  server.RaftServerConfigKeys (ConfUtils.java:logGet(46)) - raft.server.sleep.deviation.threshold = 300ms (default)
2022-12-23 07:22:59,082 [pool-529-thread-1] INFO  server.RaftServer$Division (ServerState.java:<init>(118)) - 7f99fde5-c133-45d1-9e6f-6197bf32a4df@group-2227897B3A92: ConfigurationManager, init=-1: peers:[7f99fde5-c133-45d1-9e6f-6197bf32a4df|rpc:10.1.0.40:33403|dataStream:10.1.0.40:45641|priority:0|startupRole:FOLLOWER, 5d03e669-1af7-4a90-bfe9-b79df2f5a8e4|rpc:10.1.0.40:44683|dataStream:10.1.0.40:33247|priority:1|startupRole:FOLLOWER, b016757e-a2f5-4449-b608-35b74ad87f3b|rpc:10.1.0.40:46143|dataStream:10.1.0.40:37677|priority:0|startupRole:FOLLOWER]|listeners:[], old=null, confs=<EMPTY_MAP>
2022-12-23 07:22:59,083 [pool-529-thread-1] INFO  server.RaftServerConfigKeys (ConfUtils.java:logGet(46)) - raft.server.storage.dir = [/home/runner/work/ozone/ozone/hadoop-ozone/integration-test/target/test-dir/MiniOzoneClusterImpl-8c293bcf-6970-46e1-80ac-8e038071f7a0/datanode-1/data/ratis] (custom)
2022-12-23 07:22:59,083 [pool-529-thread-1] INFO  server.RaftServerConfigKeys (ConfUtils.java:logGet(46)) - raft.server.log.corruption.policy = EXCEPTION (default)
2022-12-23 07:22:59,083 [pool-529-thread-1] INFO  server.RaftServerConfigKeys (ConfUtils.java:logGet(46)) - raft.server.storage.free-space.min = 0MB (=0) (default)
2022-12-23 07:22:59,083 [pool-529-thread-1] INFO  server.RaftServerConfigKeys (ConfUtils.java:logGet(46)) - raft.server.notification.no-leader.timeout = 300s (custom)
2022-12-23 07:22:59,083 [pool-529-thread-1] INFO  server.RaftServerConfigKeys (ConfUtils.java:logGet(46)) - raft.server.retrycache.expirytime = 600000ms (custom)
2022-12-23 07:22:59,083 [pool-529-thread-1] INFO  server.RaftServerConfigKeys (ConfUtils.java:logGet(46)) - raft.server.retrycache.statistics.expirytime = 100μs (default)
2022-12-23 07:22:59,084 [pool-529-thread-1] INFO  server.RaftServerConfigKeys (ConfUtils.java:logGet(46)) - raft.server.log.appender.install.snapshot.enabled = false (custom)
2022-12-23 07:22:59,084 [pool-529-thread-1] INFO  server.RaftServerConfigKeys (ConfUtils.java:logGet(46)) - raft.server.threadpool.server.cached = true (default)
2022-12-23 07:22:59,084 [pool-529-thread-1] INFO  server.RaftServerConfigKeys (ConfUtils.java:logGet(46)) - raft.server.threadpool.server.size = 0 (default)
2022-12-23 07:22:59,084 [pool-529-thread-1] INFO  server.RaftServerConfigKeys (ConfUtils.java:logGet(46)) - raft.server.threadpool.client.cached = true (default)
2022-12-23 07:22:59,084 [pool-529-thread-1] INFO  server.RaftServerConfigKeys (ConfUtils.java:logGet(46)) - raft.server.threadpool.client.size = 0 (default)
2022-12-23 07:22:59,085 [pool-529-thread-1] INFO  storage.RaftStorageDirectory (RaftStorageDirectoryImpl.java:analyzeStorage(137)) - The storage directory /home/runner/work/ozone/ozone/hadoop-ozone/integration-test/target/test-dir/MiniOzoneClusterImpl-8c293bcf-6970-46e1-80ac-8e038071f7a0/datanode-1/data/ratis/7335db79-e925-4346-8fac-2227897b3a92 does not exist. Creating ...
2022-12-23 07:22:59,086 [pool-529-thread-1] INFO  storage.RaftStorageDirectory (RaftStorageDirectoryImpl.java:tryLock(231)) - Lock on /home/runner/work/ozone/ozone/hadoop-ozone/integration-test/target/test-dir/MiniOzoneClusterImpl-8c293bcf-6970-46e1-80ac-8e038071f7a0/datanode-1/data/ratis/7335db79-e925-4346-8fac-2227897b3a92/in_use.lock acquired by nodename 81300@fv-az505-480
2022-12-23 07:22:59,087 [pool-529-thread-1] INFO  storage.RaftStorage (RaftStorageImpl.java:format(96)) - Storage directory /home/runner/work/ozone/ozone/hadoop-ozone/integration-test/target/test-dir/MiniOzoneClusterImpl-8c293bcf-6970-46e1-80ac-8e038071f7a0/datanode-1/data/ratis/7335db79-e925-4346-8fac-2227897b3a92 has been successfully formatted.
2022-12-23 07:22:59,089 [pool-529-thread-1] INFO  ratis.ContainerStateMachine (ContainerStateMachine.java:loadSnapshot(240)) - group-2227897B3A92: The snapshot info is null. Setting the last applied indexto:(t:0, i:~)
2022-12-23 07:22:59,089 [pool-529-thread-1] INFO  server.RaftServerConfigKeys (ConfUtils.java:logGet(46)) - raft.server.log.use.memory = false (default)
2022-12-23 07:22:59,091 [EventQueue-CommandQueueReportForCommandQueueReportHandler] WARN  events.EventQueue (EventQueue.java:fireEvent(216)) - No event handler registered for event TypedEvent{payloadType=DatanodeDetails, name='Datanode_Command_Queue_Updated'}
2022-12-23 07:22:59,092 [pool-529-thread-1] INFO  server.RaftServerConfigKeys (ConfUtils.java:logGet(46)) - raft.server.log.purge.gap = 1000000 (custom)
2022-12-23 07:22:59,092 [pool-529-thread-1] INFO  server.RaftServerConfigKeys (ConfUtils.java:logGet(46)) - raft.server.log.appender.buffer.byte-limit = 33554432 (custom)
2022-12-23 07:22:59,093 [pool-529-thread-1] INFO  server.RaftServerConfigKeys (ConfUtils.java:logGet(46)) - raft.server.log.statemachine.data.read.timeout = 1000ms (default)
2022-12-23 07:22:59,093 [pool-529-thread-1] INFO  server.RaftServerConfigKeys (ConfUtils.java:logGet(46)) - raft.server.log.purge.preservation.log.num = 0 (default)
2022-12-23 07:22:59,093 [pool-529-thread-1] INFO  server.RaftServerConfigKeys (ConfUtils.java:logGet(46)) - raft.server.log.segment.size.max = 1048576 (custom)
2022-12-23 07:22:59,093 [pool-529-thread-1] INFO  server.RaftServerConfigKeys (ConfUtils.java:logGet(46)) - raft.server.log.segment.cache.num.max = 2 (custom)
2022-12-23 07:22:59,093 [pool-529-thread-1] INFO  server.RaftServerConfigKeys (ConfUtils.java:logGet(46)) - raft.server.log.segment.cache.size.max = 200MB (=209715200) (default)
2022-12-23 07:22:59,093 [pool-529-thread-1] INFO  segmented.SegmentedRaftLogWorker (SegmentedRaftLogWorker.java:<init>(189)) - new 7f99fde5-c133-45d1-9e6f-6197bf32a4df@group-2227897B3A92-SegmentedRaftLogWorker for RaftStorageImpl:Storage Directory /home/runner/work/ozone/ozone/hadoop-ozone/integration-test/target/test-dir/MiniOzoneClusterImpl-8c293bcf-6970-46e1-80ac-8e038071f7a0/datanode-1/data/ratis/7335db79-e925-4346-8fac-2227897b3a92
2022-12-23 07:22:59,093 [pool-529-thread-1] INFO  server.RaftServerConfigKeys (ConfUtils.java:logGet(46)) - raft.server.log.queue.byte-limit = 4294967296 (custom)
2022-12-23 07:22:59,093 [pool-529-thread-1] INFO  server.RaftServerConfigKeys (ConfUtils.java:logGet(46)) - raft.server.log.queue.element-limit = 1024 (custom)
2022-12-23 07:22:59,093 [pool-529-thread-1] INFO  server.RaftServerConfigKeys (ConfUtils.java:logGet(46)) - raft.server.log.segment.size.max = 1048576 (custom)
2022-12-23 07:22:59,093 [pool-529-thread-1] INFO  server.RaftServerConfigKeys (ConfUtils.java:logGet(46)) - raft.server.log.preallocated.size = 16384 (custom)
2022-12-23 07:22:59,093 [pool-529-thread-1] INFO  server.RaftServerConfigKeys (ConfUtils.java:logGet(46)) - raft.server.log.force.sync.num = 128 (default)
2022-12-23 07:22:59,093 [pool-529-thread-1] INFO  server.RaftServerConfigKeys (ConfUtils.java:logGet(46)) - raft.server.log.statemachine.data.sync = true (default)
2022-12-23 07:22:59,093 [pool-529-thread-1] INFO  server.RaftServerConfigKeys (ConfUtils.java:logGet(46)) - raft.server.log.statemachine.data.sync.timeout = 10s (default)
2022-12-23 07:22:59,094 [pool-529-thread-1] INFO  server.RaftServerConfigKeys (ConfUtils.java:logGet(46)) - raft.server.log.statemachine.data.sync.timeout.retry = -1 (default)
2022-12-23 07:22:59,094 [pool-529-thread-1] INFO  server.RaftServerConfigKeys (ConfUtils.java:logGet(46)) - raft.server.log.write.buffer.size = 1048576 (custom)
2022-12-23 07:22:59,095 [pool-529-thread-1] INFO  server.RaftServerConfigKeys (ConfUtils.java:logGet(46)) - raft.server.log.appender.buffer.byte-limit = 33554432 (custom)
2022-12-23 07:22:59,101 [pool-529-thread-1] INFO  server.RaftServerConfigKeys (ConfUtils.java:logGet(46)) - raft.server.log.unsafe-flush.enabled = false (default)
2022-12-23 07:22:59,101 [pool-529-thread-1] INFO  server.RaftServerConfigKeys (ConfUtils.java:logGet(46)) - raft.server.log.async-flush.enabled = false (default)
2022-12-23 07:22:59,101 [pool-529-thread-1] INFO  server.RaftServerConfigKeys (ConfUtils.java:logGet(46)) - raft.server.log.statemachine.data.caching.enabled = true (custom)
2022-12-23 07:22:59,101 [pool-529-thread-1] INFO  segmented.SegmentedRaftLogWorker (SegmentedRaftLogWorker.java:lambda$new$0(135)) - 7f99fde5-c133-45d1-9e6f-6197bf32a4df@group-2227897B3A92-SegmentedRaftLogWorker: flushIndex: setUnconditionally 0 -> -1
2022-12-23 07:22:59,101 [pool-529-thread-1] INFO  segmented.SegmentedRaftLogWorker (SegmentedRaftLogWorker.java:lambda$new$0(135)) - 7f99fde5-c133-45d1-9e6f-6197bf32a4df@group-2227897B3A92-SegmentedRaftLogWorker: safeCacheEvictIndex: setUnconditionally 0 -> -1
2022-12-23 07:22:59,101 [pool-529-thread-1] INFO  server.RaftServer$Division (RaftServerImpl.java:start(334)) - 7f99fde5-c133-45d1-9e6f-6197bf32a4df@group-2227897B3A92: start as a follower, conf=-1: peers:[7f99fde5-c133-45d1-9e6f-6197bf32a4df|rpc:10.1.0.40:33403|dataStream:10.1.0.40:45641|priority:0|startupRole:FOLLOWER, 5d03e669-1af7-4a90-bfe9-b79df2f5a8e4|rpc:10.1.0.40:44683|dataStream:10.1.0.40:33247|priority:1|startupRole:FOLLOWER, b016757e-a2f5-4449-b608-35b74ad87f3b|rpc:10.1.0.40:46143|dataStream:10.1.0.40:37677|priority:0|startupRole:FOLLOWER]|listeners:[], old=null
2022-12-23 07:22:59,102 [pool-529-thread-1] INFO  server.RaftServer$Division (RaftServerImpl.java:setRole(321)) - 7f99fde5-c133-45d1-9e6f-6197bf32a4df@group-2227897B3A92: changes role from      null to FOLLOWER at term 0 for startAsFollower
2022-12-23 07:22:59,102 [pool-529-thread-1] INFO  impl.RoleInfo (RoleInfo.java:updateAndGet(139)) - 7f99fde5-c133-45d1-9e6f-6197bf32a4df: start 7f99fde5-c133-45d1-9e6f-6197bf32a4df@group-2227897B3A92-FollowerState
2022-12-23 07:22:59,104 [7f99fde5-c133-45d1-9e6f-6197bf32a4df@group-2227897B3A92-FollowerState] INFO  server.RaftServerConfigKeys (ConfUtils.java:logFallback(53)) - raft.server.rpc.first-election.timeout.min = 5s (fallback to raft.server.rpc.timeout.min)
2022-12-23 07:22:59,104 [7f99fde5-c133-45d1-9e6f-6197bf32a4df@group-2227897B3A92-FollowerState] INFO  server.RaftServerConfigKeys (ConfUtils.java:logFallback(53)) - raft.server.rpc.first-election.timeout.max = 5200ms (fallback to raft.server.rpc.timeout.max)
2022-12-23 07:22:59,104 [pool-529-thread-1] INFO  util.JmxRegister (JmxRegister.java:tryRegister(44)) - Successfully registered JMX Bean with object name Ratis:service=RaftServer,group=group-2227897B3A92,id=7f99fde5-c133-45d1-9e6f-6197bf32a4df
2022-12-23 07:22:59,104 [pool-529-thread-1] INFO  server.RaftServerConfigKeys (ConfUtils.java:logGet(46)) - raft.server.snapshot.auto.trigger.enabled = true (custom)
2022-12-23 07:22:59,104 [pool-529-thread-1] INFO  server.RaftServerConfigKeys (ConfUtils.java:logGet(46)) - raft.server.snapshot.auto.trigger.threshold = 10000 (custom)
2022-12-23 07:22:59,104 [pool-529-thread-1] INFO  server.RaftServerConfigKeys (ConfUtils.java:logGet(46)) - raft.server.snapshot.retention.file.num = 5 (custom)
2022-12-23 07:22:59,104 [pool-529-thread-1] INFO  server.RaftServerConfigKeys (ConfUtils.java:logGet(46)) - raft.server.log.purge.upto.snapshot.index = false (default)
2022-12-23 07:22:59,109 [Command processor thread] INFO  commandhandler.CreatePipelineCommandHandler (CreatePipelineCommandHandler.java:handle(113)) - Created Pipeline RATIS THREE PipelineID=7335db79-e925-4346-8fac-2227897b3a92.
2022-12-23 07:22:59,109 [Command processor thread] INFO  server.RaftServer (RaftServerProxy.java:addNew(96)) - b016757e-a2f5-4449-b608-35b74ad87f3b: addNew group-F639DB4F7F68:[7f99fde5-c133-45d1-9e6f-6197bf32a4df|rpc:10.1.0.40:33403|dataStream:10.1.0.40:45641|priority:0|startupRole:FOLLOWER, b016757e-a2f5-4449-b608-35b74ad87f3b|rpc:10.1.0.40:46143|dataStream:10.1.0.40:37677|priority:1|startupRole:FOLLOWER, 5d03e669-1af7-4a90-bfe9-b79df2f5a8e4|rpc:10.1.0.40:44683|dataStream:10.1.0.40:33247|priority:0|startupRole:FOLLOWER] returns group-F639DB4F7F68:java.util.concurrent.CompletableFuture@27b09578[Not completed]
2022-12-23 07:22:59,110 [pool-506-thread-1] INFO  server.RaftServer$Division (RaftServerImpl.java:<init>(195)) - b016757e-a2f5-4449-b608-35b74ad87f3b: new RaftServerImpl for group-F639DB4F7F68:[7f99fde5-c133-45d1-9e6f-6197bf32a4df|rpc:10.1.0.40:33403|dataStream:10.1.0.40:45641|priority:0|startupRole:FOLLOWER, b016757e-a2f5-4449-b608-35b74ad87f3b|rpc:10.1.0.40:46143|dataStream:10.1.0.40:37677|priority:1|startupRole:FOLLOWER, 5d03e669-1af7-4a90-bfe9-b79df2f5a8e4|rpc:10.1.0.40:44683|dataStream:10.1.0.40:33247|priority:0|startupRole:FOLLOWER] with ContainerStateMachine:uninitialized
2022-12-23 07:22:59,110 [pool-506-thread-1] INFO  server.RaftServerConfigKeys (ConfUtils.java:logGet(46)) - raft.server.rpc.timeout.min = 5s (custom)
2022-12-23 07:22:59,110 [pool-506-thread-1] INFO  server.RaftServerConfigKeys (ConfUtils.java:logGet(46)) - raft.server.rpc.timeout.max = 5200ms (custom)
2022-12-23 07:22:59,111 [pool-506-thread-1] INFO  server.RaftServerConfigKeys (ConfUtils.java:logGet(46)) - raft.server.rpc.sleep.time = 25ms (default)
2022-12-23 07:22:59,111 [pool-506-thread-1] INFO  server.RaftServerConfigKeys (ConfUtils.java:logGet(46)) - raft.server.rpc.slowness.timeout = 300s (custom)
2022-12-23 07:22:59,111 [pool-506-thread-1] INFO  server.RaftServerConfigKeys (ConfUtils.java:logGet(46)) - raft.server.leaderelection.leader.step-down.wait-time = 10s (default)
2022-12-23 07:22:59,111 [pool-506-thread-1] INFO  server.RaftServerConfigKeys (ConfUtils.java:logGet(46)) - raft.server.sleep.deviation.threshold = 300ms (default)
2022-12-23 07:22:59,111 [pool-506-thread-1] INFO  server.RaftServer$Division (ServerState.java:<init>(118)) - b016757e-a2f5-4449-b608-35b74ad87f3b@group-F639DB4F7F68: ConfigurationManager, init=-1: peers:[7f99fde5-c133-45d1-9e6f-6197bf32a4df|rpc:10.1.0.40:33403|dataStream:10.1.0.40:45641|priority:0|startupRole:FOLLOWER, b016757e-a2f5-4449-b608-35b74ad87f3b|rpc:10.1.0.40:46143|dataStream:10.1.0.40:37677|priority:1|startupRole:FOLLOWER, 5d03e669-1af7-4a90-bfe9-b79df2f5a8e4|rpc:10.1.0.40:44683|dataStream:10.1.0.40:33247|priority:0|startupRole:FOLLOWER]|listeners:[], old=null, confs=<EMPTY_MAP>
2022-12-23 07:22:59,111 [pool-506-thread-1] INFO  server.RaftServerConfigKeys (ConfUtils.java:logGet(46)) - raft.server.storage.dir = [/home/runner/work/ozone/ozone/hadoop-ozone/integration-test/target/test-dir/MiniOzoneClusterImpl-8c293bcf-6970-46e1-80ac-8e038071f7a0/datanode-0/data/ratis] (custom)
2022-12-23 07:22:59,111 [pool-506-thread-1] INFO  server.RaftServerConfigKeys (ConfUtils.java:logGet(46)) - raft.server.log.corruption.policy = EXCEPTION (default)
2022-12-23 07:22:59,111 [pool-506-thread-1] INFO  server.RaftServerConfigKeys (ConfUtils.java:logGet(46)) - raft.server.storage.free-space.min = 0MB (=0) (default)
2022-12-23 07:22:59,111 [pool-506-thread-1] INFO  server.RaftServerConfigKeys (ConfUtils.java:logGet(46)) - raft.server.notification.no-leader.timeout = 300s (custom)
2022-12-23 07:22:59,111 [pool-506-thread-1] INFO  server.RaftServerConfigKeys (ConfUtils.java:logGet(46)) - raft.server.retrycache.expirytime = 600000ms (custom)
2022-12-23 07:22:59,111 [pool-506-thread-1] INFO  server.RaftServerConfigKeys (ConfUtils.java:logGet(46)) - raft.server.retrycache.statistics.expirytime = 100μs (default)
2022-12-23 07:22:59,112 [pool-506-thread-1] INFO  server.RaftServerConfigKeys (ConfUtils.java:logGet(46)) - raft.server.log.appender.install.snapshot.enabled = false (custom)
2022-12-23 07:22:59,112 [pool-506-thread-1] INFO  server.RaftServerConfigKeys (ConfUtils.java:logGet(46)) - raft.server.threadpool.server.cached = true (default)
2022-12-23 07:22:59,112 [pool-506-thread-1] INFO  server.RaftServerConfigKeys (ConfUtils.java:logGet(46)) - raft.server.threadpool.server.size = 0 (default)
2022-12-23 07:22:59,112 [pool-506-thread-1] INFO  server.RaftServerConfigKeys (ConfUtils.java:logGet(46)) - raft.server.threadpool.client.cached = true (default)
2022-12-23 07:22:59,112 [pool-506-thread-1] INFO  server.RaftServerConfigKeys (ConfUtils.java:logGet(46)) - raft.server.threadpool.client.size = 0 (default)
2022-12-23 07:22:59,112 [pool-506-thread-1] INFO  storage.RaftStorageDirectory (RaftStorageDirectoryImpl.java:analyzeStorage(137)) - The storage directory /home/runner/work/ozone/ozone/hadoop-ozone/integration-test/target/test-dir/MiniOzoneClusterImpl-8c293bcf-6970-46e1-80ac-8e038071f7a0/datanode-0/data/ratis/bdc334c8-1f61-40c4-822f-f639db4f7f68 does not exist. Creating ...
2022-12-23 07:22:59,113 [pool-506-thread-1] INFO  storage.RaftStorageDirectory (RaftStorageDirectoryImpl.java:tryLock(231)) - Lock on /home/runner/work/ozone/ozone/hadoop-ozone/integration-test/target/test-dir/MiniOzoneClusterImpl-8c293bcf-6970-46e1-80ac-8e038071f7a0/datanode-0/data/ratis/bdc334c8-1f61-40c4-822f-f639db4f7f68/in_use.lock acquired by nodename 81300@fv-az505-480
2022-12-23 07:22:59,114 [pool-506-thread-1] INFO  storage.RaftStorage (RaftStorageImpl.java:format(96)) - Storage directory /home/runner/work/ozone/ozone/hadoop-ozone/integration-test/target/test-dir/MiniOzoneClusterImpl-8c293bcf-6970-46e1-80ac-8e038071f7a0/datanode-0/data/ratis/bdc334c8-1f61-40c4-822f-f639db4f7f68 has been successfully formatted.
2022-12-23 07:22:59,115 [pool-506-thread-1] INFO  ratis.ContainerStateMachine (ContainerStateMachine.java:loadSnapshot(240)) - group-F639DB4F7F68: The snapshot info is null. Setting the last applied indexto:(t:0, i:~)
2022-12-23 07:22:59,116 [pool-506-thread-1] INFO  server.RaftServerConfigKeys (ConfUtils.java:logGet(46)) - raft.server.log.use.memory = false (default)
2022-12-23 07:22:59,116 [pool-506-thread-1] INFO  server.RaftServerConfigKeys (ConfUtils.java:logGet(46)) - raft.server.log.purge.gap = 1000000 (custom)
2022-12-23 07:22:59,116 [pool-506-thread-1] INFO  server.RaftServerConfigKeys (ConfUtils.java:logGet(46)) - raft.server.log.appender.buffer.byte-limit = 33554432 (custom)
2022-12-23 07:22:59,116 [pool-506-thread-1] INFO  server.RaftServerConfigKeys (ConfUtils.java:logGet(46)) - raft.server.log.statemachine.data.read.timeout = 1000ms (default)
2022-12-23 07:22:59,116 [pool-506-thread-1] INFO  server.RaftServerConfigKeys (ConfUtils.java:logGet(46)) - raft.server.log.purge.preservation.log.num = 0 (default)
2022-12-23 07:22:59,116 [EventQueue-CommandQueueReportForCommandQueueReportHandler] WARN  events.EventQueue (EventQueue.java:fireEvent(216)) - No event handler registered for event TypedEvent{payloadType=DatanodeDetails, name='Datanode_Command_Queue_Updated'}
2022-12-23 07:22:59,116 [pool-506-thread-1] INFO  server.RaftServerConfigKeys (ConfUtils.java:logGet(46)) - raft.server.log.segment.size.max = 1048576 (custom)
2022-12-23 07:22:59,116 [EventQueue-OpenPipelineForHealthyPipelineSafeModeRule] INFO  safemode.SCMSafeModeManager (HealthyPipelineSafeModeRule.java:process(137)) - SCM in safe mode. Healthy pipelines reported count is 0, required healthy pipeline reported count is 1
2022-12-23 07:22:59,117 [pool-506-thread-1] INFO  server.RaftServerConfigKeys (ConfUtils.java:logGet(46)) - raft.server.log.segment.cache.num.max = 2 (custom)
2022-12-23 07:22:59,117 [pool-506-thread-1] INFO  server.RaftServerConfigKeys (ConfUtils.java:logGet(46)) - raft.server.log.segment.cache.size.max = 200MB (=209715200) (default)
2022-12-23 07:22:59,117 [pool-506-thread-1] INFO  segmented.SegmentedRaftLogWorker (SegmentedRaftLogWorker.java:<init>(189)) - new b016757e-a2f5-4449-b608-35b74ad87f3b@group-F639DB4F7F68-SegmentedRaftLogWorker for RaftStorageImpl:Storage Directory /home/runner/work/ozone/ozone/hadoop-ozone/integration-test/target/test-dir/MiniOzoneClusterImpl-8c293bcf-6970-46e1-80ac-8e038071f7a0/datanode-0/data/ratis/bdc334c8-1f61-40c4-822f-f639db4f7f68
2022-12-23 07:22:59,117 [pool-506-thread-1] INFO  server.RaftServerConfigKeys (ConfUtils.java:logGet(46)) - raft.server.log.queue.byte-limit = 4294967296 (custom)
2022-12-23 07:22:59,117 [pool-506-thread-1] INFO  server.RaftServerConfigKeys (ConfUtils.java:logGet(46)) - raft.server.log.queue.element-limit = 1024 (custom)
2022-12-23 07:22:59,117 [pool-506-thread-1] INFO  server.RaftServerConfigKeys (ConfUtils.java:logGet(46)) - raft.server.log.segment.size.max = 1048576 (custom)
2022-12-23 07:22:59,117 [pool-506-thread-1] INFO  server.RaftServerConfigKeys (ConfUtils.java:logGet(46)) - raft.server.log.preallocated.size = 16384 (custom)
2022-12-23 07:22:59,117 [pool-506-thread-1] INFO  server.RaftServerConfigKeys (ConfUtils.java:logGet(46)) - raft.server.log.force.sync.num = 128 (default)
2022-12-23 07:22:59,117 [pool-506-thread-1] INFO  server.RaftServerConfigKeys (ConfUtils.java:logGet(46)) - raft.server.log.statemachine.data.sync = true (default)
2022-12-23 07:22:59,117 [pool-506-thread-1] INFO  server.RaftServerConfigKeys (ConfUtils.java:logGet(46)) - raft.server.log.statemachine.data.sync.timeout = 10s (default)
2022-12-23 07:22:59,117 [pool-506-thread-1] INFO  server.RaftServerConfigKeys (ConfUtils.java:logGet(46)) - raft.server.log.statemachine.data.sync.timeout.retry = -1 (default)
2022-12-23 07:22:59,118 [pool-506-thread-1] INFO  server.RaftServerConfigKeys (ConfUtils.java:logGet(46)) - raft.server.log.write.buffer.size = 1048576 (custom)
2022-12-23 07:22:59,118 [pool-506-thread-1] INFO  server.RaftServerConfigKeys (ConfUtils.java:logGet(46)) - raft.server.log.appender.buffer.byte-limit = 33554432 (custom)
2022-12-23 07:22:59,124 [pool-506-thread-1] INFO  server.RaftServerConfigKeys (ConfUtils.java:logGet(46)) - raft.server.log.unsafe-flush.enabled = false (default)
2022-12-23 07:22:59,124 [pool-506-thread-1] INFO  server.RaftServerConfigKeys (ConfUtils.java:logGet(46)) - raft.server.log.async-flush.enabled = false (default)
2022-12-23 07:22:59,124 [pool-506-thread-1] INFO  server.RaftServerConfigKeys (ConfUtils.java:logGet(46)) - raft.server.log.statemachine.data.caching.enabled = true (custom)
2022-12-23 07:22:59,124 [pool-506-thread-1] INFO  segmented.SegmentedRaftLogWorker (SegmentedRaftLogWorker.java:lambda$new$0(135)) - b016757e-a2f5-4449-b608-35b74ad87f3b@group-F639DB4F7F68-SegmentedRaftLogWorker: flushIndex: setUnconditionally 0 -> -1
2022-12-23 07:22:59,124 [pool-506-thread-1] INFO  segmented.SegmentedRaftLogWorker (SegmentedRaftLogWorker.java:lambda$new$0(135)) - b016757e-a2f5-4449-b608-35b74ad87f3b@group-F639DB4F7F68-SegmentedRaftLogWorker: safeCacheEvictIndex: setUnconditionally 0 -> -1
2022-12-23 07:22:59,125 [pool-506-thread-1] INFO  server.RaftServer$Division (RaftServerImpl.java:start(334)) - b016757e-a2f5-4449-b608-35b74ad87f3b@group-F639DB4F7F68: start as a follower, conf=-1: peers:[7f99fde5-c133-45d1-9e6f-6197bf32a4df|rpc:10.1.0.40:33403|dataStream:10.1.0.40:45641|priority:0|startupRole:FOLLOWER, b016757e-a2f5-4449-b608-35b74ad87f3b|rpc:10.1.0.40:46143|dataStream:10.1.0.40:37677|priority:1|startupRole:FOLLOWER, 5d03e669-1af7-4a90-bfe9-b79df2f5a8e4|rpc:10.1.0.40:44683|dataStream:10.1.0.40:33247|priority:0|startupRole:FOLLOWER]|listeners:[], old=null
2022-12-23 07:22:59,125 [pool-506-thread-1] INFO  server.RaftServer$Division (RaftServerImpl.java:setRole(321)) - b016757e-a2f5-4449-b608-35b74ad87f3b@group-F639DB4F7F68: changes role from      null to FOLLOWER at term 0 for startAsFollower
2022-12-23 07:22:59,125 [pool-506-thread-1] INFO  impl.RoleInfo (RoleInfo.java:updateAndGet(139)) - b016757e-a2f5-4449-b608-35b74ad87f3b: start b016757e-a2f5-4449-b608-35b74ad87f3b@group-F639DB4F7F68-FollowerState
2022-12-23 07:22:59,125 [pool-506-thread-1] INFO  util.JmxRegister (JmxRegister.java:tryRegister(44)) - Successfully registered JMX Bean with object name Ratis:service=RaftServer,group=group-F639DB4F7F68,id=b016757e-a2f5-4449-b608-35b74ad87f3b
2022-12-23 07:22:59,126 [pool-506-thread-1] INFO  server.RaftServerConfigKeys (ConfUtils.java:logGet(46)) - raft.server.snapshot.auto.trigger.enabled = true (custom)
2022-12-23 07:22:59,126 [pool-506-thread-1] INFO  server.RaftServerConfigKeys (ConfUtils.java:logGet(46)) - raft.server.snapshot.auto.trigger.threshold = 10000 (custom)
2022-12-23 07:22:59,126 [b016757e-a2f5-4449-b608-35b74ad87f3b@group-F639DB4F7F68-FollowerState] INFO  server.RaftServerConfigKeys (ConfUtils.java:logFallback(53)) - raft.server.rpc.first-election.timeout.min = 5s (fallback to raft.server.rpc.timeout.min)
2022-12-23 07:22:59,126 [pool-506-thread-1] INFO  server.RaftServerConfigKeys (ConfUtils.java:logGet(46)) - raft.server.snapshot.retention.file.num = 5 (custom)
2022-12-23 07:22:59,126 [pool-506-thread-1] INFO  server.RaftServerConfigKeys (ConfUtils.java:logGet(46)) - raft.server.log.purge.upto.snapshot.index = false (default)
2022-12-23 07:22:59,126 [b016757e-a2f5-4449-b608-35b74ad87f3b@group-F639DB4F7F68-FollowerState] INFO  server.RaftServerConfigKeys (ConfUtils.java:logFallback(53)) - raft.server.rpc.first-election.timeout.max = 5200ms (fallback to raft.server.rpc.timeout.max)
2022-12-23 07:22:59,126 [Command processor thread] INFO  ratis.XceiverServerRatis (XceiverServerRatis.java:addGroup(806)) - Created group PipelineID=bdc334c8-1f61-40c4-822f-f639db4f7f68
2022-12-23 07:22:59,137 [pool-529-thread-1] INFO  server.RaftServer$Division (RaftServerImpl.java:<init>(195)) - 7f99fde5-c133-45d1-9e6f-6197bf32a4df: new RaftServerImpl for group-F639DB4F7F68:[7f99fde5-c133-45d1-9e6f-6197bf32a4df|rpc:10.1.0.40:33403|dataStream:10.1.0.40:45641|priority:0|startupRole:FOLLOWER, b016757e-a2f5-4449-b608-35b74ad87f3b|rpc:10.1.0.40:46143|dataStream:10.1.0.40:37677|priority:1|startupRole:FOLLOWER, 5d03e669-1af7-4a90-bfe9-b79df2f5a8e4|rpc:10.1.0.40:44683|dataStream:10.1.0.40:33247|priority:0|startupRole:FOLLOWER] with ContainerStateMachine:uninitialized
2022-12-23 07:22:59,137 [pool-529-thread-1] INFO  server.RaftServerConfigKeys (ConfUtils.java:logGet(46)) - raft.server.rpc.timeout.min = 5s (custom)
2022-12-23 07:22:59,137 [pool-529-thread-1] INFO  server.RaftServerConfigKeys (ConfUtils.java:logGet(46)) - raft.server.rpc.timeout.max = 5200ms (custom)
2022-12-23 07:22:59,137 [pool-529-thread-1] INFO  server.RaftServerConfigKeys (ConfUtils.java:logGet(46)) - raft.server.rpc.sleep.time = 25ms (default)
2022-12-23 07:22:59,137 [pool-529-thread-1] INFO  server.RaftServerConfigKeys (ConfUtils.java:logGet(46)) - raft.server.rpc.slowness.timeout = 300s (custom)
2022-12-23 07:22:59,137 [pool-529-thread-1] INFO  server.RaftServerConfigKeys (ConfUtils.java:logGet(46)) - raft.server.leaderelection.leader.step-down.wait-time = 10s (default)
2022-12-23 07:22:59,137 [pool-529-thread-1] INFO  server.RaftServerConfigKeys (ConfUtils.java:logGet(46)) - raft.server.sleep.deviation.threshold = 300ms (default)
2022-12-23 07:22:59,138 [pool-529-thread-1] INFO  server.RaftServer$Division (ServerState.java:<init>(118)) - 7f99fde5-c133-45d1-9e6f-6197bf32a4df@group-F639DB4F7F68: ConfigurationManager, init=-1: peers:[7f99fde5-c133-45d1-9e6f-6197bf32a4df|rpc:10.1.0.40:33403|dataStream:10.1.0.40:45641|priority:0|startupRole:FOLLOWER, b016757e-a2f5-4449-b608-35b74ad87f3b|rpc:10.1.0.40:46143|dataStream:10.1.0.40:37677|priority:1|startupRole:FOLLOWER, 5d03e669-1af7-4a90-bfe9-b79df2f5a8e4|rpc:10.1.0.40:44683|dataStream:10.1.0.40:33247|priority:0|startupRole:FOLLOWER]|listeners:[], old=null, confs=<EMPTY_MAP>
2022-12-23 07:22:59,138 [pool-529-thread-1] INFO  server.RaftServerConfigKeys (ConfUtils.java:logGet(46)) - raft.server.storage.dir = [/home/runner/work/ozone/ozone/hadoop-ozone/integration-test/target/test-dir/MiniOzoneClusterImpl-8c293bcf-6970-46e1-80ac-8e038071f7a0/datanode-1/data/ratis] (custom)
2022-12-23 07:22:59,138 [pool-529-thread-1] INFO  server.RaftServerConfigKeys (ConfUtils.java:logGet(46)) - raft.server.log.corruption.policy = EXCEPTION (default)
2022-12-23 07:22:59,138 [pool-529-thread-1] INFO  server.RaftServerConfigKeys (ConfUtils.java:logGet(46)) - raft.server.storage.free-space.min = 0MB (=0) (default)
2022-12-23 07:22:59,138 [pool-529-thread-1] INFO  server.RaftServerConfigKeys (ConfUtils.java:logGet(46)) - raft.server.notification.no-leader.timeout = 300s (custom)
2022-12-23 07:22:59,138 [pool-529-thread-1] INFO  server.RaftServerConfigKeys (ConfUtils.java:logGet(46)) - raft.server.retrycache.expirytime = 600000ms (custom)
2022-12-23 07:22:59,138 [pool-529-thread-1] INFO  server.RaftServerConfigKeys (ConfUtils.java:logGet(46)) - raft.server.retrycache.statistics.expirytime = 100μs (default)
2022-12-23 07:22:59,139 [pool-529-thread-1] INFO  server.RaftServerConfigKeys (ConfUtils.java:logGet(46)) - raft.server.log.appender.install.snapshot.enabled = false (custom)
2022-12-23 07:22:59,139 [pool-529-thread-1] INFO  server.RaftServerConfigKeys (ConfUtils.java:logGet(46)) - raft.server.threadpool.server.cached = true (default)
2022-12-23 07:22:59,139 [pool-529-thread-1] INFO  server.RaftServerConfigKeys (ConfUtils.java:logGet(46)) - raft.server.threadpool.server.size = 0 (default)
2022-12-23 07:22:59,139 [pool-529-thread-1] INFO  server.RaftServerConfigKeys (ConfUtils.java:logGet(46)) - raft.server.threadpool.client.cached = true (default)
2022-12-23 07:22:59,139 [pool-529-thread-1] INFO  server.RaftServerConfigKeys (ConfUtils.java:logGet(46)) - raft.server.threadpool.client.size = 0 (default)
2022-12-23 07:22:59,139 [grpc-default-executor-0] INFO  server.RaftServer (RaftServerProxy.java:addNew(96)) - 7f99fde5-c133-45d1-9e6f-6197bf32a4df: addNew group-F639DB4F7F68:[7f99fde5-c133-45d1-9e6f-6197bf32a4df|rpc:10.1.0.40:33403|dataStream:10.1.0.40:45641|priority:0|startupRole:FOLLOWER, b016757e-a2f5-4449-b608-35b74ad87f3b|rpc:10.1.0.40:46143|dataStream:10.1.0.40:37677|priority:1|startupRole:FOLLOWER, 5d03e669-1af7-4a90-bfe9-b79df2f5a8e4|rpc:10.1.0.40:44683|dataStream:10.1.0.40:33247|priority:0|startupRole:FOLLOWER] returns      null 7f99fde5-c133-45d1-9e6f-6197bf32a4df@group-F639DB4F7F68:t0, leader=null, voted=null, raftlog=UNINITIALIZED, conf=-1: peers:[7f99fde5-c133-45d1-9e6f-6197bf32a4df|rpc:10.1.0.40:33403|dataStream:10.1.0.40:45641|priority:0|startupRole:FOLLOWER, b016757e-a2f5-4449-b608-35b74ad87f3b|rpc:10.1.0.40:46143|dataStream:10.1.0.40:37677|priority:1|startupRole:FOLLOWER, 5d03e669-1af7-4a90-bfe9-b79df2f5a8e4|rpc:10.1.0.40:44683|dataStream:10.1.0.40:33247|priority:0|startupRole:FOLLOWER]|listeners:[], old=null NEW
2022-12-23 07:22:59,139 [pool-529-thread-1] INFO  storage.RaftStorageDirectory (RaftStorageDirectoryImpl.java:analyzeStorage(137)) - The storage directory /home/runner/work/ozone/ozone/hadoop-ozone/integration-test/target/test-dir/MiniOzoneClusterImpl-8c293bcf-6970-46e1-80ac-8e038071f7a0/datanode-1/data/ratis/bdc334c8-1f61-40c4-822f-f639db4f7f68 does not exist. Creating ...
2022-12-23 07:22:59,143 [pool-529-thread-1] INFO  storage.RaftStorageDirectory (RaftStorageDirectoryImpl.java:tryLock(231)) - Lock on /home/runner/work/ozone/ozone/hadoop-ozone/integration-test/target/test-dir/MiniOzoneClusterImpl-8c293bcf-6970-46e1-80ac-8e038071f7a0/datanode-1/data/ratis/bdc334c8-1f61-40c4-822f-f639db4f7f68/in_use.lock acquired by nodename 81300@fv-az505-480
2022-12-23 07:22:59,153 [pool-529-thread-1] INFO  storage.RaftStorage (RaftStorageImpl.java:format(96)) - Storage directory /home/runner/work/ozone/ozone/hadoop-ozone/integration-test/target/test-dir/MiniOzoneClusterImpl-8c293bcf-6970-46e1-80ac-8e038071f7a0/datanode-1/data/ratis/bdc334c8-1f61-40c4-822f-f639db4f7f68 has been successfully formatted.
2022-12-23 07:22:59,153 [pool-529-thread-1] INFO  ratis.ContainerStateMachine (ContainerStateMachine.java:loadSnapshot(240)) - group-F639DB4F7F68: The snapshot info is null. Setting the last applied indexto:(t:0, i:~)
2022-12-23 07:22:59,153 [pool-529-thread-1] INFO  server.RaftServerConfigKeys (ConfUtils.java:logGet(46)) - raft.server.log.use.memory = false (default)
2022-12-23 07:22:59,153 [pool-529-thread-1] INFO  server.RaftServerConfigKeys (ConfUtils.java:logGet(46)) - raft.server.log.purge.gap = 1000000 (custom)
2022-12-23 07:22:59,153 [pool-529-thread-1] INFO  server.RaftServerConfigKeys (ConfUtils.java:logGet(46)) - raft.server.log.appender.buffer.byte-limit = 33554432 (custom)
2022-12-23 07:22:59,154 [pool-529-thread-1] INFO  server.RaftServerConfigKeys (ConfUtils.java:logGet(46)) - raft.server.log.statemachine.data.read.timeout = 1000ms (default)
2022-12-23 07:22:59,154 [pool-529-thread-1] INFO  server.RaftServerConfigKeys (ConfUtils.java:logGet(46)) - raft.server.log.purge.preservation.log.num = 0 (default)
2022-12-23 07:22:59,154 [pool-529-thread-1] INFO  server.RaftServerConfigKeys (ConfUtils.java:logGet(46)) - raft.server.log.segment.size.max = 1048576 (custom)
2022-12-23 07:22:59,154 [pool-529-thread-1] INFO  server.RaftServerConfigKeys (ConfUtils.java:logGet(46)) - raft.server.log.segment.cache.num.max = 2 (custom)
2022-12-23 07:22:59,154 [pool-529-thread-1] INFO  server.RaftServerConfigKeys (ConfUtils.java:logGet(46)) - raft.server.log.segment.cache.size.max = 200MB (=209715200) (default)
2022-12-23 07:22:59,154 [pool-529-thread-1] INFO  segmented.SegmentedRaftLogWorker (SegmentedRaftLogWorker.java:<init>(189)) - new 7f99fde5-c133-45d1-9e6f-6197bf32a4df@group-F639DB4F7F68-SegmentedRaftLogWorker for RaftStorageImpl:Storage Directory /home/runner/work/ozone/ozone/hadoop-ozone/integration-test/target/test-dir/MiniOzoneClusterImpl-8c293bcf-6970-46e1-80ac-8e038071f7a0/datanode-1/data/ratis/bdc334c8-1f61-40c4-822f-f639db4f7f68
2022-12-23 07:22:59,154 [pool-529-thread-1] INFO  server.RaftServerConfigKeys (ConfUtils.java:logGet(46)) - raft.server.log.queue.byte-limit = 4294967296 (custom)
2022-12-23 07:22:59,154 [pool-529-thread-1] INFO  server.RaftServerConfigKeys (ConfUtils.java:logGet(46)) - raft.server.log.queue.element-limit = 1024 (custom)
2022-12-23 07:22:59,154 [pool-529-thread-1] INFO  server.RaftServerConfigKeys (ConfUtils.java:logGet(46)) - raft.server.log.segment.size.max = 1048576 (custom)
2022-12-23 07:22:59,154 [pool-529-thread-1] INFO  server.RaftServerConfigKeys (ConfUtils.java:logGet(46)) - raft.server.log.preallocated.size = 16384 (custom)
2022-12-23 07:22:59,154 [pool-529-thread-1] INFO  server.RaftServerConfigKeys (ConfUtils.java:logGet(46)) - raft.server.log.force.sync.num = 128 (default)
2022-12-23 07:22:59,154 [pool-529-thread-1] INFO  server.RaftServerConfigKeys (ConfUtils.java:logGet(46)) - raft.server.log.statemachine.data.sync = true (default)
2022-12-23 07:22:59,154 [pool-529-thread-1] INFO  server.RaftServerConfigKeys (ConfUtils.java:logGet(46)) - raft.server.log.statemachine.data.sync.timeout = 10s (default)
2022-12-23 07:22:59,154 [pool-529-thread-1] INFO  server.RaftServerConfigKeys (ConfUtils.java:logGet(46)) - raft.server.log.statemachine.data.sync.timeout.retry = -1 (default)
2022-12-23 07:22:59,155 [pool-529-thread-1] INFO  server.RaftServerConfigKeys (ConfUtils.java:logGet(46)) - raft.server.log.write.buffer.size = 1048576 (custom)
2022-12-23 07:22:59,156 [pool-529-thread-1] INFO  server.RaftServerConfigKeys (ConfUtils.java:logGet(46)) - raft.server.log.appender.buffer.byte-limit = 33554432 (custom)
2022-12-23 07:22:59,163 [EventQueue-CommandQueueReportForCommandQueueReportHandler] WARN  events.EventQueue (EventQueue.java:fireEvent(216)) - No event handler registered for event TypedEvent{payloadType=DatanodeDetails, name='Datanode_Command_Queue_Updated'}
2022-12-23 07:22:59,169 [pool-529-thread-1] INFO  server.RaftServerConfigKeys (ConfUtils.java:logGet(46)) - raft.server.log.unsafe-flush.enabled = false (default)
2022-12-23 07:22:59,169 [pool-529-thread-1] INFO  server.RaftServerConfigKeys (ConfUtils.java:logGet(46)) - raft.server.log.async-flush.enabled = false (default)
2022-12-23 07:22:59,169 [pool-529-thread-1] INFO  server.RaftServerConfigKeys (ConfUtils.java:logGet(46)) - raft.server.log.statemachine.data.caching.enabled = true (custom)
2022-12-23 07:22:59,169 [pool-529-thread-1] INFO  segmented.SegmentedRaftLogWorker (SegmentedRaftLogWorker.java:lambda$new$0(135)) - 7f99fde5-c133-45d1-9e6f-6197bf32a4df@group-F639DB4F7F68-SegmentedRaftLogWorker: flushIndex: setUnconditionally 0 -> -1
2022-12-23 07:22:59,169 [pool-529-thread-1] INFO  segmented.SegmentedRaftLogWorker (SegmentedRaftLogWorker.java:lambda$new$0(135)) - 7f99fde5-c133-45d1-9e6f-6197bf32a4df@group-F639DB4F7F68-SegmentedRaftLogWorker: safeCacheEvictIndex: setUnconditionally 0 -> -1
2022-12-23 07:22:59,172 [pool-529-thread-1] INFO  server.RaftServer$Division (RaftServerImpl.java:start(334)) - 7f99fde5-c133-45d1-9e6f-6197bf32a4df@group-F639DB4F7F68: start as a follower, conf=-1: peers:[7f99fde5-c133-45d1-9e6f-6197bf32a4df|rpc:10.1.0.40:33403|dataStream:10.1.0.40:45641|priority:0|startupRole:FOLLOWER, b016757e-a2f5-4449-b608-35b74ad87f3b|rpc:10.1.0.40:46143|dataStream:10.1.0.40:37677|priority:1|startupRole:FOLLOWER, 5d03e669-1af7-4a90-bfe9-b79df2f5a8e4|rpc:10.1.0.40:44683|dataStream:10.1.0.40:33247|priority:0|startupRole:FOLLOWER]|listeners:[], old=null
2022-12-23 07:22:59,173 [pool-529-thread-1] INFO  server.RaftServer$Division (RaftServerImpl.java:setRole(321)) - 7f99fde5-c133-45d1-9e6f-6197bf32a4df@group-F639DB4F7F68: changes role from      null to FOLLOWER at term 0 for startAsFollower
2022-12-23 07:22:59,173 [pool-529-thread-1] INFO  impl.RoleInfo (RoleInfo.java:updateAndGet(139)) - 7f99fde5-c133-45d1-9e6f-6197bf32a4df: start 7f99fde5-c133-45d1-9e6f-6197bf32a4df@group-F639DB4F7F68-FollowerState
2022-12-23 07:22:59,173 [pool-529-thread-1] INFO  util.JmxRegister (JmxRegister.java:tryRegister(44)) - Successfully registered JMX Bean with object name Ratis:service=RaftServer,group=group-F639DB4F7F68,id=7f99fde5-c133-45d1-9e6f-6197bf32a4df
2022-12-23 07:22:59,173 [pool-529-thread-1] INFO  server.RaftServerConfigKeys (ConfUtils.java:logGet(46)) - raft.server.snapshot.auto.trigger.enabled = true (custom)
2022-12-23 07:22:59,173 [7f99fde5-c133-45d1-9e6f-6197bf32a4df@group-F639DB4F7F68-FollowerState] INFO  server.RaftServerConfigKeys (ConfUtils.java:logFallback(53)) - raft.server.rpc.first-election.timeout.min = 5s (fallback to raft.server.rpc.timeout.min)
2022-12-23 07:22:59,173 [pool-529-thread-1] INFO  server.RaftServerConfigKeys (ConfUtils.java:logGet(46)) - raft.server.snapshot.auto.trigger.threshold = 10000 (custom)
2022-12-23 07:22:59,173 [7f99fde5-c133-45d1-9e6f-6197bf32a4df@group-F639DB4F7F68-FollowerState] INFO  server.RaftServerConfigKeys (ConfUtils.java:logFallback(53)) - raft.server.rpc.first-election.timeout.max = 5200ms (fallback to raft.server.rpc.timeout.max)
2022-12-23 07:22:59,173 [pool-529-thread-1] INFO  server.RaftServerConfigKeys (ConfUtils.java:logGet(46)) - raft.server.snapshot.retention.file.num = 5 (custom)
2022-12-23 07:22:59,173 [pool-529-thread-1] INFO  server.RaftServerConfigKeys (ConfUtils.java:logGet(46)) - raft.server.log.purge.upto.snapshot.index = false (default)
2022-12-23 07:22:59,187 [grpc-default-executor-0] INFO  server.RaftServer (RaftServerProxy.java:addNew(96)) - 5d03e669-1af7-4a90-bfe9-b79df2f5a8e4: addNew group-F639DB4F7F68:[7f99fde5-c133-45d1-9e6f-6197bf32a4df|rpc:10.1.0.40:33403|dataStream:10.1.0.40:45641|priority:0|startupRole:FOLLOWER, b016757e-a2f5-4449-b608-35b74ad87f3b|rpc:10.1.0.40:46143|dataStream:10.1.0.40:37677|priority:1|startupRole:FOLLOWER, 5d03e669-1af7-4a90-bfe9-b79df2f5a8e4|rpc:10.1.0.40:44683|dataStream:10.1.0.40:33247|priority:0|startupRole:FOLLOWER] returns group-F639DB4F7F68:java.util.concurrent.CompletableFuture@7704489e[Not completed]
2022-12-23 07:22:59,188 [pool-552-thread-1] INFO  server.RaftServer$Division (RaftServerImpl.java:<init>(195)) - 5d03e669-1af7-4a90-bfe9-b79df2f5a8e4: new RaftServerImpl for group-F639DB4F7F68:[7f99fde5-c133-45d1-9e6f-6197bf32a4df|rpc:10.1.0.40:33403|dataStream:10.1.0.40:45641|priority:0|startupRole:FOLLOWER, b016757e-a2f5-4449-b608-35b74ad87f3b|rpc:10.1.0.40:46143|dataStream:10.1.0.40:37677|priority:1|startupRole:FOLLOWER, 5d03e669-1af7-4a90-bfe9-b79df2f5a8e4|rpc:10.1.0.40:44683|dataStream:10.1.0.40:33247|priority:0|startupRole:FOLLOWER] with ContainerStateMachine:uninitialized
2022-12-23 07:22:59,188 [pool-552-thread-1] INFO  server.RaftServerConfigKeys (ConfUtils.java:logGet(46)) - raft.server.rpc.timeout.min = 5s (custom)
2022-12-23 07:22:59,188 [pool-552-thread-1] INFO  server.RaftServerConfigKeys (ConfUtils.java:logGet(46)) - raft.server.rpc.timeout.max = 5200ms (custom)
2022-12-23 07:22:59,188 [pool-552-thread-1] INFO  server.RaftServerConfigKeys (ConfUtils.java:logGet(46)) - raft.server.rpc.sleep.time = 25ms (default)
2022-12-23 07:22:59,188 [pool-552-thread-1] INFO  server.RaftServerConfigKeys (ConfUtils.java:logGet(46)) - raft.server.rpc.slowness.timeout = 300s (custom)
2022-12-23 07:22:59,188 [pool-552-thread-1] INFO  server.RaftServerConfigKeys (ConfUtils.java:logGet(46)) - raft.server.leaderelection.leader.step-down.wait-time = 10s (default)
2022-12-23 07:22:59,188 [pool-552-thread-1] INFO  server.RaftServerConfigKeys (ConfUtils.java:logGet(46)) - raft.server.sleep.deviation.threshold = 300ms (default)
2022-12-23 07:22:59,188 [pool-552-thread-1] INFO  server.RaftServer$Division (ServerState.java:<init>(118)) - 5d03e669-1af7-4a90-bfe9-b79df2f5a8e4@group-F639DB4F7F68: ConfigurationManager, init=-1: peers:[7f99fde5-c133-45d1-9e6f-6197bf32a4df|rpc:10.1.0.40:33403|dataStream:10.1.0.40:45641|priority:0|startupRole:FOLLOWER, b016757e-a2f5-4449-b608-35b74ad87f3b|rpc:10.1.0.40:46143|dataStream:10.1.0.40:37677|priority:1|startupRole:FOLLOWER, 5d03e669-1af7-4a90-bfe9-b79df2f5a8e4|rpc:10.1.0.40:44683|dataStream:10.1.0.40:33247|priority:0|startupRole:FOLLOWER]|listeners:[], old=null, confs=<EMPTY_MAP>
2022-12-23 07:22:59,188 [pool-552-thread-1] INFO  server.RaftServerConfigKeys (ConfUtils.java:logGet(46)) - raft.server.storage.dir = [/home/runner/work/ozone/ozone/hadoop-ozone/integration-test/target/test-dir/MiniOzoneClusterImpl-8c293bcf-6970-46e1-80ac-8e038071f7a0/datanode-2/data/ratis] (custom)
2022-12-23 07:22:59,189 [pool-552-thread-1] INFO  server.RaftServerConfigKeys (ConfUtils.java:logGet(46)) - raft.server.log.corruption.policy = EXCEPTION (default)
2022-12-23 07:22:59,189 [pool-552-thread-1] INFO  server.RaftServerConfigKeys (ConfUtils.java:logGet(46)) - raft.server.storage.free-space.min = 0MB (=0) (default)
2022-12-23 07:22:59,189 [pool-552-thread-1] INFO  server.RaftServerConfigKeys (ConfUtils.java:logGet(46)) - raft.server.notification.no-leader.timeout = 300s (custom)
2022-12-23 07:22:59,189 [pool-552-thread-1] INFO  server.RaftServerConfigKeys (ConfUtils.java:logGet(46)) - raft.server.retrycache.expirytime = 600000ms (custom)
2022-12-23 07:22:59,189 [pool-552-thread-1] INFO  server.RaftServerConfigKeys (ConfUtils.java:logGet(46)) - raft.server.retrycache.statistics.expirytime = 100μs (default)
2022-12-23 07:22:59,189 [pool-552-thread-1] INFO  server.RaftServerConfigKeys (ConfUtils.java:logGet(46)) - raft.server.log.appender.install.snapshot.enabled = false (custom)
2022-12-23 07:22:59,190 [pool-552-thread-1] INFO  server.RaftServerConfigKeys (ConfUtils.java:logGet(46)) - raft.server.threadpool.server.cached = true (default)
2022-12-23 07:22:59,190 [pool-552-thread-1] INFO  server.RaftServerConfigKeys (ConfUtils.java:logGet(46)) - raft.server.threadpool.server.size = 0 (default)
2022-12-23 07:22:59,190 [pool-552-thread-1] INFO  server.RaftServerConfigKeys (ConfUtils.java:logGet(46)) - raft.server.threadpool.client.cached = true (default)
2022-12-23 07:22:59,190 [pool-552-thread-1] INFO  server.RaftServerConfigKeys (ConfUtils.java:logGet(46)) - raft.server.threadpool.client.size = 0 (default)
2022-12-23 07:22:59,190 [pool-552-thread-1] INFO  storage.RaftStorageDirectory (RaftStorageDirectoryImpl.java:analyzeStorage(137)) - The storage directory /home/runner/work/ozone/ozone/hadoop-ozone/integration-test/target/test-dir/MiniOzoneClusterImpl-8c293bcf-6970-46e1-80ac-8e038071f7a0/datanode-2/data/ratis/bdc334c8-1f61-40c4-822f-f639db4f7f68 does not exist. Creating ...
2022-12-23 07:22:59,192 [pool-552-thread-1] INFO  storage.RaftStorageDirectory (RaftStorageDirectoryImpl.java:tryLock(231)) - Lock on /home/runner/work/ozone/ozone/hadoop-ozone/integration-test/target/test-dir/MiniOzoneClusterImpl-8c293bcf-6970-46e1-80ac-8e038071f7a0/datanode-2/data/ratis/bdc334c8-1f61-40c4-822f-f639db4f7f68/in_use.lock acquired by nodename 81300@fv-az505-480
2022-12-23 07:22:59,193 [pool-552-thread-1] INFO  storage.RaftStorage (RaftStorageImpl.java:format(96)) - Storage directory /home/runner/work/ozone/ozone/hadoop-ozone/integration-test/target/test-dir/MiniOzoneClusterImpl-8c293bcf-6970-46e1-80ac-8e038071f7a0/datanode-2/data/ratis/bdc334c8-1f61-40c4-822f-f639db4f7f68 has been successfully formatted.
2022-12-23 07:22:59,193 [pool-552-thread-1] INFO  ratis.ContainerStateMachine (ContainerStateMachine.java:loadSnapshot(240)) - group-F639DB4F7F68: The snapshot info is null. Setting the last applied indexto:(t:0, i:~)
2022-12-23 07:22:59,194 [pool-552-thread-1] INFO  server.RaftServerConfigKeys (ConfUtils.java:logGet(46)) - raft.server.log.use.memory = false (default)
2022-12-23 07:22:59,194 [pool-552-thread-1] INFO  server.RaftServerConfigKeys (ConfUtils.java:logGet(46)) - raft.server.log.purge.gap = 1000000 (custom)
2022-12-23 07:22:59,195 [pool-552-thread-1] INFO  server.RaftServerConfigKeys (ConfUtils.java:logGet(46)) - raft.server.log.appender.buffer.byte-limit = 33554432 (custom)
2022-12-23 07:22:59,195 [pool-552-thread-1] INFO  server.RaftServerConfigKeys (ConfUtils.java:logGet(46)) - raft.server.log.statemachine.data.read.timeout = 1000ms (default)
2022-12-23 07:22:59,195 [pool-552-thread-1] INFO  server.RaftServerConfigKeys (ConfUtils.java:logGet(46)) - raft.server.log.purge.preservation.log.num = 0 (default)
2022-12-23 07:22:59,195 [pool-552-thread-1] INFO  server.RaftServerConfigKeys (ConfUtils.java:logGet(46)) - raft.server.log.segment.size.max = 1048576 (custom)
2022-12-23 07:22:59,195 [EventQueue-CommandQueueReportForCommandQueueReportHandler] WARN  events.EventQueue (EventQueue.java:fireEvent(216)) - No event handler registered for event TypedEvent{payloadType=DatanodeDetails, name='Datanode_Command_Queue_Updated'}
2022-12-23 07:22:59,198 [pool-552-thread-1] INFO  server.RaftServerConfigKeys (ConfUtils.java:logGet(46)) - raft.server.log.segment.cache.num.max = 2 (custom)
2022-12-23 07:22:59,198 [pool-552-thread-1] INFO  server.RaftServerConfigKeys (ConfUtils.java:logGet(46)) - raft.server.log.segment.cache.size.max = 200MB (=209715200) (default)
2022-12-23 07:22:59,198 [pool-552-thread-1] INFO  segmented.SegmentedRaftLogWorker (SegmentedRaftLogWorker.java:<init>(189)) - new 5d03e669-1af7-4a90-bfe9-b79df2f5a8e4@group-F639DB4F7F68-SegmentedRaftLogWorker for RaftStorageImpl:Storage Directory /home/runner/work/ozone/ozone/hadoop-ozone/integration-test/target/test-dir/MiniOzoneClusterImpl-8c293bcf-6970-46e1-80ac-8e038071f7a0/datanode-2/data/ratis/bdc334c8-1f61-40c4-822f-f639db4f7f68
2022-12-23 07:22:59,198 [pool-552-thread-1] INFO  server.RaftServerConfigKeys (ConfUtils.java:logGet(46)) - raft.server.log.queue.byte-limit = 4294967296 (custom)
2022-12-23 07:22:59,198 [pool-552-thread-1] INFO  server.RaftServerConfigKeys (ConfUtils.java:logGet(46)) - raft.server.log.queue.element-limit = 1024 (custom)
2022-12-23 07:22:59,198 [pool-552-thread-1] INFO  server.RaftServerConfigKeys (ConfUtils.java:logGet(46)) - raft.server.log.segment.size.max = 1048576 (custom)
2022-12-23 07:22:59,198 [pool-552-thread-1] INFO  server.RaftServerConfigKeys (ConfUtils.java:logGet(46)) - raft.server.log.preallocated.size = 16384 (custom)
2022-12-23 07:22:59,198 [pool-552-thread-1] INFO  server.RaftServerConfigKeys (ConfUtils.java:logGet(46)) - raft.server.log.force.sync.num = 128 (default)
2022-12-23 07:22:59,198 [pool-552-thread-1] INFO  server.RaftServerConfigKeys (ConfUtils.java:logGet(46)) - raft.server.log.statemachine.data.sync = true (default)
2022-12-23 07:22:59,198 [pool-552-thread-1] INFO  server.RaftServerConfigKeys (ConfUtils.java:logGet(46)) - raft.server.log.statemachine.data.sync.timeout = 10s (default)
2022-12-23 07:22:59,199 [pool-552-thread-1] INFO  server.RaftServerConfigKeys (ConfUtils.java:logGet(46)) - raft.server.log.statemachine.data.sync.timeout.retry = -1 (default)
2022-12-23 07:22:59,200 [pool-552-thread-1] INFO  server.RaftServerConfigKeys (ConfUtils.java:logGet(46)) - raft.server.log.write.buffer.size = 1048576 (custom)
2022-12-23 07:22:59,201 [pool-552-thread-1] INFO  server.RaftServerConfigKeys (ConfUtils.java:logGet(46)) - raft.server.log.appender.buffer.byte-limit = 33554432 (custom)
2022-12-23 07:22:59,206 [pool-552-thread-1] INFO  server.RaftServerConfigKeys (ConfUtils.java:logGet(46)) - raft.server.log.unsafe-flush.enabled = false (default)
2022-12-23 07:22:59,206 [pool-552-thread-1] INFO  server.RaftServerConfigKeys (ConfUtils.java:logGet(46)) - raft.server.log.async-flush.enabled = false (default)
2022-12-23 07:22:59,206 [pool-552-thread-1] INFO  server.RaftServerConfigKeys (ConfUtils.java:logGet(46)) - raft.server.log.statemachine.data.caching.enabled = true (custom)
2022-12-23 07:22:59,207 [pool-552-thread-1] INFO  segmented.SegmentedRaftLogWorker (SegmentedRaftLogWorker.java:lambda$new$0(135)) - 5d03e669-1af7-4a90-bfe9-b79df2f5a8e4@group-F639DB4F7F68-SegmentedRaftLogWorker: flushIndex: setUnconditionally 0 -> -1
2022-12-23 07:22:59,207 [pool-552-thread-1] INFO  segmented.SegmentedRaftLogWorker (SegmentedRaftLogWorker.java:lambda$new$0(135)) - 5d03e669-1af7-4a90-bfe9-b79df2f5a8e4@group-F639DB4F7F68-SegmentedRaftLogWorker: safeCacheEvictIndex: setUnconditionally 0 -> -1
2022-12-23 07:22:59,208 [pool-552-thread-1] INFO  server.RaftServer$Division (RaftServerImpl.java:start(334)) - 5d03e669-1af7-4a90-bfe9-b79df2f5a8e4@group-F639DB4F7F68: start as a follower, conf=-1: peers:[7f99fde5-c133-45d1-9e6f-6197bf32a4df|rpc:10.1.0.40:33403|dataStream:10.1.0.40:45641|priority:0|startupRole:FOLLOWER, b016757e-a2f5-4449-b608-35b74ad87f3b|rpc:10.1.0.40:46143|dataStream:10.1.0.40:37677|priority:1|startupRole:FOLLOWER, 5d03e669-1af7-4a90-bfe9-b79df2f5a8e4|rpc:10.1.0.40:44683|dataStream:10.1.0.40:33247|priority:0|startupRole:FOLLOWER]|listeners:[], old=null
2022-12-23 07:22:59,208 [pool-552-thread-1] INFO  server.RaftServer$Division (RaftServerImpl.java:setRole(321)) - 5d03e669-1af7-4a90-bfe9-b79df2f5a8e4@group-F639DB4F7F68: changes role from      null to FOLLOWER at term 0 for startAsFollower
2022-12-23 07:22:59,209 [pool-552-thread-1] INFO  impl.RoleInfo (RoleInfo.java:updateAndGet(139)) - 5d03e669-1af7-4a90-bfe9-b79df2f5a8e4: start 5d03e669-1af7-4a90-bfe9-b79df2f5a8e4@group-F639DB4F7F68-FollowerState
2022-12-23 07:22:59,210 [pool-552-thread-1] INFO  util.JmxRegister (JmxRegister.java:tryRegister(44)) - Successfully registered JMX Bean with object name Ratis:service=RaftServer,group=group-F639DB4F7F68,id=5d03e669-1af7-4a90-bfe9-b79df2f5a8e4
2022-12-23 07:22:59,211 [pool-552-thread-1] INFO  server.RaftServerConfigKeys (ConfUtils.java:logGet(46)) - raft.server.snapshot.auto.trigger.enabled = true (custom)
2022-12-23 07:22:59,211 [pool-552-thread-1] INFO  server.RaftServerConfigKeys (ConfUtils.java:logGet(46)) - raft.server.snapshot.auto.trigger.threshold = 10000 (custom)
2022-12-23 07:22:59,211 [pool-552-thread-1] INFO  server.RaftServerConfigKeys (ConfUtils.java:logGet(46)) - raft.server.snapshot.retention.file.num = 5 (custom)
2022-12-23 07:22:59,211 [pool-552-thread-1] INFO  server.RaftServerConfigKeys (ConfUtils.java:logGet(46)) - raft.server.log.purge.upto.snapshot.index = false (default)
2022-12-23 07:22:59,211 [5d03e669-1af7-4a90-bfe9-b79df2f5a8e4@group-F639DB4F7F68-FollowerState] INFO  server.RaftServerConfigKeys (ConfUtils.java:logFallback(53)) - raft.server.rpc.first-election.timeout.min = 5s (fallback to raft.server.rpc.timeout.min)
2022-12-23 07:22:59,211 [5d03e669-1af7-4a90-bfe9-b79df2f5a8e4@group-F639DB4F7F68-FollowerState] INFO  server.RaftServerConfigKeys (ConfUtils.java:logFallback(53)) - raft.server.rpc.first-election.timeout.max = 5200ms (fallback to raft.server.rpc.timeout.max)
2022-12-23 07:22:59,220 [Command processor thread] INFO  commandhandler.CreatePipelineCommandHandler (CreatePipelineCommandHandler.java:handle(113)) - Created Pipeline RATIS THREE PipelineID=bdc334c8-1f61-40c4-822f-f639db4f7f68.
2022-12-23 07:22:59,286 [Command processor thread] INFO  server.RaftServer (RaftServerProxy.java:addNew(96)) - 7f99fde5-c133-45d1-9e6f-6197bf32a4df: addNew group-63501ACB4033:[7f99fde5-c133-45d1-9e6f-6197bf32a4df|rpc:10.1.0.40:33403|dataStream:10.1.0.40:45641|priority:1|startupRole:FOLLOWER] returns group-63501ACB4033:java.util.concurrent.CompletableFuture@7e49aeb[Not completed]
2022-12-23 07:22:59,288 [pool-529-thread-1] INFO  server.RaftServer$Division (RaftServerImpl.java:<init>(195)) - 7f99fde5-c133-45d1-9e6f-6197bf32a4df: new RaftServerImpl for group-63501ACB4033:[7f99fde5-c133-45d1-9e6f-6197bf32a4df|rpc:10.1.0.40:33403|dataStream:10.1.0.40:45641|priority:1|startupRole:FOLLOWER] with ContainerStateMachine:uninitialized
2022-12-23 07:22:59,288 [pool-529-thread-1] INFO  server.RaftServerConfigKeys (ConfUtils.java:logGet(46)) - raft.server.rpc.timeout.min = 5s (custom)
2022-12-23 07:22:59,288 [pool-529-thread-1] INFO  server.RaftServerConfigKeys (ConfUtils.java:logGet(46)) - raft.server.rpc.timeout.max = 5200ms (custom)
2022-12-23 07:22:59,288 [pool-529-thread-1] INFO  server.RaftServerConfigKeys (ConfUtils.java:logGet(46)) - raft.server.rpc.sleep.time = 25ms (default)
2022-12-23 07:22:59,288 [pool-529-thread-1] INFO  server.RaftServerConfigKeys (ConfUtils.java:logGet(46)) - raft.server.rpc.slowness.timeout = 300s (custom)
2022-12-23 07:22:59,288 [pool-529-thread-1] INFO  server.RaftServerConfigKeys (ConfUtils.java:logGet(46)) - raft.server.leaderelection.leader.step-down.wait-time = 10s (default)
2022-12-23 07:22:59,288 [pool-529-thread-1] INFO  server.RaftServerConfigKeys (ConfUtils.java:logGet(46)) - raft.server.sleep.deviation.threshold = 300ms (default)
2022-12-23 07:22:59,288 [pool-529-thread-1] INFO  server.RaftServer$Division (ServerState.java:<init>(118)) - 7f99fde5-c133-45d1-9e6f-6197bf32a4df@group-63501ACB4033: ConfigurationManager, init=-1: peers:[7f99fde5-c133-45d1-9e6f-6197bf32a4df|rpc:10.1.0.40:33403|dataStream:10.1.0.40:45641|priority:1|startupRole:FOLLOWER]|listeners:[], old=null, confs=<EMPTY_MAP>
2022-12-23 07:22:59,288 [pool-529-thread-1] INFO  server.RaftServerConfigKeys (ConfUtils.java:logGet(46)) - raft.server.storage.dir = [/home/runner/work/ozone/ozone/hadoop-ozone/integration-test/target/test-dir/MiniOzoneClusterImpl-8c293bcf-6970-46e1-80ac-8e038071f7a0/datanode-1/data/ratis] (custom)
2022-12-23 07:22:59,288 [pool-529-thread-1] INFO  server.RaftServerConfigKeys (ConfUtils.java:logGet(46)) - raft.server.log.corruption.policy = EXCEPTION (default)
2022-12-23 07:22:59,288 [pool-529-thread-1] INFO  server.RaftServerConfigKeys (ConfUtils.java:logGet(46)) - raft.server.storage.free-space.min = 0MB (=0) (default)
2022-12-23 07:22:59,288 [pool-529-thread-1] INFO  server.RaftServerConfigKeys (ConfUtils.java:logGet(46)) - raft.server.notification.no-leader.timeout = 300s (custom)
2022-12-23 07:22:59,288 [pool-529-thread-1] INFO  server.RaftServerConfigKeys (ConfUtils.java:logGet(46)) - raft.server.retrycache.expirytime = 600000ms (custom)
2022-12-23 07:22:59,288 [pool-529-thread-1] INFO  server.RaftServerConfigKeys (ConfUtils.java:logGet(46)) - raft.server.retrycache.statistics.expirytime = 100μs (default)
2022-12-23 07:22:59,289 [pool-529-thread-1] INFO  server.RaftServerConfigKeys (ConfUtils.java:logGet(46)) - raft.server.log.appender.install.snapshot.enabled = false (custom)
2022-12-23 07:22:59,289 [pool-529-thread-1] INFO  server.RaftServerConfigKeys (ConfUtils.java:logGet(46)) - raft.server.threadpool.server.cached = true (default)
2022-12-23 07:22:59,289 [pool-529-thread-1] INFO  server.RaftServerConfigKeys (ConfUtils.java:logGet(46)) - raft.server.threadpool.server.size = 0 (default)
2022-12-23 07:22:59,289 [pool-529-thread-1] INFO  server.RaftServerConfigKeys (ConfUtils.java:logGet(46)) - raft.server.threadpool.client.cached = true (default)
2022-12-23 07:22:59,289 [pool-529-thread-1] INFO  server.RaftServerConfigKeys (ConfUtils.java:logGet(46)) - raft.server.threadpool.client.size = 0 (default)
2022-12-23 07:22:59,290 [pool-529-thread-1] INFO  storage.RaftStorageDirectory (RaftStorageDirectoryImpl.java:analyzeStorage(137)) - The storage directory /home/runner/work/ozone/ozone/hadoop-ozone/integration-test/target/test-dir/MiniOzoneClusterImpl-8c293bcf-6970-46e1-80ac-8e038071f7a0/datanode-1/data/ratis/3a7d60f2-691f-473b-8d80-63501acb4033 does not exist. Creating ...
2022-12-23 07:22:59,291 [pool-529-thread-1] INFO  storage.RaftStorageDirectory (RaftStorageDirectoryImpl.java:tryLock(231)) - Lock on /home/runner/work/ozone/ozone/hadoop-ozone/integration-test/target/test-dir/MiniOzoneClusterImpl-8c293bcf-6970-46e1-80ac-8e038071f7a0/datanode-1/data/ratis/3a7d60f2-691f-473b-8d80-63501acb4033/in_use.lock acquired by nodename 81300@fv-az505-480
2022-12-23 07:22:59,292 [pool-529-thread-1] INFO  storage.RaftStorage (RaftStorageImpl.java:format(96)) - Storage directory /home/runner/work/ozone/ozone/hadoop-ozone/integration-test/target/test-dir/MiniOzoneClusterImpl-8c293bcf-6970-46e1-80ac-8e038071f7a0/datanode-1/data/ratis/3a7d60f2-691f-473b-8d80-63501acb4033 has been successfully formatted.
2022-12-23 07:22:59,294 [EventQueue-PipelineReportForPipelineReportHandler] INFO  pipeline.PipelineManagerImpl (PipelineManagerImpl.java:openPipeline(367)) - Pipeline Pipeline[ Id: 3a7d60f2-691f-473b-8d80-63501acb4033, Nodes: 7f99fde5-c133-45d1-9e6f-6197bf32a4df{ip: 10.1.0.40, host: fv-az505-480.g2e1luzo1moefklhgra4trf2va.dx.internal.cloudapp.net, ports: [REPLICATION=43099, RATIS=33403, RATIS_ADMIN=33403, RATIS_SERVER=33403, RATIS_DATASTREAM=45641, STANDALONE=44811], networkLocation: /default-rack, certSerialId: null, persistedOpState: IN_SERVICE, persistedOpStateExpiryEpochSec: 0}, ReplicationConfig: RATIS/ONE, State:ALLOCATED, leaderId:7f99fde5-c133-45d1-9e6f-6197bf32a4df, CreationTimestamp2022-12-23T07:22:56.291Z[Etc/UTC]] moved to OPEN state
2022-12-23 07:22:59,295 [EventQueue-CommandQueueReportForCommandQueueReportHandler] WARN  events.EventQueue (EventQueue.java:fireEvent(216)) - No event handler registered for event TypedEvent{payloadType=DatanodeDetails, name='Datanode_Command_Queue_Updated'}
2022-12-23 07:22:59,295 [pool-529-thread-1] INFO  ratis.ContainerStateMachine (ContainerStateMachine.java:loadSnapshot(240)) - group-63501ACB4033: The snapshot info is null. Setting the last applied indexto:(t:0, i:~)
2022-12-23 07:22:59,295 [pool-529-thread-1] INFO  server.RaftServerConfigKeys (ConfUtils.java:logGet(46)) - raft.server.log.use.memory = false (default)
2022-12-23 07:22:59,295 [EventQueue-OpenPipelineForHealthyPipelineSafeModeRule] INFO  safemode.SCMSafeModeManager (HealthyPipelineSafeModeRule.java:process(137)) - SCM in safe mode. Healthy pipelines reported count is 0, required healthy pipeline reported count is 1
2022-12-23 07:22:59,295 [pool-529-thread-1] INFO  server.RaftServerConfigKeys (ConfUtils.java:logGet(46)) - raft.server.log.purge.gap = 1000000 (custom)
2022-12-23 07:22:59,295 [pool-529-thread-1] INFO  server.RaftServerConfigKeys (ConfUtils.java:logGet(46)) - raft.server.log.appender.buffer.byte-limit = 33554432 (custom)
2022-12-23 07:22:59,295 [pool-529-thread-1] INFO  server.RaftServerConfigKeys (ConfUtils.java:logGet(46)) - raft.server.log.statemachine.data.read.timeout = 1000ms (default)
2022-12-23 07:22:59,296 [pool-529-thread-1] INFO  server.RaftServerConfigKeys (ConfUtils.java:logGet(46)) - raft.server.log.purge.preservation.log.num = 0 (default)
2022-12-23 07:22:59,296 [pool-529-thread-1] INFO  server.RaftServerConfigKeys (ConfUtils.java:logGet(46)) - raft.server.log.segment.size.max = 1048576 (custom)
2022-12-23 07:22:59,296 [pool-529-thread-1] INFO  server.RaftServerConfigKeys (ConfUtils.java:logGet(46)) - raft.server.log.segment.cache.num.max = 2 (custom)
2022-12-23 07:22:59,296 [pool-529-thread-1] INFO  server.RaftServerConfigKeys (ConfUtils.java:logGet(46)) - raft.server.log.segment.cache.size.max = 200MB (=209715200) (default)
2022-12-23 07:22:59,296 [pool-529-thread-1] INFO  segmented.SegmentedRaftLogWorker (SegmentedRaftLogWorker.java:<init>(189)) - new 7f99fde5-c133-45d1-9e6f-6197bf32a4df@group-63501ACB4033-SegmentedRaftLogWorker for RaftStorageImpl:Storage Directory /home/runner/work/ozone/ozone/hadoop-ozone/integration-test/target/test-dir/MiniOzoneClusterImpl-8c293bcf-6970-46e1-80ac-8e038071f7a0/datanode-1/data/ratis/3a7d60f2-691f-473b-8d80-63501acb4033
2022-12-23 07:22:59,296 [pool-529-thread-1] INFO  server.RaftServerConfigKeys (ConfUtils.java:logGet(46)) - raft.server.log.queue.byte-limit = 4294967296 (custom)
2022-12-23 07:22:59,296 [pool-529-thread-1] INFO  server.RaftServerConfigKeys (ConfUtils.java:logGet(46)) - raft.server.log.queue.element-limit = 1024 (custom)
2022-12-23 07:22:59,296 [pool-529-thread-1] INFO  server.RaftServerConfigKeys (ConfUtils.java:logGet(46)) - raft.server.log.segment.size.max = 1048576 (custom)
2022-12-23 07:22:59,296 [pool-529-thread-1] INFO  server.RaftServerConfigKeys (ConfUtils.java:logGet(46)) - raft.server.log.preallocated.size = 16384 (custom)
2022-12-23 07:22:59,296 [pool-529-thread-1] INFO  server.RaftServerConfigKeys (ConfUtils.java:logGet(46)) - raft.server.log.force.sync.num = 128 (default)
2022-12-23 07:22:59,296 [pool-529-thread-1] INFO  server.RaftServerConfigKeys (ConfUtils.java:logGet(46)) - raft.server.log.statemachine.data.sync = true (default)
2022-12-23 07:22:59,296 [pool-529-thread-1] INFO  server.RaftServerConfigKeys (ConfUtils.java:logGet(46)) - raft.server.log.statemachine.data.sync.timeout = 10s (default)
2022-12-23 07:22:59,296 [pool-529-thread-1] INFO  server.RaftServerConfigKeys (ConfUtils.java:logGet(46)) - raft.server.log.statemachine.data.sync.timeout.retry = -1 (default)
2022-12-23 07:22:59,297 [pool-529-thread-1] INFO  server.RaftServerConfigKeys (ConfUtils.java:logGet(46)) - raft.server.log.write.buffer.size = 1048576 (custom)
2022-12-23 07:22:59,298 [pool-529-thread-1] INFO  server.RaftServerConfigKeys (ConfUtils.java:logGet(46)) - raft.server.log.appender.buffer.byte-limit = 33554432 (custom)
2022-12-23 07:22:59,303 [pool-529-thread-1] INFO  server.RaftServerConfigKeys (ConfUtils.java:logGet(46)) - raft.server.log.unsafe-flush.enabled = false (default)
2022-12-23 07:22:59,303 [pool-529-thread-1] INFO  server.RaftServerConfigKeys (ConfUtils.java:logGet(46)) - raft.server.log.async-flush.enabled = false (default)
2022-12-23 07:22:59,303 [pool-529-thread-1] INFO  server.RaftServerConfigKeys (ConfUtils.java:logGet(46)) - raft.server.log.statemachine.data.caching.enabled = true (custom)
2022-12-23 07:22:59,303 [pool-529-thread-1] INFO  segmented.SegmentedRaftLogWorker (SegmentedRaftLogWorker.java:lambda$new$0(135)) - 7f99fde5-c133-45d1-9e6f-6197bf32a4df@group-63501ACB4033-SegmentedRaftLogWorker: flushIndex: setUnconditionally 0 -> -1
2022-12-23 07:22:59,304 [pool-529-thread-1] INFO  segmented.SegmentedRaftLogWorker (SegmentedRaftLogWorker.java:lambda$new$0(135)) - 7f99fde5-c133-45d1-9e6f-6197bf32a4df@group-63501ACB4033-SegmentedRaftLogWorker: safeCacheEvictIndex: setUnconditionally 0 -> -1
2022-12-23 07:22:59,304 [pool-529-thread-1] INFO  server.RaftServer$Division (RaftServerImpl.java:start(334)) - 7f99fde5-c133-45d1-9e6f-6197bf32a4df@group-63501ACB4033: start as a follower, conf=-1: peers:[7f99fde5-c133-45d1-9e6f-6197bf32a4df|rpc:10.1.0.40:33403|dataStream:10.1.0.40:45641|priority:1|startupRole:FOLLOWER]|listeners:[], old=null
2022-12-23 07:22:59,304 [pool-529-thread-1] INFO  server.RaftServer$Division (RaftServerImpl.java:setRole(321)) - 7f99fde5-c133-45d1-9e6f-6197bf32a4df@group-63501ACB4033: changes role from      null to FOLLOWER at term 0 for startAsFollower
2022-12-23 07:22:59,304 [pool-529-thread-1] INFO  impl.RoleInfo (RoleInfo.java:updateAndGet(139)) - 7f99fde5-c133-45d1-9e6f-6197bf32a4df: start 7f99fde5-c133-45d1-9e6f-6197bf32a4df@group-63501ACB4033-FollowerState
2022-12-23 07:22:59,304 [pool-529-thread-1] INFO  util.JmxRegister (JmxRegister.java:tryRegister(44)) - Successfully registered JMX Bean with object name Ratis:service=RaftServer,group=group-63501ACB4033,id=7f99fde5-c133-45d1-9e6f-6197bf32a4df
2022-12-23 07:22:59,304 [7f99fde5-c133-45d1-9e6f-6197bf32a4df@group-63501ACB4033-FollowerState] INFO  server.RaftServerConfigKeys (ConfUtils.java:logFallback(53)) - raft.server.rpc.first-election.timeout.min = 5s (fallback to raft.server.rpc.timeout.min)
2022-12-23 07:22:59,304 [pool-529-thread-1] INFO  server.RaftServerConfigKeys (ConfUtils.java:logGet(46)) - raft.server.snapshot.auto.trigger.enabled = true (custom)
2022-12-23 07:22:59,304 [7f99fde5-c133-45d1-9e6f-6197bf32a4df@group-63501ACB4033-FollowerState] INFO  server.RaftServerConfigKeys (ConfUtils.java:logFallback(53)) - raft.server.rpc.first-election.timeout.max = 5200ms (fallback to raft.server.rpc.timeout.max)
2022-12-23 07:22:59,304 [pool-529-thread-1] INFO  server.RaftServerConfigKeys (ConfUtils.java:logGet(46)) - raft.server.snapshot.auto.trigger.threshold = 10000 (custom)
2022-12-23 07:22:59,304 [pool-529-thread-1] INFO  server.RaftServerConfigKeys (ConfUtils.java:logGet(46)) - raft.server.snapshot.retention.file.num = 5 (custom)
2022-12-23 07:22:59,305 [pool-529-thread-1] INFO  server.RaftServerConfigKeys (ConfUtils.java:logGet(46)) - raft.server.log.purge.upto.snapshot.index = false (default)
2022-12-23 07:22:59,305 [Command processor thread] INFO  ratis.XceiverServerRatis (XceiverServerRatis.java:addGroup(806)) - Created group PipelineID=3a7d60f2-691f-473b-8d80-63501acb4033
2022-12-23 07:22:59,305 [Command processor thread] INFO  commandhandler.CreatePipelineCommandHandler (CreatePipelineCommandHandler.java:handle(113)) - Created Pipeline RATIS ONE PipelineID=3a7d60f2-691f-473b-8d80-63501acb4033.
2022-12-23 07:22:59,638 [Listener at 127.0.0.1/42981] INFO  ozone.MiniOzoneClusterImpl (MiniOzoneClusterImpl.java:lambda$waitForClusterToBeReady$0(217)) - Nodes are ready. Got 3 of 3 DN Heartbeats.
2022-12-23 07:22:59,639 [Listener at 127.0.0.1/42981] INFO  ozone.MiniOzoneClusterImpl (MiniOzoneClusterImpl.java:lambda$waitForClusterToBeReady$0(220)) - Waiting for cluster to exit safe mode
2022-12-23 07:22:59,639 [Listener at 127.0.0.1/42981] INFO  ozone.MiniOzoneClusterImpl (MiniOzoneClusterImpl.java:lambda$waitForClusterToBeReady$0(222)) - SCM became leader
2022-12-23 07:22:59,639 [Command processor thread] INFO  server.RaftServer (RaftServerProxy.java:addNew(96)) - 5d03e669-1af7-4a90-bfe9-b79df2f5a8e4: addNew group-0F0D4893EB64:[5d03e669-1af7-4a90-bfe9-b79df2f5a8e4|rpc:10.1.0.40:44683|dataStream:10.1.0.40:33247|priority:1|startupRole:FOLLOWER] returns group-0F0D4893EB64:java.util.concurrent.CompletableFuture@501d889b[Not completed]
2022-12-23 07:22:59,640 [pool-552-thread-1] INFO  server.RaftServer$Division (RaftServerImpl.java:<init>(195)) - 5d03e669-1af7-4a90-bfe9-b79df2f5a8e4: new RaftServerImpl for group-0F0D4893EB64:[5d03e669-1af7-4a90-bfe9-b79df2f5a8e4|rpc:10.1.0.40:44683|dataStream:10.1.0.40:33247|priority:1|startupRole:FOLLOWER] with ContainerStateMachine:uninitialized
2022-12-23 07:22:59,640 [pool-552-thread-1] INFO  server.RaftServerConfigKeys (ConfUtils.java:logGet(46)) - raft.server.rpc.timeout.min = 5s (custom)
2022-12-23 07:22:59,640 [pool-552-thread-1] INFO  server.RaftServerConfigKeys (ConfUtils.java:logGet(46)) - raft.server.rpc.timeout.max = 5200ms (custom)
2022-12-23 07:22:59,640 [pool-552-thread-1] INFO  server.RaftServerConfigKeys (ConfUtils.java:logGet(46)) - raft.server.rpc.sleep.time = 25ms (default)
2022-12-23 07:22:59,640 [pool-552-thread-1] INFO  server.RaftServerConfigKeys (ConfUtils.java:logGet(46)) - raft.server.rpc.slowness.timeout = 300s (custom)
2022-12-23 07:22:59,640 [pool-552-thread-1] INFO  server.RaftServerConfigKeys (ConfUtils.java:logGet(46)) - raft.server.leaderelection.leader.step-down.wait-time = 10s (default)
2022-12-23 07:22:59,640 [pool-552-thread-1] INFO  server.RaftServerConfigKeys (ConfUtils.java:logGet(46)) - raft.server.sleep.deviation.threshold = 300ms (default)
2022-12-23 07:22:59,640 [pool-552-thread-1] INFO  server.RaftServer$Division (ServerState.java:<init>(118)) - 5d03e669-1af7-4a90-bfe9-b79df2f5a8e4@group-0F0D4893EB64: ConfigurationManager, init=-1: peers:[5d03e669-1af7-4a90-bfe9-b79df2f5a8e4|rpc:10.1.0.40:44683|dataStream:10.1.0.40:33247|priority:1|startupRole:FOLLOWER]|listeners:[], old=null, confs=<EMPTY_MAP>
2022-12-23 07:22:59,640 [pool-552-thread-1] INFO  server.RaftServerConfigKeys (ConfUtils.java:logGet(46)) - raft.server.storage.dir = [/home/runner/work/ozone/ozone/hadoop-ozone/integration-test/target/test-dir/MiniOzoneClusterImpl-8c293bcf-6970-46e1-80ac-8e038071f7a0/datanode-2/data/ratis] (custom)
2022-12-23 07:22:59,641 [pool-552-thread-1] INFO  server.RaftServerConfigKeys (ConfUtils.java:logGet(46)) - raft.server.log.corruption.policy = EXCEPTION (default)
2022-12-23 07:22:59,641 [pool-552-thread-1] INFO  server.RaftServerConfigKeys (ConfUtils.java:logGet(46)) - raft.server.storage.free-space.min = 0MB (=0) (default)
2022-12-23 07:22:59,641 [pool-552-thread-1] INFO  server.RaftServerConfigKeys (ConfUtils.java:logGet(46)) - raft.server.notification.no-leader.timeout = 300s (custom)
2022-12-23 07:22:59,641 [pool-552-thread-1] INFO  server.RaftServerConfigKeys (ConfUtils.java:logGet(46)) - raft.server.retrycache.expirytime = 600000ms (custom)
2022-12-23 07:22:59,641 [pool-552-thread-1] INFO  server.RaftServerConfigKeys (ConfUtils.java:logGet(46)) - raft.server.retrycache.statistics.expirytime = 100μs (default)
2022-12-23 07:22:59,641 [pool-552-thread-1] INFO  server.RaftServerConfigKeys (ConfUtils.java:logGet(46)) - raft.server.log.appender.install.snapshot.enabled = false (custom)
2022-12-23 07:22:59,641 [pool-552-thread-1] INFO  server.RaftServerConfigKeys (ConfUtils.java:logGet(46)) - raft.server.threadpool.server.cached = true (default)
2022-12-23 07:22:59,641 [pool-552-thread-1] INFO  server.RaftServerConfigKeys (ConfUtils.java:logGet(46)) - raft.server.threadpool.server.size = 0 (default)
2022-12-23 07:22:59,641 [pool-552-thread-1] INFO  server.RaftServerConfigKeys (ConfUtils.java:logGet(46)) - raft.server.threadpool.client.cached = true (default)
2022-12-23 07:22:59,642 [pool-552-thread-1] INFO  server.RaftServerConfigKeys (ConfUtils.java:logGet(46)) - raft.server.threadpool.client.size = 0 (default)
2022-12-23 07:22:59,642 [pool-552-thread-1] INFO  storage.RaftStorageDirectory (RaftStorageDirectoryImpl.java:analyzeStorage(137)) - The storage directory /home/runner/work/ozone/ozone/hadoop-ozone/integration-test/target/test-dir/MiniOzoneClusterImpl-8c293bcf-6970-46e1-80ac-8e038071f7a0/datanode-2/data/ratis/39bb6d28-e8f5-4591-af34-0f0d4893eb64 does not exist. Creating ...
2022-12-23 07:22:59,643 [pool-552-thread-1] INFO  storage.RaftStorageDirectory (RaftStorageDirectoryImpl.java:tryLock(231)) - Lock on /home/runner/work/ozone/ozone/hadoop-ozone/integration-test/target/test-dir/MiniOzoneClusterImpl-8c293bcf-6970-46e1-80ac-8e038071f7a0/datanode-2/data/ratis/39bb6d28-e8f5-4591-af34-0f0d4893eb64/in_use.lock acquired by nodename 81300@fv-az505-480
2022-12-23 07:22:59,644 [pool-552-thread-1] INFO  storage.RaftStorage (RaftStorageImpl.java:format(96)) - Storage directory /home/runner/work/ozone/ozone/hadoop-ozone/integration-test/target/test-dir/MiniOzoneClusterImpl-8c293bcf-6970-46e1-80ac-8e038071f7a0/datanode-2/data/ratis/39bb6d28-e8f5-4591-af34-0f0d4893eb64 has been successfully formatted.
2022-12-23 07:22:59,645 [pool-552-thread-1] INFO  ratis.ContainerStateMachine (ContainerStateMachine.java:loadSnapshot(240)) - group-0F0D4893EB64: The snapshot info is null. Setting the last applied indexto:(t:0, i:~)
2022-12-23 07:22:59,645 [pool-552-thread-1] INFO  server.RaftServerConfigKeys (ConfUtils.java:logGet(46)) - raft.server.log.use.memory = false (default)
2022-12-23 07:22:59,645 [pool-552-thread-1] INFO  server.RaftServerConfigKeys (ConfUtils.java:logGet(46)) - raft.server.log.purge.gap = 1000000 (custom)
2022-12-23 07:22:59,645 [pool-552-thread-1] INFO  server.RaftServerConfigKeys (ConfUtils.java:logGet(46)) - raft.server.log.appender.buffer.byte-limit = 33554432 (custom)
2022-12-23 07:22:59,645 [pool-552-thread-1] INFO  server.RaftServerConfigKeys (ConfUtils.java:logGet(46)) - raft.server.log.statemachine.data.read.timeout = 1000ms (default)
2022-12-23 07:22:59,645 [pool-552-thread-1] INFO  server.RaftServerConfigKeys (ConfUtils.java:logGet(46)) - raft.server.log.purge.preservation.log.num = 0 (default)
2022-12-23 07:22:59,645 [pool-552-thread-1] INFO  server.RaftServerConfigKeys (ConfUtils.java:logGet(46)) - raft.server.log.segment.size.max = 1048576 (custom)
2022-12-23 07:22:59,646 [pool-552-thread-1] INFO  server.RaftServerConfigKeys (ConfUtils.java:logGet(46)) - raft.server.log.segment.cache.num.max = 2 (custom)
2022-12-23 07:22:59,646 [pool-552-thread-1] INFO  server.RaftServerConfigKeys (ConfUtils.java:logGet(46)) - raft.server.log.segment.cache.size.max = 200MB (=209715200) (default)
2022-12-23 07:22:59,646 [pool-552-thread-1] INFO  segmented.SegmentedRaftLogWorker (SegmentedRaftLogWorker.java:<init>(189)) - new 5d03e669-1af7-4a90-bfe9-b79df2f5a8e4@group-0F0D4893EB64-SegmentedRaftLogWorker for RaftStorageImpl:Storage Directory /home/runner/work/ozone/ozone/hadoop-ozone/integration-test/target/test-dir/MiniOzoneClusterImpl-8c293bcf-6970-46e1-80ac-8e038071f7a0/datanode-2/data/ratis/39bb6d28-e8f5-4591-af34-0f0d4893eb64
2022-12-23 07:22:59,646 [pool-552-thread-1] INFO  server.RaftServerConfigKeys (ConfUtils.java:logGet(46)) - raft.server.log.queue.byte-limit = 4294967296 (custom)
2022-12-23 07:22:59,646 [pool-552-thread-1] INFO  server.RaftServerConfigKeys (ConfUtils.java:logGet(46)) - raft.server.log.queue.element-limit = 1024 (custom)
2022-12-23 07:22:59,646 [pool-552-thread-1] INFO  server.RaftServerConfigKeys (ConfUtils.java:logGet(46)) - raft.server.log.segment.size.max = 1048576 (custom)
2022-12-23 07:22:59,646 [pool-552-thread-1] INFO  server.RaftServerConfigKeys (ConfUtils.java:logGet(46)) - raft.server.log.preallocated.size = 16384 (custom)
2022-12-23 07:22:59,646 [pool-552-thread-1] INFO  server.RaftServerConfigKeys (ConfUtils.java:logGet(46)) - raft.server.log.force.sync.num = 128 (default)
2022-12-23 07:22:59,646 [pool-552-thread-1] INFO  server.RaftServerConfigKeys (ConfUtils.java:logGet(46)) - raft.server.log.statemachine.data.sync = true (default)
2022-12-23 07:22:59,646 [pool-552-thread-1] INFO  server.RaftServerConfigKeys (ConfUtils.java:logGet(46)) - raft.server.log.statemachine.data.sync.timeout = 10s (default)
2022-12-23 07:22:59,646 [pool-552-thread-1] INFO  server.RaftServerConfigKeys (ConfUtils.java:logGet(46)) - raft.server.log.statemachine.data.sync.timeout.retry = -1 (default)
2022-12-23 07:22:59,646 [EventQueue-CommandQueueReportForCommandQueueReportHandler] WARN  events.EventQueue (EventQueue.java:fireEvent(216)) - No event handler registered for event TypedEvent{payloadType=DatanodeDetails, name='Datanode_Command_Queue_Updated'}
2022-12-23 07:22:59,647 [pool-552-thread-1] INFO  server.RaftServerConfigKeys (ConfUtils.java:logGet(46)) - raft.server.log.write.buffer.size = 1048576 (custom)
2022-12-23 07:22:59,647 [EventQueue-PipelineReportForPipelineReportHandler] INFO  pipeline.PipelineManagerImpl (PipelineManagerImpl.java:openPipeline(367)) - Pipeline Pipeline[ Id: 39bb6d28-e8f5-4591-af34-0f0d4893eb64, Nodes: 5d03e669-1af7-4a90-bfe9-b79df2f5a8e4{ip: 10.1.0.40, host: fv-az505-480.g2e1luzo1moefklhgra4trf2va.dx.internal.cloudapp.net, ports: [REPLICATION=42443, RATIS=44683, RATIS_ADMIN=44683, RATIS_SERVER=44683, RATIS_DATASTREAM=33247, STANDALONE=34353], networkLocation: /default-rack, certSerialId: null, persistedOpState: IN_SERVICE, persistedOpStateExpiryEpochSec: 0}, ReplicationConfig: RATIS/ONE, State:ALLOCATED, leaderId:5d03e669-1af7-4a90-bfe9-b79df2f5a8e4, CreationTimestamp2022-12-23T07:22:56.642Z[Etc/UTC]] moved to OPEN state
2022-12-23 07:22:59,647 [pool-552-thread-1] INFO  server.RaftServerConfigKeys (ConfUtils.java:logGet(46)) - raft.server.log.appender.buffer.byte-limit = 33554432 (custom)
2022-12-23 07:22:59,648 [EventQueue-OpenPipelineForHealthyPipelineSafeModeRule] INFO  safemode.SCMSafeModeManager (HealthyPipelineSafeModeRule.java:process(137)) - SCM in safe mode. Healthy pipelines reported count is 0, required healthy pipeline reported count is 1
2022-12-23 07:22:59,653 [pool-552-thread-1] INFO  server.RaftServerConfigKeys (ConfUtils.java:logGet(46)) - raft.server.log.unsafe-flush.enabled = false (default)
2022-12-23 07:22:59,653 [pool-552-thread-1] INFO  server.RaftServerConfigKeys (ConfUtils.java:logGet(46)) - raft.server.log.async-flush.enabled = false (default)
2022-12-23 07:22:59,653 [pool-552-thread-1] INFO  server.RaftServerConfigKeys (ConfUtils.java:logGet(46)) - raft.server.log.statemachine.data.caching.enabled = true (custom)
2022-12-23 07:22:59,653 [pool-552-thread-1] INFO  segmented.SegmentedRaftLogWorker (SegmentedRaftLogWorker.java:lambda$new$0(135)) - 5d03e669-1af7-4a90-bfe9-b79df2f5a8e4@group-0F0D4893EB64-SegmentedRaftLogWorker: flushIndex: setUnconditionally 0 -> -1
2022-12-23 07:22:59,653 [pool-552-thread-1] INFO  segmented.SegmentedRaftLogWorker (SegmentedRaftLogWorker.java:lambda$new$0(135)) - 5d03e669-1af7-4a90-bfe9-b79df2f5a8e4@group-0F0D4893EB64-SegmentedRaftLogWorker: safeCacheEvictIndex: setUnconditionally 0 -> -1
2022-12-23 07:22:59,654 [pool-552-thread-1] INFO  server.RaftServer$Division (RaftServerImpl.java:start(334)) - 5d03e669-1af7-4a90-bfe9-b79df2f5a8e4@group-0F0D4893EB64: start as a follower, conf=-1: peers:[5d03e669-1af7-4a90-bfe9-b79df2f5a8e4|rpc:10.1.0.40:44683|dataStream:10.1.0.40:33247|priority:1|startupRole:FOLLOWER]|listeners:[], old=null
2022-12-23 07:22:59,654 [pool-552-thread-1] INFO  server.RaftServer$Division (RaftServerImpl.java:setRole(321)) - 5d03e669-1af7-4a90-bfe9-b79df2f5a8e4@group-0F0D4893EB64: changes role from      null to FOLLOWER at term 0 for startAsFollower
2022-12-23 07:22:59,654 [pool-552-thread-1] INFO  impl.RoleInfo (RoleInfo.java:updateAndGet(139)) - 5d03e669-1af7-4a90-bfe9-b79df2f5a8e4: start 5d03e669-1af7-4a90-bfe9-b79df2f5a8e4@group-0F0D4893EB64-FollowerState
2022-12-23 07:22:59,655 [pool-552-thread-1] INFO  util.JmxRegister (JmxRegister.java:tryRegister(44)) - Successfully registered JMX Bean with object name Ratis:service=RaftServer,group=group-0F0D4893EB64,id=5d03e669-1af7-4a90-bfe9-b79df2f5a8e4
2022-12-23 07:22:59,655 [pool-552-thread-1] INFO  server.RaftServerConfigKeys (ConfUtils.java:logGet(46)) - raft.server.snapshot.auto.trigger.enabled = true (custom)
2022-12-23 07:22:59,655 [pool-552-thread-1] INFO  server.RaftServerConfigKeys (ConfUtils.java:logGet(46)) - raft.server.snapshot.auto.trigger.threshold = 10000 (custom)
2022-12-23 07:22:59,655 [pool-552-thread-1] INFO  server.RaftServerConfigKeys (ConfUtils.java:logGet(46)) - raft.server.snapshot.retention.file.num = 5 (custom)
2022-12-23 07:22:59,655 [pool-552-thread-1] INFO  server.RaftServerConfigKeys (ConfUtils.java:logGet(46)) - raft.server.log.purge.upto.snapshot.index = false (default)
2022-12-23 07:22:59,655 [5d03e669-1af7-4a90-bfe9-b79df2f5a8e4@group-0F0D4893EB64-FollowerState] INFO  server.RaftServerConfigKeys (ConfUtils.java:logFallback(53)) - raft.server.rpc.first-election.timeout.min = 5s (fallback to raft.server.rpc.timeout.min)
2022-12-23 07:22:59,655 [5d03e669-1af7-4a90-bfe9-b79df2f5a8e4@group-0F0D4893EB64-FollowerState] INFO  server.RaftServerConfigKeys (ConfUtils.java:logFallback(53)) - raft.server.rpc.first-election.timeout.max = 5200ms (fallback to raft.server.rpc.timeout.max)
2022-12-23 07:22:59,656 [Command processor thread] INFO  ratis.XceiverServerRatis (XceiverServerRatis.java:addGroup(806)) - Created group PipelineID=39bb6d28-e8f5-4591-af34-0f0d4893eb64
2022-12-23 07:22:59,656 [Command processor thread] INFO  commandhandler.CreatePipelineCommandHandler (CreatePipelineCommandHandler.java:handle(113)) - Created Pipeline RATIS ONE PipelineID=39bb6d28-e8f5-4591-af34-0f0d4893eb64.
2022-12-23 07:23:00,116 [EventQueue-CommandQueueReportForCommandQueueReportHandler] WARN  events.EventQueue (EventQueue.java:fireEvent(216)) - No event handler registered for event TypedEvent{payloadType=DatanodeDetails, name='Datanode_Command_Queue_Updated'}
2022-12-23 07:23:00,294 [EventQueue-CommandQueueReportForCommandQueueReportHandler] WARN  events.EventQueue (EventQueue.java:fireEvent(216)) - No event handler registered for event TypedEvent{payloadType=DatanodeDetails, name='Datanode_Command_Queue_Updated'}
2022-12-23 07:23:00,639 [Listener at 127.0.0.1/42981] INFO  ozone.MiniOzoneClusterImpl (MiniOzoneClusterImpl.java:lambda$waitForClusterToBeReady$0(217)) - Nodes are ready. Got 3 of 3 DN Heartbeats.
2022-12-23 07:23:00,639 [Listener at 127.0.0.1/42981] INFO  ozone.MiniOzoneClusterImpl (MiniOzoneClusterImpl.java:lambda$waitForClusterToBeReady$0(220)) - Waiting for cluster to exit safe mode
2022-12-23 07:23:00,639 [Listener at 127.0.0.1/42981] INFO  ozone.MiniOzoneClusterImpl (MiniOzoneClusterImpl.java:lambda$waitForClusterToBeReady$0(222)) - SCM became leader
2022-12-23 07:23:00,647 [EventQueue-CommandQueueReportForCommandQueueReportHandler] WARN  events.EventQueue (EventQueue.java:fireEvent(216)) - No event handler registered for event TypedEvent{payloadType=DatanodeDetails, name='Datanode_Command_Queue_Updated'}
2022-12-23 07:23:00,935 [JvmPauseMonitor14] WARN  util.JvmPauseMonitor (JvmPauseMonitor.java:detectPause(126)) - JvmPauseMonitor-7f99fde5-c133-45d1-9e6f-6197bf32a4df: Detected pause in JVM or host machine (eg GC): pause of approximately 103911643ns.
GC pool 'PS MarkSweep' had collection(s): count=1 time=187ms
GC pool 'PS Scavenge' had collection(s): count=1 time=79ms
2022-12-23 07:23:00,941 [JvmPauseMonitor15] WARN  util.JvmPauseMonitor (JvmPauseMonitor.java:detectPause(126)) - JvmPauseMonitor-5d03e669-1af7-4a90-bfe9-b79df2f5a8e4: Detected pause in JVM or host machine (eg GC): pause of approximately 265467897ns.
GC pool 'PS MarkSweep' had collection(s): count=1 time=187ms
GC pool 'PS Scavenge' had collection(s): count=1 time=79ms
2022-12-23 07:23:01,117 [EventQueue-CommandQueueReportForCommandQueueReportHandler] WARN  events.EventQueue (EventQueue.java:fireEvent(216)) - No event handler registered for event TypedEvent{payloadType=DatanodeDetails, name='Datanode_Command_Queue_Updated'}
2022-12-23 07:23:01,295 [EventQueue-CommandQueueReportForCommandQueueReportHandler] WARN  events.EventQueue (EventQueue.java:fireEvent(216)) - No event handler registered for event TypedEvent{payloadType=DatanodeDetails, name='Datanode_Command_Queue_Updated'}
2022-12-23 07:23:01,640 [Listener at 127.0.0.1/42981] INFO  ozone.MiniOzoneClusterImpl (MiniOzoneClusterImpl.java:lambda$waitForClusterToBeReady$0(217)) - Nodes are ready. Got 3 of 3 DN Heartbeats.
2022-12-23 07:23:01,640 [Listener at 127.0.0.1/42981] INFO  ozone.MiniOzoneClusterImpl (MiniOzoneClusterImpl.java:lambda$waitForClusterToBeReady$0(220)) - Waiting for cluster to exit safe mode
2022-12-23 07:23:01,640 [Listener at 127.0.0.1/42981] INFO  ozone.MiniOzoneClusterImpl (MiniOzoneClusterImpl.java:lambda$waitForClusterToBeReady$0(222)) - SCM became leader
2022-12-23 07:23:01,647 [EventQueue-CommandQueueReportForCommandQueueReportHandler] WARN  events.EventQueue (EventQueue.java:fireEvent(216)) - No event handler registered for event TypedEvent{payloadType=DatanodeDetails, name='Datanode_Command_Queue_Updated'}
2022-12-23 07:23:02,116 [EventQueue-CommandQueueReportForCommandQueueReportHandler] WARN  events.EventQueue (EventQueue.java:fireEvent(216)) - No event handler registered for event TypedEvent{payloadType=DatanodeDetails, name='Datanode_Command_Queue_Updated'}
2022-12-23 07:23:02,294 [EventQueue-CommandQueueReportForCommandQueueReportHandler] WARN  events.EventQueue (EventQueue.java:fireEvent(216)) - No event handler registered for event TypedEvent{payloadType=DatanodeDetails, name='Datanode_Command_Queue_Updated'}
2022-12-23 07:23:02,640 [Listener at 127.0.0.1/42981] INFO  ozone.MiniOzoneClusterImpl (MiniOzoneClusterImpl.java:lambda$waitForClusterToBeReady$0(217)) - Nodes are ready. Got 3 of 3 DN Heartbeats.
2022-12-23 07:23:02,640 [Listener at 127.0.0.1/42981] INFO  ozone.MiniOzoneClusterImpl (MiniOzoneClusterImpl.java:lambda$waitForClusterToBeReady$0(220)) - Waiting for cluster to exit safe mode
2022-12-23 07:23:02,641 [Listener at 127.0.0.1/42981] INFO  ozone.MiniOzoneClusterImpl (MiniOzoneClusterImpl.java:lambda$waitForClusterToBeReady$0(222)) - SCM became leader
2022-12-23 07:23:02,647 [EventQueue-CommandQueueReportForCommandQueueReportHandler] WARN  events.EventQueue (EventQueue.java:fireEvent(216)) - No event handler registered for event TypedEvent{payloadType=DatanodeDetails, name='Datanode_Command_Queue_Updated'}
2022-12-23 07:23:03,118 [EventQueue-CommandQueueReportForCommandQueueReportHandler] WARN  events.EventQueue (EventQueue.java:fireEvent(216)) - No event handler registered for event TypedEvent{payloadType=DatanodeDetails, name='Datanode_Command_Queue_Updated'}
2022-12-23 07:23:03,296 [EventQueue-CommandQueueReportForCommandQueueReportHandler] WARN  events.EventQueue (EventQueue.java:fireEvent(216)) - No event handler registered for event TypedEvent{payloadType=DatanodeDetails, name='Datanode_Command_Queue_Updated'}
2022-12-23 07:23:03,641 [Listener at 127.0.0.1/42981] INFO  ozone.MiniOzoneClusterImpl (MiniOzoneClusterImpl.java:lambda$waitForClusterToBeReady$0(217)) - Nodes are ready. Got 3 of 3 DN Heartbeats.
2022-12-23 07:23:03,641 [Listener at 127.0.0.1/42981] INFO  ozone.MiniOzoneClusterImpl (MiniOzoneClusterImpl.java:lambda$waitForClusterToBeReady$0(220)) - Waiting for cluster to exit safe mode
2022-12-23 07:23:03,641 [Listener at 127.0.0.1/42981] INFO  ozone.MiniOzoneClusterImpl (MiniOzoneClusterImpl.java:lambda$waitForClusterToBeReady$0(222)) - SCM became leader
2022-12-23 07:23:03,647 [EventQueue-CommandQueueReportForCommandQueueReportHandler] WARN  events.EventQueue (EventQueue.java:fireEvent(216)) - No event handler registered for event TypedEvent{payloadType=DatanodeDetails, name='Datanode_Command_Queue_Updated'}
2022-12-23 07:23:04,023 [b016757e-a2f5-4449-b608-35b74ad87f3b@group-14BA28C80DFF-FollowerState] INFO  impl.FollowerState (FollowerState.java:run(143)) - b016757e-a2f5-4449-b608-35b74ad87f3b@group-14BA28C80DFF-FollowerState: change to CANDIDATE, lastRpcElapsedTime:5041481515ns, electionTimeout:5038ms
2022-12-23 07:23:04,024 [b016757e-a2f5-4449-b608-35b74ad87f3b@group-14BA28C80DFF-FollowerState] INFO  impl.RoleInfo (RoleInfo.java:shutdownFollowerState(110)) - b016757e-a2f5-4449-b608-35b74ad87f3b: shutdown b016757e-a2f5-4449-b608-35b74ad87f3b@group-14BA28C80DFF-FollowerState
2022-12-23 07:23:04,024 [b016757e-a2f5-4449-b608-35b74ad87f3b@group-14BA28C80DFF-FollowerState] INFO  server.RaftServer$Division (RaftServerImpl.java:setRole(321)) - b016757e-a2f5-4449-b608-35b74ad87f3b@group-14BA28C80DFF: changes role from  FOLLOWER to CANDIDATE at term 0 for changeToCandidate
2022-12-23 07:23:04,024 [b016757e-a2f5-4449-b608-35b74ad87f3b@group-14BA28C80DFF-FollowerState] INFO  server.RaftServerConfigKeys (ConfUtils.java:logGet(46)) - raft.server.leaderelection.pre-vote = false (custom)
2022-12-23 07:23:04,024 [b016757e-a2f5-4449-b608-35b74ad87f3b@group-14BA28C80DFF-FollowerState] INFO  impl.RoleInfo (RoleInfo.java:updateAndGet(139)) - b016757e-a2f5-4449-b608-35b74ad87f3b: start b016757e-a2f5-4449-b608-35b74ad87f3b@group-14BA28C80DFF-LeaderElection23
2022-12-23 07:23:04,027 [b016757e-a2f5-4449-b608-35b74ad87f3b@group-14BA28C80DFF-LeaderElection23] INFO  impl.LeaderElection (LeaderElection.java:askForVotes(312)) - b016757e-a2f5-4449-b608-35b74ad87f3b@group-14BA28C80DFF-LeaderElection23 ELECTION round 0: submit vote requests at term 1 for -1: peers:[b016757e-a2f5-4449-b608-35b74ad87f3b|rpc:10.1.0.40:46143|dataStream:10.1.0.40:37677|priority:1|startupRole:FOLLOWER]|listeners:[], old=null
2022-12-23 07:23:04,027 [b016757e-a2f5-4449-b608-35b74ad87f3b@group-14BA28C80DFF-LeaderElection23] INFO  impl.LeaderElection (LeaderElection.java:askForVotes(314)) - b016757e-a2f5-4449-b608-35b74ad87f3b@group-14BA28C80DFF-LeaderElection23 ELECTION round 0: result PASSED (term=1)
2022-12-23 07:23:04,027 [b016757e-a2f5-4449-b608-35b74ad87f3b@group-14BA28C80DFF-LeaderElection23] INFO  impl.RoleInfo (RoleInfo.java:shutdownLeaderElection(130)) - b016757e-a2f5-4449-b608-35b74ad87f3b: shutdown b016757e-a2f5-4449-b608-35b74ad87f3b@group-14BA28C80DFF-LeaderElection23
2022-12-23 07:23:04,027 [b016757e-a2f5-4449-b608-35b74ad87f3b@group-14BA28C80DFF-LeaderElection23] INFO  server.RaftServer$Division (RaftServerImpl.java:setRole(321)) - b016757e-a2f5-4449-b608-35b74ad87f3b@group-14BA28C80DFF: changes role from CANDIDATE to LEADER at term 1 for changeToLeader
2022-12-23 07:23:04,027 [b016757e-a2f5-4449-b608-35b74ad87f3b@group-14BA28C80DFF-LeaderElection23] INFO  ratis.XceiverServerRatis (XceiverServerRatis.java:handleLeaderChangedNotification(904)) - Leader change notification received for group: group-14BA28C80DFF with new leaderId: b016757e-a2f5-4449-b608-35b74ad87f3b
2022-12-23 07:23:04,028 [b016757e-a2f5-4449-b608-35b74ad87f3b@group-14BA28C80DFF-LeaderElection23] INFO  server.RaftServer$Division (ServerState.java:setLeader(313)) - b016757e-a2f5-4449-b608-35b74ad87f3b@group-14BA28C80DFF: change Leader from null to b016757e-a2f5-4449-b608-35b74ad87f3b at term 1 for becomeLeader, leader elected after 5063ms
2022-12-23 07:23:04,028 [b016757e-a2f5-4449-b608-35b74ad87f3b@group-14BA28C80DFF-LeaderElection23] INFO  server.RaftServerConfigKeys (ConfUtils.java:logGet(46)) - raft.server.staging.catchup.gap = 1000 (default)
2022-12-23 07:23:04,028 [b016757e-a2f5-4449-b608-35b74ad87f3b@group-14BA28C80DFF-LeaderElection23] INFO  server.RaftServerConfigKeys (ConfUtils.java:logGet(46)) - raft.server.write.element-limit = 1024 (custom)
2022-12-23 07:23:04,029 [b016757e-a2f5-4449-b608-35b74ad87f3b@group-14BA28C80DFF-LeaderElection23] INFO  server.RaftServerConfigKeys (ConfUtils.java:logGet(46)) - raft.server.write.byte-limit = 1024 M (=1073741824) (custom)
2022-12-23 07:23:04,029 [b016757e-a2f5-4449-b608-35b74ad87f3b@group-14BA28C80DFF-LeaderElection23] INFO  server.RaftServerConfigKeys (ConfUtils.java:logGet(46)) - raft.server.watch.timeout = 180s (custom)
2022-12-23 07:23:04,029 [b016757e-a2f5-4449-b608-35b74ad87f3b@group-14BA28C80DFF-LeaderElection23] INFO  server.RaftServerConfigKeys (ConfUtils.java:logGet(46)) - raft.server.watch.timeout.denomination = 1s (default)
2022-12-23 07:23:04,029 [b016757e-a2f5-4449-b608-35b74ad87f3b@group-14BA28C80DFF-LeaderElection23] INFO  server.RaftServerConfigKeys (ConfUtils.java:logGet(46)) - raft.server.watch.element-limit = 65536 (default)
2022-12-23 07:23:04,029 [b016757e-a2f5-4449-b608-35b74ad87f3b@group-14BA28C80DFF-LeaderElection23] INFO  server.RaftServerConfigKeys (ConfUtils.java:logGet(46)) - raft.server.write.element-limit = 1024 (custom)
2022-12-23 07:23:04,029 [b016757e-a2f5-4449-b608-35b74ad87f3b@group-14BA28C80DFF-LeaderElection23] INFO  server.RaftServerConfigKeys (ConfUtils.java:logGet(46)) - raft.server.write.follower.gap.ratio.max = -1.0 (default)
2022-12-23 07:23:04,029 [b016757e-a2f5-4449-b608-35b74ad87f3b@group-14BA28C80DFF-LeaderElection23] INFO  impl.RoleInfo (RoleInfo.java:updateAndGet(139)) - b016757e-a2f5-4449-b608-35b74ad87f3b: start b016757e-a2f5-4449-b608-35b74ad87f3b@group-14BA28C80DFF-LeaderStateImpl
2022-12-23 07:23:04,029 [b016757e-a2f5-4449-b608-35b74ad87f3b@group-14BA28C80DFF-LeaderElection23] INFO  segmented.SegmentedRaftLogWorker (SegmentedRaftLogWorker.java:startLogSegment(452)) - b016757e-a2f5-4449-b608-35b74ad87f3b@group-14BA28C80DFF-SegmentedRaftLogWorker: Starting segment from index:0
2022-12-23 07:23:04,030 [EventQueue-CommandQueueReportForCommandQueueReportHandler] WARN  events.EventQueue (EventQueue.java:fireEvent(216)) - No event handler registered for event TypedEvent{payloadType=DatanodeDetails, name='Datanode_Command_Queue_Updated'}
2022-12-23 07:23:04,031 [b016757e-a2f5-4449-b608-35b74ad87f3b@group-14BA28C80DFF-LeaderElection23] INFO  server.RaftServer$Division (ServerState.java:setRaftConf(430)) - b016757e-a2f5-4449-b608-35b74ad87f3b@group-14BA28C80DFF: set configuration 0: peers:[b016757e-a2f5-4449-b608-35b74ad87f3b|rpc:10.1.0.40:46143|dataStream:10.1.0.40:37677|priority:1|startupRole:FOLLOWER]|listeners:[], old=null
2022-12-23 07:23:04,033 [EventQueue-OpenPipelineForHealthyPipelineSafeModeRule] INFO  safemode.SCMSafeModeManager (HealthyPipelineSafeModeRule.java:process(137)) - SCM in safe mode. Healthy pipelines reported count is 0, required healthy pipeline reported count is 1
2022-12-23 07:23:04,033 [b016757e-a2f5-4449-b608-35b74ad87f3b@group-14BA28C80DFF-SegmentedRaftLogWorker] INFO  segmented.SegmentedRaftLogWorker (SegmentedRaftLogWorker.java:execute(656)) - b016757e-a2f5-4449-b608-35b74ad87f3b@group-14BA28C80DFF-SegmentedRaftLogWorker: created new log segment /home/runner/work/ozone/ozone/hadoop-ozone/integration-test/target/test-dir/MiniOzoneClusterImpl-8c293bcf-6970-46e1-80ac-8e038071f7a0/datanode-0/data/ratis/399b4de4-ef26-421b-9628-14ba28c80dff/current/log_inprogress_0
2022-12-23 07:23:04,126 [b016757e-a2f5-4449-b608-35b74ad87f3b@group-2227897B3A92-FollowerState] INFO  impl.FollowerState (FollowerState.java:run(143)) - b016757e-a2f5-4449-b608-35b74ad87f3b@group-2227897B3A92-FollowerState: change to CANDIDATE, lastRpcElapsedTime:5121671851ns, electionTimeout:5118ms
2022-12-23 07:23:04,126 [b016757e-a2f5-4449-b608-35b74ad87f3b@group-2227897B3A92-FollowerState] INFO  impl.RoleInfo (RoleInfo.java:shutdownFollowerState(110)) - b016757e-a2f5-4449-b608-35b74ad87f3b: shutdown b016757e-a2f5-4449-b608-35b74ad87f3b@group-2227897B3A92-FollowerState
2022-12-23 07:23:04,127 [b016757e-a2f5-4449-b608-35b74ad87f3b@group-2227897B3A92-FollowerState] INFO  server.RaftServer$Division (RaftServerImpl.java:setRole(321)) - b016757e-a2f5-4449-b608-35b74ad87f3b@group-2227897B3A92: changes role from  FOLLOWER to CANDIDATE at term 0 for changeToCandidate
2022-12-23 07:23:04,127 [b016757e-a2f5-4449-b608-35b74ad87f3b@group-2227897B3A92-FollowerState] INFO  server.RaftServerConfigKeys (ConfUtils.java:logGet(46)) - raft.server.leaderelection.pre-vote = false (custom)
2022-12-23 07:23:04,127 [b016757e-a2f5-4449-b608-35b74ad87f3b@group-2227897B3A92-FollowerState] INFO  impl.RoleInfo (RoleInfo.java:updateAndGet(139)) - b016757e-a2f5-4449-b608-35b74ad87f3b: start b016757e-a2f5-4449-b608-35b74ad87f3b@group-2227897B3A92-LeaderElection24
2022-12-23 07:23:04,134 [5d03e669-1af7-4a90-bfe9-b79df2f5a8e4@group-2227897B3A92-FollowerState] INFO  impl.FollowerState (FollowerState.java:run(143)) - 5d03e669-1af7-4a90-bfe9-b79df2f5a8e4@group-2227897B3A92-FollowerState: change to CANDIDATE, lastRpcElapsedTime:5090442856ns, electionTimeout:5089ms
2022-12-23 07:23:04,134 [5d03e669-1af7-4a90-bfe9-b79df2f5a8e4@group-2227897B3A92-FollowerState] INFO  impl.RoleInfo (RoleInfo.java:shutdownFollowerState(110)) - 5d03e669-1af7-4a90-bfe9-b79df2f5a8e4: shutdown 5d03e669-1af7-4a90-bfe9-b79df2f5a8e4@group-2227897B3A92-FollowerState
2022-12-23 07:23:04,134 [5d03e669-1af7-4a90-bfe9-b79df2f5a8e4@group-2227897B3A92-FollowerState] INFO  server.RaftServer$Division (RaftServerImpl.java:setRole(321)) - 5d03e669-1af7-4a90-bfe9-b79df2f5a8e4@group-2227897B3A92: changes role from  FOLLOWER to CANDIDATE at term 0 for changeToCandidate
2022-12-23 07:23:04,134 [5d03e669-1af7-4a90-bfe9-b79df2f5a8e4@group-2227897B3A92-FollowerState] INFO  server.RaftServerConfigKeys (ConfUtils.java:logGet(46)) - raft.server.leaderelection.pre-vote = false (custom)
2022-12-23 07:23:04,134 [5d03e669-1af7-4a90-bfe9-b79df2f5a8e4@group-2227897B3A92-FollowerState] INFO  impl.RoleInfo (RoleInfo.java:updateAndGet(139)) - 5d03e669-1af7-4a90-bfe9-b79df2f5a8e4: start 5d03e669-1af7-4a90-bfe9-b79df2f5a8e4@group-2227897B3A92-LeaderElection25
2022-12-23 07:23:04,136 [b016757e-a2f5-4449-b608-35b74ad87f3b@group-2227897B3A92-LeaderElection24] INFO  impl.LeaderElection (LeaderElection.java:askForVotes(312)) - b016757e-a2f5-4449-b608-35b74ad87f3b@group-2227897B3A92-LeaderElection24 ELECTION round 0: submit vote requests at term 1 for -1: peers:[7f99fde5-c133-45d1-9e6f-6197bf32a4df|rpc:10.1.0.40:33403|dataStream:10.1.0.40:45641|priority:0|startupRole:FOLLOWER, 5d03e669-1af7-4a90-bfe9-b79df2f5a8e4|rpc:10.1.0.40:44683|dataStream:10.1.0.40:33247|priority:1|startupRole:FOLLOWER, b016757e-a2f5-4449-b608-35b74ad87f3b|rpc:10.1.0.40:46143|dataStream:10.1.0.40:37677|priority:0|startupRole:FOLLOWER]|listeners:[], old=null
2022-12-23 07:23:04,137 [b016757e-a2f5-4449-b608-35b74ad87f3b@group-2227897B3A92-LeaderElection24-1] INFO  server.GrpcServerProtocolClient (GrpcServerProtocolClient.java:<init>(63)) - Build channel for 7f99fde5-c133-45d1-9e6f-6197bf32a4df
2022-12-23 07:23:04,137 [5d03e669-1af7-4a90-bfe9-b79df2f5a8e4@group-2227897B3A92-LeaderElection25] INFO  impl.LeaderElection (LeaderElection.java:askForVotes(312)) - 5d03e669-1af7-4a90-bfe9-b79df2f5a8e4@group-2227897B3A92-LeaderElection25 ELECTION round 0: submit vote requests at term 1 for -1: peers:[7f99fde5-c133-45d1-9e6f-6197bf32a4df|rpc:10.1.0.40:33403|dataStream:10.1.0.40:45641|priority:0|startupRole:FOLLOWER, 5d03e669-1af7-4a90-bfe9-b79df2f5a8e4|rpc:10.1.0.40:44683|dataStream:10.1.0.40:33247|priority:1|startupRole:FOLLOWER, b016757e-a2f5-4449-b608-35b74ad87f3b|rpc:10.1.0.40:46143|dataStream:10.1.0.40:37677|priority:0|startupRole:FOLLOWER]|listeners:[], old=null
2022-12-23 07:23:04,145 [b016757e-a2f5-4449-b608-35b74ad87f3b@group-2227897B3A92-LeaderElection24] INFO  server.RaftServerConfigKeys (ConfUtils.java:logFallback(53)) - raft.server.rpc.first-election.timeout.min = 5s (fallback to raft.server.rpc.timeout.min)
2022-12-23 07:23:04,146 [b016757e-a2f5-4449-b608-35b74ad87f3b@group-2227897B3A92-LeaderElection24] INFO  server.RaftServerConfigKeys (ConfUtils.java:logFallback(53)) - raft.server.rpc.first-election.timeout.max = 5200ms (fallback to raft.server.rpc.timeout.max)
2022-12-23 07:23:04,146 [b016757e-a2f5-4449-b608-35b74ad87f3b@group-2227897B3A92-LeaderElection24-2] INFO  server.GrpcServerProtocolClient (GrpcServerProtocolClient.java:<init>(63)) - Build channel for 5d03e669-1af7-4a90-bfe9-b79df2f5a8e4
2022-12-23 07:23:04,147 [grpc-default-executor-0] INFO  server.RaftServer$Division (RaftServerImpl.java:requestVote(1218)) - 7f99fde5-c133-45d1-9e6f-6197bf32a4df@group-2227897B3A92: receive requestVote(ELECTION, b016757e-a2f5-4449-b608-35b74ad87f3b, group-2227897B3A92, 1, (t:0, i:0))
2022-12-23 07:23:04,147 [grpc-default-executor-0] INFO  impl.VoteContext (VoteContext.java:log(49)) - 7f99fde5-c133-45d1-9e6f-6197bf32a4df@group-2227897B3A92-FOLLOWER: accept ELECTION from b016757e-a2f5-4449-b608-35b74ad87f3b: our priority 0 <= candidate's priority 0
2022-12-23 07:23:04,147 [grpc-default-executor-0] INFO  server.RaftServer$Division (RaftServerImpl.java:setRole(321)) - 7f99fde5-c133-45d1-9e6f-6197bf32a4df@group-2227897B3A92: changes role from  FOLLOWER to FOLLOWER at term 1 for candidate:b016757e-a2f5-4449-b608-35b74ad87f3b
2022-12-23 07:23:04,147 [grpc-default-executor-0] INFO  impl.RoleInfo (RoleInfo.java:shutdownFollowerState(110)) - 7f99fde5-c133-45d1-9e6f-6197bf32a4df: shutdown 7f99fde5-c133-45d1-9e6f-6197bf32a4df@group-2227897B3A92-FollowerState
2022-12-23 07:23:04,147 [5d03e669-1af7-4a90-bfe9-b79df2f5a8e4@group-2227897B3A92-LeaderElection25-1] INFO  server.GrpcServerProtocolClient (GrpcServerProtocolClient.java:<init>(63)) - Build channel for 7f99fde5-c133-45d1-9e6f-6197bf32a4df
2022-12-23 07:23:04,153 [5d03e669-1af7-4a90-bfe9-b79df2f5a8e4@group-2227897B3A92-LeaderElection25] INFO  server.RaftServerConfigKeys (ConfUtils.java:logFallback(53)) - raft.server.rpc.first-election.timeout.min = 5s (fallback to raft.server.rpc.timeout.min)
2022-12-23 07:23:04,153 [5d03e669-1af7-4a90-bfe9-b79df2f5a8e4@group-2227897B3A92-LeaderElection25] INFO  server.RaftServerConfigKeys (ConfUtils.java:logFallback(53)) - raft.server.rpc.first-election.timeout.max = 5200ms (fallback to raft.server.rpc.timeout.max)
2022-12-23 07:23:04,153 [7f99fde5-c133-45d1-9e6f-6197bf32a4df@group-2227897B3A92-FollowerState] INFO  impl.FollowerState (FollowerState.java:run(152)) - 7f99fde5-c133-45d1-9e6f-6197bf32a4df@group-2227897B3A92-FollowerState was interrupted
2022-12-23 07:23:04,153 [grpc-default-executor-0] INFO  impl.RoleInfo (RoleInfo.java:updateAndGet(139)) - 7f99fde5-c133-45d1-9e6f-6197bf32a4df: start 7f99fde5-c133-45d1-9e6f-6197bf32a4df@group-2227897B3A92-FollowerState
2022-12-23 07:23:04,153 [5d03e669-1af7-4a90-bfe9-b79df2f5a8e4@group-2227897B3A92-LeaderElection25-2] INFO  server.GrpcServerProtocolClient (GrpcServerProtocolClient.java:<init>(63)) - Build channel for b016757e-a2f5-4449-b608-35b74ad87f3b
2022-12-23 07:23:04,154 [7f99fde5-c133-45d1-9e6f-6197bf32a4df@group-2227897B3A92-FollowerState] INFO  server.RaftServerConfigKeys (ConfUtils.java:logFallback(53)) - raft.server.rpc.first-election.timeout.min = 5s (fallback to raft.server.rpc.timeout.min)
2022-12-23 07:23:04,154 [7f99fde5-c133-45d1-9e6f-6197bf32a4df@group-2227897B3A92-FollowerState] INFO  server.RaftServerConfigKeys (ConfUtils.java:logFallback(53)) - raft.server.rpc.first-election.timeout.max = 5200ms (fallback to raft.server.rpc.timeout.max)
2022-12-23 07:23:04,155 [grpc-default-executor-0] INFO  server.RaftServer$Division (RaftServerImpl.java:requestVote(1251)) - 7f99fde5-c133-45d1-9e6f-6197bf32a4df@group-2227897B3A92 replies to ELECTION vote request: b016757e-a2f5-4449-b608-35b74ad87f3b<-7f99fde5-c133-45d1-9e6f-6197bf32a4df#0:OK-t1. Peer's state: 7f99fde5-c133-45d1-9e6f-6197bf32a4df@group-2227897B3A92:t1, leader=null, voted=b016757e-a2f5-4449-b608-35b74ad87f3b, raftlog=Memoized:7f99fde5-c133-45d1-9e6f-6197bf32a4df@group-2227897B3A92-SegmentedRaftLog:OPENED:c-1, conf=-1: peers:[7f99fde5-c133-45d1-9e6f-6197bf32a4df|rpc:10.1.0.40:33403|dataStream:10.1.0.40:45641|priority:0|startupRole:FOLLOWER, 5d03e669-1af7-4a90-bfe9-b79df2f5a8e4|rpc:10.1.0.40:44683|dataStream:10.1.0.40:33247|priority:1|startupRole:FOLLOWER, b016757e-a2f5-4449-b608-35b74ad87f3b|rpc:10.1.0.40:46143|dataStream:10.1.0.40:37677|priority:0|startupRole:FOLLOWER]|listeners:[], old=null
2022-12-23 07:23:04,175 [grpc-default-executor-2] INFO  server.RaftServer$Division (RaftServerImpl.java:requestVote(1218)) - 5d03e669-1af7-4a90-bfe9-b79df2f5a8e4@group-2227897B3A92: receive requestVote(ELECTION, b016757e-a2f5-4449-b608-35b74ad87f3b, group-2227897B3A92, 1, (t:0, i:0))
2022-12-23 07:23:04,175 [grpc-default-executor-2] INFO  impl.VoteContext (VoteContext.java:log(49)) - 5d03e669-1af7-4a90-bfe9-b79df2f5a8e4@group-2227897B3A92-CANDIDATE: reject ELECTION from b016757e-a2f5-4449-b608-35b74ad87f3b: already has voted for 5d03e669-1af7-4a90-bfe9-b79df2f5a8e4 at current term 1
2022-12-23 07:23:04,175 [grpc-default-executor-2] INFO  server.RaftServer$Division (RaftServerImpl.java:requestVote(1251)) - 5d03e669-1af7-4a90-bfe9-b79df2f5a8e4@group-2227897B3A92 replies to ELECTION vote request: b016757e-a2f5-4449-b608-35b74ad87f3b<-5d03e669-1af7-4a90-bfe9-b79df2f5a8e4#0:FAIL-t1. Peer's state: 5d03e669-1af7-4a90-bfe9-b79df2f5a8e4@group-2227897B3A92:t1, leader=null, voted=5d03e669-1af7-4a90-bfe9-b79df2f5a8e4, raftlog=Memoized:5d03e669-1af7-4a90-bfe9-b79df2f5a8e4@group-2227897B3A92-SegmentedRaftLog:OPENED:c-1, conf=-1: peers:[7f99fde5-c133-45d1-9e6f-6197bf32a4df|rpc:10.1.0.40:33403|dataStream:10.1.0.40:45641|priority:0|startupRole:FOLLOWER, 5d03e669-1af7-4a90-bfe9-b79df2f5a8e4|rpc:10.1.0.40:44683|dataStream:10.1.0.40:33247|priority:1|startupRole:FOLLOWER, b016757e-a2f5-4449-b608-35b74ad87f3b|rpc:10.1.0.40:46143|dataStream:10.1.0.40:37677|priority:0|startupRole:FOLLOWER]|listeners:[], old=null
2022-12-23 07:23:04,177 [grpc-default-executor-2] INFO  server.RaftServer$Division (RaftServerImpl.java:requestVote(1218)) - b016757e-a2f5-4449-b608-35b74ad87f3b@group-2227897B3A92: receive requestVote(ELECTION, 5d03e669-1af7-4a90-bfe9-b79df2f5a8e4, group-2227897B3A92, 1, (t:0, i:0))
2022-12-23 07:23:04,177 [grpc-default-executor-2] INFO  impl.VoteContext (VoteContext.java:log(49)) - b016757e-a2f5-4449-b608-35b74ad87f3b@group-2227897B3A92-CANDIDATE: reject ELECTION from 5d03e669-1af7-4a90-bfe9-b79df2f5a8e4: already has voted for b016757e-a2f5-4449-b608-35b74ad87f3b at current term 1
2022-12-23 07:23:04,177 [grpc-default-executor-2] INFO  server.RaftServer$Division (RaftServerImpl.java:requestVote(1251)) - b016757e-a2f5-4449-b608-35b74ad87f3b@group-2227897B3A92 replies to ELECTION vote request: 5d03e669-1af7-4a90-bfe9-b79df2f5a8e4<-b016757e-a2f5-4449-b608-35b74ad87f3b#0:FAIL-t1. Peer's state: b016757e-a2f5-4449-b608-35b74ad87f3b@group-2227897B3A92:t1, leader=null, voted=b016757e-a2f5-4449-b608-35b74ad87f3b, raftlog=Memoized:b016757e-a2f5-4449-b608-35b74ad87f3b@group-2227897B3A92-SegmentedRaftLog:OPENED:c-1, conf=-1: peers:[7f99fde5-c133-45d1-9e6f-6197bf32a4df|rpc:10.1.0.40:33403|dataStream:10.1.0.40:45641|priority:0|startupRole:FOLLOWER, 5d03e669-1af7-4a90-bfe9-b79df2f5a8e4|rpc:10.1.0.40:44683|dataStream:10.1.0.40:33247|priority:1|startupRole:FOLLOWER, b016757e-a2f5-4449-b608-35b74ad87f3b|rpc:10.1.0.40:46143|dataStream:10.1.0.40:37677|priority:0|startupRole:FOLLOWER]|listeners:[], old=null
2022-12-23 07:23:04,178 [grpc-default-executor-3] INFO  server.RaftServer$Division (RaftServerImpl.java:requestVote(1218)) - 7f99fde5-c133-45d1-9e6f-6197bf32a4df@group-2227897B3A92: receive requestVote(ELECTION, 5d03e669-1af7-4a90-bfe9-b79df2f5a8e4, group-2227897B3A92, 1, (t:0, i:0))
2022-12-23 07:23:04,180 [grpc-default-executor-3] INFO  impl.VoteContext (VoteContext.java:log(49)) - 7f99fde5-c133-45d1-9e6f-6197bf32a4df@group-2227897B3A92-FOLLOWER: reject ELECTION from 5d03e669-1af7-4a90-bfe9-b79df2f5a8e4: already has voted for b016757e-a2f5-4449-b608-35b74ad87f3b at current term 1
2022-12-23 07:23:04,180 [grpc-default-executor-3] INFO  server.RaftServer$Division (RaftServerImpl.java:requestVote(1251)) - 7f99fde5-c133-45d1-9e6f-6197bf32a4df@group-2227897B3A92 replies to ELECTION vote request: 5d03e669-1af7-4a90-bfe9-b79df2f5a8e4<-7f99fde5-c133-45d1-9e6f-6197bf32a4df#0:FAIL-t1. Peer's state: 7f99fde5-c133-45d1-9e6f-6197bf32a4df@group-2227897B3A92:t1, leader=null, voted=b016757e-a2f5-4449-b608-35b74ad87f3b, raftlog=Memoized:7f99fde5-c133-45d1-9e6f-6197bf32a4df@group-2227897B3A92-SegmentedRaftLog:OPENED:c-1, conf=-1: peers:[7f99fde5-c133-45d1-9e6f-6197bf32a4df|rpc:10.1.0.40:33403|dataStream:10.1.0.40:45641|priority:0|startupRole:FOLLOWER, 5d03e669-1af7-4a90-bfe9-b79df2f5a8e4|rpc:10.1.0.40:44683|dataStream:10.1.0.40:33247|priority:1|startupRole:FOLLOWER, b016757e-a2f5-4449-b608-35b74ad87f3b|rpc:10.1.0.40:46143|dataStream:10.1.0.40:37677|priority:0|startupRole:FOLLOWER]|listeners:[], old=null
2022-12-23 07:23:04,181 [b016757e-a2f5-4449-b608-35b74ad87f3b@group-2227897B3A92-LeaderElection24] INFO  impl.LeaderElection (LeaderElection.java:logAndReturn(90)) - b016757e-a2f5-4449-b608-35b74ad87f3b@group-2227897B3A92-LeaderElection24: ELECTION REJECTED received 2 response(s) and 0 exception(s):
2022-12-23 07:23:04,181 [b016757e-a2f5-4449-b608-35b74ad87f3b@group-2227897B3A92-LeaderElection24] INFO  impl.LeaderElection (LeaderElection.java:logAndReturn(94)) -   Response 0: b016757e-a2f5-4449-b608-35b74ad87f3b<-7f99fde5-c133-45d1-9e6f-6197bf32a4df#0:OK-t1
2022-12-23 07:23:04,182 [b016757e-a2f5-4449-b608-35b74ad87f3b@group-2227897B3A92-LeaderElection24] INFO  impl.LeaderElection (LeaderElection.java:logAndReturn(94)) -   Response 1: b016757e-a2f5-4449-b608-35b74ad87f3b<-5d03e669-1af7-4a90-bfe9-b79df2f5a8e4#0:FAIL-t1
2022-12-23 07:23:04,182 [b016757e-a2f5-4449-b608-35b74ad87f3b@group-2227897B3A92-LeaderElection24] INFO  impl.LeaderElection (LeaderElection.java:askForVotes(314)) - b016757e-a2f5-4449-b608-35b74ad87f3b@group-2227897B3A92-LeaderElection24 ELECTION round 0: result REJECTED
2022-12-23 07:23:04,182 [b016757e-a2f5-4449-b608-35b74ad87f3b@group-2227897B3A92-LeaderElection24] INFO  server.RaftServer$Division (RaftServerImpl.java:setRole(321)) - b016757e-a2f5-4449-b608-35b74ad87f3b@group-2227897B3A92: changes role from CANDIDATE to FOLLOWER at term 1 for REJECTED
2022-12-23 07:23:04,182 [b016757e-a2f5-4449-b608-35b74ad87f3b@group-2227897B3A92-LeaderElection24] INFO  impl.RoleInfo (RoleInfo.java:shutdownLeaderElection(130)) - b016757e-a2f5-4449-b608-35b74ad87f3b: shutdown b016757e-a2f5-4449-b608-35b74ad87f3b@group-2227897B3A92-LeaderElection24
2022-12-23 07:23:04,182 [b016757e-a2f5-4449-b608-35b74ad87f3b@group-2227897B3A92-LeaderElection24] INFO  impl.RoleInfo (RoleInfo.java:updateAndGet(139)) - b016757e-a2f5-4449-b608-35b74ad87f3b: start b016757e-a2f5-4449-b608-35b74ad87f3b@group-2227897B3A92-FollowerState
2022-12-23 07:23:04,183 [5d03e669-1af7-4a90-bfe9-b79df2f5a8e4@group-2227897B3A92-LeaderElection25] INFO  impl.LeaderElection (LeaderElection.java:logAndReturn(90)) - 5d03e669-1af7-4a90-bfe9-b79df2f5a8e4@group-2227897B3A92-LeaderElection25: ELECTION REJECTED received 2 response(s) and 0 exception(s):
2022-12-23 07:23:04,183 [5d03e669-1af7-4a90-bfe9-b79df2f5a8e4@group-2227897B3A92-LeaderElection25] INFO  impl.LeaderElection (LeaderElection.java:logAndReturn(94)) -   Response 0: 5d03e669-1af7-4a90-bfe9-b79df2f5a8e4<-7f99fde5-c133-45d1-9e6f-6197bf32a4df#0:FAIL-t1
2022-12-23 07:23:04,183 [5d03e669-1af7-4a90-bfe9-b79df2f5a8e4@group-2227897B3A92-LeaderElection25] INFO  impl.LeaderElection (LeaderElection.java:logAndReturn(94)) -   Response 1: 5d03e669-1af7-4a90-bfe9-b79df2f5a8e4<-b016757e-a2f5-4449-b608-35b74ad87f3b#0:FAIL-t1
2022-12-23 07:23:04,183 [5d03e669-1af7-4a90-bfe9-b79df2f5a8e4@group-2227897B3A92-LeaderElection25] INFO  impl.LeaderElection (LeaderElection.java:askForVotes(314)) - 5d03e669-1af7-4a90-bfe9-b79df2f5a8e4@group-2227897B3A92-LeaderElection25 ELECTION round 0: result REJECTED
2022-12-23 07:23:04,183 [5d03e669-1af7-4a90-bfe9-b79df2f5a8e4@group-2227897B3A92-LeaderElection25] INFO  server.RaftServer$Division (RaftServerImpl.java:setRole(321)) - 5d03e669-1af7-4a90-bfe9-b79df2f5a8e4@group-2227897B3A92: changes role from CANDIDATE to FOLLOWER at term 1 for REJECTED
2022-12-23 07:23:04,183 [5d03e669-1af7-4a90-bfe9-b79df2f5a8e4@group-2227897B3A92-LeaderElection25] INFO  impl.RoleInfo (RoleInfo.java:shutdownLeaderElection(130)) - 5d03e669-1af7-4a90-bfe9-b79df2f5a8e4: shutdown 5d03e669-1af7-4a90-bfe9-b79df2f5a8e4@group-2227897B3A92-LeaderElection25
2022-12-23 07:23:04,183 [5d03e669-1af7-4a90-bfe9-b79df2f5a8e4@group-2227897B3A92-LeaderElection25] INFO  impl.RoleInfo (RoleInfo.java:updateAndGet(139)) - 5d03e669-1af7-4a90-bfe9-b79df2f5a8e4: start 5d03e669-1af7-4a90-bfe9-b79df2f5a8e4@group-2227897B3A92-FollowerState
2022-12-23 07:23:04,184 [7f99fde5-c133-45d1-9e6f-6197bf32a4df@group-F639DB4F7F68-FollowerState] INFO  impl.FollowerState (FollowerState.java:run(143)) - 7f99fde5-c133-45d1-9e6f-6197bf32a4df@group-F639DB4F7F68-FollowerState: change to CANDIDATE, lastRpcElapsedTime:5010890465ns, electionTimeout:5010ms
2022-12-23 07:23:04,184 [7f99fde5-c133-45d1-9e6f-6197bf32a4df@group-F639DB4F7F68-FollowerState] INFO  impl.RoleInfo (RoleInfo.java:shutdownFollowerState(110)) - 7f99fde5-c133-45d1-9e6f-6197bf32a4df: shutdown 7f99fde5-c133-45d1-9e6f-6197bf32a4df@group-F639DB4F7F68-FollowerState
2022-12-23 07:23:04,184 [7f99fde5-c133-45d1-9e6f-6197bf32a4df@group-F639DB4F7F68-FollowerState] INFO  server.RaftServer$Division (RaftServerImpl.java:setRole(321)) - 7f99fde5-c133-45d1-9e6f-6197bf32a4df@group-F639DB4F7F68: changes role from  FOLLOWER to CANDIDATE at term 0 for changeToCandidate
2022-12-23 07:23:04,184 [7f99fde5-c133-45d1-9e6f-6197bf32a4df@group-F639DB4F7F68-FollowerState] INFO  server.RaftServerConfigKeys (ConfUtils.java:logGet(46)) - raft.server.leaderelection.pre-vote = false (custom)
2022-12-23 07:23:04,184 [7f99fde5-c133-45d1-9e6f-6197bf32a4df@group-F639DB4F7F68-FollowerState] INFO  impl.RoleInfo (RoleInfo.java:updateAndGet(139)) - 7f99fde5-c133-45d1-9e6f-6197bf32a4df: start 7f99fde5-c133-45d1-9e6f-6197bf32a4df@group-F639DB4F7F68-LeaderElection26
2022-12-23 07:23:04,184 [b016757e-a2f5-4449-b608-35b74ad87f3b@group-2227897B3A92-FollowerState] INFO  server.RaftServerConfigKeys (ConfUtils.java:logFallback(53)) - raft.server.rpc.first-election.timeout.min = 5s (fallback to raft.server.rpc.timeout.min)
2022-12-23 07:23:04,184 [b016757e-a2f5-4449-b608-35b74ad87f3b@group-2227897B3A92-FollowerState] INFO  server.RaftServerConfigKeys (ConfUtils.java:logFallback(53)) - raft.server.rpc.first-election.timeout.max = 5200ms (fallback to raft.server.rpc.timeout.max)
2022-12-23 07:23:04,184 [5d03e669-1af7-4a90-bfe9-b79df2f5a8e4@group-2227897B3A92-FollowerState] INFO  server.RaftServerConfigKeys (ConfUtils.java:logFallback(53)) - raft.server.rpc.first-election.timeout.min = 5s (fallback to raft.server.rpc.timeout.min)
2022-12-23 07:23:04,185 [5d03e669-1af7-4a90-bfe9-b79df2f5a8e4@group-2227897B3A92-FollowerState] INFO  server.RaftServerConfigKeys (ConfUtils.java:logFallback(53)) - raft.server.rpc.first-election.timeout.max = 5200ms (fallback to raft.server.rpc.timeout.max)
2022-12-23 07:23:04,187 [7f99fde5-c133-45d1-9e6f-6197bf32a4df@group-F639DB4F7F68-LeaderElection26] INFO  impl.LeaderElection (LeaderElection.java:askForVotes(312)) - 7f99fde5-c133-45d1-9e6f-6197bf32a4df@group-F639DB4F7F68-LeaderElection26 ELECTION round 0: submit vote requests at term 1 for -1: peers:[7f99fde5-c133-45d1-9e6f-6197bf32a4df|rpc:10.1.0.40:33403|dataStream:10.1.0.40:45641|priority:0|startupRole:FOLLOWER, b016757e-a2f5-4449-b608-35b74ad87f3b|rpc:10.1.0.40:46143|dataStream:10.1.0.40:37677|priority:1|startupRole:FOLLOWER, 5d03e669-1af7-4a90-bfe9-b79df2f5a8e4|rpc:10.1.0.40:44683|dataStream:10.1.0.40:33247|priority:0|startupRole:FOLLOWER]|listeners:[], old=null
2022-12-23 07:23:04,188 [7f99fde5-c133-45d1-9e6f-6197bf32a4df@group-F639DB4F7F68-LeaderElection26] INFO  server.RaftServerConfigKeys (ConfUtils.java:logFallback(53)) - raft.server.rpc.first-election.timeout.min = 5s (fallback to raft.server.rpc.timeout.min)
2022-12-23 07:23:04,188 [7f99fde5-c133-45d1-9e6f-6197bf32a4df@group-F639DB4F7F68-LeaderElection26-1] INFO  server.GrpcServerProtocolClient (GrpcServerProtocolClient.java:<init>(63)) - Build channel for b016757e-a2f5-4449-b608-35b74ad87f3b
2022-12-23 07:23:04,188 [7f99fde5-c133-45d1-9e6f-6197bf32a4df@group-F639DB4F7F68-LeaderElection26] INFO  server.RaftServerConfigKeys (ConfUtils.java:logFallback(53)) - raft.server.rpc.first-election.timeout.max = 5200ms (fallback to raft.server.rpc.timeout.max)
2022-12-23 07:23:04,188 [7f99fde5-c133-45d1-9e6f-6197bf32a4df@group-F639DB4F7F68-LeaderElection26-2] INFO  server.GrpcServerProtocolClient (GrpcServerProtocolClient.java:<init>(63)) - Build channel for 5d03e669-1af7-4a90-bfe9-b79df2f5a8e4
2022-12-23 07:23:04,193 [grpc-default-executor-2] INFO  server.RaftServer$Division (RaftServerImpl.java:requestVote(1218)) - 5d03e669-1af7-4a90-bfe9-b79df2f5a8e4@group-F639DB4F7F68: receive requestVote(ELECTION, 7f99fde5-c133-45d1-9e6f-6197bf32a4df, group-F639DB4F7F68, 1, (t:0, i:0))
2022-12-23 07:23:04,193 [grpc-default-executor-2] INFO  impl.VoteContext (VoteContext.java:log(49)) - 5d03e669-1af7-4a90-bfe9-b79df2f5a8e4@group-F639DB4F7F68-FOLLOWER: accept ELECTION from 7f99fde5-c133-45d1-9e6f-6197bf32a4df: our priority 0 <= candidate's priority 0
2022-12-23 07:23:04,193 [grpc-default-executor-2] INFO  server.RaftServer$Division (RaftServerImpl.java:setRole(321)) - 5d03e669-1af7-4a90-bfe9-b79df2f5a8e4@group-F639DB4F7F68: changes role from  FOLLOWER to FOLLOWER at term 1 for candidate:7f99fde5-c133-45d1-9e6f-6197bf32a4df
2022-12-23 07:23:04,193 [grpc-default-executor-2] INFO  impl.RoleInfo (RoleInfo.java:shutdownFollowerState(110)) - 5d03e669-1af7-4a90-bfe9-b79df2f5a8e4: shutdown 5d03e669-1af7-4a90-bfe9-b79df2f5a8e4@group-F639DB4F7F68-FollowerState
2022-12-23 07:23:04,193 [grpc-default-executor-2] INFO  impl.RoleInfo (RoleInfo.java:updateAndGet(139)) - 5d03e669-1af7-4a90-bfe9-b79df2f5a8e4: start 5d03e669-1af7-4a90-bfe9-b79df2f5a8e4@group-F639DB4F7F68-FollowerState
2022-12-23 07:23:04,194 [5d03e669-1af7-4a90-bfe9-b79df2f5a8e4@group-F639DB4F7F68-FollowerState] INFO  impl.FollowerState (FollowerState.java:run(152)) - 5d03e669-1af7-4a90-bfe9-b79df2f5a8e4@group-F639DB4F7F68-FollowerState was interrupted
2022-12-23 07:23:04,199 [5d03e669-1af7-4a90-bfe9-b79df2f5a8e4@group-F639DB4F7F68-FollowerState] INFO  server.RaftServerConfigKeys (ConfUtils.java:logFallback(53)) - raft.server.rpc.first-election.timeout.min = 5s (fallback to raft.server.rpc.timeout.min)
2022-12-23 07:23:04,199 [5d03e669-1af7-4a90-bfe9-b79df2f5a8e4@group-F639DB4F7F68-FollowerState] INFO  server.RaftServerConfigKeys (ConfUtils.java:logFallback(53)) - raft.server.rpc.first-election.timeout.max = 5200ms (fallback to raft.server.rpc.timeout.max)
2022-12-23 07:23:04,200 [grpc-default-executor-2] INFO  server.RaftServer$Division (RaftServerImpl.java:requestVote(1251)) - 5d03e669-1af7-4a90-bfe9-b79df2f5a8e4@group-F639DB4F7F68 replies to ELECTION vote request: 7f99fde5-c133-45d1-9e6f-6197bf32a4df<-5d03e669-1af7-4a90-bfe9-b79df2f5a8e4#0:OK-t1. Peer's state: 5d03e669-1af7-4a90-bfe9-b79df2f5a8e4@group-F639DB4F7F68:t1, leader=null, voted=7f99fde5-c133-45d1-9e6f-6197bf32a4df, raftlog=Memoized:5d03e669-1af7-4a90-bfe9-b79df2f5a8e4@group-F639DB4F7F68-SegmentedRaftLog:OPENED:c-1, conf=-1: peers:[7f99fde5-c133-45d1-9e6f-6197bf32a4df|rpc:10.1.0.40:33403|dataStream:10.1.0.40:45641|priority:0|startupRole:FOLLOWER, b016757e-a2f5-4449-b608-35b74ad87f3b|rpc:10.1.0.40:46143|dataStream:10.1.0.40:37677|priority:1|startupRole:FOLLOWER, 5d03e669-1af7-4a90-bfe9-b79df2f5a8e4|rpc:10.1.0.40:44683|dataStream:10.1.0.40:33247|priority:0|startupRole:FOLLOWER]|listeners:[], old=null
2022-12-23 07:23:04,202 [grpc-default-executor-2] INFO  server.RaftServer$Division (RaftServerImpl.java:requestVote(1218)) - b016757e-a2f5-4449-b608-35b74ad87f3b@group-F639DB4F7F68: receive requestVote(ELECTION, 7f99fde5-c133-45d1-9e6f-6197bf32a4df, group-F639DB4F7F68, 1, (t:0, i:0))
2022-12-23 07:23:04,203 [grpc-default-executor-2] INFO  impl.VoteContext (VoteContext.java:log(49)) - b016757e-a2f5-4449-b608-35b74ad87f3b@group-F639DB4F7F68-FOLLOWER: reject ELECTION from 7f99fde5-c133-45d1-9e6f-6197bf32a4df: our priority 1 > candidate's priority 0
2022-12-23 07:23:04,203 [grpc-default-executor-2] INFO  server.RaftServer$Division (RaftServerImpl.java:setRole(321)) - b016757e-a2f5-4449-b608-35b74ad87f3b@group-F639DB4F7F68: changes role from  FOLLOWER to FOLLOWER at term 1 for candidate:7f99fde5-c133-45d1-9e6f-6197bf32a4df
2022-12-23 07:23:04,203 [grpc-default-executor-2] INFO  impl.RoleInfo (RoleInfo.java:shutdownFollowerState(110)) - b016757e-a2f5-4449-b608-35b74ad87f3b: shutdown b016757e-a2f5-4449-b608-35b74ad87f3b@group-F639DB4F7F68-FollowerState
2022-12-23 07:23:04,203 [grpc-default-executor-2] INFO  impl.RoleInfo (RoleInfo.java:updateAndGet(139)) - b016757e-a2f5-4449-b608-35b74ad87f3b: start b016757e-a2f5-4449-b608-35b74ad87f3b@group-F639DB4F7F68-FollowerState
2022-12-23 07:23:04,203 [b016757e-a2f5-4449-b608-35b74ad87f3b@group-F639DB4F7F68-FollowerState] INFO  impl.FollowerState (FollowerState.java:run(152)) - b016757e-a2f5-4449-b608-35b74ad87f3b@group-F639DB4F7F68-FollowerState was interrupted
2022-12-23 07:23:04,205 [b016757e-a2f5-4449-b608-35b74ad87f3b@group-F639DB4F7F68-FollowerState] INFO  server.RaftServerConfigKeys (ConfUtils.java:logFallback(53)) - raft.server.rpc.first-election.timeout.min = 5s (fallback to raft.server.rpc.timeout.min)
2022-12-23 07:23:04,205 [b016757e-a2f5-4449-b608-35b74ad87f3b@group-F639DB4F7F68-FollowerState] INFO  server.RaftServerConfigKeys (ConfUtils.java:logFallback(53)) - raft.server.rpc.first-election.timeout.max = 5200ms (fallback to raft.server.rpc.timeout.max)
2022-12-23 07:23:04,208 [grpc-default-executor-2] INFO  server.RaftServer$Division (RaftServerImpl.java:requestVote(1251)) - b016757e-a2f5-4449-b608-35b74ad87f3b@group-F639DB4F7F68 replies to ELECTION vote request: 7f99fde5-c133-45d1-9e6f-6197bf32a4df<-b016757e-a2f5-4449-b608-35b74ad87f3b#0:FAIL-t1. Peer's state: b016757e-a2f5-4449-b608-35b74ad87f3b@group-F639DB4F7F68:t1, leader=null, voted=null, raftlog=Memoized:b016757e-a2f5-4449-b608-35b74ad87f3b@group-F639DB4F7F68-SegmentedRaftLog:OPENED:c-1, conf=-1: peers:[7f99fde5-c133-45d1-9e6f-6197bf32a4df|rpc:10.1.0.40:33403|dataStream:10.1.0.40:45641|priority:0|startupRole:FOLLOWER, b016757e-a2f5-4449-b608-35b74ad87f3b|rpc:10.1.0.40:46143|dataStream:10.1.0.40:37677|priority:1|startupRole:FOLLOWER, 5d03e669-1af7-4a90-bfe9-b79df2f5a8e4|rpc:10.1.0.40:44683|dataStream:10.1.0.40:33247|priority:0|startupRole:FOLLOWER]|listeners:[], old=null
2022-12-23 07:23:04,209 [7f99fde5-c133-45d1-9e6f-6197bf32a4df@group-F639DB4F7F68-LeaderElection26] INFO  impl.LeaderElection (LeaderElection.java:logAndReturn(90)) - 7f99fde5-c133-45d1-9e6f-6197bf32a4df@group-F639DB4F7F68-LeaderElection26: ELECTION REJECTED received 2 response(s) and 0 exception(s):
2022-12-23 07:23:04,209 [7f99fde5-c133-45d1-9e6f-6197bf32a4df@group-F639DB4F7F68-LeaderElection26] INFO  impl.LeaderElection (LeaderElection.java:logAndReturn(94)) -   Response 0: 7f99fde5-c133-45d1-9e6f-6197bf32a4df<-5d03e669-1af7-4a90-bfe9-b79df2f5a8e4#0:OK-t1
2022-12-23 07:23:04,209 [7f99fde5-c133-45d1-9e6f-6197bf32a4df@group-F639DB4F7F68-LeaderElection26] INFO  impl.LeaderElection (LeaderElection.java:logAndReturn(94)) -   Response 1: 7f99fde5-c133-45d1-9e6f-6197bf32a4df<-b016757e-a2f5-4449-b608-35b74ad87f3b#0:FAIL-t1
2022-12-23 07:23:04,209 [7f99fde5-c133-45d1-9e6f-6197bf32a4df@group-F639DB4F7F68-LeaderElection26] INFO  impl.LeaderElection (LeaderElection.java:askForVotes(314)) - 7f99fde5-c133-45d1-9e6f-6197bf32a4df@group-F639DB4F7F68-LeaderElection26 ELECTION round 0: result REJECTED
2022-12-23 07:23:04,209 [7f99fde5-c133-45d1-9e6f-6197bf32a4df@group-F639DB4F7F68-LeaderElection26] INFO  server.RaftServer$Division (RaftServerImpl.java:setRole(321)) - 7f99fde5-c133-45d1-9e6f-6197bf32a4df@group-F639DB4F7F68: changes role from CANDIDATE to FOLLOWER at term 1 for REJECTED
2022-12-23 07:23:04,209 [7f99fde5-c133-45d1-9e6f-6197bf32a4df@group-F639DB4F7F68-LeaderElection26] INFO  impl.RoleInfo (RoleInfo.java:shutdownLeaderElection(130)) - 7f99fde5-c133-45d1-9e6f-6197bf32a4df: shutdown 7f99fde5-c133-45d1-9e6f-6197bf32a4df@group-F639DB4F7F68-LeaderElection26
2022-12-23 07:23:04,209 [7f99fde5-c133-45d1-9e6f-6197bf32a4df@group-F639DB4F7F68-LeaderElection26] INFO  impl.RoleInfo (RoleInfo.java:updateAndGet(139)) - 7f99fde5-c133-45d1-9e6f-6197bf32a4df: start 7f99fde5-c133-45d1-9e6f-6197bf32a4df@group-F639DB4F7F68-FollowerState
2022-12-23 07:23:04,210 [7f99fde5-c133-45d1-9e6f-6197bf32a4df@group-F639DB4F7F68-FollowerState] INFO  server.RaftServerConfigKeys (ConfUtils.java:logFallback(53)) - raft.server.rpc.first-election.timeout.min = 5s (fallback to raft.server.rpc.timeout.min)
2022-12-23 07:23:04,210 [7f99fde5-c133-45d1-9e6f-6197bf32a4df@group-F639DB4F7F68-FollowerState] INFO  server.RaftServerConfigKeys (ConfUtils.java:logFallback(53)) - raft.server.rpc.first-election.timeout.max = 5200ms (fallback to raft.server.rpc.timeout.max)
2022-12-23 07:23:04,295 [EventQueue-CommandQueueReportForCommandQueueReportHandler] WARN  events.EventQueue (EventQueue.java:fireEvent(216)) - No event handler registered for event TypedEvent{payloadType=DatanodeDetails, name='Datanode_Command_Queue_Updated'}
2022-12-23 07:23:04,464 [7f99fde5-c133-45d1-9e6f-6197bf32a4df@group-63501ACB4033-FollowerState] INFO  impl.FollowerState (FollowerState.java:run(143)) - 7f99fde5-c133-45d1-9e6f-6197bf32a4df@group-63501ACB4033-FollowerState: change to CANDIDATE, lastRpcElapsedTime:5159619518ns, electionTimeout:5159ms
2022-12-23 07:23:04,464 [7f99fde5-c133-45d1-9e6f-6197bf32a4df@group-63501ACB4033-FollowerState] INFO  impl.RoleInfo (RoleInfo.java:shutdownFollowerState(110)) - 7f99fde5-c133-45d1-9e6f-6197bf32a4df: shutdown 7f99fde5-c133-45d1-9e6f-6197bf32a4df@group-63501ACB4033-FollowerState
2022-12-23 07:23:04,464 [7f99fde5-c133-45d1-9e6f-6197bf32a4df@group-63501ACB4033-FollowerState] INFO  server.RaftServer$Division (RaftServerImpl.java:setRole(321)) - 7f99fde5-c133-45d1-9e6f-6197bf32a4df@group-63501ACB4033: changes role from  FOLLOWER to CANDIDATE at term 0 for changeToCandidate
2022-12-23 07:23:04,464 [7f99fde5-c133-45d1-9e6f-6197bf32a4df@group-63501ACB4033-FollowerState] INFO  server.RaftServerConfigKeys (ConfUtils.java:logGet(46)) - raft.server.leaderelection.pre-vote = false (custom)
2022-12-23 07:23:04,464 [7f99fde5-c133-45d1-9e6f-6197bf32a4df@group-63501ACB4033-FollowerState] INFO  impl.RoleInfo (RoleInfo.java:updateAndGet(139)) - 7f99fde5-c133-45d1-9e6f-6197bf32a4df: start 7f99fde5-c133-45d1-9e6f-6197bf32a4df@group-63501ACB4033-LeaderElection27
2022-12-23 07:23:04,469 [7f99fde5-c133-45d1-9e6f-6197bf32a4df@group-63501ACB4033-LeaderElection27] INFO  impl.LeaderElection (LeaderElection.java:askForVotes(312)) - 7f99fde5-c133-45d1-9e6f-6197bf32a4df@group-63501ACB4033-LeaderElection27 ELECTION round 0: submit vote requests at term 1 for -1: peers:[7f99fde5-c133-45d1-9e6f-6197bf32a4df|rpc:10.1.0.40:33403|dataStream:10.1.0.40:45641|priority:1|startupRole:FOLLOWER]|listeners:[], old=null
2022-12-23 07:23:04,469 [7f99fde5-c133-45d1-9e6f-6197bf32a4df@group-63501ACB4033-LeaderElection27] INFO  impl.LeaderElection (LeaderElection.java:askForVotes(314)) - 7f99fde5-c133-45d1-9e6f-6197bf32a4df@group-63501ACB4033-LeaderElection27 ELECTION round 0: result PASSED (term=1)
2022-12-23 07:23:04,469 [7f99fde5-c133-45d1-9e6f-6197bf32a4df@group-63501ACB4033-LeaderElection27] INFO  impl.RoleInfo (RoleInfo.java:shutdownLeaderElection(130)) - 7f99fde5-c133-45d1-9e6f-6197bf32a4df: shutdown 7f99fde5-c133-45d1-9e6f-6197bf32a4df@group-63501ACB4033-LeaderElection27
2022-12-23 07:23:04,469 [7f99fde5-c133-45d1-9e6f-6197bf32a4df@group-63501ACB4033-LeaderElection27] INFO  server.RaftServer$Division (RaftServerImpl.java:setRole(321)) - 7f99fde5-c133-45d1-9e6f-6197bf32a4df@group-63501ACB4033: changes role from CANDIDATE to LEADER at term 1 for changeToLeader
2022-12-23 07:23:04,469 [7f99fde5-c133-45d1-9e6f-6197bf32a4df@group-63501ACB4033-LeaderElection27] INFO  ratis.XceiverServerRatis (XceiverServerRatis.java:handleLeaderChangedNotification(904)) - Leader change notification received for group: group-63501ACB4033 with new leaderId: 7f99fde5-c133-45d1-9e6f-6197bf32a4df
2022-12-23 07:23:04,470 [7f99fde5-c133-45d1-9e6f-6197bf32a4df@group-63501ACB4033-LeaderElection27] INFO  server.RaftServer$Division (ServerState.java:setLeader(313)) - 7f99fde5-c133-45d1-9e6f-6197bf32a4df@group-63501ACB4033: change Leader from null to 7f99fde5-c133-45d1-9e6f-6197bf32a4df at term 1 for becomeLeader, leader elected after 5180ms
2022-12-23 07:23:04,470 [7f99fde5-c133-45d1-9e6f-6197bf32a4df@group-63501ACB4033-LeaderElection27] INFO  server.RaftServerConfigKeys (ConfUtils.java:logGet(46)) - raft.server.staging.catchup.gap = 1000 (default)
2022-12-23 07:23:04,470 [7f99fde5-c133-45d1-9e6f-6197bf32a4df@group-63501ACB4033-LeaderElection27] INFO  server.RaftServerConfigKeys (ConfUtils.java:logGet(46)) - raft.server.write.element-limit = 1024 (custom)
2022-12-23 07:23:04,470 [7f99fde5-c133-45d1-9e6f-6197bf32a4df@group-63501ACB4033-LeaderElection27] INFO  server.RaftServerConfigKeys (ConfUtils.java:logGet(46)) - raft.server.write.byte-limit = 1024 M (=1073741824) (custom)
2022-12-23 07:23:04,471 [7f99fde5-c133-45d1-9e6f-6197bf32a4df@group-63501ACB4033-LeaderElection27] INFO  server.RaftServerConfigKeys (ConfUtils.java:logGet(46)) - raft.server.watch.timeout = 180s (custom)
2022-12-23 07:23:04,471 [7f99fde5-c133-45d1-9e6f-6197bf32a4df@group-63501ACB4033-LeaderElection27] INFO  server.RaftServerConfigKeys (ConfUtils.java:logGet(46)) - raft.server.watch.timeout.denomination = 1s (default)
2022-12-23 07:23:04,471 [7f99fde5-c133-45d1-9e6f-6197bf32a4df@group-63501ACB4033-LeaderElection27] INFO  server.RaftServerConfigKeys (ConfUtils.java:logGet(46)) - raft.server.watch.element-limit = 65536 (default)
2022-12-23 07:23:04,471 [7f99fde5-c133-45d1-9e6f-6197bf32a4df@group-63501ACB4033-LeaderElection27] INFO  server.RaftServerConfigKeys (ConfUtils.java:logGet(46)) - raft.server.write.element-limit = 1024 (custom)
2022-12-23 07:23:04,471 [7f99fde5-c133-45d1-9e6f-6197bf32a4df@group-63501ACB4033-LeaderElection27] INFO  server.RaftServerConfigKeys (ConfUtils.java:logGet(46)) - raft.server.write.follower.gap.ratio.max = -1.0 (default)
2022-12-23 07:23:04,471 [7f99fde5-c133-45d1-9e6f-6197bf32a4df@group-63501ACB4033-LeaderElection27] INFO  impl.RoleInfo (RoleInfo.java:updateAndGet(139)) - 7f99fde5-c133-45d1-9e6f-6197bf32a4df: start 7f99fde5-c133-45d1-9e6f-6197bf32a4df@group-63501ACB4033-LeaderStateImpl
2022-12-23 07:23:04,471 [7f99fde5-c133-45d1-9e6f-6197bf32a4df@group-63501ACB4033-LeaderElection27] INFO  segmented.SegmentedRaftLogWorker (SegmentedRaftLogWorker.java:startLogSegment(452)) - 7f99fde5-c133-45d1-9e6f-6197bf32a4df@group-63501ACB4033-SegmentedRaftLogWorker: Starting segment from index:0
2022-12-23 07:23:04,473 [7f99fde5-c133-45d1-9e6f-6197bf32a4df@group-63501ACB4033-LeaderElection27] INFO  server.RaftServer$Division (ServerState.java:setRaftConf(430)) - 7f99fde5-c133-45d1-9e6f-6197bf32a4df@group-63501ACB4033: set configuration 0: peers:[7f99fde5-c133-45d1-9e6f-6197bf32a4df|rpc:10.1.0.40:33403|dataStream:10.1.0.40:45641|priority:1|startupRole:FOLLOWER]|listeners:[], old=null
2022-12-23 07:23:04,473 [EventQueue-CommandQueueReportForCommandQueueReportHandler] WARN  events.EventQueue (EventQueue.java:fireEvent(216)) - No event handler registered for event TypedEvent{payloadType=DatanodeDetails, name='Datanode_Command_Queue_Updated'}
2022-12-23 07:23:04,474 [EventQueue-OpenPipelineForHealthyPipelineSafeModeRule] INFO  safemode.SCMSafeModeManager (HealthyPipelineSafeModeRule.java:process(137)) - SCM in safe mode. Healthy pipelines reported count is 0, required healthy pipeline reported count is 1
2022-12-23 07:23:04,474 [7f99fde5-c133-45d1-9e6f-6197bf32a4df@group-63501ACB4033-SegmentedRaftLogWorker] INFO  segmented.SegmentedRaftLogWorker (SegmentedRaftLogWorker.java:execute(656)) - 7f99fde5-c133-45d1-9e6f-6197bf32a4df@group-63501ACB4033-SegmentedRaftLogWorker: created new log segment /home/runner/work/ozone/ozone/hadoop-ozone/integration-test/target/test-dir/MiniOzoneClusterImpl-8c293bcf-6970-46e1-80ac-8e038071f7a0/datanode-1/data/ratis/3a7d60f2-691f-473b-8d80-63501acb4033/current/log_inprogress_0
2022-12-23 07:23:04,641 [Listener at 127.0.0.1/42981] INFO  ozone.MiniOzoneClusterImpl (MiniOzoneClusterImpl.java:lambda$waitForClusterToBeReady$0(217)) - Nodes are ready. Got 3 of 3 DN Heartbeats.
2022-12-23 07:23:04,642 [Listener at 127.0.0.1/42981] INFO  ozone.MiniOzoneClusterImpl (MiniOzoneClusterImpl.java:lambda$waitForClusterToBeReady$0(220)) - Waiting for cluster to exit safe mode
2022-12-23 07:23:04,642 [Listener at 127.0.0.1/42981] INFO  ozone.MiniOzoneClusterImpl (MiniOzoneClusterImpl.java:lambda$waitForClusterToBeReady$0(222)) - SCM became leader
2022-12-23 07:23:04,647 [EventQueue-CommandQueueReportForCommandQueueReportHandler] WARN  events.EventQueue (EventQueue.java:fireEvent(216)) - No event handler registered for event TypedEvent{payloadType=DatanodeDetails, name='Datanode_Command_Queue_Updated'}
2022-12-23 07:23:04,783 [5d03e669-1af7-4a90-bfe9-b79df2f5a8e4@group-0F0D4893EB64-FollowerState] INFO  impl.FollowerState (FollowerState.java:run(143)) - 5d03e669-1af7-4a90-bfe9-b79df2f5a8e4@group-0F0D4893EB64-FollowerState: change to CANDIDATE, lastRpcElapsedTime:5128845336ns, electionTimeout:5127ms
2022-12-23 07:23:04,783 [5d03e669-1af7-4a90-bfe9-b79df2f5a8e4@group-0F0D4893EB64-FollowerState] INFO  impl.RoleInfo (RoleInfo.java:shutdownFollowerState(110)) - 5d03e669-1af7-4a90-bfe9-b79df2f5a8e4: shutdown 5d03e669-1af7-4a90-bfe9-b79df2f5a8e4@group-0F0D4893EB64-FollowerState
2022-12-23 07:23:04,783 [5d03e669-1af7-4a90-bfe9-b79df2f5a8e4@group-0F0D4893EB64-FollowerState] INFO  server.RaftServer$Division (RaftServerImpl.java:setRole(321)) - 5d03e669-1af7-4a90-bfe9-b79df2f5a8e4@group-0F0D4893EB64: changes role from  FOLLOWER to CANDIDATE at term 0 for changeToCandidate
2022-12-23 07:23:04,783 [5d03e669-1af7-4a90-bfe9-b79df2f5a8e4@group-0F0D4893EB64-FollowerState] INFO  server.RaftServerConfigKeys (ConfUtils.java:logGet(46)) - raft.server.leaderelection.pre-vote = false (custom)
2022-12-23 07:23:04,783 [5d03e669-1af7-4a90-bfe9-b79df2f5a8e4@group-0F0D4893EB64-FollowerState] INFO  impl.RoleInfo (RoleInfo.java:updateAndGet(139)) - 5d03e669-1af7-4a90-bfe9-b79df2f5a8e4: start 5d03e669-1af7-4a90-bfe9-b79df2f5a8e4@group-0F0D4893EB64-LeaderElection28
2022-12-23 07:23:04,787 [5d03e669-1af7-4a90-bfe9-b79df2f5a8e4@group-0F0D4893EB64-LeaderElection28] INFO  impl.LeaderElection (LeaderElection.java:askForVotes(312)) - 5d03e669-1af7-4a90-bfe9-b79df2f5a8e4@group-0F0D4893EB64-LeaderElection28 ELECTION round 0: submit vote requests at term 1 for -1: peers:[5d03e669-1af7-4a90-bfe9-b79df2f5a8e4|rpc:10.1.0.40:44683|dataStream:10.1.0.40:33247|priority:1|startupRole:FOLLOWER]|listeners:[], old=null
2022-12-23 07:23:04,787 [5d03e669-1af7-4a90-bfe9-b79df2f5a8e4@group-0F0D4893EB64-LeaderElection28] INFO  impl.LeaderElection (LeaderElection.java:askForVotes(314)) - 5d03e669-1af7-4a90-bfe9-b79df2f5a8e4@group-0F0D4893EB64-LeaderElection28 ELECTION round 0: result PASSED (term=1)
2022-12-23 07:23:04,787 [5d03e669-1af7-4a90-bfe9-b79df2f5a8e4@group-0F0D4893EB64-LeaderElection28] INFO  impl.RoleInfo (RoleInfo.java:shutdownLeaderElection(130)) - 5d03e669-1af7-4a90-bfe9-b79df2f5a8e4: shutdown 5d03e669-1af7-4a90-bfe9-b79df2f5a8e4@group-0F0D4893EB64-LeaderElection28
2022-12-23 07:23:04,787 [5d03e669-1af7-4a90-bfe9-b79df2f5a8e4@group-0F0D4893EB64-LeaderElection28] INFO  server.RaftServer$Division (RaftServerImpl.java:setRole(321)) - 5d03e669-1af7-4a90-bfe9-b79df2f5a8e4@group-0F0D4893EB64: changes role from CANDIDATE to LEADER at term 1 for changeToLeader
2022-12-23 07:23:04,787 [5d03e669-1af7-4a90-bfe9-b79df2f5a8e4@group-0F0D4893EB64-LeaderElection28] INFO  ratis.XceiverServerRatis (XceiverServerRatis.java:handleLeaderChangedNotification(904)) - Leader change notification received for group: group-0F0D4893EB64 with new leaderId: 5d03e669-1af7-4a90-bfe9-b79df2f5a8e4
2022-12-23 07:23:04,788 [5d03e669-1af7-4a90-bfe9-b79df2f5a8e4@group-0F0D4893EB64-LeaderElection28] INFO  server.RaftServer$Division (ServerState.java:setLeader(313)) - 5d03e669-1af7-4a90-bfe9-b79df2f5a8e4@group-0F0D4893EB64: change Leader from null to 5d03e669-1af7-4a90-bfe9-b79df2f5a8e4 at term 1 for becomeLeader, leader elected after 5146ms
2022-12-23 07:23:04,788 [5d03e669-1af7-4a90-bfe9-b79df2f5a8e4@group-0F0D4893EB64-LeaderElection28] INFO  server.RaftServerConfigKeys (ConfUtils.java:logGet(46)) - raft.server.staging.catchup.gap = 1000 (default)
2022-12-23 07:23:04,788 [5d03e669-1af7-4a90-bfe9-b79df2f5a8e4@group-0F0D4893EB64-LeaderElection28] INFO  server.RaftServerConfigKeys (ConfUtils.java:logGet(46)) - raft.server.write.element-limit = 1024 (custom)
2022-12-23 07:23:04,788 [5d03e669-1af7-4a90-bfe9-b79df2f5a8e4@group-0F0D4893EB64-LeaderElection28] INFO  server.RaftServerConfigKeys (ConfUtils.java:logGet(46)) - raft.server.write.byte-limit = 1024 M (=1073741824) (custom)
2022-12-23 07:23:04,789 [5d03e669-1af7-4a90-bfe9-b79df2f5a8e4@group-0F0D4893EB64-LeaderElection28] INFO  server.RaftServerConfigKeys (ConfUtils.java:logGet(46)) - raft.server.watch.timeout = 180s (custom)
2022-12-23 07:23:04,789 [5d03e669-1af7-4a90-bfe9-b79df2f5a8e4@group-0F0D4893EB64-LeaderElection28] INFO  server.RaftServerConfigKeys (ConfUtils.java:logGet(46)) - raft.server.watch.timeout.denomination = 1s (default)
2022-12-23 07:23:04,789 [5d03e669-1af7-4a90-bfe9-b79df2f5a8e4@group-0F0D4893EB64-LeaderElection28] INFO  server.RaftServerConfigKeys (ConfUtils.java:logGet(46)) - raft.server.watch.element-limit = 65536 (default)
2022-12-23 07:23:04,789 [5d03e669-1af7-4a90-bfe9-b79df2f5a8e4@group-0F0D4893EB64-LeaderElection28] INFO  server.RaftServerConfigKeys (ConfUtils.java:logGet(46)) - raft.server.write.element-limit = 1024 (custom)
2022-12-23 07:23:04,789 [5d03e669-1af7-4a90-bfe9-b79df2f5a8e4@group-0F0D4893EB64-LeaderElection28] INFO  server.RaftServerConfigKeys (ConfUtils.java:logGet(46)) - raft.server.write.follower.gap.ratio.max = -1.0 (default)
2022-12-23 07:23:04,789 [EventQueue-CommandQueueReportForCommandQueueReportHandler] WARN  events.EventQueue (EventQueue.java:fireEvent(216)) - No event handler registered for event TypedEvent{payloadType=DatanodeDetails, name='Datanode_Command_Queue_Updated'}
2022-12-23 07:23:04,790 [5d03e669-1af7-4a90-bfe9-b79df2f5a8e4@group-0F0D4893EB64-LeaderElection28] INFO  impl.RoleInfo (RoleInfo.java:updateAndGet(139)) - 5d03e669-1af7-4a90-bfe9-b79df2f5a8e4: start 5d03e669-1af7-4a90-bfe9-b79df2f5a8e4@group-0F0D4893EB64-LeaderStateImpl
2022-12-23 07:23:04,790 [EventQueue-OpenPipelineForHealthyPipelineSafeModeRule] INFO  safemode.SCMSafeModeManager (HealthyPipelineSafeModeRule.java:process(137)) - SCM in safe mode. Healthy pipelines reported count is 0, required healthy pipeline reported count is 1
2022-12-23 07:23:04,790 [5d03e669-1af7-4a90-bfe9-b79df2f5a8e4@group-0F0D4893EB64-LeaderElection28] INFO  segmented.SegmentedRaftLogWorker (SegmentedRaftLogWorker.java:startLogSegment(452)) - 5d03e669-1af7-4a90-bfe9-b79df2f5a8e4@group-0F0D4893EB64-SegmentedRaftLogWorker: Starting segment from index:0
2022-12-23 07:23:04,791 [5d03e669-1af7-4a90-bfe9-b79df2f5a8e4@group-0F0D4893EB64-SegmentedRaftLogWorker] INFO  segmented.SegmentedRaftLogWorker (SegmentedRaftLogWorker.java:execute(656)) - 5d03e669-1af7-4a90-bfe9-b79df2f5a8e4@group-0F0D4893EB64-SegmentedRaftLogWorker: created new log segment /home/runner/work/ozone/ozone/hadoop-ozone/integration-test/target/test-dir/MiniOzoneClusterImpl-8c293bcf-6970-46e1-80ac-8e038071f7a0/datanode-2/data/ratis/39bb6d28-e8f5-4591-af34-0f0d4893eb64/current/log_inprogress_0
2022-12-23 07:23:04,793 [5d03e669-1af7-4a90-bfe9-b79df2f5a8e4@group-0F0D4893EB64-LeaderElection28] INFO  server.RaftServer$Division (ServerState.java:setRaftConf(430)) - 5d03e669-1af7-4a90-bfe9-b79df2f5a8e4@group-0F0D4893EB64: set configuration 0: peers:[5d03e669-1af7-4a90-bfe9-b79df2f5a8e4|rpc:10.1.0.40:44683|dataStream:10.1.0.40:33247|priority:1|startupRole:FOLLOWER]|listeners:[], old=null
2022-12-23 07:23:05,029 [EventQueue-CommandQueueReportForCommandQueueReportHandler] WARN  events.EventQueue (EventQueue.java:fireEvent(216)) - No event handler registered for event TypedEvent{payloadType=DatanodeDetails, name='Datanode_Command_Queue_Updated'}
2022-12-23 07:23:05,471 [EventQueue-CommandQueueReportForCommandQueueReportHandler] WARN  events.EventQueue (EventQueue.java:fireEvent(216)) - No event handler registered for event TypedEvent{payloadType=DatanodeDetails, name='Datanode_Command_Queue_Updated'}
2022-12-23 07:23:05,643 [Listener at 127.0.0.1/42981] INFO  ozone.MiniOzoneClusterImpl (MiniOzoneClusterImpl.java:lambda$waitForClusterToBeReady$0(217)) - Nodes are ready. Got 3 of 3 DN Heartbeats.
2022-12-23 07:23:05,643 [Listener at 127.0.0.1/42981] INFO  ozone.MiniOzoneClusterImpl (MiniOzoneClusterImpl.java:lambda$waitForClusterToBeReady$0(220)) - Waiting for cluster to exit safe mode
2022-12-23 07:23:05,643 [Listener at 127.0.0.1/42981] INFO  ozone.MiniOzoneClusterImpl (MiniOzoneClusterImpl.java:lambda$waitForClusterToBeReady$0(222)) - SCM became leader
2022-12-23 07:23:05,789 [EventQueue-CommandQueueReportForCommandQueueReportHandler] WARN  events.EventQueue (EventQueue.java:fireEvent(216)) - No event handler registered for event TypedEvent{payloadType=DatanodeDetails, name='Datanode_Command_Queue_Updated'}
2022-12-23 07:23:06,029 [EventQueue-CommandQueueReportForCommandQueueReportHandler] WARN  events.EventQueue (EventQueue.java:fireEvent(216)) - No event handler registered for event TypedEvent{payloadType=DatanodeDetails, name='Datanode_Command_Queue_Updated'}
2022-12-23 07:23:06,471 [EventQueue-CommandQueueReportForCommandQueueReportHandler] WARN  events.EventQueue (EventQueue.java:fireEvent(216)) - No event handler registered for event TypedEvent{payloadType=DatanodeDetails, name='Datanode_Command_Queue_Updated'}
2022-12-23 07:23:06,644 [Listener at 127.0.0.1/42981] INFO  ozone.MiniOzoneClusterImpl (MiniOzoneClusterImpl.java:lambda$waitForClusterToBeReady$0(217)) - Nodes are ready. Got 3 of 3 DN Heartbeats.
2022-12-23 07:23:06,644 [Listener at 127.0.0.1/42981] INFO  ozone.MiniOzoneClusterImpl (MiniOzoneClusterImpl.java:lambda$waitForClusterToBeReady$0(220)) - Waiting for cluster to exit safe mode
2022-12-23 07:23:06,644 [Listener at 127.0.0.1/42981] INFO  ozone.MiniOzoneClusterImpl (MiniOzoneClusterImpl.java:lambda$waitForClusterToBeReady$0(222)) - SCM became leader
2022-12-23 07:23:06,789 [EventQueue-CommandQueueReportForCommandQueueReportHandler] WARN  events.EventQueue (EventQueue.java:fireEvent(216)) - No event handler registered for event TypedEvent{payloadType=DatanodeDetails, name='Datanode_Command_Queue_Updated'}
2022-12-23 07:23:07,029 [EventQueue-CommandQueueReportForCommandQueueReportHandler] WARN  events.EventQueue (EventQueue.java:fireEvent(216)) - No event handler registered for event TypedEvent{payloadType=DatanodeDetails, name='Datanode_Command_Queue_Updated'}
2022-12-23 07:23:07,471 [EventQueue-CommandQueueReportForCommandQueueReportHandler] WARN  events.EventQueue (EventQueue.java:fireEvent(216)) - No event handler registered for event TypedEvent{payloadType=DatanodeDetails, name='Datanode_Command_Queue_Updated'}
2022-12-23 07:23:07,644 [Listener at 127.0.0.1/42981] INFO  ozone.MiniOzoneClusterImpl (MiniOzoneClusterImpl.java:lambda$waitForClusterToBeReady$0(217)) - Nodes are ready. Got 3 of 3 DN Heartbeats.
2022-12-23 07:23:07,644 [Listener at 127.0.0.1/42981] INFO  ozone.MiniOzoneClusterImpl (MiniOzoneClusterImpl.java:lambda$waitForClusterToBeReady$0(220)) - Waiting for cluster to exit safe mode
2022-12-23 07:23:07,645 [Listener at 127.0.0.1/42981] INFO  ozone.MiniOzoneClusterImpl (MiniOzoneClusterImpl.java:lambda$waitForClusterToBeReady$0(222)) - SCM became leader
2022-12-23 07:23:07,789 [EventQueue-CommandQueueReportForCommandQueueReportHandler] WARN  events.EventQueue (EventQueue.java:fireEvent(216)) - No event handler registered for event TypedEvent{payloadType=DatanodeDetails, name='Datanode_Command_Queue_Updated'}
2022-12-23 07:23:08,029 [EventQueue-CommandQueueReportForCommandQueueReportHandler] WARN  events.EventQueue (EventQueue.java:fireEvent(216)) - No event handler registered for event TypedEvent{payloadType=DatanodeDetails, name='Datanode_Command_Queue_Updated'}
2022-12-23 07:23:08,471 [EventQueue-CommandQueueReportForCommandQueueReportHandler] WARN  events.EventQueue (EventQueue.java:fireEvent(216)) - No event handler registered for event TypedEvent{payloadType=DatanodeDetails, name='Datanode_Command_Queue_Updated'}
2022-12-23 07:23:08,645 [Listener at 127.0.0.1/42981] INFO  ozone.MiniOzoneClusterImpl (MiniOzoneClusterImpl.java:lambda$waitForClusterToBeReady$0(217)) - Nodes are ready. Got 3 of 3 DN Heartbeats.
2022-12-23 07:23:08,645 [Listener at 127.0.0.1/42981] INFO  ozone.MiniOzoneClusterImpl (MiniOzoneClusterImpl.java:lambda$waitForClusterToBeReady$0(220)) - Waiting for cluster to exit safe mode
2022-12-23 07:23:08,645 [Listener at 127.0.0.1/42981] INFO  ozone.MiniOzoneClusterImpl (MiniOzoneClusterImpl.java:lambda$waitForClusterToBeReady$0(222)) - SCM became leader
2022-12-23 07:23:08,794 [EventQueue-CommandQueueReportForCommandQueueReportHandler] WARN  events.EventQueue (EventQueue.java:fireEvent(216)) - No event handler registered for event TypedEvent{payloadType=DatanodeDetails, name='Datanode_Command_Queue_Updated'}
2022-12-23 07:23:09,029 [EventQueue-CommandQueueReportForCommandQueueReportHandler] WARN  events.EventQueue (EventQueue.java:fireEvent(216)) - No event handler registered for event TypedEvent{payloadType=DatanodeDetails, name='Datanode_Command_Queue_Updated'}
2022-12-23 07:23:09,198 [7f99fde5-c133-45d1-9e6f-6197bf32a4df@group-2227897B3A92-FollowerState] INFO  server.RaftServerConfigKeys (ConfUtils.java:logFallback(53)) - raft.server.rpc.first-election.timeout.min = 5s (fallback to raft.server.rpc.timeout.min)
2022-12-23 07:23:09,198 [7f99fde5-c133-45d1-9e6f-6197bf32a4df@group-2227897B3A92-FollowerState] INFO  server.RaftServerConfigKeys (ConfUtils.java:logFallback(53)) - raft.server.rpc.first-election.timeout.max = 5200ms (fallback to raft.server.rpc.timeout.max)
2022-12-23 07:23:09,201 [b016757e-a2f5-4449-b608-35b74ad87f3b@group-2227897B3A92-FollowerState] INFO  impl.FollowerState (FollowerState.java:run(143)) - b016757e-a2f5-4449-b608-35b74ad87f3b@group-2227897B3A92-FollowerState: change to CANDIDATE, lastRpcElapsedTime:5018783151ns, electionTimeout:5016ms
2022-12-23 07:23:09,201 [b016757e-a2f5-4449-b608-35b74ad87f3b@group-2227897B3A92-FollowerState] INFO  impl.RoleInfo (RoleInfo.java:shutdownFollowerState(110)) - b016757e-a2f5-4449-b608-35b74ad87f3b: shutdown b016757e-a2f5-4449-b608-35b74ad87f3b@group-2227897B3A92-FollowerState
2022-12-23 07:23:09,201 [b016757e-a2f5-4449-b608-35b74ad87f3b@group-2227897B3A92-FollowerState] INFO  server.RaftServer$Division (RaftServerImpl.java:setRole(321)) - b016757e-a2f5-4449-b608-35b74ad87f3b@group-2227897B3A92: changes role from  FOLLOWER to CANDIDATE at term 1 for changeToCandidate
2022-12-23 07:23:09,201 [b016757e-a2f5-4449-b608-35b74ad87f3b@group-2227897B3A92-FollowerState] INFO  server.RaftServerConfigKeys (ConfUtils.java:logGet(46)) - raft.server.leaderelection.pre-vote = false (custom)
2022-12-23 07:23:09,201 [b016757e-a2f5-4449-b608-35b74ad87f3b@group-2227897B3A92-FollowerState] INFO  impl.RoleInfo (RoleInfo.java:updateAndGet(139)) - b016757e-a2f5-4449-b608-35b74ad87f3b: start b016757e-a2f5-4449-b608-35b74ad87f3b@group-2227897B3A92-LeaderElection29
2022-12-23 07:23:09,203 [b016757e-a2f5-4449-b608-35b74ad87f3b@group-2227897B3A92-LeaderElection29] INFO  impl.LeaderElection (LeaderElection.java:askForVotes(312)) - b016757e-a2f5-4449-b608-35b74ad87f3b@group-2227897B3A92-LeaderElection29 ELECTION round 0: submit vote requests at term 2 for -1: peers:[7f99fde5-c133-45d1-9e6f-6197bf32a4df|rpc:10.1.0.40:33403|dataStream:10.1.0.40:45641|priority:0|startupRole:FOLLOWER, 5d03e669-1af7-4a90-bfe9-b79df2f5a8e4|rpc:10.1.0.40:44683|dataStream:10.1.0.40:33247|priority:1|startupRole:FOLLOWER, b016757e-a2f5-4449-b608-35b74ad87f3b|rpc:10.1.0.40:46143|dataStream:10.1.0.40:37677|priority:0|startupRole:FOLLOWER]|listeners:[], old=null
2022-12-23 07:23:09,203 [b016757e-a2f5-4449-b608-35b74ad87f3b@group-2227897B3A92-LeaderElection29] INFO  server.RaftServerConfigKeys (ConfUtils.java:logFallback(53)) - raft.server.rpc.first-election.timeout.min = 5s (fallback to raft.server.rpc.timeout.min)
2022-12-23 07:23:09,203 [b016757e-a2f5-4449-b608-35b74ad87f3b@group-2227897B3A92-LeaderElection29] INFO  server.RaftServerConfigKeys (ConfUtils.java:logFallback(53)) - raft.server.rpc.first-election.timeout.max = 5200ms (fallback to raft.server.rpc.timeout.max)
2022-12-23 07:23:09,206 [grpc-default-executor-2] INFO  server.RaftServer$Division (RaftServerImpl.java:requestVote(1218)) - 7f99fde5-c133-45d1-9e6f-6197bf32a4df@group-2227897B3A92: receive requestVote(ELECTION, b016757e-a2f5-4449-b608-35b74ad87f3b, group-2227897B3A92, 2, (t:0, i:0))
2022-12-23 07:23:09,206 [grpc-default-executor-2] INFO  impl.VoteContext (VoteContext.java:log(49)) - 7f99fde5-c133-45d1-9e6f-6197bf32a4df@group-2227897B3A92-FOLLOWER: accept ELECTION from b016757e-a2f5-4449-b608-35b74ad87f3b: our priority 0 <= candidate's priority 0
2022-12-23 07:23:09,206 [grpc-default-executor-2] INFO  server.RaftServer$Division (RaftServerImpl.java:setRole(321)) - 7f99fde5-c133-45d1-9e6f-6197bf32a4df@group-2227897B3A92: changes role from  FOLLOWER to FOLLOWER at term 2 for candidate:b016757e-a2f5-4449-b608-35b74ad87f3b
2022-12-23 07:23:09,206 [grpc-default-executor-2] INFO  impl.RoleInfo (RoleInfo.java:shutdownFollowerState(110)) - 7f99fde5-c133-45d1-9e6f-6197bf32a4df: shutdown 7f99fde5-c133-45d1-9e6f-6197bf32a4df@group-2227897B3A92-FollowerState
2022-12-23 07:23:09,206 [grpc-default-executor-2] INFO  impl.RoleInfo (RoleInfo.java:updateAndGet(139)) - 7f99fde5-c133-45d1-9e6f-6197bf32a4df: start 7f99fde5-c133-45d1-9e6f-6197bf32a4df@group-2227897B3A92-FollowerState
2022-12-23 07:23:09,206 [7f99fde5-c133-45d1-9e6f-6197bf32a4df@group-2227897B3A92-FollowerState] INFO  impl.FollowerState (FollowerState.java:run(152)) - 7f99fde5-c133-45d1-9e6f-6197bf32a4df@group-2227897B3A92-FollowerState was interrupted
2022-12-23 07:23:09,207 [7f99fde5-c133-45d1-9e6f-6197bf32a4df@group-2227897B3A92-FollowerState] INFO  server.RaftServerConfigKeys (ConfUtils.java:logFallback(53)) - raft.server.rpc.first-election.timeout.min = 5s (fallback to raft.server.rpc.timeout.min)
2022-12-23 07:23:09,207 [7f99fde5-c133-45d1-9e6f-6197bf32a4df@group-2227897B3A92-FollowerState] INFO  server.RaftServerConfigKeys (ConfUtils.java:logFallback(53)) - raft.server.rpc.first-election.timeout.max = 5200ms (fallback to raft.server.rpc.timeout.max)
2022-12-23 07:23:09,208 [grpc-default-executor-2] INFO  server.RaftServer$Division (RaftServerImpl.java:requestVote(1251)) - 7f99fde5-c133-45d1-9e6f-6197bf32a4df@group-2227897B3A92 replies to ELECTION vote request: b016757e-a2f5-4449-b608-35b74ad87f3b<-7f99fde5-c133-45d1-9e6f-6197bf32a4df#0:OK-t2. Peer's state: 7f99fde5-c133-45d1-9e6f-6197bf32a4df@group-2227897B3A92:t2, leader=null, voted=b016757e-a2f5-4449-b608-35b74ad87f3b, raftlog=Memoized:7f99fde5-c133-45d1-9e6f-6197bf32a4df@group-2227897B3A92-SegmentedRaftLog:OPENED:c-1, conf=-1: peers:[7f99fde5-c133-45d1-9e6f-6197bf32a4df|rpc:10.1.0.40:33403|dataStream:10.1.0.40:45641|priority:0|startupRole:FOLLOWER, 5d03e669-1af7-4a90-bfe9-b79df2f5a8e4|rpc:10.1.0.40:44683|dataStream:10.1.0.40:33247|priority:1|startupRole:FOLLOWER, b016757e-a2f5-4449-b608-35b74ad87f3b|rpc:10.1.0.40:46143|dataStream:10.1.0.40:37677|priority:0|startupRole:FOLLOWER]|listeners:[], old=null
2022-12-23 07:23:09,209 [grpc-default-executor-2] INFO  server.RaftServer$Division (RaftServerImpl.java:requestVote(1218)) - 5d03e669-1af7-4a90-bfe9-b79df2f5a8e4@group-2227897B3A92: receive requestVote(ELECTION, b016757e-a2f5-4449-b608-35b74ad87f3b, group-2227897B3A92, 2, (t:0, i:0))
2022-12-23 07:23:09,209 [grpc-default-executor-2] INFO  impl.VoteContext (VoteContext.java:log(49)) - 5d03e669-1af7-4a90-bfe9-b79df2f5a8e4@group-2227897B3A92-FOLLOWER: reject ELECTION from b016757e-a2f5-4449-b608-35b74ad87f3b: our priority 1 > candidate's priority 0
2022-12-23 07:23:09,209 [grpc-default-executor-2] INFO  server.RaftServer$Division (RaftServerImpl.java:setRole(321)) - 5d03e669-1af7-4a90-bfe9-b79df2f5a8e4@group-2227897B3A92: changes role from  FOLLOWER to FOLLOWER at term 2 for candidate:b016757e-a2f5-4449-b608-35b74ad87f3b
2022-12-23 07:23:09,209 [grpc-default-executor-2] INFO  impl.RoleInfo (RoleInfo.java:shutdownFollowerState(110)) - 5d03e669-1af7-4a90-bfe9-b79df2f5a8e4: shutdown 5d03e669-1af7-4a90-bfe9-b79df2f5a8e4@group-2227897B3A92-FollowerState
2022-12-23 07:23:09,210 [grpc-default-executor-2] INFO  impl.RoleInfo (RoleInfo.java:updateAndGet(139)) - 5d03e669-1af7-4a90-bfe9-b79df2f5a8e4: start 5d03e669-1af7-4a90-bfe9-b79df2f5a8e4@group-2227897B3A92-FollowerState
2022-12-23 07:23:09,210 [5d03e669-1af7-4a90-bfe9-b79df2f5a8e4@group-2227897B3A92-FollowerState] INFO  impl.FollowerState (FollowerState.java:run(152)) - 5d03e669-1af7-4a90-bfe9-b79df2f5a8e4@group-2227897B3A92-FollowerState was interrupted
2022-12-23 07:23:09,210 [5d03e669-1af7-4a90-bfe9-b79df2f5a8e4@group-2227897B3A92-FollowerState] INFO  server.RaftServerConfigKeys (ConfUtils.java:logFallback(53)) - raft.server.rpc.first-election.timeout.min = 5s (fallback to raft.server.rpc.timeout.min)
2022-12-23 07:23:09,210 [5d03e669-1af7-4a90-bfe9-b79df2f5a8e4@group-2227897B3A92-FollowerState] INFO  server.RaftServerConfigKeys (ConfUtils.java:logFallback(53)) - raft.server.rpc.first-election.timeout.max = 5200ms (fallback to raft.server.rpc.timeout.max)
2022-12-23 07:23:09,211 [grpc-default-executor-2] INFO  server.RaftServer$Division (RaftServerImpl.java:requestVote(1251)) - 5d03e669-1af7-4a90-bfe9-b79df2f5a8e4@group-2227897B3A92 replies to ELECTION vote request: b016757e-a2f5-4449-b608-35b74ad87f3b<-5d03e669-1af7-4a90-bfe9-b79df2f5a8e4#0:FAIL-t2. Peer's state: 5d03e669-1af7-4a90-bfe9-b79df2f5a8e4@group-2227897B3A92:t2, leader=null, voted=null, raftlog=Memoized:5d03e669-1af7-4a90-bfe9-b79df2f5a8e4@group-2227897B3A92-SegmentedRaftLog:OPENED:c-1, conf=-1: peers:[7f99fde5-c133-45d1-9e6f-6197bf32a4df|rpc:10.1.0.40:33403|dataStream:10.1.0.40:45641|priority:0|startupRole:FOLLOWER, 5d03e669-1af7-4a90-bfe9-b79df2f5a8e4|rpc:10.1.0.40:44683|dataStream:10.1.0.40:33247|priority:1|startupRole:FOLLOWER, b016757e-a2f5-4449-b608-35b74ad87f3b|rpc:10.1.0.40:46143|dataStream:10.1.0.40:37677|priority:0|startupRole:FOLLOWER]|listeners:[], old=null
2022-12-23 07:23:09,212 [b016757e-a2f5-4449-b608-35b74ad87f3b@group-2227897B3A92-LeaderElection29] INFO  impl.LeaderElection (LeaderElection.java:logAndReturn(90)) - b016757e-a2f5-4449-b608-35b74ad87f3b@group-2227897B3A92-LeaderElection29: ELECTION REJECTED received 2 response(s) and 0 exception(s):
2022-12-23 07:23:09,213 [b016757e-a2f5-4449-b608-35b74ad87f3b@group-2227897B3A92-LeaderElection29] INFO  impl.LeaderElection (LeaderElection.java:logAndReturn(94)) -   Response 0: b016757e-a2f5-4449-b608-35b74ad87f3b<-7f99fde5-c133-45d1-9e6f-6197bf32a4df#0:OK-t2
2022-12-23 07:23:09,213 [b016757e-a2f5-4449-b608-35b74ad87f3b@group-2227897B3A92-LeaderElection29] INFO  impl.LeaderElection (LeaderElection.java:logAndReturn(94)) -   Response 1: b016757e-a2f5-4449-b608-35b74ad87f3b<-5d03e669-1af7-4a90-bfe9-b79df2f5a8e4#0:FAIL-t2
2022-12-23 07:23:09,213 [b016757e-a2f5-4449-b608-35b74ad87f3b@group-2227897B3A92-LeaderElection29] INFO  impl.LeaderElection (LeaderElection.java:askForVotes(314)) - b016757e-a2f5-4449-b608-35b74ad87f3b@group-2227897B3A92-LeaderElection29 ELECTION round 0: result REJECTED
2022-12-23 07:23:09,213 [b016757e-a2f5-4449-b608-35b74ad87f3b@group-2227897B3A92-LeaderElection29] INFO  server.RaftServer$Division (RaftServerImpl.java:setRole(321)) - b016757e-a2f5-4449-b608-35b74ad87f3b@group-2227897B3A92: changes role from CANDIDATE to FOLLOWER at term 2 for REJECTED
2022-12-23 07:23:09,213 [b016757e-a2f5-4449-b608-35b74ad87f3b@group-2227897B3A92-LeaderElection29] INFO  impl.RoleInfo (RoleInfo.java:shutdownLeaderElection(130)) - b016757e-a2f5-4449-b608-35b74ad87f3b: shutdown b016757e-a2f5-4449-b608-35b74ad87f3b@group-2227897B3A92-LeaderElection29
2022-12-23 07:23:09,213 [b016757e-a2f5-4449-b608-35b74ad87f3b@group-2227897B3A92-LeaderElection29] INFO  impl.RoleInfo (RoleInfo.java:updateAndGet(139)) - b016757e-a2f5-4449-b608-35b74ad87f3b: start b016757e-a2f5-4449-b608-35b74ad87f3b@group-2227897B3A92-FollowerState
2022-12-23 07:23:09,213 [b016757e-a2f5-4449-b608-35b74ad87f3b@group-2227897B3A92-FollowerState] INFO  server.RaftServerConfigKeys (ConfUtils.java:logFallback(53)) - raft.server.rpc.first-election.timeout.min = 5s (fallback to raft.server.rpc.timeout.min)
2022-12-23 07:23:09,213 [b016757e-a2f5-4449-b608-35b74ad87f3b@group-2227897B3A92-FollowerState] INFO  server.RaftServerConfigKeys (ConfUtils.java:logFallback(53)) - raft.server.rpc.first-election.timeout.max = 5200ms (fallback to raft.server.rpc.timeout.max)
2022-12-23 07:23:09,225 [5d03e669-1af7-4a90-bfe9-b79df2f5a8e4@group-F639DB4F7F68-FollowerState] INFO  impl.FollowerState (FollowerState.java:run(143)) - 5d03e669-1af7-4a90-bfe9-b79df2f5a8e4@group-F639DB4F7F68-FollowerState: change to CANDIDATE, lastRpcElapsedTime:5025327207ns, electionTimeout:5025ms
2022-12-23 07:23:09,225 [5d03e669-1af7-4a90-bfe9-b79df2f5a8e4@group-F639DB4F7F68-FollowerState] INFO  impl.RoleInfo (RoleInfo.java:shutdownFollowerState(110)) - 5d03e669-1af7-4a90-bfe9-b79df2f5a8e4: shutdown 5d03e669-1af7-4a90-bfe9-b79df2f5a8e4@group-F639DB4F7F68-FollowerState
2022-12-23 07:23:09,225 [5d03e669-1af7-4a90-bfe9-b79df2f5a8e4@group-F639DB4F7F68-FollowerState] INFO  server.RaftServer$Division (RaftServerImpl.java:setRole(321)) - 5d03e669-1af7-4a90-bfe9-b79df2f5a8e4@group-F639DB4F7F68: changes role from  FOLLOWER to CANDIDATE at term 1 for changeToCandidate
2022-12-23 07:23:09,225 [5d03e669-1af7-4a90-bfe9-b79df2f5a8e4@group-F639DB4F7F68-FollowerState] INFO  server.RaftServerConfigKeys (ConfUtils.java:logGet(46)) - raft.server.leaderelection.pre-vote = false (custom)
2022-12-23 07:23:09,225 [5d03e669-1af7-4a90-bfe9-b79df2f5a8e4@group-F639DB4F7F68-FollowerState] INFO  impl.RoleInfo (RoleInfo.java:updateAndGet(139)) - 5d03e669-1af7-4a90-bfe9-b79df2f5a8e4: start 5d03e669-1af7-4a90-bfe9-b79df2f5a8e4@group-F639DB4F7F68-LeaderElection30
2022-12-23 07:23:09,227 [5d03e669-1af7-4a90-bfe9-b79df2f5a8e4@group-F639DB4F7F68-LeaderElection30] INFO  impl.LeaderElection (LeaderElection.java:askForVotes(312)) - 5d03e669-1af7-4a90-bfe9-b79df2f5a8e4@group-F639DB4F7F68-LeaderElection30 ELECTION round 0: submit vote requests at term 2 for -1: peers:[7f99fde5-c133-45d1-9e6f-6197bf32a4df|rpc:10.1.0.40:33403|dataStream:10.1.0.40:45641|priority:0|startupRole:FOLLOWER, b016757e-a2f5-4449-b608-35b74ad87f3b|rpc:10.1.0.40:46143|dataStream:10.1.0.40:37677|priority:1|startupRole:FOLLOWER, 5d03e669-1af7-4a90-bfe9-b79df2f5a8e4|rpc:10.1.0.40:44683|dataStream:10.1.0.40:33247|priority:0|startupRole:FOLLOWER]|listeners:[], old=null
2022-12-23 07:23:09,227 [5d03e669-1af7-4a90-bfe9-b79df2f5a8e4@group-F639DB4F7F68-LeaderElection30] INFO  server.RaftServerConfigKeys (ConfUtils.java:logFallback(53)) - raft.server.rpc.first-election.timeout.min = 5s (fallback to raft.server.rpc.timeout.min)
2022-12-23 07:23:09,227 [5d03e669-1af7-4a90-bfe9-b79df2f5a8e4@group-F639DB4F7F68-LeaderElection30] INFO  server.RaftServerConfigKeys (ConfUtils.java:logFallback(53)) - raft.server.rpc.first-election.timeout.max = 5200ms (fallback to raft.server.rpc.timeout.max)
2022-12-23 07:23:09,229 [grpc-default-executor-2] INFO  server.RaftServer$Division (RaftServerImpl.java:requestVote(1218)) - 7f99fde5-c133-45d1-9e6f-6197bf32a4df@group-F639DB4F7F68: receive requestVote(ELECTION, 5d03e669-1af7-4a90-bfe9-b79df2f5a8e4, group-F639DB4F7F68, 2, (t:0, i:0))
2022-12-23 07:23:09,229 [grpc-default-executor-3] INFO  server.RaftServer$Division (RaftServerImpl.java:requestVote(1218)) - b016757e-a2f5-4449-b608-35b74ad87f3b@group-F639DB4F7F68: receive requestVote(ELECTION, 5d03e669-1af7-4a90-bfe9-b79df2f5a8e4, group-F639DB4F7F68, 2, (t:0, i:0))
2022-12-23 07:23:09,229 [grpc-default-executor-2] INFO  impl.VoteContext (VoteContext.java:log(49)) - 7f99fde5-c133-45d1-9e6f-6197bf32a4df@group-F639DB4F7F68-FOLLOWER: accept ELECTION from 5d03e669-1af7-4a90-bfe9-b79df2f5a8e4: our priority 0 <= candidate's priority 0
2022-12-23 07:23:09,229 [grpc-default-executor-2] INFO  server.RaftServer$Division (RaftServerImpl.java:setRole(321)) - 7f99fde5-c133-45d1-9e6f-6197bf32a4df@group-F639DB4F7F68: changes role from  FOLLOWER to FOLLOWER at term 2 for candidate:5d03e669-1af7-4a90-bfe9-b79df2f5a8e4
2022-12-23 07:23:09,230 [grpc-default-executor-3] INFO  impl.VoteContext (VoteContext.java:log(49)) - b016757e-a2f5-4449-b608-35b74ad87f3b@group-F639DB4F7F68-FOLLOWER: reject ELECTION from 5d03e669-1af7-4a90-bfe9-b79df2f5a8e4: our priority 1 > candidate's priority 0
2022-12-23 07:23:09,230 [grpc-default-executor-2] INFO  impl.RoleInfo (RoleInfo.java:shutdownFollowerState(110)) - 7f99fde5-c133-45d1-9e6f-6197bf32a4df: shutdown 7f99fde5-c133-45d1-9e6f-6197bf32a4df@group-F639DB4F7F68-FollowerState
2022-12-23 07:23:09,230 [grpc-default-executor-2] INFO  impl.RoleInfo (RoleInfo.java:updateAndGet(139)) - 7f99fde5-c133-45d1-9e6f-6197bf32a4df: start 7f99fde5-c133-45d1-9e6f-6197bf32a4df@group-F639DB4F7F68-FollowerState
2022-12-23 07:23:09,230 [grpc-default-executor-3] INFO  server.RaftServer$Division (RaftServerImpl.java:setRole(321)) - b016757e-a2f5-4449-b608-35b74ad87f3b@group-F639DB4F7F68: changes role from  FOLLOWER to FOLLOWER at term 2 for candidate:5d03e669-1af7-4a90-bfe9-b79df2f5a8e4
2022-12-23 07:23:09,230 [grpc-default-executor-3] INFO  impl.RoleInfo (RoleInfo.java:shutdownFollowerState(110)) - b016757e-a2f5-4449-b608-35b74ad87f3b: shutdown b016757e-a2f5-4449-b608-35b74ad87f3b@group-F639DB4F7F68-FollowerState
2022-12-23 07:23:09,230 [7f99fde5-c133-45d1-9e6f-6197bf32a4df@group-F639DB4F7F68-FollowerState] INFO  impl.FollowerState (FollowerState.java:run(152)) - 7f99fde5-c133-45d1-9e6f-6197bf32a4df@group-F639DB4F7F68-FollowerState was interrupted
2022-12-23 07:23:09,230 [grpc-default-executor-3] INFO  impl.RoleInfo (RoleInfo.java:updateAndGet(139)) - b016757e-a2f5-4449-b608-35b74ad87f3b: start b016757e-a2f5-4449-b608-35b74ad87f3b@group-F639DB4F7F68-FollowerState
2022-12-23 07:23:09,230 [b016757e-a2f5-4449-b608-35b74ad87f3b@group-F639DB4F7F68-FollowerState] INFO  impl.FollowerState (FollowerState.java:run(152)) - b016757e-a2f5-4449-b608-35b74ad87f3b@group-F639DB4F7F68-FollowerState was interrupted
2022-12-23 07:23:09,230 [7f99fde5-c133-45d1-9e6f-6197bf32a4df@group-F639DB4F7F68-FollowerState] INFO  server.RaftServerConfigKeys (ConfUtils.java:logFallback(53)) - raft.server.rpc.first-election.timeout.min = 5s (fallback to raft.server.rpc.timeout.min)
2022-12-23 07:23:09,231 [7f99fde5-c133-45d1-9e6f-6197bf32a4df@group-F639DB4F7F68-FollowerState] INFO  server.RaftServerConfigKeys (ConfUtils.java:logFallback(53)) - raft.server.rpc.first-election.timeout.max = 5200ms (fallback to raft.server.rpc.timeout.max)
2022-12-23 07:23:09,231 [b016757e-a2f5-4449-b608-35b74ad87f3b@group-F639DB4F7F68-FollowerState] INFO  server.RaftServerConfigKeys (ConfUtils.java:logFallback(53)) - raft.server.rpc.first-election.timeout.min = 5s (fallback to raft.server.rpc.timeout.min)
2022-12-23 07:23:09,231 [b016757e-a2f5-4449-b608-35b74ad87f3b@group-F639DB4F7F68-FollowerState] INFO  server.RaftServerConfigKeys (ConfUtils.java:logFallback(53)) - raft.server.rpc.first-election.timeout.max = 5200ms (fallback to raft.server.rpc.timeout.max)
2022-12-23 07:23:09,232 [grpc-default-executor-3] INFO  server.RaftServer$Division (RaftServerImpl.java:requestVote(1251)) - b016757e-a2f5-4449-b608-35b74ad87f3b@group-F639DB4F7F68 replies to ELECTION vote request: 5d03e669-1af7-4a90-bfe9-b79df2f5a8e4<-b016757e-a2f5-4449-b608-35b74ad87f3b#0:FAIL-t2. Peer's state: b016757e-a2f5-4449-b608-35b74ad87f3b@group-F639DB4F7F68:t2, leader=null, voted=null, raftlog=Memoized:b016757e-a2f5-4449-b608-35b74ad87f3b@group-F639DB4F7F68-SegmentedRaftLog:OPENED:c-1, conf=-1: peers:[7f99fde5-c133-45d1-9e6f-6197bf32a4df|rpc:10.1.0.40:33403|dataStream:10.1.0.40:45641|priority:0|startupRole:FOLLOWER, b016757e-a2f5-4449-b608-35b74ad87f3b|rpc:10.1.0.40:46143|dataStream:10.1.0.40:37677|priority:1|startupRole:FOLLOWER, 5d03e669-1af7-4a90-bfe9-b79df2f5a8e4|rpc:10.1.0.40:44683|dataStream:10.1.0.40:33247|priority:0|startupRole:FOLLOWER]|listeners:[], old=null
2022-12-23 07:23:09,233 [grpc-default-executor-2] INFO  server.RaftServer$Division (RaftServerImpl.java:requestVote(1251)) - 7f99fde5-c133-45d1-9e6f-6197bf32a4df@group-F639DB4F7F68 replies to ELECTION vote request: 5d03e669-1af7-4a90-bfe9-b79df2f5a8e4<-7f99fde5-c133-45d1-9e6f-6197bf32a4df#0:OK-t2. Peer's state: 7f99fde5-c133-45d1-9e6f-6197bf32a4df@group-F639DB4F7F68:t2, leader=null, voted=5d03e669-1af7-4a90-bfe9-b79df2f5a8e4, raftlog=Memoized:7f99fde5-c133-45d1-9e6f-6197bf32a4df@group-F639DB4F7F68-SegmentedRaftLog:OPENED:c-1, conf=-1: peers:[7f99fde5-c133-45d1-9e6f-6197bf32a4df|rpc:10.1.0.40:33403|dataStream:10.1.0.40:45641|priority:0|startupRole:FOLLOWER, b016757e-a2f5-4449-b608-35b74ad87f3b|rpc:10.1.0.40:46143|dataStream:10.1.0.40:37677|priority:1|startupRole:FOLLOWER, 5d03e669-1af7-4a90-bfe9-b79df2f5a8e4|rpc:10.1.0.40:44683|dataStream:10.1.0.40:33247|priority:0|startupRole:FOLLOWER]|listeners:[], old=null
2022-12-23 07:23:09,236 [5d03e669-1af7-4a90-bfe9-b79df2f5a8e4@group-F639DB4F7F68-LeaderElection30] INFO  impl.LeaderElection (LeaderElection.java:logAndReturn(90)) - 5d03e669-1af7-4a90-bfe9-b79df2f5a8e4@group-F639DB4F7F68-LeaderElection30: ELECTION REJECTED received 1 response(s) and 0 exception(s):
2022-12-23 07:23:09,237 [5d03e669-1af7-4a90-bfe9-b79df2f5a8e4@group-F639DB4F7F68-LeaderElection30] INFO  impl.LeaderElection (LeaderElection.java:logAndReturn(94)) -   Response 0: 5d03e669-1af7-4a90-bfe9-b79df2f5a8e4<-b016757e-a2f5-4449-b608-35b74ad87f3b#0:FAIL-t2
2022-12-23 07:23:09,237 [5d03e669-1af7-4a90-bfe9-b79df2f5a8e4@group-F639DB4F7F68-LeaderElection30] INFO  impl.LeaderElection (LeaderElection.java:askForVotes(314)) - 5d03e669-1af7-4a90-bfe9-b79df2f5a8e4@group-F639DB4F7F68-LeaderElection30 ELECTION round 0: result REJECTED
2022-12-23 07:23:09,237 [5d03e669-1af7-4a90-bfe9-b79df2f5a8e4@group-F639DB4F7F68-LeaderElection30] INFO  server.RaftServer$Division (RaftServerImpl.java:setRole(321)) - 5d03e669-1af7-4a90-bfe9-b79df2f5a8e4@group-F639DB4F7F68: changes role from CANDIDATE to FOLLOWER at term 2 for REJECTED
2022-12-23 07:23:09,237 [5d03e669-1af7-4a90-bfe9-b79df2f5a8e4@group-F639DB4F7F68-LeaderElection30] INFO  impl.RoleInfo (RoleInfo.java:shutdownLeaderElection(130)) - 5d03e669-1af7-4a90-bfe9-b79df2f5a8e4: shutdown 5d03e669-1af7-4a90-bfe9-b79df2f5a8e4@group-F639DB4F7F68-LeaderElection30
2022-12-23 07:23:09,237 [5d03e669-1af7-4a90-bfe9-b79df2f5a8e4@group-F639DB4F7F68-LeaderElection30] INFO  impl.RoleInfo (RoleInfo.java:updateAndGet(139)) - 5d03e669-1af7-4a90-bfe9-b79df2f5a8e4: start 5d03e669-1af7-4a90-bfe9-b79df2f5a8e4@group-F639DB4F7F68-FollowerState
2022-12-23 07:23:09,237 [5d03e669-1af7-4a90-bfe9-b79df2f5a8e4@group-F639DB4F7F68-FollowerState] INFO  server.RaftServerConfigKeys (ConfUtils.java:logFallback(53)) - raft.server.rpc.first-election.timeout.min = 5s (fallback to raft.server.rpc.timeout.min)
2022-12-23 07:23:09,237 [5d03e669-1af7-4a90-bfe9-b79df2f5a8e4@group-F639DB4F7F68-FollowerState] INFO  server.RaftServerConfigKeys (ConfUtils.java:logFallback(53)) - raft.server.rpc.first-election.timeout.max = 5200ms (fallback to raft.server.rpc.timeout.max)
2022-12-23 07:23:09,471 [EventQueue-CommandQueueReportForCommandQueueReportHandler] WARN  events.EventQueue (EventQueue.java:fireEvent(216)) - No event handler registered for event TypedEvent{payloadType=DatanodeDetails, name='Datanode_Command_Queue_Updated'}
2022-12-23 07:23:09,645 [Listener at 127.0.0.1/42981] INFO  ozone.MiniOzoneClusterImpl (MiniOzoneClusterImpl.java:lambda$waitForClusterToBeReady$0(217)) - Nodes are ready. Got 3 of 3 DN Heartbeats.
2022-12-23 07:23:09,646 [Listener at 127.0.0.1/42981] INFO  ozone.MiniOzoneClusterImpl (MiniOzoneClusterImpl.java:lambda$waitForClusterToBeReady$0(220)) - Waiting for cluster to exit safe mode
2022-12-23 07:23:09,646 [Listener at 127.0.0.1/42981] INFO  ozone.MiniOzoneClusterImpl (MiniOzoneClusterImpl.java:lambda$waitForClusterToBeReady$0(222)) - SCM became leader
2022-12-23 07:23:09,789 [EventQueue-CommandQueueReportForCommandQueueReportHandler] WARN  events.EventQueue (EventQueue.java:fireEvent(216)) - No event handler registered for event TypedEvent{payloadType=DatanodeDetails, name='Datanode_Command_Queue_Updated'}
2022-12-23 07:23:10,029 [EventQueue-CommandQueueReportForCommandQueueReportHandler] WARN  events.EventQueue (EventQueue.java:fireEvent(216)) - No event handler registered for event TypedEvent{payloadType=DatanodeDetails, name='Datanode_Command_Queue_Updated'}
2022-12-23 07:23:10,471 [EventQueue-CommandQueueReportForCommandQueueReportHandler] WARN  events.EventQueue (EventQueue.java:fireEvent(216)) - No event handler registered for event TypedEvent{payloadType=DatanodeDetails, name='Datanode_Command_Queue_Updated'}
2022-12-23 07:23:10,646 [Listener at 127.0.0.1/42981] INFO  ozone.MiniOzoneClusterImpl (MiniOzoneClusterImpl.java:lambda$waitForClusterToBeReady$0(217)) - Nodes are ready. Got 3 of 3 DN Heartbeats.
2022-12-23 07:23:10,646 [Listener at 127.0.0.1/42981] INFO  ozone.MiniOzoneClusterImpl (MiniOzoneClusterImpl.java:lambda$waitForClusterToBeReady$0(220)) - Waiting for cluster to exit safe mode
2022-12-23 07:23:10,646 [Listener at 127.0.0.1/42981] INFO  ozone.MiniOzoneClusterImpl (MiniOzoneClusterImpl.java:lambda$waitForClusterToBeReady$0(222)) - SCM became leader
2022-12-23 07:23:10,789 [EventQueue-CommandQueueReportForCommandQueueReportHandler] WARN  events.EventQueue (EventQueue.java:fireEvent(216)) - No event handler registered for event TypedEvent{payloadType=DatanodeDetails, name='Datanode_Command_Queue_Updated'}
2022-12-23 07:23:11,029 [EventQueue-CommandQueueReportForCommandQueueReportHandler] WARN  events.EventQueue (EventQueue.java:fireEvent(216)) - No event handler registered for event TypedEvent{payloadType=DatanodeDetails, name='Datanode_Command_Queue_Updated'}
2022-12-23 07:23:11,473 [EventQueue-CommandQueueReportForCommandQueueReportHandler] WARN  events.EventQueue (EventQueue.java:fireEvent(216)) - No event handler registered for event TypedEvent{payloadType=DatanodeDetails, name='Datanode_Command_Queue_Updated'}
2022-12-23 07:23:11,647 [Listener at 127.0.0.1/42981] INFO  ozone.MiniOzoneClusterImpl (MiniOzoneClusterImpl.java:lambda$waitForClusterToBeReady$0(217)) - Nodes are ready. Got 3 of 3 DN Heartbeats.
2022-12-23 07:23:11,647 [Listener at 127.0.0.1/42981] INFO  ozone.MiniOzoneClusterImpl (MiniOzoneClusterImpl.java:lambda$waitForClusterToBeReady$0(220)) - Waiting for cluster to exit safe mode
2022-12-23 07:23:11,647 [Listener at 127.0.0.1/42981] INFO  ozone.MiniOzoneClusterImpl (MiniOzoneClusterImpl.java:lambda$waitForClusterToBeReady$0(222)) - SCM became leader
2022-12-23 07:23:11,789 [EventQueue-CommandQueueReportForCommandQueueReportHandler] WARN  events.EventQueue (EventQueue.java:fireEvent(216)) - No event handler registered for event TypedEvent{payloadType=DatanodeDetails, name='Datanode_Command_Queue_Updated'}
2022-12-23 07:23:12,028 [EventQueue-CommandQueueReportForCommandQueueReportHandler] WARN  events.EventQueue (EventQueue.java:fireEvent(216)) - No event handler registered for event TypedEvent{payloadType=DatanodeDetails, name='Datanode_Command_Queue_Updated'}
2022-12-23 07:23:12,472 [EventQueue-CommandQueueReportForCommandQueueReportHandler] WARN  events.EventQueue (EventQueue.java:fireEvent(216)) - No event handler registered for event TypedEvent{payloadType=DatanodeDetails, name='Datanode_Command_Queue_Updated'}
2022-12-23 07:23:12,647 [Listener at 127.0.0.1/42981] INFO  ozone.MiniOzoneClusterImpl (MiniOzoneClusterImpl.java:lambda$waitForClusterToBeReady$0(217)) - Nodes are ready. Got 3 of 3 DN Heartbeats.
2022-12-23 07:23:12,648 [Listener at 127.0.0.1/42981] INFO  ozone.MiniOzoneClusterImpl (MiniOzoneClusterImpl.java:lambda$waitForClusterToBeReady$0(220)) - Waiting for cluster to exit safe mode
2022-12-23 07:23:12,648 [Listener at 127.0.0.1/42981] INFO  ozone.MiniOzoneClusterImpl (MiniOzoneClusterImpl.java:lambda$waitForClusterToBeReady$0(222)) - SCM became leader
2022-12-23 07:23:12,789 [EventQueue-CommandQueueReportForCommandQueueReportHandler] WARN  events.EventQueue (EventQueue.java:fireEvent(216)) - No event handler registered for event TypedEvent{payloadType=DatanodeDetails, name='Datanode_Command_Queue_Updated'}
2022-12-23 07:23:13,030 [EventQueue-CommandQueueReportForCommandQueueReportHandler] WARN  events.EventQueue (EventQueue.java:fireEvent(216)) - No event handler registered for event TypedEvent{payloadType=DatanodeDetails, name='Datanode_Command_Queue_Updated'}
2022-12-23 07:23:13,472 [EventQueue-CommandQueueReportForCommandQueueReportHandler] WARN  events.EventQueue (EventQueue.java:fireEvent(216)) - No event handler registered for event TypedEvent{payloadType=DatanodeDetails, name='Datanode_Command_Queue_Updated'}
2022-12-23 07:23:13,648 [Listener at 127.0.0.1/42981] INFO  ozone.MiniOzoneClusterImpl (MiniOzoneClusterImpl.java:lambda$waitForClusterToBeReady$0(217)) - Nodes are ready. Got 3 of 3 DN Heartbeats.
2022-12-23 07:23:13,648 [Listener at 127.0.0.1/42981] INFO  ozone.MiniOzoneClusterImpl (MiniOzoneClusterImpl.java:lambda$waitForClusterToBeReady$0(220)) - Waiting for cluster to exit safe mode
2022-12-23 07:23:13,648 [Listener at 127.0.0.1/42981] INFO  ozone.MiniOzoneClusterImpl (MiniOzoneClusterImpl.java:lambda$waitForClusterToBeReady$0(222)) - SCM became leader
2022-12-23 07:23:13,789 [EventQueue-CommandQueueReportForCommandQueueReportHandler] WARN  events.EventQueue (EventQueue.java:fireEvent(216)) - No event handler registered for event TypedEvent{payloadType=DatanodeDetails, name='Datanode_Command_Queue_Updated'}
2022-12-23 07:23:14,029 [EventQueue-CommandQueueReportForCommandQueueReportHandler] WARN  events.EventQueue (EventQueue.java:fireEvent(216)) - No event handler registered for event TypedEvent{payloadType=DatanodeDetails, name='Datanode_Command_Queue_Updated'}
2022-12-23 07:23:14,224 [b016757e-a2f5-4449-b608-35b74ad87f3b@group-2227897B3A92-FollowerState] INFO  impl.FollowerState (FollowerState.java:run(143)) - b016757e-a2f5-4449-b608-35b74ad87f3b@group-2227897B3A92-FollowerState: change to CANDIDATE, lastRpcElapsedTime:5011509074ns, electionTimeout:5011ms
2022-12-23 07:23:14,225 [b016757e-a2f5-4449-b608-35b74ad87f3b@group-2227897B3A92-FollowerState] INFO  impl.RoleInfo (RoleInfo.java:shutdownFollowerState(110)) - b016757e-a2f5-4449-b608-35b74ad87f3b: shutdown b016757e-a2f5-4449-b608-35b74ad87f3b@group-2227897B3A92-FollowerState
2022-12-23 07:23:14,225 [b016757e-a2f5-4449-b608-35b74ad87f3b@group-2227897B3A92-FollowerState] INFO  server.RaftServer$Division (RaftServerImpl.java:setRole(321)) - b016757e-a2f5-4449-b608-35b74ad87f3b@group-2227897B3A92: changes role from  FOLLOWER to CANDIDATE at term 2 for changeToCandidate
2022-12-23 07:23:14,225 [b016757e-a2f5-4449-b608-35b74ad87f3b@group-2227897B3A92-FollowerState] INFO  server.RaftServerConfigKeys (ConfUtils.java:logGet(46)) - raft.server.leaderelection.pre-vote = false (custom)
2022-12-23 07:23:14,225 [b016757e-a2f5-4449-b608-35b74ad87f3b@group-2227897B3A92-FollowerState] INFO  impl.RoleInfo (RoleInfo.java:updateAndGet(139)) - b016757e-a2f5-4449-b608-35b74ad87f3b: start b016757e-a2f5-4449-b608-35b74ad87f3b@group-2227897B3A92-LeaderElection31
2022-12-23 07:23:14,227 [b016757e-a2f5-4449-b608-35b74ad87f3b@group-2227897B3A92-LeaderElection31] INFO  impl.LeaderElection (LeaderElection.java:askForVotes(312)) - b016757e-a2f5-4449-b608-35b74ad87f3b@group-2227897B3A92-LeaderElection31 ELECTION round 0: submit vote requests at term 3 for -1: peers:[7f99fde5-c133-45d1-9e6f-6197bf32a4df|rpc:10.1.0.40:33403|dataStream:10.1.0.40:45641|priority:0|startupRole:FOLLOWER, 5d03e669-1af7-4a90-bfe9-b79df2f5a8e4|rpc:10.1.0.40:44683|dataStream:10.1.0.40:33247|priority:1|startupRole:FOLLOWER, b016757e-a2f5-4449-b608-35b74ad87f3b|rpc:10.1.0.40:46143|dataStream:10.1.0.40:37677|priority:0|startupRole:FOLLOWER]|listeners:[], old=null
2022-12-23 07:23:14,228 [b016757e-a2f5-4449-b608-35b74ad87f3b@group-2227897B3A92-LeaderElection31] INFO  server.RaftServerConfigKeys (ConfUtils.java:logFallback(53)) - raft.server.rpc.first-election.timeout.min = 5s (fallback to raft.server.rpc.timeout.min)
2022-12-23 07:23:14,228 [b016757e-a2f5-4449-b608-35b74ad87f3b@group-2227897B3A92-LeaderElection31] INFO  server.RaftServerConfigKeys (ConfUtils.java:logFallback(53)) - raft.server.rpc.first-election.timeout.max = 5200ms (fallback to raft.server.rpc.timeout.max)
2022-12-23 07:23:14,233 [grpc-default-executor-3] INFO  server.RaftServer$Division (RaftServerImpl.java:requestVote(1218)) - 7f99fde5-c133-45d1-9e6f-6197bf32a4df@group-2227897B3A92: receive requestVote(ELECTION, b016757e-a2f5-4449-b608-35b74ad87f3b, group-2227897B3A92, 3, (t:0, i:0))
2022-12-23 07:23:14,233 [grpc-default-executor-2] INFO  server.RaftServer$Division (RaftServerImpl.java:requestVote(1218)) - 5d03e669-1af7-4a90-bfe9-b79df2f5a8e4@group-2227897B3A92: receive requestVote(ELECTION, b016757e-a2f5-4449-b608-35b74ad87f3b, group-2227897B3A92, 3, (t:0, i:0))
2022-12-23 07:23:14,233 [grpc-default-executor-3] INFO  impl.VoteContext (VoteContext.java:log(49)) - 7f99fde5-c133-45d1-9e6f-6197bf32a4df@group-2227897B3A92-FOLLOWER: accept ELECTION from b016757e-a2f5-4449-b608-35b74ad87f3b: our priority 0 <= candidate's priority 0
2022-12-23 07:23:14,233 [grpc-default-executor-2] INFO  impl.VoteContext (VoteContext.java:log(49)) - 5d03e669-1af7-4a90-bfe9-b79df2f5a8e4@group-2227897B3A92-FOLLOWER: reject ELECTION from b016757e-a2f5-4449-b608-35b74ad87f3b: our priority 1 > candidate's priority 0
2022-12-23 07:23:14,233 [grpc-default-executor-2] INFO  server.RaftServer$Division (RaftServerImpl.java:setRole(321)) - 5d03e669-1af7-4a90-bfe9-b79df2f5a8e4@group-2227897B3A92: changes role from  FOLLOWER to FOLLOWER at term 3 for candidate:b016757e-a2f5-4449-b608-35b74ad87f3b
2022-12-23 07:23:14,233 [grpc-default-executor-2] INFO  impl.RoleInfo (RoleInfo.java:shutdownFollowerState(110)) - 5d03e669-1af7-4a90-bfe9-b79df2f5a8e4: shutdown 5d03e669-1af7-4a90-bfe9-b79df2f5a8e4@group-2227897B3A92-FollowerState
2022-12-23 07:23:14,233 [grpc-default-executor-2] INFO  impl.RoleInfo (RoleInfo.java:updateAndGet(139)) - 5d03e669-1af7-4a90-bfe9-b79df2f5a8e4: start 5d03e669-1af7-4a90-bfe9-b79df2f5a8e4@group-2227897B3A92-FollowerState
2022-12-23 07:23:14,233 [grpc-default-executor-3] INFO  server.RaftServer$Division (RaftServerImpl.java:setRole(321)) - 7f99fde5-c133-45d1-9e6f-6197bf32a4df@group-2227897B3A92: changes role from  FOLLOWER to FOLLOWER at term 3 for candidate:b016757e-a2f5-4449-b608-35b74ad87f3b
2022-12-23 07:23:14,233 [grpc-default-executor-3] INFO  impl.RoleInfo (RoleInfo.java:shutdownFollowerState(110)) - 7f99fde5-c133-45d1-9e6f-6197bf32a4df: shutdown 7f99fde5-c133-45d1-9e6f-6197bf32a4df@group-2227897B3A92-FollowerState
2022-12-23 07:23:14,233 [5d03e669-1af7-4a90-bfe9-b79df2f5a8e4@group-2227897B3A92-FollowerState] INFO  impl.FollowerState (FollowerState.java:run(152)) - 5d03e669-1af7-4a90-bfe9-b79df2f5a8e4@group-2227897B3A92-FollowerState was interrupted
2022-12-23 07:23:14,234 [grpc-default-executor-3] INFO  impl.RoleInfo (RoleInfo.java:updateAndGet(139)) - 7f99fde5-c133-45d1-9e6f-6197bf32a4df: start 7f99fde5-c133-45d1-9e6f-6197bf32a4df@group-2227897B3A92-FollowerState
2022-12-23 07:23:14,234 [7f99fde5-c133-45d1-9e6f-6197bf32a4df@group-2227897B3A92-FollowerState] INFO  impl.FollowerState (FollowerState.java:run(152)) - 7f99fde5-c133-45d1-9e6f-6197bf32a4df@group-2227897B3A92-FollowerState was interrupted
2022-12-23 07:23:14,239 [grpc-default-executor-2] INFO  server.RaftServer$Division (RaftServerImpl.java:requestVote(1251)) - 5d03e669-1af7-4a90-bfe9-b79df2f5a8e4@group-2227897B3A92 replies to ELECTION vote request: b016757e-a2f5-4449-b608-35b74ad87f3b<-5d03e669-1af7-4a90-bfe9-b79df2f5a8e4#0:FAIL-t3. Peer's state: 5d03e669-1af7-4a90-bfe9-b79df2f5a8e4@group-2227897B3A92:t3, leader=null, voted=null, raftlog=Memoized:5d03e669-1af7-4a90-bfe9-b79df2f5a8e4@group-2227897B3A92-SegmentedRaftLog:OPENED:c-1, conf=-1: peers:[7f99fde5-c133-45d1-9e6f-6197bf32a4df|rpc:10.1.0.40:33403|dataStream:10.1.0.40:45641|priority:0|startupRole:FOLLOWER, 5d03e669-1af7-4a90-bfe9-b79df2f5a8e4|rpc:10.1.0.40:44683|dataStream:10.1.0.40:33247|priority:1|startupRole:FOLLOWER, b016757e-a2f5-4449-b608-35b74ad87f3b|rpc:10.1.0.40:46143|dataStream:10.1.0.40:37677|priority:0|startupRole:FOLLOWER]|listeners:[], old=null
2022-12-23 07:23:14,240 [7f99fde5-c133-45d1-9e6f-6197bf32a4df@group-2227897B3A92-FollowerState] INFO  server.RaftServerConfigKeys (ConfUtils.java:logFallback(53)) - raft.server.rpc.first-election.timeout.min = 5s (fallback to raft.server.rpc.timeout.min)
2022-12-23 07:23:14,240 [grpc-default-executor-3] INFO  server.RaftServer$Division (RaftServerImpl.java:requestVote(1251)) - 7f99fde5-c133-45d1-9e6f-6197bf32a4df@group-2227897B3A92 replies to ELECTION vote request: b016757e-a2f5-4449-b608-35b74ad87f3b<-7f99fde5-c133-45d1-9e6f-6197bf32a4df#0:OK-t3. Peer's state: 7f99fde5-c133-45d1-9e6f-6197bf32a4df@group-2227897B3A92:t3, leader=null, voted=b016757e-a2f5-4449-b608-35b74ad87f3b, raftlog=Memoized:7f99fde5-c133-45d1-9e6f-6197bf32a4df@group-2227897B3A92-SegmentedRaftLog:OPENED:c-1, conf=-1: peers:[7f99fde5-c133-45d1-9e6f-6197bf32a4df|rpc:10.1.0.40:33403|dataStream:10.1.0.40:45641|priority:0|startupRole:FOLLOWER, 5d03e669-1af7-4a90-bfe9-b79df2f5a8e4|rpc:10.1.0.40:44683|dataStream:10.1.0.40:33247|priority:1|startupRole:FOLLOWER, b016757e-a2f5-4449-b608-35b74ad87f3b|rpc:10.1.0.40:46143|dataStream:10.1.0.40:37677|priority:0|startupRole:FOLLOWER]|listeners:[], old=null
2022-12-23 07:23:14,240 [5d03e669-1af7-4a90-bfe9-b79df2f5a8e4@group-2227897B3A92-FollowerState] INFO  server.RaftServerConfigKeys (ConfUtils.java:logFallback(53)) - raft.server.rpc.first-election.timeout.min = 5s (fallback to raft.server.rpc.timeout.min)
2022-12-23 07:23:14,240 [b016757e-a2f5-4449-b608-35b74ad87f3b@group-2227897B3A92-LeaderElection31] INFO  impl.LeaderElection (LeaderElection.java:logAndReturn(90)) - b016757e-a2f5-4449-b608-35b74ad87f3b@group-2227897B3A92-LeaderElection31: ELECTION REJECTED received 1 response(s) and 0 exception(s):
2022-12-23 07:23:14,241 [b016757e-a2f5-4449-b608-35b74ad87f3b@group-2227897B3A92-LeaderElection31] INFO  impl.LeaderElection (LeaderElection.java:logAndReturn(94)) -   Response 0: b016757e-a2f5-4449-b608-35b74ad87f3b<-5d03e669-1af7-4a90-bfe9-b79df2f5a8e4#0:FAIL-t3
2022-12-23 07:23:14,241 [b016757e-a2f5-4449-b608-35b74ad87f3b@group-2227897B3A92-LeaderElection31] INFO  impl.LeaderElection (LeaderElection.java:askForVotes(314)) - b016757e-a2f5-4449-b608-35b74ad87f3b@group-2227897B3A92-LeaderElection31 ELECTION round 0: result REJECTED
2022-12-23 07:23:14,241 [b016757e-a2f5-4449-b608-35b74ad87f3b@group-2227897B3A92-LeaderElection31] INFO  server.RaftServer$Division (RaftServerImpl.java:setRole(321)) - b016757e-a2f5-4449-b608-35b74ad87f3b@group-2227897B3A92: changes role from CANDIDATE to FOLLOWER at term 3 for REJECTED
2022-12-23 07:23:14,241 [b016757e-a2f5-4449-b608-35b74ad87f3b@group-2227897B3A92-LeaderElection31] INFO  impl.RoleInfo (RoleInfo.java:shutdownLeaderElection(130)) - b016757e-a2f5-4449-b608-35b74ad87f3b: shutdown b016757e-a2f5-4449-b608-35b74ad87f3b@group-2227897B3A92-LeaderElection31
2022-12-23 07:23:14,241 [b016757e-a2f5-4449-b608-35b74ad87f3b@group-2227897B3A92-LeaderElection31] INFO  impl.RoleInfo (RoleInfo.java:updateAndGet(139)) - b016757e-a2f5-4449-b608-35b74ad87f3b: start b016757e-a2f5-4449-b608-35b74ad87f3b@group-2227897B3A92-FollowerState
2022-12-23 07:23:14,240 [7f99fde5-c133-45d1-9e6f-6197bf32a4df@group-2227897B3A92-FollowerState] INFO  server.RaftServerConfigKeys (ConfUtils.java:logFallback(53)) - raft.server.rpc.first-election.timeout.max = 5200ms (fallback to raft.server.rpc.timeout.max)
2022-12-23 07:23:14,242 [5d03e669-1af7-4a90-bfe9-b79df2f5a8e4@group-2227897B3A92-FollowerState] INFO  server.RaftServerConfigKeys (ConfUtils.java:logFallback(53)) - raft.server.rpc.first-election.timeout.max = 5200ms (fallback to raft.server.rpc.timeout.max)
2022-12-23 07:23:14,242 [b016757e-a2f5-4449-b608-35b74ad87f3b@group-2227897B3A92-FollowerState] INFO  server.RaftServerConfigKeys (ConfUtils.java:logFallback(53)) - raft.server.rpc.first-election.timeout.min = 5s (fallback to raft.server.rpc.timeout.min)
2022-12-23 07:23:14,242 [b016757e-a2f5-4449-b608-35b74ad87f3b@group-2227897B3A92-FollowerState] INFO  server.RaftServerConfigKeys (ConfUtils.java:logFallback(53)) - raft.server.rpc.first-election.timeout.max = 5200ms (fallback to raft.server.rpc.timeout.max)
2022-12-23 07:23:14,251 [b016757e-a2f5-4449-b608-35b74ad87f3b@group-F639DB4F7F68-FollowerState] INFO  impl.FollowerState (FollowerState.java:run(143)) - b016757e-a2f5-4449-b608-35b74ad87f3b@group-F639DB4F7F68-FollowerState: change to CANDIDATE, lastRpcElapsedTime:5021237160ns, electionTimeout:5020ms
2022-12-23 07:23:14,252 [b016757e-a2f5-4449-b608-35b74ad87f3b@group-F639DB4F7F68-FollowerState] INFO  impl.RoleInfo (RoleInfo.java:shutdownFollowerState(110)) - b016757e-a2f5-4449-b608-35b74ad87f3b: shutdown b016757e-a2f5-4449-b608-35b74ad87f3b@group-F639DB4F7F68-FollowerState
2022-12-23 07:23:14,252 [b016757e-a2f5-4449-b608-35b74ad87f3b@group-F639DB4F7F68-FollowerState] INFO  server.RaftServer$Division (RaftServerImpl.java:setRole(321)) - b016757e-a2f5-4449-b608-35b74ad87f3b@group-F639DB4F7F68: changes role from  FOLLOWER to CANDIDATE at term 2 for changeToCandidate
2022-12-23 07:23:14,252 [b016757e-a2f5-4449-b608-35b74ad87f3b@group-F639DB4F7F68-FollowerState] INFO  server.RaftServerConfigKeys (ConfUtils.java:logGet(46)) - raft.server.leaderelection.pre-vote = false (custom)
2022-12-23 07:23:14,252 [b016757e-a2f5-4449-b608-35b74ad87f3b@group-F639DB4F7F68-FollowerState] INFO  impl.RoleInfo (RoleInfo.java:updateAndGet(139)) - b016757e-a2f5-4449-b608-35b74ad87f3b: start b016757e-a2f5-4449-b608-35b74ad87f3b@group-F639DB4F7F68-LeaderElection32
2022-12-23 07:23:14,254 [b016757e-a2f5-4449-b608-35b74ad87f3b@group-F639DB4F7F68-LeaderElection32] INFO  impl.LeaderElection (LeaderElection.java:askForVotes(312)) - b016757e-a2f5-4449-b608-35b74ad87f3b@group-F639DB4F7F68-LeaderElection32 ELECTION round 0: submit vote requests at term 3 for -1: peers:[7f99fde5-c133-45d1-9e6f-6197bf32a4df|rpc:10.1.0.40:33403|dataStream:10.1.0.40:45641|priority:0|startupRole:FOLLOWER, b016757e-a2f5-4449-b608-35b74ad87f3b|rpc:10.1.0.40:46143|dataStream:10.1.0.40:37677|priority:1|startupRole:FOLLOWER, 5d03e669-1af7-4a90-bfe9-b79df2f5a8e4|rpc:10.1.0.40:44683|dataStream:10.1.0.40:33247|priority:0|startupRole:FOLLOWER]|listeners:[], old=null
2022-12-23 07:23:14,254 [b016757e-a2f5-4449-b608-35b74ad87f3b@group-F639DB4F7F68-LeaderElection32] INFO  server.RaftServerConfigKeys (ConfUtils.java:logFallback(53)) - raft.server.rpc.first-election.timeout.min = 5s (fallback to raft.server.rpc.timeout.min)
2022-12-23 07:23:14,254 [b016757e-a2f5-4449-b608-35b74ad87f3b@group-F639DB4F7F68-LeaderElection32] INFO  server.RaftServerConfigKeys (ConfUtils.java:logFallback(53)) - raft.server.rpc.first-election.timeout.max = 5200ms (fallback to raft.server.rpc.timeout.max)
2022-12-23 07:23:14,258 [grpc-default-executor-3] INFO  server.RaftServer$Division (RaftServerImpl.java:requestVote(1218)) - 7f99fde5-c133-45d1-9e6f-6197bf32a4df@group-F639DB4F7F68: receive requestVote(ELECTION, b016757e-a2f5-4449-b608-35b74ad87f3b, group-F639DB4F7F68, 3, (t:0, i:0))
2022-12-23 07:23:14,258 [grpc-default-executor-3] INFO  impl.VoteContext (VoteContext.java:log(49)) - 7f99fde5-c133-45d1-9e6f-6197bf32a4df@group-F639DB4F7F68-FOLLOWER: accept ELECTION from b016757e-a2f5-4449-b608-35b74ad87f3b: our priority 0 <= candidate's priority 1
2022-12-23 07:23:14,258 [grpc-default-executor-3] INFO  server.RaftServer$Division (RaftServerImpl.java:setRole(321)) - 7f99fde5-c133-45d1-9e6f-6197bf32a4df@group-F639DB4F7F68: changes role from  FOLLOWER to FOLLOWER at term 3 for candidate:b016757e-a2f5-4449-b608-35b74ad87f3b
2022-12-23 07:23:14,258 [grpc-default-executor-3] INFO  impl.RoleInfo (RoleInfo.java:shutdownFollowerState(110)) - 7f99fde5-c133-45d1-9e6f-6197bf32a4df: shutdown 7f99fde5-c133-45d1-9e6f-6197bf32a4df@group-F639DB4F7F68-FollowerState
2022-12-23 07:23:14,258 [grpc-default-executor-3] INFO  impl.RoleInfo (RoleInfo.java:updateAndGet(139)) - 7f99fde5-c133-45d1-9e6f-6197bf32a4df: start 7f99fde5-c133-45d1-9e6f-6197bf32a4df@group-F639DB4F7F68-FollowerState
2022-12-23 07:23:14,258 [7f99fde5-c133-45d1-9e6f-6197bf32a4df@group-F639DB4F7F68-FollowerState] INFO  impl.FollowerState (FollowerState.java:run(152)) - 7f99fde5-c133-45d1-9e6f-6197bf32a4df@group-F639DB4F7F68-FollowerState was interrupted
2022-12-23 07:23:14,259 [grpc-default-executor-2] INFO  server.RaftServer$Division (RaftServerImpl.java:requestVote(1218)) - 5d03e669-1af7-4a90-bfe9-b79df2f5a8e4@group-F639DB4F7F68: receive requestVote(ELECTION, b016757e-a2f5-4449-b608-35b74ad87f3b, group-F639DB4F7F68, 3, (t:0, i:0))
2022-12-23 07:23:14,259 [grpc-default-executor-2] INFO  impl.VoteContext (VoteContext.java:log(49)) - 5d03e669-1af7-4a90-bfe9-b79df2f5a8e4@group-F639DB4F7F68-FOLLOWER: accept ELECTION from b016757e-a2f5-4449-b608-35b74ad87f3b: our priority 0 <= candidate's priority 1
2022-12-23 07:23:14,259 [grpc-default-executor-2] INFO  server.RaftServer$Division (RaftServerImpl.java:setRole(321)) - 5d03e669-1af7-4a90-bfe9-b79df2f5a8e4@group-F639DB4F7F68: changes role from  FOLLOWER to FOLLOWER at term 3 for candidate:b016757e-a2f5-4449-b608-35b74ad87f3b
2022-12-23 07:23:14,260 [grpc-default-executor-2] INFO  impl.RoleInfo (RoleInfo.java:shutdownFollowerState(110)) - 5d03e669-1af7-4a90-bfe9-b79df2f5a8e4: shutdown 5d03e669-1af7-4a90-bfe9-b79df2f5a8e4@group-F639DB4F7F68-FollowerState
2022-12-23 07:23:14,264 [7f99fde5-c133-45d1-9e6f-6197bf32a4df@group-F639DB4F7F68-FollowerState] INFO  server.RaftServerConfigKeys (ConfUtils.java:logFallback(53)) - raft.server.rpc.first-election.timeout.min = 5s (fallback to raft.server.rpc.timeout.min)
2022-12-23 07:23:14,265 [grpc-default-executor-2] INFO  impl.RoleInfo (RoleInfo.java:updateAndGet(139)) - 5d03e669-1af7-4a90-bfe9-b79df2f5a8e4: start 5d03e669-1af7-4a90-bfe9-b79df2f5a8e4@group-F639DB4F7F68-FollowerState
2022-12-23 07:23:14,265 [5d03e669-1af7-4a90-bfe9-b79df2f5a8e4@group-F639DB4F7F68-FollowerState] INFO  impl.FollowerState (FollowerState.java:run(152)) - 5d03e669-1af7-4a90-bfe9-b79df2f5a8e4@group-F639DB4F7F68-FollowerState was interrupted
2022-12-23 07:23:14,266 [grpc-default-executor-3] INFO  server.RaftServer$Division (RaftServerImpl.java:requestVote(1251)) - 7f99fde5-c133-45d1-9e6f-6197bf32a4df@group-F639DB4F7F68 replies to ELECTION vote request: b016757e-a2f5-4449-b608-35b74ad87f3b<-7f99fde5-c133-45d1-9e6f-6197bf32a4df#0:OK-t3. Peer's state: 7f99fde5-c133-45d1-9e6f-6197bf32a4df@group-F639DB4F7F68:t3, leader=null, voted=b016757e-a2f5-4449-b608-35b74ad87f3b, raftlog=Memoized:7f99fde5-c133-45d1-9e6f-6197bf32a4df@group-F639DB4F7F68-SegmentedRaftLog:OPENED:c-1, conf=-1: peers:[7f99fde5-c133-45d1-9e6f-6197bf32a4df|rpc:10.1.0.40:33403|dataStream:10.1.0.40:45641|priority:0|startupRole:FOLLOWER, b016757e-a2f5-4449-b608-35b74ad87f3b|rpc:10.1.0.40:46143|dataStream:10.1.0.40:37677|priority:1|startupRole:FOLLOWER, 5d03e669-1af7-4a90-bfe9-b79df2f5a8e4|rpc:10.1.0.40:44683|dataStream:10.1.0.40:33247|priority:0|startupRole:FOLLOWER]|listeners:[], old=null
2022-12-23 07:23:14,267 [7f99fde5-c133-45d1-9e6f-6197bf32a4df@group-F639DB4F7F68-FollowerState] INFO  server.RaftServerConfigKeys (ConfUtils.java:logFallback(53)) - raft.server.rpc.first-election.timeout.max = 5200ms (fallback to raft.server.rpc.timeout.max)
2022-12-23 07:23:14,269 [b016757e-a2f5-4449-b608-35b74ad87f3b@group-F639DB4F7F68-LeaderElection32] INFO  impl.LeaderElection (LeaderElection.java:logAndReturn(90)) - b016757e-a2f5-4449-b608-35b74ad87f3b@group-F639DB4F7F68-LeaderElection32: ELECTION PASSED received 1 response(s) and 0 exception(s):
2022-12-23 07:23:14,269 [b016757e-a2f5-4449-b608-35b74ad87f3b@group-F639DB4F7F68-LeaderElection32] INFO  impl.LeaderElection (LeaderElection.java:logAndReturn(94)) -   Response 0: b016757e-a2f5-4449-b608-35b74ad87f3b<-7f99fde5-c133-45d1-9e6f-6197bf32a4df#0:OK-t3
2022-12-23 07:23:14,270 [5d03e669-1af7-4a90-bfe9-b79df2f5a8e4@group-F639DB4F7F68-FollowerState] INFO  server.RaftServerConfigKeys (ConfUtils.java:logFallback(53)) - raft.server.rpc.first-election.timeout.min = 5s (fallback to raft.server.rpc.timeout.min)
2022-12-23 07:23:14,270 [grpc-default-executor-2] INFO  server.RaftServer$Division (RaftServerImpl.java:requestVote(1251)) - 5d03e669-1af7-4a90-bfe9-b79df2f5a8e4@group-F639DB4F7F68 replies to ELECTION vote request: b016757e-a2f5-4449-b608-35b74ad87f3b<-5d03e669-1af7-4a90-bfe9-b79df2f5a8e4#0:OK-t3. Peer's state: 5d03e669-1af7-4a90-bfe9-b79df2f5a8e4@group-F639DB4F7F68:t3, leader=null, voted=b016757e-a2f5-4449-b608-35b74ad87f3b, raftlog=Memoized:5d03e669-1af7-4a90-bfe9-b79df2f5a8e4@group-F639DB4F7F68-SegmentedRaftLog:OPENED:c-1, conf=-1: peers:[7f99fde5-c133-45d1-9e6f-6197bf32a4df|rpc:10.1.0.40:33403|dataStream:10.1.0.40:45641|priority:0|startupRole:FOLLOWER, b016757e-a2f5-4449-b608-35b74ad87f3b|rpc:10.1.0.40:46143|dataStream:10.1.0.40:37677|priority:1|startupRole:FOLLOWER, 5d03e669-1af7-4a90-bfe9-b79df2f5a8e4|rpc:10.1.0.40:44683|dataStream:10.1.0.40:33247|priority:0|startupRole:FOLLOWER]|listeners:[], old=null
2022-12-23 07:23:14,270 [b016757e-a2f5-4449-b608-35b74ad87f3b@group-F639DB4F7F68-LeaderElection32] INFO  impl.LeaderElection (LeaderElection.java:askForVotes(314)) - b016757e-a2f5-4449-b608-35b74ad87f3b@group-F639DB4F7F68-LeaderElection32 ELECTION round 0: result PASSED
2022-12-23 07:23:14,270 [b016757e-a2f5-4449-b608-35b74ad87f3b@group-F639DB4F7F68-LeaderElection32] INFO  impl.RoleInfo (RoleInfo.java:shutdownLeaderElection(130)) - b016757e-a2f5-4449-b608-35b74ad87f3b: shutdown b016757e-a2f5-4449-b608-35b74ad87f3b@group-F639DB4F7F68-LeaderElection32
2022-12-23 07:23:14,270 [b016757e-a2f5-4449-b608-35b74ad87f3b@group-F639DB4F7F68-LeaderElection32] INFO  server.RaftServer$Division (RaftServerImpl.java:setRole(321)) - b016757e-a2f5-4449-b608-35b74ad87f3b@group-F639DB4F7F68: changes role from CANDIDATE to LEADER at term 3 for changeToLeader
2022-12-23 07:23:14,270 [b016757e-a2f5-4449-b608-35b74ad87f3b@group-F639DB4F7F68-LeaderElection32] INFO  ratis.XceiverServerRatis (XceiverServerRatis.java:handleLeaderChangedNotification(904)) - Leader change notification received for group: group-F639DB4F7F68 with new leaderId: b016757e-a2f5-4449-b608-35b74ad87f3b
2022-12-23 07:23:14,270 [b016757e-a2f5-4449-b608-35b74ad87f3b@group-F639DB4F7F68-LeaderElection32] INFO  server.RaftServer$Division (ServerState.java:setLeader(313)) - b016757e-a2f5-4449-b608-35b74ad87f3b@group-F639DB4F7F68: change Leader from null to b016757e-a2f5-4449-b608-35b74ad87f3b at term 3 for becomeLeader, leader elected after 15159ms
2022-12-23 07:23:14,270 [b016757e-a2f5-4449-b608-35b74ad87f3b@group-F639DB4F7F68-LeaderElection32] INFO  server.RaftServerConfigKeys (ConfUtils.java:logGet(46)) - raft.server.staging.catchup.gap = 1000 (default)
2022-12-23 07:23:14,271 [b016757e-a2f5-4449-b608-35b74ad87f3b@group-F639DB4F7F68-LeaderElection32] INFO  server.RaftServerConfigKeys (ConfUtils.java:logGet(46)) - raft.server.write.element-limit = 1024 (custom)
2022-12-23 07:23:14,271 [b016757e-a2f5-4449-b608-35b74ad87f3b@group-F639DB4F7F68-LeaderElection32] INFO  server.RaftServerConfigKeys (ConfUtils.java:logGet(46)) - raft.server.write.byte-limit = 1024 M (=1073741824) (custom)
2022-12-23 07:23:14,271 [b016757e-a2f5-4449-b608-35b74ad87f3b@group-F639DB4F7F68-LeaderElection32] INFO  server.RaftServerConfigKeys (ConfUtils.java:logGet(46)) - raft.server.watch.timeout = 180s (custom)
2022-12-23 07:23:14,271 [b016757e-a2f5-4449-b608-35b74ad87f3b@group-F639DB4F7F68-LeaderElection32] INFO  server.RaftServerConfigKeys (ConfUtils.java:logGet(46)) - raft.server.watch.timeout.denomination = 1s (default)
2022-12-23 07:23:14,271 [b016757e-a2f5-4449-b608-35b74ad87f3b@group-F639DB4F7F68-LeaderElection32] INFO  server.RaftServerConfigKeys (ConfUtils.java:logGet(46)) - raft.server.watch.element-limit = 65536 (default)
2022-12-23 07:23:14,271 [b016757e-a2f5-4449-b608-35b74ad87f3b@group-F639DB4F7F68-LeaderElection32] INFO  server.RaftServerConfigKeys (ConfUtils.java:logGet(46)) - raft.server.write.element-limit = 1024 (custom)
2022-12-23 07:23:14,271 [b016757e-a2f5-4449-b608-35b74ad87f3b@group-F639DB4F7F68-LeaderElection32] INFO  server.RaftServerConfigKeys (ConfUtils.java:logGet(46)) - raft.server.write.follower.gap.ratio.max = -1.0 (default)
2022-12-23 07:23:14,271 [b016757e-a2f5-4449-b608-35b74ad87f3b@group-F639DB4F7F68-LeaderElection32] INFO  server.RaftServerConfigKeys (ConfUtils.java:logGet(46)) - raft.server.log.appender.snapshot.chunk.size.max = 16MB (=16777216) (default)
2022-12-23 07:23:14,271 [b016757e-a2f5-4449-b608-35b74ad87f3b@group-F639DB4F7F68-LeaderElection32] INFO  server.RaftServerConfigKeys (ConfUtils.java:logGet(46)) - raft.server.log.appender.buffer.byte-limit = 33554432 (custom)
2022-12-23 07:23:14,272 [b016757e-a2f5-4449-b608-35b74ad87f3b@group-F639DB4F7F68-LeaderElection32] INFO  server.RaftServerConfigKeys (ConfUtils.java:logGet(46)) - raft.server.log.appender.buffer.element-limit = 1 (custom)
2022-12-23 07:23:14,272 [b016757e-a2f5-4449-b608-35b74ad87f3b@group-F639DB4F7F68-LeaderElection32] INFO  grpc.GrpcConfigKeys (ConfUtils.java:logGet(46)) - raft.grpc.server.leader.outstanding.appends.max = 128 (default)
2022-12-23 07:23:14,272 [b016757e-a2f5-4449-b608-35b74ad87f3b@group-F639DB4F7F68-LeaderElection32] INFO  server.RaftServerConfigKeys (ConfUtils.java:logGet(46)) - raft.server.rpc.request.timeout = 60s (custom)
2022-12-23 07:23:14,272 [b016757e-a2f5-4449-b608-35b74ad87f3b@group-F639DB4F7F68-LeaderElection32] INFO  server.RaftServerConfigKeys (ConfUtils.java:logGet(46)) - raft.server.log.appender.install.snapshot.enabled = false (custom)
2022-12-23 07:23:14,272 [5d03e669-1af7-4a90-bfe9-b79df2f5a8e4@group-F639DB4F7F68-FollowerState] INFO  server.RaftServerConfigKeys (ConfUtils.java:logFallback(53)) - raft.server.rpc.first-election.timeout.max = 5200ms (fallback to raft.server.rpc.timeout.max)
2022-12-23 07:23:14,272 [b016757e-a2f5-4449-b608-35b74ad87f3b@group-F639DB4F7F68-LeaderElection32] INFO  grpc.GrpcConfigKeys (ConfUtils.java:logGet(46)) - raft.grpc.server.heartbeat.channel = true (default)
2022-12-23 07:23:14,272 [b016757e-a2f5-4449-b608-35b74ad87f3b@group-F639DB4F7F68-LeaderElection32] INFO  server.RaftServerConfigKeys (ConfUtils.java:logGet(46)) - raft.server.log.appender.wait-time.min = 10ms (default)
2022-12-23 07:23:14,272 [EventQueue-CommandQueueReportForCommandQueueReportHandler] WARN  events.EventQueue (EventQueue.java:fireEvent(216)) - No event handler registered for event TypedEvent{payloadType=DatanodeDetails, name='Datanode_Command_Queue_Updated'}
2022-12-23 07:23:14,273 [b016757e-a2f5-4449-b608-35b74ad87f3b@group-F639DB4F7F68-LeaderElection32] INFO  server.RaftServerConfigKeys (ConfUtils.java:logGet(46)) - raft.server.log.appender.snapshot.chunk.size.max = 16MB (=16777216) (default)
2022-12-23 07:23:14,273 [EventQueue-PipelineReportForPipelineReportHandler] INFO  pipeline.PipelineManagerImpl (PipelineManagerImpl.java:openPipeline(367)) - Pipeline Pipeline[ Id: bdc334c8-1f61-40c4-822f-f639db4f7f68, Nodes: 7f99fde5-c133-45d1-9e6f-6197bf32a4df{ip: 10.1.0.40, host: fv-az505-480.g2e1luzo1moefklhgra4trf2va.dx.internal.cloudapp.net, ports: [REPLICATION=43099, RATIS=33403, RATIS_ADMIN=33403, RATIS_SERVER=33403, RATIS_DATASTREAM=45641, STANDALONE=44811], networkLocation: /default-rack, certSerialId: null, persistedOpState: IN_SERVICE, persistedOpStateExpiryEpochSec: 0}b016757e-a2f5-4449-b608-35b74ad87f3b{ip: 10.1.0.40, host: fv-az505-480.g2e1luzo1moefklhgra4trf2va.dx.internal.cloudapp.net, ports: [REPLICATION=33781, RATIS=46143, RATIS_ADMIN=46143, RATIS_SERVER=46143, RATIS_DATASTREAM=37677, STANDALONE=42855], networkLocation: /default-rack, certSerialId: null, persistedOpState: IN_SERVICE, persistedOpStateExpiryEpochSec: 0}5d03e669-1af7-4a90-bfe9-b79df2f5a8e4{ip: 10.1.0.40, host: fv-az505-480.g2e1luzo1moefklhgra4trf2va.dx.internal.cloudapp.net, ports: [REPLICATION=42443, RATIS=44683, RATIS_ADMIN=44683, RATIS_SERVER=44683, RATIS_DATASTREAM=33247, STANDALONE=34353], networkLocation: /default-rack, certSerialId: null, persistedOpState: IN_SERVICE, persistedOpStateExpiryEpochSec: 0}, ReplicationConfig: RATIS/THREE, State:ALLOCATED, leaderId:b016757e-a2f5-4449-b608-35b74ad87f3b, CreationTimestamp2022-12-23T07:22:56.645Z[Etc/UTC]] moved to OPEN state
2022-12-23 07:23:14,273 [b016757e-a2f5-4449-b608-35b74ad87f3b@group-F639DB4F7F68-LeaderElection32] INFO  server.RaftServerConfigKeys (ConfUtils.java:logGet(46)) - raft.server.log.appender.buffer.byte-limit = 33554432 (custom)
2022-12-23 07:23:14,273 [b016757e-a2f5-4449-b608-35b74ad87f3b@group-F639DB4F7F68-LeaderElection32] INFO  server.RaftServerConfigKeys (ConfUtils.java:logGet(46)) - raft.server.log.appender.buffer.element-limit = 1 (custom)
2022-12-23 07:23:14,273 [b016757e-a2f5-4449-b608-35b74ad87f3b@group-F639DB4F7F68-LeaderElection32] INFO  grpc.GrpcConfigKeys (ConfUtils.java:logGet(46)) - raft.grpc.server.leader.outstanding.appends.max = 128 (default)
2022-12-23 07:23:14,273 [b016757e-a2f5-4449-b608-35b74ad87f3b@group-F639DB4F7F68-LeaderElection32] INFO  server.RaftServerConfigKeys (ConfUtils.java:logGet(46)) - raft.server.rpc.request.timeout = 60s (custom)
2022-12-23 07:23:14,273 [b016757e-a2f5-4449-b608-35b74ad87f3b@group-F639DB4F7F68-LeaderElection32] INFO  server.RaftServerConfigKeys (ConfUtils.java:logGet(46)) - raft.server.log.appender.install.snapshot.enabled = false (custom)
2022-12-23 07:23:14,273 [b016757e-a2f5-4449-b608-35b74ad87f3b@group-F639DB4F7F68-LeaderElection32] INFO  grpc.GrpcConfigKeys (ConfUtils.java:logGet(46)) - raft.grpc.server.heartbeat.channel = true (default)
2022-12-23 07:23:14,273 [b016757e-a2f5-4449-b608-35b74ad87f3b@group-F639DB4F7F68-LeaderElection32] INFO  server.RaftServerConfigKeys (ConfUtils.java:logGet(46)) - raft.server.log.appender.wait-time.min = 10ms (default)
2022-12-23 07:23:14,273 [b016757e-a2f5-4449-b608-35b74ad87f3b@group-F639DB4F7F68-LeaderElection32] INFO  impl.RoleInfo (RoleInfo.java:updateAndGet(139)) - b016757e-a2f5-4449-b608-35b74ad87f3b: start b016757e-a2f5-4449-b608-35b74ad87f3b@group-F639DB4F7F68-LeaderStateImpl
2022-12-23 07:23:14,274 [b016757e-a2f5-4449-b608-35b74ad87f3b@group-F639DB4F7F68-LeaderElection32] INFO  segmented.SegmentedRaftLogWorker (SegmentedRaftLogWorker.java:startLogSegment(452)) - b016757e-a2f5-4449-b608-35b74ad87f3b@group-F639DB4F7F68-SegmentedRaftLogWorker: Starting segment from index:0
2022-12-23 07:23:14,274 [EventQueue-OpenPipelineForHealthyPipelineSafeModeRule] INFO  safemode.SCMSafeModeManager (HealthyPipelineSafeModeRule.java:process(137)) - SCM in safe mode. Healthy pipelines reported count is 0, required healthy pipeline reported count is 1
2022-12-23 07:23:14,274 [EventQueue-OpenPipelineForHealthyPipelineSafeModeRule] INFO  safemode.SCMSafeModeManager (HealthyPipelineSafeModeRule.java:process(137)) - SCM in safe mode. Healthy pipelines reported count is 1, required healthy pipeline reported count is 1
2022-12-23 07:23:14,274 [EventQueue-OpenPipelineForHealthyPipelineSafeModeRule] INFO  safemode.SCMSafeModeManager (SCMSafeModeManager.java:validateSafeModeExitRules(200)) - HealthyPipelineSafeModeRule rule is successfully validated
2022-12-23 07:23:14,274 [EventQueue-OpenPipelineForHealthyPipelineSafeModeRule] INFO  safemode.SCMSafeModeManager (SCMSafeModeManager.java:validateSafeModeExitRules(215)) - ScmSafeModeManager, all rules are successfully validated
2022-12-23 07:23:14,274 [EventQueue-OpenPipelineForHealthyPipelineSafeModeRule] INFO  safemode.SCMSafeModeManager (SCMSafeModeManager.java:exitSafeMode(244)) - SCM exiting safe mode.
2022-12-23 07:23:14,274 [EventQueue-OpenPipelineForHealthyPipelineSafeModeRule] INFO  ha.SCMContext (SCMContext.java:updateSafeModeStatus(228)) - Update SafeModeStatus from SafeModeStatus{safeModeStatus=true, preCheckPassed=true} to SafeModeStatus{safeModeStatus=false, preCheckPassed=true}.
2022-12-23 07:23:14,274 [EventQueue-OpenPipelineForHealthyPipelineSafeModeRule] INFO  pipeline.BackgroundPipelineCreator (BackgroundPipelineCreator.java:notifyStatusChanged(254)) - Service BackgroundPipelineCreator transitions to RUNNING.
2022-12-23 07:23:14,274 [EventQueue-OpenPipelineForHealthyPipelineSafeModeRule] INFO  BackgroundPipelineScrubber (BackgroundSCMService.java:notifyStatusChanged(82)) - Service BackgroundPipelineScrubber transitions to RUNNING.
2022-12-23 07:23:14,274 [EventQueue-OpenPipelineForHealthyPipelineSafeModeRule] INFO  ExpiredContainerReplicaOpScrubber (BackgroundSCMService.java:notifyStatusChanged(82)) - Service ExpiredContainerReplicaOpScrubber transitions to RUNNING.
2022-12-23 07:23:14,274 [EventQueue-OpenPipelineForHealthyPipelineSafeModeRule] INFO  replication.ReplicationManager (ReplicationManager.java:notifyStatusChanged(918)) - Service ReplicationManager transitions to RUNNING.
2022-12-23 07:23:14,274 [EventQueue-OpenPipelineForHealthyPipelineSafeModeRule] WARN  balancer.ContainerBalancer (ContainerBalancer.java:shouldRun(131)) - Could not find persisted configuration for ContainerBalancer when checking if ContainerBalancer should run. ContainerBalancer should not run now.
2022-12-23 07:23:14,275 [b016757e-a2f5-4449-b608-35b74ad87f3b@group-F639DB4F7F68-SegmentedRaftLogWorker] INFO  segmented.SegmentedRaftLogWorker (SegmentedRaftLogWorker.java:execute(656)) - b016757e-a2f5-4449-b608-35b74ad87f3b@group-F639DB4F7F68-SegmentedRaftLogWorker: created new log segment /home/runner/work/ozone/ozone/hadoop-ozone/integration-test/target/test-dir/MiniOzoneClusterImpl-8c293bcf-6970-46e1-80ac-8e038071f7a0/datanode-0/data/ratis/bdc334c8-1f61-40c4-822f-f639db4f7f68/current/log_inprogress_0
2022-12-23 07:23:14,286 [b016757e-a2f5-4449-b608-35b74ad87f3b@group-F639DB4F7F68-LeaderElection32] INFO  server.RaftServer$Division (ServerState.java:setRaftConf(430)) - b016757e-a2f5-4449-b608-35b74ad87f3b@group-F639DB4F7F68: set configuration 0: peers:[7f99fde5-c133-45d1-9e6f-6197bf32a4df|rpc:10.1.0.40:33403|dataStream:10.1.0.40:45641|priority:0|startupRole:FOLLOWER, b016757e-a2f5-4449-b608-35b74ad87f3b|rpc:10.1.0.40:46143|dataStream:10.1.0.40:37677|priority:1|startupRole:FOLLOWER, 5d03e669-1af7-4a90-bfe9-b79df2f5a8e4|rpc:10.1.0.40:44683|dataStream:10.1.0.40:33247|priority:0|startupRole:FOLLOWER]|listeners:[], old=null
2022-12-23 07:23:14,290 [7f99fde5-c133-45d1-9e6f-6197bf32a4df-server-thread1] INFO  ratis.XceiverServerRatis (XceiverServerRatis.java:handleLeaderChangedNotification(904)) - Leader change notification received for group: group-F639DB4F7F68 with new leaderId: b016757e-a2f5-4449-b608-35b74ad87f3b
2022-12-23 07:23:14,290 [7f99fde5-c133-45d1-9e6f-6197bf32a4df-server-thread1] INFO  server.RaftServer$Division (ServerState.java:setLeader(313)) - 7f99fde5-c133-45d1-9e6f-6197bf32a4df@group-F639DB4F7F68: change Leader from null to b016757e-a2f5-4449-b608-35b74ad87f3b at term 3 for appendEntries, leader elected after 15152ms
2022-12-23 07:23:14,290 [5d03e669-1af7-4a90-bfe9-b79df2f5a8e4-server-thread1] INFO  ratis.XceiverServerRatis (XceiverServerRatis.java:handleLeaderChangedNotification(904)) - Leader change notification received for group: group-F639DB4F7F68 with new leaderId: b016757e-a2f5-4449-b608-35b74ad87f3b
2022-12-23 07:23:14,290 [5d03e669-1af7-4a90-bfe9-b79df2f5a8e4-server-thread1] INFO  server.RaftServer$Division (ServerState.java:setLeader(313)) - 5d03e669-1af7-4a90-bfe9-b79df2f5a8e4@group-F639DB4F7F68: change Leader from null to b016757e-a2f5-4449-b608-35b74ad87f3b at term 3 for appendEntries, leader elected after 15101ms
2022-12-23 07:23:14,298 [5d03e669-1af7-4a90-bfe9-b79df2f5a8e4-server-thread1] INFO  server.RaftServer$Division (ServerState.java:setRaftConf(430)) - 5d03e669-1af7-4a90-bfe9-b79df2f5a8e4@group-F639DB4F7F68: set configuration 0: peers:[7f99fde5-c133-45d1-9e6f-6197bf32a4df|rpc:10.1.0.40:33403|dataStream:10.1.0.40:45641|priority:0|startupRole:FOLLOWER, b016757e-a2f5-4449-b608-35b74ad87f3b|rpc:10.1.0.40:46143|dataStream:10.1.0.40:37677|priority:1|startupRole:FOLLOWER, 5d03e669-1af7-4a90-bfe9-b79df2f5a8e4|rpc:10.1.0.40:44683|dataStream:10.1.0.40:33247|priority:0|startupRole:FOLLOWER]|listeners:[], old=null
2022-12-23 07:23:14,298 [5d03e669-1af7-4a90-bfe9-b79df2f5a8e4-server-thread1] INFO  segmented.SegmentedRaftLogWorker (SegmentedRaftLogWorker.java:startLogSegment(452)) - 5d03e669-1af7-4a90-bfe9-b79df2f5a8e4@group-F639DB4F7F68-SegmentedRaftLogWorker: Starting segment from index:0
2022-12-23 07:23:14,300 [7f99fde5-c133-45d1-9e6f-6197bf32a4df-server-thread1] INFO  server.RaftServer$Division (ServerState.java:setRaftConf(430)) - 7f99fde5-c133-45d1-9e6f-6197bf32a4df@group-F639DB4F7F68: set configuration 0: peers:[7f99fde5-c133-45d1-9e6f-6197bf32a4df|rpc:10.1.0.40:33403|dataStream:10.1.0.40:45641|priority:0|startupRole:FOLLOWER, b016757e-a2f5-4449-b608-35b74ad87f3b|rpc:10.1.0.40:46143|dataStream:10.1.0.40:37677|priority:1|startupRole:FOLLOWER, 5d03e669-1af7-4a90-bfe9-b79df2f5a8e4|rpc:10.1.0.40:44683|dataStream:10.1.0.40:33247|priority:0|startupRole:FOLLOWER]|listeners:[], old=null
2022-12-23 07:23:14,300 [5d03e669-1af7-4a90-bfe9-b79df2f5a8e4@group-F639DB4F7F68-SegmentedRaftLogWorker] INFO  segmented.SegmentedRaftLogWorker (SegmentedRaftLogWorker.java:execute(656)) - 5d03e669-1af7-4a90-bfe9-b79df2f5a8e4@group-F639DB4F7F68-SegmentedRaftLogWorker: created new log segment /home/runner/work/ozone/ozone/hadoop-ozone/integration-test/target/test-dir/MiniOzoneClusterImpl-8c293bcf-6970-46e1-80ac-8e038071f7a0/datanode-2/data/ratis/bdc334c8-1f61-40c4-822f-f639db4f7f68/current/log_inprogress_0
2022-12-23 07:23:14,301 [7f99fde5-c133-45d1-9e6f-6197bf32a4df-server-thread1] INFO  segmented.SegmentedRaftLogWorker (SegmentedRaftLogWorker.java:startLogSegment(452)) - 7f99fde5-c133-45d1-9e6f-6197bf32a4df@group-F639DB4F7F68-SegmentedRaftLogWorker: Starting segment from index:0
2022-12-23 07:23:14,302 [7f99fde5-c133-45d1-9e6f-6197bf32a4df@group-F639DB4F7F68-SegmentedRaftLogWorker] INFO  segmented.SegmentedRaftLogWorker (SegmentedRaftLogWorker.java:execute(656)) - 7f99fde5-c133-45d1-9e6f-6197bf32a4df@group-F639DB4F7F68-SegmentedRaftLogWorker: created new log segment /home/runner/work/ozone/ozone/hadoop-ozone/integration-test/target/test-dir/MiniOzoneClusterImpl-8c293bcf-6970-46e1-80ac-8e038071f7a0/datanode-1/data/ratis/bdc334c8-1f61-40c4-822f-f639db4f7f68/current/log_inprogress_0
2022-12-23 07:23:14,471 [EventQueue-CommandQueueReportForCommandQueueReportHandler] WARN  events.EventQueue (EventQueue.java:fireEvent(216)) - No event handler registered for event TypedEvent{payloadType=DatanodeDetails, name='Datanode_Command_Queue_Updated'}
2022-12-23 07:23:14,649 [Listener at 127.0.0.1/42981] INFO  ozone.MiniOzoneClusterImpl (MiniOzoneClusterImpl.java:lambda$waitForClusterToBeReady$0(217)) - Nodes are ready. Got 3 of 3 DN Heartbeats.
2022-12-23 07:23:14,649 [Listener at 127.0.0.1/42981] INFO  ozone.MiniOzoneClusterImpl (MiniOzoneClusterImpl.java:lambda$waitForClusterToBeReady$0(220)) - Cluster exits safe mode
2022-12-23 07:23:14,649 [Listener at 127.0.0.1/42981] INFO  ozone.MiniOzoneClusterImpl (MiniOzoneClusterImpl.java:lambda$waitForClusterToBeReady$0(222)) - SCM became leader
]]></system-out>
    </rerunFailure>
    <rerunFailure type="java.lang.AssertionError">
      <stackTrace><![CDATA[java.lang.AssertionError
	at org.junit.Assert.fail(Assert.java:87)
	at org.junit.Assert.assertTrue(Assert.java:42)
	at org.junit.Assert.assertTrue(Assert.java:53)
	at org.apache.hadoop.hdds.scm.TestRatisPipelineLeader.testLeaderIdAfterLeaderChange(TestRatisPipelineLeader.java:119)
	at sun.reflect.NativeMethodAccessorImpl.invoke0(Native Method)
	at sun.reflect.NativeMethodAccessorImpl.invoke(NativeMethodAccessorImpl.java:62)
	at sun.reflect.DelegatingMethodAccessorImpl.invoke(DelegatingMethodAccessorImpl.java:43)
	at java.lang.reflect.Method.invoke(Method.java:498)
	at org.junit.platform.commons.util.ReflectionUtils.invokeMethod(ReflectionUtils.java:725)
	at org.junit.jupiter.engine.execution.MethodInvocation.proceed(MethodInvocation.java:60)
	at org.junit.jupiter.engine.execution.InvocationInterceptorChain$ValidatingInvocation.proceed(InvocationInterceptorChain.java:131)
	at org.junit.jupiter.engine.extension.TimeoutInvocation.proceed(TimeoutInvocation.java:46)
	at org.junit.jupiter.engine.extension.TimeoutExtension.intercept(TimeoutExtension.java:149)
	at org.junit.jupiter.engine.extension.TimeoutExtension.interceptTestableMethod(TimeoutExtension.java:140)
	at org.junit.jupiter.engine.extension.TimeoutExtension.interceptTestMethod(TimeoutExtension.java:84)
	at org.junit.jupiter.engine.execution.ExecutableInvoker$ReflectiveInterceptorCall.lambda$ofVoidMethod$0(ExecutableInvoker.java:115)
	at org.junit.jupiter.engine.execution.ExecutableInvoker.lambda$invoke$0(ExecutableInvoker.java:105)
	at org.junit.jupiter.engine.execution.InvocationInterceptorChain$InterceptedInvocation.proceed(InvocationInterceptorChain.java:106)
	at org.junit.jupiter.engine.execution.InvocationInterceptorChain.proceed(InvocationInterceptorChain.java:64)
	at org.junit.jupiter.engine.execution.InvocationInterceptorChain.chainAndInvoke(InvocationInterceptorChain.java:45)
	at org.junit.jupiter.engine.execution.InvocationInterceptorChain.invoke(InvocationInterceptorChain.java:37)
	at org.junit.jupiter.engine.execution.ExecutableInvoker.invoke(ExecutableInvoker.java:104)
	at org.junit.jupiter.engine.execution.ExecutableInvoker.invoke(ExecutableInvoker.java:98)
	at org.junit.jupiter.engine.descriptor.TestMethodTestDescriptor.lambda$invokeTestMethod$7(TestMethodTestDescriptor.java:214)
	at org.junit.platform.engine.support.hierarchical.ThrowableCollector.execute(ThrowableCollector.java:73)
	at org.junit.jupiter.engine.descriptor.TestMethodTestDescriptor.invokeTestMethod(TestMethodTestDescriptor.java:210)
	at org.junit.jupiter.engine.descriptor.TestMethodTestDescriptor.execute(TestMethodTestDescriptor.java:135)
	at org.junit.jupiter.engine.descriptor.TestMethodTestDescriptor.execute(TestMethodTestDescriptor.java:66)
	at org.junit.platform.engine.support.hierarchical.NodeTestTask.lambda$executeRecursively$6(NodeTestTask.java:151)
	at org.junit.platform.engine.support.hierarchical.ThrowableCollector.execute(ThrowableCollector.java:73)
	at org.junit.platform.engine.support.hierarchical.NodeTestTask.lambda$executeRecursively$8(NodeTestTask.java:141)
	at org.junit.platform.engine.support.hierarchical.Node.around(Node.java:137)
	at org.junit.platform.engine.support.hierarchical.NodeTestTask.lambda$executeRecursively$9(NodeTestTask.java:139)
	at org.junit.platform.engine.support.hierarchical.ThrowableCollector.execute(ThrowableCollector.java:73)
	at org.junit.platform.engine.support.hierarchical.NodeTestTask.executeRecursively(NodeTestTask.java:138)
	at org.junit.platform.engine.support.hierarchical.NodeTestTask.execute(NodeTestTask.java:95)
	at java.util.ArrayList.forEach(ArrayList.java:1259)
	at org.junit.platform.engine.support.hierarchical.SameThreadHierarchicalTestExecutorService.invokeAll(SameThreadHierarchicalTestExecutorService.java:41)
	at org.junit.platform.engine.support.hierarchical.NodeTestTask.lambda$executeRecursively$6(NodeTestTask.java:155)
	at org.junit.platform.engine.support.hierarchical.ThrowableCollector.execute(ThrowableCollector.java:73)
	at org.junit.platform.engine.support.hierarchical.NodeTestTask.lambda$executeRecursively$8(NodeTestTask.java:141)
	at org.junit.platform.engine.support.hierarchical.Node.around(Node.java:137)
	at org.junit.platform.engine.support.hierarchical.NodeTestTask.lambda$executeRecursively$9(NodeTestTask.java:139)
	at org.junit.platform.engine.support.hierarchical.ThrowableCollector.execute(ThrowableCollector.java:73)
	at org.junit.platform.engine.support.hierarchical.NodeTestTask.executeRecursively(NodeTestTask.java:138)
	at org.junit.platform.engine.support.hierarchical.NodeTestTask.execute(NodeTestTask.java:95)
	at java.util.ArrayList.forEach(ArrayList.java:1259)
	at org.junit.platform.engine.support.hierarchical.SameThreadHierarchicalTestExecutorService.invokeAll(SameThreadHierarchicalTestExecutorService.java:41)
	at org.junit.platform.engine.support.hierarchical.NodeTestTask.lambda$executeRecursively$6(NodeTestTask.java:155)
	at org.junit.platform.engine.support.hierarchical.ThrowableCollector.execute(ThrowableCollector.java:73)
	at org.junit.platform.engine.support.hierarchical.NodeTestTask.lambda$executeRecursively$8(NodeTestTask.java:141)
	at org.junit.platform.engine.support.hierarchical.Node.around(Node.java:137)
	at org.junit.platform.engine.support.hierarchical.NodeTestTask.lambda$executeRecursively$9(NodeTestTask.java:139)
	at org.junit.platform.engine.support.hierarchical.ThrowableCollector.execute(ThrowableCollector.java:73)
	at org.junit.platform.engine.support.hierarchical.NodeTestTask.executeRecursively(NodeTestTask.java:138)
	at org.junit.platform.engine.support.hierarchical.NodeTestTask.execute(NodeTestTask.java:95)
	at org.junit.platform.engine.support.hierarchical.SameThreadHierarchicalTestExecutorService.submit(SameThreadHierarchicalTestExecutorService.java:35)
	at org.junit.platform.engine.support.hierarchical.HierarchicalTestExecutor.execute(HierarchicalTestExecutor.java:57)
	at org.junit.platform.engine.support.hierarchical.HierarchicalTestEngine.execute(HierarchicalTestEngine.java:54)
	at org.junit.platform.launcher.core.EngineExecutionOrchestrator.execute(EngineExecutionOrchestrator.java:107)
	at org.junit.platform.launcher.core.EngineExecutionOrchestrator.execute(EngineExecutionOrchestrator.java:88)
	at org.junit.platform.launcher.core.EngineExecutionOrchestrator.lambda$execute$0(EngineExecutionOrchestrator.java:54)
	at org.junit.platform.launcher.core.EngineExecutionOrchestrator.withInterceptedStreams(EngineExecutionOrchestrator.java:67)
	at org.junit.platform.launcher.core.EngineExecutionOrchestrator.execute(EngineExecutionOrchestrator.java:52)
	at org.junit.platform.launcher.core.DefaultLauncher.execute(DefaultLauncher.java:114)
	at org.junit.platform.launcher.core.DefaultLauncher.execute(DefaultLauncher.java:86)
	at org.junit.platform.launcher.core.DefaultLauncherSession$DelegatingLauncher.execute(DefaultLauncherSession.java:86)
	at org.junit.platform.launcher.core.SessionPerRequestLauncher.execute(SessionPerRequestLauncher.java:53)
	at org.apache.maven.surefire.junitplatform.JUnitPlatformProvider.invokeAllTests(JUnitPlatformProvider.java:165)
	at org.apache.maven.surefire.junitplatform.JUnitPlatformProvider.invoke(JUnitPlatformProvider.java:124)
	at org.apache.maven.surefire.booter.ForkedBooter.runSuitesInProcess(ForkedBooter.java:428)
	at org.apache.maven.surefire.booter.ForkedBooter.execute(ForkedBooter.java:162)
	at org.apache.maven.surefire.booter.ForkedBooter.run(ForkedBooter.java:562)
	at org.apache.maven.surefire.booter.ForkedBooter.main(ForkedBooter.java:548)
]]></stackTrace>
      <system-out><![CDATA[2022-12-23 07:23:18,920 [Listener at 127.0.0.1/42981] WARN  server.ServerUtils (ServerUtils.java:getScmDbDir(148)) - ozone.scm.db.dirs is not configured. We recommend adding this setting. Falling back to ozone.metadata.dirs instead.
2022-12-23 07:23:18,925 [Listener at 127.0.0.1/42981] WARN  server.ServerUtils (ServerUtils.java:getScmDbDir(148)) - ozone.scm.db.dirs is not configured. We recommend adding this setting. Falling back to ozone.metadata.dirs instead.
2022-12-23 07:23:18,925 [Listener at 127.0.0.1/42981] INFO  ha.SCMHANodeDetails (SCMHANodeDetails.java:loadSCMHAConfig(209)) - ServiceID for StorageContainerManager is null
2022-12-23 07:23:18,926 [Listener at 127.0.0.1/42981] INFO  ha.SCMHANodeDetails (SCMHANodeDetails.java:loadSCMHAConfig(214)) - ozone.scm.default.service.id is not defined, falling back to ozone.scm.service.ids to find serviceID for StorageContainerManager if it is HA enabled cluster
2022-12-23 07:23:18,926 [Listener at 127.0.0.1/42981] WARN  utils.HAUtils (HAUtils.java:getMetaDir(342)) - ozone.scm.db.dirs is not configured. We recommend adding this setting. Falling back to ozone.metadata.dirs instead.
2022-12-23 07:23:18,927 [Listener at 127.0.0.1/42981] WARN  db.DBStoreBuilder (DBStoreBuilder.java:applyDBDefinition(144)) - ozone.scm.db.dirs is not configured. We recommend adding this setting. Falling back to ozone.metadata.dirs instead.
2022-12-23 07:23:19,056 [Listener at 127.0.0.1/42981] INFO  net.NodeSchemaLoader (NodeSchemaLoader.java:loadSchemaFromFile(129)) - Loading schema from [jar:file:/home/runner/.m2/repository/org/apache/ozone/hdds-common/1.3.0-SNAPSHOT/hdds-common-1.3.0-SNAPSHOT.jar!/network-topology-default.xml]
2022-12-23 07:23:19,056 [Listener at 127.0.0.1/42981] INFO  net.NodeSchemaLoader (NodeSchemaLoader.java:loadSchema(176)) - Loading network topology layer schema file
2022-12-23 07:23:19,063 [Listener at 127.0.0.1/42981] INFO  upgrade.AbstractLayoutVersionManager (AbstractLayoutVersionManager.java:init(83)) - Initializing Layout version manager with metadata layout = DATANODE_SCHEMA_V3 (version = 4), software layout = DATANODE_SCHEMA_V3 (version = 4)
2022-12-23 07:23:19,118 [Listener at 127.0.0.1/42981] INFO  reflections.Reflections (Reflections.java:scan(232)) - Reflections took 54 ms to scan 7 urls, producing 146 keys and 348 values 
2022-12-23 07:23:19,122 [Listener at 127.0.0.1/42981] INFO  ha.SequenceIdGenerator (SequenceIdGenerator.java:upgradeToSequenceId(349)) - upgrade localId to 109611004723200000
2022-12-23 07:23:19,122 [Listener at 127.0.0.1/42981] INFO  ha.SequenceIdGenerator (SequenceIdGenerator.java:upgradeToSequenceId(359)) - upgrade delTxnId to 0
2022-12-23 07:23:19,122 [Listener at 127.0.0.1/42981] INFO  ha.SequenceIdGenerator (SequenceIdGenerator.java:upgradeToSequenceId(376)) - upgrade containerId to 0
2022-12-23 07:23:19,122 [Listener at 127.0.0.1/42981] INFO  ha.SequenceIdGenerator (SequenceIdGenerator.java:<init>(220)) - Init the HA SequenceIdGenerator.
2022-12-23 07:23:19,123 [Listener at 127.0.0.1/42981] WARN  server.ServerUtils (ServerUtils.java:sanitizeUserArgs(73)) - ozone.scm.stale.node.interval value = 300000 is larger than max = 100000 based on the key value of ozone.scm.heartbeat.thread.interval, reset to the max value 100000.
2022-12-23 07:23:19,123 [Listener at 127.0.0.1/42981] WARN  server.ServerUtils (ServerUtils.java:sanitizeUserArgs(73)) - ozone.scm.stale.node.interval value = 300000 is larger than max = 100000 based on the key value of ozone.scm.heartbeat.thread.interval, reset to the max value 100000.
2022-12-23 07:23:19,123 [Listener at 127.0.0.1/42981] INFO  node.SCMNodeManager (SCMNodeManager.java:<init>(149)) - Entering startup safe mode.
2022-12-23 07:23:19,123 [Listener at 127.0.0.1/42981] INFO  algorithms.ContainerPlacementPolicyFactory (ContainerPlacementPolicyFactory.java:getPolicyInternal(86)) - Create container placement policy of type org.apache.hadoop.hdds.scm.container.placement.algorithms.SCMContainerPlacementRandom
2022-12-23 07:23:19,124 [Listener at 127.0.0.1/42981] INFO  algorithms.ContainerPlacementPolicyFactory (ContainerPlacementPolicyFactory.java:getPolicyInternal(86)) - Create container placement policy of type org.apache.hadoop.hdds.scm.container.placement.algorithms.SCMContainerPlacementRackScatter
2022-12-23 07:23:19,124 [Listener at 127.0.0.1/42981] INFO  pipeline.PipelineStateManagerImpl (PipelineStateManagerImpl.java:initialize(78)) - No pipeline exists in current db
2022-12-23 07:23:19,124 [Listener at 127.0.0.1/42981] INFO  algorithms.LeaderChoosePolicyFactory (LeaderChoosePolicyFactory.java:getPolicy(57)) - Create leader choose policy of type org.apache.hadoop.hdds.scm.pipeline.leader.choose.algorithms.MinLeaderCountChoosePolicy
2022-12-23 07:23:19,124 [Listener at 127.0.0.1/42981] INFO  algorithms.ContainerPlacementPolicyFactory (ContainerPlacementPolicyFactory.java:getPolicyInternal(86)) - Create container placement policy of type org.apache.hadoop.hdds.scm.container.placement.algorithms.SCMContainerPlacementRackScatter
2022-12-23 07:23:19,125 [Listener at 127.0.0.1/42981] INFO  ha.SCMServiceManager (SCMServiceManager.java:register(42)) - Registering service BackgroundPipelineCreator.
2022-12-23 07:23:19,125 [Listener at 127.0.0.1/42981] INFO  pipeline.BackgroundPipelineCreator (BackgroundPipelineCreator.java:start(124)) - Starting RatisPipelineUtilsThread.
2022-12-23 07:23:19,125 [Listener at 127.0.0.1/42981] INFO  BackgroundPipelineScrubber (BackgroundSCMService.java:start(68)) - Starting BackgroundPipelineScrubber Service.
2022-12-23 07:23:19,126 [Listener at 127.0.0.1/42981] INFO  ha.SCMServiceManager (SCMServiceManager.java:register(42)) - Registering service BackgroundPipelineScrubber.
2022-12-23 07:23:19,126 [Listener at 127.0.0.1/42981] INFO  ExpiredContainerReplicaOpScrubber (BackgroundSCMService.java:start(68)) - Starting ExpiredContainerReplicaOpScrubber Service.
2022-12-23 07:23:19,126 [Listener at 127.0.0.1/42981] INFO  ha.SCMServiceManager (SCMServiceManager.java:register(42)) - Registering service ExpiredContainerReplicaOpScrubber.
2022-12-23 07:23:19,128 [Listener at 127.0.0.1/42981] INFO  algorithms.PipelineChoosePolicyFactory (PipelineChoosePolicyFactory.java:createPipelineChoosePolicyFromClass(73)) - Create pipeline choose policy of type org.apache.hadoop.hdds.scm.pipeline.choose.algorithms.RandomPipelineChoosePolicy
2022-12-23 07:23:19,128 [Listener at 127.0.0.1/42981] INFO  ha.SCMServiceManager (SCMServiceManager.java:register(42)) - Registering service SCMBlockDeletingService.
2022-12-23 07:23:19,128 [Listener at 127.0.0.1/42981] INFO  replication.ReplicationManager (ReplicationManager.java:start(261)) - Starting Replication Monitor Thread.
2022-12-23 07:23:19,132 [Listener at 127.0.0.1/42981] INFO  ha.SCMServiceManager (SCMServiceManager.java:register(42)) - Registering service ReplicationManager.
2022-12-23 07:23:19,132 [Listener at 127.0.0.1/42981] INFO  safemode.ContainerSafeModeRule (ContainerSafeModeRule.java:<init>(89)) - containers with one replica threshold count 0
2022-12-23 07:23:19,132 [Listener at 127.0.0.1/42981] INFO  safemode.HealthyPipelineSafeModeRule (HealthyPipelineSafeModeRule.java:initializeRule(169)) - Total pipeline count is 0, healthy pipeline threshold count is 1
2022-12-23 07:23:19,132 [ReplicationMonitor] INFO  replication.ReplicationManager (ReplicationManager.java:processAll(330)) - Replication Manager is not ready to run until 3000ms after safemode exit
2022-12-23 07:23:19,132 [Listener at 127.0.0.1/42981] INFO  safemode.OneReplicaPipelineSafeModeRule (OneReplicaPipelineSafeModeRule.java:initializeRule(180)) - Total pipeline count is 0, pipeline's with at least one datanode reported threshold count is 0
2022-12-23 07:23:19,133 [Listener at 127.0.0.1/42981] INFO  ipc.CallQueueManager (CallQueueManager.java:<init>(90)) - Using callQueue: class java.util.concurrent.LinkedBlockingQueue, queueCapacity: 2000, scheduler: class org.apache.hadoop.ipc.DefaultRpcScheduler, ipcBackoff: false.
2022-12-23 07:23:19,134 [Socket Reader #1 for port 0] INFO  ipc.Server (Server.java:run(1273)) - Starting Socket Reader #1 for port 0
2022-12-23 07:23:19,134 [Listener at 0.0.0.0/34181] INFO  ipc.CallQueueManager (CallQueueManager.java:<init>(90)) - Using callQueue: class java.util.concurrent.LinkedBlockingQueue, queueCapacity: 2000, scheduler: class org.apache.hadoop.ipc.DefaultRpcScheduler, ipcBackoff: false.
2022-12-23 07:23:19,135 [Socket Reader #1 for port 0] INFO  ipc.Server (Server.java:run(1273)) - Starting Socket Reader #1 for port 0
2022-12-23 07:23:19,136 [Listener at 0.0.0.0/35013] INFO  ipc.CallQueueManager (CallQueueManager.java:<init>(90)) - Using callQueue: class java.util.concurrent.LinkedBlockingQueue, queueCapacity: 2000, scheduler: class org.apache.hadoop.ipc.DefaultRpcScheduler, ipcBackoff: false.
2022-12-23 07:23:19,138 [Socket Reader #1 for port 0] INFO  ipc.Server (Server.java:run(1273)) - Starting Socket Reader #1 for port 0
2022-12-23 07:23:19,143 [Listener at 0.0.0.0/45607] INFO  ha.SCMServiceManager (SCMServiceManager.java:register(42)) - Registering service ContainerBalancer.
2022-12-23 07:23:19,143 [Listener at 0.0.0.0/45607] INFO  server.StorageContainerManager (StorageContainerManager.java:<init>(398)) - 
Container Balancer status:
Key                            Value
Running                        true
Container Balancer Configuration values:
Key                                                Value
Threshold                                          10
Max Datanodes to Involve per Iteration(percent)    20
Max Size to Move per Iteration                     500GB
Max Size Entering Target per Iteration             26GB
Max Size Leaving Source per Iteration              26GB

2022-12-23 07:23:19,143 [Listener at 0.0.0.0/45607] INFO  ha.SCMContext (SCMContext.java:updateSafeModeStatus(228)) - Update SafeModeStatus from SafeModeStatus{safeModeStatus=true, preCheckPassed=false} to SafeModeStatus{safeModeStatus=true, preCheckPassed=false}.
2022-12-23 07:23:19,144 [Listener at 0.0.0.0/45607] INFO  server.StorageContainerManager (StorageContainerManager.java:start(1423)) - StorageContainerLocationProtocol RPC server is listening at /0.0.0.0:45607
2022-12-23 07:23:19,146 [Listener at 0.0.0.0/45607] WARN  impl.MetricsConfig (MetricsConfig.java:loadFirst(136)) - Cannot locate configuration: tried hadoop-metrics2-storagecontainermanager.properties,hadoop-metrics2.properties
2022-12-23 07:23:19,147 [Listener at 0.0.0.0/45607] INFO  impl.MetricsSystemImpl (MetricsSystemImpl.java:startTimer(378)) - Scheduled Metric snapshot period at 10 second(s).
2022-12-23 07:23:19,147 [Listener at 0.0.0.0/45607] INFO  impl.MetricsSystemImpl (MetricsSystemImpl.java:start(191)) - StorageContainerManager metrics system started
2022-12-23 07:23:19,153 [Listener at 0.0.0.0/45607] INFO  impl.MetricsSinkAdapter (MetricsSinkAdapter.java:start(204)) - Sink prometheus started
2022-12-23 07:23:19,153 [Listener at 0.0.0.0/45607] INFO  impl.MetricsSystemImpl (MetricsSystemImpl.java:registerSink(305)) - Registered sink prometheus
2022-12-23 07:23:19,177 [Listener at 0.0.0.0/45607] INFO  server.SCMClientProtocolServer (SCMClientProtocolServer.java:start(170)) - RPC server for Client  is listening at /0.0.0.0:45607
2022-12-23 07:23:19,177 [IPC Server Responder] INFO  ipc.Server (Server.java:run(1512)) - IPC Server Responder: starting
2022-12-23 07:23:19,178 [IPC Server listener on 0] INFO  ipc.Server (Server.java:run(1352)) - IPC Server listener on 0: starting
2022-12-23 07:23:19,181 [Listener at 0.0.0.0/45607] INFO  server.StorageContainerManager (StorageContainerManager.java:start(1437)) - ScmBlockLocationProtocol RPC server is listening at /0.0.0.0:35013
2022-12-23 07:23:19,182 [Listener at 0.0.0.0/45607] INFO  server.SCMBlockProtocolServer (SCMBlockProtocolServer.java:start(152)) - RPC server for Block Protocol is listening at /0.0.0.0:35013
2022-12-23 07:23:19,182 [IPC Server Responder] INFO  ipc.Server (Server.java:run(1512)) - IPC Server Responder: starting
2022-12-23 07:23:19,182 [IPC Server listener on 0] INFO  ipc.Server (Server.java:run(1352)) - IPC Server listener on 0: starting
2022-12-23 07:23:19,184 [Listener at 0.0.0.0/45607] INFO  server.SCMDatanodeProtocolServer (SCMDatanodeProtocolServer.java:start(194)) - ScmDatanodeProtocol RPC server for DataNodes is listening at /0.0.0.0:34181
2022-12-23 07:23:19,184 [IPC Server Responder] INFO  ipc.Server (Server.java:run(1512)) - IPC Server Responder: starting
2022-12-23 07:23:19,185 [IPC Server listener on 0] INFO  ipc.Server (Server.java:run(1352)) - IPC Server listener on 0: starting
2022-12-23 07:23:19,187 [org.apache.hadoop.util.JvmPauseMonitor$Monitor@bbeb347] INFO  util.JvmPauseMonitor (JvmPauseMonitor.java:run(188)) - Starting JVM pause monitor
2022-12-23 07:23:19,188 [Listener at 0.0.0.0/45607] INFO  http.BaseHttpServer (BaseHttpServer.java:newHttpServer2BuilderForOzone(213)) - Starting Web-server for scm at: http://0.0.0.0:0
2022-12-23 07:23:19,188 [Listener at 0.0.0.0/45607] INFO  http.BaseHttpServer (BaseHttpServer.java:<init>(108)) - Hadoop Security Enabled: false Ozone Security Enabled: false Ozone HTTP Security Enabled: false 
2022-12-23 07:23:19,190 [Listener at 0.0.0.0/45607] WARN  server.AuthenticationFilter (AuthenticationFilter.java:constructSecretProvider(240)) - Unable to initialize FileSignerSecretProvider, falling back to use random secrets. Reason: Could not read signature secret file: /home/runner/hadoop-http-auth-signature-secret
2022-12-23 07:23:19,190 [Listener at 0.0.0.0/45607] WARN  http.HttpRequestLog (HttpRequestLog.java:getRequestLog(103)) - Jetty request log can only be enabled using Log4j
2022-12-23 07:23:19,192 [Listener at 0.0.0.0/45607] INFO  http.HttpServer2 (HttpServer2.java:addGlobalFilter(1031)) - Added global filter 'safety' (class=org.apache.hadoop.hdds.server.http.HttpServer2$QuotingInputFilter)
2022-12-23 07:23:19,192 [Listener at 0.0.0.0/45607] INFO  http.HttpServer2 (HttpServer2.java:addFilter(1007)) - Added filter static_user_filter (class=org.apache.hadoop.http.lib.StaticUserWebFilter$StaticUserFilter) to context scm
2022-12-23 07:23:19,192 [Listener at 0.0.0.0/45607] INFO  http.HttpServer2 (HttpServer2.java:addFilter(1015)) - Added filter static_user_filter (class=org.apache.hadoop.http.lib.StaticUserWebFilter$StaticUserFilter) to context static
2022-12-23 07:23:19,193 [Listener at 0.0.0.0/45607] INFO  http.HttpServer2 (HttpServer2.java:addFilter(1015)) - Added filter static_user_filter (class=org.apache.hadoop.http.lib.StaticUserWebFilter$StaticUserFilter) to context logs
2022-12-23 07:23:19,195 [Listener at 0.0.0.0/45607] INFO  http.HttpServer2 (HttpServer2.java:bindListener(1250)) - Jetty bound to port 38105
2022-12-23 07:23:19,195 [Listener at 0.0.0.0/45607] INFO  server.Server (Server.java:doStart(375)) - jetty-9.4.49.v20220914; built: 2022-09-14T01:07:36.601Z; git: 4231a3b2e4cb8548a412a789936d640a97b1aa0a; jvm 1.8.0_352-b08
2022-12-23 07:23:19,198 [Listener at 0.0.0.0/45607] INFO  server.session (DefaultSessionIdManager.java:doStart(334)) - DefaultSessionIdManager workerName=node0
2022-12-23 07:23:19,198 [Listener at 0.0.0.0/45607] INFO  server.session (DefaultSessionIdManager.java:doStart(339)) - No SessionScavenger set, using defaults
2022-12-23 07:23:19,198 [Listener at 0.0.0.0/45607] INFO  server.session (HouseKeeper.java:startScavenging(132)) - node0 Scavenging every 660000ms
2022-12-23 07:23:19,199 [Listener at 0.0.0.0/45607] INFO  handler.ContextHandler (ContextHandler.java:doStart(921)) - Started o.e.j.s.ServletContextHandler@20d33910{logs,/logs,file:///home/runner/work/ozone/ozone/hadoop-ozone/integration-test/target/log,AVAILABLE}
2022-12-23 07:23:19,200 [Listener at 0.0.0.0/45607] INFO  handler.ContextHandler (ContextHandler.java:doStart(921)) - Started o.e.j.s.ServletContextHandler@7a5ca80d{static,/static,file:///home/runner/work/ozone/ozone/hadoop-ozone/integration-test/target/test-classes/webapps/static,AVAILABLE}
2022-12-23 07:23:19,203 [Listener at 0.0.0.0/45607] INFO  handler.ContextHandler (ContextHandler.java:doStart(921)) - Started o.e.j.w.WebAppContext@21d39bcf{scm,/,file:///home/runner/work/ozone/ozone/hadoop-ozone/integration-test/target/test-classes/webapps/scm/,AVAILABLE}{file:/home/runner/work/ozone/ozone/hadoop-ozone/integration-test/target/test-classes/webapps/scm}
2022-12-23 07:23:19,207 [Listener at 0.0.0.0/45607] INFO  server.AbstractConnector (AbstractConnector.java:doStart(333)) - Started ServerConnector@7773141c{HTTP/1.1, (http/1.1)}{0.0.0.0:38105}
2022-12-23 07:23:19,207 [Listener at 0.0.0.0/45607] INFO  server.Server (Server.java:doStart(415)) - Started @100167ms
2022-12-23 07:23:19,207 [Listener at 0.0.0.0/45607] WARN  impl.MetricsSystemImpl (MetricsSystemImpl.java:register(279)) - Sink prometheus already exists!
2022-12-23 07:23:19,208 [Listener at 0.0.0.0/45607] INFO  http.BaseHttpServer (BaseHttpServer.java:updateConnectorAddress(333)) - HTTP server of scm listening at http://0.0.0.0:38105
2022-12-23 07:23:19,208 [Listener at 0.0.0.0/45607] WARN  server.ServerUtils (ServerUtils.java:getDBPath(225)) - ozone.om.db.dirs is not configured. We recommend adding this setting. Falling back to ozone.metadata.dirs instead.
2022-12-23 07:23:19,211 [Listener at 0.0.0.0/45607] INFO  ha.OMHANodeDetails (OMHANodeDetails.java:loadOMHAConfig(115)) - ozone.om.internal.service.id is not defined, falling back to ozone.om.service.ids to find serviceID for OzoneManager if it is HA enabled cluster
2022-12-23 07:23:19,214 [Listener at 0.0.0.0/45607] INFO  ha.OMHANodeDetails (OMHANodeDetails.java:loadOMHAConfig(226)) - Configuration does not have ozone.om.address set. Falling back to the default OM address /127.0.0.1:0
2022-12-23 07:23:19,214 [Listener at 0.0.0.0/45607] INFO  ha.OMHANodeDetails (OMHANodeDetails.java:getOMNodeDetailsForNonHA(254)) - OM Service ID is not set. Setting it to the default ID: omServiceIdDefault
2022-12-23 07:23:19,214 [Listener at 0.0.0.0/45607] INFO  ha.OMHANodeDetails (OMHANodeDetails.java:getOMNodeDetailsForNonHA(261)) - OM Node ID is not set. Setting it to the default ID: om1
2022-12-23 07:23:19,214 [Listener at 0.0.0.0/45607] WARN  server.ServerUtils (ServerUtils.java:getDBPath(225)) - ozone.om.db.dirs is not configured. We recommend adding this setting. Falling back to ozone.metadata.dirs instead.
2022-12-23 07:23:19,214 [Listener at 0.0.0.0/45607] INFO  upgrade.AbstractLayoutVersionManager (AbstractLayoutVersionManager.java:init(83)) - Initializing Layout version manager with metadata layout = MULTITENANCY_SCHEMA (version = 3), software layout = MULTITENANCY_SCHEMA (version = 3)
2022-12-23 07:23:19,300 [Listener at 0.0.0.0/45607] INFO  reflections.Reflections (Reflections.java:scan(232)) - Reflections took 85 ms to scan 2 urls, producing 154 keys and 428 values [using 2 cores]
2022-12-23 07:23:19,300 [Listener at 0.0.0.0/45607] INFO  upgrade.OMLayoutVersionManager (OMLayoutVersionManager.java:lambda$0(115)) - Skipping Upgrade Action MockOmUpgradeAction since it has been finalized.
2022-12-23 07:23:19,300 [Listener at 0.0.0.0/45607] WARN  server.ServerUtils (ServerUtils.java:getDBPath(225)) - ozone.om.db.dirs is not configured. We recommend adding this setting. Falling back to ozone.metadata.dirs instead.
2022-12-23 07:23:19,301 [Listener at 0.0.0.0/45607] INFO  proxy.SCMBlockLocationFailoverProxyProvider (SCMBlockLocationFailoverProxyProvider.java:<init>(114)) - Created block location fail-over proxy with 1 nodes: [nodeId=scmNodeId,nodeAddress=/0.0.0.0:35013]
2022-12-23 07:23:19,303 [Listener at 0.0.0.0/45607] INFO  proxy.SCMBlockLocationFailoverProxyProvider (SCMBlockLocationFailoverProxyProvider.java:<init>(114)) - Created block location fail-over proxy with 1 nodes: [nodeId=scmNodeId,nodeAddress=/0.0.0.0:35013]
2022-12-23 07:23:19,308 [Listener at 0.0.0.0/45607] WARN  server.ServerUtils (ServerUtils.java:getDBPath(225)) - ozone.om.db.dirs is not configured. We recommend adding this setting. Falling back to ozone.metadata.dirs instead.
2022-12-23 07:23:19,308 [Listener at 0.0.0.0/45607] INFO  codec.OmKeyInfoCodec (OmKeyInfoCodec.java:<init>(49)) - OmKeyInfoCodec ignorePipeline = true
2022-12-23 07:23:19,308 [Listener at 0.0.0.0/45607] INFO  codec.RepeatedOmKeyInfoCodec (RepeatedOmKeyInfoCodec.java:<init>(41)) - RepeatedOmKeyInfoCodec ignorePipeline = true
2022-12-23 07:23:19,496 [Listener at 0.0.0.0/45607] INFO  om.OzoneManager (OzoneManager.java:instantiateServices(717)) - S3 Multi-Tenancy is disabled
2022-12-23 07:23:19,498 [Listener at 0.0.0.0/45607] INFO  om.OzoneManager (OzoneManager.java:addS3GVolumeToDB(4402)) - Created Volume s3v With Owner runner required for S3Gateway operations.
2022-12-23 07:23:19,499 [Listener at 0.0.0.0/45607] WARN  server.ServerUtils (ServerUtils.java:getDefaultRatisDirectory(237)) - Storage directory for Ratis is not configured. It is a good idea to map this to an SSD disk. Falling back to ozone.metadata.dirs
2022-12-23 07:23:19,499 [Listener at 0.0.0.0/45607] WARN  utils.OzoneManagerRatisUtils (OzoneManagerRatisUtils.java:getOMRatisSnapshotDirectory(434)) - ozone.om.ratis.snapshot.dir is not configured. Falling back to ozone.metadata.dirs config
2022-12-23 07:23:19,499 [Listener at 0.0.0.0/45607] WARN  server.ServerUtils (ServerUtils.java:getDefaultRatisDirectory(237)) - Storage directory for Ratis is not configured. It is a good idea to map this to an SSD disk. Falling back to ozone.metadata.dirs
2022-12-23 07:23:19,500 [Listener at 0.0.0.0/45607] INFO  ratis.OzoneManagerRatisServer (OzoneManagerRatisServer.java:<init>(160)) - Instantiating OM Ratis server with groupID: omServiceIdDefault and peers: localhost:9872
2022-12-23 07:23:19,501 [Listener at 0.0.0.0/45607] INFO  ratis.OzoneManagerStateMachine (OzoneManagerStateMachine.java:loadSnapshotInfoFromDB(636)) - LastAppliedIndex is set from TransactionInfo from OM DB as (t:0, i:~)
2022-12-23 07:23:19,501 [Listener at 0.0.0.0/45607] INFO  server.RaftServer (ConfUtils.java:logGet(46)) - raft.rpc.type = GRPC (default)
2022-12-23 07:23:19,501 [Listener at 0.0.0.0/45607] INFO  grpc.GrpcConfigKeys (ConfUtils.java:logFallback(53)) - raft.grpc.admin.host = null (fallback to raft.grpc.server.host)
2022-12-23 07:23:19,502 [Listener at 0.0.0.0/45607] INFO  grpc.GrpcConfigKeys (ConfUtils.java:logFallback(53)) - raft.grpc.admin.port = 9872 (fallback to raft.grpc.server.port)
2022-12-23 07:23:19,502 [Listener at 0.0.0.0/45607] INFO  grpc.GrpcConfigKeys (ConfUtils.java:logFallback(53)) - raft.grpc.client.host = null (fallback to raft.grpc.server.host)
2022-12-23 07:23:19,502 [Listener at 0.0.0.0/45607] INFO  grpc.GrpcConfigKeys (ConfUtils.java:logFallback(53)) - raft.grpc.client.port = 9872 (fallback to raft.grpc.server.port)
2022-12-23 07:23:19,502 [Listener at 0.0.0.0/45607] INFO  grpc.GrpcConfigKeys (ConfUtils.java:logGet(46)) - raft.grpc.server.host = null (default)
2022-12-23 07:23:19,502 [Listener at 0.0.0.0/45607] INFO  grpc.GrpcConfigKeys (ConfUtils.java:logGet(46)) - raft.grpc.server.port = 9872 (custom)
2022-12-23 07:23:19,502 [Listener at 0.0.0.0/45607] INFO  server.GrpcService (ConfUtils.java:logGet(46)) - raft.grpc.message.size.max = 33554432 (custom)
2022-12-23 07:23:19,503 [Listener at 0.0.0.0/45607] INFO  server.RaftServerConfigKeys (ConfUtils.java:logGet(46)) - raft.server.log.appender.buffer.byte-limit = 33554432 (custom)
2022-12-23 07:23:19,503 [Listener at 0.0.0.0/45607] INFO  server.GrpcService (ConfUtils.java:logGet(46)) - raft.grpc.flow.control.window = 1MB (=1048576) (default)
2022-12-23 07:23:19,503 [Listener at 0.0.0.0/45607] INFO  server.RaftServerConfigKeys (ConfUtils.java:logGet(46)) - raft.server.rpc.request.timeout = 3000ms (default)
2022-12-23 07:23:19,503 [Listener at 0.0.0.0/45607] INFO  grpc.GrpcConfigKeys (ConfUtils.java:logGet(46)) - raft.grpc.server.heartbeat.channel = true (default)
2022-12-23 07:23:19,503 [Listener at 0.0.0.0/45607] INFO  grpc.GrpcConfigKeys (ConfUtils.java:logGet(46)) - raft.grpc.server.async.request.thread.pool.cached = true (default)
2022-12-23 07:23:19,503 [Listener at 0.0.0.0/45607] INFO  grpc.GrpcConfigKeys (ConfUtils.java:logGet(46)) - raft.grpc.server.async.request.thread.pool.size = 32 (default)
2022-12-23 07:23:19,506 [Listener at 0.0.0.0/45607] INFO  impl.DataStreamServerImpl (ConfUtils.java:logGet(46)) - raft.datastream.type = NETTY (custom)
2022-12-23 07:23:19,506 [Listener at 0.0.0.0/45607] INFO  server.RaftServerConfigKeys (ConfUtils.java:logGet(46)) - raft.server.data-stream.async.request.thread.pool.cached = false (default)
2022-12-23 07:23:19,506 [Listener at 0.0.0.0/45607] INFO  server.RaftServerConfigKeys (ConfUtils.java:logGet(46)) - raft.server.data-stream.async.request.thread.pool.size = 32 (default)
2022-12-23 07:23:19,506 [Listener at 0.0.0.0/45607] INFO  server.RaftServerConfigKeys (ConfUtils.java:logGet(46)) - raft.server.data-stream.async.write.thread.pool.size = 16 (default)
2022-12-23 07:23:19,506 [Listener at 0.0.0.0/45607] INFO  server.RaftServerConfigKeys (ConfUtils.java:logGet(46)) - raft.server.data-stream.client.pool.size = 10 (default)
2022-12-23 07:23:19,506 [Listener at 0.0.0.0/45607] INFO  netty.NettyConfigKeys$DataStream (ConfUtils.java:logGet(46)) - raft.netty.dataStream.server.use-epoll = false (default)
2022-12-23 07:23:19,507 [Listener at 0.0.0.0/45607] INFO  netty.NettyConfigKeys$DataStream (ConfUtils.java:logGet(46)) - raft.netty.dataStream.server.boss-group.size = 0 (default)
2022-12-23 07:23:19,507 [Listener at 0.0.0.0/45607] INFO  netty.NettyConfigKeys$DataStream (ConfUtils.java:logGet(46)) - raft.netty.dataStream.server.worker-group.size = 0 (default)
2022-12-23 07:23:19,507 [Listener at 0.0.0.0/45607] INFO  netty.NettyConfigKeys$DataStream (ConfUtils.java:logGet(46)) - raft.netty.dataStream.server.tls.conf = null (default)
2022-12-23 07:23:19,507 [Listener at 0.0.0.0/45607] INFO  netty.NettyConfigKeys$DataStream (ConfUtils.java:logGet(46)) - raft.netty.dataStream.host = null (default)
2022-12-23 07:23:19,507 [Listener at 0.0.0.0/45607] INFO  netty.NettyConfigKeys$DataStream (ConfUtils.java:logGet(46)) - raft.netty.dataStream.port = 0 (default)
2022-12-23 07:23:19,508 [Listener at 0.0.0.0/45607] INFO  server.RaftServerConfigKeys (ConfUtils.java:logGet(46)) - raft.server.threadpool.proxy.cached = true (default)
2022-12-23 07:23:19,508 [Listener at 0.0.0.0/45607] INFO  server.RaftServerConfigKeys (ConfUtils.java:logGet(46)) - raft.server.threadpool.proxy.size = 0 (default)
2022-12-23 07:23:19,508 [Listener at 0.0.0.0/45607] INFO  server.RaftServerConfigKeys (ConfUtils.java:logGet(46)) - raft.server.rpc.slowness.timeout = 120s (custom)
2022-12-23 07:23:19,508 [Listener at 0.0.0.0/45607] INFO  server.RaftServerConfigKeys (ConfUtils.java:logGet(46)) - raft.server.leaderelection.leader.step-down.wait-time = 10s (default)
2022-12-23 07:23:19,508 [om1-NettyServerStreamRpc-bossGroup--thread1] INFO  logging.LoggingHandler (AbstractInternalLogger.java:log(148)) - [id: 0xdd946d38] REGISTERED
2022-12-23 07:23:19,509 [Listener at 0.0.0.0/45607] INFO  server.RaftServerConfigKeys (ConfUtils.java:logGet(46)) - raft.server.storage.dir = [/home/runner/work/ozone/ozone/hadoop-ozone/integration-test/target/test-dir/MiniOzoneClusterImpl-5de03c2c-9b33-404e-9524-94ed39684dfb/ozone-meta/ratis] (custom)
2022-12-23 07:23:19,509 [om1-NettyServerStreamRpc-bossGroup--thread1] INFO  logging.LoggingHandler (AbstractInternalLogger.java:log(148)) - [id: 0xdd946d38] BIND: 0.0.0.0/0.0.0.0:0
2022-12-23 07:23:19,509 [om1-NettyServerStreamRpc-bossGroup--thread1] INFO  logging.LoggingHandler (AbstractInternalLogger.java:log(148)) - [id: 0xdd946d38, L:/0:0:0:0:0:0:0:0:35073] ACTIVE
2022-12-23 07:23:19,510 [Listener at 0.0.0.0/45607] INFO  server.RaftServer (RaftServerProxy.java:addNew(96)) - om1: addNew group-C5BA1605619E:[om1|rpc:localhost:9872|priority:0|startupRole:FOLLOWER] returns group-C5BA1605619E:java.util.concurrent.CompletableFuture@1af8946b[Not completed]
2022-12-23 07:23:19,510 [pool-636-thread-1] INFO  server.RaftServer$Division (RaftServerImpl.java:<init>(195)) - om1: new RaftServerImpl for group-C5BA1605619E:[om1|rpc:localhost:9872|priority:0|startupRole:FOLLOWER] with OzoneManagerStateMachine:uninitialized
2022-12-23 07:23:19,510 [Listener at 0.0.0.0/45607] INFO  om.OzoneManager (OzoneManager.java:initializeRatisServer(1979)) - OzoneManager Ratis server initialized at port 9872
2022-12-23 07:23:19,510 [pool-636-thread-1] INFO  server.RaftServerConfigKeys (ConfUtils.java:logGet(46)) - raft.server.rpc.timeout.min = 1s (custom)
2022-12-23 07:23:19,510 [pool-636-thread-1] INFO  server.RaftServerConfigKeys (ConfUtils.java:logGet(46)) - raft.server.rpc.timeout.max = 1200ms (custom)
2022-12-23 07:23:19,510 [pool-636-thread-1] INFO  server.RaftServerConfigKeys (ConfUtils.java:logGet(46)) - raft.server.rpc.sleep.time = 25ms (default)
2022-12-23 07:23:19,510 [pool-636-thread-1] INFO  server.RaftServerConfigKeys (ConfUtils.java:logGet(46)) - raft.server.rpc.slowness.timeout = 120s (custom)
2022-12-23 07:23:19,510 [pool-636-thread-1] INFO  server.RaftServerConfigKeys (ConfUtils.java:logGet(46)) - raft.server.leaderelection.leader.step-down.wait-time = 10s (default)
2022-12-23 07:23:19,510 [pool-636-thread-1] INFO  server.RaftServerConfigKeys (ConfUtils.java:logGet(46)) - raft.server.sleep.deviation.threshold = 300ms (default)
2022-12-23 07:23:19,510 [pool-636-thread-1] INFO  server.RaftServer$Division (ServerState.java:<init>(118)) - om1@group-C5BA1605619E: ConfigurationManager, init=-1: peers:[om1|rpc:localhost:9872|priority:0|startupRole:FOLLOWER]|listeners:[], old=null, confs=<EMPTY_MAP>
2022-12-23 07:23:19,510 [pool-636-thread-1] INFO  server.RaftServerConfigKeys (ConfUtils.java:logGet(46)) - raft.server.storage.dir = [/home/runner/work/ozone/ozone/hadoop-ozone/integration-test/target/test-dir/MiniOzoneClusterImpl-5de03c2c-9b33-404e-9524-94ed39684dfb/ozone-meta/ratis] (custom)
2022-12-23 07:23:19,510 [pool-636-thread-1] INFO  server.RaftServerConfigKeys (ConfUtils.java:logGet(46)) - raft.server.log.corruption.policy = EXCEPTION (default)
2022-12-23 07:23:19,511 [pool-636-thread-1] INFO  server.RaftServerConfigKeys (ConfUtils.java:logGet(46)) - raft.server.storage.free-space.min = 0MB (=0) (default)
2022-12-23 07:23:19,511 [pool-636-thread-1] INFO  server.RaftServerConfigKeys (ConfUtils.java:logGet(46)) - raft.server.notification.no-leader.timeout = 120s (custom)
2022-12-23 07:23:19,511 [Listener at 0.0.0.0/45607] INFO  om.OzoneManager (OzoneManager.java:getRpcServer(1106)) - Creating RPC Server
2022-12-23 07:23:19,511 [pool-636-thread-1] INFO  server.RaftServerConfigKeys (ConfUtils.java:logGet(46)) - raft.server.retrycache.expirytime = 300s (custom)
2022-12-23 07:23:19,511 [pool-636-thread-1] INFO  server.RaftServerConfigKeys (ConfUtils.java:logGet(46)) - raft.server.retrycache.statistics.expirytime = 100μs (default)
2022-12-23 07:23:19,511 [pool-636-thread-1] INFO  server.RaftServerConfigKeys (ConfUtils.java:logGet(46)) - raft.server.log.appender.install.snapshot.enabled = false (custom)
2022-12-23 07:23:19,511 [pool-636-thread-1] INFO  server.RaftServerConfigKeys (ConfUtils.java:logGet(46)) - raft.server.threadpool.server.cached = true (default)
2022-12-23 07:23:19,511 [pool-636-thread-1] INFO  server.RaftServerConfigKeys (ConfUtils.java:logGet(46)) - raft.server.threadpool.server.size = 0 (default)
2022-12-23 07:23:19,511 [pool-636-thread-1] INFO  server.RaftServerConfigKeys (ConfUtils.java:logGet(46)) - raft.server.threadpool.client.cached = true (default)
2022-12-23 07:23:19,511 [pool-636-thread-1] INFO  server.RaftServerConfigKeys (ConfUtils.java:logGet(46)) - raft.server.threadpool.client.size = 0 (default)
2022-12-23 07:23:19,874 [Listener at 0.0.0.0/45607] INFO  reflections.Reflections (Reflections.java:scan(232)) - Reflections took 361 ms to scan 19 urls, producing 67 keys and 4514 values [using 2 cores]
2022-12-23 07:23:19,875 [Listener at 0.0.0.0/45607] INFO  ipc.CallQueueManager (CallQueueManager.java:<init>(90)) - Using callQueue: class java.util.concurrent.LinkedBlockingQueue, queueCapacity: 2000, scheduler: class org.apache.hadoop.ipc.DefaultRpcScheduler, ipcBackoff: false.
2022-12-23 07:23:19,879 [Socket Reader #1 for port 0] INFO  ipc.Server (Server.java:run(1273)) - Starting Socket Reader #1 for port 0
2022-12-23 07:23:19,901 [Listener at 127.0.0.1/40955] INFO  impl.MetricsSystemImpl (MetricsSystemImpl.java:init(158)) - OzoneManager metrics system started (again)
2022-12-23 07:23:19,912 [Listener at 127.0.0.1/40955] INFO  om.OzoneManager (OzoneManager.java:start(1486)) - OzoneManager RPC server is listening at localhost/127.0.0.1:40955
2022-12-23 07:23:19,912 [Listener at 127.0.0.1/40955] INFO  ratis.OzoneManagerRatisServer (OzoneManagerRatisServer.java:start(555)) - Starting OzoneManagerRatisServer om1 at port 9872
2022-12-23 07:23:19,913 [om1-impl-thread1] INFO  storage.RaftStorageDirectory (RaftStorageDirectoryImpl.java:analyzeStorage(137)) - The storage directory /home/runner/work/ozone/ozone/hadoop-ozone/integration-test/target/test-dir/MiniOzoneClusterImpl-5de03c2c-9b33-404e-9524-94ed39684dfb/ozone-meta/ratis/bf265839-605b-3f16-9796-c5ba1605619e does not exist. Creating ...
2022-12-23 07:23:19,914 [om1-impl-thread1] INFO  storage.RaftStorageDirectory (RaftStorageDirectoryImpl.java:tryLock(231)) - Lock on /home/runner/work/ozone/ozone/hadoop-ozone/integration-test/target/test-dir/MiniOzoneClusterImpl-5de03c2c-9b33-404e-9524-94ed39684dfb/ozone-meta/ratis/bf265839-605b-3f16-9796-c5ba1605619e/in_use.lock acquired by nodename 81300@fv-az505-480
2022-12-23 07:23:19,915 [om1-impl-thread1] INFO  storage.RaftStorage (RaftStorageImpl.java:format(96)) - Storage directory /home/runner/work/ozone/ozone/hadoop-ozone/integration-test/target/test-dir/MiniOzoneClusterImpl-5de03c2c-9b33-404e-9524-94ed39684dfb/ozone-meta/ratis/bf265839-605b-3f16-9796-c5ba1605619e has been successfully formatted.
2022-12-23 07:23:19,916 [om1-impl-thread1] INFO  server.RaftServerConfigKeys (ConfUtils.java:logGet(46)) - raft.server.log.use.memory = false (default)
2022-12-23 07:23:19,916 [om1-impl-thread1] INFO  server.RaftServerConfigKeys (ConfUtils.java:logGet(46)) - raft.server.log.purge.gap = 1000000 (custom)
2022-12-23 07:23:19,916 [om1-impl-thread1] INFO  server.RaftServerConfigKeys (ConfUtils.java:logGet(46)) - raft.server.log.appender.buffer.byte-limit = 33554432 (custom)
2022-12-23 07:23:19,916 [om1-impl-thread1] INFO  server.RaftServerConfigKeys (ConfUtils.java:logGet(46)) - raft.server.log.statemachine.data.read.timeout = 1000ms (default)
2022-12-23 07:23:19,916 [om1-impl-thread1] INFO  server.RaftServerConfigKeys (ConfUtils.java:logGet(46)) - raft.server.log.purge.preservation.log.num = 0 (default)
2022-12-23 07:23:19,916 [om1-impl-thread1] INFO  server.RaftServerConfigKeys (ConfUtils.java:logGet(46)) - raft.server.log.segment.size.max = 4194304 (custom)
2022-12-23 07:23:19,916 [om1-impl-thread1] INFO  server.RaftServerConfigKeys (ConfUtils.java:logGet(46)) - raft.server.log.segment.cache.num.max = 2 (custom)
2022-12-23 07:23:19,916 [om1-impl-thread1] INFO  server.RaftServerConfigKeys (ConfUtils.java:logGet(46)) - raft.server.log.segment.cache.size.max = 200MB (=209715200) (default)
2022-12-23 07:23:19,916 [om1-impl-thread1] INFO  segmented.SegmentedRaftLogWorker (SegmentedRaftLogWorker.java:<init>(189)) - new om1@group-C5BA1605619E-SegmentedRaftLogWorker for RaftStorageImpl:Storage Directory /home/runner/work/ozone/ozone/hadoop-ozone/integration-test/target/test-dir/MiniOzoneClusterImpl-5de03c2c-9b33-404e-9524-94ed39684dfb/ozone-meta/ratis/bf265839-605b-3f16-9796-c5ba1605619e
2022-12-23 07:23:19,916 [om1-impl-thread1] INFO  server.RaftServerConfigKeys (ConfUtils.java:logGet(46)) - raft.server.log.queue.byte-limit = 64MB (=67108864) (default)
2022-12-23 07:23:19,916 [om1-impl-thread1] INFO  server.RaftServerConfigKeys (ConfUtils.java:logGet(46)) - raft.server.log.queue.element-limit = 4096 (default)
2022-12-23 07:23:19,916 [om1-impl-thread1] INFO  server.RaftServerConfigKeys (ConfUtils.java:logGet(46)) - raft.server.log.segment.size.max = 4194304 (custom)
2022-12-23 07:23:19,916 [om1-impl-thread1] INFO  server.RaftServerConfigKeys (ConfUtils.java:logGet(46)) - raft.server.log.preallocated.size = 4194304 (custom)
2022-12-23 07:23:19,916 [om1-impl-thread1] INFO  server.RaftServerConfigKeys (ConfUtils.java:logGet(46)) - raft.server.log.force.sync.num = 128 (default)
2022-12-23 07:23:19,917 [om1-impl-thread1] INFO  server.RaftServerConfigKeys (ConfUtils.java:logGet(46)) - raft.server.log.statemachine.data.sync = true (default)
2022-12-23 07:23:19,917 [om1-impl-thread1] INFO  server.RaftServerConfigKeys (ConfUtils.java:logGet(46)) - raft.server.log.statemachine.data.sync.timeout = 10s (default)
2022-12-23 07:23:19,917 [om1-impl-thread1] INFO  server.RaftServerConfigKeys (ConfUtils.java:logGet(46)) - raft.server.log.statemachine.data.sync.timeout.retry = -1 (default)
2022-12-23 07:23:19,917 [om1-impl-thread1] INFO  server.RaftServerConfigKeys (ConfUtils.java:logGet(46)) - raft.server.log.write.buffer.size = 64KB (=65536) (default)
2022-12-23 07:23:19,917 [om1-impl-thread1] INFO  server.RaftServerConfigKeys (ConfUtils.java:logGet(46)) - raft.server.log.appender.buffer.byte-limit = 33554432 (custom)
2022-12-23 07:23:19,922 [om1-impl-thread1] INFO  server.RaftServerConfigKeys (ConfUtils.java:logGet(46)) - raft.server.log.unsafe-flush.enabled = false (default)
2022-12-23 07:23:19,922 [om1-impl-thread1] INFO  server.RaftServerConfigKeys (ConfUtils.java:logGet(46)) - raft.server.log.async-flush.enabled = false (default)
2022-12-23 07:23:19,922 [om1-impl-thread1] INFO  server.RaftServerConfigKeys (ConfUtils.java:logGet(46)) - raft.server.log.statemachine.data.caching.enabled = false (default)
2022-12-23 07:23:19,922 [om1-impl-thread1] INFO  segmented.SegmentedRaftLogWorker (SegmentedRaftLogWorker.java:lambda$new$0(135)) - om1@group-C5BA1605619E-SegmentedRaftLogWorker: flushIndex: setUnconditionally 0 -> -1
2022-12-23 07:23:19,923 [om1-impl-thread1] INFO  segmented.SegmentedRaftLogWorker (SegmentedRaftLogWorker.java:lambda$new$0(135)) - om1@group-C5BA1605619E-SegmentedRaftLogWorker: safeCacheEvictIndex: setUnconditionally 0 -> -1
2022-12-23 07:23:19,923 [om1-impl-thread1] INFO  server.RaftServer$Division (RaftServerImpl.java:start(334)) - om1@group-C5BA1605619E: start as a follower, conf=-1: peers:[om1|rpc:localhost:9872|priority:0|startupRole:FOLLOWER]|listeners:[], old=null
2022-12-23 07:23:19,923 [om1-impl-thread1] INFO  server.RaftServer$Division (RaftServerImpl.java:setRole(321)) - om1@group-C5BA1605619E: changes role from      null to FOLLOWER at term 0 for startAsFollower
2022-12-23 07:23:19,923 [om1-impl-thread1] INFO  impl.RoleInfo (RoleInfo.java:updateAndGet(139)) - om1: start om1@group-C5BA1605619E-FollowerState
2022-12-23 07:23:19,923 [om1-impl-thread1] INFO  util.JmxRegister (JmxRegister.java:tryRegister(44)) - Successfully registered JMX Bean with object name Ratis:service=RaftServer,group=group-C5BA1605619E,id=om1
2022-12-23 07:23:19,923 [om1-impl-thread1] INFO  server.RaftServerConfigKeys (ConfUtils.java:logGet(46)) - raft.server.snapshot.auto.trigger.enabled = true (custom)
2022-12-23 07:23:19,923 [om1-impl-thread1] INFO  server.RaftServerConfigKeys (ConfUtils.java:logGet(46)) - raft.server.snapshot.auto.trigger.threshold = 400000 (default)
2022-12-23 07:23:19,923 [om1-impl-thread1] INFO  server.RaftServerConfigKeys (ConfUtils.java:logGet(46)) - raft.server.snapshot.retention.file.num = -1 (default)
2022-12-23 07:23:19,923 [om1-impl-thread1] INFO  server.RaftServerConfigKeys (ConfUtils.java:logGet(46)) - raft.server.log.purge.upto.snapshot.index = true (custom)
2022-12-23 07:23:19,924 [om1@group-C5BA1605619E-FollowerState] INFO  server.RaftServerConfigKeys (ConfUtils.java:logFallback(53)) - raft.server.rpc.first-election.timeout.min = 1s (fallback to raft.server.rpc.timeout.min)
2022-12-23 07:23:19,924 [om1@group-C5BA1605619E-FollowerState] INFO  server.RaftServerConfigKeys (ConfUtils.java:logFallback(53)) - raft.server.rpc.first-election.timeout.max = 1200ms (fallback to raft.server.rpc.timeout.max)
2022-12-23 07:23:19,927 [Listener at 127.0.0.1/40955] INFO  server.RaftServer (RaftServerProxy.java:startImpl(393)) - om1: start RPC server
2022-12-23 07:23:19,930 [Listener at 127.0.0.1/40955] INFO  server.GrpcService (GrpcService.java:startImpl(262)) - om1: GrpcService started, listening on 9872
2022-12-23 07:23:19,932 [JvmPauseMonitor16] INFO  util.JvmPauseMonitor (JvmPauseMonitor.java:run(105)) - JvmPauseMonitor-om1: Started
2022-12-23 07:23:19,932 [Listener at 127.0.0.1/40955] INFO  om.OzoneManager (OzoneManager.java:start(1502)) - Version File has different layout version (3) than OM DB (null). That is expected if this OM has never been finalized to a newer layout version.
2022-12-23 07:23:19,935 [Listener at 127.0.0.1/40955] INFO  http.BaseHttpServer (BaseHttpServer.java:newHttpServer2BuilderForOzone(213)) - Starting Web-server for ozoneManager at: http://0.0.0.0:0
2022-12-23 07:23:19,935 [Listener at 127.0.0.1/40955] INFO  http.BaseHttpServer (BaseHttpServer.java:<init>(108)) - Hadoop Security Enabled: false Ozone Security Enabled: false Ozone HTTP Security Enabled: false 
2022-12-23 07:23:19,937 [Listener at 127.0.0.1/40955] WARN  server.AuthenticationFilter (AuthenticationFilter.java:constructSecretProvider(240)) - Unable to initialize FileSignerSecretProvider, falling back to use random secrets. Reason: Could not read signature secret file: /home/runner/hadoop-http-auth-signature-secret
2022-12-23 07:23:19,937 [Listener at 127.0.0.1/40955] WARN  http.HttpRequestLog (HttpRequestLog.java:getRequestLog(103)) - Jetty request log can only be enabled using Log4j
2022-12-23 07:23:19,939 [Listener at 127.0.0.1/40955] INFO  http.HttpServer2 (HttpServer2.java:addGlobalFilter(1031)) - Added global filter 'safety' (class=org.apache.hadoop.hdds.server.http.HttpServer2$QuotingInputFilter)
2022-12-23 07:23:19,940 [Listener at 127.0.0.1/40955] INFO  http.HttpServer2 (HttpServer2.java:addFilter(1007)) - Added filter static_user_filter (class=org.apache.hadoop.http.lib.StaticUserWebFilter$StaticUserFilter) to context ozoneManager
2022-12-23 07:23:19,940 [Listener at 127.0.0.1/40955] INFO  http.HttpServer2 (HttpServer2.java:addFilter(1015)) - Added filter static_user_filter (class=org.apache.hadoop.http.lib.StaticUserWebFilter$StaticUserFilter) to context static
2022-12-23 07:23:19,940 [Listener at 127.0.0.1/40955] INFO  http.HttpServer2 (HttpServer2.java:addFilter(1015)) - Added filter static_user_filter (class=org.apache.hadoop.http.lib.StaticUserWebFilter$StaticUserFilter) to context logs
2022-12-23 07:23:19,940 [Listener at 127.0.0.1/40955] INFO  http.HttpServer2 (HttpServer2.java:bindListener(1250)) - Jetty bound to port 46015
2022-12-23 07:23:19,941 [Listener at 127.0.0.1/40955] INFO  server.Server (Server.java:doStart(375)) - jetty-9.4.49.v20220914; built: 2022-09-14T01:07:36.601Z; git: 4231a3b2e4cb8548a412a789936d640a97b1aa0a; jvm 1.8.0_352-b08
2022-12-23 07:23:19,945 [Listener at 127.0.0.1/40955] INFO  server.session (DefaultSessionIdManager.java:doStart(334)) - DefaultSessionIdManager workerName=node0
2022-12-23 07:23:19,945 [Listener at 127.0.0.1/40955] INFO  server.session (DefaultSessionIdManager.java:doStart(339)) - No SessionScavenger set, using defaults
2022-12-23 07:23:19,945 [Listener at 127.0.0.1/40955] INFO  server.session (HouseKeeper.java:startScavenging(132)) - node0 Scavenging every 600000ms
2022-12-23 07:23:19,947 [Listener at 127.0.0.1/40955] INFO  handler.ContextHandler (ContextHandler.java:doStart(921)) - Started o.e.j.s.ServletContextHandler@5bc7e759{logs,/logs,file:///home/runner/work/ozone/ozone/hadoop-ozone/integration-test/target/log,AVAILABLE}
2022-12-23 07:23:19,947 [Listener at 127.0.0.1/40955] INFO  handler.ContextHandler (ContextHandler.java:doStart(921)) - Started o.e.j.s.ServletContextHandler@77b760b3{static,/static,file:///home/runner/work/ozone/ozone/hadoop-ozone/integration-test/target/test-classes/webapps/static,AVAILABLE}
2022-12-23 07:23:19,951 [Listener at 127.0.0.1/40955] INFO  handler.ContextHandler (ContextHandler.java:doStart(921)) - Started o.e.j.w.WebAppContext@6a20c1b6{ozoneManager,/,file:///home/runner/work/ozone/ozone/hadoop-ozone/integration-test/target/test-classes/webapps/ozoneManager/,AVAILABLE}{file:/home/runner/work/ozone/ozone/hadoop-ozone/integration-test/target/test-classes/webapps/ozoneManager}
2022-12-23 07:23:19,952 [Listener at 127.0.0.1/40955] INFO  server.AbstractConnector (AbstractConnector.java:doStart(333)) - Started ServerConnector@73de872d{HTTP/1.1, (http/1.1)}{0.0.0.0:46015}
2022-12-23 07:23:19,952 [Listener at 127.0.0.1/40955] INFO  server.Server (Server.java:doStart(415)) - Started @100911ms
2022-12-23 07:23:19,952 [Listener at 127.0.0.1/40955] WARN  impl.MetricsSystemImpl (MetricsSystemImpl.java:register(279)) - Sink prometheus already exists!
2022-12-23 07:23:19,953 [Listener at 127.0.0.1/40955] INFO  http.BaseHttpServer (BaseHttpServer.java:updateConnectorAddress(333)) - HTTP server of ozoneManager listening at http://0.0.0.0:46015
2022-12-23 07:23:19,953 [IPC Server Responder] INFO  ipc.Server (Server.java:run(1512)) - IPC Server Responder: starting
2022-12-23 07:23:19,960 [Listener at 127.0.0.1/40955] INFO  om.OzoneManager (OzoneManager.java:startTrashEmptier(1923)) - Trash Interval set to 0. Files deleted won't move to trash
2022-12-23 07:23:19,963 [IPC Server listener on 0] INFO  ipc.Server (Server.java:run(1352)) - IPC Server listener on 0: starting
2022-12-23 07:23:19,968 [org.apache.hadoop.util.JvmPauseMonitor$Monitor@4a1bbaab] INFO  util.JvmPauseMonitor (JvmPauseMonitor.java:run(188)) - Starting JVM pause monitor
2022-12-23 07:23:19,970 [Listener at 127.0.0.1/40955] WARN  impl.MetricRegistriesImpl (MetricRegistriesImpl.java:addReporterRegistration(111)) - New reporters are added after registries were created. Some metrics will be missing from the reporter. Please add reporter before adding any new registry.
2022-12-23 07:23:19,970 [Listener at 127.0.0.1/40955] WARN  impl.MetricRegistriesImpl (MetricRegistriesImpl.java:addReporterRegistration(111)) - New reporters are added after registries were created. Some metrics will be missing from the reporter. Please add reporter before adding any new registry.
2022-12-23 07:23:19,970 [Listener at 127.0.0.1/40955] INFO  impl.MetricsSystemImpl (MetricsSystemImpl.java:init(158)) - HddsDatanode metrics system started (again)
2022-12-23 07:23:19,983 [Listener at 127.0.0.1/40955] INFO  ozone.HddsDatanodeService (HddsDatanodeService.java:start(237)) - HddsDatanodeService host:fv-az505-480.g2e1luzo1moefklhgra4trf2va.dx.internal.cloudapp.net ip:10.1.0.40
2022-12-23 07:23:20,008 [Listener at 127.0.0.1/40955] INFO  upgrade.AbstractLayoutVersionManager (AbstractLayoutVersionManager.java:init(83)) - Initializing Layout version manager with metadata layout = DATANODE_SCHEMA_V3 (version = 4), software layout = DATANODE_SCHEMA_V3 (version = 4)
2022-12-23 07:23:20,128 [Listener at 127.0.0.1/40955] INFO  reflections.Reflections (Reflections.java:scan(232)) - Reflections took 119 ms to scan 7 urls, producing 146 keys and 348 values 
2022-12-23 07:23:20,130 [Listener at 127.0.0.1/40955] INFO  statemachine.DatanodeStateMachine (DatanodeStateMachine.java:getEndPointTaskThreadPoolSize(248)) - Datanode State Machine Task Thread Pool size 2
2022-12-23 07:23:20,132 [Listener at 127.0.0.1/40955] INFO  volume.HddsVolume (HddsVolume.java:<init>(117)) - Creating HddsVolume: /home/runner/work/ozone/ozone/hadoop-ozone/integration-test/target/test-dir/MiniOzoneClusterImpl-5de03c2c-9b33-404e-9524-94ed39684dfb/datanode-0/data-0/containers/hdds of storage type : DISK capacity : 9223372036854775807
2022-12-23 07:23:20,132 [Listener at 127.0.0.1/40955] INFO  volume.MutableVolumeSet (MutableVolumeSet.java:initializeVolumeSet(174)) - Added Volume : /home/runner/work/ozone/ozone/hadoop-ozone/integration-test/target/test-dir/MiniOzoneClusterImpl-5de03c2c-9b33-404e-9524-94ed39684dfb/datanode-0/data-0/containers/hdds to VolumeSet
2022-12-23 07:23:20,132 [Listener at 127.0.0.1/40955] INFO  volume.ThrottledAsyncChecker (ThrottledAsyncChecker.java:schedule(141)) - Scheduling a check for /home/runner/work/ozone/ozone/hadoop-ozone/integration-test/target/test-dir/MiniOzoneClusterImpl-5de03c2c-9b33-404e-9524-94ed39684dfb/datanode-0/data-0/containers/hdds
2022-12-23 07:23:20,133 [Listener at 127.0.0.1/40955] INFO  volume.StorageVolumeChecker (StorageVolumeChecker.java:checkAllVolumes(202)) - Scheduled health check for volume /home/runner/work/ozone/ozone/hadoop-ozone/integration-test/target/test-dir/MiniOzoneClusterImpl-5de03c2c-9b33-404e-9524-94ed39684dfb/datanode-0/data-0/containers/hdds
2022-12-23 07:23:20,146 [Listener at 127.0.0.1/40955] INFO  volume.MutableVolumeSet (MutableVolumeSet.java:initializeVolumeSet(174)) - Added Volume : /home/runner/work/ozone/ozone/hadoop-ozone/integration-test/target/test-dir/MiniOzoneClusterImpl-5de03c2c-9b33-404e-9524-94ed39684dfb/datanode-0/data/ratis to VolumeSet
2022-12-23 07:23:20,147 [Listener at 127.0.0.1/40955] INFO  volume.ThrottledAsyncChecker (ThrottledAsyncChecker.java:schedule(141)) - Scheduling a check for /home/runner/work/ozone/ozone/hadoop-ozone/integration-test/target/test-dir/MiniOzoneClusterImpl-5de03c2c-9b33-404e-9524-94ed39684dfb/datanode-0/data/ratis
2022-12-23 07:23:20,147 [Listener at 127.0.0.1/40955] INFO  volume.StorageVolumeChecker (StorageVolumeChecker.java:checkAllVolumes(202)) - Scheduled health check for volume /home/runner/work/ozone/ozone/hadoop-ozone/integration-test/target/test-dir/MiniOzoneClusterImpl-5de03c2c-9b33-404e-9524-94ed39684dfb/datanode-0/data/ratis
2022-12-23 07:23:20,158 [Thread-1307] INFO  ozoneimpl.ContainerReader (ContainerReader.java:readVolume(175)) - Finish verifying containers on volume /home/runner/work/ozone/ozone/hadoop-ozone/integration-test/target/test-dir/MiniOzoneClusterImpl-5de03c2c-9b33-404e-9524-94ed39684dfb/datanode-0/data-0/containers/hdds
2022-12-23 07:23:20,158 [Listener at 127.0.0.1/40955] INFO  ozoneimpl.OzoneContainer (OzoneContainer.java:buildContainerSet(301)) - Build ContainerSet costs 0s
2022-12-23 07:23:20,160 [Listener at 127.0.0.1/40955] INFO  server.RaftServer (ConfUtils.java:logGet(46)) - raft.rpc.type = GRPC (default)
2022-12-23 07:23:20,160 [Listener at 127.0.0.1/40955] INFO  grpc.GrpcConfigKeys (ConfUtils.java:logFallback(53)) - raft.grpc.admin.host = null (fallback to raft.grpc.server.host)
2022-12-23 07:23:20,161 [Listener at 127.0.0.1/40955] INFO  grpc.GrpcConfigKeys (ConfUtils.java:logGet(46)) - raft.grpc.admin.port = 0 (custom)
2022-12-23 07:23:20,161 [Listener at 127.0.0.1/40955] INFO  grpc.GrpcConfigKeys (ConfUtils.java:logFallback(53)) - raft.grpc.client.host = null (fallback to raft.grpc.server.host)
2022-12-23 07:23:20,161 [Listener at 127.0.0.1/40955] INFO  grpc.GrpcConfigKeys (ConfUtils.java:logGet(46)) - raft.grpc.client.port = 0 (custom)
2022-12-23 07:23:20,161 [Listener at 127.0.0.1/40955] INFO  grpc.GrpcConfigKeys (ConfUtils.java:logGet(46)) - raft.grpc.server.host = null (default)
2022-12-23 07:23:20,161 [Listener at 127.0.0.1/40955] INFO  grpc.GrpcConfigKeys (ConfUtils.java:logGet(46)) - raft.grpc.server.port = 0 (default)
2022-12-23 07:23:20,161 [Listener at 127.0.0.1/40955] INFO  server.GrpcService (ConfUtils.java:logGet(46)) - raft.grpc.message.size.max = 32MB (=33554432) (custom)
2022-12-23 07:23:20,162 [Listener at 127.0.0.1/40955] INFO  server.RaftServerConfigKeys (ConfUtils.java:logGet(46)) - raft.server.log.appender.buffer.byte-limit = 33554432 (custom)
2022-12-23 07:23:20,162 [Listener at 127.0.0.1/40955] INFO  server.GrpcService (ConfUtils.java:logGet(46)) - raft.grpc.flow.control.window = 5MB (=5242880) (custom)
2022-12-23 07:23:20,162 [Listener at 127.0.0.1/40955] INFO  server.RaftServerConfigKeys (ConfUtils.java:logGet(46)) - raft.server.rpc.request.timeout = 60s (custom)
2022-12-23 07:23:20,162 [Listener at 127.0.0.1/40955] INFO  grpc.GrpcConfigKeys (ConfUtils.java:logGet(46)) - raft.grpc.server.heartbeat.channel = true (default)
2022-12-23 07:23:20,162 [Listener at 127.0.0.1/40955] INFO  grpc.GrpcConfigKeys (ConfUtils.java:logGet(46)) - raft.grpc.server.async.request.thread.pool.cached = true (default)
2022-12-23 07:23:20,162 [Listener at 127.0.0.1/40955] INFO  grpc.GrpcConfigKeys (ConfUtils.java:logGet(46)) - raft.grpc.server.async.request.thread.pool.size = 32 (default)
2022-12-23 07:23:20,165 [Listener at 127.0.0.1/40955] INFO  impl.DataStreamServerImpl (ConfUtils.java:logGet(46)) - raft.datastream.type = NETTY (custom)
2022-12-23 07:23:20,165 [Listener at 127.0.0.1/40955] INFO  server.RaftServerConfigKeys (ConfUtils.java:logGet(46)) - raft.server.data-stream.async.request.thread.pool.cached = false (default)
2022-12-23 07:23:20,165 [Listener at 127.0.0.1/40955] INFO  server.RaftServerConfigKeys (ConfUtils.java:logGet(46)) - raft.server.data-stream.async.request.thread.pool.size = 20 (custom)
2022-12-23 07:23:20,165 [Listener at 127.0.0.1/40955] INFO  server.RaftServerConfigKeys (ConfUtils.java:logGet(46)) - raft.server.data-stream.async.write.thread.pool.size = 16 (default)
2022-12-23 07:23:20,165 [Listener at 127.0.0.1/40955] INFO  server.RaftServerConfigKeys (ConfUtils.java:logGet(46)) - raft.server.data-stream.client.pool.size = 10 (default)
2022-12-23 07:23:20,166 [Listener at 127.0.0.1/40955] INFO  netty.NettyConfigKeys$DataStream (ConfUtils.java:logGet(46)) - raft.netty.dataStream.server.use-epoll = false (default)
2022-12-23 07:23:20,166 [Listener at 127.0.0.1/40955] INFO  netty.NettyConfigKeys$DataStream (ConfUtils.java:logGet(46)) - raft.netty.dataStream.server.boss-group.size = 0 (default)
2022-12-23 07:23:20,166 [Listener at 127.0.0.1/40955] INFO  netty.NettyConfigKeys$DataStream (ConfUtils.java:logGet(46)) - raft.netty.dataStream.server.worker-group.size = 0 (default)
2022-12-23 07:23:20,166 [Listener at 127.0.0.1/40955] INFO  netty.NettyConfigKeys$DataStream (ConfUtils.java:logGet(46)) - raft.netty.dataStream.server.tls.conf = null (default)
2022-12-23 07:23:20,166 [Listener at 127.0.0.1/40955] INFO  netty.NettyConfigKeys$DataStream (ConfUtils.java:logGet(46)) - raft.netty.dataStream.host = null (default)
2022-12-23 07:23:20,167 [Listener at 127.0.0.1/40955] INFO  netty.NettyConfigKeys$DataStream (ConfUtils.java:logGet(46)) - raft.netty.dataStream.port = 0 (default)
2022-12-23 07:23:20,167 [Listener at 127.0.0.1/40955] INFO  server.RaftServerConfigKeys (ConfUtils.java:logGet(46)) - raft.server.threadpool.proxy.cached = true (default)
2022-12-23 07:23:20,167 [Listener at 127.0.0.1/40955] INFO  server.RaftServerConfigKeys (ConfUtils.java:logGet(46)) - raft.server.threadpool.proxy.size = 0 (default)
2022-12-23 07:23:20,167 [Listener at 127.0.0.1/40955] INFO  server.RaftServerConfigKeys (ConfUtils.java:logGet(46)) - raft.server.rpc.slowness.timeout = 300s (custom)
2022-12-23 07:23:20,167 [Listener at 127.0.0.1/40955] INFO  server.RaftServerConfigKeys (ConfUtils.java:logGet(46)) - raft.server.leaderelection.leader.step-down.wait-time = 10s (default)
2022-12-23 07:23:20,168 [Listener at 127.0.0.1/40955] INFO  server.RaftServerConfigKeys (ConfUtils.java:logGet(46)) - raft.server.storage.dir = [/home/runner/work/ozone/ozone/hadoop-ozone/integration-test/target/test-dir/MiniOzoneClusterImpl-5de03c2c-9b33-404e-9524-94ed39684dfb/datanode-0/data/ratis] (custom)
2022-12-23 07:23:20,168 [c3e38919-3de5-4a36-90ed-6b481ac4f646-NettyServerStreamRpc-bossGroup--thread1] INFO  logging.LoggingHandler (AbstractInternalLogger.java:log(148)) - [id: 0xf1184609] REGISTERED
2022-12-23 07:23:20,168 [c3e38919-3de5-4a36-90ed-6b481ac4f646-NettyServerStreamRpc-bossGroup--thread1] INFO  logging.LoggingHandler (AbstractInternalLogger.java:log(148)) - [id: 0xf1184609] BIND: 0.0.0.0/0.0.0.0:0
2022-12-23 07:23:20,169 [c3e38919-3de5-4a36-90ed-6b481ac4f646-NettyServerStreamRpc-bossGroup--thread1] INFO  logging.LoggingHandler (AbstractInternalLogger.java:log(148)) - [id: 0xf1184609, L:/0:0:0:0:0:0:0:0:34561] ACTIVE
2022-12-23 07:23:20,170 [Listener at 127.0.0.1/40955] INFO  server.XceiverServerGrpc (XceiverServerGrpc.java:<init>(132)) - GrpcServer channel type EpollServerSocketChannel
2022-12-23 07:23:20,175 [Listener at 127.0.0.1/40955] INFO  http.BaseHttpServer (BaseHttpServer.java:newHttpServer2BuilderForOzone(213)) - Starting Web-server for hddsDatanode at: http://0.0.0.0:0
2022-12-23 07:23:20,175 [Listener at 127.0.0.1/40955] INFO  http.BaseHttpServer (BaseHttpServer.java:<init>(108)) - Hadoop Security Enabled: false Ozone Security Enabled: false Ozone HTTP Security Enabled: false 
2022-12-23 07:23:20,176 [Listener at 127.0.0.1/40955] WARN  server.AuthenticationFilter (AuthenticationFilter.java:constructSecretProvider(240)) - Unable to initialize FileSignerSecretProvider, falling back to use random secrets. Reason: Could not read signature secret file: /home/runner/hadoop-http-auth-signature-secret
2022-12-23 07:23:20,176 [Listener at 127.0.0.1/40955] WARN  http.HttpRequestLog (HttpRequestLog.java:getRequestLog(103)) - Jetty request log can only be enabled using Log4j
2022-12-23 07:23:20,177 [Listener at 127.0.0.1/40955] INFO  http.HttpServer2 (HttpServer2.java:addGlobalFilter(1031)) - Added global filter 'safety' (class=org.apache.hadoop.hdds.server.http.HttpServer2$QuotingInputFilter)
2022-12-23 07:23:20,178 [Listener at 127.0.0.1/40955] INFO  http.HttpServer2 (HttpServer2.java:addFilter(1007)) - Added filter static_user_filter (class=org.apache.hadoop.http.lib.StaticUserWebFilter$StaticUserFilter) to context hddsDatanode
2022-12-23 07:23:20,178 [Listener at 127.0.0.1/40955] INFO  http.HttpServer2 (HttpServer2.java:addFilter(1015)) - Added filter static_user_filter (class=org.apache.hadoop.http.lib.StaticUserWebFilter$StaticUserFilter) to context static
2022-12-23 07:23:20,178 [Listener at 127.0.0.1/40955] INFO  http.HttpServer2 (HttpServer2.java:addFilter(1015)) - Added filter static_user_filter (class=org.apache.hadoop.http.lib.StaticUserWebFilter$StaticUserFilter) to context logs
2022-12-23 07:23:20,178 [Listener at 127.0.0.1/40955] INFO  http.HttpServer2 (HttpServer2.java:bindListener(1250)) - Jetty bound to port 34163
2022-12-23 07:23:20,179 [Listener at 127.0.0.1/40955] INFO  server.Server (Server.java:doStart(375)) - jetty-9.4.49.v20220914; built: 2022-09-14T01:07:36.601Z; git: 4231a3b2e4cb8548a412a789936d640a97b1aa0a; jvm 1.8.0_352-b08
2022-12-23 07:23:20,180 [Listener at 127.0.0.1/40955] INFO  server.session (DefaultSessionIdManager.java:doStart(334)) - DefaultSessionIdManager workerName=node0
2022-12-23 07:23:20,180 [Listener at 127.0.0.1/40955] INFO  server.session (DefaultSessionIdManager.java:doStart(339)) - No SessionScavenger set, using defaults
2022-12-23 07:23:20,180 [Listener at 127.0.0.1/40955] INFO  server.session (HouseKeeper.java:startScavenging(132)) - node0 Scavenging every 660000ms
2022-12-23 07:23:20,182 [Listener at 127.0.0.1/40955] INFO  handler.ContextHandler (ContextHandler.java:doStart(921)) - Started o.e.j.s.ServletContextHandler@90a4093{logs,/logs,file:///home/runner/work/ozone/ozone/hadoop-ozone/integration-test/target/log,AVAILABLE}
2022-12-23 07:23:20,182 [Listener at 127.0.0.1/40955] INFO  handler.ContextHandler (ContextHandler.java:doStart(921)) - Started o.e.j.s.ServletContextHandler@6ca48223{static,/static,jar:file:/home/runner/.m2/repository/org/apache/ozone/hdds-container-service/1.3.0-SNAPSHOT/hdds-container-service-1.3.0-SNAPSHOT.jar!/webapps/static,AVAILABLE}
2022-12-23 07:23:20,382 [Listener at 127.0.0.1/40955] INFO  handler.ContextHandler (ContextHandler.java:doStart(921)) - Started o.e.j.w.WebAppContext@627562cb{hddsDatanode,/,file:///tmp/jetty-0_0_0_0-34163-hdds-container-service-1_3_0-SNAPSHOT_jar-_-any-4075135208365659942/webapp/,AVAILABLE}{jar:file:/home/runner/.m2/repository/org/apache/ozone/hdds-container-service/1.3.0-SNAPSHOT/hdds-container-service-1.3.0-SNAPSHOT.jar!/webapps/hddsDatanode}
2022-12-23 07:23:20,384 [Listener at 127.0.0.1/40955] INFO  server.AbstractConnector (AbstractConnector.java:doStart(333)) - Started ServerConnector@6aee016d{HTTP/1.1, (http/1.1)}{0.0.0.0:34163}
2022-12-23 07:23:20,385 [Listener at 127.0.0.1/40955] INFO  server.Server (Server.java:doStart(415)) - Started @101344ms
2022-12-23 07:23:20,385 [Listener at 127.0.0.1/40955] WARN  impl.MetricsSystemImpl (MetricsSystemImpl.java:register(279)) - Sink prometheus already exists!
2022-12-23 07:23:20,386 [Listener at 127.0.0.1/40955] INFO  http.BaseHttpServer (BaseHttpServer.java:updateConnectorAddress(333)) - HTTP server of hddsDatanode listening at http://0.0.0.0:34163
2022-12-23 07:23:20,386 [Datanode State Machine Daemon Thread] INFO  statemachine.DatanodeStateMachine (DatanodeStateMachine.java:lambda$startDaemon$0(508)) - Ozone container server started.
2022-12-23 07:23:20,386 [Listener at 127.0.0.1/40955] WARN  impl.MetricRegistriesImpl (MetricRegistriesImpl.java:addReporterRegistration(111)) - New reporters are added after registries were created. Some metrics will be missing from the reporter. Please add reporter before adding any new registry.
2022-12-23 07:23:20,387 [Listener at 127.0.0.1/40955] WARN  impl.MetricRegistriesImpl (MetricRegistriesImpl.java:addReporterRegistration(111)) - New reporters are added after registries were created. Some metrics will be missing from the reporter. Please add reporter before adding any new registry.
2022-12-23 07:23:20,387 [Listener at 127.0.0.1/40955] INFO  impl.MetricsSystemImpl (MetricsSystemImpl.java:init(158)) - HddsDatanode metrics system started (again)
2022-12-23 07:23:20,403 [org.apache.hadoop.util.JvmPauseMonitor$Monitor@10382585] INFO  util.JvmPauseMonitor (JvmPauseMonitor.java:run(188)) - Starting JVM pause monitor
2022-12-23 07:23:20,404 [Listener at 127.0.0.1/40955] INFO  ozone.HddsDatanodeService (HddsDatanodeService.java:start(237)) - HddsDatanodeService host:fv-az505-480.g2e1luzo1moefklhgra4trf2va.dx.internal.cloudapp.net ip:10.1.0.40
2022-12-23 07:23:20,409 [Datanode State Machine Task Thread - 0] INFO  datanode.InitDatanodeState (InitDatanodeState.java:persistContainerDatanodeDetails(138)) - DatanodeDetails is persisted to /home/runner/work/ozone/ozone/hadoop-ozone/integration-test/target/test-dir/MiniOzoneClusterImpl-5de03c2c-9b33-404e-9524-94ed39684dfb/datanode-0/meta/datanode.id
2022-12-23 07:23:20,427 [Listener at 127.0.0.1/40955] INFO  upgrade.AbstractLayoutVersionManager (AbstractLayoutVersionManager.java:init(83)) - Initializing Layout version manager with metadata layout = DATANODE_SCHEMA_V3 (version = 4), software layout = DATANODE_SCHEMA_V3 (version = 4)
2022-12-23 07:23:20,476 [Listener at 127.0.0.1/40955] INFO  reflections.Reflections (Reflections.java:scan(232)) - Reflections took 48 ms to scan 7 urls, producing 146 keys and 348 values 
2022-12-23 07:23:20,478 [Listener at 127.0.0.1/40955] INFO  statemachine.DatanodeStateMachine (DatanodeStateMachine.java:getEndPointTaskThreadPoolSize(248)) - Datanode State Machine Task Thread Pool size 2
2022-12-23 07:23:20,479 [Listener at 127.0.0.1/40955] INFO  volume.HddsVolume (HddsVolume.java:<init>(117)) - Creating HddsVolume: /home/runner/work/ozone/ozone/hadoop-ozone/integration-test/target/test-dir/MiniOzoneClusterImpl-5de03c2c-9b33-404e-9524-94ed39684dfb/datanode-1/data-0/containers/hdds of storage type : DISK capacity : 9223372036854775807
2022-12-23 07:23:20,480 [Listener at 127.0.0.1/40955] INFO  volume.MutableVolumeSet (MutableVolumeSet.java:initializeVolumeSet(174)) - Added Volume : /home/runner/work/ozone/ozone/hadoop-ozone/integration-test/target/test-dir/MiniOzoneClusterImpl-5de03c2c-9b33-404e-9524-94ed39684dfb/datanode-1/data-0/containers/hdds to VolumeSet
2022-12-23 07:23:20,480 [Listener at 127.0.0.1/40955] INFO  volume.ThrottledAsyncChecker (ThrottledAsyncChecker.java:schedule(141)) - Scheduling a check for /home/runner/work/ozone/ozone/hadoop-ozone/integration-test/target/test-dir/MiniOzoneClusterImpl-5de03c2c-9b33-404e-9524-94ed39684dfb/datanode-1/data-0/containers/hdds
2022-12-23 07:23:20,480 [Listener at 127.0.0.1/40955] INFO  volume.StorageVolumeChecker (StorageVolumeChecker.java:checkAllVolumes(202)) - Scheduled health check for volume /home/runner/work/ozone/ozone/hadoop-ozone/integration-test/target/test-dir/MiniOzoneClusterImpl-5de03c2c-9b33-404e-9524-94ed39684dfb/datanode-1/data-0/containers/hdds
2022-12-23 07:23:20,492 [Listener at 127.0.0.1/40955] INFO  volume.MutableVolumeSet (MutableVolumeSet.java:initializeVolumeSet(174)) - Added Volume : /home/runner/work/ozone/ozone/hadoop-ozone/integration-test/target/test-dir/MiniOzoneClusterImpl-5de03c2c-9b33-404e-9524-94ed39684dfb/datanode-1/data/ratis to VolumeSet
2022-12-23 07:23:20,493 [Listener at 127.0.0.1/40955] INFO  volume.ThrottledAsyncChecker (ThrottledAsyncChecker.java:schedule(141)) - Scheduling a check for /home/runner/work/ozone/ozone/hadoop-ozone/integration-test/target/test-dir/MiniOzoneClusterImpl-5de03c2c-9b33-404e-9524-94ed39684dfb/datanode-1/data/ratis
2022-12-23 07:23:20,493 [Listener at 127.0.0.1/40955] INFO  volume.StorageVolumeChecker (StorageVolumeChecker.java:checkAllVolumes(202)) - Scheduled health check for volume /home/runner/work/ozone/ozone/hadoop-ozone/integration-test/target/test-dir/MiniOzoneClusterImpl-5de03c2c-9b33-404e-9524-94ed39684dfb/datanode-1/data/ratis
2022-12-23 07:23:20,505 [Thread-1321] INFO  ozoneimpl.ContainerReader (ContainerReader.java:readVolume(175)) - Finish verifying containers on volume /home/runner/work/ozone/ozone/hadoop-ozone/integration-test/target/test-dir/MiniOzoneClusterImpl-5de03c2c-9b33-404e-9524-94ed39684dfb/datanode-1/data-0/containers/hdds
2022-12-23 07:23:20,505 [Listener at 127.0.0.1/40955] INFO  ozoneimpl.OzoneContainer (OzoneContainer.java:buildContainerSet(301)) - Build ContainerSet costs 0s
2022-12-23 07:23:20,507 [Listener at 127.0.0.1/40955] INFO  server.RaftServer (ConfUtils.java:logGet(46)) - raft.rpc.type = GRPC (default)
2022-12-23 07:23:20,507 [Listener at 127.0.0.1/40955] INFO  grpc.GrpcConfigKeys (ConfUtils.java:logFallback(53)) - raft.grpc.admin.host = null (fallback to raft.grpc.server.host)
2022-12-23 07:23:20,507 [Listener at 127.0.0.1/40955] INFO  grpc.GrpcConfigKeys (ConfUtils.java:logGet(46)) - raft.grpc.admin.port = 0 (custom)
2022-12-23 07:23:20,508 [Listener at 127.0.0.1/40955] INFO  grpc.GrpcConfigKeys (ConfUtils.java:logFallback(53)) - raft.grpc.client.host = null (fallback to raft.grpc.server.host)
2022-12-23 07:23:20,508 [Listener at 127.0.0.1/40955] INFO  grpc.GrpcConfigKeys (ConfUtils.java:logGet(46)) - raft.grpc.client.port = 0 (custom)
2022-12-23 07:23:20,508 [Listener at 127.0.0.1/40955] INFO  grpc.GrpcConfigKeys (ConfUtils.java:logGet(46)) - raft.grpc.server.host = null (default)
2022-12-23 07:23:20,508 [Listener at 127.0.0.1/40955] INFO  grpc.GrpcConfigKeys (ConfUtils.java:logGet(46)) - raft.grpc.server.port = 0 (default)
2022-12-23 07:23:20,508 [Listener at 127.0.0.1/40955] INFO  server.GrpcService (ConfUtils.java:logGet(46)) - raft.grpc.message.size.max = 32MB (=33554432) (custom)
2022-12-23 07:23:20,508 [Listener at 127.0.0.1/40955] INFO  server.RaftServerConfigKeys (ConfUtils.java:logGet(46)) - raft.server.log.appender.buffer.byte-limit = 33554432 (custom)
2022-12-23 07:23:20,508 [Listener at 127.0.0.1/40955] INFO  server.GrpcService (ConfUtils.java:logGet(46)) - raft.grpc.flow.control.window = 5MB (=5242880) (custom)
2022-12-23 07:23:20,508 [Listener at 127.0.0.1/40955] INFO  server.RaftServerConfigKeys (ConfUtils.java:logGet(46)) - raft.server.rpc.request.timeout = 60s (custom)
2022-12-23 07:23:20,509 [Listener at 127.0.0.1/40955] INFO  grpc.GrpcConfigKeys (ConfUtils.java:logGet(46)) - raft.grpc.server.heartbeat.channel = true (default)
2022-12-23 07:23:20,509 [Listener at 127.0.0.1/40955] INFO  grpc.GrpcConfigKeys (ConfUtils.java:logGet(46)) - raft.grpc.server.async.request.thread.pool.cached = true (default)
2022-12-23 07:23:20,509 [Listener at 127.0.0.1/40955] INFO  grpc.GrpcConfigKeys (ConfUtils.java:logGet(46)) - raft.grpc.server.async.request.thread.pool.size = 32 (default)
2022-12-23 07:23:20,510 [Listener at 127.0.0.1/40955] INFO  impl.DataStreamServerImpl (ConfUtils.java:logGet(46)) - raft.datastream.type = NETTY (custom)
2022-12-23 07:23:20,510 [Listener at 127.0.0.1/40955] INFO  server.RaftServerConfigKeys (ConfUtils.java:logGet(46)) - raft.server.data-stream.async.request.thread.pool.cached = false (default)
2022-12-23 07:23:20,510 [Listener at 127.0.0.1/40955] INFO  server.RaftServerConfigKeys (ConfUtils.java:logGet(46)) - raft.server.data-stream.async.request.thread.pool.size = 20 (custom)
2022-12-23 07:23:20,511 [Listener at 127.0.0.1/40955] INFO  server.RaftServerConfigKeys (ConfUtils.java:logGet(46)) - raft.server.data-stream.async.write.thread.pool.size = 16 (default)
2022-12-23 07:23:20,511 [Listener at 127.0.0.1/40955] INFO  server.RaftServerConfigKeys (ConfUtils.java:logGet(46)) - raft.server.data-stream.client.pool.size = 10 (default)
2022-12-23 07:23:20,511 [Listener at 127.0.0.1/40955] INFO  netty.NettyConfigKeys$DataStream (ConfUtils.java:logGet(46)) - raft.netty.dataStream.server.use-epoll = false (default)
2022-12-23 07:23:20,511 [Listener at 127.0.0.1/40955] INFO  netty.NettyConfigKeys$DataStream (ConfUtils.java:logGet(46)) - raft.netty.dataStream.server.boss-group.size = 0 (default)
2022-12-23 07:23:20,511 [Listener at 127.0.0.1/40955] INFO  netty.NettyConfigKeys$DataStream (ConfUtils.java:logGet(46)) - raft.netty.dataStream.server.worker-group.size = 0 (default)
2022-12-23 07:23:20,512 [Listener at 127.0.0.1/40955] INFO  netty.NettyConfigKeys$DataStream (ConfUtils.java:logGet(46)) - raft.netty.dataStream.server.tls.conf = null (default)
2022-12-23 07:23:20,512 [Listener at 127.0.0.1/40955] INFO  netty.NettyConfigKeys$DataStream (ConfUtils.java:logGet(46)) - raft.netty.dataStream.host = null (default)
2022-12-23 07:23:20,512 [Listener at 127.0.0.1/40955] INFO  netty.NettyConfigKeys$DataStream (ConfUtils.java:logGet(46)) - raft.netty.dataStream.port = 0 (default)
2022-12-23 07:23:20,512 [Listener at 127.0.0.1/40955] INFO  server.RaftServerConfigKeys (ConfUtils.java:logGet(46)) - raft.server.threadpool.proxy.cached = true (default)
2022-12-23 07:23:20,513 [Listener at 127.0.0.1/40955] INFO  server.RaftServerConfigKeys (ConfUtils.java:logGet(46)) - raft.server.threadpool.proxy.size = 0 (default)
2022-12-23 07:23:20,513 [Listener at 127.0.0.1/40955] INFO  server.RaftServerConfigKeys (ConfUtils.java:logGet(46)) - raft.server.rpc.slowness.timeout = 300s (custom)
2022-12-23 07:23:20,513 [Listener at 127.0.0.1/40955] INFO  server.RaftServerConfigKeys (ConfUtils.java:logGet(46)) - raft.server.leaderelection.leader.step-down.wait-time = 10s (default)
2022-12-23 07:23:20,513 [e2eb6d9c-1b2b-4ac0-b094-05082948bb54-NettyServerStreamRpc-bossGroup--thread1] INFO  logging.LoggingHandler (AbstractInternalLogger.java:log(148)) - [id: 0xbf5f3e36] REGISTERED
2022-12-23 07:23:20,513 [Listener at 127.0.0.1/40955] INFO  server.RaftServerConfigKeys (ConfUtils.java:logGet(46)) - raft.server.storage.dir = [/home/runner/work/ozone/ozone/hadoop-ozone/integration-test/target/test-dir/MiniOzoneClusterImpl-5de03c2c-9b33-404e-9524-94ed39684dfb/datanode-1/data/ratis] (custom)
2022-12-23 07:23:20,513 [e2eb6d9c-1b2b-4ac0-b094-05082948bb54-NettyServerStreamRpc-bossGroup--thread1] INFO  logging.LoggingHandler (AbstractInternalLogger.java:log(148)) - [id: 0xbf5f3e36] BIND: 0.0.0.0/0.0.0.0:0
2022-12-23 07:23:20,514 [e2eb6d9c-1b2b-4ac0-b094-05082948bb54-NettyServerStreamRpc-bossGroup--thread1] INFO  logging.LoggingHandler (AbstractInternalLogger.java:log(148)) - [id: 0xbf5f3e36, L:/0:0:0:0:0:0:0:0:43335] ACTIVE
2022-12-23 07:23:20,514 [Listener at 127.0.0.1/40955] INFO  server.XceiverServerGrpc (XceiverServerGrpc.java:<init>(132)) - GrpcServer channel type EpollServerSocketChannel
2022-12-23 07:23:20,518 [Listener at 127.0.0.1/40955] INFO  http.BaseHttpServer (BaseHttpServer.java:newHttpServer2BuilderForOzone(213)) - Starting Web-server for hddsDatanode at: http://0.0.0.0:0
2022-12-23 07:23:20,519 [Listener at 127.0.0.1/40955] INFO  http.BaseHttpServer (BaseHttpServer.java:<init>(108)) - Hadoop Security Enabled: false Ozone Security Enabled: false Ozone HTTP Security Enabled: false 
2022-12-23 07:23:20,520 [Listener at 127.0.0.1/40955] WARN  server.AuthenticationFilter (AuthenticationFilter.java:constructSecretProvider(240)) - Unable to initialize FileSignerSecretProvider, falling back to use random secrets. Reason: Could not read signature secret file: /home/runner/hadoop-http-auth-signature-secret
2022-12-23 07:23:20,521 [Listener at 127.0.0.1/40955] WARN  http.HttpRequestLog (HttpRequestLog.java:getRequestLog(103)) - Jetty request log can only be enabled using Log4j
2022-12-23 07:23:20,522 [Listener at 127.0.0.1/40955] INFO  http.HttpServer2 (HttpServer2.java:addGlobalFilter(1031)) - Added global filter 'safety' (class=org.apache.hadoop.hdds.server.http.HttpServer2$QuotingInputFilter)
2022-12-23 07:23:20,523 [Listener at 127.0.0.1/40955] INFO  http.HttpServer2 (HttpServer2.java:addFilter(1007)) - Added filter static_user_filter (class=org.apache.hadoop.http.lib.StaticUserWebFilter$StaticUserFilter) to context hddsDatanode
2022-12-23 07:23:20,523 [Listener at 127.0.0.1/40955] INFO  http.HttpServer2 (HttpServer2.java:addFilter(1015)) - Added filter static_user_filter (class=org.apache.hadoop.http.lib.StaticUserWebFilter$StaticUserFilter) to context static
2022-12-23 07:23:20,523 [Listener at 127.0.0.1/40955] INFO  http.HttpServer2 (HttpServer2.java:addFilter(1015)) - Added filter static_user_filter (class=org.apache.hadoop.http.lib.StaticUserWebFilter$StaticUserFilter) to context logs
2022-12-23 07:23:20,523 [Listener at 127.0.0.1/40955] INFO  http.HttpServer2 (HttpServer2.java:bindListener(1250)) - Jetty bound to port 38167
2022-12-23 07:23:20,523 [Listener at 127.0.0.1/40955] INFO  server.Server (Server.java:doStart(375)) - jetty-9.4.49.v20220914; built: 2022-09-14T01:07:36.601Z; git: 4231a3b2e4cb8548a412a789936d640a97b1aa0a; jvm 1.8.0_352-b08
2022-12-23 07:23:20,525 [Listener at 127.0.0.1/40955] INFO  server.session (DefaultSessionIdManager.java:doStart(334)) - DefaultSessionIdManager workerName=node0
2022-12-23 07:23:20,525 [Listener at 127.0.0.1/40955] INFO  server.session (DefaultSessionIdManager.java:doStart(339)) - No SessionScavenger set, using defaults
2022-12-23 07:23:20,525 [Listener at 127.0.0.1/40955] INFO  server.session (HouseKeeper.java:startScavenging(132)) - node0 Scavenging every 600000ms
2022-12-23 07:23:20,532 [Listener at 127.0.0.1/40955] INFO  handler.ContextHandler (ContextHandler.java:doStart(921)) - Started o.e.j.s.ServletContextHandler@33b4bbae{logs,/logs,file:///home/runner/work/ozone/ozone/hadoop-ozone/integration-test/target/log,AVAILABLE}
2022-12-23 07:23:20,532 [Listener at 127.0.0.1/40955] INFO  handler.ContextHandler (ContextHandler.java:doStart(921)) - Started o.e.j.s.ServletContextHandler@137c13bf{static,/static,jar:file:/home/runner/.m2/repository/org/apache/ozone/hdds-container-service/1.3.0-SNAPSHOT/hdds-container-service-1.3.0-SNAPSHOT.jar!/webapps/static,AVAILABLE}
2022-12-23 07:23:20,722 [Listener at 127.0.0.1/40955] INFO  handler.ContextHandler (ContextHandler.java:doStart(921)) - Started o.e.j.w.WebAppContext@77397cfa{hddsDatanode,/,file:///tmp/jetty-0_0_0_0-38167-hdds-container-service-1_3_0-SNAPSHOT_jar-_-any-7702594112984884583/webapp/,AVAILABLE}{jar:file:/home/runner/.m2/repository/org/apache/ozone/hdds-container-service/1.3.0-SNAPSHOT/hdds-container-service-1.3.0-SNAPSHOT.jar!/webapps/hddsDatanode}
2022-12-23 07:23:20,723 [Listener at 127.0.0.1/40955] INFO  server.AbstractConnector (AbstractConnector.java:doStart(333)) - Started ServerConnector@1e7ebae3{HTTP/1.1, (http/1.1)}{0.0.0.0:38167}
2022-12-23 07:23:20,723 [Listener at 127.0.0.1/40955] INFO  server.Server (Server.java:doStart(415)) - Started @101682ms
2022-12-23 07:23:20,723 [Listener at 127.0.0.1/40955] WARN  impl.MetricsSystemImpl (MetricsSystemImpl.java:register(279)) - Sink prometheus already exists!
2022-12-23 07:23:20,724 [Listener at 127.0.0.1/40955] INFO  http.BaseHttpServer (BaseHttpServer.java:updateConnectorAddress(333)) - HTTP server of hddsDatanode listening at http://0.0.0.0:38167
2022-12-23 07:23:20,731 [Listener at 127.0.0.1/40955] WARN  impl.MetricRegistriesImpl (MetricRegistriesImpl.java:addReporterRegistration(111)) - New reporters are added after registries were created. Some metrics will be missing from the reporter. Please add reporter before adding any new registry.
2022-12-23 07:23:20,731 [Listener at 127.0.0.1/40955] WARN  impl.MetricRegistriesImpl (MetricRegistriesImpl.java:addReporterRegistration(111)) - New reporters are added after registries were created. Some metrics will be missing from the reporter. Please add reporter before adding any new registry.
2022-12-23 07:23:20,731 [Listener at 127.0.0.1/40955] INFO  impl.MetricsSystemImpl (MetricsSystemImpl.java:init(158)) - HddsDatanode metrics system started (again)
2022-12-23 07:23:20,731 [Datanode State Machine Daemon Thread] INFO  statemachine.DatanodeStateMachine (DatanodeStateMachine.java:lambda$startDaemon$0(508)) - Ozone container server started.
2022-12-23 07:23:20,739 [org.apache.hadoop.util.JvmPauseMonitor$Monitor@7ad274e1] INFO  util.JvmPauseMonitor (JvmPauseMonitor.java:run(188)) - Starting JVM pause monitor
2022-12-23 07:23:20,745 [Listener at 127.0.0.1/40955] INFO  ozone.HddsDatanodeService (HddsDatanodeService.java:start(237)) - HddsDatanodeService host:fv-az505-480.g2e1luzo1moefklhgra4trf2va.dx.internal.cloudapp.net ip:10.1.0.40
2022-12-23 07:23:20,750 [Datanode State Machine Task Thread - 0] INFO  datanode.InitDatanodeState (InitDatanodeState.java:persistContainerDatanodeDetails(138)) - DatanodeDetails is persisted to /home/runner/work/ozone/ozone/hadoop-ozone/integration-test/target/test-dir/MiniOzoneClusterImpl-5de03c2c-9b33-404e-9524-94ed39684dfb/datanode-1/meta/datanode.id
2022-12-23 07:23:20,770 [Listener at 127.0.0.1/40955] INFO  upgrade.AbstractLayoutVersionManager (AbstractLayoutVersionManager.java:init(83)) - Initializing Layout version manager with metadata layout = DATANODE_SCHEMA_V3 (version = 4), software layout = DATANODE_SCHEMA_V3 (version = 4)
2022-12-23 07:23:20,819 [Listener at 127.0.0.1/40955] INFO  reflections.Reflections (Reflections.java:scan(232)) - Reflections took 47 ms to scan 7 urls, producing 146 keys and 348 values 
2022-12-23 07:23:20,820 [Listener at 127.0.0.1/40955] INFO  statemachine.DatanodeStateMachine (DatanodeStateMachine.java:getEndPointTaskThreadPoolSize(248)) - Datanode State Machine Task Thread Pool size 2
2022-12-23 07:23:20,828 [Listener at 127.0.0.1/40955] INFO  volume.HddsVolume (HddsVolume.java:<init>(117)) - Creating HddsVolume: /home/runner/work/ozone/ozone/hadoop-ozone/integration-test/target/test-dir/MiniOzoneClusterImpl-5de03c2c-9b33-404e-9524-94ed39684dfb/datanode-2/data-0/containers/hdds of storage type : DISK capacity : 9223372036854775807
2022-12-23 07:23:20,828 [Listener at 127.0.0.1/40955] INFO  volume.MutableVolumeSet (MutableVolumeSet.java:initializeVolumeSet(174)) - Added Volume : /home/runner/work/ozone/ozone/hadoop-ozone/integration-test/target/test-dir/MiniOzoneClusterImpl-5de03c2c-9b33-404e-9524-94ed39684dfb/datanode-2/data-0/containers/hdds to VolumeSet
2022-12-23 07:23:20,828 [Listener at 127.0.0.1/40955] INFO  volume.ThrottledAsyncChecker (ThrottledAsyncChecker.java:schedule(141)) - Scheduling a check for /home/runner/work/ozone/ozone/hadoop-ozone/integration-test/target/test-dir/MiniOzoneClusterImpl-5de03c2c-9b33-404e-9524-94ed39684dfb/datanode-2/data-0/containers/hdds
2022-12-23 07:23:20,829 [Listener at 127.0.0.1/40955] INFO  volume.StorageVolumeChecker (StorageVolumeChecker.java:checkAllVolumes(202)) - Scheduled health check for volume /home/runner/work/ozone/ozone/hadoop-ozone/integration-test/target/test-dir/MiniOzoneClusterImpl-5de03c2c-9b33-404e-9524-94ed39684dfb/datanode-2/data-0/containers/hdds
2022-12-23 07:23:20,840 [Listener at 127.0.0.1/40955] INFO  volume.MutableVolumeSet (MutableVolumeSet.java:initializeVolumeSet(174)) - Added Volume : /home/runner/work/ozone/ozone/hadoop-ozone/integration-test/target/test-dir/MiniOzoneClusterImpl-5de03c2c-9b33-404e-9524-94ed39684dfb/datanode-2/data/ratis to VolumeSet
2022-12-23 07:23:20,840 [Listener at 127.0.0.1/40955] INFO  volume.ThrottledAsyncChecker (ThrottledAsyncChecker.java:schedule(141)) - Scheduling a check for /home/runner/work/ozone/ozone/hadoop-ozone/integration-test/target/test-dir/MiniOzoneClusterImpl-5de03c2c-9b33-404e-9524-94ed39684dfb/datanode-2/data/ratis
2022-12-23 07:23:20,840 [Listener at 127.0.0.1/40955] INFO  volume.StorageVolumeChecker (StorageVolumeChecker.java:checkAllVolumes(202)) - Scheduled health check for volume /home/runner/work/ozone/ozone/hadoop-ozone/integration-test/target/test-dir/MiniOzoneClusterImpl-5de03c2c-9b33-404e-9524-94ed39684dfb/datanode-2/data/ratis
2022-12-23 07:23:20,851 [Thread-1335] INFO  ozoneimpl.ContainerReader (ContainerReader.java:readVolume(175)) - Finish verifying containers on volume /home/runner/work/ozone/ozone/hadoop-ozone/integration-test/target/test-dir/MiniOzoneClusterImpl-5de03c2c-9b33-404e-9524-94ed39684dfb/datanode-2/data-0/containers/hdds
2022-12-23 07:23:20,851 [Listener at 127.0.0.1/40955] INFO  ozoneimpl.OzoneContainer (OzoneContainer.java:buildContainerSet(301)) - Build ContainerSet costs 0s
2022-12-23 07:23:20,856 [Listener at 127.0.0.1/40955] INFO  server.RaftServer (ConfUtils.java:logGet(46)) - raft.rpc.type = GRPC (default)
2022-12-23 07:23:20,856 [Listener at 127.0.0.1/40955] INFO  grpc.GrpcConfigKeys (ConfUtils.java:logFallback(53)) - raft.grpc.admin.host = null (fallback to raft.grpc.server.host)
2022-12-23 07:23:20,856 [Listener at 127.0.0.1/40955] INFO  grpc.GrpcConfigKeys (ConfUtils.java:logGet(46)) - raft.grpc.admin.port = 0 (custom)
2022-12-23 07:23:20,856 [Listener at 127.0.0.1/40955] INFO  grpc.GrpcConfigKeys (ConfUtils.java:logFallback(53)) - raft.grpc.client.host = null (fallback to raft.grpc.server.host)
2022-12-23 07:23:20,856 [Listener at 127.0.0.1/40955] INFO  grpc.GrpcConfigKeys (ConfUtils.java:logGet(46)) - raft.grpc.client.port = 0 (custom)
2022-12-23 07:23:20,856 [Listener at 127.0.0.1/40955] INFO  grpc.GrpcConfigKeys (ConfUtils.java:logGet(46)) - raft.grpc.server.host = null (default)
2022-12-23 07:23:20,856 [Listener at 127.0.0.1/40955] INFO  grpc.GrpcConfigKeys (ConfUtils.java:logGet(46)) - raft.grpc.server.port = 0 (default)
2022-12-23 07:23:20,857 [Listener at 127.0.0.1/40955] INFO  server.GrpcService (ConfUtils.java:logGet(46)) - raft.grpc.message.size.max = 32MB (=33554432) (custom)
2022-12-23 07:23:20,857 [Listener at 127.0.0.1/40955] INFO  server.RaftServerConfigKeys (ConfUtils.java:logGet(46)) - raft.server.log.appender.buffer.byte-limit = 33554432 (custom)
2022-12-23 07:23:20,857 [Listener at 127.0.0.1/40955] INFO  server.GrpcService (ConfUtils.java:logGet(46)) - raft.grpc.flow.control.window = 5MB (=5242880) (custom)
2022-12-23 07:23:20,857 [Listener at 127.0.0.1/40955] INFO  server.RaftServerConfigKeys (ConfUtils.java:logGet(46)) - raft.server.rpc.request.timeout = 60s (custom)
2022-12-23 07:23:20,857 [Listener at 127.0.0.1/40955] INFO  grpc.GrpcConfigKeys (ConfUtils.java:logGet(46)) - raft.grpc.server.heartbeat.channel = true (default)
2022-12-23 07:23:20,857 [Listener at 127.0.0.1/40955] INFO  grpc.GrpcConfigKeys (ConfUtils.java:logGet(46)) - raft.grpc.server.async.request.thread.pool.cached = true (default)
2022-12-23 07:23:20,857 [Listener at 127.0.0.1/40955] INFO  grpc.GrpcConfigKeys (ConfUtils.java:logGet(46)) - raft.grpc.server.async.request.thread.pool.size = 32 (default)
2022-12-23 07:23:20,859 [Listener at 127.0.0.1/40955] INFO  impl.DataStreamServerImpl (ConfUtils.java:logGet(46)) - raft.datastream.type = NETTY (custom)
2022-12-23 07:23:20,859 [Listener at 127.0.0.1/40955] INFO  server.RaftServerConfigKeys (ConfUtils.java:logGet(46)) - raft.server.data-stream.async.request.thread.pool.cached = false (default)
2022-12-23 07:23:20,859 [Listener at 127.0.0.1/40955] INFO  server.RaftServerConfigKeys (ConfUtils.java:logGet(46)) - raft.server.data-stream.async.request.thread.pool.size = 20 (custom)
2022-12-23 07:23:20,859 [Listener at 127.0.0.1/40955] INFO  server.RaftServerConfigKeys (ConfUtils.java:logGet(46)) - raft.server.data-stream.async.write.thread.pool.size = 16 (default)
2022-12-23 07:23:20,859 [Listener at 127.0.0.1/40955] INFO  server.RaftServerConfigKeys (ConfUtils.java:logGet(46)) - raft.server.data-stream.client.pool.size = 10 (default)
2022-12-23 07:23:20,859 [Listener at 127.0.0.1/40955] INFO  netty.NettyConfigKeys$DataStream (ConfUtils.java:logGet(46)) - raft.netty.dataStream.server.use-epoll = false (default)
2022-12-23 07:23:20,860 [Listener at 127.0.0.1/40955] INFO  netty.NettyConfigKeys$DataStream (ConfUtils.java:logGet(46)) - raft.netty.dataStream.server.boss-group.size = 0 (default)
2022-12-23 07:23:20,860 [Listener at 127.0.0.1/40955] INFO  netty.NettyConfigKeys$DataStream (ConfUtils.java:logGet(46)) - raft.netty.dataStream.server.worker-group.size = 0 (default)
2022-12-23 07:23:20,860 [Listener at 127.0.0.1/40955] INFO  netty.NettyConfigKeys$DataStream (ConfUtils.java:logGet(46)) - raft.netty.dataStream.server.tls.conf = null (default)
2022-12-23 07:23:20,860 [Listener at 127.0.0.1/40955] INFO  netty.NettyConfigKeys$DataStream (ConfUtils.java:logGet(46)) - raft.netty.dataStream.host = null (default)
2022-12-23 07:23:20,861 [Listener at 127.0.0.1/40955] INFO  netty.NettyConfigKeys$DataStream (ConfUtils.java:logGet(46)) - raft.netty.dataStream.port = 0 (default)
2022-12-23 07:23:20,861 [Listener at 127.0.0.1/40955] INFO  server.RaftServerConfigKeys (ConfUtils.java:logGet(46)) - raft.server.threadpool.proxy.cached = true (default)
2022-12-23 07:23:20,861 [Listener at 127.0.0.1/40955] INFO  server.RaftServerConfigKeys (ConfUtils.java:logGet(46)) - raft.server.threadpool.proxy.size = 0 (default)
2022-12-23 07:23:20,861 [Listener at 127.0.0.1/40955] INFO  server.RaftServerConfigKeys (ConfUtils.java:logGet(46)) - raft.server.rpc.slowness.timeout = 300s (custom)
2022-12-23 07:23:20,861 [Listener at 127.0.0.1/40955] INFO  server.RaftServerConfigKeys (ConfUtils.java:logGet(46)) - raft.server.leaderelection.leader.step-down.wait-time = 10s (default)
2022-12-23 07:23:20,861 [1f89b7a7-916f-403f-a499-aa89d29c9b15-NettyServerStreamRpc-bossGroup--thread1] INFO  logging.LoggingHandler (AbstractInternalLogger.java:log(148)) - [id: 0x251f1449] REGISTERED
2022-12-23 07:23:20,862 [Listener at 127.0.0.1/40955] INFO  server.RaftServerConfigKeys (ConfUtils.java:logGet(46)) - raft.server.storage.dir = [/home/runner/work/ozone/ozone/hadoop-ozone/integration-test/target/test-dir/MiniOzoneClusterImpl-5de03c2c-9b33-404e-9524-94ed39684dfb/datanode-2/data/ratis] (custom)
2022-12-23 07:23:20,862 [1f89b7a7-916f-403f-a499-aa89d29c9b15-NettyServerStreamRpc-bossGroup--thread1] INFO  logging.LoggingHandler (AbstractInternalLogger.java:log(148)) - [id: 0x251f1449] BIND: 0.0.0.0/0.0.0.0:0
2022-12-23 07:23:20,862 [1f89b7a7-916f-403f-a499-aa89d29c9b15-NettyServerStreamRpc-bossGroup--thread1] INFO  logging.LoggingHandler (AbstractInternalLogger.java:log(148)) - [id: 0x251f1449, L:/0:0:0:0:0:0:0:0:32893] ACTIVE
2022-12-23 07:23:20,863 [Listener at 127.0.0.1/40955] INFO  server.XceiverServerGrpc (XceiverServerGrpc.java:<init>(132)) - GrpcServer channel type EpollServerSocketChannel
2022-12-23 07:23:20,866 [Listener at 127.0.0.1/40955] INFO  http.BaseHttpServer (BaseHttpServer.java:newHttpServer2BuilderForOzone(213)) - Starting Web-server for hddsDatanode at: http://0.0.0.0:0
2022-12-23 07:23:20,866 [Listener at 127.0.0.1/40955] INFO  http.BaseHttpServer (BaseHttpServer.java:<init>(108)) - Hadoop Security Enabled: false Ozone Security Enabled: false Ozone HTTP Security Enabled: false 
2022-12-23 07:23:20,867 [Listener at 127.0.0.1/40955] WARN  server.AuthenticationFilter (AuthenticationFilter.java:constructSecretProvider(240)) - Unable to initialize FileSignerSecretProvider, falling back to use random secrets. Reason: Could not read signature secret file: /home/runner/hadoop-http-auth-signature-secret
2022-12-23 07:23:20,867 [Listener at 127.0.0.1/40955] WARN  http.HttpRequestLog (HttpRequestLog.java:getRequestLog(103)) - Jetty request log can only be enabled using Log4j
2022-12-23 07:23:20,868 [Listener at 127.0.0.1/40955] INFO  http.HttpServer2 (HttpServer2.java:addGlobalFilter(1031)) - Added global filter 'safety' (class=org.apache.hadoop.hdds.server.http.HttpServer2$QuotingInputFilter)
2022-12-23 07:23:20,868 [Listener at 127.0.0.1/40955] INFO  http.HttpServer2 (HttpServer2.java:addFilter(1007)) - Added filter static_user_filter (class=org.apache.hadoop.http.lib.StaticUserWebFilter$StaticUserFilter) to context hddsDatanode
2022-12-23 07:23:20,869 [Listener at 127.0.0.1/40955] INFO  http.HttpServer2 (HttpServer2.java:addFilter(1015)) - Added filter static_user_filter (class=org.apache.hadoop.http.lib.StaticUserWebFilter$StaticUserFilter) to context logs
2022-12-23 07:23:20,869 [Listener at 127.0.0.1/40955] INFO  http.HttpServer2 (HttpServer2.java:addFilter(1015)) - Added filter static_user_filter (class=org.apache.hadoop.http.lib.StaticUserWebFilter$StaticUserFilter) to context static
2022-12-23 07:23:20,869 [Listener at 127.0.0.1/40955] INFO  http.HttpServer2 (HttpServer2.java:bindListener(1250)) - Jetty bound to port 36933
2022-12-23 07:23:20,869 [Listener at 127.0.0.1/40955] INFO  server.Server (Server.java:doStart(375)) - jetty-9.4.49.v20220914; built: 2022-09-14T01:07:36.601Z; git: 4231a3b2e4cb8548a412a789936d640a97b1aa0a; jvm 1.8.0_352-b08
2022-12-23 07:23:20,870 [Listener at 127.0.0.1/40955] INFO  server.session (DefaultSessionIdManager.java:doStart(334)) - DefaultSessionIdManager workerName=node0
2022-12-23 07:23:20,871 [Listener at 127.0.0.1/40955] INFO  server.session (DefaultSessionIdManager.java:doStart(339)) - No SessionScavenger set, using defaults
2022-12-23 07:23:20,871 [Listener at 127.0.0.1/40955] INFO  server.session (HouseKeeper.java:startScavenging(132)) - node0 Scavenging every 600000ms
2022-12-23 07:23:20,871 [Listener at 127.0.0.1/40955] INFO  handler.ContextHandler (ContextHandler.java:doStart(921)) - Started o.e.j.s.ServletContextHandler@1632d5f8{logs,/logs,file:///home/runner/work/ozone/ozone/hadoop-ozone/integration-test/target/log,AVAILABLE}
2022-12-23 07:23:20,872 [Listener at 127.0.0.1/40955] INFO  handler.ContextHandler (ContextHandler.java:doStart(921)) - Started o.e.j.s.ServletContextHandler@ad32f1f{static,/static,jar:file:/home/runner/.m2/repository/org/apache/ozone/hdds-container-service/1.3.0-SNAPSHOT/hdds-container-service-1.3.0-SNAPSHOT.jar!/webapps/static,AVAILABLE}
2022-12-23 07:23:20,938 [om1@group-C5BA1605619E-FollowerState] INFO  impl.FollowerState (FollowerState.java:run(143)) - om1@group-C5BA1605619E-FollowerState: change to CANDIDATE, lastRpcElapsedTime:1015630051ns, electionTimeout:1014ms
2022-12-23 07:23:20,939 [om1@group-C5BA1605619E-FollowerState] INFO  impl.RoleInfo (RoleInfo.java:shutdownFollowerState(110)) - om1: shutdown om1@group-C5BA1605619E-FollowerState
2022-12-23 07:23:20,939 [om1@group-C5BA1605619E-FollowerState] INFO  server.RaftServer$Division (RaftServerImpl.java:setRole(321)) - om1@group-C5BA1605619E: changes role from  FOLLOWER to CANDIDATE at term 0 for changeToCandidate
2022-12-23 07:23:20,939 [om1@group-C5BA1605619E-FollowerState] INFO  server.RaftServerConfigKeys (ConfUtils.java:logGet(46)) - raft.server.leaderelection.pre-vote = false (custom)
2022-12-23 07:23:20,939 [om1@group-C5BA1605619E-FollowerState] INFO  impl.RoleInfo (RoleInfo.java:updateAndGet(139)) - om1: start om1@group-C5BA1605619E-LeaderElection33
2022-12-23 07:23:20,948 [om1@group-C5BA1605619E-LeaderElection33] INFO  impl.LeaderElection (LeaderElection.java:askForVotes(312)) - om1@group-C5BA1605619E-LeaderElection33 ELECTION round 0: submit vote requests at term 1 for -1: peers:[om1|rpc:localhost:9872|priority:0|startupRole:FOLLOWER]|listeners:[], old=null
2022-12-23 07:23:20,948 [om1@group-C5BA1605619E-LeaderElection33] INFO  impl.LeaderElection (LeaderElection.java:askForVotes(314)) - om1@group-C5BA1605619E-LeaderElection33 ELECTION round 0: result PASSED (term=1)
2022-12-23 07:23:20,948 [om1@group-C5BA1605619E-LeaderElection33] INFO  impl.RoleInfo (RoleInfo.java:shutdownLeaderElection(130)) - om1: shutdown om1@group-C5BA1605619E-LeaderElection33
2022-12-23 07:23:20,948 [om1@group-C5BA1605619E-LeaderElection33] INFO  server.RaftServer$Division (RaftServerImpl.java:setRole(321)) - om1@group-C5BA1605619E: changes role from CANDIDATE to LEADER at term 1 for changeToLeader
2022-12-23 07:23:20,948 [om1@group-C5BA1605619E-LeaderElection33] INFO  server.RaftServer$Division (ServerState.java:setLeader(313)) - om1@group-C5BA1605619E: change Leader from null to om1 at term 1 for becomeLeader, leader elected after 1437ms
2022-12-23 07:23:20,948 [om1@group-C5BA1605619E-LeaderElection33] INFO  server.RaftServerConfigKeys (ConfUtils.java:logGet(46)) - raft.server.staging.catchup.gap = 1000 (default)
2022-12-23 07:23:20,948 [om1@group-C5BA1605619E-LeaderElection33] INFO  server.RaftServerConfigKeys (ConfUtils.java:logGet(46)) - raft.server.write.element-limit = 4096 (default)
2022-12-23 07:23:20,948 [om1@group-C5BA1605619E-LeaderElection33] INFO  server.RaftServerConfigKeys (ConfUtils.java:logGet(46)) - raft.server.write.byte-limit = 64MB (=67108864) (default)
2022-12-23 07:23:20,949 [om1@group-C5BA1605619E-LeaderElection33] INFO  server.RaftServerConfigKeys (ConfUtils.java:logGet(46)) - raft.server.watch.timeout = 10s (default)
2022-12-23 07:23:20,949 [om1@group-C5BA1605619E-LeaderElection33] INFO  server.RaftServerConfigKeys (ConfUtils.java:logGet(46)) - raft.server.watch.timeout.denomination = 1s (default)
2022-12-23 07:23:20,949 [om1@group-C5BA1605619E-LeaderElection33] INFO  server.RaftServerConfigKeys (ConfUtils.java:logGet(46)) - raft.server.watch.element-limit = 65536 (default)
2022-12-23 07:23:20,949 [om1@group-C5BA1605619E-LeaderElection33] INFO  server.RaftServerConfigKeys (ConfUtils.java:logGet(46)) - raft.server.write.element-limit = 4096 (default)
2022-12-23 07:23:20,949 [om1@group-C5BA1605619E-LeaderElection33] INFO  server.RaftServerConfigKeys (ConfUtils.java:logGet(46)) - raft.server.write.follower.gap.ratio.max = -1.0 (default)
2022-12-23 07:23:20,949 [om1@group-C5BA1605619E-LeaderElection33] INFO  impl.RoleInfo (RoleInfo.java:updateAndGet(139)) - om1: start om1@group-C5BA1605619E-LeaderStateImpl
2022-12-23 07:23:20,949 [om1@group-C5BA1605619E-LeaderElection33] INFO  segmented.SegmentedRaftLogWorker (SegmentedRaftLogWorker.java:startLogSegment(452)) - om1@group-C5BA1605619E-SegmentedRaftLogWorker: Starting segment from index:0
2022-12-23 07:23:20,955 [om1@group-C5BA1605619E-LeaderElection33] INFO  server.RaftServer$Division (ServerState.java:setRaftConf(430)) - om1@group-C5BA1605619E: set configuration 0: peers:[om1|rpc:localhost:9872|admin:|client:|dataStream:|priority:0|startupRole:FOLLOWER]|listeners:[], old=null
2022-12-23 07:23:20,961 [om1@group-C5BA1605619E-SegmentedRaftLogWorker] INFO  segmented.SegmentedRaftLogWorker (SegmentedRaftLogWorker.java:execute(656)) - om1@group-C5BA1605619E-SegmentedRaftLogWorker: created new log segment /home/runner/work/ozone/ozone/hadoop-ozone/integration-test/target/test-dir/MiniOzoneClusterImpl-5de03c2c-9b33-404e-9524-94ed39684dfb/ozone-meta/ratis/bf265839-605b-3f16-9796-c5ba1605619e/current/log_inprogress_0
2022-12-23 07:23:20,963 [om1@group-C5BA1605619E-StateMachineUpdater] INFO  ratis.OzoneManagerStateMachine (OzoneManagerStateMachine.java:notifyConfigurationChanged(192)) - Received Configuration change notification from Ratis. New Peer list:
[id: "om1"
address: "localhost:9872"
startupRole: FOLLOWER
]
2022-12-23 07:23:21,074 [Listener at 127.0.0.1/40955] INFO  handler.ContextHandler (ContextHandler.java:doStart(921)) - Started o.e.j.w.WebAppContext@3d2dfc64{hddsDatanode,/,file:///tmp/jetty-0_0_0_0-36933-hdds-container-service-1_3_0-SNAPSHOT_jar-_-any-7549954289024829718/webapp/,AVAILABLE}{jar:file:/home/runner/.m2/repository/org/apache/ozone/hdds-container-service/1.3.0-SNAPSHOT/hdds-container-service-1.3.0-SNAPSHOT.jar!/webapps/hddsDatanode}
2022-12-23 07:23:21,076 [Listener at 127.0.0.1/40955] INFO  server.AbstractConnector (AbstractConnector.java:doStart(333)) - Started ServerConnector@d38a003{HTTP/1.1, (http/1.1)}{0.0.0.0:36933}
2022-12-23 07:23:21,077 [Listener at 127.0.0.1/40955] INFO  server.Server (Server.java:doStart(415)) - Started @102036ms
2022-12-23 07:23:21,077 [Listener at 127.0.0.1/40955] WARN  impl.MetricsSystemImpl (MetricsSystemImpl.java:register(279)) - Sink prometheus already exists!
2022-12-23 07:23:21,078 [Listener at 127.0.0.1/40955] INFO  http.BaseHttpServer (BaseHttpServer.java:updateConnectorAddress(333)) - HTTP server of hddsDatanode listening at http://0.0.0.0:36933
2022-12-23 07:23:21,078 [Datanode State Machine Daemon Thread] INFO  statemachine.DatanodeStateMachine (DatanodeStateMachine.java:lambda$startDaemon$0(508)) - Ozone container server started.
2022-12-23 07:23:21,081 [Listener at 127.0.0.1/40955] INFO  ozone.MiniOzoneClusterImpl (MiniOzoneClusterImpl.java:lambda$waitForClusterToBeReady$0(217)) - Waiting for nodes to be ready. Got 0 of 3 DN Heartbeats.
2022-12-23 07:23:21,082 [Listener at 127.0.0.1/40955] INFO  ozone.MiniOzoneClusterImpl (MiniOzoneClusterImpl.java:lambda$waitForClusterToBeReady$0(220)) - Waiting for cluster to exit safe mode
2022-12-23 07:23:21,082 [Listener at 127.0.0.1/40955] INFO  ozone.MiniOzoneClusterImpl (MiniOzoneClusterImpl.java:lambda$waitForClusterToBeReady$0(222)) - SCM became leader
2022-12-23 07:23:21,083 [org.apache.hadoop.util.JvmPauseMonitor$Monitor@31685f30] INFO  util.JvmPauseMonitor (JvmPauseMonitor.java:run(188)) - Starting JVM pause monitor
2022-12-23 07:23:21,084 [Datanode State Machine Task Thread - 0] INFO  datanode.InitDatanodeState (InitDatanodeState.java:persistContainerDatanodeDetails(138)) - DatanodeDetails is persisted to /home/runner/work/ozone/ozone/hadoop-ozone/integration-test/target/test-dir/MiniOzoneClusterImpl-5de03c2c-9b33-404e-9524-94ed39684dfb/datanode-2/meta/datanode.id
2022-12-23 07:23:22,082 [Listener at 127.0.0.1/40955] INFO  ozone.MiniOzoneClusterImpl (MiniOzoneClusterImpl.java:lambda$waitForClusterToBeReady$0(217)) - Waiting for nodes to be ready. Got 0 of 3 DN Heartbeats.
2022-12-23 07:23:22,083 [Listener at 127.0.0.1/40955] INFO  ozone.MiniOzoneClusterImpl (MiniOzoneClusterImpl.java:lambda$waitForClusterToBeReady$0(220)) - Waiting for cluster to exit safe mode
2022-12-23 07:23:22,083 [Listener at 127.0.0.1/40955] INFO  ozone.MiniOzoneClusterImpl (MiniOzoneClusterImpl.java:lambda$waitForClusterToBeReady$0(222)) - SCM became leader
2022-12-23 07:23:22,446 [EndpointStateMachine task thread for /0.0.0.0:34181 - 0 ] INFO  utils.DatanodeStoreCache (DatanodeStoreCache.java:addDB(58)) - Added db /home/runner/work/ozone/ozone/hadoop-ozone/integration-test/target/test-dir/MiniOzoneClusterImpl-5de03c2c-9b33-404e-9524-94ed39684dfb/datanode-0/data-0/containers/hdds/5de03c2c-9b33-404e-9524-94ed39684dfb/DS-029e817a-f073-4a44-9688-b8a317592966/container.db to cache
2022-12-23 07:23:22,446 [EndpointStateMachine task thread for /0.0.0.0:34181 - 0 ] INFO  volume.HddsVolume (HddsVolume.java:createDbStore(307)) - SchemaV3 db is created and loaded at /home/runner/work/ozone/ozone/hadoop-ozone/integration-test/target/test-dir/MiniOzoneClusterImpl-5de03c2c-9b33-404e-9524-94ed39684dfb/datanode-0/data-0/containers/hdds/5de03c2c-9b33-404e-9524-94ed39684dfb/DS-029e817a-f073-4a44-9688-b8a317592966/container.db for volume DS-029e817a-f073-4a44-9688-b8a317592966
2022-12-23 07:23:22,446 [EndpointStateMachine task thread for /0.0.0.0:34181 - 0 ] INFO  ozoneimpl.OzoneContainer (OzoneContainer.java:start(395)) - Attempting to start container services.
2022-12-23 07:23:22,446 [EndpointStateMachine task thread for /0.0.0.0:34181 - 0 ] INFO  ozoneimpl.OzoneContainer (OzoneContainer.java:startContainerScrub(312)) - Scheduled background container scanners and the on-demand container scanner have been disabled.
2022-12-23 07:23:22,447 [EndpointStateMachine task thread for /0.0.0.0:34181 - 0 ] INFO  replication.ReplicationServer (ReplicationServer.java:start(106)) - ReplicationServer is started using port 42235
2022-12-23 07:23:22,448 [EndpointStateMachine task thread for /0.0.0.0:34181 - 0 ] INFO  ratis.XceiverServerRatis (XceiverServerRatis.java:start(517)) - Starting XceiverServerRatis c3e38919-3de5-4a36-90ed-6b481ac4f646
2022-12-23 07:23:22,449 [EndpointStateMachine task thread for /0.0.0.0:34181 - 0 ] INFO  server.RaftServer (RaftServerProxy.java:startImpl(393)) - c3e38919-3de5-4a36-90ed-6b481ac4f646: start RPC server
2022-12-23 07:23:22,450 [EndpointStateMachine task thread for /0.0.0.0:34181 - 0 ] INFO  server.GrpcService (GrpcService.java:startImpl(262)) - c3e38919-3de5-4a36-90ed-6b481ac4f646: GrpcService started, listening on 45749
2022-12-23 07:23:22,450 [EndpointStateMachine task thread for /0.0.0.0:34181 - 0 ] INFO  ratis.XceiverServerRatis (XceiverServerRatis.java:getRealPort(543)) - XceiverServerRatis c3e38919-3de5-4a36-90ed-6b481ac4f646 is started using port 45749 for RATIS
2022-12-23 07:23:22,450 [JvmPauseMonitor17] INFO  util.JvmPauseMonitor (JvmPauseMonitor.java:run(105)) - JvmPauseMonitor-c3e38919-3de5-4a36-90ed-6b481ac4f646: Started
2022-12-23 07:23:22,450 [EndpointStateMachine task thread for /0.0.0.0:34181 - 0 ] INFO  ratis.XceiverServerRatis (XceiverServerRatis.java:getRealPort(543)) - XceiverServerRatis c3e38919-3de5-4a36-90ed-6b481ac4f646 is started using port 45749 for RATIS_ADMIN
2022-12-23 07:23:22,450 [EndpointStateMachine task thread for /0.0.0.0:34181 - 0 ] INFO  ratis.XceiverServerRatis (XceiverServerRatis.java:getRealPort(543)) - XceiverServerRatis c3e38919-3de5-4a36-90ed-6b481ac4f646 is started using port 45749 for RATIS_SERVER
2022-12-23 07:23:22,450 [EndpointStateMachine task thread for /0.0.0.0:34181 - 0 ] INFO  ratis.XceiverServerRatis (XceiverServerRatis.java:getRealPort(543)) - XceiverServerRatis c3e38919-3de5-4a36-90ed-6b481ac4f646 is started using port 34561 for RATIS_DATASTREAM
2022-12-23 07:23:22,451 [EndpointStateMachine task thread for /0.0.0.0:34181 - 0 ] INFO  server.XceiverServerGrpc (XceiverServerGrpc.java:start(180)) - XceiverServerGrpc c3e38919-3de5-4a36-90ed-6b481ac4f646 is started using port 36139
2022-12-23 07:23:22,770 [EndpointStateMachine task thread for /0.0.0.0:34181 - 0 ] INFO  utils.DatanodeStoreCache (DatanodeStoreCache.java:addDB(58)) - Added db /home/runner/work/ozone/ozone/hadoop-ozone/integration-test/target/test-dir/MiniOzoneClusterImpl-5de03c2c-9b33-404e-9524-94ed39684dfb/datanode-1/data-0/containers/hdds/5de03c2c-9b33-404e-9524-94ed39684dfb/DS-34f7af28-b61c-4050-b474-e0d853a57ed8/container.db to cache
2022-12-23 07:23:22,770 [EndpointStateMachine task thread for /0.0.0.0:34181 - 0 ] INFO  volume.HddsVolume (HddsVolume.java:createDbStore(307)) - SchemaV3 db is created and loaded at /home/runner/work/ozone/ozone/hadoop-ozone/integration-test/target/test-dir/MiniOzoneClusterImpl-5de03c2c-9b33-404e-9524-94ed39684dfb/datanode-1/data-0/containers/hdds/5de03c2c-9b33-404e-9524-94ed39684dfb/DS-34f7af28-b61c-4050-b474-e0d853a57ed8/container.db for volume DS-34f7af28-b61c-4050-b474-e0d853a57ed8
2022-12-23 07:23:22,771 [EndpointStateMachine task thread for /0.0.0.0:34181 - 0 ] INFO  ozoneimpl.OzoneContainer (OzoneContainer.java:start(395)) - Attempting to start container services.
2022-12-23 07:23:22,771 [EndpointStateMachine task thread for /0.0.0.0:34181 - 0 ] INFO  ozoneimpl.OzoneContainer (OzoneContainer.java:startContainerScrub(312)) - Scheduled background container scanners and the on-demand container scanner have been disabled.
2022-12-23 07:23:22,772 [EndpointStateMachine task thread for /0.0.0.0:34181 - 0 ] INFO  replication.ReplicationServer (ReplicationServer.java:start(106)) - ReplicationServer is started using port 33625
2022-12-23 07:23:22,772 [EndpointStateMachine task thread for /0.0.0.0:34181 - 0 ] INFO  ratis.XceiverServerRatis (XceiverServerRatis.java:start(517)) - Starting XceiverServerRatis e2eb6d9c-1b2b-4ac0-b094-05082948bb54
2022-12-23 07:23:22,773 [EndpointStateMachine task thread for /0.0.0.0:34181 - 0 ] INFO  server.RaftServer (RaftServerProxy.java:startImpl(393)) - e2eb6d9c-1b2b-4ac0-b094-05082948bb54: start RPC server
2022-12-23 07:23:22,774 [EndpointStateMachine task thread for /0.0.0.0:34181 - 0 ] INFO  server.GrpcService (GrpcService.java:startImpl(262)) - e2eb6d9c-1b2b-4ac0-b094-05082948bb54: GrpcService started, listening on 35985
2022-12-23 07:23:22,774 [EndpointStateMachine task thread for /0.0.0.0:34181 - 0 ] INFO  ratis.XceiverServerRatis (XceiverServerRatis.java:getRealPort(543)) - XceiverServerRatis e2eb6d9c-1b2b-4ac0-b094-05082948bb54 is started using port 35985 for RATIS
2022-12-23 07:23:22,774 [EndpointStateMachine task thread for /0.0.0.0:34181 - 0 ] INFO  ratis.XceiverServerRatis (XceiverServerRatis.java:getRealPort(543)) - XceiverServerRatis e2eb6d9c-1b2b-4ac0-b094-05082948bb54 is started using port 35985 for RATIS_ADMIN
2022-12-23 07:23:22,774 [EndpointStateMachine task thread for /0.0.0.0:34181 - 0 ] INFO  ratis.XceiverServerRatis (XceiverServerRatis.java:getRealPort(543)) - XceiverServerRatis e2eb6d9c-1b2b-4ac0-b094-05082948bb54 is started using port 35985 for RATIS_SERVER
2022-12-23 07:23:22,774 [JvmPauseMonitor18] INFO  util.JvmPauseMonitor (JvmPauseMonitor.java:run(105)) - JvmPauseMonitor-e2eb6d9c-1b2b-4ac0-b094-05082948bb54: Started
2022-12-23 07:23:22,774 [EndpointStateMachine task thread for /0.0.0.0:34181 - 0 ] INFO  ratis.XceiverServerRatis (XceiverServerRatis.java:getRealPort(543)) - XceiverServerRatis e2eb6d9c-1b2b-4ac0-b094-05082948bb54 is started using port 43335 for RATIS_DATASTREAM
2022-12-23 07:23:22,775 [EndpointStateMachine task thread for /0.0.0.0:34181 - 0 ] INFO  server.XceiverServerGrpc (XceiverServerGrpc.java:start(180)) - XceiverServerGrpc e2eb6d9c-1b2b-4ac0-b094-05082948bb54 is started using port 45659
2022-12-23 07:23:23,083 [Listener at 127.0.0.1/40955] INFO  ozone.MiniOzoneClusterImpl (MiniOzoneClusterImpl.java:lambda$waitForClusterToBeReady$0(217)) - Waiting for nodes to be ready. Got 0 of 3 DN Heartbeats.
2022-12-23 07:23:23,083 [Listener at 127.0.0.1/40955] INFO  ozone.MiniOzoneClusterImpl (MiniOzoneClusterImpl.java:lambda$waitForClusterToBeReady$0(220)) - Waiting for cluster to exit safe mode
2022-12-23 07:23:23,083 [Listener at 127.0.0.1/40955] INFO  ozone.MiniOzoneClusterImpl (MiniOzoneClusterImpl.java:lambda$waitForClusterToBeReady$0(222)) - SCM became leader
2022-12-23 07:23:23,125 [EndpointStateMachine task thread for /0.0.0.0:34181 - 0 ] INFO  utils.DatanodeStoreCache (DatanodeStoreCache.java:addDB(58)) - Added db /home/runner/work/ozone/ozone/hadoop-ozone/integration-test/target/test-dir/MiniOzoneClusterImpl-5de03c2c-9b33-404e-9524-94ed39684dfb/datanode-2/data-0/containers/hdds/5de03c2c-9b33-404e-9524-94ed39684dfb/DS-6e00282e-f372-4787-aefe-5e363e9fde2a/container.db to cache
2022-12-23 07:23:23,125 [EndpointStateMachine task thread for /0.0.0.0:34181 - 0 ] INFO  volume.HddsVolume (HddsVolume.java:createDbStore(307)) - SchemaV3 db is created and loaded at /home/runner/work/ozone/ozone/hadoop-ozone/integration-test/target/test-dir/MiniOzoneClusterImpl-5de03c2c-9b33-404e-9524-94ed39684dfb/datanode-2/data-0/containers/hdds/5de03c2c-9b33-404e-9524-94ed39684dfb/DS-6e00282e-f372-4787-aefe-5e363e9fde2a/container.db for volume DS-6e00282e-f372-4787-aefe-5e363e9fde2a
2022-12-23 07:23:23,125 [EndpointStateMachine task thread for /0.0.0.0:34181 - 0 ] INFO  ozoneimpl.OzoneContainer (OzoneContainer.java:start(395)) - Attempting to start container services.
2022-12-23 07:23:23,125 [EndpointStateMachine task thread for /0.0.0.0:34181 - 0 ] INFO  ozoneimpl.OzoneContainer (OzoneContainer.java:startContainerScrub(312)) - Scheduled background container scanners and the on-demand container scanner have been disabled.
2022-12-23 07:23:23,127 [EndpointStateMachine task thread for /0.0.0.0:34181 - 0 ] INFO  replication.ReplicationServer (ReplicationServer.java:start(106)) - ReplicationServer is started using port 45077
2022-12-23 07:23:23,128 [EndpointStateMachine task thread for /0.0.0.0:34181 - 0 ] INFO  ratis.XceiverServerRatis (XceiverServerRatis.java:start(517)) - Starting XceiverServerRatis 1f89b7a7-916f-403f-a499-aa89d29c9b15
2022-12-23 07:23:23,131 [EndpointStateMachine task thread for /0.0.0.0:34181 - 0 ] INFO  server.RaftServer (RaftServerProxy.java:startImpl(393)) - 1f89b7a7-916f-403f-a499-aa89d29c9b15: start RPC server
2022-12-23 07:23:23,133 [EndpointStateMachine task thread for /0.0.0.0:34181 - 0 ] INFO  server.GrpcService (GrpcService.java:startImpl(262)) - 1f89b7a7-916f-403f-a499-aa89d29c9b15: GrpcService started, listening on 39091
2022-12-23 07:23:23,133 [EndpointStateMachine task thread for /0.0.0.0:34181 - 0 ] INFO  ratis.XceiverServerRatis (XceiverServerRatis.java:getRealPort(543)) - XceiverServerRatis 1f89b7a7-916f-403f-a499-aa89d29c9b15 is started using port 39091 for RATIS
2022-12-23 07:23:23,133 [EndpointStateMachine task thread for /0.0.0.0:34181 - 0 ] INFO  ratis.XceiverServerRatis (XceiverServerRatis.java:getRealPort(543)) - XceiverServerRatis 1f89b7a7-916f-403f-a499-aa89d29c9b15 is started using port 39091 for RATIS_ADMIN
2022-12-23 07:23:23,133 [EndpointStateMachine task thread for /0.0.0.0:34181 - 0 ] INFO  ratis.XceiverServerRatis (XceiverServerRatis.java:getRealPort(543)) - XceiverServerRatis 1f89b7a7-916f-403f-a499-aa89d29c9b15 is started using port 39091 for RATIS_SERVER
2022-12-23 07:23:23,133 [EndpointStateMachine task thread for /0.0.0.0:34181 - 0 ] INFO  ratis.XceiverServerRatis (XceiverServerRatis.java:getRealPort(543)) - XceiverServerRatis 1f89b7a7-916f-403f-a499-aa89d29c9b15 is started using port 32893 for RATIS_DATASTREAM
2022-12-23 07:23:23,134 [JvmPauseMonitor19] INFO  util.JvmPauseMonitor (JvmPauseMonitor.java:run(105)) - JvmPauseMonitor-1f89b7a7-916f-403f-a499-aa89d29c9b15: Started
2022-12-23 07:23:23,144 [EndpointStateMachine task thread for /0.0.0.0:34181 - 0 ] INFO  server.XceiverServerGrpc (XceiverServerGrpc.java:start(180)) - XceiverServerGrpc 1f89b7a7-916f-403f-a499-aa89d29c9b15 is started using port 43263
2022-12-23 07:23:24,083 [Listener at 127.0.0.1/40955] INFO  ozone.MiniOzoneClusterImpl (MiniOzoneClusterImpl.java:lambda$waitForClusterToBeReady$0(217)) - Waiting for nodes to be ready. Got 0 of 3 DN Heartbeats.
2022-12-23 07:23:24,084 [Listener at 127.0.0.1/40955] INFO  ozone.MiniOzoneClusterImpl (MiniOzoneClusterImpl.java:lambda$waitForClusterToBeReady$0(220)) - Waiting for cluster to exit safe mode
2022-12-23 07:23:24,084 [Listener at 127.0.0.1/40955] INFO  ozone.MiniOzoneClusterImpl (MiniOzoneClusterImpl.java:lambda$waitForClusterToBeReady$0(222)) - SCM became leader
2022-12-23 07:23:24,404 [IPC Server handler 0 on default port 34181] INFO  net.NetworkTopologyImpl (NetworkTopologyImpl.java:add(112)) - Added a new node: /default-rack/c3e38919-3de5-4a36-90ed-6b481ac4f646
2022-12-23 07:23:24,404 [IPC Server handler 0 on default port 34181] INFO  node.SCMNodeManager (SCMNodeManager.java:register(397)) - Registered Data node : c3e38919-3de5-4a36-90ed-6b481ac4f646{ip: 10.1.0.40, host: fv-az505-480.g2e1luzo1moefklhgra4trf2va.dx.internal.cloudapp.net, ports: [REPLICATION=42235, RATIS=45749, RATIS_ADMIN=45749, RATIS_SERVER=45749, RATIS_DATASTREAM=34561, STANDALONE=36139], networkLocation: /default-rack, certSerialId: null, persistedOpState: null, persistedOpStateExpiryEpochSec: 0}
2022-12-23 07:23:24,406 [EventQueue-NodeRegistrationContainerReportForDataNodeSafeModeRule] INFO  safemode.SCMSafeModeManager (DataNodeSafeModeRule.java:process(71)) - SCM in safe mode. 1 DataNodes registered, 3 required.
2022-12-23 07:23:24,407 [EventQueue-NodeRegistrationContainerReportForContainerSafeModeRule] INFO  safemode.SCMSafeModeManager (SCMSafeModeManager.java:validateSafeModeExitRules(200)) - ContainerSafeModeRule rule is successfully validated
2022-12-23 07:23:24,409 [EventQueue-NewNodeForNewNodeHandler] INFO  pipeline.BackgroundPipelineCreator (BackgroundPipelineCreator.java:notifyEventTriggered(276)) - trigger a one-shot run on RatisPipelineUtilsThread.
2022-12-23 07:23:24,409 [EventQueue-PipelineReportForOneReplicaPipelineSafeModeRule] INFO  safemode.SCMSafeModeManager (SCMSafeModeManager.java:validateSafeModeExitRules(200)) - AtleastOneDatanodeReportedRule rule is successfully validated
2022-12-23 07:23:24,410 [RatisPipelineUtilsThread - 0] INFO  pipeline.RatisPipelineProvider (RatisPipelineProvider.java:lambda$create$0(206)) - Sending CreatePipelineCommand for pipeline:PipelineID=9b8ea3e0-8ff3-4083-9a33-278cabc93e79 to datanode:c3e38919-3de5-4a36-90ed-6b481ac4f646
2022-12-23 07:23:24,411 [RatisPipelineUtilsThread - 0] INFO  pipeline.PipelineStateManagerImpl (PipelineStateManagerImpl.java:addPipeline(103)) - Created pipeline Pipeline[ Id: 9b8ea3e0-8ff3-4083-9a33-278cabc93e79, Nodes: c3e38919-3de5-4a36-90ed-6b481ac4f646{ip: 10.1.0.40, host: fv-az505-480.g2e1luzo1moefklhgra4trf2va.dx.internal.cloudapp.net, ports: [REPLICATION=42235, RATIS=45749, RATIS_ADMIN=45749, RATIS_SERVER=45749, RATIS_DATASTREAM=34561, STANDALONE=36139], networkLocation: /default-rack, certSerialId: null, persistedOpState: IN_SERVICE, persistedOpStateExpiryEpochSec: 0}, ReplicationConfig: RATIS/ONE, State:ALLOCATED, leaderId:, CreationTimestamp2022-12-23T07:23:24.410Z[Etc/UTC]].
2022-12-23 07:23:24,735 [IPC Server handler 1 on default port 34181] INFO  net.NetworkTopologyImpl (NetworkTopologyImpl.java:add(112)) - Added a new node: /default-rack/e2eb6d9c-1b2b-4ac0-b094-05082948bb54
2022-12-23 07:23:24,735 [IPC Server handler 1 on default port 34181] INFO  node.SCMNodeManager (SCMNodeManager.java:register(397)) - Registered Data node : e2eb6d9c-1b2b-4ac0-b094-05082948bb54{ip: 10.1.0.40, host: fv-az505-480.g2e1luzo1moefklhgra4trf2va.dx.internal.cloudapp.net, ports: [REPLICATION=33625, RATIS=35985, RATIS_ADMIN=35985, RATIS_SERVER=35985, RATIS_DATASTREAM=43335, STANDALONE=45659], networkLocation: /default-rack, certSerialId: null, persistedOpState: null, persistedOpStateExpiryEpochSec: 0}
2022-12-23 07:23:24,736 [EventQueue-NodeRegistrationContainerReportForDataNodeSafeModeRule] INFO  safemode.SCMSafeModeManager (DataNodeSafeModeRule.java:process(71)) - SCM in safe mode. 2 DataNodes registered, 3 required.
2022-12-23 07:23:24,737 [EventQueue-NewNodeForNewNodeHandler] INFO  pipeline.BackgroundPipelineCreator (BackgroundPipelineCreator.java:notifyEventTriggered(276)) - trigger a one-shot run on RatisPipelineUtilsThread.
2022-12-23 07:23:24,737 [RatisPipelineUtilsThread - 0] INFO  pipeline.RatisPipelineProvider (RatisPipelineProvider.java:lambda$create$0(206)) - Sending CreatePipelineCommand for pipeline:PipelineID=5f2b08f3-6e36-4e12-96de-caa2b3ded633 to datanode:e2eb6d9c-1b2b-4ac0-b094-05082948bb54
2022-12-23 07:23:24,738 [RatisPipelineUtilsThread - 0] INFO  pipeline.PipelineStateManagerImpl (PipelineStateManagerImpl.java:addPipeline(103)) - Created pipeline Pipeline[ Id: 5f2b08f3-6e36-4e12-96de-caa2b3ded633, Nodes: e2eb6d9c-1b2b-4ac0-b094-05082948bb54{ip: 10.1.0.40, host: fv-az505-480.g2e1luzo1moefklhgra4trf2va.dx.internal.cloudapp.net, ports: [REPLICATION=33625, RATIS=35985, RATIS_ADMIN=35985, RATIS_SERVER=35985, RATIS_DATASTREAM=43335, STANDALONE=45659], networkLocation: /default-rack, certSerialId: null, persistedOpState: IN_SERVICE, persistedOpStateExpiryEpochSec: 0}, ReplicationConfig: RATIS/ONE, State:ALLOCATED, leaderId:, CreationTimestamp2022-12-23T07:23:24.737Z[Etc/UTC]].
2022-12-23 07:23:25,084 [IPC Server handler 2 on default port 34181] INFO  net.NetworkTopologyImpl (NetworkTopologyImpl.java:add(112)) - Added a new node: /default-rack/1f89b7a7-916f-403f-a499-aa89d29c9b15
2022-12-23 07:23:25,084 [Listener at 127.0.0.1/40955] INFO  ozone.MiniOzoneClusterImpl (MiniOzoneClusterImpl.java:lambda$waitForClusterToBeReady$0(217)) - Waiting for nodes to be ready. Got 2 of 3 DN Heartbeats.
2022-12-23 07:23:25,084 [Listener at 127.0.0.1/40955] INFO  ozone.MiniOzoneClusterImpl (MiniOzoneClusterImpl.java:lambda$waitForClusterToBeReady$0(220)) - Waiting for cluster to exit safe mode
2022-12-23 07:23:25,085 [Listener at 127.0.0.1/40955] INFO  ozone.MiniOzoneClusterImpl (MiniOzoneClusterImpl.java:lambda$waitForClusterToBeReady$0(222)) - SCM became leader
2022-12-23 07:23:25,084 [IPC Server handler 2 on default port 34181] INFO  node.SCMNodeManager (SCMNodeManager.java:register(397)) - Registered Data node : 1f89b7a7-916f-403f-a499-aa89d29c9b15{ip: 10.1.0.40, host: fv-az505-480.g2e1luzo1moefklhgra4trf2va.dx.internal.cloudapp.net, ports: [REPLICATION=45077, RATIS=39091, RATIS_ADMIN=39091, RATIS_SERVER=39091, RATIS_DATASTREAM=32893, STANDALONE=43263], networkLocation: /default-rack, certSerialId: null, persistedOpState: null, persistedOpStateExpiryEpochSec: 0}
2022-12-23 07:23:25,085 [EventQueue-NewNodeForNewNodeHandler] INFO  pipeline.BackgroundPipelineCreator (BackgroundPipelineCreator.java:notifyEventTriggered(276)) - trigger a one-shot run on RatisPipelineUtilsThread.
2022-12-23 07:23:25,085 [EventQueue-NodeRegistrationContainerReportForDataNodeSafeModeRule] INFO  safemode.SCMSafeModeManager (DataNodeSafeModeRule.java:process(71)) - SCM in safe mode. 3 DataNodes registered, 3 required.
2022-12-23 07:23:25,085 [EventQueue-NodeRegistrationContainerReportForDataNodeSafeModeRule] INFO  safemode.SCMSafeModeManager (SCMSafeModeManager.java:validateSafeModeExitRules(200)) - DataNodeSafeModeRule rule is successfully validated
2022-12-23 07:23:25,085 [EventQueue-NodeRegistrationContainerReportForDataNodeSafeModeRule] INFO  safemode.SCMSafeModeManager (SCMSafeModeManager.java:completePreCheck(229)) - All SCM safe mode pre check rules have passed
2022-12-23 07:23:25,085 [EventQueue-NodeRegistrationContainerReportForDataNodeSafeModeRule] INFO  ha.SCMContext (SCMContext.java:updateSafeModeStatus(228)) - Update SafeModeStatus from SafeModeStatus{safeModeStatus=true, preCheckPassed=false} to SafeModeStatus{safeModeStatus=true, preCheckPassed=true}.
2022-12-23 07:23:25,085 [EventQueue-NodeRegistrationContainerReportForDataNodeSafeModeRule] INFO  pipeline.BackgroundPipelineCreator (BackgroundPipelineCreator.java:notifyEventTriggered(276)) - trigger a one-shot run on RatisPipelineUtilsThread.
2022-12-23 07:23:25,086 [RatisPipelineUtilsThread - 0] INFO  pipeline.RatisPipelineProvider (RatisPipelineProvider.java:lambda$create$0(206)) - Sending CreatePipelineCommand for pipeline:PipelineID=718dda37-f3c3-40b9-9932-9efc568ec2fd to datanode:1f89b7a7-916f-403f-a499-aa89d29c9b15
2022-12-23 07:23:25,086 [RatisPipelineUtilsThread - 0] INFO  pipeline.PipelineStateManagerImpl (PipelineStateManagerImpl.java:addPipeline(103)) - Created pipeline Pipeline[ Id: 718dda37-f3c3-40b9-9932-9efc568ec2fd, Nodes: 1f89b7a7-916f-403f-a499-aa89d29c9b15{ip: 10.1.0.40, host: fv-az505-480.g2e1luzo1moefklhgra4trf2va.dx.internal.cloudapp.net, ports: [REPLICATION=45077, RATIS=39091, RATIS_ADMIN=39091, RATIS_SERVER=39091, RATIS_DATASTREAM=32893, STANDALONE=43263], networkLocation: /default-rack, certSerialId: null, persistedOpState: IN_SERVICE, persistedOpStateExpiryEpochSec: 0}, ReplicationConfig: RATIS/ONE, State:ALLOCATED, leaderId:, CreationTimestamp2022-12-23T07:23:25.086Z[Etc/UTC]].
2022-12-23 07:23:25,087 [RatisPipelineUtilsThread - 0] INFO  pipeline.RatisPipelineProvider (RatisPipelineProvider.java:lambda$create$0(206)) - Sending CreatePipelineCommand for pipeline:PipelineID=6d071e0f-832d-424f-a70f-a7244fb55423 to datanode:e2eb6d9c-1b2b-4ac0-b094-05082948bb54
2022-12-23 07:23:25,087 [RatisPipelineUtilsThread - 0] INFO  pipeline.RatisPipelineProvider (RatisPipelineProvider.java:lambda$create$0(206)) - Sending CreatePipelineCommand for pipeline:PipelineID=6d071e0f-832d-424f-a70f-a7244fb55423 to datanode:1f89b7a7-916f-403f-a499-aa89d29c9b15
2022-12-23 07:23:25,087 [RatisPipelineUtilsThread - 0] INFO  pipeline.RatisPipelineProvider (RatisPipelineProvider.java:lambda$create$0(206)) - Sending CreatePipelineCommand for pipeline:PipelineID=6d071e0f-832d-424f-a70f-a7244fb55423 to datanode:c3e38919-3de5-4a36-90ed-6b481ac4f646
2022-12-23 07:23:25,088 [RatisPipelineUtilsThread - 0] INFO  pipeline.PipelineStateManagerImpl (PipelineStateManagerImpl.java:addPipeline(103)) - Created pipeline Pipeline[ Id: 6d071e0f-832d-424f-a70f-a7244fb55423, Nodes: e2eb6d9c-1b2b-4ac0-b094-05082948bb54{ip: 10.1.0.40, host: fv-az505-480.g2e1luzo1moefklhgra4trf2va.dx.internal.cloudapp.net, ports: [REPLICATION=33625, RATIS=35985, RATIS_ADMIN=35985, RATIS_SERVER=35985, RATIS_DATASTREAM=43335, STANDALONE=45659], networkLocation: /default-rack, certSerialId: null, persistedOpState: IN_SERVICE, persistedOpStateExpiryEpochSec: 0}1f89b7a7-916f-403f-a499-aa89d29c9b15{ip: 10.1.0.40, host: fv-az505-480.g2e1luzo1moefklhgra4trf2va.dx.internal.cloudapp.net, ports: [REPLICATION=45077, RATIS=39091, RATIS_ADMIN=39091, RATIS_SERVER=39091, RATIS_DATASTREAM=32893, STANDALONE=43263], networkLocation: /default-rack, certSerialId: null, persistedOpState: IN_SERVICE, persistedOpStateExpiryEpochSec: 0}c3e38919-3de5-4a36-90ed-6b481ac4f646{ip: 10.1.0.40, host: fv-az505-480.g2e1luzo1moefklhgra4trf2va.dx.internal.cloudapp.net, ports: [REPLICATION=42235, RATIS=45749, RATIS_ADMIN=45749, RATIS_SERVER=45749, RATIS_DATASTREAM=34561, STANDALONE=36139], networkLocation: /default-rack, certSerialId: null, persistedOpState: IN_SERVICE, persistedOpStateExpiryEpochSec: 0}, ReplicationConfig: RATIS/THREE, State:ALLOCATED, leaderId:, CreationTimestamp2022-12-23T07:23:25.087Z[Etc/UTC]].
2022-12-23 07:23:25,090 [RatisPipelineUtilsThread - 0] INFO  pipeline.RatisPipelineProvider (RatisPipelineProvider.java:lambda$create$0(206)) - Sending CreatePipelineCommand for pipeline:PipelineID=8b96c8e5-4b08-48e5-a694-49028a7f651c to datanode:c3e38919-3de5-4a36-90ed-6b481ac4f646
2022-12-23 07:23:25,090 [RatisPipelineUtilsThread - 0] INFO  pipeline.RatisPipelineProvider (RatisPipelineProvider.java:lambda$create$0(206)) - Sending CreatePipelineCommand for pipeline:PipelineID=8b96c8e5-4b08-48e5-a694-49028a7f651c to datanode:1f89b7a7-916f-403f-a499-aa89d29c9b15
2022-12-23 07:23:25,090 [RatisPipelineUtilsThread - 0] INFO  pipeline.RatisPipelineProvider (RatisPipelineProvider.java:lambda$create$0(206)) - Sending CreatePipelineCommand for pipeline:PipelineID=8b96c8e5-4b08-48e5-a694-49028a7f651c to datanode:e2eb6d9c-1b2b-4ac0-b094-05082948bb54
2022-12-23 07:23:25,091 [RatisPipelineUtilsThread - 0] INFO  pipeline.PipelineStateManagerImpl (PipelineStateManagerImpl.java:addPipeline(103)) - Created pipeline Pipeline[ Id: 8b96c8e5-4b08-48e5-a694-49028a7f651c, Nodes: c3e38919-3de5-4a36-90ed-6b481ac4f646{ip: 10.1.0.40, host: fv-az505-480.g2e1luzo1moefklhgra4trf2va.dx.internal.cloudapp.net, ports: [REPLICATION=42235, RATIS=45749, RATIS_ADMIN=45749, RATIS_SERVER=45749, RATIS_DATASTREAM=34561, STANDALONE=36139], networkLocation: /default-rack, certSerialId: null, persistedOpState: IN_SERVICE, persistedOpStateExpiryEpochSec: 0}1f89b7a7-916f-403f-a499-aa89d29c9b15{ip: 10.1.0.40, host: fv-az505-480.g2e1luzo1moefklhgra4trf2va.dx.internal.cloudapp.net, ports: [REPLICATION=45077, RATIS=39091, RATIS_ADMIN=39091, RATIS_SERVER=39091, RATIS_DATASTREAM=32893, STANDALONE=43263], networkLocation: /default-rack, certSerialId: null, persistedOpState: IN_SERVICE, persistedOpStateExpiryEpochSec: 0}e2eb6d9c-1b2b-4ac0-b094-05082948bb54{ip: 10.1.0.40, host: fv-az505-480.g2e1luzo1moefklhgra4trf2va.dx.internal.cloudapp.net, ports: [REPLICATION=33625, RATIS=35985, RATIS_ADMIN=35985, RATIS_SERVER=35985, RATIS_DATASTREAM=43335, STANDALONE=45659], networkLocation: /default-rack, certSerialId: null, persistedOpState: IN_SERVICE, persistedOpStateExpiryEpochSec: 0}, ReplicationConfig: RATIS/THREE, State:ALLOCATED, leaderId:, CreationTimestamp2022-12-23T07:23:25.090Z[Etc/UTC]].
2022-12-23 07:23:25,091 [RatisPipelineUtilsThread - 0] INFO  pipeline.PipelineManagerImpl (PipelineManagerImpl.java:recordMetricsForPipeline(826)) - Pipeline: PipelineID=8b96c8e5-4b08-48e5-a694-49028a7f651c contains same datanodes as previous pipelines: PipelineID=6d071e0f-832d-424f-a70f-a7244fb55423 nodeIds: c3e38919-3de5-4a36-90ed-6b481ac4f646, 1f89b7a7-916f-403f-a499-aa89d29c9b15, e2eb6d9c-1b2b-4ac0-b094-05082948bb54
2022-12-23 07:23:25,092 [RatisPipelineUtilsThread - 0] WARN  pipeline.PipelinePlacementPolicy (PipelinePlacementPolicy.java:filterViableNodes(158)) - Pipeline creation failed due to no sufficient healthy datanodes. Required 3. Found 0.
2022-12-23 07:23:26,085 [Listener at 127.0.0.1/40955] INFO  ozone.MiniOzoneClusterImpl (MiniOzoneClusterImpl.java:lambda$waitForClusterToBeReady$0(217)) - Nodes are ready. Got 3 of 3 DN Heartbeats.
2022-12-23 07:23:26,085 [Listener at 127.0.0.1/40955] INFO  ozone.MiniOzoneClusterImpl (MiniOzoneClusterImpl.java:lambda$waitForClusterToBeReady$0(220)) - Waiting for cluster to exit safe mode
2022-12-23 07:23:26,085 [Listener at 127.0.0.1/40955] INFO  ozone.MiniOzoneClusterImpl (MiniOzoneClusterImpl.java:lambda$waitForClusterToBeReady$0(222)) - SCM became leader
2022-12-23 07:23:26,404 [EventQueue-CommandQueueReportForCommandQueueReportHandler] WARN  events.EventQueue (EventQueue.java:fireEvent(216)) - No event handler registered for event TypedEvent{payloadType=DatanodeDetails, name='Datanode_Command_Queue_Updated'}
2022-12-23 07:23:26,735 [EventQueue-CommandQueueReportForCommandQueueReportHandler] WARN  events.EventQueue (EventQueue.java:fireEvent(216)) - No event handler registered for event TypedEvent{payloadType=DatanodeDetails, name='Datanode_Command_Queue_Updated'}
2022-12-23 07:23:27,085 [EventQueue-CommandQueueReportForCommandQueueReportHandler] WARN  events.EventQueue (EventQueue.java:fireEvent(216)) - No event handler registered for event TypedEvent{payloadType=DatanodeDetails, name='Datanode_Command_Queue_Updated'}
2022-12-23 07:23:27,086 [Listener at 127.0.0.1/40955] INFO  ozone.MiniOzoneClusterImpl (MiniOzoneClusterImpl.java:lambda$waitForClusterToBeReady$0(217)) - Nodes are ready. Got 3 of 3 DN Heartbeats.
2022-12-23 07:23:27,086 [Listener at 127.0.0.1/40955] INFO  ozone.MiniOzoneClusterImpl (MiniOzoneClusterImpl.java:lambda$waitForClusterToBeReady$0(220)) - Waiting for cluster to exit safe mode
2022-12-23 07:23:27,086 [Listener at 127.0.0.1/40955] INFO  ozone.MiniOzoneClusterImpl (MiniOzoneClusterImpl.java:lambda$waitForClusterToBeReady$0(222)) - SCM became leader
2022-12-23 07:23:27,403 [Command processor thread] INFO  server.RaftServer (RaftServerProxy.java:addNew(96)) - c3e38919-3de5-4a36-90ed-6b481ac4f646: addNew group-278CABC93E79:[c3e38919-3de5-4a36-90ed-6b481ac4f646|rpc:10.1.0.40:45749|dataStream:10.1.0.40:34561|priority:1|startupRole:FOLLOWER] returns group-278CABC93E79:java.util.concurrent.CompletableFuture@7ad29c9e[Not completed]
2022-12-23 07:23:27,404 [EventQueue-CommandQueueReportForCommandQueueReportHandler] WARN  events.EventQueue (EventQueue.java:fireEvent(216)) - No event handler registered for event TypedEvent{payloadType=DatanodeDetails, name='Datanode_Command_Queue_Updated'}
2022-12-23 07:23:27,405 [pool-651-thread-1] INFO  server.RaftServer$Division (RaftServerImpl.java:<init>(195)) - c3e38919-3de5-4a36-90ed-6b481ac4f646: new RaftServerImpl for group-278CABC93E79:[c3e38919-3de5-4a36-90ed-6b481ac4f646|rpc:10.1.0.40:45749|dataStream:10.1.0.40:34561|priority:1|startupRole:FOLLOWER] with ContainerStateMachine:uninitialized
2022-12-23 07:23:27,405 [pool-651-thread-1] INFO  server.RaftServerConfigKeys (ConfUtils.java:logGet(46)) - raft.server.rpc.timeout.min = 5s (custom)
2022-12-23 07:23:27,405 [pool-651-thread-1] INFO  server.RaftServerConfigKeys (ConfUtils.java:logGet(46)) - raft.server.rpc.timeout.max = 5200ms (custom)
2022-12-23 07:23:27,405 [pool-651-thread-1] INFO  server.RaftServerConfigKeys (ConfUtils.java:logGet(46)) - raft.server.rpc.sleep.time = 25ms (default)
2022-12-23 07:23:27,405 [pool-651-thread-1] INFO  server.RaftServerConfigKeys (ConfUtils.java:logGet(46)) - raft.server.rpc.slowness.timeout = 300s (custom)
2022-12-23 07:23:27,405 [pool-651-thread-1] INFO  server.RaftServerConfigKeys (ConfUtils.java:logGet(46)) - raft.server.leaderelection.leader.step-down.wait-time = 10s (default)
2022-12-23 07:23:27,405 [pool-651-thread-1] INFO  server.RaftServerConfigKeys (ConfUtils.java:logGet(46)) - raft.server.sleep.deviation.threshold = 300ms (default)
2022-12-23 07:23:27,405 [pool-651-thread-1] INFO  server.RaftServer$Division (ServerState.java:<init>(118)) - c3e38919-3de5-4a36-90ed-6b481ac4f646@group-278CABC93E79: ConfigurationManager, init=-1: peers:[c3e38919-3de5-4a36-90ed-6b481ac4f646|rpc:10.1.0.40:45749|dataStream:10.1.0.40:34561|priority:1|startupRole:FOLLOWER]|listeners:[], old=null, confs=<EMPTY_MAP>
2022-12-23 07:23:27,405 [pool-651-thread-1] INFO  server.RaftServerConfigKeys (ConfUtils.java:logGet(46)) - raft.server.storage.dir = [/home/runner/work/ozone/ozone/hadoop-ozone/integration-test/target/test-dir/MiniOzoneClusterImpl-5de03c2c-9b33-404e-9524-94ed39684dfb/datanode-0/data/ratis] (custom)
2022-12-23 07:23:27,406 [pool-651-thread-1] INFO  server.RaftServerConfigKeys (ConfUtils.java:logGet(46)) - raft.server.log.corruption.policy = EXCEPTION (default)
2022-12-23 07:23:27,406 [pool-651-thread-1] INFO  server.RaftServerConfigKeys (ConfUtils.java:logGet(46)) - raft.server.storage.free-space.min = 0MB (=0) (default)
2022-12-23 07:23:27,406 [pool-651-thread-1] INFO  server.RaftServerConfigKeys (ConfUtils.java:logGet(46)) - raft.server.notification.no-leader.timeout = 300s (custom)
2022-12-23 07:23:27,406 [pool-651-thread-1] INFO  server.RaftServerConfigKeys (ConfUtils.java:logGet(46)) - raft.server.retrycache.expirytime = 600000ms (custom)
2022-12-23 07:23:27,406 [pool-651-thread-1] INFO  server.RaftServerConfigKeys (ConfUtils.java:logGet(46)) - raft.server.retrycache.statistics.expirytime = 100μs (default)
2022-12-23 07:23:27,406 [pool-651-thread-1] INFO  server.RaftServerConfigKeys (ConfUtils.java:logGet(46)) - raft.server.log.appender.install.snapshot.enabled = false (custom)
2022-12-23 07:23:27,407 [pool-651-thread-1] INFO  server.RaftServerConfigKeys (ConfUtils.java:logGet(46)) - raft.server.threadpool.server.cached = true (default)
2022-12-23 07:23:27,407 [pool-651-thread-1] INFO  server.RaftServerConfigKeys (ConfUtils.java:logGet(46)) - raft.server.threadpool.server.size = 0 (default)
2022-12-23 07:23:27,407 [pool-651-thread-1] INFO  server.RaftServerConfigKeys (ConfUtils.java:logGet(46)) - raft.server.threadpool.client.cached = true (default)
2022-12-23 07:23:27,407 [pool-651-thread-1] INFO  server.RaftServerConfigKeys (ConfUtils.java:logGet(46)) - raft.server.threadpool.client.size = 0 (default)
2022-12-23 07:23:27,407 [pool-651-thread-1] INFO  storage.RaftStorageDirectory (RaftStorageDirectoryImpl.java:analyzeStorage(137)) - The storage directory /home/runner/work/ozone/ozone/hadoop-ozone/integration-test/target/test-dir/MiniOzoneClusterImpl-5de03c2c-9b33-404e-9524-94ed39684dfb/datanode-0/data/ratis/9b8ea3e0-8ff3-4083-9a33-278cabc93e79 does not exist. Creating ...
2022-12-23 07:23:27,408 [pool-651-thread-1] INFO  storage.RaftStorageDirectory (RaftStorageDirectoryImpl.java:tryLock(231)) - Lock on /home/runner/work/ozone/ozone/hadoop-ozone/integration-test/target/test-dir/MiniOzoneClusterImpl-5de03c2c-9b33-404e-9524-94ed39684dfb/datanode-0/data/ratis/9b8ea3e0-8ff3-4083-9a33-278cabc93e79/in_use.lock acquired by nodename 81300@fv-az505-480
2022-12-23 07:23:27,410 [pool-651-thread-1] INFO  storage.RaftStorage (RaftStorageImpl.java:format(96)) - Storage directory /home/runner/work/ozone/ozone/hadoop-ozone/integration-test/target/test-dir/MiniOzoneClusterImpl-5de03c2c-9b33-404e-9524-94ed39684dfb/datanode-0/data/ratis/9b8ea3e0-8ff3-4083-9a33-278cabc93e79 has been successfully formatted.
2022-12-23 07:23:27,411 [pool-651-thread-1] INFO  ratis.ContainerStateMachine (ContainerStateMachine.java:loadSnapshot(240)) - group-278CABC93E79: The snapshot info is null. Setting the last applied indexto:(t:0, i:~)
2022-12-23 07:23:27,411 [pool-651-thread-1] INFO  server.RaftServerConfigKeys (ConfUtils.java:logGet(46)) - raft.server.log.use.memory = false (default)
2022-12-23 07:23:27,411 [pool-651-thread-1] INFO  server.RaftServerConfigKeys (ConfUtils.java:logGet(46)) - raft.server.log.purge.gap = 1000000 (custom)
2022-12-23 07:23:27,411 [pool-651-thread-1] INFO  server.RaftServerConfigKeys (ConfUtils.java:logGet(46)) - raft.server.log.appender.buffer.byte-limit = 33554432 (custom)
2022-12-23 07:23:27,411 [pool-651-thread-1] INFO  server.RaftServerConfigKeys (ConfUtils.java:logGet(46)) - raft.server.log.statemachine.data.read.timeout = 1000ms (default)
2022-12-23 07:23:27,411 [pool-651-thread-1] INFO  server.RaftServerConfigKeys (ConfUtils.java:logGet(46)) - raft.server.log.purge.preservation.log.num = 0 (default)
2022-12-23 07:23:27,411 [pool-651-thread-1] INFO  server.RaftServerConfigKeys (ConfUtils.java:logGet(46)) - raft.server.log.segment.size.max = 1048576 (custom)
2022-12-23 07:23:27,412 [pool-651-thread-1] INFO  server.RaftServerConfigKeys (ConfUtils.java:logGet(46)) - raft.server.log.segment.cache.num.max = 2 (custom)
2022-12-23 07:23:27,412 [pool-651-thread-1] INFO  server.RaftServerConfigKeys (ConfUtils.java:logGet(46)) - raft.server.log.segment.cache.size.max = 200MB (=209715200) (default)
2022-12-23 07:23:27,412 [pool-651-thread-1] INFO  segmented.SegmentedRaftLogWorker (SegmentedRaftLogWorker.java:<init>(189)) - new c3e38919-3de5-4a36-90ed-6b481ac4f646@group-278CABC93E79-SegmentedRaftLogWorker for RaftStorageImpl:Storage Directory /home/runner/work/ozone/ozone/hadoop-ozone/integration-test/target/test-dir/MiniOzoneClusterImpl-5de03c2c-9b33-404e-9524-94ed39684dfb/datanode-0/data/ratis/9b8ea3e0-8ff3-4083-9a33-278cabc93e79
2022-12-23 07:23:27,412 [pool-651-thread-1] INFO  server.RaftServerConfigKeys (ConfUtils.java:logGet(46)) - raft.server.log.queue.byte-limit = 4294967296 (custom)
2022-12-23 07:23:27,412 [pool-651-thread-1] INFO  server.RaftServerConfigKeys (ConfUtils.java:logGet(46)) - raft.server.log.queue.element-limit = 1024 (custom)
2022-12-23 07:23:27,412 [pool-651-thread-1] INFO  server.RaftServerConfigKeys (ConfUtils.java:logGet(46)) - raft.server.log.segment.size.max = 1048576 (custom)
2022-12-23 07:23:27,412 [pool-651-thread-1] INFO  server.RaftServerConfigKeys (ConfUtils.java:logGet(46)) - raft.server.log.preallocated.size = 16384 (custom)
2022-12-23 07:23:27,412 [pool-651-thread-1] INFO  server.RaftServerConfigKeys (ConfUtils.java:logGet(46)) - raft.server.log.force.sync.num = 128 (default)
2022-12-23 07:23:27,412 [pool-651-thread-1] INFO  server.RaftServerConfigKeys (ConfUtils.java:logGet(46)) - raft.server.log.statemachine.data.sync = true (default)
2022-12-23 07:23:27,412 [pool-651-thread-1] INFO  server.RaftServerConfigKeys (ConfUtils.java:logGet(46)) - raft.server.log.statemachine.data.sync.timeout = 10s (default)
2022-12-23 07:23:27,412 [pool-651-thread-1] INFO  server.RaftServerConfigKeys (ConfUtils.java:logGet(46)) - raft.server.log.statemachine.data.sync.timeout.retry = -1 (default)
2022-12-23 07:23:27,413 [pool-651-thread-1] INFO  server.RaftServerConfigKeys (ConfUtils.java:logGet(46)) - raft.server.log.write.buffer.size = 1048576 (custom)
2022-12-23 07:23:27,413 [pool-651-thread-1] INFO  server.RaftServerConfigKeys (ConfUtils.java:logGet(46)) - raft.server.log.appender.buffer.byte-limit = 33554432 (custom)
2022-12-23 07:23:27,417 [EventQueue-PipelineReportForPipelineReportHandler] INFO  pipeline.PipelineManagerImpl (PipelineManagerImpl.java:openPipeline(367)) - Pipeline Pipeline[ Id: 9b8ea3e0-8ff3-4083-9a33-278cabc93e79, Nodes: c3e38919-3de5-4a36-90ed-6b481ac4f646{ip: 10.1.0.40, host: fv-az505-480.g2e1luzo1moefklhgra4trf2va.dx.internal.cloudapp.net, ports: [REPLICATION=42235, RATIS=45749, RATIS_ADMIN=45749, RATIS_SERVER=45749, RATIS_DATASTREAM=34561, STANDALONE=36139], networkLocation: /default-rack, certSerialId: null, persistedOpState: IN_SERVICE, persistedOpStateExpiryEpochSec: 0}, ReplicationConfig: RATIS/ONE, State:ALLOCATED, leaderId:c3e38919-3de5-4a36-90ed-6b481ac4f646, CreationTimestamp2022-12-23T07:23:24.410Z[Etc/UTC]] moved to OPEN state
2022-12-23 07:23:27,417 [EventQueue-CommandQueueReportForCommandQueueReportHandler] WARN  events.EventQueue (EventQueue.java:fireEvent(216)) - No event handler registered for event TypedEvent{payloadType=DatanodeDetails, name='Datanode_Command_Queue_Updated'}
2022-12-23 07:23:27,419 [pool-651-thread-1] INFO  server.RaftServerConfigKeys (ConfUtils.java:logGet(46)) - raft.server.log.unsafe-flush.enabled = false (default)
2022-12-23 07:23:27,419 [pool-651-thread-1] INFO  server.RaftServerConfigKeys (ConfUtils.java:logGet(46)) - raft.server.log.async-flush.enabled = false (default)
2022-12-23 07:23:27,419 [pool-651-thread-1] INFO  server.RaftServerConfigKeys (ConfUtils.java:logGet(46)) - raft.server.log.statemachine.data.caching.enabled = true (custom)
2022-12-23 07:23:27,420 [pool-651-thread-1] INFO  segmented.SegmentedRaftLogWorker (SegmentedRaftLogWorker.java:lambda$new$0(135)) - c3e38919-3de5-4a36-90ed-6b481ac4f646@group-278CABC93E79-SegmentedRaftLogWorker: flushIndex: setUnconditionally 0 -> -1
2022-12-23 07:23:27,420 [pool-651-thread-1] INFO  segmented.SegmentedRaftLogWorker (SegmentedRaftLogWorker.java:lambda$new$0(135)) - c3e38919-3de5-4a36-90ed-6b481ac4f646@group-278CABC93E79-SegmentedRaftLogWorker: safeCacheEvictIndex: setUnconditionally 0 -> -1
2022-12-23 07:23:27,421 [EventQueue-OpenPipelineForHealthyPipelineSafeModeRule] INFO  safemode.SCMSafeModeManager (HealthyPipelineSafeModeRule.java:process(137)) - SCM in safe mode. Healthy pipelines reported count is 0, required healthy pipeline reported count is 1
2022-12-23 07:23:27,421 [pool-651-thread-1] INFO  server.RaftServer$Division (RaftServerImpl.java:start(334)) - c3e38919-3de5-4a36-90ed-6b481ac4f646@group-278CABC93E79: start as a follower, conf=-1: peers:[c3e38919-3de5-4a36-90ed-6b481ac4f646|rpc:10.1.0.40:45749|dataStream:10.1.0.40:34561|priority:1|startupRole:FOLLOWER]|listeners:[], old=null
2022-12-23 07:23:27,421 [pool-651-thread-1] INFO  server.RaftServer$Division (RaftServerImpl.java:setRole(321)) - c3e38919-3de5-4a36-90ed-6b481ac4f646@group-278CABC93E79: changes role from      null to FOLLOWER at term 0 for startAsFollower
2022-12-23 07:23:27,421 [pool-651-thread-1] INFO  impl.RoleInfo (RoleInfo.java:updateAndGet(139)) - c3e38919-3de5-4a36-90ed-6b481ac4f646: start c3e38919-3de5-4a36-90ed-6b481ac4f646@group-278CABC93E79-FollowerState
2022-12-23 07:23:27,421 [pool-651-thread-1] INFO  util.JmxRegister (JmxRegister.java:tryRegister(44)) - Successfully registered JMX Bean with object name Ratis:service=RaftServer,group=group-278CABC93E79,id=c3e38919-3de5-4a36-90ed-6b481ac4f646
2022-12-23 07:23:27,421 [pool-651-thread-1] INFO  server.RaftServerConfigKeys (ConfUtils.java:logGet(46)) - raft.server.snapshot.auto.trigger.enabled = true (custom)
2022-12-23 07:23:27,421 [pool-651-thread-1] INFO  server.RaftServerConfigKeys (ConfUtils.java:logGet(46)) - raft.server.snapshot.auto.trigger.threshold = 10000 (custom)
2022-12-23 07:23:27,421 [pool-651-thread-1] INFO  server.RaftServerConfigKeys (ConfUtils.java:logGet(46)) - raft.server.snapshot.retention.file.num = 5 (custom)
2022-12-23 07:23:27,421 [pool-651-thread-1] INFO  server.RaftServerConfigKeys (ConfUtils.java:logGet(46)) - raft.server.log.purge.upto.snapshot.index = false (default)
2022-12-23 07:23:27,422 [c3e38919-3de5-4a36-90ed-6b481ac4f646@group-278CABC93E79-FollowerState] INFO  server.RaftServerConfigKeys (ConfUtils.java:logFallback(53)) - raft.server.rpc.first-election.timeout.min = 5s (fallback to raft.server.rpc.timeout.min)
2022-12-23 07:23:27,422 [c3e38919-3de5-4a36-90ed-6b481ac4f646@group-278CABC93E79-FollowerState] INFO  server.RaftServerConfigKeys (ConfUtils.java:logFallback(53)) - raft.server.rpc.first-election.timeout.max = 5200ms (fallback to raft.server.rpc.timeout.max)
2022-12-23 07:23:27,426 [Command processor thread] INFO  ratis.XceiverServerRatis (XceiverServerRatis.java:addGroup(806)) - Created group PipelineID=9b8ea3e0-8ff3-4083-9a33-278cabc93e79
2022-12-23 07:23:27,426 [Command processor thread] INFO  commandhandler.CreatePipelineCommandHandler (CreatePipelineCommandHandler.java:handle(113)) - Created Pipeline RATIS ONE PipelineID=9b8ea3e0-8ff3-4083-9a33-278cabc93e79.
2022-12-23 07:23:27,427 [Command processor thread] INFO  server.RaftServer (RaftServerProxy.java:addNew(96)) - c3e38919-3de5-4a36-90ed-6b481ac4f646: addNew group-A7244FB55423:[c3e38919-3de5-4a36-90ed-6b481ac4f646|rpc:10.1.0.40:45749|dataStream:10.1.0.40:34561|priority:0|startupRole:FOLLOWER, e2eb6d9c-1b2b-4ac0-b094-05082948bb54|rpc:10.1.0.40:35985|dataStream:10.1.0.40:43335|priority:0|startupRole:FOLLOWER, 1f89b7a7-916f-403f-a499-aa89d29c9b15|rpc:10.1.0.40:39091|dataStream:10.1.0.40:32893|priority:1|startupRole:FOLLOWER] returns group-A7244FB55423:java.util.concurrent.CompletableFuture@7eed171c[Not completed]
2022-12-23 07:23:27,428 [pool-651-thread-1] INFO  server.RaftServer$Division (RaftServerImpl.java:<init>(195)) - c3e38919-3de5-4a36-90ed-6b481ac4f646: new RaftServerImpl for group-A7244FB55423:[c3e38919-3de5-4a36-90ed-6b481ac4f646|rpc:10.1.0.40:45749|dataStream:10.1.0.40:34561|priority:0|startupRole:FOLLOWER, e2eb6d9c-1b2b-4ac0-b094-05082948bb54|rpc:10.1.0.40:35985|dataStream:10.1.0.40:43335|priority:0|startupRole:FOLLOWER, 1f89b7a7-916f-403f-a499-aa89d29c9b15|rpc:10.1.0.40:39091|dataStream:10.1.0.40:32893|priority:1|startupRole:FOLLOWER] with ContainerStateMachine:uninitialized
2022-12-23 07:23:27,428 [pool-651-thread-1] INFO  server.RaftServerConfigKeys (ConfUtils.java:logGet(46)) - raft.server.rpc.timeout.min = 5s (custom)
2022-12-23 07:23:27,428 [pool-651-thread-1] INFO  server.RaftServerConfigKeys (ConfUtils.java:logGet(46)) - raft.server.rpc.timeout.max = 5200ms (custom)
2022-12-23 07:23:27,428 [pool-651-thread-1] INFO  server.RaftServerConfigKeys (ConfUtils.java:logGet(46)) - raft.server.rpc.sleep.time = 25ms (default)
2022-12-23 07:23:27,428 [pool-651-thread-1] INFO  server.RaftServerConfigKeys (ConfUtils.java:logGet(46)) - raft.server.rpc.slowness.timeout = 300s (custom)
2022-12-23 07:23:27,428 [pool-651-thread-1] INFO  server.RaftServerConfigKeys (ConfUtils.java:logGet(46)) - raft.server.leaderelection.leader.step-down.wait-time = 10s (default)
2022-12-23 07:23:27,428 [pool-651-thread-1] INFO  server.RaftServerConfigKeys (ConfUtils.java:logGet(46)) - raft.server.sleep.deviation.threshold = 300ms (default)
2022-12-23 07:23:27,428 [pool-651-thread-1] INFO  server.RaftServer$Division (ServerState.java:<init>(118)) - c3e38919-3de5-4a36-90ed-6b481ac4f646@group-A7244FB55423: ConfigurationManager, init=-1: peers:[c3e38919-3de5-4a36-90ed-6b481ac4f646|rpc:10.1.0.40:45749|dataStream:10.1.0.40:34561|priority:0|startupRole:FOLLOWER, e2eb6d9c-1b2b-4ac0-b094-05082948bb54|rpc:10.1.0.40:35985|dataStream:10.1.0.40:43335|priority:0|startupRole:FOLLOWER, 1f89b7a7-916f-403f-a499-aa89d29c9b15|rpc:10.1.0.40:39091|dataStream:10.1.0.40:32893|priority:1|startupRole:FOLLOWER]|listeners:[], old=null, confs=<EMPTY_MAP>
2022-12-23 07:23:27,428 [pool-651-thread-1] INFO  server.RaftServerConfigKeys (ConfUtils.java:logGet(46)) - raft.server.storage.dir = [/home/runner/work/ozone/ozone/hadoop-ozone/integration-test/target/test-dir/MiniOzoneClusterImpl-5de03c2c-9b33-404e-9524-94ed39684dfb/datanode-0/data/ratis] (custom)
2022-12-23 07:23:27,428 [pool-651-thread-1] INFO  server.RaftServerConfigKeys (ConfUtils.java:logGet(46)) - raft.server.log.corruption.policy = EXCEPTION (default)
2022-12-23 07:23:27,428 [pool-651-thread-1] INFO  server.RaftServerConfigKeys (ConfUtils.java:logGet(46)) - raft.server.storage.free-space.min = 0MB (=0) (default)
2022-12-23 07:23:27,428 [pool-651-thread-1] INFO  server.RaftServerConfigKeys (ConfUtils.java:logGet(46)) - raft.server.notification.no-leader.timeout = 300s (custom)
2022-12-23 07:23:27,428 [pool-651-thread-1] INFO  server.RaftServerConfigKeys (ConfUtils.java:logGet(46)) - raft.server.retrycache.expirytime = 600000ms (custom)
2022-12-23 07:23:27,429 [pool-651-thread-1] INFO  server.RaftServerConfigKeys (ConfUtils.java:logGet(46)) - raft.server.retrycache.statistics.expirytime = 100μs (default)
2022-12-23 07:23:27,429 [pool-651-thread-1] INFO  server.RaftServerConfigKeys (ConfUtils.java:logGet(46)) - raft.server.log.appender.install.snapshot.enabled = false (custom)
2022-12-23 07:23:27,429 [pool-651-thread-1] INFO  server.RaftServerConfigKeys (ConfUtils.java:logGet(46)) - raft.server.threadpool.server.cached = true (default)
2022-12-23 07:23:27,429 [pool-651-thread-1] INFO  server.RaftServerConfigKeys (ConfUtils.java:logGet(46)) - raft.server.threadpool.server.size = 0 (default)
2022-12-23 07:23:27,429 [pool-651-thread-1] INFO  server.RaftServerConfigKeys (ConfUtils.java:logGet(46)) - raft.server.threadpool.client.cached = true (default)
2022-12-23 07:23:27,429 [pool-651-thread-1] INFO  server.RaftServerConfigKeys (ConfUtils.java:logGet(46)) - raft.server.threadpool.client.size = 0 (default)
2022-12-23 07:23:27,430 [pool-651-thread-1] INFO  storage.RaftStorageDirectory (RaftStorageDirectoryImpl.java:analyzeStorage(137)) - The storage directory /home/runner/work/ozone/ozone/hadoop-ozone/integration-test/target/test-dir/MiniOzoneClusterImpl-5de03c2c-9b33-404e-9524-94ed39684dfb/datanode-0/data/ratis/6d071e0f-832d-424f-a70f-a7244fb55423 does not exist. Creating ...
2022-12-23 07:23:27,431 [pool-651-thread-1] INFO  storage.RaftStorageDirectory (RaftStorageDirectoryImpl.java:tryLock(231)) - Lock on /home/runner/work/ozone/ozone/hadoop-ozone/integration-test/target/test-dir/MiniOzoneClusterImpl-5de03c2c-9b33-404e-9524-94ed39684dfb/datanode-0/data/ratis/6d071e0f-832d-424f-a70f-a7244fb55423/in_use.lock acquired by nodename 81300@fv-az505-480
2022-12-23 07:23:27,432 [pool-651-thread-1] INFO  storage.RaftStorage (RaftStorageImpl.java:format(96)) - Storage directory /home/runner/work/ozone/ozone/hadoop-ozone/integration-test/target/test-dir/MiniOzoneClusterImpl-5de03c2c-9b33-404e-9524-94ed39684dfb/datanode-0/data/ratis/6d071e0f-832d-424f-a70f-a7244fb55423 has been successfully formatted.
2022-12-23 07:23:27,432 [pool-651-thread-1] INFO  ratis.ContainerStateMachine (ContainerStateMachine.java:loadSnapshot(240)) - group-A7244FB55423: The snapshot info is null. Setting the last applied indexto:(t:0, i:~)
2022-12-23 07:23:27,433 [pool-651-thread-1] INFO  server.RaftServerConfigKeys (ConfUtils.java:logGet(46)) - raft.server.log.use.memory = false (default)
2022-12-23 07:23:27,433 [pool-651-thread-1] INFO  server.RaftServerConfigKeys (ConfUtils.java:logGet(46)) - raft.server.log.purge.gap = 1000000 (custom)
2022-12-23 07:23:27,433 [pool-651-thread-1] INFO  server.RaftServerConfigKeys (ConfUtils.java:logGet(46)) - raft.server.log.appender.buffer.byte-limit = 33554432 (custom)
2022-12-23 07:23:27,433 [pool-651-thread-1] INFO  server.RaftServerConfigKeys (ConfUtils.java:logGet(46)) - raft.server.log.statemachine.data.read.timeout = 1000ms (default)
2022-12-23 07:23:27,433 [pool-651-thread-1] INFO  server.RaftServerConfigKeys (ConfUtils.java:logGet(46)) - raft.server.log.purge.preservation.log.num = 0 (default)
2022-12-23 07:23:27,433 [pool-651-thread-1] INFO  server.RaftServerConfigKeys (ConfUtils.java:logGet(46)) - raft.server.log.segment.size.max = 1048576 (custom)
2022-12-23 07:23:27,433 [pool-651-thread-1] INFO  server.RaftServerConfigKeys (ConfUtils.java:logGet(46)) - raft.server.log.segment.cache.num.max = 2 (custom)
2022-12-23 07:23:27,433 [pool-651-thread-1] INFO  server.RaftServerConfigKeys (ConfUtils.java:logGet(46)) - raft.server.log.segment.cache.size.max = 200MB (=209715200) (default)
2022-12-23 07:23:27,433 [pool-651-thread-1] INFO  segmented.SegmentedRaftLogWorker (SegmentedRaftLogWorker.java:<init>(189)) - new c3e38919-3de5-4a36-90ed-6b481ac4f646@group-A7244FB55423-SegmentedRaftLogWorker for RaftStorageImpl:Storage Directory /home/runner/work/ozone/ozone/hadoop-ozone/integration-test/target/test-dir/MiniOzoneClusterImpl-5de03c2c-9b33-404e-9524-94ed39684dfb/datanode-0/data/ratis/6d071e0f-832d-424f-a70f-a7244fb55423
2022-12-23 07:23:27,433 [pool-651-thread-1] INFO  server.RaftServerConfigKeys (ConfUtils.java:logGet(46)) - raft.server.log.queue.byte-limit = 4294967296 (custom)
2022-12-23 07:23:27,433 [pool-651-thread-1] INFO  server.RaftServerConfigKeys (ConfUtils.java:logGet(46)) - raft.server.log.queue.element-limit = 1024 (custom)
2022-12-23 07:23:27,434 [pool-651-thread-1] INFO  server.RaftServerConfigKeys (ConfUtils.java:logGet(46)) - raft.server.log.segment.size.max = 1048576 (custom)
2022-12-23 07:23:27,434 [pool-651-thread-1] INFO  server.RaftServerConfigKeys (ConfUtils.java:logGet(46)) - raft.server.log.preallocated.size = 16384 (custom)
2022-12-23 07:23:27,434 [pool-651-thread-1] INFO  server.RaftServerConfigKeys (ConfUtils.java:logGet(46)) - raft.server.log.force.sync.num = 128 (default)
2022-12-23 07:23:27,434 [pool-651-thread-1] INFO  server.RaftServerConfigKeys (ConfUtils.java:logGet(46)) - raft.server.log.statemachine.data.sync = true (default)
2022-12-23 07:23:27,434 [pool-651-thread-1] INFO  server.RaftServerConfigKeys (ConfUtils.java:logGet(46)) - raft.server.log.statemachine.data.sync.timeout = 10s (default)
2022-12-23 07:23:27,434 [pool-651-thread-1] INFO  server.RaftServerConfigKeys (ConfUtils.java:logGet(46)) - raft.server.log.statemachine.data.sync.timeout.retry = -1 (default)
2022-12-23 07:23:27,434 [EventQueue-CommandQueueReportForCommandQueueReportHandler] WARN  events.EventQueue (EventQueue.java:fireEvent(216)) - No event handler registered for event TypedEvent{payloadType=DatanodeDetails, name='Datanode_Command_Queue_Updated'}
2022-12-23 07:23:27,434 [pool-651-thread-1] INFO  server.RaftServerConfigKeys (ConfUtils.java:logGet(46)) - raft.server.log.write.buffer.size = 1048576 (custom)
2022-12-23 07:23:27,435 [pool-651-thread-1] INFO  server.RaftServerConfigKeys (ConfUtils.java:logGet(46)) - raft.server.log.appender.buffer.byte-limit = 33554432 (custom)
2022-12-23 07:23:27,435 [EventQueue-OpenPipelineForHealthyPipelineSafeModeRule] INFO  safemode.SCMSafeModeManager (HealthyPipelineSafeModeRule.java:process(137)) - SCM in safe mode. Healthy pipelines reported count is 0, required healthy pipeline reported count is 1
2022-12-23 07:23:27,440 [pool-651-thread-1] INFO  server.RaftServerConfigKeys (ConfUtils.java:logGet(46)) - raft.server.log.unsafe-flush.enabled = false (default)
2022-12-23 07:23:27,441 [pool-651-thread-1] INFO  server.RaftServerConfigKeys (ConfUtils.java:logGet(46)) - raft.server.log.async-flush.enabled = false (default)
2022-12-23 07:23:27,441 [pool-651-thread-1] INFO  server.RaftServerConfigKeys (ConfUtils.java:logGet(46)) - raft.server.log.statemachine.data.caching.enabled = true (custom)
2022-12-23 07:23:27,441 [pool-651-thread-1] INFO  segmented.SegmentedRaftLogWorker (SegmentedRaftLogWorker.java:lambda$new$0(135)) - c3e38919-3de5-4a36-90ed-6b481ac4f646@group-A7244FB55423-SegmentedRaftLogWorker: flushIndex: setUnconditionally 0 -> -1
2022-12-23 07:23:27,441 [pool-651-thread-1] INFO  segmented.SegmentedRaftLogWorker (SegmentedRaftLogWorker.java:lambda$new$0(135)) - c3e38919-3de5-4a36-90ed-6b481ac4f646@group-A7244FB55423-SegmentedRaftLogWorker: safeCacheEvictIndex: setUnconditionally 0 -> -1
2022-12-23 07:23:27,444 [pool-651-thread-1] INFO  server.RaftServer$Division (RaftServerImpl.java:start(334)) - c3e38919-3de5-4a36-90ed-6b481ac4f646@group-A7244FB55423: start as a follower, conf=-1: peers:[c3e38919-3de5-4a36-90ed-6b481ac4f646|rpc:10.1.0.40:45749|dataStream:10.1.0.40:34561|priority:0|startupRole:FOLLOWER, e2eb6d9c-1b2b-4ac0-b094-05082948bb54|rpc:10.1.0.40:35985|dataStream:10.1.0.40:43335|priority:0|startupRole:FOLLOWER, 1f89b7a7-916f-403f-a499-aa89d29c9b15|rpc:10.1.0.40:39091|dataStream:10.1.0.40:32893|priority:1|startupRole:FOLLOWER]|listeners:[], old=null
2022-12-23 07:23:27,444 [pool-651-thread-1] INFO  server.RaftServer$Division (RaftServerImpl.java:setRole(321)) - c3e38919-3de5-4a36-90ed-6b481ac4f646@group-A7244FB55423: changes role from      null to FOLLOWER at term 0 for startAsFollower
2022-12-23 07:23:27,445 [pool-651-thread-1] INFO  impl.RoleInfo (RoleInfo.java:updateAndGet(139)) - c3e38919-3de5-4a36-90ed-6b481ac4f646: start c3e38919-3de5-4a36-90ed-6b481ac4f646@group-A7244FB55423-FollowerState
2022-12-23 07:23:27,446 [pool-651-thread-1] INFO  util.JmxRegister (JmxRegister.java:tryRegister(44)) - Successfully registered JMX Bean with object name Ratis:service=RaftServer,group=group-A7244FB55423,id=c3e38919-3de5-4a36-90ed-6b481ac4f646
2022-12-23 07:23:27,446 [pool-651-thread-1] INFO  server.RaftServerConfigKeys (ConfUtils.java:logGet(46)) - raft.server.snapshot.auto.trigger.enabled = true (custom)
2022-12-23 07:23:27,446 [pool-651-thread-1] INFO  server.RaftServerConfigKeys (ConfUtils.java:logGet(46)) - raft.server.snapshot.auto.trigger.threshold = 10000 (custom)
2022-12-23 07:23:27,446 [pool-651-thread-1] INFO  server.RaftServerConfigKeys (ConfUtils.java:logGet(46)) - raft.server.snapshot.retention.file.num = 5 (custom)
2022-12-23 07:23:27,446 [pool-651-thread-1] INFO  server.RaftServerConfigKeys (ConfUtils.java:logGet(46)) - raft.server.log.purge.upto.snapshot.index = false (default)
2022-12-23 07:23:27,446 [c3e38919-3de5-4a36-90ed-6b481ac4f646@group-A7244FB55423-FollowerState] INFO  server.RaftServerConfigKeys (ConfUtils.java:logFallback(53)) - raft.server.rpc.first-election.timeout.min = 5s (fallback to raft.server.rpc.timeout.min)
2022-12-23 07:23:27,446 [c3e38919-3de5-4a36-90ed-6b481ac4f646@group-A7244FB55423-FollowerState] INFO  server.RaftServerConfigKeys (ConfUtils.java:logFallback(53)) - raft.server.rpc.first-election.timeout.max = 5200ms (fallback to raft.server.rpc.timeout.max)
2022-12-23 07:23:27,447 [Command processor thread] INFO  ratis.XceiverServerRatis (XceiverServerRatis.java:addGroup(806)) - Created group PipelineID=6d071e0f-832d-424f-a70f-a7244fb55423
2022-12-23 07:23:27,460 [grpc-default-executor-0] INFO  server.RaftServer (RaftServerProxy.java:addNew(96)) - e2eb6d9c-1b2b-4ac0-b094-05082948bb54: addNew group-A7244FB55423:[c3e38919-3de5-4a36-90ed-6b481ac4f646|rpc:10.1.0.40:45749|dataStream:10.1.0.40:34561|priority:0|startupRole:FOLLOWER, e2eb6d9c-1b2b-4ac0-b094-05082948bb54|rpc:10.1.0.40:35985|dataStream:10.1.0.40:43335|priority:0|startupRole:FOLLOWER, 1f89b7a7-916f-403f-a499-aa89d29c9b15|rpc:10.1.0.40:39091|dataStream:10.1.0.40:32893|priority:1|startupRole:FOLLOWER] returns group-A7244FB55423:java.util.concurrent.CompletableFuture@4aec6870[Not completed]
2022-12-23 07:23:27,462 [pool-674-thread-1] INFO  server.RaftServer$Division (RaftServerImpl.java:<init>(195)) - e2eb6d9c-1b2b-4ac0-b094-05082948bb54: new RaftServerImpl for group-A7244FB55423:[c3e38919-3de5-4a36-90ed-6b481ac4f646|rpc:10.1.0.40:45749|dataStream:10.1.0.40:34561|priority:0|startupRole:FOLLOWER, e2eb6d9c-1b2b-4ac0-b094-05082948bb54|rpc:10.1.0.40:35985|dataStream:10.1.0.40:43335|priority:0|startupRole:FOLLOWER, 1f89b7a7-916f-403f-a499-aa89d29c9b15|rpc:10.1.0.40:39091|dataStream:10.1.0.40:32893|priority:1|startupRole:FOLLOWER] with ContainerStateMachine:uninitialized
2022-12-23 07:23:27,462 [pool-674-thread-1] INFO  server.RaftServerConfigKeys (ConfUtils.java:logGet(46)) - raft.server.rpc.timeout.min = 5s (custom)
2022-12-23 07:23:27,462 [pool-674-thread-1] INFO  server.RaftServerConfigKeys (ConfUtils.java:logGet(46)) - raft.server.rpc.timeout.max = 5200ms (custom)
2022-12-23 07:23:27,462 [pool-674-thread-1] INFO  server.RaftServerConfigKeys (ConfUtils.java:logGet(46)) - raft.server.rpc.sleep.time = 25ms (default)
2022-12-23 07:23:27,462 [pool-674-thread-1] INFO  server.RaftServerConfigKeys (ConfUtils.java:logGet(46)) - raft.server.rpc.slowness.timeout = 300s (custom)
2022-12-23 07:23:27,462 [pool-674-thread-1] INFO  server.RaftServerConfigKeys (ConfUtils.java:logGet(46)) - raft.server.leaderelection.leader.step-down.wait-time = 10s (default)
2022-12-23 07:23:27,462 [pool-674-thread-1] INFO  server.RaftServerConfigKeys (ConfUtils.java:logGet(46)) - raft.server.sleep.deviation.threshold = 300ms (default)
2022-12-23 07:23:27,462 [pool-674-thread-1] INFO  server.RaftServer$Division (ServerState.java:<init>(118)) - e2eb6d9c-1b2b-4ac0-b094-05082948bb54@group-A7244FB55423: ConfigurationManager, init=-1: peers:[c3e38919-3de5-4a36-90ed-6b481ac4f646|rpc:10.1.0.40:45749|dataStream:10.1.0.40:34561|priority:0|startupRole:FOLLOWER, e2eb6d9c-1b2b-4ac0-b094-05082948bb54|rpc:10.1.0.40:35985|dataStream:10.1.0.40:43335|priority:0|startupRole:FOLLOWER, 1f89b7a7-916f-403f-a499-aa89d29c9b15|rpc:10.1.0.40:39091|dataStream:10.1.0.40:32893|priority:1|startupRole:FOLLOWER]|listeners:[], old=null, confs=<EMPTY_MAP>
2022-12-23 07:23:27,462 [pool-674-thread-1] INFO  server.RaftServerConfigKeys (ConfUtils.java:logGet(46)) - raft.server.storage.dir = [/home/runner/work/ozone/ozone/hadoop-ozone/integration-test/target/test-dir/MiniOzoneClusterImpl-5de03c2c-9b33-404e-9524-94ed39684dfb/datanode-1/data/ratis] (custom)
2022-12-23 07:23:27,462 [pool-674-thread-1] INFO  server.RaftServerConfigKeys (ConfUtils.java:logGet(46)) - raft.server.log.corruption.policy = EXCEPTION (default)
2022-12-23 07:23:27,462 [pool-674-thread-1] INFO  server.RaftServerConfigKeys (ConfUtils.java:logGet(46)) - raft.server.storage.free-space.min = 0MB (=0) (default)
2022-12-23 07:23:27,462 [pool-674-thread-1] INFO  server.RaftServerConfigKeys (ConfUtils.java:logGet(46)) - raft.server.notification.no-leader.timeout = 300s (custom)
2022-12-23 07:23:27,462 [pool-674-thread-1] INFO  server.RaftServerConfigKeys (ConfUtils.java:logGet(46)) - raft.server.retrycache.expirytime = 600000ms (custom)
2022-12-23 07:23:27,462 [pool-674-thread-1] INFO  server.RaftServerConfigKeys (ConfUtils.java:logGet(46)) - raft.server.retrycache.statistics.expirytime = 100μs (default)
2022-12-23 07:23:27,463 [pool-674-thread-1] INFO  server.RaftServerConfigKeys (ConfUtils.java:logGet(46)) - raft.server.log.appender.install.snapshot.enabled = false (custom)
2022-12-23 07:23:27,463 [pool-674-thread-1] INFO  server.RaftServerConfigKeys (ConfUtils.java:logGet(46)) - raft.server.threadpool.server.cached = true (default)
2022-12-23 07:23:27,463 [pool-674-thread-1] INFO  server.RaftServerConfigKeys (ConfUtils.java:logGet(46)) - raft.server.threadpool.server.size = 0 (default)
2022-12-23 07:23:27,463 [pool-674-thread-1] INFO  server.RaftServerConfigKeys (ConfUtils.java:logGet(46)) - raft.server.threadpool.client.cached = true (default)
2022-12-23 07:23:27,463 [pool-674-thread-1] INFO  server.RaftServerConfigKeys (ConfUtils.java:logGet(46)) - raft.server.threadpool.client.size = 0 (default)
2022-12-23 07:23:27,463 [pool-674-thread-1] INFO  storage.RaftStorageDirectory (RaftStorageDirectoryImpl.java:analyzeStorage(137)) - The storage directory /home/runner/work/ozone/ozone/hadoop-ozone/integration-test/target/test-dir/MiniOzoneClusterImpl-5de03c2c-9b33-404e-9524-94ed39684dfb/datanode-1/data/ratis/6d071e0f-832d-424f-a70f-a7244fb55423 does not exist. Creating ...
2022-12-23 07:23:27,464 [pool-674-thread-1] INFO  storage.RaftStorageDirectory (RaftStorageDirectoryImpl.java:tryLock(231)) - Lock on /home/runner/work/ozone/ozone/hadoop-ozone/integration-test/target/test-dir/MiniOzoneClusterImpl-5de03c2c-9b33-404e-9524-94ed39684dfb/datanode-1/data/ratis/6d071e0f-832d-424f-a70f-a7244fb55423/in_use.lock acquired by nodename 81300@fv-az505-480
2022-12-23 07:23:27,466 [pool-674-thread-1] INFO  storage.RaftStorage (RaftStorageImpl.java:format(96)) - Storage directory /home/runner/work/ozone/ozone/hadoop-ozone/integration-test/target/test-dir/MiniOzoneClusterImpl-5de03c2c-9b33-404e-9524-94ed39684dfb/datanode-1/data/ratis/6d071e0f-832d-424f-a70f-a7244fb55423 has been successfully formatted.
2022-12-23 07:23:27,467 [pool-674-thread-1] INFO  ratis.ContainerStateMachine (ContainerStateMachine.java:loadSnapshot(240)) - group-A7244FB55423: The snapshot info is null. Setting the last applied indexto:(t:0, i:~)
2022-12-23 07:23:27,467 [pool-674-thread-1] INFO  server.RaftServerConfigKeys (ConfUtils.java:logGet(46)) - raft.server.log.use.memory = false (default)
2022-12-23 07:23:27,467 [pool-674-thread-1] INFO  server.RaftServerConfigKeys (ConfUtils.java:logGet(46)) - raft.server.log.purge.gap = 1000000 (custom)
2022-12-23 07:23:27,467 [pool-674-thread-1] INFO  server.RaftServerConfigKeys (ConfUtils.java:logGet(46)) - raft.server.log.appender.buffer.byte-limit = 33554432 (custom)
2022-12-23 07:23:27,467 [pool-674-thread-1] INFO  server.RaftServerConfigKeys (ConfUtils.java:logGet(46)) - raft.server.log.statemachine.data.read.timeout = 1000ms (default)
2022-12-23 07:23:27,467 [pool-674-thread-1] INFO  server.RaftServerConfigKeys (ConfUtils.java:logGet(46)) - raft.server.log.purge.preservation.log.num = 0 (default)
2022-12-23 07:23:27,467 [pool-674-thread-1] INFO  server.RaftServerConfigKeys (ConfUtils.java:logGet(46)) - raft.server.log.segment.size.max = 1048576 (custom)
2022-12-23 07:23:27,468 [pool-674-thread-1] INFO  server.RaftServerConfigKeys (ConfUtils.java:logGet(46)) - raft.server.log.segment.cache.num.max = 2 (custom)
2022-12-23 07:23:27,468 [pool-674-thread-1] INFO  server.RaftServerConfigKeys (ConfUtils.java:logGet(46)) - raft.server.log.segment.cache.size.max = 200MB (=209715200) (default)
2022-12-23 07:23:27,468 [pool-674-thread-1] INFO  segmented.SegmentedRaftLogWorker (SegmentedRaftLogWorker.java:<init>(189)) - new e2eb6d9c-1b2b-4ac0-b094-05082948bb54@group-A7244FB55423-SegmentedRaftLogWorker for RaftStorageImpl:Storage Directory /home/runner/work/ozone/ozone/hadoop-ozone/integration-test/target/test-dir/MiniOzoneClusterImpl-5de03c2c-9b33-404e-9524-94ed39684dfb/datanode-1/data/ratis/6d071e0f-832d-424f-a70f-a7244fb55423
2022-12-23 07:23:27,468 [pool-674-thread-1] INFO  server.RaftServerConfigKeys (ConfUtils.java:logGet(46)) - raft.server.log.queue.byte-limit = 4294967296 (custom)
2022-12-23 07:23:27,468 [pool-674-thread-1] INFO  server.RaftServerConfigKeys (ConfUtils.java:logGet(46)) - raft.server.log.queue.element-limit = 1024 (custom)
2022-12-23 07:23:27,468 [pool-674-thread-1] INFO  server.RaftServerConfigKeys (ConfUtils.java:logGet(46)) - raft.server.log.segment.size.max = 1048576 (custom)
2022-12-23 07:23:27,468 [pool-674-thread-1] INFO  server.RaftServerConfigKeys (ConfUtils.java:logGet(46)) - raft.server.log.preallocated.size = 16384 (custom)
2022-12-23 07:23:27,468 [EventQueue-CommandQueueReportForCommandQueueReportHandler] WARN  events.EventQueue (EventQueue.java:fireEvent(216)) - No event handler registered for event TypedEvent{payloadType=DatanodeDetails, name='Datanode_Command_Queue_Updated'}
2022-12-23 07:23:27,468 [pool-674-thread-1] INFO  server.RaftServerConfigKeys (ConfUtils.java:logGet(46)) - raft.server.log.force.sync.num = 128 (default)
2022-12-23 07:23:27,468 [pool-674-thread-1] INFO  server.RaftServerConfigKeys (ConfUtils.java:logGet(46)) - raft.server.log.statemachine.data.sync = true (default)
2022-12-23 07:23:27,468 [pool-674-thread-1] INFO  server.RaftServerConfigKeys (ConfUtils.java:logGet(46)) - raft.server.log.statemachine.data.sync.timeout = 10s (default)
2022-12-23 07:23:27,468 [pool-674-thread-1] INFO  server.RaftServerConfigKeys (ConfUtils.java:logGet(46)) - raft.server.log.statemachine.data.sync.timeout.retry = -1 (default)
2022-12-23 07:23:27,469 [pool-674-thread-1] INFO  server.RaftServerConfigKeys (ConfUtils.java:logGet(46)) - raft.server.log.write.buffer.size = 1048576 (custom)
2022-12-23 07:23:27,470 [pool-674-thread-1] INFO  server.RaftServerConfigKeys (ConfUtils.java:logGet(46)) - raft.server.log.appender.buffer.byte-limit = 33554432 (custom)
2022-12-23 07:23:27,475 [pool-674-thread-1] INFO  server.RaftServerConfigKeys (ConfUtils.java:logGet(46)) - raft.server.log.unsafe-flush.enabled = false (default)
2022-12-23 07:23:27,476 [pool-674-thread-1] INFO  server.RaftServerConfigKeys (ConfUtils.java:logGet(46)) - raft.server.log.async-flush.enabled = false (default)
2022-12-23 07:23:27,476 [pool-674-thread-1] INFO  server.RaftServerConfigKeys (ConfUtils.java:logGet(46)) - raft.server.log.statemachine.data.caching.enabled = true (custom)
2022-12-23 07:23:27,476 [pool-674-thread-1] INFO  segmented.SegmentedRaftLogWorker (SegmentedRaftLogWorker.java:lambda$new$0(135)) - e2eb6d9c-1b2b-4ac0-b094-05082948bb54@group-A7244FB55423-SegmentedRaftLogWorker: flushIndex: setUnconditionally 0 -> -1
2022-12-23 07:23:27,476 [pool-674-thread-1] INFO  segmented.SegmentedRaftLogWorker (SegmentedRaftLogWorker.java:lambda$new$0(135)) - e2eb6d9c-1b2b-4ac0-b094-05082948bb54@group-A7244FB55423-SegmentedRaftLogWorker: safeCacheEvictIndex: setUnconditionally 0 -> -1
2022-12-23 07:23:27,476 [pool-674-thread-1] INFO  server.RaftServer$Division (RaftServerImpl.java:start(334)) - e2eb6d9c-1b2b-4ac0-b094-05082948bb54@group-A7244FB55423: start as a follower, conf=-1: peers:[c3e38919-3de5-4a36-90ed-6b481ac4f646|rpc:10.1.0.40:45749|dataStream:10.1.0.40:34561|priority:0|startupRole:FOLLOWER, e2eb6d9c-1b2b-4ac0-b094-05082948bb54|rpc:10.1.0.40:35985|dataStream:10.1.0.40:43335|priority:0|startupRole:FOLLOWER, 1f89b7a7-916f-403f-a499-aa89d29c9b15|rpc:10.1.0.40:39091|dataStream:10.1.0.40:32893|priority:1|startupRole:FOLLOWER]|listeners:[], old=null
2022-12-23 07:23:27,476 [pool-674-thread-1] INFO  server.RaftServer$Division (RaftServerImpl.java:setRole(321)) - e2eb6d9c-1b2b-4ac0-b094-05082948bb54@group-A7244FB55423: changes role from      null to FOLLOWER at term 0 for startAsFollower
2022-12-23 07:23:27,476 [pool-674-thread-1] INFO  impl.RoleInfo (RoleInfo.java:updateAndGet(139)) - e2eb6d9c-1b2b-4ac0-b094-05082948bb54: start e2eb6d9c-1b2b-4ac0-b094-05082948bb54@group-A7244FB55423-FollowerState
2022-12-23 07:23:27,480 [pool-674-thread-1] INFO  util.JmxRegister (JmxRegister.java:tryRegister(44)) - Successfully registered JMX Bean with object name Ratis:service=RaftServer,group=group-A7244FB55423,id=e2eb6d9c-1b2b-4ac0-b094-05082948bb54
2022-12-23 07:23:27,480 [pool-674-thread-1] INFO  server.RaftServerConfigKeys (ConfUtils.java:logGet(46)) - raft.server.snapshot.auto.trigger.enabled = true (custom)
2022-12-23 07:23:27,480 [pool-674-thread-1] INFO  server.RaftServerConfigKeys (ConfUtils.java:logGet(46)) - raft.server.snapshot.auto.trigger.threshold = 10000 (custom)
2022-12-23 07:23:27,480 [pool-674-thread-1] INFO  server.RaftServerConfigKeys (ConfUtils.java:logGet(46)) - raft.server.snapshot.retention.file.num = 5 (custom)
2022-12-23 07:23:27,480 [pool-674-thread-1] INFO  server.RaftServerConfigKeys (ConfUtils.java:logGet(46)) - raft.server.log.purge.upto.snapshot.index = false (default)
2022-12-23 07:23:27,481 [e2eb6d9c-1b2b-4ac0-b094-05082948bb54@group-A7244FB55423-FollowerState] INFO  server.RaftServerConfigKeys (ConfUtils.java:logFallback(53)) - raft.server.rpc.first-election.timeout.min = 5s (fallback to raft.server.rpc.timeout.min)
2022-12-23 07:23:27,481 [e2eb6d9c-1b2b-4ac0-b094-05082948bb54@group-A7244FB55423-FollowerState] INFO  server.RaftServerConfigKeys (ConfUtils.java:logFallback(53)) - raft.server.rpc.first-election.timeout.max = 5200ms (fallback to raft.server.rpc.timeout.max)
2022-12-23 07:23:27,498 [grpc-default-executor-0] INFO  server.RaftServer (RaftServerProxy.java:addNew(96)) - 1f89b7a7-916f-403f-a499-aa89d29c9b15: addNew group-A7244FB55423:[c3e38919-3de5-4a36-90ed-6b481ac4f646|rpc:10.1.0.40:45749|dataStream:10.1.0.40:34561|priority:0|startupRole:FOLLOWER, e2eb6d9c-1b2b-4ac0-b094-05082948bb54|rpc:10.1.0.40:35985|dataStream:10.1.0.40:43335|priority:0|startupRole:FOLLOWER, 1f89b7a7-916f-403f-a499-aa89d29c9b15|rpc:10.1.0.40:39091|dataStream:10.1.0.40:32893|priority:1|startupRole:FOLLOWER] returns group-A7244FB55423:java.util.concurrent.CompletableFuture@e076c9a[Not completed]
2022-12-23 07:23:27,502 [pool-697-thread-1] INFO  server.RaftServer$Division (RaftServerImpl.java:<init>(195)) - 1f89b7a7-916f-403f-a499-aa89d29c9b15: new RaftServerImpl for group-A7244FB55423:[c3e38919-3de5-4a36-90ed-6b481ac4f646|rpc:10.1.0.40:45749|dataStream:10.1.0.40:34561|priority:0|startupRole:FOLLOWER, e2eb6d9c-1b2b-4ac0-b094-05082948bb54|rpc:10.1.0.40:35985|dataStream:10.1.0.40:43335|priority:0|startupRole:FOLLOWER, 1f89b7a7-916f-403f-a499-aa89d29c9b15|rpc:10.1.0.40:39091|dataStream:10.1.0.40:32893|priority:1|startupRole:FOLLOWER] with ContainerStateMachine:uninitialized
2022-12-23 07:23:27,502 [pool-697-thread-1] INFO  server.RaftServerConfigKeys (ConfUtils.java:logGet(46)) - raft.server.rpc.timeout.min = 5s (custom)
2022-12-23 07:23:27,502 [pool-697-thread-1] INFO  server.RaftServerConfigKeys (ConfUtils.java:logGet(46)) - raft.server.rpc.timeout.max = 5200ms (custom)
2022-12-23 07:23:27,502 [pool-697-thread-1] INFO  server.RaftServerConfigKeys (ConfUtils.java:logGet(46)) - raft.server.rpc.sleep.time = 25ms (default)
2022-12-23 07:23:27,502 [pool-697-thread-1] INFO  server.RaftServerConfigKeys (ConfUtils.java:logGet(46)) - raft.server.rpc.slowness.timeout = 300s (custom)
2022-12-23 07:23:27,502 [pool-697-thread-1] INFO  server.RaftServerConfigKeys (ConfUtils.java:logGet(46)) - raft.server.leaderelection.leader.step-down.wait-time = 10s (default)
2022-12-23 07:23:27,502 [pool-697-thread-1] INFO  server.RaftServerConfigKeys (ConfUtils.java:logGet(46)) - raft.server.sleep.deviation.threshold = 300ms (default)
2022-12-23 07:23:27,502 [pool-697-thread-1] INFO  server.RaftServer$Division (ServerState.java:<init>(118)) - 1f89b7a7-916f-403f-a499-aa89d29c9b15@group-A7244FB55423: ConfigurationManager, init=-1: peers:[c3e38919-3de5-4a36-90ed-6b481ac4f646|rpc:10.1.0.40:45749|dataStream:10.1.0.40:34561|priority:0|startupRole:FOLLOWER, e2eb6d9c-1b2b-4ac0-b094-05082948bb54|rpc:10.1.0.40:35985|dataStream:10.1.0.40:43335|priority:0|startupRole:FOLLOWER, 1f89b7a7-916f-403f-a499-aa89d29c9b15|rpc:10.1.0.40:39091|dataStream:10.1.0.40:32893|priority:1|startupRole:FOLLOWER]|listeners:[], old=null, confs=<EMPTY_MAP>
2022-12-23 07:23:27,502 [pool-697-thread-1] INFO  server.RaftServerConfigKeys (ConfUtils.java:logGet(46)) - raft.server.storage.dir = [/home/runner/work/ozone/ozone/hadoop-ozone/integration-test/target/test-dir/MiniOzoneClusterImpl-5de03c2c-9b33-404e-9524-94ed39684dfb/datanode-2/data/ratis] (custom)
2022-12-23 07:23:27,503 [pool-697-thread-1] INFO  server.RaftServerConfigKeys (ConfUtils.java:logGet(46)) - raft.server.log.corruption.policy = EXCEPTION (default)
2022-12-23 07:23:27,503 [pool-697-thread-1] INFO  server.RaftServerConfigKeys (ConfUtils.java:logGet(46)) - raft.server.storage.free-space.min = 0MB (=0) (default)
2022-12-23 07:23:27,503 [pool-697-thread-1] INFO  server.RaftServerConfigKeys (ConfUtils.java:logGet(46)) - raft.server.notification.no-leader.timeout = 300s (custom)
2022-12-23 07:23:27,503 [pool-697-thread-1] INFO  server.RaftServerConfigKeys (ConfUtils.java:logGet(46)) - raft.server.retrycache.expirytime = 600000ms (custom)
2022-12-23 07:23:27,503 [pool-697-thread-1] INFO  server.RaftServerConfigKeys (ConfUtils.java:logGet(46)) - raft.server.retrycache.statistics.expirytime = 100μs (default)
2022-12-23 07:23:27,503 [pool-697-thread-1] INFO  server.RaftServerConfigKeys (ConfUtils.java:logGet(46)) - raft.server.log.appender.install.snapshot.enabled = false (custom)
2022-12-23 07:23:27,504 [pool-697-thread-1] INFO  server.RaftServerConfigKeys (ConfUtils.java:logGet(46)) - raft.server.threadpool.server.cached = true (default)
2022-12-23 07:23:27,504 [pool-697-thread-1] INFO  server.RaftServerConfigKeys (ConfUtils.java:logGet(46)) - raft.server.threadpool.server.size = 0 (default)
2022-12-23 07:23:27,504 [pool-697-thread-1] INFO  server.RaftServerConfigKeys (ConfUtils.java:logGet(46)) - raft.server.threadpool.client.cached = true (default)
2022-12-23 07:23:27,504 [pool-697-thread-1] INFO  server.RaftServerConfigKeys (ConfUtils.java:logGet(46)) - raft.server.threadpool.client.size = 0 (default)
2022-12-23 07:23:27,504 [pool-697-thread-1] INFO  storage.RaftStorageDirectory (RaftStorageDirectoryImpl.java:analyzeStorage(137)) - The storage directory /home/runner/work/ozone/ozone/hadoop-ozone/integration-test/target/test-dir/MiniOzoneClusterImpl-5de03c2c-9b33-404e-9524-94ed39684dfb/datanode-2/data/ratis/6d071e0f-832d-424f-a70f-a7244fb55423 does not exist. Creating ...
2022-12-23 07:23:27,505 [pool-697-thread-1] INFO  storage.RaftStorageDirectory (RaftStorageDirectoryImpl.java:tryLock(231)) - Lock on /home/runner/work/ozone/ozone/hadoop-ozone/integration-test/target/test-dir/MiniOzoneClusterImpl-5de03c2c-9b33-404e-9524-94ed39684dfb/datanode-2/data/ratis/6d071e0f-832d-424f-a70f-a7244fb55423/in_use.lock acquired by nodename 81300@fv-az505-480
2022-12-23 07:23:27,506 [pool-697-thread-1] INFO  storage.RaftStorage (RaftStorageImpl.java:format(96)) - Storage directory /home/runner/work/ozone/ozone/hadoop-ozone/integration-test/target/test-dir/MiniOzoneClusterImpl-5de03c2c-9b33-404e-9524-94ed39684dfb/datanode-2/data/ratis/6d071e0f-832d-424f-a70f-a7244fb55423 has been successfully formatted.
2022-12-23 07:23:27,508 [pool-697-thread-1] INFO  ratis.ContainerStateMachine (ContainerStateMachine.java:loadSnapshot(240)) - group-A7244FB55423: The snapshot info is null. Setting the last applied indexto:(t:0, i:~)
2022-12-23 07:23:27,508 [pool-697-thread-1] INFO  server.RaftServerConfigKeys (ConfUtils.java:logGet(46)) - raft.server.log.use.memory = false (default)
2022-12-23 07:23:27,508 [pool-697-thread-1] INFO  server.RaftServerConfigKeys (ConfUtils.java:logGet(46)) - raft.server.log.purge.gap = 1000000 (custom)
2022-12-23 07:23:27,508 [pool-697-thread-1] INFO  server.RaftServerConfigKeys (ConfUtils.java:logGet(46)) - raft.server.log.appender.buffer.byte-limit = 33554432 (custom)
2022-12-23 07:23:27,508 [pool-697-thread-1] INFO  server.RaftServerConfigKeys (ConfUtils.java:logGet(46)) - raft.server.log.statemachine.data.read.timeout = 1000ms (default)
2022-12-23 07:23:27,508 [pool-697-thread-1] INFO  server.RaftServerConfigKeys (ConfUtils.java:logGet(46)) - raft.server.log.purge.preservation.log.num = 0 (default)
2022-12-23 07:23:27,508 [pool-697-thread-1] INFO  server.RaftServerConfigKeys (ConfUtils.java:logGet(46)) - raft.server.log.segment.size.max = 1048576 (custom)
2022-12-23 07:23:27,508 [EventQueue-CommandQueueReportForCommandQueueReportHandler] WARN  events.EventQueue (EventQueue.java:fireEvent(216)) - No event handler registered for event TypedEvent{payloadType=DatanodeDetails, name='Datanode_Command_Queue_Updated'}
2022-12-23 07:23:27,509 [pool-697-thread-1] INFO  server.RaftServerConfigKeys (ConfUtils.java:logGet(46)) - raft.server.log.segment.cache.num.max = 2 (custom)
2022-12-23 07:23:27,509 [pool-697-thread-1] INFO  server.RaftServerConfigKeys (ConfUtils.java:logGet(46)) - raft.server.log.segment.cache.size.max = 200MB (=209715200) (default)
2022-12-23 07:23:27,510 [pool-697-thread-1] INFO  segmented.SegmentedRaftLogWorker (SegmentedRaftLogWorker.java:<init>(189)) - new 1f89b7a7-916f-403f-a499-aa89d29c9b15@group-A7244FB55423-SegmentedRaftLogWorker for RaftStorageImpl:Storage Directory /home/runner/work/ozone/ozone/hadoop-ozone/integration-test/target/test-dir/MiniOzoneClusterImpl-5de03c2c-9b33-404e-9524-94ed39684dfb/datanode-2/data/ratis/6d071e0f-832d-424f-a70f-a7244fb55423
2022-12-23 07:23:27,510 [pool-697-thread-1] INFO  server.RaftServerConfigKeys (ConfUtils.java:logGet(46)) - raft.server.log.queue.byte-limit = 4294967296 (custom)
2022-12-23 07:23:27,510 [pool-697-thread-1] INFO  server.RaftServerConfigKeys (ConfUtils.java:logGet(46)) - raft.server.log.queue.element-limit = 1024 (custom)
2022-12-23 07:23:27,510 [pool-697-thread-1] INFO  server.RaftServerConfigKeys (ConfUtils.java:logGet(46)) - raft.server.log.segment.size.max = 1048576 (custom)
2022-12-23 07:23:27,510 [pool-697-thread-1] INFO  server.RaftServerConfigKeys (ConfUtils.java:logGet(46)) - raft.server.log.preallocated.size = 16384 (custom)
2022-12-23 07:23:27,510 [pool-697-thread-1] INFO  server.RaftServerConfigKeys (ConfUtils.java:logGet(46)) - raft.server.log.force.sync.num = 128 (default)
2022-12-23 07:23:27,510 [pool-697-thread-1] INFO  server.RaftServerConfigKeys (ConfUtils.java:logGet(46)) - raft.server.log.statemachine.data.sync = true (default)
2022-12-23 07:23:27,510 [pool-697-thread-1] INFO  server.RaftServerConfigKeys (ConfUtils.java:logGet(46)) - raft.server.log.statemachine.data.sync.timeout = 10s (default)
2022-12-23 07:23:27,510 [pool-697-thread-1] INFO  server.RaftServerConfigKeys (ConfUtils.java:logGet(46)) - raft.server.log.statemachine.data.sync.timeout.retry = -1 (default)
2022-12-23 07:23:27,510 [pool-697-thread-1] INFO  server.RaftServerConfigKeys (ConfUtils.java:logGet(46)) - raft.server.log.write.buffer.size = 1048576 (custom)
2022-12-23 07:23:27,510 [pool-697-thread-1] INFO  server.RaftServerConfigKeys (ConfUtils.java:logGet(46)) - raft.server.log.appender.buffer.byte-limit = 33554432 (custom)
2022-12-23 07:23:27,516 [pool-697-thread-1] INFO  server.RaftServerConfigKeys (ConfUtils.java:logGet(46)) - raft.server.log.unsafe-flush.enabled = false (default)
2022-12-23 07:23:27,516 [pool-697-thread-1] INFO  server.RaftServerConfigKeys (ConfUtils.java:logGet(46)) - raft.server.log.async-flush.enabled = false (default)
2022-12-23 07:23:27,516 [pool-697-thread-1] INFO  server.RaftServerConfigKeys (ConfUtils.java:logGet(46)) - raft.server.log.statemachine.data.caching.enabled = true (custom)
2022-12-23 07:23:27,516 [pool-697-thread-1] INFO  segmented.SegmentedRaftLogWorker (SegmentedRaftLogWorker.java:lambda$new$0(135)) - 1f89b7a7-916f-403f-a499-aa89d29c9b15@group-A7244FB55423-SegmentedRaftLogWorker: flushIndex: setUnconditionally 0 -> -1
2022-12-23 07:23:27,516 [pool-697-thread-1] INFO  segmented.SegmentedRaftLogWorker (SegmentedRaftLogWorker.java:lambda$new$0(135)) - 1f89b7a7-916f-403f-a499-aa89d29c9b15@group-A7244FB55423-SegmentedRaftLogWorker: safeCacheEvictIndex: setUnconditionally 0 -> -1
2022-12-23 07:23:27,516 [pool-697-thread-1] INFO  server.RaftServer$Division (RaftServerImpl.java:start(334)) - 1f89b7a7-916f-403f-a499-aa89d29c9b15@group-A7244FB55423: start as a follower, conf=-1: peers:[c3e38919-3de5-4a36-90ed-6b481ac4f646|rpc:10.1.0.40:45749|dataStream:10.1.0.40:34561|priority:0|startupRole:FOLLOWER, e2eb6d9c-1b2b-4ac0-b094-05082948bb54|rpc:10.1.0.40:35985|dataStream:10.1.0.40:43335|priority:0|startupRole:FOLLOWER, 1f89b7a7-916f-403f-a499-aa89d29c9b15|rpc:10.1.0.40:39091|dataStream:10.1.0.40:32893|priority:1|startupRole:FOLLOWER]|listeners:[], old=null
2022-12-23 07:23:27,516 [pool-697-thread-1] INFO  server.RaftServer$Division (RaftServerImpl.java:setRole(321)) - 1f89b7a7-916f-403f-a499-aa89d29c9b15@group-A7244FB55423: changes role from      null to FOLLOWER at term 0 for startAsFollower
2022-12-23 07:23:27,517 [pool-697-thread-1] INFO  impl.RoleInfo (RoleInfo.java:updateAndGet(139)) - 1f89b7a7-916f-403f-a499-aa89d29c9b15: start 1f89b7a7-916f-403f-a499-aa89d29c9b15@group-A7244FB55423-FollowerState
2022-12-23 07:23:27,520 [pool-697-thread-1] INFO  util.JmxRegister (JmxRegister.java:tryRegister(44)) - Successfully registered JMX Bean with object name Ratis:service=RaftServer,group=group-A7244FB55423,id=1f89b7a7-916f-403f-a499-aa89d29c9b15
2022-12-23 07:23:27,521 [pool-697-thread-1] INFO  server.RaftServerConfigKeys (ConfUtils.java:logGet(46)) - raft.server.snapshot.auto.trigger.enabled = true (custom)
2022-12-23 07:23:27,521 [pool-697-thread-1] INFO  server.RaftServerConfigKeys (ConfUtils.java:logGet(46)) - raft.server.snapshot.auto.trigger.threshold = 10000 (custom)
2022-12-23 07:23:27,521 [pool-697-thread-1] INFO  server.RaftServerConfigKeys (ConfUtils.java:logGet(46)) - raft.server.snapshot.retention.file.num = 5 (custom)
2022-12-23 07:23:27,521 [pool-697-thread-1] INFO  server.RaftServerConfigKeys (ConfUtils.java:logGet(46)) - raft.server.log.purge.upto.snapshot.index = false (default)
2022-12-23 07:23:27,521 [1f89b7a7-916f-403f-a499-aa89d29c9b15@group-A7244FB55423-FollowerState] INFO  server.RaftServerConfigKeys (ConfUtils.java:logFallback(53)) - raft.server.rpc.first-election.timeout.min = 5s (fallback to raft.server.rpc.timeout.min)
2022-12-23 07:23:27,521 [1f89b7a7-916f-403f-a499-aa89d29c9b15@group-A7244FB55423-FollowerState] INFO  server.RaftServerConfigKeys (ConfUtils.java:logFallback(53)) - raft.server.rpc.first-election.timeout.max = 5200ms (fallback to raft.server.rpc.timeout.max)
2022-12-23 07:23:27,541 [Command processor thread] INFO  commandhandler.CreatePipelineCommandHandler (CreatePipelineCommandHandler.java:handle(113)) - Created Pipeline RATIS THREE PipelineID=6d071e0f-832d-424f-a70f-a7244fb55423.
2022-12-23 07:23:27,541 [Command processor thread] INFO  server.RaftServer (RaftServerProxy.java:addNew(96)) - c3e38919-3de5-4a36-90ed-6b481ac4f646: addNew group-49028A7F651C:[c3e38919-3de5-4a36-90ed-6b481ac4f646|rpc:10.1.0.40:45749|dataStream:10.1.0.40:34561|priority:0|startupRole:FOLLOWER, e2eb6d9c-1b2b-4ac0-b094-05082948bb54|rpc:10.1.0.40:35985|dataStream:10.1.0.40:43335|priority:1|startupRole:FOLLOWER, 1f89b7a7-916f-403f-a499-aa89d29c9b15|rpc:10.1.0.40:39091|dataStream:10.1.0.40:32893|priority:0|startupRole:FOLLOWER] returns group-49028A7F651C:java.util.concurrent.CompletableFuture@6d0d05bf[Not completed]
2022-12-23 07:23:27,542 [pool-651-thread-1] INFO  server.RaftServer$Division (RaftServerImpl.java:<init>(195)) - c3e38919-3de5-4a36-90ed-6b481ac4f646: new RaftServerImpl for group-49028A7F651C:[c3e38919-3de5-4a36-90ed-6b481ac4f646|rpc:10.1.0.40:45749|dataStream:10.1.0.40:34561|priority:0|startupRole:FOLLOWER, e2eb6d9c-1b2b-4ac0-b094-05082948bb54|rpc:10.1.0.40:35985|dataStream:10.1.0.40:43335|priority:1|startupRole:FOLLOWER, 1f89b7a7-916f-403f-a499-aa89d29c9b15|rpc:10.1.0.40:39091|dataStream:10.1.0.40:32893|priority:0|startupRole:FOLLOWER] with ContainerStateMachine:uninitialized
2022-12-23 07:23:27,542 [pool-651-thread-1] INFO  server.RaftServerConfigKeys (ConfUtils.java:logGet(46)) - raft.server.rpc.timeout.min = 5s (custom)
2022-12-23 07:23:27,542 [pool-651-thread-1] INFO  server.RaftServerConfigKeys (ConfUtils.java:logGet(46)) - raft.server.rpc.timeout.max = 5200ms (custom)
2022-12-23 07:23:27,542 [pool-651-thread-1] INFO  server.RaftServerConfigKeys (ConfUtils.java:logGet(46)) - raft.server.rpc.sleep.time = 25ms (default)
2022-12-23 07:23:27,542 [pool-651-thread-1] INFO  server.RaftServerConfigKeys (ConfUtils.java:logGet(46)) - raft.server.rpc.slowness.timeout = 300s (custom)
2022-12-23 07:23:27,542 [pool-651-thread-1] INFO  server.RaftServerConfigKeys (ConfUtils.java:logGet(46)) - raft.server.leaderelection.leader.step-down.wait-time = 10s (default)
2022-12-23 07:23:27,542 [pool-651-thread-1] INFO  server.RaftServerConfigKeys (ConfUtils.java:logGet(46)) - raft.server.sleep.deviation.threshold = 300ms (default)
2022-12-23 07:23:27,542 [pool-651-thread-1] INFO  server.RaftServer$Division (ServerState.java:<init>(118)) - c3e38919-3de5-4a36-90ed-6b481ac4f646@group-49028A7F651C: ConfigurationManager, init=-1: peers:[c3e38919-3de5-4a36-90ed-6b481ac4f646|rpc:10.1.0.40:45749|dataStream:10.1.0.40:34561|priority:0|startupRole:FOLLOWER, e2eb6d9c-1b2b-4ac0-b094-05082948bb54|rpc:10.1.0.40:35985|dataStream:10.1.0.40:43335|priority:1|startupRole:FOLLOWER, 1f89b7a7-916f-403f-a499-aa89d29c9b15|rpc:10.1.0.40:39091|dataStream:10.1.0.40:32893|priority:0|startupRole:FOLLOWER]|listeners:[], old=null, confs=<EMPTY_MAP>
2022-12-23 07:23:27,542 [pool-651-thread-1] INFO  server.RaftServerConfigKeys (ConfUtils.java:logGet(46)) - raft.server.storage.dir = [/home/runner/work/ozone/ozone/hadoop-ozone/integration-test/target/test-dir/MiniOzoneClusterImpl-5de03c2c-9b33-404e-9524-94ed39684dfb/datanode-0/data/ratis] (custom)
2022-12-23 07:23:27,543 [pool-651-thread-1] INFO  server.RaftServerConfigKeys (ConfUtils.java:logGet(46)) - raft.server.log.corruption.policy = EXCEPTION (default)
2022-12-23 07:23:27,543 [pool-651-thread-1] INFO  server.RaftServerConfigKeys (ConfUtils.java:logGet(46)) - raft.server.storage.free-space.min = 0MB (=0) (default)
2022-12-23 07:23:27,543 [pool-651-thread-1] INFO  server.RaftServerConfigKeys (ConfUtils.java:logGet(46)) - raft.server.notification.no-leader.timeout = 300s (custom)
2022-12-23 07:23:27,543 [pool-651-thread-1] INFO  server.RaftServerConfigKeys (ConfUtils.java:logGet(46)) - raft.server.retrycache.expirytime = 600000ms (custom)
2022-12-23 07:23:27,543 [pool-651-thread-1] INFO  server.RaftServerConfigKeys (ConfUtils.java:logGet(46)) - raft.server.retrycache.statistics.expirytime = 100μs (default)
2022-12-23 07:23:27,543 [pool-651-thread-1] INFO  server.RaftServerConfigKeys (ConfUtils.java:logGet(46)) - raft.server.log.appender.install.snapshot.enabled = false (custom)
2022-12-23 07:23:27,543 [pool-651-thread-1] INFO  server.RaftServerConfigKeys (ConfUtils.java:logGet(46)) - raft.server.threadpool.server.cached = true (default)
2022-12-23 07:23:27,543 [pool-651-thread-1] INFO  server.RaftServerConfigKeys (ConfUtils.java:logGet(46)) - raft.server.threadpool.server.size = 0 (default)
2022-12-23 07:23:27,543 [pool-651-thread-1] INFO  server.RaftServerConfigKeys (ConfUtils.java:logGet(46)) - raft.server.threadpool.client.cached = true (default)
2022-12-23 07:23:27,544 [pool-651-thread-1] INFO  server.RaftServerConfigKeys (ConfUtils.java:logGet(46)) - raft.server.threadpool.client.size = 0 (default)
2022-12-23 07:23:27,544 [pool-651-thread-1] INFO  storage.RaftStorageDirectory (RaftStorageDirectoryImpl.java:analyzeStorage(137)) - The storage directory /home/runner/work/ozone/ozone/hadoop-ozone/integration-test/target/test-dir/MiniOzoneClusterImpl-5de03c2c-9b33-404e-9524-94ed39684dfb/datanode-0/data/ratis/8b96c8e5-4b08-48e5-a694-49028a7f651c does not exist. Creating ...
2022-12-23 07:23:27,545 [pool-651-thread-1] INFO  storage.RaftStorageDirectory (RaftStorageDirectoryImpl.java:tryLock(231)) - Lock on /home/runner/work/ozone/ozone/hadoop-ozone/integration-test/target/test-dir/MiniOzoneClusterImpl-5de03c2c-9b33-404e-9524-94ed39684dfb/datanode-0/data/ratis/8b96c8e5-4b08-48e5-a694-49028a7f651c/in_use.lock acquired by nodename 81300@fv-az505-480
2022-12-23 07:23:27,546 [pool-651-thread-1] INFO  storage.RaftStorage (RaftStorageImpl.java:format(96)) - Storage directory /home/runner/work/ozone/ozone/hadoop-ozone/integration-test/target/test-dir/MiniOzoneClusterImpl-5de03c2c-9b33-404e-9524-94ed39684dfb/datanode-0/data/ratis/8b96c8e5-4b08-48e5-a694-49028a7f651c has been successfully formatted.
2022-12-23 07:23:27,546 [pool-651-thread-1] INFO  ratis.ContainerStateMachine (ContainerStateMachine.java:loadSnapshot(240)) - group-49028A7F651C: The snapshot info is null. Setting the last applied indexto:(t:0, i:~)
2022-12-23 07:23:27,546 [pool-651-thread-1] INFO  server.RaftServerConfigKeys (ConfUtils.java:logGet(46)) - raft.server.log.use.memory = false (default)
2022-12-23 07:23:27,547 [pool-651-thread-1] INFO  server.RaftServerConfigKeys (ConfUtils.java:logGet(46)) - raft.server.log.purge.gap = 1000000 (custom)
2022-12-23 07:23:27,547 [pool-651-thread-1] INFO  server.RaftServerConfigKeys (ConfUtils.java:logGet(46)) - raft.server.log.appender.buffer.byte-limit = 33554432 (custom)
2022-12-23 07:23:27,547 [pool-651-thread-1] INFO  server.RaftServerConfigKeys (ConfUtils.java:logGet(46)) - raft.server.log.statemachine.data.read.timeout = 1000ms (default)
2022-12-23 07:23:27,547 [pool-651-thread-1] INFO  server.RaftServerConfigKeys (ConfUtils.java:logGet(46)) - raft.server.log.purge.preservation.log.num = 0 (default)
2022-12-23 07:23:27,547 [pool-651-thread-1] INFO  server.RaftServerConfigKeys (ConfUtils.java:logGet(46)) - raft.server.log.segment.size.max = 1048576 (custom)
2022-12-23 07:23:27,547 [pool-651-thread-1] INFO  server.RaftServerConfigKeys (ConfUtils.java:logGet(46)) - raft.server.log.segment.cache.num.max = 2 (custom)
2022-12-23 07:23:27,547 [pool-651-thread-1] INFO  server.RaftServerConfigKeys (ConfUtils.java:logGet(46)) - raft.server.log.segment.cache.size.max = 200MB (=209715200) (default)
2022-12-23 07:23:27,548 [pool-651-thread-1] INFO  segmented.SegmentedRaftLogWorker (SegmentedRaftLogWorker.java:<init>(189)) - new c3e38919-3de5-4a36-90ed-6b481ac4f646@group-49028A7F651C-SegmentedRaftLogWorker for RaftStorageImpl:Storage Directory /home/runner/work/ozone/ozone/hadoop-ozone/integration-test/target/test-dir/MiniOzoneClusterImpl-5de03c2c-9b33-404e-9524-94ed39684dfb/datanode-0/data/ratis/8b96c8e5-4b08-48e5-a694-49028a7f651c
2022-12-23 07:23:27,548 [pool-651-thread-1] INFO  server.RaftServerConfigKeys (ConfUtils.java:logGet(46)) - raft.server.log.queue.byte-limit = 4294967296 (custom)
2022-12-23 07:23:27,548 [pool-651-thread-1] INFO  server.RaftServerConfigKeys (ConfUtils.java:logGet(46)) - raft.server.log.queue.element-limit = 1024 (custom)
2022-12-23 07:23:27,548 [pool-651-thread-1] INFO  server.RaftServerConfigKeys (ConfUtils.java:logGet(46)) - raft.server.log.segment.size.max = 1048576 (custom)
2022-12-23 07:23:27,548 [EventQueue-OpenPipelineForHealthyPipelineSafeModeRule] INFO  safemode.SCMSafeModeManager (HealthyPipelineSafeModeRule.java:process(137)) - SCM in safe mode. Healthy pipelines reported count is 0, required healthy pipeline reported count is 1
2022-12-23 07:23:27,548 [EventQueue-CommandQueueReportForCommandQueueReportHandler] WARN  events.EventQueue (EventQueue.java:fireEvent(216)) - No event handler registered for event TypedEvent{payloadType=DatanodeDetails, name='Datanode_Command_Queue_Updated'}
2022-12-23 07:23:27,548 [pool-651-thread-1] INFO  server.RaftServerConfigKeys (ConfUtils.java:logGet(46)) - raft.server.log.preallocated.size = 16384 (custom)
2022-12-23 07:23:27,549 [pool-651-thread-1] INFO  server.RaftServerConfigKeys (ConfUtils.java:logGet(46)) - raft.server.log.force.sync.num = 128 (default)
2022-12-23 07:23:27,549 [pool-651-thread-1] INFO  server.RaftServerConfigKeys (ConfUtils.java:logGet(46)) - raft.server.log.statemachine.data.sync = true (default)
2022-12-23 07:23:27,549 [pool-651-thread-1] INFO  server.RaftServerConfigKeys (ConfUtils.java:logGet(46)) - raft.server.log.statemachine.data.sync.timeout = 10s (default)
2022-12-23 07:23:27,549 [pool-651-thread-1] INFO  server.RaftServerConfigKeys (ConfUtils.java:logGet(46)) - raft.server.log.statemachine.data.sync.timeout.retry = -1 (default)
2022-12-23 07:23:27,549 [pool-651-thread-1] INFO  server.RaftServerConfigKeys (ConfUtils.java:logGet(46)) - raft.server.log.write.buffer.size = 1048576 (custom)
2022-12-23 07:23:27,550 [pool-651-thread-1] INFO  server.RaftServerConfigKeys (ConfUtils.java:logGet(46)) - raft.server.log.appender.buffer.byte-limit = 33554432 (custom)
2022-12-23 07:23:27,557 [pool-651-thread-1] INFO  server.RaftServerConfigKeys (ConfUtils.java:logGet(46)) - raft.server.log.unsafe-flush.enabled = false (default)
2022-12-23 07:23:27,557 [pool-651-thread-1] INFO  server.RaftServerConfigKeys (ConfUtils.java:logGet(46)) - raft.server.log.async-flush.enabled = false (default)
2022-12-23 07:23:27,557 [pool-651-thread-1] INFO  server.RaftServerConfigKeys (ConfUtils.java:logGet(46)) - raft.server.log.statemachine.data.caching.enabled = true (custom)
2022-12-23 07:23:27,557 [pool-651-thread-1] INFO  segmented.SegmentedRaftLogWorker (SegmentedRaftLogWorker.java:lambda$new$0(135)) - c3e38919-3de5-4a36-90ed-6b481ac4f646@group-49028A7F651C-SegmentedRaftLogWorker: flushIndex: setUnconditionally 0 -> -1
2022-12-23 07:23:27,557 [pool-651-thread-1] INFO  segmented.SegmentedRaftLogWorker (SegmentedRaftLogWorker.java:lambda$new$0(135)) - c3e38919-3de5-4a36-90ed-6b481ac4f646@group-49028A7F651C-SegmentedRaftLogWorker: safeCacheEvictIndex: setUnconditionally 0 -> -1
2022-12-23 07:23:27,557 [pool-651-thread-1] INFO  server.RaftServer$Division (RaftServerImpl.java:start(334)) - c3e38919-3de5-4a36-90ed-6b481ac4f646@group-49028A7F651C: start as a follower, conf=-1: peers:[c3e38919-3de5-4a36-90ed-6b481ac4f646|rpc:10.1.0.40:45749|dataStream:10.1.0.40:34561|priority:0|startupRole:FOLLOWER, e2eb6d9c-1b2b-4ac0-b094-05082948bb54|rpc:10.1.0.40:35985|dataStream:10.1.0.40:43335|priority:1|startupRole:FOLLOWER, 1f89b7a7-916f-403f-a499-aa89d29c9b15|rpc:10.1.0.40:39091|dataStream:10.1.0.40:32893|priority:0|startupRole:FOLLOWER]|listeners:[], old=null
2022-12-23 07:23:27,557 [pool-651-thread-1] INFO  server.RaftServer$Division (RaftServerImpl.java:setRole(321)) - c3e38919-3de5-4a36-90ed-6b481ac4f646@group-49028A7F651C: changes role from      null to FOLLOWER at term 0 for startAsFollower
2022-12-23 07:23:27,557 [pool-651-thread-1] INFO  impl.RoleInfo (RoleInfo.java:updateAndGet(139)) - c3e38919-3de5-4a36-90ed-6b481ac4f646: start c3e38919-3de5-4a36-90ed-6b481ac4f646@group-49028A7F651C-FollowerState
2022-12-23 07:23:27,560 [pool-651-thread-1] INFO  util.JmxRegister (JmxRegister.java:tryRegister(44)) - Successfully registered JMX Bean with object name Ratis:service=RaftServer,group=group-49028A7F651C,id=c3e38919-3de5-4a36-90ed-6b481ac4f646
2022-12-23 07:23:27,561 [pool-651-thread-1] INFO  server.RaftServerConfigKeys (ConfUtils.java:logGet(46)) - raft.server.snapshot.auto.trigger.enabled = true (custom)
2022-12-23 07:23:27,561 [pool-651-thread-1] INFO  server.RaftServerConfigKeys (ConfUtils.java:logGet(46)) - raft.server.snapshot.auto.trigger.threshold = 10000 (custom)
2022-12-23 07:23:27,561 [pool-651-thread-1] INFO  server.RaftServerConfigKeys (ConfUtils.java:logGet(46)) - raft.server.snapshot.retention.file.num = 5 (custom)
2022-12-23 07:23:27,561 [pool-651-thread-1] INFO  server.RaftServerConfigKeys (ConfUtils.java:logGet(46)) - raft.server.log.purge.upto.snapshot.index = false (default)
2022-12-23 07:23:27,561 [c3e38919-3de5-4a36-90ed-6b481ac4f646@group-49028A7F651C-FollowerState] INFO  server.RaftServerConfigKeys (ConfUtils.java:logFallback(53)) - raft.server.rpc.first-election.timeout.min = 5s (fallback to raft.server.rpc.timeout.min)
2022-12-23 07:23:27,561 [c3e38919-3de5-4a36-90ed-6b481ac4f646@group-49028A7F651C-FollowerState] INFO  server.RaftServerConfigKeys (ConfUtils.java:logFallback(53)) - raft.server.rpc.first-election.timeout.max = 5200ms (fallback to raft.server.rpc.timeout.max)
2022-12-23 07:23:27,566 [Command processor thread] INFO  ratis.XceiverServerRatis (XceiverServerRatis.java:addGroup(806)) - Created group PipelineID=8b96c8e5-4b08-48e5-a694-49028a7f651c
2022-12-23 07:23:27,578 [grpc-default-executor-0] INFO  server.RaftServer (RaftServerProxy.java:addNew(96)) - 1f89b7a7-916f-403f-a499-aa89d29c9b15: addNew group-49028A7F651C:[c3e38919-3de5-4a36-90ed-6b481ac4f646|rpc:10.1.0.40:45749|dataStream:10.1.0.40:34561|priority:0|startupRole:FOLLOWER, e2eb6d9c-1b2b-4ac0-b094-05082948bb54|rpc:10.1.0.40:35985|dataStream:10.1.0.40:43335|priority:1|startupRole:FOLLOWER, 1f89b7a7-916f-403f-a499-aa89d29c9b15|rpc:10.1.0.40:39091|dataStream:10.1.0.40:32893|priority:0|startupRole:FOLLOWER] returns group-49028A7F651C:java.util.concurrent.CompletableFuture@209e3da4[Not completed]
2022-12-23 07:23:27,579 [pool-697-thread-1] INFO  server.RaftServer$Division (RaftServerImpl.java:<init>(195)) - 1f89b7a7-916f-403f-a499-aa89d29c9b15: new RaftServerImpl for group-49028A7F651C:[c3e38919-3de5-4a36-90ed-6b481ac4f646|rpc:10.1.0.40:45749|dataStream:10.1.0.40:34561|priority:0|startupRole:FOLLOWER, e2eb6d9c-1b2b-4ac0-b094-05082948bb54|rpc:10.1.0.40:35985|dataStream:10.1.0.40:43335|priority:1|startupRole:FOLLOWER, 1f89b7a7-916f-403f-a499-aa89d29c9b15|rpc:10.1.0.40:39091|dataStream:10.1.0.40:32893|priority:0|startupRole:FOLLOWER] with ContainerStateMachine:uninitialized
2022-12-23 07:23:27,579 [pool-697-thread-1] INFO  server.RaftServerConfigKeys (ConfUtils.java:logGet(46)) - raft.server.rpc.timeout.min = 5s (custom)
2022-12-23 07:23:27,579 [pool-697-thread-1] INFO  server.RaftServerConfigKeys (ConfUtils.java:logGet(46)) - raft.server.rpc.timeout.max = 5200ms (custom)
2022-12-23 07:23:27,579 [pool-697-thread-1] INFO  server.RaftServerConfigKeys (ConfUtils.java:logGet(46)) - raft.server.rpc.sleep.time = 25ms (default)
2022-12-23 07:23:27,579 [pool-697-thread-1] INFO  server.RaftServerConfigKeys (ConfUtils.java:logGet(46)) - raft.server.rpc.slowness.timeout = 300s (custom)
2022-12-23 07:23:27,579 [pool-697-thread-1] INFO  server.RaftServerConfigKeys (ConfUtils.java:logGet(46)) - raft.server.leaderelection.leader.step-down.wait-time = 10s (default)
2022-12-23 07:23:27,579 [pool-697-thread-1] INFO  server.RaftServerConfigKeys (ConfUtils.java:logGet(46)) - raft.server.sleep.deviation.threshold = 300ms (default)
2022-12-23 07:23:27,579 [pool-697-thread-1] INFO  server.RaftServer$Division (ServerState.java:<init>(118)) - 1f89b7a7-916f-403f-a499-aa89d29c9b15@group-49028A7F651C: ConfigurationManager, init=-1: peers:[c3e38919-3de5-4a36-90ed-6b481ac4f646|rpc:10.1.0.40:45749|dataStream:10.1.0.40:34561|priority:0|startupRole:FOLLOWER, e2eb6d9c-1b2b-4ac0-b094-05082948bb54|rpc:10.1.0.40:35985|dataStream:10.1.0.40:43335|priority:1|startupRole:FOLLOWER, 1f89b7a7-916f-403f-a499-aa89d29c9b15|rpc:10.1.0.40:39091|dataStream:10.1.0.40:32893|priority:0|startupRole:FOLLOWER]|listeners:[], old=null, confs=<EMPTY_MAP>
2022-12-23 07:23:27,579 [pool-697-thread-1] INFO  server.RaftServerConfigKeys (ConfUtils.java:logGet(46)) - raft.server.storage.dir = [/home/runner/work/ozone/ozone/hadoop-ozone/integration-test/target/test-dir/MiniOzoneClusterImpl-5de03c2c-9b33-404e-9524-94ed39684dfb/datanode-2/data/ratis] (custom)
2022-12-23 07:23:27,579 [pool-697-thread-1] INFO  server.RaftServerConfigKeys (ConfUtils.java:logGet(46)) - raft.server.log.corruption.policy = EXCEPTION (default)
2022-12-23 07:23:27,579 [pool-697-thread-1] INFO  server.RaftServerConfigKeys (ConfUtils.java:logGet(46)) - raft.server.storage.free-space.min = 0MB (=0) (default)
2022-12-23 07:23:27,580 [pool-697-thread-1] INFO  server.RaftServerConfigKeys (ConfUtils.java:logGet(46)) - raft.server.notification.no-leader.timeout = 300s (custom)
2022-12-23 07:23:27,580 [pool-697-thread-1] INFO  server.RaftServerConfigKeys (ConfUtils.java:logGet(46)) - raft.server.retrycache.expirytime = 600000ms (custom)
2022-12-23 07:23:27,580 [pool-697-thread-1] INFO  server.RaftServerConfigKeys (ConfUtils.java:logGet(46)) - raft.server.retrycache.statistics.expirytime = 100μs (default)
2022-12-23 07:23:27,580 [pool-697-thread-1] INFO  server.RaftServerConfigKeys (ConfUtils.java:logGet(46)) - raft.server.log.appender.install.snapshot.enabled = false (custom)
2022-12-23 07:23:27,580 [pool-697-thread-1] INFO  server.RaftServerConfigKeys (ConfUtils.java:logGet(46)) - raft.server.threadpool.server.cached = true (default)
2022-12-23 07:23:27,580 [pool-697-thread-1] INFO  server.RaftServerConfigKeys (ConfUtils.java:logGet(46)) - raft.server.threadpool.server.size = 0 (default)
2022-12-23 07:23:27,580 [pool-697-thread-1] INFO  server.RaftServerConfigKeys (ConfUtils.java:logGet(46)) - raft.server.threadpool.client.cached = true (default)
2022-12-23 07:23:27,580 [pool-697-thread-1] INFO  server.RaftServerConfigKeys (ConfUtils.java:logGet(46)) - raft.server.threadpool.client.size = 0 (default)
2022-12-23 07:23:27,580 [pool-697-thread-1] INFO  storage.RaftStorageDirectory (RaftStorageDirectoryImpl.java:analyzeStorage(137)) - The storage directory /home/runner/work/ozone/ozone/hadoop-ozone/integration-test/target/test-dir/MiniOzoneClusterImpl-5de03c2c-9b33-404e-9524-94ed39684dfb/datanode-2/data/ratis/8b96c8e5-4b08-48e5-a694-49028a7f651c does not exist. Creating ...
2022-12-23 07:23:27,582 [pool-697-thread-1] INFO  storage.RaftStorageDirectory (RaftStorageDirectoryImpl.java:tryLock(231)) - Lock on /home/runner/work/ozone/ozone/hadoop-ozone/integration-test/target/test-dir/MiniOzoneClusterImpl-5de03c2c-9b33-404e-9524-94ed39684dfb/datanode-2/data/ratis/8b96c8e5-4b08-48e5-a694-49028a7f651c/in_use.lock acquired by nodename 81300@fv-az505-480
2022-12-23 07:23:27,583 [pool-697-thread-1] INFO  storage.RaftStorage (RaftStorageImpl.java:format(96)) - Storage directory /home/runner/work/ozone/ozone/hadoop-ozone/integration-test/target/test-dir/MiniOzoneClusterImpl-5de03c2c-9b33-404e-9524-94ed39684dfb/datanode-2/data/ratis/8b96c8e5-4b08-48e5-a694-49028a7f651c has been successfully formatted.
2022-12-23 07:23:27,583 [pool-697-thread-1] INFO  ratis.ContainerStateMachine (ContainerStateMachine.java:loadSnapshot(240)) - group-49028A7F651C: The snapshot info is null. Setting the last applied indexto:(t:0, i:~)
2022-12-23 07:23:27,583 [pool-697-thread-1] INFO  server.RaftServerConfigKeys (ConfUtils.java:logGet(46)) - raft.server.log.use.memory = false (default)
2022-12-23 07:23:27,583 [pool-697-thread-1] INFO  server.RaftServerConfigKeys (ConfUtils.java:logGet(46)) - raft.server.log.purge.gap = 1000000 (custom)
2022-12-23 07:23:27,584 [pool-697-thread-1] INFO  server.RaftServerConfigKeys (ConfUtils.java:logGet(46)) - raft.server.log.appender.buffer.byte-limit = 33554432 (custom)
2022-12-23 07:23:27,584 [pool-697-thread-1] INFO  server.RaftServerConfigKeys (ConfUtils.java:logGet(46)) - raft.server.log.statemachine.data.read.timeout = 1000ms (default)
2022-12-23 07:23:27,584 [pool-697-thread-1] INFO  server.RaftServerConfigKeys (ConfUtils.java:logGet(46)) - raft.server.log.purge.preservation.log.num = 0 (default)
2022-12-23 07:23:27,584 [pool-697-thread-1] INFO  server.RaftServerConfigKeys (ConfUtils.java:logGet(46)) - raft.server.log.segment.size.max = 1048576 (custom)
2022-12-23 07:23:27,584 [pool-697-thread-1] INFO  server.RaftServerConfigKeys (ConfUtils.java:logGet(46)) - raft.server.log.segment.cache.num.max = 2 (custom)
2022-12-23 07:23:27,584 [pool-697-thread-1] INFO  server.RaftServerConfigKeys (ConfUtils.java:logGet(46)) - raft.server.log.segment.cache.size.max = 200MB (=209715200) (default)
2022-12-23 07:23:27,584 [pool-697-thread-1] INFO  segmented.SegmentedRaftLogWorker (SegmentedRaftLogWorker.java:<init>(189)) - new 1f89b7a7-916f-403f-a499-aa89d29c9b15@group-49028A7F651C-SegmentedRaftLogWorker for RaftStorageImpl:Storage Directory /home/runner/work/ozone/ozone/hadoop-ozone/integration-test/target/test-dir/MiniOzoneClusterImpl-5de03c2c-9b33-404e-9524-94ed39684dfb/datanode-2/data/ratis/8b96c8e5-4b08-48e5-a694-49028a7f651c
2022-12-23 07:23:27,584 [pool-697-thread-1] INFO  server.RaftServerConfigKeys (ConfUtils.java:logGet(46)) - raft.server.log.queue.byte-limit = 4294967296 (custom)
2022-12-23 07:23:27,584 [pool-697-thread-1] INFO  server.RaftServerConfigKeys (ConfUtils.java:logGet(46)) - raft.server.log.queue.element-limit = 1024 (custom)
2022-12-23 07:23:27,584 [pool-697-thread-1] INFO  server.RaftServerConfigKeys (ConfUtils.java:logGet(46)) - raft.server.log.segment.size.max = 1048576 (custom)
2022-12-23 07:23:27,584 [pool-697-thread-1] INFO  server.RaftServerConfigKeys (ConfUtils.java:logGet(46)) - raft.server.log.preallocated.size = 16384 (custom)
2022-12-23 07:23:27,584 [pool-697-thread-1] INFO  server.RaftServerConfigKeys (ConfUtils.java:logGet(46)) - raft.server.log.force.sync.num = 128 (default)
2022-12-23 07:23:27,584 [pool-697-thread-1] INFO  server.RaftServerConfigKeys (ConfUtils.java:logGet(46)) - raft.server.log.statemachine.data.sync = true (default)
2022-12-23 07:23:27,584 [pool-697-thread-1] INFO  server.RaftServerConfigKeys (ConfUtils.java:logGet(46)) - raft.server.log.statemachine.data.sync.timeout = 10s (default)
2022-12-23 07:23:27,584 [pool-697-thread-1] INFO  server.RaftServerConfigKeys (ConfUtils.java:logGet(46)) - raft.server.log.statemachine.data.sync.timeout.retry = -1 (default)
2022-12-23 07:23:27,586 [EventQueue-CommandQueueReportForCommandQueueReportHandler] WARN  events.EventQueue (EventQueue.java:fireEvent(216)) - No event handler registered for event TypedEvent{payloadType=DatanodeDetails, name='Datanode_Command_Queue_Updated'}
2022-12-23 07:23:27,586 [pool-697-thread-1] INFO  server.RaftServerConfigKeys (ConfUtils.java:logGet(46)) - raft.server.log.write.buffer.size = 1048576 (custom)
2022-12-23 07:23:27,587 [pool-697-thread-1] INFO  server.RaftServerConfigKeys (ConfUtils.java:logGet(46)) - raft.server.log.appender.buffer.byte-limit = 33554432 (custom)
2022-12-23 07:23:27,592 [pool-697-thread-1] INFO  server.RaftServerConfigKeys (ConfUtils.java:logGet(46)) - raft.server.log.unsafe-flush.enabled = false (default)
2022-12-23 07:23:27,592 [pool-697-thread-1] INFO  server.RaftServerConfigKeys (ConfUtils.java:logGet(46)) - raft.server.log.async-flush.enabled = false (default)
2022-12-23 07:23:27,592 [pool-697-thread-1] INFO  server.RaftServerConfigKeys (ConfUtils.java:logGet(46)) - raft.server.log.statemachine.data.caching.enabled = true (custom)
2022-12-23 07:23:27,593 [pool-697-thread-1] INFO  segmented.SegmentedRaftLogWorker (SegmentedRaftLogWorker.java:lambda$new$0(135)) - 1f89b7a7-916f-403f-a499-aa89d29c9b15@group-49028A7F651C-SegmentedRaftLogWorker: flushIndex: setUnconditionally 0 -> -1
2022-12-23 07:23:27,593 [pool-697-thread-1] INFO  segmented.SegmentedRaftLogWorker (SegmentedRaftLogWorker.java:lambda$new$0(135)) - 1f89b7a7-916f-403f-a499-aa89d29c9b15@group-49028A7F651C-SegmentedRaftLogWorker: safeCacheEvictIndex: setUnconditionally 0 -> -1
2022-12-23 07:23:27,593 [pool-697-thread-1] INFO  server.RaftServer$Division (RaftServerImpl.java:start(334)) - 1f89b7a7-916f-403f-a499-aa89d29c9b15@group-49028A7F651C: start as a follower, conf=-1: peers:[c3e38919-3de5-4a36-90ed-6b481ac4f646|rpc:10.1.0.40:45749|dataStream:10.1.0.40:34561|priority:0|startupRole:FOLLOWER, e2eb6d9c-1b2b-4ac0-b094-05082948bb54|rpc:10.1.0.40:35985|dataStream:10.1.0.40:43335|priority:1|startupRole:FOLLOWER, 1f89b7a7-916f-403f-a499-aa89d29c9b15|rpc:10.1.0.40:39091|dataStream:10.1.0.40:32893|priority:0|startupRole:FOLLOWER]|listeners:[], old=null
2022-12-23 07:23:27,595 [pool-697-thread-1] INFO  server.RaftServer$Division (RaftServerImpl.java:setRole(321)) - 1f89b7a7-916f-403f-a499-aa89d29c9b15@group-49028A7F651C: changes role from      null to FOLLOWER at term 0 for startAsFollower
2022-12-23 07:23:27,595 [pool-697-thread-1] INFO  impl.RoleInfo (RoleInfo.java:updateAndGet(139)) - 1f89b7a7-916f-403f-a499-aa89d29c9b15: start 1f89b7a7-916f-403f-a499-aa89d29c9b15@group-49028A7F651C-FollowerState
2022-12-23 07:23:27,595 [pool-697-thread-1] INFO  util.JmxRegister (JmxRegister.java:tryRegister(44)) - Successfully registered JMX Bean with object name Ratis:service=RaftServer,group=group-49028A7F651C,id=1f89b7a7-916f-403f-a499-aa89d29c9b15
2022-12-23 07:23:27,596 [pool-697-thread-1] INFO  server.RaftServerConfigKeys (ConfUtils.java:logGet(46)) - raft.server.snapshot.auto.trigger.enabled = true (custom)
2022-12-23 07:23:27,596 [pool-697-thread-1] INFO  server.RaftServerConfigKeys (ConfUtils.java:logGet(46)) - raft.server.snapshot.auto.trigger.threshold = 10000 (custom)
2022-12-23 07:23:27,596 [pool-697-thread-1] INFO  server.RaftServerConfigKeys (ConfUtils.java:logGet(46)) - raft.server.snapshot.retention.file.num = 5 (custom)
2022-12-23 07:23:27,596 [pool-697-thread-1] INFO  server.RaftServerConfigKeys (ConfUtils.java:logGet(46)) - raft.server.log.purge.upto.snapshot.index = false (default)
2022-12-23 07:23:27,596 [1f89b7a7-916f-403f-a499-aa89d29c9b15@group-49028A7F651C-FollowerState] INFO  server.RaftServerConfigKeys (ConfUtils.java:logFallback(53)) - raft.server.rpc.first-election.timeout.min = 5s (fallback to raft.server.rpc.timeout.min)
2022-12-23 07:23:27,597 [1f89b7a7-916f-403f-a499-aa89d29c9b15@group-49028A7F651C-FollowerState] INFO  server.RaftServerConfigKeys (ConfUtils.java:logFallback(53)) - raft.server.rpc.first-election.timeout.max = 5200ms (fallback to raft.server.rpc.timeout.max)
2022-12-23 07:23:27,607 [grpc-default-executor-0] INFO  server.RaftServer (RaftServerProxy.java:addNew(96)) - e2eb6d9c-1b2b-4ac0-b094-05082948bb54: addNew group-49028A7F651C:[c3e38919-3de5-4a36-90ed-6b481ac4f646|rpc:10.1.0.40:45749|dataStream:10.1.0.40:34561|priority:0|startupRole:FOLLOWER, e2eb6d9c-1b2b-4ac0-b094-05082948bb54|rpc:10.1.0.40:35985|dataStream:10.1.0.40:43335|priority:1|startupRole:FOLLOWER, 1f89b7a7-916f-403f-a499-aa89d29c9b15|rpc:10.1.0.40:39091|dataStream:10.1.0.40:32893|priority:0|startupRole:FOLLOWER] returns group-49028A7F651C:java.util.concurrent.CompletableFuture@53901e6a[Not completed]
2022-12-23 07:23:27,608 [pool-674-thread-1] INFO  server.RaftServer$Division (RaftServerImpl.java:<init>(195)) - e2eb6d9c-1b2b-4ac0-b094-05082948bb54: new RaftServerImpl for group-49028A7F651C:[c3e38919-3de5-4a36-90ed-6b481ac4f646|rpc:10.1.0.40:45749|dataStream:10.1.0.40:34561|priority:0|startupRole:FOLLOWER, e2eb6d9c-1b2b-4ac0-b094-05082948bb54|rpc:10.1.0.40:35985|dataStream:10.1.0.40:43335|priority:1|startupRole:FOLLOWER, 1f89b7a7-916f-403f-a499-aa89d29c9b15|rpc:10.1.0.40:39091|dataStream:10.1.0.40:32893|priority:0|startupRole:FOLLOWER] with ContainerStateMachine:uninitialized
2022-12-23 07:23:27,608 [pool-674-thread-1] INFO  server.RaftServerConfigKeys (ConfUtils.java:logGet(46)) - raft.server.rpc.timeout.min = 5s (custom)
2022-12-23 07:23:27,608 [pool-674-thread-1] INFO  server.RaftServerConfigKeys (ConfUtils.java:logGet(46)) - raft.server.rpc.timeout.max = 5200ms (custom)
2022-12-23 07:23:27,608 [pool-674-thread-1] INFO  server.RaftServerConfigKeys (ConfUtils.java:logGet(46)) - raft.server.rpc.sleep.time = 25ms (default)
2022-12-23 07:23:27,608 [pool-674-thread-1] INFO  server.RaftServerConfigKeys (ConfUtils.java:logGet(46)) - raft.server.rpc.slowness.timeout = 300s (custom)
2022-12-23 07:23:27,608 [pool-674-thread-1] INFO  server.RaftServerConfigKeys (ConfUtils.java:logGet(46)) - raft.server.leaderelection.leader.step-down.wait-time = 10s (default)
2022-12-23 07:23:27,608 [pool-674-thread-1] INFO  server.RaftServerConfigKeys (ConfUtils.java:logGet(46)) - raft.server.sleep.deviation.threshold = 300ms (default)
2022-12-23 07:23:27,608 [pool-674-thread-1] INFO  server.RaftServer$Division (ServerState.java:<init>(118)) - e2eb6d9c-1b2b-4ac0-b094-05082948bb54@group-49028A7F651C: ConfigurationManager, init=-1: peers:[c3e38919-3de5-4a36-90ed-6b481ac4f646|rpc:10.1.0.40:45749|dataStream:10.1.0.40:34561|priority:0|startupRole:FOLLOWER, e2eb6d9c-1b2b-4ac0-b094-05082948bb54|rpc:10.1.0.40:35985|dataStream:10.1.0.40:43335|priority:1|startupRole:FOLLOWER, 1f89b7a7-916f-403f-a499-aa89d29c9b15|rpc:10.1.0.40:39091|dataStream:10.1.0.40:32893|priority:0|startupRole:FOLLOWER]|listeners:[], old=null, confs=<EMPTY_MAP>
2022-12-23 07:23:27,608 [pool-674-thread-1] INFO  server.RaftServerConfigKeys (ConfUtils.java:logGet(46)) - raft.server.storage.dir = [/home/runner/work/ozone/ozone/hadoop-ozone/integration-test/target/test-dir/MiniOzoneClusterImpl-5de03c2c-9b33-404e-9524-94ed39684dfb/datanode-1/data/ratis] (custom)
2022-12-23 07:23:27,608 [pool-674-thread-1] INFO  server.RaftServerConfigKeys (ConfUtils.java:logGet(46)) - raft.server.log.corruption.policy = EXCEPTION (default)
2022-12-23 07:23:27,608 [pool-674-thread-1] INFO  server.RaftServerConfigKeys (ConfUtils.java:logGet(46)) - raft.server.storage.free-space.min = 0MB (=0) (default)
2022-12-23 07:23:27,608 [pool-674-thread-1] INFO  server.RaftServerConfigKeys (ConfUtils.java:logGet(46)) - raft.server.notification.no-leader.timeout = 300s (custom)
2022-12-23 07:23:27,608 [pool-674-thread-1] INFO  server.RaftServerConfigKeys (ConfUtils.java:logGet(46)) - raft.server.retrycache.expirytime = 600000ms (custom)
2022-12-23 07:23:27,609 [pool-674-thread-1] INFO  server.RaftServerConfigKeys (ConfUtils.java:logGet(46)) - raft.server.retrycache.statistics.expirytime = 100μs (default)
2022-12-23 07:23:27,609 [pool-674-thread-1] INFO  server.RaftServerConfigKeys (ConfUtils.java:logGet(46)) - raft.server.log.appender.install.snapshot.enabled = false (custom)
2022-12-23 07:23:27,610 [pool-674-thread-1] INFO  server.RaftServerConfigKeys (ConfUtils.java:logGet(46)) - raft.server.threadpool.server.cached = true (default)
2022-12-23 07:23:27,610 [pool-674-thread-1] INFO  server.RaftServerConfigKeys (ConfUtils.java:logGet(46)) - raft.server.threadpool.server.size = 0 (default)
2022-12-23 07:23:27,610 [pool-674-thread-1] INFO  server.RaftServerConfigKeys (ConfUtils.java:logGet(46)) - raft.server.threadpool.client.cached = true (default)
2022-12-23 07:23:27,610 [pool-674-thread-1] INFO  server.RaftServerConfigKeys (ConfUtils.java:logGet(46)) - raft.server.threadpool.client.size = 0 (default)
2022-12-23 07:23:27,610 [pool-674-thread-1] INFO  storage.RaftStorageDirectory (RaftStorageDirectoryImpl.java:analyzeStorage(137)) - The storage directory /home/runner/work/ozone/ozone/hadoop-ozone/integration-test/target/test-dir/MiniOzoneClusterImpl-5de03c2c-9b33-404e-9524-94ed39684dfb/datanode-1/data/ratis/8b96c8e5-4b08-48e5-a694-49028a7f651c does not exist. Creating ...
2022-12-23 07:23:27,611 [pool-674-thread-1] INFO  storage.RaftStorageDirectory (RaftStorageDirectoryImpl.java:tryLock(231)) - Lock on /home/runner/work/ozone/ozone/hadoop-ozone/integration-test/target/test-dir/MiniOzoneClusterImpl-5de03c2c-9b33-404e-9524-94ed39684dfb/datanode-1/data/ratis/8b96c8e5-4b08-48e5-a694-49028a7f651c/in_use.lock acquired by nodename 81300@fv-az505-480
2022-12-23 07:23:27,612 [pool-674-thread-1] INFO  storage.RaftStorage (RaftStorageImpl.java:format(96)) - Storage directory /home/runner/work/ozone/ozone/hadoop-ozone/integration-test/target/test-dir/MiniOzoneClusterImpl-5de03c2c-9b33-404e-9524-94ed39684dfb/datanode-1/data/ratis/8b96c8e5-4b08-48e5-a694-49028a7f651c has been successfully formatted.
2022-12-23 07:23:27,613 [pool-674-thread-1] INFO  ratis.ContainerStateMachine (ContainerStateMachine.java:loadSnapshot(240)) - group-49028A7F651C: The snapshot info is null. Setting the last applied indexto:(t:0, i:~)
2022-12-23 07:23:27,613 [pool-674-thread-1] INFO  server.RaftServerConfigKeys (ConfUtils.java:logGet(46)) - raft.server.log.use.memory = false (default)
2022-12-23 07:23:27,613 [pool-674-thread-1] INFO  server.RaftServerConfigKeys (ConfUtils.java:logGet(46)) - raft.server.log.purge.gap = 1000000 (custom)
2022-12-23 07:23:27,613 [pool-674-thread-1] INFO  server.RaftServerConfigKeys (ConfUtils.java:logGet(46)) - raft.server.log.appender.buffer.byte-limit = 33554432 (custom)
2022-12-23 07:23:27,613 [pool-674-thread-1] INFO  server.RaftServerConfigKeys (ConfUtils.java:logGet(46)) - raft.server.log.statemachine.data.read.timeout = 1000ms (default)
2022-12-23 07:23:27,613 [pool-674-thread-1] INFO  server.RaftServerConfigKeys (ConfUtils.java:logGet(46)) - raft.server.log.purge.preservation.log.num = 0 (default)
2022-12-23 07:23:27,613 [pool-674-thread-1] INFO  server.RaftServerConfigKeys (ConfUtils.java:logGet(46)) - raft.server.log.segment.size.max = 1048576 (custom)
2022-12-23 07:23:27,613 [pool-674-thread-1] INFO  server.RaftServerConfigKeys (ConfUtils.java:logGet(46)) - raft.server.log.segment.cache.num.max = 2 (custom)
2022-12-23 07:23:27,613 [pool-674-thread-1] INFO  server.RaftServerConfigKeys (ConfUtils.java:logGet(46)) - raft.server.log.segment.cache.size.max = 200MB (=209715200) (default)
2022-12-23 07:23:27,615 [pool-674-thread-1] INFO  segmented.SegmentedRaftLogWorker (SegmentedRaftLogWorker.java:<init>(189)) - new e2eb6d9c-1b2b-4ac0-b094-05082948bb54@group-49028A7F651C-SegmentedRaftLogWorker for RaftStorageImpl:Storage Directory /home/runner/work/ozone/ozone/hadoop-ozone/integration-test/target/test-dir/MiniOzoneClusterImpl-5de03c2c-9b33-404e-9524-94ed39684dfb/datanode-1/data/ratis/8b96c8e5-4b08-48e5-a694-49028a7f651c
2022-12-23 07:23:27,615 [pool-674-thread-1] INFO  server.RaftServerConfigKeys (ConfUtils.java:logGet(46)) - raft.server.log.queue.byte-limit = 4294967296 (custom)
2022-12-23 07:23:27,614 [EventQueue-CommandQueueReportForCommandQueueReportHandler] WARN  events.EventQueue (EventQueue.java:fireEvent(216)) - No event handler registered for event TypedEvent{payloadType=DatanodeDetails, name='Datanode_Command_Queue_Updated'}
2022-12-23 07:23:27,615 [pool-674-thread-1] INFO  server.RaftServerConfigKeys (ConfUtils.java:logGet(46)) - raft.server.log.queue.element-limit = 1024 (custom)
2022-12-23 07:23:27,616 [pool-674-thread-1] INFO  server.RaftServerConfigKeys (ConfUtils.java:logGet(46)) - raft.server.log.segment.size.max = 1048576 (custom)
2022-12-23 07:23:27,616 [pool-674-thread-1] INFO  server.RaftServerConfigKeys (ConfUtils.java:logGet(46)) - raft.server.log.preallocated.size = 16384 (custom)
2022-12-23 07:23:27,616 [pool-674-thread-1] INFO  server.RaftServerConfigKeys (ConfUtils.java:logGet(46)) - raft.server.log.force.sync.num = 128 (default)
2022-12-23 07:23:27,616 [pool-674-thread-1] INFO  server.RaftServerConfigKeys (ConfUtils.java:logGet(46)) - raft.server.log.statemachine.data.sync = true (default)
2022-12-23 07:23:27,616 [pool-674-thread-1] INFO  server.RaftServerConfigKeys (ConfUtils.java:logGet(46)) - raft.server.log.statemachine.data.sync.timeout = 10s (default)
2022-12-23 07:23:27,616 [pool-674-thread-1] INFO  server.RaftServerConfigKeys (ConfUtils.java:logGet(46)) - raft.server.log.statemachine.data.sync.timeout.retry = -1 (default)
2022-12-23 07:23:27,616 [pool-674-thread-1] INFO  server.RaftServerConfigKeys (ConfUtils.java:logGet(46)) - raft.server.log.write.buffer.size = 1048576 (custom)
2022-12-23 07:23:27,617 [pool-674-thread-1] INFO  server.RaftServerConfigKeys (ConfUtils.java:logGet(46)) - raft.server.log.appender.buffer.byte-limit = 33554432 (custom)
2022-12-23 07:23:27,631 [pool-674-thread-1] INFO  server.RaftServerConfigKeys (ConfUtils.java:logGet(46)) - raft.server.log.unsafe-flush.enabled = false (default)
2022-12-23 07:23:27,631 [pool-674-thread-1] INFO  server.RaftServerConfigKeys (ConfUtils.java:logGet(46)) - raft.server.log.async-flush.enabled = false (default)
2022-12-23 07:23:27,631 [pool-674-thread-1] INFO  server.RaftServerConfigKeys (ConfUtils.java:logGet(46)) - raft.server.log.statemachine.data.caching.enabled = true (custom)
2022-12-23 07:23:27,632 [pool-674-thread-1] INFO  segmented.SegmentedRaftLogWorker (SegmentedRaftLogWorker.java:lambda$new$0(135)) - e2eb6d9c-1b2b-4ac0-b094-05082948bb54@group-49028A7F651C-SegmentedRaftLogWorker: flushIndex: setUnconditionally 0 -> -1
2022-12-23 07:23:27,632 [pool-674-thread-1] INFO  segmented.SegmentedRaftLogWorker (SegmentedRaftLogWorker.java:lambda$new$0(135)) - e2eb6d9c-1b2b-4ac0-b094-05082948bb54@group-49028A7F651C-SegmentedRaftLogWorker: safeCacheEvictIndex: setUnconditionally 0 -> -1
2022-12-23 07:23:27,632 [pool-674-thread-1] INFO  server.RaftServer$Division (RaftServerImpl.java:start(334)) - e2eb6d9c-1b2b-4ac0-b094-05082948bb54@group-49028A7F651C: start as a follower, conf=-1: peers:[c3e38919-3de5-4a36-90ed-6b481ac4f646|rpc:10.1.0.40:45749|dataStream:10.1.0.40:34561|priority:0|startupRole:FOLLOWER, e2eb6d9c-1b2b-4ac0-b094-05082948bb54|rpc:10.1.0.40:35985|dataStream:10.1.0.40:43335|priority:1|startupRole:FOLLOWER, 1f89b7a7-916f-403f-a499-aa89d29c9b15|rpc:10.1.0.40:39091|dataStream:10.1.0.40:32893|priority:0|startupRole:FOLLOWER]|listeners:[], old=null
2022-12-23 07:23:27,632 [pool-674-thread-1] INFO  server.RaftServer$Division (RaftServerImpl.java:setRole(321)) - e2eb6d9c-1b2b-4ac0-b094-05082948bb54@group-49028A7F651C: changes role from      null to FOLLOWER at term 0 for startAsFollower
2022-12-23 07:23:27,632 [pool-674-thread-1] INFO  impl.RoleInfo (RoleInfo.java:updateAndGet(139)) - e2eb6d9c-1b2b-4ac0-b094-05082948bb54: start e2eb6d9c-1b2b-4ac0-b094-05082948bb54@group-49028A7F651C-FollowerState
2022-12-23 07:23:27,632 [pool-674-thread-1] INFO  util.JmxRegister (JmxRegister.java:tryRegister(44)) - Successfully registered JMX Bean with object name Ratis:service=RaftServer,group=group-49028A7F651C,id=e2eb6d9c-1b2b-4ac0-b094-05082948bb54
2022-12-23 07:23:27,632 [e2eb6d9c-1b2b-4ac0-b094-05082948bb54@group-49028A7F651C-FollowerState] INFO  server.RaftServerConfigKeys (ConfUtils.java:logFallback(53)) - raft.server.rpc.first-election.timeout.min = 5s (fallback to raft.server.rpc.timeout.min)
2022-12-23 07:23:27,633 [pool-674-thread-1] INFO  server.RaftServerConfigKeys (ConfUtils.java:logGet(46)) - raft.server.snapshot.auto.trigger.enabled = true (custom)
2022-12-23 07:23:27,633 [pool-674-thread-1] INFO  server.RaftServerConfigKeys (ConfUtils.java:logGet(46)) - raft.server.snapshot.auto.trigger.threshold = 10000 (custom)
2022-12-23 07:23:27,633 [e2eb6d9c-1b2b-4ac0-b094-05082948bb54@group-49028A7F651C-FollowerState] INFO  server.RaftServerConfigKeys (ConfUtils.java:logFallback(53)) - raft.server.rpc.first-election.timeout.max = 5200ms (fallback to raft.server.rpc.timeout.max)
2022-12-23 07:23:27,633 [pool-674-thread-1] INFO  server.RaftServerConfigKeys (ConfUtils.java:logGet(46)) - raft.server.snapshot.retention.file.num = 5 (custom)
2022-12-23 07:23:27,633 [pool-674-thread-1] INFO  server.RaftServerConfigKeys (ConfUtils.java:logGet(46)) - raft.server.log.purge.upto.snapshot.index = false (default)
2022-12-23 07:23:27,639 [Command processor thread] INFO  commandhandler.CreatePipelineCommandHandler (CreatePipelineCommandHandler.java:handle(113)) - Created Pipeline RATIS THREE PipelineID=8b96c8e5-4b08-48e5-a694-49028a7f651c.
2022-12-23 07:23:27,734 [Command processor thread] INFO  server.RaftServer (RaftServerProxy.java:addNew(96)) - e2eb6d9c-1b2b-4ac0-b094-05082948bb54: addNew group-CAA2B3DED633:[e2eb6d9c-1b2b-4ac0-b094-05082948bb54|rpc:10.1.0.40:35985|dataStream:10.1.0.40:43335|priority:1|startupRole:FOLLOWER] returns group-CAA2B3DED633:java.util.concurrent.CompletableFuture@492c5703[Not completed]
2022-12-23 07:23:27,735 [pool-674-thread-1] INFO  server.RaftServer$Division (RaftServerImpl.java:<init>(195)) - e2eb6d9c-1b2b-4ac0-b094-05082948bb54: new RaftServerImpl for group-CAA2B3DED633:[e2eb6d9c-1b2b-4ac0-b094-05082948bb54|rpc:10.1.0.40:35985|dataStream:10.1.0.40:43335|priority:1|startupRole:FOLLOWER] with ContainerStateMachine:uninitialized
2022-12-23 07:23:27,735 [pool-674-thread-1] INFO  server.RaftServerConfigKeys (ConfUtils.java:logGet(46)) - raft.server.rpc.timeout.min = 5s (custom)
2022-12-23 07:23:27,735 [pool-674-thread-1] INFO  server.RaftServerConfigKeys (ConfUtils.java:logGet(46)) - raft.server.rpc.timeout.max = 5200ms (custom)
2022-12-23 07:23:27,735 [pool-674-thread-1] INFO  server.RaftServerConfigKeys (ConfUtils.java:logGet(46)) - raft.server.rpc.sleep.time = 25ms (default)
2022-12-23 07:23:27,735 [pool-674-thread-1] INFO  server.RaftServerConfigKeys (ConfUtils.java:logGet(46)) - raft.server.rpc.slowness.timeout = 300s (custom)
2022-12-23 07:23:27,735 [pool-674-thread-1] INFO  server.RaftServerConfigKeys (ConfUtils.java:logGet(46)) - raft.server.leaderelection.leader.step-down.wait-time = 10s (default)
2022-12-23 07:23:27,735 [pool-674-thread-1] INFO  server.RaftServerConfigKeys (ConfUtils.java:logGet(46)) - raft.server.sleep.deviation.threshold = 300ms (default)
2022-12-23 07:23:27,735 [pool-674-thread-1] INFO  server.RaftServer$Division (ServerState.java:<init>(118)) - e2eb6d9c-1b2b-4ac0-b094-05082948bb54@group-CAA2B3DED633: ConfigurationManager, init=-1: peers:[e2eb6d9c-1b2b-4ac0-b094-05082948bb54|rpc:10.1.0.40:35985|dataStream:10.1.0.40:43335|priority:1|startupRole:FOLLOWER]|listeners:[], old=null, confs=<EMPTY_MAP>
2022-12-23 07:23:27,735 [pool-674-thread-1] INFO  server.RaftServerConfigKeys (ConfUtils.java:logGet(46)) - raft.server.storage.dir = [/home/runner/work/ozone/ozone/hadoop-ozone/integration-test/target/test-dir/MiniOzoneClusterImpl-5de03c2c-9b33-404e-9524-94ed39684dfb/datanode-1/data/ratis] (custom)
2022-12-23 07:23:27,736 [pool-674-thread-1] INFO  server.RaftServerConfigKeys (ConfUtils.java:logGet(46)) - raft.server.log.corruption.policy = EXCEPTION (default)
2022-12-23 07:23:27,736 [pool-674-thread-1] INFO  server.RaftServerConfigKeys (ConfUtils.java:logGet(46)) - raft.server.storage.free-space.min = 0MB (=0) (default)
2022-12-23 07:23:27,736 [pool-674-thread-1] INFO  server.RaftServerConfigKeys (ConfUtils.java:logGet(46)) - raft.server.notification.no-leader.timeout = 300s (custom)
2022-12-23 07:23:27,736 [pool-674-thread-1] INFO  server.RaftServerConfigKeys (ConfUtils.java:logGet(46)) - raft.server.retrycache.expirytime = 600000ms (custom)
2022-12-23 07:23:27,736 [pool-674-thread-1] INFO  server.RaftServerConfigKeys (ConfUtils.java:logGet(46)) - raft.server.retrycache.statistics.expirytime = 100μs (default)
2022-12-23 07:23:27,736 [pool-674-thread-1] INFO  server.RaftServerConfigKeys (ConfUtils.java:logGet(46)) - raft.server.log.appender.install.snapshot.enabled = false (custom)
2022-12-23 07:23:27,737 [pool-674-thread-1] INFO  server.RaftServerConfigKeys (ConfUtils.java:logGet(46)) - raft.server.threadpool.server.cached = true (default)
2022-12-23 07:23:27,737 [pool-674-thread-1] INFO  server.RaftServerConfigKeys (ConfUtils.java:logGet(46)) - raft.server.threadpool.server.size = 0 (default)
2022-12-23 07:23:27,737 [pool-674-thread-1] INFO  server.RaftServerConfigKeys (ConfUtils.java:logGet(46)) - raft.server.threadpool.client.cached = true (default)
2022-12-23 07:23:27,737 [pool-674-thread-1] INFO  server.RaftServerConfigKeys (ConfUtils.java:logGet(46)) - raft.server.threadpool.client.size = 0 (default)
2022-12-23 07:23:27,738 [pool-674-thread-1] INFO  storage.RaftStorageDirectory (RaftStorageDirectoryImpl.java:analyzeStorage(137)) - The storage directory /home/runner/work/ozone/ozone/hadoop-ozone/integration-test/target/test-dir/MiniOzoneClusterImpl-5de03c2c-9b33-404e-9524-94ed39684dfb/datanode-1/data/ratis/5f2b08f3-6e36-4e12-96de-caa2b3ded633 does not exist. Creating ...
2022-12-23 07:23:27,739 [pool-674-thread-1] INFO  storage.RaftStorageDirectory (RaftStorageDirectoryImpl.java:tryLock(231)) - Lock on /home/runner/work/ozone/ozone/hadoop-ozone/integration-test/target/test-dir/MiniOzoneClusterImpl-5de03c2c-9b33-404e-9524-94ed39684dfb/datanode-1/data/ratis/5f2b08f3-6e36-4e12-96de-caa2b3ded633/in_use.lock acquired by nodename 81300@fv-az505-480
2022-12-23 07:23:27,740 [pool-674-thread-1] INFO  storage.RaftStorage (RaftStorageImpl.java:format(96)) - Storage directory /home/runner/work/ozone/ozone/hadoop-ozone/integration-test/target/test-dir/MiniOzoneClusterImpl-5de03c2c-9b33-404e-9524-94ed39684dfb/datanode-1/data/ratis/5f2b08f3-6e36-4e12-96de-caa2b3ded633 has been successfully formatted.
2022-12-23 07:23:27,741 [pool-674-thread-1] INFO  ratis.ContainerStateMachine (ContainerStateMachine.java:loadSnapshot(240)) - group-CAA2B3DED633: The snapshot info is null. Setting the last applied indexto:(t:0, i:~)
2022-12-23 07:23:27,742 [EventQueue-CommandQueueReportForCommandQueueReportHandler] WARN  events.EventQueue (EventQueue.java:fireEvent(216)) - No event handler registered for event TypedEvent{payloadType=DatanodeDetails, name='Datanode_Command_Queue_Updated'}
2022-12-23 07:23:27,743 [pool-674-thread-1] INFO  server.RaftServerConfigKeys (ConfUtils.java:logGet(46)) - raft.server.log.use.memory = false (default)
2022-12-23 07:23:27,743 [pool-674-thread-1] INFO  server.RaftServerConfigKeys (ConfUtils.java:logGet(46)) - raft.server.log.purge.gap = 1000000 (custom)
2022-12-23 07:23:27,743 [pool-674-thread-1] INFO  server.RaftServerConfigKeys (ConfUtils.java:logGet(46)) - raft.server.log.appender.buffer.byte-limit = 33554432 (custom)
2022-12-23 07:23:27,743 [pool-674-thread-1] INFO  server.RaftServerConfigKeys (ConfUtils.java:logGet(46)) - raft.server.log.statemachine.data.read.timeout = 1000ms (default)
2022-12-23 07:23:27,743 [pool-674-thread-1] INFO  server.RaftServerConfigKeys (ConfUtils.java:logGet(46)) - raft.server.log.purge.preservation.log.num = 0 (default)
2022-12-23 07:23:27,743 [EventQueue-PipelineReportForPipelineReportHandler] INFO  pipeline.PipelineManagerImpl (PipelineManagerImpl.java:openPipeline(367)) - Pipeline Pipeline[ Id: 5f2b08f3-6e36-4e12-96de-caa2b3ded633, Nodes: e2eb6d9c-1b2b-4ac0-b094-05082948bb54{ip: 10.1.0.40, host: fv-az505-480.g2e1luzo1moefklhgra4trf2va.dx.internal.cloudapp.net, ports: [REPLICATION=33625, RATIS=35985, RATIS_ADMIN=35985, RATIS_SERVER=35985, RATIS_DATASTREAM=43335, STANDALONE=45659], networkLocation: /default-rack, certSerialId: null, persistedOpState: IN_SERVICE, persistedOpStateExpiryEpochSec: 0}, ReplicationConfig: RATIS/ONE, State:ALLOCATED, leaderId:e2eb6d9c-1b2b-4ac0-b094-05082948bb54, CreationTimestamp2022-12-23T07:23:24.737Z[Etc/UTC]] moved to OPEN state
2022-12-23 07:23:27,743 [pool-674-thread-1] INFO  server.RaftServerConfigKeys (ConfUtils.java:logGet(46)) - raft.server.log.segment.size.max = 1048576 (custom)
2022-12-23 07:23:27,743 [pool-674-thread-1] INFO  server.RaftServerConfigKeys (ConfUtils.java:logGet(46)) - raft.server.log.segment.cache.num.max = 2 (custom)
2022-12-23 07:23:27,743 [pool-674-thread-1] INFO  server.RaftServerConfigKeys (ConfUtils.java:logGet(46)) - raft.server.log.segment.cache.size.max = 200MB (=209715200) (default)
2022-12-23 07:23:27,743 [pool-674-thread-1] INFO  segmented.SegmentedRaftLogWorker (SegmentedRaftLogWorker.java:<init>(189)) - new e2eb6d9c-1b2b-4ac0-b094-05082948bb54@group-CAA2B3DED633-SegmentedRaftLogWorker for RaftStorageImpl:Storage Directory /home/runner/work/ozone/ozone/hadoop-ozone/integration-test/target/test-dir/MiniOzoneClusterImpl-5de03c2c-9b33-404e-9524-94ed39684dfb/datanode-1/data/ratis/5f2b08f3-6e36-4e12-96de-caa2b3ded633
2022-12-23 07:23:27,743 [pool-674-thread-1] INFO  server.RaftServerConfigKeys (ConfUtils.java:logGet(46)) - raft.server.log.queue.byte-limit = 4294967296 (custom)
2022-12-23 07:23:27,744 [pool-674-thread-1] INFO  server.RaftServerConfigKeys (ConfUtils.java:logGet(46)) - raft.server.log.queue.element-limit = 1024 (custom)
2022-12-23 07:23:27,744 [pool-674-thread-1] INFO  server.RaftServerConfigKeys (ConfUtils.java:logGet(46)) - raft.server.log.segment.size.max = 1048576 (custom)
2022-12-23 07:23:27,744 [EventQueue-OpenPipelineForHealthyPipelineSafeModeRule] INFO  safemode.SCMSafeModeManager (HealthyPipelineSafeModeRule.java:process(137)) - SCM in safe mode. Healthy pipelines reported count is 0, required healthy pipeline reported count is 1
2022-12-23 07:23:27,744 [pool-674-thread-1] INFO  server.RaftServerConfigKeys (ConfUtils.java:logGet(46)) - raft.server.log.preallocated.size = 16384 (custom)
2022-12-23 07:23:27,744 [pool-674-thread-1] INFO  server.RaftServerConfigKeys (ConfUtils.java:logGet(46)) - raft.server.log.force.sync.num = 128 (default)
2022-12-23 07:23:27,744 [pool-674-thread-1] INFO  server.RaftServerConfigKeys (ConfUtils.java:logGet(46)) - raft.server.log.statemachine.data.sync = true (default)
2022-12-23 07:23:27,744 [pool-674-thread-1] INFO  server.RaftServerConfigKeys (ConfUtils.java:logGet(46)) - raft.server.log.statemachine.data.sync.timeout = 10s (default)
2022-12-23 07:23:27,744 [pool-674-thread-1] INFO  server.RaftServerConfigKeys (ConfUtils.java:logGet(46)) - raft.server.log.statemachine.data.sync.timeout.retry = -1 (default)
2022-12-23 07:23:27,744 [pool-674-thread-1] INFO  server.RaftServerConfigKeys (ConfUtils.java:logGet(46)) - raft.server.log.write.buffer.size = 1048576 (custom)
2022-12-23 07:23:27,745 [pool-674-thread-1] INFO  server.RaftServerConfigKeys (ConfUtils.java:logGet(46)) - raft.server.log.appender.buffer.byte-limit = 33554432 (custom)
2022-12-23 07:23:27,751 [pool-674-thread-1] INFO  server.RaftServerConfigKeys (ConfUtils.java:logGet(46)) - raft.server.log.unsafe-flush.enabled = false (default)
2022-12-23 07:23:27,751 [pool-674-thread-1] INFO  server.RaftServerConfigKeys (ConfUtils.java:logGet(46)) - raft.server.log.async-flush.enabled = false (default)
2022-12-23 07:23:27,751 [pool-674-thread-1] INFO  server.RaftServerConfigKeys (ConfUtils.java:logGet(46)) - raft.server.log.statemachine.data.caching.enabled = true (custom)
2022-12-23 07:23:27,751 [pool-674-thread-1] INFO  segmented.SegmentedRaftLogWorker (SegmentedRaftLogWorker.java:lambda$new$0(135)) - e2eb6d9c-1b2b-4ac0-b094-05082948bb54@group-CAA2B3DED633-SegmentedRaftLogWorker: flushIndex: setUnconditionally 0 -> -1
2022-12-23 07:23:27,751 [pool-674-thread-1] INFO  segmented.SegmentedRaftLogWorker (SegmentedRaftLogWorker.java:lambda$new$0(135)) - e2eb6d9c-1b2b-4ac0-b094-05082948bb54@group-CAA2B3DED633-SegmentedRaftLogWorker: safeCacheEvictIndex: setUnconditionally 0 -> -1
2022-12-23 07:23:27,751 [pool-674-thread-1] INFO  server.RaftServer$Division (RaftServerImpl.java:start(334)) - e2eb6d9c-1b2b-4ac0-b094-05082948bb54@group-CAA2B3DED633: start as a follower, conf=-1: peers:[e2eb6d9c-1b2b-4ac0-b094-05082948bb54|rpc:10.1.0.40:35985|dataStream:10.1.0.40:43335|priority:1|startupRole:FOLLOWER]|listeners:[], old=null
2022-12-23 07:23:27,751 [pool-674-thread-1] INFO  server.RaftServer$Division (RaftServerImpl.java:setRole(321)) - e2eb6d9c-1b2b-4ac0-b094-05082948bb54@group-CAA2B3DED633: changes role from      null to FOLLOWER at term 0 for startAsFollower
2022-12-23 07:23:27,751 [pool-674-thread-1] INFO  impl.RoleInfo (RoleInfo.java:updateAndGet(139)) - e2eb6d9c-1b2b-4ac0-b094-05082948bb54: start e2eb6d9c-1b2b-4ac0-b094-05082948bb54@group-CAA2B3DED633-FollowerState
2022-12-23 07:23:27,752 [pool-674-thread-1] INFO  util.JmxRegister (JmxRegister.java:tryRegister(44)) - Successfully registered JMX Bean with object name Ratis:service=RaftServer,group=group-CAA2B3DED633,id=e2eb6d9c-1b2b-4ac0-b094-05082948bb54
2022-12-23 07:23:27,752 [e2eb6d9c-1b2b-4ac0-b094-05082948bb54@group-CAA2B3DED633-FollowerState] INFO  server.RaftServerConfigKeys (ConfUtils.java:logFallback(53)) - raft.server.rpc.first-election.timeout.min = 5s (fallback to raft.server.rpc.timeout.min)
2022-12-23 07:23:27,752 [pool-674-thread-1] INFO  server.RaftServerConfigKeys (ConfUtils.java:logGet(46)) - raft.server.snapshot.auto.trigger.enabled = true (custom)
2022-12-23 07:23:27,752 [e2eb6d9c-1b2b-4ac0-b094-05082948bb54@group-CAA2B3DED633-FollowerState] INFO  server.RaftServerConfigKeys (ConfUtils.java:logFallback(53)) - raft.server.rpc.first-election.timeout.max = 5200ms (fallback to raft.server.rpc.timeout.max)
2022-12-23 07:23:27,752 [pool-674-thread-1] INFO  server.RaftServerConfigKeys (ConfUtils.java:logGet(46)) - raft.server.snapshot.auto.trigger.threshold = 10000 (custom)
2022-12-23 07:23:27,752 [pool-674-thread-1] INFO  server.RaftServerConfigKeys (ConfUtils.java:logGet(46)) - raft.server.snapshot.retention.file.num = 5 (custom)
2022-12-23 07:23:27,752 [pool-674-thread-1] INFO  server.RaftServerConfigKeys (ConfUtils.java:logGet(46)) - raft.server.log.purge.upto.snapshot.index = false (default)
2022-12-23 07:23:27,752 [Command processor thread] INFO  ratis.XceiverServerRatis (XceiverServerRatis.java:addGroup(806)) - Created group PipelineID=5f2b08f3-6e36-4e12-96de-caa2b3ded633
2022-12-23 07:23:27,753 [Command processor thread] INFO  commandhandler.CreatePipelineCommandHandler (CreatePipelineCommandHandler.java:handle(113)) - Created Pipeline RATIS ONE PipelineID=5f2b08f3-6e36-4e12-96de-caa2b3ded633.
2022-12-23 07:23:28,083 [Command processor thread] INFO  server.RaftServer (RaftServerProxy.java:addNew(96)) - 1f89b7a7-916f-403f-a499-aa89d29c9b15: addNew group-9EFC568EC2FD:[1f89b7a7-916f-403f-a499-aa89d29c9b15|rpc:10.1.0.40:39091|dataStream:10.1.0.40:32893|priority:1|startupRole:FOLLOWER] returns group-9EFC568EC2FD:java.util.concurrent.CompletableFuture@7f089e9c[Not completed]
2022-12-23 07:23:28,084 [pool-697-thread-1] INFO  server.RaftServer$Division (RaftServerImpl.java:<init>(195)) - 1f89b7a7-916f-403f-a499-aa89d29c9b15: new RaftServerImpl for group-9EFC568EC2FD:[1f89b7a7-916f-403f-a499-aa89d29c9b15|rpc:10.1.0.40:39091|dataStream:10.1.0.40:32893|priority:1|startupRole:FOLLOWER] with ContainerStateMachine:uninitialized
2022-12-23 07:23:28,084 [pool-697-thread-1] INFO  server.RaftServerConfigKeys (ConfUtils.java:logGet(46)) - raft.server.rpc.timeout.min = 5s (custom)
2022-12-23 07:23:28,084 [pool-697-thread-1] INFO  server.RaftServerConfigKeys (ConfUtils.java:logGet(46)) - raft.server.rpc.timeout.max = 5200ms (custom)
2022-12-23 07:23:28,085 [pool-697-thread-1] INFO  server.RaftServerConfigKeys (ConfUtils.java:logGet(46)) - raft.server.rpc.sleep.time = 25ms (default)
2022-12-23 07:23:28,085 [pool-697-thread-1] INFO  server.RaftServerConfigKeys (ConfUtils.java:logGet(46)) - raft.server.rpc.slowness.timeout = 300s (custom)
2022-12-23 07:23:28,085 [pool-697-thread-1] INFO  server.RaftServerConfigKeys (ConfUtils.java:logGet(46)) - raft.server.leaderelection.leader.step-down.wait-time = 10s (default)
2022-12-23 07:23:28,085 [pool-697-thread-1] INFO  server.RaftServerConfigKeys (ConfUtils.java:logGet(46)) - raft.server.sleep.deviation.threshold = 300ms (default)
2022-12-23 07:23:28,085 [pool-697-thread-1] INFO  server.RaftServer$Division (ServerState.java:<init>(118)) - 1f89b7a7-916f-403f-a499-aa89d29c9b15@group-9EFC568EC2FD: ConfigurationManager, init=-1: peers:[1f89b7a7-916f-403f-a499-aa89d29c9b15|rpc:10.1.0.40:39091|dataStream:10.1.0.40:32893|priority:1|startupRole:FOLLOWER]|listeners:[], old=null, confs=<EMPTY_MAP>
2022-12-23 07:23:28,085 [pool-697-thread-1] INFO  server.RaftServerConfigKeys (ConfUtils.java:logGet(46)) - raft.server.storage.dir = [/home/runner/work/ozone/ozone/hadoop-ozone/integration-test/target/test-dir/MiniOzoneClusterImpl-5de03c2c-9b33-404e-9524-94ed39684dfb/datanode-2/data/ratis] (custom)
2022-12-23 07:23:28,085 [pool-697-thread-1] INFO  server.RaftServerConfigKeys (ConfUtils.java:logGet(46)) - raft.server.log.corruption.policy = EXCEPTION (default)
2022-12-23 07:23:28,085 [pool-697-thread-1] INFO  server.RaftServerConfigKeys (ConfUtils.java:logGet(46)) - raft.server.storage.free-space.min = 0MB (=0) (default)
2022-12-23 07:23:28,085 [pool-697-thread-1] INFO  server.RaftServerConfigKeys (ConfUtils.java:logGet(46)) - raft.server.notification.no-leader.timeout = 300s (custom)
2022-12-23 07:23:28,085 [pool-697-thread-1] INFO  server.RaftServerConfigKeys (ConfUtils.java:logGet(46)) - raft.server.retrycache.expirytime = 600000ms (custom)
2022-12-23 07:23:28,085 [pool-697-thread-1] INFO  server.RaftServerConfigKeys (ConfUtils.java:logGet(46)) - raft.server.retrycache.statistics.expirytime = 100μs (default)
2022-12-23 07:23:28,086 [pool-697-thread-1] INFO  server.RaftServerConfigKeys (ConfUtils.java:logGet(46)) - raft.server.log.appender.install.snapshot.enabled = false (custom)
2022-12-23 07:23:28,086 [pool-697-thread-1] INFO  server.RaftServerConfigKeys (ConfUtils.java:logGet(46)) - raft.server.threadpool.server.cached = true (default)
2022-12-23 07:23:28,086 [pool-697-thread-1] INFO  server.RaftServerConfigKeys (ConfUtils.java:logGet(46)) - raft.server.threadpool.server.size = 0 (default)
2022-12-23 07:23:28,086 [pool-697-thread-1] INFO  server.RaftServerConfigKeys (ConfUtils.java:logGet(46)) - raft.server.threadpool.client.cached = true (default)
2022-12-23 07:23:28,086 [pool-697-thread-1] INFO  server.RaftServerConfigKeys (ConfUtils.java:logGet(46)) - raft.server.threadpool.client.size = 0 (default)
2022-12-23 07:23:28,086 [Listener at 127.0.0.1/40955] INFO  ozone.MiniOzoneClusterImpl (MiniOzoneClusterImpl.java:lambda$waitForClusterToBeReady$0(217)) - Nodes are ready. Got 3 of 3 DN Heartbeats.
2022-12-23 07:23:28,086 [Listener at 127.0.0.1/40955] INFO  ozone.MiniOzoneClusterImpl (MiniOzoneClusterImpl.java:lambda$waitForClusterToBeReady$0(220)) - Waiting for cluster to exit safe mode
2022-12-23 07:23:28,086 [Listener at 127.0.0.1/40955] INFO  ozone.MiniOzoneClusterImpl (MiniOzoneClusterImpl.java:lambda$waitForClusterToBeReady$0(222)) - SCM became leader
2022-12-23 07:23:28,086 [pool-697-thread-1] INFO  storage.RaftStorageDirectory (RaftStorageDirectoryImpl.java:analyzeStorage(137)) - The storage directory /home/runner/work/ozone/ozone/hadoop-ozone/integration-test/target/test-dir/MiniOzoneClusterImpl-5de03c2c-9b33-404e-9524-94ed39684dfb/datanode-2/data/ratis/718dda37-f3c3-40b9-9932-9efc568ec2fd does not exist. Creating ...
2022-12-23 07:23:28,088 [pool-697-thread-1] INFO  storage.RaftStorageDirectory (RaftStorageDirectoryImpl.java:tryLock(231)) - Lock on /home/runner/work/ozone/ozone/hadoop-ozone/integration-test/target/test-dir/MiniOzoneClusterImpl-5de03c2c-9b33-404e-9524-94ed39684dfb/datanode-2/data/ratis/718dda37-f3c3-40b9-9932-9efc568ec2fd/in_use.lock acquired by nodename 81300@fv-az505-480
2022-12-23 07:23:28,089 [pool-697-thread-1] INFO  storage.RaftStorage (RaftStorageImpl.java:format(96)) - Storage directory /home/runner/work/ozone/ozone/hadoop-ozone/integration-test/target/test-dir/MiniOzoneClusterImpl-5de03c2c-9b33-404e-9524-94ed39684dfb/datanode-2/data/ratis/718dda37-f3c3-40b9-9932-9efc568ec2fd has been successfully formatted.
2022-12-23 07:23:28,091 [pool-697-thread-1] INFO  ratis.ContainerStateMachine (ContainerStateMachine.java:loadSnapshot(240)) - group-9EFC568EC2FD: The snapshot info is null. Setting the last applied indexto:(t:0, i:~)
2022-12-23 07:23:28,091 [pool-697-thread-1] INFO  server.RaftServerConfigKeys (ConfUtils.java:logGet(46)) - raft.server.log.use.memory = false (default)
2022-12-23 07:23:28,091 [pool-697-thread-1] INFO  server.RaftServerConfigKeys (ConfUtils.java:logGet(46)) - raft.server.log.purge.gap = 1000000 (custom)
2022-12-23 07:23:28,091 [pool-697-thread-1] INFO  server.RaftServerConfigKeys (ConfUtils.java:logGet(46)) - raft.server.log.appender.buffer.byte-limit = 33554432 (custom)
2022-12-23 07:23:28,091 [pool-697-thread-1] INFO  server.RaftServerConfigKeys (ConfUtils.java:logGet(46)) - raft.server.log.statemachine.data.read.timeout = 1000ms (default)
2022-12-23 07:23:28,091 [pool-697-thread-1] INFO  server.RaftServerConfigKeys (ConfUtils.java:logGet(46)) - raft.server.log.purge.preservation.log.num = 0 (default)
2022-12-23 07:23:28,091 [EventQueue-CommandQueueReportForCommandQueueReportHandler] WARN  events.EventQueue (EventQueue.java:fireEvent(216)) - No event handler registered for event TypedEvent{payloadType=DatanodeDetails, name='Datanode_Command_Queue_Updated'}
2022-12-23 07:23:28,092 [pool-697-thread-1] INFO  server.RaftServerConfigKeys (ConfUtils.java:logGet(46)) - raft.server.log.segment.size.max = 1048576 (custom)
2022-12-23 07:23:28,092 [pool-697-thread-1] INFO  server.RaftServerConfigKeys (ConfUtils.java:logGet(46)) - raft.server.log.segment.cache.num.max = 2 (custom)
2022-12-23 07:23:28,092 [pool-697-thread-1] INFO  server.RaftServerConfigKeys (ConfUtils.java:logGet(46)) - raft.server.log.segment.cache.size.max = 200MB (=209715200) (default)
2022-12-23 07:23:28,092 [pool-697-thread-1] INFO  segmented.SegmentedRaftLogWorker (SegmentedRaftLogWorker.java:<init>(189)) - new 1f89b7a7-916f-403f-a499-aa89d29c9b15@group-9EFC568EC2FD-SegmentedRaftLogWorker for RaftStorageImpl:Storage Directory /home/runner/work/ozone/ozone/hadoop-ozone/integration-test/target/test-dir/MiniOzoneClusterImpl-5de03c2c-9b33-404e-9524-94ed39684dfb/datanode-2/data/ratis/718dda37-f3c3-40b9-9932-9efc568ec2fd
2022-12-23 07:23:28,092 [pool-697-thread-1] INFO  server.RaftServerConfigKeys (ConfUtils.java:logGet(46)) - raft.server.log.queue.byte-limit = 4294967296 (custom)
2022-12-23 07:23:28,092 [pool-697-thread-1] INFO  server.RaftServerConfigKeys (ConfUtils.java:logGet(46)) - raft.server.log.queue.element-limit = 1024 (custom)
2022-12-23 07:23:28,093 [pool-697-thread-1] INFO  server.RaftServerConfigKeys (ConfUtils.java:logGet(46)) - raft.server.log.segment.size.max = 1048576 (custom)
2022-12-23 07:23:28,093 [pool-697-thread-1] INFO  server.RaftServerConfigKeys (ConfUtils.java:logGet(46)) - raft.server.log.preallocated.size = 16384 (custom)
2022-12-23 07:23:28,093 [pool-697-thread-1] INFO  server.RaftServerConfigKeys (ConfUtils.java:logGet(46)) - raft.server.log.force.sync.num = 128 (default)
2022-12-23 07:23:28,093 [pool-697-thread-1] INFO  server.RaftServerConfigKeys (ConfUtils.java:logGet(46)) - raft.server.log.statemachine.data.sync = true (default)
2022-12-23 07:23:28,093 [pool-697-thread-1] INFO  server.RaftServerConfigKeys (ConfUtils.java:logGet(46)) - raft.server.log.statemachine.data.sync.timeout = 10s (default)
2022-12-23 07:23:28,093 [pool-697-thread-1] INFO  server.RaftServerConfigKeys (ConfUtils.java:logGet(46)) - raft.server.log.statemachine.data.sync.timeout.retry = -1 (default)
2022-12-23 07:23:28,092 [EventQueue-PipelineReportForPipelineReportHandler] INFO  pipeline.PipelineManagerImpl (PipelineManagerImpl.java:openPipeline(367)) - Pipeline Pipeline[ Id: 718dda37-f3c3-40b9-9932-9efc568ec2fd, Nodes: 1f89b7a7-916f-403f-a499-aa89d29c9b15{ip: 10.1.0.40, host: fv-az505-480.g2e1luzo1moefklhgra4trf2va.dx.internal.cloudapp.net, ports: [REPLICATION=45077, RATIS=39091, RATIS_ADMIN=39091, RATIS_SERVER=39091, RATIS_DATASTREAM=32893, STANDALONE=43263], networkLocation: /default-rack, certSerialId: null, persistedOpState: IN_SERVICE, persistedOpStateExpiryEpochSec: 0}, ReplicationConfig: RATIS/ONE, State:ALLOCATED, leaderId:1f89b7a7-916f-403f-a499-aa89d29c9b15, CreationTimestamp2022-12-23T07:23:25.086Z[Etc/UTC]] moved to OPEN state
2022-12-23 07:23:28,094 [pool-697-thread-1] INFO  server.RaftServerConfigKeys (ConfUtils.java:logGet(46)) - raft.server.log.write.buffer.size = 1048576 (custom)
2022-12-23 07:23:28,094 [EventQueue-OpenPipelineForHealthyPipelineSafeModeRule] INFO  safemode.SCMSafeModeManager (HealthyPipelineSafeModeRule.java:process(137)) - SCM in safe mode. Healthy pipelines reported count is 0, required healthy pipeline reported count is 1
2022-12-23 07:23:28,095 [pool-697-thread-1] INFO  server.RaftServerConfigKeys (ConfUtils.java:logGet(46)) - raft.server.log.appender.buffer.byte-limit = 33554432 (custom)
2022-12-23 07:23:28,100 [pool-697-thread-1] INFO  server.RaftServerConfigKeys (ConfUtils.java:logGet(46)) - raft.server.log.unsafe-flush.enabled = false (default)
2022-12-23 07:23:28,100 [pool-697-thread-1] INFO  server.RaftServerConfigKeys (ConfUtils.java:logGet(46)) - raft.server.log.async-flush.enabled = false (default)
2022-12-23 07:23:28,100 [pool-697-thread-1] INFO  server.RaftServerConfigKeys (ConfUtils.java:logGet(46)) - raft.server.log.statemachine.data.caching.enabled = true (custom)
2022-12-23 07:23:28,100 [pool-697-thread-1] INFO  segmented.SegmentedRaftLogWorker (SegmentedRaftLogWorker.java:lambda$new$0(135)) - 1f89b7a7-916f-403f-a499-aa89d29c9b15@group-9EFC568EC2FD-SegmentedRaftLogWorker: flushIndex: setUnconditionally 0 -> -1
2022-12-23 07:23:28,100 [pool-697-thread-1] INFO  segmented.SegmentedRaftLogWorker (SegmentedRaftLogWorker.java:lambda$new$0(135)) - 1f89b7a7-916f-403f-a499-aa89d29c9b15@group-9EFC568EC2FD-SegmentedRaftLogWorker: safeCacheEvictIndex: setUnconditionally 0 -> -1
2022-12-23 07:23:28,101 [pool-697-thread-1] INFO  server.RaftServer$Division (RaftServerImpl.java:start(334)) - 1f89b7a7-916f-403f-a499-aa89d29c9b15@group-9EFC568EC2FD: start as a follower, conf=-1: peers:[1f89b7a7-916f-403f-a499-aa89d29c9b15|rpc:10.1.0.40:39091|dataStream:10.1.0.40:32893|priority:1|startupRole:FOLLOWER]|listeners:[], old=null
2022-12-23 07:23:28,101 [pool-697-thread-1] INFO  server.RaftServer$Division (RaftServerImpl.java:setRole(321)) - 1f89b7a7-916f-403f-a499-aa89d29c9b15@group-9EFC568EC2FD: changes role from      null to FOLLOWER at term 0 for startAsFollower
2022-12-23 07:23:28,101 [pool-697-thread-1] INFO  impl.RoleInfo (RoleInfo.java:updateAndGet(139)) - 1f89b7a7-916f-403f-a499-aa89d29c9b15: start 1f89b7a7-916f-403f-a499-aa89d29c9b15@group-9EFC568EC2FD-FollowerState
2022-12-23 07:23:28,106 [pool-697-thread-1] INFO  util.JmxRegister (JmxRegister.java:tryRegister(44)) - Successfully registered JMX Bean with object name Ratis:service=RaftServer,group=group-9EFC568EC2FD,id=1f89b7a7-916f-403f-a499-aa89d29c9b15
2022-12-23 07:23:28,106 [pool-697-thread-1] INFO  server.RaftServerConfigKeys (ConfUtils.java:logGet(46)) - raft.server.snapshot.auto.trigger.enabled = true (custom)
2022-12-23 07:23:28,106 [pool-697-thread-1] INFO  server.RaftServerConfigKeys (ConfUtils.java:logGet(46)) - raft.server.snapshot.auto.trigger.threshold = 10000 (custom)
2022-12-23 07:23:28,106 [pool-697-thread-1] INFO  server.RaftServerConfigKeys (ConfUtils.java:logGet(46)) - raft.server.snapshot.retention.file.num = 5 (custom)
2022-12-23 07:23:28,107 [pool-697-thread-1] INFO  server.RaftServerConfigKeys (ConfUtils.java:logGet(46)) - raft.server.log.purge.upto.snapshot.index = false (default)
2022-12-23 07:23:28,107 [1f89b7a7-916f-403f-a499-aa89d29c9b15@group-9EFC568EC2FD-FollowerState] INFO  server.RaftServerConfigKeys (ConfUtils.java:logFallback(53)) - raft.server.rpc.first-election.timeout.min = 5s (fallback to raft.server.rpc.timeout.min)
2022-12-23 07:23:28,107 [1f89b7a7-916f-403f-a499-aa89d29c9b15@group-9EFC568EC2FD-FollowerState] INFO  server.RaftServerConfigKeys (ConfUtils.java:logFallback(53)) - raft.server.rpc.first-election.timeout.max = 5200ms (fallback to raft.server.rpc.timeout.max)
2022-12-23 07:23:28,107 [Command processor thread] INFO  ratis.XceiverServerRatis (XceiverServerRatis.java:addGroup(806)) - Created group PipelineID=718dda37-f3c3-40b9-9932-9efc568ec2fd
2022-12-23 07:23:28,107 [Command processor thread] INFO  commandhandler.CreatePipelineCommandHandler (CreatePipelineCommandHandler.java:handle(113)) - Created Pipeline RATIS ONE PipelineID=718dda37-f3c3-40b9-9932-9efc568ec2fd.
2022-12-23 07:23:28,548 [EventQueue-CommandQueueReportForCommandQueueReportHandler] WARN  events.EventQueue (EventQueue.java:fireEvent(216)) - No event handler registered for event TypedEvent{payloadType=DatanodeDetails, name='Datanode_Command_Queue_Updated'}
2022-12-23 07:23:28,742 [EventQueue-CommandQueueReportForCommandQueueReportHandler] WARN  events.EventQueue (EventQueue.java:fireEvent(216)) - No event handler registered for event TypedEvent{payloadType=DatanodeDetails, name='Datanode_Command_Queue_Updated'}
2022-12-23 07:23:29,087 [Listener at 127.0.0.1/40955] INFO  ozone.MiniOzoneClusterImpl (MiniOzoneClusterImpl.java:lambda$waitForClusterToBeReady$0(217)) - Nodes are ready. Got 3 of 3 DN Heartbeats.
2022-12-23 07:23:29,087 [Listener at 127.0.0.1/40955] INFO  ozone.MiniOzoneClusterImpl (MiniOzoneClusterImpl.java:lambda$waitForClusterToBeReady$0(220)) - Waiting for cluster to exit safe mode
2022-12-23 07:23:29,087 [Listener at 127.0.0.1/40955] INFO  ozone.MiniOzoneClusterImpl (MiniOzoneClusterImpl.java:lambda$waitForClusterToBeReady$0(222)) - SCM became leader
2022-12-23 07:23:29,091 [EventQueue-CommandQueueReportForCommandQueueReportHandler] WARN  events.EventQueue (EventQueue.java:fireEvent(216)) - No event handler registered for event TypedEvent{payloadType=DatanodeDetails, name='Datanode_Command_Queue_Updated'}
2022-12-23 07:23:29,551 [EventQueue-CommandQueueReportForCommandQueueReportHandler] WARN  events.EventQueue (EventQueue.java:fireEvent(216)) - No event handler registered for event TypedEvent{payloadType=DatanodeDetails, name='Datanode_Command_Queue_Updated'}
2022-12-23 07:23:29,742 [EventQueue-CommandQueueReportForCommandQueueReportHandler] WARN  events.EventQueue (EventQueue.java:fireEvent(216)) - No event handler registered for event TypedEvent{payloadType=DatanodeDetails, name='Datanode_Command_Queue_Updated'}
2022-12-23 07:23:30,087 [Listener at 127.0.0.1/40955] INFO  ozone.MiniOzoneClusterImpl (MiniOzoneClusterImpl.java:lambda$waitForClusterToBeReady$0(217)) - Nodes are ready. Got 3 of 3 DN Heartbeats.
2022-12-23 07:23:30,088 [Listener at 127.0.0.1/40955] INFO  ozone.MiniOzoneClusterImpl (MiniOzoneClusterImpl.java:lambda$waitForClusterToBeReady$0(220)) - Waiting for cluster to exit safe mode
2022-12-23 07:23:30,088 [Listener at 127.0.0.1/40955] INFO  ozone.MiniOzoneClusterImpl (MiniOzoneClusterImpl.java:lambda$waitForClusterToBeReady$0(222)) - SCM became leader
2022-12-23 07:23:30,091 [EventQueue-CommandQueueReportForCommandQueueReportHandler] WARN  events.EventQueue (EventQueue.java:fireEvent(216)) - No event handler registered for event TypedEvent{payloadType=DatanodeDetails, name='Datanode_Command_Queue_Updated'}
2022-12-23 07:23:30,552 [EventQueue-CommandQueueReportForCommandQueueReportHandler] WARN  events.EventQueue (EventQueue.java:fireEvent(216)) - No event handler registered for event TypedEvent{payloadType=DatanodeDetails, name='Datanode_Command_Queue_Updated'}
2022-12-23 07:23:30,745 [EventQueue-CommandQueueReportForCommandQueueReportHandler] WARN  events.EventQueue (EventQueue.java:fireEvent(216)) - No event handler registered for event TypedEvent{payloadType=DatanodeDetails, name='Datanode_Command_Queue_Updated'}
2022-12-23 07:23:31,088 [Listener at 127.0.0.1/40955] INFO  ozone.MiniOzoneClusterImpl (MiniOzoneClusterImpl.java:lambda$waitForClusterToBeReady$0(217)) - Nodes are ready. Got 3 of 3 DN Heartbeats.
2022-12-23 07:23:31,088 [Listener at 127.0.0.1/40955] INFO  ozone.MiniOzoneClusterImpl (MiniOzoneClusterImpl.java:lambda$waitForClusterToBeReady$0(220)) - Waiting for cluster to exit safe mode
2022-12-23 07:23:31,088 [Listener at 127.0.0.1/40955] INFO  ozone.MiniOzoneClusterImpl (MiniOzoneClusterImpl.java:lambda$waitForClusterToBeReady$0(222)) - SCM became leader
2022-12-23 07:23:31,090 [EventQueue-CommandQueueReportForCommandQueueReportHandler] WARN  events.EventQueue (EventQueue.java:fireEvent(216)) - No event handler registered for event TypedEvent{payloadType=DatanodeDetails, name='Datanode_Command_Queue_Updated'}
2022-12-23 07:23:31,548 [EventQueue-CommandQueueReportForCommandQueueReportHandler] WARN  events.EventQueue (EventQueue.java:fireEvent(216)) - No event handler registered for event TypedEvent{payloadType=DatanodeDetails, name='Datanode_Command_Queue_Updated'}
2022-12-23 07:23:31,743 [EventQueue-CommandQueueReportForCommandQueueReportHandler] WARN  events.EventQueue (EventQueue.java:fireEvent(216)) - No event handler registered for event TypedEvent{payloadType=DatanodeDetails, name='Datanode_Command_Queue_Updated'}
2022-12-23 07:23:32,089 [Listener at 127.0.0.1/40955] INFO  ozone.MiniOzoneClusterImpl (MiniOzoneClusterImpl.java:lambda$waitForClusterToBeReady$0(217)) - Nodes are ready. Got 3 of 3 DN Heartbeats.
2022-12-23 07:23:32,089 [Listener at 127.0.0.1/40955] INFO  ozone.MiniOzoneClusterImpl (MiniOzoneClusterImpl.java:lambda$waitForClusterToBeReady$0(220)) - Waiting for cluster to exit safe mode
2022-12-23 07:23:32,089 [Listener at 127.0.0.1/40955] INFO  ozone.MiniOzoneClusterImpl (MiniOzoneClusterImpl.java:lambda$waitForClusterToBeReady$0(222)) - SCM became leader
2022-12-23 07:23:32,093 [EventQueue-CommandQueueReportForCommandQueueReportHandler] WARN  events.EventQueue (EventQueue.java:fireEvent(216)) - No event handler registered for event TypedEvent{payloadType=DatanodeDetails, name='Datanode_Command_Queue_Updated'}
2022-12-23 07:23:32,501 [c3e38919-3de5-4a36-90ed-6b481ac4f646@group-A7244FB55423-FollowerState] INFO  impl.FollowerState (FollowerState.java:run(143)) - c3e38919-3de5-4a36-90ed-6b481ac4f646@group-A7244FB55423-FollowerState: change to CANDIDATE, lastRpcElapsedTime:5055939784ns, electionTimeout:5054ms
2022-12-23 07:23:32,501 [c3e38919-3de5-4a36-90ed-6b481ac4f646@group-A7244FB55423-FollowerState] INFO  impl.RoleInfo (RoleInfo.java:shutdownFollowerState(110)) - c3e38919-3de5-4a36-90ed-6b481ac4f646: shutdown c3e38919-3de5-4a36-90ed-6b481ac4f646@group-A7244FB55423-FollowerState
2022-12-23 07:23:32,501 [c3e38919-3de5-4a36-90ed-6b481ac4f646@group-A7244FB55423-FollowerState] INFO  server.RaftServer$Division (RaftServerImpl.java:setRole(321)) - c3e38919-3de5-4a36-90ed-6b481ac4f646@group-A7244FB55423: changes role from  FOLLOWER to CANDIDATE at term 0 for changeToCandidate
2022-12-23 07:23:32,501 [c3e38919-3de5-4a36-90ed-6b481ac4f646@group-A7244FB55423-FollowerState] INFO  server.RaftServerConfigKeys (ConfUtils.java:logGet(46)) - raft.server.leaderelection.pre-vote = false (custom)
2022-12-23 07:23:32,501 [c3e38919-3de5-4a36-90ed-6b481ac4f646@group-A7244FB55423-FollowerState] INFO  impl.RoleInfo (RoleInfo.java:updateAndGet(139)) - c3e38919-3de5-4a36-90ed-6b481ac4f646: start c3e38919-3de5-4a36-90ed-6b481ac4f646@group-A7244FB55423-LeaderElection34
2022-12-23 07:23:32,504 [c3e38919-3de5-4a36-90ed-6b481ac4f646@group-A7244FB55423-LeaderElection34] INFO  impl.LeaderElection (LeaderElection.java:askForVotes(312)) - c3e38919-3de5-4a36-90ed-6b481ac4f646@group-A7244FB55423-LeaderElection34 ELECTION round 0: submit vote requests at term 1 for -1: peers:[c3e38919-3de5-4a36-90ed-6b481ac4f646|rpc:10.1.0.40:45749|dataStream:10.1.0.40:34561|priority:0|startupRole:FOLLOWER, e2eb6d9c-1b2b-4ac0-b094-05082948bb54|rpc:10.1.0.40:35985|dataStream:10.1.0.40:43335|priority:0|startupRole:FOLLOWER, 1f89b7a7-916f-403f-a499-aa89d29c9b15|rpc:10.1.0.40:39091|dataStream:10.1.0.40:32893|priority:1|startupRole:FOLLOWER]|listeners:[], old=null
2022-12-23 07:23:32,505 [c3e38919-3de5-4a36-90ed-6b481ac4f646@group-A7244FB55423-LeaderElection34-1] INFO  server.GrpcServerProtocolClient (GrpcServerProtocolClient.java:<init>(63)) - Build channel for e2eb6d9c-1b2b-4ac0-b094-05082948bb54
2022-12-23 07:23:32,506 [c3e38919-3de5-4a36-90ed-6b481ac4f646@group-A7244FB55423-LeaderElection34] INFO  server.RaftServerConfigKeys (ConfUtils.java:logFallback(53)) - raft.server.rpc.first-election.timeout.min = 5s (fallback to raft.server.rpc.timeout.min)
2022-12-23 07:23:32,506 [c3e38919-3de5-4a36-90ed-6b481ac4f646@group-A7244FB55423-LeaderElection34] INFO  server.RaftServerConfigKeys (ConfUtils.java:logFallback(53)) - raft.server.rpc.first-election.timeout.max = 5200ms (fallback to raft.server.rpc.timeout.max)
2022-12-23 07:23:32,506 [c3e38919-3de5-4a36-90ed-6b481ac4f646@group-A7244FB55423-LeaderElection34-2] INFO  server.GrpcServerProtocolClient (GrpcServerProtocolClient.java:<init>(63)) - Build channel for 1f89b7a7-916f-403f-a499-aa89d29c9b15
2022-12-23 07:23:32,516 [grpc-default-executor-0] INFO  server.RaftServer$Division (RaftServerImpl.java:requestVote(1218)) - e2eb6d9c-1b2b-4ac0-b094-05082948bb54@group-A7244FB55423: receive requestVote(ELECTION, c3e38919-3de5-4a36-90ed-6b481ac4f646, group-A7244FB55423, 1, (t:0, i:0))
2022-12-23 07:23:32,516 [grpc-default-executor-0] INFO  impl.VoteContext (VoteContext.java:log(49)) - e2eb6d9c-1b2b-4ac0-b094-05082948bb54@group-A7244FB55423-FOLLOWER: accept ELECTION from c3e38919-3de5-4a36-90ed-6b481ac4f646: our priority 0 <= candidate's priority 0
2022-12-23 07:23:32,516 [grpc-default-executor-0] INFO  server.RaftServer$Division (RaftServerImpl.java:setRole(321)) - e2eb6d9c-1b2b-4ac0-b094-05082948bb54@group-A7244FB55423: changes role from  FOLLOWER to FOLLOWER at term 1 for candidate:c3e38919-3de5-4a36-90ed-6b481ac4f646
2022-12-23 07:23:32,516 [grpc-default-executor-0] INFO  impl.RoleInfo (RoleInfo.java:shutdownFollowerState(110)) - e2eb6d9c-1b2b-4ac0-b094-05082948bb54: shutdown e2eb6d9c-1b2b-4ac0-b094-05082948bb54@group-A7244FB55423-FollowerState
2022-12-23 07:23:32,516 [grpc-default-executor-0] INFO  impl.RoleInfo (RoleInfo.java:updateAndGet(139)) - e2eb6d9c-1b2b-4ac0-b094-05082948bb54: start e2eb6d9c-1b2b-4ac0-b094-05082948bb54@group-A7244FB55423-FollowerState
2022-12-23 07:23:32,517 [e2eb6d9c-1b2b-4ac0-b094-05082948bb54@group-A7244FB55423-FollowerState] INFO  impl.FollowerState (FollowerState.java:run(152)) - e2eb6d9c-1b2b-4ac0-b094-05082948bb54@group-A7244FB55423-FollowerState was interrupted
2022-12-23 07:23:32,519 [e2eb6d9c-1b2b-4ac0-b094-05082948bb54@group-A7244FB55423-FollowerState] INFO  server.RaftServerConfigKeys (ConfUtils.java:logFallback(53)) - raft.server.rpc.first-election.timeout.min = 5s (fallback to raft.server.rpc.timeout.min)
2022-12-23 07:23:32,519 [e2eb6d9c-1b2b-4ac0-b094-05082948bb54@group-A7244FB55423-FollowerState] INFO  server.RaftServerConfigKeys (ConfUtils.java:logFallback(53)) - raft.server.rpc.first-election.timeout.max = 5200ms (fallback to raft.server.rpc.timeout.max)
2022-12-23 07:23:32,520 [grpc-default-executor-0] INFO  server.RaftServer$Division (RaftServerImpl.java:requestVote(1251)) - e2eb6d9c-1b2b-4ac0-b094-05082948bb54@group-A7244FB55423 replies to ELECTION vote request: c3e38919-3de5-4a36-90ed-6b481ac4f646<-e2eb6d9c-1b2b-4ac0-b094-05082948bb54#0:OK-t1. Peer's state: e2eb6d9c-1b2b-4ac0-b094-05082948bb54@group-A7244FB55423:t1, leader=null, voted=c3e38919-3de5-4a36-90ed-6b481ac4f646, raftlog=Memoized:e2eb6d9c-1b2b-4ac0-b094-05082948bb54@group-A7244FB55423-SegmentedRaftLog:OPENED:c-1, conf=-1: peers:[c3e38919-3de5-4a36-90ed-6b481ac4f646|rpc:10.1.0.40:45749|dataStream:10.1.0.40:34561|priority:0|startupRole:FOLLOWER, e2eb6d9c-1b2b-4ac0-b094-05082948bb54|rpc:10.1.0.40:35985|dataStream:10.1.0.40:43335|priority:0|startupRole:FOLLOWER, 1f89b7a7-916f-403f-a499-aa89d29c9b15|rpc:10.1.0.40:39091|dataStream:10.1.0.40:32893|priority:1|startupRole:FOLLOWER]|listeners:[], old=null
2022-12-23 07:23:32,521 [grpc-default-executor-1] INFO  server.RaftServer$Division (RaftServerImpl.java:requestVote(1218)) - 1f89b7a7-916f-403f-a499-aa89d29c9b15@group-A7244FB55423: receive requestVote(ELECTION, c3e38919-3de5-4a36-90ed-6b481ac4f646, group-A7244FB55423, 1, (t:0, i:0))
2022-12-23 07:23:32,521 [grpc-default-executor-1] INFO  impl.VoteContext (VoteContext.java:log(49)) - 1f89b7a7-916f-403f-a499-aa89d29c9b15@group-A7244FB55423-FOLLOWER: reject ELECTION from c3e38919-3de5-4a36-90ed-6b481ac4f646: our priority 1 > candidate's priority 0
2022-12-23 07:23:32,521 [grpc-default-executor-1] INFO  server.RaftServer$Division (RaftServerImpl.java:setRole(321)) - 1f89b7a7-916f-403f-a499-aa89d29c9b15@group-A7244FB55423: changes role from  FOLLOWER to FOLLOWER at term 1 for candidate:c3e38919-3de5-4a36-90ed-6b481ac4f646
2022-12-23 07:23:32,521 [grpc-default-executor-1] INFO  impl.RoleInfo (RoleInfo.java:shutdownFollowerState(110)) - 1f89b7a7-916f-403f-a499-aa89d29c9b15: shutdown 1f89b7a7-916f-403f-a499-aa89d29c9b15@group-A7244FB55423-FollowerState
2022-12-23 07:23:32,521 [grpc-default-executor-1] INFO  impl.RoleInfo (RoleInfo.java:updateAndGet(139)) - 1f89b7a7-916f-403f-a499-aa89d29c9b15: start 1f89b7a7-916f-403f-a499-aa89d29c9b15@group-A7244FB55423-FollowerState
2022-12-23 07:23:32,521 [1f89b7a7-916f-403f-a499-aa89d29c9b15@group-A7244FB55423-FollowerState] INFO  impl.FollowerState (FollowerState.java:run(152)) - 1f89b7a7-916f-403f-a499-aa89d29c9b15@group-A7244FB55423-FollowerState was interrupted
2022-12-23 07:23:32,522 [1f89b7a7-916f-403f-a499-aa89d29c9b15@group-A7244FB55423-FollowerState] INFO  server.RaftServerConfigKeys (ConfUtils.java:logFallback(53)) - raft.server.rpc.first-election.timeout.min = 5s (fallback to raft.server.rpc.timeout.min)
2022-12-23 07:23:32,522 [1f89b7a7-916f-403f-a499-aa89d29c9b15@group-A7244FB55423-FollowerState] INFO  server.RaftServerConfigKeys (ConfUtils.java:logFallback(53)) - raft.server.rpc.first-election.timeout.max = 5200ms (fallback to raft.server.rpc.timeout.max)
2022-12-23 07:23:32,522 [grpc-default-executor-1] INFO  server.RaftServer$Division (RaftServerImpl.java:requestVote(1251)) - 1f89b7a7-916f-403f-a499-aa89d29c9b15@group-A7244FB55423 replies to ELECTION vote request: c3e38919-3de5-4a36-90ed-6b481ac4f646<-1f89b7a7-916f-403f-a499-aa89d29c9b15#0:FAIL-t1. Peer's state: 1f89b7a7-916f-403f-a499-aa89d29c9b15@group-A7244FB55423:t1, leader=null, voted=null, raftlog=Memoized:1f89b7a7-916f-403f-a499-aa89d29c9b15@group-A7244FB55423-SegmentedRaftLog:OPENED:c-1, conf=-1: peers:[c3e38919-3de5-4a36-90ed-6b481ac4f646|rpc:10.1.0.40:45749|dataStream:10.1.0.40:34561|priority:0|startupRole:FOLLOWER, e2eb6d9c-1b2b-4ac0-b094-05082948bb54|rpc:10.1.0.40:35985|dataStream:10.1.0.40:43335|priority:0|startupRole:FOLLOWER, 1f89b7a7-916f-403f-a499-aa89d29c9b15|rpc:10.1.0.40:39091|dataStream:10.1.0.40:32893|priority:1|startupRole:FOLLOWER]|listeners:[], old=null
2022-12-23 07:23:32,524 [c3e38919-3de5-4a36-90ed-6b481ac4f646@group-A7244FB55423-LeaderElection34] INFO  impl.LeaderElection (LeaderElection.java:logAndReturn(90)) - c3e38919-3de5-4a36-90ed-6b481ac4f646@group-A7244FB55423-LeaderElection34: ELECTION REJECTED received 2 response(s) and 0 exception(s):
2022-12-23 07:23:32,524 [c3e38919-3de5-4a36-90ed-6b481ac4f646@group-A7244FB55423-LeaderElection34] INFO  impl.LeaderElection (LeaderElection.java:logAndReturn(94)) -   Response 0: c3e38919-3de5-4a36-90ed-6b481ac4f646<-e2eb6d9c-1b2b-4ac0-b094-05082948bb54#0:OK-t1
2022-12-23 07:23:32,524 [c3e38919-3de5-4a36-90ed-6b481ac4f646@group-A7244FB55423-LeaderElection34] INFO  impl.LeaderElection (LeaderElection.java:logAndReturn(94)) -   Response 1: c3e38919-3de5-4a36-90ed-6b481ac4f646<-1f89b7a7-916f-403f-a499-aa89d29c9b15#0:FAIL-t1
2022-12-23 07:23:32,524 [c3e38919-3de5-4a36-90ed-6b481ac4f646@group-A7244FB55423-LeaderElection34] INFO  impl.LeaderElection (LeaderElection.java:askForVotes(314)) - c3e38919-3de5-4a36-90ed-6b481ac4f646@group-A7244FB55423-LeaderElection34 ELECTION round 0: result REJECTED
2022-12-23 07:23:32,524 [c3e38919-3de5-4a36-90ed-6b481ac4f646@group-A7244FB55423-LeaderElection34] INFO  server.RaftServer$Division (RaftServerImpl.java:setRole(321)) - c3e38919-3de5-4a36-90ed-6b481ac4f646@group-A7244FB55423: changes role from CANDIDATE to FOLLOWER at term 1 for REJECTED
2022-12-23 07:23:32,524 [c3e38919-3de5-4a36-90ed-6b481ac4f646@group-A7244FB55423-LeaderElection34] INFO  impl.RoleInfo (RoleInfo.java:shutdownLeaderElection(130)) - c3e38919-3de5-4a36-90ed-6b481ac4f646: shutdown c3e38919-3de5-4a36-90ed-6b481ac4f646@group-A7244FB55423-LeaderElection34
2022-12-23 07:23:32,524 [c3e38919-3de5-4a36-90ed-6b481ac4f646@group-A7244FB55423-LeaderElection34] INFO  impl.RoleInfo (RoleInfo.java:updateAndGet(139)) - c3e38919-3de5-4a36-90ed-6b481ac4f646: start c3e38919-3de5-4a36-90ed-6b481ac4f646@group-A7244FB55423-FollowerState
2022-12-23 07:23:32,525 [c3e38919-3de5-4a36-90ed-6b481ac4f646@group-A7244FB55423-FollowerState] INFO  server.RaftServerConfigKeys (ConfUtils.java:logFallback(53)) - raft.server.rpc.first-election.timeout.min = 5s (fallback to raft.server.rpc.timeout.min)
2022-12-23 07:23:32,525 [c3e38919-3de5-4a36-90ed-6b481ac4f646@group-A7244FB55423-FollowerState] INFO  server.RaftServerConfigKeys (ConfUtils.java:logFallback(53)) - raft.server.rpc.first-election.timeout.max = 5200ms (fallback to raft.server.rpc.timeout.max)
2022-12-23 07:23:32,548 [EventQueue-CommandQueueReportForCommandQueueReportHandler] WARN  events.EventQueue (EventQueue.java:fireEvent(216)) - No event handler registered for event TypedEvent{payloadType=DatanodeDetails, name='Datanode_Command_Queue_Updated'}
2022-12-23 07:23:32,565 [c3e38919-3de5-4a36-90ed-6b481ac4f646@group-278CABC93E79-FollowerState] INFO  impl.FollowerState (FollowerState.java:run(143)) - c3e38919-3de5-4a36-90ed-6b481ac4f646@group-278CABC93E79-FollowerState: change to CANDIDATE, lastRpcElapsedTime:5144213481ns, electionTimeout:5143ms
2022-12-23 07:23:32,565 [c3e38919-3de5-4a36-90ed-6b481ac4f646@group-278CABC93E79-FollowerState] INFO  impl.RoleInfo (RoleInfo.java:shutdownFollowerState(110)) - c3e38919-3de5-4a36-90ed-6b481ac4f646: shutdown c3e38919-3de5-4a36-90ed-6b481ac4f646@group-278CABC93E79-FollowerState
2022-12-23 07:23:32,565 [c3e38919-3de5-4a36-90ed-6b481ac4f646@group-278CABC93E79-FollowerState] INFO  server.RaftServer$Division (RaftServerImpl.java:setRole(321)) - c3e38919-3de5-4a36-90ed-6b481ac4f646@group-278CABC93E79: changes role from  FOLLOWER to CANDIDATE at term 0 for changeToCandidate
2022-12-23 07:23:32,565 [c3e38919-3de5-4a36-90ed-6b481ac4f646@group-278CABC93E79-FollowerState] INFO  server.RaftServerConfigKeys (ConfUtils.java:logGet(46)) - raft.server.leaderelection.pre-vote = false (custom)
2022-12-23 07:23:32,565 [c3e38919-3de5-4a36-90ed-6b481ac4f646@group-278CABC93E79-FollowerState] INFO  impl.RoleInfo (RoleInfo.java:updateAndGet(139)) - c3e38919-3de5-4a36-90ed-6b481ac4f646: start c3e38919-3de5-4a36-90ed-6b481ac4f646@group-278CABC93E79-LeaderElection35
2022-12-23 07:23:32,568 [c3e38919-3de5-4a36-90ed-6b481ac4f646@group-278CABC93E79-LeaderElection35] INFO  impl.LeaderElection (LeaderElection.java:askForVotes(312)) - c3e38919-3de5-4a36-90ed-6b481ac4f646@group-278CABC93E79-LeaderElection35 ELECTION round 0: submit vote requests at term 1 for -1: peers:[c3e38919-3de5-4a36-90ed-6b481ac4f646|rpc:10.1.0.40:45749|dataStream:10.1.0.40:34561|priority:1|startupRole:FOLLOWER]|listeners:[], old=null
2022-12-23 07:23:32,568 [c3e38919-3de5-4a36-90ed-6b481ac4f646@group-278CABC93E79-LeaderElection35] INFO  impl.LeaderElection (LeaderElection.java:askForVotes(314)) - c3e38919-3de5-4a36-90ed-6b481ac4f646@group-278CABC93E79-LeaderElection35 ELECTION round 0: result PASSED (term=1)
2022-12-23 07:23:32,568 [c3e38919-3de5-4a36-90ed-6b481ac4f646@group-278CABC93E79-LeaderElection35] INFO  impl.RoleInfo (RoleInfo.java:shutdownLeaderElection(130)) - c3e38919-3de5-4a36-90ed-6b481ac4f646: shutdown c3e38919-3de5-4a36-90ed-6b481ac4f646@group-278CABC93E79-LeaderElection35
2022-12-23 07:23:32,568 [c3e38919-3de5-4a36-90ed-6b481ac4f646@group-278CABC93E79-LeaderElection35] INFO  server.RaftServer$Division (RaftServerImpl.java:setRole(321)) - c3e38919-3de5-4a36-90ed-6b481ac4f646@group-278CABC93E79: changes role from CANDIDATE to LEADER at term 1 for changeToLeader
2022-12-23 07:23:32,568 [c3e38919-3de5-4a36-90ed-6b481ac4f646@group-278CABC93E79-LeaderElection35] INFO  ratis.XceiverServerRatis (XceiverServerRatis.java:handleLeaderChangedNotification(904)) - Leader change notification received for group: group-278CABC93E79 with new leaderId: c3e38919-3de5-4a36-90ed-6b481ac4f646
2022-12-23 07:23:32,569 [c3e38919-3de5-4a36-90ed-6b481ac4f646@group-278CABC93E79-LeaderElection35] INFO  server.RaftServer$Division (ServerState.java:setLeader(313)) - c3e38919-3de5-4a36-90ed-6b481ac4f646@group-278CABC93E79: change Leader from null to c3e38919-3de5-4a36-90ed-6b481ac4f646 at term 1 for becomeLeader, leader elected after 5162ms
2022-12-23 07:23:32,569 [c3e38919-3de5-4a36-90ed-6b481ac4f646@group-278CABC93E79-LeaderElection35] INFO  server.RaftServerConfigKeys (ConfUtils.java:logGet(46)) - raft.server.staging.catchup.gap = 1000 (default)
2022-12-23 07:23:32,569 [c3e38919-3de5-4a36-90ed-6b481ac4f646@group-278CABC93E79-LeaderElection35] INFO  server.RaftServerConfigKeys (ConfUtils.java:logGet(46)) - raft.server.write.element-limit = 1024 (custom)
2022-12-23 07:23:32,569 [c3e38919-3de5-4a36-90ed-6b481ac4f646@group-278CABC93E79-LeaderElection35] INFO  server.RaftServerConfigKeys (ConfUtils.java:logGet(46)) - raft.server.write.byte-limit = 1024 M (=1073741824) (custom)
2022-12-23 07:23:32,569 [c3e38919-3de5-4a36-90ed-6b481ac4f646@group-278CABC93E79-LeaderElection35] INFO  server.RaftServerConfigKeys (ConfUtils.java:logGet(46)) - raft.server.watch.timeout = 180s (custom)
2022-12-23 07:23:32,569 [c3e38919-3de5-4a36-90ed-6b481ac4f646@group-278CABC93E79-LeaderElection35] INFO  server.RaftServerConfigKeys (ConfUtils.java:logGet(46)) - raft.server.watch.timeout.denomination = 1s (default)
2022-12-23 07:23:32,569 [c3e38919-3de5-4a36-90ed-6b481ac4f646@group-278CABC93E79-LeaderElection35] INFO  server.RaftServerConfigKeys (ConfUtils.java:logGet(46)) - raft.server.watch.element-limit = 65536 (default)
2022-12-23 07:23:32,569 [c3e38919-3de5-4a36-90ed-6b481ac4f646@group-278CABC93E79-LeaderElection35] INFO  server.RaftServerConfigKeys (ConfUtils.java:logGet(46)) - raft.server.write.element-limit = 1024 (custom)
2022-12-23 07:23:32,569 [c3e38919-3de5-4a36-90ed-6b481ac4f646@group-278CABC93E79-LeaderElection35] INFO  server.RaftServerConfigKeys (ConfUtils.java:logGet(46)) - raft.server.write.follower.gap.ratio.max = -1.0 (default)
2022-12-23 07:23:32,570 [c3e38919-3de5-4a36-90ed-6b481ac4f646@group-278CABC93E79-LeaderElection35] INFO  impl.RoleInfo (RoleInfo.java:updateAndGet(139)) - c3e38919-3de5-4a36-90ed-6b481ac4f646: start c3e38919-3de5-4a36-90ed-6b481ac4f646@group-278CABC93E79-LeaderStateImpl
2022-12-23 07:23:32,570 [c3e38919-3de5-4a36-90ed-6b481ac4f646@group-278CABC93E79-LeaderElection35] INFO  segmented.SegmentedRaftLogWorker (SegmentedRaftLogWorker.java:startLogSegment(452)) - c3e38919-3de5-4a36-90ed-6b481ac4f646@group-278CABC93E79-SegmentedRaftLogWorker: Starting segment from index:0
2022-12-23 07:23:32,570 [EventQueue-CommandQueueReportForCommandQueueReportHandler] WARN  events.EventQueue (EventQueue.java:fireEvent(216)) - No event handler registered for event TypedEvent{payloadType=DatanodeDetails, name='Datanode_Command_Queue_Updated'}
2022-12-23 07:23:32,577 [EventQueue-OpenPipelineForHealthyPipelineSafeModeRule] INFO  safemode.SCMSafeModeManager (HealthyPipelineSafeModeRule.java:process(137)) - SCM in safe mode. Healthy pipelines reported count is 0, required healthy pipeline reported count is 1
2022-12-23 07:23:32,578 [c3e38919-3de5-4a36-90ed-6b481ac4f646@group-278CABC93E79-LeaderElection35] INFO  server.RaftServer$Division (ServerState.java:setRaftConf(430)) - c3e38919-3de5-4a36-90ed-6b481ac4f646@group-278CABC93E79: set configuration 0: peers:[c3e38919-3de5-4a36-90ed-6b481ac4f646|rpc:10.1.0.40:45749|dataStream:10.1.0.40:34561|priority:1|startupRole:FOLLOWER]|listeners:[], old=null
2022-12-23 07:23:32,579 [c3e38919-3de5-4a36-90ed-6b481ac4f646@group-278CABC93E79-SegmentedRaftLogWorker] INFO  segmented.SegmentedRaftLogWorker (SegmentedRaftLogWorker.java:execute(656)) - c3e38919-3de5-4a36-90ed-6b481ac4f646@group-278CABC93E79-SegmentedRaftLogWorker: created new log segment /home/runner/work/ozone/ozone/hadoop-ozone/integration-test/target/test-dir/MiniOzoneClusterImpl-5de03c2c-9b33-404e-9524-94ed39684dfb/datanode-0/data/ratis/9b8ea3e0-8ff3-4083-9a33-278cabc93e79/current/log_inprogress_0
2022-12-23 07:23:32,724 [c3e38919-3de5-4a36-90ed-6b481ac4f646@group-49028A7F651C-FollowerState] INFO  impl.FollowerState (FollowerState.java:run(143)) - c3e38919-3de5-4a36-90ed-6b481ac4f646@group-49028A7F651C-FollowerState: change to CANDIDATE, lastRpcElapsedTime:5167051782ns, electionTimeout:5163ms
2022-12-23 07:23:32,725 [c3e38919-3de5-4a36-90ed-6b481ac4f646@group-49028A7F651C-FollowerState] INFO  impl.RoleInfo (RoleInfo.java:shutdownFollowerState(110)) - c3e38919-3de5-4a36-90ed-6b481ac4f646: shutdown c3e38919-3de5-4a36-90ed-6b481ac4f646@group-49028A7F651C-FollowerState
2022-12-23 07:23:32,725 [c3e38919-3de5-4a36-90ed-6b481ac4f646@group-49028A7F651C-FollowerState] INFO  server.RaftServer$Division (RaftServerImpl.java:setRole(321)) - c3e38919-3de5-4a36-90ed-6b481ac4f646@group-49028A7F651C: changes role from  FOLLOWER to CANDIDATE at term 0 for changeToCandidate
2022-12-23 07:23:32,725 [c3e38919-3de5-4a36-90ed-6b481ac4f646@group-49028A7F651C-FollowerState] INFO  server.RaftServerConfigKeys (ConfUtils.java:logGet(46)) - raft.server.leaderelection.pre-vote = false (custom)
2022-12-23 07:23:32,725 [c3e38919-3de5-4a36-90ed-6b481ac4f646@group-49028A7F651C-FollowerState] INFO  impl.RoleInfo (RoleInfo.java:updateAndGet(139)) - c3e38919-3de5-4a36-90ed-6b481ac4f646: start c3e38919-3de5-4a36-90ed-6b481ac4f646@group-49028A7F651C-LeaderElection36
2022-12-23 07:23:32,727 [c3e38919-3de5-4a36-90ed-6b481ac4f646@group-49028A7F651C-LeaderElection36] INFO  impl.LeaderElection (LeaderElection.java:askForVotes(312)) - c3e38919-3de5-4a36-90ed-6b481ac4f646@group-49028A7F651C-LeaderElection36 ELECTION round 0: submit vote requests at term 1 for -1: peers:[c3e38919-3de5-4a36-90ed-6b481ac4f646|rpc:10.1.0.40:45749|dataStream:10.1.0.40:34561|priority:0|startupRole:FOLLOWER, e2eb6d9c-1b2b-4ac0-b094-05082948bb54|rpc:10.1.0.40:35985|dataStream:10.1.0.40:43335|priority:1|startupRole:FOLLOWER, 1f89b7a7-916f-403f-a499-aa89d29c9b15|rpc:10.1.0.40:39091|dataStream:10.1.0.40:32893|priority:0|startupRole:FOLLOWER]|listeners:[], old=null
2022-12-23 07:23:32,728 [c3e38919-3de5-4a36-90ed-6b481ac4f646@group-49028A7F651C-LeaderElection36] INFO  server.RaftServerConfigKeys (ConfUtils.java:logFallback(53)) - raft.server.rpc.first-election.timeout.min = 5s (fallback to raft.server.rpc.timeout.min)
2022-12-23 07:23:32,728 [c3e38919-3de5-4a36-90ed-6b481ac4f646@group-49028A7F651C-LeaderElection36] INFO  server.RaftServerConfigKeys (ConfUtils.java:logFallback(53)) - raft.server.rpc.first-election.timeout.max = 5200ms (fallback to raft.server.rpc.timeout.max)
2022-12-23 07:23:32,731 [grpc-default-executor-0] INFO  server.RaftServer$Division (RaftServerImpl.java:requestVote(1218)) - e2eb6d9c-1b2b-4ac0-b094-05082948bb54@group-49028A7F651C: receive requestVote(ELECTION, c3e38919-3de5-4a36-90ed-6b481ac4f646, group-49028A7F651C, 1, (t:0, i:0))
2022-12-23 07:23:32,731 [grpc-default-executor-0] INFO  impl.VoteContext (VoteContext.java:log(49)) - e2eb6d9c-1b2b-4ac0-b094-05082948bb54@group-49028A7F651C-FOLLOWER: reject ELECTION from c3e38919-3de5-4a36-90ed-6b481ac4f646: our priority 1 > candidate's priority 0
2022-12-23 07:23:32,731 [grpc-default-executor-0] INFO  server.RaftServer$Division (RaftServerImpl.java:setRole(321)) - e2eb6d9c-1b2b-4ac0-b094-05082948bb54@group-49028A7F651C: changes role from  FOLLOWER to FOLLOWER at term 1 for candidate:c3e38919-3de5-4a36-90ed-6b481ac4f646
2022-12-23 07:23:32,731 [grpc-default-executor-0] INFO  impl.RoleInfo (RoleInfo.java:shutdownFollowerState(110)) - e2eb6d9c-1b2b-4ac0-b094-05082948bb54: shutdown e2eb6d9c-1b2b-4ac0-b094-05082948bb54@group-49028A7F651C-FollowerState
2022-12-23 07:23:32,731 [grpc-default-executor-0] INFO  impl.RoleInfo (RoleInfo.java:updateAndGet(139)) - e2eb6d9c-1b2b-4ac0-b094-05082948bb54: start e2eb6d9c-1b2b-4ac0-b094-05082948bb54@group-49028A7F651C-FollowerState
2022-12-23 07:23:32,731 [e2eb6d9c-1b2b-4ac0-b094-05082948bb54@group-49028A7F651C-FollowerState] INFO  impl.FollowerState (FollowerState.java:run(152)) - e2eb6d9c-1b2b-4ac0-b094-05082948bb54@group-49028A7F651C-FollowerState was interrupted
2022-12-23 07:23:32,732 [e2eb6d9c-1b2b-4ac0-b094-05082948bb54@group-49028A7F651C-FollowerState] INFO  server.RaftServerConfigKeys (ConfUtils.java:logFallback(53)) - raft.server.rpc.first-election.timeout.min = 5s (fallback to raft.server.rpc.timeout.min)
2022-12-23 07:23:32,732 [e2eb6d9c-1b2b-4ac0-b094-05082948bb54@group-49028A7F651C-FollowerState] INFO  server.RaftServerConfigKeys (ConfUtils.java:logFallback(53)) - raft.server.rpc.first-election.timeout.max = 5200ms (fallback to raft.server.rpc.timeout.max)
2022-12-23 07:23:32,734 [grpc-default-executor-1] INFO  server.RaftServer$Division (RaftServerImpl.java:requestVote(1218)) - 1f89b7a7-916f-403f-a499-aa89d29c9b15@group-49028A7F651C: receive requestVote(ELECTION, c3e38919-3de5-4a36-90ed-6b481ac4f646, group-49028A7F651C, 1, (t:0, i:0))
2022-12-23 07:23:32,734 [grpc-default-executor-1] INFO  impl.VoteContext (VoteContext.java:log(49)) - 1f89b7a7-916f-403f-a499-aa89d29c9b15@group-49028A7F651C-FOLLOWER: accept ELECTION from c3e38919-3de5-4a36-90ed-6b481ac4f646: our priority 0 <= candidate's priority 0
2022-12-23 07:23:32,734 [grpc-default-executor-1] INFO  server.RaftServer$Division (RaftServerImpl.java:setRole(321)) - 1f89b7a7-916f-403f-a499-aa89d29c9b15@group-49028A7F651C: changes role from  FOLLOWER to FOLLOWER at term 1 for candidate:c3e38919-3de5-4a36-90ed-6b481ac4f646
2022-12-23 07:23:32,734 [grpc-default-executor-1] INFO  impl.RoleInfo (RoleInfo.java:shutdownFollowerState(110)) - 1f89b7a7-916f-403f-a499-aa89d29c9b15: shutdown 1f89b7a7-916f-403f-a499-aa89d29c9b15@group-49028A7F651C-FollowerState
2022-12-23 07:23:32,734 [grpc-default-executor-1] INFO  impl.RoleInfo (RoleInfo.java:updateAndGet(139)) - 1f89b7a7-916f-403f-a499-aa89d29c9b15: start 1f89b7a7-916f-403f-a499-aa89d29c9b15@group-49028A7F651C-FollowerState
2022-12-23 07:23:32,734 [1f89b7a7-916f-403f-a499-aa89d29c9b15@group-49028A7F651C-FollowerState] INFO  impl.FollowerState (FollowerState.java:run(152)) - 1f89b7a7-916f-403f-a499-aa89d29c9b15@group-49028A7F651C-FollowerState was interrupted
2022-12-23 07:23:32,736 [1f89b7a7-916f-403f-a499-aa89d29c9b15@group-49028A7F651C-FollowerState] INFO  server.RaftServerConfigKeys (ConfUtils.java:logFallback(53)) - raft.server.rpc.first-election.timeout.min = 5s (fallback to raft.server.rpc.timeout.min)
2022-12-23 07:23:32,736 [1f89b7a7-916f-403f-a499-aa89d29c9b15@group-49028A7F651C-FollowerState] INFO  server.RaftServerConfigKeys (ConfUtils.java:logFallback(53)) - raft.server.rpc.first-election.timeout.max = 5200ms (fallback to raft.server.rpc.timeout.max)
2022-12-23 07:23:32,737 [grpc-default-executor-0] INFO  server.RaftServer$Division (RaftServerImpl.java:requestVote(1251)) - e2eb6d9c-1b2b-4ac0-b094-05082948bb54@group-49028A7F651C replies to ELECTION vote request: c3e38919-3de5-4a36-90ed-6b481ac4f646<-e2eb6d9c-1b2b-4ac0-b094-05082948bb54#0:FAIL-t1. Peer's state: e2eb6d9c-1b2b-4ac0-b094-05082948bb54@group-49028A7F651C:t1, leader=null, voted=null, raftlog=Memoized:e2eb6d9c-1b2b-4ac0-b094-05082948bb54@group-49028A7F651C-SegmentedRaftLog:OPENED:c-1, conf=-1: peers:[c3e38919-3de5-4a36-90ed-6b481ac4f646|rpc:10.1.0.40:45749|dataStream:10.1.0.40:34561|priority:0|startupRole:FOLLOWER, e2eb6d9c-1b2b-4ac0-b094-05082948bb54|rpc:10.1.0.40:35985|dataStream:10.1.0.40:43335|priority:1|startupRole:FOLLOWER, 1f89b7a7-916f-403f-a499-aa89d29c9b15|rpc:10.1.0.40:39091|dataStream:10.1.0.40:32893|priority:0|startupRole:FOLLOWER]|listeners:[], old=null
2022-12-23 07:23:32,737 [grpc-default-executor-1] INFO  server.RaftServer$Division (RaftServerImpl.java:requestVote(1251)) - 1f89b7a7-916f-403f-a499-aa89d29c9b15@group-49028A7F651C replies to ELECTION vote request: c3e38919-3de5-4a36-90ed-6b481ac4f646<-1f89b7a7-916f-403f-a499-aa89d29c9b15#0:OK-t1. Peer's state: 1f89b7a7-916f-403f-a499-aa89d29c9b15@group-49028A7F651C:t1, leader=null, voted=c3e38919-3de5-4a36-90ed-6b481ac4f646, raftlog=Memoized:1f89b7a7-916f-403f-a499-aa89d29c9b15@group-49028A7F651C-SegmentedRaftLog:OPENED:c-1, conf=-1: peers:[c3e38919-3de5-4a36-90ed-6b481ac4f646|rpc:10.1.0.40:45749|dataStream:10.1.0.40:34561|priority:0|startupRole:FOLLOWER, e2eb6d9c-1b2b-4ac0-b094-05082948bb54|rpc:10.1.0.40:35985|dataStream:10.1.0.40:43335|priority:1|startupRole:FOLLOWER, 1f89b7a7-916f-403f-a499-aa89d29c9b15|rpc:10.1.0.40:39091|dataStream:10.1.0.40:32893|priority:0|startupRole:FOLLOWER]|listeners:[], old=null
2022-12-23 07:23:32,738 [c3e38919-3de5-4a36-90ed-6b481ac4f646@group-49028A7F651C-LeaderElection36] INFO  impl.LeaderElection (LeaderElection.java:logAndReturn(90)) - c3e38919-3de5-4a36-90ed-6b481ac4f646@group-49028A7F651C-LeaderElection36: ELECTION REJECTED received 2 response(s) and 0 exception(s):
2022-12-23 07:23:32,739 [c3e38919-3de5-4a36-90ed-6b481ac4f646@group-49028A7F651C-LeaderElection36] INFO  impl.LeaderElection (LeaderElection.java:logAndReturn(94)) -   Response 0: c3e38919-3de5-4a36-90ed-6b481ac4f646<-e2eb6d9c-1b2b-4ac0-b094-05082948bb54#0:FAIL-t1
2022-12-23 07:23:32,739 [c3e38919-3de5-4a36-90ed-6b481ac4f646@group-49028A7F651C-LeaderElection36] INFO  impl.LeaderElection (LeaderElection.java:logAndReturn(94)) -   Response 1: c3e38919-3de5-4a36-90ed-6b481ac4f646<-1f89b7a7-916f-403f-a499-aa89d29c9b15#0:OK-t1
2022-12-23 07:23:32,739 [c3e38919-3de5-4a36-90ed-6b481ac4f646@group-49028A7F651C-LeaderElection36] INFO  impl.LeaderElection (LeaderElection.java:askForVotes(314)) - c3e38919-3de5-4a36-90ed-6b481ac4f646@group-49028A7F651C-LeaderElection36 ELECTION round 0: result REJECTED
2022-12-23 07:23:32,739 [c3e38919-3de5-4a36-90ed-6b481ac4f646@group-49028A7F651C-LeaderElection36] INFO  server.RaftServer$Division (RaftServerImpl.java:setRole(321)) - c3e38919-3de5-4a36-90ed-6b481ac4f646@group-49028A7F651C: changes role from CANDIDATE to FOLLOWER at term 1 for REJECTED
2022-12-23 07:23:32,739 [c3e38919-3de5-4a36-90ed-6b481ac4f646@group-49028A7F651C-LeaderElection36] INFO  impl.RoleInfo (RoleInfo.java:shutdownLeaderElection(130)) - c3e38919-3de5-4a36-90ed-6b481ac4f646: shutdown c3e38919-3de5-4a36-90ed-6b481ac4f646@group-49028A7F651C-LeaderElection36
2022-12-23 07:23:32,739 [c3e38919-3de5-4a36-90ed-6b481ac4f646@group-49028A7F651C-LeaderElection36] INFO  impl.RoleInfo (RoleInfo.java:updateAndGet(139)) - c3e38919-3de5-4a36-90ed-6b481ac4f646: start c3e38919-3de5-4a36-90ed-6b481ac4f646@group-49028A7F651C-FollowerState
2022-12-23 07:23:32,739 [c3e38919-3de5-4a36-90ed-6b481ac4f646@group-49028A7F651C-FollowerState] INFO  server.RaftServerConfigKeys (ConfUtils.java:logFallback(53)) - raft.server.rpc.first-election.timeout.min = 5s (fallback to raft.server.rpc.timeout.min)
2022-12-23 07:23:32,739 [c3e38919-3de5-4a36-90ed-6b481ac4f646@group-49028A7F651C-FollowerState] INFO  server.RaftServerConfigKeys (ConfUtils.java:logFallback(53)) - raft.server.rpc.first-election.timeout.max = 5200ms (fallback to raft.server.rpc.timeout.max)
2022-12-23 07:23:32,742 [EventQueue-CommandQueueReportForCommandQueueReportHandler] WARN  events.EventQueue (EventQueue.java:fireEvent(216)) - No event handler registered for event TypedEvent{payloadType=DatanodeDetails, name='Datanode_Command_Queue_Updated'}
2022-12-23 07:23:32,859 [e2eb6d9c-1b2b-4ac0-b094-05082948bb54@group-CAA2B3DED633-FollowerState] INFO  impl.FollowerState (FollowerState.java:run(143)) - e2eb6d9c-1b2b-4ac0-b094-05082948bb54@group-CAA2B3DED633-FollowerState: change to CANDIDATE, lastRpcElapsedTime:5107600604ns, electionTimeout:5107ms
2022-12-23 07:23:32,859 [e2eb6d9c-1b2b-4ac0-b094-05082948bb54@group-CAA2B3DED633-FollowerState] INFO  impl.RoleInfo (RoleInfo.java:shutdownFollowerState(110)) - e2eb6d9c-1b2b-4ac0-b094-05082948bb54: shutdown e2eb6d9c-1b2b-4ac0-b094-05082948bb54@group-CAA2B3DED633-FollowerState
2022-12-23 07:23:32,859 [e2eb6d9c-1b2b-4ac0-b094-05082948bb54@group-CAA2B3DED633-FollowerState] INFO  server.RaftServer$Division (RaftServerImpl.java:setRole(321)) - e2eb6d9c-1b2b-4ac0-b094-05082948bb54@group-CAA2B3DED633: changes role from  FOLLOWER to CANDIDATE at term 0 for changeToCandidate
2022-12-23 07:23:32,859 [e2eb6d9c-1b2b-4ac0-b094-05082948bb54@group-CAA2B3DED633-FollowerState] INFO  server.RaftServerConfigKeys (ConfUtils.java:logGet(46)) - raft.server.leaderelection.pre-vote = false (custom)
2022-12-23 07:23:32,859 [e2eb6d9c-1b2b-4ac0-b094-05082948bb54@group-CAA2B3DED633-FollowerState] INFO  impl.RoleInfo (RoleInfo.java:updateAndGet(139)) - e2eb6d9c-1b2b-4ac0-b094-05082948bb54: start e2eb6d9c-1b2b-4ac0-b094-05082948bb54@group-CAA2B3DED633-LeaderElection37
2022-12-23 07:23:32,866 [e2eb6d9c-1b2b-4ac0-b094-05082948bb54@group-CAA2B3DED633-LeaderElection37] INFO  impl.LeaderElection (LeaderElection.java:askForVotes(312)) - e2eb6d9c-1b2b-4ac0-b094-05082948bb54@group-CAA2B3DED633-LeaderElection37 ELECTION round 0: submit vote requests at term 1 for -1: peers:[e2eb6d9c-1b2b-4ac0-b094-05082948bb54|rpc:10.1.0.40:35985|dataStream:10.1.0.40:43335|priority:1|startupRole:FOLLOWER]|listeners:[], old=null
2022-12-23 07:23:32,866 [e2eb6d9c-1b2b-4ac0-b094-05082948bb54@group-CAA2B3DED633-LeaderElection37] INFO  impl.LeaderElection (LeaderElection.java:askForVotes(314)) - e2eb6d9c-1b2b-4ac0-b094-05082948bb54@group-CAA2B3DED633-LeaderElection37 ELECTION round 0: result PASSED (term=1)
2022-12-23 07:23:32,866 [e2eb6d9c-1b2b-4ac0-b094-05082948bb54@group-CAA2B3DED633-LeaderElection37] INFO  impl.RoleInfo (RoleInfo.java:shutdownLeaderElection(130)) - e2eb6d9c-1b2b-4ac0-b094-05082948bb54: shutdown e2eb6d9c-1b2b-4ac0-b094-05082948bb54@group-CAA2B3DED633-LeaderElection37
2022-12-23 07:23:32,866 [e2eb6d9c-1b2b-4ac0-b094-05082948bb54@group-CAA2B3DED633-LeaderElection37] INFO  server.RaftServer$Division (RaftServerImpl.java:setRole(321)) - e2eb6d9c-1b2b-4ac0-b094-05082948bb54@group-CAA2B3DED633: changes role from CANDIDATE to LEADER at term 1 for changeToLeader
2022-12-23 07:23:32,866 [e2eb6d9c-1b2b-4ac0-b094-05082948bb54@group-CAA2B3DED633-LeaderElection37] INFO  ratis.XceiverServerRatis (XceiverServerRatis.java:handleLeaderChangedNotification(904)) - Leader change notification received for group: group-CAA2B3DED633 with new leaderId: e2eb6d9c-1b2b-4ac0-b094-05082948bb54
2022-12-23 07:23:32,866 [e2eb6d9c-1b2b-4ac0-b094-05082948bb54@group-CAA2B3DED633-LeaderElection37] INFO  server.RaftServer$Division (ServerState.java:setLeader(313)) - e2eb6d9c-1b2b-4ac0-b094-05082948bb54@group-CAA2B3DED633: change Leader from null to e2eb6d9c-1b2b-4ac0-b094-05082948bb54 at term 1 for becomeLeader, leader elected after 5130ms
2022-12-23 07:23:32,866 [e2eb6d9c-1b2b-4ac0-b094-05082948bb54@group-CAA2B3DED633-LeaderElection37] INFO  server.RaftServerConfigKeys (ConfUtils.java:logGet(46)) - raft.server.staging.catchup.gap = 1000 (default)
2022-12-23 07:23:32,866 [e2eb6d9c-1b2b-4ac0-b094-05082948bb54@group-CAA2B3DED633-LeaderElection37] INFO  server.RaftServerConfigKeys (ConfUtils.java:logGet(46)) - raft.server.write.element-limit = 1024 (custom)
2022-12-23 07:23:32,867 [e2eb6d9c-1b2b-4ac0-b094-05082948bb54@group-CAA2B3DED633-LeaderElection37] INFO  server.RaftServerConfigKeys (ConfUtils.java:logGet(46)) - raft.server.write.byte-limit = 1024 M (=1073741824) (custom)
2022-12-23 07:23:32,867 [e2eb6d9c-1b2b-4ac0-b094-05082948bb54@group-CAA2B3DED633-LeaderElection37] INFO  server.RaftServerConfigKeys (ConfUtils.java:logGet(46)) - raft.server.watch.timeout = 180s (custom)
2022-12-23 07:23:32,867 [e2eb6d9c-1b2b-4ac0-b094-05082948bb54@group-CAA2B3DED633-LeaderElection37] INFO  server.RaftServerConfigKeys (ConfUtils.java:logGet(46)) - raft.server.watch.timeout.denomination = 1s (default)
2022-12-23 07:23:32,867 [e2eb6d9c-1b2b-4ac0-b094-05082948bb54@group-CAA2B3DED633-LeaderElection37] INFO  server.RaftServerConfigKeys (ConfUtils.java:logGet(46)) - raft.server.watch.element-limit = 65536 (default)
2022-12-23 07:23:32,867 [e2eb6d9c-1b2b-4ac0-b094-05082948bb54@group-CAA2B3DED633-LeaderElection37] INFO  server.RaftServerConfigKeys (ConfUtils.java:logGet(46)) - raft.server.write.element-limit = 1024 (custom)
2022-12-23 07:23:32,868 [EventQueue-CommandQueueReportForCommandQueueReportHandler] WARN  events.EventQueue (EventQueue.java:fireEvent(216)) - No event handler registered for event TypedEvent{payloadType=DatanodeDetails, name='Datanode_Command_Queue_Updated'}
2022-12-23 07:23:32,868 [EventQueue-OpenPipelineForHealthyPipelineSafeModeRule] INFO  safemode.SCMSafeModeManager (HealthyPipelineSafeModeRule.java:process(137)) - SCM in safe mode. Healthy pipelines reported count is 0, required healthy pipeline reported count is 1
2022-12-23 07:23:32,870 [e2eb6d9c-1b2b-4ac0-b094-05082948bb54@group-CAA2B3DED633-LeaderElection37] INFO  server.RaftServerConfigKeys (ConfUtils.java:logGet(46)) - raft.server.write.follower.gap.ratio.max = -1.0 (default)
2022-12-23 07:23:32,870 [e2eb6d9c-1b2b-4ac0-b094-05082948bb54@group-CAA2B3DED633-LeaderElection37] INFO  impl.RoleInfo (RoleInfo.java:updateAndGet(139)) - e2eb6d9c-1b2b-4ac0-b094-05082948bb54: start e2eb6d9c-1b2b-4ac0-b094-05082948bb54@group-CAA2B3DED633-LeaderStateImpl
2022-12-23 07:23:32,870 [e2eb6d9c-1b2b-4ac0-b094-05082948bb54@group-CAA2B3DED633-LeaderElection37] INFO  segmented.SegmentedRaftLogWorker (SegmentedRaftLogWorker.java:startLogSegment(452)) - e2eb6d9c-1b2b-4ac0-b094-05082948bb54@group-CAA2B3DED633-SegmentedRaftLogWorker: Starting segment from index:0
2022-12-23 07:23:32,873 [e2eb6d9c-1b2b-4ac0-b094-05082948bb54@group-CAA2B3DED633-LeaderElection37] INFO  server.RaftServer$Division (ServerState.java:setRaftConf(430)) - e2eb6d9c-1b2b-4ac0-b094-05082948bb54@group-CAA2B3DED633: set configuration 0: peers:[e2eb6d9c-1b2b-4ac0-b094-05082948bb54|rpc:10.1.0.40:35985|dataStream:10.1.0.40:43335|priority:1|startupRole:FOLLOWER]|listeners:[], old=null
2022-12-23 07:23:32,874 [e2eb6d9c-1b2b-4ac0-b094-05082948bb54@group-CAA2B3DED633-SegmentedRaftLogWorker] INFO  segmented.SegmentedRaftLogWorker (SegmentedRaftLogWorker.java:execute(656)) - e2eb6d9c-1b2b-4ac0-b094-05082948bb54@group-CAA2B3DED633-SegmentedRaftLogWorker: created new log segment /home/runner/work/ozone/ozone/hadoop-ozone/integration-test/target/test-dir/MiniOzoneClusterImpl-5de03c2c-9b33-404e-9524-94ed39684dfb/datanode-1/data/ratis/5f2b08f3-6e36-4e12-96de-caa2b3ded633/current/log_inprogress_0
2022-12-23 07:23:33,089 [Listener at 127.0.0.1/40955] INFO  ozone.MiniOzoneClusterImpl (MiniOzoneClusterImpl.java:lambda$waitForClusterToBeReady$0(217)) - Nodes are ready. Got 3 of 3 DN Heartbeats.
2022-12-23 07:23:33,090 [Listener at 127.0.0.1/40955] INFO  ozone.MiniOzoneClusterImpl (MiniOzoneClusterImpl.java:lambda$waitForClusterToBeReady$0(220)) - Waiting for cluster to exit safe mode
2022-12-23 07:23:33,090 [Listener at 127.0.0.1/40955] INFO  ozone.MiniOzoneClusterImpl (MiniOzoneClusterImpl.java:lambda$waitForClusterToBeReady$0(222)) - SCM became leader
2022-12-23 07:23:33,091 [EventQueue-CommandQueueReportForCommandQueueReportHandler] WARN  events.EventQueue (EventQueue.java:fireEvent(216)) - No event handler registered for event TypedEvent{payloadType=DatanodeDetails, name='Datanode_Command_Queue_Updated'}
2022-12-23 07:23:33,135 [1f89b7a7-916f-403f-a499-aa89d29c9b15@group-9EFC568EC2FD-FollowerState] INFO  impl.FollowerState (FollowerState.java:run(143)) - 1f89b7a7-916f-403f-a499-aa89d29c9b15@group-9EFC568EC2FD-FollowerState: change to CANDIDATE, lastRpcElapsedTime:5034421659ns, electionTimeout:5028ms
2022-12-23 07:23:33,135 [1f89b7a7-916f-403f-a499-aa89d29c9b15@group-9EFC568EC2FD-FollowerState] INFO  impl.RoleInfo (RoleInfo.java:shutdownFollowerState(110)) - 1f89b7a7-916f-403f-a499-aa89d29c9b15: shutdown 1f89b7a7-916f-403f-a499-aa89d29c9b15@group-9EFC568EC2FD-FollowerState
2022-12-23 07:23:33,135 [1f89b7a7-916f-403f-a499-aa89d29c9b15@group-9EFC568EC2FD-FollowerState] INFO  server.RaftServer$Division (RaftServerImpl.java:setRole(321)) - 1f89b7a7-916f-403f-a499-aa89d29c9b15@group-9EFC568EC2FD: changes role from  FOLLOWER to CANDIDATE at term 0 for changeToCandidate
2022-12-23 07:23:33,135 [1f89b7a7-916f-403f-a499-aa89d29c9b15@group-9EFC568EC2FD-FollowerState] INFO  server.RaftServerConfigKeys (ConfUtils.java:logGet(46)) - raft.server.leaderelection.pre-vote = false (custom)
2022-12-23 07:23:33,136 [1f89b7a7-916f-403f-a499-aa89d29c9b15@group-9EFC568EC2FD-FollowerState] INFO  impl.RoleInfo (RoleInfo.java:updateAndGet(139)) - 1f89b7a7-916f-403f-a499-aa89d29c9b15: start 1f89b7a7-916f-403f-a499-aa89d29c9b15@group-9EFC568EC2FD-LeaderElection38
2022-12-23 07:23:33,139 [1f89b7a7-916f-403f-a499-aa89d29c9b15@group-9EFC568EC2FD-LeaderElection38] INFO  impl.LeaderElection (LeaderElection.java:askForVotes(312)) - 1f89b7a7-916f-403f-a499-aa89d29c9b15@group-9EFC568EC2FD-LeaderElection38 ELECTION round 0: submit vote requests at term 1 for -1: peers:[1f89b7a7-916f-403f-a499-aa89d29c9b15|rpc:10.1.0.40:39091|dataStream:10.1.0.40:32893|priority:1|startupRole:FOLLOWER]|listeners:[], old=null
2022-12-23 07:23:33,139 [1f89b7a7-916f-403f-a499-aa89d29c9b15@group-9EFC568EC2FD-LeaderElection38] INFO  impl.LeaderElection (LeaderElection.java:askForVotes(314)) - 1f89b7a7-916f-403f-a499-aa89d29c9b15@group-9EFC568EC2FD-LeaderElection38 ELECTION round 0: result PASSED (term=1)
2022-12-23 07:23:33,139 [1f89b7a7-916f-403f-a499-aa89d29c9b15@group-9EFC568EC2FD-LeaderElection38] INFO  impl.RoleInfo (RoleInfo.java:shutdownLeaderElection(130)) - 1f89b7a7-916f-403f-a499-aa89d29c9b15: shutdown 1f89b7a7-916f-403f-a499-aa89d29c9b15@group-9EFC568EC2FD-LeaderElection38
2022-12-23 07:23:33,139 [1f89b7a7-916f-403f-a499-aa89d29c9b15@group-9EFC568EC2FD-LeaderElection38] INFO  server.RaftServer$Division (RaftServerImpl.java:setRole(321)) - 1f89b7a7-916f-403f-a499-aa89d29c9b15@group-9EFC568EC2FD: changes role from CANDIDATE to LEADER at term 1 for changeToLeader
2022-12-23 07:23:33,140 [1f89b7a7-916f-403f-a499-aa89d29c9b15@group-9EFC568EC2FD-LeaderElection38] INFO  ratis.XceiverServerRatis (XceiverServerRatis.java:handleLeaderChangedNotification(904)) - Leader change notification received for group: group-9EFC568EC2FD with new leaderId: 1f89b7a7-916f-403f-a499-aa89d29c9b15
2022-12-23 07:23:33,140 [1f89b7a7-916f-403f-a499-aa89d29c9b15@group-9EFC568EC2FD-LeaderElection38] INFO  server.RaftServer$Division (ServerState.java:setLeader(313)) - 1f89b7a7-916f-403f-a499-aa89d29c9b15@group-9EFC568EC2FD: change Leader from null to 1f89b7a7-916f-403f-a499-aa89d29c9b15 at term 1 for becomeLeader, leader elected after 5053ms
2022-12-23 07:23:33,140 [1f89b7a7-916f-403f-a499-aa89d29c9b15@group-9EFC568EC2FD-LeaderElection38] INFO  server.RaftServerConfigKeys (ConfUtils.java:logGet(46)) - raft.server.staging.catchup.gap = 1000 (default)
2022-12-23 07:23:33,140 [1f89b7a7-916f-403f-a499-aa89d29c9b15@group-9EFC568EC2FD-LeaderElection38] INFO  server.RaftServerConfigKeys (ConfUtils.java:logGet(46)) - raft.server.write.element-limit = 1024 (custom)
2022-12-23 07:23:33,140 [1f89b7a7-916f-403f-a499-aa89d29c9b15@group-9EFC568EC2FD-LeaderElection38] INFO  server.RaftServerConfigKeys (ConfUtils.java:logGet(46)) - raft.server.write.byte-limit = 1024 M (=1073741824) (custom)
2022-12-23 07:23:33,141 [1f89b7a7-916f-403f-a499-aa89d29c9b15@group-9EFC568EC2FD-LeaderElection38] INFO  server.RaftServerConfigKeys (ConfUtils.java:logGet(46)) - raft.server.watch.timeout = 180s (custom)
2022-12-23 07:23:33,141 [1f89b7a7-916f-403f-a499-aa89d29c9b15@group-9EFC568EC2FD-LeaderElection38] INFO  server.RaftServerConfigKeys (ConfUtils.java:logGet(46)) - raft.server.watch.timeout.denomination = 1s (default)
2022-12-23 07:23:33,141 [1f89b7a7-916f-403f-a499-aa89d29c9b15@group-9EFC568EC2FD-LeaderElection38] INFO  server.RaftServerConfigKeys (ConfUtils.java:logGet(46)) - raft.server.watch.element-limit = 65536 (default)
2022-12-23 07:23:33,141 [1f89b7a7-916f-403f-a499-aa89d29c9b15@group-9EFC568EC2FD-LeaderElection38] INFO  server.RaftServerConfigKeys (ConfUtils.java:logGet(46)) - raft.server.write.element-limit = 1024 (custom)
2022-12-23 07:23:33,141 [1f89b7a7-916f-403f-a499-aa89d29c9b15@group-9EFC568EC2FD-LeaderElection38] INFO  server.RaftServerConfigKeys (ConfUtils.java:logGet(46)) - raft.server.write.follower.gap.ratio.max = -1.0 (default)
2022-12-23 07:23:33,141 [1f89b7a7-916f-403f-a499-aa89d29c9b15@group-9EFC568EC2FD-LeaderElection38] INFO  impl.RoleInfo (RoleInfo.java:updateAndGet(139)) - 1f89b7a7-916f-403f-a499-aa89d29c9b15: start 1f89b7a7-916f-403f-a499-aa89d29c9b15@group-9EFC568EC2FD-LeaderStateImpl
2022-12-23 07:23:33,141 [1f89b7a7-916f-403f-a499-aa89d29c9b15@group-9EFC568EC2FD-LeaderElection38] INFO  segmented.SegmentedRaftLogWorker (SegmentedRaftLogWorker.java:startLogSegment(452)) - 1f89b7a7-916f-403f-a499-aa89d29c9b15@group-9EFC568EC2FD-SegmentedRaftLogWorker: Starting segment from index:0
2022-12-23 07:23:33,149 [1f89b7a7-916f-403f-a499-aa89d29c9b15@group-9EFC568EC2FD-LeaderElection38] INFO  server.RaftServer$Division (ServerState.java:setRaftConf(430)) - 1f89b7a7-916f-403f-a499-aa89d29c9b15@group-9EFC568EC2FD: set configuration 0: peers:[1f89b7a7-916f-403f-a499-aa89d29c9b15|rpc:10.1.0.40:39091|dataStream:10.1.0.40:32893|priority:1|startupRole:FOLLOWER]|listeners:[], old=null
2022-12-23 07:23:33,150 [1f89b7a7-916f-403f-a499-aa89d29c9b15@group-9EFC568EC2FD-SegmentedRaftLogWorker] INFO  segmented.SegmentedRaftLogWorker (SegmentedRaftLogWorker.java:execute(656)) - 1f89b7a7-916f-403f-a499-aa89d29c9b15@group-9EFC568EC2FD-SegmentedRaftLogWorker: created new log segment /home/runner/work/ozone/ozone/hadoop-ozone/integration-test/target/test-dir/MiniOzoneClusterImpl-5de03c2c-9b33-404e-9524-94ed39684dfb/datanode-2/data/ratis/718dda37-f3c3-40b9-9932-9efc568ec2fd/current/log_inprogress_0
2022-12-23 07:23:33,151 [EventQueue-CommandQueueReportForCommandQueueReportHandler] WARN  events.EventQueue (EventQueue.java:fireEvent(216)) - No event handler registered for event TypedEvent{payloadType=DatanodeDetails, name='Datanode_Command_Queue_Updated'}
2022-12-23 07:23:33,151 [EventQueue-OpenPipelineForHealthyPipelineSafeModeRule] INFO  safemode.SCMSafeModeManager (HealthyPipelineSafeModeRule.java:process(137)) - SCM in safe mode. Healthy pipelines reported count is 0, required healthy pipeline reported count is 1
2022-12-23 07:23:33,570 [EventQueue-CommandQueueReportForCommandQueueReportHandler] WARN  events.EventQueue (EventQueue.java:fireEvent(216)) - No event handler registered for event TypedEvent{payloadType=DatanodeDetails, name='Datanode_Command_Queue_Updated'}
2022-12-23 07:23:33,868 [EventQueue-CommandQueueReportForCommandQueueReportHandler] WARN  events.EventQueue (EventQueue.java:fireEvent(216)) - No event handler registered for event TypedEvent{payloadType=DatanodeDetails, name='Datanode_Command_Queue_Updated'}
2022-12-23 07:23:34,090 [Listener at 127.0.0.1/40955] INFO  ozone.MiniOzoneClusterImpl (MiniOzoneClusterImpl.java:lambda$waitForClusterToBeReady$0(217)) - Nodes are ready. Got 3 of 3 DN Heartbeats.
2022-12-23 07:23:34,090 [Listener at 127.0.0.1/40955] INFO  ozone.MiniOzoneClusterImpl (MiniOzoneClusterImpl.java:lambda$waitForClusterToBeReady$0(220)) - Waiting for cluster to exit safe mode
2022-12-23 07:23:34,090 [Listener at 127.0.0.1/40955] INFO  ozone.MiniOzoneClusterImpl (MiniOzoneClusterImpl.java:lambda$waitForClusterToBeReady$0(222)) - SCM became leader
2022-12-23 07:23:34,142 [EventQueue-CommandQueueReportForCommandQueueReportHandler] WARN  events.EventQueue (EventQueue.java:fireEvent(216)) - No event handler registered for event TypedEvent{payloadType=DatanodeDetails, name='Datanode_Command_Queue_Updated'}
2022-12-23 07:23:34,570 [EventQueue-CommandQueueReportForCommandQueueReportHandler] WARN  events.EventQueue (EventQueue.java:fireEvent(216)) - No event handler registered for event TypedEvent{payloadType=DatanodeDetails, name='Datanode_Command_Queue_Updated'}
2022-12-23 07:23:34,868 [EventQueue-CommandQueueReportForCommandQueueReportHandler] WARN  events.EventQueue (EventQueue.java:fireEvent(216)) - No event handler registered for event TypedEvent{payloadType=DatanodeDetails, name='Datanode_Command_Queue_Updated'}
2022-12-23 07:23:35,091 [Listener at 127.0.0.1/40955] INFO  ozone.MiniOzoneClusterImpl (MiniOzoneClusterImpl.java:lambda$waitForClusterToBeReady$0(217)) - Nodes are ready. Got 3 of 3 DN Heartbeats.
2022-12-23 07:23:35,091 [Listener at 127.0.0.1/40955] INFO  ozone.MiniOzoneClusterImpl (MiniOzoneClusterImpl.java:lambda$waitForClusterToBeReady$0(220)) - Waiting for cluster to exit safe mode
2022-12-23 07:23:35,091 [Listener at 127.0.0.1/40955] INFO  ozone.MiniOzoneClusterImpl (MiniOzoneClusterImpl.java:lambda$waitForClusterToBeReady$0(222)) - SCM became leader
2022-12-23 07:23:35,143 [EventQueue-CommandQueueReportForCommandQueueReportHandler] WARN  events.EventQueue (EventQueue.java:fireEvent(216)) - No event handler registered for event TypedEvent{payloadType=DatanodeDetails, name='Datanode_Command_Queue_Updated'}
2022-12-23 07:23:35,570 [EventQueue-CommandQueueReportForCommandQueueReportHandler] WARN  events.EventQueue (EventQueue.java:fireEvent(216)) - No event handler registered for event TypedEvent{payloadType=DatanodeDetails, name='Datanode_Command_Queue_Updated'}
2022-12-23 07:23:35,869 [EventQueue-CommandQueueReportForCommandQueueReportHandler] WARN  events.EventQueue (EventQueue.java:fireEvent(216)) - No event handler registered for event TypedEvent{payloadType=DatanodeDetails, name='Datanode_Command_Queue_Updated'}
2022-12-23 07:23:36,091 [Listener at 127.0.0.1/40955] INFO  ozone.MiniOzoneClusterImpl (MiniOzoneClusterImpl.java:lambda$waitForClusterToBeReady$0(217)) - Nodes are ready. Got 3 of 3 DN Heartbeats.
2022-12-23 07:23:36,092 [Listener at 127.0.0.1/40955] INFO  ozone.MiniOzoneClusterImpl (MiniOzoneClusterImpl.java:lambda$waitForClusterToBeReady$0(220)) - Waiting for cluster to exit safe mode
2022-12-23 07:23:36,092 [Listener at 127.0.0.1/40955] INFO  ozone.MiniOzoneClusterImpl (MiniOzoneClusterImpl.java:lambda$waitForClusterToBeReady$0(222)) - SCM became leader
2022-12-23 07:23:36,143 [EventQueue-CommandQueueReportForCommandQueueReportHandler] WARN  events.EventQueue (EventQueue.java:fireEvent(216)) - No event handler registered for event TypedEvent{payloadType=DatanodeDetails, name='Datanode_Command_Queue_Updated'}
2022-12-23 07:23:36,570 [EventQueue-CommandQueueReportForCommandQueueReportHandler] WARN  events.EventQueue (EventQueue.java:fireEvent(216)) - No event handler registered for event TypedEvent{payloadType=DatanodeDetails, name='Datanode_Command_Queue_Updated'}
2022-12-23 07:23:36,869 [EventQueue-CommandQueueReportForCommandQueueReportHandler] WARN  events.EventQueue (EventQueue.java:fireEvent(216)) - No event handler registered for event TypedEvent{payloadType=DatanodeDetails, name='Datanode_Command_Queue_Updated'}
2022-12-23 07:23:37,092 [Listener at 127.0.0.1/40955] INFO  ozone.MiniOzoneClusterImpl (MiniOzoneClusterImpl.java:lambda$waitForClusterToBeReady$0(217)) - Nodes are ready. Got 3 of 3 DN Heartbeats.
2022-12-23 07:23:37,092 [Listener at 127.0.0.1/40955] INFO  ozone.MiniOzoneClusterImpl (MiniOzoneClusterImpl.java:lambda$waitForClusterToBeReady$0(220)) - Waiting for cluster to exit safe mode
2022-12-23 07:23:37,092 [Listener at 127.0.0.1/40955] INFO  ozone.MiniOzoneClusterImpl (MiniOzoneClusterImpl.java:lambda$waitForClusterToBeReady$0(222)) - SCM became leader
2022-12-23 07:23:37,143 [EventQueue-CommandQueueReportForCommandQueueReportHandler] WARN  events.EventQueue (EventQueue.java:fireEvent(216)) - No event handler registered for event TypedEvent{payloadType=DatanodeDetails, name='Datanode_Command_Queue_Updated'}
2022-12-23 07:23:37,567 [c3e38919-3de5-4a36-90ed-6b481ac4f646@group-A7244FB55423-FollowerState] INFO  impl.FollowerState (FollowerState.java:run(143)) - c3e38919-3de5-4a36-90ed-6b481ac4f646@group-A7244FB55423-FollowerState: change to CANDIDATE, lastRpcElapsedTime:5042551016ns, electionTimeout:5042ms
2022-12-23 07:23:37,567 [c3e38919-3de5-4a36-90ed-6b481ac4f646@group-A7244FB55423-FollowerState] INFO  impl.RoleInfo (RoleInfo.java:shutdownFollowerState(110)) - c3e38919-3de5-4a36-90ed-6b481ac4f646: shutdown c3e38919-3de5-4a36-90ed-6b481ac4f646@group-A7244FB55423-FollowerState
2022-12-23 07:23:37,567 [c3e38919-3de5-4a36-90ed-6b481ac4f646@group-A7244FB55423-FollowerState] INFO  server.RaftServer$Division (RaftServerImpl.java:setRole(321)) - c3e38919-3de5-4a36-90ed-6b481ac4f646@group-A7244FB55423: changes role from  FOLLOWER to CANDIDATE at term 1 for changeToCandidate
2022-12-23 07:23:37,567 [c3e38919-3de5-4a36-90ed-6b481ac4f646@group-A7244FB55423-FollowerState] INFO  server.RaftServerConfigKeys (ConfUtils.java:logGet(46)) - raft.server.leaderelection.pre-vote = false (custom)
2022-12-23 07:23:37,567 [c3e38919-3de5-4a36-90ed-6b481ac4f646@group-A7244FB55423-FollowerState] INFO  impl.RoleInfo (RoleInfo.java:updateAndGet(139)) - c3e38919-3de5-4a36-90ed-6b481ac4f646: start c3e38919-3de5-4a36-90ed-6b481ac4f646@group-A7244FB55423-LeaderElection39
2022-12-23 07:23:37,570 [c3e38919-3de5-4a36-90ed-6b481ac4f646@group-A7244FB55423-LeaderElection39] INFO  impl.LeaderElection (LeaderElection.java:askForVotes(312)) - c3e38919-3de5-4a36-90ed-6b481ac4f646@group-A7244FB55423-LeaderElection39 ELECTION round 0: submit vote requests at term 2 for -1: peers:[c3e38919-3de5-4a36-90ed-6b481ac4f646|rpc:10.1.0.40:45749|dataStream:10.1.0.40:34561|priority:0|startupRole:FOLLOWER, e2eb6d9c-1b2b-4ac0-b094-05082948bb54|rpc:10.1.0.40:35985|dataStream:10.1.0.40:43335|priority:0|startupRole:FOLLOWER, 1f89b7a7-916f-403f-a499-aa89d29c9b15|rpc:10.1.0.40:39091|dataStream:10.1.0.40:32893|priority:1|startupRole:FOLLOWER]|listeners:[], old=null
2022-12-23 07:23:37,571 [EventQueue-CommandQueueReportForCommandQueueReportHandler] WARN  events.EventQueue (EventQueue.java:fireEvent(216)) - No event handler registered for event TypedEvent{payloadType=DatanodeDetails, name='Datanode_Command_Queue_Updated'}
2022-12-23 07:23:37,579 [c3e38919-3de5-4a36-90ed-6b481ac4f646@group-A7244FB55423-LeaderElection39] INFO  server.RaftServerConfigKeys (ConfUtils.java:logFallback(53)) - raft.server.rpc.first-election.timeout.min = 5s (fallback to raft.server.rpc.timeout.min)
2022-12-23 07:23:37,581 [grpc-default-executor-0] INFO  server.RaftServer$Division (RaftServerImpl.java:requestVote(1218)) - 1f89b7a7-916f-403f-a499-aa89d29c9b15@group-A7244FB55423: receive requestVote(ELECTION, c3e38919-3de5-4a36-90ed-6b481ac4f646, group-A7244FB55423, 2, (t:0, i:0))
2022-12-23 07:23:37,581 [grpc-default-executor-1] INFO  server.RaftServer$Division (RaftServerImpl.java:requestVote(1218)) - e2eb6d9c-1b2b-4ac0-b094-05082948bb54@group-A7244FB55423: receive requestVote(ELECTION, c3e38919-3de5-4a36-90ed-6b481ac4f646, group-A7244FB55423, 2, (t:0, i:0))
2022-12-23 07:23:37,581 [c3e38919-3de5-4a36-90ed-6b481ac4f646@group-A7244FB55423-LeaderElection39] INFO  server.RaftServerConfigKeys (ConfUtils.java:logFallback(53)) - raft.server.rpc.first-election.timeout.max = 5200ms (fallback to raft.server.rpc.timeout.max)
2022-12-23 07:23:37,582 [grpc-default-executor-1] INFO  impl.VoteContext (VoteContext.java:log(49)) - e2eb6d9c-1b2b-4ac0-b094-05082948bb54@group-A7244FB55423-FOLLOWER: accept ELECTION from c3e38919-3de5-4a36-90ed-6b481ac4f646: our priority 0 <= candidate's priority 0
2022-12-23 07:23:37,582 [grpc-default-executor-0] INFO  impl.VoteContext (VoteContext.java:log(49)) - 1f89b7a7-916f-403f-a499-aa89d29c9b15@group-A7244FB55423-FOLLOWER: reject ELECTION from c3e38919-3de5-4a36-90ed-6b481ac4f646: our priority 1 > candidate's priority 0
2022-12-23 07:23:37,582 [grpc-default-executor-0] INFO  server.RaftServer$Division (RaftServerImpl.java:setRole(321)) - 1f89b7a7-916f-403f-a499-aa89d29c9b15@group-A7244FB55423: changes role from  FOLLOWER to FOLLOWER at term 2 for candidate:c3e38919-3de5-4a36-90ed-6b481ac4f646
2022-12-23 07:23:37,582 [grpc-default-executor-0] INFO  impl.RoleInfo (RoleInfo.java:shutdownFollowerState(110)) - 1f89b7a7-916f-403f-a499-aa89d29c9b15: shutdown 1f89b7a7-916f-403f-a499-aa89d29c9b15@group-A7244FB55423-FollowerState
2022-12-23 07:23:37,583 [grpc-default-executor-0] INFO  impl.RoleInfo (RoleInfo.java:updateAndGet(139)) - 1f89b7a7-916f-403f-a499-aa89d29c9b15: start 1f89b7a7-916f-403f-a499-aa89d29c9b15@group-A7244FB55423-FollowerState
2022-12-23 07:23:37,582 [grpc-default-executor-1] INFO  server.RaftServer$Division (RaftServerImpl.java:setRole(321)) - e2eb6d9c-1b2b-4ac0-b094-05082948bb54@group-A7244FB55423: changes role from  FOLLOWER to FOLLOWER at term 2 for candidate:c3e38919-3de5-4a36-90ed-6b481ac4f646
2022-12-23 07:23:37,583 [grpc-default-executor-1] INFO  impl.RoleInfo (RoleInfo.java:shutdownFollowerState(110)) - e2eb6d9c-1b2b-4ac0-b094-05082948bb54: shutdown e2eb6d9c-1b2b-4ac0-b094-05082948bb54@group-A7244FB55423-FollowerState
2022-12-23 07:23:37,583 [1f89b7a7-916f-403f-a499-aa89d29c9b15@group-A7244FB55423-FollowerState] INFO  impl.FollowerState (FollowerState.java:run(152)) - 1f89b7a7-916f-403f-a499-aa89d29c9b15@group-A7244FB55423-FollowerState was interrupted
2022-12-23 07:23:37,583 [grpc-default-executor-1] INFO  impl.RoleInfo (RoleInfo.java:updateAndGet(139)) - e2eb6d9c-1b2b-4ac0-b094-05082948bb54: start e2eb6d9c-1b2b-4ac0-b094-05082948bb54@group-A7244FB55423-FollowerState
2022-12-23 07:23:37,583 [e2eb6d9c-1b2b-4ac0-b094-05082948bb54@group-A7244FB55423-FollowerState] INFO  impl.FollowerState (FollowerState.java:run(152)) - e2eb6d9c-1b2b-4ac0-b094-05082948bb54@group-A7244FB55423-FollowerState was interrupted
2022-12-23 07:23:37,583 [1f89b7a7-916f-403f-a499-aa89d29c9b15@group-A7244FB55423-FollowerState] INFO  server.RaftServerConfigKeys (ConfUtils.java:logFallback(53)) - raft.server.rpc.first-election.timeout.min = 5s (fallback to raft.server.rpc.timeout.min)
2022-12-23 07:23:37,584 [1f89b7a7-916f-403f-a499-aa89d29c9b15@group-A7244FB55423-FollowerState] INFO  server.RaftServerConfigKeys (ConfUtils.java:logFallback(53)) - raft.server.rpc.first-election.timeout.max = 5200ms (fallback to raft.server.rpc.timeout.max)
2022-12-23 07:23:37,584 [e2eb6d9c-1b2b-4ac0-b094-05082948bb54@group-A7244FB55423-FollowerState] INFO  server.RaftServerConfigKeys (ConfUtils.java:logFallback(53)) - raft.server.rpc.first-election.timeout.min = 5s (fallback to raft.server.rpc.timeout.min)
2022-12-23 07:23:37,584 [e2eb6d9c-1b2b-4ac0-b094-05082948bb54@group-A7244FB55423-FollowerState] INFO  server.RaftServerConfigKeys (ConfUtils.java:logFallback(53)) - raft.server.rpc.first-election.timeout.max = 5200ms (fallback to raft.server.rpc.timeout.max)
2022-12-23 07:23:37,584 [grpc-default-executor-0] INFO  server.RaftServer$Division (RaftServerImpl.java:requestVote(1251)) - 1f89b7a7-916f-403f-a499-aa89d29c9b15@group-A7244FB55423 replies to ELECTION vote request: c3e38919-3de5-4a36-90ed-6b481ac4f646<-1f89b7a7-916f-403f-a499-aa89d29c9b15#0:FAIL-t2. Peer's state: 1f89b7a7-916f-403f-a499-aa89d29c9b15@group-A7244FB55423:t2, leader=null, voted=null, raftlog=Memoized:1f89b7a7-916f-403f-a499-aa89d29c9b15@group-A7244FB55423-SegmentedRaftLog:OPENED:c-1, conf=-1: peers:[c3e38919-3de5-4a36-90ed-6b481ac4f646|rpc:10.1.0.40:45749|dataStream:10.1.0.40:34561|priority:0|startupRole:FOLLOWER, e2eb6d9c-1b2b-4ac0-b094-05082948bb54|rpc:10.1.0.40:35985|dataStream:10.1.0.40:43335|priority:0|startupRole:FOLLOWER, 1f89b7a7-916f-403f-a499-aa89d29c9b15|rpc:10.1.0.40:39091|dataStream:10.1.0.40:32893|priority:1|startupRole:FOLLOWER]|listeners:[], old=null
2022-12-23 07:23:37,586 [grpc-default-executor-1] INFO  server.RaftServer$Division (RaftServerImpl.java:requestVote(1251)) - e2eb6d9c-1b2b-4ac0-b094-05082948bb54@group-A7244FB55423 replies to ELECTION vote request: c3e38919-3de5-4a36-90ed-6b481ac4f646<-e2eb6d9c-1b2b-4ac0-b094-05082948bb54#0:OK-t2. Peer's state: e2eb6d9c-1b2b-4ac0-b094-05082948bb54@group-A7244FB55423:t2, leader=null, voted=c3e38919-3de5-4a36-90ed-6b481ac4f646, raftlog=Memoized:e2eb6d9c-1b2b-4ac0-b094-05082948bb54@group-A7244FB55423-SegmentedRaftLog:OPENED:c-1, conf=-1: peers:[c3e38919-3de5-4a36-90ed-6b481ac4f646|rpc:10.1.0.40:45749|dataStream:10.1.0.40:34561|priority:0|startupRole:FOLLOWER, e2eb6d9c-1b2b-4ac0-b094-05082948bb54|rpc:10.1.0.40:35985|dataStream:10.1.0.40:43335|priority:0|startupRole:FOLLOWER, 1f89b7a7-916f-403f-a499-aa89d29c9b15|rpc:10.1.0.40:39091|dataStream:10.1.0.40:32893|priority:1|startupRole:FOLLOWER]|listeners:[], old=null
2022-12-23 07:23:37,589 [c3e38919-3de5-4a36-90ed-6b481ac4f646@group-A7244FB55423-LeaderElection39] INFO  impl.LeaderElection (LeaderElection.java:logAndReturn(90)) - c3e38919-3de5-4a36-90ed-6b481ac4f646@group-A7244FB55423-LeaderElection39: ELECTION REJECTED received 2 response(s) and 0 exception(s):
2022-12-23 07:23:37,589 [c3e38919-3de5-4a36-90ed-6b481ac4f646@group-A7244FB55423-LeaderElection39] INFO  impl.LeaderElection (LeaderElection.java:logAndReturn(94)) -   Response 0: c3e38919-3de5-4a36-90ed-6b481ac4f646<-e2eb6d9c-1b2b-4ac0-b094-05082948bb54#0:OK-t2
2022-12-23 07:23:37,589 [c3e38919-3de5-4a36-90ed-6b481ac4f646@group-A7244FB55423-LeaderElection39] INFO  impl.LeaderElection (LeaderElection.java:logAndReturn(94)) -   Response 1: c3e38919-3de5-4a36-90ed-6b481ac4f646<-1f89b7a7-916f-403f-a499-aa89d29c9b15#0:FAIL-t2
2022-12-23 07:23:37,589 [c3e38919-3de5-4a36-90ed-6b481ac4f646@group-A7244FB55423-LeaderElection39] INFO  impl.LeaderElection (LeaderElection.java:askForVotes(314)) - c3e38919-3de5-4a36-90ed-6b481ac4f646@group-A7244FB55423-LeaderElection39 ELECTION round 0: result REJECTED
2022-12-23 07:23:37,589 [c3e38919-3de5-4a36-90ed-6b481ac4f646@group-A7244FB55423-LeaderElection39] INFO  server.RaftServer$Division (RaftServerImpl.java:setRole(321)) - c3e38919-3de5-4a36-90ed-6b481ac4f646@group-A7244FB55423: changes role from CANDIDATE to FOLLOWER at term 2 for REJECTED
2022-12-23 07:23:37,589 [c3e38919-3de5-4a36-90ed-6b481ac4f646@group-A7244FB55423-LeaderElection39] INFO  impl.RoleInfo (RoleInfo.java:shutdownLeaderElection(130)) - c3e38919-3de5-4a36-90ed-6b481ac4f646: shutdown c3e38919-3de5-4a36-90ed-6b481ac4f646@group-A7244FB55423-LeaderElection39
2022-12-23 07:23:37,589 [c3e38919-3de5-4a36-90ed-6b481ac4f646@group-A7244FB55423-LeaderElection39] INFO  impl.RoleInfo (RoleInfo.java:updateAndGet(139)) - c3e38919-3de5-4a36-90ed-6b481ac4f646: start c3e38919-3de5-4a36-90ed-6b481ac4f646@group-A7244FB55423-FollowerState
2022-12-23 07:23:37,590 [c3e38919-3de5-4a36-90ed-6b481ac4f646@group-A7244FB55423-FollowerState] INFO  server.RaftServerConfigKeys (ConfUtils.java:logFallback(53)) - raft.server.rpc.first-election.timeout.min = 5s (fallback to raft.server.rpc.timeout.min)
2022-12-23 07:23:37,590 [c3e38919-3de5-4a36-90ed-6b481ac4f646@group-A7244FB55423-FollowerState] INFO  server.RaftServerConfigKeys (ConfUtils.java:logFallback(53)) - raft.server.rpc.first-election.timeout.max = 5200ms (fallback to raft.server.rpc.timeout.max)
2022-12-23 07:23:37,802 [e2eb6d9c-1b2b-4ac0-b094-05082948bb54@group-49028A7F651C-FollowerState] INFO  impl.FollowerState (FollowerState.java:run(143)) - e2eb6d9c-1b2b-4ac0-b094-05082948bb54@group-49028A7F651C-FollowerState: change to CANDIDATE, lastRpcElapsedTime:5070914006ns, electionTimeout:5069ms
2022-12-23 07:23:37,802 [e2eb6d9c-1b2b-4ac0-b094-05082948bb54@group-49028A7F651C-FollowerState] INFO  impl.RoleInfo (RoleInfo.java:shutdownFollowerState(110)) - e2eb6d9c-1b2b-4ac0-b094-05082948bb54: shutdown e2eb6d9c-1b2b-4ac0-b094-05082948bb54@group-49028A7F651C-FollowerState
2022-12-23 07:23:37,803 [e2eb6d9c-1b2b-4ac0-b094-05082948bb54@group-49028A7F651C-FollowerState] INFO  server.RaftServer$Division (RaftServerImpl.java:setRole(321)) - e2eb6d9c-1b2b-4ac0-b094-05082948bb54@group-49028A7F651C: changes role from  FOLLOWER to CANDIDATE at term 1 for changeToCandidate
2022-12-23 07:23:37,803 [e2eb6d9c-1b2b-4ac0-b094-05082948bb54@group-49028A7F651C-FollowerState] INFO  server.RaftServerConfigKeys (ConfUtils.java:logGet(46)) - raft.server.leaderelection.pre-vote = false (custom)
2022-12-23 07:23:37,803 [e2eb6d9c-1b2b-4ac0-b094-05082948bb54@group-49028A7F651C-FollowerState] INFO  impl.RoleInfo (RoleInfo.java:updateAndGet(139)) - e2eb6d9c-1b2b-4ac0-b094-05082948bb54: start e2eb6d9c-1b2b-4ac0-b094-05082948bb54@group-49028A7F651C-LeaderElection40
2022-12-23 07:23:37,805 [e2eb6d9c-1b2b-4ac0-b094-05082948bb54@group-49028A7F651C-LeaderElection40] INFO  impl.LeaderElection (LeaderElection.java:askForVotes(312)) - e2eb6d9c-1b2b-4ac0-b094-05082948bb54@group-49028A7F651C-LeaderElection40 ELECTION round 0: submit vote requests at term 2 for -1: peers:[c3e38919-3de5-4a36-90ed-6b481ac4f646|rpc:10.1.0.40:45749|dataStream:10.1.0.40:34561|priority:0|startupRole:FOLLOWER, e2eb6d9c-1b2b-4ac0-b094-05082948bb54|rpc:10.1.0.40:35985|dataStream:10.1.0.40:43335|priority:1|startupRole:FOLLOWER, 1f89b7a7-916f-403f-a499-aa89d29c9b15|rpc:10.1.0.40:39091|dataStream:10.1.0.40:32893|priority:0|startupRole:FOLLOWER]|listeners:[], old=null
2022-12-23 07:23:37,806 [e2eb6d9c-1b2b-4ac0-b094-05082948bb54@group-49028A7F651C-LeaderElection40] INFO  server.RaftServerConfigKeys (ConfUtils.java:logFallback(53)) - raft.server.rpc.first-election.timeout.min = 5s (fallback to raft.server.rpc.timeout.min)
2022-12-23 07:23:37,806 [e2eb6d9c-1b2b-4ac0-b094-05082948bb54@group-49028A7F651C-LeaderElection40] INFO  server.RaftServerConfigKeys (ConfUtils.java:logFallback(53)) - raft.server.rpc.first-election.timeout.max = 5200ms (fallback to raft.server.rpc.timeout.max)
2022-12-23 07:23:37,806 [e2eb6d9c-1b2b-4ac0-b094-05082948bb54@group-49028A7F651C-LeaderElection40-1] INFO  server.GrpcServerProtocolClient (GrpcServerProtocolClient.java:<init>(63)) - Build channel for c3e38919-3de5-4a36-90ed-6b481ac4f646
2022-12-23 07:23:37,806 [e2eb6d9c-1b2b-4ac0-b094-05082948bb54@group-49028A7F651C-LeaderElection40-2] INFO  server.GrpcServerProtocolClient (GrpcServerProtocolClient.java:<init>(63)) - Build channel for 1f89b7a7-916f-403f-a499-aa89d29c9b15
2022-12-23 07:23:37,823 [grpc-default-executor-1] INFO  server.RaftServer$Division (RaftServerImpl.java:requestVote(1218)) - 1f89b7a7-916f-403f-a499-aa89d29c9b15@group-49028A7F651C: receive requestVote(ELECTION, e2eb6d9c-1b2b-4ac0-b094-05082948bb54, group-49028A7F651C, 2, (t:0, i:0))
2022-12-23 07:23:37,823 [grpc-default-executor-1] INFO  impl.VoteContext (VoteContext.java:log(49)) - 1f89b7a7-916f-403f-a499-aa89d29c9b15@group-49028A7F651C-FOLLOWER: accept ELECTION from e2eb6d9c-1b2b-4ac0-b094-05082948bb54: our priority 0 <= candidate's priority 1
2022-12-23 07:23:37,824 [grpc-default-executor-1] INFO  server.RaftServer$Division (RaftServerImpl.java:setRole(321)) - 1f89b7a7-916f-403f-a499-aa89d29c9b15@group-49028A7F651C: changes role from  FOLLOWER to FOLLOWER at term 2 for candidate:e2eb6d9c-1b2b-4ac0-b094-05082948bb54
2022-12-23 07:23:37,824 [grpc-default-executor-1] INFO  impl.RoleInfo (RoleInfo.java:shutdownFollowerState(110)) - 1f89b7a7-916f-403f-a499-aa89d29c9b15: shutdown 1f89b7a7-916f-403f-a499-aa89d29c9b15@group-49028A7F651C-FollowerState
2022-12-23 07:23:37,824 [1f89b7a7-916f-403f-a499-aa89d29c9b15@group-49028A7F651C-FollowerState] INFO  impl.FollowerState (FollowerState.java:run(152)) - 1f89b7a7-916f-403f-a499-aa89d29c9b15@group-49028A7F651C-FollowerState was interrupted
2022-12-23 07:23:37,825 [grpc-default-executor-1] INFO  impl.RoleInfo (RoleInfo.java:updateAndGet(139)) - 1f89b7a7-916f-403f-a499-aa89d29c9b15: start 1f89b7a7-916f-403f-a499-aa89d29c9b15@group-49028A7F651C-FollowerState
2022-12-23 07:23:37,831 [grpc-default-executor-1] INFO  server.RaftServer$Division (RaftServerImpl.java:requestVote(1251)) - 1f89b7a7-916f-403f-a499-aa89d29c9b15@group-49028A7F651C replies to ELECTION vote request: e2eb6d9c-1b2b-4ac0-b094-05082948bb54<-1f89b7a7-916f-403f-a499-aa89d29c9b15#0:OK-t2. Peer's state: 1f89b7a7-916f-403f-a499-aa89d29c9b15@group-49028A7F651C:t2, leader=null, voted=e2eb6d9c-1b2b-4ac0-b094-05082948bb54, raftlog=Memoized:1f89b7a7-916f-403f-a499-aa89d29c9b15@group-49028A7F651C-SegmentedRaftLog:OPENED:c-1, conf=-1: peers:[c3e38919-3de5-4a36-90ed-6b481ac4f646|rpc:10.1.0.40:45749|dataStream:10.1.0.40:34561|priority:0|startupRole:FOLLOWER, e2eb6d9c-1b2b-4ac0-b094-05082948bb54|rpc:10.1.0.40:35985|dataStream:10.1.0.40:43335|priority:1|startupRole:FOLLOWER, 1f89b7a7-916f-403f-a499-aa89d29c9b15|rpc:10.1.0.40:39091|dataStream:10.1.0.40:32893|priority:0|startupRole:FOLLOWER]|listeners:[], old=null
2022-12-23 07:23:37,834 [e2eb6d9c-1b2b-4ac0-b094-05082948bb54@group-49028A7F651C-LeaderElection40] INFO  impl.LeaderElection (LeaderElection.java:logAndReturn(90)) - e2eb6d9c-1b2b-4ac0-b094-05082948bb54@group-49028A7F651C-LeaderElection40: ELECTION PASSED received 1 response(s) and 0 exception(s):
2022-12-23 07:23:37,834 [e2eb6d9c-1b2b-4ac0-b094-05082948bb54@group-49028A7F651C-LeaderElection40] INFO  impl.LeaderElection (LeaderElection.java:logAndReturn(94)) -   Response 0: e2eb6d9c-1b2b-4ac0-b094-05082948bb54<-1f89b7a7-916f-403f-a499-aa89d29c9b15#0:OK-t2
2022-12-23 07:23:37,834 [e2eb6d9c-1b2b-4ac0-b094-05082948bb54@group-49028A7F651C-LeaderElection40] INFO  impl.LeaderElection (LeaderElection.java:askForVotes(314)) - e2eb6d9c-1b2b-4ac0-b094-05082948bb54@group-49028A7F651C-LeaderElection40 ELECTION round 0: result PASSED
2022-12-23 07:23:37,834 [e2eb6d9c-1b2b-4ac0-b094-05082948bb54@group-49028A7F651C-LeaderElection40] INFO  impl.RoleInfo (RoleInfo.java:shutdownLeaderElection(130)) - e2eb6d9c-1b2b-4ac0-b094-05082948bb54: shutdown e2eb6d9c-1b2b-4ac0-b094-05082948bb54@group-49028A7F651C-LeaderElection40
2022-12-23 07:23:37,834 [e2eb6d9c-1b2b-4ac0-b094-05082948bb54@group-49028A7F651C-LeaderElection40] INFO  server.RaftServer$Division (RaftServerImpl.java:setRole(321)) - e2eb6d9c-1b2b-4ac0-b094-05082948bb54@group-49028A7F651C: changes role from CANDIDATE to LEADER at term 2 for changeToLeader
2022-12-23 07:23:37,834 [e2eb6d9c-1b2b-4ac0-b094-05082948bb54@group-49028A7F651C-LeaderElection40] INFO  ratis.XceiverServerRatis (XceiverServerRatis.java:handleLeaderChangedNotification(904)) - Leader change notification received for group: group-49028A7F651C with new leaderId: e2eb6d9c-1b2b-4ac0-b094-05082948bb54
2022-12-23 07:23:37,834 [e2eb6d9c-1b2b-4ac0-b094-05082948bb54@group-49028A7F651C-LeaderElection40] INFO  server.RaftServer$Division (ServerState.java:setLeader(313)) - e2eb6d9c-1b2b-4ac0-b094-05082948bb54@group-49028A7F651C: change Leader from null to e2eb6d9c-1b2b-4ac0-b094-05082948bb54 at term 2 for becomeLeader, leader elected after 10225ms
2022-12-23 07:23:37,834 [e2eb6d9c-1b2b-4ac0-b094-05082948bb54@group-49028A7F651C-LeaderElection40] INFO  server.RaftServerConfigKeys (ConfUtils.java:logGet(46)) - raft.server.staging.catchup.gap = 1000 (default)
2022-12-23 07:23:37,834 [e2eb6d9c-1b2b-4ac0-b094-05082948bb54@group-49028A7F651C-LeaderElection40] INFO  server.RaftServerConfigKeys (ConfUtils.java:logGet(46)) - raft.server.write.element-limit = 1024 (custom)
2022-12-23 07:23:37,834 [e2eb6d9c-1b2b-4ac0-b094-05082948bb54@group-49028A7F651C-LeaderElection40] INFO  server.RaftServerConfigKeys (ConfUtils.java:logGet(46)) - raft.server.write.byte-limit = 1024 M (=1073741824) (custom)
2022-12-23 07:23:37,835 [e2eb6d9c-1b2b-4ac0-b094-05082948bb54@group-49028A7F651C-LeaderElection40] INFO  server.RaftServerConfigKeys (ConfUtils.java:logGet(46)) - raft.server.watch.timeout = 180s (custom)
2022-12-23 07:23:37,836 [e2eb6d9c-1b2b-4ac0-b094-05082948bb54@group-49028A7F651C-LeaderElection40] INFO  server.RaftServerConfigKeys (ConfUtils.java:logGet(46)) - raft.server.watch.timeout.denomination = 1s (default)
2022-12-23 07:23:37,836 [e2eb6d9c-1b2b-4ac0-b094-05082948bb54@group-49028A7F651C-LeaderElection40] INFO  server.RaftServerConfigKeys (ConfUtils.java:logGet(46)) - raft.server.watch.element-limit = 65536 (default)
2022-12-23 07:23:37,836 [e2eb6d9c-1b2b-4ac0-b094-05082948bb54@group-49028A7F651C-LeaderElection40] INFO  server.RaftServerConfigKeys (ConfUtils.java:logGet(46)) - raft.server.write.element-limit = 1024 (custom)
2022-12-23 07:23:37,836 [e2eb6d9c-1b2b-4ac0-b094-05082948bb54@group-49028A7F651C-LeaderElection40] INFO  server.RaftServerConfigKeys (ConfUtils.java:logGet(46)) - raft.server.write.follower.gap.ratio.max = -1.0 (default)
2022-12-23 07:23:37,836 [e2eb6d9c-1b2b-4ac0-b094-05082948bb54@group-49028A7F651C-LeaderElection40] INFO  server.RaftServerConfigKeys (ConfUtils.java:logGet(46)) - raft.server.log.appender.snapshot.chunk.size.max = 16MB (=16777216) (default)
2022-12-23 07:23:37,836 [e2eb6d9c-1b2b-4ac0-b094-05082948bb54@group-49028A7F651C-LeaderElection40] INFO  server.RaftServerConfigKeys (ConfUtils.java:logGet(46)) - raft.server.log.appender.buffer.byte-limit = 33554432 (custom)
2022-12-23 07:23:37,837 [e2eb6d9c-1b2b-4ac0-b094-05082948bb54@group-49028A7F651C-LeaderElection40] INFO  server.RaftServerConfigKeys (ConfUtils.java:logGet(46)) - raft.server.log.appender.buffer.element-limit = 1 (custom)
2022-12-23 07:23:37,836 [EventQueue-CommandQueueReportForCommandQueueReportHandler] WARN  events.EventQueue (EventQueue.java:fireEvent(216)) - No event handler registered for event TypedEvent{payloadType=DatanodeDetails, name='Datanode_Command_Queue_Updated'}
2022-12-23 07:23:37,837 [EventQueue-PipelineReportForPipelineReportHandler] INFO  pipeline.PipelineManagerImpl (PipelineManagerImpl.java:openPipeline(367)) - Pipeline Pipeline[ Id: 8b96c8e5-4b08-48e5-a694-49028a7f651c, Nodes: c3e38919-3de5-4a36-90ed-6b481ac4f646{ip: 10.1.0.40, host: fv-az505-480.g2e1luzo1moefklhgra4trf2va.dx.internal.cloudapp.net, ports: [REPLICATION=42235, RATIS=45749, RATIS_ADMIN=45749, RATIS_SERVER=45749, RATIS_DATASTREAM=34561, STANDALONE=36139], networkLocation: /default-rack, certSerialId: null, persistedOpState: IN_SERVICE, persistedOpStateExpiryEpochSec: 0}1f89b7a7-916f-403f-a499-aa89d29c9b15{ip: 10.1.0.40, host: fv-az505-480.g2e1luzo1moefklhgra4trf2va.dx.internal.cloudapp.net, ports: [REPLICATION=45077, RATIS=39091, RATIS_ADMIN=39091, RATIS_SERVER=39091, RATIS_DATASTREAM=32893, STANDALONE=43263], networkLocation: /default-rack, certSerialId: null, persistedOpState: IN_SERVICE, persistedOpStateExpiryEpochSec: 0}e2eb6d9c-1b2b-4ac0-b094-05082948bb54{ip: 10.1.0.40, host: fv-az505-480.g2e1luzo1moefklhgra4trf2va.dx.internal.cloudapp.net, ports: [REPLICATION=33625, RATIS=35985, RATIS_ADMIN=35985, RATIS_SERVER=35985, RATIS_DATASTREAM=43335, STANDALONE=45659], networkLocation: /default-rack, certSerialId: null, persistedOpState: IN_SERVICE, persistedOpStateExpiryEpochSec: 0}, ReplicationConfig: RATIS/THREE, State:ALLOCATED, leaderId:e2eb6d9c-1b2b-4ac0-b094-05082948bb54, CreationTimestamp2022-12-23T07:23:25.090Z[Etc/UTC]] moved to OPEN state
2022-12-23 07:23:37,838 [EventQueue-OpenPipelineForHealthyPipelineSafeModeRule] INFO  safemode.SCMSafeModeManager (HealthyPipelineSafeModeRule.java:process(137)) - SCM in safe mode. Healthy pipelines reported count is 1, required healthy pipeline reported count is 1
2022-12-23 07:23:37,838 [EventQueue-OpenPipelineForHealthyPipelineSafeModeRule] INFO  safemode.SCMSafeModeManager (SCMSafeModeManager.java:validateSafeModeExitRules(200)) - HealthyPipelineSafeModeRule rule is successfully validated
2022-12-23 07:23:37,838 [EventQueue-OpenPipelineForHealthyPipelineSafeModeRule] INFO  safemode.SCMSafeModeManager (SCMSafeModeManager.java:validateSafeModeExitRules(215)) - ScmSafeModeManager, all rules are successfully validated
2022-12-23 07:23:37,838 [EventQueue-OpenPipelineForHealthyPipelineSafeModeRule] INFO  safemode.SCMSafeModeManager (SCMSafeModeManager.java:exitSafeMode(244)) - SCM exiting safe mode.
2022-12-23 07:23:37,838 [EventQueue-OpenPipelineForHealthyPipelineSafeModeRule] INFO  ha.SCMContext (SCMContext.java:updateSafeModeStatus(228)) - Update SafeModeStatus from SafeModeStatus{safeModeStatus=true, preCheckPassed=true} to SafeModeStatus{safeModeStatus=false, preCheckPassed=true}.
2022-12-23 07:23:37,838 [EventQueue-OpenPipelineForHealthyPipelineSafeModeRule] INFO  pipeline.BackgroundPipelineCreator (BackgroundPipelineCreator.java:notifyStatusChanged(254)) - Service BackgroundPipelineCreator transitions to RUNNING.
2022-12-23 07:23:37,838 [grpc-default-executor-1] INFO  server.RaftServer$Division (RaftServerImpl.java:requestVote(1218)) - c3e38919-3de5-4a36-90ed-6b481ac4f646@group-49028A7F651C: receive requestVote(ELECTION, e2eb6d9c-1b2b-4ac0-b094-05082948bb54, group-49028A7F651C, 2, (t:0, i:0))
2022-12-23 07:23:37,837 [e2eb6d9c-1b2b-4ac0-b094-05082948bb54@group-49028A7F651C-LeaderElection40] INFO  grpc.GrpcConfigKeys (ConfUtils.java:logGet(46)) - raft.grpc.server.leader.outstanding.appends.max = 128 (default)
2022-12-23 07:23:37,838 [grpc-default-executor-1] INFO  impl.VoteContext (VoteContext.java:log(49)) - c3e38919-3de5-4a36-90ed-6b481ac4f646@group-49028A7F651C-FOLLOWER: accept ELECTION from e2eb6d9c-1b2b-4ac0-b094-05082948bb54: our priority 0 <= candidate's priority 1
2022-12-23 07:23:37,846 [grpc-default-executor-1] INFO  server.RaftServer$Division (RaftServerImpl.java:setRole(321)) - c3e38919-3de5-4a36-90ed-6b481ac4f646@group-49028A7F651C: changes role from  FOLLOWER to FOLLOWER at term 2 for candidate:e2eb6d9c-1b2b-4ac0-b094-05082948bb54
2022-12-23 07:23:37,846 [grpc-default-executor-1] INFO  impl.RoleInfo (RoleInfo.java:shutdownFollowerState(110)) - c3e38919-3de5-4a36-90ed-6b481ac4f646: shutdown c3e38919-3de5-4a36-90ed-6b481ac4f646@group-49028A7F651C-FollowerState
2022-12-23 07:23:37,846 [grpc-default-executor-1] INFO  impl.RoleInfo (RoleInfo.java:updateAndGet(139)) - c3e38919-3de5-4a36-90ed-6b481ac4f646: start c3e38919-3de5-4a36-90ed-6b481ac4f646@group-49028A7F651C-FollowerState
2022-12-23 07:23:37,838 [EventQueue-OpenPipelineForHealthyPipelineSafeModeRule] INFO  BackgroundPipelineScrubber (BackgroundSCMService.java:notifyStatusChanged(82)) - Service BackgroundPipelineScrubber transitions to RUNNING.
2022-12-23 07:23:37,846 [c3e38919-3de5-4a36-90ed-6b481ac4f646@group-49028A7F651C-FollowerState] INFO  impl.FollowerState (FollowerState.java:run(152)) - c3e38919-3de5-4a36-90ed-6b481ac4f646@group-49028A7F651C-FollowerState was interrupted
2022-12-23 07:23:37,845 [e2eb6d9c-1b2b-4ac0-b094-05082948bb54@group-49028A7F651C-LeaderElection40] INFO  server.RaftServerConfigKeys (ConfUtils.java:logGet(46)) - raft.server.rpc.request.timeout = 60s (custom)
2022-12-23 07:23:37,846 [e2eb6d9c-1b2b-4ac0-b094-05082948bb54@group-49028A7F651C-LeaderElection40] INFO  server.RaftServerConfigKeys (ConfUtils.java:logGet(46)) - raft.server.log.appender.install.snapshot.enabled = false (custom)
2022-12-23 07:23:37,846 [e2eb6d9c-1b2b-4ac0-b094-05082948bb54@group-49028A7F651C-LeaderElection40] INFO  grpc.GrpcConfigKeys (ConfUtils.java:logGet(46)) - raft.grpc.server.heartbeat.channel = true (default)
2022-12-23 07:23:37,846 [e2eb6d9c-1b2b-4ac0-b094-05082948bb54@group-49028A7F651C-LeaderElection40] INFO  server.RaftServerConfigKeys (ConfUtils.java:logGet(46)) - raft.server.log.appender.wait-time.min = 10ms (default)
2022-12-23 07:23:37,848 [e2eb6d9c-1b2b-4ac0-b094-05082948bb54@group-49028A7F651C-LeaderElection40] INFO  server.RaftServerConfigKeys (ConfUtils.java:logGet(46)) - raft.server.log.appender.snapshot.chunk.size.max = 16MB (=16777216) (default)
2022-12-23 07:23:37,848 [e2eb6d9c-1b2b-4ac0-b094-05082948bb54@group-49028A7F651C-LeaderElection40] INFO  server.RaftServerConfigKeys (ConfUtils.java:logGet(46)) - raft.server.log.appender.buffer.byte-limit = 33554432 (custom)
2022-12-23 07:23:37,848 [e2eb6d9c-1b2b-4ac0-b094-05082948bb54@group-49028A7F651C-LeaderElection40] INFO  server.RaftServerConfigKeys (ConfUtils.java:logGet(46)) - raft.server.log.appender.buffer.element-limit = 1 (custom)
2022-12-23 07:23:37,845 [1f89b7a7-916f-403f-a499-aa89d29c9b15@group-49028A7F651C-FollowerState] INFO  server.RaftServerConfigKeys (ConfUtils.java:logFallback(53)) - raft.server.rpc.first-election.timeout.min = 5s (fallback to raft.server.rpc.timeout.min)
2022-12-23 07:23:37,846 [EventQueue-OpenPipelineForHealthyPipelineSafeModeRule] INFO  ExpiredContainerReplicaOpScrubber (BackgroundSCMService.java:notifyStatusChanged(82)) - Service ExpiredContainerReplicaOpScrubber transitions to RUNNING.
2022-12-23 07:23:37,849 [EventQueue-OpenPipelineForHealthyPipelineSafeModeRule] INFO  replication.ReplicationManager (ReplicationManager.java:notifyStatusChanged(918)) - Service ReplicationManager transitions to RUNNING.
2022-12-23 07:23:37,849 [EventQueue-OpenPipelineForHealthyPipelineSafeModeRule] WARN  balancer.ContainerBalancer (ContainerBalancer.java:shouldRun(131)) - Could not find persisted configuration for ContainerBalancer when checking if ContainerBalancer should run. ContainerBalancer should not run now.
2022-12-23 07:23:37,849 [1f89b7a7-916f-403f-a499-aa89d29c9b15@group-49028A7F651C-FollowerState] INFO  server.RaftServerConfigKeys (ConfUtils.java:logFallback(53)) - raft.server.rpc.first-election.timeout.max = 5200ms (fallback to raft.server.rpc.timeout.max)
2022-12-23 07:23:37,853 [c3e38919-3de5-4a36-90ed-6b481ac4f646@group-49028A7F651C-FollowerState] INFO  server.RaftServerConfigKeys (ConfUtils.java:logFallback(53)) - raft.server.rpc.first-election.timeout.min = 5s (fallback to raft.server.rpc.timeout.min)
2022-12-23 07:23:37,853 [c3e38919-3de5-4a36-90ed-6b481ac4f646@group-49028A7F651C-FollowerState] INFO  server.RaftServerConfigKeys (ConfUtils.java:logFallback(53)) - raft.server.rpc.first-election.timeout.max = 5200ms (fallback to raft.server.rpc.timeout.max)
2022-12-23 07:23:37,854 [e2eb6d9c-1b2b-4ac0-b094-05082948bb54@group-49028A7F651C-LeaderElection40] INFO  grpc.GrpcConfigKeys (ConfUtils.java:logGet(46)) - raft.grpc.server.leader.outstanding.appends.max = 128 (default)
2022-12-23 07:23:37,854 [e2eb6d9c-1b2b-4ac0-b094-05082948bb54@group-49028A7F651C-LeaderElection40] INFO  server.RaftServerConfigKeys (ConfUtils.java:logGet(46)) - raft.server.rpc.request.timeout = 60s (custom)
2022-12-23 07:23:37,854 [e2eb6d9c-1b2b-4ac0-b094-05082948bb54@group-49028A7F651C-LeaderElection40] INFO  server.RaftServerConfigKeys (ConfUtils.java:logGet(46)) - raft.server.log.appender.install.snapshot.enabled = false (custom)
2022-12-23 07:23:37,854 [e2eb6d9c-1b2b-4ac0-b094-05082948bb54@group-49028A7F651C-LeaderElection40] INFO  grpc.GrpcConfigKeys (ConfUtils.java:logGet(46)) - raft.grpc.server.heartbeat.channel = true (default)
2022-12-23 07:23:37,854 [e2eb6d9c-1b2b-4ac0-b094-05082948bb54@group-49028A7F651C-LeaderElection40] INFO  server.RaftServerConfigKeys (ConfUtils.java:logGet(46)) - raft.server.log.appender.wait-time.min = 10ms (default)
2022-12-23 07:23:37,855 [e2eb6d9c-1b2b-4ac0-b094-05082948bb54@group-49028A7F651C-LeaderElection40] INFO  impl.RoleInfo (RoleInfo.java:updateAndGet(139)) - e2eb6d9c-1b2b-4ac0-b094-05082948bb54: start e2eb6d9c-1b2b-4ac0-b094-05082948bb54@group-49028A7F651C-LeaderStateImpl
2022-12-23 07:23:37,855 [grpc-default-executor-1] INFO  server.RaftServer$Division (RaftServerImpl.java:requestVote(1251)) - c3e38919-3de5-4a36-90ed-6b481ac4f646@group-49028A7F651C replies to ELECTION vote request: e2eb6d9c-1b2b-4ac0-b094-05082948bb54<-c3e38919-3de5-4a36-90ed-6b481ac4f646#0:OK-t2. Peer's state: c3e38919-3de5-4a36-90ed-6b481ac4f646@group-49028A7F651C:t2, leader=null, voted=e2eb6d9c-1b2b-4ac0-b094-05082948bb54, raftlog=Memoized:c3e38919-3de5-4a36-90ed-6b481ac4f646@group-49028A7F651C-SegmentedRaftLog:OPENED:c-1, conf=-1: peers:[c3e38919-3de5-4a36-90ed-6b481ac4f646|rpc:10.1.0.40:45749|dataStream:10.1.0.40:34561|priority:0|startupRole:FOLLOWER, e2eb6d9c-1b2b-4ac0-b094-05082948bb54|rpc:10.1.0.40:35985|dataStream:10.1.0.40:43335|priority:1|startupRole:FOLLOWER, 1f89b7a7-916f-403f-a499-aa89d29c9b15|rpc:10.1.0.40:39091|dataStream:10.1.0.40:32893|priority:0|startupRole:FOLLOWER]|listeners:[], old=null
2022-12-23 07:23:37,856 [e2eb6d9c-1b2b-4ac0-b094-05082948bb54@group-49028A7F651C-LeaderElection40] INFO  segmented.SegmentedRaftLogWorker (SegmentedRaftLogWorker.java:startLogSegment(452)) - e2eb6d9c-1b2b-4ac0-b094-05082948bb54@group-49028A7F651C-SegmentedRaftLogWorker: Starting segment from index:0
2022-12-23 07:23:37,857 [e2eb6d9c-1b2b-4ac0-b094-05082948bb54@group-49028A7F651C-SegmentedRaftLogWorker] INFO  segmented.SegmentedRaftLogWorker (SegmentedRaftLogWorker.java:execute(656)) - e2eb6d9c-1b2b-4ac0-b094-05082948bb54@group-49028A7F651C-SegmentedRaftLogWorker: created new log segment /home/runner/work/ozone/ozone/hadoop-ozone/integration-test/target/test-dir/MiniOzoneClusterImpl-5de03c2c-9b33-404e-9524-94ed39684dfb/datanode-1/data/ratis/8b96c8e5-4b08-48e5-a694-49028a7f651c/current/log_inprogress_0
2022-12-23 07:23:37,870 [e2eb6d9c-1b2b-4ac0-b094-05082948bb54@group-49028A7F651C-LeaderElection40] INFO  server.RaftServer$Division (ServerState.java:setRaftConf(430)) - e2eb6d9c-1b2b-4ac0-b094-05082948bb54@group-49028A7F651C: set configuration 0: peers:[c3e38919-3de5-4a36-90ed-6b481ac4f646|rpc:10.1.0.40:45749|dataStream:10.1.0.40:34561|priority:0|startupRole:FOLLOWER, e2eb6d9c-1b2b-4ac0-b094-05082948bb54|rpc:10.1.0.40:35985|dataStream:10.1.0.40:43335|priority:1|startupRole:FOLLOWER, 1f89b7a7-916f-403f-a499-aa89d29c9b15|rpc:10.1.0.40:39091|dataStream:10.1.0.40:32893|priority:0|startupRole:FOLLOWER]|listeners:[], old=null
2022-12-23 07:23:37,899 [c3e38919-3de5-4a36-90ed-6b481ac4f646-server-thread1] INFO  ratis.XceiverServerRatis (XceiverServerRatis.java:handleLeaderChangedNotification(904)) - Leader change notification received for group: group-49028A7F651C with new leaderId: e2eb6d9c-1b2b-4ac0-b094-05082948bb54
2022-12-23 07:23:37,899 [c3e38919-3de5-4a36-90ed-6b481ac4f646-server-thread1] INFO  server.RaftServer$Division (ServerState.java:setLeader(313)) - c3e38919-3de5-4a36-90ed-6b481ac4f646@group-49028A7F651C: change Leader from null to e2eb6d9c-1b2b-4ac0-b094-05082948bb54 at term 2 for appendEntries, leader elected after 10356ms
2022-12-23 07:23:37,917 [c3e38919-3de5-4a36-90ed-6b481ac4f646-server-thread3] INFO  server.RaftServer$Division (ServerState.java:setRaftConf(430)) - c3e38919-3de5-4a36-90ed-6b481ac4f646@group-49028A7F651C: set configuration 0: peers:[c3e38919-3de5-4a36-90ed-6b481ac4f646|rpc:10.1.0.40:45749|dataStream:10.1.0.40:34561|priority:0|startupRole:FOLLOWER, e2eb6d9c-1b2b-4ac0-b094-05082948bb54|rpc:10.1.0.40:35985|dataStream:10.1.0.40:43335|priority:1|startupRole:FOLLOWER, 1f89b7a7-916f-403f-a499-aa89d29c9b15|rpc:10.1.0.40:39091|dataStream:10.1.0.40:32893|priority:0|startupRole:FOLLOWER]|listeners:[], old=null
2022-12-23 07:23:37,917 [c3e38919-3de5-4a36-90ed-6b481ac4f646-server-thread3] INFO  segmented.SegmentedRaftLogWorker (SegmentedRaftLogWorker.java:startLogSegment(452)) - c3e38919-3de5-4a36-90ed-6b481ac4f646@group-49028A7F651C-SegmentedRaftLogWorker: Starting segment from index:0
2022-12-23 07:23:37,918 [1f89b7a7-916f-403f-a499-aa89d29c9b15-server-thread1] INFO  ratis.XceiverServerRatis (XceiverServerRatis.java:handleLeaderChangedNotification(904)) - Leader change notification received for group: group-49028A7F651C with new leaderId: e2eb6d9c-1b2b-4ac0-b094-05082948bb54
2022-12-23 07:23:37,918 [1f89b7a7-916f-403f-a499-aa89d29c9b15-server-thread1] INFO  server.RaftServer$Division (ServerState.java:setLeader(313)) - 1f89b7a7-916f-403f-a499-aa89d29c9b15@group-49028A7F651C: change Leader from null to e2eb6d9c-1b2b-4ac0-b094-05082948bb54 at term 2 for appendEntries, leader elected after 10338ms
2022-12-23 07:23:37,920 [c3e38919-3de5-4a36-90ed-6b481ac4f646@group-49028A7F651C-SegmentedRaftLogWorker] INFO  segmented.SegmentedRaftLogWorker (SegmentedRaftLogWorker.java:execute(656)) - c3e38919-3de5-4a36-90ed-6b481ac4f646@group-49028A7F651C-SegmentedRaftLogWorker: created new log segment /home/runner/work/ozone/ozone/hadoop-ozone/integration-test/target/test-dir/MiniOzoneClusterImpl-5de03c2c-9b33-404e-9524-94ed39684dfb/datanode-0/data/ratis/8b96c8e5-4b08-48e5-a694-49028a7f651c/current/log_inprogress_0
2022-12-23 07:23:37,934 [1f89b7a7-916f-403f-a499-aa89d29c9b15-server-thread3] INFO  server.RaftServer$Division (ServerState.java:setRaftConf(430)) - 1f89b7a7-916f-403f-a499-aa89d29c9b15@group-49028A7F651C: set configuration 0: peers:[c3e38919-3de5-4a36-90ed-6b481ac4f646|rpc:10.1.0.40:45749|dataStream:10.1.0.40:34561|priority:0|startupRole:FOLLOWER, e2eb6d9c-1b2b-4ac0-b094-05082948bb54|rpc:10.1.0.40:35985|dataStream:10.1.0.40:43335|priority:1|startupRole:FOLLOWER, 1f89b7a7-916f-403f-a499-aa89d29c9b15|rpc:10.1.0.40:39091|dataStream:10.1.0.40:32893|priority:0|startupRole:FOLLOWER]|listeners:[], old=null
2022-12-23 07:23:37,934 [1f89b7a7-916f-403f-a499-aa89d29c9b15-server-thread3] INFO  segmented.SegmentedRaftLogWorker (SegmentedRaftLogWorker.java:startLogSegment(452)) - 1f89b7a7-916f-403f-a499-aa89d29c9b15@group-49028A7F651C-SegmentedRaftLogWorker: Starting segment from index:0
2022-12-23 07:23:37,936 [1f89b7a7-916f-403f-a499-aa89d29c9b15@group-49028A7F651C-SegmentedRaftLogWorker] INFO  segmented.SegmentedRaftLogWorker (SegmentedRaftLogWorker.java:execute(656)) - 1f89b7a7-916f-403f-a499-aa89d29c9b15@group-49028A7F651C-SegmentedRaftLogWorker: created new log segment /home/runner/work/ozone/ozone/hadoop-ozone/integration-test/target/test-dir/MiniOzoneClusterImpl-5de03c2c-9b33-404e-9524-94ed39684dfb/datanode-2/data/ratis/8b96c8e5-4b08-48e5-a694-49028a7f651c/current/log_inprogress_0
2022-12-23 07:23:38,093 [Listener at 127.0.0.1/40955] INFO  ozone.MiniOzoneClusterImpl (MiniOzoneClusterImpl.java:lambda$waitForClusterToBeReady$0(217)) - Nodes are ready. Got 3 of 3 DN Heartbeats.
2022-12-23 07:23:38,093 [Listener at 127.0.0.1/40955] INFO  ozone.MiniOzoneClusterImpl (MiniOzoneClusterImpl.java:lambda$waitForClusterToBeReady$0(220)) - Cluster exits safe mode
2022-12-23 07:23:38,093 [Listener at 127.0.0.1/40955] INFO  ozone.MiniOzoneClusterImpl (MiniOzoneClusterImpl.java:lambda$waitForClusterToBeReady$0(222)) - SCM became leader
]]></system-out>
    </rerunFailure>
    <rerunFailure type="java.lang.AssertionError">
      <stackTrace><![CDATA[java.lang.AssertionError
	at org.junit.Assert.fail(Assert.java:87)
	at org.junit.Assert.assertTrue(Assert.java:42)
	at org.junit.Assert.assertTrue(Assert.java:53)
	at org.apache.hadoop.hdds.scm.TestRatisPipelineLeader.testLeaderIdAfterLeaderChange(TestRatisPipelineLeader.java:119)
	at sun.reflect.NativeMethodAccessorImpl.invoke0(Native Method)
	at sun.reflect.NativeMethodAccessorImpl.invoke(NativeMethodAccessorImpl.java:62)
	at sun.reflect.DelegatingMethodAccessorImpl.invoke(DelegatingMethodAccessorImpl.java:43)
	at java.lang.reflect.Method.invoke(Method.java:498)
	at org.junit.platform.commons.util.ReflectionUtils.invokeMethod(ReflectionUtils.java:725)
	at org.junit.jupiter.engine.execution.MethodInvocation.proceed(MethodInvocation.java:60)
	at org.junit.jupiter.engine.execution.InvocationInterceptorChain$ValidatingInvocation.proceed(InvocationInterceptorChain.java:131)
	at org.junit.jupiter.engine.extension.TimeoutInvocation.proceed(TimeoutInvocation.java:46)
	at org.junit.jupiter.engine.extension.TimeoutExtension.intercept(TimeoutExtension.java:149)
	at org.junit.jupiter.engine.extension.TimeoutExtension.interceptTestableMethod(TimeoutExtension.java:140)
	at org.junit.jupiter.engine.extension.TimeoutExtension.interceptTestMethod(TimeoutExtension.java:84)
	at org.junit.jupiter.engine.execution.ExecutableInvoker$ReflectiveInterceptorCall.lambda$ofVoidMethod$0(ExecutableInvoker.java:115)
	at org.junit.jupiter.engine.execution.ExecutableInvoker.lambda$invoke$0(ExecutableInvoker.java:105)
	at org.junit.jupiter.engine.execution.InvocationInterceptorChain$InterceptedInvocation.proceed(InvocationInterceptorChain.java:106)
	at org.junit.jupiter.engine.execution.InvocationInterceptorChain.proceed(InvocationInterceptorChain.java:64)
	at org.junit.jupiter.engine.execution.InvocationInterceptorChain.chainAndInvoke(InvocationInterceptorChain.java:45)
	at org.junit.jupiter.engine.execution.InvocationInterceptorChain.invoke(InvocationInterceptorChain.java:37)
	at org.junit.jupiter.engine.execution.ExecutableInvoker.invoke(ExecutableInvoker.java:104)
	at org.junit.jupiter.engine.execution.ExecutableInvoker.invoke(ExecutableInvoker.java:98)
	at org.junit.jupiter.engine.descriptor.TestMethodTestDescriptor.lambda$invokeTestMethod$7(TestMethodTestDescriptor.java:214)
	at org.junit.platform.engine.support.hierarchical.ThrowableCollector.execute(ThrowableCollector.java:73)
	at org.junit.jupiter.engine.descriptor.TestMethodTestDescriptor.invokeTestMethod(TestMethodTestDescriptor.java:210)
	at org.junit.jupiter.engine.descriptor.TestMethodTestDescriptor.execute(TestMethodTestDescriptor.java:135)
	at org.junit.jupiter.engine.descriptor.TestMethodTestDescriptor.execute(TestMethodTestDescriptor.java:66)
	at org.junit.platform.engine.support.hierarchical.NodeTestTask.lambda$executeRecursively$6(NodeTestTask.java:151)
	at org.junit.platform.engine.support.hierarchical.ThrowableCollector.execute(ThrowableCollector.java:73)
	at org.junit.platform.engine.support.hierarchical.NodeTestTask.lambda$executeRecursively$8(NodeTestTask.java:141)
	at org.junit.platform.engine.support.hierarchical.Node.around(Node.java:137)
	at org.junit.platform.engine.support.hierarchical.NodeTestTask.lambda$executeRecursively$9(NodeTestTask.java:139)
	at org.junit.platform.engine.support.hierarchical.ThrowableCollector.execute(ThrowableCollector.java:73)
	at org.junit.platform.engine.support.hierarchical.NodeTestTask.executeRecursively(NodeTestTask.java:138)
	at org.junit.platform.engine.support.hierarchical.NodeTestTask.execute(NodeTestTask.java:95)
	at java.util.ArrayList.forEach(ArrayList.java:1259)
	at org.junit.platform.engine.support.hierarchical.SameThreadHierarchicalTestExecutorService.invokeAll(SameThreadHierarchicalTestExecutorService.java:41)
	at org.junit.platform.engine.support.hierarchical.NodeTestTask.lambda$executeRecursively$6(NodeTestTask.java:155)
	at org.junit.platform.engine.support.hierarchical.ThrowableCollector.execute(ThrowableCollector.java:73)
	at org.junit.platform.engine.support.hierarchical.NodeTestTask.lambda$executeRecursively$8(NodeTestTask.java:141)
	at org.junit.platform.engine.support.hierarchical.Node.around(Node.java:137)
	at org.junit.platform.engine.support.hierarchical.NodeTestTask.lambda$executeRecursively$9(NodeTestTask.java:139)
	at org.junit.platform.engine.support.hierarchical.ThrowableCollector.execute(ThrowableCollector.java:73)
	at org.junit.platform.engine.support.hierarchical.NodeTestTask.executeRecursively(NodeTestTask.java:138)
	at org.junit.platform.engine.support.hierarchical.NodeTestTask.execute(NodeTestTask.java:95)
	at java.util.ArrayList.forEach(ArrayList.java:1259)
	at org.junit.platform.engine.support.hierarchical.SameThreadHierarchicalTestExecutorService.invokeAll(SameThreadHierarchicalTestExecutorService.java:41)
	at org.junit.platform.engine.support.hierarchical.NodeTestTask.lambda$executeRecursively$6(NodeTestTask.java:155)
	at org.junit.platform.engine.support.hierarchical.ThrowableCollector.execute(ThrowableCollector.java:73)
	at org.junit.platform.engine.support.hierarchical.NodeTestTask.lambda$executeRecursively$8(NodeTestTask.java:141)
	at org.junit.platform.engine.support.hierarchical.Node.around(Node.java:137)
	at org.junit.platform.engine.support.hierarchical.NodeTestTask.lambda$executeRecursively$9(NodeTestTask.java:139)
	at org.junit.platform.engine.support.hierarchical.ThrowableCollector.execute(ThrowableCollector.java:73)
	at org.junit.platform.engine.support.hierarchical.NodeTestTask.executeRecursively(NodeTestTask.java:138)
	at org.junit.platform.engine.support.hierarchical.NodeTestTask.execute(NodeTestTask.java:95)
	at org.junit.platform.engine.support.hierarchical.SameThreadHierarchicalTestExecutorService.submit(SameThreadHierarchicalTestExecutorService.java:35)
	at org.junit.platform.engine.support.hierarchical.HierarchicalTestExecutor.execute(HierarchicalTestExecutor.java:57)
	at org.junit.platform.engine.support.hierarchical.HierarchicalTestEngine.execute(HierarchicalTestEngine.java:54)
	at org.junit.platform.launcher.core.EngineExecutionOrchestrator.execute(EngineExecutionOrchestrator.java:107)
	at org.junit.platform.launcher.core.EngineExecutionOrchestrator.execute(EngineExecutionOrchestrator.java:88)
	at org.junit.platform.launcher.core.EngineExecutionOrchestrator.lambda$execute$0(EngineExecutionOrchestrator.java:54)
	at org.junit.platform.launcher.core.EngineExecutionOrchestrator.withInterceptedStreams(EngineExecutionOrchestrator.java:67)
	at org.junit.platform.launcher.core.EngineExecutionOrchestrator.execute(EngineExecutionOrchestrator.java:52)
	at org.junit.platform.launcher.core.DefaultLauncher.execute(DefaultLauncher.java:114)
	at org.junit.platform.launcher.core.DefaultLauncher.execute(DefaultLauncher.java:86)
	at org.junit.platform.launcher.core.DefaultLauncherSession$DelegatingLauncher.execute(DefaultLauncherSession.java:86)
	at org.junit.platform.launcher.core.SessionPerRequestLauncher.execute(SessionPerRequestLauncher.java:53)
	at org.apache.maven.surefire.junitplatform.JUnitPlatformProvider.invokeAllTests(JUnitPlatformProvider.java:165)
	at org.apache.maven.surefire.junitplatform.JUnitPlatformProvider.invoke(JUnitPlatformProvider.java:124)
	at org.apache.maven.surefire.booter.ForkedBooter.runSuitesInProcess(ForkedBooter.java:428)
	at org.apache.maven.surefire.booter.ForkedBooter.execute(ForkedBooter.java:162)
	at org.apache.maven.surefire.booter.ForkedBooter.run(ForkedBooter.java:562)
	at org.apache.maven.surefire.booter.ForkedBooter.main(ForkedBooter.java:548)
]]></stackTrace>
      <system-out><![CDATA[2022-12-23 07:23:42,433 [Listener at 127.0.0.1/40955] WARN  server.ServerUtils (ServerUtils.java:getScmDbDir(148)) - ozone.scm.db.dirs is not configured. We recommend adding this setting. Falling back to ozone.metadata.dirs instead.
2022-12-23 07:23:42,436 [Listener at 127.0.0.1/40955] WARN  server.ServerUtils (ServerUtils.java:getScmDbDir(148)) - ozone.scm.db.dirs is not configured. We recommend adding this setting. Falling back to ozone.metadata.dirs instead.
2022-12-23 07:23:42,437 [Listener at 127.0.0.1/40955] INFO  ha.SCMHANodeDetails (SCMHANodeDetails.java:loadSCMHAConfig(209)) - ServiceID for StorageContainerManager is null
2022-12-23 07:23:42,437 [Listener at 127.0.0.1/40955] INFO  ha.SCMHANodeDetails (SCMHANodeDetails.java:loadSCMHAConfig(214)) - ozone.scm.default.service.id is not defined, falling back to ozone.scm.service.ids to find serviceID for StorageContainerManager if it is HA enabled cluster
2022-12-23 07:23:42,438 [Listener at 127.0.0.1/40955] WARN  utils.HAUtils (HAUtils.java:getMetaDir(342)) - ozone.scm.db.dirs is not configured. We recommend adding this setting. Falling back to ozone.metadata.dirs instead.
2022-12-23 07:23:42,438 [Listener at 127.0.0.1/40955] WARN  db.DBStoreBuilder (DBStoreBuilder.java:applyDBDefinition(144)) - ozone.scm.db.dirs is not configured. We recommend adding this setting. Falling back to ozone.metadata.dirs instead.
2022-12-23 07:23:42,546 [Listener at 127.0.0.1/40955] INFO  net.NodeSchemaLoader (NodeSchemaLoader.java:loadSchemaFromFile(129)) - Loading schema from [jar:file:/home/runner/.m2/repository/org/apache/ozone/hdds-common/1.3.0-SNAPSHOT/hdds-common-1.3.0-SNAPSHOT.jar!/network-topology-default.xml]
2022-12-23 07:23:42,546 [Listener at 127.0.0.1/40955] INFO  net.NodeSchemaLoader (NodeSchemaLoader.java:loadSchema(176)) - Loading network topology layer schema file
2022-12-23 07:23:42,549 [Listener at 127.0.0.1/40955] INFO  upgrade.AbstractLayoutVersionManager (AbstractLayoutVersionManager.java:init(83)) - Initializing Layout version manager with metadata layout = DATANODE_SCHEMA_V3 (version = 4), software layout = DATANODE_SCHEMA_V3 (version = 4)
2022-12-23 07:23:42,614 [Listener at 127.0.0.1/40955] INFO  reflections.Reflections (Reflections.java:scan(232)) - Reflections took 64 ms to scan 7 urls, producing 146 keys and 348 values 
2022-12-23 07:23:42,616 [Listener at 127.0.0.1/40955] INFO  ha.SequenceIdGenerator (SequenceIdGenerator.java:upgradeToSequenceId(349)) - upgrade localId to 109611004723200000
2022-12-23 07:23:42,616 [Listener at 127.0.0.1/40955] INFO  ha.SequenceIdGenerator (SequenceIdGenerator.java:upgradeToSequenceId(359)) - upgrade delTxnId to 0
2022-12-23 07:23:42,617 [Listener at 127.0.0.1/40955] INFO  ha.SequenceIdGenerator (SequenceIdGenerator.java:upgradeToSequenceId(376)) - upgrade containerId to 0
2022-12-23 07:23:42,617 [Listener at 127.0.0.1/40955] INFO  ha.SequenceIdGenerator (SequenceIdGenerator.java:<init>(220)) - Init the HA SequenceIdGenerator.
2022-12-23 07:23:42,617 [Listener at 127.0.0.1/40955] WARN  server.ServerUtils (ServerUtils.java:sanitizeUserArgs(73)) - ozone.scm.stale.node.interval value = 300000 is larger than max = 100000 based on the key value of ozone.scm.heartbeat.thread.interval, reset to the max value 100000.
2022-12-23 07:23:42,617 [Listener at 127.0.0.1/40955] WARN  server.ServerUtils (ServerUtils.java:sanitizeUserArgs(73)) - ozone.scm.stale.node.interval value = 300000 is larger than max = 100000 based on the key value of ozone.scm.heartbeat.thread.interval, reset to the max value 100000.
2022-12-23 07:23:42,618 [Listener at 127.0.0.1/40955] INFO  node.SCMNodeManager (SCMNodeManager.java:<init>(149)) - Entering startup safe mode.
2022-12-23 07:23:42,618 [Listener at 127.0.0.1/40955] INFO  algorithms.ContainerPlacementPolicyFactory (ContainerPlacementPolicyFactory.java:getPolicyInternal(86)) - Create container placement policy of type org.apache.hadoop.hdds.scm.container.placement.algorithms.SCMContainerPlacementRandom
2022-12-23 07:23:42,618 [Listener at 127.0.0.1/40955] INFO  algorithms.ContainerPlacementPolicyFactory (ContainerPlacementPolicyFactory.java:getPolicyInternal(86)) - Create container placement policy of type org.apache.hadoop.hdds.scm.container.placement.algorithms.SCMContainerPlacementRackScatter
2022-12-23 07:23:42,618 [Listener at 127.0.0.1/40955] INFO  pipeline.PipelineStateManagerImpl (PipelineStateManagerImpl.java:initialize(78)) - No pipeline exists in current db
2022-12-23 07:23:42,619 [Listener at 127.0.0.1/40955] INFO  algorithms.LeaderChoosePolicyFactory (LeaderChoosePolicyFactory.java:getPolicy(57)) - Create leader choose policy of type org.apache.hadoop.hdds.scm.pipeline.leader.choose.algorithms.MinLeaderCountChoosePolicy
2022-12-23 07:23:42,619 [Listener at 127.0.0.1/40955] INFO  algorithms.ContainerPlacementPolicyFactory (ContainerPlacementPolicyFactory.java:getPolicyInternal(86)) - Create container placement policy of type org.apache.hadoop.hdds.scm.container.placement.algorithms.SCMContainerPlacementRackScatter
2022-12-23 07:23:42,619 [Listener at 127.0.0.1/40955] INFO  ha.SCMServiceManager (SCMServiceManager.java:register(42)) - Registering service BackgroundPipelineCreator.
2022-12-23 07:23:42,619 [Listener at 127.0.0.1/40955] INFO  pipeline.BackgroundPipelineCreator (BackgroundPipelineCreator.java:start(124)) - Starting RatisPipelineUtilsThread.
2022-12-23 07:23:42,620 [Listener at 127.0.0.1/40955] INFO  BackgroundPipelineScrubber (BackgroundSCMService.java:start(68)) - Starting BackgroundPipelineScrubber Service.
2022-12-23 07:23:42,620 [Listener at 127.0.0.1/40955] INFO  ha.SCMServiceManager (SCMServiceManager.java:register(42)) - Registering service BackgroundPipelineScrubber.
2022-12-23 07:23:42,620 [Listener at 127.0.0.1/40955] INFO  ExpiredContainerReplicaOpScrubber (BackgroundSCMService.java:start(68)) - Starting ExpiredContainerReplicaOpScrubber Service.
2022-12-23 07:23:42,620 [Listener at 127.0.0.1/40955] INFO  ha.SCMServiceManager (SCMServiceManager.java:register(42)) - Registering service ExpiredContainerReplicaOpScrubber.
2022-12-23 07:23:42,624 [Listener at 127.0.0.1/40955] INFO  algorithms.PipelineChoosePolicyFactory (PipelineChoosePolicyFactory.java:createPipelineChoosePolicyFromClass(73)) - Create pipeline choose policy of type org.apache.hadoop.hdds.scm.pipeline.choose.algorithms.RandomPipelineChoosePolicy
2022-12-23 07:23:42,624 [Listener at 127.0.0.1/40955] INFO  ha.SCMServiceManager (SCMServiceManager.java:register(42)) - Registering service SCMBlockDeletingService.
2022-12-23 07:23:42,624 [Listener at 127.0.0.1/40955] INFO  replication.ReplicationManager (ReplicationManager.java:start(261)) - Starting Replication Monitor Thread.
2022-12-23 07:23:42,625 [Listener at 127.0.0.1/40955] INFO  ha.SCMServiceManager (SCMServiceManager.java:register(42)) - Registering service ReplicationManager.
2022-12-23 07:23:42,629 [ReplicationMonitor] INFO  replication.ReplicationManager (ReplicationManager.java:processAll(330)) - Replication Manager is not ready to run until 3000ms after safemode exit
2022-12-23 07:23:42,629 [Listener at 127.0.0.1/40955] INFO  safemode.ContainerSafeModeRule (ContainerSafeModeRule.java:<init>(89)) - containers with one replica threshold count 0
2022-12-23 07:23:42,630 [Listener at 127.0.0.1/40955] INFO  safemode.HealthyPipelineSafeModeRule (HealthyPipelineSafeModeRule.java:initializeRule(169)) - Total pipeline count is 0, healthy pipeline threshold count is 1
2022-12-23 07:23:42,630 [Listener at 127.0.0.1/40955] INFO  safemode.OneReplicaPipelineSafeModeRule (OneReplicaPipelineSafeModeRule.java:initializeRule(180)) - Total pipeline count is 0, pipeline's with at least one datanode reported threshold count is 0
2022-12-23 07:23:42,630 [Listener at 127.0.0.1/40955] INFO  ipc.CallQueueManager (CallQueueManager.java:<init>(90)) - Using callQueue: class java.util.concurrent.LinkedBlockingQueue, queueCapacity: 2000, scheduler: class org.apache.hadoop.ipc.DefaultRpcScheduler, ipcBackoff: false.
2022-12-23 07:23:42,631 [Socket Reader #1 for port 0] INFO  ipc.Server (Server.java:run(1273)) - Starting Socket Reader #1 for port 0
2022-12-23 07:23:42,632 [Listener at 0.0.0.0/34013] INFO  ipc.CallQueueManager (CallQueueManager.java:<init>(90)) - Using callQueue: class java.util.concurrent.LinkedBlockingQueue, queueCapacity: 2000, scheduler: class org.apache.hadoop.ipc.DefaultRpcScheduler, ipcBackoff: false.
2022-12-23 07:23:42,632 [Socket Reader #1 for port 0] INFO  ipc.Server (Server.java:run(1273)) - Starting Socket Reader #1 for port 0
2022-12-23 07:23:42,633 [Listener at 0.0.0.0/36863] INFO  ipc.CallQueueManager (CallQueueManager.java:<init>(90)) - Using callQueue: class java.util.concurrent.LinkedBlockingQueue, queueCapacity: 2000, scheduler: class org.apache.hadoop.ipc.DefaultRpcScheduler, ipcBackoff: false.
2022-12-23 07:23:42,633 [Socket Reader #1 for port 0] INFO  ipc.Server (Server.java:run(1273)) - Starting Socket Reader #1 for port 0
2022-12-23 07:23:42,645 [Listener at 0.0.0.0/43965] INFO  ha.SCMServiceManager (SCMServiceManager.java:register(42)) - Registering service ContainerBalancer.
2022-12-23 07:23:42,646 [Listener at 0.0.0.0/43965] INFO  server.StorageContainerManager (StorageContainerManager.java:<init>(398)) - 
Container Balancer status:
Key                            Value
Running                        true
Container Balancer Configuration values:
Key                                                Value
Threshold                                          10
Max Datanodes to Involve per Iteration(percent)    20
Max Size to Move per Iteration                     500GB
Max Size Entering Target per Iteration             26GB
Max Size Leaving Source per Iteration              26GB

2022-12-23 07:23:42,646 [Listener at 0.0.0.0/43965] INFO  ha.SCMContext (SCMContext.java:updateSafeModeStatus(228)) - Update SafeModeStatus from SafeModeStatus{safeModeStatus=true, preCheckPassed=false} to SafeModeStatus{safeModeStatus=true, preCheckPassed=false}.
2022-12-23 07:23:42,646 [Listener at 0.0.0.0/43965] INFO  server.StorageContainerManager (StorageContainerManager.java:start(1423)) - StorageContainerLocationProtocol RPC server is listening at /0.0.0.0:43965
2022-12-23 07:23:42,647 [Listener at 0.0.0.0/43965] WARN  impl.MetricsConfig (MetricsConfig.java:loadFirst(136)) - Cannot locate configuration: tried hadoop-metrics2-storagecontainermanager.properties,hadoop-metrics2.properties
2022-12-23 07:23:42,648 [Listener at 0.0.0.0/43965] INFO  impl.MetricsSystemImpl (MetricsSystemImpl.java:startTimer(378)) - Scheduled Metric snapshot period at 10 second(s).
2022-12-23 07:23:42,648 [Listener at 0.0.0.0/43965] INFO  impl.MetricsSystemImpl (MetricsSystemImpl.java:start(191)) - StorageContainerManager metrics system started
2022-12-23 07:23:42,659 [Listener at 0.0.0.0/43965] INFO  impl.MetricsSinkAdapter (MetricsSinkAdapter.java:start(204)) - Sink prometheus started
2022-12-23 07:23:42,659 [Listener at 0.0.0.0/43965] INFO  impl.MetricsSystemImpl (MetricsSystemImpl.java:registerSink(305)) - Registered sink prometheus
2022-12-23 07:23:42,683 [Listener at 0.0.0.0/43965] INFO  server.SCMClientProtocolServer (SCMClientProtocolServer.java:start(170)) - RPC server for Client  is listening at /0.0.0.0:43965
2022-12-23 07:23:42,683 [IPC Server Responder] INFO  ipc.Server (Server.java:run(1512)) - IPC Server Responder: starting
2022-12-23 07:23:42,685 [IPC Server listener on 0] INFO  ipc.Server (Server.java:run(1352)) - IPC Server listener on 0: starting
2022-12-23 07:23:42,697 [Listener at 0.0.0.0/43965] INFO  server.StorageContainerManager (StorageContainerManager.java:start(1437)) - ScmBlockLocationProtocol RPC server is listening at /0.0.0.0:36863
2022-12-23 07:23:42,697 [Listener at 0.0.0.0/43965] INFO  server.SCMBlockProtocolServer (SCMBlockProtocolServer.java:start(152)) - RPC server for Block Protocol is listening at /0.0.0.0:36863
2022-12-23 07:23:42,697 [IPC Server Responder] INFO  ipc.Server (Server.java:run(1512)) - IPC Server Responder: starting
2022-12-23 07:23:42,697 [IPC Server listener on 0] INFO  ipc.Server (Server.java:run(1352)) - IPC Server listener on 0: starting
2022-12-23 07:23:42,699 [Listener at 0.0.0.0/43965] INFO  server.SCMDatanodeProtocolServer (SCMDatanodeProtocolServer.java:start(194)) - ScmDatanodeProtocol RPC server for DataNodes is listening at /0.0.0.0:34013
2022-12-23 07:23:42,699 [IPC Server Responder] INFO  ipc.Server (Server.java:run(1512)) - IPC Server Responder: starting
2022-12-23 07:23:42,700 [IPC Server listener on 0] INFO  ipc.Server (Server.java:run(1352)) - IPC Server listener on 0: starting
2022-12-23 07:23:42,704 [Listener at 0.0.0.0/43965] INFO  http.BaseHttpServer (BaseHttpServer.java:newHttpServer2BuilderForOzone(213)) - Starting Web-server for scm at: http://0.0.0.0:0
2022-12-23 07:23:42,704 [Listener at 0.0.0.0/43965] INFO  http.BaseHttpServer (BaseHttpServer.java:<init>(108)) - Hadoop Security Enabled: false Ozone Security Enabled: false Ozone HTTP Security Enabled: false 
2022-12-23 07:23:42,705 [Listener at 0.0.0.0/43965] WARN  server.AuthenticationFilter (AuthenticationFilter.java:constructSecretProvider(240)) - Unable to initialize FileSignerSecretProvider, falling back to use random secrets. Reason: Could not read signature secret file: /home/runner/hadoop-http-auth-signature-secret
2022-12-23 07:23:42,706 [org.apache.hadoop.util.JvmPauseMonitor$Monitor@71e4ec42] INFO  util.JvmPauseMonitor (JvmPauseMonitor.java:run(188)) - Starting JVM pause monitor
2022-12-23 07:23:42,707 [Listener at 0.0.0.0/43965] WARN  http.HttpRequestLog (HttpRequestLog.java:getRequestLog(103)) - Jetty request log can only be enabled using Log4j
2022-12-23 07:23:42,711 [Listener at 0.0.0.0/43965] INFO  http.HttpServer2 (HttpServer2.java:addGlobalFilter(1031)) - Added global filter 'safety' (class=org.apache.hadoop.hdds.server.http.HttpServer2$QuotingInputFilter)
2022-12-23 07:23:42,712 [Listener at 0.0.0.0/43965] INFO  http.HttpServer2 (HttpServer2.java:addFilter(1007)) - Added filter static_user_filter (class=org.apache.hadoop.http.lib.StaticUserWebFilter$StaticUserFilter) to context scm
2022-12-23 07:23:42,712 [Listener at 0.0.0.0/43965] INFO  http.HttpServer2 (HttpServer2.java:addFilter(1015)) - Added filter static_user_filter (class=org.apache.hadoop.http.lib.StaticUserWebFilter$StaticUserFilter) to context logs
2022-12-23 07:23:42,712 [Listener at 0.0.0.0/43965] INFO  http.HttpServer2 (HttpServer2.java:addFilter(1015)) - Added filter static_user_filter (class=org.apache.hadoop.http.lib.StaticUserWebFilter$StaticUserFilter) to context static
2022-12-23 07:23:42,712 [Listener at 0.0.0.0/43965] INFO  http.HttpServer2 (HttpServer2.java:bindListener(1250)) - Jetty bound to port 46357
2022-12-23 07:23:42,713 [Listener at 0.0.0.0/43965] INFO  server.Server (Server.java:doStart(375)) - jetty-9.4.49.v20220914; built: 2022-09-14T01:07:36.601Z; git: 4231a3b2e4cb8548a412a789936d640a97b1aa0a; jvm 1.8.0_352-b08
2022-12-23 07:23:42,719 [Listener at 0.0.0.0/43965] INFO  server.session (DefaultSessionIdManager.java:doStart(334)) - DefaultSessionIdManager workerName=node0
2022-12-23 07:23:42,719 [Listener at 0.0.0.0/43965] INFO  server.session (DefaultSessionIdManager.java:doStart(339)) - No SessionScavenger set, using defaults
2022-12-23 07:23:42,719 [Listener at 0.0.0.0/43965] INFO  server.session (HouseKeeper.java:startScavenging(132)) - node0 Scavenging every 600000ms
2022-12-23 07:23:42,720 [Listener at 0.0.0.0/43965] INFO  handler.ContextHandler (ContextHandler.java:doStart(921)) - Started o.e.j.s.ServletContextHandler@745f943f{logs,/logs,file:///home/runner/work/ozone/ozone/hadoop-ozone/integration-test/target/log,AVAILABLE}
2022-12-23 07:23:42,720 [Listener at 0.0.0.0/43965] INFO  handler.ContextHandler (ContextHandler.java:doStart(921)) - Started o.e.j.s.ServletContextHandler@364e3a12{static,/static,file:///home/runner/work/ozone/ozone/hadoop-ozone/integration-test/target/test-classes/webapps/static,AVAILABLE}
2022-12-23 07:23:42,723 [Listener at 0.0.0.0/43965] INFO  handler.ContextHandler (ContextHandler.java:doStart(921)) - Started o.e.j.w.WebAppContext@7f2d258a{scm,/,file:///home/runner/work/ozone/ozone/hadoop-ozone/integration-test/target/test-classes/webapps/scm/,AVAILABLE}{file:/home/runner/work/ozone/ozone/hadoop-ozone/integration-test/target/test-classes/webapps/scm}
2022-12-23 07:23:42,725 [Listener at 0.0.0.0/43965] INFO  server.AbstractConnector (AbstractConnector.java:doStart(333)) - Started ServerConnector@722a04ae{HTTP/1.1, (http/1.1)}{0.0.0.0:46357}
2022-12-23 07:23:42,725 [Listener at 0.0.0.0/43965] INFO  server.Server (Server.java:doStart(415)) - Started @123684ms
2022-12-23 07:23:42,725 [Listener at 0.0.0.0/43965] WARN  impl.MetricsSystemImpl (MetricsSystemImpl.java:register(279)) - Sink prometheus already exists!
2022-12-23 07:23:42,726 [Listener at 0.0.0.0/43965] INFO  http.BaseHttpServer (BaseHttpServer.java:updateConnectorAddress(333)) - HTTP server of scm listening at http://0.0.0.0:46357
2022-12-23 07:23:42,726 [Listener at 0.0.0.0/43965] WARN  server.ServerUtils (ServerUtils.java:getDBPath(225)) - ozone.om.db.dirs is not configured. We recommend adding this setting. Falling back to ozone.metadata.dirs instead.
2022-12-23 07:23:42,728 [Listener at 0.0.0.0/43965] INFO  ha.OMHANodeDetails (OMHANodeDetails.java:loadOMHAConfig(115)) - ozone.om.internal.service.id is not defined, falling back to ozone.om.service.ids to find serviceID for OzoneManager if it is HA enabled cluster
2022-12-23 07:23:42,729 [Listener at 0.0.0.0/43965] INFO  ha.OMHANodeDetails (OMHANodeDetails.java:loadOMHAConfig(226)) - Configuration does not have ozone.om.address set. Falling back to the default OM address /127.0.0.1:0
2022-12-23 07:23:42,729 [Listener at 0.0.0.0/43965] INFO  ha.OMHANodeDetails (OMHANodeDetails.java:getOMNodeDetailsForNonHA(254)) - OM Service ID is not set. Setting it to the default ID: omServiceIdDefault
2022-12-23 07:23:42,729 [Listener at 0.0.0.0/43965] INFO  ha.OMHANodeDetails (OMHANodeDetails.java:getOMNodeDetailsForNonHA(261)) - OM Node ID is not set. Setting it to the default ID: om1
2022-12-23 07:23:42,729 [Listener at 0.0.0.0/43965] WARN  server.ServerUtils (ServerUtils.java:getDBPath(225)) - ozone.om.db.dirs is not configured. We recommend adding this setting. Falling back to ozone.metadata.dirs instead.
2022-12-23 07:23:42,730 [Listener at 0.0.0.0/43965] INFO  upgrade.AbstractLayoutVersionManager (AbstractLayoutVersionManager.java:init(83)) - Initializing Layout version manager with metadata layout = MULTITENANCY_SCHEMA (version = 3), software layout = MULTITENANCY_SCHEMA (version = 3)
2022-12-23 07:23:42,809 [Listener at 0.0.0.0/43965] INFO  reflections.Reflections (Reflections.java:scan(232)) - Reflections took 79 ms to scan 2 urls, producing 154 keys and 428 values [using 2 cores]
2022-12-23 07:23:42,810 [Listener at 0.0.0.0/43965] INFO  upgrade.OMLayoutVersionManager (OMLayoutVersionManager.java:lambda$0(115)) - Skipping Upgrade Action MockOmUpgradeAction since it has been finalized.
2022-12-23 07:23:42,810 [Listener at 0.0.0.0/43965] WARN  server.ServerUtils (ServerUtils.java:getDBPath(225)) - ozone.om.db.dirs is not configured. We recommend adding this setting. Falling back to ozone.metadata.dirs instead.
2022-12-23 07:23:42,810 [Listener at 0.0.0.0/43965] INFO  proxy.SCMBlockLocationFailoverProxyProvider (SCMBlockLocationFailoverProxyProvider.java:<init>(114)) - Created block location fail-over proxy with 1 nodes: [nodeId=scmNodeId,nodeAddress=/0.0.0.0:36863]
2022-12-23 07:23:42,812 [Listener at 0.0.0.0/43965] INFO  proxy.SCMBlockLocationFailoverProxyProvider (SCMBlockLocationFailoverProxyProvider.java:<init>(114)) - Created block location fail-over proxy with 1 nodes: [nodeId=scmNodeId,nodeAddress=/0.0.0.0:36863]
2022-12-23 07:23:42,819 [Listener at 0.0.0.0/43965] WARN  server.ServerUtils (ServerUtils.java:getDBPath(225)) - ozone.om.db.dirs is not configured. We recommend adding this setting. Falling back to ozone.metadata.dirs instead.
2022-12-23 07:23:42,819 [Listener at 0.0.0.0/43965] INFO  codec.OmKeyInfoCodec (OmKeyInfoCodec.java:<init>(49)) - OmKeyInfoCodec ignorePipeline = true
2022-12-23 07:23:42,820 [Listener at 0.0.0.0/43965] INFO  codec.RepeatedOmKeyInfoCodec (RepeatedOmKeyInfoCodec.java:<init>(41)) - RepeatedOmKeyInfoCodec ignorePipeline = true
2022-12-23 07:23:43,008 [Listener at 0.0.0.0/43965] INFO  om.OzoneManager (OzoneManager.java:instantiateServices(717)) - S3 Multi-Tenancy is disabled
2022-12-23 07:23:43,015 [Listener at 0.0.0.0/43965] INFO  om.OzoneManager (OzoneManager.java:addS3GVolumeToDB(4402)) - Created Volume s3v With Owner runner required for S3Gateway operations.
2022-12-23 07:23:43,015 [Listener at 0.0.0.0/43965] WARN  server.ServerUtils (ServerUtils.java:getDefaultRatisDirectory(237)) - Storage directory for Ratis is not configured. It is a good idea to map this to an SSD disk. Falling back to ozone.metadata.dirs
2022-12-23 07:23:43,016 [Listener at 0.0.0.0/43965] WARN  utils.OzoneManagerRatisUtils (OzoneManagerRatisUtils.java:getOMRatisSnapshotDirectory(434)) - ozone.om.ratis.snapshot.dir is not configured. Falling back to ozone.metadata.dirs config
2022-12-23 07:23:43,016 [Listener at 0.0.0.0/43965] WARN  server.ServerUtils (ServerUtils.java:getDefaultRatisDirectory(237)) - Storage directory for Ratis is not configured. It is a good idea to map this to an SSD disk. Falling back to ozone.metadata.dirs
2022-12-23 07:23:43,020 [Listener at 0.0.0.0/43965] INFO  ratis.OzoneManagerRatisServer (OzoneManagerRatisServer.java:<init>(160)) - Instantiating OM Ratis server with groupID: omServiceIdDefault and peers: localhost:9872
2022-12-23 07:23:43,022 [Listener at 0.0.0.0/43965] INFO  ratis.OzoneManagerStateMachine (OzoneManagerStateMachine.java:loadSnapshotInfoFromDB(636)) - LastAppliedIndex is set from TransactionInfo from OM DB as (t:0, i:~)
2022-12-23 07:23:43,023 [Listener at 0.0.0.0/43965] INFO  server.RaftServer (ConfUtils.java:logGet(46)) - raft.rpc.type = GRPC (default)
2022-12-23 07:23:43,023 [Listener at 0.0.0.0/43965] INFO  grpc.GrpcConfigKeys (ConfUtils.java:logFallback(53)) - raft.grpc.admin.host = null (fallback to raft.grpc.server.host)
2022-12-23 07:23:43,023 [Listener at 0.0.0.0/43965] INFO  grpc.GrpcConfigKeys (ConfUtils.java:logFallback(53)) - raft.grpc.admin.port = 9872 (fallback to raft.grpc.server.port)
2022-12-23 07:23:43,023 [Listener at 0.0.0.0/43965] INFO  grpc.GrpcConfigKeys (ConfUtils.java:logFallback(53)) - raft.grpc.client.host = null (fallback to raft.grpc.server.host)
2022-12-23 07:23:43,023 [Listener at 0.0.0.0/43965] INFO  grpc.GrpcConfigKeys (ConfUtils.java:logFallback(53)) - raft.grpc.client.port = 9872 (fallback to raft.grpc.server.port)
2022-12-23 07:23:43,023 [Listener at 0.0.0.0/43965] INFO  grpc.GrpcConfigKeys (ConfUtils.java:logGet(46)) - raft.grpc.server.host = null (default)
2022-12-23 07:23:43,023 [Listener at 0.0.0.0/43965] INFO  grpc.GrpcConfigKeys (ConfUtils.java:logGet(46)) - raft.grpc.server.port = 9872 (custom)
2022-12-23 07:23:43,024 [Listener at 0.0.0.0/43965] INFO  server.GrpcService (ConfUtils.java:logGet(46)) - raft.grpc.message.size.max = 33554432 (custom)
2022-12-23 07:23:43,024 [Listener at 0.0.0.0/43965] INFO  server.RaftServerConfigKeys (ConfUtils.java:logGet(46)) - raft.server.log.appender.buffer.byte-limit = 33554432 (custom)
2022-12-23 07:23:43,024 [Listener at 0.0.0.0/43965] INFO  server.GrpcService (ConfUtils.java:logGet(46)) - raft.grpc.flow.control.window = 1MB (=1048576) (default)
2022-12-23 07:23:43,024 [Listener at 0.0.0.0/43965] INFO  server.RaftServerConfigKeys (ConfUtils.java:logGet(46)) - raft.server.rpc.request.timeout = 3000ms (default)
2022-12-23 07:23:43,024 [Listener at 0.0.0.0/43965] INFO  grpc.GrpcConfigKeys (ConfUtils.java:logGet(46)) - raft.grpc.server.heartbeat.channel = true (default)
2022-12-23 07:23:43,024 [Listener at 0.0.0.0/43965] INFO  grpc.GrpcConfigKeys (ConfUtils.java:logGet(46)) - raft.grpc.server.async.request.thread.pool.cached = true (default)
2022-12-23 07:23:43,024 [Listener at 0.0.0.0/43965] INFO  grpc.GrpcConfigKeys (ConfUtils.java:logGet(46)) - raft.grpc.server.async.request.thread.pool.size = 32 (default)
2022-12-23 07:23:43,026 [Listener at 0.0.0.0/43965] INFO  impl.DataStreamServerImpl (ConfUtils.java:logGet(46)) - raft.datastream.type = NETTY (custom)
2022-12-23 07:23:43,027 [Listener at 0.0.0.0/43965] INFO  server.RaftServerConfigKeys (ConfUtils.java:logGet(46)) - raft.server.data-stream.async.request.thread.pool.cached = false (default)
2022-12-23 07:23:43,027 [Listener at 0.0.0.0/43965] INFO  server.RaftServerConfigKeys (ConfUtils.java:logGet(46)) - raft.server.data-stream.async.request.thread.pool.size = 32 (default)
2022-12-23 07:23:43,027 [Listener at 0.0.0.0/43965] INFO  server.RaftServerConfigKeys (ConfUtils.java:logGet(46)) - raft.server.data-stream.async.write.thread.pool.size = 16 (default)
2022-12-23 07:23:43,027 [Listener at 0.0.0.0/43965] INFO  server.RaftServerConfigKeys (ConfUtils.java:logGet(46)) - raft.server.data-stream.client.pool.size = 10 (default)
2022-12-23 07:23:43,027 [Listener at 0.0.0.0/43965] INFO  netty.NettyConfigKeys$DataStream (ConfUtils.java:logGet(46)) - raft.netty.dataStream.server.use-epoll = false (default)
2022-12-23 07:23:43,027 [Listener at 0.0.0.0/43965] INFO  netty.NettyConfigKeys$DataStream (ConfUtils.java:logGet(46)) - raft.netty.dataStream.server.boss-group.size = 0 (default)
2022-12-23 07:23:43,028 [Listener at 0.0.0.0/43965] INFO  netty.NettyConfigKeys$DataStream (ConfUtils.java:logGet(46)) - raft.netty.dataStream.server.worker-group.size = 0 (default)
2022-12-23 07:23:43,028 [Listener at 0.0.0.0/43965] INFO  netty.NettyConfigKeys$DataStream (ConfUtils.java:logGet(46)) - raft.netty.dataStream.server.tls.conf = null (default)
2022-12-23 07:23:43,028 [Listener at 0.0.0.0/43965] INFO  netty.NettyConfigKeys$DataStream (ConfUtils.java:logGet(46)) - raft.netty.dataStream.host = null (default)
2022-12-23 07:23:43,028 [Listener at 0.0.0.0/43965] INFO  netty.NettyConfigKeys$DataStream (ConfUtils.java:logGet(46)) - raft.netty.dataStream.port = 0 (default)
2022-12-23 07:23:43,029 [Listener at 0.0.0.0/43965] INFO  server.RaftServerConfigKeys (ConfUtils.java:logGet(46)) - raft.server.threadpool.proxy.cached = true (default)
2022-12-23 07:23:43,029 [Listener at 0.0.0.0/43965] INFO  server.RaftServerConfigKeys (ConfUtils.java:logGet(46)) - raft.server.threadpool.proxy.size = 0 (default)
2022-12-23 07:23:43,029 [om1-NettyServerStreamRpc-bossGroup--thread1] INFO  logging.LoggingHandler (AbstractInternalLogger.java:log(148)) - [id: 0x15e2953c] REGISTERED
2022-12-23 07:23:43,030 [Listener at 0.0.0.0/43965] INFO  server.RaftServerConfigKeys (ConfUtils.java:logGet(46)) - raft.server.rpc.slowness.timeout = 120s (custom)
2022-12-23 07:23:43,030 [om1-NettyServerStreamRpc-bossGroup--thread1] INFO  logging.LoggingHandler (AbstractInternalLogger.java:log(148)) - [id: 0x15e2953c] BIND: 0.0.0.0/0.0.0.0:0
2022-12-23 07:23:43,030 [Listener at 0.0.0.0/43965] INFO  server.RaftServerConfigKeys (ConfUtils.java:logGet(46)) - raft.server.leaderelection.leader.step-down.wait-time = 10s (default)
2022-12-23 07:23:43,031 [om1-NettyServerStreamRpc-bossGroup--thread1] INFO  logging.LoggingHandler (AbstractInternalLogger.java:log(148)) - [id: 0x15e2953c, L:/0:0:0:0:0:0:0:0:44255] ACTIVE
2022-12-23 07:23:43,031 [Listener at 0.0.0.0/43965] INFO  server.RaftServerConfigKeys (ConfUtils.java:logGet(46)) - raft.server.storage.dir = [/home/runner/work/ozone/ozone/hadoop-ozone/integration-test/target/test-dir/MiniOzoneClusterImpl-ba7f31e0-0b52-47fc-8fdc-dbbc4e827165/ozone-meta/ratis] (custom)
2022-12-23 07:23:43,031 [Listener at 0.0.0.0/43965] INFO  server.RaftServer (RaftServerProxy.java:addNew(96)) - om1: addNew group-C5BA1605619E:[om1|rpc:localhost:9872|priority:0|startupRole:FOLLOWER] returns group-C5BA1605619E:java.util.concurrent.CompletableFuture@1f3050a6[Not completed]
2022-12-23 07:23:43,031 [pool-781-thread-1] INFO  server.RaftServer$Division (RaftServerImpl.java:<init>(195)) - om1: new RaftServerImpl for group-C5BA1605619E:[om1|rpc:localhost:9872|priority:0|startupRole:FOLLOWER] with OzoneManagerStateMachine:uninitialized
2022-12-23 07:23:43,031 [Listener at 0.0.0.0/43965] INFO  om.OzoneManager (OzoneManager.java:initializeRatisServer(1979)) - OzoneManager Ratis server initialized at port 9872
2022-12-23 07:23:43,032 [pool-781-thread-1] INFO  server.RaftServerConfigKeys (ConfUtils.java:logGet(46)) - raft.server.rpc.timeout.min = 1s (custom)
2022-12-23 07:23:43,032 [pool-781-thread-1] INFO  server.RaftServerConfigKeys (ConfUtils.java:logGet(46)) - raft.server.rpc.timeout.max = 1200ms (custom)
2022-12-23 07:23:43,032 [pool-781-thread-1] INFO  server.RaftServerConfigKeys (ConfUtils.java:logGet(46)) - raft.server.rpc.sleep.time = 25ms (default)
2022-12-23 07:23:43,032 [pool-781-thread-1] INFO  server.RaftServerConfigKeys (ConfUtils.java:logGet(46)) - raft.server.rpc.slowness.timeout = 120s (custom)
2022-12-23 07:23:43,032 [pool-781-thread-1] INFO  server.RaftServerConfigKeys (ConfUtils.java:logGet(46)) - raft.server.leaderelection.leader.step-down.wait-time = 10s (default)
2022-12-23 07:23:43,032 [pool-781-thread-1] INFO  server.RaftServerConfigKeys (ConfUtils.java:logGet(46)) - raft.server.sleep.deviation.threshold = 300ms (default)
2022-12-23 07:23:43,032 [pool-781-thread-1] INFO  server.RaftServer$Division (ServerState.java:<init>(118)) - om1@group-C5BA1605619E: ConfigurationManager, init=-1: peers:[om1|rpc:localhost:9872|priority:0|startupRole:FOLLOWER]|listeners:[], old=null, confs=<EMPTY_MAP>
2022-12-23 07:23:43,032 [pool-781-thread-1] INFO  server.RaftServerConfigKeys (ConfUtils.java:logGet(46)) - raft.server.storage.dir = [/home/runner/work/ozone/ozone/hadoop-ozone/integration-test/target/test-dir/MiniOzoneClusterImpl-ba7f31e0-0b52-47fc-8fdc-dbbc4e827165/ozone-meta/ratis] (custom)
2022-12-23 07:23:43,032 [pool-781-thread-1] INFO  server.RaftServerConfigKeys (ConfUtils.java:logGet(46)) - raft.server.log.corruption.policy = EXCEPTION (default)
2022-12-23 07:23:43,032 [pool-781-thread-1] INFO  server.RaftServerConfigKeys (ConfUtils.java:logGet(46)) - raft.server.storage.free-space.min = 0MB (=0) (default)
2022-12-23 07:23:43,032 [Listener at 0.0.0.0/43965] INFO  om.OzoneManager (OzoneManager.java:getRpcServer(1106)) - Creating RPC Server
2022-12-23 07:23:43,032 [pool-781-thread-1] INFO  server.RaftServerConfigKeys (ConfUtils.java:logGet(46)) - raft.server.notification.no-leader.timeout = 120s (custom)
2022-12-23 07:23:43,033 [pool-781-thread-1] INFO  server.RaftServerConfigKeys (ConfUtils.java:logGet(46)) - raft.server.retrycache.expirytime = 300s (custom)
2022-12-23 07:23:43,033 [pool-781-thread-1] INFO  server.RaftServerConfigKeys (ConfUtils.java:logGet(46)) - raft.server.retrycache.statistics.expirytime = 100μs (default)
2022-12-23 07:23:43,033 [pool-781-thread-1] INFO  server.RaftServerConfigKeys (ConfUtils.java:logGet(46)) - raft.server.log.appender.install.snapshot.enabled = false (custom)
2022-12-23 07:23:43,033 [pool-781-thread-1] INFO  server.RaftServerConfigKeys (ConfUtils.java:logGet(46)) - raft.server.threadpool.server.cached = true (default)
2022-12-23 07:23:43,033 [pool-781-thread-1] INFO  server.RaftServerConfigKeys (ConfUtils.java:logGet(46)) - raft.server.threadpool.server.size = 0 (default)
2022-12-23 07:23:43,033 [pool-781-thread-1] INFO  server.RaftServerConfigKeys (ConfUtils.java:logGet(46)) - raft.server.threadpool.client.cached = true (default)
2022-12-23 07:23:43,033 [pool-781-thread-1] INFO  server.RaftServerConfigKeys (ConfUtils.java:logGet(46)) - raft.server.threadpool.client.size = 0 (default)
2022-12-23 07:23:43,409 [Listener at 0.0.0.0/43965] INFO  reflections.Reflections (Reflections.java:scan(232)) - Reflections took 373 ms to scan 19 urls, producing 67 keys and 4514 values [using 2 cores]
2022-12-23 07:23:43,410 [Listener at 0.0.0.0/43965] INFO  ipc.CallQueueManager (CallQueueManager.java:<init>(90)) - Using callQueue: class java.util.concurrent.LinkedBlockingQueue, queueCapacity: 2000, scheduler: class org.apache.hadoop.ipc.DefaultRpcScheduler, ipcBackoff: false.
2022-12-23 07:23:43,411 [Socket Reader #1 for port 0] INFO  ipc.Server (Server.java:run(1273)) - Starting Socket Reader #1 for port 0
2022-12-23 07:23:43,431 [Listener at 127.0.0.1/40881] INFO  impl.MetricsSystemImpl (MetricsSystemImpl.java:init(158)) - OzoneManager metrics system started (again)
2022-12-23 07:23:43,442 [Listener at 127.0.0.1/40881] INFO  om.OzoneManager (OzoneManager.java:start(1486)) - OzoneManager RPC server is listening at localhost/127.0.0.1:40881
2022-12-23 07:23:43,442 [Listener at 127.0.0.1/40881] INFO  ratis.OzoneManagerRatisServer (OzoneManagerRatisServer.java:start(555)) - Starting OzoneManagerRatisServer om1 at port 9872
2022-12-23 07:23:43,443 [om1-impl-thread1] INFO  storage.RaftStorageDirectory (RaftStorageDirectoryImpl.java:analyzeStorage(137)) - The storage directory /home/runner/work/ozone/ozone/hadoop-ozone/integration-test/target/test-dir/MiniOzoneClusterImpl-ba7f31e0-0b52-47fc-8fdc-dbbc4e827165/ozone-meta/ratis/bf265839-605b-3f16-9796-c5ba1605619e does not exist. Creating ...
2022-12-23 07:23:43,444 [om1-impl-thread1] INFO  storage.RaftStorageDirectory (RaftStorageDirectoryImpl.java:tryLock(231)) - Lock on /home/runner/work/ozone/ozone/hadoop-ozone/integration-test/target/test-dir/MiniOzoneClusterImpl-ba7f31e0-0b52-47fc-8fdc-dbbc4e827165/ozone-meta/ratis/bf265839-605b-3f16-9796-c5ba1605619e/in_use.lock acquired by nodename 81300@fv-az505-480
2022-12-23 07:23:43,446 [om1-impl-thread1] INFO  storage.RaftStorage (RaftStorageImpl.java:format(96)) - Storage directory /home/runner/work/ozone/ozone/hadoop-ozone/integration-test/target/test-dir/MiniOzoneClusterImpl-ba7f31e0-0b52-47fc-8fdc-dbbc4e827165/ozone-meta/ratis/bf265839-605b-3f16-9796-c5ba1605619e has been successfully formatted.
2022-12-23 07:23:43,446 [om1-impl-thread1] INFO  server.RaftServerConfigKeys (ConfUtils.java:logGet(46)) - raft.server.log.use.memory = false (default)
2022-12-23 07:23:43,446 [om1-impl-thread1] INFO  server.RaftServerConfigKeys (ConfUtils.java:logGet(46)) - raft.server.log.purge.gap = 1000000 (custom)
2022-12-23 07:23:43,446 [om1-impl-thread1] INFO  server.RaftServerConfigKeys (ConfUtils.java:logGet(46)) - raft.server.log.appender.buffer.byte-limit = 33554432 (custom)
2022-12-23 07:23:43,446 [om1-impl-thread1] INFO  server.RaftServerConfigKeys (ConfUtils.java:logGet(46)) - raft.server.log.statemachine.data.read.timeout = 1000ms (default)
2022-12-23 07:23:43,446 [om1-impl-thread1] INFO  server.RaftServerConfigKeys (ConfUtils.java:logGet(46)) - raft.server.log.purge.preservation.log.num = 0 (default)
2022-12-23 07:23:43,446 [om1-impl-thread1] INFO  server.RaftServerConfigKeys (ConfUtils.java:logGet(46)) - raft.server.log.segment.size.max = 4194304 (custom)
2022-12-23 07:23:43,446 [om1-impl-thread1] INFO  server.RaftServerConfigKeys (ConfUtils.java:logGet(46)) - raft.server.log.segment.cache.num.max = 2 (custom)
2022-12-23 07:23:43,446 [om1-impl-thread1] INFO  server.RaftServerConfigKeys (ConfUtils.java:logGet(46)) - raft.server.log.segment.cache.size.max = 200MB (=209715200) (default)
2022-12-23 07:23:43,447 [om1-impl-thread1] INFO  segmented.SegmentedRaftLogWorker (SegmentedRaftLogWorker.java:<init>(189)) - new om1@group-C5BA1605619E-SegmentedRaftLogWorker for RaftStorageImpl:Storage Directory /home/runner/work/ozone/ozone/hadoop-ozone/integration-test/target/test-dir/MiniOzoneClusterImpl-ba7f31e0-0b52-47fc-8fdc-dbbc4e827165/ozone-meta/ratis/bf265839-605b-3f16-9796-c5ba1605619e
2022-12-23 07:23:43,447 [om1-impl-thread1] INFO  server.RaftServerConfigKeys (ConfUtils.java:logGet(46)) - raft.server.log.queue.byte-limit = 64MB (=67108864) (default)
2022-12-23 07:23:43,447 [om1-impl-thread1] INFO  server.RaftServerConfigKeys (ConfUtils.java:logGet(46)) - raft.server.log.queue.element-limit = 4096 (default)
2022-12-23 07:23:43,447 [om1-impl-thread1] INFO  server.RaftServerConfigKeys (ConfUtils.java:logGet(46)) - raft.server.log.segment.size.max = 4194304 (custom)
2022-12-23 07:23:43,447 [om1-impl-thread1] INFO  server.RaftServerConfigKeys (ConfUtils.java:logGet(46)) - raft.server.log.preallocated.size = 4194304 (custom)
2022-12-23 07:23:43,447 [om1-impl-thread1] INFO  server.RaftServerConfigKeys (ConfUtils.java:logGet(46)) - raft.server.log.force.sync.num = 128 (default)
2022-12-23 07:23:43,447 [om1-impl-thread1] INFO  server.RaftServerConfigKeys (ConfUtils.java:logGet(46)) - raft.server.log.statemachine.data.sync = true (default)
2022-12-23 07:23:43,447 [om1-impl-thread1] INFO  server.RaftServerConfigKeys (ConfUtils.java:logGet(46)) - raft.server.log.statemachine.data.sync.timeout = 10s (default)
2022-12-23 07:23:43,447 [om1-impl-thread1] INFO  server.RaftServerConfigKeys (ConfUtils.java:logGet(46)) - raft.server.log.statemachine.data.sync.timeout.retry = -1 (default)
2022-12-23 07:23:43,447 [om1-impl-thread1] INFO  server.RaftServerConfigKeys (ConfUtils.java:logGet(46)) - raft.server.log.write.buffer.size = 64KB (=65536) (default)
2022-12-23 07:23:43,447 [om1-impl-thread1] INFO  server.RaftServerConfigKeys (ConfUtils.java:logGet(46)) - raft.server.log.appender.buffer.byte-limit = 33554432 (custom)
2022-12-23 07:23:43,453 [om1-impl-thread1] INFO  server.RaftServerConfigKeys (ConfUtils.java:logGet(46)) - raft.server.log.unsafe-flush.enabled = false (default)
2022-12-23 07:23:43,453 [om1-impl-thread1] INFO  server.RaftServerConfigKeys (ConfUtils.java:logGet(46)) - raft.server.log.async-flush.enabled = false (default)
2022-12-23 07:23:43,453 [om1-impl-thread1] INFO  server.RaftServerConfigKeys (ConfUtils.java:logGet(46)) - raft.server.log.statemachine.data.caching.enabled = false (default)
2022-12-23 07:23:43,453 [om1-impl-thread1] INFO  segmented.SegmentedRaftLogWorker (SegmentedRaftLogWorker.java:lambda$new$0(135)) - om1@group-C5BA1605619E-SegmentedRaftLogWorker: flushIndex: setUnconditionally 0 -> -1
2022-12-23 07:23:43,453 [om1-impl-thread1] INFO  segmented.SegmentedRaftLogWorker (SegmentedRaftLogWorker.java:lambda$new$0(135)) - om1@group-C5BA1605619E-SegmentedRaftLogWorker: safeCacheEvictIndex: setUnconditionally 0 -> -1
2022-12-23 07:23:43,453 [om1-impl-thread1] INFO  server.RaftServer$Division (RaftServerImpl.java:start(334)) - om1@group-C5BA1605619E: start as a follower, conf=-1: peers:[om1|rpc:localhost:9872|priority:0|startupRole:FOLLOWER]|listeners:[], old=null
2022-12-23 07:23:43,453 [om1-impl-thread1] INFO  server.RaftServer$Division (RaftServerImpl.java:setRole(321)) - om1@group-C5BA1605619E: changes role from      null to FOLLOWER at term 0 for startAsFollower
2022-12-23 07:23:43,453 [om1-impl-thread1] INFO  impl.RoleInfo (RoleInfo.java:updateAndGet(139)) - om1: start om1@group-C5BA1605619E-FollowerState
2022-12-23 07:23:43,453 [om1-impl-thread1] INFO  util.JmxRegister (JmxRegister.java:tryRegister(44)) - Successfully registered JMX Bean with object name Ratis:service=RaftServer,group=group-C5BA1605619E,id=om1
2022-12-23 07:23:43,454 [om1@group-C5BA1605619E-FollowerState] INFO  server.RaftServerConfigKeys (ConfUtils.java:logFallback(53)) - raft.server.rpc.first-election.timeout.min = 1s (fallback to raft.server.rpc.timeout.min)
2022-12-23 07:23:43,454 [om1-impl-thread1] INFO  server.RaftServerConfigKeys (ConfUtils.java:logGet(46)) - raft.server.snapshot.auto.trigger.enabled = true (custom)
2022-12-23 07:23:43,454 [om1@group-C5BA1605619E-FollowerState] INFO  server.RaftServerConfigKeys (ConfUtils.java:logFallback(53)) - raft.server.rpc.first-election.timeout.max = 1200ms (fallback to raft.server.rpc.timeout.max)
2022-12-23 07:23:43,454 [om1-impl-thread1] INFO  server.RaftServerConfigKeys (ConfUtils.java:logGet(46)) - raft.server.snapshot.auto.trigger.threshold = 400000 (default)
2022-12-23 07:23:43,454 [om1-impl-thread1] INFO  server.RaftServerConfigKeys (ConfUtils.java:logGet(46)) - raft.server.snapshot.retention.file.num = -1 (default)
2022-12-23 07:23:43,454 [om1-impl-thread1] INFO  server.RaftServerConfigKeys (ConfUtils.java:logGet(46)) - raft.server.log.purge.upto.snapshot.index = true (custom)
2022-12-23 07:23:43,454 [Listener at 127.0.0.1/40881] INFO  server.RaftServer (RaftServerProxy.java:startImpl(393)) - om1: start RPC server
2022-12-23 07:23:43,456 [Listener at 127.0.0.1/40881] INFO  server.GrpcService (GrpcService.java:startImpl(262)) - om1: GrpcService started, listening on 9872
2022-12-23 07:23:43,459 [JvmPauseMonitor20] INFO  util.JvmPauseMonitor (JvmPauseMonitor.java:run(105)) - JvmPauseMonitor-om1: Started
2022-12-23 07:23:43,459 [Listener at 127.0.0.1/40881] INFO  om.OzoneManager (OzoneManager.java:start(1502)) - Version File has different layout version (3) than OM DB (null). That is expected if this OM has never been finalized to a newer layout version.
2022-12-23 07:23:43,462 [Listener at 127.0.0.1/40881] INFO  http.BaseHttpServer (BaseHttpServer.java:newHttpServer2BuilderForOzone(213)) - Starting Web-server for ozoneManager at: http://0.0.0.0:0
2022-12-23 07:23:43,462 [Listener at 127.0.0.1/40881] INFO  http.BaseHttpServer (BaseHttpServer.java:<init>(108)) - Hadoop Security Enabled: false Ozone Security Enabled: false Ozone HTTP Security Enabled: false 
2022-12-23 07:23:43,464 [Listener at 127.0.0.1/40881] WARN  server.AuthenticationFilter (AuthenticationFilter.java:constructSecretProvider(240)) - Unable to initialize FileSignerSecretProvider, falling back to use random secrets. Reason: Could not read signature secret file: /home/runner/hadoop-http-auth-signature-secret
2022-12-23 07:23:43,465 [Listener at 127.0.0.1/40881] WARN  http.HttpRequestLog (HttpRequestLog.java:getRequestLog(103)) - Jetty request log can only be enabled using Log4j
2022-12-23 07:23:43,466 [Listener at 127.0.0.1/40881] INFO  http.HttpServer2 (HttpServer2.java:addGlobalFilter(1031)) - Added global filter 'safety' (class=org.apache.hadoop.hdds.server.http.HttpServer2$QuotingInputFilter)
2022-12-23 07:23:43,466 [Listener at 127.0.0.1/40881] INFO  http.HttpServer2 (HttpServer2.java:addFilter(1007)) - Added filter static_user_filter (class=org.apache.hadoop.http.lib.StaticUserWebFilter$StaticUserFilter) to context ozoneManager
2022-12-23 07:23:43,467 [Listener at 127.0.0.1/40881] INFO  http.HttpServer2 (HttpServer2.java:addFilter(1015)) - Added filter static_user_filter (class=org.apache.hadoop.http.lib.StaticUserWebFilter$StaticUserFilter) to context static
2022-12-23 07:23:43,467 [Listener at 127.0.0.1/40881] INFO  http.HttpServer2 (HttpServer2.java:addFilter(1015)) - Added filter static_user_filter (class=org.apache.hadoop.http.lib.StaticUserWebFilter$StaticUserFilter) to context logs
2022-12-23 07:23:43,471 [Listener at 127.0.0.1/40881] INFO  http.HttpServer2 (HttpServer2.java:bindListener(1250)) - Jetty bound to port 43583
2022-12-23 07:23:43,471 [Listener at 127.0.0.1/40881] INFO  server.Server (Server.java:doStart(375)) - jetty-9.4.49.v20220914; built: 2022-09-14T01:07:36.601Z; git: 4231a3b2e4cb8548a412a789936d640a97b1aa0a; jvm 1.8.0_352-b08
2022-12-23 07:23:43,477 [Listener at 127.0.0.1/40881] INFO  server.session (DefaultSessionIdManager.java:doStart(334)) - DefaultSessionIdManager workerName=node0
2022-12-23 07:23:43,477 [Listener at 127.0.0.1/40881] INFO  server.session (DefaultSessionIdManager.java:doStart(339)) - No SessionScavenger set, using defaults
2022-12-23 07:23:43,478 [Listener at 127.0.0.1/40881] INFO  server.session (HouseKeeper.java:startScavenging(132)) - node0 Scavenging every 660000ms
2022-12-23 07:23:43,479 [Listener at 127.0.0.1/40881] INFO  handler.ContextHandler (ContextHandler.java:doStart(921)) - Started o.e.j.s.ServletContextHandler@4bfe79c{logs,/logs,file:///home/runner/work/ozone/ozone/hadoop-ozone/integration-test/target/log,AVAILABLE}
2022-12-23 07:23:43,479 [Listener at 127.0.0.1/40881] INFO  handler.ContextHandler (ContextHandler.java:doStart(921)) - Started o.e.j.s.ServletContextHandler@2cc60597{static,/static,file:///home/runner/work/ozone/ozone/hadoop-ozone/integration-test/target/test-classes/webapps/static,AVAILABLE}
2022-12-23 07:23:43,482 [Listener at 127.0.0.1/40881] INFO  handler.ContextHandler (ContextHandler.java:doStart(921)) - Started o.e.j.w.WebAppContext@442d9790{ozoneManager,/,file:///home/runner/work/ozone/ozone/hadoop-ozone/integration-test/target/test-classes/webapps/ozoneManager/,AVAILABLE}{file:/home/runner/work/ozone/ozone/hadoop-ozone/integration-test/target/test-classes/webapps/ozoneManager}
2022-12-23 07:23:43,484 [Listener at 127.0.0.1/40881] INFO  server.AbstractConnector (AbstractConnector.java:doStart(333)) - Started ServerConnector@c915d35{HTTP/1.1, (http/1.1)}{0.0.0.0:43583}
2022-12-23 07:23:43,484 [Listener at 127.0.0.1/40881] INFO  server.Server (Server.java:doStart(415)) - Started @124443ms
2022-12-23 07:23:43,484 [Listener at 127.0.0.1/40881] WARN  impl.MetricsSystemImpl (MetricsSystemImpl.java:register(279)) - Sink prometheus already exists!
2022-12-23 07:23:43,484 [Listener at 127.0.0.1/40881] INFO  http.BaseHttpServer (BaseHttpServer.java:updateConnectorAddress(333)) - HTTP server of ozoneManager listening at http://0.0.0.0:43583
2022-12-23 07:23:43,485 [IPC Server Responder] INFO  ipc.Server (Server.java:run(1512)) - IPC Server Responder: starting
2022-12-23 07:23:43,494 [Listener at 127.0.0.1/40881] INFO  om.OzoneManager (OzoneManager.java:startTrashEmptier(1923)) - Trash Interval set to 0. Files deleted won't move to trash
2022-12-23 07:23:43,501 [IPC Server listener on 0] INFO  ipc.Server (Server.java:run(1352)) - IPC Server listener on 0: starting
2022-12-23 07:23:43,508 [Listener at 127.0.0.1/40881] WARN  impl.MetricRegistriesImpl (MetricRegistriesImpl.java:addReporterRegistration(111)) - New reporters are added after registries were created. Some metrics will be missing from the reporter. Please add reporter before adding any new registry.
2022-12-23 07:23:43,509 [Listener at 127.0.0.1/40881] WARN  impl.MetricRegistriesImpl (MetricRegistriesImpl.java:addReporterRegistration(111)) - New reporters are added after registries were created. Some metrics will be missing from the reporter. Please add reporter before adding any new registry.
2022-12-23 07:23:43,509 [Listener at 127.0.0.1/40881] INFO  impl.MetricsSystemImpl (MetricsSystemImpl.java:init(158)) - HddsDatanode metrics system started (again)
2022-12-23 07:23:43,512 [org.apache.hadoop.util.JvmPauseMonitor$Monitor@30465940] INFO  util.JvmPauseMonitor (JvmPauseMonitor.java:run(188)) - Starting JVM pause monitor
2022-12-23 07:23:43,524 [Listener at 127.0.0.1/40881] INFO  ozone.HddsDatanodeService (HddsDatanodeService.java:start(237)) - HddsDatanodeService host:fv-az505-480.g2e1luzo1moefklhgra4trf2va.dx.internal.cloudapp.net ip:10.1.0.40
2022-12-23 07:23:43,545 [Listener at 127.0.0.1/40881] INFO  upgrade.AbstractLayoutVersionManager (AbstractLayoutVersionManager.java:init(83)) - Initializing Layout version manager with metadata layout = DATANODE_SCHEMA_V3 (version = 4), software layout = DATANODE_SCHEMA_V3 (version = 4)
2022-12-23 07:23:43,594 [Listener at 127.0.0.1/40881] INFO  reflections.Reflections (Reflections.java:scan(232)) - Reflections took 48 ms to scan 7 urls, producing 146 keys and 348 values 
2022-12-23 07:23:43,595 [Listener at 127.0.0.1/40881] INFO  statemachine.DatanodeStateMachine (DatanodeStateMachine.java:getEndPointTaskThreadPoolSize(248)) - Datanode State Machine Task Thread Pool size 2
2022-12-23 07:23:43,597 [Listener at 127.0.0.1/40881] INFO  volume.HddsVolume (HddsVolume.java:<init>(117)) - Creating HddsVolume: /home/runner/work/ozone/ozone/hadoop-ozone/integration-test/target/test-dir/MiniOzoneClusterImpl-ba7f31e0-0b52-47fc-8fdc-dbbc4e827165/datanode-0/data-0/containers/hdds of storage type : DISK capacity : 9223372036854775807
2022-12-23 07:23:43,597 [Listener at 127.0.0.1/40881] INFO  volume.MutableVolumeSet (MutableVolumeSet.java:initializeVolumeSet(174)) - Added Volume : /home/runner/work/ozone/ozone/hadoop-ozone/integration-test/target/test-dir/MiniOzoneClusterImpl-ba7f31e0-0b52-47fc-8fdc-dbbc4e827165/datanode-0/data-0/containers/hdds to VolumeSet
2022-12-23 07:23:43,597 [Listener at 127.0.0.1/40881] INFO  volume.ThrottledAsyncChecker (ThrottledAsyncChecker.java:schedule(141)) - Scheduling a check for /home/runner/work/ozone/ozone/hadoop-ozone/integration-test/target/test-dir/MiniOzoneClusterImpl-ba7f31e0-0b52-47fc-8fdc-dbbc4e827165/datanode-0/data-0/containers/hdds
2022-12-23 07:23:43,598 [Listener at 127.0.0.1/40881] INFO  volume.StorageVolumeChecker (StorageVolumeChecker.java:checkAllVolumes(202)) - Scheduled health check for volume /home/runner/work/ozone/ozone/hadoop-ozone/integration-test/target/test-dir/MiniOzoneClusterImpl-ba7f31e0-0b52-47fc-8fdc-dbbc4e827165/datanode-0/data-0/containers/hdds
2022-12-23 07:23:43,609 [Listener at 127.0.0.1/40881] INFO  volume.MutableVolumeSet (MutableVolumeSet.java:initializeVolumeSet(174)) - Added Volume : /home/runner/work/ozone/ozone/hadoop-ozone/integration-test/target/test-dir/MiniOzoneClusterImpl-ba7f31e0-0b52-47fc-8fdc-dbbc4e827165/datanode-0/data/ratis to VolumeSet
2022-12-23 07:23:43,609 [Listener at 127.0.0.1/40881] INFO  volume.ThrottledAsyncChecker (ThrottledAsyncChecker.java:schedule(141)) - Scheduling a check for /home/runner/work/ozone/ozone/hadoop-ozone/integration-test/target/test-dir/MiniOzoneClusterImpl-ba7f31e0-0b52-47fc-8fdc-dbbc4e827165/datanode-0/data/ratis
2022-12-23 07:23:43,609 [Listener at 127.0.0.1/40881] INFO  volume.StorageVolumeChecker (StorageVolumeChecker.java:checkAllVolumes(202)) - Scheduled health check for volume /home/runner/work/ozone/ozone/hadoop-ozone/integration-test/target/test-dir/MiniOzoneClusterImpl-ba7f31e0-0b52-47fc-8fdc-dbbc4e827165/datanode-0/data/ratis
2022-12-23 07:23:43,620 [Thread-1598] INFO  ozoneimpl.ContainerReader (ContainerReader.java:readVolume(175)) - Finish verifying containers on volume /home/runner/work/ozone/ozone/hadoop-ozone/integration-test/target/test-dir/MiniOzoneClusterImpl-ba7f31e0-0b52-47fc-8fdc-dbbc4e827165/datanode-0/data-0/containers/hdds
2022-12-23 07:23:43,620 [Listener at 127.0.0.1/40881] INFO  ozoneimpl.OzoneContainer (OzoneContainer.java:buildContainerSet(301)) - Build ContainerSet costs 0s
2022-12-23 07:23:43,623 [Listener at 127.0.0.1/40881] INFO  server.RaftServer (ConfUtils.java:logGet(46)) - raft.rpc.type = GRPC (default)
2022-12-23 07:23:43,623 [Listener at 127.0.0.1/40881] INFO  grpc.GrpcConfigKeys (ConfUtils.java:logFallback(53)) - raft.grpc.admin.host = null (fallback to raft.grpc.server.host)
2022-12-23 07:23:43,623 [Listener at 127.0.0.1/40881] INFO  grpc.GrpcConfigKeys (ConfUtils.java:logGet(46)) - raft.grpc.admin.port = 0 (custom)
2022-12-23 07:23:43,623 [Listener at 127.0.0.1/40881] INFO  grpc.GrpcConfigKeys (ConfUtils.java:logFallback(53)) - raft.grpc.client.host = null (fallback to raft.grpc.server.host)
2022-12-23 07:23:43,623 [Listener at 127.0.0.1/40881] INFO  grpc.GrpcConfigKeys (ConfUtils.java:logGet(46)) - raft.grpc.client.port = 0 (custom)
2022-12-23 07:23:43,623 [Listener at 127.0.0.1/40881] INFO  grpc.GrpcConfigKeys (ConfUtils.java:logGet(46)) - raft.grpc.server.host = null (default)
2022-12-23 07:23:43,624 [Listener at 127.0.0.1/40881] INFO  grpc.GrpcConfigKeys (ConfUtils.java:logGet(46)) - raft.grpc.server.port = 0 (default)
2022-12-23 07:23:43,624 [Listener at 127.0.0.1/40881] INFO  server.GrpcService (ConfUtils.java:logGet(46)) - raft.grpc.message.size.max = 32MB (=33554432) (custom)
2022-12-23 07:23:43,624 [Listener at 127.0.0.1/40881] INFO  server.RaftServerConfigKeys (ConfUtils.java:logGet(46)) - raft.server.log.appender.buffer.byte-limit = 33554432 (custom)
2022-12-23 07:23:43,624 [Listener at 127.0.0.1/40881] INFO  server.GrpcService (ConfUtils.java:logGet(46)) - raft.grpc.flow.control.window = 5MB (=5242880) (custom)
2022-12-23 07:23:43,624 [Listener at 127.0.0.1/40881] INFO  server.RaftServerConfigKeys (ConfUtils.java:logGet(46)) - raft.server.rpc.request.timeout = 60s (custom)
2022-12-23 07:23:43,624 [Listener at 127.0.0.1/40881] INFO  grpc.GrpcConfigKeys (ConfUtils.java:logGet(46)) - raft.grpc.server.heartbeat.channel = true (default)
2022-12-23 07:23:43,624 [Listener at 127.0.0.1/40881] INFO  grpc.GrpcConfigKeys (ConfUtils.java:logGet(46)) - raft.grpc.server.async.request.thread.pool.cached = true (default)
2022-12-23 07:23:43,624 [Listener at 127.0.0.1/40881] INFO  grpc.GrpcConfigKeys (ConfUtils.java:logGet(46)) - raft.grpc.server.async.request.thread.pool.size = 32 (default)
2022-12-23 07:23:43,625 [Listener at 127.0.0.1/40881] INFO  impl.DataStreamServerImpl (ConfUtils.java:logGet(46)) - raft.datastream.type = NETTY (custom)
2022-12-23 07:23:43,626 [Listener at 127.0.0.1/40881] INFO  server.RaftServerConfigKeys (ConfUtils.java:logGet(46)) - raft.server.data-stream.async.request.thread.pool.cached = false (default)
2022-12-23 07:23:43,626 [Listener at 127.0.0.1/40881] INFO  server.RaftServerConfigKeys (ConfUtils.java:logGet(46)) - raft.server.data-stream.async.request.thread.pool.size = 20 (custom)
2022-12-23 07:23:43,626 [Listener at 127.0.0.1/40881] INFO  server.RaftServerConfigKeys (ConfUtils.java:logGet(46)) - raft.server.data-stream.async.write.thread.pool.size = 16 (default)
2022-12-23 07:23:43,626 [Listener at 127.0.0.1/40881] INFO  server.RaftServerConfigKeys (ConfUtils.java:logGet(46)) - raft.server.data-stream.client.pool.size = 10 (default)
2022-12-23 07:23:43,626 [Listener at 127.0.0.1/40881] INFO  netty.NettyConfigKeys$DataStream (ConfUtils.java:logGet(46)) - raft.netty.dataStream.server.use-epoll = false (default)
2022-12-23 07:23:43,626 [Listener at 127.0.0.1/40881] INFO  netty.NettyConfigKeys$DataStream (ConfUtils.java:logGet(46)) - raft.netty.dataStream.server.boss-group.size = 0 (default)
2022-12-23 07:23:43,627 [Listener at 127.0.0.1/40881] INFO  netty.NettyConfigKeys$DataStream (ConfUtils.java:logGet(46)) - raft.netty.dataStream.server.worker-group.size = 0 (default)
2022-12-23 07:23:43,627 [Listener at 127.0.0.1/40881] INFO  netty.NettyConfigKeys$DataStream (ConfUtils.java:logGet(46)) - raft.netty.dataStream.server.tls.conf = null (default)
2022-12-23 07:23:43,627 [Listener at 127.0.0.1/40881] INFO  netty.NettyConfigKeys$DataStream (ConfUtils.java:logGet(46)) - raft.netty.dataStream.host = null (default)
2022-12-23 07:23:43,627 [Listener at 127.0.0.1/40881] INFO  netty.NettyConfigKeys$DataStream (ConfUtils.java:logGet(46)) - raft.netty.dataStream.port = 0 (default)
2022-12-23 07:23:43,628 [Listener at 127.0.0.1/40881] INFO  server.RaftServerConfigKeys (ConfUtils.java:logGet(46)) - raft.server.threadpool.proxy.cached = true (default)
2022-12-23 07:23:43,628 [Listener at 127.0.0.1/40881] INFO  server.RaftServerConfigKeys (ConfUtils.java:logGet(46)) - raft.server.threadpool.proxy.size = 0 (default)
2022-12-23 07:23:43,628 [afc81946-b921-414f-975a-f6fdc8ce3c83-NettyServerStreamRpc-bossGroup--thread1] INFO  logging.LoggingHandler (AbstractInternalLogger.java:log(148)) - [id: 0x41f0a00d] REGISTERED
2022-12-23 07:23:43,628 [Listener at 127.0.0.1/40881] INFO  server.RaftServerConfigKeys (ConfUtils.java:logGet(46)) - raft.server.rpc.slowness.timeout = 300s (custom)
2022-12-23 07:23:43,628 [Listener at 127.0.0.1/40881] INFO  server.RaftServerConfigKeys (ConfUtils.java:logGet(46)) - raft.server.leaderelection.leader.step-down.wait-time = 10s (default)
2022-12-23 07:23:43,628 [afc81946-b921-414f-975a-f6fdc8ce3c83-NettyServerStreamRpc-bossGroup--thread1] INFO  logging.LoggingHandler (AbstractInternalLogger.java:log(148)) - [id: 0x41f0a00d] BIND: 0.0.0.0/0.0.0.0:0
2022-12-23 07:23:43,629 [Listener at 127.0.0.1/40881] INFO  server.RaftServerConfigKeys (ConfUtils.java:logGet(46)) - raft.server.storage.dir = [/home/runner/work/ozone/ozone/hadoop-ozone/integration-test/target/test-dir/MiniOzoneClusterImpl-ba7f31e0-0b52-47fc-8fdc-dbbc4e827165/datanode-0/data/ratis] (custom)
2022-12-23 07:23:43,629 [afc81946-b921-414f-975a-f6fdc8ce3c83-NettyServerStreamRpc-bossGroup--thread1] INFO  logging.LoggingHandler (AbstractInternalLogger.java:log(148)) - [id: 0x41f0a00d, L:/0:0:0:0:0:0:0:0:42573] ACTIVE
2022-12-23 07:23:43,630 [Listener at 127.0.0.1/40881] INFO  server.XceiverServerGrpc (XceiverServerGrpc.java:<init>(132)) - GrpcServer channel type EpollServerSocketChannel
2022-12-23 07:23:43,634 [Listener at 127.0.0.1/40881] INFO  http.BaseHttpServer (BaseHttpServer.java:newHttpServer2BuilderForOzone(213)) - Starting Web-server for hddsDatanode at: http://0.0.0.0:0
2022-12-23 07:23:43,634 [Listener at 127.0.0.1/40881] INFO  http.BaseHttpServer (BaseHttpServer.java:<init>(108)) - Hadoop Security Enabled: false Ozone Security Enabled: false Ozone HTTP Security Enabled: false 
2022-12-23 07:23:43,635 [Listener at 127.0.0.1/40881] WARN  server.AuthenticationFilter (AuthenticationFilter.java:constructSecretProvider(240)) - Unable to initialize FileSignerSecretProvider, falling back to use random secrets. Reason: Could not read signature secret file: /home/runner/hadoop-http-auth-signature-secret
2022-12-23 07:23:43,635 [Listener at 127.0.0.1/40881] WARN  http.HttpRequestLog (HttpRequestLog.java:getRequestLog(103)) - Jetty request log can only be enabled using Log4j
2022-12-23 07:23:43,636 [Listener at 127.0.0.1/40881] INFO  http.HttpServer2 (HttpServer2.java:addGlobalFilter(1031)) - Added global filter 'safety' (class=org.apache.hadoop.hdds.server.http.HttpServer2$QuotingInputFilter)
2022-12-23 07:23:43,637 [Listener at 127.0.0.1/40881] INFO  http.HttpServer2 (HttpServer2.java:addFilter(1007)) - Added filter static_user_filter (class=org.apache.hadoop.http.lib.StaticUserWebFilter$StaticUserFilter) to context hddsDatanode
2022-12-23 07:23:43,637 [Listener at 127.0.0.1/40881] INFO  http.HttpServer2 (HttpServer2.java:addFilter(1015)) - Added filter static_user_filter (class=org.apache.hadoop.http.lib.StaticUserWebFilter$StaticUserFilter) to context logs
2022-12-23 07:23:43,637 [Listener at 127.0.0.1/40881] INFO  http.HttpServer2 (HttpServer2.java:addFilter(1015)) - Added filter static_user_filter (class=org.apache.hadoop.http.lib.StaticUserWebFilter$StaticUserFilter) to context static
2022-12-23 07:23:43,637 [Listener at 127.0.0.1/40881] INFO  http.HttpServer2 (HttpServer2.java:bindListener(1250)) - Jetty bound to port 38581
2022-12-23 07:23:43,638 [Listener at 127.0.0.1/40881] INFO  server.Server (Server.java:doStart(375)) - jetty-9.4.49.v20220914; built: 2022-09-14T01:07:36.601Z; git: 4231a3b2e4cb8548a412a789936d640a97b1aa0a; jvm 1.8.0_352-b08
2022-12-23 07:23:43,639 [Listener at 127.0.0.1/40881] INFO  server.session (DefaultSessionIdManager.java:doStart(334)) - DefaultSessionIdManager workerName=node0
2022-12-23 07:23:43,639 [Listener at 127.0.0.1/40881] INFO  server.session (DefaultSessionIdManager.java:doStart(339)) - No SessionScavenger set, using defaults
2022-12-23 07:23:43,639 [Listener at 127.0.0.1/40881] INFO  server.session (HouseKeeper.java:startScavenging(132)) - node0 Scavenging every 600000ms
2022-12-23 07:23:43,640 [Listener at 127.0.0.1/40881] INFO  handler.ContextHandler (ContextHandler.java:doStart(921)) - Started o.e.j.s.ServletContextHandler@15ab8f31{logs,/logs,file:///home/runner/work/ozone/ozone/hadoop-ozone/integration-test/target/log,AVAILABLE}
2022-12-23 07:23:43,640 [Listener at 127.0.0.1/40881] INFO  handler.ContextHandler (ContextHandler.java:doStart(921)) - Started o.e.j.s.ServletContextHandler@593e22c5{static,/static,jar:file:/home/runner/.m2/repository/org/apache/ozone/hdds-container-service/1.3.0-SNAPSHOT/hdds-container-service-1.3.0-SNAPSHOT.jar!/webapps/static,AVAILABLE}
2022-12-23 07:23:43,825 [Listener at 127.0.0.1/40881] INFO  handler.ContextHandler (ContextHandler.java:doStart(921)) - Started o.e.j.w.WebAppContext@3b5b8a4d{hddsDatanode,/,file:///tmp/jetty-0_0_0_0-38581-hdds-container-service-1_3_0-SNAPSHOT_jar-_-any-2054037696827404346/webapp/,AVAILABLE}{jar:file:/home/runner/.m2/repository/org/apache/ozone/hdds-container-service/1.3.0-SNAPSHOT/hdds-container-service-1.3.0-SNAPSHOT.jar!/webapps/hddsDatanode}
2022-12-23 07:23:43,826 [Listener at 127.0.0.1/40881] INFO  server.AbstractConnector (AbstractConnector.java:doStart(333)) - Started ServerConnector@2eadfbf6{HTTP/1.1, (http/1.1)}{0.0.0.0:38581}
2022-12-23 07:23:43,826 [Listener at 127.0.0.1/40881] INFO  server.Server (Server.java:doStart(415)) - Started @124786ms
2022-12-23 07:23:43,826 [Listener at 127.0.0.1/40881] WARN  impl.MetricsSystemImpl (MetricsSystemImpl.java:register(279)) - Sink prometheus already exists!
2022-12-23 07:23:43,827 [Listener at 127.0.0.1/40881] INFO  http.BaseHttpServer (BaseHttpServer.java:updateConnectorAddress(333)) - HTTP server of hddsDatanode listening at http://0.0.0.0:38581
2022-12-23 07:23:43,828 [Datanode State Machine Daemon Thread] INFO  statemachine.DatanodeStateMachine (DatanodeStateMachine.java:lambda$startDaemon$0(508)) - Ozone container server started.
2022-12-23 07:23:43,828 [Listener at 127.0.0.1/40881] WARN  impl.MetricRegistriesImpl (MetricRegistriesImpl.java:addReporterRegistration(111)) - New reporters are added after registries were created. Some metrics will be missing from the reporter. Please add reporter before adding any new registry.
2022-12-23 07:23:43,829 [Listener at 127.0.0.1/40881] WARN  impl.MetricRegistriesImpl (MetricRegistriesImpl.java:addReporterRegistration(111)) - New reporters are added after registries were created. Some metrics will be missing from the reporter. Please add reporter before adding any new registry.
2022-12-23 07:23:43,829 [Listener at 127.0.0.1/40881] INFO  impl.MetricsSystemImpl (MetricsSystemImpl.java:init(158)) - HddsDatanode metrics system started (again)
2022-12-23 07:23:43,837 [org.apache.hadoop.util.JvmPauseMonitor$Monitor@78955e3b] INFO  util.JvmPauseMonitor (JvmPauseMonitor.java:run(188)) - Starting JVM pause monitor
2022-12-23 07:23:43,841 [Listener at 127.0.0.1/40881] INFO  ozone.HddsDatanodeService (HddsDatanodeService.java:start(237)) - HddsDatanodeService host:fv-az505-480.g2e1luzo1moefklhgra4trf2va.dx.internal.cloudapp.net ip:10.1.0.40
2022-12-23 07:23:43,852 [Datanode State Machine Task Thread - 0] INFO  datanode.InitDatanodeState (InitDatanodeState.java:persistContainerDatanodeDetails(138)) - DatanodeDetails is persisted to /home/runner/work/ozone/ozone/hadoop-ozone/integration-test/target/test-dir/MiniOzoneClusterImpl-ba7f31e0-0b52-47fc-8fdc-dbbc4e827165/datanode-0/meta/datanode.id
2022-12-23 07:23:43,865 [Listener at 127.0.0.1/40881] INFO  upgrade.AbstractLayoutVersionManager (AbstractLayoutVersionManager.java:init(83)) - Initializing Layout version manager with metadata layout = DATANODE_SCHEMA_V3 (version = 4), software layout = DATANODE_SCHEMA_V3 (version = 4)
2022-12-23 07:23:43,913 [Listener at 127.0.0.1/40881] INFO  reflections.Reflections (Reflections.java:scan(232)) - Reflections took 47 ms to scan 7 urls, producing 146 keys and 348 values 
2022-12-23 07:23:43,915 [Listener at 127.0.0.1/40881] INFO  statemachine.DatanodeStateMachine (DatanodeStateMachine.java:getEndPointTaskThreadPoolSize(248)) - Datanode State Machine Task Thread Pool size 2
2022-12-23 07:23:43,918 [Listener at 127.0.0.1/40881] INFO  volume.HddsVolume (HddsVolume.java:<init>(117)) - Creating HddsVolume: /home/runner/work/ozone/ozone/hadoop-ozone/integration-test/target/test-dir/MiniOzoneClusterImpl-ba7f31e0-0b52-47fc-8fdc-dbbc4e827165/datanode-1/data-0/containers/hdds of storage type : DISK capacity : 9223372036854775807
2022-12-23 07:23:43,918 [Listener at 127.0.0.1/40881] INFO  volume.MutableVolumeSet (MutableVolumeSet.java:initializeVolumeSet(174)) - Added Volume : /home/runner/work/ozone/ozone/hadoop-ozone/integration-test/target/test-dir/MiniOzoneClusterImpl-ba7f31e0-0b52-47fc-8fdc-dbbc4e827165/datanode-1/data-0/containers/hdds to VolumeSet
2022-12-23 07:23:43,918 [Listener at 127.0.0.1/40881] INFO  volume.ThrottledAsyncChecker (ThrottledAsyncChecker.java:schedule(141)) - Scheduling a check for /home/runner/work/ozone/ozone/hadoop-ozone/integration-test/target/test-dir/MiniOzoneClusterImpl-ba7f31e0-0b52-47fc-8fdc-dbbc4e827165/datanode-1/data-0/containers/hdds
2022-12-23 07:23:43,919 [Listener at 127.0.0.1/40881] INFO  volume.StorageVolumeChecker (StorageVolumeChecker.java:checkAllVolumes(202)) - Scheduled health check for volume /home/runner/work/ozone/ozone/hadoop-ozone/integration-test/target/test-dir/MiniOzoneClusterImpl-ba7f31e0-0b52-47fc-8fdc-dbbc4e827165/datanode-1/data-0/containers/hdds
2022-12-23 07:23:43,931 [Listener at 127.0.0.1/40881] INFO  volume.MutableVolumeSet (MutableVolumeSet.java:initializeVolumeSet(174)) - Added Volume : /home/runner/work/ozone/ozone/hadoop-ozone/integration-test/target/test-dir/MiniOzoneClusterImpl-ba7f31e0-0b52-47fc-8fdc-dbbc4e827165/datanode-1/data/ratis to VolumeSet
2022-12-23 07:23:43,931 [Listener at 127.0.0.1/40881] INFO  volume.ThrottledAsyncChecker (ThrottledAsyncChecker.java:schedule(141)) - Scheduling a check for /home/runner/work/ozone/ozone/hadoop-ozone/integration-test/target/test-dir/MiniOzoneClusterImpl-ba7f31e0-0b52-47fc-8fdc-dbbc4e827165/datanode-1/data/ratis
2022-12-23 07:23:43,931 [Listener at 127.0.0.1/40881] INFO  volume.StorageVolumeChecker (StorageVolumeChecker.java:checkAllVolumes(202)) - Scheduled health check for volume /home/runner/work/ozone/ozone/hadoop-ozone/integration-test/target/test-dir/MiniOzoneClusterImpl-ba7f31e0-0b52-47fc-8fdc-dbbc4e827165/datanode-1/data/ratis
2022-12-23 07:23:43,943 [Thread-1612] INFO  ozoneimpl.ContainerReader (ContainerReader.java:readVolume(175)) - Finish verifying containers on volume /home/runner/work/ozone/ozone/hadoop-ozone/integration-test/target/test-dir/MiniOzoneClusterImpl-ba7f31e0-0b52-47fc-8fdc-dbbc4e827165/datanode-1/data-0/containers/hdds
2022-12-23 07:23:43,943 [Listener at 127.0.0.1/40881] INFO  ozoneimpl.OzoneContainer (OzoneContainer.java:buildContainerSet(301)) - Build ContainerSet costs 0s
2022-12-23 07:23:43,945 [Listener at 127.0.0.1/40881] INFO  server.RaftServer (ConfUtils.java:logGet(46)) - raft.rpc.type = GRPC (default)
2022-12-23 07:23:43,945 [Listener at 127.0.0.1/40881] INFO  grpc.GrpcConfigKeys (ConfUtils.java:logFallback(53)) - raft.grpc.admin.host = null (fallback to raft.grpc.server.host)
2022-12-23 07:23:43,946 [Listener at 127.0.0.1/40881] INFO  grpc.GrpcConfigKeys (ConfUtils.java:logGet(46)) - raft.grpc.admin.port = 0 (custom)
2022-12-23 07:23:43,947 [Listener at 127.0.0.1/40881] INFO  grpc.GrpcConfigKeys (ConfUtils.java:logFallback(53)) - raft.grpc.client.host = null (fallback to raft.grpc.server.host)
2022-12-23 07:23:43,947 [Listener at 127.0.0.1/40881] INFO  grpc.GrpcConfigKeys (ConfUtils.java:logGet(46)) - raft.grpc.client.port = 0 (custom)
2022-12-23 07:23:43,947 [Listener at 127.0.0.1/40881] INFO  grpc.GrpcConfigKeys (ConfUtils.java:logGet(46)) - raft.grpc.server.host = null (default)
2022-12-23 07:23:43,947 [Listener at 127.0.0.1/40881] INFO  grpc.GrpcConfigKeys (ConfUtils.java:logGet(46)) - raft.grpc.server.port = 0 (default)
2022-12-23 07:23:43,947 [Listener at 127.0.0.1/40881] INFO  server.GrpcService (ConfUtils.java:logGet(46)) - raft.grpc.message.size.max = 32MB (=33554432) (custom)
2022-12-23 07:23:43,947 [Listener at 127.0.0.1/40881] INFO  server.RaftServerConfigKeys (ConfUtils.java:logGet(46)) - raft.server.log.appender.buffer.byte-limit = 33554432 (custom)
2022-12-23 07:23:43,947 [Listener at 127.0.0.1/40881] INFO  server.GrpcService (ConfUtils.java:logGet(46)) - raft.grpc.flow.control.window = 5MB (=5242880) (custom)
2022-12-23 07:23:43,948 [Listener at 127.0.0.1/40881] INFO  server.RaftServerConfigKeys (ConfUtils.java:logGet(46)) - raft.server.rpc.request.timeout = 60s (custom)
2022-12-23 07:23:43,948 [Listener at 127.0.0.1/40881] INFO  grpc.GrpcConfigKeys (ConfUtils.java:logGet(46)) - raft.grpc.server.heartbeat.channel = true (default)
2022-12-23 07:23:43,948 [Listener at 127.0.0.1/40881] INFO  grpc.GrpcConfigKeys (ConfUtils.java:logGet(46)) - raft.grpc.server.async.request.thread.pool.cached = true (default)
2022-12-23 07:23:43,948 [Listener at 127.0.0.1/40881] INFO  grpc.GrpcConfigKeys (ConfUtils.java:logGet(46)) - raft.grpc.server.async.request.thread.pool.size = 32 (default)
2022-12-23 07:23:43,949 [Listener at 127.0.0.1/40881] INFO  impl.DataStreamServerImpl (ConfUtils.java:logGet(46)) - raft.datastream.type = NETTY (custom)
2022-12-23 07:23:43,950 [Listener at 127.0.0.1/40881] INFO  server.RaftServerConfigKeys (ConfUtils.java:logGet(46)) - raft.server.data-stream.async.request.thread.pool.cached = false (default)
2022-12-23 07:23:43,950 [Listener at 127.0.0.1/40881] INFO  server.RaftServerConfigKeys (ConfUtils.java:logGet(46)) - raft.server.data-stream.async.request.thread.pool.size = 20 (custom)
2022-12-23 07:23:43,950 [Listener at 127.0.0.1/40881] INFO  server.RaftServerConfigKeys (ConfUtils.java:logGet(46)) - raft.server.data-stream.async.write.thread.pool.size = 16 (default)
2022-12-23 07:23:43,950 [Listener at 127.0.0.1/40881] INFO  server.RaftServerConfigKeys (ConfUtils.java:logGet(46)) - raft.server.data-stream.client.pool.size = 10 (default)
2022-12-23 07:23:43,950 [Listener at 127.0.0.1/40881] INFO  netty.NettyConfigKeys$DataStream (ConfUtils.java:logGet(46)) - raft.netty.dataStream.server.use-epoll = false (default)
2022-12-23 07:23:43,950 [Listener at 127.0.0.1/40881] INFO  netty.NettyConfigKeys$DataStream (ConfUtils.java:logGet(46)) - raft.netty.dataStream.server.boss-group.size = 0 (default)
2022-12-23 07:23:43,951 [Listener at 127.0.0.1/40881] INFO  netty.NettyConfigKeys$DataStream (ConfUtils.java:logGet(46)) - raft.netty.dataStream.server.worker-group.size = 0 (default)
2022-12-23 07:23:43,951 [Listener at 127.0.0.1/40881] INFO  netty.NettyConfigKeys$DataStream (ConfUtils.java:logGet(46)) - raft.netty.dataStream.server.tls.conf = null (default)
2022-12-23 07:23:43,951 [Listener at 127.0.0.1/40881] INFO  netty.NettyConfigKeys$DataStream (ConfUtils.java:logGet(46)) - raft.netty.dataStream.host = null (default)
2022-12-23 07:23:43,952 [Listener at 127.0.0.1/40881] INFO  netty.NettyConfigKeys$DataStream (ConfUtils.java:logGet(46)) - raft.netty.dataStream.port = 0 (default)
2022-12-23 07:23:43,952 [Listener at 127.0.0.1/40881] INFO  server.RaftServerConfigKeys (ConfUtils.java:logGet(46)) - raft.server.threadpool.proxy.cached = true (default)
2022-12-23 07:23:43,952 [Listener at 127.0.0.1/40881] INFO  server.RaftServerConfigKeys (ConfUtils.java:logGet(46)) - raft.server.threadpool.proxy.size = 0 (default)
2022-12-23 07:23:43,952 [Listener at 127.0.0.1/40881] INFO  server.RaftServerConfigKeys (ConfUtils.java:logGet(46)) - raft.server.rpc.slowness.timeout = 300s (custom)
2022-12-23 07:23:43,952 [Listener at 127.0.0.1/40881] INFO  server.RaftServerConfigKeys (ConfUtils.java:logGet(46)) - raft.server.leaderelection.leader.step-down.wait-time = 10s (default)
2022-12-23 07:23:43,953 [Listener at 127.0.0.1/40881] INFO  server.RaftServerConfigKeys (ConfUtils.java:logGet(46)) - raft.server.storage.dir = [/home/runner/work/ozone/ozone/hadoop-ozone/integration-test/target/test-dir/MiniOzoneClusterImpl-ba7f31e0-0b52-47fc-8fdc-dbbc4e827165/datanode-1/data/ratis] (custom)
2022-12-23 07:23:43,953 [4855300c-9dc7-4866-b12a-0d8362434d54-NettyServerStreamRpc-bossGroup--thread1] INFO  logging.LoggingHandler (AbstractInternalLogger.java:log(148)) - [id: 0xabf7d782] REGISTERED
2022-12-23 07:23:43,953 [4855300c-9dc7-4866-b12a-0d8362434d54-NettyServerStreamRpc-bossGroup--thread1] INFO  logging.LoggingHandler (AbstractInternalLogger.java:log(148)) - [id: 0xabf7d782] BIND: 0.0.0.0/0.0.0.0:0
2022-12-23 07:23:43,953 [4855300c-9dc7-4866-b12a-0d8362434d54-NettyServerStreamRpc-bossGroup--thread1] INFO  logging.LoggingHandler (AbstractInternalLogger.java:log(148)) - [id: 0xabf7d782, L:/0:0:0:0:0:0:0:0:32775] ACTIVE
2022-12-23 07:23:43,955 [Listener at 127.0.0.1/40881] INFO  server.XceiverServerGrpc (XceiverServerGrpc.java:<init>(132)) - GrpcServer channel type EpollServerSocketChannel
2022-12-23 07:23:43,959 [Listener at 127.0.0.1/40881] INFO  http.BaseHttpServer (BaseHttpServer.java:newHttpServer2BuilderForOzone(213)) - Starting Web-server for hddsDatanode at: http://0.0.0.0:0
2022-12-23 07:23:43,959 [Listener at 127.0.0.1/40881] INFO  http.BaseHttpServer (BaseHttpServer.java:<init>(108)) - Hadoop Security Enabled: false Ozone Security Enabled: false Ozone HTTP Security Enabled: false 
2022-12-23 07:23:43,960 [Listener at 127.0.0.1/40881] WARN  server.AuthenticationFilter (AuthenticationFilter.java:constructSecretProvider(240)) - Unable to initialize FileSignerSecretProvider, falling back to use random secrets. Reason: Could not read signature secret file: /home/runner/hadoop-http-auth-signature-secret
2022-12-23 07:23:43,964 [Listener at 127.0.0.1/40881] WARN  http.HttpRequestLog (HttpRequestLog.java:getRequestLog(103)) - Jetty request log can only be enabled using Log4j
2022-12-23 07:23:43,966 [Listener at 127.0.0.1/40881] INFO  http.HttpServer2 (HttpServer2.java:addGlobalFilter(1031)) - Added global filter 'safety' (class=org.apache.hadoop.hdds.server.http.HttpServer2$QuotingInputFilter)
2022-12-23 07:23:43,966 [Listener at 127.0.0.1/40881] INFO  http.HttpServer2 (HttpServer2.java:addFilter(1007)) - Added filter static_user_filter (class=org.apache.hadoop.http.lib.StaticUserWebFilter$StaticUserFilter) to context hddsDatanode
2022-12-23 07:23:43,966 [Listener at 127.0.0.1/40881] INFO  http.HttpServer2 (HttpServer2.java:addFilter(1015)) - Added filter static_user_filter (class=org.apache.hadoop.http.lib.StaticUserWebFilter$StaticUserFilter) to context logs
2022-12-23 07:23:43,966 [Listener at 127.0.0.1/40881] INFO  http.HttpServer2 (HttpServer2.java:addFilter(1015)) - Added filter static_user_filter (class=org.apache.hadoop.http.lib.StaticUserWebFilter$StaticUserFilter) to context static
2022-12-23 07:23:43,967 [Listener at 127.0.0.1/40881] INFO  http.HttpServer2 (HttpServer2.java:bindListener(1250)) - Jetty bound to port 46839
2022-12-23 07:23:43,967 [Listener at 127.0.0.1/40881] INFO  server.Server (Server.java:doStart(375)) - jetty-9.4.49.v20220914; built: 2022-09-14T01:07:36.601Z; git: 4231a3b2e4cb8548a412a789936d640a97b1aa0a; jvm 1.8.0_352-b08
2022-12-23 07:23:43,969 [Listener at 127.0.0.1/40881] INFO  server.session (DefaultSessionIdManager.java:doStart(334)) - DefaultSessionIdManager workerName=node0
2022-12-23 07:23:43,969 [Listener at 127.0.0.1/40881] INFO  server.session (DefaultSessionIdManager.java:doStart(339)) - No SessionScavenger set, using defaults
2022-12-23 07:23:43,970 [Listener at 127.0.0.1/40881] INFO  server.session (HouseKeeper.java:startScavenging(132)) - node0 Scavenging every 600000ms
2022-12-23 07:23:43,971 [Listener at 127.0.0.1/40881] INFO  handler.ContextHandler (ContextHandler.java:doStart(921)) - Started o.e.j.s.ServletContextHandler@7fd3534a{logs,/logs,file:///home/runner/work/ozone/ozone/hadoop-ozone/integration-test/target/log,AVAILABLE}
2022-12-23 07:23:43,971 [Listener at 127.0.0.1/40881] INFO  handler.ContextHandler (ContextHandler.java:doStart(921)) - Started o.e.j.s.ServletContextHandler@2dba51b4{static,/static,jar:file:/home/runner/.m2/repository/org/apache/ozone/hdds-container-service/1.3.0-SNAPSHOT/hdds-container-service-1.3.0-SNAPSHOT.jar!/webapps/static,AVAILABLE}
2022-12-23 07:23:44,190 [Listener at 127.0.0.1/40881] INFO  handler.ContextHandler (ContextHandler.java:doStart(921)) - Started o.e.j.w.WebAppContext@7e79ddc5{hddsDatanode,/,file:///tmp/jetty-0_0_0_0-46839-hdds-container-service-1_3_0-SNAPSHOT_jar-_-any-3586446098181785177/webapp/,AVAILABLE}{jar:file:/home/runner/.m2/repository/org/apache/ozone/hdds-container-service/1.3.0-SNAPSHOT/hdds-container-service-1.3.0-SNAPSHOT.jar!/webapps/hddsDatanode}
2022-12-23 07:23:44,192 [Listener at 127.0.0.1/40881] INFO  server.AbstractConnector (AbstractConnector.java:doStart(333)) - Started ServerConnector@7d9ad0a7{HTTP/1.1, (http/1.1)}{0.0.0.0:46839}
2022-12-23 07:23:44,192 [Listener at 127.0.0.1/40881] INFO  server.Server (Server.java:doStart(415)) - Started @125151ms
2022-12-23 07:23:44,192 [Listener at 127.0.0.1/40881] WARN  impl.MetricsSystemImpl (MetricsSystemImpl.java:register(279)) - Sink prometheus already exists!
2022-12-23 07:23:44,193 [Listener at 127.0.0.1/40881] INFO  http.BaseHttpServer (BaseHttpServer.java:updateConnectorAddress(333)) - HTTP server of hddsDatanode listening at http://0.0.0.0:46839
2022-12-23 07:23:44,193 [Datanode State Machine Daemon Thread] INFO  statemachine.DatanodeStateMachine (DatanodeStateMachine.java:lambda$startDaemon$0(508)) - Ozone container server started.
2022-12-23 07:23:44,193 [Listener at 127.0.0.1/40881] WARN  impl.MetricRegistriesImpl (MetricRegistriesImpl.java:addReporterRegistration(111)) - New reporters are added after registries were created. Some metrics will be missing from the reporter. Please add reporter before adding any new registry.
2022-12-23 07:23:44,195 [Listener at 127.0.0.1/40881] WARN  impl.MetricRegistriesImpl (MetricRegistriesImpl.java:addReporterRegistration(111)) - New reporters are added after registries were created. Some metrics will be missing from the reporter. Please add reporter before adding any new registry.
2022-12-23 07:23:44,195 [Listener at 127.0.0.1/40881] INFO  impl.MetricsSystemImpl (MetricsSystemImpl.java:init(158)) - HddsDatanode metrics system started (again)
2022-12-23 07:23:44,205 [org.apache.hadoop.util.JvmPauseMonitor$Monitor@41882a44] INFO  util.JvmPauseMonitor (JvmPauseMonitor.java:run(188)) - Starting JVM pause monitor
2022-12-23 07:23:44,213 [Datanode State Machine Task Thread - 0] INFO  datanode.InitDatanodeState (InitDatanodeState.java:persistContainerDatanodeDetails(138)) - DatanodeDetails is persisted to /home/runner/work/ozone/ozone/hadoop-ozone/integration-test/target/test-dir/MiniOzoneClusterImpl-ba7f31e0-0b52-47fc-8fdc-dbbc4e827165/datanode-1/meta/datanode.id
2022-12-23 07:23:44,215 [Listener at 127.0.0.1/40881] INFO  ozone.HddsDatanodeService (HddsDatanodeService.java:start(237)) - HddsDatanodeService host:fv-az505-480.g2e1luzo1moefklhgra4trf2va.dx.internal.cloudapp.net ip:10.1.0.40
2022-12-23 07:23:44,240 [Listener at 127.0.0.1/40881] INFO  upgrade.AbstractLayoutVersionManager (AbstractLayoutVersionManager.java:init(83)) - Initializing Layout version manager with metadata layout = DATANODE_SCHEMA_V3 (version = 4), software layout = DATANODE_SCHEMA_V3 (version = 4)
2022-12-23 07:23:44,292 [Listener at 127.0.0.1/40881] INFO  reflections.Reflections (Reflections.java:scan(232)) - Reflections took 51 ms to scan 7 urls, producing 146 keys and 348 values 
2022-12-23 07:23:44,294 [Listener at 127.0.0.1/40881] INFO  statemachine.DatanodeStateMachine (DatanodeStateMachine.java:getEndPointTaskThreadPoolSize(248)) - Datanode State Machine Task Thread Pool size 2
2022-12-23 07:23:44,295 [Listener at 127.0.0.1/40881] INFO  volume.HddsVolume (HddsVolume.java:<init>(117)) - Creating HddsVolume: /home/runner/work/ozone/ozone/hadoop-ozone/integration-test/target/test-dir/MiniOzoneClusterImpl-ba7f31e0-0b52-47fc-8fdc-dbbc4e827165/datanode-2/data-0/containers/hdds of storage type : DISK capacity : 9223372036854775807
2022-12-23 07:23:44,296 [Listener at 127.0.0.1/40881] INFO  volume.MutableVolumeSet (MutableVolumeSet.java:initializeVolumeSet(174)) - Added Volume : /home/runner/work/ozone/ozone/hadoop-ozone/integration-test/target/test-dir/MiniOzoneClusterImpl-ba7f31e0-0b52-47fc-8fdc-dbbc4e827165/datanode-2/data-0/containers/hdds to VolumeSet
2022-12-23 07:23:44,296 [Listener at 127.0.0.1/40881] INFO  volume.ThrottledAsyncChecker (ThrottledAsyncChecker.java:schedule(141)) - Scheduling a check for /home/runner/work/ozone/ozone/hadoop-ozone/integration-test/target/test-dir/MiniOzoneClusterImpl-ba7f31e0-0b52-47fc-8fdc-dbbc4e827165/datanode-2/data-0/containers/hdds
2022-12-23 07:23:44,296 [Listener at 127.0.0.1/40881] INFO  volume.StorageVolumeChecker (StorageVolumeChecker.java:checkAllVolumes(202)) - Scheduled health check for volume /home/runner/work/ozone/ozone/hadoop-ozone/integration-test/target/test-dir/MiniOzoneClusterImpl-ba7f31e0-0b52-47fc-8fdc-dbbc4e827165/datanode-2/data-0/containers/hdds
2022-12-23 07:23:44,309 [Listener at 127.0.0.1/40881] INFO  volume.MutableVolumeSet (MutableVolumeSet.java:initializeVolumeSet(174)) - Added Volume : /home/runner/work/ozone/ozone/hadoop-ozone/integration-test/target/test-dir/MiniOzoneClusterImpl-ba7f31e0-0b52-47fc-8fdc-dbbc4e827165/datanode-2/data/ratis to VolumeSet
2022-12-23 07:23:44,309 [Listener at 127.0.0.1/40881] INFO  volume.ThrottledAsyncChecker (ThrottledAsyncChecker.java:schedule(141)) - Scheduling a check for /home/runner/work/ozone/ozone/hadoop-ozone/integration-test/target/test-dir/MiniOzoneClusterImpl-ba7f31e0-0b52-47fc-8fdc-dbbc4e827165/datanode-2/data/ratis
2022-12-23 07:23:44,309 [Listener at 127.0.0.1/40881] INFO  volume.StorageVolumeChecker (StorageVolumeChecker.java:checkAllVolumes(202)) - Scheduled health check for volume /home/runner/work/ozone/ozone/hadoop-ozone/integration-test/target/test-dir/MiniOzoneClusterImpl-ba7f31e0-0b52-47fc-8fdc-dbbc4e827165/datanode-2/data/ratis
2022-12-23 07:23:44,321 [Thread-1626] INFO  ozoneimpl.ContainerReader (ContainerReader.java:readVolume(175)) - Finish verifying containers on volume /home/runner/work/ozone/ozone/hadoop-ozone/integration-test/target/test-dir/MiniOzoneClusterImpl-ba7f31e0-0b52-47fc-8fdc-dbbc4e827165/datanode-2/data-0/containers/hdds
2022-12-23 07:23:44,321 [Listener at 127.0.0.1/40881] INFO  ozoneimpl.OzoneContainer (OzoneContainer.java:buildContainerSet(301)) - Build ContainerSet costs 0s
2022-12-23 07:23:44,323 [Listener at 127.0.0.1/40881] INFO  server.RaftServer (ConfUtils.java:logGet(46)) - raft.rpc.type = GRPC (default)
2022-12-23 07:23:44,323 [Listener at 127.0.0.1/40881] INFO  grpc.GrpcConfigKeys (ConfUtils.java:logFallback(53)) - raft.grpc.admin.host = null (fallback to raft.grpc.server.host)
2022-12-23 07:23:44,324 [Listener at 127.0.0.1/40881] INFO  grpc.GrpcConfigKeys (ConfUtils.java:logGet(46)) - raft.grpc.admin.port = 0 (custom)
2022-12-23 07:23:44,324 [Listener at 127.0.0.1/40881] INFO  grpc.GrpcConfigKeys (ConfUtils.java:logFallback(53)) - raft.grpc.client.host = null (fallback to raft.grpc.server.host)
2022-12-23 07:23:44,324 [Listener at 127.0.0.1/40881] INFO  grpc.GrpcConfigKeys (ConfUtils.java:logGet(46)) - raft.grpc.client.port = 0 (custom)
2022-12-23 07:23:44,324 [Listener at 127.0.0.1/40881] INFO  grpc.GrpcConfigKeys (ConfUtils.java:logGet(46)) - raft.grpc.server.host = null (default)
2022-12-23 07:23:44,324 [Listener at 127.0.0.1/40881] INFO  grpc.GrpcConfigKeys (ConfUtils.java:logGet(46)) - raft.grpc.server.port = 0 (default)
2022-12-23 07:23:44,324 [Listener at 127.0.0.1/40881] INFO  server.GrpcService (ConfUtils.java:logGet(46)) - raft.grpc.message.size.max = 32MB (=33554432) (custom)
2022-12-23 07:23:44,324 [Listener at 127.0.0.1/40881] INFO  server.RaftServerConfigKeys (ConfUtils.java:logGet(46)) - raft.server.log.appender.buffer.byte-limit = 33554432 (custom)
2022-12-23 07:23:44,325 [Listener at 127.0.0.1/40881] INFO  server.GrpcService (ConfUtils.java:logGet(46)) - raft.grpc.flow.control.window = 5MB (=5242880) (custom)
2022-12-23 07:23:44,325 [Listener at 127.0.0.1/40881] INFO  server.RaftServerConfigKeys (ConfUtils.java:logGet(46)) - raft.server.rpc.request.timeout = 60s (custom)
2022-12-23 07:23:44,325 [Listener at 127.0.0.1/40881] INFO  grpc.GrpcConfigKeys (ConfUtils.java:logGet(46)) - raft.grpc.server.heartbeat.channel = true (default)
2022-12-23 07:23:44,325 [Listener at 127.0.0.1/40881] INFO  grpc.GrpcConfigKeys (ConfUtils.java:logGet(46)) - raft.grpc.server.async.request.thread.pool.cached = true (default)
2022-12-23 07:23:44,325 [Listener at 127.0.0.1/40881] INFO  grpc.GrpcConfigKeys (ConfUtils.java:logGet(46)) - raft.grpc.server.async.request.thread.pool.size = 32 (default)
2022-12-23 07:23:44,326 [Listener at 127.0.0.1/40881] INFO  impl.DataStreamServerImpl (ConfUtils.java:logGet(46)) - raft.datastream.type = NETTY (custom)
2022-12-23 07:23:44,327 [Listener at 127.0.0.1/40881] INFO  server.RaftServerConfigKeys (ConfUtils.java:logGet(46)) - raft.server.data-stream.async.request.thread.pool.cached = false (default)
2022-12-23 07:23:44,327 [Listener at 127.0.0.1/40881] INFO  server.RaftServerConfigKeys (ConfUtils.java:logGet(46)) - raft.server.data-stream.async.request.thread.pool.size = 20 (custom)
2022-12-23 07:23:44,327 [Listener at 127.0.0.1/40881] INFO  server.RaftServerConfigKeys (ConfUtils.java:logGet(46)) - raft.server.data-stream.async.write.thread.pool.size = 16 (default)
2022-12-23 07:23:44,327 [Listener at 127.0.0.1/40881] INFO  server.RaftServerConfigKeys (ConfUtils.java:logGet(46)) - raft.server.data-stream.client.pool.size = 10 (default)
2022-12-23 07:23:44,328 [Listener at 127.0.0.1/40881] INFO  netty.NettyConfigKeys$DataStream (ConfUtils.java:logGet(46)) - raft.netty.dataStream.server.use-epoll = false (default)
2022-12-23 07:23:44,328 [Listener at 127.0.0.1/40881] INFO  netty.NettyConfigKeys$DataStream (ConfUtils.java:logGet(46)) - raft.netty.dataStream.server.boss-group.size = 0 (default)
2022-12-23 07:23:44,328 [Listener at 127.0.0.1/40881] INFO  netty.NettyConfigKeys$DataStream (ConfUtils.java:logGet(46)) - raft.netty.dataStream.server.worker-group.size = 0 (default)
2022-12-23 07:23:44,329 [Listener at 127.0.0.1/40881] INFO  netty.NettyConfigKeys$DataStream (ConfUtils.java:logGet(46)) - raft.netty.dataStream.server.tls.conf = null (default)
2022-12-23 07:23:44,329 [Listener at 127.0.0.1/40881] INFO  netty.NettyConfigKeys$DataStream (ConfUtils.java:logGet(46)) - raft.netty.dataStream.host = null (default)
2022-12-23 07:23:44,329 [Listener at 127.0.0.1/40881] INFO  netty.NettyConfigKeys$DataStream (ConfUtils.java:logGet(46)) - raft.netty.dataStream.port = 0 (default)
2022-12-23 07:23:44,330 [Listener at 127.0.0.1/40881] INFO  server.RaftServerConfigKeys (ConfUtils.java:logGet(46)) - raft.server.threadpool.proxy.cached = true (default)
2022-12-23 07:23:44,330 [Listener at 127.0.0.1/40881] INFO  server.RaftServerConfigKeys (ConfUtils.java:logGet(46)) - raft.server.threadpool.proxy.size = 0 (default)
2022-12-23 07:23:44,330 [Listener at 127.0.0.1/40881] INFO  server.RaftServerConfigKeys (ConfUtils.java:logGet(46)) - raft.server.rpc.slowness.timeout = 300s (custom)
2022-12-23 07:23:44,330 [Listener at 127.0.0.1/40881] INFO  server.RaftServerConfigKeys (ConfUtils.java:logGet(46)) - raft.server.leaderelection.leader.step-down.wait-time = 10s (default)
2022-12-23 07:23:44,330 [Listener at 127.0.0.1/40881] INFO  server.RaftServerConfigKeys (ConfUtils.java:logGet(46)) - raft.server.storage.dir = [/home/runner/work/ozone/ozone/hadoop-ozone/integration-test/target/test-dir/MiniOzoneClusterImpl-ba7f31e0-0b52-47fc-8fdc-dbbc4e827165/datanode-2/data/ratis] (custom)
2022-12-23 07:23:44,331 [f44a0d93-0667-421f-b71e-e5df73887e0c-NettyServerStreamRpc-bossGroup--thread1] INFO  logging.LoggingHandler (AbstractInternalLogger.java:log(148)) - [id: 0x3a2612fc] REGISTERED
2022-12-23 07:23:44,331 [f44a0d93-0667-421f-b71e-e5df73887e0c-NettyServerStreamRpc-bossGroup--thread1] INFO  logging.LoggingHandler (AbstractInternalLogger.java:log(148)) - [id: 0x3a2612fc] BIND: 0.0.0.0/0.0.0.0:0
2022-12-23 07:23:44,331 [f44a0d93-0667-421f-b71e-e5df73887e0c-NettyServerStreamRpc-bossGroup--thread1] INFO  logging.LoggingHandler (AbstractInternalLogger.java:log(148)) - [id: 0x3a2612fc, L:/0:0:0:0:0:0:0:0:41779] ACTIVE
2022-12-23 07:23:44,332 [Listener at 127.0.0.1/40881] INFO  server.XceiverServerGrpc (XceiverServerGrpc.java:<init>(132)) - GrpcServer channel type EpollServerSocketChannel
2022-12-23 07:23:44,341 [Listener at 127.0.0.1/40881] INFO  http.BaseHttpServer (BaseHttpServer.java:newHttpServer2BuilderForOzone(213)) - Starting Web-server for hddsDatanode at: http://0.0.0.0:0
2022-12-23 07:23:44,341 [Listener at 127.0.0.1/40881] INFO  http.BaseHttpServer (BaseHttpServer.java:<init>(108)) - Hadoop Security Enabled: false Ozone Security Enabled: false Ozone HTTP Security Enabled: false 
2022-12-23 07:23:44,342 [Listener at 127.0.0.1/40881] WARN  server.AuthenticationFilter (AuthenticationFilter.java:constructSecretProvider(240)) - Unable to initialize FileSignerSecretProvider, falling back to use random secrets. Reason: Could not read signature secret file: /home/runner/hadoop-http-auth-signature-secret
2022-12-23 07:23:44,344 [Listener at 127.0.0.1/40881] WARN  http.HttpRequestLog (HttpRequestLog.java:getRequestLog(103)) - Jetty request log can only be enabled using Log4j
2022-12-23 07:23:44,345 [Listener at 127.0.0.1/40881] INFO  http.HttpServer2 (HttpServer2.java:addGlobalFilter(1031)) - Added global filter 'safety' (class=org.apache.hadoop.hdds.server.http.HttpServer2$QuotingInputFilter)
2022-12-23 07:23:44,345 [Listener at 127.0.0.1/40881] INFO  http.HttpServer2 (HttpServer2.java:addFilter(1007)) - Added filter static_user_filter (class=org.apache.hadoop.http.lib.StaticUserWebFilter$StaticUserFilter) to context hddsDatanode
2022-12-23 07:23:44,345 [Listener at 127.0.0.1/40881] INFO  http.HttpServer2 (HttpServer2.java:addFilter(1015)) - Added filter static_user_filter (class=org.apache.hadoop.http.lib.StaticUserWebFilter$StaticUserFilter) to context static
2022-12-23 07:23:44,345 [Listener at 127.0.0.1/40881] INFO  http.HttpServer2 (HttpServer2.java:addFilter(1015)) - Added filter static_user_filter (class=org.apache.hadoop.http.lib.StaticUserWebFilter$StaticUserFilter) to context logs
2022-12-23 07:23:44,346 [Listener at 127.0.0.1/40881] INFO  http.HttpServer2 (HttpServer2.java:bindListener(1250)) - Jetty bound to port 46621
2022-12-23 07:23:44,346 [Listener at 127.0.0.1/40881] INFO  server.Server (Server.java:doStart(375)) - jetty-9.4.49.v20220914; built: 2022-09-14T01:07:36.601Z; git: 4231a3b2e4cb8548a412a789936d640a97b1aa0a; jvm 1.8.0_352-b08
2022-12-23 07:23:44,414 [Listener at 127.0.0.1/40881] INFO  server.session (DefaultSessionIdManager.java:doStart(334)) - DefaultSessionIdManager workerName=node0
2022-12-23 07:23:44,415 [Listener at 127.0.0.1/40881] INFO  server.session (DefaultSessionIdManager.java:doStart(339)) - No SessionScavenger set, using defaults
2022-12-23 07:23:44,415 [Listener at 127.0.0.1/40881] INFO  server.session (HouseKeeper.java:startScavenging(132)) - node0 Scavenging every 600000ms
2022-12-23 07:23:44,417 [Listener at 127.0.0.1/40881] INFO  handler.ContextHandler (ContextHandler.java:doStart(921)) - Started o.e.j.s.ServletContextHandler@4c8be97f{logs,/logs,file:///home/runner/work/ozone/ozone/hadoop-ozone/integration-test/target/log,AVAILABLE}
2022-12-23 07:23:44,418 [Listener at 127.0.0.1/40881] INFO  handler.ContextHandler (ContextHandler.java:doStart(921)) - Started o.e.j.s.ServletContextHandler@71ccc82e{static,/static,jar:file:/home/runner/.m2/repository/org/apache/ozone/hdds-container-service/1.3.0-SNAPSHOT/hdds-container-service-1.3.0-SNAPSHOT.jar!/webapps/static,AVAILABLE}
2022-12-23 07:23:44,509 [om1@group-C5BA1605619E-FollowerState] INFO  impl.FollowerState (FollowerState.java:run(143)) - om1@group-C5BA1605619E-FollowerState: change to CANDIDATE, lastRpcElapsedTime:1055606809ns, electionTimeout:1055ms
2022-12-23 07:23:44,509 [om1@group-C5BA1605619E-FollowerState] INFO  impl.RoleInfo (RoleInfo.java:shutdownFollowerState(110)) - om1: shutdown om1@group-C5BA1605619E-FollowerState
2022-12-23 07:23:44,509 [om1@group-C5BA1605619E-FollowerState] INFO  server.RaftServer$Division (RaftServerImpl.java:setRole(321)) - om1@group-C5BA1605619E: changes role from  FOLLOWER to CANDIDATE at term 0 for changeToCandidate
2022-12-23 07:23:44,509 [om1@group-C5BA1605619E-FollowerState] INFO  server.RaftServerConfigKeys (ConfUtils.java:logGet(46)) - raft.server.leaderelection.pre-vote = false (custom)
2022-12-23 07:23:44,509 [om1@group-C5BA1605619E-FollowerState] INFO  impl.RoleInfo (RoleInfo.java:updateAndGet(139)) - om1: start om1@group-C5BA1605619E-LeaderElection41
2022-12-23 07:23:44,513 [om1@group-C5BA1605619E-LeaderElection41] INFO  impl.LeaderElection (LeaderElection.java:askForVotes(312)) - om1@group-C5BA1605619E-LeaderElection41 ELECTION round 0: submit vote requests at term 1 for -1: peers:[om1|rpc:localhost:9872|priority:0|startupRole:FOLLOWER]|listeners:[], old=null
2022-12-23 07:23:44,513 [om1@group-C5BA1605619E-LeaderElection41] INFO  impl.LeaderElection (LeaderElection.java:askForVotes(314)) - om1@group-C5BA1605619E-LeaderElection41 ELECTION round 0: result PASSED (term=1)
2022-12-23 07:23:44,513 [om1@group-C5BA1605619E-LeaderElection41] INFO  impl.RoleInfo (RoleInfo.java:shutdownLeaderElection(130)) - om1: shutdown om1@group-C5BA1605619E-LeaderElection41
2022-12-23 07:23:44,513 [om1@group-C5BA1605619E-LeaderElection41] INFO  server.RaftServer$Division (RaftServerImpl.java:setRole(321)) - om1@group-C5BA1605619E: changes role from CANDIDATE to LEADER at term 1 for changeToLeader
2022-12-23 07:23:44,513 [om1@group-C5BA1605619E-LeaderElection41] INFO  server.RaftServer$Division (ServerState.java:setLeader(313)) - om1@group-C5BA1605619E: change Leader from null to om1 at term 1 for becomeLeader, leader elected after 1480ms
2022-12-23 07:23:44,513 [om1@group-C5BA1605619E-LeaderElection41] INFO  server.RaftServerConfigKeys (ConfUtils.java:logGet(46)) - raft.server.staging.catchup.gap = 1000 (default)
2022-12-23 07:23:44,513 [om1@group-C5BA1605619E-LeaderElection41] INFO  server.RaftServerConfigKeys (ConfUtils.java:logGet(46)) - raft.server.write.element-limit = 4096 (default)
2022-12-23 07:23:44,513 [om1@group-C5BA1605619E-LeaderElection41] INFO  server.RaftServerConfigKeys (ConfUtils.java:logGet(46)) - raft.server.write.byte-limit = 64MB (=67108864) (default)
2022-12-23 07:23:44,513 [om1@group-C5BA1605619E-LeaderElection41] INFO  server.RaftServerConfigKeys (ConfUtils.java:logGet(46)) - raft.server.watch.timeout = 10s (default)
2022-12-23 07:23:44,513 [om1@group-C5BA1605619E-LeaderElection41] INFO  server.RaftServerConfigKeys (ConfUtils.java:logGet(46)) - raft.server.watch.timeout.denomination = 1s (default)
2022-12-23 07:23:44,513 [om1@group-C5BA1605619E-LeaderElection41] INFO  server.RaftServerConfigKeys (ConfUtils.java:logGet(46)) - raft.server.watch.element-limit = 65536 (default)
2022-12-23 07:23:44,514 [om1@group-C5BA1605619E-LeaderElection41] INFO  server.RaftServerConfigKeys (ConfUtils.java:logGet(46)) - raft.server.write.element-limit = 4096 (default)
2022-12-23 07:23:44,514 [om1@group-C5BA1605619E-LeaderElection41] INFO  server.RaftServerConfigKeys (ConfUtils.java:logGet(46)) - raft.server.write.follower.gap.ratio.max = -1.0 (default)
2022-12-23 07:23:44,514 [om1@group-C5BA1605619E-LeaderElection41] INFO  impl.RoleInfo (RoleInfo.java:updateAndGet(139)) - om1: start om1@group-C5BA1605619E-LeaderStateImpl
2022-12-23 07:23:44,514 [om1@group-C5BA1605619E-LeaderElection41] INFO  segmented.SegmentedRaftLogWorker (SegmentedRaftLogWorker.java:startLogSegment(452)) - om1@group-C5BA1605619E-SegmentedRaftLogWorker: Starting segment from index:0
2022-12-23 07:23:44,522 [om1@group-C5BA1605619E-LeaderElection41] INFO  server.RaftServer$Division (ServerState.java:setRaftConf(430)) - om1@group-C5BA1605619E: set configuration 0: peers:[om1|rpc:localhost:9872|admin:|client:|dataStream:|priority:0|startupRole:FOLLOWER]|listeners:[], old=null
2022-12-23 07:23:44,528 [om1@group-C5BA1605619E-SegmentedRaftLogWorker] INFO  segmented.SegmentedRaftLogWorker (SegmentedRaftLogWorker.java:execute(656)) - om1@group-C5BA1605619E-SegmentedRaftLogWorker: created new log segment /home/runner/work/ozone/ozone/hadoop-ozone/integration-test/target/test-dir/MiniOzoneClusterImpl-ba7f31e0-0b52-47fc-8fdc-dbbc4e827165/ozone-meta/ratis/bf265839-605b-3f16-9796-c5ba1605619e/current/log_inprogress_0
2022-12-23 07:23:44,529 [om1@group-C5BA1605619E-StateMachineUpdater] INFO  ratis.OzoneManagerStateMachine (OzoneManagerStateMachine.java:notifyConfigurationChanged(192)) - Received Configuration change notification from Ratis. New Peer list:
[id: "om1"
address: "localhost:9872"
startupRole: FOLLOWER
]
2022-12-23 07:23:44,613 [Listener at 127.0.0.1/40881] INFO  handler.ContextHandler (ContextHandler.java:doStart(921)) - Started o.e.j.w.WebAppContext@102310f6{hddsDatanode,/,file:///tmp/jetty-0_0_0_0-46621-hdds-container-service-1_3_0-SNAPSHOT_jar-_-any-3880732570541341990/webapp/,AVAILABLE}{jar:file:/home/runner/.m2/repository/org/apache/ozone/hdds-container-service/1.3.0-SNAPSHOT/hdds-container-service-1.3.0-SNAPSHOT.jar!/webapps/hddsDatanode}
2022-12-23 07:23:44,615 [Listener at 127.0.0.1/40881] INFO  server.AbstractConnector (AbstractConnector.java:doStart(333)) - Started ServerConnector@232f5720{HTTP/1.1, (http/1.1)}{0.0.0.0:46621}
2022-12-23 07:23:44,615 [Listener at 127.0.0.1/40881] INFO  server.Server (Server.java:doStart(415)) - Started @125574ms
2022-12-23 07:23:44,615 [Listener at 127.0.0.1/40881] WARN  impl.MetricsSystemImpl (MetricsSystemImpl.java:register(279)) - Sink prometheus already exists!
2022-12-23 07:23:44,616 [Listener at 127.0.0.1/40881] INFO  http.BaseHttpServer (BaseHttpServer.java:updateConnectorAddress(333)) - HTTP server of hddsDatanode listening at http://0.0.0.0:46621
2022-12-23 07:23:44,616 [Datanode State Machine Daemon Thread] INFO  statemachine.DatanodeStateMachine (DatanodeStateMachine.java:lambda$startDaemon$0(508)) - Ozone container server started.
2022-12-23 07:23:44,620 [Listener at 127.0.0.1/40881] INFO  ozone.MiniOzoneClusterImpl (MiniOzoneClusterImpl.java:lambda$waitForClusterToBeReady$0(217)) - Waiting for nodes to be ready. Got 0 of 3 DN Heartbeats.
2022-12-23 07:23:44,622 [Listener at 127.0.0.1/40881] INFO  ozone.MiniOzoneClusterImpl (MiniOzoneClusterImpl.java:lambda$waitForClusterToBeReady$0(220)) - Waiting for cluster to exit safe mode
2022-12-23 07:23:44,622 [Listener at 127.0.0.1/40881] INFO  ozone.MiniOzoneClusterImpl (MiniOzoneClusterImpl.java:lambda$waitForClusterToBeReady$0(222)) - SCM became leader
2022-12-23 07:23:44,622 [org.apache.hadoop.util.JvmPauseMonitor$Monitor@2f08de5c] INFO  util.JvmPauseMonitor (JvmPauseMonitor.java:run(188)) - Starting JVM pause monitor
2022-12-23 07:23:44,623 [Datanode State Machine Task Thread - 0] INFO  datanode.InitDatanodeState (InitDatanodeState.java:persistContainerDatanodeDetails(138)) - DatanodeDetails is persisted to /home/runner/work/ozone/ozone/hadoop-ozone/integration-test/target/test-dir/MiniOzoneClusterImpl-ba7f31e0-0b52-47fc-8fdc-dbbc4e827165/datanode-2/meta/datanode.id
2022-12-23 07:23:45,622 [Listener at 127.0.0.1/40881] INFO  ozone.MiniOzoneClusterImpl (MiniOzoneClusterImpl.java:lambda$waitForClusterToBeReady$0(217)) - Waiting for nodes to be ready. Got 0 of 3 DN Heartbeats.
2022-12-23 07:23:45,622 [Listener at 127.0.0.1/40881] INFO  ozone.MiniOzoneClusterImpl (MiniOzoneClusterImpl.java:lambda$waitForClusterToBeReady$0(220)) - Waiting for cluster to exit safe mode
2022-12-23 07:23:45,622 [Listener at 127.0.0.1/40881] INFO  ozone.MiniOzoneClusterImpl (MiniOzoneClusterImpl.java:lambda$waitForClusterToBeReady$0(222)) - SCM became leader
2022-12-23 07:23:45,881 [EndpointStateMachine task thread for /0.0.0.0:34013 - 0 ] INFO  utils.DatanodeStoreCache (DatanodeStoreCache.java:addDB(58)) - Added db /home/runner/work/ozone/ozone/hadoop-ozone/integration-test/target/test-dir/MiniOzoneClusterImpl-ba7f31e0-0b52-47fc-8fdc-dbbc4e827165/datanode-0/data-0/containers/hdds/ba7f31e0-0b52-47fc-8fdc-dbbc4e827165/DS-a8cdb492-8513-4dfe-aad2-5dc851be4bc3/container.db to cache
2022-12-23 07:23:45,882 [EndpointStateMachine task thread for /0.0.0.0:34013 - 0 ] INFO  volume.HddsVolume (HddsVolume.java:createDbStore(307)) - SchemaV3 db is created and loaded at /home/runner/work/ozone/ozone/hadoop-ozone/integration-test/target/test-dir/MiniOzoneClusterImpl-ba7f31e0-0b52-47fc-8fdc-dbbc4e827165/datanode-0/data-0/containers/hdds/ba7f31e0-0b52-47fc-8fdc-dbbc4e827165/DS-a8cdb492-8513-4dfe-aad2-5dc851be4bc3/container.db for volume DS-a8cdb492-8513-4dfe-aad2-5dc851be4bc3
2022-12-23 07:23:45,882 [EndpointStateMachine task thread for /0.0.0.0:34013 - 0 ] INFO  ozoneimpl.OzoneContainer (OzoneContainer.java:start(395)) - Attempting to start container services.
2022-12-23 07:23:45,882 [EndpointStateMachine task thread for /0.0.0.0:34013 - 0 ] INFO  ozoneimpl.OzoneContainer (OzoneContainer.java:startContainerScrub(312)) - Scheduled background container scanners and the on-demand container scanner have been disabled.
2022-12-23 07:23:45,891 [EndpointStateMachine task thread for /0.0.0.0:34013 - 0 ] INFO  replication.ReplicationServer (ReplicationServer.java:start(106)) - ReplicationServer is started using port 40059
2022-12-23 07:23:45,891 [EndpointStateMachine task thread for /0.0.0.0:34013 - 0 ] INFO  ratis.XceiverServerRatis (XceiverServerRatis.java:start(517)) - Starting XceiverServerRatis afc81946-b921-414f-975a-f6fdc8ce3c83
2022-12-23 07:23:45,893 [EndpointStateMachine task thread for /0.0.0.0:34013 - 0 ] INFO  server.RaftServer (RaftServerProxy.java:startImpl(393)) - afc81946-b921-414f-975a-f6fdc8ce3c83: start RPC server
2022-12-23 07:23:45,893 [EndpointStateMachine task thread for /0.0.0.0:34013 - 0 ] INFO  server.GrpcService (GrpcService.java:startImpl(262)) - afc81946-b921-414f-975a-f6fdc8ce3c83: GrpcService started, listening on 46711
2022-12-23 07:23:45,894 [EndpointStateMachine task thread for /0.0.0.0:34013 - 0 ] INFO  ratis.XceiverServerRatis (XceiverServerRatis.java:getRealPort(543)) - XceiverServerRatis afc81946-b921-414f-975a-f6fdc8ce3c83 is started using port 46711 for RATIS
2022-12-23 07:23:45,894 [EndpointStateMachine task thread for /0.0.0.0:34013 - 0 ] INFO  ratis.XceiverServerRatis (XceiverServerRatis.java:getRealPort(543)) - XceiverServerRatis afc81946-b921-414f-975a-f6fdc8ce3c83 is started using port 46711 for RATIS_ADMIN
2022-12-23 07:23:45,894 [EndpointStateMachine task thread for /0.0.0.0:34013 - 0 ] INFO  ratis.XceiverServerRatis (XceiverServerRatis.java:getRealPort(543)) - XceiverServerRatis afc81946-b921-414f-975a-f6fdc8ce3c83 is started using port 46711 for RATIS_SERVER
2022-12-23 07:23:45,894 [EndpointStateMachine task thread for /0.0.0.0:34013 - 0 ] INFO  ratis.XceiverServerRatis (XceiverServerRatis.java:getRealPort(543)) - XceiverServerRatis afc81946-b921-414f-975a-f6fdc8ce3c83 is started using port 42573 for RATIS_DATASTREAM
2022-12-23 07:23:45,894 [JvmPauseMonitor21] INFO  util.JvmPauseMonitor (JvmPauseMonitor.java:run(105)) - JvmPauseMonitor-afc81946-b921-414f-975a-f6fdc8ce3c83: Started
2022-12-23 07:23:45,895 [EndpointStateMachine task thread for /0.0.0.0:34013 - 0 ] INFO  server.XceiverServerGrpc (XceiverServerGrpc.java:start(180)) - XceiverServerGrpc afc81946-b921-414f-975a-f6fdc8ce3c83 is started using port 39433
2022-12-23 07:23:46,241 [EndpointStateMachine task thread for /0.0.0.0:34013 - 0 ] INFO  utils.DatanodeStoreCache (DatanodeStoreCache.java:addDB(58)) - Added db /home/runner/work/ozone/ozone/hadoop-ozone/integration-test/target/test-dir/MiniOzoneClusterImpl-ba7f31e0-0b52-47fc-8fdc-dbbc4e827165/datanode-1/data-0/containers/hdds/ba7f31e0-0b52-47fc-8fdc-dbbc4e827165/DS-16e64e7e-8405-450c-9a13-ca335f7f543b/container.db to cache
2022-12-23 07:23:46,241 [EndpointStateMachine task thread for /0.0.0.0:34013 - 0 ] INFO  volume.HddsVolume (HddsVolume.java:createDbStore(307)) - SchemaV3 db is created and loaded at /home/runner/work/ozone/ozone/hadoop-ozone/integration-test/target/test-dir/MiniOzoneClusterImpl-ba7f31e0-0b52-47fc-8fdc-dbbc4e827165/datanode-1/data-0/containers/hdds/ba7f31e0-0b52-47fc-8fdc-dbbc4e827165/DS-16e64e7e-8405-450c-9a13-ca335f7f543b/container.db for volume DS-16e64e7e-8405-450c-9a13-ca335f7f543b
2022-12-23 07:23:46,241 [EndpointStateMachine task thread for /0.0.0.0:34013 - 0 ] INFO  ozoneimpl.OzoneContainer (OzoneContainer.java:start(395)) - Attempting to start container services.
2022-12-23 07:23:46,241 [EndpointStateMachine task thread for /0.0.0.0:34013 - 0 ] INFO  ozoneimpl.OzoneContainer (OzoneContainer.java:startContainerScrub(312)) - Scheduled background container scanners and the on-demand container scanner have been disabled.
2022-12-23 07:23:46,244 [EndpointStateMachine task thread for /0.0.0.0:34013 - 0 ] INFO  replication.ReplicationServer (ReplicationServer.java:start(106)) - ReplicationServer is started using port 40385
2022-12-23 07:23:46,245 [EndpointStateMachine task thread for /0.0.0.0:34013 - 0 ] INFO  ratis.XceiverServerRatis (XceiverServerRatis.java:start(517)) - Starting XceiverServerRatis 4855300c-9dc7-4866-b12a-0d8362434d54
2022-12-23 07:23:46,245 [EndpointStateMachine task thread for /0.0.0.0:34013 - 0 ] INFO  server.RaftServer (RaftServerProxy.java:startImpl(393)) - 4855300c-9dc7-4866-b12a-0d8362434d54: start RPC server
2022-12-23 07:23:46,246 [EndpointStateMachine task thread for /0.0.0.0:34013 - 0 ] INFO  server.GrpcService (GrpcService.java:startImpl(262)) - 4855300c-9dc7-4866-b12a-0d8362434d54: GrpcService started, listening on 46797
2022-12-23 07:23:46,246 [EndpointStateMachine task thread for /0.0.0.0:34013 - 0 ] INFO  ratis.XceiverServerRatis (XceiverServerRatis.java:getRealPort(543)) - XceiverServerRatis 4855300c-9dc7-4866-b12a-0d8362434d54 is started using port 46797 for RATIS
2022-12-23 07:23:46,246 [EndpointStateMachine task thread for /0.0.0.0:34013 - 0 ] INFO  ratis.XceiverServerRatis (XceiverServerRatis.java:getRealPort(543)) - XceiverServerRatis 4855300c-9dc7-4866-b12a-0d8362434d54 is started using port 46797 for RATIS_ADMIN
2022-12-23 07:23:46,246 [JvmPauseMonitor22] INFO  util.JvmPauseMonitor (JvmPauseMonitor.java:run(105)) - JvmPauseMonitor-4855300c-9dc7-4866-b12a-0d8362434d54: Started
2022-12-23 07:23:46,246 [EndpointStateMachine task thread for /0.0.0.0:34013 - 0 ] INFO  ratis.XceiverServerRatis (XceiverServerRatis.java:getRealPort(543)) - XceiverServerRatis 4855300c-9dc7-4866-b12a-0d8362434d54 is started using port 46797 for RATIS_SERVER
2022-12-23 07:23:46,246 [EndpointStateMachine task thread for /0.0.0.0:34013 - 0 ] INFO  ratis.XceiverServerRatis (XceiverServerRatis.java:getRealPort(543)) - XceiverServerRatis 4855300c-9dc7-4866-b12a-0d8362434d54 is started using port 32775 for RATIS_DATASTREAM
2022-12-23 07:23:46,249 [EndpointStateMachine task thread for /0.0.0.0:34013 - 0 ] INFO  server.XceiverServerGrpc (XceiverServerGrpc.java:start(180)) - XceiverServerGrpc 4855300c-9dc7-4866-b12a-0d8362434d54 is started using port 38283
2022-12-23 07:23:46,623 [Listener at 127.0.0.1/40881] INFO  ozone.MiniOzoneClusterImpl (MiniOzoneClusterImpl.java:lambda$waitForClusterToBeReady$0(217)) - Waiting for nodes to be ready. Got 0 of 3 DN Heartbeats.
2022-12-23 07:23:46,623 [Listener at 127.0.0.1/40881] INFO  ozone.MiniOzoneClusterImpl (MiniOzoneClusterImpl.java:lambda$waitForClusterToBeReady$0(220)) - Waiting for cluster to exit safe mode
2022-12-23 07:23:46,623 [Listener at 127.0.0.1/40881] INFO  ozone.MiniOzoneClusterImpl (MiniOzoneClusterImpl.java:lambda$waitForClusterToBeReady$0(222)) - SCM became leader
2022-12-23 07:23:46,657 [EndpointStateMachine task thread for /0.0.0.0:34013 - 0 ] INFO  utils.DatanodeStoreCache (DatanodeStoreCache.java:addDB(58)) - Added db /home/runner/work/ozone/ozone/hadoop-ozone/integration-test/target/test-dir/MiniOzoneClusterImpl-ba7f31e0-0b52-47fc-8fdc-dbbc4e827165/datanode-2/data-0/containers/hdds/ba7f31e0-0b52-47fc-8fdc-dbbc4e827165/DS-49ebe633-badb-4e7f-b2ff-6ffe114857cc/container.db to cache
2022-12-23 07:23:46,657 [EndpointStateMachine task thread for /0.0.0.0:34013 - 0 ] INFO  volume.HddsVolume (HddsVolume.java:createDbStore(307)) - SchemaV3 db is created and loaded at /home/runner/work/ozone/ozone/hadoop-ozone/integration-test/target/test-dir/MiniOzoneClusterImpl-ba7f31e0-0b52-47fc-8fdc-dbbc4e827165/datanode-2/data-0/containers/hdds/ba7f31e0-0b52-47fc-8fdc-dbbc4e827165/DS-49ebe633-badb-4e7f-b2ff-6ffe114857cc/container.db for volume DS-49ebe633-badb-4e7f-b2ff-6ffe114857cc
2022-12-23 07:23:46,657 [EndpointStateMachine task thread for /0.0.0.0:34013 - 0 ] INFO  ozoneimpl.OzoneContainer (OzoneContainer.java:start(395)) - Attempting to start container services.
2022-12-23 07:23:46,657 [EndpointStateMachine task thread for /0.0.0.0:34013 - 0 ] INFO  ozoneimpl.OzoneContainer (OzoneContainer.java:startContainerScrub(312)) - Scheduled background container scanners and the on-demand container scanner have been disabled.
2022-12-23 07:23:46,660 [EndpointStateMachine task thread for /0.0.0.0:34013 - 0 ] INFO  replication.ReplicationServer (ReplicationServer.java:start(106)) - ReplicationServer is started using port 42141
2022-12-23 07:23:46,661 [EndpointStateMachine task thread for /0.0.0.0:34013 - 0 ] INFO  ratis.XceiverServerRatis (XceiverServerRatis.java:start(517)) - Starting XceiverServerRatis f44a0d93-0667-421f-b71e-e5df73887e0c
2022-12-23 07:23:46,662 [EndpointStateMachine task thread for /0.0.0.0:34013 - 0 ] INFO  server.RaftServer (RaftServerProxy.java:startImpl(393)) - f44a0d93-0667-421f-b71e-e5df73887e0c: start RPC server
2022-12-23 07:23:46,669 [EndpointStateMachine task thread for /0.0.0.0:34013 - 0 ] INFO  server.GrpcService (GrpcService.java:startImpl(262)) - f44a0d93-0667-421f-b71e-e5df73887e0c: GrpcService started, listening on 45029
2022-12-23 07:23:46,669 [EndpointStateMachine task thread for /0.0.0.0:34013 - 0 ] INFO  ratis.XceiverServerRatis (XceiverServerRatis.java:getRealPort(543)) - XceiverServerRatis f44a0d93-0667-421f-b71e-e5df73887e0c is started using port 45029 for RATIS
2022-12-23 07:23:46,669 [JvmPauseMonitor23] INFO  util.JvmPauseMonitor (JvmPauseMonitor.java:run(105)) - JvmPauseMonitor-f44a0d93-0667-421f-b71e-e5df73887e0c: Started
2022-12-23 07:23:46,669 [EndpointStateMachine task thread for /0.0.0.0:34013 - 0 ] INFO  ratis.XceiverServerRatis (XceiverServerRatis.java:getRealPort(543)) - XceiverServerRatis f44a0d93-0667-421f-b71e-e5df73887e0c is started using port 45029 for RATIS_ADMIN
2022-12-23 07:23:46,670 [EndpointStateMachine task thread for /0.0.0.0:34013 - 0 ] INFO  ratis.XceiverServerRatis (XceiverServerRatis.java:getRealPort(543)) - XceiverServerRatis f44a0d93-0667-421f-b71e-e5df73887e0c is started using port 45029 for RATIS_SERVER
2022-12-23 07:23:46,670 [EndpointStateMachine task thread for /0.0.0.0:34013 - 0 ] INFO  ratis.XceiverServerRatis (XceiverServerRatis.java:getRealPort(543)) - XceiverServerRatis f44a0d93-0667-421f-b71e-e5df73887e0c is started using port 41779 for RATIS_DATASTREAM
2022-12-23 07:23:46,671 [EndpointStateMachine task thread for /0.0.0.0:34013 - 0 ] INFO  server.XceiverServerGrpc (XceiverServerGrpc.java:start(180)) - XceiverServerGrpc f44a0d93-0667-421f-b71e-e5df73887e0c is started using port 34947
2022-12-23 07:23:47,623 [Listener at 127.0.0.1/40881] INFO  ozone.MiniOzoneClusterImpl (MiniOzoneClusterImpl.java:lambda$waitForClusterToBeReady$0(217)) - Waiting for nodes to be ready. Got 0 of 3 DN Heartbeats.
2022-12-23 07:23:47,624 [Listener at 127.0.0.1/40881] INFO  ozone.MiniOzoneClusterImpl (MiniOzoneClusterImpl.java:lambda$waitForClusterToBeReady$0(220)) - Waiting for cluster to exit safe mode
2022-12-23 07:23:47,624 [Listener at 127.0.0.1/40881] INFO  ozone.MiniOzoneClusterImpl (MiniOzoneClusterImpl.java:lambda$waitForClusterToBeReady$0(222)) - SCM became leader
2022-12-23 07:23:47,841 [IPC Server handler 0 on default port 34013] INFO  net.NetworkTopologyImpl (NetworkTopologyImpl.java:add(112)) - Added a new node: /default-rack/afc81946-b921-414f-975a-f6fdc8ce3c83
2022-12-23 07:23:47,841 [IPC Server handler 0 on default port 34013] INFO  node.SCMNodeManager (SCMNodeManager.java:register(397)) - Registered Data node : afc81946-b921-414f-975a-f6fdc8ce3c83{ip: 10.1.0.40, host: fv-az505-480.g2e1luzo1moefklhgra4trf2va.dx.internal.cloudapp.net, ports: [REPLICATION=40059, RATIS=46711, RATIS_ADMIN=46711, RATIS_SERVER=46711, RATIS_DATASTREAM=42573, STANDALONE=39433], networkLocation: /default-rack, certSerialId: null, persistedOpState: null, persistedOpStateExpiryEpochSec: 0}
2022-12-23 07:23:47,845 [EventQueue-NewNodeForNewNodeHandler] INFO  pipeline.BackgroundPipelineCreator (BackgroundPipelineCreator.java:notifyEventTriggered(276)) - trigger a one-shot run on RatisPipelineUtilsThread.
2022-12-23 07:23:47,845 [EventQueue-NodeRegistrationContainerReportForContainerSafeModeRule] INFO  safemode.SCMSafeModeManager (SCMSafeModeManager.java:validateSafeModeExitRules(200)) - ContainerSafeModeRule rule is successfully validated
2022-12-23 07:23:47,846 [RatisPipelineUtilsThread - 0] INFO  pipeline.RatisPipelineProvider (RatisPipelineProvider.java:lambda$create$0(206)) - Sending CreatePipelineCommand for pipeline:PipelineID=17fa6d08-14d5-4fc5-b4f4-41a926002720 to datanode:afc81946-b921-414f-975a-f6fdc8ce3c83
2022-12-23 07:23:47,847 [EventQueue-NodeRegistrationContainerReportForDataNodeSafeModeRule] INFO  safemode.SCMSafeModeManager (DataNodeSafeModeRule.java:process(71)) - SCM in safe mode. 1 DataNodes registered, 3 required.
2022-12-23 07:23:47,847 [RatisPipelineUtilsThread - 0] INFO  pipeline.PipelineStateManagerImpl (PipelineStateManagerImpl.java:addPipeline(103)) - Created pipeline Pipeline[ Id: 17fa6d08-14d5-4fc5-b4f4-41a926002720, Nodes: afc81946-b921-414f-975a-f6fdc8ce3c83{ip: 10.1.0.40, host: fv-az505-480.g2e1luzo1moefklhgra4trf2va.dx.internal.cloudapp.net, ports: [REPLICATION=40059, RATIS=46711, RATIS_ADMIN=46711, RATIS_SERVER=46711, RATIS_DATASTREAM=42573, STANDALONE=39433], networkLocation: /default-rack, certSerialId: null, persistedOpState: IN_SERVICE, persistedOpStateExpiryEpochSec: 0}, ReplicationConfig: RATIS/ONE, State:ALLOCATED, leaderId:, CreationTimestamp2022-12-23T07:23:47.846Z[Etc/UTC]].
2022-12-23 07:23:47,850 [EventQueue-PipelineReportForOneReplicaPipelineSafeModeRule] INFO  safemode.SCMSafeModeManager (SCMSafeModeManager.java:validateSafeModeExitRules(200)) - AtleastOneDatanodeReportedRule rule is successfully validated
2022-12-23 07:23:48,206 [IPC Server handler 1 on default port 34013] INFO  net.NetworkTopologyImpl (NetworkTopologyImpl.java:add(112)) - Added a new node: /default-rack/4855300c-9dc7-4866-b12a-0d8362434d54
2022-12-23 07:23:48,206 [IPC Server handler 1 on default port 34013] INFO  node.SCMNodeManager (SCMNodeManager.java:register(397)) - Registered Data node : 4855300c-9dc7-4866-b12a-0d8362434d54{ip: 10.1.0.40, host: fv-az505-480.g2e1luzo1moefklhgra4trf2va.dx.internal.cloudapp.net, ports: [REPLICATION=40385, RATIS=46797, RATIS_ADMIN=46797, RATIS_SERVER=46797, RATIS_DATASTREAM=32775, STANDALONE=38283], networkLocation: /default-rack, certSerialId: null, persistedOpState: null, persistedOpStateExpiryEpochSec: 0}
2022-12-23 07:23:48,206 [EventQueue-NewNodeForNewNodeHandler] INFO  pipeline.BackgroundPipelineCreator (BackgroundPipelineCreator.java:notifyEventTriggered(276)) - trigger a one-shot run on RatisPipelineUtilsThread.
2022-12-23 07:23:48,208 [EventQueue-NodeRegistrationContainerReportForDataNodeSafeModeRule] INFO  safemode.SCMSafeModeManager (DataNodeSafeModeRule.java:process(71)) - SCM in safe mode. 2 DataNodes registered, 3 required.
2022-12-23 07:23:48,208 [RatisPipelineUtilsThread - 0] INFO  pipeline.RatisPipelineProvider (RatisPipelineProvider.java:lambda$create$0(206)) - Sending CreatePipelineCommand for pipeline:PipelineID=8c5856d2-2df4-4782-b044-cdafb98737e5 to datanode:4855300c-9dc7-4866-b12a-0d8362434d54
2022-12-23 07:23:48,209 [RatisPipelineUtilsThread - 0] INFO  pipeline.PipelineStateManagerImpl (PipelineStateManagerImpl.java:addPipeline(103)) - Created pipeline Pipeline[ Id: 8c5856d2-2df4-4782-b044-cdafb98737e5, Nodes: 4855300c-9dc7-4866-b12a-0d8362434d54{ip: 10.1.0.40, host: fv-az505-480.g2e1luzo1moefklhgra4trf2va.dx.internal.cloudapp.net, ports: [REPLICATION=40385, RATIS=46797, RATIS_ADMIN=46797, RATIS_SERVER=46797, RATIS_DATASTREAM=32775, STANDALONE=38283], networkLocation: /default-rack, certSerialId: null, persistedOpState: IN_SERVICE, persistedOpStateExpiryEpochSec: 0}, ReplicationConfig: RATIS/ONE, State:ALLOCATED, leaderId:, CreationTimestamp2022-12-23T07:23:48.208Z[Etc/UTC]].
2022-12-23 07:23:48,624 [IPC Server handler 2 on default port 34013] INFO  net.NetworkTopologyImpl (NetworkTopologyImpl.java:add(112)) - Added a new node: /default-rack/f44a0d93-0667-421f-b71e-e5df73887e0c
2022-12-23 07:23:48,624 [IPC Server handler 2 on default port 34013] INFO  node.SCMNodeManager (SCMNodeManager.java:register(397)) - Registered Data node : f44a0d93-0667-421f-b71e-e5df73887e0c{ip: 10.1.0.40, host: fv-az505-480.g2e1luzo1moefklhgra4trf2va.dx.internal.cloudapp.net, ports: [REPLICATION=42141, RATIS=45029, RATIS_ADMIN=45029, RATIS_SERVER=45029, RATIS_DATASTREAM=41779, STANDALONE=34947], networkLocation: /default-rack, certSerialId: null, persistedOpState: null, persistedOpStateExpiryEpochSec: 0}
2022-12-23 07:23:48,624 [EventQueue-NewNodeForNewNodeHandler] INFO  pipeline.BackgroundPipelineCreator (BackgroundPipelineCreator.java:notifyEventTriggered(276)) - trigger a one-shot run on RatisPipelineUtilsThread.
2022-12-23 07:23:48,625 [Listener at 127.0.0.1/40881] INFO  ozone.MiniOzoneClusterImpl (MiniOzoneClusterImpl.java:lambda$waitForClusterToBeReady$0(217)) - Nodes are ready. Got 3 of 3 DN Heartbeats.
2022-12-23 07:23:48,625 [Listener at 127.0.0.1/40881] INFO  ozone.MiniOzoneClusterImpl (MiniOzoneClusterImpl.java:lambda$waitForClusterToBeReady$0(220)) - Waiting for cluster to exit safe mode
2022-12-23 07:23:48,625 [Listener at 127.0.0.1/40881] INFO  ozone.MiniOzoneClusterImpl (MiniOzoneClusterImpl.java:lambda$waitForClusterToBeReady$0(222)) - SCM became leader
2022-12-23 07:23:48,625 [EventQueue-NodeRegistrationContainerReportForDataNodeSafeModeRule] INFO  safemode.SCMSafeModeManager (DataNodeSafeModeRule.java:process(71)) - SCM in safe mode. 3 DataNodes registered, 3 required.
2022-12-23 07:23:48,625 [EventQueue-NodeRegistrationContainerReportForDataNodeSafeModeRule] INFO  safemode.SCMSafeModeManager (SCMSafeModeManager.java:validateSafeModeExitRules(200)) - DataNodeSafeModeRule rule is successfully validated
2022-12-23 07:23:48,625 [EventQueue-NodeRegistrationContainerReportForDataNodeSafeModeRule] INFO  safemode.SCMSafeModeManager (SCMSafeModeManager.java:completePreCheck(229)) - All SCM safe mode pre check rules have passed
2022-12-23 07:23:48,625 [EventQueue-NodeRegistrationContainerReportForDataNodeSafeModeRule] INFO  ha.SCMContext (SCMContext.java:updateSafeModeStatus(228)) - Update SafeModeStatus from SafeModeStatus{safeModeStatus=true, preCheckPassed=false} to SafeModeStatus{safeModeStatus=true, preCheckPassed=true}.
2022-12-23 07:23:48,625 [EventQueue-NodeRegistrationContainerReportForDataNodeSafeModeRule] INFO  pipeline.BackgroundPipelineCreator (BackgroundPipelineCreator.java:notifyEventTriggered(276)) - trigger a one-shot run on RatisPipelineUtilsThread.
2022-12-23 07:23:48,629 [RatisPipelineUtilsThread - 0] INFO  pipeline.RatisPipelineProvider (RatisPipelineProvider.java:lambda$create$0(206)) - Sending CreatePipelineCommand for pipeline:PipelineID=2dc062a6-f52d-4478-947c-4007c3e19071 to datanode:f44a0d93-0667-421f-b71e-e5df73887e0c
2022-12-23 07:23:48,630 [RatisPipelineUtilsThread - 0] INFO  pipeline.PipelineStateManagerImpl (PipelineStateManagerImpl.java:addPipeline(103)) - Created pipeline Pipeline[ Id: 2dc062a6-f52d-4478-947c-4007c3e19071, Nodes: f44a0d93-0667-421f-b71e-e5df73887e0c{ip: 10.1.0.40, host: fv-az505-480.g2e1luzo1moefklhgra4trf2va.dx.internal.cloudapp.net, ports: [REPLICATION=42141, RATIS=45029, RATIS_ADMIN=45029, RATIS_SERVER=45029, RATIS_DATASTREAM=41779, STANDALONE=34947], networkLocation: /default-rack, certSerialId: null, persistedOpState: IN_SERVICE, persistedOpStateExpiryEpochSec: 0}, ReplicationConfig: RATIS/ONE, State:ALLOCATED, leaderId:, CreationTimestamp2022-12-23T07:23:48.629Z[Etc/UTC]].
2022-12-23 07:23:48,630 [RatisPipelineUtilsThread - 0] INFO  pipeline.RatisPipelineProvider (RatisPipelineProvider.java:lambda$create$0(206)) - Sending CreatePipelineCommand for pipeline:PipelineID=0b81fbac-2296-4b8f-8de0-b0a6442936ae to datanode:f44a0d93-0667-421f-b71e-e5df73887e0c
2022-12-23 07:23:48,630 [RatisPipelineUtilsThread - 0] INFO  pipeline.RatisPipelineProvider (RatisPipelineProvider.java:lambda$create$0(206)) - Sending CreatePipelineCommand for pipeline:PipelineID=0b81fbac-2296-4b8f-8de0-b0a6442936ae to datanode:afc81946-b921-414f-975a-f6fdc8ce3c83
2022-12-23 07:23:48,630 [RatisPipelineUtilsThread - 0] INFO  pipeline.RatisPipelineProvider (RatisPipelineProvider.java:lambda$create$0(206)) - Sending CreatePipelineCommand for pipeline:PipelineID=0b81fbac-2296-4b8f-8de0-b0a6442936ae to datanode:4855300c-9dc7-4866-b12a-0d8362434d54
2022-12-23 07:23:48,631 [RatisPipelineUtilsThread - 0] INFO  pipeline.PipelineStateManagerImpl (PipelineStateManagerImpl.java:addPipeline(103)) - Created pipeline Pipeline[ Id: 0b81fbac-2296-4b8f-8de0-b0a6442936ae, Nodes: f44a0d93-0667-421f-b71e-e5df73887e0c{ip: 10.1.0.40, host: fv-az505-480.g2e1luzo1moefklhgra4trf2va.dx.internal.cloudapp.net, ports: [REPLICATION=42141, RATIS=45029, RATIS_ADMIN=45029, RATIS_SERVER=45029, RATIS_DATASTREAM=41779, STANDALONE=34947], networkLocation: /default-rack, certSerialId: null, persistedOpState: IN_SERVICE, persistedOpStateExpiryEpochSec: 0}afc81946-b921-414f-975a-f6fdc8ce3c83{ip: 10.1.0.40, host: fv-az505-480.g2e1luzo1moefklhgra4trf2va.dx.internal.cloudapp.net, ports: [REPLICATION=40059, RATIS=46711, RATIS_ADMIN=46711, RATIS_SERVER=46711, RATIS_DATASTREAM=42573, STANDALONE=39433], networkLocation: /default-rack, certSerialId: null, persistedOpState: IN_SERVICE, persistedOpStateExpiryEpochSec: 0}4855300c-9dc7-4866-b12a-0d8362434d54{ip: 10.1.0.40, host: fv-az505-480.g2e1luzo1moefklhgra4trf2va.dx.internal.cloudapp.net, ports: [REPLICATION=40385, RATIS=46797, RATIS_ADMIN=46797, RATIS_SERVER=46797, RATIS_DATASTREAM=32775, STANDALONE=38283], networkLocation: /default-rack, certSerialId: null, persistedOpState: IN_SERVICE, persistedOpStateExpiryEpochSec: 0}, ReplicationConfig: RATIS/THREE, State:ALLOCATED, leaderId:, CreationTimestamp2022-12-23T07:23:48.630Z[Etc/UTC]].
2022-12-23 07:23:48,631 [RatisPipelineUtilsThread - 0] INFO  pipeline.RatisPipelineProvider (RatisPipelineProvider.java:lambda$create$0(206)) - Sending CreatePipelineCommand for pipeline:PipelineID=83e075bf-1832-43f9-a381-06b7b1be6f1d to datanode:afc81946-b921-414f-975a-f6fdc8ce3c83
2022-12-23 07:23:48,631 [RatisPipelineUtilsThread - 0] INFO  pipeline.RatisPipelineProvider (RatisPipelineProvider.java:lambda$create$0(206)) - Sending CreatePipelineCommand for pipeline:PipelineID=83e075bf-1832-43f9-a381-06b7b1be6f1d to datanode:4855300c-9dc7-4866-b12a-0d8362434d54
2022-12-23 07:23:48,631 [RatisPipelineUtilsThread - 0] INFO  pipeline.RatisPipelineProvider (RatisPipelineProvider.java:lambda$create$0(206)) - Sending CreatePipelineCommand for pipeline:PipelineID=83e075bf-1832-43f9-a381-06b7b1be6f1d to datanode:f44a0d93-0667-421f-b71e-e5df73887e0c
2022-12-23 07:23:48,632 [RatisPipelineUtilsThread - 0] INFO  pipeline.PipelineStateManagerImpl (PipelineStateManagerImpl.java:addPipeline(103)) - Created pipeline Pipeline[ Id: 83e075bf-1832-43f9-a381-06b7b1be6f1d, Nodes: afc81946-b921-414f-975a-f6fdc8ce3c83{ip: 10.1.0.40, host: fv-az505-480.g2e1luzo1moefklhgra4trf2va.dx.internal.cloudapp.net, ports: [REPLICATION=40059, RATIS=46711, RATIS_ADMIN=46711, RATIS_SERVER=46711, RATIS_DATASTREAM=42573, STANDALONE=39433], networkLocation: /default-rack, certSerialId: null, persistedOpState: IN_SERVICE, persistedOpStateExpiryEpochSec: 0}4855300c-9dc7-4866-b12a-0d8362434d54{ip: 10.1.0.40, host: fv-az505-480.g2e1luzo1moefklhgra4trf2va.dx.internal.cloudapp.net, ports: [REPLICATION=40385, RATIS=46797, RATIS_ADMIN=46797, RATIS_SERVER=46797, RATIS_DATASTREAM=32775, STANDALONE=38283], networkLocation: /default-rack, certSerialId: null, persistedOpState: IN_SERVICE, persistedOpStateExpiryEpochSec: 0}f44a0d93-0667-421f-b71e-e5df73887e0c{ip: 10.1.0.40, host: fv-az505-480.g2e1luzo1moefklhgra4trf2va.dx.internal.cloudapp.net, ports: [REPLICATION=42141, RATIS=45029, RATIS_ADMIN=45029, RATIS_SERVER=45029, RATIS_DATASTREAM=41779, STANDALONE=34947], networkLocation: /default-rack, certSerialId: null, persistedOpState: IN_SERVICE, persistedOpStateExpiryEpochSec: 0}, ReplicationConfig: RATIS/THREE, State:ALLOCATED, leaderId:, CreationTimestamp2022-12-23T07:23:48.631Z[Etc/UTC]].
2022-12-23 07:23:48,634 [RatisPipelineUtilsThread - 0] INFO  pipeline.PipelineManagerImpl (PipelineManagerImpl.java:recordMetricsForPipeline(826)) - Pipeline: PipelineID=83e075bf-1832-43f9-a381-06b7b1be6f1d contains same datanodes as previous pipelines: PipelineID=0b81fbac-2296-4b8f-8de0-b0a6442936ae nodeIds: afc81946-b921-414f-975a-f6fdc8ce3c83, 4855300c-9dc7-4866-b12a-0d8362434d54, f44a0d93-0667-421f-b71e-e5df73887e0c
2022-12-23 07:23:48,634 [RatisPipelineUtilsThread - 0] WARN  pipeline.PipelinePlacementPolicy (PipelinePlacementPolicy.java:filterViableNodes(158)) - Pipeline creation failed due to no sufficient healthy datanodes. Required 3. Found 0.
2022-12-23 07:23:49,625 [Listener at 127.0.0.1/40881] INFO  ozone.MiniOzoneClusterImpl (MiniOzoneClusterImpl.java:lambda$waitForClusterToBeReady$0(217)) - Nodes are ready. Got 3 of 3 DN Heartbeats.
2022-12-23 07:23:49,626 [Listener at 127.0.0.1/40881] INFO  ozone.MiniOzoneClusterImpl (MiniOzoneClusterImpl.java:lambda$waitForClusterToBeReady$0(220)) - Waiting for cluster to exit safe mode
2022-12-23 07:23:49,626 [Listener at 127.0.0.1/40881] INFO  ozone.MiniOzoneClusterImpl (MiniOzoneClusterImpl.java:lambda$waitForClusterToBeReady$0(222)) - SCM became leader
2022-12-23 07:23:49,838 [EventQueue-CommandQueueReportForCommandQueueReportHandler] WARN  events.EventQueue (EventQueue.java:fireEvent(216)) - No event handler registered for event TypedEvent{payloadType=DatanodeDetails, name='Datanode_Command_Queue_Updated'}
2022-12-23 07:23:50,206 [EventQueue-CommandQueueReportForCommandQueueReportHandler] WARN  events.EventQueue (EventQueue.java:fireEvent(216)) - No event handler registered for event TypedEvent{payloadType=DatanodeDetails, name='Datanode_Command_Queue_Updated'}
2022-12-23 07:23:50,626 [Listener at 127.0.0.1/40881] INFO  ozone.MiniOzoneClusterImpl (MiniOzoneClusterImpl.java:lambda$waitForClusterToBeReady$0(217)) - Nodes are ready. Got 3 of 3 DN Heartbeats.
2022-12-23 07:23:50,626 [Listener at 127.0.0.1/40881] INFO  ozone.MiniOzoneClusterImpl (MiniOzoneClusterImpl.java:lambda$waitForClusterToBeReady$0(220)) - Waiting for cluster to exit safe mode
2022-12-23 07:23:50,626 [Listener at 127.0.0.1/40881] INFO  ozone.MiniOzoneClusterImpl (MiniOzoneClusterImpl.java:lambda$waitForClusterToBeReady$0(222)) - SCM became leader
2022-12-23 07:23:50,636 [EventQueue-CommandQueueReportForCommandQueueReportHandler] WARN  events.EventQueue (EventQueue.java:fireEvent(216)) - No event handler registered for event TypedEvent{payloadType=DatanodeDetails, name='Datanode_Command_Queue_Updated'}
2022-12-23 07:23:50,837 [Command processor thread] INFO  server.RaftServer (RaftServerProxy.java:addNew(96)) - afc81946-b921-414f-975a-f6fdc8ce3c83: addNew group-41A926002720:[afc81946-b921-414f-975a-f6fdc8ce3c83|rpc:10.1.0.40:46711|dataStream:10.1.0.40:42573|priority:1|startupRole:FOLLOWER] returns group-41A926002720:java.util.concurrent.CompletableFuture@44b31d94[Not completed]
2022-12-23 07:23:50,840 [pool-796-thread-1] INFO  server.RaftServer$Division (RaftServerImpl.java:<init>(195)) - afc81946-b921-414f-975a-f6fdc8ce3c83: new RaftServerImpl for group-41A926002720:[afc81946-b921-414f-975a-f6fdc8ce3c83|rpc:10.1.0.40:46711|dataStream:10.1.0.40:42573|priority:1|startupRole:FOLLOWER] with ContainerStateMachine:uninitialized
2022-12-23 07:23:50,840 [pool-796-thread-1] INFO  server.RaftServerConfigKeys (ConfUtils.java:logGet(46)) - raft.server.rpc.timeout.min = 5s (custom)
2022-12-23 07:23:50,840 [pool-796-thread-1] INFO  server.RaftServerConfigKeys (ConfUtils.java:logGet(46)) - raft.server.rpc.timeout.max = 5200ms (custom)
2022-12-23 07:23:50,840 [pool-796-thread-1] INFO  server.RaftServerConfigKeys (ConfUtils.java:logGet(46)) - raft.server.rpc.sleep.time = 25ms (default)
2022-12-23 07:23:50,840 [pool-796-thread-1] INFO  server.RaftServerConfigKeys (ConfUtils.java:logGet(46)) - raft.server.rpc.slowness.timeout = 300s (custom)
2022-12-23 07:23:50,840 [EventQueue-CommandQueueReportForCommandQueueReportHandler] WARN  events.EventQueue (EventQueue.java:fireEvent(216)) - No event handler registered for event TypedEvent{payloadType=DatanodeDetails, name='Datanode_Command_Queue_Updated'}
2022-12-23 07:23:50,840 [pool-796-thread-1] INFO  server.RaftServerConfigKeys (ConfUtils.java:logGet(46)) - raft.server.leaderelection.leader.step-down.wait-time = 10s (default)
2022-12-23 07:23:50,840 [pool-796-thread-1] INFO  server.RaftServerConfigKeys (ConfUtils.java:logGet(46)) - raft.server.sleep.deviation.threshold = 300ms (default)
2022-12-23 07:23:50,840 [pool-796-thread-1] INFO  server.RaftServer$Division (ServerState.java:<init>(118)) - afc81946-b921-414f-975a-f6fdc8ce3c83@group-41A926002720: ConfigurationManager, init=-1: peers:[afc81946-b921-414f-975a-f6fdc8ce3c83|rpc:10.1.0.40:46711|dataStream:10.1.0.40:42573|priority:1|startupRole:FOLLOWER]|listeners:[], old=null, confs=<EMPTY_MAP>
2022-12-23 07:23:50,840 [pool-796-thread-1] INFO  server.RaftServerConfigKeys (ConfUtils.java:logGet(46)) - raft.server.storage.dir = [/home/runner/work/ozone/ozone/hadoop-ozone/integration-test/target/test-dir/MiniOzoneClusterImpl-ba7f31e0-0b52-47fc-8fdc-dbbc4e827165/datanode-0/data/ratis] (custom)
2022-12-23 07:23:50,841 [pool-796-thread-1] INFO  server.RaftServerConfigKeys (ConfUtils.java:logGet(46)) - raft.server.log.corruption.policy = EXCEPTION (default)
2022-12-23 07:23:50,841 [pool-796-thread-1] INFO  server.RaftServerConfigKeys (ConfUtils.java:logGet(46)) - raft.server.storage.free-space.min = 0MB (=0) (default)
2022-12-23 07:23:50,841 [pool-796-thread-1] INFO  server.RaftServerConfigKeys (ConfUtils.java:logGet(46)) - raft.server.notification.no-leader.timeout = 300s (custom)
2022-12-23 07:23:50,841 [pool-796-thread-1] INFO  server.RaftServerConfigKeys (ConfUtils.java:logGet(46)) - raft.server.retrycache.expirytime = 600000ms (custom)
2022-12-23 07:23:50,841 [pool-796-thread-1] INFO  server.RaftServerConfigKeys (ConfUtils.java:logGet(46)) - raft.server.retrycache.statistics.expirytime = 100μs (default)
2022-12-23 07:23:50,841 [pool-796-thread-1] INFO  server.RaftServerConfigKeys (ConfUtils.java:logGet(46)) - raft.server.log.appender.install.snapshot.enabled = false (custom)
2022-12-23 07:23:50,841 [pool-796-thread-1] INFO  server.RaftServerConfigKeys (ConfUtils.java:logGet(46)) - raft.server.threadpool.server.cached = true (default)
2022-12-23 07:23:50,841 [pool-796-thread-1] INFO  server.RaftServerConfigKeys (ConfUtils.java:logGet(46)) - raft.server.threadpool.server.size = 0 (default)
2022-12-23 07:23:50,842 [pool-796-thread-1] INFO  server.RaftServerConfigKeys (ConfUtils.java:logGet(46)) - raft.server.threadpool.client.cached = true (default)
2022-12-23 07:23:50,842 [pool-796-thread-1] INFO  server.RaftServerConfigKeys (ConfUtils.java:logGet(46)) - raft.server.threadpool.client.size = 0 (default)
2022-12-23 07:23:50,842 [pool-796-thread-1] INFO  storage.RaftStorageDirectory (RaftStorageDirectoryImpl.java:analyzeStorage(137)) - The storage directory /home/runner/work/ozone/ozone/hadoop-ozone/integration-test/target/test-dir/MiniOzoneClusterImpl-ba7f31e0-0b52-47fc-8fdc-dbbc4e827165/datanode-0/data/ratis/17fa6d08-14d5-4fc5-b4f4-41a926002720 does not exist. Creating ...
2022-12-23 07:23:50,843 [pool-796-thread-1] INFO  storage.RaftStorageDirectory (RaftStorageDirectoryImpl.java:tryLock(231)) - Lock on /home/runner/work/ozone/ozone/hadoop-ozone/integration-test/target/test-dir/MiniOzoneClusterImpl-ba7f31e0-0b52-47fc-8fdc-dbbc4e827165/datanode-0/data/ratis/17fa6d08-14d5-4fc5-b4f4-41a926002720/in_use.lock acquired by nodename 81300@fv-az505-480
2022-12-23 07:23:50,845 [pool-796-thread-1] INFO  storage.RaftStorage (RaftStorageImpl.java:format(96)) - Storage directory /home/runner/work/ozone/ozone/hadoop-ozone/integration-test/target/test-dir/MiniOzoneClusterImpl-ba7f31e0-0b52-47fc-8fdc-dbbc4e827165/datanode-0/data/ratis/17fa6d08-14d5-4fc5-b4f4-41a926002720 has been successfully formatted.
2022-12-23 07:23:50,846 [pool-796-thread-1] INFO  ratis.ContainerStateMachine (ContainerStateMachine.java:loadSnapshot(240)) - group-41A926002720: The snapshot info is null. Setting the last applied indexto:(t:0, i:~)
2022-12-23 07:23:50,846 [pool-796-thread-1] INFO  server.RaftServerConfigKeys (ConfUtils.java:logGet(46)) - raft.server.log.use.memory = false (default)
2022-12-23 07:23:50,846 [pool-796-thread-1] INFO  server.RaftServerConfigKeys (ConfUtils.java:logGet(46)) - raft.server.log.purge.gap = 1000000 (custom)
2022-12-23 07:23:50,846 [pool-796-thread-1] INFO  server.RaftServerConfigKeys (ConfUtils.java:logGet(46)) - raft.server.log.appender.buffer.byte-limit = 33554432 (custom)
2022-12-23 07:23:50,846 [pool-796-thread-1] INFO  server.RaftServerConfigKeys (ConfUtils.java:logGet(46)) - raft.server.log.statemachine.data.read.timeout = 1000ms (default)
2022-12-23 07:23:50,846 [pool-796-thread-1] INFO  server.RaftServerConfigKeys (ConfUtils.java:logGet(46)) - raft.server.log.purge.preservation.log.num = 0 (default)
2022-12-23 07:23:50,846 [pool-796-thread-1] INFO  server.RaftServerConfigKeys (ConfUtils.java:logGet(46)) - raft.server.log.segment.size.max = 1048576 (custom)
2022-12-23 07:23:50,846 [pool-796-thread-1] INFO  server.RaftServerConfigKeys (ConfUtils.java:logGet(46)) - raft.server.log.segment.cache.num.max = 2 (custom)
2022-12-23 07:23:50,847 [pool-796-thread-1] INFO  server.RaftServerConfigKeys (ConfUtils.java:logGet(46)) - raft.server.log.segment.cache.size.max = 200MB (=209715200) (default)
2022-12-23 07:23:50,847 [pool-796-thread-1] INFO  segmented.SegmentedRaftLogWorker (SegmentedRaftLogWorker.java:<init>(189)) - new afc81946-b921-414f-975a-f6fdc8ce3c83@group-41A926002720-SegmentedRaftLogWorker for RaftStorageImpl:Storage Directory /home/runner/work/ozone/ozone/hadoop-ozone/integration-test/target/test-dir/MiniOzoneClusterImpl-ba7f31e0-0b52-47fc-8fdc-dbbc4e827165/datanode-0/data/ratis/17fa6d08-14d5-4fc5-b4f4-41a926002720
2022-12-23 07:23:50,847 [pool-796-thread-1] INFO  server.RaftServerConfigKeys (ConfUtils.java:logGet(46)) - raft.server.log.queue.byte-limit = 4294967296 (custom)
2022-12-23 07:23:50,847 [pool-796-thread-1] INFO  server.RaftServerConfigKeys (ConfUtils.java:logGet(46)) - raft.server.log.queue.element-limit = 1024 (custom)
2022-12-23 07:23:50,847 [pool-796-thread-1] INFO  server.RaftServerConfigKeys (ConfUtils.java:logGet(46)) - raft.server.log.segment.size.max = 1048576 (custom)
2022-12-23 07:23:50,847 [pool-796-thread-1] INFO  server.RaftServerConfigKeys (ConfUtils.java:logGet(46)) - raft.server.log.preallocated.size = 16384 (custom)
2022-12-23 07:23:50,847 [pool-796-thread-1] INFO  server.RaftServerConfigKeys (ConfUtils.java:logGet(46)) - raft.server.log.force.sync.num = 128 (default)
2022-12-23 07:23:50,847 [pool-796-thread-1] INFO  server.RaftServerConfigKeys (ConfUtils.java:logGet(46)) - raft.server.log.statemachine.data.sync = true (default)
2022-12-23 07:23:50,847 [pool-796-thread-1] INFO  server.RaftServerConfigKeys (ConfUtils.java:logGet(46)) - raft.server.log.statemachine.data.sync.timeout = 10s (default)
2022-12-23 07:23:50,847 [pool-796-thread-1] INFO  server.RaftServerConfigKeys (ConfUtils.java:logGet(46)) - raft.server.log.statemachine.data.sync.timeout.retry = -1 (default)
2022-12-23 07:23:50,847 [pool-796-thread-1] INFO  server.RaftServerConfigKeys (ConfUtils.java:logGet(46)) - raft.server.log.write.buffer.size = 1048576 (custom)
2022-12-23 07:23:50,848 [pool-796-thread-1] INFO  server.RaftServerConfigKeys (ConfUtils.java:logGet(46)) - raft.server.log.appender.buffer.byte-limit = 33554432 (custom)
2022-12-23 07:23:50,849 [EventQueue-PipelineReportForPipelineReportHandler] INFO  pipeline.PipelineManagerImpl (PipelineManagerImpl.java:openPipeline(367)) - Pipeline Pipeline[ Id: 17fa6d08-14d5-4fc5-b4f4-41a926002720, Nodes: afc81946-b921-414f-975a-f6fdc8ce3c83{ip: 10.1.0.40, host: fv-az505-480.g2e1luzo1moefklhgra4trf2va.dx.internal.cloudapp.net, ports: [REPLICATION=40059, RATIS=46711, RATIS_ADMIN=46711, RATIS_SERVER=46711, RATIS_DATASTREAM=42573, STANDALONE=39433], networkLocation: /default-rack, certSerialId: null, persistedOpState: IN_SERVICE, persistedOpStateExpiryEpochSec: 0}, ReplicationConfig: RATIS/ONE, State:ALLOCATED, leaderId:afc81946-b921-414f-975a-f6fdc8ce3c83, CreationTimestamp2022-12-23T07:23:47.846Z[Etc/UTC]] moved to OPEN state
2022-12-23 07:23:50,850 [EventQueue-CommandQueueReportForCommandQueueReportHandler] WARN  events.EventQueue (EventQueue.java:fireEvent(216)) - No event handler registered for event TypedEvent{payloadType=DatanodeDetails, name='Datanode_Command_Queue_Updated'}
2022-12-23 07:23:50,854 [pool-796-thread-1] INFO  server.RaftServerConfigKeys (ConfUtils.java:logGet(46)) - raft.server.log.unsafe-flush.enabled = false (default)
2022-12-23 07:23:50,854 [pool-796-thread-1] INFO  server.RaftServerConfigKeys (ConfUtils.java:logGet(46)) - raft.server.log.async-flush.enabled = false (default)
2022-12-23 07:23:50,854 [pool-796-thread-1] INFO  server.RaftServerConfigKeys (ConfUtils.java:logGet(46)) - raft.server.log.statemachine.data.caching.enabled = true (custom)
2022-12-23 07:23:50,855 [pool-796-thread-1] INFO  segmented.SegmentedRaftLogWorker (SegmentedRaftLogWorker.java:lambda$new$0(135)) - afc81946-b921-414f-975a-f6fdc8ce3c83@group-41A926002720-SegmentedRaftLogWorker: flushIndex: setUnconditionally 0 -> -1
2022-12-23 07:23:50,855 [pool-796-thread-1] INFO  segmented.SegmentedRaftLogWorker (SegmentedRaftLogWorker.java:lambda$new$0(135)) - afc81946-b921-414f-975a-f6fdc8ce3c83@group-41A926002720-SegmentedRaftLogWorker: safeCacheEvictIndex: setUnconditionally 0 -> -1
2022-12-23 07:23:50,855 [pool-796-thread-1] INFO  server.RaftServer$Division (RaftServerImpl.java:start(334)) - afc81946-b921-414f-975a-f6fdc8ce3c83@group-41A926002720: start as a follower, conf=-1: peers:[afc81946-b921-414f-975a-f6fdc8ce3c83|rpc:10.1.0.40:46711|dataStream:10.1.0.40:42573|priority:1|startupRole:FOLLOWER]|listeners:[], old=null
2022-12-23 07:23:50,855 [pool-796-thread-1] INFO  server.RaftServer$Division (RaftServerImpl.java:setRole(321)) - afc81946-b921-414f-975a-f6fdc8ce3c83@group-41A926002720: changes role from      null to FOLLOWER at term 0 for startAsFollower
2022-12-23 07:23:50,855 [pool-796-thread-1] INFO  impl.RoleInfo (RoleInfo.java:updateAndGet(139)) - afc81946-b921-414f-975a-f6fdc8ce3c83: start afc81946-b921-414f-975a-f6fdc8ce3c83@group-41A926002720-FollowerState
2022-12-23 07:23:50,855 [pool-796-thread-1] INFO  util.JmxRegister (JmxRegister.java:tryRegister(44)) - Successfully registered JMX Bean with object name Ratis:service=RaftServer,group=group-41A926002720,id=afc81946-b921-414f-975a-f6fdc8ce3c83
2022-12-23 07:23:50,855 [pool-796-thread-1] INFO  server.RaftServerConfigKeys (ConfUtils.java:logGet(46)) - raft.server.snapshot.auto.trigger.enabled = true (custom)
2022-12-23 07:23:50,855 [pool-796-thread-1] INFO  server.RaftServerConfigKeys (ConfUtils.java:logGet(46)) - raft.server.snapshot.auto.trigger.threshold = 10000 (custom)
2022-12-23 07:23:50,855 [pool-796-thread-1] INFO  server.RaftServerConfigKeys (ConfUtils.java:logGet(46)) - raft.server.snapshot.retention.file.num = 5 (custom)
2022-12-23 07:23:50,855 [pool-796-thread-1] INFO  server.RaftServerConfigKeys (ConfUtils.java:logGet(46)) - raft.server.log.purge.upto.snapshot.index = false (default)
2022-12-23 07:23:50,856 [afc81946-b921-414f-975a-f6fdc8ce3c83@group-41A926002720-FollowerState] INFO  server.RaftServerConfigKeys (ConfUtils.java:logFallback(53)) - raft.server.rpc.first-election.timeout.min = 5s (fallback to raft.server.rpc.timeout.min)
2022-12-23 07:23:50,856 [afc81946-b921-414f-975a-f6fdc8ce3c83@group-41A926002720-FollowerState] INFO  server.RaftServerConfigKeys (ConfUtils.java:logFallback(53)) - raft.server.rpc.first-election.timeout.max = 5200ms (fallback to raft.server.rpc.timeout.max)
2022-12-23 07:23:50,856 [Command processor thread] INFO  ratis.XceiverServerRatis (XceiverServerRatis.java:addGroup(806)) - Created group PipelineID=17fa6d08-14d5-4fc5-b4f4-41a926002720
2022-12-23 07:23:50,856 [Command processor thread] INFO  commandhandler.CreatePipelineCommandHandler (CreatePipelineCommandHandler.java:handle(113)) - Created Pipeline RATIS ONE PipelineID=17fa6d08-14d5-4fc5-b4f4-41a926002720.
2022-12-23 07:23:50,856 [Command processor thread] INFO  server.RaftServer (RaftServerProxy.java:addNew(96)) - afc81946-b921-414f-975a-f6fdc8ce3c83: addNew group-B0A6442936AE:[afc81946-b921-414f-975a-f6fdc8ce3c83|rpc:10.1.0.40:46711|dataStream:10.1.0.40:42573|priority:0|startupRole:FOLLOWER, f44a0d93-0667-421f-b71e-e5df73887e0c|rpc:10.1.0.40:45029|dataStream:10.1.0.40:41779|priority:1|startupRole:FOLLOWER, 4855300c-9dc7-4866-b12a-0d8362434d54|rpc:10.1.0.40:46797|dataStream:10.1.0.40:32775|priority:0|startupRole:FOLLOWER] returns group-B0A6442936AE:java.util.concurrent.CompletableFuture@408c81da[Not completed]
2022-12-23 07:23:50,857 [pool-796-thread-1] INFO  server.RaftServer$Division (RaftServerImpl.java:<init>(195)) - afc81946-b921-414f-975a-f6fdc8ce3c83: new RaftServerImpl for group-B0A6442936AE:[afc81946-b921-414f-975a-f6fdc8ce3c83|rpc:10.1.0.40:46711|dataStream:10.1.0.40:42573|priority:0|startupRole:FOLLOWER, f44a0d93-0667-421f-b71e-e5df73887e0c|rpc:10.1.0.40:45029|dataStream:10.1.0.40:41779|priority:1|startupRole:FOLLOWER, 4855300c-9dc7-4866-b12a-0d8362434d54|rpc:10.1.0.40:46797|dataStream:10.1.0.40:32775|priority:0|startupRole:FOLLOWER] with ContainerStateMachine:uninitialized
2022-12-23 07:23:50,857 [pool-796-thread-1] INFO  server.RaftServerConfigKeys (ConfUtils.java:logGet(46)) - raft.server.rpc.timeout.min = 5s (custom)
2022-12-23 07:23:50,857 [pool-796-thread-1] INFO  server.RaftServerConfigKeys (ConfUtils.java:logGet(46)) - raft.server.rpc.timeout.max = 5200ms (custom)
2022-12-23 07:23:50,857 [pool-796-thread-1] INFO  server.RaftServerConfigKeys (ConfUtils.java:logGet(46)) - raft.server.rpc.sleep.time = 25ms (default)
2022-12-23 07:23:50,857 [pool-796-thread-1] INFO  server.RaftServerConfigKeys (ConfUtils.java:logGet(46)) - raft.server.rpc.slowness.timeout = 300s (custom)
2022-12-23 07:23:50,858 [pool-796-thread-1] INFO  server.RaftServerConfigKeys (ConfUtils.java:logGet(46)) - raft.server.leaderelection.leader.step-down.wait-time = 10s (default)
2022-12-23 07:23:50,858 [pool-796-thread-1] INFO  server.RaftServerConfigKeys (ConfUtils.java:logGet(46)) - raft.server.sleep.deviation.threshold = 300ms (default)
2022-12-23 07:23:50,858 [pool-796-thread-1] INFO  server.RaftServer$Division (ServerState.java:<init>(118)) - afc81946-b921-414f-975a-f6fdc8ce3c83@group-B0A6442936AE: ConfigurationManager, init=-1: peers:[afc81946-b921-414f-975a-f6fdc8ce3c83|rpc:10.1.0.40:46711|dataStream:10.1.0.40:42573|priority:0|startupRole:FOLLOWER, f44a0d93-0667-421f-b71e-e5df73887e0c|rpc:10.1.0.40:45029|dataStream:10.1.0.40:41779|priority:1|startupRole:FOLLOWER, 4855300c-9dc7-4866-b12a-0d8362434d54|rpc:10.1.0.40:46797|dataStream:10.1.0.40:32775|priority:0|startupRole:FOLLOWER]|listeners:[], old=null, confs=<EMPTY_MAP>
2022-12-23 07:23:50,858 [pool-796-thread-1] INFO  server.RaftServerConfigKeys (ConfUtils.java:logGet(46)) - raft.server.storage.dir = [/home/runner/work/ozone/ozone/hadoop-ozone/integration-test/target/test-dir/MiniOzoneClusterImpl-ba7f31e0-0b52-47fc-8fdc-dbbc4e827165/datanode-0/data/ratis] (custom)
2022-12-23 07:23:50,858 [pool-796-thread-1] INFO  server.RaftServerConfigKeys (ConfUtils.java:logGet(46)) - raft.server.log.corruption.policy = EXCEPTION (default)
2022-12-23 07:23:50,858 [pool-796-thread-1] INFO  server.RaftServerConfigKeys (ConfUtils.java:logGet(46)) - raft.server.storage.free-space.min = 0MB (=0) (default)
2022-12-23 07:23:50,858 [pool-796-thread-1] INFO  server.RaftServerConfigKeys (ConfUtils.java:logGet(46)) - raft.server.notification.no-leader.timeout = 300s (custom)
2022-12-23 07:23:50,858 [pool-796-thread-1] INFO  server.RaftServerConfigKeys (ConfUtils.java:logGet(46)) - raft.server.retrycache.expirytime = 600000ms (custom)
2022-12-23 07:23:50,858 [pool-796-thread-1] INFO  server.RaftServerConfigKeys (ConfUtils.java:logGet(46)) - raft.server.retrycache.statistics.expirytime = 100μs (default)
2022-12-23 07:23:50,858 [pool-796-thread-1] INFO  server.RaftServerConfigKeys (ConfUtils.java:logGet(46)) - raft.server.log.appender.install.snapshot.enabled = false (custom)
2022-12-23 07:23:50,859 [pool-796-thread-1] INFO  server.RaftServerConfigKeys (ConfUtils.java:logGet(46)) - raft.server.threadpool.server.cached = true (default)
2022-12-23 07:23:50,859 [pool-796-thread-1] INFO  server.RaftServerConfigKeys (ConfUtils.java:logGet(46)) - raft.server.threadpool.server.size = 0 (default)
2022-12-23 07:23:50,859 [pool-796-thread-1] INFO  server.RaftServerConfigKeys (ConfUtils.java:logGet(46)) - raft.server.threadpool.client.cached = true (default)
2022-12-23 07:23:50,859 [pool-796-thread-1] INFO  server.RaftServerConfigKeys (ConfUtils.java:logGet(46)) - raft.server.threadpool.client.size = 0 (default)
2022-12-23 07:23:50,859 [pool-796-thread-1] INFO  storage.RaftStorageDirectory (RaftStorageDirectoryImpl.java:analyzeStorage(137)) - The storage directory /home/runner/work/ozone/ozone/hadoop-ozone/integration-test/target/test-dir/MiniOzoneClusterImpl-ba7f31e0-0b52-47fc-8fdc-dbbc4e827165/datanode-0/data/ratis/0b81fbac-2296-4b8f-8de0-b0a6442936ae does not exist. Creating ...
2022-12-23 07:23:50,860 [pool-796-thread-1] INFO  storage.RaftStorageDirectory (RaftStorageDirectoryImpl.java:tryLock(231)) - Lock on /home/runner/work/ozone/ozone/hadoop-ozone/integration-test/target/test-dir/MiniOzoneClusterImpl-ba7f31e0-0b52-47fc-8fdc-dbbc4e827165/datanode-0/data/ratis/0b81fbac-2296-4b8f-8de0-b0a6442936ae/in_use.lock acquired by nodename 81300@fv-az505-480
2022-12-23 07:23:50,861 [pool-796-thread-1] INFO  storage.RaftStorage (RaftStorageImpl.java:format(96)) - Storage directory /home/runner/work/ozone/ozone/hadoop-ozone/integration-test/target/test-dir/MiniOzoneClusterImpl-ba7f31e0-0b52-47fc-8fdc-dbbc4e827165/datanode-0/data/ratis/0b81fbac-2296-4b8f-8de0-b0a6442936ae has been successfully formatted.
2022-12-23 07:23:50,861 [pool-796-thread-1] INFO  ratis.ContainerStateMachine (ContainerStateMachine.java:loadSnapshot(240)) - group-B0A6442936AE: The snapshot info is null. Setting the last applied indexto:(t:0, i:~)
2022-12-23 07:23:50,861 [pool-796-thread-1] INFO  server.RaftServerConfigKeys (ConfUtils.java:logGet(46)) - raft.server.log.use.memory = false (default)
2022-12-23 07:23:50,862 [pool-796-thread-1] INFO  server.RaftServerConfigKeys (ConfUtils.java:logGet(46)) - raft.server.log.purge.gap = 1000000 (custom)
2022-12-23 07:23:50,862 [pool-796-thread-1] INFO  server.RaftServerConfigKeys (ConfUtils.java:logGet(46)) - raft.server.log.appender.buffer.byte-limit = 33554432 (custom)
2022-12-23 07:23:50,862 [pool-796-thread-1] INFO  server.RaftServerConfigKeys (ConfUtils.java:logGet(46)) - raft.server.log.statemachine.data.read.timeout = 1000ms (default)
2022-12-23 07:23:50,862 [pool-796-thread-1] INFO  server.RaftServerConfigKeys (ConfUtils.java:logGet(46)) - raft.server.log.purge.preservation.log.num = 0 (default)
2022-12-23 07:23:50,862 [pool-796-thread-1] INFO  server.RaftServerConfigKeys (ConfUtils.java:logGet(46)) - raft.server.log.segment.size.max = 1048576 (custom)
2022-12-23 07:23:50,862 [EventQueue-CommandQueueReportForCommandQueueReportHandler] WARN  events.EventQueue (EventQueue.java:fireEvent(216)) - No event handler registered for event TypedEvent{payloadType=DatanodeDetails, name='Datanode_Command_Queue_Updated'}
2022-12-23 07:23:50,863 [pool-796-thread-1] INFO  server.RaftServerConfigKeys (ConfUtils.java:logGet(46)) - raft.server.log.segment.cache.num.max = 2 (custom)
2022-12-23 07:23:50,863 [pool-796-thread-1] INFO  server.RaftServerConfigKeys (ConfUtils.java:logGet(46)) - raft.server.log.segment.cache.size.max = 200MB (=209715200) (default)
2022-12-23 07:23:50,863 [pool-796-thread-1] INFO  segmented.SegmentedRaftLogWorker (SegmentedRaftLogWorker.java:<init>(189)) - new afc81946-b921-414f-975a-f6fdc8ce3c83@group-B0A6442936AE-SegmentedRaftLogWorker for RaftStorageImpl:Storage Directory /home/runner/work/ozone/ozone/hadoop-ozone/integration-test/target/test-dir/MiniOzoneClusterImpl-ba7f31e0-0b52-47fc-8fdc-dbbc4e827165/datanode-0/data/ratis/0b81fbac-2296-4b8f-8de0-b0a6442936ae
2022-12-23 07:23:50,863 [pool-796-thread-1] INFO  server.RaftServerConfigKeys (ConfUtils.java:logGet(46)) - raft.server.log.queue.byte-limit = 4294967296 (custom)
2022-12-23 07:23:50,863 [pool-796-thread-1] INFO  server.RaftServerConfigKeys (ConfUtils.java:logGet(46)) - raft.server.log.queue.element-limit = 1024 (custom)
2022-12-23 07:23:50,863 [pool-796-thread-1] INFO  server.RaftServerConfigKeys (ConfUtils.java:logGet(46)) - raft.server.log.segment.size.max = 1048576 (custom)
2022-12-23 07:23:50,863 [pool-796-thread-1] INFO  server.RaftServerConfigKeys (ConfUtils.java:logGet(46)) - raft.server.log.preallocated.size = 16384 (custom)
2022-12-23 07:23:50,863 [pool-796-thread-1] INFO  server.RaftServerConfigKeys (ConfUtils.java:logGet(46)) - raft.server.log.force.sync.num = 128 (default)
2022-12-23 07:23:50,863 [pool-796-thread-1] INFO  server.RaftServerConfigKeys (ConfUtils.java:logGet(46)) - raft.server.log.statemachine.data.sync = true (default)
2022-12-23 07:23:50,863 [pool-796-thread-1] INFO  server.RaftServerConfigKeys (ConfUtils.java:logGet(46)) - raft.server.log.statemachine.data.sync.timeout = 10s (default)
2022-12-23 07:23:50,863 [pool-796-thread-1] INFO  server.RaftServerConfigKeys (ConfUtils.java:logGet(46)) - raft.server.log.statemachine.data.sync.timeout.retry = -1 (default)
2022-12-23 07:23:50,864 [pool-796-thread-1] INFO  server.RaftServerConfigKeys (ConfUtils.java:logGet(46)) - raft.server.log.write.buffer.size = 1048576 (custom)
2022-12-23 07:23:50,864 [pool-796-thread-1] INFO  server.RaftServerConfigKeys (ConfUtils.java:logGet(46)) - raft.server.log.appender.buffer.byte-limit = 33554432 (custom)
2022-12-23 07:23:50,870 [pool-796-thread-1] INFO  server.RaftServerConfigKeys (ConfUtils.java:logGet(46)) - raft.server.log.unsafe-flush.enabled = false (default)
2022-12-23 07:23:50,870 [pool-796-thread-1] INFO  server.RaftServerConfigKeys (ConfUtils.java:logGet(46)) - raft.server.log.async-flush.enabled = false (default)
2022-12-23 07:23:50,870 [pool-796-thread-1] INFO  server.RaftServerConfigKeys (ConfUtils.java:logGet(46)) - raft.server.log.statemachine.data.caching.enabled = true (custom)
2022-12-23 07:23:50,870 [EventQueue-OpenPipelineForHealthyPipelineSafeModeRule] INFO  safemode.SCMSafeModeManager (HealthyPipelineSafeModeRule.java:process(137)) - SCM in safe mode. Healthy pipelines reported count is 0, required healthy pipeline reported count is 1
2022-12-23 07:23:50,870 [EventQueue-OpenPipelineForHealthyPipelineSafeModeRule] INFO  safemode.SCMSafeModeManager (HealthyPipelineSafeModeRule.java:process(137)) - SCM in safe mode. Healthy pipelines reported count is 0, required healthy pipeline reported count is 1
2022-12-23 07:23:50,870 [pool-796-thread-1] INFO  segmented.SegmentedRaftLogWorker (SegmentedRaftLogWorker.java:lambda$new$0(135)) - afc81946-b921-414f-975a-f6fdc8ce3c83@group-B0A6442936AE-SegmentedRaftLogWorker: flushIndex: setUnconditionally 0 -> -1
2022-12-23 07:23:50,871 [pool-796-thread-1] INFO  segmented.SegmentedRaftLogWorker (SegmentedRaftLogWorker.java:lambda$new$0(135)) - afc81946-b921-414f-975a-f6fdc8ce3c83@group-B0A6442936AE-SegmentedRaftLogWorker: safeCacheEvictIndex: setUnconditionally 0 -> -1
2022-12-23 07:23:50,875 [pool-796-thread-1] INFO  server.RaftServer$Division (RaftServerImpl.java:start(334)) - afc81946-b921-414f-975a-f6fdc8ce3c83@group-B0A6442936AE: start as a follower, conf=-1: peers:[afc81946-b921-414f-975a-f6fdc8ce3c83|rpc:10.1.0.40:46711|dataStream:10.1.0.40:42573|priority:0|startupRole:FOLLOWER, f44a0d93-0667-421f-b71e-e5df73887e0c|rpc:10.1.0.40:45029|dataStream:10.1.0.40:41779|priority:1|startupRole:FOLLOWER, 4855300c-9dc7-4866-b12a-0d8362434d54|rpc:10.1.0.40:46797|dataStream:10.1.0.40:32775|priority:0|startupRole:FOLLOWER]|listeners:[], old=null
2022-12-23 07:23:50,875 [pool-796-thread-1] INFO  server.RaftServer$Division (RaftServerImpl.java:setRole(321)) - afc81946-b921-414f-975a-f6fdc8ce3c83@group-B0A6442936AE: changes role from      null to FOLLOWER at term 0 for startAsFollower
2022-12-23 07:23:50,875 [pool-796-thread-1] INFO  impl.RoleInfo (RoleInfo.java:updateAndGet(139)) - afc81946-b921-414f-975a-f6fdc8ce3c83: start afc81946-b921-414f-975a-f6fdc8ce3c83@group-B0A6442936AE-FollowerState
2022-12-23 07:23:50,875 [pool-796-thread-1] INFO  util.JmxRegister (JmxRegister.java:tryRegister(44)) - Successfully registered JMX Bean with object name Ratis:service=RaftServer,group=group-B0A6442936AE,id=afc81946-b921-414f-975a-f6fdc8ce3c83
2022-12-23 07:23:50,875 [pool-796-thread-1] INFO  server.RaftServerConfigKeys (ConfUtils.java:logGet(46)) - raft.server.snapshot.auto.trigger.enabled = true (custom)
2022-12-23 07:23:50,875 [pool-796-thread-1] INFO  server.RaftServerConfigKeys (ConfUtils.java:logGet(46)) - raft.server.snapshot.auto.trigger.threshold = 10000 (custom)
2022-12-23 07:23:50,875 [pool-796-thread-1] INFO  server.RaftServerConfigKeys (ConfUtils.java:logGet(46)) - raft.server.snapshot.retention.file.num = 5 (custom)
2022-12-23 07:23:50,875 [pool-796-thread-1] INFO  server.RaftServerConfigKeys (ConfUtils.java:logGet(46)) - raft.server.log.purge.upto.snapshot.index = false (default)
2022-12-23 07:23:50,876 [afc81946-b921-414f-975a-f6fdc8ce3c83@group-B0A6442936AE-FollowerState] INFO  server.RaftServerConfigKeys (ConfUtils.java:logFallback(53)) - raft.server.rpc.first-election.timeout.min = 5s (fallback to raft.server.rpc.timeout.min)
2022-12-23 07:23:50,876 [afc81946-b921-414f-975a-f6fdc8ce3c83@group-B0A6442936AE-FollowerState] INFO  server.RaftServerConfigKeys (ConfUtils.java:logFallback(53)) - raft.server.rpc.first-election.timeout.max = 5200ms (fallback to raft.server.rpc.timeout.max)
2022-12-23 07:23:50,876 [Command processor thread] INFO  ratis.XceiverServerRatis (XceiverServerRatis.java:addGroup(806)) - Created group PipelineID=0b81fbac-2296-4b8f-8de0-b0a6442936ae
2022-12-23 07:23:50,898 [grpc-default-executor-0] INFO  server.RaftServer (RaftServerProxy.java:addNew(96)) - f44a0d93-0667-421f-b71e-e5df73887e0c: addNew group-B0A6442936AE:[afc81946-b921-414f-975a-f6fdc8ce3c83|rpc:10.1.0.40:46711|dataStream:10.1.0.40:42573|priority:0|startupRole:FOLLOWER, f44a0d93-0667-421f-b71e-e5df73887e0c|rpc:10.1.0.40:45029|dataStream:10.1.0.40:41779|priority:1|startupRole:FOLLOWER, 4855300c-9dc7-4866-b12a-0d8362434d54|rpc:10.1.0.40:46797|dataStream:10.1.0.40:32775|priority:0|startupRole:FOLLOWER] returns group-B0A6442936AE:java.util.concurrent.CompletableFuture@7b145838[Not completed]
2022-12-23 07:23:50,899 [pool-842-thread-1] INFO  server.RaftServer$Division (RaftServerImpl.java:<init>(195)) - f44a0d93-0667-421f-b71e-e5df73887e0c: new RaftServerImpl for group-B0A6442936AE:[afc81946-b921-414f-975a-f6fdc8ce3c83|rpc:10.1.0.40:46711|dataStream:10.1.0.40:42573|priority:0|startupRole:FOLLOWER, f44a0d93-0667-421f-b71e-e5df73887e0c|rpc:10.1.0.40:45029|dataStream:10.1.0.40:41779|priority:1|startupRole:FOLLOWER, 4855300c-9dc7-4866-b12a-0d8362434d54|rpc:10.1.0.40:46797|dataStream:10.1.0.40:32775|priority:0|startupRole:FOLLOWER] with ContainerStateMachine:uninitialized
2022-12-23 07:23:50,899 [pool-842-thread-1] INFO  server.RaftServerConfigKeys (ConfUtils.java:logGet(46)) - raft.server.rpc.timeout.min = 5s (custom)
2022-12-23 07:23:50,899 [pool-842-thread-1] INFO  server.RaftServerConfigKeys (ConfUtils.java:logGet(46)) - raft.server.rpc.timeout.max = 5200ms (custom)
2022-12-23 07:23:50,899 [pool-842-thread-1] INFO  server.RaftServerConfigKeys (ConfUtils.java:logGet(46)) - raft.server.rpc.sleep.time = 25ms (default)
2022-12-23 07:23:50,899 [pool-842-thread-1] INFO  server.RaftServerConfigKeys (ConfUtils.java:logGet(46)) - raft.server.rpc.slowness.timeout = 300s (custom)
2022-12-23 07:23:50,899 [pool-842-thread-1] INFO  server.RaftServerConfigKeys (ConfUtils.java:logGet(46)) - raft.server.leaderelection.leader.step-down.wait-time = 10s (default)
2022-12-23 07:23:50,899 [pool-842-thread-1] INFO  server.RaftServerConfigKeys (ConfUtils.java:logGet(46)) - raft.server.sleep.deviation.threshold = 300ms (default)
2022-12-23 07:23:50,899 [pool-842-thread-1] INFO  server.RaftServer$Division (ServerState.java:<init>(118)) - f44a0d93-0667-421f-b71e-e5df73887e0c@group-B0A6442936AE: ConfigurationManager, init=-1: peers:[afc81946-b921-414f-975a-f6fdc8ce3c83|rpc:10.1.0.40:46711|dataStream:10.1.0.40:42573|priority:0|startupRole:FOLLOWER, f44a0d93-0667-421f-b71e-e5df73887e0c|rpc:10.1.0.40:45029|dataStream:10.1.0.40:41779|priority:1|startupRole:FOLLOWER, 4855300c-9dc7-4866-b12a-0d8362434d54|rpc:10.1.0.40:46797|dataStream:10.1.0.40:32775|priority:0|startupRole:FOLLOWER]|listeners:[], old=null, confs=<EMPTY_MAP>
2022-12-23 07:23:50,899 [pool-842-thread-1] INFO  server.RaftServerConfigKeys (ConfUtils.java:logGet(46)) - raft.server.storage.dir = [/home/runner/work/ozone/ozone/hadoop-ozone/integration-test/target/test-dir/MiniOzoneClusterImpl-ba7f31e0-0b52-47fc-8fdc-dbbc4e827165/datanode-2/data/ratis] (custom)
2022-12-23 07:23:50,899 [pool-842-thread-1] INFO  server.RaftServerConfigKeys (ConfUtils.java:logGet(46)) - raft.server.log.corruption.policy = EXCEPTION (default)
2022-12-23 07:23:50,899 [pool-842-thread-1] INFO  server.RaftServerConfigKeys (ConfUtils.java:logGet(46)) - raft.server.storage.free-space.min = 0MB (=0) (default)
2022-12-23 07:23:50,900 [pool-842-thread-1] INFO  server.RaftServerConfigKeys (ConfUtils.java:logGet(46)) - raft.server.notification.no-leader.timeout = 300s (custom)
2022-12-23 07:23:50,900 [pool-842-thread-1] INFO  server.RaftServerConfigKeys (ConfUtils.java:logGet(46)) - raft.server.retrycache.expirytime = 600000ms (custom)
2022-12-23 07:23:50,900 [pool-842-thread-1] INFO  server.RaftServerConfigKeys (ConfUtils.java:logGet(46)) - raft.server.retrycache.statistics.expirytime = 100μs (default)
2022-12-23 07:23:50,900 [pool-842-thread-1] INFO  server.RaftServerConfigKeys (ConfUtils.java:logGet(46)) - raft.server.log.appender.install.snapshot.enabled = false (custom)
2022-12-23 07:23:50,900 [pool-842-thread-1] INFO  server.RaftServerConfigKeys (ConfUtils.java:logGet(46)) - raft.server.threadpool.server.cached = true (default)
2022-12-23 07:23:50,900 [pool-842-thread-1] INFO  server.RaftServerConfigKeys (ConfUtils.java:logGet(46)) - raft.server.threadpool.server.size = 0 (default)
2022-12-23 07:23:50,900 [pool-842-thread-1] INFO  server.RaftServerConfigKeys (ConfUtils.java:logGet(46)) - raft.server.threadpool.client.cached = true (default)
2022-12-23 07:23:50,900 [pool-842-thread-1] INFO  server.RaftServerConfigKeys (ConfUtils.java:logGet(46)) - raft.server.threadpool.client.size = 0 (default)
2022-12-23 07:23:50,901 [pool-842-thread-1] INFO  storage.RaftStorageDirectory (RaftStorageDirectoryImpl.java:analyzeStorage(137)) - The storage directory /home/runner/work/ozone/ozone/hadoop-ozone/integration-test/target/test-dir/MiniOzoneClusterImpl-ba7f31e0-0b52-47fc-8fdc-dbbc4e827165/datanode-2/data/ratis/0b81fbac-2296-4b8f-8de0-b0a6442936ae does not exist. Creating ...
2022-12-23 07:23:50,902 [pool-842-thread-1] INFO  storage.RaftStorageDirectory (RaftStorageDirectoryImpl.java:tryLock(231)) - Lock on /home/runner/work/ozone/ozone/hadoop-ozone/integration-test/target/test-dir/MiniOzoneClusterImpl-ba7f31e0-0b52-47fc-8fdc-dbbc4e827165/datanode-2/data/ratis/0b81fbac-2296-4b8f-8de0-b0a6442936ae/in_use.lock acquired by nodename 81300@fv-az505-480
2022-12-23 07:23:50,903 [pool-842-thread-1] INFO  storage.RaftStorage (RaftStorageImpl.java:format(96)) - Storage directory /home/runner/work/ozone/ozone/hadoop-ozone/integration-test/target/test-dir/MiniOzoneClusterImpl-ba7f31e0-0b52-47fc-8fdc-dbbc4e827165/datanode-2/data/ratis/0b81fbac-2296-4b8f-8de0-b0a6442936ae has been successfully formatted.
2022-12-23 07:23:50,905 [pool-842-thread-1] INFO  ratis.ContainerStateMachine (ContainerStateMachine.java:loadSnapshot(240)) - group-B0A6442936AE: The snapshot info is null. Setting the last applied indexto:(t:0, i:~)
2022-12-23 07:23:50,906 [EventQueue-CommandQueueReportForCommandQueueReportHandler] WARN  events.EventQueue (EventQueue.java:fireEvent(216)) - No event handler registered for event TypedEvent{payloadType=DatanodeDetails, name='Datanode_Command_Queue_Updated'}
2022-12-23 07:23:50,906 [pool-842-thread-1] INFO  server.RaftServerConfigKeys (ConfUtils.java:logGet(46)) - raft.server.log.use.memory = false (default)
2022-12-23 07:23:50,907 [pool-842-thread-1] INFO  server.RaftServerConfigKeys (ConfUtils.java:logGet(46)) - raft.server.log.purge.gap = 1000000 (custom)
2022-12-23 07:23:50,907 [pool-842-thread-1] INFO  server.RaftServerConfigKeys (ConfUtils.java:logGet(46)) - raft.server.log.appender.buffer.byte-limit = 33554432 (custom)
2022-12-23 07:23:50,907 [pool-842-thread-1] INFO  server.RaftServerConfigKeys (ConfUtils.java:logGet(46)) - raft.server.log.statemachine.data.read.timeout = 1000ms (default)
2022-12-23 07:23:50,907 [pool-842-thread-1] INFO  server.RaftServerConfigKeys (ConfUtils.java:logGet(46)) - raft.server.log.purge.preservation.log.num = 0 (default)
2022-12-23 07:23:50,907 [pool-842-thread-1] INFO  server.RaftServerConfigKeys (ConfUtils.java:logGet(46)) - raft.server.log.segment.size.max = 1048576 (custom)
2022-12-23 07:23:50,907 [pool-842-thread-1] INFO  server.RaftServerConfigKeys (ConfUtils.java:logGet(46)) - raft.server.log.segment.cache.num.max = 2 (custom)
2022-12-23 07:23:50,907 [pool-842-thread-1] INFO  server.RaftServerConfigKeys (ConfUtils.java:logGet(46)) - raft.server.log.segment.cache.size.max = 200MB (=209715200) (default)
2022-12-23 07:23:50,907 [pool-842-thread-1] INFO  segmented.SegmentedRaftLogWorker (SegmentedRaftLogWorker.java:<init>(189)) - new f44a0d93-0667-421f-b71e-e5df73887e0c@group-B0A6442936AE-SegmentedRaftLogWorker for RaftStorageImpl:Storage Directory /home/runner/work/ozone/ozone/hadoop-ozone/integration-test/target/test-dir/MiniOzoneClusterImpl-ba7f31e0-0b52-47fc-8fdc-dbbc4e827165/datanode-2/data/ratis/0b81fbac-2296-4b8f-8de0-b0a6442936ae
2022-12-23 07:23:50,907 [pool-842-thread-1] INFO  server.RaftServerConfigKeys (ConfUtils.java:logGet(46)) - raft.server.log.queue.byte-limit = 4294967296 (custom)
2022-12-23 07:23:50,907 [pool-842-thread-1] INFO  server.RaftServerConfigKeys (ConfUtils.java:logGet(46)) - raft.server.log.queue.element-limit = 1024 (custom)
2022-12-23 07:23:50,907 [pool-842-thread-1] INFO  server.RaftServerConfigKeys (ConfUtils.java:logGet(46)) - raft.server.log.segment.size.max = 1048576 (custom)
2022-12-23 07:23:50,907 [pool-842-thread-1] INFO  server.RaftServerConfigKeys (ConfUtils.java:logGet(46)) - raft.server.log.preallocated.size = 16384 (custom)
2022-12-23 07:23:50,907 [pool-842-thread-1] INFO  server.RaftServerConfigKeys (ConfUtils.java:logGet(46)) - raft.server.log.force.sync.num = 128 (default)
2022-12-23 07:23:50,907 [pool-842-thread-1] INFO  server.RaftServerConfigKeys (ConfUtils.java:logGet(46)) - raft.server.log.statemachine.data.sync = true (default)
2022-12-23 07:23:50,907 [pool-842-thread-1] INFO  server.RaftServerConfigKeys (ConfUtils.java:logGet(46)) - raft.server.log.statemachine.data.sync.timeout = 10s (default)
2022-12-23 07:23:50,908 [pool-842-thread-1] INFO  server.RaftServerConfigKeys (ConfUtils.java:logGet(46)) - raft.server.log.statemachine.data.sync.timeout.retry = -1 (default)
2022-12-23 07:23:50,908 [pool-842-thread-1] INFO  server.RaftServerConfigKeys (ConfUtils.java:logGet(46)) - raft.server.log.write.buffer.size = 1048576 (custom)
2022-12-23 07:23:50,909 [pool-842-thread-1] INFO  server.RaftServerConfigKeys (ConfUtils.java:logGet(46)) - raft.server.log.appender.buffer.byte-limit = 33554432 (custom)
2022-12-23 07:23:50,915 [pool-842-thread-1] INFO  server.RaftServerConfigKeys (ConfUtils.java:logGet(46)) - raft.server.log.unsafe-flush.enabled = false (default)
2022-12-23 07:23:50,915 [pool-842-thread-1] INFO  server.RaftServerConfigKeys (ConfUtils.java:logGet(46)) - raft.server.log.async-flush.enabled = false (default)
2022-12-23 07:23:50,915 [pool-842-thread-1] INFO  server.RaftServerConfigKeys (ConfUtils.java:logGet(46)) - raft.server.log.statemachine.data.caching.enabled = true (custom)
2022-12-23 07:23:50,915 [pool-842-thread-1] INFO  segmented.SegmentedRaftLogWorker (SegmentedRaftLogWorker.java:lambda$new$0(135)) - f44a0d93-0667-421f-b71e-e5df73887e0c@group-B0A6442936AE-SegmentedRaftLogWorker: flushIndex: setUnconditionally 0 -> -1
2022-12-23 07:23:50,916 [pool-842-thread-1] INFO  segmented.SegmentedRaftLogWorker (SegmentedRaftLogWorker.java:lambda$new$0(135)) - f44a0d93-0667-421f-b71e-e5df73887e0c@group-B0A6442936AE-SegmentedRaftLogWorker: safeCacheEvictIndex: setUnconditionally 0 -> -1
2022-12-23 07:23:50,916 [pool-842-thread-1] INFO  server.RaftServer$Division (RaftServerImpl.java:start(334)) - f44a0d93-0667-421f-b71e-e5df73887e0c@group-B0A6442936AE: start as a follower, conf=-1: peers:[afc81946-b921-414f-975a-f6fdc8ce3c83|rpc:10.1.0.40:46711|dataStream:10.1.0.40:42573|priority:0|startupRole:FOLLOWER, f44a0d93-0667-421f-b71e-e5df73887e0c|rpc:10.1.0.40:45029|dataStream:10.1.0.40:41779|priority:1|startupRole:FOLLOWER, 4855300c-9dc7-4866-b12a-0d8362434d54|rpc:10.1.0.40:46797|dataStream:10.1.0.40:32775|priority:0|startupRole:FOLLOWER]|listeners:[], old=null
2022-12-23 07:23:50,916 [pool-842-thread-1] INFO  server.RaftServer$Division (RaftServerImpl.java:setRole(321)) - f44a0d93-0667-421f-b71e-e5df73887e0c@group-B0A6442936AE: changes role from      null to FOLLOWER at term 0 for startAsFollower
2022-12-23 07:23:50,916 [pool-842-thread-1] INFO  impl.RoleInfo (RoleInfo.java:updateAndGet(139)) - f44a0d93-0667-421f-b71e-e5df73887e0c: start f44a0d93-0667-421f-b71e-e5df73887e0c@group-B0A6442936AE-FollowerState
2022-12-23 07:23:50,916 [pool-842-thread-1] INFO  util.JmxRegister (JmxRegister.java:tryRegister(44)) - Successfully registered JMX Bean with object name Ratis:service=RaftServer,group=group-B0A6442936AE,id=f44a0d93-0667-421f-b71e-e5df73887e0c
2022-12-23 07:23:50,916 [pool-842-thread-1] INFO  server.RaftServerConfigKeys (ConfUtils.java:logGet(46)) - raft.server.snapshot.auto.trigger.enabled = true (custom)
2022-12-23 07:23:50,916 [pool-842-thread-1] INFO  server.RaftServerConfigKeys (ConfUtils.java:logGet(46)) - raft.server.snapshot.auto.trigger.threshold = 10000 (custom)
2022-12-23 07:23:50,916 [pool-842-thread-1] INFO  server.RaftServerConfigKeys (ConfUtils.java:logGet(46)) - raft.server.snapshot.retention.file.num = 5 (custom)
2022-12-23 07:23:50,916 [pool-842-thread-1] INFO  server.RaftServerConfigKeys (ConfUtils.java:logGet(46)) - raft.server.log.purge.upto.snapshot.index = false (default)
2022-12-23 07:23:50,917 [f44a0d93-0667-421f-b71e-e5df73887e0c@group-B0A6442936AE-FollowerState] INFO  server.RaftServerConfigKeys (ConfUtils.java:logFallback(53)) - raft.server.rpc.first-election.timeout.min = 5s (fallback to raft.server.rpc.timeout.min)
2022-12-23 07:23:50,917 [f44a0d93-0667-421f-b71e-e5df73887e0c@group-B0A6442936AE-FollowerState] INFO  server.RaftServerConfigKeys (ConfUtils.java:logFallback(53)) - raft.server.rpc.first-election.timeout.max = 5200ms (fallback to raft.server.rpc.timeout.max)
2022-12-23 07:23:50,958 [grpc-default-executor-0] INFO  server.RaftServer (RaftServerProxy.java:addNew(96)) - 4855300c-9dc7-4866-b12a-0d8362434d54: addNew group-B0A6442936AE:[afc81946-b921-414f-975a-f6fdc8ce3c83|rpc:10.1.0.40:46711|dataStream:10.1.0.40:42573|priority:0|startupRole:FOLLOWER, f44a0d93-0667-421f-b71e-e5df73887e0c|rpc:10.1.0.40:45029|dataStream:10.1.0.40:41779|priority:1|startupRole:FOLLOWER, 4855300c-9dc7-4866-b12a-0d8362434d54|rpc:10.1.0.40:46797|dataStream:10.1.0.40:32775|priority:0|startupRole:FOLLOWER] returns group-B0A6442936AE:java.util.concurrent.CompletableFuture@327e69b8[Not completed]
2022-12-23 07:23:50,959 [pool-819-thread-1] INFO  server.RaftServer$Division (RaftServerImpl.java:<init>(195)) - 4855300c-9dc7-4866-b12a-0d8362434d54: new RaftServerImpl for group-B0A6442936AE:[afc81946-b921-414f-975a-f6fdc8ce3c83|rpc:10.1.0.40:46711|dataStream:10.1.0.40:42573|priority:0|startupRole:FOLLOWER, f44a0d93-0667-421f-b71e-e5df73887e0c|rpc:10.1.0.40:45029|dataStream:10.1.0.40:41779|priority:1|startupRole:FOLLOWER, 4855300c-9dc7-4866-b12a-0d8362434d54|rpc:10.1.0.40:46797|dataStream:10.1.0.40:32775|priority:0|startupRole:FOLLOWER] with ContainerStateMachine:uninitialized
2022-12-23 07:23:50,959 [pool-819-thread-1] INFO  server.RaftServerConfigKeys (ConfUtils.java:logGet(46)) - raft.server.rpc.timeout.min = 5s (custom)
2022-12-23 07:23:50,959 [pool-819-thread-1] INFO  server.RaftServerConfigKeys (ConfUtils.java:logGet(46)) - raft.server.rpc.timeout.max = 5200ms (custom)
2022-12-23 07:23:50,959 [pool-819-thread-1] INFO  server.RaftServerConfigKeys (ConfUtils.java:logGet(46)) - raft.server.rpc.sleep.time = 25ms (default)
2022-12-23 07:23:50,959 [pool-819-thread-1] INFO  server.RaftServerConfigKeys (ConfUtils.java:logGet(46)) - raft.server.rpc.slowness.timeout = 300s (custom)
2022-12-23 07:23:50,959 [pool-819-thread-1] INFO  server.RaftServerConfigKeys (ConfUtils.java:logGet(46)) - raft.server.leaderelection.leader.step-down.wait-time = 10s (default)
2022-12-23 07:23:50,959 [pool-819-thread-1] INFO  server.RaftServerConfigKeys (ConfUtils.java:logGet(46)) - raft.server.sleep.deviation.threshold = 300ms (default)
2022-12-23 07:23:50,959 [pool-819-thread-1] INFO  server.RaftServer$Division (ServerState.java:<init>(118)) - 4855300c-9dc7-4866-b12a-0d8362434d54@group-B0A6442936AE: ConfigurationManager, init=-1: peers:[afc81946-b921-414f-975a-f6fdc8ce3c83|rpc:10.1.0.40:46711|dataStream:10.1.0.40:42573|priority:0|startupRole:FOLLOWER, f44a0d93-0667-421f-b71e-e5df73887e0c|rpc:10.1.0.40:45029|dataStream:10.1.0.40:41779|priority:1|startupRole:FOLLOWER, 4855300c-9dc7-4866-b12a-0d8362434d54|rpc:10.1.0.40:46797|dataStream:10.1.0.40:32775|priority:0|startupRole:FOLLOWER]|listeners:[], old=null, confs=<EMPTY_MAP>
2022-12-23 07:23:50,959 [pool-819-thread-1] INFO  server.RaftServerConfigKeys (ConfUtils.java:logGet(46)) - raft.server.storage.dir = [/home/runner/work/ozone/ozone/hadoop-ozone/integration-test/target/test-dir/MiniOzoneClusterImpl-ba7f31e0-0b52-47fc-8fdc-dbbc4e827165/datanode-1/data/ratis] (custom)
2022-12-23 07:23:50,959 [pool-819-thread-1] INFO  server.RaftServerConfigKeys (ConfUtils.java:logGet(46)) - raft.server.log.corruption.policy = EXCEPTION (default)
2022-12-23 07:23:50,959 [pool-819-thread-1] INFO  server.RaftServerConfigKeys (ConfUtils.java:logGet(46)) - raft.server.storage.free-space.min = 0MB (=0) (default)
2022-12-23 07:23:50,960 [pool-819-thread-1] INFO  server.RaftServerConfigKeys (ConfUtils.java:logGet(46)) - raft.server.notification.no-leader.timeout = 300s (custom)
2022-12-23 07:23:50,960 [pool-819-thread-1] INFO  server.RaftServerConfigKeys (ConfUtils.java:logGet(46)) - raft.server.retrycache.expirytime = 600000ms (custom)
2022-12-23 07:23:50,960 [pool-819-thread-1] INFO  server.RaftServerConfigKeys (ConfUtils.java:logGet(46)) - raft.server.retrycache.statistics.expirytime = 100μs (default)
2022-12-23 07:23:50,960 [pool-819-thread-1] INFO  server.RaftServerConfigKeys (ConfUtils.java:logGet(46)) - raft.server.log.appender.install.snapshot.enabled = false (custom)
2022-12-23 07:23:50,960 [pool-819-thread-1] INFO  server.RaftServerConfigKeys (ConfUtils.java:logGet(46)) - raft.server.threadpool.server.cached = true (default)
2022-12-23 07:23:50,960 [pool-819-thread-1] INFO  server.RaftServerConfigKeys (ConfUtils.java:logGet(46)) - raft.server.threadpool.server.size = 0 (default)
2022-12-23 07:23:50,960 [pool-819-thread-1] INFO  server.RaftServerConfigKeys (ConfUtils.java:logGet(46)) - raft.server.threadpool.client.cached = true (default)
2022-12-23 07:23:50,960 [pool-819-thread-1] INFO  server.RaftServerConfigKeys (ConfUtils.java:logGet(46)) - raft.server.threadpool.client.size = 0 (default)
2022-12-23 07:23:50,960 [pool-819-thread-1] INFO  storage.RaftStorageDirectory (RaftStorageDirectoryImpl.java:analyzeStorage(137)) - The storage directory /home/runner/work/ozone/ozone/hadoop-ozone/integration-test/target/test-dir/MiniOzoneClusterImpl-ba7f31e0-0b52-47fc-8fdc-dbbc4e827165/datanode-1/data/ratis/0b81fbac-2296-4b8f-8de0-b0a6442936ae does not exist. Creating ...
2022-12-23 07:23:50,962 [pool-819-thread-1] INFO  storage.RaftStorageDirectory (RaftStorageDirectoryImpl.java:tryLock(231)) - Lock on /home/runner/work/ozone/ozone/hadoop-ozone/integration-test/target/test-dir/MiniOzoneClusterImpl-ba7f31e0-0b52-47fc-8fdc-dbbc4e827165/datanode-1/data/ratis/0b81fbac-2296-4b8f-8de0-b0a6442936ae/in_use.lock acquired by nodename 81300@fv-az505-480
2022-12-23 07:23:50,963 [pool-819-thread-1] INFO  storage.RaftStorage (RaftStorageImpl.java:format(96)) - Storage directory /home/runner/work/ozone/ozone/hadoop-ozone/integration-test/target/test-dir/MiniOzoneClusterImpl-ba7f31e0-0b52-47fc-8fdc-dbbc4e827165/datanode-1/data/ratis/0b81fbac-2296-4b8f-8de0-b0a6442936ae has been successfully formatted.
2022-12-23 07:23:50,964 [pool-819-thread-1] INFO  ratis.ContainerStateMachine (ContainerStateMachine.java:loadSnapshot(240)) - group-B0A6442936AE: The snapshot info is null. Setting the last applied indexto:(t:0, i:~)
2022-12-23 07:23:50,964 [pool-819-thread-1] INFO  server.RaftServerConfigKeys (ConfUtils.java:logGet(46)) - raft.server.log.use.memory = false (default)
2022-12-23 07:23:50,964 [pool-819-thread-1] INFO  server.RaftServerConfigKeys (ConfUtils.java:logGet(46)) - raft.server.log.purge.gap = 1000000 (custom)
2022-12-23 07:23:50,964 [pool-819-thread-1] INFO  server.RaftServerConfigKeys (ConfUtils.java:logGet(46)) - raft.server.log.appender.buffer.byte-limit = 33554432 (custom)
2022-12-23 07:23:50,964 [pool-819-thread-1] INFO  server.RaftServerConfigKeys (ConfUtils.java:logGet(46)) - raft.server.log.statemachine.data.read.timeout = 1000ms (default)
2022-12-23 07:23:50,964 [pool-819-thread-1] INFO  server.RaftServerConfigKeys (ConfUtils.java:logGet(46)) - raft.server.log.purge.preservation.log.num = 0 (default)
2022-12-23 07:23:50,964 [pool-819-thread-1] INFO  server.RaftServerConfigKeys (ConfUtils.java:logGet(46)) - raft.server.log.segment.size.max = 1048576 (custom)
2022-12-23 07:23:50,965 [EventQueue-CommandQueueReportForCommandQueueReportHandler] WARN  events.EventQueue (EventQueue.java:fireEvent(216)) - No event handler registered for event TypedEvent{payloadType=DatanodeDetails, name='Datanode_Command_Queue_Updated'}
2022-12-23 07:23:50,966 [pool-819-thread-1] INFO  server.RaftServerConfigKeys (ConfUtils.java:logGet(46)) - raft.server.log.segment.cache.num.max = 2 (custom)
2022-12-23 07:23:50,966 [pool-819-thread-1] INFO  server.RaftServerConfigKeys (ConfUtils.java:logGet(46)) - raft.server.log.segment.cache.size.max = 200MB (=209715200) (default)
2022-12-23 07:23:50,966 [pool-819-thread-1] INFO  segmented.SegmentedRaftLogWorker (SegmentedRaftLogWorker.java:<init>(189)) - new 4855300c-9dc7-4866-b12a-0d8362434d54@group-B0A6442936AE-SegmentedRaftLogWorker for RaftStorageImpl:Storage Directory /home/runner/work/ozone/ozone/hadoop-ozone/integration-test/target/test-dir/MiniOzoneClusterImpl-ba7f31e0-0b52-47fc-8fdc-dbbc4e827165/datanode-1/data/ratis/0b81fbac-2296-4b8f-8de0-b0a6442936ae
2022-12-23 07:23:50,966 [pool-819-thread-1] INFO  server.RaftServerConfigKeys (ConfUtils.java:logGet(46)) - raft.server.log.queue.byte-limit = 4294967296 (custom)
2022-12-23 07:23:50,966 [pool-819-thread-1] INFO  server.RaftServerConfigKeys (ConfUtils.java:logGet(46)) - raft.server.log.queue.element-limit = 1024 (custom)
2022-12-23 07:23:50,966 [pool-819-thread-1] INFO  server.RaftServerConfigKeys (ConfUtils.java:logGet(46)) - raft.server.log.segment.size.max = 1048576 (custom)
2022-12-23 07:23:50,966 [pool-819-thread-1] INFO  server.RaftServerConfigKeys (ConfUtils.java:logGet(46)) - raft.server.log.preallocated.size = 16384 (custom)
2022-12-23 07:23:50,966 [pool-819-thread-1] INFO  server.RaftServerConfigKeys (ConfUtils.java:logGet(46)) - raft.server.log.force.sync.num = 128 (default)
2022-12-23 07:23:50,966 [pool-819-thread-1] INFO  server.RaftServerConfigKeys (ConfUtils.java:logGet(46)) - raft.server.log.statemachine.data.sync = true (default)
2022-12-23 07:23:50,966 [pool-819-thread-1] INFO  server.RaftServerConfigKeys (ConfUtils.java:logGet(46)) - raft.server.log.statemachine.data.sync.timeout = 10s (default)
2022-12-23 07:23:50,966 [pool-819-thread-1] INFO  server.RaftServerConfigKeys (ConfUtils.java:logGet(46)) - raft.server.log.statemachine.data.sync.timeout.retry = -1 (default)
2022-12-23 07:23:50,967 [pool-819-thread-1] INFO  server.RaftServerConfigKeys (ConfUtils.java:logGet(46)) - raft.server.log.write.buffer.size = 1048576 (custom)
2022-12-23 07:23:50,967 [pool-819-thread-1] INFO  server.RaftServerConfigKeys (ConfUtils.java:logGet(46)) - raft.server.log.appender.buffer.byte-limit = 33554432 (custom)
2022-12-23 07:23:50,973 [pool-819-thread-1] INFO  server.RaftServerConfigKeys (ConfUtils.java:logGet(46)) - raft.server.log.unsafe-flush.enabled = false (default)
2022-12-23 07:23:50,973 [pool-819-thread-1] INFO  server.RaftServerConfigKeys (ConfUtils.java:logGet(46)) - raft.server.log.async-flush.enabled = false (default)
2022-12-23 07:23:50,973 [pool-819-thread-1] INFO  server.RaftServerConfigKeys (ConfUtils.java:logGet(46)) - raft.server.log.statemachine.data.caching.enabled = true (custom)
2022-12-23 07:23:50,973 [pool-819-thread-1] INFO  segmented.SegmentedRaftLogWorker (SegmentedRaftLogWorker.java:lambda$new$0(135)) - 4855300c-9dc7-4866-b12a-0d8362434d54@group-B0A6442936AE-SegmentedRaftLogWorker: flushIndex: setUnconditionally 0 -> -1
2022-12-23 07:23:50,973 [pool-819-thread-1] INFO  segmented.SegmentedRaftLogWorker (SegmentedRaftLogWorker.java:lambda$new$0(135)) - 4855300c-9dc7-4866-b12a-0d8362434d54@group-B0A6442936AE-SegmentedRaftLogWorker: safeCacheEvictIndex: setUnconditionally 0 -> -1
2022-12-23 07:23:50,976 [pool-819-thread-1] INFO  server.RaftServer$Division (RaftServerImpl.java:start(334)) - 4855300c-9dc7-4866-b12a-0d8362434d54@group-B0A6442936AE: start as a follower, conf=-1: peers:[afc81946-b921-414f-975a-f6fdc8ce3c83|rpc:10.1.0.40:46711|dataStream:10.1.0.40:42573|priority:0|startupRole:FOLLOWER, f44a0d93-0667-421f-b71e-e5df73887e0c|rpc:10.1.0.40:45029|dataStream:10.1.0.40:41779|priority:1|startupRole:FOLLOWER, 4855300c-9dc7-4866-b12a-0d8362434d54|rpc:10.1.0.40:46797|dataStream:10.1.0.40:32775|priority:0|startupRole:FOLLOWER]|listeners:[], old=null
2022-12-23 07:23:50,976 [pool-819-thread-1] INFO  server.RaftServer$Division (RaftServerImpl.java:setRole(321)) - 4855300c-9dc7-4866-b12a-0d8362434d54@group-B0A6442936AE: changes role from      null to FOLLOWER at term 0 for startAsFollower
2022-12-23 07:23:50,976 [pool-819-thread-1] INFO  impl.RoleInfo (RoleInfo.java:updateAndGet(139)) - 4855300c-9dc7-4866-b12a-0d8362434d54: start 4855300c-9dc7-4866-b12a-0d8362434d54@group-B0A6442936AE-FollowerState
2022-12-23 07:23:50,976 [pool-819-thread-1] INFO  util.JmxRegister (JmxRegister.java:tryRegister(44)) - Successfully registered JMX Bean with object name Ratis:service=RaftServer,group=group-B0A6442936AE,id=4855300c-9dc7-4866-b12a-0d8362434d54
2022-12-23 07:23:50,976 [pool-819-thread-1] INFO  server.RaftServerConfigKeys (ConfUtils.java:logGet(46)) - raft.server.snapshot.auto.trigger.enabled = true (custom)
2022-12-23 07:23:50,977 [pool-819-thread-1] INFO  server.RaftServerConfigKeys (ConfUtils.java:logGet(46)) - raft.server.snapshot.auto.trigger.threshold = 10000 (custom)
2022-12-23 07:23:50,977 [pool-819-thread-1] INFO  server.RaftServerConfigKeys (ConfUtils.java:logGet(46)) - raft.server.snapshot.retention.file.num = 5 (custom)
2022-12-23 07:23:50,977 [pool-819-thread-1] INFO  server.RaftServerConfigKeys (ConfUtils.java:logGet(46)) - raft.server.log.purge.upto.snapshot.index = false (default)
2022-12-23 07:23:50,977 [4855300c-9dc7-4866-b12a-0d8362434d54@group-B0A6442936AE-FollowerState] INFO  server.RaftServerConfigKeys (ConfUtils.java:logFallback(53)) - raft.server.rpc.first-election.timeout.min = 5s (fallback to raft.server.rpc.timeout.min)
2022-12-23 07:23:50,977 [4855300c-9dc7-4866-b12a-0d8362434d54@group-B0A6442936AE-FollowerState] INFO  server.RaftServerConfigKeys (ConfUtils.java:logFallback(53)) - raft.server.rpc.first-election.timeout.max = 5200ms (fallback to raft.server.rpc.timeout.max)
2022-12-23 07:23:50,982 [Command processor thread] INFO  commandhandler.CreatePipelineCommandHandler (CreatePipelineCommandHandler.java:handle(113)) - Created Pipeline RATIS THREE PipelineID=0b81fbac-2296-4b8f-8de0-b0a6442936ae.
2022-12-23 07:23:50,982 [Command processor thread] INFO  server.RaftServer (RaftServerProxy.java:addNew(96)) - afc81946-b921-414f-975a-f6fdc8ce3c83: addNew group-06B7B1BE6F1D:[afc81946-b921-414f-975a-f6fdc8ce3c83|rpc:10.1.0.40:46711|dataStream:10.1.0.40:42573|priority:0|startupRole:FOLLOWER, f44a0d93-0667-421f-b71e-e5df73887e0c|rpc:10.1.0.40:45029|dataStream:10.1.0.40:41779|priority:0|startupRole:FOLLOWER, 4855300c-9dc7-4866-b12a-0d8362434d54|rpc:10.1.0.40:46797|dataStream:10.1.0.40:32775|priority:1|startupRole:FOLLOWER] returns group-06B7B1BE6F1D:java.util.concurrent.CompletableFuture@1e59de22[Not completed]
2022-12-23 07:23:50,987 [pool-796-thread-1] INFO  server.RaftServer$Division (RaftServerImpl.java:<init>(195)) - afc81946-b921-414f-975a-f6fdc8ce3c83: new RaftServerImpl for group-06B7B1BE6F1D:[afc81946-b921-414f-975a-f6fdc8ce3c83|rpc:10.1.0.40:46711|dataStream:10.1.0.40:42573|priority:0|startupRole:FOLLOWER, f44a0d93-0667-421f-b71e-e5df73887e0c|rpc:10.1.0.40:45029|dataStream:10.1.0.40:41779|priority:0|startupRole:FOLLOWER, 4855300c-9dc7-4866-b12a-0d8362434d54|rpc:10.1.0.40:46797|dataStream:10.1.0.40:32775|priority:1|startupRole:FOLLOWER] with ContainerStateMachine:uninitialized
2022-12-23 07:23:50,987 [pool-796-thread-1] INFO  server.RaftServerConfigKeys (ConfUtils.java:logGet(46)) - raft.server.rpc.timeout.min = 5s (custom)
2022-12-23 07:23:50,987 [pool-796-thread-1] INFO  server.RaftServerConfigKeys (ConfUtils.java:logGet(46)) - raft.server.rpc.timeout.max = 5200ms (custom)
2022-12-23 07:23:50,987 [pool-796-thread-1] INFO  server.RaftServerConfigKeys (ConfUtils.java:logGet(46)) - raft.server.rpc.sleep.time = 25ms (default)
2022-12-23 07:23:50,987 [pool-796-thread-1] INFO  server.RaftServerConfigKeys (ConfUtils.java:logGet(46)) - raft.server.rpc.slowness.timeout = 300s (custom)
2022-12-23 07:23:50,987 [pool-796-thread-1] INFO  server.RaftServerConfigKeys (ConfUtils.java:logGet(46)) - raft.server.leaderelection.leader.step-down.wait-time = 10s (default)
2022-12-23 07:23:50,987 [pool-796-thread-1] INFO  server.RaftServerConfigKeys (ConfUtils.java:logGet(46)) - raft.server.sleep.deviation.threshold = 300ms (default)
2022-12-23 07:23:50,987 [pool-796-thread-1] INFO  server.RaftServer$Division (ServerState.java:<init>(118)) - afc81946-b921-414f-975a-f6fdc8ce3c83@group-06B7B1BE6F1D: ConfigurationManager, init=-1: peers:[afc81946-b921-414f-975a-f6fdc8ce3c83|rpc:10.1.0.40:46711|dataStream:10.1.0.40:42573|priority:0|startupRole:FOLLOWER, f44a0d93-0667-421f-b71e-e5df73887e0c|rpc:10.1.0.40:45029|dataStream:10.1.0.40:41779|priority:0|startupRole:FOLLOWER, 4855300c-9dc7-4866-b12a-0d8362434d54|rpc:10.1.0.40:46797|dataStream:10.1.0.40:32775|priority:1|startupRole:FOLLOWER]|listeners:[], old=null, confs=<EMPTY_MAP>
2022-12-23 07:23:50,987 [pool-796-thread-1] INFO  server.RaftServerConfigKeys (ConfUtils.java:logGet(46)) - raft.server.storage.dir = [/home/runner/work/ozone/ozone/hadoop-ozone/integration-test/target/test-dir/MiniOzoneClusterImpl-ba7f31e0-0b52-47fc-8fdc-dbbc4e827165/datanode-0/data/ratis] (custom)
2022-12-23 07:23:50,987 [pool-796-thread-1] INFO  server.RaftServerConfigKeys (ConfUtils.java:logGet(46)) - raft.server.log.corruption.policy = EXCEPTION (default)
2022-12-23 07:23:50,987 [pool-796-thread-1] INFO  server.RaftServerConfigKeys (ConfUtils.java:logGet(46)) - raft.server.storage.free-space.min = 0MB (=0) (default)
2022-12-23 07:23:50,987 [pool-796-thread-1] INFO  server.RaftServerConfigKeys (ConfUtils.java:logGet(46)) - raft.server.notification.no-leader.timeout = 300s (custom)
2022-12-23 07:23:50,987 [pool-796-thread-1] INFO  server.RaftServerConfigKeys (ConfUtils.java:logGet(46)) - raft.server.retrycache.expirytime = 600000ms (custom)
2022-12-23 07:23:50,987 [pool-796-thread-1] INFO  server.RaftServerConfigKeys (ConfUtils.java:logGet(46)) - raft.server.retrycache.statistics.expirytime = 100μs (default)
2022-12-23 07:23:50,988 [pool-796-thread-1] INFO  server.RaftServerConfigKeys (ConfUtils.java:logGet(46)) - raft.server.log.appender.install.snapshot.enabled = false (custom)
2022-12-23 07:23:50,988 [pool-796-thread-1] INFO  server.RaftServerConfigKeys (ConfUtils.java:logGet(46)) - raft.server.threadpool.server.cached = true (default)
2022-12-23 07:23:50,988 [pool-796-thread-1] INFO  server.RaftServerConfigKeys (ConfUtils.java:logGet(46)) - raft.server.threadpool.server.size = 0 (default)
2022-12-23 07:23:50,988 [pool-796-thread-1] INFO  server.RaftServerConfigKeys (ConfUtils.java:logGet(46)) - raft.server.threadpool.client.cached = true (default)
2022-12-23 07:23:50,988 [pool-796-thread-1] INFO  server.RaftServerConfigKeys (ConfUtils.java:logGet(46)) - raft.server.threadpool.client.size = 0 (default)
2022-12-23 07:23:50,988 [pool-796-thread-1] INFO  storage.RaftStorageDirectory (RaftStorageDirectoryImpl.java:analyzeStorage(137)) - The storage directory /home/runner/work/ozone/ozone/hadoop-ozone/integration-test/target/test-dir/MiniOzoneClusterImpl-ba7f31e0-0b52-47fc-8fdc-dbbc4e827165/datanode-0/data/ratis/83e075bf-1832-43f9-a381-06b7b1be6f1d does not exist. Creating ...
2022-12-23 07:23:50,989 [pool-796-thread-1] INFO  storage.RaftStorageDirectory (RaftStorageDirectoryImpl.java:tryLock(231)) - Lock on /home/runner/work/ozone/ozone/hadoop-ozone/integration-test/target/test-dir/MiniOzoneClusterImpl-ba7f31e0-0b52-47fc-8fdc-dbbc4e827165/datanode-0/data/ratis/83e075bf-1832-43f9-a381-06b7b1be6f1d/in_use.lock acquired by nodename 81300@fv-az505-480
2022-12-23 07:23:50,990 [pool-796-thread-1] INFO  storage.RaftStorage (RaftStorageImpl.java:format(96)) - Storage directory /home/runner/work/ozone/ozone/hadoop-ozone/integration-test/target/test-dir/MiniOzoneClusterImpl-ba7f31e0-0b52-47fc-8fdc-dbbc4e827165/datanode-0/data/ratis/83e075bf-1832-43f9-a381-06b7b1be6f1d has been successfully formatted.
2022-12-23 07:23:50,991 [pool-796-thread-1] INFO  ratis.ContainerStateMachine (ContainerStateMachine.java:loadSnapshot(240)) - group-06B7B1BE6F1D: The snapshot info is null. Setting the last applied indexto:(t:0, i:~)
2022-12-23 07:23:50,991 [pool-796-thread-1] INFO  server.RaftServerConfigKeys (ConfUtils.java:logGet(46)) - raft.server.log.use.memory = false (default)
2022-12-23 07:23:50,991 [pool-796-thread-1] INFO  server.RaftServerConfigKeys (ConfUtils.java:logGet(46)) - raft.server.log.purge.gap = 1000000 (custom)
2022-12-23 07:23:50,991 [pool-796-thread-1] INFO  server.RaftServerConfigKeys (ConfUtils.java:logGet(46)) - raft.server.log.appender.buffer.byte-limit = 33554432 (custom)
2022-12-23 07:23:50,991 [pool-796-thread-1] INFO  server.RaftServerConfigKeys (ConfUtils.java:logGet(46)) - raft.server.log.statemachine.data.read.timeout = 1000ms (default)
2022-12-23 07:23:50,991 [pool-796-thread-1] INFO  server.RaftServerConfigKeys (ConfUtils.java:logGet(46)) - raft.server.log.purge.preservation.log.num = 0 (default)
2022-12-23 07:23:50,991 [pool-796-thread-1] INFO  server.RaftServerConfigKeys (ConfUtils.java:logGet(46)) - raft.server.log.segment.size.max = 1048576 (custom)
2022-12-23 07:23:50,992 [EventQueue-CommandQueueReportForCommandQueueReportHandler] WARN  events.EventQueue (EventQueue.java:fireEvent(216)) - No event handler registered for event TypedEvent{payloadType=DatanodeDetails, name='Datanode_Command_Queue_Updated'}
2022-12-23 07:23:50,992 [EventQueue-OpenPipelineForHealthyPipelineSafeModeRule] INFO  safemode.SCMSafeModeManager (HealthyPipelineSafeModeRule.java:process(137)) - SCM in safe mode. Healthy pipelines reported count is 0, required healthy pipeline reported count is 1
2022-12-23 07:23:50,992 [pool-796-thread-1] INFO  server.RaftServerConfigKeys (ConfUtils.java:logGet(46)) - raft.server.log.segment.cache.num.max = 2 (custom)
2022-12-23 07:23:50,992 [pool-796-thread-1] INFO  server.RaftServerConfigKeys (ConfUtils.java:logGet(46)) - raft.server.log.segment.cache.size.max = 200MB (=209715200) (default)
2022-12-23 07:23:50,992 [pool-796-thread-1] INFO  segmented.SegmentedRaftLogWorker (SegmentedRaftLogWorker.java:<init>(189)) - new afc81946-b921-414f-975a-f6fdc8ce3c83@group-06B7B1BE6F1D-SegmentedRaftLogWorker for RaftStorageImpl:Storage Directory /home/runner/work/ozone/ozone/hadoop-ozone/integration-test/target/test-dir/MiniOzoneClusterImpl-ba7f31e0-0b52-47fc-8fdc-dbbc4e827165/datanode-0/data/ratis/83e075bf-1832-43f9-a381-06b7b1be6f1d
2022-12-23 07:23:50,993 [pool-796-thread-1] INFO  server.RaftServerConfigKeys (ConfUtils.java:logGet(46)) - raft.server.log.queue.byte-limit = 4294967296 (custom)
2022-12-23 07:23:50,993 [pool-796-thread-1] INFO  server.RaftServerConfigKeys (ConfUtils.java:logGet(46)) - raft.server.log.queue.element-limit = 1024 (custom)
2022-12-23 07:23:50,993 [pool-796-thread-1] INFO  server.RaftServerConfigKeys (ConfUtils.java:logGet(46)) - raft.server.log.segment.size.max = 1048576 (custom)
2022-12-23 07:23:50,993 [pool-796-thread-1] INFO  server.RaftServerConfigKeys (ConfUtils.java:logGet(46)) - raft.server.log.preallocated.size = 16384 (custom)
2022-12-23 07:23:50,993 [pool-796-thread-1] INFO  server.RaftServerConfigKeys (ConfUtils.java:logGet(46)) - raft.server.log.force.sync.num = 128 (default)
2022-12-23 07:23:50,993 [pool-796-thread-1] INFO  server.RaftServerConfigKeys (ConfUtils.java:logGet(46)) - raft.server.log.statemachine.data.sync = true (default)
2022-12-23 07:23:50,993 [pool-796-thread-1] INFO  server.RaftServerConfigKeys (ConfUtils.java:logGet(46)) - raft.server.log.statemachine.data.sync.timeout = 10s (default)
2022-12-23 07:23:50,993 [pool-796-thread-1] INFO  server.RaftServerConfigKeys (ConfUtils.java:logGet(46)) - raft.server.log.statemachine.data.sync.timeout.retry = -1 (default)
2022-12-23 07:23:50,993 [pool-796-thread-1] INFO  server.RaftServerConfigKeys (ConfUtils.java:logGet(46)) - raft.server.log.write.buffer.size = 1048576 (custom)
2022-12-23 07:23:50,994 [pool-796-thread-1] INFO  server.RaftServerConfigKeys (ConfUtils.java:logGet(46)) - raft.server.log.appender.buffer.byte-limit = 33554432 (custom)
2022-12-23 07:23:50,999 [pool-796-thread-1] INFO  server.RaftServerConfigKeys (ConfUtils.java:logGet(46)) - raft.server.log.unsafe-flush.enabled = false (default)
2022-12-23 07:23:50,999 [pool-796-thread-1] INFO  server.RaftServerConfigKeys (ConfUtils.java:logGet(46)) - raft.server.log.async-flush.enabled = false (default)
2022-12-23 07:23:50,999 [pool-796-thread-1] INFO  server.RaftServerConfigKeys (ConfUtils.java:logGet(46)) - raft.server.log.statemachine.data.caching.enabled = true (custom)
2022-12-23 07:23:50,999 [pool-796-thread-1] INFO  segmented.SegmentedRaftLogWorker (SegmentedRaftLogWorker.java:lambda$new$0(135)) - afc81946-b921-414f-975a-f6fdc8ce3c83@group-06B7B1BE6F1D-SegmentedRaftLogWorker: flushIndex: setUnconditionally 0 -> -1
2022-12-23 07:23:50,999 [pool-796-thread-1] INFO  segmented.SegmentedRaftLogWorker (SegmentedRaftLogWorker.java:lambda$new$0(135)) - afc81946-b921-414f-975a-f6fdc8ce3c83@group-06B7B1BE6F1D-SegmentedRaftLogWorker: safeCacheEvictIndex: setUnconditionally 0 -> -1
2022-12-23 07:23:51,000 [pool-796-thread-1] INFO  server.RaftServer$Division (RaftServerImpl.java:start(334)) - afc81946-b921-414f-975a-f6fdc8ce3c83@group-06B7B1BE6F1D: start as a follower, conf=-1: peers:[afc81946-b921-414f-975a-f6fdc8ce3c83|rpc:10.1.0.40:46711|dataStream:10.1.0.40:42573|priority:0|startupRole:FOLLOWER, f44a0d93-0667-421f-b71e-e5df73887e0c|rpc:10.1.0.40:45029|dataStream:10.1.0.40:41779|priority:0|startupRole:FOLLOWER, 4855300c-9dc7-4866-b12a-0d8362434d54|rpc:10.1.0.40:46797|dataStream:10.1.0.40:32775|priority:1|startupRole:FOLLOWER]|listeners:[], old=null
2022-12-23 07:23:51,000 [pool-796-thread-1] INFO  server.RaftServer$Division (RaftServerImpl.java:setRole(321)) - afc81946-b921-414f-975a-f6fdc8ce3c83@group-06B7B1BE6F1D: changes role from      null to FOLLOWER at term 0 for startAsFollower
2022-12-23 07:23:51,000 [pool-796-thread-1] INFO  impl.RoleInfo (RoleInfo.java:updateAndGet(139)) - afc81946-b921-414f-975a-f6fdc8ce3c83: start afc81946-b921-414f-975a-f6fdc8ce3c83@group-06B7B1BE6F1D-FollowerState
2022-12-23 07:23:51,000 [afc81946-b921-414f-975a-f6fdc8ce3c83@group-06B7B1BE6F1D-FollowerState] INFO  server.RaftServerConfigKeys (ConfUtils.java:logFallback(53)) - raft.server.rpc.first-election.timeout.min = 5s (fallback to raft.server.rpc.timeout.min)
2022-12-23 07:23:51,000 [pool-796-thread-1] INFO  util.JmxRegister (JmxRegister.java:tryRegister(44)) - Successfully registered JMX Bean with object name Ratis:service=RaftServer,group=group-06B7B1BE6F1D,id=afc81946-b921-414f-975a-f6fdc8ce3c83
2022-12-23 07:23:51,000 [pool-796-thread-1] INFO  server.RaftServerConfigKeys (ConfUtils.java:logGet(46)) - raft.server.snapshot.auto.trigger.enabled = true (custom)
2022-12-23 07:23:51,000 [pool-796-thread-1] INFO  server.RaftServerConfigKeys (ConfUtils.java:logGet(46)) - raft.server.snapshot.auto.trigger.threshold = 10000 (custom)
2022-12-23 07:23:51,000 [pool-796-thread-1] INFO  server.RaftServerConfigKeys (ConfUtils.java:logGet(46)) - raft.server.snapshot.retention.file.num = 5 (custom)
2022-12-23 07:23:51,000 [pool-796-thread-1] INFO  server.RaftServerConfigKeys (ConfUtils.java:logGet(46)) - raft.server.log.purge.upto.snapshot.index = false (default)
2022-12-23 07:23:51,001 [afc81946-b921-414f-975a-f6fdc8ce3c83@group-06B7B1BE6F1D-FollowerState] INFO  server.RaftServerConfigKeys (ConfUtils.java:logFallback(53)) - raft.server.rpc.first-election.timeout.max = 5200ms (fallback to raft.server.rpc.timeout.max)
2022-12-23 07:23:51,001 [Command processor thread] INFO  ratis.XceiverServerRatis (XceiverServerRatis.java:addGroup(806)) - Created group PipelineID=83e075bf-1832-43f9-a381-06b7b1be6f1d
2022-12-23 07:23:51,010 [grpc-default-executor-0] INFO  server.RaftServer (RaftServerProxy.java:addNew(96)) - 4855300c-9dc7-4866-b12a-0d8362434d54: addNew group-06B7B1BE6F1D:[afc81946-b921-414f-975a-f6fdc8ce3c83|rpc:10.1.0.40:46711|dataStream:10.1.0.40:42573|priority:0|startupRole:FOLLOWER, f44a0d93-0667-421f-b71e-e5df73887e0c|rpc:10.1.0.40:45029|dataStream:10.1.0.40:41779|priority:0|startupRole:FOLLOWER, 4855300c-9dc7-4866-b12a-0d8362434d54|rpc:10.1.0.40:46797|dataStream:10.1.0.40:32775|priority:1|startupRole:FOLLOWER] returns group-06B7B1BE6F1D:java.util.concurrent.CompletableFuture@1f35761d[Not completed]
2022-12-23 07:23:51,011 [pool-819-thread-1] INFO  server.RaftServer$Division (RaftServerImpl.java:<init>(195)) - 4855300c-9dc7-4866-b12a-0d8362434d54: new RaftServerImpl for group-06B7B1BE6F1D:[afc81946-b921-414f-975a-f6fdc8ce3c83|rpc:10.1.0.40:46711|dataStream:10.1.0.40:42573|priority:0|startupRole:FOLLOWER, f44a0d93-0667-421f-b71e-e5df73887e0c|rpc:10.1.0.40:45029|dataStream:10.1.0.40:41779|priority:0|startupRole:FOLLOWER, 4855300c-9dc7-4866-b12a-0d8362434d54|rpc:10.1.0.40:46797|dataStream:10.1.0.40:32775|priority:1|startupRole:FOLLOWER] with ContainerStateMachine:uninitialized
2022-12-23 07:23:51,011 [pool-819-thread-1] INFO  server.RaftServerConfigKeys (ConfUtils.java:logGet(46)) - raft.server.rpc.timeout.min = 5s (custom)
2022-12-23 07:23:51,011 [pool-819-thread-1] INFO  server.RaftServerConfigKeys (ConfUtils.java:logGet(46)) - raft.server.rpc.timeout.max = 5200ms (custom)
2022-12-23 07:23:51,011 [pool-819-thread-1] INFO  server.RaftServerConfigKeys (ConfUtils.java:logGet(46)) - raft.server.rpc.sleep.time = 25ms (default)
2022-12-23 07:23:51,011 [pool-819-thread-1] INFO  server.RaftServerConfigKeys (ConfUtils.java:logGet(46)) - raft.server.rpc.slowness.timeout = 300s (custom)
2022-12-23 07:23:51,011 [pool-819-thread-1] INFO  server.RaftServerConfigKeys (ConfUtils.java:logGet(46)) - raft.server.leaderelection.leader.step-down.wait-time = 10s (default)
2022-12-23 07:23:51,011 [pool-819-thread-1] INFO  server.RaftServerConfigKeys (ConfUtils.java:logGet(46)) - raft.server.sleep.deviation.threshold = 300ms (default)
2022-12-23 07:23:51,011 [pool-819-thread-1] INFO  server.RaftServer$Division (ServerState.java:<init>(118)) - 4855300c-9dc7-4866-b12a-0d8362434d54@group-06B7B1BE6F1D: ConfigurationManager, init=-1: peers:[afc81946-b921-414f-975a-f6fdc8ce3c83|rpc:10.1.0.40:46711|dataStream:10.1.0.40:42573|priority:0|startupRole:FOLLOWER, f44a0d93-0667-421f-b71e-e5df73887e0c|rpc:10.1.0.40:45029|dataStream:10.1.0.40:41779|priority:0|startupRole:FOLLOWER, 4855300c-9dc7-4866-b12a-0d8362434d54|rpc:10.1.0.40:46797|dataStream:10.1.0.40:32775|priority:1|startupRole:FOLLOWER]|listeners:[], old=null, confs=<EMPTY_MAP>
2022-12-23 07:23:51,011 [pool-819-thread-1] INFO  server.RaftServerConfigKeys (ConfUtils.java:logGet(46)) - raft.server.storage.dir = [/home/runner/work/ozone/ozone/hadoop-ozone/integration-test/target/test-dir/MiniOzoneClusterImpl-ba7f31e0-0b52-47fc-8fdc-dbbc4e827165/datanode-1/data/ratis] (custom)
2022-12-23 07:23:51,011 [pool-819-thread-1] INFO  server.RaftServerConfigKeys (ConfUtils.java:logGet(46)) - raft.server.log.corruption.policy = EXCEPTION (default)
2022-12-23 07:23:51,011 [pool-819-thread-1] INFO  server.RaftServerConfigKeys (ConfUtils.java:logGet(46)) - raft.server.storage.free-space.min = 0MB (=0) (default)
2022-12-23 07:23:51,011 [pool-819-thread-1] INFO  server.RaftServerConfigKeys (ConfUtils.java:logGet(46)) - raft.server.notification.no-leader.timeout = 300s (custom)
2022-12-23 07:23:51,011 [pool-819-thread-1] INFO  server.RaftServerConfigKeys (ConfUtils.java:logGet(46)) - raft.server.retrycache.expirytime = 600000ms (custom)
2022-12-23 07:23:51,012 [pool-819-thread-1] INFO  server.RaftServerConfigKeys (ConfUtils.java:logGet(46)) - raft.server.retrycache.statistics.expirytime = 100μs (default)
2022-12-23 07:23:51,012 [pool-819-thread-1] INFO  server.RaftServerConfigKeys (ConfUtils.java:logGet(46)) - raft.server.log.appender.install.snapshot.enabled = false (custom)
2022-12-23 07:23:51,012 [pool-819-thread-1] INFO  server.RaftServerConfigKeys (ConfUtils.java:logGet(46)) - raft.server.threadpool.server.cached = true (default)
2022-12-23 07:23:51,012 [pool-819-thread-1] INFO  server.RaftServerConfigKeys (ConfUtils.java:logGet(46)) - raft.server.threadpool.server.size = 0 (default)
2022-12-23 07:23:51,012 [pool-819-thread-1] INFO  server.RaftServerConfigKeys (ConfUtils.java:logGet(46)) - raft.server.threadpool.client.cached = true (default)
2022-12-23 07:23:51,012 [pool-819-thread-1] INFO  server.RaftServerConfigKeys (ConfUtils.java:logGet(46)) - raft.server.threadpool.client.size = 0 (default)
2022-12-23 07:23:51,013 [pool-819-thread-1] INFO  storage.RaftStorageDirectory (RaftStorageDirectoryImpl.java:analyzeStorage(137)) - The storage directory /home/runner/work/ozone/ozone/hadoop-ozone/integration-test/target/test-dir/MiniOzoneClusterImpl-ba7f31e0-0b52-47fc-8fdc-dbbc4e827165/datanode-1/data/ratis/83e075bf-1832-43f9-a381-06b7b1be6f1d does not exist. Creating ...
2022-12-23 07:23:51,014 [pool-819-thread-1] INFO  storage.RaftStorageDirectory (RaftStorageDirectoryImpl.java:tryLock(231)) - Lock on /home/runner/work/ozone/ozone/hadoop-ozone/integration-test/target/test-dir/MiniOzoneClusterImpl-ba7f31e0-0b52-47fc-8fdc-dbbc4e827165/datanode-1/data/ratis/83e075bf-1832-43f9-a381-06b7b1be6f1d/in_use.lock acquired by nodename 81300@fv-az505-480
2022-12-23 07:23:51,015 [pool-819-thread-1] INFO  storage.RaftStorage (RaftStorageImpl.java:format(96)) - Storage directory /home/runner/work/ozone/ozone/hadoop-ozone/integration-test/target/test-dir/MiniOzoneClusterImpl-ba7f31e0-0b52-47fc-8fdc-dbbc4e827165/datanode-1/data/ratis/83e075bf-1832-43f9-a381-06b7b1be6f1d has been successfully formatted.
2022-12-23 07:23:51,015 [pool-819-thread-1] INFO  ratis.ContainerStateMachine (ContainerStateMachine.java:loadSnapshot(240)) - group-06B7B1BE6F1D: The snapshot info is null. Setting the last applied indexto:(t:0, i:~)
2022-12-23 07:23:51,015 [pool-819-thread-1] INFO  server.RaftServerConfigKeys (ConfUtils.java:logGet(46)) - raft.server.log.use.memory = false (default)
2022-12-23 07:23:51,015 [pool-819-thread-1] INFO  server.RaftServerConfigKeys (ConfUtils.java:logGet(46)) - raft.server.log.purge.gap = 1000000 (custom)
2022-12-23 07:23:51,015 [pool-819-thread-1] INFO  server.RaftServerConfigKeys (ConfUtils.java:logGet(46)) - raft.server.log.appender.buffer.byte-limit = 33554432 (custom)
2022-12-23 07:23:51,015 [pool-819-thread-1] INFO  server.RaftServerConfigKeys (ConfUtils.java:logGet(46)) - raft.server.log.statemachine.data.read.timeout = 1000ms (default)
2022-12-23 07:23:51,015 [pool-819-thread-1] INFO  server.RaftServerConfigKeys (ConfUtils.java:logGet(46)) - raft.server.log.purge.preservation.log.num = 0 (default)
2022-12-23 07:23:51,015 [pool-819-thread-1] INFO  server.RaftServerConfigKeys (ConfUtils.java:logGet(46)) - raft.server.log.segment.size.max = 1048576 (custom)
2022-12-23 07:23:51,016 [pool-819-thread-1] INFO  server.RaftServerConfigKeys (ConfUtils.java:logGet(46)) - raft.server.log.segment.cache.num.max = 2 (custom)
2022-12-23 07:23:51,016 [pool-819-thread-1] INFO  server.RaftServerConfigKeys (ConfUtils.java:logGet(46)) - raft.server.log.segment.cache.size.max = 200MB (=209715200) (default)
2022-12-23 07:23:51,016 [pool-819-thread-1] INFO  segmented.SegmentedRaftLogWorker (SegmentedRaftLogWorker.java:<init>(189)) - new 4855300c-9dc7-4866-b12a-0d8362434d54@group-06B7B1BE6F1D-SegmentedRaftLogWorker for RaftStorageImpl:Storage Directory /home/runner/work/ozone/ozone/hadoop-ozone/integration-test/target/test-dir/MiniOzoneClusterImpl-ba7f31e0-0b52-47fc-8fdc-dbbc4e827165/datanode-1/data/ratis/83e075bf-1832-43f9-a381-06b7b1be6f1d
2022-12-23 07:23:51,016 [pool-819-thread-1] INFO  server.RaftServerConfigKeys (ConfUtils.java:logGet(46)) - raft.server.log.queue.byte-limit = 4294967296 (custom)
2022-12-23 07:23:51,016 [pool-819-thread-1] INFO  server.RaftServerConfigKeys (ConfUtils.java:logGet(46)) - raft.server.log.queue.element-limit = 1024 (custom)
2022-12-23 07:23:51,016 [pool-819-thread-1] INFO  server.RaftServerConfigKeys (ConfUtils.java:logGet(46)) - raft.server.log.segment.size.max = 1048576 (custom)
2022-12-23 07:23:51,016 [pool-819-thread-1] INFO  server.RaftServerConfigKeys (ConfUtils.java:logGet(46)) - raft.server.log.preallocated.size = 16384 (custom)
2022-12-23 07:23:51,016 [pool-819-thread-1] INFO  server.RaftServerConfigKeys (ConfUtils.java:logGet(46)) - raft.server.log.force.sync.num = 128 (default)
2022-12-23 07:23:51,016 [pool-819-thread-1] INFO  server.RaftServerConfigKeys (ConfUtils.java:logGet(46)) - raft.server.log.statemachine.data.sync = true (default)
2022-12-23 07:23:51,016 [pool-819-thread-1] INFO  server.RaftServerConfigKeys (ConfUtils.java:logGet(46)) - raft.server.log.statemachine.data.sync.timeout = 10s (default)
2022-12-23 07:23:51,016 [pool-819-thread-1] INFO  server.RaftServerConfigKeys (ConfUtils.java:logGet(46)) - raft.server.log.statemachine.data.sync.timeout.retry = -1 (default)
2022-12-23 07:23:51,016 [EventQueue-CommandQueueReportForCommandQueueReportHandler] WARN  events.EventQueue (EventQueue.java:fireEvent(216)) - No event handler registered for event TypedEvent{payloadType=DatanodeDetails, name='Datanode_Command_Queue_Updated'}
2022-12-23 07:23:51,017 [pool-819-thread-1] INFO  server.RaftServerConfigKeys (ConfUtils.java:logGet(46)) - raft.server.log.write.buffer.size = 1048576 (custom)
2022-12-23 07:23:51,018 [pool-819-thread-1] INFO  server.RaftServerConfigKeys (ConfUtils.java:logGet(46)) - raft.server.log.appender.buffer.byte-limit = 33554432 (custom)
2022-12-23 07:23:51,023 [pool-819-thread-1] INFO  server.RaftServerConfigKeys (ConfUtils.java:logGet(46)) - raft.server.log.unsafe-flush.enabled = false (default)
2022-12-23 07:23:51,023 [pool-819-thread-1] INFO  server.RaftServerConfigKeys (ConfUtils.java:logGet(46)) - raft.server.log.async-flush.enabled = false (default)
2022-12-23 07:23:51,023 [pool-819-thread-1] INFO  server.RaftServerConfigKeys (ConfUtils.java:logGet(46)) - raft.server.log.statemachine.data.caching.enabled = true (custom)
2022-12-23 07:23:51,023 [pool-819-thread-1] INFO  segmented.SegmentedRaftLogWorker (SegmentedRaftLogWorker.java:lambda$new$0(135)) - 4855300c-9dc7-4866-b12a-0d8362434d54@group-06B7B1BE6F1D-SegmentedRaftLogWorker: flushIndex: setUnconditionally 0 -> -1
2022-12-23 07:23:51,023 [pool-819-thread-1] INFO  segmented.SegmentedRaftLogWorker (SegmentedRaftLogWorker.java:lambda$new$0(135)) - 4855300c-9dc7-4866-b12a-0d8362434d54@group-06B7B1BE6F1D-SegmentedRaftLogWorker: safeCacheEvictIndex: setUnconditionally 0 -> -1
2022-12-23 07:23:51,023 [pool-819-thread-1] INFO  server.RaftServer$Division (RaftServerImpl.java:start(334)) - 4855300c-9dc7-4866-b12a-0d8362434d54@group-06B7B1BE6F1D: start as a follower, conf=-1: peers:[afc81946-b921-414f-975a-f6fdc8ce3c83|rpc:10.1.0.40:46711|dataStream:10.1.0.40:42573|priority:0|startupRole:FOLLOWER, f44a0d93-0667-421f-b71e-e5df73887e0c|rpc:10.1.0.40:45029|dataStream:10.1.0.40:41779|priority:0|startupRole:FOLLOWER, 4855300c-9dc7-4866-b12a-0d8362434d54|rpc:10.1.0.40:46797|dataStream:10.1.0.40:32775|priority:1|startupRole:FOLLOWER]|listeners:[], old=null
2022-12-23 07:23:51,023 [pool-819-thread-1] INFO  server.RaftServer$Division (RaftServerImpl.java:setRole(321)) - 4855300c-9dc7-4866-b12a-0d8362434d54@group-06B7B1BE6F1D: changes role from      null to FOLLOWER at term 0 for startAsFollower
2022-12-23 07:23:51,024 [pool-819-thread-1] INFO  impl.RoleInfo (RoleInfo.java:updateAndGet(139)) - 4855300c-9dc7-4866-b12a-0d8362434d54: start 4855300c-9dc7-4866-b12a-0d8362434d54@group-06B7B1BE6F1D-FollowerState
2022-12-23 07:23:51,024 [pool-819-thread-1] INFO  util.JmxRegister (JmxRegister.java:tryRegister(44)) - Successfully registered JMX Bean with object name Ratis:service=RaftServer,group=group-06B7B1BE6F1D,id=4855300c-9dc7-4866-b12a-0d8362434d54
2022-12-23 07:23:51,024 [pool-819-thread-1] INFO  server.RaftServerConfigKeys (ConfUtils.java:logGet(46)) - raft.server.snapshot.auto.trigger.enabled = true (custom)
2022-12-23 07:23:51,024 [pool-819-thread-1] INFO  server.RaftServerConfigKeys (ConfUtils.java:logGet(46)) - raft.server.snapshot.auto.trigger.threshold = 10000 (custom)
2022-12-23 07:23:51,024 [pool-819-thread-1] INFO  server.RaftServerConfigKeys (ConfUtils.java:logGet(46)) - raft.server.snapshot.retention.file.num = 5 (custom)
2022-12-23 07:23:51,024 [pool-819-thread-1] INFO  server.RaftServerConfigKeys (ConfUtils.java:logGet(46)) - raft.server.log.purge.upto.snapshot.index = false (default)
2022-12-23 07:23:51,024 [4855300c-9dc7-4866-b12a-0d8362434d54@group-06B7B1BE6F1D-FollowerState] INFO  server.RaftServerConfigKeys (ConfUtils.java:logFallback(53)) - raft.server.rpc.first-election.timeout.min = 5s (fallback to raft.server.rpc.timeout.min)
2022-12-23 07:23:51,024 [4855300c-9dc7-4866-b12a-0d8362434d54@group-06B7B1BE6F1D-FollowerState] INFO  server.RaftServerConfigKeys (ConfUtils.java:logFallback(53)) - raft.server.rpc.first-election.timeout.max = 5200ms (fallback to raft.server.rpc.timeout.max)
2022-12-23 07:23:51,038 [grpc-default-executor-0] INFO  server.RaftServer (RaftServerProxy.java:addNew(96)) - f44a0d93-0667-421f-b71e-e5df73887e0c: addNew group-06B7B1BE6F1D:[afc81946-b921-414f-975a-f6fdc8ce3c83|rpc:10.1.0.40:46711|dataStream:10.1.0.40:42573|priority:0|startupRole:FOLLOWER, f44a0d93-0667-421f-b71e-e5df73887e0c|rpc:10.1.0.40:45029|dataStream:10.1.0.40:41779|priority:0|startupRole:FOLLOWER, 4855300c-9dc7-4866-b12a-0d8362434d54|rpc:10.1.0.40:46797|dataStream:10.1.0.40:32775|priority:1|startupRole:FOLLOWER] returns group-06B7B1BE6F1D:java.util.concurrent.CompletableFuture@2c58f30a[Not completed]
2022-12-23 07:23:51,039 [pool-842-thread-1] INFO  server.RaftServer$Division (RaftServerImpl.java:<init>(195)) - f44a0d93-0667-421f-b71e-e5df73887e0c: new RaftServerImpl for group-06B7B1BE6F1D:[afc81946-b921-414f-975a-f6fdc8ce3c83|rpc:10.1.0.40:46711|dataStream:10.1.0.40:42573|priority:0|startupRole:FOLLOWER, f44a0d93-0667-421f-b71e-e5df73887e0c|rpc:10.1.0.40:45029|dataStream:10.1.0.40:41779|priority:0|startupRole:FOLLOWER, 4855300c-9dc7-4866-b12a-0d8362434d54|rpc:10.1.0.40:46797|dataStream:10.1.0.40:32775|priority:1|startupRole:FOLLOWER] with ContainerStateMachine:uninitialized
2022-12-23 07:23:51,039 [pool-842-thread-1] INFO  server.RaftServerConfigKeys (ConfUtils.java:logGet(46)) - raft.server.rpc.timeout.min = 5s (custom)
2022-12-23 07:23:51,039 [pool-842-thread-1] INFO  server.RaftServerConfigKeys (ConfUtils.java:logGet(46)) - raft.server.rpc.timeout.max = 5200ms (custom)
2022-12-23 07:23:51,039 [pool-842-thread-1] INFO  server.RaftServerConfigKeys (ConfUtils.java:logGet(46)) - raft.server.rpc.sleep.time = 25ms (default)
2022-12-23 07:23:51,039 [pool-842-thread-1] INFO  server.RaftServerConfigKeys (ConfUtils.java:logGet(46)) - raft.server.rpc.slowness.timeout = 300s (custom)
2022-12-23 07:23:51,039 [pool-842-thread-1] INFO  server.RaftServerConfigKeys (ConfUtils.java:logGet(46)) - raft.server.leaderelection.leader.step-down.wait-time = 10s (default)
2022-12-23 07:23:51,039 [pool-842-thread-1] INFO  server.RaftServerConfigKeys (ConfUtils.java:logGet(46)) - raft.server.sleep.deviation.threshold = 300ms (default)
2022-12-23 07:23:51,039 [pool-842-thread-1] INFO  server.RaftServer$Division (ServerState.java:<init>(118)) - f44a0d93-0667-421f-b71e-e5df73887e0c@group-06B7B1BE6F1D: ConfigurationManager, init=-1: peers:[afc81946-b921-414f-975a-f6fdc8ce3c83|rpc:10.1.0.40:46711|dataStream:10.1.0.40:42573|priority:0|startupRole:FOLLOWER, f44a0d93-0667-421f-b71e-e5df73887e0c|rpc:10.1.0.40:45029|dataStream:10.1.0.40:41779|priority:0|startupRole:FOLLOWER, 4855300c-9dc7-4866-b12a-0d8362434d54|rpc:10.1.0.40:46797|dataStream:10.1.0.40:32775|priority:1|startupRole:FOLLOWER]|listeners:[], old=null, confs=<EMPTY_MAP>
2022-12-23 07:23:51,039 [pool-842-thread-1] INFO  server.RaftServerConfigKeys (ConfUtils.java:logGet(46)) - raft.server.storage.dir = [/home/runner/work/ozone/ozone/hadoop-ozone/integration-test/target/test-dir/MiniOzoneClusterImpl-ba7f31e0-0b52-47fc-8fdc-dbbc4e827165/datanode-2/data/ratis] (custom)
2022-12-23 07:23:51,039 [pool-842-thread-1] INFO  server.RaftServerConfigKeys (ConfUtils.java:logGet(46)) - raft.server.log.corruption.policy = EXCEPTION (default)
2022-12-23 07:23:51,039 [pool-842-thread-1] INFO  server.RaftServerConfigKeys (ConfUtils.java:logGet(46)) - raft.server.storage.free-space.min = 0MB (=0) (default)
2022-12-23 07:23:51,039 [pool-842-thread-1] INFO  server.RaftServerConfigKeys (ConfUtils.java:logGet(46)) - raft.server.notification.no-leader.timeout = 300s (custom)
2022-12-23 07:23:51,039 [pool-842-thread-1] INFO  server.RaftServerConfigKeys (ConfUtils.java:logGet(46)) - raft.server.retrycache.expirytime = 600000ms (custom)
2022-12-23 07:23:51,039 [pool-842-thread-1] INFO  server.RaftServerConfigKeys (ConfUtils.java:logGet(46)) - raft.server.retrycache.statistics.expirytime = 100μs (default)
2022-12-23 07:23:51,040 [pool-842-thread-1] INFO  server.RaftServerConfigKeys (ConfUtils.java:logGet(46)) - raft.server.log.appender.install.snapshot.enabled = false (custom)
2022-12-23 07:23:51,040 [pool-842-thread-1] INFO  server.RaftServerConfigKeys (ConfUtils.java:logGet(46)) - raft.server.threadpool.server.cached = true (default)
2022-12-23 07:23:51,040 [pool-842-thread-1] INFO  server.RaftServerConfigKeys (ConfUtils.java:logGet(46)) - raft.server.threadpool.server.size = 0 (default)
2022-12-23 07:23:51,040 [pool-842-thread-1] INFO  server.RaftServerConfigKeys (ConfUtils.java:logGet(46)) - raft.server.threadpool.client.cached = true (default)
2022-12-23 07:23:51,040 [pool-842-thread-1] INFO  server.RaftServerConfigKeys (ConfUtils.java:logGet(46)) - raft.server.threadpool.client.size = 0 (default)
2022-12-23 07:23:51,040 [pool-842-thread-1] INFO  storage.RaftStorageDirectory (RaftStorageDirectoryImpl.java:analyzeStorage(137)) - The storage directory /home/runner/work/ozone/ozone/hadoop-ozone/integration-test/target/test-dir/MiniOzoneClusterImpl-ba7f31e0-0b52-47fc-8fdc-dbbc4e827165/datanode-2/data/ratis/83e075bf-1832-43f9-a381-06b7b1be6f1d does not exist. Creating ...
2022-12-23 07:23:51,041 [pool-842-thread-1] INFO  storage.RaftStorageDirectory (RaftStorageDirectoryImpl.java:tryLock(231)) - Lock on /home/runner/work/ozone/ozone/hadoop-ozone/integration-test/target/test-dir/MiniOzoneClusterImpl-ba7f31e0-0b52-47fc-8fdc-dbbc4e827165/datanode-2/data/ratis/83e075bf-1832-43f9-a381-06b7b1be6f1d/in_use.lock acquired by nodename 81300@fv-az505-480
2022-12-23 07:23:51,043 [pool-842-thread-1] INFO  storage.RaftStorage (RaftStorageImpl.java:format(96)) - Storage directory /home/runner/work/ozone/ozone/hadoop-ozone/integration-test/target/test-dir/MiniOzoneClusterImpl-ba7f31e0-0b52-47fc-8fdc-dbbc4e827165/datanode-2/data/ratis/83e075bf-1832-43f9-a381-06b7b1be6f1d has been successfully formatted.
2022-12-23 07:23:51,043 [pool-842-thread-1] INFO  ratis.ContainerStateMachine (ContainerStateMachine.java:loadSnapshot(240)) - group-06B7B1BE6F1D: The snapshot info is null. Setting the last applied indexto:(t:0, i:~)
2022-12-23 07:23:51,043 [pool-842-thread-1] INFO  server.RaftServerConfigKeys (ConfUtils.java:logGet(46)) - raft.server.log.use.memory = false (default)
2022-12-23 07:23:51,043 [pool-842-thread-1] INFO  server.RaftServerConfigKeys (ConfUtils.java:logGet(46)) - raft.server.log.purge.gap = 1000000 (custom)
2022-12-23 07:23:51,043 [pool-842-thread-1] INFO  server.RaftServerConfigKeys (ConfUtils.java:logGet(46)) - raft.server.log.appender.buffer.byte-limit = 33554432 (custom)
2022-12-23 07:23:51,043 [pool-842-thread-1] INFO  server.RaftServerConfigKeys (ConfUtils.java:logGet(46)) - raft.server.log.statemachine.data.read.timeout = 1000ms (default)
2022-12-23 07:23:51,043 [pool-842-thread-1] INFO  server.RaftServerConfigKeys (ConfUtils.java:logGet(46)) - raft.server.log.purge.preservation.log.num = 0 (default)
2022-12-23 07:23:51,043 [pool-842-thread-1] INFO  server.RaftServerConfigKeys (ConfUtils.java:logGet(46)) - raft.server.log.segment.size.max = 1048576 (custom)
2022-12-23 07:23:51,044 [pool-842-thread-1] INFO  server.RaftServerConfigKeys (ConfUtils.java:logGet(46)) - raft.server.log.segment.cache.num.max = 2 (custom)
2022-12-23 07:23:51,044 [pool-842-thread-1] INFO  server.RaftServerConfigKeys (ConfUtils.java:logGet(46)) - raft.server.log.segment.cache.size.max = 200MB (=209715200) (default)
2022-12-23 07:23:51,044 [pool-842-thread-1] INFO  segmented.SegmentedRaftLogWorker (SegmentedRaftLogWorker.java:<init>(189)) - new f44a0d93-0667-421f-b71e-e5df73887e0c@group-06B7B1BE6F1D-SegmentedRaftLogWorker for RaftStorageImpl:Storage Directory /home/runner/work/ozone/ozone/hadoop-ozone/integration-test/target/test-dir/MiniOzoneClusterImpl-ba7f31e0-0b52-47fc-8fdc-dbbc4e827165/datanode-2/data/ratis/83e075bf-1832-43f9-a381-06b7b1be6f1d
2022-12-23 07:23:51,044 [pool-842-thread-1] INFO  server.RaftServerConfigKeys (ConfUtils.java:logGet(46)) - raft.server.log.queue.byte-limit = 4294967296 (custom)
2022-12-23 07:23:51,044 [pool-842-thread-1] INFO  server.RaftServerConfigKeys (ConfUtils.java:logGet(46)) - raft.server.log.queue.element-limit = 1024 (custom)
2022-12-23 07:23:51,044 [pool-842-thread-1] INFO  server.RaftServerConfigKeys (ConfUtils.java:logGet(46)) - raft.server.log.segment.size.max = 1048576 (custom)
2022-12-23 07:23:51,044 [pool-842-thread-1] INFO  server.RaftServerConfigKeys (ConfUtils.java:logGet(46)) - raft.server.log.preallocated.size = 16384 (custom)
2022-12-23 07:23:51,044 [pool-842-thread-1] INFO  server.RaftServerConfigKeys (ConfUtils.java:logGet(46)) - raft.server.log.force.sync.num = 128 (default)
2022-12-23 07:23:51,044 [pool-842-thread-1] INFO  server.RaftServerConfigKeys (ConfUtils.java:logGet(46)) - raft.server.log.statemachine.data.sync = true (default)
2022-12-23 07:23:51,044 [EventQueue-CommandQueueReportForCommandQueueReportHandler] WARN  events.EventQueue (EventQueue.java:fireEvent(216)) - No event handler registered for event TypedEvent{payloadType=DatanodeDetails, name='Datanode_Command_Queue_Updated'}
2022-12-23 07:23:51,044 [pool-842-thread-1] INFO  server.RaftServerConfigKeys (ConfUtils.java:logGet(46)) - raft.server.log.statemachine.data.sync.timeout = 10s (default)
2022-12-23 07:23:51,044 [pool-842-thread-1] INFO  server.RaftServerConfigKeys (ConfUtils.java:logGet(46)) - raft.server.log.statemachine.data.sync.timeout.retry = -1 (default)
2022-12-23 07:23:51,045 [pool-842-thread-1] INFO  server.RaftServerConfigKeys (ConfUtils.java:logGet(46)) - raft.server.log.write.buffer.size = 1048576 (custom)
2022-12-23 07:23:51,046 [pool-842-thread-1] INFO  server.RaftServerConfigKeys (ConfUtils.java:logGet(46)) - raft.server.log.appender.buffer.byte-limit = 33554432 (custom)
2022-12-23 07:23:51,051 [pool-842-thread-1] INFO  server.RaftServerConfigKeys (ConfUtils.java:logGet(46)) - raft.server.log.unsafe-flush.enabled = false (default)
2022-12-23 07:23:51,051 [pool-842-thread-1] INFO  server.RaftServerConfigKeys (ConfUtils.java:logGet(46)) - raft.server.log.async-flush.enabled = false (default)
2022-12-23 07:23:51,051 [pool-842-thread-1] INFO  server.RaftServerConfigKeys (ConfUtils.java:logGet(46)) - raft.server.log.statemachine.data.caching.enabled = true (custom)
2022-12-23 07:23:51,051 [pool-842-thread-1] INFO  segmented.SegmentedRaftLogWorker (SegmentedRaftLogWorker.java:lambda$new$0(135)) - f44a0d93-0667-421f-b71e-e5df73887e0c@group-06B7B1BE6F1D-SegmentedRaftLogWorker: flushIndex: setUnconditionally 0 -> -1
2022-12-23 07:23:51,051 [pool-842-thread-1] INFO  segmented.SegmentedRaftLogWorker (SegmentedRaftLogWorker.java:lambda$new$0(135)) - f44a0d93-0667-421f-b71e-e5df73887e0c@group-06B7B1BE6F1D-SegmentedRaftLogWorker: safeCacheEvictIndex: setUnconditionally 0 -> -1
2022-12-23 07:23:51,051 [pool-842-thread-1] INFO  server.RaftServer$Division (RaftServerImpl.java:start(334)) - f44a0d93-0667-421f-b71e-e5df73887e0c@group-06B7B1BE6F1D: start as a follower, conf=-1: peers:[afc81946-b921-414f-975a-f6fdc8ce3c83|rpc:10.1.0.40:46711|dataStream:10.1.0.40:42573|priority:0|startupRole:FOLLOWER, f44a0d93-0667-421f-b71e-e5df73887e0c|rpc:10.1.0.40:45029|dataStream:10.1.0.40:41779|priority:0|startupRole:FOLLOWER, 4855300c-9dc7-4866-b12a-0d8362434d54|rpc:10.1.0.40:46797|dataStream:10.1.0.40:32775|priority:1|startupRole:FOLLOWER]|listeners:[], old=null
2022-12-23 07:23:51,051 [pool-842-thread-1] INFO  server.RaftServer$Division (RaftServerImpl.java:setRole(321)) - f44a0d93-0667-421f-b71e-e5df73887e0c@group-06B7B1BE6F1D: changes role from      null to FOLLOWER at term 0 for startAsFollower
2022-12-23 07:23:51,051 [pool-842-thread-1] INFO  impl.RoleInfo (RoleInfo.java:updateAndGet(139)) - f44a0d93-0667-421f-b71e-e5df73887e0c: start f44a0d93-0667-421f-b71e-e5df73887e0c@group-06B7B1BE6F1D-FollowerState
2022-12-23 07:23:51,053 [pool-842-thread-1] INFO  util.JmxRegister (JmxRegister.java:tryRegister(44)) - Successfully registered JMX Bean with object name Ratis:service=RaftServer,group=group-06B7B1BE6F1D,id=f44a0d93-0667-421f-b71e-e5df73887e0c
2022-12-23 07:23:51,053 [pool-842-thread-1] INFO  server.RaftServerConfigKeys (ConfUtils.java:logGet(46)) - raft.server.snapshot.auto.trigger.enabled = true (custom)
2022-12-23 07:23:51,053 [pool-842-thread-1] INFO  server.RaftServerConfigKeys (ConfUtils.java:logGet(46)) - raft.server.snapshot.auto.trigger.threshold = 10000 (custom)
2022-12-23 07:23:51,053 [pool-842-thread-1] INFO  server.RaftServerConfigKeys (ConfUtils.java:logGet(46)) - raft.server.snapshot.retention.file.num = 5 (custom)
2022-12-23 07:23:51,053 [pool-842-thread-1] INFO  server.RaftServerConfigKeys (ConfUtils.java:logGet(46)) - raft.server.log.purge.upto.snapshot.index = false (default)
2022-12-23 07:23:51,053 [f44a0d93-0667-421f-b71e-e5df73887e0c@group-06B7B1BE6F1D-FollowerState] INFO  server.RaftServerConfigKeys (ConfUtils.java:logFallback(53)) - raft.server.rpc.first-election.timeout.min = 5s (fallback to raft.server.rpc.timeout.min)
2022-12-23 07:23:51,054 [f44a0d93-0667-421f-b71e-e5df73887e0c@group-06B7B1BE6F1D-FollowerState] INFO  server.RaftServerConfigKeys (ConfUtils.java:logFallback(53)) - raft.server.rpc.first-election.timeout.max = 5200ms (fallback to raft.server.rpc.timeout.max)
2022-12-23 07:23:51,059 [Command processor thread] INFO  commandhandler.CreatePipelineCommandHandler (CreatePipelineCommandHandler.java:handle(113)) - Created Pipeline RATIS THREE PipelineID=83e075bf-1832-43f9-a381-06b7b1be6f1d.
2022-12-23 07:23:51,207 [Command processor thread] INFO  server.RaftServer (RaftServerProxy.java:addNew(96)) - 4855300c-9dc7-4866-b12a-0d8362434d54: addNew group-CDAFB98737E5:[4855300c-9dc7-4866-b12a-0d8362434d54|rpc:10.1.0.40:46797|dataStream:10.1.0.40:32775|priority:1|startupRole:FOLLOWER] returns group-CDAFB98737E5:java.util.concurrent.CompletableFuture@1ef9b00e[Not completed]
2022-12-23 07:23:51,208 [pool-819-thread-1] INFO  server.RaftServer$Division (RaftServerImpl.java:<init>(195)) - 4855300c-9dc7-4866-b12a-0d8362434d54: new RaftServerImpl for group-CDAFB98737E5:[4855300c-9dc7-4866-b12a-0d8362434d54|rpc:10.1.0.40:46797|dataStream:10.1.0.40:32775|priority:1|startupRole:FOLLOWER] with ContainerStateMachine:uninitialized
2022-12-23 07:23:51,208 [pool-819-thread-1] INFO  server.RaftServerConfigKeys (ConfUtils.java:logGet(46)) - raft.server.rpc.timeout.min = 5s (custom)
2022-12-23 07:23:51,208 [pool-819-thread-1] INFO  server.RaftServerConfigKeys (ConfUtils.java:logGet(46)) - raft.server.rpc.timeout.max = 5200ms (custom)
2022-12-23 07:23:51,208 [pool-819-thread-1] INFO  server.RaftServerConfigKeys (ConfUtils.java:logGet(46)) - raft.server.rpc.sleep.time = 25ms (default)
2022-12-23 07:23:51,209 [pool-819-thread-1] INFO  server.RaftServerConfigKeys (ConfUtils.java:logGet(46)) - raft.server.rpc.slowness.timeout = 300s (custom)
2022-12-23 07:23:51,209 [pool-819-thread-1] INFO  server.RaftServerConfigKeys (ConfUtils.java:logGet(46)) - raft.server.leaderelection.leader.step-down.wait-time = 10s (default)
2022-12-23 07:23:51,209 [pool-819-thread-1] INFO  server.RaftServerConfigKeys (ConfUtils.java:logGet(46)) - raft.server.sleep.deviation.threshold = 300ms (default)
2022-12-23 07:23:51,209 [pool-819-thread-1] INFO  server.RaftServer$Division (ServerState.java:<init>(118)) - 4855300c-9dc7-4866-b12a-0d8362434d54@group-CDAFB98737E5: ConfigurationManager, init=-1: peers:[4855300c-9dc7-4866-b12a-0d8362434d54|rpc:10.1.0.40:46797|dataStream:10.1.0.40:32775|priority:1|startupRole:FOLLOWER]|listeners:[], old=null, confs=<EMPTY_MAP>
2022-12-23 07:23:51,209 [pool-819-thread-1] INFO  server.RaftServerConfigKeys (ConfUtils.java:logGet(46)) - raft.server.storage.dir = [/home/runner/work/ozone/ozone/hadoop-ozone/integration-test/target/test-dir/MiniOzoneClusterImpl-ba7f31e0-0b52-47fc-8fdc-dbbc4e827165/datanode-1/data/ratis] (custom)
2022-12-23 07:23:51,209 [pool-819-thread-1] INFO  server.RaftServerConfigKeys (ConfUtils.java:logGet(46)) - raft.server.log.corruption.policy = EXCEPTION (default)
2022-12-23 07:23:51,209 [pool-819-thread-1] INFO  server.RaftServerConfigKeys (ConfUtils.java:logGet(46)) - raft.server.storage.free-space.min = 0MB (=0) (default)
2022-12-23 07:23:51,209 [pool-819-thread-1] INFO  server.RaftServerConfigKeys (ConfUtils.java:logGet(46)) - raft.server.notification.no-leader.timeout = 300s (custom)
2022-12-23 07:23:51,209 [pool-819-thread-1] INFO  server.RaftServerConfigKeys (ConfUtils.java:logGet(46)) - raft.server.retrycache.expirytime = 600000ms (custom)
2022-12-23 07:23:51,209 [pool-819-thread-1] INFO  server.RaftServerConfigKeys (ConfUtils.java:logGet(46)) - raft.server.retrycache.statistics.expirytime = 100μs (default)
2022-12-23 07:23:51,210 [pool-819-thread-1] INFO  server.RaftServerConfigKeys (ConfUtils.java:logGet(46)) - raft.server.log.appender.install.snapshot.enabled = false (custom)
2022-12-23 07:23:51,210 [pool-819-thread-1] INFO  server.RaftServerConfigKeys (ConfUtils.java:logGet(46)) - raft.server.threadpool.server.cached = true (default)
2022-12-23 07:23:51,210 [pool-819-thread-1] INFO  server.RaftServerConfigKeys (ConfUtils.java:logGet(46)) - raft.server.threadpool.server.size = 0 (default)
2022-12-23 07:23:51,210 [pool-819-thread-1] INFO  server.RaftServerConfigKeys (ConfUtils.java:logGet(46)) - raft.server.threadpool.client.cached = true (default)
2022-12-23 07:23:51,210 [pool-819-thread-1] INFO  server.RaftServerConfigKeys (ConfUtils.java:logGet(46)) - raft.server.threadpool.client.size = 0 (default)
2022-12-23 07:23:51,210 [pool-819-thread-1] INFO  storage.RaftStorageDirectory (RaftStorageDirectoryImpl.java:analyzeStorage(137)) - The storage directory /home/runner/work/ozone/ozone/hadoop-ozone/integration-test/target/test-dir/MiniOzoneClusterImpl-ba7f31e0-0b52-47fc-8fdc-dbbc4e827165/datanode-1/data/ratis/8c5856d2-2df4-4782-b044-cdafb98737e5 does not exist. Creating ...
2022-12-23 07:23:51,211 [pool-819-thread-1] INFO  storage.RaftStorageDirectory (RaftStorageDirectoryImpl.java:tryLock(231)) - Lock on /home/runner/work/ozone/ozone/hadoop-ozone/integration-test/target/test-dir/MiniOzoneClusterImpl-ba7f31e0-0b52-47fc-8fdc-dbbc4e827165/datanode-1/data/ratis/8c5856d2-2df4-4782-b044-cdafb98737e5/in_use.lock acquired by nodename 81300@fv-az505-480
2022-12-23 07:23:51,213 [pool-819-thread-1] INFO  storage.RaftStorage (RaftStorageImpl.java:format(96)) - Storage directory /home/runner/work/ozone/ozone/hadoop-ozone/integration-test/target/test-dir/MiniOzoneClusterImpl-ba7f31e0-0b52-47fc-8fdc-dbbc4e827165/datanode-1/data/ratis/8c5856d2-2df4-4782-b044-cdafb98737e5 has been successfully formatted.
2022-12-23 07:23:51,214 [pool-819-thread-1] INFO  ratis.ContainerStateMachine (ContainerStateMachine.java:loadSnapshot(240)) - group-CDAFB98737E5: The snapshot info is null. Setting the last applied indexto:(t:0, i:~)
2022-12-23 07:23:51,214 [pool-819-thread-1] INFO  server.RaftServerConfigKeys (ConfUtils.java:logGet(46)) - raft.server.log.use.memory = false (default)
2022-12-23 07:23:51,214 [pool-819-thread-1] INFO  server.RaftServerConfigKeys (ConfUtils.java:logGet(46)) - raft.server.log.purge.gap = 1000000 (custom)
2022-12-23 07:23:51,214 [pool-819-thread-1] INFO  server.RaftServerConfigKeys (ConfUtils.java:logGet(46)) - raft.server.log.appender.buffer.byte-limit = 33554432 (custom)
2022-12-23 07:23:51,214 [pool-819-thread-1] INFO  server.RaftServerConfigKeys (ConfUtils.java:logGet(46)) - raft.server.log.statemachine.data.read.timeout = 1000ms (default)
2022-12-23 07:23:51,214 [pool-819-thread-1] INFO  server.RaftServerConfigKeys (ConfUtils.java:logGet(46)) - raft.server.log.purge.preservation.log.num = 0 (default)
2022-12-23 07:23:51,215 [pool-819-thread-1] INFO  server.RaftServerConfigKeys (ConfUtils.java:logGet(46)) - raft.server.log.segment.size.max = 1048576 (custom)
2022-12-23 07:23:51,215 [pool-819-thread-1] INFO  server.RaftServerConfigKeys (ConfUtils.java:logGet(46)) - raft.server.log.segment.cache.num.max = 2 (custom)
2022-12-23 07:23:51,215 [pool-819-thread-1] INFO  server.RaftServerConfigKeys (ConfUtils.java:logGet(46)) - raft.server.log.segment.cache.size.max = 200MB (=209715200) (default)
2022-12-23 07:23:51,215 [pool-819-thread-1] INFO  segmented.SegmentedRaftLogWorker (SegmentedRaftLogWorker.java:<init>(189)) - new 4855300c-9dc7-4866-b12a-0d8362434d54@group-CDAFB98737E5-SegmentedRaftLogWorker for RaftStorageImpl:Storage Directory /home/runner/work/ozone/ozone/hadoop-ozone/integration-test/target/test-dir/MiniOzoneClusterImpl-ba7f31e0-0b52-47fc-8fdc-dbbc4e827165/datanode-1/data/ratis/8c5856d2-2df4-4782-b044-cdafb98737e5
2022-12-23 07:23:51,215 [pool-819-thread-1] INFO  server.RaftServerConfigKeys (ConfUtils.java:logGet(46)) - raft.server.log.queue.byte-limit = 4294967296 (custom)
2022-12-23 07:23:51,215 [pool-819-thread-1] INFO  server.RaftServerConfigKeys (ConfUtils.java:logGet(46)) - raft.server.log.queue.element-limit = 1024 (custom)
2022-12-23 07:23:51,215 [EventQueue-PipelineReportForPipelineReportHandler] INFO  pipeline.PipelineManagerImpl (PipelineManagerImpl.java:openPipeline(367)) - Pipeline Pipeline[ Id: 8c5856d2-2df4-4782-b044-cdafb98737e5, Nodes: 4855300c-9dc7-4866-b12a-0d8362434d54{ip: 10.1.0.40, host: fv-az505-480.g2e1luzo1moefklhgra4trf2va.dx.internal.cloudapp.net, ports: [REPLICATION=40385, RATIS=46797, RATIS_ADMIN=46797, RATIS_SERVER=46797, RATIS_DATASTREAM=32775, STANDALONE=38283], networkLocation: /default-rack, certSerialId: null, persistedOpState: IN_SERVICE, persistedOpStateExpiryEpochSec: 0}, ReplicationConfig: RATIS/ONE, State:ALLOCATED, leaderId:4855300c-9dc7-4866-b12a-0d8362434d54, CreationTimestamp2022-12-23T07:23:48.208Z[Etc/UTC]] moved to OPEN state
2022-12-23 07:23:51,215 [EventQueue-CommandQueueReportForCommandQueueReportHandler] WARN  events.EventQueue (EventQueue.java:fireEvent(216)) - No event handler registered for event TypedEvent{payloadType=DatanodeDetails, name='Datanode_Command_Queue_Updated'}
2022-12-23 07:23:51,216 [EventQueue-OpenPipelineForHealthyPipelineSafeModeRule] INFO  safemode.SCMSafeModeManager (HealthyPipelineSafeModeRule.java:process(137)) - SCM in safe mode. Healthy pipelines reported count is 0, required healthy pipeline reported count is 1
2022-12-23 07:23:51,215 [pool-819-thread-1] INFO  server.RaftServerConfigKeys (ConfUtils.java:logGet(46)) - raft.server.log.segment.size.max = 1048576 (custom)
2022-12-23 07:23:51,216 [pool-819-thread-1] INFO  server.RaftServerConfigKeys (ConfUtils.java:logGet(46)) - raft.server.log.preallocated.size = 16384 (custom)
2022-12-23 07:23:51,216 [pool-819-thread-1] INFO  server.RaftServerConfigKeys (ConfUtils.java:logGet(46)) - raft.server.log.force.sync.num = 128 (default)
2022-12-23 07:23:51,216 [pool-819-thread-1] INFO  server.RaftServerConfigKeys (ConfUtils.java:logGet(46)) - raft.server.log.statemachine.data.sync = true (default)
2022-12-23 07:23:51,216 [pool-819-thread-1] INFO  server.RaftServerConfigKeys (ConfUtils.java:logGet(46)) - raft.server.log.statemachine.data.sync.timeout = 10s (default)
2022-12-23 07:23:51,216 [pool-819-thread-1] INFO  server.RaftServerConfigKeys (ConfUtils.java:logGet(46)) - raft.server.log.statemachine.data.sync.timeout.retry = -1 (default)
2022-12-23 07:23:51,217 [pool-819-thread-1] INFO  server.RaftServerConfigKeys (ConfUtils.java:logGet(46)) - raft.server.log.write.buffer.size = 1048576 (custom)
2022-12-23 07:23:51,217 [pool-819-thread-1] INFO  server.RaftServerConfigKeys (ConfUtils.java:logGet(46)) - raft.server.log.appender.buffer.byte-limit = 33554432 (custom)
2022-12-23 07:23:51,223 [pool-819-thread-1] INFO  server.RaftServerConfigKeys (ConfUtils.java:logGet(46)) - raft.server.log.unsafe-flush.enabled = false (default)
2022-12-23 07:23:51,223 [pool-819-thread-1] INFO  server.RaftServerConfigKeys (ConfUtils.java:logGet(46)) - raft.server.log.async-flush.enabled = false (default)
2022-12-23 07:23:51,223 [pool-819-thread-1] INFO  server.RaftServerConfigKeys (ConfUtils.java:logGet(46)) - raft.server.log.statemachine.data.caching.enabled = true (custom)
2022-12-23 07:23:51,223 [pool-819-thread-1] INFO  segmented.SegmentedRaftLogWorker (SegmentedRaftLogWorker.java:lambda$new$0(135)) - 4855300c-9dc7-4866-b12a-0d8362434d54@group-CDAFB98737E5-SegmentedRaftLogWorker: flushIndex: setUnconditionally 0 -> -1
2022-12-23 07:23:51,223 [pool-819-thread-1] INFO  segmented.SegmentedRaftLogWorker (SegmentedRaftLogWorker.java:lambda$new$0(135)) - 4855300c-9dc7-4866-b12a-0d8362434d54@group-CDAFB98737E5-SegmentedRaftLogWorker: safeCacheEvictIndex: setUnconditionally 0 -> -1
2022-12-23 07:23:51,224 [pool-819-thread-1] INFO  server.RaftServer$Division (RaftServerImpl.java:start(334)) - 4855300c-9dc7-4866-b12a-0d8362434d54@group-CDAFB98737E5: start as a follower, conf=-1: peers:[4855300c-9dc7-4866-b12a-0d8362434d54|rpc:10.1.0.40:46797|dataStream:10.1.0.40:32775|priority:1|startupRole:FOLLOWER]|listeners:[], old=null
2022-12-23 07:23:51,224 [pool-819-thread-1] INFO  server.RaftServer$Division (RaftServerImpl.java:setRole(321)) - 4855300c-9dc7-4866-b12a-0d8362434d54@group-CDAFB98737E5: changes role from      null to FOLLOWER at term 0 for startAsFollower
2022-12-23 07:23:51,224 [pool-819-thread-1] INFO  impl.RoleInfo (RoleInfo.java:updateAndGet(139)) - 4855300c-9dc7-4866-b12a-0d8362434d54: start 4855300c-9dc7-4866-b12a-0d8362434d54@group-CDAFB98737E5-FollowerState
2022-12-23 07:23:51,224 [4855300c-9dc7-4866-b12a-0d8362434d54@group-CDAFB98737E5-FollowerState] INFO  server.RaftServerConfigKeys (ConfUtils.java:logFallback(53)) - raft.server.rpc.first-election.timeout.min = 5s (fallback to raft.server.rpc.timeout.min)
2022-12-23 07:23:51,224 [pool-819-thread-1] INFO  util.JmxRegister (JmxRegister.java:tryRegister(44)) - Successfully registered JMX Bean with object name Ratis:service=RaftServer,group=group-CDAFB98737E5,id=4855300c-9dc7-4866-b12a-0d8362434d54
2022-12-23 07:23:51,226 [4855300c-9dc7-4866-b12a-0d8362434d54@group-CDAFB98737E5-FollowerState] INFO  server.RaftServerConfigKeys (ConfUtils.java:logFallback(53)) - raft.server.rpc.first-election.timeout.max = 5200ms (fallback to raft.server.rpc.timeout.max)
2022-12-23 07:23:51,227 [pool-819-thread-1] INFO  server.RaftServerConfigKeys (ConfUtils.java:logGet(46)) - raft.server.snapshot.auto.trigger.enabled = true (custom)
2022-12-23 07:23:51,227 [pool-819-thread-1] INFO  server.RaftServerConfigKeys (ConfUtils.java:logGet(46)) - raft.server.snapshot.auto.trigger.threshold = 10000 (custom)
2022-12-23 07:23:51,227 [pool-819-thread-1] INFO  server.RaftServerConfigKeys (ConfUtils.java:logGet(46)) - raft.server.snapshot.retention.file.num = 5 (custom)
2022-12-23 07:23:51,227 [pool-819-thread-1] INFO  server.RaftServerConfigKeys (ConfUtils.java:logGet(46)) - raft.server.log.purge.upto.snapshot.index = false (default)
2022-12-23 07:23:51,227 [Command processor thread] INFO  ratis.XceiverServerRatis (XceiverServerRatis.java:addGroup(806)) - Created group PipelineID=8c5856d2-2df4-4782-b044-cdafb98737e5
2022-12-23 07:23:51,227 [Command processor thread] INFO  commandhandler.CreatePipelineCommandHandler (CreatePipelineCommandHandler.java:handle(113)) - Created Pipeline RATIS ONE PipelineID=8c5856d2-2df4-4782-b044-cdafb98737e5.
2022-12-23 07:23:51,623 [Command processor thread] INFO  server.RaftServer (RaftServerProxy.java:addNew(96)) - f44a0d93-0667-421f-b71e-e5df73887e0c: addNew group-4007C3E19071:[f44a0d93-0667-421f-b71e-e5df73887e0c|rpc:10.1.0.40:45029|dataStream:10.1.0.40:41779|priority:1|startupRole:FOLLOWER] returns group-4007C3E19071:java.util.concurrent.CompletableFuture@769a2441[Not completed]
2022-12-23 07:23:51,624 [pool-842-thread-1] INFO  server.RaftServer$Division (RaftServerImpl.java:<init>(195)) - f44a0d93-0667-421f-b71e-e5df73887e0c: new RaftServerImpl for group-4007C3E19071:[f44a0d93-0667-421f-b71e-e5df73887e0c|rpc:10.1.0.40:45029|dataStream:10.1.0.40:41779|priority:1|startupRole:FOLLOWER] with ContainerStateMachine:uninitialized
2022-12-23 07:23:51,624 [pool-842-thread-1] INFO  server.RaftServerConfigKeys (ConfUtils.java:logGet(46)) - raft.server.rpc.timeout.min = 5s (custom)
2022-12-23 07:23:51,624 [pool-842-thread-1] INFO  server.RaftServerConfigKeys (ConfUtils.java:logGet(46)) - raft.server.rpc.timeout.max = 5200ms (custom)
2022-12-23 07:23:51,624 [pool-842-thread-1] INFO  server.RaftServerConfigKeys (ConfUtils.java:logGet(46)) - raft.server.rpc.sleep.time = 25ms (default)
2022-12-23 07:23:51,624 [pool-842-thread-1] INFO  server.RaftServerConfigKeys (ConfUtils.java:logGet(46)) - raft.server.rpc.slowness.timeout = 300s (custom)
2022-12-23 07:23:51,624 [pool-842-thread-1] INFO  server.RaftServerConfigKeys (ConfUtils.java:logGet(46)) - raft.server.leaderelection.leader.step-down.wait-time = 10s (default)
2022-12-23 07:23:51,624 [pool-842-thread-1] INFO  server.RaftServerConfigKeys (ConfUtils.java:logGet(46)) - raft.server.sleep.deviation.threshold = 300ms (default)
2022-12-23 07:23:51,624 [pool-842-thread-1] INFO  server.RaftServer$Division (ServerState.java:<init>(118)) - f44a0d93-0667-421f-b71e-e5df73887e0c@group-4007C3E19071: ConfigurationManager, init=-1: peers:[f44a0d93-0667-421f-b71e-e5df73887e0c|rpc:10.1.0.40:45029|dataStream:10.1.0.40:41779|priority:1|startupRole:FOLLOWER]|listeners:[], old=null, confs=<EMPTY_MAP>
2022-12-23 07:23:51,624 [pool-842-thread-1] INFO  server.RaftServerConfigKeys (ConfUtils.java:logGet(46)) - raft.server.storage.dir = [/home/runner/work/ozone/ozone/hadoop-ozone/integration-test/target/test-dir/MiniOzoneClusterImpl-ba7f31e0-0b52-47fc-8fdc-dbbc4e827165/datanode-2/data/ratis] (custom)
2022-12-23 07:23:51,624 [pool-842-thread-1] INFO  server.RaftServerConfigKeys (ConfUtils.java:logGet(46)) - raft.server.log.corruption.policy = EXCEPTION (default)
2022-12-23 07:23:51,624 [pool-842-thread-1] INFO  server.RaftServerConfigKeys (ConfUtils.java:logGet(46)) - raft.server.storage.free-space.min = 0MB (=0) (default)
2022-12-23 07:23:51,625 [pool-842-thread-1] INFO  server.RaftServerConfigKeys (ConfUtils.java:logGet(46)) - raft.server.notification.no-leader.timeout = 300s (custom)
2022-12-23 07:23:51,625 [pool-842-thread-1] INFO  server.RaftServerConfigKeys (ConfUtils.java:logGet(46)) - raft.server.retrycache.expirytime = 600000ms (custom)
2022-12-23 07:23:51,625 [pool-842-thread-1] INFO  server.RaftServerConfigKeys (ConfUtils.java:logGet(46)) - raft.server.retrycache.statistics.expirytime = 100μs (default)
2022-12-23 07:23:51,625 [pool-842-thread-1] INFO  server.RaftServerConfigKeys (ConfUtils.java:logGet(46)) - raft.server.log.appender.install.snapshot.enabled = false (custom)
2022-12-23 07:23:51,625 [pool-842-thread-1] INFO  server.RaftServerConfigKeys (ConfUtils.java:logGet(46)) - raft.server.threadpool.server.cached = true (default)
2022-12-23 07:23:51,625 [pool-842-thread-1] INFO  server.RaftServerConfigKeys (ConfUtils.java:logGet(46)) - raft.server.threadpool.server.size = 0 (default)
2022-12-23 07:23:51,625 [pool-842-thread-1] INFO  server.RaftServerConfigKeys (ConfUtils.java:logGet(46)) - raft.server.threadpool.client.cached = true (default)
2022-12-23 07:23:51,625 [pool-842-thread-1] INFO  server.RaftServerConfigKeys (ConfUtils.java:logGet(46)) - raft.server.threadpool.client.size = 0 (default)
2022-12-23 07:23:51,626 [pool-842-thread-1] INFO  storage.RaftStorageDirectory (RaftStorageDirectoryImpl.java:analyzeStorage(137)) - The storage directory /home/runner/work/ozone/ozone/hadoop-ozone/integration-test/target/test-dir/MiniOzoneClusterImpl-ba7f31e0-0b52-47fc-8fdc-dbbc4e827165/datanode-2/data/ratis/2dc062a6-f52d-4478-947c-4007c3e19071 does not exist. Creating ...
2022-12-23 07:23:51,627 [pool-842-thread-1] INFO  storage.RaftStorageDirectory (RaftStorageDirectoryImpl.java:tryLock(231)) - Lock on /home/runner/work/ozone/ozone/hadoop-ozone/integration-test/target/test-dir/MiniOzoneClusterImpl-ba7f31e0-0b52-47fc-8fdc-dbbc4e827165/datanode-2/data/ratis/2dc062a6-f52d-4478-947c-4007c3e19071/in_use.lock acquired by nodename 81300@fv-az505-480
2022-12-23 07:23:51,628 [pool-842-thread-1] INFO  storage.RaftStorage (RaftStorageImpl.java:format(96)) - Storage directory /home/runner/work/ozone/ozone/hadoop-ozone/integration-test/target/test-dir/MiniOzoneClusterImpl-ba7f31e0-0b52-47fc-8fdc-dbbc4e827165/datanode-2/data/ratis/2dc062a6-f52d-4478-947c-4007c3e19071 has been successfully formatted.
2022-12-23 07:23:51,628 [pool-842-thread-1] INFO  ratis.ContainerStateMachine (ContainerStateMachine.java:loadSnapshot(240)) - group-4007C3E19071: The snapshot info is null. Setting the last applied indexto:(t:0, i:~)
2022-12-23 07:23:51,628 [pool-842-thread-1] INFO  server.RaftServerConfigKeys (ConfUtils.java:logGet(46)) - raft.server.log.use.memory = false (default)
2022-12-23 07:23:51,628 [Listener at 127.0.0.1/40881] INFO  ozone.MiniOzoneClusterImpl (MiniOzoneClusterImpl.java:lambda$waitForClusterToBeReady$0(217)) - Nodes are ready. Got 3 of 3 DN Heartbeats.
2022-12-23 07:23:51,629 [Listener at 127.0.0.1/40881] INFO  ozone.MiniOzoneClusterImpl (MiniOzoneClusterImpl.java:lambda$waitForClusterToBeReady$0(220)) - Waiting for cluster to exit safe mode
2022-12-23 07:23:51,629 [Listener at 127.0.0.1/40881] INFO  ozone.MiniOzoneClusterImpl (MiniOzoneClusterImpl.java:lambda$waitForClusterToBeReady$0(222)) - SCM became leader
2022-12-23 07:23:51,630 [pool-842-thread-1] INFO  server.RaftServerConfigKeys (ConfUtils.java:logGet(46)) - raft.server.log.purge.gap = 1000000 (custom)
2022-12-23 07:23:51,630 [pool-842-thread-1] INFO  server.RaftServerConfigKeys (ConfUtils.java:logGet(46)) - raft.server.log.appender.buffer.byte-limit = 33554432 (custom)
2022-12-23 07:23:51,630 [pool-842-thread-1] INFO  server.RaftServerConfigKeys (ConfUtils.java:logGet(46)) - raft.server.log.statemachine.data.read.timeout = 1000ms (default)
2022-12-23 07:23:51,630 [pool-842-thread-1] INFO  server.RaftServerConfigKeys (ConfUtils.java:logGet(46)) - raft.server.log.purge.preservation.log.num = 0 (default)
2022-12-23 07:23:51,630 [pool-842-thread-1] INFO  server.RaftServerConfigKeys (ConfUtils.java:logGet(46)) - raft.server.log.segment.size.max = 1048576 (custom)
2022-12-23 07:23:51,630 [pool-842-thread-1] INFO  server.RaftServerConfigKeys (ConfUtils.java:logGet(46)) - raft.server.log.segment.cache.num.max = 2 (custom)
2022-12-23 07:23:51,631 [pool-842-thread-1] INFO  server.RaftServerConfigKeys (ConfUtils.java:logGet(46)) - raft.server.log.segment.cache.size.max = 200MB (=209715200) (default)
2022-12-23 07:23:51,631 [pool-842-thread-1] INFO  segmented.SegmentedRaftLogWorker (SegmentedRaftLogWorker.java:<init>(189)) - new f44a0d93-0667-421f-b71e-e5df73887e0c@group-4007C3E19071-SegmentedRaftLogWorker for RaftStorageImpl:Storage Directory /home/runner/work/ozone/ozone/hadoop-ozone/integration-test/target/test-dir/MiniOzoneClusterImpl-ba7f31e0-0b52-47fc-8fdc-dbbc4e827165/datanode-2/data/ratis/2dc062a6-f52d-4478-947c-4007c3e19071
2022-12-23 07:23:51,630 [EventQueue-CommandQueueReportForCommandQueueReportHandler] WARN  events.EventQueue (EventQueue.java:fireEvent(216)) - No event handler registered for event TypedEvent{payloadType=DatanodeDetails, name='Datanode_Command_Queue_Updated'}
2022-12-23 07:23:51,631 [pool-842-thread-1] INFO  server.RaftServerConfigKeys (ConfUtils.java:logGet(46)) - raft.server.log.queue.byte-limit = 4294967296 (custom)
2022-12-23 07:23:51,631 [EventQueue-PipelineReportForPipelineReportHandler] INFO  pipeline.PipelineManagerImpl (PipelineManagerImpl.java:openPipeline(367)) - Pipeline Pipeline[ Id: 2dc062a6-f52d-4478-947c-4007c3e19071, Nodes: f44a0d93-0667-421f-b71e-e5df73887e0c{ip: 10.1.0.40, host: fv-az505-480.g2e1luzo1moefklhgra4trf2va.dx.internal.cloudapp.net, ports: [REPLICATION=42141, RATIS=45029, RATIS_ADMIN=45029, RATIS_SERVER=45029, RATIS_DATASTREAM=41779, STANDALONE=34947], networkLocation: /default-rack, certSerialId: null, persistedOpState: IN_SERVICE, persistedOpStateExpiryEpochSec: 0}, ReplicationConfig: RATIS/ONE, State:ALLOCATED, leaderId:f44a0d93-0667-421f-b71e-e5df73887e0c, CreationTimestamp2022-12-23T07:23:48.629Z[Etc/UTC]] moved to OPEN state
2022-12-23 07:23:51,631 [pool-842-thread-1] INFO  server.RaftServerConfigKeys (ConfUtils.java:logGet(46)) - raft.server.log.queue.element-limit = 1024 (custom)
2022-12-23 07:23:51,631 [pool-842-thread-1] INFO  server.RaftServerConfigKeys (ConfUtils.java:logGet(46)) - raft.server.log.segment.size.max = 1048576 (custom)
2022-12-23 07:23:51,631 [pool-842-thread-1] INFO  server.RaftServerConfigKeys (ConfUtils.java:logGet(46)) - raft.server.log.preallocated.size = 16384 (custom)
2022-12-23 07:23:51,631 [pool-842-thread-1] INFO  server.RaftServerConfigKeys (ConfUtils.java:logGet(46)) - raft.server.log.force.sync.num = 128 (default)
2022-12-23 07:23:51,631 [pool-842-thread-1] INFO  server.RaftServerConfigKeys (ConfUtils.java:logGet(46)) - raft.server.log.statemachine.data.sync = true (default)
2022-12-23 07:23:51,631 [pool-842-thread-1] INFO  server.RaftServerConfigKeys (ConfUtils.java:logGet(46)) - raft.server.log.statemachine.data.sync.timeout = 10s (default)
2022-12-23 07:23:51,631 [pool-842-thread-1] INFO  server.RaftServerConfigKeys (ConfUtils.java:logGet(46)) - raft.server.log.statemachine.data.sync.timeout.retry = -1 (default)
2022-12-23 07:23:51,631 [EventQueue-OpenPipelineForHealthyPipelineSafeModeRule] INFO  safemode.SCMSafeModeManager (HealthyPipelineSafeModeRule.java:process(137)) - SCM in safe mode. Healthy pipelines reported count is 0, required healthy pipeline reported count is 1
2022-12-23 07:23:51,632 [pool-842-thread-1] INFO  server.RaftServerConfigKeys (ConfUtils.java:logGet(46)) - raft.server.log.write.buffer.size = 1048576 (custom)
2022-12-23 07:23:51,632 [pool-842-thread-1] INFO  server.RaftServerConfigKeys (ConfUtils.java:logGet(46)) - raft.server.log.appender.buffer.byte-limit = 33554432 (custom)
2022-12-23 07:23:51,638 [pool-842-thread-1] INFO  server.RaftServerConfigKeys (ConfUtils.java:logGet(46)) - raft.server.log.unsafe-flush.enabled = false (default)
2022-12-23 07:23:51,638 [pool-842-thread-1] INFO  server.RaftServerConfigKeys (ConfUtils.java:logGet(46)) - raft.server.log.async-flush.enabled = false (default)
2022-12-23 07:23:51,638 [pool-842-thread-1] INFO  server.RaftServerConfigKeys (ConfUtils.java:logGet(46)) - raft.server.log.statemachine.data.caching.enabled = true (custom)
2022-12-23 07:23:51,638 [pool-842-thread-1] INFO  segmented.SegmentedRaftLogWorker (SegmentedRaftLogWorker.java:lambda$new$0(135)) - f44a0d93-0667-421f-b71e-e5df73887e0c@group-4007C3E19071-SegmentedRaftLogWorker: flushIndex: setUnconditionally 0 -> -1
2022-12-23 07:23:51,638 [pool-842-thread-1] INFO  segmented.SegmentedRaftLogWorker (SegmentedRaftLogWorker.java:lambda$new$0(135)) - f44a0d93-0667-421f-b71e-e5df73887e0c@group-4007C3E19071-SegmentedRaftLogWorker: safeCacheEvictIndex: setUnconditionally 0 -> -1
2022-12-23 07:23:51,638 [pool-842-thread-1] INFO  server.RaftServer$Division (RaftServerImpl.java:start(334)) - f44a0d93-0667-421f-b71e-e5df73887e0c@group-4007C3E19071: start as a follower, conf=-1: peers:[f44a0d93-0667-421f-b71e-e5df73887e0c|rpc:10.1.0.40:45029|dataStream:10.1.0.40:41779|priority:1|startupRole:FOLLOWER]|listeners:[], old=null
2022-12-23 07:23:51,638 [pool-842-thread-1] INFO  server.RaftServer$Division (RaftServerImpl.java:setRole(321)) - f44a0d93-0667-421f-b71e-e5df73887e0c@group-4007C3E19071: changes role from      null to FOLLOWER at term 0 for startAsFollower
2022-12-23 07:23:51,638 [pool-842-thread-1] INFO  impl.RoleInfo (RoleInfo.java:updateAndGet(139)) - f44a0d93-0667-421f-b71e-e5df73887e0c: start f44a0d93-0667-421f-b71e-e5df73887e0c@group-4007C3E19071-FollowerState
2022-12-23 07:23:51,641 [pool-842-thread-1] INFO  util.JmxRegister (JmxRegister.java:tryRegister(44)) - Successfully registered JMX Bean with object name Ratis:service=RaftServer,group=group-4007C3E19071,id=f44a0d93-0667-421f-b71e-e5df73887e0c
2022-12-23 07:23:51,641 [pool-842-thread-1] INFO  server.RaftServerConfigKeys (ConfUtils.java:logGet(46)) - raft.server.snapshot.auto.trigger.enabled = true (custom)
2022-12-23 07:23:51,641 [pool-842-thread-1] INFO  server.RaftServerConfigKeys (ConfUtils.java:logGet(46)) - raft.server.snapshot.auto.trigger.threshold = 10000 (custom)
2022-12-23 07:23:51,641 [pool-842-thread-1] INFO  server.RaftServerConfigKeys (ConfUtils.java:logGet(46)) - raft.server.snapshot.retention.file.num = 5 (custom)
2022-12-23 07:23:51,641 [pool-842-thread-1] INFO  server.RaftServerConfigKeys (ConfUtils.java:logGet(46)) - raft.server.log.purge.upto.snapshot.index = false (default)
2022-12-23 07:23:51,641 [Command processor thread] INFO  ratis.XceiverServerRatis (XceiverServerRatis.java:addGroup(806)) - Created group PipelineID=2dc062a6-f52d-4478-947c-4007c3e19071
2022-12-23 07:23:51,641 [f44a0d93-0667-421f-b71e-e5df73887e0c@group-4007C3E19071-FollowerState] INFO  server.RaftServerConfigKeys (ConfUtils.java:logFallback(53)) - raft.server.rpc.first-election.timeout.min = 5s (fallback to raft.server.rpc.timeout.min)
2022-12-23 07:23:51,641 [Command processor thread] INFO  commandhandler.CreatePipelineCommandHandler (CreatePipelineCommandHandler.java:handle(113)) - Created Pipeline RATIS ONE PipelineID=2dc062a6-f52d-4478-947c-4007c3e19071.
2022-12-23 07:23:51,642 [f44a0d93-0667-421f-b71e-e5df73887e0c@group-4007C3E19071-FollowerState] INFO  server.RaftServerConfigKeys (ConfUtils.java:logFallback(53)) - raft.server.rpc.first-election.timeout.max = 5200ms (fallback to raft.server.rpc.timeout.max)
2022-12-23 07:23:51,992 [EventQueue-CommandQueueReportForCommandQueueReportHandler] WARN  events.EventQueue (EventQueue.java:fireEvent(216)) - No event handler registered for event TypedEvent{payloadType=DatanodeDetails, name='Datanode_Command_Queue_Updated'}
2022-12-23 07:23:52,213 [EventQueue-CommandQueueReportForCommandQueueReportHandler] WARN  events.EventQueue (EventQueue.java:fireEvent(216)) - No event handler registered for event TypedEvent{payloadType=DatanodeDetails, name='Datanode_Command_Queue_Updated'}
2022-12-23 07:23:52,629 [Listener at 127.0.0.1/40881] INFO  ozone.MiniOzoneClusterImpl (MiniOzoneClusterImpl.java:lambda$waitForClusterToBeReady$0(217)) - Nodes are ready. Got 3 of 3 DN Heartbeats.
2022-12-23 07:23:52,629 [Listener at 127.0.0.1/40881] INFO  ozone.MiniOzoneClusterImpl (MiniOzoneClusterImpl.java:lambda$waitForClusterToBeReady$0(220)) - Waiting for cluster to exit safe mode
2022-12-23 07:23:52,630 [Listener at 127.0.0.1/40881] INFO  ozone.MiniOzoneClusterImpl (MiniOzoneClusterImpl.java:lambda$waitForClusterToBeReady$0(222)) - SCM became leader
2022-12-23 07:23:52,631 [EventQueue-CommandQueueReportForCommandQueueReportHandler] WARN  events.EventQueue (EventQueue.java:fireEvent(216)) - No event handler registered for event TypedEvent{payloadType=DatanodeDetails, name='Datanode_Command_Queue_Updated'}
2022-12-23 07:23:52,993 [EventQueue-CommandQueueReportForCommandQueueReportHandler] WARN  events.EventQueue (EventQueue.java:fireEvent(216)) - No event handler registered for event TypedEvent{payloadType=DatanodeDetails, name='Datanode_Command_Queue_Updated'}
2022-12-23 07:23:53,217 [EventQueue-CommandQueueReportForCommandQueueReportHandler] WARN  events.EventQueue (EventQueue.java:fireEvent(216)) - No event handler registered for event TypedEvent{payloadType=DatanodeDetails, name='Datanode_Command_Queue_Updated'}
2022-12-23 07:23:53,630 [Listener at 127.0.0.1/40881] INFO  ozone.MiniOzoneClusterImpl (MiniOzoneClusterImpl.java:lambda$waitForClusterToBeReady$0(217)) - Nodes are ready. Got 3 of 3 DN Heartbeats.
2022-12-23 07:23:53,630 [Listener at 127.0.0.1/40881] INFO  ozone.MiniOzoneClusterImpl (MiniOzoneClusterImpl.java:lambda$waitForClusterToBeReady$0(220)) - Waiting for cluster to exit safe mode
2022-12-23 07:23:53,630 [Listener at 127.0.0.1/40881] INFO  ozone.MiniOzoneClusterImpl (MiniOzoneClusterImpl.java:lambda$waitForClusterToBeReady$0(222)) - SCM became leader
2022-12-23 07:23:53,630 [EventQueue-CommandQueueReportForCommandQueueReportHandler] WARN  events.EventQueue (EventQueue.java:fireEvent(216)) - No event handler registered for event TypedEvent{payloadType=DatanodeDetails, name='Datanode_Command_Queue_Updated'}
2022-12-23 07:23:53,992 [EventQueue-CommandQueueReportForCommandQueueReportHandler] WARN  events.EventQueue (EventQueue.java:fireEvent(216)) - No event handler registered for event TypedEvent{payloadType=DatanodeDetails, name='Datanode_Command_Queue_Updated'}
2022-12-23 07:23:54,219 [EventQueue-CommandQueueReportForCommandQueueReportHandler] WARN  events.EventQueue (EventQueue.java:fireEvent(216)) - No event handler registered for event TypedEvent{payloadType=DatanodeDetails, name='Datanode_Command_Queue_Updated'}
2022-12-23 07:23:54,630 [EventQueue-CommandQueueReportForCommandQueueReportHandler] WARN  events.EventQueue (EventQueue.java:fireEvent(216)) - No event handler registered for event TypedEvent{payloadType=DatanodeDetails, name='Datanode_Command_Queue_Updated'}
2022-12-23 07:23:54,630 [Listener at 127.0.0.1/40881] INFO  ozone.MiniOzoneClusterImpl (MiniOzoneClusterImpl.java:lambda$waitForClusterToBeReady$0(217)) - Nodes are ready. Got 3 of 3 DN Heartbeats.
2022-12-23 07:23:54,631 [Listener at 127.0.0.1/40881] INFO  ozone.MiniOzoneClusterImpl (MiniOzoneClusterImpl.java:lambda$waitForClusterToBeReady$0(220)) - Waiting for cluster to exit safe mode
2022-12-23 07:23:54,631 [Listener at 127.0.0.1/40881] INFO  ozone.MiniOzoneClusterImpl (MiniOzoneClusterImpl.java:lambda$waitForClusterToBeReady$0(222)) - SCM became leader
2022-12-23 07:23:54,992 [EventQueue-CommandQueueReportForCommandQueueReportHandler] WARN  events.EventQueue (EventQueue.java:fireEvent(216)) - No event handler registered for event TypedEvent{payloadType=DatanodeDetails, name='Datanode_Command_Queue_Updated'}
2022-12-23 07:23:55,217 [EventQueue-CommandQueueReportForCommandQueueReportHandler] WARN  events.EventQueue (EventQueue.java:fireEvent(216)) - No event handler registered for event TypedEvent{payloadType=DatanodeDetails, name='Datanode_Command_Queue_Updated'}
2022-12-23 07:23:55,630 [EventQueue-CommandQueueReportForCommandQueueReportHandler] WARN  events.EventQueue (EventQueue.java:fireEvent(216)) - No event handler registered for event TypedEvent{payloadType=DatanodeDetails, name='Datanode_Command_Queue_Updated'}
2022-12-23 07:23:55,631 [Listener at 127.0.0.1/40881] INFO  ozone.MiniOzoneClusterImpl (MiniOzoneClusterImpl.java:lambda$waitForClusterToBeReady$0(217)) - Nodes are ready. Got 3 of 3 DN Heartbeats.
2022-12-23 07:23:55,631 [Listener at 127.0.0.1/40881] INFO  ozone.MiniOzoneClusterImpl (MiniOzoneClusterImpl.java:lambda$waitForClusterToBeReady$0(220)) - Waiting for cluster to exit safe mode
2022-12-23 07:23:55,631 [Listener at 127.0.0.1/40881] INFO  ozone.MiniOzoneClusterImpl (MiniOzoneClusterImpl.java:lambda$waitForClusterToBeReady$0(222)) - SCM became leader
2022-12-23 07:23:55,896 [afc81946-b921-414f-975a-f6fdc8ce3c83@group-B0A6442936AE-FollowerState] INFO  impl.FollowerState (FollowerState.java:run(143)) - afc81946-b921-414f-975a-f6fdc8ce3c83@group-B0A6442936AE-FollowerState: change to CANDIDATE, lastRpcElapsedTime:5021095199ns, electionTimeout:5020ms
2022-12-23 07:23:55,896 [afc81946-b921-414f-975a-f6fdc8ce3c83@group-B0A6442936AE-FollowerState] INFO  impl.RoleInfo (RoleInfo.java:shutdownFollowerState(110)) - afc81946-b921-414f-975a-f6fdc8ce3c83: shutdown afc81946-b921-414f-975a-f6fdc8ce3c83@group-B0A6442936AE-FollowerState
2022-12-23 07:23:55,896 [afc81946-b921-414f-975a-f6fdc8ce3c83@group-B0A6442936AE-FollowerState] INFO  server.RaftServer$Division (RaftServerImpl.java:setRole(321)) - afc81946-b921-414f-975a-f6fdc8ce3c83@group-B0A6442936AE: changes role from  FOLLOWER to CANDIDATE at term 0 for changeToCandidate
2022-12-23 07:23:55,896 [afc81946-b921-414f-975a-f6fdc8ce3c83@group-B0A6442936AE-FollowerState] INFO  server.RaftServerConfigKeys (ConfUtils.java:logGet(46)) - raft.server.leaderelection.pre-vote = false (custom)
2022-12-23 07:23:55,896 [afc81946-b921-414f-975a-f6fdc8ce3c83@group-B0A6442936AE-FollowerState] INFO  impl.RoleInfo (RoleInfo.java:updateAndGet(139)) - afc81946-b921-414f-975a-f6fdc8ce3c83: start afc81946-b921-414f-975a-f6fdc8ce3c83@group-B0A6442936AE-LeaderElection42
2022-12-23 07:23:55,899 [afc81946-b921-414f-975a-f6fdc8ce3c83@group-B0A6442936AE-LeaderElection42] INFO  impl.LeaderElection (LeaderElection.java:askForVotes(312)) - afc81946-b921-414f-975a-f6fdc8ce3c83@group-B0A6442936AE-LeaderElection42 ELECTION round 0: submit vote requests at term 1 for -1: peers:[afc81946-b921-414f-975a-f6fdc8ce3c83|rpc:10.1.0.40:46711|dataStream:10.1.0.40:42573|priority:0|startupRole:FOLLOWER, f44a0d93-0667-421f-b71e-e5df73887e0c|rpc:10.1.0.40:45029|dataStream:10.1.0.40:41779|priority:1|startupRole:FOLLOWER, 4855300c-9dc7-4866-b12a-0d8362434d54|rpc:10.1.0.40:46797|dataStream:10.1.0.40:32775|priority:0|startupRole:FOLLOWER]|listeners:[], old=null
2022-12-23 07:23:55,900 [afc81946-b921-414f-975a-f6fdc8ce3c83@group-B0A6442936AE-LeaderElection42] INFO  server.RaftServerConfigKeys (ConfUtils.java:logFallback(53)) - raft.server.rpc.first-election.timeout.min = 5s (fallback to raft.server.rpc.timeout.min)
2022-12-23 07:23:55,900 [afc81946-b921-414f-975a-f6fdc8ce3c83@group-B0A6442936AE-LeaderElection42-1] INFO  server.GrpcServerProtocolClient (GrpcServerProtocolClient.java:<init>(63)) - Build channel for f44a0d93-0667-421f-b71e-e5df73887e0c
2022-12-23 07:23:55,900 [afc81946-b921-414f-975a-f6fdc8ce3c83@group-B0A6442936AE-LeaderElection42] INFO  server.RaftServerConfigKeys (ConfUtils.java:logFallback(53)) - raft.server.rpc.first-election.timeout.max = 5200ms (fallback to raft.server.rpc.timeout.max)
2022-12-23 07:23:55,900 [afc81946-b921-414f-975a-f6fdc8ce3c83@group-B0A6442936AE-LeaderElection42-2] INFO  server.GrpcServerProtocolClient (GrpcServerProtocolClient.java:<init>(63)) - Build channel for 4855300c-9dc7-4866-b12a-0d8362434d54
2022-12-23 07:23:55,908 [afc81946-b921-414f-975a-f6fdc8ce3c83@group-41A926002720-FollowerState] INFO  impl.FollowerState (FollowerState.java:run(143)) - afc81946-b921-414f-975a-f6fdc8ce3c83@group-41A926002720-FollowerState: change to CANDIDATE, lastRpcElapsedTime:5053146047ns, electionTimeout:5052ms
2022-12-23 07:23:55,908 [afc81946-b921-414f-975a-f6fdc8ce3c83@group-41A926002720-FollowerState] INFO  impl.RoleInfo (RoleInfo.java:shutdownFollowerState(110)) - afc81946-b921-414f-975a-f6fdc8ce3c83: shutdown afc81946-b921-414f-975a-f6fdc8ce3c83@group-41A926002720-FollowerState
2022-12-23 07:23:55,908 [afc81946-b921-414f-975a-f6fdc8ce3c83@group-41A926002720-FollowerState] INFO  server.RaftServer$Division (RaftServerImpl.java:setRole(321)) - afc81946-b921-414f-975a-f6fdc8ce3c83@group-41A926002720: changes role from  FOLLOWER to CANDIDATE at term 0 for changeToCandidate
2022-12-23 07:23:55,908 [afc81946-b921-414f-975a-f6fdc8ce3c83@group-41A926002720-FollowerState] INFO  server.RaftServerConfigKeys (ConfUtils.java:logGet(46)) - raft.server.leaderelection.pre-vote = false (custom)
2022-12-23 07:23:55,908 [afc81946-b921-414f-975a-f6fdc8ce3c83@group-41A926002720-FollowerState] INFO  impl.RoleInfo (RoleInfo.java:updateAndGet(139)) - afc81946-b921-414f-975a-f6fdc8ce3c83: start afc81946-b921-414f-975a-f6fdc8ce3c83@group-41A926002720-LeaderElection43
2022-12-23 07:23:55,909 [grpc-default-executor-0] INFO  server.RaftServer$Division (RaftServerImpl.java:requestVote(1218)) - 4855300c-9dc7-4866-b12a-0d8362434d54@group-B0A6442936AE: receive requestVote(ELECTION, afc81946-b921-414f-975a-f6fdc8ce3c83, group-B0A6442936AE, 1, (t:0, i:0))
2022-12-23 07:23:55,909 [grpc-default-executor-0] INFO  impl.VoteContext (VoteContext.java:log(49)) - 4855300c-9dc7-4866-b12a-0d8362434d54@group-B0A6442936AE-FOLLOWER: accept ELECTION from afc81946-b921-414f-975a-f6fdc8ce3c83: our priority 0 <= candidate's priority 0
2022-12-23 07:23:55,909 [grpc-default-executor-0] INFO  server.RaftServer$Division (RaftServerImpl.java:setRole(321)) - 4855300c-9dc7-4866-b12a-0d8362434d54@group-B0A6442936AE: changes role from  FOLLOWER to FOLLOWER at term 1 for candidate:afc81946-b921-414f-975a-f6fdc8ce3c83
2022-12-23 07:23:55,909 [grpc-default-executor-0] INFO  impl.RoleInfo (RoleInfo.java:shutdownFollowerState(110)) - 4855300c-9dc7-4866-b12a-0d8362434d54: shutdown 4855300c-9dc7-4866-b12a-0d8362434d54@group-B0A6442936AE-FollowerState
2022-12-23 07:23:55,909 [grpc-default-executor-0] INFO  impl.RoleInfo (RoleInfo.java:updateAndGet(139)) - 4855300c-9dc7-4866-b12a-0d8362434d54: start 4855300c-9dc7-4866-b12a-0d8362434d54@group-B0A6442936AE-FollowerState
2022-12-23 07:23:55,909 [4855300c-9dc7-4866-b12a-0d8362434d54@group-B0A6442936AE-FollowerState] INFO  impl.FollowerState (FollowerState.java:run(152)) - 4855300c-9dc7-4866-b12a-0d8362434d54@group-B0A6442936AE-FollowerState was interrupted
2022-12-23 07:23:55,919 [4855300c-9dc7-4866-b12a-0d8362434d54@group-B0A6442936AE-FollowerState] INFO  server.RaftServerConfigKeys (ConfUtils.java:logFallback(53)) - raft.server.rpc.first-election.timeout.min = 5s (fallback to raft.server.rpc.timeout.min)
2022-12-23 07:23:55,919 [4855300c-9dc7-4866-b12a-0d8362434d54@group-B0A6442936AE-FollowerState] INFO  server.RaftServerConfigKeys (ConfUtils.java:logFallback(53)) - raft.server.rpc.first-election.timeout.max = 5200ms (fallback to raft.server.rpc.timeout.max)
2022-12-23 07:23:55,919 [grpc-default-executor-0] INFO  server.RaftServer$Division (RaftServerImpl.java:requestVote(1251)) - 4855300c-9dc7-4866-b12a-0d8362434d54@group-B0A6442936AE replies to ELECTION vote request: afc81946-b921-414f-975a-f6fdc8ce3c83<-4855300c-9dc7-4866-b12a-0d8362434d54#0:OK-t1. Peer's state: 4855300c-9dc7-4866-b12a-0d8362434d54@group-B0A6442936AE:t1, leader=null, voted=afc81946-b921-414f-975a-f6fdc8ce3c83, raftlog=Memoized:4855300c-9dc7-4866-b12a-0d8362434d54@group-B0A6442936AE-SegmentedRaftLog:OPENED:c-1, conf=-1: peers:[afc81946-b921-414f-975a-f6fdc8ce3c83|rpc:10.1.0.40:46711|dataStream:10.1.0.40:42573|priority:0|startupRole:FOLLOWER, f44a0d93-0667-421f-b71e-e5df73887e0c|rpc:10.1.0.40:45029|dataStream:10.1.0.40:41779|priority:1|startupRole:FOLLOWER, 4855300c-9dc7-4866-b12a-0d8362434d54|rpc:10.1.0.40:46797|dataStream:10.1.0.40:32775|priority:0|startupRole:FOLLOWER]|listeners:[], old=null
2022-12-23 07:23:55,919 [afc81946-b921-414f-975a-f6fdc8ce3c83@group-41A926002720-LeaderElection43] INFO  impl.LeaderElection (LeaderElection.java:askForVotes(312)) - afc81946-b921-414f-975a-f6fdc8ce3c83@group-41A926002720-LeaderElection43 ELECTION round 0: submit vote requests at term 1 for -1: peers:[afc81946-b921-414f-975a-f6fdc8ce3c83|rpc:10.1.0.40:46711|dataStream:10.1.0.40:42573|priority:1|startupRole:FOLLOWER]|listeners:[], old=null
2022-12-23 07:23:55,919 [afc81946-b921-414f-975a-f6fdc8ce3c83@group-41A926002720-LeaderElection43] INFO  impl.LeaderElection (LeaderElection.java:askForVotes(314)) - afc81946-b921-414f-975a-f6fdc8ce3c83@group-41A926002720-LeaderElection43 ELECTION round 0: result PASSED (term=1)
2022-12-23 07:23:55,919 [afc81946-b921-414f-975a-f6fdc8ce3c83@group-41A926002720-LeaderElection43] INFO  impl.RoleInfo (RoleInfo.java:shutdownLeaderElection(130)) - afc81946-b921-414f-975a-f6fdc8ce3c83: shutdown afc81946-b921-414f-975a-f6fdc8ce3c83@group-41A926002720-LeaderElection43
2022-12-23 07:23:55,920 [afc81946-b921-414f-975a-f6fdc8ce3c83@group-41A926002720-LeaderElection43] INFO  server.RaftServer$Division (RaftServerImpl.java:setRole(321)) - afc81946-b921-414f-975a-f6fdc8ce3c83@group-41A926002720: changes role from CANDIDATE to LEADER at term 1 for changeToLeader
2022-12-23 07:23:55,920 [afc81946-b921-414f-975a-f6fdc8ce3c83@group-41A926002720-LeaderElection43] INFO  ratis.XceiverServerRatis (XceiverServerRatis.java:handleLeaderChangedNotification(904)) - Leader change notification received for group: group-41A926002720 with new leaderId: afc81946-b921-414f-975a-f6fdc8ce3c83
2022-12-23 07:23:55,921 [afc81946-b921-414f-975a-f6fdc8ce3c83@group-41A926002720-LeaderElection43] INFO  server.RaftServer$Division (ServerState.java:setLeader(313)) - afc81946-b921-414f-975a-f6fdc8ce3c83@group-41A926002720: change Leader from null to afc81946-b921-414f-975a-f6fdc8ce3c83 at term 1 for becomeLeader, leader elected after 5078ms
2022-12-23 07:23:55,921 [afc81946-b921-414f-975a-f6fdc8ce3c83@group-41A926002720-LeaderElection43] INFO  server.RaftServerConfigKeys (ConfUtils.java:logGet(46)) - raft.server.staging.catchup.gap = 1000 (default)
2022-12-23 07:23:55,926 [afc81946-b921-414f-975a-f6fdc8ce3c83@group-41A926002720-LeaderElection43] INFO  server.RaftServerConfigKeys (ConfUtils.java:logGet(46)) - raft.server.write.element-limit = 1024 (custom)
2022-12-23 07:23:55,926 [afc81946-b921-414f-975a-f6fdc8ce3c83@group-41A926002720-LeaderElection43] INFO  server.RaftServerConfigKeys (ConfUtils.java:logGet(46)) - raft.server.write.byte-limit = 1024 M (=1073741824) (custom)
2022-12-23 07:23:55,926 [afc81946-b921-414f-975a-f6fdc8ce3c83@group-41A926002720-LeaderElection43] INFO  server.RaftServerConfigKeys (ConfUtils.java:logGet(46)) - raft.server.watch.timeout = 180s (custom)
2022-12-23 07:23:55,926 [afc81946-b921-414f-975a-f6fdc8ce3c83@group-41A926002720-LeaderElection43] INFO  server.RaftServerConfigKeys (ConfUtils.java:logGet(46)) - raft.server.watch.timeout.denomination = 1s (default)
2022-12-23 07:23:55,926 [afc81946-b921-414f-975a-f6fdc8ce3c83@group-41A926002720-LeaderElection43] INFO  server.RaftServerConfigKeys (ConfUtils.java:logGet(46)) - raft.server.watch.element-limit = 65536 (default)
2022-12-23 07:23:55,926 [afc81946-b921-414f-975a-f6fdc8ce3c83@group-41A926002720-LeaderElection43] INFO  server.RaftServerConfigKeys (ConfUtils.java:logGet(46)) - raft.server.write.element-limit = 1024 (custom)
2022-12-23 07:23:55,926 [afc81946-b921-414f-975a-f6fdc8ce3c83@group-41A926002720-LeaderElection43] INFO  server.RaftServerConfigKeys (ConfUtils.java:logGet(46)) - raft.server.write.follower.gap.ratio.max = -1.0 (default)
2022-12-23 07:23:55,926 [afc81946-b921-414f-975a-f6fdc8ce3c83@group-41A926002720-LeaderElection43] INFO  impl.RoleInfo (RoleInfo.java:updateAndGet(139)) - afc81946-b921-414f-975a-f6fdc8ce3c83: start afc81946-b921-414f-975a-f6fdc8ce3c83@group-41A926002720-LeaderStateImpl
2022-12-23 07:23:55,928 [afc81946-b921-414f-975a-f6fdc8ce3c83@group-41A926002720-LeaderElection43] INFO  segmented.SegmentedRaftLogWorker (SegmentedRaftLogWorker.java:startLogSegment(452)) - afc81946-b921-414f-975a-f6fdc8ce3c83@group-41A926002720-SegmentedRaftLogWorker: Starting segment from index:0
2022-12-23 07:23:55,936 [afc81946-b921-414f-975a-f6fdc8ce3c83@group-41A926002720-SegmentedRaftLogWorker] INFO  segmented.SegmentedRaftLogWorker (SegmentedRaftLogWorker.java:execute(656)) - afc81946-b921-414f-975a-f6fdc8ce3c83@group-41A926002720-SegmentedRaftLogWorker: created new log segment /home/runner/work/ozone/ozone/hadoop-ozone/integration-test/target/test-dir/MiniOzoneClusterImpl-ba7f31e0-0b52-47fc-8fdc-dbbc4e827165/datanode-0/data/ratis/17fa6d08-14d5-4fc5-b4f4-41a926002720/current/log_inprogress_0
2022-12-23 07:23:55,937 [EventQueue-CommandQueueReportForCommandQueueReportHandler] WARN  events.EventQueue (EventQueue.java:fireEvent(216)) - No event handler registered for event TypedEvent{payloadType=DatanodeDetails, name='Datanode_Command_Queue_Updated'}
2022-12-23 07:23:55,937 [afc81946-b921-414f-975a-f6fdc8ce3c83@group-41A926002720-LeaderElection43] INFO  server.RaftServer$Division (ServerState.java:setRaftConf(430)) - afc81946-b921-414f-975a-f6fdc8ce3c83@group-41A926002720: set configuration 0: peers:[afc81946-b921-414f-975a-f6fdc8ce3c83|rpc:10.1.0.40:46711|dataStream:10.1.0.40:42573|priority:1|startupRole:FOLLOWER]|listeners:[], old=null
2022-12-23 07:23:55,937 [EventQueue-OpenPipelineForHealthyPipelineSafeModeRule] INFO  safemode.SCMSafeModeManager (HealthyPipelineSafeModeRule.java:process(137)) - SCM in safe mode. Healthy pipelines reported count is 0, required healthy pipeline reported count is 1
2022-12-23 07:23:55,939 [grpc-default-executor-1] INFO  server.RaftServer$Division (RaftServerImpl.java:requestVote(1218)) - f44a0d93-0667-421f-b71e-e5df73887e0c@group-B0A6442936AE: receive requestVote(ELECTION, afc81946-b921-414f-975a-f6fdc8ce3c83, group-B0A6442936AE, 1, (t:0, i:0))
2022-12-23 07:23:55,940 [grpc-default-executor-1] INFO  impl.VoteContext (VoteContext.java:log(49)) - f44a0d93-0667-421f-b71e-e5df73887e0c@group-B0A6442936AE-FOLLOWER: reject ELECTION from afc81946-b921-414f-975a-f6fdc8ce3c83: our priority 1 > candidate's priority 0
2022-12-23 07:23:55,940 [grpc-default-executor-1] INFO  server.RaftServer$Division (RaftServerImpl.java:setRole(321)) - f44a0d93-0667-421f-b71e-e5df73887e0c@group-B0A6442936AE: changes role from  FOLLOWER to FOLLOWER at term 1 for candidate:afc81946-b921-414f-975a-f6fdc8ce3c83
2022-12-23 07:23:55,940 [grpc-default-executor-1] INFO  impl.RoleInfo (RoleInfo.java:shutdownFollowerState(110)) - f44a0d93-0667-421f-b71e-e5df73887e0c: shutdown f44a0d93-0667-421f-b71e-e5df73887e0c@group-B0A6442936AE-FollowerState
2022-12-23 07:23:55,940 [grpc-default-executor-1] INFO  impl.RoleInfo (RoleInfo.java:updateAndGet(139)) - f44a0d93-0667-421f-b71e-e5df73887e0c: start f44a0d93-0667-421f-b71e-e5df73887e0c@group-B0A6442936AE-FollowerState
2022-12-23 07:23:55,940 [f44a0d93-0667-421f-b71e-e5df73887e0c@group-B0A6442936AE-FollowerState] INFO  impl.FollowerState (FollowerState.java:run(152)) - f44a0d93-0667-421f-b71e-e5df73887e0c@group-B0A6442936AE-FollowerState was interrupted
2022-12-23 07:23:55,941 [f44a0d93-0667-421f-b71e-e5df73887e0c@group-B0A6442936AE-FollowerState] INFO  server.RaftServerConfigKeys (ConfUtils.java:logFallback(53)) - raft.server.rpc.first-election.timeout.min = 5s (fallback to raft.server.rpc.timeout.min)
2022-12-23 07:23:55,941 [f44a0d93-0667-421f-b71e-e5df73887e0c@group-B0A6442936AE-FollowerState] INFO  server.RaftServerConfigKeys (ConfUtils.java:logFallback(53)) - raft.server.rpc.first-election.timeout.max = 5200ms (fallback to raft.server.rpc.timeout.max)
2022-12-23 07:23:55,941 [grpc-default-executor-1] INFO  server.RaftServer$Division (RaftServerImpl.java:requestVote(1251)) - f44a0d93-0667-421f-b71e-e5df73887e0c@group-B0A6442936AE replies to ELECTION vote request: afc81946-b921-414f-975a-f6fdc8ce3c83<-f44a0d93-0667-421f-b71e-e5df73887e0c#0:FAIL-t1. Peer's state: f44a0d93-0667-421f-b71e-e5df73887e0c@group-B0A6442936AE:t1, leader=null, voted=null, raftlog=Memoized:f44a0d93-0667-421f-b71e-e5df73887e0c@group-B0A6442936AE-SegmentedRaftLog:OPENED:c-1, conf=-1: peers:[afc81946-b921-414f-975a-f6fdc8ce3c83|rpc:10.1.0.40:46711|dataStream:10.1.0.40:42573|priority:0|startupRole:FOLLOWER, f44a0d93-0667-421f-b71e-e5df73887e0c|rpc:10.1.0.40:45029|dataStream:10.1.0.40:41779|priority:1|startupRole:FOLLOWER, 4855300c-9dc7-4866-b12a-0d8362434d54|rpc:10.1.0.40:46797|dataStream:10.1.0.40:32775|priority:0|startupRole:FOLLOWER]|listeners:[], old=null
2022-12-23 07:23:55,942 [afc81946-b921-414f-975a-f6fdc8ce3c83@group-B0A6442936AE-LeaderElection42] INFO  impl.LeaderElection (LeaderElection.java:logAndReturn(90)) - afc81946-b921-414f-975a-f6fdc8ce3c83@group-B0A6442936AE-LeaderElection42: ELECTION REJECTED received 2 response(s) and 0 exception(s):
2022-12-23 07:23:55,942 [afc81946-b921-414f-975a-f6fdc8ce3c83@group-B0A6442936AE-LeaderElection42] INFO  impl.LeaderElection (LeaderElection.java:logAndReturn(94)) -   Response 0: afc81946-b921-414f-975a-f6fdc8ce3c83<-f44a0d93-0667-421f-b71e-e5df73887e0c#0:FAIL-t1
2022-12-23 07:23:55,942 [afc81946-b921-414f-975a-f6fdc8ce3c83@group-B0A6442936AE-LeaderElection42] INFO  impl.LeaderElection (LeaderElection.java:logAndReturn(94)) -   Response 1: afc81946-b921-414f-975a-f6fdc8ce3c83<-4855300c-9dc7-4866-b12a-0d8362434d54#0:OK-t1
2022-12-23 07:23:55,942 [afc81946-b921-414f-975a-f6fdc8ce3c83@group-B0A6442936AE-LeaderElection42] INFO  impl.LeaderElection (LeaderElection.java:askForVotes(314)) - afc81946-b921-414f-975a-f6fdc8ce3c83@group-B0A6442936AE-LeaderElection42 ELECTION round 0: result REJECTED
2022-12-23 07:23:55,942 [afc81946-b921-414f-975a-f6fdc8ce3c83@group-B0A6442936AE-LeaderElection42] INFO  server.RaftServer$Division (RaftServerImpl.java:setRole(321)) - afc81946-b921-414f-975a-f6fdc8ce3c83@group-B0A6442936AE: changes role from CANDIDATE to FOLLOWER at term 1 for REJECTED
2022-12-23 07:23:55,942 [afc81946-b921-414f-975a-f6fdc8ce3c83@group-B0A6442936AE-LeaderElection42] INFO  impl.RoleInfo (RoleInfo.java:shutdownLeaderElection(130)) - afc81946-b921-414f-975a-f6fdc8ce3c83: shutdown afc81946-b921-414f-975a-f6fdc8ce3c83@group-B0A6442936AE-LeaderElection42
2022-12-23 07:23:55,942 [afc81946-b921-414f-975a-f6fdc8ce3c83@group-B0A6442936AE-LeaderElection42] INFO  impl.RoleInfo (RoleInfo.java:updateAndGet(139)) - afc81946-b921-414f-975a-f6fdc8ce3c83: start afc81946-b921-414f-975a-f6fdc8ce3c83@group-B0A6442936AE-FollowerState
2022-12-23 07:23:55,945 [afc81946-b921-414f-975a-f6fdc8ce3c83@group-B0A6442936AE-FollowerState] INFO  server.RaftServerConfigKeys (ConfUtils.java:logFallback(53)) - raft.server.rpc.first-election.timeout.min = 5s (fallback to raft.server.rpc.timeout.min)
2022-12-23 07:23:55,945 [afc81946-b921-414f-975a-f6fdc8ce3c83@group-B0A6442936AE-FollowerState] INFO  server.RaftServerConfigKeys (ConfUtils.java:logFallback(53)) - raft.server.rpc.first-election.timeout.max = 5200ms (fallback to raft.server.rpc.timeout.max)
2022-12-23 07:23:56,100 [f44a0d93-0667-421f-b71e-e5df73887e0c@group-06B7B1BE6F1D-FollowerState] INFO  impl.FollowerState (FollowerState.java:run(143)) - f44a0d93-0667-421f-b71e-e5df73887e0c@group-06B7B1BE6F1D-FollowerState: change to CANDIDATE, lastRpcElapsedTime:5048392640ns, electionTimeout:5046ms
2022-12-23 07:23:56,100 [f44a0d93-0667-421f-b71e-e5df73887e0c@group-06B7B1BE6F1D-FollowerState] INFO  impl.RoleInfo (RoleInfo.java:shutdownFollowerState(110)) - f44a0d93-0667-421f-b71e-e5df73887e0c: shutdown f44a0d93-0667-421f-b71e-e5df73887e0c@group-06B7B1BE6F1D-FollowerState
2022-12-23 07:23:56,100 [f44a0d93-0667-421f-b71e-e5df73887e0c@group-06B7B1BE6F1D-FollowerState] INFO  server.RaftServer$Division (RaftServerImpl.java:setRole(321)) - f44a0d93-0667-421f-b71e-e5df73887e0c@group-06B7B1BE6F1D: changes role from  FOLLOWER to CANDIDATE at term 0 for changeToCandidate
2022-12-23 07:23:56,100 [f44a0d93-0667-421f-b71e-e5df73887e0c@group-06B7B1BE6F1D-FollowerState] INFO  server.RaftServerConfigKeys (ConfUtils.java:logGet(46)) - raft.server.leaderelection.pre-vote = false (custom)
2022-12-23 07:23:56,100 [f44a0d93-0667-421f-b71e-e5df73887e0c@group-06B7B1BE6F1D-FollowerState] INFO  impl.RoleInfo (RoleInfo.java:updateAndGet(139)) - f44a0d93-0667-421f-b71e-e5df73887e0c: start f44a0d93-0667-421f-b71e-e5df73887e0c@group-06B7B1BE6F1D-LeaderElection44
2022-12-23 07:23:56,102 [afc81946-b921-414f-975a-f6fdc8ce3c83@group-06B7B1BE6F1D-FollowerState] INFO  impl.FollowerState (FollowerState.java:run(143)) - afc81946-b921-414f-975a-f6fdc8ce3c83@group-06B7B1BE6F1D-FollowerState: change to CANDIDATE, lastRpcElapsedTime:5101995698ns, electionTimeout:5101ms
2022-12-23 07:23:56,102 [afc81946-b921-414f-975a-f6fdc8ce3c83@group-06B7B1BE6F1D-FollowerState] INFO  impl.RoleInfo (RoleInfo.java:shutdownFollowerState(110)) - afc81946-b921-414f-975a-f6fdc8ce3c83: shutdown afc81946-b921-414f-975a-f6fdc8ce3c83@group-06B7B1BE6F1D-FollowerState
2022-12-23 07:23:56,102 [afc81946-b921-414f-975a-f6fdc8ce3c83@group-06B7B1BE6F1D-FollowerState] INFO  server.RaftServer$Division (RaftServerImpl.java:setRole(321)) - afc81946-b921-414f-975a-f6fdc8ce3c83@group-06B7B1BE6F1D: changes role from  FOLLOWER to CANDIDATE at term 0 for changeToCandidate
2022-12-23 07:23:56,102 [afc81946-b921-414f-975a-f6fdc8ce3c83@group-06B7B1BE6F1D-FollowerState] INFO  server.RaftServerConfigKeys (ConfUtils.java:logGet(46)) - raft.server.leaderelection.pre-vote = false (custom)
2022-12-23 07:23:56,102 [afc81946-b921-414f-975a-f6fdc8ce3c83@group-06B7B1BE6F1D-FollowerState] INFO  impl.RoleInfo (RoleInfo.java:updateAndGet(139)) - afc81946-b921-414f-975a-f6fdc8ce3c83: start afc81946-b921-414f-975a-f6fdc8ce3c83@group-06B7B1BE6F1D-LeaderElection45
2022-12-23 07:23:56,103 [f44a0d93-0667-421f-b71e-e5df73887e0c@group-06B7B1BE6F1D-LeaderElection44] INFO  impl.LeaderElection (LeaderElection.java:askForVotes(312)) - f44a0d93-0667-421f-b71e-e5df73887e0c@group-06B7B1BE6F1D-LeaderElection44 ELECTION round 0: submit vote requests at term 1 for -1: peers:[afc81946-b921-414f-975a-f6fdc8ce3c83|rpc:10.1.0.40:46711|dataStream:10.1.0.40:42573|priority:0|startupRole:FOLLOWER, f44a0d93-0667-421f-b71e-e5df73887e0c|rpc:10.1.0.40:45029|dataStream:10.1.0.40:41779|priority:0|startupRole:FOLLOWER, 4855300c-9dc7-4866-b12a-0d8362434d54|rpc:10.1.0.40:46797|dataStream:10.1.0.40:32775|priority:1|startupRole:FOLLOWER]|listeners:[], old=null
2022-12-23 07:23:56,104 [f44a0d93-0667-421f-b71e-e5df73887e0c@group-06B7B1BE6F1D-LeaderElection44] INFO  server.RaftServerConfigKeys (ConfUtils.java:logFallback(53)) - raft.server.rpc.first-election.timeout.min = 5s (fallback to raft.server.rpc.timeout.min)
2022-12-23 07:23:56,104 [f44a0d93-0667-421f-b71e-e5df73887e0c@group-06B7B1BE6F1D-LeaderElection44] INFO  server.RaftServerConfigKeys (ConfUtils.java:logFallback(53)) - raft.server.rpc.first-election.timeout.max = 5200ms (fallback to raft.server.rpc.timeout.max)
2022-12-23 07:23:56,104 [f44a0d93-0667-421f-b71e-e5df73887e0c@group-06B7B1BE6F1D-LeaderElection44-1] INFO  server.GrpcServerProtocolClient (GrpcServerProtocolClient.java:<init>(63)) - Build channel for afc81946-b921-414f-975a-f6fdc8ce3c83
2022-12-23 07:23:56,104 [f44a0d93-0667-421f-b71e-e5df73887e0c@group-06B7B1BE6F1D-LeaderElection44-2] INFO  server.GrpcServerProtocolClient (GrpcServerProtocolClient.java:<init>(63)) - Build channel for 4855300c-9dc7-4866-b12a-0d8362434d54
2022-12-23 07:23:56,104 [afc81946-b921-414f-975a-f6fdc8ce3c83@group-06B7B1BE6F1D-LeaderElection45] INFO  impl.LeaderElection (LeaderElection.java:askForVotes(312)) - afc81946-b921-414f-975a-f6fdc8ce3c83@group-06B7B1BE6F1D-LeaderElection45 ELECTION round 0: submit vote requests at term 1 for -1: peers:[afc81946-b921-414f-975a-f6fdc8ce3c83|rpc:10.1.0.40:46711|dataStream:10.1.0.40:42573|priority:0|startupRole:FOLLOWER, f44a0d93-0667-421f-b71e-e5df73887e0c|rpc:10.1.0.40:45029|dataStream:10.1.0.40:41779|priority:0|startupRole:FOLLOWER, 4855300c-9dc7-4866-b12a-0d8362434d54|rpc:10.1.0.40:46797|dataStream:10.1.0.40:32775|priority:1|startupRole:FOLLOWER]|listeners:[], old=null
2022-12-23 07:23:56,108 [afc81946-b921-414f-975a-f6fdc8ce3c83@group-06B7B1BE6F1D-LeaderElection45] INFO  server.RaftServerConfigKeys (ConfUtils.java:logFallback(53)) - raft.server.rpc.first-election.timeout.min = 5s (fallback to raft.server.rpc.timeout.min)
2022-12-23 07:23:56,108 [afc81946-b921-414f-975a-f6fdc8ce3c83@group-06B7B1BE6F1D-LeaderElection45] INFO  server.RaftServerConfigKeys (ConfUtils.java:logFallback(53)) - raft.server.rpc.first-election.timeout.max = 5200ms (fallback to raft.server.rpc.timeout.max)
2022-12-23 07:23:56,114 [grpc-default-executor-1] INFO  server.RaftServer$Division (RaftServerImpl.java:requestVote(1218)) - f44a0d93-0667-421f-b71e-e5df73887e0c@group-06B7B1BE6F1D: receive requestVote(ELECTION, afc81946-b921-414f-975a-f6fdc8ce3c83, group-06B7B1BE6F1D, 1, (t:0, i:0))
2022-12-23 07:23:56,114 [grpc-default-executor-1] INFO  impl.VoteContext (VoteContext.java:log(49)) - f44a0d93-0667-421f-b71e-e5df73887e0c@group-06B7B1BE6F1D-CANDIDATE: reject ELECTION from afc81946-b921-414f-975a-f6fdc8ce3c83: already has voted for f44a0d93-0667-421f-b71e-e5df73887e0c at current term 1
2022-12-23 07:23:56,114 [grpc-default-executor-1] INFO  server.RaftServer$Division (RaftServerImpl.java:requestVote(1251)) - f44a0d93-0667-421f-b71e-e5df73887e0c@group-06B7B1BE6F1D replies to ELECTION vote request: afc81946-b921-414f-975a-f6fdc8ce3c83<-f44a0d93-0667-421f-b71e-e5df73887e0c#0:FAIL-t1. Peer's state: f44a0d93-0667-421f-b71e-e5df73887e0c@group-06B7B1BE6F1D:t1, leader=null, voted=f44a0d93-0667-421f-b71e-e5df73887e0c, raftlog=Memoized:f44a0d93-0667-421f-b71e-e5df73887e0c@group-06B7B1BE6F1D-SegmentedRaftLog:OPENED:c-1, conf=-1: peers:[afc81946-b921-414f-975a-f6fdc8ce3c83|rpc:10.1.0.40:46711|dataStream:10.1.0.40:42573|priority:0|startupRole:FOLLOWER, f44a0d93-0667-421f-b71e-e5df73887e0c|rpc:10.1.0.40:45029|dataStream:10.1.0.40:41779|priority:0|startupRole:FOLLOWER, 4855300c-9dc7-4866-b12a-0d8362434d54|rpc:10.1.0.40:46797|dataStream:10.1.0.40:32775|priority:1|startupRole:FOLLOWER]|listeners:[], old=null
2022-12-23 07:23:56,115 [grpc-default-executor-0] INFO  server.RaftServer$Division (RaftServerImpl.java:requestVote(1218)) - 4855300c-9dc7-4866-b12a-0d8362434d54@group-06B7B1BE6F1D: receive requestVote(ELECTION, afc81946-b921-414f-975a-f6fdc8ce3c83, group-06B7B1BE6F1D, 1, (t:0, i:0))
2022-12-23 07:23:56,115 [grpc-default-executor-0] INFO  impl.VoteContext (VoteContext.java:log(49)) - 4855300c-9dc7-4866-b12a-0d8362434d54@group-06B7B1BE6F1D-FOLLOWER: reject ELECTION from afc81946-b921-414f-975a-f6fdc8ce3c83: our priority 1 > candidate's priority 0
2022-12-23 07:23:56,115 [grpc-default-executor-0] INFO  server.RaftServer$Division (RaftServerImpl.java:setRole(321)) - 4855300c-9dc7-4866-b12a-0d8362434d54@group-06B7B1BE6F1D: changes role from  FOLLOWER to FOLLOWER at term 1 for candidate:afc81946-b921-414f-975a-f6fdc8ce3c83
2022-12-23 07:23:56,115 [grpc-default-executor-0] INFO  impl.RoleInfo (RoleInfo.java:shutdownFollowerState(110)) - 4855300c-9dc7-4866-b12a-0d8362434d54: shutdown 4855300c-9dc7-4866-b12a-0d8362434d54@group-06B7B1BE6F1D-FollowerState
2022-12-23 07:23:56,115 [grpc-default-executor-0] INFO  impl.RoleInfo (RoleInfo.java:updateAndGet(139)) - 4855300c-9dc7-4866-b12a-0d8362434d54: start 4855300c-9dc7-4866-b12a-0d8362434d54@group-06B7B1BE6F1D-FollowerState
2022-12-23 07:23:56,115 [4855300c-9dc7-4866-b12a-0d8362434d54@group-06B7B1BE6F1D-FollowerState] INFO  impl.FollowerState (FollowerState.java:run(152)) - 4855300c-9dc7-4866-b12a-0d8362434d54@group-06B7B1BE6F1D-FollowerState was interrupted
2022-12-23 07:23:56,117 [grpc-default-executor-1] INFO  server.RaftServer$Division (RaftServerImpl.java:requestVote(1218)) - 4855300c-9dc7-4866-b12a-0d8362434d54@group-06B7B1BE6F1D: receive requestVote(ELECTION, f44a0d93-0667-421f-b71e-e5df73887e0c, group-06B7B1BE6F1D, 1, (t:0, i:0))
2022-12-23 07:23:56,118 [4855300c-9dc7-4866-b12a-0d8362434d54@group-06B7B1BE6F1D-FollowerState] INFO  server.RaftServerConfigKeys (ConfUtils.java:logFallback(53)) - raft.server.rpc.first-election.timeout.min = 5s (fallback to raft.server.rpc.timeout.min)
2022-12-23 07:23:56,118 [4855300c-9dc7-4866-b12a-0d8362434d54@group-06B7B1BE6F1D-FollowerState] INFO  server.RaftServerConfigKeys (ConfUtils.java:logFallback(53)) - raft.server.rpc.first-election.timeout.max = 5200ms (fallback to raft.server.rpc.timeout.max)
2022-12-23 07:23:56,125 [grpc-default-executor-0] INFO  server.RaftServer$Division (RaftServerImpl.java:requestVote(1251)) - 4855300c-9dc7-4866-b12a-0d8362434d54@group-06B7B1BE6F1D replies to ELECTION vote request: afc81946-b921-414f-975a-f6fdc8ce3c83<-4855300c-9dc7-4866-b12a-0d8362434d54#0:FAIL-t1. Peer's state: 4855300c-9dc7-4866-b12a-0d8362434d54@group-06B7B1BE6F1D:t1, leader=null, voted=null, raftlog=Memoized:4855300c-9dc7-4866-b12a-0d8362434d54@group-06B7B1BE6F1D-SegmentedRaftLog:OPENED:c-1, conf=-1: peers:[afc81946-b921-414f-975a-f6fdc8ce3c83|rpc:10.1.0.40:46711|dataStream:10.1.0.40:42573|priority:0|startupRole:FOLLOWER, f44a0d93-0667-421f-b71e-e5df73887e0c|rpc:10.1.0.40:45029|dataStream:10.1.0.40:41779|priority:0|startupRole:FOLLOWER, 4855300c-9dc7-4866-b12a-0d8362434d54|rpc:10.1.0.40:46797|dataStream:10.1.0.40:32775|priority:1|startupRole:FOLLOWER]|listeners:[], old=null
2022-12-23 07:23:56,126 [grpc-default-executor-1] INFO  impl.VoteContext (VoteContext.java:log(49)) - 4855300c-9dc7-4866-b12a-0d8362434d54@group-06B7B1BE6F1D-FOLLOWER: reject ELECTION from f44a0d93-0667-421f-b71e-e5df73887e0c: our priority 1 > candidate's priority 0
2022-12-23 07:23:56,126 [grpc-default-executor-1] INFO  server.RaftServer$Division (RaftServerImpl.java:setRole(321)) - 4855300c-9dc7-4866-b12a-0d8362434d54@group-06B7B1BE6F1D: changes role from  FOLLOWER to FOLLOWER at term 1 for candidate:f44a0d93-0667-421f-b71e-e5df73887e0c
2022-12-23 07:23:56,126 [grpc-default-executor-1] INFO  impl.RoleInfo (RoleInfo.java:shutdownFollowerState(110)) - 4855300c-9dc7-4866-b12a-0d8362434d54: shutdown 4855300c-9dc7-4866-b12a-0d8362434d54@group-06B7B1BE6F1D-FollowerState
2022-12-23 07:23:56,127 [grpc-default-executor-1] INFO  impl.RoleInfo (RoleInfo.java:updateAndGet(139)) - 4855300c-9dc7-4866-b12a-0d8362434d54: start 4855300c-9dc7-4866-b12a-0d8362434d54@group-06B7B1BE6F1D-FollowerState
2022-12-23 07:23:56,127 [afc81946-b921-414f-975a-f6fdc8ce3c83@group-06B7B1BE6F1D-LeaderElection45] INFO  impl.LeaderElection (LeaderElection.java:logAndReturn(90)) - afc81946-b921-414f-975a-f6fdc8ce3c83@group-06B7B1BE6F1D-LeaderElection45: ELECTION REJECTED received 2 response(s) and 0 exception(s):
2022-12-23 07:23:56,127 [afc81946-b921-414f-975a-f6fdc8ce3c83@group-06B7B1BE6F1D-LeaderElection45] INFO  impl.LeaderElection (LeaderElection.java:logAndReturn(94)) -   Response 0: afc81946-b921-414f-975a-f6fdc8ce3c83<-f44a0d93-0667-421f-b71e-e5df73887e0c#0:FAIL-t1
2022-12-23 07:23:56,127 [afc81946-b921-414f-975a-f6fdc8ce3c83@group-06B7B1BE6F1D-LeaderElection45] INFO  impl.LeaderElection (LeaderElection.java:logAndReturn(94)) -   Response 1: afc81946-b921-414f-975a-f6fdc8ce3c83<-4855300c-9dc7-4866-b12a-0d8362434d54#0:FAIL-t1
2022-12-23 07:23:56,127 [grpc-default-executor-0] INFO  server.RaftServer$Division (RaftServerImpl.java:requestVote(1218)) - afc81946-b921-414f-975a-f6fdc8ce3c83@group-06B7B1BE6F1D: receive requestVote(ELECTION, f44a0d93-0667-421f-b71e-e5df73887e0c, group-06B7B1BE6F1D, 1, (t:0, i:0))
2022-12-23 07:23:56,127 [grpc-default-executor-0] INFO  impl.VoteContext (VoteContext.java:log(49)) - afc81946-b921-414f-975a-f6fdc8ce3c83@group-06B7B1BE6F1D-CANDIDATE: reject ELECTION from f44a0d93-0667-421f-b71e-e5df73887e0c: already has voted for afc81946-b921-414f-975a-f6fdc8ce3c83 at current term 1
2022-12-23 07:23:56,128 [grpc-default-executor-0] INFO  server.RaftServer$Division (RaftServerImpl.java:requestVote(1251)) - afc81946-b921-414f-975a-f6fdc8ce3c83@group-06B7B1BE6F1D replies to ELECTION vote request: f44a0d93-0667-421f-b71e-e5df73887e0c<-afc81946-b921-414f-975a-f6fdc8ce3c83#0:FAIL-t1. Peer's state: afc81946-b921-414f-975a-f6fdc8ce3c83@group-06B7B1BE6F1D:t1, leader=null, voted=afc81946-b921-414f-975a-f6fdc8ce3c83, raftlog=Memoized:afc81946-b921-414f-975a-f6fdc8ce3c83@group-06B7B1BE6F1D-SegmentedRaftLog:OPENED:c-1, conf=-1: peers:[afc81946-b921-414f-975a-f6fdc8ce3c83|rpc:10.1.0.40:46711|dataStream:10.1.0.40:42573|priority:0|startupRole:FOLLOWER, f44a0d93-0667-421f-b71e-e5df73887e0c|rpc:10.1.0.40:45029|dataStream:10.1.0.40:41779|priority:0|startupRole:FOLLOWER, 4855300c-9dc7-4866-b12a-0d8362434d54|rpc:10.1.0.40:46797|dataStream:10.1.0.40:32775|priority:1|startupRole:FOLLOWER]|listeners:[], old=null
2022-12-23 07:23:56,129 [4855300c-9dc7-4866-b12a-0d8362434d54@group-06B7B1BE6F1D-FollowerState] INFO  impl.FollowerState (FollowerState.java:run(152)) - 4855300c-9dc7-4866-b12a-0d8362434d54@group-06B7B1BE6F1D-FollowerState was interrupted
2022-12-23 07:23:56,129 [grpc-default-executor-1] INFO  server.RaftServer$Division (RaftServerImpl.java:requestVote(1251)) - 4855300c-9dc7-4866-b12a-0d8362434d54@group-06B7B1BE6F1D replies to ELECTION vote request: f44a0d93-0667-421f-b71e-e5df73887e0c<-4855300c-9dc7-4866-b12a-0d8362434d54#0:FAIL-t1. Peer's state: 4855300c-9dc7-4866-b12a-0d8362434d54@group-06B7B1BE6F1D:t1, leader=null, voted=null, raftlog=Memoized:4855300c-9dc7-4866-b12a-0d8362434d54@group-06B7B1BE6F1D-SegmentedRaftLog:OPENED:c-1, conf=-1: peers:[afc81946-b921-414f-975a-f6fdc8ce3c83|rpc:10.1.0.40:46711|dataStream:10.1.0.40:42573|priority:0|startupRole:FOLLOWER, f44a0d93-0667-421f-b71e-e5df73887e0c|rpc:10.1.0.40:45029|dataStream:10.1.0.40:41779|priority:0|startupRole:FOLLOWER, 4855300c-9dc7-4866-b12a-0d8362434d54|rpc:10.1.0.40:46797|dataStream:10.1.0.40:32775|priority:1|startupRole:FOLLOWER]|listeners:[], old=null
2022-12-23 07:23:56,131 [afc81946-b921-414f-975a-f6fdc8ce3c83@group-06B7B1BE6F1D-LeaderElection45] INFO  impl.LeaderElection (LeaderElection.java:askForVotes(314)) - afc81946-b921-414f-975a-f6fdc8ce3c83@group-06B7B1BE6F1D-LeaderElection45 ELECTION round 0: result REJECTED
2022-12-23 07:23:56,131 [afc81946-b921-414f-975a-f6fdc8ce3c83@group-06B7B1BE6F1D-LeaderElection45] INFO  server.RaftServer$Division (RaftServerImpl.java:setRole(321)) - afc81946-b921-414f-975a-f6fdc8ce3c83@group-06B7B1BE6F1D: changes role from CANDIDATE to FOLLOWER at term 1 for REJECTED
2022-12-23 07:23:56,131 [afc81946-b921-414f-975a-f6fdc8ce3c83@group-06B7B1BE6F1D-LeaderElection45] INFO  impl.RoleInfo (RoleInfo.java:shutdownLeaderElection(130)) - afc81946-b921-414f-975a-f6fdc8ce3c83: shutdown afc81946-b921-414f-975a-f6fdc8ce3c83@group-06B7B1BE6F1D-LeaderElection45
2022-12-23 07:23:56,131 [afc81946-b921-414f-975a-f6fdc8ce3c83@group-06B7B1BE6F1D-LeaderElection45] INFO  impl.RoleInfo (RoleInfo.java:updateAndGet(139)) - afc81946-b921-414f-975a-f6fdc8ce3c83: start afc81946-b921-414f-975a-f6fdc8ce3c83@group-06B7B1BE6F1D-FollowerState
2022-12-23 07:23:56,132 [4855300c-9dc7-4866-b12a-0d8362434d54@group-06B7B1BE6F1D-FollowerState] INFO  server.RaftServerConfigKeys (ConfUtils.java:logFallback(53)) - raft.server.rpc.first-election.timeout.min = 5s (fallback to raft.server.rpc.timeout.min)
2022-12-23 07:23:56,132 [4855300c-9dc7-4866-b12a-0d8362434d54@group-06B7B1BE6F1D-FollowerState] INFO  server.RaftServerConfigKeys (ConfUtils.java:logFallback(53)) - raft.server.rpc.first-election.timeout.max = 5200ms (fallback to raft.server.rpc.timeout.max)
2022-12-23 07:23:56,135 [afc81946-b921-414f-975a-f6fdc8ce3c83@group-06B7B1BE6F1D-FollowerState] INFO  server.RaftServerConfigKeys (ConfUtils.java:logFallback(53)) - raft.server.rpc.first-election.timeout.min = 5s (fallback to raft.server.rpc.timeout.min)
2022-12-23 07:23:56,135 [f44a0d93-0667-421f-b71e-e5df73887e0c@group-06B7B1BE6F1D-LeaderElection44] INFO  impl.LeaderElection (LeaderElection.java:logAndReturn(90)) - f44a0d93-0667-421f-b71e-e5df73887e0c@group-06B7B1BE6F1D-LeaderElection44: ELECTION REJECTED received 2 response(s) and 0 exception(s):
2022-12-23 07:23:56,135 [f44a0d93-0667-421f-b71e-e5df73887e0c@group-06B7B1BE6F1D-LeaderElection44] INFO  impl.LeaderElection (LeaderElection.java:logAndReturn(94)) -   Response 0: f44a0d93-0667-421f-b71e-e5df73887e0c<-afc81946-b921-414f-975a-f6fdc8ce3c83#0:FAIL-t1
2022-12-23 07:23:56,135 [f44a0d93-0667-421f-b71e-e5df73887e0c@group-06B7B1BE6F1D-LeaderElection44] INFO  impl.LeaderElection (LeaderElection.java:logAndReturn(94)) -   Response 1: f44a0d93-0667-421f-b71e-e5df73887e0c<-4855300c-9dc7-4866-b12a-0d8362434d54#0:FAIL-t1
2022-12-23 07:23:56,135 [afc81946-b921-414f-975a-f6fdc8ce3c83@group-06B7B1BE6F1D-FollowerState] INFO  server.RaftServerConfigKeys (ConfUtils.java:logFallback(53)) - raft.server.rpc.first-election.timeout.max = 5200ms (fallback to raft.server.rpc.timeout.max)
2022-12-23 07:23:56,135 [f44a0d93-0667-421f-b71e-e5df73887e0c@group-06B7B1BE6F1D-LeaderElection44] INFO  impl.LeaderElection (LeaderElection.java:askForVotes(314)) - f44a0d93-0667-421f-b71e-e5df73887e0c@group-06B7B1BE6F1D-LeaderElection44 ELECTION round 0: result REJECTED
2022-12-23 07:23:56,135 [f44a0d93-0667-421f-b71e-e5df73887e0c@group-06B7B1BE6F1D-LeaderElection44] INFO  server.RaftServer$Division (RaftServerImpl.java:setRole(321)) - f44a0d93-0667-421f-b71e-e5df73887e0c@group-06B7B1BE6F1D: changes role from CANDIDATE to FOLLOWER at term 1 for REJECTED
2022-12-23 07:23:56,135 [f44a0d93-0667-421f-b71e-e5df73887e0c@group-06B7B1BE6F1D-LeaderElection44] INFO  impl.RoleInfo (RoleInfo.java:shutdownLeaderElection(130)) - f44a0d93-0667-421f-b71e-e5df73887e0c: shutdown f44a0d93-0667-421f-b71e-e5df73887e0c@group-06B7B1BE6F1D-LeaderElection44
2022-12-23 07:23:56,135 [f44a0d93-0667-421f-b71e-e5df73887e0c@group-06B7B1BE6F1D-LeaderElection44] INFO  impl.RoleInfo (RoleInfo.java:updateAndGet(139)) - f44a0d93-0667-421f-b71e-e5df73887e0c: start f44a0d93-0667-421f-b71e-e5df73887e0c@group-06B7B1BE6F1D-FollowerState
2022-12-23 07:23:56,139 [f44a0d93-0667-421f-b71e-e5df73887e0c@group-06B7B1BE6F1D-FollowerState] INFO  server.RaftServerConfigKeys (ConfUtils.java:logFallback(53)) - raft.server.rpc.first-election.timeout.min = 5s (fallback to raft.server.rpc.timeout.min)
2022-12-23 07:23:56,140 [f44a0d93-0667-421f-b71e-e5df73887e0c@group-06B7B1BE6F1D-FollowerState] INFO  server.RaftServerConfigKeys (ConfUtils.java:logFallback(53)) - raft.server.rpc.first-election.timeout.max = 5200ms (fallback to raft.server.rpc.timeout.max)
2022-12-23 07:23:56,218 [EventQueue-CommandQueueReportForCommandQueueReportHandler] WARN  events.EventQueue (EventQueue.java:fireEvent(216)) - No event handler registered for event TypedEvent{payloadType=DatanodeDetails, name='Datanode_Command_Queue_Updated'}
2022-12-23 07:23:56,310 [4855300c-9dc7-4866-b12a-0d8362434d54@group-CDAFB98737E5-FollowerState] INFO  impl.FollowerState (FollowerState.java:run(143)) - 4855300c-9dc7-4866-b12a-0d8362434d54@group-CDAFB98737E5-FollowerState: change to CANDIDATE, lastRpcElapsedTime:5086011306ns, electionTimeout:5083ms
2022-12-23 07:23:56,310 [4855300c-9dc7-4866-b12a-0d8362434d54@group-CDAFB98737E5-FollowerState] INFO  impl.RoleInfo (RoleInfo.java:shutdownFollowerState(110)) - 4855300c-9dc7-4866-b12a-0d8362434d54: shutdown 4855300c-9dc7-4866-b12a-0d8362434d54@group-CDAFB98737E5-FollowerState
2022-12-23 07:23:56,310 [4855300c-9dc7-4866-b12a-0d8362434d54@group-CDAFB98737E5-FollowerState] INFO  server.RaftServer$Division (RaftServerImpl.java:setRole(321)) - 4855300c-9dc7-4866-b12a-0d8362434d54@group-CDAFB98737E5: changes role from  FOLLOWER to CANDIDATE at term 0 for changeToCandidate
2022-12-23 07:23:56,310 [4855300c-9dc7-4866-b12a-0d8362434d54@group-CDAFB98737E5-FollowerState] INFO  server.RaftServerConfigKeys (ConfUtils.java:logGet(46)) - raft.server.leaderelection.pre-vote = false (custom)
2022-12-23 07:23:56,310 [4855300c-9dc7-4866-b12a-0d8362434d54@group-CDAFB98737E5-FollowerState] INFO  impl.RoleInfo (RoleInfo.java:updateAndGet(139)) - 4855300c-9dc7-4866-b12a-0d8362434d54: start 4855300c-9dc7-4866-b12a-0d8362434d54@group-CDAFB98737E5-LeaderElection46
2022-12-23 07:23:56,314 [4855300c-9dc7-4866-b12a-0d8362434d54@group-CDAFB98737E5-LeaderElection46] INFO  impl.LeaderElection (LeaderElection.java:askForVotes(312)) - 4855300c-9dc7-4866-b12a-0d8362434d54@group-CDAFB98737E5-LeaderElection46 ELECTION round 0: submit vote requests at term 1 for -1: peers:[4855300c-9dc7-4866-b12a-0d8362434d54|rpc:10.1.0.40:46797|dataStream:10.1.0.40:32775|priority:1|startupRole:FOLLOWER]|listeners:[], old=null
2022-12-23 07:23:56,314 [4855300c-9dc7-4866-b12a-0d8362434d54@group-CDAFB98737E5-LeaderElection46] INFO  impl.LeaderElection (LeaderElection.java:askForVotes(314)) - 4855300c-9dc7-4866-b12a-0d8362434d54@group-CDAFB98737E5-LeaderElection46 ELECTION round 0: result PASSED (term=1)
2022-12-23 07:23:56,314 [4855300c-9dc7-4866-b12a-0d8362434d54@group-CDAFB98737E5-LeaderElection46] INFO  impl.RoleInfo (RoleInfo.java:shutdownLeaderElection(130)) - 4855300c-9dc7-4866-b12a-0d8362434d54: shutdown 4855300c-9dc7-4866-b12a-0d8362434d54@group-CDAFB98737E5-LeaderElection46
2022-12-23 07:23:56,314 [4855300c-9dc7-4866-b12a-0d8362434d54@group-CDAFB98737E5-LeaderElection46] INFO  server.RaftServer$Division (RaftServerImpl.java:setRole(321)) - 4855300c-9dc7-4866-b12a-0d8362434d54@group-CDAFB98737E5: changes role from CANDIDATE to LEADER at term 1 for changeToLeader
2022-12-23 07:23:56,314 [4855300c-9dc7-4866-b12a-0d8362434d54@group-CDAFB98737E5-LeaderElection46] INFO  ratis.XceiverServerRatis (XceiverServerRatis.java:handleLeaderChangedNotification(904)) - Leader change notification received for group: group-CDAFB98737E5 with new leaderId: 4855300c-9dc7-4866-b12a-0d8362434d54
2022-12-23 07:23:56,315 [4855300c-9dc7-4866-b12a-0d8362434d54@group-CDAFB98737E5-LeaderElection46] INFO  server.RaftServer$Division (ServerState.java:setLeader(313)) - 4855300c-9dc7-4866-b12a-0d8362434d54@group-CDAFB98737E5: change Leader from null to 4855300c-9dc7-4866-b12a-0d8362434d54 at term 1 for becomeLeader, leader elected after 5105ms
2022-12-23 07:23:56,315 [4855300c-9dc7-4866-b12a-0d8362434d54@group-CDAFB98737E5-LeaderElection46] INFO  server.RaftServerConfigKeys (ConfUtils.java:logGet(46)) - raft.server.staging.catchup.gap = 1000 (default)
2022-12-23 07:23:56,315 [4855300c-9dc7-4866-b12a-0d8362434d54@group-CDAFB98737E5-LeaderElection46] INFO  server.RaftServerConfigKeys (ConfUtils.java:logGet(46)) - raft.server.write.element-limit = 1024 (custom)
2022-12-23 07:23:56,315 [4855300c-9dc7-4866-b12a-0d8362434d54@group-CDAFB98737E5-LeaderElection46] INFO  server.RaftServerConfigKeys (ConfUtils.java:logGet(46)) - raft.server.write.byte-limit = 1024 M (=1073741824) (custom)
2022-12-23 07:23:56,315 [4855300c-9dc7-4866-b12a-0d8362434d54@group-CDAFB98737E5-LeaderElection46] INFO  server.RaftServerConfigKeys (ConfUtils.java:logGet(46)) - raft.server.watch.timeout = 180s (custom)
2022-12-23 07:23:56,315 [4855300c-9dc7-4866-b12a-0d8362434d54@group-CDAFB98737E5-LeaderElection46] INFO  server.RaftServerConfigKeys (ConfUtils.java:logGet(46)) - raft.server.watch.timeout.denomination = 1s (default)
2022-12-23 07:23:56,315 [4855300c-9dc7-4866-b12a-0d8362434d54@group-CDAFB98737E5-LeaderElection46] INFO  server.RaftServerConfigKeys (ConfUtils.java:logGet(46)) - raft.server.watch.element-limit = 65536 (default)
2022-12-23 07:23:56,315 [4855300c-9dc7-4866-b12a-0d8362434d54@group-CDAFB98737E5-LeaderElection46] INFO  server.RaftServerConfigKeys (ConfUtils.java:logGet(46)) - raft.server.write.element-limit = 1024 (custom)
2022-12-23 07:23:56,315 [4855300c-9dc7-4866-b12a-0d8362434d54@group-CDAFB98737E5-LeaderElection46] INFO  server.RaftServerConfigKeys (ConfUtils.java:logGet(46)) - raft.server.write.follower.gap.ratio.max = -1.0 (default)
2022-12-23 07:23:56,315 [4855300c-9dc7-4866-b12a-0d8362434d54@group-CDAFB98737E5-LeaderElection46] INFO  impl.RoleInfo (RoleInfo.java:updateAndGet(139)) - 4855300c-9dc7-4866-b12a-0d8362434d54: start 4855300c-9dc7-4866-b12a-0d8362434d54@group-CDAFB98737E5-LeaderStateImpl
2022-12-23 07:23:56,316 [4855300c-9dc7-4866-b12a-0d8362434d54@group-CDAFB98737E5-LeaderElection46] INFO  segmented.SegmentedRaftLogWorker (SegmentedRaftLogWorker.java:startLogSegment(452)) - 4855300c-9dc7-4866-b12a-0d8362434d54@group-CDAFB98737E5-SegmentedRaftLogWorker: Starting segment from index:0
2022-12-23 07:23:56,325 [EventQueue-OpenPipelineForHealthyPipelineSafeModeRule] INFO  safemode.SCMSafeModeManager (HealthyPipelineSafeModeRule.java:process(137)) - SCM in safe mode. Healthy pipelines reported count is 0, required healthy pipeline reported count is 1
2022-12-23 07:23:56,325 [EventQueue-CommandQueueReportForCommandQueueReportHandler] WARN  events.EventQueue (EventQueue.java:fireEvent(216)) - No event handler registered for event TypedEvent{payloadType=DatanodeDetails, name='Datanode_Command_Queue_Updated'}
2022-12-23 07:23:56,325 [4855300c-9dc7-4866-b12a-0d8362434d54@group-CDAFB98737E5-LeaderElection46] INFO  server.RaftServer$Division (ServerState.java:setRaftConf(430)) - 4855300c-9dc7-4866-b12a-0d8362434d54@group-CDAFB98737E5: set configuration 0: peers:[4855300c-9dc7-4866-b12a-0d8362434d54|rpc:10.1.0.40:46797|dataStream:10.1.0.40:32775|priority:1|startupRole:FOLLOWER]|listeners:[], old=null
2022-12-23 07:23:56,326 [4855300c-9dc7-4866-b12a-0d8362434d54@group-CDAFB98737E5-SegmentedRaftLogWorker] INFO  segmented.SegmentedRaftLogWorker (SegmentedRaftLogWorker.java:execute(656)) - 4855300c-9dc7-4866-b12a-0d8362434d54@group-CDAFB98737E5-SegmentedRaftLogWorker: created new log segment /home/runner/work/ozone/ozone/hadoop-ozone/integration-test/target/test-dir/MiniOzoneClusterImpl-ba7f31e0-0b52-47fc-8fdc-dbbc4e827165/datanode-1/data/ratis/8c5856d2-2df4-4782-b044-cdafb98737e5/current/log_inprogress_0
2022-12-23 07:23:56,630 [EventQueue-CommandQueueReportForCommandQueueReportHandler] WARN  events.EventQueue (EventQueue.java:fireEvent(216)) - No event handler registered for event TypedEvent{payloadType=DatanodeDetails, name='Datanode_Command_Queue_Updated'}
2022-12-23 07:23:56,631 [Listener at 127.0.0.1/40881] INFO  ozone.MiniOzoneClusterImpl (MiniOzoneClusterImpl.java:lambda$waitForClusterToBeReady$0(217)) - Nodes are ready. Got 3 of 3 DN Heartbeats.
2022-12-23 07:23:56,632 [Listener at 127.0.0.1/40881] INFO  ozone.MiniOzoneClusterImpl (MiniOzoneClusterImpl.java:lambda$waitForClusterToBeReady$0(220)) - Waiting for cluster to exit safe mode
2022-12-23 07:23:56,632 [Listener at 127.0.0.1/40881] INFO  ozone.MiniOzoneClusterImpl (MiniOzoneClusterImpl.java:lambda$waitForClusterToBeReady$0(222)) - SCM became leader
2022-12-23 07:23:56,671 [f44a0d93-0667-421f-b71e-e5df73887e0c@group-4007C3E19071-FollowerState] INFO  impl.FollowerState (FollowerState.java:run(143)) - f44a0d93-0667-421f-b71e-e5df73887e0c@group-4007C3E19071-FollowerState: change to CANDIDATE, lastRpcElapsedTime:5032300391ns, electionTimeout:5029ms
2022-12-23 07:23:56,671 [f44a0d93-0667-421f-b71e-e5df73887e0c@group-4007C3E19071-FollowerState] INFO  impl.RoleInfo (RoleInfo.java:shutdownFollowerState(110)) - f44a0d93-0667-421f-b71e-e5df73887e0c: shutdown f44a0d93-0667-421f-b71e-e5df73887e0c@group-4007C3E19071-FollowerState
2022-12-23 07:23:56,671 [f44a0d93-0667-421f-b71e-e5df73887e0c@group-4007C3E19071-FollowerState] INFO  server.RaftServer$Division (RaftServerImpl.java:setRole(321)) - f44a0d93-0667-421f-b71e-e5df73887e0c@group-4007C3E19071: changes role from  FOLLOWER to CANDIDATE at term 0 for changeToCandidate
2022-12-23 07:23:56,671 [f44a0d93-0667-421f-b71e-e5df73887e0c@group-4007C3E19071-FollowerState] INFO  server.RaftServerConfigKeys (ConfUtils.java:logGet(46)) - raft.server.leaderelection.pre-vote = false (custom)
2022-12-23 07:23:56,671 [f44a0d93-0667-421f-b71e-e5df73887e0c@group-4007C3E19071-FollowerState] INFO  impl.RoleInfo (RoleInfo.java:updateAndGet(139)) - f44a0d93-0667-421f-b71e-e5df73887e0c: start f44a0d93-0667-421f-b71e-e5df73887e0c@group-4007C3E19071-LeaderElection47
2022-12-23 07:23:56,675 [f44a0d93-0667-421f-b71e-e5df73887e0c@group-4007C3E19071-LeaderElection47] INFO  impl.LeaderElection (LeaderElection.java:askForVotes(312)) - f44a0d93-0667-421f-b71e-e5df73887e0c@group-4007C3E19071-LeaderElection47 ELECTION round 0: submit vote requests at term 1 for -1: peers:[f44a0d93-0667-421f-b71e-e5df73887e0c|rpc:10.1.0.40:45029|dataStream:10.1.0.40:41779|priority:1|startupRole:FOLLOWER]|listeners:[], old=null
2022-12-23 07:23:56,675 [f44a0d93-0667-421f-b71e-e5df73887e0c@group-4007C3E19071-LeaderElection47] INFO  impl.LeaderElection (LeaderElection.java:askForVotes(314)) - f44a0d93-0667-421f-b71e-e5df73887e0c@group-4007C3E19071-LeaderElection47 ELECTION round 0: result PASSED (term=1)
2022-12-23 07:23:56,675 [f44a0d93-0667-421f-b71e-e5df73887e0c@group-4007C3E19071-LeaderElection47] INFO  impl.RoleInfo (RoleInfo.java:shutdownLeaderElection(130)) - f44a0d93-0667-421f-b71e-e5df73887e0c: shutdown f44a0d93-0667-421f-b71e-e5df73887e0c@group-4007C3E19071-LeaderElection47
2022-12-23 07:23:56,675 [f44a0d93-0667-421f-b71e-e5df73887e0c@group-4007C3E19071-LeaderElection47] INFO  server.RaftServer$Division (RaftServerImpl.java:setRole(321)) - f44a0d93-0667-421f-b71e-e5df73887e0c@group-4007C3E19071: changes role from CANDIDATE to LEADER at term 1 for changeToLeader
2022-12-23 07:23:56,675 [f44a0d93-0667-421f-b71e-e5df73887e0c@group-4007C3E19071-LeaderElection47] INFO  ratis.XceiverServerRatis (XceiverServerRatis.java:handleLeaderChangedNotification(904)) - Leader change notification received for group: group-4007C3E19071 with new leaderId: f44a0d93-0667-421f-b71e-e5df73887e0c
2022-12-23 07:23:56,675 [f44a0d93-0667-421f-b71e-e5df73887e0c@group-4007C3E19071-LeaderElection47] INFO  server.RaftServer$Division (ServerState.java:setLeader(313)) - f44a0d93-0667-421f-b71e-e5df73887e0c@group-4007C3E19071: change Leader from null to f44a0d93-0667-421f-b71e-e5df73887e0c at term 1 for becomeLeader, leader elected after 5050ms
2022-12-23 07:23:56,676 [f44a0d93-0667-421f-b71e-e5df73887e0c@group-4007C3E19071-LeaderElection47] INFO  server.RaftServerConfigKeys (ConfUtils.java:logGet(46)) - raft.server.staging.catchup.gap = 1000 (default)
2022-12-23 07:23:56,676 [f44a0d93-0667-421f-b71e-e5df73887e0c@group-4007C3E19071-LeaderElection47] INFO  server.RaftServerConfigKeys (ConfUtils.java:logGet(46)) - raft.server.write.element-limit = 1024 (custom)
2022-12-23 07:23:56,676 [f44a0d93-0667-421f-b71e-e5df73887e0c@group-4007C3E19071-LeaderElection47] INFO  server.RaftServerConfigKeys (ConfUtils.java:logGet(46)) - raft.server.write.byte-limit = 1024 M (=1073741824) (custom)
2022-12-23 07:23:56,676 [f44a0d93-0667-421f-b71e-e5df73887e0c@group-4007C3E19071-LeaderElection47] INFO  server.RaftServerConfigKeys (ConfUtils.java:logGet(46)) - raft.server.watch.timeout = 180s (custom)
2022-12-23 07:23:56,677 [EventQueue-OpenPipelineForHealthyPipelineSafeModeRule] INFO  safemode.SCMSafeModeManager (HealthyPipelineSafeModeRule.java:process(137)) - SCM in safe mode. Healthy pipelines reported count is 0, required healthy pipeline reported count is 1
2022-12-23 07:23:56,677 [EventQueue-CommandQueueReportForCommandQueueReportHandler] WARN  events.EventQueue (EventQueue.java:fireEvent(216)) - No event handler registered for event TypedEvent{payloadType=DatanodeDetails, name='Datanode_Command_Queue_Updated'}
2022-12-23 07:23:56,677 [f44a0d93-0667-421f-b71e-e5df73887e0c@group-4007C3E19071-LeaderElection47] INFO  server.RaftServerConfigKeys (ConfUtils.java:logGet(46)) - raft.server.watch.timeout.denomination = 1s (default)
2022-12-23 07:23:56,677 [f44a0d93-0667-421f-b71e-e5df73887e0c@group-4007C3E19071-LeaderElection47] INFO  server.RaftServerConfigKeys (ConfUtils.java:logGet(46)) - raft.server.watch.element-limit = 65536 (default)
2022-12-23 07:23:56,678 [f44a0d93-0667-421f-b71e-e5df73887e0c@group-4007C3E19071-LeaderElection47] INFO  server.RaftServerConfigKeys (ConfUtils.java:logGet(46)) - raft.server.write.element-limit = 1024 (custom)
2022-12-23 07:23:56,678 [f44a0d93-0667-421f-b71e-e5df73887e0c@group-4007C3E19071-LeaderElection47] INFO  server.RaftServerConfigKeys (ConfUtils.java:logGet(46)) - raft.server.write.follower.gap.ratio.max = -1.0 (default)
2022-12-23 07:23:56,678 [f44a0d93-0667-421f-b71e-e5df73887e0c@group-4007C3E19071-LeaderElection47] INFO  impl.RoleInfo (RoleInfo.java:updateAndGet(139)) - f44a0d93-0667-421f-b71e-e5df73887e0c: start f44a0d93-0667-421f-b71e-e5df73887e0c@group-4007C3E19071-LeaderStateImpl
2022-12-23 07:23:56,678 [f44a0d93-0667-421f-b71e-e5df73887e0c@group-4007C3E19071-LeaderElection47] INFO  segmented.SegmentedRaftLogWorker (SegmentedRaftLogWorker.java:startLogSegment(452)) - f44a0d93-0667-421f-b71e-e5df73887e0c@group-4007C3E19071-SegmentedRaftLogWorker: Starting segment from index:0
2022-12-23 07:23:56,681 [f44a0d93-0667-421f-b71e-e5df73887e0c@group-4007C3E19071-LeaderElection47] INFO  server.RaftServer$Division (ServerState.java:setRaftConf(430)) - f44a0d93-0667-421f-b71e-e5df73887e0c@group-4007C3E19071: set configuration 0: peers:[f44a0d93-0667-421f-b71e-e5df73887e0c|rpc:10.1.0.40:45029|dataStream:10.1.0.40:41779|priority:1|startupRole:FOLLOWER]|listeners:[], old=null
2022-12-23 07:23:56,682 [f44a0d93-0667-421f-b71e-e5df73887e0c@group-4007C3E19071-SegmentedRaftLogWorker] INFO  segmented.SegmentedRaftLogWorker (SegmentedRaftLogWorker.java:execute(656)) - f44a0d93-0667-421f-b71e-e5df73887e0c@group-4007C3E19071-SegmentedRaftLogWorker: created new log segment /home/runner/work/ozone/ozone/hadoop-ozone/integration-test/target/test-dir/MiniOzoneClusterImpl-ba7f31e0-0b52-47fc-8fdc-dbbc4e827165/datanode-2/data/ratis/2dc062a6-f52d-4478-947c-4007c3e19071/current/log_inprogress_0
2022-12-23 07:23:56,929 [EventQueue-CommandQueueReportForCommandQueueReportHandler] WARN  events.EventQueue (EventQueue.java:fireEvent(216)) - No event handler registered for event TypedEvent{payloadType=DatanodeDetails, name='Datanode_Command_Queue_Updated'}
2022-12-23 07:23:57,316 [EventQueue-CommandQueueReportForCommandQueueReportHandler] WARN  events.EventQueue (EventQueue.java:fireEvent(216)) - No event handler registered for event TypedEvent{payloadType=DatanodeDetails, name='Datanode_Command_Queue_Updated'}
2022-12-23 07:23:57,632 [Listener at 127.0.0.1/40881] INFO  ozone.MiniOzoneClusterImpl (MiniOzoneClusterImpl.java:lambda$waitForClusterToBeReady$0(217)) - Nodes are ready. Got 3 of 3 DN Heartbeats.
2022-12-23 07:23:57,632 [Listener at 127.0.0.1/40881] INFO  ozone.MiniOzoneClusterImpl (MiniOzoneClusterImpl.java:lambda$waitForClusterToBeReady$0(220)) - Waiting for cluster to exit safe mode
2022-12-23 07:23:57,633 [Listener at 127.0.0.1/40881] INFO  ozone.MiniOzoneClusterImpl (MiniOzoneClusterImpl.java:lambda$waitForClusterToBeReady$0(222)) - SCM became leader
2022-12-23 07:23:57,676 [EventQueue-CommandQueueReportForCommandQueueReportHandler] WARN  events.EventQueue (EventQueue.java:fireEvent(216)) - No event handler registered for event TypedEvent{payloadType=DatanodeDetails, name='Datanode_Command_Queue_Updated'}
2022-12-23 07:23:57,930 [EventQueue-CommandQueueReportForCommandQueueReportHandler] WARN  events.EventQueue (EventQueue.java:fireEvent(216)) - No event handler registered for event TypedEvent{payloadType=DatanodeDetails, name='Datanode_Command_Queue_Updated'}
2022-12-23 07:23:58,316 [EventQueue-CommandQueueReportForCommandQueueReportHandler] WARN  events.EventQueue (EventQueue.java:fireEvent(216)) - No event handler registered for event TypedEvent{payloadType=DatanodeDetails, name='Datanode_Command_Queue_Updated'}
2022-12-23 07:23:58,633 [Listener at 127.0.0.1/40881] INFO  ozone.MiniOzoneClusterImpl (MiniOzoneClusterImpl.java:lambda$waitForClusterToBeReady$0(217)) - Nodes are ready. Got 3 of 3 DN Heartbeats.
2022-12-23 07:23:58,633 [Listener at 127.0.0.1/40881] INFO  ozone.MiniOzoneClusterImpl (MiniOzoneClusterImpl.java:lambda$waitForClusterToBeReady$0(220)) - Waiting for cluster to exit safe mode
2022-12-23 07:23:58,633 [Listener at 127.0.0.1/40881] INFO  ozone.MiniOzoneClusterImpl (MiniOzoneClusterImpl.java:lambda$waitForClusterToBeReady$0(222)) - SCM became leader
2022-12-23 07:23:58,678 [EventQueue-CommandQueueReportForCommandQueueReportHandler] WARN  events.EventQueue (EventQueue.java:fireEvent(216)) - No event handler registered for event TypedEvent{payloadType=DatanodeDetails, name='Datanode_Command_Queue_Updated'}
2022-12-23 07:23:58,930 [EventQueue-CommandQueueReportForCommandQueueReportHandler] WARN  events.EventQueue (EventQueue.java:fireEvent(216)) - No event handler registered for event TypedEvent{payloadType=DatanodeDetails, name='Datanode_Command_Queue_Updated'}
2022-12-23 07:23:59,316 [EventQueue-CommandQueueReportForCommandQueueReportHandler] WARN  events.EventQueue (EventQueue.java:fireEvent(216)) - No event handler registered for event TypedEvent{payloadType=DatanodeDetails, name='Datanode_Command_Queue_Updated'}
2022-12-23 07:23:59,634 [Listener at 127.0.0.1/40881] INFO  ozone.MiniOzoneClusterImpl (MiniOzoneClusterImpl.java:lambda$waitForClusterToBeReady$0(217)) - Nodes are ready. Got 3 of 3 DN Heartbeats.
2022-12-23 07:23:59,634 [Listener at 127.0.0.1/40881] INFO  ozone.MiniOzoneClusterImpl (MiniOzoneClusterImpl.java:lambda$waitForClusterToBeReady$0(220)) - Waiting for cluster to exit safe mode
2022-12-23 07:23:59,634 [Listener at 127.0.0.1/40881] INFO  ozone.MiniOzoneClusterImpl (MiniOzoneClusterImpl.java:lambda$waitForClusterToBeReady$0(222)) - SCM became leader
2022-12-23 07:23:59,677 [EventQueue-CommandQueueReportForCommandQueueReportHandler] WARN  events.EventQueue (EventQueue.java:fireEvent(216)) - No event handler registered for event TypedEvent{payloadType=DatanodeDetails, name='Datanode_Command_Queue_Updated'}
2022-12-23 07:23:59,929 [EventQueue-CommandQueueReportForCommandQueueReportHandler] WARN  events.EventQueue (EventQueue.java:fireEvent(216)) - No event handler registered for event TypedEvent{payloadType=DatanodeDetails, name='Datanode_Command_Queue_Updated'}
2022-12-23 07:24:00,316 [EventQueue-CommandQueueReportForCommandQueueReportHandler] WARN  events.EventQueue (EventQueue.java:fireEvent(216)) - No event handler registered for event TypedEvent{payloadType=DatanodeDetails, name='Datanode_Command_Queue_Updated'}
2022-12-23 07:24:00,634 [Listener at 127.0.0.1/40881] INFO  ozone.MiniOzoneClusterImpl (MiniOzoneClusterImpl.java:lambda$waitForClusterToBeReady$0(217)) - Nodes are ready. Got 3 of 3 DN Heartbeats.
2022-12-23 07:24:00,635 [Listener at 127.0.0.1/40881] INFO  ozone.MiniOzoneClusterImpl (MiniOzoneClusterImpl.java:lambda$waitForClusterToBeReady$0(220)) - Waiting for cluster to exit safe mode
2022-12-23 07:24:00,635 [Listener at 127.0.0.1/40881] INFO  ozone.MiniOzoneClusterImpl (MiniOzoneClusterImpl.java:lambda$waitForClusterToBeReady$0(222)) - SCM became leader
2022-12-23 07:24:00,677 [EventQueue-CommandQueueReportForCommandQueueReportHandler] WARN  events.EventQueue (EventQueue.java:fireEvent(216)) - No event handler registered for event TypedEvent{payloadType=DatanodeDetails, name='Datanode_Command_Queue_Updated'}
2022-12-23 07:24:00,932 [EventQueue-CommandQueueReportForCommandQueueReportHandler] WARN  events.EventQueue (EventQueue.java:fireEvent(216)) - No event handler registered for event TypedEvent{payloadType=DatanodeDetails, name='Datanode_Command_Queue_Updated'}
2022-12-23 07:24:00,965 [f44a0d93-0667-421f-b71e-e5df73887e0c@group-B0A6442936AE-FollowerState] INFO  impl.FollowerState (FollowerState.java:run(143)) - f44a0d93-0667-421f-b71e-e5df73887e0c@group-B0A6442936AE-FollowerState: change to CANDIDATE, lastRpcElapsedTime:5025044223ns, electionTimeout:5024ms
2022-12-23 07:24:00,965 [f44a0d93-0667-421f-b71e-e5df73887e0c@group-B0A6442936AE-FollowerState] INFO  impl.RoleInfo (RoleInfo.java:shutdownFollowerState(110)) - f44a0d93-0667-421f-b71e-e5df73887e0c: shutdown f44a0d93-0667-421f-b71e-e5df73887e0c@group-B0A6442936AE-FollowerState
2022-12-23 07:24:00,965 [f44a0d93-0667-421f-b71e-e5df73887e0c@group-B0A6442936AE-FollowerState] INFO  server.RaftServer$Division (RaftServerImpl.java:setRole(321)) - f44a0d93-0667-421f-b71e-e5df73887e0c@group-B0A6442936AE: changes role from  FOLLOWER to CANDIDATE at term 1 for changeToCandidate
2022-12-23 07:24:00,965 [f44a0d93-0667-421f-b71e-e5df73887e0c@group-B0A6442936AE-FollowerState] INFO  server.RaftServerConfigKeys (ConfUtils.java:logGet(46)) - raft.server.leaderelection.pre-vote = false (custom)
2022-12-23 07:24:00,965 [f44a0d93-0667-421f-b71e-e5df73887e0c@group-B0A6442936AE-FollowerState] INFO  impl.RoleInfo (RoleInfo.java:updateAndGet(139)) - f44a0d93-0667-421f-b71e-e5df73887e0c: start f44a0d93-0667-421f-b71e-e5df73887e0c@group-B0A6442936AE-LeaderElection48
2022-12-23 07:24:00,969 [f44a0d93-0667-421f-b71e-e5df73887e0c@group-B0A6442936AE-LeaderElection48] INFO  impl.LeaderElection (LeaderElection.java:askForVotes(312)) - f44a0d93-0667-421f-b71e-e5df73887e0c@group-B0A6442936AE-LeaderElection48 ELECTION round 0: submit vote requests at term 2 for -1: peers:[afc81946-b921-414f-975a-f6fdc8ce3c83|rpc:10.1.0.40:46711|dataStream:10.1.0.40:42573|priority:0|startupRole:FOLLOWER, f44a0d93-0667-421f-b71e-e5df73887e0c|rpc:10.1.0.40:45029|dataStream:10.1.0.40:41779|priority:1|startupRole:FOLLOWER, 4855300c-9dc7-4866-b12a-0d8362434d54|rpc:10.1.0.40:46797|dataStream:10.1.0.40:32775|priority:0|startupRole:FOLLOWER]|listeners:[], old=null
2022-12-23 07:24:00,969 [f44a0d93-0667-421f-b71e-e5df73887e0c@group-B0A6442936AE-LeaderElection48] INFO  server.RaftServerConfigKeys (ConfUtils.java:logFallback(53)) - raft.server.rpc.first-election.timeout.min = 5s (fallback to raft.server.rpc.timeout.min)
2022-12-23 07:24:00,969 [f44a0d93-0667-421f-b71e-e5df73887e0c@group-B0A6442936AE-LeaderElection48] INFO  server.RaftServerConfigKeys (ConfUtils.java:logFallback(53)) - raft.server.rpc.first-election.timeout.max = 5200ms (fallback to raft.server.rpc.timeout.max)
2022-12-23 07:24:00,971 [grpc-default-executor-1] INFO  server.RaftServer$Division (RaftServerImpl.java:requestVote(1218)) - 4855300c-9dc7-4866-b12a-0d8362434d54@group-B0A6442936AE: receive requestVote(ELECTION, f44a0d93-0667-421f-b71e-e5df73887e0c, group-B0A6442936AE, 2, (t:0, i:0))
2022-12-23 07:24:00,971 [grpc-default-executor-1] INFO  impl.VoteContext (VoteContext.java:log(49)) - 4855300c-9dc7-4866-b12a-0d8362434d54@group-B0A6442936AE-FOLLOWER: accept ELECTION from f44a0d93-0667-421f-b71e-e5df73887e0c: our priority 0 <= candidate's priority 1
2022-12-23 07:24:00,971 [grpc-default-executor-1] INFO  server.RaftServer$Division (RaftServerImpl.java:setRole(321)) - 4855300c-9dc7-4866-b12a-0d8362434d54@group-B0A6442936AE: changes role from  FOLLOWER to FOLLOWER at term 2 for candidate:f44a0d93-0667-421f-b71e-e5df73887e0c
2022-12-23 07:24:00,971 [grpc-default-executor-1] INFO  impl.RoleInfo (RoleInfo.java:shutdownFollowerState(110)) - 4855300c-9dc7-4866-b12a-0d8362434d54: shutdown 4855300c-9dc7-4866-b12a-0d8362434d54@group-B0A6442936AE-FollowerState
2022-12-23 07:24:00,972 [grpc-default-executor-1] INFO  impl.RoleInfo (RoleInfo.java:updateAndGet(139)) - 4855300c-9dc7-4866-b12a-0d8362434d54: start 4855300c-9dc7-4866-b12a-0d8362434d54@group-B0A6442936AE-FollowerState
2022-12-23 07:24:00,972 [4855300c-9dc7-4866-b12a-0d8362434d54@group-B0A6442936AE-FollowerState] INFO  server.RaftServerConfigKeys (ConfUtils.java:logFallback(53)) - raft.server.rpc.first-election.timeout.min = 5s (fallback to raft.server.rpc.timeout.min)
2022-12-23 07:24:00,972 [4855300c-9dc7-4866-b12a-0d8362434d54@group-B0A6442936AE-FollowerState] INFO  server.RaftServerConfigKeys (ConfUtils.java:logFallback(53)) - raft.server.rpc.first-election.timeout.max = 5200ms (fallback to raft.server.rpc.timeout.max)
2022-12-23 07:24:00,972 [4855300c-9dc7-4866-b12a-0d8362434d54@group-B0A6442936AE-FollowerState] INFO  impl.FollowerState (FollowerState.java:run(152)) - 4855300c-9dc7-4866-b12a-0d8362434d54@group-B0A6442936AE-FollowerState was interrupted
2022-12-23 07:24:00,973 [grpc-default-executor-2] INFO  server.RaftServer$Division (RaftServerImpl.java:requestVote(1218)) - afc81946-b921-414f-975a-f6fdc8ce3c83@group-B0A6442936AE: receive requestVote(ELECTION, f44a0d93-0667-421f-b71e-e5df73887e0c, group-B0A6442936AE, 2, (t:0, i:0))
2022-12-23 07:24:00,973 [grpc-default-executor-2] INFO  impl.VoteContext (VoteContext.java:log(49)) - afc81946-b921-414f-975a-f6fdc8ce3c83@group-B0A6442936AE-FOLLOWER: accept ELECTION from f44a0d93-0667-421f-b71e-e5df73887e0c: our priority 0 <= candidate's priority 1
2022-12-23 07:24:00,973 [grpc-default-executor-2] INFO  server.RaftServer$Division (RaftServerImpl.java:setRole(321)) - afc81946-b921-414f-975a-f6fdc8ce3c83@group-B0A6442936AE: changes role from  FOLLOWER to FOLLOWER at term 2 for candidate:f44a0d93-0667-421f-b71e-e5df73887e0c
2022-12-23 07:24:00,973 [grpc-default-executor-2] INFO  impl.RoleInfo (RoleInfo.java:shutdownFollowerState(110)) - afc81946-b921-414f-975a-f6fdc8ce3c83: shutdown afc81946-b921-414f-975a-f6fdc8ce3c83@group-B0A6442936AE-FollowerState
2022-12-23 07:24:00,973 [grpc-default-executor-2] INFO  impl.RoleInfo (RoleInfo.java:updateAndGet(139)) - afc81946-b921-414f-975a-f6fdc8ce3c83: start afc81946-b921-414f-975a-f6fdc8ce3c83@group-B0A6442936AE-FollowerState
2022-12-23 07:24:00,973 [afc81946-b921-414f-975a-f6fdc8ce3c83@group-B0A6442936AE-FollowerState] INFO  impl.FollowerState (FollowerState.java:run(152)) - afc81946-b921-414f-975a-f6fdc8ce3c83@group-B0A6442936AE-FollowerState was interrupted
2022-12-23 07:24:00,974 [afc81946-b921-414f-975a-f6fdc8ce3c83@group-B0A6442936AE-FollowerState] INFO  server.RaftServerConfigKeys (ConfUtils.java:logFallback(53)) - raft.server.rpc.first-election.timeout.min = 5s (fallback to raft.server.rpc.timeout.min)
2022-12-23 07:24:00,974 [afc81946-b921-414f-975a-f6fdc8ce3c83@group-B0A6442936AE-FollowerState] INFO  server.RaftServerConfigKeys (ConfUtils.java:logFallback(53)) - raft.server.rpc.first-election.timeout.max = 5200ms (fallback to raft.server.rpc.timeout.max)
2022-12-23 07:24:00,975 [grpc-default-executor-1] INFO  server.RaftServer$Division (RaftServerImpl.java:requestVote(1251)) - 4855300c-9dc7-4866-b12a-0d8362434d54@group-B0A6442936AE replies to ELECTION vote request: f44a0d93-0667-421f-b71e-e5df73887e0c<-4855300c-9dc7-4866-b12a-0d8362434d54#0:OK-t2. Peer's state: 4855300c-9dc7-4866-b12a-0d8362434d54@group-B0A6442936AE:t2, leader=null, voted=f44a0d93-0667-421f-b71e-e5df73887e0c, raftlog=Memoized:4855300c-9dc7-4866-b12a-0d8362434d54@group-B0A6442936AE-SegmentedRaftLog:OPENED:c-1, conf=-1: peers:[afc81946-b921-414f-975a-f6fdc8ce3c83|rpc:10.1.0.40:46711|dataStream:10.1.0.40:42573|priority:0|startupRole:FOLLOWER, f44a0d93-0667-421f-b71e-e5df73887e0c|rpc:10.1.0.40:45029|dataStream:10.1.0.40:41779|priority:1|startupRole:FOLLOWER, 4855300c-9dc7-4866-b12a-0d8362434d54|rpc:10.1.0.40:46797|dataStream:10.1.0.40:32775|priority:0|startupRole:FOLLOWER]|listeners:[], old=null
2022-12-23 07:24:00,975 [grpc-default-executor-2] INFO  server.RaftServer$Division (RaftServerImpl.java:requestVote(1251)) - afc81946-b921-414f-975a-f6fdc8ce3c83@group-B0A6442936AE replies to ELECTION vote request: f44a0d93-0667-421f-b71e-e5df73887e0c<-afc81946-b921-414f-975a-f6fdc8ce3c83#0:OK-t2. Peer's state: afc81946-b921-414f-975a-f6fdc8ce3c83@group-B0A6442936AE:t2, leader=null, voted=f44a0d93-0667-421f-b71e-e5df73887e0c, raftlog=Memoized:afc81946-b921-414f-975a-f6fdc8ce3c83@group-B0A6442936AE-SegmentedRaftLog:OPENED:c-1, conf=-1: peers:[afc81946-b921-414f-975a-f6fdc8ce3c83|rpc:10.1.0.40:46711|dataStream:10.1.0.40:42573|priority:0|startupRole:FOLLOWER, f44a0d93-0667-421f-b71e-e5df73887e0c|rpc:10.1.0.40:45029|dataStream:10.1.0.40:41779|priority:1|startupRole:FOLLOWER, 4855300c-9dc7-4866-b12a-0d8362434d54|rpc:10.1.0.40:46797|dataStream:10.1.0.40:32775|priority:0|startupRole:FOLLOWER]|listeners:[], old=null
2022-12-23 07:24:00,977 [f44a0d93-0667-421f-b71e-e5df73887e0c@group-B0A6442936AE-LeaderElection48] INFO  impl.LeaderElection (LeaderElection.java:logAndReturn(90)) - f44a0d93-0667-421f-b71e-e5df73887e0c@group-B0A6442936AE-LeaderElection48: ELECTION PASSED received 1 response(s) and 0 exception(s):
2022-12-23 07:24:00,977 [f44a0d93-0667-421f-b71e-e5df73887e0c@group-B0A6442936AE-LeaderElection48] INFO  impl.LeaderElection (LeaderElection.java:logAndReturn(94)) -   Response 0: f44a0d93-0667-421f-b71e-e5df73887e0c<-4855300c-9dc7-4866-b12a-0d8362434d54#0:OK-t2
2022-12-23 07:24:00,977 [f44a0d93-0667-421f-b71e-e5df73887e0c@group-B0A6442936AE-LeaderElection48] INFO  impl.LeaderElection (LeaderElection.java:askForVotes(314)) - f44a0d93-0667-421f-b71e-e5df73887e0c@group-B0A6442936AE-LeaderElection48 ELECTION round 0: result PASSED
2022-12-23 07:24:00,977 [f44a0d93-0667-421f-b71e-e5df73887e0c@group-B0A6442936AE-LeaderElection48] INFO  impl.RoleInfo (RoleInfo.java:shutdownLeaderElection(130)) - f44a0d93-0667-421f-b71e-e5df73887e0c: shutdown f44a0d93-0667-421f-b71e-e5df73887e0c@group-B0A6442936AE-LeaderElection48
2022-12-23 07:24:00,978 [f44a0d93-0667-421f-b71e-e5df73887e0c@group-B0A6442936AE-LeaderElection48] INFO  server.RaftServer$Division (RaftServerImpl.java:setRole(321)) - f44a0d93-0667-421f-b71e-e5df73887e0c@group-B0A6442936AE: changes role from CANDIDATE to LEADER at term 2 for changeToLeader
2022-12-23 07:24:00,978 [f44a0d93-0667-421f-b71e-e5df73887e0c@group-B0A6442936AE-LeaderElection48] INFO  ratis.XceiverServerRatis (XceiverServerRatis.java:handleLeaderChangedNotification(904)) - Leader change notification received for group: group-B0A6442936AE with new leaderId: f44a0d93-0667-421f-b71e-e5df73887e0c
2022-12-23 07:24:00,978 [f44a0d93-0667-421f-b71e-e5df73887e0c@group-B0A6442936AE-LeaderElection48] INFO  server.RaftServer$Division (ServerState.java:setLeader(313)) - f44a0d93-0667-421f-b71e-e5df73887e0c@group-B0A6442936AE: change Leader from null to f44a0d93-0667-421f-b71e-e5df73887e0c at term 2 for becomeLeader, leader elected after 10078ms
2022-12-23 07:24:00,978 [f44a0d93-0667-421f-b71e-e5df73887e0c@group-B0A6442936AE-LeaderElection48] INFO  server.RaftServerConfigKeys (ConfUtils.java:logGet(46)) - raft.server.staging.catchup.gap = 1000 (default)
2022-12-23 07:24:00,978 [f44a0d93-0667-421f-b71e-e5df73887e0c@group-B0A6442936AE-LeaderElection48] INFO  server.RaftServerConfigKeys (ConfUtils.java:logGet(46)) - raft.server.write.element-limit = 1024 (custom)
2022-12-23 07:24:00,978 [f44a0d93-0667-421f-b71e-e5df73887e0c@group-B0A6442936AE-LeaderElection48] INFO  server.RaftServerConfigKeys (ConfUtils.java:logGet(46)) - raft.server.write.byte-limit = 1024 M (=1073741824) (custom)
2022-12-23 07:24:00,978 [f44a0d93-0667-421f-b71e-e5df73887e0c@group-B0A6442936AE-LeaderElection48] INFO  server.RaftServerConfigKeys (ConfUtils.java:logGet(46)) - raft.server.watch.timeout = 180s (custom)
2022-12-23 07:24:00,978 [f44a0d93-0667-421f-b71e-e5df73887e0c@group-B0A6442936AE-LeaderElection48] INFO  server.RaftServerConfigKeys (ConfUtils.java:logGet(46)) - raft.server.watch.timeout.denomination = 1s (default)
2022-12-23 07:24:00,978 [f44a0d93-0667-421f-b71e-e5df73887e0c@group-B0A6442936AE-LeaderElection48] INFO  server.RaftServerConfigKeys (ConfUtils.java:logGet(46)) - raft.server.watch.element-limit = 65536 (default)
2022-12-23 07:24:00,978 [f44a0d93-0667-421f-b71e-e5df73887e0c@group-B0A6442936AE-LeaderElection48] INFO  server.RaftServerConfigKeys (ConfUtils.java:logGet(46)) - raft.server.write.element-limit = 1024 (custom)
2022-12-23 07:24:00,978 [f44a0d93-0667-421f-b71e-e5df73887e0c@group-B0A6442936AE-LeaderElection48] INFO  server.RaftServerConfigKeys (ConfUtils.java:logGet(46)) - raft.server.write.follower.gap.ratio.max = -1.0 (default)
2022-12-23 07:24:00,979 [f44a0d93-0667-421f-b71e-e5df73887e0c@group-B0A6442936AE-LeaderElection48] INFO  server.RaftServerConfigKeys (ConfUtils.java:logGet(46)) - raft.server.log.appender.snapshot.chunk.size.max = 16MB (=16777216) (default)
2022-12-23 07:24:00,979 [f44a0d93-0667-421f-b71e-e5df73887e0c@group-B0A6442936AE-LeaderElection48] INFO  server.RaftServerConfigKeys (ConfUtils.java:logGet(46)) - raft.server.log.appender.buffer.byte-limit = 33554432 (custom)
2022-12-23 07:24:00,979 [f44a0d93-0667-421f-b71e-e5df73887e0c@group-B0A6442936AE-LeaderElection48] INFO  server.RaftServerConfigKeys (ConfUtils.java:logGet(46)) - raft.server.log.appender.buffer.element-limit = 1 (custom)
2022-12-23 07:24:00,979 [f44a0d93-0667-421f-b71e-e5df73887e0c@group-B0A6442936AE-LeaderElection48] INFO  grpc.GrpcConfigKeys (ConfUtils.java:logGet(46)) - raft.grpc.server.leader.outstanding.appends.max = 128 (default)
2022-12-23 07:24:00,979 [f44a0d93-0667-421f-b71e-e5df73887e0c@group-B0A6442936AE-LeaderElection48] INFO  server.RaftServerConfigKeys (ConfUtils.java:logGet(46)) - raft.server.rpc.request.timeout = 60s (custom)
2022-12-23 07:24:00,979 [f44a0d93-0667-421f-b71e-e5df73887e0c@group-B0A6442936AE-LeaderElection48] INFO  server.RaftServerConfigKeys (ConfUtils.java:logGet(46)) - raft.server.log.appender.install.snapshot.enabled = false (custom)
2022-12-23 07:24:00,979 [f44a0d93-0667-421f-b71e-e5df73887e0c@group-B0A6442936AE-LeaderElection48] INFO  grpc.GrpcConfigKeys (ConfUtils.java:logGet(46)) - raft.grpc.server.heartbeat.channel = true (default)
2022-12-23 07:24:00,979 [f44a0d93-0667-421f-b71e-e5df73887e0c@group-B0A6442936AE-LeaderElection48] INFO  server.RaftServerConfigKeys (ConfUtils.java:logGet(46)) - raft.server.log.appender.wait-time.min = 10ms (default)
2022-12-23 07:24:00,979 [f44a0d93-0667-421f-b71e-e5df73887e0c@group-B0A6442936AE-LeaderElection48] INFO  server.RaftServerConfigKeys (ConfUtils.java:logGet(46)) - raft.server.log.appender.snapshot.chunk.size.max = 16MB (=16777216) (default)
2022-12-23 07:24:00,980 [f44a0d93-0667-421f-b71e-e5df73887e0c@group-B0A6442936AE-LeaderElection48] INFO  server.RaftServerConfigKeys (ConfUtils.java:logGet(46)) - raft.server.log.appender.buffer.byte-limit = 33554432 (custom)
2022-12-23 07:24:00,980 [f44a0d93-0667-421f-b71e-e5df73887e0c@group-B0A6442936AE-LeaderElection48] INFO  server.RaftServerConfigKeys (ConfUtils.java:logGet(46)) - raft.server.log.appender.buffer.element-limit = 1 (custom)
2022-12-23 07:24:00,980 [f44a0d93-0667-421f-b71e-e5df73887e0c@group-B0A6442936AE-LeaderElection48] INFO  grpc.GrpcConfigKeys (ConfUtils.java:logGet(46)) - raft.grpc.server.leader.outstanding.appends.max = 128 (default)
2022-12-23 07:24:00,980 [f44a0d93-0667-421f-b71e-e5df73887e0c@group-B0A6442936AE-LeaderElection48] INFO  server.RaftServerConfigKeys (ConfUtils.java:logGet(46)) - raft.server.rpc.request.timeout = 60s (custom)
2022-12-23 07:24:00,980 [f44a0d93-0667-421f-b71e-e5df73887e0c@group-B0A6442936AE-LeaderElection48] INFO  server.RaftServerConfigKeys (ConfUtils.java:logGet(46)) - raft.server.log.appender.install.snapshot.enabled = false (custom)
2022-12-23 07:24:00,980 [f44a0d93-0667-421f-b71e-e5df73887e0c@group-B0A6442936AE-LeaderElection48] INFO  grpc.GrpcConfigKeys (ConfUtils.java:logGet(46)) - raft.grpc.server.heartbeat.channel = true (default)
2022-12-23 07:24:00,980 [f44a0d93-0667-421f-b71e-e5df73887e0c@group-B0A6442936AE-LeaderElection48] INFO  server.RaftServerConfigKeys (ConfUtils.java:logGet(46)) - raft.server.log.appender.wait-time.min = 10ms (default)
2022-12-23 07:24:00,980 [f44a0d93-0667-421f-b71e-e5df73887e0c@group-B0A6442936AE-LeaderElection48] INFO  impl.RoleInfo (RoleInfo.java:updateAndGet(139)) - f44a0d93-0667-421f-b71e-e5df73887e0c: start f44a0d93-0667-421f-b71e-e5df73887e0c@group-B0A6442936AE-LeaderStateImpl
2022-12-23 07:24:00,980 [f44a0d93-0667-421f-b71e-e5df73887e0c@group-B0A6442936AE-LeaderElection48] INFO  segmented.SegmentedRaftLogWorker (SegmentedRaftLogWorker.java:startLogSegment(452)) - f44a0d93-0667-421f-b71e-e5df73887e0c@group-B0A6442936AE-SegmentedRaftLogWorker: Starting segment from index:0
2022-12-23 07:24:00,981 [EventQueue-CommandQueueReportForCommandQueueReportHandler] WARN  events.EventQueue (EventQueue.java:fireEvent(216)) - No event handler registered for event TypedEvent{payloadType=DatanodeDetails, name='Datanode_Command_Queue_Updated'}
2022-12-23 07:24:00,982 [EventQueue-PipelineReportForPipelineReportHandler] INFO  pipeline.PipelineManagerImpl (PipelineManagerImpl.java:openPipeline(367)) - Pipeline Pipeline[ Id: 0b81fbac-2296-4b8f-8de0-b0a6442936ae, Nodes: f44a0d93-0667-421f-b71e-e5df73887e0c{ip: 10.1.0.40, host: fv-az505-480.g2e1luzo1moefklhgra4trf2va.dx.internal.cloudapp.net, ports: [REPLICATION=42141, RATIS=45029, RATIS_ADMIN=45029, RATIS_SERVER=45029, RATIS_DATASTREAM=41779, STANDALONE=34947], networkLocation: /default-rack, certSerialId: null, persistedOpState: IN_SERVICE, persistedOpStateExpiryEpochSec: 0}afc81946-b921-414f-975a-f6fdc8ce3c83{ip: 10.1.0.40, host: fv-az505-480.g2e1luzo1moefklhgra4trf2va.dx.internal.cloudapp.net, ports: [REPLICATION=40059, RATIS=46711, RATIS_ADMIN=46711, RATIS_SERVER=46711, RATIS_DATASTREAM=42573, STANDALONE=39433], networkLocation: /default-rack, certSerialId: null, persistedOpState: IN_SERVICE, persistedOpStateExpiryEpochSec: 0}4855300c-9dc7-4866-b12a-0d8362434d54{ip: 10.1.0.40, host: fv-az505-480.g2e1luzo1moefklhgra4trf2va.dx.internal.cloudapp.net, ports: [REPLICATION=40385, RATIS=46797, RATIS_ADMIN=46797, RATIS_SERVER=46797, RATIS_DATASTREAM=32775, STANDALONE=38283], networkLocation: /default-rack, certSerialId: null, persistedOpState: IN_SERVICE, persistedOpStateExpiryEpochSec: 0}, ReplicationConfig: RATIS/THREE, State:ALLOCATED, leaderId:f44a0d93-0667-421f-b71e-e5df73887e0c, CreationTimestamp2022-12-23T07:23:48.630Z[Etc/UTC]] moved to OPEN state
2022-12-23 07:24:00,982 [EventQueue-OpenPipelineForHealthyPipelineSafeModeRule] INFO  safemode.SCMSafeModeManager (HealthyPipelineSafeModeRule.java:process(137)) - SCM in safe mode. Healthy pipelines reported count is 1, required healthy pipeline reported count is 1
2022-12-23 07:24:00,982 [EventQueue-OpenPipelineForHealthyPipelineSafeModeRule] INFO  safemode.SCMSafeModeManager (SCMSafeModeManager.java:validateSafeModeExitRules(200)) - HealthyPipelineSafeModeRule rule is successfully validated
2022-12-23 07:24:00,982 [EventQueue-OpenPipelineForHealthyPipelineSafeModeRule] INFO  safemode.SCMSafeModeManager (SCMSafeModeManager.java:validateSafeModeExitRules(215)) - ScmSafeModeManager, all rules are successfully validated
2022-12-23 07:24:00,983 [EventQueue-OpenPipelineForHealthyPipelineSafeModeRule] INFO  safemode.SCMSafeModeManager (SCMSafeModeManager.java:exitSafeMode(244)) - SCM exiting safe mode.
2022-12-23 07:24:00,983 [EventQueue-OpenPipelineForHealthyPipelineSafeModeRule] INFO  ha.SCMContext (SCMContext.java:updateSafeModeStatus(228)) - Update SafeModeStatus from SafeModeStatus{safeModeStatus=true, preCheckPassed=true} to SafeModeStatus{safeModeStatus=false, preCheckPassed=true}.
2022-12-23 07:24:00,983 [EventQueue-OpenPipelineForHealthyPipelineSafeModeRule] INFO  pipeline.BackgroundPipelineCreator (BackgroundPipelineCreator.java:notifyStatusChanged(254)) - Service BackgroundPipelineCreator transitions to RUNNING.
2022-12-23 07:24:00,983 [EventQueue-OpenPipelineForHealthyPipelineSafeModeRule] INFO  BackgroundPipelineScrubber (BackgroundSCMService.java:notifyStatusChanged(82)) - Service BackgroundPipelineScrubber transitions to RUNNING.
2022-12-23 07:24:00,983 [EventQueue-OpenPipelineForHealthyPipelineSafeModeRule] INFO  ExpiredContainerReplicaOpScrubber (BackgroundSCMService.java:notifyStatusChanged(82)) - Service ExpiredContainerReplicaOpScrubber transitions to RUNNING.
2022-12-23 07:24:00,983 [EventQueue-OpenPipelineForHealthyPipelineSafeModeRule] INFO  replication.ReplicationManager (ReplicationManager.java:notifyStatusChanged(918)) - Service ReplicationManager transitions to RUNNING.
2022-12-23 07:24:00,983 [EventQueue-OpenPipelineForHealthyPipelineSafeModeRule] WARN  balancer.ContainerBalancer (ContainerBalancer.java:shouldRun(131)) - Could not find persisted configuration for ContainerBalancer when checking if ContainerBalancer should run. ContainerBalancer should not run now.
2022-12-23 07:24:00,983 [f44a0d93-0667-421f-b71e-e5df73887e0c@group-B0A6442936AE-SegmentedRaftLogWorker] INFO  segmented.SegmentedRaftLogWorker (SegmentedRaftLogWorker.java:execute(656)) - f44a0d93-0667-421f-b71e-e5df73887e0c@group-B0A6442936AE-SegmentedRaftLogWorker: created new log segment /home/runner/work/ozone/ozone/hadoop-ozone/integration-test/target/test-dir/MiniOzoneClusterImpl-ba7f31e0-0b52-47fc-8fdc-dbbc4e827165/datanode-2/data/ratis/0b81fbac-2296-4b8f-8de0-b0a6442936ae/current/log_inprogress_0
2022-12-23 07:24:00,989 [f44a0d93-0667-421f-b71e-e5df73887e0c@group-B0A6442936AE-LeaderElection48] INFO  server.RaftServer$Division (ServerState.java:setRaftConf(430)) - f44a0d93-0667-421f-b71e-e5df73887e0c@group-B0A6442936AE: set configuration 0: peers:[afc81946-b921-414f-975a-f6fdc8ce3c83|rpc:10.1.0.40:46711|dataStream:10.1.0.40:42573|priority:0|startupRole:FOLLOWER, f44a0d93-0667-421f-b71e-e5df73887e0c|rpc:10.1.0.40:45029|dataStream:10.1.0.40:41779|priority:1|startupRole:FOLLOWER, 4855300c-9dc7-4866-b12a-0d8362434d54|rpc:10.1.0.40:46797|dataStream:10.1.0.40:32775|priority:0|startupRole:FOLLOWER]|listeners:[], old=null
2022-12-23 07:24:01,000 [4855300c-9dc7-4866-b12a-0d8362434d54-server-thread1] INFO  ratis.XceiverServerRatis (XceiverServerRatis.java:handleLeaderChangedNotification(904)) - Leader change notification received for group: group-B0A6442936AE with new leaderId: f44a0d93-0667-421f-b71e-e5df73887e0c
2022-12-23 07:24:01,000 [4855300c-9dc7-4866-b12a-0d8362434d54-server-thread1] INFO  server.RaftServer$Division (ServerState.java:setLeader(313)) - 4855300c-9dc7-4866-b12a-0d8362434d54@group-B0A6442936AE: change Leader from null to f44a0d93-0667-421f-b71e-e5df73887e0c at term 2 for appendEntries, leader elected after 10040ms
2022-12-23 07:24:01,001 [afc81946-b921-414f-975a-f6fdc8ce3c83-server-thread1] INFO  ratis.XceiverServerRatis (XceiverServerRatis.java:handleLeaderChangedNotification(904)) - Leader change notification received for group: group-B0A6442936AE with new leaderId: f44a0d93-0667-421f-b71e-e5df73887e0c
2022-12-23 07:24:01,001 [afc81946-b921-414f-975a-f6fdc8ce3c83-server-thread1] INFO  server.RaftServer$Division (ServerState.java:setLeader(313)) - afc81946-b921-414f-975a-f6fdc8ce3c83@group-B0A6442936AE: change Leader from null to f44a0d93-0667-421f-b71e-e5df73887e0c at term 2 for appendEntries, leader elected after 10142ms
2022-12-23 07:24:01,012 [afc81946-b921-414f-975a-f6fdc8ce3c83-server-thread2] INFO  server.RaftServer$Division (ServerState.java:setRaftConf(430)) - afc81946-b921-414f-975a-f6fdc8ce3c83@group-B0A6442936AE: set configuration 0: peers:[afc81946-b921-414f-975a-f6fdc8ce3c83|rpc:10.1.0.40:46711|dataStream:10.1.0.40:42573|priority:0|startupRole:FOLLOWER, f44a0d93-0667-421f-b71e-e5df73887e0c|rpc:10.1.0.40:45029|dataStream:10.1.0.40:41779|priority:1|startupRole:FOLLOWER, 4855300c-9dc7-4866-b12a-0d8362434d54|rpc:10.1.0.40:46797|dataStream:10.1.0.40:32775|priority:0|startupRole:FOLLOWER]|listeners:[], old=null
2022-12-23 07:24:01,012 [4855300c-9dc7-4866-b12a-0d8362434d54-server-thread2] INFO  server.RaftServer$Division (ServerState.java:setRaftConf(430)) - 4855300c-9dc7-4866-b12a-0d8362434d54@group-B0A6442936AE: set configuration 0: peers:[afc81946-b921-414f-975a-f6fdc8ce3c83|rpc:10.1.0.40:46711|dataStream:10.1.0.40:42573|priority:0|startupRole:FOLLOWER, f44a0d93-0667-421f-b71e-e5df73887e0c|rpc:10.1.0.40:45029|dataStream:10.1.0.40:41779|priority:1|startupRole:FOLLOWER, 4855300c-9dc7-4866-b12a-0d8362434d54|rpc:10.1.0.40:46797|dataStream:10.1.0.40:32775|priority:0|startupRole:FOLLOWER]|listeners:[], old=null
2022-12-23 07:24:01,012 [afc81946-b921-414f-975a-f6fdc8ce3c83-server-thread2] INFO  segmented.SegmentedRaftLogWorker (SegmentedRaftLogWorker.java:startLogSegment(452)) - afc81946-b921-414f-975a-f6fdc8ce3c83@group-B0A6442936AE-SegmentedRaftLogWorker: Starting segment from index:0
2022-12-23 07:24:01,012 [4855300c-9dc7-4866-b12a-0d8362434d54-server-thread2] INFO  segmented.SegmentedRaftLogWorker (SegmentedRaftLogWorker.java:startLogSegment(452)) - 4855300c-9dc7-4866-b12a-0d8362434d54@group-B0A6442936AE-SegmentedRaftLogWorker: Starting segment from index:0
2022-12-23 07:24:01,013 [afc81946-b921-414f-975a-f6fdc8ce3c83@group-B0A6442936AE-SegmentedRaftLogWorker] INFO  segmented.SegmentedRaftLogWorker (SegmentedRaftLogWorker.java:execute(656)) - afc81946-b921-414f-975a-f6fdc8ce3c83@group-B0A6442936AE-SegmentedRaftLogWorker: created new log segment /home/runner/work/ozone/ozone/hadoop-ozone/integration-test/target/test-dir/MiniOzoneClusterImpl-ba7f31e0-0b52-47fc-8fdc-dbbc4e827165/datanode-0/data/ratis/0b81fbac-2296-4b8f-8de0-b0a6442936ae/current/log_inprogress_0
2022-12-23 07:24:01,014 [4855300c-9dc7-4866-b12a-0d8362434d54@group-B0A6442936AE-SegmentedRaftLogWorker] INFO  segmented.SegmentedRaftLogWorker (SegmentedRaftLogWorker.java:execute(656)) - 4855300c-9dc7-4866-b12a-0d8362434d54@group-B0A6442936AE-SegmentedRaftLogWorker: created new log segment /home/runner/work/ozone/ozone/hadoop-ozone/integration-test/target/test-dir/MiniOzoneClusterImpl-ba7f31e0-0b52-47fc-8fdc-dbbc4e827165/datanode-1/data/ratis/0b81fbac-2296-4b8f-8de0-b0a6442936ae/current/log_inprogress_0
2022-12-23 07:24:01,146 [f44a0d93-0667-421f-b71e-e5df73887e0c@group-06B7B1BE6F1D-FollowerState] INFO  impl.FollowerState (FollowerState.java:run(143)) - f44a0d93-0667-421f-b71e-e5df73887e0c@group-06B7B1BE6F1D-FollowerState: change to CANDIDATE, lastRpcElapsedTime:5010179575ns, electionTimeout:5006ms
2022-12-23 07:24:01,146 [f44a0d93-0667-421f-b71e-e5df73887e0c@group-06B7B1BE6F1D-FollowerState] INFO  impl.RoleInfo (RoleInfo.java:shutdownFollowerState(110)) - f44a0d93-0667-421f-b71e-e5df73887e0c: shutdown f44a0d93-0667-421f-b71e-e5df73887e0c@group-06B7B1BE6F1D-FollowerState
2022-12-23 07:24:01,146 [f44a0d93-0667-421f-b71e-e5df73887e0c@group-06B7B1BE6F1D-FollowerState] INFO  server.RaftServer$Division (RaftServerImpl.java:setRole(321)) - f44a0d93-0667-421f-b71e-e5df73887e0c@group-06B7B1BE6F1D: changes role from  FOLLOWER to CANDIDATE at term 1 for changeToCandidate
2022-12-23 07:24:01,146 [f44a0d93-0667-421f-b71e-e5df73887e0c@group-06B7B1BE6F1D-FollowerState] INFO  server.RaftServerConfigKeys (ConfUtils.java:logGet(46)) - raft.server.leaderelection.pre-vote = false (custom)
2022-12-23 07:24:01,146 [f44a0d93-0667-421f-b71e-e5df73887e0c@group-06B7B1BE6F1D-FollowerState] INFO  impl.RoleInfo (RoleInfo.java:updateAndGet(139)) - f44a0d93-0667-421f-b71e-e5df73887e0c: start f44a0d93-0667-421f-b71e-e5df73887e0c@group-06B7B1BE6F1D-LeaderElection49
2022-12-23 07:24:01,148 [f44a0d93-0667-421f-b71e-e5df73887e0c@group-06B7B1BE6F1D-LeaderElection49] INFO  impl.LeaderElection (LeaderElection.java:askForVotes(312)) - f44a0d93-0667-421f-b71e-e5df73887e0c@group-06B7B1BE6F1D-LeaderElection49 ELECTION round 0: submit vote requests at term 2 for -1: peers:[afc81946-b921-414f-975a-f6fdc8ce3c83|rpc:10.1.0.40:46711|dataStream:10.1.0.40:42573|priority:0|startupRole:FOLLOWER, f44a0d93-0667-421f-b71e-e5df73887e0c|rpc:10.1.0.40:45029|dataStream:10.1.0.40:41779|priority:0|startupRole:FOLLOWER, 4855300c-9dc7-4866-b12a-0d8362434d54|rpc:10.1.0.40:46797|dataStream:10.1.0.40:32775|priority:1|startupRole:FOLLOWER]|listeners:[], old=null
2022-12-23 07:24:01,149 [f44a0d93-0667-421f-b71e-e5df73887e0c@group-06B7B1BE6F1D-LeaderElection49] INFO  server.RaftServerConfigKeys (ConfUtils.java:logFallback(53)) - raft.server.rpc.first-election.timeout.min = 5s (fallback to raft.server.rpc.timeout.min)
2022-12-23 07:24:01,149 [f44a0d93-0667-421f-b71e-e5df73887e0c@group-06B7B1BE6F1D-LeaderElection49] INFO  server.RaftServerConfigKeys (ConfUtils.java:logFallback(53)) - raft.server.rpc.first-election.timeout.max = 5200ms (fallback to raft.server.rpc.timeout.max)
2022-12-23 07:24:01,151 [grpc-default-executor-3] INFO  server.RaftServer$Division (RaftServerImpl.java:requestVote(1218)) - afc81946-b921-414f-975a-f6fdc8ce3c83@group-06B7B1BE6F1D: receive requestVote(ELECTION, f44a0d93-0667-421f-b71e-e5df73887e0c, group-06B7B1BE6F1D, 2, (t:0, i:0))
2022-12-23 07:24:01,151 [grpc-default-executor-3] INFO  impl.VoteContext (VoteContext.java:log(49)) - afc81946-b921-414f-975a-f6fdc8ce3c83@group-06B7B1BE6F1D-FOLLOWER: accept ELECTION from f44a0d93-0667-421f-b71e-e5df73887e0c: our priority 0 <= candidate's priority 0
2022-12-23 07:24:01,151 [grpc-default-executor-3] INFO  server.RaftServer$Division (RaftServerImpl.java:setRole(321)) - afc81946-b921-414f-975a-f6fdc8ce3c83@group-06B7B1BE6F1D: changes role from  FOLLOWER to FOLLOWER at term 2 for candidate:f44a0d93-0667-421f-b71e-e5df73887e0c
2022-12-23 07:24:01,152 [grpc-default-executor-3] INFO  impl.RoleInfo (RoleInfo.java:shutdownFollowerState(110)) - afc81946-b921-414f-975a-f6fdc8ce3c83: shutdown afc81946-b921-414f-975a-f6fdc8ce3c83@group-06B7B1BE6F1D-FollowerState
2022-12-23 07:24:01,152 [grpc-default-executor-3] INFO  impl.RoleInfo (RoleInfo.java:updateAndGet(139)) - afc81946-b921-414f-975a-f6fdc8ce3c83: start afc81946-b921-414f-975a-f6fdc8ce3c83@group-06B7B1BE6F1D-FollowerState
2022-12-23 07:24:01,152 [afc81946-b921-414f-975a-f6fdc8ce3c83@group-06B7B1BE6F1D-FollowerState] INFO  impl.FollowerState (FollowerState.java:run(152)) - afc81946-b921-414f-975a-f6fdc8ce3c83@group-06B7B1BE6F1D-FollowerState was interrupted
2022-12-23 07:24:01,152 [grpc-default-executor-2] INFO  server.RaftServer$Division (RaftServerImpl.java:requestVote(1218)) - 4855300c-9dc7-4866-b12a-0d8362434d54@group-06B7B1BE6F1D: receive requestVote(ELECTION, f44a0d93-0667-421f-b71e-e5df73887e0c, group-06B7B1BE6F1D, 2, (t:0, i:0))
2022-12-23 07:24:01,152 [grpc-default-executor-2] INFO  impl.VoteContext (VoteContext.java:log(49)) - 4855300c-9dc7-4866-b12a-0d8362434d54@group-06B7B1BE6F1D-FOLLOWER: reject ELECTION from f44a0d93-0667-421f-b71e-e5df73887e0c: our priority 1 > candidate's priority 0
2022-12-23 07:24:01,152 [grpc-default-executor-2] INFO  server.RaftServer$Division (RaftServerImpl.java:setRole(321)) - 4855300c-9dc7-4866-b12a-0d8362434d54@group-06B7B1BE6F1D: changes role from  FOLLOWER to FOLLOWER at term 2 for candidate:f44a0d93-0667-421f-b71e-e5df73887e0c
2022-12-23 07:24:01,152 [grpc-default-executor-2] INFO  impl.RoleInfo (RoleInfo.java:shutdownFollowerState(110)) - 4855300c-9dc7-4866-b12a-0d8362434d54: shutdown 4855300c-9dc7-4866-b12a-0d8362434d54@group-06B7B1BE6F1D-FollowerState
2022-12-23 07:24:01,153 [grpc-default-executor-2] INFO  impl.RoleInfo (RoleInfo.java:updateAndGet(139)) - 4855300c-9dc7-4866-b12a-0d8362434d54: start 4855300c-9dc7-4866-b12a-0d8362434d54@group-06B7B1BE6F1D-FollowerState
2022-12-23 07:24:01,153 [4855300c-9dc7-4866-b12a-0d8362434d54@group-06B7B1BE6F1D-FollowerState] INFO  impl.FollowerState (FollowerState.java:run(152)) - 4855300c-9dc7-4866-b12a-0d8362434d54@group-06B7B1BE6F1D-FollowerState was interrupted
2022-12-23 07:24:01,153 [afc81946-b921-414f-975a-f6fdc8ce3c83@group-06B7B1BE6F1D-FollowerState] INFO  server.RaftServerConfigKeys (ConfUtils.java:logFallback(53)) - raft.server.rpc.first-election.timeout.min = 5s (fallback to raft.server.rpc.timeout.min)
2022-12-23 07:24:01,153 [afc81946-b921-414f-975a-f6fdc8ce3c83@group-06B7B1BE6F1D-FollowerState] INFO  server.RaftServerConfigKeys (ConfUtils.java:logFallback(53)) - raft.server.rpc.first-election.timeout.max = 5200ms (fallback to raft.server.rpc.timeout.max)
2022-12-23 07:24:01,153 [4855300c-9dc7-4866-b12a-0d8362434d54@group-06B7B1BE6F1D-FollowerState] INFO  server.RaftServerConfigKeys (ConfUtils.java:logFallback(53)) - raft.server.rpc.first-election.timeout.min = 5s (fallback to raft.server.rpc.timeout.min)
2022-12-23 07:24:01,154 [4855300c-9dc7-4866-b12a-0d8362434d54@group-06B7B1BE6F1D-FollowerState] INFO  server.RaftServerConfigKeys (ConfUtils.java:logFallback(53)) - raft.server.rpc.first-election.timeout.max = 5200ms (fallback to raft.server.rpc.timeout.max)
2022-12-23 07:24:01,154 [grpc-default-executor-3] INFO  server.RaftServer$Division (RaftServerImpl.java:requestVote(1251)) - afc81946-b921-414f-975a-f6fdc8ce3c83@group-06B7B1BE6F1D replies to ELECTION vote request: f44a0d93-0667-421f-b71e-e5df73887e0c<-afc81946-b921-414f-975a-f6fdc8ce3c83#0:OK-t2. Peer's state: afc81946-b921-414f-975a-f6fdc8ce3c83@group-06B7B1BE6F1D:t2, leader=null, voted=f44a0d93-0667-421f-b71e-e5df73887e0c, raftlog=Memoized:afc81946-b921-414f-975a-f6fdc8ce3c83@group-06B7B1BE6F1D-SegmentedRaftLog:OPENED:c-1, conf=-1: peers:[afc81946-b921-414f-975a-f6fdc8ce3c83|rpc:10.1.0.40:46711|dataStream:10.1.0.40:42573|priority:0|startupRole:FOLLOWER, f44a0d93-0667-421f-b71e-e5df73887e0c|rpc:10.1.0.40:45029|dataStream:10.1.0.40:41779|priority:0|startupRole:FOLLOWER, 4855300c-9dc7-4866-b12a-0d8362434d54|rpc:10.1.0.40:46797|dataStream:10.1.0.40:32775|priority:1|startupRole:FOLLOWER]|listeners:[], old=null
2022-12-23 07:24:01,155 [grpc-default-executor-2] INFO  server.RaftServer$Division (RaftServerImpl.java:requestVote(1251)) - 4855300c-9dc7-4866-b12a-0d8362434d54@group-06B7B1BE6F1D replies to ELECTION vote request: f44a0d93-0667-421f-b71e-e5df73887e0c<-4855300c-9dc7-4866-b12a-0d8362434d54#0:FAIL-t2. Peer's state: 4855300c-9dc7-4866-b12a-0d8362434d54@group-06B7B1BE6F1D:t2, leader=null, voted=null, raftlog=Memoized:4855300c-9dc7-4866-b12a-0d8362434d54@group-06B7B1BE6F1D-SegmentedRaftLog:OPENED:c-1, conf=-1: peers:[afc81946-b921-414f-975a-f6fdc8ce3c83|rpc:10.1.0.40:46711|dataStream:10.1.0.40:42573|priority:0|startupRole:FOLLOWER, f44a0d93-0667-421f-b71e-e5df73887e0c|rpc:10.1.0.40:45029|dataStream:10.1.0.40:41779|priority:0|startupRole:FOLLOWER, 4855300c-9dc7-4866-b12a-0d8362434d54|rpc:10.1.0.40:46797|dataStream:10.1.0.40:32775|priority:1|startupRole:FOLLOWER]|listeners:[], old=null
2022-12-23 07:24:01,156 [f44a0d93-0667-421f-b71e-e5df73887e0c@group-06B7B1BE6F1D-LeaderElection49] INFO  impl.LeaderElection (LeaderElection.java:logAndReturn(90)) - f44a0d93-0667-421f-b71e-e5df73887e0c@group-06B7B1BE6F1D-LeaderElection49: ELECTION REJECTED received 2 response(s) and 0 exception(s):
2022-12-23 07:24:01,156 [f44a0d93-0667-421f-b71e-e5df73887e0c@group-06B7B1BE6F1D-LeaderElection49] INFO  impl.LeaderElection (LeaderElection.java:logAndReturn(94)) -   Response 0: f44a0d93-0667-421f-b71e-e5df73887e0c<-afc81946-b921-414f-975a-f6fdc8ce3c83#0:OK-t2
2022-12-23 07:24:01,156 [f44a0d93-0667-421f-b71e-e5df73887e0c@group-06B7B1BE6F1D-LeaderElection49] INFO  impl.LeaderElection (LeaderElection.java:logAndReturn(94)) -   Response 1: f44a0d93-0667-421f-b71e-e5df73887e0c<-4855300c-9dc7-4866-b12a-0d8362434d54#0:FAIL-t2
2022-12-23 07:24:01,156 [f44a0d93-0667-421f-b71e-e5df73887e0c@group-06B7B1BE6F1D-LeaderElection49] INFO  impl.LeaderElection (LeaderElection.java:askForVotes(314)) - f44a0d93-0667-421f-b71e-e5df73887e0c@group-06B7B1BE6F1D-LeaderElection49 ELECTION round 0: result REJECTED
2022-12-23 07:24:01,156 [f44a0d93-0667-421f-b71e-e5df73887e0c@group-06B7B1BE6F1D-LeaderElection49] INFO  server.RaftServer$Division (RaftServerImpl.java:setRole(321)) - f44a0d93-0667-421f-b71e-e5df73887e0c@group-06B7B1BE6F1D: changes role from CANDIDATE to FOLLOWER at term 2 for REJECTED
2022-12-23 07:24:01,156 [f44a0d93-0667-421f-b71e-e5df73887e0c@group-06B7B1BE6F1D-LeaderElection49] INFO  impl.RoleInfo (RoleInfo.java:shutdownLeaderElection(130)) - f44a0d93-0667-421f-b71e-e5df73887e0c: shutdown f44a0d93-0667-421f-b71e-e5df73887e0c@group-06B7B1BE6F1D-LeaderElection49
2022-12-23 07:24:01,156 [f44a0d93-0667-421f-b71e-e5df73887e0c@group-06B7B1BE6F1D-LeaderElection49] INFO  impl.RoleInfo (RoleInfo.java:updateAndGet(139)) - f44a0d93-0667-421f-b71e-e5df73887e0c: start f44a0d93-0667-421f-b71e-e5df73887e0c@group-06B7B1BE6F1D-FollowerState
2022-12-23 07:24:01,156 [f44a0d93-0667-421f-b71e-e5df73887e0c@group-06B7B1BE6F1D-FollowerState] INFO  server.RaftServerConfigKeys (ConfUtils.java:logFallback(53)) - raft.server.rpc.first-election.timeout.min = 5s (fallback to raft.server.rpc.timeout.min)
2022-12-23 07:24:01,157 [f44a0d93-0667-421f-b71e-e5df73887e0c@group-06B7B1BE6F1D-FollowerState] INFO  server.RaftServerConfigKeys (ConfUtils.java:logFallback(53)) - raft.server.rpc.first-election.timeout.max = 5200ms (fallback to raft.server.rpc.timeout.max)
2022-12-23 07:24:01,316 [EventQueue-CommandQueueReportForCommandQueueReportHandler] WARN  events.EventQueue (EventQueue.java:fireEvent(216)) - No event handler registered for event TypedEvent{payloadType=DatanodeDetails, name='Datanode_Command_Queue_Updated'}
2022-12-23 07:24:01,635 [Listener at 127.0.0.1/40881] INFO  ozone.MiniOzoneClusterImpl (MiniOzoneClusterImpl.java:lambda$waitForClusterToBeReady$0(217)) - Nodes are ready. Got 3 of 3 DN Heartbeats.
2022-12-23 07:24:01,635 [Listener at 127.0.0.1/40881] INFO  ozone.MiniOzoneClusterImpl (MiniOzoneClusterImpl.java:lambda$waitForClusterToBeReady$0(220)) - Cluster exits safe mode
2022-12-23 07:24:01,635 [Listener at 127.0.0.1/40881] INFO  ozone.MiniOzoneClusterImpl (MiniOzoneClusterImpl.java:lambda$waitForClusterToBeReady$0(222)) - SCM became leader
]]></system-out>
    </rerunFailure>
  </testcase>
  <testcase name="testLeaderIdUsedOnFirstCall" classname="org.apache.hadoop.hdds.scm.TestRatisPipelineLeader" time="0.001">
    <failure type="java.lang.AssertionError"><![CDATA[java.lang.AssertionError
	at org.junit.Assert.fail(Assert.java:87)
	at org.junit.Assert.assertTrue(Assert.java:42)
	at org.junit.Assert.assertTrue(Assert.java:53)
	at org.apache.hadoop.hdds.scm.TestRatisPipelineLeader.testLeaderIdUsedOnFirstCall(TestRatisPipelineLeader.java:85)
	at sun.reflect.NativeMethodAccessorImpl.invoke0(Native Method)
	at sun.reflect.NativeMethodAccessorImpl.invoke(NativeMethodAccessorImpl.java:62)
	at sun.reflect.DelegatingMethodAccessorImpl.invoke(DelegatingMethodAccessorImpl.java:43)
	at java.lang.reflect.Method.invoke(Method.java:498)
	at org.junit.platform.commons.util.ReflectionUtils.invokeMethod(ReflectionUtils.java:725)
	at org.junit.jupiter.engine.execution.MethodInvocation.proceed(MethodInvocation.java:60)
	at org.junit.jupiter.engine.execution.InvocationInterceptorChain$ValidatingInvocation.proceed(InvocationInterceptorChain.java:131)
	at org.junit.jupiter.engine.extension.TimeoutInvocation.proceed(TimeoutInvocation.java:46)
	at org.junit.jupiter.engine.extension.TimeoutExtension.intercept(TimeoutExtension.java:149)
	at org.junit.jupiter.engine.extension.TimeoutExtension.interceptTestableMethod(TimeoutExtension.java:140)
	at org.junit.jupiter.engine.extension.TimeoutExtension.interceptTestMethod(TimeoutExtension.java:84)
	at org.junit.jupiter.engine.execution.ExecutableInvoker$ReflectiveInterceptorCall.lambda$ofVoidMethod$0(ExecutableInvoker.java:115)
	at org.junit.jupiter.engine.execution.ExecutableInvoker.lambda$invoke$0(ExecutableInvoker.java:105)
	at org.junit.jupiter.engine.execution.InvocationInterceptorChain$InterceptedInvocation.proceed(InvocationInterceptorChain.java:106)
	at org.junit.jupiter.engine.execution.InvocationInterceptorChain.proceed(InvocationInterceptorChain.java:64)
	at org.junit.jupiter.engine.execution.InvocationInterceptorChain.chainAndInvoke(InvocationInterceptorChain.java:45)
	at org.junit.jupiter.engine.execution.InvocationInterceptorChain.invoke(InvocationInterceptorChain.java:37)
	at org.junit.jupiter.engine.execution.ExecutableInvoker.invoke(ExecutableInvoker.java:104)
	at org.junit.jupiter.engine.execution.ExecutableInvoker.invoke(ExecutableInvoker.java:98)
	at org.junit.jupiter.engine.descriptor.TestMethodTestDescriptor.lambda$invokeTestMethod$7(TestMethodTestDescriptor.java:214)
	at org.junit.platform.engine.support.hierarchical.ThrowableCollector.execute(ThrowableCollector.java:73)
	at org.junit.jupiter.engine.descriptor.TestMethodTestDescriptor.invokeTestMethod(TestMethodTestDescriptor.java:210)
	at org.junit.jupiter.engine.descriptor.TestMethodTestDescriptor.execute(TestMethodTestDescriptor.java:135)
	at org.junit.jupiter.engine.descriptor.TestMethodTestDescriptor.execute(TestMethodTestDescriptor.java:66)
	at org.junit.platform.engine.support.hierarchical.NodeTestTask.lambda$executeRecursively$6(NodeTestTask.java:151)
	at org.junit.platform.engine.support.hierarchical.ThrowableCollector.execute(ThrowableCollector.java:73)
	at org.junit.platform.engine.support.hierarchical.NodeTestTask.lambda$executeRecursively$8(NodeTestTask.java:141)
	at org.junit.platform.engine.support.hierarchical.Node.around(Node.java:137)
	at org.junit.platform.engine.support.hierarchical.NodeTestTask.lambda$executeRecursively$9(NodeTestTask.java:139)
	at org.junit.platform.engine.support.hierarchical.ThrowableCollector.execute(ThrowableCollector.java:73)
	at org.junit.platform.engine.support.hierarchical.NodeTestTask.executeRecursively(NodeTestTask.java:138)
	at org.junit.platform.engine.support.hierarchical.NodeTestTask.execute(NodeTestTask.java:95)
	at java.util.ArrayList.forEach(ArrayList.java:1259)
	at org.junit.platform.engine.support.hierarchical.SameThreadHierarchicalTestExecutorService.invokeAll(SameThreadHierarchicalTestExecutorService.java:41)
	at org.junit.platform.engine.support.hierarchical.NodeTestTask.lambda$executeRecursively$6(NodeTestTask.java:155)
	at org.junit.platform.engine.support.hierarchical.ThrowableCollector.execute(ThrowableCollector.java:73)
	at org.junit.platform.engine.support.hierarchical.NodeTestTask.lambda$executeRecursively$8(NodeTestTask.java:141)
	at org.junit.platform.engine.support.hierarchical.Node.around(Node.java:137)
	at org.junit.platform.engine.support.hierarchical.NodeTestTask.lambda$executeRecursively$9(NodeTestTask.java:139)
	at org.junit.platform.engine.support.hierarchical.ThrowableCollector.execute(ThrowableCollector.java:73)
	at org.junit.platform.engine.support.hierarchical.NodeTestTask.executeRecursively(NodeTestTask.java:138)
	at org.junit.platform.engine.support.hierarchical.NodeTestTask.execute(NodeTestTask.java:95)
	at java.util.ArrayList.forEach(ArrayList.java:1259)
	at org.junit.platform.engine.support.hierarchical.SameThreadHierarchicalTestExecutorService.invokeAll(SameThreadHierarchicalTestExecutorService.java:41)
	at org.junit.platform.engine.support.hierarchical.NodeTestTask.lambda$executeRecursively$6(NodeTestTask.java:155)
	at org.junit.platform.engine.support.hierarchical.ThrowableCollector.execute(ThrowableCollector.java:73)
	at org.junit.platform.engine.support.hierarchical.NodeTestTask.lambda$executeRecursively$8(NodeTestTask.java:141)
	at org.junit.platform.engine.support.hierarchical.Node.around(Node.java:137)
	at org.junit.platform.engine.support.hierarchical.NodeTestTask.lambda$executeRecursively$9(NodeTestTask.java:139)
	at org.junit.platform.engine.support.hierarchical.ThrowableCollector.execute(ThrowableCollector.java:73)
	at org.junit.platform.engine.support.hierarchical.NodeTestTask.executeRecursively(NodeTestTask.java:138)
	at org.junit.platform.engine.support.hierarchical.NodeTestTask.execute(NodeTestTask.java:95)
	at org.junit.platform.engine.support.hierarchical.SameThreadHierarchicalTestExecutorService.submit(SameThreadHierarchicalTestExecutorService.java:35)
	at org.junit.platform.engine.support.hierarchical.HierarchicalTestExecutor.execute(HierarchicalTestExecutor.java:57)
	at org.junit.platform.engine.support.hierarchical.HierarchicalTestEngine.execute(HierarchicalTestEngine.java:54)
	at org.junit.platform.launcher.core.EngineExecutionOrchestrator.execute(EngineExecutionOrchestrator.java:107)
	at org.junit.platform.launcher.core.EngineExecutionOrchestrator.execute(EngineExecutionOrchestrator.java:88)
	at org.junit.platform.launcher.core.EngineExecutionOrchestrator.lambda$execute$0(EngineExecutionOrchestrator.java:54)
	at org.junit.platform.launcher.core.EngineExecutionOrchestrator.withInterceptedStreams(EngineExecutionOrchestrator.java:67)
	at org.junit.platform.launcher.core.EngineExecutionOrchestrator.execute(EngineExecutionOrchestrator.java:52)
	at org.junit.platform.launcher.core.DefaultLauncher.execute(DefaultLauncher.java:114)
	at org.junit.platform.launcher.core.DefaultLauncher.execute(DefaultLauncher.java:86)
	at org.junit.platform.launcher.core.DefaultLauncherSession$DelegatingLauncher.execute(DefaultLauncherSession.java:86)
	at org.junit.platform.launcher.core.SessionPerRequestLauncher.execute(SessionPerRequestLauncher.java:53)
	at org.apache.maven.surefire.junitplatform.JUnitPlatformProvider.execute(JUnitPlatformProvider.java:188)
	at org.apache.maven.surefire.junitplatform.JUnitPlatformProvider.invokeAllTests(JUnitPlatformProvider.java:154)
	at org.apache.maven.surefire.junitplatform.JUnitPlatformProvider.invoke(JUnitPlatformProvider.java:124)
	at org.apache.maven.surefire.booter.ForkedBooter.runSuitesInProcess(ForkedBooter.java:428)
	at org.apache.maven.surefire.booter.ForkedBooter.execute(ForkedBooter.java:162)
	at org.apache.maven.surefire.booter.ForkedBooter.run(ForkedBooter.java:562)
	at org.apache.maven.surefire.booter.ForkedBooter.main(ForkedBooter.java:548)
]]></failure>
    <rerunFailure type="java.lang.AssertionError">
      <stackTrace><![CDATA[java.lang.AssertionError
	at org.junit.Assert.fail(Assert.java:87)
	at org.junit.Assert.assertTrue(Assert.java:42)
	at org.junit.Assert.assertTrue(Assert.java:53)
	at org.apache.hadoop.hdds.scm.TestRatisPipelineLeader.testLeaderIdUsedOnFirstCall(TestRatisPipelineLeader.java:85)
	at sun.reflect.NativeMethodAccessorImpl.invoke0(Native Method)
	at sun.reflect.NativeMethodAccessorImpl.invoke(NativeMethodAccessorImpl.java:62)
	at sun.reflect.DelegatingMethodAccessorImpl.invoke(DelegatingMethodAccessorImpl.java:43)
	at java.lang.reflect.Method.invoke(Method.java:498)
	at org.junit.platform.commons.util.ReflectionUtils.invokeMethod(ReflectionUtils.java:725)
	at org.junit.jupiter.engine.execution.MethodInvocation.proceed(MethodInvocation.java:60)
	at org.junit.jupiter.engine.execution.InvocationInterceptorChain$ValidatingInvocation.proceed(InvocationInterceptorChain.java:131)
	at org.junit.jupiter.engine.extension.TimeoutInvocation.proceed(TimeoutInvocation.java:46)
	at org.junit.jupiter.engine.extension.TimeoutExtension.intercept(TimeoutExtension.java:149)
	at org.junit.jupiter.engine.extension.TimeoutExtension.interceptTestableMethod(TimeoutExtension.java:140)
	at org.junit.jupiter.engine.extension.TimeoutExtension.interceptTestMethod(TimeoutExtension.java:84)
	at org.junit.jupiter.engine.execution.ExecutableInvoker$ReflectiveInterceptorCall.lambda$ofVoidMethod$0(ExecutableInvoker.java:115)
	at org.junit.jupiter.engine.execution.ExecutableInvoker.lambda$invoke$0(ExecutableInvoker.java:105)
	at org.junit.jupiter.engine.execution.InvocationInterceptorChain$InterceptedInvocation.proceed(InvocationInterceptorChain.java:106)
	at org.junit.jupiter.engine.execution.InvocationInterceptorChain.proceed(InvocationInterceptorChain.java:64)
	at org.junit.jupiter.engine.execution.InvocationInterceptorChain.chainAndInvoke(InvocationInterceptorChain.java:45)
	at org.junit.jupiter.engine.execution.InvocationInterceptorChain.invoke(InvocationInterceptorChain.java:37)
	at org.junit.jupiter.engine.execution.ExecutableInvoker.invoke(ExecutableInvoker.java:104)
	at org.junit.jupiter.engine.execution.ExecutableInvoker.invoke(ExecutableInvoker.java:98)
	at org.junit.jupiter.engine.descriptor.TestMethodTestDescriptor.lambda$invokeTestMethod$7(TestMethodTestDescriptor.java:214)
	at org.junit.platform.engine.support.hierarchical.ThrowableCollector.execute(ThrowableCollector.java:73)
	at org.junit.jupiter.engine.descriptor.TestMethodTestDescriptor.invokeTestMethod(TestMethodTestDescriptor.java:210)
	at org.junit.jupiter.engine.descriptor.TestMethodTestDescriptor.execute(TestMethodTestDescriptor.java:135)
	at org.junit.jupiter.engine.descriptor.TestMethodTestDescriptor.execute(TestMethodTestDescriptor.java:66)
	at org.junit.platform.engine.support.hierarchical.NodeTestTask.lambda$executeRecursively$6(NodeTestTask.java:151)
	at org.junit.platform.engine.support.hierarchical.ThrowableCollector.execute(ThrowableCollector.java:73)
	at org.junit.platform.engine.support.hierarchical.NodeTestTask.lambda$executeRecursively$8(NodeTestTask.java:141)
	at org.junit.platform.engine.support.hierarchical.Node.around(Node.java:137)
	at org.junit.platform.engine.support.hierarchical.NodeTestTask.lambda$executeRecursively$9(NodeTestTask.java:139)
	at org.junit.platform.engine.support.hierarchical.ThrowableCollector.execute(ThrowableCollector.java:73)
	at org.junit.platform.engine.support.hierarchical.NodeTestTask.executeRecursively(NodeTestTask.java:138)
	at org.junit.platform.engine.support.hierarchical.NodeTestTask.execute(NodeTestTask.java:95)
	at java.util.ArrayList.forEach(ArrayList.java:1259)
	at org.junit.platform.engine.support.hierarchical.SameThreadHierarchicalTestExecutorService.invokeAll(SameThreadHierarchicalTestExecutorService.java:41)
	at org.junit.platform.engine.support.hierarchical.NodeTestTask.lambda$executeRecursively$6(NodeTestTask.java:155)
	at org.junit.platform.engine.support.hierarchical.ThrowableCollector.execute(ThrowableCollector.java:73)
	at org.junit.platform.engine.support.hierarchical.NodeTestTask.lambda$executeRecursively$8(NodeTestTask.java:141)
	at org.junit.platform.engine.support.hierarchical.Node.around(Node.java:137)
	at org.junit.platform.engine.support.hierarchical.NodeTestTask.lambda$executeRecursively$9(NodeTestTask.java:139)
	at org.junit.platform.engine.support.hierarchical.ThrowableCollector.execute(ThrowableCollector.java:73)
	at org.junit.platform.engine.support.hierarchical.NodeTestTask.executeRecursively(NodeTestTask.java:138)
	at org.junit.platform.engine.support.hierarchical.NodeTestTask.execute(NodeTestTask.java:95)
	at java.util.ArrayList.forEach(ArrayList.java:1259)
	at org.junit.platform.engine.support.hierarchical.SameThreadHierarchicalTestExecutorService.invokeAll(SameThreadHierarchicalTestExecutorService.java:41)
	at org.junit.platform.engine.support.hierarchical.NodeTestTask.lambda$executeRecursively$6(NodeTestTask.java:155)
	at org.junit.platform.engine.support.hierarchical.ThrowableCollector.execute(ThrowableCollector.java:73)
	at org.junit.platform.engine.support.hierarchical.NodeTestTask.lambda$executeRecursively$8(NodeTestTask.java:141)
	at org.junit.platform.engine.support.hierarchical.Node.around(Node.java:137)
	at org.junit.platform.engine.support.hierarchical.NodeTestTask.lambda$executeRecursively$9(NodeTestTask.java:139)
	at org.junit.platform.engine.support.hierarchical.ThrowableCollector.execute(ThrowableCollector.java:73)
	at org.junit.platform.engine.support.hierarchical.NodeTestTask.executeRecursively(NodeTestTask.java:138)
	at org.junit.platform.engine.support.hierarchical.NodeTestTask.execute(NodeTestTask.java:95)
	at org.junit.platform.engine.support.hierarchical.SameThreadHierarchicalTestExecutorService.submit(SameThreadHierarchicalTestExecutorService.java:35)
	at org.junit.platform.engine.support.hierarchical.HierarchicalTestExecutor.execute(HierarchicalTestExecutor.java:57)
	at org.junit.platform.engine.support.hierarchical.HierarchicalTestEngine.execute(HierarchicalTestEngine.java:54)
	at org.junit.platform.launcher.core.EngineExecutionOrchestrator.execute(EngineExecutionOrchestrator.java:107)
	at org.junit.platform.launcher.core.EngineExecutionOrchestrator.execute(EngineExecutionOrchestrator.java:88)
	at org.junit.platform.launcher.core.EngineExecutionOrchestrator.lambda$execute$0(EngineExecutionOrchestrator.java:54)
	at org.junit.platform.launcher.core.EngineExecutionOrchestrator.withInterceptedStreams(EngineExecutionOrchestrator.java:67)
	at org.junit.platform.launcher.core.EngineExecutionOrchestrator.execute(EngineExecutionOrchestrator.java:52)
	at org.junit.platform.launcher.core.DefaultLauncher.execute(DefaultLauncher.java:114)
	at org.junit.platform.launcher.core.DefaultLauncher.execute(DefaultLauncher.java:86)
	at org.junit.platform.launcher.core.DefaultLauncherSession$DelegatingLauncher.execute(DefaultLauncherSession.java:86)
	at org.junit.platform.launcher.core.SessionPerRequestLauncher.execute(SessionPerRequestLauncher.java:53)
	at org.apache.maven.surefire.junitplatform.JUnitPlatformProvider.invokeAllTests(JUnitPlatformProvider.java:165)
	at org.apache.maven.surefire.junitplatform.JUnitPlatformProvider.invoke(JUnitPlatformProvider.java:124)
	at org.apache.maven.surefire.booter.ForkedBooter.runSuitesInProcess(ForkedBooter.java:428)
	at org.apache.maven.surefire.booter.ForkedBooter.execute(ForkedBooter.java:162)
	at org.apache.maven.surefire.booter.ForkedBooter.run(ForkedBooter.java:562)
	at org.apache.maven.surefire.booter.ForkedBooter.main(ForkedBooter.java:548)
]]></stackTrace>
    </rerunFailure>
    <rerunFailure type="java.lang.AssertionError">
      <stackTrace><![CDATA[java.lang.AssertionError
	at org.junit.Assert.fail(Assert.java:87)
	at org.junit.Assert.assertTrue(Assert.java:42)
	at org.junit.Assert.assertTrue(Assert.java:53)
	at org.apache.hadoop.hdds.scm.TestRatisPipelineLeader.testLeaderIdUsedOnFirstCall(TestRatisPipelineLeader.java:85)
	at sun.reflect.NativeMethodAccessorImpl.invoke0(Native Method)
	at sun.reflect.NativeMethodAccessorImpl.invoke(NativeMethodAccessorImpl.java:62)
	at sun.reflect.DelegatingMethodAccessorImpl.invoke(DelegatingMethodAccessorImpl.java:43)
	at java.lang.reflect.Method.invoke(Method.java:498)
	at org.junit.platform.commons.util.ReflectionUtils.invokeMethod(ReflectionUtils.java:725)
	at org.junit.jupiter.engine.execution.MethodInvocation.proceed(MethodInvocation.java:60)
	at org.junit.jupiter.engine.execution.InvocationInterceptorChain$ValidatingInvocation.proceed(InvocationInterceptorChain.java:131)
	at org.junit.jupiter.engine.extension.TimeoutInvocation.proceed(TimeoutInvocation.java:46)
	at org.junit.jupiter.engine.extension.TimeoutExtension.intercept(TimeoutExtension.java:149)
	at org.junit.jupiter.engine.extension.TimeoutExtension.interceptTestableMethod(TimeoutExtension.java:140)
	at org.junit.jupiter.engine.extension.TimeoutExtension.interceptTestMethod(TimeoutExtension.java:84)
	at org.junit.jupiter.engine.execution.ExecutableInvoker$ReflectiveInterceptorCall.lambda$ofVoidMethod$0(ExecutableInvoker.java:115)
	at org.junit.jupiter.engine.execution.ExecutableInvoker.lambda$invoke$0(ExecutableInvoker.java:105)
	at org.junit.jupiter.engine.execution.InvocationInterceptorChain$InterceptedInvocation.proceed(InvocationInterceptorChain.java:106)
	at org.junit.jupiter.engine.execution.InvocationInterceptorChain.proceed(InvocationInterceptorChain.java:64)
	at org.junit.jupiter.engine.execution.InvocationInterceptorChain.chainAndInvoke(InvocationInterceptorChain.java:45)
	at org.junit.jupiter.engine.execution.InvocationInterceptorChain.invoke(InvocationInterceptorChain.java:37)
	at org.junit.jupiter.engine.execution.ExecutableInvoker.invoke(ExecutableInvoker.java:104)
	at org.junit.jupiter.engine.execution.ExecutableInvoker.invoke(ExecutableInvoker.java:98)
	at org.junit.jupiter.engine.descriptor.TestMethodTestDescriptor.lambda$invokeTestMethod$7(TestMethodTestDescriptor.java:214)
	at org.junit.platform.engine.support.hierarchical.ThrowableCollector.execute(ThrowableCollector.java:73)
	at org.junit.jupiter.engine.descriptor.TestMethodTestDescriptor.invokeTestMethod(TestMethodTestDescriptor.java:210)
	at org.junit.jupiter.engine.descriptor.TestMethodTestDescriptor.execute(TestMethodTestDescriptor.java:135)
	at org.junit.jupiter.engine.descriptor.TestMethodTestDescriptor.execute(TestMethodTestDescriptor.java:66)
	at org.junit.platform.engine.support.hierarchical.NodeTestTask.lambda$executeRecursively$6(NodeTestTask.java:151)
	at org.junit.platform.engine.support.hierarchical.ThrowableCollector.execute(ThrowableCollector.java:73)
	at org.junit.platform.engine.support.hierarchical.NodeTestTask.lambda$executeRecursively$8(NodeTestTask.java:141)
	at org.junit.platform.engine.support.hierarchical.Node.around(Node.java:137)
	at org.junit.platform.engine.support.hierarchical.NodeTestTask.lambda$executeRecursively$9(NodeTestTask.java:139)
	at org.junit.platform.engine.support.hierarchical.ThrowableCollector.execute(ThrowableCollector.java:73)
	at org.junit.platform.engine.support.hierarchical.NodeTestTask.executeRecursively(NodeTestTask.java:138)
	at org.junit.platform.engine.support.hierarchical.NodeTestTask.execute(NodeTestTask.java:95)
	at java.util.ArrayList.forEach(ArrayList.java:1259)
	at org.junit.platform.engine.support.hierarchical.SameThreadHierarchicalTestExecutorService.invokeAll(SameThreadHierarchicalTestExecutorService.java:41)
	at org.junit.platform.engine.support.hierarchical.NodeTestTask.lambda$executeRecursively$6(NodeTestTask.java:155)
	at org.junit.platform.engine.support.hierarchical.ThrowableCollector.execute(ThrowableCollector.java:73)
	at org.junit.platform.engine.support.hierarchical.NodeTestTask.lambda$executeRecursively$8(NodeTestTask.java:141)
	at org.junit.platform.engine.support.hierarchical.Node.around(Node.java:137)
	at org.junit.platform.engine.support.hierarchical.NodeTestTask.lambda$executeRecursively$9(NodeTestTask.java:139)
	at org.junit.platform.engine.support.hierarchical.ThrowableCollector.execute(ThrowableCollector.java:73)
	at org.junit.platform.engine.support.hierarchical.NodeTestTask.executeRecursively(NodeTestTask.java:138)
	at org.junit.platform.engine.support.hierarchical.NodeTestTask.execute(NodeTestTask.java:95)
	at java.util.ArrayList.forEach(ArrayList.java:1259)
	at org.junit.platform.engine.support.hierarchical.SameThreadHierarchicalTestExecutorService.invokeAll(SameThreadHierarchicalTestExecutorService.java:41)
	at org.junit.platform.engine.support.hierarchical.NodeTestTask.lambda$executeRecursively$6(NodeTestTask.java:155)
	at org.junit.platform.engine.support.hierarchical.ThrowableCollector.execute(ThrowableCollector.java:73)
	at org.junit.platform.engine.support.hierarchical.NodeTestTask.lambda$executeRecursively$8(NodeTestTask.java:141)
	at org.junit.platform.engine.support.hierarchical.Node.around(Node.java:137)
	at org.junit.platform.engine.support.hierarchical.NodeTestTask.lambda$executeRecursively$9(NodeTestTask.java:139)
	at org.junit.platform.engine.support.hierarchical.ThrowableCollector.execute(ThrowableCollector.java:73)
	at org.junit.platform.engine.support.hierarchical.NodeTestTask.executeRecursively(NodeTestTask.java:138)
	at org.junit.platform.engine.support.hierarchical.NodeTestTask.execute(NodeTestTask.java:95)
	at org.junit.platform.engine.support.hierarchical.SameThreadHierarchicalTestExecutorService.submit(SameThreadHierarchicalTestExecutorService.java:35)
	at org.junit.platform.engine.support.hierarchical.HierarchicalTestExecutor.execute(HierarchicalTestExecutor.java:57)
	at org.junit.platform.engine.support.hierarchical.HierarchicalTestEngine.execute(HierarchicalTestEngine.java:54)
	at org.junit.platform.launcher.core.EngineExecutionOrchestrator.execute(EngineExecutionOrchestrator.java:107)
	at org.junit.platform.launcher.core.EngineExecutionOrchestrator.execute(EngineExecutionOrchestrator.java:88)
	at org.junit.platform.launcher.core.EngineExecutionOrchestrator.lambda$execute$0(EngineExecutionOrchestrator.java:54)
	at org.junit.platform.launcher.core.EngineExecutionOrchestrator.withInterceptedStreams(EngineExecutionOrchestrator.java:67)
	at org.junit.platform.launcher.core.EngineExecutionOrchestrator.execute(EngineExecutionOrchestrator.java:52)
	at org.junit.platform.launcher.core.DefaultLauncher.execute(DefaultLauncher.java:114)
	at org.junit.platform.launcher.core.DefaultLauncher.execute(DefaultLauncher.java:86)
	at org.junit.platform.launcher.core.DefaultLauncherSession$DelegatingLauncher.execute(DefaultLauncherSession.java:86)
	at org.junit.platform.launcher.core.SessionPerRequestLauncher.execute(SessionPerRequestLauncher.java:53)
	at org.apache.maven.surefire.junitplatform.JUnitPlatformProvider.invokeAllTests(JUnitPlatformProvider.java:165)
	at org.apache.maven.surefire.junitplatform.JUnitPlatformProvider.invoke(JUnitPlatformProvider.java:124)
	at org.apache.maven.surefire.booter.ForkedBooter.runSuitesInProcess(ForkedBooter.java:428)
	at org.apache.maven.surefire.booter.ForkedBooter.execute(ForkedBooter.java:162)
	at org.apache.maven.surefire.booter.ForkedBooter.run(ForkedBooter.java:562)
	at org.apache.maven.surefire.booter.ForkedBooter.main(ForkedBooter.java:548)
]]></stackTrace>
    </rerunFailure>
    <rerunFailure type="java.lang.AssertionError">
      <stackTrace><![CDATA[java.lang.AssertionError
	at org.junit.Assert.fail(Assert.java:87)
	at org.junit.Assert.assertTrue(Assert.java:42)
	at org.junit.Assert.assertTrue(Assert.java:53)
	at org.apache.hadoop.hdds.scm.TestRatisPipelineLeader.testLeaderIdUsedOnFirstCall(TestRatisPipelineLeader.java:85)
	at sun.reflect.NativeMethodAccessorImpl.invoke0(Native Method)
	at sun.reflect.NativeMethodAccessorImpl.invoke(NativeMethodAccessorImpl.java:62)
	at sun.reflect.DelegatingMethodAccessorImpl.invoke(DelegatingMethodAccessorImpl.java:43)
	at java.lang.reflect.Method.invoke(Method.java:498)
	at org.junit.platform.commons.util.ReflectionUtils.invokeMethod(ReflectionUtils.java:725)
	at org.junit.jupiter.engine.execution.MethodInvocation.proceed(MethodInvocation.java:60)
	at org.junit.jupiter.engine.execution.InvocationInterceptorChain$ValidatingInvocation.proceed(InvocationInterceptorChain.java:131)
	at org.junit.jupiter.engine.extension.TimeoutInvocation.proceed(TimeoutInvocation.java:46)
	at org.junit.jupiter.engine.extension.TimeoutExtension.intercept(TimeoutExtension.java:149)
	at org.junit.jupiter.engine.extension.TimeoutExtension.interceptTestableMethod(TimeoutExtension.java:140)
	at org.junit.jupiter.engine.extension.TimeoutExtension.interceptTestMethod(TimeoutExtension.java:84)
	at org.junit.jupiter.engine.execution.ExecutableInvoker$ReflectiveInterceptorCall.lambda$ofVoidMethod$0(ExecutableInvoker.java:115)
	at org.junit.jupiter.engine.execution.ExecutableInvoker.lambda$invoke$0(ExecutableInvoker.java:105)
	at org.junit.jupiter.engine.execution.InvocationInterceptorChain$InterceptedInvocation.proceed(InvocationInterceptorChain.java:106)
	at org.junit.jupiter.engine.execution.InvocationInterceptorChain.proceed(InvocationInterceptorChain.java:64)
	at org.junit.jupiter.engine.execution.InvocationInterceptorChain.chainAndInvoke(InvocationInterceptorChain.java:45)
	at org.junit.jupiter.engine.execution.InvocationInterceptorChain.invoke(InvocationInterceptorChain.java:37)
	at org.junit.jupiter.engine.execution.ExecutableInvoker.invoke(ExecutableInvoker.java:104)
	at org.junit.jupiter.engine.execution.ExecutableInvoker.invoke(ExecutableInvoker.java:98)
	at org.junit.jupiter.engine.descriptor.TestMethodTestDescriptor.lambda$invokeTestMethod$7(TestMethodTestDescriptor.java:214)
	at org.junit.platform.engine.support.hierarchical.ThrowableCollector.execute(ThrowableCollector.java:73)
	at org.junit.jupiter.engine.descriptor.TestMethodTestDescriptor.invokeTestMethod(TestMethodTestDescriptor.java:210)
	at org.junit.jupiter.engine.descriptor.TestMethodTestDescriptor.execute(TestMethodTestDescriptor.java:135)
	at org.junit.jupiter.engine.descriptor.TestMethodTestDescriptor.execute(TestMethodTestDescriptor.java:66)
	at org.junit.platform.engine.support.hierarchical.NodeTestTask.lambda$executeRecursively$6(NodeTestTask.java:151)
	at org.junit.platform.engine.support.hierarchical.ThrowableCollector.execute(ThrowableCollector.java:73)
	at org.junit.platform.engine.support.hierarchical.NodeTestTask.lambda$executeRecursively$8(NodeTestTask.java:141)
	at org.junit.platform.engine.support.hierarchical.Node.around(Node.java:137)
	at org.junit.platform.engine.support.hierarchical.NodeTestTask.lambda$executeRecursively$9(NodeTestTask.java:139)
	at org.junit.platform.engine.support.hierarchical.ThrowableCollector.execute(ThrowableCollector.java:73)
	at org.junit.platform.engine.support.hierarchical.NodeTestTask.executeRecursively(NodeTestTask.java:138)
	at org.junit.platform.engine.support.hierarchical.NodeTestTask.execute(NodeTestTask.java:95)
	at java.util.ArrayList.forEach(ArrayList.java:1259)
	at org.junit.platform.engine.support.hierarchical.SameThreadHierarchicalTestExecutorService.invokeAll(SameThreadHierarchicalTestExecutorService.java:41)
	at org.junit.platform.engine.support.hierarchical.NodeTestTask.lambda$executeRecursively$6(NodeTestTask.java:155)
	at org.junit.platform.engine.support.hierarchical.ThrowableCollector.execute(ThrowableCollector.java:73)
	at org.junit.platform.engine.support.hierarchical.NodeTestTask.lambda$executeRecursively$8(NodeTestTask.java:141)
	at org.junit.platform.engine.support.hierarchical.Node.around(Node.java:137)
	at org.junit.platform.engine.support.hierarchical.NodeTestTask.lambda$executeRecursively$9(NodeTestTask.java:139)
	at org.junit.platform.engine.support.hierarchical.ThrowableCollector.execute(ThrowableCollector.java:73)
	at org.junit.platform.engine.support.hierarchical.NodeTestTask.executeRecursively(NodeTestTask.java:138)
	at org.junit.platform.engine.support.hierarchical.NodeTestTask.execute(NodeTestTask.java:95)
	at java.util.ArrayList.forEach(ArrayList.java:1259)
	at org.junit.platform.engine.support.hierarchical.SameThreadHierarchicalTestExecutorService.invokeAll(SameThreadHierarchicalTestExecutorService.java:41)
	at org.junit.platform.engine.support.hierarchical.NodeTestTask.lambda$executeRecursively$6(NodeTestTask.java:155)
	at org.junit.platform.engine.support.hierarchical.ThrowableCollector.execute(ThrowableCollector.java:73)
	at org.junit.platform.engine.support.hierarchical.NodeTestTask.lambda$executeRecursively$8(NodeTestTask.java:141)
	at org.junit.platform.engine.support.hierarchical.Node.around(Node.java:137)
	at org.junit.platform.engine.support.hierarchical.NodeTestTask.lambda$executeRecursively$9(NodeTestTask.java:139)
	at org.junit.platform.engine.support.hierarchical.ThrowableCollector.execute(ThrowableCollector.java:73)
	at org.junit.platform.engine.support.hierarchical.NodeTestTask.executeRecursively(NodeTestTask.java:138)
	at org.junit.platform.engine.support.hierarchical.NodeTestTask.execute(NodeTestTask.java:95)
	at org.junit.platform.engine.support.hierarchical.SameThreadHierarchicalTestExecutorService.submit(SameThreadHierarchicalTestExecutorService.java:35)
	at org.junit.platform.engine.support.hierarchical.HierarchicalTestExecutor.execute(HierarchicalTestExecutor.java:57)
	at org.junit.platform.engine.support.hierarchical.HierarchicalTestEngine.execute(HierarchicalTestEngine.java:54)
	at org.junit.platform.launcher.core.EngineExecutionOrchestrator.execute(EngineExecutionOrchestrator.java:107)
	at org.junit.platform.launcher.core.EngineExecutionOrchestrator.execute(EngineExecutionOrchestrator.java:88)
	at org.junit.platform.launcher.core.EngineExecutionOrchestrator.lambda$execute$0(EngineExecutionOrchestrator.java:54)
	at org.junit.platform.launcher.core.EngineExecutionOrchestrator.withInterceptedStreams(EngineExecutionOrchestrator.java:67)
	at org.junit.platform.launcher.core.EngineExecutionOrchestrator.execute(EngineExecutionOrchestrator.java:52)
	at org.junit.platform.launcher.core.DefaultLauncher.execute(DefaultLauncher.java:114)
	at org.junit.platform.launcher.core.DefaultLauncher.execute(DefaultLauncher.java:86)
	at org.junit.platform.launcher.core.DefaultLauncherSession$DelegatingLauncher.execute(DefaultLauncherSession.java:86)
	at org.junit.platform.launcher.core.SessionPerRequestLauncher.execute(SessionPerRequestLauncher.java:53)
	at org.apache.maven.surefire.junitplatform.JUnitPlatformProvider.invokeAllTests(JUnitPlatformProvider.java:165)
	at org.apache.maven.surefire.junitplatform.JUnitPlatformProvider.invoke(JUnitPlatformProvider.java:124)
	at org.apache.maven.surefire.booter.ForkedBooter.runSuitesInProcess(ForkedBooter.java:428)
	at org.apache.maven.surefire.booter.ForkedBooter.execute(ForkedBooter.java:162)
	at org.apache.maven.surefire.booter.ForkedBooter.run(ForkedBooter.java:562)
	at org.apache.maven.surefire.booter.ForkedBooter.main(ForkedBooter.java:548)
]]></stackTrace>
    </rerunFailure>
    <rerunFailure type="java.lang.AssertionError">
      <stackTrace><![CDATA[java.lang.AssertionError
	at org.junit.Assert.fail(Assert.java:87)
	at org.junit.Assert.assertTrue(Assert.java:42)
	at org.junit.Assert.assertTrue(Assert.java:53)
	at org.apache.hadoop.hdds.scm.TestRatisPipelineLeader.testLeaderIdUsedOnFirstCall(TestRatisPipelineLeader.java:85)
	at sun.reflect.NativeMethodAccessorImpl.invoke0(Native Method)
	at sun.reflect.NativeMethodAccessorImpl.invoke(NativeMethodAccessorImpl.java:62)
	at sun.reflect.DelegatingMethodAccessorImpl.invoke(DelegatingMethodAccessorImpl.java:43)
	at java.lang.reflect.Method.invoke(Method.java:498)
	at org.junit.platform.commons.util.ReflectionUtils.invokeMethod(ReflectionUtils.java:725)
	at org.junit.jupiter.engine.execution.MethodInvocation.proceed(MethodInvocation.java:60)
	at org.junit.jupiter.engine.execution.InvocationInterceptorChain$ValidatingInvocation.proceed(InvocationInterceptorChain.java:131)
	at org.junit.jupiter.engine.extension.TimeoutInvocation.proceed(TimeoutInvocation.java:46)
	at org.junit.jupiter.engine.extension.TimeoutExtension.intercept(TimeoutExtension.java:149)
	at org.junit.jupiter.engine.extension.TimeoutExtension.interceptTestableMethod(TimeoutExtension.java:140)
	at org.junit.jupiter.engine.extension.TimeoutExtension.interceptTestMethod(TimeoutExtension.java:84)
	at org.junit.jupiter.engine.execution.ExecutableInvoker$ReflectiveInterceptorCall.lambda$ofVoidMethod$0(ExecutableInvoker.java:115)
	at org.junit.jupiter.engine.execution.ExecutableInvoker.lambda$invoke$0(ExecutableInvoker.java:105)
	at org.junit.jupiter.engine.execution.InvocationInterceptorChain$InterceptedInvocation.proceed(InvocationInterceptorChain.java:106)
	at org.junit.jupiter.engine.execution.InvocationInterceptorChain.proceed(InvocationInterceptorChain.java:64)
	at org.junit.jupiter.engine.execution.InvocationInterceptorChain.chainAndInvoke(InvocationInterceptorChain.java:45)
	at org.junit.jupiter.engine.execution.InvocationInterceptorChain.invoke(InvocationInterceptorChain.java:37)
	at org.junit.jupiter.engine.execution.ExecutableInvoker.invoke(ExecutableInvoker.java:104)
	at org.junit.jupiter.engine.execution.ExecutableInvoker.invoke(ExecutableInvoker.java:98)
	at org.junit.jupiter.engine.descriptor.TestMethodTestDescriptor.lambda$invokeTestMethod$7(TestMethodTestDescriptor.java:214)
	at org.junit.platform.engine.support.hierarchical.ThrowableCollector.execute(ThrowableCollector.java:73)
	at org.junit.jupiter.engine.descriptor.TestMethodTestDescriptor.invokeTestMethod(TestMethodTestDescriptor.java:210)
	at org.junit.jupiter.engine.descriptor.TestMethodTestDescriptor.execute(TestMethodTestDescriptor.java:135)
	at org.junit.jupiter.engine.descriptor.TestMethodTestDescriptor.execute(TestMethodTestDescriptor.java:66)
	at org.junit.platform.engine.support.hierarchical.NodeTestTask.lambda$executeRecursively$6(NodeTestTask.java:151)
	at org.junit.platform.engine.support.hierarchical.ThrowableCollector.execute(ThrowableCollector.java:73)
	at org.junit.platform.engine.support.hierarchical.NodeTestTask.lambda$executeRecursively$8(NodeTestTask.java:141)
	at org.junit.platform.engine.support.hierarchical.Node.around(Node.java:137)
	at org.junit.platform.engine.support.hierarchical.NodeTestTask.lambda$executeRecursively$9(NodeTestTask.java:139)
	at org.junit.platform.engine.support.hierarchical.ThrowableCollector.execute(ThrowableCollector.java:73)
	at org.junit.platform.engine.support.hierarchical.NodeTestTask.executeRecursively(NodeTestTask.java:138)
	at org.junit.platform.engine.support.hierarchical.NodeTestTask.execute(NodeTestTask.java:95)
	at java.util.ArrayList.forEach(ArrayList.java:1259)
	at org.junit.platform.engine.support.hierarchical.SameThreadHierarchicalTestExecutorService.invokeAll(SameThreadHierarchicalTestExecutorService.java:41)
	at org.junit.platform.engine.support.hierarchical.NodeTestTask.lambda$executeRecursively$6(NodeTestTask.java:155)
	at org.junit.platform.engine.support.hierarchical.ThrowableCollector.execute(ThrowableCollector.java:73)
	at org.junit.platform.engine.support.hierarchical.NodeTestTask.lambda$executeRecursively$8(NodeTestTask.java:141)
	at org.junit.platform.engine.support.hierarchical.Node.around(Node.java:137)
	at org.junit.platform.engine.support.hierarchical.NodeTestTask.lambda$executeRecursively$9(NodeTestTask.java:139)
	at org.junit.platform.engine.support.hierarchical.ThrowableCollector.execute(ThrowableCollector.java:73)
	at org.junit.platform.engine.support.hierarchical.NodeTestTask.executeRecursively(NodeTestTask.java:138)
	at org.junit.platform.engine.support.hierarchical.NodeTestTask.execute(NodeTestTask.java:95)
	at java.util.ArrayList.forEach(ArrayList.java:1259)
	at org.junit.platform.engine.support.hierarchical.SameThreadHierarchicalTestExecutorService.invokeAll(SameThreadHierarchicalTestExecutorService.java:41)
	at org.junit.platform.engine.support.hierarchical.NodeTestTask.lambda$executeRecursively$6(NodeTestTask.java:155)
	at org.junit.platform.engine.support.hierarchical.ThrowableCollector.execute(ThrowableCollector.java:73)
	at org.junit.platform.engine.support.hierarchical.NodeTestTask.lambda$executeRecursively$8(NodeTestTask.java:141)
	at org.junit.platform.engine.support.hierarchical.Node.around(Node.java:137)
	at org.junit.platform.engine.support.hierarchical.NodeTestTask.lambda$executeRecursively$9(NodeTestTask.java:139)
	at org.junit.platform.engine.support.hierarchical.ThrowableCollector.execute(ThrowableCollector.java:73)
	at org.junit.platform.engine.support.hierarchical.NodeTestTask.executeRecursively(NodeTestTask.java:138)
	at org.junit.platform.engine.support.hierarchical.NodeTestTask.execute(NodeTestTask.java:95)
	at org.junit.platform.engine.support.hierarchical.SameThreadHierarchicalTestExecutorService.submit(SameThreadHierarchicalTestExecutorService.java:35)
	at org.junit.platform.engine.support.hierarchical.HierarchicalTestExecutor.execute(HierarchicalTestExecutor.java:57)
	at org.junit.platform.engine.support.hierarchical.HierarchicalTestEngine.execute(HierarchicalTestEngine.java:54)
	at org.junit.platform.launcher.core.EngineExecutionOrchestrator.execute(EngineExecutionOrchestrator.java:107)
	at org.junit.platform.launcher.core.EngineExecutionOrchestrator.execute(EngineExecutionOrchestrator.java:88)
	at org.junit.platform.launcher.core.EngineExecutionOrchestrator.lambda$execute$0(EngineExecutionOrchestrator.java:54)
	at org.junit.platform.launcher.core.EngineExecutionOrchestrator.withInterceptedStreams(EngineExecutionOrchestrator.java:67)
	at org.junit.platform.launcher.core.EngineExecutionOrchestrator.execute(EngineExecutionOrchestrator.java:52)
	at org.junit.platform.launcher.core.DefaultLauncher.execute(DefaultLauncher.java:114)
	at org.junit.platform.launcher.core.DefaultLauncher.execute(DefaultLauncher.java:86)
	at org.junit.platform.launcher.core.DefaultLauncherSession$DelegatingLauncher.execute(DefaultLauncherSession.java:86)
	at org.junit.platform.launcher.core.SessionPerRequestLauncher.execute(SessionPerRequestLauncher.java:53)
	at org.apache.maven.surefire.junitplatform.JUnitPlatformProvider.invokeAllTests(JUnitPlatformProvider.java:165)
	at org.apache.maven.surefire.junitplatform.JUnitPlatformProvider.invoke(JUnitPlatformProvider.java:124)
	at org.apache.maven.surefire.booter.ForkedBooter.runSuitesInProcess(ForkedBooter.java:428)
	at org.apache.maven.surefire.booter.ForkedBooter.execute(ForkedBooter.java:162)
	at org.apache.maven.surefire.booter.ForkedBooter.run(ForkedBooter.java:562)
	at org.apache.maven.surefire.booter.ForkedBooter.main(ForkedBooter.java:548)
]]></stackTrace>
    </rerunFailure>
    <rerunFailure type="java.lang.AssertionError">
      <stackTrace><![CDATA[java.lang.AssertionError
	at org.junit.Assert.fail(Assert.java:87)
	at org.junit.Assert.assertTrue(Assert.java:42)
	at org.junit.Assert.assertTrue(Assert.java:53)
	at org.apache.hadoop.hdds.scm.TestRatisPipelineLeader.testLeaderIdUsedOnFirstCall(TestRatisPipelineLeader.java:85)
	at sun.reflect.NativeMethodAccessorImpl.invoke0(Native Method)
	at sun.reflect.NativeMethodAccessorImpl.invoke(NativeMethodAccessorImpl.java:62)
	at sun.reflect.DelegatingMethodAccessorImpl.invoke(DelegatingMethodAccessorImpl.java:43)
	at java.lang.reflect.Method.invoke(Method.java:498)
	at org.junit.platform.commons.util.ReflectionUtils.invokeMethod(ReflectionUtils.java:725)
	at org.junit.jupiter.engine.execution.MethodInvocation.proceed(MethodInvocation.java:60)
	at org.junit.jupiter.engine.execution.InvocationInterceptorChain$ValidatingInvocation.proceed(InvocationInterceptorChain.java:131)
	at org.junit.jupiter.engine.extension.TimeoutInvocation.proceed(TimeoutInvocation.java:46)
	at org.junit.jupiter.engine.extension.TimeoutExtension.intercept(TimeoutExtension.java:149)
	at org.junit.jupiter.engine.extension.TimeoutExtension.interceptTestableMethod(TimeoutExtension.java:140)
	at org.junit.jupiter.engine.extension.TimeoutExtension.interceptTestMethod(TimeoutExtension.java:84)
	at org.junit.jupiter.engine.execution.ExecutableInvoker$ReflectiveInterceptorCall.lambda$ofVoidMethod$0(ExecutableInvoker.java:115)
	at org.junit.jupiter.engine.execution.ExecutableInvoker.lambda$invoke$0(ExecutableInvoker.java:105)
	at org.junit.jupiter.engine.execution.InvocationInterceptorChain$InterceptedInvocation.proceed(InvocationInterceptorChain.java:106)
	at org.junit.jupiter.engine.execution.InvocationInterceptorChain.proceed(InvocationInterceptorChain.java:64)
	at org.junit.jupiter.engine.execution.InvocationInterceptorChain.chainAndInvoke(InvocationInterceptorChain.java:45)
	at org.junit.jupiter.engine.execution.InvocationInterceptorChain.invoke(InvocationInterceptorChain.java:37)
	at org.junit.jupiter.engine.execution.ExecutableInvoker.invoke(ExecutableInvoker.java:104)
	at org.junit.jupiter.engine.execution.ExecutableInvoker.invoke(ExecutableInvoker.java:98)
	at org.junit.jupiter.engine.descriptor.TestMethodTestDescriptor.lambda$invokeTestMethod$7(TestMethodTestDescriptor.java:214)
	at org.junit.platform.engine.support.hierarchical.ThrowableCollector.execute(ThrowableCollector.java:73)
	at org.junit.jupiter.engine.descriptor.TestMethodTestDescriptor.invokeTestMethod(TestMethodTestDescriptor.java:210)
	at org.junit.jupiter.engine.descriptor.TestMethodTestDescriptor.execute(TestMethodTestDescriptor.java:135)
	at org.junit.jupiter.engine.descriptor.TestMethodTestDescriptor.execute(TestMethodTestDescriptor.java:66)
	at org.junit.platform.engine.support.hierarchical.NodeTestTask.lambda$executeRecursively$6(NodeTestTask.java:151)
	at org.junit.platform.engine.support.hierarchical.ThrowableCollector.execute(ThrowableCollector.java:73)
	at org.junit.platform.engine.support.hierarchical.NodeTestTask.lambda$executeRecursively$8(NodeTestTask.java:141)
	at org.junit.platform.engine.support.hierarchical.Node.around(Node.java:137)
	at org.junit.platform.engine.support.hierarchical.NodeTestTask.lambda$executeRecursively$9(NodeTestTask.java:139)
	at org.junit.platform.engine.support.hierarchical.ThrowableCollector.execute(ThrowableCollector.java:73)
	at org.junit.platform.engine.support.hierarchical.NodeTestTask.executeRecursively(NodeTestTask.java:138)
	at org.junit.platform.engine.support.hierarchical.NodeTestTask.execute(NodeTestTask.java:95)
	at java.util.ArrayList.forEach(ArrayList.java:1259)
	at org.junit.platform.engine.support.hierarchical.SameThreadHierarchicalTestExecutorService.invokeAll(SameThreadHierarchicalTestExecutorService.java:41)
	at org.junit.platform.engine.support.hierarchical.NodeTestTask.lambda$executeRecursively$6(NodeTestTask.java:155)
	at org.junit.platform.engine.support.hierarchical.ThrowableCollector.execute(ThrowableCollector.java:73)
	at org.junit.platform.engine.support.hierarchical.NodeTestTask.lambda$executeRecursively$8(NodeTestTask.java:141)
	at org.junit.platform.engine.support.hierarchical.Node.around(Node.java:137)
	at org.junit.platform.engine.support.hierarchical.NodeTestTask.lambda$executeRecursively$9(NodeTestTask.java:139)
	at org.junit.platform.engine.support.hierarchical.ThrowableCollector.execute(ThrowableCollector.java:73)
	at org.junit.platform.engine.support.hierarchical.NodeTestTask.executeRecursively(NodeTestTask.java:138)
	at org.junit.platform.engine.support.hierarchical.NodeTestTask.execute(NodeTestTask.java:95)
	at java.util.ArrayList.forEach(ArrayList.java:1259)
	at org.junit.platform.engine.support.hierarchical.SameThreadHierarchicalTestExecutorService.invokeAll(SameThreadHierarchicalTestExecutorService.java:41)
	at org.junit.platform.engine.support.hierarchical.NodeTestTask.lambda$executeRecursively$6(NodeTestTask.java:155)
	at org.junit.platform.engine.support.hierarchical.ThrowableCollector.execute(ThrowableCollector.java:73)
	at org.junit.platform.engine.support.hierarchical.NodeTestTask.lambda$executeRecursively$8(NodeTestTask.java:141)
	at org.junit.platform.engine.support.hierarchical.Node.around(Node.java:137)
	at org.junit.platform.engine.support.hierarchical.NodeTestTask.lambda$executeRecursively$9(NodeTestTask.java:139)
	at org.junit.platform.engine.support.hierarchical.ThrowableCollector.execute(ThrowableCollector.java:73)
	at org.junit.platform.engine.support.hierarchical.NodeTestTask.executeRecursively(NodeTestTask.java:138)
	at org.junit.platform.engine.support.hierarchical.NodeTestTask.execute(NodeTestTask.java:95)
	at org.junit.platform.engine.support.hierarchical.SameThreadHierarchicalTestExecutorService.submit(SameThreadHierarchicalTestExecutorService.java:35)
	at org.junit.platform.engine.support.hierarchical.HierarchicalTestExecutor.execute(HierarchicalTestExecutor.java:57)
	at org.junit.platform.engine.support.hierarchical.HierarchicalTestEngine.execute(HierarchicalTestEngine.java:54)
	at org.junit.platform.launcher.core.EngineExecutionOrchestrator.execute(EngineExecutionOrchestrator.java:107)
	at org.junit.platform.launcher.core.EngineExecutionOrchestrator.execute(EngineExecutionOrchestrator.java:88)
	at org.junit.platform.launcher.core.EngineExecutionOrchestrator.lambda$execute$0(EngineExecutionOrchestrator.java:54)
	at org.junit.platform.launcher.core.EngineExecutionOrchestrator.withInterceptedStreams(EngineExecutionOrchestrator.java:67)
	at org.junit.platform.launcher.core.EngineExecutionOrchestrator.execute(EngineExecutionOrchestrator.java:52)
	at org.junit.platform.launcher.core.DefaultLauncher.execute(DefaultLauncher.java:114)
	at org.junit.platform.launcher.core.DefaultLauncher.execute(DefaultLauncher.java:86)
	at org.junit.platform.launcher.core.DefaultLauncherSession$DelegatingLauncher.execute(DefaultLauncherSession.java:86)
	at org.junit.platform.launcher.core.SessionPerRequestLauncher.execute(SessionPerRequestLauncher.java:53)
	at org.apache.maven.surefire.junitplatform.JUnitPlatformProvider.invokeAllTests(JUnitPlatformProvider.java:165)
	at org.apache.maven.surefire.junitplatform.JUnitPlatformProvider.invoke(JUnitPlatformProvider.java:124)
	at org.apache.maven.surefire.booter.ForkedBooter.runSuitesInProcess(ForkedBooter.java:428)
	at org.apache.maven.surefire.booter.ForkedBooter.execute(ForkedBooter.java:162)
	at org.apache.maven.surefire.booter.ForkedBooter.run(ForkedBooter.java:562)
	at org.apache.maven.surefire.booter.ForkedBooter.main(ForkedBooter.java:548)
]]></stackTrace>
    </rerunFailure>
  </testcase>
</testsuite>