<?xml version="1.0" encoding="UTF-8"?>
<testsuite xmlns:xsi="http://www.w3.org/2001/XMLSchema-instance" xsi:noNamespaceSchemaLocation="https://maven.apache.org/surefire/maven-surefire-plugin/xsd/surefire-test-report.xsd" name="org.apache.hadoop.ozone.client.rpc.TestOzoneClientRetriesOnException" time="76.608" tests="2" errors="0" skipped="0" failures="1">
  <properties>
    <property name="awt.toolkit" value="sun.awt.X11.XToolkit"/>
    <property name="file.encoding.pkg" value="sun.io"/>
    <property name="java.specification.version" value="1.8"/>
    <property name="sun.cpu.isalist" value=""/>
    <property name="sun.jnu.encoding" value="ANSI_X3.4-1968"/>
    <property name="java.class.path" value="/github/workspace/mnt/ozone/hadoop-ozone/integration-test/target/test-classes:/github/workspace/mnt/ozone/hadoop-ozone/integration-test/target/classes:/home/user/.m2/repository/org/apache/hadoop/hadoop-ozone-common/0.6.0-SNAPSHOT/hadoop-ozone-common-0.6.0-SNAPSHOT.jar:/home/user/.m2/repository/org/apache/commons/commons-compress/1.4.1/commons-compress-1.4.1.jar:/home/user/.m2/repository/org/tukaani/xz/1.0/xz-1.0.jar:/home/user/.m2/repository/org/apache/hadoop/hadoop-hdds-common/0.6.0-SNAPSHOT/hadoop-hdds-common-0.6.0-SNAPSHOT.jar:/home/user/.m2/repository/info/picocli/picocli/3.9.6/picocli-3.9.6.jar:/home/user/.m2/repository/com/fasterxml/jackson/core/jackson-annotations/2.10.3/jackson-annotations-2.10.3.jar:/home/user/.m2/repository/javax/annotation/javax.annotation-api/1.2/javax.annotation-api-1.2.jar:/home/user/.m2/repository/org/apache/ratis/ratis-server/0.6.0-cac3336-SNAPSHOT/ratis-server-0.6.0-cac3336-SNAPSHOT.jar:/home/user/.m2/repository/org/apache/ratis/ratis-thirdparty-misc/0.4.0/ratis-thirdparty-misc-0.4.0.jar:/home/user/.m2/repository/org/apache/ratis/ratis-client/0.6.0-cac3336-SNAPSHOT/ratis-client-0.6.0-cac3336-SNAPSHOT.jar:/home/user/.m2/repository/org/apache/ratis/ratis-metrics/0.6.0-cac3336-SNAPSHOT/ratis-metrics-0.6.0-cac3336-SNAPSHOT.jar:/home/user/.m2/repository/org/apache/ratis/ratis-netty/0.6.0-cac3336-SNAPSHOT/ratis-netty-0.6.0-cac3336-SNAPSHOT.jar:/home/user/.m2/repository/org/apache/ratis/ratis-grpc/0.6.0-cac3336-SNAPSHOT/ratis-grpc-0.6.0-cac3336-SNAPSHOT.jar:/home/user/.m2/repository/org/apache/logging/log4j/log4j-api/2.11.0/log4j-api-2.11.0.jar:/home/user/.m2/repository/org/apache/logging/log4j/log4j-core/2.11.0/log4j-core-2.11.0.jar:/home/user/.m2/repository/com/lmax/disruptor/3.4.2/disruptor-3.4.2.jar:/home/user/.m2/repository/org/apache/commons/commons-pool2/2.6.0/commons-pool2-2.6.0.jar:/home/user/.m2/repository/org/bouncycastle/bcpkix-jdk15on/1.60/bcpkix-jdk15on-1.60.jar:/home/user/.m2/repository/commons-validator/commons-validator/1.6/commons-validator-1.6.jar:/home/user/.m2/repository/commons-digester/commons-digester/1.8.1/commons-digester-1.8.1.jar:/home/user/.m2/repository/io/jaegertracing/jaeger-client/1.2.0/jaeger-client-1.2.0.jar:/home/user/.m2/repository/io/jaegertracing/jaeger-thrift/1.2.0/jaeger-thrift-1.2.0.jar:/home/user/.m2/repository/org/apache/thrift/libthrift/0.13.0/libthrift-0.13.0.jar:/home/user/.m2/repository/com/squareup/okhttp3/okhttp/4.2.2/okhttp-4.2.2.jar:/home/user/.m2/repository/com/squareup/okio/okio/2.2.2/okio-2.2.2.jar:/home/user/.m2/repository/org/jetbrains/kotlin/kotlin-stdlib/1.3.50/kotlin-stdlib-1.3.50.jar:/home/user/.m2/repository/org/jetbrains/kotlin/kotlin-stdlib-common/1.3.50/kotlin-stdlib-common-1.3.50.jar:/home/user/.m2/repository/org/jetbrains/annotations/13.0/annotations-13.0.jar:/home/user/.m2/repository/io/jaegertracing/jaeger-core/1.2.0/jaeger-core-1.2.0.jar:/home/user/.m2/repository/io/jaegertracing/jaeger-tracerresolver/1.2.0/jaeger-tracerresolver-1.2.0.jar:/home/user/.m2/repository/io/opentracing/contrib/opentracing-tracerresolver/0.1.8/opentracing-tracerresolver-0.1.8.jar:/home/user/.m2/repository/io/opentracing/opentracing-util/0.33.0/opentracing-util-0.33.0.jar:/home/user/.m2/repository/io/opentracing/opentracing-api/0.33.0/opentracing-api-0.33.0.jar:/home/user/.m2/repository/io/opentracing/opentracing-noop/0.33.0/opentracing-noop-0.33.0.jar:/home/user/.m2/repository/org/apache/hadoop/hadoop-hdds-client/0.6.0-SNAPSHOT/hadoop-hdds-client-0.6.0-SNAPSHOT.jar:/home/user/.m2/repository/org/apache/hadoop/hadoop-hdds-test-utils/0.6.0-SNAPSHOT/hadoop-hdds-test-utils-0.6.0-SNAPSHOT.jar:/home/user/.m2/repository/com/google/guava/guava/28.2-jre/guava-28.2-jre.jar:/home/user/.m2/repository/com/google/guava/failureaccess/1.0.1/failureaccess-1.0.1.jar:/home/user/.m2/repository/com/google/guava/listenablefuture/9999.0-empty-to-avoid-conflict-with-guava/listenablefuture-9999.0-empty-to-avoid-conflict-with-guava.jar:/home/user/.m2/repository/com/google/code/findbugs/jsr305/3.0.0/jsr305-3.0.0.jar:/home/user/.m2/repository/org/checkerframework/checker-qual/2.10.0/checker-qual-2.10.0.jar:/home/user/.m2/repository/com/google/errorprone/error_prone_annotations/2.2.0/error_prone_annotations-2.2.0.jar:/home/user/.m2/repository/com/google/j2objc/j2objc-annotations/1.3/j2objc-annotations-1.3.jar:/home/user/.m2/repository/commons-io/commons-io/2.5/commons-io-2.5.jar:/home/user/.m2/repository/commons-logging/commons-logging/1.2/commons-logging-1.2.jar:/home/user/.m2/repository/log4j/log4j/1.2.17/log4j-1.2.17.jar:/home/user/.m2/repository/org/slf4j/slf4j-api/1.7.25/slf4j-api-1.7.25.jar:/home/user/.m2/repository/org/apache/hadoop/hadoop-hdds-server-scm/0.6.0-SNAPSHOT/hadoop-hdds-server-scm-0.6.0-SNAPSHOT.jar:/home/user/.m2/repository/org/apache/hadoop/hadoop-hdds-container-service/0.6.0-SNAPSHOT/hadoop-hdds-container-service-0.6.0-SNAPSHOT.jar:/home/user/.m2/repository/org/apache/hadoop/hadoop-hdds-hadoop-dependency-server/0.6.0-SNAPSHOT/hadoop-hdds-hadoop-dependency-server-0.6.0-SNAPSHOT.jar:/home/user/.m2/repository/org/apache/hadoop/hadoop-hdds-server-framework/0.6.0-SNAPSHOT/hadoop-hdds-server-framework-0.6.0-SNAPSHOT.jar:/home/user/.m2/repository/org/rocksdb/rocksdbjni/6.6.4/rocksdbjni-6.6.4.jar:/home/user/.m2/repository/io/prometheus/simpleclient_dropwizard/0.7.0/simpleclient_dropwizard-0.7.0.jar:/home/user/.m2/repository/io/prometheus/simpleclient/0.7.0/simpleclient-0.7.0.jar:/home/user/.m2/repository/io/prometheus/simpleclient_common/0.7.0/simpleclient_common-0.7.0.jar:/home/user/.m2/repository/com/fasterxml/jackson/datatype/jackson-datatype-jsr310/2.10.3/jackson-datatype-jsr310-2.10.3.jar:/home/user/.m2/repository/org/apache/hadoop/hadoop-hdds-docs/0.6.0-SNAPSHOT/hadoop-hdds-docs-0.6.0-SNAPSHOT.jar:/home/user/.m2/repository/io/dropwizard/metrics/metrics-core/3.2.4/metrics-core-3.2.4.jar:/home/user/.m2/repository/org/apache/hadoop/hadoop-hdfs-client/3.2.1/hadoop-hdfs-client-3.2.1.jar:/home/user/.m2/repository/org/bouncycastle/bcprov-jdk15on/1.60/bcprov-jdk15on-1.60.jar:/home/user/.m2/repository/org/apache/hadoop/hadoop-ozone-ozone-manager/0.6.0-SNAPSHOT/hadoop-ozone-ozone-manager-0.6.0-SNAPSHOT.jar:/home/user/.m2/repository/org/apache/hadoop/hadoop-minikdc/3.2.1/hadoop-minikdc-3.2.1.jar:/home/user/.m2/repository/org/apache/kerby/kerb-simplekdc/1.0.1/kerb-simplekdc-1.0.1.jar:/home/user/.m2/repository/org/apache/kerby/kerb-client/1.0.1/kerb-client-1.0.1.jar:/home/user/.m2/repository/org/apache/kerby/kerby-config/1.0.1/kerby-config-1.0.1.jar:/home/user/.m2/repository/org/apache/kerby/kerb-core/1.0.1/kerb-core-1.0.1.jar:/home/user/.m2/repository/org/apache/kerby/kerby-pkix/1.0.1/kerby-pkix-1.0.1.jar:/home/user/.m2/repository/org/apache/kerby/kerby-asn1/1.0.1/kerby-asn1-1.0.1.jar:/home/user/.m2/repository/org/apache/kerby/kerby-util/1.0.1/kerby-util-1.0.1.jar:/home/user/.m2/repository/org/apache/kerby/kerb-common/1.0.1/kerb-common-1.0.1.jar:/home/user/.m2/repository/org/apache/kerby/kerb-crypto/1.0.1/kerb-crypto-1.0.1.jar:/home/user/.m2/repository/org/apache/kerby/kerb-util/1.0.1/kerb-util-1.0.1.jar:/home/user/.m2/repository/org/apache/kerby/token-provider/1.0.1/token-provider-1.0.1.jar:/home/user/.m2/repository/org/apache/kerby/kerb-admin/1.0.1/kerb-admin-1.0.1.jar:/home/user/.m2/repository/org/apache/kerby/kerb-server/1.0.1/kerb-server-1.0.1.jar:/home/user/.m2/repository/org/apache/kerby/kerb-identity/1.0.1/kerb-identity-1.0.1.jar:/home/user/.m2/repository/org/apache/kerby/kerby-xdr/1.0.1/kerby-xdr-1.0.1.jar:/home/user/.m2/repository/org/slf4j/slf4j-log4j12/1.7.25/slf4j-log4j12-1.7.25.jar:/home/user/.m2/repository/org/apache/hadoop/hadoop-ozone-s3gateway/0.6.0-SNAPSHOT/hadoop-ozone-s3gateway-0.6.0-SNAPSHOT.jar:/home/user/.m2/repository/org/jboss/weld/servlet/weld-servlet/2.4.7.Final/weld-servlet-2.4.7.Final.jar:/home/user/.m2/repository/org/glassfish/jersey/containers/jersey-container-servlet-core/2.27/jersey-container-servlet-core-2.27.jar:/home/user/.m2/repository/org/glassfish/hk2/external/javax.inject/2.5.0-b42/javax.inject-2.5.0-b42.jar:/home/user/.m2/repository/org/glassfish/jersey/core/jersey-common/2.27/jersey-common-2.27.jar:/home/user/.m2/repository/org/glassfish/hk2/osgi-resource-locator/1.0.1/osgi-resource-locator-1.0.1.jar:/home/user/.m2/repository/javax/ws/rs/javax.ws.rs-api/2.1/javax.ws.rs-api-2.1.jar:/home/user/.m2/repository/org/glassfish/jersey/ext/cdi/jersey-cdi1x/2.27/jersey-cdi1x-2.27.jar:/home/user/.m2/repository/org/glassfish/jersey/inject/jersey-hk2/2.27/jersey-hk2-2.27.jar:/home/user/.m2/repository/org/glassfish/hk2/hk2-locator/2.5.0-b42/hk2-locator-2.5.0-b42.jar:/home/user/.m2/repository/org/javassist/javassist/3.22.0-CR2/javassist-3.22.0-CR2.jar:/home/user/.m2/repository/org/glassfish/hk2/hk2-api/2.5.0/hk2-api-2.5.0.jar:/home/user/.m2/repository/org/glassfish/hk2/external/jakarta.inject/2.5.0/jakarta.inject-2.5.0.jar:/home/user/.m2/repository/org/glassfish/hk2/hk2-utils/2.5.0/hk2-utils-2.5.0.jar:/home/user/.m2/repository/jakarta/annotation/jakarta.annotation-api/1.3.4/jakarta.annotation-api-1.3.4.jar:/home/user/.m2/repository/org/glassfish/hk2/external/aopalliance-repackaged/2.5.0/aopalliance-repackaged-2.5.0.jar:/home/user/.m2/repository/com/fasterxml/jackson/dataformat/jackson-dataformat-xml/2.10.3/jackson-dataformat-xml-2.10.3.jar:/home/user/.m2/repository/com/fasterxml/jackson/core/jackson-core/2.10.3/jackson-core-2.10.3.jar:/home/user/.m2/repository/com/fasterxml/jackson/module/jackson-module-jaxb-annotations/2.10.3/jackson-module-jaxb-annotations-2.10.3.jar:/home/user/.m2/repository/jakarta/xml/bind/jakarta.xml.bind-api/2.3.2/jakarta.xml.bind-api-2.3.2.jar:/home/user/.m2/repository/jakarta/activation/jakarta.activation-api/1.2.1/jakarta.activation-api-1.2.1.jar:/home/user/.m2/repository/org/codehaus/woodstox/stax2-api/3.1.4/stax2-api-3.1.4.jar:/home/user/.m2/repository/com/fasterxml/woodstox/woodstox-core/5.0.3/woodstox-core-5.0.3.jar:/home/user/.m2/repository/javax/enterprise/cdi-api/1.2/cdi-api-1.2.jar:/home/user/.m2/repository/javax/el/javax.el-api/3.0.0/javax.el-api-3.0.0.jar:/home/user/.m2/repository/javax/interceptor/javax.interceptor-api/1.2/javax.interceptor-api-1.2.jar:/home/user/.m2/repository/javax/inject/javax.inject/1/javax.inject-1.jar:/home/user/.m2/repository/com/sun/xml/bind/jaxb-impl/2.3.0.1/jaxb-impl-2.3.0.1.jar:/home/user/.m2/repository/com/sun/xml/bind/jaxb-core/2.3.0.1/jaxb-core-2.3.0.1.jar:/home/user/.m2/repository/javax/xml/bind/jaxb-api/2.3.0/jaxb-api-2.3.0.jar:/home/user/.m2/repository/javax/activation/activation/1.1.1/activation-1.1.1.jar:/home/user/.m2/repository/org/apache/hadoop/hadoop-ozone-csi/0.6.0-SNAPSHOT/hadoop-ozone-csi-0.6.0-SNAPSHOT.jar:/home/user/.m2/repository/com/google/protobuf/protobuf-java-util/3.11.0/protobuf-java-util-3.11.0.jar:/home/user/.m2/repository/com/google/code/gson/gson/2.2.4/gson-2.2.4.jar:/home/user/.m2/repository/org/apache/hadoop/hadoop-hdds-config/0.6.0-SNAPSHOT/hadoop-hdds-config-0.6.0-SNAPSHOT.jar:/home/user/.m2/repository/com/google/protobuf/protobuf-java/2.5.0/protobuf-java-2.5.0.jar:/home/user/.m2/repository/io/grpc/grpc-netty/1.28.1/grpc-netty-1.28.1.jar:/home/user/.m2/repository/io/grpc/grpc-core/1.28.1/grpc-core-1.28.1.jar:/home/user/.m2/repository/com/google/android/annotations/4.1.1.4/annotations-4.1.1.4.jar:/home/user/.m2/repository/io/perfmark/perfmark-api/0.19.0/perfmark-api-0.19.0.jar:/home/user/.m2/repository/io/netty/netty-codec-http2/4.1.45.Final/netty-codec-http2-4.1.45.Final.jar:/home/user/.m2/repository/io/netty/netty-codec/4.1.45.Final/netty-codec-4.1.45.Final.jar:/home/user/.m2/repository/io/netty/netty-handler/4.1.45.Final/netty-handler-4.1.45.Final.jar:/home/user/.m2/repository/io/netty/netty-codec-http/4.1.45.Final/netty-codec-http-4.1.45.Final.jar:/home/user/.m2/repository/io/netty/netty-handler-proxy/4.1.45.Final/netty-handler-proxy-4.1.45.Final.jar:/home/user/.m2/repository/io/netty/netty-codec-socks/4.1.45.Final/netty-codec-socks-4.1.45.Final.jar:/home/user/.m2/repository/io/netty/netty-transport-native-epoll/4.1.48.Final/netty-transport-native-epoll-4.1.48.Final.jar:/home/user/.m2/repository/io/netty/netty-common/4.1.48.Final/netty-common-4.1.48.Final.jar:/home/user/.m2/repository/io/netty/netty-buffer/4.1.48.Final/netty-buffer-4.1.48.Final.jar:/home/user/.m2/repository/io/netty/netty-transport/4.1.48.Final/netty-transport-4.1.48.Final.jar:/home/user/.m2/repository/io/netty/netty-resolver/4.1.48.Final/netty-resolver-4.1.48.Final.jar:/home/user/.m2/repository/io/netty/netty-transport-native-unix-common/4.1.48.Final/netty-transport-native-unix-common-4.1.48.Final.jar:/home/user/.m2/repository/io/grpc/grpc-protobuf/1.28.1/grpc-protobuf-1.28.1.jar:/home/user/.m2/repository/io/grpc/grpc-api/1.28.1/grpc-api-1.28.1.jar:/home/user/.m2/repository/io/grpc/grpc-context/1.28.1/grpc-context-1.28.1.jar:/home/user/.m2/repository/org/codehaus/mojo/animal-sniffer-annotations/1.18/animal-sniffer-annotations-1.18.jar:/home/user/.m2/repository/com/google/api/grpc/proto-google-common-protos/1.17.0/proto-google-common-protos-1.17.0.jar:/home/user/.m2/repository/io/grpc/grpc-protobuf-lite/1.28.1/grpc-protobuf-lite-1.28.1.jar:/home/user/.m2/repository/io/grpc/grpc-stub/1.28.1/grpc-stub-1.28.1.jar:/home/user/.m2/repository/org/apache/hadoop/hadoop-ozone-recon/0.6.0-SNAPSHOT/hadoop-ozone-recon-0.6.0-SNAPSHOT.jar:/home/user/.m2/repository/org/apache/hadoop/hadoop-ozone-reconcodegen/0.6.0-SNAPSHOT/hadoop-ozone-reconcodegen-0.6.0-SNAPSHOT.jar:/home/user/.m2/repository/com/google/inject/extensions/guice-multibindings/4.0/guice-multibindings-4.0.jar:/home/user/.m2/repository/com/google/inject/guice/4.0/guice-4.0.jar:/home/user/.m2/repository/aopalliance/aopalliance/1.0/aopalliance-1.0.jar:/home/user/.m2/repository/com/google/inject/extensions/guice-assistedinject/4.0/guice-assistedinject-4.0.jar:/home/user/.m2/repository/com/google/inject/extensions/guice-servlet/4.0/guice-servlet-4.0.jar:/home/user/.m2/repository/org/glassfish/jersey/containers/jersey-container-servlet/2.27/jersey-container-servlet-2.27.jar:/home/user/.m2/repository/org/glassfish/hk2/guice-bridge/2.5.0/guice-bridge-2.5.0.jar:/home/user/.m2/repository/org/glassfish/jersey/core/jersey-server/2.27/jersey-server-2.27.jar:/home/user/.m2/repository/org/glassfish/jersey/core/jersey-client/2.27/jersey-client-2.27.jar:/home/user/.m2/repository/org/glassfish/jersey/media/jersey-media-jaxb/2.27/jersey-media-jaxb-2.27.jar:/home/user/.m2/repository/javax/validation/validation-api/1.1.0.Final/validation-api-1.1.0.Final.jar:/home/user/.m2/repository/org/glassfish/jersey/media/jersey-media-json-jackson/2.27/jersey-media-json-jackson-2.27.jar:/home/user/.m2/repository/org/glassfish/jersey/ext/jersey-entity-filtering/2.27/jersey-entity-filtering-2.27.jar:/home/user/.m2/repository/org/jooq/jooq/3.11.10/jooq-3.11.10.jar:/home/user/.m2/repository/org/jooq/jooq-meta/3.11.10/jooq-meta-3.11.10.jar:/home/user/.m2/repository/org/jooq/jooq-codegen/3.11.10/jooq-codegen-3.11.10.jar:/home/user/.m2/repository/com/jolbox/bonecp/0.8.0.RELEASE/bonecp-0.8.0.RELEASE.jar:/home/user/.m2/repository/org/apache/derby/derby/10.14.2.0/derby-10.14.2.0.jar:/home/user/.m2/repository/org/xerial/sqlite-jdbc/3.25.2/sqlite-jdbc-3.25.2.jar:/home/user/.m2/repository/org/springframework/spring-jdbc/5.2.5.RELEASE/spring-jdbc-5.2.5.RELEASE.jar:/home/user/.m2/repository/org/springframework/spring-beans/5.2.5.RELEASE/spring-beans-5.2.5.RELEASE.jar:/home/user/.m2/repository/org/springframework/spring-core/5.2.5.RELEASE/spring-core-5.2.5.RELEASE.jar:/home/user/.m2/repository/org/springframework/spring-jcl/5.2.5.RELEASE/spring-jcl-5.2.5.RELEASE.jar:/home/user/.m2/repository/org/springframework/spring-tx/5.2.5.RELEASE/spring-tx-5.2.5.RELEASE.jar:/home/user/.m2/repository/org/apache/hadoop/hadoop-ozone-client/0.6.0-SNAPSHOT/hadoop-ozone-client-0.6.0-SNAPSHOT.jar:/home/user/.m2/repository/org/apache/hadoop/hadoop-ozone-filesystem/0.6.0-SNAPSHOT/hadoop-ozone-filesystem-0.6.0-SNAPSHOT.jar:/home/user/.m2/repository/org/apache/hadoop/hadoop-hdds-hadoop-dependency-client/0.6.0-SNAPSHOT/hadoop-hdds-hadoop-dependency-client-0.6.0-SNAPSHOT.jar:/home/user/.m2/repository/org/apache/hadoop/hadoop-ozone-tools/0.6.0-SNAPSHOT/hadoop-ozone-tools-0.6.0-SNAPSHOT.jar:/home/user/.m2/repository/org/apache/hadoop/hadoop-hdfs/3.2.1/hadoop-hdfs-3.2.1.jar:/home/user/.m2/repository/org/apache/ratis/ratis-tools/0.6.0-cac3336-SNAPSHOT/ratis-tools-0.6.0-cac3336-SNAPSHOT.jar:/home/user/.m2/repository/org/apache/ratis/ratis-proto/0.6.0-cac3336-SNAPSHOT/ratis-proto-0.6.0-cac3336-SNAPSHOT.jar:/home/user/.m2/repository/org/apache/ratis/ratis-common/0.6.0-cac3336-SNAPSHOT/ratis-common-0.6.0-cac3336-SNAPSHOT.jar:/home/user/.m2/repository/com/amazonaws/aws-java-sdk-core/1.11.615/aws-java-sdk-core-1.11.615.jar:/home/user/.m2/repository/org/apache/httpcomponents/httpclient/4.5.2/httpclient-4.5.2.jar:/home/user/.m2/repository/org/apache/httpcomponents/httpcore/4.4.4/httpcore-4.4.4.jar:/home/user/.m2/repository/software/amazon/ion/ion-java/1.0.2/ion-java-1.0.2.jar:/home/user/.m2/repository/com/fasterxml/jackson/dataformat/jackson-dataformat-cbor/2.10.3/jackson-dataformat-cbor-2.10.3.jar:/home/user/.m2/repository/joda-time/joda-time/2.8.1/joda-time-2.8.1.jar:/home/user/.m2/repository/com/amazonaws/aws-java-sdk-s3/1.11.615/aws-java-sdk-s3-1.11.615.jar:/home/user/.m2/repository/com/amazonaws/aws-java-sdk-kms/1.11.615/aws-java-sdk-kms-1.11.615.jar:/home/user/.m2/repository/com/amazonaws/jmespath-java/1.11.615/jmespath-java-1.11.615.jar:/home/user/.m2/repository/org/apache/hadoop/hadoop-hdds-tools/0.6.0-SNAPSHOT/hadoop-hdds-tools-0.6.0-SNAPSHOT.jar:/home/user/.m2/repository/commons-cli/commons-cli/1.2/commons-cli-1.2.jar:/home/user/.m2/repository/org/apache/commons/commons-lang3/3.7/commons-lang3-3.7.jar:/home/user/.m2/repository/org/apache/hadoop/hadoop-ozone-ozone-manager/0.6.0-SNAPSHOT/hadoop-ozone-ozone-manager-0.6.0-SNAPSHOT-tests.jar:/home/user/.m2/repository/junit/junit/4.11/junit-4.11.jar:/home/user/.m2/repository/org/hamcrest/hamcrest-core/1.3/hamcrest-core-1.3.jar:/home/user/.m2/repository/org/openjdk/jmh/jmh-core/1.19/jmh-core-1.19.jar:/home/user/.m2/repository/net/sf/jopt-simple/jopt-simple/4.6/jopt-simple-4.6.jar:/home/user/.m2/repository/org/apache/commons/commons-math3/3.1.1/commons-math3-3.1.1.jar:/home/user/.m2/repository/org/openjdk/jmh/jmh-generator-annprocess/1.19/jmh-generator-annprocess-1.19.jar:/home/user/.m2/repository/org/mockito/mockito-all/1.8.5/mockito-all-1.8.5.jar:/home/user/.m2/repository/org/apache/hadoop/hadoop-kms/3.2.1/hadoop-kms-3.2.1.jar:/home/user/.m2/repository/org/apache/hadoop/hadoop-auth/3.2.1/hadoop-auth-3.2.1.jar:/home/user/.m2/repository/com/nimbusds/nimbus-jose-jwt/7.9/nimbus-jose-jwt-7.9.jar:/home/user/.m2/repository/com/github/stephenc/jcip/jcip-annotations/1.0-1/jcip-annotations-1.0-1.jar:/home/user/.m2/repository/net/minidev/json-smart/2.3/json-smart-2.3.jar:/home/user/.m2/repository/net/minidev/accessors-smart/1.2/accessors-smart-1.2.jar:/home/user/.m2/repository/org/ow2/asm/asm/5.0.4/asm-5.0.4.jar:/home/user/.m2/repository/org/apache/zookeeper/zookeeper/3.4.13/zookeeper-3.4.13.jar:/home/user/.m2/repository/org/apache/yetus/audience-annotations/0.5.0/audience-annotations-0.5.0.jar:/home/user/.m2/repository/org/apache/curator/curator-framework/2.13.0/curator-framework-2.13.0.jar:/home/user/.m2/repository/com/sun/jersey/jersey-core/1.19/jersey-core-1.19.jar:/home/user/.m2/repository/javax/ws/rs/jsr311-api/1.1.1/jsr311-api-1.1.1.jar:/home/user/.m2/repository/com/sun/jersey/jersey-server/1.19/jersey-server-1.19.jar:/home/user/.m2/repository/javax/servlet/javax.servlet-api/3.1.0/javax.servlet-api-3.1.0.jar:/home/user/.m2/repository/org/eclipse/jetty/jetty-server/9.4.26.v20200117/jetty-server-9.4.26.v20200117.jar:/home/user/.m2/repository/org/eclipse/jetty/jetty-http/9.4.26.v20200117/jetty-http-9.4.26.v20200117.jar:/home/user/.m2/repository/org/eclipse/jetty/jetty-io/9.4.26.v20200117/jetty-io-9.4.26.v20200117.jar:/home/user/.m2/repository/org/eclipse/jetty/jetty-webapp/9.4.26.v20200117/jetty-webapp-9.4.26.v20200117.jar:/home/user/.m2/repository/org/eclipse/jetty/jetty-xml/9.4.26.v20200117/jetty-xml-9.4.26.v20200117.jar:/home/user/.m2/repository/org/eclipse/jetty/jetty-servlet/9.4.26.v20200117/jetty-servlet-9.4.26.v20200117.jar:/home/user/.m2/repository/org/eclipse/jetty/jetty-security/9.4.26.v20200117/jetty-security-9.4.26.v20200117.jar:/home/user/.m2/repository/org/apache/hadoop/hadoop-common/3.2.1/hadoop-common-3.2.1.jar:/home/user/.m2/repository/commons-net/commons-net/3.6/commons-net-3.6.jar:/home/user/.m2/repository/commons-collections/commons-collections/3.2.2/commons-collections-3.2.2.jar:/home/user/.m2/repository/com/sun/jersey/jersey-servlet/1.19/jersey-servlet-1.19.jar:/home/user/.m2/repository/com/sun/jersey/jersey-json/1.19/jersey-json-1.19.jar:/home/user/.m2/repository/org/codehaus/jettison/jettison/1.1/jettison-1.1.jar:/home/user/.m2/repository/org/codehaus/jackson/jackson-jaxrs/1.9.2/jackson-jaxrs-1.9.2.jar:/home/user/.m2/repository/org/codehaus/jackson/jackson-xc/1.9.2/jackson-xc-1.9.2.jar:/home/user/.m2/repository/commons-beanutils/commons-beanutils/1.9.4/commons-beanutils-1.9.4.jar:/home/user/.m2/repository/org/apache/commons/commons-configuration2/2.1.1/commons-configuration2-2.1.1.jar:/home/user/.m2/repository/org/apache/commons/commons-text/1.4/commons-text-1.4.jar:/home/user/.m2/repository/com/google/re2j/re2j/1.1/re2j-1.1.jar:/home/user/.m2/repository/com/jcraft/jsch/0.1.54/jsch-0.1.54.jar:/home/user/.m2/repository/org/apache/curator/curator-client/2.13.0/curator-client-2.13.0.jar:/home/user/.m2/repository/org/apache/curator/curator-recipes/2.13.0/curator-recipes-2.13.0.jar:/home/user/.m2/repository/dnsjava/dnsjava/2.1.7/dnsjava-2.1.7.jar:/home/user/.m2/repository/org/slf4j/jul-to-slf4j/1.7.25/jul-to-slf4j-1.7.25.jar:/home/user/.m2/repository/org/eclipse/jetty/jetty-util/9.4.26.v20200117/jetty-util-9.4.26.v20200117.jar:/home/user/.m2/repository/com/fasterxml/jackson/core/jackson-databind/2.10.3/jackson-databind-2.10.3.jar:/home/user/.m2/repository/org/apache/hadoop/hadoop-kms/3.2.1/hadoop-kms-3.2.1-tests.jar:/home/user/.m2/repository/org/apache/hadoop/hadoop-hdds-server-scm/0.6.0-SNAPSHOT/hadoop-hdds-server-scm-0.6.0-SNAPSHOT-tests.jar:/home/user/.m2/repository/org/apache/hadoop/hadoop-hdds-container-service/0.6.0-SNAPSHOT/hadoop-hdds-container-service-0.6.0-SNAPSHOT-tests.jar:/home/user/.m2/repository/org/apache/hadoop/hadoop-hdds-common/0.6.0-SNAPSHOT/hadoop-hdds-common-0.6.0-SNAPSHOT-tests.jar:/home/user/.m2/repository/org/yaml/snakeyaml/1.16/snakeyaml-1.16.jar:/home/user/.m2/repository/org/apache/hadoop/hadoop-hdds-hadoop-dependency-test/0.6.0-SNAPSHOT/hadoop-hdds-hadoop-dependency-test-0.6.0-SNAPSHOT.jar:/home/user/.m2/repository/org/apache/hadoop/hadoop-common/3.2.1/hadoop-common-3.2.1-tests.jar:/home/user/.m2/repository/javax/servlet/jsp/jsp-api/2.1/jsp-api-2.1.jar:/home/user/.m2/repository/org/apache/hadoop/hadoop-hdfs/3.2.1/hadoop-hdfs-3.2.1-tests.jar:/home/user/.m2/repository/org/eclipse/jetty/jetty-util-ajax/9.4.26.v20200117/jetty-util-ajax-9.4.26.v20200117.jar:/home/user/.m2/repository/commons-codec/commons-codec/1.11/commons-codec-1.11.jar:/home/user/.m2/repository/commons-daemon/commons-daemon/1.0.13/commons-daemon-1.0.13.jar:/home/user/.m2/repository/io/netty/netty/3.10.5.Final/netty-3.10.5.Final.jar:/home/user/.m2/repository/io/netty/netty-all/4.1.48.Final/netty-all-4.1.48.Final.jar:/home/user/.m2/repository/org/apache/htrace/htrace-core4/4.1.0-incubating/htrace-core4-4.1.0-incubating.jar:/home/user/.m2/repository/org/fusesource/leveldbjni/leveldbjni-all/1.8/leveldbjni-all-1.8.jar:/home/user/.m2/repository/org/apache/hadoop/hadoop-distcp/3.2.1/hadoop-distcp-3.2.1.jar:/home/user/.m2/repository/org/apache/hadoop/hadoop-mapreduce-client-jobclient/3.2.1/hadoop-mapreduce-client-jobclient-3.2.1.jar:/home/user/.m2/repository/org/apache/hadoop/hadoop-mapreduce-client-common/3.2.1/hadoop-mapreduce-client-common-3.2.1.jar:/home/user/.m2/repository/org/apache/hadoop/hadoop-yarn-common/3.2.1/hadoop-yarn-common-3.2.1.jar:/home/user/.m2/repository/org/apache/hadoop/hadoop-yarn-api/3.2.1/hadoop-yarn-api-3.2.1.jar:/home/user/.m2/repository/com/sun/jersey/jersey-client/1.19/jersey-client-1.19.jar:/home/user/.m2/repository/com/sun/jersey/contribs/jersey-guice/1.19/jersey-guice-1.19.jar:/home/user/.m2/repository/com/fasterxml/jackson/jaxrs/jackson-jaxrs-json-provider/2.10.3/jackson-jaxrs-json-provider-2.10.3.jar:/home/user/.m2/repository/com/fasterxml/jackson/jaxrs/jackson-jaxrs-base/2.10.3/jackson-jaxrs-base-2.10.3.jar:/home/user/.m2/repository/org/apache/hadoop/hadoop-yarn-client/3.2.1/hadoop-yarn-client-3.2.1.jar:/home/user/.m2/repository/org/apache/hadoop/hadoop-mapreduce-client-core/3.2.1/hadoop-mapreduce-client-core-3.2.1.jar:/home/user/.m2/repository/org/apache/avro/avro/1.7.7/avro-1.7.7.jar:/home/user/.m2/repository/org/codehaus/jackson/jackson-core-asl/1.9.13/jackson-core-asl-1.9.13.jar:/home/user/.m2/repository/org/codehaus/jackson/jackson-mapper-asl/1.9.13/jackson-mapper-asl-1.9.13.jar:/home/user/.m2/repository/com/thoughtworks/paranamer/paranamer/2.3/paranamer-2.3.jar:/home/user/.m2/repository/org/xerial/snappy/snappy-java/1.0.5/snappy-java-1.0.5.jar:/home/user/.m2/repository/org/apache/hadoop/hadoop-annotations/3.2.1/hadoop-annotations-3.2.1.jar:/usr/lib/jvm/java-1.8.0-openjdk-1.8.0.232.b09-0.el7_7.x86_64/jre/../lib/tools.jar:/home/user/.m2/repository/org/apache/hadoop/hadoop-distcp/3.2.1/hadoop-distcp-3.2.1-tests.jar:"/>
    <property name="java.vm.vendor" value="Oracle Corporation"/>
    <property name="sun.arch.data.model" value="64"/>
    <property name="test.build.dir" value="/github/workspace/mnt/ozone/hadoop-ozone/integration-test/target/test-dir"/>
    <property name="test.cache.data" value=""/>
    <property name="java.vendor.url" value="http://java.oracle.com/"/>
    <property name="user.timezone" value=""/>
    <property name="java.vm.specification.version" value="1.8"/>
    <property name="os.name" value="Linux"/>
    <property name="test.build.data" value="/github/workspace/mnt/ozone/hadoop-ozone/integration-test/target/test-dir"/>
    <property name="user.country" value="US"/>
    <property name="sun.java.launcher" value="SUN_STANDARD"/>
    <property name="sun.boot.library.path" value="/usr/lib/jvm/java-1.8.0-openjdk-1.8.0.232.b09-0.el7_7.x86_64/jre/lib/amd64"/>
    <property name="sun.java.command" value="/github/workspace/mnt/ozone/hadoop-ozone/integration-test/target/surefire/surefirebooter1302500639203885130.jar /github/workspace/mnt/ozone/hadoop-ozone/integration-test/target/surefire 2020-05-29T04-13-35_640-jvmRun1 surefire1211183516452553959tmp surefire_218173181349293362046tmp"/>
    <property name="surefire.test.class.path" value="/github/workspace/mnt/ozone/hadoop-ozone/integration-test/target/test-classes:/github/workspace/mnt/ozone/hadoop-ozone/integration-test/target/classes:/home/user/.m2/repository/org/apache/hadoop/hadoop-ozone-common/0.6.0-SNAPSHOT/hadoop-ozone-common-0.6.0-SNAPSHOT.jar:/home/user/.m2/repository/org/apache/commons/commons-compress/1.4.1/commons-compress-1.4.1.jar:/home/user/.m2/repository/org/tukaani/xz/1.0/xz-1.0.jar:/home/user/.m2/repository/org/apache/hadoop/hadoop-hdds-common/0.6.0-SNAPSHOT/hadoop-hdds-common-0.6.0-SNAPSHOT.jar:/home/user/.m2/repository/info/picocli/picocli/3.9.6/picocli-3.9.6.jar:/home/user/.m2/repository/com/fasterxml/jackson/core/jackson-annotations/2.10.3/jackson-annotations-2.10.3.jar:/home/user/.m2/repository/javax/annotation/javax.annotation-api/1.2/javax.annotation-api-1.2.jar:/home/user/.m2/repository/org/apache/ratis/ratis-server/0.6.0-cac3336-SNAPSHOT/ratis-server-0.6.0-cac3336-SNAPSHOT.jar:/home/user/.m2/repository/org/apache/ratis/ratis-thirdparty-misc/0.4.0/ratis-thirdparty-misc-0.4.0.jar:/home/user/.m2/repository/org/apache/ratis/ratis-client/0.6.0-cac3336-SNAPSHOT/ratis-client-0.6.0-cac3336-SNAPSHOT.jar:/home/user/.m2/repository/org/apache/ratis/ratis-metrics/0.6.0-cac3336-SNAPSHOT/ratis-metrics-0.6.0-cac3336-SNAPSHOT.jar:/home/user/.m2/repository/org/apache/ratis/ratis-netty/0.6.0-cac3336-SNAPSHOT/ratis-netty-0.6.0-cac3336-SNAPSHOT.jar:/home/user/.m2/repository/org/apache/ratis/ratis-grpc/0.6.0-cac3336-SNAPSHOT/ratis-grpc-0.6.0-cac3336-SNAPSHOT.jar:/home/user/.m2/repository/org/apache/logging/log4j/log4j-api/2.11.0/log4j-api-2.11.0.jar:/home/user/.m2/repository/org/apache/logging/log4j/log4j-core/2.11.0/log4j-core-2.11.0.jar:/home/user/.m2/repository/com/lmax/disruptor/3.4.2/disruptor-3.4.2.jar:/home/user/.m2/repository/org/apache/commons/commons-pool2/2.6.0/commons-pool2-2.6.0.jar:/home/user/.m2/repository/org/bouncycastle/bcpkix-jdk15on/1.60/bcpkix-jdk15on-1.60.jar:/home/user/.m2/repository/commons-validator/commons-validator/1.6/commons-validator-1.6.jar:/home/user/.m2/repository/commons-digester/commons-digester/1.8.1/commons-digester-1.8.1.jar:/home/user/.m2/repository/io/jaegertracing/jaeger-client/1.2.0/jaeger-client-1.2.0.jar:/home/user/.m2/repository/io/jaegertracing/jaeger-thrift/1.2.0/jaeger-thrift-1.2.0.jar:/home/user/.m2/repository/org/apache/thrift/libthrift/0.13.0/libthrift-0.13.0.jar:/home/user/.m2/repository/com/squareup/okhttp3/okhttp/4.2.2/okhttp-4.2.2.jar:/home/user/.m2/repository/com/squareup/okio/okio/2.2.2/okio-2.2.2.jar:/home/user/.m2/repository/org/jetbrains/kotlin/kotlin-stdlib/1.3.50/kotlin-stdlib-1.3.50.jar:/home/user/.m2/repository/org/jetbrains/kotlin/kotlin-stdlib-common/1.3.50/kotlin-stdlib-common-1.3.50.jar:/home/user/.m2/repository/org/jetbrains/annotations/13.0/annotations-13.0.jar:/home/user/.m2/repository/io/jaegertracing/jaeger-core/1.2.0/jaeger-core-1.2.0.jar:/home/user/.m2/repository/io/jaegertracing/jaeger-tracerresolver/1.2.0/jaeger-tracerresolver-1.2.0.jar:/home/user/.m2/repository/io/opentracing/contrib/opentracing-tracerresolver/0.1.8/opentracing-tracerresolver-0.1.8.jar:/home/user/.m2/repository/io/opentracing/opentracing-util/0.33.0/opentracing-util-0.33.0.jar:/home/user/.m2/repository/io/opentracing/opentracing-api/0.33.0/opentracing-api-0.33.0.jar:/home/user/.m2/repository/io/opentracing/opentracing-noop/0.33.0/opentracing-noop-0.33.0.jar:/home/user/.m2/repository/org/apache/hadoop/hadoop-hdds-client/0.6.0-SNAPSHOT/hadoop-hdds-client-0.6.0-SNAPSHOT.jar:/home/user/.m2/repository/org/apache/hadoop/hadoop-hdds-test-utils/0.6.0-SNAPSHOT/hadoop-hdds-test-utils-0.6.0-SNAPSHOT.jar:/home/user/.m2/repository/com/google/guava/guava/28.2-jre/guava-28.2-jre.jar:/home/user/.m2/repository/com/google/guava/failureaccess/1.0.1/failureaccess-1.0.1.jar:/home/user/.m2/repository/com/google/guava/listenablefuture/9999.0-empty-to-avoid-conflict-with-guava/listenablefuture-9999.0-empty-to-avoid-conflict-with-guava.jar:/home/user/.m2/repository/com/google/code/findbugs/jsr305/3.0.0/jsr305-3.0.0.jar:/home/user/.m2/repository/org/checkerframework/checker-qual/2.10.0/checker-qual-2.10.0.jar:/home/user/.m2/repository/com/google/errorprone/error_prone_annotations/2.2.0/error_prone_annotations-2.2.0.jar:/home/user/.m2/repository/com/google/j2objc/j2objc-annotations/1.3/j2objc-annotations-1.3.jar:/home/user/.m2/repository/commons-io/commons-io/2.5/commons-io-2.5.jar:/home/user/.m2/repository/commons-logging/commons-logging/1.2/commons-logging-1.2.jar:/home/user/.m2/repository/log4j/log4j/1.2.17/log4j-1.2.17.jar:/home/user/.m2/repository/org/slf4j/slf4j-api/1.7.25/slf4j-api-1.7.25.jar:/home/user/.m2/repository/org/apache/hadoop/hadoop-hdds-server-scm/0.6.0-SNAPSHOT/hadoop-hdds-server-scm-0.6.0-SNAPSHOT.jar:/home/user/.m2/repository/org/apache/hadoop/hadoop-hdds-container-service/0.6.0-SNAPSHOT/hadoop-hdds-container-service-0.6.0-SNAPSHOT.jar:/home/user/.m2/repository/org/apache/hadoop/hadoop-hdds-hadoop-dependency-server/0.6.0-SNAPSHOT/hadoop-hdds-hadoop-dependency-server-0.6.0-SNAPSHOT.jar:/home/user/.m2/repository/org/apache/hadoop/hadoop-hdds-server-framework/0.6.0-SNAPSHOT/hadoop-hdds-server-framework-0.6.0-SNAPSHOT.jar:/home/user/.m2/repository/org/rocksdb/rocksdbjni/6.6.4/rocksdbjni-6.6.4.jar:/home/user/.m2/repository/io/prometheus/simpleclient_dropwizard/0.7.0/simpleclient_dropwizard-0.7.0.jar:/home/user/.m2/repository/io/prometheus/simpleclient/0.7.0/simpleclient-0.7.0.jar:/home/user/.m2/repository/io/prometheus/simpleclient_common/0.7.0/simpleclient_common-0.7.0.jar:/home/user/.m2/repository/com/fasterxml/jackson/datatype/jackson-datatype-jsr310/2.10.3/jackson-datatype-jsr310-2.10.3.jar:/home/user/.m2/repository/org/apache/hadoop/hadoop-hdds-docs/0.6.0-SNAPSHOT/hadoop-hdds-docs-0.6.0-SNAPSHOT.jar:/home/user/.m2/repository/io/dropwizard/metrics/metrics-core/3.2.4/metrics-core-3.2.4.jar:/home/user/.m2/repository/org/apache/hadoop/hadoop-hdfs-client/3.2.1/hadoop-hdfs-client-3.2.1.jar:/home/user/.m2/repository/org/bouncycastle/bcprov-jdk15on/1.60/bcprov-jdk15on-1.60.jar:/home/user/.m2/repository/org/apache/hadoop/hadoop-ozone-ozone-manager/0.6.0-SNAPSHOT/hadoop-ozone-ozone-manager-0.6.0-SNAPSHOT.jar:/home/user/.m2/repository/org/apache/hadoop/hadoop-minikdc/3.2.1/hadoop-minikdc-3.2.1.jar:/home/user/.m2/repository/org/apache/kerby/kerb-simplekdc/1.0.1/kerb-simplekdc-1.0.1.jar:/home/user/.m2/repository/org/apache/kerby/kerb-client/1.0.1/kerb-client-1.0.1.jar:/home/user/.m2/repository/org/apache/kerby/kerby-config/1.0.1/kerby-config-1.0.1.jar:/home/user/.m2/repository/org/apache/kerby/kerb-core/1.0.1/kerb-core-1.0.1.jar:/home/user/.m2/repository/org/apache/kerby/kerby-pkix/1.0.1/kerby-pkix-1.0.1.jar:/home/user/.m2/repository/org/apache/kerby/kerby-asn1/1.0.1/kerby-asn1-1.0.1.jar:/home/user/.m2/repository/org/apache/kerby/kerby-util/1.0.1/kerby-util-1.0.1.jar:/home/user/.m2/repository/org/apache/kerby/kerb-common/1.0.1/kerb-common-1.0.1.jar:/home/user/.m2/repository/org/apache/kerby/kerb-crypto/1.0.1/kerb-crypto-1.0.1.jar:/home/user/.m2/repository/org/apache/kerby/kerb-util/1.0.1/kerb-util-1.0.1.jar:/home/user/.m2/repository/org/apache/kerby/token-provider/1.0.1/token-provider-1.0.1.jar:/home/user/.m2/repository/org/apache/kerby/kerb-admin/1.0.1/kerb-admin-1.0.1.jar:/home/user/.m2/repository/org/apache/kerby/kerb-server/1.0.1/kerb-server-1.0.1.jar:/home/user/.m2/repository/org/apache/kerby/kerb-identity/1.0.1/kerb-identity-1.0.1.jar:/home/user/.m2/repository/org/apache/kerby/kerby-xdr/1.0.1/kerby-xdr-1.0.1.jar:/home/user/.m2/repository/org/slf4j/slf4j-log4j12/1.7.25/slf4j-log4j12-1.7.25.jar:/home/user/.m2/repository/org/apache/hadoop/hadoop-ozone-s3gateway/0.6.0-SNAPSHOT/hadoop-ozone-s3gateway-0.6.0-SNAPSHOT.jar:/home/user/.m2/repository/org/jboss/weld/servlet/weld-servlet/2.4.7.Final/weld-servlet-2.4.7.Final.jar:/home/user/.m2/repository/org/glassfish/jersey/containers/jersey-container-servlet-core/2.27/jersey-container-servlet-core-2.27.jar:/home/user/.m2/repository/org/glassfish/hk2/external/javax.inject/2.5.0-b42/javax.inject-2.5.0-b42.jar:/home/user/.m2/repository/org/glassfish/jersey/core/jersey-common/2.27/jersey-common-2.27.jar:/home/user/.m2/repository/org/glassfish/hk2/osgi-resource-locator/1.0.1/osgi-resource-locator-1.0.1.jar:/home/user/.m2/repository/javax/ws/rs/javax.ws.rs-api/2.1/javax.ws.rs-api-2.1.jar:/home/user/.m2/repository/org/glassfish/jersey/ext/cdi/jersey-cdi1x/2.27/jersey-cdi1x-2.27.jar:/home/user/.m2/repository/org/glassfish/jersey/inject/jersey-hk2/2.27/jersey-hk2-2.27.jar:/home/user/.m2/repository/org/glassfish/hk2/hk2-locator/2.5.0-b42/hk2-locator-2.5.0-b42.jar:/home/user/.m2/repository/org/javassist/javassist/3.22.0-CR2/javassist-3.22.0-CR2.jar:/home/user/.m2/repository/org/glassfish/hk2/hk2-api/2.5.0/hk2-api-2.5.0.jar:/home/user/.m2/repository/org/glassfish/hk2/external/jakarta.inject/2.5.0/jakarta.inject-2.5.0.jar:/home/user/.m2/repository/org/glassfish/hk2/hk2-utils/2.5.0/hk2-utils-2.5.0.jar:/home/user/.m2/repository/jakarta/annotation/jakarta.annotation-api/1.3.4/jakarta.annotation-api-1.3.4.jar:/home/user/.m2/repository/org/glassfish/hk2/external/aopalliance-repackaged/2.5.0/aopalliance-repackaged-2.5.0.jar:/home/user/.m2/repository/com/fasterxml/jackson/dataformat/jackson-dataformat-xml/2.10.3/jackson-dataformat-xml-2.10.3.jar:/home/user/.m2/repository/com/fasterxml/jackson/core/jackson-core/2.10.3/jackson-core-2.10.3.jar:/home/user/.m2/repository/com/fasterxml/jackson/module/jackson-module-jaxb-annotations/2.10.3/jackson-module-jaxb-annotations-2.10.3.jar:/home/user/.m2/repository/jakarta/xml/bind/jakarta.xml.bind-api/2.3.2/jakarta.xml.bind-api-2.3.2.jar:/home/user/.m2/repository/jakarta/activation/jakarta.activation-api/1.2.1/jakarta.activation-api-1.2.1.jar:/home/user/.m2/repository/org/codehaus/woodstox/stax2-api/3.1.4/stax2-api-3.1.4.jar:/home/user/.m2/repository/com/fasterxml/woodstox/woodstox-core/5.0.3/woodstox-core-5.0.3.jar:/home/user/.m2/repository/javax/enterprise/cdi-api/1.2/cdi-api-1.2.jar:/home/user/.m2/repository/javax/el/javax.el-api/3.0.0/javax.el-api-3.0.0.jar:/home/user/.m2/repository/javax/interceptor/javax.interceptor-api/1.2/javax.interceptor-api-1.2.jar:/home/user/.m2/repository/javax/inject/javax.inject/1/javax.inject-1.jar:/home/user/.m2/repository/com/sun/xml/bind/jaxb-impl/2.3.0.1/jaxb-impl-2.3.0.1.jar:/home/user/.m2/repository/com/sun/xml/bind/jaxb-core/2.3.0.1/jaxb-core-2.3.0.1.jar:/home/user/.m2/repository/javax/xml/bind/jaxb-api/2.3.0/jaxb-api-2.3.0.jar:/home/user/.m2/repository/javax/activation/activation/1.1.1/activation-1.1.1.jar:/home/user/.m2/repository/org/apache/hadoop/hadoop-ozone-csi/0.6.0-SNAPSHOT/hadoop-ozone-csi-0.6.0-SNAPSHOT.jar:/home/user/.m2/repository/com/google/protobuf/protobuf-java-util/3.11.0/protobuf-java-util-3.11.0.jar:/home/user/.m2/repository/com/google/code/gson/gson/2.2.4/gson-2.2.4.jar:/home/user/.m2/repository/org/apache/hadoop/hadoop-hdds-config/0.6.0-SNAPSHOT/hadoop-hdds-config-0.6.0-SNAPSHOT.jar:/home/user/.m2/repository/com/google/protobuf/protobuf-java/2.5.0/protobuf-java-2.5.0.jar:/home/user/.m2/repository/io/grpc/grpc-netty/1.28.1/grpc-netty-1.28.1.jar:/home/user/.m2/repository/io/grpc/grpc-core/1.28.1/grpc-core-1.28.1.jar:/home/user/.m2/repository/com/google/android/annotations/4.1.1.4/annotations-4.1.1.4.jar:/home/user/.m2/repository/io/perfmark/perfmark-api/0.19.0/perfmark-api-0.19.0.jar:/home/user/.m2/repository/io/netty/netty-codec-http2/4.1.45.Final/netty-codec-http2-4.1.45.Final.jar:/home/user/.m2/repository/io/netty/netty-codec/4.1.45.Final/netty-codec-4.1.45.Final.jar:/home/user/.m2/repository/io/netty/netty-handler/4.1.45.Final/netty-handler-4.1.45.Final.jar:/home/user/.m2/repository/io/netty/netty-codec-http/4.1.45.Final/netty-codec-http-4.1.45.Final.jar:/home/user/.m2/repository/io/netty/netty-handler-proxy/4.1.45.Final/netty-handler-proxy-4.1.45.Final.jar:/home/user/.m2/repository/io/netty/netty-codec-socks/4.1.45.Final/netty-codec-socks-4.1.45.Final.jar:/home/user/.m2/repository/io/netty/netty-transport-native-epoll/4.1.48.Final/netty-transport-native-epoll-4.1.48.Final.jar:/home/user/.m2/repository/io/netty/netty-common/4.1.48.Final/netty-common-4.1.48.Final.jar:/home/user/.m2/repository/io/netty/netty-buffer/4.1.48.Final/netty-buffer-4.1.48.Final.jar:/home/user/.m2/repository/io/netty/netty-transport/4.1.48.Final/netty-transport-4.1.48.Final.jar:/home/user/.m2/repository/io/netty/netty-resolver/4.1.48.Final/netty-resolver-4.1.48.Final.jar:/home/user/.m2/repository/io/netty/netty-transport-native-unix-common/4.1.48.Final/netty-transport-native-unix-common-4.1.48.Final.jar:/home/user/.m2/repository/io/grpc/grpc-protobuf/1.28.1/grpc-protobuf-1.28.1.jar:/home/user/.m2/repository/io/grpc/grpc-api/1.28.1/grpc-api-1.28.1.jar:/home/user/.m2/repository/io/grpc/grpc-context/1.28.1/grpc-context-1.28.1.jar:/home/user/.m2/repository/org/codehaus/mojo/animal-sniffer-annotations/1.18/animal-sniffer-annotations-1.18.jar:/home/user/.m2/repository/com/google/api/grpc/proto-google-common-protos/1.17.0/proto-google-common-protos-1.17.0.jar:/home/user/.m2/repository/io/grpc/grpc-protobuf-lite/1.28.1/grpc-protobuf-lite-1.28.1.jar:/home/user/.m2/repository/io/grpc/grpc-stub/1.28.1/grpc-stub-1.28.1.jar:/home/user/.m2/repository/org/apache/hadoop/hadoop-ozone-recon/0.6.0-SNAPSHOT/hadoop-ozone-recon-0.6.0-SNAPSHOT.jar:/home/user/.m2/repository/org/apache/hadoop/hadoop-ozone-reconcodegen/0.6.0-SNAPSHOT/hadoop-ozone-reconcodegen-0.6.0-SNAPSHOT.jar:/home/user/.m2/repository/com/google/inject/extensions/guice-multibindings/4.0/guice-multibindings-4.0.jar:/home/user/.m2/repository/com/google/inject/guice/4.0/guice-4.0.jar:/home/user/.m2/repository/aopalliance/aopalliance/1.0/aopalliance-1.0.jar:/home/user/.m2/repository/com/google/inject/extensions/guice-assistedinject/4.0/guice-assistedinject-4.0.jar:/home/user/.m2/repository/com/google/inject/extensions/guice-servlet/4.0/guice-servlet-4.0.jar:/home/user/.m2/repository/org/glassfish/jersey/containers/jersey-container-servlet/2.27/jersey-container-servlet-2.27.jar:/home/user/.m2/repository/org/glassfish/hk2/guice-bridge/2.5.0/guice-bridge-2.5.0.jar:/home/user/.m2/repository/org/glassfish/jersey/core/jersey-server/2.27/jersey-server-2.27.jar:/home/user/.m2/repository/org/glassfish/jersey/core/jersey-client/2.27/jersey-client-2.27.jar:/home/user/.m2/repository/org/glassfish/jersey/media/jersey-media-jaxb/2.27/jersey-media-jaxb-2.27.jar:/home/user/.m2/repository/javax/validation/validation-api/1.1.0.Final/validation-api-1.1.0.Final.jar:/home/user/.m2/repository/org/glassfish/jersey/media/jersey-media-json-jackson/2.27/jersey-media-json-jackson-2.27.jar:/home/user/.m2/repository/org/glassfish/jersey/ext/jersey-entity-filtering/2.27/jersey-entity-filtering-2.27.jar:/home/user/.m2/repository/org/jooq/jooq/3.11.10/jooq-3.11.10.jar:/home/user/.m2/repository/org/jooq/jooq-meta/3.11.10/jooq-meta-3.11.10.jar:/home/user/.m2/repository/org/jooq/jooq-codegen/3.11.10/jooq-codegen-3.11.10.jar:/home/user/.m2/repository/com/jolbox/bonecp/0.8.0.RELEASE/bonecp-0.8.0.RELEASE.jar:/home/user/.m2/repository/org/apache/derby/derby/10.14.2.0/derby-10.14.2.0.jar:/home/user/.m2/repository/org/xerial/sqlite-jdbc/3.25.2/sqlite-jdbc-3.25.2.jar:/home/user/.m2/repository/org/springframework/spring-jdbc/5.2.5.RELEASE/spring-jdbc-5.2.5.RELEASE.jar:/home/user/.m2/repository/org/springframework/spring-beans/5.2.5.RELEASE/spring-beans-5.2.5.RELEASE.jar:/home/user/.m2/repository/org/springframework/spring-core/5.2.5.RELEASE/spring-core-5.2.5.RELEASE.jar:/home/user/.m2/repository/org/springframework/spring-jcl/5.2.5.RELEASE/spring-jcl-5.2.5.RELEASE.jar:/home/user/.m2/repository/org/springframework/spring-tx/5.2.5.RELEASE/spring-tx-5.2.5.RELEASE.jar:/home/user/.m2/repository/org/apache/hadoop/hadoop-ozone-client/0.6.0-SNAPSHOT/hadoop-ozone-client-0.6.0-SNAPSHOT.jar:/home/user/.m2/repository/org/apache/hadoop/hadoop-ozone-filesystem/0.6.0-SNAPSHOT/hadoop-ozone-filesystem-0.6.0-SNAPSHOT.jar:/home/user/.m2/repository/org/apache/hadoop/hadoop-hdds-hadoop-dependency-client/0.6.0-SNAPSHOT/hadoop-hdds-hadoop-dependency-client-0.6.0-SNAPSHOT.jar:/home/user/.m2/repository/org/apache/hadoop/hadoop-ozone-tools/0.6.0-SNAPSHOT/hadoop-ozone-tools-0.6.0-SNAPSHOT.jar:/home/user/.m2/repository/org/apache/hadoop/hadoop-hdfs/3.2.1/hadoop-hdfs-3.2.1.jar:/home/user/.m2/repository/org/apache/ratis/ratis-tools/0.6.0-cac3336-SNAPSHOT/ratis-tools-0.6.0-cac3336-SNAPSHOT.jar:/home/user/.m2/repository/org/apache/ratis/ratis-proto/0.6.0-cac3336-SNAPSHOT/ratis-proto-0.6.0-cac3336-SNAPSHOT.jar:/home/user/.m2/repository/org/apache/ratis/ratis-common/0.6.0-cac3336-SNAPSHOT/ratis-common-0.6.0-cac3336-SNAPSHOT.jar:/home/user/.m2/repository/com/amazonaws/aws-java-sdk-core/1.11.615/aws-java-sdk-core-1.11.615.jar:/home/user/.m2/repository/org/apache/httpcomponents/httpclient/4.5.2/httpclient-4.5.2.jar:/home/user/.m2/repository/org/apache/httpcomponents/httpcore/4.4.4/httpcore-4.4.4.jar:/home/user/.m2/repository/software/amazon/ion/ion-java/1.0.2/ion-java-1.0.2.jar:/home/user/.m2/repository/com/fasterxml/jackson/dataformat/jackson-dataformat-cbor/2.10.3/jackson-dataformat-cbor-2.10.3.jar:/home/user/.m2/repository/joda-time/joda-time/2.8.1/joda-time-2.8.1.jar:/home/user/.m2/repository/com/amazonaws/aws-java-sdk-s3/1.11.615/aws-java-sdk-s3-1.11.615.jar:/home/user/.m2/repository/com/amazonaws/aws-java-sdk-kms/1.11.615/aws-java-sdk-kms-1.11.615.jar:/home/user/.m2/repository/com/amazonaws/jmespath-java/1.11.615/jmespath-java-1.11.615.jar:/home/user/.m2/repository/org/apache/hadoop/hadoop-hdds-tools/0.6.0-SNAPSHOT/hadoop-hdds-tools-0.6.0-SNAPSHOT.jar:/home/user/.m2/repository/commons-cli/commons-cli/1.2/commons-cli-1.2.jar:/home/user/.m2/repository/org/apache/commons/commons-lang3/3.7/commons-lang3-3.7.jar:/home/user/.m2/repository/org/apache/hadoop/hadoop-ozone-ozone-manager/0.6.0-SNAPSHOT/hadoop-ozone-ozone-manager-0.6.0-SNAPSHOT-tests.jar:/home/user/.m2/repository/junit/junit/4.11/junit-4.11.jar:/home/user/.m2/repository/org/hamcrest/hamcrest-core/1.3/hamcrest-core-1.3.jar:/home/user/.m2/repository/org/openjdk/jmh/jmh-core/1.19/jmh-core-1.19.jar:/home/user/.m2/repository/net/sf/jopt-simple/jopt-simple/4.6/jopt-simple-4.6.jar:/home/user/.m2/repository/org/apache/commons/commons-math3/3.1.1/commons-math3-3.1.1.jar:/home/user/.m2/repository/org/openjdk/jmh/jmh-generator-annprocess/1.19/jmh-generator-annprocess-1.19.jar:/home/user/.m2/repository/org/mockito/mockito-all/1.8.5/mockito-all-1.8.5.jar:/home/user/.m2/repository/org/apache/hadoop/hadoop-kms/3.2.1/hadoop-kms-3.2.1.jar:/home/user/.m2/repository/org/apache/hadoop/hadoop-auth/3.2.1/hadoop-auth-3.2.1.jar:/home/user/.m2/repository/com/nimbusds/nimbus-jose-jwt/7.9/nimbus-jose-jwt-7.9.jar:/home/user/.m2/repository/com/github/stephenc/jcip/jcip-annotations/1.0-1/jcip-annotations-1.0-1.jar:/home/user/.m2/repository/net/minidev/json-smart/2.3/json-smart-2.3.jar:/home/user/.m2/repository/net/minidev/accessors-smart/1.2/accessors-smart-1.2.jar:/home/user/.m2/repository/org/ow2/asm/asm/5.0.4/asm-5.0.4.jar:/home/user/.m2/repository/org/apache/zookeeper/zookeeper/3.4.13/zookeeper-3.4.13.jar:/home/user/.m2/repository/org/apache/yetus/audience-annotations/0.5.0/audience-annotations-0.5.0.jar:/home/user/.m2/repository/org/apache/curator/curator-framework/2.13.0/curator-framework-2.13.0.jar:/home/user/.m2/repository/com/sun/jersey/jersey-core/1.19/jersey-core-1.19.jar:/home/user/.m2/repository/javax/ws/rs/jsr311-api/1.1.1/jsr311-api-1.1.1.jar:/home/user/.m2/repository/com/sun/jersey/jersey-server/1.19/jersey-server-1.19.jar:/home/user/.m2/repository/javax/servlet/javax.servlet-api/3.1.0/javax.servlet-api-3.1.0.jar:/home/user/.m2/repository/org/eclipse/jetty/jetty-server/9.4.26.v20200117/jetty-server-9.4.26.v20200117.jar:/home/user/.m2/repository/org/eclipse/jetty/jetty-http/9.4.26.v20200117/jetty-http-9.4.26.v20200117.jar:/home/user/.m2/repository/org/eclipse/jetty/jetty-io/9.4.26.v20200117/jetty-io-9.4.26.v20200117.jar:/home/user/.m2/repository/org/eclipse/jetty/jetty-webapp/9.4.26.v20200117/jetty-webapp-9.4.26.v20200117.jar:/home/user/.m2/repository/org/eclipse/jetty/jetty-xml/9.4.26.v20200117/jetty-xml-9.4.26.v20200117.jar:/home/user/.m2/repository/org/eclipse/jetty/jetty-servlet/9.4.26.v20200117/jetty-servlet-9.4.26.v20200117.jar:/home/user/.m2/repository/org/eclipse/jetty/jetty-security/9.4.26.v20200117/jetty-security-9.4.26.v20200117.jar:/home/user/.m2/repository/org/apache/hadoop/hadoop-common/3.2.1/hadoop-common-3.2.1.jar:/home/user/.m2/repository/commons-net/commons-net/3.6/commons-net-3.6.jar:/home/user/.m2/repository/commons-collections/commons-collections/3.2.2/commons-collections-3.2.2.jar:/home/user/.m2/repository/com/sun/jersey/jersey-servlet/1.19/jersey-servlet-1.19.jar:/home/user/.m2/repository/com/sun/jersey/jersey-json/1.19/jersey-json-1.19.jar:/home/user/.m2/repository/org/codehaus/jettison/jettison/1.1/jettison-1.1.jar:/home/user/.m2/repository/org/codehaus/jackson/jackson-jaxrs/1.9.2/jackson-jaxrs-1.9.2.jar:/home/user/.m2/repository/org/codehaus/jackson/jackson-xc/1.9.2/jackson-xc-1.9.2.jar:/home/user/.m2/repository/commons-beanutils/commons-beanutils/1.9.4/commons-beanutils-1.9.4.jar:/home/user/.m2/repository/org/apache/commons/commons-configuration2/2.1.1/commons-configuration2-2.1.1.jar:/home/user/.m2/repository/org/apache/commons/commons-text/1.4/commons-text-1.4.jar:/home/user/.m2/repository/com/google/re2j/re2j/1.1/re2j-1.1.jar:/home/user/.m2/repository/com/jcraft/jsch/0.1.54/jsch-0.1.54.jar:/home/user/.m2/repository/org/apache/curator/curator-client/2.13.0/curator-client-2.13.0.jar:/home/user/.m2/repository/org/apache/curator/curator-recipes/2.13.0/curator-recipes-2.13.0.jar:/home/user/.m2/repository/dnsjava/dnsjava/2.1.7/dnsjava-2.1.7.jar:/home/user/.m2/repository/org/slf4j/jul-to-slf4j/1.7.25/jul-to-slf4j-1.7.25.jar:/home/user/.m2/repository/org/eclipse/jetty/jetty-util/9.4.26.v20200117/jetty-util-9.4.26.v20200117.jar:/home/user/.m2/repository/com/fasterxml/jackson/core/jackson-databind/2.10.3/jackson-databind-2.10.3.jar:/home/user/.m2/repository/org/apache/hadoop/hadoop-kms/3.2.1/hadoop-kms-3.2.1-tests.jar:/home/user/.m2/repository/org/apache/hadoop/hadoop-hdds-server-scm/0.6.0-SNAPSHOT/hadoop-hdds-server-scm-0.6.0-SNAPSHOT-tests.jar:/home/user/.m2/repository/org/apache/hadoop/hadoop-hdds-container-service/0.6.0-SNAPSHOT/hadoop-hdds-container-service-0.6.0-SNAPSHOT-tests.jar:/home/user/.m2/repository/org/apache/hadoop/hadoop-hdds-common/0.6.0-SNAPSHOT/hadoop-hdds-common-0.6.0-SNAPSHOT-tests.jar:/home/user/.m2/repository/org/yaml/snakeyaml/1.16/snakeyaml-1.16.jar:/home/user/.m2/repository/org/apache/hadoop/hadoop-hdds-hadoop-dependency-test/0.6.0-SNAPSHOT/hadoop-hdds-hadoop-dependency-test-0.6.0-SNAPSHOT.jar:/home/user/.m2/repository/org/apache/hadoop/hadoop-common/3.2.1/hadoop-common-3.2.1-tests.jar:/home/user/.m2/repository/javax/servlet/jsp/jsp-api/2.1/jsp-api-2.1.jar:/home/user/.m2/repository/org/apache/hadoop/hadoop-hdfs/3.2.1/hadoop-hdfs-3.2.1-tests.jar:/home/user/.m2/repository/org/eclipse/jetty/jetty-util-ajax/9.4.26.v20200117/jetty-util-ajax-9.4.26.v20200117.jar:/home/user/.m2/repository/commons-codec/commons-codec/1.11/commons-codec-1.11.jar:/home/user/.m2/repository/commons-daemon/commons-daemon/1.0.13/commons-daemon-1.0.13.jar:/home/user/.m2/repository/io/netty/netty/3.10.5.Final/netty-3.10.5.Final.jar:/home/user/.m2/repository/io/netty/netty-all/4.1.48.Final/netty-all-4.1.48.Final.jar:/home/user/.m2/repository/org/apache/htrace/htrace-core4/4.1.0-incubating/htrace-core4-4.1.0-incubating.jar:/home/user/.m2/repository/org/fusesource/leveldbjni/leveldbjni-all/1.8/leveldbjni-all-1.8.jar:/home/user/.m2/repository/org/apache/hadoop/hadoop-distcp/3.2.1/hadoop-distcp-3.2.1.jar:/home/user/.m2/repository/org/apache/hadoop/hadoop-mapreduce-client-jobclient/3.2.1/hadoop-mapreduce-client-jobclient-3.2.1.jar:/home/user/.m2/repository/org/apache/hadoop/hadoop-mapreduce-client-common/3.2.1/hadoop-mapreduce-client-common-3.2.1.jar:/home/user/.m2/repository/org/apache/hadoop/hadoop-yarn-common/3.2.1/hadoop-yarn-common-3.2.1.jar:/home/user/.m2/repository/org/apache/hadoop/hadoop-yarn-api/3.2.1/hadoop-yarn-api-3.2.1.jar:/home/user/.m2/repository/com/sun/jersey/jersey-client/1.19/jersey-client-1.19.jar:/home/user/.m2/repository/com/sun/jersey/contribs/jersey-guice/1.19/jersey-guice-1.19.jar:/home/user/.m2/repository/com/fasterxml/jackson/jaxrs/jackson-jaxrs-json-provider/2.10.3/jackson-jaxrs-json-provider-2.10.3.jar:/home/user/.m2/repository/com/fasterxml/jackson/jaxrs/jackson-jaxrs-base/2.10.3/jackson-jaxrs-base-2.10.3.jar:/home/user/.m2/repository/org/apache/hadoop/hadoop-yarn-client/3.2.1/hadoop-yarn-client-3.2.1.jar:/home/user/.m2/repository/org/apache/hadoop/hadoop-mapreduce-client-core/3.2.1/hadoop-mapreduce-client-core-3.2.1.jar:/home/user/.m2/repository/org/apache/avro/avro/1.7.7/avro-1.7.7.jar:/home/user/.m2/repository/org/codehaus/jackson/jackson-core-asl/1.9.13/jackson-core-asl-1.9.13.jar:/home/user/.m2/repository/org/codehaus/jackson/jackson-mapper-asl/1.9.13/jackson-mapper-asl-1.9.13.jar:/home/user/.m2/repository/com/thoughtworks/paranamer/paranamer/2.3/paranamer-2.3.jar:/home/user/.m2/repository/org/xerial/snappy/snappy-java/1.0.5/snappy-java-1.0.5.jar:/home/user/.m2/repository/org/apache/hadoop/hadoop-annotations/3.2.1/hadoop-annotations-3.2.1.jar:/usr/lib/jvm/java-1.8.0-openjdk-1.8.0.232.b09-0.el7_7.x86_64/jre/../lib/tools.jar:/home/user/.m2/repository/org/apache/hadoop/hadoop-distcp/3.2.1/hadoop-distcp-3.2.1-tests.jar:"/>
    <property name="sun.cpu.endian" value="little"/>
    <property name="user.home" value="/home/user"/>
    <property name="user.language" value="en"/>
    <property name="java.specification.vendor" value="Oracle Corporation"/>
    <property name="java.home" value="/usr/lib/jvm/java-1.8.0-openjdk-1.8.0.232.b09-0.el7_7.x86_64/jre"/>
    <property name="java.security.krb5.conf" value="/github/workspace/mnt/ozone/hadoop-ozone/integration-test/target/test-classes/krb5.conf"/>
    <property name="basedir" value="/github/workspace/mnt/ozone/hadoop-ozone/integration-test"/>
    <property name="file.separator" value="/"/>
    <property name="line.separator" value="&#10;"/>
    <property name="java.vm.specification.vendor" value="Oracle Corporation"/>
    <property name="java.specification.name" value="Java Platform API Specification"/>
    <property name="java.awt.graphicsenv" value="sun.awt.X11GraphicsEnvironment"/>
    <property name="surefire.real.class.path" value="/github/workspace/mnt/ozone/hadoop-ozone/integration-test/target/surefire/surefirebooter1302500639203885130.jar:/home/user/.m2/repository/org/jacoco/org.jacoco.agent/0.8.5/org.jacoco.agent-0.8.5-runtime.jar"/>
    <property name="hadoop.log.dir" value="/github/workspace/mnt/ozone/hadoop-ozone/integration-test/target/log"/>
    <property name="sun.boot.class.path" value="/usr/lib/jvm/java-1.8.0-openjdk-1.8.0.232.b09-0.el7_7.x86_64/jre/lib/resources.jar:/usr/lib/jvm/java-1.8.0-openjdk-1.8.0.232.b09-0.el7_7.x86_64/jre/lib/rt.jar:/usr/lib/jvm/java-1.8.0-openjdk-1.8.0.232.b09-0.el7_7.x86_64/jre/lib/sunrsasign.jar:/usr/lib/jvm/java-1.8.0-openjdk-1.8.0.232.b09-0.el7_7.x86_64/jre/lib/jsse.jar:/usr/lib/jvm/java-1.8.0-openjdk-1.8.0.232.b09-0.el7_7.x86_64/jre/lib/jce.jar:/usr/lib/jvm/java-1.8.0-openjdk-1.8.0.232.b09-0.el7_7.x86_64/jre/lib/charsets.jar:/usr/lib/jvm/java-1.8.0-openjdk-1.8.0.232.b09-0.el7_7.x86_64/jre/lib/jfr.jar:/usr/lib/jvm/java-1.8.0-openjdk-1.8.0.232.b09-0.el7_7.x86_64/jre/classes"/>
    <property name="sun.management.compiler" value="HotSpot 64-Bit Tiered Compilers"/>
    <property name="java.runtime.version" value="1.8.0_232-b09"/>
    <property name="java.net.preferIPv4Stack" value="true"/>
    <property name="user.name" value="jenkins1001"/>
    <property name="path.separator" value=":"/>
    <property name="java.security.egd" value="file:///dev/urandom"/>
    <property name="os.version" value="5.3.0-1020-azure"/>
    <property name="java.endorsed.dirs" value="/usr/lib/jvm/java-1.8.0-openjdk-1.8.0.232.b09-0.el7_7.x86_64/jre/lib/endorsed"/>
    <property name="java.runtime.name" value="OpenJDK Runtime Environment"/>
    <property name="file.encoding" value="ANSI_X3.4-1968"/>
    <property name="java.vm.name" value="OpenJDK 64-Bit Server VM"/>
    <property name="test.build.webapps" value=""/>
    <property name="localRepository" value="/home/user/.m2/repository"/>
    <property name="java.vendor.url.bug" value="http://bugreport.sun.com/bugreport/"/>
    <property name="java.io.tmpdir" value="/tmp"/>
    <property name="require.test.libhadoop" value=""/>
    <property name="java.version" value="1.8.0_232"/>
    <property name="user.dir" value="/github/workspace/mnt/ozone/hadoop-ozone/integration-test"/>
    <property name="os.arch" value="amd64"/>
    <property name="java.vm.specification.name" value="Java Virtual Machine Specification"/>
    <property name="test.build.classes" value="/github/workspace/mnt/ozone/hadoop-ozone/integration-test/target/test-classes"/>
    <property name="java.awt.printerjob" value="sun.print.PSPrinterJob"/>
    <property name="sun.os.patch.level" value="unknown"/>
    <property name="hadoop.tmp.dir" value="/github/workspace/mnt/ozone/hadoop-ozone/integration-test/target/tmp"/>
    <property name="java.library.path" value="/usr/lib:/usr/java/packages/lib/amd64:/usr/lib64:/lib64:/lib:/usr/lib"/>
    <property name="java.vm.info" value="mixed mode"/>
    <property name="java.vendor" value="Oracle Corporation"/>
    <property name="java.vm.version" value="25.232-b09"/>
    <property name="java.ext.dirs" value="/usr/lib/jvm/java-1.8.0-openjdk-1.8.0.232.b09-0.el7_7.x86_64/jre/lib/ext:/usr/java/packages/lib/ext"/>
    <property name="sun.io.unicode.encoding" value="UnicodeLittle"/>
    <property name="java.class.version" value="52.0"/>
  </properties>
  <testcase name="testGroupMismatchExceptionHandling" classname="org.apache.hadoop.ozone.client.rpc.TestOzoneClientRetriesOnException" time="41.351"/>
  <testcase name="testMaxRetriesByOzoneClient" classname="org.apache.hadoop.ozone.client.rpc.TestOzoneClientRetriesOnException" time="34.981">
    <failure message="Expected exception not thrown" type="java.lang.AssertionError">java.lang.AssertionError: Expected exception not thrown
	at org.junit.Assert.fail(Assert.java:88)
	at org.apache.hadoop.ozone.client.rpc.TestOzoneClientRetriesOnException.testMaxRetriesByOzoneClient(TestOzoneClientRetriesOnException.java:229)
	at sun.reflect.NativeMethodAccessorImpl.invoke0(Native Method)
	at sun.reflect.NativeMethodAccessorImpl.invoke(NativeMethodAccessorImpl.java:62)
	at sun.reflect.DelegatingMethodAccessorImpl.invoke(DelegatingMethodAccessorImpl.java:43)
	at java.lang.reflect.Method.invoke(Method.java:498)
	at org.junit.runners.model.FrameworkMethod$1.runReflectiveCall(FrameworkMethod.java:47)
	at org.junit.internal.runners.model.ReflectiveCallable.run(ReflectiveCallable.java:12)
	at org.junit.runners.model.FrameworkMethod.invokeExplosively(FrameworkMethod.java:44)
	at org.junit.internal.runners.statements.InvokeMethod.evaluate(InvokeMethod.java:17)
	at org.junit.internal.runners.statements.RunBefores.evaluate(RunBefores.java:26)
	at org.junit.internal.runners.statements.RunAfters.evaluate(RunAfters.java:27)
	at org.junit.internal.runners.statements.FailOnTimeout$StatementThread.run(FailOnTimeout.java:74)
</failure>
    <system-out><![CDATA[2020-05-29 04:34:28,750 [Thread-355] WARN  server.ServerUtils (ServerUtils.java:getScmDbDir(148)) - ozone.scm.db.dirs is not configured. We recommend adding this setting. Falling back to ozone.metadata.dirs instead.
2020-05-29 04:34:28,753 [Thread-355] WARN  server.ServerUtils (ServerUtils.java:getScmDbDir(148)) - ozone.scm.db.dirs is not configured. We recommend adding this setting. Falling back to ozone.metadata.dirs instead.
2020-05-29 04:34:28,753 [Thread-355] WARN  db.DBStoreBuilder (DBStoreBuilder.java:createDBStoreBuilder(277)) - ozone.scm.db.dirs is not configured. We recommend adding this setting. Falling back to ozone.metadata.dirs instead.
2020-05-29 04:34:28,780 [Thread-355] INFO  net.NodeSchemaLoader (NodeSchemaLoader.java:loadSchemaFromFile(126)) - Loading file from sun.misc.CompoundEnumeration@12ed1ae9
2020-05-29 04:34:28,780 [Thread-355] INFO  net.NodeSchemaLoader (NodeSchemaLoader.java:loadSchema(172)) - Loading network topology layer schema file
2020-05-29 04:34:28,783 [Thread-355] WARN  server.ServerUtils (ServerUtils.java:sanitizeUserArgs(73)) - ozone.scm.stale.node.interval value = 300000 is larger than max = 100000 based on the key value of ozone.scm.heartbeat.thread.interval, reset to the max value 100000.
2020-05-29 04:34:28,783 [Thread-355] WARN  server.ServerUtils (ServerUtils.java:sanitizeUserArgs(73)) - ozone.scm.stale.node.interval value = 300000 is larger than max = 100000 based on the key value of ozone.scm.heartbeat.thread.interval, reset to the max value 100000.
2020-05-29 04:34:28,783 [Thread-355] INFO  node.SCMNodeManager (SCMNodeManager.java:<init>(116)) - Entering startup safe mode.
2020-05-29 04:34:28,783 [Thread-355] INFO  algorithms.ContainerPlacementPolicyFactory (ContainerPlacementPolicyFactory.java:getPolicy(60)) - Create container placement policy of type org.apache.hadoop.hdds.scm.container.placement.algorithms.SCMContainerPlacementRandom
2020-05-29 04:34:28,784 [Thread-355] INFO  pipeline.SCMPipelineManager (SCMPipelineManager.java:initializePipelineState(158)) - No pipeline exists in current db
2020-05-29 04:34:28,785 [Thread-355] INFO  safemode.HealthyPipelineSafeModeRule (HealthyPipelineSafeModeRule.java:<init>(89)) - Total pipeline count is 0, healthy pipeline threshold count is 0
2020-05-29 04:34:28,785 [Thread-355] INFO  safemode.OneReplicaPipelineSafeModeRule (OneReplicaPipelineSafeModeRule.java:<init>(79)) - Total pipeline count is 0, pipeline's with at least one datanode reported threshold count is 0
2020-05-29 04:34:28,787 [Thread-355] INFO  ipc.CallQueueManager (CallQueueManager.java:<init>(84)) - Using callQueue: class java.util.concurrent.LinkedBlockingQueue, queueCapacity: 2000, scheduler: class org.apache.hadoop.ipc.DefaultRpcScheduler, ipcBackoff: false.
2020-05-29 04:34:28,787 [RatisPipelineUtilsThread] ERROR pipeline.SCMPipelineManager (SCMPipelineManager.java:createPipeline(222)) - Failed to create pipeline of type RATIS and factor ONE. Exception: Cannot create pipeline of factor 1 using 0 nodes. Used 0 nodes. Healthy nodes 0
2020-05-29 04:34:28,788 [Socket Reader #1 for port 0] INFO  ipc.Server (Server.java:run(1219)) - Starting Socket Reader #1 for port 0
2020-05-29 04:34:28,790 [Listener at 0.0.0.0/37309] INFO  ipc.CallQueueManager (CallQueueManager.java:<init>(84)) - Using callQueue: class java.util.concurrent.LinkedBlockingQueue, queueCapacity: 2000, scheduler: class org.apache.hadoop.ipc.DefaultRpcScheduler, ipcBackoff: false.
2020-05-29 04:34:28,791 [Socket Reader #1 for port 0] INFO  ipc.Server (Server.java:run(1219)) - Starting Socket Reader #1 for port 0
2020-05-29 04:34:28,794 [Listener at 0.0.0.0/45017] INFO  ipc.CallQueueManager (CallQueueManager.java:<init>(84)) - Using callQueue: class java.util.concurrent.LinkedBlockingQueue, queueCapacity: 2000, scheduler: class org.apache.hadoop.ipc.DefaultRpcScheduler, ipcBackoff: false.
2020-05-29 04:34:28,795 [Socket Reader #1 for port 0] INFO  ipc.Server (Server.java:run(1219)) - Starting Socket Reader #1 for port 0
2020-05-29 04:34:28,798 [Listener at 0.0.0.0/42677] INFO  http.BaseHttpServer (BaseHttpServer.java:newHttpServer2BuilderForOzone(205)) - Starting Web-server for scm at: http://0.0.0.0:0
2020-05-29 04:34:28,798 [Listener at 0.0.0.0/42677] INFO  http.BaseHttpServer (BaseHttpServer.java:<init>(106)) - Hadoop Security Enabled: false Ozone Security Enabled: false Ozone HTTP Security Enabled: false 
2020-05-29 04:34:28,800 [Listener at 0.0.0.0/42677] INFO  server.AuthenticationFilter (AuthenticationFilter.java:constructSecretProvider(240)) - Unable to initialize FileSignerSecretProvider, falling back to use random secrets.
2020-05-29 04:34:28,802 [Listener at 0.0.0.0/42677] WARN  http.HttpRequestLog (HttpRequestLog.java:getRequestLog(103)) - Jetty request log can only be enabled using Log4j
2020-05-29 04:34:28,803 [Listener at 0.0.0.0/42677] INFO  http.HttpServer2 (HttpServer2.java:addGlobalFilter(993)) - Added global filter 'safety' (class=org.apache.hadoop.hdds.server.http.HttpServer2$QuotingInputFilter)
2020-05-29 04:34:28,804 [Listener at 0.0.0.0/42677] INFO  http.HttpServer2 (HttpServer2.java:addFilter(969)) - Added filter authentication (class=org.apache.hadoop.security.authentication.server.AuthenticationFilter) to context scm
2020-05-29 04:34:28,804 [Listener at 0.0.0.0/42677] INFO  http.HttpServer2 (HttpServer2.java:addFilter(977)) - Added filter authentication (class=org.apache.hadoop.security.authentication.server.AuthenticationFilter) to context logs
2020-05-29 04:34:28,804 [Listener at 0.0.0.0/42677] INFO  http.HttpServer2 (HttpServer2.java:addFilter(977)) - Added filter authentication (class=org.apache.hadoop.security.authentication.server.AuthenticationFilter) to context static
2020-05-29 04:34:28,807 [Listener at 0.0.0.0/42677] INFO  server.StorageContainerManager (StorageContainerManager.java:start(781)) - StorageContainerLocationProtocol RPC server is listening at /0.0.0.0:42677
2020-05-29 04:34:28,808 [Listener at 0.0.0.0/42677] WARN  impl.MetricsConfig (MetricsConfig.java:loadFirst(134)) - Cannot locate configuration: tried hadoop-metrics2-storagecontainermanager.properties,hadoop-metrics2.properties
2020-05-29 04:34:28,809 [Listener at 0.0.0.0/42677] INFO  impl.MetricsSystemImpl (MetricsSystemImpl.java:startTimer(374)) - Scheduled Metric snapshot period at 10 second(s).
2020-05-29 04:34:28,809 [Listener at 0.0.0.0/42677] INFO  impl.MetricsSystemImpl (MetricsSystemImpl.java:start(191)) - StorageContainerManager metrics system started
2020-05-29 04:34:28,817 [Listener at 0.0.0.0/42677] WARN  impl.MetricsSystemImpl (MetricsSystemImpl.java:register(276)) - Sink prometheus already exists!
2020-05-29 04:34:28,834 [Listener at 0.0.0.0/42677] INFO  server.SCMClientProtocolServer (SCMClientProtocolServer.java:start(157)) - RPC server for Client  is listening at /0.0.0.0:42677
2020-05-29 04:34:28,834 [IPC Server Responder] INFO  ipc.Server (Server.java:run(1460)) - IPC Server Responder: starting
2020-05-29 04:34:28,838 [IPC Server listener on 0] INFO  ipc.Server (Server.java:run(1298)) - IPC Server listener on 0: starting
2020-05-29 04:34:28,846 [Listener at 0.0.0.0/42677] INFO  server.StorageContainerManager (StorageContainerManager.java:start(793)) - ScmBlockLocationProtocol RPC server is listening at /0.0.0.0:45017
2020-05-29 04:34:28,846 [Listener at 0.0.0.0/42677] INFO  server.SCMBlockProtocolServer (SCMBlockProtocolServer.java:start(149)) - RPC server for Block Protocol is listening at /0.0.0.0:45017
2020-05-29 04:34:28,847 [IPC Server listener on 0] INFO  ipc.Server (Server.java:run(1298)) - IPC Server listener on 0: starting
2020-05-29 04:34:28,847 [IPC Server Responder] INFO  ipc.Server (Server.java:run(1460)) - IPC Server Responder: starting
2020-05-29 04:34:28,860 [Listener at 0.0.0.0/42677] INFO  server.StorageContainerManager (StorageContainerManager.java:start(799)) - ScmDatanodeProtocl RPC server is listening at /0.0.0.0:37309
2020-05-29 04:34:28,861 [Listener at 0.0.0.0/42677] INFO  server.SCMDatanodeProtocolServer (SCMDatanodeProtocolServer.java:start(172)) - RPC server for DataNodes is listening at /0.0.0.0:37309
2020-05-29 04:34:28,861 [IPC Server Responder] INFO  ipc.Server (Server.java:run(1460)) - IPC Server Responder: starting
2020-05-29 04:34:28,866 [IPC Server listener on 0] INFO  ipc.Server (Server.java:run(1298)) - IPC Server listener on 0: starting
2020-05-29 04:34:28,873 [Listener at 0.0.0.0/42677] INFO  http.HttpServer2 (HttpServer2.java:bindListener(1211)) - Jetty bound to port 34729
2020-05-29 04:34:28,873 [Listener at 0.0.0.0/42677] INFO  server.Server (Server.java:doStart(359)) - jetty-9.4.26.v20200117; built: 2020-01-17T12:35:33.676Z; git: 7b38981d25d14afb4a12ff1f2596756144edf695; jvm 1.8.0_232-b09
2020-05-29 04:34:28,875 [Listener at 0.0.0.0/42677] INFO  server.session (DefaultSessionIdManager.java:doStart(333)) - DefaultSessionIdManager workerName=node0
2020-05-29 04:34:28,875 [Listener at 0.0.0.0/42677] INFO  server.session (DefaultSessionIdManager.java:doStart(338)) - No SessionScavenger set, using defaults
2020-05-29 04:34:28,875 [Listener at 0.0.0.0/42677] INFO  server.session (HouseKeeper.java:startScavenging(140)) - node0 Scavenging every 600000ms
2020-05-29 04:34:28,879 [Listener at 0.0.0.0/42677] INFO  server.AuthenticationFilter (AuthenticationFilter.java:constructSecretProvider(240)) - Unable to initialize FileSignerSecretProvider, falling back to use random secrets.
2020-05-29 04:34:28,881 [Listener at 0.0.0.0/42677] INFO  handler.ContextHandler (ContextHandler.java:doStart(825)) - Started o.e.j.s.ServletContextHandler@2cd9f849{logs,/logs,file:///github/workspace/mnt/ozone/hadoop-ozone/integration-test/target/log,AVAILABLE}
2020-05-29 04:34:28,881 [Listener at 0.0.0.0/42677] INFO  handler.ContextHandler (ContextHandler.java:doStart(825)) - Started o.e.j.s.ServletContextHandler@3f1b637{static,/static,file:///github/workspace/mnt/ozone/hadoop-ozone/integration-test/target/test-classes/webapps/static,AVAILABLE}
2020-05-29 04:34:28,886 [Listener at 0.0.0.0/42677] INFO  handler.ContextHandler (ContextHandler.java:doStart(825)) - Started o.e.j.w.WebAppContext@58904e4a{scm,/,file:///github/workspace/mnt/ozone/hadoop-ozone/integration-test/target/test-classes/webapps/scm/,AVAILABLE}{file:/github/workspace/mnt/ozone/hadoop-ozone/integration-test/target/test-classes/webapps/scm}
2020-05-29 04:34:28,888 [Listener at 0.0.0.0/42677] INFO  server.AbstractConnector (AbstractConnector.java:doStart(330)) - Started ServerConnector@45d435c8{HTTP/1.1,[http/1.1]}{0.0.0.0:34729}
2020-05-29 04:34:28,888 [Listener at 0.0.0.0/42677] INFO  server.Server (Server.java:doStart(399)) - Started @42328ms
2020-05-29 04:34:28,888 [Listener at 0.0.0.0/42677] WARN  impl.MetricsSystemImpl (MetricsSystemImpl.java:register(276)) - Sink prometheus already exists!
2020-05-29 04:34:28,891 [Listener at 0.0.0.0/42677] INFO  http.BaseHttpServer (BaseHttpServer.java:updateConnectorAddress(325)) - HTTP server of scm listening at http://0.0.0.0:34729
2020-05-29 04:34:28,894 [Listener at 0.0.0.0/42677] WARN  server.ServerUtils (ServerUtils.java:getDBPath(225)) - ozone.om.db.dirs is not configured. We recommend adding this setting. Falling back to ozone.metadata.dirs instead.
2020-05-29 04:34:28,895 [org.apache.hadoop.util.JvmPauseMonitor$Monitor@46c7a335] INFO  util.JvmPauseMonitor (JvmPauseMonitor.java:run(188)) - Starting JVM pause monitor
2020-05-29 04:34:28,896 [Listener at 0.0.0.0/42677] INFO  ha.OMHANodeDetails (OMHANodeDetails.java:loadOMHAConfig(104)) - ozone.om.internal.service.id is not defined, falling back to ozone.om.service.ids to find serviceID for OzoneManager if it is HA enabled cluster
2020-05-29 04:34:28,896 [Listener at 0.0.0.0/42677] INFO  ha.OMHANodeDetails (OMHANodeDetails.java:loadOMHAConfig(207)) - Configuration either no ozone.om.address set. Falling back to the default OM address /127.0.0.1:0
2020-05-29 04:34:28,896 [Listener at 0.0.0.0/42677] INFO  ha.OMHANodeDetails (OMHANodeDetails.java:getOMNodeDetails(237)) - OM Service ID is not set. Setting it to the default ID: omServiceIdDefault
2020-05-29 04:34:28,896 [Listener at 0.0.0.0/42677] WARN  server.ServerUtils (ServerUtils.java:getDBPath(225)) - ozone.om.db.dirs is not configured. We recommend adding this setting. Falling back to ozone.metadata.dirs instead.
2020-05-29 04:34:28,897 [Listener at 0.0.0.0/42677] WARN  server.ServerUtils (ServerUtils.java:getDBPath(225)) - ozone.om.db.dirs is not configured. We recommend adding this setting. Falling back to ozone.metadata.dirs instead.
2020-05-29 04:34:28,903 [Listener at 0.0.0.0/42677] WARN  server.ServerUtils (ServerUtils.java:getDBPath(225)) - ozone.om.db.dirs is not configured. We recommend adding this setting. Falling back to ozone.metadata.dirs instead.
2020-05-29 04:34:28,955 [Listener at 0.0.0.0/42677] INFO  ipc.CallQueueManager (CallQueueManager.java:<init>(84)) - Using callQueue: class java.util.concurrent.LinkedBlockingQueue, queueCapacity: 2000, scheduler: class org.apache.hadoop.ipc.DefaultRpcScheduler, ipcBackoff: false.
2020-05-29 04:34:28,955 [Socket Reader #1 for port 0] INFO  ipc.Server (Server.java:run(1219)) - Starting Socket Reader #1 for port 0
2020-05-29 04:34:28,973 [Listener at 127.0.0.1/34757] INFO  impl.MetricsSystemImpl (MetricsSystemImpl.java:init(158)) - OzoneManager metrics system started (again)
2020-05-29 04:34:28,974 [Listener at 127.0.0.1/34757] INFO  om.OzoneManager (OzoneManager.java:start(1097)) - OzoneManager RPC server is listening at localhost/127.0.0.1:34757
2020-05-29 04:34:28,978 [IPC Server Responder] INFO  ipc.Server (Server.java:run(1460)) - IPC Server Responder: starting
2020-05-29 04:34:28,979 [IPC Server listener on 0] INFO  ipc.Server (Server.java:run(1298)) - IPC Server listener on 0: starting
2020-05-29 04:34:28,988 [Listener at 127.0.0.1/34757] INFO  http.BaseHttpServer (BaseHttpServer.java:newHttpServer2BuilderForOzone(205)) - Starting Web-server for ozoneManager at: http://0.0.0.0:0
2020-05-29 04:34:28,989 [Listener at 127.0.0.1/34757] INFO  http.BaseHttpServer (BaseHttpServer.java:<init>(106)) - Hadoop Security Enabled: false Ozone Security Enabled: false Ozone HTTP Security Enabled: false 
2020-05-29 04:34:28,990 [Listener at 127.0.0.1/34757] INFO  server.AuthenticationFilter (AuthenticationFilter.java:constructSecretProvider(240)) - Unable to initialize FileSignerSecretProvider, falling back to use random secrets.
2020-05-29 04:34:28,991 [Listener at 127.0.0.1/34757] WARN  http.HttpRequestLog (HttpRequestLog.java:getRequestLog(103)) - Jetty request log can only be enabled using Log4j
2020-05-29 04:34:28,992 [Listener at 127.0.0.1/34757] INFO  http.HttpServer2 (HttpServer2.java:addGlobalFilter(993)) - Added global filter 'safety' (class=org.apache.hadoop.hdds.server.http.HttpServer2$QuotingInputFilter)
2020-05-29 04:34:28,992 [Listener at 127.0.0.1/34757] INFO  http.HttpServer2 (HttpServer2.java:addFilter(969)) - Added filter authentication (class=org.apache.hadoop.security.authentication.server.AuthenticationFilter) to context ozoneManager
2020-05-29 04:34:28,993 [Listener at 127.0.0.1/34757] INFO  http.HttpServer2 (HttpServer2.java:addFilter(977)) - Added filter authentication (class=org.apache.hadoop.security.authentication.server.AuthenticationFilter) to context static
2020-05-29 04:34:28,993 [Listener at 127.0.0.1/34757] INFO  http.HttpServer2 (HttpServer2.java:addFilter(977)) - Added filter authentication (class=org.apache.hadoop.security.authentication.server.AuthenticationFilter) to context logs
2020-05-29 04:34:28,993 [Listener at 127.0.0.1/34757] INFO  http.HttpServer2 (HttpServer2.java:bindListener(1211)) - Jetty bound to port 42921
2020-05-29 04:34:28,993 [Listener at 127.0.0.1/34757] INFO  server.Server (Server.java:doStart(359)) - jetty-9.4.26.v20200117; built: 2020-01-17T12:35:33.676Z; git: 7b38981d25d14afb4a12ff1f2596756144edf695; jvm 1.8.0_232-b09
2020-05-29 04:34:28,998 [Listener at 127.0.0.1/34757] INFO  server.session (DefaultSessionIdManager.java:doStart(333)) - DefaultSessionIdManager workerName=node0
2020-05-29 04:34:28,998 [Listener at 127.0.0.1/34757] INFO  server.session (DefaultSessionIdManager.java:doStart(338)) - No SessionScavenger set, using defaults
2020-05-29 04:34:28,999 [Listener at 127.0.0.1/34757] INFO  server.session (HouseKeeper.java:startScavenging(140)) - node0 Scavenging every 600000ms
2020-05-29 04:34:28,999 [Listener at 127.0.0.1/34757] INFO  server.AuthenticationFilter (AuthenticationFilter.java:constructSecretProvider(240)) - Unable to initialize FileSignerSecretProvider, falling back to use random secrets.
2020-05-29 04:34:29,000 [Listener at 127.0.0.1/34757] INFO  handler.ContextHandler (ContextHandler.java:doStart(825)) - Started o.e.j.s.ServletContextHandler@57b9d5ad{logs,/logs,file:///github/workspace/mnt/ozone/hadoop-ozone/integration-test/target/log,AVAILABLE}
2020-05-29 04:34:29,000 [Listener at 127.0.0.1/34757] INFO  handler.ContextHandler (ContextHandler.java:doStart(825)) - Started o.e.j.s.ServletContextHandler@591b82db{static,/static,file:///github/workspace/mnt/ozone/hadoop-ozone/integration-test/target/test-classes/webapps/static,AVAILABLE}
2020-05-29 04:34:29,003 [Listener at 127.0.0.1/34757] INFO  handler.ContextHandler (ContextHandler.java:doStart(825)) - Started o.e.j.w.WebAppContext@400ecee{ozoneManager,/,file:///github/workspace/mnt/ozone/hadoop-ozone/integration-test/target/test-classes/webapps/ozoneManager/,AVAILABLE}{file:/github/workspace/mnt/ozone/hadoop-ozone/integration-test/target/test-classes/webapps/ozoneManager}
2020-05-29 04:34:29,004 [Listener at 127.0.0.1/34757] INFO  server.AbstractConnector (AbstractConnector.java:doStart(330)) - Started ServerConnector@2574d993{HTTP/1.1,[http/1.1]}{0.0.0.0:42921}
2020-05-29 04:34:29,004 [Listener at 127.0.0.1/34757] INFO  server.Server (Server.java:doStart(399)) - Started @42444ms
2020-05-29 04:34:29,004 [Listener at 127.0.0.1/34757] WARN  impl.MetricsSystemImpl (MetricsSystemImpl.java:register(276)) - Sink prometheus already exists!
2020-05-29 04:34:29,007 [Listener at 127.0.0.1/34757] INFO  http.BaseHttpServer (BaseHttpServer.java:updateConnectorAddress(325)) - HTTP server of ozoneManager listening at http://0.0.0.0:42921
2020-05-29 04:34:29,018 [org.apache.hadoop.util.JvmPauseMonitor$Monitor@3243ff50] INFO  util.JvmPauseMonitor (JvmPauseMonitor.java:run(188)) - Starting JVM pause monitor
2020-05-29 04:34:29,021 [Listener at 127.0.0.1/34757] INFO  impl.MetricsSystemImpl (MetricsSystemImpl.java:init(158)) - HddsDatanode metrics system started (again)
2020-05-29 04:34:29,022 [Listener at 127.0.0.1/34757] INFO  ozone.HddsDatanodeService (HddsDatanodeService.java:start(204)) - HddsDatanodeService host:69c943251111 ip:172.17.0.2
2020-05-29 04:34:29,026 [Listener at 127.0.0.1/34757] INFO  volume.HddsVolume (HddsVolume.java:<init>(176)) - Creating Volume: /github/workspace/mnt/ozone/hadoop-ozone/integration-test/target/test-dir/MiniOzoneClusterImpl-12d77cfa-a16c-47e6-aadc-9eca5b4227e3/datanode-0/data-0/containers/hdds of storage type : DISK and capacity : 9223372036854775807
2020-05-29 04:34:29,026 [Listener at 127.0.0.1/34757] INFO  volume.MutableVolumeSet (MutableVolumeSet.java:initializeVolumeSet(181)) - Added Volume : /github/workspace/mnt/ozone/hadoop-ozone/integration-test/target/test-dir/MiniOzoneClusterImpl-12d77cfa-a16c-47e6-aadc-9eca5b4227e3/datanode-0/data-0/containers/hdds to VolumeSet
2020-05-29 04:34:29,026 [Listener at 127.0.0.1/34757] INFO  volume.ThrottledAsyncChecker (ThrottledAsyncChecker.java:schedule(141)) - Scheduling a check for /github/workspace/mnt/ozone/hadoop-ozone/integration-test/target/test-dir/MiniOzoneClusterImpl-12d77cfa-a16c-47e6-aadc-9eca5b4227e3/datanode-0/data-0/containers/hdds
2020-05-29 04:34:29,026 [Listener at 127.0.0.1/34757] INFO  volume.HddsVolumeChecker (HddsVolumeChecker.java:checkAllVolumes(200)) - Scheduled health check for volume /github/workspace/mnt/ozone/hadoop-ozone/integration-test/target/test-dir/MiniOzoneClusterImpl-12d77cfa-a16c-47e6-aadc-9eca5b4227e3/datanode-0/data-0/containers/hdds
2020-05-29 04:34:29,039 [Listener at 127.0.0.1/34757] INFO  impl.RaftServerProxy (ConfUtils.java:logGet(44)) - raft.rpc.type = GRPC (default)
2020-05-29 04:34:29,040 [Listener at 127.0.0.1/34757] INFO  grpc.GrpcFactory (GrpcFactory.java:checkPooledByteBufAllocatorUseCacheForAllThreads(45)) - PERFORMANCE WARNING: useCacheForAllThreads is true that may cause Netty to create a lot garbage objects and, as a result, trigger GC.
	It is recommended to disable useCacheForAllThreads by setting -Dorg.apache.ratis.thirdparty.io.netty.allocator.useCacheForAllThreads=false in command line.
2020-05-29 04:34:29,040 [Listener at 127.0.0.1/34757] INFO  grpc.GrpcConfigKeys (ConfUtils.java:logGet(44)) - raft.grpc.server.port = 0 (default)
2020-05-29 04:34:29,040 [Listener at 127.0.0.1/34757] INFO  server.GrpcService (ConfUtils.java:logGet(44)) - raft.grpc.message.size.max = 32MB (=33554432) (custom)
2020-05-29 04:34:29,040 [Listener at 127.0.0.1/34757] INFO  server.RaftServerConfigKeys (ConfUtils.java:logGet(44)) - raft.server.log.appender.buffer.byte-limit = 33554432 (custom)
2020-05-29 04:34:29,040 [Listener at 127.0.0.1/34757] INFO  server.GrpcService (ConfUtils.java:logGet(44)) - raft.grpc.flow.control.window = 5MB (=5242880) (custom)
2020-05-29 04:34:29,040 [Listener at 127.0.0.1/34757] INFO  server.RaftServerConfigKeys (ConfUtils.java:logGet(44)) - raft.server.rpc.request.timeout = 60s (custom)
2020-05-29 04:34:29,041 [Listener at 127.0.0.1/34757] INFO  server.RaftServerConfigKeys (ConfUtils.java:logGet(44)) - raft.server.storage.dir = [/github/workspace/mnt/ozone/hadoop-ozone/integration-test/target/test-dir/MiniOzoneClusterImpl-12d77cfa-a16c-47e6-aadc-9eca5b4227e3/datanode-0/data/ratis] (custom)
2020-05-29 04:34:29,044 [Listener at 127.0.0.1/34757] INFO  http.BaseHttpServer (BaseHttpServer.java:newHttpServer2BuilderForOzone(205)) - Starting Web-server for hddsDatanode at: http://0.0.0.0:0
2020-05-29 04:34:29,044 [Listener at 127.0.0.1/34757] INFO  http.BaseHttpServer (BaseHttpServer.java:<init>(106)) - Hadoop Security Enabled: false Ozone Security Enabled: false Ozone HTTP Security Enabled: false 
2020-05-29 04:34:29,045 [Listener at 127.0.0.1/34757] INFO  server.AuthenticationFilter (AuthenticationFilter.java:constructSecretProvider(240)) - Unable to initialize FileSignerSecretProvider, falling back to use random secrets.
2020-05-29 04:34:29,045 [Listener at 127.0.0.1/34757] WARN  http.HttpRequestLog (HttpRequestLog.java:getRequestLog(103)) - Jetty request log can only be enabled using Log4j
2020-05-29 04:34:29,046 [Listener at 127.0.0.1/34757] INFO  http.HttpServer2 (HttpServer2.java:addGlobalFilter(993)) - Added global filter 'safety' (class=org.apache.hadoop.hdds.server.http.HttpServer2$QuotingInputFilter)
2020-05-29 04:34:29,046 [Listener at 127.0.0.1/34757] INFO  http.HttpServer2 (HttpServer2.java:addFilter(969)) - Added filter authentication (class=org.apache.hadoop.security.authentication.server.AuthenticationFilter) to context hddsDatanode
2020-05-29 04:34:29,046 [Listener at 127.0.0.1/34757] INFO  http.HttpServer2 (HttpServer2.java:addFilter(977)) - Added filter authentication (class=org.apache.hadoop.security.authentication.server.AuthenticationFilter) to context logs
2020-05-29 04:34:29,046 [Listener at 127.0.0.1/34757] INFO  http.HttpServer2 (HttpServer2.java:addFilter(977)) - Added filter authentication (class=org.apache.hadoop.security.authentication.server.AuthenticationFilter) to context static
2020-05-29 04:34:29,047 [Listener at 127.0.0.1/34757] INFO  http.HttpServer2 (HttpServer2.java:bindListener(1211)) - Jetty bound to port 33659
2020-05-29 04:34:29,047 [Listener at 127.0.0.1/34757] INFO  server.Server (Server.java:doStart(359)) - jetty-9.4.26.v20200117; built: 2020-01-17T12:35:33.676Z; git: 7b38981d25d14afb4a12ff1f2596756144edf695; jvm 1.8.0_232-b09
2020-05-29 04:34:29,050 [Listener at 127.0.0.1/34757] INFO  server.session (DefaultSessionIdManager.java:doStart(333)) - DefaultSessionIdManager workerName=node0
2020-05-29 04:34:29,050 [Listener at 127.0.0.1/34757] INFO  server.session (DefaultSessionIdManager.java:doStart(338)) - No SessionScavenger set, using defaults
2020-05-29 04:34:29,051 [Listener at 127.0.0.1/34757] INFO  server.session (HouseKeeper.java:startScavenging(140)) - node0 Scavenging every 600000ms
2020-05-29 04:34:29,051 [Listener at 127.0.0.1/34757] INFO  server.AuthenticationFilter (AuthenticationFilter.java:constructSecretProvider(240)) - Unable to initialize FileSignerSecretProvider, falling back to use random secrets.
2020-05-29 04:34:29,051 [Listener at 127.0.0.1/34757] INFO  handler.ContextHandler (ContextHandler.java:doStart(825)) - Started o.e.j.s.ServletContextHandler@15056bb0{logs,/logs,file:///github/workspace/mnt/ozone/hadoop-ozone/integration-test/target/log,AVAILABLE}
2020-05-29 04:34:29,052 [Listener at 127.0.0.1/34757] INFO  handler.ContextHandler (ContextHandler.java:doStart(825)) - Started o.e.j.s.ServletContextHandler@22d83d22{static,/static,jar:file:/home/user/.m2/repository/org/apache/hadoop/hadoop-hdds-container-service/0.6.0-SNAPSHOT/hadoop-hdds-container-service-0.6.0-SNAPSHOT.jar!/webapps/static,AVAILABLE}
2020-05-29 04:34:29,076 [Listener at 127.0.0.1/34757] INFO  handler.ContextHandler (ContextHandler.java:doStart(825)) - Started o.e.j.w.WebAppContext@6e53039a{hddsDatanode,/,file:///tmp/jetty-0_0_0_0-33659-hadoop-hdds-container-service-0_6_0-SNAPSHOT_jar-_-any-710567057372617292.dir/webapp/,AVAILABLE}{jar:file:/home/user/.m2/repository/org/apache/hadoop/hadoop-hdds-container-service/0.6.0-SNAPSHOT/hadoop-hdds-container-service-0.6.0-SNAPSHOT.jar!/webapps/hddsDatanode}
2020-05-29 04:34:29,077 [Listener at 127.0.0.1/34757] INFO  server.AbstractConnector (AbstractConnector.java:doStart(330)) - Started ServerConnector@24fdc88{HTTP/1.1,[http/1.1]}{0.0.0.0:33659}
2020-05-29 04:34:29,077 [Listener at 127.0.0.1/34757] INFO  server.Server (Server.java:doStart(399)) - Started @42518ms
2020-05-29 04:34:29,077 [Listener at 127.0.0.1/34757] WARN  impl.MetricsSystemImpl (MetricsSystemImpl.java:register(276)) - Sink prometheus already exists!
2020-05-29 04:34:29,080 [Listener at 127.0.0.1/34757] INFO  http.BaseHttpServer (BaseHttpServer.java:updateConnectorAddress(325)) - HTTP server of hddsDatanode listening at http://0.0.0.0:33659
2020-05-29 04:34:29,080 [Listener at 127.0.0.1/34757] INFO  impl.MetricsSystemImpl (MetricsSystemImpl.java:init(158)) - HddsDatanode metrics system started (again)
2020-05-29 04:34:29,081 [Listener at 127.0.0.1/34757] INFO  ozone.HddsDatanodeService (HddsDatanodeService.java:start(204)) - HddsDatanodeService host:69c943251111 ip:172.17.0.2
2020-05-29 04:34:29,082 [Listener at 127.0.0.1/34757] INFO  volume.HddsVolume (HddsVolume.java:<init>(176)) - Creating Volume: /github/workspace/mnt/ozone/hadoop-ozone/integration-test/target/test-dir/MiniOzoneClusterImpl-12d77cfa-a16c-47e6-aadc-9eca5b4227e3/datanode-1/data-0/containers/hdds of storage type : DISK and capacity : 9223372036854775807
2020-05-29 04:34:29,082 [Listener at 127.0.0.1/34757] INFO  volume.MutableVolumeSet (MutableVolumeSet.java:initializeVolumeSet(181)) - Added Volume : /github/workspace/mnt/ozone/hadoop-ozone/integration-test/target/test-dir/MiniOzoneClusterImpl-12d77cfa-a16c-47e6-aadc-9eca5b4227e3/datanode-1/data-0/containers/hdds to VolumeSet
2020-05-29 04:34:29,082 [Listener at 127.0.0.1/34757] INFO  volume.ThrottledAsyncChecker (ThrottledAsyncChecker.java:schedule(141)) - Scheduling a check for /github/workspace/mnt/ozone/hadoop-ozone/integration-test/target/test-dir/MiniOzoneClusterImpl-12d77cfa-a16c-47e6-aadc-9eca5b4227e3/datanode-1/data-0/containers/hdds
2020-05-29 04:34:29,090 [Listener at 127.0.0.1/34757] INFO  volume.HddsVolumeChecker (HddsVolumeChecker.java:checkAllVolumes(200)) - Scheduled health check for volume /github/workspace/mnt/ozone/hadoop-ozone/integration-test/target/test-dir/MiniOzoneClusterImpl-12d77cfa-a16c-47e6-aadc-9eca5b4227e3/datanode-1/data-0/containers/hdds
2020-05-29 04:34:29,103 [org.apache.hadoop.util.JvmPauseMonitor$Monitor@50cb1ea9] INFO  util.JvmPauseMonitor (JvmPauseMonitor.java:run(188)) - Starting JVM pause monitor
2020-05-29 04:34:29,105 [Listener at 127.0.0.1/34757] INFO  impl.RaftServerProxy (ConfUtils.java:logGet(44)) - raft.rpc.type = GRPC (default)
2020-05-29 04:34:29,105 [Listener at 127.0.0.1/34757] INFO  grpc.GrpcFactory (GrpcFactory.java:checkPooledByteBufAllocatorUseCacheForAllThreads(45)) - PERFORMANCE WARNING: useCacheForAllThreads is true that may cause Netty to create a lot garbage objects and, as a result, trigger GC.
	It is recommended to disable useCacheForAllThreads by setting -Dorg.apache.ratis.thirdparty.io.netty.allocator.useCacheForAllThreads=false in command line.
2020-05-29 04:34:29,105 [Listener at 127.0.0.1/34757] INFO  grpc.GrpcConfigKeys (ConfUtils.java:logGet(44)) - raft.grpc.server.port = 0 (default)
2020-05-29 04:34:29,105 [Listener at 127.0.0.1/34757] INFO  server.GrpcService (ConfUtils.java:logGet(44)) - raft.grpc.message.size.max = 32MB (=33554432) (custom)
2020-05-29 04:34:29,105 [Listener at 127.0.0.1/34757] INFO  server.RaftServerConfigKeys (ConfUtils.java:logGet(44)) - raft.server.log.appender.buffer.byte-limit = 33554432 (custom)
2020-05-29 04:34:29,105 [Listener at 127.0.0.1/34757] INFO  server.GrpcService (ConfUtils.java:logGet(44)) - raft.grpc.flow.control.window = 5MB (=5242880) (custom)
2020-05-29 04:34:29,105 [Listener at 127.0.0.1/34757] INFO  server.RaftServerConfigKeys (ConfUtils.java:logGet(44)) - raft.server.rpc.request.timeout = 60s (custom)
2020-05-29 04:34:29,106 [Listener at 127.0.0.1/34757] INFO  server.RaftServerConfigKeys (ConfUtils.java:logGet(44)) - raft.server.storage.dir = [/github/workspace/mnt/ozone/hadoop-ozone/integration-test/target/test-dir/MiniOzoneClusterImpl-12d77cfa-a16c-47e6-aadc-9eca5b4227e3/datanode-1/data/ratis] (custom)
2020-05-29 04:34:29,108 [Datanode State Machine Thread - 0] INFO  datanode.InitDatanodeState (InitDatanodeState.java:persistContainerDatanodeDetails(145)) - DatanodeDetails is persisted to /github/workspace/mnt/ozone/hadoop-ozone/integration-test/target/test-dir/MiniOzoneClusterImpl-12d77cfa-a16c-47e6-aadc-9eca5b4227e3/datanode-0/meta/datanode.id
2020-05-29 04:34:29,109 [Listener at 127.0.0.1/34757] INFO  http.BaseHttpServer (BaseHttpServer.java:newHttpServer2BuilderForOzone(205)) - Starting Web-server for hddsDatanode at: http://0.0.0.0:0
2020-05-29 04:34:29,109 [Listener at 127.0.0.1/34757] INFO  http.BaseHttpServer (BaseHttpServer.java:<init>(106)) - Hadoop Security Enabled: false Ozone Security Enabled: false Ozone HTTP Security Enabled: false 
2020-05-29 04:34:29,110 [Listener at 127.0.0.1/34757] INFO  server.AuthenticationFilter (AuthenticationFilter.java:constructSecretProvider(240)) - Unable to initialize FileSignerSecretProvider, falling back to use random secrets.
2020-05-29 04:34:29,110 [Listener at 127.0.0.1/34757] WARN  http.HttpRequestLog (HttpRequestLog.java:getRequestLog(103)) - Jetty request log can only be enabled using Log4j
2020-05-29 04:34:29,111 [Listener at 127.0.0.1/34757] INFO  http.HttpServer2 (HttpServer2.java:addGlobalFilter(993)) - Added global filter 'safety' (class=org.apache.hadoop.hdds.server.http.HttpServer2$QuotingInputFilter)
2020-05-29 04:34:29,111 [Listener at 127.0.0.1/34757] INFO  http.HttpServer2 (HttpServer2.java:addFilter(969)) - Added filter authentication (class=org.apache.hadoop.security.authentication.server.AuthenticationFilter) to context hddsDatanode
2020-05-29 04:34:29,111 [Listener at 127.0.0.1/34757] INFO  http.HttpServer2 (HttpServer2.java:addFilter(977)) - Added filter authentication (class=org.apache.hadoop.security.authentication.server.AuthenticationFilter) to context logs
2020-05-29 04:34:29,111 [Listener at 127.0.0.1/34757] INFO  http.HttpServer2 (HttpServer2.java:addFilter(977)) - Added filter authentication (class=org.apache.hadoop.security.authentication.server.AuthenticationFilter) to context static
2020-05-29 04:34:29,112 [Listener at 127.0.0.1/34757] INFO  http.HttpServer2 (HttpServer2.java:bindListener(1211)) - Jetty bound to port 39045
2020-05-29 04:34:29,112 [Listener at 127.0.0.1/34757] INFO  server.Server (Server.java:doStart(359)) - jetty-9.4.26.v20200117; built: 2020-01-17T12:35:33.676Z; git: 7b38981d25d14afb4a12ff1f2596756144edf695; jvm 1.8.0_232-b09
2020-05-29 04:34:29,113 [Listener at 127.0.0.1/34757] INFO  server.session (DefaultSessionIdManager.java:doStart(333)) - DefaultSessionIdManager workerName=node0
2020-05-29 04:34:29,113 [Listener at 127.0.0.1/34757] INFO  server.session (DefaultSessionIdManager.java:doStart(338)) - No SessionScavenger set, using defaults
2020-05-29 04:34:29,113 [Listener at 127.0.0.1/34757] INFO  server.session (HouseKeeper.java:startScavenging(140)) - node0 Scavenging every 600000ms
2020-05-29 04:34:29,114 [Listener at 127.0.0.1/34757] INFO  server.AuthenticationFilter (AuthenticationFilter.java:constructSecretProvider(240)) - Unable to initialize FileSignerSecretProvider, falling back to use random secrets.
2020-05-29 04:34:29,114 [Listener at 127.0.0.1/34757] INFO  handler.ContextHandler (ContextHandler.java:doStart(825)) - Started o.e.j.s.ServletContextHandler@1b507dc4{logs,/logs,file:///github/workspace/mnt/ozone/hadoop-ozone/integration-test/target/log,AVAILABLE}
2020-05-29 04:34:29,114 [Listener at 127.0.0.1/34757] INFO  handler.ContextHandler (ContextHandler.java:doStart(825)) - Started o.e.j.s.ServletContextHandler@65ef88e8{static,/static,jar:file:/home/user/.m2/repository/org/apache/hadoop/hadoop-hdds-container-service/0.6.0-SNAPSHOT/hadoop-hdds-container-service-0.6.0-SNAPSHOT.jar!/webapps/static,AVAILABLE}
2020-05-29 04:34:29,138 [Listener at 127.0.0.1/34757] INFO  handler.ContextHandler (ContextHandler.java:doStart(825)) - Started o.e.j.w.WebAppContext@73956402{hddsDatanode,/,file:///tmp/jetty-0_0_0_0-39045-hadoop-hdds-container-service-0_6_0-SNAPSHOT_jar-_-any-772265288167468624.dir/webapp/,AVAILABLE}{jar:file:/home/user/.m2/repository/org/apache/hadoop/hadoop-hdds-container-service/0.6.0-SNAPSHOT/hadoop-hdds-container-service-0.6.0-SNAPSHOT.jar!/webapps/hddsDatanode}
2020-05-29 04:34:29,141 [Listener at 127.0.0.1/34757] INFO  server.AbstractConnector (AbstractConnector.java:doStart(330)) - Started ServerConnector@4791ac2{HTTP/1.1,[http/1.1]}{0.0.0.0:39045}
2020-05-29 04:34:29,141 [Listener at 127.0.0.1/34757] INFO  server.Server (Server.java:doStart(399)) - Started @42581ms
2020-05-29 04:34:29,141 [Listener at 127.0.0.1/34757] WARN  impl.MetricsSystemImpl (MetricsSystemImpl.java:register(276)) - Sink prometheus already exists!
2020-05-29 04:34:29,143 [Listener at 127.0.0.1/34757] INFO  http.BaseHttpServer (BaseHttpServer.java:updateConnectorAddress(325)) - HTTP server of hddsDatanode listening at http://0.0.0.0:39045
2020-05-29 04:34:29,143 [Listener at 127.0.0.1/34757] INFO  impl.MetricsSystemImpl (MetricsSystemImpl.java:init(158)) - HddsDatanode metrics system started (again)
2020-05-29 04:34:29,145 [Listener at 127.0.0.1/34757] INFO  ozone.HddsDatanodeService (HddsDatanodeService.java:start(204)) - HddsDatanodeService host:69c943251111 ip:172.17.0.2
2020-05-29 04:34:29,146 [Listener at 127.0.0.1/34757] INFO  volume.HddsVolume (HddsVolume.java:<init>(176)) - Creating Volume: /github/workspace/mnt/ozone/hadoop-ozone/integration-test/target/test-dir/MiniOzoneClusterImpl-12d77cfa-a16c-47e6-aadc-9eca5b4227e3/datanode-2/data-0/containers/hdds of storage type : DISK and capacity : 9223372036854775807
2020-05-29 04:34:29,146 [Listener at 127.0.0.1/34757] INFO  volume.MutableVolumeSet (MutableVolumeSet.java:initializeVolumeSet(181)) - Added Volume : /github/workspace/mnt/ozone/hadoop-ozone/integration-test/target/test-dir/MiniOzoneClusterImpl-12d77cfa-a16c-47e6-aadc-9eca5b4227e3/datanode-2/data-0/containers/hdds to VolumeSet
2020-05-29 04:34:29,147 [Listener at 127.0.0.1/34757] INFO  volume.ThrottledAsyncChecker (ThrottledAsyncChecker.java:schedule(141)) - Scheduling a check for /github/workspace/mnt/ozone/hadoop-ozone/integration-test/target/test-dir/MiniOzoneClusterImpl-12d77cfa-a16c-47e6-aadc-9eca5b4227e3/datanode-2/data-0/containers/hdds
2020-05-29 04:34:29,154 [Listener at 127.0.0.1/34757] INFO  volume.HddsVolumeChecker (HddsVolumeChecker.java:checkAllVolumes(200)) - Scheduled health check for volume /github/workspace/mnt/ozone/hadoop-ozone/integration-test/target/test-dir/MiniOzoneClusterImpl-12d77cfa-a16c-47e6-aadc-9eca5b4227e3/datanode-2/data-0/containers/hdds
2020-05-29 04:34:29,172 [org.apache.hadoop.util.JvmPauseMonitor$Monitor@4b1eaf6e] INFO  util.JvmPauseMonitor (JvmPauseMonitor.java:run(188)) - Starting JVM pause monitor
2020-05-29 04:34:29,174 [Listener at 127.0.0.1/34757] INFO  impl.RaftServerProxy (ConfUtils.java:logGet(44)) - raft.rpc.type = GRPC (default)
2020-05-29 04:34:29,175 [Listener at 127.0.0.1/34757] INFO  grpc.GrpcFactory (GrpcFactory.java:checkPooledByteBufAllocatorUseCacheForAllThreads(45)) - PERFORMANCE WARNING: useCacheForAllThreads is true that may cause Netty to create a lot garbage objects and, as a result, trigger GC.
	It is recommended to disable useCacheForAllThreads by setting -Dorg.apache.ratis.thirdparty.io.netty.allocator.useCacheForAllThreads=false in command line.
2020-05-29 04:34:29,175 [Listener at 127.0.0.1/34757] INFO  grpc.GrpcConfigKeys (ConfUtils.java:logGet(44)) - raft.grpc.server.port = 0 (default)
2020-05-29 04:34:29,175 [Listener at 127.0.0.1/34757] INFO  server.GrpcService (ConfUtils.java:logGet(44)) - raft.grpc.message.size.max = 32MB (=33554432) (custom)
2020-05-29 04:34:29,175 [Listener at 127.0.0.1/34757] INFO  server.RaftServerConfigKeys (ConfUtils.java:logGet(44)) - raft.server.log.appender.buffer.byte-limit = 33554432 (custom)
2020-05-29 04:34:29,175 [Listener at 127.0.0.1/34757] INFO  server.GrpcService (ConfUtils.java:logGet(44)) - raft.grpc.flow.control.window = 5MB (=5242880) (custom)
2020-05-29 04:34:29,175 [Listener at 127.0.0.1/34757] INFO  server.RaftServerConfigKeys (ConfUtils.java:logGet(44)) - raft.server.rpc.request.timeout = 60s (custom)
2020-05-29 04:34:29,176 [Listener at 127.0.0.1/34757] INFO  server.RaftServerConfigKeys (ConfUtils.java:logGet(44)) - raft.server.storage.dir = [/github/workspace/mnt/ozone/hadoop-ozone/integration-test/target/test-dir/MiniOzoneClusterImpl-12d77cfa-a16c-47e6-aadc-9eca5b4227e3/datanode-2/data/ratis] (custom)
2020-05-29 04:34:29,178 [Datanode State Machine Thread - 0] INFO  datanode.InitDatanodeState (InitDatanodeState.java:persistContainerDatanodeDetails(145)) - DatanodeDetails is persisted to /github/workspace/mnt/ozone/hadoop-ozone/integration-test/target/test-dir/MiniOzoneClusterImpl-12d77cfa-a16c-47e6-aadc-9eca5b4227e3/datanode-1/meta/datanode.id
2020-05-29 04:34:29,179 [Listener at 127.0.0.1/34757] INFO  http.BaseHttpServer (BaseHttpServer.java:newHttpServer2BuilderForOzone(205)) - Starting Web-server for hddsDatanode at: http://0.0.0.0:0
2020-05-29 04:34:29,179 [Listener at 127.0.0.1/34757] INFO  http.BaseHttpServer (BaseHttpServer.java:<init>(106)) - Hadoop Security Enabled: false Ozone Security Enabled: false Ozone HTTP Security Enabled: false 
2020-05-29 04:34:29,180 [Listener at 127.0.0.1/34757] INFO  server.AuthenticationFilter (AuthenticationFilter.java:constructSecretProvider(240)) - Unable to initialize FileSignerSecretProvider, falling back to use random secrets.
2020-05-29 04:34:29,180 [Listener at 127.0.0.1/34757] WARN  http.HttpRequestLog (HttpRequestLog.java:getRequestLog(103)) - Jetty request log can only be enabled using Log4j
2020-05-29 04:34:29,181 [Listener at 127.0.0.1/34757] INFO  http.HttpServer2 (HttpServer2.java:addGlobalFilter(993)) - Added global filter 'safety' (class=org.apache.hadoop.hdds.server.http.HttpServer2$QuotingInputFilter)
2020-05-29 04:34:29,181 [Listener at 127.0.0.1/34757] INFO  http.HttpServer2 (HttpServer2.java:addFilter(969)) - Added filter authentication (class=org.apache.hadoop.security.authentication.server.AuthenticationFilter) to context hddsDatanode
2020-05-29 04:34:29,181 [Listener at 127.0.0.1/34757] INFO  http.HttpServer2 (HttpServer2.java:addFilter(977)) - Added filter authentication (class=org.apache.hadoop.security.authentication.server.AuthenticationFilter) to context logs
2020-05-29 04:34:29,181 [Listener at 127.0.0.1/34757] INFO  http.HttpServer2 (HttpServer2.java:addFilter(977)) - Added filter authentication (class=org.apache.hadoop.security.authentication.server.AuthenticationFilter) to context static
2020-05-29 04:34:29,182 [Listener at 127.0.0.1/34757] INFO  http.HttpServer2 (HttpServer2.java:bindListener(1211)) - Jetty bound to port 35931
2020-05-29 04:34:29,182 [Listener at 127.0.0.1/34757] INFO  server.Server (Server.java:doStart(359)) - jetty-9.4.26.v20200117; built: 2020-01-17T12:35:33.676Z; git: 7b38981d25d14afb4a12ff1f2596756144edf695; jvm 1.8.0_232-b09
2020-05-29 04:34:29,183 [Listener at 127.0.0.1/34757] INFO  server.session (DefaultSessionIdManager.java:doStart(333)) - DefaultSessionIdManager workerName=node0
2020-05-29 04:34:29,183 [Listener at 127.0.0.1/34757] INFO  server.session (DefaultSessionIdManager.java:doStart(338)) - No SessionScavenger set, using defaults
2020-05-29 04:34:29,183 [Listener at 127.0.0.1/34757] INFO  server.session (HouseKeeper.java:startScavenging(140)) - node0 Scavenging every 600000ms
2020-05-29 04:34:29,184 [Listener at 127.0.0.1/34757] INFO  server.AuthenticationFilter (AuthenticationFilter.java:constructSecretProvider(240)) - Unable to initialize FileSignerSecretProvider, falling back to use random secrets.
2020-05-29 04:34:29,184 [Listener at 127.0.0.1/34757] INFO  handler.ContextHandler (ContextHandler.java:doStart(825)) - Started o.e.j.s.ServletContextHandler@1dc496ab{logs,/logs,file:///github/workspace/mnt/ozone/hadoop-ozone/integration-test/target/log,AVAILABLE}
2020-05-29 04:34:29,185 [Listener at 127.0.0.1/34757] INFO  handler.ContextHandler (ContextHandler.java:doStart(825)) - Started o.e.j.s.ServletContextHandler@7296d5c9{static,/static,jar:file:/home/user/.m2/repository/org/apache/hadoop/hadoop-hdds-container-service/0.6.0-SNAPSHOT/hadoop-hdds-container-service-0.6.0-SNAPSHOT.jar!/webapps/static,AVAILABLE}
2020-05-29 04:34:29,210 [Listener at 127.0.0.1/34757] INFO  handler.ContextHandler (ContextHandler.java:doStart(825)) - Started o.e.j.w.WebAppContext@4a2f7d10{hddsDatanode,/,file:///tmp/jetty-0_0_0_0-35931-hadoop-hdds-container-service-0_6_0-SNAPSHOT_jar-_-any-9143904614360391765.dir/webapp/,AVAILABLE}{jar:file:/home/user/.m2/repository/org/apache/hadoop/hadoop-hdds-container-service/0.6.0-SNAPSHOT/hadoop-hdds-container-service-0.6.0-SNAPSHOT.jar!/webapps/hddsDatanode}
2020-05-29 04:34:29,211 [Listener at 127.0.0.1/34757] INFO  server.AbstractConnector (AbstractConnector.java:doStart(330)) - Started ServerConnector@6e3a8875{HTTP/1.1,[http/1.1]}{0.0.0.0:35931}
2020-05-29 04:34:29,211 [Listener at 127.0.0.1/34757] INFO  server.Server (Server.java:doStart(399)) - Started @42652ms
2020-05-29 04:34:29,211 [Listener at 127.0.0.1/34757] WARN  impl.MetricsSystemImpl (MetricsSystemImpl.java:register(276)) - Sink prometheus already exists!
2020-05-29 04:34:29,214 [Listener at 127.0.0.1/34757] INFO  http.BaseHttpServer (BaseHttpServer.java:updateConnectorAddress(325)) - HTTP server of hddsDatanode listening at http://0.0.0.0:35931
2020-05-29 04:34:29,214 [Listener at 127.0.0.1/34757] INFO  impl.MetricsSystemImpl (MetricsSystemImpl.java:init(158)) - HddsDatanode metrics system started (again)
2020-05-29 04:34:29,215 [Listener at 127.0.0.1/34757] INFO  ozone.HddsDatanodeService (HddsDatanodeService.java:start(204)) - HddsDatanodeService host:69c943251111 ip:172.17.0.2
2020-05-29 04:34:29,216 [Listener at 127.0.0.1/34757] INFO  volume.HddsVolume (HddsVolume.java:<init>(176)) - Creating Volume: /github/workspace/mnt/ozone/hadoop-ozone/integration-test/target/test-dir/MiniOzoneClusterImpl-12d77cfa-a16c-47e6-aadc-9eca5b4227e3/datanode-3/data-0/containers/hdds of storage type : DISK and capacity : 9223372036854775807
2020-05-29 04:34:29,216 [Listener at 127.0.0.1/34757] INFO  volume.MutableVolumeSet (MutableVolumeSet.java:initializeVolumeSet(181)) - Added Volume : /github/workspace/mnt/ozone/hadoop-ozone/integration-test/target/test-dir/MiniOzoneClusterImpl-12d77cfa-a16c-47e6-aadc-9eca5b4227e3/datanode-3/data-0/containers/hdds to VolumeSet
2020-05-29 04:34:29,216 [Listener at 127.0.0.1/34757] INFO  volume.ThrottledAsyncChecker (ThrottledAsyncChecker.java:schedule(141)) - Scheduling a check for /github/workspace/mnt/ozone/hadoop-ozone/integration-test/target/test-dir/MiniOzoneClusterImpl-12d77cfa-a16c-47e6-aadc-9eca5b4227e3/datanode-3/data-0/containers/hdds
2020-05-29 04:34:29,217 [Listener at 127.0.0.1/34757] INFO  volume.HddsVolumeChecker (HddsVolumeChecker.java:checkAllVolumes(200)) - Scheduled health check for volume /github/workspace/mnt/ozone/hadoop-ozone/integration-test/target/test-dir/MiniOzoneClusterImpl-12d77cfa-a16c-47e6-aadc-9eca5b4227e3/datanode-3/data-0/containers/hdds
2020-05-29 04:34:29,230 [org.apache.hadoop.util.JvmPauseMonitor$Monitor@79cb36f9] INFO  util.JvmPauseMonitor (JvmPauseMonitor.java:run(188)) - Starting JVM pause monitor
2020-05-29 04:34:29,231 [Datanode State Machine Thread - 0] INFO  datanode.InitDatanodeState (InitDatanodeState.java:persistContainerDatanodeDetails(145)) - DatanodeDetails is persisted to /github/workspace/mnt/ozone/hadoop-ozone/integration-test/target/test-dir/MiniOzoneClusterImpl-12d77cfa-a16c-47e6-aadc-9eca5b4227e3/datanode-2/meta/datanode.id
2020-05-29 04:34:29,238 [Listener at 127.0.0.1/34757] INFO  impl.RaftServerProxy (ConfUtils.java:logGet(44)) - raft.rpc.type = GRPC (default)
2020-05-29 04:34:29,239 [Listener at 127.0.0.1/34757] INFO  grpc.GrpcFactory (GrpcFactory.java:checkPooledByteBufAllocatorUseCacheForAllThreads(45)) - PERFORMANCE WARNING: useCacheForAllThreads is true that may cause Netty to create a lot garbage objects and, as a result, trigger GC.
	It is recommended to disable useCacheForAllThreads by setting -Dorg.apache.ratis.thirdparty.io.netty.allocator.useCacheForAllThreads=false in command line.
2020-05-29 04:34:29,239 [Listener at 127.0.0.1/34757] INFO  grpc.GrpcConfigKeys (ConfUtils.java:logGet(44)) - raft.grpc.server.port = 0 (default)
2020-05-29 04:34:29,239 [Listener at 127.0.0.1/34757] INFO  server.GrpcService (ConfUtils.java:logGet(44)) - raft.grpc.message.size.max = 32MB (=33554432) (custom)
2020-05-29 04:34:29,239 [Listener at 127.0.0.1/34757] INFO  server.RaftServerConfigKeys (ConfUtils.java:logGet(44)) - raft.server.log.appender.buffer.byte-limit = 33554432 (custom)
2020-05-29 04:34:29,239 [Listener at 127.0.0.1/34757] INFO  server.GrpcService (ConfUtils.java:logGet(44)) - raft.grpc.flow.control.window = 5MB (=5242880) (custom)
2020-05-29 04:34:29,239 [Listener at 127.0.0.1/34757] INFO  server.RaftServerConfigKeys (ConfUtils.java:logGet(44)) - raft.server.rpc.request.timeout = 60s (custom)
2020-05-29 04:34:29,240 [Listener at 127.0.0.1/34757] INFO  server.RaftServerConfigKeys (ConfUtils.java:logGet(44)) - raft.server.storage.dir = [/github/workspace/mnt/ozone/hadoop-ozone/integration-test/target/test-dir/MiniOzoneClusterImpl-12d77cfa-a16c-47e6-aadc-9eca5b4227e3/datanode-3/data/ratis] (custom)
2020-05-29 04:34:29,244 [Listener at 127.0.0.1/34757] INFO  http.BaseHttpServer (BaseHttpServer.java:newHttpServer2BuilderForOzone(205)) - Starting Web-server for hddsDatanode at: http://0.0.0.0:0
2020-05-29 04:34:29,244 [Listener at 127.0.0.1/34757] INFO  http.BaseHttpServer (BaseHttpServer.java:<init>(106)) - Hadoop Security Enabled: false Ozone Security Enabled: false Ozone HTTP Security Enabled: false 
2020-05-29 04:34:29,244 [Listener at 127.0.0.1/34757] INFO  server.AuthenticationFilter (AuthenticationFilter.java:constructSecretProvider(240)) - Unable to initialize FileSignerSecretProvider, falling back to use random secrets.
2020-05-29 04:34:29,245 [Listener at 127.0.0.1/34757] WARN  http.HttpRequestLog (HttpRequestLog.java:getRequestLog(103)) - Jetty request log can only be enabled using Log4j
2020-05-29 04:34:29,245 [Listener at 127.0.0.1/34757] INFO  http.HttpServer2 (HttpServer2.java:addGlobalFilter(993)) - Added global filter 'safety' (class=org.apache.hadoop.hdds.server.http.HttpServer2$QuotingInputFilter)
2020-05-29 04:34:29,246 [Listener at 127.0.0.1/34757] INFO  http.HttpServer2 (HttpServer2.java:addFilter(969)) - Added filter authentication (class=org.apache.hadoop.security.authentication.server.AuthenticationFilter) to context hddsDatanode
2020-05-29 04:34:29,246 [Listener at 127.0.0.1/34757] INFO  http.HttpServer2 (HttpServer2.java:addFilter(977)) - Added filter authentication (class=org.apache.hadoop.security.authentication.server.AuthenticationFilter) to context logs
2020-05-29 04:34:29,246 [Listener at 127.0.0.1/34757] INFO  http.HttpServer2 (HttpServer2.java:addFilter(977)) - Added filter authentication (class=org.apache.hadoop.security.authentication.server.AuthenticationFilter) to context static
2020-05-29 04:34:29,246 [Listener at 127.0.0.1/34757] INFO  http.HttpServer2 (HttpServer2.java:bindListener(1211)) - Jetty bound to port 44059
2020-05-29 04:34:29,246 [Listener at 127.0.0.1/34757] INFO  server.Server (Server.java:doStart(359)) - jetty-9.4.26.v20200117; built: 2020-01-17T12:35:33.676Z; git: 7b38981d25d14afb4a12ff1f2596756144edf695; jvm 1.8.0_232-b09
2020-05-29 04:34:29,247 [Listener at 127.0.0.1/34757] INFO  server.session (DefaultSessionIdManager.java:doStart(333)) - DefaultSessionIdManager workerName=node0
2020-05-29 04:34:29,247 [Listener at 127.0.0.1/34757] INFO  server.session (DefaultSessionIdManager.java:doStart(338)) - No SessionScavenger set, using defaults
2020-05-29 04:34:29,247 [Listener at 127.0.0.1/34757] INFO  server.session (HouseKeeper.java:startScavenging(140)) - node0 Scavenging every 600000ms
2020-05-29 04:34:29,248 [Listener at 127.0.0.1/34757] INFO  server.AuthenticationFilter (AuthenticationFilter.java:constructSecretProvider(240)) - Unable to initialize FileSignerSecretProvider, falling back to use random secrets.
2020-05-29 04:34:29,248 [Listener at 127.0.0.1/34757] INFO  handler.ContextHandler (ContextHandler.java:doStart(825)) - Started o.e.j.s.ServletContextHandler@3523fab5{logs,/logs,file:///github/workspace/mnt/ozone/hadoop-ozone/integration-test/target/log,AVAILABLE}
2020-05-29 04:34:29,248 [Listener at 127.0.0.1/34757] INFO  handler.ContextHandler (ContextHandler.java:doStart(825)) - Started o.e.j.s.ServletContextHandler@2a8565dc{static,/static,jar:file:/home/user/.m2/repository/org/apache/hadoop/hadoop-hdds-container-service/0.6.0-SNAPSHOT/hadoop-hdds-container-service-0.6.0-SNAPSHOT.jar!/webapps/static,AVAILABLE}
2020-05-29 04:34:29,275 [Listener at 127.0.0.1/34757] INFO  handler.ContextHandler (ContextHandler.java:doStart(825)) - Started o.e.j.w.WebAppContext@1e4c909{hddsDatanode,/,file:///tmp/jetty-0_0_0_0-44059-hadoop-hdds-container-service-0_6_0-SNAPSHOT_jar-_-any-1443599680777368778.dir/webapp/,AVAILABLE}{jar:file:/home/user/.m2/repository/org/apache/hadoop/hadoop-hdds-container-service/0.6.0-SNAPSHOT/hadoop-hdds-container-service-0.6.0-SNAPSHOT.jar!/webapps/hddsDatanode}
2020-05-29 04:34:29,276 [Listener at 127.0.0.1/34757] INFO  server.AbstractConnector (AbstractConnector.java:doStart(330)) - Started ServerConnector@3a89d110{HTTP/1.1,[http/1.1]}{0.0.0.0:44059}
2020-05-29 04:34:29,276 [Listener at 127.0.0.1/34757] INFO  server.Server (Server.java:doStart(399)) - Started @42717ms
2020-05-29 04:34:29,277 [Listener at 127.0.0.1/34757] WARN  impl.MetricsSystemImpl (MetricsSystemImpl.java:register(276)) - Sink prometheus already exists!
2020-05-29 04:34:29,279 [Listener at 127.0.0.1/34757] INFO  http.BaseHttpServer (BaseHttpServer.java:updateConnectorAddress(325)) - HTTP server of hddsDatanode listening at http://0.0.0.0:44059
2020-05-29 04:34:29,279 [Listener at 127.0.0.1/34757] INFO  impl.MetricsSystemImpl (MetricsSystemImpl.java:init(158)) - HddsDatanode metrics system started (again)
2020-05-29 04:34:29,285 [org.apache.hadoop.util.JvmPauseMonitor$Monitor@5de69f22] INFO  util.JvmPauseMonitor (JvmPauseMonitor.java:run(188)) - Starting JVM pause monitor
2020-05-29 04:34:29,287 [Listener at 127.0.0.1/34757] INFO  ozone.HddsDatanodeService (HddsDatanodeService.java:start(204)) - HddsDatanodeService host:69c943251111 ip:172.17.0.2
2020-05-29 04:34:29,287 [Datanode State Machine Thread - 0] INFO  datanode.InitDatanodeState (InitDatanodeState.java:persistContainerDatanodeDetails(145)) - DatanodeDetails is persisted to /github/workspace/mnt/ozone/hadoop-ozone/integration-test/target/test-dir/MiniOzoneClusterImpl-12d77cfa-a16c-47e6-aadc-9eca5b4227e3/datanode-3/meta/datanode.id
2020-05-29 04:34:29,288 [Listener at 127.0.0.1/34757] INFO  volume.HddsVolume (HddsVolume.java:<init>(176)) - Creating Volume: /github/workspace/mnt/ozone/hadoop-ozone/integration-test/target/test-dir/MiniOzoneClusterImpl-12d77cfa-a16c-47e6-aadc-9eca5b4227e3/datanode-4/data-0/containers/hdds of storage type : DISK and capacity : 9223372036854775807
2020-05-29 04:34:29,288 [Listener at 127.0.0.1/34757] INFO  volume.MutableVolumeSet (MutableVolumeSet.java:initializeVolumeSet(181)) - Added Volume : /github/workspace/mnt/ozone/hadoop-ozone/integration-test/target/test-dir/MiniOzoneClusterImpl-12d77cfa-a16c-47e6-aadc-9eca5b4227e3/datanode-4/data-0/containers/hdds to VolumeSet
2020-05-29 04:34:29,288 [Listener at 127.0.0.1/34757] INFO  volume.ThrottledAsyncChecker (ThrottledAsyncChecker.java:schedule(141)) - Scheduling a check for /github/workspace/mnt/ozone/hadoop-ozone/integration-test/target/test-dir/MiniOzoneClusterImpl-12d77cfa-a16c-47e6-aadc-9eca5b4227e3/datanode-4/data-0/containers/hdds
2020-05-29 04:34:29,289 [Listener at 127.0.0.1/34757] INFO  volume.HddsVolumeChecker (HddsVolumeChecker.java:checkAllVolumes(200)) - Scheduled health check for volume /github/workspace/mnt/ozone/hadoop-ozone/integration-test/target/test-dir/MiniOzoneClusterImpl-12d77cfa-a16c-47e6-aadc-9eca5b4227e3/datanode-4/data-0/containers/hdds
2020-05-29 04:34:29,301 [Listener at 127.0.0.1/34757] INFO  impl.RaftServerProxy (ConfUtils.java:logGet(44)) - raft.rpc.type = GRPC (default)
2020-05-29 04:34:29,302 [Listener at 127.0.0.1/34757] INFO  grpc.GrpcFactory (GrpcFactory.java:checkPooledByteBufAllocatorUseCacheForAllThreads(45)) - PERFORMANCE WARNING: useCacheForAllThreads is true that may cause Netty to create a lot garbage objects and, as a result, trigger GC.
	It is recommended to disable useCacheForAllThreads by setting -Dorg.apache.ratis.thirdparty.io.netty.allocator.useCacheForAllThreads=false in command line.
2020-05-29 04:34:29,302 [Listener at 127.0.0.1/34757] INFO  grpc.GrpcConfigKeys (ConfUtils.java:logGet(44)) - raft.grpc.server.port = 0 (default)
2020-05-29 04:34:29,302 [Listener at 127.0.0.1/34757] INFO  server.GrpcService (ConfUtils.java:logGet(44)) - raft.grpc.message.size.max = 32MB (=33554432) (custom)
2020-05-29 04:34:29,302 [Listener at 127.0.0.1/34757] INFO  server.RaftServerConfigKeys (ConfUtils.java:logGet(44)) - raft.server.log.appender.buffer.byte-limit = 33554432 (custom)
2020-05-29 04:34:29,302 [Listener at 127.0.0.1/34757] INFO  server.GrpcService (ConfUtils.java:logGet(44)) - raft.grpc.flow.control.window = 5MB (=5242880) (custom)
2020-05-29 04:34:29,302 [Listener at 127.0.0.1/34757] INFO  server.RaftServerConfigKeys (ConfUtils.java:logGet(44)) - raft.server.rpc.request.timeout = 60s (custom)
2020-05-29 04:34:29,303 [Listener at 127.0.0.1/34757] INFO  server.RaftServerConfigKeys (ConfUtils.java:logGet(44)) - raft.server.storage.dir = [/github/workspace/mnt/ozone/hadoop-ozone/integration-test/target/test-dir/MiniOzoneClusterImpl-12d77cfa-a16c-47e6-aadc-9eca5b4227e3/datanode-4/data/ratis] (custom)
2020-05-29 04:34:29,306 [Listener at 127.0.0.1/34757] INFO  http.BaseHttpServer (BaseHttpServer.java:newHttpServer2BuilderForOzone(205)) - Starting Web-server for hddsDatanode at: http://0.0.0.0:0
2020-05-29 04:34:29,306 [Listener at 127.0.0.1/34757] INFO  http.BaseHttpServer (BaseHttpServer.java:<init>(106)) - Hadoop Security Enabled: false Ozone Security Enabled: false Ozone HTTP Security Enabled: false 
2020-05-29 04:34:29,307 [Listener at 127.0.0.1/34757] INFO  server.AuthenticationFilter (AuthenticationFilter.java:constructSecretProvider(240)) - Unable to initialize FileSignerSecretProvider, falling back to use random secrets.
2020-05-29 04:34:29,308 [Listener at 127.0.0.1/34757] WARN  http.HttpRequestLog (HttpRequestLog.java:getRequestLog(103)) - Jetty request log can only be enabled using Log4j
2020-05-29 04:34:29,308 [Listener at 127.0.0.1/34757] INFO  http.HttpServer2 (HttpServer2.java:addGlobalFilter(993)) - Added global filter 'safety' (class=org.apache.hadoop.hdds.server.http.HttpServer2$QuotingInputFilter)
2020-05-29 04:34:29,309 [Listener at 127.0.0.1/34757] INFO  http.HttpServer2 (HttpServer2.java:addFilter(969)) - Added filter authentication (class=org.apache.hadoop.security.authentication.server.AuthenticationFilter) to context hddsDatanode
2020-05-29 04:34:29,309 [Listener at 127.0.0.1/34757] INFO  http.HttpServer2 (HttpServer2.java:addFilter(977)) - Added filter authentication (class=org.apache.hadoop.security.authentication.server.AuthenticationFilter) to context static
2020-05-29 04:34:29,309 [Listener at 127.0.0.1/34757] INFO  http.HttpServer2 (HttpServer2.java:addFilter(977)) - Added filter authentication (class=org.apache.hadoop.security.authentication.server.AuthenticationFilter) to context logs
2020-05-29 04:34:29,310 [Listener at 127.0.0.1/34757] INFO  http.HttpServer2 (HttpServer2.java:bindListener(1211)) - Jetty bound to port 38817
2020-05-29 04:34:29,310 [Listener at 127.0.0.1/34757] INFO  server.Server (Server.java:doStart(359)) - jetty-9.4.26.v20200117; built: 2020-01-17T12:35:33.676Z; git: 7b38981d25d14afb4a12ff1f2596756144edf695; jvm 1.8.0_232-b09
2020-05-29 04:34:29,311 [Listener at 127.0.0.1/34757] INFO  server.session (DefaultSessionIdManager.java:doStart(333)) - DefaultSessionIdManager workerName=node0
2020-05-29 04:34:29,311 [Listener at 127.0.0.1/34757] INFO  server.session (DefaultSessionIdManager.java:doStart(338)) - No SessionScavenger set, using defaults
2020-05-29 04:34:29,311 [Listener at 127.0.0.1/34757] INFO  server.session (HouseKeeper.java:startScavenging(140)) - node0 Scavenging every 600000ms
2020-05-29 04:34:29,312 [Listener at 127.0.0.1/34757] INFO  server.AuthenticationFilter (AuthenticationFilter.java:constructSecretProvider(240)) - Unable to initialize FileSignerSecretProvider, falling back to use random secrets.
2020-05-29 04:34:29,312 [Listener at 127.0.0.1/34757] INFO  handler.ContextHandler (ContextHandler.java:doStart(825)) - Started o.e.j.s.ServletContextHandler@3e550991{logs,/logs,file:///github/workspace/mnt/ozone/hadoop-ozone/integration-test/target/log,AVAILABLE}
2020-05-29 04:34:29,313 [Listener at 127.0.0.1/34757] INFO  handler.ContextHandler (ContextHandler.java:doStart(825)) - Started o.e.j.s.ServletContextHandler@53a68c47{static,/static,jar:file:/home/user/.m2/repository/org/apache/hadoop/hadoop-hdds-container-service/0.6.0-SNAPSHOT/hadoop-hdds-container-service-0.6.0-SNAPSHOT.jar!/webapps/static,AVAILABLE}
2020-05-29 04:34:29,339 [Listener at 127.0.0.1/34757] INFO  handler.ContextHandler (ContextHandler.java:doStart(825)) - Started o.e.j.w.WebAppContext@4ab7adde{hddsDatanode,/,file:///tmp/jetty-0_0_0_0-38817-hadoop-hdds-container-service-0_6_0-SNAPSHOT_jar-_-any-2039457472451231258.dir/webapp/,AVAILABLE}{jar:file:/home/user/.m2/repository/org/apache/hadoop/hadoop-hdds-container-service/0.6.0-SNAPSHOT/hadoop-hdds-container-service-0.6.0-SNAPSHOT.jar!/webapps/hddsDatanode}
2020-05-29 04:34:29,343 [Listener at 127.0.0.1/34757] INFO  server.AbstractConnector (AbstractConnector.java:doStart(330)) - Started ServerConnector@2f50150d{HTTP/1.1,[http/1.1]}{0.0.0.0:38817}
2020-05-29 04:34:29,343 [Listener at 127.0.0.1/34757] INFO  server.Server (Server.java:doStart(399)) - Started @42783ms
2020-05-29 04:34:29,343 [Listener at 127.0.0.1/34757] WARN  impl.MetricsSystemImpl (MetricsSystemImpl.java:register(276)) - Sink prometheus already exists!
2020-05-29 04:34:29,345 [Listener at 127.0.0.1/34757] INFO  http.BaseHttpServer (BaseHttpServer.java:updateConnectorAddress(325)) - HTTP server of hddsDatanode listening at http://0.0.0.0:38817
2020-05-29 04:34:29,346 [Listener at 127.0.0.1/34757] INFO  impl.MetricsSystemImpl (MetricsSystemImpl.java:init(158)) - HddsDatanode metrics system started (again)
2020-05-29 04:34:29,350 [Listener at 127.0.0.1/34757] INFO  ozone.HddsDatanodeService (HddsDatanodeService.java:start(204)) - HddsDatanodeService host:69c943251111 ip:172.17.0.2
2020-05-29 04:34:29,350 [org.apache.hadoop.util.JvmPauseMonitor$Monitor@235627e1] INFO  util.JvmPauseMonitor (JvmPauseMonitor.java:run(188)) - Starting JVM pause monitor
2020-05-29 04:34:29,351 [Listener at 127.0.0.1/34757] INFO  volume.HddsVolume (HddsVolume.java:<init>(176)) - Creating Volume: /github/workspace/mnt/ozone/hadoop-ozone/integration-test/target/test-dir/MiniOzoneClusterImpl-12d77cfa-a16c-47e6-aadc-9eca5b4227e3/datanode-5/data-0/containers/hdds of storage type : DISK and capacity : 9223372036854775807
2020-05-29 04:34:29,351 [Listener at 127.0.0.1/34757] INFO  volume.MutableVolumeSet (MutableVolumeSet.java:initializeVolumeSet(181)) - Added Volume : /github/workspace/mnt/ozone/hadoop-ozone/integration-test/target/test-dir/MiniOzoneClusterImpl-12d77cfa-a16c-47e6-aadc-9eca5b4227e3/datanode-5/data-0/containers/hdds to VolumeSet
2020-05-29 04:34:29,351 [Listener at 127.0.0.1/34757] INFO  volume.ThrottledAsyncChecker (ThrottledAsyncChecker.java:schedule(141)) - Scheduling a check for /github/workspace/mnt/ozone/hadoop-ozone/integration-test/target/test-dir/MiniOzoneClusterImpl-12d77cfa-a16c-47e6-aadc-9eca5b4227e3/datanode-5/data-0/containers/hdds
2020-05-29 04:34:29,359 [Datanode State Machine Thread - 0] INFO  datanode.InitDatanodeState (InitDatanodeState.java:persistContainerDatanodeDetails(145)) - DatanodeDetails is persisted to /github/workspace/mnt/ozone/hadoop-ozone/integration-test/target/test-dir/MiniOzoneClusterImpl-12d77cfa-a16c-47e6-aadc-9eca5b4227e3/datanode-4/meta/datanode.id
2020-05-29 04:34:29,359 [Listener at 127.0.0.1/34757] INFO  volume.HddsVolumeChecker (HddsVolumeChecker.java:checkAllVolumes(200)) - Scheduled health check for volume /github/workspace/mnt/ozone/hadoop-ozone/integration-test/target/test-dir/MiniOzoneClusterImpl-12d77cfa-a16c-47e6-aadc-9eca5b4227e3/datanode-5/data-0/containers/hdds
2020-05-29 04:34:29,372 [Listener at 127.0.0.1/34757] INFO  impl.RaftServerProxy (ConfUtils.java:logGet(44)) - raft.rpc.type = GRPC (default)
2020-05-29 04:34:29,373 [Listener at 127.0.0.1/34757] INFO  grpc.GrpcFactory (GrpcFactory.java:checkPooledByteBufAllocatorUseCacheForAllThreads(45)) - PERFORMANCE WARNING: useCacheForAllThreads is true that may cause Netty to create a lot garbage objects and, as a result, trigger GC.
	It is recommended to disable useCacheForAllThreads by setting -Dorg.apache.ratis.thirdparty.io.netty.allocator.useCacheForAllThreads=false in command line.
2020-05-29 04:34:29,373 [Listener at 127.0.0.1/34757] INFO  grpc.GrpcConfigKeys (ConfUtils.java:logGet(44)) - raft.grpc.server.port = 0 (default)
2020-05-29 04:34:29,373 [Listener at 127.0.0.1/34757] INFO  server.GrpcService (ConfUtils.java:logGet(44)) - raft.grpc.message.size.max = 32MB (=33554432) (custom)
2020-05-29 04:34:29,373 [Listener at 127.0.0.1/34757] INFO  server.RaftServerConfigKeys (ConfUtils.java:logGet(44)) - raft.server.log.appender.buffer.byte-limit = 33554432 (custom)
2020-05-29 04:34:29,373 [Listener at 127.0.0.1/34757] INFO  server.GrpcService (ConfUtils.java:logGet(44)) - raft.grpc.flow.control.window = 5MB (=5242880) (custom)
2020-05-29 04:34:29,373 [Listener at 127.0.0.1/34757] INFO  server.RaftServerConfigKeys (ConfUtils.java:logGet(44)) - raft.server.rpc.request.timeout = 60s (custom)
2020-05-29 04:34:29,374 [Listener at 127.0.0.1/34757] INFO  server.RaftServerConfigKeys (ConfUtils.java:logGet(44)) - raft.server.storage.dir = [/github/workspace/mnt/ozone/hadoop-ozone/integration-test/target/test-dir/MiniOzoneClusterImpl-12d77cfa-a16c-47e6-aadc-9eca5b4227e3/datanode-5/data/ratis] (custom)
2020-05-29 04:34:29,377 [Listener at 127.0.0.1/34757] INFO  http.BaseHttpServer (BaseHttpServer.java:newHttpServer2BuilderForOzone(205)) - Starting Web-server for hddsDatanode at: http://0.0.0.0:0
2020-05-29 04:34:29,377 [Listener at 127.0.0.1/34757] INFO  http.BaseHttpServer (BaseHttpServer.java:<init>(106)) - Hadoop Security Enabled: false Ozone Security Enabled: false Ozone HTTP Security Enabled: false 
2020-05-29 04:34:29,378 [Listener at 127.0.0.1/34757] INFO  server.AuthenticationFilter (AuthenticationFilter.java:constructSecretProvider(240)) - Unable to initialize FileSignerSecretProvider, falling back to use random secrets.
2020-05-29 04:34:29,378 [Listener at 127.0.0.1/34757] WARN  http.HttpRequestLog (HttpRequestLog.java:getRequestLog(103)) - Jetty request log can only be enabled using Log4j
2020-05-29 04:34:29,379 [Listener at 127.0.0.1/34757] INFO  http.HttpServer2 (HttpServer2.java:addGlobalFilter(993)) - Added global filter 'safety' (class=org.apache.hadoop.hdds.server.http.HttpServer2$QuotingInputFilter)
2020-05-29 04:34:29,379 [Listener at 127.0.0.1/34757] INFO  http.HttpServer2 (HttpServer2.java:addFilter(969)) - Added filter authentication (class=org.apache.hadoop.security.authentication.server.AuthenticationFilter) to context hddsDatanode
2020-05-29 04:34:29,379 [Listener at 127.0.0.1/34757] INFO  http.HttpServer2 (HttpServer2.java:addFilter(977)) - Added filter authentication (class=org.apache.hadoop.security.authentication.server.AuthenticationFilter) to context static
2020-05-29 04:34:29,380 [Listener at 127.0.0.1/34757] INFO  http.HttpServer2 (HttpServer2.java:addFilter(977)) - Added filter authentication (class=org.apache.hadoop.security.authentication.server.AuthenticationFilter) to context logs
2020-05-29 04:34:29,380 [Listener at 127.0.0.1/34757] INFO  http.HttpServer2 (HttpServer2.java:bindListener(1211)) - Jetty bound to port 46515
2020-05-29 04:34:29,380 [Listener at 127.0.0.1/34757] INFO  server.Server (Server.java:doStart(359)) - jetty-9.4.26.v20200117; built: 2020-01-17T12:35:33.676Z; git: 7b38981d25d14afb4a12ff1f2596756144edf695; jvm 1.8.0_232-b09
2020-05-29 04:34:29,381 [Listener at 127.0.0.1/34757] INFO  server.session (DefaultSessionIdManager.java:doStart(333)) - DefaultSessionIdManager workerName=node0
2020-05-29 04:34:29,382 [Listener at 127.0.0.1/34757] INFO  server.session (DefaultSessionIdManager.java:doStart(338)) - No SessionScavenger set, using defaults
2020-05-29 04:34:29,382 [Listener at 127.0.0.1/34757] INFO  server.session (HouseKeeper.java:startScavenging(140)) - node0 Scavenging every 660000ms
2020-05-29 04:34:29,382 [Listener at 127.0.0.1/34757] INFO  server.AuthenticationFilter (AuthenticationFilter.java:constructSecretProvider(240)) - Unable to initialize FileSignerSecretProvider, falling back to use random secrets.
2020-05-29 04:34:29,383 [Listener at 127.0.0.1/34757] INFO  handler.ContextHandler (ContextHandler.java:doStart(825)) - Started o.e.j.s.ServletContextHandler@b42709d{logs,/logs,file:///github/workspace/mnt/ozone/hadoop-ozone/integration-test/target/log,AVAILABLE}
2020-05-29 04:34:29,383 [Listener at 127.0.0.1/34757] INFO  handler.ContextHandler (ContextHandler.java:doStart(825)) - Started o.e.j.s.ServletContextHandler@508110b{static,/static,jar:file:/home/user/.m2/repository/org/apache/hadoop/hadoop-hdds-container-service/0.6.0-SNAPSHOT/hadoop-hdds-container-service-0.6.0-SNAPSHOT.jar!/webapps/static,AVAILABLE}
2020-05-29 04:34:29,409 [Listener at 127.0.0.1/34757] INFO  handler.ContextHandler (ContextHandler.java:doStart(825)) - Started o.e.j.w.WebAppContext@798879bb{hddsDatanode,/,file:///tmp/jetty-0_0_0_0-46515-hadoop-hdds-container-service-0_6_0-SNAPSHOT_jar-_-any-519203700045290694.dir/webapp/,AVAILABLE}{jar:file:/home/user/.m2/repository/org/apache/hadoop/hadoop-hdds-container-service/0.6.0-SNAPSHOT/hadoop-hdds-container-service-0.6.0-SNAPSHOT.jar!/webapps/hddsDatanode}
2020-05-29 04:34:29,410 [Listener at 127.0.0.1/34757] INFO  server.AbstractConnector (AbstractConnector.java:doStart(330)) - Started ServerConnector@769d1116{HTTP/1.1,[http/1.1]}{0.0.0.0:46515}
2020-05-29 04:34:29,410 [Listener at 127.0.0.1/34757] INFO  server.Server (Server.java:doStart(399)) - Started @42850ms
2020-05-29 04:34:29,410 [Listener at 127.0.0.1/34757] WARN  impl.MetricsSystemImpl (MetricsSystemImpl.java:register(276)) - Sink prometheus already exists!
2020-05-29 04:34:29,412 [Listener at 127.0.0.1/34757] INFO  http.BaseHttpServer (BaseHttpServer.java:updateConnectorAddress(325)) - HTTP server of hddsDatanode listening at http://0.0.0.0:46515
2020-05-29 04:34:29,413 [Listener at 127.0.0.1/34757] INFO  impl.MetricsSystemImpl (MetricsSystemImpl.java:init(158)) - HddsDatanode metrics system started (again)
2020-05-29 04:34:29,415 [Listener at 127.0.0.1/34757] INFO  ozone.HddsDatanodeService (HddsDatanodeService.java:start(204)) - HddsDatanodeService host:69c943251111 ip:172.17.0.2
2020-05-29 04:34:29,418 [org.apache.hadoop.util.JvmPauseMonitor$Monitor@48031374] INFO  util.JvmPauseMonitor (JvmPauseMonitor.java:run(188)) - Starting JVM pause monitor
2020-05-29 04:34:29,419 [Datanode State Machine Thread - 0] INFO  datanode.InitDatanodeState (InitDatanodeState.java:persistContainerDatanodeDetails(145)) - DatanodeDetails is persisted to /github/workspace/mnt/ozone/hadoop-ozone/integration-test/target/test-dir/MiniOzoneClusterImpl-12d77cfa-a16c-47e6-aadc-9eca5b4227e3/datanode-5/meta/datanode.id
2020-05-29 04:34:29,421 [Listener at 127.0.0.1/34757] INFO  volume.HddsVolume (HddsVolume.java:<init>(176)) - Creating Volume: /github/workspace/mnt/ozone/hadoop-ozone/integration-test/target/test-dir/MiniOzoneClusterImpl-12d77cfa-a16c-47e6-aadc-9eca5b4227e3/datanode-6/data-0/containers/hdds of storage type : DISK and capacity : 9223372036854775807
2020-05-29 04:34:29,421 [Listener at 127.0.0.1/34757] INFO  volume.MutableVolumeSet (MutableVolumeSet.java:initializeVolumeSet(181)) - Added Volume : /github/workspace/mnt/ozone/hadoop-ozone/integration-test/target/test-dir/MiniOzoneClusterImpl-12d77cfa-a16c-47e6-aadc-9eca5b4227e3/datanode-6/data-0/containers/hdds to VolumeSet
2020-05-29 04:34:29,421 [Listener at 127.0.0.1/34757] INFO  volume.ThrottledAsyncChecker (ThrottledAsyncChecker.java:schedule(141)) - Scheduling a check for /github/workspace/mnt/ozone/hadoop-ozone/integration-test/target/test-dir/MiniOzoneClusterImpl-12d77cfa-a16c-47e6-aadc-9eca5b4227e3/datanode-6/data-0/containers/hdds
2020-05-29 04:34:29,422 [Listener at 127.0.0.1/34757] INFO  volume.HddsVolumeChecker (HddsVolumeChecker.java:checkAllVolumes(200)) - Scheduled health check for volume /github/workspace/mnt/ozone/hadoop-ozone/integration-test/target/test-dir/MiniOzoneClusterImpl-12d77cfa-a16c-47e6-aadc-9eca5b4227e3/datanode-6/data-0/containers/hdds
2020-05-29 04:34:29,435 [Listener at 127.0.0.1/34757] INFO  impl.RaftServerProxy (ConfUtils.java:logGet(44)) - raft.rpc.type = GRPC (default)
2020-05-29 04:34:29,435 [Listener at 127.0.0.1/34757] INFO  grpc.GrpcFactory (GrpcFactory.java:checkPooledByteBufAllocatorUseCacheForAllThreads(45)) - PERFORMANCE WARNING: useCacheForAllThreads is true that may cause Netty to create a lot garbage objects and, as a result, trigger GC.
	It is recommended to disable useCacheForAllThreads by setting -Dorg.apache.ratis.thirdparty.io.netty.allocator.useCacheForAllThreads=false in command line.
2020-05-29 04:34:29,435 [Listener at 127.0.0.1/34757] INFO  grpc.GrpcConfigKeys (ConfUtils.java:logGet(44)) - raft.grpc.server.port = 0 (default)
2020-05-29 04:34:29,435 [Listener at 127.0.0.1/34757] INFO  server.GrpcService (ConfUtils.java:logGet(44)) - raft.grpc.message.size.max = 32MB (=33554432) (custom)
2020-05-29 04:34:29,435 [Listener at 127.0.0.1/34757] INFO  server.RaftServerConfigKeys (ConfUtils.java:logGet(44)) - raft.server.log.appender.buffer.byte-limit = 33554432 (custom)
2020-05-29 04:34:29,435 [Listener at 127.0.0.1/34757] INFO  server.GrpcService (ConfUtils.java:logGet(44)) - raft.grpc.flow.control.window = 5MB (=5242880) (custom)
2020-05-29 04:34:29,435 [Listener at 127.0.0.1/34757] INFO  server.RaftServerConfigKeys (ConfUtils.java:logGet(44)) - raft.server.rpc.request.timeout = 60s (custom)
2020-05-29 04:34:29,436 [Listener at 127.0.0.1/34757] INFO  server.RaftServerConfigKeys (ConfUtils.java:logGet(44)) - raft.server.storage.dir = [/github/workspace/mnt/ozone/hadoop-ozone/integration-test/target/test-dir/MiniOzoneClusterImpl-12d77cfa-a16c-47e6-aadc-9eca5b4227e3/datanode-6/data/ratis] (custom)
2020-05-29 04:34:29,440 [Listener at 127.0.0.1/34757] INFO  http.BaseHttpServer (BaseHttpServer.java:newHttpServer2BuilderForOzone(205)) - Starting Web-server for hddsDatanode at: http://0.0.0.0:0
2020-05-29 04:34:29,440 [Listener at 127.0.0.1/34757] INFO  http.BaseHttpServer (BaseHttpServer.java:<init>(106)) - Hadoop Security Enabled: false Ozone Security Enabled: false Ozone HTTP Security Enabled: false 
2020-05-29 04:34:29,440 [Listener at 127.0.0.1/34757] INFO  server.AuthenticationFilter (AuthenticationFilter.java:constructSecretProvider(240)) - Unable to initialize FileSignerSecretProvider, falling back to use random secrets.
2020-05-29 04:34:29,441 [Listener at 127.0.0.1/34757] WARN  http.HttpRequestLog (HttpRequestLog.java:getRequestLog(103)) - Jetty request log can only be enabled using Log4j
2020-05-29 04:34:29,442 [Listener at 127.0.0.1/34757] INFO  http.HttpServer2 (HttpServer2.java:addGlobalFilter(993)) - Added global filter 'safety' (class=org.apache.hadoop.hdds.server.http.HttpServer2$QuotingInputFilter)
2020-05-29 04:34:29,442 [Listener at 127.0.0.1/34757] INFO  http.HttpServer2 (HttpServer2.java:addFilter(969)) - Added filter authentication (class=org.apache.hadoop.security.authentication.server.AuthenticationFilter) to context hddsDatanode
2020-05-29 04:34:29,443 [Listener at 127.0.0.1/34757] INFO  http.HttpServer2 (HttpServer2.java:addFilter(977)) - Added filter authentication (class=org.apache.hadoop.security.authentication.server.AuthenticationFilter) to context static
2020-05-29 04:34:29,443 [Listener at 127.0.0.1/34757] INFO  http.HttpServer2 (HttpServer2.java:addFilter(977)) - Added filter authentication (class=org.apache.hadoop.security.authentication.server.AuthenticationFilter) to context logs
2020-05-29 04:34:29,443 [Listener at 127.0.0.1/34757] INFO  http.HttpServer2 (HttpServer2.java:bindListener(1211)) - Jetty bound to port 36485
2020-05-29 04:34:29,443 [Listener at 127.0.0.1/34757] INFO  server.Server (Server.java:doStart(359)) - jetty-9.4.26.v20200117; built: 2020-01-17T12:35:33.676Z; git: 7b38981d25d14afb4a12ff1f2596756144edf695; jvm 1.8.0_232-b09
2020-05-29 04:34:29,446 [Listener at 127.0.0.1/34757] INFO  server.session (DefaultSessionIdManager.java:doStart(333)) - DefaultSessionIdManager workerName=node0
2020-05-29 04:34:29,446 [Listener at 127.0.0.1/34757] INFO  server.session (DefaultSessionIdManager.java:doStart(338)) - No SessionScavenger set, using defaults
2020-05-29 04:34:29,446 [Listener at 127.0.0.1/34757] INFO  server.session (HouseKeeper.java:startScavenging(140)) - node0 Scavenging every 660000ms
2020-05-29 04:34:29,447 [Listener at 127.0.0.1/34757] INFO  server.AuthenticationFilter (AuthenticationFilter.java:constructSecretProvider(240)) - Unable to initialize FileSignerSecretProvider, falling back to use random secrets.
2020-05-29 04:34:29,447 [Listener at 127.0.0.1/34757] INFO  handler.ContextHandler (ContextHandler.java:doStart(825)) - Started o.e.j.s.ServletContextHandler@d9fc4a5{logs,/logs,file:///github/workspace/mnt/ozone/hadoop-ozone/integration-test/target/log,AVAILABLE}
2020-05-29 04:34:29,447 [Listener at 127.0.0.1/34757] INFO  handler.ContextHandler (ContextHandler.java:doStart(825)) - Started o.e.j.s.ServletContextHandler@58781e39{static,/static,jar:file:/home/user/.m2/repository/org/apache/hadoop/hadoop-hdds-container-service/0.6.0-SNAPSHOT/hadoop-hdds-container-service-0.6.0-SNAPSHOT.jar!/webapps/static,AVAILABLE}
2020-05-29 04:34:29,473 [Listener at 127.0.0.1/34757] INFO  handler.ContextHandler (ContextHandler.java:doStart(825)) - Started o.e.j.w.WebAppContext@212e07c9{hddsDatanode,/,file:///tmp/jetty-0_0_0_0-36485-hadoop-hdds-container-service-0_6_0-SNAPSHOT_jar-_-any-8726354263262823300.dir/webapp/,AVAILABLE}{jar:file:/home/user/.m2/repository/org/apache/hadoop/hadoop-hdds-container-service/0.6.0-SNAPSHOT/hadoop-hdds-container-service-0.6.0-SNAPSHOT.jar!/webapps/hddsDatanode}
2020-05-29 04:34:29,474 [Listener at 127.0.0.1/34757] INFO  server.AbstractConnector (AbstractConnector.java:doStart(330)) - Started ServerConnector@76d7710e{HTTP/1.1,[http/1.1]}{0.0.0.0:36485}
2020-05-29 04:34:29,474 [Listener at 127.0.0.1/34757] INFO  server.Server (Server.java:doStart(399)) - Started @42915ms
2020-05-29 04:34:29,474 [Listener at 127.0.0.1/34757] WARN  impl.MetricsSystemImpl (MetricsSystemImpl.java:register(276)) - Sink prometheus already exists!
2020-05-29 04:34:29,477 [Listener at 127.0.0.1/34757] INFO  http.BaseHttpServer (BaseHttpServer.java:updateConnectorAddress(325)) - HTTP server of hddsDatanode listening at http://0.0.0.0:36485
2020-05-29 04:34:29,477 [Listener at 127.0.0.1/34757] INFO  ozone.MiniOzoneClusterImpl (MiniOzoneClusterImpl.java:lambda$waitForClusterToBeReady$0(177)) - Waiting for nodes to be ready. Got 0 of 7 DN Heartbeats.
2020-05-29 04:34:29,477 [Listener at 127.0.0.1/34757] INFO  ozone.MiniOzoneClusterImpl (MiniOzoneClusterImpl.java:lambda$waitForClusterToBeReady$0(180)) - Waiting for cluster to exit safe mode
2020-05-29 04:34:29,482 [org.apache.hadoop.util.JvmPauseMonitor$Monitor@f284f1] INFO  util.JvmPauseMonitor (JvmPauseMonitor.java:run(188)) - Starting JVM pause monitor
2020-05-29 04:34:29,482 [Datanode State Machine Thread - 0] INFO  datanode.InitDatanodeState (InitDatanodeState.java:persistContainerDatanodeDetails(145)) - DatanodeDetails is persisted to /github/workspace/mnt/ozone/hadoop-ozone/integration-test/target/test-dir/MiniOzoneClusterImpl-12d77cfa-a16c-47e6-aadc-9eca5b4227e3/datanode-6/meta/datanode.id
2020-05-29 04:34:30,479 [Listener at 127.0.0.1/34757] INFO  ozone.MiniOzoneClusterImpl (MiniOzoneClusterImpl.java:lambda$waitForClusterToBeReady$0(177)) - Waiting for nodes to be ready. Got 0 of 7 DN Heartbeats.
2020-05-29 04:34:30,479 [Listener at 127.0.0.1/34757] INFO  ozone.MiniOzoneClusterImpl (MiniOzoneClusterImpl.java:lambda$waitForClusterToBeReady$0(180)) - Waiting for cluster to exit safe mode
2020-05-29 04:34:31,110 [Datanode State Machine Thread - 0] INFO  ozoneimpl.OzoneContainer (OzoneContainer.java:start(232)) - Attempting to start container services.
2020-05-29 04:34:31,110 [Datanode State Machine Thread - 0] INFO  ozoneimpl.OzoneContainer (OzoneContainer.java:startContainerScrub(196)) - Background container scanner has been disabled.
2020-05-29 04:34:31,110 [Datanode State Machine Thread - 0] INFO  ratis.XceiverServerRatis (XceiverServerRatis.java:start(425)) - Starting XceiverServerRatis c557ac33-ca51-4a07-934d-526037e69701 at port 0
2020-05-29 04:34:31,111 [Datanode State Machine Thread - 0] INFO  impl.RaftServerProxy (RaftServerProxy.java:lambda$start$3(299)) - c557ac33-ca51-4a07-934d-526037e69701: start RPC server
2020-05-29 04:34:31,112 [Datanode State Machine Thread - 0] INFO  server.GrpcService (GrpcService.java:startImpl(159)) - c557ac33-ca51-4a07-934d-526037e69701: GrpcService started, listening on 0.0.0.0/0.0.0.0:34461
2020-05-29 04:34:31,112 [Datanode State Machine Thread - 0] INFO  ratis.XceiverServerRatis (XceiverServerRatis.java:start(437)) - XceiverServerRatis c557ac33-ca51-4a07-934d-526037e69701 is started using port 34461
2020-05-29 04:34:31,113 [Datanode State Machine Thread - 0] INFO  server.XceiverServerGrpc (XceiverServerGrpc.java:start(145)) - XceiverServerGrpc c557ac33-ca51-4a07-934d-526037e69701 is started using port 40407
2020-05-29 04:34:31,177 [Datanode State Machine Thread - 0] INFO  ozoneimpl.OzoneContainer (OzoneContainer.java:start(232)) - Attempting to start container services.
2020-05-29 04:34:31,177 [Datanode State Machine Thread - 0] INFO  ozoneimpl.OzoneContainer (OzoneContainer.java:startContainerScrub(196)) - Background container scanner has been disabled.
2020-05-29 04:34:31,177 [Datanode State Machine Thread - 0] INFO  ratis.XceiverServerRatis (XceiverServerRatis.java:start(425)) - Starting XceiverServerRatis a1464408-a38b-41bf-a534-bb2a7d246c00 at port 0
2020-05-29 04:34:31,178 [Datanode State Machine Thread - 0] INFO  impl.RaftServerProxy (RaftServerProxy.java:lambda$start$3(299)) - a1464408-a38b-41bf-a534-bb2a7d246c00: start RPC server
2020-05-29 04:34:31,178 [Datanode State Machine Thread - 0] INFO  server.GrpcService (GrpcService.java:startImpl(159)) - a1464408-a38b-41bf-a534-bb2a7d246c00: GrpcService started, listening on 0.0.0.0/0.0.0.0:44155
2020-05-29 04:34:31,178 [Datanode State Machine Thread - 0] INFO  ratis.XceiverServerRatis (XceiverServerRatis.java:start(437)) - XceiverServerRatis a1464408-a38b-41bf-a534-bb2a7d246c00 is started using port 44155
2020-05-29 04:34:31,179 [Datanode State Machine Thread - 0] INFO  server.XceiverServerGrpc (XceiverServerGrpc.java:start(145)) - XceiverServerGrpc a1464408-a38b-41bf-a534-bb2a7d246c00 is started using port 43663
2020-05-29 04:34:31,232 [Datanode State Machine Thread - 0] INFO  ozoneimpl.OzoneContainer (OzoneContainer.java:start(232)) - Attempting to start container services.
2020-05-29 04:34:31,233 [Datanode State Machine Thread - 0] INFO  ozoneimpl.OzoneContainer (OzoneContainer.java:startContainerScrub(196)) - Background container scanner has been disabled.
2020-05-29 04:34:31,233 [Datanode State Machine Thread - 0] INFO  ratis.XceiverServerRatis (XceiverServerRatis.java:start(425)) - Starting XceiverServerRatis aa25932a-6a64-4821-ab50-8a62713b1302 at port 0
2020-05-29 04:34:31,234 [Datanode State Machine Thread - 0] INFO  impl.RaftServerProxy (RaftServerProxy.java:lambda$start$3(299)) - aa25932a-6a64-4821-ab50-8a62713b1302: start RPC server
2020-05-29 04:34:31,236 [Datanode State Machine Thread - 0] INFO  server.GrpcService (GrpcService.java:startImpl(159)) - aa25932a-6a64-4821-ab50-8a62713b1302: GrpcService started, listening on 0.0.0.0/0.0.0.0:42017
2020-05-29 04:34:31,236 [Datanode State Machine Thread - 0] INFO  ratis.XceiverServerRatis (XceiverServerRatis.java:start(437)) - XceiverServerRatis aa25932a-6a64-4821-ab50-8a62713b1302 is started using port 42017
2020-05-29 04:34:31,239 [Datanode State Machine Thread - 0] INFO  server.XceiverServerGrpc (XceiverServerGrpc.java:start(145)) - XceiverServerGrpc aa25932a-6a64-4821-ab50-8a62713b1302 is started using port 35155
2020-05-29 04:34:31,288 [Datanode State Machine Thread - 0] INFO  ozoneimpl.OzoneContainer (OzoneContainer.java:start(232)) - Attempting to start container services.
2020-05-29 04:34:31,288 [Datanode State Machine Thread - 0] INFO  ozoneimpl.OzoneContainer (OzoneContainer.java:startContainerScrub(196)) - Background container scanner has been disabled.
2020-05-29 04:34:31,288 [Datanode State Machine Thread - 0] INFO  ratis.XceiverServerRatis (XceiverServerRatis.java:start(425)) - Starting XceiverServerRatis 0a22fcba-fb9d-428a-bab5-12cc3aa51c00 at port 0
2020-05-29 04:34:31,289 [Datanode State Machine Thread - 0] INFO  impl.RaftServerProxy (RaftServerProxy.java:lambda$start$3(299)) - 0a22fcba-fb9d-428a-bab5-12cc3aa51c00: start RPC server
2020-05-29 04:34:31,289 [Datanode State Machine Thread - 0] INFO  server.GrpcService (GrpcService.java:startImpl(159)) - 0a22fcba-fb9d-428a-bab5-12cc3aa51c00: GrpcService started, listening on 0.0.0.0/0.0.0.0:41787
2020-05-29 04:34:31,290 [Datanode State Machine Thread - 0] INFO  ratis.XceiverServerRatis (XceiverServerRatis.java:start(437)) - XceiverServerRatis 0a22fcba-fb9d-428a-bab5-12cc3aa51c00 is started using port 41787
2020-05-29 04:34:31,290 [Datanode State Machine Thread - 0] INFO  server.XceiverServerGrpc (XceiverServerGrpc.java:start(145)) - XceiverServerGrpc 0a22fcba-fb9d-428a-bab5-12cc3aa51c00 is started using port 43121
2020-05-29 04:34:31,353 [Datanode State Machine Thread - 0] INFO  ozoneimpl.OzoneContainer (OzoneContainer.java:start(232)) - Attempting to start container services.
2020-05-29 04:34:31,353 [Datanode State Machine Thread - 0] INFO  ozoneimpl.OzoneContainer (OzoneContainer.java:startContainerScrub(196)) - Background container scanner has been disabled.
2020-05-29 04:34:31,354 [Datanode State Machine Thread - 0] INFO  ratis.XceiverServerRatis (XceiverServerRatis.java:start(425)) - Starting XceiverServerRatis 454b6da0-4653-4c86-b86b-02d358ed533f at port 0
2020-05-29 04:34:31,354 [Datanode State Machine Thread - 0] INFO  impl.RaftServerProxy (RaftServerProxy.java:lambda$start$3(299)) - 454b6da0-4653-4c86-b86b-02d358ed533f: start RPC server
2020-05-29 04:34:31,356 [Datanode State Machine Thread - 0] INFO  server.GrpcService (GrpcService.java:startImpl(159)) - 454b6da0-4653-4c86-b86b-02d358ed533f: GrpcService started, listening on 0.0.0.0/0.0.0.0:32861
2020-05-29 04:34:31,356 [Datanode State Machine Thread - 0] INFO  ratis.XceiverServerRatis (XceiverServerRatis.java:start(437)) - XceiverServerRatis 454b6da0-4653-4c86-b86b-02d358ed533f is started using port 32861
2020-05-29 04:34:31,358 [Datanode State Machine Thread - 0] INFO  server.XceiverServerGrpc (XceiverServerGrpc.java:start(145)) - XceiverServerGrpc 454b6da0-4653-4c86-b86b-02d358ed533f is started using port 45195
2020-05-29 04:34:31,420 [Datanode State Machine Thread - 0] INFO  ozoneimpl.OzoneContainer (OzoneContainer.java:start(232)) - Attempting to start container services.
2020-05-29 04:34:31,420 [Datanode State Machine Thread - 0] INFO  ozoneimpl.OzoneContainer (OzoneContainer.java:startContainerScrub(196)) - Background container scanner has been disabled.
2020-05-29 04:34:31,420 [Datanode State Machine Thread - 0] INFO  ratis.XceiverServerRatis (XceiverServerRatis.java:start(425)) - Starting XceiverServerRatis 3d5655c8-2b34-4a86-be67-e7382a00f2f8 at port 0
2020-05-29 04:34:31,421 [Datanode State Machine Thread - 0] INFO  impl.RaftServerProxy (RaftServerProxy.java:lambda$start$3(299)) - 3d5655c8-2b34-4a86-be67-e7382a00f2f8: start RPC server
2020-05-29 04:34:31,423 [Datanode State Machine Thread - 0] INFO  server.GrpcService (GrpcService.java:startImpl(159)) - 3d5655c8-2b34-4a86-be67-e7382a00f2f8: GrpcService started, listening on 0.0.0.0/0.0.0.0:40057
2020-05-29 04:34:31,423 [Datanode State Machine Thread - 0] INFO  ratis.XceiverServerRatis (XceiverServerRatis.java:start(437)) - XceiverServerRatis 3d5655c8-2b34-4a86-be67-e7382a00f2f8 is started using port 40057
2020-05-29 04:34:31,423 [Datanode State Machine Thread - 0] INFO  server.XceiverServerGrpc (XceiverServerGrpc.java:start(145)) - XceiverServerGrpc 3d5655c8-2b34-4a86-be67-e7382a00f2f8 is started using port 33311
2020-05-29 04:34:31,479 [Listener at 127.0.0.1/34757] INFO  ozone.MiniOzoneClusterImpl (MiniOzoneClusterImpl.java:lambda$waitForClusterToBeReady$0(177)) - Waiting for nodes to be ready. Got 0 of 7 DN Heartbeats.
2020-05-29 04:34:31,480 [Listener at 127.0.0.1/34757] INFO  ozone.MiniOzoneClusterImpl (MiniOzoneClusterImpl.java:lambda$waitForClusterToBeReady$0(180)) - Waiting for cluster to exit safe mode
2020-05-29 04:34:31,483 [Datanode State Machine Thread - 0] INFO  ozoneimpl.OzoneContainer (OzoneContainer.java:start(232)) - Attempting to start container services.
2020-05-29 04:34:31,484 [Datanode State Machine Thread - 0] INFO  ozoneimpl.OzoneContainer (OzoneContainer.java:startContainerScrub(196)) - Background container scanner has been disabled.
2020-05-29 04:34:31,484 [Datanode State Machine Thread - 0] INFO  ratis.XceiverServerRatis (XceiverServerRatis.java:start(425)) - Starting XceiverServerRatis 26d97194-faf6-4699-94a1-8e41170820b2 at port 0
2020-05-29 04:34:31,485 [Datanode State Machine Thread - 0] INFO  impl.RaftServerProxy (RaftServerProxy.java:lambda$start$3(299)) - 26d97194-faf6-4699-94a1-8e41170820b2: start RPC server
2020-05-29 04:34:31,485 [Datanode State Machine Thread - 0] INFO  server.GrpcService (GrpcService.java:startImpl(159)) - 26d97194-faf6-4699-94a1-8e41170820b2: GrpcService started, listening on 0.0.0.0/0.0.0.0:37273
2020-05-29 04:34:31,486 [Datanode State Machine Thread - 0] INFO  ratis.XceiverServerRatis (XceiverServerRatis.java:start(437)) - XceiverServerRatis 26d97194-faf6-4699-94a1-8e41170820b2 is started using port 37273
2020-05-29 04:34:31,486 [Datanode State Machine Thread - 0] INFO  server.XceiverServerGrpc (XceiverServerGrpc.java:start(145)) - XceiverServerGrpc 26d97194-faf6-4699-94a1-8e41170820b2 is started using port 34173
2020-05-29 04:34:32,480 [Listener at 127.0.0.1/34757] INFO  ozone.MiniOzoneClusterImpl (MiniOzoneClusterImpl.java:lambda$waitForClusterToBeReady$0(177)) - Waiting for nodes to be ready. Got 0 of 7 DN Heartbeats.
2020-05-29 04:34:32,480 [Listener at 127.0.0.1/34757] INFO  ozone.MiniOzoneClusterImpl (MiniOzoneClusterImpl.java:lambda$waitForClusterToBeReady$0(180)) - Waiting for cluster to exit safe mode
2020-05-29 04:34:33,107 [IPC Server handler 0 on default port 37309] INFO  net.NetworkTopology (NetworkTopologyImpl.java:add(111)) - Added a new node: /default-rack/c557ac33-ca51-4a07-934d-526037e69701
2020-05-29 04:34:33,107 [IPC Server handler 0 on default port 37309] INFO  node.SCMNodeManager (SCMNodeManager.java:register(268)) - Registered Data node : c557ac33-ca51-4a07-934d-526037e69701{ip: 172.17.0.2, host: 69c943251111, networkLocation: /default-rack, certSerialId: null}
2020-05-29 04:34:33,114 [EventQueue-NodeRegistrationContainerReportForDataNodeSafeModeRule] INFO  safemode.SCMSafeModeManager (DataNodeSafeModeRule.java:process(71)) - SCM in safe mode. 1 DataNodes registered, 1 required.
2020-05-29 04:34:33,114 [EventQueue-NodeRegistrationContainerReportForDataNodeSafeModeRule] INFO  safemode.SCMSafeModeManager (SCMSafeModeManager.java:validateSafeModeExitRules(213)) - DataNodeSafeModeRule rule is successfully validated
2020-05-29 04:34:33,114 [EventQueue-NodeRegistrationContainerReportForDataNodeSafeModeRule] INFO  safemode.SCMSafeModeManager (SCMSafeModeManager.java:completePreCheck(241)) - All SCM safe mode pre check rules have passed
2020-05-29 04:34:33,115 [RatisPipelineUtilsThread] INFO  pipeline.RatisPipelineProvider (RatisPipelineProvider.java:lambda$create$0(138)) - Sending CreatePipelineCommand for pipeline:PipelineID=29581fef-0f97-47ae-a143-110299a6e168 to datanode:c557ac33-ca51-4a07-934d-526037e69701
2020-05-29 04:34:33,116 [RatisPipelineUtilsThread] INFO  pipeline.PipelineStateManager (PipelineStateManager.java:addPipeline(54)) - Created pipeline Pipeline[ Id: 29581fef-0f97-47ae-a143-110299a6e168, Nodes: c557ac33-ca51-4a07-934d-526037e69701{ip: 172.17.0.2, host: 69c943251111, networkLocation: /default-rack, certSerialId: null}, Type:RATIS, Factor:ONE, State:ALLOCATED, leaderId:null, CreationTimestamp2020-05-29T04:34:33.115Z]
2020-05-29 04:34:33,117 [EventQueue-NodeRegistrationContainerReportForContainerSafeModeRule] INFO  safemode.SCMSafeModeManager (SCMSafeModeManager.java:validateSafeModeExitRules(213)) - ContainerSafeModeRule rule is successfully validated
2020-05-29 04:34:33,117 [RatisPipelineUtilsThread] ERROR pipeline.SCMPipelineManager (SCMPipelineManager.java:createPipeline(222)) - Failed to create pipeline of type RATIS and factor ONE. Exception: Cannot create pipeline of factor 1 using 0 nodes. Used 1 nodes. Healthy nodes 1
2020-05-29 04:34:33,118 [RatisPipelineUtilsThread] WARN  pipeline.PipelinePlacementPolicy (PipelinePlacementPolicy.java:filterViableNodes(133)) - Pipeline creation failed due to no sufficient healthy datanodes. Required 3. Found 1.
2020-05-29 04:34:33,118 [RatisPipelineUtilsThread] ERROR pipeline.SCMPipelineManager (SCMPipelineManager.java:createPipeline(222)) - Failed to create pipeline of type RATIS and factor THREE. Exception: Pipeline creation failed due to no sufficient healthy datanodes. Required 3. Found 1.
2020-05-29 04:34:33,174 [IPC Server handler 1 on default port 37309] INFO  net.NetworkTopology (NetworkTopologyImpl.java:add(111)) - Added a new node: /default-rack/a1464408-a38b-41bf-a534-bb2a7d246c00
2020-05-29 04:34:33,174 [IPC Server handler 1 on default port 37309] INFO  node.SCMNodeManager (SCMNodeManager.java:register(268)) - Registered Data node : a1464408-a38b-41bf-a534-bb2a7d246c00{ip: 172.17.0.2, host: 69c943251111, networkLocation: /default-rack, certSerialId: null}
2020-05-29 04:34:33,175 [EventQueue-NodeRegistrationContainerReportForDataNodeSafeModeRule] INFO  safemode.SCMSafeModeManager (SCMSafeModeManager.java:validateSafeModeExitRules(213)) - DataNodeSafeModeRule rule is successfully validated
2020-05-29 04:34:33,176 [EventQueue-NodeRegistrationContainerReportForContainerSafeModeRule] INFO  safemode.SCMSafeModeManager (SCMSafeModeManager.java:validateSafeModeExitRules(213)) - ContainerSafeModeRule rule is successfully validated
2020-05-29 04:34:33,176 [RatisPipelineUtilsThread] INFO  pipeline.RatisPipelineProvider (RatisPipelineProvider.java:lambda$create$0(138)) - Sending CreatePipelineCommand for pipeline:PipelineID=bdc74018-8291-418a-abdc-99b83beba03f to datanode:a1464408-a38b-41bf-a534-bb2a7d246c00
2020-05-29 04:34:33,176 [RatisPipelineUtilsThread] INFO  pipeline.PipelineStateManager (PipelineStateManager.java:addPipeline(54)) - Created pipeline Pipeline[ Id: bdc74018-8291-418a-abdc-99b83beba03f, Nodes: a1464408-a38b-41bf-a534-bb2a7d246c00{ip: 172.17.0.2, host: 69c943251111, networkLocation: /default-rack, certSerialId: null}, Type:RATIS, Factor:ONE, State:ALLOCATED, leaderId:null, CreationTimestamp2020-05-29T04:34:33.176Z]
2020-05-29 04:34:33,177 [RatisPipelineUtilsThread] ERROR pipeline.SCMPipelineManager (SCMPipelineManager.java:createPipeline(222)) - Failed to create pipeline of type RATIS and factor ONE. Exception: Cannot create pipeline of factor 1 using 0 nodes. Used 2 nodes. Healthy nodes 2
2020-05-29 04:34:33,177 [RatisPipelineUtilsThread] WARN  pipeline.PipelinePlacementPolicy (PipelinePlacementPolicy.java:filterViableNodes(133)) - Pipeline creation failed due to no sufficient healthy datanodes. Required 3. Found 2.
2020-05-29 04:34:33,177 [RatisPipelineUtilsThread] ERROR pipeline.SCMPipelineManager (SCMPipelineManager.java:createPipeline(222)) - Failed to create pipeline of type RATIS and factor THREE. Exception: Pipeline creation failed due to no sufficient healthy datanodes. Required 3. Found 2.
2020-05-29 04:34:33,231 [IPC Server handler 2 on default port 37309] INFO  net.NetworkTopology (NetworkTopologyImpl.java:add(111)) - Added a new node: /default-rack/aa25932a-6a64-4821-ab50-8a62713b1302
2020-05-29 04:34:33,231 [IPC Server handler 2 on default port 37309] INFO  node.SCMNodeManager (SCMNodeManager.java:register(268)) - Registered Data node : aa25932a-6a64-4821-ab50-8a62713b1302{ip: 172.17.0.2, host: 69c943251111, networkLocation: /default-rack, certSerialId: null}
2020-05-29 04:34:33,231 [RatisPipelineUtilsThread] INFO  pipeline.RatisPipelineProvider (RatisPipelineProvider.java:lambda$create$0(138)) - Sending CreatePipelineCommand for pipeline:PipelineID=35af6e30-92c0-4121-bfea-2ed2d56b9c4a to datanode:aa25932a-6a64-4821-ab50-8a62713b1302
2020-05-29 04:34:33,232 [EventQueue-NodeRegistrationContainerReportForDataNodeSafeModeRule] INFO  safemode.SCMSafeModeManager (SCMSafeModeManager.java:validateSafeModeExitRules(213)) - DataNodeSafeModeRule rule is successfully validated
2020-05-29 04:34:33,232 [EventQueue-NodeRegistrationContainerReportForContainerSafeModeRule] INFO  safemode.SCMSafeModeManager (SCMSafeModeManager.java:validateSafeModeExitRules(213)) - ContainerSafeModeRule rule is successfully validated
2020-05-29 04:34:33,232 [RatisPipelineUtilsThread] INFO  pipeline.PipelineStateManager (PipelineStateManager.java:addPipeline(54)) - Created pipeline Pipeline[ Id: 35af6e30-92c0-4121-bfea-2ed2d56b9c4a, Nodes: aa25932a-6a64-4821-ab50-8a62713b1302{ip: 172.17.0.2, host: 69c943251111, networkLocation: /default-rack, certSerialId: null}, Type:RATIS, Factor:ONE, State:ALLOCATED, leaderId:null, CreationTimestamp2020-05-29T04:34:33.231Z]
2020-05-29 04:34:33,232 [RatisPipelineUtilsThread] ERROR pipeline.SCMPipelineManager (SCMPipelineManager.java:createPipeline(222)) - Failed to create pipeline of type RATIS and factor ONE. Exception: Cannot create pipeline of factor 1 using 0 nodes. Used 3 nodes. Healthy nodes 3
2020-05-29 04:34:33,233 [RatisPipelineUtilsThread] INFO  pipeline.RatisPipelineProvider (RatisPipelineProvider.java:lambda$create$0(138)) - Sending CreatePipelineCommand for pipeline:PipelineID=80e053d9-1962-4bf8-ad22-71f5bbeac783 to datanode:a1464408-a38b-41bf-a534-bb2a7d246c00
2020-05-29 04:34:33,233 [RatisPipelineUtilsThread] INFO  pipeline.RatisPipelineProvider (RatisPipelineProvider.java:lambda$create$0(138)) - Sending CreatePipelineCommand for pipeline:PipelineID=80e053d9-1962-4bf8-ad22-71f5bbeac783 to datanode:aa25932a-6a64-4821-ab50-8a62713b1302
2020-05-29 04:34:33,233 [RatisPipelineUtilsThread] INFO  pipeline.RatisPipelineProvider (RatisPipelineProvider.java:lambda$create$0(138)) - Sending CreatePipelineCommand for pipeline:PipelineID=80e053d9-1962-4bf8-ad22-71f5bbeac783 to datanode:c557ac33-ca51-4a07-934d-526037e69701
2020-05-29 04:34:33,234 [RatisPipelineUtilsThread] INFO  pipeline.PipelineStateManager (PipelineStateManager.java:addPipeline(54)) - Created pipeline Pipeline[ Id: 80e053d9-1962-4bf8-ad22-71f5bbeac783, Nodes: a1464408-a38b-41bf-a534-bb2a7d246c00{ip: 172.17.0.2, host: 69c943251111, networkLocation: /default-rack, certSerialId: null}aa25932a-6a64-4821-ab50-8a62713b1302{ip: 172.17.0.2, host: 69c943251111, networkLocation: /default-rack, certSerialId: null}c557ac33-ca51-4a07-934d-526037e69701{ip: 172.17.0.2, host: 69c943251111, networkLocation: /default-rack, certSerialId: null}, Type:RATIS, Factor:THREE, State:ALLOCATED, leaderId:null, CreationTimestamp2020-05-29T04:34:33.233Z]
2020-05-29 04:34:33,234 [RatisPipelineUtilsThread] ERROR pipeline.SCMPipelineManager (SCMPipelineManager.java:createPipeline(222)) - Failed to create pipeline of type RATIS and factor THREE. Exception: Pipeline creation failed because nodes are engaged in other pipelines and every node can only be engaged in max 2 pipelines. Required 3. Found 0
2020-05-29 04:34:33,287 [IPC Server handler 3 on default port 37309] INFO  net.NetworkTopology (NetworkTopologyImpl.java:add(111)) - Added a new node: /default-rack/0a22fcba-fb9d-428a-bab5-12cc3aa51c00
2020-05-29 04:34:33,288 [IPC Server handler 3 on default port 37309] INFO  node.SCMNodeManager (SCMNodeManager.java:register(268)) - Registered Data node : 0a22fcba-fb9d-428a-bab5-12cc3aa51c00{ip: 172.17.0.2, host: 69c943251111, networkLocation: /default-rack, certSerialId: null}
2020-05-29 04:34:33,289 [EventQueue-NodeRegistrationContainerReportForDataNodeSafeModeRule] INFO  safemode.SCMSafeModeManager (SCMSafeModeManager.java:validateSafeModeExitRules(213)) - DataNodeSafeModeRule rule is successfully validated
2020-05-29 04:34:33,289 [EventQueue-NodeRegistrationContainerReportForContainerSafeModeRule] INFO  safemode.SCMSafeModeManager (SCMSafeModeManager.java:validateSafeModeExitRules(213)) - ContainerSafeModeRule rule is successfully validated
2020-05-29 04:34:33,289 [RatisPipelineUtilsThread] INFO  pipeline.RatisPipelineProvider (RatisPipelineProvider.java:lambda$create$0(138)) - Sending CreatePipelineCommand for pipeline:PipelineID=a79edf97-b371-4392-aa9c-1bbf15d29533 to datanode:0a22fcba-fb9d-428a-bab5-12cc3aa51c00
2020-05-29 04:34:33,290 [RatisPipelineUtilsThread] INFO  pipeline.PipelineStateManager (PipelineStateManager.java:addPipeline(54)) - Created pipeline Pipeline[ Id: a79edf97-b371-4392-aa9c-1bbf15d29533, Nodes: 0a22fcba-fb9d-428a-bab5-12cc3aa51c00{ip: 172.17.0.2, host: 69c943251111, networkLocation: /default-rack, certSerialId: null}, Type:RATIS, Factor:ONE, State:ALLOCATED, leaderId:null, CreationTimestamp2020-05-29T04:34:33.289Z]
2020-05-29 04:34:33,290 [RatisPipelineUtilsThread] ERROR pipeline.SCMPipelineManager (SCMPipelineManager.java:createPipeline(222)) - Failed to create pipeline of type RATIS and factor ONE. Exception: Cannot create pipeline of factor 1 using 0 nodes. Used 4 nodes. Healthy nodes 4
2020-05-29 04:34:33,291 [RatisPipelineUtilsThread] ERROR pipeline.SCMPipelineManager (SCMPipelineManager.java:createPipeline(222)) - Failed to create pipeline of type RATIS and factor THREE. Exception: Pipeline creation failed because nodes are engaged in other pipelines and every node can only be engaged in max 2 pipelines. Required 3. Found 1
2020-05-29 04:34:33,353 [IPC Server handler 5 on default port 37309] INFO  net.NetworkTopology (NetworkTopologyImpl.java:add(111)) - Added a new node: /default-rack/454b6da0-4653-4c86-b86b-02d358ed533f
2020-05-29 04:34:33,353 [IPC Server handler 5 on default port 37309] INFO  node.SCMNodeManager (SCMNodeManager.java:register(268)) - Registered Data node : 454b6da0-4653-4c86-b86b-02d358ed533f{ip: 172.17.0.2, host: 69c943251111, networkLocation: /default-rack, certSerialId: null}
2020-05-29 04:34:33,354 [RatisPipelineUtilsThread] INFO  pipeline.RatisPipelineProvider (RatisPipelineProvider.java:lambda$create$0(138)) - Sending CreatePipelineCommand for pipeline:PipelineID=7405b14d-0ed8-49b5-af32-be911ac612ac to datanode:454b6da0-4653-4c86-b86b-02d358ed533f
2020-05-29 04:34:33,354 [EventQueue-NodeRegistrationContainerReportForContainerSafeModeRule] INFO  safemode.SCMSafeModeManager (SCMSafeModeManager.java:validateSafeModeExitRules(213)) - ContainerSafeModeRule rule is successfully validated
2020-05-29 04:34:33,354 [EventQueue-NodeRegistrationContainerReportForDataNodeSafeModeRule] INFO  safemode.SCMSafeModeManager (SCMSafeModeManager.java:validateSafeModeExitRules(213)) - DataNodeSafeModeRule rule is successfully validated
2020-05-29 04:34:33,354 [RatisPipelineUtilsThread] INFO  pipeline.PipelineStateManager (PipelineStateManager.java:addPipeline(54)) - Created pipeline Pipeline[ Id: 7405b14d-0ed8-49b5-af32-be911ac612ac, Nodes: 454b6da0-4653-4c86-b86b-02d358ed533f{ip: 172.17.0.2, host: 69c943251111, networkLocation: /default-rack, certSerialId: null}, Type:RATIS, Factor:ONE, State:ALLOCATED, leaderId:null, CreationTimestamp2020-05-29T04:34:33.353Z]
2020-05-29 04:34:33,355 [RatisPipelineUtilsThread] ERROR pipeline.SCMPipelineManager (SCMPipelineManager.java:createPipeline(222)) - Failed to create pipeline of type RATIS and factor ONE. Exception: Cannot create pipeline of factor 1 using 0 nodes. Used 5 nodes. Healthy nodes 5
2020-05-29 04:34:33,355 [RatisPipelineUtilsThread] ERROR pipeline.SCMPipelineManager (SCMPipelineManager.java:createPipeline(222)) - Failed to create pipeline of type RATIS and factor THREE. Exception: Pipeline creation failed because nodes are engaged in other pipelines and every node can only be engaged in max 2 pipelines. Required 3. Found 2
2020-05-29 04:34:33,418 [IPC Server handler 6 on default port 37309] INFO  net.NetworkTopology (NetworkTopologyImpl.java:add(111)) - Added a new node: /default-rack/3d5655c8-2b34-4a86-be67-e7382a00f2f8
2020-05-29 04:34:33,418 [IPC Server handler 6 on default port 37309] INFO  node.SCMNodeManager (SCMNodeManager.java:register(268)) - Registered Data node : 3d5655c8-2b34-4a86-be67-e7382a00f2f8{ip: 172.17.0.2, host: 69c943251111, networkLocation: /default-rack, certSerialId: null}
2020-05-29 04:34:33,418 [EventQueue-NodeRegistrationContainerReportForContainerSafeModeRule] INFO  safemode.SCMSafeModeManager (SCMSafeModeManager.java:validateSafeModeExitRules(213)) - ContainerSafeModeRule rule is successfully validated
2020-05-29 04:34:33,419 [EventQueue-NodeRegistrationContainerReportForDataNodeSafeModeRule] INFO  safemode.SCMSafeModeManager (SCMSafeModeManager.java:validateSafeModeExitRules(213)) - DataNodeSafeModeRule rule is successfully validated
2020-05-29 04:34:33,419 [RatisPipelineUtilsThread] INFO  pipeline.RatisPipelineProvider (RatisPipelineProvider.java:lambda$create$0(138)) - Sending CreatePipelineCommand for pipeline:PipelineID=f638dbdf-ee56-4855-bb33-86a508e80d1d to datanode:3d5655c8-2b34-4a86-be67-e7382a00f2f8
2020-05-29 04:34:33,420 [RatisPipelineUtilsThread] INFO  pipeline.PipelineStateManager (PipelineStateManager.java:addPipeline(54)) - Created pipeline Pipeline[ Id: f638dbdf-ee56-4855-bb33-86a508e80d1d, Nodes: 3d5655c8-2b34-4a86-be67-e7382a00f2f8{ip: 172.17.0.2, host: 69c943251111, networkLocation: /default-rack, certSerialId: null}, Type:RATIS, Factor:ONE, State:ALLOCATED, leaderId:null, CreationTimestamp2020-05-29T04:34:33.419Z]
2020-05-29 04:34:33,421 [RatisPipelineUtilsThread] ERROR pipeline.SCMPipelineManager (SCMPipelineManager.java:createPipeline(222)) - Failed to create pipeline of type RATIS and factor ONE. Exception: Cannot create pipeline of factor 1 using 0 nodes. Used 6 nodes. Healthy nodes 6
2020-05-29 04:34:33,421 [RatisPipelineUtilsThread] INFO  pipeline.RatisPipelineProvider (RatisPipelineProvider.java:lambda$create$0(138)) - Sending CreatePipelineCommand for pipeline:PipelineID=5d9928a4-950c-4955-aa60-4e530ec14115 to datanode:0a22fcba-fb9d-428a-bab5-12cc3aa51c00
2020-05-29 04:34:33,421 [RatisPipelineUtilsThread] INFO  pipeline.RatisPipelineProvider (RatisPipelineProvider.java:lambda$create$0(138)) - Sending CreatePipelineCommand for pipeline:PipelineID=5d9928a4-950c-4955-aa60-4e530ec14115 to datanode:454b6da0-4653-4c86-b86b-02d358ed533f
2020-05-29 04:34:33,421 [RatisPipelineUtilsThread] INFO  pipeline.RatisPipelineProvider (RatisPipelineProvider.java:lambda$create$0(138)) - Sending CreatePipelineCommand for pipeline:PipelineID=5d9928a4-950c-4955-aa60-4e530ec14115 to datanode:3d5655c8-2b34-4a86-be67-e7382a00f2f8
2020-05-29 04:34:33,422 [RatisPipelineUtilsThread] INFO  pipeline.PipelineStateManager (PipelineStateManager.java:addPipeline(54)) - Created pipeline Pipeline[ Id: 5d9928a4-950c-4955-aa60-4e530ec14115, Nodes: 0a22fcba-fb9d-428a-bab5-12cc3aa51c00{ip: 172.17.0.2, host: 69c943251111, networkLocation: /default-rack, certSerialId: null}454b6da0-4653-4c86-b86b-02d358ed533f{ip: 172.17.0.2, host: 69c943251111, networkLocation: /default-rack, certSerialId: null}3d5655c8-2b34-4a86-be67-e7382a00f2f8{ip: 172.17.0.2, host: 69c943251111, networkLocation: /default-rack, certSerialId: null}, Type:RATIS, Factor:THREE, State:ALLOCATED, leaderId:null, CreationTimestamp2020-05-29T04:34:33.421Z]
2020-05-29 04:34:33,422 [RatisPipelineUtilsThread] ERROR pipeline.SCMPipelineManager (SCMPipelineManager.java:createPipeline(222)) - Failed to create pipeline of type RATIS and factor THREE. Exception: Pipeline creation failed because nodes are engaged in other pipelines and every node can only be engaged in max 2 pipelines. Required 3. Found 0
2020-05-29 04:34:33,480 [Listener at 127.0.0.1/34757] INFO  ozone.MiniOzoneClusterImpl (MiniOzoneClusterImpl.java:lambda$waitForClusterToBeReady$0(177)) - Waiting for nodes to be ready. Got 6 of 7 DN Heartbeats.
2020-05-29 04:34:33,482 [Listener at 127.0.0.1/34757] INFO  ozone.MiniOzoneClusterImpl (MiniOzoneClusterImpl.java:lambda$waitForClusterToBeReady$0(180)) - Waiting for cluster to exit safe mode
2020-05-29 04:34:33,482 [IPC Server handler 8 on default port 37309] INFO  net.NetworkTopology (NetworkTopologyImpl.java:add(111)) - Added a new node: /default-rack/26d97194-faf6-4699-94a1-8e41170820b2
2020-05-29 04:34:33,482 [IPC Server handler 8 on default port 37309] INFO  node.SCMNodeManager (SCMNodeManager.java:register(268)) - Registered Data node : 26d97194-faf6-4699-94a1-8e41170820b2{ip: 172.17.0.2, host: 69c943251111, networkLocation: /default-rack, certSerialId: null}
2020-05-29 04:34:33,483 [EventQueue-NodeRegistrationContainerReportForContainerSafeModeRule] INFO  safemode.SCMSafeModeManager (SCMSafeModeManager.java:validateSafeModeExitRules(213)) - ContainerSafeModeRule rule is successfully validated
2020-05-29 04:34:33,483 [EventQueue-NodeRegistrationContainerReportForDataNodeSafeModeRule] INFO  safemode.SCMSafeModeManager (SCMSafeModeManager.java:validateSafeModeExitRules(213)) - DataNodeSafeModeRule rule is successfully validated
2020-05-29 04:34:33,484 [RatisPipelineUtilsThread] INFO  pipeline.RatisPipelineProvider (RatisPipelineProvider.java:lambda$create$0(138)) - Sending CreatePipelineCommand for pipeline:PipelineID=2516320c-b1cf-4aeb-833f-6644bcc75148 to datanode:26d97194-faf6-4699-94a1-8e41170820b2
2020-05-29 04:34:33,484 [RatisPipelineUtilsThread] INFO  pipeline.PipelineStateManager (PipelineStateManager.java:addPipeline(54)) - Created pipeline Pipeline[ Id: 2516320c-b1cf-4aeb-833f-6644bcc75148, Nodes: 26d97194-faf6-4699-94a1-8e41170820b2{ip: 172.17.0.2, host: 69c943251111, networkLocation: /default-rack, certSerialId: null}, Type:RATIS, Factor:ONE, State:ALLOCATED, leaderId:null, CreationTimestamp2020-05-29T04:34:33.484Z]
2020-05-29 04:34:33,485 [RatisPipelineUtilsThread] ERROR pipeline.SCMPipelineManager (SCMPipelineManager.java:createPipeline(222)) - Failed to create pipeline of type RATIS and factor ONE. Exception: Cannot create pipeline of factor 1 using 0 nodes. Used 7 nodes. Healthy nodes 7
2020-05-29 04:34:33,486 [RatisPipelineUtilsThread] ERROR pipeline.SCMPipelineManager (SCMPipelineManager.java:createPipeline(222)) - Failed to create pipeline of type RATIS and factor THREE. Exception: Pipeline creation failed because nodes are engaged in other pipelines and every node can only be engaged in max 2 pipelines. Required 3. Found 1
2020-05-29 04:34:34,482 [Listener at 127.0.0.1/34757] INFO  ozone.MiniOzoneClusterImpl (MiniOzoneClusterImpl.java:lambda$waitForClusterToBeReady$0(177)) - Nodes are ready. Got 7 of 7 DN Heartbeats.
2020-05-29 04:34:34,482 [Listener at 127.0.0.1/34757] INFO  ozone.MiniOzoneClusterImpl (MiniOzoneClusterImpl.java:lambda$waitForClusterToBeReady$0(180)) - Waiting for cluster to exit safe mode
2020-05-29 04:34:35,483 [Listener at 127.0.0.1/34757] INFO  ozone.MiniOzoneClusterImpl (MiniOzoneClusterImpl.java:lambda$waitForClusterToBeReady$0(177)) - Nodes are ready. Got 7 of 7 DN Heartbeats.
2020-05-29 04:34:35,483 [Listener at 127.0.0.1/34757] INFO  ozone.MiniOzoneClusterImpl (MiniOzoneClusterImpl.java:lambda$waitForClusterToBeReady$0(180)) - Waiting for cluster to exit safe mode
2020-05-29 04:34:36,105 [Command processor thread] INFO  impl.RaftServerProxy (RaftServerProxy.java:addNew(89)) - c557ac33-ca51-4a07-934d-526037e69701: addNew group-110299A6E168:[c557ac33-ca51-4a07-934d-526037e69701:172.17.0.2:34461] returns group-110299A6E168:java.util.concurrent.CompletableFuture@3e7be2fa[Not completed]
2020-05-29 04:34:36,107 [pool-173-thread-1] INFO  impl.RaftServerImpl (RaftServerImpl.java:<init>(98)) - c557ac33-ca51-4a07-934d-526037e69701: new RaftServerImpl for group-110299A6E168:[c557ac33-ca51-4a07-934d-526037e69701:172.17.0.2:34461] with ContainerStateMachine:uninitialized
2020-05-29 04:34:36,107 [pool-173-thread-1] INFO  server.RaftServerConfigKeys (ConfUtils.java:logGet(44)) - raft.server.rpc.timeout.min = 5s (custom)
2020-05-29 04:34:36,107 [pool-173-thread-1] INFO  server.RaftServerConfigKeys (ConfUtils.java:logGet(44)) - raft.server.rpc.timeout.max = 5200ms (custom)
2020-05-29 04:34:36,108 [pool-173-thread-1] INFO  server.RaftServerConfigKeys (ConfUtils.java:logGet(44)) - raft.server.rpcslowness.timeout = 300s (custom)
2020-05-29 04:34:36,108 [pool-173-thread-1] INFO  server.RaftServerConfigKeys (ConfUtils.java:logGet(44)) - raft.server.sleep.deviation.threshold = 300 (default)
2020-05-29 04:34:36,108 [pool-173-thread-1] INFO  server.RaftServerConfigKeys (ConfUtils.java:logGet(44)) - raft.server.log.appender.install.snapshot.enabled = false (custom)
2020-05-29 04:34:36,108 [pool-173-thread-1] INFO  impl.RaftServerImpl (ServerState.java:<init>(103)) - c557ac33-ca51-4a07-934d-526037e69701@group-110299A6E168: ConfigurationManager, init=-1: [c557ac33-ca51-4a07-934d-526037e69701:172.17.0.2:34461], old=null, confs=<EMPTY_MAP>
2020-05-29 04:34:36,108 [pool-173-thread-1] INFO  server.RaftServerConfigKeys (ConfUtils.java:logGet(44)) - raft.server.storage.dir = [/github/workspace/mnt/ozone/hadoop-ozone/integration-test/target/test-dir/MiniOzoneClusterImpl-12d77cfa-a16c-47e6-aadc-9eca5b4227e3/datanode-0/data/ratis] (custom)
2020-05-29 04:34:36,108 [pool-173-thread-1] INFO  server.RaftServerConfigKeys (ConfUtils.java:logGet(44)) - raft.server.log.corruption.policy = EXCEPTION (default)
2020-05-29 04:34:36,109 [pool-173-thread-1] INFO  storage.RaftStorageDirectory (RaftStorageDirectory.java:analyzeStorage(261)) - The storage directory /github/workspace/mnt/ozone/hadoop-ozone/integration-test/target/test-dir/MiniOzoneClusterImpl-12d77cfa-a16c-47e6-aadc-9eca5b4227e3/datanode-0/data/ratis/29581fef-0f97-47ae-a143-110299a6e168 does not exist. Creating ...
2020-05-29 04:34:36,110 [pool-173-thread-1] INFO  storage.RaftStorageDirectory (RaftStorageDirectory.java:tryLock(343)) - Lock on /github/workspace/mnt/ozone/hadoop-ozone/integration-test/target/test-dir/MiniOzoneClusterImpl-12d77cfa-a16c-47e6-aadc-9eca5b4227e3/datanode-0/data/ratis/29581fef-0f97-47ae-a143-110299a6e168/in_use.lock acquired by nodename 48206@69c943251111
2020-05-29 04:34:36,111 [pool-173-thread-1] INFO  storage.RaftStorage (RaftStorage.java:format(84)) - Storage directory /github/workspace/mnt/ozone/hadoop-ozone/integration-test/target/test-dir/MiniOzoneClusterImpl-12d77cfa-a16c-47e6-aadc-9eca5b4227e3/datanode-0/data/ratis/29581fef-0f97-47ae-a143-110299a6e168 has been successfully formatted.
2020-05-29 04:34:36,112 [pool-173-thread-1] INFO  ratis.ContainerStateMachine (ContainerStateMachine.java:loadSnapshot(226)) - group-110299A6E168: The snapshot info is null. Setting the last applied indexto:(t:0, i:~)
2020-05-29 04:34:36,112 [pool-173-thread-1] INFO  server.RaftServerConfigKeys (ConfUtils.java:logGet(44)) - raft.server.notification.no-leader.timeout = 60s (default)
2020-05-29 04:34:36,112 [pool-173-thread-1] INFO  server.RaftServerConfigKeys (ConfUtils.java:logGet(44)) - raft.server.log.use.memory = false (default)
2020-05-29 04:34:36,112 [pool-173-thread-1] INFO  server.RaftServerConfigKeys (ConfUtils.java:logGet(44)) - raft.server.log.purge.gap = 1000000 (custom)
2020-05-29 04:34:36,112 [pool-173-thread-1] INFO  server.RaftServerConfigKeys (ConfUtils.java:logGet(44)) - raft.server.log.appender.buffer.byte-limit = 33554432 (custom)
2020-05-29 04:34:36,112 [pool-173-thread-1] INFO  server.RaftServerConfigKeys (ConfUtils.java:logGet(44)) - raft.server.log.segment.size.max = 1048576 (custom)
2020-05-29 04:34:36,113 [pool-173-thread-1] INFO  metrics.RatisMetrics (RatisMetrics.java:lambda$create$0(39)) - Creating Metrics Registry : ratis.log_worker.c557ac33-ca51-4a07-934d-526037e69701
2020-05-29 04:34:36,113 [EventQueue-PipelineReportForPipelineReportHandler] INFO  pipeline.PipelineStateManager (PipelineStateManager.java:openPipeline(131)) - Pipeline Pipeline[ Id: 29581fef-0f97-47ae-a143-110299a6e168, Nodes: c557ac33-ca51-4a07-934d-526037e69701{ip: 172.17.0.2, host: 69c943251111, networkLocation: /default-rack, certSerialId: null}, Type:RATIS, Factor:ONE, State:ALLOCATED, leaderId:c557ac33-ca51-4a07-934d-526037e69701, CreationTimestamp2020-05-29T04:34:33.115Z] moved to OPEN state
2020-05-29 04:34:36,113 [pool-173-thread-1] INFO  server.RaftServerConfigKeys (ConfUtils.java:logGet(44)) - raft.server.log.segment.cache.num.max = 2 (custom)
2020-05-29 04:34:36,113 [pool-173-thread-1] INFO  segmented.SegmentedRaftLogWorker (SegmentedRaftLogWorker.java:<init>(176)) - new c557ac33-ca51-4a07-934d-526037e69701@group-110299A6E168-SegmentedRaftLogWorker for RaftStorage:Storage Directory /github/workspace/mnt/ozone/hadoop-ozone/integration-test/target/test-dir/MiniOzoneClusterImpl-12d77cfa-a16c-47e6-aadc-9eca5b4227e3/datanode-0/data/ratis/29581fef-0f97-47ae-a143-110299a6e168
2020-05-29 04:34:36,113 [pool-173-thread-1] INFO  server.RaftServerConfigKeys (ConfUtils.java:logGet(44)) - raft.server.log.queue.byte-limit = 2147483647 (custom)
2020-05-29 04:34:36,113 [pool-173-thread-1] INFO  server.RaftServerConfigKeys (ConfUtils.java:logGet(44)) - raft.server.log.queue.element-limit = 1024 (custom)
2020-05-29 04:34:36,114 [pool-173-thread-1] INFO  server.RaftServerConfigKeys (ConfUtils.java:logGet(44)) - raft.server.log.segment.size.max = 1048576 (custom)
2020-05-29 04:34:36,114 [pool-173-thread-1] INFO  server.RaftServerConfigKeys (ConfUtils.java:logGet(44)) - raft.server.log.preallocated.size = 16384 (custom)
2020-05-29 04:34:36,114 [pool-173-thread-1] INFO  server.RaftServerConfigKeys (ConfUtils.java:logGet(44)) - raft.server.log.write.buffer.size = 1048576 (custom)
2020-05-29 04:34:36,114 [pool-173-thread-1] INFO  server.RaftServerConfigKeys (ConfUtils.java:logGet(44)) - raft.server.log.force.sync.num = 128 (default)
2020-05-29 04:34:36,114 [pool-173-thread-1] INFO  server.RaftServerConfigKeys (ConfUtils.java:logGet(44)) - raft.server.log.statemachine.data.sync = true (default)
2020-05-29 04:34:36,114 [pool-173-thread-1] INFO  server.RaftServerConfigKeys (ConfUtils.java:logGet(44)) - raft.server.log.statemachine.data.sync.timeout = 10s (default)
2020-05-29 04:34:36,114 [pool-173-thread-1] INFO  server.RaftServerConfigKeys (ConfUtils.java:logGet(44)) - raft.server.log.statemachine.data.sync.timeout.retry = -1 (default)
2020-05-29 04:34:36,114 [EventQueue-OpenPipelineForOneReplicaPipelineSafeModeRule] INFO  safemode.SCMSafeModeManager (SCMSafeModeManager.java:validateSafeModeExitRules(213)) - AtleastOneDatanodeReportedRule rule is successfully validated
2020-05-29 04:34:36,118 [pool-173-thread-1] INFO  server.RaftServerConfigKeys (ConfUtils.java:logGet(44)) - raft.server.log.statemachine.data.caching.enabled = true (custom)
2020-05-29 04:34:36,118 [EventQueue-OpenPipelineForHealthyPipelineSafeModeRule] INFO  safemode.SCMSafeModeManager (HealthyPipelineSafeModeRule.java:process(132)) - SCM in safe mode. Healthy pipelines reported count is 0, required healthy pipeline reported count is 1
2020-05-29 04:34:36,118 [pool-173-thread-1] INFO  segmented.SegmentedRaftLogWorker (SegmentedRaftLogWorker.java:lambda$new$0(129)) - c557ac33-ca51-4a07-934d-526037e69701@group-110299A6E168-SegmentedRaftLogWorker: flushIndex: setUnconditionally 0 -> -1
2020-05-29 04:34:36,118 [pool-173-thread-1] INFO  server.RaftServerConfigKeys (ConfUtils.java:logGet(44)) - raft.server.snapshot.auto.trigger.enabled = true (custom)
2020-05-29 04:34:36,118 [pool-173-thread-1] INFO  server.RaftServerConfigKeys (ConfUtils.java:logGet(44)) - raft.server.snapshot.auto.trigger.threshold = 10000 (custom)
2020-05-29 04:34:36,118 [pool-173-thread-1] INFO  server.RaftServerConfigKeys (ConfUtils.java:logGet(44)) - raft.server.snapshot.retention.file.num = 5 (custom)
2020-05-29 04:34:36,118 [pool-173-thread-1] INFO  server.RaftServerConfigKeys (ConfUtils.java:logGet(44)) - raft.server.log.purge.upto.snapshot.index = false (default)
2020-05-29 04:34:36,118 [pool-173-thread-1] INFO  server.RaftServerConfigKeys (ConfUtils.java:logGet(44)) - raft.server.retrycache.expirytime = 600000ms (custom)
2020-05-29 04:34:36,118 [pool-173-thread-1] INFO  metrics.RatisMetrics (RatisMetrics.java:lambda$create$0(39)) - Creating Metrics Registry : ratis.leader_election.c557ac33-ca51-4a07-934d-526037e69701@group-110299A6E168
2020-05-29 04:34:36,119 [pool-173-thread-1] INFO  metrics.RatisMetrics (RatisMetrics.java:lambda$create$0(39)) - Creating Metrics Registry : ratis.server.c557ac33-ca51-4a07-934d-526037e69701@group-110299A6E168
2020-05-29 04:34:36,120 [pool-173-thread-1] INFO  impl.RaftServerImpl (RaftServerImpl.java:start(184)) - c557ac33-ca51-4a07-934d-526037e69701@group-110299A6E168: start as a follower, conf=-1: [c557ac33-ca51-4a07-934d-526037e69701:172.17.0.2:34461], old=null
2020-05-29 04:34:36,120 [pool-173-thread-1] INFO  impl.RaftServerImpl (RaftServerImpl.java:setRole(173)) - c557ac33-ca51-4a07-934d-526037e69701@group-110299A6E168: changes role from      null to FOLLOWER at term 0 for startAsFollower
2020-05-29 04:34:36,120 [pool-173-thread-1] INFO  impl.RoleInfo (RoleInfo.java:updateAndGet(143)) - c557ac33-ca51-4a07-934d-526037e69701: start FollowerState
2020-05-29 04:34:36,120 [pool-173-thread-1] INFO  util.JmxRegister (JmxRegister.java:tryRegister(44)) - Successfully registered JMX Bean with object name Ratis:service=RaftServer,group=group-110299A6E168,id=c557ac33-ca51-4a07-934d-526037e69701
2020-05-29 04:34:36,120 [pool-173-thread-1] INFO  metrics.RatisMetrics (RatisMetrics.java:lambda$create$0(39)) - Creating Metrics Registry : ratis.state_machine.c557ac33-ca51-4a07-934d-526037e69701@group-110299A6E168
2020-05-29 04:34:36,122 [Command processor thread] INFO  commandhandler.CreatePipelineCommandHandler (CreatePipelineCommandHandler.java:handle(109)) - Created Pipeline RATIS ONE #id: "29581fef-0f97-47ae-a143-110299a6e168"
.
2020-05-29 04:34:36,122 [Command processor thread] INFO  impl.RaftServerProxy (RaftServerProxy.java:addNew(89)) - c557ac33-ca51-4a07-934d-526037e69701: addNew group-71F5BBEAC783:[aa25932a-6a64-4821-ab50-8a62713b1302:172.17.0.2:42017, a1464408-a38b-41bf-a534-bb2a7d246c00:172.17.0.2:44155, c557ac33-ca51-4a07-934d-526037e69701:172.17.0.2:34461] returns group-71F5BBEAC783:java.util.concurrent.CompletableFuture@3a4471ed[Not completed]
2020-05-29 04:34:36,125 [pool-173-thread-1] INFO  impl.RaftServerImpl (RaftServerImpl.java:<init>(98)) - c557ac33-ca51-4a07-934d-526037e69701: new RaftServerImpl for group-71F5BBEAC783:[aa25932a-6a64-4821-ab50-8a62713b1302:172.17.0.2:42017, a1464408-a38b-41bf-a534-bb2a7d246c00:172.17.0.2:44155, c557ac33-ca51-4a07-934d-526037e69701:172.17.0.2:34461] with ContainerStateMachine:uninitialized
2020-05-29 04:34:36,125 [pool-173-thread-1] INFO  server.RaftServerConfigKeys (ConfUtils.java:logGet(44)) - raft.server.rpc.timeout.min = 5s (custom)
2020-05-29 04:34:36,125 [pool-173-thread-1] INFO  server.RaftServerConfigKeys (ConfUtils.java:logGet(44)) - raft.server.rpc.timeout.max = 5200ms (custom)
2020-05-29 04:34:36,125 [pool-173-thread-1] INFO  server.RaftServerConfigKeys (ConfUtils.java:logGet(44)) - raft.server.rpcslowness.timeout = 300s (custom)
2020-05-29 04:34:36,125 [pool-173-thread-1] INFO  server.RaftServerConfigKeys (ConfUtils.java:logGet(44)) - raft.server.sleep.deviation.threshold = 300 (default)
2020-05-29 04:34:36,125 [pool-173-thread-1] INFO  server.RaftServerConfigKeys (ConfUtils.java:logGet(44)) - raft.server.log.appender.install.snapshot.enabled = false (custom)
2020-05-29 04:34:36,125 [pool-173-thread-1] INFO  impl.RaftServerImpl (ServerState.java:<init>(103)) - c557ac33-ca51-4a07-934d-526037e69701@group-71F5BBEAC783: ConfigurationManager, init=-1: [aa25932a-6a64-4821-ab50-8a62713b1302:172.17.0.2:42017, a1464408-a38b-41bf-a534-bb2a7d246c00:172.17.0.2:44155, c557ac33-ca51-4a07-934d-526037e69701:172.17.0.2:34461], old=null, confs=<EMPTY_MAP>
2020-05-29 04:34:36,125 [pool-173-thread-1] INFO  server.RaftServerConfigKeys (ConfUtils.java:logGet(44)) - raft.server.storage.dir = [/github/workspace/mnt/ozone/hadoop-ozone/integration-test/target/test-dir/MiniOzoneClusterImpl-12d77cfa-a16c-47e6-aadc-9eca5b4227e3/datanode-0/data/ratis] (custom)
2020-05-29 04:34:36,125 [pool-173-thread-1] INFO  server.RaftServerConfigKeys (ConfUtils.java:logGet(44)) - raft.server.log.corruption.policy = EXCEPTION (default)
2020-05-29 04:34:36,125 [pool-173-thread-1] INFO  storage.RaftStorageDirectory (RaftStorageDirectory.java:analyzeStorage(261)) - The storage directory /github/workspace/mnt/ozone/hadoop-ozone/integration-test/target/test-dir/MiniOzoneClusterImpl-12d77cfa-a16c-47e6-aadc-9eca5b4227e3/datanode-0/data/ratis/80e053d9-1962-4bf8-ad22-71f5bbeac783 does not exist. Creating ...
2020-05-29 04:34:36,126 [pool-173-thread-1] INFO  storage.RaftStorageDirectory (RaftStorageDirectory.java:tryLock(343)) - Lock on /github/workspace/mnt/ozone/hadoop-ozone/integration-test/target/test-dir/MiniOzoneClusterImpl-12d77cfa-a16c-47e6-aadc-9eca5b4227e3/datanode-0/data/ratis/80e053d9-1962-4bf8-ad22-71f5bbeac783/in_use.lock acquired by nodename 48206@69c943251111
2020-05-29 04:34:36,128 [pool-173-thread-1] INFO  storage.RaftStorage (RaftStorage.java:format(84)) - Storage directory /github/workspace/mnt/ozone/hadoop-ozone/integration-test/target/test-dir/MiniOzoneClusterImpl-12d77cfa-a16c-47e6-aadc-9eca5b4227e3/datanode-0/data/ratis/80e053d9-1962-4bf8-ad22-71f5bbeac783 has been successfully formatted.
2020-05-29 04:34:36,128 [pool-173-thread-1] INFO  ratis.ContainerStateMachine (ContainerStateMachine.java:loadSnapshot(226)) - group-71F5BBEAC783: The snapshot info is null. Setting the last applied indexto:(t:0, i:~)
2020-05-29 04:34:36,128 [pool-173-thread-1] INFO  server.RaftServerConfigKeys (ConfUtils.java:logGet(44)) - raft.server.notification.no-leader.timeout = 60s (default)
2020-05-29 04:34:36,128 [pool-173-thread-1] INFO  server.RaftServerConfigKeys (ConfUtils.java:logGet(44)) - raft.server.log.use.memory = false (default)
2020-05-29 04:34:36,128 [pool-173-thread-1] INFO  server.RaftServerConfigKeys (ConfUtils.java:logGet(44)) - raft.server.log.purge.gap = 1000000 (custom)
2020-05-29 04:34:36,128 [pool-173-thread-1] INFO  server.RaftServerConfigKeys (ConfUtils.java:logGet(44)) - raft.server.log.appender.buffer.byte-limit = 33554432 (custom)
2020-05-29 04:34:36,128 [pool-173-thread-1] INFO  server.RaftServerConfigKeys (ConfUtils.java:logGet(44)) - raft.server.log.segment.size.max = 1048576 (custom)
2020-05-29 04:34:36,128 [pool-173-thread-1] INFO  server.RaftServerConfigKeys (ConfUtils.java:logGet(44)) - raft.server.log.segment.cache.num.max = 2 (custom)
2020-05-29 04:34:36,128 [pool-173-thread-1] INFO  segmented.SegmentedRaftLogWorker (SegmentedRaftLogWorker.java:<init>(176)) - new c557ac33-ca51-4a07-934d-526037e69701@group-71F5BBEAC783-SegmentedRaftLogWorker for RaftStorage:Storage Directory /github/workspace/mnt/ozone/hadoop-ozone/integration-test/target/test-dir/MiniOzoneClusterImpl-12d77cfa-a16c-47e6-aadc-9eca5b4227e3/datanode-0/data/ratis/80e053d9-1962-4bf8-ad22-71f5bbeac783
2020-05-29 04:34:36,128 [pool-173-thread-1] INFO  server.RaftServerConfigKeys (ConfUtils.java:logGet(44)) - raft.server.log.queue.byte-limit = 2147483647 (custom)
2020-05-29 04:34:36,128 [pool-173-thread-1] INFO  server.RaftServerConfigKeys (ConfUtils.java:logGet(44)) - raft.server.log.queue.element-limit = 1024 (custom)
2020-05-29 04:34:36,129 [pool-173-thread-1] INFO  server.RaftServerConfigKeys (ConfUtils.java:logGet(44)) - raft.server.log.segment.size.max = 1048576 (custom)
2020-05-29 04:34:36,129 [pool-173-thread-1] INFO  server.RaftServerConfigKeys (ConfUtils.java:logGet(44)) - raft.server.log.preallocated.size = 16384 (custom)
2020-05-29 04:34:36,129 [pool-173-thread-1] INFO  server.RaftServerConfigKeys (ConfUtils.java:logGet(44)) - raft.server.log.write.buffer.size = 1048576 (custom)
2020-05-29 04:34:36,130 [pool-173-thread-1] INFO  server.RaftServerConfigKeys (ConfUtils.java:logGet(44)) - raft.server.log.force.sync.num = 128 (default)
2020-05-29 04:34:36,130 [pool-173-thread-1] INFO  server.RaftServerConfigKeys (ConfUtils.java:logGet(44)) - raft.server.log.statemachine.data.sync = true (default)
2020-05-29 04:34:36,130 [pool-173-thread-1] INFO  server.RaftServerConfigKeys (ConfUtils.java:logGet(44)) - raft.server.log.statemachine.data.sync.timeout = 10s (default)
2020-05-29 04:34:36,130 [pool-173-thread-1] INFO  server.RaftServerConfigKeys (ConfUtils.java:logGet(44)) - raft.server.log.statemachine.data.sync.timeout.retry = -1 (default)
2020-05-29 04:34:36,131 [pool-173-thread-1] INFO  server.RaftServerConfigKeys (ConfUtils.java:logGet(44)) - raft.server.log.statemachine.data.caching.enabled = true (custom)
2020-05-29 04:34:36,131 [pool-173-thread-1] INFO  segmented.SegmentedRaftLogWorker (SegmentedRaftLogWorker.java:lambda$new$0(129)) - c557ac33-ca51-4a07-934d-526037e69701@group-71F5BBEAC783-SegmentedRaftLogWorker: flushIndex: setUnconditionally 0 -> -1
2020-05-29 04:34:36,131 [pool-173-thread-1] INFO  server.RaftServerConfigKeys (ConfUtils.java:logGet(44)) - raft.server.snapshot.auto.trigger.enabled = true (custom)
2020-05-29 04:34:36,131 [pool-173-thread-1] INFO  server.RaftServerConfigKeys (ConfUtils.java:logGet(44)) - raft.server.snapshot.auto.trigger.threshold = 10000 (custom)
2020-05-29 04:34:36,131 [pool-173-thread-1] INFO  server.RaftServerConfigKeys (ConfUtils.java:logGet(44)) - raft.server.snapshot.retention.file.num = 5 (custom)
2020-05-29 04:34:36,131 [pool-173-thread-1] INFO  server.RaftServerConfigKeys (ConfUtils.java:logGet(44)) - raft.server.log.purge.upto.snapshot.index = false (default)
2020-05-29 04:34:36,131 [pool-173-thread-1] INFO  server.RaftServerConfigKeys (ConfUtils.java:logGet(44)) - raft.server.retrycache.expirytime = 600000ms (custom)
2020-05-29 04:34:36,132 [pool-173-thread-1] INFO  metrics.RatisMetrics (RatisMetrics.java:lambda$create$0(39)) - Creating Metrics Registry : ratis.leader_election.c557ac33-ca51-4a07-934d-526037e69701@group-71F5BBEAC783
2020-05-29 04:34:36,132 [pool-173-thread-1] INFO  metrics.RatisMetrics (RatisMetrics.java:lambda$create$0(39)) - Creating Metrics Registry : ratis.server.c557ac33-ca51-4a07-934d-526037e69701@group-71F5BBEAC783
2020-05-29 04:34:36,133 [pool-173-thread-1] INFO  impl.RaftServerImpl (RaftServerImpl.java:start(184)) - c557ac33-ca51-4a07-934d-526037e69701@group-71F5BBEAC783: start as a follower, conf=-1: [aa25932a-6a64-4821-ab50-8a62713b1302:172.17.0.2:42017, a1464408-a38b-41bf-a534-bb2a7d246c00:172.17.0.2:44155, c557ac33-ca51-4a07-934d-526037e69701:172.17.0.2:34461], old=null
2020-05-29 04:34:36,133 [pool-173-thread-1] INFO  impl.RaftServerImpl (RaftServerImpl.java:setRole(173)) - c557ac33-ca51-4a07-934d-526037e69701@group-71F5BBEAC783: changes role from      null to FOLLOWER at term 0 for startAsFollower
2020-05-29 04:34:36,133 [pool-173-thread-1] INFO  impl.RoleInfo (RoleInfo.java:updateAndGet(143)) - c557ac33-ca51-4a07-934d-526037e69701: start FollowerState
2020-05-29 04:34:36,142 [pool-173-thread-1] INFO  util.JmxRegister (JmxRegister.java:tryRegister(44)) - Successfully registered JMX Bean with object name Ratis:service=RaftServer,group=group-71F5BBEAC783,id=c557ac33-ca51-4a07-934d-526037e69701
2020-05-29 04:34:36,142 [pool-173-thread-1] INFO  metrics.RatisMetrics (RatisMetrics.java:lambda$create$0(39)) - Creating Metrics Registry : ratis.state_machine.c557ac33-ca51-4a07-934d-526037e69701@group-71F5BBEAC783
2020-05-29 04:34:36,153 [grpc-default-executor-2] INFO  impl.RaftServerProxy (RaftServerProxy.java:addNew(89)) - a1464408-a38b-41bf-a534-bb2a7d246c00: addNew group-71F5BBEAC783:[aa25932a-6a64-4821-ab50-8a62713b1302:172.17.0.2:42017, a1464408-a38b-41bf-a534-bb2a7d246c00:172.17.0.2:44155, c557ac33-ca51-4a07-934d-526037e69701:172.17.0.2:34461] returns group-71F5BBEAC783:java.util.concurrent.CompletableFuture@2ba57a82[Not completed]
2020-05-29 04:34:36,155 [pool-189-thread-1] INFO  impl.RaftServerImpl (RaftServerImpl.java:<init>(98)) - a1464408-a38b-41bf-a534-bb2a7d246c00: new RaftServerImpl for group-71F5BBEAC783:[aa25932a-6a64-4821-ab50-8a62713b1302:172.17.0.2:42017, a1464408-a38b-41bf-a534-bb2a7d246c00:172.17.0.2:44155, c557ac33-ca51-4a07-934d-526037e69701:172.17.0.2:34461] with ContainerStateMachine:uninitialized
2020-05-29 04:34:36,155 [pool-189-thread-1] INFO  server.RaftServerConfigKeys (ConfUtils.java:logGet(44)) - raft.server.rpc.timeout.min = 5s (custom)
2020-05-29 04:34:36,155 [pool-189-thread-1] INFO  server.RaftServerConfigKeys (ConfUtils.java:logGet(44)) - raft.server.rpc.timeout.max = 5200ms (custom)
2020-05-29 04:34:36,155 [pool-189-thread-1] INFO  server.RaftServerConfigKeys (ConfUtils.java:logGet(44)) - raft.server.rpcslowness.timeout = 300s (custom)
2020-05-29 04:34:36,155 [pool-189-thread-1] INFO  server.RaftServerConfigKeys (ConfUtils.java:logGet(44)) - raft.server.sleep.deviation.threshold = 300 (default)
2020-05-29 04:34:36,155 [pool-189-thread-1] INFO  server.RaftServerConfigKeys (ConfUtils.java:logGet(44)) - raft.server.log.appender.install.snapshot.enabled = false (custom)
2020-05-29 04:34:36,155 [pool-189-thread-1] INFO  impl.RaftServerImpl (ServerState.java:<init>(103)) - a1464408-a38b-41bf-a534-bb2a7d246c00@group-71F5BBEAC783: ConfigurationManager, init=-1: [aa25932a-6a64-4821-ab50-8a62713b1302:172.17.0.2:42017, a1464408-a38b-41bf-a534-bb2a7d246c00:172.17.0.2:44155, c557ac33-ca51-4a07-934d-526037e69701:172.17.0.2:34461], old=null, confs=<EMPTY_MAP>
2020-05-29 04:34:36,155 [pool-189-thread-1] INFO  server.RaftServerConfigKeys (ConfUtils.java:logGet(44)) - raft.server.storage.dir = [/github/workspace/mnt/ozone/hadoop-ozone/integration-test/target/test-dir/MiniOzoneClusterImpl-12d77cfa-a16c-47e6-aadc-9eca5b4227e3/datanode-1/data/ratis] (custom)
2020-05-29 04:34:36,156 [pool-189-thread-1] INFO  server.RaftServerConfigKeys (ConfUtils.java:logGet(44)) - raft.server.log.corruption.policy = EXCEPTION (default)
2020-05-29 04:34:36,156 [pool-189-thread-1] INFO  storage.RaftStorageDirectory (RaftStorageDirectory.java:analyzeStorage(261)) - The storage directory /github/workspace/mnt/ozone/hadoop-ozone/integration-test/target/test-dir/MiniOzoneClusterImpl-12d77cfa-a16c-47e6-aadc-9eca5b4227e3/datanode-1/data/ratis/80e053d9-1962-4bf8-ad22-71f5bbeac783 does not exist. Creating ...
2020-05-29 04:34:36,157 [pool-189-thread-1] INFO  storage.RaftStorageDirectory (RaftStorageDirectory.java:tryLock(343)) - Lock on /github/workspace/mnt/ozone/hadoop-ozone/integration-test/target/test-dir/MiniOzoneClusterImpl-12d77cfa-a16c-47e6-aadc-9eca5b4227e3/datanode-1/data/ratis/80e053d9-1962-4bf8-ad22-71f5bbeac783/in_use.lock acquired by nodename 48206@69c943251111
2020-05-29 04:34:36,158 [pool-189-thread-1] INFO  storage.RaftStorage (RaftStorage.java:format(84)) - Storage directory /github/workspace/mnt/ozone/hadoop-ozone/integration-test/target/test-dir/MiniOzoneClusterImpl-12d77cfa-a16c-47e6-aadc-9eca5b4227e3/datanode-1/data/ratis/80e053d9-1962-4bf8-ad22-71f5bbeac783 has been successfully formatted.
2020-05-29 04:34:36,158 [pool-189-thread-1] INFO  ratis.ContainerStateMachine (ContainerStateMachine.java:loadSnapshot(226)) - group-71F5BBEAC783: The snapshot info is null. Setting the last applied indexto:(t:0, i:~)
2020-05-29 04:34:36,159 [pool-189-thread-1] INFO  server.RaftServerConfigKeys (ConfUtils.java:logGet(44)) - raft.server.notification.no-leader.timeout = 60s (default)
2020-05-29 04:34:36,159 [pool-189-thread-1] INFO  server.RaftServerConfigKeys (ConfUtils.java:logGet(44)) - raft.server.log.use.memory = false (default)
2020-05-29 04:34:36,159 [pool-189-thread-1] INFO  server.RaftServerConfigKeys (ConfUtils.java:logGet(44)) - raft.server.log.purge.gap = 1000000 (custom)
2020-05-29 04:34:36,159 [pool-189-thread-1] INFO  server.RaftServerConfigKeys (ConfUtils.java:logGet(44)) - raft.server.log.appender.buffer.byte-limit = 33554432 (custom)
2020-05-29 04:34:36,160 [pool-189-thread-1] INFO  server.RaftServerConfigKeys (ConfUtils.java:logGet(44)) - raft.server.log.segment.size.max = 1048576 (custom)
2020-05-29 04:34:36,160 [pool-189-thread-1] INFO  metrics.RatisMetrics (RatisMetrics.java:lambda$create$0(39)) - Creating Metrics Registry : ratis.log_worker.a1464408-a38b-41bf-a534-bb2a7d246c00
2020-05-29 04:34:36,160 [pool-189-thread-1] INFO  server.RaftServerConfigKeys (ConfUtils.java:logGet(44)) - raft.server.log.segment.cache.num.max = 2 (custom)
2020-05-29 04:34:36,160 [pool-189-thread-1] INFO  segmented.SegmentedRaftLogWorker (SegmentedRaftLogWorker.java:<init>(176)) - new a1464408-a38b-41bf-a534-bb2a7d246c00@group-71F5BBEAC783-SegmentedRaftLogWorker for RaftStorage:Storage Directory /github/workspace/mnt/ozone/hadoop-ozone/integration-test/target/test-dir/MiniOzoneClusterImpl-12d77cfa-a16c-47e6-aadc-9eca5b4227e3/datanode-1/data/ratis/80e053d9-1962-4bf8-ad22-71f5bbeac783
2020-05-29 04:34:36,161 [pool-189-thread-1] INFO  server.RaftServerConfigKeys (ConfUtils.java:logGet(44)) - raft.server.log.queue.byte-limit = 2147483647 (custom)
2020-05-29 04:34:36,161 [pool-189-thread-1] INFO  server.RaftServerConfigKeys (ConfUtils.java:logGet(44)) - raft.server.log.queue.element-limit = 1024 (custom)
2020-05-29 04:34:36,161 [pool-189-thread-1] INFO  server.RaftServerConfigKeys (ConfUtils.java:logGet(44)) - raft.server.log.segment.size.max = 1048576 (custom)
2020-05-29 04:34:36,161 [pool-189-thread-1] INFO  server.RaftServerConfigKeys (ConfUtils.java:logGet(44)) - raft.server.log.preallocated.size = 16384 (custom)
2020-05-29 04:34:36,162 [pool-189-thread-1] INFO  server.RaftServerConfigKeys (ConfUtils.java:logGet(44)) - raft.server.log.write.buffer.size = 1048576 (custom)
2020-05-29 04:34:36,162 [pool-189-thread-1] INFO  server.RaftServerConfigKeys (ConfUtils.java:logGet(44)) - raft.server.log.force.sync.num = 128 (default)
2020-05-29 04:34:36,162 [pool-189-thread-1] INFO  server.RaftServerConfigKeys (ConfUtils.java:logGet(44)) - raft.server.log.statemachine.data.sync = true (default)
2020-05-29 04:34:36,162 [pool-189-thread-1] INFO  server.RaftServerConfigKeys (ConfUtils.java:logGet(44)) - raft.server.log.statemachine.data.sync.timeout = 10s (default)
2020-05-29 04:34:36,162 [pool-189-thread-1] INFO  server.RaftServerConfigKeys (ConfUtils.java:logGet(44)) - raft.server.log.statemachine.data.sync.timeout.retry = -1 (default)
2020-05-29 04:34:36,164 [pool-189-thread-1] INFO  server.RaftServerConfigKeys (ConfUtils.java:logGet(44)) - raft.server.log.statemachine.data.caching.enabled = true (custom)
2020-05-29 04:34:36,164 [pool-189-thread-1] INFO  segmented.SegmentedRaftLogWorker (SegmentedRaftLogWorker.java:lambda$new$0(129)) - a1464408-a38b-41bf-a534-bb2a7d246c00@group-71F5BBEAC783-SegmentedRaftLogWorker: flushIndex: setUnconditionally 0 -> -1
2020-05-29 04:34:36,165 [pool-189-thread-1] INFO  server.RaftServerConfigKeys (ConfUtils.java:logGet(44)) - raft.server.snapshot.auto.trigger.enabled = true (custom)
2020-05-29 04:34:36,166 [pool-189-thread-1] INFO  server.RaftServerConfigKeys (ConfUtils.java:logGet(44)) - raft.server.snapshot.auto.trigger.threshold = 10000 (custom)
2020-05-29 04:34:36,166 [pool-189-thread-1] INFO  server.RaftServerConfigKeys (ConfUtils.java:logGet(44)) - raft.server.snapshot.retention.file.num = 5 (custom)
2020-05-29 04:34:36,166 [pool-189-thread-1] INFO  server.RaftServerConfigKeys (ConfUtils.java:logGet(44)) - raft.server.log.purge.upto.snapshot.index = false (default)
2020-05-29 04:34:36,166 [pool-189-thread-1] INFO  server.RaftServerConfigKeys (ConfUtils.java:logGet(44)) - raft.server.retrycache.expirytime = 600000ms (custom)
2020-05-29 04:34:36,166 [pool-189-thread-1] INFO  metrics.RatisMetrics (RatisMetrics.java:lambda$create$0(39)) - Creating Metrics Registry : ratis.leader_election.a1464408-a38b-41bf-a534-bb2a7d246c00@group-71F5BBEAC783
2020-05-29 04:34:36,166 [pool-189-thread-1] INFO  metrics.RatisMetrics (RatisMetrics.java:lambda$create$0(39)) - Creating Metrics Registry : ratis.server.a1464408-a38b-41bf-a534-bb2a7d246c00@group-71F5BBEAC783
2020-05-29 04:34:36,167 [pool-189-thread-1] INFO  impl.RaftServerImpl (RaftServerImpl.java:start(184)) - a1464408-a38b-41bf-a534-bb2a7d246c00@group-71F5BBEAC783: start as a follower, conf=-1: [aa25932a-6a64-4821-ab50-8a62713b1302:172.17.0.2:42017, a1464408-a38b-41bf-a534-bb2a7d246c00:172.17.0.2:44155, c557ac33-ca51-4a07-934d-526037e69701:172.17.0.2:34461], old=null
2020-05-29 04:34:36,167 [pool-189-thread-1] INFO  impl.RaftServerImpl (RaftServerImpl.java:setRole(173)) - a1464408-a38b-41bf-a534-bb2a7d246c00@group-71F5BBEAC783: changes role from      null to FOLLOWER at term 0 for startAsFollower
2020-05-29 04:34:36,167 [pool-189-thread-1] INFO  impl.RoleInfo (RoleInfo.java:updateAndGet(143)) - a1464408-a38b-41bf-a534-bb2a7d246c00: start FollowerState
2020-05-29 04:34:36,173 [Command processor thread] INFO  impl.RaftServerProxy (RaftServerProxy.java:addNew(89)) - a1464408-a38b-41bf-a534-bb2a7d246c00: addNew group-99B83BEBA03F:[a1464408-a38b-41bf-a534-bb2a7d246c00:172.17.0.2:44155] returns group-99B83BEBA03F:java.util.concurrent.CompletableFuture@77a2ddab[Not completed]
2020-05-29 04:34:36,175 [pool-189-thread-1] INFO  util.JmxRegister (JmxRegister.java:tryRegister(44)) - Successfully registered JMX Bean with object name Ratis:service=RaftServer,group=group-71F5BBEAC783,id=a1464408-a38b-41bf-a534-bb2a7d246c00
2020-05-29 04:34:36,175 [pool-189-thread-1] INFO  metrics.RatisMetrics (RatisMetrics.java:lambda$create$0(39)) - Creating Metrics Registry : ratis.state_machine.a1464408-a38b-41bf-a534-bb2a7d246c00@group-71F5BBEAC783
2020-05-29 04:34:36,179 [pool-189-thread-1] INFO  impl.RaftServerImpl (RaftServerImpl.java:<init>(98)) - a1464408-a38b-41bf-a534-bb2a7d246c00: new RaftServerImpl for group-99B83BEBA03F:[a1464408-a38b-41bf-a534-bb2a7d246c00:172.17.0.2:44155] with ContainerStateMachine:uninitialized
2020-05-29 04:34:36,185 [pool-189-thread-1] INFO  server.RaftServerConfigKeys (ConfUtils.java:logGet(44)) - raft.server.rpc.timeout.min = 5s (custom)
2020-05-29 04:34:36,185 [pool-189-thread-1] INFO  server.RaftServerConfigKeys (ConfUtils.java:logGet(44)) - raft.server.rpc.timeout.max = 5200ms (custom)
2020-05-29 04:34:36,185 [pool-189-thread-1] INFO  server.RaftServerConfigKeys (ConfUtils.java:logGet(44)) - raft.server.rpcslowness.timeout = 300s (custom)
2020-05-29 04:34:36,185 [pool-189-thread-1] INFO  server.RaftServerConfigKeys (ConfUtils.java:logGet(44)) - raft.server.sleep.deviation.threshold = 300 (default)
2020-05-29 04:34:36,185 [pool-189-thread-1] INFO  server.RaftServerConfigKeys (ConfUtils.java:logGet(44)) - raft.server.log.appender.install.snapshot.enabled = false (custom)
2020-05-29 04:34:36,185 [pool-189-thread-1] INFO  impl.RaftServerImpl (ServerState.java:<init>(103)) - a1464408-a38b-41bf-a534-bb2a7d246c00@group-99B83BEBA03F: ConfigurationManager, init=-1: [a1464408-a38b-41bf-a534-bb2a7d246c00:172.17.0.2:44155], old=null, confs=<EMPTY_MAP>
2020-05-29 04:34:36,185 [pool-189-thread-1] INFO  server.RaftServerConfigKeys (ConfUtils.java:logGet(44)) - raft.server.storage.dir = [/github/workspace/mnt/ozone/hadoop-ozone/integration-test/target/test-dir/MiniOzoneClusterImpl-12d77cfa-a16c-47e6-aadc-9eca5b4227e3/datanode-1/data/ratis] (custom)
2020-05-29 04:34:36,185 [pool-189-thread-1] INFO  server.RaftServerConfigKeys (ConfUtils.java:logGet(44)) - raft.server.log.corruption.policy = EXCEPTION (default)
2020-05-29 04:34:36,185 [pool-189-thread-1] INFO  storage.RaftStorageDirectory (RaftStorageDirectory.java:analyzeStorage(261)) - The storage directory /github/workspace/mnt/ozone/hadoop-ozone/integration-test/target/test-dir/MiniOzoneClusterImpl-12d77cfa-a16c-47e6-aadc-9eca5b4227e3/datanode-1/data/ratis/bdc74018-8291-418a-abdc-99b83beba03f does not exist. Creating ...
2020-05-29 04:34:36,186 [pool-189-thread-1] INFO  storage.RaftStorageDirectory (RaftStorageDirectory.java:tryLock(343)) - Lock on /github/workspace/mnt/ozone/hadoop-ozone/integration-test/target/test-dir/MiniOzoneClusterImpl-12d77cfa-a16c-47e6-aadc-9eca5b4227e3/datanode-1/data/ratis/bdc74018-8291-418a-abdc-99b83beba03f/in_use.lock acquired by nodename 48206@69c943251111
2020-05-29 04:34:36,189 [grpc-default-executor-2] INFO  impl.RaftServerProxy (RaftServerProxy.java:addNew(89)) - aa25932a-6a64-4821-ab50-8a62713b1302: addNew group-71F5BBEAC783:[aa25932a-6a64-4821-ab50-8a62713b1302:172.17.0.2:42017, a1464408-a38b-41bf-a534-bb2a7d246c00:172.17.0.2:44155, c557ac33-ca51-4a07-934d-526037e69701:172.17.0.2:34461] returns group-71F5BBEAC783:java.util.concurrent.CompletableFuture@2e841a6a[Not completed]
2020-05-29 04:34:36,189 [pool-189-thread-1] INFO  storage.RaftStorage (RaftStorage.java:format(84)) - Storage directory /github/workspace/mnt/ozone/hadoop-ozone/integration-test/target/test-dir/MiniOzoneClusterImpl-12d77cfa-a16c-47e6-aadc-9eca5b4227e3/datanode-1/data/ratis/bdc74018-8291-418a-abdc-99b83beba03f has been successfully formatted.
2020-05-29 04:34:36,190 [pool-189-thread-1] INFO  ratis.ContainerStateMachine (ContainerStateMachine.java:loadSnapshot(226)) - group-99B83BEBA03F: The snapshot info is null. Setting the last applied indexto:(t:0, i:~)
2020-05-29 04:34:36,190 [pool-189-thread-1] INFO  server.RaftServerConfigKeys (ConfUtils.java:logGet(44)) - raft.server.notification.no-leader.timeout = 60s (default)
2020-05-29 04:34:36,190 [pool-189-thread-1] INFO  server.RaftServerConfigKeys (ConfUtils.java:logGet(44)) - raft.server.log.use.memory = false (default)
2020-05-29 04:34:36,190 [pool-189-thread-1] INFO  server.RaftServerConfigKeys (ConfUtils.java:logGet(44)) - raft.server.log.purge.gap = 1000000 (custom)
2020-05-29 04:34:36,190 [pool-189-thread-1] INFO  server.RaftServerConfigKeys (ConfUtils.java:logGet(44)) - raft.server.log.appender.buffer.byte-limit = 33554432 (custom)
2020-05-29 04:34:36,190 [pool-189-thread-1] INFO  server.RaftServerConfigKeys (ConfUtils.java:logGet(44)) - raft.server.log.segment.size.max = 1048576 (custom)
2020-05-29 04:34:36,190 [pool-189-thread-1] INFO  server.RaftServerConfigKeys (ConfUtils.java:logGet(44)) - raft.server.log.segment.cache.num.max = 2 (custom)
2020-05-29 04:34:36,190 [pool-189-thread-1] INFO  segmented.SegmentedRaftLogWorker (SegmentedRaftLogWorker.java:<init>(176)) - new a1464408-a38b-41bf-a534-bb2a7d246c00@group-99B83BEBA03F-SegmentedRaftLogWorker for RaftStorage:Storage Directory /github/workspace/mnt/ozone/hadoop-ozone/integration-test/target/test-dir/MiniOzoneClusterImpl-12d77cfa-a16c-47e6-aadc-9eca5b4227e3/datanode-1/data/ratis/bdc74018-8291-418a-abdc-99b83beba03f
2020-05-29 04:34:36,190 [pool-189-thread-1] INFO  server.RaftServerConfigKeys (ConfUtils.java:logGet(44)) - raft.server.log.queue.byte-limit = 2147483647 (custom)
2020-05-29 04:34:36,190 [pool-189-thread-1] INFO  server.RaftServerConfigKeys (ConfUtils.java:logGet(44)) - raft.server.log.queue.element-limit = 1024 (custom)
2020-05-29 04:34:36,190 [pool-189-thread-1] INFO  server.RaftServerConfigKeys (ConfUtils.java:logGet(44)) - raft.server.log.segment.size.max = 1048576 (custom)
2020-05-29 04:34:36,190 [pool-189-thread-1] INFO  server.RaftServerConfigKeys (ConfUtils.java:logGet(44)) - raft.server.log.preallocated.size = 16384 (custom)
2020-05-29 04:34:36,190 [pool-189-thread-1] INFO  server.RaftServerConfigKeys (ConfUtils.java:logGet(44)) - raft.server.log.write.buffer.size = 1048576 (custom)
2020-05-29 04:34:36,190 [pool-189-thread-1] INFO  server.RaftServerConfigKeys (ConfUtils.java:logGet(44)) - raft.server.log.force.sync.num = 128 (default)
2020-05-29 04:34:36,190 [pool-189-thread-1] INFO  server.RaftServerConfigKeys (ConfUtils.java:logGet(44)) - raft.server.log.statemachine.data.sync = true (default)
2020-05-29 04:34:36,190 [pool-189-thread-1] INFO  server.RaftServerConfigKeys (ConfUtils.java:logGet(44)) - raft.server.log.statemachine.data.sync.timeout = 10s (default)
2020-05-29 04:34:36,190 [pool-189-thread-1] INFO  server.RaftServerConfigKeys (ConfUtils.java:logGet(44)) - raft.server.log.statemachine.data.sync.timeout.retry = -1 (default)
2020-05-29 04:34:36,191 [pool-189-thread-1] INFO  server.RaftServerConfigKeys (ConfUtils.java:logGet(44)) - raft.server.log.statemachine.data.caching.enabled = true (custom)
2020-05-29 04:34:36,191 [pool-189-thread-1] INFO  segmented.SegmentedRaftLogWorker (SegmentedRaftLogWorker.java:lambda$new$0(129)) - a1464408-a38b-41bf-a534-bb2a7d246c00@group-99B83BEBA03F-SegmentedRaftLogWorker: flushIndex: setUnconditionally 0 -> -1
2020-05-29 04:34:36,192 [EventQueue-PipelineReportForPipelineReportHandler] INFO  pipeline.PipelineStateManager (PipelineStateManager.java:openPipeline(131)) - Pipeline Pipeline[ Id: bdc74018-8291-418a-abdc-99b83beba03f, Nodes: a1464408-a38b-41bf-a534-bb2a7d246c00{ip: 172.17.0.2, host: 69c943251111, networkLocation: /default-rack, certSerialId: null}, Type:RATIS, Factor:ONE, State:ALLOCATED, leaderId:a1464408-a38b-41bf-a534-bb2a7d246c00, CreationTimestamp2020-05-29T04:34:33.176Z] moved to OPEN state
2020-05-29 04:34:36,192 [pool-189-thread-1] INFO  server.RaftServerConfigKeys (ConfUtils.java:logGet(44)) - raft.server.snapshot.auto.trigger.enabled = true (custom)
2020-05-29 04:34:36,192 [EventQueue-OpenPipelineForHealthyPipelineSafeModeRule] INFO  safemode.SCMSafeModeManager (HealthyPipelineSafeModeRule.java:process(132)) - SCM in safe mode. Healthy pipelines reported count is 0, required healthy pipeline reported count is 1
2020-05-29 04:34:36,192 [EventQueue-OpenPipelineForOneReplicaPipelineSafeModeRule] INFO  safemode.SCMSafeModeManager (SCMSafeModeManager.java:validateSafeModeExitRules(213)) - AtleastOneDatanodeReportedRule rule is successfully validated
2020-05-29 04:34:36,192 [pool-189-thread-1] INFO  server.RaftServerConfigKeys (ConfUtils.java:logGet(44)) - raft.server.snapshot.auto.trigger.threshold = 10000 (custom)
2020-05-29 04:34:36,193 [pool-189-thread-1] INFO  server.RaftServerConfigKeys (ConfUtils.java:logGet(44)) - raft.server.snapshot.retention.file.num = 5 (custom)
2020-05-29 04:34:36,193 [pool-189-thread-1] INFO  server.RaftServerConfigKeys (ConfUtils.java:logGet(44)) - raft.server.log.purge.upto.snapshot.index = false (default)
2020-05-29 04:34:36,193 [pool-189-thread-1] INFO  server.RaftServerConfigKeys (ConfUtils.java:logGet(44)) - raft.server.retrycache.expirytime = 600000ms (custom)
2020-05-29 04:34:36,193 [pool-189-thread-1] INFO  metrics.RatisMetrics (RatisMetrics.java:lambda$create$0(39)) - Creating Metrics Registry : ratis.leader_election.a1464408-a38b-41bf-a534-bb2a7d246c00@group-99B83BEBA03F
2020-05-29 04:34:36,193 [pool-189-thread-1] INFO  metrics.RatisMetrics (RatisMetrics.java:lambda$create$0(39)) - Creating Metrics Registry : ratis.server.a1464408-a38b-41bf-a534-bb2a7d246c00@group-99B83BEBA03F
2020-05-29 04:34:36,194 [pool-189-thread-1] INFO  impl.RaftServerImpl (RaftServerImpl.java:start(184)) - a1464408-a38b-41bf-a534-bb2a7d246c00@group-99B83BEBA03F: start as a follower, conf=-1: [a1464408-a38b-41bf-a534-bb2a7d246c00:172.17.0.2:44155], old=null
2020-05-29 04:34:36,194 [pool-189-thread-1] INFO  impl.RaftServerImpl (RaftServerImpl.java:setRole(173)) - a1464408-a38b-41bf-a534-bb2a7d246c00@group-99B83BEBA03F: changes role from      null to FOLLOWER at term 0 for startAsFollower
2020-05-29 04:34:36,195 [pool-189-thread-1] INFO  impl.RoleInfo (RoleInfo.java:updateAndGet(143)) - a1464408-a38b-41bf-a534-bb2a7d246c00: start FollowerState
2020-05-29 04:34:36,195 [pool-205-thread-1] INFO  impl.RaftServerImpl (RaftServerImpl.java:<init>(98)) - aa25932a-6a64-4821-ab50-8a62713b1302: new RaftServerImpl for group-71F5BBEAC783:[aa25932a-6a64-4821-ab50-8a62713b1302:172.17.0.2:42017, a1464408-a38b-41bf-a534-bb2a7d246c00:172.17.0.2:44155, c557ac33-ca51-4a07-934d-526037e69701:172.17.0.2:34461] with ContainerStateMachine:uninitialized
2020-05-29 04:34:36,195 [pool-205-thread-1] INFO  server.RaftServerConfigKeys (ConfUtils.java:logGet(44)) - raft.server.rpc.timeout.min = 5s (custom)
2020-05-29 04:34:36,195 [pool-205-thread-1] INFO  server.RaftServerConfigKeys (ConfUtils.java:logGet(44)) - raft.server.rpc.timeout.max = 5200ms (custom)
2020-05-29 04:34:36,195 [pool-205-thread-1] INFO  server.RaftServerConfigKeys (ConfUtils.java:logGet(44)) - raft.server.rpcslowness.timeout = 300s (custom)
2020-05-29 04:34:36,195 [pool-205-thread-1] INFO  server.RaftServerConfigKeys (ConfUtils.java:logGet(44)) - raft.server.sleep.deviation.threshold = 300 (default)
2020-05-29 04:34:36,195 [pool-205-thread-1] INFO  server.RaftServerConfigKeys (ConfUtils.java:logGet(44)) - raft.server.log.appender.install.snapshot.enabled = false (custom)
2020-05-29 04:34:36,196 [pool-205-thread-1] INFO  impl.RaftServerImpl (ServerState.java:<init>(103)) - aa25932a-6a64-4821-ab50-8a62713b1302@group-71F5BBEAC783: ConfigurationManager, init=-1: [aa25932a-6a64-4821-ab50-8a62713b1302:172.17.0.2:42017, a1464408-a38b-41bf-a534-bb2a7d246c00:172.17.0.2:44155, c557ac33-ca51-4a07-934d-526037e69701:172.17.0.2:34461], old=null, confs=<EMPTY_MAP>
2020-05-29 04:34:36,196 [pool-205-thread-1] INFO  server.RaftServerConfigKeys (ConfUtils.java:logGet(44)) - raft.server.storage.dir = [/github/workspace/mnt/ozone/hadoop-ozone/integration-test/target/test-dir/MiniOzoneClusterImpl-12d77cfa-a16c-47e6-aadc-9eca5b4227e3/datanode-2/data/ratis] (custom)
2020-05-29 04:34:36,196 [pool-205-thread-1] INFO  server.RaftServerConfigKeys (ConfUtils.java:logGet(44)) - raft.server.log.corruption.policy = EXCEPTION (default)
2020-05-29 04:34:36,196 [pool-205-thread-1] INFO  storage.RaftStorageDirectory (RaftStorageDirectory.java:analyzeStorage(261)) - The storage directory /github/workspace/mnt/ozone/hadoop-ozone/integration-test/target/test-dir/MiniOzoneClusterImpl-12d77cfa-a16c-47e6-aadc-9eca5b4227e3/datanode-2/data/ratis/80e053d9-1962-4bf8-ad22-71f5bbeac783 does not exist. Creating ...
2020-05-29 04:34:36,197 [pool-205-thread-1] INFO  storage.RaftStorageDirectory (RaftStorageDirectory.java:tryLock(343)) - Lock on /github/workspace/mnt/ozone/hadoop-ozone/integration-test/target/test-dir/MiniOzoneClusterImpl-12d77cfa-a16c-47e6-aadc-9eca5b4227e3/datanode-2/data/ratis/80e053d9-1962-4bf8-ad22-71f5bbeac783/in_use.lock acquired by nodename 48206@69c943251111
2020-05-29 04:34:36,198 [pool-205-thread-1] INFO  storage.RaftStorage (RaftStorage.java:format(84)) - Storage directory /github/workspace/mnt/ozone/hadoop-ozone/integration-test/target/test-dir/MiniOzoneClusterImpl-12d77cfa-a16c-47e6-aadc-9eca5b4227e3/datanode-2/data/ratis/80e053d9-1962-4bf8-ad22-71f5bbeac783 has been successfully formatted.
2020-05-29 04:34:36,202 [pool-189-thread-1] INFO  util.JmxRegister (JmxRegister.java:tryRegister(44)) - Successfully registered JMX Bean with object name Ratis:service=RaftServer,group=group-99B83BEBA03F,id=a1464408-a38b-41bf-a534-bb2a7d246c00
2020-05-29 04:34:36,202 [pool-189-thread-1] INFO  metrics.RatisMetrics (RatisMetrics.java:lambda$create$0(39)) - Creating Metrics Registry : ratis.state_machine.a1464408-a38b-41bf-a534-bb2a7d246c00@group-99B83BEBA03F
2020-05-29 04:34:36,202 [Command processor thread] INFO  commandhandler.CreatePipelineCommandHandler (CreatePipelineCommandHandler.java:handle(109)) - Created Pipeline RATIS ONE #id: "bdc74018-8291-418a-abdc-99b83beba03f"
.
2020-05-29 04:34:36,206 [pool-205-thread-1] INFO  ratis.ContainerStateMachine (ContainerStateMachine.java:loadSnapshot(226)) - group-71F5BBEAC783: The snapshot info is null. Setting the last applied indexto:(t:0, i:~)
2020-05-29 04:34:36,206 [pool-205-thread-1] INFO  server.RaftServerConfigKeys (ConfUtils.java:logGet(44)) - raft.server.notification.no-leader.timeout = 60s (default)
2020-05-29 04:34:36,206 [pool-205-thread-1] INFO  server.RaftServerConfigKeys (ConfUtils.java:logGet(44)) - raft.server.log.use.memory = false (default)
2020-05-29 04:34:36,206 [pool-205-thread-1] INFO  server.RaftServerConfigKeys (ConfUtils.java:logGet(44)) - raft.server.log.purge.gap = 1000000 (custom)
2020-05-29 04:34:36,206 [pool-205-thread-1] INFO  server.RaftServerConfigKeys (ConfUtils.java:logGet(44)) - raft.server.log.appender.buffer.byte-limit = 33554432 (custom)
2020-05-29 04:34:36,206 [pool-205-thread-1] INFO  server.RaftServerConfigKeys (ConfUtils.java:logGet(44)) - raft.server.log.segment.size.max = 1048576 (custom)
2020-05-29 04:34:36,207 [pool-205-thread-1] INFO  metrics.RatisMetrics (RatisMetrics.java:lambda$create$0(39)) - Creating Metrics Registry : ratis.log_worker.aa25932a-6a64-4821-ab50-8a62713b1302
2020-05-29 04:34:36,210 [pool-205-thread-1] INFO  server.RaftServerConfigKeys (ConfUtils.java:logGet(44)) - raft.server.log.segment.cache.num.max = 2 (custom)
2020-05-29 04:34:36,210 [pool-205-thread-1] INFO  segmented.SegmentedRaftLogWorker (SegmentedRaftLogWorker.java:<init>(176)) - new aa25932a-6a64-4821-ab50-8a62713b1302@group-71F5BBEAC783-SegmentedRaftLogWorker for RaftStorage:Storage Directory /github/workspace/mnt/ozone/hadoop-ozone/integration-test/target/test-dir/MiniOzoneClusterImpl-12d77cfa-a16c-47e6-aadc-9eca5b4227e3/datanode-2/data/ratis/80e053d9-1962-4bf8-ad22-71f5bbeac783
2020-05-29 04:34:36,210 [pool-205-thread-1] INFO  server.RaftServerConfigKeys (ConfUtils.java:logGet(44)) - raft.server.log.queue.byte-limit = 2147483647 (custom)
2020-05-29 04:34:36,211 [pool-205-thread-1] INFO  server.RaftServerConfigKeys (ConfUtils.java:logGet(44)) - raft.server.log.queue.element-limit = 1024 (custom)
2020-05-29 04:34:36,211 [pool-205-thread-1] INFO  server.RaftServerConfigKeys (ConfUtils.java:logGet(44)) - raft.server.log.segment.size.max = 1048576 (custom)
2020-05-29 04:34:36,211 [pool-205-thread-1] INFO  server.RaftServerConfigKeys (ConfUtils.java:logGet(44)) - raft.server.log.preallocated.size = 16384 (custom)
2020-05-29 04:34:36,211 [pool-205-thread-1] INFO  server.RaftServerConfigKeys (ConfUtils.java:logGet(44)) - raft.server.log.write.buffer.size = 1048576 (custom)
2020-05-29 04:34:36,211 [pool-205-thread-1] INFO  server.RaftServerConfigKeys (ConfUtils.java:logGet(44)) - raft.server.log.force.sync.num = 128 (default)
2020-05-29 04:34:36,211 [pool-205-thread-1] INFO  server.RaftServerConfigKeys (ConfUtils.java:logGet(44)) - raft.server.log.statemachine.data.sync = true (default)
2020-05-29 04:34:36,211 [pool-205-thread-1] INFO  server.RaftServerConfigKeys (ConfUtils.java:logGet(44)) - raft.server.log.statemachine.data.sync.timeout = 10s (default)
2020-05-29 04:34:36,211 [pool-205-thread-1] INFO  server.RaftServerConfigKeys (ConfUtils.java:logGet(44)) - raft.server.log.statemachine.data.sync.timeout.retry = -1 (default)
2020-05-29 04:34:36,213 [pool-205-thread-1] INFO  server.RaftServerConfigKeys (ConfUtils.java:logGet(44)) - raft.server.log.statemachine.data.caching.enabled = true (custom)
2020-05-29 04:34:36,213 [pool-205-thread-1] INFO  segmented.SegmentedRaftLogWorker (SegmentedRaftLogWorker.java:lambda$new$0(129)) - aa25932a-6a64-4821-ab50-8a62713b1302@group-71F5BBEAC783-SegmentedRaftLogWorker: flushIndex: setUnconditionally 0 -> -1
2020-05-29 04:34:36,215 [pool-205-thread-1] INFO  server.RaftServerConfigKeys (ConfUtils.java:logGet(44)) - raft.server.snapshot.auto.trigger.enabled = true (custom)
2020-05-29 04:34:36,215 [pool-205-thread-1] INFO  server.RaftServerConfigKeys (ConfUtils.java:logGet(44)) - raft.server.snapshot.auto.trigger.threshold = 10000 (custom)
2020-05-29 04:34:36,215 [pool-205-thread-1] INFO  server.RaftServerConfigKeys (ConfUtils.java:logGet(44)) - raft.server.snapshot.retention.file.num = 5 (custom)
2020-05-29 04:34:36,215 [pool-205-thread-1] INFO  server.RaftServerConfigKeys (ConfUtils.java:logGet(44)) - raft.server.log.purge.upto.snapshot.index = false (default)
2020-05-29 04:34:36,215 [pool-205-thread-1] INFO  server.RaftServerConfigKeys (ConfUtils.java:logGet(44)) - raft.server.retrycache.expirytime = 600000ms (custom)
2020-05-29 04:34:36,215 [pool-205-thread-1] INFO  metrics.RatisMetrics (RatisMetrics.java:lambda$create$0(39)) - Creating Metrics Registry : ratis.leader_election.aa25932a-6a64-4821-ab50-8a62713b1302@group-71F5BBEAC783
2020-05-29 04:34:36,216 [pool-205-thread-1] INFO  metrics.RatisMetrics (RatisMetrics.java:lambda$create$0(39)) - Creating Metrics Registry : ratis.server.aa25932a-6a64-4821-ab50-8a62713b1302@group-71F5BBEAC783
2020-05-29 04:34:36,217 [pool-205-thread-1] INFO  impl.RaftServerImpl (RaftServerImpl.java:start(184)) - aa25932a-6a64-4821-ab50-8a62713b1302@group-71F5BBEAC783: start as a follower, conf=-1: [aa25932a-6a64-4821-ab50-8a62713b1302:172.17.0.2:42017, a1464408-a38b-41bf-a534-bb2a7d246c00:172.17.0.2:44155, c557ac33-ca51-4a07-934d-526037e69701:172.17.0.2:34461], old=null
2020-05-29 04:34:36,217 [pool-205-thread-1] INFO  impl.RaftServerImpl (RaftServerImpl.java:setRole(173)) - aa25932a-6a64-4821-ab50-8a62713b1302@group-71F5BBEAC783: changes role from      null to FOLLOWER at term 0 for startAsFollower
2020-05-29 04:34:36,217 [pool-205-thread-1] INFO  impl.RoleInfo (RoleInfo.java:updateAndGet(143)) - aa25932a-6a64-4821-ab50-8a62713b1302: start FollowerState
2020-05-29 04:34:36,222 [pool-205-thread-1] INFO  util.JmxRegister (JmxRegister.java:tryRegister(44)) - Successfully registered JMX Bean with object name Ratis:service=RaftServer,group=group-71F5BBEAC783,id=aa25932a-6a64-4821-ab50-8a62713b1302
2020-05-29 04:34:36,222 [pool-205-thread-1] INFO  metrics.RatisMetrics (RatisMetrics.java:lambda$create$0(39)) - Creating Metrics Registry : ratis.state_machine.aa25932a-6a64-4821-ab50-8a62713b1302@group-71F5BBEAC783
2020-05-29 04:34:36,230 [Command processor thread] INFO  impl.RaftServerProxy (RaftServerProxy.java:addNew(89)) - aa25932a-6a64-4821-ab50-8a62713b1302: addNew group-2ED2D56B9C4A:[aa25932a-6a64-4821-ab50-8a62713b1302:172.17.0.2:42017] returns group-2ED2D56B9C4A:java.util.concurrent.CompletableFuture@79e214a4[Not completed]
2020-05-29 04:34:36,230 [pool-205-thread-1] INFO  impl.RaftServerImpl (RaftServerImpl.java:<init>(98)) - aa25932a-6a64-4821-ab50-8a62713b1302: new RaftServerImpl for group-2ED2D56B9C4A:[aa25932a-6a64-4821-ab50-8a62713b1302:172.17.0.2:42017] with ContainerStateMachine:uninitialized
2020-05-29 04:34:36,231 [pool-205-thread-1] INFO  server.RaftServerConfigKeys (ConfUtils.java:logGet(44)) - raft.server.rpc.timeout.min = 5s (custom)
2020-05-29 04:34:36,231 [pool-205-thread-1] INFO  server.RaftServerConfigKeys (ConfUtils.java:logGet(44)) - raft.server.rpc.timeout.max = 5200ms (custom)
2020-05-29 04:34:36,231 [pool-205-thread-1] INFO  server.RaftServerConfigKeys (ConfUtils.java:logGet(44)) - raft.server.rpcslowness.timeout = 300s (custom)
2020-05-29 04:34:36,231 [pool-205-thread-1] INFO  server.RaftServerConfigKeys (ConfUtils.java:logGet(44)) - raft.server.sleep.deviation.threshold = 300 (default)
2020-05-29 04:34:36,231 [pool-205-thread-1] INFO  server.RaftServerConfigKeys (ConfUtils.java:logGet(44)) - raft.server.log.appender.install.snapshot.enabled = false (custom)
2020-05-29 04:34:36,231 [pool-205-thread-1] INFO  impl.RaftServerImpl (ServerState.java:<init>(103)) - aa25932a-6a64-4821-ab50-8a62713b1302@group-2ED2D56B9C4A: ConfigurationManager, init=-1: [aa25932a-6a64-4821-ab50-8a62713b1302:172.17.0.2:42017], old=null, confs=<EMPTY_MAP>
2020-05-29 04:34:36,231 [pool-205-thread-1] INFO  server.RaftServerConfigKeys (ConfUtils.java:logGet(44)) - raft.server.storage.dir = [/github/workspace/mnt/ozone/hadoop-ozone/integration-test/target/test-dir/MiniOzoneClusterImpl-12d77cfa-a16c-47e6-aadc-9eca5b4227e3/datanode-2/data/ratis] (custom)
2020-05-29 04:34:36,231 [pool-205-thread-1] INFO  server.RaftServerConfigKeys (ConfUtils.java:logGet(44)) - raft.server.log.corruption.policy = EXCEPTION (default)
2020-05-29 04:34:36,231 [pool-205-thread-1] INFO  storage.RaftStorageDirectory (RaftStorageDirectory.java:analyzeStorage(261)) - The storage directory /github/workspace/mnt/ozone/hadoop-ozone/integration-test/target/test-dir/MiniOzoneClusterImpl-12d77cfa-a16c-47e6-aadc-9eca5b4227e3/datanode-2/data/ratis/35af6e30-92c0-4121-bfea-2ed2d56b9c4a does not exist. Creating ...
2020-05-29 04:34:36,233 [Command processor thread] INFO  commandhandler.CreatePipelineCommandHandler (CreatePipelineCommandHandler.java:handle(109)) - Created Pipeline RATIS THREE #id: "80e053d9-1962-4bf8-ad22-71f5bbeac783"
.
2020-05-29 04:34:36,233 [pool-205-thread-1] INFO  storage.RaftStorageDirectory (RaftStorageDirectory.java:tryLock(343)) - Lock on /github/workspace/mnt/ozone/hadoop-ozone/integration-test/target/test-dir/MiniOzoneClusterImpl-12d77cfa-a16c-47e6-aadc-9eca5b4227e3/datanode-2/data/ratis/35af6e30-92c0-4121-bfea-2ed2d56b9c4a/in_use.lock acquired by nodename 48206@69c943251111
2020-05-29 04:34:36,234 [pool-205-thread-1] INFO  storage.RaftStorage (RaftStorage.java:format(84)) - Storage directory /github/workspace/mnt/ozone/hadoop-ozone/integration-test/target/test-dir/MiniOzoneClusterImpl-12d77cfa-a16c-47e6-aadc-9eca5b4227e3/datanode-2/data/ratis/35af6e30-92c0-4121-bfea-2ed2d56b9c4a has been successfully formatted.
2020-05-29 04:34:36,235 [pool-205-thread-1] INFO  ratis.ContainerStateMachine (ContainerStateMachine.java:loadSnapshot(226)) - group-2ED2D56B9C4A: The snapshot info is null. Setting the last applied indexto:(t:0, i:~)
2020-05-29 04:34:36,235 [pool-205-thread-1] INFO  server.RaftServerConfigKeys (ConfUtils.java:logGet(44)) - raft.server.notification.no-leader.timeout = 60s (default)
2020-05-29 04:34:36,235 [pool-205-thread-1] INFO  server.RaftServerConfigKeys (ConfUtils.java:logGet(44)) - raft.server.log.use.memory = false (default)
2020-05-29 04:34:36,235 [pool-205-thread-1] INFO  server.RaftServerConfigKeys (ConfUtils.java:logGet(44)) - raft.server.log.purge.gap = 1000000 (custom)
2020-05-29 04:34:36,235 [EventQueue-PipelineReportForPipelineReportHandler] INFO  pipeline.PipelineStateManager (PipelineStateManager.java:openPipeline(131)) - Pipeline Pipeline[ Id: 35af6e30-92c0-4121-bfea-2ed2d56b9c4a, Nodes: aa25932a-6a64-4821-ab50-8a62713b1302{ip: 172.17.0.2, host: 69c943251111, networkLocation: /default-rack, certSerialId: null}, Type:RATIS, Factor:ONE, State:ALLOCATED, leaderId:aa25932a-6a64-4821-ab50-8a62713b1302, CreationTimestamp2020-05-29T04:34:33.231Z] moved to OPEN state
2020-05-29 04:34:36,235 [EventQueue-OpenPipelineForOneReplicaPipelineSafeModeRule] INFO  safemode.SCMSafeModeManager (SCMSafeModeManager.java:validateSafeModeExitRules(213)) - AtleastOneDatanodeReportedRule rule is successfully validated
2020-05-29 04:34:36,236 [EventQueue-OpenPipelineForHealthyPipelineSafeModeRule] INFO  safemode.SCMSafeModeManager (HealthyPipelineSafeModeRule.java:process(132)) - SCM in safe mode. Healthy pipelines reported count is 0, required healthy pipeline reported count is 1
2020-05-29 04:34:36,236 [pool-205-thread-1] INFO  server.RaftServerConfigKeys (ConfUtils.java:logGet(44)) - raft.server.log.appender.buffer.byte-limit = 33554432 (custom)
2020-05-29 04:34:36,236 [pool-205-thread-1] INFO  server.RaftServerConfigKeys (ConfUtils.java:logGet(44)) - raft.server.log.segment.size.max = 1048576 (custom)
2020-05-29 04:34:36,236 [pool-205-thread-1] INFO  server.RaftServerConfigKeys (ConfUtils.java:logGet(44)) - raft.server.log.segment.cache.num.max = 2 (custom)
2020-05-29 04:34:36,236 [pool-205-thread-1] INFO  segmented.SegmentedRaftLogWorker (SegmentedRaftLogWorker.java:<init>(176)) - new aa25932a-6a64-4821-ab50-8a62713b1302@group-2ED2D56B9C4A-SegmentedRaftLogWorker for RaftStorage:Storage Directory /github/workspace/mnt/ozone/hadoop-ozone/integration-test/target/test-dir/MiniOzoneClusterImpl-12d77cfa-a16c-47e6-aadc-9eca5b4227e3/datanode-2/data/ratis/35af6e30-92c0-4121-bfea-2ed2d56b9c4a
2020-05-29 04:34:36,236 [pool-205-thread-1] INFO  server.RaftServerConfigKeys (ConfUtils.java:logGet(44)) - raft.server.log.queue.byte-limit = 2147483647 (custom)
2020-05-29 04:34:36,236 [pool-205-thread-1] INFO  server.RaftServerConfigKeys (ConfUtils.java:logGet(44)) - raft.server.log.queue.element-limit = 1024 (custom)
2020-05-29 04:34:36,236 [pool-205-thread-1] INFO  server.RaftServerConfigKeys (ConfUtils.java:logGet(44)) - raft.server.log.segment.size.max = 1048576 (custom)
2020-05-29 04:34:36,236 [pool-205-thread-1] INFO  server.RaftServerConfigKeys (ConfUtils.java:logGet(44)) - raft.server.log.preallocated.size = 16384 (custom)
2020-05-29 04:34:36,236 [pool-205-thread-1] INFO  server.RaftServerConfigKeys (ConfUtils.java:logGet(44)) - raft.server.log.write.buffer.size = 1048576 (custom)
2020-05-29 04:34:36,236 [pool-205-thread-1] INFO  server.RaftServerConfigKeys (ConfUtils.java:logGet(44)) - raft.server.log.force.sync.num = 128 (default)
2020-05-29 04:34:36,237 [pool-205-thread-1] INFO  server.RaftServerConfigKeys (ConfUtils.java:logGet(44)) - raft.server.log.statemachine.data.sync = true (default)
2020-05-29 04:34:36,237 [pool-205-thread-1] INFO  server.RaftServerConfigKeys (ConfUtils.java:logGet(44)) - raft.server.log.statemachine.data.sync.timeout = 10s (default)
2020-05-29 04:34:36,237 [pool-205-thread-1] INFO  server.RaftServerConfigKeys (ConfUtils.java:logGet(44)) - raft.server.log.statemachine.data.sync.timeout.retry = -1 (default)
2020-05-29 04:34:36,237 [pool-205-thread-1] INFO  server.RaftServerConfigKeys (ConfUtils.java:logGet(44)) - raft.server.log.statemachine.data.caching.enabled = true (custom)
2020-05-29 04:34:36,238 [pool-205-thread-1] INFO  segmented.SegmentedRaftLogWorker (SegmentedRaftLogWorker.java:lambda$new$0(129)) - aa25932a-6a64-4821-ab50-8a62713b1302@group-2ED2D56B9C4A-SegmentedRaftLogWorker: flushIndex: setUnconditionally 0 -> -1
2020-05-29 04:34:36,238 [pool-205-thread-1] INFO  server.RaftServerConfigKeys (ConfUtils.java:logGet(44)) - raft.server.snapshot.auto.trigger.enabled = true (custom)
2020-05-29 04:34:36,238 [pool-205-thread-1] INFO  server.RaftServerConfigKeys (ConfUtils.java:logGet(44)) - raft.server.snapshot.auto.trigger.threshold = 10000 (custom)
2020-05-29 04:34:36,238 [pool-205-thread-1] INFO  server.RaftServerConfigKeys (ConfUtils.java:logGet(44)) - raft.server.snapshot.retention.file.num = 5 (custom)
2020-05-29 04:34:36,238 [pool-205-thread-1] INFO  server.RaftServerConfigKeys (ConfUtils.java:logGet(44)) - raft.server.log.purge.upto.snapshot.index = false (default)
2020-05-29 04:34:36,238 [pool-205-thread-1] INFO  server.RaftServerConfigKeys (ConfUtils.java:logGet(44)) - raft.server.retrycache.expirytime = 600000ms (custom)
2020-05-29 04:34:36,238 [pool-205-thread-1] INFO  metrics.RatisMetrics (RatisMetrics.java:lambda$create$0(39)) - Creating Metrics Registry : ratis.leader_election.aa25932a-6a64-4821-ab50-8a62713b1302@group-2ED2D56B9C4A
2020-05-29 04:34:36,239 [pool-205-thread-1] INFO  metrics.RatisMetrics (RatisMetrics.java:lambda$create$0(39)) - Creating Metrics Registry : ratis.server.aa25932a-6a64-4821-ab50-8a62713b1302@group-2ED2D56B9C4A
2020-05-29 04:34:36,239 [pool-205-thread-1] INFO  impl.RaftServerImpl (RaftServerImpl.java:start(184)) - aa25932a-6a64-4821-ab50-8a62713b1302@group-2ED2D56B9C4A: start as a follower, conf=-1: [aa25932a-6a64-4821-ab50-8a62713b1302:172.17.0.2:42017], old=null
2020-05-29 04:34:36,239 [pool-205-thread-1] INFO  impl.RaftServerImpl (RaftServerImpl.java:setRole(173)) - aa25932a-6a64-4821-ab50-8a62713b1302@group-2ED2D56B9C4A: changes role from      null to FOLLOWER at term 0 for startAsFollower
2020-05-29 04:34:36,240 [pool-205-thread-1] INFO  impl.RoleInfo (RoleInfo.java:updateAndGet(143)) - aa25932a-6a64-4821-ab50-8a62713b1302: start FollowerState
2020-05-29 04:34:36,243 [pool-205-thread-1] INFO  util.JmxRegister (JmxRegister.java:tryRegister(44)) - Successfully registered JMX Bean with object name Ratis:service=RaftServer,group=group-2ED2D56B9C4A,id=aa25932a-6a64-4821-ab50-8a62713b1302
2020-05-29 04:34:36,243 [pool-205-thread-1] INFO  metrics.RatisMetrics (RatisMetrics.java:lambda$create$0(39)) - Creating Metrics Registry : ratis.state_machine.aa25932a-6a64-4821-ab50-8a62713b1302@group-2ED2D56B9C4A
2020-05-29 04:34:36,244 [Command processor thread] INFO  commandhandler.CreatePipelineCommandHandler (CreatePipelineCommandHandler.java:handle(109)) - Created Pipeline RATIS ONE #id: "35af6e30-92c0-4121-bfea-2ed2d56b9c4a"
.
2020-05-29 04:34:36,287 [Command processor thread] INFO  impl.RaftServerProxy (RaftServerProxy.java:addNew(89)) - 0a22fcba-fb9d-428a-bab5-12cc3aa51c00: addNew group-1BBF15D29533:[0a22fcba-fb9d-428a-bab5-12cc3aa51c00:172.17.0.2:41787] returns group-1BBF15D29533:java.util.concurrent.CompletableFuture@66eb93e7[Not completed]
2020-05-29 04:34:36,290 [pool-221-thread-1] INFO  impl.RaftServerImpl (RaftServerImpl.java:<init>(98)) - 0a22fcba-fb9d-428a-bab5-12cc3aa51c00: new RaftServerImpl for group-1BBF15D29533:[0a22fcba-fb9d-428a-bab5-12cc3aa51c00:172.17.0.2:41787] with ContainerStateMachine:uninitialized
2020-05-29 04:34:36,290 [pool-221-thread-1] INFO  server.RaftServerConfigKeys (ConfUtils.java:logGet(44)) - raft.server.rpc.timeout.min = 5s (custom)
2020-05-29 04:34:36,290 [pool-221-thread-1] INFO  server.RaftServerConfigKeys (ConfUtils.java:logGet(44)) - raft.server.rpc.timeout.max = 5200ms (custom)
2020-05-29 04:34:36,290 [pool-221-thread-1] INFO  server.RaftServerConfigKeys (ConfUtils.java:logGet(44)) - raft.server.rpcslowness.timeout = 300s (custom)
2020-05-29 04:34:36,290 [pool-221-thread-1] INFO  server.RaftServerConfigKeys (ConfUtils.java:logGet(44)) - raft.server.sleep.deviation.threshold = 300 (default)
2020-05-29 04:34:36,290 [pool-221-thread-1] INFO  server.RaftServerConfigKeys (ConfUtils.java:logGet(44)) - raft.server.log.appender.install.snapshot.enabled = false (custom)
2020-05-29 04:34:36,290 [pool-221-thread-1] INFO  impl.RaftServerImpl (ServerState.java:<init>(103)) - 0a22fcba-fb9d-428a-bab5-12cc3aa51c00@group-1BBF15D29533: ConfigurationManager, init=-1: [0a22fcba-fb9d-428a-bab5-12cc3aa51c00:172.17.0.2:41787], old=null, confs=<EMPTY_MAP>
2020-05-29 04:34:36,290 [pool-221-thread-1] INFO  server.RaftServerConfigKeys (ConfUtils.java:logGet(44)) - raft.server.storage.dir = [/github/workspace/mnt/ozone/hadoop-ozone/integration-test/target/test-dir/MiniOzoneClusterImpl-12d77cfa-a16c-47e6-aadc-9eca5b4227e3/datanode-3/data/ratis] (custom)
2020-05-29 04:34:36,291 [pool-221-thread-1] INFO  server.RaftServerConfigKeys (ConfUtils.java:logGet(44)) - raft.server.log.corruption.policy = EXCEPTION (default)
2020-05-29 04:34:36,291 [pool-221-thread-1] INFO  storage.RaftStorageDirectory (RaftStorageDirectory.java:analyzeStorage(261)) - The storage directory /github/workspace/mnt/ozone/hadoop-ozone/integration-test/target/test-dir/MiniOzoneClusterImpl-12d77cfa-a16c-47e6-aadc-9eca5b4227e3/datanode-3/data/ratis/a79edf97-b371-4392-aa9c-1bbf15d29533 does not exist. Creating ...
2020-05-29 04:34:36,292 [pool-221-thread-1] INFO  storage.RaftStorageDirectory (RaftStorageDirectory.java:tryLock(343)) - Lock on /github/workspace/mnt/ozone/hadoop-ozone/integration-test/target/test-dir/MiniOzoneClusterImpl-12d77cfa-a16c-47e6-aadc-9eca5b4227e3/datanode-3/data/ratis/a79edf97-b371-4392-aa9c-1bbf15d29533/in_use.lock acquired by nodename 48206@69c943251111
2020-05-29 04:34:36,293 [pool-221-thread-1] INFO  storage.RaftStorage (RaftStorage.java:format(84)) - Storage directory /github/workspace/mnt/ozone/hadoop-ozone/integration-test/target/test-dir/MiniOzoneClusterImpl-12d77cfa-a16c-47e6-aadc-9eca5b4227e3/datanode-3/data/ratis/a79edf97-b371-4392-aa9c-1bbf15d29533 has been successfully formatted.
2020-05-29 04:34:36,294 [pool-221-thread-1] INFO  ratis.ContainerStateMachine (ContainerStateMachine.java:loadSnapshot(226)) - group-1BBF15D29533: The snapshot info is null. Setting the last applied indexto:(t:0, i:~)
2020-05-29 04:34:36,294 [pool-221-thread-1] INFO  server.RaftServerConfigKeys (ConfUtils.java:logGet(44)) - raft.server.notification.no-leader.timeout = 60s (default)
2020-05-29 04:34:36,294 [pool-221-thread-1] INFO  server.RaftServerConfigKeys (ConfUtils.java:logGet(44)) - raft.server.log.use.memory = false (default)
2020-05-29 04:34:36,294 [pool-221-thread-1] INFO  server.RaftServerConfigKeys (ConfUtils.java:logGet(44)) - raft.server.log.purge.gap = 1000000 (custom)
2020-05-29 04:34:36,294 [pool-221-thread-1] INFO  server.RaftServerConfigKeys (ConfUtils.java:logGet(44)) - raft.server.log.appender.buffer.byte-limit = 33554432 (custom)
2020-05-29 04:34:36,294 [pool-221-thread-1] INFO  server.RaftServerConfigKeys (ConfUtils.java:logGet(44)) - raft.server.log.segment.size.max = 1048576 (custom)
2020-05-29 04:34:36,294 [pool-221-thread-1] INFO  metrics.RatisMetrics (RatisMetrics.java:lambda$create$0(39)) - Creating Metrics Registry : ratis.log_worker.0a22fcba-fb9d-428a-bab5-12cc3aa51c00
2020-05-29 04:34:36,295 [EventQueue-PipelineReportForPipelineReportHandler] INFO  pipeline.PipelineStateManager (PipelineStateManager.java:openPipeline(131)) - Pipeline Pipeline[ Id: a79edf97-b371-4392-aa9c-1bbf15d29533, Nodes: 0a22fcba-fb9d-428a-bab5-12cc3aa51c00{ip: 172.17.0.2, host: 69c943251111, networkLocation: /default-rack, certSerialId: null}, Type:RATIS, Factor:ONE, State:ALLOCATED, leaderId:0a22fcba-fb9d-428a-bab5-12cc3aa51c00, CreationTimestamp2020-05-29T04:34:33.289Z] moved to OPEN state
2020-05-29 04:34:36,295 [pool-221-thread-1] INFO  server.RaftServerConfigKeys (ConfUtils.java:logGet(44)) - raft.server.log.segment.cache.num.max = 2 (custom)
2020-05-29 04:34:36,295 [EventQueue-OpenPipelineForHealthyPipelineSafeModeRule] INFO  safemode.SCMSafeModeManager (HealthyPipelineSafeModeRule.java:process(132)) - SCM in safe mode. Healthy pipelines reported count is 0, required healthy pipeline reported count is 1
2020-05-29 04:34:36,295 [EventQueue-OpenPipelineForOneReplicaPipelineSafeModeRule] INFO  safemode.SCMSafeModeManager (SCMSafeModeManager.java:validateSafeModeExitRules(213)) - AtleastOneDatanodeReportedRule rule is successfully validated
2020-05-29 04:34:36,295 [pool-221-thread-1] INFO  segmented.SegmentedRaftLogWorker (SegmentedRaftLogWorker.java:<init>(176)) - new 0a22fcba-fb9d-428a-bab5-12cc3aa51c00@group-1BBF15D29533-SegmentedRaftLogWorker for RaftStorage:Storage Directory /github/workspace/mnt/ozone/hadoop-ozone/integration-test/target/test-dir/MiniOzoneClusterImpl-12d77cfa-a16c-47e6-aadc-9eca5b4227e3/datanode-3/data/ratis/a79edf97-b371-4392-aa9c-1bbf15d29533
2020-05-29 04:34:36,295 [pool-221-thread-1] INFO  server.RaftServerConfigKeys (ConfUtils.java:logGet(44)) - raft.server.log.queue.byte-limit = 2147483647 (custom)
2020-05-29 04:34:36,295 [pool-221-thread-1] INFO  server.RaftServerConfigKeys (ConfUtils.java:logGet(44)) - raft.server.log.queue.element-limit = 1024 (custom)
2020-05-29 04:34:36,296 [pool-221-thread-1] INFO  server.RaftServerConfigKeys (ConfUtils.java:logGet(44)) - raft.server.log.segment.size.max = 1048576 (custom)
2020-05-29 04:34:36,296 [pool-221-thread-1] INFO  server.RaftServerConfigKeys (ConfUtils.java:logGet(44)) - raft.server.log.preallocated.size = 16384 (custom)
2020-05-29 04:34:36,296 [pool-221-thread-1] INFO  server.RaftServerConfigKeys (ConfUtils.java:logGet(44)) - raft.server.log.write.buffer.size = 1048576 (custom)
2020-05-29 04:34:36,296 [pool-221-thread-1] INFO  server.RaftServerConfigKeys (ConfUtils.java:logGet(44)) - raft.server.log.force.sync.num = 128 (default)
2020-05-29 04:34:36,296 [pool-221-thread-1] INFO  server.RaftServerConfigKeys (ConfUtils.java:logGet(44)) - raft.server.log.statemachine.data.sync = true (default)
2020-05-29 04:34:36,296 [pool-221-thread-1] INFO  server.RaftServerConfigKeys (ConfUtils.java:logGet(44)) - raft.server.log.statemachine.data.sync.timeout = 10s (default)
2020-05-29 04:34:36,296 [pool-221-thread-1] INFO  server.RaftServerConfigKeys (ConfUtils.java:logGet(44)) - raft.server.log.statemachine.data.sync.timeout.retry = -1 (default)
2020-05-29 04:34:36,297 [pool-221-thread-1] INFO  server.RaftServerConfigKeys (ConfUtils.java:logGet(44)) - raft.server.log.statemachine.data.caching.enabled = true (custom)
2020-05-29 04:34:36,297 [pool-221-thread-1] INFO  segmented.SegmentedRaftLogWorker (SegmentedRaftLogWorker.java:lambda$new$0(129)) - 0a22fcba-fb9d-428a-bab5-12cc3aa51c00@group-1BBF15D29533-SegmentedRaftLogWorker: flushIndex: setUnconditionally 0 -> -1
2020-05-29 04:34:36,297 [pool-221-thread-1] INFO  server.RaftServerConfigKeys (ConfUtils.java:logGet(44)) - raft.server.snapshot.auto.trigger.enabled = true (custom)
2020-05-29 04:34:36,297 [pool-221-thread-1] INFO  server.RaftServerConfigKeys (ConfUtils.java:logGet(44)) - raft.server.snapshot.auto.trigger.threshold = 10000 (custom)
2020-05-29 04:34:36,297 [pool-221-thread-1] INFO  server.RaftServerConfigKeys (ConfUtils.java:logGet(44)) - raft.server.snapshot.retention.file.num = 5 (custom)
2020-05-29 04:34:36,297 [pool-221-thread-1] INFO  server.RaftServerConfigKeys (ConfUtils.java:logGet(44)) - raft.server.log.purge.upto.snapshot.index = false (default)
2020-05-29 04:34:36,297 [pool-221-thread-1] INFO  server.RaftServerConfigKeys (ConfUtils.java:logGet(44)) - raft.server.retrycache.expirytime = 600000ms (custom)
2020-05-29 04:34:36,297 [pool-221-thread-1] INFO  metrics.RatisMetrics (RatisMetrics.java:lambda$create$0(39)) - Creating Metrics Registry : ratis.leader_election.0a22fcba-fb9d-428a-bab5-12cc3aa51c00@group-1BBF15D29533
2020-05-29 04:34:36,298 [pool-221-thread-1] INFO  metrics.RatisMetrics (RatisMetrics.java:lambda$create$0(39)) - Creating Metrics Registry : ratis.server.0a22fcba-fb9d-428a-bab5-12cc3aa51c00@group-1BBF15D29533
2020-05-29 04:34:36,299 [pool-221-thread-1] INFO  impl.RaftServerImpl (RaftServerImpl.java:start(184)) - 0a22fcba-fb9d-428a-bab5-12cc3aa51c00@group-1BBF15D29533: start as a follower, conf=-1: [0a22fcba-fb9d-428a-bab5-12cc3aa51c00:172.17.0.2:41787], old=null
2020-05-29 04:34:36,299 [pool-221-thread-1] INFO  impl.RaftServerImpl (RaftServerImpl.java:setRole(173)) - 0a22fcba-fb9d-428a-bab5-12cc3aa51c00@group-1BBF15D29533: changes role from      null to FOLLOWER at term 0 for startAsFollower
2020-05-29 04:34:36,299 [pool-221-thread-1] INFO  impl.RoleInfo (RoleInfo.java:updateAndGet(143)) - 0a22fcba-fb9d-428a-bab5-12cc3aa51c00: start FollowerState
2020-05-29 04:34:36,301 [pool-221-thread-1] INFO  util.JmxRegister (JmxRegister.java:tryRegister(44)) - Successfully registered JMX Bean with object name Ratis:service=RaftServer,group=group-1BBF15D29533,id=0a22fcba-fb9d-428a-bab5-12cc3aa51c00
2020-05-29 04:34:36,301 [pool-221-thread-1] INFO  metrics.RatisMetrics (RatisMetrics.java:lambda$create$0(39)) - Creating Metrics Registry : ratis.state_machine.0a22fcba-fb9d-428a-bab5-12cc3aa51c00@group-1BBF15D29533
2020-05-29 04:34:36,302 [Command processor thread] INFO  commandhandler.CreatePipelineCommandHandler (CreatePipelineCommandHandler.java:handle(109)) - Created Pipeline RATIS ONE #id: "a79edf97-b371-4392-aa9c-1bbf15d29533"
.
2020-05-29 04:34:36,303 [Command processor thread] INFO  impl.RaftServerProxy (RaftServerProxy.java:addNew(89)) - 0a22fcba-fb9d-428a-bab5-12cc3aa51c00: addNew group-4E530EC14115:[3d5655c8-2b34-4a86-be67-e7382a00f2f8:172.17.0.2:40057, 454b6da0-4653-4c86-b86b-02d358ed533f:172.17.0.2:32861, 0a22fcba-fb9d-428a-bab5-12cc3aa51c00:172.17.0.2:41787] returns group-4E530EC14115:java.util.concurrent.CompletableFuture@62d41be2[Not completed]
2020-05-29 04:34:36,303 [pool-221-thread-1] INFO  impl.RaftServerImpl (RaftServerImpl.java:<init>(98)) - 0a22fcba-fb9d-428a-bab5-12cc3aa51c00: new RaftServerImpl for group-4E530EC14115:[3d5655c8-2b34-4a86-be67-e7382a00f2f8:172.17.0.2:40057, 454b6da0-4653-4c86-b86b-02d358ed533f:172.17.0.2:32861, 0a22fcba-fb9d-428a-bab5-12cc3aa51c00:172.17.0.2:41787] with ContainerStateMachine:uninitialized
2020-05-29 04:34:36,303 [pool-221-thread-1] INFO  server.RaftServerConfigKeys (ConfUtils.java:logGet(44)) - raft.server.rpc.timeout.min = 5s (custom)
2020-05-29 04:34:36,304 [pool-221-thread-1] INFO  server.RaftServerConfigKeys (ConfUtils.java:logGet(44)) - raft.server.rpc.timeout.max = 5200ms (custom)
2020-05-29 04:34:36,304 [pool-221-thread-1] INFO  server.RaftServerConfigKeys (ConfUtils.java:logGet(44)) - raft.server.rpcslowness.timeout = 300s (custom)
2020-05-29 04:34:36,304 [pool-221-thread-1] INFO  server.RaftServerConfigKeys (ConfUtils.java:logGet(44)) - raft.server.sleep.deviation.threshold = 300 (default)
2020-05-29 04:34:36,304 [pool-221-thread-1] INFO  server.RaftServerConfigKeys (ConfUtils.java:logGet(44)) - raft.server.log.appender.install.snapshot.enabled = false (custom)
2020-05-29 04:34:36,304 [pool-221-thread-1] INFO  impl.RaftServerImpl (ServerState.java:<init>(103)) - 0a22fcba-fb9d-428a-bab5-12cc3aa51c00@group-4E530EC14115: ConfigurationManager, init=-1: [3d5655c8-2b34-4a86-be67-e7382a00f2f8:172.17.0.2:40057, 454b6da0-4653-4c86-b86b-02d358ed533f:172.17.0.2:32861, 0a22fcba-fb9d-428a-bab5-12cc3aa51c00:172.17.0.2:41787], old=null, confs=<EMPTY_MAP>
2020-05-29 04:34:36,304 [pool-221-thread-1] INFO  server.RaftServerConfigKeys (ConfUtils.java:logGet(44)) - raft.server.storage.dir = [/github/workspace/mnt/ozone/hadoop-ozone/integration-test/target/test-dir/MiniOzoneClusterImpl-12d77cfa-a16c-47e6-aadc-9eca5b4227e3/datanode-3/data/ratis] (custom)
2020-05-29 04:34:36,304 [pool-221-thread-1] INFO  server.RaftServerConfigKeys (ConfUtils.java:logGet(44)) - raft.server.log.corruption.policy = EXCEPTION (default)
2020-05-29 04:34:36,304 [pool-221-thread-1] INFO  storage.RaftStorageDirectory (RaftStorageDirectory.java:analyzeStorage(261)) - The storage directory /github/workspace/mnt/ozone/hadoop-ozone/integration-test/target/test-dir/MiniOzoneClusterImpl-12d77cfa-a16c-47e6-aadc-9eca5b4227e3/datanode-3/data/ratis/5d9928a4-950c-4955-aa60-4e530ec14115 does not exist. Creating ...
2020-05-29 04:34:36,305 [pool-221-thread-1] INFO  storage.RaftStorageDirectory (RaftStorageDirectory.java:tryLock(343)) - Lock on /github/workspace/mnt/ozone/hadoop-ozone/integration-test/target/test-dir/MiniOzoneClusterImpl-12d77cfa-a16c-47e6-aadc-9eca5b4227e3/datanode-3/data/ratis/5d9928a4-950c-4955-aa60-4e530ec14115/in_use.lock acquired by nodename 48206@69c943251111
2020-05-29 04:34:36,306 [pool-221-thread-1] INFO  storage.RaftStorage (RaftStorage.java:format(84)) - Storage directory /github/workspace/mnt/ozone/hadoop-ozone/integration-test/target/test-dir/MiniOzoneClusterImpl-12d77cfa-a16c-47e6-aadc-9eca5b4227e3/datanode-3/data/ratis/5d9928a4-950c-4955-aa60-4e530ec14115 has been successfully formatted.
2020-05-29 04:34:36,307 [pool-221-thread-1] INFO  ratis.ContainerStateMachine (ContainerStateMachine.java:loadSnapshot(226)) - group-4E530EC14115: The snapshot info is null. Setting the last applied indexto:(t:0, i:~)
2020-05-29 04:34:36,307 [pool-221-thread-1] INFO  server.RaftServerConfigKeys (ConfUtils.java:logGet(44)) - raft.server.notification.no-leader.timeout = 60s (default)
2020-05-29 04:34:36,307 [pool-221-thread-1] INFO  server.RaftServerConfigKeys (ConfUtils.java:logGet(44)) - raft.server.log.use.memory = false (default)
2020-05-29 04:34:36,307 [pool-221-thread-1] INFO  server.RaftServerConfigKeys (ConfUtils.java:logGet(44)) - raft.server.log.purge.gap = 1000000 (custom)
2020-05-29 04:34:36,307 [pool-221-thread-1] INFO  server.RaftServerConfigKeys (ConfUtils.java:logGet(44)) - raft.server.log.appender.buffer.byte-limit = 33554432 (custom)
2020-05-29 04:34:36,307 [pool-221-thread-1] INFO  server.RaftServerConfigKeys (ConfUtils.java:logGet(44)) - raft.server.log.segment.size.max = 1048576 (custom)
2020-05-29 04:34:36,307 [pool-221-thread-1] INFO  server.RaftServerConfigKeys (ConfUtils.java:logGet(44)) - raft.server.log.segment.cache.num.max = 2 (custom)
2020-05-29 04:34:36,307 [pool-221-thread-1] INFO  segmented.SegmentedRaftLogWorker (SegmentedRaftLogWorker.java:<init>(176)) - new 0a22fcba-fb9d-428a-bab5-12cc3aa51c00@group-4E530EC14115-SegmentedRaftLogWorker for RaftStorage:Storage Directory /github/workspace/mnt/ozone/hadoop-ozone/integration-test/target/test-dir/MiniOzoneClusterImpl-12d77cfa-a16c-47e6-aadc-9eca5b4227e3/datanode-3/data/ratis/5d9928a4-950c-4955-aa60-4e530ec14115
2020-05-29 04:34:36,307 [pool-221-thread-1] INFO  server.RaftServerConfigKeys (ConfUtils.java:logGet(44)) - raft.server.log.queue.byte-limit = 2147483647 (custom)
2020-05-29 04:34:36,307 [pool-221-thread-1] INFO  server.RaftServerConfigKeys (ConfUtils.java:logGet(44)) - raft.server.log.queue.element-limit = 1024 (custom)
2020-05-29 04:34:36,307 [pool-221-thread-1] INFO  server.RaftServerConfigKeys (ConfUtils.java:logGet(44)) - raft.server.log.segment.size.max = 1048576 (custom)
2020-05-29 04:34:36,307 [pool-221-thread-1] INFO  server.RaftServerConfigKeys (ConfUtils.java:logGet(44)) - raft.server.log.preallocated.size = 16384 (custom)
2020-05-29 04:34:36,307 [pool-221-thread-1] INFO  server.RaftServerConfigKeys (ConfUtils.java:logGet(44)) - raft.server.log.write.buffer.size = 1048576 (custom)
2020-05-29 04:34:36,307 [pool-221-thread-1] INFO  server.RaftServerConfigKeys (ConfUtils.java:logGet(44)) - raft.server.log.force.sync.num = 128 (default)
2020-05-29 04:34:36,308 [pool-221-thread-1] INFO  server.RaftServerConfigKeys (ConfUtils.java:logGet(44)) - raft.server.log.statemachine.data.sync = true (default)
2020-05-29 04:34:36,308 [pool-221-thread-1] INFO  server.RaftServerConfigKeys (ConfUtils.java:logGet(44)) - raft.server.log.statemachine.data.sync.timeout = 10s (default)
2020-05-29 04:34:36,308 [pool-221-thread-1] INFO  server.RaftServerConfigKeys (ConfUtils.java:logGet(44)) - raft.server.log.statemachine.data.sync.timeout.retry = -1 (default)
2020-05-29 04:34:36,308 [pool-221-thread-1] INFO  server.RaftServerConfigKeys (ConfUtils.java:logGet(44)) - raft.server.log.statemachine.data.caching.enabled = true (custom)
2020-05-29 04:34:36,308 [pool-221-thread-1] INFO  segmented.SegmentedRaftLogWorker (SegmentedRaftLogWorker.java:lambda$new$0(129)) - 0a22fcba-fb9d-428a-bab5-12cc3aa51c00@group-4E530EC14115-SegmentedRaftLogWorker: flushIndex: setUnconditionally 0 -> -1
2020-05-29 04:34:36,312 [pool-221-thread-1] INFO  server.RaftServerConfigKeys (ConfUtils.java:logGet(44)) - raft.server.snapshot.auto.trigger.enabled = true (custom)
2020-05-29 04:34:36,312 [pool-221-thread-1] INFO  server.RaftServerConfigKeys (ConfUtils.java:logGet(44)) - raft.server.snapshot.auto.trigger.threshold = 10000 (custom)
2020-05-29 04:34:36,312 [pool-221-thread-1] INFO  server.RaftServerConfigKeys (ConfUtils.java:logGet(44)) - raft.server.snapshot.retention.file.num = 5 (custom)
2020-05-29 04:34:36,312 [pool-221-thread-1] INFO  server.RaftServerConfigKeys (ConfUtils.java:logGet(44)) - raft.server.log.purge.upto.snapshot.index = false (default)
2020-05-29 04:34:36,312 [pool-221-thread-1] INFO  server.RaftServerConfigKeys (ConfUtils.java:logGet(44)) - raft.server.retrycache.expirytime = 600000ms (custom)
2020-05-29 04:34:36,312 [pool-221-thread-1] INFO  metrics.RatisMetrics (RatisMetrics.java:lambda$create$0(39)) - Creating Metrics Registry : ratis.leader_election.0a22fcba-fb9d-428a-bab5-12cc3aa51c00@group-4E530EC14115
2020-05-29 04:34:36,313 [pool-221-thread-1] INFO  metrics.RatisMetrics (RatisMetrics.java:lambda$create$0(39)) - Creating Metrics Registry : ratis.server.0a22fcba-fb9d-428a-bab5-12cc3aa51c00@group-4E530EC14115
2020-05-29 04:34:36,314 [pool-221-thread-1] INFO  impl.RaftServerImpl (RaftServerImpl.java:start(184)) - 0a22fcba-fb9d-428a-bab5-12cc3aa51c00@group-4E530EC14115: start as a follower, conf=-1: [3d5655c8-2b34-4a86-be67-e7382a00f2f8:172.17.0.2:40057, 454b6da0-4653-4c86-b86b-02d358ed533f:172.17.0.2:32861, 0a22fcba-fb9d-428a-bab5-12cc3aa51c00:172.17.0.2:41787], old=null
2020-05-29 04:34:36,314 [pool-221-thread-1] INFO  impl.RaftServerImpl (RaftServerImpl.java:setRole(173)) - 0a22fcba-fb9d-428a-bab5-12cc3aa51c00@group-4E530EC14115: changes role from      null to FOLLOWER at term 0 for startAsFollower
2020-05-29 04:34:36,314 [pool-221-thread-1] INFO  impl.RoleInfo (RoleInfo.java:updateAndGet(143)) - 0a22fcba-fb9d-428a-bab5-12cc3aa51c00: start FollowerState
2020-05-29 04:34:36,314 [pool-221-thread-1] INFO  util.JmxRegister (JmxRegister.java:tryRegister(44)) - Successfully registered JMX Bean with object name Ratis:service=RaftServer,group=group-4E530EC14115,id=0a22fcba-fb9d-428a-bab5-12cc3aa51c00
2020-05-29 04:34:36,314 [pool-221-thread-1] INFO  metrics.RatisMetrics (RatisMetrics.java:lambda$create$0(39)) - Creating Metrics Registry : ratis.state_machine.0a22fcba-fb9d-428a-bab5-12cc3aa51c00@group-4E530EC14115
2020-05-29 04:34:36,322 [grpc-default-executor-2] INFO  impl.RaftServerProxy (RaftServerProxy.java:addNew(89)) - 454b6da0-4653-4c86-b86b-02d358ed533f: addNew group-4E530EC14115:[3d5655c8-2b34-4a86-be67-e7382a00f2f8:172.17.0.2:40057, 454b6da0-4653-4c86-b86b-02d358ed533f:172.17.0.2:32861, 0a22fcba-fb9d-428a-bab5-12cc3aa51c00:172.17.0.2:41787] returns group-4E530EC14115:java.util.concurrent.CompletableFuture@1a20696e[Not completed]
2020-05-29 04:34:36,323 [pool-237-thread-1] INFO  impl.RaftServerImpl (RaftServerImpl.java:<init>(98)) - 454b6da0-4653-4c86-b86b-02d358ed533f: new RaftServerImpl for group-4E530EC14115:[3d5655c8-2b34-4a86-be67-e7382a00f2f8:172.17.0.2:40057, 454b6da0-4653-4c86-b86b-02d358ed533f:172.17.0.2:32861, 0a22fcba-fb9d-428a-bab5-12cc3aa51c00:172.17.0.2:41787] with ContainerStateMachine:uninitialized
2020-05-29 04:34:36,323 [pool-237-thread-1] INFO  server.RaftServerConfigKeys (ConfUtils.java:logGet(44)) - raft.server.rpc.timeout.min = 5s (custom)
2020-05-29 04:34:36,324 [pool-237-thread-1] INFO  server.RaftServerConfigKeys (ConfUtils.java:logGet(44)) - raft.server.rpc.timeout.max = 5200ms (custom)
2020-05-29 04:34:36,324 [pool-237-thread-1] INFO  server.RaftServerConfigKeys (ConfUtils.java:logGet(44)) - raft.server.rpcslowness.timeout = 300s (custom)
2020-05-29 04:34:36,324 [pool-237-thread-1] INFO  server.RaftServerConfigKeys (ConfUtils.java:logGet(44)) - raft.server.sleep.deviation.threshold = 300 (default)
2020-05-29 04:34:36,324 [pool-237-thread-1] INFO  server.RaftServerConfigKeys (ConfUtils.java:logGet(44)) - raft.server.log.appender.install.snapshot.enabled = false (custom)
2020-05-29 04:34:36,324 [pool-237-thread-1] INFO  impl.RaftServerImpl (ServerState.java:<init>(103)) - 454b6da0-4653-4c86-b86b-02d358ed533f@group-4E530EC14115: ConfigurationManager, init=-1: [3d5655c8-2b34-4a86-be67-e7382a00f2f8:172.17.0.2:40057, 454b6da0-4653-4c86-b86b-02d358ed533f:172.17.0.2:32861, 0a22fcba-fb9d-428a-bab5-12cc3aa51c00:172.17.0.2:41787], old=null, confs=<EMPTY_MAP>
2020-05-29 04:34:36,324 [pool-237-thread-1] INFO  server.RaftServerConfigKeys (ConfUtils.java:logGet(44)) - raft.server.storage.dir = [/github/workspace/mnt/ozone/hadoop-ozone/integration-test/target/test-dir/MiniOzoneClusterImpl-12d77cfa-a16c-47e6-aadc-9eca5b4227e3/datanode-4/data/ratis] (custom)
2020-05-29 04:34:36,324 [pool-237-thread-1] INFO  server.RaftServerConfigKeys (ConfUtils.java:logGet(44)) - raft.server.log.corruption.policy = EXCEPTION (default)
2020-05-29 04:34:36,324 [pool-237-thread-1] INFO  storage.RaftStorageDirectory (RaftStorageDirectory.java:analyzeStorage(261)) - The storage directory /github/workspace/mnt/ozone/hadoop-ozone/integration-test/target/test-dir/MiniOzoneClusterImpl-12d77cfa-a16c-47e6-aadc-9eca5b4227e3/datanode-4/data/ratis/5d9928a4-950c-4955-aa60-4e530ec14115 does not exist. Creating ...
2020-05-29 04:34:36,325 [pool-237-thread-1] INFO  storage.RaftStorageDirectory (RaftStorageDirectory.java:tryLock(343)) - Lock on /github/workspace/mnt/ozone/hadoop-ozone/integration-test/target/test-dir/MiniOzoneClusterImpl-12d77cfa-a16c-47e6-aadc-9eca5b4227e3/datanode-4/data/ratis/5d9928a4-950c-4955-aa60-4e530ec14115/in_use.lock acquired by nodename 48206@69c943251111
2020-05-29 04:34:36,326 [pool-237-thread-1] INFO  storage.RaftStorage (RaftStorage.java:format(84)) - Storage directory /github/workspace/mnt/ozone/hadoop-ozone/integration-test/target/test-dir/MiniOzoneClusterImpl-12d77cfa-a16c-47e6-aadc-9eca5b4227e3/datanode-4/data/ratis/5d9928a4-950c-4955-aa60-4e530ec14115 has been successfully formatted.
2020-05-29 04:34:36,329 [pool-237-thread-1] INFO  ratis.ContainerStateMachine (ContainerStateMachine.java:loadSnapshot(226)) - group-4E530EC14115: The snapshot info is null. Setting the last applied indexto:(t:0, i:~)
2020-05-29 04:34:36,330 [pool-237-thread-1] INFO  server.RaftServerConfigKeys (ConfUtils.java:logGet(44)) - raft.server.notification.no-leader.timeout = 60s (default)
2020-05-29 04:34:36,330 [pool-237-thread-1] INFO  server.RaftServerConfigKeys (ConfUtils.java:logGet(44)) - raft.server.log.use.memory = false (default)
2020-05-29 04:34:36,330 [pool-237-thread-1] INFO  server.RaftServerConfigKeys (ConfUtils.java:logGet(44)) - raft.server.log.purge.gap = 1000000 (custom)
2020-05-29 04:34:36,330 [pool-237-thread-1] INFO  server.RaftServerConfigKeys (ConfUtils.java:logGet(44)) - raft.server.log.appender.buffer.byte-limit = 33554432 (custom)
2020-05-29 04:34:36,330 [pool-237-thread-1] INFO  server.RaftServerConfigKeys (ConfUtils.java:logGet(44)) - raft.server.log.segment.size.max = 1048576 (custom)
2020-05-29 04:34:36,330 [pool-237-thread-1] INFO  metrics.RatisMetrics (RatisMetrics.java:lambda$create$0(39)) - Creating Metrics Registry : ratis.log_worker.454b6da0-4653-4c86-b86b-02d358ed533f
2020-05-29 04:34:36,331 [pool-237-thread-1] INFO  server.RaftServerConfigKeys (ConfUtils.java:logGet(44)) - raft.server.log.segment.cache.num.max = 2 (custom)
2020-05-29 04:34:36,331 [pool-237-thread-1] INFO  segmented.SegmentedRaftLogWorker (SegmentedRaftLogWorker.java:<init>(176)) - new 454b6da0-4653-4c86-b86b-02d358ed533f@group-4E530EC14115-SegmentedRaftLogWorker for RaftStorage:Storage Directory /github/workspace/mnt/ozone/hadoop-ozone/integration-test/target/test-dir/MiniOzoneClusterImpl-12d77cfa-a16c-47e6-aadc-9eca5b4227e3/datanode-4/data/ratis/5d9928a4-950c-4955-aa60-4e530ec14115
2020-05-29 04:34:36,331 [pool-237-thread-1] INFO  server.RaftServerConfigKeys (ConfUtils.java:logGet(44)) - raft.server.log.queue.byte-limit = 2147483647 (custom)
2020-05-29 04:34:36,331 [pool-237-thread-1] INFO  server.RaftServerConfigKeys (ConfUtils.java:logGet(44)) - raft.server.log.queue.element-limit = 1024 (custom)
2020-05-29 04:34:36,331 [pool-237-thread-1] INFO  server.RaftServerConfigKeys (ConfUtils.java:logGet(44)) - raft.server.log.segment.size.max = 1048576 (custom)
2020-05-29 04:34:36,331 [pool-237-thread-1] INFO  server.RaftServerConfigKeys (ConfUtils.java:logGet(44)) - raft.server.log.preallocated.size = 16384 (custom)
2020-05-29 04:34:36,331 [pool-237-thread-1] INFO  server.RaftServerConfigKeys (ConfUtils.java:logGet(44)) - raft.server.log.write.buffer.size = 1048576 (custom)
2020-05-29 04:34:36,331 [pool-237-thread-1] INFO  server.RaftServerConfigKeys (ConfUtils.java:logGet(44)) - raft.server.log.force.sync.num = 128 (default)
2020-05-29 04:34:36,331 [pool-237-thread-1] INFO  server.RaftServerConfigKeys (ConfUtils.java:logGet(44)) - raft.server.log.statemachine.data.sync = true (default)
2020-05-29 04:34:36,331 [pool-237-thread-1] INFO  server.RaftServerConfigKeys (ConfUtils.java:logGet(44)) - raft.server.log.statemachine.data.sync.timeout = 10s (default)
2020-05-29 04:34:36,331 [pool-237-thread-1] INFO  server.RaftServerConfigKeys (ConfUtils.java:logGet(44)) - raft.server.log.statemachine.data.sync.timeout.retry = -1 (default)
2020-05-29 04:34:36,333 [pool-237-thread-1] INFO  server.RaftServerConfigKeys (ConfUtils.java:logGet(44)) - raft.server.log.statemachine.data.caching.enabled = true (custom)
2020-05-29 04:34:36,337 [pool-237-thread-1] INFO  segmented.SegmentedRaftLogWorker (SegmentedRaftLogWorker.java:lambda$new$0(129)) - 454b6da0-4653-4c86-b86b-02d358ed533f@group-4E530EC14115-SegmentedRaftLogWorker: flushIndex: setUnconditionally 0 -> -1
2020-05-29 04:34:36,338 [pool-237-thread-1] INFO  server.RaftServerConfigKeys (ConfUtils.java:logGet(44)) - raft.server.snapshot.auto.trigger.enabled = true (custom)
2020-05-29 04:34:36,338 [pool-237-thread-1] INFO  server.RaftServerConfigKeys (ConfUtils.java:logGet(44)) - raft.server.snapshot.auto.trigger.threshold = 10000 (custom)
2020-05-29 04:34:36,338 [pool-237-thread-1] INFO  server.RaftServerConfigKeys (ConfUtils.java:logGet(44)) - raft.server.snapshot.retention.file.num = 5 (custom)
2020-05-29 04:34:36,338 [pool-237-thread-1] INFO  server.RaftServerConfigKeys (ConfUtils.java:logGet(44)) - raft.server.log.purge.upto.snapshot.index = false (default)
2020-05-29 04:34:36,338 [pool-237-thread-1] INFO  server.RaftServerConfigKeys (ConfUtils.java:logGet(44)) - raft.server.retrycache.expirytime = 600000ms (custom)
2020-05-29 04:34:36,338 [pool-237-thread-1] INFO  metrics.RatisMetrics (RatisMetrics.java:lambda$create$0(39)) - Creating Metrics Registry : ratis.leader_election.454b6da0-4653-4c86-b86b-02d358ed533f@group-4E530EC14115
2020-05-29 04:34:36,339 [pool-237-thread-1] INFO  metrics.RatisMetrics (RatisMetrics.java:lambda$create$0(39)) - Creating Metrics Registry : ratis.server.454b6da0-4653-4c86-b86b-02d358ed533f@group-4E530EC14115
2020-05-29 04:34:36,340 [pool-237-thread-1] INFO  impl.RaftServerImpl (RaftServerImpl.java:start(184)) - 454b6da0-4653-4c86-b86b-02d358ed533f@group-4E530EC14115: start as a follower, conf=-1: [3d5655c8-2b34-4a86-be67-e7382a00f2f8:172.17.0.2:40057, 454b6da0-4653-4c86-b86b-02d358ed533f:172.17.0.2:32861, 0a22fcba-fb9d-428a-bab5-12cc3aa51c00:172.17.0.2:41787], old=null
2020-05-29 04:34:36,340 [pool-237-thread-1] INFO  impl.RaftServerImpl (RaftServerImpl.java:setRole(173)) - 454b6da0-4653-4c86-b86b-02d358ed533f@group-4E530EC14115: changes role from      null to FOLLOWER at term 0 for startAsFollower
2020-05-29 04:34:36,340 [pool-237-thread-1] INFO  impl.RoleInfo (RoleInfo.java:updateAndGet(143)) - 454b6da0-4653-4c86-b86b-02d358ed533f: start FollowerState
2020-05-29 04:34:36,342 [pool-237-thread-1] INFO  util.JmxRegister (JmxRegister.java:tryRegister(44)) - Successfully registered JMX Bean with object name Ratis:service=RaftServer,group=group-4E530EC14115,id=454b6da0-4653-4c86-b86b-02d358ed533f
2020-05-29 04:34:36,342 [pool-237-thread-1] INFO  metrics.RatisMetrics (RatisMetrics.java:lambda$create$0(39)) - Creating Metrics Registry : ratis.state_machine.454b6da0-4653-4c86-b86b-02d358ed533f@group-4E530EC14115
2020-05-29 04:34:36,352 [Command processor thread] INFO  impl.RaftServerProxy (RaftServerProxy.java:addNew(89)) - 454b6da0-4653-4c86-b86b-02d358ed533f: addNew group-BE911AC612AC:[454b6da0-4653-4c86-b86b-02d358ed533f:172.17.0.2:32861] returns group-BE911AC612AC:java.util.concurrent.CompletableFuture@6a12b9e9[Not completed]
2020-05-29 04:34:36,353 [pool-237-thread-1] INFO  impl.RaftServerImpl (RaftServerImpl.java:<init>(98)) - 454b6da0-4653-4c86-b86b-02d358ed533f: new RaftServerImpl for group-BE911AC612AC:[454b6da0-4653-4c86-b86b-02d358ed533f:172.17.0.2:32861] with ContainerStateMachine:uninitialized
2020-05-29 04:34:36,353 [pool-237-thread-1] INFO  server.RaftServerConfigKeys (ConfUtils.java:logGet(44)) - raft.server.rpc.timeout.min = 5s (custom)
2020-05-29 04:34:36,353 [pool-237-thread-1] INFO  server.RaftServerConfigKeys (ConfUtils.java:logGet(44)) - raft.server.rpc.timeout.max = 5200ms (custom)
2020-05-29 04:34:36,353 [pool-237-thread-1] INFO  server.RaftServerConfigKeys (ConfUtils.java:logGet(44)) - raft.server.rpcslowness.timeout = 300s (custom)
2020-05-29 04:34:36,353 [pool-237-thread-1] INFO  server.RaftServerConfigKeys (ConfUtils.java:logGet(44)) - raft.server.sleep.deviation.threshold = 300 (default)
2020-05-29 04:34:36,353 [pool-237-thread-1] INFO  server.RaftServerConfigKeys (ConfUtils.java:logGet(44)) - raft.server.log.appender.install.snapshot.enabled = false (custom)
2020-05-29 04:34:36,353 [pool-237-thread-1] INFO  impl.RaftServerImpl (ServerState.java:<init>(103)) - 454b6da0-4653-4c86-b86b-02d358ed533f@group-BE911AC612AC: ConfigurationManager, init=-1: [454b6da0-4653-4c86-b86b-02d358ed533f:172.17.0.2:32861], old=null, confs=<EMPTY_MAP>
2020-05-29 04:34:36,353 [pool-237-thread-1] INFO  server.RaftServerConfigKeys (ConfUtils.java:logGet(44)) - raft.server.storage.dir = [/github/workspace/mnt/ozone/hadoop-ozone/integration-test/target/test-dir/MiniOzoneClusterImpl-12d77cfa-a16c-47e6-aadc-9eca5b4227e3/datanode-4/data/ratis] (custom)
2020-05-29 04:34:36,354 [pool-237-thread-1] INFO  server.RaftServerConfigKeys (ConfUtils.java:logGet(44)) - raft.server.log.corruption.policy = EXCEPTION (default)
2020-05-29 04:34:36,354 [pool-237-thread-1] INFO  storage.RaftStorageDirectory (RaftStorageDirectory.java:analyzeStorage(261)) - The storage directory /github/workspace/mnt/ozone/hadoop-ozone/integration-test/target/test-dir/MiniOzoneClusterImpl-12d77cfa-a16c-47e6-aadc-9eca5b4227e3/datanode-4/data/ratis/7405b14d-0ed8-49b5-af32-be911ac612ac does not exist. Creating ...
2020-05-29 04:34:36,357 [pool-237-thread-1] INFO  storage.RaftStorageDirectory (RaftStorageDirectory.java:tryLock(343)) - Lock on /github/workspace/mnt/ozone/hadoop-ozone/integration-test/target/test-dir/MiniOzoneClusterImpl-12d77cfa-a16c-47e6-aadc-9eca5b4227e3/datanode-4/data/ratis/7405b14d-0ed8-49b5-af32-be911ac612ac/in_use.lock acquired by nodename 48206@69c943251111
2020-05-29 04:34:36,358 [pool-237-thread-1] INFO  storage.RaftStorage (RaftStorage.java:format(84)) - Storage directory /github/workspace/mnt/ozone/hadoop-ozone/integration-test/target/test-dir/MiniOzoneClusterImpl-12d77cfa-a16c-47e6-aadc-9eca5b4227e3/datanode-4/data/ratis/7405b14d-0ed8-49b5-af32-be911ac612ac has been successfully formatted.
2020-05-29 04:34:36,358 [pool-237-thread-1] INFO  ratis.ContainerStateMachine (ContainerStateMachine.java:loadSnapshot(226)) - group-BE911AC612AC: The snapshot info is null. Setting the last applied indexto:(t:0, i:~)
2020-05-29 04:34:36,358 [pool-237-thread-1] INFO  server.RaftServerConfigKeys (ConfUtils.java:logGet(44)) - raft.server.notification.no-leader.timeout = 60s (default)
2020-05-29 04:34:36,358 [pool-237-thread-1] INFO  server.RaftServerConfigKeys (ConfUtils.java:logGet(44)) - raft.server.log.use.memory = false (default)
2020-05-29 04:34:36,358 [pool-237-thread-1] INFO  server.RaftServerConfigKeys (ConfUtils.java:logGet(44)) - raft.server.log.purge.gap = 1000000 (custom)
2020-05-29 04:34:36,358 [pool-237-thread-1] INFO  server.RaftServerConfigKeys (ConfUtils.java:logGet(44)) - raft.server.log.appender.buffer.byte-limit = 33554432 (custom)
2020-05-29 04:34:36,358 [pool-237-thread-1] INFO  server.RaftServerConfigKeys (ConfUtils.java:logGet(44)) - raft.server.log.segment.size.max = 1048576 (custom)
2020-05-29 04:34:36,359 [pool-237-thread-1] INFO  server.RaftServerConfigKeys (ConfUtils.java:logGet(44)) - raft.server.log.segment.cache.num.max = 2 (custom)
2020-05-29 04:34:36,359 [EventQueue-PipelineReportForPipelineReportHandler] INFO  pipeline.PipelineStateManager (PipelineStateManager.java:openPipeline(131)) - Pipeline Pipeline[ Id: 7405b14d-0ed8-49b5-af32-be911ac612ac, Nodes: 454b6da0-4653-4c86-b86b-02d358ed533f{ip: 172.17.0.2, host: 69c943251111, networkLocation: /default-rack, certSerialId: null}, Type:RATIS, Factor:ONE, State:ALLOCATED, leaderId:454b6da0-4653-4c86-b86b-02d358ed533f, CreationTimestamp2020-05-29T04:34:33.353Z] moved to OPEN state
2020-05-29 04:34:36,359 [pool-237-thread-1] INFO  segmented.SegmentedRaftLogWorker (SegmentedRaftLogWorker.java:<init>(176)) - new 454b6da0-4653-4c86-b86b-02d358ed533f@group-BE911AC612AC-SegmentedRaftLogWorker for RaftStorage:Storage Directory /github/workspace/mnt/ozone/hadoop-ozone/integration-test/target/test-dir/MiniOzoneClusterImpl-12d77cfa-a16c-47e6-aadc-9eca5b4227e3/datanode-4/data/ratis/7405b14d-0ed8-49b5-af32-be911ac612ac
2020-05-29 04:34:36,359 [pool-237-thread-1] INFO  server.RaftServerConfigKeys (ConfUtils.java:logGet(44)) - raft.server.log.queue.byte-limit = 2147483647 (custom)
2020-05-29 04:34:36,359 [pool-237-thread-1] INFO  server.RaftServerConfigKeys (ConfUtils.java:logGet(44)) - raft.server.log.queue.element-limit = 1024 (custom)
2020-05-29 04:34:36,359 [EventQueue-OpenPipelineForHealthyPipelineSafeModeRule] INFO  safemode.SCMSafeModeManager (HealthyPipelineSafeModeRule.java:process(132)) - SCM in safe mode. Healthy pipelines reported count is 0, required healthy pipeline reported count is 1
2020-05-29 04:34:36,359 [EventQueue-OpenPipelineForOneReplicaPipelineSafeModeRule] INFO  safemode.SCMSafeModeManager (SCMSafeModeManager.java:validateSafeModeExitRules(213)) - AtleastOneDatanodeReportedRule rule is successfully validated
2020-05-29 04:34:36,359 [pool-237-thread-1] INFO  server.RaftServerConfigKeys (ConfUtils.java:logGet(44)) - raft.server.log.segment.size.max = 1048576 (custom)
2020-05-29 04:34:36,360 [pool-237-thread-1] INFO  server.RaftServerConfigKeys (ConfUtils.java:logGet(44)) - raft.server.log.preallocated.size = 16384 (custom)
2020-05-29 04:34:36,360 [pool-237-thread-1] INFO  server.RaftServerConfigKeys (ConfUtils.java:logGet(44)) - raft.server.log.write.buffer.size = 1048576 (custom)
2020-05-29 04:34:36,360 [pool-237-thread-1] INFO  server.RaftServerConfigKeys (ConfUtils.java:logGet(44)) - raft.server.log.force.sync.num = 128 (default)
2020-05-29 04:34:36,360 [pool-237-thread-1] INFO  server.RaftServerConfigKeys (ConfUtils.java:logGet(44)) - raft.server.log.statemachine.data.sync = true (default)
2020-05-29 04:34:36,360 [pool-237-thread-1] INFO  server.RaftServerConfigKeys (ConfUtils.java:logGet(44)) - raft.server.log.statemachine.data.sync.timeout = 10s (default)
2020-05-29 04:34:36,360 [pool-237-thread-1] INFO  server.RaftServerConfigKeys (ConfUtils.java:logGet(44)) - raft.server.log.statemachine.data.sync.timeout.retry = -1 (default)
2020-05-29 04:34:36,360 [pool-237-thread-1] INFO  server.RaftServerConfigKeys (ConfUtils.java:logGet(44)) - raft.server.log.statemachine.data.caching.enabled = true (custom)
2020-05-29 04:34:36,361 [pool-237-thread-1] INFO  segmented.SegmentedRaftLogWorker (SegmentedRaftLogWorker.java:lambda$new$0(129)) - 454b6da0-4653-4c86-b86b-02d358ed533f@group-BE911AC612AC-SegmentedRaftLogWorker: flushIndex: setUnconditionally 0 -> -1
2020-05-29 04:34:36,361 [grpc-default-executor-2] INFO  impl.RaftServerProxy (RaftServerProxy.java:addNew(89)) - 3d5655c8-2b34-4a86-be67-e7382a00f2f8: addNew group-4E530EC14115:[3d5655c8-2b34-4a86-be67-e7382a00f2f8:172.17.0.2:40057, 454b6da0-4653-4c86-b86b-02d358ed533f:172.17.0.2:32861, 0a22fcba-fb9d-428a-bab5-12cc3aa51c00:172.17.0.2:41787] returns group-4E530EC14115:java.util.concurrent.CompletableFuture@7a634150[Not completed]
2020-05-29 04:34:36,362 [pool-253-thread-1] INFO  impl.RaftServerImpl (RaftServerImpl.java:<init>(98)) - 3d5655c8-2b34-4a86-be67-e7382a00f2f8: new RaftServerImpl for group-4E530EC14115:[3d5655c8-2b34-4a86-be67-e7382a00f2f8:172.17.0.2:40057, 454b6da0-4653-4c86-b86b-02d358ed533f:172.17.0.2:32861, 0a22fcba-fb9d-428a-bab5-12cc3aa51c00:172.17.0.2:41787] with ContainerStateMachine:uninitialized
2020-05-29 04:34:36,363 [pool-237-thread-1] INFO  server.RaftServerConfigKeys (ConfUtils.java:logGet(44)) - raft.server.snapshot.auto.trigger.enabled = true (custom)
2020-05-29 04:34:36,363 [pool-237-thread-1] INFO  server.RaftServerConfigKeys (ConfUtils.java:logGet(44)) - raft.server.snapshot.auto.trigger.threshold = 10000 (custom)
2020-05-29 04:34:36,363 [pool-237-thread-1] INFO  server.RaftServerConfigKeys (ConfUtils.java:logGet(44)) - raft.server.snapshot.retention.file.num = 5 (custom)
2020-05-29 04:34:36,363 [pool-237-thread-1] INFO  server.RaftServerConfigKeys (ConfUtils.java:logGet(44)) - raft.server.log.purge.upto.snapshot.index = false (default)
2020-05-29 04:34:36,363 [pool-237-thread-1] INFO  server.RaftServerConfigKeys (ConfUtils.java:logGet(44)) - raft.server.retrycache.expirytime = 600000ms (custom)
2020-05-29 04:34:36,363 [pool-237-thread-1] INFO  metrics.RatisMetrics (RatisMetrics.java:lambda$create$0(39)) - Creating Metrics Registry : ratis.leader_election.454b6da0-4653-4c86-b86b-02d358ed533f@group-BE911AC612AC
2020-05-29 04:34:36,363 [pool-237-thread-1] INFO  metrics.RatisMetrics (RatisMetrics.java:lambda$create$0(39)) - Creating Metrics Registry : ratis.server.454b6da0-4653-4c86-b86b-02d358ed533f@group-BE911AC612AC
2020-05-29 04:34:36,364 [pool-237-thread-1] INFO  impl.RaftServerImpl (RaftServerImpl.java:start(184)) - 454b6da0-4653-4c86-b86b-02d358ed533f@group-BE911AC612AC: start as a follower, conf=-1: [454b6da0-4653-4c86-b86b-02d358ed533f:172.17.0.2:32861], old=null
2020-05-29 04:34:36,364 [pool-237-thread-1] INFO  impl.RaftServerImpl (RaftServerImpl.java:setRole(173)) - 454b6da0-4653-4c86-b86b-02d358ed533f@group-BE911AC612AC: changes role from      null to FOLLOWER at term 0 for startAsFollower
2020-05-29 04:34:36,364 [pool-237-thread-1] INFO  impl.RoleInfo (RoleInfo.java:updateAndGet(143)) - 454b6da0-4653-4c86-b86b-02d358ed533f: start FollowerState
2020-05-29 04:34:36,365 [pool-237-thread-1] INFO  util.JmxRegister (JmxRegister.java:tryRegister(44)) - Successfully registered JMX Bean with object name Ratis:service=RaftServer,group=group-BE911AC612AC,id=454b6da0-4653-4c86-b86b-02d358ed533f
2020-05-29 04:34:36,365 [pool-237-thread-1] INFO  metrics.RatisMetrics (RatisMetrics.java:lambda$create$0(39)) - Creating Metrics Registry : ratis.state_machine.454b6da0-4653-4c86-b86b-02d358ed533f@group-BE911AC612AC
2020-05-29 04:34:36,366 [Command processor thread] INFO  commandhandler.CreatePipelineCommandHandler (CreatePipelineCommandHandler.java:handle(109)) - Created Pipeline RATIS ONE #id: "7405b14d-0ed8-49b5-af32-be911ac612ac"
.
2020-05-29 04:34:36,370 [pool-253-thread-1] INFO  server.RaftServerConfigKeys (ConfUtils.java:logGet(44)) - raft.server.rpc.timeout.min = 5s (custom)
2020-05-29 04:34:36,370 [pool-253-thread-1] INFO  server.RaftServerConfigKeys (ConfUtils.java:logGet(44)) - raft.server.rpc.timeout.max = 5200ms (custom)
2020-05-29 04:34:36,370 [pool-253-thread-1] INFO  server.RaftServerConfigKeys (ConfUtils.java:logGet(44)) - raft.server.rpcslowness.timeout = 300s (custom)
2020-05-29 04:34:36,370 [pool-253-thread-1] INFO  server.RaftServerConfigKeys (ConfUtils.java:logGet(44)) - raft.server.sleep.deviation.threshold = 300 (default)
2020-05-29 04:34:36,370 [pool-253-thread-1] INFO  server.RaftServerConfigKeys (ConfUtils.java:logGet(44)) - raft.server.log.appender.install.snapshot.enabled = false (custom)
2020-05-29 04:34:36,370 [pool-253-thread-1] INFO  impl.RaftServerImpl (ServerState.java:<init>(103)) - 3d5655c8-2b34-4a86-be67-e7382a00f2f8@group-4E530EC14115: ConfigurationManager, init=-1: [3d5655c8-2b34-4a86-be67-e7382a00f2f8:172.17.0.2:40057, 454b6da0-4653-4c86-b86b-02d358ed533f:172.17.0.2:32861, 0a22fcba-fb9d-428a-bab5-12cc3aa51c00:172.17.0.2:41787], old=null, confs=<EMPTY_MAP>
2020-05-29 04:34:36,370 [pool-253-thread-1] INFO  server.RaftServerConfigKeys (ConfUtils.java:logGet(44)) - raft.server.storage.dir = [/github/workspace/mnt/ozone/hadoop-ozone/integration-test/target/test-dir/MiniOzoneClusterImpl-12d77cfa-a16c-47e6-aadc-9eca5b4227e3/datanode-5/data/ratis] (custom)
2020-05-29 04:34:36,370 [pool-253-thread-1] INFO  server.RaftServerConfigKeys (ConfUtils.java:logGet(44)) - raft.server.log.corruption.policy = EXCEPTION (default)
2020-05-29 04:34:36,370 [pool-253-thread-1] INFO  storage.RaftStorageDirectory (RaftStorageDirectory.java:analyzeStorage(261)) - The storage directory /github/workspace/mnt/ozone/hadoop-ozone/integration-test/target/test-dir/MiniOzoneClusterImpl-12d77cfa-a16c-47e6-aadc-9eca5b4227e3/datanode-5/data/ratis/5d9928a4-950c-4955-aa60-4e530ec14115 does not exist. Creating ...
2020-05-29 04:34:36,371 [pool-253-thread-1] INFO  storage.RaftStorageDirectory (RaftStorageDirectory.java:tryLock(343)) - Lock on /github/workspace/mnt/ozone/hadoop-ozone/integration-test/target/test-dir/MiniOzoneClusterImpl-12d77cfa-a16c-47e6-aadc-9eca5b4227e3/datanode-5/data/ratis/5d9928a4-950c-4955-aa60-4e530ec14115/in_use.lock acquired by nodename 48206@69c943251111
2020-05-29 04:34:36,372 [pool-253-thread-1] INFO  storage.RaftStorage (RaftStorage.java:format(84)) - Storage directory /github/workspace/mnt/ozone/hadoop-ozone/integration-test/target/test-dir/MiniOzoneClusterImpl-12d77cfa-a16c-47e6-aadc-9eca5b4227e3/datanode-5/data/ratis/5d9928a4-950c-4955-aa60-4e530ec14115 has been successfully formatted.
2020-05-29 04:34:36,373 [pool-253-thread-1] INFO  ratis.ContainerStateMachine (ContainerStateMachine.java:loadSnapshot(226)) - group-4E530EC14115: The snapshot info is null. Setting the last applied indexto:(t:0, i:~)
2020-05-29 04:34:36,373 [pool-253-thread-1] INFO  server.RaftServerConfigKeys (ConfUtils.java:logGet(44)) - raft.server.notification.no-leader.timeout = 60s (default)
2020-05-29 04:34:36,373 [pool-253-thread-1] INFO  server.RaftServerConfigKeys (ConfUtils.java:logGet(44)) - raft.server.log.use.memory = false (default)
2020-05-29 04:34:36,373 [pool-253-thread-1] INFO  server.RaftServerConfigKeys (ConfUtils.java:logGet(44)) - raft.server.log.purge.gap = 1000000 (custom)
2020-05-29 04:34:36,373 [pool-253-thread-1] INFO  server.RaftServerConfigKeys (ConfUtils.java:logGet(44)) - raft.server.log.appender.buffer.byte-limit = 33554432 (custom)
2020-05-29 04:34:36,373 [pool-253-thread-1] INFO  server.RaftServerConfigKeys (ConfUtils.java:logGet(44)) - raft.server.log.segment.size.max = 1048576 (custom)
2020-05-29 04:34:36,373 [pool-253-thread-1] INFO  metrics.RatisMetrics (RatisMetrics.java:lambda$create$0(39)) - Creating Metrics Registry : ratis.log_worker.3d5655c8-2b34-4a86-be67-e7382a00f2f8
2020-05-29 04:34:36,373 [pool-253-thread-1] INFO  server.RaftServerConfigKeys (ConfUtils.java:logGet(44)) - raft.server.log.segment.cache.num.max = 2 (custom)
2020-05-29 04:34:36,373 [pool-253-thread-1] INFO  segmented.SegmentedRaftLogWorker (SegmentedRaftLogWorker.java:<init>(176)) - new 3d5655c8-2b34-4a86-be67-e7382a00f2f8@group-4E530EC14115-SegmentedRaftLogWorker for RaftStorage:Storage Directory /github/workspace/mnt/ozone/hadoop-ozone/integration-test/target/test-dir/MiniOzoneClusterImpl-12d77cfa-a16c-47e6-aadc-9eca5b4227e3/datanode-5/data/ratis/5d9928a4-950c-4955-aa60-4e530ec14115
2020-05-29 04:34:36,373 [pool-253-thread-1] INFO  server.RaftServerConfigKeys (ConfUtils.java:logGet(44)) - raft.server.log.queue.byte-limit = 2147483647 (custom)
2020-05-29 04:34:36,373 [pool-253-thread-1] INFO  server.RaftServerConfigKeys (ConfUtils.java:logGet(44)) - raft.server.log.queue.element-limit = 1024 (custom)
2020-05-29 04:34:36,373 [pool-253-thread-1] INFO  server.RaftServerConfigKeys (ConfUtils.java:logGet(44)) - raft.server.log.segment.size.max = 1048576 (custom)
2020-05-29 04:34:36,373 [pool-253-thread-1] INFO  server.RaftServerConfigKeys (ConfUtils.java:logGet(44)) - raft.server.log.preallocated.size = 16384 (custom)
2020-05-29 04:34:36,374 [pool-253-thread-1] INFO  server.RaftServerConfigKeys (ConfUtils.java:logGet(44)) - raft.server.log.write.buffer.size = 1048576 (custom)
2020-05-29 04:34:36,374 [pool-253-thread-1] INFO  server.RaftServerConfigKeys (ConfUtils.java:logGet(44)) - raft.server.log.force.sync.num = 128 (default)
2020-05-29 04:34:36,374 [pool-253-thread-1] INFO  server.RaftServerConfigKeys (ConfUtils.java:logGet(44)) - raft.server.log.statemachine.data.sync = true (default)
2020-05-29 04:34:36,374 [pool-253-thread-1] INFO  server.RaftServerConfigKeys (ConfUtils.java:logGet(44)) - raft.server.log.statemachine.data.sync.timeout = 10s (default)
2020-05-29 04:34:36,374 [pool-253-thread-1] INFO  server.RaftServerConfigKeys (ConfUtils.java:logGet(44)) - raft.server.log.statemachine.data.sync.timeout.retry = -1 (default)
2020-05-29 04:34:36,375 [pool-253-thread-1] INFO  server.RaftServerConfigKeys (ConfUtils.java:logGet(44)) - raft.server.log.statemachine.data.caching.enabled = true (custom)
2020-05-29 04:34:36,375 [pool-253-thread-1] INFO  segmented.SegmentedRaftLogWorker (SegmentedRaftLogWorker.java:lambda$new$0(129)) - 3d5655c8-2b34-4a86-be67-e7382a00f2f8@group-4E530EC14115-SegmentedRaftLogWorker: flushIndex: setUnconditionally 0 -> -1
2020-05-29 04:34:36,375 [pool-253-thread-1] INFO  server.RaftServerConfigKeys (ConfUtils.java:logGet(44)) - raft.server.snapshot.auto.trigger.enabled = true (custom)
2020-05-29 04:34:36,375 [pool-253-thread-1] INFO  server.RaftServerConfigKeys (ConfUtils.java:logGet(44)) - raft.server.snapshot.auto.trigger.threshold = 10000 (custom)
2020-05-29 04:34:36,376 [pool-253-thread-1] INFO  server.RaftServerConfigKeys (ConfUtils.java:logGet(44)) - raft.server.snapshot.retention.file.num = 5 (custom)
2020-05-29 04:34:36,376 [pool-253-thread-1] INFO  server.RaftServerConfigKeys (ConfUtils.java:logGet(44)) - raft.server.log.purge.upto.snapshot.index = false (default)
2020-05-29 04:34:36,376 [pool-253-thread-1] INFO  server.RaftServerConfigKeys (ConfUtils.java:logGet(44)) - raft.server.retrycache.expirytime = 600000ms (custom)
2020-05-29 04:34:36,376 [pool-253-thread-1] INFO  metrics.RatisMetrics (RatisMetrics.java:lambda$create$0(39)) - Creating Metrics Registry : ratis.leader_election.3d5655c8-2b34-4a86-be67-e7382a00f2f8@group-4E530EC14115
2020-05-29 04:34:36,376 [pool-253-thread-1] INFO  metrics.RatisMetrics (RatisMetrics.java:lambda$create$0(39)) - Creating Metrics Registry : ratis.server.3d5655c8-2b34-4a86-be67-e7382a00f2f8@group-4E530EC14115
2020-05-29 04:34:36,377 [pool-253-thread-1] INFO  impl.RaftServerImpl (RaftServerImpl.java:start(184)) - 3d5655c8-2b34-4a86-be67-e7382a00f2f8@group-4E530EC14115: start as a follower, conf=-1: [3d5655c8-2b34-4a86-be67-e7382a00f2f8:172.17.0.2:40057, 454b6da0-4653-4c86-b86b-02d358ed533f:172.17.0.2:32861, 0a22fcba-fb9d-428a-bab5-12cc3aa51c00:172.17.0.2:41787], old=null
2020-05-29 04:34:36,377 [pool-253-thread-1] INFO  impl.RaftServerImpl (RaftServerImpl.java:setRole(173)) - 3d5655c8-2b34-4a86-be67-e7382a00f2f8@group-4E530EC14115: changes role from      null to FOLLOWER at term 0 for startAsFollower
2020-05-29 04:34:36,377 [pool-253-thread-1] INFO  impl.RoleInfo (RoleInfo.java:updateAndGet(143)) - 3d5655c8-2b34-4a86-be67-e7382a00f2f8: start FollowerState
2020-05-29 04:34:36,378 [pool-253-thread-1] INFO  util.JmxRegister (JmxRegister.java:tryRegister(44)) - Successfully registered JMX Bean with object name Ratis:service=RaftServer,group=group-4E530EC14115,id=3d5655c8-2b34-4a86-be67-e7382a00f2f8
2020-05-29 04:34:36,378 [pool-253-thread-1] INFO  metrics.RatisMetrics (RatisMetrics.java:lambda$create$0(39)) - Creating Metrics Registry : ratis.state_machine.3d5655c8-2b34-4a86-be67-e7382a00f2f8@group-4E530EC14115
2020-05-29 04:34:36,390 [Command processor thread] INFO  commandhandler.CreatePipelineCommandHandler (CreatePipelineCommandHandler.java:handle(109)) - Created Pipeline RATIS THREE #id: "5d9928a4-950c-4955-aa60-4e530ec14115"
.
2020-05-29 04:34:36,417 [Command processor thread] INFO  impl.RaftServerProxy (RaftServerProxy.java:addNew(89)) - 3d5655c8-2b34-4a86-be67-e7382a00f2f8: addNew group-86A508E80D1D:[3d5655c8-2b34-4a86-be67-e7382a00f2f8:172.17.0.2:40057] returns group-86A508E80D1D:java.util.concurrent.CompletableFuture@4e1fe1c6[Not completed]
2020-05-29 04:34:36,418 [pool-253-thread-1] INFO  impl.RaftServerImpl (RaftServerImpl.java:<init>(98)) - 3d5655c8-2b34-4a86-be67-e7382a00f2f8: new RaftServerImpl for group-86A508E80D1D:[3d5655c8-2b34-4a86-be67-e7382a00f2f8:172.17.0.2:40057] with ContainerStateMachine:uninitialized
2020-05-29 04:34:36,419 [pool-253-thread-1] INFO  server.RaftServerConfigKeys (ConfUtils.java:logGet(44)) - raft.server.rpc.timeout.min = 5s (custom)
2020-05-29 04:34:36,419 [pool-253-thread-1] INFO  server.RaftServerConfigKeys (ConfUtils.java:logGet(44)) - raft.server.rpc.timeout.max = 5200ms (custom)
2020-05-29 04:34:36,419 [pool-253-thread-1] INFO  server.RaftServerConfigKeys (ConfUtils.java:logGet(44)) - raft.server.rpcslowness.timeout = 300s (custom)
2020-05-29 04:34:36,419 [pool-253-thread-1] INFO  server.RaftServerConfigKeys (ConfUtils.java:logGet(44)) - raft.server.sleep.deviation.threshold = 300 (default)
2020-05-29 04:34:36,419 [pool-253-thread-1] INFO  server.RaftServerConfigKeys (ConfUtils.java:logGet(44)) - raft.server.log.appender.install.snapshot.enabled = false (custom)
2020-05-29 04:34:36,419 [pool-253-thread-1] INFO  impl.RaftServerImpl (ServerState.java:<init>(103)) - 3d5655c8-2b34-4a86-be67-e7382a00f2f8@group-86A508E80D1D: ConfigurationManager, init=-1: [3d5655c8-2b34-4a86-be67-e7382a00f2f8:172.17.0.2:40057], old=null, confs=<EMPTY_MAP>
2020-05-29 04:34:36,419 [pool-253-thread-1] INFO  server.RaftServerConfigKeys (ConfUtils.java:logGet(44)) - raft.server.storage.dir = [/github/workspace/mnt/ozone/hadoop-ozone/integration-test/target/test-dir/MiniOzoneClusterImpl-12d77cfa-a16c-47e6-aadc-9eca5b4227e3/datanode-5/data/ratis] (custom)
2020-05-29 04:34:36,419 [pool-253-thread-1] INFO  server.RaftServerConfigKeys (ConfUtils.java:logGet(44)) - raft.server.log.corruption.policy = EXCEPTION (default)
2020-05-29 04:34:36,420 [pool-253-thread-1] INFO  storage.RaftStorageDirectory (RaftStorageDirectory.java:analyzeStorage(261)) - The storage directory /github/workspace/mnt/ozone/hadoop-ozone/integration-test/target/test-dir/MiniOzoneClusterImpl-12d77cfa-a16c-47e6-aadc-9eca5b4227e3/datanode-5/data/ratis/f638dbdf-ee56-4855-bb33-86a508e80d1d does not exist. Creating ...
2020-05-29 04:34:36,421 [pool-253-thread-1] INFO  storage.RaftStorageDirectory (RaftStorageDirectory.java:tryLock(343)) - Lock on /github/workspace/mnt/ozone/hadoop-ozone/integration-test/target/test-dir/MiniOzoneClusterImpl-12d77cfa-a16c-47e6-aadc-9eca5b4227e3/datanode-5/data/ratis/f638dbdf-ee56-4855-bb33-86a508e80d1d/in_use.lock acquired by nodename 48206@69c943251111
2020-05-29 04:34:36,422 [pool-253-thread-1] INFO  storage.RaftStorage (RaftStorage.java:format(84)) - Storage directory /github/workspace/mnt/ozone/hadoop-ozone/integration-test/target/test-dir/MiniOzoneClusterImpl-12d77cfa-a16c-47e6-aadc-9eca5b4227e3/datanode-5/data/ratis/f638dbdf-ee56-4855-bb33-86a508e80d1d has been successfully formatted.
2020-05-29 04:34:36,423 [pool-253-thread-1] INFO  ratis.ContainerStateMachine (ContainerStateMachine.java:loadSnapshot(226)) - group-86A508E80D1D: The snapshot info is null. Setting the last applied indexto:(t:0, i:~)
2020-05-29 04:34:36,423 [pool-253-thread-1] INFO  server.RaftServerConfigKeys (ConfUtils.java:logGet(44)) - raft.server.notification.no-leader.timeout = 60s (default)
2020-05-29 04:34:36,423 [pool-253-thread-1] INFO  server.RaftServerConfigKeys (ConfUtils.java:logGet(44)) - raft.server.log.use.memory = false (default)
2020-05-29 04:34:36,423 [pool-253-thread-1] INFO  server.RaftServerConfigKeys (ConfUtils.java:logGet(44)) - raft.server.log.purge.gap = 1000000 (custom)
2020-05-29 04:34:36,424 [EventQueue-PipelineReportForPipelineReportHandler] INFO  pipeline.PipelineStateManager (PipelineStateManager.java:openPipeline(131)) - Pipeline Pipeline[ Id: f638dbdf-ee56-4855-bb33-86a508e80d1d, Nodes: 3d5655c8-2b34-4a86-be67-e7382a00f2f8{ip: 172.17.0.2, host: 69c943251111, networkLocation: /default-rack, certSerialId: null}, Type:RATIS, Factor:ONE, State:ALLOCATED, leaderId:3d5655c8-2b34-4a86-be67-e7382a00f2f8, CreationTimestamp2020-05-29T04:34:33.419Z] moved to OPEN state
2020-05-29 04:34:36,424 [EventQueue-OpenPipelineForOneReplicaPipelineSafeModeRule] INFO  safemode.SCMSafeModeManager (SCMSafeModeManager.java:validateSafeModeExitRules(213)) - AtleastOneDatanodeReportedRule rule is successfully validated
2020-05-29 04:34:36,425 [EventQueue-OpenPipelineForHealthyPipelineSafeModeRule] INFO  safemode.SCMSafeModeManager (HealthyPipelineSafeModeRule.java:process(132)) - SCM in safe mode. Healthy pipelines reported count is 0, required healthy pipeline reported count is 1
2020-05-29 04:34:36,425 [pool-253-thread-1] INFO  server.RaftServerConfigKeys (ConfUtils.java:logGet(44)) - raft.server.log.appender.buffer.byte-limit = 33554432 (custom)
2020-05-29 04:34:36,425 [pool-253-thread-1] INFO  server.RaftServerConfigKeys (ConfUtils.java:logGet(44)) - raft.server.log.segment.size.max = 1048576 (custom)
2020-05-29 04:34:36,425 [pool-253-thread-1] INFO  server.RaftServerConfigKeys (ConfUtils.java:logGet(44)) - raft.server.log.segment.cache.num.max = 2 (custom)
2020-05-29 04:34:36,425 [pool-253-thread-1] INFO  segmented.SegmentedRaftLogWorker (SegmentedRaftLogWorker.java:<init>(176)) - new 3d5655c8-2b34-4a86-be67-e7382a00f2f8@group-86A508E80D1D-SegmentedRaftLogWorker for RaftStorage:Storage Directory /github/workspace/mnt/ozone/hadoop-ozone/integration-test/target/test-dir/MiniOzoneClusterImpl-12d77cfa-a16c-47e6-aadc-9eca5b4227e3/datanode-5/data/ratis/f638dbdf-ee56-4855-bb33-86a508e80d1d
2020-05-29 04:34:36,425 [pool-253-thread-1] INFO  server.RaftServerConfigKeys (ConfUtils.java:logGet(44)) - raft.server.log.queue.byte-limit = 2147483647 (custom)
2020-05-29 04:34:36,427 [pool-253-thread-1] INFO  server.RaftServerConfigKeys (ConfUtils.java:logGet(44)) - raft.server.log.queue.element-limit = 1024 (custom)
2020-05-29 04:34:36,427 [pool-253-thread-1] INFO  server.RaftServerConfigKeys (ConfUtils.java:logGet(44)) - raft.server.log.segment.size.max = 1048576 (custom)
2020-05-29 04:34:36,427 [pool-253-thread-1] INFO  server.RaftServerConfigKeys (ConfUtils.java:logGet(44)) - raft.server.log.preallocated.size = 16384 (custom)
2020-05-29 04:34:36,427 [pool-253-thread-1] INFO  server.RaftServerConfigKeys (ConfUtils.java:logGet(44)) - raft.server.log.write.buffer.size = 1048576 (custom)
2020-05-29 04:34:36,427 [pool-253-thread-1] INFO  server.RaftServerConfigKeys (ConfUtils.java:logGet(44)) - raft.server.log.force.sync.num = 128 (default)
2020-05-29 04:34:36,427 [pool-253-thread-1] INFO  server.RaftServerConfigKeys (ConfUtils.java:logGet(44)) - raft.server.log.statemachine.data.sync = true (default)
2020-05-29 04:34:36,427 [pool-253-thread-1] INFO  server.RaftServerConfigKeys (ConfUtils.java:logGet(44)) - raft.server.log.statemachine.data.sync.timeout = 10s (default)
2020-05-29 04:34:36,427 [pool-253-thread-1] INFO  server.RaftServerConfigKeys (ConfUtils.java:logGet(44)) - raft.server.log.statemachine.data.sync.timeout.retry = -1 (default)
2020-05-29 04:34:36,428 [pool-253-thread-1] INFO  server.RaftServerConfigKeys (ConfUtils.java:logGet(44)) - raft.server.log.statemachine.data.caching.enabled = true (custom)
2020-05-29 04:34:36,428 [pool-253-thread-1] INFO  segmented.SegmentedRaftLogWorker (SegmentedRaftLogWorker.java:lambda$new$0(129)) - 3d5655c8-2b34-4a86-be67-e7382a00f2f8@group-86A508E80D1D-SegmentedRaftLogWorker: flushIndex: setUnconditionally 0 -> -1
2020-05-29 04:34:36,428 [pool-253-thread-1] INFO  server.RaftServerConfigKeys (ConfUtils.java:logGet(44)) - raft.server.snapshot.auto.trigger.enabled = true (custom)
2020-05-29 04:34:36,428 [pool-253-thread-1] INFO  server.RaftServerConfigKeys (ConfUtils.java:logGet(44)) - raft.server.snapshot.auto.trigger.threshold = 10000 (custom)
2020-05-29 04:34:36,428 [pool-253-thread-1] INFO  server.RaftServerConfigKeys (ConfUtils.java:logGet(44)) - raft.server.snapshot.retention.file.num = 5 (custom)
2020-05-29 04:34:36,428 [pool-253-thread-1] INFO  server.RaftServerConfigKeys (ConfUtils.java:logGet(44)) - raft.server.log.purge.upto.snapshot.index = false (default)
2020-05-29 04:34:36,428 [pool-253-thread-1] INFO  server.RaftServerConfigKeys (ConfUtils.java:logGet(44)) - raft.server.retrycache.expirytime = 600000ms (custom)
2020-05-29 04:34:36,428 [pool-253-thread-1] INFO  metrics.RatisMetrics (RatisMetrics.java:lambda$create$0(39)) - Creating Metrics Registry : ratis.leader_election.3d5655c8-2b34-4a86-be67-e7382a00f2f8@group-86A508E80D1D
2020-05-29 04:34:36,429 [pool-253-thread-1] INFO  metrics.RatisMetrics (RatisMetrics.java:lambda$create$0(39)) - Creating Metrics Registry : ratis.server.3d5655c8-2b34-4a86-be67-e7382a00f2f8@group-86A508E80D1D
2020-05-29 04:34:36,430 [pool-253-thread-1] INFO  impl.RaftServerImpl (RaftServerImpl.java:start(184)) - 3d5655c8-2b34-4a86-be67-e7382a00f2f8@group-86A508E80D1D: start as a follower, conf=-1: [3d5655c8-2b34-4a86-be67-e7382a00f2f8:172.17.0.2:40057], old=null
2020-05-29 04:34:36,430 [pool-253-thread-1] INFO  impl.RaftServerImpl (RaftServerImpl.java:setRole(173)) - 3d5655c8-2b34-4a86-be67-e7382a00f2f8@group-86A508E80D1D: changes role from      null to FOLLOWER at term 0 for startAsFollower
2020-05-29 04:34:36,430 [pool-253-thread-1] INFO  impl.RoleInfo (RoleInfo.java:updateAndGet(143)) - 3d5655c8-2b34-4a86-be67-e7382a00f2f8: start FollowerState
2020-05-29 04:34:36,430 [pool-253-thread-1] INFO  util.JmxRegister (JmxRegister.java:tryRegister(44)) - Successfully registered JMX Bean with object name Ratis:service=RaftServer,group=group-86A508E80D1D,id=3d5655c8-2b34-4a86-be67-e7382a00f2f8
2020-05-29 04:34:36,430 [pool-253-thread-1] INFO  metrics.RatisMetrics (RatisMetrics.java:lambda$create$0(39)) - Creating Metrics Registry : ratis.state_machine.3d5655c8-2b34-4a86-be67-e7382a00f2f8@group-86A508E80D1D
2020-05-29 04:34:36,434 [Command processor thread] INFO  commandhandler.CreatePipelineCommandHandler (CreatePipelineCommandHandler.java:handle(109)) - Created Pipeline RATIS ONE #id: "f638dbdf-ee56-4855-bb33-86a508e80d1d"
.
2020-05-29 04:34:36,483 [Listener at 127.0.0.1/34757] INFO  ozone.MiniOzoneClusterImpl (MiniOzoneClusterImpl.java:lambda$waitForClusterToBeReady$0(177)) - Nodes are ready. Got 7 of 7 DN Heartbeats.
2020-05-29 04:34:36,483 [Listener at 127.0.0.1/34757] INFO  ozone.MiniOzoneClusterImpl (MiniOzoneClusterImpl.java:lambda$waitForClusterToBeReady$0(180)) - Waiting for cluster to exit safe mode
2020-05-29 04:34:36,484 [Command processor thread] INFO  impl.RaftServerProxy (RaftServerProxy.java:addNew(89)) - 26d97194-faf6-4699-94a1-8e41170820b2: addNew group-6644BCC75148:[26d97194-faf6-4699-94a1-8e41170820b2:172.17.0.2:37273] returns group-6644BCC75148:java.util.concurrent.CompletableFuture@5db12a7f[Not completed]
2020-05-29 04:34:36,485 [pool-269-thread-1] INFO  impl.RaftServerImpl (RaftServerImpl.java:<init>(98)) - 26d97194-faf6-4699-94a1-8e41170820b2: new RaftServerImpl for group-6644BCC75148:[26d97194-faf6-4699-94a1-8e41170820b2:172.17.0.2:37273] with ContainerStateMachine:uninitialized
2020-05-29 04:34:36,486 [pool-269-thread-1] INFO  server.RaftServerConfigKeys (ConfUtils.java:logGet(44)) - raft.server.rpc.timeout.min = 5s (custom)
2020-05-29 04:34:36,486 [pool-269-thread-1] INFO  server.RaftServerConfigKeys (ConfUtils.java:logGet(44)) - raft.server.rpc.timeout.max = 5200ms (custom)
2020-05-29 04:34:36,486 [pool-269-thread-1] INFO  server.RaftServerConfigKeys (ConfUtils.java:logGet(44)) - raft.server.rpcslowness.timeout = 300s (custom)
2020-05-29 04:34:36,486 [pool-269-thread-1] INFO  server.RaftServerConfigKeys (ConfUtils.java:logGet(44)) - raft.server.sleep.deviation.threshold = 300 (default)
2020-05-29 04:34:36,486 [pool-269-thread-1] INFO  server.RaftServerConfigKeys (ConfUtils.java:logGet(44)) - raft.server.log.appender.install.snapshot.enabled = false (custom)
2020-05-29 04:34:36,486 [pool-269-thread-1] INFO  impl.RaftServerImpl (ServerState.java:<init>(103)) - 26d97194-faf6-4699-94a1-8e41170820b2@group-6644BCC75148: ConfigurationManager, init=-1: [26d97194-faf6-4699-94a1-8e41170820b2:172.17.0.2:37273], old=null, confs=<EMPTY_MAP>
2020-05-29 04:34:36,486 [pool-269-thread-1] INFO  server.RaftServerConfigKeys (ConfUtils.java:logGet(44)) - raft.server.storage.dir = [/github/workspace/mnt/ozone/hadoop-ozone/integration-test/target/test-dir/MiniOzoneClusterImpl-12d77cfa-a16c-47e6-aadc-9eca5b4227e3/datanode-6/data/ratis] (custom)
2020-05-29 04:34:36,486 [pool-269-thread-1] INFO  server.RaftServerConfigKeys (ConfUtils.java:logGet(44)) - raft.server.log.corruption.policy = EXCEPTION (default)
2020-05-29 04:34:36,487 [pool-269-thread-1] INFO  storage.RaftStorageDirectory (RaftStorageDirectory.java:analyzeStorage(261)) - The storage directory /github/workspace/mnt/ozone/hadoop-ozone/integration-test/target/test-dir/MiniOzoneClusterImpl-12d77cfa-a16c-47e6-aadc-9eca5b4227e3/datanode-6/data/ratis/2516320c-b1cf-4aeb-833f-6644bcc75148 does not exist. Creating ...
2020-05-29 04:34:36,488 [pool-269-thread-1] INFO  storage.RaftStorageDirectory (RaftStorageDirectory.java:tryLock(343)) - Lock on /github/workspace/mnt/ozone/hadoop-ozone/integration-test/target/test-dir/MiniOzoneClusterImpl-12d77cfa-a16c-47e6-aadc-9eca5b4227e3/datanode-6/data/ratis/2516320c-b1cf-4aeb-833f-6644bcc75148/in_use.lock acquired by nodename 48206@69c943251111
2020-05-29 04:34:36,489 [pool-269-thread-1] INFO  storage.RaftStorage (RaftStorage.java:format(84)) - Storage directory /github/workspace/mnt/ozone/hadoop-ozone/integration-test/target/test-dir/MiniOzoneClusterImpl-12d77cfa-a16c-47e6-aadc-9eca5b4227e3/datanode-6/data/ratis/2516320c-b1cf-4aeb-833f-6644bcc75148 has been successfully formatted.
2020-05-29 04:34:36,491 [pool-269-thread-1] INFO  ratis.ContainerStateMachine (ContainerStateMachine.java:loadSnapshot(226)) - group-6644BCC75148: The snapshot info is null. Setting the last applied indexto:(t:0, i:~)
2020-05-29 04:34:36,491 [pool-269-thread-1] INFO  server.RaftServerConfigKeys (ConfUtils.java:logGet(44)) - raft.server.notification.no-leader.timeout = 60s (default)
2020-05-29 04:34:36,491 [pool-269-thread-1] INFO  server.RaftServerConfigKeys (ConfUtils.java:logGet(44)) - raft.server.log.use.memory = false (default)
2020-05-29 04:34:36,491 [EventQueue-PipelineReportForPipelineReportHandler] INFO  pipeline.PipelineStateManager (PipelineStateManager.java:openPipeline(131)) - Pipeline Pipeline[ Id: 2516320c-b1cf-4aeb-833f-6644bcc75148, Nodes: 26d97194-faf6-4699-94a1-8e41170820b2{ip: 172.17.0.2, host: 69c943251111, networkLocation: /default-rack, certSerialId: null}, Type:RATIS, Factor:ONE, State:ALLOCATED, leaderId:26d97194-faf6-4699-94a1-8e41170820b2, CreationTimestamp2020-05-29T04:34:33.484Z] moved to OPEN state
2020-05-29 04:34:36,492 [EventQueue-OpenPipelineForOneReplicaPipelineSafeModeRule] INFO  safemode.SCMSafeModeManager (SCMSafeModeManager.java:validateSafeModeExitRules(213)) - AtleastOneDatanodeReportedRule rule is successfully validated
2020-05-29 04:34:36,492 [EventQueue-OpenPipelineForHealthyPipelineSafeModeRule] INFO  safemode.SCMSafeModeManager (HealthyPipelineSafeModeRule.java:process(132)) - SCM in safe mode. Healthy pipelines reported count is 0, required healthy pipeline reported count is 1
2020-05-29 04:34:36,493 [pool-269-thread-1] INFO  server.RaftServerConfigKeys (ConfUtils.java:logGet(44)) - raft.server.log.purge.gap = 1000000 (custom)
2020-05-29 04:34:36,493 [pool-269-thread-1] INFO  server.RaftServerConfigKeys (ConfUtils.java:logGet(44)) - raft.server.log.appender.buffer.byte-limit = 33554432 (custom)
2020-05-29 04:34:36,493 [pool-269-thread-1] INFO  server.RaftServerConfigKeys (ConfUtils.java:logGet(44)) - raft.server.log.segment.size.max = 1048576 (custom)
2020-05-29 04:34:36,493 [pool-269-thread-1] INFO  metrics.RatisMetrics (RatisMetrics.java:lambda$create$0(39)) - Creating Metrics Registry : ratis.log_worker.26d97194-faf6-4699-94a1-8e41170820b2
2020-05-29 04:34:36,494 [pool-269-thread-1] INFO  server.RaftServerConfigKeys (ConfUtils.java:logGet(44)) - raft.server.log.segment.cache.num.max = 2 (custom)
2020-05-29 04:34:36,494 [pool-269-thread-1] INFO  segmented.SegmentedRaftLogWorker (SegmentedRaftLogWorker.java:<init>(176)) - new 26d97194-faf6-4699-94a1-8e41170820b2@group-6644BCC75148-SegmentedRaftLogWorker for RaftStorage:Storage Directory /github/workspace/mnt/ozone/hadoop-ozone/integration-test/target/test-dir/MiniOzoneClusterImpl-12d77cfa-a16c-47e6-aadc-9eca5b4227e3/datanode-6/data/ratis/2516320c-b1cf-4aeb-833f-6644bcc75148
2020-05-29 04:34:36,494 [pool-269-thread-1] INFO  server.RaftServerConfigKeys (ConfUtils.java:logGet(44)) - raft.server.log.queue.byte-limit = 2147483647 (custom)
2020-05-29 04:34:36,494 [pool-269-thread-1] INFO  server.RaftServerConfigKeys (ConfUtils.java:logGet(44)) - raft.server.log.queue.element-limit = 1024 (custom)
2020-05-29 04:34:36,494 [pool-269-thread-1] INFO  server.RaftServerConfigKeys (ConfUtils.java:logGet(44)) - raft.server.log.segment.size.max = 1048576 (custom)
2020-05-29 04:34:36,494 [pool-269-thread-1] INFO  server.RaftServerConfigKeys (ConfUtils.java:logGet(44)) - raft.server.log.preallocated.size = 16384 (custom)
2020-05-29 04:34:36,494 [pool-269-thread-1] INFO  server.RaftServerConfigKeys (ConfUtils.java:logGet(44)) - raft.server.log.write.buffer.size = 1048576 (custom)
2020-05-29 04:34:36,494 [pool-269-thread-1] INFO  server.RaftServerConfigKeys (ConfUtils.java:logGet(44)) - raft.server.log.force.sync.num = 128 (default)
2020-05-29 04:34:36,494 [pool-269-thread-1] INFO  server.RaftServerConfigKeys (ConfUtils.java:logGet(44)) - raft.server.log.statemachine.data.sync = true (default)
2020-05-29 04:34:36,494 [pool-269-thread-1] INFO  server.RaftServerConfigKeys (ConfUtils.java:logGet(44)) - raft.server.log.statemachine.data.sync.timeout = 10s (default)
2020-05-29 04:34:36,494 [pool-269-thread-1] INFO  server.RaftServerConfigKeys (ConfUtils.java:logGet(44)) - raft.server.log.statemachine.data.sync.timeout.retry = -1 (default)
2020-05-29 04:34:36,496 [pool-269-thread-1] INFO  server.RaftServerConfigKeys (ConfUtils.java:logGet(44)) - raft.server.log.statemachine.data.caching.enabled = true (custom)
2020-05-29 04:34:36,496 [pool-269-thread-1] INFO  segmented.SegmentedRaftLogWorker (SegmentedRaftLogWorker.java:lambda$new$0(129)) - 26d97194-faf6-4699-94a1-8e41170820b2@group-6644BCC75148-SegmentedRaftLogWorker: flushIndex: setUnconditionally 0 -> -1
2020-05-29 04:34:36,497 [pool-269-thread-1] INFO  server.RaftServerConfigKeys (ConfUtils.java:logGet(44)) - raft.server.snapshot.auto.trigger.enabled = true (custom)
2020-05-29 04:34:36,497 [pool-269-thread-1] INFO  server.RaftServerConfigKeys (ConfUtils.java:logGet(44)) - raft.server.snapshot.auto.trigger.threshold = 10000 (custom)
2020-05-29 04:34:36,497 [pool-269-thread-1] INFO  server.RaftServerConfigKeys (ConfUtils.java:logGet(44)) - raft.server.snapshot.retention.file.num = 5 (custom)
2020-05-29 04:34:36,497 [pool-269-thread-1] INFO  server.RaftServerConfigKeys (ConfUtils.java:logGet(44)) - raft.server.log.purge.upto.snapshot.index = false (default)
2020-05-29 04:34:36,497 [pool-269-thread-1] INFO  server.RaftServerConfigKeys (ConfUtils.java:logGet(44)) - raft.server.retrycache.expirytime = 600000ms (custom)
2020-05-29 04:34:36,497 [pool-269-thread-1] INFO  metrics.RatisMetrics (RatisMetrics.java:lambda$create$0(39)) - Creating Metrics Registry : ratis.leader_election.26d97194-faf6-4699-94a1-8e41170820b2@group-6644BCC75148
2020-05-29 04:34:36,499 [pool-269-thread-1] INFO  metrics.RatisMetrics (RatisMetrics.java:lambda$create$0(39)) - Creating Metrics Registry : ratis.server.26d97194-faf6-4699-94a1-8e41170820b2@group-6644BCC75148
2020-05-29 04:34:36,500 [pool-269-thread-1] INFO  impl.RaftServerImpl (RaftServerImpl.java:start(184)) - 26d97194-faf6-4699-94a1-8e41170820b2@group-6644BCC75148: start as a follower, conf=-1: [26d97194-faf6-4699-94a1-8e41170820b2:172.17.0.2:37273], old=null
2020-05-29 04:34:36,500 [pool-269-thread-1] INFO  impl.RaftServerImpl (RaftServerImpl.java:setRole(173)) - 26d97194-faf6-4699-94a1-8e41170820b2@group-6644BCC75148: changes role from      null to FOLLOWER at term 0 for startAsFollower
2020-05-29 04:34:36,500 [pool-269-thread-1] INFO  impl.RoleInfo (RoleInfo.java:updateAndGet(143)) - 26d97194-faf6-4699-94a1-8e41170820b2: start FollowerState
2020-05-29 04:34:36,500 [pool-269-thread-1] INFO  util.JmxRegister (JmxRegister.java:tryRegister(44)) - Successfully registered JMX Bean with object name Ratis:service=RaftServer,group=group-6644BCC75148,id=26d97194-faf6-4699-94a1-8e41170820b2
2020-05-29 04:34:36,500 [pool-269-thread-1] INFO  metrics.RatisMetrics (RatisMetrics.java:lambda$create$0(39)) - Creating Metrics Registry : ratis.state_machine.26d97194-faf6-4699-94a1-8e41170820b2@group-6644BCC75148
2020-05-29 04:34:36,501 [Command processor thread] INFO  commandhandler.CreatePipelineCommandHandler (CreatePipelineCommandHandler.java:handle(109)) - Created Pipeline RATIS ONE #id: "2516320c-b1cf-4aeb-833f-6644bcc75148"
.
2020-05-29 04:34:37,483 [Listener at 127.0.0.1/34757] INFO  ozone.MiniOzoneClusterImpl (MiniOzoneClusterImpl.java:lambda$waitForClusterToBeReady$0(177)) - Nodes are ready. Got 7 of 7 DN Heartbeats.
2020-05-29 04:34:37,484 [Listener at 127.0.0.1/34757] INFO  ozone.MiniOzoneClusterImpl (MiniOzoneClusterImpl.java:lambda$waitForClusterToBeReady$0(180)) - Waiting for cluster to exit safe mode
2020-05-29 04:34:38,484 [Listener at 127.0.0.1/34757] INFO  ozone.MiniOzoneClusterImpl (MiniOzoneClusterImpl.java:lambda$waitForClusterToBeReady$0(177)) - Nodes are ready. Got 7 of 7 DN Heartbeats.
2020-05-29 04:34:38,484 [Listener at 127.0.0.1/34757] INFO  ozone.MiniOzoneClusterImpl (MiniOzoneClusterImpl.java:lambda$waitForClusterToBeReady$0(180)) - Waiting for cluster to exit safe mode
2020-05-29 04:34:39,485 [Listener at 127.0.0.1/34757] INFO  ozone.MiniOzoneClusterImpl (MiniOzoneClusterImpl.java:lambda$waitForClusterToBeReady$0(177)) - Nodes are ready. Got 7 of 7 DN Heartbeats.
2020-05-29 04:34:39,485 [Listener at 127.0.0.1/34757] INFO  ozone.MiniOzoneClusterImpl (MiniOzoneClusterImpl.java:lambda$waitForClusterToBeReady$0(180)) - Waiting for cluster to exit safe mode
2020-05-29 04:34:40,485 [Listener at 127.0.0.1/34757] INFO  ozone.MiniOzoneClusterImpl (MiniOzoneClusterImpl.java:lambda$waitForClusterToBeReady$0(177)) - Nodes are ready. Got 7 of 7 DN Heartbeats.
2020-05-29 04:34:40,485 [Listener at 127.0.0.1/34757] INFO  ozone.MiniOzoneClusterImpl (MiniOzoneClusterImpl.java:lambda$waitForClusterToBeReady$0(180)) - Waiting for cluster to exit safe mode
2020-05-29 04:34:41,187 [Thread-583] INFO  impl.FollowerState (FollowerState.java:run(108)) - c557ac33-ca51-4a07-934d-526037e69701@group-71F5BBEAC783-FollowerState: change to CANDIDATE, lastRpcTime:5053ms, electionTimeout:5045ms
2020-05-29 04:34:41,188 [Thread-583] INFO  impl.RoleInfo (RoleInfo.java:shutdownFollowerState(121)) - c557ac33-ca51-4a07-934d-526037e69701: shutdown FollowerState
2020-05-29 04:34:41,188 [Thread-583] INFO  impl.RaftServerImpl (RaftServerImpl.java:setRole(173)) - c557ac33-ca51-4a07-934d-526037e69701@group-71F5BBEAC783: changes role from  FOLLOWER to CANDIDATE at term 0 for changeToCandidate
2020-05-29 04:34:41,188 [Thread-583] INFO  impl.RoleInfo (RoleInfo.java:updateAndGet(143)) - c557ac33-ca51-4a07-934d-526037e69701: start LeaderElection
2020-05-29 04:34:41,193 [c557ac33-ca51-4a07-934d-526037e69701@group-71F5BBEAC783-LeaderElection12] INFO  impl.LeaderElection (LeaderElection.java:askForVotes(206)) - c557ac33-ca51-4a07-934d-526037e69701@group-71F5BBEAC783-LeaderElection12: begin an election at term 1 for -1: [aa25932a-6a64-4821-ab50-8a62713b1302:172.17.0.2:42017, a1464408-a38b-41bf-a534-bb2a7d246c00:172.17.0.2:44155, c557ac33-ca51-4a07-934d-526037e69701:172.17.0.2:34461], old=null
2020-05-29 04:34:41,202 [grpc-default-executor-2] INFO  impl.RaftServerImpl (RaftServerImpl.java:setRole(173)) - a1464408-a38b-41bf-a534-bb2a7d246c00@group-71F5BBEAC783: changes role from  FOLLOWER to FOLLOWER at term 1 for recognizeCandidate:c557ac33-ca51-4a07-934d-526037e69701
2020-05-29 04:34:41,202 [grpc-default-executor-2] INFO  impl.RoleInfo (RoleInfo.java:shutdownFollowerState(121)) - a1464408-a38b-41bf-a534-bb2a7d246c00: shutdown FollowerState
2020-05-29 04:34:41,202 [grpc-default-executor-2] INFO  impl.RoleInfo (RoleInfo.java:updateAndGet(143)) - a1464408-a38b-41bf-a534-bb2a7d246c00: start FollowerState
2020-05-29 04:34:41,202 [Thread-585] INFO  impl.FollowerState (FollowerState.java:run(117)) - a1464408-a38b-41bf-a534-bb2a7d246c00@group-71F5BBEAC783-FollowerState was interrupted: java.lang.InterruptedException: sleep interrupted
2020-05-29 04:34:41,211 [grpc-default-executor-2] INFO  impl.RaftServerImpl (RaftServerImpl.java:setRole(173)) - aa25932a-6a64-4821-ab50-8a62713b1302@group-71F5BBEAC783: changes role from  FOLLOWER to FOLLOWER at term 1 for recognizeCandidate:c557ac33-ca51-4a07-934d-526037e69701
2020-05-29 04:34:41,211 [grpc-default-executor-2] INFO  impl.RoleInfo (RoleInfo.java:shutdownFollowerState(121)) - aa25932a-6a64-4821-ab50-8a62713b1302: shutdown FollowerState
2020-05-29 04:34:41,211 [grpc-default-executor-2] INFO  impl.RoleInfo (RoleInfo.java:updateAndGet(143)) - aa25932a-6a64-4821-ab50-8a62713b1302: start FollowerState
2020-05-29 04:34:41,211 [Thread-590] INFO  impl.FollowerState (FollowerState.java:run(117)) - aa25932a-6a64-4821-ab50-8a62713b1302@group-71F5BBEAC783-FollowerState was interrupted: java.lang.InterruptedException: sleep interrupted
2020-05-29 04:34:41,213 [c557ac33-ca51-4a07-934d-526037e69701@group-71F5BBEAC783-LeaderElection12] INFO  impl.LeaderElection (LeaderElection.java:logAndReturn(61)) - c557ac33-ca51-4a07-934d-526037e69701@group-71F5BBEAC783-LeaderElection12: Election PASSED; received 1 response(s) [c557ac33-ca51-4a07-934d-526037e69701<-a1464408-a38b-41bf-a534-bb2a7d246c00#0:OK-t1] and 0 exception(s); c557ac33-ca51-4a07-934d-526037e69701@group-71F5BBEAC783:t1, leader=null, voted=c557ac33-ca51-4a07-934d-526037e69701, raftlog=c557ac33-ca51-4a07-934d-526037e69701@group-71F5BBEAC783-SegmentedRaftLog:OPENED:c-1,f-1,i0, conf=-1: [aa25932a-6a64-4821-ab50-8a62713b1302:172.17.0.2:42017, a1464408-a38b-41bf-a534-bb2a7d246c00:172.17.0.2:44155, c557ac33-ca51-4a07-934d-526037e69701:172.17.0.2:34461], old=null
2020-05-29 04:34:41,213 [c557ac33-ca51-4a07-934d-526037e69701@group-71F5BBEAC783-LeaderElection12] INFO  impl.RoleInfo (RoleInfo.java:shutdownLeaderElection(134)) - c557ac33-ca51-4a07-934d-526037e69701: shutdown LeaderElection
2020-05-29 04:34:41,213 [c557ac33-ca51-4a07-934d-526037e69701@group-71F5BBEAC783-LeaderElection12] INFO  impl.RaftServerImpl (RaftServerImpl.java:setRole(173)) - c557ac33-ca51-4a07-934d-526037e69701@group-71F5BBEAC783: changes role from CANDIDATE to LEADER at term 1 for changeToLeader
2020-05-29 04:34:41,213 [c557ac33-ca51-4a07-934d-526037e69701@group-71F5BBEAC783-LeaderElection12] INFO  ratis.XceiverServerRatis (XceiverServerRatis.java:handleLeaderChangedNotification(762)) - Leader change notification received for group: group-71F5BBEAC783 with new leaderId: c557ac33-ca51-4a07-934d-526037e69701
2020-05-29 04:34:41,214 [c557ac33-ca51-4a07-934d-526037e69701@group-71F5BBEAC783-LeaderElection12] INFO  impl.RaftServerImpl (ServerState.java:setLeader(255)) - c557ac33-ca51-4a07-934d-526037e69701@group-71F5BBEAC783: change Leader from null to c557ac33-ca51-4a07-934d-526037e69701 at term 1 for becomeLeader, leader elected after 5085ms
2020-05-29 04:34:41,214 [c557ac33-ca51-4a07-934d-526037e69701@group-71F5BBEAC783-LeaderElection12] INFO  server.RaftServerConfigKeys (ConfUtils.java:logGet(44)) - raft.server.staging.catchup.gap = 1000 (default)
2020-05-29 04:34:41,214 [c557ac33-ca51-4a07-934d-526037e69701@group-71F5BBEAC783-LeaderElection12] INFO  server.RaftServerConfigKeys (ConfUtils.java:logGet(44)) - raft.server.rpc.sleep.time = 25ms (default)
2020-05-29 04:34:41,214 [c557ac33-ca51-4a07-934d-526037e69701@group-71F5BBEAC783-LeaderElection12] INFO  metrics.RatisMetrics (RatisMetrics.java:lambda$create$0(39)) - Creating Metrics Registry : ratis.log_appender.c557ac33-ca51-4a07-934d-526037e69701@group-71F5BBEAC783
2020-05-29 04:34:41,215 [c557ac33-ca51-4a07-934d-526037e69701@group-71F5BBEAC783-LeaderElection12] INFO  server.RaftServerConfigKeys (ConfUtils.java:logGet(44)) - raft.server.write.element-limit = 1024 (custom)
2020-05-29 04:34:41,215 [c557ac33-ca51-4a07-934d-526037e69701@group-71F5BBEAC783-LeaderElection12] INFO  server.RaftServerConfigKeys (ConfUtils.java:logGet(44)) - raft.server.write.byte-limit = 1073741824 (custom)
2020-05-29 04:34:41,215 [c557ac33-ca51-4a07-934d-526037e69701@group-71F5BBEAC783-LeaderElection12] INFO  server.RaftServerConfigKeys (ConfUtils.java:logGet(44)) - raft.server.watch.timeout = 180s (custom)
2020-05-29 04:34:41,215 [c557ac33-ca51-4a07-934d-526037e69701@group-71F5BBEAC783-LeaderElection12] INFO  server.RaftServerConfigKeys (ConfUtils.java:logGet(44)) - raft.server.watch.timeout.denomination = 1s (default)
2020-05-29 04:34:41,215 [c557ac33-ca51-4a07-934d-526037e69701@group-71F5BBEAC783-LeaderElection12] INFO  server.RaftServerConfigKeys (ConfUtils.java:logGet(44)) - raft.server.watch.element-limit = 65536 (default)
2020-05-29 04:34:41,215 [c557ac33-ca51-4a07-934d-526037e69701@group-71F5BBEAC783-LeaderElection12] INFO  server.RaftServerConfigKeys (ConfUtils.java:logGet(44)) - raft.server.log.appender.snapshot.chunk.size.max = 16MB (=16777216) (default)
2020-05-29 04:34:41,215 [c557ac33-ca51-4a07-934d-526037e69701@group-71F5BBEAC783-LeaderElection12] INFO  server.RaftServerConfigKeys (ConfUtils.java:logGet(44)) - raft.server.log.appender.buffer.byte-limit = 33554432 (custom)
2020-05-29 04:34:41,215 [c557ac33-ca51-4a07-934d-526037e69701@group-71F5BBEAC783-LeaderElection12] INFO  server.RaftServerConfigKeys (ConfUtils.java:logGet(44)) - raft.server.log.appender.buffer.element-limit = 1 (custom)
2020-05-29 04:34:41,215 [c557ac33-ca51-4a07-934d-526037e69701@group-71F5BBEAC783-LeaderElection12] INFO  grpc.GrpcConfigKeys (ConfUtils.java:logGet(44)) - raft.grpc.server.leader.outstanding.appends.max = 128 (default)
2020-05-29 04:34:41,216 [c557ac33-ca51-4a07-934d-526037e69701@group-71F5BBEAC783-LeaderElection12] INFO  server.RaftServerConfigKeys (ConfUtils.java:logGet(44)) - raft.server.rpc.request.timeout = 60s (custom)
2020-05-29 04:34:41,216 [c557ac33-ca51-4a07-934d-526037e69701@group-71F5BBEAC783-LeaderElection12] INFO  server.RaftServerConfigKeys (ConfUtils.java:logGet(44)) - raft.server.log.appender.install.snapshot.enabled = false (custom)
2020-05-29 04:34:41,216 [EventQueue-PipelineReportForPipelineReportHandler] INFO  pipeline.PipelineStateManager (PipelineStateManager.java:openPipeline(131)) - Pipeline Pipeline[ Id: 80e053d9-1962-4bf8-ad22-71f5bbeac783, Nodes: a1464408-a38b-41bf-a534-bb2a7d246c00{ip: 172.17.0.2, host: 69c943251111, networkLocation: /default-rack, certSerialId: null}aa25932a-6a64-4821-ab50-8a62713b1302{ip: 172.17.0.2, host: 69c943251111, networkLocation: /default-rack, certSerialId: null}c557ac33-ca51-4a07-934d-526037e69701{ip: 172.17.0.2, host: 69c943251111, networkLocation: /default-rack, certSerialId: null}, Type:RATIS, Factor:THREE, State:ALLOCATED, leaderId:c557ac33-ca51-4a07-934d-526037e69701, CreationTimestamp2020-05-29T04:34:33.233Z] moved to OPEN state
2020-05-29 04:34:41,222 [EventQueue-OpenPipelineForOneReplicaPipelineSafeModeRule] INFO  safemode.SCMSafeModeManager (SCMSafeModeManager.java:validateSafeModeExitRules(213)) - AtleastOneDatanodeReportedRule rule is successfully validated
2020-05-29 04:34:41,222 [EventQueue-OpenPipelineForHealthyPipelineSafeModeRule] INFO  safemode.SCMSafeModeManager (HealthyPipelineSafeModeRule.java:process(132)) - SCM in safe mode. Healthy pipelines reported count is 1, required healthy pipeline reported count is 1
2020-05-29 04:34:41,223 [EventQueue-OpenPipelineForHealthyPipelineSafeModeRule] INFO  safemode.SCMSafeModeManager (SCMSafeModeManager.java:validateSafeModeExitRules(213)) - HealthyPipelineSafeModeRule rule is successfully validated
2020-05-29 04:34:41,223 [EventQueue-OpenPipelineForHealthyPipelineSafeModeRule] INFO  safemode.SCMSafeModeManager (SCMSafeModeManager.java:validateSafeModeExitRules(227)) - ScmSafeModeManager, all rules are successfully validated
2020-05-29 04:34:41,223 [EventQueue-OpenPipelineForHealthyPipelineSafeModeRule] INFO  safemode.SCMSafeModeManager (SCMSafeModeManager.java:exitSafeMode(256)) - SCM exiting safe mode.
2020-05-29 04:34:41,227 [c557ac33-ca51-4a07-934d-526037e69701@group-71F5BBEAC783-LeaderElection12] INFO  server.RaftServerConfigKeys (ConfUtils.java:logGet(44)) - raft.server.log.appender.snapshot.chunk.size.max = 16MB (=16777216) (default)
2020-05-29 04:34:41,227 [c557ac33-ca51-4a07-934d-526037e69701@group-71F5BBEAC783-LeaderElection12] INFO  server.RaftServerConfigKeys (ConfUtils.java:logGet(44)) - raft.server.log.appender.buffer.byte-limit = 33554432 (custom)
2020-05-29 04:34:41,228 [c557ac33-ca51-4a07-934d-526037e69701@group-71F5BBEAC783-LeaderElection12] INFO  server.RaftServerConfigKeys (ConfUtils.java:logGet(44)) - raft.server.log.appender.buffer.element-limit = 1 (custom)
2020-05-29 04:34:41,228 [c557ac33-ca51-4a07-934d-526037e69701@group-71F5BBEAC783-LeaderElection12] INFO  grpc.GrpcConfigKeys (ConfUtils.java:logGet(44)) - raft.grpc.server.leader.outstanding.appends.max = 128 (default)
2020-05-29 04:34:41,228 [c557ac33-ca51-4a07-934d-526037e69701@group-71F5BBEAC783-LeaderElection12] INFO  server.RaftServerConfigKeys (ConfUtils.java:logGet(44)) - raft.server.rpc.request.timeout = 60s (custom)
2020-05-29 04:34:41,228 [c557ac33-ca51-4a07-934d-526037e69701@group-71F5BBEAC783-LeaderElection12] INFO  server.RaftServerConfigKeys (ConfUtils.java:logGet(44)) - raft.server.log.appender.install.snapshot.enabled = false (custom)
2020-05-29 04:34:41,229 [c557ac33-ca51-4a07-934d-526037e69701@group-71F5BBEAC783-LeaderElection12] INFO  impl.RoleInfo (RoleInfo.java:updateAndGet(143)) - c557ac33-ca51-4a07-934d-526037e69701: start LeaderState
2020-05-29 04:34:41,229 [c557ac33-ca51-4a07-934d-526037e69701@group-71F5BBEAC783-LeaderElection12] INFO  segmented.SegmentedRaftLogWorker (SegmentedRaftLogWorker.java:startLogSegment(391)) - c557ac33-ca51-4a07-934d-526037e69701@group-71F5BBEAC783-SegmentedRaftLogWorker: Starting segment from index:0
2020-05-29 04:34:41,230 [c557ac33-ca51-4a07-934d-526037e69701@group-71F5BBEAC783-SegmentedRaftLogWorker] INFO  segmented.SegmentedRaftLogWorker (SegmentedRaftLogWorker.java:execute(583)) - c557ac33-ca51-4a07-934d-526037e69701@group-71F5BBEAC783-SegmentedRaftLogWorker: created new log segment /github/workspace/mnt/ozone/hadoop-ozone/integration-test/target/test-dir/MiniOzoneClusterImpl-12d77cfa-a16c-47e6-aadc-9eca5b4227e3/datanode-0/data/ratis/80e053d9-1962-4bf8-ad22-71f5bbeac783/current/log_inprogress_0
2020-05-29 04:34:41,235 [c557ac33-ca51-4a07-934d-526037e69701@group-71F5BBEAC783-LeaderElection12] INFO  impl.RaftServerImpl (ServerState.java:setRaftConf(356)) - c557ac33-ca51-4a07-934d-526037e69701@group-71F5BBEAC783: set configuration 0: [aa25932a-6a64-4821-ab50-8a62713b1302:172.17.0.2:42017, a1464408-a38b-41bf-a534-bb2a7d246c00:172.17.0.2:44155, c557ac33-ca51-4a07-934d-526037e69701:172.17.0.2:34461], old=null at 0
2020-05-29 04:34:41,241 [grpc-default-executor-2] INFO  ratis.XceiverServerRatis (XceiverServerRatis.java:handleLeaderChangedNotification(762)) - Leader change notification received for group: group-71F5BBEAC783 with new leaderId: c557ac33-ca51-4a07-934d-526037e69701
2020-05-29 04:34:41,241 [grpc-default-executor-2] INFO  impl.RaftServerImpl (ServerState.java:setLeader(255)) - aa25932a-6a64-4821-ab50-8a62713b1302@group-71F5BBEAC783: change Leader from null to c557ac33-ca51-4a07-934d-526037e69701 at term 1 for appendEntries, leader elected after 5034ms
2020-05-29 04:34:41,246 [grpc-default-executor-1] INFO  ratis.XceiverServerRatis (XceiverServerRatis.java:handleLeaderChangedNotification(762)) - Leader change notification received for group: group-71F5BBEAC783 with new leaderId: c557ac33-ca51-4a07-934d-526037e69701
2020-05-29 04:34:41,246 [grpc-default-executor-1] INFO  impl.RaftServerImpl (ServerState.java:setLeader(255)) - a1464408-a38b-41bf-a534-bb2a7d246c00@group-71F5BBEAC783: change Leader from null to c557ac33-ca51-4a07-934d-526037e69701 at term 1 for appendEntries, leader elected after 5087ms
2020-05-29 04:34:41,246 [grpc-default-executor-2] INFO  impl.RaftServerImpl (ServerState.java:setRaftConf(356)) - aa25932a-6a64-4821-ab50-8a62713b1302@group-71F5BBEAC783: set configuration 0: [aa25932a-6a64-4821-ab50-8a62713b1302:172.17.0.2:42017, a1464408-a38b-41bf-a534-bb2a7d246c00:172.17.0.2:44155, c557ac33-ca51-4a07-934d-526037e69701:172.17.0.2:34461], old=null at 0
2020-05-29 04:34:41,247 [grpc-default-executor-2] INFO  segmented.SegmentedRaftLogWorker (SegmentedRaftLogWorker.java:startLogSegment(391)) - aa25932a-6a64-4821-ab50-8a62713b1302@group-71F5BBEAC783-SegmentedRaftLogWorker: Starting segment from index:0
2020-05-29 04:34:41,249 [grpc-default-executor-1] INFO  impl.RaftServerImpl (ServerState.java:setRaftConf(356)) - a1464408-a38b-41bf-a534-bb2a7d246c00@group-71F5BBEAC783: set configuration 0: [aa25932a-6a64-4821-ab50-8a62713b1302:172.17.0.2:42017, a1464408-a38b-41bf-a534-bb2a7d246c00:172.17.0.2:44155, c557ac33-ca51-4a07-934d-526037e69701:172.17.0.2:34461], old=null at 0
2020-05-29 04:34:41,249 [grpc-default-executor-1] INFO  segmented.SegmentedRaftLogWorker (SegmentedRaftLogWorker.java:startLogSegment(391)) - a1464408-a38b-41bf-a534-bb2a7d246c00@group-71F5BBEAC783-SegmentedRaftLogWorker: Starting segment from index:0
2020-05-29 04:34:41,249 [aa25932a-6a64-4821-ab50-8a62713b1302@group-71F5BBEAC783-SegmentedRaftLogWorker] INFO  segmented.SegmentedRaftLogWorker (SegmentedRaftLogWorker.java:execute(583)) - aa25932a-6a64-4821-ab50-8a62713b1302@group-71F5BBEAC783-SegmentedRaftLogWorker: created new log segment /github/workspace/mnt/ozone/hadoop-ozone/integration-test/target/test-dir/MiniOzoneClusterImpl-12d77cfa-a16c-47e6-aadc-9eca5b4227e3/datanode-2/data/ratis/80e053d9-1962-4bf8-ad22-71f5bbeac783/current/log_inprogress_0
2020-05-29 04:34:41,252 [Thread-593] INFO  impl.FollowerState (FollowerState.java:run(108)) - aa25932a-6a64-4821-ab50-8a62713b1302@group-2ED2D56B9C4A-FollowerState: change to CANDIDATE, lastRpcTime:5012ms, electionTimeout:5006ms
2020-05-29 04:34:41,252 [Thread-593] INFO  impl.RoleInfo (RoleInfo.java:shutdownFollowerState(121)) - aa25932a-6a64-4821-ab50-8a62713b1302: shutdown FollowerState
2020-05-29 04:34:41,252 [Thread-593] INFO  impl.RaftServerImpl (RaftServerImpl.java:setRole(173)) - aa25932a-6a64-4821-ab50-8a62713b1302@group-2ED2D56B9C4A: changes role from  FOLLOWER to CANDIDATE at term 0 for changeToCandidate
2020-05-29 04:34:41,253 [a1464408-a38b-41bf-a534-bb2a7d246c00@group-71F5BBEAC783-SegmentedRaftLogWorker] INFO  segmented.SegmentedRaftLogWorker (SegmentedRaftLogWorker.java:execute(583)) - a1464408-a38b-41bf-a534-bb2a7d246c00@group-71F5BBEAC783-SegmentedRaftLogWorker: created new log segment /github/workspace/mnt/ozone/hadoop-ozone/integration-test/target/test-dir/MiniOzoneClusterImpl-12d77cfa-a16c-47e6-aadc-9eca5b4227e3/datanode-1/data/ratis/80e053d9-1962-4bf8-ad22-71f5bbeac783/current/log_inprogress_0
2020-05-29 04:34:41,261 [Thread-593] INFO  impl.RoleInfo (RoleInfo.java:updateAndGet(143)) - aa25932a-6a64-4821-ab50-8a62713b1302: start LeaderElection
2020-05-29 04:34:41,262 [Thread-581] INFO  impl.FollowerState (FollowerState.java:run(108)) - c557ac33-ca51-4a07-934d-526037e69701@group-110299A6E168-FollowerState: change to CANDIDATE, lastRpcTime:5142ms, electionTimeout:5141ms
2020-05-29 04:34:41,263 [Thread-581] INFO  impl.RoleInfo (RoleInfo.java:shutdownFollowerState(121)) - c557ac33-ca51-4a07-934d-526037e69701: shutdown FollowerState
2020-05-29 04:34:41,263 [Thread-581] INFO  impl.RaftServerImpl (RaftServerImpl.java:setRole(173)) - c557ac33-ca51-4a07-934d-526037e69701@group-110299A6E168: changes role from  FOLLOWER to CANDIDATE at term 0 for changeToCandidate
2020-05-29 04:34:41,264 [Thread-581] INFO  impl.RoleInfo (RoleInfo.java:updateAndGet(143)) - c557ac33-ca51-4a07-934d-526037e69701: start LeaderElection
2020-05-29 04:34:41,268 [aa25932a-6a64-4821-ab50-8a62713b1302@group-2ED2D56B9C4A-LeaderElection13] INFO  impl.LeaderElection (LeaderElection.java:askForVotes(206)) - aa25932a-6a64-4821-ab50-8a62713b1302@group-2ED2D56B9C4A-LeaderElection13: begin an election at term 1 for -1: [aa25932a-6a64-4821-ab50-8a62713b1302:172.17.0.2:42017], old=null
2020-05-29 04:34:41,268 [aa25932a-6a64-4821-ab50-8a62713b1302@group-2ED2D56B9C4A-LeaderElection13] INFO  impl.RoleInfo (RoleInfo.java:shutdownLeaderElection(134)) - aa25932a-6a64-4821-ab50-8a62713b1302: shutdown LeaderElection
2020-05-29 04:34:41,268 [aa25932a-6a64-4821-ab50-8a62713b1302@group-2ED2D56B9C4A-LeaderElection13] INFO  impl.RaftServerImpl (RaftServerImpl.java:setRole(173)) - aa25932a-6a64-4821-ab50-8a62713b1302@group-2ED2D56B9C4A: changes role from CANDIDATE to LEADER at term 1 for changeToLeader
2020-05-29 04:34:41,268 [aa25932a-6a64-4821-ab50-8a62713b1302@group-2ED2D56B9C4A-LeaderElection13] INFO  ratis.XceiverServerRatis (XceiverServerRatis.java:handleLeaderChangedNotification(762)) - Leader change notification received for group: group-2ED2D56B9C4A with new leaderId: aa25932a-6a64-4821-ab50-8a62713b1302
2020-05-29 04:34:41,268 [aa25932a-6a64-4821-ab50-8a62713b1302@group-2ED2D56B9C4A-LeaderElection13] INFO  impl.RaftServerImpl (ServerState.java:setLeader(255)) - aa25932a-6a64-4821-ab50-8a62713b1302@group-2ED2D56B9C4A: change Leader from null to aa25932a-6a64-4821-ab50-8a62713b1302 at term 1 for becomeLeader, leader elected after 5033ms
2020-05-29 04:34:41,268 [c557ac33-ca51-4a07-934d-526037e69701@group-110299A6E168-LeaderElection14] INFO  impl.LeaderElection (LeaderElection.java:askForVotes(206)) - c557ac33-ca51-4a07-934d-526037e69701@group-110299A6E168-LeaderElection14: begin an election at term 1 for -1: [c557ac33-ca51-4a07-934d-526037e69701:172.17.0.2:34461], old=null
2020-05-29 04:34:41,270 [c557ac33-ca51-4a07-934d-526037e69701@group-110299A6E168-LeaderElection14] INFO  impl.RoleInfo (RoleInfo.java:shutdownLeaderElection(134)) - c557ac33-ca51-4a07-934d-526037e69701: shutdown LeaderElection
2020-05-29 04:34:41,270 [c557ac33-ca51-4a07-934d-526037e69701@group-110299A6E168-LeaderElection14] INFO  impl.RaftServerImpl (RaftServerImpl.java:setRole(173)) - c557ac33-ca51-4a07-934d-526037e69701@group-110299A6E168: changes role from CANDIDATE to LEADER at term 1 for changeToLeader
2020-05-29 04:34:41,270 [c557ac33-ca51-4a07-934d-526037e69701@group-110299A6E168-LeaderElection14] INFO  ratis.XceiverServerRatis (XceiverServerRatis.java:handleLeaderChangedNotification(762)) - Leader change notification received for group: group-110299A6E168 with new leaderId: c557ac33-ca51-4a07-934d-526037e69701
2020-05-29 04:34:41,269 [aa25932a-6a64-4821-ab50-8a62713b1302@group-2ED2D56B9C4A-LeaderElection13] INFO  server.RaftServerConfigKeys (ConfUtils.java:logGet(44)) - raft.server.staging.catchup.gap = 1000 (default)
2020-05-29 04:34:41,270 [c557ac33-ca51-4a07-934d-526037e69701@group-110299A6E168-LeaderElection14] INFO  impl.RaftServerImpl (ServerState.java:setLeader(255)) - c557ac33-ca51-4a07-934d-526037e69701@group-110299A6E168: change Leader from null to c557ac33-ca51-4a07-934d-526037e69701 at term 1 for becomeLeader, leader elected after 5157ms
2020-05-29 04:34:41,271 [c557ac33-ca51-4a07-934d-526037e69701@group-110299A6E168-LeaderElection14] INFO  server.RaftServerConfigKeys (ConfUtils.java:logGet(44)) - raft.server.staging.catchup.gap = 1000 (default)
2020-05-29 04:34:41,271 [c557ac33-ca51-4a07-934d-526037e69701@group-110299A6E168-LeaderElection14] INFO  server.RaftServerConfigKeys (ConfUtils.java:logGet(44)) - raft.server.rpc.sleep.time = 25ms (default)
2020-05-29 04:34:41,271 [aa25932a-6a64-4821-ab50-8a62713b1302@group-2ED2D56B9C4A-LeaderElection13] INFO  server.RaftServerConfigKeys (ConfUtils.java:logGet(44)) - raft.server.rpc.sleep.time = 25ms (default)
2020-05-29 04:34:41,271 [c557ac33-ca51-4a07-934d-526037e69701@group-110299A6E168-LeaderElection14] INFO  metrics.RatisMetrics (RatisMetrics.java:lambda$create$0(39)) - Creating Metrics Registry : ratis.log_appender.c557ac33-ca51-4a07-934d-526037e69701@group-110299A6E168
2020-05-29 04:34:41,271 [aa25932a-6a64-4821-ab50-8a62713b1302@group-2ED2D56B9C4A-LeaderElection13] INFO  metrics.RatisMetrics (RatisMetrics.java:lambda$create$0(39)) - Creating Metrics Registry : ratis.log_appender.aa25932a-6a64-4821-ab50-8a62713b1302@group-2ED2D56B9C4A
2020-05-29 04:34:41,272 [c557ac33-ca51-4a07-934d-526037e69701@group-110299A6E168-LeaderElection14] INFO  server.RaftServerConfigKeys (ConfUtils.java:logGet(44)) - raft.server.write.element-limit = 1024 (custom)
2020-05-29 04:34:41,272 [c557ac33-ca51-4a07-934d-526037e69701@group-110299A6E168-LeaderElection14] INFO  server.RaftServerConfigKeys (ConfUtils.java:logGet(44)) - raft.server.write.byte-limit = 1073741824 (custom)
2020-05-29 04:34:41,272 [c557ac33-ca51-4a07-934d-526037e69701@group-110299A6E168-LeaderElection14] INFO  server.RaftServerConfigKeys (ConfUtils.java:logGet(44)) - raft.server.watch.timeout = 180s (custom)
2020-05-29 04:34:41,272 [c557ac33-ca51-4a07-934d-526037e69701@group-110299A6E168-LeaderElection14] INFO  server.RaftServerConfigKeys (ConfUtils.java:logGet(44)) - raft.server.watch.timeout.denomination = 1s (default)
2020-05-29 04:34:41,272 [c557ac33-ca51-4a07-934d-526037e69701@group-110299A6E168-LeaderElection14] INFO  server.RaftServerConfigKeys (ConfUtils.java:logGet(44)) - raft.server.watch.element-limit = 65536 (default)
2020-05-29 04:34:41,273 [c557ac33-ca51-4a07-934d-526037e69701@group-110299A6E168-LeaderElection14] INFO  impl.RoleInfo (RoleInfo.java:updateAndGet(143)) - c557ac33-ca51-4a07-934d-526037e69701: start LeaderState
2020-05-29 04:34:41,273 [c557ac33-ca51-4a07-934d-526037e69701@group-110299A6E168-LeaderElection14] INFO  segmented.SegmentedRaftLogWorker (SegmentedRaftLogWorker.java:startLogSegment(391)) - c557ac33-ca51-4a07-934d-526037e69701@group-110299A6E168-SegmentedRaftLogWorker: Starting segment from index:0
2020-05-29 04:34:41,273 [c557ac33-ca51-4a07-934d-526037e69701@group-110299A6E168-LeaderElection14] INFO  impl.RaftServerImpl (ServerState.java:setRaftConf(356)) - c557ac33-ca51-4a07-934d-526037e69701@group-110299A6E168: set configuration 0: [c557ac33-ca51-4a07-934d-526037e69701:172.17.0.2:34461], old=null at 0
2020-05-29 04:34:41,279 [aa25932a-6a64-4821-ab50-8a62713b1302@group-2ED2D56B9C4A-LeaderElection13] INFO  server.RaftServerConfigKeys (ConfUtils.java:logGet(44)) - raft.server.write.element-limit = 1024 (custom)
2020-05-29 04:34:41,280 [aa25932a-6a64-4821-ab50-8a62713b1302@group-2ED2D56B9C4A-LeaderElection13] INFO  server.RaftServerConfigKeys (ConfUtils.java:logGet(44)) - raft.server.write.byte-limit = 1073741824 (custom)
2020-05-29 04:34:41,280 [aa25932a-6a64-4821-ab50-8a62713b1302@group-2ED2D56B9C4A-LeaderElection13] INFO  server.RaftServerConfigKeys (ConfUtils.java:logGet(44)) - raft.server.watch.timeout = 180s (custom)
2020-05-29 04:34:41,280 [aa25932a-6a64-4821-ab50-8a62713b1302@group-2ED2D56B9C4A-LeaderElection13] INFO  server.RaftServerConfigKeys (ConfUtils.java:logGet(44)) - raft.server.watch.timeout.denomination = 1s (default)
2020-05-29 04:34:41,280 [aa25932a-6a64-4821-ab50-8a62713b1302@group-2ED2D56B9C4A-LeaderElection13] INFO  server.RaftServerConfigKeys (ConfUtils.java:logGet(44)) - raft.server.watch.element-limit = 65536 (default)
2020-05-29 04:34:41,280 [aa25932a-6a64-4821-ab50-8a62713b1302@group-2ED2D56B9C4A-LeaderElection13] INFO  impl.RoleInfo (RoleInfo.java:updateAndGet(143)) - aa25932a-6a64-4821-ab50-8a62713b1302: start LeaderState
2020-05-29 04:34:41,280 [aa25932a-6a64-4821-ab50-8a62713b1302@group-2ED2D56B9C4A-LeaderElection13] INFO  segmented.SegmentedRaftLogWorker (SegmentedRaftLogWorker.java:startLogSegment(391)) - aa25932a-6a64-4821-ab50-8a62713b1302@group-2ED2D56B9C4A-SegmentedRaftLogWorker: Starting segment from index:0
2020-05-29 04:34:41,281 [aa25932a-6a64-4821-ab50-8a62713b1302@group-2ED2D56B9C4A-LeaderElection13] INFO  impl.RaftServerImpl (ServerState.java:setRaftConf(356)) - aa25932a-6a64-4821-ab50-8a62713b1302@group-2ED2D56B9C4A: set configuration 0: [aa25932a-6a64-4821-ab50-8a62713b1302:172.17.0.2:42017], old=null at 0
2020-05-29 04:34:41,282 [c557ac33-ca51-4a07-934d-526037e69701@group-110299A6E168-SegmentedRaftLogWorker] INFO  segmented.SegmentedRaftLogWorker (SegmentedRaftLogWorker.java:execute(583)) - c557ac33-ca51-4a07-934d-526037e69701@group-110299A6E168-SegmentedRaftLogWorker: created new log segment /github/workspace/mnt/ozone/hadoop-ozone/integration-test/target/test-dir/MiniOzoneClusterImpl-12d77cfa-a16c-47e6-aadc-9eca5b4227e3/datanode-0/data/ratis/29581fef-0f97-47ae-a143-110299a6e168/current/log_inprogress_0
2020-05-29 04:34:41,282 [aa25932a-6a64-4821-ab50-8a62713b1302@group-2ED2D56B9C4A-SegmentedRaftLogWorker] INFO  segmented.SegmentedRaftLogWorker (SegmentedRaftLogWorker.java:execute(583)) - aa25932a-6a64-4821-ab50-8a62713b1302@group-2ED2D56B9C4A-SegmentedRaftLogWorker: created new log segment /github/workspace/mnt/ozone/hadoop-ozone/integration-test/target/test-dir/MiniOzoneClusterImpl-12d77cfa-a16c-47e6-aadc-9eca5b4227e3/datanode-2/data/ratis/35af6e30-92c0-4121-bfea-2ed2d56b9c4a/current/log_inprogress_0
2020-05-29 04:34:41,314 [Thread-588] INFO  impl.FollowerState (FollowerState.java:run(108)) - a1464408-a38b-41bf-a534-bb2a7d246c00@group-99B83BEBA03F-FollowerState: change to CANDIDATE, lastRpcTime:5119ms, electionTimeout:5112ms
2020-05-29 04:34:41,315 [Thread-588] INFO  impl.RoleInfo (RoleInfo.java:shutdownFollowerState(121)) - a1464408-a38b-41bf-a534-bb2a7d246c00: shutdown FollowerState
2020-05-29 04:34:41,315 [Thread-588] INFO  impl.RaftServerImpl (RaftServerImpl.java:setRole(173)) - a1464408-a38b-41bf-a534-bb2a7d246c00@group-99B83BEBA03F: changes role from  FOLLOWER to CANDIDATE at term 0 for changeToCandidate
2020-05-29 04:34:41,315 [Thread-588] INFO  impl.RoleInfo (RoleInfo.java:updateAndGet(143)) - a1464408-a38b-41bf-a534-bb2a7d246c00: start LeaderElection
2020-05-29 04:34:41,320 [a1464408-a38b-41bf-a534-bb2a7d246c00@group-99B83BEBA03F-LeaderElection15] INFO  impl.LeaderElection (LeaderElection.java:askForVotes(206)) - a1464408-a38b-41bf-a534-bb2a7d246c00@group-99B83BEBA03F-LeaderElection15: begin an election at term 1 for -1: [a1464408-a38b-41bf-a534-bb2a7d246c00:172.17.0.2:44155], old=null
2020-05-29 04:34:41,320 [a1464408-a38b-41bf-a534-bb2a7d246c00@group-99B83BEBA03F-LeaderElection15] INFO  impl.RoleInfo (RoleInfo.java:shutdownLeaderElection(134)) - a1464408-a38b-41bf-a534-bb2a7d246c00: shutdown LeaderElection
2020-05-29 04:34:41,321 [a1464408-a38b-41bf-a534-bb2a7d246c00@group-99B83BEBA03F-LeaderElection15] INFO  impl.RaftServerImpl (RaftServerImpl.java:setRole(173)) - a1464408-a38b-41bf-a534-bb2a7d246c00@group-99B83BEBA03F: changes role from CANDIDATE to LEADER at term 1 for changeToLeader
2020-05-29 04:34:41,321 [a1464408-a38b-41bf-a534-bb2a7d246c00@group-99B83BEBA03F-LeaderElection15] INFO  ratis.XceiverServerRatis (XceiverServerRatis.java:handleLeaderChangedNotification(762)) - Leader change notification received for group: group-99B83BEBA03F with new leaderId: a1464408-a38b-41bf-a534-bb2a7d246c00
2020-05-29 04:34:41,321 [a1464408-a38b-41bf-a534-bb2a7d246c00@group-99B83BEBA03F-LeaderElection15] INFO  impl.RaftServerImpl (ServerState.java:setLeader(255)) - a1464408-a38b-41bf-a534-bb2a7d246c00@group-99B83BEBA03F: change Leader from null to a1464408-a38b-41bf-a534-bb2a7d246c00 at term 1 for becomeLeader, leader elected after 5130ms
2020-05-29 04:34:41,321 [a1464408-a38b-41bf-a534-bb2a7d246c00@group-99B83BEBA03F-LeaderElection15] INFO  server.RaftServerConfigKeys (ConfUtils.java:logGet(44)) - raft.server.staging.catchup.gap = 1000 (default)
2020-05-29 04:34:41,322 [a1464408-a38b-41bf-a534-bb2a7d246c00@group-99B83BEBA03F-LeaderElection15] INFO  server.RaftServerConfigKeys (ConfUtils.java:logGet(44)) - raft.server.rpc.sleep.time = 25ms (default)
2020-05-29 04:34:41,322 [a1464408-a38b-41bf-a534-bb2a7d246c00@group-99B83BEBA03F-LeaderElection15] INFO  metrics.RatisMetrics (RatisMetrics.java:lambda$create$0(39)) - Creating Metrics Registry : ratis.log_appender.a1464408-a38b-41bf-a534-bb2a7d246c00@group-99B83BEBA03F
2020-05-29 04:34:41,322 [a1464408-a38b-41bf-a534-bb2a7d246c00@group-99B83BEBA03F-LeaderElection15] INFO  server.RaftServerConfigKeys (ConfUtils.java:logGet(44)) - raft.server.write.element-limit = 1024 (custom)
2020-05-29 04:34:41,322 [a1464408-a38b-41bf-a534-bb2a7d246c00@group-99B83BEBA03F-LeaderElection15] INFO  server.RaftServerConfigKeys (ConfUtils.java:logGet(44)) - raft.server.write.byte-limit = 1073741824 (custom)
2020-05-29 04:34:41,323 [a1464408-a38b-41bf-a534-bb2a7d246c00@group-99B83BEBA03F-LeaderElection15] INFO  server.RaftServerConfigKeys (ConfUtils.java:logGet(44)) - raft.server.watch.timeout = 180s (custom)
2020-05-29 04:34:41,323 [a1464408-a38b-41bf-a534-bb2a7d246c00@group-99B83BEBA03F-LeaderElection15] INFO  server.RaftServerConfigKeys (ConfUtils.java:logGet(44)) - raft.server.watch.timeout.denomination = 1s (default)
2020-05-29 04:34:41,323 [a1464408-a38b-41bf-a534-bb2a7d246c00@group-99B83BEBA03F-LeaderElection15] INFO  server.RaftServerConfigKeys (ConfUtils.java:logGet(44)) - raft.server.watch.element-limit = 65536 (default)
2020-05-29 04:34:41,323 [a1464408-a38b-41bf-a534-bb2a7d246c00@group-99B83BEBA03F-LeaderElection15] INFO  impl.RoleInfo (RoleInfo.java:updateAndGet(143)) - a1464408-a38b-41bf-a534-bb2a7d246c00: start LeaderState
2020-05-29 04:34:41,323 [a1464408-a38b-41bf-a534-bb2a7d246c00@group-99B83BEBA03F-LeaderElection15] INFO  segmented.SegmentedRaftLogWorker (SegmentedRaftLogWorker.java:startLogSegment(391)) - a1464408-a38b-41bf-a534-bb2a7d246c00@group-99B83BEBA03F-SegmentedRaftLogWorker: Starting segment from index:0
2020-05-29 04:34:41,323 [a1464408-a38b-41bf-a534-bb2a7d246c00@group-99B83BEBA03F-LeaderElection15] INFO  impl.RaftServerImpl (ServerState.java:setRaftConf(356)) - a1464408-a38b-41bf-a534-bb2a7d246c00@group-99B83BEBA03F: set configuration 0: [a1464408-a38b-41bf-a534-bb2a7d246c00:172.17.0.2:44155], old=null at 0
2020-05-29 04:34:41,329 [a1464408-a38b-41bf-a534-bb2a7d246c00@group-99B83BEBA03F-SegmentedRaftLogWorker] INFO  segmented.SegmentedRaftLogWorker (SegmentedRaftLogWorker.java:execute(583)) - a1464408-a38b-41bf-a534-bb2a7d246c00@group-99B83BEBA03F-SegmentedRaftLogWorker: created new log segment /github/workspace/mnt/ozone/hadoop-ozone/integration-test/target/test-dir/MiniOzoneClusterImpl-12d77cfa-a16c-47e6-aadc-9eca5b4227e3/datanode-1/data/ratis/bdc74018-8291-418a-abdc-99b83beba03f/current/log_inprogress_0
2020-05-29 04:34:41,397 [Thread-604] INFO  impl.FollowerState (FollowerState.java:run(108)) - 3d5655c8-2b34-4a86-be67-e7382a00f2f8@group-4E530EC14115-FollowerState: change to CANDIDATE, lastRpcTime:5019ms, electionTimeout:5008ms
2020-05-29 04:34:41,397 [Thread-604] INFO  impl.RoleInfo (RoleInfo.java:shutdownFollowerState(121)) - 3d5655c8-2b34-4a86-be67-e7382a00f2f8: shutdown FollowerState
2020-05-29 04:34:41,397 [Thread-604] INFO  impl.RaftServerImpl (RaftServerImpl.java:setRole(173)) - 3d5655c8-2b34-4a86-be67-e7382a00f2f8@group-4E530EC14115: changes role from  FOLLOWER to CANDIDATE at term 0 for changeToCandidate
2020-05-29 04:34:41,397 [Thread-604] INFO  impl.RoleInfo (RoleInfo.java:updateAndGet(143)) - 3d5655c8-2b34-4a86-be67-e7382a00f2f8: start LeaderElection
2020-05-29 04:34:41,400 [3d5655c8-2b34-4a86-be67-e7382a00f2f8@group-4E530EC14115-LeaderElection16] INFO  impl.LeaderElection (LeaderElection.java:askForVotes(206)) - 3d5655c8-2b34-4a86-be67-e7382a00f2f8@group-4E530EC14115-LeaderElection16: begin an election at term 1 for -1: [3d5655c8-2b34-4a86-be67-e7382a00f2f8:172.17.0.2:40057, 454b6da0-4653-4c86-b86b-02d358ed533f:172.17.0.2:32861, 0a22fcba-fb9d-428a-bab5-12cc3aa51c00:172.17.0.2:41787], old=null
2020-05-29 04:34:41,414 [grpc-default-executor-1] INFO  impl.RaftServerImpl (RaftServerImpl.java:setRole(173)) - 0a22fcba-fb9d-428a-bab5-12cc3aa51c00@group-4E530EC14115: changes role from  FOLLOWER to FOLLOWER at term 1 for recognizeCandidate:3d5655c8-2b34-4a86-be67-e7382a00f2f8
2020-05-29 04:34:41,414 [grpc-default-executor-1] INFO  impl.RoleInfo (RoleInfo.java:shutdownFollowerState(121)) - 0a22fcba-fb9d-428a-bab5-12cc3aa51c00: shutdown FollowerState
2020-05-29 04:34:41,415 [grpc-default-executor-1] INFO  impl.RoleInfo (RoleInfo.java:updateAndGet(143)) - 0a22fcba-fb9d-428a-bab5-12cc3aa51c00: start FollowerState
2020-05-29 04:34:41,415 [Thread-597] INFO  impl.FollowerState (FollowerState.java:run(117)) - 0a22fcba-fb9d-428a-bab5-12cc3aa51c00@group-4E530EC14115-FollowerState was interrupted: java.lang.InterruptedException: sleep interrupted
2020-05-29 04:34:41,420 [3d5655c8-2b34-4a86-be67-e7382a00f2f8@group-4E530EC14115-LeaderElection16] INFO  impl.LeaderElection (LeaderElection.java:logAndReturn(61)) - 3d5655c8-2b34-4a86-be67-e7382a00f2f8@group-4E530EC14115-LeaderElection16: Election PASSED; received 1 response(s) [3d5655c8-2b34-4a86-be67-e7382a00f2f8<-0a22fcba-fb9d-428a-bab5-12cc3aa51c00#0:OK-t1] and 0 exception(s); 3d5655c8-2b34-4a86-be67-e7382a00f2f8@group-4E530EC14115:t1, leader=null, voted=3d5655c8-2b34-4a86-be67-e7382a00f2f8, raftlog=3d5655c8-2b34-4a86-be67-e7382a00f2f8@group-4E530EC14115-SegmentedRaftLog:OPENED:c-1,f-1,i0, conf=-1: [3d5655c8-2b34-4a86-be67-e7382a00f2f8:172.17.0.2:40057, 454b6da0-4653-4c86-b86b-02d358ed533f:172.17.0.2:32861, 0a22fcba-fb9d-428a-bab5-12cc3aa51c00:172.17.0.2:41787], old=null
2020-05-29 04:34:41,420 [3d5655c8-2b34-4a86-be67-e7382a00f2f8@group-4E530EC14115-LeaderElection16] INFO  impl.RoleInfo (RoleInfo.java:shutdownLeaderElection(134)) - 3d5655c8-2b34-4a86-be67-e7382a00f2f8: shutdown LeaderElection
2020-05-29 04:34:41,420 [3d5655c8-2b34-4a86-be67-e7382a00f2f8@group-4E530EC14115-LeaderElection16] INFO  impl.RaftServerImpl (RaftServerImpl.java:setRole(173)) - 3d5655c8-2b34-4a86-be67-e7382a00f2f8@group-4E530EC14115: changes role from CANDIDATE to LEADER at term 1 for changeToLeader
2020-05-29 04:34:41,420 [3d5655c8-2b34-4a86-be67-e7382a00f2f8@group-4E530EC14115-LeaderElection16] INFO  ratis.XceiverServerRatis (XceiverServerRatis.java:handleLeaderChangedNotification(762)) - Leader change notification received for group: group-4E530EC14115 with new leaderId: 3d5655c8-2b34-4a86-be67-e7382a00f2f8
2020-05-29 04:34:41,420 [3d5655c8-2b34-4a86-be67-e7382a00f2f8@group-4E530EC14115-LeaderElection16] INFO  impl.RaftServerImpl (ServerState.java:setLeader(255)) - 3d5655c8-2b34-4a86-be67-e7382a00f2f8@group-4E530EC14115: change Leader from null to 3d5655c8-2b34-4a86-be67-e7382a00f2f8 at term 1 for becomeLeader, leader elected after 5047ms
2020-05-29 04:34:41,420 [3d5655c8-2b34-4a86-be67-e7382a00f2f8@group-4E530EC14115-LeaderElection16] INFO  server.RaftServerConfigKeys (ConfUtils.java:logGet(44)) - raft.server.staging.catchup.gap = 1000 (default)
2020-05-29 04:34:41,421 [3d5655c8-2b34-4a86-be67-e7382a00f2f8@group-4E530EC14115-LeaderElection16] INFO  server.RaftServerConfigKeys (ConfUtils.java:logGet(44)) - raft.server.rpc.sleep.time = 25ms (default)
2020-05-29 04:34:41,421 [3d5655c8-2b34-4a86-be67-e7382a00f2f8@group-4E530EC14115-LeaderElection16] INFO  metrics.RatisMetrics (RatisMetrics.java:lambda$create$0(39)) - Creating Metrics Registry : ratis.log_appender.3d5655c8-2b34-4a86-be67-e7382a00f2f8@group-4E530EC14115
2020-05-29 04:34:41,421 [3d5655c8-2b34-4a86-be67-e7382a00f2f8@group-4E530EC14115-LeaderElection16] INFO  server.RaftServerConfigKeys (ConfUtils.java:logGet(44)) - raft.server.write.element-limit = 1024 (custom)
2020-05-29 04:34:41,421 [3d5655c8-2b34-4a86-be67-e7382a00f2f8@group-4E530EC14115-LeaderElection16] INFO  server.RaftServerConfigKeys (ConfUtils.java:logGet(44)) - raft.server.write.byte-limit = 1073741824 (custom)
2020-05-29 04:34:41,421 [3d5655c8-2b34-4a86-be67-e7382a00f2f8@group-4E530EC14115-LeaderElection16] INFO  server.RaftServerConfigKeys (ConfUtils.java:logGet(44)) - raft.server.watch.timeout = 180s (custom)
2020-05-29 04:34:41,421 [3d5655c8-2b34-4a86-be67-e7382a00f2f8@group-4E530EC14115-LeaderElection16] INFO  server.RaftServerConfigKeys (ConfUtils.java:logGet(44)) - raft.server.watch.timeout.denomination = 1s (default)
2020-05-29 04:34:41,421 [3d5655c8-2b34-4a86-be67-e7382a00f2f8@group-4E530EC14115-LeaderElection16] INFO  server.RaftServerConfigKeys (ConfUtils.java:logGet(44)) - raft.server.watch.element-limit = 65536 (default)
2020-05-29 04:34:41,421 [3d5655c8-2b34-4a86-be67-e7382a00f2f8@group-4E530EC14115-LeaderElection16] INFO  server.RaftServerConfigKeys (ConfUtils.java:logGet(44)) - raft.server.log.appender.snapshot.chunk.size.max = 16MB (=16777216) (default)
2020-05-29 04:34:41,421 [3d5655c8-2b34-4a86-be67-e7382a00f2f8@group-4E530EC14115-LeaderElection16] INFO  server.RaftServerConfigKeys (ConfUtils.java:logGet(44)) - raft.server.log.appender.buffer.byte-limit = 33554432 (custom)
2020-05-29 04:34:41,421 [3d5655c8-2b34-4a86-be67-e7382a00f2f8@group-4E530EC14115-LeaderElection16] INFO  server.RaftServerConfigKeys (ConfUtils.java:logGet(44)) - raft.server.log.appender.buffer.element-limit = 1 (custom)
2020-05-29 04:34:41,421 [3d5655c8-2b34-4a86-be67-e7382a00f2f8@group-4E530EC14115-LeaderElection16] INFO  grpc.GrpcConfigKeys (ConfUtils.java:logGet(44)) - raft.grpc.server.leader.outstanding.appends.max = 128 (default)
2020-05-29 04:34:41,422 [3d5655c8-2b34-4a86-be67-e7382a00f2f8@group-4E530EC14115-LeaderElection16] INFO  server.RaftServerConfigKeys (ConfUtils.java:logGet(44)) - raft.server.rpc.request.timeout = 60s (custom)
2020-05-29 04:34:41,422 [3d5655c8-2b34-4a86-be67-e7382a00f2f8@group-4E530EC14115-LeaderElection16] INFO  server.RaftServerConfigKeys (ConfUtils.java:logGet(44)) - raft.server.log.appender.install.snapshot.enabled = false (custom)
2020-05-29 04:34:41,423 [3d5655c8-2b34-4a86-be67-e7382a00f2f8@group-4E530EC14115-LeaderElection16] INFO  server.RaftServerConfigKeys (ConfUtils.java:logGet(44)) - raft.server.log.appender.snapshot.chunk.size.max = 16MB (=16777216) (default)
2020-05-29 04:34:41,423 [3d5655c8-2b34-4a86-be67-e7382a00f2f8@group-4E530EC14115-LeaderElection16] INFO  server.RaftServerConfigKeys (ConfUtils.java:logGet(44)) - raft.server.log.appender.buffer.byte-limit = 33554432 (custom)
2020-05-29 04:34:41,423 [3d5655c8-2b34-4a86-be67-e7382a00f2f8@group-4E530EC14115-LeaderElection16] INFO  server.RaftServerConfigKeys (ConfUtils.java:logGet(44)) - raft.server.log.appender.buffer.element-limit = 1 (custom)
2020-05-29 04:34:41,423 [3d5655c8-2b34-4a86-be67-e7382a00f2f8@group-4E530EC14115-LeaderElection16] INFO  grpc.GrpcConfigKeys (ConfUtils.java:logGet(44)) - raft.grpc.server.leader.outstanding.appends.max = 128 (default)
2020-05-29 04:34:41,423 [3d5655c8-2b34-4a86-be67-e7382a00f2f8@group-4E530EC14115-LeaderElection16] INFO  server.RaftServerConfigKeys (ConfUtils.java:logGet(44)) - raft.server.rpc.request.timeout = 60s (custom)
2020-05-29 04:34:41,423 [3d5655c8-2b34-4a86-be67-e7382a00f2f8@group-4E530EC14115-LeaderElection16] INFO  server.RaftServerConfigKeys (ConfUtils.java:logGet(44)) - raft.server.log.appender.install.snapshot.enabled = false (custom)
2020-05-29 04:34:41,424 [3d5655c8-2b34-4a86-be67-e7382a00f2f8@group-4E530EC14115-LeaderElection16] INFO  impl.RoleInfo (RoleInfo.java:updateAndGet(143)) - 3d5655c8-2b34-4a86-be67-e7382a00f2f8: start LeaderState
2020-05-29 04:34:41,425 [grpc-default-executor-2] INFO  impl.RaftServerImpl (RaftServerImpl.java:setRole(173)) - 454b6da0-4653-4c86-b86b-02d358ed533f@group-4E530EC14115: changes role from  FOLLOWER to FOLLOWER at term 1 for recognizeCandidate:3d5655c8-2b34-4a86-be67-e7382a00f2f8
2020-05-29 04:34:41,426 [grpc-default-executor-2] INFO  impl.RoleInfo (RoleInfo.java:shutdownFollowerState(121)) - 454b6da0-4653-4c86-b86b-02d358ed533f: shutdown FollowerState
2020-05-29 04:34:41,426 [grpc-default-executor-2] INFO  impl.RoleInfo (RoleInfo.java:updateAndGet(143)) - 454b6da0-4653-4c86-b86b-02d358ed533f: start FollowerState
2020-05-29 04:34:41,426 [Thread-599] INFO  impl.FollowerState (FollowerState.java:run(117)) - 454b6da0-4653-4c86-b86b-02d358ed533f@group-4E530EC14115-FollowerState was interrupted: java.lang.InterruptedException: sleep interrupted
2020-05-29 04:34:41,426 [3d5655c8-2b34-4a86-be67-e7382a00f2f8@group-4E530EC14115-LeaderElection16] INFO  segmented.SegmentedRaftLogWorker (SegmentedRaftLogWorker.java:startLogSegment(391)) - 3d5655c8-2b34-4a86-be67-e7382a00f2f8@group-4E530EC14115-SegmentedRaftLogWorker: Starting segment from index:0
2020-05-29 04:34:41,427 [3d5655c8-2b34-4a86-be67-e7382a00f2f8@group-4E530EC14115-SegmentedRaftLogWorker] INFO  segmented.SegmentedRaftLogWorker (SegmentedRaftLogWorker.java:execute(583)) - 3d5655c8-2b34-4a86-be67-e7382a00f2f8@group-4E530EC14115-SegmentedRaftLogWorker: created new log segment /github/workspace/mnt/ozone/hadoop-ozone/integration-test/target/test-dir/MiniOzoneClusterImpl-12d77cfa-a16c-47e6-aadc-9eca5b4227e3/datanode-5/data/ratis/5d9928a4-950c-4955-aa60-4e530ec14115/current/log_inprogress_0
2020-05-29 04:34:41,427 [3d5655c8-2b34-4a86-be67-e7382a00f2f8@group-4E530EC14115-LeaderElection16] INFO  impl.RaftServerImpl (ServerState.java:setRaftConf(356)) - 3d5655c8-2b34-4a86-be67-e7382a00f2f8@group-4E530EC14115: set configuration 0: [3d5655c8-2b34-4a86-be67-e7382a00f2f8:172.17.0.2:40057, 454b6da0-4653-4c86-b86b-02d358ed533f:172.17.0.2:32861, 0a22fcba-fb9d-428a-bab5-12cc3aa51c00:172.17.0.2:41787], old=null at 0
2020-05-29 04:34:41,431 [EventQueue-PipelineReportForPipelineReportHandler] INFO  pipeline.PipelineStateManager (PipelineStateManager.java:openPipeline(131)) - Pipeline Pipeline[ Id: 5d9928a4-950c-4955-aa60-4e530ec14115, Nodes: 0a22fcba-fb9d-428a-bab5-12cc3aa51c00{ip: 172.17.0.2, host: 69c943251111, networkLocation: /default-rack, certSerialId: null}454b6da0-4653-4c86-b86b-02d358ed533f{ip: 172.17.0.2, host: 69c943251111, networkLocation: /default-rack, certSerialId: null}3d5655c8-2b34-4a86-be67-e7382a00f2f8{ip: 172.17.0.2, host: 69c943251111, networkLocation: /default-rack, certSerialId: null}, Type:RATIS, Factor:THREE, State:ALLOCATED, leaderId:3d5655c8-2b34-4a86-be67-e7382a00f2f8, CreationTimestamp2020-05-29T04:34:33.421Z] moved to OPEN state
2020-05-29 04:34:41,447 [grpc-default-executor-2] INFO  ratis.XceiverServerRatis (XceiverServerRatis.java:handleLeaderChangedNotification(762)) - Leader change notification received for group: group-4E530EC14115 with new leaderId: 3d5655c8-2b34-4a86-be67-e7382a00f2f8
2020-05-29 04:34:41,447 [grpc-default-executor-1] INFO  ratis.XceiverServerRatis (XceiverServerRatis.java:handleLeaderChangedNotification(762)) - Leader change notification received for group: group-4E530EC14115 with new leaderId: 3d5655c8-2b34-4a86-be67-e7382a00f2f8
2020-05-29 04:34:41,448 [grpc-default-executor-1] INFO  impl.RaftServerImpl (ServerState.java:setLeader(255)) - 454b6da0-4653-4c86-b86b-02d358ed533f@group-4E530EC14115: change Leader from null to 3d5655c8-2b34-4a86-be67-e7382a00f2f8 at term 1 for appendEntries, leader elected after 5117ms
2020-05-29 04:34:41,447 [grpc-default-executor-2] INFO  impl.RaftServerImpl (ServerState.java:setLeader(255)) - 0a22fcba-fb9d-428a-bab5-12cc3aa51c00@group-4E530EC14115: change Leader from null to 3d5655c8-2b34-4a86-be67-e7382a00f2f8 at term 1 for appendEntries, leader elected after 5140ms
2020-05-29 04:34:41,453 [grpc-default-executor-1] INFO  impl.RaftServerImpl (ServerState.java:setRaftConf(356)) - 454b6da0-4653-4c86-b86b-02d358ed533f@group-4E530EC14115: set configuration 0: [3d5655c8-2b34-4a86-be67-e7382a00f2f8:172.17.0.2:40057, 454b6da0-4653-4c86-b86b-02d358ed533f:172.17.0.2:32861, 0a22fcba-fb9d-428a-bab5-12cc3aa51c00:172.17.0.2:41787], old=null at 0
2020-05-29 04:34:41,453 [grpc-default-executor-2] INFO  impl.RaftServerImpl (ServerState.java:setRaftConf(356)) - 0a22fcba-fb9d-428a-bab5-12cc3aa51c00@group-4E530EC14115: set configuration 0: [3d5655c8-2b34-4a86-be67-e7382a00f2f8:172.17.0.2:40057, 454b6da0-4653-4c86-b86b-02d358ed533f:172.17.0.2:32861, 0a22fcba-fb9d-428a-bab5-12cc3aa51c00:172.17.0.2:41787], old=null at 0
2020-05-29 04:34:41,453 [grpc-default-executor-1] INFO  segmented.SegmentedRaftLogWorker (SegmentedRaftLogWorker.java:startLogSegment(391)) - 454b6da0-4653-4c86-b86b-02d358ed533f@group-4E530EC14115-SegmentedRaftLogWorker: Starting segment from index:0
2020-05-29 04:34:41,453 [grpc-default-executor-2] INFO  segmented.SegmentedRaftLogWorker (SegmentedRaftLogWorker.java:startLogSegment(391)) - 0a22fcba-fb9d-428a-bab5-12cc3aa51c00@group-4E530EC14115-SegmentedRaftLogWorker: Starting segment from index:0
2020-05-29 04:34:41,482 [454b6da0-4653-4c86-b86b-02d358ed533f@group-4E530EC14115-SegmentedRaftLogWorker] INFO  segmented.SegmentedRaftLogWorker (SegmentedRaftLogWorker.java:execute(583)) - 454b6da0-4653-4c86-b86b-02d358ed533f@group-4E530EC14115-SegmentedRaftLogWorker: created new log segment /github/workspace/mnt/ozone/hadoop-ozone/integration-test/target/test-dir/MiniOzoneClusterImpl-12d77cfa-a16c-47e6-aadc-9eca5b4227e3/datanode-4/data/ratis/5d9928a4-950c-4955-aa60-4e530ec14115/current/log_inprogress_0
2020-05-29 04:34:41,498 [0a22fcba-fb9d-428a-bab5-12cc3aa51c00@group-4E530EC14115-SegmentedRaftLogWorker] INFO  segmented.SegmentedRaftLogWorker (SegmentedRaftLogWorker.java:execute(583)) - 0a22fcba-fb9d-428a-bab5-12cc3aa51c00@group-4E530EC14115-SegmentedRaftLogWorker: created new log segment /github/workspace/mnt/ozone/hadoop-ozone/integration-test/target/test-dir/MiniOzoneClusterImpl-12d77cfa-a16c-47e6-aadc-9eca5b4227e3/datanode-3/data/ratis/5d9928a4-950c-4955-aa60-4e530ec14115/current/log_inprogress_0
2020-05-29 04:34:41,502 [Thread-595] INFO  impl.FollowerState (FollowerState.java:run(108)) - 0a22fcba-fb9d-428a-bab5-12cc3aa51c00@group-1BBF15D29533-FollowerState: change to CANDIDATE, lastRpcTime:5203ms, electionTimeout:5200ms
2020-05-29 04:34:41,502 [Thread-595] INFO  impl.RoleInfo (RoleInfo.java:shutdownFollowerState(121)) - 0a22fcba-fb9d-428a-bab5-12cc3aa51c00: shutdown FollowerState
2020-05-29 04:34:41,502 [Thread-595] INFO  impl.RaftServerImpl (RaftServerImpl.java:setRole(173)) - 0a22fcba-fb9d-428a-bab5-12cc3aa51c00@group-1BBF15D29533: changes role from  FOLLOWER to CANDIDATE at term 0 for changeToCandidate
2020-05-29 04:34:41,502 [Thread-595] INFO  impl.RoleInfo (RoleInfo.java:updateAndGet(143)) - 0a22fcba-fb9d-428a-bab5-12cc3aa51c00: start LeaderElection
2020-05-29 04:34:41,503 [Listener at 127.0.0.1/34757] INFO  ozone.MiniOzoneClusterImpl (MiniOzoneClusterImpl.java:lambda$waitForClusterToBeReady$0(177)) - Nodes are ready. Got 7 of 7 DN Heartbeats.
2020-05-29 04:34:41,504 [Listener at 127.0.0.1/34757] INFO  ozone.MiniOzoneClusterImpl (MiniOzoneClusterImpl.java:lambda$waitForClusterToBeReady$0(180)) - Cluster exits safe mode
2020-05-29 04:34:41,511 [0a22fcba-fb9d-428a-bab5-12cc3aa51c00@group-1BBF15D29533-LeaderElection17] INFO  impl.LeaderElection (LeaderElection.java:askForVotes(206)) - 0a22fcba-fb9d-428a-bab5-12cc3aa51c00@group-1BBF15D29533-LeaderElection17: begin an election at term 1 for -1: [0a22fcba-fb9d-428a-bab5-12cc3aa51c00:172.17.0.2:41787], old=null
2020-05-29 04:34:41,511 [0a22fcba-fb9d-428a-bab5-12cc3aa51c00@group-1BBF15D29533-LeaderElection17] INFO  impl.RoleInfo (RoleInfo.java:shutdownLeaderElection(134)) - 0a22fcba-fb9d-428a-bab5-12cc3aa51c00: shutdown LeaderElection
2020-05-29 04:34:41,511 [0a22fcba-fb9d-428a-bab5-12cc3aa51c00@group-1BBF15D29533-LeaderElection17] INFO  impl.RaftServerImpl (RaftServerImpl.java:setRole(173)) - 0a22fcba-fb9d-428a-bab5-12cc3aa51c00@group-1BBF15D29533: changes role from CANDIDATE to LEADER at term 1 for changeToLeader
2020-05-29 04:34:41,511 [0a22fcba-fb9d-428a-bab5-12cc3aa51c00@group-1BBF15D29533-LeaderElection17] INFO  ratis.XceiverServerRatis (XceiverServerRatis.java:handleLeaderChangedNotification(762)) - Leader change notification received for group: group-1BBF15D29533 with new leaderId: 0a22fcba-fb9d-428a-bab5-12cc3aa51c00
2020-05-29 04:34:41,515 [0a22fcba-fb9d-428a-bab5-12cc3aa51c00@group-1BBF15D29533-LeaderElection17] INFO  impl.RaftServerImpl (ServerState.java:setLeader(255)) - 0a22fcba-fb9d-428a-bab5-12cc3aa51c00@group-1BBF15D29533: change Leader from null to 0a22fcba-fb9d-428a-bab5-12cc3aa51c00 at term 1 for becomeLeader, leader elected after 5217ms
2020-05-29 04:34:41,529 [0a22fcba-fb9d-428a-bab5-12cc3aa51c00@group-1BBF15D29533-LeaderElection17] INFO  server.RaftServerConfigKeys (ConfUtils.java:logGet(44)) - raft.server.staging.catchup.gap = 1000 (default)
2020-05-29 04:34:41,529 [0a22fcba-fb9d-428a-bab5-12cc3aa51c00@group-1BBF15D29533-LeaderElection17] INFO  server.RaftServerConfigKeys (ConfUtils.java:logGet(44)) - raft.server.rpc.sleep.time = 25ms (default)
2020-05-29 04:34:41,529 [0a22fcba-fb9d-428a-bab5-12cc3aa51c00@group-1BBF15D29533-LeaderElection17] INFO  metrics.RatisMetrics (RatisMetrics.java:lambda$create$0(39)) - Creating Metrics Registry : ratis.log_appender.0a22fcba-fb9d-428a-bab5-12cc3aa51c00@group-1BBF15D29533
2020-05-29 04:34:41,529 [0a22fcba-fb9d-428a-bab5-12cc3aa51c00@group-1BBF15D29533-LeaderElection17] INFO  server.RaftServerConfigKeys (ConfUtils.java:logGet(44)) - raft.server.write.element-limit = 1024 (custom)
2020-05-29 04:34:41,529 [0a22fcba-fb9d-428a-bab5-12cc3aa51c00@group-1BBF15D29533-LeaderElection17] INFO  server.RaftServerConfigKeys (ConfUtils.java:logGet(44)) - raft.server.write.byte-limit = 1073741824 (custom)
2020-05-29 04:34:41,529 [0a22fcba-fb9d-428a-bab5-12cc3aa51c00@group-1BBF15D29533-LeaderElection17] INFO  server.RaftServerConfigKeys (ConfUtils.java:logGet(44)) - raft.server.watch.timeout = 180s (custom)
2020-05-29 04:34:41,529 [0a22fcba-fb9d-428a-bab5-12cc3aa51c00@group-1BBF15D29533-LeaderElection17] INFO  server.RaftServerConfigKeys (ConfUtils.java:logGet(44)) - raft.server.watch.timeout.denomination = 1s (default)
2020-05-29 04:34:41,529 [0a22fcba-fb9d-428a-bab5-12cc3aa51c00@group-1BBF15D29533-LeaderElection17] INFO  server.RaftServerConfigKeys (ConfUtils.java:logGet(44)) - raft.server.watch.element-limit = 65536 (default)
2020-05-29 04:34:41,530 [0a22fcba-fb9d-428a-bab5-12cc3aa51c00@group-1BBF15D29533-LeaderElection17] INFO  impl.RoleInfo (RoleInfo.java:updateAndGet(143)) - 0a22fcba-fb9d-428a-bab5-12cc3aa51c00: start LeaderState
2020-05-29 04:34:41,530 [0a22fcba-fb9d-428a-bab5-12cc3aa51c00@group-1BBF15D29533-LeaderElection17] INFO  segmented.SegmentedRaftLogWorker (SegmentedRaftLogWorker.java:startLogSegment(391)) - 0a22fcba-fb9d-428a-bab5-12cc3aa51c00@group-1BBF15D29533-SegmentedRaftLogWorker: Starting segment from index:0
2020-05-29 04:34:41,530 [0a22fcba-fb9d-428a-bab5-12cc3aa51c00@group-1BBF15D29533-LeaderElection17] INFO  impl.RaftServerImpl (ServerState.java:setRaftConf(356)) - 0a22fcba-fb9d-428a-bab5-12cc3aa51c00@group-1BBF15D29533: set configuration 0: [0a22fcba-fb9d-428a-bab5-12cc3aa51c00:172.17.0.2:41787], old=null at 0
2020-05-29 04:34:41,531 [0a22fcba-fb9d-428a-bab5-12cc3aa51c00@group-1BBF15D29533-SegmentedRaftLogWorker] INFO  segmented.SegmentedRaftLogWorker (SegmentedRaftLogWorker.java:execute(583)) - 0a22fcba-fb9d-428a-bab5-12cc3aa51c00@group-1BBF15D29533-SegmentedRaftLogWorker: created new log segment /github/workspace/mnt/ozone/hadoop-ozone/integration-test/target/test-dir/MiniOzoneClusterImpl-12d77cfa-a16c-47e6-aadc-9eca5b4227e3/datanode-3/data/ratis/a79edf97-b371-4392-aa9c-1bbf15d29533/current/log_inprogress_0
2020-05-29 04:34:41,540 [Listener at 127.0.0.1/34757] INFO  rpc.RpcClient (RpcClient.java:createVolume(310)) - Creating Volume: testblockoutputstreamwithretries, with jenkins1001 as owner.
2020-05-29 04:34:41,541 [IPC Server handler 0 on default port 34757] INFO  volume.OMVolumeCreateRequest (OMVolumeCreateRequest.java:validateAndUpdateCache(204)) - created volume:testblockoutputstreamwithretries for user:jenkins1001
2020-05-29 04:34:41,547 [Listener at 127.0.0.1/34757] INFO  rpc.RpcClient (RpcClient.java:createBucket(450)) - Creating Bucket: testblockoutputstreamwithretries/testblockoutputstreamwithretries, with Versioning false and Storage Type set to DISK and Encryption set to false 
2020-05-29 04:34:41,554 [Thread-602] INFO  impl.FollowerState (FollowerState.java:run(108)) - 454b6da0-4653-4c86-b86b-02d358ed533f@group-BE911AC612AC-FollowerState: change to CANDIDATE, lastRpcTime:5189ms, electionTimeout:5188ms
2020-05-29 04:34:41,554 [Thread-602] INFO  impl.RoleInfo (RoleInfo.java:shutdownFollowerState(121)) - 454b6da0-4653-4c86-b86b-02d358ed533f: shutdown FollowerState
2020-05-29 04:34:41,554 [Thread-602] INFO  impl.RaftServerImpl (RaftServerImpl.java:setRole(173)) - 454b6da0-4653-4c86-b86b-02d358ed533f@group-BE911AC612AC: changes role from  FOLLOWER to CANDIDATE at term 0 for changeToCandidate
2020-05-29 04:34:41,554 [Thread-602] INFO  impl.RoleInfo (RoleInfo.java:updateAndGet(143)) - 454b6da0-4653-4c86-b86b-02d358ed533f: start LeaderElection
2020-05-29 04:34:41,569 [Thread-607] INFO  impl.FollowerState (FollowerState.java:run(108)) - 3d5655c8-2b34-4a86-be67-e7382a00f2f8@group-86A508E80D1D-FollowerState: change to CANDIDATE, lastRpcTime:5139ms, electionTimeout:5138ms
2020-05-29 04:34:41,570 [Thread-607] INFO  impl.RoleInfo (RoleInfo.java:shutdownFollowerState(121)) - 3d5655c8-2b34-4a86-be67-e7382a00f2f8: shutdown FollowerState
2020-05-29 04:34:41,570 [Thread-607] INFO  impl.RaftServerImpl (RaftServerImpl.java:setRole(173)) - 3d5655c8-2b34-4a86-be67-e7382a00f2f8@group-86A508E80D1D: changes role from  FOLLOWER to CANDIDATE at term 0 for changeToCandidate
2020-05-29 04:34:41,570 [Thread-607] INFO  impl.RoleInfo (RoleInfo.java:updateAndGet(143)) - 3d5655c8-2b34-4a86-be67-e7382a00f2f8: start LeaderElection
2020-05-29 04:34:41,573 [454b6da0-4653-4c86-b86b-02d358ed533f@group-BE911AC612AC-LeaderElection18] INFO  impl.LeaderElection (LeaderElection.java:askForVotes(206)) - 454b6da0-4653-4c86-b86b-02d358ed533f@group-BE911AC612AC-LeaderElection18: begin an election at term 1 for -1: [454b6da0-4653-4c86-b86b-02d358ed533f:172.17.0.2:32861], old=null
2020-05-29 04:34:41,574 [454b6da0-4653-4c86-b86b-02d358ed533f@group-BE911AC612AC-LeaderElection18] INFO  impl.RoleInfo (RoleInfo.java:shutdownLeaderElection(134)) - 454b6da0-4653-4c86-b86b-02d358ed533f: shutdown LeaderElection
2020-05-29 04:34:41,574 [454b6da0-4653-4c86-b86b-02d358ed533f@group-BE911AC612AC-LeaderElection18] INFO  impl.RaftServerImpl (RaftServerImpl.java:setRole(173)) - 454b6da0-4653-4c86-b86b-02d358ed533f@group-BE911AC612AC: changes role from CANDIDATE to LEADER at term 1 for changeToLeader
2020-05-29 04:34:41,574 [454b6da0-4653-4c86-b86b-02d358ed533f@group-BE911AC612AC-LeaderElection18] INFO  ratis.XceiverServerRatis (XceiverServerRatis.java:handleLeaderChangedNotification(762)) - Leader change notification received for group: group-BE911AC612AC with new leaderId: 454b6da0-4653-4c86-b86b-02d358ed533f
2020-05-29 04:34:41,579 [454b6da0-4653-4c86-b86b-02d358ed533f@group-BE911AC612AC-LeaderElection18] INFO  impl.RaftServerImpl (ServerState.java:setLeader(255)) - 454b6da0-4653-4c86-b86b-02d358ed533f@group-BE911AC612AC: change Leader from null to 454b6da0-4653-4c86-b86b-02d358ed533f at term 1 for becomeLeader, leader elected after 5215ms
2020-05-29 04:34:41,580 [3d5655c8-2b34-4a86-be67-e7382a00f2f8@group-86A508E80D1D-LeaderElection19] INFO  impl.LeaderElection (LeaderElection.java:askForVotes(206)) - 3d5655c8-2b34-4a86-be67-e7382a00f2f8@group-86A508E80D1D-LeaderElection19: begin an election at term 1 for -1: [3d5655c8-2b34-4a86-be67-e7382a00f2f8:172.17.0.2:40057], old=null
2020-05-29 04:34:41,584 [454b6da0-4653-4c86-b86b-02d358ed533f@group-BE911AC612AC-LeaderElection18] INFO  server.RaftServerConfigKeys (ConfUtils.java:logGet(44)) - raft.server.staging.catchup.gap = 1000 (default)
2020-05-29 04:34:41,586 [454b6da0-4653-4c86-b86b-02d358ed533f@group-BE911AC612AC-LeaderElection18] INFO  server.RaftServerConfigKeys (ConfUtils.java:logGet(44)) - raft.server.rpc.sleep.time = 25ms (default)
2020-05-29 04:34:41,586 [454b6da0-4653-4c86-b86b-02d358ed533f@group-BE911AC612AC-LeaderElection18] INFO  metrics.RatisMetrics (RatisMetrics.java:lambda$create$0(39)) - Creating Metrics Registry : ratis.log_appender.454b6da0-4653-4c86-b86b-02d358ed533f@group-BE911AC612AC
2020-05-29 04:34:41,586 [454b6da0-4653-4c86-b86b-02d358ed533f@group-BE911AC612AC-LeaderElection18] INFO  server.RaftServerConfigKeys (ConfUtils.java:logGet(44)) - raft.server.write.element-limit = 1024 (custom)
2020-05-29 04:34:41,586 [454b6da0-4653-4c86-b86b-02d358ed533f@group-BE911AC612AC-LeaderElection18] INFO  server.RaftServerConfigKeys (ConfUtils.java:logGet(44)) - raft.server.write.byte-limit = 1073741824 (custom)
2020-05-29 04:34:41,586 [454b6da0-4653-4c86-b86b-02d358ed533f@group-BE911AC612AC-LeaderElection18] INFO  server.RaftServerConfigKeys (ConfUtils.java:logGet(44)) - raft.server.watch.timeout = 180s (custom)
2020-05-29 04:34:41,586 [454b6da0-4653-4c86-b86b-02d358ed533f@group-BE911AC612AC-LeaderElection18] INFO  server.RaftServerConfigKeys (ConfUtils.java:logGet(44)) - raft.server.watch.timeout.denomination = 1s (default)
2020-05-29 04:34:41,586 [454b6da0-4653-4c86-b86b-02d358ed533f@group-BE911AC612AC-LeaderElection18] INFO  server.RaftServerConfigKeys (ConfUtils.java:logGet(44)) - raft.server.watch.element-limit = 65536 (default)
2020-05-29 04:34:41,586 [454b6da0-4653-4c86-b86b-02d358ed533f@group-BE911AC612AC-LeaderElection18] INFO  impl.RoleInfo (RoleInfo.java:updateAndGet(143)) - 454b6da0-4653-4c86-b86b-02d358ed533f: start LeaderState
2020-05-29 04:34:41,586 [454b6da0-4653-4c86-b86b-02d358ed533f@group-BE911AC612AC-LeaderElection18] INFO  segmented.SegmentedRaftLogWorker (SegmentedRaftLogWorker.java:startLogSegment(391)) - 454b6da0-4653-4c86-b86b-02d358ed533f@group-BE911AC612AC-SegmentedRaftLogWorker: Starting segment from index:0
2020-05-29 04:34:41,587 [3d5655c8-2b34-4a86-be67-e7382a00f2f8@group-86A508E80D1D-LeaderElection19] INFO  impl.RoleInfo (RoleInfo.java:shutdownLeaderElection(134)) - 3d5655c8-2b34-4a86-be67-e7382a00f2f8: shutdown LeaderElection
2020-05-29 04:34:41,587 [3d5655c8-2b34-4a86-be67-e7382a00f2f8@group-86A508E80D1D-LeaderElection19] INFO  impl.RaftServerImpl (RaftServerImpl.java:setRole(173)) - 3d5655c8-2b34-4a86-be67-e7382a00f2f8@group-86A508E80D1D: changes role from CANDIDATE to LEADER at term 1 for changeToLeader
2020-05-29 04:34:41,587 [3d5655c8-2b34-4a86-be67-e7382a00f2f8@group-86A508E80D1D-LeaderElection19] INFO  ratis.XceiverServerRatis (XceiverServerRatis.java:handleLeaderChangedNotification(762)) - Leader change notification received for group: group-86A508E80D1D with new leaderId: 3d5655c8-2b34-4a86-be67-e7382a00f2f8
2020-05-29 04:34:41,587 [454b6da0-4653-4c86-b86b-02d358ed533f@group-BE911AC612AC-LeaderElection18] INFO  impl.RaftServerImpl (ServerState.java:setRaftConf(356)) - 454b6da0-4653-4c86-b86b-02d358ed533f@group-BE911AC612AC: set configuration 0: [454b6da0-4653-4c86-b86b-02d358ed533f:172.17.0.2:32861], old=null at 0
2020-05-29 04:34:41,588 [454b6da0-4653-4c86-b86b-02d358ed533f@group-BE911AC612AC-SegmentedRaftLogWorker] INFO  segmented.SegmentedRaftLogWorker (SegmentedRaftLogWorker.java:execute(583)) - 454b6da0-4653-4c86-b86b-02d358ed533f@group-BE911AC612AC-SegmentedRaftLogWorker: created new log segment /github/workspace/mnt/ozone/hadoop-ozone/integration-test/target/test-dir/MiniOzoneClusterImpl-12d77cfa-a16c-47e6-aadc-9eca5b4227e3/datanode-4/data/ratis/7405b14d-0ed8-49b5-af32-be911ac612ac/current/log_inprogress_0
2020-05-29 04:34:41,590 [3d5655c8-2b34-4a86-be67-e7382a00f2f8@group-86A508E80D1D-LeaderElection19] INFO  impl.RaftServerImpl (ServerState.java:setLeader(255)) - 3d5655c8-2b34-4a86-be67-e7382a00f2f8@group-86A508E80D1D: change Leader from null to 3d5655c8-2b34-4a86-be67-e7382a00f2f8 at term 1 for becomeLeader, leader elected after 5163ms
2020-05-29 04:34:41,590 [3d5655c8-2b34-4a86-be67-e7382a00f2f8@group-86A508E80D1D-LeaderElection19] INFO  server.RaftServerConfigKeys (ConfUtils.java:logGet(44)) - raft.server.staging.catchup.gap = 1000 (default)
2020-05-29 04:34:41,590 [3d5655c8-2b34-4a86-be67-e7382a00f2f8@group-86A508E80D1D-LeaderElection19] INFO  server.RaftServerConfigKeys (ConfUtils.java:logGet(44)) - raft.server.rpc.sleep.time = 25ms (default)
2020-05-29 04:34:41,590 [3d5655c8-2b34-4a86-be67-e7382a00f2f8@group-86A508E80D1D-LeaderElection19] INFO  metrics.RatisMetrics (RatisMetrics.java:lambda$create$0(39)) - Creating Metrics Registry : ratis.log_appender.3d5655c8-2b34-4a86-be67-e7382a00f2f8@group-86A508E80D1D
2020-05-29 04:34:41,591 [3d5655c8-2b34-4a86-be67-e7382a00f2f8@group-86A508E80D1D-LeaderElection19] INFO  server.RaftServerConfigKeys (ConfUtils.java:logGet(44)) - raft.server.write.element-limit = 1024 (custom)
2020-05-29 04:34:41,591 [3d5655c8-2b34-4a86-be67-e7382a00f2f8@group-86A508E80D1D-LeaderElection19] INFO  server.RaftServerConfigKeys (ConfUtils.java:logGet(44)) - raft.server.write.byte-limit = 1073741824 (custom)
2020-05-29 04:34:41,591 [3d5655c8-2b34-4a86-be67-e7382a00f2f8@group-86A508E80D1D-LeaderElection19] INFO  server.RaftServerConfigKeys (ConfUtils.java:logGet(44)) - raft.server.watch.timeout = 180s (custom)
2020-05-29 04:34:41,591 [3d5655c8-2b34-4a86-be67-e7382a00f2f8@group-86A508E80D1D-LeaderElection19] INFO  server.RaftServerConfigKeys (ConfUtils.java:logGet(44)) - raft.server.watch.timeout.denomination = 1s (default)
2020-05-29 04:34:41,591 [3d5655c8-2b34-4a86-be67-e7382a00f2f8@group-86A508E80D1D-LeaderElection19] INFO  server.RaftServerConfigKeys (ConfUtils.java:logGet(44)) - raft.server.watch.element-limit = 65536 (default)
2020-05-29 04:34:41,591 [3d5655c8-2b34-4a86-be67-e7382a00f2f8@group-86A508E80D1D-LeaderElection19] INFO  impl.RoleInfo (RoleInfo.java:updateAndGet(143)) - 3d5655c8-2b34-4a86-be67-e7382a00f2f8: start LeaderState
2020-05-29 04:34:41,591 [3d5655c8-2b34-4a86-be67-e7382a00f2f8@group-86A508E80D1D-LeaderElection19] INFO  segmented.SegmentedRaftLogWorker (SegmentedRaftLogWorker.java:startLogSegment(391)) - 3d5655c8-2b34-4a86-be67-e7382a00f2f8@group-86A508E80D1D-SegmentedRaftLogWorker: Starting segment from index:0
2020-05-29 04:34:41,592 [3d5655c8-2b34-4a86-be67-e7382a00f2f8@group-86A508E80D1D-SegmentedRaftLogWorker] INFO  segmented.SegmentedRaftLogWorker (SegmentedRaftLogWorker.java:execute(583)) - 3d5655c8-2b34-4a86-be67-e7382a00f2f8@group-86A508E80D1D-SegmentedRaftLogWorker: created new log segment /github/workspace/mnt/ozone/hadoop-ozone/integration-test/target/test-dir/MiniOzoneClusterImpl-12d77cfa-a16c-47e6-aadc-9eca5b4227e3/datanode-5/data/ratis/f638dbdf-ee56-4855-bb33-86a508e80d1d/current/log_inprogress_0
2020-05-29 04:34:41,598 [3d5655c8-2b34-4a86-be67-e7382a00f2f8@group-86A508E80D1D-LeaderElection19] INFO  impl.RaftServerImpl (ServerState.java:setRaftConf(356)) - 3d5655c8-2b34-4a86-be67-e7382a00f2f8@group-86A508E80D1D: set configuration 0: [3d5655c8-2b34-4a86-be67-e7382a00f2f8:172.17.0.2:40057], old=null at 0
2020-05-29 04:34:41,663 [Thread-609] INFO  impl.FollowerState (FollowerState.java:run(108)) - 26d97194-faf6-4699-94a1-8e41170820b2@group-6644BCC75148-FollowerState: change to CANDIDATE, lastRpcTime:5163ms, electionTimeout:5162ms
2020-05-29 04:34:41,663 [Thread-609] INFO  impl.RoleInfo (RoleInfo.java:shutdownFollowerState(121)) - 26d97194-faf6-4699-94a1-8e41170820b2: shutdown FollowerState
2020-05-29 04:34:41,663 [Thread-609] INFO  impl.RaftServerImpl (RaftServerImpl.java:setRole(173)) - 26d97194-faf6-4699-94a1-8e41170820b2@group-6644BCC75148: changes role from  FOLLOWER to CANDIDATE at term 0 for changeToCandidate
2020-05-29 04:34:41,664 [Thread-609] INFO  impl.RoleInfo (RoleInfo.java:updateAndGet(143)) - 26d97194-faf6-4699-94a1-8e41170820b2: start LeaderElection
2020-05-29 04:34:41,673 [26d97194-faf6-4699-94a1-8e41170820b2@group-6644BCC75148-LeaderElection20] INFO  impl.LeaderElection (LeaderElection.java:askForVotes(206)) - 26d97194-faf6-4699-94a1-8e41170820b2@group-6644BCC75148-LeaderElection20: begin an election at term 1 for -1: [26d97194-faf6-4699-94a1-8e41170820b2:172.17.0.2:37273], old=null
2020-05-29 04:34:41,673 [26d97194-faf6-4699-94a1-8e41170820b2@group-6644BCC75148-LeaderElection20] INFO  impl.RoleInfo (RoleInfo.java:shutdownLeaderElection(134)) - 26d97194-faf6-4699-94a1-8e41170820b2: shutdown LeaderElection
2020-05-29 04:34:41,673 [26d97194-faf6-4699-94a1-8e41170820b2@group-6644BCC75148-LeaderElection20] INFO  impl.RaftServerImpl (RaftServerImpl.java:setRole(173)) - 26d97194-faf6-4699-94a1-8e41170820b2@group-6644BCC75148: changes role from CANDIDATE to LEADER at term 1 for changeToLeader
2020-05-29 04:34:41,673 [26d97194-faf6-4699-94a1-8e41170820b2@group-6644BCC75148-LeaderElection20] INFO  ratis.XceiverServerRatis (XceiverServerRatis.java:handleLeaderChangedNotification(762)) - Leader change notification received for group: group-6644BCC75148 with new leaderId: 26d97194-faf6-4699-94a1-8e41170820b2
2020-05-29 04:34:41,673 [26d97194-faf6-4699-94a1-8e41170820b2@group-6644BCC75148-LeaderElection20] INFO  impl.RaftServerImpl (ServerState.java:setLeader(255)) - 26d97194-faf6-4699-94a1-8e41170820b2@group-6644BCC75148: change Leader from null to 26d97194-faf6-4699-94a1-8e41170820b2 at term 1 for becomeLeader, leader elected after 5182ms
2020-05-29 04:34:41,674 [26d97194-faf6-4699-94a1-8e41170820b2@group-6644BCC75148-LeaderElection20] INFO  server.RaftServerConfigKeys (ConfUtils.java:logGet(44)) - raft.server.staging.catchup.gap = 1000 (default)
2020-05-29 04:34:41,674 [26d97194-faf6-4699-94a1-8e41170820b2@group-6644BCC75148-LeaderElection20] INFO  server.RaftServerConfigKeys (ConfUtils.java:logGet(44)) - raft.server.rpc.sleep.time = 25ms (default)
2020-05-29 04:34:41,674 [26d97194-faf6-4699-94a1-8e41170820b2@group-6644BCC75148-LeaderElection20] INFO  metrics.RatisMetrics (RatisMetrics.java:lambda$create$0(39)) - Creating Metrics Registry : ratis.log_appender.26d97194-faf6-4699-94a1-8e41170820b2@group-6644BCC75148
2020-05-29 04:34:41,675 [26d97194-faf6-4699-94a1-8e41170820b2@group-6644BCC75148-LeaderElection20] INFO  server.RaftServerConfigKeys (ConfUtils.java:logGet(44)) - raft.server.write.element-limit = 1024 (custom)
2020-05-29 04:34:41,675 [26d97194-faf6-4699-94a1-8e41170820b2@group-6644BCC75148-LeaderElection20] INFO  server.RaftServerConfigKeys (ConfUtils.java:logGet(44)) - raft.server.write.byte-limit = 1073741824 (custom)
2020-05-29 04:34:41,675 [26d97194-faf6-4699-94a1-8e41170820b2@group-6644BCC75148-LeaderElection20] INFO  server.RaftServerConfigKeys (ConfUtils.java:logGet(44)) - raft.server.watch.timeout = 180s (custom)
2020-05-29 04:34:41,676 [26d97194-faf6-4699-94a1-8e41170820b2@group-6644BCC75148-LeaderElection20] INFO  server.RaftServerConfigKeys (ConfUtils.java:logGet(44)) - raft.server.watch.timeout.denomination = 1s (default)
2020-05-29 04:34:41,676 [26d97194-faf6-4699-94a1-8e41170820b2@group-6644BCC75148-LeaderElection20] INFO  server.RaftServerConfigKeys (ConfUtils.java:logGet(44)) - raft.server.watch.element-limit = 65536 (default)
2020-05-29 04:34:41,676 [26d97194-faf6-4699-94a1-8e41170820b2@group-6644BCC75148-LeaderElection20] INFO  impl.RoleInfo (RoleInfo.java:updateAndGet(143)) - 26d97194-faf6-4699-94a1-8e41170820b2: start LeaderState
2020-05-29 04:34:41,677 [26d97194-faf6-4699-94a1-8e41170820b2@group-6644BCC75148-LeaderElection20] INFO  segmented.SegmentedRaftLogWorker (SegmentedRaftLogWorker.java:startLogSegment(391)) - 26d97194-faf6-4699-94a1-8e41170820b2@group-6644BCC75148-SegmentedRaftLogWorker: Starting segment from index:0
2020-05-29 04:34:41,678 [26d97194-faf6-4699-94a1-8e41170820b2@group-6644BCC75148-SegmentedRaftLogWorker] INFO  segmented.SegmentedRaftLogWorker (SegmentedRaftLogWorker.java:execute(583)) - 26d97194-faf6-4699-94a1-8e41170820b2@group-6644BCC75148-SegmentedRaftLogWorker: created new log segment /github/workspace/mnt/ozone/hadoop-ozone/integration-test/target/test-dir/MiniOzoneClusterImpl-12d77cfa-a16c-47e6-aadc-9eca5b4227e3/datanode-6/data/ratis/2516320c-b1cf-4aeb-833f-6644bcc75148/current/log_inprogress_0
2020-05-29 04:34:41,679 [26d97194-faf6-4699-94a1-8e41170820b2@group-6644BCC75148-LeaderElection20] INFO  impl.RaftServerImpl (ServerState.java:setRaftConf(356)) - 26d97194-faf6-4699-94a1-8e41170820b2@group-6644BCC75148: set configuration 0: [26d97194-faf6-4699-94a1-8e41170820b2:172.17.0.2:37273], old=null at 0
2020-05-29 04:34:41,737 [EventQueue-CloseContainerForCloseContainerEventHandler] INFO  container.CloseContainerEventHandler (CloseContainerEventHandler.java:onMessage(61)) - Close container Event triggered for container : #1
2020-05-29 04:34:41,738 [EventQueue-CloseContainerForCloseContainerEventHandler] INFO  container.CloseContainerEventHandler (CloseContainerEventHandler.java:onMessage(61)) - Close container Event triggered for container : #2
2020-05-29 04:34:41,738 [EventQueue-CloseContainerForCloseContainerEventHandler] INFO  container.CloseContainerEventHandler (CloseContainerEventHandler.java:onMessage(61)) - Close container Event triggered for container : #3
2020-05-29 04:34:43,142 [RatisApplyTransactionExecutor 1] INFO  interfaces.Container (KeyValueContainer.java:flushAndSyncDB(387)) - Container 1 is synced with bcsId 15.
2020-05-29 04:34:43,144 [RatisApplyTransactionExecutor 1] INFO  interfaces.Container (KeyValueContainer.java:flushAndSyncDB(387)) - Container 1 is synced with bcsId 15.
2020-05-29 04:34:43,147 [RatisApplyTransactionExecutor 1] INFO  interfaces.Container (KeyValueContainer.java:close(325)) - Container 1 is closed with bcsId 15.
2020-05-29 04:34:43,148 [EventQueue-IncrementalContainerReportForIncrementalContainerReportHandler] INFO  container.IncrementalContainerReportHandler (AbstractContainerReportHandler.java:updateContainerState(178)) - Moving container #1 to CLOSED state, datanode c557ac33-ca51-4a07-934d-526037e69701{ip: 172.17.0.2, host: 69c943251111, networkLocation: /default-rack, certSerialId: null} reported CLOSED replica.
2020-05-29 04:34:43,152 [RatisApplyTransactionExecutor 2] INFO  interfaces.Container (KeyValueContainer.java:flushAndSyncDB(387)) - Container 2 is synced with bcsId 0.
2020-05-29 04:34:43,158 [RatisApplyTransactionExecutor 2] INFO  interfaces.Container (KeyValueContainer.java:flushAndSyncDB(387)) - Container 2 is synced with bcsId 0.
2020-05-29 04:34:43,159 [RatisApplyTransactionExecutor 2] INFO  interfaces.Container (KeyValueContainer.java:close(325)) - Container 2 is closed with bcsId 0.
2020-05-29 04:34:43,160 [EventQueue-IncrementalContainerReportForIncrementalContainerReportHandler] INFO  container.IncrementalContainerReportHandler (AbstractContainerReportHandler.java:updateContainerState(178)) - Moving container #2 to CLOSED state, datanode c557ac33-ca51-4a07-934d-526037e69701{ip: 172.17.0.2, host: 69c943251111, networkLocation: /default-rack, certSerialId: null} reported CLOSED replica.
2020-05-29 04:34:43,165 [RatisApplyTransactionExecutor 3] INFO  interfaces.Container (KeyValueContainer.java:flushAndSyncDB(387)) - Container 3 is synced with bcsId 0.
2020-05-29 04:34:43,165 [RatisApplyTransactionExecutor 3] INFO  interfaces.Container (KeyValueContainer.java:flushAndSyncDB(387)) - Container 3 is synced with bcsId 0.
2020-05-29 04:34:43,167 [RatisApplyTransactionExecutor 3] INFO  interfaces.Container (KeyValueContainer.java:close(325)) - Container 3 is closed with bcsId 0.
2020-05-29 04:34:43,168 [EventQueue-IncrementalContainerReportForIncrementalContainerReportHandler] INFO  container.IncrementalContainerReportHandler (AbstractContainerReportHandler.java:updateContainerState(178)) - Moving container #3 to CLOSED state, datanode c557ac33-ca51-4a07-934d-526037e69701{ip: 172.17.0.2, host: 69c943251111, networkLocation: /default-rack, certSerialId: null} reported CLOSED replica.
04:34:43.243 [grpc-default-executor-1] ERROR DNAudit - user=null | ip=null | op=WRITE_CHUNK {blockData=conID: 1 locID: 104249876910112771 bcsId: 15} | ret=FAILURE
org.apache.hadoop.hdds.scm.container.common.helpers.ContainerNotOpenException: Container 1 in CLOSED state
	at org.apache.hadoop.ozone.container.common.impl.HddsDispatcher.validateContainerCommand(HddsDispatcher.java:478) ~[hadoop-hdds-container-service-0.6.0-SNAPSHOT.jar:?]
	at org.apache.hadoop.ozone.container.common.transport.server.ratis.ContainerStateMachine.startTransaction(ContainerStateMachine.java:314) ~[hadoop-hdds-container-service-0.6.0-SNAPSHOT.jar:?]
	at org.apache.ratis.server.impl.RaftServerImpl.submitClientRequestAsync(RaftServerImpl.java:609) ~[ratis-server-0.6.0-cac3336-SNAPSHOT.jar:0.6.0-cac3336-SNAPSHOT]
	at org.apache.ratis.server.impl.RaftServerProxy.lambda$submitClientRequestAsync$7(RaftServerProxy.java:333) ~[ratis-server-0.6.0-cac3336-SNAPSHOT.jar:0.6.0-cac3336-SNAPSHOT]
	at org.apache.ratis.server.impl.RaftServerProxy.lambda$null$5(RaftServerProxy.java:328) ~[ratis-server-0.6.0-cac3336-SNAPSHOT.jar:0.6.0-cac3336-SNAPSHOT]
	at org.apache.ratis.util.JavaUtils.callAsUnchecked(JavaUtils.java:109) ~[ratis-common-0.6.0-cac3336-SNAPSHOT.jar:0.6.0-cac3336-SNAPSHOT]
	at org.apache.ratis.server.impl.RaftServerProxy.lambda$submitRequest$6(RaftServerProxy.java:328) ~[ratis-server-0.6.0-cac3336-SNAPSHOT.jar:0.6.0-cac3336-SNAPSHOT]
	at java.util.concurrent.CompletableFuture.uniComposeStage(CompletableFuture.java:995) ~[?:1.8.0_232]
	at java.util.concurrent.CompletableFuture.thenCompose(CompletableFuture.java:2137) ~[?:1.8.0_232]
	at org.apache.ratis.server.impl.RaftServerProxy.submitRequest(RaftServerProxy.java:327) ~[ratis-server-0.6.0-cac3336-SNAPSHOT.jar:0.6.0-cac3336-SNAPSHOT]
	at org.apache.ratis.server.impl.RaftServerProxy.submitClientRequestAsync(RaftServerProxy.java:333) ~[ratis-server-0.6.0-cac3336-SNAPSHOT.jar:0.6.0-cac3336-SNAPSHOT]
	at org.apache.ratis.grpc.client.GrpcClientProtocolService$RequestStreamObserver.processClientRequest(GrpcClientProtocolService.java:225) ~[ratis-grpc-0.6.0-cac3336-SNAPSHOT.jar:0.6.0-cac3336-SNAPSHOT]
	at org.apache.ratis.grpc.client.GrpcClientProtocolService$OrderedRequestStreamObserver.processClientRequest(GrpcClientProtocolService.java:331) ~[ratis-grpc-0.6.0-cac3336-SNAPSHOT.jar:0.6.0-cac3336-SNAPSHOT]
	at org.apache.ratis.util.SlidingWindow$Server.processRequestsFromHead(SlidingWindow.java:429) [ratis-common-0.6.0-cac3336-SNAPSHOT.jar:0.6.0-cac3336-SNAPSHOT]
	at org.apache.ratis.util.SlidingWindow$Server.receivedRequest(SlidingWindow.java:421) [ratis-common-0.6.0-cac3336-SNAPSHOT.jar:0.6.0-cac3336-SNAPSHOT]
	at org.apache.ratis.grpc.client.GrpcClientProtocolService$OrderedRequestStreamObserver.processClientRequest(GrpcClientProtocolService.java:355) [ratis-grpc-0.6.0-cac3336-SNAPSHOT.jar:0.6.0-cac3336-SNAPSHOT]
	at org.apache.ratis.grpc.client.GrpcClientProtocolService$RequestStreamObserver.onNext(GrpcClientProtocolService.java:245) [ratis-grpc-0.6.0-cac3336-SNAPSHOT.jar:0.6.0-cac3336-SNAPSHOT]
	at org.apache.ratis.grpc.client.GrpcClientProtocolService$RequestStreamObserver.onNext(GrpcClientProtocolService.java:168) [ratis-grpc-0.6.0-cac3336-SNAPSHOT.jar:0.6.0-cac3336-SNAPSHOT]
	at org.apache.ratis.thirdparty.io.grpc.stub.ServerCalls$StreamingServerCallHandler$StreamingServerCallListener.onMessage(ServerCalls.java:251) [ratis-thirdparty-misc-0.4.0.jar:0.4.0]
	at org.apache.ratis.thirdparty.io.grpc.internal.ServerCallImpl$ServerStreamListenerImpl.messagesAvailableInternal(ServerCallImpl.java:309) [ratis-thirdparty-misc-0.4.0.jar:0.4.0]
	at org.apache.ratis.thirdparty.io.grpc.internal.ServerCallImpl$ServerStreamListenerImpl.messagesAvailable(ServerCallImpl.java:292) [ratis-thirdparty-misc-0.4.0.jar:0.4.0]
	at org.apache.ratis.thirdparty.io.grpc.internal.ServerImpl$JumpToApplicationThreadServerStreamListener$1MessagesAvailable.runInContext(ServerImpl.java:782) [ratis-thirdparty-misc-0.4.0.jar:0.4.0]
	at org.apache.ratis.thirdparty.io.grpc.internal.ContextRunnable.run(ContextRunnable.java:37) [ratis-thirdparty-misc-0.4.0.jar:0.4.0]
	at org.apache.ratis.thirdparty.io.grpc.internal.SerializingExecutor.run(SerializingExecutor.java:123) [ratis-thirdparty-misc-0.4.0.jar:0.4.0]
	at java.util.concurrent.ThreadPoolExecutor.runWorker(ThreadPoolExecutor.java:1149) [?:1.8.0_232]
	at java.util.concurrent.ThreadPoolExecutor$Worker.run(ThreadPoolExecutor.java:624) [?:1.8.0_232]
	at java.lang.Thread.run(Thread.java:748) [?:1.8.0_232]
04:34:43.252 [grpc-default-executor-1] ERROR DNAudit - user=null | ip=null | op=WRITE_CHUNK {blockData=conID: 1 locID: 104249876910112771 bcsId: 15} | ret=FAILURE
org.apache.hadoop.hdds.scm.container.common.helpers.ContainerNotOpenException: Container 1 in CLOSED state
	at org.apache.hadoop.ozone.container.common.impl.HddsDispatcher.validateContainerCommand(HddsDispatcher.java:478) ~[hadoop-hdds-container-service-0.6.0-SNAPSHOT.jar:?]
	at org.apache.hadoop.ozone.container.common.transport.server.ratis.ContainerStateMachine.startTransaction(ContainerStateMachine.java:314) ~[hadoop-hdds-container-service-0.6.0-SNAPSHOT.jar:?]
	at org.apache.ratis.server.impl.RaftServerImpl.submitClientRequestAsync(RaftServerImpl.java:609) ~[ratis-server-0.6.0-cac3336-SNAPSHOT.jar:0.6.0-cac3336-SNAPSHOT]
	at org.apache.ratis.server.impl.RaftServerProxy.lambda$submitClientRequestAsync$7(RaftServerProxy.java:333) ~[ratis-server-0.6.0-cac3336-SNAPSHOT.jar:0.6.0-cac3336-SNAPSHOT]
	at org.apache.ratis.server.impl.RaftServerProxy.lambda$null$5(RaftServerProxy.java:328) ~[ratis-server-0.6.0-cac3336-SNAPSHOT.jar:0.6.0-cac3336-SNAPSHOT]
	at org.apache.ratis.util.JavaUtils.callAsUnchecked(JavaUtils.java:109) ~[ratis-common-0.6.0-cac3336-SNAPSHOT.jar:0.6.0-cac3336-SNAPSHOT]
	at org.apache.ratis.server.impl.RaftServerProxy.lambda$submitRequest$6(RaftServerProxy.java:328) ~[ratis-server-0.6.0-cac3336-SNAPSHOT.jar:0.6.0-cac3336-SNAPSHOT]
	at java.util.concurrent.CompletableFuture.uniComposeStage(CompletableFuture.java:995) ~[?:1.8.0_232]
	at java.util.concurrent.CompletableFuture.thenCompose(CompletableFuture.java:2137) ~[?:1.8.0_232]
	at org.apache.ratis.server.impl.RaftServerProxy.submitRequest(RaftServerProxy.java:327) ~[ratis-server-0.6.0-cac3336-SNAPSHOT.jar:0.6.0-cac3336-SNAPSHOT]
	at org.apache.ratis.server.impl.RaftServerProxy.submitClientRequestAsync(RaftServerProxy.java:333) ~[ratis-server-0.6.0-cac3336-SNAPSHOT.jar:0.6.0-cac3336-SNAPSHOT]
	at org.apache.ratis.grpc.client.GrpcClientProtocolService$RequestStreamObserver.processClientRequest(GrpcClientProtocolService.java:225) ~[ratis-grpc-0.6.0-cac3336-SNAPSHOT.jar:0.6.0-cac3336-SNAPSHOT]
	at org.apache.ratis.grpc.client.GrpcClientProtocolService$OrderedRequestStreamObserver.processClientRequest(GrpcClientProtocolService.java:331) ~[ratis-grpc-0.6.0-cac3336-SNAPSHOT.jar:0.6.0-cac3336-SNAPSHOT]
	at org.apache.ratis.util.SlidingWindow$Server.processRequestsFromHead(SlidingWindow.java:429) [ratis-common-0.6.0-cac3336-SNAPSHOT.jar:0.6.0-cac3336-SNAPSHOT]
	at org.apache.ratis.util.SlidingWindow$Server.receivedRequest(SlidingWindow.java:421) [ratis-common-0.6.0-cac3336-SNAPSHOT.jar:0.6.0-cac3336-SNAPSHOT]
	at org.apache.ratis.grpc.client.GrpcClientProtocolService$OrderedRequestStreamObserver.processClientRequest(GrpcClientProtocolService.java:355) [ratis-grpc-0.6.0-cac3336-SNAPSHOT.jar:0.6.0-cac3336-SNAPSHOT]
	at org.apache.ratis.grpc.client.GrpcClientProtocolService$RequestStreamObserver.onNext(GrpcClientProtocolService.java:245) [ratis-grpc-0.6.0-cac3336-SNAPSHOT.jar:0.6.0-cac3336-SNAPSHOT]
	at org.apache.ratis.grpc.client.GrpcClientProtocolService$RequestStreamObserver.onNext(GrpcClientProtocolService.java:168) [ratis-grpc-0.6.0-cac3336-SNAPSHOT.jar:0.6.0-cac3336-SNAPSHOT]
	at org.apache.ratis.thirdparty.io.grpc.stub.ServerCalls$StreamingServerCallHandler$StreamingServerCallListener.onMessage(ServerCalls.java:251) [ratis-thirdparty-misc-0.4.0.jar:0.4.0]
	at org.apache.ratis.thirdparty.io.grpc.internal.ServerCallImpl$ServerStreamListenerImpl.messagesAvailableInternal(ServerCallImpl.java:309) [ratis-thirdparty-misc-0.4.0.jar:0.4.0]
	at org.apache.ratis.thirdparty.io.grpc.internal.ServerCallImpl$ServerStreamListenerImpl.messagesAvailable(ServerCallImpl.java:292) [ratis-thirdparty-misc-0.4.0.jar:0.4.0]
	at org.apache.ratis.thirdparty.io.grpc.internal.ServerImpl$JumpToApplicationThreadServerStreamListener$1MessagesAvailable.runInContext(ServerImpl.java:782) [ratis-thirdparty-misc-0.4.0.jar:0.4.0]
	at org.apache.ratis.thirdparty.io.grpc.internal.ContextRunnable.run(ContextRunnable.java:37) [ratis-thirdparty-misc-0.4.0.jar:0.4.0]
	at org.apache.ratis.thirdparty.io.grpc.internal.SerializingExecutor.run(SerializingExecutor.java:123) [ratis-thirdparty-misc-0.4.0.jar:0.4.0]
	at java.util.concurrent.ThreadPoolExecutor.runWorker(ThreadPoolExecutor.java:1149) [?:1.8.0_232]
	at java.util.concurrent.ThreadPoolExecutor$Worker.run(ThreadPoolExecutor.java:624) [?:1.8.0_232]
	at java.lang.Thread.run(Thread.java:748) [?:1.8.0_232]
04:34:43.267 [grpc-default-executor-1] ERROR DNAudit - user=null | ip=null | op=PUT_BLOCK {blockData=[blockId=conID: 1 locID: 104249876910112771 bcsId: 0,size=600]} | ret=FAILURE
org.apache.hadoop.hdds.scm.container.common.helpers.ContainerNotOpenException: Container 1 in CLOSED state
	at org.apache.hadoop.ozone.container.common.impl.HddsDispatcher.validateContainerCommand(HddsDispatcher.java:478) ~[hadoop-hdds-container-service-0.6.0-SNAPSHOT.jar:?]
	at org.apache.hadoop.ozone.container.common.transport.server.ratis.ContainerStateMachine.startTransaction(ContainerStateMachine.java:314) ~[hadoop-hdds-container-service-0.6.0-SNAPSHOT.jar:?]
	at org.apache.ratis.server.impl.RaftServerImpl.submitClientRequestAsync(RaftServerImpl.java:609) ~[ratis-server-0.6.0-cac3336-SNAPSHOT.jar:0.6.0-cac3336-SNAPSHOT]
	at org.apache.ratis.server.impl.RaftServerProxy.lambda$submitClientRequestAsync$7(RaftServerProxy.java:333) ~[ratis-server-0.6.0-cac3336-SNAPSHOT.jar:0.6.0-cac3336-SNAPSHOT]
	at org.apache.ratis.server.impl.RaftServerProxy.lambda$null$5(RaftServerProxy.java:328) ~[ratis-server-0.6.0-cac3336-SNAPSHOT.jar:0.6.0-cac3336-SNAPSHOT]
	at org.apache.ratis.util.JavaUtils.callAsUnchecked(JavaUtils.java:109) ~[ratis-common-0.6.0-cac3336-SNAPSHOT.jar:0.6.0-cac3336-SNAPSHOT]
	at org.apache.ratis.server.impl.RaftServerProxy.lambda$submitRequest$6(RaftServerProxy.java:328) ~[ratis-server-0.6.0-cac3336-SNAPSHOT.jar:0.6.0-cac3336-SNAPSHOT]
	at java.util.concurrent.CompletableFuture.uniComposeStage(CompletableFuture.java:995) ~[?:1.8.0_232]
	at java.util.concurrent.CompletableFuture.thenCompose(CompletableFuture.java:2137) ~[?:1.8.0_232]
	at org.apache.ratis.server.impl.RaftServerProxy.submitRequest(RaftServerProxy.java:327) ~[ratis-server-0.6.0-cac3336-SNAPSHOT.jar:0.6.0-cac3336-SNAPSHOT]
	at org.apache.ratis.server.impl.RaftServerProxy.submitClientRequestAsync(RaftServerProxy.java:333) ~[ratis-server-0.6.0-cac3336-SNAPSHOT.jar:0.6.0-cac3336-SNAPSHOT]
	at org.apache.ratis.grpc.client.GrpcClientProtocolService$RequestStreamObserver.processClientRequest(GrpcClientProtocolService.java:225) ~[ratis-grpc-0.6.0-cac3336-SNAPSHOT.jar:0.6.0-cac3336-SNAPSHOT]
	at org.apache.ratis.grpc.client.GrpcClientProtocolService$OrderedRequestStreamObserver.processClientRequest(GrpcClientProtocolService.java:331) ~[ratis-grpc-0.6.0-cac3336-SNAPSHOT.jar:0.6.0-cac3336-SNAPSHOT]
	at org.apache.ratis.util.SlidingWindow$Server.processRequestsFromHead(SlidingWindow.java:429) [ratis-common-0.6.0-cac3336-SNAPSHOT.jar:0.6.0-cac3336-SNAPSHOT]
	at org.apache.ratis.util.SlidingWindow$Server.receivedRequest(SlidingWindow.java:421) [ratis-common-0.6.0-cac3336-SNAPSHOT.jar:0.6.0-cac3336-SNAPSHOT]
	at org.apache.ratis.grpc.client.GrpcClientProtocolService$OrderedRequestStreamObserver.processClientRequest(GrpcClientProtocolService.java:355) [ratis-grpc-0.6.0-cac3336-SNAPSHOT.jar:0.6.0-cac3336-SNAPSHOT]
	at org.apache.ratis.grpc.client.GrpcClientProtocolService$RequestStreamObserver.onNext(GrpcClientProtocolService.java:245) [ratis-grpc-0.6.0-cac3336-SNAPSHOT.jar:0.6.0-cac3336-SNAPSHOT]
	at org.apache.ratis.grpc.client.GrpcClientProtocolService$RequestStreamObserver.onNext(GrpcClientProtocolService.java:168) [ratis-grpc-0.6.0-cac3336-SNAPSHOT.jar:0.6.0-cac3336-SNAPSHOT]
	at org.apache.ratis.thirdparty.io.grpc.stub.ServerCalls$StreamingServerCallHandler$StreamingServerCallListener.onMessage(ServerCalls.java:251) [ratis-thirdparty-misc-0.4.0.jar:0.4.0]
	at org.apache.ratis.thirdparty.io.grpc.internal.ServerCallImpl$ServerStreamListenerImpl.messagesAvailableInternal(ServerCallImpl.java:309) [ratis-thirdparty-misc-0.4.0.jar:0.4.0]
	at org.apache.ratis.thirdparty.io.grpc.internal.ServerCallImpl$ServerStreamListenerImpl.messagesAvailable(ServerCallImpl.java:292) [ratis-thirdparty-misc-0.4.0.jar:0.4.0]
	at org.apache.ratis.thirdparty.io.grpc.internal.ServerImpl$JumpToApplicationThreadServerStreamListener$1MessagesAvailable.runInContext(ServerImpl.java:782) [ratis-thirdparty-misc-0.4.0.jar:0.4.0]
	at org.apache.ratis.thirdparty.io.grpc.internal.ContextRunnable.run(ContextRunnable.java:37) [ratis-thirdparty-misc-0.4.0.jar:0.4.0]
	at org.apache.ratis.thirdparty.io.grpc.internal.SerializingExecutor.run(SerializingExecutor.java:123) [ratis-thirdparty-misc-0.4.0.jar:0.4.0]
	at java.util.concurrent.ThreadPoolExecutor.runWorker(ThreadPoolExecutor.java:1149) [?:1.8.0_232]
	at java.util.concurrent.ThreadPoolExecutor$Worker.run(ThreadPoolExecutor.java:624) [?:1.8.0_232]
	at java.lang.Thread.run(Thread.java:748) [?:1.8.0_232]
04:34:43.283 [grpc-default-executor-1] ERROR DNAudit - user=null | ip=null | op=WRITE_CHUNK {blockData=conID: 1 locID: 104249876910112771 bcsId: 15} | ret=FAILURE
org.apache.hadoop.hdds.scm.container.common.helpers.ContainerNotOpenException: Container 1 in CLOSED state
	at org.apache.hadoop.ozone.container.common.impl.HddsDispatcher.validateContainerCommand(HddsDispatcher.java:478) ~[hadoop-hdds-container-service-0.6.0-SNAPSHOT.jar:?]
	at org.apache.hadoop.ozone.container.common.transport.server.ratis.ContainerStateMachine.startTransaction(ContainerStateMachine.java:314) ~[hadoop-hdds-container-service-0.6.0-SNAPSHOT.jar:?]
	at org.apache.ratis.server.impl.RaftServerImpl.submitClientRequestAsync(RaftServerImpl.java:609) ~[ratis-server-0.6.0-cac3336-SNAPSHOT.jar:0.6.0-cac3336-SNAPSHOT]
	at org.apache.ratis.server.impl.RaftServerProxy.lambda$submitClientRequestAsync$7(RaftServerProxy.java:333) ~[ratis-server-0.6.0-cac3336-SNAPSHOT.jar:0.6.0-cac3336-SNAPSHOT]
	at org.apache.ratis.server.impl.RaftServerProxy.lambda$null$5(RaftServerProxy.java:328) ~[ratis-server-0.6.0-cac3336-SNAPSHOT.jar:0.6.0-cac3336-SNAPSHOT]
	at org.apache.ratis.util.JavaUtils.callAsUnchecked(JavaUtils.java:109) ~[ratis-common-0.6.0-cac3336-SNAPSHOT.jar:0.6.0-cac3336-SNAPSHOT]
	at org.apache.ratis.server.impl.RaftServerProxy.lambda$submitRequest$6(RaftServerProxy.java:328) ~[ratis-server-0.6.0-cac3336-SNAPSHOT.jar:0.6.0-cac3336-SNAPSHOT]
	at java.util.concurrent.CompletableFuture.uniComposeStage(CompletableFuture.java:995) ~[?:1.8.0_232]
	at java.util.concurrent.CompletableFuture.thenCompose(CompletableFuture.java:2137) ~[?:1.8.0_232]
	at org.apache.ratis.server.impl.RaftServerProxy.submitRequest(RaftServerProxy.java:327) ~[ratis-server-0.6.0-cac3336-SNAPSHOT.jar:0.6.0-cac3336-SNAPSHOT]
	at org.apache.ratis.server.impl.RaftServerProxy.submitClientRequestAsync(RaftServerProxy.java:333) ~[ratis-server-0.6.0-cac3336-SNAPSHOT.jar:0.6.0-cac3336-SNAPSHOT]
	at org.apache.ratis.grpc.client.GrpcClientProtocolService$RequestStreamObserver.processClientRequest(GrpcClientProtocolService.java:225) ~[ratis-grpc-0.6.0-cac3336-SNAPSHOT.jar:0.6.0-cac3336-SNAPSHOT]
	at org.apache.ratis.grpc.client.GrpcClientProtocolService$OrderedRequestStreamObserver.processClientRequest(GrpcClientProtocolService.java:331) ~[ratis-grpc-0.6.0-cac3336-SNAPSHOT.jar:0.6.0-cac3336-SNAPSHOT]
	at org.apache.ratis.util.SlidingWindow$Server.processRequestsFromHead(SlidingWindow.java:429) [ratis-common-0.6.0-cac3336-SNAPSHOT.jar:0.6.0-cac3336-SNAPSHOT]
	at org.apache.ratis.util.SlidingWindow$Server.receivedRequest(SlidingWindow.java:421) [ratis-common-0.6.0-cac3336-SNAPSHOT.jar:0.6.0-cac3336-SNAPSHOT]
	at org.apache.ratis.grpc.client.GrpcClientProtocolService$OrderedRequestStreamObserver.processClientRequest(GrpcClientProtocolService.java:355) [ratis-grpc-0.6.0-cac3336-SNAPSHOT.jar:0.6.0-cac3336-SNAPSHOT]
	at org.apache.ratis.grpc.client.GrpcClientProtocolService$RequestStreamObserver.onNext(GrpcClientProtocolService.java:245) [ratis-grpc-0.6.0-cac3336-SNAPSHOT.jar:0.6.0-cac3336-SNAPSHOT]
	at org.apache.ratis.grpc.client.GrpcClientProtocolService$RequestStreamObserver.onNext(GrpcClientProtocolService.java:168) [ratis-grpc-0.6.0-cac3336-SNAPSHOT.jar:0.6.0-cac3336-SNAPSHOT]
	at org.apache.ratis.thirdparty.io.grpc.stub.ServerCalls$StreamingServerCallHandler$StreamingServerCallListener.onMessage(ServerCalls.java:251) [ratis-thirdparty-misc-0.4.0.jar:0.4.0]
	at org.apache.ratis.thirdparty.io.grpc.internal.ServerCallImpl$ServerStreamListenerImpl.messagesAvailableInternal(ServerCallImpl.java:309) [ratis-thirdparty-misc-0.4.0.jar:0.4.0]
	at org.apache.ratis.thirdparty.io.grpc.internal.ServerCallImpl$ServerStreamListenerImpl.messagesAvailable(ServerCallImpl.java:292) [ratis-thirdparty-misc-0.4.0.jar:0.4.0]
	at org.apache.ratis.thirdparty.io.grpc.internal.ServerImpl$JumpToApplicationThreadServerStreamListener$1MessagesAvailable.runInContext(ServerImpl.java:782) [ratis-thirdparty-misc-0.4.0.jar:0.4.0]
	at org.apache.ratis.thirdparty.io.grpc.internal.ContextRunnable.run(ContextRunnable.java:37) [ratis-thirdparty-misc-0.4.0.jar:0.4.0]
	at org.apache.ratis.thirdparty.io.grpc.internal.SerializingExecutor.run(SerializingExecutor.java:123) [ratis-thirdparty-misc-0.4.0.jar:0.4.0]
	at java.util.concurrent.ThreadPoolExecutor.runWorker(ThreadPoolExecutor.java:1149) [?:1.8.0_232]
	at java.util.concurrent.ThreadPoolExecutor$Worker.run(ThreadPoolExecutor.java:624) [?:1.8.0_232]
	at java.lang.Thread.run(Thread.java:748) [?:1.8.0_232]
04:34:43.288 [grpc-default-executor-1] ERROR DNAudit - user=null | ip=null | op=WRITE_CHUNK {blockData=conID: 1 locID: 104249876910112771 bcsId: 15} | ret=FAILURE
org.apache.hadoop.hdds.scm.container.common.helpers.ContainerNotOpenException: Container 1 in CLOSED state
	at org.apache.hadoop.ozone.container.common.impl.HddsDispatcher.validateContainerCommand(HddsDispatcher.java:478) ~[hadoop-hdds-container-service-0.6.0-SNAPSHOT.jar:?]
	at org.apache.hadoop.ozone.container.common.transport.server.ratis.ContainerStateMachine.startTransaction(ContainerStateMachine.java:314) ~[hadoop-hdds-container-service-0.6.0-SNAPSHOT.jar:?]
	at org.apache.ratis.server.impl.RaftServerImpl.submitClientRequestAsync(RaftServerImpl.java:609) ~[ratis-server-0.6.0-cac3336-SNAPSHOT.jar:0.6.0-cac3336-SNAPSHOT]
	at org.apache.ratis.server.impl.RaftServerProxy.lambda$submitClientRequestAsync$7(RaftServerProxy.java:333) ~[ratis-server-0.6.0-cac3336-SNAPSHOT.jar:0.6.0-cac3336-SNAPSHOT]
	at org.apache.ratis.server.impl.RaftServerProxy.lambda$null$5(RaftServerProxy.java:328) ~[ratis-server-0.6.0-cac3336-SNAPSHOT.jar:0.6.0-cac3336-SNAPSHOT]
	at org.apache.ratis.util.JavaUtils.callAsUnchecked(JavaUtils.java:109) ~[ratis-common-0.6.0-cac3336-SNAPSHOT.jar:0.6.0-cac3336-SNAPSHOT]
	at org.apache.ratis.server.impl.RaftServerProxy.lambda$submitRequest$6(RaftServerProxy.java:328) ~[ratis-server-0.6.0-cac3336-SNAPSHOT.jar:0.6.0-cac3336-SNAPSHOT]
	at java.util.concurrent.CompletableFuture.uniComposeStage(CompletableFuture.java:995) ~[?:1.8.0_232]
	at java.util.concurrent.CompletableFuture.thenCompose(CompletableFuture.java:2137) ~[?:1.8.0_232]
	at org.apache.ratis.server.impl.RaftServerProxy.submitRequest(RaftServerProxy.java:327) ~[ratis-server-0.6.0-cac3336-SNAPSHOT.jar:0.6.0-cac3336-SNAPSHOT]
	at org.apache.ratis.server.impl.RaftServerProxy.submitClientRequestAsync(RaftServerProxy.java:333) ~[ratis-server-0.6.0-cac3336-SNAPSHOT.jar:0.6.0-cac3336-SNAPSHOT]
	at org.apache.ratis.grpc.client.GrpcClientProtocolService$RequestStreamObserver.processClientRequest(GrpcClientProtocolService.java:225) ~[ratis-grpc-0.6.0-cac3336-SNAPSHOT.jar:0.6.0-cac3336-SNAPSHOT]
	at org.apache.ratis.grpc.client.GrpcClientProtocolService$OrderedRequestStreamObserver.processClientRequest(GrpcClientProtocolService.java:331) ~[ratis-grpc-0.6.0-cac3336-SNAPSHOT.jar:0.6.0-cac3336-SNAPSHOT]
	at org.apache.ratis.util.SlidingWindow$Server.processRequestsFromHead(SlidingWindow.java:429) [ratis-common-0.6.0-cac3336-SNAPSHOT.jar:0.6.0-cac3336-SNAPSHOT]
	at org.apache.ratis.util.SlidingWindow$Server.receivedRequest(SlidingWindow.java:421) [ratis-common-0.6.0-cac3336-SNAPSHOT.jar:0.6.0-cac3336-SNAPSHOT]
	at org.apache.ratis.grpc.client.GrpcClientProtocolService$OrderedRequestStreamObserver.processClientRequest(GrpcClientProtocolService.java:355) [ratis-grpc-0.6.0-cac3336-SNAPSHOT.jar:0.6.0-cac3336-SNAPSHOT]
	at org.apache.ratis.grpc.client.GrpcClientProtocolService$RequestStreamObserver.onNext(GrpcClientProtocolService.java:245) [ratis-grpc-0.6.0-cac3336-SNAPSHOT.jar:0.6.0-cac3336-SNAPSHOT]
	at org.apache.ratis.grpc.client.GrpcClientProtocolService$RequestStreamObserver.onNext(GrpcClientProtocolService.java:168) [ratis-grpc-0.6.0-cac3336-SNAPSHOT.jar:0.6.0-cac3336-SNAPSHOT]
	at org.apache.ratis.thirdparty.io.grpc.stub.ServerCalls$StreamingServerCallHandler$StreamingServerCallListener.onMessage(ServerCalls.java:251) [ratis-thirdparty-misc-0.4.0.jar:0.4.0]
	at org.apache.ratis.thirdparty.io.grpc.internal.ServerCallImpl$ServerStreamListenerImpl.messagesAvailableInternal(ServerCallImpl.java:309) [ratis-thirdparty-misc-0.4.0.jar:0.4.0]
	at org.apache.ratis.thirdparty.io.grpc.internal.ServerCallImpl$ServerStreamListenerImpl.messagesAvailable(ServerCallImpl.java:292) [ratis-thirdparty-misc-0.4.0.jar:0.4.0]
	at org.apache.ratis.thirdparty.io.grpc.internal.ServerImpl$JumpToApplicationThreadServerStreamListener$1MessagesAvailable.runInContext(ServerImpl.java:782) [ratis-thirdparty-misc-0.4.0.jar:0.4.0]
	at org.apache.ratis.thirdparty.io.grpc.internal.ContextRunnable.run(ContextRunnable.java:37) [ratis-thirdparty-misc-0.4.0.jar:0.4.0]
	at org.apache.ratis.thirdparty.io.grpc.internal.SerializingExecutor.run(SerializingExecutor.java:123) [ratis-thirdparty-misc-0.4.0.jar:0.4.0]
	at java.util.concurrent.ThreadPoolExecutor.runWorker(ThreadPoolExecutor.java:1149) [?:1.8.0_232]
	at java.util.concurrent.ThreadPoolExecutor$Worker.run(ThreadPoolExecutor.java:624) [?:1.8.0_232]
	at java.lang.Thread.run(Thread.java:748) [?:1.8.0_232]
04:34:43.289 [grpc-default-executor-1] ERROR DNAudit - user=null | ip=null | op=PUT_BLOCK {blockData=[blockId=conID: 1 locID: 104249876910112771 bcsId: 0,size=800]} | ret=FAILURE
org.apache.hadoop.hdds.scm.container.common.helpers.ContainerNotOpenException: Container 1 in CLOSED state
	at org.apache.hadoop.ozone.container.common.impl.HddsDispatcher.validateContainerCommand(HddsDispatcher.java:478) ~[hadoop-hdds-container-service-0.6.0-SNAPSHOT.jar:?]
	at org.apache.hadoop.ozone.container.common.transport.server.ratis.ContainerStateMachine.startTransaction(ContainerStateMachine.java:314) ~[hadoop-hdds-container-service-0.6.0-SNAPSHOT.jar:?]
	at org.apache.ratis.server.impl.RaftServerImpl.submitClientRequestAsync(RaftServerImpl.java:609) ~[ratis-server-0.6.0-cac3336-SNAPSHOT.jar:0.6.0-cac3336-SNAPSHOT]
	at org.apache.ratis.server.impl.RaftServerProxy.lambda$submitClientRequestAsync$7(RaftServerProxy.java:333) ~[ratis-server-0.6.0-cac3336-SNAPSHOT.jar:0.6.0-cac3336-SNAPSHOT]
	at org.apache.ratis.server.impl.RaftServerProxy.lambda$null$5(RaftServerProxy.java:328) ~[ratis-server-0.6.0-cac3336-SNAPSHOT.jar:0.6.0-cac3336-SNAPSHOT]
	at org.apache.ratis.util.JavaUtils.callAsUnchecked(JavaUtils.java:109) ~[ratis-common-0.6.0-cac3336-SNAPSHOT.jar:0.6.0-cac3336-SNAPSHOT]
	at org.apache.ratis.server.impl.RaftServerProxy.lambda$submitRequest$6(RaftServerProxy.java:328) ~[ratis-server-0.6.0-cac3336-SNAPSHOT.jar:0.6.0-cac3336-SNAPSHOT]
	at java.util.concurrent.CompletableFuture.uniComposeStage(CompletableFuture.java:995) ~[?:1.8.0_232]
	at java.util.concurrent.CompletableFuture.thenCompose(CompletableFuture.java:2137) ~[?:1.8.0_232]
	at org.apache.ratis.server.impl.RaftServerProxy.submitRequest(RaftServerProxy.java:327) ~[ratis-server-0.6.0-cac3336-SNAPSHOT.jar:0.6.0-cac3336-SNAPSHOT]
	at org.apache.ratis.server.impl.RaftServerProxy.submitClientRequestAsync(RaftServerProxy.java:333) ~[ratis-server-0.6.0-cac3336-SNAPSHOT.jar:0.6.0-cac3336-SNAPSHOT]
	at org.apache.ratis.grpc.client.GrpcClientProtocolService$RequestStreamObserver.processClientRequest(GrpcClientProtocolService.java:225) ~[ratis-grpc-0.6.0-cac3336-SNAPSHOT.jar:0.6.0-cac3336-SNAPSHOT]
	at org.apache.ratis.grpc.client.GrpcClientProtocolService$OrderedRequestStreamObserver.processClientRequest(GrpcClientProtocolService.java:331) ~[ratis-grpc-0.6.0-cac3336-SNAPSHOT.jar:0.6.0-cac3336-SNAPSHOT]
	at org.apache.ratis.util.SlidingWindow$Server.processRequestsFromHead(SlidingWindow.java:429) [ratis-common-0.6.0-cac3336-SNAPSHOT.jar:0.6.0-cac3336-SNAPSHOT]
	at org.apache.ratis.util.SlidingWindow$Server.receivedRequest(SlidingWindow.java:421) [ratis-common-0.6.0-cac3336-SNAPSHOT.jar:0.6.0-cac3336-SNAPSHOT]
	at org.apache.ratis.grpc.client.GrpcClientProtocolService$OrderedRequestStreamObserver.processClientRequest(GrpcClientProtocolService.java:355) [ratis-grpc-0.6.0-cac3336-SNAPSHOT.jar:0.6.0-cac3336-SNAPSHOT]
	at org.apache.ratis.grpc.client.GrpcClientProtocolService$RequestStreamObserver.onNext(GrpcClientProtocolService.java:245) [ratis-grpc-0.6.0-cac3336-SNAPSHOT.jar:0.6.0-cac3336-SNAPSHOT]
	at org.apache.ratis.grpc.client.GrpcClientProtocolService$RequestStreamObserver.onNext(GrpcClientProtocolService.java:168) [ratis-grpc-0.6.0-cac3336-SNAPSHOT.jar:0.6.0-cac3336-SNAPSHOT]
	at org.apache.ratis.thirdparty.io.grpc.stub.ServerCalls$StreamingServerCallHandler$StreamingServerCallListener.onMessage(ServerCalls.java:251) [ratis-thirdparty-misc-0.4.0.jar:0.4.0]
	at org.apache.ratis.thirdparty.io.grpc.internal.ServerCallImpl$ServerStreamListenerImpl.messagesAvailableInternal(ServerCallImpl.java:309) [ratis-thirdparty-misc-0.4.0.jar:0.4.0]
	at org.apache.ratis.thirdparty.io.grpc.internal.ServerCallImpl$ServerStreamListenerImpl.messagesAvailable(ServerCallImpl.java:292) [ratis-thirdparty-misc-0.4.0.jar:0.4.0]
	at org.apache.ratis.thirdparty.io.grpc.internal.ServerImpl$JumpToApplicationThreadServerStreamListener$1MessagesAvailable.runInContext(ServerImpl.java:782) [ratis-thirdparty-misc-0.4.0.jar:0.4.0]
	at org.apache.ratis.thirdparty.io.grpc.internal.ContextRunnable.run(ContextRunnable.java:37) [ratis-thirdparty-misc-0.4.0.jar:0.4.0]
	at org.apache.ratis.thirdparty.io.grpc.internal.SerializingExecutor.run(SerializingExecutor.java:123) [ratis-thirdparty-misc-0.4.0.jar:0.4.0]
	at java.util.concurrent.ThreadPoolExecutor.runWorker(ThreadPoolExecutor.java:1149) [?:1.8.0_232]
	at java.util.concurrent.ThreadPoolExecutor$Worker.run(ThreadPoolExecutor.java:624) [?:1.8.0_232]
	at java.lang.Thread.run(Thread.java:748) [?:1.8.0_232]
04:34:43.310 [grpc-default-executor-1] ERROR DNAudit - user=null | ip=null | op=WRITE_CHUNK {blockData=conID: 2 locID: 104249876910112772 bcsId: 0} | ret=FAILURE
org.apache.hadoop.hdds.scm.container.common.helpers.ContainerNotOpenException: Container 2 in CLOSED state
	at org.apache.hadoop.ozone.container.common.impl.HddsDispatcher.validateContainerCommand(HddsDispatcher.java:478) ~[hadoop-hdds-container-service-0.6.0-SNAPSHOT.jar:?]
	at org.apache.hadoop.ozone.container.common.transport.server.ratis.ContainerStateMachine.startTransaction(ContainerStateMachine.java:314) ~[hadoop-hdds-container-service-0.6.0-SNAPSHOT.jar:?]
	at org.apache.ratis.server.impl.RaftServerImpl.submitClientRequestAsync(RaftServerImpl.java:609) ~[ratis-server-0.6.0-cac3336-SNAPSHOT.jar:0.6.0-cac3336-SNAPSHOT]
	at org.apache.ratis.server.impl.RaftServerProxy.lambda$submitClientRequestAsync$7(RaftServerProxy.java:333) ~[ratis-server-0.6.0-cac3336-SNAPSHOT.jar:0.6.0-cac3336-SNAPSHOT]
	at org.apache.ratis.server.impl.RaftServerProxy.lambda$null$5(RaftServerProxy.java:328) ~[ratis-server-0.6.0-cac3336-SNAPSHOT.jar:0.6.0-cac3336-SNAPSHOT]
	at org.apache.ratis.util.JavaUtils.callAsUnchecked(JavaUtils.java:109) ~[ratis-common-0.6.0-cac3336-SNAPSHOT.jar:0.6.0-cac3336-SNAPSHOT]
	at org.apache.ratis.server.impl.RaftServerProxy.lambda$submitRequest$6(RaftServerProxy.java:328) ~[ratis-server-0.6.0-cac3336-SNAPSHOT.jar:0.6.0-cac3336-SNAPSHOT]
	at java.util.concurrent.CompletableFuture.uniComposeStage(CompletableFuture.java:995) ~[?:1.8.0_232]
	at java.util.concurrent.CompletableFuture.thenCompose(CompletableFuture.java:2137) ~[?:1.8.0_232]
	at org.apache.ratis.server.impl.RaftServerProxy.submitRequest(RaftServerProxy.java:327) ~[ratis-server-0.6.0-cac3336-SNAPSHOT.jar:0.6.0-cac3336-SNAPSHOT]
	at org.apache.ratis.server.impl.RaftServerProxy.submitClientRequestAsync(RaftServerProxy.java:333) ~[ratis-server-0.6.0-cac3336-SNAPSHOT.jar:0.6.0-cac3336-SNAPSHOT]
	at org.apache.ratis.grpc.client.GrpcClientProtocolService$RequestStreamObserver.processClientRequest(GrpcClientProtocolService.java:225) ~[ratis-grpc-0.6.0-cac3336-SNAPSHOT.jar:0.6.0-cac3336-SNAPSHOT]
	at org.apache.ratis.grpc.client.GrpcClientProtocolService$OrderedRequestStreamObserver.processClientRequest(GrpcClientProtocolService.java:331) ~[ratis-grpc-0.6.0-cac3336-SNAPSHOT.jar:0.6.0-cac3336-SNAPSHOT]
	at org.apache.ratis.util.SlidingWindow$Server.processRequestsFromHead(SlidingWindow.java:429) [ratis-common-0.6.0-cac3336-SNAPSHOT.jar:0.6.0-cac3336-SNAPSHOT]
	at org.apache.ratis.util.SlidingWindow$Server.receivedRequest(SlidingWindow.java:421) [ratis-common-0.6.0-cac3336-SNAPSHOT.jar:0.6.0-cac3336-SNAPSHOT]
	at org.apache.ratis.grpc.client.GrpcClientProtocolService$OrderedRequestStreamObserver.processClientRequest(GrpcClientProtocolService.java:355) [ratis-grpc-0.6.0-cac3336-SNAPSHOT.jar:0.6.0-cac3336-SNAPSHOT]
	at org.apache.ratis.grpc.client.GrpcClientProtocolService$RequestStreamObserver.onNext(GrpcClientProtocolService.java:245) [ratis-grpc-0.6.0-cac3336-SNAPSHOT.jar:0.6.0-cac3336-SNAPSHOT]
	at org.apache.ratis.grpc.client.GrpcClientProtocolService$RequestStreamObserver.onNext(GrpcClientProtocolService.java:168) [ratis-grpc-0.6.0-cac3336-SNAPSHOT.jar:0.6.0-cac3336-SNAPSHOT]
	at org.apache.ratis.thirdparty.io.grpc.stub.ServerCalls$StreamingServerCallHandler$StreamingServerCallListener.onMessage(ServerCalls.java:251) [ratis-thirdparty-misc-0.4.0.jar:0.4.0]
	at org.apache.ratis.thirdparty.io.grpc.internal.ServerCallImpl$ServerStreamListenerImpl.messagesAvailableInternal(ServerCallImpl.java:309) [ratis-thirdparty-misc-0.4.0.jar:0.4.0]
	at org.apache.ratis.thirdparty.io.grpc.internal.ServerCallImpl$ServerStreamListenerImpl.messagesAvailable(ServerCallImpl.java:292) [ratis-thirdparty-misc-0.4.0.jar:0.4.0]
	at org.apache.ratis.thirdparty.io.grpc.internal.ServerImpl$JumpToApplicationThreadServerStreamListener$1MessagesAvailable.runInContext(ServerImpl.java:782) [ratis-thirdparty-misc-0.4.0.jar:0.4.0]
	at org.apache.ratis.thirdparty.io.grpc.internal.ContextRunnable.run(ContextRunnable.java:37) [ratis-thirdparty-misc-0.4.0.jar:0.4.0]
	at org.apache.ratis.thirdparty.io.grpc.internal.SerializingExecutor.run(SerializingExecutor.java:123) [ratis-thirdparty-misc-0.4.0.jar:0.4.0]
	at java.util.concurrent.ThreadPoolExecutor.runWorker(ThreadPoolExecutor.java:1149) [?:1.8.0_232]
	at java.util.concurrent.ThreadPoolExecutor$Worker.run(ThreadPoolExecutor.java:624) [?:1.8.0_232]
	at java.lang.Thread.run(Thread.java:748) [?:1.8.0_232]
04:34:43.314 [grpc-default-executor-1] ERROR DNAudit - user=null | ip=null | op=WRITE_CHUNK {blockData=conID: 2 locID: 104249876910112772 bcsId: 0} | ret=FAILURE
org.apache.hadoop.hdds.scm.container.common.helpers.ContainerNotOpenException: Container 2 in CLOSED state
	at org.apache.hadoop.ozone.container.common.impl.HddsDispatcher.validateContainerCommand(HddsDispatcher.java:478) ~[hadoop-hdds-container-service-0.6.0-SNAPSHOT.jar:?]
	at org.apache.hadoop.ozone.container.common.transport.server.ratis.ContainerStateMachine.startTransaction(ContainerStateMachine.java:314) ~[hadoop-hdds-container-service-0.6.0-SNAPSHOT.jar:?]
	at org.apache.ratis.server.impl.RaftServerImpl.submitClientRequestAsync(RaftServerImpl.java:609) ~[ratis-server-0.6.0-cac3336-SNAPSHOT.jar:0.6.0-cac3336-SNAPSHOT]
	at org.apache.ratis.server.impl.RaftServerProxy.lambda$submitClientRequestAsync$7(RaftServerProxy.java:333) ~[ratis-server-0.6.0-cac3336-SNAPSHOT.jar:0.6.0-cac3336-SNAPSHOT]
	at org.apache.ratis.server.impl.RaftServerProxy.lambda$null$5(RaftServerProxy.java:328) ~[ratis-server-0.6.0-cac3336-SNAPSHOT.jar:0.6.0-cac3336-SNAPSHOT]
	at org.apache.ratis.util.JavaUtils.callAsUnchecked(JavaUtils.java:109) ~[ratis-common-0.6.0-cac3336-SNAPSHOT.jar:0.6.0-cac3336-SNAPSHOT]
	at org.apache.ratis.server.impl.RaftServerProxy.lambda$submitRequest$6(RaftServerProxy.java:328) ~[ratis-server-0.6.0-cac3336-SNAPSHOT.jar:0.6.0-cac3336-SNAPSHOT]
	at java.util.concurrent.CompletableFuture.uniComposeStage(CompletableFuture.java:995) ~[?:1.8.0_232]
	at java.util.concurrent.CompletableFuture.thenCompose(CompletableFuture.java:2137) ~[?:1.8.0_232]
	at org.apache.ratis.server.impl.RaftServerProxy.submitRequest(RaftServerProxy.java:327) ~[ratis-server-0.6.0-cac3336-SNAPSHOT.jar:0.6.0-cac3336-SNAPSHOT]
	at org.apache.ratis.server.impl.RaftServerProxy.submitClientRequestAsync(RaftServerProxy.java:333) ~[ratis-server-0.6.0-cac3336-SNAPSHOT.jar:0.6.0-cac3336-SNAPSHOT]
	at org.apache.ratis.grpc.client.GrpcClientProtocolService$RequestStreamObserver.processClientRequest(GrpcClientProtocolService.java:225) ~[ratis-grpc-0.6.0-cac3336-SNAPSHOT.jar:0.6.0-cac3336-SNAPSHOT]
	at org.apache.ratis.grpc.client.GrpcClientProtocolService$OrderedRequestStreamObserver.processClientRequest(GrpcClientProtocolService.java:331) ~[ratis-grpc-0.6.0-cac3336-SNAPSHOT.jar:0.6.0-cac3336-SNAPSHOT]
	at org.apache.ratis.util.SlidingWindow$Server.processRequestsFromHead(SlidingWindow.java:429) [ratis-common-0.6.0-cac3336-SNAPSHOT.jar:0.6.0-cac3336-SNAPSHOT]
	at org.apache.ratis.util.SlidingWindow$Server.receivedRequest(SlidingWindow.java:421) [ratis-common-0.6.0-cac3336-SNAPSHOT.jar:0.6.0-cac3336-SNAPSHOT]
	at org.apache.ratis.grpc.client.GrpcClientProtocolService$OrderedRequestStreamObserver.processClientRequest(GrpcClientProtocolService.java:355) [ratis-grpc-0.6.0-cac3336-SNAPSHOT.jar:0.6.0-cac3336-SNAPSHOT]
	at org.apache.ratis.grpc.client.GrpcClientProtocolService$RequestStreamObserver.onNext(GrpcClientProtocolService.java:245) [ratis-grpc-0.6.0-cac3336-SNAPSHOT.jar:0.6.0-cac3336-SNAPSHOT]
	at org.apache.ratis.grpc.client.GrpcClientProtocolService$RequestStreamObserver.onNext(GrpcClientProtocolService.java:168) [ratis-grpc-0.6.0-cac3336-SNAPSHOT.jar:0.6.0-cac3336-SNAPSHOT]
	at org.apache.ratis.thirdparty.io.grpc.stub.ServerCalls$StreamingServerCallHandler$StreamingServerCallListener.onMessage(ServerCalls.java:251) [ratis-thirdparty-misc-0.4.0.jar:0.4.0]
	at org.apache.ratis.thirdparty.io.grpc.internal.ServerCallImpl$ServerStreamListenerImpl.messagesAvailableInternal(ServerCallImpl.java:309) [ratis-thirdparty-misc-0.4.0.jar:0.4.0]
	at org.apache.ratis.thirdparty.io.grpc.internal.ServerCallImpl$ServerStreamListenerImpl.messagesAvailable(ServerCallImpl.java:292) [ratis-thirdparty-misc-0.4.0.jar:0.4.0]
	at org.apache.ratis.thirdparty.io.grpc.internal.ServerImpl$JumpToApplicationThreadServerStreamListener$1MessagesAvailable.runInContext(ServerImpl.java:782) [ratis-thirdparty-misc-0.4.0.jar:0.4.0]
	at org.apache.ratis.thirdparty.io.grpc.internal.ContextRunnable.run(ContextRunnable.java:37) [ratis-thirdparty-misc-0.4.0.jar:0.4.0]
	at org.apache.ratis.thirdparty.io.grpc.internal.SerializingExecutor.run(SerializingExecutor.java:123) [ratis-thirdparty-misc-0.4.0.jar:0.4.0]
	at java.util.concurrent.ThreadPoolExecutor.runWorker(ThreadPoolExecutor.java:1149) [?:1.8.0_232]
	at java.util.concurrent.ThreadPoolExecutor$Worker.run(ThreadPoolExecutor.java:624) [?:1.8.0_232]
	at java.lang.Thread.run(Thread.java:748) [?:1.8.0_232]
04:34:43.315 [grpc-default-executor-1] ERROR DNAudit - user=null | ip=null | op=PUT_BLOCK {blockData=[blockId=conID: 2 locID: 104249876910112772 bcsId: 0,size=200]} | ret=FAILURE
org.apache.hadoop.hdds.scm.container.common.helpers.ContainerNotOpenException: Container 2 in CLOSED state
	at org.apache.hadoop.ozone.container.common.impl.HddsDispatcher.validateContainerCommand(HddsDispatcher.java:478) ~[hadoop-hdds-container-service-0.6.0-SNAPSHOT.jar:?]
	at org.apache.hadoop.ozone.container.common.transport.server.ratis.ContainerStateMachine.startTransaction(ContainerStateMachine.java:314) ~[hadoop-hdds-container-service-0.6.0-SNAPSHOT.jar:?]
	at org.apache.ratis.server.impl.RaftServerImpl.submitClientRequestAsync(RaftServerImpl.java:609) ~[ratis-server-0.6.0-cac3336-SNAPSHOT.jar:0.6.0-cac3336-SNAPSHOT]
	at org.apache.ratis.server.impl.RaftServerProxy.lambda$submitClientRequestAsync$7(RaftServerProxy.java:333) ~[ratis-server-0.6.0-cac3336-SNAPSHOT.jar:0.6.0-cac3336-SNAPSHOT]
	at org.apache.ratis.server.impl.RaftServerProxy.lambda$null$5(RaftServerProxy.java:328) ~[ratis-server-0.6.0-cac3336-SNAPSHOT.jar:0.6.0-cac3336-SNAPSHOT]
	at org.apache.ratis.util.JavaUtils.callAsUnchecked(JavaUtils.java:109) ~[ratis-common-0.6.0-cac3336-SNAPSHOT.jar:0.6.0-cac3336-SNAPSHOT]
	at org.apache.ratis.server.impl.RaftServerProxy.lambda$submitRequest$6(RaftServerProxy.java:328) ~[ratis-server-0.6.0-cac3336-SNAPSHOT.jar:0.6.0-cac3336-SNAPSHOT]
	at java.util.concurrent.CompletableFuture.uniComposeStage(CompletableFuture.java:995) ~[?:1.8.0_232]
	at java.util.concurrent.CompletableFuture.thenCompose(CompletableFuture.java:2137) ~[?:1.8.0_232]
	at org.apache.ratis.server.impl.RaftServerProxy.submitRequest(RaftServerProxy.java:327) ~[ratis-server-0.6.0-cac3336-SNAPSHOT.jar:0.6.0-cac3336-SNAPSHOT]
	at org.apache.ratis.server.impl.RaftServerProxy.submitClientRequestAsync(RaftServerProxy.java:333) ~[ratis-server-0.6.0-cac3336-SNAPSHOT.jar:0.6.0-cac3336-SNAPSHOT]
	at org.apache.ratis.grpc.client.GrpcClientProtocolService$RequestStreamObserver.processClientRequest(GrpcClientProtocolService.java:225) ~[ratis-grpc-0.6.0-cac3336-SNAPSHOT.jar:0.6.0-cac3336-SNAPSHOT]
	at org.apache.ratis.grpc.client.GrpcClientProtocolService$OrderedRequestStreamObserver.processClientRequest(GrpcClientProtocolService.java:331) ~[ratis-grpc-0.6.0-cac3336-SNAPSHOT.jar:0.6.0-cac3336-SNAPSHOT]
	at org.apache.ratis.util.SlidingWindow$Server.processRequestsFromHead(SlidingWindow.java:429) [ratis-common-0.6.0-cac3336-SNAPSHOT.jar:0.6.0-cac3336-SNAPSHOT]
	at org.apache.ratis.util.SlidingWindow$Server.receivedRequest(SlidingWindow.java:421) [ratis-common-0.6.0-cac3336-SNAPSHOT.jar:0.6.0-cac3336-SNAPSHOT]
	at org.apache.ratis.grpc.client.GrpcClientProtocolService$OrderedRequestStreamObserver.processClientRequest(GrpcClientProtocolService.java:355) [ratis-grpc-0.6.0-cac3336-SNAPSHOT.jar:0.6.0-cac3336-SNAPSHOT]
	at org.apache.ratis.grpc.client.GrpcClientProtocolService$RequestStreamObserver.onNext(GrpcClientProtocolService.java:245) [ratis-grpc-0.6.0-cac3336-SNAPSHOT.jar:0.6.0-cac3336-SNAPSHOT]
	at org.apache.ratis.grpc.client.GrpcClientProtocolService$RequestStreamObserver.onNext(GrpcClientProtocolService.java:168) [ratis-grpc-0.6.0-cac3336-SNAPSHOT.jar:0.6.0-cac3336-SNAPSHOT]
	at org.apache.ratis.thirdparty.io.grpc.stub.ServerCalls$StreamingServerCallHandler$StreamingServerCallListener.onMessage(ServerCalls.java:251) [ratis-thirdparty-misc-0.4.0.jar:0.4.0]
	at org.apache.ratis.thirdparty.io.grpc.internal.ServerCallImpl$ServerStreamListenerImpl.messagesAvailableInternal(ServerCallImpl.java:309) [ratis-thirdparty-misc-0.4.0.jar:0.4.0]
	at org.apache.ratis.thirdparty.io.grpc.internal.ServerCallImpl$ServerStreamListenerImpl.messagesAvailable(ServerCallImpl.java:292) [ratis-thirdparty-misc-0.4.0.jar:0.4.0]
	at org.apache.ratis.thirdparty.io.grpc.internal.ServerImpl$JumpToApplicationThreadServerStreamListener$1MessagesAvailable.runInContext(ServerImpl.java:782) [ratis-thirdparty-misc-0.4.0.jar:0.4.0]
	at org.apache.ratis.thirdparty.io.grpc.internal.ContextRunnable.run(ContextRunnable.java:37) [ratis-thirdparty-misc-0.4.0.jar:0.4.0]
	at org.apache.ratis.thirdparty.io.grpc.internal.SerializingExecutor.run(SerializingExecutor.java:123) [ratis-thirdparty-misc-0.4.0.jar:0.4.0]
	at java.util.concurrent.ThreadPoolExecutor.runWorker(ThreadPoolExecutor.java:1149) [?:1.8.0_232]
	at java.util.concurrent.ThreadPoolExecutor$Worker.run(ThreadPoolExecutor.java:624) [?:1.8.0_232]
	at java.lang.Thread.run(Thread.java:748) [?:1.8.0_232]
04:34:43.325 [grpc-default-executor-1] ERROR DNAudit - user=null | ip=null | op=WRITE_CHUNK {blockData=conID: 2 locID: 104249876910112772 bcsId: 0} | ret=FAILURE
org.apache.hadoop.hdds.scm.container.common.helpers.ContainerNotOpenException: Container 2 in CLOSED state
	at org.apache.hadoop.ozone.container.common.impl.HddsDispatcher.validateContainerCommand(HddsDispatcher.java:478) ~[hadoop-hdds-container-service-0.6.0-SNAPSHOT.jar:?]
	at org.apache.hadoop.ozone.container.common.transport.server.ratis.ContainerStateMachine.startTransaction(ContainerStateMachine.java:314) ~[hadoop-hdds-container-service-0.6.0-SNAPSHOT.jar:?]
	at org.apache.ratis.server.impl.RaftServerImpl.submitClientRequestAsync(RaftServerImpl.java:609) ~[ratis-server-0.6.0-cac3336-SNAPSHOT.jar:0.6.0-cac3336-SNAPSHOT]
	at org.apache.ratis.server.impl.RaftServerProxy.lambda$submitClientRequestAsync$7(RaftServerProxy.java:333) ~[ratis-server-0.6.0-cac3336-SNAPSHOT.jar:0.6.0-cac3336-SNAPSHOT]
	at org.apache.ratis.server.impl.RaftServerProxy.lambda$null$5(RaftServerProxy.java:328) ~[ratis-server-0.6.0-cac3336-SNAPSHOT.jar:0.6.0-cac3336-SNAPSHOT]
	at org.apache.ratis.util.JavaUtils.callAsUnchecked(JavaUtils.java:109) ~[ratis-common-0.6.0-cac3336-SNAPSHOT.jar:0.6.0-cac3336-SNAPSHOT]
	at org.apache.ratis.server.impl.RaftServerProxy.lambda$submitRequest$6(RaftServerProxy.java:328) ~[ratis-server-0.6.0-cac3336-SNAPSHOT.jar:0.6.0-cac3336-SNAPSHOT]
	at java.util.concurrent.CompletableFuture.uniComposeStage(CompletableFuture.java:995) ~[?:1.8.0_232]
	at java.util.concurrent.CompletableFuture.thenCompose(CompletableFuture.java:2137) ~[?:1.8.0_232]
	at org.apache.ratis.server.impl.RaftServerProxy.submitRequest(RaftServerProxy.java:327) ~[ratis-server-0.6.0-cac3336-SNAPSHOT.jar:0.6.0-cac3336-SNAPSHOT]
	at org.apache.ratis.server.impl.RaftServerProxy.submitClientRequestAsync(RaftServerProxy.java:333) ~[ratis-server-0.6.0-cac3336-SNAPSHOT.jar:0.6.0-cac3336-SNAPSHOT]
	at org.apache.ratis.grpc.client.GrpcClientProtocolService$RequestStreamObserver.processClientRequest(GrpcClientProtocolService.java:225) ~[ratis-grpc-0.6.0-cac3336-SNAPSHOT.jar:0.6.0-cac3336-SNAPSHOT]
	at org.apache.ratis.grpc.client.GrpcClientProtocolService$OrderedRequestStreamObserver.processClientRequest(GrpcClientProtocolService.java:331) ~[ratis-grpc-0.6.0-cac3336-SNAPSHOT.jar:0.6.0-cac3336-SNAPSHOT]
	at org.apache.ratis.util.SlidingWindow$Server.processRequestsFromHead(SlidingWindow.java:429) [ratis-common-0.6.0-cac3336-SNAPSHOT.jar:0.6.0-cac3336-SNAPSHOT]
	at org.apache.ratis.util.SlidingWindow$Server.receivedRequest(SlidingWindow.java:421) [ratis-common-0.6.0-cac3336-SNAPSHOT.jar:0.6.0-cac3336-SNAPSHOT]
	at org.apache.ratis.grpc.client.GrpcClientProtocolService$OrderedRequestStreamObserver.processClientRequest(GrpcClientProtocolService.java:355) [ratis-grpc-0.6.0-cac3336-SNAPSHOT.jar:0.6.0-cac3336-SNAPSHOT]
	at org.apache.ratis.grpc.client.GrpcClientProtocolService$RequestStreamObserver.onNext(GrpcClientProtocolService.java:245) [ratis-grpc-0.6.0-cac3336-SNAPSHOT.jar:0.6.0-cac3336-SNAPSHOT]
	at org.apache.ratis.grpc.client.GrpcClientProtocolService$RequestStreamObserver.onNext(GrpcClientProtocolService.java:168) [ratis-grpc-0.6.0-cac3336-SNAPSHOT.jar:0.6.0-cac3336-SNAPSHOT]
	at org.apache.ratis.thirdparty.io.grpc.stub.ServerCalls$StreamingServerCallHandler$StreamingServerCallListener.onMessage(ServerCalls.java:251) [ratis-thirdparty-misc-0.4.0.jar:0.4.0]
	at org.apache.ratis.thirdparty.io.grpc.internal.ServerCallImpl$ServerStreamListenerImpl.messagesAvailableInternal(ServerCallImpl.java:309) [ratis-thirdparty-misc-0.4.0.jar:0.4.0]
	at org.apache.ratis.thirdparty.io.grpc.internal.ServerCallImpl$ServerStreamListenerImpl.messagesAvailable(ServerCallImpl.java:292) [ratis-thirdparty-misc-0.4.0.jar:0.4.0]
	at org.apache.ratis.thirdparty.io.grpc.internal.ServerImpl$JumpToApplicationThreadServerStreamListener$1MessagesAvailable.runInContext(ServerImpl.java:782) [ratis-thirdparty-misc-0.4.0.jar:0.4.0]
	at org.apache.ratis.thirdparty.io.grpc.internal.ContextRunnable.run(ContextRunnable.java:37) [ratis-thirdparty-misc-0.4.0.jar:0.4.0]
	at org.apache.ratis.thirdparty.io.grpc.internal.SerializingExecutor.run(SerializingExecutor.java:123) [ratis-thirdparty-misc-0.4.0.jar:0.4.0]
	at java.util.concurrent.ThreadPoolExecutor.runWorker(ThreadPoolExecutor.java:1149) [?:1.8.0_232]
	at java.util.concurrent.ThreadPoolExecutor$Worker.run(ThreadPoolExecutor.java:624) [?:1.8.0_232]
	at java.lang.Thread.run(Thread.java:748) [?:1.8.0_232]
04:34:43.326 [grpc-default-executor-1] ERROR DNAudit - user=null | ip=null | op=WRITE_CHUNK {blockData=conID: 2 locID: 104249876910112772 bcsId: 0} | ret=FAILURE
org.apache.hadoop.hdds.scm.container.common.helpers.ContainerNotOpenException: Container 2 in CLOSED state
	at org.apache.hadoop.ozone.container.common.impl.HddsDispatcher.validateContainerCommand(HddsDispatcher.java:478) ~[hadoop-hdds-container-service-0.6.0-SNAPSHOT.jar:?]
	at org.apache.hadoop.ozone.container.common.transport.server.ratis.ContainerStateMachine.startTransaction(ContainerStateMachine.java:314) ~[hadoop-hdds-container-service-0.6.0-SNAPSHOT.jar:?]
	at org.apache.ratis.server.impl.RaftServerImpl.submitClientRequestAsync(RaftServerImpl.java:609) ~[ratis-server-0.6.0-cac3336-SNAPSHOT.jar:0.6.0-cac3336-SNAPSHOT]
	at org.apache.ratis.server.impl.RaftServerProxy.lambda$submitClientRequestAsync$7(RaftServerProxy.java:333) ~[ratis-server-0.6.0-cac3336-SNAPSHOT.jar:0.6.0-cac3336-SNAPSHOT]
	at org.apache.ratis.server.impl.RaftServerProxy.lambda$null$5(RaftServerProxy.java:328) ~[ratis-server-0.6.0-cac3336-SNAPSHOT.jar:0.6.0-cac3336-SNAPSHOT]
	at org.apache.ratis.util.JavaUtils.callAsUnchecked(JavaUtils.java:109) ~[ratis-common-0.6.0-cac3336-SNAPSHOT.jar:0.6.0-cac3336-SNAPSHOT]
	at org.apache.ratis.server.impl.RaftServerProxy.lambda$submitRequest$6(RaftServerProxy.java:328) ~[ratis-server-0.6.0-cac3336-SNAPSHOT.jar:0.6.0-cac3336-SNAPSHOT]
	at java.util.concurrent.CompletableFuture.uniComposeStage(CompletableFuture.java:995) ~[?:1.8.0_232]
	at java.util.concurrent.CompletableFuture.thenCompose(CompletableFuture.java:2137) ~[?:1.8.0_232]
	at org.apache.ratis.server.impl.RaftServerProxy.submitRequest(RaftServerProxy.java:327) ~[ratis-server-0.6.0-cac3336-SNAPSHOT.jar:0.6.0-cac3336-SNAPSHOT]
	at org.apache.ratis.server.impl.RaftServerProxy.submitClientRequestAsync(RaftServerProxy.java:333) ~[ratis-server-0.6.0-cac3336-SNAPSHOT.jar:0.6.0-cac3336-SNAPSHOT]
	at org.apache.ratis.grpc.client.GrpcClientProtocolService$RequestStreamObserver.processClientRequest(GrpcClientProtocolService.java:225) ~[ratis-grpc-0.6.0-cac3336-SNAPSHOT.jar:0.6.0-cac3336-SNAPSHOT]
	at org.apache.ratis.grpc.client.GrpcClientProtocolService$OrderedRequestStreamObserver.processClientRequest(GrpcClientProtocolService.java:331) ~[ratis-grpc-0.6.0-cac3336-SNAPSHOT.jar:0.6.0-cac3336-SNAPSHOT]
	at org.apache.ratis.util.SlidingWindow$Server.processRequestsFromHead(SlidingWindow.java:429) [ratis-common-0.6.0-cac3336-SNAPSHOT.jar:0.6.0-cac3336-SNAPSHOT]
	at org.apache.ratis.util.SlidingWindow$Server.receivedRequest(SlidingWindow.java:421) [ratis-common-0.6.0-cac3336-SNAPSHOT.jar:0.6.0-cac3336-SNAPSHOT]
	at org.apache.ratis.grpc.client.GrpcClientProtocolService$OrderedRequestStreamObserver.processClientRequest(GrpcClientProtocolService.java:355) [ratis-grpc-0.6.0-cac3336-SNAPSHOT.jar:0.6.0-cac3336-SNAPSHOT]
	at org.apache.ratis.grpc.client.GrpcClientProtocolService$RequestStreamObserver.onNext(GrpcClientProtocolService.java:245) [ratis-grpc-0.6.0-cac3336-SNAPSHOT.jar:0.6.0-cac3336-SNAPSHOT]
	at org.apache.ratis.grpc.client.GrpcClientProtocolService$RequestStreamObserver.onNext(GrpcClientProtocolService.java:168) [ratis-grpc-0.6.0-cac3336-SNAPSHOT.jar:0.6.0-cac3336-SNAPSHOT]
	at org.apache.ratis.thirdparty.io.grpc.stub.ServerCalls$StreamingServerCallHandler$StreamingServerCallListener.onMessage(ServerCalls.java:251) [ratis-thirdparty-misc-0.4.0.jar:0.4.0]
	at org.apache.ratis.thirdparty.io.grpc.internal.ServerCallImpl$ServerStreamListenerImpl.messagesAvailableInternal(ServerCallImpl.java:309) [ratis-thirdparty-misc-0.4.0.jar:0.4.0]
	at org.apache.ratis.thirdparty.io.grpc.internal.ServerCallImpl$ServerStreamListenerImpl.messagesAvailable(ServerCallImpl.java:292) [ratis-thirdparty-misc-0.4.0.jar:0.4.0]
	at org.apache.ratis.thirdparty.io.grpc.internal.ServerImpl$JumpToApplicationThreadServerStreamListener$1MessagesAvailable.runInContext(ServerImpl.java:782) [ratis-thirdparty-misc-0.4.0.jar:0.4.0]
	at org.apache.ratis.thirdparty.io.grpc.internal.ContextRunnable.run(ContextRunnable.java:37) [ratis-thirdparty-misc-0.4.0.jar:0.4.0]
	at org.apache.ratis.thirdparty.io.grpc.internal.SerializingExecutor.run(SerializingExecutor.java:123) [ratis-thirdparty-misc-0.4.0.jar:0.4.0]
	at java.util.concurrent.ThreadPoolExecutor.runWorker(ThreadPoolExecutor.java:1149) [?:1.8.0_232]
	at java.util.concurrent.ThreadPoolExecutor$Worker.run(ThreadPoolExecutor.java:624) [?:1.8.0_232]
	at java.lang.Thread.run(Thread.java:748) [?:1.8.0_232]
04:34:43.337 [grpc-default-executor-1] ERROR DNAudit - user=null | ip=null | op=PUT_BLOCK {blockData=[blockId=conID: 2 locID: 104249876910112772 bcsId: 0,size=400]} | ret=FAILURE
org.apache.hadoop.hdds.scm.container.common.helpers.ContainerNotOpenException: Container 2 in CLOSED state
	at org.apache.hadoop.ozone.container.common.impl.HddsDispatcher.validateContainerCommand(HddsDispatcher.java:478) ~[hadoop-hdds-container-service-0.6.0-SNAPSHOT.jar:?]
	at org.apache.hadoop.ozone.container.common.transport.server.ratis.ContainerStateMachine.startTransaction(ContainerStateMachine.java:314) ~[hadoop-hdds-container-service-0.6.0-SNAPSHOT.jar:?]
	at org.apache.ratis.server.impl.RaftServerImpl.submitClientRequestAsync(RaftServerImpl.java:609) ~[ratis-server-0.6.0-cac3336-SNAPSHOT.jar:0.6.0-cac3336-SNAPSHOT]
	at org.apache.ratis.server.impl.RaftServerProxy.lambda$submitClientRequestAsync$7(RaftServerProxy.java:333) ~[ratis-server-0.6.0-cac3336-SNAPSHOT.jar:0.6.0-cac3336-SNAPSHOT]
	at org.apache.ratis.server.impl.RaftServerProxy.lambda$null$5(RaftServerProxy.java:328) ~[ratis-server-0.6.0-cac3336-SNAPSHOT.jar:0.6.0-cac3336-SNAPSHOT]
	at org.apache.ratis.util.JavaUtils.callAsUnchecked(JavaUtils.java:109) ~[ratis-common-0.6.0-cac3336-SNAPSHOT.jar:0.6.0-cac3336-SNAPSHOT]
	at org.apache.ratis.server.impl.RaftServerProxy.lambda$submitRequest$6(RaftServerProxy.java:328) ~[ratis-server-0.6.0-cac3336-SNAPSHOT.jar:0.6.0-cac3336-SNAPSHOT]
	at java.util.concurrent.CompletableFuture.uniComposeStage(CompletableFuture.java:995) ~[?:1.8.0_232]
	at java.util.concurrent.CompletableFuture.thenCompose(CompletableFuture.java:2137) ~[?:1.8.0_232]
	at org.apache.ratis.server.impl.RaftServerProxy.submitRequest(RaftServerProxy.java:327) ~[ratis-server-0.6.0-cac3336-SNAPSHOT.jar:0.6.0-cac3336-SNAPSHOT]
	at org.apache.ratis.server.impl.RaftServerProxy.submitClientRequestAsync(RaftServerProxy.java:333) ~[ratis-server-0.6.0-cac3336-SNAPSHOT.jar:0.6.0-cac3336-SNAPSHOT]
	at org.apache.ratis.grpc.client.GrpcClientProtocolService$RequestStreamObserver.processClientRequest(GrpcClientProtocolService.java:225) ~[ratis-grpc-0.6.0-cac3336-SNAPSHOT.jar:0.6.0-cac3336-SNAPSHOT]
	at org.apache.ratis.grpc.client.GrpcClientProtocolService$OrderedRequestStreamObserver.processClientRequest(GrpcClientProtocolService.java:331) ~[ratis-grpc-0.6.0-cac3336-SNAPSHOT.jar:0.6.0-cac3336-SNAPSHOT]
	at org.apache.ratis.util.SlidingWindow$Server.processRequestsFromHead(SlidingWindow.java:429) [ratis-common-0.6.0-cac3336-SNAPSHOT.jar:0.6.0-cac3336-SNAPSHOT]
	at org.apache.ratis.util.SlidingWindow$Server.receivedRequest(SlidingWindow.java:421) [ratis-common-0.6.0-cac3336-SNAPSHOT.jar:0.6.0-cac3336-SNAPSHOT]
	at org.apache.ratis.grpc.client.GrpcClientProtocolService$OrderedRequestStreamObserver.processClientRequest(GrpcClientProtocolService.java:355) [ratis-grpc-0.6.0-cac3336-SNAPSHOT.jar:0.6.0-cac3336-SNAPSHOT]
	at org.apache.ratis.grpc.client.GrpcClientProtocolService$RequestStreamObserver.onNext(GrpcClientProtocolService.java:245) [ratis-grpc-0.6.0-cac3336-SNAPSHOT.jar:0.6.0-cac3336-SNAPSHOT]
	at org.apache.ratis.grpc.client.GrpcClientProtocolService$RequestStreamObserver.onNext(GrpcClientProtocolService.java:168) [ratis-grpc-0.6.0-cac3336-SNAPSHOT.jar:0.6.0-cac3336-SNAPSHOT]
	at org.apache.ratis.thirdparty.io.grpc.stub.ServerCalls$StreamingServerCallHandler$StreamingServerCallListener.onMessage(ServerCalls.java:251) [ratis-thirdparty-misc-0.4.0.jar:0.4.0]
	at org.apache.ratis.thirdparty.io.grpc.internal.ServerCallImpl$ServerStreamListenerImpl.messagesAvailableInternal(ServerCallImpl.java:309) [ratis-thirdparty-misc-0.4.0.jar:0.4.0]
	at org.apache.ratis.thirdparty.io.grpc.internal.ServerCallImpl$ServerStreamListenerImpl.messagesAvailable(ServerCallImpl.java:292) [ratis-thirdparty-misc-0.4.0.jar:0.4.0]
	at org.apache.ratis.thirdparty.io.grpc.internal.ServerImpl$JumpToApplicationThreadServerStreamListener$1MessagesAvailable.runInContext(ServerImpl.java:782) [ratis-thirdparty-misc-0.4.0.jar:0.4.0]
	at org.apache.ratis.thirdparty.io.grpc.internal.ContextRunnable.run(ContextRunnable.java:37) [ratis-thirdparty-misc-0.4.0.jar:0.4.0]
	at org.apache.ratis.thirdparty.io.grpc.internal.SerializingExecutor.run(SerializingExecutor.java:123) [ratis-thirdparty-misc-0.4.0.jar:0.4.0]
	at java.util.concurrent.ThreadPoolExecutor.runWorker(ThreadPoolExecutor.java:1149) [?:1.8.0_232]
	at java.util.concurrent.ThreadPoolExecutor$Worker.run(ThreadPoolExecutor.java:624) [?:1.8.0_232]
	at java.lang.Thread.run(Thread.java:748) [?:1.8.0_232]
04:34:43.349 [grpc-default-executor-1] ERROR DNAudit - user=null | ip=null | op=WRITE_CHUNK {blockData=conID: 3 locID: 104249876910112773 bcsId: 0} | ret=FAILURE
org.apache.hadoop.hdds.scm.container.common.helpers.ContainerNotOpenException: Container 3 in CLOSED state
	at org.apache.hadoop.ozone.container.common.impl.HddsDispatcher.validateContainerCommand(HddsDispatcher.java:478) ~[hadoop-hdds-container-service-0.6.0-SNAPSHOT.jar:?]
	at org.apache.hadoop.ozone.container.common.transport.server.ratis.ContainerStateMachine.startTransaction(ContainerStateMachine.java:314) ~[hadoop-hdds-container-service-0.6.0-SNAPSHOT.jar:?]
	at org.apache.ratis.server.impl.RaftServerImpl.submitClientRequestAsync(RaftServerImpl.java:609) ~[ratis-server-0.6.0-cac3336-SNAPSHOT.jar:0.6.0-cac3336-SNAPSHOT]
	at org.apache.ratis.server.impl.RaftServerProxy.lambda$submitClientRequestAsync$7(RaftServerProxy.java:333) ~[ratis-server-0.6.0-cac3336-SNAPSHOT.jar:0.6.0-cac3336-SNAPSHOT]
	at org.apache.ratis.server.impl.RaftServerProxy.lambda$null$5(RaftServerProxy.java:328) ~[ratis-server-0.6.0-cac3336-SNAPSHOT.jar:0.6.0-cac3336-SNAPSHOT]
	at org.apache.ratis.util.JavaUtils.callAsUnchecked(JavaUtils.java:109) ~[ratis-common-0.6.0-cac3336-SNAPSHOT.jar:0.6.0-cac3336-SNAPSHOT]
	at org.apache.ratis.server.impl.RaftServerProxy.lambda$submitRequest$6(RaftServerProxy.java:328) ~[ratis-server-0.6.0-cac3336-SNAPSHOT.jar:0.6.0-cac3336-SNAPSHOT]
	at java.util.concurrent.CompletableFuture.uniComposeStage(CompletableFuture.java:995) ~[?:1.8.0_232]
	at java.util.concurrent.CompletableFuture.thenCompose(CompletableFuture.java:2137) ~[?:1.8.0_232]
	at org.apache.ratis.server.impl.RaftServerProxy.submitRequest(RaftServerProxy.java:327) ~[ratis-server-0.6.0-cac3336-SNAPSHOT.jar:0.6.0-cac3336-SNAPSHOT]
	at org.apache.ratis.server.impl.RaftServerProxy.submitClientRequestAsync(RaftServerProxy.java:333) ~[ratis-server-0.6.0-cac3336-SNAPSHOT.jar:0.6.0-cac3336-SNAPSHOT]
	at org.apache.ratis.grpc.client.GrpcClientProtocolService$RequestStreamObserver.processClientRequest(GrpcClientProtocolService.java:225) ~[ratis-grpc-0.6.0-cac3336-SNAPSHOT.jar:0.6.0-cac3336-SNAPSHOT]
	at org.apache.ratis.grpc.client.GrpcClientProtocolService$OrderedRequestStreamObserver.processClientRequest(GrpcClientProtocolService.java:331) ~[ratis-grpc-0.6.0-cac3336-SNAPSHOT.jar:0.6.0-cac3336-SNAPSHOT]
	at org.apache.ratis.util.SlidingWindow$Server.processRequestsFromHead(SlidingWindow.java:429) [ratis-common-0.6.0-cac3336-SNAPSHOT.jar:0.6.0-cac3336-SNAPSHOT]
	at org.apache.ratis.util.SlidingWindow$Server.receivedRequest(SlidingWindow.java:421) [ratis-common-0.6.0-cac3336-SNAPSHOT.jar:0.6.0-cac3336-SNAPSHOT]
	at org.apache.ratis.grpc.client.GrpcClientProtocolService$OrderedRequestStreamObserver.processClientRequest(GrpcClientProtocolService.java:355) [ratis-grpc-0.6.0-cac3336-SNAPSHOT.jar:0.6.0-cac3336-SNAPSHOT]
	at org.apache.ratis.grpc.client.GrpcClientProtocolService$RequestStreamObserver.onNext(GrpcClientProtocolService.java:245) [ratis-grpc-0.6.0-cac3336-SNAPSHOT.jar:0.6.0-cac3336-SNAPSHOT]
	at org.apache.ratis.grpc.client.GrpcClientProtocolService$RequestStreamObserver.onNext(GrpcClientProtocolService.java:168) [ratis-grpc-0.6.0-cac3336-SNAPSHOT.jar:0.6.0-cac3336-SNAPSHOT]
	at org.apache.ratis.thirdparty.io.grpc.stub.ServerCalls$StreamingServerCallHandler$StreamingServerCallListener.onMessage(ServerCalls.java:251) [ratis-thirdparty-misc-0.4.0.jar:0.4.0]
	at org.apache.ratis.thirdparty.io.grpc.internal.ServerCallImpl$ServerStreamListenerImpl.messagesAvailableInternal(ServerCallImpl.java:309) [ratis-thirdparty-misc-0.4.0.jar:0.4.0]
	at org.apache.ratis.thirdparty.io.grpc.internal.ServerCallImpl$ServerStreamListenerImpl.messagesAvailable(ServerCallImpl.java:292) [ratis-thirdparty-misc-0.4.0.jar:0.4.0]
	at org.apache.ratis.thirdparty.io.grpc.internal.ServerImpl$JumpToApplicationThreadServerStreamListener$1MessagesAvailable.runInContext(ServerImpl.java:782) [ratis-thirdparty-misc-0.4.0.jar:0.4.0]
	at org.apache.ratis.thirdparty.io.grpc.internal.ContextRunnable.run(ContextRunnable.java:37) [ratis-thirdparty-misc-0.4.0.jar:0.4.0]
	at org.apache.ratis.thirdparty.io.grpc.internal.SerializingExecutor.run(SerializingExecutor.java:123) [ratis-thirdparty-misc-0.4.0.jar:0.4.0]
	at java.util.concurrent.ThreadPoolExecutor.runWorker(ThreadPoolExecutor.java:1149) [?:1.8.0_232]
	at java.util.concurrent.ThreadPoolExecutor$Worker.run(ThreadPoolExecutor.java:624) [?:1.8.0_232]
	at java.lang.Thread.run(Thread.java:748) [?:1.8.0_232]
04:34:43.352 [grpc-default-executor-1] ERROR DNAudit - user=null | ip=null | op=WRITE_CHUNK {blockData=conID: 3 locID: 104249876910112773 bcsId: 0} | ret=FAILURE
org.apache.hadoop.hdds.scm.container.common.helpers.ContainerNotOpenException: Container 3 in CLOSED state
	at org.apache.hadoop.ozone.container.common.impl.HddsDispatcher.validateContainerCommand(HddsDispatcher.java:478) ~[hadoop-hdds-container-service-0.6.0-SNAPSHOT.jar:?]
	at org.apache.hadoop.ozone.container.common.transport.server.ratis.ContainerStateMachine.startTransaction(ContainerStateMachine.java:314) ~[hadoop-hdds-container-service-0.6.0-SNAPSHOT.jar:?]
	at org.apache.ratis.server.impl.RaftServerImpl.submitClientRequestAsync(RaftServerImpl.java:609) ~[ratis-server-0.6.0-cac3336-SNAPSHOT.jar:0.6.0-cac3336-SNAPSHOT]
	at org.apache.ratis.server.impl.RaftServerProxy.lambda$submitClientRequestAsync$7(RaftServerProxy.java:333) ~[ratis-server-0.6.0-cac3336-SNAPSHOT.jar:0.6.0-cac3336-SNAPSHOT]
	at org.apache.ratis.server.impl.RaftServerProxy.lambda$null$5(RaftServerProxy.java:328) ~[ratis-server-0.6.0-cac3336-SNAPSHOT.jar:0.6.0-cac3336-SNAPSHOT]
	at org.apache.ratis.util.JavaUtils.callAsUnchecked(JavaUtils.java:109) ~[ratis-common-0.6.0-cac3336-SNAPSHOT.jar:0.6.0-cac3336-SNAPSHOT]
	at org.apache.ratis.server.impl.RaftServerProxy.lambda$submitRequest$6(RaftServerProxy.java:328) ~[ratis-server-0.6.0-cac3336-SNAPSHOT.jar:0.6.0-cac3336-SNAPSHOT]
	at java.util.concurrent.CompletableFuture.uniComposeStage(CompletableFuture.java:995) ~[?:1.8.0_232]
	at java.util.concurrent.CompletableFuture.thenCompose(CompletableFuture.java:2137) ~[?:1.8.0_232]
	at org.apache.ratis.server.impl.RaftServerProxy.submitRequest(RaftServerProxy.java:327) ~[ratis-server-0.6.0-cac3336-SNAPSHOT.jar:0.6.0-cac3336-SNAPSHOT]
	at org.apache.ratis.server.impl.RaftServerProxy.submitClientRequestAsync(RaftServerProxy.java:333) ~[ratis-server-0.6.0-cac3336-SNAPSHOT.jar:0.6.0-cac3336-SNAPSHOT]
	at org.apache.ratis.grpc.client.GrpcClientProtocolService$RequestStreamObserver.processClientRequest(GrpcClientProtocolService.java:225) ~[ratis-grpc-0.6.0-cac3336-SNAPSHOT.jar:0.6.0-cac3336-SNAPSHOT]
	at org.apache.ratis.grpc.client.GrpcClientProtocolService$OrderedRequestStreamObserver.processClientRequest(GrpcClientProtocolService.java:331) ~[ratis-grpc-0.6.0-cac3336-SNAPSHOT.jar:0.6.0-cac3336-SNAPSHOT]
	at org.apache.ratis.util.SlidingWindow$Server.processRequestsFromHead(SlidingWindow.java:429) [ratis-common-0.6.0-cac3336-SNAPSHOT.jar:0.6.0-cac3336-SNAPSHOT]
	at org.apache.ratis.util.SlidingWindow$Server.receivedRequest(SlidingWindow.java:421) [ratis-common-0.6.0-cac3336-SNAPSHOT.jar:0.6.0-cac3336-SNAPSHOT]
	at org.apache.ratis.grpc.client.GrpcClientProtocolService$OrderedRequestStreamObserver.processClientRequest(GrpcClientProtocolService.java:355) [ratis-grpc-0.6.0-cac3336-SNAPSHOT.jar:0.6.0-cac3336-SNAPSHOT]
	at org.apache.ratis.grpc.client.GrpcClientProtocolService$RequestStreamObserver.onNext(GrpcClientProtocolService.java:245) [ratis-grpc-0.6.0-cac3336-SNAPSHOT.jar:0.6.0-cac3336-SNAPSHOT]
	at org.apache.ratis.grpc.client.GrpcClientProtocolService$RequestStreamObserver.onNext(GrpcClientProtocolService.java:168) [ratis-grpc-0.6.0-cac3336-SNAPSHOT.jar:0.6.0-cac3336-SNAPSHOT]
	at org.apache.ratis.thirdparty.io.grpc.stub.ServerCalls$StreamingServerCallHandler$StreamingServerCallListener.onMessage(ServerCalls.java:251) [ratis-thirdparty-misc-0.4.0.jar:0.4.0]
	at org.apache.ratis.thirdparty.io.grpc.internal.ServerCallImpl$ServerStreamListenerImpl.messagesAvailableInternal(ServerCallImpl.java:309) [ratis-thirdparty-misc-0.4.0.jar:0.4.0]
	at org.apache.ratis.thirdparty.io.grpc.internal.ServerCallImpl$ServerStreamListenerImpl.messagesAvailable(ServerCallImpl.java:292) [ratis-thirdparty-misc-0.4.0.jar:0.4.0]
	at org.apache.ratis.thirdparty.io.grpc.internal.ServerImpl$JumpToApplicationThreadServerStreamListener$1MessagesAvailable.runInContext(ServerImpl.java:782) [ratis-thirdparty-misc-0.4.0.jar:0.4.0]
	at org.apache.ratis.thirdparty.io.grpc.internal.ContextRunnable.run(ContextRunnable.java:37) [ratis-thirdparty-misc-0.4.0.jar:0.4.0]
	at org.apache.ratis.thirdparty.io.grpc.internal.SerializingExecutor.run(SerializingExecutor.java:123) [ratis-thirdparty-misc-0.4.0.jar:0.4.0]
	at java.util.concurrent.ThreadPoolExecutor.runWorker(ThreadPoolExecutor.java:1149) [?:1.8.0_232]
	at java.util.concurrent.ThreadPoolExecutor$Worker.run(ThreadPoolExecutor.java:624) [?:1.8.0_232]
	at java.lang.Thread.run(Thread.java:748) [?:1.8.0_232]
04:34:43.364 [grpc-default-executor-1] ERROR DNAudit - user=null | ip=null | op=PUT_BLOCK {blockData=[blockId=conID: 3 locID: 104249876910112773 bcsId: 0,size=200]} | ret=FAILURE
org.apache.hadoop.hdds.scm.container.common.helpers.ContainerNotOpenException: Container 3 in CLOSED state
	at org.apache.hadoop.ozone.container.common.impl.HddsDispatcher.validateContainerCommand(HddsDispatcher.java:478) ~[hadoop-hdds-container-service-0.6.0-SNAPSHOT.jar:?]
	at org.apache.hadoop.ozone.container.common.transport.server.ratis.ContainerStateMachine.startTransaction(ContainerStateMachine.java:314) ~[hadoop-hdds-container-service-0.6.0-SNAPSHOT.jar:?]
	at org.apache.ratis.server.impl.RaftServerImpl.submitClientRequestAsync(RaftServerImpl.java:609) ~[ratis-server-0.6.0-cac3336-SNAPSHOT.jar:0.6.0-cac3336-SNAPSHOT]
	at org.apache.ratis.server.impl.RaftServerProxy.lambda$submitClientRequestAsync$7(RaftServerProxy.java:333) ~[ratis-server-0.6.0-cac3336-SNAPSHOT.jar:0.6.0-cac3336-SNAPSHOT]
	at org.apache.ratis.server.impl.RaftServerProxy.lambda$null$5(RaftServerProxy.java:328) ~[ratis-server-0.6.0-cac3336-SNAPSHOT.jar:0.6.0-cac3336-SNAPSHOT]
	at org.apache.ratis.util.JavaUtils.callAsUnchecked(JavaUtils.java:109) ~[ratis-common-0.6.0-cac3336-SNAPSHOT.jar:0.6.0-cac3336-SNAPSHOT]
	at org.apache.ratis.server.impl.RaftServerProxy.lambda$submitRequest$6(RaftServerProxy.java:328) ~[ratis-server-0.6.0-cac3336-SNAPSHOT.jar:0.6.0-cac3336-SNAPSHOT]
	at java.util.concurrent.CompletableFuture.uniComposeStage(CompletableFuture.java:995) ~[?:1.8.0_232]
	at java.util.concurrent.CompletableFuture.thenCompose(CompletableFuture.java:2137) ~[?:1.8.0_232]
	at org.apache.ratis.server.impl.RaftServerProxy.submitRequest(RaftServerProxy.java:327) ~[ratis-server-0.6.0-cac3336-SNAPSHOT.jar:0.6.0-cac3336-SNAPSHOT]
	at org.apache.ratis.server.impl.RaftServerProxy.submitClientRequestAsync(RaftServerProxy.java:333) ~[ratis-server-0.6.0-cac3336-SNAPSHOT.jar:0.6.0-cac3336-SNAPSHOT]
	at org.apache.ratis.grpc.client.GrpcClientProtocolService$RequestStreamObserver.processClientRequest(GrpcClientProtocolService.java:225) ~[ratis-grpc-0.6.0-cac3336-SNAPSHOT.jar:0.6.0-cac3336-SNAPSHOT]
	at org.apache.ratis.grpc.client.GrpcClientProtocolService$OrderedRequestStreamObserver.processClientRequest(GrpcClientProtocolService.java:331) ~[ratis-grpc-0.6.0-cac3336-SNAPSHOT.jar:0.6.0-cac3336-SNAPSHOT]
	at org.apache.ratis.util.SlidingWindow$Server.processRequestsFromHead(SlidingWindow.java:429) [ratis-common-0.6.0-cac3336-SNAPSHOT.jar:0.6.0-cac3336-SNAPSHOT]
	at org.apache.ratis.util.SlidingWindow$Server.receivedRequest(SlidingWindow.java:421) [ratis-common-0.6.0-cac3336-SNAPSHOT.jar:0.6.0-cac3336-SNAPSHOT]
	at org.apache.ratis.grpc.client.GrpcClientProtocolService$OrderedRequestStreamObserver.processClientRequest(GrpcClientProtocolService.java:355) [ratis-grpc-0.6.0-cac3336-SNAPSHOT.jar:0.6.0-cac3336-SNAPSHOT]
	at org.apache.ratis.grpc.client.GrpcClientProtocolService$RequestStreamObserver.onNext(GrpcClientProtocolService.java:245) [ratis-grpc-0.6.0-cac3336-SNAPSHOT.jar:0.6.0-cac3336-SNAPSHOT]
	at org.apache.ratis.grpc.client.GrpcClientProtocolService$RequestStreamObserver.onNext(GrpcClientProtocolService.java:168) [ratis-grpc-0.6.0-cac3336-SNAPSHOT.jar:0.6.0-cac3336-SNAPSHOT]
	at org.apache.ratis.thirdparty.io.grpc.stub.ServerCalls$StreamingServerCallHandler$StreamingServerCallListener.onMessage(ServerCalls.java:251) [ratis-thirdparty-misc-0.4.0.jar:0.4.0]
	at org.apache.ratis.thirdparty.io.grpc.internal.ServerCallImpl$ServerStreamListenerImpl.messagesAvailableInternal(ServerCallImpl.java:309) [ratis-thirdparty-misc-0.4.0.jar:0.4.0]
	at org.apache.ratis.thirdparty.io.grpc.internal.ServerCallImpl$ServerStreamListenerImpl.messagesAvailable(ServerCallImpl.java:292) [ratis-thirdparty-misc-0.4.0.jar:0.4.0]
	at org.apache.ratis.thirdparty.io.grpc.internal.ServerImpl$JumpToApplicationThreadServerStreamListener$1MessagesAvailable.runInContext(ServerImpl.java:782) [ratis-thirdparty-misc-0.4.0.jar:0.4.0]
	at org.apache.ratis.thirdparty.io.grpc.internal.ContextRunnable.run(ContextRunnable.java:37) [ratis-thirdparty-misc-0.4.0.jar:0.4.0]
	at org.apache.ratis.thirdparty.io.grpc.internal.SerializingExecutor.run(SerializingExecutor.java:123) [ratis-thirdparty-misc-0.4.0.jar:0.4.0]
	at java.util.concurrent.ThreadPoolExecutor.runWorker(ThreadPoolExecutor.java:1149) [?:1.8.0_232]
	at java.util.concurrent.ThreadPoolExecutor$Worker.run(ThreadPoolExecutor.java:624) [?:1.8.0_232]
	at java.lang.Thread.run(Thread.java:748) [?:1.8.0_232]
04:34:43.369 [grpc-default-executor-1] ERROR DNAudit - user=null | ip=null | op=WRITE_CHUNK {blockData=conID: 3 locID: 104249876910112773 bcsId: 0} | ret=FAILURE
org.apache.hadoop.hdds.scm.container.common.helpers.ContainerNotOpenException: Container 3 in CLOSED state
	at org.apache.hadoop.ozone.container.common.impl.HddsDispatcher.validateContainerCommand(HddsDispatcher.java:478) ~[hadoop-hdds-container-service-0.6.0-SNAPSHOT.jar:?]
	at org.apache.hadoop.ozone.container.common.transport.server.ratis.ContainerStateMachine.startTransaction(ContainerStateMachine.java:314) ~[hadoop-hdds-container-service-0.6.0-SNAPSHOT.jar:?]
	at org.apache.ratis.server.impl.RaftServerImpl.submitClientRequestAsync(RaftServerImpl.java:609) ~[ratis-server-0.6.0-cac3336-SNAPSHOT.jar:0.6.0-cac3336-SNAPSHOT]
	at org.apache.ratis.server.impl.RaftServerProxy.lambda$submitClientRequestAsync$7(RaftServerProxy.java:333) ~[ratis-server-0.6.0-cac3336-SNAPSHOT.jar:0.6.0-cac3336-SNAPSHOT]
	at org.apache.ratis.server.impl.RaftServerProxy.lambda$null$5(RaftServerProxy.java:328) ~[ratis-server-0.6.0-cac3336-SNAPSHOT.jar:0.6.0-cac3336-SNAPSHOT]
	at org.apache.ratis.util.JavaUtils.callAsUnchecked(JavaUtils.java:109) ~[ratis-common-0.6.0-cac3336-SNAPSHOT.jar:0.6.0-cac3336-SNAPSHOT]
	at org.apache.ratis.server.impl.RaftServerProxy.lambda$submitRequest$6(RaftServerProxy.java:328) ~[ratis-server-0.6.0-cac3336-SNAPSHOT.jar:0.6.0-cac3336-SNAPSHOT]
	at java.util.concurrent.CompletableFuture.uniComposeStage(CompletableFuture.java:995) ~[?:1.8.0_232]
	at java.util.concurrent.CompletableFuture.thenCompose(CompletableFuture.java:2137) ~[?:1.8.0_232]
	at org.apache.ratis.server.impl.RaftServerProxy.submitRequest(RaftServerProxy.java:327) ~[ratis-server-0.6.0-cac3336-SNAPSHOT.jar:0.6.0-cac3336-SNAPSHOT]
	at org.apache.ratis.server.impl.RaftServerProxy.submitClientRequestAsync(RaftServerProxy.java:333) ~[ratis-server-0.6.0-cac3336-SNAPSHOT.jar:0.6.0-cac3336-SNAPSHOT]
	at org.apache.ratis.grpc.client.GrpcClientProtocolService$RequestStreamObserver.processClientRequest(GrpcClientProtocolService.java:225) ~[ratis-grpc-0.6.0-cac3336-SNAPSHOT.jar:0.6.0-cac3336-SNAPSHOT]
	at org.apache.ratis.grpc.client.GrpcClientProtocolService$OrderedRequestStreamObserver.processClientRequest(GrpcClientProtocolService.java:331) ~[ratis-grpc-0.6.0-cac3336-SNAPSHOT.jar:0.6.0-cac3336-SNAPSHOT]
	at org.apache.ratis.util.SlidingWindow$Server.processRequestsFromHead(SlidingWindow.java:429) [ratis-common-0.6.0-cac3336-SNAPSHOT.jar:0.6.0-cac3336-SNAPSHOT]
	at org.apache.ratis.util.SlidingWindow$Server.receivedRequest(SlidingWindow.java:421) [ratis-common-0.6.0-cac3336-SNAPSHOT.jar:0.6.0-cac3336-SNAPSHOT]
	at org.apache.ratis.grpc.client.GrpcClientProtocolService$OrderedRequestStreamObserver.processClientRequest(GrpcClientProtocolService.java:355) [ratis-grpc-0.6.0-cac3336-SNAPSHOT.jar:0.6.0-cac3336-SNAPSHOT]
	at org.apache.ratis.grpc.client.GrpcClientProtocolService$RequestStreamObserver.onNext(GrpcClientProtocolService.java:245) [ratis-grpc-0.6.0-cac3336-SNAPSHOT.jar:0.6.0-cac3336-SNAPSHOT]
	at org.apache.ratis.grpc.client.GrpcClientProtocolService$RequestStreamObserver.onNext(GrpcClientProtocolService.java:168) [ratis-grpc-0.6.0-cac3336-SNAPSHOT.jar:0.6.0-cac3336-SNAPSHOT]
	at org.apache.ratis.thirdparty.io.grpc.stub.ServerCalls$StreamingServerCallHandler$StreamingServerCallListener.onMessage(ServerCalls.java:251) [ratis-thirdparty-misc-0.4.0.jar:0.4.0]
	at org.apache.ratis.thirdparty.io.grpc.internal.ServerCallImpl$ServerStreamListenerImpl.messagesAvailableInternal(ServerCallImpl.java:309) [ratis-thirdparty-misc-0.4.0.jar:0.4.0]
	at org.apache.ratis.thirdparty.io.grpc.internal.ServerCallImpl$ServerStreamListenerImpl.messagesAvailable(ServerCallImpl.java:292) [ratis-thirdparty-misc-0.4.0.jar:0.4.0]
	at org.apache.ratis.thirdparty.io.grpc.internal.ServerImpl$JumpToApplicationThreadServerStreamListener$1MessagesAvailable.runInContext(ServerImpl.java:782) [ratis-thirdparty-misc-0.4.0.jar:0.4.0]
	at org.apache.ratis.thirdparty.io.grpc.internal.ContextRunnable.run(ContextRunnable.java:37) [ratis-thirdparty-misc-0.4.0.jar:0.4.0]
	at org.apache.ratis.thirdparty.io.grpc.internal.SerializingExecutor.run(SerializingExecutor.java:123) [ratis-thirdparty-misc-0.4.0.jar:0.4.0]
	at java.util.concurrent.ThreadPoolExecutor.runWorker(ThreadPoolExecutor.java:1149) [?:1.8.0_232]
	at java.util.concurrent.ThreadPoolExecutor$Worker.run(ThreadPoolExecutor.java:624) [?:1.8.0_232]
	at java.lang.Thread.run(Thread.java:748) [?:1.8.0_232]
04:34:43.383 [grpc-default-executor-1] ERROR DNAudit - user=null | ip=null | op=WRITE_CHUNK {blockData=conID: 3 locID: 104249876910112773 bcsId: 0} | ret=FAILURE
org.apache.hadoop.hdds.scm.container.common.helpers.ContainerNotOpenException: Container 3 in CLOSED state
	at org.apache.hadoop.ozone.container.common.impl.HddsDispatcher.validateContainerCommand(HddsDispatcher.java:478) ~[hadoop-hdds-container-service-0.6.0-SNAPSHOT.jar:?]
	at org.apache.hadoop.ozone.container.common.transport.server.ratis.ContainerStateMachine.startTransaction(ContainerStateMachine.java:314) ~[hadoop-hdds-container-service-0.6.0-SNAPSHOT.jar:?]
	at org.apache.ratis.server.impl.RaftServerImpl.submitClientRequestAsync(RaftServerImpl.java:609) ~[ratis-server-0.6.0-cac3336-SNAPSHOT.jar:0.6.0-cac3336-SNAPSHOT]
	at org.apache.ratis.server.impl.RaftServerProxy.lambda$submitClientRequestAsync$7(RaftServerProxy.java:333) ~[ratis-server-0.6.0-cac3336-SNAPSHOT.jar:0.6.0-cac3336-SNAPSHOT]
	at org.apache.ratis.server.impl.RaftServerProxy.lambda$null$5(RaftServerProxy.java:328) ~[ratis-server-0.6.0-cac3336-SNAPSHOT.jar:0.6.0-cac3336-SNAPSHOT]
	at org.apache.ratis.util.JavaUtils.callAsUnchecked(JavaUtils.java:109) ~[ratis-common-0.6.0-cac3336-SNAPSHOT.jar:0.6.0-cac3336-SNAPSHOT]
	at org.apache.ratis.server.impl.RaftServerProxy.lambda$submitRequest$6(RaftServerProxy.java:328) ~[ratis-server-0.6.0-cac3336-SNAPSHOT.jar:0.6.0-cac3336-SNAPSHOT]
	at java.util.concurrent.CompletableFuture.uniComposeStage(CompletableFuture.java:995) ~[?:1.8.0_232]
	at java.util.concurrent.CompletableFuture.thenCompose(CompletableFuture.java:2137) ~[?:1.8.0_232]
	at org.apache.ratis.server.impl.RaftServerProxy.submitRequest(RaftServerProxy.java:327) ~[ratis-server-0.6.0-cac3336-SNAPSHOT.jar:0.6.0-cac3336-SNAPSHOT]
	at org.apache.ratis.server.impl.RaftServerProxy.submitClientRequestAsync(RaftServerProxy.java:333) ~[ratis-server-0.6.0-cac3336-SNAPSHOT.jar:0.6.0-cac3336-SNAPSHOT]
	at org.apache.ratis.grpc.client.GrpcClientProtocolService$RequestStreamObserver.processClientRequest(GrpcClientProtocolService.java:225) ~[ratis-grpc-0.6.0-cac3336-SNAPSHOT.jar:0.6.0-cac3336-SNAPSHOT]
	at org.apache.ratis.grpc.client.GrpcClientProtocolService$OrderedRequestStreamObserver.processClientRequest(GrpcClientProtocolService.java:331) ~[ratis-grpc-0.6.0-cac3336-SNAPSHOT.jar:0.6.0-cac3336-SNAPSHOT]
	at org.apache.ratis.util.SlidingWindow$Server.processRequestsFromHead(SlidingWindow.java:429) [ratis-common-0.6.0-cac3336-SNAPSHOT.jar:0.6.0-cac3336-SNAPSHOT]
	at org.apache.ratis.util.SlidingWindow$Server.receivedRequest(SlidingWindow.java:421) [ratis-common-0.6.0-cac3336-SNAPSHOT.jar:0.6.0-cac3336-SNAPSHOT]
	at org.apache.ratis.grpc.client.GrpcClientProtocolService$OrderedRequestStreamObserver.processClientRequest(GrpcClientProtocolService.java:355) [ratis-grpc-0.6.0-cac3336-SNAPSHOT.jar:0.6.0-cac3336-SNAPSHOT]
	at org.apache.ratis.grpc.client.GrpcClientProtocolService$RequestStreamObserver.onNext(GrpcClientProtocolService.java:245) [ratis-grpc-0.6.0-cac3336-SNAPSHOT.jar:0.6.0-cac3336-SNAPSHOT]
	at org.apache.ratis.grpc.client.GrpcClientProtocolService$RequestStreamObserver.onNext(GrpcClientProtocolService.java:168) [ratis-grpc-0.6.0-cac3336-SNAPSHOT.jar:0.6.0-cac3336-SNAPSHOT]
	at org.apache.ratis.thirdparty.io.grpc.stub.ServerCalls$StreamingServerCallHandler$StreamingServerCallListener.onMessage(ServerCalls.java:251) [ratis-thirdparty-misc-0.4.0.jar:0.4.0]
	at org.apache.ratis.thirdparty.io.grpc.internal.ServerCallImpl$ServerStreamListenerImpl.messagesAvailableInternal(ServerCallImpl.java:309) [ratis-thirdparty-misc-0.4.0.jar:0.4.0]
	at org.apache.ratis.thirdparty.io.grpc.internal.ServerCallImpl$ServerStreamListenerImpl.messagesAvailable(ServerCallImpl.java:292) [ratis-thirdparty-misc-0.4.0.jar:0.4.0]
	at org.apache.ratis.thirdparty.io.grpc.internal.ServerImpl$JumpToApplicationThreadServerStreamListener$1MessagesAvailable.runInContext(ServerImpl.java:782) [ratis-thirdparty-misc-0.4.0.jar:0.4.0]
	at org.apache.ratis.thirdparty.io.grpc.internal.ContextRunnable.run(ContextRunnable.java:37) [ratis-thirdparty-misc-0.4.0.jar:0.4.0]
	at org.apache.ratis.thirdparty.io.grpc.internal.SerializingExecutor.run(SerializingExecutor.java:123) [ratis-thirdparty-misc-0.4.0.jar:0.4.0]
	at java.util.concurrent.ThreadPoolExecutor.runWorker(ThreadPoolExecutor.java:1149) [?:1.8.0_232]
	at java.util.concurrent.ThreadPoolExecutor$Worker.run(ThreadPoolExecutor.java:624) [?:1.8.0_232]
	at java.lang.Thread.run(Thread.java:748) [?:1.8.0_232]
04:34:43.387 [grpc-default-executor-1] ERROR DNAudit - user=null | ip=null | op=PUT_BLOCK {blockData=[blockId=conID: 3 locID: 104249876910112773 bcsId: 0,size=400]} | ret=FAILURE
org.apache.hadoop.hdds.scm.container.common.helpers.ContainerNotOpenException: Container 3 in CLOSED state
	at org.apache.hadoop.ozone.container.common.impl.HddsDispatcher.validateContainerCommand(HddsDispatcher.java:478) ~[hadoop-hdds-container-service-0.6.0-SNAPSHOT.jar:?]
	at org.apache.hadoop.ozone.container.common.transport.server.ratis.ContainerStateMachine.startTransaction(ContainerStateMachine.java:314) ~[hadoop-hdds-container-service-0.6.0-SNAPSHOT.jar:?]
	at org.apache.ratis.server.impl.RaftServerImpl.submitClientRequestAsync(RaftServerImpl.java:609) ~[ratis-server-0.6.0-cac3336-SNAPSHOT.jar:0.6.0-cac3336-SNAPSHOT]
	at org.apache.ratis.server.impl.RaftServerProxy.lambda$submitClientRequestAsync$7(RaftServerProxy.java:333) ~[ratis-server-0.6.0-cac3336-SNAPSHOT.jar:0.6.0-cac3336-SNAPSHOT]
	at org.apache.ratis.server.impl.RaftServerProxy.lambda$null$5(RaftServerProxy.java:328) ~[ratis-server-0.6.0-cac3336-SNAPSHOT.jar:0.6.0-cac3336-SNAPSHOT]
	at org.apache.ratis.util.JavaUtils.callAsUnchecked(JavaUtils.java:109) ~[ratis-common-0.6.0-cac3336-SNAPSHOT.jar:0.6.0-cac3336-SNAPSHOT]
	at org.apache.ratis.server.impl.RaftServerProxy.lambda$submitRequest$6(RaftServerProxy.java:328) ~[ratis-server-0.6.0-cac3336-SNAPSHOT.jar:0.6.0-cac3336-SNAPSHOT]
	at java.util.concurrent.CompletableFuture.uniComposeStage(CompletableFuture.java:995) ~[?:1.8.0_232]
	at java.util.concurrent.CompletableFuture.thenCompose(CompletableFuture.java:2137) ~[?:1.8.0_232]
	at org.apache.ratis.server.impl.RaftServerProxy.submitRequest(RaftServerProxy.java:327) ~[ratis-server-0.6.0-cac3336-SNAPSHOT.jar:0.6.0-cac3336-SNAPSHOT]
	at org.apache.ratis.server.impl.RaftServerProxy.submitClientRequestAsync(RaftServerProxy.java:333) ~[ratis-server-0.6.0-cac3336-SNAPSHOT.jar:0.6.0-cac3336-SNAPSHOT]
	at org.apache.ratis.grpc.client.GrpcClientProtocolService$RequestStreamObserver.processClientRequest(GrpcClientProtocolService.java:225) ~[ratis-grpc-0.6.0-cac3336-SNAPSHOT.jar:0.6.0-cac3336-SNAPSHOT]
	at org.apache.ratis.grpc.client.GrpcClientProtocolService$OrderedRequestStreamObserver.processClientRequest(GrpcClientProtocolService.java:331) ~[ratis-grpc-0.6.0-cac3336-SNAPSHOT.jar:0.6.0-cac3336-SNAPSHOT]
	at org.apache.ratis.util.SlidingWindow$Server.processRequestsFromHead(SlidingWindow.java:429) [ratis-common-0.6.0-cac3336-SNAPSHOT.jar:0.6.0-cac3336-SNAPSHOT]
	at org.apache.ratis.util.SlidingWindow$Server.receivedRequest(SlidingWindow.java:421) [ratis-common-0.6.0-cac3336-SNAPSHOT.jar:0.6.0-cac3336-SNAPSHOT]
	at org.apache.ratis.grpc.client.GrpcClientProtocolService$OrderedRequestStreamObserver.processClientRequest(GrpcClientProtocolService.java:355) [ratis-grpc-0.6.0-cac3336-SNAPSHOT.jar:0.6.0-cac3336-SNAPSHOT]
	at org.apache.ratis.grpc.client.GrpcClientProtocolService$RequestStreamObserver.onNext(GrpcClientProtocolService.java:245) [ratis-grpc-0.6.0-cac3336-SNAPSHOT.jar:0.6.0-cac3336-SNAPSHOT]
	at org.apache.ratis.grpc.client.GrpcClientProtocolService$RequestStreamObserver.onNext(GrpcClientProtocolService.java:168) [ratis-grpc-0.6.0-cac3336-SNAPSHOT.jar:0.6.0-cac3336-SNAPSHOT]
	at org.apache.ratis.thirdparty.io.grpc.stub.ServerCalls$StreamingServerCallHandler$StreamingServerCallListener.onMessage(ServerCalls.java:251) [ratis-thirdparty-misc-0.4.0.jar:0.4.0]
	at org.apache.ratis.thirdparty.io.grpc.internal.ServerCallImpl$ServerStreamListenerImpl.messagesAvailableInternal(ServerCallImpl.java:309) [ratis-thirdparty-misc-0.4.0.jar:0.4.0]
	at org.apache.ratis.thirdparty.io.grpc.internal.ServerCallImpl$ServerStreamListenerImpl.messagesAvailable(ServerCallImpl.java:292) [ratis-thirdparty-misc-0.4.0.jar:0.4.0]
	at org.apache.ratis.thirdparty.io.grpc.internal.ServerImpl$JumpToApplicationThreadServerStreamListener$1MessagesAvailable.runInContext(ServerImpl.java:782) [ratis-thirdparty-misc-0.4.0.jar:0.4.0]
	at org.apache.ratis.thirdparty.io.grpc.internal.ContextRunnable.run(ContextRunnable.java:37) [ratis-thirdparty-misc-0.4.0.jar:0.4.0]
	at org.apache.ratis.thirdparty.io.grpc.internal.SerializingExecutor.run(SerializingExecutor.java:123) [ratis-thirdparty-misc-0.4.0.jar:0.4.0]
	at java.util.concurrent.ThreadPoolExecutor.runWorker(ThreadPoolExecutor.java:1149) [?:1.8.0_232]
	at java.util.concurrent.ThreadPoolExecutor$Worker.run(ThreadPoolExecutor.java:624) [?:1.8.0_232]
	at java.lang.Thread.run(Thread.java:748) [?:1.8.0_232]
2020-05-29 04:34:43,404 [Listener at 127.0.0.1/34757] INFO  io.BlockOutputStreamEntryPool (BlockOutputStreamEntryPool.java:allocateNewBlock(284)) - Allocating block with ExcludeList {datanodes = [], containerIds = [#1, #2, #3], pipelineIds = []}
2020-05-29 04:34:43,469 [Listener at 127.0.0.1/34757] INFO  ozone.MiniOzoneClusterImpl (MiniOzoneClusterImpl.java:shutdown(387)) - Shutting down the Mini Ozone Cluster
2020-05-29 04:34:43,469 [Listener at 127.0.0.1/34757] INFO  ozone.MiniOzoneClusterImpl (MiniOzoneClusterImpl.java:stop(402)) - Stopping the Mini Ozone Cluster
2020-05-29 04:34:43,469 [Listener at 127.0.0.1/34757] INFO  ozone.MiniOzoneClusterImpl (MiniOzoneClusterImpl.java:stopOM(484)) - Stopping the OzoneManager
2020-05-29 04:34:43,469 [Listener at 127.0.0.1/34757] INFO  ipc.Server (Server.java:stop(3359)) - Stopping server on 34757
2020-05-29 04:34:43,473 [Listener at 127.0.0.1/34757] INFO  ratis.OzoneManagerDoubleBuffer (OzoneManagerDoubleBuffer.java:stop(410)) - Stopping OMDoubleBuffer flush thread
2020-05-29 04:34:43,473 [IPC Server Responder] INFO  ipc.Server (Server.java:run(1465)) - Stopping IPC Server Responder
2020-05-29 04:34:43,473 [OMDoubleBufferFlushThread] INFO  ratis.OzoneManagerDoubleBuffer (OzoneManagerDoubleBuffer.java:flushTransactions(342)) - OMDoubleBuffer flush thread OMDoubleBufferFlushThread is interrupted and will exit. OMDoubleBufferFlushThread
2020-05-29 04:34:43,473 [IPC Server listener on 0] INFO  ipc.Server (Server.java:run(1330)) - Stopping IPC Server listener on 0
2020-05-29 04:34:43,474 [Listener at 127.0.0.1/34757] INFO  utils.BackgroundService (BackgroundService.java:shutdown(157)) - Shutting down service KeyDeletingService
2020-05-29 04:34:43,475 [Listener at 127.0.0.1/34757] INFO  handler.ContextHandler (ContextHandler.java:doStop(1016)) - Stopped o.e.j.w.WebAppContext@400ecee{ozoneManager,/,null,UNAVAILABLE}{file:/github/workspace/mnt/ozone/hadoop-ozone/integration-test/target/test-classes/webapps/ozoneManager}
2020-05-29 04:34:43,475 [Listener at 127.0.0.1/34757] INFO  server.AbstractConnector (AbstractConnector.java:doStop(380)) - Stopped ServerConnector@2574d993{HTTP/1.1,[http/1.1]}{0.0.0.0:0}
2020-05-29 04:34:43,476 [Listener at 127.0.0.1/34757] INFO  server.session (HouseKeeper.java:stopScavenging(158)) - node0 Stopped scavenging
2020-05-29 04:34:43,476 [Listener at 127.0.0.1/34757] INFO  handler.ContextHandler (ContextHandler.java:doStop(1016)) - Stopped o.e.j.s.ServletContextHandler@591b82db{static,/static,file:///github/workspace/mnt/ozone/hadoop-ozone/integration-test/target/test-classes/webapps/static,UNAVAILABLE}
2020-05-29 04:34:43,476 [Listener at 127.0.0.1/34757] INFO  handler.ContextHandler (ContextHandler.java:doStop(1016)) - Stopped o.e.j.s.ServletContextHandler@57b9d5ad{logs,/logs,file:///github/workspace/mnt/ozone/hadoop-ozone/integration-test/target/log,UNAVAILABLE}
2020-05-29 04:34:43,477 [Listener at 127.0.0.1/34757] INFO  ozone.MiniOzoneClusterImpl (MiniOzoneClusterImpl.java:stopDatanodes(461)) - Stopping the HddsDatanodes
2020-05-29 04:34:43,579 [Datanode State Machine Thread - 0] INFO  statemachine.DatanodeStateMachine (DatanodeStateMachine.java:lambda$startDaemon$0(376)) - Ozone container server started.
2020-05-29 04:34:44,230 [EventQueue-Delayed safe mode statusForReplicationManager] INFO  container.ReplicationManager (ReplicationManager.java:start(167)) - Starting Replication Monitor Thread.
2020-05-29 04:34:44,235 [ReplicationMonitor] INFO  container.ReplicationManager (ReplicationManager.java:run(231)) - Replication Monitor Thread took 4 milliseconds for processing 4 containers.
2020-05-29 04:34:44,321 [Datanode State Machine Thread - 0] INFO  statemachine.DatanodeStateMachine (DatanodeStateMachine.java:lambda$startDaemon$0(376)) - Ozone container server started.
2020-05-29 04:34:48,478 [ForkJoinPool.commonPool-worker-0] INFO  ozoneimpl.OzoneContainer (OzoneContainer.java:stop(246)) - Attempting to stop container services.
2020-05-29 04:34:48,478 [Listener at 127.0.0.1/34757] INFO  ozoneimpl.OzoneContainer (OzoneContainer.java:stop(246)) - Attempting to stop container services.
2020-05-29 04:34:48,479 [ForkJoinPool.commonPool-worker-0] INFO  impl.RaftServerProxy (RaftServerProxy.java:lambda$close$4(314)) - a1464408-a38b-41bf-a534-bb2a7d246c00: close
2020-05-29 04:34:48,479 [ForkJoinPool.commonPool-worker-0] INFO  impl.RaftServerImpl (RaftServerImpl.java:lambda$shutdown$3(250)) - a1464408-a38b-41bf-a534-bb2a7d246c00@group-99B83BEBA03F: shutdown
2020-05-29 04:34:48,479 [Listener at 127.0.0.1/34757] INFO  impl.RaftServerProxy (RaftServerProxy.java:lambda$close$4(314)) - 454b6da0-4653-4c86-b86b-02d358ed533f: close
2020-05-29 04:34:48,479 [ForkJoinPool.commonPool-worker-0] INFO  util.JmxRegister (JmxRegister.java:unregister(73)) - Successfully un-registered JMX Bean with object name Ratis:service=RaftServer,group=group-99B83BEBA03F,id=a1464408-a38b-41bf-a534-bb2a7d246c00
2020-05-29 04:34:48,480 [ForkJoinPool.commonPool-worker-0] INFO  impl.RoleInfo (RoleInfo.java:shutdownLeaderState(104)) - a1464408-a38b-41bf-a534-bb2a7d246c00: shutdown LeaderState
2020-05-29 04:34:48,479 [Listener at 127.0.0.1/34757] INFO  impl.RaftServerImpl (RaftServerImpl.java:lambda$shutdown$3(250)) - 454b6da0-4653-4c86-b86b-02d358ed533f@group-4E530EC14115: shutdown
2020-05-29 04:34:48,480 [ForkJoinPool.commonPool-worker-0] INFO  impl.PendingRequests (PendingRequests.java:sendNotLeaderResponses(242)) - a1464408-a38b-41bf-a534-bb2a7d246c00@group-99B83BEBA03F-PendingRequests: sendNotLeaderResponses
2020-05-29 04:34:48,480 [Listener at 127.0.0.1/34757] INFO  util.JmxRegister (JmxRegister.java:unregister(73)) - Successfully un-registered JMX Bean with object name Ratis:service=RaftServer,group=group-4E530EC14115,id=454b6da0-4653-4c86-b86b-02d358ed533f
2020-05-29 04:34:48,480 [ForkJoinPool.commonPool-worker-0] INFO  metrics.RatisMetrics (RatisMetrics.java:unregister(46)) - Unregistering Metrics Registry : ratis.log_appender.a1464408-a38b-41bf-a534-bb2a7d246c00@group-99B83BEBA03F
2020-05-29 04:34:48,481 [Listener at 127.0.0.1/34757] INFO  impl.RoleInfo (RoleInfo.java:shutdownFollowerState(121)) - 454b6da0-4653-4c86-b86b-02d358ed533f: shutdown FollowerState
2020-05-29 04:34:48,481 [Listener at 127.0.0.1/34757] INFO  impl.StateMachineUpdater (StateMachineUpdater.java:stopAndJoin(142)) - 454b6da0-4653-4c86-b86b-02d358ed533f@group-4E530EC14115-StateMachineUpdater: set stopIndex = 0
2020-05-29 04:34:48,481 [a1464408-a38b-41bf-a534-bb2a7d246c00@group-99B83BEBA03F-StateMachineUpdater] INFO  ratis.ContainerStateMachine (ContainerStateMachine.java:takeSnapshot(288)) - group-99B83BEBA03F: Taking a snapshot at:(t:1, i:0) file /github/workspace/mnt/ozone/hadoop-ozone/integration-test/target/test-dir/MiniOzoneClusterImpl-12d77cfa-a16c-47e6-aadc-9eca5b4227e3/datanode-1/data/ratis/bdc74018-8291-418a-abdc-99b83beba03f/sm/snapshot.1_0
2020-05-29 04:34:48,481 [Thread-637] INFO  impl.FollowerState (FollowerState.java:run(117)) - 454b6da0-4653-4c86-b86b-02d358ed533f@group-4E530EC14115-FollowerState was interrupted: java.lang.InterruptedException: sleep interrupted
2020-05-29 04:34:48,481 [ForkJoinPool.commonPool-worker-0] INFO  impl.StateMachineUpdater (StateMachineUpdater.java:stopAndJoin(142)) - a1464408-a38b-41bf-a534-bb2a7d246c00@group-99B83BEBA03F-StateMachineUpdater: set stopIndex = 0
2020-05-29 04:34:48,482 [454b6da0-4653-4c86-b86b-02d358ed533f@group-4E530EC14115-StateMachineUpdater] INFO  ratis.ContainerStateMachine (ContainerStateMachine.java:takeSnapshot(288)) - group-4E530EC14115: Taking a snapshot at:(t:1, i:0) file /github/workspace/mnt/ozone/hadoop-ozone/integration-test/target/test-dir/MiniOzoneClusterImpl-12d77cfa-a16c-47e6-aadc-9eca5b4227e3/datanode-4/data/ratis/5d9928a4-950c-4955-aa60-4e530ec14115/sm/snapshot.1_0
2020-05-29 04:34:48,483 [a1464408-a38b-41bf-a534-bb2a7d246c00@group-99B83BEBA03F-StateMachineUpdater] INFO  ratis.ContainerStateMachine (ContainerStateMachine.java:takeSnapshot(299)) - group-99B83BEBA03F: Finished taking a snapshot at:(t:1, i:0) file:/github/workspace/mnt/ozone/hadoop-ozone/integration-test/target/test-dir/MiniOzoneClusterImpl-12d77cfa-a16c-47e6-aadc-9eca5b4227e3/datanode-1/data/ratis/bdc74018-8291-418a-abdc-99b83beba03f/sm/snapshot.1_0 time:2
2020-05-29 04:34:48,483 [a1464408-a38b-41bf-a534-bb2a7d246c00@group-99B83BEBA03F-StateMachineUpdater] INFO  impl.StateMachineUpdater (StateMachineUpdater.java:takeSnapshot(277)) - a1464408-a38b-41bf-a534-bb2a7d246c00@group-99B83BEBA03F-StateMachineUpdater: Took a snapshot at index 0
2020-05-29 04:34:48,484 [a1464408-a38b-41bf-a534-bb2a7d246c00@group-99B83BEBA03F-StateMachineUpdater] INFO  impl.StateMachineUpdater (StateMachineUpdater.java:lambda$new$0(87)) - a1464408-a38b-41bf-a534-bb2a7d246c00@group-99B83BEBA03F-StateMachineUpdater: snapshotIndex: updateIncreasingly -1 -> 0
2020-05-29 04:34:48,484 [a1464408-a38b-41bf-a534-bb2a7d246c00@group-99B83BEBA03F-StateMachineUpdater] INFO  metrics.RatisMetrics (RatisMetrics.java:unregister(46)) - Unregistering Metrics Registry : ratis.state_machine.a1464408-a38b-41bf-a534-bb2a7d246c00@group-99B83BEBA03F
2020-05-29 04:34:48,483 [454b6da0-4653-4c86-b86b-02d358ed533f@group-4E530EC14115-StateMachineUpdater] INFO  ratis.ContainerStateMachine (ContainerStateMachine.java:takeSnapshot(299)) - group-4E530EC14115: Finished taking a snapshot at:(t:1, i:0) file:/github/workspace/mnt/ozone/hadoop-ozone/integration-test/target/test-dir/MiniOzoneClusterImpl-12d77cfa-a16c-47e6-aadc-9eca5b4227e3/datanode-4/data/ratis/5d9928a4-950c-4955-aa60-4e530ec14115/sm/snapshot.1_0 time:1
2020-05-29 04:34:48,484 [454b6da0-4653-4c86-b86b-02d358ed533f@group-4E530EC14115-StateMachineUpdater] INFO  impl.StateMachineUpdater (StateMachineUpdater.java:takeSnapshot(277)) - 454b6da0-4653-4c86-b86b-02d358ed533f@group-4E530EC14115-StateMachineUpdater: Took a snapshot at index 0
2020-05-29 04:34:48,484 [454b6da0-4653-4c86-b86b-02d358ed533f@group-4E530EC14115-StateMachineUpdater] INFO  impl.StateMachineUpdater (StateMachineUpdater.java:lambda$new$0(87)) - 454b6da0-4653-4c86-b86b-02d358ed533f@group-4E530EC14115-StateMachineUpdater: snapshotIndex: updateIncreasingly -1 -> 0
2020-05-29 04:34:48,484 [454b6da0-4653-4c86-b86b-02d358ed533f@group-4E530EC14115-StateMachineUpdater] INFO  metrics.RatisMetrics (RatisMetrics.java:unregister(46)) - Unregistering Metrics Registry : ratis.state_machine.454b6da0-4653-4c86-b86b-02d358ed533f@group-4E530EC14115
2020-05-29 04:34:48,484 [ForkJoinPool.commonPool-worker-0] INFO  impl.RaftServerImpl (ServerState.java:close(387)) - a1464408-a38b-41bf-a534-bb2a7d246c00@group-99B83BEBA03F: closes. applyIndex: 0
2020-05-29 04:34:48,484 [Listener at 127.0.0.1/34757] INFO  impl.RaftServerImpl (ServerState.java:close(387)) - 454b6da0-4653-4c86-b86b-02d358ed533f@group-4E530EC14115: closes. applyIndex: 0
2020-05-29 04:34:48,485 [a1464408-a38b-41bf-a534-bb2a7d246c00@group-99B83BEBA03F-SegmentedRaftLogWorker] INFO  segmented.SegmentedRaftLogWorker (SegmentedRaftLogWorker.java:run(321)) - a1464408-a38b-41bf-a534-bb2a7d246c00@group-99B83BEBA03F-SegmentedRaftLogWorker was interrupted, exiting. There are 0 tasks remaining in the queue.
2020-05-29 04:34:48,485 [454b6da0-4653-4c86-b86b-02d358ed533f@group-4E530EC14115-SegmentedRaftLogWorker] INFO  segmented.SegmentedRaftLogWorker (SegmentedRaftLogWorker.java:run(321)) - 454b6da0-4653-4c86-b86b-02d358ed533f@group-4E530EC14115-SegmentedRaftLogWorker was interrupted, exiting. There are 0 tasks remaining in the queue.
2020-05-29 04:34:48,486 [ForkJoinPool.commonPool-worker-0] INFO  segmented.SegmentedRaftLogWorker (SegmentedRaftLogWorker.java:close(229)) - a1464408-a38b-41bf-a534-bb2a7d246c00@group-99B83BEBA03F-SegmentedRaftLogWorker close()
2020-05-29 04:34:48,487 [ForkJoinPool.commonPool-worker-0] INFO  metrics.RatisMetrics (RatisMetrics.java:unregister(46)) - Unregistering Metrics Registry : ratis.log_worker.a1464408-a38b-41bf-a534-bb2a7d246c00
2020-05-29 04:34:48,487 [ForkJoinPool.commonPool-worker-0] INFO  metrics.RatisMetrics (RatisMetrics.java:unregister(46)) - Unregistering Metrics Registry : ratis.leader_election.a1464408-a38b-41bf-a534-bb2a7d246c00@group-99B83BEBA03F
2020-05-29 04:34:48,487 [ForkJoinPool.commonPool-worker-0] INFO  metrics.RatisMetrics (RatisMetrics.java:unregister(46)) - Unregistering Metrics Registry : ratis.server.a1464408-a38b-41bf-a534-bb2a7d246c00@group-99B83BEBA03F
2020-05-29 04:34:48,487 [Listener at 127.0.0.1/34757] INFO  segmented.SegmentedRaftLogWorker (SegmentedRaftLogWorker.java:close(229)) - 454b6da0-4653-4c86-b86b-02d358ed533f@group-4E530EC14115-SegmentedRaftLogWorker close()
2020-05-29 04:34:48,487 [ForkJoinPool.commonPool-worker-0] INFO  impl.RaftServerImpl (RaftServerImpl.java:lambda$shutdown$3(250)) - a1464408-a38b-41bf-a534-bb2a7d246c00@group-71F5BBEAC783: shutdown
2020-05-29 04:34:48,488 [ForkJoinPool.commonPool-worker-0] INFO  util.JmxRegister (JmxRegister.java:unregister(73)) - Successfully un-registered JMX Bean with object name Ratis:service=RaftServer,group=group-71F5BBEAC783,id=a1464408-a38b-41bf-a534-bb2a7d246c00
2020-05-29 04:34:48,488 [ForkJoinPool.commonPool-worker-0] INFO  impl.RoleInfo (RoleInfo.java:shutdownFollowerState(121)) - a1464408-a38b-41bf-a534-bb2a7d246c00: shutdown FollowerState
2020-05-29 04:34:48,488 [Listener at 127.0.0.1/34757] INFO  metrics.RatisMetrics (RatisMetrics.java:unregister(46)) - Unregistering Metrics Registry : ratis.log_worker.454b6da0-4653-4c86-b86b-02d358ed533f
2020-05-29 04:34:48,488 [Thread-613] INFO  impl.FollowerState (FollowerState.java:run(117)) - a1464408-a38b-41bf-a534-bb2a7d246c00@group-71F5BBEAC783-FollowerState was interrupted: java.lang.InterruptedException: sleep interrupted
2020-05-29 04:34:48,488 [Listener at 127.0.0.1/34757] INFO  metrics.RatisMetrics (RatisMetrics.java:unregister(46)) - Unregistering Metrics Registry : ratis.leader_election.454b6da0-4653-4c86-b86b-02d358ed533f@group-4E530EC14115
2020-05-29 04:34:48,489 [Listener at 127.0.0.1/34757] INFO  metrics.RatisMetrics (RatisMetrics.java:unregister(46)) - Unregistering Metrics Registry : ratis.server.454b6da0-4653-4c86-b86b-02d358ed533f@group-4E530EC14115
2020-05-29 04:34:48,489 [Listener at 127.0.0.1/34757] INFO  impl.RaftServerImpl (RaftServerImpl.java:lambda$shutdown$3(250)) - 454b6da0-4653-4c86-b86b-02d358ed533f@group-BE911AC612AC: shutdown
2020-05-29 04:34:48,490 [Listener at 127.0.0.1/34757] INFO  util.JmxRegister (JmxRegister.java:unregister(73)) - Successfully un-registered JMX Bean with object name Ratis:service=RaftServer,group=group-BE911AC612AC,id=454b6da0-4653-4c86-b86b-02d358ed533f
2020-05-29 04:34:48,490 [Listener at 127.0.0.1/34757] INFO  impl.RoleInfo (RoleInfo.java:shutdownLeaderState(104)) - 454b6da0-4653-4c86-b86b-02d358ed533f: shutdown LeaderState
2020-05-29 04:34:48,490 [Listener at 127.0.0.1/34757] INFO  impl.PendingRequests (PendingRequests.java:sendNotLeaderResponses(242)) - 454b6da0-4653-4c86-b86b-02d358ed533f@group-BE911AC612AC-PendingRequests: sendNotLeaderResponses
2020-05-29 04:34:48,490 [Listener at 127.0.0.1/34757] INFO  metrics.RatisMetrics (RatisMetrics.java:unregister(46)) - Unregistering Metrics Registry : ratis.log_appender.454b6da0-4653-4c86-b86b-02d358ed533f@group-BE911AC612AC
2020-05-29 04:34:48,490 [Listener at 127.0.0.1/34757] INFO  impl.StateMachineUpdater (StateMachineUpdater.java:stopAndJoin(142)) - 454b6da0-4653-4c86-b86b-02d358ed533f@group-BE911AC612AC-StateMachineUpdater: set stopIndex = 0
2020-05-29 04:34:48,489 [ForkJoinPool.commonPool-worker-0] INFO  impl.StateMachineUpdater (StateMachineUpdater.java:stopAndJoin(142)) - a1464408-a38b-41bf-a534-bb2a7d246c00@group-71F5BBEAC783-StateMachineUpdater: set stopIndex = 0
2020-05-29 04:34:48,491 [454b6da0-4653-4c86-b86b-02d358ed533f@group-BE911AC612AC-StateMachineUpdater] INFO  ratis.ContainerStateMachine (ContainerStateMachine.java:takeSnapshot(288)) - group-BE911AC612AC: Taking a snapshot at:(t:1, i:0) file /github/workspace/mnt/ozone/hadoop-ozone/integration-test/target/test-dir/MiniOzoneClusterImpl-12d77cfa-a16c-47e6-aadc-9eca5b4227e3/datanode-4/data/ratis/7405b14d-0ed8-49b5-af32-be911ac612ac/sm/snapshot.1_0
2020-05-29 04:34:48,489 [a1464408-a38b-41bf-a534-bb2a7d246c00@group-71F5BBEAC783-StateMachineUpdater] INFO  ratis.ContainerStateMachine (ContainerStateMachine.java:takeSnapshot(288)) - group-71F5BBEAC783: Taking a snapshot at:(t:1, i:0) file /github/workspace/mnt/ozone/hadoop-ozone/integration-test/target/test-dir/MiniOzoneClusterImpl-12d77cfa-a16c-47e6-aadc-9eca5b4227e3/datanode-1/data/ratis/80e053d9-1962-4bf8-ad22-71f5bbeac783/sm/snapshot.1_0
2020-05-29 04:34:48,492 [454b6da0-4653-4c86-b86b-02d358ed533f@group-BE911AC612AC-StateMachineUpdater] INFO  ratis.ContainerStateMachine (ContainerStateMachine.java:takeSnapshot(299)) - group-BE911AC612AC: Finished taking a snapshot at:(t:1, i:0) file:/github/workspace/mnt/ozone/hadoop-ozone/integration-test/target/test-dir/MiniOzoneClusterImpl-12d77cfa-a16c-47e6-aadc-9eca5b4227e3/datanode-4/data/ratis/7405b14d-0ed8-49b5-af32-be911ac612ac/sm/snapshot.1_0 time:0
2020-05-29 04:34:48,492 [454b6da0-4653-4c86-b86b-02d358ed533f@group-BE911AC612AC-StateMachineUpdater] INFO  impl.StateMachineUpdater (StateMachineUpdater.java:takeSnapshot(277)) - 454b6da0-4653-4c86-b86b-02d358ed533f@group-BE911AC612AC-StateMachineUpdater: Took a snapshot at index 0
2020-05-29 04:34:48,492 [454b6da0-4653-4c86-b86b-02d358ed533f@group-BE911AC612AC-StateMachineUpdater] INFO  impl.StateMachineUpdater (StateMachineUpdater.java:lambda$new$0(87)) - 454b6da0-4653-4c86-b86b-02d358ed533f@group-BE911AC612AC-StateMachineUpdater: snapshotIndex: updateIncreasingly -1 -> 0
2020-05-29 04:34:48,492 [454b6da0-4653-4c86-b86b-02d358ed533f@group-BE911AC612AC-StateMachineUpdater] INFO  metrics.RatisMetrics (RatisMetrics.java:unregister(46)) - Unregistering Metrics Registry : ratis.state_machine.454b6da0-4653-4c86-b86b-02d358ed533f@group-BE911AC612AC
2020-05-29 04:34:48,492 [a1464408-a38b-41bf-a534-bb2a7d246c00@group-71F5BBEAC783-StateMachineUpdater] INFO  ratis.ContainerStateMachine (ContainerStateMachine.java:takeSnapshot(299)) - group-71F5BBEAC783: Finished taking a snapshot at:(t:1, i:0) file:/github/workspace/mnt/ozone/hadoop-ozone/integration-test/target/test-dir/MiniOzoneClusterImpl-12d77cfa-a16c-47e6-aadc-9eca5b4227e3/datanode-1/data/ratis/80e053d9-1962-4bf8-ad22-71f5bbeac783/sm/snapshot.1_0 time:3
2020-05-29 04:34:48,492 [Listener at 127.0.0.1/34757] INFO  impl.RaftServerImpl (ServerState.java:close(387)) - 454b6da0-4653-4c86-b86b-02d358ed533f@group-BE911AC612AC: closes. applyIndex: 0
2020-05-29 04:34:48,492 [454b6da0-4653-4c86-b86b-02d358ed533f@group-BE911AC612AC-SegmentedRaftLogWorker] INFO  segmented.SegmentedRaftLogWorker (SegmentedRaftLogWorker.java:run(321)) - 454b6da0-4653-4c86-b86b-02d358ed533f@group-BE911AC612AC-SegmentedRaftLogWorker was interrupted, exiting. There are 0 tasks remaining in the queue.
2020-05-29 04:34:48,492 [a1464408-a38b-41bf-a534-bb2a7d246c00@group-71F5BBEAC783-StateMachineUpdater] INFO  impl.StateMachineUpdater (StateMachineUpdater.java:takeSnapshot(277)) - a1464408-a38b-41bf-a534-bb2a7d246c00@group-71F5BBEAC783-StateMachineUpdater: Took a snapshot at index 0
2020-05-29 04:34:48,493 [Listener at 127.0.0.1/34757] INFO  segmented.SegmentedRaftLogWorker (SegmentedRaftLogWorker.java:close(229)) - 454b6da0-4653-4c86-b86b-02d358ed533f@group-BE911AC612AC-SegmentedRaftLogWorker close()
2020-05-29 04:34:48,498 [a1464408-a38b-41bf-a534-bb2a7d246c00@group-71F5BBEAC783-StateMachineUpdater] INFO  impl.StateMachineUpdater (StateMachineUpdater.java:lambda$new$0(87)) - a1464408-a38b-41bf-a534-bb2a7d246c00@group-71F5BBEAC783-StateMachineUpdater: snapshotIndex: updateIncreasingly -1 -> 0
2020-05-29 04:34:48,499 [Listener at 127.0.0.1/34757] INFO  metrics.RatisMetrics (RatisMetrics.java:unregister(46)) - Unregistering Metrics Registry : ratis.log_worker.454b6da0-4653-4c86-b86b-02d358ed533f
2020-05-29 04:34:48,499 [a1464408-a38b-41bf-a534-bb2a7d246c00@group-71F5BBEAC783-StateMachineUpdater] INFO  metrics.RatisMetrics (RatisMetrics.java:unregister(46)) - Unregistering Metrics Registry : ratis.state_machine.a1464408-a38b-41bf-a534-bb2a7d246c00@group-71F5BBEAC783
2020-05-29 04:34:48,499 [ForkJoinPool.commonPool-worker-0] INFO  impl.RaftServerImpl (ServerState.java:close(387)) - a1464408-a38b-41bf-a534-bb2a7d246c00@group-71F5BBEAC783: closes. applyIndex: 0
2020-05-29 04:34:48,499 [a1464408-a38b-41bf-a534-bb2a7d246c00@group-71F5BBEAC783-SegmentedRaftLogWorker] INFO  segmented.SegmentedRaftLogWorker (SegmentedRaftLogWorker.java:run(321)) - a1464408-a38b-41bf-a534-bb2a7d246c00@group-71F5BBEAC783-SegmentedRaftLogWorker was interrupted, exiting. There are 0 tasks remaining in the queue.
2020-05-29 04:34:48,500 [ForkJoinPool.commonPool-worker-0] INFO  segmented.SegmentedRaftLogWorker (SegmentedRaftLogWorker.java:close(229)) - a1464408-a38b-41bf-a534-bb2a7d246c00@group-71F5BBEAC783-SegmentedRaftLogWorker close()
2020-05-29 04:34:48,499 [Listener at 127.0.0.1/34757] INFO  metrics.RatisMetrics (RatisMetrics.java:unregister(46)) - Unregistering Metrics Registry : ratis.leader_election.454b6da0-4653-4c86-b86b-02d358ed533f@group-BE911AC612AC
2020-05-29 04:34:48,501 [Listener at 127.0.0.1/34757] INFO  metrics.RatisMetrics (RatisMetrics.java:unregister(46)) - Unregistering Metrics Registry : ratis.server.454b6da0-4653-4c86-b86b-02d358ed533f@group-BE911AC612AC
2020-05-29 04:34:48,501 [Listener at 127.0.0.1/34757] INFO  server.GrpcService (GrpcService.java:closeImpl(165)) - 454b6da0-4653-4c86-b86b-02d358ed533f: shutdown server with port 32861 now
2020-05-29 04:34:48,501 [ForkJoinPool.commonPool-worker-0] INFO  metrics.RatisMetrics (RatisMetrics.java:unregister(46)) - Unregistering Metrics Registry : ratis.log_worker.a1464408-a38b-41bf-a534-bb2a7d246c00
2020-05-29 04:34:48,502 [ForkJoinPool.commonPool-worker-0] INFO  metrics.RatisMetrics (RatisMetrics.java:unregister(46)) - Unregistering Metrics Registry : ratis.leader_election.a1464408-a38b-41bf-a534-bb2a7d246c00@group-71F5BBEAC783
2020-05-29 04:34:48,502 [ForkJoinPool.commonPool-worker-0] INFO  metrics.RatisMetrics (RatisMetrics.java:unregister(46)) - Unregistering Metrics Registry : ratis.server.a1464408-a38b-41bf-a534-bb2a7d246c00@group-71F5BBEAC783
2020-05-29 04:34:48,502 [ForkJoinPool.commonPool-worker-0] INFO  server.GrpcService (GrpcService.java:closeImpl(165)) - a1464408-a38b-41bf-a534-bb2a7d246c00: shutdown server with port 44155 now
2020-05-29 04:34:48,503 [grpc-default-executor-2] WARN  server.GrpcServerProtocolService (LogUtils.java:warn(122)) - 454b6da0-4653-4c86-b86b-02d358ed533f: installSnapshot onError, lastRequest: 3d5655c8-2b34-4a86-be67-e7382a00f2f8->454b6da0-4653-4c86-b86b-02d358ed533f#1-t1, previous=(t:0, i:0), leaderCommit=-1, initializing? false, entries: size=1, first=(t:1, i:0), CONFIGURATIONENTRY: org.apache.ratis.thirdparty.io.grpc.StatusRuntimeException: CANCELLED: cancelled before receiving half close
2020-05-29 04:34:48,503 [grpc-default-executor-4] WARN  server.GrpcServerProtocolService (LogUtils.java:warn(122)) - a1464408-a38b-41bf-a534-bb2a7d246c00: installSnapshot onError, lastRequest: c557ac33-ca51-4a07-934d-526037e69701->a1464408-a38b-41bf-a534-bb2a7d246c00#1-t1, previous=(t:0, i:0), leaderCommit=0, initializing? false, entries: size=1, first=(t:1, i:0), CONFIGURATIONENTRY: org.apache.ratis.thirdparty.io.grpc.StatusRuntimeException: CANCELLED: cancelled before receiving half close
2020-05-29 04:34:48,504 [grpc-default-executor-1] WARN  server.GrpcLogAppender (LogUtils.java:warn(122)) - 3d5655c8-2b34-4a86-be67-e7382a00f2f8@group-4E530EC14115->454b6da0-4653-4c86-b86b-02d358ed533f-AppendLogResponseHandler: Failed appendEntries: org.apache.ratis.thirdparty.io.grpc.StatusRuntimeException: CANCELLED: HTTP/2 error code: CANCEL
Received Rst Stream
2020-05-29 04:34:48,504 [grpc-default-executor-0] WARN  server.GrpcLogAppender (LogUtils.java:warn(122)) - c557ac33-ca51-4a07-934d-526037e69701@group-71F5BBEAC783->a1464408-a38b-41bf-a534-bb2a7d246c00-AppendLogResponseHandler: Failed appendEntries: org.apache.ratis.thirdparty.io.grpc.StatusRuntimeException: CANCELLED: HTTP/2 error code: CANCEL
Received Rst Stream
2020-05-29 04:34:48,504 [ForkJoinPool.commonPool-worker-0] INFO  server.GrpcService (GrpcService.java:closeImpl(173)) - a1464408-a38b-41bf-a534-bb2a7d246c00: shutdown server with port 44155 successfully
2020-05-29 04:34:48,505 [Listener at 127.0.0.1/34757] INFO  server.GrpcService (GrpcService.java:closeImpl(173)) - 454b6da0-4653-4c86-b86b-02d358ed533f: shutdown server with port 32861 successfully
2020-05-29 04:34:48,507 [Listener at 127.0.0.1/34757] INFO  utils.BackgroundService (BackgroundService.java:shutdown(157)) - Shutting down service BlockDeletingService
2020-05-29 04:34:48,507 [grpc-default-executor-1] INFO  impl.FollowerInfo (FollowerInfo.java:lambda$new$0(50)) - 3d5655c8-2b34-4a86-be67-e7382a00f2f8@group-4E530EC14115->454b6da0-4653-4c86-b86b-02d358ed533f: nextIndex: updateUnconditionally 1 -> 0
2020-05-29 04:34:48,513 [grpc-default-executor-0] INFO  impl.FollowerInfo (FollowerInfo.java:lambda$new$0(50)) - c557ac33-ca51-4a07-934d-526037e69701@group-71F5BBEAC783->a1464408-a38b-41bf-a534-bb2a7d246c00: nextIndex: updateUnconditionally 1 -> 0
2020-05-29 04:34:48,514 [ForkJoinPool.commonPool-worker-0] INFO  utils.BackgroundService (BackgroundService.java:shutdown(157)) - Shutting down service BlockDeletingService
2020-05-29 04:34:48,516 [Listener at 127.0.0.1/34757] INFO  statemachine.DatanodeStateMachine (DatanodeStateMachine.java:stopDaemon(424)) - Ozone container server stopped.
2020-05-29 04:34:48,516 [ForkJoinPool.commonPool-worker-0] INFO  statemachine.DatanodeStateMachine (DatanodeStateMachine.java:stopDaemon(424)) - Ozone container server stopped.
2020-05-29 04:34:48,519 [Listener at 127.0.0.1/34757] INFO  handler.ContextHandler (ContextHandler.java:doStop(1016)) - Stopped o.e.j.w.WebAppContext@4ab7adde{hddsDatanode,/,null,UNAVAILABLE}{jar:file:/home/user/.m2/repository/org/apache/hadoop/hadoop-hdds-container-service/0.6.0-SNAPSHOT/hadoop-hdds-container-service-0.6.0-SNAPSHOT.jar!/webapps/hddsDatanode}
2020-05-29 04:34:48,520 [ForkJoinPool.commonPool-worker-0] INFO  handler.ContextHandler (ContextHandler.java:doStop(1016)) - Stopped o.e.j.w.WebAppContext@73956402{hddsDatanode,/,null,UNAVAILABLE}{jar:file:/home/user/.m2/repository/org/apache/hadoop/hadoop-hdds-container-service/0.6.0-SNAPSHOT/hadoop-hdds-container-service-0.6.0-SNAPSHOT.jar!/webapps/hddsDatanode}
2020-05-29 04:34:48,520 [Listener at 127.0.0.1/34757] INFO  server.AbstractConnector (AbstractConnector.java:doStop(380)) - Stopped ServerConnector@2f50150d{HTTP/1.1,[http/1.1]}{0.0.0.0:0}
2020-05-29 04:34:48,521 [Listener at 127.0.0.1/34757] INFO  server.session (HouseKeeper.java:stopScavenging(158)) - node0 Stopped scavenging
2020-05-29 04:34:48,521 [Listener at 127.0.0.1/34757] INFO  handler.ContextHandler (ContextHandler.java:doStop(1016)) - Stopped o.e.j.s.ServletContextHandler@53a68c47{static,/static,jar:file:/home/user/.m2/repository/org/apache/hadoop/hadoop-hdds-container-service/0.6.0-SNAPSHOT/hadoop-hdds-container-service-0.6.0-SNAPSHOT.jar!/webapps/static,UNAVAILABLE}
2020-05-29 04:34:48,521 [Listener at 127.0.0.1/34757] INFO  handler.ContextHandler (ContextHandler.java:doStop(1016)) - Stopped o.e.j.s.ServletContextHandler@3e550991{logs,/logs,file:///github/workspace/mnt/ozone/hadoop-ozone/integration-test/target/log,UNAVAILABLE}
2020-05-29 04:34:48,523 [ForkJoinPool.commonPool-worker-0] INFO  server.AbstractConnector (AbstractConnector.java:doStop(380)) - Stopped ServerConnector@4791ac2{HTTP/1.1,[http/1.1]}{0.0.0.0:0}
2020-05-29 04:34:48,523 [ForkJoinPool.commonPool-worker-0] INFO  server.session (HouseKeeper.java:stopScavenging(158)) - node0 Stopped scavenging
2020-05-29 04:34:48,523 [ForkJoinPool.commonPool-worker-0] INFO  handler.ContextHandler (ContextHandler.java:doStop(1016)) - Stopped o.e.j.s.ServletContextHandler@65ef88e8{static,/static,jar:file:/home/user/.m2/repository/org/apache/hadoop/hadoop-hdds-container-service/0.6.0-SNAPSHOT/hadoop-hdds-container-service-0.6.0-SNAPSHOT.jar!/webapps/static,UNAVAILABLE}
2020-05-29 04:34:48,524 [ForkJoinPool.commonPool-worker-0] INFO  handler.ContextHandler (ContextHandler.java:doStop(1016)) - Stopped o.e.j.s.ServletContextHandler@1b507dc4{logs,/logs,file:///github/workspace/mnt/ozone/hadoop-ozone/integration-test/target/log,UNAVAILABLE}
2020-05-29 04:34:48,774 [grpc-default-executor-0] WARN  server.GrpcLogAppender (LogUtils.java:warn(122)) - c557ac33-ca51-4a07-934d-526037e69701@group-71F5BBEAC783->a1464408-a38b-41bf-a534-bb2a7d246c00-AppendLogResponseHandler: Failed appendEntries: org.apache.ratis.thirdparty.io.grpc.StatusRuntimeException: UNAVAILABLE: io exception
2020-05-29 04:34:48,776 [grpc-default-executor-0] INFO  impl.FollowerInfo (FollowerInfo.java:lambda$new$0(50)) - c557ac33-ca51-4a07-934d-526037e69701@group-71F5BBEAC783->a1464408-a38b-41bf-a534-bb2a7d246c00: nextIndex: updateUnconditionally 1 -> 0
2020-05-29 04:34:49,029 [grpc-default-executor-0] WARN  server.GrpcLogAppender (LogUtils.java:warn(122)) - 3d5655c8-2b34-4a86-be67-e7382a00f2f8@group-4E530EC14115->454b6da0-4653-4c86-b86b-02d358ed533f-AppendLogResponseHandler: Failed appendEntries: org.apache.ratis.thirdparty.io.grpc.StatusRuntimeException: UNAVAILABLE: io exception
2020-05-29 04:34:49,030 [grpc-default-executor-0] INFO  impl.FollowerInfo (FollowerInfo.java:lambda$new$0(50)) - 3d5655c8-2b34-4a86-be67-e7382a00f2f8@group-4E530EC14115->454b6da0-4653-4c86-b86b-02d358ed533f: nextIndex: updateUnconditionally 1 -> 0
2020-05-29 04:34:49,270 [Datanode State Machine Thread - 0] INFO  statemachine.DatanodeStateMachine (DatanodeStateMachine.java:lambda$startDaemon$0(376)) - Ozone container server started.
2020-05-29 04:34:49,517 [Datanode State Machine Thread - 0] INFO  statemachine.DatanodeStateMachine (DatanodeStateMachine.java:lambda$startDaemon$0(376)) - Ozone container server started.
2020-05-29 04:34:51,279 [grpc-default-executor-1] WARN  server.GrpcLogAppender (LogUtils.java:warn(122)) - c557ac33-ca51-4a07-934d-526037e69701@group-71F5BBEAC783->a1464408-a38b-41bf-a534-bb2a7d246c00-AppendLogResponseHandler: Failed appendEntries: org.apache.ratis.thirdparty.io.grpc.StatusRuntimeException: UNAVAILABLE: io exception
2020-05-29 04:34:51,280 [grpc-default-executor-1] INFO  impl.FollowerInfo (FollowerInfo.java:lambda$new$0(50)) - c557ac33-ca51-4a07-934d-526037e69701@group-71F5BBEAC783->a1464408-a38b-41bf-a534-bb2a7d246c00: nextIndex: updateUnconditionally 1 -> 0
2020-05-29 04:34:51,532 [grpc-default-executor-1] WARN  server.GrpcLogAppender (LogUtils.java:warn(122)) - 3d5655c8-2b34-4a86-be67-e7382a00f2f8@group-4E530EC14115->454b6da0-4653-4c86-b86b-02d358ed533f-AppendLogResponseHandler: Failed appendEntries: org.apache.ratis.thirdparty.io.grpc.StatusRuntimeException: UNAVAILABLE: io exception
2020-05-29 04:34:51,535 [grpc-default-executor-1] INFO  impl.FollowerInfo (FollowerInfo.java:lambda$new$0(50)) - 3d5655c8-2b34-4a86-be67-e7382a00f2f8@group-4E530EC14115->454b6da0-4653-4c86-b86b-02d358ed533f: nextIndex: updateUnconditionally 1 -> 0
2020-05-29 04:34:53,522 [Listener at 127.0.0.1/34757] INFO  ozoneimpl.OzoneContainer (OzoneContainer.java:stop(246)) - Attempting to stop container services.
2020-05-29 04:34:53,523 [Listener at 127.0.0.1/34757] INFO  impl.RaftServerProxy (RaftServerProxy.java:lambda$close$4(314)) - 0a22fcba-fb9d-428a-bab5-12cc3aa51c00: close
2020-05-29 04:34:53,523 [Listener at 127.0.0.1/34757] INFO  impl.RaftServerImpl (RaftServerImpl.java:lambda$shutdown$3(250)) - 0a22fcba-fb9d-428a-bab5-12cc3aa51c00@group-4E530EC14115: shutdown
2020-05-29 04:34:53,524 [Listener at 127.0.0.1/34757] INFO  util.JmxRegister (JmxRegister.java:unregister(73)) - Successfully un-registered JMX Bean with object name Ratis:service=RaftServer,group=group-4E530EC14115,id=0a22fcba-fb9d-428a-bab5-12cc3aa51c00
2020-05-29 04:34:53,524 [Listener at 127.0.0.1/34757] INFO  impl.RoleInfo (RoleInfo.java:shutdownFollowerState(121)) - 0a22fcba-fb9d-428a-bab5-12cc3aa51c00: shutdown FollowerState
2020-05-29 04:34:53,524 [Listener at 127.0.0.1/34757] INFO  impl.StateMachineUpdater (StateMachineUpdater.java:stopAndJoin(142)) - 0a22fcba-fb9d-428a-bab5-12cc3aa51c00@group-4E530EC14115-StateMachineUpdater: set stopIndex = 0
2020-05-29 04:34:53,524 [Thread-633] INFO  impl.FollowerState (FollowerState.java:run(117)) - 0a22fcba-fb9d-428a-bab5-12cc3aa51c00@group-4E530EC14115-FollowerState was interrupted: java.lang.InterruptedException: sleep interrupted
2020-05-29 04:34:53,525 [0a22fcba-fb9d-428a-bab5-12cc3aa51c00@group-4E530EC14115-StateMachineUpdater] INFO  ratis.ContainerStateMachine (ContainerStateMachine.java:takeSnapshot(288)) - group-4E530EC14115: Taking a snapshot at:(t:1, i:0) file /github/workspace/mnt/ozone/hadoop-ozone/integration-test/target/test-dir/MiniOzoneClusterImpl-12d77cfa-a16c-47e6-aadc-9eca5b4227e3/datanode-3/data/ratis/5d9928a4-950c-4955-aa60-4e530ec14115/sm/snapshot.1_0
2020-05-29 04:34:53,526 [ForkJoinPool.commonPool-worker-0] INFO  ozoneimpl.OzoneContainer (OzoneContainer.java:stop(246)) - Attempting to stop container services.
2020-05-29 04:34:53,526 [ForkJoinPool.commonPool-worker-0] INFO  impl.RaftServerProxy (RaftServerProxy.java:lambda$close$4(314)) - aa25932a-6a64-4821-ab50-8a62713b1302: close
2020-05-29 04:34:53,526 [0a22fcba-fb9d-428a-bab5-12cc3aa51c00@group-4E530EC14115-StateMachineUpdater] INFO  ratis.ContainerStateMachine (ContainerStateMachine.java:takeSnapshot(299)) - group-4E530EC14115: Finished taking a snapshot at:(t:1, i:0) file:/github/workspace/mnt/ozone/hadoop-ozone/integration-test/target/test-dir/MiniOzoneClusterImpl-12d77cfa-a16c-47e6-aadc-9eca5b4227e3/datanode-3/data/ratis/5d9928a4-950c-4955-aa60-4e530ec14115/sm/snapshot.1_0 time:1
2020-05-29 04:34:53,526 [ForkJoinPool.commonPool-worker-0] INFO  impl.RaftServerImpl (RaftServerImpl.java:lambda$shutdown$3(250)) - aa25932a-6a64-4821-ab50-8a62713b1302@group-2ED2D56B9C4A: shutdown
2020-05-29 04:34:53,527 [0a22fcba-fb9d-428a-bab5-12cc3aa51c00@group-4E530EC14115-StateMachineUpdater] INFO  impl.StateMachineUpdater (StateMachineUpdater.java:takeSnapshot(277)) - 0a22fcba-fb9d-428a-bab5-12cc3aa51c00@group-4E530EC14115-StateMachineUpdater: Took a snapshot at index 0
2020-05-29 04:34:53,527 [0a22fcba-fb9d-428a-bab5-12cc3aa51c00@group-4E530EC14115-StateMachineUpdater] INFO  impl.StateMachineUpdater (StateMachineUpdater.java:lambda$new$0(87)) - 0a22fcba-fb9d-428a-bab5-12cc3aa51c00@group-4E530EC14115-StateMachineUpdater: snapshotIndex: updateIncreasingly -1 -> 0
2020-05-29 04:34:53,527 [ForkJoinPool.commonPool-worker-0] INFO  util.JmxRegister (JmxRegister.java:unregister(73)) - Successfully un-registered JMX Bean with object name Ratis:service=RaftServer,group=group-2ED2D56B9C4A,id=aa25932a-6a64-4821-ab50-8a62713b1302
2020-05-29 04:34:53,527 [ForkJoinPool.commonPool-worker-0] INFO  impl.RoleInfo (RoleInfo.java:shutdownLeaderState(104)) - aa25932a-6a64-4821-ab50-8a62713b1302: shutdown LeaderState
2020-05-29 04:34:53,527 [0a22fcba-fb9d-428a-bab5-12cc3aa51c00@group-4E530EC14115-StateMachineUpdater] INFO  metrics.RatisMetrics (RatisMetrics.java:unregister(46)) - Unregistering Metrics Registry : ratis.state_machine.0a22fcba-fb9d-428a-bab5-12cc3aa51c00@group-4E530EC14115
2020-05-29 04:34:53,527 [ForkJoinPool.commonPool-worker-0] INFO  impl.PendingRequests (PendingRequests.java:sendNotLeaderResponses(242)) - aa25932a-6a64-4821-ab50-8a62713b1302@group-2ED2D56B9C4A-PendingRequests: sendNotLeaderResponses
2020-05-29 04:34:53,527 [Listener at 127.0.0.1/34757] INFO  impl.RaftServerImpl (ServerState.java:close(387)) - 0a22fcba-fb9d-428a-bab5-12cc3aa51c00@group-4E530EC14115: closes. applyIndex: 0
2020-05-29 04:34:53,527 [ForkJoinPool.commonPool-worker-0] INFO  metrics.RatisMetrics (RatisMetrics.java:unregister(46)) - Unregistering Metrics Registry : ratis.log_appender.aa25932a-6a64-4821-ab50-8a62713b1302@group-2ED2D56B9C4A
2020-05-29 04:34:53,527 [0a22fcba-fb9d-428a-bab5-12cc3aa51c00@group-4E530EC14115-SegmentedRaftLogWorker] INFO  segmented.SegmentedRaftLogWorker (SegmentedRaftLogWorker.java:run(321)) - 0a22fcba-fb9d-428a-bab5-12cc3aa51c00@group-4E530EC14115-SegmentedRaftLogWorker was interrupted, exiting. There are 0 tasks remaining in the queue.
2020-05-29 04:34:53,527 [ForkJoinPool.commonPool-worker-0] INFO  impl.StateMachineUpdater (StateMachineUpdater.java:stopAndJoin(142)) - aa25932a-6a64-4821-ab50-8a62713b1302@group-2ED2D56B9C4A-StateMachineUpdater: set stopIndex = 0
2020-05-29 04:34:53,528 [aa25932a-6a64-4821-ab50-8a62713b1302@group-2ED2D56B9C4A-StateMachineUpdater] INFO  ratis.ContainerStateMachine (ContainerStateMachine.java:takeSnapshot(288)) - group-2ED2D56B9C4A: Taking a snapshot at:(t:1, i:0) file /github/workspace/mnt/ozone/hadoop-ozone/integration-test/target/test-dir/MiniOzoneClusterImpl-12d77cfa-a16c-47e6-aadc-9eca5b4227e3/datanode-2/data/ratis/35af6e30-92c0-4121-bfea-2ed2d56b9c4a/sm/snapshot.1_0
2020-05-29 04:34:53,528 [Listener at 127.0.0.1/34757] INFO  segmented.SegmentedRaftLogWorker (SegmentedRaftLogWorker.java:close(229)) - 0a22fcba-fb9d-428a-bab5-12cc3aa51c00@group-4E530EC14115-SegmentedRaftLogWorker close()
2020-05-29 04:34:53,529 [aa25932a-6a64-4821-ab50-8a62713b1302@group-2ED2D56B9C4A-StateMachineUpdater] INFO  ratis.ContainerStateMachine (ContainerStateMachine.java:takeSnapshot(299)) - group-2ED2D56B9C4A: Finished taking a snapshot at:(t:1, i:0) file:/github/workspace/mnt/ozone/hadoop-ozone/integration-test/target/test-dir/MiniOzoneClusterImpl-12d77cfa-a16c-47e6-aadc-9eca5b4227e3/datanode-2/data/ratis/35af6e30-92c0-4121-bfea-2ed2d56b9c4a/sm/snapshot.1_0 time:1
2020-05-29 04:34:53,529 [aa25932a-6a64-4821-ab50-8a62713b1302@group-2ED2D56B9C4A-StateMachineUpdater] INFO  impl.StateMachineUpdater (StateMachineUpdater.java:takeSnapshot(277)) - aa25932a-6a64-4821-ab50-8a62713b1302@group-2ED2D56B9C4A-StateMachineUpdater: Took a snapshot at index 0
2020-05-29 04:34:53,529 [aa25932a-6a64-4821-ab50-8a62713b1302@group-2ED2D56B9C4A-StateMachineUpdater] INFO  impl.StateMachineUpdater (StateMachineUpdater.java:lambda$new$0(87)) - aa25932a-6a64-4821-ab50-8a62713b1302@group-2ED2D56B9C4A-StateMachineUpdater: snapshotIndex: updateIncreasingly -1 -> 0
2020-05-29 04:34:53,530 [Listener at 127.0.0.1/34757] INFO  metrics.RatisMetrics (RatisMetrics.java:unregister(46)) - Unregistering Metrics Registry : ratis.log_worker.0a22fcba-fb9d-428a-bab5-12cc3aa51c00
2020-05-29 04:34:53,530 [Listener at 127.0.0.1/34757] INFO  metrics.RatisMetrics (RatisMetrics.java:unregister(46)) - Unregistering Metrics Registry : ratis.leader_election.0a22fcba-fb9d-428a-bab5-12cc3aa51c00@group-4E530EC14115
2020-05-29 04:34:53,530 [Listener at 127.0.0.1/34757] INFO  metrics.RatisMetrics (RatisMetrics.java:unregister(46)) - Unregistering Metrics Registry : ratis.server.0a22fcba-fb9d-428a-bab5-12cc3aa51c00@group-4E530EC14115
2020-05-29 04:34:53,530 [aa25932a-6a64-4821-ab50-8a62713b1302@group-2ED2D56B9C4A-StateMachineUpdater] INFO  metrics.RatisMetrics (RatisMetrics.java:unregister(46)) - Unregistering Metrics Registry : ratis.state_machine.aa25932a-6a64-4821-ab50-8a62713b1302@group-2ED2D56B9C4A
2020-05-29 04:34:53,530 [ForkJoinPool.commonPool-worker-0] INFO  impl.RaftServerImpl (ServerState.java:close(387)) - aa25932a-6a64-4821-ab50-8a62713b1302@group-2ED2D56B9C4A: closes. applyIndex: 0
2020-05-29 04:34:53,530 [Listener at 127.0.0.1/34757] INFO  impl.RaftServerImpl (RaftServerImpl.java:lambda$shutdown$3(250)) - 0a22fcba-fb9d-428a-bab5-12cc3aa51c00@group-1BBF15D29533: shutdown
2020-05-29 04:34:53,531 [aa25932a-6a64-4821-ab50-8a62713b1302@group-2ED2D56B9C4A-SegmentedRaftLogWorker] INFO  segmented.SegmentedRaftLogWorker (SegmentedRaftLogWorker.java:run(321)) - aa25932a-6a64-4821-ab50-8a62713b1302@group-2ED2D56B9C4A-SegmentedRaftLogWorker was interrupted, exiting. There are 0 tasks remaining in the queue.
2020-05-29 04:34:53,531 [Listener at 127.0.0.1/34757] INFO  util.JmxRegister (JmxRegister.java:unregister(73)) - Successfully un-registered JMX Bean with object name Ratis:service=RaftServer,group=group-1BBF15D29533,id=0a22fcba-fb9d-428a-bab5-12cc3aa51c00
2020-05-29 04:34:53,531 [Listener at 127.0.0.1/34757] INFO  impl.RoleInfo (RoleInfo.java:shutdownLeaderState(104)) - 0a22fcba-fb9d-428a-bab5-12cc3aa51c00: shutdown LeaderState
2020-05-29 04:34:53,531 [ForkJoinPool.commonPool-worker-0] INFO  segmented.SegmentedRaftLogWorker (SegmentedRaftLogWorker.java:close(229)) - aa25932a-6a64-4821-ab50-8a62713b1302@group-2ED2D56B9C4A-SegmentedRaftLogWorker close()
2020-05-29 04:34:53,531 [Listener at 127.0.0.1/34757] INFO  impl.PendingRequests (PendingRequests.java:sendNotLeaderResponses(242)) - 0a22fcba-fb9d-428a-bab5-12cc3aa51c00@group-1BBF15D29533-PendingRequests: sendNotLeaderResponses
2020-05-29 04:34:53,534 [ForkJoinPool.commonPool-worker-0] INFO  metrics.RatisMetrics (RatisMetrics.java:unregister(46)) - Unregistering Metrics Registry : ratis.log_worker.aa25932a-6a64-4821-ab50-8a62713b1302
2020-05-29 04:34:53,534 [ForkJoinPool.commonPool-worker-0] INFO  metrics.RatisMetrics (RatisMetrics.java:unregister(46)) - Unregistering Metrics Registry : ratis.leader_election.aa25932a-6a64-4821-ab50-8a62713b1302@group-2ED2D56B9C4A
2020-05-29 04:34:53,534 [ForkJoinPool.commonPool-worker-0] INFO  metrics.RatisMetrics (RatisMetrics.java:unregister(46)) - Unregistering Metrics Registry : ratis.server.aa25932a-6a64-4821-ab50-8a62713b1302@group-2ED2D56B9C4A
2020-05-29 04:34:53,534 [ForkJoinPool.commonPool-worker-0] INFO  impl.RaftServerImpl (RaftServerImpl.java:lambda$shutdown$3(250)) - aa25932a-6a64-4821-ab50-8a62713b1302@group-71F5BBEAC783: shutdown
2020-05-29 04:34:53,534 [ForkJoinPool.commonPool-worker-0] INFO  util.JmxRegister (JmxRegister.java:unregister(73)) - Successfully un-registered JMX Bean with object name Ratis:service=RaftServer,group=group-71F5BBEAC783,id=aa25932a-6a64-4821-ab50-8a62713b1302
2020-05-29 04:34:53,534 [ForkJoinPool.commonPool-worker-0] INFO  impl.RoleInfo (RoleInfo.java:shutdownFollowerState(121)) - aa25932a-6a64-4821-ab50-8a62713b1302: shutdown FollowerState
2020-05-29 04:34:53,534 [Thread-614] INFO  impl.FollowerState (FollowerState.java:run(117)) - aa25932a-6a64-4821-ab50-8a62713b1302@group-71F5BBEAC783-FollowerState was interrupted: java.lang.InterruptedException: sleep interrupted
2020-05-29 04:34:53,535 [ForkJoinPool.commonPool-worker-0] INFO  impl.StateMachineUpdater (StateMachineUpdater.java:stopAndJoin(142)) - aa25932a-6a64-4821-ab50-8a62713b1302@group-71F5BBEAC783-StateMachineUpdater: set stopIndex = 0
2020-05-29 04:34:53,535 [Listener at 127.0.0.1/34757] INFO  metrics.RatisMetrics (RatisMetrics.java:unregister(46)) - Unregistering Metrics Registry : ratis.log_appender.0a22fcba-fb9d-428a-bab5-12cc3aa51c00@group-1BBF15D29533
2020-05-29 04:34:53,535 [aa25932a-6a64-4821-ab50-8a62713b1302@group-71F5BBEAC783-StateMachineUpdater] INFO  ratis.ContainerStateMachine (ContainerStateMachine.java:takeSnapshot(288)) - group-71F5BBEAC783: Taking a snapshot at:(t:1, i:0) file /github/workspace/mnt/ozone/hadoop-ozone/integration-test/target/test-dir/MiniOzoneClusterImpl-12d77cfa-a16c-47e6-aadc-9eca5b4227e3/datanode-2/data/ratis/80e053d9-1962-4bf8-ad22-71f5bbeac783/sm/snapshot.1_0
2020-05-29 04:34:53,535 [0a22fcba-fb9d-428a-bab5-12cc3aa51c00@group-1BBF15D29533-StateMachineUpdater] INFO  ratis.ContainerStateMachine (ContainerStateMachine.java:takeSnapshot(288)) - group-1BBF15D29533: Taking a snapshot at:(t:1, i:0) file /github/workspace/mnt/ozone/hadoop-ozone/integration-test/target/test-dir/MiniOzoneClusterImpl-12d77cfa-a16c-47e6-aadc-9eca5b4227e3/datanode-3/data/ratis/a79edf97-b371-4392-aa9c-1bbf15d29533/sm/snapshot.1_0
2020-05-29 04:34:53,536 [Listener at 127.0.0.1/34757] INFO  impl.StateMachineUpdater (StateMachineUpdater.java:stopAndJoin(142)) - 0a22fcba-fb9d-428a-bab5-12cc3aa51c00@group-1BBF15D29533-StateMachineUpdater: set stopIndex = 0
2020-05-29 04:34:53,536 [aa25932a-6a64-4821-ab50-8a62713b1302@group-71F5BBEAC783-StateMachineUpdater] INFO  ratis.ContainerStateMachine (ContainerStateMachine.java:takeSnapshot(299)) - group-71F5BBEAC783: Finished taking a snapshot at:(t:1, i:0) file:/github/workspace/mnt/ozone/hadoop-ozone/integration-test/target/test-dir/MiniOzoneClusterImpl-12d77cfa-a16c-47e6-aadc-9eca5b4227e3/datanode-2/data/ratis/80e053d9-1962-4bf8-ad22-71f5bbeac783/sm/snapshot.1_0 time:1
2020-05-29 04:34:53,536 [aa25932a-6a64-4821-ab50-8a62713b1302@group-71F5BBEAC783-StateMachineUpdater] INFO  impl.StateMachineUpdater (StateMachineUpdater.java:takeSnapshot(277)) - aa25932a-6a64-4821-ab50-8a62713b1302@group-71F5BBEAC783-StateMachineUpdater: Took a snapshot at index 0
2020-05-29 04:34:53,536 [aa25932a-6a64-4821-ab50-8a62713b1302@group-71F5BBEAC783-StateMachineUpdater] INFO  impl.StateMachineUpdater (StateMachineUpdater.java:lambda$new$0(87)) - aa25932a-6a64-4821-ab50-8a62713b1302@group-71F5BBEAC783-StateMachineUpdater: snapshotIndex: updateIncreasingly -1 -> 0
2020-05-29 04:34:53,536 [aa25932a-6a64-4821-ab50-8a62713b1302@group-71F5BBEAC783-StateMachineUpdater] INFO  metrics.RatisMetrics (RatisMetrics.java:unregister(46)) - Unregistering Metrics Registry : ratis.state_machine.aa25932a-6a64-4821-ab50-8a62713b1302@group-71F5BBEAC783
2020-05-29 04:34:53,537 [0a22fcba-fb9d-428a-bab5-12cc3aa51c00@group-1BBF15D29533-StateMachineUpdater] INFO  ratis.ContainerStateMachine (ContainerStateMachine.java:takeSnapshot(299)) - group-1BBF15D29533: Finished taking a snapshot at:(t:1, i:0) file:/github/workspace/mnt/ozone/hadoop-ozone/integration-test/target/test-dir/MiniOzoneClusterImpl-12d77cfa-a16c-47e6-aadc-9eca5b4227e3/datanode-3/data/ratis/a79edf97-b371-4392-aa9c-1bbf15d29533/sm/snapshot.1_0 time:2
2020-05-29 04:34:53,537 [0a22fcba-fb9d-428a-bab5-12cc3aa51c00@group-1BBF15D29533-StateMachineUpdater] INFO  impl.StateMachineUpdater (StateMachineUpdater.java:takeSnapshot(277)) - 0a22fcba-fb9d-428a-bab5-12cc3aa51c00@group-1BBF15D29533-StateMachineUpdater: Took a snapshot at index 0
2020-05-29 04:34:53,537 [0a22fcba-fb9d-428a-bab5-12cc3aa51c00@group-1BBF15D29533-StateMachineUpdater] INFO  impl.StateMachineUpdater (StateMachineUpdater.java:lambda$new$0(87)) - 0a22fcba-fb9d-428a-bab5-12cc3aa51c00@group-1BBF15D29533-StateMachineUpdater: snapshotIndex: updateIncreasingly -1 -> 0
2020-05-29 04:34:53,537 [0a22fcba-fb9d-428a-bab5-12cc3aa51c00@group-1BBF15D29533-StateMachineUpdater] INFO  metrics.RatisMetrics (RatisMetrics.java:unregister(46)) - Unregistering Metrics Registry : ratis.state_machine.0a22fcba-fb9d-428a-bab5-12cc3aa51c00@group-1BBF15D29533
2020-05-29 04:34:53,537 [ForkJoinPool.commonPool-worker-0] INFO  impl.RaftServerImpl (ServerState.java:close(387)) - aa25932a-6a64-4821-ab50-8a62713b1302@group-71F5BBEAC783: closes. applyIndex: 0
2020-05-29 04:34:53,537 [aa25932a-6a64-4821-ab50-8a62713b1302@group-71F5BBEAC783-SegmentedRaftLogWorker] INFO  segmented.SegmentedRaftLogWorker (SegmentedRaftLogWorker.java:run(321)) - aa25932a-6a64-4821-ab50-8a62713b1302@group-71F5BBEAC783-SegmentedRaftLogWorker was interrupted, exiting. There are 0 tasks remaining in the queue.
2020-05-29 04:34:53,538 [Listener at 127.0.0.1/34757] INFO  impl.RaftServerImpl (ServerState.java:close(387)) - 0a22fcba-fb9d-428a-bab5-12cc3aa51c00@group-1BBF15D29533: closes. applyIndex: 0
2020-05-29 04:34:53,538 [ForkJoinPool.commonPool-worker-0] INFO  segmented.SegmentedRaftLogWorker (SegmentedRaftLogWorker.java:close(229)) - aa25932a-6a64-4821-ab50-8a62713b1302@group-71F5BBEAC783-SegmentedRaftLogWorker close()
2020-05-29 04:34:53,545 [ForkJoinPool.commonPool-worker-0] INFO  metrics.RatisMetrics (RatisMetrics.java:unregister(46)) - Unregistering Metrics Registry : ratis.log_worker.aa25932a-6a64-4821-ab50-8a62713b1302
2020-05-29 04:34:53,545 [ForkJoinPool.commonPool-worker-0] INFO  metrics.RatisMetrics (RatisMetrics.java:unregister(46)) - Unregistering Metrics Registry : ratis.leader_election.aa25932a-6a64-4821-ab50-8a62713b1302@group-71F5BBEAC783
2020-05-29 04:34:53,545 [0a22fcba-fb9d-428a-bab5-12cc3aa51c00@group-1BBF15D29533-SegmentedRaftLogWorker] INFO  segmented.SegmentedRaftLogWorker (SegmentedRaftLogWorker.java:run(321)) - 0a22fcba-fb9d-428a-bab5-12cc3aa51c00@group-1BBF15D29533-SegmentedRaftLogWorker was interrupted, exiting. There are 0 tasks remaining in the queue.
2020-05-29 04:34:53,545 [ForkJoinPool.commonPool-worker-0] INFO  metrics.RatisMetrics (RatisMetrics.java:unregister(46)) - Unregistering Metrics Registry : ratis.server.aa25932a-6a64-4821-ab50-8a62713b1302@group-71F5BBEAC783
2020-05-29 04:34:53,545 [ForkJoinPool.commonPool-worker-0] INFO  server.GrpcService (GrpcService.java:closeImpl(165)) - aa25932a-6a64-4821-ab50-8a62713b1302: shutdown server with port 42017 now
2020-05-29 04:34:53,546 [Listener at 127.0.0.1/34757] INFO  segmented.SegmentedRaftLogWorker (SegmentedRaftLogWorker.java:close(229)) - 0a22fcba-fb9d-428a-bab5-12cc3aa51c00@group-1BBF15D29533-SegmentedRaftLogWorker close()
2020-05-29 04:34:53,547 [ForkJoinPool.commonPool-worker-0] INFO  server.GrpcService (GrpcService.java:closeImpl(173)) - aa25932a-6a64-4821-ab50-8a62713b1302: shutdown server with port 42017 successfully
2020-05-29 04:34:53,547 [Listener at 127.0.0.1/34757] INFO  metrics.RatisMetrics (RatisMetrics.java:unregister(46)) - Unregistering Metrics Registry : ratis.log_worker.0a22fcba-fb9d-428a-bab5-12cc3aa51c00
2020-05-29 04:34:53,547 [Listener at 127.0.0.1/34757] INFO  metrics.RatisMetrics (RatisMetrics.java:unregister(46)) - Unregistering Metrics Registry : ratis.leader_election.0a22fcba-fb9d-428a-bab5-12cc3aa51c00@group-1BBF15D29533
2020-05-29 04:34:53,547 [Listener at 127.0.0.1/34757] INFO  metrics.RatisMetrics (RatisMetrics.java:unregister(46)) - Unregistering Metrics Registry : ratis.server.0a22fcba-fb9d-428a-bab5-12cc3aa51c00@group-1BBF15D29533
2020-05-29 04:34:53,548 [Listener at 127.0.0.1/34757] INFO  server.GrpcService (GrpcService.java:closeImpl(165)) - 0a22fcba-fb9d-428a-bab5-12cc3aa51c00: shutdown server with port 41787 now
2020-05-29 04:34:53,548 [ForkJoinPool.commonPool-worker-0] INFO  utils.BackgroundService (BackgroundService.java:shutdown(157)) - Shutting down service BlockDeletingService
2020-05-29 04:34:53,548 [grpc-default-executor-4] WARN  server.GrpcLogAppender (LogUtils.java:warn(122)) - c557ac33-ca51-4a07-934d-526037e69701@group-71F5BBEAC783->aa25932a-6a64-4821-ab50-8a62713b1302-AppendLogResponseHandler: Failed appendEntries: org.apache.ratis.thirdparty.io.grpc.StatusRuntimeException: CANCELLED: HTTP/2 error code: CANCEL
Received Rst Stream
2020-05-29 04:34:53,549 [grpc-default-executor-0] WARN  server.GrpcServerProtocolService (LogUtils.java:warn(122)) - aa25932a-6a64-4821-ab50-8a62713b1302: installSnapshot onError, lastRequest: c557ac33-ca51-4a07-934d-526037e69701->aa25932a-6a64-4821-ab50-8a62713b1302#1-t1, previous=(t:0, i:0), leaderCommit=0, initializing? false, entries: size=1, first=(t:1, i:0), CONFIGURATIONENTRY: org.apache.ratis.thirdparty.io.grpc.StatusRuntimeException: CANCELLED: cancelled before receiving half close
2020-05-29 04:34:53,550 [grpc-default-executor-4] INFO  impl.FollowerInfo (FollowerInfo.java:lambda$new$0(50)) - c557ac33-ca51-4a07-934d-526037e69701@group-71F5BBEAC783->aa25932a-6a64-4821-ab50-8a62713b1302: nextIndex: updateUnconditionally 1 -> 0
2020-05-29 04:34:53,551 [grpc-default-executor-1] WARN  server.GrpcServerProtocolService (LogUtils.java:warn(122)) - 0a22fcba-fb9d-428a-bab5-12cc3aa51c00: installSnapshot onError, lastRequest: 3d5655c8-2b34-4a86-be67-e7382a00f2f8->0a22fcba-fb9d-428a-bab5-12cc3aa51c00#1-t1, previous=(t:0, i:0), leaderCommit=-1, initializing? false, entries: size=1, first=(t:1, i:0), CONFIGURATIONENTRY: org.apache.ratis.thirdparty.io.grpc.StatusRuntimeException: CANCELLED: cancelled before receiving half close
2020-05-29 04:34:53,551 [ForkJoinPool.commonPool-worker-0] INFO  statemachine.DatanodeStateMachine (DatanodeStateMachine.java:stopDaemon(424)) - Ozone container server stopped.
2020-05-29 04:34:53,551 [grpc-default-executor-4] WARN  server.GrpcLogAppender (LogUtils.java:warn(122)) - 3d5655c8-2b34-4a86-be67-e7382a00f2f8@group-4E530EC14115->0a22fcba-fb9d-428a-bab5-12cc3aa51c00-AppendLogResponseHandler: Failed appendEntries: org.apache.ratis.thirdparty.io.grpc.StatusRuntimeException: CANCELLED: HTTP/2 error code: CANCEL
Received Rst Stream
2020-05-29 04:34:53,552 [Listener at 127.0.0.1/34757] INFO  server.GrpcService (GrpcService.java:closeImpl(173)) - 0a22fcba-fb9d-428a-bab5-12cc3aa51c00: shutdown server with port 41787 successfully
2020-05-29 04:34:53,553 [Listener at 127.0.0.1/34757] INFO  utils.BackgroundService (BackgroundService.java:shutdown(157)) - Shutting down service BlockDeletingService
2020-05-29 04:34:53,554 [grpc-default-executor-4] INFO  impl.FollowerInfo (FollowerInfo.java:lambda$new$0(50)) - 3d5655c8-2b34-4a86-be67-e7382a00f2f8@group-4E530EC14115->0a22fcba-fb9d-428a-bab5-12cc3aa51c00: nextIndex: updateUnconditionally 1 -> 0
2020-05-29 04:34:53,555 [ForkJoinPool.commonPool-worker-0] INFO  handler.ContextHandler (ContextHandler.java:doStop(1016)) - Stopped o.e.j.w.WebAppContext@4a2f7d10{hddsDatanode,/,null,UNAVAILABLE}{jar:file:/home/user/.m2/repository/org/apache/hadoop/hadoop-hdds-container-service/0.6.0-SNAPSHOT/hadoop-hdds-container-service-0.6.0-SNAPSHOT.jar!/webapps/hddsDatanode}
2020-05-29 04:34:53,557 [ForkJoinPool.commonPool-worker-0] INFO  server.AbstractConnector (AbstractConnector.java:doStop(380)) - Stopped ServerConnector@6e3a8875{HTTP/1.1,[http/1.1]}{0.0.0.0:0}
2020-05-29 04:34:53,557 [ForkJoinPool.commonPool-worker-0] INFO  server.session (HouseKeeper.java:stopScavenging(158)) - node0 Stopped scavenging
2020-05-29 04:34:53,557 [Listener at 127.0.0.1/34757] INFO  statemachine.DatanodeStateMachine (DatanodeStateMachine.java:stopDaemon(424)) - Ozone container server stopped.
2020-05-29 04:34:53,558 [Listener at 127.0.0.1/34757] INFO  handler.ContextHandler (ContextHandler.java:doStop(1016)) - Stopped o.e.j.w.WebAppContext@1e4c909{hddsDatanode,/,null,UNAVAILABLE}{jar:file:/home/user/.m2/repository/org/apache/hadoop/hadoop-hdds-container-service/0.6.0-SNAPSHOT/hadoop-hdds-container-service-0.6.0-SNAPSHOT.jar!/webapps/hddsDatanode}
2020-05-29 04:34:53,557 [ForkJoinPool.commonPool-worker-0] INFO  handler.ContextHandler (ContextHandler.java:doStop(1016)) - Stopped o.e.j.s.ServletContextHandler@7296d5c9{static,/static,jar:file:/home/user/.m2/repository/org/apache/hadoop/hadoop-hdds-container-service/0.6.0-SNAPSHOT/hadoop-hdds-container-service-0.6.0-SNAPSHOT.jar!/webapps/static,UNAVAILABLE}
2020-05-29 04:34:53,559 [ForkJoinPool.commonPool-worker-0] INFO  handler.ContextHandler (ContextHandler.java:doStop(1016)) - Stopped o.e.j.s.ServletContextHandler@1dc496ab{logs,/logs,file:///github/workspace/mnt/ozone/hadoop-ozone/integration-test/target/log,UNAVAILABLE}
2020-05-29 04:34:53,559 [Listener at 127.0.0.1/34757] INFO  server.AbstractConnector (AbstractConnector.java:doStop(380)) - Stopped ServerConnector@3a89d110{HTTP/1.1,[http/1.1]}{0.0.0.0:0}
2020-05-29 04:34:53,559 [Listener at 127.0.0.1/34757] INFO  server.session (HouseKeeper.java:stopScavenging(158)) - node0 Stopped scavenging
2020-05-29 04:34:53,560 [Listener at 127.0.0.1/34757] INFO  handler.ContextHandler (ContextHandler.java:doStop(1016)) - Stopped o.e.j.s.ServletContextHandler@2a8565dc{static,/static,jar:file:/home/user/.m2/repository/org/apache/hadoop/hadoop-hdds-container-service/0.6.0-SNAPSHOT/hadoop-hdds-container-service-0.6.0-SNAPSHOT.jar!/webapps/static,UNAVAILABLE}
2020-05-29 04:34:53,560 [Listener at 127.0.0.1/34757] INFO  handler.ContextHandler (ContextHandler.java:doStop(1016)) - Stopped o.e.j.s.ServletContextHandler@3523fab5{logs,/logs,file:///github/workspace/mnt/ozone/hadoop-ozone/integration-test/target/log,UNAVAILABLE}
2020-05-29 04:34:53,675 [Datanode State Machine Thread - 0] INFO  statemachine.DatanodeStateMachine (DatanodeStateMachine.java:lambda$startDaemon$0(376)) - Ozone container server started.
2020-05-29 04:34:53,781 [grpc-default-executor-0] WARN  server.GrpcLogAppender (LogUtils.java:warn(122)) - c557ac33-ca51-4a07-934d-526037e69701@group-71F5BBEAC783->aa25932a-6a64-4821-ab50-8a62713b1302-AppendLogResponseHandler: Failed appendEntries: org.apache.ratis.thirdparty.io.grpc.StatusRuntimeException: UNAVAILABLE: io exception
2020-05-29 04:34:53,782 [grpc-default-executor-0] INFO  impl.FollowerInfo (FollowerInfo.java:lambda$new$0(50)) - c557ac33-ca51-4a07-934d-526037e69701@group-71F5BBEAC783->aa25932a-6a64-4821-ab50-8a62713b1302: nextIndex: updateUnconditionally 1 -> 0
2020-05-29 04:34:53,785 [grpc-default-executor-4] WARN  server.GrpcLogAppender (LogUtils.java:warn(122)) - c557ac33-ca51-4a07-934d-526037e69701@group-71F5BBEAC783->a1464408-a38b-41bf-a534-bb2a7d246c00-AppendLogResponseHandler: Failed appendEntries: org.apache.ratis.thirdparty.io.grpc.StatusRuntimeException: UNAVAILABLE: io exception
2020-05-29 04:34:53,786 [grpc-default-executor-4] INFO  impl.FollowerInfo (FollowerInfo.java:lambda$new$0(50)) - c557ac33-ca51-4a07-934d-526037e69701@group-71F5BBEAC783->a1464408-a38b-41bf-a534-bb2a7d246c00: nextIndex: updateUnconditionally 1 -> 0
2020-05-29 04:34:54,034 [grpc-default-executor-0] WARN  server.GrpcLogAppender (LogUtils.java:warn(122)) - 3d5655c8-2b34-4a86-be67-e7382a00f2f8@group-4E530EC14115->454b6da0-4653-4c86-b86b-02d358ed533f-AppendLogResponseHandler: Failed appendEntries: org.apache.ratis.thirdparty.io.grpc.StatusRuntimeException: UNAVAILABLE: io exception
2020-05-29 04:34:54,035 [grpc-default-executor-0] INFO  impl.FollowerInfo (FollowerInfo.java:lambda$new$0(50)) - 3d5655c8-2b34-4a86-be67-e7382a00f2f8@group-4E530EC14115->454b6da0-4653-4c86-b86b-02d358ed533f: nextIndex: updateUnconditionally 1 -> 0
2020-05-29 04:34:54,038 [grpc-default-executor-4] WARN  server.GrpcLogAppender (LogUtils.java:warn(122)) - 3d5655c8-2b34-4a86-be67-e7382a00f2f8@group-4E530EC14115->0a22fcba-fb9d-428a-bab5-12cc3aa51c00-AppendLogResponseHandler: Failed appendEntries: org.apache.ratis.thirdparty.io.grpc.StatusRuntimeException: UNAVAILABLE: io exception
2020-05-29 04:34:54,039 [grpc-default-executor-4] INFO  impl.FollowerInfo (FollowerInfo.java:lambda$new$0(50)) - 3d5655c8-2b34-4a86-be67-e7382a00f2f8@group-4E530EC14115->0a22fcba-fb9d-428a-bab5-12cc3aa51c00: nextIndex: updateUnconditionally 1 -> 0
2020-05-29 04:34:54,169 [Datanode State Machine Thread - 0] INFO  statemachine.DatanodeStateMachine (DatanodeStateMachine.java:lambda$startDaemon$0(376)) - Ozone container server started.
2020-05-29 04:34:56,284 [grpc-default-executor-0] WARN  server.GrpcLogAppender (LogUtils.java:warn(122)) - c557ac33-ca51-4a07-934d-526037e69701@group-71F5BBEAC783->aa25932a-6a64-4821-ab50-8a62713b1302-AppendLogResponseHandler: Failed appendEntries: org.apache.ratis.thirdparty.io.grpc.StatusRuntimeException: UNAVAILABLE: io exception
2020-05-29 04:34:56,286 [grpc-default-executor-0] INFO  impl.FollowerInfo (FollowerInfo.java:lambda$new$0(50)) - c557ac33-ca51-4a07-934d-526037e69701@group-71F5BBEAC783->aa25932a-6a64-4821-ab50-8a62713b1302: nextIndex: updateUnconditionally 1 -> 0
2020-05-29 04:34:56,289 [grpc-default-executor-4] WARN  server.GrpcLogAppender (LogUtils.java:warn(122)) - c557ac33-ca51-4a07-934d-526037e69701@group-71F5BBEAC783->a1464408-a38b-41bf-a534-bb2a7d246c00-AppendLogResponseHandler: Failed appendEntries: org.apache.ratis.thirdparty.io.grpc.StatusRuntimeException: UNAVAILABLE: io exception
2020-05-29 04:34:56,291 [grpc-default-executor-4] INFO  impl.FollowerInfo (FollowerInfo.java:lambda$new$0(50)) - c557ac33-ca51-4a07-934d-526037e69701@group-71F5BBEAC783->a1464408-a38b-41bf-a534-bb2a7d246c00: nextIndex: updateUnconditionally 1 -> 0
2020-05-29 04:34:56,537 [grpc-default-executor-0] WARN  server.GrpcLogAppender (LogUtils.java:warn(122)) - 3d5655c8-2b34-4a86-be67-e7382a00f2f8@group-4E530EC14115->454b6da0-4653-4c86-b86b-02d358ed533f-AppendLogResponseHandler: Failed appendEntries: org.apache.ratis.thirdparty.io.grpc.StatusRuntimeException: UNAVAILABLE: io exception
2020-05-29 04:34:56,540 [grpc-default-executor-0] INFO  impl.FollowerInfo (FollowerInfo.java:lambda$new$0(50)) - 3d5655c8-2b34-4a86-be67-e7382a00f2f8@group-4E530EC14115->454b6da0-4653-4c86-b86b-02d358ed533f: nextIndex: updateUnconditionally 1 -> 0
2020-05-29 04:34:56,542 [grpc-default-executor-0] WARN  server.GrpcLogAppender (LogUtils.java:warn(122)) - 3d5655c8-2b34-4a86-be67-e7382a00f2f8@group-4E530EC14115->0a22fcba-fb9d-428a-bab5-12cc3aa51c00-AppendLogResponseHandler: Failed appendEntries: org.apache.ratis.thirdparty.io.grpc.StatusRuntimeException: UNAVAILABLE: io exception
2020-05-29 04:34:56,542 [grpc-default-executor-0] INFO  impl.FollowerInfo (FollowerInfo.java:lambda$new$0(50)) - 3d5655c8-2b34-4a86-be67-e7382a00f2f8@group-4E530EC14115->0a22fcba-fb9d-428a-bab5-12cc3aa51c00: nextIndex: updateUnconditionally 1 -> 0
2020-05-29 04:34:58,561 [ForkJoinPool.commonPool-worker-0] INFO  ozoneimpl.OzoneContainer (OzoneContainer.java:stop(246)) - Attempting to stop container services.
2020-05-29 04:34:58,561 [Listener at 127.0.0.1/34757] INFO  ozoneimpl.OzoneContainer (OzoneContainer.java:stop(246)) - Attempting to stop container services.
2020-05-29 04:34:58,562 [ForkJoinPool.commonPool-worker-0] INFO  impl.RaftServerProxy (RaftServerProxy.java:lambda$close$4(314)) - c557ac33-ca51-4a07-934d-526037e69701: close
2020-05-29 04:34:58,562 [ForkJoinPool.commonPool-worker-0] INFO  impl.RaftServerImpl (RaftServerImpl.java:lambda$shutdown$3(250)) - c557ac33-ca51-4a07-934d-526037e69701@group-110299A6E168: shutdown
2020-05-29 04:34:58,562 [ForkJoinPool.commonPool-worker-0] INFO  util.JmxRegister (JmxRegister.java:unregister(73)) - Successfully un-registered JMX Bean with object name Ratis:service=RaftServer,group=group-110299A6E168,id=c557ac33-ca51-4a07-934d-526037e69701
2020-05-29 04:34:58,562 [ForkJoinPool.commonPool-worker-0] INFO  impl.RoleInfo (RoleInfo.java:shutdownLeaderState(104)) - c557ac33-ca51-4a07-934d-526037e69701: shutdown LeaderState
2020-05-29 04:34:58,562 [ForkJoinPool.commonPool-worker-0] INFO  impl.PendingRequests (PendingRequests.java:sendNotLeaderResponses(242)) - c557ac33-ca51-4a07-934d-526037e69701@group-110299A6E168-PendingRequests: sendNotLeaderResponses
2020-05-29 04:34:58,565 [ForkJoinPool.commonPool-worker-0] INFO  metrics.RatisMetrics (RatisMetrics.java:unregister(46)) - Unregistering Metrics Registry : ratis.log_appender.c557ac33-ca51-4a07-934d-526037e69701@group-110299A6E168
2020-05-29 04:34:58,566 [ForkJoinPool.commonPool-worker-0] INFO  impl.StateMachineUpdater (StateMachineUpdater.java:stopAndJoin(142)) - c557ac33-ca51-4a07-934d-526037e69701@group-110299A6E168-StateMachineUpdater: set stopIndex = 22
2020-05-29 04:34:58,566 [Listener at 127.0.0.1/34757] INFO  impl.RaftServerProxy (RaftServerProxy.java:lambda$close$4(314)) - 26d97194-faf6-4699-94a1-8e41170820b2: close
2020-05-29 04:34:58,567 [Listener at 127.0.0.1/34757] INFO  impl.RaftServerImpl (RaftServerImpl.java:lambda$shutdown$3(250)) - 26d97194-faf6-4699-94a1-8e41170820b2@group-6644BCC75148: shutdown
2020-05-29 04:34:58,568 [Listener at 127.0.0.1/34757] INFO  util.JmxRegister (JmxRegister.java:unregister(73)) - Successfully un-registered JMX Bean with object name Ratis:service=RaftServer,group=group-6644BCC75148,id=26d97194-faf6-4699-94a1-8e41170820b2
2020-05-29 04:34:58,568 [Listener at 127.0.0.1/34757] INFO  impl.RoleInfo (RoleInfo.java:shutdownLeaderState(104)) - 26d97194-faf6-4699-94a1-8e41170820b2: shutdown LeaderState
2020-05-29 04:34:58,568 [Listener at 127.0.0.1/34757] INFO  impl.PendingRequests (PendingRequests.java:sendNotLeaderResponses(242)) - 26d97194-faf6-4699-94a1-8e41170820b2@group-6644BCC75148-PendingRequests: sendNotLeaderResponses
2020-05-29 04:34:58,569 [Listener at 127.0.0.1/34757] INFO  metrics.RatisMetrics (RatisMetrics.java:unregister(46)) - Unregistering Metrics Registry : ratis.log_appender.26d97194-faf6-4699-94a1-8e41170820b2@group-6644BCC75148
2020-05-29 04:34:58,569 [Listener at 127.0.0.1/34757] INFO  impl.StateMachineUpdater (StateMachineUpdater.java:stopAndJoin(142)) - 26d97194-faf6-4699-94a1-8e41170820b2@group-6644BCC75148-StateMachineUpdater: set stopIndex = 0
2020-05-29 04:34:58,566 [c557ac33-ca51-4a07-934d-526037e69701@group-110299A6E168-StateMachineUpdater] INFO  ratis.ContainerStateMachine (ContainerStateMachine.java:takeSnapshot(288)) - group-110299A6E168: Taking a snapshot at:(t:1, i:22) file /github/workspace/mnt/ozone/hadoop-ozone/integration-test/target/test-dir/MiniOzoneClusterImpl-12d77cfa-a16c-47e6-aadc-9eca5b4227e3/datanode-0/data/ratis/29581fef-0f97-47ae-a143-110299a6e168/sm/snapshot.1_22
2020-05-29 04:34:58,569 [26d97194-faf6-4699-94a1-8e41170820b2@group-6644BCC75148-StateMachineUpdater] INFO  ratis.ContainerStateMachine (ContainerStateMachine.java:takeSnapshot(288)) - group-6644BCC75148: Taking a snapshot at:(t:1, i:0) file /github/workspace/mnt/ozone/hadoop-ozone/integration-test/target/test-dir/MiniOzoneClusterImpl-12d77cfa-a16c-47e6-aadc-9eca5b4227e3/datanode-6/data/ratis/2516320c-b1cf-4aeb-833f-6644bcc75148/sm/snapshot.1_0
2020-05-29 04:34:58,570 [26d97194-faf6-4699-94a1-8e41170820b2@group-6644BCC75148-StateMachineUpdater] INFO  ratis.ContainerStateMachine (ContainerStateMachine.java:takeSnapshot(299)) - group-6644BCC75148: Finished taking a snapshot at:(t:1, i:0) file:/github/workspace/mnt/ozone/hadoop-ozone/integration-test/target/test-dir/MiniOzoneClusterImpl-12d77cfa-a16c-47e6-aadc-9eca5b4227e3/datanode-6/data/ratis/2516320c-b1cf-4aeb-833f-6644bcc75148/sm/snapshot.1_0 time:1
2020-05-29 04:34:58,570 [c557ac33-ca51-4a07-934d-526037e69701@group-110299A6E168-StateMachineUpdater] INFO  ratis.ContainerStateMachine (ContainerStateMachine.java:takeSnapshot(299)) - group-110299A6E168: Finished taking a snapshot at:(t:1, i:22) file:/github/workspace/mnt/ozone/hadoop-ozone/integration-test/target/test-dir/MiniOzoneClusterImpl-12d77cfa-a16c-47e6-aadc-9eca5b4227e3/datanode-0/data/ratis/29581fef-0f97-47ae-a143-110299a6e168/sm/snapshot.1_22 time:4
2020-05-29 04:34:58,570 [26d97194-faf6-4699-94a1-8e41170820b2@group-6644BCC75148-StateMachineUpdater] INFO  impl.StateMachineUpdater (StateMachineUpdater.java:takeSnapshot(277)) - 26d97194-faf6-4699-94a1-8e41170820b2@group-6644BCC75148-StateMachineUpdater: Took a snapshot at index 0
2020-05-29 04:34:58,570 [c557ac33-ca51-4a07-934d-526037e69701@group-110299A6E168-StateMachineUpdater] INFO  impl.StateMachineUpdater (StateMachineUpdater.java:takeSnapshot(277)) - c557ac33-ca51-4a07-934d-526037e69701@group-110299A6E168-StateMachineUpdater: Took a snapshot at index 22
2020-05-29 04:34:58,570 [c557ac33-ca51-4a07-934d-526037e69701@group-110299A6E168-StateMachineUpdater] INFO  impl.StateMachineUpdater (StateMachineUpdater.java:lambda$new$0(87)) - c557ac33-ca51-4a07-934d-526037e69701@group-110299A6E168-StateMachineUpdater: snapshotIndex: updateIncreasingly -1 -> 22
2020-05-29 04:34:58,570 [26d97194-faf6-4699-94a1-8e41170820b2@group-6644BCC75148-StateMachineUpdater] INFO  impl.StateMachineUpdater (StateMachineUpdater.java:lambda$new$0(87)) - 26d97194-faf6-4699-94a1-8e41170820b2@group-6644BCC75148-StateMachineUpdater: snapshotIndex: updateIncreasingly -1 -> 0
2020-05-29 04:34:58,570 [c557ac33-ca51-4a07-934d-526037e69701@group-110299A6E168-StateMachineUpdater] INFO  metrics.RatisMetrics (RatisMetrics.java:unregister(46)) - Unregistering Metrics Registry : ratis.state_machine.c557ac33-ca51-4a07-934d-526037e69701@group-110299A6E168
2020-05-29 04:34:58,570 [26d97194-faf6-4699-94a1-8e41170820b2@group-6644BCC75148-StateMachineUpdater] INFO  metrics.RatisMetrics (RatisMetrics.java:unregister(46)) - Unregistering Metrics Registry : ratis.state_machine.26d97194-faf6-4699-94a1-8e41170820b2@group-6644BCC75148
2020-05-29 04:34:58,571 [Listener at 127.0.0.1/34757] INFO  impl.RaftServerImpl (ServerState.java:close(387)) - 26d97194-faf6-4699-94a1-8e41170820b2@group-6644BCC75148: closes. applyIndex: 0
2020-05-29 04:34:58,571 [ForkJoinPool.commonPool-worker-0] INFO  impl.RaftServerImpl (ServerState.java:close(387)) - c557ac33-ca51-4a07-934d-526037e69701@group-110299A6E168: closes. applyIndex: 22
2020-05-29 04:34:58,571 [26d97194-faf6-4699-94a1-8e41170820b2@group-6644BCC75148-SegmentedRaftLogWorker] INFO  segmented.SegmentedRaftLogWorker (SegmentedRaftLogWorker.java:run(321)) - 26d97194-faf6-4699-94a1-8e41170820b2@group-6644BCC75148-SegmentedRaftLogWorker was interrupted, exiting. There are 0 tasks remaining in the queue.
2020-05-29 04:34:58,571 [c557ac33-ca51-4a07-934d-526037e69701@group-110299A6E168-SegmentedRaftLogWorker] INFO  segmented.SegmentedRaftLogWorker (SegmentedRaftLogWorker.java:run(321)) - c557ac33-ca51-4a07-934d-526037e69701@group-110299A6E168-SegmentedRaftLogWorker was interrupted, exiting. There are 0 tasks remaining in the queue.
2020-05-29 04:34:58,572 [Listener at 127.0.0.1/34757] INFO  segmented.SegmentedRaftLogWorker (SegmentedRaftLogWorker.java:close(229)) - 26d97194-faf6-4699-94a1-8e41170820b2@group-6644BCC75148-SegmentedRaftLogWorker close()
2020-05-29 04:34:58,572 [ForkJoinPool.commonPool-worker-0] INFO  segmented.SegmentedRaftLogWorker (SegmentedRaftLogWorker.java:close(229)) - c557ac33-ca51-4a07-934d-526037e69701@group-110299A6E168-SegmentedRaftLogWorker close()
2020-05-29 04:34:58,572 [Listener at 127.0.0.1/34757] INFO  metrics.RatisMetrics (RatisMetrics.java:unregister(46)) - Unregistering Metrics Registry : ratis.log_worker.26d97194-faf6-4699-94a1-8e41170820b2
2020-05-29 04:34:58,573 [Listener at 127.0.0.1/34757] INFO  metrics.RatisMetrics (RatisMetrics.java:unregister(46)) - Unregistering Metrics Registry : ratis.leader_election.26d97194-faf6-4699-94a1-8e41170820b2@group-6644BCC75148
2020-05-29 04:34:58,573 [Listener at 127.0.0.1/34757] INFO  metrics.RatisMetrics (RatisMetrics.java:unregister(46)) - Unregistering Metrics Registry : ratis.server.26d97194-faf6-4699-94a1-8e41170820b2@group-6644BCC75148
2020-05-29 04:34:58,573 [Listener at 127.0.0.1/34757] INFO  server.GrpcService (GrpcService.java:closeImpl(165)) - 26d97194-faf6-4699-94a1-8e41170820b2: shutdown server with port 37273 now
2020-05-29 04:34:58,572 [ForkJoinPool.commonPool-worker-0] INFO  metrics.RatisMetrics (RatisMetrics.java:unregister(46)) - Unregistering Metrics Registry : ratis.log_worker.c557ac33-ca51-4a07-934d-526037e69701
2020-05-29 04:34:58,573 [ForkJoinPool.commonPool-worker-0] INFO  metrics.RatisMetrics (RatisMetrics.java:unregister(46)) - Unregistering Metrics Registry : ratis.leader_election.c557ac33-ca51-4a07-934d-526037e69701@group-110299A6E168
2020-05-29 04:34:58,573 [ForkJoinPool.commonPool-worker-0] INFO  metrics.RatisMetrics (RatisMetrics.java:unregister(46)) - Unregistering Metrics Registry : ratis.server.c557ac33-ca51-4a07-934d-526037e69701@group-110299A6E168
2020-05-29 04:34:58,573 [ForkJoinPool.commonPool-worker-0] INFO  impl.RaftServerImpl (RaftServerImpl.java:lambda$shutdown$3(250)) - c557ac33-ca51-4a07-934d-526037e69701@group-71F5BBEAC783: shutdown
2020-05-29 04:34:58,573 [ForkJoinPool.commonPool-worker-0] INFO  util.JmxRegister (JmxRegister.java:unregister(73)) - Successfully un-registered JMX Bean with object name Ratis:service=RaftServer,group=group-71F5BBEAC783,id=c557ac33-ca51-4a07-934d-526037e69701
2020-05-29 04:34:58,573 [ForkJoinPool.commonPool-worker-0] INFO  impl.RoleInfo (RoleInfo.java:shutdownLeaderState(104)) - c557ac33-ca51-4a07-934d-526037e69701: shutdown LeaderState
2020-05-29 04:34:58,574 [org.apache.ratis.server.impl.LogAppender$AppenderDaemon$$Lambda$418/50620986@4cc786a1] WARN  server.GrpcLogAppender (GrpcLogAppender.java:mayWait(153)) - c557ac33-ca51-4a07-934d-526037e69701@group-71F5BBEAC783->aa25932a-6a64-4821-ab50-8a62713b1302-GrpcLogAppender: Wait interrupted by java.lang.InterruptedException
2020-05-29 04:34:58,574 [org.apache.ratis.server.impl.LogAppender$AppenderDaemon$$Lambda$418/50620986@7879ef79] WARN  server.GrpcLogAppender (GrpcLogAppender.java:mayWait(153)) - c557ac33-ca51-4a07-934d-526037e69701@group-71F5BBEAC783->a1464408-a38b-41bf-a534-bb2a7d246c00-GrpcLogAppender: Wait interrupted by java.lang.InterruptedException
2020-05-29 04:34:58,575 [ForkJoinPool.commonPool-worker-0] INFO  impl.PendingRequests (PendingRequests.java:sendNotLeaderResponses(242)) - c557ac33-ca51-4a07-934d-526037e69701@group-71F5BBEAC783-PendingRequests: sendNotLeaderResponses
2020-05-29 04:34:58,575 [ForkJoinPool.commonPool-worker-0] INFO  metrics.RatisMetrics (RatisMetrics.java:unregister(46)) - Unregistering Metrics Registry : ratis.log_appender.c557ac33-ca51-4a07-934d-526037e69701@group-71F5BBEAC783
2020-05-29 04:34:58,575 [c557ac33-ca51-4a07-934d-526037e69701@group-71F5BBEAC783-StateMachineUpdater] INFO  ratis.ContainerStateMachine (ContainerStateMachine.java:takeSnapshot(288)) - group-71F5BBEAC783: Taking a snapshot at:(t:1, i:0) file /github/workspace/mnt/ozone/hadoop-ozone/integration-test/target/test-dir/MiniOzoneClusterImpl-12d77cfa-a16c-47e6-aadc-9eca5b4227e3/datanode-0/data/ratis/80e053d9-1962-4bf8-ad22-71f5bbeac783/sm/snapshot.1_0
2020-05-29 04:34:58,575 [ForkJoinPool.commonPool-worker-0] INFO  impl.StateMachineUpdater (StateMachineUpdater.java:stopAndJoin(142)) - c557ac33-ca51-4a07-934d-526037e69701@group-71F5BBEAC783-StateMachineUpdater: set stopIndex = 0
2020-05-29 04:34:58,576 [c557ac33-ca51-4a07-934d-526037e69701@group-71F5BBEAC783-StateMachineUpdater] INFO  ratis.ContainerStateMachine (ContainerStateMachine.java:takeSnapshot(299)) - group-71F5BBEAC783: Finished taking a snapshot at:(t:1, i:0) file:/github/workspace/mnt/ozone/hadoop-ozone/integration-test/target/test-dir/MiniOzoneClusterImpl-12d77cfa-a16c-47e6-aadc-9eca5b4227e3/datanode-0/data/ratis/80e053d9-1962-4bf8-ad22-71f5bbeac783/sm/snapshot.1_0 time:0
2020-05-29 04:34:58,576 [c557ac33-ca51-4a07-934d-526037e69701@group-71F5BBEAC783-StateMachineUpdater] INFO  impl.StateMachineUpdater (StateMachineUpdater.java:takeSnapshot(277)) - c557ac33-ca51-4a07-934d-526037e69701@group-71F5BBEAC783-StateMachineUpdater: Took a snapshot at index 0
2020-05-29 04:34:58,576 [c557ac33-ca51-4a07-934d-526037e69701@group-71F5BBEAC783-StateMachineUpdater] INFO  impl.StateMachineUpdater (StateMachineUpdater.java:lambda$new$0(87)) - c557ac33-ca51-4a07-934d-526037e69701@group-71F5BBEAC783-StateMachineUpdater: snapshotIndex: updateIncreasingly -1 -> 0
2020-05-29 04:34:58,576 [c557ac33-ca51-4a07-934d-526037e69701@group-71F5BBEAC783-StateMachineUpdater] INFO  metrics.RatisMetrics (RatisMetrics.java:unregister(46)) - Unregistering Metrics Registry : ratis.state_machine.c557ac33-ca51-4a07-934d-526037e69701@group-71F5BBEAC783
2020-05-29 04:34:58,576 [ForkJoinPool.commonPool-worker-0] INFO  impl.RaftServerImpl (ServerState.java:close(387)) - c557ac33-ca51-4a07-934d-526037e69701@group-71F5BBEAC783: closes. applyIndex: 0
2020-05-29 04:34:58,576 [c557ac33-ca51-4a07-934d-526037e69701@group-71F5BBEAC783-SegmentedRaftLogWorker] INFO  segmented.SegmentedRaftLogWorker (SegmentedRaftLogWorker.java:run(321)) - c557ac33-ca51-4a07-934d-526037e69701@group-71F5BBEAC783-SegmentedRaftLogWorker was interrupted, exiting. There are 0 tasks remaining in the queue.
2020-05-29 04:34:58,577 [Listener at 127.0.0.1/34757] INFO  server.GrpcService (GrpcService.java:closeImpl(173)) - 26d97194-faf6-4699-94a1-8e41170820b2: shutdown server with port 37273 successfully
2020-05-29 04:34:58,577 [ForkJoinPool.commonPool-worker-0] INFO  segmented.SegmentedRaftLogWorker (SegmentedRaftLogWorker.java:close(229)) - c557ac33-ca51-4a07-934d-526037e69701@group-71F5BBEAC783-SegmentedRaftLogWorker close()
2020-05-29 04:34:58,578 [Listener at 127.0.0.1/34757] INFO  utils.BackgroundService (BackgroundService.java:shutdown(157)) - Shutting down service BlockDeletingService
2020-05-29 04:34:58,582 [ForkJoinPool.commonPool-worker-0] INFO  metrics.RatisMetrics (RatisMetrics.java:unregister(46)) - Unregistering Metrics Registry : ratis.log_worker.c557ac33-ca51-4a07-934d-526037e69701
2020-05-29 04:34:58,582 [ForkJoinPool.commonPool-worker-0] INFO  metrics.RatisMetrics (RatisMetrics.java:unregister(46)) - Unregistering Metrics Registry : ratis.leader_election.c557ac33-ca51-4a07-934d-526037e69701@group-71F5BBEAC783
2020-05-29 04:34:58,582 [ForkJoinPool.commonPool-worker-0] INFO  metrics.RatisMetrics (RatisMetrics.java:unregister(46)) - Unregistering Metrics Registry : ratis.server.c557ac33-ca51-4a07-934d-526037e69701@group-71F5BBEAC783
2020-05-29 04:34:58,582 [ForkJoinPool.commonPool-worker-0] INFO  server.GrpcService (GrpcService.java:closeImpl(165)) - c557ac33-ca51-4a07-934d-526037e69701: shutdown server with port 34461 now
2020-05-29 04:34:58,582 [Listener at 127.0.0.1/34757] INFO  statemachine.DatanodeStateMachine (DatanodeStateMachine.java:stopDaemon(424)) - Ozone container server stopped.
2020-05-29 04:34:58,583 [Listener at 127.0.0.1/34757] INFO  handler.ContextHandler (ContextHandler.java:doStop(1016)) - Stopped o.e.j.w.WebAppContext@212e07c9{hddsDatanode,/,null,UNAVAILABLE}{jar:file:/home/user/.m2/repository/org/apache/hadoop/hadoop-hdds-container-service/0.6.0-SNAPSHOT/hadoop-hdds-container-service-0.6.0-SNAPSHOT.jar!/webapps/hddsDatanode}
2020-05-29 04:34:58,583 [Listener at 127.0.0.1/34757] INFO  server.AbstractConnector (AbstractConnector.java:doStop(380)) - Stopped ServerConnector@76d7710e{HTTP/1.1,[http/1.1]}{0.0.0.0:0}
2020-05-29 04:34:58,583 [Listener at 127.0.0.1/34757] INFO  server.session (HouseKeeper.java:stopScavenging(158)) - node0 Stopped scavenging
2020-05-29 04:34:58,584 [Listener at 127.0.0.1/34757] INFO  handler.ContextHandler (ContextHandler.java:doStop(1016)) - Stopped o.e.j.s.ServletContextHandler@58781e39{static,/static,jar:file:/home/user/.m2/repository/org/apache/hadoop/hadoop-hdds-container-service/0.6.0-SNAPSHOT/hadoop-hdds-container-service-0.6.0-SNAPSHOT.jar!/webapps/static,UNAVAILABLE}
2020-05-29 04:34:58,584 [Listener at 127.0.0.1/34757] INFO  handler.ContextHandler (ContextHandler.java:doStop(1016)) - Stopped o.e.j.s.ServletContextHandler@d9fc4a5{logs,/logs,file:///github/workspace/mnt/ozone/hadoop-ozone/integration-test/target/log,UNAVAILABLE}
2020-05-29 04:34:58,584 [ForkJoinPool.commonPool-worker-0] INFO  server.GrpcService (GrpcService.java:closeImpl(173)) - c557ac33-ca51-4a07-934d-526037e69701: shutdown server with port 34461 successfully
2020-05-29 04:34:58,587 [ForkJoinPool.commonPool-worker-0] INFO  utils.BackgroundService (BackgroundService.java:shutdown(157)) - Shutting down service BlockDeletingService
2020-05-29 04:34:58,588 [ForkJoinPool.commonPool-worker-0] INFO  statemachine.DatanodeStateMachine (DatanodeStateMachine.java:stopDaemon(424)) - Ozone container server stopped.
2020-05-29 04:34:58,590 [ForkJoinPool.commonPool-worker-0] INFO  handler.ContextHandler (ContextHandler.java:doStop(1016)) - Stopped o.e.j.w.WebAppContext@6e53039a{hddsDatanode,/,null,UNAVAILABLE}{jar:file:/home/user/.m2/repository/org/apache/hadoop/hadoop-hdds-container-service/0.6.0-SNAPSHOT/hadoop-hdds-container-service-0.6.0-SNAPSHOT.jar!/webapps/hddsDatanode}
2020-05-29 04:34:58,590 [ForkJoinPool.commonPool-worker-0] INFO  server.AbstractConnector (AbstractConnector.java:doStop(380)) - Stopped ServerConnector@24fdc88{HTTP/1.1,[http/1.1]}{0.0.0.0:0}
2020-05-29 04:34:58,591 [ForkJoinPool.commonPool-worker-0] INFO  server.session (HouseKeeper.java:stopScavenging(158)) - node0 Stopped scavenging
2020-05-29 04:34:58,591 [ForkJoinPool.commonPool-worker-0] INFO  handler.ContextHandler (ContextHandler.java:doStop(1016)) - Stopped o.e.j.s.ServletContextHandler@22d83d22{static,/static,jar:file:/home/user/.m2/repository/org/apache/hadoop/hadoop-hdds-container-service/0.6.0-SNAPSHOT/hadoop-hdds-container-service-0.6.0-SNAPSHOT.jar!/webapps/static,UNAVAILABLE}
2020-05-29 04:34:58,592 [ForkJoinPool.commonPool-worker-0] INFO  handler.ContextHandler (ContextHandler.java:doStop(1016)) - Stopped o.e.j.s.ServletContextHandler@15056bb0{logs,/logs,file:///github/workspace/mnt/ozone/hadoop-ozone/integration-test/target/log,UNAVAILABLE}
2020-05-29 04:34:59,039 [grpc-default-executor-0] WARN  server.GrpcLogAppender (LogUtils.java:warn(122)) - 3d5655c8-2b34-4a86-be67-e7382a00f2f8@group-4E530EC14115->454b6da0-4653-4c86-b86b-02d358ed533f-AppendLogResponseHandler: Failed appendEntries: org.apache.ratis.thirdparty.io.grpc.StatusRuntimeException: UNAVAILABLE: io exception
2020-05-29 04:34:59,041 [grpc-default-executor-0] INFO  impl.FollowerInfo (FollowerInfo.java:lambda$new$0(50)) - 3d5655c8-2b34-4a86-be67-e7382a00f2f8@group-4E530EC14115->454b6da0-4653-4c86-b86b-02d358ed533f: nextIndex: updateUnconditionally 1 -> 0
2020-05-29 04:34:59,044 [grpc-default-executor-1] WARN  server.GrpcLogAppender (LogUtils.java:warn(122)) - 3d5655c8-2b34-4a86-be67-e7382a00f2f8@group-4E530EC14115->0a22fcba-fb9d-428a-bab5-12cc3aa51c00-AppendLogResponseHandler: Failed appendEntries: org.apache.ratis.thirdparty.io.grpc.StatusRuntimeException: UNAVAILABLE: io exception
2020-05-29 04:34:59,045 [grpc-default-executor-1] INFO  impl.FollowerInfo (FollowerInfo.java:lambda$new$0(50)) - 3d5655c8-2b34-4a86-be67-e7382a00f2f8@group-4E530EC14115->0a22fcba-fb9d-428a-bab5-12cc3aa51c00: nextIndex: updateUnconditionally 1 -> 0
2020-05-29 04:34:59,442 [Datanode State Machine Thread - 0] INFO  statemachine.DatanodeStateMachine (DatanodeStateMachine.java:lambda$startDaemon$0(376)) - Ozone container server started.
2020-05-29 04:35:01,542 [grpc-default-executor-0] WARN  server.GrpcLogAppender (LogUtils.java:warn(122)) - 3d5655c8-2b34-4a86-be67-e7382a00f2f8@group-4E530EC14115->454b6da0-4653-4c86-b86b-02d358ed533f-AppendLogResponseHandler: Failed appendEntries: org.apache.ratis.thirdparty.io.grpc.StatusRuntimeException: UNAVAILABLE: io exception
2020-05-29 04:35:01,544 [grpc-default-executor-0] INFO  impl.FollowerInfo (FollowerInfo.java:lambda$new$0(50)) - 3d5655c8-2b34-4a86-be67-e7382a00f2f8@group-4E530EC14115->454b6da0-4653-4c86-b86b-02d358ed533f: nextIndex: updateUnconditionally 1 -> 0
2020-05-29 04:35:01,547 [grpc-default-executor-1] WARN  server.GrpcLogAppender (LogUtils.java:warn(122)) - 3d5655c8-2b34-4a86-be67-e7382a00f2f8@group-4E530EC14115->0a22fcba-fb9d-428a-bab5-12cc3aa51c00-AppendLogResponseHandler: Failed appendEntries: org.apache.ratis.thirdparty.io.grpc.StatusRuntimeException: UNAVAILABLE: io exception
2020-05-29 04:35:01,549 [grpc-default-executor-1] INFO  impl.FollowerInfo (FollowerInfo.java:lambda$new$0(50)) - 3d5655c8-2b34-4a86-be67-e7382a00f2f8@group-4E530EC14115->0a22fcba-fb9d-428a-bab5-12cc3aa51c00: nextIndex: updateUnconditionally 1 -> 0
2020-05-29 04:35:03,585 [Listener at 127.0.0.1/34757] INFO  ozoneimpl.OzoneContainer (OzoneContainer.java:stop(246)) - Attempting to stop container services.
2020-05-29 04:35:03,586 [Listener at 127.0.0.1/34757] INFO  impl.RaftServerProxy (RaftServerProxy.java:lambda$close$4(314)) - 3d5655c8-2b34-4a86-be67-e7382a00f2f8: close
2020-05-29 04:35:03,586 [Listener at 127.0.0.1/34757] INFO  impl.RaftServerImpl (RaftServerImpl.java:lambda$shutdown$3(250)) - 3d5655c8-2b34-4a86-be67-e7382a00f2f8@group-4E530EC14115: shutdown
2020-05-29 04:35:03,586 [Listener at 127.0.0.1/34757] INFO  util.JmxRegister (JmxRegister.java:unregister(73)) - Successfully un-registered JMX Bean with object name Ratis:service=RaftServer,group=group-4E530EC14115,id=3d5655c8-2b34-4a86-be67-e7382a00f2f8
2020-05-29 04:35:03,587 [Listener at 127.0.0.1/34757] INFO  impl.RoleInfo (RoleInfo.java:shutdownLeaderState(104)) - 3d5655c8-2b34-4a86-be67-e7382a00f2f8: shutdown LeaderState
2020-05-29 04:35:03,588 [org.apache.ratis.server.impl.LogAppender$AppenderDaemon$$Lambda$418/50620986@3b197133] WARN  server.GrpcLogAppender (GrpcLogAppender.java:mayWait(153)) - 3d5655c8-2b34-4a86-be67-e7382a00f2f8@group-4E530EC14115->454b6da0-4653-4c86-b86b-02d358ed533f-GrpcLogAppender: Wait interrupted by java.lang.InterruptedException
2020-05-29 04:35:03,589 [org.apache.ratis.server.impl.LogAppender$AppenderDaemon$$Lambda$418/50620986@724e9f35] WARN  server.GrpcLogAppender (GrpcLogAppender.java:mayWait(153)) - 3d5655c8-2b34-4a86-be67-e7382a00f2f8@group-4E530EC14115->0a22fcba-fb9d-428a-bab5-12cc3aa51c00-GrpcLogAppender: Wait interrupted by java.lang.InterruptedException
2020-05-29 04:35:03,589 [Listener at 127.0.0.1/34757] INFO  impl.PendingRequests (PendingRequests.java:sendNotLeaderResponses(242)) - 3d5655c8-2b34-4a86-be67-e7382a00f2f8@group-4E530EC14115-PendingRequests: sendNotLeaderResponses
2020-05-29 04:35:03,589 [Listener at 127.0.0.1/34757] INFO  metrics.RatisMetrics (RatisMetrics.java:unregister(46)) - Unregistering Metrics Registry : ratis.log_appender.3d5655c8-2b34-4a86-be67-e7382a00f2f8@group-4E530EC14115
2020-05-29 04:35:03,589 [Listener at 127.0.0.1/34757] INFO  impl.StateMachineUpdater (StateMachineUpdater.java:stopAndJoin(142)) - 3d5655c8-2b34-4a86-be67-e7382a00f2f8@group-4E530EC14115-StateMachineUpdater: set stopIndex = 0
2020-05-29 04:35:03,590 [3d5655c8-2b34-4a86-be67-e7382a00f2f8@group-4E530EC14115-StateMachineUpdater] INFO  ratis.ContainerStateMachine (ContainerStateMachine.java:takeSnapshot(288)) - group-4E530EC14115: Taking a snapshot at:(t:1, i:0) file /github/workspace/mnt/ozone/hadoop-ozone/integration-test/target/test-dir/MiniOzoneClusterImpl-12d77cfa-a16c-47e6-aadc-9eca5b4227e3/datanode-5/data/ratis/5d9928a4-950c-4955-aa60-4e530ec14115/sm/snapshot.1_0
2020-05-29 04:35:03,591 [3d5655c8-2b34-4a86-be67-e7382a00f2f8@group-4E530EC14115-StateMachineUpdater] INFO  ratis.ContainerStateMachine (ContainerStateMachine.java:takeSnapshot(299)) - group-4E530EC14115: Finished taking a snapshot at:(t:1, i:0) file:/github/workspace/mnt/ozone/hadoop-ozone/integration-test/target/test-dir/MiniOzoneClusterImpl-12d77cfa-a16c-47e6-aadc-9eca5b4227e3/datanode-5/data/ratis/5d9928a4-950c-4955-aa60-4e530ec14115/sm/snapshot.1_0 time:1
2020-05-29 04:35:03,591 [3d5655c8-2b34-4a86-be67-e7382a00f2f8@group-4E530EC14115-StateMachineUpdater] INFO  impl.StateMachineUpdater (StateMachineUpdater.java:takeSnapshot(277)) - 3d5655c8-2b34-4a86-be67-e7382a00f2f8@group-4E530EC14115-StateMachineUpdater: Took a snapshot at index 0
2020-05-29 04:35:03,591 [3d5655c8-2b34-4a86-be67-e7382a00f2f8@group-4E530EC14115-StateMachineUpdater] INFO  impl.StateMachineUpdater (StateMachineUpdater.java:lambda$new$0(87)) - 3d5655c8-2b34-4a86-be67-e7382a00f2f8@group-4E530EC14115-StateMachineUpdater: snapshotIndex: updateIncreasingly -1 -> 0
2020-05-29 04:35:03,591 [3d5655c8-2b34-4a86-be67-e7382a00f2f8@group-4E530EC14115-StateMachineUpdater] INFO  metrics.RatisMetrics (RatisMetrics.java:unregister(46)) - Unregistering Metrics Registry : ratis.state_machine.3d5655c8-2b34-4a86-be67-e7382a00f2f8@group-4E530EC14115
2020-05-29 04:35:03,591 [Listener at 127.0.0.1/34757] INFO  impl.RaftServerImpl (ServerState.java:close(387)) - 3d5655c8-2b34-4a86-be67-e7382a00f2f8@group-4E530EC14115: closes. applyIndex: 0
2020-05-29 04:35:03,591 [3d5655c8-2b34-4a86-be67-e7382a00f2f8@group-4E530EC14115-SegmentedRaftLogWorker] INFO  segmented.SegmentedRaftLogWorker (SegmentedRaftLogWorker.java:run(321)) - 3d5655c8-2b34-4a86-be67-e7382a00f2f8@group-4E530EC14115-SegmentedRaftLogWorker was interrupted, exiting. There are 0 tasks remaining in the queue.
2020-05-29 04:35:03,592 [Listener at 127.0.0.1/34757] INFO  segmented.SegmentedRaftLogWorker (SegmentedRaftLogWorker.java:close(229)) - 3d5655c8-2b34-4a86-be67-e7382a00f2f8@group-4E530EC14115-SegmentedRaftLogWorker close()
2020-05-29 04:35:03,592 [Listener at 127.0.0.1/34757] INFO  metrics.RatisMetrics (RatisMetrics.java:unregister(46)) - Unregistering Metrics Registry : ratis.log_worker.3d5655c8-2b34-4a86-be67-e7382a00f2f8
2020-05-29 04:35:03,592 [Listener at 127.0.0.1/34757] INFO  metrics.RatisMetrics (RatisMetrics.java:unregister(46)) - Unregistering Metrics Registry : ratis.leader_election.3d5655c8-2b34-4a86-be67-e7382a00f2f8@group-4E530EC14115
2020-05-29 04:35:03,592 [Listener at 127.0.0.1/34757] INFO  metrics.RatisMetrics (RatisMetrics.java:unregister(46)) - Unregistering Metrics Registry : ratis.server.3d5655c8-2b34-4a86-be67-e7382a00f2f8@group-4E530EC14115
2020-05-29 04:35:03,593 [Listener at 127.0.0.1/34757] INFO  impl.RaftServerImpl (RaftServerImpl.java:lambda$shutdown$3(250)) - 3d5655c8-2b34-4a86-be67-e7382a00f2f8@group-86A508E80D1D: shutdown
2020-05-29 04:35:03,593 [Listener at 127.0.0.1/34757] INFO  util.JmxRegister (JmxRegister.java:unregister(73)) - Successfully un-registered JMX Bean with object name Ratis:service=RaftServer,group=group-86A508E80D1D,id=3d5655c8-2b34-4a86-be67-e7382a00f2f8
2020-05-29 04:35:03,593 [Listener at 127.0.0.1/34757] INFO  impl.RoleInfo (RoleInfo.java:shutdownLeaderState(104)) - 3d5655c8-2b34-4a86-be67-e7382a00f2f8: shutdown LeaderState
2020-05-29 04:35:03,593 [Listener at 127.0.0.1/34757] INFO  impl.PendingRequests (PendingRequests.java:sendNotLeaderResponses(242)) - 3d5655c8-2b34-4a86-be67-e7382a00f2f8@group-86A508E80D1D-PendingRequests: sendNotLeaderResponses
2020-05-29 04:35:03,595 [Listener at 127.0.0.1/34757] INFO  metrics.RatisMetrics (RatisMetrics.java:unregister(46)) - Unregistering Metrics Registry : ratis.log_appender.3d5655c8-2b34-4a86-be67-e7382a00f2f8@group-86A508E80D1D
2020-05-29 04:35:03,595 [Listener at 127.0.0.1/34757] INFO  impl.StateMachineUpdater (StateMachineUpdater.java:stopAndJoin(142)) - 3d5655c8-2b34-4a86-be67-e7382a00f2f8@group-86A508E80D1D-StateMachineUpdater: set stopIndex = 11
2020-05-29 04:35:03,595 [3d5655c8-2b34-4a86-be67-e7382a00f2f8@group-86A508E80D1D-StateMachineUpdater] INFO  ratis.ContainerStateMachine (ContainerStateMachine.java:takeSnapshot(288)) - group-86A508E80D1D: Taking a snapshot at:(t:1, i:11) file /github/workspace/mnt/ozone/hadoop-ozone/integration-test/target/test-dir/MiniOzoneClusterImpl-12d77cfa-a16c-47e6-aadc-9eca5b4227e3/datanode-5/data/ratis/f638dbdf-ee56-4855-bb33-86a508e80d1d/sm/snapshot.1_11
2020-05-29 04:35:03,597 [3d5655c8-2b34-4a86-be67-e7382a00f2f8@group-86A508E80D1D-StateMachineUpdater] INFO  ratis.ContainerStateMachine (ContainerStateMachine.java:takeSnapshot(299)) - group-86A508E80D1D: Finished taking a snapshot at:(t:1, i:11) file:/github/workspace/mnt/ozone/hadoop-ozone/integration-test/target/test-dir/MiniOzoneClusterImpl-12d77cfa-a16c-47e6-aadc-9eca5b4227e3/datanode-5/data/ratis/f638dbdf-ee56-4855-bb33-86a508e80d1d/sm/snapshot.1_11 time:1
2020-05-29 04:35:03,597 [3d5655c8-2b34-4a86-be67-e7382a00f2f8@group-86A508E80D1D-StateMachineUpdater] INFO  impl.StateMachineUpdater (StateMachineUpdater.java:takeSnapshot(277)) - 3d5655c8-2b34-4a86-be67-e7382a00f2f8@group-86A508E80D1D-StateMachineUpdater: Took a snapshot at index 11
2020-05-29 04:35:03,597 [3d5655c8-2b34-4a86-be67-e7382a00f2f8@group-86A508E80D1D-StateMachineUpdater] INFO  impl.StateMachineUpdater (StateMachineUpdater.java:lambda$new$0(87)) - 3d5655c8-2b34-4a86-be67-e7382a00f2f8@group-86A508E80D1D-StateMachineUpdater: snapshotIndex: updateIncreasingly -1 -> 11
2020-05-29 04:35:03,597 [3d5655c8-2b34-4a86-be67-e7382a00f2f8@group-86A508E80D1D-StateMachineUpdater] INFO  metrics.RatisMetrics (RatisMetrics.java:unregister(46)) - Unregistering Metrics Registry : ratis.state_machine.3d5655c8-2b34-4a86-be67-e7382a00f2f8@group-86A508E80D1D
2020-05-29 04:35:03,597 [Listener at 127.0.0.1/34757] INFO  impl.RaftServerImpl (ServerState.java:close(387)) - 3d5655c8-2b34-4a86-be67-e7382a00f2f8@group-86A508E80D1D: closes. applyIndex: 11
2020-05-29 04:35:03,597 [3d5655c8-2b34-4a86-be67-e7382a00f2f8@group-86A508E80D1D-SegmentedRaftLogWorker] INFO  segmented.SegmentedRaftLogWorker (SegmentedRaftLogWorker.java:run(321)) - 3d5655c8-2b34-4a86-be67-e7382a00f2f8@group-86A508E80D1D-SegmentedRaftLogWorker was interrupted, exiting. There are 0 tasks remaining in the queue.
2020-05-29 04:35:03,598 [Listener at 127.0.0.1/34757] INFO  segmented.SegmentedRaftLogWorker (SegmentedRaftLogWorker.java:close(229)) - 3d5655c8-2b34-4a86-be67-e7382a00f2f8@group-86A508E80D1D-SegmentedRaftLogWorker close()
2020-05-29 04:35:03,598 [Listener at 127.0.0.1/34757] INFO  metrics.RatisMetrics (RatisMetrics.java:unregister(46)) - Unregistering Metrics Registry : ratis.log_worker.3d5655c8-2b34-4a86-be67-e7382a00f2f8
2020-05-29 04:35:03,599 [Listener at 127.0.0.1/34757] INFO  metrics.RatisMetrics (RatisMetrics.java:unregister(46)) - Unregistering Metrics Registry : ratis.leader_election.3d5655c8-2b34-4a86-be67-e7382a00f2f8@group-86A508E80D1D
2020-05-29 04:35:03,599 [Listener at 127.0.0.1/34757] INFO  metrics.RatisMetrics (RatisMetrics.java:unregister(46)) - Unregistering Metrics Registry : ratis.server.3d5655c8-2b34-4a86-be67-e7382a00f2f8@group-86A508E80D1D
2020-05-29 04:35:03,599 [Listener at 127.0.0.1/34757] INFO  server.GrpcService (GrpcService.java:closeImpl(165)) - 3d5655c8-2b34-4a86-be67-e7382a00f2f8: shutdown server with port 40057 now
2020-05-29 04:35:03,600 [Listener at 127.0.0.1/34757] INFO  server.GrpcService (GrpcService.java:closeImpl(173)) - 3d5655c8-2b34-4a86-be67-e7382a00f2f8: shutdown server with port 40057 successfully
2020-05-29 04:35:03,603 [Listener at 127.0.0.1/34757] INFO  utils.BackgroundService (BackgroundService.java:shutdown(157)) - Shutting down service BlockDeletingService
2020-05-29 04:35:03,604 [Listener at 127.0.0.1/34757] INFO  statemachine.DatanodeStateMachine (DatanodeStateMachine.java:stopDaemon(424)) - Ozone container server stopped.
2020-05-29 04:35:03,605 [Listener at 127.0.0.1/34757] INFO  handler.ContextHandler (ContextHandler.java:doStop(1016)) - Stopped o.e.j.w.WebAppContext@798879bb{hddsDatanode,/,null,UNAVAILABLE}{jar:file:/home/user/.m2/repository/org/apache/hadoop/hadoop-hdds-container-service/0.6.0-SNAPSHOT/hadoop-hdds-container-service-0.6.0-SNAPSHOT.jar!/webapps/hddsDatanode}
2020-05-29 04:35:03,605 [Listener at 127.0.0.1/34757] INFO  server.AbstractConnector (AbstractConnector.java:doStop(380)) - Stopped ServerConnector@769d1116{HTTP/1.1,[http/1.1]}{0.0.0.0:0}
2020-05-29 04:35:03,605 [Listener at 127.0.0.1/34757] INFO  server.session (HouseKeeper.java:stopScavenging(158)) - node0 Stopped scavenging
2020-05-29 04:35:03,605 [Listener at 127.0.0.1/34757] INFO  handler.ContextHandler (ContextHandler.java:doStop(1016)) - Stopped o.e.j.s.ServletContextHandler@508110b{static,/static,jar:file:/home/user/.m2/repository/org/apache/hadoop/hadoop-hdds-container-service/0.6.0-SNAPSHOT/hadoop-hdds-container-service-0.6.0-SNAPSHOT.jar!/webapps/static,UNAVAILABLE}
2020-05-29 04:35:03,606 [Listener at 127.0.0.1/34757] INFO  handler.ContextHandler (ContextHandler.java:doStop(1016)) - Stopped o.e.j.s.ServletContextHandler@b42709d{logs,/logs,file:///github/workspace/mnt/ozone/hadoop-ozone/integration-test/target/log,UNAVAILABLE}
2020-05-29 04:35:03,606 [Listener at 127.0.0.1/34757] INFO  ozone.MiniOzoneClusterImpl (MiniOzoneClusterImpl.java:stopSCM(476)) - Stopping the StorageContainerManager
2020-05-29 04:35:03,606 [Listener at 127.0.0.1/34757] INFO  server.StorageContainerManager (StorageContainerManager.java:stop(824)) - Stopping Replication Manager Service.
2020-05-29 04:35:03,606 [Listener at 127.0.0.1/34757] INFO  container.ReplicationManager (ReplicationManager.java:stop(208)) - Stopping Replication Monitor Thread.
2020-05-29 04:35:03,607 [Listener at 127.0.0.1/34757] INFO  server.StorageContainerManager (StorageContainerManager.java:stop(831)) - Stopping Lease Manager of the command watchers
2020-05-29 04:35:03,607 [Listener at 127.0.0.1/34757] INFO  server.StorageContainerManager (StorageContainerManager.java:stop(838)) - Stopping datanode service RPC server
2020-05-29 04:35:03,607 [CommandWatcher-LeaseManager#LeaseMonitor] ERROR lease.LeaseManager (LeaseManager.java:run(238)) - Execution was interrupted 
java.lang.InterruptedException: sleep interrupted
	at java.lang.Thread.sleep(Native Method)
	at org.apache.hadoop.ozone.lease.LeaseManager$LeaseMonitor.run(LeaseManager.java:234)
	at java.lang.Thread.run(Thread.java:748)
2020-05-29 04:35:03,607 [Listener at 127.0.0.1/34757] INFO  server.SCMDatanodeProtocolServer (SCMDatanodeProtocolServer.java:stop(361)) - Stopping the RPC server for DataNodes
2020-05-29 04:35:03,607 [Listener at 127.0.0.1/34757] INFO  ipc.Server (Server.java:stop(3359)) - Stopping server on 37309
2020-05-29 04:35:03,609 [IPC Server listener on 0] INFO  ipc.Server (Server.java:run(1330)) - Stopping IPC Server listener on 0
2020-05-29 04:35:03,609 [IPC Server Responder] INFO  ipc.Server (Server.java:run(1465)) - Stopping IPC Server Responder
2020-05-29 04:35:03,654 [SCM Heartbeat Processing Thread - 0] WARN  node.NodeStateManager (NodeStateManager.java:scheduleNextHealthCheck(661)) - Current Thread is interrupted, shutting down HB processing thread for Node Manager.
2020-05-29 04:35:03,655 [Listener at 127.0.0.1/34757] INFO  server.StorageContainerManager (StorageContainerManager.java:stop(846)) - Stopping block service RPC server
2020-05-29 04:35:03,655 [Listener at 127.0.0.1/34757] INFO  server.SCMBlockProtocolServer (SCMBlockProtocolServer.java:stop(158)) - Stopping the RPC server for Block Protocol
2020-05-29 04:35:03,655 [Listener at 127.0.0.1/34757] INFO  ipc.Server (Server.java:stop(3359)) - Stopping server on 45017
2020-05-29 04:35:03,657 [IPC Server listener on 0] INFO  ipc.Server (Server.java:run(1330)) - Stopping IPC Server listener on 0
2020-05-29 04:35:03,661 [IPC Server Responder] INFO  ipc.Server (Server.java:run(1465)) - Stopping IPC Server Responder
2020-05-29 04:35:03,661 [Listener at 127.0.0.1/34757] INFO  server.StorageContainerManager (StorageContainerManager.java:stop(853)) - Stopping the StorageContainerLocationProtocol RPC server
2020-05-29 04:35:03,662 [Listener at 127.0.0.1/34757] INFO  server.SCMClientProtocolServer (SCMClientProtocolServer.java:stop(166)) - Stopping the RPC server for Client Protocol
2020-05-29 04:35:03,662 [Listener at 127.0.0.1/34757] INFO  ipc.Server (Server.java:stop(3359)) - Stopping server on 42677
2020-05-29 04:35:03,663 [IPC Server listener on 0] INFO  ipc.Server (Server.java:run(1330)) - Stopping IPC Server listener on 0
2020-05-29 04:35:03,664 [IPC Server Responder] INFO  ipc.Server (Server.java:run(1465)) - Stopping IPC Server Responder
2020-05-29 04:35:03,664 [Listener at 127.0.0.1/34757] INFO  server.StorageContainerManager (StorageContainerManager.java:stop(860)) - Stopping Storage Container Manager HTTP server.
2020-05-29 04:35:03,665 [Listener at 127.0.0.1/34757] INFO  handler.ContextHandler (ContextHandler.java:doStop(1016)) - Stopped o.e.j.w.WebAppContext@58904e4a{scm,/,null,UNAVAILABLE}{file:/github/workspace/mnt/ozone/hadoop-ozone/integration-test/target/test-classes/webapps/scm}
2020-05-29 04:35:03,667 [Listener at 127.0.0.1/34757] INFO  server.AbstractConnector (AbstractConnector.java:doStop(380)) - Stopped ServerConnector@45d435c8{HTTP/1.1,[http/1.1]}{0.0.0.0:0}
2020-05-29 04:35:03,667 [Listener at 127.0.0.1/34757] INFO  server.session (HouseKeeper.java:stopScavenging(158)) - node0 Stopped scavenging
2020-05-29 04:35:03,667 [Listener at 127.0.0.1/34757] INFO  handler.ContextHandler (ContextHandler.java:doStop(1016)) - Stopped o.e.j.s.ServletContextHandler@3f1b637{static,/static,file:///github/workspace/mnt/ozone/hadoop-ozone/integration-test/target/test-classes/webapps/static,UNAVAILABLE}
2020-05-29 04:35:03,667 [Listener at 127.0.0.1/34757] INFO  handler.ContextHandler (ContextHandler.java:doStop(1016)) - Stopped o.e.j.s.ServletContextHandler@2cd9f849{logs,/logs,file:///github/workspace/mnt/ozone/hadoop-ozone/integration-test/target/log,UNAVAILABLE}
2020-05-29 04:35:03,669 [Listener at 127.0.0.1/34757] INFO  server.StorageContainerManager (StorageContainerManager.java:stop(871)) - Stopping Block Manager Service.
2020-05-29 04:35:03,669 [Listener at 127.0.0.1/34757] INFO  utils.BackgroundService (BackgroundService.java:shutdown(157)) - Shutting down service SCMBlockDeletingService
2020-05-29 04:35:03,669 [Listener at 127.0.0.1/34757] INFO  utils.BackgroundService (BackgroundService.java:shutdown(157)) - Shutting down service SCMBlockDeletingService
2020-05-29 04:35:03,669 [Listener at 127.0.0.1/34757] INFO  server.StorageContainerManager (StorageContainerManager.java:stop(896)) - Stopping SCM Event Queue.
2020-05-29 04:35:03,674 [Listener at 127.0.0.1/34757] INFO  impl.MetricsSystemImpl (MetricsSystemImpl.java:stop(210)) - Stopping HddsDatanode metrics system...
2020-05-29 04:35:03,685 [Listener at 127.0.0.1/34757] INFO  impl.MetricsSystemImpl (MetricsSystemImpl.java:stop(216)) - HddsDatanode metrics system stopped.
]]></system-out>
    <system-err><![CDATA[May 29, 2020 4:34:48 AM org.apache.ratis.thirdparty.io.grpc.internal.SerializingExecutor run
SEVERE: Exception while executing runnable org.apache.ratis.thirdparty.io.grpc.internal.ServerImpl$JumpToApplicationThreadServerStreamListener$1Closed@bcbc0b1
org.apache.ratis.thirdparty.io.grpc.StatusRuntimeException: CANCELLED: call already cancelled
	at org.apache.ratis.thirdparty.io.grpc.Status.asRuntimeException(Status.java:524)
	at org.apache.ratis.thirdparty.io.grpc.stub.ServerCalls$ServerCallStreamObserverImpl.onCompleted(ServerCalls.java:368)
	at org.apache.ratis.grpc.server.GrpcServerProtocolService$ServerRequestStreamObserver.onError(GrpcServerProtocolService.java:145)
	at org.apache.ratis.thirdparty.io.grpc.stub.ServerCalls$StreamingServerCallHandler$StreamingServerCallListener.onCancel(ServerCalls.java:272)
	at org.apache.ratis.thirdparty.io.grpc.internal.ServerCallImpl$ServerStreamListenerImpl.closedInternal(ServerCallImpl.java:353)
	at org.apache.ratis.thirdparty.io.grpc.internal.ServerCallImpl$ServerStreamListenerImpl.closed(ServerCallImpl.java:341)
	at org.apache.ratis.thirdparty.io.grpc.internal.ServerImpl$JumpToApplicationThreadServerStreamListener$1Closed.runInContext(ServerImpl.java:867)
	at org.apache.ratis.thirdparty.io.grpc.internal.ContextRunnable.run(ContextRunnable.java:37)
	at org.apache.ratis.thirdparty.io.grpc.internal.SerializingExecutor.run(SerializingExecutor.java:123)
	at java.util.concurrent.ThreadPoolExecutor.runWorker(ThreadPoolExecutor.java:1149)
	at java.util.concurrent.ThreadPoolExecutor$Worker.run(ThreadPoolExecutor.java:624)
	at java.lang.Thread.run(Thread.java:748)

May 29, 2020 4:34:48 AM org.apache.ratis.thirdparty.io.grpc.internal.SerializingExecutor run
SEVERE: Exception while executing runnable org.apache.ratis.thirdparty.io.grpc.internal.ServerImpl$JumpToApplicationThreadServerStreamListener$1Closed@54592cc1
org.apache.ratis.thirdparty.io.grpc.StatusRuntimeException: CANCELLED: call already cancelled
	at org.apache.ratis.thirdparty.io.grpc.Status.asRuntimeException(Status.java:524)
	at org.apache.ratis.thirdparty.io.grpc.stub.ServerCalls$ServerCallStreamObserverImpl.onCompleted(ServerCalls.java:368)
	at org.apache.ratis.grpc.server.GrpcServerProtocolService$ServerRequestStreamObserver.onError(GrpcServerProtocolService.java:145)
	at org.apache.ratis.thirdparty.io.grpc.stub.ServerCalls$StreamingServerCallHandler$StreamingServerCallListener.onCancel(ServerCalls.java:272)
	at org.apache.ratis.thirdparty.io.grpc.internal.ServerCallImpl$ServerStreamListenerImpl.closedInternal(ServerCallImpl.java:353)
	at org.apache.ratis.thirdparty.io.grpc.internal.ServerCallImpl$ServerStreamListenerImpl.closed(ServerCallImpl.java:341)
	at org.apache.ratis.thirdparty.io.grpc.internal.ServerImpl$JumpToApplicationThreadServerStreamListener$1Closed.runInContext(ServerImpl.java:867)
	at org.apache.ratis.thirdparty.io.grpc.internal.ContextRunnable.run(ContextRunnable.java:37)
	at org.apache.ratis.thirdparty.io.grpc.internal.SerializingExecutor.run(SerializingExecutor.java:123)
	at java.util.concurrent.ThreadPoolExecutor.runWorker(ThreadPoolExecutor.java:1149)
	at java.util.concurrent.ThreadPoolExecutor$Worker.run(ThreadPoolExecutor.java:624)
	at java.lang.Thread.run(Thread.java:748)

May 29, 2020 4:34:53 AM org.apache.ratis.thirdparty.io.grpc.internal.SerializingExecutor run
SEVERE: Exception while executing runnable org.apache.ratis.thirdparty.io.grpc.internal.ServerImpl$JumpToApplicationThreadServerStreamListener$1Closed@7674935c
org.apache.ratis.thirdparty.io.grpc.StatusRuntimeException: CANCELLED: call already cancelled
	at org.apache.ratis.thirdparty.io.grpc.Status.asRuntimeException(Status.java:524)
	at org.apache.ratis.thirdparty.io.grpc.stub.ServerCalls$ServerCallStreamObserverImpl.onCompleted(ServerCalls.java:368)
	at org.apache.ratis.grpc.server.GrpcServerProtocolService$ServerRequestStreamObserver.onError(GrpcServerProtocolService.java:145)
	at org.apache.ratis.thirdparty.io.grpc.stub.ServerCalls$StreamingServerCallHandler$StreamingServerCallListener.onCancel(ServerCalls.java:272)
	at org.apache.ratis.thirdparty.io.grpc.internal.ServerCallImpl$ServerStreamListenerImpl.closedInternal(ServerCallImpl.java:353)
	at org.apache.ratis.thirdparty.io.grpc.internal.ServerCallImpl$ServerStreamListenerImpl.closed(ServerCallImpl.java:341)
	at org.apache.ratis.thirdparty.io.grpc.internal.ServerImpl$JumpToApplicationThreadServerStreamListener$1Closed.runInContext(ServerImpl.java:867)
	at org.apache.ratis.thirdparty.io.grpc.internal.ContextRunnable.run(ContextRunnable.java:37)
	at org.apache.ratis.thirdparty.io.grpc.internal.SerializingExecutor.run(SerializingExecutor.java:123)
	at java.util.concurrent.ThreadPoolExecutor.runWorker(ThreadPoolExecutor.java:1149)
	at java.util.concurrent.ThreadPoolExecutor$Worker.run(ThreadPoolExecutor.java:624)
	at java.lang.Thread.run(Thread.java:748)

May 29, 2020 4:34:53 AM org.apache.ratis.thirdparty.io.grpc.internal.SerializingExecutor run
SEVERE: Exception while executing runnable org.apache.ratis.thirdparty.io.grpc.internal.ServerImpl$JumpToApplicationThreadServerStreamListener$1Closed@6be00c16
org.apache.ratis.thirdparty.io.grpc.StatusRuntimeException: CANCELLED: call already cancelled
	at org.apache.ratis.thirdparty.io.grpc.Status.asRuntimeException(Status.java:524)
	at org.apache.ratis.thirdparty.io.grpc.stub.ServerCalls$ServerCallStreamObserverImpl.onCompleted(ServerCalls.java:368)
	at org.apache.ratis.grpc.server.GrpcServerProtocolService$ServerRequestStreamObserver.onError(GrpcServerProtocolService.java:145)
	at org.apache.ratis.thirdparty.io.grpc.stub.ServerCalls$StreamingServerCallHandler$StreamingServerCallListener.onCancel(ServerCalls.java:272)
	at org.apache.ratis.thirdparty.io.grpc.internal.ServerCallImpl$ServerStreamListenerImpl.closedInternal(ServerCallImpl.java:353)
	at org.apache.ratis.thirdparty.io.grpc.internal.ServerCallImpl$ServerStreamListenerImpl.closed(ServerCallImpl.java:341)
	at org.apache.ratis.thirdparty.io.grpc.internal.ServerImpl$JumpToApplicationThreadServerStreamListener$1Closed.runInContext(ServerImpl.java:867)
	at org.apache.ratis.thirdparty.io.grpc.internal.ContextRunnable.run(ContextRunnable.java:37)
	at org.apache.ratis.thirdparty.io.grpc.internal.SerializingExecutor.run(SerializingExecutor.java:123)
	at java.util.concurrent.ThreadPoolExecutor.runWorker(ThreadPoolExecutor.java:1149)
	at java.util.concurrent.ThreadPoolExecutor$Worker.run(ThreadPoolExecutor.java:624)
	at java.lang.Thread.run(Thread.java:748)

]]></system-err>
  </testcase>
</testsuite>