<?xml version="1.0" encoding="UTF-8"?>
<testsuite xmlns:xsi="http://www.w3.org/2001/XMLSchema-instance" xsi:noNamespaceSchemaLocation="https://maven.apache.org/surefire/maven-surefire-plugin/xsd/surefire-test-report-3.0.xsd" version="3.0" name="org.apache.hadoop.ozone.client.rpc.TestSecureOzoneRpcClient" time="45.288" tests="122" errors="0" skipped="0" failures="1">
  <properties>
    <property name="awt.toolkit" value="sun.awt.X11.XToolkit"/>
    <property name="file.encoding.pkg" value="sun.io"/>
    <property name="java.specification.version" value="1.8"/>
    <property name="sun.cpu.isalist" value=""/>
    <property name="sun.jnu.encoding" value="UTF-8"/>
    <property name="gradle.enterprise.listener.surefire.forkId" value="1"/>
    <property name="java.class.path" value="/home/runner/work/ozone/ozone/hadoop-ozone/integration-test/target/test-classes:/home/runner/work/ozone/ozone/hadoop-ozone/integration-test/target/classes:/home/runner/.m2/repository/org/apache/ozone/ozone-common/1.5.0-SNAPSHOT/ozone-common-1.5.0-SNAPSHOT.jar:/home/runner/.m2/repository/io/grpc/grpc-netty/1.58.0/grpc-netty-1.58.0.jar:/home/runner/.m2/repository/io/grpc/grpc-core/1.58.0/grpc-core-1.58.0.jar:/home/runner/.m2/repository/com/google/android/annotations/4.1.1.4/annotations-4.1.1.4.jar:/home/runner/.m2/repository/org/codehaus/mojo/animal-sniffer-annotations/1.23/animal-sniffer-annotations-1.23.jar:/home/runner/.m2/repository/io/grpc/grpc-context/1.58.0/grpc-context-1.58.0.jar:/home/runner/.m2/repository/io/grpc/grpc-util/1.58.0/grpc-util-1.58.0.jar:/home/runner/.m2/repository/com/google/errorprone/error_prone_annotations/2.2.0/error_prone_annotations-2.2.0.jar:/home/runner/.m2/repository/io/perfmark/perfmark-api/0.26.0/perfmark-api-0.26.0.jar:/home/runner/.m2/repository/io/netty/netty-codec-http2/4.1.100.Final/netty-codec-http2-4.1.100.Final.jar:/home/runner/.m2/repository/io/netty/netty-common/4.1.100.Final/netty-common-4.1.100.Final.jar:/home/runner/.m2/repository/io/netty/netty-buffer/4.1.100.Final/netty-buffer-4.1.100.Final.jar:/home/runner/.m2/repository/io/netty/netty-codec-http/4.1.100.Final/netty-codec-http-4.1.100.Final.jar:/home/runner/.m2/repository/io/netty/netty-handler-proxy/4.1.100.Final/netty-handler-proxy-4.1.100.Final.jar:/home/runner/.m2/repository/io/netty/netty-codec-socks/4.1.100.Final/netty-codec-socks-4.1.100.Final.jar:/home/runner/.m2/repository/io/netty/netty-tcnative-boringssl-static/2.0.61.Final/netty-tcnative-boringssl-static-2.0.61.Final.jar:/home/runner/.m2/repository/io/netty/netty-tcnative-classes/2.0.61.Final/netty-tcnative-classes-2.0.61.Final.jar:/home/runner/.m2/repository/io/netty/netty-tcnative-boringssl-static/2.0.61.Final/netty-tcnative-boringssl-static-2.0.61.Final-linux-x86_64.jar:/home/runner/.m2/repository/io/netty/netty-tcnative-boringssl-static/2.0.61.Final/netty-tcnative-boringssl-static-2.0.61.Final-linux-aarch_64.jar:/home/runner/.m2/repository/io/netty/netty-tcnative-boringssl-static/2.0.61.Final/netty-tcnative-boringssl-static-2.0.61.Final-osx-x86_64.jar:/home/runner/.m2/repository/io/netty/netty-tcnative-boringssl-static/2.0.61.Final/netty-tcnative-boringssl-static-2.0.61.Final-osx-aarch_64.jar:/home/runner/.m2/repository/io/netty/netty-tcnative-boringssl-static/2.0.61.Final/netty-tcnative-boringssl-static-2.0.61.Final-windows-x86_64.jar:/home/runner/.m2/repository/org/apache/commons/commons-compress/1.26.0/commons-compress-1.26.0.jar:/home/runner/.m2/repository/org/apache/ozone/hdds-common/1.5.0-SNAPSHOT/hdds-common-1.5.0-SNAPSHOT.jar:/home/runner/.m2/repository/org/apache/ozone/hdds-client/1.5.0-SNAPSHOT/hdds-client-1.5.0-SNAPSHOT.jar:/home/runner/.m2/repository/org/apache/ozone/ozone-interface-client/1.5.0-SNAPSHOT/ozone-interface-client-1.5.0-SNAPSHOT.jar:/home/runner/.m2/repository/org/apache/hadoop/hadoop-hdfs-client/3.3.6/hadoop-hdfs-client-3.3.6.jar:/home/runner/.m2/repository/com/squareup/okhttp3/okhttp/4.12.0/okhttp-4.12.0.jar:/home/runner/.m2/repository/com/squareup/okio/okio/3.6.0/okio-3.6.0.jar:/home/runner/.m2/repository/com/squareup/okio/okio-jvm/3.6.0/okio-jvm-3.6.0.jar:/home/runner/.m2/repository/org/jetbrains/kotlin/kotlin-stdlib-jdk8/1.9.22/kotlin-stdlib-jdk8-1.9.22.jar:/home/runner/.m2/repository/org/jetbrains/kotlin/kotlin-stdlib-jdk7/1.9.22/kotlin-stdlib-jdk7-1.9.22.jar:/home/runner/.m2/repository/org/jetbrains/kotlin/kotlin-stdlib-common/1.9.22/kotlin-stdlib-common-1.9.22.jar:/home/runner/.m2/repository/org/apache/ozone/hdds-test-utils/1.5.0-SNAPSHOT/hdds-test-utils-1.5.0-SNAPSHOT.jar:/home/runner/.m2/repository/org/assertj/assertj-core/3.12.2/assertj-core-3.12.2.jar:/home/runner/.m2/repository/com/google/guava/guava/32.0.0-jre/guava-32.0.0-jre.jar:/home/runner/.m2/repository/com/google/guava/failureaccess/1.0.1/failureaccess-1.0.1.jar:/home/runner/.m2/repository/com/google/guava/listenablefuture/9999.0-empty-to-avoid-conflict-with-guava/listenablefuture-9999.0-empty-to-avoid-conflict-with-guava.jar:/home/runner/.m2/repository/org/checkerframework/checker-qual/3.33.0/checker-qual-3.33.0.jar:/home/runner/.m2/repository/com/google/j2objc/j2objc-annotations/2.8/j2objc-annotations-2.8.jar:/home/runner/.m2/repository/commons-io/commons-io/2.15.1/commons-io-2.15.1.jar:/home/runner/.m2/repository/commons-logging/commons-logging/1.2/commons-logging-1.2.jar:/home/runner/.m2/repository/org/junit/jupiter/junit-jupiter-api/5.10.1/junit-jupiter-api-5.10.1.jar:/home/runner/.m2/repository/org/opentest4j/opentest4j/1.3.0/opentest4j-1.3.0.jar:/home/runner/.m2/repository/org/junit/platform/junit-platform-commons/1.10.1/junit-platform-commons-1.10.1.jar:/home/runner/.m2/repository/ch/qos/reload4j/reload4j/1.2.25/reload4j-1.2.25.jar:/home/runner/.m2/repository/jakarta/annotation/jakarta.annotation-api/2.1.1/jakarta.annotation-api-2.1.1.jar:/home/runner/.m2/repository/org/slf4j/slf4j-api/2.0.10/slf4j-api-2.0.10.jar:/home/runner/.m2/repository/org/apache/logging/log4j/log4j-api/2.17.1/log4j-api-2.17.1.jar:/home/runner/.m2/repository/org/apache/ozone/hdds-server-scm/1.5.0-SNAPSHOT/hdds-server-scm-1.5.0-SNAPSHOT.jar:/home/runner/.m2/repository/com/google/protobuf/protobuf-java/2.5.0/protobuf-java-2.5.0.jar:/home/runner/.m2/repository/org/apache/ozone/hdds-container-service/1.5.0-SNAPSHOT/hdds-container-service-1.5.0-SNAPSHOT.jar:/home/runner/.m2/repository/org/apache/ozone/hdds-hadoop-dependency-server/1.5.0-SNAPSHOT/hdds-hadoop-dependency-server-1.5.0-SNAPSHOT.jar:/home/runner/.m2/repository/org/apache/hadoop/hadoop-hdfs/3.3.6/hadoop-hdfs-3.3.6.jar:/home/runner/.m2/repository/commons-daemon/commons-daemon/1.0.13/commons-daemon-1.0.13.jar:/home/runner/.m2/repository/org/apache/ozone/hdds-server-framework/1.5.0-SNAPSHOT/hdds-server-framework-1.5.0-SNAPSHOT.jar:/home/runner/.m2/repository/org/bouncycastle/bcprov-jdk18on/1.77/bcprov-jdk18on-1.77.jar:/home/runner/.m2/repository/io/dropwizard/metrics/metrics-core/3.2.4/metrics-core-3.2.4.jar:/home/runner/.m2/repository/org/apache/commons/commons-text/1.11.0/commons-text-1.11.0.jar:/home/runner/.m2/repository/org/apache/ozone/hdds-server-framework/1.5.0-SNAPSHOT/hdds-server-framework-1.5.0-SNAPSHOT-tests.jar:/home/runner/.m2/repository/org/apache/ozone/hdds-interface-server/1.5.0-SNAPSHOT/hdds-interface-server-1.5.0-SNAPSHOT.jar:/home/runner/.m2/repository/org/apache/ozone/hdds-interface-admin/1.5.0-SNAPSHOT/hdds-interface-admin-1.5.0-SNAPSHOT.jar:/home/runner/.m2/repository/org/apache/ozone/hdds-managed-rocksdb/1.5.0-SNAPSHOT/hdds-managed-rocksdb-1.5.0-SNAPSHOT.jar:/home/runner/.m2/repository/org/rocksdb/rocksdbjni/7.7.3/rocksdbjni-7.7.3.jar:/home/runner/.m2/repository/org/slf4j/slf4j-reload4j/2.0.10/slf4j-reload4j-2.0.10.jar:/home/runner/.m2/repository/org/apache/commons/commons-configuration2/2.8.0/commons-configuration2-2.8.0.jar:/home/runner/.m2/repository/commons-fileupload/commons-fileupload/1.5/commons-fileupload-1.5.jar:/home/runner/.m2/repository/org/apache/logging/log4j/log4j-core/2.17.1/log4j-core-2.17.1.jar:/home/runner/.m2/repository/com/lmax/disruptor/3.4.2/disruptor-3.4.2.jar:/home/runner/.m2/repository/org/eclipse/jetty/jetty-util/9.4.53.v20231009/jetty-util-9.4.53.v20231009.jar:/home/runner/.m2/repository/org/eclipse/jetty/jetty-server/9.4.53.v20231009/jetty-server-9.4.53.v20231009.jar:/home/runner/.m2/repository/org/eclipse/jetty/jetty-http/9.4.53.v20231009/jetty-http-9.4.53.v20231009.jar:/home/runner/.m2/repository/org/eclipse/jetty/jetty-io/9.4.53.v20231009/jetty-io-9.4.53.v20231009.jar:/home/runner/.m2/repository/org/eclipse/jetty/jetty-servlet/9.4.53.v20231009/jetty-servlet-9.4.53.v20231009.jar:/home/runner/.m2/repository/org/eclipse/jetty/jetty-security/9.4.53.v20231009/jetty-security-9.4.53.v20231009.jar:/home/runner/.m2/repository/org/eclipse/jetty/jetty-util-ajax/9.4.53.v20231009/jetty-util-ajax-9.4.53.v20231009.jar:/home/runner/.m2/repository/org/eclipse/jetty/jetty-webapp/9.4.53.v20231009/jetty-webapp-9.4.53.v20231009.jar:/home/runner/.m2/repository/org/eclipse/jetty/jetty-xml/9.4.53.v20231009/jetty-xml-9.4.53.v20231009.jar:/home/runner/.m2/repository/org/apache/ratis/ratis-server/3.0.1/ratis-server-3.0.1.jar:/home/runner/.m2/repository/org/apache/ratis/ratis-thirdparty-misc/1.0.5/ratis-thirdparty-misc-1.0.5.jar:/home/runner/.m2/repository/org/apache/ratis/ratis-proto/3.0.1/ratis-proto-3.0.1.jar:/home/runner/.m2/repository/org/apache/ratis/ratis-common/3.0.1/ratis-common-3.0.1.jar:/home/runner/.m2/repository/org/apache/ratis/ratis-client/3.0.1/ratis-client-3.0.1.jar:/home/runner/.m2/repository/org/apache/ratis/ratis-server-api/3.0.1/ratis-server-api-3.0.1.jar:/home/runner/.m2/repository/org/apache/ratis/ratis-metrics-api/3.0.1/ratis-metrics-api-3.0.1.jar:/home/runner/.m2/repository/org/apache/ratis/ratis-metrics-dropwizard3/3.0.1/ratis-metrics-dropwizard3-3.0.1.jar:/home/runner/.m2/repository/io/prometheus/simpleclient_dropwizard/0.16.0/simpleclient_dropwizard-0.16.0.jar:/home/runner/.m2/repository/io/prometheus/simpleclient/0.16.0/simpleclient-0.16.0.jar:/home/runner/.m2/repository/io/prometheus/simpleclient_common/0.16.0/simpleclient_common-0.16.0.jar:/home/runner/.m2/repository/com/fasterxml/jackson/datatype/jackson-datatype-jsr310/2.13.4/jackson-datatype-jsr310-2.13.4.jar:/home/runner/.m2/repository/com/fasterxml/jackson/core/jackson-core/2.13.4/jackson-core-2.13.4.jar:/home/runner/.m2/repository/org/apache/ozone/rocksdb-checkpoint-differ/1.5.0-SNAPSHOT/rocksdb-checkpoint-differ-1.5.0-SNAPSHOT.jar:/home/runner/.m2/repository/org/jgrapht/jgrapht-core/1.0.1/jgrapht-core-1.0.1.jar:/home/runner/.m2/repository/org/jgrapht/jgrapht-ext/1.0.1/jgrapht-ext-1.0.1.jar:/home/runner/.m2/repository/org/tinyjee/jgraphx/jgraphx/2.0.0.1/jgraphx-2.0.0.1.jar:/home/runner/.m2/repository/jgraph/jgraph/5.13.0.0/jgraph-5.13.0.0.jar:/home/runner/.m2/repository/org/antlr/antlr4-runtime/4.5.3/antlr4-runtime-4.5.3.jar:/home/runner/.m2/repository/org/apache/ozone/ozone-manager/1.5.0-SNAPSHOT/ozone-manager-1.5.0-SNAPSHOT.jar:/home/runner/.m2/repository/org/aspectj/aspectjrt/1.9.7/aspectjrt-1.9.7.jar:/home/runner/.m2/repository/org/aspectj/aspectjweaver/1.9.7/aspectjweaver-1.9.7.jar:/home/runner/.m2/repository/org/apache/ozone/hdds-interface-client/1.5.0-SNAPSHOT/hdds-interface-client-1.5.0-SNAPSHOT.jar:/home/runner/.m2/repository/org/apache/hadoop/thirdparty/hadoop-shaded-protobuf_3_7/1.1.1/hadoop-shaded-protobuf_3_7-1.1.1.jar:/home/runner/.m2/repository/org/apache/ozone/ozone-interface-storage/1.5.0-SNAPSHOT/ozone-interface-storage-1.5.0-SNAPSHOT.jar:/home/runner/.m2/repository/org/reflections/reflections/0.9.11/reflections-0.9.11.jar:/home/runner/.m2/repository/com/sun/jersey/jersey-client/1.19.4/jersey-client-1.19.4.jar:/home/runner/.m2/repository/org/codehaus/jackson/jackson-core-asl/1.9.13/jackson-core-asl-1.9.13.jar:/home/runner/.m2/repository/org/codehaus/jackson/jackson-mapper-asl/1.9.13/jackson-mapper-asl-1.9.13.jar:/home/runner/.m2/repository/org/codehaus/jackson/jackson-jaxrs/1.9.13/jackson-jaxrs-1.9.13.jar:/home/runner/.m2/repository/org/apache/ranger/ranger-intg/2.3.0/ranger-intg-2.3.0.jar:/home/runner/.m2/repository/org/apache/ranger/ranger-plugins-common/2.3.0/ranger-plugins-common-2.3.0.jar:/home/runner/.m2/repository/commons-lang/commons-lang/2.6/commons-lang-2.6.jar:/home/runner/.m2/repository/org/apache/ranger/ranger-plugins-cred/2.3.0/ranger-plugins-cred-2.3.0.jar:/home/runner/.m2/repository/org/apache/ranger/ranger-plugins-audit/2.3.0/ranger-plugins-audit-2.3.0.jar:/home/runner/.m2/repository/org/eclipse/jetty/jetty-client/9.4.53.v20231009/jetty-client-9.4.53.v20231009.jar:/home/runner/.m2/repository/org/apache/httpcomponents/httpmime/4.5.6/httpmime-4.5.6.jar:/home/runner/.m2/repository/org/apache/httpcomponents/httpcore-nio/4.4.16/httpcore-nio-4.4.16.jar:/home/runner/.m2/repository/org/apache/httpcomponents/httpasyncclient/4.1.3/httpasyncclient-4.1.3.jar:/home/runner/.m2/repository/com/carrotsearch/hppc/0.8.0/hppc-0.8.0.jar:/home/runner/.m2/repository/org/apache/orc/orc-core/1.5.8/orc-core-1.5.8.jar:/home/runner/.m2/repository/net/java/dev/jna/jna/5.2.0/jna-5.2.0.jar:/home/runner/.m2/repository/net/java/dev/jna/jna-platform/5.2.0/jna-platform-5.2.0.jar:/home/runner/.m2/repository/com/kstruct/gethostname4j/0.0.2/gethostname4j-0.0.2.jar:/home/runner/.m2/repository/org/apache/ranger/ranger-plugin-classloader/2.3.0/ranger-plugin-classloader-2.3.0.jar:/home/runner/.m2/repository/org/apache/ozone/hdds-rocks-native/1.5.0-SNAPSHOT/hdds-rocks-native-1.5.0-SNAPSHOT.jar:/home/runner/.m2/repository/org/apache/hadoop/hadoop-minikdc/3.3.6/hadoop-minikdc-3.3.6.jar:/home/runner/.m2/repository/org/apache/kerby/kerb-simplekdc/1.0.1/kerb-simplekdc-1.0.1.jar:/home/runner/.m2/repository/org/apache/kerby/kerb-client/1.0.1/kerb-client-1.0.1.jar:/home/runner/.m2/repository/org/apache/kerby/kerby-config/1.0.1/kerby-config-1.0.1.jar:/home/runner/.m2/repository/org/apache/kerby/kerb-common/1.0.1/kerb-common-1.0.1.jar:/home/runner/.m2/repository/org/apache/kerby/kerb-crypto/1.0.1/kerb-crypto-1.0.1.jar:/home/runner/.m2/repository/org/apache/kerby/kerb-util/1.0.1/kerb-util-1.0.1.jar:/home/runner/.m2/repository/org/apache/kerby/token-provider/1.0.1/token-provider-1.0.1.jar:/home/runner/.m2/repository/org/apache/kerby/kerb-admin/1.0.1/kerb-admin-1.0.1.jar:/home/runner/.m2/repository/org/apache/kerby/kerb-server/1.0.1/kerb-server-1.0.1.jar:/home/runner/.m2/repository/org/apache/kerby/kerb-identity/1.0.1/kerb-identity-1.0.1.jar:/home/runner/.m2/repository/org/apache/kerby/kerby-xdr/1.0.1/kerby-xdr-1.0.1.jar:/home/runner/.m2/repository/junit/junit/4.13.2/junit-4.13.2.jar:/home/runner/.m2/repository/org/hamcrest/hamcrest-core/1.3/hamcrest-core-1.3.jar:/home/runner/.m2/repository/org/apache/ozone/ozone-s3gateway/1.5.0-SNAPSHOT/ozone-s3gateway-1.5.0-SNAPSHOT.jar:/home/runner/.m2/repository/org/javassist/javassist/3.21.0-GA/javassist-3.21.0-GA.jar:/home/runner/.m2/repository/org/jboss/weld/servlet/weld-servlet-shaded/3.1.9.Final/weld-servlet-shaded-3.1.9.Final.jar:/home/runner/.m2/repository/org/glassfish/jersey/containers/jersey-container-servlet-core/2.41/jersey-container-servlet-core-2.41.jar:/home/runner/.m2/repository/org/glassfish/hk2/external/jakarta.inject/2.6.1/jakarta.inject-2.6.1.jar:/home/runner/.m2/repository/org/glassfish/jersey/core/jersey-common/2.41/jersey-common-2.41.jar:/home/runner/.m2/repository/jakarta/ws/rs/jakarta.ws.rs-api/2.1.6/jakarta.ws.rs-api-2.1.6.jar:/home/runner/.m2/repository/org/glassfish/jersey/ext/cdi/jersey-cdi1x/2.41/jersey-cdi1x-2.41.jar:/home/runner/.m2/repository/org/glassfish/jersey/inject/jersey-hk2/2.41/jersey-hk2-2.41.jar:/home/runner/.m2/repository/org/glassfish/hk2/hk2-locator/2.6.1/hk2-locator-2.6.1.jar:/home/runner/.m2/repository/org/glassfish/jersey/media/jersey-media-jaxb/2.41/jersey-media-jaxb-2.41.jar:/home/runner/.m2/repository/org/glassfish/hk2/osgi-resource-locator/1.0.3/osgi-resource-locator-1.0.3.jar:/home/runner/.m2/repository/org/glassfish/hk2/hk2-api/2.6.1/hk2-api-2.6.1.jar:/home/runner/.m2/repository/org/glassfish/hk2/hk2-utils/2.6.1/hk2-utils-2.6.1.jar:/home/runner/.m2/repository/org/glassfish/hk2/external/aopalliance-repackaged/2.6.1/aopalliance-repackaged-2.6.1.jar:/home/runner/.m2/repository/com/fasterxml/jackson/dataformat/jackson-dataformat-xml/2.13.4/jackson-dataformat-xml-2.13.4.jar:/home/runner/.m2/repository/org/codehaus/woodstox/stax2-api/4.2.2/stax2-api-4.2.2.jar:/home/runner/.m2/repository/com/fasterxml/woodstox/woodstox-core/5.4.0/woodstox-core-5.4.0.jar:/home/runner/.m2/repository/com/fasterxml/jackson/module/jackson-module-jaxb-annotations/2.13.4/jackson-module-jaxb-annotations-2.13.4.jar:/home/runner/.m2/repository/javax/enterprise/cdi-api/2.0/cdi-api-2.0.jar:/home/runner/.m2/repository/javax/el/javax.el-api/3.0.0/javax.el-api-3.0.0.jar:/home/runner/.m2/repository/javax/interceptor/javax.interceptor-api/1.2/javax.interceptor-api-1.2.jar:/home/runner/.m2/repository/javax/inject/javax.inject/1/javax.inject-1.jar:/home/runner/.m2/repository/jakarta/xml/bind/jakarta.xml.bind-api/2.3.3/jakarta.xml.bind-api-2.3.3.jar:/home/runner/.m2/repository/org/glassfish/jaxb/jaxb-runtime/2.3.9/jaxb-runtime-2.3.9.jar:/home/runner/.m2/repository/org/glassfish/jaxb/txw2/2.3.9/txw2-2.3.9.jar:/home/runner/.m2/repository/com/sun/istack/istack-commons-runtime/3.0.12/istack-commons-runtime-3.0.12.jar:/home/runner/.m2/repository/com/sun/activation/jakarta.activation/1.2.2/jakarta.activation-1.2.2.jar:/home/runner/.m2/repository/jakarta/activation/jakarta.activation-api/1.2.2/jakarta.activation-api-1.2.2.jar:/home/runner/.m2/repository/io/grpc/grpc-protobuf/1.58.0/grpc-protobuf-1.58.0.jar:/home/runner/.m2/repository/com/google/api/grpc/proto-google-common-protos/2.22.0/proto-google-common-protos-2.22.0.jar:/home/runner/.m2/repository/io/grpc/grpc-protobuf-lite/1.58.0/grpc-protobuf-lite-1.58.0.jar:/home/runner/.m2/repository/io/grpc/grpc-stub/1.58.0/grpc-stub-1.58.0.jar:/home/runner/.m2/repository/io/netty/netty-transport/4.1.100.Final/netty-transport-4.1.100.Final.jar:/home/runner/.m2/repository/io/netty/netty-resolver/4.1.100.Final/netty-resolver-4.1.100.Final.jar:/home/runner/.m2/repository/org/apache/ozone/ozone-csi/1.5.0-SNAPSHOT/ozone-csi-1.5.0-SNAPSHOT.jar:/home/runner/.m2/repository/com/google/protobuf/protobuf-java-util/3.19.6/protobuf-java-util-3.19.6.jar:/home/runner/.m2/repository/com/google/code/gson/gson/2.9.0/gson-2.9.0.jar:/home/runner/.m2/repository/org/apache/ozone/hdds-config/1.5.0-SNAPSHOT/hdds-config-1.5.0-SNAPSHOT.jar:/home/runner/.m2/repository/io/netty/netty-transport-native-epoll/4.1.100.Final/netty-transport-native-epoll-4.1.100.Final-linux-x86_64.jar:/home/runner/.m2/repository/io/netty/netty-transport-classes-epoll/4.1.100.Final/netty-transport-classes-epoll-4.1.100.Final.jar:/home/runner/.m2/repository/io/netty/netty-transport-native-unix-common/4.1.100.Final/netty-transport-native-unix-common-4.1.100.Final.jar:/home/runner/.m2/repository/org/apache/ozone/ozone-recon/1.5.0-SNAPSHOT/ozone-recon-1.5.0-SNAPSHOT.jar:/home/runner/.m2/repository/org/apache/ozone/ozone-reconcodegen/1.5.0-SNAPSHOT/ozone-reconcodegen-1.5.0-SNAPSHOT.jar:/home/runner/.m2/repository/com/google/inject/guice/6.0.0/guice-6.0.0.jar:/home/runner/.m2/repository/jakarta/inject/jakarta.inject-api/2.0.1/jakarta.inject-api-2.0.1.jar:/home/runner/.m2/repository/aopalliance/aopalliance/1.0/aopalliance-1.0.jar:/home/runner/.m2/repository/com/google/inject/extensions/guice-assistedinject/6.0.0/guice-assistedinject-6.0.0.jar:/home/runner/.m2/repository/com/google/inject/extensions/guice-servlet/6.0.0/guice-servlet-6.0.0.jar:/home/runner/.m2/repository/org/glassfish/jersey/containers/jersey-container-servlet/2.41/jersey-container-servlet-2.41.jar:/home/runner/.m2/repository/org/glassfish/hk2/guice-bridge/2.6.1/guice-bridge-2.6.1.jar:/home/runner/.m2/repository/org/glassfish/jersey/core/jersey-server/2.41/jersey-server-2.41.jar:/home/runner/.m2/repository/org/glassfish/jersey/core/jersey-client/2.41/jersey-client-2.41.jar:/home/runner/.m2/repository/jakarta/validation/jakarta.validation-api/2.0.2/jakarta.validation-api-2.0.2.jar:/home/runner/.m2/repository/org/glassfish/jersey/media/jersey-media-json-jackson/2.41/jersey-media-json-jackson-2.41.jar:/home/runner/.m2/repository/org/glassfish/jersey/ext/jersey-entity-filtering/2.41/jersey-entity-filtering-2.41.jar:/home/runner/.m2/repository/org/jooq/jooq/3.11.10/jooq-3.11.10.jar:/home/runner/.m2/repository/org/jooq/jooq-meta/3.11.10/jooq-meta-3.11.10.jar:/home/runner/.m2/repository/org/jooq/jooq-codegen/3.11.10/jooq-codegen-3.11.10.jar:/home/runner/.m2/repository/com/jolbox/bonecp/0.8.0.RELEASE/bonecp-0.8.0.RELEASE.jar:/home/runner/.m2/repository/org/apache/derby/derby/10.14.2.0/derby-10.14.2.0.jar:/home/runner/.m2/repository/org/xerial/sqlite-jdbc/3.44.1.0/sqlite-jdbc-3.44.1.0.jar:/home/runner/.m2/repository/org/springframework/spring-jdbc/5.3.27/spring-jdbc-5.3.27.jar:/home/runner/.m2/repository/org/springframework/spring-beans/5.3.27/spring-beans-5.3.27.jar:/home/runner/.m2/repository/org/springframework/spring-core/5.3.27/spring-core-5.3.27.jar:/home/runner/.m2/repository/org/springframework/spring-tx/5.3.27/spring-tx-5.3.27.jar:/home/runner/.m2/repository/org/apache/ozone/ozone-client/1.5.0-SNAPSHOT/ozone-client-1.5.0-SNAPSHOT.jar:/home/runner/.m2/repository/org/apache/ozone/hdds-erasurecode/1.5.0-SNAPSHOT/hdds-erasurecode-1.5.0-SNAPSHOT.jar:/home/runner/.m2/repository/org/apache/ozone/ozone-filesystem/1.5.0-SNAPSHOT/ozone-filesystem-1.5.0-SNAPSHOT.jar:/home/runner/.m2/repository/org/apache/ozone/ozone-filesystem-common/1.5.0-SNAPSHOT/ozone-filesystem-common-1.5.0-SNAPSHOT.jar:/home/runner/.m2/repository/org/apache/ozone/ozone-tools/1.5.0-SNAPSHOT/ozone-tools-1.5.0-SNAPSHOT.jar:/home/runner/.m2/repository/com/amazonaws/aws-java-sdk-core/1.12.661/aws-java-sdk-core-1.12.661.jar:/home/runner/.m2/repository/org/apache/httpcomponents/httpclient/4.5.13/httpclient-4.5.13.jar:/home/runner/.m2/repository/org/apache/httpcomponents/httpcore/4.4.16/httpcore-4.4.16.jar:/home/runner/.m2/repository/com/fasterxml/jackson/dataformat/jackson-dataformat-cbor/2.13.4/jackson-dataformat-cbor-2.13.4.jar:/home/runner/.m2/repository/joda-time/joda-time/2.12.7/joda-time-2.12.7.jar:/home/runner/.m2/repository/com/amazonaws/aws-java-sdk-s3/1.12.661/aws-java-sdk-s3-1.12.661.jar:/home/runner/.m2/repository/com/amazonaws/aws-java-sdk-kms/1.12.661/aws-java-sdk-kms-1.12.661.jar:/home/runner/.m2/repository/com/amazonaws/jmespath-java/1.12.661/jmespath-java-1.12.661.jar:/home/runner/.m2/repository/org/kohsuke/metainf-services/metainf-services/1.8/metainf-services-1.8.jar:/home/runner/.m2/repository/org/apache/ozone/hdds-tools/1.5.0-SNAPSHOT/hdds-tools-1.5.0-SNAPSHOT.jar:/home/runner/.m2/repository/org/apache/ratis/ratis-tools/3.0.1/ratis-tools-3.0.1.jar:/home/runner/.m2/repository/commons-cli/commons-cli/1.6.0/commons-cli-1.6.0.jar:/home/runner/.m2/repository/org/apache/commons/commons-lang3/3.14.0/commons-lang3-3.14.0.jar:/home/runner/.m2/repository/org/apache/ozone/ozone-manager/1.5.0-SNAPSHOT/ozone-manager-1.5.0-SNAPSHOT-tests.jar:/home/runner/.m2/repository/org/apache/ozone/hdds-common/1.5.0-SNAPSHOT/hdds-common-1.5.0-SNAPSHOT-tests.jar:/home/runner/.m2/repository/org/apache/ozone/hdds-hadoop-dependency-client/1.5.0-SNAPSHOT/hdds-hadoop-dependency-client-1.5.0-SNAPSHOT.jar:/home/runner/.m2/repository/info/picocli/picocli/4.7.5/picocli-4.7.5.jar:/home/runner/.m2/repository/com/fasterxml/jackson/core/jackson-annotations/2.13.4/jackson-annotations-2.13.4.jar:/home/runner/.m2/repository/org/apache/ozone/hdds-annotation-processing/1.5.0-SNAPSHOT/hdds-annotation-processing-1.5.0-SNAPSHOT.jar:/home/runner/.m2/repository/javax/annotation/javax.annotation-api/1.3.2/javax.annotation-api-1.3.2.jar:/home/runner/.m2/repository/org/apache/ratis/ratis-netty/3.0.1/ratis-netty-3.0.1.jar:/home/runner/.m2/repository/org/apache/ratis/ratis-grpc/3.0.1/ratis-grpc-3.0.1.jar:/home/runner/.m2/repository/org/apache/commons/commons-pool2/2.6.0/commons-pool2-2.6.0.jar:/home/runner/.m2/repository/org/bouncycastle/bcpkix-jdk18on/1.77/bcpkix-jdk18on-1.77.jar:/home/runner/.m2/repository/org/bouncycastle/bcutil-jdk18on/1.77/bcutil-jdk18on-1.77.jar:/home/runner/.m2/repository/commons-validator/commons-validator/1.6/commons-validator-1.6.jar:/home/runner/.m2/repository/commons-beanutils/commons-beanutils/1.9.4/commons-beanutils-1.9.4.jar:/home/runner/.m2/repository/commons-digester/commons-digester/1.8.1/commons-digester-1.8.1.jar:/home/runner/.m2/repository/commons-collections/commons-collections/3.2.2/commons-collections-3.2.2.jar:/home/runner/.m2/repository/io/jaegertracing/jaeger-client/1.8.1/jaeger-client-1.8.1.jar:/home/runner/.m2/repository/io/jaegertracing/jaeger-thrift/1.8.1/jaeger-thrift-1.8.1.jar:/home/runner/.m2/repository/org/apache/thrift/libthrift/0.15.0/libthrift-0.15.0.jar:/home/runner/.m2/repository/io/jaegertracing/jaeger-core/1.8.1/jaeger-core-1.8.1.jar:/home/runner/.m2/repository/io/jaegertracing/jaeger-tracerresolver/1.8.1/jaeger-tracerresolver-1.8.1.jar:/home/runner/.m2/repository/io/opentracing/contrib/opentracing-tracerresolver/0.1.8/opentracing-tracerresolver-0.1.8.jar:/home/runner/.m2/repository/org/jetbrains/kotlin/kotlin-stdlib/1.9.22/kotlin-stdlib-1.9.22.jar:/home/runner/.m2/repository/org/jetbrains/annotations/13.0/annotations-13.0.jar:/home/runner/.m2/repository/io/opentracing/opentracing-util/0.33.0/opentracing-util-0.33.0.jar:/home/runner/.m2/repository/io/opentracing/opentracing-api/0.33.0/opentracing-api-0.33.0.jar:/home/runner/.m2/repository/io/opentracing/opentracing-noop/0.33.0/opentracing-noop-0.33.0.jar:/home/runner/.m2/repository/org/yaml/snakeyaml/2.0/snakeyaml-2.0.jar:/home/runner/.m2/repository/io/grpc/grpc-api/1.58.0/grpc-api-1.58.0.jar:/home/runner/.m2/repository/org/junit/jupiter/junit-jupiter-engine/5.10.1/junit-jupiter-engine-5.10.1.jar:/home/runner/.m2/repository/org/junit/platform/junit-platform-engine/1.10.1/junit-platform-engine-1.10.1.jar:/home/runner/.m2/repository/org/apiguardian/apiguardian-api/1.1.2/apiguardian-api-1.1.2.jar:/home/runner/.m2/repository/org/junit/platform/junit-platform-launcher/1.10.1/junit-platform-launcher-1.10.1.jar:/home/runner/.m2/repository/org/apache/hadoop/hadoop-kms/3.3.6/hadoop-kms-3.3.6.jar:/home/runner/.m2/repository/org/apache/hadoop/hadoop-auth/3.3.6/hadoop-auth-3.3.6.jar:/home/runner/.m2/repository/com/nimbusds/nimbus-jose-jwt/9.8.1/nimbus-jose-jwt-9.8.1.jar:/home/runner/.m2/repository/com/github/stephenc/jcip/jcip-annotations/1.0-1/jcip-annotations-1.0-1.jar:/home/runner/.m2/repository/org/apache/zookeeper/zookeeper/3.7.2/zookeeper-3.7.2.jar:/home/runner/.m2/repository/org/apache/zookeeper/zookeeper-jute/3.7.2/zookeeper-jute-3.7.2.jar:/home/runner/.m2/repository/org/apache/yetus/audience-annotations/0.12.0/audience-annotations-0.12.0.jar:/home/runner/.m2/repository/org/apache/curator/curator-framework/4.2.0/curator-framework-4.2.0.jar:/home/runner/.m2/repository/org/apache/hadoop/thirdparty/hadoop-shaded-guava/1.1.1/hadoop-shaded-guava-1.1.1.jar:/home/runner/.m2/repository/com/sun/jersey/jersey-core/1.19.4/jersey-core-1.19.4.jar:/home/runner/.m2/repository/javax/ws/rs/jsr311-api/1.1.1/jsr311-api-1.1.1.jar:/home/runner/.m2/repository/com/sun/jersey/jersey-server/1.19.4/jersey-server-1.19.4.jar:/home/runner/.m2/repository/javax/servlet/javax.servlet-api/3.1.0/javax.servlet-api-3.1.0.jar:/home/runner/.m2/repository/org/apache/hadoop/hadoop-common/3.3.6/hadoop-common-3.3.6.jar:/home/runner/.m2/repository/org/apache/commons/commons-math3/3.6.1/commons-math3-3.6.1.jar:/home/runner/.m2/repository/commons-net/commons-net/3.10.0/commons-net-3.10.0.jar:/home/runner/.m2/repository/com/sun/jersey/jersey-servlet/1.19.4/jersey-servlet-1.19.4.jar:/home/runner/.m2/repository/com/github/pjfanning/jersey-json/1.20/jersey-json-1.20.jar:/home/runner/.m2/repository/org/codehaus/jettison/jettison/1.1/jettison-1.1.jar:/home/runner/.m2/repository/com/sun/xml/bind/jaxb-impl/2.2.3-1/jaxb-impl-2.2.3-1.jar:/home/runner/.m2/repository/com/google/re2j/re2j/1.7/re2j-1.7.jar:/home/runner/.m2/repository/com/jcraft/jsch/0.1.54/jsch-0.1.54.jar:/home/runner/.m2/repository/org/apache/curator/curator-client/4.2.0/curator-client-4.2.0.jar:/home/runner/.m2/repository/org/apache/curator/curator-recipes/5.2.0/curator-recipes-5.2.0.jar:/home/runner/.m2/repository/com/google/code/findbugs/jsr305/3.0.2/jsr305-3.0.2.jar:/home/runner/.m2/repository/org/apache/kerby/kerb-core/1.0.1/kerb-core-1.0.1.jar:/home/runner/.m2/repository/org/apache/kerby/kerby-pkix/1.0.1/kerby-pkix-1.0.1.jar:/home/runner/.m2/repository/org/apache/kerby/kerby-asn1/1.0.1/kerby-asn1-1.0.1.jar:/home/runner/.m2/repository/org/apache/kerby/kerby-util/1.0.1/kerby-util-1.0.1.jar:/home/runner/.m2/repository/dnsjava/dnsjava/2.1.7/dnsjava-2.1.7.jar:/home/runner/.m2/repository/org/xerial/snappy/snappy-java/1.1.8.2/snappy-java-1.1.8.2.jar:/home/runner/.m2/repository/com/fasterxml/jackson/core/jackson-databind/2.13.4.2/jackson-databind-2.13.4.2.jar:/home/runner/.m2/repository/org/apache/hadoop/hadoop-kms/3.3.6/hadoop-kms-3.3.6-tests.jar:/home/runner/.m2/repository/org/apache/ozone/hdds-server-scm/1.5.0-SNAPSHOT/hdds-server-scm-1.5.0-SNAPSHOT-tests.jar:/home/runner/.m2/repository/org/apache/ozone/hdds-container-service/1.5.0-SNAPSHOT/hdds-container-service-1.5.0-SNAPSHOT-tests.jar:/home/runner/.m2/repository/com/github/luben/zstd-jni/1.5.2-5/zstd-jni-1.5.2-5.jar:/home/runner/.m2/repository/commons-codec/commons-codec/1.15/commons-codec-1.15.jar:/home/runner/.m2/repository/io/netty/netty-codec/4.1.100.Final/netty-codec-4.1.100.Final.jar:/home/runner/.m2/repository/io/netty/netty-handler/4.1.100.Final/netty-handler-4.1.100.Final.jar:/home/runner/.m2/repository/org/apache/ozone/hdds-hadoop-dependency-test/1.5.0-SNAPSHOT/hdds-hadoop-dependency-test-1.5.0-SNAPSHOT.jar:/home/runner/.m2/repository/org/apache/hadoop/hadoop-common/3.3.6/hadoop-common-3.3.6-tests.jar:/home/runner/.m2/repository/org/apache/hadoop/hadoop-hdfs/3.3.6/hadoop-hdfs-3.3.6-tests.jar:/home/runner/.m2/repository/org/junit/jupiter/junit-jupiter-params/5.10.1/junit-jupiter-params-5.10.1.jar:/home/runner/.m2/repository/org/mockito/mockito-core/4.11.0/mockito-core-4.11.0.jar:/home/runner/.m2/repository/net/bytebuddy/byte-buddy/1.12.19/byte-buddy-1.12.19.jar:/home/runner/.m2/repository/net/bytebuddy/byte-buddy-agent/1.12.19/byte-buddy-agent-1.12.19.jar:/home/runner/.m2/repository/org/objenesis/objenesis/1.0/objenesis-1.0.jar:/home/runner/.m2/repository/org/mockito/mockito-junit-jupiter/4.11.0/mockito-junit-jupiter-4.11.0.jar:/home/runner/.m2/repository/org/apache/hadoop/hadoop-distcp/3.3.6/hadoop-distcp-3.3.6.jar:/home/runner/.m2/repository/org/apache/hadoop/hadoop-mapreduce-client-jobclient/3.3.6/hadoop-mapreduce-client-jobclient-3.3.6.jar:/home/runner/.m2/repository/org/apache/hadoop/hadoop-mapreduce-client-common/3.3.6/hadoop-mapreduce-client-common-3.3.6.jar:/home/runner/.m2/repository/org/apache/hadoop/hadoop-yarn-common/3.3.6/hadoop-yarn-common-3.3.6.jar:/home/runner/.m2/repository/org/apache/hadoop/hadoop-yarn-api/3.3.6/hadoop-yarn-api-3.3.6.jar:/home/runner/.m2/repository/javax/xml/bind/jaxb-api/2.2.11/jaxb-api-2.2.11.jar:/home/runner/.m2/repository/com/sun/jersey/contribs/jersey-guice/1.19.4/jersey-guice-1.19.4.jar:/home/runner/.m2/repository/com/fasterxml/jackson/jaxrs/jackson-jaxrs-json-provider/2.13.4/jackson-jaxrs-json-provider-2.13.4.jar:/home/runner/.m2/repository/com/fasterxml/jackson/jaxrs/jackson-jaxrs-base/2.13.4/jackson-jaxrs-base-2.13.4.jar:/home/runner/.m2/repository/org/apache/hadoop/hadoop-yarn-client/3.3.6/hadoop-yarn-client-3.3.6.jar:/home/runner/.m2/repository/org/eclipse/jetty/websocket/websocket-client/9.4.51.v20230217/websocket-client-9.4.51.v20230217.jar:/home/runner/.m2/repository/org/eclipse/jetty/websocket/websocket-common/9.4.51.v20230217/websocket-common-9.4.51.v20230217.jar:/home/runner/.m2/repository/org/eclipse/jetty/websocket/websocket-api/9.4.51.v20230217/websocket-api-9.4.51.v20230217.jar:/home/runner/.m2/repository/org/jline/jline/3.9.0/jline-3.9.0.jar:/home/runner/.m2/repository/org/apache/hadoop/hadoop-mapreduce-client-core/3.3.6/hadoop-mapreduce-client-core-3.3.6.jar:/home/runner/.m2/repository/org/apache/avro/avro/1.7.7/avro-1.7.7.jar:/home/runner/.m2/repository/com/thoughtworks/paranamer/paranamer/2.3/paranamer-2.3.jar:/home/runner/.m2/repository/org/apache/hadoop/hadoop-annotations/3.3.6/hadoop-annotations-3.3.6.jar:/usr/lib/jvm/temurin-8-jdk-amd64/jre/../lib/tools.jar:/home/runner/.m2/repository/io/netty/netty/3.10.6.Final/netty-3.10.6.Final.jar:/home/runner/.m2/repository/org/apache/hadoop/hadoop-distcp/3.3.6/hadoop-distcp-3.3.6-tests.jar:/home/runner/.m2/repository/org/hamcrest/hamcrest/2.2/hamcrest-2.2.jar:/home/runner/.m2/repository/org/slf4j/jul-to-slf4j/2.0.10/jul-to-slf4j-2.0.10.jar:/home/runner/work/ozone/ozone/hadoop-ozone/integration-test/target/gradle-enterprise/test-listeners.jar:"/>
    <property name="java.vm.vendor" value="Temurin"/>
    <property name="sun.arch.data.model" value="64"/>
    <property name="test.build.dir" value="/home/runner/work/ozone/ozone/hadoop-ozone/integration-test/target/test-dir"/>
    <property name="test.cache.data" value=""/>
    <property name="java.vendor.url" value="https://adoptium.net/"/>
    <property name="user.timezone" value="Etc/UTC"/>
    <property name="maven-surefire-plugin.argLineAccessArgs" value=""/>
    <property name="os.name" value="Linux"/>
    <property name="java.vm.specification.version" value="1.8"/>
    <property name="test.build.data" value="/home/runner/work/ozone/ozone/hadoop-ozone/integration-test/target/test-dir"/>
    <property name="sun.java.launcher" value="SUN_STANDARD"/>
    <property name="sun.boot.library.path" value="/usr/lib/jvm/temurin-8-jdk-amd64/jre/lib/amd64"/>
    <property name="sun.java.command" value="/home/runner/work/ozone/ozone/hadoop-ozone/integration-test/target/surefire/surefirebooter2217666631722260135.jar /home/runner/work/ozone/ozone/hadoop-ozone/integration-test/target/surefire 2024-02-26T08-43-06_769-jvmRun1 surefire8171264823276523722tmp surefire_328971382955285206297tmp"/>
    <property name="native.lib.tmp.dir" value="/tmp"/>
    <property name="surefire.test.class.path" value="/home/runner/work/ozone/ozone/hadoop-ozone/integration-test/target/test-classes:/home/runner/work/ozone/ozone/hadoop-ozone/integration-test/target/classes:/home/runner/.m2/repository/org/apache/ozone/ozone-common/1.5.0-SNAPSHOT/ozone-common-1.5.0-SNAPSHOT.jar:/home/runner/.m2/repository/io/grpc/grpc-netty/1.58.0/grpc-netty-1.58.0.jar:/home/runner/.m2/repository/io/grpc/grpc-core/1.58.0/grpc-core-1.58.0.jar:/home/runner/.m2/repository/com/google/android/annotations/4.1.1.4/annotations-4.1.1.4.jar:/home/runner/.m2/repository/org/codehaus/mojo/animal-sniffer-annotations/1.23/animal-sniffer-annotations-1.23.jar:/home/runner/.m2/repository/io/grpc/grpc-context/1.58.0/grpc-context-1.58.0.jar:/home/runner/.m2/repository/io/grpc/grpc-util/1.58.0/grpc-util-1.58.0.jar:/home/runner/.m2/repository/com/google/errorprone/error_prone_annotations/2.2.0/error_prone_annotations-2.2.0.jar:/home/runner/.m2/repository/io/perfmark/perfmark-api/0.26.0/perfmark-api-0.26.0.jar:/home/runner/.m2/repository/io/netty/netty-codec-http2/4.1.100.Final/netty-codec-http2-4.1.100.Final.jar:/home/runner/.m2/repository/io/netty/netty-common/4.1.100.Final/netty-common-4.1.100.Final.jar:/home/runner/.m2/repository/io/netty/netty-buffer/4.1.100.Final/netty-buffer-4.1.100.Final.jar:/home/runner/.m2/repository/io/netty/netty-codec-http/4.1.100.Final/netty-codec-http-4.1.100.Final.jar:/home/runner/.m2/repository/io/netty/netty-handler-proxy/4.1.100.Final/netty-handler-proxy-4.1.100.Final.jar:/home/runner/.m2/repository/io/netty/netty-codec-socks/4.1.100.Final/netty-codec-socks-4.1.100.Final.jar:/home/runner/.m2/repository/io/netty/netty-tcnative-boringssl-static/2.0.61.Final/netty-tcnative-boringssl-static-2.0.61.Final.jar:/home/runner/.m2/repository/io/netty/netty-tcnative-classes/2.0.61.Final/netty-tcnative-classes-2.0.61.Final.jar:/home/runner/.m2/repository/io/netty/netty-tcnative-boringssl-static/2.0.61.Final/netty-tcnative-boringssl-static-2.0.61.Final-linux-x86_64.jar:/home/runner/.m2/repository/io/netty/netty-tcnative-boringssl-static/2.0.61.Final/netty-tcnative-boringssl-static-2.0.61.Final-linux-aarch_64.jar:/home/runner/.m2/repository/io/netty/netty-tcnative-boringssl-static/2.0.61.Final/netty-tcnative-boringssl-static-2.0.61.Final-osx-x86_64.jar:/home/runner/.m2/repository/io/netty/netty-tcnative-boringssl-static/2.0.61.Final/netty-tcnative-boringssl-static-2.0.61.Final-osx-aarch_64.jar:/home/runner/.m2/repository/io/netty/netty-tcnative-boringssl-static/2.0.61.Final/netty-tcnative-boringssl-static-2.0.61.Final-windows-x86_64.jar:/home/runner/.m2/repository/org/apache/commons/commons-compress/1.26.0/commons-compress-1.26.0.jar:/home/runner/.m2/repository/org/apache/ozone/hdds-common/1.5.0-SNAPSHOT/hdds-common-1.5.0-SNAPSHOT.jar:/home/runner/.m2/repository/org/apache/ozone/hdds-client/1.5.0-SNAPSHOT/hdds-client-1.5.0-SNAPSHOT.jar:/home/runner/.m2/repository/org/apache/ozone/ozone-interface-client/1.5.0-SNAPSHOT/ozone-interface-client-1.5.0-SNAPSHOT.jar:/home/runner/.m2/repository/org/apache/hadoop/hadoop-hdfs-client/3.3.6/hadoop-hdfs-client-3.3.6.jar:/home/runner/.m2/repository/com/squareup/okhttp3/okhttp/4.12.0/okhttp-4.12.0.jar:/home/runner/.m2/repository/com/squareup/okio/okio/3.6.0/okio-3.6.0.jar:/home/runner/.m2/repository/com/squareup/okio/okio-jvm/3.6.0/okio-jvm-3.6.0.jar:/home/runner/.m2/repository/org/jetbrains/kotlin/kotlin-stdlib-jdk8/1.9.22/kotlin-stdlib-jdk8-1.9.22.jar:/home/runner/.m2/repository/org/jetbrains/kotlin/kotlin-stdlib-jdk7/1.9.22/kotlin-stdlib-jdk7-1.9.22.jar:/home/runner/.m2/repository/org/jetbrains/kotlin/kotlin-stdlib-common/1.9.22/kotlin-stdlib-common-1.9.22.jar:/home/runner/.m2/repository/org/apache/ozone/hdds-test-utils/1.5.0-SNAPSHOT/hdds-test-utils-1.5.0-SNAPSHOT.jar:/home/runner/.m2/repository/org/assertj/assertj-core/3.12.2/assertj-core-3.12.2.jar:/home/runner/.m2/repository/com/google/guava/guava/32.0.0-jre/guava-32.0.0-jre.jar:/home/runner/.m2/repository/com/google/guava/failureaccess/1.0.1/failureaccess-1.0.1.jar:/home/runner/.m2/repository/com/google/guava/listenablefuture/9999.0-empty-to-avoid-conflict-with-guava/listenablefuture-9999.0-empty-to-avoid-conflict-with-guava.jar:/home/runner/.m2/repository/org/checkerframework/checker-qual/3.33.0/checker-qual-3.33.0.jar:/home/runner/.m2/repository/com/google/j2objc/j2objc-annotations/2.8/j2objc-annotations-2.8.jar:/home/runner/.m2/repository/commons-io/commons-io/2.15.1/commons-io-2.15.1.jar:/home/runner/.m2/repository/commons-logging/commons-logging/1.2/commons-logging-1.2.jar:/home/runner/.m2/repository/org/junit/jupiter/junit-jupiter-api/5.10.1/junit-jupiter-api-5.10.1.jar:/home/runner/.m2/repository/org/opentest4j/opentest4j/1.3.0/opentest4j-1.3.0.jar:/home/runner/.m2/repository/org/junit/platform/junit-platform-commons/1.10.1/junit-platform-commons-1.10.1.jar:/home/runner/.m2/repository/ch/qos/reload4j/reload4j/1.2.25/reload4j-1.2.25.jar:/home/runner/.m2/repository/jakarta/annotation/jakarta.annotation-api/2.1.1/jakarta.annotation-api-2.1.1.jar:/home/runner/.m2/repository/org/slf4j/slf4j-api/2.0.10/slf4j-api-2.0.10.jar:/home/runner/.m2/repository/org/apache/logging/log4j/log4j-api/2.17.1/log4j-api-2.17.1.jar:/home/runner/.m2/repository/org/apache/ozone/hdds-server-scm/1.5.0-SNAPSHOT/hdds-server-scm-1.5.0-SNAPSHOT.jar:/home/runner/.m2/repository/com/google/protobuf/protobuf-java/2.5.0/protobuf-java-2.5.0.jar:/home/runner/.m2/repository/org/apache/ozone/hdds-container-service/1.5.0-SNAPSHOT/hdds-container-service-1.5.0-SNAPSHOT.jar:/home/runner/.m2/repository/org/apache/ozone/hdds-hadoop-dependency-server/1.5.0-SNAPSHOT/hdds-hadoop-dependency-server-1.5.0-SNAPSHOT.jar:/home/runner/.m2/repository/org/apache/hadoop/hadoop-hdfs/3.3.6/hadoop-hdfs-3.3.6.jar:/home/runner/.m2/repository/commons-daemon/commons-daemon/1.0.13/commons-daemon-1.0.13.jar:/home/runner/.m2/repository/org/apache/ozone/hdds-server-framework/1.5.0-SNAPSHOT/hdds-server-framework-1.5.0-SNAPSHOT.jar:/home/runner/.m2/repository/org/bouncycastle/bcprov-jdk18on/1.77/bcprov-jdk18on-1.77.jar:/home/runner/.m2/repository/io/dropwizard/metrics/metrics-core/3.2.4/metrics-core-3.2.4.jar:/home/runner/.m2/repository/org/apache/commons/commons-text/1.11.0/commons-text-1.11.0.jar:/home/runner/.m2/repository/org/apache/ozone/hdds-server-framework/1.5.0-SNAPSHOT/hdds-server-framework-1.5.0-SNAPSHOT-tests.jar:/home/runner/.m2/repository/org/apache/ozone/hdds-interface-server/1.5.0-SNAPSHOT/hdds-interface-server-1.5.0-SNAPSHOT.jar:/home/runner/.m2/repository/org/apache/ozone/hdds-interface-admin/1.5.0-SNAPSHOT/hdds-interface-admin-1.5.0-SNAPSHOT.jar:/home/runner/.m2/repository/org/apache/ozone/hdds-managed-rocksdb/1.5.0-SNAPSHOT/hdds-managed-rocksdb-1.5.0-SNAPSHOT.jar:/home/runner/.m2/repository/org/rocksdb/rocksdbjni/7.7.3/rocksdbjni-7.7.3.jar:/home/runner/.m2/repository/org/slf4j/slf4j-reload4j/2.0.10/slf4j-reload4j-2.0.10.jar:/home/runner/.m2/repository/org/apache/commons/commons-configuration2/2.8.0/commons-configuration2-2.8.0.jar:/home/runner/.m2/repository/commons-fileupload/commons-fileupload/1.5/commons-fileupload-1.5.jar:/home/runner/.m2/repository/org/apache/logging/log4j/log4j-core/2.17.1/log4j-core-2.17.1.jar:/home/runner/.m2/repository/com/lmax/disruptor/3.4.2/disruptor-3.4.2.jar:/home/runner/.m2/repository/org/eclipse/jetty/jetty-util/9.4.53.v20231009/jetty-util-9.4.53.v20231009.jar:/home/runner/.m2/repository/org/eclipse/jetty/jetty-server/9.4.53.v20231009/jetty-server-9.4.53.v20231009.jar:/home/runner/.m2/repository/org/eclipse/jetty/jetty-http/9.4.53.v20231009/jetty-http-9.4.53.v20231009.jar:/home/runner/.m2/repository/org/eclipse/jetty/jetty-io/9.4.53.v20231009/jetty-io-9.4.53.v20231009.jar:/home/runner/.m2/repository/org/eclipse/jetty/jetty-servlet/9.4.53.v20231009/jetty-servlet-9.4.53.v20231009.jar:/home/runner/.m2/repository/org/eclipse/jetty/jetty-security/9.4.53.v20231009/jetty-security-9.4.53.v20231009.jar:/home/runner/.m2/repository/org/eclipse/jetty/jetty-util-ajax/9.4.53.v20231009/jetty-util-ajax-9.4.53.v20231009.jar:/home/runner/.m2/repository/org/eclipse/jetty/jetty-webapp/9.4.53.v20231009/jetty-webapp-9.4.53.v20231009.jar:/home/runner/.m2/repository/org/eclipse/jetty/jetty-xml/9.4.53.v20231009/jetty-xml-9.4.53.v20231009.jar:/home/runner/.m2/repository/org/apache/ratis/ratis-server/3.0.1/ratis-server-3.0.1.jar:/home/runner/.m2/repository/org/apache/ratis/ratis-thirdparty-misc/1.0.5/ratis-thirdparty-misc-1.0.5.jar:/home/runner/.m2/repository/org/apache/ratis/ratis-proto/3.0.1/ratis-proto-3.0.1.jar:/home/runner/.m2/repository/org/apache/ratis/ratis-common/3.0.1/ratis-common-3.0.1.jar:/home/runner/.m2/repository/org/apache/ratis/ratis-client/3.0.1/ratis-client-3.0.1.jar:/home/runner/.m2/repository/org/apache/ratis/ratis-server-api/3.0.1/ratis-server-api-3.0.1.jar:/home/runner/.m2/repository/org/apache/ratis/ratis-metrics-api/3.0.1/ratis-metrics-api-3.0.1.jar:/home/runner/.m2/repository/org/apache/ratis/ratis-metrics-dropwizard3/3.0.1/ratis-metrics-dropwizard3-3.0.1.jar:/home/runner/.m2/repository/io/prometheus/simpleclient_dropwizard/0.16.0/simpleclient_dropwizard-0.16.0.jar:/home/runner/.m2/repository/io/prometheus/simpleclient/0.16.0/simpleclient-0.16.0.jar:/home/runner/.m2/repository/io/prometheus/simpleclient_common/0.16.0/simpleclient_common-0.16.0.jar:/home/runner/.m2/repository/com/fasterxml/jackson/datatype/jackson-datatype-jsr310/2.13.4/jackson-datatype-jsr310-2.13.4.jar:/home/runner/.m2/repository/com/fasterxml/jackson/core/jackson-core/2.13.4/jackson-core-2.13.4.jar:/home/runner/.m2/repository/org/apache/ozone/rocksdb-checkpoint-differ/1.5.0-SNAPSHOT/rocksdb-checkpoint-differ-1.5.0-SNAPSHOT.jar:/home/runner/.m2/repository/org/jgrapht/jgrapht-core/1.0.1/jgrapht-core-1.0.1.jar:/home/runner/.m2/repository/org/jgrapht/jgrapht-ext/1.0.1/jgrapht-ext-1.0.1.jar:/home/runner/.m2/repository/org/tinyjee/jgraphx/jgraphx/2.0.0.1/jgraphx-2.0.0.1.jar:/home/runner/.m2/repository/jgraph/jgraph/5.13.0.0/jgraph-5.13.0.0.jar:/home/runner/.m2/repository/org/antlr/antlr4-runtime/4.5.3/antlr4-runtime-4.5.3.jar:/home/runner/.m2/repository/org/apache/ozone/ozone-manager/1.5.0-SNAPSHOT/ozone-manager-1.5.0-SNAPSHOT.jar:/home/runner/.m2/repository/org/aspectj/aspectjrt/1.9.7/aspectjrt-1.9.7.jar:/home/runner/.m2/repository/org/aspectj/aspectjweaver/1.9.7/aspectjweaver-1.9.7.jar:/home/runner/.m2/repository/org/apache/ozone/hdds-interface-client/1.5.0-SNAPSHOT/hdds-interface-client-1.5.0-SNAPSHOT.jar:/home/runner/.m2/repository/org/apache/hadoop/thirdparty/hadoop-shaded-protobuf_3_7/1.1.1/hadoop-shaded-protobuf_3_7-1.1.1.jar:/home/runner/.m2/repository/org/apache/ozone/ozone-interface-storage/1.5.0-SNAPSHOT/ozone-interface-storage-1.5.0-SNAPSHOT.jar:/home/runner/.m2/repository/org/reflections/reflections/0.9.11/reflections-0.9.11.jar:/home/runner/.m2/repository/com/sun/jersey/jersey-client/1.19.4/jersey-client-1.19.4.jar:/home/runner/.m2/repository/org/codehaus/jackson/jackson-core-asl/1.9.13/jackson-core-asl-1.9.13.jar:/home/runner/.m2/repository/org/codehaus/jackson/jackson-mapper-asl/1.9.13/jackson-mapper-asl-1.9.13.jar:/home/runner/.m2/repository/org/codehaus/jackson/jackson-jaxrs/1.9.13/jackson-jaxrs-1.9.13.jar:/home/runner/.m2/repository/org/apache/ranger/ranger-intg/2.3.0/ranger-intg-2.3.0.jar:/home/runner/.m2/repository/org/apache/ranger/ranger-plugins-common/2.3.0/ranger-plugins-common-2.3.0.jar:/home/runner/.m2/repository/commons-lang/commons-lang/2.6/commons-lang-2.6.jar:/home/runner/.m2/repository/org/apache/ranger/ranger-plugins-cred/2.3.0/ranger-plugins-cred-2.3.0.jar:/home/runner/.m2/repository/org/apache/ranger/ranger-plugins-audit/2.3.0/ranger-plugins-audit-2.3.0.jar:/home/runner/.m2/repository/org/eclipse/jetty/jetty-client/9.4.53.v20231009/jetty-client-9.4.53.v20231009.jar:/home/runner/.m2/repository/org/apache/httpcomponents/httpmime/4.5.6/httpmime-4.5.6.jar:/home/runner/.m2/repository/org/apache/httpcomponents/httpcore-nio/4.4.16/httpcore-nio-4.4.16.jar:/home/runner/.m2/repository/org/apache/httpcomponents/httpasyncclient/4.1.3/httpasyncclient-4.1.3.jar:/home/runner/.m2/repository/com/carrotsearch/hppc/0.8.0/hppc-0.8.0.jar:/home/runner/.m2/repository/org/apache/orc/orc-core/1.5.8/orc-core-1.5.8.jar:/home/runner/.m2/repository/net/java/dev/jna/jna/5.2.0/jna-5.2.0.jar:/home/runner/.m2/repository/net/java/dev/jna/jna-platform/5.2.0/jna-platform-5.2.0.jar:/home/runner/.m2/repository/com/kstruct/gethostname4j/0.0.2/gethostname4j-0.0.2.jar:/home/runner/.m2/repository/org/apache/ranger/ranger-plugin-classloader/2.3.0/ranger-plugin-classloader-2.3.0.jar:/home/runner/.m2/repository/org/apache/ozone/hdds-rocks-native/1.5.0-SNAPSHOT/hdds-rocks-native-1.5.0-SNAPSHOT.jar:/home/runner/.m2/repository/org/apache/hadoop/hadoop-minikdc/3.3.6/hadoop-minikdc-3.3.6.jar:/home/runner/.m2/repository/org/apache/kerby/kerb-simplekdc/1.0.1/kerb-simplekdc-1.0.1.jar:/home/runner/.m2/repository/org/apache/kerby/kerb-client/1.0.1/kerb-client-1.0.1.jar:/home/runner/.m2/repository/org/apache/kerby/kerby-config/1.0.1/kerby-config-1.0.1.jar:/home/runner/.m2/repository/org/apache/kerby/kerb-common/1.0.1/kerb-common-1.0.1.jar:/home/runner/.m2/repository/org/apache/kerby/kerb-crypto/1.0.1/kerb-crypto-1.0.1.jar:/home/runner/.m2/repository/org/apache/kerby/kerb-util/1.0.1/kerb-util-1.0.1.jar:/home/runner/.m2/repository/org/apache/kerby/token-provider/1.0.1/token-provider-1.0.1.jar:/home/runner/.m2/repository/org/apache/kerby/kerb-admin/1.0.1/kerb-admin-1.0.1.jar:/home/runner/.m2/repository/org/apache/kerby/kerb-server/1.0.1/kerb-server-1.0.1.jar:/home/runner/.m2/repository/org/apache/kerby/kerb-identity/1.0.1/kerb-identity-1.0.1.jar:/home/runner/.m2/repository/org/apache/kerby/kerby-xdr/1.0.1/kerby-xdr-1.0.1.jar:/home/runner/.m2/repository/junit/junit/4.13.2/junit-4.13.2.jar:/home/runner/.m2/repository/org/hamcrest/hamcrest-core/1.3/hamcrest-core-1.3.jar:/home/runner/.m2/repository/org/apache/ozone/ozone-s3gateway/1.5.0-SNAPSHOT/ozone-s3gateway-1.5.0-SNAPSHOT.jar:/home/runner/.m2/repository/org/javassist/javassist/3.21.0-GA/javassist-3.21.0-GA.jar:/home/runner/.m2/repository/org/jboss/weld/servlet/weld-servlet-shaded/3.1.9.Final/weld-servlet-shaded-3.1.9.Final.jar:/home/runner/.m2/repository/org/glassfish/jersey/containers/jersey-container-servlet-core/2.41/jersey-container-servlet-core-2.41.jar:/home/runner/.m2/repository/org/glassfish/hk2/external/jakarta.inject/2.6.1/jakarta.inject-2.6.1.jar:/home/runner/.m2/repository/org/glassfish/jersey/core/jersey-common/2.41/jersey-common-2.41.jar:/home/runner/.m2/repository/jakarta/ws/rs/jakarta.ws.rs-api/2.1.6/jakarta.ws.rs-api-2.1.6.jar:/home/runner/.m2/repository/org/glassfish/jersey/ext/cdi/jersey-cdi1x/2.41/jersey-cdi1x-2.41.jar:/home/runner/.m2/repository/org/glassfish/jersey/inject/jersey-hk2/2.41/jersey-hk2-2.41.jar:/home/runner/.m2/repository/org/glassfish/hk2/hk2-locator/2.6.1/hk2-locator-2.6.1.jar:/home/runner/.m2/repository/org/glassfish/jersey/media/jersey-media-jaxb/2.41/jersey-media-jaxb-2.41.jar:/home/runner/.m2/repository/org/glassfish/hk2/osgi-resource-locator/1.0.3/osgi-resource-locator-1.0.3.jar:/home/runner/.m2/repository/org/glassfish/hk2/hk2-api/2.6.1/hk2-api-2.6.1.jar:/home/runner/.m2/repository/org/glassfish/hk2/hk2-utils/2.6.1/hk2-utils-2.6.1.jar:/home/runner/.m2/repository/org/glassfish/hk2/external/aopalliance-repackaged/2.6.1/aopalliance-repackaged-2.6.1.jar:/home/runner/.m2/repository/com/fasterxml/jackson/dataformat/jackson-dataformat-xml/2.13.4/jackson-dataformat-xml-2.13.4.jar:/home/runner/.m2/repository/org/codehaus/woodstox/stax2-api/4.2.2/stax2-api-4.2.2.jar:/home/runner/.m2/repository/com/fasterxml/woodstox/woodstox-core/5.4.0/woodstox-core-5.4.0.jar:/home/runner/.m2/repository/com/fasterxml/jackson/module/jackson-module-jaxb-annotations/2.13.4/jackson-module-jaxb-annotations-2.13.4.jar:/home/runner/.m2/repository/javax/enterprise/cdi-api/2.0/cdi-api-2.0.jar:/home/runner/.m2/repository/javax/el/javax.el-api/3.0.0/javax.el-api-3.0.0.jar:/home/runner/.m2/repository/javax/interceptor/javax.interceptor-api/1.2/javax.interceptor-api-1.2.jar:/home/runner/.m2/repository/javax/inject/javax.inject/1/javax.inject-1.jar:/home/runner/.m2/repository/jakarta/xml/bind/jakarta.xml.bind-api/2.3.3/jakarta.xml.bind-api-2.3.3.jar:/home/runner/.m2/repository/org/glassfish/jaxb/jaxb-runtime/2.3.9/jaxb-runtime-2.3.9.jar:/home/runner/.m2/repository/org/glassfish/jaxb/txw2/2.3.9/txw2-2.3.9.jar:/home/runner/.m2/repository/com/sun/istack/istack-commons-runtime/3.0.12/istack-commons-runtime-3.0.12.jar:/home/runner/.m2/repository/com/sun/activation/jakarta.activation/1.2.2/jakarta.activation-1.2.2.jar:/home/runner/.m2/repository/jakarta/activation/jakarta.activation-api/1.2.2/jakarta.activation-api-1.2.2.jar:/home/runner/.m2/repository/io/grpc/grpc-protobuf/1.58.0/grpc-protobuf-1.58.0.jar:/home/runner/.m2/repository/com/google/api/grpc/proto-google-common-protos/2.22.0/proto-google-common-protos-2.22.0.jar:/home/runner/.m2/repository/io/grpc/grpc-protobuf-lite/1.58.0/grpc-protobuf-lite-1.58.0.jar:/home/runner/.m2/repository/io/grpc/grpc-stub/1.58.0/grpc-stub-1.58.0.jar:/home/runner/.m2/repository/io/netty/netty-transport/4.1.100.Final/netty-transport-4.1.100.Final.jar:/home/runner/.m2/repository/io/netty/netty-resolver/4.1.100.Final/netty-resolver-4.1.100.Final.jar:/home/runner/.m2/repository/org/apache/ozone/ozone-csi/1.5.0-SNAPSHOT/ozone-csi-1.5.0-SNAPSHOT.jar:/home/runner/.m2/repository/com/google/protobuf/protobuf-java-util/3.19.6/protobuf-java-util-3.19.6.jar:/home/runner/.m2/repository/com/google/code/gson/gson/2.9.0/gson-2.9.0.jar:/home/runner/.m2/repository/org/apache/ozone/hdds-config/1.5.0-SNAPSHOT/hdds-config-1.5.0-SNAPSHOT.jar:/home/runner/.m2/repository/io/netty/netty-transport-native-epoll/4.1.100.Final/netty-transport-native-epoll-4.1.100.Final-linux-x86_64.jar:/home/runner/.m2/repository/io/netty/netty-transport-classes-epoll/4.1.100.Final/netty-transport-classes-epoll-4.1.100.Final.jar:/home/runner/.m2/repository/io/netty/netty-transport-native-unix-common/4.1.100.Final/netty-transport-native-unix-common-4.1.100.Final.jar:/home/runner/.m2/repository/org/apache/ozone/ozone-recon/1.5.0-SNAPSHOT/ozone-recon-1.5.0-SNAPSHOT.jar:/home/runner/.m2/repository/org/apache/ozone/ozone-reconcodegen/1.5.0-SNAPSHOT/ozone-reconcodegen-1.5.0-SNAPSHOT.jar:/home/runner/.m2/repository/com/google/inject/guice/6.0.0/guice-6.0.0.jar:/home/runner/.m2/repository/jakarta/inject/jakarta.inject-api/2.0.1/jakarta.inject-api-2.0.1.jar:/home/runner/.m2/repository/aopalliance/aopalliance/1.0/aopalliance-1.0.jar:/home/runner/.m2/repository/com/google/inject/extensions/guice-assistedinject/6.0.0/guice-assistedinject-6.0.0.jar:/home/runner/.m2/repository/com/google/inject/extensions/guice-servlet/6.0.0/guice-servlet-6.0.0.jar:/home/runner/.m2/repository/org/glassfish/jersey/containers/jersey-container-servlet/2.41/jersey-container-servlet-2.41.jar:/home/runner/.m2/repository/org/glassfish/hk2/guice-bridge/2.6.1/guice-bridge-2.6.1.jar:/home/runner/.m2/repository/org/glassfish/jersey/core/jersey-server/2.41/jersey-server-2.41.jar:/home/runner/.m2/repository/org/glassfish/jersey/core/jersey-client/2.41/jersey-client-2.41.jar:/home/runner/.m2/repository/jakarta/validation/jakarta.validation-api/2.0.2/jakarta.validation-api-2.0.2.jar:/home/runner/.m2/repository/org/glassfish/jersey/media/jersey-media-json-jackson/2.41/jersey-media-json-jackson-2.41.jar:/home/runner/.m2/repository/org/glassfish/jersey/ext/jersey-entity-filtering/2.41/jersey-entity-filtering-2.41.jar:/home/runner/.m2/repository/org/jooq/jooq/3.11.10/jooq-3.11.10.jar:/home/runner/.m2/repository/org/jooq/jooq-meta/3.11.10/jooq-meta-3.11.10.jar:/home/runner/.m2/repository/org/jooq/jooq-codegen/3.11.10/jooq-codegen-3.11.10.jar:/home/runner/.m2/repository/com/jolbox/bonecp/0.8.0.RELEASE/bonecp-0.8.0.RELEASE.jar:/home/runner/.m2/repository/org/apache/derby/derby/10.14.2.0/derby-10.14.2.0.jar:/home/runner/.m2/repository/org/xerial/sqlite-jdbc/3.44.1.0/sqlite-jdbc-3.44.1.0.jar:/home/runner/.m2/repository/org/springframework/spring-jdbc/5.3.27/spring-jdbc-5.3.27.jar:/home/runner/.m2/repository/org/springframework/spring-beans/5.3.27/spring-beans-5.3.27.jar:/home/runner/.m2/repository/org/springframework/spring-core/5.3.27/spring-core-5.3.27.jar:/home/runner/.m2/repository/org/springframework/spring-tx/5.3.27/spring-tx-5.3.27.jar:/home/runner/.m2/repository/org/apache/ozone/ozone-client/1.5.0-SNAPSHOT/ozone-client-1.5.0-SNAPSHOT.jar:/home/runner/.m2/repository/org/apache/ozone/hdds-erasurecode/1.5.0-SNAPSHOT/hdds-erasurecode-1.5.0-SNAPSHOT.jar:/home/runner/.m2/repository/org/apache/ozone/ozone-filesystem/1.5.0-SNAPSHOT/ozone-filesystem-1.5.0-SNAPSHOT.jar:/home/runner/.m2/repository/org/apache/ozone/ozone-filesystem-common/1.5.0-SNAPSHOT/ozone-filesystem-common-1.5.0-SNAPSHOT.jar:/home/runner/.m2/repository/org/apache/ozone/ozone-tools/1.5.0-SNAPSHOT/ozone-tools-1.5.0-SNAPSHOT.jar:/home/runner/.m2/repository/com/amazonaws/aws-java-sdk-core/1.12.661/aws-java-sdk-core-1.12.661.jar:/home/runner/.m2/repository/org/apache/httpcomponents/httpclient/4.5.13/httpclient-4.5.13.jar:/home/runner/.m2/repository/org/apache/httpcomponents/httpcore/4.4.16/httpcore-4.4.16.jar:/home/runner/.m2/repository/com/fasterxml/jackson/dataformat/jackson-dataformat-cbor/2.13.4/jackson-dataformat-cbor-2.13.4.jar:/home/runner/.m2/repository/joda-time/joda-time/2.12.7/joda-time-2.12.7.jar:/home/runner/.m2/repository/com/amazonaws/aws-java-sdk-s3/1.12.661/aws-java-sdk-s3-1.12.661.jar:/home/runner/.m2/repository/com/amazonaws/aws-java-sdk-kms/1.12.661/aws-java-sdk-kms-1.12.661.jar:/home/runner/.m2/repository/com/amazonaws/jmespath-java/1.12.661/jmespath-java-1.12.661.jar:/home/runner/.m2/repository/org/kohsuke/metainf-services/metainf-services/1.8/metainf-services-1.8.jar:/home/runner/.m2/repository/org/apache/ozone/hdds-tools/1.5.0-SNAPSHOT/hdds-tools-1.5.0-SNAPSHOT.jar:/home/runner/.m2/repository/org/apache/ratis/ratis-tools/3.0.1/ratis-tools-3.0.1.jar:/home/runner/.m2/repository/commons-cli/commons-cli/1.6.0/commons-cli-1.6.0.jar:/home/runner/.m2/repository/org/apache/commons/commons-lang3/3.14.0/commons-lang3-3.14.0.jar:/home/runner/.m2/repository/org/apache/ozone/ozone-manager/1.5.0-SNAPSHOT/ozone-manager-1.5.0-SNAPSHOT-tests.jar:/home/runner/.m2/repository/org/apache/ozone/hdds-common/1.5.0-SNAPSHOT/hdds-common-1.5.0-SNAPSHOT-tests.jar:/home/runner/.m2/repository/org/apache/ozone/hdds-hadoop-dependency-client/1.5.0-SNAPSHOT/hdds-hadoop-dependency-client-1.5.0-SNAPSHOT.jar:/home/runner/.m2/repository/info/picocli/picocli/4.7.5/picocli-4.7.5.jar:/home/runner/.m2/repository/com/fasterxml/jackson/core/jackson-annotations/2.13.4/jackson-annotations-2.13.4.jar:/home/runner/.m2/repository/org/apache/ozone/hdds-annotation-processing/1.5.0-SNAPSHOT/hdds-annotation-processing-1.5.0-SNAPSHOT.jar:/home/runner/.m2/repository/javax/annotation/javax.annotation-api/1.3.2/javax.annotation-api-1.3.2.jar:/home/runner/.m2/repository/org/apache/ratis/ratis-netty/3.0.1/ratis-netty-3.0.1.jar:/home/runner/.m2/repository/org/apache/ratis/ratis-grpc/3.0.1/ratis-grpc-3.0.1.jar:/home/runner/.m2/repository/org/apache/commons/commons-pool2/2.6.0/commons-pool2-2.6.0.jar:/home/runner/.m2/repository/org/bouncycastle/bcpkix-jdk18on/1.77/bcpkix-jdk18on-1.77.jar:/home/runner/.m2/repository/org/bouncycastle/bcutil-jdk18on/1.77/bcutil-jdk18on-1.77.jar:/home/runner/.m2/repository/commons-validator/commons-validator/1.6/commons-validator-1.6.jar:/home/runner/.m2/repository/commons-beanutils/commons-beanutils/1.9.4/commons-beanutils-1.9.4.jar:/home/runner/.m2/repository/commons-digester/commons-digester/1.8.1/commons-digester-1.8.1.jar:/home/runner/.m2/repository/commons-collections/commons-collections/3.2.2/commons-collections-3.2.2.jar:/home/runner/.m2/repository/io/jaegertracing/jaeger-client/1.8.1/jaeger-client-1.8.1.jar:/home/runner/.m2/repository/io/jaegertracing/jaeger-thrift/1.8.1/jaeger-thrift-1.8.1.jar:/home/runner/.m2/repository/org/apache/thrift/libthrift/0.15.0/libthrift-0.15.0.jar:/home/runner/.m2/repository/io/jaegertracing/jaeger-core/1.8.1/jaeger-core-1.8.1.jar:/home/runner/.m2/repository/io/jaegertracing/jaeger-tracerresolver/1.8.1/jaeger-tracerresolver-1.8.1.jar:/home/runner/.m2/repository/io/opentracing/contrib/opentracing-tracerresolver/0.1.8/opentracing-tracerresolver-0.1.8.jar:/home/runner/.m2/repository/org/jetbrains/kotlin/kotlin-stdlib/1.9.22/kotlin-stdlib-1.9.22.jar:/home/runner/.m2/repository/org/jetbrains/annotations/13.0/annotations-13.0.jar:/home/runner/.m2/repository/io/opentracing/opentracing-util/0.33.0/opentracing-util-0.33.0.jar:/home/runner/.m2/repository/io/opentracing/opentracing-api/0.33.0/opentracing-api-0.33.0.jar:/home/runner/.m2/repository/io/opentracing/opentracing-noop/0.33.0/opentracing-noop-0.33.0.jar:/home/runner/.m2/repository/org/yaml/snakeyaml/2.0/snakeyaml-2.0.jar:/home/runner/.m2/repository/io/grpc/grpc-api/1.58.0/grpc-api-1.58.0.jar:/home/runner/.m2/repository/org/junit/jupiter/junit-jupiter-engine/5.10.1/junit-jupiter-engine-5.10.1.jar:/home/runner/.m2/repository/org/junit/platform/junit-platform-engine/1.10.1/junit-platform-engine-1.10.1.jar:/home/runner/.m2/repository/org/apiguardian/apiguardian-api/1.1.2/apiguardian-api-1.1.2.jar:/home/runner/.m2/repository/org/junit/platform/junit-platform-launcher/1.10.1/junit-platform-launcher-1.10.1.jar:/home/runner/.m2/repository/org/apache/hadoop/hadoop-kms/3.3.6/hadoop-kms-3.3.6.jar:/home/runner/.m2/repository/org/apache/hadoop/hadoop-auth/3.3.6/hadoop-auth-3.3.6.jar:/home/runner/.m2/repository/com/nimbusds/nimbus-jose-jwt/9.8.1/nimbus-jose-jwt-9.8.1.jar:/home/runner/.m2/repository/com/github/stephenc/jcip/jcip-annotations/1.0-1/jcip-annotations-1.0-1.jar:/home/runner/.m2/repository/org/apache/zookeeper/zookeeper/3.7.2/zookeeper-3.7.2.jar:/home/runner/.m2/repository/org/apache/zookeeper/zookeeper-jute/3.7.2/zookeeper-jute-3.7.2.jar:/home/runner/.m2/repository/org/apache/yetus/audience-annotations/0.12.0/audience-annotations-0.12.0.jar:/home/runner/.m2/repository/org/apache/curator/curator-framework/4.2.0/curator-framework-4.2.0.jar:/home/runner/.m2/repository/org/apache/hadoop/thirdparty/hadoop-shaded-guava/1.1.1/hadoop-shaded-guava-1.1.1.jar:/home/runner/.m2/repository/com/sun/jersey/jersey-core/1.19.4/jersey-core-1.19.4.jar:/home/runner/.m2/repository/javax/ws/rs/jsr311-api/1.1.1/jsr311-api-1.1.1.jar:/home/runner/.m2/repository/com/sun/jersey/jersey-server/1.19.4/jersey-server-1.19.4.jar:/home/runner/.m2/repository/javax/servlet/javax.servlet-api/3.1.0/javax.servlet-api-3.1.0.jar:/home/runner/.m2/repository/org/apache/hadoop/hadoop-common/3.3.6/hadoop-common-3.3.6.jar:/home/runner/.m2/repository/org/apache/commons/commons-math3/3.6.1/commons-math3-3.6.1.jar:/home/runner/.m2/repository/commons-net/commons-net/3.10.0/commons-net-3.10.0.jar:/home/runner/.m2/repository/com/sun/jersey/jersey-servlet/1.19.4/jersey-servlet-1.19.4.jar:/home/runner/.m2/repository/com/github/pjfanning/jersey-json/1.20/jersey-json-1.20.jar:/home/runner/.m2/repository/org/codehaus/jettison/jettison/1.1/jettison-1.1.jar:/home/runner/.m2/repository/com/sun/xml/bind/jaxb-impl/2.2.3-1/jaxb-impl-2.2.3-1.jar:/home/runner/.m2/repository/com/google/re2j/re2j/1.7/re2j-1.7.jar:/home/runner/.m2/repository/com/jcraft/jsch/0.1.54/jsch-0.1.54.jar:/home/runner/.m2/repository/org/apache/curator/curator-client/4.2.0/curator-client-4.2.0.jar:/home/runner/.m2/repository/org/apache/curator/curator-recipes/5.2.0/curator-recipes-5.2.0.jar:/home/runner/.m2/repository/com/google/code/findbugs/jsr305/3.0.2/jsr305-3.0.2.jar:/home/runner/.m2/repository/org/apache/kerby/kerb-core/1.0.1/kerb-core-1.0.1.jar:/home/runner/.m2/repository/org/apache/kerby/kerby-pkix/1.0.1/kerby-pkix-1.0.1.jar:/home/runner/.m2/repository/org/apache/kerby/kerby-asn1/1.0.1/kerby-asn1-1.0.1.jar:/home/runner/.m2/repository/org/apache/kerby/kerby-util/1.0.1/kerby-util-1.0.1.jar:/home/runner/.m2/repository/dnsjava/dnsjava/2.1.7/dnsjava-2.1.7.jar:/home/runner/.m2/repository/org/xerial/snappy/snappy-java/1.1.8.2/snappy-java-1.1.8.2.jar:/home/runner/.m2/repository/com/fasterxml/jackson/core/jackson-databind/2.13.4.2/jackson-databind-2.13.4.2.jar:/home/runner/.m2/repository/org/apache/hadoop/hadoop-kms/3.3.6/hadoop-kms-3.3.6-tests.jar:/home/runner/.m2/repository/org/apache/ozone/hdds-server-scm/1.5.0-SNAPSHOT/hdds-server-scm-1.5.0-SNAPSHOT-tests.jar:/home/runner/.m2/repository/org/apache/ozone/hdds-container-service/1.5.0-SNAPSHOT/hdds-container-service-1.5.0-SNAPSHOT-tests.jar:/home/runner/.m2/repository/com/github/luben/zstd-jni/1.5.2-5/zstd-jni-1.5.2-5.jar:/home/runner/.m2/repository/commons-codec/commons-codec/1.15/commons-codec-1.15.jar:/home/runner/.m2/repository/io/netty/netty-codec/4.1.100.Final/netty-codec-4.1.100.Final.jar:/home/runner/.m2/repository/io/netty/netty-handler/4.1.100.Final/netty-handler-4.1.100.Final.jar:/home/runner/.m2/repository/org/apache/ozone/hdds-hadoop-dependency-test/1.5.0-SNAPSHOT/hdds-hadoop-dependency-test-1.5.0-SNAPSHOT.jar:/home/runner/.m2/repository/org/apache/hadoop/hadoop-common/3.3.6/hadoop-common-3.3.6-tests.jar:/home/runner/.m2/repository/org/apache/hadoop/hadoop-hdfs/3.3.6/hadoop-hdfs-3.3.6-tests.jar:/home/runner/.m2/repository/org/junit/jupiter/junit-jupiter-params/5.10.1/junit-jupiter-params-5.10.1.jar:/home/runner/.m2/repository/org/mockito/mockito-core/4.11.0/mockito-core-4.11.0.jar:/home/runner/.m2/repository/net/bytebuddy/byte-buddy/1.12.19/byte-buddy-1.12.19.jar:/home/runner/.m2/repository/net/bytebuddy/byte-buddy-agent/1.12.19/byte-buddy-agent-1.12.19.jar:/home/runner/.m2/repository/org/objenesis/objenesis/1.0/objenesis-1.0.jar:/home/runner/.m2/repository/org/mockito/mockito-junit-jupiter/4.11.0/mockito-junit-jupiter-4.11.0.jar:/home/runner/.m2/repository/org/apache/hadoop/hadoop-distcp/3.3.6/hadoop-distcp-3.3.6.jar:/home/runner/.m2/repository/org/apache/hadoop/hadoop-mapreduce-client-jobclient/3.3.6/hadoop-mapreduce-client-jobclient-3.3.6.jar:/home/runner/.m2/repository/org/apache/hadoop/hadoop-mapreduce-client-common/3.3.6/hadoop-mapreduce-client-common-3.3.6.jar:/home/runner/.m2/repository/org/apache/hadoop/hadoop-yarn-common/3.3.6/hadoop-yarn-common-3.3.6.jar:/home/runner/.m2/repository/org/apache/hadoop/hadoop-yarn-api/3.3.6/hadoop-yarn-api-3.3.6.jar:/home/runner/.m2/repository/javax/xml/bind/jaxb-api/2.2.11/jaxb-api-2.2.11.jar:/home/runner/.m2/repository/com/sun/jersey/contribs/jersey-guice/1.19.4/jersey-guice-1.19.4.jar:/home/runner/.m2/repository/com/fasterxml/jackson/jaxrs/jackson-jaxrs-json-provider/2.13.4/jackson-jaxrs-json-provider-2.13.4.jar:/home/runner/.m2/repository/com/fasterxml/jackson/jaxrs/jackson-jaxrs-base/2.13.4/jackson-jaxrs-base-2.13.4.jar:/home/runner/.m2/repository/org/apache/hadoop/hadoop-yarn-client/3.3.6/hadoop-yarn-client-3.3.6.jar:/home/runner/.m2/repository/org/eclipse/jetty/websocket/websocket-client/9.4.51.v20230217/websocket-client-9.4.51.v20230217.jar:/home/runner/.m2/repository/org/eclipse/jetty/websocket/websocket-common/9.4.51.v20230217/websocket-common-9.4.51.v20230217.jar:/home/runner/.m2/repository/org/eclipse/jetty/websocket/websocket-api/9.4.51.v20230217/websocket-api-9.4.51.v20230217.jar:/home/runner/.m2/repository/org/jline/jline/3.9.0/jline-3.9.0.jar:/home/runner/.m2/repository/org/apache/hadoop/hadoop-mapreduce-client-core/3.3.6/hadoop-mapreduce-client-core-3.3.6.jar:/home/runner/.m2/repository/org/apache/avro/avro/1.7.7/avro-1.7.7.jar:/home/runner/.m2/repository/com/thoughtworks/paranamer/paranamer/2.3/paranamer-2.3.jar:/home/runner/.m2/repository/org/apache/hadoop/hadoop-annotations/3.3.6/hadoop-annotations-3.3.6.jar:/usr/lib/jvm/temurin-8-jdk-amd64/jre/../lib/tools.jar:/home/runner/.m2/repository/io/netty/netty/3.10.6.Final/netty-3.10.6.Final.jar:/home/runner/.m2/repository/org/apache/hadoop/hadoop-distcp/3.3.6/hadoop-distcp-3.3.6-tests.jar:/home/runner/.m2/repository/org/hamcrest/hamcrest/2.2/hamcrest-2.2.jar:/home/runner/.m2/repository/org/slf4j/jul-to-slf4j/2.0.10/jul-to-slf4j-2.0.10.jar:/home/runner/work/ozone/ozone/hadoop-ozone/integration-test/target/gradle-enterprise/test-listeners.jar:"/>
    <property name="sun.cpu.endian" value="little"/>
    <property name="user.home" value="/home/runner"/>
    <property name="user.language" value="en"/>
    <property name="java.specification.vendor" value="Oracle Corporation"/>
    <property name="java.home" value="/usr/lib/jvm/temurin-8-jdk-amd64/jre"/>
    <property name="java.security.krb5.conf" value="/home/runner/work/ozone/ozone/hadoop-ozone/integration-test/target/test-classes/krb5.conf"/>
    <property name="file.separator" value="/"/>
    <property name="basedir" value="/home/runner/work/ozone/ozone/hadoop-ozone/integration-test"/>
    <property name="line.separator" value="&#10;"/>
    <property name="java.vm.specification.vendor" value="Oracle Corporation"/>
    <property name="java.specification.name" value="Java Platform API Specification"/>
    <property name="skip.installnpx" value="true"/>
    <property name="java.awt.graphicsenv" value="sun.awt.X11GraphicsEnvironment"/>
    <property name="surefire.real.class.path" value="/home/runner/work/ozone/ozone/hadoop-ozone/integration-test/target/surefire/surefirebooter2217666631722260135.jar:/home/runner/.m2/repository/org/jacoco/org.jacoco.agent/0.8.11/org.jacoco.agent-0.8.11-runtime.jar"/>
    <property name="sun.boot.class.path" value="/usr/lib/jvm/temurin-8-jdk-amd64/jre/lib/resources.jar:/usr/lib/jvm/temurin-8-jdk-amd64/jre/lib/rt.jar:/usr/lib/jvm/temurin-8-jdk-amd64/jre/lib/sunrsasign.jar:/usr/lib/jvm/temurin-8-jdk-amd64/jre/lib/jsse.jar:/usr/lib/jvm/temurin-8-jdk-amd64/jre/lib/jce.jar:/usr/lib/jvm/temurin-8-jdk-amd64/jre/lib/charsets.jar:/usr/lib/jvm/temurin-8-jdk-amd64/jre/lib/jfr.jar:/usr/lib/jvm/temurin-8-jdk-amd64/jre/classes"/>
    <property name="hadoop.log.dir" value="/home/runner/work/ozone/ozone/hadoop-ozone/integration-test/target/log"/>
    <property name="sun.management.compiler" value="HotSpot 64-Bit Tiered Compilers"/>
    <property name="java.runtime.version" value="1.8.0_402-b06"/>
    <property name="skip.npx" value="true"/>
    <property name="user.name" value="runner"/>
    <property name="java.net.preferIPv4Stack" value="true"/>
    <property name="path.separator" value=":"/>
    <property name="java.security.egd" value="file:///dev/urandom"/>
    <property name="os.version" value="5.15.0-1056-azure"/>
    <property name="java.endorsed.dirs" value="/usr/lib/jvm/temurin-8-jdk-amd64/jre/lib/endorsed"/>
    <property name="java.runtime.name" value="OpenJDK Runtime Environment"/>
    <property name="com.gradle.maven.scan.extension.test.listener.junitplatform.NestedExecutionSafeDelegatingTestExecutionListener" value="64c4c01"/>
    <property name="file.encoding" value="UTF-8"/>
    <property name="java.vm.name" value="OpenJDK 64-Bit Server VM"/>
    <property name="test.build.webapps" value=""/>
    <property name="localRepository" value="/home/runner/.m2/repository"/>
    <property name="gradle.enterprise.listener.port" value="36107"/>
    <property name="jetty.git.hash" value="27bde00a0b95a1d5bbee0eae7984f891d2d0f8c9"/>
    <property name="java.vendor.url.bug" value="https://github.com/adoptium/adoptium-support/issues"/>
    <property name="require.test.libhadoop" value=""/>
    <property name="java.io.tmpdir" value="/tmp"/>
    <property name="java.version" value="1.8.0_402"/>
    <property name="user.dir" value="/home/runner/work/ozone/ozone/hadoop-ozone/integration-test"/>
    <property name="os.arch" value="amd64"/>
    <property name="test.build.classes" value="/home/runner/work/ozone/ozone/hadoop-ozone/integration-test/target/test-classes"/>
    <property name="java.vm.specification.name" value="Java Virtual Machine Specification"/>
    <property name="java.awt.printerjob" value="sun.print.PSPrinterJob"/>
    <property name="sun.os.patch.level" value="unknown"/>
    <property name="org.apache.ratis.thirdparty.io.netty.allocator.useCacheForAllThreads" value="false"/>
    <property name="hadoop.tmp.dir" value="/home/runner/work/ozone/ozone/hadoop-ozone/integration-test/target/tmp"/>
    <property name="java.library.path" value="/usr/java/packages/lib/amd64:/usr/lib64:/lib64:/lib:/usr/lib"/>
    <property name="java.vendor" value="Temurin"/>
    <property name="java.vm.info" value="mixed mode"/>
    <property name="java.vm.version" value="25.402-b06"/>
    <property name="java.specification.maintenance.version" value="5"/>
    <property name="sun.io.unicode.encoding" value="UnicodeLittle"/>
    <property name="java.ext.dirs" value="/usr/lib/jvm/temurin-8-jdk-amd64/jre/lib/ext:/usr/java/packages/lib/ext"/>
    <property name="java.class.version" value="52.0"/>
  </properties>
  <testcase name="bucketUsedBytesOverWrite(BucketLayout)[1]" classname="org.apache.hadoop.ozone.client.rpc.TestSecureOzoneRpcClient" time="0.99">
    <system-out><![CDATA[2024-02-26 09:18:17,173 [main] INFO  audit.AuditLogger (AuditLogger.java:refreshDebugCmdSet(135)) - Refresh DebugCmdSet for OMAudit to [].
2024-02-26 09:18:18,262 [main] INFO  utils.SelfSignedCertificate (SelfSignedCertificate.java:generateCertificate(157)) - Certificate 1 is issued by CN=rootCA@localhost,OU=scm1,O=cluster1,SERIALNUMBER=1 to CN=rootCA@localhost,OU=scm1,O=cluster1,SERIALNUMBER=1, valid from Mon Feb 26 09:18:18 UTC 2024 to Thu Apr 05 09:18:18 UTC 2029
2024-02-26 09:18:18,286 [main] INFO  authority.DefaultApprover (DefaultApprover.java:sign(157)) - Extensions in CSR: 2.5.29.15
2024-02-26 09:18:18,287 [main] INFO  authority.DefaultApprover (DefaultApprover.java:sign(161)) - Extensions to add to the certificate if they present in CSR: 2.5.29.17, 1.3.6.1.5.5.7.1.12, 2.5.29.35, 2.5.29.37, 2.5.29.15
2024-02-26 09:18:18,304 [main] INFO  ssl.ReloadingX509KeyManager (ReloadingX509KeyManager.java:loadKeyManager(222)) - Key manager is loaded with certificate chain
2024-02-26 09:18:18,307 [main] INFO  ssl.ReloadingX509KeyManager (ReloadingX509KeyManager.java:loadKeyManager(224)) - [
[
  Version: V3
  Subject: SERIALNUMBER=2299029803817, O=cluster1, OU=scm1, CN=localhost
  Signature Algorithm: SHA256withRSA, OID = 1.2.840.113549.1.1.11

  Key:  Sun RSA public key, 2048 bits
  params: null
  modulus: 25625503754526603342943652255935056882106486163674397801970885859696726310616883358690009364338496169666799253850384635539440965671236186151665888960420786728634618931009452384392018490398946993687948486269232256732649472536592614512227563289827190420112020151366071033119370552346544175305060092652799023211018937899914908709573017033960616071045028876417012452593895503264407072329897907013615922164246240640001003100686629139808854802329282921045596293182331471619276440233067748049679950333916810163919129427904734977941954025554461986757731759420432927141347720069347072457541578932611585198413351011748234343787
  public exponent: 65537
  Validity: [From: Mon Feb 26 09:18:18 UTC 2024,
               To: Tue Feb 25 09:18:18 UTC 2025]
  Issuer: SERIALNUMBER=1, O=cluster1, OU=scm1, CN=rootCA@localhost
  SerialNumber: [    021748da d329]

Certificate Extensions: 1
[1]: ObjectId: 2.5.29.15 Criticality=true
KeyUsage [
  DigitalSignature
  Key_Encipherment
  Data_Encipherment
  Key_Agreement
]

]
  Algorithm: [SHA256withRSA]
  Signature:
0000: 8F D3 F0 14 01 36 09 73   7C 35 5A 37 B1 04 78 3A  .....6.s.5Z7..x:
0010: 7E 3E A0 81 34 7A 0F FE   23 9F A5 5E 97 15 46 4C  .>..4z..#..^..FL
0020: D2 FA 15 63 A9 55 B1 2E   7C D7 06 6D 43 92 13 FC  ...c.U.....mC...
0030: 5E BE 69 29 B7 78 7D 5E   DA E6 CF DC 09 5F 7A 28  ^.i).x.^....._z(
0040: 22 EC C6 BF C2 93 4B CF   1C 96 45 FF 7C 7C 46 52  ".....K...E...FR
0050: E5 0E E8 31 ED A4 1E 19   F5 A9 8B E4 26 80 E5 F4  ...1........&...
0060: 7E 20 CD 16 17 55 4D B4   8B C1 E8 24 D1 FC 3E 82  . ...UM....$..>.
0070: 71 49 7D 83 49 D4 CB 91   82 B6 9C 41 E1 AC 8C 30  qI..I......A...0
0080: BB 9C 54 29 69 45 4A DF   72 7A 8D 33 CD 54 19 5E  ..T)iEJ.rz.3.T.^
0090: 4E 7F C2 79 8C EC 2A DB   30 35 09 57 A3 BC 2A DC  N..y..*.05.W..*.
00A0: 19 AF 63 9B 65 CD C8 7D   C2 5A 72 6B 92 C4 29 B2  ..c.e....Zrk..).
00B0: A5 B9 A2 1E 2F 1D 39 3C   95 AB 30 C7 F9 04 A6 68  ..../.9<..0....h
00C0: 73 35 14 60 EB DC 1D F4   2A D7 54 12 41 60 77 45  s5.`....*.T.A`wE
00D0: 09 C7 26 E0 F9 8C 2C F4   74 EE 40 9C 5F DC 84 62  ..&...,.t.@._..b
00E0: 29 BE 48 70 B0 CB C9 16   35 09 E1 30 D3 24 1E C9  ).Hp....5..0.$..
00F0: 10 1E 52 9F 77 71 B3 85   29 6C 8A 1A F1 8A 0D 74  ..R.wq..)l.....t

]
2024-02-26 09:18:18,312 [main] INFO  ssl.ReloadingX509KeyManager (ReloadingX509KeyManager.java:loadKeyManager(224)) - [
[
  Version: V3
  Subject: SERIALNUMBER=1, O=cluster1, OU=scm1, CN=rootCA@localhost
  Signature Algorithm: SHA256withRSA, OID = 1.2.840.113549.1.1.11

  Key:  Sun RSA public key, 2048 bits
  params: null
  modulus: 23279702477364492072177977001322341126840055835612243517164386611455804826016956242028819941772135086645124739063086621627151885949357547153102678220801480679749448140277718725670415110804429973706006770181865681209166439868157972572430610938962538125015447548677229089423983198050580121843220357069303801369166104451426023978764792077811000377629501893684426066415823811577260761440165546569173022975113621336527714410872530344669651925268483648444453699571998518333313473733125500026034290633988208016184266958420078491896740134304042690651026808649356006431028865409547540914098585363182092389820486010558029723099
  public exponent: 65537
  Validity: [From: Mon Feb 26 09:18:18 UTC 2024,
               To: Thu Apr 05 09:18:18 UTC 2029]
  Issuer: SERIALNUMBER=1, O=cluster1, OU=scm1, CN=rootCA@localhost
  SerialNumber: [    01]

Certificate Extensions: 2
[1]: ObjectId: 2.5.29.19 Criticality=true
BasicConstraints:[
  CA:true
  PathLen:2147483647
]

[2]: ObjectId: 2.5.29.15 Criticality=true
KeyUsage [
  Key_CertSign
  Crl_Sign
]

]
  Algorithm: [SHA256withRSA]
  Signature:
0000: 93 30 97 C5 8C 17 24 91   13 B9 47 9B 71 76 3F 17  .0....$...G.qv?.
0010: 99 C6 00 FD 0D 3F 79 EC   80 92 F3 5D 2B 29 4D AB  .....?y....]+)M.
0020: A6 D5 10 A5 5A DE FD D0   29 04 22 51 FD 4A 9B FC  ....Z...)."Q.J..
0030: 77 25 D7 00 E8 C9 6B 30   1A A4 55 FA 86 12 17 E7  w%....k0..U.....
0040: 12 BD 7F 73 5B 6D A0 4A   E6 6B 26 78 D8 2D 9D 47  ...s[m.J.k&x.-.G
0050: 79 48 7F 21 C5 8A 4A 77   5C 92 4A 55 95 0F FC 71  yH.!..Jw\.JU...q
0060: 9D C8 FA 18 C4 36 3F 37   BE 6A C8 BE C3 F1 C5 78  .....6?7.j.....x
0070: 37 FC 4A B9 15 41 02 C2   84 4C 0E 6F E4 C1 38 82  7.J..A...L.o..8.
0080: 2C FF 68 77 7F 15 C5 AA   F8 7D B3 4E 83 89 BD 34  ,.hw.......N...4
0090: 16 5E E6 01 CB 4B 4B AF   CE 0E ED DD AF 17 77 D8  .^...KK.......w.
00A0: 71 AF 0E 63 D2 F2 26 51   22 C1 68 A6 D1 68 25 10  q..c..&Q".h..h%.
00B0: 57 D7 8D 76 99 6C 71 59   7E F4 F9 C9 EA 67 7C 73  W..v.lqY.....g.s
00C0: 17 CA CE 76 D8 D9 2F 74   66 FE DE BE 19 CE EF 91  ...v../tf.......
00D0: E2 31 C3 74 2F E7 DA 55   26 BF BE DA 51 A0 FD 15  .1.t/..U&...Q...
00E0: 3A EA D7 AE 4A 15 F4 C3   71 63 CA 48 4A 7A 67 49  :...J...qc.HJzgI
00F0: 7F A1 5D EC EB 55 29 CD   E4 FF C8 B8 2F 5E DA 38  ..]..U)...../^.8

]
2024-02-26 09:18:18,316 [main] INFO  ssl.ReloadingX509TrustManager (ReloadingX509TrustManager.java:insertCertsToKeystore(188)) - Trust manager is loaded with certificates
2024-02-26 09:18:18,318 [main] INFO  ssl.ReloadingX509TrustManager (ReloadingX509TrustManager.java:insertCertsToKeystore(192)) - [
[
  Version: V3
  Subject: SERIALNUMBER=1, O=cluster1, OU=scm1, CN=rootCA@localhost
  Signature Algorithm: SHA256withRSA, OID = 1.2.840.113549.1.1.11

  Key:  Sun RSA public key, 2048 bits
  params: null
  modulus: 23279702477364492072177977001322341126840055835612243517164386611455804826016956242028819941772135086645124739063086621627151885949357547153102678220801480679749448140277718725670415110804429973706006770181865681209166439868157972572430610938962538125015447548677229089423983198050580121843220357069303801369166104451426023978764792077811000377629501893684426066415823811577260761440165546569173022975113621336527714410872530344669651925268483648444453699571998518333313473733125500026034290633988208016184266958420078491896740134304042690651026808649356006431028865409547540914098585363182092389820486010558029723099
  public exponent: 65537
  Validity: [From: Mon Feb 26 09:18:18 UTC 2024,
               To: Thu Apr 05 09:18:18 UTC 2029]
  Issuer: SERIALNUMBER=1, O=cluster1, OU=scm1, CN=rootCA@localhost
  SerialNumber: [    01]

Certificate Extensions: 2
[1]: ObjectId: 2.5.29.19 Criticality=true
BasicConstraints:[
  CA:true
  PathLen:2147483647
]

[2]: ObjectId: 2.5.29.15 Criticality=true
KeyUsage [
  Key_CertSign
  Crl_Sign
]

]
  Algorithm: [SHA256withRSA]
  Signature:
0000: 93 30 97 C5 8C 17 24 91   13 B9 47 9B 71 76 3F 17  .0....$...G.qv?.
0010: 99 C6 00 FD 0D 3F 79 EC   80 92 F3 5D 2B 29 4D AB  .....?y....]+)M.
0020: A6 D5 10 A5 5A DE FD D0   29 04 22 51 FD 4A 9B FC  ....Z...)."Q.J..
0030: 77 25 D7 00 E8 C9 6B 30   1A A4 55 FA 86 12 17 E7  w%....k0..U.....
0040: 12 BD 7F 73 5B 6D A0 4A   E6 6B 26 78 D8 2D 9D 47  ...s[m.J.k&x.-.G
0050: 79 48 7F 21 C5 8A 4A 77   5C 92 4A 55 95 0F FC 71  yH.!..Jw\.JU...q
0060: 9D C8 FA 18 C4 36 3F 37   BE 6A C8 BE C3 F1 C5 78  .....6?7.j.....x
0070: 37 FC 4A B9 15 41 02 C2   84 4C 0E 6F E4 C1 38 82  7.J..A...L.o..8.
0080: 2C FF 68 77 7F 15 C5 AA   F8 7D B3 4E 83 89 BD 34  ,.hw.......N...4
0090: 16 5E E6 01 CB 4B 4B AF   CE 0E ED DD AF 17 77 D8  .^...KK.......w.
00A0: 71 AF 0E 63 D2 F2 26 51   22 C1 68 A6 D1 68 25 10  q..c..&Q".h..h%.
00B0: 57 D7 8D 76 99 6C 71 59   7E F4 F9 C9 EA 67 7C 73  W..v.lqY.....g.s
00C0: 17 CA CE 76 D8 D9 2F 74   66 FE DE BE 19 CE EF 91  ...v../tf.......
00D0: E2 31 C3 74 2F E7 DA 55   26 BF BE DA 51 A0 FD 15  .1.t/..U&...Q...
00E0: 3A EA D7 AE 4A 15 F4 C3   71 63 CA 48 4A 7A 67 49  :...J...qc.HJzgI
00F0: 7F A1 5D EC EB 55 29 CD   E4 FF C8 B8 2F 5E DA 38  ..]..U)...../^.8

]
2024-02-26 09:18:18,321 [main] INFO  ssl.ReloadingX509KeyManager (ReloadingX509KeyManager.java:loadKeyManager(222)) - Key manager is loaded with certificate chain
2024-02-26 09:18:18,322 [main] INFO  ssl.ReloadingX509KeyManager (ReloadingX509KeyManager.java:loadKeyManager(224)) - [
[
  Version: V3
  Subject: SERIALNUMBER=2299029803817, O=cluster1, OU=scm1, CN=localhost
  Signature Algorithm: SHA256withRSA, OID = 1.2.840.113549.1.1.11

  Key:  Sun RSA public key, 2048 bits
  params: null
  modulus: 25625503754526603342943652255935056882106486163674397801970885859696726310616883358690009364338496169666799253850384635539440965671236186151665888960420786728634618931009452384392018490398946993687948486269232256732649472536592614512227563289827190420112020151366071033119370552346544175305060092652799023211018937899914908709573017033960616071045028876417012452593895503264407072329897907013615922164246240640001003100686629139808854802329282921045596293182331471619276440233067748049679950333916810163919129427904734977941954025554461986757731759420432927141347720069347072457541578932611585198413351011748234343787
  public exponent: 65537
  Validity: [From: Mon Feb 26 09:18:18 UTC 2024,
               To: Tue Feb 25 09:18:18 UTC 2025]
  Issuer: SERIALNUMBER=1, O=cluster1, OU=scm1, CN=rootCA@localhost
  SerialNumber: [    021748da d329]

Certificate Extensions: 1
[1]: ObjectId: 2.5.29.15 Criticality=true
KeyUsage [
  DigitalSignature
  Key_Encipherment
  Data_Encipherment
  Key_Agreement
]

]
  Algorithm: [SHA256withRSA]
  Signature:
0000: 8F D3 F0 14 01 36 09 73   7C 35 5A 37 B1 04 78 3A  .....6.s.5Z7..x:
0010: 7E 3E A0 81 34 7A 0F FE   23 9F A5 5E 97 15 46 4C  .>..4z..#..^..FL
0020: D2 FA 15 63 A9 55 B1 2E   7C D7 06 6D 43 92 13 FC  ...c.U.....mC...
0030: 5E BE 69 29 B7 78 7D 5E   DA E6 CF DC 09 5F 7A 28  ^.i).x.^....._z(
0040: 22 EC C6 BF C2 93 4B CF   1C 96 45 FF 7C 7C 46 52  ".....K...E...FR
0050: E5 0E E8 31 ED A4 1E 19   F5 A9 8B E4 26 80 E5 F4  ...1........&...
0060: 7E 20 CD 16 17 55 4D B4   8B C1 E8 24 D1 FC 3E 82  . ...UM....$..>.
0070: 71 49 7D 83 49 D4 CB 91   82 B6 9C 41 E1 AC 8C 30  qI..I......A...0
0080: BB 9C 54 29 69 45 4A DF   72 7A 8D 33 CD 54 19 5E  ..T)iEJ.rz.3.T.^
0090: 4E 7F C2 79 8C EC 2A DB   30 35 09 57 A3 BC 2A DC  N..y..*.05.W..*.
00A0: 19 AF 63 9B 65 CD C8 7D   C2 5A 72 6B 92 C4 29 B2  ..c.e....Zrk..).
00B0: A5 B9 A2 1E 2F 1D 39 3C   95 AB 30 C7 F9 04 A6 68  ..../.9<..0....h
00C0: 73 35 14 60 EB DC 1D F4   2A D7 54 12 41 60 77 45  s5.`....*.T.A`wE
00D0: 09 C7 26 E0 F9 8C 2C F4   74 EE 40 9C 5F DC 84 62  ..&...,.t.@._..b
00E0: 29 BE 48 70 B0 CB C9 16   35 09 E1 30 D3 24 1E C9  ).Hp....5..0.$..
00F0: 10 1E 52 9F 77 71 B3 85   29 6C 8A 1A F1 8A 0D 74  ..R.wq..)l.....t

]
2024-02-26 09:18:18,324 [main] INFO  ssl.ReloadingX509KeyManager (ReloadingX509KeyManager.java:loadKeyManager(224)) - [
[
  Version: V3
  Subject: SERIALNUMBER=1, O=cluster1, OU=scm1, CN=rootCA@localhost
  Signature Algorithm: SHA256withRSA, OID = 1.2.840.113549.1.1.11

  Key:  Sun RSA public key, 2048 bits
  params: null
  modulus: 23279702477364492072177977001322341126840055835612243517164386611455804826016956242028819941772135086645124739063086621627151885949357547153102678220801480679749448140277718725670415110804429973706006770181865681209166439868157972572430610938962538125015447548677229089423983198050580121843220357069303801369166104451426023978764792077811000377629501893684426066415823811577260761440165546569173022975113621336527714410872530344669651925268483648444453699571998518333313473733125500026034290633988208016184266958420078491896740134304042690651026808649356006431028865409547540914098585363182092389820486010558029723099
  public exponent: 65537
  Validity: [From: Mon Feb 26 09:18:18 UTC 2024,
               To: Thu Apr 05 09:18:18 UTC 2029]
  Issuer: SERIALNUMBER=1, O=cluster1, OU=scm1, CN=rootCA@localhost
  SerialNumber: [    01]

Certificate Extensions: 2
[1]: ObjectId: 2.5.29.19 Criticality=true
BasicConstraints:[
  CA:true
  PathLen:2147483647
]

[2]: ObjectId: 2.5.29.15 Criticality=true
KeyUsage [
  Key_CertSign
  Crl_Sign
]

]
  Algorithm: [SHA256withRSA]
  Signature:
0000: 93 30 97 C5 8C 17 24 91   13 B9 47 9B 71 76 3F 17  .0....$...G.qv?.
0010: 99 C6 00 FD 0D 3F 79 EC   80 92 F3 5D 2B 29 4D AB  .....?y....]+)M.
0020: A6 D5 10 A5 5A DE FD D0   29 04 22 51 FD 4A 9B FC  ....Z...)."Q.J..
0030: 77 25 D7 00 E8 C9 6B 30   1A A4 55 FA 86 12 17 E7  w%....k0..U.....
0040: 12 BD 7F 73 5B 6D A0 4A   E6 6B 26 78 D8 2D 9D 47  ...s[m.J.k&x.-.G
0050: 79 48 7F 21 C5 8A 4A 77   5C 92 4A 55 95 0F FC 71  yH.!..Jw\.JU...q
0060: 9D C8 FA 18 C4 36 3F 37   BE 6A C8 BE C3 F1 C5 78  .....6?7.j.....x
0070: 37 FC 4A B9 15 41 02 C2   84 4C 0E 6F E4 C1 38 82  7.J..A...L.o..8.
0080: 2C FF 68 77 7F 15 C5 AA   F8 7D B3 4E 83 89 BD 34  ,.hw.......N...4
0090: 16 5E E6 01 CB 4B 4B AF   CE 0E ED DD AF 17 77 D8  .^...KK.......w.
00A0: 71 AF 0E 63 D2 F2 26 51   22 C1 68 A6 D1 68 25 10  q..c..&Q".h..h%.
00B0: 57 D7 8D 76 99 6C 71 59   7E F4 F9 C9 EA 67 7C 73  W..v.lqY.....g.s
00C0: 17 CA CE 76 D8 D9 2F 74   66 FE DE BE 19 CE EF 91  ...v../tf.......
00D0: E2 31 C3 74 2F E7 DA 55   26 BF BE DA 51 A0 FD 15  .1.t/..U&...Q...
00E0: 3A EA D7 AE 4A 15 F4 C3   71 63 CA 48 4A 7A 67 49  :...J...qc.HJzgI
00F0: 7F A1 5D EC EB 55 29 CD   E4 FF C8 B8 2F 5E DA 38  ..]..U)...../^.8

]
2024-02-26 09:18:18,326 [main] INFO  ssl.ReloadingX509TrustManager (ReloadingX509TrustManager.java:insertCertsToKeystore(188)) - Trust manager is loaded with certificates
2024-02-26 09:18:18,326 [main] INFO  ssl.ReloadingX509TrustManager (ReloadingX509TrustManager.java:insertCertsToKeystore(192)) - [
[
  Version: V3
  Subject: SERIALNUMBER=1, O=cluster1, OU=scm1, CN=rootCA@localhost
  Signature Algorithm: SHA256withRSA, OID = 1.2.840.113549.1.1.11

  Key:  Sun RSA public key, 2048 bits
  params: null
  modulus: 23279702477364492072177977001322341126840055835612243517164386611455804826016956242028819941772135086645124739063086621627151885949357547153102678220801480679749448140277718725670415110804429973706006770181865681209166439868157972572430610938962538125015447548677229089423983198050580121843220357069303801369166104451426023978764792077811000377629501893684426066415823811577260761440165546569173022975113621336527714410872530344669651925268483648444453699571998518333313473733125500026034290633988208016184266958420078491896740134304042690651026808649356006431028865409547540914098585363182092389820486010558029723099
  public exponent: 65537
  Validity: [From: Mon Feb 26 09:18:18 UTC 2024,
               To: Thu Apr 05 09:18:18 UTC 2029]
  Issuer: SERIALNUMBER=1, O=cluster1, OU=scm1, CN=rootCA@localhost
  SerialNumber: [    01]

Certificate Extensions: 2
[1]: ObjectId: 2.5.29.19 Criticality=true
BasicConstraints:[
  CA:true
  PathLen:2147483647
]

[2]: ObjectId: 2.5.29.15 Criticality=true
KeyUsage [
  Key_CertSign
  Crl_Sign
]

]
  Algorithm: [SHA256withRSA]
  Signature:
0000: 93 30 97 C5 8C 17 24 91   13 B9 47 9B 71 76 3F 17  .0....$...G.qv?.
0010: 99 C6 00 FD 0D 3F 79 EC   80 92 F3 5D 2B 29 4D AB  .....?y....]+)M.
0020: A6 D5 10 A5 5A DE FD D0   29 04 22 51 FD 4A 9B FC  ....Z...)."Q.J..
0030: 77 25 D7 00 E8 C9 6B 30   1A A4 55 FA 86 12 17 E7  w%....k0..U.....
0040: 12 BD 7F 73 5B 6D A0 4A   E6 6B 26 78 D8 2D 9D 47  ...s[m.J.k&x.-.G
0050: 79 48 7F 21 C5 8A 4A 77   5C 92 4A 55 95 0F FC 71  yH.!..Jw\.JU...q
0060: 9D C8 FA 18 C4 36 3F 37   BE 6A C8 BE C3 F1 C5 78  .....6?7.j.....x
0070: 37 FC 4A B9 15 41 02 C2   84 4C 0E 6F E4 C1 38 82  7.J..A...L.o..8.
0080: 2C FF 68 77 7F 15 C5 AA   F8 7D B3 4E 83 89 BD 34  ,.hw.......N...4
0090: 16 5E E6 01 CB 4B 4B AF   CE 0E ED DD AF 17 77 D8  .^...KK.......w.
00A0: 71 AF 0E 63 D2 F2 26 51   22 C1 68 A6 D1 68 25 10  q..c..&Q".h..h%.
00B0: 57 D7 8D 76 99 6C 71 59   7E F4 F9 C9 EA 67 7C 73  W..v.lqY.....g.s
00C0: 17 CA CE 76 D8 D9 2F 74   66 FE DE BE 19 CE EF 91  ...v../tf.......
00D0: E2 31 C3 74 2F E7 DA 55   26 BF BE DA 51 A0 FD 15  .1.t/..U&...Q...
00E0: 3A EA D7 AE 4A 15 F4 C3   71 63 CA 48 4A 7A 67 49  :...J...qc.HJzgI
00F0: 7F A1 5D EC EB 55 29 CD   E4 FF C8 B8 2F 5E DA 38  ..]..U)...../^.8

]
2024-02-26 09:18:18,373 [main] WARN  server.ServerUtils (ServerUtils.java:getScmDbDir(143)) - ozone.scm.db.dirs is not configured. We recommend adding this setting. Falling back to ozone.metadata.dirs instead.
2024-02-26 09:18:18,620 [main] WARN  server.ServerUtils (ServerUtils.java:getScmDbDir(143)) - ozone.scm.db.dirs is not configured. We recommend adding this setting. Falling back to ozone.metadata.dirs instead.
2024-02-26 09:18:18,624 [main] INFO  ha.SCMHANodeDetails (SCMHANodeDetails.java:loadSCMHAConfig(207)) - ServiceID for StorageContainerManager is null
2024-02-26 09:18:18,632 [main] WARN  ha.SCMHANodeDetails (SCMHANodeDetails.java:validateSCMHAConfig(180)) - Default/Configured value of config ozone.scm.ratis.enable conflicts with the expected value. Default/Configured: true. Expected: false. Falling back to the expected value. Current State of SCM: SCM is running without Ratis. Ratis SCM -> Non Ratis SCM is not supported.
2024-02-26 09:18:18,632 [main] INFO  ha.SCMHANodeDetails (SCMHANodeDetails.java:loadSCMHAConfig(212)) - ozone.scm.default.service.id is not defined, falling back to ozone.scm.service.ids to find serviceID for StorageContainerManager if it is HA enabled cluster
2024-02-26 09:18:18,916 [main] WARN  utils.HAUtils (HAUtils.java:getMetaDir(339)) - ozone.scm.db.dirs is not configured. We recommend adding this setting. Falling back to ozone.metadata.dirs instead.
2024-02-26 09:18:19,055 [main] WARN  db.DBStoreBuilder (DBStoreBuilder.java:applyDBDefinition(171)) - ozone.scm.db.dirs is not configured. We recommend adding this setting. Falling back to ozone.metadata.dirs instead.
2024-02-26 09:18:19,065 [main] INFO  utils.LeakDetector (LeakDetector.java:start(73)) - Starting leak detector thread ManagedRocksObject0.
2024-02-26 09:18:19,274 [main] INFO  net.NodeSchemaLoader (NodeSchemaLoader.java:loadSchemaFromFile(129)) - Loading schema from [jar:file:/home/runner/.m2/repository/org/apache/ozone/hdds-common/1.5.0-SNAPSHOT/hdds-common-1.5.0-SNAPSHOT.jar!/network-topology-default.xml]
2024-02-26 09:18:19,276 [main] INFO  net.NodeSchemaLoader (NodeSchemaLoader.java:loadSchema(176)) - Loading network topology layer schema file
2024-02-26 09:18:19,310 [main] INFO  metrics.MetricRegistries (MetricRegistriesLoader.java:load(64)) - Loaded MetricRegistries class org.apache.ratis.metrics.dropwizard3.Dm3MetricRegistriesImpl
2024-02-26 09:18:19,321 [main] INFO  upgrade.AbstractLayoutVersionManager (AbstractLayoutVersionManager.java:init(83)) - Initializing Layout version manager with metadata layout = HADOOP_PRC_PORTS_IN_DATANODEDETAILS (version = 7), software layout = HADOOP_PRC_PORTS_IN_DATANODEDETAILS (version = 7)
2024-02-26 09:18:19,440 [main] INFO  ha.SequenceIdGenerator (SequenceIdGenerator.java:upgradeToSequenceId(370)) - upgrade localId to 113750153625600000
2024-02-26 09:18:19,442 [main] INFO  ha.SequenceIdGenerator (SequenceIdGenerator.java:upgradeToSequenceId(380)) - upgrade delTxnId to 0
2024-02-26 09:18:19,448 [main] INFO  ha.SequenceIdGenerator (SequenceIdGenerator.java:upgradeToSequenceId(397)) - upgrade containerId to 0
2024-02-26 09:18:19,451 [main] INFO  ha.SequenceIdGenerator (SequenceIdGenerator.java:upgradeToCertificateSequenceId(444)) - upgrade CertificateId to 2
2024-02-26 09:18:19,454 [main] INFO  ha.SequenceIdGenerator (SequenceIdGenerator.java:<init>(241)) - Init the HA SequenceIdGenerator.
2024-02-26 09:18:19,506 [main] WARN  server.ServerUtils (ServerUtils.java:sanitizeUserArgs(79)) - ozone.scm.stale.node.interval value = 300000 is larger than max = 100000 based on the key value of ozone.scm.heartbeat.thread.interval, reset to the max value 100000.
2024-02-26 09:18:19,506 [main] WARN  server.ServerUtils (ServerUtils.java:sanitizeUserArgs(79)) - ozone.scm.stale.node.interval value = 300000 is larger than max = 100000 based on the key value of ozone.scm.heartbeat.thread.interval, reset to the max value 100000.
2024-02-26 09:18:19,511 [main] INFO  node.SCMNodeManager (SCMNodeManager.java:<init>(177)) - Entering startup safe mode.
2024-02-26 09:18:19,524 [main] INFO  algorithms.ContainerPlacementPolicyFactory (ContainerPlacementPolicyFactory.java:getPolicyInternal(86)) - Create container placement policy of type org.apache.hadoop.hdds.scm.container.placement.algorithms.SCMContainerPlacementRackAware
2024-02-26 09:18:19,527 [main] INFO  algorithms.ContainerPlacementPolicyFactory (ContainerPlacementPolicyFactory.java:getPolicyInternal(86)) - Create container placement policy of type org.apache.hadoop.hdds.scm.container.placement.algorithms.SCMContainerPlacementRackScatter
2024-02-26 09:18:19,536 [main] INFO  pipeline.PipelineStateManagerImpl (PipelineStateManagerImpl.java:initialize(78)) - No pipeline exists in current db
2024-02-26 09:18:19,549 [main] INFO  algorithms.LeaderChoosePolicyFactory (LeaderChoosePolicyFactory.java:getPolicy(57)) - Create leader choose policy of type org.apache.hadoop.hdds.scm.pipeline.leader.choose.algorithms.MinLeaderCountChoosePolicy
2024-02-26 09:18:19,549 [main] INFO  algorithms.ContainerPlacementPolicyFactory (ContainerPlacementPolicyFactory.java:getPolicyInternal(86)) - Create container placement policy of type org.apache.hadoop.hdds.scm.container.placement.algorithms.SCMContainerPlacementRackScatter
2024-02-26 09:18:19,554 [main] INFO  ha.SCMServiceManager (SCMServiceManager.java:register(42)) - Registering service BackgroundPipelineCreator.
2024-02-26 09:18:19,555 [main] INFO  pipeline.BackgroundPipelineCreator (BackgroundPipelineCreator.java:start(127)) - Starting RatisPipelineUtilsThread.
2024-02-26 09:18:19,560 [main] INFO  BackgroundPipelineScrubber (BackgroundSCMService.java:start(65)) - Starting BackgroundPipelineScrubber Service.
2024-02-26 09:18:19,560 [main] INFO  ha.SCMServiceManager (SCMServiceManager.java:register(42)) - Registering service BackgroundPipelineScrubber.
2024-02-26 09:18:19,567 [main] INFO  ExpiredContainerReplicaOpScrubber (BackgroundSCMService.java:start(65)) - Starting ExpiredContainerReplicaOpScrubber Service.
2024-02-26 09:18:19,567 [main] INFO  ha.SCMServiceManager (SCMServiceManager.java:register(42)) - Registering service ExpiredContainerReplicaOpScrubber.
2024-02-26 09:18:19,589 [main] INFO  algorithms.PipelineChoosePolicyFactory (PipelineChoosePolicyFactory.java:createPipelineChoosePolicyFromClass(80)) - Create pipeline choose policy of type org.apache.hadoop.hdds.scm.pipeline.choose.algorithms.RandomPipelineChoosePolicy
2024-02-26 09:18:19,590 [main] INFO  algorithms.PipelineChoosePolicyFactory (PipelineChoosePolicyFactory.java:createPipelineChoosePolicyFromClass(80)) - Create pipeline choose policy of type org.apache.hadoop.hdds.scm.pipeline.choose.algorithms.RandomPipelineChoosePolicy
2024-02-26 09:18:19,614 [main] INFO  ha.SCMServiceManager (SCMServiceManager.java:register(42)) - Registering service SCMBlockDeletingService.
2024-02-26 09:18:19,677 [main] INFO  replication.ReplicationManager (ReplicationManager.java:start(295)) - Starting Replication Monitor Thread.
2024-02-26 09:18:19,678 [ReplicationMonitor] INFO  replication.ReplicationManager (ReplicationManager.java:processAll(370)) - Replication Manager is not ready to run until 3000ms after safemode exit
2024-02-26 09:18:19,678 [main] INFO  ha.SCMServiceManager (SCMServiceManager.java:register(42)) - Registering service ReplicationManager.
2024-02-26 09:18:19,689 [main] INFO  safemode.ContainerSafeModeRule (ContainerSafeModeRule.java:<init>(91)) - containers with one replica threshold count 0
2024-02-26 09:18:19,693 [main] INFO  safemode.HealthyPipelineSafeModeRule (HealthyPipelineSafeModeRule.java:initializeRule(176)) - Total pipeline count is 0, healthy pipeline threshold count is 1
2024-02-26 09:18:19,695 [main] INFO  safemode.OneReplicaPipelineSafeModeRule (OneReplicaPipelineSafeModeRule.java:initializeRule(193)) - Total pipeline count is 0, pipeline's with at least one datanode reported threshold count is 0
2024-02-26 09:18:19,738 [main] INFO  server.StorageContainerManager (StorageContainerManager.java:<init>(440)) - SCM start with adminUsers: [runner]
2024-02-26 09:18:19,764 [main] INFO  audit.AuditLogger (AuditLogger.java:refreshDebugCmdSet(135)) - Refresh DebugCmdSet for SCMAudit to [].
2024-02-26 09:18:19,795 [main] INFO  ipc.CallQueueManager (CallQueueManager.java:<init>(90)) - Using callQueue: class java.util.concurrent.LinkedBlockingQueue, queueCapacity: 10000, scheduler: class org.apache.hadoop.ipc.DefaultRpcScheduler, ipcBackoff: false.
2024-02-26 09:18:19,828 [main] INFO  ipc.Server (Server.java:<init>(1287)) - Listener at 0.0.0.0:15002
2024-02-26 09:18:19,831 [Socket Reader #1 for port 15002] INFO  ipc.Server (Server.java:run(1323)) - Starting Socket Reader #1 for port 15002
2024-02-26 09:18:19,886 [main] INFO  audit.AuditLogger (AuditLogger.java:refreshDebugCmdSet(135)) - Refresh DebugCmdSet for SCMAudit to [].
2024-02-26 09:18:19,892 [main] INFO  ipc.CallQueueManager (CallQueueManager.java:<init>(90)) - Using callQueue: class java.util.concurrent.LinkedBlockingQueue, queueCapacity: 10000, scheduler: class org.apache.hadoop.ipc.DefaultRpcScheduler, ipcBackoff: false.
2024-02-26 09:18:19,892 [main] INFO  ipc.Server (Server.java:<init>(1287)) - Listener at 0.0.0.0:15001
2024-02-26 09:18:19,893 [Socket Reader #1 for port 15001] INFO  ipc.Server (Server.java:run(1323)) - Starting Socket Reader #1 for port 15001
2024-02-26 09:18:19,924 [main] INFO  audit.AuditLogger (AuditLogger.java:refreshDebugCmdSet(135)) - Refresh DebugCmdSet for SCMAudit to [].
2024-02-26 09:18:19,936 [main] INFO  ipc.CallQueueManager (CallQueueManager.java:<init>(90)) - Using callQueue: class java.util.concurrent.LinkedBlockingQueue, queueCapacity: 10000, scheduler: class org.apache.hadoop.ipc.DefaultRpcScheduler, ipcBackoff: false.
2024-02-26 09:18:19,936 [main] INFO  ipc.Server (Server.java:<init>(1287)) - Listener at 0.0.0.0:15000
2024-02-26 09:18:19,937 [Socket Reader #1 for port 15000] INFO  ipc.Server (Server.java:run(1323)) - Starting Socket Reader #1 for port 15000
2024-02-26 09:18:19,987 [main] INFO  ha.SCMServiceManager (SCMServiceManager.java:register(42)) - Registering service ContainerBalancer.
2024-02-26 09:18:19,992 [main] INFO  ha.SCMContext (SCMContext.java:updateSafeModeStatus(225)) - Update SafeModeStatus from SafeModeStatus{safeModeStatus=true, preCheckPassed=false} to SafeModeStatus{safeModeStatus=true, preCheckPassed=false}.
2024-02-26 09:18:19,995 [main] INFO  server.StorageContainerManager (StorageContainerManager.java:start(1545)) - StorageContainerLocationProtocol RPC server is listening at /0.0.0.0:15000
2024-02-26 09:18:20,061 [main] WARN  impl.MetricsConfig (MetricsConfig.java:loadFirst(136)) - Cannot locate configuration: tried hadoop-metrics2-storagecontainermanager.properties,hadoop-metrics2.properties
2024-02-26 09:18:20,073 [main] INFO  impl.MetricsSystemImpl (MetricsSystemImpl.java:startTimer(378)) - Scheduled Metric snapshot period at 10 second(s).
2024-02-26 09:18:20,074 [main] INFO  impl.MetricsSystemImpl (MetricsSystemImpl.java:start(191)) - StorageContainerManager metrics system started
2024-02-26 09:18:20,144 [main] INFO  server.SCMClientProtocolServer (SCMClientProtocolServer.java:start(204)) - RPC server for Client  is listening at /0.0.0.0:15000
2024-02-26 09:18:20,144 [IPC Server Responder] INFO  ipc.Server (Server.java:run(1562)) - IPC Server Responder: starting
2024-02-26 09:18:20,147 [IPC Server listener on 15000] INFO  ipc.Server (Server.java:run(1402)) - IPC Server listener on 15000: starting
2024-02-26 09:18:20,157 [main] INFO  server.StorageContainerManager (StorageContainerManager.java:start(1558)) - ScmBlockLocationProtocol RPC server is listening at /0.0.0.0:15001
2024-02-26 09:18:20,158 [main] INFO  server.SCMBlockProtocolServer (SCMBlockProtocolServer.java:start(160)) - RPC server for Block Protocol is listening at /0.0.0.0:15001
2024-02-26 09:18:20,159 [IPC Server Responder] INFO  ipc.Server (Server.java:run(1562)) - IPC Server Responder: starting
2024-02-26 09:18:20,159 [IPC Server listener on 15001] INFO  ipc.Server (Server.java:run(1402)) - IPC Server listener on 15001: starting
2024-02-26 09:18:20,170 [main] INFO  server.SCMDatanodeProtocolServer (SCMDatanodeProtocolServer.java:start(194)) - ScmDatanodeProtocol RPC server for DataNodes is listening at /0.0.0.0:15002
2024-02-26 09:18:20,170 [IPC Server Responder] INFO  ipc.Server (Server.java:run(1562)) - IPC Server Responder: starting
2024-02-26 09:18:20,171 [IPC Server listener on 15002] INFO  ipc.Server (Server.java:run(1402)) - IPC Server listener on 15002: starting
2024-02-26 09:18:20,189 [JvmPauseMonitor0] INFO  util.JvmPauseMonitor (JvmPauseMonitor.java:run(146)) - JvmPauseMonitor-e4ff60fa-b5e3-404a-a3d4-6453929d4fd6: Started
2024-02-26 09:18:20,198 [main] INFO  http.BaseHttpServer (BaseHttpServer.java:newHttpServer2BuilderForOzone(223)) - Starting Web-server for scm at: http://0.0.0.0:15003
2024-02-26 09:18:20,198 [main] INFO  http.BaseHttpServer (BaseHttpServer.java:<init>(110)) - Hadoop Security Enabled: false Ozone Security Enabled: false Ozone HTTP Security Enabled: false 
2024-02-26 09:18:20,222 [main] INFO  util.log (Log.java:initialized(170)) - Logging initialized @4854ms to org.eclipse.jetty.util.log.Slf4jLog
2024-02-26 09:18:20,300 [main] WARN  server.AuthenticationFilter (AuthenticationFilter.java:constructSecretProvider(240)) - Unable to initialize FileSignerSecretProvider, falling back to use random secrets. Reason: Could not read signature secret file: /home/runner/hadoop-http-auth-signature-secret
2024-02-26 09:18:20,304 [main] INFO  http.HttpRequestLog (HttpRequestLog.java:getRequestLog(86)) - Http request log for http.requests.scm is not defined
2024-02-26 09:18:20,308 [main] INFO  http.HttpServer2 (HttpServer2.java:addGlobalFilter(1036)) - Added global filter 'safety' (class=org.apache.hadoop.hdds.server.http.HttpServer2$QuotingInputFilter)
2024-02-26 09:18:20,310 [main] INFO  http.HttpServer2 (HttpServer2.java:addFilter(1012)) - Added filter static_user_filter (class=org.apache.hadoop.http.lib.StaticUserWebFilter$StaticUserFilter) to context scm
2024-02-26 09:18:20,310 [main] INFO  http.HttpServer2 (HttpServer2.java:addFilter(1020)) - Added filter static_user_filter (class=org.apache.hadoop.http.lib.StaticUserWebFilter$StaticUserFilter) to context logs
2024-02-26 09:18:20,310 [main] INFO  http.HttpServer2 (HttpServer2.java:addFilter(1020)) - Added filter static_user_filter (class=org.apache.hadoop.http.lib.StaticUserWebFilter$StaticUserFilter) to context static
2024-02-26 09:18:20,336 [main] INFO  http.BaseHttpServer (BaseHttpServer.java:<init>(189)) - HTTP server of scm uses base directory /home/runner/work/ozone/ozone/hadoop-ozone/integration-test/target/test-dir/MiniOzoneClusterImpl-0d79f430-b8c0-477e-97b7-98e50d733022/ozone-meta/webserver
2024-02-26 09:18:20,337 [main] INFO  http.HttpServer2 (HttpServer2.java:bindListener(1236)) - Jetty bound to port 15003
2024-02-26 09:18:20,338 [main] INFO  server.Server (Server.java:doStart(375)) - jetty-9.4.53.v20231009; built: 2023-10-09T12:29:09.265Z; git: 27bde00a0b95a1d5bbee0eae7984f891d2d0f8c9; jvm 1.8.0_402-b06
2024-02-26 09:18:20,356 [main] INFO  server.session (DefaultSessionIdManager.java:doStart(334)) - DefaultSessionIdManager workerName=node0
2024-02-26 09:18:20,357 [main] INFO  server.session (DefaultSessionIdManager.java:doStart(339)) - No SessionScavenger set, using defaults
2024-02-26 09:18:20,358 [main] INFO  server.session (HouseKeeper.java:startScavenging(132)) - node0 Scavenging every 660000ms
2024-02-26 09:18:20,366 [main] INFO  handler.ContextHandler (ContextHandler.java:doStart(921)) - Started o.e.j.s.ServletContextHandler@16be2c40{logs,/logs,file:///home/runner/work/ozone/ozone/hadoop-ozone/integration-test/target/log,AVAILABLE}
2024-02-26 09:18:20,367 [main] INFO  handler.ContextHandler (ContextHandler.java:doStart(921)) - Started o.e.j.s.ServletContextHandler@7451338e{static,/static,file:///home/runner/work/ozone/ozone/hadoop-ozone/integration-test/target/test-classes/webapps/static,AVAILABLE}
2024-02-26 09:18:20,397 [main] INFO  handler.ContextHandler (ContextHandler.java:doStart(921)) - Started o.e.j.w.WebAppContext@b15da69{scm,/,file:///home/runner/work/ozone/ozone/hadoop-ozone/integration-test/target/test-classes/webapps/scm/,AVAILABLE}{file:/home/runner/work/ozone/ozone/hadoop-ozone/integration-test/target/test-classes/webapps/scm}
2024-02-26 09:18:20,404 [main] INFO  server.AbstractConnector (AbstractConnector.java:doStart(333)) - Started ServerConnector@2220780d{HTTP/1.1, (http/1.1)}{0.0.0.0:15003}
2024-02-26 09:18:20,406 [main] INFO  server.Server (Server.java:doStart(415)) - Started @5036ms
2024-02-26 09:18:20,408 [main] INFO  impl.MetricsSinkAdapter (MetricsSinkAdapter.java:start(204)) - Sink prometheus started
2024-02-26 09:18:20,408 [main] INFO  impl.MetricsSystemImpl (MetricsSystemImpl.java:registerSink(305)) - Registered sink prometheus
2024-02-26 09:18:20,409 [main] INFO  http.BaseHttpServer (BaseHttpServer.java:updateConnectorAddress(354)) - HTTP server of scm listening at http://0.0.0.0:15003
2024-02-26 09:18:20,411 [main] WARN  server.ServerUtils (ServerUtils.java:getDBPath(299)) - ozone.om.db.dirs is not configured. We recommend adding this setting. Falling back to ozone.metadata.dirs instead.
2024-02-26 09:18:20,418 [main] INFO  ha.OMHANodeDetails (OMHANodeDetails.java:loadOMHAConfig(115)) - ozone.om.internal.service.id is not defined, falling back to ozone.om.service.ids to find serviceID for OzoneManager if it is HA enabled cluster
2024-02-26 09:18:20,422 [main] INFO  ha.OMHANodeDetails (OMHANodeDetails.java:loadOMHAConfig(226)) - Configuration does not have ozone.om.address set. Falling back to the default OM address /127.0.0.1:15004
2024-02-26 09:18:20,422 [main] INFO  ha.OMHANodeDetails (OMHANodeDetails.java:getOMNodeDetailsForNonHA(254)) - OM Service ID is not set. Setting it to the default ID: omServiceIdDefault
2024-02-26 09:18:20,422 [main] INFO  ha.OMHANodeDetails (OMHANodeDetails.java:getOMNodeDetailsForNonHA(261)) - OM Node ID is not set. Setting it to the default ID: om1
2024-02-26 09:18:20,426 [main] WARN  server.ServerUtils (ServerUtils.java:getDBPath(299)) - ozone.om.db.dirs is not configured. We recommend adding this setting. Falling back to ozone.metadata.dirs instead.
2024-02-26 09:18:20,429 [main] INFO  upgrade.AbstractLayoutVersionManager (AbstractLayoutVersionManager.java:init(83)) - Initializing Layout version manager with metadata layout = QUOTA (version = 6), software layout = QUOTA (version = 6)
2024-02-26 09:18:20,523 [main] INFO  upgrade.OMLayoutVersionManager (OMLayoutVersionManager.java:lambda$0(113)) - Skipping Upgrade Action MockOmUpgradeAction since it has been finalized.
2024-02-26 09:18:20,523 [main] INFO  upgrade.OMLayoutVersionManager (OMLayoutVersionManager.java:lambda$0(113)) - Skipping Upgrade Action QuotaRepairUpgradeAction since it has been finalized.
2024-02-26 09:18:20,525 [main] WARN  server.ServerUtils (ServerUtils.java:getDBPath(299)) - ozone.om.db.dirs is not configured. We recommend adding this setting. Falling back to ozone.metadata.dirs instead.
2024-02-26 09:18:20,669 [main] INFO  proxy.SCMBlockLocationFailoverProxyProvider (SCMBlockLocationFailoverProxyProvider.java:<init>(115)) - Created block location fail-over proxy with 1 nodes: [nodeId=scmNodeId,nodeAddress=/0.0.0.0:15001]
2024-02-26 09:18:20,718 [main] INFO  om.OzoneManager (OzoneManager.java:<init>(672)) - OM start with adminUsers: [runner]
2024-02-26 09:18:20,735 [main] WARN  server.ServerUtils (ServerUtils.java:getDBPath(299)) - ozone.om.db.dirs is not configured. We recommend adding this setting. Falling back to ozone.metadata.dirs instead.
2024-02-26 09:18:20,758 [main] INFO  helpers.OmKeyInfo (OmKeyInfo.java:getCodec(71)) - OmKeyInfo.getCodec ignorePipeline = true
2024-02-26 09:18:20,974 [main] INFO  om.OzoneManager (OzoneManager.java:instantiateServices(804)) - S3 Multi-Tenancy is disabled
2024-02-26 09:18:20,986 [main] INFO  security.OzoneSecretStore (OzoneSecretStore.java:loadState(69)) - Loaded 0 tokens
2024-02-26 09:18:20,986 [main] INFO  security.OzoneDelegationTokenSecretManager (OzoneDelegationTokenSecretManager.java:loadTokenSecretState(514)) - Loading token state into token manager.
2024-02-26 09:18:21,008 [main] INFO  om.OmSnapshotManager (OmSnapshotManager.java:<init>(177)) - Ozone filesystem snapshot feature is enabled.
2024-02-26 09:18:21,014 [main] WARN  server.ServerUtils (ServerUtils.java:getDBPath(299)) - ozone.om.snapshot.diff.db.dir is not configured. We recommend adding this setting. Falling back to ozone.metadata.dirs instead.
2024-02-26 09:18:21,051 [main] INFO  utils.NativeLibraryLoader (NativeLibraryLoader.java:loadLibrary(108)) - Loading Library: ozone_rocksdb_tools
2024-02-26 09:18:21,052 [main] ERROR snapshot.SnapshotDiffManager (SnapshotDiffManager.java:initNativeLibraryForEfficientDiff(287)) - Native Library for raw sst file reading loading failed.
org.apache.hadoop.hdds.utils.NativeLibraryNotLoadedException: Unable to load library ozone_rocksdb_tools from both java.library.path & resource file libozone_rocksdb_tools.so from jar.
	at org.apache.hadoop.hdds.utils.db.managed.ManagedRawSSTFileReader.loadLibrary(ManagedRawSSTFileReader.java:38)
	at org.apache.hadoop.ozone.om.snapshot.SnapshotDiffManager.initNativeLibraryForEfficientDiff(SnapshotDiffManager.java:285)
	at org.apache.hadoop.ozone.om.snapshot.SnapshotDiffManager.<init>(SnapshotDiffManager.java:259)
	at org.apache.hadoop.ozone.om.OmSnapshotManager.<init>(OmSnapshotManager.java:279)
	at org.apache.hadoop.ozone.om.OzoneManager.instantiateServices(OzoneManager.java:856)
	at org.apache.hadoop.ozone.om.OzoneManager.<init>(OzoneManager.java:682)
	at org.apache.hadoop.ozone.om.OzoneManager.createOm(OzoneManager.java:767)
	at org.apache.hadoop.ozone.MiniOzoneClusterImpl$Builder.createOM(MiniOzoneClusterImpl.java:688)
	at org.apache.hadoop.ozone.MiniOzoneClusterImpl$Builder.createAndStartSingleOM(MiniOzoneClusterImpl.java:672)
	at org.apache.hadoop.ozone.MiniOzoneClusterImpl$Builder.build(MiniOzoneClusterImpl.java:536)
	at org.apache.hadoop.ozone.client.rpc.TestSecureOzoneRpcClient.init(TestSecureOzoneRpcClient.java:132)
	at sun.reflect.NativeMethodAccessorImpl.invoke0(Native Method)
	at sun.reflect.NativeMethodAccessorImpl.invoke(NativeMethodAccessorImpl.java:62)
	at sun.reflect.DelegatingMethodAccessorImpl.invoke(DelegatingMethodAccessorImpl.java:43)
	at java.lang.reflect.Method.invoke(Method.java:498)
	at org.junit.platform.commons.util.ReflectionUtils.invokeMethod(ReflectionUtils.java:728)
	at org.junit.jupiter.engine.execution.MethodInvocation.proceed(MethodInvocation.java:60)
	at org.junit.jupiter.engine.execution.InvocationInterceptorChain$ValidatingInvocation.proceed(InvocationInterceptorChain.java:131)
	at org.junit.jupiter.engine.extension.TimeoutExtension.intercept(TimeoutExtension.java:156)
	at org.junit.jupiter.engine.extension.TimeoutExtension.interceptLifecycleMethod(TimeoutExtension.java:128)
	at org.junit.jupiter.engine.extension.TimeoutExtension.interceptBeforeAllMethod(TimeoutExtension.java:70)
	at org.junit.jupiter.engine.execution.InterceptingExecutableInvoker$ReflectiveInterceptorCall.lambda$ofVoidMethod$0(InterceptingExecutableInvoker.java:103)
	at org.junit.jupiter.engine.execution.InterceptingExecutableInvoker.lambda$invoke$0(InterceptingExecutableInvoker.java:93)
	at org.junit.jupiter.engine.execution.InvocationInterceptorChain$InterceptedInvocation.proceed(InvocationInterceptorChain.java:106)
	at org.junit.jupiter.engine.execution.InvocationInterceptorChain.proceed(InvocationInterceptorChain.java:64)
	at org.junit.jupiter.engine.execution.InvocationInterceptorChain.chainAndInvoke(InvocationInterceptorChain.java:45)
	at org.junit.jupiter.engine.execution.InvocationInterceptorChain.invoke(InvocationInterceptorChain.java:37)
	at org.junit.jupiter.engine.execution.InterceptingExecutableInvoker.invoke(InterceptingExecutableInvoker.java:92)
	at org.junit.jupiter.engine.execution.InterceptingExecutableInvoker.invoke(InterceptingExecutableInvoker.java:86)
	at org.junit.jupiter.engine.descriptor.ClassBasedTestDescriptor.lambda$invokeBeforeAllMethods$13(ClassBasedTestDescriptor.java:412)
	at org.junit.platform.engine.support.hierarchical.ThrowableCollector.execute(ThrowableCollector.java:73)
	at org.junit.jupiter.engine.descriptor.ClassBasedTestDescriptor.invokeBeforeAllMethods(ClassBasedTestDescriptor.java:410)
	at org.junit.jupiter.engine.descriptor.ClassBasedTestDescriptor.before(ClassBasedTestDescriptor.java:216)
	at org.junit.jupiter.engine.descriptor.ClassBasedTestDescriptor.before(ClassBasedTestDescriptor.java:85)
	at org.junit.platform.engine.support.hierarchical.NodeTestTask.lambda$executeRecursively$6(NodeTestTask.java:148)
	at org.junit.platform.engine.support.hierarchical.ThrowableCollector.execute(ThrowableCollector.java:73)
	at org.junit.platform.engine.support.hierarchical.NodeTestTask.lambda$executeRecursively$8(NodeTestTask.java:141)
	at org.junit.platform.engine.support.hierarchical.Node.around(Node.java:137)
	at org.junit.platform.engine.support.hierarchical.NodeTestTask.lambda$executeRecursively$9(NodeTestTask.java:139)
	at org.junit.platform.engine.support.hierarchical.ThrowableCollector.execute(ThrowableCollector.java:73)
	at org.junit.platform.engine.support.hierarchical.NodeTestTask.executeRecursively(NodeTestTask.java:138)
	at org.junit.platform.engine.support.hierarchical.NodeTestTask.execute(NodeTestTask.java:95)
	at java.util.ArrayList.forEach(ArrayList.java:1259)
	at org.junit.platform.engine.support.hierarchical.SameThreadHierarchicalTestExecutorService.invokeAll(SameThreadHierarchicalTestExecutorService.java:41)
	at org.junit.platform.engine.support.hierarchical.NodeTestTask.lambda$executeRecursively$6(NodeTestTask.java:155)
	at org.junit.platform.engine.support.hierarchical.ThrowableCollector.execute(ThrowableCollector.java:73)
	at org.junit.platform.engine.support.hierarchical.NodeTestTask.lambda$executeRecursively$8(NodeTestTask.java:141)
	at org.junit.platform.engine.support.hierarchical.Node.around(Node.java:137)
	at org.junit.platform.engine.support.hierarchical.NodeTestTask.lambda$executeRecursively$9(NodeTestTask.java:139)
	at org.junit.platform.engine.support.hierarchical.ThrowableCollector.execute(ThrowableCollector.java:73)
	at org.junit.platform.engine.support.hierarchical.NodeTestTask.executeRecursively(NodeTestTask.java:138)
	at org.junit.platform.engine.support.hierarchical.NodeTestTask.execute(NodeTestTask.java:95)
	at org.junit.platform.engine.support.hierarchical.SameThreadHierarchicalTestExecutorService.submit(SameThreadHierarchicalTestExecutorService.java:35)
	at org.junit.platform.engine.support.hierarchical.HierarchicalTestExecutor.execute(HierarchicalTestExecutor.java:57)
	at org.junit.platform.engine.support.hierarchical.HierarchicalTestEngine.execute(HierarchicalTestEngine.java:54)
	at org.junit.platform.launcher.core.EngineExecutionOrchestrator.execute(EngineExecutionOrchestrator.java:198)
	at org.junit.platform.launcher.core.EngineExecutionOrchestrator.execute(EngineExecutionOrchestrator.java:169)
	at org.junit.platform.launcher.core.EngineExecutionOrchestrator.execute(EngineExecutionOrchestrator.java:93)
	at org.junit.platform.launcher.core.EngineExecutionOrchestrator.lambda$execute$0(EngineExecutionOrchestrator.java:58)
	at org.junit.platform.launcher.core.EngineExecutionOrchestrator.withInterceptedStreams(EngineExecutionOrchestrator.java:141)
	at org.junit.platform.launcher.core.EngineExecutionOrchestrator.execute(EngineExecutionOrchestrator.java:57)
	at org.junit.platform.launcher.core.DefaultLauncher.execute(DefaultLauncher.java:103)
	at org.junit.platform.launcher.core.DefaultLauncher.execute(DefaultLauncher.java:85)
	at org.junit.platform.launcher.core.DelegatingLauncher.execute(DelegatingLauncher.java:47)
	at org.junit.platform.launcher.core.SessionPerRequestLauncher.execute(SessionPerRequestLauncher.java:63)
	at org.apache.maven.surefire.junitplatform.JUnitPlatformProvider.execute(JUnitPlatformProvider.java:188)
	at org.apache.maven.surefire.junitplatform.JUnitPlatformProvider.invokeAllTests(JUnitPlatformProvider.java:154)
	at org.apache.maven.surefire.junitplatform.JUnitPlatformProvider.invoke(JUnitPlatformProvider.java:124)
	at org.apache.maven.surefire.booter.ForkedBooter.runSuitesInProcess(ForkedBooter.java:428)
	at org.apache.maven.surefire.booter.ForkedBooter.execute(ForkedBooter.java:162)
	at org.apache.maven.surefire.booter.ForkedBooter.run(ForkedBooter.java:562)
	at org.apache.maven.surefire.booter.ForkedBooter.main(ForkedBooter.java:548)
2024-02-26 09:18:21,105 [main] INFO  om.OzoneManager (OzoneManager.java:addS3GVolumeToDB(4425)) - Created Volume s3v With Owner runner required for S3Gateway operations.
2024-02-26 09:18:21,155 [main] WARN  server.ServerUtils (ServerUtils.java:getDefaultRatisDirectory(311)) - Storage directory for Ratis is not configured. It is a good idea to map this to an SSD disk. Falling back to ozone.metadata.dirs
2024-02-26 09:18:21,155 [main] WARN  utils.OzoneManagerRatisUtils (OzoneManagerRatisUtils.java:getOMRatisSnapshotDirectory(476)) - ozone.om.ratis.snapshot.dir is not configured. Falling back to ozone.metadata.dirs config
2024-02-26 09:18:21,167 [main] WARN  server.ServerUtils (ServerUtils.java:getDefaultRatisDirectory(311)) - Storage directory for Ratis is not configured. It is a good idea to map this to an SSD disk. Falling back to ozone.metadata.dirs
2024-02-26 09:18:21,186 [main] INFO  ratis.OzoneManagerRatisServer (OzoneManagerRatisServer.java:<init>(167)) - Instantiating OM Ratis server with groupID: omServiceIdDefault and peers: localhost:15007
2024-02-26 09:18:21,193 [main] INFO  ratis.OzoneManagerStateMachine (OzoneManagerStateMachine.java:loadSnapshotInfoFromDB(576)) - TransactionInfo not found in OM DB.
2024-02-26 09:18:21,242 [main] INFO  server.RaftServer (ConfUtils.java:logGet(46)) - raft.rpc.type = GRPC (default)
2024-02-26 09:18:21,250 [main] INFO  grpc.GrpcConfigKeys (ConfUtils.java:logFallback(53)) - raft.grpc.admin.host = null (fallback to raft.grpc.server.host)
2024-02-26 09:18:21,251 [main] INFO  grpc.GrpcConfigKeys (ConfUtils.java:logFallback(53)) - raft.grpc.admin.port = 15007 (fallback to raft.grpc.server.port)
2024-02-26 09:18:21,251 [main] INFO  grpc.GrpcConfigKeys (ConfUtils.java:logFallback(53)) - raft.grpc.client.host = null (fallback to raft.grpc.server.host)
2024-02-26 09:18:21,252 [main] INFO  grpc.GrpcConfigKeys (ConfUtils.java:logFallback(53)) - raft.grpc.client.port = 15007 (fallback to raft.grpc.server.port)
2024-02-26 09:18:21,252 [main] INFO  grpc.GrpcConfigKeys (ConfUtils.java:logGet(46)) - raft.grpc.server.host = null (default)
2024-02-26 09:18:21,252 [main] INFO  grpc.GrpcConfigKeys (ConfUtils.java:logGet(46)) - raft.grpc.server.port = 15007 (custom)
2024-02-26 09:18:21,253 [main] INFO  server.GrpcService (ConfUtils.java:logGet(46)) - raft.grpc.message.size.max = 4194304 (custom)
2024-02-26 09:18:21,254 [main] INFO  server.RaftServerConfigKeys (ConfUtils.java:logGet(46)) - raft.server.log.appender.buffer.byte-limit = 4194304 (custom)
2024-02-26 09:18:21,254 [main] INFO  server.GrpcService (ConfUtils.java:logGet(46)) - raft.grpc.flow.control.window = 1MB (=1048576) (default)
2024-02-26 09:18:21,255 [main] INFO  server.RaftServerConfigKeys (ConfUtils.java:logGet(46)) - raft.server.rpc.request.timeout = 3000ms (default)
2024-02-26 09:18:21,264 [main] INFO  grpc.GrpcConfigKeys (ConfUtils.java:logGet(46)) - raft.grpc.server.heartbeat.channel = true (default)
2024-02-26 09:18:21,266 [main] INFO  grpc.GrpcConfigKeys (ConfUtils.java:logGet(46)) - raft.grpc.server.async.request.thread.pool.cached = true (default)
2024-02-26 09:18:21,267 [main] INFO  grpc.GrpcConfigKeys (ConfUtils.java:logGet(46)) - raft.grpc.server.async.request.thread.pool.size = 32 (default)
2024-02-26 09:18:21,531 [main] INFO  impl.DataStreamServerImpl (ConfUtils.java:logGet(46)) - raft.datastream.type = DISABLED (default)
2024-02-26 09:18:21,532 [main] INFO  server.RaftServerConfigKeys (ConfUtils.java:logGet(46)) - raft.server.sleep.deviation.threshold = 300ms (default)
2024-02-26 09:18:21,532 [main] INFO  server.RaftServerConfigKeys (ConfUtils.java:logGet(46)) - raft.server.close.threshold = 60s (default)
2024-02-26 09:18:21,533 [main] INFO  server.RaftServerConfigKeys (ConfUtils.java:logGet(46)) - raft.server.leaderelection.leader.step-down.wait-time = 10s (default)
2024-02-26 09:18:21,534 [main] INFO  server.RaftServerConfigKeys (ConfUtils.java:logGet(46)) - raft.server.storage.dir = [/home/runner/work/ozone/ozone/hadoop-ozone/integration-test/target/test-dir/MiniOzoneClusterImpl-0d79f430-b8c0-477e-97b7-98e50d733022/ozone-meta/ratis] (custom)
2024-02-26 09:18:21,535 [main] INFO  server.RaftServerConfigKeys (ConfUtils.java:logGet(46)) - raft.server.threadpool.proxy.cached = true (default)
2024-02-26 09:18:21,535 [main] INFO  server.RaftServerConfigKeys (ConfUtils.java:logGet(46)) - raft.server.threadpool.proxy.size = 0 (default)
2024-02-26 09:18:21,540 [main] INFO  server.RaftServer (RaftServerProxy.java:addNew(100)) - om1: addNew group-C5BA1605619E:[om1|localhost:15007] returns group-C5BA1605619E:java.util.concurrent.CompletableFuture@3b3cc6b1[Not completed]
2024-02-26 09:18:21,540 [main] INFO  om.OzoneManager (OzoneManager.java:initializeRatisServer(2140)) - OzoneManager Ratis server initialized at port 15007
2024-02-26 09:18:21,544 [main] INFO  om.OzoneManager (OzoneManager.java:getRpcServer(1206)) - Creating RPC Server
2024-02-26 09:18:21,557 [om1-groupManagement] INFO  server.RaftServer$Division (RaftServerImpl.java:<init>(256)) - om1: new RaftServerImpl for group-C5BA1605619E:[om1|localhost:15007] with OzoneManagerStateMachine:uninitialized
2024-02-26 09:18:21,558 [om1-groupManagement] INFO  server.RaftServerConfigKeys (ConfUtils.java:logGet(46)) - raft.server.rpc.timeout.min = 1s (custom)
2024-02-26 09:18:21,559 [om1-groupManagement] INFO  server.RaftServerConfigKeys (ConfUtils.java:logGet(46)) - raft.server.rpc.timeout.max = 1200ms (custom)
2024-02-26 09:18:21,559 [om1-groupManagement] INFO  server.RaftServerConfigKeys (ConfUtils.java:logGet(46)) - raft.server.rpc.sleep.time = 25ms (default)
2024-02-26 09:18:21,560 [om1-groupManagement] INFO  server.RaftServerConfigKeys (ConfUtils.java:logGet(46)) - raft.server.rpc.slowness.timeout = 120s (custom)
2024-02-26 09:18:21,560 [om1-groupManagement] INFO  server.RaftServerConfigKeys (ConfUtils.java:logGet(46)) - raft.server.leaderelection.leader.step-down.wait-time = 10s (default)
2024-02-26 09:18:21,560 [om1-groupManagement] INFO  server.RaftServerConfigKeys (ConfUtils.java:logGet(46)) - raft.server.leaderelection.member.majority-add = false (default)
2024-02-26 09:18:21,560 [om1-groupManagement] INFO  server.RaftServerConfigKeys (ConfUtils.java:logGet(46)) - raft.server.sleep.deviation.threshold = 300ms (default)
2024-02-26 09:18:21,566 [om1-groupManagement] INFO  server.RaftServer$Division (ServerState.java:<init>(113)) - om1@group-C5BA1605619E: ConfigurationManager, init=-1: peers:[om1|localhost:15007]|listeners:[], old=null, confs=<EMPTY_MAP>
2024-02-26 09:18:21,574 [om1-groupManagement] INFO  server.RaftServerConfigKeys (ConfUtils.java:logGet(46)) - raft.server.notification.no-leader.timeout = 120s (custom)
2024-02-26 09:18:21,577 [om1-groupManagement] INFO  server.RaftServerConfigKeys (ConfUtils.java:logGet(46)) - raft.server.read.timeout = 10s (default)
2024-02-26 09:18:21,580 [om1-groupManagement] INFO  server.RaftServerConfigKeys (ConfUtils.java:logGet(46)) - raft.server.retrycache.expirytime = 300s (custom)
2024-02-26 09:18:21,580 [om1-groupManagement] INFO  server.RaftServerConfigKeys (ConfUtils.java:logGet(46)) - raft.server.retrycache.statistics.expirytime = 100ms (default)
2024-02-26 09:18:21,584 [om1-groupManagement] INFO  server.RaftServerConfigKeys (ConfUtils.java:logGet(46)) - raft.server.read.option = DEFAULT (default)
2024-02-26 09:18:21,585 [om1-groupManagement] INFO  server.RaftServerConfigKeys (ConfUtils.java:logGet(46)) - raft.server.read.read-after-write-consistent.write-index-cache.expiry-time = 60s (default)
2024-02-26 09:18:21,681 [om1-groupManagement] INFO  server.RaftServerConfigKeys (ConfUtils.java:logGet(46)) - raft.server.rpc.request.timeout = 3000ms (default)
2024-02-26 09:18:21,684 [om1-groupManagement] INFO  server.RaftServerConfigKeys (ConfUtils.java:logGet(46)) - raft.server.log.appender.install.snapshot.enabled = false (custom)
2024-02-26 09:18:21,684 [om1-groupManagement] INFO  server.RaftServerConfigKeys (ConfUtils.java:logGet(46)) - raft.server.threadpool.server.cached = true (default)
2024-02-26 09:18:21,685 [om1-groupManagement] INFO  server.RaftServerConfigKeys (ConfUtils.java:logGet(46)) - raft.server.threadpool.server.size = 0 (default)
2024-02-26 09:18:21,685 [om1-groupManagement] INFO  server.RaftServerConfigKeys (ConfUtils.java:logGet(46)) - raft.server.threadpool.client.cached = true (default)
2024-02-26 09:18:21,685 [om1-groupManagement] INFO  server.RaftServerConfigKeys (ConfUtils.java:logGet(46)) - raft.server.threadpool.client.size = 0 (default)
2024-02-26 09:18:22,091 [main] INFO  ipc.CallQueueManager (CallQueueManager.java:<init>(90)) - Using callQueue: class java.util.concurrent.LinkedBlockingQueue, queueCapacity: 2000, scheduler: class org.apache.hadoop.ipc.DefaultRpcScheduler, ipcBackoff: false.
2024-02-26 09:18:22,097 [main] INFO  ipc.Server (Server.java:<init>(1287)) - Listener at 127.0.0.1:15004
2024-02-26 09:18:22,098 [Socket Reader #1 for port 15004] INFO  ipc.Server (Server.java:run(1323)) - Starting Socket Reader #1 for port 15004
2024-02-26 09:18:22,133 [main] INFO  impl.MetricsSystemImpl (MetricsSystemImpl.java:init(158)) - OzoneManager metrics system started (again)
2024-02-26 09:18:22,141 [main] INFO  om.OzoneManager (OzoneManager.java:start(1628)) - OzoneManager RPC server is listening at localhost/127.0.0.1:15004
2024-02-26 09:18:22,142 [main] INFO  ratis.OzoneManagerRatisServer (OzoneManagerRatisServer.java:start(588)) - Starting OzoneManagerRatisServer om1 at port 15007
2024-02-26 09:18:22,145 [om1-impl-thread1] INFO  server.RaftServerConfigKeys (ConfUtils.java:logGet(46)) - raft.server.storage.free-space.min = 0MB (=0) (default)
2024-02-26 09:18:22,145 [om1-impl-thread1] INFO  server.RaftServerConfigKeys (ConfUtils.java:logGet(46)) - raft.server.log.corruption.policy = EXCEPTION (default)
2024-02-26 09:18:22,145 [om1-impl-thread1] INFO  server.RaftServerConfigKeys (ConfUtils.java:logGet(46)) - raft.server.storage.dir = [/home/runner/work/ozone/ozone/hadoop-ozone/integration-test/target/test-dir/MiniOzoneClusterImpl-0d79f430-b8c0-477e-97b7-98e50d733022/ozone-meta/ratis] (custom)
2024-02-26 09:18:22,149 [om1-impl-thread1] INFO  storage.RaftStorageDirectory (RaftStorageDirectoryImpl.java:analyzeStorage(138)) - The storage directory /home/runner/work/ozone/ozone/hadoop-ozone/integration-test/target/test-dir/MiniOzoneClusterImpl-0d79f430-b8c0-477e-97b7-98e50d733022/ozone-meta/ratis/bf265839-605b-3f16-9796-c5ba1605619e does not exist. Creating ...
2024-02-26 09:18:22,157 [om1-impl-thread1] INFO  storage.RaftStorageDirectory (RaftStorageDirectoryImpl.java:tryLock(228)) - Lock on /home/runner/work/ozone/ozone/hadoop-ozone/integration-test/target/test-dir/MiniOzoneClusterImpl-0d79f430-b8c0-477e-97b7-98e50d733022/ozone-meta/ratis/bf265839-605b-3f16-9796-c5ba1605619e/in_use.lock acquired by nodename 86312@fv-az1109-796
2024-02-26 09:18:22,162 [om1-impl-thread1] INFO  storage.RaftStorage (RaftStorageImpl.java:format(99)) - Storage directory /home/runner/work/ozone/ozone/hadoop-ozone/integration-test/target/test-dir/MiniOzoneClusterImpl-0d79f430-b8c0-477e-97b7-98e50d733022/ozone-meta/ratis/bf265839-605b-3f16-9796-c5ba1605619e has been successfully formatted.
2024-02-26 09:18:22,162 [om1-impl-thread1] WARN  util.FileUtils (LogUtils.java:supplyAndLog(63)) - Failed to Files.newInputStream /home/runner/work/ozone/ozone/hadoop-ozone/integration-test/target/test-dir/MiniOzoneClusterImpl-0d79f430-b8c0-477e-97b7-98e50d733022/ozone-meta/ratis/bf265839-605b-3f16-9796-c5ba1605619e/current/raft-meta.conf with options []: java.nio.file.NoSuchFileException: /home/runner/work/ozone/ozone/hadoop-ozone/integration-test/target/test-dir/MiniOzoneClusterImpl-0d79f430-b8c0-477e-97b7-98e50d733022/ozone-meta/ratis/bf265839-605b-3f16-9796-c5ba1605619e/current/raft-meta.conf
2024-02-26 09:18:22,165 [om1-impl-thread1] INFO  server.RaftServerConfigKeys (ConfUtils.java:logGet(46)) - raft.server.log.use.memory = false (default)
2024-02-26 09:18:22,172 [om1-impl-thread1] INFO  server.RaftServerConfigKeys (ConfUtils.java:logGet(46)) - raft.server.log.purge.gap = 1000000 (custom)
2024-02-26 09:18:22,172 [om1-impl-thread1] INFO  server.RaftServerConfigKeys (ConfUtils.java:logGet(46)) - raft.server.log.appender.buffer.byte-limit = 4194304 (custom)
2024-02-26 09:18:22,173 [om1-impl-thread1] INFO  server.RaftServerConfigKeys (ConfUtils.java:logGet(46)) - raft.server.log.statemachine.data.read.timeout = 1000ms (default)
2024-02-26 09:18:22,173 [om1-impl-thread1] INFO  server.RaftServerConfigKeys (ConfUtils.java:logGet(46)) - raft.server.log.purge.preservation.log.num = 0 (default)
2024-02-26 09:18:22,177 [om1-impl-thread1] INFO  server.RaftServerConfigKeys (ConfUtils.java:logGet(46)) - raft.server.log.segment.size.max = 4194304 (custom)
2024-02-26 09:18:22,181 [om1-impl-thread1] INFO  server.RaftServerConfigKeys (ConfUtils.java:logGet(46)) - raft.server.log.segment.cache.num.max = 2 (custom)
2024-02-26 09:18:22,181 [om1-impl-thread1] INFO  server.RaftServerConfigKeys (ConfUtils.java:logGet(46)) - raft.server.log.segment.cache.size.max = 200MB (=209715200) (default)
2024-02-26 09:18:22,182 [om1-impl-thread1] INFO  server.RaftServerConfigKeys (ConfUtils.java:logGet(46)) - raft.server.log.appender.buffer.byte-limit = 4194304 (custom)
2024-02-26 09:18:22,183 [om1-impl-thread1] INFO  util.AwaitToRun (AwaitToRun.java:start(81)) - Thread[om1@group-C5BA1605619E-cacheEviction-AwaitToRun,5,main] started
2024-02-26 09:18:22,187 [om1-impl-thread1] INFO  segmented.SegmentedRaftLogWorker (SegmentedRaftLogWorker.java:<init>(182)) - new om1@group-C5BA1605619E-SegmentedRaftLogWorker for RaftStorageImpl:Storage Directory /home/runner/work/ozone/ozone/hadoop-ozone/integration-test/target/test-dir/MiniOzoneClusterImpl-0d79f430-b8c0-477e-97b7-98e50d733022/ozone-meta/ratis/bf265839-605b-3f16-9796-c5ba1605619e
2024-02-26 09:18:22,187 [om1-impl-thread1] INFO  server.RaftServerConfigKeys (ConfUtils.java:logGet(46)) - raft.server.log.queue.byte-limit = 64MB (=67108864) (default)
2024-02-26 09:18:22,187 [om1-impl-thread1] INFO  server.RaftServerConfigKeys (ConfUtils.java:logGet(46)) - raft.server.log.queue.element-limit = 4096 (default)
2024-02-26 09:18:22,189 [om1-impl-thread1] INFO  server.RaftServerConfigKeys (ConfUtils.java:logGet(46)) - raft.server.log.segment.size.max = 4194304 (custom)
2024-02-26 09:18:22,189 [om1-impl-thread1] INFO  server.RaftServerConfigKeys (ConfUtils.java:logGet(46)) - raft.server.log.preallocated.size = 4194304 (custom)
2024-02-26 09:18:22,189 [om1-impl-thread1] INFO  server.RaftServerConfigKeys (ConfUtils.java:logGet(46)) - raft.server.log.force.sync.num = 128 (default)
2024-02-26 09:18:22,190 [om1-impl-thread1] INFO  server.RaftServerConfigKeys (ConfUtils.java:logGet(46)) - raft.server.log.statemachine.data.sync = true (default)
2024-02-26 09:18:22,190 [om1-impl-thread1] INFO  server.RaftServerConfigKeys (ConfUtils.java:logGet(46)) - raft.server.log.statemachine.data.sync.timeout = 10s (default)
2024-02-26 09:18:22,190 [om1-impl-thread1] INFO  server.RaftServerConfigKeys (ConfUtils.java:logGet(46)) - raft.server.log.statemachine.data.sync.timeout.retry = -1 (default)
2024-02-26 09:18:22,192 [om1-impl-thread1] INFO  server.RaftServerConfigKeys (ConfUtils.java:logGet(46)) - raft.server.log.write.buffer.size = 4194312 (custom)
2024-02-26 09:18:22,193 [om1-impl-thread1] INFO  server.RaftServerConfigKeys (ConfUtils.java:logGet(46)) - raft.server.log.appender.buffer.byte-limit = 4194304 (custom)
2024-02-26 09:18:22,193 [om1-impl-thread1] INFO  server.RaftServerConfigKeys (ConfUtils.java:logGet(46)) - raft.server.log.unsafe-flush.enabled = false (default)
2024-02-26 09:18:22,193 [om1-impl-thread1] INFO  server.RaftServerConfigKeys (ConfUtils.java:logGet(46)) - raft.server.log.async-flush.enabled = false (default)
2024-02-26 09:18:22,193 [om1-impl-thread1] INFO  server.RaftServerConfigKeys (ConfUtils.java:logGet(46)) - raft.server.log.statemachine.data.caching.enabled = false (default)
2024-02-26 09:18:22,198 [om1-impl-thread1] INFO  segmented.SegmentedRaftLogWorker (SegmentedRaftLogWorker.java:lambda$new$0(134)) - om1@group-C5BA1605619E-SegmentedRaftLogWorker: flushIndex: setUnconditionally 0 -> -1
2024-02-26 09:18:22,198 [om1-impl-thread1] INFO  segmented.SegmentedRaftLogWorker (SegmentedRaftLogWorker.java:lambda$new$0(134)) - om1@group-C5BA1605619E-SegmentedRaftLogWorker: safeCacheEvictIndex: setUnconditionally 0 -> -1
2024-02-26 09:18:22,200 [om1-impl-thread1] INFO  server.RaftServer$Division (RaftServerImpl.java:start(396)) - om1@group-C5BA1605619E: start as a follower, conf=-1: peers:[om1|localhost:15007]|listeners:[], old=null
2024-02-26 09:18:22,201 [om1-impl-thread1] INFO  server.RaftServer$Division (RaftServerImpl.java:setRole(383)) - om1@group-C5BA1605619E: changes role from      null to FOLLOWER at term 0 for startAsFollower
2024-02-26 09:18:22,202 [om1-impl-thread1] INFO  impl.RoleInfo (RoleInfo.java:updateAndGet(139)) - om1: start om1@group-C5BA1605619E-FollowerState
2024-02-26 09:18:22,202 [om1@group-C5BA1605619E-FollowerState] INFO  server.RaftServerConfigKeys (ConfUtils.java:logFallback(53)) - raft.server.rpc.first-election.timeout.min = 1s (fallback to raft.server.rpc.timeout.min)
2024-02-26 09:18:22,203 [om1@group-C5BA1605619E-FollowerState] INFO  server.RaftServerConfigKeys (ConfUtils.java:logFallback(53)) - raft.server.rpc.first-election.timeout.max = 1200ms (fallback to raft.server.rpc.timeout.max)
2024-02-26 09:18:22,204 [om1-impl-thread1] INFO  util.JmxRegister (JmxRegister.java:tryRegister(44)) - Successfully registered JMX Bean with object name Ratis:service=RaftServer,group=group-C5BA1605619E,id=om1
2024-02-26 09:18:22,206 [om1-impl-thread1] INFO  server.RaftServerConfigKeys (ConfUtils.java:logGet(46)) - raft.server.snapshot.trigger-when-stop.enabled = true (default)
2024-02-26 09:18:22,206 [om1-impl-thread1] INFO  server.RaftServerConfigKeys (ConfUtils.java:logGet(46)) - raft.server.snapshot.auto.trigger.enabled = true (custom)
2024-02-26 09:18:22,207 [om1-impl-thread1] INFO  server.RaftServerConfigKeys (ConfUtils.java:logGet(46)) - raft.server.snapshot.auto.trigger.threshold = 400000 (default)
2024-02-26 09:18:22,207 [om1-impl-thread1] INFO  server.RaftServerConfigKeys (ConfUtils.java:logGet(46)) - raft.server.snapshot.retention.file.num = -1 (default)
2024-02-26 09:18:22,208 [om1-impl-thread1] INFO  server.RaftServerConfigKeys (ConfUtils.java:logGet(46)) - raft.server.log.purge.upto.snapshot.index = true (custom)
2024-02-26 09:18:22,213 [main] INFO  server.RaftServer (RaftServerProxy.java:startImpl(406)) - om1: start RPC server
2024-02-26 09:18:22,248 [main] INFO  server.GrpcService (GrpcService.java:startImpl(302)) - om1: GrpcService started, listening on 15007
2024-02-26 09:18:22,249 [JvmPauseMonitor1] INFO  util.JvmPauseMonitor (JvmPauseMonitor.java:run(146)) - JvmPauseMonitor-om1: Started
2024-02-26 09:18:22,250 [main] INFO  om.OzoneManager (OzoneManager.java:start(1644)) - Version File has different layout version (6) than OM DB (null). That is expected if this OM has never been finalized to a newer layout version.
2024-02-26 09:18:22,272 [main] INFO  http.BaseHttpServer (BaseHttpServer.java:newHttpServer2BuilderForOzone(223)) - Starting Web-server for ozoneManager at: http://0.0.0.0:15005
2024-02-26 09:18:22,272 [main] INFO  http.BaseHttpServer (BaseHttpServer.java:<init>(110)) - Hadoop Security Enabled: false Ozone Security Enabled: false Ozone HTTP Security Enabled: false 
2024-02-26 09:18:22,274 [main] WARN  server.AuthenticationFilter (AuthenticationFilter.java:constructSecretProvider(240)) - Unable to initialize FileSignerSecretProvider, falling back to use random secrets. Reason: Could not read signature secret file: /home/runner/hadoop-http-auth-signature-secret
2024-02-26 09:18:22,277 [main] INFO  http.HttpRequestLog (HttpRequestLog.java:getRequestLog(86)) - Http request log for http.requests.ozoneManager is not defined
2024-02-26 09:18:22,278 [main] INFO  http.HttpServer2 (HttpServer2.java:addGlobalFilter(1036)) - Added global filter 'safety' (class=org.apache.hadoop.hdds.server.http.HttpServer2$QuotingInputFilter)
2024-02-26 09:18:22,279 [main] INFO  http.HttpServer2 (HttpServer2.java:addFilter(1012)) - Added filter static_user_filter (class=org.apache.hadoop.http.lib.StaticUserWebFilter$StaticUserFilter) to context ozoneManager
2024-02-26 09:18:22,279 [main] INFO  http.HttpServer2 (HttpServer2.java:addFilter(1020)) - Added filter static_user_filter (class=org.apache.hadoop.http.lib.StaticUserWebFilter$StaticUserFilter) to context static
2024-02-26 09:18:22,279 [main] INFO  http.HttpServer2 (HttpServer2.java:addFilter(1020)) - Added filter static_user_filter (class=org.apache.hadoop.http.lib.StaticUserWebFilter$StaticUserFilter) to context logs
2024-02-26 09:18:22,280 [main] INFO  http.BaseHttpServer (BaseHttpServer.java:<init>(189)) - HTTP server of ozoneManager uses base directory /home/runner/work/ozone/ozone/hadoop-ozone/integration-test/target/test-dir/MiniOzoneClusterImpl-0d79f430-b8c0-477e-97b7-98e50d733022/ozone-meta/webserver
2024-02-26 09:18:22,283 [main] INFO  http.HttpServer2 (HttpServer2.java:bindListener(1236)) - Jetty bound to port 15005
2024-02-26 09:18:22,283 [main] INFO  server.Server (Server.java:doStart(375)) - jetty-9.4.53.v20231009; built: 2023-10-09T12:29:09.265Z; git: 27bde00a0b95a1d5bbee0eae7984f891d2d0f8c9; jvm 1.8.0_402-b06
2024-02-26 09:18:22,287 [main] INFO  server.session (DefaultSessionIdManager.java:doStart(334)) - DefaultSessionIdManager workerName=node0
2024-02-26 09:18:22,287 [main] INFO  server.session (DefaultSessionIdManager.java:doStart(339)) - No SessionScavenger set, using defaults
2024-02-26 09:18:22,287 [main] INFO  server.session (HouseKeeper.java:startScavenging(132)) - node0 Scavenging every 600000ms
2024-02-26 09:18:22,291 [main] INFO  handler.ContextHandler (ContextHandler.java:doStart(921)) - Started o.e.j.s.ServletContextHandler@5861484b{logs,/logs,file:///home/runner/work/ozone/ozone/hadoop-ozone/integration-test/target/log,AVAILABLE}
2024-02-26 09:18:22,292 [main] INFO  handler.ContextHandler (ContextHandler.java:doStart(921)) - Started o.e.j.s.ServletContextHandler@28442b5c{static,/static,file:///home/runner/work/ozone/ozone/hadoop-ozone/integration-test/target/test-classes/webapps/static,AVAILABLE}
2024-02-26 09:18:22,297 [main] INFO  handler.ContextHandler (ContextHandler.java:doStart(921)) - Started o.e.j.w.WebAppContext@2a77a5d3{ozoneManager,/,file:///home/runner/work/ozone/ozone/hadoop-ozone/integration-test/target/test-classes/webapps/ozoneManager/,AVAILABLE}{file:/home/runner/work/ozone/ozone/hadoop-ozone/integration-test/target/test-classes/webapps/ozoneManager}
2024-02-26 09:18:22,298 [main] INFO  server.AbstractConnector (AbstractConnector.java:doStart(333)) - Started ServerConnector@78e62cf2{HTTP/1.1, (http/1.1)}{0.0.0.0:15005}
2024-02-26 09:18:22,298 [main] INFO  server.Server (Server.java:doStart(415)) - Started @6930ms
2024-02-26 09:18:22,298 [main] WARN  impl.MetricsSystemImpl (MetricsSystemImpl.java:register(279)) - Sink prometheus already exists!
2024-02-26 09:18:22,299 [main] INFO  http.BaseHttpServer (BaseHttpServer.java:updateConnectorAddress(354)) - HTTP server of ozoneManager listening at http://0.0.0.0:15005
2024-02-26 09:18:22,299 [IPC Server Responder] INFO  ipc.Server (Server.java:run(1562)) - IPC Server Responder: starting
2024-02-26 09:18:22,300 [IPC Server listener on 15004] INFO  ipc.Server (Server.java:run(1402)) - IPC Server listener on 15004: starting
2024-02-26 09:18:22,303 [main] INFO  om.OzoneManager (OzoneManager.java:startTrashEmptier(2093)) - Trash Interval set to 0. Files deleted won't move to trash
2024-02-26 09:18:22,313 [main] INFO  db.CodecBuffer (CodecBuffer.java:set(63)) - Successfully set constructor to org.apache.hadoop.hdds.utils.db.CodecBuffer$$Lambda$977/908213766@6be13eeb
2024-02-26 09:18:22,442 [main] WARN  dropwizard3.Dm3MetricRegistriesImpl (Dm3MetricRegistriesImpl.java:addReporterRegistration(113)) - New reporters are added after registries were created. Some metrics will be missing from the reporter. Please add reporter before adding any new registry.
2024-02-26 09:18:22,442 [main] WARN  dropwizard3.Dm3MetricRegistriesImpl (Dm3MetricRegistriesImpl.java:addReporterRegistration(113)) - New reporters are added after registries were created. Some metrics will be missing from the reporter. Please add reporter before adding any new registry.
2024-02-26 09:18:22,442 [main] INFO  impl.MetricsSystemImpl (MetricsSystemImpl.java:init(158)) - HddsDatanode metrics system started (again)
2024-02-26 09:18:22,463 [main] INFO  ozone.HddsDatanodeService (HddsDatanodeService.java:start(240)) - HddsDatanodeService host:fv-az1109-796.pxagtw4bd2yejgkn5xrroktb3f.dx.internal.cloudapp.net ip:10.1.0.30
2024-02-26 09:18:22,485 [main] INFO  upgrade.AbstractLayoutVersionManager (AbstractLayoutVersionManager.java:init(83)) - Initializing Layout version manager with metadata layout = HADOOP_PRC_PORTS_IN_DATANODEDETAILS (version = 7), software layout = HADOOP_PRC_PORTS_IN_DATANODEDETAILS (version = 7)
2024-02-26 09:18:22,487 [main] INFO  statemachine.DatanodeStateMachine (DatanodeStateMachine.java:getEndPointTaskThreadPoolSize(299)) - Datanode State Machine Task Thread Pool size 2
2024-02-26 09:18:22,571 [main] INFO  volume.HddsVolume (HddsVolume.java:<init>(125)) - Creating HddsVolume: /home/runner/work/ozone/ozone/hadoop-ozone/integration-test/target/test-dir/MiniOzoneClusterImpl-0d79f430-b8c0-477e-97b7-98e50d733022/ozone-meta/datanode-1/data-0/hdds of storage type : DISK capacity : 9223372036854775807
2024-02-26 09:18:22,573 [main] INFO  volume.MutableVolumeSet (MutableVolumeSet.java:initializeVolumeSet(173)) - Added Volume : /home/runner/work/ozone/ozone/hadoop-ozone/integration-test/target/test-dir/MiniOzoneClusterImpl-0d79f430-b8c0-477e-97b7-98e50d733022/ozone-meta/datanode-1/data-0/hdds to VolumeSet
2024-02-26 09:18:22,575 [main] INFO  volume.MutableVolumeSet (MutableVolumeSet.java:initializeVolumeSet(173)) - Added Volume : /home/runner/work/ozone/ozone/hadoop-ozone/integration-test/target/test-dir/MiniOzoneClusterImpl-0d79f430-b8c0-477e-97b7-98e50d733022/ozone-meta/datanode-1/ratis to VolumeSet
2024-02-26 09:18:22,578 [main] INFO  ozoneimpl.OzoneContainer (HddsVolumeUtil.java:loadAllHddsVolumeDbStore(103)) - Load 1 volumes DbStore cost: 1ms
2024-02-26 09:18:22,619 [main] INFO  audit.AuditLogger (AuditLogger.java:refreshDebugCmdSet(135)) - Refresh DebugCmdSet for DNAudit to [].
2024-02-26 09:18:22,643 [main] INFO  server.RaftServer (ConfUtils.java:logGet(46)) - raft.rpc.type = GRPC (default)
2024-02-26 09:18:22,644 [main] INFO  grpc.GrpcConfigKeys (ConfUtils.java:logFallback(53)) - raft.grpc.admin.host = null (fallback to raft.grpc.server.host)
2024-02-26 09:18:22,644 [main] INFO  grpc.GrpcConfigKeys (ConfUtils.java:logGet(46)) - raft.grpc.admin.port = 15013 (custom)
2024-02-26 09:18:22,644 [main] INFO  grpc.GrpcConfigKeys (ConfUtils.java:logFallback(53)) - raft.grpc.client.host = null (fallback to raft.grpc.server.host)
2024-02-26 09:18:22,645 [main] INFO  grpc.GrpcConfigKeys (ConfUtils.java:logGet(46)) - raft.grpc.client.port = 15012 (custom)
2024-02-26 09:18:22,645 [main] INFO  grpc.GrpcConfigKeys (ConfUtils.java:logGet(46)) - raft.grpc.server.host = null (default)
2024-02-26 09:18:22,645 [main] INFO  grpc.GrpcConfigKeys (ConfUtils.java:logGet(46)) - raft.grpc.server.port = 15014 (custom)
2024-02-26 09:18:22,645 [main] INFO  server.GrpcService (ConfUtils.java:logGet(46)) - raft.grpc.message.size.max = 32MB (=33554432) (custom)
2024-02-26 09:18:22,645 [main] INFO  server.RaftServerConfigKeys (ConfUtils.java:logGet(46)) - raft.server.log.appender.buffer.byte-limit = 8388608 (custom)
2024-02-26 09:18:22,646 [main] INFO  server.GrpcService (ConfUtils.java:logGet(46)) - raft.grpc.flow.control.window = 5MB (=5242880) (custom)
2024-02-26 09:18:22,646 [main] INFO  server.RaftServerConfigKeys (ConfUtils.java:logGet(46)) - raft.server.rpc.request.timeout = 60s (custom)
2024-02-26 09:18:22,646 [main] INFO  grpc.GrpcConfigKeys (ConfUtils.java:logGet(46)) - raft.grpc.server.heartbeat.channel = true (default)
2024-02-26 09:18:22,646 [main] INFO  grpc.GrpcConfigKeys (ConfUtils.java:logGet(46)) - raft.grpc.server.async.request.thread.pool.cached = true (default)
2024-02-26 09:18:22,647 [main] INFO  grpc.GrpcConfigKeys (ConfUtils.java:logGet(46)) - raft.grpc.server.async.request.thread.pool.size = 32 (default)
2024-02-26 09:18:22,649 [main] INFO  impl.DataStreamServerImpl (ConfUtils.java:logGet(46)) - raft.datastream.type = NETTY (custom)
2024-02-26 09:18:22,660 [main] INFO  server.RaftServerConfigKeys (ConfUtils.java:logGet(46)) - raft.server.data-stream.async.request.thread.pool.cached = false (default)
2024-02-26 09:18:22,660 [main] INFO  server.RaftServerConfigKeys (ConfUtils.java:logGet(46)) - raft.server.data-stream.async.request.thread.pool.size = 20 (custom)
2024-02-26 09:18:22,661 [main] INFO  server.RaftServerConfigKeys (ConfUtils.java:logGet(46)) - raft.server.data-stream.async.write.thread.pool.size = 16 (default)
2024-02-26 09:18:22,662 [main] INFO  netty.NettyConfigKeys$DataStream (ConfUtils.java:logGet(46)) - raft.netty.dataStream.server.channel.inactive.grace-period = 10min (default)
2024-02-26 09:18:22,663 [main] INFO  server.RaftServerConfigKeys (ConfUtils.java:logGet(46)) - raft.server.data-stream.client.pool.size = 10 (default)
2024-02-26 09:18:22,664 [main] INFO  netty.NettyConfigKeys$DataStream (ConfUtils.java:logGet(46)) - raft.netty.dataStream.server.use-epoll = true (default)
2024-02-26 09:18:22,664 [main] INFO  netty.NettyConfigKeys$DataStream (ConfUtils.java:logGet(46)) - raft.netty.dataStream.server.boss-group.size = 0 (default)
2024-02-26 09:18:22,665 [main] INFO  netty.NettyUtils (NettyUtils.java:newEventLoopGroup(69)) - Create EpollEventLoopGroup for 1fc8e30e-bcf6-4a54-bb04-f74c1c9f090e-NettyServerStreamRpc-bossGroup; Thread size is 0.
2024-02-26 09:18:22,679 [main] INFO  netty.NettyConfigKeys$DataStream (ConfUtils.java:logGet(46)) - raft.netty.dataStream.server.worker-group.size = 0 (default)
2024-02-26 09:18:22,680 [main] INFO  netty.NettyUtils (NettyUtils.java:newEventLoopGroup(69)) - Create EpollEventLoopGroup for 1fc8e30e-bcf6-4a54-bb04-f74c1c9f090e-NettyServerStreamRpc-workerGroup; Thread size is 0.
2024-02-26 09:18:22,680 [main] INFO  netty.NettyConfigKeys$DataStream (ConfUtils.java:logGet(46)) - raft.netty.dataStream.server.tls.conf = null (default)
2024-02-26 09:18:22,681 [main] INFO  netty.NettyConfigKeys$DataStream (ConfUtils.java:logGet(46)) - raft.netty.dataStream.host = null (default)
2024-02-26 09:18:22,682 [main] INFO  netty.NettyConfigKeys$DataStream (ConfUtils.java:logGet(46)) - raft.netty.dataStream.port = 15015 (custom)
2024-02-26 09:18:22,686 [main] INFO  server.RaftServerConfigKeys (ConfUtils.java:logGet(46)) - raft.server.sleep.deviation.threshold = 300ms (default)
2024-02-26 09:18:22,686 [main] INFO  server.RaftServerConfigKeys (ConfUtils.java:logGet(46)) - raft.server.close.threshold = 60s (default)
2024-02-26 09:18:22,686 [main] INFO  server.RaftServerConfigKeys (ConfUtils.java:logGet(46)) - raft.server.leaderelection.leader.step-down.wait-time = 10s (default)
2024-02-26 09:18:22,686 [main] INFO  server.RaftServerConfigKeys (ConfUtils.java:logGet(46)) - raft.server.storage.dir = [/home/runner/work/ozone/ozone/hadoop-ozone/integration-test/target/test-dir/MiniOzoneClusterImpl-0d79f430-b8c0-477e-97b7-98e50d733022/ozone-meta/datanode-1/ratis] (custom)
2024-02-26 09:18:22,687 [main] INFO  server.RaftServerConfigKeys (ConfUtils.java:logGet(46)) - raft.server.threadpool.proxy.cached = true (default)
2024-02-26 09:18:22,687 [main] INFO  server.RaftServerConfigKeys (ConfUtils.java:logGet(46)) - raft.server.threadpool.proxy.size = 0 (default)
2024-02-26 09:18:22,687 [1fc8e30e-bcf6-4a54-bb04-f74c1c9f090e-impl-thread1] INFO  server.RaftServer (RaftServerProxy.java:initGroupDir(264)) - 1fc8e30e-bcf6-4a54-bb04-f74c1c9f090e: found a subdirectory /home/runner/work/ozone/ozone/hadoop-ozone/integration-test/target/test-dir/MiniOzoneClusterImpl-0d79f430-b8c0-477e-97b7-98e50d733022/ozone-meta/datanode-1/ratis/tmp
2024-02-26 09:18:22,688 [1fc8e30e-bcf6-4a54-bb04-f74c1c9f090e-impl-thread1] INFO  server.RaftServer (RaftServerProxy.java:initGroupDir(269)) - 1fc8e30e-bcf6-4a54-bb04-f74c1c9f090e: The directory /home/runner/work/ozone/ozone/hadoop-ozone/integration-test/target/test-dir/MiniOzoneClusterImpl-0d79f430-b8c0-477e-97b7-98e50d733022/ozone-meta/datanode-1/ratis/tmp is not a group directory; ignoring it. 
2024-02-26 09:18:22,690 [main] INFO  replication.ReplicationServer (ReplicationServer.java:<init>(86)) - Initializing replication server with thread count = 10 queue length = 4096
2024-02-26 09:18:22,695 [1fc8e30e-bcf6-4a54-bb04-f74c1c9f090e-NettyServerStreamRpc-bossGroup--thread1] INFO  logging.LoggingHandler (AbstractInternalLogger.java:log(148)) - [id: 0x09cda3f8] REGISTERED
2024-02-26 09:18:22,695 [1fc8e30e-bcf6-4a54-bb04-f74c1c9f090e-NettyServerStreamRpc-bossGroup--thread1] INFO  logging.LoggingHandler (AbstractInternalLogger.java:log(148)) - [id: 0x09cda3f8] BIND: 0.0.0.0/0.0.0.0:15015
2024-02-26 09:18:22,695 [1fc8e30e-bcf6-4a54-bb04-f74c1c9f090e-NettyServerStreamRpc-bossGroup--thread1] INFO  logging.LoggingHandler (AbstractInternalLogger.java:log(148)) - [id: 0x09cda3f8, L:/0.0.0.0:15015] ACTIVE
2024-02-26 09:18:22,706 [main] INFO  server.XceiverServerGrpc (XceiverServerGrpc.java:<init>(141)) - GrpcServer channel type EpollServerSocketChannel
2024-02-26 09:18:22,774 [main] INFO  replication.ReplicationSupervisor (ReplicationSupervisor.java:build(163)) - Initializing replication supervisor with thread count = 10
2024-02-26 09:18:22,775 [main] INFO  replication.ReplicationSupervisor (ReplicationSupervisor.java:nodeStateUpdated(317)) - Node state updated to IN_SERVICE, scaling executor pool size to 10
2024-02-26 09:18:22,816 [main] INFO  http.BaseHttpServer (BaseHttpServer.java:newHttpServer2BuilderForOzone(223)) - Starting Web-server for hddsDatanode at: http://0.0.0.0:15009
2024-02-26 09:18:22,816 [main] INFO  http.BaseHttpServer (BaseHttpServer.java:<init>(110)) - Hadoop Security Enabled: false Ozone Security Enabled: false Ozone HTTP Security Enabled: false 
2024-02-26 09:18:22,818 [main] WARN  server.AuthenticationFilter (AuthenticationFilter.java:constructSecretProvider(240)) - Unable to initialize FileSignerSecretProvider, falling back to use random secrets. Reason: Could not read signature secret file: /home/runner/hadoop-http-auth-signature-secret
2024-02-26 09:18:22,818 [main] INFO  http.HttpRequestLog (HttpRequestLog.java:getRequestLog(86)) - Http request log for http.requests.hddsDatanode is not defined
2024-02-26 09:18:22,820 [main] INFO  http.HttpServer2 (HttpServer2.java:addGlobalFilter(1036)) - Added global filter 'safety' (class=org.apache.hadoop.hdds.server.http.HttpServer2$QuotingInputFilter)
2024-02-26 09:18:22,821 [main] INFO  http.HttpServer2 (HttpServer2.java:addFilter(1012)) - Added filter static_user_filter (class=org.apache.hadoop.http.lib.StaticUserWebFilter$StaticUserFilter) to context hddsDatanode
2024-02-26 09:18:22,821 [main] INFO  http.HttpServer2 (HttpServer2.java:addFilter(1020)) - Added filter static_user_filter (class=org.apache.hadoop.http.lib.StaticUserWebFilter$StaticUserFilter) to context logs
2024-02-26 09:18:22,821 [main] INFO  http.HttpServer2 (HttpServer2.java:addFilter(1020)) - Added filter static_user_filter (class=org.apache.hadoop.http.lib.StaticUserWebFilter$StaticUserFilter) to context static
2024-02-26 09:18:22,822 [main] INFO  http.BaseHttpServer (BaseHttpServer.java:<init>(189)) - HTTP server of hddsDatanode uses base directory /home/runner/work/ozone/ozone/hadoop-ozone/integration-test/target/test-dir/MiniOzoneClusterImpl-0d79f430-b8c0-477e-97b7-98e50d733022/ozone-meta/datanode-1/meta/webserver
2024-02-26 09:18:22,823 [main] INFO  http.HttpServer2 (HttpServer2.java:bindListener(1236)) - Jetty bound to port 15009
2024-02-26 09:18:22,823 [main] INFO  server.Server (Server.java:doStart(375)) - jetty-9.4.53.v20231009; built: 2023-10-09T12:29:09.265Z; git: 27bde00a0b95a1d5bbee0eae7984f891d2d0f8c9; jvm 1.8.0_402-b06
2024-02-26 09:18:22,825 [main] INFO  server.session (DefaultSessionIdManager.java:doStart(334)) - DefaultSessionIdManager workerName=node0
2024-02-26 09:18:22,825 [main] INFO  server.session (DefaultSessionIdManager.java:doStart(339)) - No SessionScavenger set, using defaults
2024-02-26 09:18:22,825 [main] INFO  server.session (HouseKeeper.java:startScavenging(132)) - node0 Scavenging every 600000ms
2024-02-26 09:18:22,826 [main] INFO  handler.ContextHandler (ContextHandler.java:doStart(921)) - Started o.e.j.s.ServletContextHandler@6fdd32b4{logs,/logs,file:///home/runner/work/ozone/ozone/hadoop-ozone/integration-test/target/log,AVAILABLE}
2024-02-26 09:18:22,827 [main] INFO  handler.ContextHandler (ContextHandler.java:doStart(921)) - Started o.e.j.s.ServletContextHandler@7411df98{static,/static,jar:file:/home/runner/.m2/repository/org/apache/ozone/hdds-container-service/1.5.0-SNAPSHOT/hdds-container-service-1.5.0-SNAPSHOT.jar!/webapps/static,AVAILABLE}
2024-02-26 09:18:22,871 [main] INFO  handler.ContextHandler (ContextHandler.java:doStart(921)) - Started o.e.j.w.WebAppContext@1fd1eb30{hddsDatanode,/,file:///home/runner/work/ozone/ozone/hadoop-ozone/integration-test/target/test-dir/MiniOzoneClusterImpl-0d79f430-b8c0-477e-97b7-98e50d733022/ozone-meta/datanode-1/meta/webserver/jetty-0_0_0_0-15009-hdds-container-service-1_5_0-SNAPSHOT_jar-_-any-964448722131618064/webapp/,AVAILABLE}{jar:file:/home/runner/.m2/repository/org/apache/ozone/hdds-container-service/1.5.0-SNAPSHOT/hdds-container-service-1.5.0-SNAPSHOT.jar!/webapps/hddsDatanode}
2024-02-26 09:18:22,873 [main] INFO  server.AbstractConnector (AbstractConnector.java:doStart(333)) - Started ServerConnector@6bf614e9{HTTP/1.1, (http/1.1)}{0.0.0.0:15009}
2024-02-26 09:18:22,873 [main] INFO  server.Server (Server.java:doStart(415)) - Started @7505ms
2024-02-26 09:18:22,873 [main] WARN  impl.MetricsSystemImpl (MetricsSystemImpl.java:register(279)) - Sink prometheus already exists!
2024-02-26 09:18:22,874 [main] INFO  http.BaseHttpServer (BaseHttpServer.java:updateConnectorAddress(354)) - HTTP server of hddsDatanode listening at http://0.0.0.0:15009
2024-02-26 09:18:22,876 [main] INFO  ipc.CallQueueManager (CallQueueManager.java:<init>(90)) - Using callQueue: class java.util.concurrent.LinkedBlockingQueue, queueCapacity: 100, scheduler: class org.apache.hadoop.ipc.DefaultRpcScheduler, ipcBackoff: false.
2024-02-26 09:18:22,877 [main] INFO  ipc.Server (Server.java:<init>(1287)) - Listener at 0.0.0.0:15010
2024-02-26 09:18:22,877 [Socket Reader #1 for port 15010] INFO  ipc.Server (Server.java:run(1323)) - Starting Socket Reader #1 for port 15010
2024-02-26 09:18:22,880 [main] INFO  ozone.HddsDatanodeService (HddsDatanodeService.java:start(327)) - Datanode start with admins: [runner]
2024-02-26 09:18:22,880 [main] INFO  ozone.HddsDatanodeClientProtocolServer (HddsDatanodeClientProtocolServer.java:start(77)) - RPC server for Client /0.0.0.0:15010
2024-02-26 09:18:22,881 [IPC Server Responder] INFO  ipc.Server (Server.java:run(1562)) - IPC Server Responder: starting
2024-02-26 09:18:22,881 [IPC Server listener on 15010] INFO  ipc.Server (Server.java:run(1402)) - IPC Server listener on 15010: starting
2024-02-26 09:18:22,883 [1fc8e30e-bcf6-4a54-bb04-f74c1c9f090e-DatanodeStateMachineDaemonThread] INFO  statemachine.DatanodeStateMachine (DatanodeStateMachine.java:lambda$startDaemon$1(555)) - Ozone container server started.
2024-02-26 09:18:22,883 [main] WARN  dropwizard3.Dm3MetricRegistriesImpl (Dm3MetricRegistriesImpl.java:addReporterRegistration(113)) - New reporters are added after registries were created. Some metrics will be missing from the reporter. Please add reporter before adding any new registry.
2024-02-26 09:18:22,883 [main] WARN  dropwizard3.Dm3MetricRegistriesImpl (Dm3MetricRegistriesImpl.java:addReporterRegistration(113)) - New reporters are added after registries were created. Some metrics will be missing from the reporter. Please add reporter before adding any new registry.
2024-02-26 09:18:22,884 [main] INFO  impl.MetricsSystemImpl (MetricsSystemImpl.java:init(158)) - HddsDatanode metrics system started (again)
2024-02-26 09:18:22,895 [main] INFO  ozone.HddsDatanodeService (HddsDatanodeService.java:start(240)) - HddsDatanodeService host:fv-az1109-796.pxagtw4bd2yejgkn5xrroktb3f.dx.internal.cloudapp.net ip:10.1.0.30
2024-02-26 09:18:22,915 [main] INFO  upgrade.AbstractLayoutVersionManager (AbstractLayoutVersionManager.java:init(83)) - Initializing Layout version manager with metadata layout = HADOOP_PRC_PORTS_IN_DATANODEDETAILS (version = 7), software layout = HADOOP_PRC_PORTS_IN_DATANODEDETAILS (version = 7)
2024-02-26 09:18:22,934 [main] INFO  statemachine.DatanodeStateMachine (DatanodeStateMachine.java:getEndPointTaskThreadPoolSize(299)) - Datanode State Machine Task Thread Pool size 2
2024-02-26 09:18:22,938 [main] INFO  volume.HddsVolume (HddsVolume.java:<init>(125)) - Creating HddsVolume: /home/runner/work/ozone/ozone/hadoop-ozone/integration-test/target/test-dir/MiniOzoneClusterImpl-0d79f430-b8c0-477e-97b7-98e50d733022/ozone-meta/datanode-2/data-0/hdds of storage type : DISK capacity : 9223372036854775807
2024-02-26 09:18:22,939 [main] INFO  volume.MutableVolumeSet (MutableVolumeSet.java:initializeVolumeSet(173)) - Added Volume : /home/runner/work/ozone/ozone/hadoop-ozone/integration-test/target/test-dir/MiniOzoneClusterImpl-0d79f430-b8c0-477e-97b7-98e50d733022/ozone-meta/datanode-2/data-0/hdds to VolumeSet
2024-02-26 09:18:22,941 [main] INFO  volume.MutableVolumeSet (MutableVolumeSet.java:initializeVolumeSet(173)) - Added Volume : /home/runner/work/ozone/ozone/hadoop-ozone/integration-test/target/test-dir/MiniOzoneClusterImpl-0d79f430-b8c0-477e-97b7-98e50d733022/ozone-meta/datanode-2/ratis to VolumeSet
2024-02-26 09:18:22,946 [main] INFO  ozoneimpl.OzoneContainer (HddsVolumeUtil.java:loadAllHddsVolumeDbStore(103)) - Load 1 volumes DbStore cost: 3ms
2024-02-26 09:18:22,950 [main] INFO  server.RaftServer (ConfUtils.java:logGet(46)) - raft.rpc.type = GRPC (default)
2024-02-26 09:18:22,951 [main] INFO  grpc.GrpcConfigKeys (ConfUtils.java:logFallback(53)) - raft.grpc.admin.host = null (fallback to raft.grpc.server.host)
2024-02-26 09:18:22,952 [main] INFO  grpc.GrpcConfigKeys (ConfUtils.java:logGet(46)) - raft.grpc.admin.port = 15022 (custom)
2024-02-26 09:18:22,952 [main] INFO  grpc.GrpcConfigKeys (ConfUtils.java:logFallback(53)) - raft.grpc.client.host = null (fallback to raft.grpc.server.host)
2024-02-26 09:18:22,953 [main] INFO  grpc.GrpcConfigKeys (ConfUtils.java:logGet(46)) - raft.grpc.client.port = 15021 (custom)
2024-02-26 09:18:22,953 [main] INFO  grpc.GrpcConfigKeys (ConfUtils.java:logGet(46)) - raft.grpc.server.host = null (default)
2024-02-26 09:18:22,953 [main] INFO  grpc.GrpcConfigKeys (ConfUtils.java:logGet(46)) - raft.grpc.server.port = 15023 (custom)
2024-02-26 09:18:22,954 [main] INFO  server.GrpcService (ConfUtils.java:logGet(46)) - raft.grpc.message.size.max = 32MB (=33554432) (custom)
2024-02-26 09:18:22,954 [main] INFO  server.RaftServerConfigKeys (ConfUtils.java:logGet(46)) - raft.server.log.appender.buffer.byte-limit = 8388608 (custom)
2024-02-26 09:18:22,954 [main] INFO  server.GrpcService (ConfUtils.java:logGet(46)) - raft.grpc.flow.control.window = 5MB (=5242880) (custom)
2024-02-26 09:18:22,955 [main] INFO  server.RaftServerConfigKeys (ConfUtils.java:logGet(46)) - raft.server.rpc.request.timeout = 60s (custom)
2024-02-26 09:18:22,955 [main] INFO  grpc.GrpcConfigKeys (ConfUtils.java:logGet(46)) - raft.grpc.server.heartbeat.channel = true (default)
2024-02-26 09:18:22,955 [main] INFO  grpc.GrpcConfigKeys (ConfUtils.java:logGet(46)) - raft.grpc.server.async.request.thread.pool.cached = true (default)
2024-02-26 09:18:22,956 [main] INFO  grpc.GrpcConfigKeys (ConfUtils.java:logGet(46)) - raft.grpc.server.async.request.thread.pool.size = 32 (default)
2024-02-26 09:18:22,958 [main] INFO  impl.DataStreamServerImpl (ConfUtils.java:logGet(46)) - raft.datastream.type = NETTY (custom)
2024-02-26 09:18:22,958 [main] INFO  server.RaftServerConfigKeys (ConfUtils.java:logGet(46)) - raft.server.data-stream.async.request.thread.pool.cached = false (default)
2024-02-26 09:18:22,959 [main] INFO  server.RaftServerConfigKeys (ConfUtils.java:logGet(46)) - raft.server.data-stream.async.request.thread.pool.size = 20 (custom)
2024-02-26 09:18:22,959 [main] INFO  server.RaftServerConfigKeys (ConfUtils.java:logGet(46)) - raft.server.data-stream.async.write.thread.pool.size = 16 (default)
2024-02-26 09:18:22,960 [main] INFO  netty.NettyConfigKeys$DataStream (ConfUtils.java:logGet(46)) - raft.netty.dataStream.server.channel.inactive.grace-period = 10min (default)
2024-02-26 09:18:22,960 [main] INFO  server.RaftServerConfigKeys (ConfUtils.java:logGet(46)) - raft.server.data-stream.client.pool.size = 10 (default)
2024-02-26 09:18:22,960 [main] INFO  netty.NettyConfigKeys$DataStream (ConfUtils.java:logGet(46)) - raft.netty.dataStream.server.use-epoll = true (default)
2024-02-26 09:18:22,961 [main] INFO  netty.NettyConfigKeys$DataStream (ConfUtils.java:logGet(46)) - raft.netty.dataStream.server.boss-group.size = 0 (default)
2024-02-26 09:18:22,961 [main] INFO  netty.NettyUtils (NettyUtils.java:newEventLoopGroup(69)) - Create EpollEventLoopGroup for a70c1067-2103-48d8-b21c-f7bdcf327398-NettyServerStreamRpc-bossGroup; Thread size is 0.
2024-02-26 09:18:22,962 [main] INFO  netty.NettyConfigKeys$DataStream (ConfUtils.java:logGet(46)) - raft.netty.dataStream.server.worker-group.size = 0 (default)
2024-02-26 09:18:22,962 [main] INFO  netty.NettyUtils (NettyUtils.java:newEventLoopGroup(69)) - Create EpollEventLoopGroup for a70c1067-2103-48d8-b21c-f7bdcf327398-NettyServerStreamRpc-workerGroup; Thread size is 0.
2024-02-26 09:18:22,963 [main] INFO  netty.NettyConfigKeys$DataStream (ConfUtils.java:logGet(46)) - raft.netty.dataStream.server.tls.conf = null (default)
2024-02-26 09:18:22,964 [main] INFO  netty.NettyConfigKeys$DataStream (ConfUtils.java:logGet(46)) - raft.netty.dataStream.host = null (default)
2024-02-26 09:18:22,964 [main] INFO  netty.NettyConfigKeys$DataStream (ConfUtils.java:logGet(46)) - raft.netty.dataStream.port = 15024 (custom)
2024-02-26 09:18:22,965 [main] INFO  server.RaftServerConfigKeys (ConfUtils.java:logGet(46)) - raft.server.sleep.deviation.threshold = 300ms (default)
2024-02-26 09:18:22,971 [a70c1067-2103-48d8-b21c-f7bdcf327398-NettyServerStreamRpc-bossGroup--thread1] INFO  logging.LoggingHandler (AbstractInternalLogger.java:log(148)) - [id: 0x4f445515] REGISTERED
2024-02-26 09:18:22,972 [main] INFO  server.RaftServerConfigKeys (ConfUtils.java:logGet(46)) - raft.server.close.threshold = 60s (default)
2024-02-26 09:18:22,972 [main] INFO  server.RaftServerConfigKeys (ConfUtils.java:logGet(46)) - raft.server.leaderelection.leader.step-down.wait-time = 10s (default)
2024-02-26 09:18:22,972 [a70c1067-2103-48d8-b21c-f7bdcf327398-NettyServerStreamRpc-bossGroup--thread1] INFO  logging.LoggingHandler (AbstractInternalLogger.java:log(148)) - [id: 0x4f445515] BIND: 0.0.0.0/0.0.0.0:15024
2024-02-26 09:18:22,973 [main] INFO  server.RaftServerConfigKeys (ConfUtils.java:logGet(46)) - raft.server.storage.dir = [/home/runner/work/ozone/ozone/hadoop-ozone/integration-test/target/test-dir/MiniOzoneClusterImpl-0d79f430-b8c0-477e-97b7-98e50d733022/ozone-meta/datanode-2/ratis] (custom)
2024-02-26 09:18:22,973 [main] INFO  server.RaftServerConfigKeys (ConfUtils.java:logGet(46)) - raft.server.threadpool.proxy.cached = true (default)
2024-02-26 09:18:22,974 [main] INFO  server.RaftServerConfigKeys (ConfUtils.java:logGet(46)) - raft.server.threadpool.proxy.size = 0 (default)
2024-02-26 09:18:22,973 [a70c1067-2103-48d8-b21c-f7bdcf327398-NettyServerStreamRpc-bossGroup--thread1] INFO  logging.LoggingHandler (AbstractInternalLogger.java:log(148)) - [id: 0x4f445515, L:/0.0.0.0:15024] ACTIVE
2024-02-26 09:18:22,979 [a70c1067-2103-48d8-b21c-f7bdcf327398-impl-thread1] INFO  server.RaftServer (RaftServerProxy.java:initGroupDir(264)) - a70c1067-2103-48d8-b21c-f7bdcf327398: found a subdirectory /home/runner/work/ozone/ozone/hadoop-ozone/integration-test/target/test-dir/MiniOzoneClusterImpl-0d79f430-b8c0-477e-97b7-98e50d733022/ozone-meta/datanode-2/ratis/tmp
2024-02-26 09:18:22,979 [a70c1067-2103-48d8-b21c-f7bdcf327398-impl-thread1] INFO  server.RaftServer (RaftServerProxy.java:initGroupDir(269)) - a70c1067-2103-48d8-b21c-f7bdcf327398: The directory /home/runner/work/ozone/ozone/hadoop-ozone/integration-test/target/test-dir/MiniOzoneClusterImpl-0d79f430-b8c0-477e-97b7-98e50d733022/ozone-meta/datanode-2/ratis/tmp is not a group directory; ignoring it. 
2024-02-26 09:18:22,980 [main] INFO  replication.ReplicationServer (ReplicationServer.java:<init>(86)) - Initializing replication server with thread count = 10 queue length = 4096
2024-02-26 09:18:22,981 [main] INFO  server.XceiverServerGrpc (XceiverServerGrpc.java:<init>(141)) - GrpcServer channel type EpollServerSocketChannel
2024-02-26 09:18:22,984 [main] INFO  replication.ReplicationSupervisor (ReplicationSupervisor.java:build(163)) - Initializing replication supervisor with thread count = 10
2024-02-26 09:18:22,984 [main] INFO  replication.ReplicationSupervisor (ReplicationSupervisor.java:nodeStateUpdated(317)) - Node state updated to IN_SERVICE, scaling executor pool size to 10
2024-02-26 09:18:22,987 [main] INFO  http.BaseHttpServer (BaseHttpServer.java:newHttpServer2BuilderForOzone(223)) - Starting Web-server for hddsDatanode at: http://0.0.0.0:15018
2024-02-26 09:18:22,987 [main] INFO  http.BaseHttpServer (BaseHttpServer.java:<init>(110)) - Hadoop Security Enabled: false Ozone Security Enabled: false Ozone HTTP Security Enabled: false 
2024-02-26 09:18:22,989 [main] WARN  server.AuthenticationFilter (AuthenticationFilter.java:constructSecretProvider(240)) - Unable to initialize FileSignerSecretProvider, falling back to use random secrets. Reason: Could not read signature secret file: /home/runner/hadoop-http-auth-signature-secret
2024-02-26 09:18:22,990 [main] INFO  http.HttpRequestLog (HttpRequestLog.java:getRequestLog(86)) - Http request log for http.requests.hddsDatanode is not defined
2024-02-26 09:18:22,991 [main] INFO  http.HttpServer2 (HttpServer2.java:addGlobalFilter(1036)) - Added global filter 'safety' (class=org.apache.hadoop.hdds.server.http.HttpServer2$QuotingInputFilter)
2024-02-26 09:18:22,992 [main] INFO  http.HttpServer2 (HttpServer2.java:addFilter(1012)) - Added filter static_user_filter (class=org.apache.hadoop.http.lib.StaticUserWebFilter$StaticUserFilter) to context hddsDatanode
2024-02-26 09:18:22,993 [main] INFO  http.HttpServer2 (HttpServer2.java:addFilter(1020)) - Added filter static_user_filter (class=org.apache.hadoop.http.lib.StaticUserWebFilter$StaticUserFilter) to context logs
2024-02-26 09:18:22,993 [main] INFO  http.HttpServer2 (HttpServer2.java:addFilter(1020)) - Added filter static_user_filter (class=org.apache.hadoop.http.lib.StaticUserWebFilter$StaticUserFilter) to context static
2024-02-26 09:18:22,994 [main] INFO  http.BaseHttpServer (BaseHttpServer.java:<init>(189)) - HTTP server of hddsDatanode uses base directory /home/runner/work/ozone/ozone/hadoop-ozone/integration-test/target/test-dir/MiniOzoneClusterImpl-0d79f430-b8c0-477e-97b7-98e50d733022/ozone-meta/datanode-2/meta/webserver
2024-02-26 09:18:22,995 [main] INFO  http.HttpServer2 (HttpServer2.java:bindListener(1236)) - Jetty bound to port 15018
2024-02-26 09:18:22,999 [main] INFO  server.Server (Server.java:doStart(375)) - jetty-9.4.53.v20231009; built: 2023-10-09T12:29:09.265Z; git: 27bde00a0b95a1d5bbee0eae7984f891d2d0f8c9; jvm 1.8.0_402-b06
2024-02-26 09:18:23,004 [main] INFO  server.session (DefaultSessionIdManager.java:doStart(334)) - DefaultSessionIdManager workerName=node0
2024-02-26 09:18:23,004 [main] INFO  server.session (DefaultSessionIdManager.java:doStart(339)) - No SessionScavenger set, using defaults
2024-02-26 09:18:23,005 [main] INFO  server.session (HouseKeeper.java:startScavenging(132)) - node0 Scavenging every 600000ms
2024-02-26 09:18:23,006 [main] INFO  handler.ContextHandler (ContextHandler.java:doStart(921)) - Started o.e.j.s.ServletContextHandler@45c75f36{logs,/logs,file:///home/runner/work/ozone/ozone/hadoop-ozone/integration-test/target/log,AVAILABLE}
2024-02-26 09:18:23,006 [main] INFO  handler.ContextHandler (ContextHandler.java:doStart(921)) - Started o.e.j.s.ServletContextHandler@49d48ff1{static,/static,jar:file:/home/runner/.m2/repository/org/apache/ozone/hdds-container-service/1.5.0-SNAPSHOT/hdds-container-service-1.5.0-SNAPSHOT.jar!/webapps/static,AVAILABLE}
2024-02-26 09:18:23,017 [1fc8e30e-bcf6-4a54-bb04-f74c1c9f090e-DatanodeStateMachineTaskThread-0] INFO  datanode.InitDatanodeState (InitDatanodeState.java:persistContainerDatanodeDetails(139)) - DatanodeDetails is persisted to /home/runner/work/ozone/ozone/hadoop-ozone/integration-test/target/test-dir/MiniOzoneClusterImpl-0d79f430-b8c0-477e-97b7-98e50d733022/ozone-meta/datanode-1/meta/datanode.id
2024-02-26 09:18:23,048 [main] INFO  handler.ContextHandler (ContextHandler.java:doStart(921)) - Started o.e.j.w.WebAppContext@5652d8b5{hddsDatanode,/,file:///home/runner/work/ozone/ozone/hadoop-ozone/integration-test/target/test-dir/MiniOzoneClusterImpl-0d79f430-b8c0-477e-97b7-98e50d733022/ozone-meta/datanode-2/meta/webserver/jetty-0_0_0_0-15018-hdds-container-service-1_5_0-SNAPSHOT_jar-_-any-8809450980760780866/webapp/,AVAILABLE}{jar:file:/home/runner/.m2/repository/org/apache/ozone/hdds-container-service/1.5.0-SNAPSHOT/hdds-container-service-1.5.0-SNAPSHOT.jar!/webapps/hddsDatanode}
2024-02-26 09:18:23,049 [main] INFO  server.AbstractConnector (AbstractConnector.java:doStart(333)) - Started ServerConnector@db850a{HTTP/1.1, (http/1.1)}{0.0.0.0:15018}
2024-02-26 09:18:23,049 [main] INFO  server.Server (Server.java:doStart(415)) - Started @7681ms
2024-02-26 09:18:23,050 [main] WARN  impl.MetricsSystemImpl (MetricsSystemImpl.java:register(279)) - Sink prometheus already exists!
2024-02-26 09:18:23,050 [main] INFO  http.BaseHttpServer (BaseHttpServer.java:updateConnectorAddress(354)) - HTTP server of hddsDatanode listening at http://0.0.0.0:15018
2024-02-26 09:18:23,051 [main] INFO  ipc.CallQueueManager (CallQueueManager.java:<init>(90)) - Using callQueue: class java.util.concurrent.LinkedBlockingQueue, queueCapacity: 100, scheduler: class org.apache.hadoop.ipc.DefaultRpcScheduler, ipcBackoff: false.
2024-02-26 09:18:23,051 [main] INFO  ipc.Server (Server.java:<init>(1287)) - Listener at 0.0.0.0:15019
2024-02-26 09:18:23,051 [Socket Reader #1 for port 15019] INFO  ipc.Server (Server.java:run(1323)) - Starting Socket Reader #1 for port 15019
2024-02-26 09:18:23,054 [main] INFO  ozone.HddsDatanodeService (HddsDatanodeService.java:start(327)) - Datanode start with admins: [runner]
2024-02-26 09:18:23,054 [main] INFO  ozone.HddsDatanodeClientProtocolServer (HddsDatanodeClientProtocolServer.java:start(77)) - RPC server for Client /0.0.0.0:15019
2024-02-26 09:18:23,055 [IPC Server Responder] INFO  ipc.Server (Server.java:run(1562)) - IPC Server Responder: starting
2024-02-26 09:18:23,055 [IPC Server listener on 15019] INFO  ipc.Server (Server.java:run(1402)) - IPC Server listener on 15019: starting
2024-02-26 09:18:23,056 [a70c1067-2103-48d8-b21c-f7bdcf327398-DatanodeStateMachineDaemonThread] INFO  statemachine.DatanodeStateMachine (DatanodeStateMachine.java:lambda$startDaemon$1(555)) - Ozone container server started.
2024-02-26 09:18:23,056 [main] WARN  dropwizard3.Dm3MetricRegistriesImpl (Dm3MetricRegistriesImpl.java:addReporterRegistration(113)) - New reporters are added after registries were created. Some metrics will be missing from the reporter. Please add reporter before adding any new registry.
2024-02-26 09:18:23,056 [main] WARN  dropwizard3.Dm3MetricRegistriesImpl (Dm3MetricRegistriesImpl.java:addReporterRegistration(113)) - New reporters are added after registries were created. Some metrics will be missing from the reporter. Please add reporter before adding any new registry.
2024-02-26 09:18:23,056 [main] INFO  impl.MetricsSystemImpl (MetricsSystemImpl.java:init(158)) - HddsDatanode metrics system started (again)
2024-02-26 09:18:23,068 [a70c1067-2103-48d8-b21c-f7bdcf327398-DatanodeStateMachineTaskThread-0] INFO  datanode.InitDatanodeState (InitDatanodeState.java:persistContainerDatanodeDetails(139)) - DatanodeDetails is persisted to /home/runner/work/ozone/ozone/hadoop-ozone/integration-test/target/test-dir/MiniOzoneClusterImpl-0d79f430-b8c0-477e-97b7-98e50d733022/ozone-meta/datanode-2/meta/datanode.id
2024-02-26 09:18:23,071 [main] INFO  ozone.HddsDatanodeService (HddsDatanodeService.java:start(240)) - HddsDatanodeService host:fv-az1109-796.pxagtw4bd2yejgkn5xrroktb3f.dx.internal.cloudapp.net ip:10.1.0.30
2024-02-26 09:18:23,088 [main] INFO  upgrade.AbstractLayoutVersionManager (AbstractLayoutVersionManager.java:init(83)) - Initializing Layout version manager with metadata layout = HADOOP_PRC_PORTS_IN_DATANODEDETAILS (version = 7), software layout = HADOOP_PRC_PORTS_IN_DATANODEDETAILS (version = 7)
2024-02-26 09:18:23,089 [main] INFO  statemachine.DatanodeStateMachine (DatanodeStateMachine.java:getEndPointTaskThreadPoolSize(299)) - Datanode State Machine Task Thread Pool size 2
2024-02-26 09:18:23,091 [main] INFO  volume.HddsVolume (HddsVolume.java:<init>(125)) - Creating HddsVolume: /home/runner/work/ozone/ozone/hadoop-ozone/integration-test/target/test-dir/MiniOzoneClusterImpl-0d79f430-b8c0-477e-97b7-98e50d733022/ozone-meta/datanode-3/data-0/hdds of storage type : DISK capacity : 9223372036854775807
2024-02-26 09:18:23,092 [main] INFO  volume.MutableVolumeSet (MutableVolumeSet.java:initializeVolumeSet(173)) - Added Volume : /home/runner/work/ozone/ozone/hadoop-ozone/integration-test/target/test-dir/MiniOzoneClusterImpl-0d79f430-b8c0-477e-97b7-98e50d733022/ozone-meta/datanode-3/data-0/hdds to VolumeSet
2024-02-26 09:18:23,093 [main] INFO  volume.MutableVolumeSet (MutableVolumeSet.java:initializeVolumeSet(173)) - Added Volume : /home/runner/work/ozone/ozone/hadoop-ozone/integration-test/target/test-dir/MiniOzoneClusterImpl-0d79f430-b8c0-477e-97b7-98e50d733022/ozone-meta/datanode-3/ratis to VolumeSet
2024-02-26 09:18:23,093 [main] INFO  ozoneimpl.OzoneContainer (HddsVolumeUtil.java:loadAllHddsVolumeDbStore(103)) - Load 1 volumes DbStore cost: 0ms
2024-02-26 09:18:23,096 [main] INFO  server.RaftServer (ConfUtils.java:logGet(46)) - raft.rpc.type = GRPC (default)
2024-02-26 09:18:23,097 [main] INFO  grpc.GrpcConfigKeys (ConfUtils.java:logFallback(53)) - raft.grpc.admin.host = null (fallback to raft.grpc.server.host)
2024-02-26 09:18:23,097 [main] INFO  grpc.GrpcConfigKeys (ConfUtils.java:logGet(46)) - raft.grpc.admin.port = 15031 (custom)
2024-02-26 09:18:23,097 [main] INFO  grpc.GrpcConfigKeys (ConfUtils.java:logFallback(53)) - raft.grpc.client.host = null (fallback to raft.grpc.server.host)
2024-02-26 09:18:23,097 [main] INFO  grpc.GrpcConfigKeys (ConfUtils.java:logGet(46)) - raft.grpc.client.port = 15030 (custom)
2024-02-26 09:18:23,097 [main] INFO  grpc.GrpcConfigKeys (ConfUtils.java:logGet(46)) - raft.grpc.server.host = null (default)
2024-02-26 09:18:23,097 [main] INFO  grpc.GrpcConfigKeys (ConfUtils.java:logGet(46)) - raft.grpc.server.port = 15032 (custom)
2024-02-26 09:18:23,098 [main] INFO  server.GrpcService (ConfUtils.java:logGet(46)) - raft.grpc.message.size.max = 32MB (=33554432) (custom)
2024-02-26 09:18:23,098 [main] INFO  server.RaftServerConfigKeys (ConfUtils.java:logGet(46)) - raft.server.log.appender.buffer.byte-limit = 8388608 (custom)
2024-02-26 09:18:23,098 [main] INFO  server.GrpcService (ConfUtils.java:logGet(46)) - raft.grpc.flow.control.window = 5MB (=5242880) (custom)
2024-02-26 09:18:23,098 [main] INFO  server.RaftServerConfigKeys (ConfUtils.java:logGet(46)) - raft.server.rpc.request.timeout = 60s (custom)
2024-02-26 09:18:23,098 [main] INFO  grpc.GrpcConfigKeys (ConfUtils.java:logGet(46)) - raft.grpc.server.heartbeat.channel = true (default)
2024-02-26 09:18:23,099 [main] INFO  grpc.GrpcConfigKeys (ConfUtils.java:logGet(46)) - raft.grpc.server.async.request.thread.pool.cached = true (default)
2024-02-26 09:18:23,099 [main] INFO  grpc.GrpcConfigKeys (ConfUtils.java:logGet(46)) - raft.grpc.server.async.request.thread.pool.size = 32 (default)
2024-02-26 09:18:23,101 [main] INFO  impl.DataStreamServerImpl (ConfUtils.java:logGet(46)) - raft.datastream.type = NETTY (custom)
2024-02-26 09:18:23,101 [main] INFO  server.RaftServerConfigKeys (ConfUtils.java:logGet(46)) - raft.server.data-stream.async.request.thread.pool.cached = false (default)
2024-02-26 09:18:23,101 [main] INFO  server.RaftServerConfigKeys (ConfUtils.java:logGet(46)) - raft.server.data-stream.async.request.thread.pool.size = 20 (custom)
2024-02-26 09:18:23,102 [main] INFO  server.RaftServerConfigKeys (ConfUtils.java:logGet(46)) - raft.server.data-stream.async.write.thread.pool.size = 16 (default)
2024-02-26 09:18:23,102 [main] INFO  netty.NettyConfigKeys$DataStream (ConfUtils.java:logGet(46)) - raft.netty.dataStream.server.channel.inactive.grace-period = 10min (default)
2024-02-26 09:18:23,102 [main] INFO  server.RaftServerConfigKeys (ConfUtils.java:logGet(46)) - raft.server.data-stream.client.pool.size = 10 (default)
2024-02-26 09:18:23,102 [main] INFO  netty.NettyConfigKeys$DataStream (ConfUtils.java:logGet(46)) - raft.netty.dataStream.server.use-epoll = true (default)
2024-02-26 09:18:23,102 [main] INFO  netty.NettyConfigKeys$DataStream (ConfUtils.java:logGet(46)) - raft.netty.dataStream.server.boss-group.size = 0 (default)
2024-02-26 09:18:23,103 [main] INFO  netty.NettyUtils (NettyUtils.java:newEventLoopGroup(69)) - Create EpollEventLoopGroup for f0a2b3de-ed07-43d6-bdce-9d4b8e15ed2c-NettyServerStreamRpc-bossGroup; Thread size is 0.
2024-02-26 09:18:23,103 [main] INFO  netty.NettyConfigKeys$DataStream (ConfUtils.java:logGet(46)) - raft.netty.dataStream.server.worker-group.size = 0 (default)
2024-02-26 09:18:23,103 [main] INFO  netty.NettyUtils (NettyUtils.java:newEventLoopGroup(69)) - Create EpollEventLoopGroup for f0a2b3de-ed07-43d6-bdce-9d4b8e15ed2c-NettyServerStreamRpc-workerGroup; Thread size is 0.
2024-02-26 09:18:23,104 [main] INFO  netty.NettyConfigKeys$DataStream (ConfUtils.java:logGet(46)) - raft.netty.dataStream.server.tls.conf = null (default)
2024-02-26 09:18:23,104 [main] INFO  netty.NettyConfigKeys$DataStream (ConfUtils.java:logGet(46)) - raft.netty.dataStream.host = null (default)
2024-02-26 09:18:23,104 [main] INFO  netty.NettyConfigKeys$DataStream (ConfUtils.java:logGet(46)) - raft.netty.dataStream.port = 15033 (custom)
2024-02-26 09:18:23,105 [main] INFO  server.RaftServerConfigKeys (ConfUtils.java:logGet(46)) - raft.server.sleep.deviation.threshold = 300ms (default)
2024-02-26 09:18:23,105 [main] INFO  server.RaftServerConfigKeys (ConfUtils.java:logGet(46)) - raft.server.close.threshold = 60s (default)
2024-02-26 09:18:23,106 [f0a2b3de-ed07-43d6-bdce-9d4b8e15ed2c-NettyServerStreamRpc-bossGroup--thread1] INFO  logging.LoggingHandler (AbstractInternalLogger.java:log(148)) - [id: 0x975e04e1] REGISTERED
2024-02-26 09:18:23,106 [f0a2b3de-ed07-43d6-bdce-9d4b8e15ed2c-NettyServerStreamRpc-bossGroup--thread1] INFO  logging.LoggingHandler (AbstractInternalLogger.java:log(148)) - [id: 0x975e04e1] BIND: 0.0.0.0/0.0.0.0:15033
2024-02-26 09:18:23,106 [f0a2b3de-ed07-43d6-bdce-9d4b8e15ed2c-NettyServerStreamRpc-bossGroup--thread1] INFO  logging.LoggingHandler (AbstractInternalLogger.java:log(148)) - [id: 0x975e04e1, L:/0.0.0.0:15033] ACTIVE
2024-02-26 09:18:23,107 [main] INFO  server.RaftServerConfigKeys (ConfUtils.java:logGet(46)) - raft.server.leaderelection.leader.step-down.wait-time = 10s (default)
2024-02-26 09:18:23,107 [main] INFO  server.RaftServerConfigKeys (ConfUtils.java:logGet(46)) - raft.server.storage.dir = [/home/runner/work/ozone/ozone/hadoop-ozone/integration-test/target/test-dir/MiniOzoneClusterImpl-0d79f430-b8c0-477e-97b7-98e50d733022/ozone-meta/datanode-3/ratis] (custom)
2024-02-26 09:18:23,107 [main] INFO  server.RaftServerConfigKeys (ConfUtils.java:logGet(46)) - raft.server.threadpool.proxy.cached = true (default)
2024-02-26 09:18:23,107 [main] INFO  server.RaftServerConfigKeys (ConfUtils.java:logGet(46)) - raft.server.threadpool.proxy.size = 0 (default)
2024-02-26 09:18:23,108 [f0a2b3de-ed07-43d6-bdce-9d4b8e15ed2c-impl-thread1] INFO  server.RaftServer (RaftServerProxy.java:initGroupDir(264)) - f0a2b3de-ed07-43d6-bdce-9d4b8e15ed2c: found a subdirectory /home/runner/work/ozone/ozone/hadoop-ozone/integration-test/target/test-dir/MiniOzoneClusterImpl-0d79f430-b8c0-477e-97b7-98e50d733022/ozone-meta/datanode-3/ratis/tmp
2024-02-26 09:18:23,108 [f0a2b3de-ed07-43d6-bdce-9d4b8e15ed2c-impl-thread1] INFO  server.RaftServer (RaftServerProxy.java:initGroupDir(269)) - f0a2b3de-ed07-43d6-bdce-9d4b8e15ed2c: The directory /home/runner/work/ozone/ozone/hadoop-ozone/integration-test/target/test-dir/MiniOzoneClusterImpl-0d79f430-b8c0-477e-97b7-98e50d733022/ozone-meta/datanode-3/ratis/tmp is not a group directory; ignoring it. 
2024-02-26 09:18:23,108 [main] INFO  replication.ReplicationServer (ReplicationServer.java:<init>(86)) - Initializing replication server with thread count = 10 queue length = 4096
2024-02-26 09:18:23,109 [main] INFO  server.XceiverServerGrpc (XceiverServerGrpc.java:<init>(141)) - GrpcServer channel type EpollServerSocketChannel
2024-02-26 09:18:23,111 [main] INFO  replication.ReplicationSupervisor (ReplicationSupervisor.java:build(163)) - Initializing replication supervisor with thread count = 10
2024-02-26 09:18:23,112 [main] INFO  replication.ReplicationSupervisor (ReplicationSupervisor.java:nodeStateUpdated(317)) - Node state updated to IN_SERVICE, scaling executor pool size to 10
2024-02-26 09:18:23,114 [main] INFO  http.BaseHttpServer (BaseHttpServer.java:newHttpServer2BuilderForOzone(223)) - Starting Web-server for hddsDatanode at: http://0.0.0.0:15027
2024-02-26 09:18:23,114 [main] INFO  http.BaseHttpServer (BaseHttpServer.java:<init>(110)) - Hadoop Security Enabled: false Ozone Security Enabled: false Ozone HTTP Security Enabled: false 
2024-02-26 09:18:23,116 [main] WARN  server.AuthenticationFilter (AuthenticationFilter.java:constructSecretProvider(240)) - Unable to initialize FileSignerSecretProvider, falling back to use random secrets. Reason: Could not read signature secret file: /home/runner/hadoop-http-auth-signature-secret
2024-02-26 09:18:23,116 [main] INFO  http.HttpRequestLog (HttpRequestLog.java:getRequestLog(86)) - Http request log for http.requests.hddsDatanode is not defined
2024-02-26 09:18:23,118 [main] INFO  http.HttpServer2 (HttpServer2.java:addGlobalFilter(1036)) - Added global filter 'safety' (class=org.apache.hadoop.hdds.server.http.HttpServer2$QuotingInputFilter)
2024-02-26 09:18:23,118 [main] INFO  http.HttpServer2 (HttpServer2.java:addFilter(1012)) - Added filter static_user_filter (class=org.apache.hadoop.http.lib.StaticUserWebFilter$StaticUserFilter) to context hddsDatanode
2024-02-26 09:18:23,119 [main] INFO  http.HttpServer2 (HttpServer2.java:addFilter(1020)) - Added filter static_user_filter (class=org.apache.hadoop.http.lib.StaticUserWebFilter$StaticUserFilter) to context static
2024-02-26 09:18:23,119 [main] INFO  http.HttpServer2 (HttpServer2.java:addFilter(1020)) - Added filter static_user_filter (class=org.apache.hadoop.http.lib.StaticUserWebFilter$StaticUserFilter) to context logs
2024-02-26 09:18:23,120 [main] INFO  http.BaseHttpServer (BaseHttpServer.java:<init>(189)) - HTTP server of hddsDatanode uses base directory /home/runner/work/ozone/ozone/hadoop-ozone/integration-test/target/test-dir/MiniOzoneClusterImpl-0d79f430-b8c0-477e-97b7-98e50d733022/ozone-meta/datanode-3/meta/webserver
2024-02-26 09:18:23,120 [main] INFO  http.HttpServer2 (HttpServer2.java:bindListener(1236)) - Jetty bound to port 15027
2024-02-26 09:18:23,120 [main] INFO  server.Server (Server.java:doStart(375)) - jetty-9.4.53.v20231009; built: 2023-10-09T12:29:09.265Z; git: 27bde00a0b95a1d5bbee0eae7984f891d2d0f8c9; jvm 1.8.0_402-b06
2024-02-26 09:18:23,121 [main] INFO  server.session (DefaultSessionIdManager.java:doStart(334)) - DefaultSessionIdManager workerName=node0
2024-02-26 09:18:23,121 [main] INFO  server.session (DefaultSessionIdManager.java:doStart(339)) - No SessionScavenger set, using defaults
2024-02-26 09:18:23,121 [main] INFO  server.session (HouseKeeper.java:startScavenging(132)) - node0 Scavenging every 600000ms
2024-02-26 09:18:23,122 [main] INFO  handler.ContextHandler (ContextHandler.java:doStart(921)) - Started o.e.j.s.ServletContextHandler@36bece70{logs,/logs,file:///home/runner/work/ozone/ozone/hadoop-ozone/integration-test/target/log,AVAILABLE}
2024-02-26 09:18:23,123 [main] INFO  handler.ContextHandler (ContextHandler.java:doStart(921)) - Started o.e.j.s.ServletContextHandler@278427e9{static,/static,jar:file:/home/runner/.m2/repository/org/apache/ozone/hdds-container-service/1.5.0-SNAPSHOT/hdds-container-service-1.5.0-SNAPSHOT.jar!/webapps/static,AVAILABLE}
2024-02-26 09:18:23,162 [main] INFO  handler.ContextHandler (ContextHandler.java:doStart(921)) - Started o.e.j.w.WebAppContext@4995ca37{hddsDatanode,/,file:///home/runner/work/ozone/ozone/hadoop-ozone/integration-test/target/test-dir/MiniOzoneClusterImpl-0d79f430-b8c0-477e-97b7-98e50d733022/ozone-meta/datanode-3/meta/webserver/jetty-0_0_0_0-15027-hdds-container-service-1_5_0-SNAPSHOT_jar-_-any-498125724227213802/webapp/,AVAILABLE}{jar:file:/home/runner/.m2/repository/org/apache/ozone/hdds-container-service/1.5.0-SNAPSHOT/hdds-container-service-1.5.0-SNAPSHOT.jar!/webapps/hddsDatanode}
2024-02-26 09:18:23,165 [main] INFO  server.AbstractConnector (AbstractConnector.java:doStart(333)) - Started ServerConnector@189df3b9{HTTP/1.1, (http/1.1)}{0.0.0.0:15027}
2024-02-26 09:18:23,165 [main] INFO  server.Server (Server.java:doStart(415)) - Started @7797ms
2024-02-26 09:18:23,165 [main] WARN  impl.MetricsSystemImpl (MetricsSystemImpl.java:register(279)) - Sink prometheus already exists!
2024-02-26 09:18:23,166 [main] INFO  http.BaseHttpServer (BaseHttpServer.java:updateConnectorAddress(354)) - HTTP server of hddsDatanode listening at http://0.0.0.0:15027
2024-02-26 09:18:23,166 [main] INFO  ipc.CallQueueManager (CallQueueManager.java:<init>(90)) - Using callQueue: class java.util.concurrent.LinkedBlockingQueue, queueCapacity: 100, scheduler: class org.apache.hadoop.ipc.DefaultRpcScheduler, ipcBackoff: false.
2024-02-26 09:18:23,167 [main] INFO  ipc.Server (Server.java:<init>(1287)) - Listener at 0.0.0.0:15028
2024-02-26 09:18:23,167 [Socket Reader #1 for port 15028] INFO  ipc.Server (Server.java:run(1323)) - Starting Socket Reader #1 for port 15028
2024-02-26 09:18:23,176 [main] INFO  ozone.HddsDatanodeService (HddsDatanodeService.java:start(327)) - Datanode start with admins: [runner]
2024-02-26 09:18:23,176 [main] INFO  ozone.HddsDatanodeClientProtocolServer (HddsDatanodeClientProtocolServer.java:start(77)) - RPC server for Client /0.0.0.0:15028
2024-02-26 09:18:23,179 [IPC Server Responder] INFO  ipc.Server (Server.java:run(1562)) - IPC Server Responder: starting
2024-02-26 09:18:23,179 [IPC Server listener on 15028] INFO  ipc.Server (Server.java:run(1402)) - IPC Server listener on 15028: starting
2024-02-26 09:18:23,184 [f0a2b3de-ed07-43d6-bdce-9d4b8e15ed2c-DatanodeStateMachineDaemonThread] INFO  statemachine.DatanodeStateMachine (DatanodeStateMachine.java:lambda$startDaemon$1(555)) - Ozone container server started.
2024-02-26 09:18:23,184 [main] WARN  dropwizard3.Dm3MetricRegistriesImpl (Dm3MetricRegistriesImpl.java:addReporterRegistration(113)) - New reporters are added after registries were created. Some metrics will be missing from the reporter. Please add reporter before adding any new registry.
2024-02-26 09:18:23,184 [main] WARN  dropwizard3.Dm3MetricRegistriesImpl (Dm3MetricRegistriesImpl.java:addReporterRegistration(113)) - New reporters are added after registries were created. Some metrics will be missing from the reporter. Please add reporter before adding any new registry.
2024-02-26 09:18:23,185 [main] INFO  impl.MetricsSystemImpl (MetricsSystemImpl.java:init(158)) - HddsDatanode metrics system started (again)
2024-02-26 09:18:23,200 [f0a2b3de-ed07-43d6-bdce-9d4b8e15ed2c-DatanodeStateMachineTaskThread-0] INFO  datanode.InitDatanodeState (InitDatanodeState.java:persistContainerDatanodeDetails(139)) - DatanodeDetails is persisted to /home/runner/work/ozone/ozone/hadoop-ozone/integration-test/target/test-dir/MiniOzoneClusterImpl-0d79f430-b8c0-477e-97b7-98e50d733022/ozone-meta/datanode-3/meta/datanode.id
2024-02-26 09:18:23,202 [main] INFO  ozone.HddsDatanodeService (HddsDatanodeService.java:start(240)) - HddsDatanodeService host:fv-az1109-796.pxagtw4bd2yejgkn5xrroktb3f.dx.internal.cloudapp.net ip:10.1.0.30
2024-02-26 09:18:23,206 [om1@group-C5BA1605619E-FollowerState] INFO  impl.FollowerState (FollowerState.java:run(143)) - om1@group-C5BA1605619E-FollowerState: change to CANDIDATE, lastRpcElapsedTime:1004129110ns, electionTimeout:1002ms
2024-02-26 09:18:23,206 [om1@group-C5BA1605619E-FollowerState] INFO  impl.RoleInfo (RoleInfo.java:shutdownFollowerState(110)) - om1: shutdown om1@group-C5BA1605619E-FollowerState
2024-02-26 09:18:23,207 [om1@group-C5BA1605619E-FollowerState] INFO  server.RaftServer$Division (RaftServerImpl.java:setRole(383)) - om1@group-C5BA1605619E: changes role from  FOLLOWER to CANDIDATE at term 0 for changeToCandidate
2024-02-26 09:18:23,209 [om1@group-C5BA1605619E-FollowerState] INFO  server.RaftServerConfigKeys (ConfUtils.java:logGet(46)) - raft.server.leaderelection.pre-vote = true (default)
2024-02-26 09:18:23,209 [om1@group-C5BA1605619E-FollowerState] INFO  impl.RoleInfo (RoleInfo.java:updateAndGet(139)) - om1: start om1@group-C5BA1605619E-LeaderElection1
2024-02-26 09:18:23,223 [om1@group-C5BA1605619E-LeaderElection1] INFO  impl.LeaderElection (LeaderElection.java:askForVotes(321)) - om1@group-C5BA1605619E-LeaderElection1 PRE_VOTE round 0: submit vote requests at term 0 for -1: peers:[om1|localhost:15007]|listeners:[], old=null
2024-02-26 09:18:23,224 [om1@group-C5BA1605619E-LeaderElection1] INFO  impl.LeaderElection (LeaderElection.java:askForVotes(323)) - om1@group-C5BA1605619E-LeaderElection1 PRE_VOTE round 0: result PASSED (term=0)
2024-02-26 09:18:23,226 [om1@group-C5BA1605619E-LeaderElection1] INFO  impl.LeaderElection (LeaderElection.java:askForVotes(321)) - om1@group-C5BA1605619E-LeaderElection1 ELECTION round 0: submit vote requests at term 1 for -1: peers:[om1|localhost:15007]|listeners:[], old=null
2024-02-26 09:18:23,227 [om1@group-C5BA1605619E-LeaderElection1] INFO  impl.LeaderElection (LeaderElection.java:askForVotes(323)) - om1@group-C5BA1605619E-LeaderElection1 ELECTION round 0: result PASSED (term=1)
2024-02-26 09:18:23,227 [om1@group-C5BA1605619E-LeaderElection1] INFO  impl.RoleInfo (RoleInfo.java:shutdownLeaderElection(130)) - om1: shutdown om1@group-C5BA1605619E-LeaderElection1
2024-02-26 09:18:23,227 [om1@group-C5BA1605619E-LeaderElection1] INFO  server.RaftServer$Division (RaftServerImpl.java:setRole(383)) - om1@group-C5BA1605619E: changes role from CANDIDATE to LEADER at term 1 for changeToLeader
2024-02-26 09:18:23,234 [om1@group-C5BA1605619E-LeaderElection1] INFO  server.RaftServerConfigKeys (ConfUtils.java:logGet(46)) - raft.server.staging.catchup.gap = 1000 (default)
2024-02-26 09:18:23,238 [om1@group-C5BA1605619E-LeaderElection1] INFO  server.RaftServerConfigKeys (ConfUtils.java:logGet(46)) - raft.server.write.element-limit = 4096 (default)
2024-02-26 09:18:23,239 [om1@group-C5BA1605619E-LeaderElection1] INFO  server.RaftServerConfigKeys (ConfUtils.java:logGet(46)) - raft.server.write.byte-limit = 64MB (=67108864) (default)
2024-02-26 09:18:23,240 [main] INFO  upgrade.AbstractLayoutVersionManager (AbstractLayoutVersionManager.java:init(83)) - Initializing Layout version manager with metadata layout = HADOOP_PRC_PORTS_IN_DATANODEDETAILS (version = 7), software layout = HADOOP_PRC_PORTS_IN_DATANODEDETAILS (version = 7)
2024-02-26 09:18:23,240 [main] INFO  statemachine.DatanodeStateMachine (DatanodeStateMachine.java:getEndPointTaskThreadPoolSize(299)) - Datanode State Machine Task Thread Pool size 2
2024-02-26 09:18:23,243 [om1@group-C5BA1605619E-LeaderElection1] INFO  server.RaftServerConfigKeys (ConfUtils.java:logGet(46)) - raft.server.watch.timeout = 10s (default)
2024-02-26 09:18:23,243 [main] INFO  volume.HddsVolume (HddsVolume.java:<init>(125)) - Creating HddsVolume: /home/runner/work/ozone/ozone/hadoop-ozone/integration-test/target/test-dir/MiniOzoneClusterImpl-0d79f430-b8c0-477e-97b7-98e50d733022/ozone-meta/datanode-4/data-0/hdds of storage type : DISK capacity : 9223372036854775807
2024-02-26 09:18:23,244 [main] INFO  volume.MutableVolumeSet (MutableVolumeSet.java:initializeVolumeSet(173)) - Added Volume : /home/runner/work/ozone/ozone/hadoop-ozone/integration-test/target/test-dir/MiniOzoneClusterImpl-0d79f430-b8c0-477e-97b7-98e50d733022/ozone-meta/datanode-4/data-0/hdds to VolumeSet
2024-02-26 09:18:23,243 [om1@group-C5BA1605619E-LeaderElection1] INFO  server.RaftServerConfigKeys (ConfUtils.java:logGet(46)) - raft.server.watch.timeout.denomination = 1s (default)
2024-02-26 09:18:23,245 [om1@group-C5BA1605619E-LeaderElection1] INFO  server.RaftServerConfigKeys (ConfUtils.java:logGet(46)) - raft.server.watch.element-limit = 65536 (default)
2024-02-26 09:18:23,245 [main] INFO  volume.MutableVolumeSet (MutableVolumeSet.java:initializeVolumeSet(173)) - Added Volume : /home/runner/work/ozone/ozone/hadoop-ozone/integration-test/target/test-dir/MiniOzoneClusterImpl-0d79f430-b8c0-477e-97b7-98e50d733022/ozone-meta/datanode-4/ratis to VolumeSet
2024-02-26 09:18:23,246 [main] INFO  ozoneimpl.OzoneContainer (HddsVolumeUtil.java:loadAllHddsVolumeDbStore(103)) - Load 1 volumes DbStore cost: 0ms
2024-02-26 09:18:23,250 [main] INFO  server.RaftServer (ConfUtils.java:logGet(46)) - raft.rpc.type = GRPC (default)
2024-02-26 09:18:23,250 [main] INFO  grpc.GrpcConfigKeys (ConfUtils.java:logFallback(53)) - raft.grpc.admin.host = null (fallback to raft.grpc.server.host)
2024-02-26 09:18:23,250 [main] INFO  grpc.GrpcConfigKeys (ConfUtils.java:logGet(46)) - raft.grpc.admin.port = 15040 (custom)
2024-02-26 09:18:23,250 [main] INFO  grpc.GrpcConfigKeys (ConfUtils.java:logFallback(53)) - raft.grpc.client.host = null (fallback to raft.grpc.server.host)
2024-02-26 09:18:23,251 [main] INFO  grpc.GrpcConfigKeys (ConfUtils.java:logGet(46)) - raft.grpc.client.port = 15039 (custom)
2024-02-26 09:18:23,251 [main] INFO  grpc.GrpcConfigKeys (ConfUtils.java:logGet(46)) - raft.grpc.server.host = null (default)
2024-02-26 09:18:23,251 [main] INFO  grpc.GrpcConfigKeys (ConfUtils.java:logGet(46)) - raft.grpc.server.port = 15041 (custom)
2024-02-26 09:18:23,251 [main] INFO  server.GrpcService (ConfUtils.java:logGet(46)) - raft.grpc.message.size.max = 32MB (=33554432) (custom)
2024-02-26 09:18:23,251 [main] INFO  server.RaftServerConfigKeys (ConfUtils.java:logGet(46)) - raft.server.log.appender.buffer.byte-limit = 8388608 (custom)
2024-02-26 09:18:23,252 [main] INFO  server.GrpcService (ConfUtils.java:logGet(46)) - raft.grpc.flow.control.window = 5MB (=5242880) (custom)
2024-02-26 09:18:23,252 [main] INFO  server.RaftServerConfigKeys (ConfUtils.java:logGet(46)) - raft.server.rpc.request.timeout = 60s (custom)
2024-02-26 09:18:23,252 [main] INFO  grpc.GrpcConfigKeys (ConfUtils.java:logGet(46)) - raft.grpc.server.heartbeat.channel = true (default)
2024-02-26 09:18:23,252 [main] INFO  grpc.GrpcConfigKeys (ConfUtils.java:logGet(46)) - raft.grpc.server.async.request.thread.pool.cached = true (default)
2024-02-26 09:18:23,252 [main] INFO  grpc.GrpcConfigKeys (ConfUtils.java:logGet(46)) - raft.grpc.server.async.request.thread.pool.size = 32 (default)
2024-02-26 09:18:23,254 [om1@group-C5BA1605619E-LeaderElection1] INFO  server.RaftServerConfigKeys (ConfUtils.java:logGet(46)) - raft.server.read.leader.lease.enabled = false (default)
2024-02-26 09:18:23,255 [main] INFO  impl.DataStreamServerImpl (ConfUtils.java:logGet(46)) - raft.datastream.type = NETTY (custom)
2024-02-26 09:18:23,256 [main] INFO  server.RaftServerConfigKeys (ConfUtils.java:logGet(46)) - raft.server.data-stream.async.request.thread.pool.cached = false (default)
2024-02-26 09:18:23,256 [main] INFO  server.RaftServerConfigKeys (ConfUtils.java:logGet(46)) - raft.server.data-stream.async.request.thread.pool.size = 20 (custom)
2024-02-26 09:18:23,256 [main] INFO  server.RaftServerConfigKeys (ConfUtils.java:logGet(46)) - raft.server.data-stream.async.write.thread.pool.size = 16 (default)
2024-02-26 09:18:23,256 [main] INFO  netty.NettyConfigKeys$DataStream (ConfUtils.java:logGet(46)) - raft.netty.dataStream.server.channel.inactive.grace-period = 10min (default)
2024-02-26 09:18:23,257 [main] INFO  server.RaftServerConfigKeys (ConfUtils.java:logGet(46)) - raft.server.data-stream.client.pool.size = 10 (default)
2024-02-26 09:18:23,257 [main] INFO  netty.NettyConfigKeys$DataStream (ConfUtils.java:logGet(46)) - raft.netty.dataStream.server.use-epoll = true (default)
2024-02-26 09:18:23,257 [main] INFO  netty.NettyConfigKeys$DataStream (ConfUtils.java:logGet(46)) - raft.netty.dataStream.server.boss-group.size = 0 (default)
2024-02-26 09:18:23,257 [main] INFO  netty.NettyUtils (NettyUtils.java:newEventLoopGroup(69)) - Create EpollEventLoopGroup for 805285a9-14be-4ba5-9516-049ed8f85315-NettyServerStreamRpc-bossGroup; Thread size is 0.
2024-02-26 09:18:23,258 [main] INFO  netty.NettyConfigKeys$DataStream (ConfUtils.java:logGet(46)) - raft.netty.dataStream.server.worker-group.size = 0 (default)
2024-02-26 09:18:23,258 [main] INFO  netty.NettyUtils (NettyUtils.java:newEventLoopGroup(69)) - Create EpollEventLoopGroup for 805285a9-14be-4ba5-9516-049ed8f85315-NettyServerStreamRpc-workerGroup; Thread size is 0.
2024-02-26 09:18:23,258 [om1@group-C5BA1605619E-LeaderElection1] INFO  server.RaftServerConfigKeys (ConfUtils.java:logGet(46)) - raft.server.read.leader.lease.timeout.ratio = 0.9 (default)
2024-02-26 09:18:23,259 [main] INFO  netty.NettyConfigKeys$DataStream (ConfUtils.java:logGet(46)) - raft.netty.dataStream.server.tls.conf = null (default)
2024-02-26 09:18:23,259 [main] INFO  netty.NettyConfigKeys$DataStream (ConfUtils.java:logGet(46)) - raft.netty.dataStream.host = null (default)
2024-02-26 09:18:23,259 [main] INFO  netty.NettyConfigKeys$DataStream (ConfUtils.java:logGet(46)) - raft.netty.dataStream.port = 15042 (custom)
2024-02-26 09:18:23,259 [om1@group-C5BA1605619E-LeaderElection1] INFO  server.RaftServerConfigKeys (ConfUtils.java:logGet(46)) - raft.server.rpc.timeout.min = 1s (custom)
2024-02-26 09:18:23,260 [om1@group-C5BA1605619E-LeaderElection1] INFO  server.RaftServerConfigKeys (ConfUtils.java:logGet(46)) - raft.server.write.element-limit = 4096 (default)
2024-02-26 09:18:23,261 [om1@group-C5BA1605619E-LeaderElection1] INFO  server.RaftServerConfigKeys (ConfUtils.java:logGet(46)) - raft.server.write.follower.gap.ratio.max = -1.0 (default)
2024-02-26 09:18:23,263 [om1@group-C5BA1605619E-LeaderElection1] INFO  impl.RoleInfo (RoleInfo.java:updateAndGet(139)) - om1: start om1@group-C5BA1605619E-LeaderStateImpl
2024-02-26 09:18:23,263 [main] INFO  server.RaftServerConfigKeys (ConfUtils.java:logGet(46)) - raft.server.sleep.deviation.threshold = 300ms (default)
2024-02-26 09:18:23,263 [main] INFO  server.RaftServerConfigKeys (ConfUtils.java:logGet(46)) - raft.server.close.threshold = 60s (default)
2024-02-26 09:18:23,264 [main] INFO  server.RaftServerConfigKeys (ConfUtils.java:logGet(46)) - raft.server.leaderelection.leader.step-down.wait-time = 10s (default)
2024-02-26 09:18:23,264 [main] INFO  server.RaftServerConfigKeys (ConfUtils.java:logGet(46)) - raft.server.storage.dir = [/home/runner/work/ozone/ozone/hadoop-ozone/integration-test/target/test-dir/MiniOzoneClusterImpl-0d79f430-b8c0-477e-97b7-98e50d733022/ozone-meta/datanode-4/ratis] (custom)
2024-02-26 09:18:23,264 [main] INFO  server.RaftServerConfigKeys (ConfUtils.java:logGet(46)) - raft.server.threadpool.proxy.cached = true (default)
2024-02-26 09:18:23,264 [main] INFO  server.RaftServerConfigKeys (ConfUtils.java:logGet(46)) - raft.server.threadpool.proxy.size = 0 (default)
2024-02-26 09:18:23,263 [om1@group-C5BA1605619E-LeaderElection1] INFO  server.RaftServer$Division (RaftServerImpl.java:setFirstElection(574)) - om1@group-C5BA1605619E: set firstElectionSinceStartup to false for becomeLeader
2024-02-26 09:18:23,272 [805285a9-14be-4ba5-9516-049ed8f85315-impl-thread1] INFO  server.RaftServer (RaftServerProxy.java:initGroupDir(264)) - 805285a9-14be-4ba5-9516-049ed8f85315: found a subdirectory /home/runner/work/ozone/ozone/hadoop-ozone/integration-test/target/test-dir/MiniOzoneClusterImpl-0d79f430-b8c0-477e-97b7-98e50d733022/ozone-meta/datanode-4/ratis/tmp
2024-02-26 09:18:23,273 [805285a9-14be-4ba5-9516-049ed8f85315-impl-thread1] INFO  server.RaftServer (RaftServerProxy.java:initGroupDir(269)) - 805285a9-14be-4ba5-9516-049ed8f85315: The directory /home/runner/work/ozone/ozone/hadoop-ozone/integration-test/target/test-dir/MiniOzoneClusterImpl-0d79f430-b8c0-477e-97b7-98e50d733022/ozone-meta/datanode-4/ratis/tmp is not a group directory; ignoring it. 
2024-02-26 09:18:23,273 [om1@group-C5BA1605619E-LeaderElection1] INFO  server.RaftServer$Division (ServerState.java:setLeader(269)) - om1@group-C5BA1605619E: change Leader from null to om1 at term 1 for becomeLeader, leader elected after 1689ms
2024-02-26 09:18:23,274 [main] INFO  replication.ReplicationServer (ReplicationServer.java:<init>(86)) - Initializing replication server with thread count = 10 queue length = 4096
2024-02-26 09:18:23,272 [805285a9-14be-4ba5-9516-049ed8f85315-NettyServerStreamRpc-bossGroup--thread1] INFO  logging.LoggingHandler (AbstractInternalLogger.java:log(148)) - [id: 0xbff1a054] REGISTERED
2024-02-26 09:18:23,275 [805285a9-14be-4ba5-9516-049ed8f85315-NettyServerStreamRpc-bossGroup--thread1] INFO  logging.LoggingHandler (AbstractInternalLogger.java:log(148)) - [id: 0xbff1a054] BIND: 0.0.0.0/0.0.0.0:15042
2024-02-26 09:18:23,275 [805285a9-14be-4ba5-9516-049ed8f85315-NettyServerStreamRpc-bossGroup--thread1] INFO  logging.LoggingHandler (AbstractInternalLogger.java:log(148)) - [id: 0xbff1a054, L:/0.0.0.0:15042] ACTIVE
2024-02-26 09:18:23,275 [main] INFO  server.XceiverServerGrpc (XceiverServerGrpc.java:<init>(141)) - GrpcServer channel type EpollServerSocketChannel
2024-02-26 09:18:23,278 [main] INFO  replication.ReplicationSupervisor (ReplicationSupervisor.java:build(163)) - Initializing replication supervisor with thread count = 10
2024-02-26 09:18:23,279 [main] INFO  replication.ReplicationSupervisor (ReplicationSupervisor.java:nodeStateUpdated(317)) - Node state updated to IN_SERVICE, scaling executor pool size to 10
2024-02-26 09:18:23,282 [main] INFO  http.BaseHttpServer (BaseHttpServer.java:newHttpServer2BuilderForOzone(223)) - Starting Web-server for hddsDatanode at: http://0.0.0.0:15036
2024-02-26 09:18:23,282 [main] INFO  http.BaseHttpServer (BaseHttpServer.java:<init>(110)) - Hadoop Security Enabled: false Ozone Security Enabled: false Ozone HTTP Security Enabled: false 
2024-02-26 09:18:23,285 [main] WARN  server.AuthenticationFilter (AuthenticationFilter.java:constructSecretProvider(240)) - Unable to initialize FileSignerSecretProvider, falling back to use random secrets. Reason: Could not read signature secret file: /home/runner/hadoop-http-auth-signature-secret
2024-02-26 09:18:23,287 [main] INFO  http.HttpRequestLog (HttpRequestLog.java:getRequestLog(86)) - Http request log for http.requests.hddsDatanode is not defined
2024-02-26 09:18:23,289 [main] INFO  http.HttpServer2 (HttpServer2.java:addGlobalFilter(1036)) - Added global filter 'safety' (class=org.apache.hadoop.hdds.server.http.HttpServer2$QuotingInputFilter)
2024-02-26 09:18:23,290 [main] INFO  http.HttpServer2 (HttpServer2.java:addFilter(1012)) - Added filter static_user_filter (class=org.apache.hadoop.http.lib.StaticUserWebFilter$StaticUserFilter) to context hddsDatanode
2024-02-26 09:18:23,290 [main] INFO  http.HttpServer2 (HttpServer2.java:addFilter(1020)) - Added filter static_user_filter (class=org.apache.hadoop.http.lib.StaticUserWebFilter$StaticUserFilter) to context logs
2024-02-26 09:18:23,290 [main] INFO  http.HttpServer2 (HttpServer2.java:addFilter(1020)) - Added filter static_user_filter (class=org.apache.hadoop.http.lib.StaticUserWebFilter$StaticUserFilter) to context static
2024-02-26 09:18:23,291 [main] INFO  http.BaseHttpServer (BaseHttpServer.java:<init>(189)) - HTTP server of hddsDatanode uses base directory /home/runner/work/ozone/ozone/hadoop-ozone/integration-test/target/test-dir/MiniOzoneClusterImpl-0d79f430-b8c0-477e-97b7-98e50d733022/ozone-meta/datanode-4/meta/webserver
2024-02-26 09:18:23,291 [main] INFO  http.HttpServer2 (HttpServer2.java:bindListener(1236)) - Jetty bound to port 15036
2024-02-26 09:18:23,292 [main] INFO  server.Server (Server.java:doStart(375)) - jetty-9.4.53.v20231009; built: 2023-10-09T12:29:09.265Z; git: 27bde00a0b95a1d5bbee0eae7984f891d2d0f8c9; jvm 1.8.0_402-b06
2024-02-26 09:18:23,295 [main] INFO  server.session (DefaultSessionIdManager.java:doStart(334)) - DefaultSessionIdManager workerName=node0
2024-02-26 09:18:23,295 [main] INFO  server.session (DefaultSessionIdManager.java:doStart(339)) - No SessionScavenger set, using defaults
2024-02-26 09:18:23,296 [main] INFO  server.session (HouseKeeper.java:startScavenging(132)) - node0 Scavenging every 600000ms
2024-02-26 09:18:23,297 [main] INFO  handler.ContextHandler (ContextHandler.java:doStart(921)) - Started o.e.j.s.ServletContextHandler@22764f18{logs,/logs,file:///home/runner/work/ozone/ozone/hadoop-ozone/integration-test/target/log,AVAILABLE}
2024-02-26 09:18:23,297 [main] INFO  handler.ContextHandler (ContextHandler.java:doStart(921)) - Started o.e.j.s.ServletContextHandler@5b1290f{static,/static,jar:file:/home/runner/.m2/repository/org/apache/ozone/hdds-container-service/1.5.0-SNAPSHOT/hdds-container-service-1.5.0-SNAPSHOT.jar!/webapps/static,AVAILABLE}
2024-02-26 09:18:23,303 [om1@group-C5BA1605619E-LeaderElection1] INFO  segmented.SegmentedRaftLogWorker (SegmentedRaftLogWorker.java:startLogSegment(430)) - om1@group-C5BA1605619E-SegmentedRaftLogWorker: Starting segment from index:0
2024-02-26 09:18:23,322 [om1@group-C5BA1605619E-LeaderElection1] INFO  server.RaftServer$Division (ServerState.java:setRaftConf(386)) - om1@group-C5BA1605619E: set configuration 0: peers:[om1|localhost:15007]|listeners:[], old=null
2024-02-26 09:18:23,328 [om1@group-C5BA1605619E-SegmentedRaftLogWorker] INFO  segmented.BufferedWriteChannel (BufferedWriteChannel.java:open(62)) - open log_inprogress_0 at position 0
2024-02-26 09:18:23,341 [om1@group-C5BA1605619E-SegmentedRaftLogWorker] INFO  segmented.SegmentedRaftLogWorker (SegmentedRaftLogWorker.java:execute(634)) - om1@group-C5BA1605619E-SegmentedRaftLogWorker: created new log segment /home/runner/work/ozone/ozone/hadoop-ozone/integration-test/target/test-dir/MiniOzoneClusterImpl-0d79f430-b8c0-477e-97b7-98e50d733022/ozone-meta/ratis/bf265839-605b-3f16-9796-c5ba1605619e/current/log_inprogress_0
2024-02-26 09:18:23,350 [main] INFO  handler.ContextHandler (ContextHandler.java:doStart(921)) - Started o.e.j.w.WebAppContext@5b9274c1{hddsDatanode,/,file:///home/runner/work/ozone/ozone/hadoop-ozone/integration-test/target/test-dir/MiniOzoneClusterImpl-0d79f430-b8c0-477e-97b7-98e50d733022/ozone-meta/datanode-4/meta/webserver/jetty-0_0_0_0-15036-hdds-container-service-1_5_0-SNAPSHOT_jar-_-any-912082144901712057/webapp/,AVAILABLE}{jar:file:/home/runner/.m2/repository/org/apache/ozone/hdds-container-service/1.5.0-SNAPSHOT/hdds-container-service-1.5.0-SNAPSHOT.jar!/webapps/hddsDatanode}
2024-02-26 09:18:23,354 [main] INFO  server.AbstractConnector (AbstractConnector.java:doStart(333)) - Started ServerConnector@2b5da15d{HTTP/1.1, (http/1.1)}{0.0.0.0:15036}
2024-02-26 09:18:23,355 [main] INFO  server.Server (Server.java:doStart(415)) - Started @7986ms
2024-02-26 09:18:23,355 [main] WARN  impl.MetricsSystemImpl (MetricsSystemImpl.java:register(279)) - Sink prometheus already exists!
2024-02-26 09:18:23,356 [main] INFO  http.BaseHttpServer (BaseHttpServer.java:updateConnectorAddress(354)) - HTTP server of hddsDatanode listening at http://0.0.0.0:15036
2024-02-26 09:18:23,356 [main] INFO  ipc.CallQueueManager (CallQueueManager.java:<init>(90)) - Using callQueue: class java.util.concurrent.LinkedBlockingQueue, queueCapacity: 100, scheduler: class org.apache.hadoop.ipc.DefaultRpcScheduler, ipcBackoff: false.
2024-02-26 09:18:23,356 [main] INFO  ipc.Server (Server.java:<init>(1287)) - Listener at 0.0.0.0:15037
2024-02-26 09:18:23,357 [Socket Reader #1 for port 15037] INFO  ipc.Server (Server.java:run(1323)) - Starting Socket Reader #1 for port 15037
2024-02-26 09:18:23,363 [main] INFO  ozone.HddsDatanodeService (HddsDatanodeService.java:start(327)) - Datanode start with admins: [runner]
2024-02-26 09:18:23,363 [main] INFO  ozone.HddsDatanodeClientProtocolServer (HddsDatanodeClientProtocolServer.java:start(77)) - RPC server for Client /0.0.0.0:15037
2024-02-26 09:18:23,367 [IPC Server Responder] INFO  ipc.Server (Server.java:run(1562)) - IPC Server Responder: starting
2024-02-26 09:18:23,371 [IPC Server listener on 15037] INFO  ipc.Server (Server.java:run(1402)) - IPC Server listener on 15037: starting
2024-02-26 09:18:23,371 [805285a9-14be-4ba5-9516-049ed8f85315-DatanodeStateMachineDaemonThread] INFO  statemachine.DatanodeStateMachine (DatanodeStateMachine.java:lambda$startDaemon$1(555)) - Ozone container server started.
2024-02-26 09:18:23,372 [main] WARN  dropwizard3.Dm3MetricRegistriesImpl (Dm3MetricRegistriesImpl.java:addReporterRegistration(113)) - New reporters are added after registries were created. Some metrics will be missing from the reporter. Please add reporter before adding any new registry.
2024-02-26 09:18:23,378 [main] WARN  dropwizard3.Dm3MetricRegistriesImpl (Dm3MetricRegistriesImpl.java:addReporterRegistration(113)) - New reporters are added after registries were created. Some metrics will be missing from the reporter. Please add reporter before adding any new registry.
2024-02-26 09:18:23,378 [main] INFO  impl.MetricsSystemImpl (MetricsSystemImpl.java:init(158)) - HddsDatanode metrics system started (again)
2024-02-26 09:18:23,393 [main] INFO  ozone.HddsDatanodeService (HddsDatanodeService.java:start(240)) - HddsDatanodeService host:fv-az1109-796.pxagtw4bd2yejgkn5xrroktb3f.dx.internal.cloudapp.net ip:10.1.0.30
2024-02-26 09:18:23,413 [805285a9-14be-4ba5-9516-049ed8f85315-DatanodeStateMachineTaskThread-0] INFO  datanode.InitDatanodeState (InitDatanodeState.java:persistContainerDatanodeDetails(139)) - DatanodeDetails is persisted to /home/runner/work/ozone/ozone/hadoop-ozone/integration-test/target/test-dir/MiniOzoneClusterImpl-0d79f430-b8c0-477e-97b7-98e50d733022/ozone-meta/datanode-4/meta/datanode.id
2024-02-26 09:18:23,429 [main] INFO  upgrade.AbstractLayoutVersionManager (AbstractLayoutVersionManager.java:init(83)) - Initializing Layout version manager with metadata layout = HADOOP_PRC_PORTS_IN_DATANODEDETAILS (version = 7), software layout = HADOOP_PRC_PORTS_IN_DATANODEDETAILS (version = 7)
2024-02-26 09:18:23,430 [main] INFO  statemachine.DatanodeStateMachine (DatanodeStateMachine.java:getEndPointTaskThreadPoolSize(299)) - Datanode State Machine Task Thread Pool size 2
2024-02-26 09:18:23,435 [main] INFO  volume.HddsVolume (HddsVolume.java:<init>(125)) - Creating HddsVolume: /home/runner/work/ozone/ozone/hadoop-ozone/integration-test/target/test-dir/MiniOzoneClusterImpl-0d79f430-b8c0-477e-97b7-98e50d733022/ozone-meta/datanode-5/data-0/hdds of storage type : DISK capacity : 9223372036854775807
2024-02-26 09:18:23,436 [main] INFO  volume.MutableVolumeSet (MutableVolumeSet.java:initializeVolumeSet(173)) - Added Volume : /home/runner/work/ozone/ozone/hadoop-ozone/integration-test/target/test-dir/MiniOzoneClusterImpl-0d79f430-b8c0-477e-97b7-98e50d733022/ozone-meta/datanode-5/data-0/hdds to VolumeSet
2024-02-26 09:18:23,441 [main] INFO  volume.MutableVolumeSet (MutableVolumeSet.java:initializeVolumeSet(173)) - Added Volume : /home/runner/work/ozone/ozone/hadoop-ozone/integration-test/target/test-dir/MiniOzoneClusterImpl-0d79f430-b8c0-477e-97b7-98e50d733022/ozone-meta/datanode-5/ratis to VolumeSet
2024-02-26 09:18:23,442 [main] INFO  ozoneimpl.OzoneContainer (HddsVolumeUtil.java:loadAllHddsVolumeDbStore(103)) - Load 1 volumes DbStore cost: 0ms
2024-02-26 09:18:23,449 [main] INFO  server.RaftServer (ConfUtils.java:logGet(46)) - raft.rpc.type = GRPC (default)
2024-02-26 09:18:23,450 [om1@group-C5BA1605619E-StateMachineUpdater] INFO  ratis.OzoneManagerStateMachine (OzoneManagerStateMachine.java:notifyConfigurationChanged(200)) - Received Configuration change notification from Ratis. New Peer list:
[id: "om1"
address: "localhost:15007"
startupRole: FOLLOWER
]
2024-02-26 09:18:23,451 [main] INFO  grpc.GrpcConfigKeys (ConfUtils.java:logFallback(53)) - raft.grpc.admin.host = null (fallback to raft.grpc.server.host)
2024-02-26 09:18:23,451 [main] INFO  grpc.GrpcConfigKeys (ConfUtils.java:logGet(46)) - raft.grpc.admin.port = 15049 (custom)
2024-02-26 09:18:23,452 [main] INFO  grpc.GrpcConfigKeys (ConfUtils.java:logFallback(53)) - raft.grpc.client.host = null (fallback to raft.grpc.server.host)
2024-02-26 09:18:23,452 [main] INFO  grpc.GrpcConfigKeys (ConfUtils.java:logGet(46)) - raft.grpc.client.port = 15048 (custom)
2024-02-26 09:18:23,452 [om1@group-C5BA1605619E-StateMachineUpdater] INFO  server.RaftServer$Division (LeaderStateImpl.java:isApplied(320)) - leader is ready since appliedIndex == 0 >= startIndex == 0
2024-02-26 09:18:23,452 [main] INFO  grpc.GrpcConfigKeys (ConfUtils.java:logGet(46)) - raft.grpc.server.host = null (default)
2024-02-26 09:18:23,452 [main] INFO  grpc.GrpcConfigKeys (ConfUtils.java:logGet(46)) - raft.grpc.server.port = 15050 (custom)
2024-02-26 09:18:23,453 [main] INFO  server.GrpcService (ConfUtils.java:logGet(46)) - raft.grpc.message.size.max = 32MB (=33554432) (custom)
2024-02-26 09:18:23,453 [main] INFO  server.RaftServerConfigKeys (ConfUtils.java:logGet(46)) - raft.server.log.appender.buffer.byte-limit = 8388608 (custom)
2024-02-26 09:18:23,456 [main] INFO  server.GrpcService (ConfUtils.java:logGet(46)) - raft.grpc.flow.control.window = 5MB (=5242880) (custom)
2024-02-26 09:18:23,456 [main] INFO  server.RaftServerConfigKeys (ConfUtils.java:logGet(46)) - raft.server.rpc.request.timeout = 60s (custom)
2024-02-26 09:18:23,456 [main] INFO  grpc.GrpcConfigKeys (ConfUtils.java:logGet(46)) - raft.grpc.server.heartbeat.channel = true (default)
2024-02-26 09:18:23,456 [main] INFO  grpc.GrpcConfigKeys (ConfUtils.java:logGet(46)) - raft.grpc.server.async.request.thread.pool.cached = true (default)
2024-02-26 09:18:23,457 [main] INFO  grpc.GrpcConfigKeys (ConfUtils.java:logGet(46)) - raft.grpc.server.async.request.thread.pool.size = 32 (default)
2024-02-26 09:18:23,461 [main] INFO  impl.DataStreamServerImpl (ConfUtils.java:logGet(46)) - raft.datastream.type = NETTY (custom)
2024-02-26 09:18:23,461 [main] INFO  server.RaftServerConfigKeys (ConfUtils.java:logGet(46)) - raft.server.data-stream.async.request.thread.pool.cached = false (default)
2024-02-26 09:18:23,461 [main] INFO  server.RaftServerConfigKeys (ConfUtils.java:logGet(46)) - raft.server.data-stream.async.request.thread.pool.size = 20 (custom)
2024-02-26 09:18:23,462 [main] INFO  server.RaftServerConfigKeys (ConfUtils.java:logGet(46)) - raft.server.data-stream.async.write.thread.pool.size = 16 (default)
2024-02-26 09:18:23,462 [main] INFO  netty.NettyConfigKeys$DataStream (ConfUtils.java:logGet(46)) - raft.netty.dataStream.server.channel.inactive.grace-period = 10min (default)
2024-02-26 09:18:23,462 [main] INFO  server.RaftServerConfigKeys (ConfUtils.java:logGet(46)) - raft.server.data-stream.client.pool.size = 10 (default)
2024-02-26 09:18:23,462 [main] INFO  netty.NettyConfigKeys$DataStream (ConfUtils.java:logGet(46)) - raft.netty.dataStream.server.use-epoll = true (default)
2024-02-26 09:18:23,462 [main] INFO  netty.NettyConfigKeys$DataStream (ConfUtils.java:logGet(46)) - raft.netty.dataStream.server.boss-group.size = 0 (default)
2024-02-26 09:18:23,463 [main] INFO  netty.NettyUtils (NettyUtils.java:newEventLoopGroup(69)) - Create EpollEventLoopGroup for 62c7a6b6-874c-46f0-a24f-66d1ecaaa81b-NettyServerStreamRpc-bossGroup; Thread size is 0.
2024-02-26 09:18:23,463 [main] INFO  netty.NettyConfigKeys$DataStream (ConfUtils.java:logGet(46)) - raft.netty.dataStream.server.worker-group.size = 0 (default)
2024-02-26 09:18:23,464 [main] INFO  netty.NettyUtils (NettyUtils.java:newEventLoopGroup(69)) - Create EpollEventLoopGroup for 62c7a6b6-874c-46f0-a24f-66d1ecaaa81b-NettyServerStreamRpc-workerGroup; Thread size is 0.
2024-02-26 09:18:23,464 [main] INFO  netty.NettyConfigKeys$DataStream (ConfUtils.java:logGet(46)) - raft.netty.dataStream.server.tls.conf = null (default)
2024-02-26 09:18:23,465 [main] INFO  netty.NettyConfigKeys$DataStream (ConfUtils.java:logGet(46)) - raft.netty.dataStream.host = null (default)
2024-02-26 09:18:23,465 [main] INFO  netty.NettyConfigKeys$DataStream (ConfUtils.java:logGet(46)) - raft.netty.dataStream.port = 15051 (custom)
2024-02-26 09:18:23,465 [main] INFO  server.RaftServerConfigKeys (ConfUtils.java:logGet(46)) - raft.server.sleep.deviation.threshold = 300ms (default)
2024-02-26 09:18:23,466 [main] INFO  server.RaftServerConfigKeys (ConfUtils.java:logGet(46)) - raft.server.close.threshold = 60s (default)
2024-02-26 09:18:23,466 [main] INFO  server.RaftServerConfigKeys (ConfUtils.java:logGet(46)) - raft.server.leaderelection.leader.step-down.wait-time = 10s (default)
2024-02-26 09:18:23,467 [main] INFO  server.RaftServerConfigKeys (ConfUtils.java:logGet(46)) - raft.server.storage.dir = [/home/runner/work/ozone/ozone/hadoop-ozone/integration-test/target/test-dir/MiniOzoneClusterImpl-0d79f430-b8c0-477e-97b7-98e50d733022/ozone-meta/datanode-5/ratis] (custom)
2024-02-26 09:18:23,467 [main] INFO  server.RaftServerConfigKeys (ConfUtils.java:logGet(46)) - raft.server.threadpool.proxy.cached = true (default)
2024-02-26 09:18:23,467 [main] INFO  server.RaftServerConfigKeys (ConfUtils.java:logGet(46)) - raft.server.threadpool.proxy.size = 0 (default)
2024-02-26 09:18:23,468 [62c7a6b6-874c-46f0-a24f-66d1ecaaa81b-impl-thread1] INFO  server.RaftServer (RaftServerProxy.java:initGroupDir(264)) - 62c7a6b6-874c-46f0-a24f-66d1ecaaa81b: found a subdirectory /home/runner/work/ozone/ozone/hadoop-ozone/integration-test/target/test-dir/MiniOzoneClusterImpl-0d79f430-b8c0-477e-97b7-98e50d733022/ozone-meta/datanode-5/ratis/tmp
2024-02-26 09:18:23,468 [62c7a6b6-874c-46f0-a24f-66d1ecaaa81b-impl-thread1] INFO  server.RaftServer (RaftServerProxy.java:initGroupDir(269)) - 62c7a6b6-874c-46f0-a24f-66d1ecaaa81b: The directory /home/runner/work/ozone/ozone/hadoop-ozone/integration-test/target/test-dir/MiniOzoneClusterImpl-0d79f430-b8c0-477e-97b7-98e50d733022/ozone-meta/datanode-5/ratis/tmp is not a group directory; ignoring it. 
2024-02-26 09:18:23,468 [main] INFO  replication.ReplicationServer (ReplicationServer.java:<init>(86)) - Initializing replication server with thread count = 10 queue length = 4096
2024-02-26 09:18:23,469 [62c7a6b6-874c-46f0-a24f-66d1ecaaa81b-NettyServerStreamRpc-bossGroup--thread1] INFO  logging.LoggingHandler (AbstractInternalLogger.java:log(148)) - [id: 0x379832cb] REGISTERED
2024-02-26 09:18:23,469 [62c7a6b6-874c-46f0-a24f-66d1ecaaa81b-NettyServerStreamRpc-bossGroup--thread1] INFO  logging.LoggingHandler (AbstractInternalLogger.java:log(148)) - [id: 0x379832cb] BIND: 0.0.0.0/0.0.0.0:15051
2024-02-26 09:18:23,469 [main] INFO  server.XceiverServerGrpc (XceiverServerGrpc.java:<init>(141)) - GrpcServer channel type EpollServerSocketChannel
2024-02-26 09:18:23,470 [62c7a6b6-874c-46f0-a24f-66d1ecaaa81b-NettyServerStreamRpc-bossGroup--thread1] INFO  logging.LoggingHandler (AbstractInternalLogger.java:log(148)) - [id: 0x379832cb, L:/0.0.0.0:15051] ACTIVE
2024-02-26 09:18:23,472 [main] INFO  replication.ReplicationSupervisor (ReplicationSupervisor.java:build(163)) - Initializing replication supervisor with thread count = 10
2024-02-26 09:18:23,472 [main] INFO  replication.ReplicationSupervisor (ReplicationSupervisor.java:nodeStateUpdated(317)) - Node state updated to IN_SERVICE, scaling executor pool size to 10
2024-02-26 09:18:23,476 [main] INFO  http.BaseHttpServer (BaseHttpServer.java:newHttpServer2BuilderForOzone(223)) - Starting Web-server for hddsDatanode at: http://0.0.0.0:15045
2024-02-26 09:18:23,476 [main] INFO  http.BaseHttpServer (BaseHttpServer.java:<init>(110)) - Hadoop Security Enabled: false Ozone Security Enabled: false Ozone HTTP Security Enabled: false 
2024-02-26 09:18:23,477 [main] WARN  server.AuthenticationFilter (AuthenticationFilter.java:constructSecretProvider(240)) - Unable to initialize FileSignerSecretProvider, falling back to use random secrets. Reason: Could not read signature secret file: /home/runner/hadoop-http-auth-signature-secret
2024-02-26 09:18:23,478 [main] INFO  http.HttpRequestLog (HttpRequestLog.java:getRequestLog(86)) - Http request log for http.requests.hddsDatanode is not defined
2024-02-26 09:18:23,479 [main] INFO  http.HttpServer2 (HttpServer2.java:addGlobalFilter(1036)) - Added global filter 'safety' (class=org.apache.hadoop.hdds.server.http.HttpServer2$QuotingInputFilter)
2024-02-26 09:18:23,480 [main] INFO  http.HttpServer2 (HttpServer2.java:addFilter(1012)) - Added filter static_user_filter (class=org.apache.hadoop.http.lib.StaticUserWebFilter$StaticUserFilter) to context hddsDatanode
2024-02-26 09:18:23,480 [main] INFO  http.HttpServer2 (HttpServer2.java:addFilter(1020)) - Added filter static_user_filter (class=org.apache.hadoop.http.lib.StaticUserWebFilter$StaticUserFilter) to context logs
2024-02-26 09:18:23,481 [main] INFO  http.HttpServer2 (HttpServer2.java:addFilter(1020)) - Added filter static_user_filter (class=org.apache.hadoop.http.lib.StaticUserWebFilter$StaticUserFilter) to context static
2024-02-26 09:18:23,483 [main] INFO  http.BaseHttpServer (BaseHttpServer.java:<init>(189)) - HTTP server of hddsDatanode uses base directory /home/runner/work/ozone/ozone/hadoop-ozone/integration-test/target/test-dir/MiniOzoneClusterImpl-0d79f430-b8c0-477e-97b7-98e50d733022/ozone-meta/datanode-5/meta/webserver
2024-02-26 09:18:23,483 [main] INFO  http.HttpServer2 (HttpServer2.java:bindListener(1236)) - Jetty bound to port 15045
2024-02-26 09:18:23,484 [main] INFO  server.Server (Server.java:doStart(375)) - jetty-9.4.53.v20231009; built: 2023-10-09T12:29:09.265Z; git: 27bde00a0b95a1d5bbee0eae7984f891d2d0f8c9; jvm 1.8.0_402-b06
2024-02-26 09:18:23,491 [main] INFO  server.session (DefaultSessionIdManager.java:doStart(334)) - DefaultSessionIdManager workerName=node0
2024-02-26 09:18:23,491 [main] INFO  server.session (DefaultSessionIdManager.java:doStart(339)) - No SessionScavenger set, using defaults
2024-02-26 09:18:23,492 [main] INFO  server.session (HouseKeeper.java:startScavenging(132)) - node0 Scavenging every 660000ms
2024-02-26 09:18:23,493 [main] INFO  handler.ContextHandler (ContextHandler.java:doStart(921)) - Started o.e.j.s.ServletContextHandler@7f4f26af{logs,/logs,file:///home/runner/work/ozone/ozone/hadoop-ozone/integration-test/target/log,AVAILABLE}
2024-02-26 09:18:23,494 [main] INFO  handler.ContextHandler (ContextHandler.java:doStart(921)) - Started o.e.j.s.ServletContextHandler@62d85699{static,/static,jar:file:/home/runner/.m2/repository/org/apache/ozone/hdds-container-service/1.5.0-SNAPSHOT/hdds-container-service-1.5.0-SNAPSHOT.jar!/webapps/static,AVAILABLE}
2024-02-26 09:18:23,535 [main] INFO  handler.ContextHandler (ContextHandler.java:doStart(921)) - Started o.e.j.w.WebAppContext@6c49862e{hddsDatanode,/,file:///home/runner/work/ozone/ozone/hadoop-ozone/integration-test/target/test-dir/MiniOzoneClusterImpl-0d79f430-b8c0-477e-97b7-98e50d733022/ozone-meta/datanode-5/meta/webserver/jetty-0_0_0_0-15045-hdds-container-service-1_5_0-SNAPSHOT_jar-_-any-2742812305825448214/webapp/,AVAILABLE}{jar:file:/home/runner/.m2/repository/org/apache/ozone/hdds-container-service/1.5.0-SNAPSHOT/hdds-container-service-1.5.0-SNAPSHOT.jar!/webapps/hddsDatanode}
2024-02-26 09:18:23,537 [main] INFO  server.AbstractConnector (AbstractConnector.java:doStart(333)) - Started ServerConnector@24068b1d{HTTP/1.1, (http/1.1)}{0.0.0.0:15045}
2024-02-26 09:18:23,537 [main] INFO  server.Server (Server.java:doStart(415)) - Started @8169ms
2024-02-26 09:18:23,537 [main] WARN  impl.MetricsSystemImpl (MetricsSystemImpl.java:register(279)) - Sink prometheus already exists!
2024-02-26 09:18:23,538 [main] INFO  http.BaseHttpServer (BaseHttpServer.java:updateConnectorAddress(354)) - HTTP server of hddsDatanode listening at http://0.0.0.0:15045
2024-02-26 09:18:23,538 [main] INFO  ipc.CallQueueManager (CallQueueManager.java:<init>(90)) - Using callQueue: class java.util.concurrent.LinkedBlockingQueue, queueCapacity: 100, scheduler: class org.apache.hadoop.ipc.DefaultRpcScheduler, ipcBackoff: false.
2024-02-26 09:18:23,538 [main] INFO  ipc.Server (Server.java:<init>(1287)) - Listener at 0.0.0.0:15046
2024-02-26 09:18:23,539 [Socket Reader #1 for port 15046] INFO  ipc.Server (Server.java:run(1323)) - Starting Socket Reader #1 for port 15046
2024-02-26 09:18:23,541 [main] INFO  ozone.HddsDatanodeService (HddsDatanodeService.java:start(327)) - Datanode start with admins: [runner]
2024-02-26 09:18:23,541 [main] INFO  ozone.HddsDatanodeClientProtocolServer (HddsDatanodeClientProtocolServer.java:start(77)) - RPC server for Client /0.0.0.0:15046
2024-02-26 09:18:23,541 [IPC Server Responder] INFO  ipc.Server (Server.java:run(1562)) - IPC Server Responder: starting
2024-02-26 09:18:23,541 [IPC Server listener on 15046] INFO  ipc.Server (Server.java:run(1402)) - IPC Server listener on 15046: starting
2024-02-26 09:18:23,548 [main] WARN  dropwizard3.Dm3MetricRegistriesImpl (Dm3MetricRegistriesImpl.java:addReporterRegistration(113)) - New reporters are added after registries were created. Some metrics will be missing from the reporter. Please add reporter before adding any new registry.
2024-02-26 09:18:23,548 [main] WARN  dropwizard3.Dm3MetricRegistriesImpl (Dm3MetricRegistriesImpl.java:addReporterRegistration(113)) - New reporters are added after registries were created. Some metrics will be missing from the reporter. Please add reporter before adding any new registry.
2024-02-26 09:18:23,548 [main] INFO  impl.MetricsSystemImpl (MetricsSystemImpl.java:init(158)) - HddsDatanode metrics system started (again)
2024-02-26 09:18:23,551 [62c7a6b6-874c-46f0-a24f-66d1ecaaa81b-DatanodeStateMachineDaemonThread] INFO  statemachine.DatanodeStateMachine (DatanodeStateMachine.java:lambda$startDaemon$1(555)) - Ozone container server started.
2024-02-26 09:18:23,558 [62c7a6b6-874c-46f0-a24f-66d1ecaaa81b-DatanodeStateMachineTaskThread-0] INFO  datanode.InitDatanodeState (InitDatanodeState.java:persistContainerDatanodeDetails(139)) - DatanodeDetails is persisted to /home/runner/work/ozone/ozone/hadoop-ozone/integration-test/target/test-dir/MiniOzoneClusterImpl-0d79f430-b8c0-477e-97b7-98e50d733022/ozone-meta/datanode-5/meta/datanode.id
2024-02-26 09:18:23,562 [main] INFO  ozone.HddsDatanodeService (HddsDatanodeService.java:start(240)) - HddsDatanodeService host:fv-az1109-796.pxagtw4bd2yejgkn5xrroktb3f.dx.internal.cloudapp.net ip:10.1.0.30
2024-02-26 09:18:23,579 [main] INFO  upgrade.AbstractLayoutVersionManager (AbstractLayoutVersionManager.java:init(83)) - Initializing Layout version manager with metadata layout = HADOOP_PRC_PORTS_IN_DATANODEDETAILS (version = 7), software layout = HADOOP_PRC_PORTS_IN_DATANODEDETAILS (version = 7)
2024-02-26 09:18:23,580 [main] INFO  statemachine.DatanodeStateMachine (DatanodeStateMachine.java:getEndPointTaskThreadPoolSize(299)) - Datanode State Machine Task Thread Pool size 2
2024-02-26 09:18:23,582 [main] INFO  volume.HddsVolume (HddsVolume.java:<init>(125)) - Creating HddsVolume: /home/runner/work/ozone/ozone/hadoop-ozone/integration-test/target/test-dir/MiniOzoneClusterImpl-0d79f430-b8c0-477e-97b7-98e50d733022/ozone-meta/datanode-6/data-0/hdds of storage type : DISK capacity : 9223372036854775807
2024-02-26 09:18:23,582 [main] INFO  volume.MutableVolumeSet (MutableVolumeSet.java:initializeVolumeSet(173)) - Added Volume : /home/runner/work/ozone/ozone/hadoop-ozone/integration-test/target/test-dir/MiniOzoneClusterImpl-0d79f430-b8c0-477e-97b7-98e50d733022/ozone-meta/datanode-6/data-0/hdds to VolumeSet
2024-02-26 09:18:23,583 [main] INFO  volume.MutableVolumeSet (MutableVolumeSet.java:initializeVolumeSet(173)) - Added Volume : /home/runner/work/ozone/ozone/hadoop-ozone/integration-test/target/test-dir/MiniOzoneClusterImpl-0d79f430-b8c0-477e-97b7-98e50d733022/ozone-meta/datanode-6/ratis to VolumeSet
2024-02-26 09:18:23,583 [main] INFO  ozoneimpl.OzoneContainer (HddsVolumeUtil.java:loadAllHddsVolumeDbStore(103)) - Load 1 volumes DbStore cost: 0ms
2024-02-26 09:18:23,586 [main] INFO  server.RaftServer (ConfUtils.java:logGet(46)) - raft.rpc.type = GRPC (default)
2024-02-26 09:18:23,587 [main] INFO  grpc.GrpcConfigKeys (ConfUtils.java:logFallback(53)) - raft.grpc.admin.host = null (fallback to raft.grpc.server.host)
2024-02-26 09:18:23,587 [main] INFO  grpc.GrpcConfigKeys (ConfUtils.java:logGet(46)) - raft.grpc.admin.port = 15058 (custom)
2024-02-26 09:18:23,587 [main] INFO  grpc.GrpcConfigKeys (ConfUtils.java:logFallback(53)) - raft.grpc.client.host = null (fallback to raft.grpc.server.host)
2024-02-26 09:18:23,587 [main] INFO  grpc.GrpcConfigKeys (ConfUtils.java:logGet(46)) - raft.grpc.client.port = 15057 (custom)
2024-02-26 09:18:23,588 [main] INFO  grpc.GrpcConfigKeys (ConfUtils.java:logGet(46)) - raft.grpc.server.host = null (default)
2024-02-26 09:18:23,588 [main] INFO  grpc.GrpcConfigKeys (ConfUtils.java:logGet(46)) - raft.grpc.server.port = 15059 (custom)
2024-02-26 09:18:23,588 [main] INFO  server.GrpcService (ConfUtils.java:logGet(46)) - raft.grpc.message.size.max = 32MB (=33554432) (custom)
2024-02-26 09:18:23,588 [main] INFO  server.RaftServerConfigKeys (ConfUtils.java:logGet(46)) - raft.server.log.appender.buffer.byte-limit = 8388608 (custom)
2024-02-26 09:18:23,588 [main] INFO  server.GrpcService (ConfUtils.java:logGet(46)) - raft.grpc.flow.control.window = 5MB (=5242880) (custom)
2024-02-26 09:18:23,589 [main] INFO  server.RaftServerConfigKeys (ConfUtils.java:logGet(46)) - raft.server.rpc.request.timeout = 60s (custom)
2024-02-26 09:18:23,589 [main] INFO  grpc.GrpcConfigKeys (ConfUtils.java:logGet(46)) - raft.grpc.server.heartbeat.channel = true (default)
2024-02-26 09:18:23,589 [main] INFO  grpc.GrpcConfigKeys (ConfUtils.java:logGet(46)) - raft.grpc.server.async.request.thread.pool.cached = true (default)
2024-02-26 09:18:23,589 [main] INFO  grpc.GrpcConfigKeys (ConfUtils.java:logGet(46)) - raft.grpc.server.async.request.thread.pool.size = 32 (default)
2024-02-26 09:18:23,591 [main] INFO  impl.DataStreamServerImpl (ConfUtils.java:logGet(46)) - raft.datastream.type = NETTY (custom)
2024-02-26 09:18:23,592 [main] INFO  server.RaftServerConfigKeys (ConfUtils.java:logGet(46)) - raft.server.data-stream.async.request.thread.pool.cached = false (default)
2024-02-26 09:18:23,592 [main] INFO  server.RaftServerConfigKeys (ConfUtils.java:logGet(46)) - raft.server.data-stream.async.request.thread.pool.size = 20 (custom)
2024-02-26 09:18:23,592 [main] INFO  server.RaftServerConfigKeys (ConfUtils.java:logGet(46)) - raft.server.data-stream.async.write.thread.pool.size = 16 (default)
2024-02-26 09:18:23,593 [main] INFO  netty.NettyConfigKeys$DataStream (ConfUtils.java:logGet(46)) - raft.netty.dataStream.server.channel.inactive.grace-period = 10min (default)
2024-02-26 09:18:23,593 [main] INFO  server.RaftServerConfigKeys (ConfUtils.java:logGet(46)) - raft.server.data-stream.client.pool.size = 10 (default)
2024-02-26 09:18:23,593 [main] INFO  netty.NettyConfigKeys$DataStream (ConfUtils.java:logGet(46)) - raft.netty.dataStream.server.use-epoll = true (default)
2024-02-26 09:18:23,593 [main] INFO  netty.NettyConfigKeys$DataStream (ConfUtils.java:logGet(46)) - raft.netty.dataStream.server.boss-group.size = 0 (default)
2024-02-26 09:18:23,593 [main] INFO  netty.NettyUtils (NettyUtils.java:newEventLoopGroup(69)) - Create EpollEventLoopGroup for bca0bda6-c24b-45de-ae86-b5c7c2d890ab-NettyServerStreamRpc-bossGroup; Thread size is 0.
2024-02-26 09:18:23,594 [main] INFO  netty.NettyConfigKeys$DataStream (ConfUtils.java:logGet(46)) - raft.netty.dataStream.server.worker-group.size = 0 (default)
2024-02-26 09:18:23,594 [main] INFO  netty.NettyUtils (NettyUtils.java:newEventLoopGroup(69)) - Create EpollEventLoopGroup for bca0bda6-c24b-45de-ae86-b5c7c2d890ab-NettyServerStreamRpc-workerGroup; Thread size is 0.
2024-02-26 09:18:23,595 [main] INFO  netty.NettyConfigKeys$DataStream (ConfUtils.java:logGet(46)) - raft.netty.dataStream.server.tls.conf = null (default)
2024-02-26 09:18:23,595 [main] INFO  netty.NettyConfigKeys$DataStream (ConfUtils.java:logGet(46)) - raft.netty.dataStream.host = null (default)
2024-02-26 09:18:23,595 [main] INFO  netty.NettyConfigKeys$DataStream (ConfUtils.java:logGet(46)) - raft.netty.dataStream.port = 15060 (custom)
2024-02-26 09:18:23,599 [main] INFO  server.RaftServerConfigKeys (ConfUtils.java:logGet(46)) - raft.server.sleep.deviation.threshold = 300ms (default)
2024-02-26 09:18:23,600 [main] INFO  server.RaftServerConfigKeys (ConfUtils.java:logGet(46)) - raft.server.close.threshold = 60s (default)
2024-02-26 09:18:23,601 [bca0bda6-c24b-45de-ae86-b5c7c2d890ab-NettyServerStreamRpc-bossGroup--thread1] INFO  logging.LoggingHandler (AbstractInternalLogger.java:log(148)) - [id: 0xeda34171] REGISTERED
2024-02-26 09:18:23,601 [main] INFO  server.RaftServerConfigKeys (ConfUtils.java:logGet(46)) - raft.server.leaderelection.leader.step-down.wait-time = 10s (default)
2024-02-26 09:18:23,601 [bca0bda6-c24b-45de-ae86-b5c7c2d890ab-NettyServerStreamRpc-bossGroup--thread1] INFO  logging.LoggingHandler (AbstractInternalLogger.java:log(148)) - [id: 0xeda34171] BIND: 0.0.0.0/0.0.0.0:15060
2024-02-26 09:18:23,601 [bca0bda6-c24b-45de-ae86-b5c7c2d890ab-NettyServerStreamRpc-bossGroup--thread1] INFO  logging.LoggingHandler (AbstractInternalLogger.java:log(148)) - [id: 0xeda34171, L:/0.0.0.0:15060] ACTIVE
2024-02-26 09:18:23,602 [main] INFO  server.RaftServerConfigKeys (ConfUtils.java:logGet(46)) - raft.server.storage.dir = [/home/runner/work/ozone/ozone/hadoop-ozone/integration-test/target/test-dir/MiniOzoneClusterImpl-0d79f430-b8c0-477e-97b7-98e50d733022/ozone-meta/datanode-6/ratis] (custom)
2024-02-26 09:18:23,602 [main] INFO  server.RaftServerConfigKeys (ConfUtils.java:logGet(46)) - raft.server.threadpool.proxy.cached = true (default)
2024-02-26 09:18:23,602 [main] INFO  server.RaftServerConfigKeys (ConfUtils.java:logGet(46)) - raft.server.threadpool.proxy.size = 0 (default)
2024-02-26 09:18:23,603 [bca0bda6-c24b-45de-ae86-b5c7c2d890ab-impl-thread1] INFO  server.RaftServer (RaftServerProxy.java:initGroupDir(264)) - bca0bda6-c24b-45de-ae86-b5c7c2d890ab: found a subdirectory /home/runner/work/ozone/ozone/hadoop-ozone/integration-test/target/test-dir/MiniOzoneClusterImpl-0d79f430-b8c0-477e-97b7-98e50d733022/ozone-meta/datanode-6/ratis/tmp
2024-02-26 09:18:23,603 [bca0bda6-c24b-45de-ae86-b5c7c2d890ab-impl-thread1] INFO  server.RaftServer (RaftServerProxy.java:initGroupDir(269)) - bca0bda6-c24b-45de-ae86-b5c7c2d890ab: The directory /home/runner/work/ozone/ozone/hadoop-ozone/integration-test/target/test-dir/MiniOzoneClusterImpl-0d79f430-b8c0-477e-97b7-98e50d733022/ozone-meta/datanode-6/ratis/tmp is not a group directory; ignoring it. 
2024-02-26 09:18:23,603 [main] INFO  replication.ReplicationServer (ReplicationServer.java:<init>(86)) - Initializing replication server with thread count = 10 queue length = 4096
2024-02-26 09:18:23,604 [main] INFO  server.XceiverServerGrpc (XceiverServerGrpc.java:<init>(141)) - GrpcServer channel type EpollServerSocketChannel
2024-02-26 09:18:23,606 [main] INFO  replication.ReplicationSupervisor (ReplicationSupervisor.java:build(163)) - Initializing replication supervisor with thread count = 10
2024-02-26 09:18:23,606 [main] INFO  replication.ReplicationSupervisor (ReplicationSupervisor.java:nodeStateUpdated(317)) - Node state updated to IN_SERVICE, scaling executor pool size to 10
2024-02-26 09:18:23,608 [main] INFO  http.BaseHttpServer (BaseHttpServer.java:newHttpServer2BuilderForOzone(223)) - Starting Web-server for hddsDatanode at: http://0.0.0.0:15054
2024-02-26 09:18:23,609 [main] INFO  http.BaseHttpServer (BaseHttpServer.java:<init>(110)) - Hadoop Security Enabled: false Ozone Security Enabled: false Ozone HTTP Security Enabled: false 
2024-02-26 09:18:23,610 [main] WARN  server.AuthenticationFilter (AuthenticationFilter.java:constructSecretProvider(240)) - Unable to initialize FileSignerSecretProvider, falling back to use random secrets. Reason: Could not read signature secret file: /home/runner/hadoop-http-auth-signature-secret
2024-02-26 09:18:23,611 [main] INFO  http.HttpRequestLog (HttpRequestLog.java:getRequestLog(86)) - Http request log for http.requests.hddsDatanode is not defined
2024-02-26 09:18:23,612 [main] INFO  http.HttpServer2 (HttpServer2.java:addGlobalFilter(1036)) - Added global filter 'safety' (class=org.apache.hadoop.hdds.server.http.HttpServer2$QuotingInputFilter)
2024-02-26 09:18:23,613 [main] INFO  http.HttpServer2 (HttpServer2.java:addFilter(1012)) - Added filter static_user_filter (class=org.apache.hadoop.http.lib.StaticUserWebFilter$StaticUserFilter) to context hddsDatanode
2024-02-26 09:18:23,613 [main] INFO  http.HttpServer2 (HttpServer2.java:addFilter(1020)) - Added filter static_user_filter (class=org.apache.hadoop.http.lib.StaticUserWebFilter$StaticUserFilter) to context logs
2024-02-26 09:18:23,614 [main] INFO  http.HttpServer2 (HttpServer2.java:addFilter(1020)) - Added filter static_user_filter (class=org.apache.hadoop.http.lib.StaticUserWebFilter$StaticUserFilter) to context static
2024-02-26 09:18:23,614 [main] INFO  http.BaseHttpServer (BaseHttpServer.java:<init>(189)) - HTTP server of hddsDatanode uses base directory /home/runner/work/ozone/ozone/hadoop-ozone/integration-test/target/test-dir/MiniOzoneClusterImpl-0d79f430-b8c0-477e-97b7-98e50d733022/ozone-meta/datanode-6/meta/webserver
2024-02-26 09:18:23,614 [main] INFO  http.HttpServer2 (HttpServer2.java:bindListener(1236)) - Jetty bound to port 15054
2024-02-26 09:18:23,615 [main] INFO  server.Server (Server.java:doStart(375)) - jetty-9.4.53.v20231009; built: 2023-10-09T12:29:09.265Z; git: 27bde00a0b95a1d5bbee0eae7984f891d2d0f8c9; jvm 1.8.0_402-b06
2024-02-26 09:18:23,620 [main] INFO  server.session (DefaultSessionIdManager.java:doStart(334)) - DefaultSessionIdManager workerName=node0
2024-02-26 09:18:23,620 [main] INFO  server.session (DefaultSessionIdManager.java:doStart(339)) - No SessionScavenger set, using defaults
2024-02-26 09:18:23,620 [main] INFO  server.session (HouseKeeper.java:startScavenging(132)) - node0 Scavenging every 660000ms
2024-02-26 09:18:23,621 [main] INFO  handler.ContextHandler (ContextHandler.java:doStart(921)) - Started o.e.j.s.ServletContextHandler@3f0cfc36{logs,/logs,file:///home/runner/work/ozone/ozone/hadoop-ozone/integration-test/target/log,AVAILABLE}
2024-02-26 09:18:23,621 [main] INFO  handler.ContextHandler (ContextHandler.java:doStart(921)) - Started o.e.j.s.ServletContextHandler@2bbebf64{static,/static,jar:file:/home/runner/.m2/repository/org/apache/ozone/hdds-container-service/1.5.0-SNAPSHOT/hdds-container-service-1.5.0-SNAPSHOT.jar!/webapps/static,AVAILABLE}
2024-02-26 09:18:23,663 [main] INFO  handler.ContextHandler (ContextHandler.java:doStart(921)) - Started o.e.j.w.WebAppContext@74019fa0{hddsDatanode,/,file:///home/runner/work/ozone/ozone/hadoop-ozone/integration-test/target/test-dir/MiniOzoneClusterImpl-0d79f430-b8c0-477e-97b7-98e50d733022/ozone-meta/datanode-6/meta/webserver/jetty-0_0_0_0-15054-hdds-container-service-1_5_0-SNAPSHOT_jar-_-any-3130817401848449071/webapp/,AVAILABLE}{jar:file:/home/runner/.m2/repository/org/apache/ozone/hdds-container-service/1.5.0-SNAPSHOT/hdds-container-service-1.5.0-SNAPSHOT.jar!/webapps/hddsDatanode}
2024-02-26 09:18:23,667 [main] INFO  server.AbstractConnector (AbstractConnector.java:doStart(333)) - Started ServerConnector@138c44b3{HTTP/1.1, (http/1.1)}{0.0.0.0:15054}
2024-02-26 09:18:23,667 [main] INFO  server.Server (Server.java:doStart(415)) - Started @8299ms
2024-02-26 09:18:23,667 [main] WARN  impl.MetricsSystemImpl (MetricsSystemImpl.java:register(279)) - Sink prometheus already exists!
2024-02-26 09:18:23,668 [main] INFO  http.BaseHttpServer (BaseHttpServer.java:updateConnectorAddress(354)) - HTTP server of hddsDatanode listening at http://0.0.0.0:15054
2024-02-26 09:18:23,668 [main] INFO  ipc.CallQueueManager (CallQueueManager.java:<init>(90)) - Using callQueue: class java.util.concurrent.LinkedBlockingQueue, queueCapacity: 100, scheduler: class org.apache.hadoop.ipc.DefaultRpcScheduler, ipcBackoff: false.
2024-02-26 09:18:23,668 [main] INFO  ipc.Server (Server.java:<init>(1287)) - Listener at 0.0.0.0:15055
2024-02-26 09:18:23,669 [Socket Reader #1 for port 15055] INFO  ipc.Server (Server.java:run(1323)) - Starting Socket Reader #1 for port 15055
2024-02-26 09:18:23,673 [main] INFO  ozone.HddsDatanodeService (HddsDatanodeService.java:start(327)) - Datanode start with admins: [runner]
2024-02-26 09:18:23,674 [main] INFO  ozone.HddsDatanodeClientProtocolServer (HddsDatanodeClientProtocolServer.java:start(77)) - RPC server for Client /0.0.0.0:15055
2024-02-26 09:18:23,675 [IPC Server Responder] INFO  ipc.Server (Server.java:run(1562)) - IPC Server Responder: starting
2024-02-26 09:18:23,675 [IPC Server listener on 15055] INFO  ipc.Server (Server.java:run(1402)) - IPC Server listener on 15055: starting
2024-02-26 09:18:23,679 [bca0bda6-c24b-45de-ae86-b5c7c2d890ab-DatanodeStateMachineDaemonThread] INFO  statemachine.DatanodeStateMachine (DatanodeStateMachine.java:lambda$startDaemon$1(555)) - Ozone container server started.
2024-02-26 09:18:23,680 [main] WARN  dropwizard3.Dm3MetricRegistriesImpl (Dm3MetricRegistriesImpl.java:addReporterRegistration(113)) - New reporters are added after registries were created. Some metrics will be missing from the reporter. Please add reporter before adding any new registry.
2024-02-26 09:18:23,680 [main] WARN  dropwizard3.Dm3MetricRegistriesImpl (Dm3MetricRegistriesImpl.java:addReporterRegistration(113)) - New reporters are added after registries were created. Some metrics will be missing from the reporter. Please add reporter before adding any new registry.
2024-02-26 09:18:23,680 [main] INFO  impl.MetricsSystemImpl (MetricsSystemImpl.java:init(158)) - HddsDatanode metrics system started (again)
2024-02-26 09:18:23,683 [bca0bda6-c24b-45de-ae86-b5c7c2d890ab-DatanodeStateMachineTaskThread-0] INFO  datanode.InitDatanodeState (InitDatanodeState.java:persistContainerDatanodeDetails(139)) - DatanodeDetails is persisted to /home/runner/work/ozone/ozone/hadoop-ozone/integration-test/target/test-dir/MiniOzoneClusterImpl-0d79f430-b8c0-477e-97b7-98e50d733022/ozone-meta/datanode-6/meta/datanode.id
2024-02-26 09:18:23,691 [main] INFO  ozone.HddsDatanodeService (HddsDatanodeService.java:start(240)) - HddsDatanodeService host:fv-az1109-796.pxagtw4bd2yejgkn5xrroktb3f.dx.internal.cloudapp.net ip:10.1.0.30
2024-02-26 09:18:23,708 [main] INFO  upgrade.AbstractLayoutVersionManager (AbstractLayoutVersionManager.java:init(83)) - Initializing Layout version manager with metadata layout = HADOOP_PRC_PORTS_IN_DATANODEDETAILS (version = 7), software layout = HADOOP_PRC_PORTS_IN_DATANODEDETAILS (version = 7)
2024-02-26 09:18:23,709 [main] INFO  statemachine.DatanodeStateMachine (DatanodeStateMachine.java:getEndPointTaskThreadPoolSize(299)) - Datanode State Machine Task Thread Pool size 2
2024-02-26 09:18:23,711 [main] INFO  volume.HddsVolume (HddsVolume.java:<init>(125)) - Creating HddsVolume: /home/runner/work/ozone/ozone/hadoop-ozone/integration-test/target/test-dir/MiniOzoneClusterImpl-0d79f430-b8c0-477e-97b7-98e50d733022/ozone-meta/datanode-7/data-0/hdds of storage type : DISK capacity : 9223372036854775807
2024-02-26 09:18:23,711 [main] INFO  volume.MutableVolumeSet (MutableVolumeSet.java:initializeVolumeSet(173)) - Added Volume : /home/runner/work/ozone/ozone/hadoop-ozone/integration-test/target/test-dir/MiniOzoneClusterImpl-0d79f430-b8c0-477e-97b7-98e50d733022/ozone-meta/datanode-7/data-0/hdds to VolumeSet
2024-02-26 09:18:23,712 [main] INFO  volume.MutableVolumeSet (MutableVolumeSet.java:initializeVolumeSet(173)) - Added Volume : /home/runner/work/ozone/ozone/hadoop-ozone/integration-test/target/test-dir/MiniOzoneClusterImpl-0d79f430-b8c0-477e-97b7-98e50d733022/ozone-meta/datanode-7/ratis to VolumeSet
2024-02-26 09:18:23,713 [main] INFO  ozoneimpl.OzoneContainer (HddsVolumeUtil.java:loadAllHddsVolumeDbStore(103)) - Load 1 volumes DbStore cost: 0ms
2024-02-26 09:18:23,716 [main] INFO  server.RaftServer (ConfUtils.java:logGet(46)) - raft.rpc.type = GRPC (default)
2024-02-26 09:18:23,716 [main] INFO  grpc.GrpcConfigKeys (ConfUtils.java:logFallback(53)) - raft.grpc.admin.host = null (fallback to raft.grpc.server.host)
2024-02-26 09:18:23,718 [main] INFO  grpc.GrpcConfigKeys (ConfUtils.java:logGet(46)) - raft.grpc.admin.port = 15067 (custom)
2024-02-26 09:18:23,719 [main] INFO  grpc.GrpcConfigKeys (ConfUtils.java:logFallback(53)) - raft.grpc.client.host = null (fallback to raft.grpc.server.host)
2024-02-26 09:18:23,719 [main] INFO  grpc.GrpcConfigKeys (ConfUtils.java:logGet(46)) - raft.grpc.client.port = 15066 (custom)
2024-02-26 09:18:23,719 [main] INFO  grpc.GrpcConfigKeys (ConfUtils.java:logGet(46)) - raft.grpc.server.host = null (default)
2024-02-26 09:18:23,720 [main] INFO  grpc.GrpcConfigKeys (ConfUtils.java:logGet(46)) - raft.grpc.server.port = 15068 (custom)
2024-02-26 09:18:23,720 [main] INFO  server.GrpcService (ConfUtils.java:logGet(46)) - raft.grpc.message.size.max = 32MB (=33554432) (custom)
2024-02-26 09:18:23,720 [main] INFO  server.RaftServerConfigKeys (ConfUtils.java:logGet(46)) - raft.server.log.appender.buffer.byte-limit = 8388608 (custom)
2024-02-26 09:18:23,721 [main] INFO  server.GrpcService (ConfUtils.java:logGet(46)) - raft.grpc.flow.control.window = 5MB (=5242880) (custom)
2024-02-26 09:18:23,721 [main] INFO  server.RaftServerConfigKeys (ConfUtils.java:logGet(46)) - raft.server.rpc.request.timeout = 60s (custom)
2024-02-26 09:18:23,721 [main] INFO  grpc.GrpcConfigKeys (ConfUtils.java:logGet(46)) - raft.grpc.server.heartbeat.channel = true (default)
2024-02-26 09:18:23,721 [main] INFO  grpc.GrpcConfigKeys (ConfUtils.java:logGet(46)) - raft.grpc.server.async.request.thread.pool.cached = true (default)
2024-02-26 09:18:23,722 [main] INFO  grpc.GrpcConfigKeys (ConfUtils.java:logGet(46)) - raft.grpc.server.async.request.thread.pool.size = 32 (default)
2024-02-26 09:18:23,726 [main] INFO  impl.DataStreamServerImpl (ConfUtils.java:logGet(46)) - raft.datastream.type = NETTY (custom)
2024-02-26 09:18:23,726 [main] INFO  server.RaftServerConfigKeys (ConfUtils.java:logGet(46)) - raft.server.data-stream.async.request.thread.pool.cached = false (default)
2024-02-26 09:18:23,726 [main] INFO  server.RaftServerConfigKeys (ConfUtils.java:logGet(46)) - raft.server.data-stream.async.request.thread.pool.size = 20 (custom)
2024-02-26 09:18:23,727 [main] INFO  server.RaftServerConfigKeys (ConfUtils.java:logGet(46)) - raft.server.data-stream.async.write.thread.pool.size = 16 (default)
2024-02-26 09:18:23,727 [main] INFO  netty.NettyConfigKeys$DataStream (ConfUtils.java:logGet(46)) - raft.netty.dataStream.server.channel.inactive.grace-period = 10min (default)
2024-02-26 09:18:23,727 [main] INFO  server.RaftServerConfigKeys (ConfUtils.java:logGet(46)) - raft.server.data-stream.client.pool.size = 10 (default)
2024-02-26 09:18:23,728 [main] INFO  netty.NettyConfigKeys$DataStream (ConfUtils.java:logGet(46)) - raft.netty.dataStream.server.use-epoll = true (default)
2024-02-26 09:18:23,728 [main] INFO  netty.NettyConfigKeys$DataStream (ConfUtils.java:logGet(46)) - raft.netty.dataStream.server.boss-group.size = 0 (default)
2024-02-26 09:18:23,728 [main] INFO  netty.NettyUtils (NettyUtils.java:newEventLoopGroup(69)) - Create EpollEventLoopGroup for b254f787-4ade-443a-8cd7-22935f345023-NettyServerStreamRpc-bossGroup; Thread size is 0.
2024-02-26 09:18:23,729 [main] INFO  netty.NettyConfigKeys$DataStream (ConfUtils.java:logGet(46)) - raft.netty.dataStream.server.worker-group.size = 0 (default)
2024-02-26 09:18:23,729 [main] INFO  netty.NettyUtils (NettyUtils.java:newEventLoopGroup(69)) - Create EpollEventLoopGroup for b254f787-4ade-443a-8cd7-22935f345023-NettyServerStreamRpc-workerGroup; Thread size is 0.
2024-02-26 09:18:23,730 [main] INFO  netty.NettyConfigKeys$DataStream (ConfUtils.java:logGet(46)) - raft.netty.dataStream.server.tls.conf = null (default)
2024-02-26 09:18:23,730 [main] INFO  netty.NettyConfigKeys$DataStream (ConfUtils.java:logGet(46)) - raft.netty.dataStream.host = null (default)
2024-02-26 09:18:23,730 [main] INFO  netty.NettyConfigKeys$DataStream (ConfUtils.java:logGet(46)) - raft.netty.dataStream.port = 15069 (custom)
2024-02-26 09:18:23,731 [main] INFO  server.RaftServerConfigKeys (ConfUtils.java:logGet(46)) - raft.server.sleep.deviation.threshold = 300ms (default)
2024-02-26 09:18:23,732 [main] INFO  server.RaftServerConfigKeys (ConfUtils.java:logGet(46)) - raft.server.close.threshold = 60s (default)
2024-02-26 09:18:23,732 [main] INFO  server.RaftServerConfigKeys (ConfUtils.java:logGet(46)) - raft.server.leaderelection.leader.step-down.wait-time = 10s (default)
2024-02-26 09:18:23,732 [b254f787-4ade-443a-8cd7-22935f345023-NettyServerStreamRpc-bossGroup--thread1] INFO  logging.LoggingHandler (AbstractInternalLogger.java:log(148)) - [id: 0x93d656c7] REGISTERED
2024-02-26 09:18:23,733 [main] INFO  server.RaftServerConfigKeys (ConfUtils.java:logGet(46)) - raft.server.storage.dir = [/home/runner/work/ozone/ozone/hadoop-ozone/integration-test/target/test-dir/MiniOzoneClusterImpl-0d79f430-b8c0-477e-97b7-98e50d733022/ozone-meta/datanode-7/ratis] (custom)
2024-02-26 09:18:23,733 [b254f787-4ade-443a-8cd7-22935f345023-NettyServerStreamRpc-bossGroup--thread1] INFO  logging.LoggingHandler (AbstractInternalLogger.java:log(148)) - [id: 0x93d656c7] BIND: 0.0.0.0/0.0.0.0:15069
2024-02-26 09:18:23,733 [main] INFO  server.RaftServerConfigKeys (ConfUtils.java:logGet(46)) - raft.server.threadpool.proxy.cached = true (default)
2024-02-26 09:18:23,733 [b254f787-4ade-443a-8cd7-22935f345023-NettyServerStreamRpc-bossGroup--thread1] INFO  logging.LoggingHandler (AbstractInternalLogger.java:log(148)) - [id: 0x93d656c7, L:/0.0.0.0:15069] ACTIVE
2024-02-26 09:18:23,733 [main] INFO  server.RaftServerConfigKeys (ConfUtils.java:logGet(46)) - raft.server.threadpool.proxy.size = 0 (default)
2024-02-26 09:18:23,734 [b254f787-4ade-443a-8cd7-22935f345023-impl-thread1] INFO  server.RaftServer (RaftServerProxy.java:initGroupDir(264)) - b254f787-4ade-443a-8cd7-22935f345023: found a subdirectory /home/runner/work/ozone/ozone/hadoop-ozone/integration-test/target/test-dir/MiniOzoneClusterImpl-0d79f430-b8c0-477e-97b7-98e50d733022/ozone-meta/datanode-7/ratis/tmp
2024-02-26 09:18:23,734 [b254f787-4ade-443a-8cd7-22935f345023-impl-thread1] INFO  server.RaftServer (RaftServerProxy.java:initGroupDir(269)) - b254f787-4ade-443a-8cd7-22935f345023: The directory /home/runner/work/ozone/ozone/hadoop-ozone/integration-test/target/test-dir/MiniOzoneClusterImpl-0d79f430-b8c0-477e-97b7-98e50d733022/ozone-meta/datanode-7/ratis/tmp is not a group directory; ignoring it. 
2024-02-26 09:18:23,734 [main] INFO  replication.ReplicationServer (ReplicationServer.java:<init>(86)) - Initializing replication server with thread count = 10 queue length = 4096
2024-02-26 09:18:23,735 [main] INFO  server.XceiverServerGrpc (XceiverServerGrpc.java:<init>(141)) - GrpcServer channel type EpollServerSocketChannel
2024-02-26 09:18:23,737 [main] INFO  replication.ReplicationSupervisor (ReplicationSupervisor.java:build(163)) - Initializing replication supervisor with thread count = 10
2024-02-26 09:18:23,737 [main] INFO  replication.ReplicationSupervisor (ReplicationSupervisor.java:nodeStateUpdated(317)) - Node state updated to IN_SERVICE, scaling executor pool size to 10
2024-02-26 09:18:23,739 [main] INFO  http.BaseHttpServer (BaseHttpServer.java:newHttpServer2BuilderForOzone(223)) - Starting Web-server for hddsDatanode at: http://0.0.0.0:15063
2024-02-26 09:18:23,739 [main] INFO  http.BaseHttpServer (BaseHttpServer.java:<init>(110)) - Hadoop Security Enabled: false Ozone Security Enabled: false Ozone HTTP Security Enabled: false 
2024-02-26 09:18:23,740 [main] WARN  server.AuthenticationFilter (AuthenticationFilter.java:constructSecretProvider(240)) - Unable to initialize FileSignerSecretProvider, falling back to use random secrets. Reason: Could not read signature secret file: /home/runner/hadoop-http-auth-signature-secret
2024-02-26 09:18:23,741 [main] INFO  http.HttpRequestLog (HttpRequestLog.java:getRequestLog(86)) - Http request log for http.requests.hddsDatanode is not defined
2024-02-26 09:18:23,742 [main] INFO  http.HttpServer2 (HttpServer2.java:addGlobalFilter(1036)) - Added global filter 'safety' (class=org.apache.hadoop.hdds.server.http.HttpServer2$QuotingInputFilter)
2024-02-26 09:18:23,743 [main] INFO  http.HttpServer2 (HttpServer2.java:addFilter(1012)) - Added filter static_user_filter (class=org.apache.hadoop.http.lib.StaticUserWebFilter$StaticUserFilter) to context hddsDatanode
2024-02-26 09:18:23,743 [main] INFO  http.HttpServer2 (HttpServer2.java:addFilter(1020)) - Added filter static_user_filter (class=org.apache.hadoop.http.lib.StaticUserWebFilter$StaticUserFilter) to context logs
2024-02-26 09:18:23,743 [main] INFO  http.HttpServer2 (HttpServer2.java:addFilter(1020)) - Added filter static_user_filter (class=org.apache.hadoop.http.lib.StaticUserWebFilter$StaticUserFilter) to context static
2024-02-26 09:18:23,743 [main] INFO  http.BaseHttpServer (BaseHttpServer.java:<init>(189)) - HTTP server of hddsDatanode uses base directory /home/runner/work/ozone/ozone/hadoop-ozone/integration-test/target/test-dir/MiniOzoneClusterImpl-0d79f430-b8c0-477e-97b7-98e50d733022/ozone-meta/datanode-7/meta/webserver
2024-02-26 09:18:23,744 [main] INFO  http.HttpServer2 (HttpServer2.java:bindListener(1236)) - Jetty bound to port 15063
2024-02-26 09:18:23,744 [main] INFO  server.Server (Server.java:doStart(375)) - jetty-9.4.53.v20231009; built: 2023-10-09T12:29:09.265Z; git: 27bde00a0b95a1d5bbee0eae7984f891d2d0f8c9; jvm 1.8.0_402-b06
2024-02-26 09:18:23,745 [main] INFO  server.session (DefaultSessionIdManager.java:doStart(334)) - DefaultSessionIdManager workerName=node0
2024-02-26 09:18:23,745 [main] INFO  server.session (DefaultSessionIdManager.java:doStart(339)) - No SessionScavenger set, using defaults
2024-02-26 09:18:23,745 [main] INFO  server.session (HouseKeeper.java:startScavenging(132)) - node0 Scavenging every 600000ms
2024-02-26 09:18:23,746 [main] INFO  handler.ContextHandler (ContextHandler.java:doStart(921)) - Started o.e.j.s.ServletContextHandler@33b73ab3{logs,/logs,file:///home/runner/work/ozone/ozone/hadoop-ozone/integration-test/target/log,AVAILABLE}
2024-02-26 09:18:23,746 [main] INFO  handler.ContextHandler (ContextHandler.java:doStart(921)) - Started o.e.j.s.ServletContextHandler@42a1fbbe{static,/static,jar:file:/home/runner/.m2/repository/org/apache/ozone/hdds-container-service/1.5.0-SNAPSHOT/hdds-container-service-1.5.0-SNAPSHOT.jar!/webapps/static,AVAILABLE}
2024-02-26 09:18:23,780 [main] INFO  handler.ContextHandler (ContextHandler.java:doStart(921)) - Started o.e.j.w.WebAppContext@515846fb{hddsDatanode,/,file:///home/runner/work/ozone/ozone/hadoop-ozone/integration-test/target/test-dir/MiniOzoneClusterImpl-0d79f430-b8c0-477e-97b7-98e50d733022/ozone-meta/datanode-7/meta/webserver/jetty-0_0_0_0-15063-hdds-container-service-1_5_0-SNAPSHOT_jar-_-any-1856540029635136895/webapp/,AVAILABLE}{jar:file:/home/runner/.m2/repository/org/apache/ozone/hdds-container-service/1.5.0-SNAPSHOT/hdds-container-service-1.5.0-SNAPSHOT.jar!/webapps/hddsDatanode}
2024-02-26 09:18:23,781 [main] INFO  server.AbstractConnector (AbstractConnector.java:doStart(333)) - Started ServerConnector@6bbdff76{HTTP/1.1, (http/1.1)}{0.0.0.0:15063}
2024-02-26 09:18:23,782 [main] INFO  server.Server (Server.java:doStart(415)) - Started @8413ms
2024-02-26 09:18:23,782 [main] WARN  impl.MetricsSystemImpl (MetricsSystemImpl.java:register(279)) - Sink prometheus already exists!
2024-02-26 09:18:23,799 [main] INFO  http.BaseHttpServer (BaseHttpServer.java:updateConnectorAddress(354)) - HTTP server of hddsDatanode listening at http://0.0.0.0:15063
2024-02-26 09:18:23,800 [main] INFO  ipc.CallQueueManager (CallQueueManager.java:<init>(90)) - Using callQueue: class java.util.concurrent.LinkedBlockingQueue, queueCapacity: 100, scheduler: class org.apache.hadoop.ipc.DefaultRpcScheduler, ipcBackoff: false.
2024-02-26 09:18:23,800 [main] INFO  ipc.Server (Server.java:<init>(1287)) - Listener at 0.0.0.0:15064
2024-02-26 09:18:23,801 [Socket Reader #1 for port 15064] INFO  ipc.Server (Server.java:run(1323)) - Starting Socket Reader #1 for port 15064
2024-02-26 09:18:23,803 [main] INFO  ozone.HddsDatanodeService (HddsDatanodeService.java:start(327)) - Datanode start with admins: [runner]
2024-02-26 09:18:23,803 [main] INFO  ozone.HddsDatanodeClientProtocolServer (HddsDatanodeClientProtocolServer.java:start(77)) - RPC server for Client /0.0.0.0:15064
2024-02-26 09:18:23,804 [IPC Server Responder] INFO  ipc.Server (Server.java:run(1562)) - IPC Server Responder: starting
2024-02-26 09:18:23,804 [IPC Server listener on 15064] INFO  ipc.Server (Server.java:run(1402)) - IPC Server listener on 15064: starting
2024-02-26 09:18:23,806 [b254f787-4ade-443a-8cd7-22935f345023-DatanodeStateMachineDaemonThread] INFO  statemachine.DatanodeStateMachine (DatanodeStateMachine.java:lambda$startDaemon$1(555)) - Ozone container server started.
2024-02-26 09:18:23,807 [main] WARN  dropwizard3.Dm3MetricRegistriesImpl (Dm3MetricRegistriesImpl.java:addReporterRegistration(113)) - New reporters are added after registries were created. Some metrics will be missing from the reporter. Please add reporter before adding any new registry.
2024-02-26 09:18:23,807 [main] WARN  dropwizard3.Dm3MetricRegistriesImpl (Dm3MetricRegistriesImpl.java:addReporterRegistration(113)) - New reporters are added after registries were created. Some metrics will be missing from the reporter. Please add reporter before adding any new registry.
2024-02-26 09:18:23,807 [main] INFO  impl.MetricsSystemImpl (MetricsSystemImpl.java:init(158)) - HddsDatanode metrics system started (again)
2024-02-26 09:18:23,810 [b254f787-4ade-443a-8cd7-22935f345023-DatanodeStateMachineTaskThread-0] INFO  datanode.InitDatanodeState (InitDatanodeState.java:persistContainerDatanodeDetails(139)) - DatanodeDetails is persisted to /home/runner/work/ozone/ozone/hadoop-ozone/integration-test/target/test-dir/MiniOzoneClusterImpl-0d79f430-b8c0-477e-97b7-98e50d733022/ozone-meta/datanode-7/meta/datanode.id
2024-02-26 09:18:23,816 [main] INFO  ozone.HddsDatanodeService (HddsDatanodeService.java:start(240)) - HddsDatanodeService host:fv-az1109-796.pxagtw4bd2yejgkn5xrroktb3f.dx.internal.cloudapp.net ip:10.1.0.30
2024-02-26 09:18:23,835 [main] INFO  upgrade.AbstractLayoutVersionManager (AbstractLayoutVersionManager.java:init(83)) - Initializing Layout version manager with metadata layout = HADOOP_PRC_PORTS_IN_DATANODEDETAILS (version = 7), software layout = HADOOP_PRC_PORTS_IN_DATANODEDETAILS (version = 7)
2024-02-26 09:18:23,836 [main] INFO  statemachine.DatanodeStateMachine (DatanodeStateMachine.java:getEndPointTaskThreadPoolSize(299)) - Datanode State Machine Task Thread Pool size 2
2024-02-26 09:18:23,838 [main] INFO  volume.HddsVolume (HddsVolume.java:<init>(125)) - Creating HddsVolume: /home/runner/work/ozone/ozone/hadoop-ozone/integration-test/target/test-dir/MiniOzoneClusterImpl-0d79f430-b8c0-477e-97b7-98e50d733022/ozone-meta/datanode-8/data-0/hdds of storage type : DISK capacity : 9223372036854775807
2024-02-26 09:18:23,839 [main] INFO  volume.MutableVolumeSet (MutableVolumeSet.java:initializeVolumeSet(173)) - Added Volume : /home/runner/work/ozone/ozone/hadoop-ozone/integration-test/target/test-dir/MiniOzoneClusterImpl-0d79f430-b8c0-477e-97b7-98e50d733022/ozone-meta/datanode-8/data-0/hdds to VolumeSet
2024-02-26 09:18:23,840 [main] INFO  volume.MutableVolumeSet (MutableVolumeSet.java:initializeVolumeSet(173)) - Added Volume : /home/runner/work/ozone/ozone/hadoop-ozone/integration-test/target/test-dir/MiniOzoneClusterImpl-0d79f430-b8c0-477e-97b7-98e50d733022/ozone-meta/datanode-8/ratis to VolumeSet
2024-02-26 09:18:23,841 [main] INFO  ozoneimpl.OzoneContainer (HddsVolumeUtil.java:loadAllHddsVolumeDbStore(103)) - Load 1 volumes DbStore cost: 0ms
2024-02-26 09:18:23,843 [main] INFO  server.RaftServer (ConfUtils.java:logGet(46)) - raft.rpc.type = GRPC (default)
2024-02-26 09:18:23,843 [main] INFO  grpc.GrpcConfigKeys (ConfUtils.java:logFallback(53)) - raft.grpc.admin.host = null (fallback to raft.grpc.server.host)
2024-02-26 09:18:23,844 [main] INFO  grpc.GrpcConfigKeys (ConfUtils.java:logGet(46)) - raft.grpc.admin.port = 15076 (custom)
2024-02-26 09:18:23,844 [main] INFO  grpc.GrpcConfigKeys (ConfUtils.java:logFallback(53)) - raft.grpc.client.host = null (fallback to raft.grpc.server.host)
2024-02-26 09:18:23,844 [main] INFO  grpc.GrpcConfigKeys (ConfUtils.java:logGet(46)) - raft.grpc.client.port = 15075 (custom)
2024-02-26 09:18:23,844 [main] INFO  grpc.GrpcConfigKeys (ConfUtils.java:logGet(46)) - raft.grpc.server.host = null (default)
2024-02-26 09:18:23,844 [main] INFO  grpc.GrpcConfigKeys (ConfUtils.java:logGet(46)) - raft.grpc.server.port = 15077 (custom)
2024-02-26 09:18:23,844 [main] INFO  server.GrpcService (ConfUtils.java:logGet(46)) - raft.grpc.message.size.max = 32MB (=33554432) (custom)
2024-02-26 09:18:23,844 [main] INFO  server.RaftServerConfigKeys (ConfUtils.java:logGet(46)) - raft.server.log.appender.buffer.byte-limit = 8388608 (custom)
2024-02-26 09:18:23,844 [main] INFO  server.GrpcService (ConfUtils.java:logGet(46)) - raft.grpc.flow.control.window = 5MB (=5242880) (custom)
2024-02-26 09:18:23,845 [main] INFO  server.RaftServerConfigKeys (ConfUtils.java:logGet(46)) - raft.server.rpc.request.timeout = 60s (custom)
2024-02-26 09:18:23,845 [main] INFO  grpc.GrpcConfigKeys (ConfUtils.java:logGet(46)) - raft.grpc.server.heartbeat.channel = true (default)
2024-02-26 09:18:23,845 [main] INFO  grpc.GrpcConfigKeys (ConfUtils.java:logGet(46)) - raft.grpc.server.async.request.thread.pool.cached = true (default)
2024-02-26 09:18:23,845 [main] INFO  grpc.GrpcConfigKeys (ConfUtils.java:logGet(46)) - raft.grpc.server.async.request.thread.pool.size = 32 (default)
2024-02-26 09:18:23,847 [main] INFO  impl.DataStreamServerImpl (ConfUtils.java:logGet(46)) - raft.datastream.type = NETTY (custom)
2024-02-26 09:18:23,848 [main] INFO  server.RaftServerConfigKeys (ConfUtils.java:logGet(46)) - raft.server.data-stream.async.request.thread.pool.cached = false (default)
2024-02-26 09:18:23,848 [main] INFO  server.RaftServerConfigKeys (ConfUtils.java:logGet(46)) - raft.server.data-stream.async.request.thread.pool.size = 20 (custom)
2024-02-26 09:18:23,848 [main] INFO  server.RaftServerConfigKeys (ConfUtils.java:logGet(46)) - raft.server.data-stream.async.write.thread.pool.size = 16 (default)
2024-02-26 09:18:23,848 [main] INFO  netty.NettyConfigKeys$DataStream (ConfUtils.java:logGet(46)) - raft.netty.dataStream.server.channel.inactive.grace-period = 10min (default)
2024-02-26 09:18:23,849 [main] INFO  server.RaftServerConfigKeys (ConfUtils.java:logGet(46)) - raft.server.data-stream.client.pool.size = 10 (default)
2024-02-26 09:18:23,849 [main] INFO  netty.NettyConfigKeys$DataStream (ConfUtils.java:logGet(46)) - raft.netty.dataStream.server.use-epoll = true (default)
2024-02-26 09:18:23,849 [main] INFO  netty.NettyConfigKeys$DataStream (ConfUtils.java:logGet(46)) - raft.netty.dataStream.server.boss-group.size = 0 (default)
2024-02-26 09:18:23,849 [main] INFO  netty.NettyUtils (NettyUtils.java:newEventLoopGroup(69)) - Create EpollEventLoopGroup for aa7921d1-8be5-430c-af0e-7b09d4ba500e-NettyServerStreamRpc-bossGroup; Thread size is 0.
2024-02-26 09:18:23,850 [main] INFO  netty.NettyConfigKeys$DataStream (ConfUtils.java:logGet(46)) - raft.netty.dataStream.server.worker-group.size = 0 (default)
2024-02-26 09:18:23,850 [main] INFO  netty.NettyUtils (NettyUtils.java:newEventLoopGroup(69)) - Create EpollEventLoopGroup for aa7921d1-8be5-430c-af0e-7b09d4ba500e-NettyServerStreamRpc-workerGroup; Thread size is 0.
2024-02-26 09:18:23,851 [main] INFO  netty.NettyConfigKeys$DataStream (ConfUtils.java:logGet(46)) - raft.netty.dataStream.server.tls.conf = null (default)
2024-02-26 09:18:23,851 [main] INFO  netty.NettyConfigKeys$DataStream (ConfUtils.java:logGet(46)) - raft.netty.dataStream.host = null (default)
2024-02-26 09:18:23,851 [main] INFO  netty.NettyConfigKeys$DataStream (ConfUtils.java:logGet(46)) - raft.netty.dataStream.port = 15078 (custom)
2024-02-26 09:18:23,852 [main] INFO  server.RaftServerConfigKeys (ConfUtils.java:logGet(46)) - raft.server.sleep.deviation.threshold = 300ms (default)
2024-02-26 09:18:23,852 [main] INFO  server.RaftServerConfigKeys (ConfUtils.java:logGet(46)) - raft.server.close.threshold = 60s (default)
2024-02-26 09:18:23,853 [main] INFO  server.RaftServerConfigKeys (ConfUtils.java:logGet(46)) - raft.server.leaderelection.leader.step-down.wait-time = 10s (default)
2024-02-26 09:18:23,853 [aa7921d1-8be5-430c-af0e-7b09d4ba500e-NettyServerStreamRpc-bossGroup--thread1] INFO  logging.LoggingHandler (AbstractInternalLogger.java:log(148)) - [id: 0x37095fa5] REGISTERED
2024-02-26 09:18:23,853 [main] INFO  server.RaftServerConfigKeys (ConfUtils.java:logGet(46)) - raft.server.storage.dir = [/home/runner/work/ozone/ozone/hadoop-ozone/integration-test/target/test-dir/MiniOzoneClusterImpl-0d79f430-b8c0-477e-97b7-98e50d733022/ozone-meta/datanode-8/ratis] (custom)
2024-02-26 09:18:23,853 [aa7921d1-8be5-430c-af0e-7b09d4ba500e-NettyServerStreamRpc-bossGroup--thread1] INFO  logging.LoggingHandler (AbstractInternalLogger.java:log(148)) - [id: 0x37095fa5] BIND: 0.0.0.0/0.0.0.0:15078
2024-02-26 09:18:23,853 [main] INFO  server.RaftServerConfigKeys (ConfUtils.java:logGet(46)) - raft.server.threadpool.proxy.cached = true (default)
2024-02-26 09:18:23,854 [aa7921d1-8be5-430c-af0e-7b09d4ba500e-NettyServerStreamRpc-bossGroup--thread1] INFO  logging.LoggingHandler (AbstractInternalLogger.java:log(148)) - [id: 0x37095fa5, L:/0.0.0.0:15078] ACTIVE
2024-02-26 09:18:23,854 [main] INFO  server.RaftServerConfigKeys (ConfUtils.java:logGet(46)) - raft.server.threadpool.proxy.size = 0 (default)
2024-02-26 09:18:23,854 [aa7921d1-8be5-430c-af0e-7b09d4ba500e-impl-thread1] INFO  server.RaftServer (RaftServerProxy.java:initGroupDir(264)) - aa7921d1-8be5-430c-af0e-7b09d4ba500e: found a subdirectory /home/runner/work/ozone/ozone/hadoop-ozone/integration-test/target/test-dir/MiniOzoneClusterImpl-0d79f430-b8c0-477e-97b7-98e50d733022/ozone-meta/datanode-8/ratis/tmp
2024-02-26 09:18:23,854 [aa7921d1-8be5-430c-af0e-7b09d4ba500e-impl-thread1] INFO  server.RaftServer (RaftServerProxy.java:initGroupDir(269)) - aa7921d1-8be5-430c-af0e-7b09d4ba500e: The directory /home/runner/work/ozone/ozone/hadoop-ozone/integration-test/target/test-dir/MiniOzoneClusterImpl-0d79f430-b8c0-477e-97b7-98e50d733022/ozone-meta/datanode-8/ratis/tmp is not a group directory; ignoring it. 
2024-02-26 09:18:23,855 [main] INFO  replication.ReplicationServer (ReplicationServer.java:<init>(86)) - Initializing replication server with thread count = 10 queue length = 4096
2024-02-26 09:18:23,855 [main] INFO  server.XceiverServerGrpc (XceiverServerGrpc.java:<init>(141)) - GrpcServer channel type EpollServerSocketChannel
2024-02-26 09:18:23,857 [main] INFO  replication.ReplicationSupervisor (ReplicationSupervisor.java:build(163)) - Initializing replication supervisor with thread count = 10
2024-02-26 09:18:23,857 [main] INFO  replication.ReplicationSupervisor (ReplicationSupervisor.java:nodeStateUpdated(317)) - Node state updated to IN_SERVICE, scaling executor pool size to 10
2024-02-26 09:18:23,859 [main] INFO  http.BaseHttpServer (BaseHttpServer.java:newHttpServer2BuilderForOzone(223)) - Starting Web-server for hddsDatanode at: http://0.0.0.0:15072
2024-02-26 09:18:23,859 [main] INFO  http.BaseHttpServer (BaseHttpServer.java:<init>(110)) - Hadoop Security Enabled: false Ozone Security Enabled: false Ozone HTTP Security Enabled: false 
2024-02-26 09:18:23,860 [main] WARN  server.AuthenticationFilter (AuthenticationFilter.java:constructSecretProvider(240)) - Unable to initialize FileSignerSecretProvider, falling back to use random secrets. Reason: Could not read signature secret file: /home/runner/hadoop-http-auth-signature-secret
2024-02-26 09:18:23,861 [main] INFO  http.HttpRequestLog (HttpRequestLog.java:getRequestLog(86)) - Http request log for http.requests.hddsDatanode is not defined
2024-02-26 09:18:23,861 [main] INFO  http.HttpServer2 (HttpServer2.java:addGlobalFilter(1036)) - Added global filter 'safety' (class=org.apache.hadoop.hdds.server.http.HttpServer2$QuotingInputFilter)
2024-02-26 09:18:23,862 [main] INFO  http.HttpServer2 (HttpServer2.java:addFilter(1012)) - Added filter static_user_filter (class=org.apache.hadoop.http.lib.StaticUserWebFilter$StaticUserFilter) to context hddsDatanode
2024-02-26 09:18:23,862 [main] INFO  http.HttpServer2 (HttpServer2.java:addFilter(1020)) - Added filter static_user_filter (class=org.apache.hadoop.http.lib.StaticUserWebFilter$StaticUserFilter) to context static
2024-02-26 09:18:23,862 [main] INFO  http.HttpServer2 (HttpServer2.java:addFilter(1020)) - Added filter static_user_filter (class=org.apache.hadoop.http.lib.StaticUserWebFilter$StaticUserFilter) to context logs
2024-02-26 09:18:23,863 [main] INFO  http.BaseHttpServer (BaseHttpServer.java:<init>(189)) - HTTP server of hddsDatanode uses base directory /home/runner/work/ozone/ozone/hadoop-ozone/integration-test/target/test-dir/MiniOzoneClusterImpl-0d79f430-b8c0-477e-97b7-98e50d733022/ozone-meta/datanode-8/meta/webserver
2024-02-26 09:18:23,863 [main] INFO  http.HttpServer2 (HttpServer2.java:bindListener(1236)) - Jetty bound to port 15072
2024-02-26 09:18:23,863 [main] INFO  server.Server (Server.java:doStart(375)) - jetty-9.4.53.v20231009; built: 2023-10-09T12:29:09.265Z; git: 27bde00a0b95a1d5bbee0eae7984f891d2d0f8c9; jvm 1.8.0_402-b06
2024-02-26 09:18:23,864 [main] INFO  server.session (DefaultSessionIdManager.java:doStart(334)) - DefaultSessionIdManager workerName=node0
2024-02-26 09:18:23,864 [main] INFO  server.session (DefaultSessionIdManager.java:doStart(339)) - No SessionScavenger set, using defaults
2024-02-26 09:18:23,865 [main] INFO  server.session (HouseKeeper.java:startScavenging(132)) - node0 Scavenging every 600000ms
2024-02-26 09:18:23,865 [main] INFO  handler.ContextHandler (ContextHandler.java:doStart(921)) - Started o.e.j.s.ServletContextHandler@5900307b{logs,/logs,file:///home/runner/work/ozone/ozone/hadoop-ozone/integration-test/target/log,AVAILABLE}
2024-02-26 09:18:23,866 [main] INFO  handler.ContextHandler (ContextHandler.java:doStart(921)) - Started o.e.j.s.ServletContextHandler@4a29251b{static,/static,jar:file:/home/runner/.m2/repository/org/apache/ozone/hdds-container-service/1.5.0-SNAPSHOT/hdds-container-service-1.5.0-SNAPSHOT.jar!/webapps/static,AVAILABLE}
2024-02-26 09:18:23,898 [main] INFO  handler.ContextHandler (ContextHandler.java:doStart(921)) - Started o.e.j.w.WebAppContext@32052b5e{hddsDatanode,/,file:///home/runner/work/ozone/ozone/hadoop-ozone/integration-test/target/test-dir/MiniOzoneClusterImpl-0d79f430-b8c0-477e-97b7-98e50d733022/ozone-meta/datanode-8/meta/webserver/jetty-0_0_0_0-15072-hdds-container-service-1_5_0-SNAPSHOT_jar-_-any-5062551414526878650/webapp/,AVAILABLE}{jar:file:/home/runner/.m2/repository/org/apache/ozone/hdds-container-service/1.5.0-SNAPSHOT/hdds-container-service-1.5.0-SNAPSHOT.jar!/webapps/hddsDatanode}
2024-02-26 09:18:23,900 [main] INFO  server.AbstractConnector (AbstractConnector.java:doStart(333)) - Started ServerConnector@66195578{HTTP/1.1, (http/1.1)}{0.0.0.0:15072}
2024-02-26 09:18:23,900 [main] INFO  server.Server (Server.java:doStart(415)) - Started @8532ms
2024-02-26 09:18:23,901 [main] WARN  impl.MetricsSystemImpl (MetricsSystemImpl.java:register(279)) - Sink prometheus already exists!
2024-02-26 09:18:23,901 [main] INFO  http.BaseHttpServer (BaseHttpServer.java:updateConnectorAddress(354)) - HTTP server of hddsDatanode listening at http://0.0.0.0:15072
2024-02-26 09:18:23,901 [main] INFO  ipc.CallQueueManager (CallQueueManager.java:<init>(90)) - Using callQueue: class java.util.concurrent.LinkedBlockingQueue, queueCapacity: 100, scheduler: class org.apache.hadoop.ipc.DefaultRpcScheduler, ipcBackoff: false.
2024-02-26 09:18:23,901 [main] INFO  ipc.Server (Server.java:<init>(1287)) - Listener at 0.0.0.0:15073
2024-02-26 09:18:23,902 [Socket Reader #1 for port 15073] INFO  ipc.Server (Server.java:run(1323)) - Starting Socket Reader #1 for port 15073
2024-02-26 09:18:23,905 [main] INFO  ozone.HddsDatanodeService (HddsDatanodeService.java:start(327)) - Datanode start with admins: [runner]
2024-02-26 09:18:23,905 [main] INFO  ozone.HddsDatanodeClientProtocolServer (HddsDatanodeClientProtocolServer.java:start(77)) - RPC server for Client /0.0.0.0:15073
2024-02-26 09:18:23,907 [IPC Server Responder] INFO  ipc.Server (Server.java:run(1562)) - IPC Server Responder: starting
2024-02-26 09:18:23,907 [main] WARN  dropwizard3.Dm3MetricRegistriesImpl (Dm3MetricRegistriesImpl.java:addReporterRegistration(113)) - New reporters are added after registries were created. Some metrics will be missing from the reporter. Please add reporter before adding any new registry.
2024-02-26 09:18:23,908 [main] WARN  dropwizard3.Dm3MetricRegistriesImpl (Dm3MetricRegistriesImpl.java:addReporterRegistration(113)) - New reporters are added after registries were created. Some metrics will be missing from the reporter. Please add reporter before adding any new registry.
2024-02-26 09:18:23,908 [IPC Server listener on 15073] INFO  ipc.Server (Server.java:run(1402)) - IPC Server listener on 15073: starting
2024-02-26 09:18:23,908 [main] INFO  impl.MetricsSystemImpl (MetricsSystemImpl.java:init(158)) - HddsDatanode metrics system started (again)
2024-02-26 09:18:23,908 [aa7921d1-8be5-430c-af0e-7b09d4ba500e-DatanodeStateMachineDaemonThread] INFO  statemachine.DatanodeStateMachine (DatanodeStateMachine.java:lambda$startDaemon$1(555)) - Ozone container server started.
2024-02-26 09:18:23,914 [aa7921d1-8be5-430c-af0e-7b09d4ba500e-DatanodeStateMachineTaskThread-0] INFO  datanode.InitDatanodeState (InitDatanodeState.java:persistContainerDatanodeDetails(139)) - DatanodeDetails is persisted to /home/runner/work/ozone/ozone/hadoop-ozone/integration-test/target/test-dir/MiniOzoneClusterImpl-0d79f430-b8c0-477e-97b7-98e50d733022/ozone-meta/datanode-8/meta/datanode.id
2024-02-26 09:18:23,919 [main] INFO  ozone.HddsDatanodeService (HddsDatanodeService.java:start(240)) - HddsDatanodeService host:fv-az1109-796.pxagtw4bd2yejgkn5xrroktb3f.dx.internal.cloudapp.net ip:10.1.0.30
2024-02-26 09:18:23,936 [main] INFO  upgrade.AbstractLayoutVersionManager (AbstractLayoutVersionManager.java:init(83)) - Initializing Layout version manager with metadata layout = HADOOP_PRC_PORTS_IN_DATANODEDETAILS (version = 7), software layout = HADOOP_PRC_PORTS_IN_DATANODEDETAILS (version = 7)
2024-02-26 09:18:23,937 [main] INFO  statemachine.DatanodeStateMachine (DatanodeStateMachine.java:getEndPointTaskThreadPoolSize(299)) - Datanode State Machine Task Thread Pool size 2
2024-02-26 09:18:23,939 [main] INFO  volume.HddsVolume (HddsVolume.java:<init>(125)) - Creating HddsVolume: /home/runner/work/ozone/ozone/hadoop-ozone/integration-test/target/test-dir/MiniOzoneClusterImpl-0d79f430-b8c0-477e-97b7-98e50d733022/ozone-meta/datanode-9/data-0/hdds of storage type : DISK capacity : 9223372036854775807
2024-02-26 09:18:23,939 [main] INFO  volume.MutableVolumeSet (MutableVolumeSet.java:initializeVolumeSet(173)) - Added Volume : /home/runner/work/ozone/ozone/hadoop-ozone/integration-test/target/test-dir/MiniOzoneClusterImpl-0d79f430-b8c0-477e-97b7-98e50d733022/ozone-meta/datanode-9/data-0/hdds to VolumeSet
2024-02-26 09:18:23,940 [main] INFO  volume.MutableVolumeSet (MutableVolumeSet.java:initializeVolumeSet(173)) - Added Volume : /home/runner/work/ozone/ozone/hadoop-ozone/integration-test/target/test-dir/MiniOzoneClusterImpl-0d79f430-b8c0-477e-97b7-98e50d733022/ozone-meta/datanode-9/ratis to VolumeSet
2024-02-26 09:18:23,940 [main] INFO  ozoneimpl.OzoneContainer (HddsVolumeUtil.java:loadAllHddsVolumeDbStore(103)) - Load 1 volumes DbStore cost: 0ms
2024-02-26 09:18:23,943 [main] INFO  server.RaftServer (ConfUtils.java:logGet(46)) - raft.rpc.type = GRPC (default)
2024-02-26 09:18:23,943 [main] INFO  grpc.GrpcConfigKeys (ConfUtils.java:logFallback(53)) - raft.grpc.admin.host = null (fallback to raft.grpc.server.host)
2024-02-26 09:18:23,944 [main] INFO  grpc.GrpcConfigKeys (ConfUtils.java:logGet(46)) - raft.grpc.admin.port = 15085 (custom)
2024-02-26 09:18:23,944 [main] INFO  grpc.GrpcConfigKeys (ConfUtils.java:logFallback(53)) - raft.grpc.client.host = null (fallback to raft.grpc.server.host)
2024-02-26 09:18:23,944 [main] INFO  grpc.GrpcConfigKeys (ConfUtils.java:logGet(46)) - raft.grpc.client.port = 15084 (custom)
2024-02-26 09:18:23,944 [main] INFO  grpc.GrpcConfigKeys (ConfUtils.java:logGet(46)) - raft.grpc.server.host = null (default)
2024-02-26 09:18:23,944 [main] INFO  grpc.GrpcConfigKeys (ConfUtils.java:logGet(46)) - raft.grpc.server.port = 15086 (custom)
2024-02-26 09:18:23,944 [main] INFO  server.GrpcService (ConfUtils.java:logGet(46)) - raft.grpc.message.size.max = 32MB (=33554432) (custom)
2024-02-26 09:18:23,945 [main] INFO  server.RaftServerConfigKeys (ConfUtils.java:logGet(46)) - raft.server.log.appender.buffer.byte-limit = 8388608 (custom)
2024-02-26 09:18:23,945 [main] INFO  server.GrpcService (ConfUtils.java:logGet(46)) - raft.grpc.flow.control.window = 5MB (=5242880) (custom)
2024-02-26 09:18:23,945 [main] INFO  server.RaftServerConfigKeys (ConfUtils.java:logGet(46)) - raft.server.rpc.request.timeout = 60s (custom)
2024-02-26 09:18:23,945 [main] INFO  grpc.GrpcConfigKeys (ConfUtils.java:logGet(46)) - raft.grpc.server.heartbeat.channel = true (default)
2024-02-26 09:18:23,945 [main] INFO  grpc.GrpcConfigKeys (ConfUtils.java:logGet(46)) - raft.grpc.server.async.request.thread.pool.cached = true (default)
2024-02-26 09:18:23,946 [main] INFO  grpc.GrpcConfigKeys (ConfUtils.java:logGet(46)) - raft.grpc.server.async.request.thread.pool.size = 32 (default)
2024-02-26 09:18:23,948 [main] INFO  impl.DataStreamServerImpl (ConfUtils.java:logGet(46)) - raft.datastream.type = NETTY (custom)
2024-02-26 09:18:23,948 [main] INFO  server.RaftServerConfigKeys (ConfUtils.java:logGet(46)) - raft.server.data-stream.async.request.thread.pool.cached = false (default)
2024-02-26 09:18:23,949 [main] INFO  server.RaftServerConfigKeys (ConfUtils.java:logGet(46)) - raft.server.data-stream.async.request.thread.pool.size = 20 (custom)
2024-02-26 09:18:23,949 [main] INFO  server.RaftServerConfigKeys (ConfUtils.java:logGet(46)) - raft.server.data-stream.async.write.thread.pool.size = 16 (default)
2024-02-26 09:18:23,949 [main] INFO  netty.NettyConfigKeys$DataStream (ConfUtils.java:logGet(46)) - raft.netty.dataStream.server.channel.inactive.grace-period = 10min (default)
2024-02-26 09:18:23,949 [main] INFO  server.RaftServerConfigKeys (ConfUtils.java:logGet(46)) - raft.server.data-stream.client.pool.size = 10 (default)
2024-02-26 09:18:23,950 [main] INFO  netty.NettyConfigKeys$DataStream (ConfUtils.java:logGet(46)) - raft.netty.dataStream.server.use-epoll = true (default)
2024-02-26 09:18:23,950 [main] INFO  netty.NettyConfigKeys$DataStream (ConfUtils.java:logGet(46)) - raft.netty.dataStream.server.boss-group.size = 0 (default)
2024-02-26 09:18:23,950 [main] INFO  netty.NettyUtils (NettyUtils.java:newEventLoopGroup(69)) - Create EpollEventLoopGroup for 87e9945c-a125-4404-bbe2-61a5a4b10cf4-NettyServerStreamRpc-bossGroup; Thread size is 0.
2024-02-26 09:18:23,951 [main] INFO  netty.NettyConfigKeys$DataStream (ConfUtils.java:logGet(46)) - raft.netty.dataStream.server.worker-group.size = 0 (default)
2024-02-26 09:18:23,951 [main] INFO  netty.NettyUtils (NettyUtils.java:newEventLoopGroup(69)) - Create EpollEventLoopGroup for 87e9945c-a125-4404-bbe2-61a5a4b10cf4-NettyServerStreamRpc-workerGroup; Thread size is 0.
2024-02-26 09:18:23,951 [main] INFO  netty.NettyConfigKeys$DataStream (ConfUtils.java:logGet(46)) - raft.netty.dataStream.server.tls.conf = null (default)
2024-02-26 09:18:23,952 [main] INFO  netty.NettyConfigKeys$DataStream (ConfUtils.java:logGet(46)) - raft.netty.dataStream.host = null (default)
2024-02-26 09:18:23,952 [main] INFO  netty.NettyConfigKeys$DataStream (ConfUtils.java:logGet(46)) - raft.netty.dataStream.port = 15087 (custom)
2024-02-26 09:18:23,955 [main] INFO  server.RaftServerConfigKeys (ConfUtils.java:logGet(46)) - raft.server.sleep.deviation.threshold = 300ms (default)
2024-02-26 09:18:23,955 [main] INFO  server.RaftServerConfigKeys (ConfUtils.java:logGet(46)) - raft.server.close.threshold = 60s (default)
2024-02-26 09:18:23,956 [main] INFO  server.RaftServerConfigKeys (ConfUtils.java:logGet(46)) - raft.server.leaderelection.leader.step-down.wait-time = 10s (default)
2024-02-26 09:18:23,956 [main] INFO  server.RaftServerConfigKeys (ConfUtils.java:logGet(46)) - raft.server.storage.dir = [/home/runner/work/ozone/ozone/hadoop-ozone/integration-test/target/test-dir/MiniOzoneClusterImpl-0d79f430-b8c0-477e-97b7-98e50d733022/ozone-meta/datanode-9/ratis] (custom)
2024-02-26 09:18:23,956 [main] INFO  server.RaftServerConfigKeys (ConfUtils.java:logGet(46)) - raft.server.threadpool.proxy.cached = true (default)
2024-02-26 09:18:23,956 [main] INFO  server.RaftServerConfigKeys (ConfUtils.java:logGet(46)) - raft.server.threadpool.proxy.size = 0 (default)
2024-02-26 09:18:23,957 [87e9945c-a125-4404-bbe2-61a5a4b10cf4-impl-thread1] INFO  server.RaftServer (RaftServerProxy.java:initGroupDir(264)) - 87e9945c-a125-4404-bbe2-61a5a4b10cf4: found a subdirectory /home/runner/work/ozone/ozone/hadoop-ozone/integration-test/target/test-dir/MiniOzoneClusterImpl-0d79f430-b8c0-477e-97b7-98e50d733022/ozone-meta/datanode-9/ratis/tmp
2024-02-26 09:18:23,957 [87e9945c-a125-4404-bbe2-61a5a4b10cf4-impl-thread1] INFO  server.RaftServer (RaftServerProxy.java:initGroupDir(269)) - 87e9945c-a125-4404-bbe2-61a5a4b10cf4: The directory /home/runner/work/ozone/ozone/hadoop-ozone/integration-test/target/test-dir/MiniOzoneClusterImpl-0d79f430-b8c0-477e-97b7-98e50d733022/ozone-meta/datanode-9/ratis/tmp is not a group directory; ignoring it. 
2024-02-26 09:18:23,958 [87e9945c-a125-4404-bbe2-61a5a4b10cf4-NettyServerStreamRpc-bossGroup--thread1] INFO  logging.LoggingHandler (AbstractInternalLogger.java:log(148)) - [id: 0x8255de02] REGISTERED
2024-02-26 09:18:23,958 [87e9945c-a125-4404-bbe2-61a5a4b10cf4-NettyServerStreamRpc-bossGroup--thread1] INFO  logging.LoggingHandler (AbstractInternalLogger.java:log(148)) - [id: 0x8255de02] BIND: 0.0.0.0/0.0.0.0:15087
2024-02-26 09:18:23,958 [87e9945c-a125-4404-bbe2-61a5a4b10cf4-NettyServerStreamRpc-bossGroup--thread1] INFO  logging.LoggingHandler (AbstractInternalLogger.java:log(148)) - [id: 0x8255de02, L:/0.0.0.0:15087] ACTIVE
2024-02-26 09:18:23,958 [main] INFO  replication.ReplicationServer (ReplicationServer.java:<init>(86)) - Initializing replication server with thread count = 10 queue length = 4096
2024-02-26 09:18:23,959 [main] INFO  server.XceiverServerGrpc (XceiverServerGrpc.java:<init>(141)) - GrpcServer channel type EpollServerSocketChannel
2024-02-26 09:18:23,961 [main] INFO  replication.ReplicationSupervisor (ReplicationSupervisor.java:build(163)) - Initializing replication supervisor with thread count = 10
2024-02-26 09:18:23,961 [main] INFO  replication.ReplicationSupervisor (ReplicationSupervisor.java:nodeStateUpdated(317)) - Node state updated to IN_SERVICE, scaling executor pool size to 10
2024-02-26 09:18:23,963 [main] INFO  http.BaseHttpServer (BaseHttpServer.java:newHttpServer2BuilderForOzone(223)) - Starting Web-server for hddsDatanode at: http://0.0.0.0:15081
2024-02-26 09:18:23,963 [main] INFO  http.BaseHttpServer (BaseHttpServer.java:<init>(110)) - Hadoop Security Enabled: false Ozone Security Enabled: false Ozone HTTP Security Enabled: false 
2024-02-26 09:18:23,965 [main] WARN  server.AuthenticationFilter (AuthenticationFilter.java:constructSecretProvider(240)) - Unable to initialize FileSignerSecretProvider, falling back to use random secrets. Reason: Could not read signature secret file: /home/runner/hadoop-http-auth-signature-secret
2024-02-26 09:18:23,965 [main] INFO  http.HttpRequestLog (HttpRequestLog.java:getRequestLog(86)) - Http request log for http.requests.hddsDatanode is not defined
2024-02-26 09:18:23,966 [main] INFO  http.HttpServer2 (HttpServer2.java:addGlobalFilter(1036)) - Added global filter 'safety' (class=org.apache.hadoop.hdds.server.http.HttpServer2$QuotingInputFilter)
2024-02-26 09:18:23,967 [main] INFO  http.HttpServer2 (HttpServer2.java:addFilter(1012)) - Added filter static_user_filter (class=org.apache.hadoop.http.lib.StaticUserWebFilter$StaticUserFilter) to context hddsDatanode
2024-02-26 09:18:23,968 [main] INFO  http.HttpServer2 (HttpServer2.java:addFilter(1020)) - Added filter static_user_filter (class=org.apache.hadoop.http.lib.StaticUserWebFilter$StaticUserFilter) to context logs
2024-02-26 09:18:23,968 [main] INFO  http.HttpServer2 (HttpServer2.java:addFilter(1020)) - Added filter static_user_filter (class=org.apache.hadoop.http.lib.StaticUserWebFilter$StaticUserFilter) to context static
2024-02-26 09:18:23,968 [main] INFO  http.BaseHttpServer (BaseHttpServer.java:<init>(189)) - HTTP server of hddsDatanode uses base directory /home/runner/work/ozone/ozone/hadoop-ozone/integration-test/target/test-dir/MiniOzoneClusterImpl-0d79f430-b8c0-477e-97b7-98e50d733022/ozone-meta/datanode-9/meta/webserver
2024-02-26 09:18:23,969 [main] INFO  http.HttpServer2 (HttpServer2.java:bindListener(1236)) - Jetty bound to port 15081
2024-02-26 09:18:23,969 [main] INFO  server.Server (Server.java:doStart(375)) - jetty-9.4.53.v20231009; built: 2023-10-09T12:29:09.265Z; git: 27bde00a0b95a1d5bbee0eae7984f891d2d0f8c9; jvm 1.8.0_402-b06
2024-02-26 09:18:23,970 [main] INFO  server.session (DefaultSessionIdManager.java:doStart(334)) - DefaultSessionIdManager workerName=node0
2024-02-26 09:18:23,970 [main] INFO  server.session (DefaultSessionIdManager.java:doStart(339)) - No SessionScavenger set, using defaults
2024-02-26 09:18:23,970 [main] INFO  server.session (HouseKeeper.java:startScavenging(132)) - node0 Scavenging every 660000ms
2024-02-26 09:18:23,971 [main] INFO  handler.ContextHandler (ContextHandler.java:doStart(921)) - Started o.e.j.s.ServletContextHandler@3fc6d5cb{logs,/logs,file:///home/runner/work/ozone/ozone/hadoop-ozone/integration-test/target/log,AVAILABLE}
2024-02-26 09:18:23,971 [main] INFO  handler.ContextHandler (ContextHandler.java:doStart(921)) - Started o.e.j.s.ServletContextHandler@33a35f7e{static,/static,jar:file:/home/runner/.m2/repository/org/apache/ozone/hdds-container-service/1.5.0-SNAPSHOT/hdds-container-service-1.5.0-SNAPSHOT.jar!/webapps/static,AVAILABLE}
2024-02-26 09:18:24,004 [main] INFO  handler.ContextHandler (ContextHandler.java:doStart(921)) - Started o.e.j.w.WebAppContext@41b7dda5{hddsDatanode,/,file:///home/runner/work/ozone/ozone/hadoop-ozone/integration-test/target/test-dir/MiniOzoneClusterImpl-0d79f430-b8c0-477e-97b7-98e50d733022/ozone-meta/datanode-9/meta/webserver/jetty-0_0_0_0-15081-hdds-container-service-1_5_0-SNAPSHOT_jar-_-any-4747447340467915749/webapp/,AVAILABLE}{jar:file:/home/runner/.m2/repository/org/apache/ozone/hdds-container-service/1.5.0-SNAPSHOT/hdds-container-service-1.5.0-SNAPSHOT.jar!/webapps/hddsDatanode}
2024-02-26 09:18:24,006 [main] INFO  server.AbstractConnector (AbstractConnector.java:doStart(333)) - Started ServerConnector@4f1093bd{HTTP/1.1, (http/1.1)}{0.0.0.0:15081}
2024-02-26 09:18:24,006 [main] INFO  server.Server (Server.java:doStart(415)) - Started @8638ms
2024-02-26 09:18:24,006 [main] WARN  impl.MetricsSystemImpl (MetricsSystemImpl.java:register(279)) - Sink prometheus already exists!
2024-02-26 09:18:24,007 [main] INFO  http.BaseHttpServer (BaseHttpServer.java:updateConnectorAddress(354)) - HTTP server of hddsDatanode listening at http://0.0.0.0:15081
2024-02-26 09:18:24,008 [main] INFO  ipc.CallQueueManager (CallQueueManager.java:<init>(90)) - Using callQueue: class java.util.concurrent.LinkedBlockingQueue, queueCapacity: 100, scheduler: class org.apache.hadoop.ipc.DefaultRpcScheduler, ipcBackoff: false.
2024-02-26 09:18:24,010 [main] INFO  ipc.Server (Server.java:<init>(1287)) - Listener at 0.0.0.0:15082
2024-02-26 09:18:24,010 [Socket Reader #1 for port 15082] INFO  ipc.Server (Server.java:run(1323)) - Starting Socket Reader #1 for port 15082
2024-02-26 09:18:24,013 [main] INFO  ozone.HddsDatanodeService (HddsDatanodeService.java:start(327)) - Datanode start with admins: [runner]
2024-02-26 09:18:24,013 [main] INFO  ozone.HddsDatanodeClientProtocolServer (HddsDatanodeClientProtocolServer.java:start(77)) - RPC server for Client /0.0.0.0:15082
2024-02-26 09:18:24,014 [IPC Server Responder] INFO  ipc.Server (Server.java:run(1562)) - IPC Server Responder: starting
2024-02-26 09:18:24,014 [IPC Server listener on 15082] INFO  ipc.Server (Server.java:run(1402)) - IPC Server listener on 15082: starting
2024-02-26 09:18:24,020 [main] WARN  dropwizard3.Dm3MetricRegistriesImpl (Dm3MetricRegistriesImpl.java:addReporterRegistration(113)) - New reporters are added after registries were created. Some metrics will be missing from the reporter. Please add reporter before adding any new registry.
2024-02-26 09:18:24,020 [main] WARN  dropwizard3.Dm3MetricRegistriesImpl (Dm3MetricRegistriesImpl.java:addReporterRegistration(113)) - New reporters are added after registries were created. Some metrics will be missing from the reporter. Please add reporter before adding any new registry.
2024-02-26 09:18:24,020 [87e9945c-a125-4404-bbe2-61a5a4b10cf4-DatanodeStateMachineDaemonThread] INFO  statemachine.DatanodeStateMachine (DatanodeStateMachine.java:lambda$startDaemon$1(555)) - Ozone container server started.
2024-02-26 09:18:24,021 [main] INFO  impl.MetricsSystemImpl (MetricsSystemImpl.java:init(158)) - HddsDatanode metrics system started (again)
2024-02-26 09:18:24,029 [87e9945c-a125-4404-bbe2-61a5a4b10cf4-DatanodeStateMachineTaskThread-0] INFO  datanode.InitDatanodeState (InitDatanodeState.java:persistContainerDatanodeDetails(139)) - DatanodeDetails is persisted to /home/runner/work/ozone/ozone/hadoop-ozone/integration-test/target/test-dir/MiniOzoneClusterImpl-0d79f430-b8c0-477e-97b7-98e50d733022/ozone-meta/datanode-9/meta/datanode.id
2024-02-26 09:18:24,031 [main] INFO  ozone.HddsDatanodeService (HddsDatanodeService.java:start(240)) - HddsDatanodeService host:fv-az1109-796.pxagtw4bd2yejgkn5xrroktb3f.dx.internal.cloudapp.net ip:10.1.0.30
2024-02-26 09:18:24,049 [main] INFO  upgrade.AbstractLayoutVersionManager (AbstractLayoutVersionManager.java:init(83)) - Initializing Layout version manager with metadata layout = HADOOP_PRC_PORTS_IN_DATANODEDETAILS (version = 7), software layout = HADOOP_PRC_PORTS_IN_DATANODEDETAILS (version = 7)
2024-02-26 09:18:24,049 [main] INFO  statemachine.DatanodeStateMachine (DatanodeStateMachine.java:getEndPointTaskThreadPoolSize(299)) - Datanode State Machine Task Thread Pool size 2
2024-02-26 09:18:24,051 [main] INFO  volume.HddsVolume (HddsVolume.java:<init>(125)) - Creating HddsVolume: /home/runner/work/ozone/ozone/hadoop-ozone/integration-test/target/test-dir/MiniOzoneClusterImpl-0d79f430-b8c0-477e-97b7-98e50d733022/ozone-meta/datanode-10/data-0/hdds of storage type : DISK capacity : 9223372036854775807
2024-02-26 09:18:24,051 [main] INFO  volume.MutableVolumeSet (MutableVolumeSet.java:initializeVolumeSet(173)) - Added Volume : /home/runner/work/ozone/ozone/hadoop-ozone/integration-test/target/test-dir/MiniOzoneClusterImpl-0d79f430-b8c0-477e-97b7-98e50d733022/ozone-meta/datanode-10/data-0/hdds to VolumeSet
2024-02-26 09:18:24,052 [main] INFO  volume.MutableVolumeSet (MutableVolumeSet.java:initializeVolumeSet(173)) - Added Volume : /home/runner/work/ozone/ozone/hadoop-ozone/integration-test/target/test-dir/MiniOzoneClusterImpl-0d79f430-b8c0-477e-97b7-98e50d733022/ozone-meta/datanode-10/ratis to VolumeSet
2024-02-26 09:18:24,052 [main] INFO  ozoneimpl.OzoneContainer (HddsVolumeUtil.java:loadAllHddsVolumeDbStore(103)) - Load 1 volumes DbStore cost: 0ms
2024-02-26 09:18:24,054 [main] INFO  server.RaftServer (ConfUtils.java:logGet(46)) - raft.rpc.type = GRPC (default)
2024-02-26 09:18:24,054 [main] INFO  grpc.GrpcConfigKeys (ConfUtils.java:logFallback(53)) - raft.grpc.admin.host = null (fallback to raft.grpc.server.host)
2024-02-26 09:18:24,055 [main] INFO  grpc.GrpcConfigKeys (ConfUtils.java:logGet(46)) - raft.grpc.admin.port = 15094 (custom)
2024-02-26 09:18:24,055 [main] INFO  grpc.GrpcConfigKeys (ConfUtils.java:logFallback(53)) - raft.grpc.client.host = null (fallback to raft.grpc.server.host)
2024-02-26 09:18:24,055 [main] INFO  grpc.GrpcConfigKeys (ConfUtils.java:logGet(46)) - raft.grpc.client.port = 15093 (custom)
2024-02-26 09:18:24,055 [main] INFO  grpc.GrpcConfigKeys (ConfUtils.java:logGet(46)) - raft.grpc.server.host = null (default)
2024-02-26 09:18:24,055 [main] INFO  grpc.GrpcConfigKeys (ConfUtils.java:logGet(46)) - raft.grpc.server.port = 15095 (custom)
2024-02-26 09:18:24,056 [main] INFO  server.GrpcService (ConfUtils.java:logGet(46)) - raft.grpc.message.size.max = 32MB (=33554432) (custom)
2024-02-26 09:18:24,056 [main] INFO  server.RaftServerConfigKeys (ConfUtils.java:logGet(46)) - raft.server.log.appender.buffer.byte-limit = 8388608 (custom)
2024-02-26 09:18:24,056 [main] INFO  server.GrpcService (ConfUtils.java:logGet(46)) - raft.grpc.flow.control.window = 5MB (=5242880) (custom)
2024-02-26 09:18:24,056 [main] INFO  server.RaftServerConfigKeys (ConfUtils.java:logGet(46)) - raft.server.rpc.request.timeout = 60s (custom)
2024-02-26 09:18:24,056 [main] INFO  grpc.GrpcConfigKeys (ConfUtils.java:logGet(46)) - raft.grpc.server.heartbeat.channel = true (default)
2024-02-26 09:18:24,057 [main] INFO  grpc.GrpcConfigKeys (ConfUtils.java:logGet(46)) - raft.grpc.server.async.request.thread.pool.cached = true (default)
2024-02-26 09:18:24,057 [main] INFO  grpc.GrpcConfigKeys (ConfUtils.java:logGet(46)) - raft.grpc.server.async.request.thread.pool.size = 32 (default)
2024-02-26 09:18:24,059 [main] INFO  impl.DataStreamServerImpl (ConfUtils.java:logGet(46)) - raft.datastream.type = NETTY (custom)
2024-02-26 09:18:24,059 [main] INFO  server.RaftServerConfigKeys (ConfUtils.java:logGet(46)) - raft.server.data-stream.async.request.thread.pool.cached = false (default)
2024-02-26 09:18:24,059 [main] INFO  server.RaftServerConfigKeys (ConfUtils.java:logGet(46)) - raft.server.data-stream.async.request.thread.pool.size = 20 (custom)
2024-02-26 09:18:24,060 [main] INFO  server.RaftServerConfigKeys (ConfUtils.java:logGet(46)) - raft.server.data-stream.async.write.thread.pool.size = 16 (default)
2024-02-26 09:18:24,060 [main] INFO  netty.NettyConfigKeys$DataStream (ConfUtils.java:logGet(46)) - raft.netty.dataStream.server.channel.inactive.grace-period = 10min (default)
2024-02-26 09:18:24,060 [main] INFO  server.RaftServerConfigKeys (ConfUtils.java:logGet(46)) - raft.server.data-stream.client.pool.size = 10 (default)
2024-02-26 09:18:24,060 [main] INFO  netty.NettyConfigKeys$DataStream (ConfUtils.java:logGet(46)) - raft.netty.dataStream.server.use-epoll = true (default)
2024-02-26 09:18:24,060 [main] INFO  netty.NettyConfigKeys$DataStream (ConfUtils.java:logGet(46)) - raft.netty.dataStream.server.boss-group.size = 0 (default)
2024-02-26 09:18:24,061 [main] INFO  netty.NettyUtils (NettyUtils.java:newEventLoopGroup(69)) - Create EpollEventLoopGroup for 4e76a5f4-598e-407f-bd79-992a553d1db1-NettyServerStreamRpc-bossGroup; Thread size is 0.
2024-02-26 09:18:24,061 [main] INFO  netty.NettyConfigKeys$DataStream (ConfUtils.java:logGet(46)) - raft.netty.dataStream.server.worker-group.size = 0 (default)
2024-02-26 09:18:24,061 [main] INFO  netty.NettyUtils (NettyUtils.java:newEventLoopGroup(69)) - Create EpollEventLoopGroup for 4e76a5f4-598e-407f-bd79-992a553d1db1-NettyServerStreamRpc-workerGroup; Thread size is 0.
2024-02-26 09:18:24,062 [main] INFO  netty.NettyConfigKeys$DataStream (ConfUtils.java:logGet(46)) - raft.netty.dataStream.server.tls.conf = null (default)
2024-02-26 09:18:24,062 [main] INFO  netty.NettyConfigKeys$DataStream (ConfUtils.java:logGet(46)) - raft.netty.dataStream.host = null (default)
2024-02-26 09:18:24,062 [main] INFO  netty.NettyConfigKeys$DataStream (ConfUtils.java:logGet(46)) - raft.netty.dataStream.port = 15096 (custom)
2024-02-26 09:18:24,063 [main] INFO  server.RaftServerConfigKeys (ConfUtils.java:logGet(46)) - raft.server.sleep.deviation.threshold = 300ms (default)
2024-02-26 09:18:24,064 [4e76a5f4-598e-407f-bd79-992a553d1db1-NettyServerStreamRpc-bossGroup--thread1] INFO  logging.LoggingHandler (AbstractInternalLogger.java:log(148)) - [id: 0xa7ef9a10] REGISTERED
2024-02-26 09:18:24,064 [4e76a5f4-598e-407f-bd79-992a553d1db1-NettyServerStreamRpc-bossGroup--thread1] INFO  logging.LoggingHandler (AbstractInternalLogger.java:log(148)) - [id: 0xa7ef9a10] BIND: 0.0.0.0/0.0.0.0:15096
2024-02-26 09:18:24,064 [4e76a5f4-598e-407f-bd79-992a553d1db1-NettyServerStreamRpc-bossGroup--thread1] INFO  logging.LoggingHandler (AbstractInternalLogger.java:log(148)) - [id: 0xa7ef9a10, L:/0.0.0.0:15096] ACTIVE
2024-02-26 09:18:24,064 [main] INFO  server.RaftServerConfigKeys (ConfUtils.java:logGet(46)) - raft.server.close.threshold = 60s (default)
2024-02-26 09:18:24,065 [main] INFO  server.RaftServerConfigKeys (ConfUtils.java:logGet(46)) - raft.server.leaderelection.leader.step-down.wait-time = 10s (default)
2024-02-26 09:18:24,065 [main] INFO  server.RaftServerConfigKeys (ConfUtils.java:logGet(46)) - raft.server.storage.dir = [/home/runner/work/ozone/ozone/hadoop-ozone/integration-test/target/test-dir/MiniOzoneClusterImpl-0d79f430-b8c0-477e-97b7-98e50d733022/ozone-meta/datanode-10/ratis] (custom)
2024-02-26 09:18:24,065 [main] INFO  server.RaftServerConfigKeys (ConfUtils.java:logGet(46)) - raft.server.threadpool.proxy.cached = true (default)
2024-02-26 09:18:24,065 [main] INFO  server.RaftServerConfigKeys (ConfUtils.java:logGet(46)) - raft.server.threadpool.proxy.size = 0 (default)
2024-02-26 09:18:24,066 [4e76a5f4-598e-407f-bd79-992a553d1db1-impl-thread1] INFO  server.RaftServer (RaftServerProxy.java:initGroupDir(264)) - 4e76a5f4-598e-407f-bd79-992a553d1db1: found a subdirectory /home/runner/work/ozone/ozone/hadoop-ozone/integration-test/target/test-dir/MiniOzoneClusterImpl-0d79f430-b8c0-477e-97b7-98e50d733022/ozone-meta/datanode-10/ratis/tmp
2024-02-26 09:18:24,066 [4e76a5f4-598e-407f-bd79-992a553d1db1-impl-thread1] INFO  server.RaftServer (RaftServerProxy.java:initGroupDir(269)) - 4e76a5f4-598e-407f-bd79-992a553d1db1: The directory /home/runner/work/ozone/ozone/hadoop-ozone/integration-test/target/test-dir/MiniOzoneClusterImpl-0d79f430-b8c0-477e-97b7-98e50d733022/ozone-meta/datanode-10/ratis/tmp is not a group directory; ignoring it. 
2024-02-26 09:18:24,066 [main] INFO  replication.ReplicationServer (ReplicationServer.java:<init>(86)) - Initializing replication server with thread count = 10 queue length = 4096
2024-02-26 09:18:24,067 [main] INFO  server.XceiverServerGrpc (XceiverServerGrpc.java:<init>(141)) - GrpcServer channel type EpollServerSocketChannel
2024-02-26 09:18:24,069 [main] INFO  replication.ReplicationSupervisor (ReplicationSupervisor.java:build(163)) - Initializing replication supervisor with thread count = 10
2024-02-26 09:18:24,069 [main] INFO  replication.ReplicationSupervisor (ReplicationSupervisor.java:nodeStateUpdated(317)) - Node state updated to IN_SERVICE, scaling executor pool size to 10
2024-02-26 09:18:24,070 [main] INFO  http.BaseHttpServer (BaseHttpServer.java:newHttpServer2BuilderForOzone(223)) - Starting Web-server for hddsDatanode at: http://0.0.0.0:15090
2024-02-26 09:18:24,071 [main] INFO  http.BaseHttpServer (BaseHttpServer.java:<init>(110)) - Hadoop Security Enabled: false Ozone Security Enabled: false Ozone HTTP Security Enabled: false 
2024-02-26 09:18:24,072 [main] WARN  server.AuthenticationFilter (AuthenticationFilter.java:constructSecretProvider(240)) - Unable to initialize FileSignerSecretProvider, falling back to use random secrets. Reason: Could not read signature secret file: /home/runner/hadoop-http-auth-signature-secret
2024-02-26 09:18:24,072 [main] INFO  http.HttpRequestLog (HttpRequestLog.java:getRequestLog(86)) - Http request log for http.requests.hddsDatanode is not defined
2024-02-26 09:18:24,073 [main] INFO  http.HttpServer2 (HttpServer2.java:addGlobalFilter(1036)) - Added global filter 'safety' (class=org.apache.hadoop.hdds.server.http.HttpServer2$QuotingInputFilter)
2024-02-26 09:18:24,074 [main] INFO  http.HttpServer2 (HttpServer2.java:addFilter(1012)) - Added filter static_user_filter (class=org.apache.hadoop.http.lib.StaticUserWebFilter$StaticUserFilter) to context hddsDatanode
2024-02-26 09:18:24,074 [main] INFO  http.HttpServer2 (HttpServer2.java:addFilter(1020)) - Added filter static_user_filter (class=org.apache.hadoop.http.lib.StaticUserWebFilter$StaticUserFilter) to context logs
2024-02-26 09:18:24,075 [main] INFO  http.HttpServer2 (HttpServer2.java:addFilter(1020)) - Added filter static_user_filter (class=org.apache.hadoop.http.lib.StaticUserWebFilter$StaticUserFilter) to context static
2024-02-26 09:18:24,075 [main] INFO  http.BaseHttpServer (BaseHttpServer.java:<init>(189)) - HTTP server of hddsDatanode uses base directory /home/runner/work/ozone/ozone/hadoop-ozone/integration-test/target/test-dir/MiniOzoneClusterImpl-0d79f430-b8c0-477e-97b7-98e50d733022/ozone-meta/datanode-10/meta/webserver
2024-02-26 09:18:24,075 [main] INFO  http.HttpServer2 (HttpServer2.java:bindListener(1236)) - Jetty bound to port 15090
2024-02-26 09:18:24,075 [main] INFO  server.Server (Server.java:doStart(375)) - jetty-9.4.53.v20231009; built: 2023-10-09T12:29:09.265Z; git: 27bde00a0b95a1d5bbee0eae7984f891d2d0f8c9; jvm 1.8.0_402-b06
2024-02-26 09:18:24,076 [main] INFO  server.session (DefaultSessionIdManager.java:doStart(334)) - DefaultSessionIdManager workerName=node0
2024-02-26 09:18:24,077 [main] INFO  server.session (DefaultSessionIdManager.java:doStart(339)) - No SessionScavenger set, using defaults
2024-02-26 09:18:24,077 [main] INFO  server.session (HouseKeeper.java:startScavenging(132)) - node0 Scavenging every 600000ms
2024-02-26 09:18:24,077 [main] INFO  handler.ContextHandler (ContextHandler.java:doStart(921)) - Started o.e.j.s.ServletContextHandler@5e26a6e4{logs,/logs,file:///home/runner/work/ozone/ozone/hadoop-ozone/integration-test/target/log,AVAILABLE}
2024-02-26 09:18:24,078 [main] INFO  handler.ContextHandler (ContextHandler.java:doStart(921)) - Started o.e.j.s.ServletContextHandler@12103546{static,/static,jar:file:/home/runner/.m2/repository/org/apache/ozone/hdds-container-service/1.5.0-SNAPSHOT/hdds-container-service-1.5.0-SNAPSHOT.jar!/webapps/static,AVAILABLE}
2024-02-26 09:18:24,110 [main] INFO  handler.ContextHandler (ContextHandler.java:doStart(921)) - Started o.e.j.w.WebAppContext@257afec4{hddsDatanode,/,file:///home/runner/work/ozone/ozone/hadoop-ozone/integration-test/target/test-dir/MiniOzoneClusterImpl-0d79f430-b8c0-477e-97b7-98e50d733022/ozone-meta/datanode-10/meta/webserver/jetty-0_0_0_0-15090-hdds-container-service-1_5_0-SNAPSHOT_jar-_-any-2793934928870119821/webapp/,AVAILABLE}{jar:file:/home/runner/.m2/repository/org/apache/ozone/hdds-container-service/1.5.0-SNAPSHOT/hdds-container-service-1.5.0-SNAPSHOT.jar!/webapps/hddsDatanode}
2024-02-26 09:18:24,111 [main] INFO  server.AbstractConnector (AbstractConnector.java:doStart(333)) - Started ServerConnector@40a2ce57{HTTP/1.1, (http/1.1)}{0.0.0.0:15090}
2024-02-26 09:18:24,111 [main] INFO  server.Server (Server.java:doStart(415)) - Started @8743ms
2024-02-26 09:18:24,112 [main] WARN  impl.MetricsSystemImpl (MetricsSystemImpl.java:register(279)) - Sink prometheus already exists!
2024-02-26 09:18:24,112 [main] INFO  http.BaseHttpServer (BaseHttpServer.java:updateConnectorAddress(354)) - HTTP server of hddsDatanode listening at http://0.0.0.0:15090
2024-02-26 09:18:24,112 [main] INFO  ipc.CallQueueManager (CallQueueManager.java:<init>(90)) - Using callQueue: class java.util.concurrent.LinkedBlockingQueue, queueCapacity: 100, scheduler: class org.apache.hadoop.ipc.DefaultRpcScheduler, ipcBackoff: false.
2024-02-26 09:18:24,113 [main] INFO  ipc.Server (Server.java:<init>(1287)) - Listener at 0.0.0.0:15091
2024-02-26 09:18:24,113 [Socket Reader #1 for port 15091] INFO  ipc.Server (Server.java:run(1323)) - Starting Socket Reader #1 for port 15091
2024-02-26 09:18:24,115 [main] INFO  ozone.HddsDatanodeService (HddsDatanodeService.java:start(327)) - Datanode start with admins: [runner]
2024-02-26 09:18:24,115 [main] INFO  ozone.HddsDatanodeClientProtocolServer (HddsDatanodeClientProtocolServer.java:start(77)) - RPC server for Client /0.0.0.0:15091
2024-02-26 09:18:24,115 [IPC Server Responder] INFO  ipc.Server (Server.java:run(1562)) - IPC Server Responder: starting
2024-02-26 09:18:24,115 [IPC Server listener on 15091] INFO  ipc.Server (Server.java:run(1402)) - IPC Server listener on 15091: starting
2024-02-26 09:18:24,120 [4e76a5f4-598e-407f-bd79-992a553d1db1-DatanodeStateMachineDaemonThread] INFO  statemachine.DatanodeStateMachine (DatanodeStateMachine.java:lambda$startDaemon$1(555)) - Ozone container server started.
2024-02-26 09:18:24,120 [main] WARN  dropwizard3.Dm3MetricRegistriesImpl (Dm3MetricRegistriesImpl.java:addReporterRegistration(113)) - New reporters are added after registries were created. Some metrics will be missing from the reporter. Please add reporter before adding any new registry.
2024-02-26 09:18:24,120 [main] WARN  dropwizard3.Dm3MetricRegistriesImpl (Dm3MetricRegistriesImpl.java:addReporterRegistration(113)) - New reporters are added after registries were created. Some metrics will be missing from the reporter. Please add reporter before adding any new registry.
2024-02-26 09:18:24,121 [main] INFO  impl.MetricsSystemImpl (MetricsSystemImpl.java:init(158)) - HddsDatanode metrics system started (again)
2024-02-26 09:18:24,125 [4e76a5f4-598e-407f-bd79-992a553d1db1-DatanodeStateMachineTaskThread-0] INFO  datanode.InitDatanodeState (InitDatanodeState.java:persistContainerDatanodeDetails(139)) - DatanodeDetails is persisted to /home/runner/work/ozone/ozone/hadoop-ozone/integration-test/target/test-dir/MiniOzoneClusterImpl-0d79f430-b8c0-477e-97b7-98e50d733022/ozone-meta/datanode-10/meta/datanode.id
2024-02-26 09:18:24,133 [main] INFO  ozone.HddsDatanodeService (HddsDatanodeService.java:start(240)) - HddsDatanodeService host:fv-az1109-796.pxagtw4bd2yejgkn5xrroktb3f.dx.internal.cloudapp.net ip:10.1.0.30
2024-02-26 09:18:24,148 [main] INFO  upgrade.AbstractLayoutVersionManager (AbstractLayoutVersionManager.java:init(83)) - Initializing Layout version manager with metadata layout = HADOOP_PRC_PORTS_IN_DATANODEDETAILS (version = 7), software layout = HADOOP_PRC_PORTS_IN_DATANODEDETAILS (version = 7)
2024-02-26 09:18:24,149 [main] INFO  statemachine.DatanodeStateMachine (DatanodeStateMachine.java:getEndPointTaskThreadPoolSize(299)) - Datanode State Machine Task Thread Pool size 2
2024-02-26 09:18:24,150 [main] INFO  volume.HddsVolume (HddsVolume.java:<init>(125)) - Creating HddsVolume: /home/runner/work/ozone/ozone/hadoop-ozone/integration-test/target/test-dir/MiniOzoneClusterImpl-0d79f430-b8c0-477e-97b7-98e50d733022/ozone-meta/datanode-11/data-0/hdds of storage type : DISK capacity : 9223372036854775807
2024-02-26 09:18:24,150 [main] INFO  volume.MutableVolumeSet (MutableVolumeSet.java:initializeVolumeSet(173)) - Added Volume : /home/runner/work/ozone/ozone/hadoop-ozone/integration-test/target/test-dir/MiniOzoneClusterImpl-0d79f430-b8c0-477e-97b7-98e50d733022/ozone-meta/datanode-11/data-0/hdds to VolumeSet
2024-02-26 09:18:24,151 [main] INFO  volume.MutableVolumeSet (MutableVolumeSet.java:initializeVolumeSet(173)) - Added Volume : /home/runner/work/ozone/ozone/hadoop-ozone/integration-test/target/test-dir/MiniOzoneClusterImpl-0d79f430-b8c0-477e-97b7-98e50d733022/ozone-meta/datanode-11/ratis to VolumeSet
2024-02-26 09:18:24,152 [main] INFO  ozoneimpl.OzoneContainer (HddsVolumeUtil.java:loadAllHddsVolumeDbStore(103)) - Load 1 volumes DbStore cost: 0ms
2024-02-26 09:18:24,154 [main] INFO  server.RaftServer (ConfUtils.java:logGet(46)) - raft.rpc.type = GRPC (default)
2024-02-26 09:18:24,154 [main] INFO  grpc.GrpcConfigKeys (ConfUtils.java:logFallback(53)) - raft.grpc.admin.host = null (fallback to raft.grpc.server.host)
2024-02-26 09:18:24,154 [main] INFO  grpc.GrpcConfigKeys (ConfUtils.java:logGet(46)) - raft.grpc.admin.port = 15103 (custom)
2024-02-26 09:18:24,154 [main] INFO  grpc.GrpcConfigKeys (ConfUtils.java:logFallback(53)) - raft.grpc.client.host = null (fallback to raft.grpc.server.host)
2024-02-26 09:18:24,155 [main] INFO  grpc.GrpcConfigKeys (ConfUtils.java:logGet(46)) - raft.grpc.client.port = 15102 (custom)
2024-02-26 09:18:24,155 [main] INFO  grpc.GrpcConfigKeys (ConfUtils.java:logGet(46)) - raft.grpc.server.host = null (default)
2024-02-26 09:18:24,155 [main] INFO  grpc.GrpcConfigKeys (ConfUtils.java:logGet(46)) - raft.grpc.server.port = 15104 (custom)
2024-02-26 09:18:24,155 [main] INFO  server.GrpcService (ConfUtils.java:logGet(46)) - raft.grpc.message.size.max = 32MB (=33554432) (custom)
2024-02-26 09:18:24,155 [main] INFO  server.RaftServerConfigKeys (ConfUtils.java:logGet(46)) - raft.server.log.appender.buffer.byte-limit = 8388608 (custom)
2024-02-26 09:18:24,155 [main] INFO  server.GrpcService (ConfUtils.java:logGet(46)) - raft.grpc.flow.control.window = 5MB (=5242880) (custom)
2024-02-26 09:18:24,156 [main] INFO  server.RaftServerConfigKeys (ConfUtils.java:logGet(46)) - raft.server.rpc.request.timeout = 60s (custom)
2024-02-26 09:18:24,156 [main] INFO  grpc.GrpcConfigKeys (ConfUtils.java:logGet(46)) - raft.grpc.server.heartbeat.channel = true (default)
2024-02-26 09:18:24,156 [main] INFO  grpc.GrpcConfigKeys (ConfUtils.java:logGet(46)) - raft.grpc.server.async.request.thread.pool.cached = true (default)
2024-02-26 09:18:24,156 [main] INFO  grpc.GrpcConfigKeys (ConfUtils.java:logGet(46)) - raft.grpc.server.async.request.thread.pool.size = 32 (default)
2024-02-26 09:18:24,158 [main] INFO  impl.DataStreamServerImpl (ConfUtils.java:logGet(46)) - raft.datastream.type = NETTY (custom)
2024-02-26 09:18:24,159 [main] INFO  server.RaftServerConfigKeys (ConfUtils.java:logGet(46)) - raft.server.data-stream.async.request.thread.pool.cached = false (default)
2024-02-26 09:18:24,159 [main] INFO  server.RaftServerConfigKeys (ConfUtils.java:logGet(46)) - raft.server.data-stream.async.request.thread.pool.size = 20 (custom)
2024-02-26 09:18:24,159 [main] INFO  server.RaftServerConfigKeys (ConfUtils.java:logGet(46)) - raft.server.data-stream.async.write.thread.pool.size = 16 (default)
2024-02-26 09:18:24,160 [main] INFO  netty.NettyConfigKeys$DataStream (ConfUtils.java:logGet(46)) - raft.netty.dataStream.server.channel.inactive.grace-period = 10min (default)
2024-02-26 09:18:24,160 [main] INFO  server.RaftServerConfigKeys (ConfUtils.java:logGet(46)) - raft.server.data-stream.client.pool.size = 10 (default)
2024-02-26 09:18:24,160 [main] INFO  netty.NettyConfigKeys$DataStream (ConfUtils.java:logGet(46)) - raft.netty.dataStream.server.use-epoll = true (default)
2024-02-26 09:18:24,160 [main] INFO  netty.NettyConfigKeys$DataStream (ConfUtils.java:logGet(46)) - raft.netty.dataStream.server.boss-group.size = 0 (default)
2024-02-26 09:18:24,160 [main] INFO  netty.NettyUtils (NettyUtils.java:newEventLoopGroup(69)) - Create EpollEventLoopGroup for 90984f07-37f5-40e1-bf66-3a8ca2321052-NettyServerStreamRpc-bossGroup; Thread size is 0.
2024-02-26 09:18:24,161 [main] INFO  netty.NettyConfigKeys$DataStream (ConfUtils.java:logGet(46)) - raft.netty.dataStream.server.worker-group.size = 0 (default)
2024-02-26 09:18:24,161 [main] INFO  netty.NettyUtils (NettyUtils.java:newEventLoopGroup(69)) - Create EpollEventLoopGroup for 90984f07-37f5-40e1-bf66-3a8ca2321052-NettyServerStreamRpc-workerGroup; Thread size is 0.
2024-02-26 09:18:24,162 [main] INFO  netty.NettyConfigKeys$DataStream (ConfUtils.java:logGet(46)) - raft.netty.dataStream.server.tls.conf = null (default)
2024-02-26 09:18:24,162 [main] INFO  netty.NettyConfigKeys$DataStream (ConfUtils.java:logGet(46)) - raft.netty.dataStream.host = null (default)
2024-02-26 09:18:24,162 [main] INFO  netty.NettyConfigKeys$DataStream (ConfUtils.java:logGet(46)) - raft.netty.dataStream.port = 15105 (custom)
2024-02-26 09:18:24,163 [main] INFO  server.RaftServerConfigKeys (ConfUtils.java:logGet(46)) - raft.server.sleep.deviation.threshold = 300ms (default)
2024-02-26 09:18:24,165 [90984f07-37f5-40e1-bf66-3a8ca2321052-NettyServerStreamRpc-bossGroup--thread1] INFO  logging.LoggingHandler (AbstractInternalLogger.java:log(148)) - [id: 0xbcc4d988] REGISTERED
2024-02-26 09:18:24,165 [main] INFO  server.RaftServerConfigKeys (ConfUtils.java:logGet(46)) - raft.server.close.threshold = 60s (default)
2024-02-26 09:18:24,165 [90984f07-37f5-40e1-bf66-3a8ca2321052-NettyServerStreamRpc-bossGroup--thread1] INFO  logging.LoggingHandler (AbstractInternalLogger.java:log(148)) - [id: 0xbcc4d988] BIND: 0.0.0.0/0.0.0.0:15105
2024-02-26 09:18:24,165 [main] INFO  server.RaftServerConfigKeys (ConfUtils.java:logGet(46)) - raft.server.leaderelection.leader.step-down.wait-time = 10s (default)
2024-02-26 09:18:24,165 [90984f07-37f5-40e1-bf66-3a8ca2321052-NettyServerStreamRpc-bossGroup--thread1] INFO  logging.LoggingHandler (AbstractInternalLogger.java:log(148)) - [id: 0xbcc4d988, L:/0.0.0.0:15105] ACTIVE
2024-02-26 09:18:24,165 [main] INFO  server.RaftServerConfigKeys (ConfUtils.java:logGet(46)) - raft.server.storage.dir = [/home/runner/work/ozone/ozone/hadoop-ozone/integration-test/target/test-dir/MiniOzoneClusterImpl-0d79f430-b8c0-477e-97b7-98e50d733022/ozone-meta/datanode-11/ratis] (custom)
2024-02-26 09:18:24,166 [main] INFO  server.RaftServerConfigKeys (ConfUtils.java:logGet(46)) - raft.server.threadpool.proxy.cached = true (default)
2024-02-26 09:18:24,166 [main] INFO  server.RaftServerConfigKeys (ConfUtils.java:logGet(46)) - raft.server.threadpool.proxy.size = 0 (default)
2024-02-26 09:18:24,166 [90984f07-37f5-40e1-bf66-3a8ca2321052-impl-thread1] INFO  server.RaftServer (RaftServerProxy.java:initGroupDir(264)) - 90984f07-37f5-40e1-bf66-3a8ca2321052: found a subdirectory /home/runner/work/ozone/ozone/hadoop-ozone/integration-test/target/test-dir/MiniOzoneClusterImpl-0d79f430-b8c0-477e-97b7-98e50d733022/ozone-meta/datanode-11/ratis/tmp
2024-02-26 09:18:24,166 [90984f07-37f5-40e1-bf66-3a8ca2321052-impl-thread1] INFO  server.RaftServer (RaftServerProxy.java:initGroupDir(269)) - 90984f07-37f5-40e1-bf66-3a8ca2321052: The directory /home/runner/work/ozone/ozone/hadoop-ozone/integration-test/target/test-dir/MiniOzoneClusterImpl-0d79f430-b8c0-477e-97b7-98e50d733022/ozone-meta/datanode-11/ratis/tmp is not a group directory; ignoring it. 
2024-02-26 09:18:24,167 [main] INFO  replication.ReplicationServer (ReplicationServer.java:<init>(86)) - Initializing replication server with thread count = 10 queue length = 4096
2024-02-26 09:18:24,167 [main] INFO  server.XceiverServerGrpc (XceiverServerGrpc.java:<init>(141)) - GrpcServer channel type EpollServerSocketChannel
2024-02-26 09:18:24,169 [main] INFO  replication.ReplicationSupervisor (ReplicationSupervisor.java:build(163)) - Initializing replication supervisor with thread count = 10
2024-02-26 09:18:24,169 [main] INFO  replication.ReplicationSupervisor (ReplicationSupervisor.java:nodeStateUpdated(317)) - Node state updated to IN_SERVICE, scaling executor pool size to 10
2024-02-26 09:18:24,172 [main] INFO  http.BaseHttpServer (BaseHttpServer.java:newHttpServer2BuilderForOzone(223)) - Starting Web-server for hddsDatanode at: http://0.0.0.0:15099
2024-02-26 09:18:24,172 [main] INFO  http.BaseHttpServer (BaseHttpServer.java:<init>(110)) - Hadoop Security Enabled: false Ozone Security Enabled: false Ozone HTTP Security Enabled: false 
2024-02-26 09:18:24,174 [main] WARN  server.AuthenticationFilter (AuthenticationFilter.java:constructSecretProvider(240)) - Unable to initialize FileSignerSecretProvider, falling back to use random secrets. Reason: Could not read signature secret file: /home/runner/hadoop-http-auth-signature-secret
2024-02-26 09:18:24,174 [main] INFO  http.HttpRequestLog (HttpRequestLog.java:getRequestLog(86)) - Http request log for http.requests.hddsDatanode is not defined
2024-02-26 09:18:24,175 [main] INFO  http.HttpServer2 (HttpServer2.java:addGlobalFilter(1036)) - Added global filter 'safety' (class=org.apache.hadoop.hdds.server.http.HttpServer2$QuotingInputFilter)
2024-02-26 09:18:24,176 [main] INFO  http.HttpServer2 (HttpServer2.java:addFilter(1012)) - Added filter static_user_filter (class=org.apache.hadoop.http.lib.StaticUserWebFilter$StaticUserFilter) to context hddsDatanode
2024-02-26 09:18:24,176 [main] INFO  http.HttpServer2 (HttpServer2.java:addFilter(1020)) - Added filter static_user_filter (class=org.apache.hadoop.http.lib.StaticUserWebFilter$StaticUserFilter) to context static
2024-02-26 09:18:24,176 [main] INFO  http.HttpServer2 (HttpServer2.java:addFilter(1020)) - Added filter static_user_filter (class=org.apache.hadoop.http.lib.StaticUserWebFilter$StaticUserFilter) to context logs
2024-02-26 09:18:24,177 [main] INFO  http.BaseHttpServer (BaseHttpServer.java:<init>(189)) - HTTP server of hddsDatanode uses base directory /home/runner/work/ozone/ozone/hadoop-ozone/integration-test/target/test-dir/MiniOzoneClusterImpl-0d79f430-b8c0-477e-97b7-98e50d733022/ozone-meta/datanode-11/meta/webserver
2024-02-26 09:18:24,177 [main] INFO  http.HttpServer2 (HttpServer2.java:bindListener(1236)) - Jetty bound to port 15099
2024-02-26 09:18:24,177 [main] INFO  server.Server (Server.java:doStart(375)) - jetty-9.4.53.v20231009; built: 2023-10-09T12:29:09.265Z; git: 27bde00a0b95a1d5bbee0eae7984f891d2d0f8c9; jvm 1.8.0_402-b06
2024-02-26 09:18:24,178 [main] INFO  server.session (DefaultSessionIdManager.java:doStart(334)) - DefaultSessionIdManager workerName=node0
2024-02-26 09:18:24,178 [main] INFO  server.session (DefaultSessionIdManager.java:doStart(339)) - No SessionScavenger set, using defaults
2024-02-26 09:18:24,179 [main] INFO  server.session (HouseKeeper.java:startScavenging(132)) - node0 Scavenging every 600000ms
2024-02-26 09:18:24,179 [main] INFO  handler.ContextHandler (ContextHandler.java:doStart(921)) - Started o.e.j.s.ServletContextHandler@2d5b8592{logs,/logs,file:///home/runner/work/ozone/ozone/hadoop-ozone/integration-test/target/log,AVAILABLE}
2024-02-26 09:18:24,180 [main] INFO  handler.ContextHandler (ContextHandler.java:doStart(921)) - Started o.e.j.s.ServletContextHandler@38c55d27{static,/static,jar:file:/home/runner/.m2/repository/org/apache/ozone/hdds-container-service/1.5.0-SNAPSHOT/hdds-container-service-1.5.0-SNAPSHOT.jar!/webapps/static,AVAILABLE}
2024-02-26 09:18:24,213 [main] INFO  handler.ContextHandler (ContextHandler.java:doStart(921)) - Started o.e.j.w.WebAppContext@5a367832{hddsDatanode,/,file:///home/runner/work/ozone/ozone/hadoop-ozone/integration-test/target/test-dir/MiniOzoneClusterImpl-0d79f430-b8c0-477e-97b7-98e50d733022/ozone-meta/datanode-11/meta/webserver/jetty-0_0_0_0-15099-hdds-container-service-1_5_0-SNAPSHOT_jar-_-any-3239002270298661028/webapp/,AVAILABLE}{jar:file:/home/runner/.m2/repository/org/apache/ozone/hdds-container-service/1.5.0-SNAPSHOT/hdds-container-service-1.5.0-SNAPSHOT.jar!/webapps/hddsDatanode}
2024-02-26 09:18:24,215 [main] INFO  server.AbstractConnector (AbstractConnector.java:doStart(333)) - Started ServerConnector@364e3a12{HTTP/1.1, (http/1.1)}{0.0.0.0:15099}
2024-02-26 09:18:24,215 [main] INFO  server.Server (Server.java:doStart(415)) - Started @8847ms
2024-02-26 09:18:24,215 [main] WARN  impl.MetricsSystemImpl (MetricsSystemImpl.java:register(279)) - Sink prometheus already exists!
2024-02-26 09:18:24,215 [main] INFO  http.BaseHttpServer (BaseHttpServer.java:updateConnectorAddress(354)) - HTTP server of hddsDatanode listening at http://0.0.0.0:15099
2024-02-26 09:18:24,216 [main] INFO  ipc.CallQueueManager (CallQueueManager.java:<init>(90)) - Using callQueue: class java.util.concurrent.LinkedBlockingQueue, queueCapacity: 100, scheduler: class org.apache.hadoop.ipc.DefaultRpcScheduler, ipcBackoff: false.
2024-02-26 09:18:24,216 [main] INFO  ipc.Server (Server.java:<init>(1287)) - Listener at 0.0.0.0:15100
2024-02-26 09:18:24,216 [Socket Reader #1 for port 15100] INFO  ipc.Server (Server.java:run(1323)) - Starting Socket Reader #1 for port 15100
2024-02-26 09:18:24,218 [main] INFO  ozone.HddsDatanodeService (HddsDatanodeService.java:start(327)) - Datanode start with admins: [runner]
2024-02-26 09:18:24,218 [main] INFO  ozone.HddsDatanodeClientProtocolServer (HddsDatanodeClientProtocolServer.java:start(77)) - RPC server for Client /0.0.0.0:15100
2024-02-26 09:18:24,219 [IPC Server Responder] INFO  ipc.Server (Server.java:run(1562)) - IPC Server Responder: starting
2024-02-26 09:18:24,219 [IPC Server listener on 15100] INFO  ipc.Server (Server.java:run(1402)) - IPC Server listener on 15100: starting
2024-02-26 09:18:24,220 [90984f07-37f5-40e1-bf66-3a8ca2321052-DatanodeStateMachineDaemonThread] INFO  statemachine.DatanodeStateMachine (DatanodeStateMachine.java:lambda$startDaemon$1(555)) - Ozone container server started.
2024-02-26 09:18:24,221 [main] WARN  dropwizard3.Dm3MetricRegistriesImpl (Dm3MetricRegistriesImpl.java:addReporterRegistration(113)) - New reporters are added after registries were created. Some metrics will be missing from the reporter. Please add reporter before adding any new registry.
2024-02-26 09:18:24,221 [main] WARN  dropwizard3.Dm3MetricRegistriesImpl (Dm3MetricRegistriesImpl.java:addReporterRegistration(113)) - New reporters are added after registries were created. Some metrics will be missing from the reporter. Please add reporter before adding any new registry.
2024-02-26 09:18:24,221 [main] INFO  impl.MetricsSystemImpl (MetricsSystemImpl.java:init(158)) - HddsDatanode metrics system started (again)
2024-02-26 09:18:24,224 [90984f07-37f5-40e1-bf66-3a8ca2321052-DatanodeStateMachineTaskThread-0] INFO  datanode.InitDatanodeState (InitDatanodeState.java:persistContainerDatanodeDetails(139)) - DatanodeDetails is persisted to /home/runner/work/ozone/ozone/hadoop-ozone/integration-test/target/test-dir/MiniOzoneClusterImpl-0d79f430-b8c0-477e-97b7-98e50d733022/ozone-meta/datanode-11/meta/datanode.id
2024-02-26 09:18:24,231 [main] INFO  ozone.HddsDatanodeService (HddsDatanodeService.java:start(240)) - HddsDatanodeService host:fv-az1109-796.pxagtw4bd2yejgkn5xrroktb3f.dx.internal.cloudapp.net ip:10.1.0.30
2024-02-26 09:18:24,249 [main] INFO  upgrade.AbstractLayoutVersionManager (AbstractLayoutVersionManager.java:init(83)) - Initializing Layout version manager with metadata layout = HADOOP_PRC_PORTS_IN_DATANODEDETAILS (version = 7), software layout = HADOOP_PRC_PORTS_IN_DATANODEDETAILS (version = 7)
2024-02-26 09:18:24,249 [main] INFO  statemachine.DatanodeStateMachine (DatanodeStateMachine.java:getEndPointTaskThreadPoolSize(299)) - Datanode State Machine Task Thread Pool size 2
2024-02-26 09:18:24,251 [main] INFO  volume.HddsVolume (HddsVolume.java:<init>(125)) - Creating HddsVolume: /home/runner/work/ozone/ozone/hadoop-ozone/integration-test/target/test-dir/MiniOzoneClusterImpl-0d79f430-b8c0-477e-97b7-98e50d733022/ozone-meta/datanode-12/data-0/hdds of storage type : DISK capacity : 9223372036854775807
2024-02-26 09:18:24,251 [main] INFO  volume.MutableVolumeSet (MutableVolumeSet.java:initializeVolumeSet(173)) - Added Volume : /home/runner/work/ozone/ozone/hadoop-ozone/integration-test/target/test-dir/MiniOzoneClusterImpl-0d79f430-b8c0-477e-97b7-98e50d733022/ozone-meta/datanode-12/data-0/hdds to VolumeSet
2024-02-26 09:18:24,252 [main] INFO  volume.MutableVolumeSet (MutableVolumeSet.java:initializeVolumeSet(173)) - Added Volume : /home/runner/work/ozone/ozone/hadoop-ozone/integration-test/target/test-dir/MiniOzoneClusterImpl-0d79f430-b8c0-477e-97b7-98e50d733022/ozone-meta/datanode-12/ratis to VolumeSet
2024-02-26 09:18:24,252 [main] INFO  ozoneimpl.OzoneContainer (HddsVolumeUtil.java:loadAllHddsVolumeDbStore(103)) - Load 1 volumes DbStore cost: 0ms
2024-02-26 09:18:24,254 [main] INFO  server.RaftServer (ConfUtils.java:logGet(46)) - raft.rpc.type = GRPC (default)
2024-02-26 09:18:24,254 [main] INFO  grpc.GrpcConfigKeys (ConfUtils.java:logFallback(53)) - raft.grpc.admin.host = null (fallback to raft.grpc.server.host)
2024-02-26 09:18:24,255 [main] INFO  grpc.GrpcConfigKeys (ConfUtils.java:logGet(46)) - raft.grpc.admin.port = 15112 (custom)
2024-02-26 09:18:24,255 [main] INFO  grpc.GrpcConfigKeys (ConfUtils.java:logFallback(53)) - raft.grpc.client.host = null (fallback to raft.grpc.server.host)
2024-02-26 09:18:24,255 [main] INFO  grpc.GrpcConfigKeys (ConfUtils.java:logGet(46)) - raft.grpc.client.port = 15111 (custom)
2024-02-26 09:18:24,255 [main] INFO  grpc.GrpcConfigKeys (ConfUtils.java:logGet(46)) - raft.grpc.server.host = null (default)
2024-02-26 09:18:24,255 [main] INFO  grpc.GrpcConfigKeys (ConfUtils.java:logGet(46)) - raft.grpc.server.port = 15113 (custom)
2024-02-26 09:18:24,255 [main] INFO  server.GrpcService (ConfUtils.java:logGet(46)) - raft.grpc.message.size.max = 32MB (=33554432) (custom)
2024-02-26 09:18:24,255 [main] INFO  server.RaftServerConfigKeys (ConfUtils.java:logGet(46)) - raft.server.log.appender.buffer.byte-limit = 8388608 (custom)
2024-02-26 09:18:24,256 [main] INFO  server.GrpcService (ConfUtils.java:logGet(46)) - raft.grpc.flow.control.window = 5MB (=5242880) (custom)
2024-02-26 09:18:24,256 [main] INFO  server.RaftServerConfigKeys (ConfUtils.java:logGet(46)) - raft.server.rpc.request.timeout = 60s (custom)
2024-02-26 09:18:24,256 [main] INFO  grpc.GrpcConfigKeys (ConfUtils.java:logGet(46)) - raft.grpc.server.heartbeat.channel = true (default)
2024-02-26 09:18:24,256 [main] INFO  grpc.GrpcConfigKeys (ConfUtils.java:logGet(46)) - raft.grpc.server.async.request.thread.pool.cached = true (default)
2024-02-26 09:18:24,256 [main] INFO  grpc.GrpcConfigKeys (ConfUtils.java:logGet(46)) - raft.grpc.server.async.request.thread.pool.size = 32 (default)
2024-02-26 09:18:24,258 [main] INFO  impl.DataStreamServerImpl (ConfUtils.java:logGet(46)) - raft.datastream.type = NETTY (custom)
2024-02-26 09:18:24,258 [main] INFO  server.RaftServerConfigKeys (ConfUtils.java:logGet(46)) - raft.server.data-stream.async.request.thread.pool.cached = false (default)
2024-02-26 09:18:24,259 [main] INFO  server.RaftServerConfigKeys (ConfUtils.java:logGet(46)) - raft.server.data-stream.async.request.thread.pool.size = 20 (custom)
2024-02-26 09:18:24,259 [main] INFO  server.RaftServerConfigKeys (ConfUtils.java:logGet(46)) - raft.server.data-stream.async.write.thread.pool.size = 16 (default)
2024-02-26 09:18:24,259 [main] INFO  netty.NettyConfigKeys$DataStream (ConfUtils.java:logGet(46)) - raft.netty.dataStream.server.channel.inactive.grace-period = 10min (default)
2024-02-26 09:18:24,259 [main] INFO  server.RaftServerConfigKeys (ConfUtils.java:logGet(46)) - raft.server.data-stream.client.pool.size = 10 (default)
2024-02-26 09:18:24,259 [main] INFO  netty.NettyConfigKeys$DataStream (ConfUtils.java:logGet(46)) - raft.netty.dataStream.server.use-epoll = true (default)
2024-02-26 09:18:24,259 [main] INFO  netty.NettyConfigKeys$DataStream (ConfUtils.java:logGet(46)) - raft.netty.dataStream.server.boss-group.size = 0 (default)
2024-02-26 09:18:24,260 [main] INFO  netty.NettyUtils (NettyUtils.java:newEventLoopGroup(69)) - Create EpollEventLoopGroup for f4d7646f-0fb1-4da2-a8dc-21597b443f6f-NettyServerStreamRpc-bossGroup; Thread size is 0.
2024-02-26 09:18:24,260 [main] INFO  netty.NettyConfigKeys$DataStream (ConfUtils.java:logGet(46)) - raft.netty.dataStream.server.worker-group.size = 0 (default)
2024-02-26 09:18:24,260 [main] INFO  netty.NettyUtils (NettyUtils.java:newEventLoopGroup(69)) - Create EpollEventLoopGroup for f4d7646f-0fb1-4da2-a8dc-21597b443f6f-NettyServerStreamRpc-workerGroup; Thread size is 0.
2024-02-26 09:18:24,261 [main] INFO  netty.NettyConfigKeys$DataStream (ConfUtils.java:logGet(46)) - raft.netty.dataStream.server.tls.conf = null (default)
2024-02-26 09:18:24,261 [main] INFO  netty.NettyConfigKeys$DataStream (ConfUtils.java:logGet(46)) - raft.netty.dataStream.host = null (default)
2024-02-26 09:18:24,261 [main] INFO  netty.NettyConfigKeys$DataStream (ConfUtils.java:logGet(46)) - raft.netty.dataStream.port = 15114 (custom)
2024-02-26 09:18:24,261 [main] INFO  server.RaftServerConfigKeys (ConfUtils.java:logGet(46)) - raft.server.sleep.deviation.threshold = 300ms (default)
2024-02-26 09:18:24,263 [f4d7646f-0fb1-4da2-a8dc-21597b443f6f-NettyServerStreamRpc-bossGroup--thread1] INFO  logging.LoggingHandler (AbstractInternalLogger.java:log(148)) - [id: 0x13266bbd] REGISTERED
2024-02-26 09:18:24,263 [main] INFO  server.RaftServerConfigKeys (ConfUtils.java:logGet(46)) - raft.server.close.threshold = 60s (default)
2024-02-26 09:18:24,263 [main] INFO  server.RaftServerConfigKeys (ConfUtils.java:logGet(46)) - raft.server.leaderelection.leader.step-down.wait-time = 10s (default)
2024-02-26 09:18:24,263 [f4d7646f-0fb1-4da2-a8dc-21597b443f6f-NettyServerStreamRpc-bossGroup--thread1] INFO  logging.LoggingHandler (AbstractInternalLogger.java:log(148)) - [id: 0x13266bbd] BIND: 0.0.0.0/0.0.0.0:15114
2024-02-26 09:18:24,263 [main] INFO  server.RaftServerConfigKeys (ConfUtils.java:logGet(46)) - raft.server.storage.dir = [/home/runner/work/ozone/ozone/hadoop-ozone/integration-test/target/test-dir/MiniOzoneClusterImpl-0d79f430-b8c0-477e-97b7-98e50d733022/ozone-meta/datanode-12/ratis] (custom)
2024-02-26 09:18:24,263 [main] INFO  server.RaftServerConfigKeys (ConfUtils.java:logGet(46)) - raft.server.threadpool.proxy.cached = true (default)
2024-02-26 09:18:24,264 [main] INFO  server.RaftServerConfigKeys (ConfUtils.java:logGet(46)) - raft.server.threadpool.proxy.size = 0 (default)
2024-02-26 09:18:24,263 [f4d7646f-0fb1-4da2-a8dc-21597b443f6f-NettyServerStreamRpc-bossGroup--thread1] INFO  logging.LoggingHandler (AbstractInternalLogger.java:log(148)) - [id: 0x13266bbd, L:/0.0.0.0:15114] ACTIVE
2024-02-26 09:18:24,264 [f4d7646f-0fb1-4da2-a8dc-21597b443f6f-impl-thread1] INFO  server.RaftServer (RaftServerProxy.java:initGroupDir(264)) - f4d7646f-0fb1-4da2-a8dc-21597b443f6f: found a subdirectory /home/runner/work/ozone/ozone/hadoop-ozone/integration-test/target/test-dir/MiniOzoneClusterImpl-0d79f430-b8c0-477e-97b7-98e50d733022/ozone-meta/datanode-12/ratis/tmp
2024-02-26 09:18:24,264 [f4d7646f-0fb1-4da2-a8dc-21597b443f6f-impl-thread1] INFO  server.RaftServer (RaftServerProxy.java:initGroupDir(269)) - f4d7646f-0fb1-4da2-a8dc-21597b443f6f: The directory /home/runner/work/ozone/ozone/hadoop-ozone/integration-test/target/test-dir/MiniOzoneClusterImpl-0d79f430-b8c0-477e-97b7-98e50d733022/ozone-meta/datanode-12/ratis/tmp is not a group directory; ignoring it. 
2024-02-26 09:18:24,265 [main] INFO  replication.ReplicationServer (ReplicationServer.java:<init>(86)) - Initializing replication server with thread count = 10 queue length = 4096
2024-02-26 09:18:24,266 [main] INFO  server.XceiverServerGrpc (XceiverServerGrpc.java:<init>(141)) - GrpcServer channel type EpollServerSocketChannel
2024-02-26 09:18:24,267 [main] INFO  replication.ReplicationSupervisor (ReplicationSupervisor.java:build(163)) - Initializing replication supervisor with thread count = 10
2024-02-26 09:18:24,267 [main] INFO  replication.ReplicationSupervisor (ReplicationSupervisor.java:nodeStateUpdated(317)) - Node state updated to IN_SERVICE, scaling executor pool size to 10
2024-02-26 09:18:24,269 [main] INFO  http.BaseHttpServer (BaseHttpServer.java:newHttpServer2BuilderForOzone(223)) - Starting Web-server for hddsDatanode at: http://0.0.0.0:15108
2024-02-26 09:18:24,269 [main] INFO  http.BaseHttpServer (BaseHttpServer.java:<init>(110)) - Hadoop Security Enabled: false Ozone Security Enabled: false Ozone HTTP Security Enabled: false 
2024-02-26 09:18:24,270 [main] WARN  server.AuthenticationFilter (AuthenticationFilter.java:constructSecretProvider(240)) - Unable to initialize FileSignerSecretProvider, falling back to use random secrets. Reason: Could not read signature secret file: /home/runner/hadoop-http-auth-signature-secret
2024-02-26 09:18:24,272 [main] INFO  http.HttpRequestLog (HttpRequestLog.java:getRequestLog(86)) - Http request log for http.requests.hddsDatanode is not defined
2024-02-26 09:18:24,273 [main] INFO  http.HttpServer2 (HttpServer2.java:addGlobalFilter(1036)) - Added global filter 'safety' (class=org.apache.hadoop.hdds.server.http.HttpServer2$QuotingInputFilter)
2024-02-26 09:18:24,273 [main] INFO  http.HttpServer2 (HttpServer2.java:addFilter(1012)) - Added filter static_user_filter (class=org.apache.hadoop.http.lib.StaticUserWebFilter$StaticUserFilter) to context hddsDatanode
2024-02-26 09:18:24,274 [main] INFO  http.HttpServer2 (HttpServer2.java:addFilter(1020)) - Added filter static_user_filter (class=org.apache.hadoop.http.lib.StaticUserWebFilter$StaticUserFilter) to context static
2024-02-26 09:18:24,274 [main] INFO  http.HttpServer2 (HttpServer2.java:addFilter(1020)) - Added filter static_user_filter (class=org.apache.hadoop.http.lib.StaticUserWebFilter$StaticUserFilter) to context logs
2024-02-26 09:18:24,274 [main] INFO  http.BaseHttpServer (BaseHttpServer.java:<init>(189)) - HTTP server of hddsDatanode uses base directory /home/runner/work/ozone/ozone/hadoop-ozone/integration-test/target/test-dir/MiniOzoneClusterImpl-0d79f430-b8c0-477e-97b7-98e50d733022/ozone-meta/datanode-12/meta/webserver
2024-02-26 09:18:24,275 [main] INFO  http.HttpServer2 (HttpServer2.java:bindListener(1236)) - Jetty bound to port 15108
2024-02-26 09:18:24,275 [main] INFO  server.Server (Server.java:doStart(375)) - jetty-9.4.53.v20231009; built: 2023-10-09T12:29:09.265Z; git: 27bde00a0b95a1d5bbee0eae7984f891d2d0f8c9; jvm 1.8.0_402-b06
2024-02-26 09:18:24,276 [main] INFO  server.session (DefaultSessionIdManager.java:doStart(334)) - DefaultSessionIdManager workerName=node0
2024-02-26 09:18:24,276 [main] INFO  server.session (DefaultSessionIdManager.java:doStart(339)) - No SessionScavenger set, using defaults
2024-02-26 09:18:24,276 [main] INFO  server.session (HouseKeeper.java:startScavenging(132)) - node0 Scavenging every 660000ms
2024-02-26 09:18:24,277 [main] INFO  handler.ContextHandler (ContextHandler.java:doStart(921)) - Started o.e.j.s.ServletContextHandler@7cd542b2{logs,/logs,file:///home/runner/work/ozone/ozone/hadoop-ozone/integration-test/target/log,AVAILABLE}
2024-02-26 09:18:24,277 [main] INFO  handler.ContextHandler (ContextHandler.java:doStart(921)) - Started o.e.j.s.ServletContextHandler@409574a1{static,/static,jar:file:/home/runner/.m2/repository/org/apache/ozone/hdds-container-service/1.5.0-SNAPSHOT/hdds-container-service-1.5.0-SNAPSHOT.jar!/webapps/static,AVAILABLE}
2024-02-26 09:18:24,311 [main] INFO  handler.ContextHandler (ContextHandler.java:doStart(921)) - Started o.e.j.w.WebAppContext@748723c2{hddsDatanode,/,file:///home/runner/work/ozone/ozone/hadoop-ozone/integration-test/target/test-dir/MiniOzoneClusterImpl-0d79f430-b8c0-477e-97b7-98e50d733022/ozone-meta/datanode-12/meta/webserver/jetty-0_0_0_0-15108-hdds-container-service-1_5_0-SNAPSHOT_jar-_-any-5580851035818624620/webapp/,AVAILABLE}{jar:file:/home/runner/.m2/repository/org/apache/ozone/hdds-container-service/1.5.0-SNAPSHOT/hdds-container-service-1.5.0-SNAPSHOT.jar!/webapps/hddsDatanode}
2024-02-26 09:18:24,312 [main] INFO  server.AbstractConnector (AbstractConnector.java:doStart(333)) - Started ServerConnector@bc1bf2b{HTTP/1.1, (http/1.1)}{0.0.0.0:15108}
2024-02-26 09:18:24,313 [main] INFO  server.Server (Server.java:doStart(415)) - Started @8944ms
2024-02-26 09:18:24,313 [main] WARN  impl.MetricsSystemImpl (MetricsSystemImpl.java:register(279)) - Sink prometheus already exists!
2024-02-26 09:18:24,313 [main] INFO  http.BaseHttpServer (BaseHttpServer.java:updateConnectorAddress(354)) - HTTP server of hddsDatanode listening at http://0.0.0.0:15108
2024-02-26 09:18:24,314 [main] INFO  ipc.CallQueueManager (CallQueueManager.java:<init>(90)) - Using callQueue: class java.util.concurrent.LinkedBlockingQueue, queueCapacity: 100, scheduler: class org.apache.hadoop.ipc.DefaultRpcScheduler, ipcBackoff: false.
2024-02-26 09:18:24,314 [main] INFO  ipc.Server (Server.java:<init>(1287)) - Listener at 0.0.0.0:15109
2024-02-26 09:18:24,315 [Socket Reader #1 for port 15109] INFO  ipc.Server (Server.java:run(1323)) - Starting Socket Reader #1 for port 15109
2024-02-26 09:18:24,322 [main] INFO  ozone.HddsDatanodeService (HddsDatanodeService.java:start(327)) - Datanode start with admins: [runner]
2024-02-26 09:18:24,322 [main] INFO  ozone.HddsDatanodeClientProtocolServer (HddsDatanodeClientProtocolServer.java:start(77)) - RPC server for Client /0.0.0.0:15109
2024-02-26 09:18:24,322 [IPC Server Responder] INFO  ipc.Server (Server.java:run(1562)) - IPC Server Responder: starting
2024-02-26 09:18:24,323 [IPC Server listener on 15109] INFO  ipc.Server (Server.java:run(1402)) - IPC Server listener on 15109: starting
2024-02-26 09:18:24,323 [f4d7646f-0fb1-4da2-a8dc-21597b443f6f-DatanodeStateMachineDaemonThread] INFO  statemachine.DatanodeStateMachine (DatanodeStateMachine.java:lambda$startDaemon$1(555)) - Ozone container server started.
2024-02-26 09:18:24,323 [main] WARN  dropwizard3.Dm3MetricRegistriesImpl (Dm3MetricRegistriesImpl.java:addReporterRegistration(113)) - New reporters are added after registries were created. Some metrics will be missing from the reporter. Please add reporter before adding any new registry.
2024-02-26 09:18:24,323 [main] WARN  dropwizard3.Dm3MetricRegistriesImpl (Dm3MetricRegistriesImpl.java:addReporterRegistration(113)) - New reporters are added after registries were created. Some metrics will be missing from the reporter. Please add reporter before adding any new registry.
2024-02-26 09:18:24,323 [main] INFO  impl.MetricsSystemImpl (MetricsSystemImpl.java:init(158)) - HddsDatanode metrics system started (again)
2024-02-26 09:18:24,333 [f4d7646f-0fb1-4da2-a8dc-21597b443f6f-DatanodeStateMachineTaskThread-0] INFO  datanode.InitDatanodeState (InitDatanodeState.java:persistContainerDatanodeDetails(139)) - DatanodeDetails is persisted to /home/runner/work/ozone/ozone/hadoop-ozone/integration-test/target/test-dir/MiniOzoneClusterImpl-0d79f430-b8c0-477e-97b7-98e50d733022/ozone-meta/datanode-12/meta/datanode.id
2024-02-26 09:18:24,339 [main] INFO  ozone.HddsDatanodeService (HddsDatanodeService.java:start(240)) - HddsDatanodeService host:fv-az1109-796.pxagtw4bd2yejgkn5xrroktb3f.dx.internal.cloudapp.net ip:10.1.0.30
2024-02-26 09:18:24,355 [main] INFO  upgrade.AbstractLayoutVersionManager (AbstractLayoutVersionManager.java:init(83)) - Initializing Layout version manager with metadata layout = HADOOP_PRC_PORTS_IN_DATANODEDETAILS (version = 7), software layout = HADOOP_PRC_PORTS_IN_DATANODEDETAILS (version = 7)
2024-02-26 09:18:24,356 [main] INFO  statemachine.DatanodeStateMachine (DatanodeStateMachine.java:getEndPointTaskThreadPoolSize(299)) - Datanode State Machine Task Thread Pool size 2
2024-02-26 09:18:24,357 [main] INFO  volume.HddsVolume (HddsVolume.java:<init>(125)) - Creating HddsVolume: /home/runner/work/ozone/ozone/hadoop-ozone/integration-test/target/test-dir/MiniOzoneClusterImpl-0d79f430-b8c0-477e-97b7-98e50d733022/ozone-meta/datanode-13/data-0/hdds of storage type : DISK capacity : 9223372036854775807
2024-02-26 09:18:24,357 [main] INFO  volume.MutableVolumeSet (MutableVolumeSet.java:initializeVolumeSet(173)) - Added Volume : /home/runner/work/ozone/ozone/hadoop-ozone/integration-test/target/test-dir/MiniOzoneClusterImpl-0d79f430-b8c0-477e-97b7-98e50d733022/ozone-meta/datanode-13/data-0/hdds to VolumeSet
2024-02-26 09:18:24,358 [main] INFO  volume.MutableVolumeSet (MutableVolumeSet.java:initializeVolumeSet(173)) - Added Volume : /home/runner/work/ozone/ozone/hadoop-ozone/integration-test/target/test-dir/MiniOzoneClusterImpl-0d79f430-b8c0-477e-97b7-98e50d733022/ozone-meta/datanode-13/ratis to VolumeSet
2024-02-26 09:18:24,359 [main] INFO  ozoneimpl.OzoneContainer (HddsVolumeUtil.java:loadAllHddsVolumeDbStore(103)) - Load 1 volumes DbStore cost: 1ms
2024-02-26 09:18:24,360 [main] INFO  server.RaftServer (ConfUtils.java:logGet(46)) - raft.rpc.type = GRPC (default)
2024-02-26 09:18:24,361 [main] INFO  grpc.GrpcConfigKeys (ConfUtils.java:logFallback(53)) - raft.grpc.admin.host = null (fallback to raft.grpc.server.host)
2024-02-26 09:18:24,361 [main] INFO  grpc.GrpcConfigKeys (ConfUtils.java:logGet(46)) - raft.grpc.admin.port = 15121 (custom)
2024-02-26 09:18:24,361 [main] INFO  grpc.GrpcConfigKeys (ConfUtils.java:logFallback(53)) - raft.grpc.client.host = null (fallback to raft.grpc.server.host)
2024-02-26 09:18:24,361 [main] INFO  grpc.GrpcConfigKeys (ConfUtils.java:logGet(46)) - raft.grpc.client.port = 15120 (custom)
2024-02-26 09:18:24,361 [main] INFO  grpc.GrpcConfigKeys (ConfUtils.java:logGet(46)) - raft.grpc.server.host = null (default)
2024-02-26 09:18:24,361 [main] INFO  grpc.GrpcConfigKeys (ConfUtils.java:logGet(46)) - raft.grpc.server.port = 15122 (custom)
2024-02-26 09:18:24,362 [main] INFO  server.GrpcService (ConfUtils.java:logGet(46)) - raft.grpc.message.size.max = 32MB (=33554432) (custom)
2024-02-26 09:18:24,362 [main] INFO  server.RaftServerConfigKeys (ConfUtils.java:logGet(46)) - raft.server.log.appender.buffer.byte-limit = 8388608 (custom)
2024-02-26 09:18:24,362 [main] INFO  server.GrpcService (ConfUtils.java:logGet(46)) - raft.grpc.flow.control.window = 5MB (=5242880) (custom)
2024-02-26 09:18:24,362 [main] INFO  server.RaftServerConfigKeys (ConfUtils.java:logGet(46)) - raft.server.rpc.request.timeout = 60s (custom)
2024-02-26 09:18:24,362 [main] INFO  grpc.GrpcConfigKeys (ConfUtils.java:logGet(46)) - raft.grpc.server.heartbeat.channel = true (default)
2024-02-26 09:18:24,363 [main] INFO  grpc.GrpcConfigKeys (ConfUtils.java:logGet(46)) - raft.grpc.server.async.request.thread.pool.cached = true (default)
2024-02-26 09:18:24,363 [main] INFO  grpc.GrpcConfigKeys (ConfUtils.java:logGet(46)) - raft.grpc.server.async.request.thread.pool.size = 32 (default)
2024-02-26 09:18:24,365 [main] INFO  impl.DataStreamServerImpl (ConfUtils.java:logGet(46)) - raft.datastream.type = NETTY (custom)
2024-02-26 09:18:24,365 [main] INFO  server.RaftServerConfigKeys (ConfUtils.java:logGet(46)) - raft.server.data-stream.async.request.thread.pool.cached = false (default)
2024-02-26 09:18:24,366 [main] INFO  server.RaftServerConfigKeys (ConfUtils.java:logGet(46)) - raft.server.data-stream.async.request.thread.pool.size = 20 (custom)
2024-02-26 09:18:24,366 [main] INFO  server.RaftServerConfigKeys (ConfUtils.java:logGet(46)) - raft.server.data-stream.async.write.thread.pool.size = 16 (default)
2024-02-26 09:18:24,366 [main] INFO  netty.NettyConfigKeys$DataStream (ConfUtils.java:logGet(46)) - raft.netty.dataStream.server.channel.inactive.grace-period = 10min (default)
2024-02-26 09:18:24,366 [main] INFO  server.RaftServerConfigKeys (ConfUtils.java:logGet(46)) - raft.server.data-stream.client.pool.size = 10 (default)
2024-02-26 09:18:24,366 [main] INFO  netty.NettyConfigKeys$DataStream (ConfUtils.java:logGet(46)) - raft.netty.dataStream.server.use-epoll = true (default)
2024-02-26 09:18:24,366 [main] INFO  netty.NettyConfigKeys$DataStream (ConfUtils.java:logGet(46)) - raft.netty.dataStream.server.boss-group.size = 0 (default)
2024-02-26 09:18:24,366 [main] INFO  netty.NettyUtils (NettyUtils.java:newEventLoopGroup(69)) - Create EpollEventLoopGroup for 8b754925-a2c8-41f5-ba18-fc172404abb1-NettyServerStreamRpc-bossGroup; Thread size is 0.
2024-02-26 09:18:24,367 [main] INFO  netty.NettyConfigKeys$DataStream (ConfUtils.java:logGet(46)) - raft.netty.dataStream.server.worker-group.size = 0 (default)
2024-02-26 09:18:24,367 [main] INFO  netty.NettyUtils (NettyUtils.java:newEventLoopGroup(69)) - Create EpollEventLoopGroup for 8b754925-a2c8-41f5-ba18-fc172404abb1-NettyServerStreamRpc-workerGroup; Thread size is 0.
2024-02-26 09:18:24,368 [main] INFO  netty.NettyConfigKeys$DataStream (ConfUtils.java:logGet(46)) - raft.netty.dataStream.server.tls.conf = null (default)
2024-02-26 09:18:24,368 [main] INFO  netty.NettyConfigKeys$DataStream (ConfUtils.java:logGet(46)) - raft.netty.dataStream.host = null (default)
2024-02-26 09:18:24,368 [main] INFO  netty.NettyConfigKeys$DataStream (ConfUtils.java:logGet(46)) - raft.netty.dataStream.port = 15123 (custom)
2024-02-26 09:18:24,369 [main] INFO  server.RaftServerConfigKeys (ConfUtils.java:logGet(46)) - raft.server.sleep.deviation.threshold = 300ms (default)
2024-02-26 09:18:24,369 [main] INFO  server.RaftServerConfigKeys (ConfUtils.java:logGet(46)) - raft.server.close.threshold = 60s (default)
2024-02-26 09:18:24,370 [8b754925-a2c8-41f5-ba18-fc172404abb1-NettyServerStreamRpc-bossGroup--thread1] INFO  logging.LoggingHandler (AbstractInternalLogger.java:log(148)) - [id: 0x595c30d3] REGISTERED
2024-02-26 09:18:24,370 [main] INFO  server.RaftServerConfigKeys (ConfUtils.java:logGet(46)) - raft.server.leaderelection.leader.step-down.wait-time = 10s (default)
2024-02-26 09:18:24,370 [8b754925-a2c8-41f5-ba18-fc172404abb1-NettyServerStreamRpc-bossGroup--thread1] INFO  logging.LoggingHandler (AbstractInternalLogger.java:log(148)) - [id: 0x595c30d3] BIND: 0.0.0.0/0.0.0.0:15123
2024-02-26 09:18:24,370 [main] INFO  server.RaftServerConfigKeys (ConfUtils.java:logGet(46)) - raft.server.storage.dir = [/home/runner/work/ozone/ozone/hadoop-ozone/integration-test/target/test-dir/MiniOzoneClusterImpl-0d79f430-b8c0-477e-97b7-98e50d733022/ozone-meta/datanode-13/ratis] (custom)
2024-02-26 09:18:24,371 [8b754925-a2c8-41f5-ba18-fc172404abb1-NettyServerStreamRpc-bossGroup--thread1] INFO  logging.LoggingHandler (AbstractInternalLogger.java:log(148)) - [id: 0x595c30d3, L:/0.0.0.0:15123] ACTIVE
2024-02-26 09:18:24,371 [main] INFO  server.RaftServerConfigKeys (ConfUtils.java:logGet(46)) - raft.server.threadpool.proxy.cached = true (default)
2024-02-26 09:18:24,371 [main] INFO  server.RaftServerConfigKeys (ConfUtils.java:logGet(46)) - raft.server.threadpool.proxy.size = 0 (default)
2024-02-26 09:18:24,371 [8b754925-a2c8-41f5-ba18-fc172404abb1-impl-thread1] INFO  server.RaftServer (RaftServerProxy.java:initGroupDir(264)) - 8b754925-a2c8-41f5-ba18-fc172404abb1: found a subdirectory /home/runner/work/ozone/ozone/hadoop-ozone/integration-test/target/test-dir/MiniOzoneClusterImpl-0d79f430-b8c0-477e-97b7-98e50d733022/ozone-meta/datanode-13/ratis/tmp
2024-02-26 09:18:24,371 [8b754925-a2c8-41f5-ba18-fc172404abb1-impl-thread1] INFO  server.RaftServer (RaftServerProxy.java:initGroupDir(269)) - 8b754925-a2c8-41f5-ba18-fc172404abb1: The directory /home/runner/work/ozone/ozone/hadoop-ozone/integration-test/target/test-dir/MiniOzoneClusterImpl-0d79f430-b8c0-477e-97b7-98e50d733022/ozone-meta/datanode-13/ratis/tmp is not a group directory; ignoring it. 
2024-02-26 09:18:24,372 [main] INFO  replication.ReplicationServer (ReplicationServer.java:<init>(86)) - Initializing replication server with thread count = 10 queue length = 4096
2024-02-26 09:18:24,372 [main] INFO  server.XceiverServerGrpc (XceiverServerGrpc.java:<init>(141)) - GrpcServer channel type EpollServerSocketChannel
2024-02-26 09:18:24,374 [main] INFO  replication.ReplicationSupervisor (ReplicationSupervisor.java:build(163)) - Initializing replication supervisor with thread count = 10
2024-02-26 09:18:24,374 [main] INFO  replication.ReplicationSupervisor (ReplicationSupervisor.java:nodeStateUpdated(317)) - Node state updated to IN_SERVICE, scaling executor pool size to 10
2024-02-26 09:18:24,380 [main] INFO  http.BaseHttpServer (BaseHttpServer.java:newHttpServer2BuilderForOzone(223)) - Starting Web-server for hddsDatanode at: http://0.0.0.0:15117
2024-02-26 09:18:24,380 [main] INFO  http.BaseHttpServer (BaseHttpServer.java:<init>(110)) - Hadoop Security Enabled: false Ozone Security Enabled: false Ozone HTTP Security Enabled: false 
2024-02-26 09:18:24,381 [main] WARN  server.AuthenticationFilter (AuthenticationFilter.java:constructSecretProvider(240)) - Unable to initialize FileSignerSecretProvider, falling back to use random secrets. Reason: Could not read signature secret file: /home/runner/hadoop-http-auth-signature-secret
2024-02-26 09:18:24,381 [main] INFO  http.HttpRequestLog (HttpRequestLog.java:getRequestLog(86)) - Http request log for http.requests.hddsDatanode is not defined
2024-02-26 09:18:24,382 [main] INFO  http.HttpServer2 (HttpServer2.java:addGlobalFilter(1036)) - Added global filter 'safety' (class=org.apache.hadoop.hdds.server.http.HttpServer2$QuotingInputFilter)
2024-02-26 09:18:24,384 [main] INFO  http.HttpServer2 (HttpServer2.java:addFilter(1012)) - Added filter static_user_filter (class=org.apache.hadoop.http.lib.StaticUserWebFilter$StaticUserFilter) to context hddsDatanode
2024-02-26 09:18:24,384 [main] INFO  http.HttpServer2 (HttpServer2.java:addFilter(1020)) - Added filter static_user_filter (class=org.apache.hadoop.http.lib.StaticUserWebFilter$StaticUserFilter) to context logs
2024-02-26 09:18:24,384 [main] INFO  http.HttpServer2 (HttpServer2.java:addFilter(1020)) - Added filter static_user_filter (class=org.apache.hadoop.http.lib.StaticUserWebFilter$StaticUserFilter) to context static
2024-02-26 09:18:24,385 [main] INFO  http.BaseHttpServer (BaseHttpServer.java:<init>(189)) - HTTP server of hddsDatanode uses base directory /home/runner/work/ozone/ozone/hadoop-ozone/integration-test/target/test-dir/MiniOzoneClusterImpl-0d79f430-b8c0-477e-97b7-98e50d733022/ozone-meta/datanode-13/meta/webserver
2024-02-26 09:18:24,385 [main] INFO  http.HttpServer2 (HttpServer2.java:bindListener(1236)) - Jetty bound to port 15117
2024-02-26 09:18:24,385 [main] INFO  server.Server (Server.java:doStart(375)) - jetty-9.4.53.v20231009; built: 2023-10-09T12:29:09.265Z; git: 27bde00a0b95a1d5bbee0eae7984f891d2d0f8c9; jvm 1.8.0_402-b06
2024-02-26 09:18:24,386 [main] INFO  server.session (DefaultSessionIdManager.java:doStart(334)) - DefaultSessionIdManager workerName=node0
2024-02-26 09:18:24,386 [main] INFO  server.session (DefaultSessionIdManager.java:doStart(339)) - No SessionScavenger set, using defaults
2024-02-26 09:18:24,386 [main] INFO  server.session (HouseKeeper.java:startScavenging(132)) - node0 Scavenging every 660000ms
2024-02-26 09:18:24,387 [main] INFO  handler.ContextHandler (ContextHandler.java:doStart(921)) - Started o.e.j.s.ServletContextHandler@280b224c{logs,/logs,file:///home/runner/work/ozone/ozone/hadoop-ozone/integration-test/target/log,AVAILABLE}
2024-02-26 09:18:24,387 [main] INFO  handler.ContextHandler (ContextHandler.java:doStart(921)) - Started o.e.j.s.ServletContextHandler@20206727{static,/static,jar:file:/home/runner/.m2/repository/org/apache/ozone/hdds-container-service/1.5.0-SNAPSHOT/hdds-container-service-1.5.0-SNAPSHOT.jar!/webapps/static,AVAILABLE}
2024-02-26 09:18:24,419 [main] INFO  handler.ContextHandler (ContextHandler.java:doStart(921)) - Started o.e.j.w.WebAppContext@3bb9bed3{hddsDatanode,/,file:///home/runner/work/ozone/ozone/hadoop-ozone/integration-test/target/test-dir/MiniOzoneClusterImpl-0d79f430-b8c0-477e-97b7-98e50d733022/ozone-meta/datanode-13/meta/webserver/jetty-0_0_0_0-15117-hdds-container-service-1_5_0-SNAPSHOT_jar-_-any-6142309722561474521/webapp/,AVAILABLE}{jar:file:/home/runner/.m2/repository/org/apache/ozone/hdds-container-service/1.5.0-SNAPSHOT/hdds-container-service-1.5.0-SNAPSHOT.jar!/webapps/hddsDatanode}
2024-02-26 09:18:24,421 [main] INFO  server.AbstractConnector (AbstractConnector.java:doStart(333)) - Started ServerConnector@33e3996f{HTTP/1.1, (http/1.1)}{0.0.0.0:15117}
2024-02-26 09:18:24,421 [main] INFO  server.Server (Server.java:doStart(415)) - Started @9053ms
2024-02-26 09:18:24,421 [main] WARN  impl.MetricsSystemImpl (MetricsSystemImpl.java:register(279)) - Sink prometheus already exists!
2024-02-26 09:18:24,422 [main] INFO  http.BaseHttpServer (BaseHttpServer.java:updateConnectorAddress(354)) - HTTP server of hddsDatanode listening at http://0.0.0.0:15117
2024-02-26 09:18:24,422 [main] INFO  ipc.CallQueueManager (CallQueueManager.java:<init>(90)) - Using callQueue: class java.util.concurrent.LinkedBlockingQueue, queueCapacity: 100, scheduler: class org.apache.hadoop.ipc.DefaultRpcScheduler, ipcBackoff: false.
2024-02-26 09:18:24,422 [main] INFO  ipc.Server (Server.java:<init>(1287)) - Listener at 0.0.0.0:15118
2024-02-26 09:18:24,423 [Socket Reader #1 for port 15118] INFO  ipc.Server (Server.java:run(1323)) - Starting Socket Reader #1 for port 15118
2024-02-26 09:18:24,427 [main] INFO  ozone.HddsDatanodeService (HddsDatanodeService.java:start(327)) - Datanode start with admins: [runner]
2024-02-26 09:18:24,427 [main] INFO  ozone.HddsDatanodeClientProtocolServer (HddsDatanodeClientProtocolServer.java:start(77)) - RPC server for Client /0.0.0.0:15118
2024-02-26 09:18:24,427 [IPC Server Responder] INFO  ipc.Server (Server.java:run(1562)) - IPC Server Responder: starting
2024-02-26 09:18:24,427 [IPC Server listener on 15118] INFO  ipc.Server (Server.java:run(1402)) - IPC Server listener on 15118: starting
2024-02-26 09:18:24,428 [8b754925-a2c8-41f5-ba18-fc172404abb1-DatanodeStateMachineDaemonThread] INFO  statemachine.DatanodeStateMachine (DatanodeStateMachine.java:lambda$startDaemon$1(555)) - Ozone container server started.
2024-02-26 09:18:24,429 [main] WARN  dropwizard3.Dm3MetricRegistriesImpl (Dm3MetricRegistriesImpl.java:addReporterRegistration(113)) - New reporters are added after registries were created. Some metrics will be missing from the reporter. Please add reporter before adding any new registry.
2024-02-26 09:18:24,430 [main] WARN  dropwizard3.Dm3MetricRegistriesImpl (Dm3MetricRegistriesImpl.java:addReporterRegistration(113)) - New reporters are added after registries were created. Some metrics will be missing from the reporter. Please add reporter before adding any new registry.
2024-02-26 09:18:24,430 [main] INFO  impl.MetricsSystemImpl (MetricsSystemImpl.java:init(158)) - HddsDatanode metrics system started (again)
2024-02-26 09:18:24,432 [8b754925-a2c8-41f5-ba18-fc172404abb1-DatanodeStateMachineTaskThread-0] INFO  datanode.InitDatanodeState (InitDatanodeState.java:persistContainerDatanodeDetails(139)) - DatanodeDetails is persisted to /home/runner/work/ozone/ozone/hadoop-ozone/integration-test/target/test-dir/MiniOzoneClusterImpl-0d79f430-b8c0-477e-97b7-98e50d733022/ozone-meta/datanode-13/meta/datanode.id
2024-02-26 09:18:24,441 [main] INFO  ozone.HddsDatanodeService (HddsDatanodeService.java:start(240)) - HddsDatanodeService host:fv-az1109-796.pxagtw4bd2yejgkn5xrroktb3f.dx.internal.cloudapp.net ip:10.1.0.30
2024-02-26 09:18:24,457 [main] INFO  upgrade.AbstractLayoutVersionManager (AbstractLayoutVersionManager.java:init(83)) - Initializing Layout version manager with metadata layout = HADOOP_PRC_PORTS_IN_DATANODEDETAILS (version = 7), software layout = HADOOP_PRC_PORTS_IN_DATANODEDETAILS (version = 7)
2024-02-26 09:18:24,458 [main] INFO  statemachine.DatanodeStateMachine (DatanodeStateMachine.java:getEndPointTaskThreadPoolSize(299)) - Datanode State Machine Task Thread Pool size 2
2024-02-26 09:18:24,459 [main] INFO  volume.HddsVolume (HddsVolume.java:<init>(125)) - Creating HddsVolume: /home/runner/work/ozone/ozone/hadoop-ozone/integration-test/target/test-dir/MiniOzoneClusterImpl-0d79f430-b8c0-477e-97b7-98e50d733022/ozone-meta/datanode-14/data-0/hdds of storage type : DISK capacity : 9223372036854775807
2024-02-26 09:18:24,460 [main] INFO  volume.MutableVolumeSet (MutableVolumeSet.java:initializeVolumeSet(173)) - Added Volume : /home/runner/work/ozone/ozone/hadoop-ozone/integration-test/target/test-dir/MiniOzoneClusterImpl-0d79f430-b8c0-477e-97b7-98e50d733022/ozone-meta/datanode-14/data-0/hdds to VolumeSet
2024-02-26 09:18:24,460 [main] INFO  volume.MutableVolumeSet (MutableVolumeSet.java:initializeVolumeSet(173)) - Added Volume : /home/runner/work/ozone/ozone/hadoop-ozone/integration-test/target/test-dir/MiniOzoneClusterImpl-0d79f430-b8c0-477e-97b7-98e50d733022/ozone-meta/datanode-14/ratis to VolumeSet
2024-02-26 09:18:24,461 [main] INFO  ozoneimpl.OzoneContainer (HddsVolumeUtil.java:loadAllHddsVolumeDbStore(103)) - Load 1 volumes DbStore cost: 0ms
2024-02-26 09:18:24,463 [main] INFO  server.RaftServer (ConfUtils.java:logGet(46)) - raft.rpc.type = GRPC (default)
2024-02-26 09:18:24,463 [main] INFO  grpc.GrpcConfigKeys (ConfUtils.java:logFallback(53)) - raft.grpc.admin.host = null (fallback to raft.grpc.server.host)
2024-02-26 09:18:24,463 [main] INFO  grpc.GrpcConfigKeys (ConfUtils.java:logGet(46)) - raft.grpc.admin.port = 15130 (custom)
2024-02-26 09:18:24,464 [main] INFO  grpc.GrpcConfigKeys (ConfUtils.java:logFallback(53)) - raft.grpc.client.host = null (fallback to raft.grpc.server.host)
2024-02-26 09:18:24,464 [main] INFO  grpc.GrpcConfigKeys (ConfUtils.java:logGet(46)) - raft.grpc.client.port = 15129 (custom)
2024-02-26 09:18:24,464 [main] INFO  grpc.GrpcConfigKeys (ConfUtils.java:logGet(46)) - raft.grpc.server.host = null (default)
2024-02-26 09:18:24,464 [main] INFO  grpc.GrpcConfigKeys (ConfUtils.java:logGet(46)) - raft.grpc.server.port = 15131 (custom)
2024-02-26 09:18:24,464 [main] INFO  server.GrpcService (ConfUtils.java:logGet(46)) - raft.grpc.message.size.max = 32MB (=33554432) (custom)
2024-02-26 09:18:24,465 [main] INFO  server.RaftServerConfigKeys (ConfUtils.java:logGet(46)) - raft.server.log.appender.buffer.byte-limit = 8388608 (custom)
2024-02-26 09:18:24,465 [main] INFO  server.GrpcService (ConfUtils.java:logGet(46)) - raft.grpc.flow.control.window = 5MB (=5242880) (custom)
2024-02-26 09:18:24,465 [main] INFO  server.RaftServerConfigKeys (ConfUtils.java:logGet(46)) - raft.server.rpc.request.timeout = 60s (custom)
2024-02-26 09:18:24,465 [main] INFO  grpc.GrpcConfigKeys (ConfUtils.java:logGet(46)) - raft.grpc.server.heartbeat.channel = true (default)
2024-02-26 09:18:24,465 [main] INFO  grpc.GrpcConfigKeys (ConfUtils.java:logGet(46)) - raft.grpc.server.async.request.thread.pool.cached = true (default)
2024-02-26 09:18:24,466 [main] INFO  grpc.GrpcConfigKeys (ConfUtils.java:logGet(46)) - raft.grpc.server.async.request.thread.pool.size = 32 (default)
2024-02-26 09:18:24,468 [main] INFO  impl.DataStreamServerImpl (ConfUtils.java:logGet(46)) - raft.datastream.type = NETTY (custom)
2024-02-26 09:18:24,469 [main] INFO  server.RaftServerConfigKeys (ConfUtils.java:logGet(46)) - raft.server.data-stream.async.request.thread.pool.cached = false (default)
2024-02-26 09:18:24,469 [main] INFO  server.RaftServerConfigKeys (ConfUtils.java:logGet(46)) - raft.server.data-stream.async.request.thread.pool.size = 20 (custom)
2024-02-26 09:18:24,469 [main] INFO  server.RaftServerConfigKeys (ConfUtils.java:logGet(46)) - raft.server.data-stream.async.write.thread.pool.size = 16 (default)
2024-02-26 09:18:24,469 [main] INFO  netty.NettyConfigKeys$DataStream (ConfUtils.java:logGet(46)) - raft.netty.dataStream.server.channel.inactive.grace-period = 10min (default)
2024-02-26 09:18:24,470 [main] INFO  server.RaftServerConfigKeys (ConfUtils.java:logGet(46)) - raft.server.data-stream.client.pool.size = 10 (default)
2024-02-26 09:18:24,470 [main] INFO  netty.NettyConfigKeys$DataStream (ConfUtils.java:logGet(46)) - raft.netty.dataStream.server.use-epoll = true (default)
2024-02-26 09:18:24,470 [main] INFO  netty.NettyConfigKeys$DataStream (ConfUtils.java:logGet(46)) - raft.netty.dataStream.server.boss-group.size = 0 (default)
2024-02-26 09:18:24,470 [main] INFO  netty.NettyUtils (NettyUtils.java:newEventLoopGroup(69)) - Create EpollEventLoopGroup for ca5f02e2-bc43-4498-b1f2-381f8abbb3f5-NettyServerStreamRpc-bossGroup; Thread size is 0.
2024-02-26 09:18:24,471 [main] INFO  netty.NettyConfigKeys$DataStream (ConfUtils.java:logGet(46)) - raft.netty.dataStream.server.worker-group.size = 0 (default)
2024-02-26 09:18:24,471 [main] INFO  netty.NettyUtils (NettyUtils.java:newEventLoopGroup(69)) - Create EpollEventLoopGroup for ca5f02e2-bc43-4498-b1f2-381f8abbb3f5-NettyServerStreamRpc-workerGroup; Thread size is 0.
2024-02-26 09:18:24,472 [main] INFO  netty.NettyConfigKeys$DataStream (ConfUtils.java:logGet(46)) - raft.netty.dataStream.server.tls.conf = null (default)
2024-02-26 09:18:24,472 [main] INFO  netty.NettyConfigKeys$DataStream (ConfUtils.java:logGet(46)) - raft.netty.dataStream.host = null (default)
2024-02-26 09:18:24,472 [main] INFO  netty.NettyConfigKeys$DataStream (ConfUtils.java:logGet(46)) - raft.netty.dataStream.port = 15132 (custom)
2024-02-26 09:18:24,473 [main] INFO  server.RaftServerConfigKeys (ConfUtils.java:logGet(46)) - raft.server.sleep.deviation.threshold = 300ms (default)
2024-02-26 09:18:24,474 [main] INFO  server.RaftServerConfigKeys (ConfUtils.java:logGet(46)) - raft.server.close.threshold = 60s (default)
2024-02-26 09:18:24,474 [main] INFO  server.RaftServerConfigKeys (ConfUtils.java:logGet(46)) - raft.server.leaderelection.leader.step-down.wait-time = 10s (default)
2024-02-26 09:18:24,475 [main] INFO  server.RaftServerConfigKeys (ConfUtils.java:logGet(46)) - raft.server.storage.dir = [/home/runner/work/ozone/ozone/hadoop-ozone/integration-test/target/test-dir/MiniOzoneClusterImpl-0d79f430-b8c0-477e-97b7-98e50d733022/ozone-meta/datanode-14/ratis] (custom)
2024-02-26 09:18:24,475 [main] INFO  server.RaftServerConfigKeys (ConfUtils.java:logGet(46)) - raft.server.threadpool.proxy.cached = true (default)
2024-02-26 09:18:24,475 [main] INFO  server.RaftServerConfigKeys (ConfUtils.java:logGet(46)) - raft.server.threadpool.proxy.size = 0 (default)
2024-02-26 09:18:24,474 [ca5f02e2-bc43-4498-b1f2-381f8abbb3f5-NettyServerStreamRpc-bossGroup--thread1] INFO  logging.LoggingHandler (AbstractInternalLogger.java:log(148)) - [id: 0xb33a5d2c] REGISTERED
2024-02-26 09:18:24,476 [ca5f02e2-bc43-4498-b1f2-381f8abbb3f5-NettyServerStreamRpc-bossGroup--thread1] INFO  logging.LoggingHandler (AbstractInternalLogger.java:log(148)) - [id: 0xb33a5d2c] BIND: 0.0.0.0/0.0.0.0:15132
2024-02-26 09:18:24,476 [ca5f02e2-bc43-4498-b1f2-381f8abbb3f5-impl-thread1] INFO  server.RaftServer (RaftServerProxy.java:initGroupDir(264)) - ca5f02e2-bc43-4498-b1f2-381f8abbb3f5: found a subdirectory /home/runner/work/ozone/ozone/hadoop-ozone/integration-test/target/test-dir/MiniOzoneClusterImpl-0d79f430-b8c0-477e-97b7-98e50d733022/ozone-meta/datanode-14/ratis/tmp
2024-02-26 09:18:24,477 [ca5f02e2-bc43-4498-b1f2-381f8abbb3f5-impl-thread1] INFO  server.RaftServer (RaftServerProxy.java:initGroupDir(269)) - ca5f02e2-bc43-4498-b1f2-381f8abbb3f5: The directory /home/runner/work/ozone/ozone/hadoop-ozone/integration-test/target/test-dir/MiniOzoneClusterImpl-0d79f430-b8c0-477e-97b7-98e50d733022/ozone-meta/datanode-14/ratis/tmp is not a group directory; ignoring it. 
2024-02-26 09:18:24,477 [ca5f02e2-bc43-4498-b1f2-381f8abbb3f5-NettyServerStreamRpc-bossGroup--thread1] INFO  logging.LoggingHandler (AbstractInternalLogger.java:log(148)) - [id: 0xb33a5d2c, L:/0.0.0.0:15132] ACTIVE
2024-02-26 09:18:24,477 [main] INFO  replication.ReplicationServer (ReplicationServer.java:<init>(86)) - Initializing replication server with thread count = 10 queue length = 4096
2024-02-26 09:18:24,478 [main] INFO  server.XceiverServerGrpc (XceiverServerGrpc.java:<init>(141)) - GrpcServer channel type EpollServerSocketChannel
2024-02-26 09:18:24,480 [main] INFO  replication.ReplicationSupervisor (ReplicationSupervisor.java:build(163)) - Initializing replication supervisor with thread count = 10
2024-02-26 09:18:24,480 [main] INFO  replication.ReplicationSupervisor (ReplicationSupervisor.java:nodeStateUpdated(317)) - Node state updated to IN_SERVICE, scaling executor pool size to 10
2024-02-26 09:18:24,486 [main] INFO  http.BaseHttpServer (BaseHttpServer.java:newHttpServer2BuilderForOzone(223)) - Starting Web-server for hddsDatanode at: http://0.0.0.0:15126
2024-02-26 09:18:24,487 [main] INFO  http.BaseHttpServer (BaseHttpServer.java:<init>(110)) - Hadoop Security Enabled: false Ozone Security Enabled: false Ozone HTTP Security Enabled: false 
2024-02-26 09:18:24,490 [main] WARN  server.AuthenticationFilter (AuthenticationFilter.java:constructSecretProvider(240)) - Unable to initialize FileSignerSecretProvider, falling back to use random secrets. Reason: Could not read signature secret file: /home/runner/hadoop-http-auth-signature-secret
2024-02-26 09:18:24,491 [main] INFO  http.HttpRequestLog (HttpRequestLog.java:getRequestLog(86)) - Http request log for http.requests.hddsDatanode is not defined
2024-02-26 09:18:24,492 [main] INFO  http.HttpServer2 (HttpServer2.java:addGlobalFilter(1036)) - Added global filter 'safety' (class=org.apache.hadoop.hdds.server.http.HttpServer2$QuotingInputFilter)
2024-02-26 09:18:24,493 [main] INFO  http.HttpServer2 (HttpServer2.java:addFilter(1012)) - Added filter static_user_filter (class=org.apache.hadoop.http.lib.StaticUserWebFilter$StaticUserFilter) to context hddsDatanode
2024-02-26 09:18:24,493 [main] INFO  http.HttpServer2 (HttpServer2.java:addFilter(1020)) - Added filter static_user_filter (class=org.apache.hadoop.http.lib.StaticUserWebFilter$StaticUserFilter) to context logs
2024-02-26 09:18:24,494 [main] INFO  http.HttpServer2 (HttpServer2.java:addFilter(1020)) - Added filter static_user_filter (class=org.apache.hadoop.http.lib.StaticUserWebFilter$StaticUserFilter) to context static
2024-02-26 09:18:24,494 [main] INFO  http.BaseHttpServer (BaseHttpServer.java:<init>(189)) - HTTP server of hddsDatanode uses base directory /home/runner/work/ozone/ozone/hadoop-ozone/integration-test/target/test-dir/MiniOzoneClusterImpl-0d79f430-b8c0-477e-97b7-98e50d733022/ozone-meta/datanode-14/meta/webserver
2024-02-26 09:18:24,495 [main] INFO  http.HttpServer2 (HttpServer2.java:bindListener(1236)) - Jetty bound to port 15126
2024-02-26 09:18:24,495 [main] INFO  server.Server (Server.java:doStart(375)) - jetty-9.4.53.v20231009; built: 2023-10-09T12:29:09.265Z; git: 27bde00a0b95a1d5bbee0eae7984f891d2d0f8c9; jvm 1.8.0_402-b06
2024-02-26 09:18:24,496 [main] INFO  server.session (DefaultSessionIdManager.java:doStart(334)) - DefaultSessionIdManager workerName=node0
2024-02-26 09:18:24,496 [main] INFO  server.session (DefaultSessionIdManager.java:doStart(339)) - No SessionScavenger set, using defaults
2024-02-26 09:18:24,497 [main] INFO  server.session (HouseKeeper.java:startScavenging(132)) - node0 Scavenging every 600000ms
2024-02-26 09:18:24,498 [main] INFO  handler.ContextHandler (ContextHandler.java:doStart(921)) - Started o.e.j.s.ServletContextHandler@195b847a{logs,/logs,file:///home/runner/work/ozone/ozone/hadoop-ozone/integration-test/target/log,AVAILABLE}
2024-02-26 09:18:24,498 [main] INFO  handler.ContextHandler (ContextHandler.java:doStart(921)) - Started o.e.j.s.ServletContextHandler@7dd5fc36{static,/static,jar:file:/home/runner/.m2/repository/org/apache/ozone/hdds-container-service/1.5.0-SNAPSHOT/hdds-container-service-1.5.0-SNAPSHOT.jar!/webapps/static,AVAILABLE}
2024-02-26 09:18:24,533 [main] INFO  handler.ContextHandler (ContextHandler.java:doStart(921)) - Started o.e.j.w.WebAppContext@63b2bb62{hddsDatanode,/,file:///home/runner/work/ozone/ozone/hadoop-ozone/integration-test/target/test-dir/MiniOzoneClusterImpl-0d79f430-b8c0-477e-97b7-98e50d733022/ozone-meta/datanode-14/meta/webserver/jetty-0_0_0_0-15126-hdds-container-service-1_5_0-SNAPSHOT_jar-_-any-3843368451815751747/webapp/,AVAILABLE}{jar:file:/home/runner/.m2/repository/org/apache/ozone/hdds-container-service/1.5.0-SNAPSHOT/hdds-container-service-1.5.0-SNAPSHOT.jar!/webapps/hddsDatanode}
2024-02-26 09:18:24,535 [main] INFO  server.AbstractConnector (AbstractConnector.java:doStart(333)) - Started ServerConnector@1f0d5dec{HTTP/1.1, (http/1.1)}{0.0.0.0:15126}
2024-02-26 09:18:24,535 [main] INFO  server.Server (Server.java:doStart(415)) - Started @9166ms
2024-02-26 09:18:24,535 [main] WARN  impl.MetricsSystemImpl (MetricsSystemImpl.java:register(279)) - Sink prometheus already exists!
2024-02-26 09:18:24,536 [main] INFO  http.BaseHttpServer (BaseHttpServer.java:updateConnectorAddress(354)) - HTTP server of hddsDatanode listening at http://0.0.0.0:15126
2024-02-26 09:18:24,536 [main] INFO  ipc.CallQueueManager (CallQueueManager.java:<init>(90)) - Using callQueue: class java.util.concurrent.LinkedBlockingQueue, queueCapacity: 100, scheduler: class org.apache.hadoop.ipc.DefaultRpcScheduler, ipcBackoff: false.
2024-02-26 09:18:24,536 [main] INFO  ipc.Server (Server.java:<init>(1287)) - Listener at 0.0.0.0:15127
2024-02-26 09:18:24,536 [Socket Reader #1 for port 15127] INFO  ipc.Server (Server.java:run(1323)) - Starting Socket Reader #1 for port 15127
2024-02-26 09:18:24,540 [main] INFO  ozone.HddsDatanodeService (HddsDatanodeService.java:start(327)) - Datanode start with admins: [runner]
2024-02-26 09:18:24,540 [main] INFO  ozone.HddsDatanodeClientProtocolServer (HddsDatanodeClientProtocolServer.java:start(77)) - RPC server for Client /0.0.0.0:15127
2024-02-26 09:18:24,541 [IPC Server Responder] INFO  ipc.Server (Server.java:run(1562)) - IPC Server Responder: starting
2024-02-26 09:18:24,542 [IPC Server listener on 15127] INFO  ipc.Server (Server.java:run(1402)) - IPC Server listener on 15127: starting
2024-02-26 09:18:24,547 [ca5f02e2-bc43-4498-b1f2-381f8abbb3f5-DatanodeStateMachineDaemonThread] INFO  statemachine.DatanodeStateMachine (DatanodeStateMachine.java:lambda$startDaemon$1(555)) - Ozone container server started.
2024-02-26 09:18:24,548 [main] INFO  om.OzoneManager (OzoneManager.java:startSecretManager(1105)) - Starting secret key client.
2024-02-26 09:18:24,550 [main] INFO  om.OzoneManager (OzoneManager.java:startSecretManager(1116)) - Starting OM delegation token secret manager
2024-02-26 09:18:24,550 [main] INFO  security.OzoneDelegationTokenSecretManager (OzoneSecretManager.java:updateCurrentKey(175)) - Updating current master key for generating tokens. Cert id 2299029803817
2024-02-26 09:18:24,552 [om1-ExpiredTokenRemover] INFO  security.OzoneDelegationTokenSecretManager (OzoneDelegationTokenSecretManager.java:run(621)) - Starting expired delegation token remover thread, tokenRemoverScanInterval=60 min(s)
2024-02-26 09:18:24,553 [main] INFO  ozone.MiniOzoneClusterImpl (MiniOzoneClusterImpl.java:lambda$waitForClusterToBeReady$0(195)) - Waiting for nodes to be ready. Got 0 of 14 DN Heartbeats.
2024-02-26 09:18:24,553 [main] INFO  ozone.MiniOzoneClusterImpl (MiniOzoneClusterImpl.java:lambda$waitForClusterToBeReady$0(198)) - Waiting for cluster to exit safe mode
2024-02-26 09:18:24,554 [main] INFO  ozone.MiniOzoneClusterImpl (MiniOzoneClusterImpl.java:lambda$waitForClusterToBeReady$0(200)) - SCM became leader
2024-02-26 09:18:24,557 [ca5f02e2-bc43-4498-b1f2-381f8abbb3f5-DatanodeStateMachineTaskThread-0] INFO  datanode.InitDatanodeState (InitDatanodeState.java:persistContainerDatanodeDetails(139)) - DatanodeDetails is persisted to /home/runner/work/ozone/ozone/hadoop-ozone/integration-test/target/test-dir/MiniOzoneClusterImpl-0d79f430-b8c0-477e-97b7-98e50d733022/ozone-meta/datanode-14/meta/datanode.id
2024-02-26 09:18:25,024 [1fc8e30e-bcf6-4a54-bb04-f74c1c9f090e-EndpointStateMachineTaskThread-/0.0.0.0:15002-0 ] INFO  utils.DatanodeStoreCache (DatanodeStoreCache.java:addDB(72)) - Added db /home/runner/work/ozone/ozone/hadoop-ozone/integration-test/target/test-dir/MiniOzoneClusterImpl-0d79f430-b8c0-477e-97b7-98e50d733022/ozone-meta/datanode-1/data-0/hdds/0d79f430-b8c0-477e-97b7-98e50d733022/DS-a96ff702-86e7-4b3d-9493-be7cbd794687/container.db to cache
2024-02-26 09:18:25,025 [1fc8e30e-bcf6-4a54-bb04-f74c1c9f090e-EndpointStateMachineTaskThread-/0.0.0.0:15002-0 ] INFO  volume.HddsVolume (HddsVolume.java:createDbStore(420)) - SchemaV3 db is created and loaded at /home/runner/work/ozone/ozone/hadoop-ozone/integration-test/target/test-dir/MiniOzoneClusterImpl-0d79f430-b8c0-477e-97b7-98e50d733022/ozone-meta/datanode-1/data-0/hdds/0d79f430-b8c0-477e-97b7-98e50d733022/DS-a96ff702-86e7-4b3d-9493-be7cbd794687/container.db for volume DS-a96ff702-86e7-4b3d-9493-be7cbd794687
2024-02-26 09:18:25,032 [1fc8e30e-bcf6-4a54-bb04-f74c1c9f090e-ContainerReader-0] INFO  ozoneimpl.ContainerReader (ContainerReader.java:readVolume(148)) - Start to verify containers on volume /home/runner/work/ozone/ozone/hadoop-ozone/integration-test/target/test-dir/MiniOzoneClusterImpl-0d79f430-b8c0-477e-97b7-98e50d733022/ozone-meta/datanode-1/data-0/hdds
2024-02-26 09:18:25,032 [1fc8e30e-bcf6-4a54-bb04-f74c1c9f090e-ContainerReader-0] INFO  ozoneimpl.ContainerReader (ContainerReader.java:readVolume(178)) - Finish verifying containers on volume /home/runner/work/ozone/ozone/hadoop-ozone/integration-test/target/test-dir/MiniOzoneClusterImpl-0d79f430-b8c0-477e-97b7-98e50d733022/ozone-meta/datanode-1/data-0/hdds
2024-02-26 09:18:25,032 [1fc8e30e-bcf6-4a54-bb04-f74c1c9f090e-EndpointStateMachineTaskThread-/0.0.0.0:15002-0 ] INFO  ozoneimpl.OzoneContainer (OzoneContainer.java:buildContainerSet(328)) - Build ContainerSet costs 0s
2024-02-26 09:18:25,033 [1fc8e30e-bcf6-4a54-bb04-f74c1c9f090e-EndpointStateMachineTaskThread-/0.0.0.0:15002-0 ] INFO  volume.ThrottledAsyncChecker (ThrottledAsyncChecker.java:schedule(141)) - Scheduling a check for /home/runner/work/ozone/ozone/hadoop-ozone/integration-test/target/test-dir/MiniOzoneClusterImpl-0d79f430-b8c0-477e-97b7-98e50d733022/ozone-meta/datanode-1/data-0/hdds
2024-02-26 09:18:25,044 [1fc8e30e-bcf6-4a54-bb04-f74c1c9f090e-EndpointStateMachineTaskThread-/0.0.0.0:15002-0 ] INFO  volume.StorageVolumeChecker (StorageVolumeChecker.java:checkAllVolumes(218)) - Scheduled health check for volume /home/runner/work/ozone/ozone/hadoop-ozone/integration-test/target/test-dir/MiniOzoneClusterImpl-0d79f430-b8c0-477e-97b7-98e50d733022/ozone-meta/datanode-1/data-0/hdds
2024-02-26 09:18:25,045 [1fc8e30e-bcf6-4a54-bb04-f74c1c9f090e-EndpointStateMachineTaskThread-/0.0.0.0:15002-0 ] INFO  volume.ThrottledAsyncChecker (ThrottledAsyncChecker.java:schedule(141)) - Scheduling a check for /home/runner/work/ozone/ozone/hadoop-ozone/integration-test/target/test-dir/MiniOzoneClusterImpl-0d79f430-b8c0-477e-97b7-98e50d733022/ozone-meta/datanode-1/ratis
2024-02-26 09:18:25,046 [1fc8e30e-bcf6-4a54-bb04-f74c1c9f090e-EndpointStateMachineTaskThread-/0.0.0.0:15002-0 ] INFO  volume.StorageVolumeChecker (StorageVolumeChecker.java:checkAllVolumes(218)) - Scheduled health check for volume /home/runner/work/ozone/ozone/hadoop-ozone/integration-test/target/test-dir/MiniOzoneClusterImpl-0d79f430-b8c0-477e-97b7-98e50d733022/ozone-meta/datanode-1/ratis
2024-02-26 09:18:25,047 [1fc8e30e-bcf6-4a54-bb04-f74c1c9f090e-EndpointStateMachineTaskThread-/0.0.0.0:15002-0 ] INFO  ozoneimpl.OzoneContainer (OzoneContainer.java:start(459)) - Attempting to start container services.
2024-02-26 09:18:25,048 [1fc8e30e-bcf6-4a54-bb04-f74c1c9f090e-EndpointStateMachineTaskThread-/0.0.0.0:15002-0 ] INFO  ozoneimpl.OzoneContainer (OzoneContainer.java:startContainerScrub(339)) - Scheduled background container scanners and the on-demand container scanner have been disabled.
2024-02-26 09:18:25,050 [1fc8e30e-bcf6-4a54-bb04-f74c1c9f090e-EndpointStateMachineTaskThread-/0.0.0.0:15002-0 ] INFO  replication.ReplicationServer (ReplicationServer.java:start(140)) - ReplicationServer is started using port 15016
2024-02-26 09:18:25,050 [1fc8e30e-bcf6-4a54-bb04-f74c1c9f090e-EndpointStateMachineTaskThread-/0.0.0.0:15002-0 ] INFO  ratis.XceiverServerRatis (XceiverServerRatis.java:start(566)) - Starting XceiverServerRatis 1fc8e30e-bcf6-4a54-bb04-f74c1c9f090e
2024-02-26 09:18:25,051 [1fc8e30e-bcf6-4a54-bb04-f74c1c9f090e-EndpointStateMachineTaskThread-/0.0.0.0:15002-0 ] INFO  server.RaftServer (RaftServerProxy.java:startImpl(406)) - 1fc8e30e-bcf6-4a54-bb04-f74c1c9f090e: start RPC server
2024-02-26 09:18:25,054 [1fc8e30e-bcf6-4a54-bb04-f74c1c9f090e-EndpointStateMachineTaskThread-/0.0.0.0:15002-0 ] INFO  server.GrpcService (GrpcService.java:startImpl(302)) - 1fc8e30e-bcf6-4a54-bb04-f74c1c9f090e: GrpcService started, listening on 15012
2024-02-26 09:18:25,056 [1fc8e30e-bcf6-4a54-bb04-f74c1c9f090e-EndpointStateMachineTaskThread-/0.0.0.0:15002-0 ] INFO  server.GrpcService (GrpcService.java:startImpl(302)) - 1fc8e30e-bcf6-4a54-bb04-f74c1c9f090e: GrpcService started, listening on 15014
2024-02-26 09:18:25,057 [1fc8e30e-bcf6-4a54-bb04-f74c1c9f090e-EndpointStateMachineTaskThread-/0.0.0.0:15002-0 ] INFO  server.GrpcService (GrpcService.java:startImpl(302)) - 1fc8e30e-bcf6-4a54-bb04-f74c1c9f090e: GrpcService started, listening on 15013
2024-02-26 09:18:25,058 [JvmPauseMonitor2] INFO  util.JvmPauseMonitor (JvmPauseMonitor.java:run(146)) - JvmPauseMonitor-1fc8e30e-bcf6-4a54-bb04-f74c1c9f090e: Started
2024-02-26 09:18:25,058 [1fc8e30e-bcf6-4a54-bb04-f74c1c9f090e-EndpointStateMachineTaskThread-/0.0.0.0:15002-0 ] INFO  ratis.XceiverServerRatis (XceiverServerRatis.java:getRealPort(592)) - XceiverServerRatis 1fc8e30e-bcf6-4a54-bb04-f74c1c9f090e is started using port 15012 for RATIS
2024-02-26 09:18:25,058 [1fc8e30e-bcf6-4a54-bb04-f74c1c9f090e-EndpointStateMachineTaskThread-/0.0.0.0:15002-0 ] INFO  ratis.XceiverServerRatis (XceiverServerRatis.java:getRealPort(592)) - XceiverServerRatis 1fc8e30e-bcf6-4a54-bb04-f74c1c9f090e is started using port 15013 for RATIS_ADMIN
2024-02-26 09:18:25,058 [1fc8e30e-bcf6-4a54-bb04-f74c1c9f090e-EndpointStateMachineTaskThread-/0.0.0.0:15002-0 ] INFO  ratis.XceiverServerRatis (XceiverServerRatis.java:getRealPort(592)) - XceiverServerRatis 1fc8e30e-bcf6-4a54-bb04-f74c1c9f090e is started using port 15014 for RATIS_SERVER
2024-02-26 09:18:25,058 [1fc8e30e-bcf6-4a54-bb04-f74c1c9f090e-EndpointStateMachineTaskThread-/0.0.0.0:15002-0 ] INFO  ratis.XceiverServerRatis (XceiverServerRatis.java:getRealPort(592)) - XceiverServerRatis 1fc8e30e-bcf6-4a54-bb04-f74c1c9f090e is started using port 15015 for RATIS_DATASTREAM
2024-02-26 09:18:25,068 [1fc8e30e-bcf6-4a54-bb04-f74c1c9f090e-BlockDeletingService#0] INFO  interfaces.ContainerDeletionChoosingPolicyTemplate (ContainerDeletionChoosingPolicyTemplate.java:chooseContainerForBlockDeletion(85)) - Chosen 0/5000 blocks from 0 candidate containers.
2024-02-26 09:18:25,085 [a70c1067-2103-48d8-b21c-f7bdcf327398-EndpointStateMachineTaskThread-/0.0.0.0:15002-0 ] INFO  utils.DatanodeStoreCache (DatanodeStoreCache.java:addDB(72)) - Added db /home/runner/work/ozone/ozone/hadoop-ozone/integration-test/target/test-dir/MiniOzoneClusterImpl-0d79f430-b8c0-477e-97b7-98e50d733022/ozone-meta/datanode-2/data-0/hdds/0d79f430-b8c0-477e-97b7-98e50d733022/DS-20474d50-f218-4fa7-8acd-ef0a2ff8cc14/container.db to cache
2024-02-26 09:18:25,085 [a70c1067-2103-48d8-b21c-f7bdcf327398-EndpointStateMachineTaskThread-/0.0.0.0:15002-0 ] INFO  volume.HddsVolume (HddsVolume.java:createDbStore(420)) - SchemaV3 db is created and loaded at /home/runner/work/ozone/ozone/hadoop-ozone/integration-test/target/test-dir/MiniOzoneClusterImpl-0d79f430-b8c0-477e-97b7-98e50d733022/ozone-meta/datanode-2/data-0/hdds/0d79f430-b8c0-477e-97b7-98e50d733022/DS-20474d50-f218-4fa7-8acd-ef0a2ff8cc14/container.db for volume DS-20474d50-f218-4fa7-8acd-ef0a2ff8cc14
2024-02-26 09:18:25,087 [a70c1067-2103-48d8-b21c-f7bdcf327398-ContainerReader-0] INFO  ozoneimpl.ContainerReader (ContainerReader.java:readVolume(148)) - Start to verify containers on volume /home/runner/work/ozone/ozone/hadoop-ozone/integration-test/target/test-dir/MiniOzoneClusterImpl-0d79f430-b8c0-477e-97b7-98e50d733022/ozone-meta/datanode-2/data-0/hdds
2024-02-26 09:18:25,087 [a70c1067-2103-48d8-b21c-f7bdcf327398-ContainerReader-0] INFO  ozoneimpl.ContainerReader (ContainerReader.java:readVolume(178)) - Finish verifying containers on volume /home/runner/work/ozone/ozone/hadoop-ozone/integration-test/target/test-dir/MiniOzoneClusterImpl-0d79f430-b8c0-477e-97b7-98e50d733022/ozone-meta/datanode-2/data-0/hdds
2024-02-26 09:18:25,087 [a70c1067-2103-48d8-b21c-f7bdcf327398-EndpointStateMachineTaskThread-/0.0.0.0:15002-0 ] INFO  ozoneimpl.OzoneContainer (OzoneContainer.java:buildContainerSet(328)) - Build ContainerSet costs 0s
2024-02-26 09:18:25,088 [a70c1067-2103-48d8-b21c-f7bdcf327398-EndpointStateMachineTaskThread-/0.0.0.0:15002-0 ] INFO  volume.ThrottledAsyncChecker (ThrottledAsyncChecker.java:schedule(141)) - Scheduling a check for /home/runner/work/ozone/ozone/hadoop-ozone/integration-test/target/test-dir/MiniOzoneClusterImpl-0d79f430-b8c0-477e-97b7-98e50d733022/ozone-meta/datanode-2/data-0/hdds
2024-02-26 09:18:25,092 [a70c1067-2103-48d8-b21c-f7bdcf327398-EndpointStateMachineTaskThread-/0.0.0.0:15002-0 ] INFO  volume.StorageVolumeChecker (StorageVolumeChecker.java:checkAllVolumes(218)) - Scheduled health check for volume /home/runner/work/ozone/ozone/hadoop-ozone/integration-test/target/test-dir/MiniOzoneClusterImpl-0d79f430-b8c0-477e-97b7-98e50d733022/ozone-meta/datanode-2/data-0/hdds
2024-02-26 09:18:25,093 [a70c1067-2103-48d8-b21c-f7bdcf327398-EndpointStateMachineTaskThread-/0.0.0.0:15002-0 ] INFO  volume.ThrottledAsyncChecker (ThrottledAsyncChecker.java:schedule(141)) - Scheduling a check for /home/runner/work/ozone/ozone/hadoop-ozone/integration-test/target/test-dir/MiniOzoneClusterImpl-0d79f430-b8c0-477e-97b7-98e50d733022/ozone-meta/datanode-2/ratis
2024-02-26 09:18:25,093 [a70c1067-2103-48d8-b21c-f7bdcf327398-EndpointStateMachineTaskThread-/0.0.0.0:15002-0 ] INFO  volume.StorageVolumeChecker (StorageVolumeChecker.java:checkAllVolumes(218)) - Scheduled health check for volume /home/runner/work/ozone/ozone/hadoop-ozone/integration-test/target/test-dir/MiniOzoneClusterImpl-0d79f430-b8c0-477e-97b7-98e50d733022/ozone-meta/datanode-2/ratis
2024-02-26 09:18:25,094 [a70c1067-2103-48d8-b21c-f7bdcf327398-EndpointStateMachineTaskThread-/0.0.0.0:15002-0 ] INFO  ozoneimpl.OzoneContainer (OzoneContainer.java:start(459)) - Attempting to start container services.
2024-02-26 09:18:25,094 [a70c1067-2103-48d8-b21c-f7bdcf327398-EndpointStateMachineTaskThread-/0.0.0.0:15002-0 ] INFO  ozoneimpl.OzoneContainer (OzoneContainer.java:startContainerScrub(339)) - Scheduled background container scanners and the on-demand container scanner have been disabled.
2024-02-26 09:18:25,096 [a70c1067-2103-48d8-b21c-f7bdcf327398-EndpointStateMachineTaskThread-/0.0.0.0:15002-0 ] INFO  replication.ReplicationServer (ReplicationServer.java:start(140)) - ReplicationServer is started using port 15025
2024-02-26 09:18:25,096 [a70c1067-2103-48d8-b21c-f7bdcf327398-EndpointStateMachineTaskThread-/0.0.0.0:15002-0 ] INFO  ratis.XceiverServerRatis (XceiverServerRatis.java:start(566)) - Starting XceiverServerRatis a70c1067-2103-48d8-b21c-f7bdcf327398
2024-02-26 09:18:25,098 [a70c1067-2103-48d8-b21c-f7bdcf327398-EndpointStateMachineTaskThread-/0.0.0.0:15002-0 ] INFO  server.RaftServer (RaftServerProxy.java:startImpl(406)) - a70c1067-2103-48d8-b21c-f7bdcf327398: start RPC server
2024-02-26 09:18:25,099 [a70c1067-2103-48d8-b21c-f7bdcf327398-EndpointStateMachineTaskThread-/0.0.0.0:15002-0 ] INFO  server.GrpcService (GrpcService.java:startImpl(302)) - a70c1067-2103-48d8-b21c-f7bdcf327398: GrpcService started, listening on 15021
2024-02-26 09:18:25,101 [a70c1067-2103-48d8-b21c-f7bdcf327398-EndpointStateMachineTaskThread-/0.0.0.0:15002-0 ] INFO  server.GrpcService (GrpcService.java:startImpl(302)) - a70c1067-2103-48d8-b21c-f7bdcf327398: GrpcService started, listening on 15023
2024-02-26 09:18:25,104 [a70c1067-2103-48d8-b21c-f7bdcf327398-EndpointStateMachineTaskThread-/0.0.0.0:15002-0 ] INFO  server.GrpcService (GrpcService.java:startImpl(302)) - a70c1067-2103-48d8-b21c-f7bdcf327398: GrpcService started, listening on 15022
2024-02-26 09:18:25,104 [a70c1067-2103-48d8-b21c-f7bdcf327398-EndpointStateMachineTaskThread-/0.0.0.0:15002-0 ] INFO  ratis.XceiverServerRatis (XceiverServerRatis.java:getRealPort(592)) - XceiverServerRatis a70c1067-2103-48d8-b21c-f7bdcf327398 is started using port 15021 for RATIS
2024-02-26 09:18:25,104 [JvmPauseMonitor3] INFO  util.JvmPauseMonitor (JvmPauseMonitor.java:run(146)) - JvmPauseMonitor-a70c1067-2103-48d8-b21c-f7bdcf327398: Started
2024-02-26 09:18:25,104 [a70c1067-2103-48d8-b21c-f7bdcf327398-EndpointStateMachineTaskThread-/0.0.0.0:15002-0 ] INFO  ratis.XceiverServerRatis (XceiverServerRatis.java:getRealPort(592)) - XceiverServerRatis a70c1067-2103-48d8-b21c-f7bdcf327398 is started using port 15022 for RATIS_ADMIN
2024-02-26 09:18:25,106 [a70c1067-2103-48d8-b21c-f7bdcf327398-EndpointStateMachineTaskThread-/0.0.0.0:15002-0 ] INFO  ratis.XceiverServerRatis (XceiverServerRatis.java:getRealPort(592)) - XceiverServerRatis a70c1067-2103-48d8-b21c-f7bdcf327398 is started using port 15023 for RATIS_SERVER
2024-02-26 09:18:25,106 [a70c1067-2103-48d8-b21c-f7bdcf327398-EndpointStateMachineTaskThread-/0.0.0.0:15002-0 ] INFO  ratis.XceiverServerRatis (XceiverServerRatis.java:getRealPort(592)) - XceiverServerRatis a70c1067-2103-48d8-b21c-f7bdcf327398 is started using port 15024 for RATIS_DATASTREAM
2024-02-26 09:18:25,109 [a70c1067-2103-48d8-b21c-f7bdcf327398-BlockDeletingService#0] INFO  interfaces.ContainerDeletionChoosingPolicyTemplate (ContainerDeletionChoosingPolicyTemplate.java:chooseContainerForBlockDeletion(85)) - Chosen 0/5000 blocks from 0 candidate containers.
2024-02-26 09:18:25,216 [f0a2b3de-ed07-43d6-bdce-9d4b8e15ed2c-EndpointStateMachineTaskThread-/0.0.0.0:15002-0 ] INFO  utils.DatanodeStoreCache (DatanodeStoreCache.java:addDB(72)) - Added db /home/runner/work/ozone/ozone/hadoop-ozone/integration-test/target/test-dir/MiniOzoneClusterImpl-0d79f430-b8c0-477e-97b7-98e50d733022/ozone-meta/datanode-3/data-0/hdds/0d79f430-b8c0-477e-97b7-98e50d733022/DS-2722cb2f-2714-48a3-bdff-c6fdd70e9b5b/container.db to cache
2024-02-26 09:18:25,216 [f0a2b3de-ed07-43d6-bdce-9d4b8e15ed2c-EndpointStateMachineTaskThread-/0.0.0.0:15002-0 ] INFO  volume.HddsVolume (HddsVolume.java:createDbStore(420)) - SchemaV3 db is created and loaded at /home/runner/work/ozone/ozone/hadoop-ozone/integration-test/target/test-dir/MiniOzoneClusterImpl-0d79f430-b8c0-477e-97b7-98e50d733022/ozone-meta/datanode-3/data-0/hdds/0d79f430-b8c0-477e-97b7-98e50d733022/DS-2722cb2f-2714-48a3-bdff-c6fdd70e9b5b/container.db for volume DS-2722cb2f-2714-48a3-bdff-c6fdd70e9b5b
2024-02-26 09:18:25,217 [f0a2b3de-ed07-43d6-bdce-9d4b8e15ed2c-ContainerReader-0] INFO  ozoneimpl.ContainerReader (ContainerReader.java:readVolume(148)) - Start to verify containers on volume /home/runner/work/ozone/ozone/hadoop-ozone/integration-test/target/test-dir/MiniOzoneClusterImpl-0d79f430-b8c0-477e-97b7-98e50d733022/ozone-meta/datanode-3/data-0/hdds
2024-02-26 09:18:25,218 [f0a2b3de-ed07-43d6-bdce-9d4b8e15ed2c-ContainerReader-0] INFO  ozoneimpl.ContainerReader (ContainerReader.java:readVolume(178)) - Finish verifying containers on volume /home/runner/work/ozone/ozone/hadoop-ozone/integration-test/target/test-dir/MiniOzoneClusterImpl-0d79f430-b8c0-477e-97b7-98e50d733022/ozone-meta/datanode-3/data-0/hdds
2024-02-26 09:18:25,218 [f0a2b3de-ed07-43d6-bdce-9d4b8e15ed2c-EndpointStateMachineTaskThread-/0.0.0.0:15002-0 ] INFO  ozoneimpl.OzoneContainer (OzoneContainer.java:buildContainerSet(328)) - Build ContainerSet costs 0s
2024-02-26 09:18:25,218 [f0a2b3de-ed07-43d6-bdce-9d4b8e15ed2c-EndpointStateMachineTaskThread-/0.0.0.0:15002-0 ] INFO  volume.ThrottledAsyncChecker (ThrottledAsyncChecker.java:schedule(141)) - Scheduling a check for /home/runner/work/ozone/ozone/hadoop-ozone/integration-test/target/test-dir/MiniOzoneClusterImpl-0d79f430-b8c0-477e-97b7-98e50d733022/ozone-meta/datanode-3/data-0/hdds
2024-02-26 09:18:25,219 [f0a2b3de-ed07-43d6-bdce-9d4b8e15ed2c-EndpointStateMachineTaskThread-/0.0.0.0:15002-0 ] INFO  volume.StorageVolumeChecker (StorageVolumeChecker.java:checkAllVolumes(218)) - Scheduled health check for volume /home/runner/work/ozone/ozone/hadoop-ozone/integration-test/target/test-dir/MiniOzoneClusterImpl-0d79f430-b8c0-477e-97b7-98e50d733022/ozone-meta/datanode-3/data-0/hdds
2024-02-26 09:18:25,220 [f0a2b3de-ed07-43d6-bdce-9d4b8e15ed2c-EndpointStateMachineTaskThread-/0.0.0.0:15002-0 ] INFO  volume.ThrottledAsyncChecker (ThrottledAsyncChecker.java:schedule(141)) - Scheduling a check for /home/runner/work/ozone/ozone/hadoop-ozone/integration-test/target/test-dir/MiniOzoneClusterImpl-0d79f430-b8c0-477e-97b7-98e50d733022/ozone-meta/datanode-3/ratis
2024-02-26 09:18:25,220 [f0a2b3de-ed07-43d6-bdce-9d4b8e15ed2c-EndpointStateMachineTaskThread-/0.0.0.0:15002-0 ] INFO  volume.StorageVolumeChecker (StorageVolumeChecker.java:checkAllVolumes(218)) - Scheduled health check for volume /home/runner/work/ozone/ozone/hadoop-ozone/integration-test/target/test-dir/MiniOzoneClusterImpl-0d79f430-b8c0-477e-97b7-98e50d733022/ozone-meta/datanode-3/ratis
2024-02-26 09:18:25,221 [f0a2b3de-ed07-43d6-bdce-9d4b8e15ed2c-EndpointStateMachineTaskThread-/0.0.0.0:15002-0 ] INFO  ozoneimpl.OzoneContainer (OzoneContainer.java:start(459)) - Attempting to start container services.
2024-02-26 09:18:25,221 [f0a2b3de-ed07-43d6-bdce-9d4b8e15ed2c-EndpointStateMachineTaskThread-/0.0.0.0:15002-0 ] INFO  ozoneimpl.OzoneContainer (OzoneContainer.java:startContainerScrub(339)) - Scheduled background container scanners and the on-demand container scanner have been disabled.
2024-02-26 09:18:25,223 [f0a2b3de-ed07-43d6-bdce-9d4b8e15ed2c-EndpointStateMachineTaskThread-/0.0.0.0:15002-0 ] INFO  replication.ReplicationServer (ReplicationServer.java:start(140)) - ReplicationServer is started using port 15034
2024-02-26 09:18:25,223 [f0a2b3de-ed07-43d6-bdce-9d4b8e15ed2c-EndpointStateMachineTaskThread-/0.0.0.0:15002-0 ] INFO  ratis.XceiverServerRatis (XceiverServerRatis.java:start(566)) - Starting XceiverServerRatis f0a2b3de-ed07-43d6-bdce-9d4b8e15ed2c
2024-02-26 09:18:25,223 [f0a2b3de-ed07-43d6-bdce-9d4b8e15ed2c-EndpointStateMachineTaskThread-/0.0.0.0:15002-0 ] INFO  server.RaftServer (RaftServerProxy.java:startImpl(406)) - f0a2b3de-ed07-43d6-bdce-9d4b8e15ed2c: start RPC server
2024-02-26 09:18:25,225 [f0a2b3de-ed07-43d6-bdce-9d4b8e15ed2c-EndpointStateMachineTaskThread-/0.0.0.0:15002-0 ] INFO  server.GrpcService (GrpcService.java:startImpl(302)) - f0a2b3de-ed07-43d6-bdce-9d4b8e15ed2c: GrpcService started, listening on 15030
2024-02-26 09:18:25,226 [f0a2b3de-ed07-43d6-bdce-9d4b8e15ed2c-EndpointStateMachineTaskThread-/0.0.0.0:15002-0 ] INFO  server.GrpcService (GrpcService.java:startImpl(302)) - f0a2b3de-ed07-43d6-bdce-9d4b8e15ed2c: GrpcService started, listening on 15032
2024-02-26 09:18:25,228 [f0a2b3de-ed07-43d6-bdce-9d4b8e15ed2c-EndpointStateMachineTaskThread-/0.0.0.0:15002-0 ] INFO  server.GrpcService (GrpcService.java:startImpl(302)) - f0a2b3de-ed07-43d6-bdce-9d4b8e15ed2c: GrpcService started, listening on 15031
2024-02-26 09:18:25,228 [f0a2b3de-ed07-43d6-bdce-9d4b8e15ed2c-EndpointStateMachineTaskThread-/0.0.0.0:15002-0 ] INFO  ratis.XceiverServerRatis (XceiverServerRatis.java:getRealPort(592)) - XceiverServerRatis f0a2b3de-ed07-43d6-bdce-9d4b8e15ed2c is started using port 15030 for RATIS
2024-02-26 09:18:25,228 [f0a2b3de-ed07-43d6-bdce-9d4b8e15ed2c-EndpointStateMachineTaskThread-/0.0.0.0:15002-0 ] INFO  ratis.XceiverServerRatis (XceiverServerRatis.java:getRealPort(592)) - XceiverServerRatis f0a2b3de-ed07-43d6-bdce-9d4b8e15ed2c is started using port 15031 for RATIS_ADMIN
2024-02-26 09:18:25,228 [JvmPauseMonitor4] INFO  util.JvmPauseMonitor (JvmPauseMonitor.java:run(146)) - JvmPauseMonitor-f0a2b3de-ed07-43d6-bdce-9d4b8e15ed2c: Started
2024-02-26 09:18:25,229 [f0a2b3de-ed07-43d6-bdce-9d4b8e15ed2c-EndpointStateMachineTaskThread-/0.0.0.0:15002-0 ] INFO  ratis.XceiverServerRatis (XceiverServerRatis.java:getRealPort(592)) - XceiverServerRatis f0a2b3de-ed07-43d6-bdce-9d4b8e15ed2c is started using port 15032 for RATIS_SERVER
2024-02-26 09:18:25,229 [f0a2b3de-ed07-43d6-bdce-9d4b8e15ed2c-EndpointStateMachineTaskThread-/0.0.0.0:15002-0 ] INFO  ratis.XceiverServerRatis (XceiverServerRatis.java:getRealPort(592)) - XceiverServerRatis f0a2b3de-ed07-43d6-bdce-9d4b8e15ed2c is started using port 15033 for RATIS_DATASTREAM
2024-02-26 09:18:25,233 [f0a2b3de-ed07-43d6-bdce-9d4b8e15ed2c-BlockDeletingService#0] INFO  interfaces.ContainerDeletionChoosingPolicyTemplate (ContainerDeletionChoosingPolicyTemplate.java:chooseContainerForBlockDeletion(85)) - Chosen 0/5000 blocks from 0 candidate containers.
2024-02-26 09:18:25,419 [805285a9-14be-4ba5-9516-049ed8f85315-EndpointStateMachineTaskThread-/0.0.0.0:15002-0 ] INFO  utils.DatanodeStoreCache (DatanodeStoreCache.java:addDB(72)) - Added db /home/runner/work/ozone/ozone/hadoop-ozone/integration-test/target/test-dir/MiniOzoneClusterImpl-0d79f430-b8c0-477e-97b7-98e50d733022/ozone-meta/datanode-4/data-0/hdds/0d79f430-b8c0-477e-97b7-98e50d733022/DS-b20852ea-28ac-4729-8d9a-3b20380322b6/container.db to cache
2024-02-26 09:18:25,420 [805285a9-14be-4ba5-9516-049ed8f85315-EndpointStateMachineTaskThread-/0.0.0.0:15002-0 ] INFO  volume.HddsVolume (HddsVolume.java:createDbStore(420)) - SchemaV3 db is created and loaded at /home/runner/work/ozone/ozone/hadoop-ozone/integration-test/target/test-dir/MiniOzoneClusterImpl-0d79f430-b8c0-477e-97b7-98e50d733022/ozone-meta/datanode-4/data-0/hdds/0d79f430-b8c0-477e-97b7-98e50d733022/DS-b20852ea-28ac-4729-8d9a-3b20380322b6/container.db for volume DS-b20852ea-28ac-4729-8d9a-3b20380322b6
2024-02-26 09:18:25,421 [805285a9-14be-4ba5-9516-049ed8f85315-ContainerReader-0] INFO  ozoneimpl.ContainerReader (ContainerReader.java:readVolume(148)) - Start to verify containers on volume /home/runner/work/ozone/ozone/hadoop-ozone/integration-test/target/test-dir/MiniOzoneClusterImpl-0d79f430-b8c0-477e-97b7-98e50d733022/ozone-meta/datanode-4/data-0/hdds
2024-02-26 09:18:25,421 [805285a9-14be-4ba5-9516-049ed8f85315-ContainerReader-0] INFO  ozoneimpl.ContainerReader (ContainerReader.java:readVolume(178)) - Finish verifying containers on volume /home/runner/work/ozone/ozone/hadoop-ozone/integration-test/target/test-dir/MiniOzoneClusterImpl-0d79f430-b8c0-477e-97b7-98e50d733022/ozone-meta/datanode-4/data-0/hdds
2024-02-26 09:18:25,421 [805285a9-14be-4ba5-9516-049ed8f85315-EndpointStateMachineTaskThread-/0.0.0.0:15002-0 ] INFO  ozoneimpl.OzoneContainer (OzoneContainer.java:buildContainerSet(328)) - Build ContainerSet costs 0s
2024-02-26 09:18:25,422 [805285a9-14be-4ba5-9516-049ed8f85315-EndpointStateMachineTaskThread-/0.0.0.0:15002-0 ] INFO  volume.ThrottledAsyncChecker (ThrottledAsyncChecker.java:schedule(141)) - Scheduling a check for /home/runner/work/ozone/ozone/hadoop-ozone/integration-test/target/test-dir/MiniOzoneClusterImpl-0d79f430-b8c0-477e-97b7-98e50d733022/ozone-meta/datanode-4/data-0/hdds
2024-02-26 09:18:25,422 [805285a9-14be-4ba5-9516-049ed8f85315-EndpointStateMachineTaskThread-/0.0.0.0:15002-0 ] INFO  volume.StorageVolumeChecker (StorageVolumeChecker.java:checkAllVolumes(218)) - Scheduled health check for volume /home/runner/work/ozone/ozone/hadoop-ozone/integration-test/target/test-dir/MiniOzoneClusterImpl-0d79f430-b8c0-477e-97b7-98e50d733022/ozone-meta/datanode-4/data-0/hdds
2024-02-26 09:18:25,424 [805285a9-14be-4ba5-9516-049ed8f85315-EndpointStateMachineTaskThread-/0.0.0.0:15002-0 ] INFO  volume.ThrottledAsyncChecker (ThrottledAsyncChecker.java:schedule(141)) - Scheduling a check for /home/runner/work/ozone/ozone/hadoop-ozone/integration-test/target/test-dir/MiniOzoneClusterImpl-0d79f430-b8c0-477e-97b7-98e50d733022/ozone-meta/datanode-4/ratis
2024-02-26 09:18:25,424 [805285a9-14be-4ba5-9516-049ed8f85315-EndpointStateMachineTaskThread-/0.0.0.0:15002-0 ] INFO  volume.StorageVolumeChecker (StorageVolumeChecker.java:checkAllVolumes(218)) - Scheduled health check for volume /home/runner/work/ozone/ozone/hadoop-ozone/integration-test/target/test-dir/MiniOzoneClusterImpl-0d79f430-b8c0-477e-97b7-98e50d733022/ozone-meta/datanode-4/ratis
2024-02-26 09:18:25,425 [805285a9-14be-4ba5-9516-049ed8f85315-EndpointStateMachineTaskThread-/0.0.0.0:15002-0 ] INFO  ozoneimpl.OzoneContainer (OzoneContainer.java:start(459)) - Attempting to start container services.
2024-02-26 09:18:25,425 [805285a9-14be-4ba5-9516-049ed8f85315-EndpointStateMachineTaskThread-/0.0.0.0:15002-0 ] INFO  ozoneimpl.OzoneContainer (OzoneContainer.java:startContainerScrub(339)) - Scheduled background container scanners and the on-demand container scanner have been disabled.
2024-02-26 09:18:25,427 [805285a9-14be-4ba5-9516-049ed8f85315-EndpointStateMachineTaskThread-/0.0.0.0:15002-0 ] INFO  replication.ReplicationServer (ReplicationServer.java:start(140)) - ReplicationServer is started using port 15043
2024-02-26 09:18:25,427 [805285a9-14be-4ba5-9516-049ed8f85315-EndpointStateMachineTaskThread-/0.0.0.0:15002-0 ] INFO  ratis.XceiverServerRatis (XceiverServerRatis.java:start(566)) - Starting XceiverServerRatis 805285a9-14be-4ba5-9516-049ed8f85315
2024-02-26 09:18:25,428 [805285a9-14be-4ba5-9516-049ed8f85315-EndpointStateMachineTaskThread-/0.0.0.0:15002-0 ] INFO  server.RaftServer (RaftServerProxy.java:startImpl(406)) - 805285a9-14be-4ba5-9516-049ed8f85315: start RPC server
2024-02-26 09:18:25,429 [805285a9-14be-4ba5-9516-049ed8f85315-EndpointStateMachineTaskThread-/0.0.0.0:15002-0 ] INFO  server.GrpcService (GrpcService.java:startImpl(302)) - 805285a9-14be-4ba5-9516-049ed8f85315: GrpcService started, listening on 15039
2024-02-26 09:18:25,431 [805285a9-14be-4ba5-9516-049ed8f85315-EndpointStateMachineTaskThread-/0.0.0.0:15002-0 ] INFO  server.GrpcService (GrpcService.java:startImpl(302)) - 805285a9-14be-4ba5-9516-049ed8f85315: GrpcService started, listening on 15041
2024-02-26 09:18:25,438 [805285a9-14be-4ba5-9516-049ed8f85315-EndpointStateMachineTaskThread-/0.0.0.0:15002-0 ] INFO  server.GrpcService (GrpcService.java:startImpl(302)) - 805285a9-14be-4ba5-9516-049ed8f85315: GrpcService started, listening on 15040
2024-02-26 09:18:25,438 [805285a9-14be-4ba5-9516-049ed8f85315-EndpointStateMachineTaskThread-/0.0.0.0:15002-0 ] INFO  ratis.XceiverServerRatis (XceiverServerRatis.java:getRealPort(592)) - XceiverServerRatis 805285a9-14be-4ba5-9516-049ed8f85315 is started using port 15039 for RATIS
2024-02-26 09:18:25,438 [805285a9-14be-4ba5-9516-049ed8f85315-EndpointStateMachineTaskThread-/0.0.0.0:15002-0 ] INFO  ratis.XceiverServerRatis (XceiverServerRatis.java:getRealPort(592)) - XceiverServerRatis 805285a9-14be-4ba5-9516-049ed8f85315 is started using port 15040 for RATIS_ADMIN
2024-02-26 09:18:25,438 [805285a9-14be-4ba5-9516-049ed8f85315-EndpointStateMachineTaskThread-/0.0.0.0:15002-0 ] INFO  ratis.XceiverServerRatis (XceiverServerRatis.java:getRealPort(592)) - XceiverServerRatis 805285a9-14be-4ba5-9516-049ed8f85315 is started using port 15041 for RATIS_SERVER
2024-02-26 09:18:25,438 [805285a9-14be-4ba5-9516-049ed8f85315-EndpointStateMachineTaskThread-/0.0.0.0:15002-0 ] INFO  ratis.XceiverServerRatis (XceiverServerRatis.java:getRealPort(592)) - XceiverServerRatis 805285a9-14be-4ba5-9516-049ed8f85315 is started using port 15042 for RATIS_DATASTREAM
2024-02-26 09:18:25,438 [JvmPauseMonitor5] INFO  util.JvmPauseMonitor (JvmPauseMonitor.java:run(146)) - JvmPauseMonitor-805285a9-14be-4ba5-9516-049ed8f85315: Started
2024-02-26 09:18:25,441 [805285a9-14be-4ba5-9516-049ed8f85315-BlockDeletingService#0] INFO  interfaces.ContainerDeletionChoosingPolicyTemplate (ContainerDeletionChoosingPolicyTemplate.java:chooseContainerForBlockDeletion(85)) - Chosen 0/5000 blocks from 0 candidate containers.
2024-02-26 09:18:25,557 [main] INFO  ozone.MiniOzoneClusterImpl (MiniOzoneClusterImpl.java:lambda$waitForClusterToBeReady$0(195)) - Waiting for nodes to be ready. Got 0 of 14 DN Heartbeats.
2024-02-26 09:18:25,557 [main] INFO  ozone.MiniOzoneClusterImpl (MiniOzoneClusterImpl.java:lambda$waitForClusterToBeReady$0(198)) - Waiting for cluster to exit safe mode
2024-02-26 09:18:25,557 [main] INFO  ozone.MiniOzoneClusterImpl (MiniOzoneClusterImpl.java:lambda$waitForClusterToBeReady$0(200)) - SCM became leader
2024-02-26 09:18:25,575 [62c7a6b6-874c-46f0-a24f-66d1ecaaa81b-EndpointStateMachineTaskThread-/0.0.0.0:15002-0 ] INFO  utils.DatanodeStoreCache (DatanodeStoreCache.java:addDB(72)) - Added db /home/runner/work/ozone/ozone/hadoop-ozone/integration-test/target/test-dir/MiniOzoneClusterImpl-0d79f430-b8c0-477e-97b7-98e50d733022/ozone-meta/datanode-5/data-0/hdds/0d79f430-b8c0-477e-97b7-98e50d733022/DS-1500afb7-927e-462e-80aa-214708e18f9b/container.db to cache
2024-02-26 09:18:25,576 [62c7a6b6-874c-46f0-a24f-66d1ecaaa81b-EndpointStateMachineTaskThread-/0.0.0.0:15002-0 ] INFO  volume.HddsVolume (HddsVolume.java:createDbStore(420)) - SchemaV3 db is created and loaded at /home/runner/work/ozone/ozone/hadoop-ozone/integration-test/target/test-dir/MiniOzoneClusterImpl-0d79f430-b8c0-477e-97b7-98e50d733022/ozone-meta/datanode-5/data-0/hdds/0d79f430-b8c0-477e-97b7-98e50d733022/DS-1500afb7-927e-462e-80aa-214708e18f9b/container.db for volume DS-1500afb7-927e-462e-80aa-214708e18f9b
2024-02-26 09:18:25,577 [62c7a6b6-874c-46f0-a24f-66d1ecaaa81b-ContainerReader-0] INFO  ozoneimpl.ContainerReader (ContainerReader.java:readVolume(148)) - Start to verify containers on volume /home/runner/work/ozone/ozone/hadoop-ozone/integration-test/target/test-dir/MiniOzoneClusterImpl-0d79f430-b8c0-477e-97b7-98e50d733022/ozone-meta/datanode-5/data-0/hdds
2024-02-26 09:18:25,577 [62c7a6b6-874c-46f0-a24f-66d1ecaaa81b-ContainerReader-0] INFO  ozoneimpl.ContainerReader (ContainerReader.java:readVolume(178)) - Finish verifying containers on volume /home/runner/work/ozone/ozone/hadoop-ozone/integration-test/target/test-dir/MiniOzoneClusterImpl-0d79f430-b8c0-477e-97b7-98e50d733022/ozone-meta/datanode-5/data-0/hdds
2024-02-26 09:18:25,577 [62c7a6b6-874c-46f0-a24f-66d1ecaaa81b-EndpointStateMachineTaskThread-/0.0.0.0:15002-0 ] INFO  ozoneimpl.OzoneContainer (OzoneContainer.java:buildContainerSet(328)) - Build ContainerSet costs 0s
2024-02-26 09:18:25,580 [62c7a6b6-874c-46f0-a24f-66d1ecaaa81b-EndpointStateMachineTaskThread-/0.0.0.0:15002-0 ] INFO  volume.ThrottledAsyncChecker (ThrottledAsyncChecker.java:schedule(141)) - Scheduling a check for /home/runner/work/ozone/ozone/hadoop-ozone/integration-test/target/test-dir/MiniOzoneClusterImpl-0d79f430-b8c0-477e-97b7-98e50d733022/ozone-meta/datanode-5/data-0/hdds
2024-02-26 09:18:25,580 [62c7a6b6-874c-46f0-a24f-66d1ecaaa81b-EndpointStateMachineTaskThread-/0.0.0.0:15002-0 ] INFO  volume.StorageVolumeChecker (StorageVolumeChecker.java:checkAllVolumes(218)) - Scheduled health check for volume /home/runner/work/ozone/ozone/hadoop-ozone/integration-test/target/test-dir/MiniOzoneClusterImpl-0d79f430-b8c0-477e-97b7-98e50d733022/ozone-meta/datanode-5/data-0/hdds
2024-02-26 09:18:25,582 [62c7a6b6-874c-46f0-a24f-66d1ecaaa81b-EndpointStateMachineTaskThread-/0.0.0.0:15002-0 ] INFO  volume.ThrottledAsyncChecker (ThrottledAsyncChecker.java:schedule(141)) - Scheduling a check for /home/runner/work/ozone/ozone/hadoop-ozone/integration-test/target/test-dir/MiniOzoneClusterImpl-0d79f430-b8c0-477e-97b7-98e50d733022/ozone-meta/datanode-5/ratis
2024-02-26 09:18:25,582 [62c7a6b6-874c-46f0-a24f-66d1ecaaa81b-EndpointStateMachineTaskThread-/0.0.0.0:15002-0 ] INFO  volume.StorageVolumeChecker (StorageVolumeChecker.java:checkAllVolumes(218)) - Scheduled health check for volume /home/runner/work/ozone/ozone/hadoop-ozone/integration-test/target/test-dir/MiniOzoneClusterImpl-0d79f430-b8c0-477e-97b7-98e50d733022/ozone-meta/datanode-5/ratis
2024-02-26 09:18:25,582 [62c7a6b6-874c-46f0-a24f-66d1ecaaa81b-EndpointStateMachineTaskThread-/0.0.0.0:15002-0 ] INFO  ozoneimpl.OzoneContainer (OzoneContainer.java:start(459)) - Attempting to start container services.
2024-02-26 09:18:25,583 [62c7a6b6-874c-46f0-a24f-66d1ecaaa81b-EndpointStateMachineTaskThread-/0.0.0.0:15002-0 ] INFO  ozoneimpl.OzoneContainer (OzoneContainer.java:startContainerScrub(339)) - Scheduled background container scanners and the on-demand container scanner have been disabled.
2024-02-26 09:18:25,583 [62c7a6b6-874c-46f0-a24f-66d1ecaaa81b-EndpointStateMachineTaskThread-/0.0.0.0:15002-0 ] INFO  replication.ReplicationServer (ReplicationServer.java:start(140)) - ReplicationServer is started using port 15052
2024-02-26 09:18:25,584 [62c7a6b6-874c-46f0-a24f-66d1ecaaa81b-EndpointStateMachineTaskThread-/0.0.0.0:15002-0 ] INFO  ratis.XceiverServerRatis (XceiverServerRatis.java:start(566)) - Starting XceiverServerRatis 62c7a6b6-874c-46f0-a24f-66d1ecaaa81b
2024-02-26 09:18:25,584 [62c7a6b6-874c-46f0-a24f-66d1ecaaa81b-EndpointStateMachineTaskThread-/0.0.0.0:15002-0 ] INFO  server.RaftServer (RaftServerProxy.java:startImpl(406)) - 62c7a6b6-874c-46f0-a24f-66d1ecaaa81b: start RPC server
2024-02-26 09:18:25,585 [62c7a6b6-874c-46f0-a24f-66d1ecaaa81b-EndpointStateMachineTaskThread-/0.0.0.0:15002-0 ] INFO  server.GrpcService (GrpcService.java:startImpl(302)) - 62c7a6b6-874c-46f0-a24f-66d1ecaaa81b: GrpcService started, listening on 15048
2024-02-26 09:18:25,586 [62c7a6b6-874c-46f0-a24f-66d1ecaaa81b-EndpointStateMachineTaskThread-/0.0.0.0:15002-0 ] INFO  server.GrpcService (GrpcService.java:startImpl(302)) - 62c7a6b6-874c-46f0-a24f-66d1ecaaa81b: GrpcService started, listening on 15050
2024-02-26 09:18:25,587 [62c7a6b6-874c-46f0-a24f-66d1ecaaa81b-EndpointStateMachineTaskThread-/0.0.0.0:15002-0 ] INFO  server.GrpcService (GrpcService.java:startImpl(302)) - 62c7a6b6-874c-46f0-a24f-66d1ecaaa81b: GrpcService started, listening on 15049
2024-02-26 09:18:25,587 [62c7a6b6-874c-46f0-a24f-66d1ecaaa81b-EndpointStateMachineTaskThread-/0.0.0.0:15002-0 ] INFO  ratis.XceiverServerRatis (XceiverServerRatis.java:getRealPort(592)) - XceiverServerRatis 62c7a6b6-874c-46f0-a24f-66d1ecaaa81b is started using port 15048 for RATIS
2024-02-26 09:18:25,587 [62c7a6b6-874c-46f0-a24f-66d1ecaaa81b-EndpointStateMachineTaskThread-/0.0.0.0:15002-0 ] INFO  ratis.XceiverServerRatis (XceiverServerRatis.java:getRealPort(592)) - XceiverServerRatis 62c7a6b6-874c-46f0-a24f-66d1ecaaa81b is started using port 15049 for RATIS_ADMIN
2024-02-26 09:18:25,587 [62c7a6b6-874c-46f0-a24f-66d1ecaaa81b-EndpointStateMachineTaskThread-/0.0.0.0:15002-0 ] INFO  ratis.XceiverServerRatis (XceiverServerRatis.java:getRealPort(592)) - XceiverServerRatis 62c7a6b6-874c-46f0-a24f-66d1ecaaa81b is started using port 15050 for RATIS_SERVER
2024-02-26 09:18:25,587 [62c7a6b6-874c-46f0-a24f-66d1ecaaa81b-EndpointStateMachineTaskThread-/0.0.0.0:15002-0 ] INFO  ratis.XceiverServerRatis (XceiverServerRatis.java:getRealPort(592)) - XceiverServerRatis 62c7a6b6-874c-46f0-a24f-66d1ecaaa81b is started using port 15051 for RATIS_DATASTREAM
2024-02-26 09:18:25,587 [JvmPauseMonitor6] INFO  util.JvmPauseMonitor (JvmPauseMonitor.java:run(146)) - JvmPauseMonitor-62c7a6b6-874c-46f0-a24f-66d1ecaaa81b: Started
2024-02-26 09:18:25,590 [62c7a6b6-874c-46f0-a24f-66d1ecaaa81b-BlockDeletingService#0] INFO  interfaces.ContainerDeletionChoosingPolicyTemplate (ContainerDeletionChoosingPolicyTemplate.java:chooseContainerForBlockDeletion(85)) - Chosen 0/5000 blocks from 0 candidate containers.
2024-02-26 09:18:25,702 [bca0bda6-c24b-45de-ae86-b5c7c2d890ab-EndpointStateMachineTaskThread-/0.0.0.0:15002-0 ] INFO  utils.DatanodeStoreCache (DatanodeStoreCache.java:addDB(72)) - Added db /home/runner/work/ozone/ozone/hadoop-ozone/integration-test/target/test-dir/MiniOzoneClusterImpl-0d79f430-b8c0-477e-97b7-98e50d733022/ozone-meta/datanode-6/data-0/hdds/0d79f430-b8c0-477e-97b7-98e50d733022/DS-44984a58-99c2-4daf-a053-85191e3bd7f2/container.db to cache
2024-02-26 09:18:25,702 [bca0bda6-c24b-45de-ae86-b5c7c2d890ab-EndpointStateMachineTaskThread-/0.0.0.0:15002-0 ] INFO  volume.HddsVolume (HddsVolume.java:createDbStore(420)) - SchemaV3 db is created and loaded at /home/runner/work/ozone/ozone/hadoop-ozone/integration-test/target/test-dir/MiniOzoneClusterImpl-0d79f430-b8c0-477e-97b7-98e50d733022/ozone-meta/datanode-6/data-0/hdds/0d79f430-b8c0-477e-97b7-98e50d733022/DS-44984a58-99c2-4daf-a053-85191e3bd7f2/container.db for volume DS-44984a58-99c2-4daf-a053-85191e3bd7f2
2024-02-26 09:18:25,704 [bca0bda6-c24b-45de-ae86-b5c7c2d890ab-ContainerReader-0] INFO  ozoneimpl.ContainerReader (ContainerReader.java:readVolume(148)) - Start to verify containers on volume /home/runner/work/ozone/ozone/hadoop-ozone/integration-test/target/test-dir/MiniOzoneClusterImpl-0d79f430-b8c0-477e-97b7-98e50d733022/ozone-meta/datanode-6/data-0/hdds
2024-02-26 09:18:25,704 [bca0bda6-c24b-45de-ae86-b5c7c2d890ab-ContainerReader-0] INFO  ozoneimpl.ContainerReader (ContainerReader.java:readVolume(178)) - Finish verifying containers on volume /home/runner/work/ozone/ozone/hadoop-ozone/integration-test/target/test-dir/MiniOzoneClusterImpl-0d79f430-b8c0-477e-97b7-98e50d733022/ozone-meta/datanode-6/data-0/hdds
2024-02-26 09:18:25,705 [bca0bda6-c24b-45de-ae86-b5c7c2d890ab-EndpointStateMachineTaskThread-/0.0.0.0:15002-0 ] INFO  ozoneimpl.OzoneContainer (OzoneContainer.java:buildContainerSet(328)) - Build ContainerSet costs 0s
2024-02-26 09:18:25,706 [bca0bda6-c24b-45de-ae86-b5c7c2d890ab-EndpointStateMachineTaskThread-/0.0.0.0:15002-0 ] INFO  volume.ThrottledAsyncChecker (ThrottledAsyncChecker.java:schedule(141)) - Scheduling a check for /home/runner/work/ozone/ozone/hadoop-ozone/integration-test/target/test-dir/MiniOzoneClusterImpl-0d79f430-b8c0-477e-97b7-98e50d733022/ozone-meta/datanode-6/data-0/hdds
2024-02-26 09:18:25,706 [bca0bda6-c24b-45de-ae86-b5c7c2d890ab-EndpointStateMachineTaskThread-/0.0.0.0:15002-0 ] INFO  volume.StorageVolumeChecker (StorageVolumeChecker.java:checkAllVolumes(218)) - Scheduled health check for volume /home/runner/work/ozone/ozone/hadoop-ozone/integration-test/target/test-dir/MiniOzoneClusterImpl-0d79f430-b8c0-477e-97b7-98e50d733022/ozone-meta/datanode-6/data-0/hdds
2024-02-26 09:18:25,708 [bca0bda6-c24b-45de-ae86-b5c7c2d890ab-EndpointStateMachineTaskThread-/0.0.0.0:15002-0 ] INFO  volume.ThrottledAsyncChecker (ThrottledAsyncChecker.java:schedule(141)) - Scheduling a check for /home/runner/work/ozone/ozone/hadoop-ozone/integration-test/target/test-dir/MiniOzoneClusterImpl-0d79f430-b8c0-477e-97b7-98e50d733022/ozone-meta/datanode-6/ratis
2024-02-26 09:18:25,708 [bca0bda6-c24b-45de-ae86-b5c7c2d890ab-EndpointStateMachineTaskThread-/0.0.0.0:15002-0 ] INFO  volume.StorageVolumeChecker (StorageVolumeChecker.java:checkAllVolumes(218)) - Scheduled health check for volume /home/runner/work/ozone/ozone/hadoop-ozone/integration-test/target/test-dir/MiniOzoneClusterImpl-0d79f430-b8c0-477e-97b7-98e50d733022/ozone-meta/datanode-6/ratis
2024-02-26 09:18:25,708 [bca0bda6-c24b-45de-ae86-b5c7c2d890ab-EndpointStateMachineTaskThread-/0.0.0.0:15002-0 ] INFO  ozoneimpl.OzoneContainer (OzoneContainer.java:start(459)) - Attempting to start container services.
2024-02-26 09:18:25,709 [bca0bda6-c24b-45de-ae86-b5c7c2d890ab-EndpointStateMachineTaskThread-/0.0.0.0:15002-0 ] INFO  ozoneimpl.OzoneContainer (OzoneContainer.java:startContainerScrub(339)) - Scheduled background container scanners and the on-demand container scanner have been disabled.
2024-02-26 09:18:25,710 [bca0bda6-c24b-45de-ae86-b5c7c2d890ab-EndpointStateMachineTaskThread-/0.0.0.0:15002-0 ] INFO  replication.ReplicationServer (ReplicationServer.java:start(140)) - ReplicationServer is started using port 15061
2024-02-26 09:18:25,710 [bca0bda6-c24b-45de-ae86-b5c7c2d890ab-EndpointStateMachineTaskThread-/0.0.0.0:15002-0 ] INFO  ratis.XceiverServerRatis (XceiverServerRatis.java:start(566)) - Starting XceiverServerRatis bca0bda6-c24b-45de-ae86-b5c7c2d890ab
2024-02-26 09:18:25,710 [bca0bda6-c24b-45de-ae86-b5c7c2d890ab-EndpointStateMachineTaskThread-/0.0.0.0:15002-0 ] INFO  server.RaftServer (RaftServerProxy.java:startImpl(406)) - bca0bda6-c24b-45de-ae86-b5c7c2d890ab: start RPC server
2024-02-26 09:18:25,711 [bca0bda6-c24b-45de-ae86-b5c7c2d890ab-EndpointStateMachineTaskThread-/0.0.0.0:15002-0 ] INFO  server.GrpcService (GrpcService.java:startImpl(302)) - bca0bda6-c24b-45de-ae86-b5c7c2d890ab: GrpcService started, listening on 15057
2024-02-26 09:18:25,712 [bca0bda6-c24b-45de-ae86-b5c7c2d890ab-EndpointStateMachineTaskThread-/0.0.0.0:15002-0 ] INFO  server.GrpcService (GrpcService.java:startImpl(302)) - bca0bda6-c24b-45de-ae86-b5c7c2d890ab: GrpcService started, listening on 15059
2024-02-26 09:18:25,713 [bca0bda6-c24b-45de-ae86-b5c7c2d890ab-EndpointStateMachineTaskThread-/0.0.0.0:15002-0 ] INFO  server.GrpcService (GrpcService.java:startImpl(302)) - bca0bda6-c24b-45de-ae86-b5c7c2d890ab: GrpcService started, listening on 15058
2024-02-26 09:18:25,713 [bca0bda6-c24b-45de-ae86-b5c7c2d890ab-EndpointStateMachineTaskThread-/0.0.0.0:15002-0 ] INFO  ratis.XceiverServerRatis (XceiverServerRatis.java:getRealPort(592)) - XceiverServerRatis bca0bda6-c24b-45de-ae86-b5c7c2d890ab is started using port 15057 for RATIS
2024-02-26 09:18:25,713 [bca0bda6-c24b-45de-ae86-b5c7c2d890ab-EndpointStateMachineTaskThread-/0.0.0.0:15002-0 ] INFO  ratis.XceiverServerRatis (XceiverServerRatis.java:getRealPort(592)) - XceiverServerRatis bca0bda6-c24b-45de-ae86-b5c7c2d890ab is started using port 15058 for RATIS_ADMIN
2024-02-26 09:18:25,713 [bca0bda6-c24b-45de-ae86-b5c7c2d890ab-EndpointStateMachineTaskThread-/0.0.0.0:15002-0 ] INFO  ratis.XceiverServerRatis (XceiverServerRatis.java:getRealPort(592)) - XceiverServerRatis bca0bda6-c24b-45de-ae86-b5c7c2d890ab is started using port 15059 for RATIS_SERVER
2024-02-26 09:18:25,714 [bca0bda6-c24b-45de-ae86-b5c7c2d890ab-EndpointStateMachineTaskThread-/0.0.0.0:15002-0 ] INFO  ratis.XceiverServerRatis (XceiverServerRatis.java:getRealPort(592)) - XceiverServerRatis bca0bda6-c24b-45de-ae86-b5c7c2d890ab is started using port 15060 for RATIS_DATASTREAM
2024-02-26 09:18:25,713 [JvmPauseMonitor7] INFO  util.JvmPauseMonitor (JvmPauseMonitor.java:run(146)) - JvmPauseMonitor-bca0bda6-c24b-45de-ae86-b5c7c2d890ab: Started
2024-02-26 09:18:25,716 [bca0bda6-c24b-45de-ae86-b5c7c2d890ab-BlockDeletingService#0] INFO  interfaces.ContainerDeletionChoosingPolicyTemplate (ContainerDeletionChoosingPolicyTemplate.java:chooseContainerForBlockDeletion(85)) - Chosen 0/5000 blocks from 0 candidate containers.
2024-02-26 09:18:25,828 [b254f787-4ade-443a-8cd7-22935f345023-EndpointStateMachineTaskThread-/0.0.0.0:15002-0 ] INFO  utils.DatanodeStoreCache (DatanodeStoreCache.java:addDB(72)) - Added db /home/runner/work/ozone/ozone/hadoop-ozone/integration-test/target/test-dir/MiniOzoneClusterImpl-0d79f430-b8c0-477e-97b7-98e50d733022/ozone-meta/datanode-7/data-0/hdds/0d79f430-b8c0-477e-97b7-98e50d733022/DS-760f0372-545c-4b23-a9ac-5302b67c0cf0/container.db to cache
2024-02-26 09:18:25,828 [b254f787-4ade-443a-8cd7-22935f345023-EndpointStateMachineTaskThread-/0.0.0.0:15002-0 ] INFO  volume.HddsVolume (HddsVolume.java:createDbStore(420)) - SchemaV3 db is created and loaded at /home/runner/work/ozone/ozone/hadoop-ozone/integration-test/target/test-dir/MiniOzoneClusterImpl-0d79f430-b8c0-477e-97b7-98e50d733022/ozone-meta/datanode-7/data-0/hdds/0d79f430-b8c0-477e-97b7-98e50d733022/DS-760f0372-545c-4b23-a9ac-5302b67c0cf0/container.db for volume DS-760f0372-545c-4b23-a9ac-5302b67c0cf0
2024-02-26 09:18:25,830 [b254f787-4ade-443a-8cd7-22935f345023-ContainerReader-0] INFO  ozoneimpl.ContainerReader (ContainerReader.java:readVolume(148)) - Start to verify containers on volume /home/runner/work/ozone/ozone/hadoop-ozone/integration-test/target/test-dir/MiniOzoneClusterImpl-0d79f430-b8c0-477e-97b7-98e50d733022/ozone-meta/datanode-7/data-0/hdds
2024-02-26 09:18:25,830 [b254f787-4ade-443a-8cd7-22935f345023-ContainerReader-0] INFO  ozoneimpl.ContainerReader (ContainerReader.java:readVolume(178)) - Finish verifying containers on volume /home/runner/work/ozone/ozone/hadoop-ozone/integration-test/target/test-dir/MiniOzoneClusterImpl-0d79f430-b8c0-477e-97b7-98e50d733022/ozone-meta/datanode-7/data-0/hdds
2024-02-26 09:18:25,830 [b254f787-4ade-443a-8cd7-22935f345023-EndpointStateMachineTaskThread-/0.0.0.0:15002-0 ] INFO  ozoneimpl.OzoneContainer (OzoneContainer.java:buildContainerSet(328)) - Build ContainerSet costs 0s
2024-02-26 09:18:25,831 [b254f787-4ade-443a-8cd7-22935f345023-EndpointStateMachineTaskThread-/0.0.0.0:15002-0 ] INFO  volume.ThrottledAsyncChecker (ThrottledAsyncChecker.java:schedule(141)) - Scheduling a check for /home/runner/work/ozone/ozone/hadoop-ozone/integration-test/target/test-dir/MiniOzoneClusterImpl-0d79f430-b8c0-477e-97b7-98e50d733022/ozone-meta/datanode-7/data-0/hdds
2024-02-26 09:18:25,832 [b254f787-4ade-443a-8cd7-22935f345023-EndpointStateMachineTaskThread-/0.0.0.0:15002-0 ] INFO  volume.StorageVolumeChecker (StorageVolumeChecker.java:checkAllVolumes(218)) - Scheduled health check for volume /home/runner/work/ozone/ozone/hadoop-ozone/integration-test/target/test-dir/MiniOzoneClusterImpl-0d79f430-b8c0-477e-97b7-98e50d733022/ozone-meta/datanode-7/data-0/hdds
2024-02-26 09:18:25,833 [b254f787-4ade-443a-8cd7-22935f345023-EndpointStateMachineTaskThread-/0.0.0.0:15002-0 ] INFO  volume.ThrottledAsyncChecker (ThrottledAsyncChecker.java:schedule(141)) - Scheduling a check for /home/runner/work/ozone/ozone/hadoop-ozone/integration-test/target/test-dir/MiniOzoneClusterImpl-0d79f430-b8c0-477e-97b7-98e50d733022/ozone-meta/datanode-7/ratis
2024-02-26 09:18:25,833 [b254f787-4ade-443a-8cd7-22935f345023-EndpointStateMachineTaskThread-/0.0.0.0:15002-0 ] INFO  volume.StorageVolumeChecker (StorageVolumeChecker.java:checkAllVolumes(218)) - Scheduled health check for volume /home/runner/work/ozone/ozone/hadoop-ozone/integration-test/target/test-dir/MiniOzoneClusterImpl-0d79f430-b8c0-477e-97b7-98e50d733022/ozone-meta/datanode-7/ratis
2024-02-26 09:18:25,834 [b254f787-4ade-443a-8cd7-22935f345023-EndpointStateMachineTaskThread-/0.0.0.0:15002-0 ] INFO  ozoneimpl.OzoneContainer (OzoneContainer.java:start(459)) - Attempting to start container services.
2024-02-26 09:18:25,834 [b254f787-4ade-443a-8cd7-22935f345023-EndpointStateMachineTaskThread-/0.0.0.0:15002-0 ] INFO  ozoneimpl.OzoneContainer (OzoneContainer.java:startContainerScrub(339)) - Scheduled background container scanners and the on-demand container scanner have been disabled.
2024-02-26 09:18:25,835 [b254f787-4ade-443a-8cd7-22935f345023-EndpointStateMachineTaskThread-/0.0.0.0:15002-0 ] INFO  replication.ReplicationServer (ReplicationServer.java:start(140)) - ReplicationServer is started using port 15070
2024-02-26 09:18:25,836 [b254f787-4ade-443a-8cd7-22935f345023-EndpointStateMachineTaskThread-/0.0.0.0:15002-0 ] INFO  ratis.XceiverServerRatis (XceiverServerRatis.java:start(566)) - Starting XceiverServerRatis b254f787-4ade-443a-8cd7-22935f345023
2024-02-26 09:18:25,836 [b254f787-4ade-443a-8cd7-22935f345023-EndpointStateMachineTaskThread-/0.0.0.0:15002-0 ] INFO  server.RaftServer (RaftServerProxy.java:startImpl(406)) - b254f787-4ade-443a-8cd7-22935f345023: start RPC server
2024-02-26 09:18:25,837 [b254f787-4ade-443a-8cd7-22935f345023-EndpointStateMachineTaskThread-/0.0.0.0:15002-0 ] INFO  server.GrpcService (GrpcService.java:startImpl(302)) - b254f787-4ade-443a-8cd7-22935f345023: GrpcService started, listening on 15066
2024-02-26 09:18:25,838 [b254f787-4ade-443a-8cd7-22935f345023-EndpointStateMachineTaskThread-/0.0.0.0:15002-0 ] INFO  server.GrpcService (GrpcService.java:startImpl(302)) - b254f787-4ade-443a-8cd7-22935f345023: GrpcService started, listening on 15068
2024-02-26 09:18:25,839 [b254f787-4ade-443a-8cd7-22935f345023-EndpointStateMachineTaskThread-/0.0.0.0:15002-0 ] INFO  server.GrpcService (GrpcService.java:startImpl(302)) - b254f787-4ade-443a-8cd7-22935f345023: GrpcService started, listening on 15067
2024-02-26 09:18:25,839 [b254f787-4ade-443a-8cd7-22935f345023-EndpointStateMachineTaskThread-/0.0.0.0:15002-0 ] INFO  ratis.XceiverServerRatis (XceiverServerRatis.java:getRealPort(592)) - XceiverServerRatis b254f787-4ade-443a-8cd7-22935f345023 is started using port 15066 for RATIS
2024-02-26 09:18:25,839 [JvmPauseMonitor8] INFO  util.JvmPauseMonitor (JvmPauseMonitor.java:run(146)) - JvmPauseMonitor-b254f787-4ade-443a-8cd7-22935f345023: Started
2024-02-26 09:18:25,839 [b254f787-4ade-443a-8cd7-22935f345023-EndpointStateMachineTaskThread-/0.0.0.0:15002-0 ] INFO  ratis.XceiverServerRatis (XceiverServerRatis.java:getRealPort(592)) - XceiverServerRatis b254f787-4ade-443a-8cd7-22935f345023 is started using port 15067 for RATIS_ADMIN
2024-02-26 09:18:25,839 [b254f787-4ade-443a-8cd7-22935f345023-EndpointStateMachineTaskThread-/0.0.0.0:15002-0 ] INFO  ratis.XceiverServerRatis (XceiverServerRatis.java:getRealPort(592)) - XceiverServerRatis b254f787-4ade-443a-8cd7-22935f345023 is started using port 15068 for RATIS_SERVER
2024-02-26 09:18:25,839 [b254f787-4ade-443a-8cd7-22935f345023-EndpointStateMachineTaskThread-/0.0.0.0:15002-0 ] INFO  ratis.XceiverServerRatis (XceiverServerRatis.java:getRealPort(592)) - XceiverServerRatis b254f787-4ade-443a-8cd7-22935f345023 is started using port 15069 for RATIS_DATASTREAM
2024-02-26 09:18:25,842 [b254f787-4ade-443a-8cd7-22935f345023-BlockDeletingService#0] INFO  interfaces.ContainerDeletionChoosingPolicyTemplate (ContainerDeletionChoosingPolicyTemplate.java:chooseContainerForBlockDeletion(85)) - Chosen 0/5000 blocks from 0 candidate containers.
2024-02-26 09:18:25,934 [aa7921d1-8be5-430c-af0e-7b09d4ba500e-EndpointStateMachineTaskThread-/0.0.0.0:15002-0 ] INFO  utils.DatanodeStoreCache (DatanodeStoreCache.java:addDB(72)) - Added db /home/runner/work/ozone/ozone/hadoop-ozone/integration-test/target/test-dir/MiniOzoneClusterImpl-0d79f430-b8c0-477e-97b7-98e50d733022/ozone-meta/datanode-8/data-0/hdds/0d79f430-b8c0-477e-97b7-98e50d733022/DS-2e5799f8-a2ae-4809-b0ba-083f8031596a/container.db to cache
2024-02-26 09:18:25,934 [aa7921d1-8be5-430c-af0e-7b09d4ba500e-EndpointStateMachineTaskThread-/0.0.0.0:15002-0 ] INFO  volume.HddsVolume (HddsVolume.java:createDbStore(420)) - SchemaV3 db is created and loaded at /home/runner/work/ozone/ozone/hadoop-ozone/integration-test/target/test-dir/MiniOzoneClusterImpl-0d79f430-b8c0-477e-97b7-98e50d733022/ozone-meta/datanode-8/data-0/hdds/0d79f430-b8c0-477e-97b7-98e50d733022/DS-2e5799f8-a2ae-4809-b0ba-083f8031596a/container.db for volume DS-2e5799f8-a2ae-4809-b0ba-083f8031596a
2024-02-26 09:18:25,936 [aa7921d1-8be5-430c-af0e-7b09d4ba500e-ContainerReader-0] INFO  ozoneimpl.ContainerReader (ContainerReader.java:readVolume(148)) - Start to verify containers on volume /home/runner/work/ozone/ozone/hadoop-ozone/integration-test/target/test-dir/MiniOzoneClusterImpl-0d79f430-b8c0-477e-97b7-98e50d733022/ozone-meta/datanode-8/data-0/hdds
2024-02-26 09:18:25,936 [aa7921d1-8be5-430c-af0e-7b09d4ba500e-ContainerReader-0] INFO  ozoneimpl.ContainerReader (ContainerReader.java:readVolume(178)) - Finish verifying containers on volume /home/runner/work/ozone/ozone/hadoop-ozone/integration-test/target/test-dir/MiniOzoneClusterImpl-0d79f430-b8c0-477e-97b7-98e50d733022/ozone-meta/datanode-8/data-0/hdds
2024-02-26 09:18:25,936 [aa7921d1-8be5-430c-af0e-7b09d4ba500e-EndpointStateMachineTaskThread-/0.0.0.0:15002-0 ] INFO  ozoneimpl.OzoneContainer (OzoneContainer.java:buildContainerSet(328)) - Build ContainerSet costs 0s
2024-02-26 09:18:25,937 [aa7921d1-8be5-430c-af0e-7b09d4ba500e-EndpointStateMachineTaskThread-/0.0.0.0:15002-0 ] INFO  volume.ThrottledAsyncChecker (ThrottledAsyncChecker.java:schedule(141)) - Scheduling a check for /home/runner/work/ozone/ozone/hadoop-ozone/integration-test/target/test-dir/MiniOzoneClusterImpl-0d79f430-b8c0-477e-97b7-98e50d733022/ozone-meta/datanode-8/data-0/hdds
2024-02-26 09:18:25,937 [aa7921d1-8be5-430c-af0e-7b09d4ba500e-EndpointStateMachineTaskThread-/0.0.0.0:15002-0 ] INFO  volume.StorageVolumeChecker (StorageVolumeChecker.java:checkAllVolumes(218)) - Scheduled health check for volume /home/runner/work/ozone/ozone/hadoop-ozone/integration-test/target/test-dir/MiniOzoneClusterImpl-0d79f430-b8c0-477e-97b7-98e50d733022/ozone-meta/datanode-8/data-0/hdds
2024-02-26 09:18:25,939 [aa7921d1-8be5-430c-af0e-7b09d4ba500e-EndpointStateMachineTaskThread-/0.0.0.0:15002-0 ] INFO  volume.ThrottledAsyncChecker (ThrottledAsyncChecker.java:schedule(141)) - Scheduling a check for /home/runner/work/ozone/ozone/hadoop-ozone/integration-test/target/test-dir/MiniOzoneClusterImpl-0d79f430-b8c0-477e-97b7-98e50d733022/ozone-meta/datanode-8/ratis
2024-02-26 09:18:25,939 [aa7921d1-8be5-430c-af0e-7b09d4ba500e-EndpointStateMachineTaskThread-/0.0.0.0:15002-0 ] INFO  volume.StorageVolumeChecker (StorageVolumeChecker.java:checkAllVolumes(218)) - Scheduled health check for volume /home/runner/work/ozone/ozone/hadoop-ozone/integration-test/target/test-dir/MiniOzoneClusterImpl-0d79f430-b8c0-477e-97b7-98e50d733022/ozone-meta/datanode-8/ratis
2024-02-26 09:18:25,940 [aa7921d1-8be5-430c-af0e-7b09d4ba500e-EndpointStateMachineTaskThread-/0.0.0.0:15002-0 ] INFO  ozoneimpl.OzoneContainer (OzoneContainer.java:start(459)) - Attempting to start container services.
2024-02-26 09:18:25,940 [aa7921d1-8be5-430c-af0e-7b09d4ba500e-EndpointStateMachineTaskThread-/0.0.0.0:15002-0 ] INFO  ozoneimpl.OzoneContainer (OzoneContainer.java:startContainerScrub(339)) - Scheduled background container scanners and the on-demand container scanner have been disabled.
2024-02-26 09:18:25,942 [aa7921d1-8be5-430c-af0e-7b09d4ba500e-EndpointStateMachineTaskThread-/0.0.0.0:15002-0 ] INFO  replication.ReplicationServer (ReplicationServer.java:start(140)) - ReplicationServer is started using port 15079
2024-02-26 09:18:25,942 [aa7921d1-8be5-430c-af0e-7b09d4ba500e-EndpointStateMachineTaskThread-/0.0.0.0:15002-0 ] INFO  ratis.XceiverServerRatis (XceiverServerRatis.java:start(566)) - Starting XceiverServerRatis aa7921d1-8be5-430c-af0e-7b09d4ba500e
2024-02-26 09:18:25,943 [aa7921d1-8be5-430c-af0e-7b09d4ba500e-EndpointStateMachineTaskThread-/0.0.0.0:15002-0 ] INFO  server.RaftServer (RaftServerProxy.java:startImpl(406)) - aa7921d1-8be5-430c-af0e-7b09d4ba500e: start RPC server
2024-02-26 09:18:25,944 [aa7921d1-8be5-430c-af0e-7b09d4ba500e-EndpointStateMachineTaskThread-/0.0.0.0:15002-0 ] INFO  server.GrpcService (GrpcService.java:startImpl(302)) - aa7921d1-8be5-430c-af0e-7b09d4ba500e: GrpcService started, listening on 15075
2024-02-26 09:18:25,945 [aa7921d1-8be5-430c-af0e-7b09d4ba500e-EndpointStateMachineTaskThread-/0.0.0.0:15002-0 ] INFO  server.GrpcService (GrpcService.java:startImpl(302)) - aa7921d1-8be5-430c-af0e-7b09d4ba500e: GrpcService started, listening on 15077
2024-02-26 09:18:25,950 [aa7921d1-8be5-430c-af0e-7b09d4ba500e-EndpointStateMachineTaskThread-/0.0.0.0:15002-0 ] INFO  server.GrpcService (GrpcService.java:startImpl(302)) - aa7921d1-8be5-430c-af0e-7b09d4ba500e: GrpcService started, listening on 15076
2024-02-26 09:18:25,950 [aa7921d1-8be5-430c-af0e-7b09d4ba500e-EndpointStateMachineTaskThread-/0.0.0.0:15002-0 ] INFO  ratis.XceiverServerRatis (XceiverServerRatis.java:getRealPort(592)) - XceiverServerRatis aa7921d1-8be5-430c-af0e-7b09d4ba500e is started using port 15075 for RATIS
2024-02-26 09:18:25,950 [aa7921d1-8be5-430c-af0e-7b09d4ba500e-EndpointStateMachineTaskThread-/0.0.0.0:15002-0 ] INFO  ratis.XceiverServerRatis (XceiverServerRatis.java:getRealPort(592)) - XceiverServerRatis aa7921d1-8be5-430c-af0e-7b09d4ba500e is started using port 15076 for RATIS_ADMIN
2024-02-26 09:18:25,951 [aa7921d1-8be5-430c-af0e-7b09d4ba500e-EndpointStateMachineTaskThread-/0.0.0.0:15002-0 ] INFO  ratis.XceiverServerRatis (XceiverServerRatis.java:getRealPort(592)) - XceiverServerRatis aa7921d1-8be5-430c-af0e-7b09d4ba500e is started using port 15077 for RATIS_SERVER
2024-02-26 09:18:25,951 [aa7921d1-8be5-430c-af0e-7b09d4ba500e-EndpointStateMachineTaskThread-/0.0.0.0:15002-0 ] INFO  ratis.XceiverServerRatis (XceiverServerRatis.java:getRealPort(592)) - XceiverServerRatis aa7921d1-8be5-430c-af0e-7b09d4ba500e is started using port 15078 for RATIS_DATASTREAM
2024-02-26 09:18:25,950 [JvmPauseMonitor9] INFO  util.JvmPauseMonitor (JvmPauseMonitor.java:run(146)) - JvmPauseMonitor-aa7921d1-8be5-430c-af0e-7b09d4ba500e: Started
2024-02-26 09:18:25,954 [aa7921d1-8be5-430c-af0e-7b09d4ba500e-BlockDeletingService#0] INFO  interfaces.ContainerDeletionChoosingPolicyTemplate (ContainerDeletionChoosingPolicyTemplate.java:chooseContainerForBlockDeletion(85)) - Chosen 0/5000 blocks from 0 candidate containers.
2024-02-26 09:18:26,048 [87e9945c-a125-4404-bbe2-61a5a4b10cf4-EndpointStateMachineTaskThread-/0.0.0.0:15002-0 ] INFO  utils.DatanodeStoreCache (DatanodeStoreCache.java:addDB(72)) - Added db /home/runner/work/ozone/ozone/hadoop-ozone/integration-test/target/test-dir/MiniOzoneClusterImpl-0d79f430-b8c0-477e-97b7-98e50d733022/ozone-meta/datanode-9/data-0/hdds/0d79f430-b8c0-477e-97b7-98e50d733022/DS-cb2c52bf-5395-447b-b55f-2036004b1772/container.db to cache
2024-02-26 09:18:26,049 [87e9945c-a125-4404-bbe2-61a5a4b10cf4-EndpointStateMachineTaskThread-/0.0.0.0:15002-0 ] INFO  volume.HddsVolume (HddsVolume.java:createDbStore(420)) - SchemaV3 db is created and loaded at /home/runner/work/ozone/ozone/hadoop-ozone/integration-test/target/test-dir/MiniOzoneClusterImpl-0d79f430-b8c0-477e-97b7-98e50d733022/ozone-meta/datanode-9/data-0/hdds/0d79f430-b8c0-477e-97b7-98e50d733022/DS-cb2c52bf-5395-447b-b55f-2036004b1772/container.db for volume DS-cb2c52bf-5395-447b-b55f-2036004b1772
2024-02-26 09:18:26,050 [87e9945c-a125-4404-bbe2-61a5a4b10cf4-ContainerReader-0] INFO  ozoneimpl.ContainerReader (ContainerReader.java:readVolume(148)) - Start to verify containers on volume /home/runner/work/ozone/ozone/hadoop-ozone/integration-test/target/test-dir/MiniOzoneClusterImpl-0d79f430-b8c0-477e-97b7-98e50d733022/ozone-meta/datanode-9/data-0/hdds
2024-02-26 09:18:26,051 [87e9945c-a125-4404-bbe2-61a5a4b10cf4-ContainerReader-0] INFO  ozoneimpl.ContainerReader (ContainerReader.java:readVolume(178)) - Finish verifying containers on volume /home/runner/work/ozone/ozone/hadoop-ozone/integration-test/target/test-dir/MiniOzoneClusterImpl-0d79f430-b8c0-477e-97b7-98e50d733022/ozone-meta/datanode-9/data-0/hdds
2024-02-26 09:18:26,051 [87e9945c-a125-4404-bbe2-61a5a4b10cf4-EndpointStateMachineTaskThread-/0.0.0.0:15002-0 ] INFO  ozoneimpl.OzoneContainer (OzoneContainer.java:buildContainerSet(328)) - Build ContainerSet costs 0s
2024-02-26 09:18:26,052 [87e9945c-a125-4404-bbe2-61a5a4b10cf4-EndpointStateMachineTaskThread-/0.0.0.0:15002-0 ] INFO  volume.ThrottledAsyncChecker (ThrottledAsyncChecker.java:schedule(141)) - Scheduling a check for /home/runner/work/ozone/ozone/hadoop-ozone/integration-test/target/test-dir/MiniOzoneClusterImpl-0d79f430-b8c0-477e-97b7-98e50d733022/ozone-meta/datanode-9/data-0/hdds
2024-02-26 09:18:26,052 [87e9945c-a125-4404-bbe2-61a5a4b10cf4-EndpointStateMachineTaskThread-/0.0.0.0:15002-0 ] INFO  volume.StorageVolumeChecker (StorageVolumeChecker.java:checkAllVolumes(218)) - Scheduled health check for volume /home/runner/work/ozone/ozone/hadoop-ozone/integration-test/target/test-dir/MiniOzoneClusterImpl-0d79f430-b8c0-477e-97b7-98e50d733022/ozone-meta/datanode-9/data-0/hdds
2024-02-26 09:18:26,054 [87e9945c-a125-4404-bbe2-61a5a4b10cf4-EndpointStateMachineTaskThread-/0.0.0.0:15002-0 ] INFO  volume.ThrottledAsyncChecker (ThrottledAsyncChecker.java:schedule(141)) - Scheduling a check for /home/runner/work/ozone/ozone/hadoop-ozone/integration-test/target/test-dir/MiniOzoneClusterImpl-0d79f430-b8c0-477e-97b7-98e50d733022/ozone-meta/datanode-9/ratis
2024-02-26 09:18:26,054 [87e9945c-a125-4404-bbe2-61a5a4b10cf4-EndpointStateMachineTaskThread-/0.0.0.0:15002-0 ] INFO  volume.StorageVolumeChecker (StorageVolumeChecker.java:checkAllVolumes(218)) - Scheduled health check for volume /home/runner/work/ozone/ozone/hadoop-ozone/integration-test/target/test-dir/MiniOzoneClusterImpl-0d79f430-b8c0-477e-97b7-98e50d733022/ozone-meta/datanode-9/ratis
2024-02-26 09:18:26,055 [87e9945c-a125-4404-bbe2-61a5a4b10cf4-EndpointStateMachineTaskThread-/0.0.0.0:15002-0 ] INFO  ozoneimpl.OzoneContainer (OzoneContainer.java:start(459)) - Attempting to start container services.
2024-02-26 09:18:26,055 [87e9945c-a125-4404-bbe2-61a5a4b10cf4-EndpointStateMachineTaskThread-/0.0.0.0:15002-0 ] INFO  ozoneimpl.OzoneContainer (OzoneContainer.java:startContainerScrub(339)) - Scheduled background container scanners and the on-demand container scanner have been disabled.
2024-02-26 09:18:26,055 [87e9945c-a125-4404-bbe2-61a5a4b10cf4-EndpointStateMachineTaskThread-/0.0.0.0:15002-0 ] INFO  replication.ReplicationServer (ReplicationServer.java:start(140)) - ReplicationServer is started using port 15088
2024-02-26 09:18:26,055 [87e9945c-a125-4404-bbe2-61a5a4b10cf4-EndpointStateMachineTaskThread-/0.0.0.0:15002-0 ] INFO  ratis.XceiverServerRatis (XceiverServerRatis.java:start(566)) - Starting XceiverServerRatis 87e9945c-a125-4404-bbe2-61a5a4b10cf4
2024-02-26 09:18:26,056 [87e9945c-a125-4404-bbe2-61a5a4b10cf4-EndpointStateMachineTaskThread-/0.0.0.0:15002-0 ] INFO  server.RaftServer (RaftServerProxy.java:startImpl(406)) - 87e9945c-a125-4404-bbe2-61a5a4b10cf4: start RPC server
2024-02-26 09:18:26,056 [87e9945c-a125-4404-bbe2-61a5a4b10cf4-EndpointStateMachineTaskThread-/0.0.0.0:15002-0 ] INFO  server.GrpcService (GrpcService.java:startImpl(302)) - 87e9945c-a125-4404-bbe2-61a5a4b10cf4: GrpcService started, listening on 15084
2024-02-26 09:18:26,057 [87e9945c-a125-4404-bbe2-61a5a4b10cf4-EndpointStateMachineTaskThread-/0.0.0.0:15002-0 ] INFO  server.GrpcService (GrpcService.java:startImpl(302)) - 87e9945c-a125-4404-bbe2-61a5a4b10cf4: GrpcService started, listening on 15086
2024-02-26 09:18:26,057 [87e9945c-a125-4404-bbe2-61a5a4b10cf4-EndpointStateMachineTaskThread-/0.0.0.0:15002-0 ] INFO  server.GrpcService (GrpcService.java:startImpl(302)) - 87e9945c-a125-4404-bbe2-61a5a4b10cf4: GrpcService started, listening on 15085
2024-02-26 09:18:26,057 [87e9945c-a125-4404-bbe2-61a5a4b10cf4-EndpointStateMachineTaskThread-/0.0.0.0:15002-0 ] INFO  ratis.XceiverServerRatis (XceiverServerRatis.java:getRealPort(592)) - XceiverServerRatis 87e9945c-a125-4404-bbe2-61a5a4b10cf4 is started using port 15084 for RATIS
2024-02-26 09:18:26,057 [JvmPauseMonitor10] INFO  util.JvmPauseMonitor (JvmPauseMonitor.java:run(146)) - JvmPauseMonitor-87e9945c-a125-4404-bbe2-61a5a4b10cf4: Started
2024-02-26 09:18:26,057 [87e9945c-a125-4404-bbe2-61a5a4b10cf4-EndpointStateMachineTaskThread-/0.0.0.0:15002-0 ] INFO  ratis.XceiverServerRatis (XceiverServerRatis.java:getRealPort(592)) - XceiverServerRatis 87e9945c-a125-4404-bbe2-61a5a4b10cf4 is started using port 15085 for RATIS_ADMIN
2024-02-26 09:18:26,058 [87e9945c-a125-4404-bbe2-61a5a4b10cf4-EndpointStateMachineTaskThread-/0.0.0.0:15002-0 ] INFO  ratis.XceiverServerRatis (XceiverServerRatis.java:getRealPort(592)) - XceiverServerRatis 87e9945c-a125-4404-bbe2-61a5a4b10cf4 is started using port 15086 for RATIS_SERVER
2024-02-26 09:18:26,058 [87e9945c-a125-4404-bbe2-61a5a4b10cf4-EndpointStateMachineTaskThread-/0.0.0.0:15002-0 ] INFO  ratis.XceiverServerRatis (XceiverServerRatis.java:getRealPort(592)) - XceiverServerRatis 87e9945c-a125-4404-bbe2-61a5a4b10cf4 is started using port 15087 for RATIS_DATASTREAM
2024-02-26 09:18:26,064 [87e9945c-a125-4404-bbe2-61a5a4b10cf4-BlockDeletingService#0] INFO  interfaces.ContainerDeletionChoosingPolicyTemplate (ContainerDeletionChoosingPolicyTemplate.java:chooseContainerForBlockDeletion(85)) - Chosen 0/5000 blocks from 0 candidate containers.
2024-02-26 09:18:26,143 [4e76a5f4-598e-407f-bd79-992a553d1db1-EndpointStateMachineTaskThread-/0.0.0.0:15002-0 ] INFO  utils.DatanodeStoreCache (DatanodeStoreCache.java:addDB(72)) - Added db /home/runner/work/ozone/ozone/hadoop-ozone/integration-test/target/test-dir/MiniOzoneClusterImpl-0d79f430-b8c0-477e-97b7-98e50d733022/ozone-meta/datanode-10/data-0/hdds/0d79f430-b8c0-477e-97b7-98e50d733022/DS-1c65c946-cf80-43a3-a4af-f013d8a62046/container.db to cache
2024-02-26 09:18:26,143 [4e76a5f4-598e-407f-bd79-992a553d1db1-EndpointStateMachineTaskThread-/0.0.0.0:15002-0 ] INFO  volume.HddsVolume (HddsVolume.java:createDbStore(420)) - SchemaV3 db is created and loaded at /home/runner/work/ozone/ozone/hadoop-ozone/integration-test/target/test-dir/MiniOzoneClusterImpl-0d79f430-b8c0-477e-97b7-98e50d733022/ozone-meta/datanode-10/data-0/hdds/0d79f430-b8c0-477e-97b7-98e50d733022/DS-1c65c946-cf80-43a3-a4af-f013d8a62046/container.db for volume DS-1c65c946-cf80-43a3-a4af-f013d8a62046
2024-02-26 09:18:26,144 [4e76a5f4-598e-407f-bd79-992a553d1db1-ContainerReader-0] INFO  ozoneimpl.ContainerReader (ContainerReader.java:readVolume(148)) - Start to verify containers on volume /home/runner/work/ozone/ozone/hadoop-ozone/integration-test/target/test-dir/MiniOzoneClusterImpl-0d79f430-b8c0-477e-97b7-98e50d733022/ozone-meta/datanode-10/data-0/hdds
2024-02-26 09:18:26,144 [4e76a5f4-598e-407f-bd79-992a553d1db1-ContainerReader-0] INFO  ozoneimpl.ContainerReader (ContainerReader.java:readVolume(178)) - Finish verifying containers on volume /home/runner/work/ozone/ozone/hadoop-ozone/integration-test/target/test-dir/MiniOzoneClusterImpl-0d79f430-b8c0-477e-97b7-98e50d733022/ozone-meta/datanode-10/data-0/hdds
2024-02-26 09:18:26,145 [4e76a5f4-598e-407f-bd79-992a553d1db1-EndpointStateMachineTaskThread-/0.0.0.0:15002-0 ] INFO  ozoneimpl.OzoneContainer (OzoneContainer.java:buildContainerSet(328)) - Build ContainerSet costs 0s
2024-02-26 09:18:26,145 [4e76a5f4-598e-407f-bd79-992a553d1db1-EndpointStateMachineTaskThread-/0.0.0.0:15002-0 ] INFO  volume.ThrottledAsyncChecker (ThrottledAsyncChecker.java:schedule(141)) - Scheduling a check for /home/runner/work/ozone/ozone/hadoop-ozone/integration-test/target/test-dir/MiniOzoneClusterImpl-0d79f430-b8c0-477e-97b7-98e50d733022/ozone-meta/datanode-10/data-0/hdds
2024-02-26 09:18:26,146 [4e76a5f4-598e-407f-bd79-992a553d1db1-EndpointStateMachineTaskThread-/0.0.0.0:15002-0 ] INFO  volume.StorageVolumeChecker (StorageVolumeChecker.java:checkAllVolumes(218)) - Scheduled health check for volume /home/runner/work/ozone/ozone/hadoop-ozone/integration-test/target/test-dir/MiniOzoneClusterImpl-0d79f430-b8c0-477e-97b7-98e50d733022/ozone-meta/datanode-10/data-0/hdds
2024-02-26 09:18:26,150 [4e76a5f4-598e-407f-bd79-992a553d1db1-EndpointStateMachineTaskThread-/0.0.0.0:15002-0 ] INFO  volume.ThrottledAsyncChecker (ThrottledAsyncChecker.java:schedule(141)) - Scheduling a check for /home/runner/work/ozone/ozone/hadoop-ozone/integration-test/target/test-dir/MiniOzoneClusterImpl-0d79f430-b8c0-477e-97b7-98e50d733022/ozone-meta/datanode-10/ratis
2024-02-26 09:18:26,150 [4e76a5f4-598e-407f-bd79-992a553d1db1-EndpointStateMachineTaskThread-/0.0.0.0:15002-0 ] INFO  volume.StorageVolumeChecker (StorageVolumeChecker.java:checkAllVolumes(218)) - Scheduled health check for volume /home/runner/work/ozone/ozone/hadoop-ozone/integration-test/target/test-dir/MiniOzoneClusterImpl-0d79f430-b8c0-477e-97b7-98e50d733022/ozone-meta/datanode-10/ratis
2024-02-26 09:18:26,151 [4e76a5f4-598e-407f-bd79-992a553d1db1-EndpointStateMachineTaskThread-/0.0.0.0:15002-0 ] INFO  ozoneimpl.OzoneContainer (OzoneContainer.java:start(459)) - Attempting to start container services.
2024-02-26 09:18:26,151 [4e76a5f4-598e-407f-bd79-992a553d1db1-EndpointStateMachineTaskThread-/0.0.0.0:15002-0 ] INFO  ozoneimpl.OzoneContainer (OzoneContainer.java:startContainerScrub(339)) - Scheduled background container scanners and the on-demand container scanner have been disabled.
2024-02-26 09:18:26,152 [4e76a5f4-598e-407f-bd79-992a553d1db1-EndpointStateMachineTaskThread-/0.0.0.0:15002-0 ] INFO  replication.ReplicationServer (ReplicationServer.java:start(140)) - ReplicationServer is started using port 15097
2024-02-26 09:18:26,152 [4e76a5f4-598e-407f-bd79-992a553d1db1-EndpointStateMachineTaskThread-/0.0.0.0:15002-0 ] INFO  ratis.XceiverServerRatis (XceiverServerRatis.java:start(566)) - Starting XceiverServerRatis 4e76a5f4-598e-407f-bd79-992a553d1db1
2024-02-26 09:18:26,152 [4e76a5f4-598e-407f-bd79-992a553d1db1-EndpointStateMachineTaskThread-/0.0.0.0:15002-0 ] INFO  server.RaftServer (RaftServerProxy.java:startImpl(406)) - 4e76a5f4-598e-407f-bd79-992a553d1db1: start RPC server
2024-02-26 09:18:26,153 [4e76a5f4-598e-407f-bd79-992a553d1db1-EndpointStateMachineTaskThread-/0.0.0.0:15002-0 ] INFO  server.GrpcService (GrpcService.java:startImpl(302)) - 4e76a5f4-598e-407f-bd79-992a553d1db1: GrpcService started, listening on 15093
2024-02-26 09:18:26,153 [4e76a5f4-598e-407f-bd79-992a553d1db1-EndpointStateMachineTaskThread-/0.0.0.0:15002-0 ] INFO  server.GrpcService (GrpcService.java:startImpl(302)) - 4e76a5f4-598e-407f-bd79-992a553d1db1: GrpcService started, listening on 15095
2024-02-26 09:18:26,154 [4e76a5f4-598e-407f-bd79-992a553d1db1-EndpointStateMachineTaskThread-/0.0.0.0:15002-0 ] INFO  server.GrpcService (GrpcService.java:startImpl(302)) - 4e76a5f4-598e-407f-bd79-992a553d1db1: GrpcService started, listening on 15094
2024-02-26 09:18:26,154 [4e76a5f4-598e-407f-bd79-992a553d1db1-EndpointStateMachineTaskThread-/0.0.0.0:15002-0 ] INFO  ratis.XceiverServerRatis (XceiverServerRatis.java:getRealPort(592)) - XceiverServerRatis 4e76a5f4-598e-407f-bd79-992a553d1db1 is started using port 15093 for RATIS
2024-02-26 09:18:26,154 [JvmPauseMonitor11] INFO  util.JvmPauseMonitor (JvmPauseMonitor.java:run(146)) - JvmPauseMonitor-4e76a5f4-598e-407f-bd79-992a553d1db1: Started
2024-02-26 09:18:26,154 [4e76a5f4-598e-407f-bd79-992a553d1db1-EndpointStateMachineTaskThread-/0.0.0.0:15002-0 ] INFO  ratis.XceiverServerRatis (XceiverServerRatis.java:getRealPort(592)) - XceiverServerRatis 4e76a5f4-598e-407f-bd79-992a553d1db1 is started using port 15094 for RATIS_ADMIN
2024-02-26 09:18:26,154 [4e76a5f4-598e-407f-bd79-992a553d1db1-EndpointStateMachineTaskThread-/0.0.0.0:15002-0 ] INFO  ratis.XceiverServerRatis (XceiverServerRatis.java:getRealPort(592)) - XceiverServerRatis 4e76a5f4-598e-407f-bd79-992a553d1db1 is started using port 15095 for RATIS_SERVER
2024-02-26 09:18:26,154 [4e76a5f4-598e-407f-bd79-992a553d1db1-EndpointStateMachineTaskThread-/0.0.0.0:15002-0 ] INFO  ratis.XceiverServerRatis (XceiverServerRatis.java:getRealPort(592)) - XceiverServerRatis 4e76a5f4-598e-407f-bd79-992a553d1db1 is started using port 15096 for RATIS_DATASTREAM
2024-02-26 09:18:26,156 [4e76a5f4-598e-407f-bd79-992a553d1db1-BlockDeletingService#0] INFO  interfaces.ContainerDeletionChoosingPolicyTemplate (ContainerDeletionChoosingPolicyTemplate.java:chooseContainerForBlockDeletion(85)) - Chosen 0/5000 blocks from 0 candidate containers.
2024-02-26 09:18:26,241 [90984f07-37f5-40e1-bf66-3a8ca2321052-EndpointStateMachineTaskThread-/0.0.0.0:15002-0 ] INFO  utils.DatanodeStoreCache (DatanodeStoreCache.java:addDB(72)) - Added db /home/runner/work/ozone/ozone/hadoop-ozone/integration-test/target/test-dir/MiniOzoneClusterImpl-0d79f430-b8c0-477e-97b7-98e50d733022/ozone-meta/datanode-11/data-0/hdds/0d79f430-b8c0-477e-97b7-98e50d733022/DS-a401b333-6151-4a24-ae88-68cc26655a92/container.db to cache
2024-02-26 09:18:26,241 [90984f07-37f5-40e1-bf66-3a8ca2321052-EndpointStateMachineTaskThread-/0.0.0.0:15002-0 ] INFO  volume.HddsVolume (HddsVolume.java:createDbStore(420)) - SchemaV3 db is created and loaded at /home/runner/work/ozone/ozone/hadoop-ozone/integration-test/target/test-dir/MiniOzoneClusterImpl-0d79f430-b8c0-477e-97b7-98e50d733022/ozone-meta/datanode-11/data-0/hdds/0d79f430-b8c0-477e-97b7-98e50d733022/DS-a401b333-6151-4a24-ae88-68cc26655a92/container.db for volume DS-a401b333-6151-4a24-ae88-68cc26655a92
2024-02-26 09:18:26,243 [90984f07-37f5-40e1-bf66-3a8ca2321052-ContainerReader-0] INFO  ozoneimpl.ContainerReader (ContainerReader.java:readVolume(148)) - Start to verify containers on volume /home/runner/work/ozone/ozone/hadoop-ozone/integration-test/target/test-dir/MiniOzoneClusterImpl-0d79f430-b8c0-477e-97b7-98e50d733022/ozone-meta/datanode-11/data-0/hdds
2024-02-26 09:18:26,243 [90984f07-37f5-40e1-bf66-3a8ca2321052-ContainerReader-0] INFO  ozoneimpl.ContainerReader (ContainerReader.java:readVolume(178)) - Finish verifying containers on volume /home/runner/work/ozone/ozone/hadoop-ozone/integration-test/target/test-dir/MiniOzoneClusterImpl-0d79f430-b8c0-477e-97b7-98e50d733022/ozone-meta/datanode-11/data-0/hdds
2024-02-26 09:18:26,243 [90984f07-37f5-40e1-bf66-3a8ca2321052-EndpointStateMachineTaskThread-/0.0.0.0:15002-0 ] INFO  ozoneimpl.OzoneContainer (OzoneContainer.java:buildContainerSet(328)) - Build ContainerSet costs 0s
2024-02-26 09:18:26,244 [90984f07-37f5-40e1-bf66-3a8ca2321052-EndpointStateMachineTaskThread-/0.0.0.0:15002-0 ] INFO  volume.ThrottledAsyncChecker (ThrottledAsyncChecker.java:schedule(141)) - Scheduling a check for /home/runner/work/ozone/ozone/hadoop-ozone/integration-test/target/test-dir/MiniOzoneClusterImpl-0d79f430-b8c0-477e-97b7-98e50d733022/ozone-meta/datanode-11/data-0/hdds
2024-02-26 09:18:26,245 [90984f07-37f5-40e1-bf66-3a8ca2321052-EndpointStateMachineTaskThread-/0.0.0.0:15002-0 ] INFO  volume.StorageVolumeChecker (StorageVolumeChecker.java:checkAllVolumes(218)) - Scheduled health check for volume /home/runner/work/ozone/ozone/hadoop-ozone/integration-test/target/test-dir/MiniOzoneClusterImpl-0d79f430-b8c0-477e-97b7-98e50d733022/ozone-meta/datanode-11/data-0/hdds
2024-02-26 09:18:26,246 [90984f07-37f5-40e1-bf66-3a8ca2321052-EndpointStateMachineTaskThread-/0.0.0.0:15002-0 ] INFO  volume.ThrottledAsyncChecker (ThrottledAsyncChecker.java:schedule(141)) - Scheduling a check for /home/runner/work/ozone/ozone/hadoop-ozone/integration-test/target/test-dir/MiniOzoneClusterImpl-0d79f430-b8c0-477e-97b7-98e50d733022/ozone-meta/datanode-11/ratis
2024-02-26 09:18:26,246 [90984f07-37f5-40e1-bf66-3a8ca2321052-EndpointStateMachineTaskThread-/0.0.0.0:15002-0 ] INFO  volume.StorageVolumeChecker (StorageVolumeChecker.java:checkAllVolumes(218)) - Scheduled health check for volume /home/runner/work/ozone/ozone/hadoop-ozone/integration-test/target/test-dir/MiniOzoneClusterImpl-0d79f430-b8c0-477e-97b7-98e50d733022/ozone-meta/datanode-11/ratis
2024-02-26 09:18:26,247 [90984f07-37f5-40e1-bf66-3a8ca2321052-EndpointStateMachineTaskThread-/0.0.0.0:15002-0 ] INFO  ozoneimpl.OzoneContainer (OzoneContainer.java:start(459)) - Attempting to start container services.
2024-02-26 09:18:26,247 [90984f07-37f5-40e1-bf66-3a8ca2321052-EndpointStateMachineTaskThread-/0.0.0.0:15002-0 ] INFO  ozoneimpl.OzoneContainer (OzoneContainer.java:startContainerScrub(339)) - Scheduled background container scanners and the on-demand container scanner have been disabled.
2024-02-26 09:18:26,247 [90984f07-37f5-40e1-bf66-3a8ca2321052-EndpointStateMachineTaskThread-/0.0.0.0:15002-0 ] INFO  replication.ReplicationServer (ReplicationServer.java:start(140)) - ReplicationServer is started using port 15106
2024-02-26 09:18:26,247 [90984f07-37f5-40e1-bf66-3a8ca2321052-EndpointStateMachineTaskThread-/0.0.0.0:15002-0 ] INFO  ratis.XceiverServerRatis (XceiverServerRatis.java:start(566)) - Starting XceiverServerRatis 90984f07-37f5-40e1-bf66-3a8ca2321052
2024-02-26 09:18:26,248 [90984f07-37f5-40e1-bf66-3a8ca2321052-EndpointStateMachineTaskThread-/0.0.0.0:15002-0 ] INFO  server.RaftServer (RaftServerProxy.java:startImpl(406)) - 90984f07-37f5-40e1-bf66-3a8ca2321052: start RPC server
2024-02-26 09:18:26,248 [90984f07-37f5-40e1-bf66-3a8ca2321052-EndpointStateMachineTaskThread-/0.0.0.0:15002-0 ] INFO  server.GrpcService (GrpcService.java:startImpl(302)) - 90984f07-37f5-40e1-bf66-3a8ca2321052: GrpcService started, listening on 15102
2024-02-26 09:18:26,248 [90984f07-37f5-40e1-bf66-3a8ca2321052-EndpointStateMachineTaskThread-/0.0.0.0:15002-0 ] INFO  server.GrpcService (GrpcService.java:startImpl(302)) - 90984f07-37f5-40e1-bf66-3a8ca2321052: GrpcService started, listening on 15104
2024-02-26 09:18:26,249 [90984f07-37f5-40e1-bf66-3a8ca2321052-EndpointStateMachineTaskThread-/0.0.0.0:15002-0 ] INFO  server.GrpcService (GrpcService.java:startImpl(302)) - 90984f07-37f5-40e1-bf66-3a8ca2321052: GrpcService started, listening on 15103
2024-02-26 09:18:26,249 [90984f07-37f5-40e1-bf66-3a8ca2321052-EndpointStateMachineTaskThread-/0.0.0.0:15002-0 ] INFO  ratis.XceiverServerRatis (XceiverServerRatis.java:getRealPort(592)) - XceiverServerRatis 90984f07-37f5-40e1-bf66-3a8ca2321052 is started using port 15102 for RATIS
2024-02-26 09:18:26,249 [JvmPauseMonitor12] INFO  util.JvmPauseMonitor (JvmPauseMonitor.java:run(146)) - JvmPauseMonitor-90984f07-37f5-40e1-bf66-3a8ca2321052: Started
2024-02-26 09:18:26,249 [90984f07-37f5-40e1-bf66-3a8ca2321052-EndpointStateMachineTaskThread-/0.0.0.0:15002-0 ] INFO  ratis.XceiverServerRatis (XceiverServerRatis.java:getRealPort(592)) - XceiverServerRatis 90984f07-37f5-40e1-bf66-3a8ca2321052 is started using port 15103 for RATIS_ADMIN
2024-02-26 09:18:26,249 [90984f07-37f5-40e1-bf66-3a8ca2321052-EndpointStateMachineTaskThread-/0.0.0.0:15002-0 ] INFO  ratis.XceiverServerRatis (XceiverServerRatis.java:getRealPort(592)) - XceiverServerRatis 90984f07-37f5-40e1-bf66-3a8ca2321052 is started using port 15104 for RATIS_SERVER
2024-02-26 09:18:26,249 [90984f07-37f5-40e1-bf66-3a8ca2321052-EndpointStateMachineTaskThread-/0.0.0.0:15002-0 ] INFO  ratis.XceiverServerRatis (XceiverServerRatis.java:getRealPort(592)) - XceiverServerRatis 90984f07-37f5-40e1-bf66-3a8ca2321052 is started using port 15105 for RATIS_DATASTREAM
2024-02-26 09:18:26,250 [90984f07-37f5-40e1-bf66-3a8ca2321052-BlockDeletingService#0] INFO  interfaces.ContainerDeletionChoosingPolicyTemplate (ContainerDeletionChoosingPolicyTemplate.java:chooseContainerForBlockDeletion(85)) - Chosen 0/5000 blocks from 0 candidate containers.
2024-02-26 09:18:26,351 [f4d7646f-0fb1-4da2-a8dc-21597b443f6f-EndpointStateMachineTaskThread-/0.0.0.0:15002-0 ] INFO  utils.DatanodeStoreCache (DatanodeStoreCache.java:addDB(72)) - Added db /home/runner/work/ozone/ozone/hadoop-ozone/integration-test/target/test-dir/MiniOzoneClusterImpl-0d79f430-b8c0-477e-97b7-98e50d733022/ozone-meta/datanode-12/data-0/hdds/0d79f430-b8c0-477e-97b7-98e50d733022/DS-05a210ce-391c-4cf3-bd16-a1d1e65d544d/container.db to cache
2024-02-26 09:18:26,351 [f4d7646f-0fb1-4da2-a8dc-21597b443f6f-EndpointStateMachineTaskThread-/0.0.0.0:15002-0 ] INFO  volume.HddsVolume (HddsVolume.java:createDbStore(420)) - SchemaV3 db is created and loaded at /home/runner/work/ozone/ozone/hadoop-ozone/integration-test/target/test-dir/MiniOzoneClusterImpl-0d79f430-b8c0-477e-97b7-98e50d733022/ozone-meta/datanode-12/data-0/hdds/0d79f430-b8c0-477e-97b7-98e50d733022/DS-05a210ce-391c-4cf3-bd16-a1d1e65d544d/container.db for volume DS-05a210ce-391c-4cf3-bd16-a1d1e65d544d
2024-02-26 09:18:26,353 [f4d7646f-0fb1-4da2-a8dc-21597b443f6f-ContainerReader-0] INFO  ozoneimpl.ContainerReader (ContainerReader.java:readVolume(148)) - Start to verify containers on volume /home/runner/work/ozone/ozone/hadoop-ozone/integration-test/target/test-dir/MiniOzoneClusterImpl-0d79f430-b8c0-477e-97b7-98e50d733022/ozone-meta/datanode-12/data-0/hdds
2024-02-26 09:18:26,353 [f4d7646f-0fb1-4da2-a8dc-21597b443f6f-ContainerReader-0] INFO  ozoneimpl.ContainerReader (ContainerReader.java:readVolume(178)) - Finish verifying containers on volume /home/runner/work/ozone/ozone/hadoop-ozone/integration-test/target/test-dir/MiniOzoneClusterImpl-0d79f430-b8c0-477e-97b7-98e50d733022/ozone-meta/datanode-12/data-0/hdds
2024-02-26 09:18:26,353 [f4d7646f-0fb1-4da2-a8dc-21597b443f6f-EndpointStateMachineTaskThread-/0.0.0.0:15002-0 ] INFO  ozoneimpl.OzoneContainer (OzoneContainer.java:buildContainerSet(328)) - Build ContainerSet costs 0s
2024-02-26 09:18:26,356 [f4d7646f-0fb1-4da2-a8dc-21597b443f6f-EndpointStateMachineTaskThread-/0.0.0.0:15002-0 ] INFO  volume.ThrottledAsyncChecker (ThrottledAsyncChecker.java:schedule(141)) - Scheduling a check for /home/runner/work/ozone/ozone/hadoop-ozone/integration-test/target/test-dir/MiniOzoneClusterImpl-0d79f430-b8c0-477e-97b7-98e50d733022/ozone-meta/datanode-12/data-0/hdds
2024-02-26 09:18:26,357 [f4d7646f-0fb1-4da2-a8dc-21597b443f6f-EndpointStateMachineTaskThread-/0.0.0.0:15002-0 ] INFO  volume.StorageVolumeChecker (StorageVolumeChecker.java:checkAllVolumes(218)) - Scheduled health check for volume /home/runner/work/ozone/ozone/hadoop-ozone/integration-test/target/test-dir/MiniOzoneClusterImpl-0d79f430-b8c0-477e-97b7-98e50d733022/ozone-meta/datanode-12/data-0/hdds
2024-02-26 09:18:26,358 [f4d7646f-0fb1-4da2-a8dc-21597b443f6f-EndpointStateMachineTaskThread-/0.0.0.0:15002-0 ] INFO  volume.ThrottledAsyncChecker (ThrottledAsyncChecker.java:schedule(141)) - Scheduling a check for /home/runner/work/ozone/ozone/hadoop-ozone/integration-test/target/test-dir/MiniOzoneClusterImpl-0d79f430-b8c0-477e-97b7-98e50d733022/ozone-meta/datanode-12/ratis
2024-02-26 09:18:26,358 [f4d7646f-0fb1-4da2-a8dc-21597b443f6f-EndpointStateMachineTaskThread-/0.0.0.0:15002-0 ] INFO  volume.StorageVolumeChecker (StorageVolumeChecker.java:checkAllVolumes(218)) - Scheduled health check for volume /home/runner/work/ozone/ozone/hadoop-ozone/integration-test/target/test-dir/MiniOzoneClusterImpl-0d79f430-b8c0-477e-97b7-98e50d733022/ozone-meta/datanode-12/ratis
2024-02-26 09:18:26,359 [f4d7646f-0fb1-4da2-a8dc-21597b443f6f-EndpointStateMachineTaskThread-/0.0.0.0:15002-0 ] INFO  ozoneimpl.OzoneContainer (OzoneContainer.java:start(459)) - Attempting to start container services.
2024-02-26 09:18:26,359 [f4d7646f-0fb1-4da2-a8dc-21597b443f6f-EndpointStateMachineTaskThread-/0.0.0.0:15002-0 ] INFO  ozoneimpl.OzoneContainer (OzoneContainer.java:startContainerScrub(339)) - Scheduled background container scanners and the on-demand container scanner have been disabled.
2024-02-26 09:18:26,360 [f4d7646f-0fb1-4da2-a8dc-21597b443f6f-EndpointStateMachineTaskThread-/0.0.0.0:15002-0 ] INFO  replication.ReplicationServer (ReplicationServer.java:start(140)) - ReplicationServer is started using port 15115
2024-02-26 09:18:26,360 [f4d7646f-0fb1-4da2-a8dc-21597b443f6f-EndpointStateMachineTaskThread-/0.0.0.0:15002-0 ] INFO  ratis.XceiverServerRatis (XceiverServerRatis.java:start(566)) - Starting XceiverServerRatis f4d7646f-0fb1-4da2-a8dc-21597b443f6f
2024-02-26 09:18:26,360 [f4d7646f-0fb1-4da2-a8dc-21597b443f6f-EndpointStateMachineTaskThread-/0.0.0.0:15002-0 ] INFO  server.RaftServer (RaftServerProxy.java:startImpl(406)) - f4d7646f-0fb1-4da2-a8dc-21597b443f6f: start RPC server
2024-02-26 09:18:26,361 [f4d7646f-0fb1-4da2-a8dc-21597b443f6f-EndpointStateMachineTaskThread-/0.0.0.0:15002-0 ] INFO  server.GrpcService (GrpcService.java:startImpl(302)) - f4d7646f-0fb1-4da2-a8dc-21597b443f6f: GrpcService started, listening on 15111
2024-02-26 09:18:26,361 [f4d7646f-0fb1-4da2-a8dc-21597b443f6f-EndpointStateMachineTaskThread-/0.0.0.0:15002-0 ] INFO  server.GrpcService (GrpcService.java:startImpl(302)) - f4d7646f-0fb1-4da2-a8dc-21597b443f6f: GrpcService started, listening on 15113
2024-02-26 09:18:26,361 [f4d7646f-0fb1-4da2-a8dc-21597b443f6f-EndpointStateMachineTaskThread-/0.0.0.0:15002-0 ] INFO  server.GrpcService (GrpcService.java:startImpl(302)) - f4d7646f-0fb1-4da2-a8dc-21597b443f6f: GrpcService started, listening on 15112
2024-02-26 09:18:26,362 [f4d7646f-0fb1-4da2-a8dc-21597b443f6f-EndpointStateMachineTaskThread-/0.0.0.0:15002-0 ] INFO  ratis.XceiverServerRatis (XceiverServerRatis.java:getRealPort(592)) - XceiverServerRatis f4d7646f-0fb1-4da2-a8dc-21597b443f6f is started using port 15111 for RATIS
2024-02-26 09:18:26,362 [f4d7646f-0fb1-4da2-a8dc-21597b443f6f-EndpointStateMachineTaskThread-/0.0.0.0:15002-0 ] INFO  ratis.XceiverServerRatis (XceiverServerRatis.java:getRealPort(592)) - XceiverServerRatis f4d7646f-0fb1-4da2-a8dc-21597b443f6f is started using port 15112 for RATIS_ADMIN
2024-02-26 09:18:26,362 [f4d7646f-0fb1-4da2-a8dc-21597b443f6f-EndpointStateMachineTaskThread-/0.0.0.0:15002-0 ] INFO  ratis.XceiverServerRatis (XceiverServerRatis.java:getRealPort(592)) - XceiverServerRatis f4d7646f-0fb1-4da2-a8dc-21597b443f6f is started using port 15113 for RATIS_SERVER
2024-02-26 09:18:26,362 [f4d7646f-0fb1-4da2-a8dc-21597b443f6f-EndpointStateMachineTaskThread-/0.0.0.0:15002-0 ] INFO  ratis.XceiverServerRatis (XceiverServerRatis.java:getRealPort(592)) - XceiverServerRatis f4d7646f-0fb1-4da2-a8dc-21597b443f6f is started using port 15114 for RATIS_DATASTREAM
2024-02-26 09:18:26,362 [JvmPauseMonitor13] INFO  util.JvmPauseMonitor (JvmPauseMonitor.java:run(146)) - JvmPauseMonitor-f4d7646f-0fb1-4da2-a8dc-21597b443f6f: Started
2024-02-26 09:18:26,363 [f4d7646f-0fb1-4da2-a8dc-21597b443f6f-BlockDeletingService#0] INFO  interfaces.ContainerDeletionChoosingPolicyTemplate (ContainerDeletionChoosingPolicyTemplate.java:chooseContainerForBlockDeletion(85)) - Chosen 0/5000 blocks from 0 candidate containers.
2024-02-26 09:18:26,455 [8b754925-a2c8-41f5-ba18-fc172404abb1-EndpointStateMachineTaskThread-/0.0.0.0:15002-0 ] INFO  utils.DatanodeStoreCache (DatanodeStoreCache.java:addDB(72)) - Added db /home/runner/work/ozone/ozone/hadoop-ozone/integration-test/target/test-dir/MiniOzoneClusterImpl-0d79f430-b8c0-477e-97b7-98e50d733022/ozone-meta/datanode-13/data-0/hdds/0d79f430-b8c0-477e-97b7-98e50d733022/DS-5b044f4f-5fbc-4a06-853e-77184711d98b/container.db to cache
2024-02-26 09:18:26,455 [8b754925-a2c8-41f5-ba18-fc172404abb1-EndpointStateMachineTaskThread-/0.0.0.0:15002-0 ] INFO  volume.HddsVolume (HddsVolume.java:createDbStore(420)) - SchemaV3 db is created and loaded at /home/runner/work/ozone/ozone/hadoop-ozone/integration-test/target/test-dir/MiniOzoneClusterImpl-0d79f430-b8c0-477e-97b7-98e50d733022/ozone-meta/datanode-13/data-0/hdds/0d79f430-b8c0-477e-97b7-98e50d733022/DS-5b044f4f-5fbc-4a06-853e-77184711d98b/container.db for volume DS-5b044f4f-5fbc-4a06-853e-77184711d98b
2024-02-26 09:18:26,456 [8b754925-a2c8-41f5-ba18-fc172404abb1-ContainerReader-0] INFO  ozoneimpl.ContainerReader (ContainerReader.java:readVolume(148)) - Start to verify containers on volume /home/runner/work/ozone/ozone/hadoop-ozone/integration-test/target/test-dir/MiniOzoneClusterImpl-0d79f430-b8c0-477e-97b7-98e50d733022/ozone-meta/datanode-13/data-0/hdds
2024-02-26 09:18:26,456 [8b754925-a2c8-41f5-ba18-fc172404abb1-ContainerReader-0] INFO  ozoneimpl.ContainerReader (ContainerReader.java:readVolume(178)) - Finish verifying containers on volume /home/runner/work/ozone/ozone/hadoop-ozone/integration-test/target/test-dir/MiniOzoneClusterImpl-0d79f430-b8c0-477e-97b7-98e50d733022/ozone-meta/datanode-13/data-0/hdds
2024-02-26 09:18:26,457 [8b754925-a2c8-41f5-ba18-fc172404abb1-EndpointStateMachineTaskThread-/0.0.0.0:15002-0 ] INFO  ozoneimpl.OzoneContainer (OzoneContainer.java:buildContainerSet(328)) - Build ContainerSet costs 0s
2024-02-26 09:18:26,458 [8b754925-a2c8-41f5-ba18-fc172404abb1-EndpointStateMachineTaskThread-/0.0.0.0:15002-0 ] INFO  volume.ThrottledAsyncChecker (ThrottledAsyncChecker.java:schedule(141)) - Scheduling a check for /home/runner/work/ozone/ozone/hadoop-ozone/integration-test/target/test-dir/MiniOzoneClusterImpl-0d79f430-b8c0-477e-97b7-98e50d733022/ozone-meta/datanode-13/data-0/hdds
2024-02-26 09:18:26,458 [8b754925-a2c8-41f5-ba18-fc172404abb1-EndpointStateMachineTaskThread-/0.0.0.0:15002-0 ] INFO  volume.StorageVolumeChecker (StorageVolumeChecker.java:checkAllVolumes(218)) - Scheduled health check for volume /home/runner/work/ozone/ozone/hadoop-ozone/integration-test/target/test-dir/MiniOzoneClusterImpl-0d79f430-b8c0-477e-97b7-98e50d733022/ozone-meta/datanode-13/data-0/hdds
2024-02-26 09:18:26,459 [8b754925-a2c8-41f5-ba18-fc172404abb1-EndpointStateMachineTaskThread-/0.0.0.0:15002-0 ] INFO  volume.ThrottledAsyncChecker (ThrottledAsyncChecker.java:schedule(141)) - Scheduling a check for /home/runner/work/ozone/ozone/hadoop-ozone/integration-test/target/test-dir/MiniOzoneClusterImpl-0d79f430-b8c0-477e-97b7-98e50d733022/ozone-meta/datanode-13/ratis
2024-02-26 09:18:26,460 [8b754925-a2c8-41f5-ba18-fc172404abb1-EndpointStateMachineTaskThread-/0.0.0.0:15002-0 ] INFO  volume.StorageVolumeChecker (StorageVolumeChecker.java:checkAllVolumes(218)) - Scheduled health check for volume /home/runner/work/ozone/ozone/hadoop-ozone/integration-test/target/test-dir/MiniOzoneClusterImpl-0d79f430-b8c0-477e-97b7-98e50d733022/ozone-meta/datanode-13/ratis
2024-02-26 09:18:26,461 [8b754925-a2c8-41f5-ba18-fc172404abb1-EndpointStateMachineTaskThread-/0.0.0.0:15002-0 ] INFO  ozoneimpl.OzoneContainer (OzoneContainer.java:start(459)) - Attempting to start container services.
2024-02-26 09:18:26,461 [8b754925-a2c8-41f5-ba18-fc172404abb1-EndpointStateMachineTaskThread-/0.0.0.0:15002-0 ] INFO  ozoneimpl.OzoneContainer (OzoneContainer.java:startContainerScrub(339)) - Scheduled background container scanners and the on-demand container scanner have been disabled.
2024-02-26 09:18:26,461 [8b754925-a2c8-41f5-ba18-fc172404abb1-EndpointStateMachineTaskThread-/0.0.0.0:15002-0 ] INFO  replication.ReplicationServer (ReplicationServer.java:start(140)) - ReplicationServer is started using port 15124
2024-02-26 09:18:26,462 [8b754925-a2c8-41f5-ba18-fc172404abb1-EndpointStateMachineTaskThread-/0.0.0.0:15002-0 ] INFO  ratis.XceiverServerRatis (XceiverServerRatis.java:start(566)) - Starting XceiverServerRatis 8b754925-a2c8-41f5-ba18-fc172404abb1
2024-02-26 09:18:26,467 [8b754925-a2c8-41f5-ba18-fc172404abb1-EndpointStateMachineTaskThread-/0.0.0.0:15002-0 ] INFO  server.RaftServer (RaftServerProxy.java:startImpl(406)) - 8b754925-a2c8-41f5-ba18-fc172404abb1: start RPC server
2024-02-26 09:18:26,468 [8b754925-a2c8-41f5-ba18-fc172404abb1-EndpointStateMachineTaskThread-/0.0.0.0:15002-0 ] INFO  server.GrpcService (GrpcService.java:startImpl(302)) - 8b754925-a2c8-41f5-ba18-fc172404abb1: GrpcService started, listening on 15120
2024-02-26 09:18:26,468 [8b754925-a2c8-41f5-ba18-fc172404abb1-EndpointStateMachineTaskThread-/0.0.0.0:15002-0 ] INFO  server.GrpcService (GrpcService.java:startImpl(302)) - 8b754925-a2c8-41f5-ba18-fc172404abb1: GrpcService started, listening on 15122
2024-02-26 09:18:26,468 [8b754925-a2c8-41f5-ba18-fc172404abb1-EndpointStateMachineTaskThread-/0.0.0.0:15002-0 ] INFO  server.GrpcService (GrpcService.java:startImpl(302)) - 8b754925-a2c8-41f5-ba18-fc172404abb1: GrpcService started, listening on 15121
2024-02-26 09:18:26,468 [8b754925-a2c8-41f5-ba18-fc172404abb1-EndpointStateMachineTaskThread-/0.0.0.0:15002-0 ] INFO  ratis.XceiverServerRatis (XceiverServerRatis.java:getRealPort(592)) - XceiverServerRatis 8b754925-a2c8-41f5-ba18-fc172404abb1 is started using port 15120 for RATIS
2024-02-26 09:18:26,468 [8b754925-a2c8-41f5-ba18-fc172404abb1-EndpointStateMachineTaskThread-/0.0.0.0:15002-0 ] INFO  ratis.XceiverServerRatis (XceiverServerRatis.java:getRealPort(592)) - XceiverServerRatis 8b754925-a2c8-41f5-ba18-fc172404abb1 is started using port 15121 for RATIS_ADMIN
2024-02-26 09:18:26,469 [8b754925-a2c8-41f5-ba18-fc172404abb1-EndpointStateMachineTaskThread-/0.0.0.0:15002-0 ] INFO  ratis.XceiverServerRatis (XceiverServerRatis.java:getRealPort(592)) - XceiverServerRatis 8b754925-a2c8-41f5-ba18-fc172404abb1 is started using port 15122 for RATIS_SERVER
2024-02-26 09:18:26,469 [8b754925-a2c8-41f5-ba18-fc172404abb1-EndpointStateMachineTaskThread-/0.0.0.0:15002-0 ] INFO  ratis.XceiverServerRatis (XceiverServerRatis.java:getRealPort(592)) - XceiverServerRatis 8b754925-a2c8-41f5-ba18-fc172404abb1 is started using port 15123 for RATIS_DATASTREAM
2024-02-26 09:18:26,469 [JvmPauseMonitor14] INFO  util.JvmPauseMonitor (JvmPauseMonitor.java:run(146)) - JvmPauseMonitor-8b754925-a2c8-41f5-ba18-fc172404abb1: Started
2024-02-26 09:18:26,470 [8b754925-a2c8-41f5-ba18-fc172404abb1-BlockDeletingService#0] INFO  interfaces.ContainerDeletionChoosingPolicyTemplate (ContainerDeletionChoosingPolicyTemplate.java:chooseContainerForBlockDeletion(85)) - Chosen 0/5000 blocks from 0 candidate containers.
2024-02-26 09:18:26,558 [main] INFO  ozone.MiniOzoneClusterImpl (MiniOzoneClusterImpl.java:lambda$waitForClusterToBeReady$0(195)) - Waiting for nodes to be ready. Got 0 of 14 DN Heartbeats.
2024-02-26 09:18:26,558 [main] INFO  ozone.MiniOzoneClusterImpl (MiniOzoneClusterImpl.java:lambda$waitForClusterToBeReady$0(198)) - Waiting for cluster to exit safe mode
2024-02-26 09:18:26,558 [main] INFO  ozone.MiniOzoneClusterImpl (MiniOzoneClusterImpl.java:lambda$waitForClusterToBeReady$0(200)) - SCM became leader
2024-02-26 09:18:26,571 [ca5f02e2-bc43-4498-b1f2-381f8abbb3f5-EndpointStateMachineTaskThread-/0.0.0.0:15002-0 ] INFO  utils.DatanodeStoreCache (DatanodeStoreCache.java:addDB(72)) - Added db /home/runner/work/ozone/ozone/hadoop-ozone/integration-test/target/test-dir/MiniOzoneClusterImpl-0d79f430-b8c0-477e-97b7-98e50d733022/ozone-meta/datanode-14/data-0/hdds/0d79f430-b8c0-477e-97b7-98e50d733022/DS-e30f0761-6157-4c2c-ae1f-007f78994798/container.db to cache
2024-02-26 09:18:26,571 [ca5f02e2-bc43-4498-b1f2-381f8abbb3f5-EndpointStateMachineTaskThread-/0.0.0.0:15002-0 ] INFO  volume.HddsVolume (HddsVolume.java:createDbStore(420)) - SchemaV3 db is created and loaded at /home/runner/work/ozone/ozone/hadoop-ozone/integration-test/target/test-dir/MiniOzoneClusterImpl-0d79f430-b8c0-477e-97b7-98e50d733022/ozone-meta/datanode-14/data-0/hdds/0d79f430-b8c0-477e-97b7-98e50d733022/DS-e30f0761-6157-4c2c-ae1f-007f78994798/container.db for volume DS-e30f0761-6157-4c2c-ae1f-007f78994798
2024-02-26 09:18:26,573 [ca5f02e2-bc43-4498-b1f2-381f8abbb3f5-ContainerReader-0] INFO  ozoneimpl.ContainerReader (ContainerReader.java:readVolume(148)) - Start to verify containers on volume /home/runner/work/ozone/ozone/hadoop-ozone/integration-test/target/test-dir/MiniOzoneClusterImpl-0d79f430-b8c0-477e-97b7-98e50d733022/ozone-meta/datanode-14/data-0/hdds
2024-02-26 09:18:26,573 [ca5f02e2-bc43-4498-b1f2-381f8abbb3f5-ContainerReader-0] INFO  ozoneimpl.ContainerReader (ContainerReader.java:readVolume(178)) - Finish verifying containers on volume /home/runner/work/ozone/ozone/hadoop-ozone/integration-test/target/test-dir/MiniOzoneClusterImpl-0d79f430-b8c0-477e-97b7-98e50d733022/ozone-meta/datanode-14/data-0/hdds
2024-02-26 09:18:26,573 [ca5f02e2-bc43-4498-b1f2-381f8abbb3f5-EndpointStateMachineTaskThread-/0.0.0.0:15002-0 ] INFO  ozoneimpl.OzoneContainer (OzoneContainer.java:buildContainerSet(328)) - Build ContainerSet costs 0s
2024-02-26 09:18:26,574 [ca5f02e2-bc43-4498-b1f2-381f8abbb3f5-EndpointStateMachineTaskThread-/0.0.0.0:15002-0 ] INFO  volume.ThrottledAsyncChecker (ThrottledAsyncChecker.java:schedule(141)) - Scheduling a check for /home/runner/work/ozone/ozone/hadoop-ozone/integration-test/target/test-dir/MiniOzoneClusterImpl-0d79f430-b8c0-477e-97b7-98e50d733022/ozone-meta/datanode-14/data-0/hdds
2024-02-26 09:18:26,574 [ca5f02e2-bc43-4498-b1f2-381f8abbb3f5-EndpointStateMachineTaskThread-/0.0.0.0:15002-0 ] INFO  volume.StorageVolumeChecker (StorageVolumeChecker.java:checkAllVolumes(218)) - Scheduled health check for volume /home/runner/work/ozone/ozone/hadoop-ozone/integration-test/target/test-dir/MiniOzoneClusterImpl-0d79f430-b8c0-477e-97b7-98e50d733022/ozone-meta/datanode-14/data-0/hdds
2024-02-26 09:18:26,576 [ca5f02e2-bc43-4498-b1f2-381f8abbb3f5-EndpointStateMachineTaskThread-/0.0.0.0:15002-0 ] INFO  volume.ThrottledAsyncChecker (ThrottledAsyncChecker.java:schedule(141)) - Scheduling a check for /home/runner/work/ozone/ozone/hadoop-ozone/integration-test/target/test-dir/MiniOzoneClusterImpl-0d79f430-b8c0-477e-97b7-98e50d733022/ozone-meta/datanode-14/ratis
2024-02-26 09:18:26,576 [ca5f02e2-bc43-4498-b1f2-381f8abbb3f5-EndpointStateMachineTaskThread-/0.0.0.0:15002-0 ] INFO  volume.StorageVolumeChecker (StorageVolumeChecker.java:checkAllVolumes(218)) - Scheduled health check for volume /home/runner/work/ozone/ozone/hadoop-ozone/integration-test/target/test-dir/MiniOzoneClusterImpl-0d79f430-b8c0-477e-97b7-98e50d733022/ozone-meta/datanode-14/ratis
2024-02-26 09:18:26,580 [ca5f02e2-bc43-4498-b1f2-381f8abbb3f5-EndpointStateMachineTaskThread-/0.0.0.0:15002-0 ] INFO  ozoneimpl.OzoneContainer (OzoneContainer.java:start(459)) - Attempting to start container services.
2024-02-26 09:18:26,580 [ca5f02e2-bc43-4498-b1f2-381f8abbb3f5-EndpointStateMachineTaskThread-/0.0.0.0:15002-0 ] INFO  ozoneimpl.OzoneContainer (OzoneContainer.java:startContainerScrub(339)) - Scheduled background container scanners and the on-demand container scanner have been disabled.
2024-02-26 09:18:26,581 [ca5f02e2-bc43-4498-b1f2-381f8abbb3f5-EndpointStateMachineTaskThread-/0.0.0.0:15002-0 ] INFO  replication.ReplicationServer (ReplicationServer.java:start(140)) - ReplicationServer is started using port 15133
2024-02-26 09:18:26,581 [ca5f02e2-bc43-4498-b1f2-381f8abbb3f5-EndpointStateMachineTaskThread-/0.0.0.0:15002-0 ] INFO  ratis.XceiverServerRatis (XceiverServerRatis.java:start(566)) - Starting XceiverServerRatis ca5f02e2-bc43-4498-b1f2-381f8abbb3f5
2024-02-26 09:18:26,587 [ca5f02e2-bc43-4498-b1f2-381f8abbb3f5-EndpointStateMachineTaskThread-/0.0.0.0:15002-0 ] INFO  server.RaftServer (RaftServerProxy.java:startImpl(406)) - ca5f02e2-bc43-4498-b1f2-381f8abbb3f5: start RPC server
2024-02-26 09:18:26,587 [ca5f02e2-bc43-4498-b1f2-381f8abbb3f5-EndpointStateMachineTaskThread-/0.0.0.0:15002-0 ] INFO  server.GrpcService (GrpcService.java:startImpl(302)) - ca5f02e2-bc43-4498-b1f2-381f8abbb3f5: GrpcService started, listening on 15129
2024-02-26 09:18:26,588 [ca5f02e2-bc43-4498-b1f2-381f8abbb3f5-EndpointStateMachineTaskThread-/0.0.0.0:15002-0 ] INFO  server.GrpcService (GrpcService.java:startImpl(302)) - ca5f02e2-bc43-4498-b1f2-381f8abbb3f5: GrpcService started, listening on 15131
2024-02-26 09:18:26,588 [ca5f02e2-bc43-4498-b1f2-381f8abbb3f5-EndpointStateMachineTaskThread-/0.0.0.0:15002-0 ] INFO  server.GrpcService (GrpcService.java:startImpl(302)) - ca5f02e2-bc43-4498-b1f2-381f8abbb3f5: GrpcService started, listening on 15130
2024-02-26 09:18:26,588 [ca5f02e2-bc43-4498-b1f2-381f8abbb3f5-EndpointStateMachineTaskThread-/0.0.0.0:15002-0 ] INFO  ratis.XceiverServerRatis (XceiverServerRatis.java:getRealPort(592)) - XceiverServerRatis ca5f02e2-bc43-4498-b1f2-381f8abbb3f5 is started using port 15129 for RATIS
2024-02-26 09:18:26,588 [ca5f02e2-bc43-4498-b1f2-381f8abbb3f5-EndpointStateMachineTaskThread-/0.0.0.0:15002-0 ] INFO  ratis.XceiverServerRatis (XceiverServerRatis.java:getRealPort(592)) - XceiverServerRatis ca5f02e2-bc43-4498-b1f2-381f8abbb3f5 is started using port 15130 for RATIS_ADMIN
2024-02-26 09:18:26,588 [ca5f02e2-bc43-4498-b1f2-381f8abbb3f5-EndpointStateMachineTaskThread-/0.0.0.0:15002-0 ] INFO  ratis.XceiverServerRatis (XceiverServerRatis.java:getRealPort(592)) - XceiverServerRatis ca5f02e2-bc43-4498-b1f2-381f8abbb3f5 is started using port 15131 for RATIS_SERVER
2024-02-26 09:18:26,588 [ca5f02e2-bc43-4498-b1f2-381f8abbb3f5-EndpointStateMachineTaskThread-/0.0.0.0:15002-0 ] INFO  ratis.XceiverServerRatis (XceiverServerRatis.java:getRealPort(592)) - XceiverServerRatis ca5f02e2-bc43-4498-b1f2-381f8abbb3f5 is started using port 15132 for RATIS_DATASTREAM
2024-02-26 09:18:26,589 [JvmPauseMonitor15] INFO  util.JvmPauseMonitor (JvmPauseMonitor.java:run(146)) - JvmPauseMonitor-ca5f02e2-bc43-4498-b1f2-381f8abbb3f5: Started
2024-02-26 09:18:26,590 [ca5f02e2-bc43-4498-b1f2-381f8abbb3f5-BlockDeletingService#0] INFO  interfaces.ContainerDeletionChoosingPolicyTemplate (ContainerDeletionChoosingPolicyTemplate.java:chooseContainerForBlockDeletion(85)) - Chosen 0/5000 blocks from 0 candidate containers.
2024-02-26 09:18:26,915 [IPC Server handler 6 on default port 15002] INFO  net.NetworkTopologyImpl (NetworkTopologyImpl.java:add(124)) - Added a new node: /default-rack/1fc8e30e-bcf6-4a54-bb04-f74c1c9f090e
2024-02-26 09:18:26,917 [IPC Server handler 6 on default port 15002] INFO  node.SCMNodeManager (SCMNodeManager.java:register(421)) - Registered datanode: 1fc8e30e-bcf6-4a54-bb04-f74c1c9f090e{ip: 10.1.0.30, host: fv-az1109-796.pxagtw4bd2yejgkn5xrroktb3f.dx.internal.cloudapp.net, ports: [HTTP=15009, CLIENT_RPC=15010, REPLICATION=15016, RATIS=15012, RATIS_ADMIN=15013, RATIS_SERVER=15014, RATIS_DATASTREAM=15015, STANDALONE=15011], networkLocation: /default-rack, certSerialId: null, persistedOpState: null, persistedOpStateExpiryEpochSec: 0}
2024-02-26 09:18:26,920 [EventQueue-NewNodeForNewNodeHandler] INFO  pipeline.BackgroundPipelineCreator (BackgroundPipelineCreator.java:notifyEventTriggered(280)) - trigger a one-shot run on RatisPipelineUtilsThread.
2024-02-26 09:18:26,922 [EventQueue-NodeRegistrationContainerReportForDataNodeSafeModeRule] INFO  safemode.SCMSafeModeManager (DataNodeSafeModeRule.java:process(71)) - SCM in safe mode. 1 DataNodes registered, 3 required.
2024-02-26 09:18:26,923 [EventQueue-NodeRegistrationContainerReportForContainerSafeModeRule] INFO  safemode.SCMSafeModeManager (SCMSafeModeManager.java:validateSafeModeExitRules(200)) - ContainerSafeModeRule rule is successfully validated
2024-02-26 09:18:26,923 [EventQueue-PipelineReportForOneReplicaPipelineSafeModeRule] INFO  safemode.SCMSafeModeManager (SCMSafeModeManager.java:validateSafeModeExitRules(200)) - AtleastOneDatanodeReportedRule rule is successfully validated
2024-02-26 09:18:26,927 [RatisPipelineUtilsThread-0] INFO  pipeline.RatisPipelineProvider (RatisPipelineProvider.java:lambda$create$0(205)) - Sending CreatePipelineCommand for pipeline:PipelineID=7736c517-cf24-4505-bb45-744c92df74ae to datanode:1fc8e30e-bcf6-4a54-bb04-f74c1c9f090e
2024-02-26 09:18:26,935 [RatisPipelineUtilsThread-0] INFO  pipeline.BackgroundPipelineCreator (BackgroundPipelineCreator.java:createPipelines(236)) - Created new pipeline Pipeline[ Id: 7736c517-cf24-4505-bb45-744c92df74ae, Nodes: 1fc8e30e-bcf6-4a54-bb04-f74c1c9f090e(fv-az1109-796.pxagtw4bd2yejgkn5xrroktb3f.dx.internal.cloudapp.net/10.1.0.30), ReplicationConfig: RATIS/ONE, State:ALLOCATED, leaderId:, CreationTimestamp2024-02-26T09:18:26.926Z[Etc/UTC]]
2024-02-26 09:18:27,061 [IPC Server handler 10 on default port 15002] INFO  net.NetworkTopologyImpl (NetworkTopologyImpl.java:add(124)) - Added a new node: /default-rack/a70c1067-2103-48d8-b21c-f7bdcf327398
2024-02-26 09:18:27,062 [IPC Server handler 10 on default port 15002] INFO  node.SCMNodeManager (SCMNodeManager.java:register(421)) - Registered datanode: a70c1067-2103-48d8-b21c-f7bdcf327398{ip: 10.1.0.30, host: fv-az1109-796.pxagtw4bd2yejgkn5xrroktb3f.dx.internal.cloudapp.net, ports: [HTTP=15018, CLIENT_RPC=15019, REPLICATION=15025, RATIS=15021, RATIS_ADMIN=15022, RATIS_SERVER=15023, RATIS_DATASTREAM=15024, STANDALONE=15020], networkLocation: /default-rack, certSerialId: null, persistedOpState: null, persistedOpStateExpiryEpochSec: 0}
2024-02-26 09:18:27,062 [EventQueue-NodeRegistrationContainerReportForDataNodeSafeModeRule] INFO  safemode.SCMSafeModeManager (DataNodeSafeModeRule.java:process(71)) - SCM in safe mode. 2 DataNodes registered, 3 required.
2024-02-26 09:18:27,063 [EventQueue-NewNodeForNewNodeHandler] INFO  pipeline.BackgroundPipelineCreator (BackgroundPipelineCreator.java:notifyEventTriggered(280)) - trigger a one-shot run on RatisPipelineUtilsThread.
2024-02-26 09:18:27,064 [RatisPipelineUtilsThread-0] INFO  pipeline.RatisPipelineProvider (RatisPipelineProvider.java:lambda$create$0(205)) - Sending CreatePipelineCommand for pipeline:PipelineID=a2a4d12c-48bc-48d6-934f-43b6ac2d0d89 to datanode:a70c1067-2103-48d8-b21c-f7bdcf327398
2024-02-26 09:18:27,065 [RatisPipelineUtilsThread-0] INFO  pipeline.BackgroundPipelineCreator (BackgroundPipelineCreator.java:createPipelines(236)) - Created new pipeline Pipeline[ Id: a2a4d12c-48bc-48d6-934f-43b6ac2d0d89, Nodes: a70c1067-2103-48d8-b21c-f7bdcf327398(fv-az1109-796.pxagtw4bd2yejgkn5xrroktb3f.dx.internal.cloudapp.net/10.1.0.30), ReplicationConfig: RATIS/ONE, State:ALLOCATED, leaderId:, CreationTimestamp2024-02-26T09:18:27.064Z[Etc/UTC]]
2024-02-26 09:18:27,198 [IPC Server handler 0 on default port 15002] INFO  net.NetworkTopologyImpl (NetworkTopologyImpl.java:add(124)) - Added a new node: /default-rack/f0a2b3de-ed07-43d6-bdce-9d4b8e15ed2c
2024-02-26 09:18:27,198 [IPC Server handler 0 on default port 15002] INFO  node.SCMNodeManager (SCMNodeManager.java:register(421)) - Registered datanode: f0a2b3de-ed07-43d6-bdce-9d4b8e15ed2c{ip: 10.1.0.30, host: fv-az1109-796.pxagtw4bd2yejgkn5xrroktb3f.dx.internal.cloudapp.net, ports: [HTTP=15027, CLIENT_RPC=15028, REPLICATION=15034, RATIS=15030, RATIS_ADMIN=15031, RATIS_SERVER=15032, RATIS_DATASTREAM=15033, STANDALONE=15029], networkLocation: /default-rack, certSerialId: null, persistedOpState: null, persistedOpStateExpiryEpochSec: 0}
2024-02-26 09:18:27,199 [EventQueue-NodeRegistrationContainerReportForDataNodeSafeModeRule] INFO  safemode.SCMSafeModeManager (DataNodeSafeModeRule.java:process(71)) - SCM in safe mode. 3 DataNodes registered, 3 required.
2024-02-26 09:18:27,199 [EventQueue-NodeRegistrationContainerReportForDataNodeSafeModeRule] INFO  safemode.SCMSafeModeManager (SCMSafeModeManager.java:validateSafeModeExitRules(200)) - DataNodeSafeModeRule rule is successfully validated
2024-02-26 09:18:27,199 [EventQueue-NodeRegistrationContainerReportForDataNodeSafeModeRule] INFO  safemode.SCMSafeModeManager (SCMSafeModeManager.java:completePreCheck(229)) - All SCM safe mode pre check rules have passed
2024-02-26 09:18:27,200 [EventQueue-NewNodeForNewNodeHandler] INFO  pipeline.BackgroundPipelineCreator (BackgroundPipelineCreator.java:notifyEventTriggered(280)) - trigger a one-shot run on RatisPipelineUtilsThread.
2024-02-26 09:18:27,201 [EventQueue-NodeRegistrationContainerReportForDataNodeSafeModeRule] INFO  ha.SCMContext (SCMContext.java:updateSafeModeStatus(225)) - Update SafeModeStatus from SafeModeStatus{safeModeStatus=true, preCheckPassed=false} to SafeModeStatus{safeModeStatus=true, preCheckPassed=true}.
2024-02-26 09:18:27,201 [EventQueue-NodeRegistrationContainerReportForDataNodeSafeModeRule] INFO  pipeline.BackgroundPipelineCreator (BackgroundPipelineCreator.java:notifyEventTriggered(280)) - trigger a one-shot run on RatisPipelineUtilsThread.
2024-02-26 09:18:27,202 [RatisPipelineUtilsThread-0] INFO  pipeline.RatisPipelineProvider (RatisPipelineProvider.java:lambda$create$0(205)) - Sending CreatePipelineCommand for pipeline:PipelineID=6895a23e-29dd-40cb-ae31-2bcdd03a106c to datanode:f0a2b3de-ed07-43d6-bdce-9d4b8e15ed2c
2024-02-26 09:18:27,203 [RatisPipelineUtilsThread-0] INFO  pipeline.BackgroundPipelineCreator (BackgroundPipelineCreator.java:createPipelines(236)) - Created new pipeline Pipeline[ Id: 6895a23e-29dd-40cb-ae31-2bcdd03a106c, Nodes: f0a2b3de-ed07-43d6-bdce-9d4b8e15ed2c(fv-az1109-796.pxagtw4bd2yejgkn5xrroktb3f.dx.internal.cloudapp.net/10.1.0.30), ReplicationConfig: RATIS/ONE, State:ALLOCATED, leaderId:, CreationTimestamp2024-02-26T09:18:27.202Z[Etc/UTC]]
2024-02-26 09:18:27,206 [RatisPipelineUtilsThread-0] INFO  pipeline.RatisPipelineProvider (RatisPipelineProvider.java:lambda$create$0(205)) - Sending CreatePipelineCommand for pipeline:PipelineID=59bc64b5-f925-4f86-8d61-e71e972c389b to datanode:f0a2b3de-ed07-43d6-bdce-9d4b8e15ed2c
2024-02-26 09:18:27,206 [RatisPipelineUtilsThread-0] INFO  pipeline.RatisPipelineProvider (RatisPipelineProvider.java:lambda$create$0(205)) - Sending CreatePipelineCommand for pipeline:PipelineID=59bc64b5-f925-4f86-8d61-e71e972c389b to datanode:1fc8e30e-bcf6-4a54-bb04-f74c1c9f090e
2024-02-26 09:18:27,206 [RatisPipelineUtilsThread-0] INFO  pipeline.RatisPipelineProvider (RatisPipelineProvider.java:lambda$create$0(205)) - Sending CreatePipelineCommand for pipeline:PipelineID=59bc64b5-f925-4f86-8d61-e71e972c389b to datanode:a70c1067-2103-48d8-b21c-f7bdcf327398
2024-02-26 09:18:27,207 [RatisPipelineUtilsThread-0] INFO  pipeline.BackgroundPipelineCreator (BackgroundPipelineCreator.java:createPipelines(236)) - Created new pipeline Pipeline[ Id: 59bc64b5-f925-4f86-8d61-e71e972c389b, Nodes: f0a2b3de-ed07-43d6-bdce-9d4b8e15ed2c(fv-az1109-796.pxagtw4bd2yejgkn5xrroktb3f.dx.internal.cloudapp.net/10.1.0.30)1fc8e30e-bcf6-4a54-bb04-f74c1c9f090e(fv-az1109-796.pxagtw4bd2yejgkn5xrroktb3f.dx.internal.cloudapp.net/10.1.0.30)a70c1067-2103-48d8-b21c-f7bdcf327398(fv-az1109-796.pxagtw4bd2yejgkn5xrroktb3f.dx.internal.cloudapp.net/10.1.0.30), ReplicationConfig: RATIS/THREE, State:ALLOCATED, leaderId:, CreationTimestamp2024-02-26T09:18:27.206Z[Etc/UTC]]
2024-02-26 09:18:27,208 [RatisPipelineUtilsThread-0] INFO  pipeline.RatisPipelineProvider (RatisPipelineProvider.java:lambda$create$0(205)) - Sending CreatePipelineCommand for pipeline:PipelineID=9282a3c2-574b-4ce6-8fd7-73fbaf7e6709 to datanode:a70c1067-2103-48d8-b21c-f7bdcf327398
2024-02-26 09:18:27,208 [RatisPipelineUtilsThread-0] INFO  pipeline.RatisPipelineProvider (RatisPipelineProvider.java:lambda$create$0(205)) - Sending CreatePipelineCommand for pipeline:PipelineID=9282a3c2-574b-4ce6-8fd7-73fbaf7e6709 to datanode:f0a2b3de-ed07-43d6-bdce-9d4b8e15ed2c
2024-02-26 09:18:27,208 [RatisPipelineUtilsThread-0] INFO  pipeline.RatisPipelineProvider (RatisPipelineProvider.java:lambda$create$0(205)) - Sending CreatePipelineCommand for pipeline:PipelineID=9282a3c2-574b-4ce6-8fd7-73fbaf7e6709 to datanode:1fc8e30e-bcf6-4a54-bb04-f74c1c9f090e
2024-02-26 09:18:27,210 [RatisPipelineUtilsThread-0] INFO  pipeline.PipelineManagerImpl (PipelineManagerImpl.java:recordMetricsForPipeline(916)) - Pipeline: PipelineID=9282a3c2-574b-4ce6-8fd7-73fbaf7e6709 contains same datanodes as previous pipelines: PipelineID=59bc64b5-f925-4f86-8d61-e71e972c389b nodeIds: a70c1067-2103-48d8-b21c-f7bdcf327398, f0a2b3de-ed07-43d6-bdce-9d4b8e15ed2c, 1fc8e30e-bcf6-4a54-bb04-f74c1c9f090e
2024-02-26 09:18:27,210 [RatisPipelineUtilsThread-0] INFO  pipeline.BackgroundPipelineCreator (BackgroundPipelineCreator.java:createPipelines(236)) - Created new pipeline Pipeline[ Id: 9282a3c2-574b-4ce6-8fd7-73fbaf7e6709, Nodes: a70c1067-2103-48d8-b21c-f7bdcf327398(fv-az1109-796.pxagtw4bd2yejgkn5xrroktb3f.dx.internal.cloudapp.net/10.1.0.30)f0a2b3de-ed07-43d6-bdce-9d4b8e15ed2c(fv-az1109-796.pxagtw4bd2yejgkn5xrroktb3f.dx.internal.cloudapp.net/10.1.0.30)1fc8e30e-bcf6-4a54-bb04-f74c1c9f090e(fv-az1109-796.pxagtw4bd2yejgkn5xrroktb3f.dx.internal.cloudapp.net/10.1.0.30), ReplicationConfig: RATIS/THREE, State:ALLOCATED, leaderId:, CreationTimestamp2024-02-26T09:18:27.208Z[Etc/UTC]]
2024-02-26 09:18:27,402 [IPC Server handler 9 on default port 15002] INFO  net.NetworkTopologyImpl (NetworkTopologyImpl.java:add(124)) - Added a new node: /default-rack/805285a9-14be-4ba5-9516-049ed8f85315
2024-02-26 09:18:27,403 [IPC Server handler 9 on default port 15002] INFO  node.SCMNodeManager (SCMNodeManager.java:register(421)) - Registered datanode: 805285a9-14be-4ba5-9516-049ed8f85315{ip: 10.1.0.30, host: fv-az1109-796.pxagtw4bd2yejgkn5xrroktb3f.dx.internal.cloudapp.net, ports: [HTTP=15036, CLIENT_RPC=15037, REPLICATION=15043, RATIS=15039, RATIS_ADMIN=15040, RATIS_SERVER=15041, RATIS_DATASTREAM=15042, STANDALONE=15038], networkLocation: /default-rack, certSerialId: null, persistedOpState: null, persistedOpStateExpiryEpochSec: 0}
2024-02-26 09:18:27,404 [EventQueue-NewNodeForNewNodeHandler] INFO  pipeline.BackgroundPipelineCreator (BackgroundPipelineCreator.java:notifyEventTriggered(280)) - trigger a one-shot run on RatisPipelineUtilsThread.
2024-02-26 09:18:27,405 [RatisPipelineUtilsThread-0] INFO  pipeline.RatisPipelineProvider (RatisPipelineProvider.java:lambda$create$0(205)) - Sending CreatePipelineCommand for pipeline:PipelineID=11e5d1c1-8949-4fbf-a4dd-744b58b2b914 to datanode:805285a9-14be-4ba5-9516-049ed8f85315
2024-02-26 09:18:27,407 [RatisPipelineUtilsThread-0] INFO  pipeline.BackgroundPipelineCreator (BackgroundPipelineCreator.java:createPipelines(236)) - Created new pipeline Pipeline[ Id: 11e5d1c1-8949-4fbf-a4dd-744b58b2b914, Nodes: 805285a9-14be-4ba5-9516-049ed8f85315(fv-az1109-796.pxagtw4bd2yejgkn5xrroktb3f.dx.internal.cloudapp.net/10.1.0.30), ReplicationConfig: RATIS/ONE, State:ALLOCATED, leaderId:, CreationTimestamp2024-02-26T09:18:27.405Z[Etc/UTC]]
2024-02-26 09:18:27,557 [IPC Server handler 7 on default port 15002] INFO  net.NetworkTopologyImpl (NetworkTopologyImpl.java:add(124)) - Added a new node: /default-rack/62c7a6b6-874c-46f0-a24f-66d1ecaaa81b
2024-02-26 09:18:27,558 [IPC Server handler 7 on default port 15002] INFO  node.SCMNodeManager (SCMNodeManager.java:register(421)) - Registered datanode: 62c7a6b6-874c-46f0-a24f-66d1ecaaa81b{ip: 10.1.0.30, host: fv-az1109-796.pxagtw4bd2yejgkn5xrroktb3f.dx.internal.cloudapp.net, ports: [HTTP=15045, CLIENT_RPC=15046, REPLICATION=15052, RATIS=15048, RATIS_ADMIN=15049, RATIS_SERVER=15050, RATIS_DATASTREAM=15051, STANDALONE=15047], networkLocation: /default-rack, certSerialId: null, persistedOpState: null, persistedOpStateExpiryEpochSec: 0}
2024-02-26 09:18:27,558 [EventQueue-NewNodeForNewNodeHandler] INFO  pipeline.BackgroundPipelineCreator (BackgroundPipelineCreator.java:notifyEventTriggered(280)) - trigger a one-shot run on RatisPipelineUtilsThread.
2024-02-26 09:18:27,558 [main] INFO  ozone.MiniOzoneClusterImpl (MiniOzoneClusterImpl.java:lambda$waitForClusterToBeReady$0(195)) - Waiting for nodes to be ready. Got 5 of 14 DN Heartbeats.
2024-02-26 09:18:27,559 [main] INFO  ozone.MiniOzoneClusterImpl (MiniOzoneClusterImpl.java:lambda$waitForClusterToBeReady$0(198)) - Waiting for cluster to exit safe mode
2024-02-26 09:18:27,559 [RatisPipelineUtilsThread-0] INFO  pipeline.RatisPipelineProvider (RatisPipelineProvider.java:lambda$create$0(205)) - Sending CreatePipelineCommand for pipeline:PipelineID=8cf78206-2280-4dd6-a2f1-bb7f519a9432 to datanode:62c7a6b6-874c-46f0-a24f-66d1ecaaa81b
2024-02-26 09:18:27,559 [main] INFO  ozone.MiniOzoneClusterImpl (MiniOzoneClusterImpl.java:lambda$waitForClusterToBeReady$0(200)) - SCM became leader
2024-02-26 09:18:27,560 [RatisPipelineUtilsThread-0] INFO  pipeline.BackgroundPipelineCreator (BackgroundPipelineCreator.java:createPipelines(236)) - Created new pipeline Pipeline[ Id: 8cf78206-2280-4dd6-a2f1-bb7f519a9432, Nodes: 62c7a6b6-874c-46f0-a24f-66d1ecaaa81b(fv-az1109-796.pxagtw4bd2yejgkn5xrroktb3f.dx.internal.cloudapp.net/10.1.0.30), ReplicationConfig: RATIS/ONE, State:ALLOCATED, leaderId:, CreationTimestamp2024-02-26T09:18:27.559Z[Etc/UTC]]
2024-02-26 09:18:27,686 [IPC Server handler 6 on default port 15002] INFO  net.NetworkTopologyImpl (NetworkTopologyImpl.java:add(124)) - Added a new node: /default-rack/bca0bda6-c24b-45de-ae86-b5c7c2d890ab
2024-02-26 09:18:27,687 [IPC Server handler 6 on default port 15002] INFO  node.SCMNodeManager (SCMNodeManager.java:register(421)) - Registered datanode: bca0bda6-c24b-45de-ae86-b5c7c2d890ab{ip: 10.1.0.30, host: fv-az1109-796.pxagtw4bd2yejgkn5xrroktb3f.dx.internal.cloudapp.net, ports: [HTTP=15054, CLIENT_RPC=15055, REPLICATION=15061, RATIS=15057, RATIS_ADMIN=15058, RATIS_SERVER=15059, RATIS_DATASTREAM=15060, STANDALONE=15056], networkLocation: /default-rack, certSerialId: null, persistedOpState: null, persistedOpStateExpiryEpochSec: 0}
2024-02-26 09:18:27,687 [EventQueue-NewNodeForNewNodeHandler] INFO  pipeline.BackgroundPipelineCreator (BackgroundPipelineCreator.java:notifyEventTriggered(280)) - trigger a one-shot run on RatisPipelineUtilsThread.
2024-02-26 09:18:27,688 [RatisPipelineUtilsThread-0] INFO  pipeline.RatisPipelineProvider (RatisPipelineProvider.java:lambda$create$0(205)) - Sending CreatePipelineCommand for pipeline:PipelineID=a75f2f67-ef60-4d48-8ff0-03d8c6a018cc to datanode:bca0bda6-c24b-45de-ae86-b5c7c2d890ab
2024-02-26 09:18:27,690 [RatisPipelineUtilsThread-0] INFO  pipeline.BackgroundPipelineCreator (BackgroundPipelineCreator.java:createPipelines(236)) - Created new pipeline Pipeline[ Id: a75f2f67-ef60-4d48-8ff0-03d8c6a018cc, Nodes: bca0bda6-c24b-45de-ae86-b5c7c2d890ab(fv-az1109-796.pxagtw4bd2yejgkn5xrroktb3f.dx.internal.cloudapp.net/10.1.0.30), ReplicationConfig: RATIS/ONE, State:ALLOCATED, leaderId:, CreationTimestamp2024-02-26T09:18:27.688Z[Etc/UTC]]
2024-02-26 09:18:27,690 [RatisPipelineUtilsThread-0] INFO  pipeline.RatisPipelineProvider (RatisPipelineProvider.java:lambda$create$0(205)) - Sending CreatePipelineCommand for pipeline:PipelineID=e66b14b8-0bee-4da7-8c90-66f4a86a365c to datanode:805285a9-14be-4ba5-9516-049ed8f85315
2024-02-26 09:18:27,690 [RatisPipelineUtilsThread-0] INFO  pipeline.RatisPipelineProvider (RatisPipelineProvider.java:lambda$create$0(205)) - Sending CreatePipelineCommand for pipeline:PipelineID=e66b14b8-0bee-4da7-8c90-66f4a86a365c to datanode:bca0bda6-c24b-45de-ae86-b5c7c2d890ab
2024-02-26 09:18:27,691 [RatisPipelineUtilsThread-0] INFO  pipeline.RatisPipelineProvider (RatisPipelineProvider.java:lambda$create$0(205)) - Sending CreatePipelineCommand for pipeline:PipelineID=e66b14b8-0bee-4da7-8c90-66f4a86a365c to datanode:62c7a6b6-874c-46f0-a24f-66d1ecaaa81b
2024-02-26 09:18:27,692 [RatisPipelineUtilsThread-0] INFO  pipeline.BackgroundPipelineCreator (BackgroundPipelineCreator.java:createPipelines(236)) - Created new pipeline Pipeline[ Id: e66b14b8-0bee-4da7-8c90-66f4a86a365c, Nodes: 805285a9-14be-4ba5-9516-049ed8f85315(fv-az1109-796.pxagtw4bd2yejgkn5xrroktb3f.dx.internal.cloudapp.net/10.1.0.30)bca0bda6-c24b-45de-ae86-b5c7c2d890ab(fv-az1109-796.pxagtw4bd2yejgkn5xrroktb3f.dx.internal.cloudapp.net/10.1.0.30)62c7a6b6-874c-46f0-a24f-66d1ecaaa81b(fv-az1109-796.pxagtw4bd2yejgkn5xrroktb3f.dx.internal.cloudapp.net/10.1.0.30), ReplicationConfig: RATIS/THREE, State:ALLOCATED, leaderId:, CreationTimestamp2024-02-26T09:18:27.690Z[Etc/UTC]]
2024-02-26 09:18:27,693 [RatisPipelineUtilsThread-0] INFO  pipeline.RatisPipelineProvider (RatisPipelineProvider.java:lambda$create$0(205)) - Sending CreatePipelineCommand for pipeline:PipelineID=15140eea-1538-47da-817a-e406f7d03047 to datanode:bca0bda6-c24b-45de-ae86-b5c7c2d890ab
2024-02-26 09:18:27,693 [RatisPipelineUtilsThread-0] INFO  pipeline.RatisPipelineProvider (RatisPipelineProvider.java:lambda$create$0(205)) - Sending CreatePipelineCommand for pipeline:PipelineID=15140eea-1538-47da-817a-e406f7d03047 to datanode:805285a9-14be-4ba5-9516-049ed8f85315
2024-02-26 09:18:27,693 [RatisPipelineUtilsThread-0] INFO  pipeline.RatisPipelineProvider (RatisPipelineProvider.java:lambda$create$0(205)) - Sending CreatePipelineCommand for pipeline:PipelineID=15140eea-1538-47da-817a-e406f7d03047 to datanode:62c7a6b6-874c-46f0-a24f-66d1ecaaa81b
2024-02-26 09:18:27,694 [RatisPipelineUtilsThread-0] INFO  pipeline.PipelineManagerImpl (PipelineManagerImpl.java:recordMetricsForPipeline(916)) - Pipeline: PipelineID=15140eea-1538-47da-817a-e406f7d03047 contains same datanodes as previous pipelines: PipelineID=e66b14b8-0bee-4da7-8c90-66f4a86a365c nodeIds: bca0bda6-c24b-45de-ae86-b5c7c2d890ab, 805285a9-14be-4ba5-9516-049ed8f85315, 62c7a6b6-874c-46f0-a24f-66d1ecaaa81b
2024-02-26 09:18:27,694 [RatisPipelineUtilsThread-0] INFO  pipeline.BackgroundPipelineCreator (BackgroundPipelineCreator.java:createPipelines(236)) - Created new pipeline Pipeline[ Id: 15140eea-1538-47da-817a-e406f7d03047, Nodes: bca0bda6-c24b-45de-ae86-b5c7c2d890ab(fv-az1109-796.pxagtw4bd2yejgkn5xrroktb3f.dx.internal.cloudapp.net/10.1.0.30)805285a9-14be-4ba5-9516-049ed8f85315(fv-az1109-796.pxagtw4bd2yejgkn5xrroktb3f.dx.internal.cloudapp.net/10.1.0.30)62c7a6b6-874c-46f0-a24f-66d1ecaaa81b(fv-az1109-796.pxagtw4bd2yejgkn5xrroktb3f.dx.internal.cloudapp.net/10.1.0.30), ReplicationConfig: RATIS/THREE, State:ALLOCATED, leaderId:, CreationTimestamp2024-02-26T09:18:27.693Z[Etc/UTC]]
2024-02-26 09:18:27,810 [IPC Server handler 10 on default port 15002] INFO  net.NetworkTopologyImpl (NetworkTopologyImpl.java:add(124)) - Added a new node: /default-rack/b254f787-4ade-443a-8cd7-22935f345023
2024-02-26 09:18:27,810 [IPC Server handler 10 on default port 15002] INFO  node.SCMNodeManager (SCMNodeManager.java:register(421)) - Registered datanode: b254f787-4ade-443a-8cd7-22935f345023{ip: 10.1.0.30, host: fv-az1109-796.pxagtw4bd2yejgkn5xrroktb3f.dx.internal.cloudapp.net, ports: [HTTP=15063, CLIENT_RPC=15064, REPLICATION=15070, RATIS=15066, RATIS_ADMIN=15067, RATIS_SERVER=15068, RATIS_DATASTREAM=15069, STANDALONE=15065], networkLocation: /default-rack, certSerialId: null, persistedOpState: null, persistedOpStateExpiryEpochSec: 0}
2024-02-26 09:18:27,811 [EventQueue-NewNodeForNewNodeHandler] INFO  pipeline.BackgroundPipelineCreator (BackgroundPipelineCreator.java:notifyEventTriggered(280)) - trigger a one-shot run on RatisPipelineUtilsThread.
2024-02-26 09:18:27,814 [RatisPipelineUtilsThread-0] INFO  pipeline.RatisPipelineProvider (RatisPipelineProvider.java:lambda$create$0(205)) - Sending CreatePipelineCommand for pipeline:PipelineID=d4958177-6a67-4271-91bd-f786dd91c2c9 to datanode:b254f787-4ade-443a-8cd7-22935f345023
2024-02-26 09:18:27,814 [RatisPipelineUtilsThread-0] INFO  pipeline.BackgroundPipelineCreator (BackgroundPipelineCreator.java:createPipelines(236)) - Created new pipeline Pipeline[ Id: d4958177-6a67-4271-91bd-f786dd91c2c9, Nodes: b254f787-4ade-443a-8cd7-22935f345023(fv-az1109-796.pxagtw4bd2yejgkn5xrroktb3f.dx.internal.cloudapp.net/10.1.0.30), ReplicationConfig: RATIS/ONE, State:ALLOCATED, leaderId:, CreationTimestamp2024-02-26T09:18:27.814Z[Etc/UTC]]
2024-02-26 09:18:27,913 [IPC Server handler 11 on default port 15002] INFO  net.NetworkTopologyImpl (NetworkTopologyImpl.java:add(124)) - Added a new node: /default-rack/aa7921d1-8be5-430c-af0e-7b09d4ba500e
2024-02-26 09:18:27,913 [IPC Server handler 11 on default port 15002] INFO  node.SCMNodeManager (SCMNodeManager.java:register(421)) - Registered datanode: aa7921d1-8be5-430c-af0e-7b09d4ba500e{ip: 10.1.0.30, host: fv-az1109-796.pxagtw4bd2yejgkn5xrroktb3f.dx.internal.cloudapp.net, ports: [HTTP=15072, CLIENT_RPC=15073, REPLICATION=15079, RATIS=15075, RATIS_ADMIN=15076, RATIS_SERVER=15077, RATIS_DATASTREAM=15078, STANDALONE=15074], networkLocation: /default-rack, certSerialId: null, persistedOpState: null, persistedOpStateExpiryEpochSec: 0}
2024-02-26 09:18:27,913 [EventQueue-NewNodeForNewNodeHandler] INFO  pipeline.BackgroundPipelineCreator (BackgroundPipelineCreator.java:notifyEventTriggered(280)) - trigger a one-shot run on RatisPipelineUtilsThread.
2024-02-26 09:18:27,914 [RatisPipelineUtilsThread-0] INFO  pipeline.RatisPipelineProvider (RatisPipelineProvider.java:lambda$create$0(205)) - Sending CreatePipelineCommand for pipeline:PipelineID=51f7e269-e0bb-4d92-b32b-99153d2f9da5 to datanode:aa7921d1-8be5-430c-af0e-7b09d4ba500e
2024-02-26 09:18:27,915 [RatisPipelineUtilsThread-0] INFO  pipeline.BackgroundPipelineCreator (BackgroundPipelineCreator.java:createPipelines(236)) - Created new pipeline Pipeline[ Id: 51f7e269-e0bb-4d92-b32b-99153d2f9da5, Nodes: aa7921d1-8be5-430c-af0e-7b09d4ba500e(fv-az1109-796.pxagtw4bd2yejgkn5xrroktb3f.dx.internal.cloudapp.net/10.1.0.30), ReplicationConfig: RATIS/ONE, State:ALLOCATED, leaderId:, CreationTimestamp2024-02-26T09:18:27.914Z[Etc/UTC]]
2024-02-26 09:18:28,027 [IPC Server handler 12 on default port 15002] INFO  net.NetworkTopologyImpl (NetworkTopologyImpl.java:add(124)) - Added a new node: /default-rack/87e9945c-a125-4404-bbe2-61a5a4b10cf4
2024-02-26 09:18:28,027 [IPC Server handler 12 on default port 15002] INFO  node.SCMNodeManager (SCMNodeManager.java:register(421)) - Registered datanode: 87e9945c-a125-4404-bbe2-61a5a4b10cf4{ip: 10.1.0.30, host: fv-az1109-796.pxagtw4bd2yejgkn5xrroktb3f.dx.internal.cloudapp.net, ports: [HTTP=15081, CLIENT_RPC=15082, REPLICATION=15088, RATIS=15084, RATIS_ADMIN=15085, RATIS_SERVER=15086, RATIS_DATASTREAM=15087, STANDALONE=15083], networkLocation: /default-rack, certSerialId: null, persistedOpState: null, persistedOpStateExpiryEpochSec: 0}
2024-02-26 09:18:28,027 [EventQueue-NewNodeForNewNodeHandler] INFO  pipeline.BackgroundPipelineCreator (BackgroundPipelineCreator.java:notifyEventTriggered(280)) - trigger a one-shot run on RatisPipelineUtilsThread.
2024-02-26 09:18:28,028 [RatisPipelineUtilsThread-0] INFO  pipeline.RatisPipelineProvider (RatisPipelineProvider.java:lambda$create$0(205)) - Sending CreatePipelineCommand for pipeline:PipelineID=f21dd219-1219-404f-836e-842f6e5eef7f to datanode:87e9945c-a125-4404-bbe2-61a5a4b10cf4
2024-02-26 09:18:28,029 [RatisPipelineUtilsThread-0] INFO  pipeline.BackgroundPipelineCreator (BackgroundPipelineCreator.java:createPipelines(236)) - Created new pipeline Pipeline[ Id: f21dd219-1219-404f-836e-842f6e5eef7f, Nodes: 87e9945c-a125-4404-bbe2-61a5a4b10cf4(fv-az1109-796.pxagtw4bd2yejgkn5xrroktb3f.dx.internal.cloudapp.net/10.1.0.30), ReplicationConfig: RATIS/ONE, State:ALLOCATED, leaderId:, CreationTimestamp2024-02-26T09:18:28.028Z[Etc/UTC]]
2024-02-26 09:18:28,030 [RatisPipelineUtilsThread-0] INFO  pipeline.RatisPipelineProvider (RatisPipelineProvider.java:lambda$create$0(205)) - Sending CreatePipelineCommand for pipeline:PipelineID=b84c48df-f653-405d-a6f4-b7258a4d66ee to datanode:aa7921d1-8be5-430c-af0e-7b09d4ba500e
2024-02-26 09:18:28,030 [RatisPipelineUtilsThread-0] INFO  pipeline.RatisPipelineProvider (RatisPipelineProvider.java:lambda$create$0(205)) - Sending CreatePipelineCommand for pipeline:PipelineID=b84c48df-f653-405d-a6f4-b7258a4d66ee to datanode:87e9945c-a125-4404-bbe2-61a5a4b10cf4
2024-02-26 09:18:28,030 [RatisPipelineUtilsThread-0] INFO  pipeline.RatisPipelineProvider (RatisPipelineProvider.java:lambda$create$0(205)) - Sending CreatePipelineCommand for pipeline:PipelineID=b84c48df-f653-405d-a6f4-b7258a4d66ee to datanode:b254f787-4ade-443a-8cd7-22935f345023
2024-02-26 09:18:28,031 [RatisPipelineUtilsThread-0] INFO  pipeline.BackgroundPipelineCreator (BackgroundPipelineCreator.java:createPipelines(236)) - Created new pipeline Pipeline[ Id: b84c48df-f653-405d-a6f4-b7258a4d66ee, Nodes: aa7921d1-8be5-430c-af0e-7b09d4ba500e(fv-az1109-796.pxagtw4bd2yejgkn5xrroktb3f.dx.internal.cloudapp.net/10.1.0.30)87e9945c-a125-4404-bbe2-61a5a4b10cf4(fv-az1109-796.pxagtw4bd2yejgkn5xrroktb3f.dx.internal.cloudapp.net/10.1.0.30)b254f787-4ade-443a-8cd7-22935f345023(fv-az1109-796.pxagtw4bd2yejgkn5xrroktb3f.dx.internal.cloudapp.net/10.1.0.30), ReplicationConfig: RATIS/THREE, State:ALLOCATED, leaderId:, CreationTimestamp2024-02-26T09:18:28.030Z[Etc/UTC]]
2024-02-26 09:18:28,031 [RatisPipelineUtilsThread-0] INFO  pipeline.RatisPipelineProvider (RatisPipelineProvider.java:lambda$create$0(205)) - Sending CreatePipelineCommand for pipeline:PipelineID=12e2862d-a2f7-43f0-b7c6-f488967c77b6 to datanode:aa7921d1-8be5-430c-af0e-7b09d4ba500e
2024-02-26 09:18:28,031 [RatisPipelineUtilsThread-0] INFO  pipeline.RatisPipelineProvider (RatisPipelineProvider.java:lambda$create$0(205)) - Sending CreatePipelineCommand for pipeline:PipelineID=12e2862d-a2f7-43f0-b7c6-f488967c77b6 to datanode:87e9945c-a125-4404-bbe2-61a5a4b10cf4
2024-02-26 09:18:28,031 [RatisPipelineUtilsThread-0] INFO  pipeline.RatisPipelineProvider (RatisPipelineProvider.java:lambda$create$0(205)) - Sending CreatePipelineCommand for pipeline:PipelineID=12e2862d-a2f7-43f0-b7c6-f488967c77b6 to datanode:b254f787-4ade-443a-8cd7-22935f345023
2024-02-26 09:18:28,034 [RatisPipelineUtilsThread-0] INFO  pipeline.PipelineManagerImpl (PipelineManagerImpl.java:recordMetricsForPipeline(916)) - Pipeline: PipelineID=12e2862d-a2f7-43f0-b7c6-f488967c77b6 contains same datanodes as previous pipelines: PipelineID=b84c48df-f653-405d-a6f4-b7258a4d66ee nodeIds: aa7921d1-8be5-430c-af0e-7b09d4ba500e, 87e9945c-a125-4404-bbe2-61a5a4b10cf4, b254f787-4ade-443a-8cd7-22935f345023
2024-02-26 09:18:28,035 [RatisPipelineUtilsThread-0] INFO  pipeline.BackgroundPipelineCreator (BackgroundPipelineCreator.java:createPipelines(236)) - Created new pipeline Pipeline[ Id: 12e2862d-a2f7-43f0-b7c6-f488967c77b6, Nodes: aa7921d1-8be5-430c-af0e-7b09d4ba500e(fv-az1109-796.pxagtw4bd2yejgkn5xrroktb3f.dx.internal.cloudapp.net/10.1.0.30)87e9945c-a125-4404-bbe2-61a5a4b10cf4(fv-az1109-796.pxagtw4bd2yejgkn5xrroktb3f.dx.internal.cloudapp.net/10.1.0.30)b254f787-4ade-443a-8cd7-22935f345023(fv-az1109-796.pxagtw4bd2yejgkn5xrroktb3f.dx.internal.cloudapp.net/10.1.0.30), ReplicationConfig: RATIS/THREE, State:ALLOCATED, leaderId:, CreationTimestamp2024-02-26T09:18:28.031Z[Etc/UTC]]
2024-02-26 09:18:28,125 [IPC Server handler 13 on default port 15002] INFO  net.NetworkTopologyImpl (NetworkTopologyImpl.java:add(124)) - Added a new node: /default-rack/4e76a5f4-598e-407f-bd79-992a553d1db1
2024-02-26 09:18:28,125 [IPC Server handler 13 on default port 15002] INFO  node.SCMNodeManager (SCMNodeManager.java:register(421)) - Registered datanode: 4e76a5f4-598e-407f-bd79-992a553d1db1{ip: 10.1.0.30, host: fv-az1109-796.pxagtw4bd2yejgkn5xrroktb3f.dx.internal.cloudapp.net, ports: [HTTP=15090, CLIENT_RPC=15091, REPLICATION=15097, RATIS=15093, RATIS_ADMIN=15094, RATIS_SERVER=15095, RATIS_DATASTREAM=15096, STANDALONE=15092], networkLocation: /default-rack, certSerialId: null, persistedOpState: null, persistedOpStateExpiryEpochSec: 0}
2024-02-26 09:18:28,126 [EventQueue-NewNodeForNewNodeHandler] INFO  pipeline.BackgroundPipelineCreator (BackgroundPipelineCreator.java:notifyEventTriggered(280)) - trigger a one-shot run on RatisPipelineUtilsThread.
2024-02-26 09:18:28,126 [RatisPipelineUtilsThread-0] INFO  pipeline.RatisPipelineProvider (RatisPipelineProvider.java:lambda$create$0(205)) - Sending CreatePipelineCommand for pipeline:PipelineID=38c62752-2143-4318-bb0c-5e64e6f45f8e to datanode:4e76a5f4-598e-407f-bd79-992a553d1db1
2024-02-26 09:18:28,127 [RatisPipelineUtilsThread-0] INFO  pipeline.BackgroundPipelineCreator (BackgroundPipelineCreator.java:createPipelines(236)) - Created new pipeline Pipeline[ Id: 38c62752-2143-4318-bb0c-5e64e6f45f8e, Nodes: 4e76a5f4-598e-407f-bd79-992a553d1db1(fv-az1109-796.pxagtw4bd2yejgkn5xrroktb3f.dx.internal.cloudapp.net/10.1.0.30), ReplicationConfig: RATIS/ONE, State:ALLOCATED, leaderId:, CreationTimestamp2024-02-26T09:18:28.126Z[Etc/UTC]]
2024-02-26 09:18:28,224 [IPC Server handler 1 on default port 15002] INFO  net.NetworkTopologyImpl (NetworkTopologyImpl.java:add(124)) - Added a new node: /default-rack/90984f07-37f5-40e1-bf66-3a8ca2321052
2024-02-26 09:18:28,224 [IPC Server handler 1 on default port 15002] INFO  node.SCMNodeManager (SCMNodeManager.java:register(421)) - Registered datanode: 90984f07-37f5-40e1-bf66-3a8ca2321052{ip: 10.1.0.30, host: fv-az1109-796.pxagtw4bd2yejgkn5xrroktb3f.dx.internal.cloudapp.net, ports: [HTTP=15099, CLIENT_RPC=15100, REPLICATION=15106, RATIS=15102, RATIS_ADMIN=15103, RATIS_SERVER=15104, RATIS_DATASTREAM=15105, STANDALONE=15101], networkLocation: /default-rack, certSerialId: null, persistedOpState: null, persistedOpStateExpiryEpochSec: 0}
2024-02-26 09:18:28,224 [EventQueue-NewNodeForNewNodeHandler] INFO  pipeline.BackgroundPipelineCreator (BackgroundPipelineCreator.java:notifyEventTriggered(280)) - trigger a one-shot run on RatisPipelineUtilsThread.
2024-02-26 09:18:28,228 [RatisPipelineUtilsThread-0] INFO  pipeline.RatisPipelineProvider (RatisPipelineProvider.java:lambda$create$0(205)) - Sending CreatePipelineCommand for pipeline:PipelineID=da84240f-f37b-4bed-b4dd-84a835d1b97a to datanode:90984f07-37f5-40e1-bf66-3a8ca2321052
2024-02-26 09:18:28,228 [RatisPipelineUtilsThread-0] INFO  pipeline.BackgroundPipelineCreator (BackgroundPipelineCreator.java:createPipelines(236)) - Created new pipeline Pipeline[ Id: da84240f-f37b-4bed-b4dd-84a835d1b97a, Nodes: 90984f07-37f5-40e1-bf66-3a8ca2321052(fv-az1109-796.pxagtw4bd2yejgkn5xrroktb3f.dx.internal.cloudapp.net/10.1.0.30), ReplicationConfig: RATIS/ONE, State:ALLOCATED, leaderId:, CreationTimestamp2024-02-26T09:18:28.228Z[Etc/UTC]]
2024-02-26 09:18:28,333 [IPC Server handler 2 on default port 15002] INFO  net.NetworkTopologyImpl (NetworkTopologyImpl.java:add(124)) - Added a new node: /default-rack/f4d7646f-0fb1-4da2-a8dc-21597b443f6f
2024-02-26 09:18:28,333 [IPC Server handler 2 on default port 15002] INFO  node.SCMNodeManager (SCMNodeManager.java:register(421)) - Registered datanode: f4d7646f-0fb1-4da2-a8dc-21597b443f6f{ip: 10.1.0.30, host: fv-az1109-796.pxagtw4bd2yejgkn5xrroktb3f.dx.internal.cloudapp.net, ports: [HTTP=15108, CLIENT_RPC=15109, REPLICATION=15115, RATIS=15111, RATIS_ADMIN=15112, RATIS_SERVER=15113, RATIS_DATASTREAM=15114, STANDALONE=15110], networkLocation: /default-rack, certSerialId: null, persistedOpState: null, persistedOpStateExpiryEpochSec: 0}
2024-02-26 09:18:28,334 [EventQueue-NewNodeForNewNodeHandler] INFO  pipeline.BackgroundPipelineCreator (BackgroundPipelineCreator.java:notifyEventTriggered(280)) - trigger a one-shot run on RatisPipelineUtilsThread.
2024-02-26 09:18:28,334 [RatisPipelineUtilsThread-0] INFO  pipeline.RatisPipelineProvider (RatisPipelineProvider.java:lambda$create$0(205)) - Sending CreatePipelineCommand for pipeline:PipelineID=c289f326-1f46-4a1b-b7af-70afc97b979b to datanode:f4d7646f-0fb1-4da2-a8dc-21597b443f6f
2024-02-26 09:18:28,335 [RatisPipelineUtilsThread-0] INFO  pipeline.BackgroundPipelineCreator (BackgroundPipelineCreator.java:createPipelines(236)) - Created new pipeline Pipeline[ Id: c289f326-1f46-4a1b-b7af-70afc97b979b, Nodes: f4d7646f-0fb1-4da2-a8dc-21597b443f6f(fv-az1109-796.pxagtw4bd2yejgkn5xrroktb3f.dx.internal.cloudapp.net/10.1.0.30), ReplicationConfig: RATIS/ONE, State:ALLOCATED, leaderId:, CreationTimestamp2024-02-26T09:18:28.334Z[Etc/UTC]]
2024-02-26 09:18:28,336 [RatisPipelineUtilsThread-0] INFO  pipeline.RatisPipelineProvider (RatisPipelineProvider.java:lambda$create$0(205)) - Sending CreatePipelineCommand for pipeline:PipelineID=b301387e-7f34-403e-9476-ee4d386c2eb3 to datanode:f4d7646f-0fb1-4da2-a8dc-21597b443f6f
2024-02-26 09:18:28,336 [RatisPipelineUtilsThread-0] INFO  pipeline.RatisPipelineProvider (RatisPipelineProvider.java:lambda$create$0(205)) - Sending CreatePipelineCommand for pipeline:PipelineID=b301387e-7f34-403e-9476-ee4d386c2eb3 to datanode:4e76a5f4-598e-407f-bd79-992a553d1db1
2024-02-26 09:18:28,336 [RatisPipelineUtilsThread-0] INFO  pipeline.RatisPipelineProvider (RatisPipelineProvider.java:lambda$create$0(205)) - Sending CreatePipelineCommand for pipeline:PipelineID=b301387e-7f34-403e-9476-ee4d386c2eb3 to datanode:90984f07-37f5-40e1-bf66-3a8ca2321052
2024-02-26 09:18:28,337 [RatisPipelineUtilsThread-0] INFO  pipeline.BackgroundPipelineCreator (BackgroundPipelineCreator.java:createPipelines(236)) - Created new pipeline Pipeline[ Id: b301387e-7f34-403e-9476-ee4d386c2eb3, Nodes: f4d7646f-0fb1-4da2-a8dc-21597b443f6f(fv-az1109-796.pxagtw4bd2yejgkn5xrroktb3f.dx.internal.cloudapp.net/10.1.0.30)4e76a5f4-598e-407f-bd79-992a553d1db1(fv-az1109-796.pxagtw4bd2yejgkn5xrroktb3f.dx.internal.cloudapp.net/10.1.0.30)90984f07-37f5-40e1-bf66-3a8ca2321052(fv-az1109-796.pxagtw4bd2yejgkn5xrroktb3f.dx.internal.cloudapp.net/10.1.0.30), ReplicationConfig: RATIS/THREE, State:ALLOCATED, leaderId:, CreationTimestamp2024-02-26T09:18:28.336Z[Etc/UTC]]
2024-02-26 09:18:28,339 [RatisPipelineUtilsThread-0] INFO  pipeline.RatisPipelineProvider (RatisPipelineProvider.java:lambda$create$0(205)) - Sending CreatePipelineCommand for pipeline:PipelineID=d5a3b6d9-aabc-4c54-8245-08f59056c036 to datanode:4e76a5f4-598e-407f-bd79-992a553d1db1
2024-02-26 09:18:28,339 [RatisPipelineUtilsThread-0] INFO  pipeline.RatisPipelineProvider (RatisPipelineProvider.java:lambda$create$0(205)) - Sending CreatePipelineCommand for pipeline:PipelineID=d5a3b6d9-aabc-4c54-8245-08f59056c036 to datanode:90984f07-37f5-40e1-bf66-3a8ca2321052
2024-02-26 09:18:28,339 [RatisPipelineUtilsThread-0] INFO  pipeline.RatisPipelineProvider (RatisPipelineProvider.java:lambda$create$0(205)) - Sending CreatePipelineCommand for pipeline:PipelineID=d5a3b6d9-aabc-4c54-8245-08f59056c036 to datanode:f4d7646f-0fb1-4da2-a8dc-21597b443f6f
2024-02-26 09:18:28,340 [RatisPipelineUtilsThread-0] INFO  pipeline.PipelineManagerImpl (PipelineManagerImpl.java:recordMetricsForPipeline(916)) - Pipeline: PipelineID=d5a3b6d9-aabc-4c54-8245-08f59056c036 contains same datanodes as previous pipelines: PipelineID=b301387e-7f34-403e-9476-ee4d386c2eb3 nodeIds: 4e76a5f4-598e-407f-bd79-992a553d1db1, 90984f07-37f5-40e1-bf66-3a8ca2321052, f4d7646f-0fb1-4da2-a8dc-21597b443f6f
2024-02-26 09:18:28,340 [RatisPipelineUtilsThread-0] INFO  pipeline.BackgroundPipelineCreator (BackgroundPipelineCreator.java:createPipelines(236)) - Created new pipeline Pipeline[ Id: d5a3b6d9-aabc-4c54-8245-08f59056c036, Nodes: 4e76a5f4-598e-407f-bd79-992a553d1db1(fv-az1109-796.pxagtw4bd2yejgkn5xrroktb3f.dx.internal.cloudapp.net/10.1.0.30)90984f07-37f5-40e1-bf66-3a8ca2321052(fv-az1109-796.pxagtw4bd2yejgkn5xrroktb3f.dx.internal.cloudapp.net/10.1.0.30)f4d7646f-0fb1-4da2-a8dc-21597b443f6f(fv-az1109-796.pxagtw4bd2yejgkn5xrroktb3f.dx.internal.cloudapp.net/10.1.0.30), ReplicationConfig: RATIS/THREE, State:ALLOCATED, leaderId:, CreationTimestamp2024-02-26T09:18:28.339Z[Etc/UTC]]
2024-02-26 09:18:28,433 [IPC Server handler 8 on default port 15002] INFO  net.NetworkTopologyImpl (NetworkTopologyImpl.java:add(124)) - Added a new node: /default-rack/8b754925-a2c8-41f5-ba18-fc172404abb1
2024-02-26 09:18:28,433 [IPC Server handler 8 on default port 15002] INFO  node.SCMNodeManager (SCMNodeManager.java:register(421)) - Registered datanode: 8b754925-a2c8-41f5-ba18-fc172404abb1{ip: 10.1.0.30, host: fv-az1109-796.pxagtw4bd2yejgkn5xrroktb3f.dx.internal.cloudapp.net, ports: [HTTP=15117, CLIENT_RPC=15118, REPLICATION=15124, RATIS=15120, RATIS_ADMIN=15121, RATIS_SERVER=15122, RATIS_DATASTREAM=15123, STANDALONE=15119], networkLocation: /default-rack, certSerialId: null, persistedOpState: null, persistedOpStateExpiryEpochSec: 0}
2024-02-26 09:18:28,433 [EventQueue-NewNodeForNewNodeHandler] INFO  pipeline.BackgroundPipelineCreator (BackgroundPipelineCreator.java:notifyEventTriggered(280)) - trigger a one-shot run on RatisPipelineUtilsThread.
2024-02-26 09:18:28,434 [RatisPipelineUtilsThread-0] INFO  pipeline.RatisPipelineProvider (RatisPipelineProvider.java:lambda$create$0(205)) - Sending CreatePipelineCommand for pipeline:PipelineID=b6300412-caf1-4a58-9338-d99cc601fa38 to datanode:8b754925-a2c8-41f5-ba18-fc172404abb1
2024-02-26 09:18:28,435 [RatisPipelineUtilsThread-0] INFO  pipeline.BackgroundPipelineCreator (BackgroundPipelineCreator.java:createPipelines(236)) - Created new pipeline Pipeline[ Id: b6300412-caf1-4a58-9338-d99cc601fa38, Nodes: 8b754925-a2c8-41f5-ba18-fc172404abb1(fv-az1109-796.pxagtw4bd2yejgkn5xrroktb3f.dx.internal.cloudapp.net/10.1.0.30), ReplicationConfig: RATIS/ONE, State:ALLOCATED, leaderId:, CreationTimestamp2024-02-26T09:18:28.434Z[Etc/UTC]]
2024-02-26 09:18:28,554 [IPC Server handler 7 on default port 15002] INFO  net.NetworkTopologyImpl (NetworkTopologyImpl.java:add(124)) - Added a new node: /default-rack/ca5f02e2-bc43-4498-b1f2-381f8abbb3f5
2024-02-26 09:18:28,554 [IPC Server handler 7 on default port 15002] INFO  node.SCMNodeManager (SCMNodeManager.java:register(421)) - Registered datanode: ca5f02e2-bc43-4498-b1f2-381f8abbb3f5{ip: 10.1.0.30, host: fv-az1109-796.pxagtw4bd2yejgkn5xrroktb3f.dx.internal.cloudapp.net, ports: [HTTP=15126, CLIENT_RPC=15127, REPLICATION=15133, RATIS=15129, RATIS_ADMIN=15130, RATIS_SERVER=15131, RATIS_DATASTREAM=15132, STANDALONE=15128], networkLocation: /default-rack, certSerialId: null, persistedOpState: null, persistedOpStateExpiryEpochSec: 0}
2024-02-26 09:18:28,555 [EventQueue-NewNodeForNewNodeHandler] INFO  pipeline.BackgroundPipelineCreator (BackgroundPipelineCreator.java:notifyEventTriggered(280)) - trigger a one-shot run on RatisPipelineUtilsThread.
2024-02-26 09:18:28,555 [RatisPipelineUtilsThread-0] INFO  pipeline.RatisPipelineProvider (RatisPipelineProvider.java:lambda$create$0(205)) - Sending CreatePipelineCommand for pipeline:PipelineID=db2754b2-d3f0-44e8-a480-8a458a973b78 to datanode:ca5f02e2-bc43-4498-b1f2-381f8abbb3f5
2024-02-26 09:18:28,556 [RatisPipelineUtilsThread-0] INFO  pipeline.BackgroundPipelineCreator (BackgroundPipelineCreator.java:createPipelines(236)) - Created new pipeline Pipeline[ Id: db2754b2-d3f0-44e8-a480-8a458a973b78, Nodes: ca5f02e2-bc43-4498-b1f2-381f8abbb3f5(fv-az1109-796.pxagtw4bd2yejgkn5xrroktb3f.dx.internal.cloudapp.net/10.1.0.30), ReplicationConfig: RATIS/ONE, State:ALLOCATED, leaderId:, CreationTimestamp2024-02-26T09:18:28.555Z[Etc/UTC]]
2024-02-26 09:18:28,560 [main] INFO  ozone.MiniOzoneClusterImpl (MiniOzoneClusterImpl.java:lambda$waitForClusterToBeReady$0(195)) - Nodes are ready. Got 14 of 14 DN Heartbeats.
2024-02-26 09:18:28,560 [main] INFO  ozone.MiniOzoneClusterImpl (MiniOzoneClusterImpl.java:lambda$waitForClusterToBeReady$0(198)) - Waiting for cluster to exit safe mode
2024-02-26 09:18:28,560 [main] INFO  ozone.MiniOzoneClusterImpl (MiniOzoneClusterImpl.java:lambda$waitForClusterToBeReady$0(200)) - SCM became leader
2024-02-26 09:18:29,560 [main] INFO  ozone.MiniOzoneClusterImpl (MiniOzoneClusterImpl.java:lambda$waitForClusterToBeReady$0(195)) - Nodes are ready. Got 14 of 14 DN Heartbeats.
2024-02-26 09:18:29,560 [main] INFO  ozone.MiniOzoneClusterImpl (MiniOzoneClusterImpl.java:lambda$waitForClusterToBeReady$0(198)) - Waiting for cluster to exit safe mode
2024-02-26 09:18:29,561 [main] INFO  ozone.MiniOzoneClusterImpl (MiniOzoneClusterImpl.java:lambda$waitForClusterToBeReady$0(200)) - SCM became leader
2024-02-26 09:18:29,914 [1fc8e30e-bcf6-4a54-bb04-f74c1c9f090e-PipelineCommandHandlerThread-0] INFO  server.RaftServer (RaftServerProxy.java:addNew(100)) - 1fc8e30e-bcf6-4a54-bb04-f74c1c9f090e: addNew group-744C92DF74AE:[1fc8e30e-bcf6-4a54-bb04-f74c1c9f090e|10.1.0.30:15014] returns group-744C92DF74AE:java.util.concurrent.CompletableFuture@60fac3c3[Not completed]
2024-02-26 09:18:29,923 [1fc8e30e-bcf6-4a54-bb04-f74c1c9f090e-groupManagement] INFO  server.RaftServer$Division (RaftServerImpl.java:<init>(256)) - 1fc8e30e-bcf6-4a54-bb04-f74c1c9f090e: new RaftServerImpl for group-744C92DF74AE:[1fc8e30e-bcf6-4a54-bb04-f74c1c9f090e|10.1.0.30:15014] with ContainerStateMachine:uninitialized
2024-02-26 09:18:29,923 [1fc8e30e-bcf6-4a54-bb04-f74c1c9f090e-groupManagement] INFO  server.RaftServerConfigKeys (ConfUtils.java:logGet(46)) - raft.server.rpc.timeout.min = 5s (custom)
2024-02-26 09:18:29,923 [1fc8e30e-bcf6-4a54-bb04-f74c1c9f090e-groupManagement] INFO  server.RaftServerConfigKeys (ConfUtils.java:logGet(46)) - raft.server.rpc.timeout.max = 5200ms (custom)
2024-02-26 09:18:29,923 [1fc8e30e-bcf6-4a54-bb04-f74c1c9f090e-groupManagement] INFO  server.RaftServerConfigKeys (ConfUtils.java:logGet(46)) - raft.server.rpc.sleep.time = 25ms (default)
2024-02-26 09:18:29,923 [1fc8e30e-bcf6-4a54-bb04-f74c1c9f090e-groupManagement] INFO  server.RaftServerConfigKeys (ConfUtils.java:logGet(46)) - raft.server.rpc.slowness.timeout = 300s (custom)
2024-02-26 09:18:29,924 [1fc8e30e-bcf6-4a54-bb04-f74c1c9f090e-groupManagement] INFO  server.RaftServerConfigKeys (ConfUtils.java:logGet(46)) - raft.server.leaderelection.leader.step-down.wait-time = 10s (default)
2024-02-26 09:18:29,924 [1fc8e30e-bcf6-4a54-bb04-f74c1c9f090e-groupManagement] INFO  server.RaftServerConfigKeys (ConfUtils.java:logGet(46)) - raft.server.leaderelection.member.majority-add = false (default)
2024-02-26 09:18:29,924 [1fc8e30e-bcf6-4a54-bb04-f74c1c9f090e-groupManagement] INFO  server.RaftServerConfigKeys (ConfUtils.java:logGet(46)) - raft.server.sleep.deviation.threshold = 300ms (default)
2024-02-26 09:18:29,924 [1fc8e30e-bcf6-4a54-bb04-f74c1c9f090e-groupManagement] INFO  server.RaftServer$Division (ServerState.java:<init>(113)) - 1fc8e30e-bcf6-4a54-bb04-f74c1c9f090e@group-744C92DF74AE: ConfigurationManager, init=-1: peers:[1fc8e30e-bcf6-4a54-bb04-f74c1c9f090e|10.1.0.30:15014]|listeners:[], old=null, confs=<EMPTY_MAP>
2024-02-26 09:18:29,924 [1fc8e30e-bcf6-4a54-bb04-f74c1c9f090e-groupManagement] INFO  server.RaftServerConfigKeys (ConfUtils.java:logGet(46)) - raft.server.notification.no-leader.timeout = 300s (custom)
2024-02-26 09:18:29,924 [1fc8e30e-bcf6-4a54-bb04-f74c1c9f090e-groupManagement] INFO  server.RaftServerConfigKeys (ConfUtils.java:logGet(46)) - raft.server.read.timeout = 10s (default)
2024-02-26 09:18:29,924 [1fc8e30e-bcf6-4a54-bb04-f74c1c9f090e-groupManagement] INFO  server.RaftServerConfigKeys (ConfUtils.java:logGet(46)) - raft.server.retrycache.expirytime = 600000ms (custom)
2024-02-26 09:18:29,924 [1fc8e30e-bcf6-4a54-bb04-f74c1c9f090e-groupManagement] INFO  server.RaftServerConfigKeys (ConfUtils.java:logGet(46)) - raft.server.retrycache.statistics.expirytime = 100ms (default)
2024-02-26 09:18:29,924 [1fc8e30e-bcf6-4a54-bb04-f74c1c9f090e-groupManagement] INFO  server.RaftServerConfigKeys (ConfUtils.java:logGet(46)) - raft.server.read.option = DEFAULT (default)
2024-02-26 09:18:29,925 [1fc8e30e-bcf6-4a54-bb04-f74c1c9f090e-groupManagement] INFO  server.RaftServerConfigKeys (ConfUtils.java:logGet(46)) - raft.server.read.read-after-write-consistent.write-index-cache.expiry-time = 60s (default)
2024-02-26 09:18:29,940 [1fc8e30e-bcf6-4a54-bb04-f74c1c9f090e-groupManagement] INFO  server.RaftServerConfigKeys (ConfUtils.java:logGet(46)) - raft.server.rpc.request.timeout = 60s (custom)
2024-02-26 09:18:29,940 [1fc8e30e-bcf6-4a54-bb04-f74c1c9f090e-groupManagement] INFO  server.RaftServerConfigKeys (ConfUtils.java:logGet(46)) - raft.server.log.appender.install.snapshot.enabled = false (custom)
2024-02-26 09:18:29,941 [1fc8e30e-bcf6-4a54-bb04-f74c1c9f090e-groupManagement] INFO  server.RaftServerConfigKeys (ConfUtils.java:logGet(46)) - raft.server.threadpool.server.cached = true (default)
2024-02-26 09:18:29,941 [1fc8e30e-bcf6-4a54-bb04-f74c1c9f090e-groupManagement] INFO  server.RaftServerConfigKeys (ConfUtils.java:logGet(46)) - raft.server.threadpool.server.size = 0 (default)
2024-02-26 09:18:29,941 [1fc8e30e-bcf6-4a54-bb04-f74c1c9f090e-groupManagement] INFO  server.RaftServerConfigKeys (ConfUtils.java:logGet(46)) - raft.server.threadpool.client.cached = true (default)
2024-02-26 09:18:29,941 [1fc8e30e-bcf6-4a54-bb04-f74c1c9f090e-groupManagement] INFO  server.RaftServerConfigKeys (ConfUtils.java:logGet(46)) - raft.server.threadpool.client.size = 0 (default)
2024-02-26 09:18:29,941 [1fc8e30e-bcf6-4a54-bb04-f74c1c9f090e-groupManagement] INFO  server.RaftServerConfigKeys (ConfUtils.java:logGet(46)) - raft.server.storage.free-space.min = 0MB (=0) (default)
2024-02-26 09:18:29,941 [1fc8e30e-bcf6-4a54-bb04-f74c1c9f090e-groupManagement] INFO  server.RaftServerConfigKeys (ConfUtils.java:logGet(46)) - raft.server.log.corruption.policy = EXCEPTION (default)
2024-02-26 09:18:29,941 [1fc8e30e-bcf6-4a54-bb04-f74c1c9f090e-groupManagement] INFO  server.RaftServerConfigKeys (ConfUtils.java:logGet(46)) - raft.server.storage.dir = [/home/runner/work/ozone/ozone/hadoop-ozone/integration-test/target/test-dir/MiniOzoneClusterImpl-0d79f430-b8c0-477e-97b7-98e50d733022/ozone-meta/datanode-1/ratis] (custom)
2024-02-26 09:18:29,941 [1fc8e30e-bcf6-4a54-bb04-f74c1c9f090e-groupManagement] INFO  storage.RaftStorageDirectory (RaftStorageDirectoryImpl.java:analyzeStorage(138)) - The storage directory /home/runner/work/ozone/ozone/hadoop-ozone/integration-test/target/test-dir/MiniOzoneClusterImpl-0d79f430-b8c0-477e-97b7-98e50d733022/ozone-meta/datanode-1/ratis/7736c517-cf24-4505-bb45-744c92df74ae does not exist. Creating ...
2024-02-26 09:18:29,942 [1fc8e30e-bcf6-4a54-bb04-f74c1c9f090e-groupManagement] INFO  storage.RaftStorageDirectory (RaftStorageDirectoryImpl.java:tryLock(228)) - Lock on /home/runner/work/ozone/ozone/hadoop-ozone/integration-test/target/test-dir/MiniOzoneClusterImpl-0d79f430-b8c0-477e-97b7-98e50d733022/ozone-meta/datanode-1/ratis/7736c517-cf24-4505-bb45-744c92df74ae/in_use.lock acquired by nodename 86312@fv-az1109-796
2024-02-26 09:18:29,944 [1fc8e30e-bcf6-4a54-bb04-f74c1c9f090e-groupManagement] INFO  storage.RaftStorage (RaftStorageImpl.java:format(99)) - Storage directory /home/runner/work/ozone/ozone/hadoop-ozone/integration-test/target/test-dir/MiniOzoneClusterImpl-0d79f430-b8c0-477e-97b7-98e50d733022/ozone-meta/datanode-1/ratis/7736c517-cf24-4505-bb45-744c92df74ae has been successfully formatted.
2024-02-26 09:18:29,944 [1fc8e30e-bcf6-4a54-bb04-f74c1c9f090e-groupManagement] WARN  util.FileUtils (LogUtils.java:supplyAndLog(63)) - Failed to Files.newInputStream /home/runner/work/ozone/ozone/hadoop-ozone/integration-test/target/test-dir/MiniOzoneClusterImpl-0d79f430-b8c0-477e-97b7-98e50d733022/ozone-meta/datanode-1/ratis/7736c517-cf24-4505-bb45-744c92df74ae/current/raft-meta.conf with options []: java.nio.file.NoSuchFileException: /home/runner/work/ozone/ozone/hadoop-ozone/integration-test/target/test-dir/MiniOzoneClusterImpl-0d79f430-b8c0-477e-97b7-98e50d733022/ozone-meta/datanode-1/ratis/7736c517-cf24-4505-bb45-744c92df74ae/current/raft-meta.conf
2024-02-26 09:18:29,948 [1fc8e30e-bcf6-4a54-bb04-f74c1c9f090e-groupManagement] INFO  ratis.ContainerStateMachine (ContainerStateMachine.java:loadSnapshot(287)) - group-744C92DF74AE: The snapshot info is null. Setting the last applied index to:(t:0, i:~)
2024-02-26 09:18:29,949 [1fc8e30e-bcf6-4a54-bb04-f74c1c9f090e-groupManagement] INFO  server.RaftServerConfigKeys (ConfUtils.java:logGet(46)) - raft.server.log.use.memory = false (default)
2024-02-26 09:18:29,949 [1fc8e30e-bcf6-4a54-bb04-f74c1c9f090e-groupManagement] INFO  server.RaftServerConfigKeys (ConfUtils.java:logGet(46)) - raft.server.log.purge.gap = 1000000 (custom)
2024-02-26 09:18:29,950 [1fc8e30e-bcf6-4a54-bb04-f74c1c9f090e-groupManagement] INFO  server.RaftServerConfigKeys (ConfUtils.java:logGet(46)) - raft.server.log.appender.buffer.byte-limit = 8388608 (custom)
2024-02-26 09:18:29,950 [1fc8e30e-bcf6-4a54-bb04-f74c1c9f090e-groupManagement] INFO  server.RaftServerConfigKeys (ConfUtils.java:logGet(46)) - raft.server.log.statemachine.data.read.timeout = 1000ms (default)
2024-02-26 09:18:29,950 [1fc8e30e-bcf6-4a54-bb04-f74c1c9f090e-groupManagement] INFO  server.RaftServerConfigKeys (ConfUtils.java:logGet(46)) - raft.server.log.purge.preservation.log.num = 0 (default)
2024-02-26 09:18:29,956 [1fc8e30e-bcf6-4a54-bb04-f74c1c9f090e-groupManagement] INFO  server.RaftServerConfigKeys (ConfUtils.java:logGet(46)) - raft.server.log.segment.size.max = 67108864 (custom)
2024-02-26 09:18:29,957 [1fc8e30e-bcf6-4a54-bb04-f74c1c9f090e-groupManagement] INFO  server.RaftServerConfigKeys (ConfUtils.java:logGet(46)) - raft.server.log.segment.cache.num.max = 2 (custom)
2024-02-26 09:18:29,957 [1fc8e30e-bcf6-4a54-bb04-f74c1c9f090e-groupManagement] INFO  server.RaftServerConfigKeys (ConfUtils.java:logGet(46)) - raft.server.log.segment.cache.size.max = 200MB (=209715200) (default)
2024-02-26 09:18:29,957 [1fc8e30e-bcf6-4a54-bb04-f74c1c9f090e-groupManagement] INFO  server.RaftServerConfigKeys (ConfUtils.java:logGet(46)) - raft.server.log.appender.buffer.byte-limit = 8388608 (custom)
2024-02-26 09:18:29,957 [1fc8e30e-bcf6-4a54-bb04-f74c1c9f090e-groupManagement] INFO  util.AwaitToRun (AwaitToRun.java:start(81)) - Thread[1fc8e30e-bcf6-4a54-bb04-f74c1c9f090e@group-744C92DF74AE-cacheEviction-AwaitToRun,5,main] started
2024-02-26 09:18:29,957 [1fc8e30e-bcf6-4a54-bb04-f74c1c9f090e-groupManagement] INFO  segmented.SegmentedRaftLogWorker (SegmentedRaftLogWorker.java:<init>(182)) - new 1fc8e30e-bcf6-4a54-bb04-f74c1c9f090e@group-744C92DF74AE-SegmentedRaftLogWorker for RaftStorageImpl:Storage Directory /home/runner/work/ozone/ozone/hadoop-ozone/integration-test/target/test-dir/MiniOzoneClusterImpl-0d79f430-b8c0-477e-97b7-98e50d733022/ozone-meta/datanode-1/ratis/7736c517-cf24-4505-bb45-744c92df74ae
2024-02-26 09:18:29,957 [1fc8e30e-bcf6-4a54-bb04-f74c1c9f090e-groupManagement] INFO  server.RaftServerConfigKeys (ConfUtils.java:logGet(46)) - raft.server.log.queue.byte-limit = 4294967296 (custom)
2024-02-26 09:18:29,957 [1fc8e30e-bcf6-4a54-bb04-f74c1c9f090e-groupManagement] INFO  server.RaftServerConfigKeys (ConfUtils.java:logGet(46)) - raft.server.log.queue.element-limit = 1024 (custom)
2024-02-26 09:18:29,958 [1fc8e30e-bcf6-4a54-bb04-f74c1c9f090e-groupManagement] INFO  server.RaftServerConfigKeys (ConfUtils.java:logGet(46)) - raft.server.log.segment.size.max = 67108864 (custom)
2024-02-26 09:18:29,958 [1fc8e30e-bcf6-4a54-bb04-f74c1c9f090e-groupManagement] INFO  server.RaftServerConfigKeys (ConfUtils.java:logGet(46)) - raft.server.log.preallocated.size = 4194304 (custom)
2024-02-26 09:18:29,958 [1fc8e30e-bcf6-4a54-bb04-f74c1c9f090e-groupManagement] INFO  server.RaftServerConfigKeys (ConfUtils.java:logGet(46)) - raft.server.log.force.sync.num = 128 (default)
2024-02-26 09:18:29,958 [1fc8e30e-bcf6-4a54-bb04-f74c1c9f090e-groupManagement] INFO  server.RaftServerConfigKeys (ConfUtils.java:logGet(46)) - raft.server.log.statemachine.data.sync = true (default)
2024-02-26 09:18:29,958 [1fc8e30e-bcf6-4a54-bb04-f74c1c9f090e-groupManagement] INFO  server.RaftServerConfigKeys (ConfUtils.java:logGet(46)) - raft.server.log.statemachine.data.sync.timeout = 10s (default)
2024-02-26 09:18:29,958 [1fc8e30e-bcf6-4a54-bb04-f74c1c9f090e-groupManagement] INFO  server.RaftServerConfigKeys (ConfUtils.java:logGet(46)) - raft.server.log.statemachine.data.sync.timeout.retry = 0 (custom)
2024-02-26 09:18:29,959 [1fc8e30e-bcf6-4a54-bb04-f74c1c9f090e-groupManagement] INFO  server.RaftServerConfigKeys (ConfUtils.java:logGet(46)) - raft.server.log.write.buffer.size = 8388616 (custom)
2024-02-26 09:18:29,961 [1fc8e30e-bcf6-4a54-bb04-f74c1c9f090e-groupManagement] INFO  server.RaftServerConfigKeys (ConfUtils.java:logGet(46)) - raft.server.log.appender.buffer.byte-limit = 8388608 (custom)
2024-02-26 09:18:29,961 [1fc8e30e-bcf6-4a54-bb04-f74c1c9f090e-groupManagement] INFO  server.RaftServerConfigKeys (ConfUtils.java:logGet(46)) - raft.server.log.unsafe-flush.enabled = false (default)
2024-02-26 09:18:29,961 [1fc8e30e-bcf6-4a54-bb04-f74c1c9f090e-groupManagement] INFO  server.RaftServerConfigKeys (ConfUtils.java:logGet(46)) - raft.server.log.async-flush.enabled = false (default)
2024-02-26 09:18:29,961 [1fc8e30e-bcf6-4a54-bb04-f74c1c9f090e-groupManagement] INFO  server.RaftServerConfigKeys (ConfUtils.java:logGet(46)) - raft.server.log.statemachine.data.caching.enabled = true (custom)
2024-02-26 09:18:29,961 [1fc8e30e-bcf6-4a54-bb04-f74c1c9f090e-groupManagement] INFO  segmented.SegmentedRaftLogWorker (SegmentedRaftLogWorker.java:lambda$new$0(134)) - 1fc8e30e-bcf6-4a54-bb04-f74c1c9f090e@group-744C92DF74AE-SegmentedRaftLogWorker: flushIndex: setUnconditionally 0 -> -1
2024-02-26 09:18:29,961 [1fc8e30e-bcf6-4a54-bb04-f74c1c9f090e-groupManagement] INFO  segmented.SegmentedRaftLogWorker (SegmentedRaftLogWorker.java:lambda$new$0(134)) - 1fc8e30e-bcf6-4a54-bb04-f74c1c9f090e@group-744C92DF74AE-SegmentedRaftLogWorker: safeCacheEvictIndex: setUnconditionally 0 -> -1
2024-02-26 09:18:29,961 [1fc8e30e-bcf6-4a54-bb04-f74c1c9f090e-groupManagement] INFO  server.RaftServer$Division (RaftServerImpl.java:start(396)) - 1fc8e30e-bcf6-4a54-bb04-f74c1c9f090e@group-744C92DF74AE: start as a follower, conf=-1: peers:[1fc8e30e-bcf6-4a54-bb04-f74c1c9f090e|10.1.0.30:15014]|listeners:[], old=null
2024-02-26 09:18:29,961 [1fc8e30e-bcf6-4a54-bb04-f74c1c9f090e-groupManagement] INFO  server.RaftServer$Division (RaftServerImpl.java:setRole(383)) - 1fc8e30e-bcf6-4a54-bb04-f74c1c9f090e@group-744C92DF74AE: changes role from      null to FOLLOWER at term 0 for startAsFollower
2024-02-26 09:18:29,962 [1fc8e30e-bcf6-4a54-bb04-f74c1c9f090e-groupManagement] INFO  impl.RoleInfo (RoleInfo.java:updateAndGet(139)) - 1fc8e30e-bcf6-4a54-bb04-f74c1c9f090e: start 1fc8e30e-bcf6-4a54-bb04-f74c1c9f090e@group-744C92DF74AE-FollowerState
2024-02-26 09:18:29,963 [1fc8e30e-bcf6-4a54-bb04-f74c1c9f090e@group-744C92DF74AE-FollowerState] INFO  server.RaftServerConfigKeys (ConfUtils.java:logFallback(53)) - raft.server.rpc.first-election.timeout.min = 5s (fallback to raft.server.rpc.timeout.min)
2024-02-26 09:18:29,963 [1fc8e30e-bcf6-4a54-bb04-f74c1c9f090e@group-744C92DF74AE-FollowerState] INFO  server.RaftServerConfigKeys (ConfUtils.java:logFallback(53)) - raft.server.rpc.first-election.timeout.max = 5200ms (fallback to raft.server.rpc.timeout.max)
2024-02-26 09:18:29,963 [1fc8e30e-bcf6-4a54-bb04-f74c1c9f090e-groupManagement] INFO  util.JmxRegister (JmxRegister.java:tryRegister(44)) - Successfully registered JMX Bean with object name Ratis:service=RaftServer,group=group-744C92DF74AE,id=1fc8e30e-bcf6-4a54-bb04-f74c1c9f090e
2024-02-26 09:18:29,964 [1fc8e30e-bcf6-4a54-bb04-f74c1c9f090e-groupManagement] INFO  server.RaftServerConfigKeys (ConfUtils.java:logGet(46)) - raft.server.snapshot.trigger-when-stop.enabled = true (default)
2024-02-26 09:18:29,964 [1fc8e30e-bcf6-4a54-bb04-f74c1c9f090e-groupManagement] INFO  server.RaftServerConfigKeys (ConfUtils.java:logGet(46)) - raft.server.snapshot.auto.trigger.enabled = true (custom)
2024-02-26 09:18:29,964 [1fc8e30e-bcf6-4a54-bb04-f74c1c9f090e-groupManagement] INFO  server.RaftServerConfigKeys (ConfUtils.java:logGet(46)) - raft.server.snapshot.auto.trigger.threshold = 10000 (custom)
2024-02-26 09:18:29,964 [1fc8e30e-bcf6-4a54-bb04-f74c1c9f090e-groupManagement] INFO  server.RaftServerConfigKeys (ConfUtils.java:logGet(46)) - raft.server.snapshot.retention.file.num = 5 (custom)
2024-02-26 09:18:29,964 [1fc8e30e-bcf6-4a54-bb04-f74c1c9f090e-groupManagement] INFO  server.RaftServerConfigKeys (ConfUtils.java:logGet(46)) - raft.server.log.purge.upto.snapshot.index = false (default)
2024-02-26 09:18:29,972 [1fc8e30e-bcf6-4a54-bb04-f74c1c9f090e-PipelineCommandHandlerThread-0] INFO  ratis.XceiverServerRatis (XceiverServerRatis.java:addGroup(864)) - Created group PipelineID=7736c517-cf24-4505-bb45-744c92df74ae
2024-02-26 09:18:29,972 [1fc8e30e-bcf6-4a54-bb04-f74c1c9f090e-PipelineCommandHandlerThread-0] INFO  commandhandler.CreatePipelineCommandHandler (CreatePipelineCommandHandler.java:lambda$handle$2(124)) - Created Pipeline RATIS ONE PipelineID=7736c517-cf24-4505-bb45-744c92df74ae.
2024-02-26 09:18:29,973 [1fc8e30e-bcf6-4a54-bb04-f74c1c9f090e-PipelineCommandHandlerThread-0] INFO  server.RaftServer (RaftServerProxy.java:addNew(100)) - 1fc8e30e-bcf6-4a54-bb04-f74c1c9f090e: addNew group-E71E972C389B:[f0a2b3de-ed07-43d6-bdce-9d4b8e15ed2c|10.1.0.30:15032, a70c1067-2103-48d8-b21c-f7bdcf327398|10.1.0.30:15023, 1fc8e30e-bcf6-4a54-bb04-f74c1c9f090e|10.1.0.30:15014] returns group-E71E972C389B:java.util.concurrent.CompletableFuture@2b1126cf[Not completed]
2024-02-26 09:18:29,976 [1fc8e30e-bcf6-4a54-bb04-f74c1c9f090e-groupManagement] INFO  server.RaftServer$Division (RaftServerImpl.java:<init>(256)) - 1fc8e30e-bcf6-4a54-bb04-f74c1c9f090e: new RaftServerImpl for group-E71E972C389B:[f0a2b3de-ed07-43d6-bdce-9d4b8e15ed2c|10.1.0.30:15032, a70c1067-2103-48d8-b21c-f7bdcf327398|10.1.0.30:15023, 1fc8e30e-bcf6-4a54-bb04-f74c1c9f090e|10.1.0.30:15014] with ContainerStateMachine:uninitialized
2024-02-26 09:18:29,976 [1fc8e30e-bcf6-4a54-bb04-f74c1c9f090e-groupManagement] INFO  server.RaftServerConfigKeys (ConfUtils.java:logGet(46)) - raft.server.rpc.timeout.min = 5s (custom)
2024-02-26 09:18:29,977 [1fc8e30e-bcf6-4a54-bb04-f74c1c9f090e-groupManagement] INFO  server.RaftServerConfigKeys (ConfUtils.java:logGet(46)) - raft.server.rpc.timeout.max = 5200ms (custom)
2024-02-26 09:18:29,977 [1fc8e30e-bcf6-4a54-bb04-f74c1c9f090e-groupManagement] INFO  server.RaftServerConfigKeys (ConfUtils.java:logGet(46)) - raft.server.rpc.sleep.time = 25ms (default)
2024-02-26 09:18:29,977 [EventQueue-PipelineReportForPipelineReportHandler] INFO  pipeline.PipelineReportHandler (PipelineReportHandler.java:processPipelineReport(136)) - Opened pipeline PipelineID=7736c517-cf24-4505-bb45-744c92df74ae
2024-02-26 09:18:29,977 [1fc8e30e-bcf6-4a54-bb04-f74c1c9f090e-groupManagement] INFO  server.RaftServerConfigKeys (ConfUtils.java:logGet(46)) - raft.server.rpc.slowness.timeout = 300s (custom)
2024-02-26 09:18:29,978 [1fc8e30e-bcf6-4a54-bb04-f74c1c9f090e-groupManagement] INFO  server.RaftServerConfigKeys (ConfUtils.java:logGet(46)) - raft.server.leaderelection.leader.step-down.wait-time = 10s (default)
2024-02-26 09:18:29,978 [1fc8e30e-bcf6-4a54-bb04-f74c1c9f090e-groupManagement] INFO  server.RaftServerConfigKeys (ConfUtils.java:logGet(46)) - raft.server.leaderelection.member.majority-add = false (default)
2024-02-26 09:18:29,978 [1fc8e30e-bcf6-4a54-bb04-f74c1c9f090e-groupManagement] INFO  server.RaftServerConfigKeys (ConfUtils.java:logGet(46)) - raft.server.sleep.deviation.threshold = 300ms (default)
2024-02-26 09:18:29,978 [1fc8e30e-bcf6-4a54-bb04-f74c1c9f090e-groupManagement] INFO  server.RaftServer$Division (ServerState.java:<init>(113)) - 1fc8e30e-bcf6-4a54-bb04-f74c1c9f090e@group-E71E972C389B: ConfigurationManager, init=-1: peers:[f0a2b3de-ed07-43d6-bdce-9d4b8e15ed2c|10.1.0.30:15032, a70c1067-2103-48d8-b21c-f7bdcf327398|10.1.0.30:15023, 1fc8e30e-bcf6-4a54-bb04-f74c1c9f090e|10.1.0.30:15014]|listeners:[], old=null, confs=<EMPTY_MAP>
2024-02-26 09:18:29,978 [1fc8e30e-bcf6-4a54-bb04-f74c1c9f090e-groupManagement] INFO  server.RaftServerConfigKeys (ConfUtils.java:logGet(46)) - raft.server.notification.no-leader.timeout = 300s (custom)
2024-02-26 09:18:29,979 [1fc8e30e-bcf6-4a54-bb04-f74c1c9f090e-groupManagement] INFO  server.RaftServerConfigKeys (ConfUtils.java:logGet(46)) - raft.server.read.timeout = 10s (default)
2024-02-26 09:18:29,979 [1fc8e30e-bcf6-4a54-bb04-f74c1c9f090e-groupManagement] INFO  server.RaftServerConfigKeys (ConfUtils.java:logGet(46)) - raft.server.retrycache.expirytime = 600000ms (custom)
2024-02-26 09:18:29,979 [1fc8e30e-bcf6-4a54-bb04-f74c1c9f090e-groupManagement] INFO  server.RaftServerConfigKeys (ConfUtils.java:logGet(46)) - raft.server.retrycache.statistics.expirytime = 100ms (default)
2024-02-26 09:18:29,979 [1fc8e30e-bcf6-4a54-bb04-f74c1c9f090e-groupManagement] INFO  server.RaftServerConfigKeys (ConfUtils.java:logGet(46)) - raft.server.read.option = DEFAULT (default)
2024-02-26 09:18:29,979 [1fc8e30e-bcf6-4a54-bb04-f74c1c9f090e-groupManagement] INFO  server.RaftServerConfigKeys (ConfUtils.java:logGet(46)) - raft.server.read.read-after-write-consistent.write-index-cache.expiry-time = 60s (default)
2024-02-26 09:18:29,987 [1fc8e30e-bcf6-4a54-bb04-f74c1c9f090e-groupManagement] INFO  server.RaftServerConfigKeys (ConfUtils.java:logGet(46)) - raft.server.rpc.request.timeout = 60s (custom)
2024-02-26 09:18:29,987 [1fc8e30e-bcf6-4a54-bb04-f74c1c9f090e-groupManagement] INFO  server.RaftServerConfigKeys (ConfUtils.java:logGet(46)) - raft.server.log.appender.install.snapshot.enabled = false (custom)
2024-02-26 09:18:29,988 [1fc8e30e-bcf6-4a54-bb04-f74c1c9f090e-groupManagement] INFO  server.RaftServerConfigKeys (ConfUtils.java:logGet(46)) - raft.server.threadpool.server.cached = true (default)
2024-02-26 09:18:29,988 [1fc8e30e-bcf6-4a54-bb04-f74c1c9f090e-groupManagement] INFO  server.RaftServerConfigKeys (ConfUtils.java:logGet(46)) - raft.server.threadpool.server.size = 0 (default)
2024-02-26 09:18:29,989 [1fc8e30e-bcf6-4a54-bb04-f74c1c9f090e-groupManagement] INFO  server.RaftServerConfigKeys (ConfUtils.java:logGet(46)) - raft.server.threadpool.client.cached = true (default)
2024-02-26 09:18:29,989 [1fc8e30e-bcf6-4a54-bb04-f74c1c9f090e-groupManagement] INFO  server.RaftServerConfigKeys (ConfUtils.java:logGet(46)) - raft.server.threadpool.client.size = 0 (default)
2024-02-26 09:18:29,989 [1fc8e30e-bcf6-4a54-bb04-f74c1c9f090e-groupManagement] INFO  server.RaftServerConfigKeys (ConfUtils.java:logGet(46)) - raft.server.storage.free-space.min = 0MB (=0) (default)
2024-02-26 09:18:29,990 [1fc8e30e-bcf6-4a54-bb04-f74c1c9f090e-groupManagement] INFO  server.RaftServerConfigKeys (ConfUtils.java:logGet(46)) - raft.server.log.corruption.policy = EXCEPTION (default)
2024-02-26 09:18:29,990 [1fc8e30e-bcf6-4a54-bb04-f74c1c9f090e-groupManagement] INFO  server.RaftServerConfigKeys (ConfUtils.java:logGet(46)) - raft.server.storage.dir = [/home/runner/work/ozone/ozone/hadoop-ozone/integration-test/target/test-dir/MiniOzoneClusterImpl-0d79f430-b8c0-477e-97b7-98e50d733022/ozone-meta/datanode-1/ratis] (custom)
2024-02-26 09:18:29,991 [1fc8e30e-bcf6-4a54-bb04-f74c1c9f090e-groupManagement] INFO  storage.RaftStorageDirectory (RaftStorageDirectoryImpl.java:analyzeStorage(138)) - The storage directory /home/runner/work/ozone/ozone/hadoop-ozone/integration-test/target/test-dir/MiniOzoneClusterImpl-0d79f430-b8c0-477e-97b7-98e50d733022/ozone-meta/datanode-1/ratis/59bc64b5-f925-4f86-8d61-e71e972c389b does not exist. Creating ...
2024-02-26 09:18:29,988 [EventQueue-OpenPipelineForHealthyPipelineSafeModeRule] INFO  safemode.SCMSafeModeManager (HealthyPipelineSafeModeRule.java:process(140)) - SCM in safe mode. Healthy pipelines reported count is 0, required healthy pipeline reported count is 1
2024-02-26 09:18:29,992 [1fc8e30e-bcf6-4a54-bb04-f74c1c9f090e-groupManagement] INFO  storage.RaftStorageDirectory (RaftStorageDirectoryImpl.java:tryLock(228)) - Lock on /home/runner/work/ozone/ozone/hadoop-ozone/integration-test/target/test-dir/MiniOzoneClusterImpl-0d79f430-b8c0-477e-97b7-98e50d733022/ozone-meta/datanode-1/ratis/59bc64b5-f925-4f86-8d61-e71e972c389b/in_use.lock acquired by nodename 86312@fv-az1109-796
2024-02-26 09:18:29,993 [1fc8e30e-bcf6-4a54-bb04-f74c1c9f090e-groupManagement] INFO  storage.RaftStorage (RaftStorageImpl.java:format(99)) - Storage directory /home/runner/work/ozone/ozone/hadoop-ozone/integration-test/target/test-dir/MiniOzoneClusterImpl-0d79f430-b8c0-477e-97b7-98e50d733022/ozone-meta/datanode-1/ratis/59bc64b5-f925-4f86-8d61-e71e972c389b has been successfully formatted.
2024-02-26 09:18:29,994 [1fc8e30e-bcf6-4a54-bb04-f74c1c9f090e-groupManagement] WARN  util.FileUtils (LogUtils.java:supplyAndLog(63)) - Failed to Files.newInputStream /home/runner/work/ozone/ozone/hadoop-ozone/integration-test/target/test-dir/MiniOzoneClusterImpl-0d79f430-b8c0-477e-97b7-98e50d733022/ozone-meta/datanode-1/ratis/59bc64b5-f925-4f86-8d61-e71e972c389b/current/raft-meta.conf with options []: java.nio.file.NoSuchFileException: /home/runner/work/ozone/ozone/hadoop-ozone/integration-test/target/test-dir/MiniOzoneClusterImpl-0d79f430-b8c0-477e-97b7-98e50d733022/ozone-meta/datanode-1/ratis/59bc64b5-f925-4f86-8d61-e71e972c389b/current/raft-meta.conf
2024-02-26 09:18:29,994 [1fc8e30e-bcf6-4a54-bb04-f74c1c9f090e-groupManagement] INFO  ratis.ContainerStateMachine (ContainerStateMachine.java:loadSnapshot(287)) - group-E71E972C389B: The snapshot info is null. Setting the last applied index to:(t:0, i:~)
2024-02-26 09:18:29,995 [1fc8e30e-bcf6-4a54-bb04-f74c1c9f090e-groupManagement] INFO  server.RaftServerConfigKeys (ConfUtils.java:logGet(46)) - raft.server.log.use.memory = false (default)
2024-02-26 09:18:29,996 [1fc8e30e-bcf6-4a54-bb04-f74c1c9f090e-groupManagement] INFO  server.RaftServerConfigKeys (ConfUtils.java:logGet(46)) - raft.server.log.purge.gap = 1000000 (custom)
2024-02-26 09:18:29,997 [1fc8e30e-bcf6-4a54-bb04-f74c1c9f090e-groupManagement] INFO  server.RaftServerConfigKeys (ConfUtils.java:logGet(46)) - raft.server.log.appender.buffer.byte-limit = 8388608 (custom)
2024-02-26 09:18:29,998 [1fc8e30e-bcf6-4a54-bb04-f74c1c9f090e-groupManagement] INFO  server.RaftServerConfigKeys (ConfUtils.java:logGet(46)) - raft.server.log.statemachine.data.read.timeout = 1000ms (default)
2024-02-26 09:18:29,998 [1fc8e30e-bcf6-4a54-bb04-f74c1c9f090e-groupManagement] INFO  server.RaftServerConfigKeys (ConfUtils.java:logGet(46)) - raft.server.log.purge.preservation.log.num = 0 (default)
2024-02-26 09:18:29,997 [EventQueue-OpenPipelineForHealthyPipelineSafeModeRule] INFO  safemode.SCMSafeModeManager (HealthyPipelineSafeModeRule.java:process(140)) - SCM in safe mode. Healthy pipelines reported count is 0, required healthy pipeline reported count is 1
2024-02-26 09:18:30,002 [1fc8e30e-bcf6-4a54-bb04-f74c1c9f090e-groupManagement] INFO  server.RaftServerConfigKeys (ConfUtils.java:logGet(46)) - raft.server.log.segment.size.max = 67108864 (custom)
2024-02-26 09:18:30,003 [1fc8e30e-bcf6-4a54-bb04-f74c1c9f090e-groupManagement] INFO  server.RaftServerConfigKeys (ConfUtils.java:logGet(46)) - raft.server.log.segment.cache.num.max = 2 (custom)
2024-02-26 09:18:30,003 [1fc8e30e-bcf6-4a54-bb04-f74c1c9f090e-groupManagement] INFO  server.RaftServerConfigKeys (ConfUtils.java:logGet(46)) - raft.server.log.segment.cache.size.max = 200MB (=209715200) (default)
2024-02-26 09:18:30,003 [1fc8e30e-bcf6-4a54-bb04-f74c1c9f090e-groupManagement] INFO  server.RaftServerConfigKeys (ConfUtils.java:logGet(46)) - raft.server.log.appender.buffer.byte-limit = 8388608 (custom)
2024-02-26 09:18:30,003 [1fc8e30e-bcf6-4a54-bb04-f74c1c9f090e-groupManagement] INFO  util.AwaitToRun (AwaitToRun.java:start(81)) - Thread[1fc8e30e-bcf6-4a54-bb04-f74c1c9f090e@group-E71E972C389B-cacheEviction-AwaitToRun,5,main] started
2024-02-26 09:18:30,003 [1fc8e30e-bcf6-4a54-bb04-f74c1c9f090e-groupManagement] INFO  segmented.SegmentedRaftLogWorker (SegmentedRaftLogWorker.java:<init>(182)) - new 1fc8e30e-bcf6-4a54-bb04-f74c1c9f090e@group-E71E972C389B-SegmentedRaftLogWorker for RaftStorageImpl:Storage Directory /home/runner/work/ozone/ozone/hadoop-ozone/integration-test/target/test-dir/MiniOzoneClusterImpl-0d79f430-b8c0-477e-97b7-98e50d733022/ozone-meta/datanode-1/ratis/59bc64b5-f925-4f86-8d61-e71e972c389b
2024-02-26 09:18:30,003 [1fc8e30e-bcf6-4a54-bb04-f74c1c9f090e-groupManagement] INFO  server.RaftServerConfigKeys (ConfUtils.java:logGet(46)) - raft.server.log.queue.byte-limit = 4294967296 (custom)
2024-02-26 09:18:30,003 [1fc8e30e-bcf6-4a54-bb04-f74c1c9f090e-groupManagement] INFO  server.RaftServerConfigKeys (ConfUtils.java:logGet(46)) - raft.server.log.queue.element-limit = 1024 (custom)
2024-02-26 09:18:30,004 [1fc8e30e-bcf6-4a54-bb04-f74c1c9f090e-groupManagement] INFO  server.RaftServerConfigKeys (ConfUtils.java:logGet(46)) - raft.server.log.segment.size.max = 67108864 (custom)
2024-02-26 09:18:30,004 [1fc8e30e-bcf6-4a54-bb04-f74c1c9f090e-groupManagement] INFO  server.RaftServerConfigKeys (ConfUtils.java:logGet(46)) - raft.server.log.preallocated.size = 4194304 (custom)
2024-02-26 09:18:30,004 [1fc8e30e-bcf6-4a54-bb04-f74c1c9f090e-groupManagement] INFO  server.RaftServerConfigKeys (ConfUtils.java:logGet(46)) - raft.server.log.force.sync.num = 128 (default)
2024-02-26 09:18:30,004 [1fc8e30e-bcf6-4a54-bb04-f74c1c9f090e-groupManagement] INFO  server.RaftServerConfigKeys (ConfUtils.java:logGet(46)) - raft.server.log.statemachine.data.sync = true (default)
2024-02-26 09:18:30,004 [1fc8e30e-bcf6-4a54-bb04-f74c1c9f090e-groupManagement] INFO  server.RaftServerConfigKeys (ConfUtils.java:logGet(46)) - raft.server.log.statemachine.data.sync.timeout = 10s (default)
2024-02-26 09:18:30,004 [1fc8e30e-bcf6-4a54-bb04-f74c1c9f090e-groupManagement] INFO  server.RaftServerConfigKeys (ConfUtils.java:logGet(46)) - raft.server.log.statemachine.data.sync.timeout.retry = 0 (custom)
2024-02-26 09:18:30,005 [1fc8e30e-bcf6-4a54-bb04-f74c1c9f090e-groupManagement] INFO  server.RaftServerConfigKeys (ConfUtils.java:logGet(46)) - raft.server.log.write.buffer.size = 8388616 (custom)
2024-02-26 09:18:30,006 [1fc8e30e-bcf6-4a54-bb04-f74c1c9f090e-groupManagement] INFO  server.RaftServerConfigKeys (ConfUtils.java:logGet(46)) - raft.server.log.appender.buffer.byte-limit = 8388608 (custom)
2024-02-26 09:18:30,006 [1fc8e30e-bcf6-4a54-bb04-f74c1c9f090e-groupManagement] INFO  server.RaftServerConfigKeys (ConfUtils.java:logGet(46)) - raft.server.log.unsafe-flush.enabled = false (default)
2024-02-26 09:18:30,006 [1fc8e30e-bcf6-4a54-bb04-f74c1c9f090e-groupManagement] INFO  server.RaftServerConfigKeys (ConfUtils.java:logGet(46)) - raft.server.log.async-flush.enabled = false (default)
2024-02-26 09:18:30,006 [1fc8e30e-bcf6-4a54-bb04-f74c1c9f090e-groupManagement] INFO  server.RaftServerConfigKeys (ConfUtils.java:logGet(46)) - raft.server.log.statemachine.data.caching.enabled = true (custom)
2024-02-26 09:18:30,007 [1fc8e30e-bcf6-4a54-bb04-f74c1c9f090e-groupManagement] INFO  segmented.SegmentedRaftLogWorker (SegmentedRaftLogWorker.java:lambda$new$0(134)) - 1fc8e30e-bcf6-4a54-bb04-f74c1c9f090e@group-E71E972C389B-SegmentedRaftLogWorker: flushIndex: setUnconditionally 0 -> -1
2024-02-26 09:18:30,007 [1fc8e30e-bcf6-4a54-bb04-f74c1c9f090e-groupManagement] INFO  segmented.SegmentedRaftLogWorker (SegmentedRaftLogWorker.java:lambda$new$0(134)) - 1fc8e30e-bcf6-4a54-bb04-f74c1c9f090e@group-E71E972C389B-SegmentedRaftLogWorker: safeCacheEvictIndex: setUnconditionally 0 -> -1
2024-02-26 09:18:30,011 [1fc8e30e-bcf6-4a54-bb04-f74c1c9f090e-groupManagement] INFO  server.RaftServer$Division (RaftServerImpl.java:start(396)) - 1fc8e30e-bcf6-4a54-bb04-f74c1c9f090e@group-E71E972C389B: start as a follower, conf=-1: peers:[f0a2b3de-ed07-43d6-bdce-9d4b8e15ed2c|10.1.0.30:15032, a70c1067-2103-48d8-b21c-f7bdcf327398|10.1.0.30:15023, 1fc8e30e-bcf6-4a54-bb04-f74c1c9f090e|10.1.0.30:15014]|listeners:[], old=null
2024-02-26 09:18:30,011 [1fc8e30e-bcf6-4a54-bb04-f74c1c9f090e-groupManagement] INFO  server.RaftServer$Division (RaftServerImpl.java:setRole(383)) - 1fc8e30e-bcf6-4a54-bb04-f74c1c9f090e@group-E71E972C389B: changes role from      null to FOLLOWER at term 0 for startAsFollower
2024-02-26 09:18:30,011 [1fc8e30e-bcf6-4a54-bb04-f74c1c9f090e-groupManagement] INFO  impl.RoleInfo (RoleInfo.java:updateAndGet(139)) - 1fc8e30e-bcf6-4a54-bb04-f74c1c9f090e: start 1fc8e30e-bcf6-4a54-bb04-f74c1c9f090e@group-E71E972C389B-FollowerState
2024-02-26 09:18:30,012 [1fc8e30e-bcf6-4a54-bb04-f74c1c9f090e-groupManagement] INFO  util.JmxRegister (JmxRegister.java:tryRegister(44)) - Successfully registered JMX Bean with object name Ratis:service=RaftServer,group=group-E71E972C389B,id=1fc8e30e-bcf6-4a54-bb04-f74c1c9f090e
2024-02-26 09:18:30,012 [1fc8e30e-bcf6-4a54-bb04-f74c1c9f090e-groupManagement] INFO  server.RaftServerConfigKeys (ConfUtils.java:logGet(46)) - raft.server.snapshot.trigger-when-stop.enabled = true (default)
2024-02-26 09:18:30,012 [1fc8e30e-bcf6-4a54-bb04-f74c1c9f090e-groupManagement] INFO  server.RaftServerConfigKeys (ConfUtils.java:logGet(46)) - raft.server.snapshot.auto.trigger.enabled = true (custom)
2024-02-26 09:18:30,012 [1fc8e30e-bcf6-4a54-bb04-f74c1c9f090e-groupManagement] INFO  server.RaftServerConfigKeys (ConfUtils.java:logGet(46)) - raft.server.snapshot.auto.trigger.threshold = 10000 (custom)
2024-02-26 09:18:30,012 [1fc8e30e-bcf6-4a54-bb04-f74c1c9f090e-groupManagement] INFO  server.RaftServerConfigKeys (ConfUtils.java:logGet(46)) - raft.server.snapshot.retention.file.num = 5 (custom)
2024-02-26 09:18:30,012 [1fc8e30e-bcf6-4a54-bb04-f74c1c9f090e-groupManagement] INFO  server.RaftServerConfigKeys (ConfUtils.java:logGet(46)) - raft.server.log.purge.upto.snapshot.index = false (default)
2024-02-26 09:18:30,013 [1fc8e30e-bcf6-4a54-bb04-f74c1c9f090e@group-E71E972C389B-FollowerState] INFO  server.RaftServerConfigKeys (ConfUtils.java:logFallback(53)) - raft.server.rpc.first-election.timeout.min = 5s (fallback to raft.server.rpc.timeout.min)
2024-02-26 09:18:30,013 [1fc8e30e-bcf6-4a54-bb04-f74c1c9f090e@group-E71E972C389B-FollowerState] INFO  server.RaftServerConfigKeys (ConfUtils.java:logFallback(53)) - raft.server.rpc.first-election.timeout.max = 5200ms (fallback to raft.server.rpc.timeout.max)
2024-02-26 09:18:30,014 [1fc8e30e-bcf6-4a54-bb04-f74c1c9f090e-PipelineCommandHandlerThread-0] INFO  ratis.XceiverServerRatis (XceiverServerRatis.java:addGroup(864)) - Created group PipelineID=59bc64b5-f925-4f86-8d61-e71e972c389b
2024-02-26 09:18:30,063 [a70c1067-2103-48d8-b21c-f7bdcf327398-PipelineCommandHandlerThread-0] INFO  server.RaftServer (RaftServerProxy.java:addNew(100)) - a70c1067-2103-48d8-b21c-f7bdcf327398: addNew group-43B6AC2D0D89:[a70c1067-2103-48d8-b21c-f7bdcf327398|10.1.0.30:15023] returns group-43B6AC2D0D89:java.util.concurrent.CompletableFuture@4b5e9bae[Not completed]
2024-02-26 09:18:30,065 [a70c1067-2103-48d8-b21c-f7bdcf327398-groupManagement] INFO  server.RaftServer$Division (RaftServerImpl.java:<init>(256)) - a70c1067-2103-48d8-b21c-f7bdcf327398: new RaftServerImpl for group-43B6AC2D0D89:[a70c1067-2103-48d8-b21c-f7bdcf327398|10.1.0.30:15023] with ContainerStateMachine:uninitialized
2024-02-26 09:18:30,065 [a70c1067-2103-48d8-b21c-f7bdcf327398-groupManagement] INFO  server.RaftServerConfigKeys (ConfUtils.java:logGet(46)) - raft.server.rpc.timeout.min = 5s (custom)
2024-02-26 09:18:30,065 [a70c1067-2103-48d8-b21c-f7bdcf327398-groupManagement] INFO  server.RaftServerConfigKeys (ConfUtils.java:logGet(46)) - raft.server.rpc.timeout.max = 5200ms (custom)
2024-02-26 09:18:30,065 [a70c1067-2103-48d8-b21c-f7bdcf327398-groupManagement] INFO  server.RaftServerConfigKeys (ConfUtils.java:logGet(46)) - raft.server.rpc.sleep.time = 25ms (default)
2024-02-26 09:18:30,065 [a70c1067-2103-48d8-b21c-f7bdcf327398-groupManagement] INFO  server.RaftServerConfigKeys (ConfUtils.java:logGet(46)) - raft.server.rpc.slowness.timeout = 300s (custom)
2024-02-26 09:18:30,065 [a70c1067-2103-48d8-b21c-f7bdcf327398-groupManagement] INFO  server.RaftServerConfigKeys (ConfUtils.java:logGet(46)) - raft.server.leaderelection.leader.step-down.wait-time = 10s (default)
2024-02-26 09:18:30,065 [a70c1067-2103-48d8-b21c-f7bdcf327398-groupManagement] INFO  server.RaftServerConfigKeys (ConfUtils.java:logGet(46)) - raft.server.leaderelection.member.majority-add = false (default)
2024-02-26 09:18:30,065 [a70c1067-2103-48d8-b21c-f7bdcf327398-groupManagement] INFO  server.RaftServerConfigKeys (ConfUtils.java:logGet(46)) - raft.server.sleep.deviation.threshold = 300ms (default)
2024-02-26 09:18:30,065 [a70c1067-2103-48d8-b21c-f7bdcf327398-groupManagement] INFO  server.RaftServer$Division (ServerState.java:<init>(113)) - a70c1067-2103-48d8-b21c-f7bdcf327398@group-43B6AC2D0D89: ConfigurationManager, init=-1: peers:[a70c1067-2103-48d8-b21c-f7bdcf327398|10.1.0.30:15023]|listeners:[], old=null, confs=<EMPTY_MAP>
2024-02-26 09:18:30,066 [a70c1067-2103-48d8-b21c-f7bdcf327398-groupManagement] INFO  server.RaftServerConfigKeys (ConfUtils.java:logGet(46)) - raft.server.notification.no-leader.timeout = 300s (custom)
2024-02-26 09:18:30,066 [a70c1067-2103-48d8-b21c-f7bdcf327398-groupManagement] INFO  server.RaftServerConfigKeys (ConfUtils.java:logGet(46)) - raft.server.read.timeout = 10s (default)
2024-02-26 09:18:30,066 [a70c1067-2103-48d8-b21c-f7bdcf327398-groupManagement] INFO  server.RaftServerConfigKeys (ConfUtils.java:logGet(46)) - raft.server.retrycache.expirytime = 600000ms (custom)
2024-02-26 09:18:30,066 [a70c1067-2103-48d8-b21c-f7bdcf327398-groupManagement] INFO  server.RaftServerConfigKeys (ConfUtils.java:logGet(46)) - raft.server.retrycache.statistics.expirytime = 100ms (default)
2024-02-26 09:18:30,066 [a70c1067-2103-48d8-b21c-f7bdcf327398-groupManagement] INFO  server.RaftServerConfigKeys (ConfUtils.java:logGet(46)) - raft.server.read.option = DEFAULT (default)
2024-02-26 09:18:30,066 [a70c1067-2103-48d8-b21c-f7bdcf327398-groupManagement] INFO  server.RaftServerConfigKeys (ConfUtils.java:logGet(46)) - raft.server.read.read-after-write-consistent.write-index-cache.expiry-time = 60s (default)
2024-02-26 09:18:30,090 [a70c1067-2103-48d8-b21c-f7bdcf327398-groupManagement] INFO  server.RaftServerConfigKeys (ConfUtils.java:logGet(46)) - raft.server.rpc.request.timeout = 60s (custom)
2024-02-26 09:18:30,090 [a70c1067-2103-48d8-b21c-f7bdcf327398-groupManagement] INFO  server.RaftServerConfigKeys (ConfUtils.java:logGet(46)) - raft.server.log.appender.install.snapshot.enabled = false (custom)
2024-02-26 09:18:30,091 [a70c1067-2103-48d8-b21c-f7bdcf327398-groupManagement] INFO  server.RaftServerConfigKeys (ConfUtils.java:logGet(46)) - raft.server.threadpool.server.cached = true (default)
2024-02-26 09:18:30,091 [a70c1067-2103-48d8-b21c-f7bdcf327398-groupManagement] INFO  server.RaftServerConfigKeys (ConfUtils.java:logGet(46)) - raft.server.threadpool.server.size = 0 (default)
2024-02-26 09:18:30,091 [a70c1067-2103-48d8-b21c-f7bdcf327398-groupManagement] INFO  server.RaftServerConfigKeys (ConfUtils.java:logGet(46)) - raft.server.threadpool.client.cached = true (default)
2024-02-26 09:18:30,091 [a70c1067-2103-48d8-b21c-f7bdcf327398-groupManagement] INFO  server.RaftServerConfigKeys (ConfUtils.java:logGet(46)) - raft.server.threadpool.client.size = 0 (default)
2024-02-26 09:18:30,091 [a70c1067-2103-48d8-b21c-f7bdcf327398-groupManagement] INFO  server.RaftServerConfigKeys (ConfUtils.java:logGet(46)) - raft.server.storage.free-space.min = 0MB (=0) (default)
2024-02-26 09:18:30,091 [a70c1067-2103-48d8-b21c-f7bdcf327398-groupManagement] INFO  server.RaftServerConfigKeys (ConfUtils.java:logGet(46)) - raft.server.log.corruption.policy = EXCEPTION (default)
2024-02-26 09:18:30,091 [a70c1067-2103-48d8-b21c-f7bdcf327398-groupManagement] INFO  server.RaftServerConfigKeys (ConfUtils.java:logGet(46)) - raft.server.storage.dir = [/home/runner/work/ozone/ozone/hadoop-ozone/integration-test/target/test-dir/MiniOzoneClusterImpl-0d79f430-b8c0-477e-97b7-98e50d733022/ozone-meta/datanode-2/ratis] (custom)
2024-02-26 09:18:30,096 [a70c1067-2103-48d8-b21c-f7bdcf327398-groupManagement] INFO  storage.RaftStorageDirectory (RaftStorageDirectoryImpl.java:analyzeStorage(138)) - The storage directory /home/runner/work/ozone/ozone/hadoop-ozone/integration-test/target/test-dir/MiniOzoneClusterImpl-0d79f430-b8c0-477e-97b7-98e50d733022/ozone-meta/datanode-2/ratis/a2a4d12c-48bc-48d6-934f-43b6ac2d0d89 does not exist. Creating ...
2024-02-26 09:18:30,103 [a70c1067-2103-48d8-b21c-f7bdcf327398-groupManagement] INFO  storage.RaftStorageDirectory (RaftStorageDirectoryImpl.java:tryLock(228)) - Lock on /home/runner/work/ozone/ozone/hadoop-ozone/integration-test/target/test-dir/MiniOzoneClusterImpl-0d79f430-b8c0-477e-97b7-98e50d733022/ozone-meta/datanode-2/ratis/a2a4d12c-48bc-48d6-934f-43b6ac2d0d89/in_use.lock acquired by nodename 86312@fv-az1109-796
2024-02-26 09:18:30,134 [a70c1067-2103-48d8-b21c-f7bdcf327398-groupManagement] INFO  storage.RaftStorage (RaftStorageImpl.java:format(99)) - Storage directory /home/runner/work/ozone/ozone/hadoop-ozone/integration-test/target/test-dir/MiniOzoneClusterImpl-0d79f430-b8c0-477e-97b7-98e50d733022/ozone-meta/datanode-2/ratis/a2a4d12c-48bc-48d6-934f-43b6ac2d0d89 has been successfully formatted.
2024-02-26 09:18:30,140 [a70c1067-2103-48d8-b21c-f7bdcf327398-groupManagement] WARN  util.FileUtils (LogUtils.java:supplyAndLog(63)) - Failed to Files.newInputStream /home/runner/work/ozone/ozone/hadoop-ozone/integration-test/target/test-dir/MiniOzoneClusterImpl-0d79f430-b8c0-477e-97b7-98e50d733022/ozone-meta/datanode-2/ratis/a2a4d12c-48bc-48d6-934f-43b6ac2d0d89/current/raft-meta.conf with options []: java.nio.file.NoSuchFileException: /home/runner/work/ozone/ozone/hadoop-ozone/integration-test/target/test-dir/MiniOzoneClusterImpl-0d79f430-b8c0-477e-97b7-98e50d733022/ozone-meta/datanode-2/ratis/a2a4d12c-48bc-48d6-934f-43b6ac2d0d89/current/raft-meta.conf
2024-02-26 09:18:30,158 [a70c1067-2103-48d8-b21c-f7bdcf327398-groupManagement] INFO  ratis.ContainerStateMachine (ContainerStateMachine.java:loadSnapshot(287)) - group-43B6AC2D0D89: The snapshot info is null. Setting the last applied index to:(t:0, i:~)
2024-02-26 09:18:30,163 [a70c1067-2103-48d8-b21c-f7bdcf327398-groupManagement] INFO  server.RaftServerConfigKeys (ConfUtils.java:logGet(46)) - raft.server.log.use.memory = false (default)
2024-02-26 09:18:30,163 [a70c1067-2103-48d8-b21c-f7bdcf327398-groupManagement] INFO  server.RaftServerConfigKeys (ConfUtils.java:logGet(46)) - raft.server.log.purge.gap = 1000000 (custom)
2024-02-26 09:18:30,164 [a70c1067-2103-48d8-b21c-f7bdcf327398-groupManagement] INFO  server.RaftServerConfigKeys (ConfUtils.java:logGet(46)) - raft.server.log.appender.buffer.byte-limit = 8388608 (custom)
2024-02-26 09:18:30,164 [a70c1067-2103-48d8-b21c-f7bdcf327398-groupManagement] INFO  server.RaftServerConfigKeys (ConfUtils.java:logGet(46)) - raft.server.log.statemachine.data.read.timeout = 1000ms (default)
2024-02-26 09:18:30,164 [a70c1067-2103-48d8-b21c-f7bdcf327398-groupManagement] INFO  server.RaftServerConfigKeys (ConfUtils.java:logGet(46)) - raft.server.log.purge.preservation.log.num = 0 (default)
2024-02-26 09:18:30,170 [EventQueue-PipelineReportForPipelineReportHandler] INFO  pipeline.PipelineReportHandler (PipelineReportHandler.java:processPipelineReport(136)) - Opened pipeline PipelineID=a2a4d12c-48bc-48d6-934f-43b6ac2d0d89
2024-02-26 09:18:30,170 [EventQueue-OpenPipelineForHealthyPipelineSafeModeRule] INFO  safemode.SCMSafeModeManager (HealthyPipelineSafeModeRule.java:process(140)) - SCM in safe mode. Healthy pipelines reported count is 0, required healthy pipeline reported count is 1
2024-02-26 09:18:30,180 [a70c1067-2103-48d8-b21c-f7bdcf327398-groupManagement] INFO  server.RaftServerConfigKeys (ConfUtils.java:logGet(46)) - raft.server.log.segment.size.max = 67108864 (custom)
2024-02-26 09:18:30,192 [a70c1067-2103-48d8-b21c-f7bdcf327398-groupManagement] INFO  server.RaftServerConfigKeys (ConfUtils.java:logGet(46)) - raft.server.log.segment.cache.num.max = 2 (custom)
2024-02-26 09:18:30,193 [a70c1067-2103-48d8-b21c-f7bdcf327398-groupManagement] INFO  server.RaftServerConfigKeys (ConfUtils.java:logGet(46)) - raft.server.log.segment.cache.size.max = 200MB (=209715200) (default)
2024-02-26 09:18:30,193 [a70c1067-2103-48d8-b21c-f7bdcf327398-groupManagement] INFO  server.RaftServerConfigKeys (ConfUtils.java:logGet(46)) - raft.server.log.appender.buffer.byte-limit = 8388608 (custom)
2024-02-26 09:18:30,193 [a70c1067-2103-48d8-b21c-f7bdcf327398-groupManagement] INFO  util.AwaitToRun (AwaitToRun.java:start(81)) - Thread[a70c1067-2103-48d8-b21c-f7bdcf327398@group-43B6AC2D0D89-cacheEviction-AwaitToRun,5,main] started
2024-02-26 09:18:30,200 [a70c1067-2103-48d8-b21c-f7bdcf327398-groupManagement] INFO  segmented.SegmentedRaftLogWorker (SegmentedRaftLogWorker.java:<init>(182)) - new a70c1067-2103-48d8-b21c-f7bdcf327398@group-43B6AC2D0D89-SegmentedRaftLogWorker for RaftStorageImpl:Storage Directory /home/runner/work/ozone/ozone/hadoop-ozone/integration-test/target/test-dir/MiniOzoneClusterImpl-0d79f430-b8c0-477e-97b7-98e50d733022/ozone-meta/datanode-2/ratis/a2a4d12c-48bc-48d6-934f-43b6ac2d0d89
2024-02-26 09:18:30,200 [a70c1067-2103-48d8-b21c-f7bdcf327398-groupManagement] INFO  server.RaftServerConfigKeys (ConfUtils.java:logGet(46)) - raft.server.log.queue.byte-limit = 4294967296 (custom)
2024-02-26 09:18:30,200 [a70c1067-2103-48d8-b21c-f7bdcf327398-groupManagement] INFO  server.RaftServerConfigKeys (ConfUtils.java:logGet(46)) - raft.server.log.queue.element-limit = 1024 (custom)
2024-02-26 09:18:30,200 [a70c1067-2103-48d8-b21c-f7bdcf327398-groupManagement] INFO  server.RaftServerConfigKeys (ConfUtils.java:logGet(46)) - raft.server.log.segment.size.max = 67108864 (custom)
2024-02-26 09:18:30,200 [a70c1067-2103-48d8-b21c-f7bdcf327398-groupManagement] INFO  server.RaftServerConfigKeys (ConfUtils.java:logGet(46)) - raft.server.log.preallocated.size = 4194304 (custom)
2024-02-26 09:18:30,200 [a70c1067-2103-48d8-b21c-f7bdcf327398-groupManagement] INFO  server.RaftServerConfigKeys (ConfUtils.java:logGet(46)) - raft.server.log.force.sync.num = 128 (default)
2024-02-26 09:18:30,200 [a70c1067-2103-48d8-b21c-f7bdcf327398-groupManagement] INFO  server.RaftServerConfigKeys (ConfUtils.java:logGet(46)) - raft.server.log.statemachine.data.sync = true (default)
2024-02-26 09:18:30,200 [a70c1067-2103-48d8-b21c-f7bdcf327398-groupManagement] INFO  server.RaftServerConfigKeys (ConfUtils.java:logGet(46)) - raft.server.log.statemachine.data.sync.timeout = 10s (default)
2024-02-26 09:18:30,200 [a70c1067-2103-48d8-b21c-f7bdcf327398-groupManagement] INFO  server.RaftServerConfigKeys (ConfUtils.java:logGet(46)) - raft.server.log.statemachine.data.sync.timeout.retry = 0 (custom)
2024-02-26 09:18:30,201 [a70c1067-2103-48d8-b21c-f7bdcf327398-groupManagement] INFO  server.RaftServerConfigKeys (ConfUtils.java:logGet(46)) - raft.server.log.write.buffer.size = 8388616 (custom)
2024-02-26 09:18:30,202 [a70c1067-2103-48d8-b21c-f7bdcf327398-groupManagement] INFO  server.RaftServerConfigKeys (ConfUtils.java:logGet(46)) - raft.server.log.appender.buffer.byte-limit = 8388608 (custom)
2024-02-26 09:18:30,202 [a70c1067-2103-48d8-b21c-f7bdcf327398-groupManagement] INFO  server.RaftServerConfigKeys (ConfUtils.java:logGet(46)) - raft.server.log.unsafe-flush.enabled = false (default)
2024-02-26 09:18:30,203 [f0a2b3de-ed07-43d6-bdce-9d4b8e15ed2c-PipelineCommandHandlerThread-0] INFO  server.RaftServer (RaftServerProxy.java:addNew(100)) - f0a2b3de-ed07-43d6-bdce-9d4b8e15ed2c: addNew group-2BCDD03A106C:[f0a2b3de-ed07-43d6-bdce-9d4b8e15ed2c|10.1.0.30:15032] returns group-2BCDD03A106C:java.util.concurrent.CompletableFuture@43f61fe8[Not completed]
2024-02-26 09:18:30,207 [a70c1067-2103-48d8-b21c-f7bdcf327398-groupManagement] INFO  server.RaftServerConfigKeys (ConfUtils.java:logGet(46)) - raft.server.log.async-flush.enabled = false (default)
2024-02-26 09:18:30,207 [a70c1067-2103-48d8-b21c-f7bdcf327398-groupManagement] INFO  server.RaftServerConfigKeys (ConfUtils.java:logGet(46)) - raft.server.log.statemachine.data.caching.enabled = true (custom)
2024-02-26 09:18:30,207 [a70c1067-2103-48d8-b21c-f7bdcf327398-groupManagement] INFO  segmented.SegmentedRaftLogWorker (SegmentedRaftLogWorker.java:lambda$new$0(134)) - a70c1067-2103-48d8-b21c-f7bdcf327398@group-43B6AC2D0D89-SegmentedRaftLogWorker: flushIndex: setUnconditionally 0 -> -1
2024-02-26 09:18:30,207 [a70c1067-2103-48d8-b21c-f7bdcf327398-groupManagement] INFO  segmented.SegmentedRaftLogWorker (SegmentedRaftLogWorker.java:lambda$new$0(134)) - a70c1067-2103-48d8-b21c-f7bdcf327398@group-43B6AC2D0D89-SegmentedRaftLogWorker: safeCacheEvictIndex: setUnconditionally 0 -> -1
2024-02-26 09:18:30,208 [f0a2b3de-ed07-43d6-bdce-9d4b8e15ed2c-groupManagement] INFO  server.RaftServer$Division (RaftServerImpl.java:<init>(256)) - f0a2b3de-ed07-43d6-bdce-9d4b8e15ed2c: new RaftServerImpl for group-2BCDD03A106C:[f0a2b3de-ed07-43d6-bdce-9d4b8e15ed2c|10.1.0.30:15032] with ContainerStateMachine:uninitialized
2024-02-26 09:18:30,209 [f0a2b3de-ed07-43d6-bdce-9d4b8e15ed2c-groupManagement] INFO  server.RaftServerConfigKeys (ConfUtils.java:logGet(46)) - raft.server.rpc.timeout.min = 5s (custom)
2024-02-26 09:18:30,209 [f0a2b3de-ed07-43d6-bdce-9d4b8e15ed2c-groupManagement] INFO  server.RaftServerConfigKeys (ConfUtils.java:logGet(46)) - raft.server.rpc.timeout.max = 5200ms (custom)
2024-02-26 09:18:30,209 [f0a2b3de-ed07-43d6-bdce-9d4b8e15ed2c-groupManagement] INFO  server.RaftServerConfigKeys (ConfUtils.java:logGet(46)) - raft.server.rpc.sleep.time = 25ms (default)
2024-02-26 09:18:30,209 [f0a2b3de-ed07-43d6-bdce-9d4b8e15ed2c-groupManagement] INFO  server.RaftServerConfigKeys (ConfUtils.java:logGet(46)) - raft.server.rpc.slowness.timeout = 300s (custom)
2024-02-26 09:18:30,209 [f0a2b3de-ed07-43d6-bdce-9d4b8e15ed2c-groupManagement] INFO  server.RaftServerConfigKeys (ConfUtils.java:logGet(46)) - raft.server.leaderelection.leader.step-down.wait-time = 10s (default)
2024-02-26 09:18:30,209 [f0a2b3de-ed07-43d6-bdce-9d4b8e15ed2c-groupManagement] INFO  server.RaftServerConfigKeys (ConfUtils.java:logGet(46)) - raft.server.leaderelection.member.majority-add = false (default)
2024-02-26 09:18:30,209 [f0a2b3de-ed07-43d6-bdce-9d4b8e15ed2c-groupManagement] INFO  server.RaftServerConfigKeys (ConfUtils.java:logGet(46)) - raft.server.sleep.deviation.threshold = 300ms (default)
2024-02-26 09:18:30,209 [f0a2b3de-ed07-43d6-bdce-9d4b8e15ed2c-groupManagement] INFO  server.RaftServer$Division (ServerState.java:<init>(113)) - f0a2b3de-ed07-43d6-bdce-9d4b8e15ed2c@group-2BCDD03A106C: ConfigurationManager, init=-1: peers:[f0a2b3de-ed07-43d6-bdce-9d4b8e15ed2c|10.1.0.30:15032]|listeners:[], old=null, confs=<EMPTY_MAP>
2024-02-26 09:18:30,209 [f0a2b3de-ed07-43d6-bdce-9d4b8e15ed2c-groupManagement] INFO  server.RaftServerConfigKeys (ConfUtils.java:logGet(46)) - raft.server.notification.no-leader.timeout = 300s (custom)
2024-02-26 09:18:30,209 [f0a2b3de-ed07-43d6-bdce-9d4b8e15ed2c-groupManagement] INFO  server.RaftServerConfigKeys (ConfUtils.java:logGet(46)) - raft.server.read.timeout = 10s (default)
2024-02-26 09:18:30,209 [f0a2b3de-ed07-43d6-bdce-9d4b8e15ed2c-groupManagement] INFO  server.RaftServerConfigKeys (ConfUtils.java:logGet(46)) - raft.server.retrycache.expirytime = 600000ms (custom)
2024-02-26 09:18:30,210 [f0a2b3de-ed07-43d6-bdce-9d4b8e15ed2c-groupManagement] INFO  server.RaftServerConfigKeys (ConfUtils.java:logGet(46)) - raft.server.retrycache.statistics.expirytime = 100ms (default)
2024-02-26 09:18:30,210 [f0a2b3de-ed07-43d6-bdce-9d4b8e15ed2c-groupManagement] INFO  server.RaftServerConfigKeys (ConfUtils.java:logGet(46)) - raft.server.read.option = DEFAULT (default)
2024-02-26 09:18:30,210 [f0a2b3de-ed07-43d6-bdce-9d4b8e15ed2c-groupManagement] INFO  server.RaftServerConfigKeys (ConfUtils.java:logGet(46)) - raft.server.read.read-after-write-consistent.write-index-cache.expiry-time = 60s (default)
2024-02-26 09:18:30,215 [a70c1067-2103-48d8-b21c-f7bdcf327398-groupManagement] INFO  server.RaftServer$Division (RaftServerImpl.java:start(396)) - a70c1067-2103-48d8-b21c-f7bdcf327398@group-43B6AC2D0D89: start as a follower, conf=-1: peers:[a70c1067-2103-48d8-b21c-f7bdcf327398|10.1.0.30:15023]|listeners:[], old=null
2024-02-26 09:18:30,215 [a70c1067-2103-48d8-b21c-f7bdcf327398-groupManagement] INFO  server.RaftServer$Division (RaftServerImpl.java:setRole(383)) - a70c1067-2103-48d8-b21c-f7bdcf327398@group-43B6AC2D0D89: changes role from      null to FOLLOWER at term 0 for startAsFollower
2024-02-26 09:18:30,219 [a70c1067-2103-48d8-b21c-f7bdcf327398-groupManagement] INFO  impl.RoleInfo (RoleInfo.java:updateAndGet(139)) - a70c1067-2103-48d8-b21c-f7bdcf327398: start a70c1067-2103-48d8-b21c-f7bdcf327398@group-43B6AC2D0D89-FollowerState
2024-02-26 09:18:30,223 [a70c1067-2103-48d8-b21c-f7bdcf327398-groupManagement] INFO  util.JmxRegister (JmxRegister.java:tryRegister(44)) - Successfully registered JMX Bean with object name Ratis:service=RaftServer,group=group-43B6AC2D0D89,id=a70c1067-2103-48d8-b21c-f7bdcf327398
2024-02-26 09:18:30,251 [a70c1067-2103-48d8-b21c-f7bdcf327398-groupManagement] INFO  server.RaftServerConfigKeys (ConfUtils.java:logGet(46)) - raft.server.snapshot.trigger-when-stop.enabled = true (default)
2024-02-26 09:18:30,251 [a70c1067-2103-48d8-b21c-f7bdcf327398-groupManagement] INFO  server.RaftServerConfigKeys (ConfUtils.java:logGet(46)) - raft.server.snapshot.auto.trigger.enabled = true (custom)
2024-02-26 09:18:30,251 [a70c1067-2103-48d8-b21c-f7bdcf327398-groupManagement] INFO  server.RaftServerConfigKeys (ConfUtils.java:logGet(46)) - raft.server.snapshot.auto.trigger.threshold = 10000 (custom)
2024-02-26 09:18:30,252 [a70c1067-2103-48d8-b21c-f7bdcf327398-groupManagement] INFO  server.RaftServerConfigKeys (ConfUtils.java:logGet(46)) - raft.server.snapshot.retention.file.num = 5 (custom)
2024-02-26 09:18:30,252 [a70c1067-2103-48d8-b21c-f7bdcf327398-groupManagement] INFO  server.RaftServerConfigKeys (ConfUtils.java:logGet(46)) - raft.server.log.purge.upto.snapshot.index = false (default)
2024-02-26 09:18:30,259 [a70c1067-2103-48d8-b21c-f7bdcf327398@group-43B6AC2D0D89-FollowerState] INFO  server.RaftServerConfigKeys (ConfUtils.java:logFallback(53)) - raft.server.rpc.first-election.timeout.min = 5s (fallback to raft.server.rpc.timeout.min)
2024-02-26 09:18:30,259 [a70c1067-2103-48d8-b21c-f7bdcf327398@group-43B6AC2D0D89-FollowerState] INFO  server.RaftServerConfigKeys (ConfUtils.java:logFallback(53)) - raft.server.rpc.first-election.timeout.max = 5200ms (fallback to raft.server.rpc.timeout.max)
2024-02-26 09:18:30,262 [f0a2b3de-ed07-43d6-bdce-9d4b8e15ed2c-groupManagement] INFO  server.RaftServerConfigKeys (ConfUtils.java:logGet(46)) - raft.server.rpc.request.timeout = 60s (custom)
2024-02-26 09:18:30,262 [f0a2b3de-ed07-43d6-bdce-9d4b8e15ed2c-groupManagement] INFO  server.RaftServerConfigKeys (ConfUtils.java:logGet(46)) - raft.server.log.appender.install.snapshot.enabled = false (custom)
2024-02-26 09:18:30,262 [f0a2b3de-ed07-43d6-bdce-9d4b8e15ed2c-groupManagement] INFO  server.RaftServerConfigKeys (ConfUtils.java:logGet(46)) - raft.server.threadpool.server.cached = true (default)
2024-02-26 09:18:30,262 [f0a2b3de-ed07-43d6-bdce-9d4b8e15ed2c-groupManagement] INFO  server.RaftServerConfigKeys (ConfUtils.java:logGet(46)) - raft.server.threadpool.server.size = 0 (default)
2024-02-26 09:18:30,262 [f0a2b3de-ed07-43d6-bdce-9d4b8e15ed2c-groupManagement] INFO  server.RaftServerConfigKeys (ConfUtils.java:logGet(46)) - raft.server.threadpool.client.cached = true (default)
2024-02-26 09:18:30,262 [f0a2b3de-ed07-43d6-bdce-9d4b8e15ed2c-groupManagement] INFO  server.RaftServerConfigKeys (ConfUtils.java:logGet(46)) - raft.server.threadpool.client.size = 0 (default)
2024-02-26 09:18:30,262 [f0a2b3de-ed07-43d6-bdce-9d4b8e15ed2c-groupManagement] INFO  server.RaftServerConfigKeys (ConfUtils.java:logGet(46)) - raft.server.storage.free-space.min = 0MB (=0) (default)
2024-02-26 09:18:30,262 [f0a2b3de-ed07-43d6-bdce-9d4b8e15ed2c-groupManagement] INFO  server.RaftServerConfigKeys (ConfUtils.java:logGet(46)) - raft.server.log.corruption.policy = EXCEPTION (default)
2024-02-26 09:18:30,262 [f0a2b3de-ed07-43d6-bdce-9d4b8e15ed2c-groupManagement] INFO  server.RaftServerConfigKeys (ConfUtils.java:logGet(46)) - raft.server.storage.dir = [/home/runner/work/ozone/ozone/hadoop-ozone/integration-test/target/test-dir/MiniOzoneClusterImpl-0d79f430-b8c0-477e-97b7-98e50d733022/ozone-meta/datanode-3/ratis] (custom)
2024-02-26 09:18:30,263 [f0a2b3de-ed07-43d6-bdce-9d4b8e15ed2c-groupManagement] INFO  storage.RaftStorageDirectory (RaftStorageDirectoryImpl.java:analyzeStorage(138)) - The storage directory /home/runner/work/ozone/ozone/hadoop-ozone/integration-test/target/test-dir/MiniOzoneClusterImpl-0d79f430-b8c0-477e-97b7-98e50d733022/ozone-meta/datanode-3/ratis/6895a23e-29dd-40cb-ae31-2bcdd03a106c does not exist. Creating ...
2024-02-26 09:18:30,263 [a70c1067-2103-48d8-b21c-f7bdcf327398-PipelineCommandHandlerThread-0] INFO  ratis.XceiverServerRatis (XceiverServerRatis.java:addGroup(864)) - Created group PipelineID=a2a4d12c-48bc-48d6-934f-43b6ac2d0d89
2024-02-26 09:18:30,267 [f0a2b3de-ed07-43d6-bdce-9d4b8e15ed2c-groupManagement] INFO  storage.RaftStorageDirectory (RaftStorageDirectoryImpl.java:tryLock(228)) - Lock on /home/runner/work/ozone/ozone/hadoop-ozone/integration-test/target/test-dir/MiniOzoneClusterImpl-0d79f430-b8c0-477e-97b7-98e50d733022/ozone-meta/datanode-3/ratis/6895a23e-29dd-40cb-ae31-2bcdd03a106c/in_use.lock acquired by nodename 86312@fv-az1109-796
2024-02-26 09:18:30,268 [a70c1067-2103-48d8-b21c-f7bdcf327398-PipelineCommandHandlerThread-0] INFO  commandhandler.CreatePipelineCommandHandler (CreatePipelineCommandHandler.java:lambda$handle$2(124)) - Created Pipeline RATIS ONE PipelineID=a2a4d12c-48bc-48d6-934f-43b6ac2d0d89.
2024-02-26 09:18:30,275 [f0a2b3de-ed07-43d6-bdce-9d4b8e15ed2c-groupManagement] INFO  storage.RaftStorage (RaftStorageImpl.java:format(99)) - Storage directory /home/runner/work/ozone/ozone/hadoop-ozone/integration-test/target/test-dir/MiniOzoneClusterImpl-0d79f430-b8c0-477e-97b7-98e50d733022/ozone-meta/datanode-3/ratis/6895a23e-29dd-40cb-ae31-2bcdd03a106c has been successfully formatted.
2024-02-26 09:18:30,275 [a70c1067-2103-48d8-b21c-f7bdcf327398-PipelineCommandHandlerThread-0] INFO  server.RaftServer (RaftServerProxy.java:addNew(100)) - a70c1067-2103-48d8-b21c-f7bdcf327398: addNew group-E71E972C389B:[f0a2b3de-ed07-43d6-bdce-9d4b8e15ed2c|10.1.0.30:15032, a70c1067-2103-48d8-b21c-f7bdcf327398|10.1.0.30:15023, 1fc8e30e-bcf6-4a54-bb04-f74c1c9f090e|10.1.0.30:15014] returns group-E71E972C389B:java.util.concurrent.CompletableFuture@4f61061d[Not completed]
2024-02-26 09:18:30,275 [f0a2b3de-ed07-43d6-bdce-9d4b8e15ed2c-groupManagement] WARN  util.FileUtils (LogUtils.java:supplyAndLog(63)) - Failed to Files.newInputStream /home/runner/work/ozone/ozone/hadoop-ozone/integration-test/target/test-dir/MiniOzoneClusterImpl-0d79f430-b8c0-477e-97b7-98e50d733022/ozone-meta/datanode-3/ratis/6895a23e-29dd-40cb-ae31-2bcdd03a106c/current/raft-meta.conf with options []: java.nio.file.NoSuchFileException: /home/runner/work/ozone/ozone/hadoop-ozone/integration-test/target/test-dir/MiniOzoneClusterImpl-0d79f430-b8c0-477e-97b7-98e50d733022/ozone-meta/datanode-3/ratis/6895a23e-29dd-40cb-ae31-2bcdd03a106c/current/raft-meta.conf
2024-02-26 09:18:30,276 [a70c1067-2103-48d8-b21c-f7bdcf327398-groupManagement] INFO  server.RaftServer$Division (RaftServerImpl.java:<init>(256)) - a70c1067-2103-48d8-b21c-f7bdcf327398: new RaftServerImpl for group-E71E972C389B:[f0a2b3de-ed07-43d6-bdce-9d4b8e15ed2c|10.1.0.30:15032, a70c1067-2103-48d8-b21c-f7bdcf327398|10.1.0.30:15023, 1fc8e30e-bcf6-4a54-bb04-f74c1c9f090e|10.1.0.30:15014] with ContainerStateMachine:uninitialized
2024-02-26 09:18:30,276 [a70c1067-2103-48d8-b21c-f7bdcf327398-groupManagement] INFO  server.RaftServerConfigKeys (ConfUtils.java:logGet(46)) - raft.server.rpc.timeout.min = 5s (custom)
2024-02-26 09:18:30,276 [a70c1067-2103-48d8-b21c-f7bdcf327398-groupManagement] INFO  server.RaftServerConfigKeys (ConfUtils.java:logGet(46)) - raft.server.rpc.timeout.max = 5200ms (custom)
2024-02-26 09:18:30,277 [a70c1067-2103-48d8-b21c-f7bdcf327398-groupManagement] INFO  server.RaftServerConfigKeys (ConfUtils.java:logGet(46)) - raft.server.rpc.sleep.time = 25ms (default)
2024-02-26 09:18:30,277 [a70c1067-2103-48d8-b21c-f7bdcf327398-groupManagement] INFO  server.RaftServerConfigKeys (ConfUtils.java:logGet(46)) - raft.server.rpc.slowness.timeout = 300s (custom)
2024-02-26 09:18:30,277 [a70c1067-2103-48d8-b21c-f7bdcf327398-groupManagement] INFO  server.RaftServerConfigKeys (ConfUtils.java:logGet(46)) - raft.server.leaderelection.leader.step-down.wait-time = 10s (default)
2024-02-26 09:18:30,277 [a70c1067-2103-48d8-b21c-f7bdcf327398-groupManagement] INFO  server.RaftServerConfigKeys (ConfUtils.java:logGet(46)) - raft.server.leaderelection.member.majority-add = false (default)
2024-02-26 09:18:30,277 [a70c1067-2103-48d8-b21c-f7bdcf327398-groupManagement] INFO  server.RaftServerConfigKeys (ConfUtils.java:logGet(46)) - raft.server.sleep.deviation.threshold = 300ms (default)
2024-02-26 09:18:30,277 [a70c1067-2103-48d8-b21c-f7bdcf327398-groupManagement] INFO  server.RaftServer$Division (ServerState.java:<init>(113)) - a70c1067-2103-48d8-b21c-f7bdcf327398@group-E71E972C389B: ConfigurationManager, init=-1: peers:[f0a2b3de-ed07-43d6-bdce-9d4b8e15ed2c|10.1.0.30:15032, a70c1067-2103-48d8-b21c-f7bdcf327398|10.1.0.30:15023, 1fc8e30e-bcf6-4a54-bb04-f74c1c9f090e|10.1.0.30:15014]|listeners:[], old=null, confs=<EMPTY_MAP>
2024-02-26 09:18:30,277 [a70c1067-2103-48d8-b21c-f7bdcf327398-groupManagement] INFO  server.RaftServerConfigKeys (ConfUtils.java:logGet(46)) - raft.server.notification.no-leader.timeout = 300s (custom)
2024-02-26 09:18:30,277 [a70c1067-2103-48d8-b21c-f7bdcf327398-groupManagement] INFO  server.RaftServerConfigKeys (ConfUtils.java:logGet(46)) - raft.server.read.timeout = 10s (default)
2024-02-26 09:18:30,277 [a70c1067-2103-48d8-b21c-f7bdcf327398-groupManagement] INFO  server.RaftServerConfigKeys (ConfUtils.java:logGet(46)) - raft.server.retrycache.expirytime = 600000ms (custom)
2024-02-26 09:18:30,277 [a70c1067-2103-48d8-b21c-f7bdcf327398-groupManagement] INFO  server.RaftServerConfigKeys (ConfUtils.java:logGet(46)) - raft.server.retrycache.statistics.expirytime = 100ms (default)
2024-02-26 09:18:30,277 [a70c1067-2103-48d8-b21c-f7bdcf327398-groupManagement] INFO  server.RaftServerConfigKeys (ConfUtils.java:logGet(46)) - raft.server.read.option = DEFAULT (default)
2024-02-26 09:18:30,277 [a70c1067-2103-48d8-b21c-f7bdcf327398-groupManagement] INFO  server.RaftServerConfigKeys (ConfUtils.java:logGet(46)) - raft.server.read.read-after-write-consistent.write-index-cache.expiry-time = 60s (default)
2024-02-26 09:18:30,280 [f0a2b3de-ed07-43d6-bdce-9d4b8e15ed2c-groupManagement] INFO  ratis.ContainerStateMachine (ContainerStateMachine.java:loadSnapshot(287)) - group-2BCDD03A106C: The snapshot info is null. Setting the last applied index to:(t:0, i:~)
2024-02-26 09:18:30,280 [f0a2b3de-ed07-43d6-bdce-9d4b8e15ed2c-groupManagement] INFO  server.RaftServerConfigKeys (ConfUtils.java:logGet(46)) - raft.server.log.use.memory = false (default)
2024-02-26 09:18:30,280 [f0a2b3de-ed07-43d6-bdce-9d4b8e15ed2c-groupManagement] INFO  server.RaftServerConfigKeys (ConfUtils.java:logGet(46)) - raft.server.log.purge.gap = 1000000 (custom)
2024-02-26 09:18:30,280 [f0a2b3de-ed07-43d6-bdce-9d4b8e15ed2c-groupManagement] INFO  server.RaftServerConfigKeys (ConfUtils.java:logGet(46)) - raft.server.log.appender.buffer.byte-limit = 8388608 (custom)
2024-02-26 09:18:30,280 [f0a2b3de-ed07-43d6-bdce-9d4b8e15ed2c-groupManagement] INFO  server.RaftServerConfigKeys (ConfUtils.java:logGet(46)) - raft.server.log.statemachine.data.read.timeout = 1000ms (default)
2024-02-26 09:18:30,280 [f0a2b3de-ed07-43d6-bdce-9d4b8e15ed2c-groupManagement] INFO  server.RaftServerConfigKeys (ConfUtils.java:logGet(46)) - raft.server.log.purge.preservation.log.num = 0 (default)
2024-02-26 09:18:30,283 [EventQueue-PipelineReportForPipelineReportHandler] INFO  pipeline.PipelineReportHandler (PipelineReportHandler.java:processPipelineReport(136)) - Opened pipeline PipelineID=6895a23e-29dd-40cb-ae31-2bcdd03a106c
2024-02-26 09:18:30,283 [EventQueue-OpenPipelineForHealthyPipelineSafeModeRule] INFO  safemode.SCMSafeModeManager (HealthyPipelineSafeModeRule.java:process(140)) - SCM in safe mode. Healthy pipelines reported count is 0, required healthy pipeline reported count is 1
2024-02-26 09:18:30,286 [f0a2b3de-ed07-43d6-bdce-9d4b8e15ed2c-groupManagement] INFO  server.RaftServerConfigKeys (ConfUtils.java:logGet(46)) - raft.server.log.segment.size.max = 67108864 (custom)
2024-02-26 09:18:30,287 [f0a2b3de-ed07-43d6-bdce-9d4b8e15ed2c-groupManagement] INFO  server.RaftServerConfigKeys (ConfUtils.java:logGet(46)) - raft.server.log.segment.cache.num.max = 2 (custom)
2024-02-26 09:18:30,288 [f0a2b3de-ed07-43d6-bdce-9d4b8e15ed2c-groupManagement] INFO  server.RaftServerConfigKeys (ConfUtils.java:logGet(46)) - raft.server.log.segment.cache.size.max = 200MB (=209715200) (default)
2024-02-26 09:18:30,289 [f0a2b3de-ed07-43d6-bdce-9d4b8e15ed2c-groupManagement] INFO  server.RaftServerConfigKeys (ConfUtils.java:logGet(46)) - raft.server.log.appender.buffer.byte-limit = 8388608 (custom)
2024-02-26 09:18:30,292 [a70c1067-2103-48d8-b21c-f7bdcf327398-groupManagement] INFO  server.RaftServerConfigKeys (ConfUtils.java:logGet(46)) - raft.server.rpc.request.timeout = 60s (custom)
2024-02-26 09:18:30,292 [a70c1067-2103-48d8-b21c-f7bdcf327398-groupManagement] INFO  server.RaftServerConfigKeys (ConfUtils.java:logGet(46)) - raft.server.log.appender.install.snapshot.enabled = false (custom)
2024-02-26 09:18:30,292 [a70c1067-2103-48d8-b21c-f7bdcf327398-groupManagement] INFO  server.RaftServerConfigKeys (ConfUtils.java:logGet(46)) - raft.server.threadpool.server.cached = true (default)
2024-02-26 09:18:30,292 [a70c1067-2103-48d8-b21c-f7bdcf327398-groupManagement] INFO  server.RaftServerConfigKeys (ConfUtils.java:logGet(46)) - raft.server.threadpool.server.size = 0 (default)
2024-02-26 09:18:30,292 [a70c1067-2103-48d8-b21c-f7bdcf327398-groupManagement] INFO  server.RaftServerConfigKeys (ConfUtils.java:logGet(46)) - raft.server.threadpool.client.cached = true (default)
2024-02-26 09:18:30,292 [a70c1067-2103-48d8-b21c-f7bdcf327398-groupManagement] INFO  server.RaftServerConfigKeys (ConfUtils.java:logGet(46)) - raft.server.threadpool.client.size = 0 (default)
2024-02-26 09:18:30,292 [a70c1067-2103-48d8-b21c-f7bdcf327398-groupManagement] INFO  server.RaftServerConfigKeys (ConfUtils.java:logGet(46)) - raft.server.storage.free-space.min = 0MB (=0) (default)
2024-02-26 09:18:30,292 [a70c1067-2103-48d8-b21c-f7bdcf327398-groupManagement] INFO  server.RaftServerConfigKeys (ConfUtils.java:logGet(46)) - raft.server.log.corruption.policy = EXCEPTION (default)
2024-02-26 09:18:30,292 [a70c1067-2103-48d8-b21c-f7bdcf327398-groupManagement] INFO  server.RaftServerConfigKeys (ConfUtils.java:logGet(46)) - raft.server.storage.dir = [/home/runner/work/ozone/ozone/hadoop-ozone/integration-test/target/test-dir/MiniOzoneClusterImpl-0d79f430-b8c0-477e-97b7-98e50d733022/ozone-meta/datanode-2/ratis] (custom)
2024-02-26 09:18:30,293 [a70c1067-2103-48d8-b21c-f7bdcf327398-groupManagement] INFO  storage.RaftStorageDirectory (RaftStorageDirectoryImpl.java:analyzeStorage(138)) - The storage directory /home/runner/work/ozone/ozone/hadoop-ozone/integration-test/target/test-dir/MiniOzoneClusterImpl-0d79f430-b8c0-477e-97b7-98e50d733022/ozone-meta/datanode-2/ratis/59bc64b5-f925-4f86-8d61-e71e972c389b does not exist. Creating ...
2024-02-26 09:18:30,293 [f0a2b3de-ed07-43d6-bdce-9d4b8e15ed2c-groupManagement] INFO  util.AwaitToRun (AwaitToRun.java:start(81)) - Thread[f0a2b3de-ed07-43d6-bdce-9d4b8e15ed2c@group-2BCDD03A106C-cacheEviction-AwaitToRun,5,main] started
2024-02-26 09:18:30,293 [f0a2b3de-ed07-43d6-bdce-9d4b8e15ed2c-groupManagement] INFO  segmented.SegmentedRaftLogWorker (SegmentedRaftLogWorker.java:<init>(182)) - new f0a2b3de-ed07-43d6-bdce-9d4b8e15ed2c@group-2BCDD03A106C-SegmentedRaftLogWorker for RaftStorageImpl:Storage Directory /home/runner/work/ozone/ozone/hadoop-ozone/integration-test/target/test-dir/MiniOzoneClusterImpl-0d79f430-b8c0-477e-97b7-98e50d733022/ozone-meta/datanode-3/ratis/6895a23e-29dd-40cb-ae31-2bcdd03a106c
2024-02-26 09:18:30,293 [f0a2b3de-ed07-43d6-bdce-9d4b8e15ed2c-groupManagement] INFO  server.RaftServerConfigKeys (ConfUtils.java:logGet(46)) - raft.server.log.queue.byte-limit = 4294967296 (custom)
2024-02-26 09:18:30,293 [f0a2b3de-ed07-43d6-bdce-9d4b8e15ed2c-groupManagement] INFO  server.RaftServerConfigKeys (ConfUtils.java:logGet(46)) - raft.server.log.queue.element-limit = 1024 (custom)
2024-02-26 09:18:30,293 [f0a2b3de-ed07-43d6-bdce-9d4b8e15ed2c-groupManagement] INFO  server.RaftServerConfigKeys (ConfUtils.java:logGet(46)) - raft.server.log.segment.size.max = 67108864 (custom)
2024-02-26 09:18:30,293 [f0a2b3de-ed07-43d6-bdce-9d4b8e15ed2c-groupManagement] INFO  server.RaftServerConfigKeys (ConfUtils.java:logGet(46)) - raft.server.log.preallocated.size = 4194304 (custom)
2024-02-26 09:18:30,294 [f0a2b3de-ed07-43d6-bdce-9d4b8e15ed2c-groupManagement] INFO  server.RaftServerConfigKeys (ConfUtils.java:logGet(46)) - raft.server.log.force.sync.num = 128 (default)
2024-02-26 09:18:30,294 [f0a2b3de-ed07-43d6-bdce-9d4b8e15ed2c-groupManagement] INFO  server.RaftServerConfigKeys (ConfUtils.java:logGet(46)) - raft.server.log.statemachine.data.sync = true (default)
2024-02-26 09:18:30,294 [f0a2b3de-ed07-43d6-bdce-9d4b8e15ed2c-groupManagement] INFO  server.RaftServerConfigKeys (ConfUtils.java:logGet(46)) - raft.server.log.statemachine.data.sync.timeout = 10s (default)
2024-02-26 09:18:30,294 [f0a2b3de-ed07-43d6-bdce-9d4b8e15ed2c-groupManagement] INFO  server.RaftServerConfigKeys (ConfUtils.java:logGet(46)) - raft.server.log.statemachine.data.sync.timeout.retry = 0 (custom)
2024-02-26 09:18:30,294 [f0a2b3de-ed07-43d6-bdce-9d4b8e15ed2c-groupManagement] INFO  server.RaftServerConfigKeys (ConfUtils.java:logGet(46)) - raft.server.log.write.buffer.size = 8388616 (custom)
2024-02-26 09:18:30,296 [f0a2b3de-ed07-43d6-bdce-9d4b8e15ed2c-groupManagement] INFO  server.RaftServerConfigKeys (ConfUtils.java:logGet(46)) - raft.server.log.appender.buffer.byte-limit = 8388608 (custom)
2024-02-26 09:18:30,296 [f0a2b3de-ed07-43d6-bdce-9d4b8e15ed2c-groupManagement] INFO  server.RaftServerConfigKeys (ConfUtils.java:logGet(46)) - raft.server.log.unsafe-flush.enabled = false (default)
2024-02-26 09:18:30,296 [f0a2b3de-ed07-43d6-bdce-9d4b8e15ed2c-groupManagement] INFO  server.RaftServerConfigKeys (ConfUtils.java:logGet(46)) - raft.server.log.async-flush.enabled = false (default)
2024-02-26 09:18:30,296 [f0a2b3de-ed07-43d6-bdce-9d4b8e15ed2c-groupManagement] INFO  server.RaftServerConfigKeys (ConfUtils.java:logGet(46)) - raft.server.log.statemachine.data.caching.enabled = true (custom)
2024-02-26 09:18:30,296 [f0a2b3de-ed07-43d6-bdce-9d4b8e15ed2c-groupManagement] INFO  segmented.SegmentedRaftLogWorker (SegmentedRaftLogWorker.java:lambda$new$0(134)) - f0a2b3de-ed07-43d6-bdce-9d4b8e15ed2c@group-2BCDD03A106C-SegmentedRaftLogWorker: flushIndex: setUnconditionally 0 -> -1
2024-02-26 09:18:30,297 [f0a2b3de-ed07-43d6-bdce-9d4b8e15ed2c-groupManagement] INFO  segmented.SegmentedRaftLogWorker (SegmentedRaftLogWorker.java:lambda$new$0(134)) - f0a2b3de-ed07-43d6-bdce-9d4b8e15ed2c@group-2BCDD03A106C-SegmentedRaftLogWorker: safeCacheEvictIndex: setUnconditionally 0 -> -1
2024-02-26 09:18:30,297 [a70c1067-2103-48d8-b21c-f7bdcf327398-groupManagement] INFO  storage.RaftStorageDirectory (RaftStorageDirectoryImpl.java:tryLock(228)) - Lock on /home/runner/work/ozone/ozone/hadoop-ozone/integration-test/target/test-dir/MiniOzoneClusterImpl-0d79f430-b8c0-477e-97b7-98e50d733022/ozone-meta/datanode-2/ratis/59bc64b5-f925-4f86-8d61-e71e972c389b/in_use.lock acquired by nodename 86312@fv-az1109-796
2024-02-26 09:18:30,298 [a70c1067-2103-48d8-b21c-f7bdcf327398-groupManagement] INFO  storage.RaftStorage (RaftStorageImpl.java:format(99)) - Storage directory /home/runner/work/ozone/ozone/hadoop-ozone/integration-test/target/test-dir/MiniOzoneClusterImpl-0d79f430-b8c0-477e-97b7-98e50d733022/ozone-meta/datanode-2/ratis/59bc64b5-f925-4f86-8d61-e71e972c389b has been successfully formatted.
2024-02-26 09:18:30,298 [a70c1067-2103-48d8-b21c-f7bdcf327398-groupManagement] WARN  util.FileUtils (LogUtils.java:supplyAndLog(63)) - Failed to Files.newInputStream /home/runner/work/ozone/ozone/hadoop-ozone/integration-test/target/test-dir/MiniOzoneClusterImpl-0d79f430-b8c0-477e-97b7-98e50d733022/ozone-meta/datanode-2/ratis/59bc64b5-f925-4f86-8d61-e71e972c389b/current/raft-meta.conf with options []: java.nio.file.NoSuchFileException: /home/runner/work/ozone/ozone/hadoop-ozone/integration-test/target/test-dir/MiniOzoneClusterImpl-0d79f430-b8c0-477e-97b7-98e50d733022/ozone-meta/datanode-2/ratis/59bc64b5-f925-4f86-8d61-e71e972c389b/current/raft-meta.conf
2024-02-26 09:18:30,303 [f0a2b3de-ed07-43d6-bdce-9d4b8e15ed2c-groupManagement] INFO  server.RaftServer$Division (RaftServerImpl.java:start(396)) - f0a2b3de-ed07-43d6-bdce-9d4b8e15ed2c@group-2BCDD03A106C: start as a follower, conf=-1: peers:[f0a2b3de-ed07-43d6-bdce-9d4b8e15ed2c|10.1.0.30:15032]|listeners:[], old=null
2024-02-26 09:18:30,303 [f0a2b3de-ed07-43d6-bdce-9d4b8e15ed2c-groupManagement] INFO  server.RaftServer$Division (RaftServerImpl.java:setRole(383)) - f0a2b3de-ed07-43d6-bdce-9d4b8e15ed2c@group-2BCDD03A106C: changes role from      null to FOLLOWER at term 0 for startAsFollower
2024-02-26 09:18:30,303 [f0a2b3de-ed07-43d6-bdce-9d4b8e15ed2c-groupManagement] INFO  impl.RoleInfo (RoleInfo.java:updateAndGet(139)) - f0a2b3de-ed07-43d6-bdce-9d4b8e15ed2c: start f0a2b3de-ed07-43d6-bdce-9d4b8e15ed2c@group-2BCDD03A106C-FollowerState
2024-02-26 09:18:30,306 [f0a2b3de-ed07-43d6-bdce-9d4b8e15ed2c-groupManagement] INFO  util.JmxRegister (JmxRegister.java:tryRegister(44)) - Successfully registered JMX Bean with object name Ratis:service=RaftServer,group=group-2BCDD03A106C,id=f0a2b3de-ed07-43d6-bdce-9d4b8e15ed2c
2024-02-26 09:18:30,306 [f0a2b3de-ed07-43d6-bdce-9d4b8e15ed2c-groupManagement] INFO  server.RaftServerConfigKeys (ConfUtils.java:logGet(46)) - raft.server.snapshot.trigger-when-stop.enabled = true (default)
2024-02-26 09:18:30,306 [f0a2b3de-ed07-43d6-bdce-9d4b8e15ed2c-groupManagement] INFO  server.RaftServerConfigKeys (ConfUtils.java:logGet(46)) - raft.server.snapshot.auto.trigger.enabled = true (custom)
2024-02-26 09:18:30,306 [f0a2b3de-ed07-43d6-bdce-9d4b8e15ed2c-groupManagement] INFO  server.RaftServerConfigKeys (ConfUtils.java:logGet(46)) - raft.server.snapshot.auto.trigger.threshold = 10000 (custom)
2024-02-26 09:18:30,306 [f0a2b3de-ed07-43d6-bdce-9d4b8e15ed2c-groupManagement] INFO  server.RaftServerConfigKeys (ConfUtils.java:logGet(46)) - raft.server.snapshot.retention.file.num = 5 (custom)
2024-02-26 09:18:30,306 [f0a2b3de-ed07-43d6-bdce-9d4b8e15ed2c-groupManagement] INFO  server.RaftServerConfigKeys (ConfUtils.java:logGet(46)) - raft.server.log.purge.upto.snapshot.index = false (default)
2024-02-26 09:18:30,307 [f0a2b3de-ed07-43d6-bdce-9d4b8e15ed2c@group-2BCDD03A106C-FollowerState] INFO  server.RaftServerConfigKeys (ConfUtils.java:logFallback(53)) - raft.server.rpc.first-election.timeout.min = 5s (fallback to raft.server.rpc.timeout.min)
2024-02-26 09:18:30,308 [f0a2b3de-ed07-43d6-bdce-9d4b8e15ed2c@group-2BCDD03A106C-FollowerState] INFO  server.RaftServerConfigKeys (ConfUtils.java:logFallback(53)) - raft.server.rpc.first-election.timeout.max = 5200ms (fallback to raft.server.rpc.timeout.max)
2024-02-26 09:18:30,311 [a70c1067-2103-48d8-b21c-f7bdcf327398-groupManagement] INFO  ratis.ContainerStateMachine (ContainerStateMachine.java:loadSnapshot(287)) - group-E71E972C389B: The snapshot info is null. Setting the last applied index to:(t:0, i:~)
2024-02-26 09:18:30,311 [a70c1067-2103-48d8-b21c-f7bdcf327398-groupManagement] INFO  server.RaftServerConfigKeys (ConfUtils.java:logGet(46)) - raft.server.log.use.memory = false (default)
2024-02-26 09:18:30,311 [a70c1067-2103-48d8-b21c-f7bdcf327398-groupManagement] INFO  server.RaftServerConfigKeys (ConfUtils.java:logGet(46)) - raft.server.log.purge.gap = 1000000 (custom)
2024-02-26 09:18:30,311 [a70c1067-2103-48d8-b21c-f7bdcf327398-groupManagement] INFO  server.RaftServerConfigKeys (ConfUtils.java:logGet(46)) - raft.server.log.appender.buffer.byte-limit = 8388608 (custom)
2024-02-26 09:18:30,311 [a70c1067-2103-48d8-b21c-f7bdcf327398-groupManagement] INFO  server.RaftServerConfigKeys (ConfUtils.java:logGet(46)) - raft.server.log.statemachine.data.read.timeout = 1000ms (default)
2024-02-26 09:18:30,311 [a70c1067-2103-48d8-b21c-f7bdcf327398-groupManagement] INFO  server.RaftServerConfigKeys (ConfUtils.java:logGet(46)) - raft.server.log.purge.preservation.log.num = 0 (default)
2024-02-26 09:18:30,312 [EventQueue-OpenPipelineForHealthyPipelineSafeModeRule] INFO  safemode.SCMSafeModeManager (HealthyPipelineSafeModeRule.java:process(140)) - SCM in safe mode. Healthy pipelines reported count is 0, required healthy pipeline reported count is 1
2024-02-26 09:18:30,315 [f0a2b3de-ed07-43d6-bdce-9d4b8e15ed2c-PipelineCommandHandlerThread-0] INFO  ratis.XceiverServerRatis (XceiverServerRatis.java:addGroup(864)) - Created group PipelineID=6895a23e-29dd-40cb-ae31-2bcdd03a106c
2024-02-26 09:18:30,315 [f0a2b3de-ed07-43d6-bdce-9d4b8e15ed2c-PipelineCommandHandlerThread-0] INFO  commandhandler.CreatePipelineCommandHandler (CreatePipelineCommandHandler.java:lambda$handle$2(124)) - Created Pipeline RATIS ONE PipelineID=6895a23e-29dd-40cb-ae31-2bcdd03a106c.
2024-02-26 09:18:30,315 [f0a2b3de-ed07-43d6-bdce-9d4b8e15ed2c-PipelineCommandHandlerThread-0] INFO  server.RaftServer (RaftServerProxy.java:addNew(100)) - f0a2b3de-ed07-43d6-bdce-9d4b8e15ed2c: addNew group-E71E972C389B:[f0a2b3de-ed07-43d6-bdce-9d4b8e15ed2c|10.1.0.30:15032, a70c1067-2103-48d8-b21c-f7bdcf327398|10.1.0.30:15023, 1fc8e30e-bcf6-4a54-bb04-f74c1c9f090e|10.1.0.30:15014] returns group-E71E972C389B:java.util.concurrent.CompletableFuture@47c9834e[Not completed]
2024-02-26 09:18:30,317 [f0a2b3de-ed07-43d6-bdce-9d4b8e15ed2c-groupManagement] INFO  server.RaftServer$Division (RaftServerImpl.java:<init>(256)) - f0a2b3de-ed07-43d6-bdce-9d4b8e15ed2c: new RaftServerImpl for group-E71E972C389B:[f0a2b3de-ed07-43d6-bdce-9d4b8e15ed2c|10.1.0.30:15032, a70c1067-2103-48d8-b21c-f7bdcf327398|10.1.0.30:15023, 1fc8e30e-bcf6-4a54-bb04-f74c1c9f090e|10.1.0.30:15014] with ContainerStateMachine:uninitialized
2024-02-26 09:18:30,317 [f0a2b3de-ed07-43d6-bdce-9d4b8e15ed2c-groupManagement] INFO  server.RaftServerConfigKeys (ConfUtils.java:logGet(46)) - raft.server.rpc.timeout.min = 5s (custom)
2024-02-26 09:18:30,317 [f0a2b3de-ed07-43d6-bdce-9d4b8e15ed2c-groupManagement] INFO  server.RaftServerConfigKeys (ConfUtils.java:logGet(46)) - raft.server.rpc.timeout.max = 5200ms (custom)
2024-02-26 09:18:30,317 [f0a2b3de-ed07-43d6-bdce-9d4b8e15ed2c-groupManagement] INFO  server.RaftServerConfigKeys (ConfUtils.java:logGet(46)) - raft.server.rpc.sleep.time = 25ms (default)
2024-02-26 09:18:30,317 [f0a2b3de-ed07-43d6-bdce-9d4b8e15ed2c-groupManagement] INFO  server.RaftServerConfigKeys (ConfUtils.java:logGet(46)) - raft.server.rpc.slowness.timeout = 300s (custom)
2024-02-26 09:18:30,317 [f0a2b3de-ed07-43d6-bdce-9d4b8e15ed2c-groupManagement] INFO  server.RaftServerConfigKeys (ConfUtils.java:logGet(46)) - raft.server.leaderelection.leader.step-down.wait-time = 10s (default)
2024-02-26 09:18:30,317 [f0a2b3de-ed07-43d6-bdce-9d4b8e15ed2c-groupManagement] INFO  server.RaftServerConfigKeys (ConfUtils.java:logGet(46)) - raft.server.leaderelection.member.majority-add = false (default)
2024-02-26 09:18:30,317 [f0a2b3de-ed07-43d6-bdce-9d4b8e15ed2c-groupManagement] INFO  server.RaftServerConfigKeys (ConfUtils.java:logGet(46)) - raft.server.sleep.deviation.threshold = 300ms (default)
2024-02-26 09:18:30,317 [f0a2b3de-ed07-43d6-bdce-9d4b8e15ed2c-groupManagement] INFO  server.RaftServer$Division (ServerState.java:<init>(113)) - f0a2b3de-ed07-43d6-bdce-9d4b8e15ed2c@group-E71E972C389B: ConfigurationManager, init=-1: peers:[f0a2b3de-ed07-43d6-bdce-9d4b8e15ed2c|10.1.0.30:15032, a70c1067-2103-48d8-b21c-f7bdcf327398|10.1.0.30:15023, 1fc8e30e-bcf6-4a54-bb04-f74c1c9f090e|10.1.0.30:15014]|listeners:[], old=null, confs=<EMPTY_MAP>
2024-02-26 09:18:30,317 [f0a2b3de-ed07-43d6-bdce-9d4b8e15ed2c-groupManagement] INFO  server.RaftServerConfigKeys (ConfUtils.java:logGet(46)) - raft.server.notification.no-leader.timeout = 300s (custom)
2024-02-26 09:18:30,317 [f0a2b3de-ed07-43d6-bdce-9d4b8e15ed2c-groupManagement] INFO  server.RaftServerConfigKeys (ConfUtils.java:logGet(46)) - raft.server.read.timeout = 10s (default)
2024-02-26 09:18:30,318 [f0a2b3de-ed07-43d6-bdce-9d4b8e15ed2c-groupManagement] INFO  server.RaftServerConfigKeys (ConfUtils.java:logGet(46)) - raft.server.retrycache.expirytime = 600000ms (custom)
2024-02-26 09:18:30,318 [f0a2b3de-ed07-43d6-bdce-9d4b8e15ed2c-groupManagement] INFO  server.RaftServerConfigKeys (ConfUtils.java:logGet(46)) - raft.server.retrycache.statistics.expirytime = 100ms (default)
2024-02-26 09:18:30,318 [a70c1067-2103-48d8-b21c-f7bdcf327398-groupManagement] INFO  server.RaftServerConfigKeys (ConfUtils.java:logGet(46)) - raft.server.log.segment.size.max = 67108864 (custom)
2024-02-26 09:18:30,318 [f0a2b3de-ed07-43d6-bdce-9d4b8e15ed2c-groupManagement] INFO  server.RaftServerConfigKeys (ConfUtils.java:logGet(46)) - raft.server.read.option = DEFAULT (default)
2024-02-26 09:18:30,318 [f0a2b3de-ed07-43d6-bdce-9d4b8e15ed2c-groupManagement] INFO  server.RaftServerConfigKeys (ConfUtils.java:logGet(46)) - raft.server.read.read-after-write-consistent.write-index-cache.expiry-time = 60s (default)
2024-02-26 09:18:30,319 [a70c1067-2103-48d8-b21c-f7bdcf327398-groupManagement] INFO  server.RaftServerConfigKeys (ConfUtils.java:logGet(46)) - raft.server.log.segment.cache.num.max = 2 (custom)
2024-02-26 09:18:30,319 [a70c1067-2103-48d8-b21c-f7bdcf327398-groupManagement] INFO  server.RaftServerConfigKeys (ConfUtils.java:logGet(46)) - raft.server.log.segment.cache.size.max = 200MB (=209715200) (default)
2024-02-26 09:18:30,319 [a70c1067-2103-48d8-b21c-f7bdcf327398-groupManagement] INFO  server.RaftServerConfigKeys (ConfUtils.java:logGet(46)) - raft.server.log.appender.buffer.byte-limit = 8388608 (custom)
2024-02-26 09:18:30,325 [a70c1067-2103-48d8-b21c-f7bdcf327398-groupManagement] INFO  util.AwaitToRun (AwaitToRun.java:start(81)) - Thread[a70c1067-2103-48d8-b21c-f7bdcf327398@group-E71E972C389B-cacheEviction-AwaitToRun,5,main] started
2024-02-26 09:18:30,325 [a70c1067-2103-48d8-b21c-f7bdcf327398-groupManagement] INFO  segmented.SegmentedRaftLogWorker (SegmentedRaftLogWorker.java:<init>(182)) - new a70c1067-2103-48d8-b21c-f7bdcf327398@group-E71E972C389B-SegmentedRaftLogWorker for RaftStorageImpl:Storage Directory /home/runner/work/ozone/ozone/hadoop-ozone/integration-test/target/test-dir/MiniOzoneClusterImpl-0d79f430-b8c0-477e-97b7-98e50d733022/ozone-meta/datanode-2/ratis/59bc64b5-f925-4f86-8d61-e71e972c389b
2024-02-26 09:18:30,325 [a70c1067-2103-48d8-b21c-f7bdcf327398-groupManagement] INFO  server.RaftServerConfigKeys (ConfUtils.java:logGet(46)) - raft.server.log.queue.byte-limit = 4294967296 (custom)
2024-02-26 09:18:30,325 [a70c1067-2103-48d8-b21c-f7bdcf327398-groupManagement] INFO  server.RaftServerConfigKeys (ConfUtils.java:logGet(46)) - raft.server.log.queue.element-limit = 1024 (custom)
2024-02-26 09:18:30,325 [a70c1067-2103-48d8-b21c-f7bdcf327398-groupManagement] INFO  server.RaftServerConfigKeys (ConfUtils.java:logGet(46)) - raft.server.log.segment.size.max = 67108864 (custom)
2024-02-26 09:18:30,325 [a70c1067-2103-48d8-b21c-f7bdcf327398-groupManagement] INFO  server.RaftServerConfigKeys (ConfUtils.java:logGet(46)) - raft.server.log.preallocated.size = 4194304 (custom)
2024-02-26 09:18:30,325 [a70c1067-2103-48d8-b21c-f7bdcf327398-groupManagement] INFO  server.RaftServerConfigKeys (ConfUtils.java:logGet(46)) - raft.server.log.force.sync.num = 128 (default)
2024-02-26 09:18:30,325 [a70c1067-2103-48d8-b21c-f7bdcf327398-groupManagement] INFO  server.RaftServerConfigKeys (ConfUtils.java:logGet(46)) - raft.server.log.statemachine.data.sync = true (default)
2024-02-26 09:18:30,325 [a70c1067-2103-48d8-b21c-f7bdcf327398-groupManagement] INFO  server.RaftServerConfigKeys (ConfUtils.java:logGet(46)) - raft.server.log.statemachine.data.sync.timeout = 10s (default)
2024-02-26 09:18:30,325 [f0a2b3de-ed07-43d6-bdce-9d4b8e15ed2c-groupManagement] INFO  server.RaftServerConfigKeys (ConfUtils.java:logGet(46)) - raft.server.rpc.request.timeout = 60s (custom)
2024-02-26 09:18:30,325 [a70c1067-2103-48d8-b21c-f7bdcf327398-groupManagement] INFO  server.RaftServerConfigKeys (ConfUtils.java:logGet(46)) - raft.server.log.statemachine.data.sync.timeout.retry = 0 (custom)
2024-02-26 09:18:30,332 [a70c1067-2103-48d8-b21c-f7bdcf327398-groupManagement] INFO  server.RaftServerConfigKeys (ConfUtils.java:logGet(46)) - raft.server.log.write.buffer.size = 8388616 (custom)
2024-02-26 09:18:30,333 [a70c1067-2103-48d8-b21c-f7bdcf327398-groupManagement] INFO  server.RaftServerConfigKeys (ConfUtils.java:logGet(46)) - raft.server.log.appender.buffer.byte-limit = 8388608 (custom)
2024-02-26 09:18:30,333 [a70c1067-2103-48d8-b21c-f7bdcf327398-groupManagement] INFO  server.RaftServerConfigKeys (ConfUtils.java:logGet(46)) - raft.server.log.unsafe-flush.enabled = false (default)
2024-02-26 09:18:30,333 [a70c1067-2103-48d8-b21c-f7bdcf327398-groupManagement] INFO  server.RaftServerConfigKeys (ConfUtils.java:logGet(46)) - raft.server.log.async-flush.enabled = false (default)
2024-02-26 09:18:30,333 [a70c1067-2103-48d8-b21c-f7bdcf327398-groupManagement] INFO  server.RaftServerConfigKeys (ConfUtils.java:logGet(46)) - raft.server.log.statemachine.data.caching.enabled = true (custom)
2024-02-26 09:18:30,334 [a70c1067-2103-48d8-b21c-f7bdcf327398-groupManagement] INFO  segmented.SegmentedRaftLogWorker (SegmentedRaftLogWorker.java:lambda$new$0(134)) - a70c1067-2103-48d8-b21c-f7bdcf327398@group-E71E972C389B-SegmentedRaftLogWorker: flushIndex: setUnconditionally 0 -> -1
2024-02-26 09:18:30,334 [a70c1067-2103-48d8-b21c-f7bdcf327398-groupManagement] INFO  segmented.SegmentedRaftLogWorker (SegmentedRaftLogWorker.java:lambda$new$0(134)) - a70c1067-2103-48d8-b21c-f7bdcf327398@group-E71E972C389B-SegmentedRaftLogWorker: safeCacheEvictIndex: setUnconditionally 0 -> -1
2024-02-26 09:18:30,337 [f0a2b3de-ed07-43d6-bdce-9d4b8e15ed2c-groupManagement] INFO  server.RaftServerConfigKeys (ConfUtils.java:logGet(46)) - raft.server.log.appender.install.snapshot.enabled = false (custom)
2024-02-26 09:18:30,337 [f0a2b3de-ed07-43d6-bdce-9d4b8e15ed2c-groupManagement] INFO  server.RaftServerConfigKeys (ConfUtils.java:logGet(46)) - raft.server.threadpool.server.cached = true (default)
2024-02-26 09:18:30,337 [f0a2b3de-ed07-43d6-bdce-9d4b8e15ed2c-groupManagement] INFO  server.RaftServerConfigKeys (ConfUtils.java:logGet(46)) - raft.server.threadpool.server.size = 0 (default)
2024-02-26 09:18:30,338 [f0a2b3de-ed07-43d6-bdce-9d4b8e15ed2c-groupManagement] INFO  server.RaftServerConfigKeys (ConfUtils.java:logGet(46)) - raft.server.threadpool.client.cached = true (default)
2024-02-26 09:18:30,338 [f0a2b3de-ed07-43d6-bdce-9d4b8e15ed2c-groupManagement] INFO  server.RaftServerConfigKeys (ConfUtils.java:logGet(46)) - raft.server.threadpool.client.size = 0 (default)
2024-02-26 09:18:30,338 [f0a2b3de-ed07-43d6-bdce-9d4b8e15ed2c-groupManagement] INFO  server.RaftServerConfigKeys (ConfUtils.java:logGet(46)) - raft.server.storage.free-space.min = 0MB (=0) (default)
2024-02-26 09:18:30,339 [f0a2b3de-ed07-43d6-bdce-9d4b8e15ed2c-groupManagement] INFO  server.RaftServerConfigKeys (ConfUtils.java:logGet(46)) - raft.server.log.corruption.policy = EXCEPTION (default)
2024-02-26 09:18:30,339 [f0a2b3de-ed07-43d6-bdce-9d4b8e15ed2c-groupManagement] INFO  server.RaftServerConfigKeys (ConfUtils.java:logGet(46)) - raft.server.storage.dir = [/home/runner/work/ozone/ozone/hadoop-ozone/integration-test/target/test-dir/MiniOzoneClusterImpl-0d79f430-b8c0-477e-97b7-98e50d733022/ozone-meta/datanode-3/ratis] (custom)
2024-02-26 09:18:30,340 [f0a2b3de-ed07-43d6-bdce-9d4b8e15ed2c-groupManagement] INFO  storage.RaftStorageDirectory (RaftStorageDirectoryImpl.java:analyzeStorage(138)) - The storage directory /home/runner/work/ozone/ozone/hadoop-ozone/integration-test/target/test-dir/MiniOzoneClusterImpl-0d79f430-b8c0-477e-97b7-98e50d733022/ozone-meta/datanode-3/ratis/59bc64b5-f925-4f86-8d61-e71e972c389b does not exist. Creating ...
2024-02-26 09:18:30,342 [f0a2b3de-ed07-43d6-bdce-9d4b8e15ed2c-groupManagement] INFO  storage.RaftStorageDirectory (RaftStorageDirectoryImpl.java:tryLock(228)) - Lock on /home/runner/work/ozone/ozone/hadoop-ozone/integration-test/target/test-dir/MiniOzoneClusterImpl-0d79f430-b8c0-477e-97b7-98e50d733022/ozone-meta/datanode-3/ratis/59bc64b5-f925-4f86-8d61-e71e972c389b/in_use.lock acquired by nodename 86312@fv-az1109-796
2024-02-26 09:18:30,343 [a70c1067-2103-48d8-b21c-f7bdcf327398-groupManagement] INFO  server.RaftServer$Division (RaftServerImpl.java:start(396)) - a70c1067-2103-48d8-b21c-f7bdcf327398@group-E71E972C389B: start as a follower, conf=-1: peers:[f0a2b3de-ed07-43d6-bdce-9d4b8e15ed2c|10.1.0.30:15032, a70c1067-2103-48d8-b21c-f7bdcf327398|10.1.0.30:15023, 1fc8e30e-bcf6-4a54-bb04-f74c1c9f090e|10.1.0.30:15014]|listeners:[], old=null
2024-02-26 09:18:30,343 [a70c1067-2103-48d8-b21c-f7bdcf327398-groupManagement] INFO  server.RaftServer$Division (RaftServerImpl.java:setRole(383)) - a70c1067-2103-48d8-b21c-f7bdcf327398@group-E71E972C389B: changes role from      null to FOLLOWER at term 0 for startAsFollower
2024-02-26 09:18:30,343 [a70c1067-2103-48d8-b21c-f7bdcf327398-groupManagement] INFO  impl.RoleInfo (RoleInfo.java:updateAndGet(139)) - a70c1067-2103-48d8-b21c-f7bdcf327398: start a70c1067-2103-48d8-b21c-f7bdcf327398@group-E71E972C389B-FollowerState
2024-02-26 09:18:30,344 [f0a2b3de-ed07-43d6-bdce-9d4b8e15ed2c-groupManagement] INFO  storage.RaftStorage (RaftStorageImpl.java:format(99)) - Storage directory /home/runner/work/ozone/ozone/hadoop-ozone/integration-test/target/test-dir/MiniOzoneClusterImpl-0d79f430-b8c0-477e-97b7-98e50d733022/ozone-meta/datanode-3/ratis/59bc64b5-f925-4f86-8d61-e71e972c389b has been successfully formatted.
2024-02-26 09:18:30,344 [f0a2b3de-ed07-43d6-bdce-9d4b8e15ed2c-groupManagement] WARN  util.FileUtils (LogUtils.java:supplyAndLog(63)) - Failed to Files.newInputStream /home/runner/work/ozone/ozone/hadoop-ozone/integration-test/target/test-dir/MiniOzoneClusterImpl-0d79f430-b8c0-477e-97b7-98e50d733022/ozone-meta/datanode-3/ratis/59bc64b5-f925-4f86-8d61-e71e972c389b/current/raft-meta.conf with options []: java.nio.file.NoSuchFileException: /home/runner/work/ozone/ozone/hadoop-ozone/integration-test/target/test-dir/MiniOzoneClusterImpl-0d79f430-b8c0-477e-97b7-98e50d733022/ozone-meta/datanode-3/ratis/59bc64b5-f925-4f86-8d61-e71e972c389b/current/raft-meta.conf
2024-02-26 09:18:30,354 [a70c1067-2103-48d8-b21c-f7bdcf327398@group-E71E972C389B-FollowerState] INFO  server.RaftServerConfigKeys (ConfUtils.java:logFallback(53)) - raft.server.rpc.first-election.timeout.min = 5s (fallback to raft.server.rpc.timeout.min)
2024-02-26 09:18:30,354 [f0a2b3de-ed07-43d6-bdce-9d4b8e15ed2c-groupManagement] INFO  ratis.ContainerStateMachine (ContainerStateMachine.java:loadSnapshot(287)) - group-E71E972C389B: The snapshot info is null. Setting the last applied index to:(t:0, i:~)
2024-02-26 09:18:30,354 [a70c1067-2103-48d8-b21c-f7bdcf327398-groupManagement] INFO  util.JmxRegister (JmxRegister.java:tryRegister(44)) - Successfully registered JMX Bean with object name Ratis:service=RaftServer,group=group-E71E972C389B,id=a70c1067-2103-48d8-b21c-f7bdcf327398
2024-02-26 09:18:30,354 [a70c1067-2103-48d8-b21c-f7bdcf327398-groupManagement] INFO  server.RaftServerConfigKeys (ConfUtils.java:logGet(46)) - raft.server.snapshot.trigger-when-stop.enabled = true (default)
2024-02-26 09:18:30,354 [a70c1067-2103-48d8-b21c-f7bdcf327398-groupManagement] INFO  server.RaftServerConfigKeys (ConfUtils.java:logGet(46)) - raft.server.snapshot.auto.trigger.enabled = true (custom)
2024-02-26 09:18:30,354 [a70c1067-2103-48d8-b21c-f7bdcf327398-groupManagement] INFO  server.RaftServerConfigKeys (ConfUtils.java:logGet(46)) - raft.server.snapshot.auto.trigger.threshold = 10000 (custom)
2024-02-26 09:18:30,354 [a70c1067-2103-48d8-b21c-f7bdcf327398-groupManagement] INFO  server.RaftServerConfigKeys (ConfUtils.java:logGet(46)) - raft.server.snapshot.retention.file.num = 5 (custom)
2024-02-26 09:18:30,354 [a70c1067-2103-48d8-b21c-f7bdcf327398-groupManagement] INFO  server.RaftServerConfigKeys (ConfUtils.java:logGet(46)) - raft.server.log.purge.upto.snapshot.index = false (default)
2024-02-26 09:18:30,354 [f0a2b3de-ed07-43d6-bdce-9d4b8e15ed2c-groupManagement] INFO  server.RaftServerConfigKeys (ConfUtils.java:logGet(46)) - raft.server.log.use.memory = false (default)
2024-02-26 09:18:30,355 [f0a2b3de-ed07-43d6-bdce-9d4b8e15ed2c-groupManagement] INFO  server.RaftServerConfigKeys (ConfUtils.java:logGet(46)) - raft.server.log.purge.gap = 1000000 (custom)
2024-02-26 09:18:30,355 [f0a2b3de-ed07-43d6-bdce-9d4b8e15ed2c-groupManagement] INFO  server.RaftServerConfigKeys (ConfUtils.java:logGet(46)) - raft.server.log.appender.buffer.byte-limit = 8388608 (custom)
2024-02-26 09:18:30,355 [f0a2b3de-ed07-43d6-bdce-9d4b8e15ed2c-groupManagement] INFO  server.RaftServerConfigKeys (ConfUtils.java:logGet(46)) - raft.server.log.statemachine.data.read.timeout = 1000ms (default)
2024-02-26 09:18:30,355 [f0a2b3de-ed07-43d6-bdce-9d4b8e15ed2c-groupManagement] INFO  server.RaftServerConfigKeys (ConfUtils.java:logGet(46)) - raft.server.log.purge.preservation.log.num = 0 (default)
2024-02-26 09:18:30,357 [EventQueue-OpenPipelineForHealthyPipelineSafeModeRule] INFO  safemode.SCMSafeModeManager (HealthyPipelineSafeModeRule.java:process(140)) - SCM in safe mode. Healthy pipelines reported count is 0, required healthy pipeline reported count is 1
2024-02-26 09:18:30,359 [f0a2b3de-ed07-43d6-bdce-9d4b8e15ed2c-groupManagement] INFO  server.RaftServerConfigKeys (ConfUtils.java:logGet(46)) - raft.server.log.segment.size.max = 67108864 (custom)
2024-02-26 09:18:30,354 [a70c1067-2103-48d8-b21c-f7bdcf327398@group-E71E972C389B-FollowerState] INFO  server.RaftServerConfigKeys (ConfUtils.java:logFallback(53)) - raft.server.rpc.first-election.timeout.max = 5200ms (fallback to raft.server.rpc.timeout.max)
2024-02-26 09:18:30,360 [f0a2b3de-ed07-43d6-bdce-9d4b8e15ed2c-groupManagement] INFO  server.RaftServerConfigKeys (ConfUtils.java:logGet(46)) - raft.server.log.segment.cache.num.max = 2 (custom)
2024-02-26 09:18:30,360 [f0a2b3de-ed07-43d6-bdce-9d4b8e15ed2c-groupManagement] INFO  server.RaftServerConfigKeys (ConfUtils.java:logGet(46)) - raft.server.log.segment.cache.size.max = 200MB (=209715200) (default)
2024-02-26 09:18:30,361 [f0a2b3de-ed07-43d6-bdce-9d4b8e15ed2c-groupManagement] INFO  server.RaftServerConfigKeys (ConfUtils.java:logGet(46)) - raft.server.log.appender.buffer.byte-limit = 8388608 (custom)
2024-02-26 09:18:30,363 [a70c1067-2103-48d8-b21c-f7bdcf327398-PipelineCommandHandlerThread-0] INFO  ratis.XceiverServerRatis (XceiverServerRatis.java:addGroup(864)) - Created group PipelineID=59bc64b5-f925-4f86-8d61-e71e972c389b
2024-02-26 09:18:30,363 [f0a2b3de-ed07-43d6-bdce-9d4b8e15ed2c-groupManagement] INFO  util.AwaitToRun (AwaitToRun.java:start(81)) - Thread[f0a2b3de-ed07-43d6-bdce-9d4b8e15ed2c@group-E71E972C389B-cacheEviction-AwaitToRun,5,main] started
2024-02-26 09:18:30,363 [f0a2b3de-ed07-43d6-bdce-9d4b8e15ed2c-groupManagement] INFO  segmented.SegmentedRaftLogWorker (SegmentedRaftLogWorker.java:<init>(182)) - new f0a2b3de-ed07-43d6-bdce-9d4b8e15ed2c@group-E71E972C389B-SegmentedRaftLogWorker for RaftStorageImpl:Storage Directory /home/runner/work/ozone/ozone/hadoop-ozone/integration-test/target/test-dir/MiniOzoneClusterImpl-0d79f430-b8c0-477e-97b7-98e50d733022/ozone-meta/datanode-3/ratis/59bc64b5-f925-4f86-8d61-e71e972c389b
2024-02-26 09:18:30,363 [f0a2b3de-ed07-43d6-bdce-9d4b8e15ed2c-groupManagement] INFO  server.RaftServerConfigKeys (ConfUtils.java:logGet(46)) - raft.server.log.queue.byte-limit = 4294967296 (custom)
2024-02-26 09:18:30,364 [f0a2b3de-ed07-43d6-bdce-9d4b8e15ed2c-groupManagement] INFO  server.RaftServerConfigKeys (ConfUtils.java:logGet(46)) - raft.server.log.queue.element-limit = 1024 (custom)
2024-02-26 09:18:30,364 [f0a2b3de-ed07-43d6-bdce-9d4b8e15ed2c-groupManagement] INFO  server.RaftServerConfigKeys (ConfUtils.java:logGet(46)) - raft.server.log.segment.size.max = 67108864 (custom)
2024-02-26 09:18:30,364 [f0a2b3de-ed07-43d6-bdce-9d4b8e15ed2c-groupManagement] INFO  server.RaftServerConfigKeys (ConfUtils.java:logGet(46)) - raft.server.log.preallocated.size = 4194304 (custom)
2024-02-26 09:18:30,364 [f0a2b3de-ed07-43d6-bdce-9d4b8e15ed2c-groupManagement] INFO  server.RaftServerConfigKeys (ConfUtils.java:logGet(46)) - raft.server.log.force.sync.num = 128 (default)
2024-02-26 09:18:30,364 [f0a2b3de-ed07-43d6-bdce-9d4b8e15ed2c-groupManagement] INFO  server.RaftServerConfigKeys (ConfUtils.java:logGet(46)) - raft.server.log.statemachine.data.sync = true (default)
2024-02-26 09:18:30,364 [f0a2b3de-ed07-43d6-bdce-9d4b8e15ed2c-groupManagement] INFO  server.RaftServerConfigKeys (ConfUtils.java:logGet(46)) - raft.server.log.statemachine.data.sync.timeout = 10s (default)
2024-02-26 09:18:30,364 [f0a2b3de-ed07-43d6-bdce-9d4b8e15ed2c-groupManagement] INFO  server.RaftServerConfigKeys (ConfUtils.java:logGet(46)) - raft.server.log.statemachine.data.sync.timeout.retry = 0 (custom)
2024-02-26 09:18:30,368 [f0a2b3de-ed07-43d6-bdce-9d4b8e15ed2c-groupManagement] INFO  server.RaftServerConfigKeys (ConfUtils.java:logGet(46)) - raft.server.log.write.buffer.size = 8388616 (custom)
2024-02-26 09:18:30,375 [f0a2b3de-ed07-43d6-bdce-9d4b8e15ed2c-groupManagement] INFO  server.RaftServerConfigKeys (ConfUtils.java:logGet(46)) - raft.server.log.appender.buffer.byte-limit = 8388608 (custom)
2024-02-26 09:18:30,375 [f0a2b3de-ed07-43d6-bdce-9d4b8e15ed2c-groupManagement] INFO  server.RaftServerConfigKeys (ConfUtils.java:logGet(46)) - raft.server.log.unsafe-flush.enabled = false (default)
2024-02-26 09:18:30,376 [f0a2b3de-ed07-43d6-bdce-9d4b8e15ed2c-groupManagement] INFO  server.RaftServerConfigKeys (ConfUtils.java:logGet(46)) - raft.server.log.async-flush.enabled = false (default)
2024-02-26 09:18:30,376 [f0a2b3de-ed07-43d6-bdce-9d4b8e15ed2c-groupManagement] INFO  server.RaftServerConfigKeys (ConfUtils.java:logGet(46)) - raft.server.log.statemachine.data.caching.enabled = true (custom)
2024-02-26 09:18:30,377 [f0a2b3de-ed07-43d6-bdce-9d4b8e15ed2c-groupManagement] INFO  segmented.SegmentedRaftLogWorker (SegmentedRaftLogWorker.java:lambda$new$0(134)) - f0a2b3de-ed07-43d6-bdce-9d4b8e15ed2c@group-E71E972C389B-SegmentedRaftLogWorker: flushIndex: setUnconditionally 0 -> -1
2024-02-26 09:18:30,377 [f0a2b3de-ed07-43d6-bdce-9d4b8e15ed2c-groupManagement] INFO  segmented.SegmentedRaftLogWorker (SegmentedRaftLogWorker.java:lambda$new$0(134)) - f0a2b3de-ed07-43d6-bdce-9d4b8e15ed2c@group-E71E972C389B-SegmentedRaftLogWorker: safeCacheEvictIndex: setUnconditionally 0 -> -1
2024-02-26 09:18:30,377 [f0a2b3de-ed07-43d6-bdce-9d4b8e15ed2c-groupManagement] INFO  server.RaftServer$Division (RaftServerImpl.java:start(396)) - f0a2b3de-ed07-43d6-bdce-9d4b8e15ed2c@group-E71E972C389B: start as a follower, conf=-1: peers:[f0a2b3de-ed07-43d6-bdce-9d4b8e15ed2c|10.1.0.30:15032, a70c1067-2103-48d8-b21c-f7bdcf327398|10.1.0.30:15023, 1fc8e30e-bcf6-4a54-bb04-f74c1c9f090e|10.1.0.30:15014]|listeners:[], old=null
2024-02-26 09:18:30,377 [f0a2b3de-ed07-43d6-bdce-9d4b8e15ed2c-groupManagement] INFO  server.RaftServer$Division (RaftServerImpl.java:setRole(383)) - f0a2b3de-ed07-43d6-bdce-9d4b8e15ed2c@group-E71E972C389B: changes role from      null to FOLLOWER at term 0 for startAsFollower
2024-02-26 09:18:30,378 [f0a2b3de-ed07-43d6-bdce-9d4b8e15ed2c-groupManagement] INFO  impl.RoleInfo (RoleInfo.java:updateAndGet(139)) - f0a2b3de-ed07-43d6-bdce-9d4b8e15ed2c: start f0a2b3de-ed07-43d6-bdce-9d4b8e15ed2c@group-E71E972C389B-FollowerState
2024-02-26 09:18:30,378 [f0a2b3de-ed07-43d6-bdce-9d4b8e15ed2c-groupManagement] INFO  util.JmxRegister (JmxRegister.java:tryRegister(44)) - Successfully registered JMX Bean with object name Ratis:service=RaftServer,group=group-E71E972C389B,id=f0a2b3de-ed07-43d6-bdce-9d4b8e15ed2c
2024-02-26 09:18:30,378 [f0a2b3de-ed07-43d6-bdce-9d4b8e15ed2c-groupManagement] INFO  server.RaftServerConfigKeys (ConfUtils.java:logGet(46)) - raft.server.snapshot.trigger-when-stop.enabled = true (default)
2024-02-26 09:18:30,378 [f0a2b3de-ed07-43d6-bdce-9d4b8e15ed2c-groupManagement] INFO  server.RaftServerConfigKeys (ConfUtils.java:logGet(46)) - raft.server.snapshot.auto.trigger.enabled = true (custom)
2024-02-26 09:18:30,378 [f0a2b3de-ed07-43d6-bdce-9d4b8e15ed2c-groupManagement] INFO  server.RaftServerConfigKeys (ConfUtils.java:logGet(46)) - raft.server.snapshot.auto.trigger.threshold = 10000 (custom)
2024-02-26 09:18:30,378 [f0a2b3de-ed07-43d6-bdce-9d4b8e15ed2c-groupManagement] INFO  server.RaftServerConfigKeys (ConfUtils.java:logGet(46)) - raft.server.snapshot.retention.file.num = 5 (custom)
2024-02-26 09:18:30,379 [f0a2b3de-ed07-43d6-bdce-9d4b8e15ed2c-groupManagement] INFO  server.RaftServerConfigKeys (ConfUtils.java:logGet(46)) - raft.server.log.purge.upto.snapshot.index = false (default)
2024-02-26 09:18:30,388 [f0a2b3de-ed07-43d6-bdce-9d4b8e15ed2c@group-E71E972C389B-FollowerState] INFO  server.RaftServerConfigKeys (ConfUtils.java:logFallback(53)) - raft.server.rpc.first-election.timeout.min = 5s (fallback to raft.server.rpc.timeout.min)
2024-02-26 09:18:30,388 [f0a2b3de-ed07-43d6-bdce-9d4b8e15ed2c@group-E71E972C389B-FollowerState] INFO  server.RaftServerConfigKeys (ConfUtils.java:logFallback(53)) - raft.server.rpc.first-election.timeout.max = 5200ms (fallback to raft.server.rpc.timeout.max)
2024-02-26 09:18:30,393 [f0a2b3de-ed07-43d6-bdce-9d4b8e15ed2c-PipelineCommandHandlerThread-0] INFO  ratis.XceiverServerRatis (XceiverServerRatis.java:addGroup(864)) - Created group PipelineID=59bc64b5-f925-4f86-8d61-e71e972c389b
2024-02-26 09:18:30,421 [805285a9-14be-4ba5-9516-049ed8f85315-PipelineCommandHandlerThread-0] INFO  server.RaftServer (RaftServerProxy.java:addNew(100)) - 805285a9-14be-4ba5-9516-049ed8f85315: addNew group-744B58B2B914:[805285a9-14be-4ba5-9516-049ed8f85315|10.1.0.30:15041] returns group-744B58B2B914:java.util.concurrent.CompletableFuture@332fedfb[Not completed]
2024-02-26 09:18:30,421 [805285a9-14be-4ba5-9516-049ed8f85315-groupManagement] INFO  server.RaftServer$Division (RaftServerImpl.java:<init>(256)) - 805285a9-14be-4ba5-9516-049ed8f85315: new RaftServerImpl for group-744B58B2B914:[805285a9-14be-4ba5-9516-049ed8f85315|10.1.0.30:15041] with ContainerStateMachine:uninitialized
2024-02-26 09:18:30,422 [805285a9-14be-4ba5-9516-049ed8f85315-groupManagement] INFO  server.RaftServerConfigKeys (ConfUtils.java:logGet(46)) - raft.server.rpc.timeout.min = 5s (custom)
2024-02-26 09:18:30,422 [805285a9-14be-4ba5-9516-049ed8f85315-groupManagement] INFO  server.RaftServerConfigKeys (ConfUtils.java:logGet(46)) - raft.server.rpc.timeout.max = 5200ms (custom)
2024-02-26 09:18:30,422 [805285a9-14be-4ba5-9516-049ed8f85315-groupManagement] INFO  server.RaftServerConfigKeys (ConfUtils.java:logGet(46)) - raft.server.rpc.sleep.time = 25ms (default)
2024-02-26 09:18:30,422 [805285a9-14be-4ba5-9516-049ed8f85315-groupManagement] INFO  server.RaftServerConfigKeys (ConfUtils.java:logGet(46)) - raft.server.rpc.slowness.timeout = 300s (custom)
2024-02-26 09:18:30,422 [805285a9-14be-4ba5-9516-049ed8f85315-groupManagement] INFO  server.RaftServerConfigKeys (ConfUtils.java:logGet(46)) - raft.server.leaderelection.leader.step-down.wait-time = 10s (default)
2024-02-26 09:18:30,422 [805285a9-14be-4ba5-9516-049ed8f85315-groupManagement] INFO  server.RaftServerConfigKeys (ConfUtils.java:logGet(46)) - raft.server.leaderelection.member.majority-add = false (default)
2024-02-26 09:18:30,422 [805285a9-14be-4ba5-9516-049ed8f85315-groupManagement] INFO  server.RaftServerConfigKeys (ConfUtils.java:logGet(46)) - raft.server.sleep.deviation.threshold = 300ms (default)
2024-02-26 09:18:30,422 [805285a9-14be-4ba5-9516-049ed8f85315-groupManagement] INFO  server.RaftServer$Division (ServerState.java:<init>(113)) - 805285a9-14be-4ba5-9516-049ed8f85315@group-744B58B2B914: ConfigurationManager, init=-1: peers:[805285a9-14be-4ba5-9516-049ed8f85315|10.1.0.30:15041]|listeners:[], old=null, confs=<EMPTY_MAP>
2024-02-26 09:18:30,422 [805285a9-14be-4ba5-9516-049ed8f85315-groupManagement] INFO  server.RaftServerConfigKeys (ConfUtils.java:logGet(46)) - raft.server.notification.no-leader.timeout = 300s (custom)
2024-02-26 09:18:30,423 [805285a9-14be-4ba5-9516-049ed8f85315-groupManagement] INFO  server.RaftServerConfigKeys (ConfUtils.java:logGet(46)) - raft.server.read.timeout = 10s (default)
2024-02-26 09:18:30,423 [805285a9-14be-4ba5-9516-049ed8f85315-groupManagement] INFO  server.RaftServerConfigKeys (ConfUtils.java:logGet(46)) - raft.server.retrycache.expirytime = 600000ms (custom)
2024-02-26 09:18:30,423 [805285a9-14be-4ba5-9516-049ed8f85315-groupManagement] INFO  server.RaftServerConfigKeys (ConfUtils.java:logGet(46)) - raft.server.retrycache.statistics.expirytime = 100ms (default)
2024-02-26 09:18:30,423 [805285a9-14be-4ba5-9516-049ed8f85315-groupManagement] INFO  server.RaftServerConfigKeys (ConfUtils.java:logGet(46)) - raft.server.read.option = DEFAULT (default)
2024-02-26 09:18:30,423 [805285a9-14be-4ba5-9516-049ed8f85315-groupManagement] INFO  server.RaftServerConfigKeys (ConfUtils.java:logGet(46)) - raft.server.read.read-after-write-consistent.write-index-cache.expiry-time = 60s (default)
2024-02-26 09:18:30,435 [805285a9-14be-4ba5-9516-049ed8f85315-groupManagement] INFO  server.RaftServerConfigKeys (ConfUtils.java:logGet(46)) - raft.server.rpc.request.timeout = 60s (custom)
2024-02-26 09:18:30,437 [805285a9-14be-4ba5-9516-049ed8f85315-groupManagement] INFO  server.RaftServerConfigKeys (ConfUtils.java:logGet(46)) - raft.server.log.appender.install.snapshot.enabled = false (custom)
2024-02-26 09:18:30,437 [805285a9-14be-4ba5-9516-049ed8f85315-groupManagement] INFO  server.RaftServerConfigKeys (ConfUtils.java:logGet(46)) - raft.server.threadpool.server.cached = true (default)
2024-02-26 09:18:30,437 [805285a9-14be-4ba5-9516-049ed8f85315-groupManagement] INFO  server.RaftServerConfigKeys (ConfUtils.java:logGet(46)) - raft.server.threadpool.server.size = 0 (default)
2024-02-26 09:18:30,438 [805285a9-14be-4ba5-9516-049ed8f85315-groupManagement] INFO  server.RaftServerConfigKeys (ConfUtils.java:logGet(46)) - raft.server.threadpool.client.cached = true (default)
2024-02-26 09:18:30,438 [805285a9-14be-4ba5-9516-049ed8f85315-groupManagement] INFO  server.RaftServerConfigKeys (ConfUtils.java:logGet(46)) - raft.server.threadpool.client.size = 0 (default)
2024-02-26 09:18:30,438 [805285a9-14be-4ba5-9516-049ed8f85315-groupManagement] INFO  server.RaftServerConfigKeys (ConfUtils.java:logGet(46)) - raft.server.storage.free-space.min = 0MB (=0) (default)
2024-02-26 09:18:30,439 [805285a9-14be-4ba5-9516-049ed8f85315-groupManagement] INFO  server.RaftServerConfigKeys (ConfUtils.java:logGet(46)) - raft.server.log.corruption.policy = EXCEPTION (default)
2024-02-26 09:18:30,439 [805285a9-14be-4ba5-9516-049ed8f85315-groupManagement] INFO  server.RaftServerConfigKeys (ConfUtils.java:logGet(46)) - raft.server.storage.dir = [/home/runner/work/ozone/ozone/hadoop-ozone/integration-test/target/test-dir/MiniOzoneClusterImpl-0d79f430-b8c0-477e-97b7-98e50d733022/ozone-meta/datanode-4/ratis] (custom)
2024-02-26 09:18:30,439 [805285a9-14be-4ba5-9516-049ed8f85315-groupManagement] INFO  storage.RaftStorageDirectory (RaftStorageDirectoryImpl.java:analyzeStorage(138)) - The storage directory /home/runner/work/ozone/ozone/hadoop-ozone/integration-test/target/test-dir/MiniOzoneClusterImpl-0d79f430-b8c0-477e-97b7-98e50d733022/ozone-meta/datanode-4/ratis/11e5d1c1-8949-4fbf-a4dd-744b58b2b914 does not exist. Creating ...
2024-02-26 09:18:30,440 [805285a9-14be-4ba5-9516-049ed8f85315-groupManagement] INFO  storage.RaftStorageDirectory (RaftStorageDirectoryImpl.java:tryLock(228)) - Lock on /home/runner/work/ozone/ozone/hadoop-ozone/integration-test/target/test-dir/MiniOzoneClusterImpl-0d79f430-b8c0-477e-97b7-98e50d733022/ozone-meta/datanode-4/ratis/11e5d1c1-8949-4fbf-a4dd-744b58b2b914/in_use.lock acquired by nodename 86312@fv-az1109-796
2024-02-26 09:18:30,441 [805285a9-14be-4ba5-9516-049ed8f85315-groupManagement] INFO  storage.RaftStorage (RaftStorageImpl.java:format(99)) - Storage directory /home/runner/work/ozone/ozone/hadoop-ozone/integration-test/target/test-dir/MiniOzoneClusterImpl-0d79f430-b8c0-477e-97b7-98e50d733022/ozone-meta/datanode-4/ratis/11e5d1c1-8949-4fbf-a4dd-744b58b2b914 has been successfully formatted.
2024-02-26 09:18:30,442 [805285a9-14be-4ba5-9516-049ed8f85315-groupManagement] WARN  util.FileUtils (LogUtils.java:supplyAndLog(63)) - Failed to Files.newInputStream /home/runner/work/ozone/ozone/hadoop-ozone/integration-test/target/test-dir/MiniOzoneClusterImpl-0d79f430-b8c0-477e-97b7-98e50d733022/ozone-meta/datanode-4/ratis/11e5d1c1-8949-4fbf-a4dd-744b58b2b914/current/raft-meta.conf with options []: java.nio.file.NoSuchFileException: /home/runner/work/ozone/ozone/hadoop-ozone/integration-test/target/test-dir/MiniOzoneClusterImpl-0d79f430-b8c0-477e-97b7-98e50d733022/ozone-meta/datanode-4/ratis/11e5d1c1-8949-4fbf-a4dd-744b58b2b914/current/raft-meta.conf
2024-02-26 09:18:30,450 [805285a9-14be-4ba5-9516-049ed8f85315-groupManagement] INFO  ratis.ContainerStateMachine (ContainerStateMachine.java:loadSnapshot(287)) - group-744B58B2B914: The snapshot info is null. Setting the last applied index to:(t:0, i:~)
2024-02-26 09:18:30,450 [EventQueue-PipelineReportForPipelineReportHandler] INFO  pipeline.PipelineReportHandler (PipelineReportHandler.java:processPipelineReport(136)) - Opened pipeline PipelineID=11e5d1c1-8949-4fbf-a4dd-744b58b2b914
2024-02-26 09:18:30,450 [805285a9-14be-4ba5-9516-049ed8f85315-groupManagement] INFO  server.RaftServerConfigKeys (ConfUtils.java:logGet(46)) - raft.server.log.use.memory = false (default)
2024-02-26 09:18:30,450 [EventQueue-OpenPipelineForHealthyPipelineSafeModeRule] INFO  safemode.SCMSafeModeManager (HealthyPipelineSafeModeRule.java:process(140)) - SCM in safe mode. Healthy pipelines reported count is 0, required healthy pipeline reported count is 1
2024-02-26 09:18:30,451 [805285a9-14be-4ba5-9516-049ed8f85315-groupManagement] INFO  server.RaftServerConfigKeys (ConfUtils.java:logGet(46)) - raft.server.log.purge.gap = 1000000 (custom)
2024-02-26 09:18:30,451 [805285a9-14be-4ba5-9516-049ed8f85315-groupManagement] INFO  server.RaftServerConfigKeys (ConfUtils.java:logGet(46)) - raft.server.log.appender.buffer.byte-limit = 8388608 (custom)
2024-02-26 09:18:30,451 [805285a9-14be-4ba5-9516-049ed8f85315-groupManagement] INFO  server.RaftServerConfigKeys (ConfUtils.java:logGet(46)) - raft.server.log.statemachine.data.read.timeout = 1000ms (default)
2024-02-26 09:18:30,451 [805285a9-14be-4ba5-9516-049ed8f85315-groupManagement] INFO  server.RaftServerConfigKeys (ConfUtils.java:logGet(46)) - raft.server.log.purge.preservation.log.num = 0 (default)
2024-02-26 09:18:30,453 [805285a9-14be-4ba5-9516-049ed8f85315-groupManagement] INFO  server.RaftServerConfigKeys (ConfUtils.java:logGet(46)) - raft.server.log.segment.size.max = 67108864 (custom)
2024-02-26 09:18:30,454 [805285a9-14be-4ba5-9516-049ed8f85315-groupManagement] INFO  server.RaftServerConfigKeys (ConfUtils.java:logGet(46)) - raft.server.log.segment.cache.num.max = 2 (custom)
2024-02-26 09:18:30,454 [805285a9-14be-4ba5-9516-049ed8f85315-groupManagement] INFO  server.RaftServerConfigKeys (ConfUtils.java:logGet(46)) - raft.server.log.segment.cache.size.max = 200MB (=209715200) (default)
2024-02-26 09:18:30,454 [805285a9-14be-4ba5-9516-049ed8f85315-groupManagement] INFO  server.RaftServerConfigKeys (ConfUtils.java:logGet(46)) - raft.server.log.appender.buffer.byte-limit = 8388608 (custom)
2024-02-26 09:18:30,455 [805285a9-14be-4ba5-9516-049ed8f85315-groupManagement] INFO  util.AwaitToRun (AwaitToRun.java:start(81)) - Thread[805285a9-14be-4ba5-9516-049ed8f85315@group-744B58B2B914-cacheEviction-AwaitToRun,5,main] started
2024-02-26 09:18:30,456 [805285a9-14be-4ba5-9516-049ed8f85315-groupManagement] INFO  segmented.SegmentedRaftLogWorker (SegmentedRaftLogWorker.java:<init>(182)) - new 805285a9-14be-4ba5-9516-049ed8f85315@group-744B58B2B914-SegmentedRaftLogWorker for RaftStorageImpl:Storage Directory /home/runner/work/ozone/ozone/hadoop-ozone/integration-test/target/test-dir/MiniOzoneClusterImpl-0d79f430-b8c0-477e-97b7-98e50d733022/ozone-meta/datanode-4/ratis/11e5d1c1-8949-4fbf-a4dd-744b58b2b914
2024-02-26 09:18:30,456 [805285a9-14be-4ba5-9516-049ed8f85315-groupManagement] INFO  server.RaftServerConfigKeys (ConfUtils.java:logGet(46)) - raft.server.log.queue.byte-limit = 4294967296 (custom)
2024-02-26 09:18:30,456 [805285a9-14be-4ba5-9516-049ed8f85315-groupManagement] INFO  server.RaftServerConfigKeys (ConfUtils.java:logGet(46)) - raft.server.log.queue.element-limit = 1024 (custom)
2024-02-26 09:18:30,456 [805285a9-14be-4ba5-9516-049ed8f85315-groupManagement] INFO  server.RaftServerConfigKeys (ConfUtils.java:logGet(46)) - raft.server.log.segment.size.max = 67108864 (custom)
2024-02-26 09:18:30,456 [805285a9-14be-4ba5-9516-049ed8f85315-groupManagement] INFO  server.RaftServerConfigKeys (ConfUtils.java:logGet(46)) - raft.server.log.preallocated.size = 4194304 (custom)
2024-02-26 09:18:30,456 [805285a9-14be-4ba5-9516-049ed8f85315-groupManagement] INFO  server.RaftServerConfigKeys (ConfUtils.java:logGet(46)) - raft.server.log.force.sync.num = 128 (default)
2024-02-26 09:18:30,456 [805285a9-14be-4ba5-9516-049ed8f85315-groupManagement] INFO  server.RaftServerConfigKeys (ConfUtils.java:logGet(46)) - raft.server.log.statemachine.data.sync = true (default)
2024-02-26 09:18:30,456 [805285a9-14be-4ba5-9516-049ed8f85315-groupManagement] INFO  server.RaftServerConfigKeys (ConfUtils.java:logGet(46)) - raft.server.log.statemachine.data.sync.timeout = 10s (default)
2024-02-26 09:18:30,457 [805285a9-14be-4ba5-9516-049ed8f85315-groupManagement] INFO  server.RaftServerConfigKeys (ConfUtils.java:logGet(46)) - raft.server.log.statemachine.data.sync.timeout.retry = 0 (custom)
2024-02-26 09:18:30,459 [805285a9-14be-4ba5-9516-049ed8f85315-groupManagement] INFO  server.RaftServerConfigKeys (ConfUtils.java:logGet(46)) - raft.server.log.write.buffer.size = 8388616 (custom)
2024-02-26 09:18:30,460 [805285a9-14be-4ba5-9516-049ed8f85315-groupManagement] INFO  server.RaftServerConfigKeys (ConfUtils.java:logGet(46)) - raft.server.log.appender.buffer.byte-limit = 8388608 (custom)
2024-02-26 09:18:30,461 [805285a9-14be-4ba5-9516-049ed8f85315-groupManagement] INFO  server.RaftServerConfigKeys (ConfUtils.java:logGet(46)) - raft.server.log.unsafe-flush.enabled = false (default)
2024-02-26 09:18:30,461 [805285a9-14be-4ba5-9516-049ed8f85315-groupManagement] INFO  server.RaftServerConfigKeys (ConfUtils.java:logGet(46)) - raft.server.log.async-flush.enabled = false (default)
2024-02-26 09:18:30,461 [805285a9-14be-4ba5-9516-049ed8f85315-groupManagement] INFO  server.RaftServerConfigKeys (ConfUtils.java:logGet(46)) - raft.server.log.statemachine.data.caching.enabled = true (custom)
2024-02-26 09:18:30,461 [805285a9-14be-4ba5-9516-049ed8f85315-groupManagement] INFO  segmented.SegmentedRaftLogWorker (SegmentedRaftLogWorker.java:lambda$new$0(134)) - 805285a9-14be-4ba5-9516-049ed8f85315@group-744B58B2B914-SegmentedRaftLogWorker: flushIndex: setUnconditionally 0 -> -1
2024-02-26 09:18:30,461 [805285a9-14be-4ba5-9516-049ed8f85315-groupManagement] INFO  segmented.SegmentedRaftLogWorker (SegmentedRaftLogWorker.java:lambda$new$0(134)) - 805285a9-14be-4ba5-9516-049ed8f85315@group-744B58B2B914-SegmentedRaftLogWorker: safeCacheEvictIndex: setUnconditionally 0 -> -1
2024-02-26 09:18:30,468 [805285a9-14be-4ba5-9516-049ed8f85315-groupManagement] INFO  server.RaftServer$Division (RaftServerImpl.java:start(396)) - 805285a9-14be-4ba5-9516-049ed8f85315@group-744B58B2B914: start as a follower, conf=-1: peers:[805285a9-14be-4ba5-9516-049ed8f85315|10.1.0.30:15041]|listeners:[], old=null
2024-02-26 09:18:30,468 [805285a9-14be-4ba5-9516-049ed8f85315-groupManagement] INFO  server.RaftServer$Division (RaftServerImpl.java:setRole(383)) - 805285a9-14be-4ba5-9516-049ed8f85315@group-744B58B2B914: changes role from      null to FOLLOWER at term 0 for startAsFollower
2024-02-26 09:18:30,468 [805285a9-14be-4ba5-9516-049ed8f85315-groupManagement] INFO  impl.RoleInfo (RoleInfo.java:updateAndGet(139)) - 805285a9-14be-4ba5-9516-049ed8f85315: start 805285a9-14be-4ba5-9516-049ed8f85315@group-744B58B2B914-FollowerState
2024-02-26 09:18:30,470 [805285a9-14be-4ba5-9516-049ed8f85315-groupManagement] INFO  util.JmxRegister (JmxRegister.java:tryRegister(44)) - Successfully registered JMX Bean with object name Ratis:service=RaftServer,group=group-744B58B2B914,id=805285a9-14be-4ba5-9516-049ed8f85315
2024-02-26 09:18:30,471 [805285a9-14be-4ba5-9516-049ed8f85315-groupManagement] INFO  server.RaftServerConfigKeys (ConfUtils.java:logGet(46)) - raft.server.snapshot.trigger-when-stop.enabled = true (default)
2024-02-26 09:18:30,471 [805285a9-14be-4ba5-9516-049ed8f85315-groupManagement] INFO  server.RaftServerConfigKeys (ConfUtils.java:logGet(46)) - raft.server.snapshot.auto.trigger.enabled = true (custom)
2024-02-26 09:18:30,471 [805285a9-14be-4ba5-9516-049ed8f85315-groupManagement] INFO  server.RaftServerConfigKeys (ConfUtils.java:logGet(46)) - raft.server.snapshot.auto.trigger.threshold = 10000 (custom)
2024-02-26 09:18:30,471 [805285a9-14be-4ba5-9516-049ed8f85315@group-744B58B2B914-FollowerState] INFO  server.RaftServerConfigKeys (ConfUtils.java:logFallback(53)) - raft.server.rpc.first-election.timeout.min = 5s (fallback to raft.server.rpc.timeout.min)
2024-02-26 09:18:30,471 [805285a9-14be-4ba5-9516-049ed8f85315-groupManagement] INFO  server.RaftServerConfigKeys (ConfUtils.java:logGet(46)) - raft.server.snapshot.retention.file.num = 5 (custom)
2024-02-26 09:18:30,471 [805285a9-14be-4ba5-9516-049ed8f85315-groupManagement] INFO  server.RaftServerConfigKeys (ConfUtils.java:logGet(46)) - raft.server.log.purge.upto.snapshot.index = false (default)
2024-02-26 09:18:30,471 [805285a9-14be-4ba5-9516-049ed8f85315@group-744B58B2B914-FollowerState] INFO  server.RaftServerConfigKeys (ConfUtils.java:logFallback(53)) - raft.server.rpc.first-election.timeout.max = 5200ms (fallback to raft.server.rpc.timeout.max)
2024-02-26 09:18:30,475 [805285a9-14be-4ba5-9516-049ed8f85315-PipelineCommandHandlerThread-0] INFO  ratis.XceiverServerRatis (XceiverServerRatis.java:addGroup(864)) - Created group PipelineID=11e5d1c1-8949-4fbf-a4dd-744b58b2b914
2024-02-26 09:18:30,475 [805285a9-14be-4ba5-9516-049ed8f85315-PipelineCommandHandlerThread-0] INFO  commandhandler.CreatePipelineCommandHandler (CreatePipelineCommandHandler.java:lambda$handle$2(124)) - Created Pipeline RATIS ONE PipelineID=11e5d1c1-8949-4fbf-a4dd-744b58b2b914.
2024-02-26 09:18:30,477 [805285a9-14be-4ba5-9516-049ed8f85315-PipelineCommandHandlerThread-0] INFO  server.RaftServer (RaftServerProxy.java:addNew(100)) - 805285a9-14be-4ba5-9516-049ed8f85315: addNew group-66F4A86A365C:[805285a9-14be-4ba5-9516-049ed8f85315|10.1.0.30:15041, 62c7a6b6-874c-46f0-a24f-66d1ecaaa81b|10.1.0.30:15050, bca0bda6-c24b-45de-ae86-b5c7c2d890ab|10.1.0.30:15059] returns group-66F4A86A365C:java.util.concurrent.CompletableFuture@37107f46[Not completed]
2024-02-26 09:18:30,479 [805285a9-14be-4ba5-9516-049ed8f85315-groupManagement] INFO  server.RaftServer$Division (RaftServerImpl.java:<init>(256)) - 805285a9-14be-4ba5-9516-049ed8f85315: new RaftServerImpl for group-66F4A86A365C:[805285a9-14be-4ba5-9516-049ed8f85315|10.1.0.30:15041, 62c7a6b6-874c-46f0-a24f-66d1ecaaa81b|10.1.0.30:15050, bca0bda6-c24b-45de-ae86-b5c7c2d890ab|10.1.0.30:15059] with ContainerStateMachine:uninitialized
2024-02-26 09:18:30,479 [805285a9-14be-4ba5-9516-049ed8f85315-groupManagement] INFO  server.RaftServerConfigKeys (ConfUtils.java:logGet(46)) - raft.server.rpc.timeout.min = 5s (custom)
2024-02-26 09:18:30,479 [805285a9-14be-4ba5-9516-049ed8f85315-groupManagement] INFO  server.RaftServerConfigKeys (ConfUtils.java:logGet(46)) - raft.server.rpc.timeout.max = 5200ms (custom)
2024-02-26 09:18:30,479 [805285a9-14be-4ba5-9516-049ed8f85315-groupManagement] INFO  server.RaftServerConfigKeys (ConfUtils.java:logGet(46)) - raft.server.rpc.sleep.time = 25ms (default)
2024-02-26 09:18:30,479 [805285a9-14be-4ba5-9516-049ed8f85315-groupManagement] INFO  server.RaftServerConfigKeys (ConfUtils.java:logGet(46)) - raft.server.rpc.slowness.timeout = 300s (custom)
2024-02-26 09:18:30,479 [805285a9-14be-4ba5-9516-049ed8f85315-groupManagement] INFO  server.RaftServerConfigKeys (ConfUtils.java:logGet(46)) - raft.server.leaderelection.leader.step-down.wait-time = 10s (default)
2024-02-26 09:18:30,479 [805285a9-14be-4ba5-9516-049ed8f85315-groupManagement] INFO  server.RaftServerConfigKeys (ConfUtils.java:logGet(46)) - raft.server.leaderelection.member.majority-add = false (default)
2024-02-26 09:18:30,479 [805285a9-14be-4ba5-9516-049ed8f85315-groupManagement] INFO  server.RaftServerConfigKeys (ConfUtils.java:logGet(46)) - raft.server.sleep.deviation.threshold = 300ms (default)
2024-02-26 09:18:30,479 [805285a9-14be-4ba5-9516-049ed8f85315-groupManagement] INFO  server.RaftServer$Division (ServerState.java:<init>(113)) - 805285a9-14be-4ba5-9516-049ed8f85315@group-66F4A86A365C: ConfigurationManager, init=-1: peers:[805285a9-14be-4ba5-9516-049ed8f85315|10.1.0.30:15041, 62c7a6b6-874c-46f0-a24f-66d1ecaaa81b|10.1.0.30:15050, bca0bda6-c24b-45de-ae86-b5c7c2d890ab|10.1.0.30:15059]|listeners:[], old=null, confs=<EMPTY_MAP>
2024-02-26 09:18:30,479 [805285a9-14be-4ba5-9516-049ed8f85315-groupManagement] INFO  server.RaftServerConfigKeys (ConfUtils.java:logGet(46)) - raft.server.notification.no-leader.timeout = 300s (custom)
2024-02-26 09:18:30,479 [805285a9-14be-4ba5-9516-049ed8f85315-groupManagement] INFO  server.RaftServerConfigKeys (ConfUtils.java:logGet(46)) - raft.server.read.timeout = 10s (default)
2024-02-26 09:18:30,480 [805285a9-14be-4ba5-9516-049ed8f85315-groupManagement] INFO  server.RaftServerConfigKeys (ConfUtils.java:logGet(46)) - raft.server.retrycache.expirytime = 600000ms (custom)
2024-02-26 09:18:30,480 [805285a9-14be-4ba5-9516-049ed8f85315-groupManagement] INFO  server.RaftServerConfigKeys (ConfUtils.java:logGet(46)) - raft.server.retrycache.statistics.expirytime = 100ms (default)
2024-02-26 09:18:30,480 [805285a9-14be-4ba5-9516-049ed8f85315-groupManagement] INFO  server.RaftServerConfigKeys (ConfUtils.java:logGet(46)) - raft.server.read.option = DEFAULT (default)
2024-02-26 09:18:30,480 [805285a9-14be-4ba5-9516-049ed8f85315-groupManagement] INFO  server.RaftServerConfigKeys (ConfUtils.java:logGet(46)) - raft.server.read.read-after-write-consistent.write-index-cache.expiry-time = 60s (default)
2024-02-26 09:18:30,486 [805285a9-14be-4ba5-9516-049ed8f85315-groupManagement] INFO  server.RaftServerConfigKeys (ConfUtils.java:logGet(46)) - raft.server.rpc.request.timeout = 60s (custom)
2024-02-26 09:18:30,486 [805285a9-14be-4ba5-9516-049ed8f85315-groupManagement] INFO  server.RaftServerConfigKeys (ConfUtils.java:logGet(46)) - raft.server.log.appender.install.snapshot.enabled = false (custom)
2024-02-26 09:18:30,486 [805285a9-14be-4ba5-9516-049ed8f85315-groupManagement] INFO  server.RaftServerConfigKeys (ConfUtils.java:logGet(46)) - raft.server.threadpool.server.cached = true (default)
2024-02-26 09:18:30,486 [805285a9-14be-4ba5-9516-049ed8f85315-groupManagement] INFO  server.RaftServerConfigKeys (ConfUtils.java:logGet(46)) - raft.server.threadpool.server.size = 0 (default)
2024-02-26 09:18:30,486 [805285a9-14be-4ba5-9516-049ed8f85315-groupManagement] INFO  server.RaftServerConfigKeys (ConfUtils.java:logGet(46)) - raft.server.threadpool.client.cached = true (default)
2024-02-26 09:18:30,486 [805285a9-14be-4ba5-9516-049ed8f85315-groupManagement] INFO  server.RaftServerConfigKeys (ConfUtils.java:logGet(46)) - raft.server.threadpool.client.size = 0 (default)
2024-02-26 09:18:30,486 [805285a9-14be-4ba5-9516-049ed8f85315-groupManagement] INFO  server.RaftServerConfigKeys (ConfUtils.java:logGet(46)) - raft.server.storage.free-space.min = 0MB (=0) (default)
2024-02-26 09:18:30,486 [805285a9-14be-4ba5-9516-049ed8f85315-groupManagement] INFO  server.RaftServerConfigKeys (ConfUtils.java:logGet(46)) - raft.server.log.corruption.policy = EXCEPTION (default)
2024-02-26 09:18:30,487 [805285a9-14be-4ba5-9516-049ed8f85315-groupManagement] INFO  server.RaftServerConfigKeys (ConfUtils.java:logGet(46)) - raft.server.storage.dir = [/home/runner/work/ozone/ozone/hadoop-ozone/integration-test/target/test-dir/MiniOzoneClusterImpl-0d79f430-b8c0-477e-97b7-98e50d733022/ozone-meta/datanode-4/ratis] (custom)
2024-02-26 09:18:30,487 [805285a9-14be-4ba5-9516-049ed8f85315-groupManagement] INFO  storage.RaftStorageDirectory (RaftStorageDirectoryImpl.java:analyzeStorage(138)) - The storage directory /home/runner/work/ozone/ozone/hadoop-ozone/integration-test/target/test-dir/MiniOzoneClusterImpl-0d79f430-b8c0-477e-97b7-98e50d733022/ozone-meta/datanode-4/ratis/e66b14b8-0bee-4da7-8c90-66f4a86a365c does not exist. Creating ...
2024-02-26 09:18:30,489 [805285a9-14be-4ba5-9516-049ed8f85315-groupManagement] INFO  storage.RaftStorageDirectory (RaftStorageDirectoryImpl.java:tryLock(228)) - Lock on /home/runner/work/ozone/ozone/hadoop-ozone/integration-test/target/test-dir/MiniOzoneClusterImpl-0d79f430-b8c0-477e-97b7-98e50d733022/ozone-meta/datanode-4/ratis/e66b14b8-0bee-4da7-8c90-66f4a86a365c/in_use.lock acquired by nodename 86312@fv-az1109-796
2024-02-26 09:18:30,490 [805285a9-14be-4ba5-9516-049ed8f85315-groupManagement] INFO  storage.RaftStorage (RaftStorageImpl.java:format(99)) - Storage directory /home/runner/work/ozone/ozone/hadoop-ozone/integration-test/target/test-dir/MiniOzoneClusterImpl-0d79f430-b8c0-477e-97b7-98e50d733022/ozone-meta/datanode-4/ratis/e66b14b8-0bee-4da7-8c90-66f4a86a365c has been successfully formatted.
2024-02-26 09:18:30,490 [805285a9-14be-4ba5-9516-049ed8f85315-groupManagement] WARN  util.FileUtils (LogUtils.java:supplyAndLog(63)) - Failed to Files.newInputStream /home/runner/work/ozone/ozone/hadoop-ozone/integration-test/target/test-dir/MiniOzoneClusterImpl-0d79f430-b8c0-477e-97b7-98e50d733022/ozone-meta/datanode-4/ratis/e66b14b8-0bee-4da7-8c90-66f4a86a365c/current/raft-meta.conf with options []: java.nio.file.NoSuchFileException: /home/runner/work/ozone/ozone/hadoop-ozone/integration-test/target/test-dir/MiniOzoneClusterImpl-0d79f430-b8c0-477e-97b7-98e50d733022/ozone-meta/datanode-4/ratis/e66b14b8-0bee-4da7-8c90-66f4a86a365c/current/raft-meta.conf
2024-02-26 09:18:30,491 [805285a9-14be-4ba5-9516-049ed8f85315-groupManagement] INFO  ratis.ContainerStateMachine (ContainerStateMachine.java:loadSnapshot(287)) - group-66F4A86A365C: The snapshot info is null. Setting the last applied index to:(t:0, i:~)
2024-02-26 09:18:30,491 [805285a9-14be-4ba5-9516-049ed8f85315-groupManagement] INFO  server.RaftServerConfigKeys (ConfUtils.java:logGet(46)) - raft.server.log.use.memory = false (default)
2024-02-26 09:18:30,492 [805285a9-14be-4ba5-9516-049ed8f85315-groupManagement] INFO  server.RaftServerConfigKeys (ConfUtils.java:logGet(46)) - raft.server.log.purge.gap = 1000000 (custom)
2024-02-26 09:18:30,492 [805285a9-14be-4ba5-9516-049ed8f85315-groupManagement] INFO  server.RaftServerConfigKeys (ConfUtils.java:logGet(46)) - raft.server.log.appender.buffer.byte-limit = 8388608 (custom)
2024-02-26 09:18:30,492 [805285a9-14be-4ba5-9516-049ed8f85315-groupManagement] INFO  server.RaftServerConfigKeys (ConfUtils.java:logGet(46)) - raft.server.log.statemachine.data.read.timeout = 1000ms (default)
2024-02-26 09:18:30,492 [805285a9-14be-4ba5-9516-049ed8f85315-groupManagement] INFO  server.RaftServerConfigKeys (ConfUtils.java:logGet(46)) - raft.server.log.purge.preservation.log.num = 0 (default)
2024-02-26 09:18:30,492 [EventQueue-OpenPipelineForHealthyPipelineSafeModeRule] INFO  safemode.SCMSafeModeManager (HealthyPipelineSafeModeRule.java:process(140)) - SCM in safe mode. Healthy pipelines reported count is 0, required healthy pipeline reported count is 1
2024-02-26 09:18:30,497 [805285a9-14be-4ba5-9516-049ed8f85315-groupManagement] INFO  server.RaftServerConfigKeys (ConfUtils.java:logGet(46)) - raft.server.log.segment.size.max = 67108864 (custom)
2024-02-26 09:18:30,499 [805285a9-14be-4ba5-9516-049ed8f85315-groupManagement] INFO  server.RaftServerConfigKeys (ConfUtils.java:logGet(46)) - raft.server.log.segment.cache.num.max = 2 (custom)
2024-02-26 09:18:30,499 [805285a9-14be-4ba5-9516-049ed8f85315-groupManagement] INFO  server.RaftServerConfigKeys (ConfUtils.java:logGet(46)) - raft.server.log.segment.cache.size.max = 200MB (=209715200) (default)
2024-02-26 09:18:30,500 [805285a9-14be-4ba5-9516-049ed8f85315-groupManagement] INFO  server.RaftServerConfigKeys (ConfUtils.java:logGet(46)) - raft.server.log.appender.buffer.byte-limit = 8388608 (custom)
2024-02-26 09:18:30,501 [805285a9-14be-4ba5-9516-049ed8f85315-groupManagement] INFO  util.AwaitToRun (AwaitToRun.java:start(81)) - Thread[805285a9-14be-4ba5-9516-049ed8f85315@group-66F4A86A365C-cacheEviction-AwaitToRun,5,main] started
2024-02-26 09:18:30,501 [805285a9-14be-4ba5-9516-049ed8f85315-groupManagement] INFO  segmented.SegmentedRaftLogWorker (SegmentedRaftLogWorker.java:<init>(182)) - new 805285a9-14be-4ba5-9516-049ed8f85315@group-66F4A86A365C-SegmentedRaftLogWorker for RaftStorageImpl:Storage Directory /home/runner/work/ozone/ozone/hadoop-ozone/integration-test/target/test-dir/MiniOzoneClusterImpl-0d79f430-b8c0-477e-97b7-98e50d733022/ozone-meta/datanode-4/ratis/e66b14b8-0bee-4da7-8c90-66f4a86a365c
2024-02-26 09:18:30,501 [805285a9-14be-4ba5-9516-049ed8f85315-groupManagement] INFO  server.RaftServerConfigKeys (ConfUtils.java:logGet(46)) - raft.server.log.queue.byte-limit = 4294967296 (custom)
2024-02-26 09:18:30,501 [805285a9-14be-4ba5-9516-049ed8f85315-groupManagement] INFO  server.RaftServerConfigKeys (ConfUtils.java:logGet(46)) - raft.server.log.queue.element-limit = 1024 (custom)
2024-02-26 09:18:30,501 [805285a9-14be-4ba5-9516-049ed8f85315-groupManagement] INFO  server.RaftServerConfigKeys (ConfUtils.java:logGet(46)) - raft.server.log.segment.size.max = 67108864 (custom)
2024-02-26 09:18:30,501 [805285a9-14be-4ba5-9516-049ed8f85315-groupManagement] INFO  server.RaftServerConfigKeys (ConfUtils.java:logGet(46)) - raft.server.log.preallocated.size = 4194304 (custom)
2024-02-26 09:18:30,501 [805285a9-14be-4ba5-9516-049ed8f85315-groupManagement] INFO  server.RaftServerConfigKeys (ConfUtils.java:logGet(46)) - raft.server.log.force.sync.num = 128 (default)
2024-02-26 09:18:30,501 [805285a9-14be-4ba5-9516-049ed8f85315-groupManagement] INFO  server.RaftServerConfigKeys (ConfUtils.java:logGet(46)) - raft.server.log.statemachine.data.sync = true (default)
2024-02-26 09:18:30,501 [805285a9-14be-4ba5-9516-049ed8f85315-groupManagement] INFO  server.RaftServerConfigKeys (ConfUtils.java:logGet(46)) - raft.server.log.statemachine.data.sync.timeout = 10s (default)
2024-02-26 09:18:30,501 [805285a9-14be-4ba5-9516-049ed8f85315-groupManagement] INFO  server.RaftServerConfigKeys (ConfUtils.java:logGet(46)) - raft.server.log.statemachine.data.sync.timeout.retry = 0 (custom)
2024-02-26 09:18:30,502 [805285a9-14be-4ba5-9516-049ed8f85315-groupManagement] INFO  server.RaftServerConfigKeys (ConfUtils.java:logGet(46)) - raft.server.log.write.buffer.size = 8388616 (custom)
2024-02-26 09:18:30,504 [805285a9-14be-4ba5-9516-049ed8f85315-groupManagement] INFO  server.RaftServerConfigKeys (ConfUtils.java:logGet(46)) - raft.server.log.appender.buffer.byte-limit = 8388608 (custom)
2024-02-26 09:18:30,504 [805285a9-14be-4ba5-9516-049ed8f85315-groupManagement] INFO  server.RaftServerConfigKeys (ConfUtils.java:logGet(46)) - raft.server.log.unsafe-flush.enabled = false (default)
2024-02-26 09:18:30,504 [805285a9-14be-4ba5-9516-049ed8f85315-groupManagement] INFO  server.RaftServerConfigKeys (ConfUtils.java:logGet(46)) - raft.server.log.async-flush.enabled = false (default)
2024-02-26 09:18:30,504 [805285a9-14be-4ba5-9516-049ed8f85315-groupManagement] INFO  server.RaftServerConfigKeys (ConfUtils.java:logGet(46)) - raft.server.log.statemachine.data.caching.enabled = true (custom)
2024-02-26 09:18:30,504 [805285a9-14be-4ba5-9516-049ed8f85315-groupManagement] INFO  segmented.SegmentedRaftLogWorker (SegmentedRaftLogWorker.java:lambda$new$0(134)) - 805285a9-14be-4ba5-9516-049ed8f85315@group-66F4A86A365C-SegmentedRaftLogWorker: flushIndex: setUnconditionally 0 -> -1
2024-02-26 09:18:30,504 [805285a9-14be-4ba5-9516-049ed8f85315-groupManagement] INFO  segmented.SegmentedRaftLogWorker (SegmentedRaftLogWorker.java:lambda$new$0(134)) - 805285a9-14be-4ba5-9516-049ed8f85315@group-66F4A86A365C-SegmentedRaftLogWorker: safeCacheEvictIndex: setUnconditionally 0 -> -1
2024-02-26 09:18:30,506 [805285a9-14be-4ba5-9516-049ed8f85315-groupManagement] INFO  server.RaftServer$Division (RaftServerImpl.java:start(396)) - 805285a9-14be-4ba5-9516-049ed8f85315@group-66F4A86A365C: start as a follower, conf=-1: peers:[805285a9-14be-4ba5-9516-049ed8f85315|10.1.0.30:15041, 62c7a6b6-874c-46f0-a24f-66d1ecaaa81b|10.1.0.30:15050, bca0bda6-c24b-45de-ae86-b5c7c2d890ab|10.1.0.30:15059]|listeners:[], old=null
2024-02-26 09:18:30,506 [805285a9-14be-4ba5-9516-049ed8f85315-groupManagement] INFO  server.RaftServer$Division (RaftServerImpl.java:setRole(383)) - 805285a9-14be-4ba5-9516-049ed8f85315@group-66F4A86A365C: changes role from      null to FOLLOWER at term 0 for startAsFollower
2024-02-26 09:18:30,506 [805285a9-14be-4ba5-9516-049ed8f85315-groupManagement] INFO  impl.RoleInfo (RoleInfo.java:updateAndGet(139)) - 805285a9-14be-4ba5-9516-049ed8f85315: start 805285a9-14be-4ba5-9516-049ed8f85315@group-66F4A86A365C-FollowerState
2024-02-26 09:18:30,506 [805285a9-14be-4ba5-9516-049ed8f85315@group-66F4A86A365C-FollowerState] INFO  server.RaftServerConfigKeys (ConfUtils.java:logFallback(53)) - raft.server.rpc.first-election.timeout.min = 5s (fallback to raft.server.rpc.timeout.min)
2024-02-26 09:18:30,506 [805285a9-14be-4ba5-9516-049ed8f85315-groupManagement] INFO  util.JmxRegister (JmxRegister.java:tryRegister(44)) - Successfully registered JMX Bean with object name Ratis:service=RaftServer,group=group-66F4A86A365C,id=805285a9-14be-4ba5-9516-049ed8f85315
2024-02-26 09:18:30,506 [805285a9-14be-4ba5-9516-049ed8f85315-groupManagement] INFO  server.RaftServerConfigKeys (ConfUtils.java:logGet(46)) - raft.server.snapshot.trigger-when-stop.enabled = true (default)
2024-02-26 09:18:30,506 [805285a9-14be-4ba5-9516-049ed8f85315-groupManagement] INFO  server.RaftServerConfigKeys (ConfUtils.java:logGet(46)) - raft.server.snapshot.auto.trigger.enabled = true (custom)
2024-02-26 09:18:30,506 [805285a9-14be-4ba5-9516-049ed8f85315-groupManagement] INFO  server.RaftServerConfigKeys (ConfUtils.java:logGet(46)) - raft.server.snapshot.auto.trigger.threshold = 10000 (custom)
2024-02-26 09:18:30,507 [805285a9-14be-4ba5-9516-049ed8f85315-groupManagement] INFO  server.RaftServerConfigKeys (ConfUtils.java:logGet(46)) - raft.server.snapshot.retention.file.num = 5 (custom)
2024-02-26 09:18:30,507 [805285a9-14be-4ba5-9516-049ed8f85315-groupManagement] INFO  server.RaftServerConfigKeys (ConfUtils.java:logGet(46)) - raft.server.log.purge.upto.snapshot.index = false (default)
2024-02-26 09:18:30,506 [805285a9-14be-4ba5-9516-049ed8f85315@group-66F4A86A365C-FollowerState] INFO  server.RaftServerConfigKeys (ConfUtils.java:logFallback(53)) - raft.server.rpc.first-election.timeout.max = 5200ms (fallback to raft.server.rpc.timeout.max)
2024-02-26 09:18:30,511 [805285a9-14be-4ba5-9516-049ed8f85315-PipelineCommandHandlerThread-0] INFO  ratis.XceiverServerRatis (XceiverServerRatis.java:addGroup(864)) - Created group PipelineID=e66b14b8-0bee-4da7-8c90-66f4a86a365c
2024-02-26 09:18:30,561 [main] INFO  ozone.MiniOzoneClusterImpl (MiniOzoneClusterImpl.java:lambda$waitForClusterToBeReady$0(195)) - Nodes are ready. Got 14 of 14 DN Heartbeats.
2024-02-26 09:18:30,562 [main] INFO  ozone.MiniOzoneClusterImpl (MiniOzoneClusterImpl.java:lambda$waitForClusterToBeReady$0(198)) - Waiting for cluster to exit safe mode
2024-02-26 09:18:30,562 [main] INFO  ozone.MiniOzoneClusterImpl (MiniOzoneClusterImpl.java:lambda$waitForClusterToBeReady$0(200)) - SCM became leader
2024-02-26 09:18:30,561 [62c7a6b6-874c-46f0-a24f-66d1ecaaa81b-PipelineCommandHandlerThread-0] INFO  server.RaftServer (RaftServerProxy.java:addNew(100)) - 62c7a6b6-874c-46f0-a24f-66d1ecaaa81b: addNew group-BB7F519A9432:[62c7a6b6-874c-46f0-a24f-66d1ecaaa81b|10.1.0.30:15050] returns group-BB7F519A9432:java.util.concurrent.CompletableFuture@5b61dea0[Not completed]
2024-02-26 09:18:30,570 [62c7a6b6-874c-46f0-a24f-66d1ecaaa81b-groupManagement] INFO  server.RaftServer$Division (RaftServerImpl.java:<init>(256)) - 62c7a6b6-874c-46f0-a24f-66d1ecaaa81b: new RaftServerImpl for group-BB7F519A9432:[62c7a6b6-874c-46f0-a24f-66d1ecaaa81b|10.1.0.30:15050] with ContainerStateMachine:uninitialized
2024-02-26 09:18:30,571 [62c7a6b6-874c-46f0-a24f-66d1ecaaa81b-groupManagement] INFO  server.RaftServerConfigKeys (ConfUtils.java:logGet(46)) - raft.server.rpc.timeout.min = 5s (custom)
2024-02-26 09:18:30,571 [62c7a6b6-874c-46f0-a24f-66d1ecaaa81b-groupManagement] INFO  server.RaftServerConfigKeys (ConfUtils.java:logGet(46)) - raft.server.rpc.timeout.max = 5200ms (custom)
2024-02-26 09:18:30,571 [62c7a6b6-874c-46f0-a24f-66d1ecaaa81b-groupManagement] INFO  server.RaftServerConfigKeys (ConfUtils.java:logGet(46)) - raft.server.rpc.sleep.time = 25ms (default)
2024-02-26 09:18:30,571 [62c7a6b6-874c-46f0-a24f-66d1ecaaa81b-groupManagement] INFO  server.RaftServerConfigKeys (ConfUtils.java:logGet(46)) - raft.server.rpc.slowness.timeout = 300s (custom)
2024-02-26 09:18:30,571 [62c7a6b6-874c-46f0-a24f-66d1ecaaa81b-groupManagement] INFO  server.RaftServerConfigKeys (ConfUtils.java:logGet(46)) - raft.server.leaderelection.leader.step-down.wait-time = 10s (default)
2024-02-26 09:18:30,571 [62c7a6b6-874c-46f0-a24f-66d1ecaaa81b-groupManagement] INFO  server.RaftServerConfigKeys (ConfUtils.java:logGet(46)) - raft.server.leaderelection.member.majority-add = false (default)
2024-02-26 09:18:30,571 [62c7a6b6-874c-46f0-a24f-66d1ecaaa81b-groupManagement] INFO  server.RaftServerConfigKeys (ConfUtils.java:logGet(46)) - raft.server.sleep.deviation.threshold = 300ms (default)
2024-02-26 09:18:30,571 [62c7a6b6-874c-46f0-a24f-66d1ecaaa81b-groupManagement] INFO  server.RaftServer$Division (ServerState.java:<init>(113)) - 62c7a6b6-874c-46f0-a24f-66d1ecaaa81b@group-BB7F519A9432: ConfigurationManager, init=-1: peers:[62c7a6b6-874c-46f0-a24f-66d1ecaaa81b|10.1.0.30:15050]|listeners:[], old=null, confs=<EMPTY_MAP>
2024-02-26 09:18:30,571 [62c7a6b6-874c-46f0-a24f-66d1ecaaa81b-groupManagement] INFO  server.RaftServerConfigKeys (ConfUtils.java:logGet(46)) - raft.server.notification.no-leader.timeout = 300s (custom)
2024-02-26 09:18:30,571 [62c7a6b6-874c-46f0-a24f-66d1ecaaa81b-groupManagement] INFO  server.RaftServerConfigKeys (ConfUtils.java:logGet(46)) - raft.server.read.timeout = 10s (default)
2024-02-26 09:18:30,571 [62c7a6b6-874c-46f0-a24f-66d1ecaaa81b-groupManagement] INFO  server.RaftServerConfigKeys (ConfUtils.java:logGet(46)) - raft.server.retrycache.expirytime = 600000ms (custom)
2024-02-26 09:18:30,572 [62c7a6b6-874c-46f0-a24f-66d1ecaaa81b-groupManagement] INFO  server.RaftServerConfigKeys (ConfUtils.java:logGet(46)) - raft.server.retrycache.statistics.expirytime = 100ms (default)
2024-02-26 09:18:30,572 [62c7a6b6-874c-46f0-a24f-66d1ecaaa81b-groupManagement] INFO  server.RaftServerConfigKeys (ConfUtils.java:logGet(46)) - raft.server.read.option = DEFAULT (default)
2024-02-26 09:18:30,572 [62c7a6b6-874c-46f0-a24f-66d1ecaaa81b-groupManagement] INFO  server.RaftServerConfigKeys (ConfUtils.java:logGet(46)) - raft.server.read.read-after-write-consistent.write-index-cache.expiry-time = 60s (default)
2024-02-26 09:18:30,579 [62c7a6b6-874c-46f0-a24f-66d1ecaaa81b-groupManagement] INFO  server.RaftServerConfigKeys (ConfUtils.java:logGet(46)) - raft.server.rpc.request.timeout = 60s (custom)
2024-02-26 09:18:30,579 [62c7a6b6-874c-46f0-a24f-66d1ecaaa81b-groupManagement] INFO  server.RaftServerConfigKeys (ConfUtils.java:logGet(46)) - raft.server.log.appender.install.snapshot.enabled = false (custom)
2024-02-26 09:18:30,579 [62c7a6b6-874c-46f0-a24f-66d1ecaaa81b-groupManagement] INFO  server.RaftServerConfigKeys (ConfUtils.java:logGet(46)) - raft.server.threadpool.server.cached = true (default)
2024-02-26 09:18:30,579 [62c7a6b6-874c-46f0-a24f-66d1ecaaa81b-groupManagement] INFO  server.RaftServerConfigKeys (ConfUtils.java:logGet(46)) - raft.server.threadpool.server.size = 0 (default)
2024-02-26 09:18:30,580 [62c7a6b6-874c-46f0-a24f-66d1ecaaa81b-groupManagement] INFO  server.RaftServerConfigKeys (ConfUtils.java:logGet(46)) - raft.server.threadpool.client.cached = true (default)
2024-02-26 09:18:30,580 [62c7a6b6-874c-46f0-a24f-66d1ecaaa81b-groupManagement] INFO  server.RaftServerConfigKeys (ConfUtils.java:logGet(46)) - raft.server.threadpool.client.size = 0 (default)
2024-02-26 09:18:30,580 [62c7a6b6-874c-46f0-a24f-66d1ecaaa81b-groupManagement] INFO  server.RaftServerConfigKeys (ConfUtils.java:logGet(46)) - raft.server.storage.free-space.min = 0MB (=0) (default)
2024-02-26 09:18:30,580 [62c7a6b6-874c-46f0-a24f-66d1ecaaa81b-groupManagement] INFO  server.RaftServerConfigKeys (ConfUtils.java:logGet(46)) - raft.server.log.corruption.policy = EXCEPTION (default)
2024-02-26 09:18:30,580 [62c7a6b6-874c-46f0-a24f-66d1ecaaa81b-groupManagement] INFO  server.RaftServerConfigKeys (ConfUtils.java:logGet(46)) - raft.server.storage.dir = [/home/runner/work/ozone/ozone/hadoop-ozone/integration-test/target/test-dir/MiniOzoneClusterImpl-0d79f430-b8c0-477e-97b7-98e50d733022/ozone-meta/datanode-5/ratis] (custom)
2024-02-26 09:18:30,580 [62c7a6b6-874c-46f0-a24f-66d1ecaaa81b-groupManagement] INFO  storage.RaftStorageDirectory (RaftStorageDirectoryImpl.java:analyzeStorage(138)) - The storage directory /home/runner/work/ozone/ozone/hadoop-ozone/integration-test/target/test-dir/MiniOzoneClusterImpl-0d79f430-b8c0-477e-97b7-98e50d733022/ozone-meta/datanode-5/ratis/8cf78206-2280-4dd6-a2f1-bb7f519a9432 does not exist. Creating ...
2024-02-26 09:18:30,581 [62c7a6b6-874c-46f0-a24f-66d1ecaaa81b-groupManagement] INFO  storage.RaftStorageDirectory (RaftStorageDirectoryImpl.java:tryLock(228)) - Lock on /home/runner/work/ozone/ozone/hadoop-ozone/integration-test/target/test-dir/MiniOzoneClusterImpl-0d79f430-b8c0-477e-97b7-98e50d733022/ozone-meta/datanode-5/ratis/8cf78206-2280-4dd6-a2f1-bb7f519a9432/in_use.lock acquired by nodename 86312@fv-az1109-796
2024-02-26 09:18:30,583 [62c7a6b6-874c-46f0-a24f-66d1ecaaa81b-groupManagement] INFO  storage.RaftStorage (RaftStorageImpl.java:format(99)) - Storage directory /home/runner/work/ozone/ozone/hadoop-ozone/integration-test/target/test-dir/MiniOzoneClusterImpl-0d79f430-b8c0-477e-97b7-98e50d733022/ozone-meta/datanode-5/ratis/8cf78206-2280-4dd6-a2f1-bb7f519a9432 has been successfully formatted.
2024-02-26 09:18:30,583 [62c7a6b6-874c-46f0-a24f-66d1ecaaa81b-groupManagement] WARN  util.FileUtils (LogUtils.java:supplyAndLog(63)) - Failed to Files.newInputStream /home/runner/work/ozone/ozone/hadoop-ozone/integration-test/target/test-dir/MiniOzoneClusterImpl-0d79f430-b8c0-477e-97b7-98e50d733022/ozone-meta/datanode-5/ratis/8cf78206-2280-4dd6-a2f1-bb7f519a9432/current/raft-meta.conf with options []: java.nio.file.NoSuchFileException: /home/runner/work/ozone/ozone/hadoop-ozone/integration-test/target/test-dir/MiniOzoneClusterImpl-0d79f430-b8c0-477e-97b7-98e50d733022/ozone-meta/datanode-5/ratis/8cf78206-2280-4dd6-a2f1-bb7f519a9432/current/raft-meta.conf
2024-02-26 09:18:30,589 [62c7a6b6-874c-46f0-a24f-66d1ecaaa81b-groupManagement] INFO  ratis.ContainerStateMachine (ContainerStateMachine.java:loadSnapshot(287)) - group-BB7F519A9432: The snapshot info is null. Setting the last applied index to:(t:0, i:~)
2024-02-26 09:18:30,589 [62c7a6b6-874c-46f0-a24f-66d1ecaaa81b-groupManagement] INFO  server.RaftServerConfigKeys (ConfUtils.java:logGet(46)) - raft.server.log.use.memory = false (default)
2024-02-26 09:18:30,590 [62c7a6b6-874c-46f0-a24f-66d1ecaaa81b-groupManagement] INFO  server.RaftServerConfigKeys (ConfUtils.java:logGet(46)) - raft.server.log.purge.gap = 1000000 (custom)
2024-02-26 09:18:30,590 [62c7a6b6-874c-46f0-a24f-66d1ecaaa81b-groupManagement] INFO  server.RaftServerConfigKeys (ConfUtils.java:logGet(46)) - raft.server.log.appender.buffer.byte-limit = 8388608 (custom)
2024-02-26 09:18:30,590 [62c7a6b6-874c-46f0-a24f-66d1ecaaa81b-groupManagement] INFO  server.RaftServerConfigKeys (ConfUtils.java:logGet(46)) - raft.server.log.statemachine.data.read.timeout = 1000ms (default)
2024-02-26 09:18:30,590 [62c7a6b6-874c-46f0-a24f-66d1ecaaa81b-groupManagement] INFO  server.RaftServerConfigKeys (ConfUtils.java:logGet(46)) - raft.server.log.purge.preservation.log.num = 0 (default)
2024-02-26 09:18:30,593 [62c7a6b6-874c-46f0-a24f-66d1ecaaa81b-groupManagement] INFO  server.RaftServerConfigKeys (ConfUtils.java:logGet(46)) - raft.server.log.segment.size.max = 67108864 (custom)
2024-02-26 09:18:30,594 [62c7a6b6-874c-46f0-a24f-66d1ecaaa81b-groupManagement] INFO  server.RaftServerConfigKeys (ConfUtils.java:logGet(46)) - raft.server.log.segment.cache.num.max = 2 (custom)
2024-02-26 09:18:30,594 [62c7a6b6-874c-46f0-a24f-66d1ecaaa81b-groupManagement] INFO  server.RaftServerConfigKeys (ConfUtils.java:logGet(46)) - raft.server.log.segment.cache.size.max = 200MB (=209715200) (default)
2024-02-26 09:18:30,594 [62c7a6b6-874c-46f0-a24f-66d1ecaaa81b-groupManagement] INFO  server.RaftServerConfigKeys (ConfUtils.java:logGet(46)) - raft.server.log.appender.buffer.byte-limit = 8388608 (custom)
2024-02-26 09:18:30,594 [EventQueue-PipelineReportForPipelineReportHandler] INFO  pipeline.PipelineReportHandler (PipelineReportHandler.java:processPipelineReport(136)) - Opened pipeline PipelineID=8cf78206-2280-4dd6-a2f1-bb7f519a9432
2024-02-26 09:18:30,594 [62c7a6b6-874c-46f0-a24f-66d1ecaaa81b-groupManagement] INFO  util.AwaitToRun (AwaitToRun.java:start(81)) - Thread[62c7a6b6-874c-46f0-a24f-66d1ecaaa81b@group-BB7F519A9432-cacheEviction-AwaitToRun,5,main] started
2024-02-26 09:18:30,594 [EventQueue-OpenPipelineForHealthyPipelineSafeModeRule] INFO  safemode.SCMSafeModeManager (HealthyPipelineSafeModeRule.java:process(140)) - SCM in safe mode. Healthy pipelines reported count is 0, required healthy pipeline reported count is 1
2024-02-26 09:18:30,594 [62c7a6b6-874c-46f0-a24f-66d1ecaaa81b-groupManagement] INFO  segmented.SegmentedRaftLogWorker (SegmentedRaftLogWorker.java:<init>(182)) - new 62c7a6b6-874c-46f0-a24f-66d1ecaaa81b@group-BB7F519A9432-SegmentedRaftLogWorker for RaftStorageImpl:Storage Directory /home/runner/work/ozone/ozone/hadoop-ozone/integration-test/target/test-dir/MiniOzoneClusterImpl-0d79f430-b8c0-477e-97b7-98e50d733022/ozone-meta/datanode-5/ratis/8cf78206-2280-4dd6-a2f1-bb7f519a9432
2024-02-26 09:18:30,595 [62c7a6b6-874c-46f0-a24f-66d1ecaaa81b-groupManagement] INFO  server.RaftServerConfigKeys (ConfUtils.java:logGet(46)) - raft.server.log.queue.byte-limit = 4294967296 (custom)
2024-02-26 09:18:30,595 [62c7a6b6-874c-46f0-a24f-66d1ecaaa81b-groupManagement] INFO  server.RaftServerConfigKeys (ConfUtils.java:logGet(46)) - raft.server.log.queue.element-limit = 1024 (custom)
2024-02-26 09:18:30,595 [62c7a6b6-874c-46f0-a24f-66d1ecaaa81b-groupManagement] INFO  server.RaftServerConfigKeys (ConfUtils.java:logGet(46)) - raft.server.log.segment.size.max = 67108864 (custom)
2024-02-26 09:18:30,595 [62c7a6b6-874c-46f0-a24f-66d1ecaaa81b-groupManagement] INFO  server.RaftServerConfigKeys (ConfUtils.java:logGet(46)) - raft.server.log.preallocated.size = 4194304 (custom)
2024-02-26 09:18:30,595 [62c7a6b6-874c-46f0-a24f-66d1ecaaa81b-groupManagement] INFO  server.RaftServerConfigKeys (ConfUtils.java:logGet(46)) - raft.server.log.force.sync.num = 128 (default)
2024-02-26 09:18:30,595 [62c7a6b6-874c-46f0-a24f-66d1ecaaa81b-groupManagement] INFO  server.RaftServerConfigKeys (ConfUtils.java:logGet(46)) - raft.server.log.statemachine.data.sync = true (default)
2024-02-26 09:18:30,595 [62c7a6b6-874c-46f0-a24f-66d1ecaaa81b-groupManagement] INFO  server.RaftServerConfigKeys (ConfUtils.java:logGet(46)) - raft.server.log.statemachine.data.sync.timeout = 10s (default)
2024-02-26 09:18:30,595 [62c7a6b6-874c-46f0-a24f-66d1ecaaa81b-groupManagement] INFO  server.RaftServerConfigKeys (ConfUtils.java:logGet(46)) - raft.server.log.statemachine.data.sync.timeout.retry = 0 (custom)
2024-02-26 09:18:30,596 [62c7a6b6-874c-46f0-a24f-66d1ecaaa81b-groupManagement] INFO  server.RaftServerConfigKeys (ConfUtils.java:logGet(46)) - raft.server.log.write.buffer.size = 8388616 (custom)
2024-02-26 09:18:30,597 [62c7a6b6-874c-46f0-a24f-66d1ecaaa81b-groupManagement] INFO  server.RaftServerConfigKeys (ConfUtils.java:logGet(46)) - raft.server.log.appender.buffer.byte-limit = 8388608 (custom)
2024-02-26 09:18:30,598 [62c7a6b6-874c-46f0-a24f-66d1ecaaa81b-groupManagement] INFO  server.RaftServerConfigKeys (ConfUtils.java:logGet(46)) - raft.server.log.unsafe-flush.enabled = false (default)
2024-02-26 09:18:30,598 [62c7a6b6-874c-46f0-a24f-66d1ecaaa81b-groupManagement] INFO  server.RaftServerConfigKeys (ConfUtils.java:logGet(46)) - raft.server.log.async-flush.enabled = false (default)
2024-02-26 09:18:30,598 [62c7a6b6-874c-46f0-a24f-66d1ecaaa81b-groupManagement] INFO  server.RaftServerConfigKeys (ConfUtils.java:logGet(46)) - raft.server.log.statemachine.data.caching.enabled = true (custom)
2024-02-26 09:18:30,598 [62c7a6b6-874c-46f0-a24f-66d1ecaaa81b-groupManagement] INFO  segmented.SegmentedRaftLogWorker (SegmentedRaftLogWorker.java:lambda$new$0(134)) - 62c7a6b6-874c-46f0-a24f-66d1ecaaa81b@group-BB7F519A9432-SegmentedRaftLogWorker: flushIndex: setUnconditionally 0 -> -1
2024-02-26 09:18:30,598 [62c7a6b6-874c-46f0-a24f-66d1ecaaa81b-groupManagement] INFO  segmented.SegmentedRaftLogWorker (SegmentedRaftLogWorker.java:lambda$new$0(134)) - 62c7a6b6-874c-46f0-a24f-66d1ecaaa81b@group-BB7F519A9432-SegmentedRaftLogWorker: safeCacheEvictIndex: setUnconditionally 0 -> -1
2024-02-26 09:18:30,599 [62c7a6b6-874c-46f0-a24f-66d1ecaaa81b-groupManagement] INFO  server.RaftServer$Division (RaftServerImpl.java:start(396)) - 62c7a6b6-874c-46f0-a24f-66d1ecaaa81b@group-BB7F519A9432: start as a follower, conf=-1: peers:[62c7a6b6-874c-46f0-a24f-66d1ecaaa81b|10.1.0.30:15050]|listeners:[], old=null
2024-02-26 09:18:30,600 [62c7a6b6-874c-46f0-a24f-66d1ecaaa81b-groupManagement] INFO  server.RaftServer$Division (RaftServerImpl.java:setRole(383)) - 62c7a6b6-874c-46f0-a24f-66d1ecaaa81b@group-BB7F519A9432: changes role from      null to FOLLOWER at term 0 for startAsFollower
2024-02-26 09:18:30,600 [62c7a6b6-874c-46f0-a24f-66d1ecaaa81b-groupManagement] INFO  impl.RoleInfo (RoleInfo.java:updateAndGet(139)) - 62c7a6b6-874c-46f0-a24f-66d1ecaaa81b: start 62c7a6b6-874c-46f0-a24f-66d1ecaaa81b@group-BB7F519A9432-FollowerState
2024-02-26 09:18:30,600 [62c7a6b6-874c-46f0-a24f-66d1ecaaa81b-groupManagement] INFO  util.JmxRegister (JmxRegister.java:tryRegister(44)) - Successfully registered JMX Bean with object name Ratis:service=RaftServer,group=group-BB7F519A9432,id=62c7a6b6-874c-46f0-a24f-66d1ecaaa81b
2024-02-26 09:18:30,600 [62c7a6b6-874c-46f0-a24f-66d1ecaaa81b-groupManagement] INFO  server.RaftServerConfigKeys (ConfUtils.java:logGet(46)) - raft.server.snapshot.trigger-when-stop.enabled = true (default)
2024-02-26 09:18:30,600 [62c7a6b6-874c-46f0-a24f-66d1ecaaa81b-groupManagement] INFO  server.RaftServerConfigKeys (ConfUtils.java:logGet(46)) - raft.server.snapshot.auto.trigger.enabled = true (custom)
2024-02-26 09:18:30,600 [62c7a6b6-874c-46f0-a24f-66d1ecaaa81b-groupManagement] INFO  server.RaftServerConfigKeys (ConfUtils.java:logGet(46)) - raft.server.snapshot.auto.trigger.threshold = 10000 (custom)
2024-02-26 09:18:30,601 [62c7a6b6-874c-46f0-a24f-66d1ecaaa81b-groupManagement] INFO  server.RaftServerConfigKeys (ConfUtils.java:logGet(46)) - raft.server.snapshot.retention.file.num = 5 (custom)
2024-02-26 09:18:30,601 [62c7a6b6-874c-46f0-a24f-66d1ecaaa81b-groupManagement] INFO  server.RaftServerConfigKeys (ConfUtils.java:logGet(46)) - raft.server.log.purge.upto.snapshot.index = false (default)
2024-02-26 09:18:30,602 [62c7a6b6-874c-46f0-a24f-66d1ecaaa81b@group-BB7F519A9432-FollowerState] INFO  server.RaftServerConfigKeys (ConfUtils.java:logFallback(53)) - raft.server.rpc.first-election.timeout.min = 5s (fallback to raft.server.rpc.timeout.min)
2024-02-26 09:18:30,602 [62c7a6b6-874c-46f0-a24f-66d1ecaaa81b@group-BB7F519A9432-FollowerState] INFO  server.RaftServerConfigKeys (ConfUtils.java:logFallback(53)) - raft.server.rpc.first-election.timeout.max = 5200ms (fallback to raft.server.rpc.timeout.max)
2024-02-26 09:18:30,608 [62c7a6b6-874c-46f0-a24f-66d1ecaaa81b-PipelineCommandHandlerThread-0] INFO  ratis.XceiverServerRatis (XceiverServerRatis.java:addGroup(864)) - Created group PipelineID=8cf78206-2280-4dd6-a2f1-bb7f519a9432
2024-02-26 09:18:30,609 [62c7a6b6-874c-46f0-a24f-66d1ecaaa81b-PipelineCommandHandlerThread-0] INFO  commandhandler.CreatePipelineCommandHandler (CreatePipelineCommandHandler.java:lambda$handle$2(124)) - Created Pipeline RATIS ONE PipelineID=8cf78206-2280-4dd6-a2f1-bb7f519a9432.
2024-02-26 09:18:30,609 [62c7a6b6-874c-46f0-a24f-66d1ecaaa81b-PipelineCommandHandlerThread-0] INFO  server.RaftServer (RaftServerProxy.java:addNew(100)) - 62c7a6b6-874c-46f0-a24f-66d1ecaaa81b: addNew group-66F4A86A365C:[805285a9-14be-4ba5-9516-049ed8f85315|10.1.0.30:15041, 62c7a6b6-874c-46f0-a24f-66d1ecaaa81b|10.1.0.30:15050, bca0bda6-c24b-45de-ae86-b5c7c2d890ab|10.1.0.30:15059] returns group-66F4A86A365C:java.util.concurrent.CompletableFuture@5f5e4114[Not completed]
2024-02-26 09:18:30,610 [62c7a6b6-874c-46f0-a24f-66d1ecaaa81b-groupManagement] INFO  server.RaftServer$Division (RaftServerImpl.java:<init>(256)) - 62c7a6b6-874c-46f0-a24f-66d1ecaaa81b: new RaftServerImpl for group-66F4A86A365C:[805285a9-14be-4ba5-9516-049ed8f85315|10.1.0.30:15041, 62c7a6b6-874c-46f0-a24f-66d1ecaaa81b|10.1.0.30:15050, bca0bda6-c24b-45de-ae86-b5c7c2d890ab|10.1.0.30:15059] with ContainerStateMachine:uninitialized
2024-02-26 09:18:30,610 [62c7a6b6-874c-46f0-a24f-66d1ecaaa81b-groupManagement] INFO  server.RaftServerConfigKeys (ConfUtils.java:logGet(46)) - raft.server.rpc.timeout.min = 5s (custom)
2024-02-26 09:18:30,610 [62c7a6b6-874c-46f0-a24f-66d1ecaaa81b-groupManagement] INFO  server.RaftServerConfigKeys (ConfUtils.java:logGet(46)) - raft.server.rpc.timeout.max = 5200ms (custom)
2024-02-26 09:18:30,610 [62c7a6b6-874c-46f0-a24f-66d1ecaaa81b-groupManagement] INFO  server.RaftServerConfigKeys (ConfUtils.java:logGet(46)) - raft.server.rpc.sleep.time = 25ms (default)
2024-02-26 09:18:30,610 [62c7a6b6-874c-46f0-a24f-66d1ecaaa81b-groupManagement] INFO  server.RaftServerConfigKeys (ConfUtils.java:logGet(46)) - raft.server.rpc.slowness.timeout = 300s (custom)
2024-02-26 09:18:30,610 [62c7a6b6-874c-46f0-a24f-66d1ecaaa81b-groupManagement] INFO  server.RaftServerConfigKeys (ConfUtils.java:logGet(46)) - raft.server.leaderelection.leader.step-down.wait-time = 10s (default)
2024-02-26 09:18:30,610 [62c7a6b6-874c-46f0-a24f-66d1ecaaa81b-groupManagement] INFO  server.RaftServerConfigKeys (ConfUtils.java:logGet(46)) - raft.server.leaderelection.member.majority-add = false (default)
2024-02-26 09:18:30,610 [62c7a6b6-874c-46f0-a24f-66d1ecaaa81b-groupManagement] INFO  server.RaftServerConfigKeys (ConfUtils.java:logGet(46)) - raft.server.sleep.deviation.threshold = 300ms (default)
2024-02-26 09:18:30,611 [62c7a6b6-874c-46f0-a24f-66d1ecaaa81b-groupManagement] INFO  server.RaftServer$Division (ServerState.java:<init>(113)) - 62c7a6b6-874c-46f0-a24f-66d1ecaaa81b@group-66F4A86A365C: ConfigurationManager, init=-1: peers:[805285a9-14be-4ba5-9516-049ed8f85315|10.1.0.30:15041, 62c7a6b6-874c-46f0-a24f-66d1ecaaa81b|10.1.0.30:15050, bca0bda6-c24b-45de-ae86-b5c7c2d890ab|10.1.0.30:15059]|listeners:[], old=null, confs=<EMPTY_MAP>
2024-02-26 09:18:30,611 [62c7a6b6-874c-46f0-a24f-66d1ecaaa81b-groupManagement] INFO  server.RaftServerConfigKeys (ConfUtils.java:logGet(46)) - raft.server.notification.no-leader.timeout = 300s (custom)
2024-02-26 09:18:30,611 [62c7a6b6-874c-46f0-a24f-66d1ecaaa81b-groupManagement] INFO  server.RaftServerConfigKeys (ConfUtils.java:logGet(46)) - raft.server.read.timeout = 10s (default)
2024-02-26 09:18:30,611 [62c7a6b6-874c-46f0-a24f-66d1ecaaa81b-groupManagement] INFO  server.RaftServerConfigKeys (ConfUtils.java:logGet(46)) - raft.server.retrycache.expirytime = 600000ms (custom)
2024-02-26 09:18:30,611 [62c7a6b6-874c-46f0-a24f-66d1ecaaa81b-groupManagement] INFO  server.RaftServerConfigKeys (ConfUtils.java:logGet(46)) - raft.server.retrycache.statistics.expirytime = 100ms (default)
2024-02-26 09:18:30,611 [62c7a6b6-874c-46f0-a24f-66d1ecaaa81b-groupManagement] INFO  server.RaftServerConfigKeys (ConfUtils.java:logGet(46)) - raft.server.read.option = DEFAULT (default)
2024-02-26 09:18:30,611 [62c7a6b6-874c-46f0-a24f-66d1ecaaa81b-groupManagement] INFO  server.RaftServerConfigKeys (ConfUtils.java:logGet(46)) - raft.server.read.read-after-write-consistent.write-index-cache.expiry-time = 60s (default)
2024-02-26 09:18:30,615 [62c7a6b6-874c-46f0-a24f-66d1ecaaa81b-groupManagement] INFO  server.RaftServerConfigKeys (ConfUtils.java:logGet(46)) - raft.server.rpc.request.timeout = 60s (custom)
2024-02-26 09:18:30,615 [62c7a6b6-874c-46f0-a24f-66d1ecaaa81b-groupManagement] INFO  server.RaftServerConfigKeys (ConfUtils.java:logGet(46)) - raft.server.log.appender.install.snapshot.enabled = false (custom)
2024-02-26 09:18:30,615 [62c7a6b6-874c-46f0-a24f-66d1ecaaa81b-groupManagement] INFO  server.RaftServerConfigKeys (ConfUtils.java:logGet(46)) - raft.server.threadpool.server.cached = true (default)
2024-02-26 09:18:30,615 [62c7a6b6-874c-46f0-a24f-66d1ecaaa81b-groupManagement] INFO  server.RaftServerConfigKeys (ConfUtils.java:logGet(46)) - raft.server.threadpool.server.size = 0 (default)
2024-02-26 09:18:30,615 [62c7a6b6-874c-46f0-a24f-66d1ecaaa81b-groupManagement] INFO  server.RaftServerConfigKeys (ConfUtils.java:logGet(46)) - raft.server.threadpool.client.cached = true (default)
2024-02-26 09:18:30,615 [62c7a6b6-874c-46f0-a24f-66d1ecaaa81b-groupManagement] INFO  server.RaftServerConfigKeys (ConfUtils.java:logGet(46)) - raft.server.threadpool.client.size = 0 (default)
2024-02-26 09:18:30,615 [62c7a6b6-874c-46f0-a24f-66d1ecaaa81b-groupManagement] INFO  server.RaftServerConfigKeys (ConfUtils.java:logGet(46)) - raft.server.storage.free-space.min = 0MB (=0) (default)
2024-02-26 09:18:30,615 [62c7a6b6-874c-46f0-a24f-66d1ecaaa81b-groupManagement] INFO  server.RaftServerConfigKeys (ConfUtils.java:logGet(46)) - raft.server.log.corruption.policy = EXCEPTION (default)
2024-02-26 09:18:30,616 [62c7a6b6-874c-46f0-a24f-66d1ecaaa81b-groupManagement] INFO  server.RaftServerConfigKeys (ConfUtils.java:logGet(46)) - raft.server.storage.dir = [/home/runner/work/ozone/ozone/hadoop-ozone/integration-test/target/test-dir/MiniOzoneClusterImpl-0d79f430-b8c0-477e-97b7-98e50d733022/ozone-meta/datanode-5/ratis] (custom)
2024-02-26 09:18:30,616 [62c7a6b6-874c-46f0-a24f-66d1ecaaa81b-groupManagement] INFO  storage.RaftStorageDirectory (RaftStorageDirectoryImpl.java:analyzeStorage(138)) - The storage directory /home/runner/work/ozone/ozone/hadoop-ozone/integration-test/target/test-dir/MiniOzoneClusterImpl-0d79f430-b8c0-477e-97b7-98e50d733022/ozone-meta/datanode-5/ratis/e66b14b8-0bee-4da7-8c90-66f4a86a365c does not exist. Creating ...
2024-02-26 09:18:30,617 [62c7a6b6-874c-46f0-a24f-66d1ecaaa81b-groupManagement] INFO  storage.RaftStorageDirectory (RaftStorageDirectoryImpl.java:tryLock(228)) - Lock on /home/runner/work/ozone/ozone/hadoop-ozone/integration-test/target/test-dir/MiniOzoneClusterImpl-0d79f430-b8c0-477e-97b7-98e50d733022/ozone-meta/datanode-5/ratis/e66b14b8-0bee-4da7-8c90-66f4a86a365c/in_use.lock acquired by nodename 86312@fv-az1109-796
2024-02-26 09:18:30,621 [62c7a6b6-874c-46f0-a24f-66d1ecaaa81b-groupManagement] INFO  storage.RaftStorage (RaftStorageImpl.java:format(99)) - Storage directory /home/runner/work/ozone/ozone/hadoop-ozone/integration-test/target/test-dir/MiniOzoneClusterImpl-0d79f430-b8c0-477e-97b7-98e50d733022/ozone-meta/datanode-5/ratis/e66b14b8-0bee-4da7-8c90-66f4a86a365c has been successfully formatted.
2024-02-26 09:18:30,626 [62c7a6b6-874c-46f0-a24f-66d1ecaaa81b-groupManagement] WARN  util.FileUtils (LogUtils.java:supplyAndLog(63)) - Failed to Files.newInputStream /home/runner/work/ozone/ozone/hadoop-ozone/integration-test/target/test-dir/MiniOzoneClusterImpl-0d79f430-b8c0-477e-97b7-98e50d733022/ozone-meta/datanode-5/ratis/e66b14b8-0bee-4da7-8c90-66f4a86a365c/current/raft-meta.conf with options []: java.nio.file.NoSuchFileException: /home/runner/work/ozone/ozone/hadoop-ozone/integration-test/target/test-dir/MiniOzoneClusterImpl-0d79f430-b8c0-477e-97b7-98e50d733022/ozone-meta/datanode-5/ratis/e66b14b8-0bee-4da7-8c90-66f4a86a365c/current/raft-meta.conf
2024-02-26 09:18:30,626 [62c7a6b6-874c-46f0-a24f-66d1ecaaa81b-groupManagement] INFO  ratis.ContainerStateMachine (ContainerStateMachine.java:loadSnapshot(287)) - group-66F4A86A365C: The snapshot info is null. Setting the last applied index to:(t:0, i:~)
2024-02-26 09:18:30,626 [62c7a6b6-874c-46f0-a24f-66d1ecaaa81b-groupManagement] INFO  server.RaftServerConfigKeys (ConfUtils.java:logGet(46)) - raft.server.log.use.memory = false (default)
2024-02-26 09:18:30,626 [62c7a6b6-874c-46f0-a24f-66d1ecaaa81b-groupManagement] INFO  server.RaftServerConfigKeys (ConfUtils.java:logGet(46)) - raft.server.log.purge.gap = 1000000 (custom)
2024-02-26 09:18:30,626 [62c7a6b6-874c-46f0-a24f-66d1ecaaa81b-groupManagement] INFO  server.RaftServerConfigKeys (ConfUtils.java:logGet(46)) - raft.server.log.appender.buffer.byte-limit = 8388608 (custom)
2024-02-26 09:18:30,626 [62c7a6b6-874c-46f0-a24f-66d1ecaaa81b-groupManagement] INFO  server.RaftServerConfigKeys (ConfUtils.java:logGet(46)) - raft.server.log.statemachine.data.read.timeout = 1000ms (default)
2024-02-26 09:18:30,627 [62c7a6b6-874c-46f0-a24f-66d1ecaaa81b-groupManagement] INFO  server.RaftServerConfigKeys (ConfUtils.java:logGet(46)) - raft.server.log.purge.preservation.log.num = 0 (default)
2024-02-26 09:18:30,630 [EventQueue-OpenPipelineForHealthyPipelineSafeModeRule] INFO  safemode.SCMSafeModeManager (HealthyPipelineSafeModeRule.java:process(140)) - SCM in safe mode. Healthy pipelines reported count is 0, required healthy pipeline reported count is 1
2024-02-26 09:18:30,640 [62c7a6b6-874c-46f0-a24f-66d1ecaaa81b-groupManagement] INFO  server.RaftServerConfigKeys (ConfUtils.java:logGet(46)) - raft.server.log.segment.size.max = 67108864 (custom)
2024-02-26 09:18:30,642 [62c7a6b6-874c-46f0-a24f-66d1ecaaa81b-groupManagement] INFO  server.RaftServerConfigKeys (ConfUtils.java:logGet(46)) - raft.server.log.segment.cache.num.max = 2 (custom)
2024-02-26 09:18:30,642 [62c7a6b6-874c-46f0-a24f-66d1ecaaa81b-groupManagement] INFO  server.RaftServerConfigKeys (ConfUtils.java:logGet(46)) - raft.server.log.segment.cache.size.max = 200MB (=209715200) (default)
2024-02-26 09:18:30,642 [62c7a6b6-874c-46f0-a24f-66d1ecaaa81b-groupManagement] INFO  server.RaftServerConfigKeys (ConfUtils.java:logGet(46)) - raft.server.log.appender.buffer.byte-limit = 8388608 (custom)
2024-02-26 09:18:30,645 [62c7a6b6-874c-46f0-a24f-66d1ecaaa81b-groupManagement] INFO  util.AwaitToRun (AwaitToRun.java:start(81)) - Thread[62c7a6b6-874c-46f0-a24f-66d1ecaaa81b@group-66F4A86A365C-cacheEviction-AwaitToRun,5,main] started
2024-02-26 09:18:30,645 [62c7a6b6-874c-46f0-a24f-66d1ecaaa81b-groupManagement] INFO  segmented.SegmentedRaftLogWorker (SegmentedRaftLogWorker.java:<init>(182)) - new 62c7a6b6-874c-46f0-a24f-66d1ecaaa81b@group-66F4A86A365C-SegmentedRaftLogWorker for RaftStorageImpl:Storage Directory /home/runner/work/ozone/ozone/hadoop-ozone/integration-test/target/test-dir/MiniOzoneClusterImpl-0d79f430-b8c0-477e-97b7-98e50d733022/ozone-meta/datanode-5/ratis/e66b14b8-0bee-4da7-8c90-66f4a86a365c
2024-02-26 09:18:30,646 [62c7a6b6-874c-46f0-a24f-66d1ecaaa81b-groupManagement] INFO  server.RaftServerConfigKeys (ConfUtils.java:logGet(46)) - raft.server.log.queue.byte-limit = 4294967296 (custom)
2024-02-26 09:18:30,646 [62c7a6b6-874c-46f0-a24f-66d1ecaaa81b-groupManagement] INFO  server.RaftServerConfigKeys (ConfUtils.java:logGet(46)) - raft.server.log.queue.element-limit = 1024 (custom)
2024-02-26 09:18:30,646 [62c7a6b6-874c-46f0-a24f-66d1ecaaa81b-groupManagement] INFO  server.RaftServerConfigKeys (ConfUtils.java:logGet(46)) - raft.server.log.segment.size.max = 67108864 (custom)
2024-02-26 09:18:30,646 [62c7a6b6-874c-46f0-a24f-66d1ecaaa81b-groupManagement] INFO  server.RaftServerConfigKeys (ConfUtils.java:logGet(46)) - raft.server.log.preallocated.size = 4194304 (custom)
2024-02-26 09:18:30,646 [62c7a6b6-874c-46f0-a24f-66d1ecaaa81b-groupManagement] INFO  server.RaftServerConfigKeys (ConfUtils.java:logGet(46)) - raft.server.log.force.sync.num = 128 (default)
2024-02-26 09:18:30,646 [62c7a6b6-874c-46f0-a24f-66d1ecaaa81b-groupManagement] INFO  server.RaftServerConfigKeys (ConfUtils.java:logGet(46)) - raft.server.log.statemachine.data.sync = true (default)
2024-02-26 09:18:30,646 [62c7a6b6-874c-46f0-a24f-66d1ecaaa81b-groupManagement] INFO  server.RaftServerConfigKeys (ConfUtils.java:logGet(46)) - raft.server.log.statemachine.data.sync.timeout = 10s (default)
2024-02-26 09:18:30,646 [62c7a6b6-874c-46f0-a24f-66d1ecaaa81b-groupManagement] INFO  server.RaftServerConfigKeys (ConfUtils.java:logGet(46)) - raft.server.log.statemachine.data.sync.timeout.retry = 0 (custom)
2024-02-26 09:18:30,647 [62c7a6b6-874c-46f0-a24f-66d1ecaaa81b-groupManagement] INFO  server.RaftServerConfigKeys (ConfUtils.java:logGet(46)) - raft.server.log.write.buffer.size = 8388616 (custom)
2024-02-26 09:18:30,649 [62c7a6b6-874c-46f0-a24f-66d1ecaaa81b-groupManagement] INFO  server.RaftServerConfigKeys (ConfUtils.java:logGet(46)) - raft.server.log.appender.buffer.byte-limit = 8388608 (custom)
2024-02-26 09:18:30,649 [62c7a6b6-874c-46f0-a24f-66d1ecaaa81b-groupManagement] INFO  server.RaftServerConfigKeys (ConfUtils.java:logGet(46)) - raft.server.log.unsafe-flush.enabled = false (default)
2024-02-26 09:18:30,649 [62c7a6b6-874c-46f0-a24f-66d1ecaaa81b-groupManagement] INFO  server.RaftServerConfigKeys (ConfUtils.java:logGet(46)) - raft.server.log.async-flush.enabled = false (default)
2024-02-26 09:18:30,649 [62c7a6b6-874c-46f0-a24f-66d1ecaaa81b-groupManagement] INFO  server.RaftServerConfigKeys (ConfUtils.java:logGet(46)) - raft.server.log.statemachine.data.caching.enabled = true (custom)
2024-02-26 09:18:30,649 [62c7a6b6-874c-46f0-a24f-66d1ecaaa81b-groupManagement] INFO  segmented.SegmentedRaftLogWorker (SegmentedRaftLogWorker.java:lambda$new$0(134)) - 62c7a6b6-874c-46f0-a24f-66d1ecaaa81b@group-66F4A86A365C-SegmentedRaftLogWorker: flushIndex: setUnconditionally 0 -> -1
2024-02-26 09:18:30,649 [62c7a6b6-874c-46f0-a24f-66d1ecaaa81b-groupManagement] INFO  segmented.SegmentedRaftLogWorker (SegmentedRaftLogWorker.java:lambda$new$0(134)) - 62c7a6b6-874c-46f0-a24f-66d1ecaaa81b@group-66F4A86A365C-SegmentedRaftLogWorker: safeCacheEvictIndex: setUnconditionally 0 -> -1
2024-02-26 09:18:30,650 [62c7a6b6-874c-46f0-a24f-66d1ecaaa81b-groupManagement] INFO  server.RaftServer$Division (RaftServerImpl.java:start(396)) - 62c7a6b6-874c-46f0-a24f-66d1ecaaa81b@group-66F4A86A365C: start as a follower, conf=-1: peers:[805285a9-14be-4ba5-9516-049ed8f85315|10.1.0.30:15041, 62c7a6b6-874c-46f0-a24f-66d1ecaaa81b|10.1.0.30:15050, bca0bda6-c24b-45de-ae86-b5c7c2d890ab|10.1.0.30:15059]|listeners:[], old=null
2024-02-26 09:18:30,650 [62c7a6b6-874c-46f0-a24f-66d1ecaaa81b-groupManagement] INFO  server.RaftServer$Division (RaftServerImpl.java:setRole(383)) - 62c7a6b6-874c-46f0-a24f-66d1ecaaa81b@group-66F4A86A365C: changes role from      null to FOLLOWER at term 0 for startAsFollower
2024-02-26 09:18:30,650 [62c7a6b6-874c-46f0-a24f-66d1ecaaa81b-groupManagement] INFO  impl.RoleInfo (RoleInfo.java:updateAndGet(139)) - 62c7a6b6-874c-46f0-a24f-66d1ecaaa81b: start 62c7a6b6-874c-46f0-a24f-66d1ecaaa81b@group-66F4A86A365C-FollowerState
2024-02-26 09:18:30,652 [62c7a6b6-874c-46f0-a24f-66d1ecaaa81b-groupManagement] INFO  util.JmxRegister (JmxRegister.java:tryRegister(44)) - Successfully registered JMX Bean with object name Ratis:service=RaftServer,group=group-66F4A86A365C,id=62c7a6b6-874c-46f0-a24f-66d1ecaaa81b
2024-02-26 09:18:30,652 [62c7a6b6-874c-46f0-a24f-66d1ecaaa81b-groupManagement] INFO  server.RaftServerConfigKeys (ConfUtils.java:logGet(46)) - raft.server.snapshot.trigger-when-stop.enabled = true (default)
2024-02-26 09:18:30,653 [62c7a6b6-874c-46f0-a24f-66d1ecaaa81b-groupManagement] INFO  server.RaftServerConfigKeys (ConfUtils.java:logGet(46)) - raft.server.snapshot.auto.trigger.enabled = true (custom)
2024-02-26 09:18:30,653 [62c7a6b6-874c-46f0-a24f-66d1ecaaa81b-groupManagement] INFO  server.RaftServerConfigKeys (ConfUtils.java:logGet(46)) - raft.server.snapshot.auto.trigger.threshold = 10000 (custom)
2024-02-26 09:18:30,653 [62c7a6b6-874c-46f0-a24f-66d1ecaaa81b-groupManagement] INFO  server.RaftServerConfigKeys (ConfUtils.java:logGet(46)) - raft.server.snapshot.retention.file.num = 5 (custom)
2024-02-26 09:18:30,653 [62c7a6b6-874c-46f0-a24f-66d1ecaaa81b-groupManagement] INFO  server.RaftServerConfigKeys (ConfUtils.java:logGet(46)) - raft.server.log.purge.upto.snapshot.index = false (default)
2024-02-26 09:18:30,654 [62c7a6b6-874c-46f0-a24f-66d1ecaaa81b@group-66F4A86A365C-FollowerState] INFO  server.RaftServerConfigKeys (ConfUtils.java:logFallback(53)) - raft.server.rpc.first-election.timeout.min = 5s (fallback to raft.server.rpc.timeout.min)
2024-02-26 09:18:30,654 [62c7a6b6-874c-46f0-a24f-66d1ecaaa81b-PipelineCommandHandlerThread-0] INFO  ratis.XceiverServerRatis (XceiverServerRatis.java:addGroup(864)) - Created group PipelineID=e66b14b8-0bee-4da7-8c90-66f4a86a365c
2024-02-26 09:18:30,654 [62c7a6b6-874c-46f0-a24f-66d1ecaaa81b@group-66F4A86A365C-FollowerState] INFO  server.RaftServerConfigKeys (ConfUtils.java:logFallback(53)) - raft.server.rpc.first-election.timeout.max = 5200ms (fallback to raft.server.rpc.timeout.max)
2024-02-26 09:18:30,688 [bca0bda6-c24b-45de-ae86-b5c7c2d890ab-PipelineCommandHandlerThread-0] INFO  server.RaftServer (RaftServerProxy.java:addNew(100)) - bca0bda6-c24b-45de-ae86-b5c7c2d890ab: addNew group-03D8C6A018CC:[bca0bda6-c24b-45de-ae86-b5c7c2d890ab|10.1.0.30:15059] returns group-03D8C6A018CC:java.util.concurrent.CompletableFuture@19ce7dd6[Not completed]
2024-02-26 09:18:30,690 [bca0bda6-c24b-45de-ae86-b5c7c2d890ab-groupManagement] INFO  server.RaftServer$Division (RaftServerImpl.java:<init>(256)) - bca0bda6-c24b-45de-ae86-b5c7c2d890ab: new RaftServerImpl for group-03D8C6A018CC:[bca0bda6-c24b-45de-ae86-b5c7c2d890ab|10.1.0.30:15059] with ContainerStateMachine:uninitialized
2024-02-26 09:18:30,690 [bca0bda6-c24b-45de-ae86-b5c7c2d890ab-groupManagement] INFO  server.RaftServerConfigKeys (ConfUtils.java:logGet(46)) - raft.server.rpc.timeout.min = 5s (custom)
2024-02-26 09:18:30,690 [bca0bda6-c24b-45de-ae86-b5c7c2d890ab-groupManagement] INFO  server.RaftServerConfigKeys (ConfUtils.java:logGet(46)) - raft.server.rpc.timeout.max = 5200ms (custom)
2024-02-26 09:18:30,690 [bca0bda6-c24b-45de-ae86-b5c7c2d890ab-groupManagement] INFO  server.RaftServerConfigKeys (ConfUtils.java:logGet(46)) - raft.server.rpc.sleep.time = 25ms (default)
2024-02-26 09:18:30,690 [bca0bda6-c24b-45de-ae86-b5c7c2d890ab-groupManagement] INFO  server.RaftServerConfigKeys (ConfUtils.java:logGet(46)) - raft.server.rpc.slowness.timeout = 300s (custom)
2024-02-26 09:18:30,691 [bca0bda6-c24b-45de-ae86-b5c7c2d890ab-groupManagement] INFO  server.RaftServerConfigKeys (ConfUtils.java:logGet(46)) - raft.server.leaderelection.leader.step-down.wait-time = 10s (default)
2024-02-26 09:18:30,691 [bca0bda6-c24b-45de-ae86-b5c7c2d890ab-groupManagement] INFO  server.RaftServerConfigKeys (ConfUtils.java:logGet(46)) - raft.server.leaderelection.member.majority-add = false (default)
2024-02-26 09:18:30,691 [bca0bda6-c24b-45de-ae86-b5c7c2d890ab-groupManagement] INFO  server.RaftServerConfigKeys (ConfUtils.java:logGet(46)) - raft.server.sleep.deviation.threshold = 300ms (default)
2024-02-26 09:18:30,691 [bca0bda6-c24b-45de-ae86-b5c7c2d890ab-groupManagement] INFO  server.RaftServer$Division (ServerState.java:<init>(113)) - bca0bda6-c24b-45de-ae86-b5c7c2d890ab@group-03D8C6A018CC: ConfigurationManager, init=-1: peers:[bca0bda6-c24b-45de-ae86-b5c7c2d890ab|10.1.0.30:15059]|listeners:[], old=null, confs=<EMPTY_MAP>
2024-02-26 09:18:30,691 [bca0bda6-c24b-45de-ae86-b5c7c2d890ab-groupManagement] INFO  server.RaftServerConfigKeys (ConfUtils.java:logGet(46)) - raft.server.notification.no-leader.timeout = 300s (custom)
2024-02-26 09:18:30,691 [bca0bda6-c24b-45de-ae86-b5c7c2d890ab-groupManagement] INFO  server.RaftServerConfigKeys (ConfUtils.java:logGet(46)) - raft.server.read.timeout = 10s (default)
2024-02-26 09:18:30,691 [bca0bda6-c24b-45de-ae86-b5c7c2d890ab-groupManagement] INFO  server.RaftServerConfigKeys (ConfUtils.java:logGet(46)) - raft.server.retrycache.expirytime = 600000ms (custom)
2024-02-26 09:18:30,691 [bca0bda6-c24b-45de-ae86-b5c7c2d890ab-groupManagement] INFO  server.RaftServerConfigKeys (ConfUtils.java:logGet(46)) - raft.server.retrycache.statistics.expirytime = 100ms (default)
2024-02-26 09:18:30,691 [bca0bda6-c24b-45de-ae86-b5c7c2d890ab-groupManagement] INFO  server.RaftServerConfigKeys (ConfUtils.java:logGet(46)) - raft.server.read.option = DEFAULT (default)
2024-02-26 09:18:30,691 [bca0bda6-c24b-45de-ae86-b5c7c2d890ab-groupManagement] INFO  server.RaftServerConfigKeys (ConfUtils.java:logGet(46)) - raft.server.read.read-after-write-consistent.write-index-cache.expiry-time = 60s (default)
2024-02-26 09:18:30,704 [bca0bda6-c24b-45de-ae86-b5c7c2d890ab-groupManagement] INFO  server.RaftServerConfigKeys (ConfUtils.java:logGet(46)) - raft.server.rpc.request.timeout = 60s (custom)
2024-02-26 09:18:30,704 [bca0bda6-c24b-45de-ae86-b5c7c2d890ab-groupManagement] INFO  server.RaftServerConfigKeys (ConfUtils.java:logGet(46)) - raft.server.log.appender.install.snapshot.enabled = false (custom)
2024-02-26 09:18:30,705 [bca0bda6-c24b-45de-ae86-b5c7c2d890ab-groupManagement] INFO  server.RaftServerConfigKeys (ConfUtils.java:logGet(46)) - raft.server.threadpool.server.cached = true (default)
2024-02-26 09:18:30,705 [bca0bda6-c24b-45de-ae86-b5c7c2d890ab-groupManagement] INFO  server.RaftServerConfigKeys (ConfUtils.java:logGet(46)) - raft.server.threadpool.server.size = 0 (default)
2024-02-26 09:18:30,705 [bca0bda6-c24b-45de-ae86-b5c7c2d890ab-groupManagement] INFO  server.RaftServerConfigKeys (ConfUtils.java:logGet(46)) - raft.server.threadpool.client.cached = true (default)
2024-02-26 09:18:30,705 [bca0bda6-c24b-45de-ae86-b5c7c2d890ab-groupManagement] INFO  server.RaftServerConfigKeys (ConfUtils.java:logGet(46)) - raft.server.threadpool.client.size = 0 (default)
2024-02-26 09:18:30,705 [bca0bda6-c24b-45de-ae86-b5c7c2d890ab-groupManagement] INFO  server.RaftServerConfigKeys (ConfUtils.java:logGet(46)) - raft.server.storage.free-space.min = 0MB (=0) (default)
2024-02-26 09:18:30,705 [bca0bda6-c24b-45de-ae86-b5c7c2d890ab-groupManagement] INFO  server.RaftServerConfigKeys (ConfUtils.java:logGet(46)) - raft.server.log.corruption.policy = EXCEPTION (default)
2024-02-26 09:18:30,705 [bca0bda6-c24b-45de-ae86-b5c7c2d890ab-groupManagement] INFO  server.RaftServerConfigKeys (ConfUtils.java:logGet(46)) - raft.server.storage.dir = [/home/runner/work/ozone/ozone/hadoop-ozone/integration-test/target/test-dir/MiniOzoneClusterImpl-0d79f430-b8c0-477e-97b7-98e50d733022/ozone-meta/datanode-6/ratis] (custom)
2024-02-26 09:18:30,706 [bca0bda6-c24b-45de-ae86-b5c7c2d890ab-groupManagement] INFO  storage.RaftStorageDirectory (RaftStorageDirectoryImpl.java:analyzeStorage(138)) - The storage directory /home/runner/work/ozone/ozone/hadoop-ozone/integration-test/target/test-dir/MiniOzoneClusterImpl-0d79f430-b8c0-477e-97b7-98e50d733022/ozone-meta/datanode-6/ratis/a75f2f67-ef60-4d48-8ff0-03d8c6a018cc does not exist. Creating ...
2024-02-26 09:18:30,707 [bca0bda6-c24b-45de-ae86-b5c7c2d890ab-groupManagement] INFO  storage.RaftStorageDirectory (RaftStorageDirectoryImpl.java:tryLock(228)) - Lock on /home/runner/work/ozone/ozone/hadoop-ozone/integration-test/target/test-dir/MiniOzoneClusterImpl-0d79f430-b8c0-477e-97b7-98e50d733022/ozone-meta/datanode-6/ratis/a75f2f67-ef60-4d48-8ff0-03d8c6a018cc/in_use.lock acquired by nodename 86312@fv-az1109-796
2024-02-26 09:18:30,708 [bca0bda6-c24b-45de-ae86-b5c7c2d890ab-groupManagement] INFO  storage.RaftStorage (RaftStorageImpl.java:format(99)) - Storage directory /home/runner/work/ozone/ozone/hadoop-ozone/integration-test/target/test-dir/MiniOzoneClusterImpl-0d79f430-b8c0-477e-97b7-98e50d733022/ozone-meta/datanode-6/ratis/a75f2f67-ef60-4d48-8ff0-03d8c6a018cc has been successfully formatted.
2024-02-26 09:18:30,709 [bca0bda6-c24b-45de-ae86-b5c7c2d890ab-groupManagement] WARN  util.FileUtils (LogUtils.java:supplyAndLog(63)) - Failed to Files.newInputStream /home/runner/work/ozone/ozone/hadoop-ozone/integration-test/target/test-dir/MiniOzoneClusterImpl-0d79f430-b8c0-477e-97b7-98e50d733022/ozone-meta/datanode-6/ratis/a75f2f67-ef60-4d48-8ff0-03d8c6a018cc/current/raft-meta.conf with options []: java.nio.file.NoSuchFileException: /home/runner/work/ozone/ozone/hadoop-ozone/integration-test/target/test-dir/MiniOzoneClusterImpl-0d79f430-b8c0-477e-97b7-98e50d733022/ozone-meta/datanode-6/ratis/a75f2f67-ef60-4d48-8ff0-03d8c6a018cc/current/raft-meta.conf
2024-02-26 09:18:30,712 [bca0bda6-c24b-45de-ae86-b5c7c2d890ab-groupManagement] INFO  ratis.ContainerStateMachine (ContainerStateMachine.java:loadSnapshot(287)) - group-03D8C6A018CC: The snapshot info is null. Setting the last applied index to:(t:0, i:~)
2024-02-26 09:18:30,712 [bca0bda6-c24b-45de-ae86-b5c7c2d890ab-groupManagement] INFO  server.RaftServerConfigKeys (ConfUtils.java:logGet(46)) - raft.server.log.use.memory = false (default)
2024-02-26 09:18:30,712 [bca0bda6-c24b-45de-ae86-b5c7c2d890ab-groupManagement] INFO  server.RaftServerConfigKeys (ConfUtils.java:logGet(46)) - raft.server.log.purge.gap = 1000000 (custom)
2024-02-26 09:18:30,713 [bca0bda6-c24b-45de-ae86-b5c7c2d890ab-groupManagement] INFO  server.RaftServerConfigKeys (ConfUtils.java:logGet(46)) - raft.server.log.appender.buffer.byte-limit = 8388608 (custom)
2024-02-26 09:18:30,713 [bca0bda6-c24b-45de-ae86-b5c7c2d890ab-groupManagement] INFO  server.RaftServerConfigKeys (ConfUtils.java:logGet(46)) - raft.server.log.statemachine.data.read.timeout = 1000ms (default)
2024-02-26 09:18:30,713 [bca0bda6-c24b-45de-ae86-b5c7c2d890ab-groupManagement] INFO  server.RaftServerConfigKeys (ConfUtils.java:logGet(46)) - raft.server.log.purge.preservation.log.num = 0 (default)
2024-02-26 09:18:30,714 [grpc-default-executor-0] INFO  server.RaftServer (RaftServerProxy.java:addNew(100)) - bca0bda6-c24b-45de-ae86-b5c7c2d890ab: addNew group-66F4A86A365C:[805285a9-14be-4ba5-9516-049ed8f85315|10.1.0.30:15041, 62c7a6b6-874c-46f0-a24f-66d1ecaaa81b|10.1.0.30:15050, bca0bda6-c24b-45de-ae86-b5c7c2d890ab|10.1.0.30:15059] returns group-66F4A86A365C:java.util.concurrent.CompletableFuture@4a233ab[Not completed]
2024-02-26 09:18:30,715 [EventQueue-PipelineReportForPipelineReportHandler] INFO  pipeline.PipelineReportHandler (PipelineReportHandler.java:processPipelineReport(136)) - Opened pipeline PipelineID=a75f2f67-ef60-4d48-8ff0-03d8c6a018cc
2024-02-26 09:18:30,715 [EventQueue-OpenPipelineForHealthyPipelineSafeModeRule] INFO  safemode.SCMSafeModeManager (HealthyPipelineSafeModeRule.java:process(140)) - SCM in safe mode. Healthy pipelines reported count is 0, required healthy pipeline reported count is 1
2024-02-26 09:18:30,731 [bca0bda6-c24b-45de-ae86-b5c7c2d890ab-groupManagement] INFO  server.RaftServerConfigKeys (ConfUtils.java:logGet(46)) - raft.server.log.segment.size.max = 67108864 (custom)
2024-02-26 09:18:30,732 [bca0bda6-c24b-45de-ae86-b5c7c2d890ab-groupManagement] INFO  server.RaftServerConfigKeys (ConfUtils.java:logGet(46)) - raft.server.log.segment.cache.num.max = 2 (custom)
2024-02-26 09:18:30,732 [bca0bda6-c24b-45de-ae86-b5c7c2d890ab-groupManagement] INFO  server.RaftServerConfigKeys (ConfUtils.java:logGet(46)) - raft.server.log.segment.cache.size.max = 200MB (=209715200) (default)
2024-02-26 09:18:30,732 [bca0bda6-c24b-45de-ae86-b5c7c2d890ab-groupManagement] INFO  server.RaftServerConfigKeys (ConfUtils.java:logGet(46)) - raft.server.log.appender.buffer.byte-limit = 8388608 (custom)
2024-02-26 09:18:30,737 [bca0bda6-c24b-45de-ae86-b5c7c2d890ab-groupManagement] INFO  util.AwaitToRun (AwaitToRun.java:start(81)) - Thread[bca0bda6-c24b-45de-ae86-b5c7c2d890ab@group-03D8C6A018CC-cacheEviction-AwaitToRun,5,main] started
2024-02-26 09:18:30,737 [bca0bda6-c24b-45de-ae86-b5c7c2d890ab-groupManagement] INFO  segmented.SegmentedRaftLogWorker (SegmentedRaftLogWorker.java:<init>(182)) - new bca0bda6-c24b-45de-ae86-b5c7c2d890ab@group-03D8C6A018CC-SegmentedRaftLogWorker for RaftStorageImpl:Storage Directory /home/runner/work/ozone/ozone/hadoop-ozone/integration-test/target/test-dir/MiniOzoneClusterImpl-0d79f430-b8c0-477e-97b7-98e50d733022/ozone-meta/datanode-6/ratis/a75f2f67-ef60-4d48-8ff0-03d8c6a018cc
2024-02-26 09:18:30,738 [bca0bda6-c24b-45de-ae86-b5c7c2d890ab-groupManagement] INFO  server.RaftServerConfigKeys (ConfUtils.java:logGet(46)) - raft.server.log.queue.byte-limit = 4294967296 (custom)
2024-02-26 09:18:30,738 [bca0bda6-c24b-45de-ae86-b5c7c2d890ab-groupManagement] INFO  server.RaftServerConfigKeys (ConfUtils.java:logGet(46)) - raft.server.log.queue.element-limit = 1024 (custom)
2024-02-26 09:18:30,738 [bca0bda6-c24b-45de-ae86-b5c7c2d890ab-groupManagement] INFO  server.RaftServerConfigKeys (ConfUtils.java:logGet(46)) - raft.server.log.segment.size.max = 67108864 (custom)
2024-02-26 09:18:30,738 [bca0bda6-c24b-45de-ae86-b5c7c2d890ab-groupManagement] INFO  server.RaftServerConfigKeys (ConfUtils.java:logGet(46)) - raft.server.log.preallocated.size = 4194304 (custom)
2024-02-26 09:18:30,738 [bca0bda6-c24b-45de-ae86-b5c7c2d890ab-groupManagement] INFO  server.RaftServerConfigKeys (ConfUtils.java:logGet(46)) - raft.server.log.force.sync.num = 128 (default)
2024-02-26 09:18:30,738 [bca0bda6-c24b-45de-ae86-b5c7c2d890ab-groupManagement] INFO  server.RaftServerConfigKeys (ConfUtils.java:logGet(46)) - raft.server.log.statemachine.data.sync = true (default)
2024-02-26 09:18:30,738 [bca0bda6-c24b-45de-ae86-b5c7c2d890ab-groupManagement] INFO  server.RaftServerConfigKeys (ConfUtils.java:logGet(46)) - raft.server.log.statemachine.data.sync.timeout = 10s (default)
2024-02-26 09:18:30,738 [bca0bda6-c24b-45de-ae86-b5c7c2d890ab-groupManagement] INFO  server.RaftServerConfigKeys (ConfUtils.java:logGet(46)) - raft.server.log.statemachine.data.sync.timeout.retry = 0 (custom)
2024-02-26 09:18:30,739 [bca0bda6-c24b-45de-ae86-b5c7c2d890ab-groupManagement] INFO  server.RaftServerConfigKeys (ConfUtils.java:logGet(46)) - raft.server.log.write.buffer.size = 8388616 (custom)
2024-02-26 09:18:30,740 [bca0bda6-c24b-45de-ae86-b5c7c2d890ab-groupManagement] INFO  server.RaftServerConfigKeys (ConfUtils.java:logGet(46)) - raft.server.log.appender.buffer.byte-limit = 8388608 (custom)
2024-02-26 09:18:30,740 [bca0bda6-c24b-45de-ae86-b5c7c2d890ab-groupManagement] INFO  server.RaftServerConfigKeys (ConfUtils.java:logGet(46)) - raft.server.log.unsafe-flush.enabled = false (default)
2024-02-26 09:18:30,740 [bca0bda6-c24b-45de-ae86-b5c7c2d890ab-groupManagement] INFO  server.RaftServerConfigKeys (ConfUtils.java:logGet(46)) - raft.server.log.async-flush.enabled = false (default)
2024-02-26 09:18:30,741 [bca0bda6-c24b-45de-ae86-b5c7c2d890ab-groupManagement] INFO  server.RaftServerConfigKeys (ConfUtils.java:logGet(46)) - raft.server.log.statemachine.data.caching.enabled = true (custom)
2024-02-26 09:18:30,741 [bca0bda6-c24b-45de-ae86-b5c7c2d890ab-groupManagement] INFO  segmented.SegmentedRaftLogWorker (SegmentedRaftLogWorker.java:lambda$new$0(134)) - bca0bda6-c24b-45de-ae86-b5c7c2d890ab@group-03D8C6A018CC-SegmentedRaftLogWorker: flushIndex: setUnconditionally 0 -> -1
2024-02-26 09:18:30,741 [bca0bda6-c24b-45de-ae86-b5c7c2d890ab-groupManagement] INFO  segmented.SegmentedRaftLogWorker (SegmentedRaftLogWorker.java:lambda$new$0(134)) - bca0bda6-c24b-45de-ae86-b5c7c2d890ab@group-03D8C6A018CC-SegmentedRaftLogWorker: safeCacheEvictIndex: setUnconditionally 0 -> -1
2024-02-26 09:18:30,747 [bca0bda6-c24b-45de-ae86-b5c7c2d890ab-groupManagement] INFO  server.RaftServer$Division (RaftServerImpl.java:start(396)) - bca0bda6-c24b-45de-ae86-b5c7c2d890ab@group-03D8C6A018CC: start as a follower, conf=-1: peers:[bca0bda6-c24b-45de-ae86-b5c7c2d890ab|10.1.0.30:15059]|listeners:[], old=null
2024-02-26 09:18:30,747 [bca0bda6-c24b-45de-ae86-b5c7c2d890ab-groupManagement] INFO  server.RaftServer$Division (RaftServerImpl.java:setRole(383)) - bca0bda6-c24b-45de-ae86-b5c7c2d890ab@group-03D8C6A018CC: changes role from      null to FOLLOWER at term 0 for startAsFollower
2024-02-26 09:18:30,747 [bca0bda6-c24b-45de-ae86-b5c7c2d890ab-groupManagement] INFO  impl.RoleInfo (RoleInfo.java:updateAndGet(139)) - bca0bda6-c24b-45de-ae86-b5c7c2d890ab: start bca0bda6-c24b-45de-ae86-b5c7c2d890ab@group-03D8C6A018CC-FollowerState
2024-02-26 09:18:30,750 [bca0bda6-c24b-45de-ae86-b5c7c2d890ab-groupManagement] INFO  util.JmxRegister (JmxRegister.java:tryRegister(44)) - Successfully registered JMX Bean with object name Ratis:service=RaftServer,group=group-03D8C6A018CC,id=bca0bda6-c24b-45de-ae86-b5c7c2d890ab
2024-02-26 09:18:30,750 [bca0bda6-c24b-45de-ae86-b5c7c2d890ab-groupManagement] INFO  server.RaftServerConfigKeys (ConfUtils.java:logGet(46)) - raft.server.snapshot.trigger-when-stop.enabled = true (default)
2024-02-26 09:18:30,750 [bca0bda6-c24b-45de-ae86-b5c7c2d890ab-groupManagement] INFO  server.RaftServerConfigKeys (ConfUtils.java:logGet(46)) - raft.server.snapshot.auto.trigger.enabled = true (custom)
2024-02-26 09:18:30,751 [bca0bda6-c24b-45de-ae86-b5c7c2d890ab-groupManagement] INFO  server.RaftServerConfigKeys (ConfUtils.java:logGet(46)) - raft.server.snapshot.auto.trigger.threshold = 10000 (custom)
2024-02-26 09:18:30,751 [bca0bda6-c24b-45de-ae86-b5c7c2d890ab-groupManagement] INFO  server.RaftServerConfigKeys (ConfUtils.java:logGet(46)) - raft.server.snapshot.retention.file.num = 5 (custom)
2024-02-26 09:18:30,751 [bca0bda6-c24b-45de-ae86-b5c7c2d890ab-groupManagement] INFO  server.RaftServerConfigKeys (ConfUtils.java:logGet(46)) - raft.server.log.purge.upto.snapshot.index = false (default)
2024-02-26 09:18:30,753 [bca0bda6-c24b-45de-ae86-b5c7c2d890ab-groupManagement] INFO  server.RaftServer$Division (RaftServerImpl.java:<init>(256)) - bca0bda6-c24b-45de-ae86-b5c7c2d890ab: new RaftServerImpl for group-66F4A86A365C:[805285a9-14be-4ba5-9516-049ed8f85315|10.1.0.30:15041, 62c7a6b6-874c-46f0-a24f-66d1ecaaa81b|10.1.0.30:15050, bca0bda6-c24b-45de-ae86-b5c7c2d890ab|10.1.0.30:15059] with ContainerStateMachine:uninitialized
2024-02-26 09:18:30,754 [bca0bda6-c24b-45de-ae86-b5c7c2d890ab-groupManagement] INFO  server.RaftServerConfigKeys (ConfUtils.java:logGet(46)) - raft.server.rpc.timeout.min = 5s (custom)
2024-02-26 09:18:30,754 [bca0bda6-c24b-45de-ae86-b5c7c2d890ab-groupManagement] INFO  server.RaftServerConfigKeys (ConfUtils.java:logGet(46)) - raft.server.rpc.timeout.max = 5200ms (custom)
2024-02-26 09:18:30,754 [bca0bda6-c24b-45de-ae86-b5c7c2d890ab-groupManagement] INFO  server.RaftServerConfigKeys (ConfUtils.java:logGet(46)) - raft.server.rpc.sleep.time = 25ms (default)
2024-02-26 09:18:30,755 [bca0bda6-c24b-45de-ae86-b5c7c2d890ab-groupManagement] INFO  server.RaftServerConfigKeys (ConfUtils.java:logGet(46)) - raft.server.rpc.slowness.timeout = 300s (custom)
2024-02-26 09:18:30,755 [bca0bda6-c24b-45de-ae86-b5c7c2d890ab-groupManagement] INFO  server.RaftServerConfigKeys (ConfUtils.java:logGet(46)) - raft.server.leaderelection.leader.step-down.wait-time = 10s (default)
2024-02-26 09:18:30,755 [bca0bda6-c24b-45de-ae86-b5c7c2d890ab-PipelineCommandHandlerThread-0] INFO  ratis.XceiverServerRatis (XceiverServerRatis.java:addGroup(864)) - Created group PipelineID=a75f2f67-ef60-4d48-8ff0-03d8c6a018cc
2024-02-26 09:18:30,755 [bca0bda6-c24b-45de-ae86-b5c7c2d890ab-PipelineCommandHandlerThread-0] INFO  commandhandler.CreatePipelineCommandHandler (CreatePipelineCommandHandler.java:lambda$handle$2(124)) - Created Pipeline RATIS ONE PipelineID=a75f2f67-ef60-4d48-8ff0-03d8c6a018cc.
2024-02-26 09:18:30,756 [bca0bda6-c24b-45de-ae86-b5c7c2d890ab@group-03D8C6A018CC-FollowerState] INFO  server.RaftServerConfigKeys (ConfUtils.java:logFallback(53)) - raft.server.rpc.first-election.timeout.min = 5s (fallback to raft.server.rpc.timeout.min)
2024-02-26 09:18:30,756 [bca0bda6-c24b-45de-ae86-b5c7c2d890ab@group-03D8C6A018CC-FollowerState] INFO  server.RaftServerConfigKeys (ConfUtils.java:logFallback(53)) - raft.server.rpc.first-election.timeout.max = 5200ms (fallback to raft.server.rpc.timeout.max)
2024-02-26 09:18:30,756 [bca0bda6-c24b-45de-ae86-b5c7c2d890ab-PipelineCommandHandlerThread-0] INFO  server.RaftServer (RaftServerProxy.java:addNew(100)) - bca0bda6-c24b-45de-ae86-b5c7c2d890ab: addNew group-E406F7D03047:[805285a9-14be-4ba5-9516-049ed8f85315|10.1.0.30:15041, 62c7a6b6-874c-46f0-a24f-66d1ecaaa81b|10.1.0.30:15050, bca0bda6-c24b-45de-ae86-b5c7c2d890ab|10.1.0.30:15059] returns group-E406F7D03047:java.util.concurrent.CompletableFuture@1df1fa37[Not completed]
2024-02-26 09:18:30,755 [bca0bda6-c24b-45de-ae86-b5c7c2d890ab-groupManagement] INFO  server.RaftServerConfigKeys (ConfUtils.java:logGet(46)) - raft.server.leaderelection.member.majority-add = false (default)
2024-02-26 09:18:30,757 [bca0bda6-c24b-45de-ae86-b5c7c2d890ab-groupManagement] INFO  server.RaftServerConfigKeys (ConfUtils.java:logGet(46)) - raft.server.sleep.deviation.threshold = 300ms (default)
2024-02-26 09:18:30,757 [bca0bda6-c24b-45de-ae86-b5c7c2d890ab-groupManagement] INFO  server.RaftServer$Division (ServerState.java:<init>(113)) - bca0bda6-c24b-45de-ae86-b5c7c2d890ab@group-66F4A86A365C: ConfigurationManager, init=-1: peers:[805285a9-14be-4ba5-9516-049ed8f85315|10.1.0.30:15041, 62c7a6b6-874c-46f0-a24f-66d1ecaaa81b|10.1.0.30:15050, bca0bda6-c24b-45de-ae86-b5c7c2d890ab|10.1.0.30:15059]|listeners:[], old=null, confs=<EMPTY_MAP>
2024-02-26 09:18:30,758 [bca0bda6-c24b-45de-ae86-b5c7c2d890ab-groupManagement] INFO  server.RaftServerConfigKeys (ConfUtils.java:logGet(46)) - raft.server.notification.no-leader.timeout = 300s (custom)
2024-02-26 09:18:30,758 [bca0bda6-c24b-45de-ae86-b5c7c2d890ab-groupManagement] INFO  server.RaftServerConfigKeys (ConfUtils.java:logGet(46)) - raft.server.read.timeout = 10s (default)
2024-02-26 09:18:30,760 [bca0bda6-c24b-45de-ae86-b5c7c2d890ab-groupManagement] INFO  server.RaftServerConfigKeys (ConfUtils.java:logGet(46)) - raft.server.retrycache.expirytime = 600000ms (custom)
2024-02-26 09:18:30,760 [bca0bda6-c24b-45de-ae86-b5c7c2d890ab-groupManagement] INFO  server.RaftServerConfigKeys (ConfUtils.java:logGet(46)) - raft.server.retrycache.statistics.expirytime = 100ms (default)
2024-02-26 09:18:30,761 [bca0bda6-c24b-45de-ae86-b5c7c2d890ab-groupManagement] INFO  server.RaftServerConfigKeys (ConfUtils.java:logGet(46)) - raft.server.read.option = DEFAULT (default)
2024-02-26 09:18:30,761 [bca0bda6-c24b-45de-ae86-b5c7c2d890ab-groupManagement] INFO  server.RaftServerConfigKeys (ConfUtils.java:logGet(46)) - raft.server.read.read-after-write-consistent.write-index-cache.expiry-time = 60s (default)
2024-02-26 09:18:30,765 [bca0bda6-c24b-45de-ae86-b5c7c2d890ab-groupManagement] INFO  server.RaftServerConfigKeys (ConfUtils.java:logGet(46)) - raft.server.rpc.request.timeout = 60s (custom)
2024-02-26 09:18:30,765 [bca0bda6-c24b-45de-ae86-b5c7c2d890ab-groupManagement] INFO  server.RaftServerConfigKeys (ConfUtils.java:logGet(46)) - raft.server.log.appender.install.snapshot.enabled = false (custom)
2024-02-26 09:18:30,766 [bca0bda6-c24b-45de-ae86-b5c7c2d890ab-groupManagement] INFO  server.RaftServerConfigKeys (ConfUtils.java:logGet(46)) - raft.server.threadpool.server.cached = true (default)
2024-02-26 09:18:30,766 [bca0bda6-c24b-45de-ae86-b5c7c2d890ab-groupManagement] INFO  server.RaftServerConfigKeys (ConfUtils.java:logGet(46)) - raft.server.threadpool.server.size = 0 (default)
2024-02-26 09:18:30,766 [bca0bda6-c24b-45de-ae86-b5c7c2d890ab-groupManagement] INFO  server.RaftServerConfigKeys (ConfUtils.java:logGet(46)) - raft.server.threadpool.client.cached = true (default)
2024-02-26 09:18:30,767 [bca0bda6-c24b-45de-ae86-b5c7c2d890ab-groupManagement] INFO  server.RaftServerConfigKeys (ConfUtils.java:logGet(46)) - raft.server.threadpool.client.size = 0 (default)
2024-02-26 09:18:30,768 [bca0bda6-c24b-45de-ae86-b5c7c2d890ab-groupManagement] INFO  server.RaftServer$Division (RaftServerImpl.java:<init>(256)) - bca0bda6-c24b-45de-ae86-b5c7c2d890ab: new RaftServerImpl for group-E406F7D03047:[805285a9-14be-4ba5-9516-049ed8f85315|10.1.0.30:15041, 62c7a6b6-874c-46f0-a24f-66d1ecaaa81b|10.1.0.30:15050, bca0bda6-c24b-45de-ae86-b5c7c2d890ab|10.1.0.30:15059] with ContainerStateMachine:uninitialized
2024-02-26 09:18:30,772 [bca0bda6-c24b-45de-ae86-b5c7c2d890ab-groupManagement] INFO  server.RaftServerConfigKeys (ConfUtils.java:logGet(46)) - raft.server.rpc.timeout.min = 5s (custom)
2024-02-26 09:18:30,772 [bca0bda6-c24b-45de-ae86-b5c7c2d890ab-groupManagement] INFO  server.RaftServerConfigKeys (ConfUtils.java:logGet(46)) - raft.server.rpc.timeout.max = 5200ms (custom)
2024-02-26 09:18:30,772 [bca0bda6-c24b-45de-ae86-b5c7c2d890ab-groupManagement] INFO  server.RaftServerConfigKeys (ConfUtils.java:logGet(46)) - raft.server.rpc.sleep.time = 25ms (default)
2024-02-26 09:18:30,772 [bca0bda6-c24b-45de-ae86-b5c7c2d890ab-groupManagement] INFO  server.RaftServerConfigKeys (ConfUtils.java:logGet(46)) - raft.server.rpc.slowness.timeout = 300s (custom)
2024-02-26 09:18:30,772 [bca0bda6-c24b-45de-ae86-b5c7c2d890ab-groupManagement] INFO  server.RaftServerConfigKeys (ConfUtils.java:logGet(46)) - raft.server.leaderelection.leader.step-down.wait-time = 10s (default)
2024-02-26 09:18:30,773 [bca0bda6-c24b-45de-ae86-b5c7c2d890ab-groupManagement] INFO  server.RaftServerConfigKeys (ConfUtils.java:logGet(46)) - raft.server.leaderelection.member.majority-add = false (default)
2024-02-26 09:18:30,773 [bca0bda6-c24b-45de-ae86-b5c7c2d890ab-groupManagement] INFO  server.RaftServerConfigKeys (ConfUtils.java:logGet(46)) - raft.server.sleep.deviation.threshold = 300ms (default)
2024-02-26 09:18:30,773 [bca0bda6-c24b-45de-ae86-b5c7c2d890ab-groupManagement] INFO  server.RaftServer$Division (ServerState.java:<init>(113)) - bca0bda6-c24b-45de-ae86-b5c7c2d890ab@group-E406F7D03047: ConfigurationManager, init=-1: peers:[805285a9-14be-4ba5-9516-049ed8f85315|10.1.0.30:15041, 62c7a6b6-874c-46f0-a24f-66d1ecaaa81b|10.1.0.30:15050, bca0bda6-c24b-45de-ae86-b5c7c2d890ab|10.1.0.30:15059]|listeners:[], old=null, confs=<EMPTY_MAP>
2024-02-26 09:18:30,773 [bca0bda6-c24b-45de-ae86-b5c7c2d890ab-groupManagement] INFO  server.RaftServerConfigKeys (ConfUtils.java:logGet(46)) - raft.server.notification.no-leader.timeout = 300s (custom)
2024-02-26 09:18:30,773 [bca0bda6-c24b-45de-ae86-b5c7c2d890ab-groupManagement] INFO  server.RaftServerConfigKeys (ConfUtils.java:logGet(46)) - raft.server.read.timeout = 10s (default)
2024-02-26 09:18:30,773 [bca0bda6-c24b-45de-ae86-b5c7c2d890ab-groupManagement] INFO  server.RaftServerConfigKeys (ConfUtils.java:logGet(46)) - raft.server.retrycache.expirytime = 600000ms (custom)
2024-02-26 09:18:30,773 [bca0bda6-c24b-45de-ae86-b5c7c2d890ab-groupManagement] INFO  server.RaftServerConfigKeys (ConfUtils.java:logGet(46)) - raft.server.retrycache.statistics.expirytime = 100ms (default)
2024-02-26 09:18:30,773 [bca0bda6-c24b-45de-ae86-b5c7c2d890ab-groupManagement] INFO  server.RaftServerConfigKeys (ConfUtils.java:logGet(46)) - raft.server.read.option = DEFAULT (default)
2024-02-26 09:18:30,773 [bca0bda6-c24b-45de-ae86-b5c7c2d890ab-groupManagement] INFO  server.RaftServerConfigKeys (ConfUtils.java:logGet(46)) - raft.server.read.read-after-write-consistent.write-index-cache.expiry-time = 60s (default)
2024-02-26 09:18:30,780 [bca0bda6-c24b-45de-ae86-b5c7c2d890ab-groupManagement] INFO  server.RaftServerConfigKeys (ConfUtils.java:logGet(46)) - raft.server.rpc.request.timeout = 60s (custom)
2024-02-26 09:18:30,780 [bca0bda6-c24b-45de-ae86-b5c7c2d890ab-groupManagement] INFO  server.RaftServerConfigKeys (ConfUtils.java:logGet(46)) - raft.server.log.appender.install.snapshot.enabled = false (custom)
2024-02-26 09:18:30,780 [bca0bda6-c24b-45de-ae86-b5c7c2d890ab-groupManagement] INFO  server.RaftServerConfigKeys (ConfUtils.java:logGet(46)) - raft.server.threadpool.server.cached = true (default)
2024-02-26 09:18:30,780 [bca0bda6-c24b-45de-ae86-b5c7c2d890ab-groupManagement] INFO  server.RaftServerConfigKeys (ConfUtils.java:logGet(46)) - raft.server.threadpool.server.size = 0 (default)
2024-02-26 09:18:30,780 [bca0bda6-c24b-45de-ae86-b5c7c2d890ab-groupManagement] INFO  server.RaftServerConfigKeys (ConfUtils.java:logGet(46)) - raft.server.threadpool.client.cached = true (default)
2024-02-26 09:18:30,780 [bca0bda6-c24b-45de-ae86-b5c7c2d890ab-groupManagement] INFO  server.RaftServerConfigKeys (ConfUtils.java:logGet(46)) - raft.server.threadpool.client.size = 0 (default)
2024-02-26 09:18:30,780 [bca0bda6-c24b-45de-ae86-b5c7c2d890ab-groupManagement] INFO  server.RaftServerConfigKeys (ConfUtils.java:logGet(46)) - raft.server.storage.free-space.min = 0MB (=0) (default)
2024-02-26 09:18:30,789 [bca0bda6-c24b-45de-ae86-b5c7c2d890ab-groupManagement] INFO  server.RaftServerConfigKeys (ConfUtils.java:logGet(46)) - raft.server.log.corruption.policy = EXCEPTION (default)
2024-02-26 09:18:30,790 [bca0bda6-c24b-45de-ae86-b5c7c2d890ab-groupManagement] INFO  server.RaftServerConfigKeys (ConfUtils.java:logGet(46)) - raft.server.storage.dir = [/home/runner/work/ozone/ozone/hadoop-ozone/integration-test/target/test-dir/MiniOzoneClusterImpl-0d79f430-b8c0-477e-97b7-98e50d733022/ozone-meta/datanode-6/ratis] (custom)
2024-02-26 09:18:30,790 [bca0bda6-c24b-45de-ae86-b5c7c2d890ab-groupManagement] INFO  storage.RaftStorageDirectory (RaftStorageDirectoryImpl.java:analyzeStorage(138)) - The storage directory /home/runner/work/ozone/ozone/hadoop-ozone/integration-test/target/test-dir/MiniOzoneClusterImpl-0d79f430-b8c0-477e-97b7-98e50d733022/ozone-meta/datanode-6/ratis/e66b14b8-0bee-4da7-8c90-66f4a86a365c does not exist. Creating ...
2024-02-26 09:18:30,791 [bca0bda6-c24b-45de-ae86-b5c7c2d890ab-groupManagement] INFO  storage.RaftStorageDirectory (RaftStorageDirectoryImpl.java:tryLock(228)) - Lock on /home/runner/work/ozone/ozone/hadoop-ozone/integration-test/target/test-dir/MiniOzoneClusterImpl-0d79f430-b8c0-477e-97b7-98e50d733022/ozone-meta/datanode-6/ratis/e66b14b8-0bee-4da7-8c90-66f4a86a365c/in_use.lock acquired by nodename 86312@fv-az1109-796
2024-02-26 09:18:30,792 [bca0bda6-c24b-45de-ae86-b5c7c2d890ab-groupManagement] INFO  storage.RaftStorage (RaftStorageImpl.java:format(99)) - Storage directory /home/runner/work/ozone/ozone/hadoop-ozone/integration-test/target/test-dir/MiniOzoneClusterImpl-0d79f430-b8c0-477e-97b7-98e50d733022/ozone-meta/datanode-6/ratis/e66b14b8-0bee-4da7-8c90-66f4a86a365c has been successfully formatted.
2024-02-26 09:18:30,792 [bca0bda6-c24b-45de-ae86-b5c7c2d890ab-groupManagement] WARN  util.FileUtils (LogUtils.java:supplyAndLog(63)) - Failed to Files.newInputStream /home/runner/work/ozone/ozone/hadoop-ozone/integration-test/target/test-dir/MiniOzoneClusterImpl-0d79f430-b8c0-477e-97b7-98e50d733022/ozone-meta/datanode-6/ratis/e66b14b8-0bee-4da7-8c90-66f4a86a365c/current/raft-meta.conf with options []: java.nio.file.NoSuchFileException: /home/runner/work/ozone/ozone/hadoop-ozone/integration-test/target/test-dir/MiniOzoneClusterImpl-0d79f430-b8c0-477e-97b7-98e50d733022/ozone-meta/datanode-6/ratis/e66b14b8-0bee-4da7-8c90-66f4a86a365c/current/raft-meta.conf
2024-02-26 09:18:30,793 [bca0bda6-c24b-45de-ae86-b5c7c2d890ab-groupManagement] INFO  ratis.ContainerStateMachine (ContainerStateMachine.java:loadSnapshot(287)) - group-66F4A86A365C: The snapshot info is null. Setting the last applied index to:(t:0, i:~)
2024-02-26 09:18:30,793 [bca0bda6-c24b-45de-ae86-b5c7c2d890ab-groupManagement] INFO  server.RaftServerConfigKeys (ConfUtils.java:logGet(46)) - raft.server.log.use.memory = false (default)
2024-02-26 09:18:30,794 [EventQueue-OpenPipelineForHealthyPipelineSafeModeRule] INFO  safemode.SCMSafeModeManager (HealthyPipelineSafeModeRule.java:process(140)) - SCM in safe mode. Healthy pipelines reported count is 0, required healthy pipeline reported count is 1
2024-02-26 09:18:30,794 [bca0bda6-c24b-45de-ae86-b5c7c2d890ab-groupManagement] INFO  server.RaftServerConfigKeys (ConfUtils.java:logGet(46)) - raft.server.log.purge.gap = 1000000 (custom)
2024-02-26 09:18:30,795 [bca0bda6-c24b-45de-ae86-b5c7c2d890ab-groupManagement] INFO  server.RaftServerConfigKeys (ConfUtils.java:logGet(46)) - raft.server.log.appender.buffer.byte-limit = 8388608 (custom)
2024-02-26 09:18:30,795 [bca0bda6-c24b-45de-ae86-b5c7c2d890ab-groupManagement] INFO  server.RaftServerConfigKeys (ConfUtils.java:logGet(46)) - raft.server.log.statemachine.data.read.timeout = 1000ms (default)
2024-02-26 09:18:30,795 [bca0bda6-c24b-45de-ae86-b5c7c2d890ab-groupManagement] INFO  server.RaftServerConfigKeys (ConfUtils.java:logGet(46)) - raft.server.log.purge.preservation.log.num = 0 (default)
2024-02-26 09:18:30,804 [bca0bda6-c24b-45de-ae86-b5c7c2d890ab-groupManagement] INFO  server.RaftServerConfigKeys (ConfUtils.java:logGet(46)) - raft.server.log.segment.size.max = 67108864 (custom)
2024-02-26 09:18:30,804 [bca0bda6-c24b-45de-ae86-b5c7c2d890ab-groupManagement] INFO  server.RaftServerConfigKeys (ConfUtils.java:logGet(46)) - raft.server.log.segment.cache.num.max = 2 (custom)
2024-02-26 09:18:30,805 [bca0bda6-c24b-45de-ae86-b5c7c2d890ab-groupManagement] INFO  server.RaftServerConfigKeys (ConfUtils.java:logGet(46)) - raft.server.log.segment.cache.size.max = 200MB (=209715200) (default)
2024-02-26 09:18:30,806 [bca0bda6-c24b-45de-ae86-b5c7c2d890ab-groupManagement] INFO  server.RaftServerConfigKeys (ConfUtils.java:logGet(46)) - raft.server.log.appender.buffer.byte-limit = 8388608 (custom)
2024-02-26 09:18:30,806 [bca0bda6-c24b-45de-ae86-b5c7c2d890ab-groupManagement] INFO  util.AwaitToRun (AwaitToRun.java:start(81)) - Thread[bca0bda6-c24b-45de-ae86-b5c7c2d890ab@group-66F4A86A365C-cacheEviction-AwaitToRun,5,main] started
2024-02-26 09:18:30,808 [bca0bda6-c24b-45de-ae86-b5c7c2d890ab-groupManagement] INFO  segmented.SegmentedRaftLogWorker (SegmentedRaftLogWorker.java:<init>(182)) - new bca0bda6-c24b-45de-ae86-b5c7c2d890ab@group-66F4A86A365C-SegmentedRaftLogWorker for RaftStorageImpl:Storage Directory /home/runner/work/ozone/ozone/hadoop-ozone/integration-test/target/test-dir/MiniOzoneClusterImpl-0d79f430-b8c0-477e-97b7-98e50d733022/ozone-meta/datanode-6/ratis/e66b14b8-0bee-4da7-8c90-66f4a86a365c
2024-02-26 09:18:30,808 [bca0bda6-c24b-45de-ae86-b5c7c2d890ab-groupManagement] INFO  server.RaftServerConfigKeys (ConfUtils.java:logGet(46)) - raft.server.log.queue.byte-limit = 4294967296 (custom)
2024-02-26 09:18:30,808 [bca0bda6-c24b-45de-ae86-b5c7c2d890ab-groupManagement] INFO  server.RaftServerConfigKeys (ConfUtils.java:logGet(46)) - raft.server.log.queue.element-limit = 1024 (custom)
2024-02-26 09:18:30,808 [bca0bda6-c24b-45de-ae86-b5c7c2d890ab-groupManagement] INFO  server.RaftServerConfigKeys (ConfUtils.java:logGet(46)) - raft.server.log.segment.size.max = 67108864 (custom)
2024-02-26 09:18:30,808 [bca0bda6-c24b-45de-ae86-b5c7c2d890ab-groupManagement] INFO  server.RaftServerConfigKeys (ConfUtils.java:logGet(46)) - raft.server.log.preallocated.size = 4194304 (custom)
2024-02-26 09:18:30,808 [bca0bda6-c24b-45de-ae86-b5c7c2d890ab-groupManagement] INFO  server.RaftServerConfigKeys (ConfUtils.java:logGet(46)) - raft.server.log.force.sync.num = 128 (default)
2024-02-26 09:18:30,808 [bca0bda6-c24b-45de-ae86-b5c7c2d890ab-groupManagement] INFO  server.RaftServerConfigKeys (ConfUtils.java:logGet(46)) - raft.server.log.statemachine.data.sync = true (default)
2024-02-26 09:18:30,808 [bca0bda6-c24b-45de-ae86-b5c7c2d890ab-groupManagement] INFO  server.RaftServerConfigKeys (ConfUtils.java:logGet(46)) - raft.server.log.statemachine.data.sync.timeout = 10s (default)
2024-02-26 09:18:30,808 [bca0bda6-c24b-45de-ae86-b5c7c2d890ab-groupManagement] INFO  server.RaftServerConfigKeys (ConfUtils.java:logGet(46)) - raft.server.log.statemachine.data.sync.timeout.retry = 0 (custom)
2024-02-26 09:18:30,809 [bca0bda6-c24b-45de-ae86-b5c7c2d890ab-groupManagement] INFO  server.RaftServerConfigKeys (ConfUtils.java:logGet(46)) - raft.server.log.write.buffer.size = 8388616 (custom)
2024-02-26 09:18:30,810 [bca0bda6-c24b-45de-ae86-b5c7c2d890ab-groupManagement] INFO  server.RaftServerConfigKeys (ConfUtils.java:logGet(46)) - raft.server.log.appender.buffer.byte-limit = 8388608 (custom)
2024-02-26 09:18:30,810 [bca0bda6-c24b-45de-ae86-b5c7c2d890ab-groupManagement] INFO  server.RaftServerConfigKeys (ConfUtils.java:logGet(46)) - raft.server.log.unsafe-flush.enabled = false (default)
2024-02-26 09:18:30,810 [bca0bda6-c24b-45de-ae86-b5c7c2d890ab-groupManagement] INFO  server.RaftServerConfigKeys (ConfUtils.java:logGet(46)) - raft.server.log.async-flush.enabled = false (default)
2024-02-26 09:18:30,810 [bca0bda6-c24b-45de-ae86-b5c7c2d890ab-groupManagement] INFO  server.RaftServerConfigKeys (ConfUtils.java:logGet(46)) - raft.server.log.statemachine.data.caching.enabled = true (custom)
2024-02-26 09:18:30,810 [bca0bda6-c24b-45de-ae86-b5c7c2d890ab-groupManagement] INFO  segmented.SegmentedRaftLogWorker (SegmentedRaftLogWorker.java:lambda$new$0(134)) - bca0bda6-c24b-45de-ae86-b5c7c2d890ab@group-66F4A86A365C-SegmentedRaftLogWorker: flushIndex: setUnconditionally 0 -> -1
2024-02-26 09:18:30,810 [bca0bda6-c24b-45de-ae86-b5c7c2d890ab-groupManagement] INFO  segmented.SegmentedRaftLogWorker (SegmentedRaftLogWorker.java:lambda$new$0(134)) - bca0bda6-c24b-45de-ae86-b5c7c2d890ab@group-66F4A86A365C-SegmentedRaftLogWorker: safeCacheEvictIndex: setUnconditionally 0 -> -1
2024-02-26 09:18:30,820 [b254f787-4ade-443a-8cd7-22935f345023-PipelineCommandHandlerThread-0] INFO  server.RaftServer (RaftServerProxy.java:addNew(100)) - b254f787-4ade-443a-8cd7-22935f345023: addNew group-F786DD91C2C9:[b254f787-4ade-443a-8cd7-22935f345023|10.1.0.30:15068] returns group-F786DD91C2C9:java.util.concurrent.CompletableFuture@62a70f1[Not completed]
2024-02-26 09:18:30,821 [b254f787-4ade-443a-8cd7-22935f345023-groupManagement] INFO  server.RaftServer$Division (RaftServerImpl.java:<init>(256)) - b254f787-4ade-443a-8cd7-22935f345023: new RaftServerImpl for group-F786DD91C2C9:[b254f787-4ade-443a-8cd7-22935f345023|10.1.0.30:15068] with ContainerStateMachine:uninitialized
2024-02-26 09:18:30,822 [b254f787-4ade-443a-8cd7-22935f345023-groupManagement] INFO  server.RaftServerConfigKeys (ConfUtils.java:logGet(46)) - raft.server.rpc.timeout.min = 5s (custom)
2024-02-26 09:18:30,822 [b254f787-4ade-443a-8cd7-22935f345023-groupManagement] INFO  server.RaftServerConfigKeys (ConfUtils.java:logGet(46)) - raft.server.rpc.timeout.max = 5200ms (custom)
2024-02-26 09:18:30,823 [bca0bda6-c24b-45de-ae86-b5c7c2d890ab-groupManagement] INFO  server.RaftServer$Division (RaftServerImpl.java:start(396)) - bca0bda6-c24b-45de-ae86-b5c7c2d890ab@group-66F4A86A365C: start as a follower, conf=-1: peers:[805285a9-14be-4ba5-9516-049ed8f85315|10.1.0.30:15041, 62c7a6b6-874c-46f0-a24f-66d1ecaaa81b|10.1.0.30:15050, bca0bda6-c24b-45de-ae86-b5c7c2d890ab|10.1.0.30:15059]|listeners:[], old=null
2024-02-26 09:18:30,824 [bca0bda6-c24b-45de-ae86-b5c7c2d890ab-groupManagement] INFO  server.RaftServer$Division (RaftServerImpl.java:setRole(383)) - bca0bda6-c24b-45de-ae86-b5c7c2d890ab@group-66F4A86A365C: changes role from      null to FOLLOWER at term 0 for startAsFollower
2024-02-26 09:18:30,824 [bca0bda6-c24b-45de-ae86-b5c7c2d890ab-groupManagement] INFO  impl.RoleInfo (RoleInfo.java:updateAndGet(139)) - bca0bda6-c24b-45de-ae86-b5c7c2d890ab: start bca0bda6-c24b-45de-ae86-b5c7c2d890ab@group-66F4A86A365C-FollowerState
2024-02-26 09:18:30,825 [b254f787-4ade-443a-8cd7-22935f345023-groupManagement] INFO  server.RaftServerConfigKeys (ConfUtils.java:logGet(46)) - raft.server.rpc.sleep.time = 25ms (default)
2024-02-26 09:18:30,825 [b254f787-4ade-443a-8cd7-22935f345023-groupManagement] INFO  server.RaftServerConfigKeys (ConfUtils.java:logGet(46)) - raft.server.rpc.slowness.timeout = 300s (custom)
2024-02-26 09:18:30,825 [b254f787-4ade-443a-8cd7-22935f345023-groupManagement] INFO  server.RaftServerConfigKeys (ConfUtils.java:logGet(46)) - raft.server.leaderelection.leader.step-down.wait-time = 10s (default)
2024-02-26 09:18:30,825 [bca0bda6-c24b-45de-ae86-b5c7c2d890ab@group-66F4A86A365C-FollowerState] INFO  server.RaftServerConfigKeys (ConfUtils.java:logFallback(53)) - raft.server.rpc.first-election.timeout.min = 5s (fallback to raft.server.rpc.timeout.min)
2024-02-26 09:18:30,825 [bca0bda6-c24b-45de-ae86-b5c7c2d890ab-groupManagement] INFO  util.JmxRegister (JmxRegister.java:tryRegister(44)) - Successfully registered JMX Bean with object name Ratis:service=RaftServer,group=group-66F4A86A365C,id=bca0bda6-c24b-45de-ae86-b5c7c2d890ab
2024-02-26 09:18:30,826 [bca0bda6-c24b-45de-ae86-b5c7c2d890ab-groupManagement] INFO  server.RaftServerConfigKeys (ConfUtils.java:logGet(46)) - raft.server.snapshot.trigger-when-stop.enabled = true (default)
2024-02-26 09:18:30,826 [bca0bda6-c24b-45de-ae86-b5c7c2d890ab-groupManagement] INFO  server.RaftServerConfigKeys (ConfUtils.java:logGet(46)) - raft.server.snapshot.auto.trigger.enabled = true (custom)
2024-02-26 09:18:30,826 [bca0bda6-c24b-45de-ae86-b5c7c2d890ab-groupManagement] INFO  server.RaftServerConfigKeys (ConfUtils.java:logGet(46)) - raft.server.snapshot.auto.trigger.threshold = 10000 (custom)
2024-02-26 09:18:30,826 [bca0bda6-c24b-45de-ae86-b5c7c2d890ab-groupManagement] INFO  server.RaftServerConfigKeys (ConfUtils.java:logGet(46)) - raft.server.snapshot.retention.file.num = 5 (custom)
2024-02-26 09:18:30,826 [bca0bda6-c24b-45de-ae86-b5c7c2d890ab-groupManagement] INFO  server.RaftServerConfigKeys (ConfUtils.java:logGet(46)) - raft.server.log.purge.upto.snapshot.index = false (default)
2024-02-26 09:18:30,826 [b254f787-4ade-443a-8cd7-22935f345023-groupManagement] INFO  server.RaftServerConfigKeys (ConfUtils.java:logGet(46)) - raft.server.leaderelection.member.majority-add = false (default)
2024-02-26 09:18:30,827 [b254f787-4ade-443a-8cd7-22935f345023-groupManagement] INFO  server.RaftServerConfigKeys (ConfUtils.java:logGet(46)) - raft.server.sleep.deviation.threshold = 300ms (default)
2024-02-26 09:18:30,827 [b254f787-4ade-443a-8cd7-22935f345023-groupManagement] INFO  server.RaftServer$Division (ServerState.java:<init>(113)) - b254f787-4ade-443a-8cd7-22935f345023@group-F786DD91C2C9: ConfigurationManager, init=-1: peers:[b254f787-4ade-443a-8cd7-22935f345023|10.1.0.30:15068]|listeners:[], old=null, confs=<EMPTY_MAP>
2024-02-26 09:18:30,827 [b254f787-4ade-443a-8cd7-22935f345023-groupManagement] INFO  server.RaftServerConfigKeys (ConfUtils.java:logGet(46)) - raft.server.notification.no-leader.timeout = 300s (custom)
2024-02-26 09:18:30,827 [b254f787-4ade-443a-8cd7-22935f345023-groupManagement] INFO  server.RaftServerConfigKeys (ConfUtils.java:logGet(46)) - raft.server.read.timeout = 10s (default)
2024-02-26 09:18:30,827 [b254f787-4ade-443a-8cd7-22935f345023-groupManagement] INFO  server.RaftServerConfigKeys (ConfUtils.java:logGet(46)) - raft.server.retrycache.expirytime = 600000ms (custom)
2024-02-26 09:18:30,827 [b254f787-4ade-443a-8cd7-22935f345023-groupManagement] INFO  server.RaftServerConfigKeys (ConfUtils.java:logGet(46)) - raft.server.retrycache.statistics.expirytime = 100ms (default)
2024-02-26 09:18:30,827 [b254f787-4ade-443a-8cd7-22935f345023-groupManagement] INFO  server.RaftServerConfigKeys (ConfUtils.java:logGet(46)) - raft.server.read.option = DEFAULT (default)
2024-02-26 09:18:30,827 [b254f787-4ade-443a-8cd7-22935f345023-groupManagement] INFO  server.RaftServerConfigKeys (ConfUtils.java:logGet(46)) - raft.server.read.read-after-write-consistent.write-index-cache.expiry-time = 60s (default)
2024-02-26 09:18:30,827 [bca0bda6-c24b-45de-ae86-b5c7c2d890ab@group-66F4A86A365C-FollowerState] INFO  server.RaftServerConfigKeys (ConfUtils.java:logFallback(53)) - raft.server.rpc.first-election.timeout.max = 5200ms (fallback to raft.server.rpc.timeout.max)
2024-02-26 09:18:30,831 [b254f787-4ade-443a-8cd7-22935f345023-groupManagement] INFO  server.RaftServerConfigKeys (ConfUtils.java:logGet(46)) - raft.server.rpc.request.timeout = 60s (custom)
2024-02-26 09:18:30,831 [b254f787-4ade-443a-8cd7-22935f345023-groupManagement] INFO  server.RaftServerConfigKeys (ConfUtils.java:logGet(46)) - raft.server.log.appender.install.snapshot.enabled = false (custom)
2024-02-26 09:18:30,832 [b254f787-4ade-443a-8cd7-22935f345023-groupManagement] INFO  server.RaftServerConfigKeys (ConfUtils.java:logGet(46)) - raft.server.threadpool.server.cached = true (default)
2024-02-26 09:18:30,832 [b254f787-4ade-443a-8cd7-22935f345023-groupManagement] INFO  server.RaftServerConfigKeys (ConfUtils.java:logGet(46)) - raft.server.threadpool.server.size = 0 (default)
2024-02-26 09:18:30,832 [b254f787-4ade-443a-8cd7-22935f345023-groupManagement] INFO  server.RaftServerConfigKeys (ConfUtils.java:logGet(46)) - raft.server.threadpool.client.cached = true (default)
2024-02-26 09:18:30,832 [b254f787-4ade-443a-8cd7-22935f345023-groupManagement] INFO  server.RaftServerConfigKeys (ConfUtils.java:logGet(46)) - raft.server.threadpool.client.size = 0 (default)
2024-02-26 09:18:30,832 [b254f787-4ade-443a-8cd7-22935f345023-groupManagement] INFO  server.RaftServerConfigKeys (ConfUtils.java:logGet(46)) - raft.server.storage.free-space.min = 0MB (=0) (default)
2024-02-26 09:18:30,832 [b254f787-4ade-443a-8cd7-22935f345023-groupManagement] INFO  server.RaftServerConfigKeys (ConfUtils.java:logGet(46)) - raft.server.log.corruption.policy = EXCEPTION (default)
2024-02-26 09:18:30,832 [b254f787-4ade-443a-8cd7-22935f345023-groupManagement] INFO  server.RaftServerConfigKeys (ConfUtils.java:logGet(46)) - raft.server.storage.dir = [/home/runner/work/ozone/ozone/hadoop-ozone/integration-test/target/test-dir/MiniOzoneClusterImpl-0d79f430-b8c0-477e-97b7-98e50d733022/ozone-meta/datanode-7/ratis] (custom)
2024-02-26 09:18:30,832 [b254f787-4ade-443a-8cd7-22935f345023-groupManagement] INFO  storage.RaftStorageDirectory (RaftStorageDirectoryImpl.java:analyzeStorage(138)) - The storage directory /home/runner/work/ozone/ozone/hadoop-ozone/integration-test/target/test-dir/MiniOzoneClusterImpl-0d79f430-b8c0-477e-97b7-98e50d733022/ozone-meta/datanode-7/ratis/d4958177-6a67-4271-91bd-f786dd91c2c9 does not exist. Creating ...
2024-02-26 09:18:30,836 [b254f787-4ade-443a-8cd7-22935f345023-groupManagement] INFO  storage.RaftStorageDirectory (RaftStorageDirectoryImpl.java:tryLock(228)) - Lock on /home/runner/work/ozone/ozone/hadoop-ozone/integration-test/target/test-dir/MiniOzoneClusterImpl-0d79f430-b8c0-477e-97b7-98e50d733022/ozone-meta/datanode-7/ratis/d4958177-6a67-4271-91bd-f786dd91c2c9/in_use.lock acquired by nodename 86312@fv-az1109-796
2024-02-26 09:18:30,837 [b254f787-4ade-443a-8cd7-22935f345023-groupManagement] INFO  storage.RaftStorage (RaftStorageImpl.java:format(99)) - Storage directory /home/runner/work/ozone/ozone/hadoop-ozone/integration-test/target/test-dir/MiniOzoneClusterImpl-0d79f430-b8c0-477e-97b7-98e50d733022/ozone-meta/datanode-7/ratis/d4958177-6a67-4271-91bd-f786dd91c2c9 has been successfully formatted.
2024-02-26 09:18:30,837 [b254f787-4ade-443a-8cd7-22935f345023-groupManagement] WARN  util.FileUtils (LogUtils.java:supplyAndLog(63)) - Failed to Files.newInputStream /home/runner/work/ozone/ozone/hadoop-ozone/integration-test/target/test-dir/MiniOzoneClusterImpl-0d79f430-b8c0-477e-97b7-98e50d733022/ozone-meta/datanode-7/ratis/d4958177-6a67-4271-91bd-f786dd91c2c9/current/raft-meta.conf with options []: java.nio.file.NoSuchFileException: /home/runner/work/ozone/ozone/hadoop-ozone/integration-test/target/test-dir/MiniOzoneClusterImpl-0d79f430-b8c0-477e-97b7-98e50d733022/ozone-meta/datanode-7/ratis/d4958177-6a67-4271-91bd-f786dd91c2c9/current/raft-meta.conf
2024-02-26 09:18:30,841 [b254f787-4ade-443a-8cd7-22935f345023-groupManagement] INFO  ratis.ContainerStateMachine (ContainerStateMachine.java:loadSnapshot(287)) - group-F786DD91C2C9: The snapshot info is null. Setting the last applied index to:(t:0, i:~)
2024-02-26 09:18:30,841 [b254f787-4ade-443a-8cd7-22935f345023-groupManagement] INFO  server.RaftServerConfigKeys (ConfUtils.java:logGet(46)) - raft.server.log.use.memory = false (default)
2024-02-26 09:18:30,841 [b254f787-4ade-443a-8cd7-22935f345023-groupManagement] INFO  server.RaftServerConfigKeys (ConfUtils.java:logGet(46)) - raft.server.log.purge.gap = 1000000 (custom)
2024-02-26 09:18:30,842 [b254f787-4ade-443a-8cd7-22935f345023-groupManagement] INFO  server.RaftServerConfigKeys (ConfUtils.java:logGet(46)) - raft.server.log.appender.buffer.byte-limit = 8388608 (custom)
2024-02-26 09:18:30,842 [b254f787-4ade-443a-8cd7-22935f345023-groupManagement] INFO  server.RaftServerConfigKeys (ConfUtils.java:logGet(46)) - raft.server.log.statemachine.data.read.timeout = 1000ms (default)
2024-02-26 09:18:30,842 [b254f787-4ade-443a-8cd7-22935f345023-groupManagement] INFO  server.RaftServerConfigKeys (ConfUtils.java:logGet(46)) - raft.server.log.purge.preservation.log.num = 0 (default)
2024-02-26 09:18:30,846 [EventQueue-PipelineReportForPipelineReportHandler] INFO  pipeline.PipelineReportHandler (PipelineReportHandler.java:processPipelineReport(136)) - Opened pipeline PipelineID=d4958177-6a67-4271-91bd-f786dd91c2c9
2024-02-26 09:18:30,847 [a70c1067-2103-48d8-b21c-f7bdcf327398-PipelineCommandHandlerThread-0] INFO  commandhandler.CreatePipelineCommandHandler (CreatePipelineCommandHandler.java:lambda$handle$2(124)) - Created Pipeline RATIS THREE PipelineID=59bc64b5-f925-4f86-8d61-e71e972c389b.
2024-02-26 09:18:30,848 [a70c1067-2103-48d8-b21c-f7bdcf327398-PipelineCommandHandlerThread-0] INFO  server.RaftServer (RaftServerProxy.java:addNew(100)) - a70c1067-2103-48d8-b21c-f7bdcf327398: addNew group-73FBAF7E6709:[f0a2b3de-ed07-43d6-bdce-9d4b8e15ed2c|10.1.0.30:15032, a70c1067-2103-48d8-b21c-f7bdcf327398|10.1.0.30:15023, 1fc8e30e-bcf6-4a54-bb04-f74c1c9f090e|10.1.0.30:15014] returns group-73FBAF7E6709:java.util.concurrent.CompletableFuture@266baeb9[Not completed]
2024-02-26 09:18:30,852 [EventQueue-OpenPipelineForHealthyPipelineSafeModeRule] INFO  safemode.SCMSafeModeManager (HealthyPipelineSafeModeRule.java:process(140)) - SCM in safe mode. Healthy pipelines reported count is 0, required healthy pipeline reported count is 1
2024-02-26 09:18:30,855 [f0a2b3de-ed07-43d6-bdce-9d4b8e15ed2c-PipelineCommandHandlerThread-0] INFO  commandhandler.CreatePipelineCommandHandler (CreatePipelineCommandHandler.java:lambda$handle$2(124)) - Created Pipeline RATIS THREE PipelineID=59bc64b5-f925-4f86-8d61-e71e972c389b.
2024-02-26 09:18:30,856 [62c7a6b6-874c-46f0-a24f-66d1ecaaa81b-PipelineCommandHandlerThread-0] INFO  commandhandler.CreatePipelineCommandHandler (CreatePipelineCommandHandler.java:lambda$handle$2(124)) - Created Pipeline RATIS THREE PipelineID=e66b14b8-0bee-4da7-8c90-66f4a86a365c.
2024-02-26 09:18:30,857 [a70c1067-2103-48d8-b21c-f7bdcf327398-groupManagement] INFO  server.RaftServer$Division (RaftServerImpl.java:<init>(256)) - a70c1067-2103-48d8-b21c-f7bdcf327398: new RaftServerImpl for group-73FBAF7E6709:[f0a2b3de-ed07-43d6-bdce-9d4b8e15ed2c|10.1.0.30:15032, a70c1067-2103-48d8-b21c-f7bdcf327398|10.1.0.30:15023, 1fc8e30e-bcf6-4a54-bb04-f74c1c9f090e|10.1.0.30:15014] with ContainerStateMachine:uninitialized
2024-02-26 09:18:30,857 [a70c1067-2103-48d8-b21c-f7bdcf327398-groupManagement] INFO  server.RaftServerConfigKeys (ConfUtils.java:logGet(46)) - raft.server.rpc.timeout.min = 5s (custom)
2024-02-26 09:18:30,857 [62c7a6b6-874c-46f0-a24f-66d1ecaaa81b-PipelineCommandHandlerThread-0] INFO  server.RaftServer (RaftServerProxy.java:addNew(100)) - 62c7a6b6-874c-46f0-a24f-66d1ecaaa81b: addNew group-E406F7D03047:[805285a9-14be-4ba5-9516-049ed8f85315|10.1.0.30:15041, 62c7a6b6-874c-46f0-a24f-66d1ecaaa81b|10.1.0.30:15050, bca0bda6-c24b-45de-ae86-b5c7c2d890ab|10.1.0.30:15059] returns group-E406F7D03047:java.util.concurrent.CompletableFuture@3eafb3e[Not completed]
2024-02-26 09:18:30,857 [a70c1067-2103-48d8-b21c-f7bdcf327398-groupManagement] INFO  server.RaftServerConfigKeys (ConfUtils.java:logGet(46)) - raft.server.rpc.timeout.max = 5200ms (custom)
2024-02-26 09:18:30,857 [a70c1067-2103-48d8-b21c-f7bdcf327398-groupManagement] INFO  server.RaftServerConfigKeys (ConfUtils.java:logGet(46)) - raft.server.rpc.sleep.time = 25ms (default)
2024-02-26 09:18:30,857 [a70c1067-2103-48d8-b21c-f7bdcf327398-groupManagement] INFO  server.RaftServerConfigKeys (ConfUtils.java:logGet(46)) - raft.server.rpc.slowness.timeout = 300s (custom)
2024-02-26 09:18:30,857 [a70c1067-2103-48d8-b21c-f7bdcf327398-groupManagement] INFO  server.RaftServerConfigKeys (ConfUtils.java:logGet(46)) - raft.server.leaderelection.leader.step-down.wait-time = 10s (default)
2024-02-26 09:18:30,857 [a70c1067-2103-48d8-b21c-f7bdcf327398-groupManagement] INFO  server.RaftServerConfigKeys (ConfUtils.java:logGet(46)) - raft.server.leaderelection.member.majority-add = false (default)
2024-02-26 09:18:30,857 [a70c1067-2103-48d8-b21c-f7bdcf327398-groupManagement] INFO  server.RaftServerConfigKeys (ConfUtils.java:logGet(46)) - raft.server.sleep.deviation.threshold = 300ms (default)
2024-02-26 09:18:30,857 [a70c1067-2103-48d8-b21c-f7bdcf327398-groupManagement] INFO  server.RaftServer$Division (ServerState.java:<init>(113)) - a70c1067-2103-48d8-b21c-f7bdcf327398@group-73FBAF7E6709: ConfigurationManager, init=-1: peers:[f0a2b3de-ed07-43d6-bdce-9d4b8e15ed2c|10.1.0.30:15032, a70c1067-2103-48d8-b21c-f7bdcf327398|10.1.0.30:15023, 1fc8e30e-bcf6-4a54-bb04-f74c1c9f090e|10.1.0.30:15014]|listeners:[], old=null, confs=<EMPTY_MAP>
2024-02-26 09:18:30,857 [a70c1067-2103-48d8-b21c-f7bdcf327398-groupManagement] INFO  server.RaftServerConfigKeys (ConfUtils.java:logGet(46)) - raft.server.notification.no-leader.timeout = 300s (custom)
2024-02-26 09:18:30,857 [a70c1067-2103-48d8-b21c-f7bdcf327398-groupManagement] INFO  server.RaftServerConfigKeys (ConfUtils.java:logGet(46)) - raft.server.read.timeout = 10s (default)
2024-02-26 09:18:30,857 [a70c1067-2103-48d8-b21c-f7bdcf327398-groupManagement] INFO  server.RaftServerConfigKeys (ConfUtils.java:logGet(46)) - raft.server.retrycache.expirytime = 600000ms (custom)
2024-02-26 09:18:30,857 [a70c1067-2103-48d8-b21c-f7bdcf327398-groupManagement] INFO  server.RaftServerConfigKeys (ConfUtils.java:logGet(46)) - raft.server.retrycache.statistics.expirytime = 100ms (default)
2024-02-26 09:18:30,858 [a70c1067-2103-48d8-b21c-f7bdcf327398-groupManagement] INFO  server.RaftServerConfigKeys (ConfUtils.java:logGet(46)) - raft.server.read.option = DEFAULT (default)
2024-02-26 09:18:30,858 [a70c1067-2103-48d8-b21c-f7bdcf327398-groupManagement] INFO  server.RaftServerConfigKeys (ConfUtils.java:logGet(46)) - raft.server.read.read-after-write-consistent.write-index-cache.expiry-time = 60s (default)
2024-02-26 09:18:30,858 [62c7a6b6-874c-46f0-a24f-66d1ecaaa81b-groupManagement] INFO  server.RaftServer$Division (RaftServerImpl.java:<init>(256)) - 62c7a6b6-874c-46f0-a24f-66d1ecaaa81b: new RaftServerImpl for group-E406F7D03047:[805285a9-14be-4ba5-9516-049ed8f85315|10.1.0.30:15041, 62c7a6b6-874c-46f0-a24f-66d1ecaaa81b|10.1.0.30:15050, bca0bda6-c24b-45de-ae86-b5c7c2d890ab|10.1.0.30:15059] with ContainerStateMachine:uninitialized
2024-02-26 09:18:30,858 [62c7a6b6-874c-46f0-a24f-66d1ecaaa81b-groupManagement] INFO  server.RaftServerConfigKeys (ConfUtils.java:logGet(46)) - raft.server.rpc.timeout.min = 5s (custom)
2024-02-26 09:18:30,858 [62c7a6b6-874c-46f0-a24f-66d1ecaaa81b-groupManagement] INFO  server.RaftServerConfigKeys (ConfUtils.java:logGet(46)) - raft.server.rpc.timeout.max = 5200ms (custom)
2024-02-26 09:18:30,858 [62c7a6b6-874c-46f0-a24f-66d1ecaaa81b-groupManagement] INFO  server.RaftServerConfigKeys (ConfUtils.java:logGet(46)) - raft.server.rpc.sleep.time = 25ms (default)
2024-02-26 09:18:30,858 [62c7a6b6-874c-46f0-a24f-66d1ecaaa81b-groupManagement] INFO  server.RaftServerConfigKeys (ConfUtils.java:logGet(46)) - raft.server.rpc.slowness.timeout = 300s (custom)
2024-02-26 09:18:30,858 [62c7a6b6-874c-46f0-a24f-66d1ecaaa81b-groupManagement] INFO  server.RaftServerConfigKeys (ConfUtils.java:logGet(46)) - raft.server.leaderelection.leader.step-down.wait-time = 10s (default)
2024-02-26 09:18:30,858 [62c7a6b6-874c-46f0-a24f-66d1ecaaa81b-groupManagement] INFO  server.RaftServerConfigKeys (ConfUtils.java:logGet(46)) - raft.server.leaderelection.member.majority-add = false (default)
2024-02-26 09:18:30,858 [62c7a6b6-874c-46f0-a24f-66d1ecaaa81b-groupManagement] INFO  server.RaftServerConfigKeys (ConfUtils.java:logGet(46)) - raft.server.sleep.deviation.threshold = 300ms (default)
2024-02-26 09:18:30,859 [62c7a6b6-874c-46f0-a24f-66d1ecaaa81b-groupManagement] INFO  server.RaftServer$Division (ServerState.java:<init>(113)) - 62c7a6b6-874c-46f0-a24f-66d1ecaaa81b@group-E406F7D03047: ConfigurationManager, init=-1: peers:[805285a9-14be-4ba5-9516-049ed8f85315|10.1.0.30:15041, 62c7a6b6-874c-46f0-a24f-66d1ecaaa81b|10.1.0.30:15050, bca0bda6-c24b-45de-ae86-b5c7c2d890ab|10.1.0.30:15059]|listeners:[], old=null, confs=<EMPTY_MAP>
2024-02-26 09:18:30,859 [62c7a6b6-874c-46f0-a24f-66d1ecaaa81b-groupManagement] INFO  server.RaftServerConfigKeys (ConfUtils.java:logGet(46)) - raft.server.notification.no-leader.timeout = 300s (custom)
2024-02-26 09:18:30,859 [62c7a6b6-874c-46f0-a24f-66d1ecaaa81b-groupManagement] INFO  server.RaftServerConfigKeys (ConfUtils.java:logGet(46)) - raft.server.read.timeout = 10s (default)
2024-02-26 09:18:30,859 [62c7a6b6-874c-46f0-a24f-66d1ecaaa81b-groupManagement] INFO  server.RaftServerConfigKeys (ConfUtils.java:logGet(46)) - raft.server.retrycache.expirytime = 600000ms (custom)
2024-02-26 09:18:30,859 [62c7a6b6-874c-46f0-a24f-66d1ecaaa81b-groupManagement] INFO  server.RaftServerConfigKeys (ConfUtils.java:logGet(46)) - raft.server.retrycache.statistics.expirytime = 100ms (default)
2024-02-26 09:18:30,859 [62c7a6b6-874c-46f0-a24f-66d1ecaaa81b-groupManagement] INFO  server.RaftServerConfigKeys (ConfUtils.java:logGet(46)) - raft.server.read.option = DEFAULT (default)
2024-02-26 09:18:30,859 [62c7a6b6-874c-46f0-a24f-66d1ecaaa81b-groupManagement] INFO  server.RaftServerConfigKeys (ConfUtils.java:logGet(46)) - raft.server.read.read-after-write-consistent.write-index-cache.expiry-time = 60s (default)
2024-02-26 09:18:30,859 [f0a2b3de-ed07-43d6-bdce-9d4b8e15ed2c-PipelineCommandHandlerThread-0] INFO  server.RaftServer (RaftServerProxy.java:addNew(100)) - f0a2b3de-ed07-43d6-bdce-9d4b8e15ed2c: addNew group-73FBAF7E6709:[f0a2b3de-ed07-43d6-bdce-9d4b8e15ed2c|10.1.0.30:15032, a70c1067-2103-48d8-b21c-f7bdcf327398|10.1.0.30:15023, 1fc8e30e-bcf6-4a54-bb04-f74c1c9f090e|10.1.0.30:15014] returns group-73FBAF7E6709:java.util.concurrent.CompletableFuture@54664a43[Not completed]
2024-02-26 09:18:30,865 [f0a2b3de-ed07-43d6-bdce-9d4b8e15ed2c-groupManagement] INFO  server.RaftServer$Division (RaftServerImpl.java:<init>(256)) - f0a2b3de-ed07-43d6-bdce-9d4b8e15ed2c: new RaftServerImpl for group-73FBAF7E6709:[f0a2b3de-ed07-43d6-bdce-9d4b8e15ed2c|10.1.0.30:15032, a70c1067-2103-48d8-b21c-f7bdcf327398|10.1.0.30:15023, 1fc8e30e-bcf6-4a54-bb04-f74c1c9f090e|10.1.0.30:15014] with ContainerStateMachine:uninitialized
2024-02-26 09:18:30,865 [f0a2b3de-ed07-43d6-bdce-9d4b8e15ed2c-groupManagement] INFO  server.RaftServerConfigKeys (ConfUtils.java:logGet(46)) - raft.server.rpc.timeout.min = 5s (custom)
2024-02-26 09:18:30,865 [f0a2b3de-ed07-43d6-bdce-9d4b8e15ed2c-groupManagement] INFO  server.RaftServerConfigKeys (ConfUtils.java:logGet(46)) - raft.server.rpc.timeout.max = 5200ms (custom)
2024-02-26 09:18:30,865 [f0a2b3de-ed07-43d6-bdce-9d4b8e15ed2c-groupManagement] INFO  server.RaftServerConfigKeys (ConfUtils.java:logGet(46)) - raft.server.rpc.sleep.time = 25ms (default)
2024-02-26 09:18:30,865 [f0a2b3de-ed07-43d6-bdce-9d4b8e15ed2c-groupManagement] INFO  server.RaftServerConfigKeys (ConfUtils.java:logGet(46)) - raft.server.rpc.slowness.timeout = 300s (custom)
2024-02-26 09:18:30,865 [f0a2b3de-ed07-43d6-bdce-9d4b8e15ed2c-groupManagement] INFO  server.RaftServerConfigKeys (ConfUtils.java:logGet(46)) - raft.server.leaderelection.leader.step-down.wait-time = 10s (default)
2024-02-26 09:18:30,865 [f0a2b3de-ed07-43d6-bdce-9d4b8e15ed2c-groupManagement] INFO  server.RaftServerConfigKeys (ConfUtils.java:logGet(46)) - raft.server.leaderelection.member.majority-add = false (default)
2024-02-26 09:18:30,865 [f0a2b3de-ed07-43d6-bdce-9d4b8e15ed2c-groupManagement] INFO  server.RaftServerConfigKeys (ConfUtils.java:logGet(46)) - raft.server.sleep.deviation.threshold = 300ms (default)
2024-02-26 09:18:30,865 [f0a2b3de-ed07-43d6-bdce-9d4b8e15ed2c-groupManagement] INFO  server.RaftServer$Division (ServerState.java:<init>(113)) - f0a2b3de-ed07-43d6-bdce-9d4b8e15ed2c@group-73FBAF7E6709: ConfigurationManager, init=-1: peers:[f0a2b3de-ed07-43d6-bdce-9d4b8e15ed2c|10.1.0.30:15032, a70c1067-2103-48d8-b21c-f7bdcf327398|10.1.0.30:15023, 1fc8e30e-bcf6-4a54-bb04-f74c1c9f090e|10.1.0.30:15014]|listeners:[], old=null, confs=<EMPTY_MAP>
2024-02-26 09:18:30,865 [f0a2b3de-ed07-43d6-bdce-9d4b8e15ed2c-groupManagement] INFO  server.RaftServerConfigKeys (ConfUtils.java:logGet(46)) - raft.server.notification.no-leader.timeout = 300s (custom)
2024-02-26 09:18:30,865 [f0a2b3de-ed07-43d6-bdce-9d4b8e15ed2c-groupManagement] INFO  server.RaftServerConfigKeys (ConfUtils.java:logGet(46)) - raft.server.read.timeout = 10s (default)
2024-02-26 09:18:30,865 [f0a2b3de-ed07-43d6-bdce-9d4b8e15ed2c-groupManagement] INFO  server.RaftServerConfigKeys (ConfUtils.java:logGet(46)) - raft.server.retrycache.expirytime = 600000ms (custom)
2024-02-26 09:18:30,865 [f0a2b3de-ed07-43d6-bdce-9d4b8e15ed2c-groupManagement] INFO  server.RaftServerConfigKeys (ConfUtils.java:logGet(46)) - raft.server.retrycache.statistics.expirytime = 100ms (default)
2024-02-26 09:18:30,865 [f0a2b3de-ed07-43d6-bdce-9d4b8e15ed2c-groupManagement] INFO  server.RaftServerConfigKeys (ConfUtils.java:logGet(46)) - raft.server.read.option = DEFAULT (default)
2024-02-26 09:18:30,865 [f0a2b3de-ed07-43d6-bdce-9d4b8e15ed2c-groupManagement] INFO  server.RaftServerConfigKeys (ConfUtils.java:logGet(46)) - raft.server.read.read-after-write-consistent.write-index-cache.expiry-time = 60s (default)
2024-02-26 09:18:30,877 [1fc8e30e-bcf6-4a54-bb04-f74c1c9f090e-PipelineCommandHandlerThread-0] INFO  commandhandler.CreatePipelineCommandHandler (CreatePipelineCommandHandler.java:lambda$handle$2(124)) - Created Pipeline RATIS THREE PipelineID=59bc64b5-f925-4f86-8d61-e71e972c389b.
2024-02-26 09:18:30,877 [1fc8e30e-bcf6-4a54-bb04-f74c1c9f090e-PipelineCommandHandlerThread-0] INFO  server.RaftServer (RaftServerProxy.java:addNew(100)) - 1fc8e30e-bcf6-4a54-bb04-f74c1c9f090e: addNew group-73FBAF7E6709:[f0a2b3de-ed07-43d6-bdce-9d4b8e15ed2c|10.1.0.30:15032, a70c1067-2103-48d8-b21c-f7bdcf327398|10.1.0.30:15023, 1fc8e30e-bcf6-4a54-bb04-f74c1c9f090e|10.1.0.30:15014] returns group-73FBAF7E6709:java.util.concurrent.CompletableFuture@23801178[Not completed]
2024-02-26 09:18:30,879 [1fc8e30e-bcf6-4a54-bb04-f74c1c9f090e-groupManagement] INFO  server.RaftServer$Division (RaftServerImpl.java:<init>(256)) - 1fc8e30e-bcf6-4a54-bb04-f74c1c9f090e: new RaftServerImpl for group-73FBAF7E6709:[f0a2b3de-ed07-43d6-bdce-9d4b8e15ed2c|10.1.0.30:15032, a70c1067-2103-48d8-b21c-f7bdcf327398|10.1.0.30:15023, 1fc8e30e-bcf6-4a54-bb04-f74c1c9f090e|10.1.0.30:15014] with ContainerStateMachine:uninitialized
2024-02-26 09:18:30,879 [1fc8e30e-bcf6-4a54-bb04-f74c1c9f090e-groupManagement] INFO  server.RaftServerConfigKeys (ConfUtils.java:logGet(46)) - raft.server.rpc.timeout.min = 5s (custom)
2024-02-26 09:18:30,879 [1fc8e30e-bcf6-4a54-bb04-f74c1c9f090e-groupManagement] INFO  server.RaftServerConfigKeys (ConfUtils.java:logGet(46)) - raft.server.rpc.timeout.max = 5200ms (custom)
2024-02-26 09:18:30,879 [1fc8e30e-bcf6-4a54-bb04-f74c1c9f090e-groupManagement] INFO  server.RaftServerConfigKeys (ConfUtils.java:logGet(46)) - raft.server.rpc.sleep.time = 25ms (default)
2024-02-26 09:18:30,879 [1fc8e30e-bcf6-4a54-bb04-f74c1c9f090e-groupManagement] INFO  server.RaftServerConfigKeys (ConfUtils.java:logGet(46)) - raft.server.rpc.slowness.timeout = 300s (custom)
2024-02-26 09:18:30,879 [1fc8e30e-bcf6-4a54-bb04-f74c1c9f090e-groupManagement] INFO  server.RaftServerConfigKeys (ConfUtils.java:logGet(46)) - raft.server.leaderelection.leader.step-down.wait-time = 10s (default)
2024-02-26 09:18:30,879 [1fc8e30e-bcf6-4a54-bb04-f74c1c9f090e-groupManagement] INFO  server.RaftServerConfigKeys (ConfUtils.java:logGet(46)) - raft.server.leaderelection.member.majority-add = false (default)
2024-02-26 09:18:30,879 [1fc8e30e-bcf6-4a54-bb04-f74c1c9f090e-groupManagement] INFO  server.RaftServerConfigKeys (ConfUtils.java:logGet(46)) - raft.server.sleep.deviation.threshold = 300ms (default)
2024-02-26 09:18:30,879 [1fc8e30e-bcf6-4a54-bb04-f74c1c9f090e-groupManagement] INFO  server.RaftServer$Division (ServerState.java:<init>(113)) - 1fc8e30e-bcf6-4a54-bb04-f74c1c9f090e@group-73FBAF7E6709: ConfigurationManager, init=-1: peers:[f0a2b3de-ed07-43d6-bdce-9d4b8e15ed2c|10.1.0.30:15032, a70c1067-2103-48d8-b21c-f7bdcf327398|10.1.0.30:15023, 1fc8e30e-bcf6-4a54-bb04-f74c1c9f090e|10.1.0.30:15014]|listeners:[], old=null, confs=<EMPTY_MAP>
2024-02-26 09:18:30,879 [1fc8e30e-bcf6-4a54-bb04-f74c1c9f090e-groupManagement] INFO  server.RaftServerConfigKeys (ConfUtils.java:logGet(46)) - raft.server.notification.no-leader.timeout = 300s (custom)
2024-02-26 09:18:30,879 [1fc8e30e-bcf6-4a54-bb04-f74c1c9f090e-groupManagement] INFO  server.RaftServerConfigKeys (ConfUtils.java:logGet(46)) - raft.server.read.timeout = 10s (default)
2024-02-26 09:18:30,879 [1fc8e30e-bcf6-4a54-bb04-f74c1c9f090e-groupManagement] INFO  server.RaftServerConfigKeys (ConfUtils.java:logGet(46)) - raft.server.retrycache.expirytime = 600000ms (custom)
2024-02-26 09:18:30,879 [1fc8e30e-bcf6-4a54-bb04-f74c1c9f090e-groupManagement] INFO  server.RaftServerConfigKeys (ConfUtils.java:logGet(46)) - raft.server.retrycache.statistics.expirytime = 100ms (default)
2024-02-26 09:18:30,879 [1fc8e30e-bcf6-4a54-bb04-f74c1c9f090e-groupManagement] INFO  server.RaftServerConfigKeys (ConfUtils.java:logGet(46)) - raft.server.read.option = DEFAULT (default)
2024-02-26 09:18:30,880 [1fc8e30e-bcf6-4a54-bb04-f74c1c9f090e-groupManagement] INFO  server.RaftServerConfigKeys (ConfUtils.java:logGet(46)) - raft.server.read.read-after-write-consistent.write-index-cache.expiry-time = 60s (default)
2024-02-26 09:18:30,881 [bca0bda6-c24b-45de-ae86-b5c7c2d890ab-groupManagement] INFO  server.RaftServerConfigKeys (ConfUtils.java:logGet(46)) - raft.server.storage.free-space.min = 0MB (=0) (default)
2024-02-26 09:18:30,882 [bca0bda6-c24b-45de-ae86-b5c7c2d890ab-groupManagement] INFO  server.RaftServerConfigKeys (ConfUtils.java:logGet(46)) - raft.server.log.corruption.policy = EXCEPTION (default)
2024-02-26 09:18:30,882 [bca0bda6-c24b-45de-ae86-b5c7c2d890ab-groupManagement] INFO  server.RaftServerConfigKeys (ConfUtils.java:logGet(46)) - raft.server.storage.dir = [/home/runner/work/ozone/ozone/hadoop-ozone/integration-test/target/test-dir/MiniOzoneClusterImpl-0d79f430-b8c0-477e-97b7-98e50d733022/ozone-meta/datanode-6/ratis] (custom)
2024-02-26 09:18:30,882 [bca0bda6-c24b-45de-ae86-b5c7c2d890ab-groupManagement] INFO  storage.RaftStorageDirectory (RaftStorageDirectoryImpl.java:analyzeStorage(138)) - The storage directory /home/runner/work/ozone/ozone/hadoop-ozone/integration-test/target/test-dir/MiniOzoneClusterImpl-0d79f430-b8c0-477e-97b7-98e50d733022/ozone-meta/datanode-6/ratis/15140eea-1538-47da-817a-e406f7d03047 does not exist. Creating ...
2024-02-26 09:18:30,883 [bca0bda6-c24b-45de-ae86-b5c7c2d890ab-groupManagement] INFO  storage.RaftStorageDirectory (RaftStorageDirectoryImpl.java:tryLock(228)) - Lock on /home/runner/work/ozone/ozone/hadoop-ozone/integration-test/target/test-dir/MiniOzoneClusterImpl-0d79f430-b8c0-477e-97b7-98e50d733022/ozone-meta/datanode-6/ratis/15140eea-1538-47da-817a-e406f7d03047/in_use.lock acquired by nodename 86312@fv-az1109-796
2024-02-26 09:18:30,887 [bca0bda6-c24b-45de-ae86-b5c7c2d890ab-groupManagement] INFO  storage.RaftStorage (RaftStorageImpl.java:format(99)) - Storage directory /home/runner/work/ozone/ozone/hadoop-ozone/integration-test/target/test-dir/MiniOzoneClusterImpl-0d79f430-b8c0-477e-97b7-98e50d733022/ozone-meta/datanode-6/ratis/15140eea-1538-47da-817a-e406f7d03047 has been successfully formatted.
2024-02-26 09:18:30,887 [bca0bda6-c24b-45de-ae86-b5c7c2d890ab-groupManagement] WARN  util.FileUtils (LogUtils.java:supplyAndLog(63)) - Failed to Files.newInputStream /home/runner/work/ozone/ozone/hadoop-ozone/integration-test/target/test-dir/MiniOzoneClusterImpl-0d79f430-b8c0-477e-97b7-98e50d733022/ozone-meta/datanode-6/ratis/15140eea-1538-47da-817a-e406f7d03047/current/raft-meta.conf with options []: java.nio.file.NoSuchFileException: /home/runner/work/ozone/ozone/hadoop-ozone/integration-test/target/test-dir/MiniOzoneClusterImpl-0d79f430-b8c0-477e-97b7-98e50d733022/ozone-meta/datanode-6/ratis/15140eea-1538-47da-817a-e406f7d03047/current/raft-meta.conf
2024-02-26 09:18:30,888 [bca0bda6-c24b-45de-ae86-b5c7c2d890ab-groupManagement] INFO  ratis.ContainerStateMachine (ContainerStateMachine.java:loadSnapshot(287)) - group-E406F7D03047: The snapshot info is null. Setting the last applied index to:(t:0, i:~)
2024-02-26 09:18:30,888 [bca0bda6-c24b-45de-ae86-b5c7c2d890ab-groupManagement] INFO  server.RaftServerConfigKeys (ConfUtils.java:logGet(46)) - raft.server.log.use.memory = false (default)
2024-02-26 09:18:30,888 [bca0bda6-c24b-45de-ae86-b5c7c2d890ab-groupManagement] INFO  server.RaftServerConfigKeys (ConfUtils.java:logGet(46)) - raft.server.log.purge.gap = 1000000 (custom)
2024-02-26 09:18:30,888 [bca0bda6-c24b-45de-ae86-b5c7c2d890ab-groupManagement] INFO  server.RaftServerConfigKeys (ConfUtils.java:logGet(46)) - raft.server.log.appender.buffer.byte-limit = 8388608 (custom)
2024-02-26 09:18:30,888 [bca0bda6-c24b-45de-ae86-b5c7c2d890ab-groupManagement] INFO  server.RaftServerConfigKeys (ConfUtils.java:logGet(46)) - raft.server.log.statemachine.data.read.timeout = 1000ms (default)
2024-02-26 09:18:30,888 [bca0bda6-c24b-45de-ae86-b5c7c2d890ab-groupManagement] INFO  server.RaftServerConfigKeys (ConfUtils.java:logGet(46)) - raft.server.log.purge.preservation.log.num = 0 (default)
2024-02-26 09:18:30,889 [EventQueue-OpenPipelineForHealthyPipelineSafeModeRule] INFO  safemode.SCMSafeModeManager (HealthyPipelineSafeModeRule.java:process(140)) - SCM in safe mode. Healthy pipelines reported count is 0, required healthy pipeline reported count is 1
2024-02-26 09:18:30,913 [b254f787-4ade-443a-8cd7-22935f345023-groupManagement] INFO  server.RaftServerConfigKeys (ConfUtils.java:logGet(46)) - raft.server.log.segment.size.max = 67108864 (custom)
2024-02-26 09:18:30,921 [b254f787-4ade-443a-8cd7-22935f345023-groupManagement] INFO  server.RaftServerConfigKeys (ConfUtils.java:logGet(46)) - raft.server.log.segment.cache.num.max = 2 (custom)
2024-02-26 09:18:30,921 [b254f787-4ade-443a-8cd7-22935f345023-groupManagement] INFO  server.RaftServerConfigKeys (ConfUtils.java:logGet(46)) - raft.server.log.segment.cache.size.max = 200MB (=209715200) (default)
2024-02-26 09:18:30,921 [b254f787-4ade-443a-8cd7-22935f345023-groupManagement] INFO  server.RaftServerConfigKeys (ConfUtils.java:logGet(46)) - raft.server.log.appender.buffer.byte-limit = 8388608 (custom)
2024-02-26 09:18:30,925 [62c7a6b6-874c-46f0-a24f-66d1ecaaa81b-groupManagement] INFO  server.RaftServerConfigKeys (ConfUtils.java:logGet(46)) - raft.server.rpc.request.timeout = 60s (custom)
2024-02-26 09:18:30,925 [62c7a6b6-874c-46f0-a24f-66d1ecaaa81b-groupManagement] INFO  server.RaftServerConfigKeys (ConfUtils.java:logGet(46)) - raft.server.log.appender.install.snapshot.enabled = false (custom)
2024-02-26 09:18:30,925 [62c7a6b6-874c-46f0-a24f-66d1ecaaa81b-groupManagement] INFO  server.RaftServerConfigKeys (ConfUtils.java:logGet(46)) - raft.server.threadpool.server.cached = true (default)
2024-02-26 09:18:30,925 [62c7a6b6-874c-46f0-a24f-66d1ecaaa81b-groupManagement] INFO  server.RaftServerConfigKeys (ConfUtils.java:logGet(46)) - raft.server.threadpool.server.size = 0 (default)
2024-02-26 09:18:30,925 [62c7a6b6-874c-46f0-a24f-66d1ecaaa81b-groupManagement] INFO  server.RaftServerConfigKeys (ConfUtils.java:logGet(46)) - raft.server.threadpool.client.cached = true (default)
2024-02-26 09:18:30,925 [62c7a6b6-874c-46f0-a24f-66d1ecaaa81b-groupManagement] INFO  server.RaftServerConfigKeys (ConfUtils.java:logGet(46)) - raft.server.threadpool.client.size = 0 (default)
2024-02-26 09:18:30,925 [62c7a6b6-874c-46f0-a24f-66d1ecaaa81b-groupManagement] INFO  server.RaftServerConfigKeys (ConfUtils.java:logGet(46)) - raft.server.storage.free-space.min = 0MB (=0) (default)
2024-02-26 09:18:30,925 [62c7a6b6-874c-46f0-a24f-66d1ecaaa81b-groupManagement] INFO  server.RaftServerConfigKeys (ConfUtils.java:logGet(46)) - raft.server.log.corruption.policy = EXCEPTION (default)
2024-02-26 09:18:30,926 [62c7a6b6-874c-46f0-a24f-66d1ecaaa81b-groupManagement] INFO  server.RaftServerConfigKeys (ConfUtils.java:logGet(46)) - raft.server.storage.dir = [/home/runner/work/ozone/ozone/hadoop-ozone/integration-test/target/test-dir/MiniOzoneClusterImpl-0d79f430-b8c0-477e-97b7-98e50d733022/ozone-meta/datanode-5/ratis] (custom)
2024-02-26 09:18:30,926 [62c7a6b6-874c-46f0-a24f-66d1ecaaa81b-groupManagement] INFO  storage.RaftStorageDirectory (RaftStorageDirectoryImpl.java:analyzeStorage(138)) - The storage directory /home/runner/work/ozone/ozone/hadoop-ozone/integration-test/target/test-dir/MiniOzoneClusterImpl-0d79f430-b8c0-477e-97b7-98e50d733022/ozone-meta/datanode-5/ratis/15140eea-1538-47da-817a-e406f7d03047 does not exist. Creating ...
2024-02-26 09:18:30,926 [f0a2b3de-ed07-43d6-bdce-9d4b8e15ed2c-groupManagement] INFO  server.RaftServerConfigKeys (ConfUtils.java:logGet(46)) - raft.server.rpc.request.timeout = 60s (custom)
2024-02-26 09:18:30,926 [f0a2b3de-ed07-43d6-bdce-9d4b8e15ed2c-groupManagement] INFO  server.RaftServerConfigKeys (ConfUtils.java:logGet(46)) - raft.server.log.appender.install.snapshot.enabled = false (custom)
2024-02-26 09:18:30,926 [f0a2b3de-ed07-43d6-bdce-9d4b8e15ed2c-groupManagement] INFO  server.RaftServerConfigKeys (ConfUtils.java:logGet(46)) - raft.server.threadpool.server.cached = true (default)
2024-02-26 09:18:30,926 [f0a2b3de-ed07-43d6-bdce-9d4b8e15ed2c-groupManagement] INFO  server.RaftServerConfigKeys (ConfUtils.java:logGet(46)) - raft.server.threadpool.server.size = 0 (default)
2024-02-26 09:18:30,927 [f0a2b3de-ed07-43d6-bdce-9d4b8e15ed2c-groupManagement] INFO  server.RaftServerConfigKeys (ConfUtils.java:logGet(46)) - raft.server.threadpool.client.cached = true (default)
2024-02-26 09:18:30,927 [f0a2b3de-ed07-43d6-bdce-9d4b8e15ed2c-groupManagement] INFO  server.RaftServerConfigKeys (ConfUtils.java:logGet(46)) - raft.server.threadpool.client.size = 0 (default)
2024-02-26 09:18:30,927 [f0a2b3de-ed07-43d6-bdce-9d4b8e15ed2c-groupManagement] INFO  server.RaftServerConfigKeys (ConfUtils.java:logGet(46)) - raft.server.storage.free-space.min = 0MB (=0) (default)
2024-02-26 09:18:30,927 [f0a2b3de-ed07-43d6-bdce-9d4b8e15ed2c-groupManagement] INFO  server.RaftServerConfigKeys (ConfUtils.java:logGet(46)) - raft.server.log.corruption.policy = EXCEPTION (default)
2024-02-26 09:18:30,927 [f0a2b3de-ed07-43d6-bdce-9d4b8e15ed2c-groupManagement] INFO  server.RaftServerConfigKeys (ConfUtils.java:logGet(46)) - raft.server.storage.dir = [/home/runner/work/ozone/ozone/hadoop-ozone/integration-test/target/test-dir/MiniOzoneClusterImpl-0d79f430-b8c0-477e-97b7-98e50d733022/ozone-meta/datanode-3/ratis] (custom)
2024-02-26 09:18:30,927 [f0a2b3de-ed07-43d6-bdce-9d4b8e15ed2c-groupManagement] INFO  storage.RaftStorageDirectory (RaftStorageDirectoryImpl.java:analyzeStorage(138)) - The storage directory /home/runner/work/ozone/ozone/hadoop-ozone/integration-test/target/test-dir/MiniOzoneClusterImpl-0d79f430-b8c0-477e-97b7-98e50d733022/ozone-meta/datanode-3/ratis/9282a3c2-574b-4ce6-8fd7-73fbaf7e6709 does not exist. Creating ...
2024-02-26 09:18:30,928 [a70c1067-2103-48d8-b21c-f7bdcf327398-groupManagement] INFO  server.RaftServerConfigKeys (ConfUtils.java:logGet(46)) - raft.server.rpc.request.timeout = 60s (custom)
2024-02-26 09:18:30,928 [a70c1067-2103-48d8-b21c-f7bdcf327398-groupManagement] INFO  server.RaftServerConfigKeys (ConfUtils.java:logGet(46)) - raft.server.log.appender.install.snapshot.enabled = false (custom)
2024-02-26 09:18:30,929 [1fc8e30e-bcf6-4a54-bb04-f74c1c9f090e-groupManagement] INFO  server.RaftServerConfigKeys (ConfUtils.java:logGet(46)) - raft.server.rpc.request.timeout = 60s (custom)
2024-02-26 09:18:30,929 [1fc8e30e-bcf6-4a54-bb04-f74c1c9f090e-groupManagement] INFO  server.RaftServerConfigKeys (ConfUtils.java:logGet(46)) - raft.server.log.appender.install.snapshot.enabled = false (custom)
2024-02-26 09:18:30,929 [1fc8e30e-bcf6-4a54-bb04-f74c1c9f090e-groupManagement] INFO  server.RaftServerConfigKeys (ConfUtils.java:logGet(46)) - raft.server.threadpool.server.cached = true (default)
2024-02-26 09:18:30,929 [1fc8e30e-bcf6-4a54-bb04-f74c1c9f090e-groupManagement] INFO  server.RaftServerConfigKeys (ConfUtils.java:logGet(46)) - raft.server.threadpool.server.size = 0 (default)
2024-02-26 09:18:30,929 [1fc8e30e-bcf6-4a54-bb04-f74c1c9f090e-groupManagement] INFO  server.RaftServerConfigKeys (ConfUtils.java:logGet(46)) - raft.server.threadpool.client.cached = true (default)
2024-02-26 09:18:30,929 [1fc8e30e-bcf6-4a54-bb04-f74c1c9f090e-groupManagement] INFO  server.RaftServerConfigKeys (ConfUtils.java:logGet(46)) - raft.server.threadpool.client.size = 0 (default)
2024-02-26 09:18:30,929 [1fc8e30e-bcf6-4a54-bb04-f74c1c9f090e-groupManagement] INFO  server.RaftServerConfigKeys (ConfUtils.java:logGet(46)) - raft.server.storage.free-space.min = 0MB (=0) (default)
2024-02-26 09:18:30,929 [1fc8e30e-bcf6-4a54-bb04-f74c1c9f090e-groupManagement] INFO  server.RaftServerConfigKeys (ConfUtils.java:logGet(46)) - raft.server.log.corruption.policy = EXCEPTION (default)
2024-02-26 09:18:30,930 [1fc8e30e-bcf6-4a54-bb04-f74c1c9f090e-groupManagement] INFO  server.RaftServerConfigKeys (ConfUtils.java:logGet(46)) - raft.server.storage.dir = [/home/runner/work/ozone/ozone/hadoop-ozone/integration-test/target/test-dir/MiniOzoneClusterImpl-0d79f430-b8c0-477e-97b7-98e50d733022/ozone-meta/datanode-1/ratis] (custom)
2024-02-26 09:18:30,930 [1fc8e30e-bcf6-4a54-bb04-f74c1c9f090e-groupManagement] INFO  storage.RaftStorageDirectory (RaftStorageDirectoryImpl.java:analyzeStorage(138)) - The storage directory /home/runner/work/ozone/ozone/hadoop-ozone/integration-test/target/test-dir/MiniOzoneClusterImpl-0d79f430-b8c0-477e-97b7-98e50d733022/ozone-meta/datanode-1/ratis/9282a3c2-574b-4ce6-8fd7-73fbaf7e6709 does not exist. Creating ...
2024-02-26 09:18:30,930 [f0a2b3de-ed07-43d6-bdce-9d4b8e15ed2c-groupManagement] INFO  storage.RaftStorageDirectory (RaftStorageDirectoryImpl.java:tryLock(228)) - Lock on /home/runner/work/ozone/ozone/hadoop-ozone/integration-test/target/test-dir/MiniOzoneClusterImpl-0d79f430-b8c0-477e-97b7-98e50d733022/ozone-meta/datanode-3/ratis/9282a3c2-574b-4ce6-8fd7-73fbaf7e6709/in_use.lock acquired by nodename 86312@fv-az1109-796
2024-02-26 09:18:30,930 [a70c1067-2103-48d8-b21c-f7bdcf327398-groupManagement] INFO  server.RaftServerConfigKeys (ConfUtils.java:logGet(46)) - raft.server.threadpool.server.cached = true (default)
2024-02-26 09:18:30,931 [a70c1067-2103-48d8-b21c-f7bdcf327398-groupManagement] INFO  server.RaftServerConfigKeys (ConfUtils.java:logGet(46)) - raft.server.threadpool.server.size = 0 (default)
2024-02-26 09:18:30,931 [a70c1067-2103-48d8-b21c-f7bdcf327398-groupManagement] INFO  server.RaftServerConfigKeys (ConfUtils.java:logGet(46)) - raft.server.threadpool.client.cached = true (default)
2024-02-26 09:18:30,931 [a70c1067-2103-48d8-b21c-f7bdcf327398-groupManagement] INFO  server.RaftServerConfigKeys (ConfUtils.java:logGet(46)) - raft.server.threadpool.client.size = 0 (default)
2024-02-26 09:18:30,931 [f0a2b3de-ed07-43d6-bdce-9d4b8e15ed2c-groupManagement] INFO  storage.RaftStorage (RaftStorageImpl.java:format(99)) - Storage directory /home/runner/work/ozone/ozone/hadoop-ozone/integration-test/target/test-dir/MiniOzoneClusterImpl-0d79f430-b8c0-477e-97b7-98e50d733022/ozone-meta/datanode-3/ratis/9282a3c2-574b-4ce6-8fd7-73fbaf7e6709 has been successfully formatted.
2024-02-26 09:18:30,931 [f0a2b3de-ed07-43d6-bdce-9d4b8e15ed2c-groupManagement] WARN  util.FileUtils (LogUtils.java:supplyAndLog(63)) - Failed to Files.newInputStream /home/runner/work/ozone/ozone/hadoop-ozone/integration-test/target/test-dir/MiniOzoneClusterImpl-0d79f430-b8c0-477e-97b7-98e50d733022/ozone-meta/datanode-3/ratis/9282a3c2-574b-4ce6-8fd7-73fbaf7e6709/current/raft-meta.conf with options []: java.nio.file.NoSuchFileException: /home/runner/work/ozone/ozone/hadoop-ozone/integration-test/target/test-dir/MiniOzoneClusterImpl-0d79f430-b8c0-477e-97b7-98e50d733022/ozone-meta/datanode-3/ratis/9282a3c2-574b-4ce6-8fd7-73fbaf7e6709/current/raft-meta.conf
2024-02-26 09:18:30,932 [f0a2b3de-ed07-43d6-bdce-9d4b8e15ed2c-groupManagement] INFO  ratis.ContainerStateMachine (ContainerStateMachine.java:loadSnapshot(287)) - group-73FBAF7E6709: The snapshot info is null. Setting the last applied index to:(t:0, i:~)
2024-02-26 09:18:30,932 [f0a2b3de-ed07-43d6-bdce-9d4b8e15ed2c-groupManagement] INFO  server.RaftServerConfigKeys (ConfUtils.java:logGet(46)) - raft.server.log.use.memory = false (default)
2024-02-26 09:18:30,932 [f0a2b3de-ed07-43d6-bdce-9d4b8e15ed2c-groupManagement] INFO  server.RaftServerConfigKeys (ConfUtils.java:logGet(46)) - raft.server.log.purge.gap = 1000000 (custom)
2024-02-26 09:18:30,932 [f0a2b3de-ed07-43d6-bdce-9d4b8e15ed2c-groupManagement] INFO  server.RaftServerConfigKeys (ConfUtils.java:logGet(46)) - raft.server.log.appender.buffer.byte-limit = 8388608 (custom)
2024-02-26 09:18:30,932 [f0a2b3de-ed07-43d6-bdce-9d4b8e15ed2c-groupManagement] INFO  server.RaftServerConfigKeys (ConfUtils.java:logGet(46)) - raft.server.log.statemachine.data.read.timeout = 1000ms (default)
2024-02-26 09:18:30,932 [f0a2b3de-ed07-43d6-bdce-9d4b8e15ed2c-groupManagement] INFO  server.RaftServerConfigKeys (ConfUtils.java:logGet(46)) - raft.server.log.purge.preservation.log.num = 0 (default)
2024-02-26 09:18:30,931 [b254f787-4ade-443a-8cd7-22935f345023-groupManagement] INFO  util.AwaitToRun (AwaitToRun.java:start(81)) - Thread[b254f787-4ade-443a-8cd7-22935f345023@group-F786DD91C2C9-cacheEviction-AwaitToRun,5,main] started
2024-02-26 09:18:30,940 [b254f787-4ade-443a-8cd7-22935f345023-groupManagement] INFO  segmented.SegmentedRaftLogWorker (SegmentedRaftLogWorker.java:<init>(182)) - new b254f787-4ade-443a-8cd7-22935f345023@group-F786DD91C2C9-SegmentedRaftLogWorker for RaftStorageImpl:Storage Directory /home/runner/work/ozone/ozone/hadoop-ozone/integration-test/target/test-dir/MiniOzoneClusterImpl-0d79f430-b8c0-477e-97b7-98e50d733022/ozone-meta/datanode-7/ratis/d4958177-6a67-4271-91bd-f786dd91c2c9
2024-02-26 09:18:30,940 [b254f787-4ade-443a-8cd7-22935f345023-groupManagement] INFO  server.RaftServerConfigKeys (ConfUtils.java:logGet(46)) - raft.server.log.queue.byte-limit = 4294967296 (custom)
2024-02-26 09:18:30,940 [b254f787-4ade-443a-8cd7-22935f345023-groupManagement] INFO  server.RaftServerConfigKeys (ConfUtils.java:logGet(46)) - raft.server.log.queue.element-limit = 1024 (custom)
2024-02-26 09:18:30,940 [b254f787-4ade-443a-8cd7-22935f345023-groupManagement] INFO  server.RaftServerConfigKeys (ConfUtils.java:logGet(46)) - raft.server.log.segment.size.max = 67108864 (custom)
2024-02-26 09:18:30,940 [b254f787-4ade-443a-8cd7-22935f345023-groupManagement] INFO  server.RaftServerConfigKeys (ConfUtils.java:logGet(46)) - raft.server.log.preallocated.size = 4194304 (custom)
2024-02-26 09:18:30,940 [b254f787-4ade-443a-8cd7-22935f345023-groupManagement] INFO  server.RaftServerConfigKeys (ConfUtils.java:logGet(46)) - raft.server.log.force.sync.num = 128 (default)
2024-02-26 09:18:30,940 [b254f787-4ade-443a-8cd7-22935f345023-groupManagement] INFO  server.RaftServerConfigKeys (ConfUtils.java:logGet(46)) - raft.server.log.statemachine.data.sync = true (default)
2024-02-26 09:18:30,940 [b254f787-4ade-443a-8cd7-22935f345023-groupManagement] INFO  server.RaftServerConfigKeys (ConfUtils.java:logGet(46)) - raft.server.log.statemachine.data.sync.timeout = 10s (default)
2024-02-26 09:18:30,941 [b254f787-4ade-443a-8cd7-22935f345023-groupManagement] INFO  server.RaftServerConfigKeys (ConfUtils.java:logGet(46)) - raft.server.log.statemachine.data.sync.timeout.retry = 0 (custom)
2024-02-26 09:18:30,941 [b254f787-4ade-443a-8cd7-22935f345023-groupManagement] INFO  server.RaftServerConfigKeys (ConfUtils.java:logGet(46)) - raft.server.log.write.buffer.size = 8388616 (custom)
2024-02-26 09:18:30,943 [b254f787-4ade-443a-8cd7-22935f345023-groupManagement] INFO  server.RaftServerConfigKeys (ConfUtils.java:logGet(46)) - raft.server.log.appender.buffer.byte-limit = 8388608 (custom)
2024-02-26 09:18:30,943 [b254f787-4ade-443a-8cd7-22935f345023-groupManagement] INFO  server.RaftServerConfigKeys (ConfUtils.java:logGet(46)) - raft.server.log.unsafe-flush.enabled = false (default)
2024-02-26 09:18:30,943 [b254f787-4ade-443a-8cd7-22935f345023-groupManagement] INFO  server.RaftServerConfigKeys (ConfUtils.java:logGet(46)) - raft.server.log.async-flush.enabled = false (default)
2024-02-26 09:18:30,943 [b254f787-4ade-443a-8cd7-22935f345023-groupManagement] INFO  server.RaftServerConfigKeys (ConfUtils.java:logGet(46)) - raft.server.log.statemachine.data.caching.enabled = true (custom)
2024-02-26 09:18:30,943 [b254f787-4ade-443a-8cd7-22935f345023-groupManagement] INFO  segmented.SegmentedRaftLogWorker (SegmentedRaftLogWorker.java:lambda$new$0(134)) - b254f787-4ade-443a-8cd7-22935f345023@group-F786DD91C2C9-SegmentedRaftLogWorker: flushIndex: setUnconditionally 0 -> -1
2024-02-26 09:18:30,943 [b254f787-4ade-443a-8cd7-22935f345023-groupManagement] INFO  segmented.SegmentedRaftLogWorker (SegmentedRaftLogWorker.java:lambda$new$0(134)) - b254f787-4ade-443a-8cd7-22935f345023@group-F786DD91C2C9-SegmentedRaftLogWorker: safeCacheEvictIndex: setUnconditionally 0 -> -1
2024-02-26 09:18:30,940 [62c7a6b6-874c-46f0-a24f-66d1ecaaa81b-groupManagement] INFO  storage.RaftStorageDirectory (RaftStorageDirectoryImpl.java:tryLock(228)) - Lock on /home/runner/work/ozone/ozone/hadoop-ozone/integration-test/target/test-dir/MiniOzoneClusterImpl-0d79f430-b8c0-477e-97b7-98e50d733022/ozone-meta/datanode-5/ratis/15140eea-1538-47da-817a-e406f7d03047/in_use.lock acquired by nodename 86312@fv-az1109-796
2024-02-26 09:18:30,945 [62c7a6b6-874c-46f0-a24f-66d1ecaaa81b-groupManagement] INFO  storage.RaftStorage (RaftStorageImpl.java:format(99)) - Storage directory /home/runner/work/ozone/ozone/hadoop-ozone/integration-test/target/test-dir/MiniOzoneClusterImpl-0d79f430-b8c0-477e-97b7-98e50d733022/ozone-meta/datanode-5/ratis/15140eea-1538-47da-817a-e406f7d03047 has been successfully formatted.
2024-02-26 09:18:30,945 [62c7a6b6-874c-46f0-a24f-66d1ecaaa81b-groupManagement] WARN  util.FileUtils (LogUtils.java:supplyAndLog(63)) - Failed to Files.newInputStream /home/runner/work/ozone/ozone/hadoop-ozone/integration-test/target/test-dir/MiniOzoneClusterImpl-0d79f430-b8c0-477e-97b7-98e50d733022/ozone-meta/datanode-5/ratis/15140eea-1538-47da-817a-e406f7d03047/current/raft-meta.conf with options []: java.nio.file.NoSuchFileException: /home/runner/work/ozone/ozone/hadoop-ozone/integration-test/target/test-dir/MiniOzoneClusterImpl-0d79f430-b8c0-477e-97b7-98e50d733022/ozone-meta/datanode-5/ratis/15140eea-1538-47da-817a-e406f7d03047/current/raft-meta.conf
2024-02-26 09:18:30,939 [bca0bda6-c24b-45de-ae86-b5c7c2d890ab-groupManagement] INFO  server.RaftServerConfigKeys (ConfUtils.java:logGet(46)) - raft.server.log.segment.size.max = 67108864 (custom)
2024-02-26 09:18:30,939 [EventQueue-OpenPipelineForHealthyPipelineSafeModeRule] INFO  safemode.SCMSafeModeManager (HealthyPipelineSafeModeRule.java:process(140)) - SCM in safe mode. Healthy pipelines reported count is 0, required healthy pipeline reported count is 1
2024-02-26 09:18:30,946 [bca0bda6-c24b-45de-ae86-b5c7c2d890ab-groupManagement] INFO  server.RaftServerConfigKeys (ConfUtils.java:logGet(46)) - raft.server.log.segment.cache.num.max = 2 (custom)
2024-02-26 09:18:30,946 [bca0bda6-c24b-45de-ae86-b5c7c2d890ab-groupManagement] INFO  server.RaftServerConfigKeys (ConfUtils.java:logGet(46)) - raft.server.log.segment.cache.size.max = 200MB (=209715200) (default)
2024-02-26 09:18:30,946 [bca0bda6-c24b-45de-ae86-b5c7c2d890ab-groupManagement] INFO  server.RaftServerConfigKeys (ConfUtils.java:logGet(46)) - raft.server.log.appender.buffer.byte-limit = 8388608 (custom)
2024-02-26 09:18:30,938 [f0a2b3de-ed07-43d6-bdce-9d4b8e15ed2c-groupManagement] INFO  server.RaftServerConfigKeys (ConfUtils.java:logGet(46)) - raft.server.log.segment.size.max = 67108864 (custom)
2024-02-26 09:18:30,937 [aa7921d1-8be5-430c-af0e-7b09d4ba500e-groupManagement] INFO  server.RaftServer$Division (RaftServerImpl.java:<init>(256)) - aa7921d1-8be5-430c-af0e-7b09d4ba500e: new RaftServerImpl for group-99153D2F9DA5:[aa7921d1-8be5-430c-af0e-7b09d4ba500e|10.1.0.30:15077] with ContainerStateMachine:uninitialized
2024-02-26 09:18:30,937 [a70c1067-2103-48d8-b21c-f7bdcf327398-groupManagement] INFO  server.RaftServerConfigKeys (ConfUtils.java:logGet(46)) - raft.server.storage.free-space.min = 0MB (=0) (default)
2024-02-26 09:18:30,947 [a70c1067-2103-48d8-b21c-f7bdcf327398-groupManagement] INFO  server.RaftServerConfigKeys (ConfUtils.java:logGet(46)) - raft.server.log.corruption.policy = EXCEPTION (default)
2024-02-26 09:18:30,947 [a70c1067-2103-48d8-b21c-f7bdcf327398-groupManagement] INFO  server.RaftServerConfigKeys (ConfUtils.java:logGet(46)) - raft.server.storage.dir = [/home/runner/work/ozone/ozone/hadoop-ozone/integration-test/target/test-dir/MiniOzoneClusterImpl-0d79f430-b8c0-477e-97b7-98e50d733022/ozone-meta/datanode-2/ratis] (custom)
2024-02-26 09:18:30,947 [a70c1067-2103-48d8-b21c-f7bdcf327398-groupManagement] INFO  storage.RaftStorageDirectory (RaftStorageDirectoryImpl.java:analyzeStorage(138)) - The storage directory /home/runner/work/ozone/ozone/hadoop-ozone/integration-test/target/test-dir/MiniOzoneClusterImpl-0d79f430-b8c0-477e-97b7-98e50d733022/ozone-meta/datanode-2/ratis/9282a3c2-574b-4ce6-8fd7-73fbaf7e6709 does not exist. Creating ...
2024-02-26 09:18:30,948 [a70c1067-2103-48d8-b21c-f7bdcf327398-groupManagement] INFO  storage.RaftStorageDirectory (RaftStorageDirectoryImpl.java:tryLock(228)) - Lock on /home/runner/work/ozone/ozone/hadoop-ozone/integration-test/target/test-dir/MiniOzoneClusterImpl-0d79f430-b8c0-477e-97b7-98e50d733022/ozone-meta/datanode-2/ratis/9282a3c2-574b-4ce6-8fd7-73fbaf7e6709/in_use.lock acquired by nodename 86312@fv-az1109-796
2024-02-26 09:18:30,936 [aa7921d1-8be5-430c-af0e-7b09d4ba500e-PipelineCommandHandlerThread-0] INFO  server.RaftServer (RaftServerProxy.java:addNew(100)) - aa7921d1-8be5-430c-af0e-7b09d4ba500e: addNew group-99153D2F9DA5:[aa7921d1-8be5-430c-af0e-7b09d4ba500e|10.1.0.30:15077] returns group-99153D2F9DA5:java.util.concurrent.CompletableFuture@26b34fca[Not completed]
2024-02-26 09:18:30,931 [1fc8e30e-bcf6-4a54-bb04-f74c1c9f090e-groupManagement] INFO  storage.RaftStorageDirectory (RaftStorageDirectoryImpl.java:tryLock(228)) - Lock on /home/runner/work/ozone/ozone/hadoop-ozone/integration-test/target/test-dir/MiniOzoneClusterImpl-0d79f430-b8c0-477e-97b7-98e50d733022/ozone-meta/datanode-1/ratis/9282a3c2-574b-4ce6-8fd7-73fbaf7e6709/in_use.lock acquired by nodename 86312@fv-az1109-796
2024-02-26 09:18:30,949 [a70c1067-2103-48d8-b21c-f7bdcf327398-groupManagement] INFO  storage.RaftStorage (RaftStorageImpl.java:format(99)) - Storage directory /home/runner/work/ozone/ozone/hadoop-ozone/integration-test/target/test-dir/MiniOzoneClusterImpl-0d79f430-b8c0-477e-97b7-98e50d733022/ozone-meta/datanode-2/ratis/9282a3c2-574b-4ce6-8fd7-73fbaf7e6709 has been successfully formatted.
2024-02-26 09:18:30,949 [a70c1067-2103-48d8-b21c-f7bdcf327398-groupManagement] WARN  util.FileUtils (LogUtils.java:supplyAndLog(63)) - Failed to Files.newInputStream /home/runner/work/ozone/ozone/hadoop-ozone/integration-test/target/test-dir/MiniOzoneClusterImpl-0d79f430-b8c0-477e-97b7-98e50d733022/ozone-meta/datanode-2/ratis/9282a3c2-574b-4ce6-8fd7-73fbaf7e6709/current/raft-meta.conf with options []: java.nio.file.NoSuchFileException: /home/runner/work/ozone/ozone/hadoop-ozone/integration-test/target/test-dir/MiniOzoneClusterImpl-0d79f430-b8c0-477e-97b7-98e50d733022/ozone-meta/datanode-2/ratis/9282a3c2-574b-4ce6-8fd7-73fbaf7e6709/current/raft-meta.conf
2024-02-26 09:18:30,950 [1fc8e30e-bcf6-4a54-bb04-f74c1c9f090e-groupManagement] INFO  storage.RaftStorage (RaftStorageImpl.java:format(99)) - Storage directory /home/runner/work/ozone/ozone/hadoop-ozone/integration-test/target/test-dir/MiniOzoneClusterImpl-0d79f430-b8c0-477e-97b7-98e50d733022/ozone-meta/datanode-1/ratis/9282a3c2-574b-4ce6-8fd7-73fbaf7e6709 has been successfully formatted.
2024-02-26 09:18:30,950 [1fc8e30e-bcf6-4a54-bb04-f74c1c9f090e-groupManagement] WARN  util.FileUtils (LogUtils.java:supplyAndLog(63)) - Failed to Files.newInputStream /home/runner/work/ozone/ozone/hadoop-ozone/integration-test/target/test-dir/MiniOzoneClusterImpl-0d79f430-b8c0-477e-97b7-98e50d733022/ozone-meta/datanode-1/ratis/9282a3c2-574b-4ce6-8fd7-73fbaf7e6709/current/raft-meta.conf with options []: java.nio.file.NoSuchFileException: /home/runner/work/ozone/ozone/hadoop-ozone/integration-test/target/test-dir/MiniOzoneClusterImpl-0d79f430-b8c0-477e-97b7-98e50d733022/ozone-meta/datanode-1/ratis/9282a3c2-574b-4ce6-8fd7-73fbaf7e6709/current/raft-meta.conf
2024-02-26 09:18:30,947 [aa7921d1-8be5-430c-af0e-7b09d4ba500e-groupManagement] INFO  server.RaftServerConfigKeys (ConfUtils.java:logGet(46)) - raft.server.rpc.timeout.min = 5s (custom)
2024-02-26 09:18:30,952 [aa7921d1-8be5-430c-af0e-7b09d4ba500e-groupManagement] INFO  server.RaftServerConfigKeys (ConfUtils.java:logGet(46)) - raft.server.rpc.timeout.max = 5200ms (custom)
2024-02-26 09:18:30,952 [a70c1067-2103-48d8-b21c-f7bdcf327398-groupManagement] INFO  ratis.ContainerStateMachine (ContainerStateMachine.java:loadSnapshot(287)) - group-73FBAF7E6709: The snapshot info is null. Setting the last applied index to:(t:0, i:~)
2024-02-26 09:18:30,952 [a70c1067-2103-48d8-b21c-f7bdcf327398-groupManagement] INFO  server.RaftServerConfigKeys (ConfUtils.java:logGet(46)) - raft.server.log.use.memory = false (default)
2024-02-26 09:18:30,952 [a70c1067-2103-48d8-b21c-f7bdcf327398-groupManagement] INFO  server.RaftServerConfigKeys (ConfUtils.java:logGet(46)) - raft.server.log.purge.gap = 1000000 (custom)
2024-02-26 09:18:30,952 [a70c1067-2103-48d8-b21c-f7bdcf327398-groupManagement] INFO  server.RaftServerConfigKeys (ConfUtils.java:logGet(46)) - raft.server.log.appender.buffer.byte-limit = 8388608 (custom)
2024-02-26 09:18:30,952 [a70c1067-2103-48d8-b21c-f7bdcf327398-groupManagement] INFO  server.RaftServerConfigKeys (ConfUtils.java:logGet(46)) - raft.server.log.statemachine.data.read.timeout = 1000ms (default)
2024-02-26 09:18:30,952 [a70c1067-2103-48d8-b21c-f7bdcf327398-groupManagement] INFO  server.RaftServerConfigKeys (ConfUtils.java:logGet(46)) - raft.server.log.purge.preservation.log.num = 0 (default)
2024-02-26 09:18:30,947 [f0a2b3de-ed07-43d6-bdce-9d4b8e15ed2c-groupManagement] INFO  server.RaftServerConfigKeys (ConfUtils.java:logGet(46)) - raft.server.log.segment.cache.num.max = 2 (custom)
2024-02-26 09:18:30,953 [f0a2b3de-ed07-43d6-bdce-9d4b8e15ed2c-groupManagement] INFO  server.RaftServerConfigKeys (ConfUtils.java:logGet(46)) - raft.server.log.segment.cache.size.max = 200MB (=209715200) (default)
2024-02-26 09:18:30,954 [f0a2b3de-ed07-43d6-bdce-9d4b8e15ed2c-groupManagement] INFO  server.RaftServerConfigKeys (ConfUtils.java:logGet(46)) - raft.server.log.appender.buffer.byte-limit = 8388608 (custom)
2024-02-26 09:18:30,952 [aa7921d1-8be5-430c-af0e-7b09d4ba500e-groupManagement] INFO  server.RaftServerConfigKeys (ConfUtils.java:logGet(46)) - raft.server.rpc.sleep.time = 25ms (default)
2024-02-26 09:18:30,951 [1fc8e30e-bcf6-4a54-bb04-f74c1c9f090e-groupManagement] INFO  ratis.ContainerStateMachine (ContainerStateMachine.java:loadSnapshot(287)) - group-73FBAF7E6709: The snapshot info is null. Setting the last applied index to:(t:0, i:~)
2024-02-26 09:18:30,955 [1fc8e30e-bcf6-4a54-bb04-f74c1c9f090e-groupManagement] INFO  server.RaftServerConfigKeys (ConfUtils.java:logGet(46)) - raft.server.log.use.memory = false (default)
2024-02-26 09:18:30,955 [a70c1067-2103-48d8-b21c-f7bdcf327398-groupManagement] INFO  server.RaftServerConfigKeys (ConfUtils.java:logGet(46)) - raft.server.log.segment.size.max = 67108864 (custom)
2024-02-26 09:18:30,955 [1fc8e30e-bcf6-4a54-bb04-f74c1c9f090e-groupManagement] INFO  server.RaftServerConfigKeys (ConfUtils.java:logGet(46)) - raft.server.log.purge.gap = 1000000 (custom)
2024-02-26 09:18:30,955 [1fc8e30e-bcf6-4a54-bb04-f74c1c9f090e-groupManagement] INFO  server.RaftServerConfigKeys (ConfUtils.java:logGet(46)) - raft.server.log.appender.buffer.byte-limit = 8388608 (custom)
2024-02-26 09:18:30,955 [1fc8e30e-bcf6-4a54-bb04-f74c1c9f090e-groupManagement] INFO  server.RaftServerConfigKeys (ConfUtils.java:logGet(46)) - raft.server.log.statemachine.data.read.timeout = 1000ms (default)
2024-02-26 09:18:30,955 [1fc8e30e-bcf6-4a54-bb04-f74c1c9f090e-groupManagement] INFO  server.RaftServerConfigKeys (ConfUtils.java:logGet(46)) - raft.server.log.purge.preservation.log.num = 0 (default)
2024-02-26 09:18:30,955 [a70c1067-2103-48d8-b21c-f7bdcf327398-groupManagement] INFO  server.RaftServerConfigKeys (ConfUtils.java:logGet(46)) - raft.server.log.segment.cache.num.max = 2 (custom)
2024-02-26 09:18:30,955 [a70c1067-2103-48d8-b21c-f7bdcf327398-groupManagement] INFO  server.RaftServerConfigKeys (ConfUtils.java:logGet(46)) - raft.server.log.segment.cache.size.max = 200MB (=209715200) (default)
2024-02-26 09:18:30,955 [a70c1067-2103-48d8-b21c-f7bdcf327398-groupManagement] INFO  server.RaftServerConfigKeys (ConfUtils.java:logGet(46)) - raft.server.log.appender.buffer.byte-limit = 8388608 (custom)
2024-02-26 09:18:30,955 [b254f787-4ade-443a-8cd7-22935f345023-groupManagement] INFO  server.RaftServer$Division (RaftServerImpl.java:start(396)) - b254f787-4ade-443a-8cd7-22935f345023@group-F786DD91C2C9: start as a follower, conf=-1: peers:[b254f787-4ade-443a-8cd7-22935f345023|10.1.0.30:15068]|listeners:[], old=null
2024-02-26 09:18:30,956 [b254f787-4ade-443a-8cd7-22935f345023-groupManagement] INFO  server.RaftServer$Division (RaftServerImpl.java:setRole(383)) - b254f787-4ade-443a-8cd7-22935f345023@group-F786DD91C2C9: changes role from      null to FOLLOWER at term 0 for startAsFollower
2024-02-26 09:18:30,957 [1fc8e30e-bcf6-4a54-bb04-f74c1c9f090e-groupManagement] INFO  server.RaftServerConfigKeys (ConfUtils.java:logGet(46)) - raft.server.log.segment.size.max = 67108864 (custom)
2024-02-26 09:18:30,957 [1fc8e30e-bcf6-4a54-bb04-f74c1c9f090e-groupManagement] INFO  server.RaftServerConfigKeys (ConfUtils.java:logGet(46)) - raft.server.log.segment.cache.num.max = 2 (custom)
2024-02-26 09:18:30,957 [1fc8e30e-bcf6-4a54-bb04-f74c1c9f090e-groupManagement] INFO  server.RaftServerConfigKeys (ConfUtils.java:logGet(46)) - raft.server.log.segment.cache.size.max = 200MB (=209715200) (default)
2024-02-26 09:18:30,957 [1fc8e30e-bcf6-4a54-bb04-f74c1c9f090e-groupManagement] INFO  server.RaftServerConfigKeys (ConfUtils.java:logGet(46)) - raft.server.log.appender.buffer.byte-limit = 8388608 (custom)
2024-02-26 09:18:30,958 [aa7921d1-8be5-430c-af0e-7b09d4ba500e-groupManagement] INFO  server.RaftServerConfigKeys (ConfUtils.java:logGet(46)) - raft.server.rpc.slowness.timeout = 300s (custom)
2024-02-26 09:18:30,959 [aa7921d1-8be5-430c-af0e-7b09d4ba500e-groupManagement] INFO  server.RaftServerConfigKeys (ConfUtils.java:logGet(46)) - raft.server.leaderelection.leader.step-down.wait-time = 10s (default)
2024-02-26 09:18:30,959 [aa7921d1-8be5-430c-af0e-7b09d4ba500e-groupManagement] INFO  server.RaftServerConfigKeys (ConfUtils.java:logGet(46)) - raft.server.leaderelection.member.majority-add = false (default)
2024-02-26 09:18:30,959 [aa7921d1-8be5-430c-af0e-7b09d4ba500e-groupManagement] INFO  server.RaftServerConfigKeys (ConfUtils.java:logGet(46)) - raft.server.sleep.deviation.threshold = 300ms (default)
2024-02-26 09:18:30,959 [f0a2b3de-ed07-43d6-bdce-9d4b8e15ed2c-groupManagement] INFO  util.AwaitToRun (AwaitToRun.java:start(81)) - Thread[f0a2b3de-ed07-43d6-bdce-9d4b8e15ed2c@group-73FBAF7E6709-cacheEviction-AwaitToRun,5,main] started
2024-02-26 09:18:30,960 [f0a2b3de-ed07-43d6-bdce-9d4b8e15ed2c-groupManagement] INFO  segmented.SegmentedRaftLogWorker (SegmentedRaftLogWorker.java:<init>(182)) - new f0a2b3de-ed07-43d6-bdce-9d4b8e15ed2c@group-73FBAF7E6709-SegmentedRaftLogWorker for RaftStorageImpl:Storage Directory /home/runner/work/ozone/ozone/hadoop-ozone/integration-test/target/test-dir/MiniOzoneClusterImpl-0d79f430-b8c0-477e-97b7-98e50d733022/ozone-meta/datanode-3/ratis/9282a3c2-574b-4ce6-8fd7-73fbaf7e6709
2024-02-26 09:18:30,960 [f0a2b3de-ed07-43d6-bdce-9d4b8e15ed2c-groupManagement] INFO  server.RaftServerConfigKeys (ConfUtils.java:logGet(46)) - raft.server.log.queue.byte-limit = 4294967296 (custom)
2024-02-26 09:18:30,960 [f0a2b3de-ed07-43d6-bdce-9d4b8e15ed2c-groupManagement] INFO  server.RaftServerConfigKeys (ConfUtils.java:logGet(46)) - raft.server.log.queue.element-limit = 1024 (custom)
2024-02-26 09:18:30,960 [f0a2b3de-ed07-43d6-bdce-9d4b8e15ed2c-groupManagement] INFO  server.RaftServerConfigKeys (ConfUtils.java:logGet(46)) - raft.server.log.segment.size.max = 67108864 (custom)
2024-02-26 09:18:30,960 [f0a2b3de-ed07-43d6-bdce-9d4b8e15ed2c-groupManagement] INFO  server.RaftServerConfigKeys (ConfUtils.java:logGet(46)) - raft.server.log.preallocated.size = 4194304 (custom)
2024-02-26 09:18:30,960 [f0a2b3de-ed07-43d6-bdce-9d4b8e15ed2c-groupManagement] INFO  server.RaftServerConfigKeys (ConfUtils.java:logGet(46)) - raft.server.log.force.sync.num = 128 (default)
2024-02-26 09:18:30,960 [f0a2b3de-ed07-43d6-bdce-9d4b8e15ed2c-groupManagement] INFO  server.RaftServerConfigKeys (ConfUtils.java:logGet(46)) - raft.server.log.statemachine.data.sync = true (default)
2024-02-26 09:18:30,960 [f0a2b3de-ed07-43d6-bdce-9d4b8e15ed2c-groupManagement] INFO  server.RaftServerConfigKeys (ConfUtils.java:logGet(46)) - raft.server.log.statemachine.data.sync.timeout = 10s (default)
2024-02-26 09:18:30,960 [f0a2b3de-ed07-43d6-bdce-9d4b8e15ed2c-groupManagement] INFO  server.RaftServerConfigKeys (ConfUtils.java:logGet(46)) - raft.server.log.statemachine.data.sync.timeout.retry = 0 (custom)
2024-02-26 09:18:30,961 [f0a2b3de-ed07-43d6-bdce-9d4b8e15ed2c-groupManagement] INFO  server.RaftServerConfigKeys (ConfUtils.java:logGet(46)) - raft.server.log.write.buffer.size = 8388616 (custom)
2024-02-26 09:18:30,960 [aa7921d1-8be5-430c-af0e-7b09d4ba500e-groupManagement] INFO  server.RaftServer$Division (ServerState.java:<init>(113)) - aa7921d1-8be5-430c-af0e-7b09d4ba500e@group-99153D2F9DA5: ConfigurationManager, init=-1: peers:[aa7921d1-8be5-430c-af0e-7b09d4ba500e|10.1.0.30:15077]|listeners:[], old=null, confs=<EMPTY_MAP>
2024-02-26 09:18:30,959 [bca0bda6-c24b-45de-ae86-b5c7c2d890ab-groupManagement] INFO  util.AwaitToRun (AwaitToRun.java:start(81)) - Thread[bca0bda6-c24b-45de-ae86-b5c7c2d890ab@group-E406F7D03047-cacheEviction-AwaitToRun,5,main] started
2024-02-26 09:18:30,962 [bca0bda6-c24b-45de-ae86-b5c7c2d890ab-groupManagement] INFO  segmented.SegmentedRaftLogWorker (SegmentedRaftLogWorker.java:<init>(182)) - new bca0bda6-c24b-45de-ae86-b5c7c2d890ab@group-E406F7D03047-SegmentedRaftLogWorker for RaftStorageImpl:Storage Directory /home/runner/work/ozone/ozone/hadoop-ozone/integration-test/target/test-dir/MiniOzoneClusterImpl-0d79f430-b8c0-477e-97b7-98e50d733022/ozone-meta/datanode-6/ratis/15140eea-1538-47da-817a-e406f7d03047
2024-02-26 09:18:30,962 [bca0bda6-c24b-45de-ae86-b5c7c2d890ab-groupManagement] INFO  server.RaftServerConfigKeys (ConfUtils.java:logGet(46)) - raft.server.log.queue.byte-limit = 4294967296 (custom)
2024-02-26 09:18:30,962 [bca0bda6-c24b-45de-ae86-b5c7c2d890ab-groupManagement] INFO  server.RaftServerConfigKeys (ConfUtils.java:logGet(46)) - raft.server.log.queue.element-limit = 1024 (custom)
2024-02-26 09:18:30,962 [bca0bda6-c24b-45de-ae86-b5c7c2d890ab-groupManagement] INFO  server.RaftServerConfigKeys (ConfUtils.java:logGet(46)) - raft.server.log.segment.size.max = 67108864 (custom)
2024-02-26 09:18:30,962 [bca0bda6-c24b-45de-ae86-b5c7c2d890ab-groupManagement] INFO  server.RaftServerConfigKeys (ConfUtils.java:logGet(46)) - raft.server.log.preallocated.size = 4194304 (custom)
2024-02-26 09:18:30,963 [bca0bda6-c24b-45de-ae86-b5c7c2d890ab-groupManagement] INFO  server.RaftServerConfigKeys (ConfUtils.java:logGet(46)) - raft.server.log.force.sync.num = 128 (default)
2024-02-26 09:18:30,963 [bca0bda6-c24b-45de-ae86-b5c7c2d890ab-groupManagement] INFO  server.RaftServerConfigKeys (ConfUtils.java:logGet(46)) - raft.server.log.statemachine.data.sync = true (default)
2024-02-26 09:18:30,963 [bca0bda6-c24b-45de-ae86-b5c7c2d890ab-groupManagement] INFO  server.RaftServerConfigKeys (ConfUtils.java:logGet(46)) - raft.server.log.statemachine.data.sync.timeout = 10s (default)
2024-02-26 09:18:30,963 [bca0bda6-c24b-45de-ae86-b5c7c2d890ab-groupManagement] INFO  server.RaftServerConfigKeys (ConfUtils.java:logGet(46)) - raft.server.log.statemachine.data.sync.timeout.retry = 0 (custom)
2024-02-26 09:18:30,963 [bca0bda6-c24b-45de-ae86-b5c7c2d890ab-groupManagement] INFO  server.RaftServerConfigKeys (ConfUtils.java:logGet(46)) - raft.server.log.write.buffer.size = 8388616 (custom)
2024-02-26 09:18:30,964 [aa7921d1-8be5-430c-af0e-7b09d4ba500e-groupManagement] INFO  server.RaftServerConfigKeys (ConfUtils.java:logGet(46)) - raft.server.notification.no-leader.timeout = 300s (custom)
2024-02-26 09:18:30,964 [aa7921d1-8be5-430c-af0e-7b09d4ba500e-groupManagement] INFO  server.RaftServerConfigKeys (ConfUtils.java:logGet(46)) - raft.server.read.timeout = 10s (default)
2024-02-26 09:18:30,964 [aa7921d1-8be5-430c-af0e-7b09d4ba500e-groupManagement] INFO  server.RaftServerConfigKeys (ConfUtils.java:logGet(46)) - raft.server.retrycache.expirytime = 600000ms (custom)
2024-02-26 09:18:30,965 [aa7921d1-8be5-430c-af0e-7b09d4ba500e-groupManagement] INFO  server.RaftServerConfigKeys (ConfUtils.java:logGet(46)) - raft.server.retrycache.statistics.expirytime = 100ms (default)
2024-02-26 09:18:30,965 [aa7921d1-8be5-430c-af0e-7b09d4ba500e-groupManagement] INFO  server.RaftServerConfigKeys (ConfUtils.java:logGet(46)) - raft.server.read.option = DEFAULT (default)
2024-02-26 09:18:30,965 [aa7921d1-8be5-430c-af0e-7b09d4ba500e-groupManagement] INFO  server.RaftServerConfigKeys (ConfUtils.java:logGet(46)) - raft.server.read.read-after-write-consistent.write-index-cache.expiry-time = 60s (default)
2024-02-26 09:18:30,967 [62c7a6b6-874c-46f0-a24f-66d1ecaaa81b-groupManagement] INFO  ratis.ContainerStateMachine (ContainerStateMachine.java:loadSnapshot(287)) - group-E406F7D03047: The snapshot info is null. Setting the last applied index to:(t:0, i:~)
2024-02-26 09:18:30,967 [62c7a6b6-874c-46f0-a24f-66d1ecaaa81b-groupManagement] INFO  server.RaftServerConfigKeys (ConfUtils.java:logGet(46)) - raft.server.log.use.memory = false (default)
2024-02-26 09:18:30,967 [62c7a6b6-874c-46f0-a24f-66d1ecaaa81b-groupManagement] INFO  server.RaftServerConfigKeys (ConfUtils.java:logGet(46)) - raft.server.log.purge.gap = 1000000 (custom)
2024-02-26 09:18:30,968 [62c7a6b6-874c-46f0-a24f-66d1ecaaa81b-groupManagement] INFO  server.RaftServerConfigKeys (ConfUtils.java:logGet(46)) - raft.server.log.appender.buffer.byte-limit = 8388608 (custom)
2024-02-26 09:18:30,968 [62c7a6b6-874c-46f0-a24f-66d1ecaaa81b-groupManagement] INFO  server.RaftServerConfigKeys (ConfUtils.java:logGet(46)) - raft.server.log.statemachine.data.read.timeout = 1000ms (default)
2024-02-26 09:18:30,968 [62c7a6b6-874c-46f0-a24f-66d1ecaaa81b-groupManagement] INFO  server.RaftServerConfigKeys (ConfUtils.java:logGet(46)) - raft.server.log.purge.preservation.log.num = 0 (default)
2024-02-26 09:18:30,962 [f0a2b3de-ed07-43d6-bdce-9d4b8e15ed2c-groupManagement] INFO  server.RaftServerConfigKeys (ConfUtils.java:logGet(46)) - raft.server.log.appender.buffer.byte-limit = 8388608 (custom)
2024-02-26 09:18:30,973 [805285a9-14be-4ba5-9516-049ed8f85315-PipelineCommandHandlerThread-0] INFO  commandhandler.CreatePipelineCommandHandler (CreatePipelineCommandHandler.java:lambda$handle$2(124)) - Created Pipeline RATIS THREE PipelineID=e66b14b8-0bee-4da7-8c90-66f4a86a365c.
2024-02-26 09:18:30,974 [805285a9-14be-4ba5-9516-049ed8f85315-PipelineCommandHandlerThread-0] INFO  server.RaftServer (RaftServerProxy.java:addNew(100)) - 805285a9-14be-4ba5-9516-049ed8f85315: addNew group-E406F7D03047:[805285a9-14be-4ba5-9516-049ed8f85315|10.1.0.30:15041, 62c7a6b6-874c-46f0-a24f-66d1ecaaa81b|10.1.0.30:15050, bca0bda6-c24b-45de-ae86-b5c7c2d890ab|10.1.0.30:15059] returns group-E406F7D03047:java.util.concurrent.CompletableFuture@2ff4419[Not completed]
2024-02-26 09:18:30,975 [805285a9-14be-4ba5-9516-049ed8f85315-groupManagement] INFO  server.RaftServer$Division (RaftServerImpl.java:<init>(256)) - 805285a9-14be-4ba5-9516-049ed8f85315: new RaftServerImpl for group-E406F7D03047:[805285a9-14be-4ba5-9516-049ed8f85315|10.1.0.30:15041, 62c7a6b6-874c-46f0-a24f-66d1ecaaa81b|10.1.0.30:15050, bca0bda6-c24b-45de-ae86-b5c7c2d890ab|10.1.0.30:15059] with ContainerStateMachine:uninitialized
2024-02-26 09:18:30,975 [805285a9-14be-4ba5-9516-049ed8f85315-groupManagement] INFO  server.RaftServerConfigKeys (ConfUtils.java:logGet(46)) - raft.server.rpc.timeout.min = 5s (custom)
2024-02-26 09:18:30,972 [62c7a6b6-874c-46f0-a24f-66d1ecaaa81b-groupManagement] INFO  server.RaftServerConfigKeys (ConfUtils.java:logGet(46)) - raft.server.log.segment.size.max = 67108864 (custom)
2024-02-26 09:18:30,971 [EventQueue-OpenPipelineForHealthyPipelineSafeModeRule] INFO  safemode.SCMSafeModeManager (HealthyPipelineSafeModeRule.java:process(140)) - SCM in safe mode. Healthy pipelines reported count is 0, required healthy pipeline reported count is 1
2024-02-26 09:18:30,975 [EventQueue-OpenPipelineForHealthyPipelineSafeModeRule] INFO  safemode.SCMSafeModeManager (HealthyPipelineSafeModeRule.java:process(140)) - SCM in safe mode. Healthy pipelines reported count is 0, required healthy pipeline reported count is 1
2024-02-26 09:18:30,975 [EventQueue-OpenPipelineForHealthyPipelineSafeModeRule] INFO  safemode.SCMSafeModeManager (HealthyPipelineSafeModeRule.java:process(140)) - SCM in safe mode. Healthy pipelines reported count is 0, required healthy pipeline reported count is 1
2024-02-26 09:18:30,970 [a70c1067-2103-48d8-b21c-f7bdcf327398-groupManagement] INFO  util.AwaitToRun (AwaitToRun.java:start(81)) - Thread[a70c1067-2103-48d8-b21c-f7bdcf327398@group-73FBAF7E6709-cacheEviction-AwaitToRun,5,main] started
2024-02-26 09:18:30,976 [a70c1067-2103-48d8-b21c-f7bdcf327398-groupManagement] INFO  segmented.SegmentedRaftLogWorker (SegmentedRaftLogWorker.java:<init>(182)) - new a70c1067-2103-48d8-b21c-f7bdcf327398@group-73FBAF7E6709-SegmentedRaftLogWorker for RaftStorageImpl:Storage Directory /home/runner/work/ozone/ozone/hadoop-ozone/integration-test/target/test-dir/MiniOzoneClusterImpl-0d79f430-b8c0-477e-97b7-98e50d733022/ozone-meta/datanode-2/ratis/9282a3c2-574b-4ce6-8fd7-73fbaf7e6709
2024-02-26 09:18:30,976 [62c7a6b6-874c-46f0-a24f-66d1ecaaa81b-groupManagement] INFO  server.RaftServerConfigKeys (ConfUtils.java:logGet(46)) - raft.server.log.segment.cache.num.max = 2 (custom)
2024-02-26 09:18:30,976 [62c7a6b6-874c-46f0-a24f-66d1ecaaa81b-groupManagement] INFO  server.RaftServerConfigKeys (ConfUtils.java:logGet(46)) - raft.server.log.segment.cache.size.max = 200MB (=209715200) (default)
2024-02-26 09:18:30,970 [b254f787-4ade-443a-8cd7-22935f345023-groupManagement] INFO  impl.RoleInfo (RoleInfo.java:updateAndGet(139)) - b254f787-4ade-443a-8cd7-22935f345023: start b254f787-4ade-443a-8cd7-22935f345023@group-F786DD91C2C9-FollowerState
2024-02-26 09:18:30,970 [1fc8e30e-bcf6-4a54-bb04-f74c1c9f090e-groupManagement] INFO  util.AwaitToRun (AwaitToRun.java:start(81)) - Thread[1fc8e30e-bcf6-4a54-bb04-f74c1c9f090e@group-73FBAF7E6709-cacheEviction-AwaitToRun,5,main] started
2024-02-26 09:18:30,976 [1fc8e30e-bcf6-4a54-bb04-f74c1c9f090e-groupManagement] INFO  segmented.SegmentedRaftLogWorker (SegmentedRaftLogWorker.java:<init>(182)) - new 1fc8e30e-bcf6-4a54-bb04-f74c1c9f090e@group-73FBAF7E6709-SegmentedRaftLogWorker for RaftStorageImpl:Storage Directory /home/runner/work/ozone/ozone/hadoop-ozone/integration-test/target/test-dir/MiniOzoneClusterImpl-0d79f430-b8c0-477e-97b7-98e50d733022/ozone-meta/datanode-1/ratis/9282a3c2-574b-4ce6-8fd7-73fbaf7e6709
2024-02-26 09:18:30,976 [1fc8e30e-bcf6-4a54-bb04-f74c1c9f090e-groupManagement] INFO  server.RaftServerConfigKeys (ConfUtils.java:logGet(46)) - raft.server.log.queue.byte-limit = 4294967296 (custom)
2024-02-26 09:18:30,976 [1fc8e30e-bcf6-4a54-bb04-f74c1c9f090e-groupManagement] INFO  server.RaftServerConfigKeys (ConfUtils.java:logGet(46)) - raft.server.log.queue.element-limit = 1024 (custom)
2024-02-26 09:18:30,976 [1fc8e30e-bcf6-4a54-bb04-f74c1c9f090e-groupManagement] INFO  server.RaftServerConfigKeys (ConfUtils.java:logGet(46)) - raft.server.log.segment.size.max = 67108864 (custom)
2024-02-26 09:18:30,976 [1fc8e30e-bcf6-4a54-bb04-f74c1c9f090e-groupManagement] INFO  server.RaftServerConfigKeys (ConfUtils.java:logGet(46)) - raft.server.log.preallocated.size = 4194304 (custom)
2024-02-26 09:18:30,976 [1fc8e30e-bcf6-4a54-bb04-f74c1c9f090e-groupManagement] INFO  server.RaftServerConfigKeys (ConfUtils.java:logGet(46)) - raft.server.log.force.sync.num = 128 (default)
2024-02-26 09:18:30,976 [1fc8e30e-bcf6-4a54-bb04-f74c1c9f090e-groupManagement] INFO  server.RaftServerConfigKeys (ConfUtils.java:logGet(46)) - raft.server.log.statemachine.data.sync = true (default)
2024-02-26 09:18:30,976 [1fc8e30e-bcf6-4a54-bb04-f74c1c9f090e-groupManagement] INFO  server.RaftServerConfigKeys (ConfUtils.java:logGet(46)) - raft.server.log.statemachine.data.sync.timeout = 10s (default)
2024-02-26 09:18:30,977 [1fc8e30e-bcf6-4a54-bb04-f74c1c9f090e-groupManagement] INFO  server.RaftServerConfigKeys (ConfUtils.java:logGet(46)) - raft.server.log.statemachine.data.sync.timeout.retry = 0 (custom)
2024-02-26 09:18:30,965 [bca0bda6-c24b-45de-ae86-b5c7c2d890ab-groupManagement] INFO  server.RaftServerConfigKeys (ConfUtils.java:logGet(46)) - raft.server.log.appender.buffer.byte-limit = 8388608 (custom)
2024-02-26 09:18:30,977 [bca0bda6-c24b-45de-ae86-b5c7c2d890ab-groupManagement] INFO  server.RaftServerConfigKeys (ConfUtils.java:logGet(46)) - raft.server.log.unsafe-flush.enabled = false (default)
2024-02-26 09:18:30,977 [bca0bda6-c24b-45de-ae86-b5c7c2d890ab-groupManagement] INFO  server.RaftServerConfigKeys (ConfUtils.java:logGet(46)) - raft.server.log.async-flush.enabled = false (default)
2024-02-26 09:18:30,977 [bca0bda6-c24b-45de-ae86-b5c7c2d890ab-groupManagement] INFO  server.RaftServerConfigKeys (ConfUtils.java:logGet(46)) - raft.server.log.statemachine.data.caching.enabled = true (custom)
2024-02-26 09:18:30,977 [bca0bda6-c24b-45de-ae86-b5c7c2d890ab-groupManagement] INFO  segmented.SegmentedRaftLogWorker (SegmentedRaftLogWorker.java:lambda$new$0(134)) - bca0bda6-c24b-45de-ae86-b5c7c2d890ab@group-E406F7D03047-SegmentedRaftLogWorker: flushIndex: setUnconditionally 0 -> -1
2024-02-26 09:18:30,977 [bca0bda6-c24b-45de-ae86-b5c7c2d890ab-groupManagement] INFO  segmented.SegmentedRaftLogWorker (SegmentedRaftLogWorker.java:lambda$new$0(134)) - bca0bda6-c24b-45de-ae86-b5c7c2d890ab@group-E406F7D03047-SegmentedRaftLogWorker: safeCacheEvictIndex: setUnconditionally 0 -> -1
2024-02-26 09:18:30,976 [62c7a6b6-874c-46f0-a24f-66d1ecaaa81b-groupManagement] INFO  server.RaftServerConfigKeys (ConfUtils.java:logGet(46)) - raft.server.log.appender.buffer.byte-limit = 8388608 (custom)
2024-02-26 09:18:30,976 [a70c1067-2103-48d8-b21c-f7bdcf327398-groupManagement] INFO  server.RaftServerConfigKeys (ConfUtils.java:logGet(46)) - raft.server.log.queue.byte-limit = 4294967296 (custom)
2024-02-26 09:18:30,978 [a70c1067-2103-48d8-b21c-f7bdcf327398-groupManagement] INFO  server.RaftServerConfigKeys (ConfUtils.java:logGet(46)) - raft.server.log.queue.element-limit = 1024 (custom)
2024-02-26 09:18:30,978 [a70c1067-2103-48d8-b21c-f7bdcf327398-groupManagement] INFO  server.RaftServerConfigKeys (ConfUtils.java:logGet(46)) - raft.server.log.segment.size.max = 67108864 (custom)
2024-02-26 09:18:30,978 [a70c1067-2103-48d8-b21c-f7bdcf327398-groupManagement] INFO  server.RaftServerConfigKeys (ConfUtils.java:logGet(46)) - raft.server.log.preallocated.size = 4194304 (custom)
2024-02-26 09:18:30,978 [a70c1067-2103-48d8-b21c-f7bdcf327398-groupManagement] INFO  server.RaftServerConfigKeys (ConfUtils.java:logGet(46)) - raft.server.log.force.sync.num = 128 (default)
2024-02-26 09:18:30,978 [a70c1067-2103-48d8-b21c-f7bdcf327398-groupManagement] INFO  server.RaftServerConfigKeys (ConfUtils.java:logGet(46)) - raft.server.log.statemachine.data.sync = true (default)
2024-02-26 09:18:30,978 [a70c1067-2103-48d8-b21c-f7bdcf327398-groupManagement] INFO  server.RaftServerConfigKeys (ConfUtils.java:logGet(46)) - raft.server.log.statemachine.data.sync.timeout = 10s (default)
2024-02-26 09:18:30,978 [a70c1067-2103-48d8-b21c-f7bdcf327398-groupManagement] INFO  server.RaftServerConfigKeys (ConfUtils.java:logGet(46)) - raft.server.log.statemachine.data.sync.timeout.retry = 0 (custom)
2024-02-26 09:18:30,975 [805285a9-14be-4ba5-9516-049ed8f85315-groupManagement] INFO  server.RaftServerConfigKeys (ConfUtils.java:logGet(46)) - raft.server.rpc.timeout.max = 5200ms (custom)
2024-02-26 09:18:30,978 [805285a9-14be-4ba5-9516-049ed8f85315-groupManagement] INFO  server.RaftServerConfigKeys (ConfUtils.java:logGet(46)) - raft.server.rpc.sleep.time = 25ms (default)
2024-02-26 09:18:30,978 [805285a9-14be-4ba5-9516-049ed8f85315-groupManagement] INFO  server.RaftServerConfigKeys (ConfUtils.java:logGet(46)) - raft.server.rpc.slowness.timeout = 300s (custom)
2024-02-26 09:18:30,978 [805285a9-14be-4ba5-9516-049ed8f85315-groupManagement] INFO  server.RaftServerConfigKeys (ConfUtils.java:logGet(46)) - raft.server.leaderelection.leader.step-down.wait-time = 10s (default)
2024-02-26 09:18:30,979 [805285a9-14be-4ba5-9516-049ed8f85315-groupManagement] INFO  server.RaftServerConfigKeys (ConfUtils.java:logGet(46)) - raft.server.leaderelection.member.majority-add = false (default)
2024-02-26 09:18:30,979 [805285a9-14be-4ba5-9516-049ed8f85315-groupManagement] INFO  server.RaftServerConfigKeys (ConfUtils.java:logGet(46)) - raft.server.sleep.deviation.threshold = 300ms (default)
2024-02-26 09:18:30,979 [805285a9-14be-4ba5-9516-049ed8f85315-groupManagement] INFO  server.RaftServer$Division (ServerState.java:<init>(113)) - 805285a9-14be-4ba5-9516-049ed8f85315@group-E406F7D03047: ConfigurationManager, init=-1: peers:[805285a9-14be-4ba5-9516-049ed8f85315|10.1.0.30:15041, 62c7a6b6-874c-46f0-a24f-66d1ecaaa81b|10.1.0.30:15050, bca0bda6-c24b-45de-ae86-b5c7c2d890ab|10.1.0.30:15059]|listeners:[], old=null, confs=<EMPTY_MAP>
2024-02-26 09:18:30,979 [805285a9-14be-4ba5-9516-049ed8f85315-groupManagement] INFO  server.RaftServerConfigKeys (ConfUtils.java:logGet(46)) - raft.server.notification.no-leader.timeout = 300s (custom)
2024-02-26 09:18:30,979 [805285a9-14be-4ba5-9516-049ed8f85315-groupManagement] INFO  server.RaftServerConfigKeys (ConfUtils.java:logGet(46)) - raft.server.read.timeout = 10s (default)
2024-02-26 09:18:30,979 [805285a9-14be-4ba5-9516-049ed8f85315-groupManagement] INFO  server.RaftServerConfigKeys (ConfUtils.java:logGet(46)) - raft.server.retrycache.expirytime = 600000ms (custom)
2024-02-26 09:18:30,979 [805285a9-14be-4ba5-9516-049ed8f85315-groupManagement] INFO  server.RaftServerConfigKeys (ConfUtils.java:logGet(46)) - raft.server.retrycache.statistics.expirytime = 100ms (default)
2024-02-26 09:18:30,979 [805285a9-14be-4ba5-9516-049ed8f85315-groupManagement] INFO  server.RaftServerConfigKeys (ConfUtils.java:logGet(46)) - raft.server.read.option = DEFAULT (default)
2024-02-26 09:18:30,979 [805285a9-14be-4ba5-9516-049ed8f85315-groupManagement] INFO  server.RaftServerConfigKeys (ConfUtils.java:logGet(46)) - raft.server.read.read-after-write-consistent.write-index-cache.expiry-time = 60s (default)
2024-02-26 09:18:30,974 [f0a2b3de-ed07-43d6-bdce-9d4b8e15ed2c-groupManagement] INFO  server.RaftServerConfigKeys (ConfUtils.java:logGet(46)) - raft.server.log.unsafe-flush.enabled = false (default)
2024-02-26 09:18:30,980 [f0a2b3de-ed07-43d6-bdce-9d4b8e15ed2c-groupManagement] INFO  server.RaftServerConfigKeys (ConfUtils.java:logGet(46)) - raft.server.log.async-flush.enabled = false (default)
2024-02-26 09:18:30,980 [f0a2b3de-ed07-43d6-bdce-9d4b8e15ed2c-groupManagement] INFO  server.RaftServerConfigKeys (ConfUtils.java:logGet(46)) - raft.server.log.statemachine.data.caching.enabled = true (custom)
2024-02-26 09:18:30,980 [f0a2b3de-ed07-43d6-bdce-9d4b8e15ed2c-groupManagement] INFO  segmented.SegmentedRaftLogWorker (SegmentedRaftLogWorker.java:lambda$new$0(134)) - f0a2b3de-ed07-43d6-bdce-9d4b8e15ed2c@group-73FBAF7E6709-SegmentedRaftLogWorker: flushIndex: setUnconditionally 0 -> -1
2024-02-26 09:18:30,980 [f0a2b3de-ed07-43d6-bdce-9d4b8e15ed2c-groupManagement] INFO  segmented.SegmentedRaftLogWorker (SegmentedRaftLogWorker.java:lambda$new$0(134)) - f0a2b3de-ed07-43d6-bdce-9d4b8e15ed2c@group-73FBAF7E6709-SegmentedRaftLogWorker: safeCacheEvictIndex: setUnconditionally 0 -> -1
2024-02-26 09:18:30,981 [b254f787-4ade-443a-8cd7-22935f345023@group-F786DD91C2C9-FollowerState] INFO  server.RaftServerConfigKeys (ConfUtils.java:logFallback(53)) - raft.server.rpc.first-election.timeout.min = 5s (fallback to raft.server.rpc.timeout.min)
2024-02-26 09:18:30,981 [b254f787-4ade-443a-8cd7-22935f345023@group-F786DD91C2C9-FollowerState] INFO  server.RaftServerConfigKeys (ConfUtils.java:logFallback(53)) - raft.server.rpc.first-election.timeout.max = 5200ms (fallback to raft.server.rpc.timeout.max)
2024-02-26 09:18:30,982 [b254f787-4ade-443a-8cd7-22935f345023-groupManagement] INFO  util.JmxRegister (JmxRegister.java:tryRegister(44)) - Successfully registered JMX Bean with object name Ratis:service=RaftServer,group=group-F786DD91C2C9,id=b254f787-4ade-443a-8cd7-22935f345023
2024-02-26 09:18:30,982 [b254f787-4ade-443a-8cd7-22935f345023-groupManagement] INFO  server.RaftServerConfigKeys (ConfUtils.java:logGet(46)) - raft.server.snapshot.trigger-when-stop.enabled = true (default)
2024-02-26 09:18:30,982 [b254f787-4ade-443a-8cd7-22935f345023-groupManagement] INFO  server.RaftServerConfigKeys (ConfUtils.java:logGet(46)) - raft.server.snapshot.auto.trigger.enabled = true (custom)
2024-02-26 09:18:30,982 [b254f787-4ade-443a-8cd7-22935f345023-groupManagement] INFO  server.RaftServerConfigKeys (ConfUtils.java:logGet(46)) - raft.server.snapshot.auto.trigger.threshold = 10000 (custom)
2024-02-26 09:18:30,982 [b254f787-4ade-443a-8cd7-22935f345023-groupManagement] INFO  server.RaftServerConfigKeys (ConfUtils.java:logGet(46)) - raft.server.snapshot.retention.file.num = 5 (custom)
2024-02-26 09:18:30,982 [b254f787-4ade-443a-8cd7-22935f345023-groupManagement] INFO  server.RaftServerConfigKeys (ConfUtils.java:logGet(46)) - raft.server.log.purge.upto.snapshot.index = false (default)
2024-02-26 09:18:30,986 [1fc8e30e-bcf6-4a54-bb04-f74c1c9f090e-groupManagement] INFO  server.RaftServerConfigKeys (ConfUtils.java:logGet(46)) - raft.server.log.write.buffer.size = 8388616 (custom)
2024-02-26 09:18:30,987 [a70c1067-2103-48d8-b21c-f7bdcf327398-groupManagement] INFO  server.RaftServerConfigKeys (ConfUtils.java:logGet(46)) - raft.server.log.write.buffer.size = 8388616 (custom)
2024-02-26 09:18:30,988 [1fc8e30e-bcf6-4a54-bb04-f74c1c9f090e-groupManagement] INFO  server.RaftServerConfigKeys (ConfUtils.java:logGet(46)) - raft.server.log.appender.buffer.byte-limit = 8388608 (custom)
2024-02-26 09:18:30,988 [1fc8e30e-bcf6-4a54-bb04-f74c1c9f090e-groupManagement] INFO  server.RaftServerConfigKeys (ConfUtils.java:logGet(46)) - raft.server.log.unsafe-flush.enabled = false (default)
2024-02-26 09:18:30,988 [1fc8e30e-bcf6-4a54-bb04-f74c1c9f090e-groupManagement] INFO  server.RaftServerConfigKeys (ConfUtils.java:logGet(46)) - raft.server.log.async-flush.enabled = false (default)
2024-02-26 09:18:30,988 [1fc8e30e-bcf6-4a54-bb04-f74c1c9f090e-groupManagement] INFO  server.RaftServerConfigKeys (ConfUtils.java:logGet(46)) - raft.server.log.statemachine.data.caching.enabled = true (custom)
2024-02-26 09:18:30,988 [1fc8e30e-bcf6-4a54-bb04-f74c1c9f090e-groupManagement] INFO  segmented.SegmentedRaftLogWorker (SegmentedRaftLogWorker.java:lambda$new$0(134)) - 1fc8e30e-bcf6-4a54-bb04-f74c1c9f090e@group-73FBAF7E6709-SegmentedRaftLogWorker: flushIndex: setUnconditionally 0 -> -1
2024-02-26 09:18:30,988 [1fc8e30e-bcf6-4a54-bb04-f74c1c9f090e-groupManagement] INFO  segmented.SegmentedRaftLogWorker (SegmentedRaftLogWorker.java:lambda$new$0(134)) - 1fc8e30e-bcf6-4a54-bb04-f74c1c9f090e@group-73FBAF7E6709-SegmentedRaftLogWorker: safeCacheEvictIndex: setUnconditionally 0 -> -1
2024-02-26 09:18:30,989 [62c7a6b6-874c-46f0-a24f-66d1ecaaa81b-groupManagement] INFO  util.AwaitToRun (AwaitToRun.java:start(81)) - Thread[62c7a6b6-874c-46f0-a24f-66d1ecaaa81b@group-E406F7D03047-cacheEviction-AwaitToRun,5,main] started
2024-02-26 09:18:30,989 [62c7a6b6-874c-46f0-a24f-66d1ecaaa81b-groupManagement] INFO  segmented.SegmentedRaftLogWorker (SegmentedRaftLogWorker.java:<init>(182)) - new 62c7a6b6-874c-46f0-a24f-66d1ecaaa81b@group-E406F7D03047-SegmentedRaftLogWorker for RaftStorageImpl:Storage Directory /home/runner/work/ozone/ozone/hadoop-ozone/integration-test/target/test-dir/MiniOzoneClusterImpl-0d79f430-b8c0-477e-97b7-98e50d733022/ozone-meta/datanode-5/ratis/15140eea-1538-47da-817a-e406f7d03047
2024-02-26 09:18:30,989 [62c7a6b6-874c-46f0-a24f-66d1ecaaa81b-groupManagement] INFO  server.RaftServerConfigKeys (ConfUtils.java:logGet(46)) - raft.server.log.queue.byte-limit = 4294967296 (custom)
2024-02-26 09:18:30,989 [a70c1067-2103-48d8-b21c-f7bdcf327398-groupManagement] INFO  server.RaftServerConfigKeys (ConfUtils.java:logGet(46)) - raft.server.log.appender.buffer.byte-limit = 8388608 (custom)
2024-02-26 09:18:30,989 [62c7a6b6-874c-46f0-a24f-66d1ecaaa81b-groupManagement] INFO  server.RaftServerConfigKeys (ConfUtils.java:logGet(46)) - raft.server.log.queue.element-limit = 1024 (custom)
2024-02-26 09:18:30,989 [62c7a6b6-874c-46f0-a24f-66d1ecaaa81b-groupManagement] INFO  server.RaftServerConfigKeys (ConfUtils.java:logGet(46)) - raft.server.log.segment.size.max = 67108864 (custom)
2024-02-26 09:18:30,989 [62c7a6b6-874c-46f0-a24f-66d1ecaaa81b-groupManagement] INFO  server.RaftServerConfigKeys (ConfUtils.java:logGet(46)) - raft.server.log.preallocated.size = 4194304 (custom)
2024-02-26 09:18:30,989 [62c7a6b6-874c-46f0-a24f-66d1ecaaa81b-groupManagement] INFO  server.RaftServerConfigKeys (ConfUtils.java:logGet(46)) - raft.server.log.force.sync.num = 128 (default)
2024-02-26 09:18:30,989 [62c7a6b6-874c-46f0-a24f-66d1ecaaa81b-groupManagement] INFO  server.RaftServerConfigKeys (ConfUtils.java:logGet(46)) - raft.server.log.statemachine.data.sync = true (default)
2024-02-26 09:18:30,989 [62c7a6b6-874c-46f0-a24f-66d1ecaaa81b-groupManagement] INFO  server.RaftServerConfigKeys (ConfUtils.java:logGet(46)) - raft.server.log.statemachine.data.sync.timeout = 10s (default)
2024-02-26 09:18:30,990 [62c7a6b6-874c-46f0-a24f-66d1ecaaa81b-groupManagement] INFO  server.RaftServerConfigKeys (ConfUtils.java:logGet(46)) - raft.server.log.statemachine.data.sync.timeout.retry = 0 (custom)
2024-02-26 09:18:30,989 [a70c1067-2103-48d8-b21c-f7bdcf327398-groupManagement] INFO  server.RaftServerConfigKeys (ConfUtils.java:logGet(46)) - raft.server.log.unsafe-flush.enabled = false (default)
2024-02-26 09:18:30,990 [a70c1067-2103-48d8-b21c-f7bdcf327398-groupManagement] INFO  server.RaftServerConfigKeys (ConfUtils.java:logGet(46)) - raft.server.log.async-flush.enabled = false (default)
2024-02-26 09:18:30,990 [a70c1067-2103-48d8-b21c-f7bdcf327398-groupManagement] INFO  server.RaftServerConfigKeys (ConfUtils.java:logGet(46)) - raft.server.log.statemachine.data.caching.enabled = true (custom)
2024-02-26 09:18:30,990 [a70c1067-2103-48d8-b21c-f7bdcf327398-groupManagement] INFO  segmented.SegmentedRaftLogWorker (SegmentedRaftLogWorker.java:lambda$new$0(134)) - a70c1067-2103-48d8-b21c-f7bdcf327398@group-73FBAF7E6709-SegmentedRaftLogWorker: flushIndex: setUnconditionally 0 -> -1
2024-02-26 09:18:30,990 [a70c1067-2103-48d8-b21c-f7bdcf327398-groupManagement] INFO  segmented.SegmentedRaftLogWorker (SegmentedRaftLogWorker.java:lambda$new$0(134)) - a70c1067-2103-48d8-b21c-f7bdcf327398@group-73FBAF7E6709-SegmentedRaftLogWorker: safeCacheEvictIndex: setUnconditionally 0 -> -1
2024-02-26 09:18:30,991 [bca0bda6-c24b-45de-ae86-b5c7c2d890ab-groupManagement] INFO  server.RaftServer$Division (RaftServerImpl.java:start(396)) - bca0bda6-c24b-45de-ae86-b5c7c2d890ab@group-E406F7D03047: start as a follower, conf=-1: peers:[805285a9-14be-4ba5-9516-049ed8f85315|10.1.0.30:15041, 62c7a6b6-874c-46f0-a24f-66d1ecaaa81b|10.1.0.30:15050, bca0bda6-c24b-45de-ae86-b5c7c2d890ab|10.1.0.30:15059]|listeners:[], old=null
2024-02-26 09:18:30,991 [bca0bda6-c24b-45de-ae86-b5c7c2d890ab-groupManagement] INFO  server.RaftServer$Division (RaftServerImpl.java:setRole(383)) - bca0bda6-c24b-45de-ae86-b5c7c2d890ab@group-E406F7D03047: changes role from      null to FOLLOWER at term 0 for startAsFollower
2024-02-26 09:18:30,991 [bca0bda6-c24b-45de-ae86-b5c7c2d890ab-groupManagement] INFO  impl.RoleInfo (RoleInfo.java:updateAndGet(139)) - bca0bda6-c24b-45de-ae86-b5c7c2d890ab: start bca0bda6-c24b-45de-ae86-b5c7c2d890ab@group-E406F7D03047-FollowerState
2024-02-26 09:18:30,993 [62c7a6b6-874c-46f0-a24f-66d1ecaaa81b-groupManagement] INFO  server.RaftServerConfigKeys (ConfUtils.java:logGet(46)) - raft.server.log.write.buffer.size = 8388616 (custom)
2024-02-26 09:18:30,994 [62c7a6b6-874c-46f0-a24f-66d1ecaaa81b-groupManagement] INFO  server.RaftServerConfigKeys (ConfUtils.java:logGet(46)) - raft.server.log.appender.buffer.byte-limit = 8388608 (custom)
2024-02-26 09:18:30,994 [62c7a6b6-874c-46f0-a24f-66d1ecaaa81b-groupManagement] INFO  server.RaftServerConfigKeys (ConfUtils.java:logGet(46)) - raft.server.log.unsafe-flush.enabled = false (default)
2024-02-26 09:18:30,994 [62c7a6b6-874c-46f0-a24f-66d1ecaaa81b-groupManagement] INFO  server.RaftServerConfigKeys (ConfUtils.java:logGet(46)) - raft.server.log.async-flush.enabled = false (default)
2024-02-26 09:18:30,994 [62c7a6b6-874c-46f0-a24f-66d1ecaaa81b-groupManagement] INFO  server.RaftServerConfigKeys (ConfUtils.java:logGet(46)) - raft.server.log.statemachine.data.caching.enabled = true (custom)
2024-02-26 09:18:30,994 [62c7a6b6-874c-46f0-a24f-66d1ecaaa81b-groupManagement] INFO  segmented.SegmentedRaftLogWorker (SegmentedRaftLogWorker.java:lambda$new$0(134)) - 62c7a6b6-874c-46f0-a24f-66d1ecaaa81b@group-E406F7D03047-SegmentedRaftLogWorker: flushIndex: setUnconditionally 0 -> -1
2024-02-26 09:18:30,995 [62c7a6b6-874c-46f0-a24f-66d1ecaaa81b-groupManagement] INFO  segmented.SegmentedRaftLogWorker (SegmentedRaftLogWorker.java:lambda$new$0(134)) - 62c7a6b6-874c-46f0-a24f-66d1ecaaa81b@group-E406F7D03047-SegmentedRaftLogWorker: safeCacheEvictIndex: setUnconditionally 0 -> -1
2024-02-26 09:18:30,996 [1fc8e30e-bcf6-4a54-bb04-f74c1c9f090e-groupManagement] INFO  server.RaftServer$Division (RaftServerImpl.java:start(396)) - 1fc8e30e-bcf6-4a54-bb04-f74c1c9f090e@group-73FBAF7E6709: start as a follower, conf=-1: peers:[f0a2b3de-ed07-43d6-bdce-9d4b8e15ed2c|10.1.0.30:15032, a70c1067-2103-48d8-b21c-f7bdcf327398|10.1.0.30:15023, 1fc8e30e-bcf6-4a54-bb04-f74c1c9f090e|10.1.0.30:15014]|listeners:[], old=null
2024-02-26 09:18:30,996 [1fc8e30e-bcf6-4a54-bb04-f74c1c9f090e-groupManagement] INFO  server.RaftServer$Division (RaftServerImpl.java:setRole(383)) - 1fc8e30e-bcf6-4a54-bb04-f74c1c9f090e@group-73FBAF7E6709: changes role from      null to FOLLOWER at term 0 for startAsFollower
2024-02-26 09:18:30,996 [1fc8e30e-bcf6-4a54-bb04-f74c1c9f090e-groupManagement] INFO  impl.RoleInfo (RoleInfo.java:updateAndGet(139)) - 1fc8e30e-bcf6-4a54-bb04-f74c1c9f090e: start 1fc8e30e-bcf6-4a54-bb04-f74c1c9f090e@group-73FBAF7E6709-FollowerState
2024-02-26 09:18:30,996 [1fc8e30e-bcf6-4a54-bb04-f74c1c9f090e-groupManagement] INFO  util.JmxRegister (JmxRegister.java:tryRegister(44)) - Successfully registered JMX Bean with object name Ratis:service=RaftServer,group=group-73FBAF7E6709,id=1fc8e30e-bcf6-4a54-bb04-f74c1c9f090e
2024-02-26 09:18:30,997 [1fc8e30e-bcf6-4a54-bb04-f74c1c9f090e-groupManagement] INFO  server.RaftServerConfigKeys (ConfUtils.java:logGet(46)) - raft.server.snapshot.trigger-when-stop.enabled = true (default)
2024-02-26 09:18:30,997 [1fc8e30e-bcf6-4a54-bb04-f74c1c9f090e-groupManagement] INFO  server.RaftServerConfigKeys (ConfUtils.java:logGet(46)) - raft.server.snapshot.auto.trigger.enabled = true (custom)
2024-02-26 09:18:30,997 [1fc8e30e-bcf6-4a54-bb04-f74c1c9f090e-groupManagement] INFO  server.RaftServerConfigKeys (ConfUtils.java:logGet(46)) - raft.server.snapshot.auto.trigger.threshold = 10000 (custom)
2024-02-26 09:18:30,997 [1fc8e30e-bcf6-4a54-bb04-f74c1c9f090e-groupManagement] INFO  server.RaftServerConfigKeys (ConfUtils.java:logGet(46)) - raft.server.snapshot.retention.file.num = 5 (custom)
2024-02-26 09:18:30,997 [1fc8e30e-bcf6-4a54-bb04-f74c1c9f090e-groupManagement] INFO  server.RaftServerConfigKeys (ConfUtils.java:logGet(46)) - raft.server.log.purge.upto.snapshot.index = false (default)
2024-02-26 09:18:30,997 [b254f787-4ade-443a-8cd7-22935f345023-PipelineCommandHandlerThread-0] INFO  ratis.XceiverServerRatis (XceiverServerRatis.java:addGroup(864)) - Created group PipelineID=d4958177-6a67-4271-91bd-f786dd91c2c9
2024-02-26 09:18:30,997 [b254f787-4ade-443a-8cd7-22935f345023-PipelineCommandHandlerThread-0] INFO  commandhandler.CreatePipelineCommandHandler (CreatePipelineCommandHandler.java:lambda$handle$2(124)) - Created Pipeline RATIS ONE PipelineID=d4958177-6a67-4271-91bd-f786dd91c2c9.
2024-02-26 09:18:30,997 [1fc8e30e-bcf6-4a54-bb04-f74c1c9f090e@group-73FBAF7E6709-FollowerState] INFO  server.RaftServerConfigKeys (ConfUtils.java:logFallback(53)) - raft.server.rpc.first-election.timeout.min = 5s (fallback to raft.server.rpc.timeout.min)
2024-02-26 09:18:30,997 [1fc8e30e-bcf6-4a54-bb04-f74c1c9f090e@group-73FBAF7E6709-FollowerState] INFO  server.RaftServerConfigKeys (ConfUtils.java:logFallback(53)) - raft.server.rpc.first-election.timeout.max = 5200ms (fallback to raft.server.rpc.timeout.max)
2024-02-26 09:18:30,998 [f0a2b3de-ed07-43d6-bdce-9d4b8e15ed2c-groupManagement] INFO  server.RaftServer$Division (RaftServerImpl.java:start(396)) - f0a2b3de-ed07-43d6-bdce-9d4b8e15ed2c@group-73FBAF7E6709: start as a follower, conf=-1: peers:[f0a2b3de-ed07-43d6-bdce-9d4b8e15ed2c|10.1.0.30:15032, a70c1067-2103-48d8-b21c-f7bdcf327398|10.1.0.30:15023, 1fc8e30e-bcf6-4a54-bb04-f74c1c9f090e|10.1.0.30:15014]|listeners:[], old=null
2024-02-26 09:18:30,998 [f0a2b3de-ed07-43d6-bdce-9d4b8e15ed2c-groupManagement] INFO  server.RaftServer$Division (RaftServerImpl.java:setRole(383)) - f0a2b3de-ed07-43d6-bdce-9d4b8e15ed2c@group-73FBAF7E6709: changes role from      null to FOLLOWER at term 0 for startAsFollower
2024-02-26 09:18:30,998 [b254f787-4ade-443a-8cd7-22935f345023-PipelineCommandHandlerThread-0] INFO  server.RaftServer (RaftServerProxy.java:addNew(100)) - b254f787-4ade-443a-8cd7-22935f345023: addNew group-B7258A4D66EE:[87e9945c-a125-4404-bbe2-61a5a4b10cf4|10.1.0.30:15086, b254f787-4ade-443a-8cd7-22935f345023|10.1.0.30:15068, aa7921d1-8be5-430c-af0e-7b09d4ba500e|10.1.0.30:15077] returns group-B7258A4D66EE:java.util.concurrent.CompletableFuture@215e4ec[Not completed]
2024-02-26 09:18:30,998 [f0a2b3de-ed07-43d6-bdce-9d4b8e15ed2c-groupManagement] INFO  impl.RoleInfo (RoleInfo.java:updateAndGet(139)) - f0a2b3de-ed07-43d6-bdce-9d4b8e15ed2c: start f0a2b3de-ed07-43d6-bdce-9d4b8e15ed2c@group-73FBAF7E6709-FollowerState
2024-02-26 09:18:30,998 [805285a9-14be-4ba5-9516-049ed8f85315-groupManagement] INFO  server.RaftServerConfigKeys (ConfUtils.java:logGet(46)) - raft.server.rpc.request.timeout = 60s (custom)
2024-02-26 09:18:30,999 [805285a9-14be-4ba5-9516-049ed8f85315-groupManagement] INFO  server.RaftServerConfigKeys (ConfUtils.java:logGet(46)) - raft.server.log.appender.install.snapshot.enabled = false (custom)
2024-02-26 09:18:30,999 [805285a9-14be-4ba5-9516-049ed8f85315-groupManagement] INFO  server.RaftServerConfigKeys (ConfUtils.java:logGet(46)) - raft.server.threadpool.server.cached = true (default)
2024-02-26 09:18:30,999 [805285a9-14be-4ba5-9516-049ed8f85315-groupManagement] INFO  server.RaftServerConfigKeys (ConfUtils.java:logGet(46)) - raft.server.threadpool.server.size = 0 (default)
2024-02-26 09:18:30,999 [b254f787-4ade-443a-8cd7-22935f345023-groupManagement] INFO  server.RaftServer$Division (RaftServerImpl.java:<init>(256)) - b254f787-4ade-443a-8cd7-22935f345023: new RaftServerImpl for group-B7258A4D66EE:[87e9945c-a125-4404-bbe2-61a5a4b10cf4|10.1.0.30:15086, b254f787-4ade-443a-8cd7-22935f345023|10.1.0.30:15068, aa7921d1-8be5-430c-af0e-7b09d4ba500e|10.1.0.30:15077] with ContainerStateMachine:uninitialized
2024-02-26 09:18:30,999 [b254f787-4ade-443a-8cd7-22935f345023-groupManagement] INFO  server.RaftServerConfigKeys (ConfUtils.java:logGet(46)) - raft.server.rpc.timeout.min = 5s (custom)
2024-02-26 09:18:30,999 [b254f787-4ade-443a-8cd7-22935f345023-groupManagement] INFO  server.RaftServerConfigKeys (ConfUtils.java:logGet(46)) - raft.server.rpc.timeout.max = 5200ms (custom)
2024-02-26 09:18:30,999 [b254f787-4ade-443a-8cd7-22935f345023-groupManagement] INFO  server.RaftServerConfigKeys (ConfUtils.java:logGet(46)) - raft.server.rpc.sleep.time = 25ms (default)
2024-02-26 09:18:30,999 [b254f787-4ade-443a-8cd7-22935f345023-groupManagement] INFO  server.RaftServerConfigKeys (ConfUtils.java:logGet(46)) - raft.server.rpc.slowness.timeout = 300s (custom)
2024-02-26 09:18:30,999 [b254f787-4ade-443a-8cd7-22935f345023-groupManagement] INFO  server.RaftServerConfigKeys (ConfUtils.java:logGet(46)) - raft.server.leaderelection.leader.step-down.wait-time = 10s (default)
2024-02-26 09:18:30,999 [b254f787-4ade-443a-8cd7-22935f345023-groupManagement] INFO  server.RaftServerConfigKeys (ConfUtils.java:logGet(46)) - raft.server.leaderelection.member.majority-add = false (default)
2024-02-26 09:18:30,999 [b254f787-4ade-443a-8cd7-22935f345023-groupManagement] INFO  server.RaftServerConfigKeys (ConfUtils.java:logGet(46)) - raft.server.sleep.deviation.threshold = 300ms (default)
2024-02-26 09:18:30,999 [f0a2b3de-ed07-43d6-bdce-9d4b8e15ed2c@group-73FBAF7E6709-FollowerState] INFO  server.RaftServerConfigKeys (ConfUtils.java:logFallback(53)) - raft.server.rpc.first-election.timeout.min = 5s (fallback to raft.server.rpc.timeout.min)
2024-02-26 09:18:30,999 [805285a9-14be-4ba5-9516-049ed8f85315-groupManagement] INFO  server.RaftServerConfigKeys (ConfUtils.java:logGet(46)) - raft.server.threadpool.client.cached = true (default)
2024-02-26 09:18:31,000 [805285a9-14be-4ba5-9516-049ed8f85315-groupManagement] INFO  server.RaftServerConfigKeys (ConfUtils.java:logGet(46)) - raft.server.threadpool.client.size = 0 (default)
2024-02-26 09:18:31,000 [805285a9-14be-4ba5-9516-049ed8f85315-groupManagement] INFO  server.RaftServerConfigKeys (ConfUtils.java:logGet(46)) - raft.server.storage.free-space.min = 0MB (=0) (default)
2024-02-26 09:18:31,000 [805285a9-14be-4ba5-9516-049ed8f85315-groupManagement] INFO  server.RaftServerConfigKeys (ConfUtils.java:logGet(46)) - raft.server.log.corruption.policy = EXCEPTION (default)
2024-02-26 09:18:31,000 [805285a9-14be-4ba5-9516-049ed8f85315-groupManagement] INFO  server.RaftServerConfigKeys (ConfUtils.java:logGet(46)) - raft.server.storage.dir = [/home/runner/work/ozone/ozone/hadoop-ozone/integration-test/target/test-dir/MiniOzoneClusterImpl-0d79f430-b8c0-477e-97b7-98e50d733022/ozone-meta/datanode-4/ratis] (custom)
2024-02-26 09:18:31,001 [805285a9-14be-4ba5-9516-049ed8f85315-groupManagement] INFO  storage.RaftStorageDirectory (RaftStorageDirectoryImpl.java:analyzeStorage(138)) - The storage directory /home/runner/work/ozone/ozone/hadoop-ozone/integration-test/target/test-dir/MiniOzoneClusterImpl-0d79f430-b8c0-477e-97b7-98e50d733022/ozone-meta/datanode-4/ratis/15140eea-1538-47da-817a-e406f7d03047 does not exist. Creating ...
2024-02-26 09:18:31,000 [aa7921d1-8be5-430c-af0e-7b09d4ba500e-groupManagement] INFO  server.RaftServerConfigKeys (ConfUtils.java:logGet(46)) - raft.server.rpc.request.timeout = 60s (custom)
2024-02-26 09:18:30,999 [b254f787-4ade-443a-8cd7-22935f345023-groupManagement] INFO  server.RaftServer$Division (ServerState.java:<init>(113)) - b254f787-4ade-443a-8cd7-22935f345023@group-B7258A4D66EE: ConfigurationManager, init=-1: peers:[87e9945c-a125-4404-bbe2-61a5a4b10cf4|10.1.0.30:15086, b254f787-4ade-443a-8cd7-22935f345023|10.1.0.30:15068, aa7921d1-8be5-430c-af0e-7b09d4ba500e|10.1.0.30:15077]|listeners:[], old=null, confs=<EMPTY_MAP>
2024-02-26 09:18:31,001 [62c7a6b6-874c-46f0-a24f-66d1ecaaa81b-groupManagement] INFO  server.RaftServer$Division (RaftServerImpl.java:start(396)) - 62c7a6b6-874c-46f0-a24f-66d1ecaaa81b@group-E406F7D03047: start as a follower, conf=-1: peers:[805285a9-14be-4ba5-9516-049ed8f85315|10.1.0.30:15041, 62c7a6b6-874c-46f0-a24f-66d1ecaaa81b|10.1.0.30:15050, bca0bda6-c24b-45de-ae86-b5c7c2d890ab|10.1.0.30:15059]|listeners:[], old=null
2024-02-26 09:18:30,999 [f0a2b3de-ed07-43d6-bdce-9d4b8e15ed2c-groupManagement] INFO  util.JmxRegister (JmxRegister.java:tryRegister(44)) - Successfully registered JMX Bean with object name Ratis:service=RaftServer,group=group-73FBAF7E6709,id=f0a2b3de-ed07-43d6-bdce-9d4b8e15ed2c
2024-02-26 09:18:31,001 [62c7a6b6-874c-46f0-a24f-66d1ecaaa81b-groupManagement] INFO  server.RaftServer$Division (RaftServerImpl.java:setRole(383)) - 62c7a6b6-874c-46f0-a24f-66d1ecaaa81b@group-E406F7D03047: changes role from      null to FOLLOWER at term 0 for startAsFollower
2024-02-26 09:18:31,001 [b254f787-4ade-443a-8cd7-22935f345023-groupManagement] INFO  server.RaftServerConfigKeys (ConfUtils.java:logGet(46)) - raft.server.notification.no-leader.timeout = 300s (custom)
2024-02-26 09:18:31,002 [b254f787-4ade-443a-8cd7-22935f345023-groupManagement] INFO  server.RaftServerConfigKeys (ConfUtils.java:logGet(46)) - raft.server.read.timeout = 10s (default)
2024-02-26 09:18:31,002 [b254f787-4ade-443a-8cd7-22935f345023-groupManagement] INFO  server.RaftServerConfigKeys (ConfUtils.java:logGet(46)) - raft.server.retrycache.expirytime = 600000ms (custom)
2024-02-26 09:18:31,002 [b254f787-4ade-443a-8cd7-22935f345023-groupManagement] INFO  server.RaftServerConfigKeys (ConfUtils.java:logGet(46)) - raft.server.retrycache.statistics.expirytime = 100ms (default)
2024-02-26 09:18:31,002 [b254f787-4ade-443a-8cd7-22935f345023-groupManagement] INFO  server.RaftServerConfigKeys (ConfUtils.java:logGet(46)) - raft.server.read.option = DEFAULT (default)
2024-02-26 09:18:31,002 [b254f787-4ade-443a-8cd7-22935f345023-groupManagement] INFO  server.RaftServerConfigKeys (ConfUtils.java:logGet(46)) - raft.server.read.read-after-write-consistent.write-index-cache.expiry-time = 60s (default)
2024-02-26 09:18:31,005 [b254f787-4ade-443a-8cd7-22935f345023-groupManagement] INFO  server.RaftServerConfigKeys (ConfUtils.java:logGet(46)) - raft.server.rpc.request.timeout = 60s (custom)
2024-02-26 09:18:31,005 [b254f787-4ade-443a-8cd7-22935f345023-groupManagement] INFO  server.RaftServerConfigKeys (ConfUtils.java:logGet(46)) - raft.server.log.appender.install.snapshot.enabled = false (custom)
2024-02-26 09:18:31,005 [b254f787-4ade-443a-8cd7-22935f345023-groupManagement] INFO  server.RaftServerConfigKeys (ConfUtils.java:logGet(46)) - raft.server.threadpool.server.cached = true (default)
2024-02-26 09:18:31,006 [b254f787-4ade-443a-8cd7-22935f345023-groupManagement] INFO  server.RaftServerConfigKeys (ConfUtils.java:logGet(46)) - raft.server.threadpool.server.size = 0 (default)
2024-02-26 09:18:31,006 [b254f787-4ade-443a-8cd7-22935f345023-groupManagement] INFO  server.RaftServerConfigKeys (ConfUtils.java:logGet(46)) - raft.server.threadpool.client.cached = true (default)
2024-02-26 09:18:31,006 [b254f787-4ade-443a-8cd7-22935f345023-groupManagement] INFO  server.RaftServerConfigKeys (ConfUtils.java:logGet(46)) - raft.server.threadpool.client.size = 0 (default)
2024-02-26 09:18:31,006 [b254f787-4ade-443a-8cd7-22935f345023-groupManagement] INFO  server.RaftServerConfigKeys (ConfUtils.java:logGet(46)) - raft.server.storage.free-space.min = 0MB (=0) (default)
2024-02-26 09:18:31,006 [b254f787-4ade-443a-8cd7-22935f345023-groupManagement] INFO  server.RaftServerConfigKeys (ConfUtils.java:logGet(46)) - raft.server.log.corruption.policy = EXCEPTION (default)
2024-02-26 09:18:31,006 [b254f787-4ade-443a-8cd7-22935f345023-groupManagement] INFO  server.RaftServerConfigKeys (ConfUtils.java:logGet(46)) - raft.server.storage.dir = [/home/runner/work/ozone/ozone/hadoop-ozone/integration-test/target/test-dir/MiniOzoneClusterImpl-0d79f430-b8c0-477e-97b7-98e50d733022/ozone-meta/datanode-7/ratis] (custom)
2024-02-26 09:18:31,006 [b254f787-4ade-443a-8cd7-22935f345023-groupManagement] INFO  storage.RaftStorageDirectory (RaftStorageDirectoryImpl.java:analyzeStorage(138)) - The storage directory /home/runner/work/ozone/ozone/hadoop-ozone/integration-test/target/test-dir/MiniOzoneClusterImpl-0d79f430-b8c0-477e-97b7-98e50d733022/ozone-meta/datanode-7/ratis/b84c48df-f653-405d-a6f4-b7258a4d66ee does not exist. Creating ...
2024-02-26 09:18:31,007 [805285a9-14be-4ba5-9516-049ed8f85315-groupManagement] INFO  storage.RaftStorageDirectory (RaftStorageDirectoryImpl.java:tryLock(228)) - Lock on /home/runner/work/ozone/ozone/hadoop-ozone/integration-test/target/test-dir/MiniOzoneClusterImpl-0d79f430-b8c0-477e-97b7-98e50d733022/ozone-meta/datanode-4/ratis/15140eea-1538-47da-817a-e406f7d03047/in_use.lock acquired by nodename 86312@fv-az1109-796
2024-02-26 09:18:31,007 [bca0bda6-c24b-45de-ae86-b5c7c2d890ab-groupManagement] INFO  util.JmxRegister (JmxRegister.java:tryRegister(44)) - Successfully registered JMX Bean with object name Ratis:service=RaftServer,group=group-E406F7D03047,id=bca0bda6-c24b-45de-ae86-b5c7c2d890ab
2024-02-26 09:18:31,007 [bca0bda6-c24b-45de-ae86-b5c7c2d890ab-groupManagement] INFO  server.RaftServerConfigKeys (ConfUtils.java:logGet(46)) - raft.server.snapshot.trigger-when-stop.enabled = true (default)
2024-02-26 09:18:31,007 [bca0bda6-c24b-45de-ae86-b5c7c2d890ab-groupManagement] INFO  server.RaftServerConfigKeys (ConfUtils.java:logGet(46)) - raft.server.snapshot.auto.trigger.enabled = true (custom)
2024-02-26 09:18:31,007 [bca0bda6-c24b-45de-ae86-b5c7c2d890ab-groupManagement] INFO  server.RaftServerConfigKeys (ConfUtils.java:logGet(46)) - raft.server.snapshot.auto.trigger.threshold = 10000 (custom)
2024-02-26 09:18:31,008 [bca0bda6-c24b-45de-ae86-b5c7c2d890ab-groupManagement] INFO  server.RaftServerConfigKeys (ConfUtils.java:logGet(46)) - raft.server.snapshot.retention.file.num = 5 (custom)
2024-02-26 09:18:31,008 [bca0bda6-c24b-45de-ae86-b5c7c2d890ab-groupManagement] INFO  server.RaftServerConfigKeys (ConfUtils.java:logGet(46)) - raft.server.log.purge.upto.snapshot.index = false (default)
2024-02-26 09:18:31,001 [f0a2b3de-ed07-43d6-bdce-9d4b8e15ed2c@group-73FBAF7E6709-FollowerState] INFO  server.RaftServerConfigKeys (ConfUtils.java:logFallback(53)) - raft.server.rpc.first-election.timeout.max = 5200ms (fallback to raft.server.rpc.timeout.max)
2024-02-26 09:18:31,001 [aa7921d1-8be5-430c-af0e-7b09d4ba500e-groupManagement] INFO  server.RaftServerConfigKeys (ConfUtils.java:logGet(46)) - raft.server.log.appender.install.snapshot.enabled = false (custom)
2024-02-26 09:18:31,001 [f0a2b3de-ed07-43d6-bdce-9d4b8e15ed2c-groupManagement] INFO  server.RaftServerConfigKeys (ConfUtils.java:logGet(46)) - raft.server.snapshot.trigger-when-stop.enabled = true (default)
2024-02-26 09:18:31,008 [aa7921d1-8be5-430c-af0e-7b09d4ba500e-groupManagement] INFO  server.RaftServerConfigKeys (ConfUtils.java:logGet(46)) - raft.server.threadpool.server.cached = true (default)
2024-02-26 09:18:31,008 [f0a2b3de-ed07-43d6-bdce-9d4b8e15ed2c-groupManagement] INFO  server.RaftServerConfigKeys (ConfUtils.java:logGet(46)) - raft.server.snapshot.auto.trigger.enabled = true (custom)
2024-02-26 09:18:31,008 [aa7921d1-8be5-430c-af0e-7b09d4ba500e-groupManagement] INFO  server.RaftServerConfigKeys (ConfUtils.java:logGet(46)) - raft.server.threadpool.server.size = 0 (default)
2024-02-26 09:18:31,008 [f0a2b3de-ed07-43d6-bdce-9d4b8e15ed2c-groupManagement] INFO  server.RaftServerConfigKeys (ConfUtils.java:logGet(46)) - raft.server.snapshot.auto.trigger.threshold = 10000 (custom)
2024-02-26 09:18:31,008 [f0a2b3de-ed07-43d6-bdce-9d4b8e15ed2c-groupManagement] INFO  server.RaftServerConfigKeys (ConfUtils.java:logGet(46)) - raft.server.snapshot.retention.file.num = 5 (custom)
2024-02-26 09:18:31,009 [f0a2b3de-ed07-43d6-bdce-9d4b8e15ed2c-groupManagement] INFO  server.RaftServerConfigKeys (ConfUtils.java:logGet(46)) - raft.server.log.purge.upto.snapshot.index = false (default)
2024-02-26 09:18:31,009 [805285a9-14be-4ba5-9516-049ed8f85315-groupManagement] INFO  storage.RaftStorage (RaftStorageImpl.java:format(99)) - Storage directory /home/runner/work/ozone/ozone/hadoop-ozone/integration-test/target/test-dir/MiniOzoneClusterImpl-0d79f430-b8c0-477e-97b7-98e50d733022/ozone-meta/datanode-4/ratis/15140eea-1538-47da-817a-e406f7d03047 has been successfully formatted.
2024-02-26 09:18:31,008 [aa7921d1-8be5-430c-af0e-7b09d4ba500e-groupManagement] INFO  server.RaftServerConfigKeys (ConfUtils.java:logGet(46)) - raft.server.threadpool.client.cached = true (default)
2024-02-26 09:18:31,009 [aa7921d1-8be5-430c-af0e-7b09d4ba500e-groupManagement] INFO  server.RaftServerConfigKeys (ConfUtils.java:logGet(46)) - raft.server.threadpool.client.size = 0 (default)
2024-02-26 09:18:31,009 [aa7921d1-8be5-430c-af0e-7b09d4ba500e-groupManagement] INFO  server.RaftServerConfigKeys (ConfUtils.java:logGet(46)) - raft.server.storage.free-space.min = 0MB (=0) (default)
2024-02-26 09:18:31,009 [aa7921d1-8be5-430c-af0e-7b09d4ba500e-groupManagement] INFO  server.RaftServerConfigKeys (ConfUtils.java:logGet(46)) - raft.server.log.corruption.policy = EXCEPTION (default)
2024-02-26 09:18:31,009 [aa7921d1-8be5-430c-af0e-7b09d4ba500e-groupManagement] INFO  server.RaftServerConfigKeys (ConfUtils.java:logGet(46)) - raft.server.storage.dir = [/home/runner/work/ozone/ozone/hadoop-ozone/integration-test/target/test-dir/MiniOzoneClusterImpl-0d79f430-b8c0-477e-97b7-98e50d733022/ozone-meta/datanode-8/ratis] (custom)
2024-02-26 09:18:31,009 [aa7921d1-8be5-430c-af0e-7b09d4ba500e-groupManagement] INFO  storage.RaftStorageDirectory (RaftStorageDirectoryImpl.java:analyzeStorage(138)) - The storage directory /home/runner/work/ozone/ozone/hadoop-ozone/integration-test/target/test-dir/MiniOzoneClusterImpl-0d79f430-b8c0-477e-97b7-98e50d733022/ozone-meta/datanode-8/ratis/51f7e269-e0bb-4d92-b32b-99153d2f9da5 does not exist. Creating ...
2024-02-26 09:18:31,009 [bca0bda6-c24b-45de-ae86-b5c7c2d890ab-PipelineCommandHandlerThread-0] INFO  ratis.XceiverServerRatis (XceiverServerRatis.java:addGroup(864)) - Created group PipelineID=15140eea-1538-47da-817a-e406f7d03047
2024-02-26 09:18:31,009 [bca0bda6-c24b-45de-ae86-b5c7c2d890ab@group-E406F7D03047-FollowerState] INFO  server.RaftServerConfigKeys (ConfUtils.java:logFallback(53)) - raft.server.rpc.first-election.timeout.min = 5s (fallback to raft.server.rpc.timeout.min)
2024-02-26 09:18:31,009 [b254f787-4ade-443a-8cd7-22935f345023-groupManagement] INFO  storage.RaftStorageDirectory (RaftStorageDirectoryImpl.java:tryLock(228)) - Lock on /home/runner/work/ozone/ozone/hadoop-ozone/integration-test/target/test-dir/MiniOzoneClusterImpl-0d79f430-b8c0-477e-97b7-98e50d733022/ozone-meta/datanode-7/ratis/b84c48df-f653-405d-a6f4-b7258a4d66ee/in_use.lock acquired by nodename 86312@fv-az1109-796
2024-02-26 09:18:31,009 [805285a9-14be-4ba5-9516-049ed8f85315-groupManagement] WARN  util.FileUtils (LogUtils.java:supplyAndLog(63)) - Failed to Files.newInputStream /home/runner/work/ozone/ozone/hadoop-ozone/integration-test/target/test-dir/MiniOzoneClusterImpl-0d79f430-b8c0-477e-97b7-98e50d733022/ozone-meta/datanode-4/ratis/15140eea-1538-47da-817a-e406f7d03047/current/raft-meta.conf with options []: java.nio.file.NoSuchFileException: /home/runner/work/ozone/ozone/hadoop-ozone/integration-test/target/test-dir/MiniOzoneClusterImpl-0d79f430-b8c0-477e-97b7-98e50d733022/ozone-meta/datanode-4/ratis/15140eea-1538-47da-817a-e406f7d03047/current/raft-meta.conf
2024-02-26 09:18:31,011 [bca0bda6-c24b-45de-ae86-b5c7c2d890ab@group-E406F7D03047-FollowerState] INFO  server.RaftServerConfigKeys (ConfUtils.java:logFallback(53)) - raft.server.rpc.first-election.timeout.max = 5200ms (fallback to raft.server.rpc.timeout.max)
2024-02-26 09:18:31,011 [aa7921d1-8be5-430c-af0e-7b09d4ba500e-groupManagement] INFO  storage.RaftStorageDirectory (RaftStorageDirectoryImpl.java:tryLock(228)) - Lock on /home/runner/work/ozone/ozone/hadoop-ozone/integration-test/target/test-dir/MiniOzoneClusterImpl-0d79f430-b8c0-477e-97b7-98e50d733022/ozone-meta/datanode-8/ratis/51f7e269-e0bb-4d92-b32b-99153d2f9da5/in_use.lock acquired by nodename 86312@fv-az1109-796
2024-02-26 09:18:31,012 [a70c1067-2103-48d8-b21c-f7bdcf327398-groupManagement] INFO  server.RaftServer$Division (RaftServerImpl.java:start(396)) - a70c1067-2103-48d8-b21c-f7bdcf327398@group-73FBAF7E6709: start as a follower, conf=-1: peers:[f0a2b3de-ed07-43d6-bdce-9d4b8e15ed2c|10.1.0.30:15032, a70c1067-2103-48d8-b21c-f7bdcf327398|10.1.0.30:15023, 1fc8e30e-bcf6-4a54-bb04-f74c1c9f090e|10.1.0.30:15014]|listeners:[], old=null
2024-02-26 09:18:31,012 [a70c1067-2103-48d8-b21c-f7bdcf327398-groupManagement] INFO  server.RaftServer$Division (RaftServerImpl.java:setRole(383)) - a70c1067-2103-48d8-b21c-f7bdcf327398@group-73FBAF7E6709: changes role from      null to FOLLOWER at term 0 for startAsFollower
2024-02-26 09:18:31,012 [a70c1067-2103-48d8-b21c-f7bdcf327398-groupManagement] INFO  impl.RoleInfo (RoleInfo.java:updateAndGet(139)) - a70c1067-2103-48d8-b21c-f7bdcf327398: start a70c1067-2103-48d8-b21c-f7bdcf327398@group-73FBAF7E6709-FollowerState
2024-02-26 09:18:31,012 [b254f787-4ade-443a-8cd7-22935f345023-groupManagement] INFO  storage.RaftStorage (RaftStorageImpl.java:format(99)) - Storage directory /home/runner/work/ozone/ozone/hadoop-ozone/integration-test/target/test-dir/MiniOzoneClusterImpl-0d79f430-b8c0-477e-97b7-98e50d733022/ozone-meta/datanode-7/ratis/b84c48df-f653-405d-a6f4-b7258a4d66ee has been successfully formatted.
2024-02-26 09:18:31,012 [aa7921d1-8be5-430c-af0e-7b09d4ba500e-groupManagement] INFO  storage.RaftStorage (RaftStorageImpl.java:format(99)) - Storage directory /home/runner/work/ozone/ozone/hadoop-ozone/integration-test/target/test-dir/MiniOzoneClusterImpl-0d79f430-b8c0-477e-97b7-98e50d733022/ozone-meta/datanode-8/ratis/51f7e269-e0bb-4d92-b32b-99153d2f9da5 has been successfully formatted.
2024-02-26 09:18:31,012 [aa7921d1-8be5-430c-af0e-7b09d4ba500e-groupManagement] WARN  util.FileUtils (LogUtils.java:supplyAndLog(63)) - Failed to Files.newInputStream /home/runner/work/ozone/ozone/hadoop-ozone/integration-test/target/test-dir/MiniOzoneClusterImpl-0d79f430-b8c0-477e-97b7-98e50d733022/ozone-meta/datanode-8/ratis/51f7e269-e0bb-4d92-b32b-99153d2f9da5/current/raft-meta.conf with options []: java.nio.file.NoSuchFileException: /home/runner/work/ozone/ozone/hadoop-ozone/integration-test/target/test-dir/MiniOzoneClusterImpl-0d79f430-b8c0-477e-97b7-98e50d733022/ozone-meta/datanode-8/ratis/51f7e269-e0bb-4d92-b32b-99153d2f9da5/current/raft-meta.conf
2024-02-26 09:18:31,012 [b254f787-4ade-443a-8cd7-22935f345023-groupManagement] WARN  util.FileUtils (LogUtils.java:supplyAndLog(63)) - Failed to Files.newInputStream /home/runner/work/ozone/ozone/hadoop-ozone/integration-test/target/test-dir/MiniOzoneClusterImpl-0d79f430-b8c0-477e-97b7-98e50d733022/ozone-meta/datanode-7/ratis/b84c48df-f653-405d-a6f4-b7258a4d66ee/current/raft-meta.conf with options []: java.nio.file.NoSuchFileException: /home/runner/work/ozone/ozone/hadoop-ozone/integration-test/target/test-dir/MiniOzoneClusterImpl-0d79f430-b8c0-477e-97b7-98e50d733022/ozone-meta/datanode-7/ratis/b84c48df-f653-405d-a6f4-b7258a4d66ee/current/raft-meta.conf
2024-02-26 09:18:31,015 [a70c1067-2103-48d8-b21c-f7bdcf327398-groupManagement] INFO  util.JmxRegister (JmxRegister.java:tryRegister(44)) - Successfully registered JMX Bean with object name Ratis:service=RaftServer,group=group-73FBAF7E6709,id=a70c1067-2103-48d8-b21c-f7bdcf327398
2024-02-26 09:18:31,015 [a70c1067-2103-48d8-b21c-f7bdcf327398-groupManagement] INFO  server.RaftServerConfigKeys (ConfUtils.java:logGet(46)) - raft.server.snapshot.trigger-when-stop.enabled = true (default)
2024-02-26 09:18:31,015 [a70c1067-2103-48d8-b21c-f7bdcf327398-groupManagement] INFO  server.RaftServerConfigKeys (ConfUtils.java:logGet(46)) - raft.server.snapshot.auto.trigger.enabled = true (custom)
2024-02-26 09:18:31,015 [a70c1067-2103-48d8-b21c-f7bdcf327398-groupManagement] INFO  server.RaftServerConfigKeys (ConfUtils.java:logGet(46)) - raft.server.snapshot.auto.trigger.threshold = 10000 (custom)
2024-02-26 09:18:31,016 [a70c1067-2103-48d8-b21c-f7bdcf327398-groupManagement] INFO  server.RaftServerConfigKeys (ConfUtils.java:logGet(46)) - raft.server.snapshot.retention.file.num = 5 (custom)
2024-02-26 09:18:31,016 [a70c1067-2103-48d8-b21c-f7bdcf327398-groupManagement] INFO  server.RaftServerConfigKeys (ConfUtils.java:logGet(46)) - raft.server.log.purge.upto.snapshot.index = false (default)
2024-02-26 09:18:31,016 [62c7a6b6-874c-46f0-a24f-66d1ecaaa81b-groupManagement] INFO  impl.RoleInfo (RoleInfo.java:updateAndGet(139)) - 62c7a6b6-874c-46f0-a24f-66d1ecaaa81b: start 62c7a6b6-874c-46f0-a24f-66d1ecaaa81b@group-E406F7D03047-FollowerState
2024-02-26 09:18:31,016 [a70c1067-2103-48d8-b21c-f7bdcf327398@group-73FBAF7E6709-FollowerState] INFO  server.RaftServerConfigKeys (ConfUtils.java:logFallback(53)) - raft.server.rpc.first-election.timeout.min = 5s (fallback to raft.server.rpc.timeout.min)
2024-02-26 09:18:31,016 [a70c1067-2103-48d8-b21c-f7bdcf327398@group-73FBAF7E6709-FollowerState] INFO  server.RaftServerConfigKeys (ConfUtils.java:logFallback(53)) - raft.server.rpc.first-election.timeout.max = 5200ms (fallback to raft.server.rpc.timeout.max)
2024-02-26 09:18:31,017 [62c7a6b6-874c-46f0-a24f-66d1ecaaa81b-groupManagement] INFO  util.JmxRegister (JmxRegister.java:tryRegister(44)) - Successfully registered JMX Bean with object name Ratis:service=RaftServer,group=group-E406F7D03047,id=62c7a6b6-874c-46f0-a24f-66d1ecaaa81b
2024-02-26 09:18:31,017 [62c7a6b6-874c-46f0-a24f-66d1ecaaa81b-groupManagement] INFO  server.RaftServerConfigKeys (ConfUtils.java:logGet(46)) - raft.server.snapshot.trigger-when-stop.enabled = true (default)
2024-02-26 09:18:31,017 [62c7a6b6-874c-46f0-a24f-66d1ecaaa81b-groupManagement] INFO  server.RaftServerConfigKeys (ConfUtils.java:logGet(46)) - raft.server.snapshot.auto.trigger.enabled = true (custom)
2024-02-26 09:18:31,017 [62c7a6b6-874c-46f0-a24f-66d1ecaaa81b-groupManagement] INFO  server.RaftServerConfigKeys (ConfUtils.java:logGet(46)) - raft.server.snapshot.auto.trigger.threshold = 10000 (custom)
2024-02-26 09:18:31,017 [62c7a6b6-874c-46f0-a24f-66d1ecaaa81b-groupManagement] INFO  server.RaftServerConfigKeys (ConfUtils.java:logGet(46)) - raft.server.snapshot.retention.file.num = 5 (custom)
2024-02-26 09:18:31,017 [62c7a6b6-874c-46f0-a24f-66d1ecaaa81b-groupManagement] INFO  server.RaftServerConfigKeys (ConfUtils.java:logGet(46)) - raft.server.log.purge.upto.snapshot.index = false (default)
2024-02-26 09:18:31,017 [b254f787-4ade-443a-8cd7-22935f345023-groupManagement] INFO  ratis.ContainerStateMachine (ContainerStateMachine.java:loadSnapshot(287)) - group-B7258A4D66EE: The snapshot info is null. Setting the last applied index to:(t:0, i:~)
2024-02-26 09:18:31,017 [b254f787-4ade-443a-8cd7-22935f345023-groupManagement] INFO  server.RaftServerConfigKeys (ConfUtils.java:logGet(46)) - raft.server.log.use.memory = false (default)
2024-02-26 09:18:31,018 [b254f787-4ade-443a-8cd7-22935f345023-groupManagement] INFO  server.RaftServerConfigKeys (ConfUtils.java:logGet(46)) - raft.server.log.purge.gap = 1000000 (custom)
2024-02-26 09:18:31,018 [b254f787-4ade-443a-8cd7-22935f345023-groupManagement] INFO  server.RaftServerConfigKeys (ConfUtils.java:logGet(46)) - raft.server.log.appender.buffer.byte-limit = 8388608 (custom)
2024-02-26 09:18:31,018 [b254f787-4ade-443a-8cd7-22935f345023-groupManagement] INFO  server.RaftServerConfigKeys (ConfUtils.java:logGet(46)) - raft.server.log.statemachine.data.read.timeout = 1000ms (default)
2024-02-26 09:18:31,018 [b254f787-4ade-443a-8cd7-22935f345023-groupManagement] INFO  server.RaftServerConfigKeys (ConfUtils.java:logGet(46)) - raft.server.log.purge.preservation.log.num = 0 (default)
2024-02-26 09:18:31,018 [62c7a6b6-874c-46f0-a24f-66d1ecaaa81b@group-E406F7D03047-FollowerState] INFO  server.RaftServerConfigKeys (ConfUtils.java:logFallback(53)) - raft.server.rpc.first-election.timeout.min = 5s (fallback to raft.server.rpc.timeout.min)
2024-02-26 09:18:31,019 [62c7a6b6-874c-46f0-a24f-66d1ecaaa81b@group-E406F7D03047-FollowerState] INFO  server.RaftServerConfigKeys (ConfUtils.java:logFallback(53)) - raft.server.rpc.first-election.timeout.max = 5200ms (fallback to raft.server.rpc.timeout.max)
2024-02-26 09:18:31,020 [b254f787-4ade-443a-8cd7-22935f345023-groupManagement] INFO  server.RaftServerConfigKeys (ConfUtils.java:logGet(46)) - raft.server.log.segment.size.max = 67108864 (custom)
2024-02-26 09:18:31,020 [b254f787-4ade-443a-8cd7-22935f345023-groupManagement] INFO  server.RaftServerConfigKeys (ConfUtils.java:logGet(46)) - raft.server.log.segment.cache.num.max = 2 (custom)
2024-02-26 09:18:31,020 [b254f787-4ade-443a-8cd7-22935f345023-groupManagement] INFO  server.RaftServerConfigKeys (ConfUtils.java:logGet(46)) - raft.server.log.segment.cache.size.max = 200MB (=209715200) (default)
2024-02-26 09:18:31,020 [b254f787-4ade-443a-8cd7-22935f345023-groupManagement] INFO  server.RaftServerConfigKeys (ConfUtils.java:logGet(46)) - raft.server.log.appender.buffer.byte-limit = 8388608 (custom)
2024-02-26 09:18:31,021 [a70c1067-2103-48d8-b21c-f7bdcf327398-PipelineCommandHandlerThread-0] INFO  ratis.XceiverServerRatis (XceiverServerRatis.java:addGroup(864)) - Created group PipelineID=9282a3c2-574b-4ce6-8fd7-73fbaf7e6709
2024-02-26 09:18:31,018 [1fc8e30e-bcf6-4a54-bb04-f74c1c9f090e-PipelineCommandHandlerThread-0] INFO  ratis.XceiverServerRatis (XceiverServerRatis.java:addGroup(864)) - Created group PipelineID=9282a3c2-574b-4ce6-8fd7-73fbaf7e6709
2024-02-26 09:18:31,025 [62c7a6b6-874c-46f0-a24f-66d1ecaaa81b-PipelineCommandHandlerThread-0] INFO  ratis.XceiverServerRatis (XceiverServerRatis.java:addGroup(864)) - Created group PipelineID=15140eea-1538-47da-817a-e406f7d03047
2024-02-26 09:18:31,028 [805285a9-14be-4ba5-9516-049ed8f85315-groupManagement] INFO  ratis.ContainerStateMachine (ContainerStateMachine.java:loadSnapshot(287)) - group-E406F7D03047: The snapshot info is null. Setting the last applied index to:(t:0, i:~)
2024-02-26 09:18:31,029 [805285a9-14be-4ba5-9516-049ed8f85315-groupManagement] INFO  server.RaftServerConfigKeys (ConfUtils.java:logGet(46)) - raft.server.log.use.memory = false (default)
2024-02-26 09:18:31,029 [805285a9-14be-4ba5-9516-049ed8f85315-groupManagement] INFO  server.RaftServerConfigKeys (ConfUtils.java:logGet(46)) - raft.server.log.purge.gap = 1000000 (custom)
2024-02-26 09:18:31,029 [805285a9-14be-4ba5-9516-049ed8f85315-groupManagement] INFO  server.RaftServerConfigKeys (ConfUtils.java:logGet(46)) - raft.server.log.appender.buffer.byte-limit = 8388608 (custom)
2024-02-26 09:18:31,029 [805285a9-14be-4ba5-9516-049ed8f85315-groupManagement] INFO  server.RaftServerConfigKeys (ConfUtils.java:logGet(46)) - raft.server.log.statemachine.data.read.timeout = 1000ms (default)
2024-02-26 09:18:31,029 [805285a9-14be-4ba5-9516-049ed8f85315-groupManagement] INFO  server.RaftServerConfigKeys (ConfUtils.java:logGet(46)) - raft.server.log.purge.preservation.log.num = 0 (default)
2024-02-26 09:18:31,029 [aa7921d1-8be5-430c-af0e-7b09d4ba500e-groupManagement] INFO  ratis.ContainerStateMachine (ContainerStateMachine.java:loadSnapshot(287)) - group-99153D2F9DA5: The snapshot info is null. Setting the last applied index to:(t:0, i:~)
2024-02-26 09:18:31,029 [aa7921d1-8be5-430c-af0e-7b09d4ba500e-groupManagement] INFO  server.RaftServerConfigKeys (ConfUtils.java:logGet(46)) - raft.server.log.use.memory = false (default)
2024-02-26 09:18:31,030 [aa7921d1-8be5-430c-af0e-7b09d4ba500e-groupManagement] INFO  server.RaftServerConfigKeys (ConfUtils.java:logGet(46)) - raft.server.log.purge.gap = 1000000 (custom)
2024-02-26 09:18:31,030 [aa7921d1-8be5-430c-af0e-7b09d4ba500e-groupManagement] INFO  server.RaftServerConfigKeys (ConfUtils.java:logGet(46)) - raft.server.log.appender.buffer.byte-limit = 8388608 (custom)
2024-02-26 09:18:31,030 [aa7921d1-8be5-430c-af0e-7b09d4ba500e-groupManagement] INFO  server.RaftServerConfigKeys (ConfUtils.java:logGet(46)) - raft.server.log.statemachine.data.read.timeout = 1000ms (default)
2024-02-26 09:18:31,030 [aa7921d1-8be5-430c-af0e-7b09d4ba500e-groupManagement] INFO  server.RaftServerConfigKeys (ConfUtils.java:logGet(46)) - raft.server.log.purge.preservation.log.num = 0 (default)
2024-02-26 09:18:31,035 [b254f787-4ade-443a-8cd7-22935f345023-groupManagement] INFO  util.AwaitToRun (AwaitToRun.java:start(81)) - Thread[b254f787-4ade-443a-8cd7-22935f345023@group-B7258A4D66EE-cacheEviction-AwaitToRun,5,main] started
2024-02-26 09:18:31,035 [b254f787-4ade-443a-8cd7-22935f345023-groupManagement] INFO  segmented.SegmentedRaftLogWorker (SegmentedRaftLogWorker.java:<init>(182)) - new b254f787-4ade-443a-8cd7-22935f345023@group-B7258A4D66EE-SegmentedRaftLogWorker for RaftStorageImpl:Storage Directory /home/runner/work/ozone/ozone/hadoop-ozone/integration-test/target/test-dir/MiniOzoneClusterImpl-0d79f430-b8c0-477e-97b7-98e50d733022/ozone-meta/datanode-7/ratis/b84c48df-f653-405d-a6f4-b7258a4d66ee
2024-02-26 09:18:31,035 [b254f787-4ade-443a-8cd7-22935f345023-groupManagement] INFO  server.RaftServerConfigKeys (ConfUtils.java:logGet(46)) - raft.server.log.queue.byte-limit = 4294967296 (custom)
2024-02-26 09:18:31,035 [b254f787-4ade-443a-8cd7-22935f345023-groupManagement] INFO  server.RaftServerConfigKeys (ConfUtils.java:logGet(46)) - raft.server.log.queue.element-limit = 1024 (custom)
2024-02-26 09:18:31,035 [b254f787-4ade-443a-8cd7-22935f345023-groupManagement] INFO  server.RaftServerConfigKeys (ConfUtils.java:logGet(46)) - raft.server.log.segment.size.max = 67108864 (custom)
2024-02-26 09:18:31,035 [b254f787-4ade-443a-8cd7-22935f345023-groupManagement] INFO  server.RaftServerConfigKeys (ConfUtils.java:logGet(46)) - raft.server.log.preallocated.size = 4194304 (custom)
2024-02-26 09:18:31,036 [b254f787-4ade-443a-8cd7-22935f345023-groupManagement] INFO  server.RaftServerConfigKeys (ConfUtils.java:logGet(46)) - raft.server.log.force.sync.num = 128 (default)
2024-02-26 09:18:31,036 [b254f787-4ade-443a-8cd7-22935f345023-groupManagement] INFO  server.RaftServerConfigKeys (ConfUtils.java:logGet(46)) - raft.server.log.statemachine.data.sync = true (default)
2024-02-26 09:18:31,036 [b254f787-4ade-443a-8cd7-22935f345023-groupManagement] INFO  server.RaftServerConfigKeys (ConfUtils.java:logGet(46)) - raft.server.log.statemachine.data.sync.timeout = 10s (default)
2024-02-26 09:18:31,036 [b254f787-4ade-443a-8cd7-22935f345023-groupManagement] INFO  server.RaftServerConfigKeys (ConfUtils.java:logGet(46)) - raft.server.log.statemachine.data.sync.timeout.retry = 0 (custom)
2024-02-26 09:18:31,038 [87e9945c-a125-4404-bbe2-61a5a4b10cf4-PipelineCommandHandlerThread-0] INFO  server.RaftServer (RaftServerProxy.java:addNew(100)) - 87e9945c-a125-4404-bbe2-61a5a4b10cf4: addNew group-842F6E5EEF7F:[87e9945c-a125-4404-bbe2-61a5a4b10cf4|10.1.0.30:15086] returns group-842F6E5EEF7F:java.util.concurrent.CompletableFuture@72ad81e6[Not completed]
2024-02-26 09:18:31,040 [EventQueue-OpenPipelineForHealthyPipelineSafeModeRule] INFO  safemode.SCMSafeModeManager (HealthyPipelineSafeModeRule.java:process(140)) - SCM in safe mode. Healthy pipelines reported count is 0, required healthy pipeline reported count is 1
2024-02-26 09:18:31,044 [EventQueue-PipelineReportForPipelineReportHandler] INFO  pipeline.PipelineReportHandler (PipelineReportHandler.java:processPipelineReport(136)) - Opened pipeline PipelineID=51f7e269-e0bb-4d92-b32b-99153d2f9da5
2024-02-26 09:18:31,044 [EventQueue-OpenPipelineForHealthyPipelineSafeModeRule] INFO  safemode.SCMSafeModeManager (HealthyPipelineSafeModeRule.java:process(140)) - SCM in safe mode. Healthy pipelines reported count is 0, required healthy pipeline reported count is 1
2024-02-26 09:18:31,044 [EventQueue-OpenPipelineForHealthyPipelineSafeModeRule] INFO  safemode.SCMSafeModeManager (HealthyPipelineSafeModeRule.java:process(140)) - SCM in safe mode. Healthy pipelines reported count is 0, required healthy pipeline reported count is 1
2024-02-26 09:18:31,047 [87e9945c-a125-4404-bbe2-61a5a4b10cf4-groupManagement] INFO  server.RaftServer$Division (RaftServerImpl.java:<init>(256)) - 87e9945c-a125-4404-bbe2-61a5a4b10cf4: new RaftServerImpl for group-842F6E5EEF7F:[87e9945c-a125-4404-bbe2-61a5a4b10cf4|10.1.0.30:15086] with ContainerStateMachine:uninitialized
2024-02-26 09:18:31,048 [87e9945c-a125-4404-bbe2-61a5a4b10cf4-groupManagement] INFO  server.RaftServerConfigKeys (ConfUtils.java:logGet(46)) - raft.server.rpc.timeout.min = 5s (custom)
2024-02-26 09:18:31,048 [87e9945c-a125-4404-bbe2-61a5a4b10cf4-groupManagement] INFO  server.RaftServerConfigKeys (ConfUtils.java:logGet(46)) - raft.server.rpc.timeout.max = 5200ms (custom)
2024-02-26 09:18:31,048 [87e9945c-a125-4404-bbe2-61a5a4b10cf4-groupManagement] INFO  server.RaftServerConfigKeys (ConfUtils.java:logGet(46)) - raft.server.rpc.sleep.time = 25ms (default)
2024-02-26 09:18:31,048 [87e9945c-a125-4404-bbe2-61a5a4b10cf4-groupManagement] INFO  server.RaftServerConfigKeys (ConfUtils.java:logGet(46)) - raft.server.rpc.slowness.timeout = 300s (custom)
2024-02-26 09:18:31,048 [87e9945c-a125-4404-bbe2-61a5a4b10cf4-groupManagement] INFO  server.RaftServerConfigKeys (ConfUtils.java:logGet(46)) - raft.server.leaderelection.leader.step-down.wait-time = 10s (default)
2024-02-26 09:18:31,048 [87e9945c-a125-4404-bbe2-61a5a4b10cf4-groupManagement] INFO  server.RaftServerConfigKeys (ConfUtils.java:logGet(46)) - raft.server.leaderelection.member.majority-add = false (default)
2024-02-26 09:18:31,048 [87e9945c-a125-4404-bbe2-61a5a4b10cf4-groupManagement] INFO  server.RaftServerConfigKeys (ConfUtils.java:logGet(46)) - raft.server.sleep.deviation.threshold = 300ms (default)
2024-02-26 09:18:31,048 [87e9945c-a125-4404-bbe2-61a5a4b10cf4-groupManagement] INFO  server.RaftServer$Division (ServerState.java:<init>(113)) - 87e9945c-a125-4404-bbe2-61a5a4b10cf4@group-842F6E5EEF7F: ConfigurationManager, init=-1: peers:[87e9945c-a125-4404-bbe2-61a5a4b10cf4|10.1.0.30:15086]|listeners:[], old=null, confs=<EMPTY_MAP>
2024-02-26 09:18:31,048 [87e9945c-a125-4404-bbe2-61a5a4b10cf4-groupManagement] INFO  server.RaftServerConfigKeys (ConfUtils.java:logGet(46)) - raft.server.notification.no-leader.timeout = 300s (custom)
2024-02-26 09:18:31,048 [87e9945c-a125-4404-bbe2-61a5a4b10cf4-groupManagement] INFO  server.RaftServerConfigKeys (ConfUtils.java:logGet(46)) - raft.server.read.timeout = 10s (default)
2024-02-26 09:18:31,049 [87e9945c-a125-4404-bbe2-61a5a4b10cf4-groupManagement] INFO  server.RaftServerConfigKeys (ConfUtils.java:logGet(46)) - raft.server.retrycache.expirytime = 600000ms (custom)
2024-02-26 09:18:31,049 [87e9945c-a125-4404-bbe2-61a5a4b10cf4-groupManagement] INFO  server.RaftServerConfigKeys (ConfUtils.java:logGet(46)) - raft.server.retrycache.statistics.expirytime = 100ms (default)
2024-02-26 09:18:31,049 [87e9945c-a125-4404-bbe2-61a5a4b10cf4-groupManagement] INFO  server.RaftServerConfigKeys (ConfUtils.java:logGet(46)) - raft.server.read.option = DEFAULT (default)
2024-02-26 09:18:31,049 [87e9945c-a125-4404-bbe2-61a5a4b10cf4-groupManagement] INFO  server.RaftServerConfigKeys (ConfUtils.java:logGet(46)) - raft.server.read.read-after-write-consistent.write-index-cache.expiry-time = 60s (default)
2024-02-26 09:18:31,075 [b254f787-4ade-443a-8cd7-22935f345023-groupManagement] INFO  server.RaftServerConfigKeys (ConfUtils.java:logGet(46)) - raft.server.log.write.buffer.size = 8388616 (custom)
2024-02-26 09:18:31,077 [b254f787-4ade-443a-8cd7-22935f345023-groupManagement] INFO  server.RaftServerConfigKeys (ConfUtils.java:logGet(46)) - raft.server.log.appender.buffer.byte-limit = 8388608 (custom)
2024-02-26 09:18:31,078 [b254f787-4ade-443a-8cd7-22935f345023-groupManagement] INFO  server.RaftServerConfigKeys (ConfUtils.java:logGet(46)) - raft.server.log.unsafe-flush.enabled = false (default)
2024-02-26 09:18:31,078 [b254f787-4ade-443a-8cd7-22935f345023-groupManagement] INFO  server.RaftServerConfigKeys (ConfUtils.java:logGet(46)) - raft.server.log.async-flush.enabled = false (default)
2024-02-26 09:18:31,078 [b254f787-4ade-443a-8cd7-22935f345023-groupManagement] INFO  server.RaftServerConfigKeys (ConfUtils.java:logGet(46)) - raft.server.log.statemachine.data.caching.enabled = true (custom)
2024-02-26 09:18:31,078 [b254f787-4ade-443a-8cd7-22935f345023-groupManagement] INFO  segmented.SegmentedRaftLogWorker (SegmentedRaftLogWorker.java:lambda$new$0(134)) - b254f787-4ade-443a-8cd7-22935f345023@group-B7258A4D66EE-SegmentedRaftLogWorker: flushIndex: setUnconditionally 0 -> -1
2024-02-26 09:18:31,078 [b254f787-4ade-443a-8cd7-22935f345023-groupManagement] INFO  segmented.SegmentedRaftLogWorker (SegmentedRaftLogWorker.java:lambda$new$0(134)) - b254f787-4ade-443a-8cd7-22935f345023@group-B7258A4D66EE-SegmentedRaftLogWorker: safeCacheEvictIndex: setUnconditionally 0 -> -1
2024-02-26 09:18:31,082 [805285a9-14be-4ba5-9516-049ed8f85315-groupManagement] INFO  server.RaftServerConfigKeys (ConfUtils.java:logGet(46)) - raft.server.log.segment.size.max = 67108864 (custom)
2024-02-26 09:18:31,084 [805285a9-14be-4ba5-9516-049ed8f85315-groupManagement] INFO  server.RaftServerConfigKeys (ConfUtils.java:logGet(46)) - raft.server.log.segment.cache.num.max = 2 (custom)
2024-02-26 09:18:31,084 [805285a9-14be-4ba5-9516-049ed8f85315-groupManagement] INFO  server.RaftServerConfigKeys (ConfUtils.java:logGet(46)) - raft.server.log.segment.cache.size.max = 200MB (=209715200) (default)
2024-02-26 09:18:31,084 [805285a9-14be-4ba5-9516-049ed8f85315-groupManagement] INFO  server.RaftServerConfigKeys (ConfUtils.java:logGet(46)) - raft.server.log.appender.buffer.byte-limit = 8388608 (custom)
2024-02-26 09:18:31,086 [aa7921d1-8be5-430c-af0e-7b09d4ba500e-groupManagement] INFO  server.RaftServerConfigKeys (ConfUtils.java:logGet(46)) - raft.server.log.segment.size.max = 67108864 (custom)
2024-02-26 09:18:31,088 [aa7921d1-8be5-430c-af0e-7b09d4ba500e-groupManagement] INFO  server.RaftServerConfigKeys (ConfUtils.java:logGet(46)) - raft.server.log.segment.cache.num.max = 2 (custom)
2024-02-26 09:18:31,088 [aa7921d1-8be5-430c-af0e-7b09d4ba500e-groupManagement] INFO  server.RaftServerConfigKeys (ConfUtils.java:logGet(46)) - raft.server.log.segment.cache.size.max = 200MB (=209715200) (default)
2024-02-26 09:18:31,088 [aa7921d1-8be5-430c-af0e-7b09d4ba500e-groupManagement] INFO  server.RaftServerConfigKeys (ConfUtils.java:logGet(46)) - raft.server.log.appender.buffer.byte-limit = 8388608 (custom)
2024-02-26 09:18:31,089 [87e9945c-a125-4404-bbe2-61a5a4b10cf4-groupManagement] INFO  server.RaftServerConfigKeys (ConfUtils.java:logGet(46)) - raft.server.rpc.request.timeout = 60s (custom)
2024-02-26 09:18:31,089 [87e9945c-a125-4404-bbe2-61a5a4b10cf4-groupManagement] INFO  server.RaftServerConfigKeys (ConfUtils.java:logGet(46)) - raft.server.log.appender.install.snapshot.enabled = false (custom)
2024-02-26 09:18:31,089 [87e9945c-a125-4404-bbe2-61a5a4b10cf4-groupManagement] INFO  server.RaftServerConfigKeys (ConfUtils.java:logGet(46)) - raft.server.threadpool.server.cached = true (default)
2024-02-26 09:18:31,089 [87e9945c-a125-4404-bbe2-61a5a4b10cf4-groupManagement] INFO  server.RaftServerConfigKeys (ConfUtils.java:logGet(46)) - raft.server.threadpool.server.size = 0 (default)
2024-02-26 09:18:31,090 [87e9945c-a125-4404-bbe2-61a5a4b10cf4-groupManagement] INFO  server.RaftServerConfigKeys (ConfUtils.java:logGet(46)) - raft.server.threadpool.client.cached = true (default)
2024-02-26 09:18:31,090 [87e9945c-a125-4404-bbe2-61a5a4b10cf4-groupManagement] INFO  server.RaftServerConfigKeys (ConfUtils.java:logGet(46)) - raft.server.threadpool.client.size = 0 (default)
2024-02-26 09:18:31,090 [87e9945c-a125-4404-bbe2-61a5a4b10cf4-groupManagement] INFO  server.RaftServerConfigKeys (ConfUtils.java:logGet(46)) - raft.server.storage.free-space.min = 0MB (=0) (default)
2024-02-26 09:18:31,090 [87e9945c-a125-4404-bbe2-61a5a4b10cf4-groupManagement] INFO  server.RaftServerConfigKeys (ConfUtils.java:logGet(46)) - raft.server.log.corruption.policy = EXCEPTION (default)
2024-02-26 09:18:31,090 [87e9945c-a125-4404-bbe2-61a5a4b10cf4-groupManagement] INFO  server.RaftServerConfigKeys (ConfUtils.java:logGet(46)) - raft.server.storage.dir = [/home/runner/work/ozone/ozone/hadoop-ozone/integration-test/target/test-dir/MiniOzoneClusterImpl-0d79f430-b8c0-477e-97b7-98e50d733022/ozone-meta/datanode-9/ratis] (custom)
2024-02-26 09:18:31,091 [87e9945c-a125-4404-bbe2-61a5a4b10cf4-groupManagement] INFO  storage.RaftStorageDirectory (RaftStorageDirectoryImpl.java:analyzeStorage(138)) - The storage directory /home/runner/work/ozone/ozone/hadoop-ozone/integration-test/target/test-dir/MiniOzoneClusterImpl-0d79f430-b8c0-477e-97b7-98e50d733022/ozone-meta/datanode-9/ratis/f21dd219-1219-404f-836e-842f6e5eef7f does not exist. Creating ...
2024-02-26 09:18:31,091 [87e9945c-a125-4404-bbe2-61a5a4b10cf4-groupManagement] INFO  storage.RaftStorageDirectory (RaftStorageDirectoryImpl.java:tryLock(228)) - Lock on /home/runner/work/ozone/ozone/hadoop-ozone/integration-test/target/test-dir/MiniOzoneClusterImpl-0d79f430-b8c0-477e-97b7-98e50d733022/ozone-meta/datanode-9/ratis/f21dd219-1219-404f-836e-842f6e5eef7f/in_use.lock acquired by nodename 86312@fv-az1109-796
2024-02-26 09:18:31,095 [aa7921d1-8be5-430c-af0e-7b09d4ba500e-groupManagement] INFO  util.AwaitToRun (AwaitToRun.java:start(81)) - Thread[aa7921d1-8be5-430c-af0e-7b09d4ba500e@group-99153D2F9DA5-cacheEviction-AwaitToRun,5,main] started
2024-02-26 09:18:31,095 [aa7921d1-8be5-430c-af0e-7b09d4ba500e-groupManagement] INFO  segmented.SegmentedRaftLogWorker (SegmentedRaftLogWorker.java:<init>(182)) - new aa7921d1-8be5-430c-af0e-7b09d4ba500e@group-99153D2F9DA5-SegmentedRaftLogWorker for RaftStorageImpl:Storage Directory /home/runner/work/ozone/ozone/hadoop-ozone/integration-test/target/test-dir/MiniOzoneClusterImpl-0d79f430-b8c0-477e-97b7-98e50d733022/ozone-meta/datanode-8/ratis/51f7e269-e0bb-4d92-b32b-99153d2f9da5
2024-02-26 09:18:31,095 [aa7921d1-8be5-430c-af0e-7b09d4ba500e-groupManagement] INFO  server.RaftServerConfigKeys (ConfUtils.java:logGet(46)) - raft.server.log.queue.byte-limit = 4294967296 (custom)
2024-02-26 09:18:31,095 [aa7921d1-8be5-430c-af0e-7b09d4ba500e-groupManagement] INFO  server.RaftServerConfigKeys (ConfUtils.java:logGet(46)) - raft.server.log.queue.element-limit = 1024 (custom)
2024-02-26 09:18:31,096 [aa7921d1-8be5-430c-af0e-7b09d4ba500e-groupManagement] INFO  server.RaftServerConfigKeys (ConfUtils.java:logGet(46)) - raft.server.log.segment.size.max = 67108864 (custom)
2024-02-26 09:18:31,096 [aa7921d1-8be5-430c-af0e-7b09d4ba500e-groupManagement] INFO  server.RaftServerConfigKeys (ConfUtils.java:logGet(46)) - raft.server.log.preallocated.size = 4194304 (custom)
2024-02-26 09:18:31,096 [aa7921d1-8be5-430c-af0e-7b09d4ba500e-groupManagement] INFO  server.RaftServerConfigKeys (ConfUtils.java:logGet(46)) - raft.server.log.force.sync.num = 128 (default)
2024-02-26 09:18:31,096 [aa7921d1-8be5-430c-af0e-7b09d4ba500e-groupManagement] INFO  server.RaftServerConfigKeys (ConfUtils.java:logGet(46)) - raft.server.log.statemachine.data.sync = true (default)
2024-02-26 09:18:31,096 [aa7921d1-8be5-430c-af0e-7b09d4ba500e-groupManagement] INFO  server.RaftServerConfigKeys (ConfUtils.java:logGet(46)) - raft.server.log.statemachine.data.sync.timeout = 10s (default)
2024-02-26 09:18:31,096 [aa7921d1-8be5-430c-af0e-7b09d4ba500e-groupManagement] INFO  server.RaftServerConfigKeys (ConfUtils.java:logGet(46)) - raft.server.log.statemachine.data.sync.timeout.retry = 0 (custom)
2024-02-26 09:18:31,096 [aa7921d1-8be5-430c-af0e-7b09d4ba500e-groupManagement] INFO  server.RaftServerConfigKeys (ConfUtils.java:logGet(46)) - raft.server.log.write.buffer.size = 8388616 (custom)
2024-02-26 09:18:31,098 [aa7921d1-8be5-430c-af0e-7b09d4ba500e-groupManagement] INFO  server.RaftServerConfigKeys (ConfUtils.java:logGet(46)) - raft.server.log.appender.buffer.byte-limit = 8388608 (custom)
2024-02-26 09:18:31,098 [aa7921d1-8be5-430c-af0e-7b09d4ba500e-groupManagement] INFO  server.RaftServerConfigKeys (ConfUtils.java:logGet(46)) - raft.server.log.unsafe-flush.enabled = false (default)
2024-02-26 09:18:31,098 [aa7921d1-8be5-430c-af0e-7b09d4ba500e-groupManagement] INFO  server.RaftServerConfigKeys (ConfUtils.java:logGet(46)) - raft.server.log.async-flush.enabled = false (default)
2024-02-26 09:18:31,098 [aa7921d1-8be5-430c-af0e-7b09d4ba500e-groupManagement] INFO  server.RaftServerConfigKeys (ConfUtils.java:logGet(46)) - raft.server.log.statemachine.data.caching.enabled = true (custom)
2024-02-26 09:18:31,099 [aa7921d1-8be5-430c-af0e-7b09d4ba500e-groupManagement] INFO  segmented.SegmentedRaftLogWorker (SegmentedRaftLogWorker.java:lambda$new$0(134)) - aa7921d1-8be5-430c-af0e-7b09d4ba500e@group-99153D2F9DA5-SegmentedRaftLogWorker: flushIndex: setUnconditionally 0 -> -1
2024-02-26 09:18:31,099 [aa7921d1-8be5-430c-af0e-7b09d4ba500e-groupManagement] INFO  segmented.SegmentedRaftLogWorker (SegmentedRaftLogWorker.java:lambda$new$0(134)) - aa7921d1-8be5-430c-af0e-7b09d4ba500e@group-99153D2F9DA5-SegmentedRaftLogWorker: safeCacheEvictIndex: setUnconditionally 0 -> -1
2024-02-26 09:18:31,099 [87e9945c-a125-4404-bbe2-61a5a4b10cf4-groupManagement] INFO  storage.RaftStorage (RaftStorageImpl.java:format(99)) - Storage directory /home/runner/work/ozone/ozone/hadoop-ozone/integration-test/target/test-dir/MiniOzoneClusterImpl-0d79f430-b8c0-477e-97b7-98e50d733022/ozone-meta/datanode-9/ratis/f21dd219-1219-404f-836e-842f6e5eef7f has been successfully formatted.
2024-02-26 09:18:31,099 [87e9945c-a125-4404-bbe2-61a5a4b10cf4-groupManagement] WARN  util.FileUtils (LogUtils.java:supplyAndLog(63)) - Failed to Files.newInputStream /home/runner/work/ozone/ozone/hadoop-ozone/integration-test/target/test-dir/MiniOzoneClusterImpl-0d79f430-b8c0-477e-97b7-98e50d733022/ozone-meta/datanode-9/ratis/f21dd219-1219-404f-836e-842f6e5eef7f/current/raft-meta.conf with options []: java.nio.file.NoSuchFileException: /home/runner/work/ozone/ozone/hadoop-ozone/integration-test/target/test-dir/MiniOzoneClusterImpl-0d79f430-b8c0-477e-97b7-98e50d733022/ozone-meta/datanode-9/ratis/f21dd219-1219-404f-836e-842f6e5eef7f/current/raft-meta.conf
2024-02-26 09:18:31,100 [aa7921d1-8be5-430c-af0e-7b09d4ba500e-groupManagement] INFO  server.RaftServer$Division (RaftServerImpl.java:start(396)) - aa7921d1-8be5-430c-af0e-7b09d4ba500e@group-99153D2F9DA5: start as a follower, conf=-1: peers:[aa7921d1-8be5-430c-af0e-7b09d4ba500e|10.1.0.30:15077]|listeners:[], old=null
2024-02-26 09:18:31,100 [aa7921d1-8be5-430c-af0e-7b09d4ba500e-groupManagement] INFO  server.RaftServer$Division (RaftServerImpl.java:setRole(383)) - aa7921d1-8be5-430c-af0e-7b09d4ba500e@group-99153D2F9DA5: changes role from      null to FOLLOWER at term 0 for startAsFollower
2024-02-26 09:18:31,100 [aa7921d1-8be5-430c-af0e-7b09d4ba500e-groupManagement] INFO  impl.RoleInfo (RoleInfo.java:updateAndGet(139)) - aa7921d1-8be5-430c-af0e-7b09d4ba500e: start aa7921d1-8be5-430c-af0e-7b09d4ba500e@group-99153D2F9DA5-FollowerState
2024-02-26 09:18:31,100 [aa7921d1-8be5-430c-af0e-7b09d4ba500e@group-99153D2F9DA5-FollowerState] INFO  server.RaftServerConfigKeys (ConfUtils.java:logFallback(53)) - raft.server.rpc.first-election.timeout.min = 5s (fallback to raft.server.rpc.timeout.min)
2024-02-26 09:18:31,100 [aa7921d1-8be5-430c-af0e-7b09d4ba500e@group-99153D2F9DA5-FollowerState] INFO  server.RaftServerConfigKeys (ConfUtils.java:logFallback(53)) - raft.server.rpc.first-election.timeout.max = 5200ms (fallback to raft.server.rpc.timeout.max)
2024-02-26 09:18:31,101 [805285a9-14be-4ba5-9516-049ed8f85315-groupManagement] INFO  util.AwaitToRun (AwaitToRun.java:start(81)) - Thread[805285a9-14be-4ba5-9516-049ed8f85315@group-E406F7D03047-cacheEviction-AwaitToRun,5,main] started
2024-02-26 09:18:31,101 [805285a9-14be-4ba5-9516-049ed8f85315-groupManagement] INFO  segmented.SegmentedRaftLogWorker (SegmentedRaftLogWorker.java:<init>(182)) - new 805285a9-14be-4ba5-9516-049ed8f85315@group-E406F7D03047-SegmentedRaftLogWorker for RaftStorageImpl:Storage Directory /home/runner/work/ozone/ozone/hadoop-ozone/integration-test/target/test-dir/MiniOzoneClusterImpl-0d79f430-b8c0-477e-97b7-98e50d733022/ozone-meta/datanode-4/ratis/15140eea-1538-47da-817a-e406f7d03047
2024-02-26 09:18:31,101 [805285a9-14be-4ba5-9516-049ed8f85315-groupManagement] INFO  server.RaftServerConfigKeys (ConfUtils.java:logGet(46)) - raft.server.log.queue.byte-limit = 4294967296 (custom)
2024-02-26 09:18:31,101 [805285a9-14be-4ba5-9516-049ed8f85315-groupManagement] INFO  server.RaftServerConfigKeys (ConfUtils.java:logGet(46)) - raft.server.log.queue.element-limit = 1024 (custom)
2024-02-26 09:18:31,101 [805285a9-14be-4ba5-9516-049ed8f85315-groupManagement] INFO  server.RaftServerConfigKeys (ConfUtils.java:logGet(46)) - raft.server.log.segment.size.max = 67108864 (custom)
2024-02-26 09:18:31,101 [805285a9-14be-4ba5-9516-049ed8f85315-groupManagement] INFO  server.RaftServerConfigKeys (ConfUtils.java:logGet(46)) - raft.server.log.preallocated.size = 4194304 (custom)
2024-02-26 09:18:31,101 [805285a9-14be-4ba5-9516-049ed8f85315-groupManagement] INFO  server.RaftServerConfigKeys (ConfUtils.java:logGet(46)) - raft.server.log.force.sync.num = 128 (default)
2024-02-26 09:18:31,101 [805285a9-14be-4ba5-9516-049ed8f85315-groupManagement] INFO  server.RaftServerConfigKeys (ConfUtils.java:logGet(46)) - raft.server.log.statemachine.data.sync = true (default)
2024-02-26 09:18:31,101 [805285a9-14be-4ba5-9516-049ed8f85315-groupManagement] INFO  server.RaftServerConfigKeys (ConfUtils.java:logGet(46)) - raft.server.log.statemachine.data.sync.timeout = 10s (default)
2024-02-26 09:18:31,101 [805285a9-14be-4ba5-9516-049ed8f85315-groupManagement] INFO  server.RaftServerConfigKeys (ConfUtils.java:logGet(46)) - raft.server.log.statemachine.data.sync.timeout.retry = 0 (custom)
2024-02-26 09:18:31,102 [805285a9-14be-4ba5-9516-049ed8f85315-groupManagement] INFO  server.RaftServerConfigKeys (ConfUtils.java:logGet(46)) - raft.server.log.write.buffer.size = 8388616 (custom)
2024-02-26 09:18:31,103 [805285a9-14be-4ba5-9516-049ed8f85315-groupManagement] INFO  server.RaftServerConfigKeys (ConfUtils.java:logGet(46)) - raft.server.log.appender.buffer.byte-limit = 8388608 (custom)
2024-02-26 09:18:31,103 [805285a9-14be-4ba5-9516-049ed8f85315-groupManagement] INFO  server.RaftServerConfigKeys (ConfUtils.java:logGet(46)) - raft.server.log.unsafe-flush.enabled = false (default)
2024-02-26 09:18:31,104 [805285a9-14be-4ba5-9516-049ed8f85315-groupManagement] INFO  server.RaftServerConfigKeys (ConfUtils.java:logGet(46)) - raft.server.log.async-flush.enabled = false (default)
2024-02-26 09:18:31,104 [805285a9-14be-4ba5-9516-049ed8f85315-groupManagement] INFO  server.RaftServerConfigKeys (ConfUtils.java:logGet(46)) - raft.server.log.statemachine.data.caching.enabled = true (custom)
2024-02-26 09:18:31,104 [805285a9-14be-4ba5-9516-049ed8f85315-groupManagement] INFO  segmented.SegmentedRaftLogWorker (SegmentedRaftLogWorker.java:lambda$new$0(134)) - 805285a9-14be-4ba5-9516-049ed8f85315@group-E406F7D03047-SegmentedRaftLogWorker: flushIndex: setUnconditionally 0 -> -1
2024-02-26 09:18:31,104 [805285a9-14be-4ba5-9516-049ed8f85315-groupManagement] INFO  segmented.SegmentedRaftLogWorker (SegmentedRaftLogWorker.java:lambda$new$0(134)) - 805285a9-14be-4ba5-9516-049ed8f85315@group-E406F7D03047-SegmentedRaftLogWorker: safeCacheEvictIndex: setUnconditionally 0 -> -1
2024-02-26 09:18:31,105 [f0a2b3de-ed07-43d6-bdce-9d4b8e15ed2c-PipelineCommandHandlerThread-0] INFO  ratis.XceiverServerRatis (XceiverServerRatis.java:addGroup(864)) - Created group PipelineID=9282a3c2-574b-4ce6-8fd7-73fbaf7e6709
2024-02-26 09:18:31,117 [805285a9-14be-4ba5-9516-049ed8f85315-groupManagement] INFO  server.RaftServer$Division (RaftServerImpl.java:start(396)) - 805285a9-14be-4ba5-9516-049ed8f85315@group-E406F7D03047: start as a follower, conf=-1: peers:[805285a9-14be-4ba5-9516-049ed8f85315|10.1.0.30:15041, 62c7a6b6-874c-46f0-a24f-66d1ecaaa81b|10.1.0.30:15050, bca0bda6-c24b-45de-ae86-b5c7c2d890ab|10.1.0.30:15059]|listeners:[], old=null
2024-02-26 09:18:31,117 [805285a9-14be-4ba5-9516-049ed8f85315-groupManagement] INFO  server.RaftServer$Division (RaftServerImpl.java:setRole(383)) - 805285a9-14be-4ba5-9516-049ed8f85315@group-E406F7D03047: changes role from      null to FOLLOWER at term 0 for startAsFollower
2024-02-26 09:18:31,117 [805285a9-14be-4ba5-9516-049ed8f85315-groupManagement] INFO  impl.RoleInfo (RoleInfo.java:updateAndGet(139)) - 805285a9-14be-4ba5-9516-049ed8f85315: start 805285a9-14be-4ba5-9516-049ed8f85315@group-E406F7D03047-FollowerState
2024-02-26 09:18:31,118 [805285a9-14be-4ba5-9516-049ed8f85315@group-E406F7D03047-FollowerState] INFO  server.RaftServerConfigKeys (ConfUtils.java:logFallback(53)) - raft.server.rpc.first-election.timeout.min = 5s (fallback to raft.server.rpc.timeout.min)
2024-02-26 09:18:31,118 [805285a9-14be-4ba5-9516-049ed8f85315@group-E406F7D03047-FollowerState] INFO  server.RaftServerConfigKeys (ConfUtils.java:logFallback(53)) - raft.server.rpc.first-election.timeout.max = 5200ms (fallback to raft.server.rpc.timeout.max)
2024-02-26 09:18:31,118 [b254f787-4ade-443a-8cd7-22935f345023-groupManagement] INFO  server.RaftServer$Division (RaftServerImpl.java:start(396)) - b254f787-4ade-443a-8cd7-22935f345023@group-B7258A4D66EE: start as a follower, conf=-1: peers:[87e9945c-a125-4404-bbe2-61a5a4b10cf4|10.1.0.30:15086, b254f787-4ade-443a-8cd7-22935f345023|10.1.0.30:15068, aa7921d1-8be5-430c-af0e-7b09d4ba500e|10.1.0.30:15077]|listeners:[], old=null
2024-02-26 09:18:31,118 [805285a9-14be-4ba5-9516-049ed8f85315-groupManagement] INFO  util.JmxRegister (JmxRegister.java:tryRegister(44)) - Successfully registered JMX Bean with object name Ratis:service=RaftServer,group=group-E406F7D03047,id=805285a9-14be-4ba5-9516-049ed8f85315
2024-02-26 09:18:31,118 [aa7921d1-8be5-430c-af0e-7b09d4ba500e-groupManagement] INFO  util.JmxRegister (JmxRegister.java:tryRegister(44)) - Successfully registered JMX Bean with object name Ratis:service=RaftServer,group=group-99153D2F9DA5,id=aa7921d1-8be5-430c-af0e-7b09d4ba500e
2024-02-26 09:18:31,120 [805285a9-14be-4ba5-9516-049ed8f85315-groupManagement] INFO  server.RaftServerConfigKeys (ConfUtils.java:logGet(46)) - raft.server.snapshot.trigger-when-stop.enabled = true (default)
2024-02-26 09:18:31,120 [87e9945c-a125-4404-bbe2-61a5a4b10cf4-groupManagement] INFO  ratis.ContainerStateMachine (ContainerStateMachine.java:loadSnapshot(287)) - group-842F6E5EEF7F: The snapshot info is null. Setting the last applied index to:(t:0, i:~)
2024-02-26 09:18:31,121 [87e9945c-a125-4404-bbe2-61a5a4b10cf4-groupManagement] INFO  server.RaftServerConfigKeys (ConfUtils.java:logGet(46)) - raft.server.log.use.memory = false (default)
2024-02-26 09:18:31,121 [87e9945c-a125-4404-bbe2-61a5a4b10cf4-groupManagement] INFO  server.RaftServerConfigKeys (ConfUtils.java:logGet(46)) - raft.server.log.purge.gap = 1000000 (custom)
2024-02-26 09:18:31,121 [87e9945c-a125-4404-bbe2-61a5a4b10cf4-groupManagement] INFO  server.RaftServerConfigKeys (ConfUtils.java:logGet(46)) - raft.server.log.appender.buffer.byte-limit = 8388608 (custom)
2024-02-26 09:18:31,118 [b254f787-4ade-443a-8cd7-22935f345023-groupManagement] INFO  server.RaftServer$Division (RaftServerImpl.java:setRole(383)) - b254f787-4ade-443a-8cd7-22935f345023@group-B7258A4D66EE: changes role from      null to FOLLOWER at term 0 for startAsFollower
2024-02-26 09:18:31,121 [805285a9-14be-4ba5-9516-049ed8f85315-groupManagement] INFO  server.RaftServerConfigKeys (ConfUtils.java:logGet(46)) - raft.server.snapshot.auto.trigger.enabled = true (custom)
2024-02-26 09:18:31,120 [aa7921d1-8be5-430c-af0e-7b09d4ba500e-groupManagement] INFO  server.RaftServerConfigKeys (ConfUtils.java:logGet(46)) - raft.server.snapshot.trigger-when-stop.enabled = true (default)
2024-02-26 09:18:31,121 [805285a9-14be-4ba5-9516-049ed8f85315-groupManagement] INFO  server.RaftServerConfigKeys (ConfUtils.java:logGet(46)) - raft.server.snapshot.auto.trigger.threshold = 10000 (custom)
2024-02-26 09:18:31,121 [b254f787-4ade-443a-8cd7-22935f345023-groupManagement] INFO  impl.RoleInfo (RoleInfo.java:updateAndGet(139)) - b254f787-4ade-443a-8cd7-22935f345023: start b254f787-4ade-443a-8cd7-22935f345023@group-B7258A4D66EE-FollowerState
2024-02-26 09:18:31,121 [805285a9-14be-4ba5-9516-049ed8f85315-groupManagement] INFO  server.RaftServerConfigKeys (ConfUtils.java:logGet(46)) - raft.server.snapshot.retention.file.num = 5 (custom)
2024-02-26 09:18:31,121 [aa7921d1-8be5-430c-af0e-7b09d4ba500e-groupManagement] INFO  server.RaftServerConfigKeys (ConfUtils.java:logGet(46)) - raft.server.snapshot.auto.trigger.enabled = true (custom)
2024-02-26 09:18:31,121 [805285a9-14be-4ba5-9516-049ed8f85315-groupManagement] INFO  server.RaftServerConfigKeys (ConfUtils.java:logGet(46)) - raft.server.log.purge.upto.snapshot.index = false (default)
2024-02-26 09:18:31,121 [b254f787-4ade-443a-8cd7-22935f345023-groupManagement] INFO  util.JmxRegister (JmxRegister.java:tryRegister(44)) - Successfully registered JMX Bean with object name Ratis:service=RaftServer,group=group-B7258A4D66EE,id=b254f787-4ade-443a-8cd7-22935f345023
2024-02-26 09:18:31,122 [b254f787-4ade-443a-8cd7-22935f345023-groupManagement] INFO  server.RaftServerConfigKeys (ConfUtils.java:logGet(46)) - raft.server.snapshot.trigger-when-stop.enabled = true (default)
2024-02-26 09:18:31,122 [b254f787-4ade-443a-8cd7-22935f345023-groupManagement] INFO  server.RaftServerConfigKeys (ConfUtils.java:logGet(46)) - raft.server.snapshot.auto.trigger.enabled = true (custom)
2024-02-26 09:18:31,122 [b254f787-4ade-443a-8cd7-22935f345023-groupManagement] INFO  server.RaftServerConfigKeys (ConfUtils.java:logGet(46)) - raft.server.snapshot.auto.trigger.threshold = 10000 (custom)
2024-02-26 09:18:31,122 [b254f787-4ade-443a-8cd7-22935f345023-groupManagement] INFO  server.RaftServerConfigKeys (ConfUtils.java:logGet(46)) - raft.server.snapshot.retention.file.num = 5 (custom)
2024-02-26 09:18:31,122 [b254f787-4ade-443a-8cd7-22935f345023-groupManagement] INFO  server.RaftServerConfigKeys (ConfUtils.java:logGet(46)) - raft.server.log.purge.upto.snapshot.index = false (default)
2024-02-26 09:18:31,121 [aa7921d1-8be5-430c-af0e-7b09d4ba500e-groupManagement] INFO  server.RaftServerConfigKeys (ConfUtils.java:logGet(46)) - raft.server.snapshot.auto.trigger.threshold = 10000 (custom)
2024-02-26 09:18:31,122 [aa7921d1-8be5-430c-af0e-7b09d4ba500e-groupManagement] INFO  server.RaftServerConfigKeys (ConfUtils.java:logGet(46)) - raft.server.snapshot.retention.file.num = 5 (custom)
2024-02-26 09:18:31,122 [aa7921d1-8be5-430c-af0e-7b09d4ba500e-groupManagement] INFO  server.RaftServerConfigKeys (ConfUtils.java:logGet(46)) - raft.server.log.purge.upto.snapshot.index = false (default)
2024-02-26 09:18:31,123 [805285a9-14be-4ba5-9516-049ed8f85315-PipelineCommandHandlerThread-0] INFO  ratis.XceiverServerRatis (XceiverServerRatis.java:addGroup(864)) - Created group PipelineID=15140eea-1538-47da-817a-e406f7d03047
2024-02-26 09:18:31,130 [87e9945c-a125-4404-bbe2-61a5a4b10cf4-groupManagement] INFO  server.RaftServerConfigKeys (ConfUtils.java:logGet(46)) - raft.server.log.statemachine.data.read.timeout = 1000ms (default)
2024-02-26 09:18:31,130 [87e9945c-a125-4404-bbe2-61a5a4b10cf4-groupManagement] INFO  server.RaftServerConfigKeys (ConfUtils.java:logGet(46)) - raft.server.log.purge.preservation.log.num = 0 (default)
2024-02-26 09:18:31,130 [b254f787-4ade-443a-8cd7-22935f345023@group-B7258A4D66EE-FollowerState] INFO  server.RaftServerConfigKeys (ConfUtils.java:logFallback(53)) - raft.server.rpc.first-election.timeout.min = 5s (fallback to raft.server.rpc.timeout.min)
2024-02-26 09:18:31,130 [b254f787-4ade-443a-8cd7-22935f345023@group-B7258A4D66EE-FollowerState] INFO  server.RaftServerConfigKeys (ConfUtils.java:logFallback(53)) - raft.server.rpc.first-election.timeout.max = 5200ms (fallback to raft.server.rpc.timeout.max)
2024-02-26 09:18:31,134 [87e9945c-a125-4404-bbe2-61a5a4b10cf4-groupManagement] INFO  server.RaftServerConfigKeys (ConfUtils.java:logGet(46)) - raft.server.log.segment.size.max = 67108864 (custom)
2024-02-26 09:18:31,134 [87e9945c-a125-4404-bbe2-61a5a4b10cf4-groupManagement] INFO  server.RaftServerConfigKeys (ConfUtils.java:logGet(46)) - raft.server.log.segment.cache.num.max = 2 (custom)
2024-02-26 09:18:31,134 [87e9945c-a125-4404-bbe2-61a5a4b10cf4-groupManagement] INFO  server.RaftServerConfigKeys (ConfUtils.java:logGet(46)) - raft.server.log.segment.cache.size.max = 200MB (=209715200) (default)
2024-02-26 09:18:31,134 [87e9945c-a125-4404-bbe2-61a5a4b10cf4-groupManagement] INFO  server.RaftServerConfigKeys (ConfUtils.java:logGet(46)) - raft.server.log.appender.buffer.byte-limit = 8388608 (custom)
2024-02-26 09:18:31,139 [b254f787-4ade-443a-8cd7-22935f345023-PipelineCommandHandlerThread-0] INFO  ratis.XceiverServerRatis (XceiverServerRatis.java:addGroup(864)) - Created group PipelineID=b84c48df-f653-405d-a6f4-b7258a4d66ee
2024-02-26 09:18:31,143 [87e9945c-a125-4404-bbe2-61a5a4b10cf4-groupManagement] INFO  util.AwaitToRun (AwaitToRun.java:start(81)) - Thread[87e9945c-a125-4404-bbe2-61a5a4b10cf4@group-842F6E5EEF7F-cacheEviction-AwaitToRun,5,main] started
2024-02-26 09:18:31,144 [87e9945c-a125-4404-bbe2-61a5a4b10cf4-groupManagement] INFO  segmented.SegmentedRaftLogWorker (SegmentedRaftLogWorker.java:<init>(182)) - new 87e9945c-a125-4404-bbe2-61a5a4b10cf4@group-842F6E5EEF7F-SegmentedRaftLogWorker for RaftStorageImpl:Storage Directory /home/runner/work/ozone/ozone/hadoop-ozone/integration-test/target/test-dir/MiniOzoneClusterImpl-0d79f430-b8c0-477e-97b7-98e50d733022/ozone-meta/datanode-9/ratis/f21dd219-1219-404f-836e-842f6e5eef7f
2024-02-26 09:18:31,144 [87e9945c-a125-4404-bbe2-61a5a4b10cf4-groupManagement] INFO  server.RaftServerConfigKeys (ConfUtils.java:logGet(46)) - raft.server.log.queue.byte-limit = 4294967296 (custom)
2024-02-26 09:18:31,144 [87e9945c-a125-4404-bbe2-61a5a4b10cf4-groupManagement] INFO  server.RaftServerConfigKeys (ConfUtils.java:logGet(46)) - raft.server.log.queue.element-limit = 1024 (custom)
2024-02-26 09:18:31,144 [87e9945c-a125-4404-bbe2-61a5a4b10cf4-groupManagement] INFO  server.RaftServerConfigKeys (ConfUtils.java:logGet(46)) - raft.server.log.segment.size.max = 67108864 (custom)
2024-02-26 09:18:31,144 [87e9945c-a125-4404-bbe2-61a5a4b10cf4-groupManagement] INFO  server.RaftServerConfigKeys (ConfUtils.java:logGet(46)) - raft.server.log.preallocated.size = 4194304 (custom)
2024-02-26 09:18:31,144 [87e9945c-a125-4404-bbe2-61a5a4b10cf4-groupManagement] INFO  server.RaftServerConfigKeys (ConfUtils.java:logGet(46)) - raft.server.log.force.sync.num = 128 (default)
2024-02-26 09:18:31,144 [87e9945c-a125-4404-bbe2-61a5a4b10cf4-groupManagement] INFO  server.RaftServerConfigKeys (ConfUtils.java:logGet(46)) - raft.server.log.statemachine.data.sync = true (default)
2024-02-26 09:18:31,144 [87e9945c-a125-4404-bbe2-61a5a4b10cf4-groupManagement] INFO  server.RaftServerConfigKeys (ConfUtils.java:logGet(46)) - raft.server.log.statemachine.data.sync.timeout = 10s (default)
2024-02-26 09:18:31,144 [87e9945c-a125-4404-bbe2-61a5a4b10cf4-groupManagement] INFO  server.RaftServerConfigKeys (ConfUtils.java:logGet(46)) - raft.server.log.statemachine.data.sync.timeout.retry = 0 (custom)
2024-02-26 09:18:31,145 [87e9945c-a125-4404-bbe2-61a5a4b10cf4-groupManagement] INFO  server.RaftServerConfigKeys (ConfUtils.java:logGet(46)) - raft.server.log.write.buffer.size = 8388616 (custom)
2024-02-26 09:18:31,147 [87e9945c-a125-4404-bbe2-61a5a4b10cf4-groupManagement] INFO  server.RaftServerConfigKeys (ConfUtils.java:logGet(46)) - raft.server.log.appender.buffer.byte-limit = 8388608 (custom)
2024-02-26 09:18:31,151 [87e9945c-a125-4404-bbe2-61a5a4b10cf4-groupManagement] INFO  server.RaftServerConfigKeys (ConfUtils.java:logGet(46)) - raft.server.log.unsafe-flush.enabled = false (default)
2024-02-26 09:18:31,151 [87e9945c-a125-4404-bbe2-61a5a4b10cf4-groupManagement] INFO  server.RaftServerConfigKeys (ConfUtils.java:logGet(46)) - raft.server.log.async-flush.enabled = false (default)
2024-02-26 09:18:31,151 [87e9945c-a125-4404-bbe2-61a5a4b10cf4-groupManagement] INFO  server.RaftServerConfigKeys (ConfUtils.java:logGet(46)) - raft.server.log.statemachine.data.caching.enabled = true (custom)
2024-02-26 09:18:31,151 [87e9945c-a125-4404-bbe2-61a5a4b10cf4-groupManagement] INFO  segmented.SegmentedRaftLogWorker (SegmentedRaftLogWorker.java:lambda$new$0(134)) - 87e9945c-a125-4404-bbe2-61a5a4b10cf4@group-842F6E5EEF7F-SegmentedRaftLogWorker: flushIndex: setUnconditionally 0 -> -1
2024-02-26 09:18:31,151 [87e9945c-a125-4404-bbe2-61a5a4b10cf4-groupManagement] INFO  segmented.SegmentedRaftLogWorker (SegmentedRaftLogWorker.java:lambda$new$0(134)) - 87e9945c-a125-4404-bbe2-61a5a4b10cf4@group-842F6E5EEF7F-SegmentedRaftLogWorker: safeCacheEvictIndex: setUnconditionally 0 -> -1
2024-02-26 09:18:31,163 [aa7921d1-8be5-430c-af0e-7b09d4ba500e-PipelineCommandHandlerThread-0] INFO  ratis.XceiverServerRatis (XceiverServerRatis.java:addGroup(864)) - Created group PipelineID=51f7e269-e0bb-4d92-b32b-99153d2f9da5
2024-02-26 09:18:31,163 [aa7921d1-8be5-430c-af0e-7b09d4ba500e-PipelineCommandHandlerThread-0] INFO  commandhandler.CreatePipelineCommandHandler (CreatePipelineCommandHandler.java:lambda$handle$2(124)) - Created Pipeline RATIS ONE PipelineID=51f7e269-e0bb-4d92-b32b-99153d2f9da5.
2024-02-26 09:18:31,163 [aa7921d1-8be5-430c-af0e-7b09d4ba500e-PipelineCommandHandlerThread-0] INFO  server.RaftServer (RaftServerProxy.java:addNew(100)) - aa7921d1-8be5-430c-af0e-7b09d4ba500e: addNew group-B7258A4D66EE:[87e9945c-a125-4404-bbe2-61a5a4b10cf4|10.1.0.30:15086, b254f787-4ade-443a-8cd7-22935f345023|10.1.0.30:15068, aa7921d1-8be5-430c-af0e-7b09d4ba500e|10.1.0.30:15077] returns group-B7258A4D66EE:java.util.concurrent.CompletableFuture@228cdfc4[Not completed]
2024-02-26 09:18:31,164 [EventQueue-PipelineReportForPipelineReportHandler] INFO  pipeline.PipelineReportHandler (PipelineReportHandler.java:processPipelineReport(136)) - Opened pipeline PipelineID=f21dd219-1219-404f-836e-842f6e5eef7f
2024-02-26 09:18:31,164 [aa7921d1-8be5-430c-af0e-7b09d4ba500e-groupManagement] INFO  server.RaftServer$Division (RaftServerImpl.java:<init>(256)) - aa7921d1-8be5-430c-af0e-7b09d4ba500e: new RaftServerImpl for group-B7258A4D66EE:[87e9945c-a125-4404-bbe2-61a5a4b10cf4|10.1.0.30:15086, b254f787-4ade-443a-8cd7-22935f345023|10.1.0.30:15068, aa7921d1-8be5-430c-af0e-7b09d4ba500e|10.1.0.30:15077] with ContainerStateMachine:uninitialized
2024-02-26 09:18:31,164 [EventQueue-OpenPipelineForHealthyPipelineSafeModeRule] INFO  safemode.SCMSafeModeManager (HealthyPipelineSafeModeRule.java:process(140)) - SCM in safe mode. Healthy pipelines reported count is 0, required healthy pipeline reported count is 1
2024-02-26 09:18:31,164 [aa7921d1-8be5-430c-af0e-7b09d4ba500e-groupManagement] INFO  server.RaftServerConfigKeys (ConfUtils.java:logGet(46)) - raft.server.rpc.timeout.min = 5s (custom)
2024-02-26 09:18:31,164 [aa7921d1-8be5-430c-af0e-7b09d4ba500e-groupManagement] INFO  server.RaftServerConfigKeys (ConfUtils.java:logGet(46)) - raft.server.rpc.timeout.max = 5200ms (custom)
2024-02-26 09:18:31,165 [aa7921d1-8be5-430c-af0e-7b09d4ba500e-groupManagement] INFO  server.RaftServerConfigKeys (ConfUtils.java:logGet(46)) - raft.server.rpc.sleep.time = 25ms (default)
2024-02-26 09:18:31,165 [aa7921d1-8be5-430c-af0e-7b09d4ba500e-groupManagement] INFO  server.RaftServerConfigKeys (ConfUtils.java:logGet(46)) - raft.server.rpc.slowness.timeout = 300s (custom)
2024-02-26 09:18:31,165 [aa7921d1-8be5-430c-af0e-7b09d4ba500e-groupManagement] INFO  server.RaftServerConfigKeys (ConfUtils.java:logGet(46)) - raft.server.leaderelection.leader.step-down.wait-time = 10s (default)
2024-02-26 09:18:31,165 [aa7921d1-8be5-430c-af0e-7b09d4ba500e-groupManagement] INFO  server.RaftServerConfigKeys (ConfUtils.java:logGet(46)) - raft.server.leaderelection.member.majority-add = false (default)
2024-02-26 09:18:31,165 [aa7921d1-8be5-430c-af0e-7b09d4ba500e-groupManagement] INFO  server.RaftServerConfigKeys (ConfUtils.java:logGet(46)) - raft.server.sleep.deviation.threshold = 300ms (default)
2024-02-26 09:18:31,165 [aa7921d1-8be5-430c-af0e-7b09d4ba500e-groupManagement] INFO  server.RaftServer$Division (ServerState.java:<init>(113)) - aa7921d1-8be5-430c-af0e-7b09d4ba500e@group-B7258A4D66EE: ConfigurationManager, init=-1: peers:[87e9945c-a125-4404-bbe2-61a5a4b10cf4|10.1.0.30:15086, b254f787-4ade-443a-8cd7-22935f345023|10.1.0.30:15068, aa7921d1-8be5-430c-af0e-7b09d4ba500e|10.1.0.30:15077]|listeners:[], old=null, confs=<EMPTY_MAP>
2024-02-26 09:18:31,165 [aa7921d1-8be5-430c-af0e-7b09d4ba500e-groupManagement] INFO  server.RaftServerConfigKeys (ConfUtils.java:logGet(46)) - raft.server.notification.no-leader.timeout = 300s (custom)
2024-02-26 09:18:31,165 [aa7921d1-8be5-430c-af0e-7b09d4ba500e-groupManagement] INFO  server.RaftServerConfigKeys (ConfUtils.java:logGet(46)) - raft.server.read.timeout = 10s (default)
2024-02-26 09:18:31,165 [aa7921d1-8be5-430c-af0e-7b09d4ba500e-groupManagement] INFO  server.RaftServerConfigKeys (ConfUtils.java:logGet(46)) - raft.server.retrycache.expirytime = 600000ms (custom)
2024-02-26 09:18:31,165 [aa7921d1-8be5-430c-af0e-7b09d4ba500e-groupManagement] INFO  server.RaftServerConfigKeys (ConfUtils.java:logGet(46)) - raft.server.retrycache.statistics.expirytime = 100ms (default)
2024-02-26 09:18:31,165 [aa7921d1-8be5-430c-af0e-7b09d4ba500e-groupManagement] INFO  server.RaftServerConfigKeys (ConfUtils.java:logGet(46)) - raft.server.read.option = DEFAULT (default)
2024-02-26 09:18:31,165 [aa7921d1-8be5-430c-af0e-7b09d4ba500e-groupManagement] INFO  server.RaftServerConfigKeys (ConfUtils.java:logGet(46)) - raft.server.read.read-after-write-consistent.write-index-cache.expiry-time = 60s (default)
2024-02-26 09:18:31,172 [4e76a5f4-598e-407f-bd79-992a553d1db1-PipelineCommandHandlerThread-0] INFO  server.RaftServer (RaftServerProxy.java:addNew(100)) - 4e76a5f4-598e-407f-bd79-992a553d1db1: addNew group-5E64E6F45F8E:[4e76a5f4-598e-407f-bd79-992a553d1db1|10.1.0.30:15095] returns group-5E64E6F45F8E:java.util.concurrent.CompletableFuture@23549a35[Not completed]
2024-02-26 09:18:31,185 [87e9945c-a125-4404-bbe2-61a5a4b10cf4-groupManagement] INFO  server.RaftServer$Division (RaftServerImpl.java:start(396)) - 87e9945c-a125-4404-bbe2-61a5a4b10cf4@group-842F6E5EEF7F: start as a follower, conf=-1: peers:[87e9945c-a125-4404-bbe2-61a5a4b10cf4|10.1.0.30:15086]|listeners:[], old=null
2024-02-26 09:18:31,185 [87e9945c-a125-4404-bbe2-61a5a4b10cf4-groupManagement] INFO  server.RaftServer$Division (RaftServerImpl.java:setRole(383)) - 87e9945c-a125-4404-bbe2-61a5a4b10cf4@group-842F6E5EEF7F: changes role from      null to FOLLOWER at term 0 for startAsFollower
2024-02-26 09:18:31,186 [87e9945c-a125-4404-bbe2-61a5a4b10cf4-groupManagement] INFO  impl.RoleInfo (RoleInfo.java:updateAndGet(139)) - 87e9945c-a125-4404-bbe2-61a5a4b10cf4: start 87e9945c-a125-4404-bbe2-61a5a4b10cf4@group-842F6E5EEF7F-FollowerState
2024-02-26 09:18:31,187 [4e76a5f4-598e-407f-bd79-992a553d1db1-groupManagement] INFO  server.RaftServer$Division (RaftServerImpl.java:<init>(256)) - 4e76a5f4-598e-407f-bd79-992a553d1db1: new RaftServerImpl for group-5E64E6F45F8E:[4e76a5f4-598e-407f-bd79-992a553d1db1|10.1.0.30:15095] with ContainerStateMachine:uninitialized
2024-02-26 09:18:31,187 [4e76a5f4-598e-407f-bd79-992a553d1db1-groupManagement] INFO  server.RaftServerConfigKeys (ConfUtils.java:logGet(46)) - raft.server.rpc.timeout.min = 5s (custom)
2024-02-26 09:18:31,187 [4e76a5f4-598e-407f-bd79-992a553d1db1-groupManagement] INFO  server.RaftServerConfigKeys (ConfUtils.java:logGet(46)) - raft.server.rpc.timeout.max = 5200ms (custom)
2024-02-26 09:18:31,187 [4e76a5f4-598e-407f-bd79-992a553d1db1-groupManagement] INFO  server.RaftServerConfigKeys (ConfUtils.java:logGet(46)) - raft.server.rpc.sleep.time = 25ms (default)
2024-02-26 09:18:31,187 [4e76a5f4-598e-407f-bd79-992a553d1db1-groupManagement] INFO  server.RaftServerConfigKeys (ConfUtils.java:logGet(46)) - raft.server.rpc.slowness.timeout = 300s (custom)
2024-02-26 09:18:31,187 [4e76a5f4-598e-407f-bd79-992a553d1db1-groupManagement] INFO  server.RaftServerConfigKeys (ConfUtils.java:logGet(46)) - raft.server.leaderelection.leader.step-down.wait-time = 10s (default)
2024-02-26 09:18:31,187 [4e76a5f4-598e-407f-bd79-992a553d1db1-groupManagement] INFO  server.RaftServerConfigKeys (ConfUtils.java:logGet(46)) - raft.server.leaderelection.member.majority-add = false (default)
2024-02-26 09:18:31,187 [4e76a5f4-598e-407f-bd79-992a553d1db1-groupManagement] INFO  server.RaftServerConfigKeys (ConfUtils.java:logGet(46)) - raft.server.sleep.deviation.threshold = 300ms (default)
2024-02-26 09:18:31,187 [4e76a5f4-598e-407f-bd79-992a553d1db1-groupManagement] INFO  server.RaftServer$Division (ServerState.java:<init>(113)) - 4e76a5f4-598e-407f-bd79-992a553d1db1@group-5E64E6F45F8E: ConfigurationManager, init=-1: peers:[4e76a5f4-598e-407f-bd79-992a553d1db1|10.1.0.30:15095]|listeners:[], old=null, confs=<EMPTY_MAP>
2024-02-26 09:18:31,187 [4e76a5f4-598e-407f-bd79-992a553d1db1-groupManagement] INFO  server.RaftServerConfigKeys (ConfUtils.java:logGet(46)) - raft.server.notification.no-leader.timeout = 300s (custom)
2024-02-26 09:18:31,187 [4e76a5f4-598e-407f-bd79-992a553d1db1-groupManagement] INFO  server.RaftServerConfigKeys (ConfUtils.java:logGet(46)) - raft.server.read.timeout = 10s (default)
2024-02-26 09:18:31,187 [4e76a5f4-598e-407f-bd79-992a553d1db1-groupManagement] INFO  server.RaftServerConfigKeys (ConfUtils.java:logGet(46)) - raft.server.retrycache.expirytime = 600000ms (custom)
2024-02-26 09:18:31,187 [4e76a5f4-598e-407f-bd79-992a553d1db1-groupManagement] INFO  server.RaftServerConfigKeys (ConfUtils.java:logGet(46)) - raft.server.retrycache.statistics.expirytime = 100ms (default)
2024-02-26 09:18:31,188 [4e76a5f4-598e-407f-bd79-992a553d1db1-groupManagement] INFO  server.RaftServerConfigKeys (ConfUtils.java:logGet(46)) - raft.server.read.option = DEFAULT (default)
2024-02-26 09:18:31,188 [4e76a5f4-598e-407f-bd79-992a553d1db1-groupManagement] INFO  server.RaftServerConfigKeys (ConfUtils.java:logGet(46)) - raft.server.read.read-after-write-consistent.write-index-cache.expiry-time = 60s (default)
2024-02-26 09:18:31,188 [87e9945c-a125-4404-bbe2-61a5a4b10cf4-groupManagement] INFO  util.JmxRegister (JmxRegister.java:tryRegister(44)) - Successfully registered JMX Bean with object name Ratis:service=RaftServer,group=group-842F6E5EEF7F,id=87e9945c-a125-4404-bbe2-61a5a4b10cf4
2024-02-26 09:18:31,189 [87e9945c-a125-4404-bbe2-61a5a4b10cf4-groupManagement] INFO  server.RaftServerConfigKeys (ConfUtils.java:logGet(46)) - raft.server.snapshot.trigger-when-stop.enabled = true (default)
2024-02-26 09:18:31,189 [87e9945c-a125-4404-bbe2-61a5a4b10cf4-groupManagement] INFO  server.RaftServerConfigKeys (ConfUtils.java:logGet(46)) - raft.server.snapshot.auto.trigger.enabled = true (custom)
2024-02-26 09:18:31,189 [87e9945c-a125-4404-bbe2-61a5a4b10cf4-groupManagement] INFO  server.RaftServerConfigKeys (ConfUtils.java:logGet(46)) - raft.server.snapshot.auto.trigger.threshold = 10000 (custom)
2024-02-26 09:18:31,190 [87e9945c-a125-4404-bbe2-61a5a4b10cf4-groupManagement] INFO  server.RaftServerConfigKeys (ConfUtils.java:logGet(46)) - raft.server.snapshot.retention.file.num = 5 (custom)
2024-02-26 09:18:31,190 [87e9945c-a125-4404-bbe2-61a5a4b10cf4-groupManagement] INFO  server.RaftServerConfigKeys (ConfUtils.java:logGet(46)) - raft.server.log.purge.upto.snapshot.index = false (default)
2024-02-26 09:18:31,204 [87e9945c-a125-4404-bbe2-61a5a4b10cf4@group-842F6E5EEF7F-FollowerState] INFO  server.RaftServerConfigKeys (ConfUtils.java:logFallback(53)) - raft.server.rpc.first-election.timeout.min = 5s (fallback to raft.server.rpc.timeout.min)
2024-02-26 09:18:31,205 [87e9945c-a125-4404-bbe2-61a5a4b10cf4@group-842F6E5EEF7F-FollowerState] INFO  server.RaftServerConfigKeys (ConfUtils.java:logFallback(53)) - raft.server.rpc.first-election.timeout.max = 5200ms (fallback to raft.server.rpc.timeout.max)
2024-02-26 09:18:31,205 [62c7a6b6-874c-46f0-a24f-66d1ecaaa81b-PipelineCommandHandlerThread-0] INFO  commandhandler.CreatePipelineCommandHandler (CreatePipelineCommandHandler.java:lambda$handle$2(124)) - Created Pipeline RATIS THREE PipelineID=15140eea-1538-47da-817a-e406f7d03047.
2024-02-26 09:18:31,215 [4e76a5f4-598e-407f-bd79-992a553d1db1-groupManagement] INFO  server.RaftServerConfigKeys (ConfUtils.java:logGet(46)) - raft.server.rpc.request.timeout = 60s (custom)
2024-02-26 09:18:31,216 [4e76a5f4-598e-407f-bd79-992a553d1db1-groupManagement] INFO  server.RaftServerConfigKeys (ConfUtils.java:logGet(46)) - raft.server.log.appender.install.snapshot.enabled = false (custom)
2024-02-26 09:18:31,216 [4e76a5f4-598e-407f-bd79-992a553d1db1-groupManagement] INFO  server.RaftServerConfigKeys (ConfUtils.java:logGet(46)) - raft.server.threadpool.server.cached = true (default)
2024-02-26 09:18:31,216 [4e76a5f4-598e-407f-bd79-992a553d1db1-groupManagement] INFO  server.RaftServerConfigKeys (ConfUtils.java:logGet(46)) - raft.server.threadpool.server.size = 0 (default)
2024-02-26 09:18:31,216 [4e76a5f4-598e-407f-bd79-992a553d1db1-groupManagement] INFO  server.RaftServerConfigKeys (ConfUtils.java:logGet(46)) - raft.server.threadpool.client.cached = true (default)
2024-02-26 09:18:31,216 [4e76a5f4-598e-407f-bd79-992a553d1db1-groupManagement] INFO  server.RaftServerConfigKeys (ConfUtils.java:logGet(46)) - raft.server.threadpool.client.size = 0 (default)
2024-02-26 09:18:31,216 [4e76a5f4-598e-407f-bd79-992a553d1db1-groupManagement] INFO  server.RaftServerConfigKeys (ConfUtils.java:logGet(46)) - raft.server.storage.free-space.min = 0MB (=0) (default)
2024-02-26 09:18:31,216 [4e76a5f4-598e-407f-bd79-992a553d1db1-groupManagement] INFO  server.RaftServerConfigKeys (ConfUtils.java:logGet(46)) - raft.server.log.corruption.policy = EXCEPTION (default)
2024-02-26 09:18:31,216 [4e76a5f4-598e-407f-bd79-992a553d1db1-groupManagement] INFO  server.RaftServerConfigKeys (ConfUtils.java:logGet(46)) - raft.server.storage.dir = [/home/runner/work/ozone/ozone/hadoop-ozone/integration-test/target/test-dir/MiniOzoneClusterImpl-0d79f430-b8c0-477e-97b7-98e50d733022/ozone-meta/datanode-10/ratis] (custom)
2024-02-26 09:18:31,216 [aa7921d1-8be5-430c-af0e-7b09d4ba500e-groupManagement] INFO  server.RaftServerConfigKeys (ConfUtils.java:logGet(46)) - raft.server.rpc.request.timeout = 60s (custom)
2024-02-26 09:18:31,216 [aa7921d1-8be5-430c-af0e-7b09d4ba500e-groupManagement] INFO  server.RaftServerConfigKeys (ConfUtils.java:logGet(46)) - raft.server.log.appender.install.snapshot.enabled = false (custom)
2024-02-26 09:18:31,216 [4e76a5f4-598e-407f-bd79-992a553d1db1-groupManagement] INFO  storage.RaftStorageDirectory (RaftStorageDirectoryImpl.java:analyzeStorage(138)) - The storage directory /home/runner/work/ozone/ozone/hadoop-ozone/integration-test/target/test-dir/MiniOzoneClusterImpl-0d79f430-b8c0-477e-97b7-98e50d733022/ozone-meta/datanode-10/ratis/38c62752-2143-4318-bb0c-5e64e6f45f8e does not exist. Creating ...
2024-02-26 09:18:31,216 [aa7921d1-8be5-430c-af0e-7b09d4ba500e-groupManagement] INFO  server.RaftServerConfigKeys (ConfUtils.java:logGet(46)) - raft.server.threadpool.server.cached = true (default)
2024-02-26 09:18:31,218 [aa7921d1-8be5-430c-af0e-7b09d4ba500e-groupManagement] INFO  server.RaftServerConfigKeys (ConfUtils.java:logGet(46)) - raft.server.threadpool.server.size = 0 (default)
2024-02-26 09:18:31,218 [aa7921d1-8be5-430c-af0e-7b09d4ba500e-groupManagement] INFO  server.RaftServerConfigKeys (ConfUtils.java:logGet(46)) - raft.server.threadpool.client.cached = true (default)
2024-02-26 09:18:31,218 [aa7921d1-8be5-430c-af0e-7b09d4ba500e-groupManagement] INFO  server.RaftServerConfigKeys (ConfUtils.java:logGet(46)) - raft.server.threadpool.client.size = 0 (default)
2024-02-26 09:18:31,218 [aa7921d1-8be5-430c-af0e-7b09d4ba500e-groupManagement] INFO  server.RaftServerConfigKeys (ConfUtils.java:logGet(46)) - raft.server.storage.free-space.min = 0MB (=0) (default)
2024-02-26 09:18:31,218 [aa7921d1-8be5-430c-af0e-7b09d4ba500e-groupManagement] INFO  server.RaftServerConfigKeys (ConfUtils.java:logGet(46)) - raft.server.log.corruption.policy = EXCEPTION (default)
2024-02-26 09:18:31,218 [aa7921d1-8be5-430c-af0e-7b09d4ba500e-groupManagement] INFO  server.RaftServerConfigKeys (ConfUtils.java:logGet(46)) - raft.server.storage.dir = [/home/runner/work/ozone/ozone/hadoop-ozone/integration-test/target/test-dir/MiniOzoneClusterImpl-0d79f430-b8c0-477e-97b7-98e50d733022/ozone-meta/datanode-8/ratis] (custom)
2024-02-26 09:18:31,218 [87e9945c-a125-4404-bbe2-61a5a4b10cf4-PipelineCommandHandlerThread-0] INFO  ratis.XceiverServerRatis (XceiverServerRatis.java:addGroup(864)) - Created group PipelineID=f21dd219-1219-404f-836e-842f6e5eef7f
2024-02-26 09:18:31,219 [87e9945c-a125-4404-bbe2-61a5a4b10cf4-PipelineCommandHandlerThread-0] INFO  commandhandler.CreatePipelineCommandHandler (CreatePipelineCommandHandler.java:lambda$handle$2(124)) - Created Pipeline RATIS ONE PipelineID=f21dd219-1219-404f-836e-842f6e5eef7f.
2024-02-26 09:18:31,219 [4e76a5f4-598e-407f-bd79-992a553d1db1-groupManagement] INFO  storage.RaftStorageDirectory (RaftStorageDirectoryImpl.java:tryLock(228)) - Lock on /home/runner/work/ozone/ozone/hadoop-ozone/integration-test/target/test-dir/MiniOzoneClusterImpl-0d79f430-b8c0-477e-97b7-98e50d733022/ozone-meta/datanode-10/ratis/38c62752-2143-4318-bb0c-5e64e6f45f8e/in_use.lock acquired by nodename 86312@fv-az1109-796
2024-02-26 09:18:31,219 [87e9945c-a125-4404-bbe2-61a5a4b10cf4-PipelineCommandHandlerThread-0] INFO  server.RaftServer (RaftServerProxy.java:addNew(100)) - 87e9945c-a125-4404-bbe2-61a5a4b10cf4: addNew group-B7258A4D66EE:[87e9945c-a125-4404-bbe2-61a5a4b10cf4|10.1.0.30:15086, b254f787-4ade-443a-8cd7-22935f345023|10.1.0.30:15068, aa7921d1-8be5-430c-af0e-7b09d4ba500e|10.1.0.30:15077] returns group-B7258A4D66EE:java.util.concurrent.CompletableFuture@76920b6b[Not completed]
2024-02-26 09:18:31,219 [aa7921d1-8be5-430c-af0e-7b09d4ba500e-groupManagement] INFO  storage.RaftStorageDirectory (RaftStorageDirectoryImpl.java:analyzeStorage(138)) - The storage directory /home/runner/work/ozone/ozone/hadoop-ozone/integration-test/target/test-dir/MiniOzoneClusterImpl-0d79f430-b8c0-477e-97b7-98e50d733022/ozone-meta/datanode-8/ratis/b84c48df-f653-405d-a6f4-b7258a4d66ee does not exist. Creating ...
2024-02-26 09:18:31,220 [87e9945c-a125-4404-bbe2-61a5a4b10cf4-groupManagement] INFO  server.RaftServer$Division (RaftServerImpl.java:<init>(256)) - 87e9945c-a125-4404-bbe2-61a5a4b10cf4: new RaftServerImpl for group-B7258A4D66EE:[87e9945c-a125-4404-bbe2-61a5a4b10cf4|10.1.0.30:15086, b254f787-4ade-443a-8cd7-22935f345023|10.1.0.30:15068, aa7921d1-8be5-430c-af0e-7b09d4ba500e|10.1.0.30:15077] with ContainerStateMachine:uninitialized
2024-02-26 09:18:31,220 [87e9945c-a125-4404-bbe2-61a5a4b10cf4-groupManagement] INFO  server.RaftServerConfigKeys (ConfUtils.java:logGet(46)) - raft.server.rpc.timeout.min = 5s (custom)
2024-02-26 09:18:31,220 [87e9945c-a125-4404-bbe2-61a5a4b10cf4-groupManagement] INFO  server.RaftServerConfigKeys (ConfUtils.java:logGet(46)) - raft.server.rpc.timeout.max = 5200ms (custom)
2024-02-26 09:18:31,220 [87e9945c-a125-4404-bbe2-61a5a4b10cf4-groupManagement] INFO  server.RaftServerConfigKeys (ConfUtils.java:logGet(46)) - raft.server.rpc.sleep.time = 25ms (default)
2024-02-26 09:18:31,220 [87e9945c-a125-4404-bbe2-61a5a4b10cf4-groupManagement] INFO  server.RaftServerConfigKeys (ConfUtils.java:logGet(46)) - raft.server.rpc.slowness.timeout = 300s (custom)
2024-02-26 09:18:31,220 [87e9945c-a125-4404-bbe2-61a5a4b10cf4-groupManagement] INFO  server.RaftServerConfigKeys (ConfUtils.java:logGet(46)) - raft.server.leaderelection.leader.step-down.wait-time = 10s (default)
2024-02-26 09:18:31,221 [87e9945c-a125-4404-bbe2-61a5a4b10cf4-groupManagement] INFO  server.RaftServerConfigKeys (ConfUtils.java:logGet(46)) - raft.server.leaderelection.member.majority-add = false (default)
2024-02-26 09:18:31,221 [87e9945c-a125-4404-bbe2-61a5a4b10cf4-groupManagement] INFO  server.RaftServerConfigKeys (ConfUtils.java:logGet(46)) - raft.server.sleep.deviation.threshold = 300ms (default)
2024-02-26 09:18:31,221 [87e9945c-a125-4404-bbe2-61a5a4b10cf4-groupManagement] INFO  server.RaftServer$Division (ServerState.java:<init>(113)) - 87e9945c-a125-4404-bbe2-61a5a4b10cf4@group-B7258A4D66EE: ConfigurationManager, init=-1: peers:[87e9945c-a125-4404-bbe2-61a5a4b10cf4|10.1.0.30:15086, b254f787-4ade-443a-8cd7-22935f345023|10.1.0.30:15068, aa7921d1-8be5-430c-af0e-7b09d4ba500e|10.1.0.30:15077]|listeners:[], old=null, confs=<EMPTY_MAP>
2024-02-26 09:18:31,221 [aa7921d1-8be5-430c-af0e-7b09d4ba500e-groupManagement] INFO  storage.RaftStorageDirectory (RaftStorageDirectoryImpl.java:tryLock(228)) - Lock on /home/runner/work/ozone/ozone/hadoop-ozone/integration-test/target/test-dir/MiniOzoneClusterImpl-0d79f430-b8c0-477e-97b7-98e50d733022/ozone-meta/datanode-8/ratis/b84c48df-f653-405d-a6f4-b7258a4d66ee/in_use.lock acquired by nodename 86312@fv-az1109-796
2024-02-26 09:18:31,221 [87e9945c-a125-4404-bbe2-61a5a4b10cf4-groupManagement] INFO  server.RaftServerConfigKeys (ConfUtils.java:logGet(46)) - raft.server.notification.no-leader.timeout = 300s (custom)
2024-02-26 09:18:31,222 [87e9945c-a125-4404-bbe2-61a5a4b10cf4-groupManagement] INFO  server.RaftServerConfigKeys (ConfUtils.java:logGet(46)) - raft.server.read.timeout = 10s (default)
2024-02-26 09:18:31,222 [87e9945c-a125-4404-bbe2-61a5a4b10cf4-groupManagement] INFO  server.RaftServerConfigKeys (ConfUtils.java:logGet(46)) - raft.server.retrycache.expirytime = 600000ms (custom)
2024-02-26 09:18:31,222 [87e9945c-a125-4404-bbe2-61a5a4b10cf4-groupManagement] INFO  server.RaftServerConfigKeys (ConfUtils.java:logGet(46)) - raft.server.retrycache.statistics.expirytime = 100ms (default)
2024-02-26 09:18:31,221 [4e76a5f4-598e-407f-bd79-992a553d1db1-groupManagement] INFO  storage.RaftStorage (RaftStorageImpl.java:format(99)) - Storage directory /home/runner/work/ozone/ozone/hadoop-ozone/integration-test/target/test-dir/MiniOzoneClusterImpl-0d79f430-b8c0-477e-97b7-98e50d733022/ozone-meta/datanode-10/ratis/38c62752-2143-4318-bb0c-5e64e6f45f8e has been successfully formatted.
2024-02-26 09:18:31,222 [87e9945c-a125-4404-bbe2-61a5a4b10cf4-groupManagement] INFO  server.RaftServerConfigKeys (ConfUtils.java:logGet(46)) - raft.server.read.option = DEFAULT (default)
2024-02-26 09:18:31,222 [87e9945c-a125-4404-bbe2-61a5a4b10cf4-groupManagement] INFO  server.RaftServerConfigKeys (ConfUtils.java:logGet(46)) - raft.server.read.read-after-write-consistent.write-index-cache.expiry-time = 60s (default)
2024-02-26 09:18:31,222 [aa7921d1-8be5-430c-af0e-7b09d4ba500e-groupManagement] INFO  storage.RaftStorage (RaftStorageImpl.java:format(99)) - Storage directory /home/runner/work/ozone/ozone/hadoop-ozone/integration-test/target/test-dir/MiniOzoneClusterImpl-0d79f430-b8c0-477e-97b7-98e50d733022/ozone-meta/datanode-8/ratis/b84c48df-f653-405d-a6f4-b7258a4d66ee has been successfully formatted.
2024-02-26 09:18:31,222 [aa7921d1-8be5-430c-af0e-7b09d4ba500e-groupManagement] WARN  util.FileUtils (LogUtils.java:supplyAndLog(63)) - Failed to Files.newInputStream /home/runner/work/ozone/ozone/hadoop-ozone/integration-test/target/test-dir/MiniOzoneClusterImpl-0d79f430-b8c0-477e-97b7-98e50d733022/ozone-meta/datanode-8/ratis/b84c48df-f653-405d-a6f4-b7258a4d66ee/current/raft-meta.conf with options []: java.nio.file.NoSuchFileException: /home/runner/work/ozone/ozone/hadoop-ozone/integration-test/target/test-dir/MiniOzoneClusterImpl-0d79f430-b8c0-477e-97b7-98e50d733022/ozone-meta/datanode-8/ratis/b84c48df-f653-405d-a6f4-b7258a4d66ee/current/raft-meta.conf
2024-02-26 09:18:31,224 [aa7921d1-8be5-430c-af0e-7b09d4ba500e-groupManagement] INFO  ratis.ContainerStateMachine (ContainerStateMachine.java:loadSnapshot(287)) - group-B7258A4D66EE: The snapshot info is null. Setting the last applied index to:(t:0, i:~)
2024-02-26 09:18:31,224 [aa7921d1-8be5-430c-af0e-7b09d4ba500e-groupManagement] INFO  server.RaftServerConfigKeys (ConfUtils.java:logGet(46)) - raft.server.log.use.memory = false (default)
2024-02-26 09:18:31,224 [aa7921d1-8be5-430c-af0e-7b09d4ba500e-groupManagement] INFO  server.RaftServerConfigKeys (ConfUtils.java:logGet(46)) - raft.server.log.purge.gap = 1000000 (custom)
2024-02-26 09:18:31,224 [aa7921d1-8be5-430c-af0e-7b09d4ba500e-groupManagement] INFO  server.RaftServerConfigKeys (ConfUtils.java:logGet(46)) - raft.server.log.appender.buffer.byte-limit = 8388608 (custom)
2024-02-26 09:18:31,224 [aa7921d1-8be5-430c-af0e-7b09d4ba500e-groupManagement] INFO  server.RaftServerConfigKeys (ConfUtils.java:logGet(46)) - raft.server.log.statemachine.data.read.timeout = 1000ms (default)
2024-02-26 09:18:31,224 [aa7921d1-8be5-430c-af0e-7b09d4ba500e-groupManagement] INFO  server.RaftServerConfigKeys (ConfUtils.java:logGet(46)) - raft.server.log.purge.preservation.log.num = 0 (default)
2024-02-26 09:18:31,222 [4e76a5f4-598e-407f-bd79-992a553d1db1-groupManagement] WARN  util.FileUtils (LogUtils.java:supplyAndLog(63)) - Failed to Files.newInputStream /home/runner/work/ozone/ozone/hadoop-ozone/integration-test/target/test-dir/MiniOzoneClusterImpl-0d79f430-b8c0-477e-97b7-98e50d733022/ozone-meta/datanode-10/ratis/38c62752-2143-4318-bb0c-5e64e6f45f8e/current/raft-meta.conf with options []: java.nio.file.NoSuchFileException: /home/runner/work/ozone/ozone/hadoop-ozone/integration-test/target/test-dir/MiniOzoneClusterImpl-0d79f430-b8c0-477e-97b7-98e50d733022/ozone-meta/datanode-10/ratis/38c62752-2143-4318-bb0c-5e64e6f45f8e/current/raft-meta.conf
2024-02-26 09:18:31,225 [EventQueue-OpenPipelineForHealthyPipelineSafeModeRule] INFO  safemode.SCMSafeModeManager (HealthyPipelineSafeModeRule.java:process(140)) - SCM in safe mode. Healthy pipelines reported count is 0, required healthy pipeline reported count is 1
2024-02-26 09:18:31,228 [bca0bda6-c24b-45de-ae86-b5c7c2d890ab-PipelineCommandHandlerThread-0] INFO  commandhandler.CreatePipelineCommandHandler (CreatePipelineCommandHandler.java:lambda$handle$2(124)) - Created Pipeline RATIS THREE PipelineID=15140eea-1538-47da-817a-e406f7d03047.
2024-02-26 09:18:31,229 [4e76a5f4-598e-407f-bd79-992a553d1db1-groupManagement] INFO  ratis.ContainerStateMachine (ContainerStateMachine.java:loadSnapshot(287)) - group-5E64E6F45F8E: The snapshot info is null. Setting the last applied index to:(t:0, i:~)
2024-02-26 09:18:31,229 [4e76a5f4-598e-407f-bd79-992a553d1db1-groupManagement] INFO  server.RaftServerConfigKeys (ConfUtils.java:logGet(46)) - raft.server.log.use.memory = false (default)
2024-02-26 09:18:31,230 [4e76a5f4-598e-407f-bd79-992a553d1db1-groupManagement] INFO  server.RaftServerConfigKeys (ConfUtils.java:logGet(46)) - raft.server.log.purge.gap = 1000000 (custom)
2024-02-26 09:18:31,230 [4e76a5f4-598e-407f-bd79-992a553d1db1-groupManagement] INFO  server.RaftServerConfigKeys (ConfUtils.java:logGet(46)) - raft.server.log.appender.buffer.byte-limit = 8388608 (custom)
2024-02-26 09:18:31,230 [4e76a5f4-598e-407f-bd79-992a553d1db1-groupManagement] INFO  server.RaftServerConfigKeys (ConfUtils.java:logGet(46)) - raft.server.log.statemachine.data.read.timeout = 1000ms (default)
2024-02-26 09:18:31,230 [4e76a5f4-598e-407f-bd79-992a553d1db1-groupManagement] INFO  server.RaftServerConfigKeys (ConfUtils.java:logGet(46)) - raft.server.log.purge.preservation.log.num = 0 (default)
2024-02-26 09:18:31,232 [EventQueue-PipelineReportForPipelineReportHandler] INFO  pipeline.PipelineReportHandler (PipelineReportHandler.java:processPipelineReport(136)) - Opened pipeline PipelineID=38c62752-2143-4318-bb0c-5e64e6f45f8e
2024-02-26 09:18:31,232 [EventQueue-OpenPipelineForHealthyPipelineSafeModeRule] INFO  safemode.SCMSafeModeManager (HealthyPipelineSafeModeRule.java:process(140)) - SCM in safe mode. Healthy pipelines reported count is 0, required healthy pipeline reported count is 1
2024-02-26 09:18:31,232 [90984f07-37f5-40e1-bf66-3a8ca2321052-PipelineCommandHandlerThread-0] INFO  server.RaftServer (RaftServerProxy.java:addNew(100)) - 90984f07-37f5-40e1-bf66-3a8ca2321052: addNew group-84A835D1B97A:[90984f07-37f5-40e1-bf66-3a8ca2321052|10.1.0.30:15104] returns group-84A835D1B97A:java.util.concurrent.CompletableFuture@6224cc4c[Not completed]
2024-02-26 09:18:31,242 [90984f07-37f5-40e1-bf66-3a8ca2321052-groupManagement] INFO  server.RaftServer$Division (RaftServerImpl.java:<init>(256)) - 90984f07-37f5-40e1-bf66-3a8ca2321052: new RaftServerImpl for group-84A835D1B97A:[90984f07-37f5-40e1-bf66-3a8ca2321052|10.1.0.30:15104] with ContainerStateMachine:uninitialized
2024-02-26 09:18:31,242 [90984f07-37f5-40e1-bf66-3a8ca2321052-groupManagement] INFO  server.RaftServerConfigKeys (ConfUtils.java:logGet(46)) - raft.server.rpc.timeout.min = 5s (custom)
2024-02-26 09:18:31,242 [90984f07-37f5-40e1-bf66-3a8ca2321052-groupManagement] INFO  server.RaftServerConfigKeys (ConfUtils.java:logGet(46)) - raft.server.rpc.timeout.max = 5200ms (custom)
2024-02-26 09:18:31,242 [90984f07-37f5-40e1-bf66-3a8ca2321052-groupManagement] INFO  server.RaftServerConfigKeys (ConfUtils.java:logGet(46)) - raft.server.rpc.sleep.time = 25ms (default)
2024-02-26 09:18:31,242 [90984f07-37f5-40e1-bf66-3a8ca2321052-groupManagement] INFO  server.RaftServerConfigKeys (ConfUtils.java:logGet(46)) - raft.server.rpc.slowness.timeout = 300s (custom)
2024-02-26 09:18:31,242 [90984f07-37f5-40e1-bf66-3a8ca2321052-groupManagement] INFO  server.RaftServerConfigKeys (ConfUtils.java:logGet(46)) - raft.server.leaderelection.leader.step-down.wait-time = 10s (default)
2024-02-26 09:18:31,242 [90984f07-37f5-40e1-bf66-3a8ca2321052-groupManagement] INFO  server.RaftServerConfigKeys (ConfUtils.java:logGet(46)) - raft.server.leaderelection.member.majority-add = false (default)
2024-02-26 09:18:31,243 [90984f07-37f5-40e1-bf66-3a8ca2321052-groupManagement] INFO  server.RaftServerConfigKeys (ConfUtils.java:logGet(46)) - raft.server.sleep.deviation.threshold = 300ms (default)
2024-02-26 09:18:31,243 [90984f07-37f5-40e1-bf66-3a8ca2321052-groupManagement] INFO  server.RaftServer$Division (ServerState.java:<init>(113)) - 90984f07-37f5-40e1-bf66-3a8ca2321052@group-84A835D1B97A: ConfigurationManager, init=-1: peers:[90984f07-37f5-40e1-bf66-3a8ca2321052|10.1.0.30:15104]|listeners:[], old=null, confs=<EMPTY_MAP>
2024-02-26 09:18:31,243 [90984f07-37f5-40e1-bf66-3a8ca2321052-groupManagement] INFO  server.RaftServerConfigKeys (ConfUtils.java:logGet(46)) - raft.server.notification.no-leader.timeout = 300s (custom)
2024-02-26 09:18:31,243 [90984f07-37f5-40e1-bf66-3a8ca2321052-groupManagement] INFO  server.RaftServerConfigKeys (ConfUtils.java:logGet(46)) - raft.server.read.timeout = 10s (default)
2024-02-26 09:18:31,243 [90984f07-37f5-40e1-bf66-3a8ca2321052-groupManagement] INFO  server.RaftServerConfigKeys (ConfUtils.java:logGet(46)) - raft.server.retrycache.expirytime = 600000ms (custom)
2024-02-26 09:18:31,245 [90984f07-37f5-40e1-bf66-3a8ca2321052-groupManagement] INFO  server.RaftServerConfigKeys (ConfUtils.java:logGet(46)) - raft.server.retrycache.statistics.expirytime = 100ms (default)
2024-02-26 09:18:31,245 [90984f07-37f5-40e1-bf66-3a8ca2321052-groupManagement] INFO  server.RaftServerConfigKeys (ConfUtils.java:logGet(46)) - raft.server.read.option = DEFAULT (default)
2024-02-26 09:18:31,245 [90984f07-37f5-40e1-bf66-3a8ca2321052-groupManagement] INFO  server.RaftServerConfigKeys (ConfUtils.java:logGet(46)) - raft.server.read.read-after-write-consistent.write-index-cache.expiry-time = 60s (default)
2024-02-26 09:18:31,243 [a70c1067-2103-48d8-b21c-f7bdcf327398-PipelineCommandHandlerThread-0] INFO  commandhandler.CreatePipelineCommandHandler (CreatePipelineCommandHandler.java:lambda$handle$2(124)) - Created Pipeline RATIS THREE PipelineID=9282a3c2-574b-4ce6-8fd7-73fbaf7e6709.
2024-02-26 09:18:31,260 [87e9945c-a125-4404-bbe2-61a5a4b10cf4-groupManagement] INFO  server.RaftServerConfigKeys (ConfUtils.java:logGet(46)) - raft.server.rpc.request.timeout = 60s (custom)
2024-02-26 09:18:31,260 [87e9945c-a125-4404-bbe2-61a5a4b10cf4-groupManagement] INFO  server.RaftServerConfigKeys (ConfUtils.java:logGet(46)) - raft.server.log.appender.install.snapshot.enabled = false (custom)
2024-02-26 09:18:31,261 [87e9945c-a125-4404-bbe2-61a5a4b10cf4-groupManagement] INFO  server.RaftServerConfigKeys (ConfUtils.java:logGet(46)) - raft.server.threadpool.server.cached = true (default)
2024-02-26 09:18:31,261 [87e9945c-a125-4404-bbe2-61a5a4b10cf4-groupManagement] INFO  server.RaftServerConfigKeys (ConfUtils.java:logGet(46)) - raft.server.threadpool.server.size = 0 (default)
2024-02-26 09:18:31,261 [87e9945c-a125-4404-bbe2-61a5a4b10cf4-groupManagement] INFO  server.RaftServerConfigKeys (ConfUtils.java:logGet(46)) - raft.server.threadpool.client.cached = true (default)
2024-02-26 09:18:31,261 [87e9945c-a125-4404-bbe2-61a5a4b10cf4-groupManagement] INFO  server.RaftServerConfigKeys (ConfUtils.java:logGet(46)) - raft.server.threadpool.client.size = 0 (default)
2024-02-26 09:18:31,261 [87e9945c-a125-4404-bbe2-61a5a4b10cf4-groupManagement] INFO  server.RaftServerConfigKeys (ConfUtils.java:logGet(46)) - raft.server.storage.free-space.min = 0MB (=0) (default)
2024-02-26 09:18:31,261 [87e9945c-a125-4404-bbe2-61a5a4b10cf4-groupManagement] INFO  server.RaftServerConfigKeys (ConfUtils.java:logGet(46)) - raft.server.log.corruption.policy = EXCEPTION (default)
2024-02-26 09:18:31,261 [87e9945c-a125-4404-bbe2-61a5a4b10cf4-groupManagement] INFO  server.RaftServerConfigKeys (ConfUtils.java:logGet(46)) - raft.server.storage.dir = [/home/runner/work/ozone/ozone/hadoop-ozone/integration-test/target/test-dir/MiniOzoneClusterImpl-0d79f430-b8c0-477e-97b7-98e50d733022/ozone-meta/datanode-9/ratis] (custom)
2024-02-26 09:18:31,261 [87e9945c-a125-4404-bbe2-61a5a4b10cf4-groupManagement] INFO  storage.RaftStorageDirectory (RaftStorageDirectoryImpl.java:analyzeStorage(138)) - The storage directory /home/runner/work/ozone/ozone/hadoop-ozone/integration-test/target/test-dir/MiniOzoneClusterImpl-0d79f430-b8c0-477e-97b7-98e50d733022/ozone-meta/datanode-9/ratis/b84c48df-f653-405d-a6f4-b7258a4d66ee does not exist. Creating ...
2024-02-26 09:18:31,265 [87e9945c-a125-4404-bbe2-61a5a4b10cf4-groupManagement] INFO  storage.RaftStorageDirectory (RaftStorageDirectoryImpl.java:tryLock(228)) - Lock on /home/runner/work/ozone/ozone/hadoop-ozone/integration-test/target/test-dir/MiniOzoneClusterImpl-0d79f430-b8c0-477e-97b7-98e50d733022/ozone-meta/datanode-9/ratis/b84c48df-f653-405d-a6f4-b7258a4d66ee/in_use.lock acquired by nodename 86312@fv-az1109-796
2024-02-26 09:18:31,267 [f0a2b3de-ed07-43d6-bdce-9d4b8e15ed2c-PipelineCommandHandlerThread-0] INFO  commandhandler.CreatePipelineCommandHandler (CreatePipelineCommandHandler.java:lambda$handle$2(124)) - Created Pipeline RATIS THREE PipelineID=9282a3c2-574b-4ce6-8fd7-73fbaf7e6709.
2024-02-26 09:18:31,267 [87e9945c-a125-4404-bbe2-61a5a4b10cf4-groupManagement] INFO  storage.RaftStorage (RaftStorageImpl.java:format(99)) - Storage directory /home/runner/work/ozone/ozone/hadoop-ozone/integration-test/target/test-dir/MiniOzoneClusterImpl-0d79f430-b8c0-477e-97b7-98e50d733022/ozone-meta/datanode-9/ratis/b84c48df-f653-405d-a6f4-b7258a4d66ee has been successfully formatted.
2024-02-26 09:18:31,267 [87e9945c-a125-4404-bbe2-61a5a4b10cf4-groupManagement] WARN  util.FileUtils (LogUtils.java:supplyAndLog(63)) - Failed to Files.newInputStream /home/runner/work/ozone/ozone/hadoop-ozone/integration-test/target/test-dir/MiniOzoneClusterImpl-0d79f430-b8c0-477e-97b7-98e50d733022/ozone-meta/datanode-9/ratis/b84c48df-f653-405d-a6f4-b7258a4d66ee/current/raft-meta.conf with options []: java.nio.file.NoSuchFileException: /home/runner/work/ozone/ozone/hadoop-ozone/integration-test/target/test-dir/MiniOzoneClusterImpl-0d79f430-b8c0-477e-97b7-98e50d733022/ozone-meta/datanode-9/ratis/b84c48df-f653-405d-a6f4-b7258a4d66ee/current/raft-meta.conf
2024-02-26 09:18:31,270 [aa7921d1-8be5-430c-af0e-7b09d4ba500e-groupManagement] INFO  server.RaftServerConfigKeys (ConfUtils.java:logGet(46)) - raft.server.log.segment.size.max = 67108864 (custom)
2024-02-26 09:18:31,271 [4e76a5f4-598e-407f-bd79-992a553d1db1-groupManagement] INFO  server.RaftServerConfigKeys (ConfUtils.java:logGet(46)) - raft.server.log.segment.size.max = 67108864 (custom)
2024-02-26 09:18:31,271 [aa7921d1-8be5-430c-af0e-7b09d4ba500e-groupManagement] INFO  server.RaftServerConfigKeys (ConfUtils.java:logGet(46)) - raft.server.log.segment.cache.num.max = 2 (custom)
2024-02-26 09:18:31,271 [aa7921d1-8be5-430c-af0e-7b09d4ba500e-groupManagement] INFO  server.RaftServerConfigKeys (ConfUtils.java:logGet(46)) - raft.server.log.segment.cache.size.max = 200MB (=209715200) (default)
2024-02-26 09:18:31,271 [aa7921d1-8be5-430c-af0e-7b09d4ba500e-groupManagement] INFO  server.RaftServerConfigKeys (ConfUtils.java:logGet(46)) - raft.server.log.appender.buffer.byte-limit = 8388608 (custom)
2024-02-26 09:18:31,271 [4e76a5f4-598e-407f-bd79-992a553d1db1-groupManagement] INFO  server.RaftServerConfigKeys (ConfUtils.java:logGet(46)) - raft.server.log.segment.cache.num.max = 2 (custom)
2024-02-26 09:18:31,272 [4e76a5f4-598e-407f-bd79-992a553d1db1-groupManagement] INFO  server.RaftServerConfigKeys (ConfUtils.java:logGet(46)) - raft.server.log.segment.cache.size.max = 200MB (=209715200) (default)
2024-02-26 09:18:31,272 [4e76a5f4-598e-407f-bd79-992a553d1db1-groupManagement] INFO  server.RaftServerConfigKeys (ConfUtils.java:logGet(46)) - raft.server.log.appender.buffer.byte-limit = 8388608 (custom)
2024-02-26 09:18:31,275 [90984f07-37f5-40e1-bf66-3a8ca2321052-groupManagement] INFO  server.RaftServerConfigKeys (ConfUtils.java:logGet(46)) - raft.server.rpc.request.timeout = 60s (custom)
2024-02-26 09:18:31,275 [90984f07-37f5-40e1-bf66-3a8ca2321052-groupManagement] INFO  server.RaftServerConfigKeys (ConfUtils.java:logGet(46)) - raft.server.log.appender.install.snapshot.enabled = false (custom)
2024-02-26 09:18:31,275 [90984f07-37f5-40e1-bf66-3a8ca2321052-groupManagement] INFO  server.RaftServerConfigKeys (ConfUtils.java:logGet(46)) - raft.server.threadpool.server.cached = true (default)
2024-02-26 09:18:31,275 [90984f07-37f5-40e1-bf66-3a8ca2321052-groupManagement] INFO  server.RaftServerConfigKeys (ConfUtils.java:logGet(46)) - raft.server.threadpool.server.size = 0 (default)
2024-02-26 09:18:31,275 [90984f07-37f5-40e1-bf66-3a8ca2321052-groupManagement] INFO  server.RaftServerConfigKeys (ConfUtils.java:logGet(46)) - raft.server.threadpool.client.cached = true (default)
2024-02-26 09:18:31,275 [90984f07-37f5-40e1-bf66-3a8ca2321052-groupManagement] INFO  server.RaftServerConfigKeys (ConfUtils.java:logGet(46)) - raft.server.threadpool.client.size = 0 (default)
2024-02-26 09:18:31,275 [90984f07-37f5-40e1-bf66-3a8ca2321052-groupManagement] INFO  server.RaftServerConfigKeys (ConfUtils.java:logGet(46)) - raft.server.storage.free-space.min = 0MB (=0) (default)
2024-02-26 09:18:31,275 [90984f07-37f5-40e1-bf66-3a8ca2321052-groupManagement] INFO  server.RaftServerConfigKeys (ConfUtils.java:logGet(46)) - raft.server.log.corruption.policy = EXCEPTION (default)
2024-02-26 09:18:31,275 [90984f07-37f5-40e1-bf66-3a8ca2321052-groupManagement] INFO  server.RaftServerConfigKeys (ConfUtils.java:logGet(46)) - raft.server.storage.dir = [/home/runner/work/ozone/ozone/hadoop-ozone/integration-test/target/test-dir/MiniOzoneClusterImpl-0d79f430-b8c0-477e-97b7-98e50d733022/ozone-meta/datanode-11/ratis] (custom)
2024-02-26 09:18:31,276 [90984f07-37f5-40e1-bf66-3a8ca2321052-groupManagement] INFO  storage.RaftStorageDirectory (RaftStorageDirectoryImpl.java:analyzeStorage(138)) - The storage directory /home/runner/work/ozone/ozone/hadoop-ozone/integration-test/target/test-dir/MiniOzoneClusterImpl-0d79f430-b8c0-477e-97b7-98e50d733022/ozone-meta/datanode-11/ratis/da84240f-f37b-4bed-b4dd-84a835d1b97a does not exist. Creating ...
2024-02-26 09:18:31,277 [90984f07-37f5-40e1-bf66-3a8ca2321052-groupManagement] INFO  storage.RaftStorageDirectory (RaftStorageDirectoryImpl.java:tryLock(228)) - Lock on /home/runner/work/ozone/ozone/hadoop-ozone/integration-test/target/test-dir/MiniOzoneClusterImpl-0d79f430-b8c0-477e-97b7-98e50d733022/ozone-meta/datanode-11/ratis/da84240f-f37b-4bed-b4dd-84a835d1b97a/in_use.lock acquired by nodename 86312@fv-az1109-796
2024-02-26 09:18:31,278 [90984f07-37f5-40e1-bf66-3a8ca2321052-groupManagement] INFO  storage.RaftStorage (RaftStorageImpl.java:format(99)) - Storage directory /home/runner/work/ozone/ozone/hadoop-ozone/integration-test/target/test-dir/MiniOzoneClusterImpl-0d79f430-b8c0-477e-97b7-98e50d733022/ozone-meta/datanode-11/ratis/da84240f-f37b-4bed-b4dd-84a835d1b97a has been successfully formatted.
2024-02-26 09:18:31,278 [90984f07-37f5-40e1-bf66-3a8ca2321052-groupManagement] WARN  util.FileUtils (LogUtils.java:supplyAndLog(63)) - Failed to Files.newInputStream /home/runner/work/ozone/ozone/hadoop-ozone/integration-test/target/test-dir/MiniOzoneClusterImpl-0d79f430-b8c0-477e-97b7-98e50d733022/ozone-meta/datanode-11/ratis/da84240f-f37b-4bed-b4dd-84a835d1b97a/current/raft-meta.conf with options []: java.nio.file.NoSuchFileException: /home/runner/work/ozone/ozone/hadoop-ozone/integration-test/target/test-dir/MiniOzoneClusterImpl-0d79f430-b8c0-477e-97b7-98e50d733022/ozone-meta/datanode-11/ratis/da84240f-f37b-4bed-b4dd-84a835d1b97a/current/raft-meta.conf
2024-02-26 09:18:31,281 [4e76a5f4-598e-407f-bd79-992a553d1db1-groupManagement] INFO  util.AwaitToRun (AwaitToRun.java:start(81)) - Thread[4e76a5f4-598e-407f-bd79-992a553d1db1@group-5E64E6F45F8E-cacheEviction-AwaitToRun,5,main] started
2024-02-26 09:18:31,281 [4e76a5f4-598e-407f-bd79-992a553d1db1-groupManagement] INFO  segmented.SegmentedRaftLogWorker (SegmentedRaftLogWorker.java:<init>(182)) - new 4e76a5f4-598e-407f-bd79-992a553d1db1@group-5E64E6F45F8E-SegmentedRaftLogWorker for RaftStorageImpl:Storage Directory /home/runner/work/ozone/ozone/hadoop-ozone/integration-test/target/test-dir/MiniOzoneClusterImpl-0d79f430-b8c0-477e-97b7-98e50d733022/ozone-meta/datanode-10/ratis/38c62752-2143-4318-bb0c-5e64e6f45f8e
2024-02-26 09:18:31,281 [4e76a5f4-598e-407f-bd79-992a553d1db1-groupManagement] INFO  server.RaftServerConfigKeys (ConfUtils.java:logGet(46)) - raft.server.log.queue.byte-limit = 4294967296 (custom)
2024-02-26 09:18:31,281 [4e76a5f4-598e-407f-bd79-992a553d1db1-groupManagement] INFO  server.RaftServerConfigKeys (ConfUtils.java:logGet(46)) - raft.server.log.queue.element-limit = 1024 (custom)
2024-02-26 09:18:31,281 [4e76a5f4-598e-407f-bd79-992a553d1db1-groupManagement] INFO  server.RaftServerConfigKeys (ConfUtils.java:logGet(46)) - raft.server.log.segment.size.max = 67108864 (custom)
2024-02-26 09:18:31,281 [4e76a5f4-598e-407f-bd79-992a553d1db1-groupManagement] INFO  server.RaftServerConfigKeys (ConfUtils.java:logGet(46)) - raft.server.log.preallocated.size = 4194304 (custom)
2024-02-26 09:18:31,282 [4e76a5f4-598e-407f-bd79-992a553d1db1-groupManagement] INFO  server.RaftServerConfigKeys (ConfUtils.java:logGet(46)) - raft.server.log.force.sync.num = 128 (default)
2024-02-26 09:18:31,282 [4e76a5f4-598e-407f-bd79-992a553d1db1-groupManagement] INFO  server.RaftServerConfigKeys (ConfUtils.java:logGet(46)) - raft.server.log.statemachine.data.sync = true (default)
2024-02-26 09:18:31,282 [4e76a5f4-598e-407f-bd79-992a553d1db1-groupManagement] INFO  server.RaftServerConfigKeys (ConfUtils.java:logGet(46)) - raft.server.log.statemachine.data.sync.timeout = 10s (default)
2024-02-26 09:18:31,282 [4e76a5f4-598e-407f-bd79-992a553d1db1-groupManagement] INFO  server.RaftServerConfigKeys (ConfUtils.java:logGet(46)) - raft.server.log.statemachine.data.sync.timeout.retry = 0 (custom)
2024-02-26 09:18:31,282 [4e76a5f4-598e-407f-bd79-992a553d1db1-groupManagement] INFO  server.RaftServerConfigKeys (ConfUtils.java:logGet(46)) - raft.server.log.write.buffer.size = 8388616 (custom)
2024-02-26 09:18:31,283 [90984f07-37f5-40e1-bf66-3a8ca2321052-groupManagement] INFO  ratis.ContainerStateMachine (ContainerStateMachine.java:loadSnapshot(287)) - group-84A835D1B97A: The snapshot info is null. Setting the last applied index to:(t:0, i:~)
2024-02-26 09:18:31,284 [EventQueue-PipelineReportForPipelineReportHandler] INFO  pipeline.PipelineReportHandler (PipelineReportHandler.java:processPipelineReport(136)) - Opened pipeline PipelineID=da84240f-f37b-4bed-b4dd-84a835d1b97a
2024-02-26 09:18:31,284 [aa7921d1-8be5-430c-af0e-7b09d4ba500e-groupManagement] INFO  util.AwaitToRun (AwaitToRun.java:start(81)) - Thread[aa7921d1-8be5-430c-af0e-7b09d4ba500e@group-B7258A4D66EE-cacheEviction-AwaitToRun,5,main] started
2024-02-26 09:18:31,285 [aa7921d1-8be5-430c-af0e-7b09d4ba500e-groupManagement] INFO  segmented.SegmentedRaftLogWorker (SegmentedRaftLogWorker.java:<init>(182)) - new aa7921d1-8be5-430c-af0e-7b09d4ba500e@group-B7258A4D66EE-SegmentedRaftLogWorker for RaftStorageImpl:Storage Directory /home/runner/work/ozone/ozone/hadoop-ozone/integration-test/target/test-dir/MiniOzoneClusterImpl-0d79f430-b8c0-477e-97b7-98e50d733022/ozone-meta/datanode-8/ratis/b84c48df-f653-405d-a6f4-b7258a4d66ee
2024-02-26 09:18:31,285 [aa7921d1-8be5-430c-af0e-7b09d4ba500e-groupManagement] INFO  server.RaftServerConfigKeys (ConfUtils.java:logGet(46)) - raft.server.log.queue.byte-limit = 4294967296 (custom)
2024-02-26 09:18:31,285 [aa7921d1-8be5-430c-af0e-7b09d4ba500e-groupManagement] INFO  server.RaftServerConfigKeys (ConfUtils.java:logGet(46)) - raft.server.log.queue.element-limit = 1024 (custom)
2024-02-26 09:18:31,285 [aa7921d1-8be5-430c-af0e-7b09d4ba500e-groupManagement] INFO  server.RaftServerConfigKeys (ConfUtils.java:logGet(46)) - raft.server.log.segment.size.max = 67108864 (custom)
2024-02-26 09:18:31,285 [aa7921d1-8be5-430c-af0e-7b09d4ba500e-groupManagement] INFO  server.RaftServerConfigKeys (ConfUtils.java:logGet(46)) - raft.server.log.preallocated.size = 4194304 (custom)
2024-02-26 09:18:31,286 [aa7921d1-8be5-430c-af0e-7b09d4ba500e-groupManagement] INFO  server.RaftServerConfigKeys (ConfUtils.java:logGet(46)) - raft.server.log.force.sync.num = 128 (default)
2024-02-26 09:18:31,286 [aa7921d1-8be5-430c-af0e-7b09d4ba500e-groupManagement] INFO  server.RaftServerConfigKeys (ConfUtils.java:logGet(46)) - raft.server.log.statemachine.data.sync = true (default)
2024-02-26 09:18:31,286 [aa7921d1-8be5-430c-af0e-7b09d4ba500e-groupManagement] INFO  server.RaftServerConfigKeys (ConfUtils.java:logGet(46)) - raft.server.log.statemachine.data.sync.timeout = 10s (default)
2024-02-26 09:18:31,286 [aa7921d1-8be5-430c-af0e-7b09d4ba500e-groupManagement] INFO  server.RaftServerConfigKeys (ConfUtils.java:logGet(46)) - raft.server.log.statemachine.data.sync.timeout.retry = 0 (custom)
2024-02-26 09:18:31,286 [aa7921d1-8be5-430c-af0e-7b09d4ba500e-groupManagement] INFO  server.RaftServerConfigKeys (ConfUtils.java:logGet(46)) - raft.server.log.write.buffer.size = 8388616 (custom)
2024-02-26 09:18:31,284 [4e76a5f4-598e-407f-bd79-992a553d1db1-groupManagement] INFO  server.RaftServerConfigKeys (ConfUtils.java:logGet(46)) - raft.server.log.appender.buffer.byte-limit = 8388608 (custom)
2024-02-26 09:18:31,285 [EventQueue-OpenPipelineForHealthyPipelineSafeModeRule] INFO  safemode.SCMSafeModeManager (HealthyPipelineSafeModeRule.java:process(140)) - SCM in safe mode. Healthy pipelines reported count is 0, required healthy pipeline reported count is 1
2024-02-26 09:18:31,285 [90984f07-37f5-40e1-bf66-3a8ca2321052-groupManagement] INFO  server.RaftServerConfigKeys (ConfUtils.java:logGet(46)) - raft.server.log.use.memory = false (default)
2024-02-26 09:18:31,288 [aa7921d1-8be5-430c-af0e-7b09d4ba500e-groupManagement] INFO  server.RaftServerConfigKeys (ConfUtils.java:logGet(46)) - raft.server.log.appender.buffer.byte-limit = 8388608 (custom)
2024-02-26 09:18:31,287 [4e76a5f4-598e-407f-bd79-992a553d1db1-groupManagement] INFO  server.RaftServerConfigKeys (ConfUtils.java:logGet(46)) - raft.server.log.unsafe-flush.enabled = false (default)
2024-02-26 09:18:31,288 [4e76a5f4-598e-407f-bd79-992a553d1db1-groupManagement] INFO  server.RaftServerConfigKeys (ConfUtils.java:logGet(46)) - raft.server.log.async-flush.enabled = false (default)
2024-02-26 09:18:31,288 [4e76a5f4-598e-407f-bd79-992a553d1db1-groupManagement] INFO  server.RaftServerConfigKeys (ConfUtils.java:logGet(46)) - raft.server.log.statemachine.data.caching.enabled = true (custom)
2024-02-26 09:18:31,288 [4e76a5f4-598e-407f-bd79-992a553d1db1-groupManagement] INFO  segmented.SegmentedRaftLogWorker (SegmentedRaftLogWorker.java:lambda$new$0(134)) - 4e76a5f4-598e-407f-bd79-992a553d1db1@group-5E64E6F45F8E-SegmentedRaftLogWorker: flushIndex: setUnconditionally 0 -> -1
2024-02-26 09:18:31,288 [4e76a5f4-598e-407f-bd79-992a553d1db1-groupManagement] INFO  segmented.SegmentedRaftLogWorker (SegmentedRaftLogWorker.java:lambda$new$0(134)) - 4e76a5f4-598e-407f-bd79-992a553d1db1@group-5E64E6F45F8E-SegmentedRaftLogWorker: safeCacheEvictIndex: setUnconditionally 0 -> -1
2024-02-26 09:18:31,289 [aa7921d1-8be5-430c-af0e-7b09d4ba500e-groupManagement] INFO  server.RaftServerConfigKeys (ConfUtils.java:logGet(46)) - raft.server.log.unsafe-flush.enabled = false (default)
2024-02-26 09:18:31,289 [aa7921d1-8be5-430c-af0e-7b09d4ba500e-groupManagement] INFO  server.RaftServerConfigKeys (ConfUtils.java:logGet(46)) - raft.server.log.async-flush.enabled = false (default)
2024-02-26 09:18:31,289 [aa7921d1-8be5-430c-af0e-7b09d4ba500e-groupManagement] INFO  server.RaftServerConfigKeys (ConfUtils.java:logGet(46)) - raft.server.log.statemachine.data.caching.enabled = true (custom)
2024-02-26 09:18:31,289 [aa7921d1-8be5-430c-af0e-7b09d4ba500e-groupManagement] INFO  segmented.SegmentedRaftLogWorker (SegmentedRaftLogWorker.java:lambda$new$0(134)) - aa7921d1-8be5-430c-af0e-7b09d4ba500e@group-B7258A4D66EE-SegmentedRaftLogWorker: flushIndex: setUnconditionally 0 -> -1
2024-02-26 09:18:31,289 [aa7921d1-8be5-430c-af0e-7b09d4ba500e-groupManagement] INFO  segmented.SegmentedRaftLogWorker (SegmentedRaftLogWorker.java:lambda$new$0(134)) - aa7921d1-8be5-430c-af0e-7b09d4ba500e@group-B7258A4D66EE-SegmentedRaftLogWorker: safeCacheEvictIndex: setUnconditionally 0 -> -1
2024-02-26 09:18:31,289 [90984f07-37f5-40e1-bf66-3a8ca2321052-groupManagement] INFO  server.RaftServerConfigKeys (ConfUtils.java:logGet(46)) - raft.server.log.purge.gap = 1000000 (custom)
2024-02-26 09:18:31,290 [90984f07-37f5-40e1-bf66-3a8ca2321052-groupManagement] INFO  server.RaftServerConfigKeys (ConfUtils.java:logGet(46)) - raft.server.log.appender.buffer.byte-limit = 8388608 (custom)
2024-02-26 09:18:31,290 [90984f07-37f5-40e1-bf66-3a8ca2321052-groupManagement] INFO  server.RaftServerConfigKeys (ConfUtils.java:logGet(46)) - raft.server.log.statemachine.data.read.timeout = 1000ms (default)
2024-02-26 09:18:31,290 [90984f07-37f5-40e1-bf66-3a8ca2321052-groupManagement] INFO  server.RaftServerConfigKeys (ConfUtils.java:logGet(46)) - raft.server.log.purge.preservation.log.num = 0 (default)
2024-02-26 09:18:31,291 [87e9945c-a125-4404-bbe2-61a5a4b10cf4-groupManagement] INFO  ratis.ContainerStateMachine (ContainerStateMachine.java:loadSnapshot(287)) - group-B7258A4D66EE: The snapshot info is null. Setting the last applied index to:(t:0, i:~)
2024-02-26 09:18:31,291 [87e9945c-a125-4404-bbe2-61a5a4b10cf4-groupManagement] INFO  server.RaftServerConfigKeys (ConfUtils.java:logGet(46)) - raft.server.log.use.memory = false (default)
2024-02-26 09:18:31,291 [87e9945c-a125-4404-bbe2-61a5a4b10cf4-groupManagement] INFO  server.RaftServerConfigKeys (ConfUtils.java:logGet(46)) - raft.server.log.purge.gap = 1000000 (custom)
2024-02-26 09:18:31,291 [87e9945c-a125-4404-bbe2-61a5a4b10cf4-groupManagement] INFO  server.RaftServerConfigKeys (ConfUtils.java:logGet(46)) - raft.server.log.appender.buffer.byte-limit = 8388608 (custom)
2024-02-26 09:18:31,292 [87e9945c-a125-4404-bbe2-61a5a4b10cf4-groupManagement] INFO  server.RaftServerConfigKeys (ConfUtils.java:logGet(46)) - raft.server.log.statemachine.data.read.timeout = 1000ms (default)
2024-02-26 09:18:31,292 [87e9945c-a125-4404-bbe2-61a5a4b10cf4-groupManagement] INFO  server.RaftServerConfigKeys (ConfUtils.java:logGet(46)) - raft.server.log.purge.preservation.log.num = 0 (default)
2024-02-26 09:18:31,292 [EventQueue-OpenPipelineForHealthyPipelineSafeModeRule] INFO  safemode.SCMSafeModeManager (HealthyPipelineSafeModeRule.java:process(140)) - SCM in safe mode. Healthy pipelines reported count is 0, required healthy pipeline reported count is 1
2024-02-26 09:18:31,293 [aa7921d1-8be5-430c-af0e-7b09d4ba500e-groupManagement] INFO  server.RaftServer$Division (RaftServerImpl.java:start(396)) - aa7921d1-8be5-430c-af0e-7b09d4ba500e@group-B7258A4D66EE: start as a follower, conf=-1: peers:[87e9945c-a125-4404-bbe2-61a5a4b10cf4|10.1.0.30:15086, b254f787-4ade-443a-8cd7-22935f345023|10.1.0.30:15068, aa7921d1-8be5-430c-af0e-7b09d4ba500e|10.1.0.30:15077]|listeners:[], old=null
2024-02-26 09:18:31,293 [aa7921d1-8be5-430c-af0e-7b09d4ba500e-groupManagement] INFO  server.RaftServer$Division (RaftServerImpl.java:setRole(383)) - aa7921d1-8be5-430c-af0e-7b09d4ba500e@group-B7258A4D66EE: changes role from      null to FOLLOWER at term 0 for startAsFollower
2024-02-26 09:18:31,294 [aa7921d1-8be5-430c-af0e-7b09d4ba500e-groupManagement] INFO  impl.RoleInfo (RoleInfo.java:updateAndGet(139)) - aa7921d1-8be5-430c-af0e-7b09d4ba500e: start aa7921d1-8be5-430c-af0e-7b09d4ba500e@group-B7258A4D66EE-FollowerState
2024-02-26 09:18:31,294 [87e9945c-a125-4404-bbe2-61a5a4b10cf4-groupManagement] INFO  server.RaftServerConfigKeys (ConfUtils.java:logGet(46)) - raft.server.log.segment.size.max = 67108864 (custom)
2024-02-26 09:18:31,294 [aa7921d1-8be5-430c-af0e-7b09d4ba500e-groupManagement] INFO  util.JmxRegister (JmxRegister.java:tryRegister(44)) - Successfully registered JMX Bean with object name Ratis:service=RaftServer,group=group-B7258A4D66EE,id=aa7921d1-8be5-430c-af0e-7b09d4ba500e
2024-02-26 09:18:31,294 [aa7921d1-8be5-430c-af0e-7b09d4ba500e-groupManagement] INFO  server.RaftServerConfigKeys (ConfUtils.java:logGet(46)) - raft.server.snapshot.trigger-when-stop.enabled = true (default)
2024-02-26 09:18:31,294 [aa7921d1-8be5-430c-af0e-7b09d4ba500e-groupManagement] INFO  server.RaftServerConfigKeys (ConfUtils.java:logGet(46)) - raft.server.snapshot.auto.trigger.enabled = true (custom)
2024-02-26 09:18:31,294 [aa7921d1-8be5-430c-af0e-7b09d4ba500e-groupManagement] INFO  server.RaftServerConfigKeys (ConfUtils.java:logGet(46)) - raft.server.snapshot.auto.trigger.threshold = 10000 (custom)
2024-02-26 09:18:31,294 [aa7921d1-8be5-430c-af0e-7b09d4ba500e-groupManagement] INFO  server.RaftServerConfigKeys (ConfUtils.java:logGet(46)) - raft.server.snapshot.retention.file.num = 5 (custom)
2024-02-26 09:18:31,294 [aa7921d1-8be5-430c-af0e-7b09d4ba500e-groupManagement] INFO  server.RaftServerConfigKeys (ConfUtils.java:logGet(46)) - raft.server.log.purge.upto.snapshot.index = false (default)
2024-02-26 09:18:31,295 [aa7921d1-8be5-430c-af0e-7b09d4ba500e@group-B7258A4D66EE-FollowerState] INFO  server.RaftServerConfigKeys (ConfUtils.java:logFallback(53)) - raft.server.rpc.first-election.timeout.min = 5s (fallback to raft.server.rpc.timeout.min)
2024-02-26 09:18:31,295 [aa7921d1-8be5-430c-af0e-7b09d4ba500e@group-B7258A4D66EE-FollowerState] INFO  server.RaftServerConfigKeys (ConfUtils.java:logFallback(53)) - raft.server.rpc.first-election.timeout.max = 5200ms (fallback to raft.server.rpc.timeout.max)
2024-02-26 09:18:31,294 [87e9945c-a125-4404-bbe2-61a5a4b10cf4-groupManagement] INFO  server.RaftServerConfigKeys (ConfUtils.java:logGet(46)) - raft.server.log.segment.cache.num.max = 2 (custom)
2024-02-26 09:18:31,296 [87e9945c-a125-4404-bbe2-61a5a4b10cf4-groupManagement] INFO  server.RaftServerConfigKeys (ConfUtils.java:logGet(46)) - raft.server.log.segment.cache.size.max = 200MB (=209715200) (default)
2024-02-26 09:18:31,296 [87e9945c-a125-4404-bbe2-61a5a4b10cf4-groupManagement] INFO  server.RaftServerConfigKeys (ConfUtils.java:logGet(46)) - raft.server.log.appender.buffer.byte-limit = 8388608 (custom)
2024-02-26 09:18:31,300 [90984f07-37f5-40e1-bf66-3a8ca2321052-groupManagement] INFO  server.RaftServerConfigKeys (ConfUtils.java:logGet(46)) - raft.server.log.segment.size.max = 67108864 (custom)
2024-02-26 09:18:31,301 [90984f07-37f5-40e1-bf66-3a8ca2321052-groupManagement] INFO  server.RaftServerConfigKeys (ConfUtils.java:logGet(46)) - raft.server.log.segment.cache.num.max = 2 (custom)
2024-02-26 09:18:31,301 [90984f07-37f5-40e1-bf66-3a8ca2321052-groupManagement] INFO  server.RaftServerConfigKeys (ConfUtils.java:logGet(46)) - raft.server.log.segment.cache.size.max = 200MB (=209715200) (default)
2024-02-26 09:18:31,301 [90984f07-37f5-40e1-bf66-3a8ca2321052-groupManagement] INFO  server.RaftServerConfigKeys (ConfUtils.java:logGet(46)) - raft.server.log.appender.buffer.byte-limit = 8388608 (custom)
2024-02-26 09:18:31,303 [1fc8e30e-bcf6-4a54-bb04-f74c1c9f090e-PipelineCommandHandlerThread-0] INFO  commandhandler.CreatePipelineCommandHandler (CreatePipelineCommandHandler.java:lambda$handle$2(124)) - Created Pipeline RATIS THREE PipelineID=9282a3c2-574b-4ce6-8fd7-73fbaf7e6709.
2024-02-26 09:18:31,303 [87e9945c-a125-4404-bbe2-61a5a4b10cf4-groupManagement] INFO  util.AwaitToRun (AwaitToRun.java:start(81)) - Thread[87e9945c-a125-4404-bbe2-61a5a4b10cf4@group-B7258A4D66EE-cacheEviction-AwaitToRun,5,main] started
2024-02-26 09:18:31,303 [87e9945c-a125-4404-bbe2-61a5a4b10cf4-groupManagement] INFO  segmented.SegmentedRaftLogWorker (SegmentedRaftLogWorker.java:<init>(182)) - new 87e9945c-a125-4404-bbe2-61a5a4b10cf4@group-B7258A4D66EE-SegmentedRaftLogWorker for RaftStorageImpl:Storage Directory /home/runner/work/ozone/ozone/hadoop-ozone/integration-test/target/test-dir/MiniOzoneClusterImpl-0d79f430-b8c0-477e-97b7-98e50d733022/ozone-meta/datanode-9/ratis/b84c48df-f653-405d-a6f4-b7258a4d66ee
2024-02-26 09:18:31,302 [aa7921d1-8be5-430c-af0e-7b09d4ba500e-PipelineCommandHandlerThread-0] INFO  ratis.XceiverServerRatis (XceiverServerRatis.java:addGroup(864)) - Created group PipelineID=b84c48df-f653-405d-a6f4-b7258a4d66ee
2024-02-26 09:18:31,301 [4e76a5f4-598e-407f-bd79-992a553d1db1-groupManagement] INFO  server.RaftServer$Division (RaftServerImpl.java:start(396)) - 4e76a5f4-598e-407f-bd79-992a553d1db1@group-5E64E6F45F8E: start as a follower, conf=-1: peers:[4e76a5f4-598e-407f-bd79-992a553d1db1|10.1.0.30:15095]|listeners:[], old=null
2024-02-26 09:18:31,305 [4e76a5f4-598e-407f-bd79-992a553d1db1-groupManagement] INFO  server.RaftServer$Division (RaftServerImpl.java:setRole(383)) - 4e76a5f4-598e-407f-bd79-992a553d1db1@group-5E64E6F45F8E: changes role from      null to FOLLOWER at term 0 for startAsFollower
2024-02-26 09:18:31,305 [4e76a5f4-598e-407f-bd79-992a553d1db1-groupManagement] INFO  impl.RoleInfo (RoleInfo.java:updateAndGet(139)) - 4e76a5f4-598e-407f-bd79-992a553d1db1: start 4e76a5f4-598e-407f-bd79-992a553d1db1@group-5E64E6F45F8E-FollowerState
2024-02-26 09:18:31,306 [4e76a5f4-598e-407f-bd79-992a553d1db1-groupManagement] INFO  util.JmxRegister (JmxRegister.java:tryRegister(44)) - Successfully registered JMX Bean with object name Ratis:service=RaftServer,group=group-5E64E6F45F8E,id=4e76a5f4-598e-407f-bd79-992a553d1db1
2024-02-26 09:18:31,306 [4e76a5f4-598e-407f-bd79-992a553d1db1-groupManagement] INFO  server.RaftServerConfigKeys (ConfUtils.java:logGet(46)) - raft.server.snapshot.trigger-when-stop.enabled = true (default)
2024-02-26 09:18:31,306 [4e76a5f4-598e-407f-bd79-992a553d1db1-groupManagement] INFO  server.RaftServerConfigKeys (ConfUtils.java:logGet(46)) - raft.server.snapshot.auto.trigger.enabled = true (custom)
2024-02-26 09:18:31,306 [4e76a5f4-598e-407f-bd79-992a553d1db1-groupManagement] INFO  server.RaftServerConfigKeys (ConfUtils.java:logGet(46)) - raft.server.snapshot.auto.trigger.threshold = 10000 (custom)
2024-02-26 09:18:31,306 [4e76a5f4-598e-407f-bd79-992a553d1db1-groupManagement] INFO  server.RaftServerConfigKeys (ConfUtils.java:logGet(46)) - raft.server.snapshot.retention.file.num = 5 (custom)
2024-02-26 09:18:31,306 [4e76a5f4-598e-407f-bd79-992a553d1db1-groupManagement] INFO  server.RaftServerConfigKeys (ConfUtils.java:logGet(46)) - raft.server.log.purge.upto.snapshot.index = false (default)
2024-02-26 09:18:31,304 [87e9945c-a125-4404-bbe2-61a5a4b10cf4-groupManagement] INFO  server.RaftServerConfigKeys (ConfUtils.java:logGet(46)) - raft.server.log.queue.byte-limit = 4294967296 (custom)
2024-02-26 09:18:31,303 [90984f07-37f5-40e1-bf66-3a8ca2321052-groupManagement] INFO  util.AwaitToRun (AwaitToRun.java:start(81)) - Thread[90984f07-37f5-40e1-bf66-3a8ca2321052@group-84A835D1B97A-cacheEviction-AwaitToRun,5,main] started
2024-02-26 09:18:31,306 [90984f07-37f5-40e1-bf66-3a8ca2321052-groupManagement] INFO  segmented.SegmentedRaftLogWorker (SegmentedRaftLogWorker.java:<init>(182)) - new 90984f07-37f5-40e1-bf66-3a8ca2321052@group-84A835D1B97A-SegmentedRaftLogWorker for RaftStorageImpl:Storage Directory /home/runner/work/ozone/ozone/hadoop-ozone/integration-test/target/test-dir/MiniOzoneClusterImpl-0d79f430-b8c0-477e-97b7-98e50d733022/ozone-meta/datanode-11/ratis/da84240f-f37b-4bed-b4dd-84a835d1b97a
2024-02-26 09:18:31,306 [90984f07-37f5-40e1-bf66-3a8ca2321052-groupManagement] INFO  server.RaftServerConfigKeys (ConfUtils.java:logGet(46)) - raft.server.log.queue.byte-limit = 4294967296 (custom)
2024-02-26 09:18:31,306 [4e76a5f4-598e-407f-bd79-992a553d1db1-PipelineCommandHandlerThread-0] INFO  ratis.XceiverServerRatis (XceiverServerRatis.java:addGroup(864)) - Created group PipelineID=38c62752-2143-4318-bb0c-5e64e6f45f8e
2024-02-26 09:18:31,306 [87e9945c-a125-4404-bbe2-61a5a4b10cf4-groupManagement] INFO  server.RaftServerConfigKeys (ConfUtils.java:logGet(46)) - raft.server.log.queue.element-limit = 1024 (custom)
2024-02-26 09:18:31,307 [87e9945c-a125-4404-bbe2-61a5a4b10cf4-groupManagement] INFO  server.RaftServerConfigKeys (ConfUtils.java:logGet(46)) - raft.server.log.segment.size.max = 67108864 (custom)
2024-02-26 09:18:31,307 [87e9945c-a125-4404-bbe2-61a5a4b10cf4-groupManagement] INFO  server.RaftServerConfigKeys (ConfUtils.java:logGet(46)) - raft.server.log.preallocated.size = 4194304 (custom)
2024-02-26 09:18:31,307 [87e9945c-a125-4404-bbe2-61a5a4b10cf4-groupManagement] INFO  server.RaftServerConfigKeys (ConfUtils.java:logGet(46)) - raft.server.log.force.sync.num = 128 (default)
2024-02-26 09:18:31,307 [87e9945c-a125-4404-bbe2-61a5a4b10cf4-groupManagement] INFO  server.RaftServerConfigKeys (ConfUtils.java:logGet(46)) - raft.server.log.statemachine.data.sync = true (default)
2024-02-26 09:18:31,307 [87e9945c-a125-4404-bbe2-61a5a4b10cf4-groupManagement] INFO  server.RaftServerConfigKeys (ConfUtils.java:logGet(46)) - raft.server.log.statemachine.data.sync.timeout = 10s (default)
2024-02-26 09:18:31,307 [87e9945c-a125-4404-bbe2-61a5a4b10cf4-groupManagement] INFO  server.RaftServerConfigKeys (ConfUtils.java:logGet(46)) - raft.server.log.statemachine.data.sync.timeout.retry = 0 (custom)
2024-02-26 09:18:31,306 [4e76a5f4-598e-407f-bd79-992a553d1db1@group-5E64E6F45F8E-FollowerState] INFO  server.RaftServerConfigKeys (ConfUtils.java:logFallback(53)) - raft.server.rpc.first-election.timeout.min = 5s (fallback to raft.server.rpc.timeout.min)
2024-02-26 09:18:31,307 [4e76a5f4-598e-407f-bd79-992a553d1db1@group-5E64E6F45F8E-FollowerState] INFO  server.RaftServerConfigKeys (ConfUtils.java:logFallback(53)) - raft.server.rpc.first-election.timeout.max = 5200ms (fallback to raft.server.rpc.timeout.max)
2024-02-26 09:18:31,307 [87e9945c-a125-4404-bbe2-61a5a4b10cf4-groupManagement] INFO  server.RaftServerConfigKeys (ConfUtils.java:logGet(46)) - raft.server.log.write.buffer.size = 8388616 (custom)
2024-02-26 09:18:31,309 [87e9945c-a125-4404-bbe2-61a5a4b10cf4-groupManagement] INFO  server.RaftServerConfigKeys (ConfUtils.java:logGet(46)) - raft.server.log.appender.buffer.byte-limit = 8388608 (custom)
2024-02-26 09:18:31,309 [87e9945c-a125-4404-bbe2-61a5a4b10cf4-groupManagement] INFO  server.RaftServerConfigKeys (ConfUtils.java:logGet(46)) - raft.server.log.unsafe-flush.enabled = false (default)
2024-02-26 09:18:31,309 [87e9945c-a125-4404-bbe2-61a5a4b10cf4-groupManagement] INFO  server.RaftServerConfigKeys (ConfUtils.java:logGet(46)) - raft.server.log.async-flush.enabled = false (default)
2024-02-26 09:18:31,309 [87e9945c-a125-4404-bbe2-61a5a4b10cf4-groupManagement] INFO  server.RaftServerConfigKeys (ConfUtils.java:logGet(46)) - raft.server.log.statemachine.data.caching.enabled = true (custom)
2024-02-26 09:18:31,309 [87e9945c-a125-4404-bbe2-61a5a4b10cf4-groupManagement] INFO  segmented.SegmentedRaftLogWorker (SegmentedRaftLogWorker.java:lambda$new$0(134)) - 87e9945c-a125-4404-bbe2-61a5a4b10cf4@group-B7258A4D66EE-SegmentedRaftLogWorker: flushIndex: setUnconditionally 0 -> -1
2024-02-26 09:18:31,309 [87e9945c-a125-4404-bbe2-61a5a4b10cf4-groupManagement] INFO  segmented.SegmentedRaftLogWorker (SegmentedRaftLogWorker.java:lambda$new$0(134)) - 87e9945c-a125-4404-bbe2-61a5a4b10cf4@group-B7258A4D66EE-SegmentedRaftLogWorker: safeCacheEvictIndex: setUnconditionally 0 -> -1
2024-02-26 09:18:31,309 [87e9945c-a125-4404-bbe2-61a5a4b10cf4-groupManagement] INFO  server.RaftServer$Division (RaftServerImpl.java:start(396)) - 87e9945c-a125-4404-bbe2-61a5a4b10cf4@group-B7258A4D66EE: start as a follower, conf=-1: peers:[87e9945c-a125-4404-bbe2-61a5a4b10cf4|10.1.0.30:15086, b254f787-4ade-443a-8cd7-22935f345023|10.1.0.30:15068, aa7921d1-8be5-430c-af0e-7b09d4ba500e|10.1.0.30:15077]|listeners:[], old=null
2024-02-26 09:18:31,309 [87e9945c-a125-4404-bbe2-61a5a4b10cf4-groupManagement] INFO  server.RaftServer$Division (RaftServerImpl.java:setRole(383)) - 87e9945c-a125-4404-bbe2-61a5a4b10cf4@group-B7258A4D66EE: changes role from      null to FOLLOWER at term 0 for startAsFollower
2024-02-26 09:18:31,309 [87e9945c-a125-4404-bbe2-61a5a4b10cf4-groupManagement] INFO  impl.RoleInfo (RoleInfo.java:updateAndGet(139)) - 87e9945c-a125-4404-bbe2-61a5a4b10cf4: start 87e9945c-a125-4404-bbe2-61a5a4b10cf4@group-B7258A4D66EE-FollowerState
2024-02-26 09:18:31,310 [87e9945c-a125-4404-bbe2-61a5a4b10cf4@group-B7258A4D66EE-FollowerState] INFO  server.RaftServerConfigKeys (ConfUtils.java:logFallback(53)) - raft.server.rpc.first-election.timeout.min = 5s (fallback to raft.server.rpc.timeout.min)
2024-02-26 09:18:31,305 [805285a9-14be-4ba5-9516-049ed8f85315-PipelineCommandHandlerThread-0] INFO  commandhandler.CreatePipelineCommandHandler (CreatePipelineCommandHandler.java:lambda$handle$2(124)) - Created Pipeline RATIS THREE PipelineID=15140eea-1538-47da-817a-e406f7d03047.
2024-02-26 09:18:31,310 [87e9945c-a125-4404-bbe2-61a5a4b10cf4@group-B7258A4D66EE-FollowerState] INFO  server.RaftServerConfigKeys (ConfUtils.java:logFallback(53)) - raft.server.rpc.first-election.timeout.max = 5200ms (fallback to raft.server.rpc.timeout.max)
2024-02-26 09:18:31,310 [87e9945c-a125-4404-bbe2-61a5a4b10cf4-groupManagement] INFO  util.JmxRegister (JmxRegister.java:tryRegister(44)) - Successfully registered JMX Bean with object name Ratis:service=RaftServer,group=group-B7258A4D66EE,id=87e9945c-a125-4404-bbe2-61a5a4b10cf4
2024-02-26 09:18:31,307 [4e76a5f4-598e-407f-bd79-992a553d1db1-PipelineCommandHandlerThread-0] INFO  commandhandler.CreatePipelineCommandHandler (CreatePipelineCommandHandler.java:lambda$handle$2(124)) - Created Pipeline RATIS ONE PipelineID=38c62752-2143-4318-bb0c-5e64e6f45f8e.
2024-02-26 09:18:31,306 [90984f07-37f5-40e1-bf66-3a8ca2321052-groupManagement] INFO  server.RaftServerConfigKeys (ConfUtils.java:logGet(46)) - raft.server.log.queue.element-limit = 1024 (custom)
2024-02-26 09:18:31,310 [90984f07-37f5-40e1-bf66-3a8ca2321052-groupManagement] INFO  server.RaftServerConfigKeys (ConfUtils.java:logGet(46)) - raft.server.log.segment.size.max = 67108864 (custom)
2024-02-26 09:18:31,310 [90984f07-37f5-40e1-bf66-3a8ca2321052-groupManagement] INFO  server.RaftServerConfigKeys (ConfUtils.java:logGet(46)) - raft.server.log.preallocated.size = 4194304 (custom)
2024-02-26 09:18:31,310 [90984f07-37f5-40e1-bf66-3a8ca2321052-groupManagement] INFO  server.RaftServerConfigKeys (ConfUtils.java:logGet(46)) - raft.server.log.force.sync.num = 128 (default)
2024-02-26 09:18:31,310 [90984f07-37f5-40e1-bf66-3a8ca2321052-groupManagement] INFO  server.RaftServerConfigKeys (ConfUtils.java:logGet(46)) - raft.server.log.statemachine.data.sync = true (default)
2024-02-26 09:18:31,310 [4e76a5f4-598e-407f-bd79-992a553d1db1-PipelineCommandHandlerThread-0] INFO  server.RaftServer (RaftServerProxy.java:addNew(100)) - 4e76a5f4-598e-407f-bd79-992a553d1db1: addNew group-EE4D386C2EB3:[4e76a5f4-598e-407f-bd79-992a553d1db1|10.1.0.30:15095, 90984f07-37f5-40e1-bf66-3a8ca2321052|10.1.0.30:15104, f4d7646f-0fb1-4da2-a8dc-21597b443f6f|10.1.0.30:15113] returns group-EE4D386C2EB3:java.util.concurrent.CompletableFuture@276b1a87[Not completed]
2024-02-26 09:18:31,310 [87e9945c-a125-4404-bbe2-61a5a4b10cf4-groupManagement] INFO  server.RaftServerConfigKeys (ConfUtils.java:logGet(46)) - raft.server.snapshot.trigger-when-stop.enabled = true (default)
2024-02-26 09:18:31,310 [87e9945c-a125-4404-bbe2-61a5a4b10cf4-groupManagement] INFO  server.RaftServerConfigKeys (ConfUtils.java:logGet(46)) - raft.server.snapshot.auto.trigger.enabled = true (custom)
2024-02-26 09:18:31,311 [87e9945c-a125-4404-bbe2-61a5a4b10cf4-groupManagement] INFO  server.RaftServerConfigKeys (ConfUtils.java:logGet(46)) - raft.server.snapshot.auto.trigger.threshold = 10000 (custom)
2024-02-26 09:18:31,311 [87e9945c-a125-4404-bbe2-61a5a4b10cf4-groupManagement] INFO  server.RaftServerConfigKeys (ConfUtils.java:logGet(46)) - raft.server.snapshot.retention.file.num = 5 (custom)
2024-02-26 09:18:31,311 [87e9945c-a125-4404-bbe2-61a5a4b10cf4-groupManagement] INFO  server.RaftServerConfigKeys (ConfUtils.java:logGet(46)) - raft.server.log.purge.upto.snapshot.index = false (default)
2024-02-26 09:18:31,310 [90984f07-37f5-40e1-bf66-3a8ca2321052-groupManagement] INFO  server.RaftServerConfigKeys (ConfUtils.java:logGet(46)) - raft.server.log.statemachine.data.sync.timeout = 10s (default)
2024-02-26 09:18:31,311 [90984f07-37f5-40e1-bf66-3a8ca2321052-groupManagement] INFO  server.RaftServerConfigKeys (ConfUtils.java:logGet(46)) - raft.server.log.statemachine.data.sync.timeout.retry = 0 (custom)
2024-02-26 09:18:31,311 [4e76a5f4-598e-407f-bd79-992a553d1db1-groupManagement] INFO  server.RaftServer$Division (RaftServerImpl.java:<init>(256)) - 4e76a5f4-598e-407f-bd79-992a553d1db1: new RaftServerImpl for group-EE4D386C2EB3:[4e76a5f4-598e-407f-bd79-992a553d1db1|10.1.0.30:15095, 90984f07-37f5-40e1-bf66-3a8ca2321052|10.1.0.30:15104, f4d7646f-0fb1-4da2-a8dc-21597b443f6f|10.1.0.30:15113] with ContainerStateMachine:uninitialized
2024-02-26 09:18:31,311 [4e76a5f4-598e-407f-bd79-992a553d1db1-groupManagement] INFO  server.RaftServerConfigKeys (ConfUtils.java:logGet(46)) - raft.server.rpc.timeout.min = 5s (custom)
2024-02-26 09:18:31,317 [4e76a5f4-598e-407f-bd79-992a553d1db1-groupManagement] INFO  server.RaftServerConfigKeys (ConfUtils.java:logGet(46)) - raft.server.rpc.timeout.max = 5200ms (custom)
2024-02-26 09:18:31,317 [4e76a5f4-598e-407f-bd79-992a553d1db1-groupManagement] INFO  server.RaftServerConfigKeys (ConfUtils.java:logGet(46)) - raft.server.rpc.sleep.time = 25ms (default)
2024-02-26 09:18:31,317 [4e76a5f4-598e-407f-bd79-992a553d1db1-groupManagement] INFO  server.RaftServerConfigKeys (ConfUtils.java:logGet(46)) - raft.server.rpc.slowness.timeout = 300s (custom)
2024-02-26 09:18:31,317 [4e76a5f4-598e-407f-bd79-992a553d1db1-groupManagement] INFO  server.RaftServerConfigKeys (ConfUtils.java:logGet(46)) - raft.server.leaderelection.leader.step-down.wait-time = 10s (default)
2024-02-26 09:18:31,317 [90984f07-37f5-40e1-bf66-3a8ca2321052-groupManagement] INFO  server.RaftServerConfigKeys (ConfUtils.java:logGet(46)) - raft.server.log.write.buffer.size = 8388616 (custom)
2024-02-26 09:18:31,317 [4e76a5f4-598e-407f-bd79-992a553d1db1-groupManagement] INFO  server.RaftServerConfigKeys (ConfUtils.java:logGet(46)) - raft.server.leaderelection.member.majority-add = false (default)
2024-02-26 09:18:31,317 [4e76a5f4-598e-407f-bd79-992a553d1db1-groupManagement] INFO  server.RaftServerConfigKeys (ConfUtils.java:logGet(46)) - raft.server.sleep.deviation.threshold = 300ms (default)
2024-02-26 09:18:31,318 [4e76a5f4-598e-407f-bd79-992a553d1db1-groupManagement] INFO  server.RaftServer$Division (ServerState.java:<init>(113)) - 4e76a5f4-598e-407f-bd79-992a553d1db1@group-EE4D386C2EB3: ConfigurationManager, init=-1: peers:[4e76a5f4-598e-407f-bd79-992a553d1db1|10.1.0.30:15095, 90984f07-37f5-40e1-bf66-3a8ca2321052|10.1.0.30:15104, f4d7646f-0fb1-4da2-a8dc-21597b443f6f|10.1.0.30:15113]|listeners:[], old=null, confs=<EMPTY_MAP>
2024-02-26 09:18:31,318 [4e76a5f4-598e-407f-bd79-992a553d1db1-groupManagement] INFO  server.RaftServerConfigKeys (ConfUtils.java:logGet(46)) - raft.server.notification.no-leader.timeout = 300s (custom)
2024-02-26 09:18:31,318 [4e76a5f4-598e-407f-bd79-992a553d1db1-groupManagement] INFO  server.RaftServerConfigKeys (ConfUtils.java:logGet(46)) - raft.server.read.timeout = 10s (default)
2024-02-26 09:18:31,318 [4e76a5f4-598e-407f-bd79-992a553d1db1-groupManagement] INFO  server.RaftServerConfigKeys (ConfUtils.java:logGet(46)) - raft.server.retrycache.expirytime = 600000ms (custom)
2024-02-26 09:18:31,318 [4e76a5f4-598e-407f-bd79-992a553d1db1-groupManagement] INFO  server.RaftServerConfigKeys (ConfUtils.java:logGet(46)) - raft.server.retrycache.statistics.expirytime = 100ms (default)
2024-02-26 09:18:31,318 [4e76a5f4-598e-407f-bd79-992a553d1db1-groupManagement] INFO  server.RaftServerConfigKeys (ConfUtils.java:logGet(46)) - raft.server.read.option = DEFAULT (default)
2024-02-26 09:18:31,318 [4e76a5f4-598e-407f-bd79-992a553d1db1-groupManagement] INFO  server.RaftServerConfigKeys (ConfUtils.java:logGet(46)) - raft.server.read.read-after-write-consistent.write-index-cache.expiry-time = 60s (default)
2024-02-26 09:18:31,319 [90984f07-37f5-40e1-bf66-3a8ca2321052-groupManagement] INFO  server.RaftServerConfigKeys (ConfUtils.java:logGet(46)) - raft.server.log.appender.buffer.byte-limit = 8388608 (custom)
2024-02-26 09:18:31,319 [90984f07-37f5-40e1-bf66-3a8ca2321052-groupManagement] INFO  server.RaftServerConfigKeys (ConfUtils.java:logGet(46)) - raft.server.log.unsafe-flush.enabled = false (default)
2024-02-26 09:18:31,319 [90984f07-37f5-40e1-bf66-3a8ca2321052-groupManagement] INFO  server.RaftServerConfigKeys (ConfUtils.java:logGet(46)) - raft.server.log.async-flush.enabled = false (default)
2024-02-26 09:18:31,319 [90984f07-37f5-40e1-bf66-3a8ca2321052-groupManagement] INFO  server.RaftServerConfigKeys (ConfUtils.java:logGet(46)) - raft.server.log.statemachine.data.caching.enabled = true (custom)
2024-02-26 09:18:31,319 [90984f07-37f5-40e1-bf66-3a8ca2321052-groupManagement] INFO  segmented.SegmentedRaftLogWorker (SegmentedRaftLogWorker.java:lambda$new$0(134)) - 90984f07-37f5-40e1-bf66-3a8ca2321052@group-84A835D1B97A-SegmentedRaftLogWorker: flushIndex: setUnconditionally 0 -> -1
2024-02-26 09:18:31,319 [90984f07-37f5-40e1-bf66-3a8ca2321052-groupManagement] INFO  segmented.SegmentedRaftLogWorker (SegmentedRaftLogWorker.java:lambda$new$0(134)) - 90984f07-37f5-40e1-bf66-3a8ca2321052@group-84A835D1B97A-SegmentedRaftLogWorker: safeCacheEvictIndex: setUnconditionally 0 -> -1
2024-02-26 09:18:31,320 [90984f07-37f5-40e1-bf66-3a8ca2321052-groupManagement] INFO  server.RaftServer$Division (RaftServerImpl.java:start(396)) - 90984f07-37f5-40e1-bf66-3a8ca2321052@group-84A835D1B97A: start as a follower, conf=-1: peers:[90984f07-37f5-40e1-bf66-3a8ca2321052|10.1.0.30:15104]|listeners:[], old=null
2024-02-26 09:18:31,320 [90984f07-37f5-40e1-bf66-3a8ca2321052-groupManagement] INFO  server.RaftServer$Division (RaftServerImpl.java:setRole(383)) - 90984f07-37f5-40e1-bf66-3a8ca2321052@group-84A835D1B97A: changes role from      null to FOLLOWER at term 0 for startAsFollower
2024-02-26 09:18:31,320 [b254f787-4ade-443a-8cd7-22935f345023-PipelineCommandHandlerThread-0] INFO  commandhandler.CreatePipelineCommandHandler (CreatePipelineCommandHandler.java:lambda$handle$2(124)) - Created Pipeline RATIS THREE PipelineID=b84c48df-f653-405d-a6f4-b7258a4d66ee.
2024-02-26 09:18:31,320 [b254f787-4ade-443a-8cd7-22935f345023-PipelineCommandHandlerThread-0] INFO  server.RaftServer (RaftServerProxy.java:addNew(100)) - b254f787-4ade-443a-8cd7-22935f345023: addNew group-F488967C77B6:[87e9945c-a125-4404-bbe2-61a5a4b10cf4|10.1.0.30:15086, b254f787-4ade-443a-8cd7-22935f345023|10.1.0.30:15068, aa7921d1-8be5-430c-af0e-7b09d4ba500e|10.1.0.30:15077] returns group-F488967C77B6:java.util.concurrent.CompletableFuture@1eb6331e[Not completed]
2024-02-26 09:18:31,321 [b254f787-4ade-443a-8cd7-22935f345023-groupManagement] INFO  server.RaftServer$Division (RaftServerImpl.java:<init>(256)) - b254f787-4ade-443a-8cd7-22935f345023: new RaftServerImpl for group-F488967C77B6:[87e9945c-a125-4404-bbe2-61a5a4b10cf4|10.1.0.30:15086, b254f787-4ade-443a-8cd7-22935f345023|10.1.0.30:15068, aa7921d1-8be5-430c-af0e-7b09d4ba500e|10.1.0.30:15077] with ContainerStateMachine:uninitialized
2024-02-26 09:18:31,321 [b254f787-4ade-443a-8cd7-22935f345023-groupManagement] INFO  server.RaftServerConfigKeys (ConfUtils.java:logGet(46)) - raft.server.rpc.timeout.min = 5s (custom)
2024-02-26 09:18:31,321 [b254f787-4ade-443a-8cd7-22935f345023-groupManagement] INFO  server.RaftServerConfigKeys (ConfUtils.java:logGet(46)) - raft.server.rpc.timeout.max = 5200ms (custom)
2024-02-26 09:18:31,321 [b254f787-4ade-443a-8cd7-22935f345023-groupManagement] INFO  server.RaftServerConfigKeys (ConfUtils.java:logGet(46)) - raft.server.rpc.sleep.time = 25ms (default)
2024-02-26 09:18:31,321 [b254f787-4ade-443a-8cd7-22935f345023-groupManagement] INFO  server.RaftServerConfigKeys (ConfUtils.java:logGet(46)) - raft.server.rpc.slowness.timeout = 300s (custom)
2024-02-26 09:18:31,321 [b254f787-4ade-443a-8cd7-22935f345023-groupManagement] INFO  server.RaftServerConfigKeys (ConfUtils.java:logGet(46)) - raft.server.leaderelection.leader.step-down.wait-time = 10s (default)
2024-02-26 09:18:31,322 [b254f787-4ade-443a-8cd7-22935f345023-groupManagement] INFO  server.RaftServerConfigKeys (ConfUtils.java:logGet(46)) - raft.server.leaderelection.member.majority-add = false (default)
2024-02-26 09:18:31,322 [b254f787-4ade-443a-8cd7-22935f345023-groupManagement] INFO  server.RaftServerConfigKeys (ConfUtils.java:logGet(46)) - raft.server.sleep.deviation.threshold = 300ms (default)
2024-02-26 09:18:31,322 [b254f787-4ade-443a-8cd7-22935f345023-groupManagement] INFO  server.RaftServer$Division (ServerState.java:<init>(113)) - b254f787-4ade-443a-8cd7-22935f345023@group-F488967C77B6: ConfigurationManager, init=-1: peers:[87e9945c-a125-4404-bbe2-61a5a4b10cf4|10.1.0.30:15086, b254f787-4ade-443a-8cd7-22935f345023|10.1.0.30:15068, aa7921d1-8be5-430c-af0e-7b09d4ba500e|10.1.0.30:15077]|listeners:[], old=null, confs=<EMPTY_MAP>
2024-02-26 09:18:31,322 [b254f787-4ade-443a-8cd7-22935f345023-groupManagement] INFO  server.RaftServerConfigKeys (ConfUtils.java:logGet(46)) - raft.server.notification.no-leader.timeout = 300s (custom)
2024-02-26 09:18:31,322 [b254f787-4ade-443a-8cd7-22935f345023-groupManagement] INFO  server.RaftServerConfigKeys (ConfUtils.java:logGet(46)) - raft.server.read.timeout = 10s (default)
2024-02-26 09:18:31,323 [90984f07-37f5-40e1-bf66-3a8ca2321052-groupManagement] INFO  impl.RoleInfo (RoleInfo.java:updateAndGet(139)) - 90984f07-37f5-40e1-bf66-3a8ca2321052: start 90984f07-37f5-40e1-bf66-3a8ca2321052@group-84A835D1B97A-FollowerState
2024-02-26 09:18:31,324 [87e9945c-a125-4404-bbe2-61a5a4b10cf4-PipelineCommandHandlerThread-0] INFO  ratis.XceiverServerRatis (XceiverServerRatis.java:addGroup(864)) - Created group PipelineID=b84c48df-f653-405d-a6f4-b7258a4d66ee
2024-02-26 09:18:31,325 [90984f07-37f5-40e1-bf66-3a8ca2321052-groupManagement] INFO  util.JmxRegister (JmxRegister.java:tryRegister(44)) - Successfully registered JMX Bean with object name Ratis:service=RaftServer,group=group-84A835D1B97A,id=90984f07-37f5-40e1-bf66-3a8ca2321052
2024-02-26 09:18:31,325 [b254f787-4ade-443a-8cd7-22935f345023-groupManagement] INFO  server.RaftServerConfigKeys (ConfUtils.java:logGet(46)) - raft.server.retrycache.expirytime = 600000ms (custom)
2024-02-26 09:18:31,325 [90984f07-37f5-40e1-bf66-3a8ca2321052-groupManagement] INFO  server.RaftServerConfigKeys (ConfUtils.java:logGet(46)) - raft.server.snapshot.trigger-when-stop.enabled = true (default)
2024-02-26 09:18:31,325 [90984f07-37f5-40e1-bf66-3a8ca2321052-groupManagement] INFO  server.RaftServerConfigKeys (ConfUtils.java:logGet(46)) - raft.server.snapshot.auto.trigger.enabled = true (custom)
2024-02-26 09:18:31,326 [90984f07-37f5-40e1-bf66-3a8ca2321052-groupManagement] INFO  server.RaftServerConfigKeys (ConfUtils.java:logGet(46)) - raft.server.snapshot.auto.trigger.threshold = 10000 (custom)
2024-02-26 09:18:31,326 [90984f07-37f5-40e1-bf66-3a8ca2321052-groupManagement] INFO  server.RaftServerConfigKeys (ConfUtils.java:logGet(46)) - raft.server.snapshot.retention.file.num = 5 (custom)
2024-02-26 09:18:31,326 [90984f07-37f5-40e1-bf66-3a8ca2321052-groupManagement] INFO  server.RaftServerConfigKeys (ConfUtils.java:logGet(46)) - raft.server.log.purge.upto.snapshot.index = false (default)
2024-02-26 09:18:31,325 [b254f787-4ade-443a-8cd7-22935f345023-groupManagement] INFO  server.RaftServerConfigKeys (ConfUtils.java:logGet(46)) - raft.server.retrycache.statistics.expirytime = 100ms (default)
2024-02-26 09:18:31,326 [b254f787-4ade-443a-8cd7-22935f345023-groupManagement] INFO  server.RaftServerConfigKeys (ConfUtils.java:logGet(46)) - raft.server.read.option = DEFAULT (default)
2024-02-26 09:18:31,326 [b254f787-4ade-443a-8cd7-22935f345023-groupManagement] INFO  server.RaftServerConfigKeys (ConfUtils.java:logGet(46)) - raft.server.read.read-after-write-consistent.write-index-cache.expiry-time = 60s (default)
2024-02-26 09:18:31,326 [90984f07-37f5-40e1-bf66-3a8ca2321052@group-84A835D1B97A-FollowerState] INFO  server.RaftServerConfigKeys (ConfUtils.java:logFallback(53)) - raft.server.rpc.first-election.timeout.min = 5s (fallback to raft.server.rpc.timeout.min)
2024-02-26 09:18:31,327 [90984f07-37f5-40e1-bf66-3a8ca2321052@group-84A835D1B97A-FollowerState] INFO  server.RaftServerConfigKeys (ConfUtils.java:logFallback(53)) - raft.server.rpc.first-election.timeout.max = 5200ms (fallback to raft.server.rpc.timeout.max)
2024-02-26 09:18:31,337 [90984f07-37f5-40e1-bf66-3a8ca2321052-PipelineCommandHandlerThread-0] INFO  ratis.XceiverServerRatis (XceiverServerRatis.java:addGroup(864)) - Created group PipelineID=da84240f-f37b-4bed-b4dd-84a835d1b97a
2024-02-26 09:18:31,337 [90984f07-37f5-40e1-bf66-3a8ca2321052-PipelineCommandHandlerThread-0] INFO  commandhandler.CreatePipelineCommandHandler (CreatePipelineCommandHandler.java:lambda$handle$2(124)) - Created Pipeline RATIS ONE PipelineID=da84240f-f37b-4bed-b4dd-84a835d1b97a.
2024-02-26 09:18:31,337 [f4d7646f-0fb1-4da2-a8dc-21597b443f6f-PipelineCommandHandlerThread-0] INFO  server.RaftServer (RaftServerProxy.java:addNew(100)) - f4d7646f-0fb1-4da2-a8dc-21597b443f6f: addNew group-70AFC97B979B:[f4d7646f-0fb1-4da2-a8dc-21597b443f6f|10.1.0.30:15113] returns group-70AFC97B979B:java.util.concurrent.CompletableFuture@66bab42[Not completed]
2024-02-26 09:18:31,338 [90984f07-37f5-40e1-bf66-3a8ca2321052-PipelineCommandHandlerThread-0] INFO  server.RaftServer (RaftServerProxy.java:addNew(100)) - 90984f07-37f5-40e1-bf66-3a8ca2321052: addNew group-EE4D386C2EB3:[4e76a5f4-598e-407f-bd79-992a553d1db1|10.1.0.30:15095, 90984f07-37f5-40e1-bf66-3a8ca2321052|10.1.0.30:15104, f4d7646f-0fb1-4da2-a8dc-21597b443f6f|10.1.0.30:15113] returns group-EE4D386C2EB3:java.util.concurrent.CompletableFuture@661b44d0[Not completed]
2024-02-26 09:18:31,345 [f4d7646f-0fb1-4da2-a8dc-21597b443f6f-groupManagement] INFO  server.RaftServer$Division (RaftServerImpl.java:<init>(256)) - f4d7646f-0fb1-4da2-a8dc-21597b443f6f: new RaftServerImpl for group-70AFC97B979B:[f4d7646f-0fb1-4da2-a8dc-21597b443f6f|10.1.0.30:15113] with ContainerStateMachine:uninitialized
2024-02-26 09:18:31,345 [f4d7646f-0fb1-4da2-a8dc-21597b443f6f-groupManagement] INFO  server.RaftServerConfigKeys (ConfUtils.java:logGet(46)) - raft.server.rpc.timeout.min = 5s (custom)
2024-02-26 09:18:31,345 [f4d7646f-0fb1-4da2-a8dc-21597b443f6f-groupManagement] INFO  server.RaftServerConfigKeys (ConfUtils.java:logGet(46)) - raft.server.rpc.timeout.max = 5200ms (custom)
2024-02-26 09:18:31,345 [f4d7646f-0fb1-4da2-a8dc-21597b443f6f-groupManagement] INFO  server.RaftServerConfigKeys (ConfUtils.java:logGet(46)) - raft.server.rpc.sleep.time = 25ms (default)
2024-02-26 09:18:31,345 [f4d7646f-0fb1-4da2-a8dc-21597b443f6f-groupManagement] INFO  server.RaftServerConfigKeys (ConfUtils.java:logGet(46)) - raft.server.rpc.slowness.timeout = 300s (custom)
2024-02-26 09:18:31,345 [f4d7646f-0fb1-4da2-a8dc-21597b443f6f-groupManagement] INFO  server.RaftServerConfigKeys (ConfUtils.java:logGet(46)) - raft.server.leaderelection.leader.step-down.wait-time = 10s (default)
2024-02-26 09:18:31,345 [f4d7646f-0fb1-4da2-a8dc-21597b443f6f-groupManagement] INFO  server.RaftServerConfigKeys (ConfUtils.java:logGet(46)) - raft.server.leaderelection.member.majority-add = false (default)
2024-02-26 09:18:31,345 [f4d7646f-0fb1-4da2-a8dc-21597b443f6f-groupManagement] INFO  server.RaftServerConfigKeys (ConfUtils.java:logGet(46)) - raft.server.sleep.deviation.threshold = 300ms (default)
2024-02-26 09:18:31,345 [f4d7646f-0fb1-4da2-a8dc-21597b443f6f-groupManagement] INFO  server.RaftServer$Division (ServerState.java:<init>(113)) - f4d7646f-0fb1-4da2-a8dc-21597b443f6f@group-70AFC97B979B: ConfigurationManager, init=-1: peers:[f4d7646f-0fb1-4da2-a8dc-21597b443f6f|10.1.0.30:15113]|listeners:[], old=null, confs=<EMPTY_MAP>
2024-02-26 09:18:31,346 [f4d7646f-0fb1-4da2-a8dc-21597b443f6f-groupManagement] INFO  server.RaftServerConfigKeys (ConfUtils.java:logGet(46)) - raft.server.notification.no-leader.timeout = 300s (custom)
2024-02-26 09:18:31,346 [f4d7646f-0fb1-4da2-a8dc-21597b443f6f-groupManagement] INFO  server.RaftServerConfigKeys (ConfUtils.java:logGet(46)) - raft.server.read.timeout = 10s (default)
2024-02-26 09:18:31,346 [f4d7646f-0fb1-4da2-a8dc-21597b443f6f-groupManagement] INFO  server.RaftServerConfigKeys (ConfUtils.java:logGet(46)) - raft.server.retrycache.expirytime = 600000ms (custom)
2024-02-26 09:18:31,346 [f4d7646f-0fb1-4da2-a8dc-21597b443f6f-groupManagement] INFO  server.RaftServerConfigKeys (ConfUtils.java:logGet(46)) - raft.server.retrycache.statistics.expirytime = 100ms (default)
2024-02-26 09:18:31,346 [f4d7646f-0fb1-4da2-a8dc-21597b443f6f-groupManagement] INFO  server.RaftServerConfigKeys (ConfUtils.java:logGet(46)) - raft.server.read.option = DEFAULT (default)
2024-02-26 09:18:31,346 [f4d7646f-0fb1-4da2-a8dc-21597b443f6f-groupManagement] INFO  server.RaftServerConfigKeys (ConfUtils.java:logGet(46)) - raft.server.read.read-after-write-consistent.write-index-cache.expiry-time = 60s (default)
2024-02-26 09:18:31,345 [90984f07-37f5-40e1-bf66-3a8ca2321052-groupManagement] INFO  server.RaftServer$Division (RaftServerImpl.java:<init>(256)) - 90984f07-37f5-40e1-bf66-3a8ca2321052: new RaftServerImpl for group-EE4D386C2EB3:[4e76a5f4-598e-407f-bd79-992a553d1db1|10.1.0.30:15095, 90984f07-37f5-40e1-bf66-3a8ca2321052|10.1.0.30:15104, f4d7646f-0fb1-4da2-a8dc-21597b443f6f|10.1.0.30:15113] with ContainerStateMachine:uninitialized
2024-02-26 09:18:31,346 [90984f07-37f5-40e1-bf66-3a8ca2321052-groupManagement] INFO  server.RaftServerConfigKeys (ConfUtils.java:logGet(46)) - raft.server.rpc.timeout.min = 5s (custom)
2024-02-26 09:18:31,346 [90984f07-37f5-40e1-bf66-3a8ca2321052-groupManagement] INFO  server.RaftServerConfigKeys (ConfUtils.java:logGet(46)) - raft.server.rpc.timeout.max = 5200ms (custom)
2024-02-26 09:18:31,346 [90984f07-37f5-40e1-bf66-3a8ca2321052-groupManagement] INFO  server.RaftServerConfigKeys (ConfUtils.java:logGet(46)) - raft.server.rpc.sleep.time = 25ms (default)
2024-02-26 09:18:31,346 [90984f07-37f5-40e1-bf66-3a8ca2321052-groupManagement] INFO  server.RaftServerConfigKeys (ConfUtils.java:logGet(46)) - raft.server.rpc.slowness.timeout = 300s (custom)
2024-02-26 09:18:31,346 [90984f07-37f5-40e1-bf66-3a8ca2321052-groupManagement] INFO  server.RaftServerConfigKeys (ConfUtils.java:logGet(46)) - raft.server.leaderelection.leader.step-down.wait-time = 10s (default)
2024-02-26 09:18:31,346 [90984f07-37f5-40e1-bf66-3a8ca2321052-groupManagement] INFO  server.RaftServerConfigKeys (ConfUtils.java:logGet(46)) - raft.server.leaderelection.member.majority-add = false (default)
2024-02-26 09:18:31,346 [90984f07-37f5-40e1-bf66-3a8ca2321052-groupManagement] INFO  server.RaftServerConfigKeys (ConfUtils.java:logGet(46)) - raft.server.sleep.deviation.threshold = 300ms (default)
2024-02-26 09:18:31,346 [90984f07-37f5-40e1-bf66-3a8ca2321052-groupManagement] INFO  server.RaftServer$Division (ServerState.java:<init>(113)) - 90984f07-37f5-40e1-bf66-3a8ca2321052@group-EE4D386C2EB3: ConfigurationManager, init=-1: peers:[4e76a5f4-598e-407f-bd79-992a553d1db1|10.1.0.30:15095, 90984f07-37f5-40e1-bf66-3a8ca2321052|10.1.0.30:15104, f4d7646f-0fb1-4da2-a8dc-21597b443f6f|10.1.0.30:15113]|listeners:[], old=null, confs=<EMPTY_MAP>
2024-02-26 09:18:31,346 [90984f07-37f5-40e1-bf66-3a8ca2321052-groupManagement] INFO  server.RaftServerConfigKeys (ConfUtils.java:logGet(46)) - raft.server.notification.no-leader.timeout = 300s (custom)
2024-02-26 09:18:31,347 [90984f07-37f5-40e1-bf66-3a8ca2321052-groupManagement] INFO  server.RaftServerConfigKeys (ConfUtils.java:logGet(46)) - raft.server.read.timeout = 10s (default)
2024-02-26 09:18:31,347 [90984f07-37f5-40e1-bf66-3a8ca2321052-groupManagement] INFO  server.RaftServerConfigKeys (ConfUtils.java:logGet(46)) - raft.server.retrycache.expirytime = 600000ms (custom)
2024-02-26 09:18:31,347 [90984f07-37f5-40e1-bf66-3a8ca2321052-groupManagement] INFO  server.RaftServerConfigKeys (ConfUtils.java:logGet(46)) - raft.server.retrycache.statistics.expirytime = 100ms (default)
2024-02-26 09:18:31,347 [90984f07-37f5-40e1-bf66-3a8ca2321052-groupManagement] INFO  server.RaftServerConfigKeys (ConfUtils.java:logGet(46)) - raft.server.read.option = DEFAULT (default)
2024-02-26 09:18:31,347 [90984f07-37f5-40e1-bf66-3a8ca2321052-groupManagement] INFO  server.RaftServerConfigKeys (ConfUtils.java:logGet(46)) - raft.server.read.read-after-write-consistent.write-index-cache.expiry-time = 60s (default)
2024-02-26 09:18:31,348 [4e76a5f4-598e-407f-bd79-992a553d1db1-groupManagement] INFO  server.RaftServerConfigKeys (ConfUtils.java:logGet(46)) - raft.server.rpc.request.timeout = 60s (custom)
2024-02-26 09:18:31,348 [4e76a5f4-598e-407f-bd79-992a553d1db1-groupManagement] INFO  server.RaftServerConfigKeys (ConfUtils.java:logGet(46)) - raft.server.log.appender.install.snapshot.enabled = false (custom)
2024-02-26 09:18:31,348 [4e76a5f4-598e-407f-bd79-992a553d1db1-groupManagement] INFO  server.RaftServerConfigKeys (ConfUtils.java:logGet(46)) - raft.server.threadpool.server.cached = true (default)
2024-02-26 09:18:31,348 [4e76a5f4-598e-407f-bd79-992a553d1db1-groupManagement] INFO  server.RaftServerConfigKeys (ConfUtils.java:logGet(46)) - raft.server.threadpool.server.size = 0 (default)
2024-02-26 09:18:31,348 [4e76a5f4-598e-407f-bd79-992a553d1db1-groupManagement] INFO  server.RaftServerConfigKeys (ConfUtils.java:logGet(46)) - raft.server.threadpool.client.cached = true (default)
2024-02-26 09:18:31,348 [4e76a5f4-598e-407f-bd79-992a553d1db1-groupManagement] INFO  server.RaftServerConfigKeys (ConfUtils.java:logGet(46)) - raft.server.threadpool.client.size = 0 (default)
2024-02-26 09:18:31,348 [4e76a5f4-598e-407f-bd79-992a553d1db1-groupManagement] INFO  server.RaftServerConfigKeys (ConfUtils.java:logGet(46)) - raft.server.storage.free-space.min = 0MB (=0) (default)
2024-02-26 09:18:31,348 [4e76a5f4-598e-407f-bd79-992a553d1db1-groupManagement] INFO  server.RaftServerConfigKeys (ConfUtils.java:logGet(46)) - raft.server.log.corruption.policy = EXCEPTION (default)
2024-02-26 09:18:31,348 [4e76a5f4-598e-407f-bd79-992a553d1db1-groupManagement] INFO  server.RaftServerConfigKeys (ConfUtils.java:logGet(46)) - raft.server.storage.dir = [/home/runner/work/ozone/ozone/hadoop-ozone/integration-test/target/test-dir/MiniOzoneClusterImpl-0d79f430-b8c0-477e-97b7-98e50d733022/ozone-meta/datanode-10/ratis] (custom)
2024-02-26 09:18:31,348 [4e76a5f4-598e-407f-bd79-992a553d1db1-groupManagement] INFO  storage.RaftStorageDirectory (RaftStorageDirectoryImpl.java:analyzeStorage(138)) - The storage directory /home/runner/work/ozone/ozone/hadoop-ozone/integration-test/target/test-dir/MiniOzoneClusterImpl-0d79f430-b8c0-477e-97b7-98e50d733022/ozone-meta/datanode-10/ratis/b301387e-7f34-403e-9476-ee4d386c2eb3 does not exist. Creating ...
2024-02-26 09:18:31,349 [4e76a5f4-598e-407f-bd79-992a553d1db1-groupManagement] INFO  storage.RaftStorageDirectory (RaftStorageDirectoryImpl.java:tryLock(228)) - Lock on /home/runner/work/ozone/ozone/hadoop-ozone/integration-test/target/test-dir/MiniOzoneClusterImpl-0d79f430-b8c0-477e-97b7-98e50d733022/ozone-meta/datanode-10/ratis/b301387e-7f34-403e-9476-ee4d386c2eb3/in_use.lock acquired by nodename 86312@fv-az1109-796
2024-02-26 09:18:31,350 [4e76a5f4-598e-407f-bd79-992a553d1db1-groupManagement] INFO  storage.RaftStorage (RaftStorageImpl.java:format(99)) - Storage directory /home/runner/work/ozone/ozone/hadoop-ozone/integration-test/target/test-dir/MiniOzoneClusterImpl-0d79f430-b8c0-477e-97b7-98e50d733022/ozone-meta/datanode-10/ratis/b301387e-7f34-403e-9476-ee4d386c2eb3 has been successfully formatted.
2024-02-26 09:18:31,350 [4e76a5f4-598e-407f-bd79-992a553d1db1-groupManagement] WARN  util.FileUtils (LogUtils.java:supplyAndLog(63)) - Failed to Files.newInputStream /home/runner/work/ozone/ozone/hadoop-ozone/integration-test/target/test-dir/MiniOzoneClusterImpl-0d79f430-b8c0-477e-97b7-98e50d733022/ozone-meta/datanode-10/ratis/b301387e-7f34-403e-9476-ee4d386c2eb3/current/raft-meta.conf with options []: java.nio.file.NoSuchFileException: /home/runner/work/ozone/ozone/hadoop-ozone/integration-test/target/test-dir/MiniOzoneClusterImpl-0d79f430-b8c0-477e-97b7-98e50d733022/ozone-meta/datanode-10/ratis/b301387e-7f34-403e-9476-ee4d386c2eb3/current/raft-meta.conf
2024-02-26 09:18:31,350 [4e76a5f4-598e-407f-bd79-992a553d1db1-groupManagement] INFO  ratis.ContainerStateMachine (ContainerStateMachine.java:loadSnapshot(287)) - group-EE4D386C2EB3: The snapshot info is null. Setting the last applied index to:(t:0, i:~)
2024-02-26 09:18:31,351 [4e76a5f4-598e-407f-bd79-992a553d1db1-groupManagement] INFO  server.RaftServerConfigKeys (ConfUtils.java:logGet(46)) - raft.server.log.use.memory = false (default)
2024-02-26 09:18:31,351 [4e76a5f4-598e-407f-bd79-992a553d1db1-groupManagement] INFO  server.RaftServerConfigKeys (ConfUtils.java:logGet(46)) - raft.server.log.purge.gap = 1000000 (custom)
2024-02-26 09:18:31,351 [4e76a5f4-598e-407f-bd79-992a553d1db1-groupManagement] INFO  server.RaftServerConfigKeys (ConfUtils.java:logGet(46)) - raft.server.log.appender.buffer.byte-limit = 8388608 (custom)
2024-02-26 09:18:31,351 [4e76a5f4-598e-407f-bd79-992a553d1db1-groupManagement] INFO  server.RaftServerConfigKeys (ConfUtils.java:logGet(46)) - raft.server.log.statemachine.data.read.timeout = 1000ms (default)
2024-02-26 09:18:31,351 [4e76a5f4-598e-407f-bd79-992a553d1db1-groupManagement] INFO  server.RaftServerConfigKeys (ConfUtils.java:logGet(46)) - raft.server.log.purge.preservation.log.num = 0 (default)
2024-02-26 09:18:31,352 [EventQueue-OpenPipelineForHealthyPipelineSafeModeRule] INFO  safemode.SCMSafeModeManager (HealthyPipelineSafeModeRule.java:process(140)) - SCM in safe mode. Healthy pipelines reported count is 0, required healthy pipeline reported count is 1
2024-02-26 09:18:31,372 [b254f787-4ade-443a-8cd7-22935f345023-groupManagement] INFO  server.RaftServerConfigKeys (ConfUtils.java:logGet(46)) - raft.server.rpc.request.timeout = 60s (custom)
2024-02-26 09:18:31,373 [b254f787-4ade-443a-8cd7-22935f345023-groupManagement] INFO  server.RaftServerConfigKeys (ConfUtils.java:logGet(46)) - raft.server.log.appender.install.snapshot.enabled = false (custom)
2024-02-26 09:18:31,373 [b254f787-4ade-443a-8cd7-22935f345023-groupManagement] INFO  server.RaftServerConfigKeys (ConfUtils.java:logGet(46)) - raft.server.threadpool.server.cached = true (default)
2024-02-26 09:18:31,373 [b254f787-4ade-443a-8cd7-22935f345023-groupManagement] INFO  server.RaftServerConfigKeys (ConfUtils.java:logGet(46)) - raft.server.threadpool.server.size = 0 (default)
2024-02-26 09:18:31,373 [b254f787-4ade-443a-8cd7-22935f345023-groupManagement] INFO  server.RaftServerConfigKeys (ConfUtils.java:logGet(46)) - raft.server.threadpool.client.cached = true (default)
2024-02-26 09:18:31,373 [b254f787-4ade-443a-8cd7-22935f345023-groupManagement] INFO  server.RaftServerConfigKeys (ConfUtils.java:logGet(46)) - raft.server.threadpool.client.size = 0 (default)
2024-02-26 09:18:31,373 [b254f787-4ade-443a-8cd7-22935f345023-groupManagement] INFO  server.RaftServerConfigKeys (ConfUtils.java:logGet(46)) - raft.server.storage.free-space.min = 0MB (=0) (default)
2024-02-26 09:18:31,373 [b254f787-4ade-443a-8cd7-22935f345023-groupManagement] INFO  server.RaftServerConfigKeys (ConfUtils.java:logGet(46)) - raft.server.log.corruption.policy = EXCEPTION (default)
2024-02-26 09:18:31,373 [b254f787-4ade-443a-8cd7-22935f345023-groupManagement] INFO  server.RaftServerConfigKeys (ConfUtils.java:logGet(46)) - raft.server.storage.dir = [/home/runner/work/ozone/ozone/hadoop-ozone/integration-test/target/test-dir/MiniOzoneClusterImpl-0d79f430-b8c0-477e-97b7-98e50d733022/ozone-meta/datanode-7/ratis] (custom)
2024-02-26 09:18:31,373 [b254f787-4ade-443a-8cd7-22935f345023-groupManagement] INFO  storage.RaftStorageDirectory (RaftStorageDirectoryImpl.java:analyzeStorage(138)) - The storage directory /home/runner/work/ozone/ozone/hadoop-ozone/integration-test/target/test-dir/MiniOzoneClusterImpl-0d79f430-b8c0-477e-97b7-98e50d733022/ozone-meta/datanode-7/ratis/12e2862d-a2f7-43f0-b7c6-f488967c77b6 does not exist. Creating ...
2024-02-26 09:18:31,374 [b254f787-4ade-443a-8cd7-22935f345023-groupManagement] INFO  storage.RaftStorageDirectory (RaftStorageDirectoryImpl.java:tryLock(228)) - Lock on /home/runner/work/ozone/ozone/hadoop-ozone/integration-test/target/test-dir/MiniOzoneClusterImpl-0d79f430-b8c0-477e-97b7-98e50d733022/ozone-meta/datanode-7/ratis/12e2862d-a2f7-43f0-b7c6-f488967c77b6/in_use.lock acquired by nodename 86312@fv-az1109-796
2024-02-26 09:18:31,375 [b254f787-4ade-443a-8cd7-22935f345023-groupManagement] INFO  storage.RaftStorage (RaftStorageImpl.java:format(99)) - Storage directory /home/runner/work/ozone/ozone/hadoop-ozone/integration-test/target/test-dir/MiniOzoneClusterImpl-0d79f430-b8c0-477e-97b7-98e50d733022/ozone-meta/datanode-7/ratis/12e2862d-a2f7-43f0-b7c6-f488967c77b6 has been successfully formatted.
2024-02-26 09:18:31,376 [b254f787-4ade-443a-8cd7-22935f345023-groupManagement] WARN  util.FileUtils (LogUtils.java:supplyAndLog(63)) - Failed to Files.newInputStream /home/runner/work/ozone/ozone/hadoop-ozone/integration-test/target/test-dir/MiniOzoneClusterImpl-0d79f430-b8c0-477e-97b7-98e50d733022/ozone-meta/datanode-7/ratis/12e2862d-a2f7-43f0-b7c6-f488967c77b6/current/raft-meta.conf with options []: java.nio.file.NoSuchFileException: /home/runner/work/ozone/ozone/hadoop-ozone/integration-test/target/test-dir/MiniOzoneClusterImpl-0d79f430-b8c0-477e-97b7-98e50d733022/ozone-meta/datanode-7/ratis/12e2862d-a2f7-43f0-b7c6-f488967c77b6/current/raft-meta.conf
2024-02-26 09:18:31,377 [4e76a5f4-598e-407f-bd79-992a553d1db1-groupManagement] INFO  server.RaftServerConfigKeys (ConfUtils.java:logGet(46)) - raft.server.log.segment.size.max = 67108864 (custom)
2024-02-26 09:18:31,378 [4e76a5f4-598e-407f-bd79-992a553d1db1-groupManagement] INFO  server.RaftServerConfigKeys (ConfUtils.java:logGet(46)) - raft.server.log.segment.cache.num.max = 2 (custom)
2024-02-26 09:18:31,378 [4e76a5f4-598e-407f-bd79-992a553d1db1-groupManagement] INFO  server.RaftServerConfigKeys (ConfUtils.java:logGet(46)) - raft.server.log.segment.cache.size.max = 200MB (=209715200) (default)
2024-02-26 09:18:31,378 [4e76a5f4-598e-407f-bd79-992a553d1db1-groupManagement] INFO  server.RaftServerConfigKeys (ConfUtils.java:logGet(46)) - raft.server.log.appender.buffer.byte-limit = 8388608 (custom)
2024-02-26 09:18:31,380 [90984f07-37f5-40e1-bf66-3a8ca2321052-groupManagement] INFO  server.RaftServerConfigKeys (ConfUtils.java:logGet(46)) - raft.server.rpc.request.timeout = 60s (custom)
2024-02-26 09:18:31,380 [90984f07-37f5-40e1-bf66-3a8ca2321052-groupManagement] INFO  server.RaftServerConfigKeys (ConfUtils.java:logGet(46)) - raft.server.log.appender.install.snapshot.enabled = false (custom)
2024-02-26 09:18:31,380 [90984f07-37f5-40e1-bf66-3a8ca2321052-groupManagement] INFO  server.RaftServerConfigKeys (ConfUtils.java:logGet(46)) - raft.server.threadpool.server.cached = true (default)
2024-02-26 09:18:31,380 [90984f07-37f5-40e1-bf66-3a8ca2321052-groupManagement] INFO  server.RaftServerConfigKeys (ConfUtils.java:logGet(46)) - raft.server.threadpool.server.size = 0 (default)
2024-02-26 09:18:31,380 [90984f07-37f5-40e1-bf66-3a8ca2321052-groupManagement] INFO  server.RaftServerConfigKeys (ConfUtils.java:logGet(46)) - raft.server.threadpool.client.cached = true (default)
2024-02-26 09:18:31,380 [90984f07-37f5-40e1-bf66-3a8ca2321052-groupManagement] INFO  server.RaftServerConfigKeys (ConfUtils.java:logGet(46)) - raft.server.threadpool.client.size = 0 (default)
2024-02-26 09:18:31,380 [90984f07-37f5-40e1-bf66-3a8ca2321052-groupManagement] INFO  server.RaftServerConfigKeys (ConfUtils.java:logGet(46)) - raft.server.storage.free-space.min = 0MB (=0) (default)
2024-02-26 09:18:31,380 [90984f07-37f5-40e1-bf66-3a8ca2321052-groupManagement] INFO  server.RaftServerConfigKeys (ConfUtils.java:logGet(46)) - raft.server.log.corruption.policy = EXCEPTION (default)
2024-02-26 09:18:31,380 [90984f07-37f5-40e1-bf66-3a8ca2321052-groupManagement] INFO  server.RaftServerConfigKeys (ConfUtils.java:logGet(46)) - raft.server.storage.dir = [/home/runner/work/ozone/ozone/hadoop-ozone/integration-test/target/test-dir/MiniOzoneClusterImpl-0d79f430-b8c0-477e-97b7-98e50d733022/ozone-meta/datanode-11/ratis] (custom)
2024-02-26 09:18:31,380 [90984f07-37f5-40e1-bf66-3a8ca2321052-groupManagement] INFO  storage.RaftStorageDirectory (RaftStorageDirectoryImpl.java:analyzeStorage(138)) - The storage directory /home/runner/work/ozone/ozone/hadoop-ozone/integration-test/target/test-dir/MiniOzoneClusterImpl-0d79f430-b8c0-477e-97b7-98e50d733022/ozone-meta/datanode-11/ratis/b301387e-7f34-403e-9476-ee4d386c2eb3 does not exist. Creating ...
2024-02-26 09:18:31,380 [b254f787-4ade-443a-8cd7-22935f345023-groupManagement] INFO  ratis.ContainerStateMachine (ContainerStateMachine.java:loadSnapshot(287)) - group-F488967C77B6: The snapshot info is null. Setting the last applied index to:(t:0, i:~)
2024-02-26 09:18:31,380 [b254f787-4ade-443a-8cd7-22935f345023-groupManagement] INFO  server.RaftServerConfigKeys (ConfUtils.java:logGet(46)) - raft.server.log.use.memory = false (default)
2024-02-26 09:18:31,381 [b254f787-4ade-443a-8cd7-22935f345023-groupManagement] INFO  server.RaftServerConfigKeys (ConfUtils.java:logGet(46)) - raft.server.log.purge.gap = 1000000 (custom)
2024-02-26 09:18:31,381 [b254f787-4ade-443a-8cd7-22935f345023-groupManagement] INFO  server.RaftServerConfigKeys (ConfUtils.java:logGet(46)) - raft.server.log.appender.buffer.byte-limit = 8388608 (custom)
2024-02-26 09:18:31,381 [b254f787-4ade-443a-8cd7-22935f345023-groupManagement] INFO  server.RaftServerConfigKeys (ConfUtils.java:logGet(46)) - raft.server.log.statemachine.data.read.timeout = 1000ms (default)
2024-02-26 09:18:31,381 [b254f787-4ade-443a-8cd7-22935f345023-groupManagement] INFO  server.RaftServerConfigKeys (ConfUtils.java:logGet(46)) - raft.server.log.purge.preservation.log.num = 0 (default)
2024-02-26 09:18:31,385 [90984f07-37f5-40e1-bf66-3a8ca2321052-groupManagement] INFO  storage.RaftStorageDirectory (RaftStorageDirectoryImpl.java:tryLock(228)) - Lock on /home/runner/work/ozone/ozone/hadoop-ozone/integration-test/target/test-dir/MiniOzoneClusterImpl-0d79f430-b8c0-477e-97b7-98e50d733022/ozone-meta/datanode-11/ratis/b301387e-7f34-403e-9476-ee4d386c2eb3/in_use.lock acquired by nodename 86312@fv-az1109-796
2024-02-26 09:18:31,388 [87e9945c-a125-4404-bbe2-61a5a4b10cf4-PipelineCommandHandlerThread-0] INFO  commandhandler.CreatePipelineCommandHandler (CreatePipelineCommandHandler.java:lambda$handle$2(124)) - Created Pipeline RATIS THREE PipelineID=b84c48df-f653-405d-a6f4-b7258a4d66ee.
2024-02-26 09:18:31,388 [4e76a5f4-598e-407f-bd79-992a553d1db1-groupManagement] INFO  util.AwaitToRun (AwaitToRun.java:start(81)) - Thread[4e76a5f4-598e-407f-bd79-992a553d1db1@group-EE4D386C2EB3-cacheEviction-AwaitToRun,5,main] started
2024-02-26 09:18:31,388 [4e76a5f4-598e-407f-bd79-992a553d1db1-groupManagement] INFO  segmented.SegmentedRaftLogWorker (SegmentedRaftLogWorker.java:<init>(182)) - new 4e76a5f4-598e-407f-bd79-992a553d1db1@group-EE4D386C2EB3-SegmentedRaftLogWorker for RaftStorageImpl:Storage Directory /home/runner/work/ozone/ozone/hadoop-ozone/integration-test/target/test-dir/MiniOzoneClusterImpl-0d79f430-b8c0-477e-97b7-98e50d733022/ozone-meta/datanode-10/ratis/b301387e-7f34-403e-9476-ee4d386c2eb3
2024-02-26 09:18:31,388 [4e76a5f4-598e-407f-bd79-992a553d1db1-groupManagement] INFO  server.RaftServerConfigKeys (ConfUtils.java:logGet(46)) - raft.server.log.queue.byte-limit = 4294967296 (custom)
2024-02-26 09:18:31,388 [4e76a5f4-598e-407f-bd79-992a553d1db1-groupManagement] INFO  server.RaftServerConfigKeys (ConfUtils.java:logGet(46)) - raft.server.log.queue.element-limit = 1024 (custom)
2024-02-26 09:18:31,388 [4e76a5f4-598e-407f-bd79-992a553d1db1-groupManagement] INFO  server.RaftServerConfigKeys (ConfUtils.java:logGet(46)) - raft.server.log.segment.size.max = 67108864 (custom)
2024-02-26 09:18:31,388 [4e76a5f4-598e-407f-bd79-992a553d1db1-groupManagement] INFO  server.RaftServerConfigKeys (ConfUtils.java:logGet(46)) - raft.server.log.preallocated.size = 4194304 (custom)
2024-02-26 09:18:31,388 [4e76a5f4-598e-407f-bd79-992a553d1db1-groupManagement] INFO  server.RaftServerConfigKeys (ConfUtils.java:logGet(46)) - raft.server.log.force.sync.num = 128 (default)
2024-02-26 09:18:31,388 [4e76a5f4-598e-407f-bd79-992a553d1db1-groupManagement] INFO  server.RaftServerConfigKeys (ConfUtils.java:logGet(46)) - raft.server.log.statemachine.data.sync = true (default)
2024-02-26 09:18:31,388 [4e76a5f4-598e-407f-bd79-992a553d1db1-groupManagement] INFO  server.RaftServerConfigKeys (ConfUtils.java:logGet(46)) - raft.server.log.statemachine.data.sync.timeout = 10s (default)
2024-02-26 09:18:31,388 [4e76a5f4-598e-407f-bd79-992a553d1db1-groupManagement] INFO  server.RaftServerConfigKeys (ConfUtils.java:logGet(46)) - raft.server.log.statemachine.data.sync.timeout.retry = 0 (custom)
2024-02-26 09:18:31,389 [4e76a5f4-598e-407f-bd79-992a553d1db1-groupManagement] INFO  server.RaftServerConfigKeys (ConfUtils.java:logGet(46)) - raft.server.log.write.buffer.size = 8388616 (custom)
2024-02-26 09:18:31,389 [90984f07-37f5-40e1-bf66-3a8ca2321052-groupManagement] INFO  storage.RaftStorage (RaftStorageImpl.java:format(99)) - Storage directory /home/runner/work/ozone/ozone/hadoop-ozone/integration-test/target/test-dir/MiniOzoneClusterImpl-0d79f430-b8c0-477e-97b7-98e50d733022/ozone-meta/datanode-11/ratis/b301387e-7f34-403e-9476-ee4d386c2eb3 has been successfully formatted.
2024-02-26 09:18:31,389 [90984f07-37f5-40e1-bf66-3a8ca2321052-groupManagement] WARN  util.FileUtils (LogUtils.java:supplyAndLog(63)) - Failed to Files.newInputStream /home/runner/work/ozone/ozone/hadoop-ozone/integration-test/target/test-dir/MiniOzoneClusterImpl-0d79f430-b8c0-477e-97b7-98e50d733022/ozone-meta/datanode-11/ratis/b301387e-7f34-403e-9476-ee4d386c2eb3/current/raft-meta.conf with options []: java.nio.file.NoSuchFileException: /home/runner/work/ozone/ozone/hadoop-ozone/integration-test/target/test-dir/MiniOzoneClusterImpl-0d79f430-b8c0-477e-97b7-98e50d733022/ozone-meta/datanode-11/ratis/b301387e-7f34-403e-9476-ee4d386c2eb3/current/raft-meta.conf
2024-02-26 09:18:31,390 [90984f07-37f5-40e1-bf66-3a8ca2321052-groupManagement] INFO  ratis.ContainerStateMachine (ContainerStateMachine.java:loadSnapshot(287)) - group-EE4D386C2EB3: The snapshot info is null. Setting the last applied index to:(t:0, i:~)
2024-02-26 09:18:31,390 [90984f07-37f5-40e1-bf66-3a8ca2321052-groupManagement] INFO  server.RaftServerConfigKeys (ConfUtils.java:logGet(46)) - raft.server.log.use.memory = false (default)
2024-02-26 09:18:31,391 [90984f07-37f5-40e1-bf66-3a8ca2321052-groupManagement] INFO  server.RaftServerConfigKeys (ConfUtils.java:logGet(46)) - raft.server.log.purge.gap = 1000000 (custom)
2024-02-26 09:18:31,391 [87e9945c-a125-4404-bbe2-61a5a4b10cf4-PipelineCommandHandlerThread-0] INFO  server.RaftServer (RaftServerProxy.java:addNew(100)) - 87e9945c-a125-4404-bbe2-61a5a4b10cf4: addNew group-F488967C77B6:[87e9945c-a125-4404-bbe2-61a5a4b10cf4|10.1.0.30:15086, b254f787-4ade-443a-8cd7-22935f345023|10.1.0.30:15068, aa7921d1-8be5-430c-af0e-7b09d4ba500e|10.1.0.30:15077] returns group-F488967C77B6:java.util.concurrent.CompletableFuture@70c48f4c[Not completed]
2024-02-26 09:18:31,392 [87e9945c-a125-4404-bbe2-61a5a4b10cf4-groupManagement] INFO  server.RaftServer$Division (RaftServerImpl.java:<init>(256)) - 87e9945c-a125-4404-bbe2-61a5a4b10cf4: new RaftServerImpl for group-F488967C77B6:[87e9945c-a125-4404-bbe2-61a5a4b10cf4|10.1.0.30:15086, b254f787-4ade-443a-8cd7-22935f345023|10.1.0.30:15068, aa7921d1-8be5-430c-af0e-7b09d4ba500e|10.1.0.30:15077] with ContainerStateMachine:uninitialized
2024-02-26 09:18:31,392 [87e9945c-a125-4404-bbe2-61a5a4b10cf4-groupManagement] INFO  server.RaftServerConfigKeys (ConfUtils.java:logGet(46)) - raft.server.rpc.timeout.min = 5s (custom)
2024-02-26 09:18:31,392 [87e9945c-a125-4404-bbe2-61a5a4b10cf4-groupManagement] INFO  server.RaftServerConfigKeys (ConfUtils.java:logGet(46)) - raft.server.rpc.timeout.max = 5200ms (custom)
2024-02-26 09:18:31,392 [87e9945c-a125-4404-bbe2-61a5a4b10cf4-groupManagement] INFO  server.RaftServerConfigKeys (ConfUtils.java:logGet(46)) - raft.server.rpc.sleep.time = 25ms (default)
2024-02-26 09:18:31,392 [87e9945c-a125-4404-bbe2-61a5a4b10cf4-groupManagement] INFO  server.RaftServerConfigKeys (ConfUtils.java:logGet(46)) - raft.server.rpc.slowness.timeout = 300s (custom)
2024-02-26 09:18:31,392 [87e9945c-a125-4404-bbe2-61a5a4b10cf4-groupManagement] INFO  server.RaftServerConfigKeys (ConfUtils.java:logGet(46)) - raft.server.leaderelection.leader.step-down.wait-time = 10s (default)
2024-02-26 09:18:31,392 [87e9945c-a125-4404-bbe2-61a5a4b10cf4-groupManagement] INFO  server.RaftServerConfigKeys (ConfUtils.java:logGet(46)) - raft.server.leaderelection.member.majority-add = false (default)
2024-02-26 09:18:31,392 [87e9945c-a125-4404-bbe2-61a5a4b10cf4-groupManagement] INFO  server.RaftServerConfigKeys (ConfUtils.java:logGet(46)) - raft.server.sleep.deviation.threshold = 300ms (default)
2024-02-26 09:18:31,392 [87e9945c-a125-4404-bbe2-61a5a4b10cf4-groupManagement] INFO  server.RaftServer$Division (ServerState.java:<init>(113)) - 87e9945c-a125-4404-bbe2-61a5a4b10cf4@group-F488967C77B6: ConfigurationManager, init=-1: peers:[87e9945c-a125-4404-bbe2-61a5a4b10cf4|10.1.0.30:15086, b254f787-4ade-443a-8cd7-22935f345023|10.1.0.30:15068, aa7921d1-8be5-430c-af0e-7b09d4ba500e|10.1.0.30:15077]|listeners:[], old=null, confs=<EMPTY_MAP>
2024-02-26 09:18:31,392 [87e9945c-a125-4404-bbe2-61a5a4b10cf4-groupManagement] INFO  server.RaftServerConfigKeys (ConfUtils.java:logGet(46)) - raft.server.notification.no-leader.timeout = 300s (custom)
2024-02-26 09:18:31,393 [87e9945c-a125-4404-bbe2-61a5a4b10cf4-groupManagement] INFO  server.RaftServerConfigKeys (ConfUtils.java:logGet(46)) - raft.server.read.timeout = 10s (default)
2024-02-26 09:18:31,393 [87e9945c-a125-4404-bbe2-61a5a4b10cf4-groupManagement] INFO  server.RaftServerConfigKeys (ConfUtils.java:logGet(46)) - raft.server.retrycache.expirytime = 600000ms (custom)
2024-02-26 09:18:31,393 [87e9945c-a125-4404-bbe2-61a5a4b10cf4-groupManagement] INFO  server.RaftServerConfigKeys (ConfUtils.java:logGet(46)) - raft.server.retrycache.statistics.expirytime = 100ms (default)
2024-02-26 09:18:31,393 [87e9945c-a125-4404-bbe2-61a5a4b10cf4-groupManagement] INFO  server.RaftServerConfigKeys (ConfUtils.java:logGet(46)) - raft.server.read.option = DEFAULT (default)
2024-02-26 09:18:31,393 [87e9945c-a125-4404-bbe2-61a5a4b10cf4-groupManagement] INFO  server.RaftServerConfigKeys (ConfUtils.java:logGet(46)) - raft.server.read.read-after-write-consistent.write-index-cache.expiry-time = 60s (default)
2024-02-26 09:18:31,395 [87e9945c-a125-4404-bbe2-61a5a4b10cf4-groupManagement] INFO  server.RaftServerConfigKeys (ConfUtils.java:logGet(46)) - raft.server.rpc.request.timeout = 60s (custom)
2024-02-26 09:18:31,395 [87e9945c-a125-4404-bbe2-61a5a4b10cf4-groupManagement] INFO  server.RaftServerConfigKeys (ConfUtils.java:logGet(46)) - raft.server.log.appender.install.snapshot.enabled = false (custom)
2024-02-26 09:18:31,396 [87e9945c-a125-4404-bbe2-61a5a4b10cf4-groupManagement] INFO  server.RaftServerConfigKeys (ConfUtils.java:logGet(46)) - raft.server.threadpool.server.cached = true (default)
2024-02-26 09:18:31,390 [b254f787-4ade-443a-8cd7-22935f345023-groupManagement] INFO  server.RaftServerConfigKeys (ConfUtils.java:logGet(46)) - raft.server.log.segment.size.max = 67108864 (custom)
2024-02-26 09:18:31,397 [b254f787-4ade-443a-8cd7-22935f345023-groupManagement] INFO  server.RaftServerConfigKeys (ConfUtils.java:logGet(46)) - raft.server.log.segment.cache.num.max = 2 (custom)
2024-02-26 09:18:31,397 [b254f787-4ade-443a-8cd7-22935f345023-groupManagement] INFO  server.RaftServerConfigKeys (ConfUtils.java:logGet(46)) - raft.server.log.segment.cache.size.max = 200MB (=209715200) (default)
2024-02-26 09:18:31,397 [b254f787-4ade-443a-8cd7-22935f345023-groupManagement] INFO  server.RaftServerConfigKeys (ConfUtils.java:logGet(46)) - raft.server.log.appender.buffer.byte-limit = 8388608 (custom)
2024-02-26 09:18:31,397 [b254f787-4ade-443a-8cd7-22935f345023-groupManagement] INFO  util.AwaitToRun (AwaitToRun.java:start(81)) - Thread[b254f787-4ade-443a-8cd7-22935f345023@group-F488967C77B6-cacheEviction-AwaitToRun,5,main] started
2024-02-26 09:18:31,397 [b254f787-4ade-443a-8cd7-22935f345023-groupManagement] INFO  segmented.SegmentedRaftLogWorker (SegmentedRaftLogWorker.java:<init>(182)) - new b254f787-4ade-443a-8cd7-22935f345023@group-F488967C77B6-SegmentedRaftLogWorker for RaftStorageImpl:Storage Directory /home/runner/work/ozone/ozone/hadoop-ozone/integration-test/target/test-dir/MiniOzoneClusterImpl-0d79f430-b8c0-477e-97b7-98e50d733022/ozone-meta/datanode-7/ratis/12e2862d-a2f7-43f0-b7c6-f488967c77b6
2024-02-26 09:18:31,397 [b254f787-4ade-443a-8cd7-22935f345023-groupManagement] INFO  server.RaftServerConfigKeys (ConfUtils.java:logGet(46)) - raft.server.log.queue.byte-limit = 4294967296 (custom)
2024-02-26 09:18:31,397 [b254f787-4ade-443a-8cd7-22935f345023-groupManagement] INFO  server.RaftServerConfigKeys (ConfUtils.java:logGet(46)) - raft.server.log.queue.element-limit = 1024 (custom)
2024-02-26 09:18:31,397 [b254f787-4ade-443a-8cd7-22935f345023-groupManagement] INFO  server.RaftServerConfigKeys (ConfUtils.java:logGet(46)) - raft.server.log.segment.size.max = 67108864 (custom)
2024-02-26 09:18:31,397 [b254f787-4ade-443a-8cd7-22935f345023-groupManagement] INFO  server.RaftServerConfigKeys (ConfUtils.java:logGet(46)) - raft.server.log.preallocated.size = 4194304 (custom)
2024-02-26 09:18:31,398 [b254f787-4ade-443a-8cd7-22935f345023-groupManagement] INFO  server.RaftServerConfigKeys (ConfUtils.java:logGet(46)) - raft.server.log.force.sync.num = 128 (default)
2024-02-26 09:18:31,398 [b254f787-4ade-443a-8cd7-22935f345023-groupManagement] INFO  server.RaftServerConfigKeys (ConfUtils.java:logGet(46)) - raft.server.log.statemachine.data.sync = true (default)
2024-02-26 09:18:31,398 [b254f787-4ade-443a-8cd7-22935f345023-groupManagement] INFO  server.RaftServerConfigKeys (ConfUtils.java:logGet(46)) - raft.server.log.statemachine.data.sync.timeout = 10s (default)
2024-02-26 09:18:31,398 [b254f787-4ade-443a-8cd7-22935f345023-groupManagement] INFO  server.RaftServerConfigKeys (ConfUtils.java:logGet(46)) - raft.server.log.statemachine.data.sync.timeout.retry = 0 (custom)
2024-02-26 09:18:31,397 [87e9945c-a125-4404-bbe2-61a5a4b10cf4-groupManagement] INFO  server.RaftServerConfigKeys (ConfUtils.java:logGet(46)) - raft.server.threadpool.server.size = 0 (default)
2024-02-26 09:18:31,391 [90984f07-37f5-40e1-bf66-3a8ca2321052-groupManagement] INFO  server.RaftServerConfigKeys (ConfUtils.java:logGet(46)) - raft.server.log.appender.buffer.byte-limit = 8388608 (custom)
2024-02-26 09:18:31,398 [90984f07-37f5-40e1-bf66-3a8ca2321052-groupManagement] INFO  server.RaftServerConfigKeys (ConfUtils.java:logGet(46)) - raft.server.log.statemachine.data.read.timeout = 1000ms (default)
2024-02-26 09:18:31,398 [90984f07-37f5-40e1-bf66-3a8ca2321052-groupManagement] INFO  server.RaftServerConfigKeys (ConfUtils.java:logGet(46)) - raft.server.log.purge.preservation.log.num = 0 (default)
2024-02-26 09:18:31,399 [aa7921d1-8be5-430c-af0e-7b09d4ba500e-PipelineCommandHandlerThread-0] INFO  commandhandler.CreatePipelineCommandHandler (CreatePipelineCommandHandler.java:lambda$handle$2(124)) - Created Pipeline RATIS THREE PipelineID=b84c48df-f653-405d-a6f4-b7258a4d66ee.
2024-02-26 09:18:31,399 [aa7921d1-8be5-430c-af0e-7b09d4ba500e-PipelineCommandHandlerThread-0] INFO  server.RaftServer (RaftServerProxy.java:addNew(100)) - aa7921d1-8be5-430c-af0e-7b09d4ba500e: addNew group-F488967C77B6:[87e9945c-a125-4404-bbe2-61a5a4b10cf4|10.1.0.30:15086, b254f787-4ade-443a-8cd7-22935f345023|10.1.0.30:15068, aa7921d1-8be5-430c-af0e-7b09d4ba500e|10.1.0.30:15077] returns group-F488967C77B6:java.util.concurrent.CompletableFuture@10df0ec8[Not completed]
2024-02-26 09:18:31,400 [aa7921d1-8be5-430c-af0e-7b09d4ba500e-groupManagement] INFO  server.RaftServer$Division (RaftServerImpl.java:<init>(256)) - aa7921d1-8be5-430c-af0e-7b09d4ba500e: new RaftServerImpl for group-F488967C77B6:[87e9945c-a125-4404-bbe2-61a5a4b10cf4|10.1.0.30:15086, b254f787-4ade-443a-8cd7-22935f345023|10.1.0.30:15068, aa7921d1-8be5-430c-af0e-7b09d4ba500e|10.1.0.30:15077] with ContainerStateMachine:uninitialized
2024-02-26 09:18:31,400 [aa7921d1-8be5-430c-af0e-7b09d4ba500e-groupManagement] INFO  server.RaftServerConfigKeys (ConfUtils.java:logGet(46)) - raft.server.rpc.timeout.min = 5s (custom)
2024-02-26 09:18:31,400 [aa7921d1-8be5-430c-af0e-7b09d4ba500e-groupManagement] INFO  server.RaftServerConfigKeys (ConfUtils.java:logGet(46)) - raft.server.rpc.timeout.max = 5200ms (custom)
2024-02-26 09:18:31,400 [aa7921d1-8be5-430c-af0e-7b09d4ba500e-groupManagement] INFO  server.RaftServerConfigKeys (ConfUtils.java:logGet(46)) - raft.server.rpc.sleep.time = 25ms (default)
2024-02-26 09:18:31,400 [aa7921d1-8be5-430c-af0e-7b09d4ba500e-groupManagement] INFO  server.RaftServerConfigKeys (ConfUtils.java:logGet(46)) - raft.server.rpc.slowness.timeout = 300s (custom)
2024-02-26 09:18:31,400 [aa7921d1-8be5-430c-af0e-7b09d4ba500e-groupManagement] INFO  server.RaftServerConfigKeys (ConfUtils.java:logGet(46)) - raft.server.leaderelection.leader.step-down.wait-time = 10s (default)
2024-02-26 09:18:31,400 [aa7921d1-8be5-430c-af0e-7b09d4ba500e-groupManagement] INFO  server.RaftServerConfigKeys (ConfUtils.java:logGet(46)) - raft.server.leaderelection.member.majority-add = false (default)
2024-02-26 09:18:31,400 [aa7921d1-8be5-430c-af0e-7b09d4ba500e-groupManagement] INFO  server.RaftServerConfigKeys (ConfUtils.java:logGet(46)) - raft.server.sleep.deviation.threshold = 300ms (default)
2024-02-26 09:18:31,400 [aa7921d1-8be5-430c-af0e-7b09d4ba500e-groupManagement] INFO  server.RaftServer$Division (ServerState.java:<init>(113)) - aa7921d1-8be5-430c-af0e-7b09d4ba500e@group-F488967C77B6: ConfigurationManager, init=-1: peers:[87e9945c-a125-4404-bbe2-61a5a4b10cf4|10.1.0.30:15086, b254f787-4ade-443a-8cd7-22935f345023|10.1.0.30:15068, aa7921d1-8be5-430c-af0e-7b09d4ba500e|10.1.0.30:15077]|listeners:[], old=null, confs=<EMPTY_MAP>
2024-02-26 09:18:31,400 [aa7921d1-8be5-430c-af0e-7b09d4ba500e-groupManagement] INFO  server.RaftServerConfigKeys (ConfUtils.java:logGet(46)) - raft.server.notification.no-leader.timeout = 300s (custom)
2024-02-26 09:18:31,400 [aa7921d1-8be5-430c-af0e-7b09d4ba500e-groupManagement] INFO  server.RaftServerConfigKeys (ConfUtils.java:logGet(46)) - raft.server.read.timeout = 10s (default)
2024-02-26 09:18:31,400 [aa7921d1-8be5-430c-af0e-7b09d4ba500e-groupManagement] INFO  server.RaftServerConfigKeys (ConfUtils.java:logGet(46)) - raft.server.retrycache.expirytime = 600000ms (custom)
2024-02-26 09:18:31,400 [aa7921d1-8be5-430c-af0e-7b09d4ba500e-groupManagement] INFO  server.RaftServerConfigKeys (ConfUtils.java:logGet(46)) - raft.server.retrycache.statistics.expirytime = 100ms (default)
2024-02-26 09:18:31,400 [aa7921d1-8be5-430c-af0e-7b09d4ba500e-groupManagement] INFO  server.RaftServerConfigKeys (ConfUtils.java:logGet(46)) - raft.server.read.option = DEFAULT (default)
2024-02-26 09:18:31,400 [aa7921d1-8be5-430c-af0e-7b09d4ba500e-groupManagement] INFO  server.RaftServerConfigKeys (ConfUtils.java:logGet(46)) - raft.server.read.read-after-write-consistent.write-index-cache.expiry-time = 60s (default)
2024-02-26 09:18:31,391 [4e76a5f4-598e-407f-bd79-992a553d1db1-groupManagement] INFO  server.RaftServerConfigKeys (ConfUtils.java:logGet(46)) - raft.server.log.appender.buffer.byte-limit = 8388608 (custom)
2024-02-26 09:18:31,402 [4e76a5f4-598e-407f-bd79-992a553d1db1-groupManagement] INFO  server.RaftServerConfigKeys (ConfUtils.java:logGet(46)) - raft.server.log.unsafe-flush.enabled = false (default)
2024-02-26 09:18:31,402 [4e76a5f4-598e-407f-bd79-992a553d1db1-groupManagement] INFO  server.RaftServerConfigKeys (ConfUtils.java:logGet(46)) - raft.server.log.async-flush.enabled = false (default)
2024-02-26 09:18:31,390 [EventQueue-OpenPipelineForHealthyPipelineSafeModeRule] INFO  safemode.SCMSafeModeManager (HealthyPipelineSafeModeRule.java:process(140)) - SCM in safe mode. Healthy pipelines reported count is 0, required healthy pipeline reported count is 1
2024-02-26 09:18:31,402 [4e76a5f4-598e-407f-bd79-992a553d1db1-groupManagement] INFO  server.RaftServerConfigKeys (ConfUtils.java:logGet(46)) - raft.server.log.statemachine.data.caching.enabled = true (custom)
2024-02-26 09:18:31,402 [4e76a5f4-598e-407f-bd79-992a553d1db1-groupManagement] INFO  segmented.SegmentedRaftLogWorker (SegmentedRaftLogWorker.java:lambda$new$0(134)) - 4e76a5f4-598e-407f-bd79-992a553d1db1@group-EE4D386C2EB3-SegmentedRaftLogWorker: flushIndex: setUnconditionally 0 -> -1
2024-02-26 09:18:31,403 [4e76a5f4-598e-407f-bd79-992a553d1db1-groupManagement] INFO  segmented.SegmentedRaftLogWorker (SegmentedRaftLogWorker.java:lambda$new$0(134)) - 4e76a5f4-598e-407f-bd79-992a553d1db1@group-EE4D386C2EB3-SegmentedRaftLogWorker: safeCacheEvictIndex: setUnconditionally 0 -> -1
2024-02-26 09:18:31,403 [4e76a5f4-598e-407f-bd79-992a553d1db1-groupManagement] INFO  server.RaftServer$Division (RaftServerImpl.java:start(396)) - 4e76a5f4-598e-407f-bd79-992a553d1db1@group-EE4D386C2EB3: start as a follower, conf=-1: peers:[4e76a5f4-598e-407f-bd79-992a553d1db1|10.1.0.30:15095, 90984f07-37f5-40e1-bf66-3a8ca2321052|10.1.0.30:15104, f4d7646f-0fb1-4da2-a8dc-21597b443f6f|10.1.0.30:15113]|listeners:[], old=null
2024-02-26 09:18:31,403 [4e76a5f4-598e-407f-bd79-992a553d1db1-groupManagement] INFO  server.RaftServer$Division (RaftServerImpl.java:setRole(383)) - 4e76a5f4-598e-407f-bd79-992a553d1db1@group-EE4D386C2EB3: changes role from      null to FOLLOWER at term 0 for startAsFollower
2024-02-26 09:18:31,403 [4e76a5f4-598e-407f-bd79-992a553d1db1-groupManagement] INFO  impl.RoleInfo (RoleInfo.java:updateAndGet(139)) - 4e76a5f4-598e-407f-bd79-992a553d1db1: start 4e76a5f4-598e-407f-bd79-992a553d1db1@group-EE4D386C2EB3-FollowerState
2024-02-26 09:18:31,402 [f4d7646f-0fb1-4da2-a8dc-21597b443f6f-groupManagement] INFO  server.RaftServerConfigKeys (ConfUtils.java:logGet(46)) - raft.server.rpc.request.timeout = 60s (custom)
2024-02-26 09:18:31,403 [f4d7646f-0fb1-4da2-a8dc-21597b443f6f-groupManagement] INFO  server.RaftServerConfigKeys (ConfUtils.java:logGet(46)) - raft.server.log.appender.install.snapshot.enabled = false (custom)
2024-02-26 09:18:31,404 [f4d7646f-0fb1-4da2-a8dc-21597b443f6f-groupManagement] INFO  server.RaftServerConfigKeys (ConfUtils.java:logGet(46)) - raft.server.threadpool.server.cached = true (default)
2024-02-26 09:18:31,404 [f4d7646f-0fb1-4da2-a8dc-21597b443f6f-groupManagement] INFO  server.RaftServerConfigKeys (ConfUtils.java:logGet(46)) - raft.server.threadpool.server.size = 0 (default)
2024-02-26 09:18:31,404 [f4d7646f-0fb1-4da2-a8dc-21597b443f6f-groupManagement] INFO  server.RaftServerConfigKeys (ConfUtils.java:logGet(46)) - raft.server.threadpool.client.cached = true (default)
2024-02-26 09:18:31,405 [f4d7646f-0fb1-4da2-a8dc-21597b443f6f-groupManagement] INFO  server.RaftServerConfigKeys (ConfUtils.java:logGet(46)) - raft.server.threadpool.client.size = 0 (default)
2024-02-26 09:18:31,405 [f4d7646f-0fb1-4da2-a8dc-21597b443f6f-groupManagement] INFO  server.RaftServerConfigKeys (ConfUtils.java:logGet(46)) - raft.server.storage.free-space.min = 0MB (=0) (default)
2024-02-26 09:18:31,405 [f4d7646f-0fb1-4da2-a8dc-21597b443f6f-groupManagement] INFO  server.RaftServerConfigKeys (ConfUtils.java:logGet(46)) - raft.server.log.corruption.policy = EXCEPTION (default)
2024-02-26 09:18:31,405 [f4d7646f-0fb1-4da2-a8dc-21597b443f6f-groupManagement] INFO  server.RaftServerConfigKeys (ConfUtils.java:logGet(46)) - raft.server.storage.dir = [/home/runner/work/ozone/ozone/hadoop-ozone/integration-test/target/test-dir/MiniOzoneClusterImpl-0d79f430-b8c0-477e-97b7-98e50d733022/ozone-meta/datanode-12/ratis] (custom)
2024-02-26 09:18:31,405 [f4d7646f-0fb1-4da2-a8dc-21597b443f6f-groupManagement] INFO  storage.RaftStorageDirectory (RaftStorageDirectoryImpl.java:analyzeStorage(138)) - The storage directory /home/runner/work/ozone/ozone/hadoop-ozone/integration-test/target/test-dir/MiniOzoneClusterImpl-0d79f430-b8c0-477e-97b7-98e50d733022/ozone-meta/datanode-12/ratis/c289f326-1f46-4a1b-b7af-70afc97b979b does not exist. Creating ...
2024-02-26 09:18:31,399 [87e9945c-a125-4404-bbe2-61a5a4b10cf4-groupManagement] INFO  server.RaftServerConfigKeys (ConfUtils.java:logGet(46)) - raft.server.threadpool.client.cached = true (default)
2024-02-26 09:18:31,398 [b254f787-4ade-443a-8cd7-22935f345023-groupManagement] INFO  server.RaftServerConfigKeys (ConfUtils.java:logGet(46)) - raft.server.log.write.buffer.size = 8388616 (custom)
2024-02-26 09:18:31,407 [f4d7646f-0fb1-4da2-a8dc-21597b443f6f-groupManagement] INFO  storage.RaftStorageDirectory (RaftStorageDirectoryImpl.java:tryLock(228)) - Lock on /home/runner/work/ozone/ozone/hadoop-ozone/integration-test/target/test-dir/MiniOzoneClusterImpl-0d79f430-b8c0-477e-97b7-98e50d733022/ozone-meta/datanode-12/ratis/c289f326-1f46-4a1b-b7af-70afc97b979b/in_use.lock acquired by nodename 86312@fv-az1109-796
2024-02-26 09:18:31,407 [87e9945c-a125-4404-bbe2-61a5a4b10cf4-groupManagement] INFO  server.RaftServerConfigKeys (ConfUtils.java:logGet(46)) - raft.server.threadpool.client.size = 0 (default)
2024-02-26 09:18:31,402 [EventQueue-OpenPipelineForHealthyPipelineSafeModeRule] INFO  safemode.SCMSafeModeManager (HealthyPipelineSafeModeRule.java:process(140)) - SCM in safe mode. Healthy pipelines reported count is 0, required healthy pipeline reported count is 1
2024-02-26 09:18:31,408 [87e9945c-a125-4404-bbe2-61a5a4b10cf4-groupManagement] INFO  server.RaftServerConfigKeys (ConfUtils.java:logGet(46)) - raft.server.storage.free-space.min = 0MB (=0) (default)
2024-02-26 09:18:31,408 [87e9945c-a125-4404-bbe2-61a5a4b10cf4-groupManagement] INFO  server.RaftServerConfigKeys (ConfUtils.java:logGet(46)) - raft.server.log.corruption.policy = EXCEPTION (default)
2024-02-26 09:18:31,408 [87e9945c-a125-4404-bbe2-61a5a4b10cf4-groupManagement] INFO  server.RaftServerConfigKeys (ConfUtils.java:logGet(46)) - raft.server.storage.dir = [/home/runner/work/ozone/ozone/hadoop-ozone/integration-test/target/test-dir/MiniOzoneClusterImpl-0d79f430-b8c0-477e-97b7-98e50d733022/ozone-meta/datanode-9/ratis] (custom)
2024-02-26 09:18:31,409 [b254f787-4ade-443a-8cd7-22935f345023-groupManagement] INFO  server.RaftServerConfigKeys (ConfUtils.java:logGet(46)) - raft.server.log.appender.buffer.byte-limit = 8388608 (custom)
2024-02-26 09:18:31,409 [f4d7646f-0fb1-4da2-a8dc-21597b443f6f-groupManagement] INFO  storage.RaftStorage (RaftStorageImpl.java:format(99)) - Storage directory /home/runner/work/ozone/ozone/hadoop-ozone/integration-test/target/test-dir/MiniOzoneClusterImpl-0d79f430-b8c0-477e-97b7-98e50d733022/ozone-meta/datanode-12/ratis/c289f326-1f46-4a1b-b7af-70afc97b979b has been successfully formatted.
2024-02-26 09:18:31,409 [90984f07-37f5-40e1-bf66-3a8ca2321052-groupManagement] INFO  server.RaftServerConfigKeys (ConfUtils.java:logGet(46)) - raft.server.log.segment.size.max = 67108864 (custom)
2024-02-26 09:18:31,410 [f4d7646f-0fb1-4da2-a8dc-21597b443f6f-groupManagement] WARN  util.FileUtils (LogUtils.java:supplyAndLog(63)) - Failed to Files.newInputStream /home/runner/work/ozone/ozone/hadoop-ozone/integration-test/target/test-dir/MiniOzoneClusterImpl-0d79f430-b8c0-477e-97b7-98e50d733022/ozone-meta/datanode-12/ratis/c289f326-1f46-4a1b-b7af-70afc97b979b/current/raft-meta.conf with options []: java.nio.file.NoSuchFileException: /home/runner/work/ozone/ozone/hadoop-ozone/integration-test/target/test-dir/MiniOzoneClusterImpl-0d79f430-b8c0-477e-97b7-98e50d733022/ozone-meta/datanode-12/ratis/c289f326-1f46-4a1b-b7af-70afc97b979b/current/raft-meta.conf
2024-02-26 09:18:31,410 [90984f07-37f5-40e1-bf66-3a8ca2321052-groupManagement] INFO  server.RaftServerConfigKeys (ConfUtils.java:logGet(46)) - raft.server.log.segment.cache.num.max = 2 (custom)
2024-02-26 09:18:31,410 [90984f07-37f5-40e1-bf66-3a8ca2321052-groupManagement] INFO  server.RaftServerConfigKeys (ConfUtils.java:logGet(46)) - raft.server.log.segment.cache.size.max = 200MB (=209715200) (default)
2024-02-26 09:18:31,410 [90984f07-37f5-40e1-bf66-3a8ca2321052-groupManagement] INFO  server.RaftServerConfigKeys (ConfUtils.java:logGet(46)) - raft.server.log.appender.buffer.byte-limit = 8388608 (custom)
2024-02-26 09:18:31,410 [87e9945c-a125-4404-bbe2-61a5a4b10cf4-groupManagement] INFO  storage.RaftStorageDirectory (RaftStorageDirectoryImpl.java:analyzeStorage(138)) - The storage directory /home/runner/work/ozone/ozone/hadoop-ozone/integration-test/target/test-dir/MiniOzoneClusterImpl-0d79f430-b8c0-477e-97b7-98e50d733022/ozone-meta/datanode-9/ratis/12e2862d-a2f7-43f0-b7c6-f488967c77b6 does not exist. Creating ...
2024-02-26 09:18:31,410 [b254f787-4ade-443a-8cd7-22935f345023-groupManagement] INFO  server.RaftServerConfigKeys (ConfUtils.java:logGet(46)) - raft.server.log.unsafe-flush.enabled = false (default)
2024-02-26 09:18:31,411 [b254f787-4ade-443a-8cd7-22935f345023-groupManagement] INFO  server.RaftServerConfigKeys (ConfUtils.java:logGet(46)) - raft.server.log.async-flush.enabled = false (default)
2024-02-26 09:18:31,411 [b254f787-4ade-443a-8cd7-22935f345023-groupManagement] INFO  server.RaftServerConfigKeys (ConfUtils.java:logGet(46)) - raft.server.log.statemachine.data.caching.enabled = true (custom)
2024-02-26 09:18:31,411 [b254f787-4ade-443a-8cd7-22935f345023-groupManagement] INFO  segmented.SegmentedRaftLogWorker (SegmentedRaftLogWorker.java:lambda$new$0(134)) - b254f787-4ade-443a-8cd7-22935f345023@group-F488967C77B6-SegmentedRaftLogWorker: flushIndex: setUnconditionally 0 -> -1
2024-02-26 09:18:31,411 [b254f787-4ade-443a-8cd7-22935f345023-groupManagement] INFO  segmented.SegmentedRaftLogWorker (SegmentedRaftLogWorker.java:lambda$new$0(134)) - b254f787-4ade-443a-8cd7-22935f345023@group-F488967C77B6-SegmentedRaftLogWorker: safeCacheEvictIndex: setUnconditionally 0 -> -1
2024-02-26 09:18:31,412 [87e9945c-a125-4404-bbe2-61a5a4b10cf4-groupManagement] INFO  storage.RaftStorageDirectory (RaftStorageDirectoryImpl.java:tryLock(228)) - Lock on /home/runner/work/ozone/ozone/hadoop-ozone/integration-test/target/test-dir/MiniOzoneClusterImpl-0d79f430-b8c0-477e-97b7-98e50d733022/ozone-meta/datanode-9/ratis/12e2862d-a2f7-43f0-b7c6-f488967c77b6/in_use.lock acquired by nodename 86312@fv-az1109-796
2024-02-26 09:18:31,414 [aa7921d1-8be5-430c-af0e-7b09d4ba500e-groupManagement] INFO  server.RaftServerConfigKeys (ConfUtils.java:logGet(46)) - raft.server.rpc.request.timeout = 60s (custom)
2024-02-26 09:18:31,414 [87e9945c-a125-4404-bbe2-61a5a4b10cf4-groupManagement] INFO  storage.RaftStorage (RaftStorageImpl.java:format(99)) - Storage directory /home/runner/work/ozone/ozone/hadoop-ozone/integration-test/target/test-dir/MiniOzoneClusterImpl-0d79f430-b8c0-477e-97b7-98e50d733022/ozone-meta/datanode-9/ratis/12e2862d-a2f7-43f0-b7c6-f488967c77b6 has been successfully formatted.
2024-02-26 09:18:31,414 [87e9945c-a125-4404-bbe2-61a5a4b10cf4-groupManagement] WARN  util.FileUtils (LogUtils.java:supplyAndLog(63)) - Failed to Files.newInputStream /home/runner/work/ozone/ozone/hadoop-ozone/integration-test/target/test-dir/MiniOzoneClusterImpl-0d79f430-b8c0-477e-97b7-98e50d733022/ozone-meta/datanode-9/ratis/12e2862d-a2f7-43f0-b7c6-f488967c77b6/current/raft-meta.conf with options []: java.nio.file.NoSuchFileException: /home/runner/work/ozone/ozone/hadoop-ozone/integration-test/target/test-dir/MiniOzoneClusterImpl-0d79f430-b8c0-477e-97b7-98e50d733022/ozone-meta/datanode-9/ratis/12e2862d-a2f7-43f0-b7c6-f488967c77b6/current/raft-meta.conf
2024-02-26 09:18:31,415 [aa7921d1-8be5-430c-af0e-7b09d4ba500e-groupManagement] INFO  server.RaftServerConfigKeys (ConfUtils.java:logGet(46)) - raft.server.log.appender.install.snapshot.enabled = false (custom)
2024-02-26 09:18:31,415 [aa7921d1-8be5-430c-af0e-7b09d4ba500e-groupManagement] INFO  server.RaftServerConfigKeys (ConfUtils.java:logGet(46)) - raft.server.threadpool.server.cached = true (default)
2024-02-26 09:18:31,415 [aa7921d1-8be5-430c-af0e-7b09d4ba500e-groupManagement] INFO  server.RaftServerConfigKeys (ConfUtils.java:logGet(46)) - raft.server.threadpool.server.size = 0 (default)
2024-02-26 09:18:31,415 [aa7921d1-8be5-430c-af0e-7b09d4ba500e-groupManagement] INFO  server.RaftServerConfigKeys (ConfUtils.java:logGet(46)) - raft.server.threadpool.client.cached = true (default)
2024-02-26 09:18:31,415 [87e9945c-a125-4404-bbe2-61a5a4b10cf4-groupManagement] INFO  ratis.ContainerStateMachine (ContainerStateMachine.java:loadSnapshot(287)) - group-F488967C77B6: The snapshot info is null. Setting the last applied index to:(t:0, i:~)
2024-02-26 09:18:31,415 [4e76a5f4-598e-407f-bd79-992a553d1db1-groupManagement] INFO  util.JmxRegister (JmxRegister.java:tryRegister(44)) - Successfully registered JMX Bean with object name Ratis:service=RaftServer,group=group-EE4D386C2EB3,id=4e76a5f4-598e-407f-bd79-992a553d1db1
2024-02-26 09:18:31,415 [4e76a5f4-598e-407f-bd79-992a553d1db1@group-EE4D386C2EB3-FollowerState] INFO  server.RaftServerConfigKeys (ConfUtils.java:logFallback(53)) - raft.server.rpc.first-election.timeout.min = 5s (fallback to raft.server.rpc.timeout.min)
2024-02-26 09:18:31,418 [4e76a5f4-598e-407f-bd79-992a553d1db1-groupManagement] INFO  server.RaftServerConfigKeys (ConfUtils.java:logGet(46)) - raft.server.snapshot.trigger-when-stop.enabled = true (default)
2024-02-26 09:18:31,417 [EventQueue-OpenPipelineForHealthyPipelineSafeModeRule] INFO  safemode.SCMSafeModeManager (HealthyPipelineSafeModeRule.java:process(140)) - SCM in safe mode. Healthy pipelines reported count is 0, required healthy pipeline reported count is 1
2024-02-26 09:18:31,418 [4e76a5f4-598e-407f-bd79-992a553d1db1@group-EE4D386C2EB3-FollowerState] INFO  server.RaftServerConfigKeys (ConfUtils.java:logFallback(53)) - raft.server.rpc.first-election.timeout.max = 5200ms (fallback to raft.server.rpc.timeout.max)
2024-02-26 09:18:31,416 [aa7921d1-8be5-430c-af0e-7b09d4ba500e-groupManagement] INFO  server.RaftServerConfigKeys (ConfUtils.java:logGet(46)) - raft.server.threadpool.client.size = 0 (default)
2024-02-26 09:18:31,418 [4e76a5f4-598e-407f-bd79-992a553d1db1-groupManagement] INFO  server.RaftServerConfigKeys (ConfUtils.java:logGet(46)) - raft.server.snapshot.auto.trigger.enabled = true (custom)
2024-02-26 09:18:31,418 [4e76a5f4-598e-407f-bd79-992a553d1db1-groupManagement] INFO  server.RaftServerConfigKeys (ConfUtils.java:logGet(46)) - raft.server.snapshot.auto.trigger.threshold = 10000 (custom)
2024-02-26 09:18:31,418 [4e76a5f4-598e-407f-bd79-992a553d1db1-groupManagement] INFO  server.RaftServerConfigKeys (ConfUtils.java:logGet(46)) - raft.server.snapshot.retention.file.num = 5 (custom)
2024-02-26 09:18:31,418 [4e76a5f4-598e-407f-bd79-992a553d1db1-groupManagement] INFO  server.RaftServerConfigKeys (ConfUtils.java:logGet(46)) - raft.server.log.purge.upto.snapshot.index = false (default)
2024-02-26 09:18:31,419 [87e9945c-a125-4404-bbe2-61a5a4b10cf4-groupManagement] INFO  server.RaftServerConfigKeys (ConfUtils.java:logGet(46)) - raft.server.log.use.memory = false (default)
2024-02-26 09:18:31,419 [87e9945c-a125-4404-bbe2-61a5a4b10cf4-groupManagement] INFO  server.RaftServerConfigKeys (ConfUtils.java:logGet(46)) - raft.server.log.purge.gap = 1000000 (custom)
2024-02-26 09:18:31,419 [87e9945c-a125-4404-bbe2-61a5a4b10cf4-groupManagement] INFO  server.RaftServerConfigKeys (ConfUtils.java:logGet(46)) - raft.server.log.appender.buffer.byte-limit = 8388608 (custom)
2024-02-26 09:18:31,419 [87e9945c-a125-4404-bbe2-61a5a4b10cf4-groupManagement] INFO  server.RaftServerConfigKeys (ConfUtils.java:logGet(46)) - raft.server.log.statemachine.data.read.timeout = 1000ms (default)
2024-02-26 09:18:31,420 [87e9945c-a125-4404-bbe2-61a5a4b10cf4-groupManagement] INFO  server.RaftServerConfigKeys (ConfUtils.java:logGet(46)) - raft.server.log.purge.preservation.log.num = 0 (default)
2024-02-26 09:18:31,418 [aa7921d1-8be5-430c-af0e-7b09d4ba500e-groupManagement] INFO  server.RaftServerConfigKeys (ConfUtils.java:logGet(46)) - raft.server.storage.free-space.min = 0MB (=0) (default)
2024-02-26 09:18:31,420 [aa7921d1-8be5-430c-af0e-7b09d4ba500e-groupManagement] INFO  server.RaftServerConfigKeys (ConfUtils.java:logGet(46)) - raft.server.log.corruption.policy = EXCEPTION (default)
2024-02-26 09:18:31,420 [aa7921d1-8be5-430c-af0e-7b09d4ba500e-groupManagement] INFO  server.RaftServerConfigKeys (ConfUtils.java:logGet(46)) - raft.server.storage.dir = [/home/runner/work/ozone/ozone/hadoop-ozone/integration-test/target/test-dir/MiniOzoneClusterImpl-0d79f430-b8c0-477e-97b7-98e50d733022/ozone-meta/datanode-8/ratis] (custom)
2024-02-26 09:18:31,421 [aa7921d1-8be5-430c-af0e-7b09d4ba500e-groupManagement] INFO  storage.RaftStorageDirectory (RaftStorageDirectoryImpl.java:analyzeStorage(138)) - The storage directory /home/runner/work/ozone/ozone/hadoop-ozone/integration-test/target/test-dir/MiniOzoneClusterImpl-0d79f430-b8c0-477e-97b7-98e50d733022/ozone-meta/datanode-8/ratis/12e2862d-a2f7-43f0-b7c6-f488967c77b6 does not exist. Creating ...
2024-02-26 09:18:31,422 [b254f787-4ade-443a-8cd7-22935f345023-groupManagement] INFO  server.RaftServer$Division (RaftServerImpl.java:start(396)) - b254f787-4ade-443a-8cd7-22935f345023@group-F488967C77B6: start as a follower, conf=-1: peers:[87e9945c-a125-4404-bbe2-61a5a4b10cf4|10.1.0.30:15086, b254f787-4ade-443a-8cd7-22935f345023|10.1.0.30:15068, aa7921d1-8be5-430c-af0e-7b09d4ba500e|10.1.0.30:15077]|listeners:[], old=null
2024-02-26 09:18:31,422 [b254f787-4ade-443a-8cd7-22935f345023-groupManagement] INFO  server.RaftServer$Division (RaftServerImpl.java:setRole(383)) - b254f787-4ade-443a-8cd7-22935f345023@group-F488967C77B6: changes role from      null to FOLLOWER at term 0 for startAsFollower
2024-02-26 09:18:31,422 [b254f787-4ade-443a-8cd7-22935f345023-groupManagement] INFO  impl.RoleInfo (RoleInfo.java:updateAndGet(139)) - b254f787-4ade-443a-8cd7-22935f345023: start b254f787-4ade-443a-8cd7-22935f345023@group-F488967C77B6-FollowerState
2024-02-26 09:18:31,422 [87e9945c-a125-4404-bbe2-61a5a4b10cf4-groupManagement] INFO  server.RaftServerConfigKeys (ConfUtils.java:logGet(46)) - raft.server.log.segment.size.max = 67108864 (custom)
2024-02-26 09:18:31,422 [aa7921d1-8be5-430c-af0e-7b09d4ba500e-groupManagement] INFO  storage.RaftStorageDirectory (RaftStorageDirectoryImpl.java:tryLock(228)) - Lock on /home/runner/work/ozone/ozone/hadoop-ozone/integration-test/target/test-dir/MiniOzoneClusterImpl-0d79f430-b8c0-477e-97b7-98e50d733022/ozone-meta/datanode-8/ratis/12e2862d-a2f7-43f0-b7c6-f488967c77b6/in_use.lock acquired by nodename 86312@fv-az1109-796
2024-02-26 09:18:31,423 [b254f787-4ade-443a-8cd7-22935f345023-groupManagement] INFO  util.JmxRegister (JmxRegister.java:tryRegister(44)) - Successfully registered JMX Bean with object name Ratis:service=RaftServer,group=group-F488967C77B6,id=b254f787-4ade-443a-8cd7-22935f345023
2024-02-26 09:18:31,423 [b254f787-4ade-443a-8cd7-22935f345023-groupManagement] INFO  server.RaftServerConfigKeys (ConfUtils.java:logGet(46)) - raft.server.snapshot.trigger-when-stop.enabled = true (default)
2024-02-26 09:18:31,423 [b254f787-4ade-443a-8cd7-22935f345023-groupManagement] INFO  server.RaftServerConfigKeys (ConfUtils.java:logGet(46)) - raft.server.snapshot.auto.trigger.enabled = true (custom)
2024-02-26 09:18:31,423 [b254f787-4ade-443a-8cd7-22935f345023-groupManagement] INFO  server.RaftServerConfigKeys (ConfUtils.java:logGet(46)) - raft.server.snapshot.auto.trigger.threshold = 10000 (custom)
2024-02-26 09:18:31,423 [b254f787-4ade-443a-8cd7-22935f345023-groupManagement] INFO  server.RaftServerConfigKeys (ConfUtils.java:logGet(46)) - raft.server.snapshot.retention.file.num = 5 (custom)
2024-02-26 09:18:31,423 [b254f787-4ade-443a-8cd7-22935f345023-groupManagement] INFO  server.RaftServerConfigKeys (ConfUtils.java:logGet(46)) - raft.server.log.purge.upto.snapshot.index = false (default)
2024-02-26 09:18:31,425 [90984f07-37f5-40e1-bf66-3a8ca2321052-groupManagement] INFO  util.AwaitToRun (AwaitToRun.java:start(81)) - Thread[90984f07-37f5-40e1-bf66-3a8ca2321052@group-EE4D386C2EB3-cacheEviction-AwaitToRun,5,main] started
2024-02-26 09:18:31,425 [90984f07-37f5-40e1-bf66-3a8ca2321052-groupManagement] INFO  segmented.SegmentedRaftLogWorker (SegmentedRaftLogWorker.java:<init>(182)) - new 90984f07-37f5-40e1-bf66-3a8ca2321052@group-EE4D386C2EB3-SegmentedRaftLogWorker for RaftStorageImpl:Storage Directory /home/runner/work/ozone/ozone/hadoop-ozone/integration-test/target/test-dir/MiniOzoneClusterImpl-0d79f430-b8c0-477e-97b7-98e50d733022/ozone-meta/datanode-11/ratis/b301387e-7f34-403e-9476-ee4d386c2eb3
2024-02-26 09:18:31,425 [90984f07-37f5-40e1-bf66-3a8ca2321052-groupManagement] INFO  server.RaftServerConfigKeys (ConfUtils.java:logGet(46)) - raft.server.log.queue.byte-limit = 4294967296 (custom)
2024-02-26 09:18:31,425 [90984f07-37f5-40e1-bf66-3a8ca2321052-groupManagement] INFO  server.RaftServerConfigKeys (ConfUtils.java:logGet(46)) - raft.server.log.queue.element-limit = 1024 (custom)
2024-02-26 09:18:31,425 [90984f07-37f5-40e1-bf66-3a8ca2321052-groupManagement] INFO  server.RaftServerConfigKeys (ConfUtils.java:logGet(46)) - raft.server.log.segment.size.max = 67108864 (custom)
2024-02-26 09:18:31,425 [90984f07-37f5-40e1-bf66-3a8ca2321052-groupManagement] INFO  server.RaftServerConfigKeys (ConfUtils.java:logGet(46)) - raft.server.log.preallocated.size = 4194304 (custom)
2024-02-26 09:18:31,425 [90984f07-37f5-40e1-bf66-3a8ca2321052-groupManagement] INFO  server.RaftServerConfigKeys (ConfUtils.java:logGet(46)) - raft.server.log.force.sync.num = 128 (default)
2024-02-26 09:18:31,426 [90984f07-37f5-40e1-bf66-3a8ca2321052-groupManagement] INFO  server.RaftServerConfigKeys (ConfUtils.java:logGet(46)) - raft.server.log.statemachine.data.sync = true (default)
2024-02-26 09:18:31,426 [90984f07-37f5-40e1-bf66-3a8ca2321052-groupManagement] INFO  server.RaftServerConfigKeys (ConfUtils.java:logGet(46)) - raft.server.log.statemachine.data.sync.timeout = 10s (default)
2024-02-26 09:18:31,426 [90984f07-37f5-40e1-bf66-3a8ca2321052-groupManagement] INFO  server.RaftServerConfigKeys (ConfUtils.java:logGet(46)) - raft.server.log.statemachine.data.sync.timeout.retry = 0 (custom)
2024-02-26 09:18:31,424 [aa7921d1-8be5-430c-af0e-7b09d4ba500e-groupManagement] INFO  storage.RaftStorage (RaftStorageImpl.java:format(99)) - Storage directory /home/runner/work/ozone/ozone/hadoop-ozone/integration-test/target/test-dir/MiniOzoneClusterImpl-0d79f430-b8c0-477e-97b7-98e50d733022/ozone-meta/datanode-8/ratis/12e2862d-a2f7-43f0-b7c6-f488967c77b6 has been successfully formatted.
2024-02-26 09:18:31,426 [EventQueue-PipelineReportForPipelineReportHandler] INFO  pipeline.PipelineReportHandler (PipelineReportHandler.java:processPipelineReport(136)) - Opened pipeline PipelineID=c289f326-1f46-4a1b-b7af-70afc97b979b
2024-02-26 09:18:31,426 [EventQueue-OpenPipelineForHealthyPipelineSafeModeRule] INFO  safemode.SCMSafeModeManager (HealthyPipelineSafeModeRule.java:process(140)) - SCM in safe mode. Healthy pipelines reported count is 0, required healthy pipeline reported count is 1
2024-02-26 09:18:31,426 [90984f07-37f5-40e1-bf66-3a8ca2321052-groupManagement] INFO  server.RaftServerConfigKeys (ConfUtils.java:logGet(46)) - raft.server.log.write.buffer.size = 8388616 (custom)
2024-02-26 09:18:31,424 [f4d7646f-0fb1-4da2-a8dc-21597b443f6f-groupManagement] INFO  ratis.ContainerStateMachine (ContainerStateMachine.java:loadSnapshot(287)) - group-70AFC97B979B: The snapshot info is null. Setting the last applied index to:(t:0, i:~)
2024-02-26 09:18:31,427 [f4d7646f-0fb1-4da2-a8dc-21597b443f6f-groupManagement] INFO  server.RaftServerConfigKeys (ConfUtils.java:logGet(46)) - raft.server.log.use.memory = false (default)
2024-02-26 09:18:31,427 [f4d7646f-0fb1-4da2-a8dc-21597b443f6f-groupManagement] INFO  server.RaftServerConfigKeys (ConfUtils.java:logGet(46)) - raft.server.log.purge.gap = 1000000 (custom)
2024-02-26 09:18:31,427 [f4d7646f-0fb1-4da2-a8dc-21597b443f6f-groupManagement] INFO  server.RaftServerConfigKeys (ConfUtils.java:logGet(46)) - raft.server.log.appender.buffer.byte-limit = 8388608 (custom)
2024-02-26 09:18:31,427 [f4d7646f-0fb1-4da2-a8dc-21597b443f6f-groupManagement] INFO  server.RaftServerConfigKeys (ConfUtils.java:logGet(46)) - raft.server.log.statemachine.data.read.timeout = 1000ms (default)
2024-02-26 09:18:31,427 [f4d7646f-0fb1-4da2-a8dc-21597b443f6f-groupManagement] INFO  server.RaftServerConfigKeys (ConfUtils.java:logGet(46)) - raft.server.log.purge.preservation.log.num = 0 (default)
2024-02-26 09:18:31,428 [90984f07-37f5-40e1-bf66-3a8ca2321052-groupManagement] INFO  server.RaftServerConfigKeys (ConfUtils.java:logGet(46)) - raft.server.log.appender.buffer.byte-limit = 8388608 (custom)
2024-02-26 09:18:31,428 [90984f07-37f5-40e1-bf66-3a8ca2321052-groupManagement] INFO  server.RaftServerConfigKeys (ConfUtils.java:logGet(46)) - raft.server.log.unsafe-flush.enabled = false (default)
2024-02-26 09:18:31,428 [90984f07-37f5-40e1-bf66-3a8ca2321052-groupManagement] INFO  server.RaftServerConfigKeys (ConfUtils.java:logGet(46)) - raft.server.log.async-flush.enabled = false (default)
2024-02-26 09:18:31,428 [90984f07-37f5-40e1-bf66-3a8ca2321052-groupManagement] INFO  server.RaftServerConfigKeys (ConfUtils.java:logGet(46)) - raft.server.log.statemachine.data.caching.enabled = true (custom)
2024-02-26 09:18:31,428 [90984f07-37f5-40e1-bf66-3a8ca2321052-groupManagement] INFO  segmented.SegmentedRaftLogWorker (SegmentedRaftLogWorker.java:lambda$new$0(134)) - 90984f07-37f5-40e1-bf66-3a8ca2321052@group-EE4D386C2EB3-SegmentedRaftLogWorker: flushIndex: setUnconditionally 0 -> -1
2024-02-26 09:18:31,428 [90984f07-37f5-40e1-bf66-3a8ca2321052-groupManagement] INFO  segmented.SegmentedRaftLogWorker (SegmentedRaftLogWorker.java:lambda$new$0(134)) - 90984f07-37f5-40e1-bf66-3a8ca2321052@group-EE4D386C2EB3-SegmentedRaftLogWorker: safeCacheEvictIndex: setUnconditionally 0 -> -1
2024-02-26 09:18:31,426 [aa7921d1-8be5-430c-af0e-7b09d4ba500e-groupManagement] WARN  util.FileUtils (LogUtils.java:supplyAndLog(63)) - Failed to Files.newInputStream /home/runner/work/ozone/ozone/hadoop-ozone/integration-test/target/test-dir/MiniOzoneClusterImpl-0d79f430-b8c0-477e-97b7-98e50d733022/ozone-meta/datanode-8/ratis/12e2862d-a2f7-43f0-b7c6-f488967c77b6/current/raft-meta.conf with options []: java.nio.file.NoSuchFileException: /home/runner/work/ozone/ozone/hadoop-ozone/integration-test/target/test-dir/MiniOzoneClusterImpl-0d79f430-b8c0-477e-97b7-98e50d733022/ozone-meta/datanode-8/ratis/12e2862d-a2f7-43f0-b7c6-f488967c77b6/current/raft-meta.conf
2024-02-26 09:18:31,431 [4e76a5f4-598e-407f-bd79-992a553d1db1-PipelineCommandHandlerThread-0] INFO  ratis.XceiverServerRatis (XceiverServerRatis.java:addGroup(864)) - Created group PipelineID=b301387e-7f34-403e-9476-ee4d386c2eb3
2024-02-26 09:18:31,432 [aa7921d1-8be5-430c-af0e-7b09d4ba500e-groupManagement] INFO  ratis.ContainerStateMachine (ContainerStateMachine.java:loadSnapshot(287)) - group-F488967C77B6: The snapshot info is null. Setting the last applied index to:(t:0, i:~)
2024-02-26 09:18:31,433 [aa7921d1-8be5-430c-af0e-7b09d4ba500e-groupManagement] INFO  server.RaftServerConfigKeys (ConfUtils.java:logGet(46)) - raft.server.log.use.memory = false (default)
2024-02-26 09:18:31,433 [aa7921d1-8be5-430c-af0e-7b09d4ba500e-groupManagement] INFO  server.RaftServerConfigKeys (ConfUtils.java:logGet(46)) - raft.server.log.purge.gap = 1000000 (custom)
2024-02-26 09:18:31,433 [aa7921d1-8be5-430c-af0e-7b09d4ba500e-groupManagement] INFO  server.RaftServerConfigKeys (ConfUtils.java:logGet(46)) - raft.server.log.appender.buffer.byte-limit = 8388608 (custom)
2024-02-26 09:18:31,434 [aa7921d1-8be5-430c-af0e-7b09d4ba500e-groupManagement] INFO  server.RaftServerConfigKeys (ConfUtils.java:logGet(46)) - raft.server.log.statemachine.data.read.timeout = 1000ms (default)
2024-02-26 09:18:31,434 [aa7921d1-8be5-430c-af0e-7b09d4ba500e-groupManagement] INFO  server.RaftServerConfigKeys (ConfUtils.java:logGet(46)) - raft.server.log.purge.preservation.log.num = 0 (default)
2024-02-26 09:18:31,437 [EventQueue-OpenPipelineForHealthyPipelineSafeModeRule] INFO  safemode.SCMSafeModeManager (HealthyPipelineSafeModeRule.java:process(140)) - SCM in safe mode. Healthy pipelines reported count is 0, required healthy pipeline reported count is 1
2024-02-26 09:18:31,430 [f4d7646f-0fb1-4da2-a8dc-21597b443f6f-groupManagement] INFO  server.RaftServerConfigKeys (ConfUtils.java:logGet(46)) - raft.server.log.segment.size.max = 67108864 (custom)
2024-02-26 09:18:31,429 [b254f787-4ade-443a-8cd7-22935f345023-PipelineCommandHandlerThread-0] INFO  ratis.XceiverServerRatis (XceiverServerRatis.java:addGroup(864)) - Created group PipelineID=12e2862d-a2f7-43f0-b7c6-f488967c77b6
2024-02-26 09:18:31,429 [b254f787-4ade-443a-8cd7-22935f345023@group-F488967C77B6-FollowerState] INFO  server.RaftServerConfigKeys (ConfUtils.java:logFallback(53)) - raft.server.rpc.first-election.timeout.min = 5s (fallback to raft.server.rpc.timeout.min)
2024-02-26 09:18:31,437 [b254f787-4ade-443a-8cd7-22935f345023@group-F488967C77B6-FollowerState] INFO  server.RaftServerConfigKeys (ConfUtils.java:logFallback(53)) - raft.server.rpc.first-election.timeout.max = 5200ms (fallback to raft.server.rpc.timeout.max)
2024-02-26 09:18:31,438 [f4d7646f-0fb1-4da2-a8dc-21597b443f6f-groupManagement] INFO  server.RaftServerConfigKeys (ConfUtils.java:logGet(46)) - raft.server.log.segment.cache.num.max = 2 (custom)
2024-02-26 09:18:31,438 [f4d7646f-0fb1-4da2-a8dc-21597b443f6f-groupManagement] INFO  server.RaftServerConfigKeys (ConfUtils.java:logGet(46)) - raft.server.log.segment.cache.size.max = 200MB (=209715200) (default)
2024-02-26 09:18:31,438 [f4d7646f-0fb1-4da2-a8dc-21597b443f6f-groupManagement] INFO  server.RaftServerConfigKeys (ConfUtils.java:logGet(46)) - raft.server.log.appender.buffer.byte-limit = 8388608 (custom)
2024-02-26 09:18:31,438 [aa7921d1-8be5-430c-af0e-7b09d4ba500e-groupManagement] INFO  server.RaftServerConfigKeys (ConfUtils.java:logGet(46)) - raft.server.log.segment.size.max = 67108864 (custom)
2024-02-26 09:18:31,438 [aa7921d1-8be5-430c-af0e-7b09d4ba500e-groupManagement] INFO  server.RaftServerConfigKeys (ConfUtils.java:logGet(46)) - raft.server.log.segment.cache.num.max = 2 (custom)
2024-02-26 09:18:31,438 [aa7921d1-8be5-430c-af0e-7b09d4ba500e-groupManagement] INFO  server.RaftServerConfigKeys (ConfUtils.java:logGet(46)) - raft.server.log.segment.cache.size.max = 200MB (=209715200) (default)
2024-02-26 09:18:31,439 [aa7921d1-8be5-430c-af0e-7b09d4ba500e-groupManagement] INFO  server.RaftServerConfigKeys (ConfUtils.java:logGet(46)) - raft.server.log.appender.buffer.byte-limit = 8388608 (custom)
2024-02-26 09:18:31,429 [87e9945c-a125-4404-bbe2-61a5a4b10cf4-groupManagement] INFO  server.RaftServerConfigKeys (ConfUtils.java:logGet(46)) - raft.server.log.segment.cache.num.max = 2 (custom)
2024-02-26 09:18:31,442 [8b754925-a2c8-41f5-ba18-fc172404abb1-groupManagement] INFO  server.RaftServer$Division (RaftServerImpl.java:<init>(256)) - 8b754925-a2c8-41f5-ba18-fc172404abb1: new RaftServerImpl for group-D99CC601FA38:[8b754925-a2c8-41f5-ba18-fc172404abb1|10.1.0.30:15122] with ContainerStateMachine:uninitialized
2024-02-26 09:18:31,442 [8b754925-a2c8-41f5-ba18-fc172404abb1-PipelineCommandHandlerThread-0] INFO  server.RaftServer (RaftServerProxy.java:addNew(100)) - 8b754925-a2c8-41f5-ba18-fc172404abb1: addNew group-D99CC601FA38:[8b754925-a2c8-41f5-ba18-fc172404abb1|10.1.0.30:15122] returns group-D99CC601FA38:java.util.concurrent.CompletableFuture@1f9644d[Not completed]
2024-02-26 09:18:31,442 [90984f07-37f5-40e1-bf66-3a8ca2321052-groupManagement] INFO  server.RaftServer$Division (RaftServerImpl.java:start(396)) - 90984f07-37f5-40e1-bf66-3a8ca2321052@group-EE4D386C2EB3: start as a follower, conf=-1: peers:[4e76a5f4-598e-407f-bd79-992a553d1db1|10.1.0.30:15095, 90984f07-37f5-40e1-bf66-3a8ca2321052|10.1.0.30:15104, f4d7646f-0fb1-4da2-a8dc-21597b443f6f|10.1.0.30:15113]|listeners:[], old=null
2024-02-26 09:18:31,442 [f4d7646f-0fb1-4da2-a8dc-21597b443f6f-groupManagement] INFO  util.AwaitToRun (AwaitToRun.java:start(81)) - Thread[f4d7646f-0fb1-4da2-a8dc-21597b443f6f@group-70AFC97B979B-cacheEviction-AwaitToRun,5,main] started
2024-02-26 09:18:31,444 [f4d7646f-0fb1-4da2-a8dc-21597b443f6f-groupManagement] INFO  segmented.SegmentedRaftLogWorker (SegmentedRaftLogWorker.java:<init>(182)) - new f4d7646f-0fb1-4da2-a8dc-21597b443f6f@group-70AFC97B979B-SegmentedRaftLogWorker for RaftStorageImpl:Storage Directory /home/runner/work/ozone/ozone/hadoop-ozone/integration-test/target/test-dir/MiniOzoneClusterImpl-0d79f430-b8c0-477e-97b7-98e50d733022/ozone-meta/datanode-12/ratis/c289f326-1f46-4a1b-b7af-70afc97b979b
2024-02-26 09:18:31,444 [f4d7646f-0fb1-4da2-a8dc-21597b443f6f-groupManagement] INFO  server.RaftServerConfigKeys (ConfUtils.java:logGet(46)) - raft.server.log.queue.byte-limit = 4294967296 (custom)
2024-02-26 09:18:31,444 [f4d7646f-0fb1-4da2-a8dc-21597b443f6f-groupManagement] INFO  server.RaftServerConfigKeys (ConfUtils.java:logGet(46)) - raft.server.log.queue.element-limit = 1024 (custom)
2024-02-26 09:18:31,444 [f4d7646f-0fb1-4da2-a8dc-21597b443f6f-groupManagement] INFO  server.RaftServerConfigKeys (ConfUtils.java:logGet(46)) - raft.server.log.segment.size.max = 67108864 (custom)
2024-02-26 09:18:31,444 [f4d7646f-0fb1-4da2-a8dc-21597b443f6f-groupManagement] INFO  server.RaftServerConfigKeys (ConfUtils.java:logGet(46)) - raft.server.log.preallocated.size = 4194304 (custom)
2024-02-26 09:18:31,444 [f4d7646f-0fb1-4da2-a8dc-21597b443f6f-groupManagement] INFO  server.RaftServerConfigKeys (ConfUtils.java:logGet(46)) - raft.server.log.force.sync.num = 128 (default)
2024-02-26 09:18:31,444 [f4d7646f-0fb1-4da2-a8dc-21597b443f6f-groupManagement] INFO  server.RaftServerConfigKeys (ConfUtils.java:logGet(46)) - raft.server.log.statemachine.data.sync = true (default)
2024-02-26 09:18:31,444 [f4d7646f-0fb1-4da2-a8dc-21597b443f6f-groupManagement] INFO  server.RaftServerConfigKeys (ConfUtils.java:logGet(46)) - raft.server.log.statemachine.data.sync.timeout = 10s (default)
2024-02-26 09:18:31,444 [f4d7646f-0fb1-4da2-a8dc-21597b443f6f-groupManagement] INFO  server.RaftServerConfigKeys (ConfUtils.java:logGet(46)) - raft.server.log.statemachine.data.sync.timeout.retry = 0 (custom)
2024-02-26 09:18:31,445 [f4d7646f-0fb1-4da2-a8dc-21597b443f6f-groupManagement] INFO  server.RaftServerConfigKeys (ConfUtils.java:logGet(46)) - raft.server.log.write.buffer.size = 8388616 (custom)
2024-02-26 09:18:31,446 [f4d7646f-0fb1-4da2-a8dc-21597b443f6f-groupManagement] INFO  server.RaftServerConfigKeys (ConfUtils.java:logGet(46)) - raft.server.log.appender.buffer.byte-limit = 8388608 (custom)
2024-02-26 09:18:31,447 [f4d7646f-0fb1-4da2-a8dc-21597b443f6f-groupManagement] INFO  server.RaftServerConfigKeys (ConfUtils.java:logGet(46)) - raft.server.log.unsafe-flush.enabled = false (default)
2024-02-26 09:18:31,447 [f4d7646f-0fb1-4da2-a8dc-21597b443f6f-groupManagement] INFO  server.RaftServerConfigKeys (ConfUtils.java:logGet(46)) - raft.server.log.async-flush.enabled = false (default)
2024-02-26 09:18:31,447 [f4d7646f-0fb1-4da2-a8dc-21597b443f6f-groupManagement] INFO  server.RaftServerConfigKeys (ConfUtils.java:logGet(46)) - raft.server.log.statemachine.data.caching.enabled = true (custom)
2024-02-26 09:18:31,447 [f4d7646f-0fb1-4da2-a8dc-21597b443f6f-groupManagement] INFO  segmented.SegmentedRaftLogWorker (SegmentedRaftLogWorker.java:lambda$new$0(134)) - f4d7646f-0fb1-4da2-a8dc-21597b443f6f@group-70AFC97B979B-SegmentedRaftLogWorker: flushIndex: setUnconditionally 0 -> -1
2024-02-26 09:18:31,447 [f4d7646f-0fb1-4da2-a8dc-21597b443f6f-groupManagement] INFO  segmented.SegmentedRaftLogWorker (SegmentedRaftLogWorker.java:lambda$new$0(134)) - f4d7646f-0fb1-4da2-a8dc-21597b443f6f@group-70AFC97B979B-SegmentedRaftLogWorker: safeCacheEvictIndex: setUnconditionally 0 -> -1
2024-02-26 09:18:31,441 [aa7921d1-8be5-430c-af0e-7b09d4ba500e-groupManagement] INFO  util.AwaitToRun (AwaitToRun.java:start(81)) - Thread[aa7921d1-8be5-430c-af0e-7b09d4ba500e@group-F488967C77B6-cacheEviction-AwaitToRun,5,main] started
2024-02-26 09:18:31,444 [90984f07-37f5-40e1-bf66-3a8ca2321052-groupManagement] INFO  server.RaftServer$Division (RaftServerImpl.java:setRole(383)) - 90984f07-37f5-40e1-bf66-3a8ca2321052@group-EE4D386C2EB3: changes role from      null to FOLLOWER at term 0 for startAsFollower
2024-02-26 09:18:31,444 [8b754925-a2c8-41f5-ba18-fc172404abb1-groupManagement] INFO  server.RaftServerConfigKeys (ConfUtils.java:logGet(46)) - raft.server.rpc.timeout.min = 5s (custom)
2024-02-26 09:18:31,448 [8b754925-a2c8-41f5-ba18-fc172404abb1-groupManagement] INFO  server.RaftServerConfigKeys (ConfUtils.java:logGet(46)) - raft.server.rpc.timeout.max = 5200ms (custom)
2024-02-26 09:18:31,448 [8b754925-a2c8-41f5-ba18-fc172404abb1-groupManagement] INFO  server.RaftServerConfigKeys (ConfUtils.java:logGet(46)) - raft.server.rpc.sleep.time = 25ms (default)
2024-02-26 09:18:31,448 [8b754925-a2c8-41f5-ba18-fc172404abb1-groupManagement] INFO  server.RaftServerConfigKeys (ConfUtils.java:logGet(46)) - raft.server.rpc.slowness.timeout = 300s (custom)
2024-02-26 09:18:31,448 [8b754925-a2c8-41f5-ba18-fc172404abb1-groupManagement] INFO  server.RaftServerConfigKeys (ConfUtils.java:logGet(46)) - raft.server.leaderelection.leader.step-down.wait-time = 10s (default)
2024-02-26 09:18:31,448 [8b754925-a2c8-41f5-ba18-fc172404abb1-groupManagement] INFO  server.RaftServerConfigKeys (ConfUtils.java:logGet(46)) - raft.server.leaderelection.member.majority-add = false (default)
2024-02-26 09:18:31,448 [8b754925-a2c8-41f5-ba18-fc172404abb1-groupManagement] INFO  server.RaftServerConfigKeys (ConfUtils.java:logGet(46)) - raft.server.sleep.deviation.threshold = 300ms (default)
2024-02-26 09:18:31,448 [8b754925-a2c8-41f5-ba18-fc172404abb1-groupManagement] INFO  server.RaftServer$Division (ServerState.java:<init>(113)) - 8b754925-a2c8-41f5-ba18-fc172404abb1@group-D99CC601FA38: ConfigurationManager, init=-1: peers:[8b754925-a2c8-41f5-ba18-fc172404abb1|10.1.0.30:15122]|listeners:[], old=null, confs=<EMPTY_MAP>
2024-02-26 09:18:31,448 [8b754925-a2c8-41f5-ba18-fc172404abb1-groupManagement] INFO  server.RaftServerConfigKeys (ConfUtils.java:logGet(46)) - raft.server.notification.no-leader.timeout = 300s (custom)
2024-02-26 09:18:31,448 [8b754925-a2c8-41f5-ba18-fc172404abb1-groupManagement] INFO  server.RaftServerConfigKeys (ConfUtils.java:logGet(46)) - raft.server.read.timeout = 10s (default)
2024-02-26 09:18:31,448 [8b754925-a2c8-41f5-ba18-fc172404abb1-groupManagement] INFO  server.RaftServerConfigKeys (ConfUtils.java:logGet(46)) - raft.server.retrycache.expirytime = 600000ms (custom)
2024-02-26 09:18:31,448 [8b754925-a2c8-41f5-ba18-fc172404abb1-groupManagement] INFO  server.RaftServerConfigKeys (ConfUtils.java:logGet(46)) - raft.server.retrycache.statistics.expirytime = 100ms (default)
2024-02-26 09:18:31,449 [8b754925-a2c8-41f5-ba18-fc172404abb1-groupManagement] INFO  server.RaftServerConfigKeys (ConfUtils.java:logGet(46)) - raft.server.read.option = DEFAULT (default)
2024-02-26 09:18:31,449 [8b754925-a2c8-41f5-ba18-fc172404abb1-groupManagement] INFO  server.RaftServerConfigKeys (ConfUtils.java:logGet(46)) - raft.server.read.read-after-write-consistent.write-index-cache.expiry-time = 60s (default)
2024-02-26 09:18:31,443 [87e9945c-a125-4404-bbe2-61a5a4b10cf4-groupManagement] INFO  server.RaftServerConfigKeys (ConfUtils.java:logGet(46)) - raft.server.log.segment.cache.size.max = 200MB (=209715200) (default)
2024-02-26 09:18:31,447 [aa7921d1-8be5-430c-af0e-7b09d4ba500e-groupManagement] INFO  segmented.SegmentedRaftLogWorker (SegmentedRaftLogWorker.java:<init>(182)) - new aa7921d1-8be5-430c-af0e-7b09d4ba500e@group-F488967C77B6-SegmentedRaftLogWorker for RaftStorageImpl:Storage Directory /home/runner/work/ozone/ozone/hadoop-ozone/integration-test/target/test-dir/MiniOzoneClusterImpl-0d79f430-b8c0-477e-97b7-98e50d733022/ozone-meta/datanode-8/ratis/12e2862d-a2f7-43f0-b7c6-f488967c77b6
2024-02-26 09:18:31,450 [f4d7646f-0fb1-4da2-a8dc-21597b443f6f-groupManagement] INFO  server.RaftServer$Division (RaftServerImpl.java:start(396)) - f4d7646f-0fb1-4da2-a8dc-21597b443f6f@group-70AFC97B979B: start as a follower, conf=-1: peers:[f4d7646f-0fb1-4da2-a8dc-21597b443f6f|10.1.0.30:15113]|listeners:[], old=null
2024-02-26 09:18:31,450 [f4d7646f-0fb1-4da2-a8dc-21597b443f6f-groupManagement] INFO  server.RaftServer$Division (RaftServerImpl.java:setRole(383)) - f4d7646f-0fb1-4da2-a8dc-21597b443f6f@group-70AFC97B979B: changes role from      null to FOLLOWER at term 0 for startAsFollower
2024-02-26 09:18:31,450 [f4d7646f-0fb1-4da2-a8dc-21597b443f6f-groupManagement] INFO  impl.RoleInfo (RoleInfo.java:updateAndGet(139)) - f4d7646f-0fb1-4da2-a8dc-21597b443f6f: start f4d7646f-0fb1-4da2-a8dc-21597b443f6f@group-70AFC97B979B-FollowerState
2024-02-26 09:18:31,449 [87e9945c-a125-4404-bbe2-61a5a4b10cf4-groupManagement] INFO  server.RaftServerConfigKeys (ConfUtils.java:logGet(46)) - raft.server.log.appender.buffer.byte-limit = 8388608 (custom)
2024-02-26 09:18:31,450 [aa7921d1-8be5-430c-af0e-7b09d4ba500e-groupManagement] INFO  server.RaftServerConfigKeys (ConfUtils.java:logGet(46)) - raft.server.log.queue.byte-limit = 4294967296 (custom)
2024-02-26 09:18:31,450 [aa7921d1-8be5-430c-af0e-7b09d4ba500e-groupManagement] INFO  server.RaftServerConfigKeys (ConfUtils.java:logGet(46)) - raft.server.log.queue.element-limit = 1024 (custom)
2024-02-26 09:18:31,450 [aa7921d1-8be5-430c-af0e-7b09d4ba500e-groupManagement] INFO  server.RaftServerConfigKeys (ConfUtils.java:logGet(46)) - raft.server.log.segment.size.max = 67108864 (custom)
2024-02-26 09:18:31,450 [aa7921d1-8be5-430c-af0e-7b09d4ba500e-groupManagement] INFO  server.RaftServerConfigKeys (ConfUtils.java:logGet(46)) - raft.server.log.preallocated.size = 4194304 (custom)
2024-02-26 09:18:31,450 [aa7921d1-8be5-430c-af0e-7b09d4ba500e-groupManagement] INFO  server.RaftServerConfigKeys (ConfUtils.java:logGet(46)) - raft.server.log.force.sync.num = 128 (default)
2024-02-26 09:18:31,450 [aa7921d1-8be5-430c-af0e-7b09d4ba500e-groupManagement] INFO  server.RaftServerConfigKeys (ConfUtils.java:logGet(46)) - raft.server.log.statemachine.data.sync = true (default)
2024-02-26 09:18:31,450 [aa7921d1-8be5-430c-af0e-7b09d4ba500e-groupManagement] INFO  server.RaftServerConfigKeys (ConfUtils.java:logGet(46)) - raft.server.log.statemachine.data.sync.timeout = 10s (default)
2024-02-26 09:18:31,451 [aa7921d1-8be5-430c-af0e-7b09d4ba500e-groupManagement] INFO  server.RaftServerConfigKeys (ConfUtils.java:logGet(46)) - raft.server.log.statemachine.data.sync.timeout.retry = 0 (custom)
2024-02-26 09:18:31,451 [f4d7646f-0fb1-4da2-a8dc-21597b443f6f@group-70AFC97B979B-FollowerState] INFO  server.RaftServerConfigKeys (ConfUtils.java:logFallback(53)) - raft.server.rpc.first-election.timeout.min = 5s (fallback to raft.server.rpc.timeout.min)
2024-02-26 09:18:31,451 [f4d7646f-0fb1-4da2-a8dc-21597b443f6f@group-70AFC97B979B-FollowerState] INFO  server.RaftServerConfigKeys (ConfUtils.java:logFallback(53)) - raft.server.rpc.first-election.timeout.max = 5200ms (fallback to raft.server.rpc.timeout.max)
2024-02-26 09:18:31,451 [87e9945c-a125-4404-bbe2-61a5a4b10cf4-groupManagement] INFO  util.AwaitToRun (AwaitToRun.java:start(81)) - Thread[87e9945c-a125-4404-bbe2-61a5a4b10cf4@group-F488967C77B6-cacheEviction-AwaitToRun,5,main] started
2024-02-26 09:18:31,451 [87e9945c-a125-4404-bbe2-61a5a4b10cf4-groupManagement] INFO  segmented.SegmentedRaftLogWorker (SegmentedRaftLogWorker.java:<init>(182)) - new 87e9945c-a125-4404-bbe2-61a5a4b10cf4@group-F488967C77B6-SegmentedRaftLogWorker for RaftStorageImpl:Storage Directory /home/runner/work/ozone/ozone/hadoop-ozone/integration-test/target/test-dir/MiniOzoneClusterImpl-0d79f430-b8c0-477e-97b7-98e50d733022/ozone-meta/datanode-9/ratis/12e2862d-a2f7-43f0-b7c6-f488967c77b6
2024-02-26 09:18:31,451 [87e9945c-a125-4404-bbe2-61a5a4b10cf4-groupManagement] INFO  server.RaftServerConfigKeys (ConfUtils.java:logGet(46)) - raft.server.log.queue.byte-limit = 4294967296 (custom)
2024-02-26 09:18:31,451 [87e9945c-a125-4404-bbe2-61a5a4b10cf4-groupManagement] INFO  server.RaftServerConfigKeys (ConfUtils.java:logGet(46)) - raft.server.log.queue.element-limit = 1024 (custom)
2024-02-26 09:18:31,452 [87e9945c-a125-4404-bbe2-61a5a4b10cf4-groupManagement] INFO  server.RaftServerConfigKeys (ConfUtils.java:logGet(46)) - raft.server.log.segment.size.max = 67108864 (custom)
2024-02-26 09:18:31,452 [87e9945c-a125-4404-bbe2-61a5a4b10cf4-groupManagement] INFO  server.RaftServerConfigKeys (ConfUtils.java:logGet(46)) - raft.server.log.preallocated.size = 4194304 (custom)
2024-02-26 09:18:31,452 [87e9945c-a125-4404-bbe2-61a5a4b10cf4-groupManagement] INFO  server.RaftServerConfigKeys (ConfUtils.java:logGet(46)) - raft.server.log.force.sync.num = 128 (default)
2024-02-26 09:18:31,452 [87e9945c-a125-4404-bbe2-61a5a4b10cf4-groupManagement] INFO  server.RaftServerConfigKeys (ConfUtils.java:logGet(46)) - raft.server.log.statemachine.data.sync = true (default)
2024-02-26 09:18:31,452 [87e9945c-a125-4404-bbe2-61a5a4b10cf4-groupManagement] INFO  server.RaftServerConfigKeys (ConfUtils.java:logGet(46)) - raft.server.log.statemachine.data.sync.timeout = 10s (default)
2024-02-26 09:18:31,452 [87e9945c-a125-4404-bbe2-61a5a4b10cf4-groupManagement] INFO  server.RaftServerConfigKeys (ConfUtils.java:logGet(46)) - raft.server.log.statemachine.data.sync.timeout.retry = 0 (custom)
2024-02-26 09:18:31,452 [90984f07-37f5-40e1-bf66-3a8ca2321052-groupManagement] INFO  impl.RoleInfo (RoleInfo.java:updateAndGet(139)) - 90984f07-37f5-40e1-bf66-3a8ca2321052: start 90984f07-37f5-40e1-bf66-3a8ca2321052@group-EE4D386C2EB3-FollowerState
2024-02-26 09:18:31,454 [90984f07-37f5-40e1-bf66-3a8ca2321052@group-EE4D386C2EB3-FollowerState] INFO  server.RaftServerConfigKeys (ConfUtils.java:logFallback(53)) - raft.server.rpc.first-election.timeout.min = 5s (fallback to raft.server.rpc.timeout.min)
2024-02-26 09:18:31,455 [90984f07-37f5-40e1-bf66-3a8ca2321052-groupManagement] INFO  util.JmxRegister (JmxRegister.java:tryRegister(44)) - Successfully registered JMX Bean with object name Ratis:service=RaftServer,group=group-EE4D386C2EB3,id=90984f07-37f5-40e1-bf66-3a8ca2321052
2024-02-26 09:18:31,455 [f4d7646f-0fb1-4da2-a8dc-21597b443f6f-groupManagement] INFO  util.JmxRegister (JmxRegister.java:tryRegister(44)) - Successfully registered JMX Bean with object name Ratis:service=RaftServer,group=group-70AFC97B979B,id=f4d7646f-0fb1-4da2-a8dc-21597b443f6f
2024-02-26 09:18:31,460 [f4d7646f-0fb1-4da2-a8dc-21597b443f6f-groupManagement] INFO  server.RaftServerConfigKeys (ConfUtils.java:logGet(46)) - raft.server.snapshot.trigger-when-stop.enabled = true (default)
2024-02-26 09:18:31,461 [f4d7646f-0fb1-4da2-a8dc-21597b443f6f-groupManagement] INFO  server.RaftServerConfigKeys (ConfUtils.java:logGet(46)) - raft.server.snapshot.auto.trigger.enabled = true (custom)
2024-02-26 09:18:31,461 [f4d7646f-0fb1-4da2-a8dc-21597b443f6f-groupManagement] INFO  server.RaftServerConfigKeys (ConfUtils.java:logGet(46)) - raft.server.snapshot.auto.trigger.threshold = 10000 (custom)
2024-02-26 09:18:31,461 [f4d7646f-0fb1-4da2-a8dc-21597b443f6f-groupManagement] INFO  server.RaftServerConfigKeys (ConfUtils.java:logGet(46)) - raft.server.snapshot.retention.file.num = 5 (custom)
2024-02-26 09:18:31,461 [f4d7646f-0fb1-4da2-a8dc-21597b443f6f-groupManagement] INFO  server.RaftServerConfigKeys (ConfUtils.java:logGet(46)) - raft.server.log.purge.upto.snapshot.index = false (default)
2024-02-26 09:18:31,460 [90984f07-37f5-40e1-bf66-3a8ca2321052-groupManagement] INFO  server.RaftServerConfigKeys (ConfUtils.java:logGet(46)) - raft.server.snapshot.trigger-when-stop.enabled = true (default)
2024-02-26 09:18:31,461 [90984f07-37f5-40e1-bf66-3a8ca2321052-groupManagement] INFO  server.RaftServerConfigKeys (ConfUtils.java:logGet(46)) - raft.server.snapshot.auto.trigger.enabled = true (custom)
2024-02-26 09:18:31,461 [90984f07-37f5-40e1-bf66-3a8ca2321052-groupManagement] INFO  server.RaftServerConfigKeys (ConfUtils.java:logGet(46)) - raft.server.snapshot.auto.trigger.threshold = 10000 (custom)
2024-02-26 09:18:31,461 [90984f07-37f5-40e1-bf66-3a8ca2321052-groupManagement] INFO  server.RaftServerConfigKeys (ConfUtils.java:logGet(46)) - raft.server.snapshot.retention.file.num = 5 (custom)
2024-02-26 09:18:31,461 [90984f07-37f5-40e1-bf66-3a8ca2321052-groupManagement] INFO  server.RaftServerConfigKeys (ConfUtils.java:logGet(46)) - raft.server.log.purge.upto.snapshot.index = false (default)
2024-02-26 09:18:31,466 [90984f07-37f5-40e1-bf66-3a8ca2321052@group-EE4D386C2EB3-FollowerState] INFO  server.RaftServerConfigKeys (ConfUtils.java:logFallback(53)) - raft.server.rpc.first-election.timeout.max = 5200ms (fallback to raft.server.rpc.timeout.max)
2024-02-26 09:18:31,468 [grpc-default-executor-1] INFO  server.RaftServer (RaftServerProxy.java:addNew(100)) - f4d7646f-0fb1-4da2-a8dc-21597b443f6f: addNew group-EE4D386C2EB3:[4e76a5f4-598e-407f-bd79-992a553d1db1|10.1.0.30:15095, 90984f07-37f5-40e1-bf66-3a8ca2321052|10.1.0.30:15104, f4d7646f-0fb1-4da2-a8dc-21597b443f6f|10.1.0.30:15113] returns group-EE4D386C2EB3:java.util.concurrent.CompletableFuture@42d31374[Not completed]
2024-02-26 09:18:31,473 [aa7921d1-8be5-430c-af0e-7b09d4ba500e-groupManagement] INFO  server.RaftServerConfigKeys (ConfUtils.java:logGet(46)) - raft.server.log.write.buffer.size = 8388616 (custom)
2024-02-26 09:18:31,475 [aa7921d1-8be5-430c-af0e-7b09d4ba500e-groupManagement] INFO  server.RaftServerConfigKeys (ConfUtils.java:logGet(46)) - raft.server.log.appender.buffer.byte-limit = 8388608 (custom)
2024-02-26 09:18:31,475 [aa7921d1-8be5-430c-af0e-7b09d4ba500e-groupManagement] INFO  server.RaftServerConfigKeys (ConfUtils.java:logGet(46)) - raft.server.log.unsafe-flush.enabled = false (default)
2024-02-26 09:18:31,475 [aa7921d1-8be5-430c-af0e-7b09d4ba500e-groupManagement] INFO  server.RaftServerConfigKeys (ConfUtils.java:logGet(46)) - raft.server.log.async-flush.enabled = false (default)
2024-02-26 09:18:31,476 [aa7921d1-8be5-430c-af0e-7b09d4ba500e-groupManagement] INFO  server.RaftServerConfigKeys (ConfUtils.java:logGet(46)) - raft.server.log.statemachine.data.caching.enabled = true (custom)
2024-02-26 09:18:31,476 [aa7921d1-8be5-430c-af0e-7b09d4ba500e-groupManagement] INFO  segmented.SegmentedRaftLogWorker (SegmentedRaftLogWorker.java:lambda$new$0(134)) - aa7921d1-8be5-430c-af0e-7b09d4ba500e@group-F488967C77B6-SegmentedRaftLogWorker: flushIndex: setUnconditionally 0 -> -1
2024-02-26 09:18:31,476 [aa7921d1-8be5-430c-af0e-7b09d4ba500e-groupManagement] INFO  segmented.SegmentedRaftLogWorker (SegmentedRaftLogWorker.java:lambda$new$0(134)) - aa7921d1-8be5-430c-af0e-7b09d4ba500e@group-F488967C77B6-SegmentedRaftLogWorker: safeCacheEvictIndex: setUnconditionally 0 -> -1
2024-02-26 09:18:31,476 [87e9945c-a125-4404-bbe2-61a5a4b10cf4-groupManagement] INFO  server.RaftServerConfigKeys (ConfUtils.java:logGet(46)) - raft.server.log.write.buffer.size = 8388616 (custom)
2024-02-26 09:18:31,478 [87e9945c-a125-4404-bbe2-61a5a4b10cf4-groupManagement] INFO  server.RaftServerConfigKeys (ConfUtils.java:logGet(46)) - raft.server.log.appender.buffer.byte-limit = 8388608 (custom)
2024-02-26 09:18:31,478 [87e9945c-a125-4404-bbe2-61a5a4b10cf4-groupManagement] INFO  server.RaftServerConfigKeys (ConfUtils.java:logGet(46)) - raft.server.log.unsafe-flush.enabled = false (default)
2024-02-26 09:18:31,478 [87e9945c-a125-4404-bbe2-61a5a4b10cf4-groupManagement] INFO  server.RaftServerConfigKeys (ConfUtils.java:logGet(46)) - raft.server.log.async-flush.enabled = false (default)
2024-02-26 09:18:31,478 [87e9945c-a125-4404-bbe2-61a5a4b10cf4-groupManagement] INFO  server.RaftServerConfigKeys (ConfUtils.java:logGet(46)) - raft.server.log.statemachine.data.caching.enabled = true (custom)
2024-02-26 09:18:31,478 [87e9945c-a125-4404-bbe2-61a5a4b10cf4-groupManagement] INFO  segmented.SegmentedRaftLogWorker (SegmentedRaftLogWorker.java:lambda$new$0(134)) - 87e9945c-a125-4404-bbe2-61a5a4b10cf4@group-F488967C77B6-SegmentedRaftLogWorker: flushIndex: setUnconditionally 0 -> -1
2024-02-26 09:18:31,478 [87e9945c-a125-4404-bbe2-61a5a4b10cf4-groupManagement] INFO  segmented.SegmentedRaftLogWorker (SegmentedRaftLogWorker.java:lambda$new$0(134)) - 87e9945c-a125-4404-bbe2-61a5a4b10cf4@group-F488967C77B6-SegmentedRaftLogWorker: safeCacheEvictIndex: setUnconditionally 0 -> -1
2024-02-26 09:18:31,480 [8b754925-a2c8-41f5-ba18-fc172404abb1-groupManagement] INFO  server.RaftServerConfigKeys (ConfUtils.java:logGet(46)) - raft.server.rpc.request.timeout = 60s (custom)
2024-02-26 09:18:31,480 [8b754925-a2c8-41f5-ba18-fc172404abb1-groupManagement] INFO  server.RaftServerConfigKeys (ConfUtils.java:logGet(46)) - raft.server.log.appender.install.snapshot.enabled = false (custom)
2024-02-26 09:18:31,480 [8b754925-a2c8-41f5-ba18-fc172404abb1-groupManagement] INFO  server.RaftServerConfigKeys (ConfUtils.java:logGet(46)) - raft.server.threadpool.server.cached = true (default)
2024-02-26 09:18:31,480 [8b754925-a2c8-41f5-ba18-fc172404abb1-groupManagement] INFO  server.RaftServerConfigKeys (ConfUtils.java:logGet(46)) - raft.server.threadpool.server.size = 0 (default)
2024-02-26 09:18:31,480 [8b754925-a2c8-41f5-ba18-fc172404abb1-groupManagement] INFO  server.RaftServerConfigKeys (ConfUtils.java:logGet(46)) - raft.server.threadpool.client.cached = true (default)
2024-02-26 09:18:31,481 [8b754925-a2c8-41f5-ba18-fc172404abb1-groupManagement] INFO  server.RaftServerConfigKeys (ConfUtils.java:logGet(46)) - raft.server.threadpool.client.size = 0 (default)
2024-02-26 09:18:31,481 [8b754925-a2c8-41f5-ba18-fc172404abb1-groupManagement] INFO  server.RaftServerConfigKeys (ConfUtils.java:logGet(46)) - raft.server.storage.free-space.min = 0MB (=0) (default)
2024-02-26 09:18:31,481 [8b754925-a2c8-41f5-ba18-fc172404abb1-groupManagement] INFO  server.RaftServerConfigKeys (ConfUtils.java:logGet(46)) - raft.server.log.corruption.policy = EXCEPTION (default)
2024-02-26 09:18:31,481 [8b754925-a2c8-41f5-ba18-fc172404abb1-groupManagement] INFO  server.RaftServerConfigKeys (ConfUtils.java:logGet(46)) - raft.server.storage.dir = [/home/runner/work/ozone/ozone/hadoop-ozone/integration-test/target/test-dir/MiniOzoneClusterImpl-0d79f430-b8c0-477e-97b7-98e50d733022/ozone-meta/datanode-13/ratis] (custom)
2024-02-26 09:18:31,481 [8b754925-a2c8-41f5-ba18-fc172404abb1-groupManagement] INFO  storage.RaftStorageDirectory (RaftStorageDirectoryImpl.java:analyzeStorage(138)) - The storage directory /home/runner/work/ozone/ozone/hadoop-ozone/integration-test/target/test-dir/MiniOzoneClusterImpl-0d79f430-b8c0-477e-97b7-98e50d733022/ozone-meta/datanode-13/ratis/b6300412-caf1-4a58-9338-d99cc601fa38 does not exist. Creating ...
2024-02-26 09:18:31,485 [aa7921d1-8be5-430c-af0e-7b09d4ba500e-groupManagement] INFO  server.RaftServer$Division (RaftServerImpl.java:start(396)) - aa7921d1-8be5-430c-af0e-7b09d4ba500e@group-F488967C77B6: start as a follower, conf=-1: peers:[87e9945c-a125-4404-bbe2-61a5a4b10cf4|10.1.0.30:15086, b254f787-4ade-443a-8cd7-22935f345023|10.1.0.30:15068, aa7921d1-8be5-430c-af0e-7b09d4ba500e|10.1.0.30:15077]|listeners:[], old=null
2024-02-26 09:18:31,485 [aa7921d1-8be5-430c-af0e-7b09d4ba500e-groupManagement] INFO  server.RaftServer$Division (RaftServerImpl.java:setRole(383)) - aa7921d1-8be5-430c-af0e-7b09d4ba500e@group-F488967C77B6: changes role from      null to FOLLOWER at term 0 for startAsFollower
2024-02-26 09:18:31,485 [aa7921d1-8be5-430c-af0e-7b09d4ba500e-groupManagement] INFO  impl.RoleInfo (RoleInfo.java:updateAndGet(139)) - aa7921d1-8be5-430c-af0e-7b09d4ba500e: start aa7921d1-8be5-430c-af0e-7b09d4ba500e@group-F488967C77B6-FollowerState
2024-02-26 09:18:31,487 [8b754925-a2c8-41f5-ba18-fc172404abb1-groupManagement] INFO  storage.RaftStorageDirectory (RaftStorageDirectoryImpl.java:tryLock(228)) - Lock on /home/runner/work/ozone/ozone/hadoop-ozone/integration-test/target/test-dir/MiniOzoneClusterImpl-0d79f430-b8c0-477e-97b7-98e50d733022/ozone-meta/datanode-13/ratis/b6300412-caf1-4a58-9338-d99cc601fa38/in_use.lock acquired by nodename 86312@fv-az1109-796
2024-02-26 09:18:31,487 [aa7921d1-8be5-430c-af0e-7b09d4ba500e-groupManagement] INFO  util.JmxRegister (JmxRegister.java:tryRegister(44)) - Successfully registered JMX Bean with object name Ratis:service=RaftServer,group=group-F488967C77B6,id=aa7921d1-8be5-430c-af0e-7b09d4ba500e
2024-02-26 09:18:31,487 [aa7921d1-8be5-430c-af0e-7b09d4ba500e-groupManagement] INFO  server.RaftServerConfigKeys (ConfUtils.java:logGet(46)) - raft.server.snapshot.trigger-when-stop.enabled = true (default)
2024-02-26 09:18:31,488 [aa7921d1-8be5-430c-af0e-7b09d4ba500e-groupManagement] INFO  server.RaftServerConfigKeys (ConfUtils.java:logGet(46)) - raft.server.snapshot.auto.trigger.enabled = true (custom)
2024-02-26 09:18:31,488 [aa7921d1-8be5-430c-af0e-7b09d4ba500e-groupManagement] INFO  server.RaftServerConfigKeys (ConfUtils.java:logGet(46)) - raft.server.snapshot.auto.trigger.threshold = 10000 (custom)
2024-02-26 09:18:31,488 [aa7921d1-8be5-430c-af0e-7b09d4ba500e-groupManagement] INFO  server.RaftServerConfigKeys (ConfUtils.java:logGet(46)) - raft.server.snapshot.retention.file.num = 5 (custom)
2024-02-26 09:18:31,488 [aa7921d1-8be5-430c-af0e-7b09d4ba500e-groupManagement] INFO  server.RaftServerConfigKeys (ConfUtils.java:logGet(46)) - raft.server.log.purge.upto.snapshot.index = false (default)
2024-02-26 09:18:31,489 [aa7921d1-8be5-430c-af0e-7b09d4ba500e@group-F488967C77B6-FollowerState] INFO  server.RaftServerConfigKeys (ConfUtils.java:logFallback(53)) - raft.server.rpc.first-election.timeout.min = 5s (fallback to raft.server.rpc.timeout.min)
2024-02-26 09:18:31,489 [aa7921d1-8be5-430c-af0e-7b09d4ba500e@group-F488967C77B6-FollowerState] INFO  server.RaftServerConfigKeys (ConfUtils.java:logFallback(53)) - raft.server.rpc.first-election.timeout.max = 5200ms (fallback to raft.server.rpc.timeout.max)
2024-02-26 09:18:31,490 [8b754925-a2c8-41f5-ba18-fc172404abb1-groupManagement] INFO  storage.RaftStorage (RaftStorageImpl.java:format(99)) - Storage directory /home/runner/work/ozone/ozone/hadoop-ozone/integration-test/target/test-dir/MiniOzoneClusterImpl-0d79f430-b8c0-477e-97b7-98e50d733022/ozone-meta/datanode-13/ratis/b6300412-caf1-4a58-9338-d99cc601fa38 has been successfully formatted.
2024-02-26 09:18:31,490 [8b754925-a2c8-41f5-ba18-fc172404abb1-groupManagement] WARN  util.FileUtils (LogUtils.java:supplyAndLog(63)) - Failed to Files.newInputStream /home/runner/work/ozone/ozone/hadoop-ozone/integration-test/target/test-dir/MiniOzoneClusterImpl-0d79f430-b8c0-477e-97b7-98e50d733022/ozone-meta/datanode-13/ratis/b6300412-caf1-4a58-9338-d99cc601fa38/current/raft-meta.conf with options []: java.nio.file.NoSuchFileException: /home/runner/work/ozone/ozone/hadoop-ozone/integration-test/target/test-dir/MiniOzoneClusterImpl-0d79f430-b8c0-477e-97b7-98e50d733022/ozone-meta/datanode-13/ratis/b6300412-caf1-4a58-9338-d99cc601fa38/current/raft-meta.conf
2024-02-26 09:18:31,491 [aa7921d1-8be5-430c-af0e-7b09d4ba500e-PipelineCommandHandlerThread-0] INFO  ratis.XceiverServerRatis (XceiverServerRatis.java:addGroup(864)) - Created group PipelineID=12e2862d-a2f7-43f0-b7c6-f488967c77b6
2024-02-26 09:18:31,496 [90984f07-37f5-40e1-bf66-3a8ca2321052-PipelineCommandHandlerThread-0] INFO  ratis.XceiverServerRatis (XceiverServerRatis.java:addGroup(864)) - Created group PipelineID=b301387e-7f34-403e-9476-ee4d386c2eb3
2024-02-26 09:18:31,501 [f4d7646f-0fb1-4da2-a8dc-21597b443f6f-groupManagement] INFO  server.RaftServer$Division (RaftServerImpl.java:<init>(256)) - f4d7646f-0fb1-4da2-a8dc-21597b443f6f: new RaftServerImpl for group-EE4D386C2EB3:[4e76a5f4-598e-407f-bd79-992a553d1db1|10.1.0.30:15095, 90984f07-37f5-40e1-bf66-3a8ca2321052|10.1.0.30:15104, f4d7646f-0fb1-4da2-a8dc-21597b443f6f|10.1.0.30:15113] with ContainerStateMachine:uninitialized
2024-02-26 09:18:31,501 [f4d7646f-0fb1-4da2-a8dc-21597b443f6f-groupManagement] INFO  server.RaftServerConfigKeys (ConfUtils.java:logGet(46)) - raft.server.rpc.timeout.min = 5s (custom)
2024-02-26 09:18:31,501 [f4d7646f-0fb1-4da2-a8dc-21597b443f6f-groupManagement] INFO  server.RaftServerConfigKeys (ConfUtils.java:logGet(46)) - raft.server.rpc.timeout.max = 5200ms (custom)
2024-02-26 09:18:31,501 [f4d7646f-0fb1-4da2-a8dc-21597b443f6f-groupManagement] INFO  server.RaftServerConfigKeys (ConfUtils.java:logGet(46)) - raft.server.rpc.sleep.time = 25ms (default)
2024-02-26 09:18:31,501 [f4d7646f-0fb1-4da2-a8dc-21597b443f6f-groupManagement] INFO  server.RaftServerConfigKeys (ConfUtils.java:logGet(46)) - raft.server.rpc.slowness.timeout = 300s (custom)
2024-02-26 09:18:31,501 [f4d7646f-0fb1-4da2-a8dc-21597b443f6f-groupManagement] INFO  server.RaftServerConfigKeys (ConfUtils.java:logGet(46)) - raft.server.leaderelection.leader.step-down.wait-time = 10s (default)
2024-02-26 09:18:31,501 [f4d7646f-0fb1-4da2-a8dc-21597b443f6f-groupManagement] INFO  server.RaftServerConfigKeys (ConfUtils.java:logGet(46)) - raft.server.leaderelection.member.majority-add = false (default)
2024-02-26 09:18:31,501 [f4d7646f-0fb1-4da2-a8dc-21597b443f6f-groupManagement] INFO  server.RaftServerConfigKeys (ConfUtils.java:logGet(46)) - raft.server.sleep.deviation.threshold = 300ms (default)
2024-02-26 09:18:31,501 [f4d7646f-0fb1-4da2-a8dc-21597b443f6f-PipelineCommandHandlerThread-0] INFO  ratis.XceiverServerRatis (XceiverServerRatis.java:addGroup(864)) - Created group PipelineID=c289f326-1f46-4a1b-b7af-70afc97b979b
2024-02-26 09:18:31,501 [f4d7646f-0fb1-4da2-a8dc-21597b443f6f-groupManagement] INFO  server.RaftServer$Division (ServerState.java:<init>(113)) - f4d7646f-0fb1-4da2-a8dc-21597b443f6f@group-EE4D386C2EB3: ConfigurationManager, init=-1: peers:[4e76a5f4-598e-407f-bd79-992a553d1db1|10.1.0.30:15095, 90984f07-37f5-40e1-bf66-3a8ca2321052|10.1.0.30:15104, f4d7646f-0fb1-4da2-a8dc-21597b443f6f|10.1.0.30:15113]|listeners:[], old=null, confs=<EMPTY_MAP>
2024-02-26 09:18:31,501 [f4d7646f-0fb1-4da2-a8dc-21597b443f6f-groupManagement] INFO  server.RaftServerConfigKeys (ConfUtils.java:logGet(46)) - raft.server.notification.no-leader.timeout = 300s (custom)
2024-02-26 09:18:31,501 [f4d7646f-0fb1-4da2-a8dc-21597b443f6f-groupManagement] INFO  server.RaftServerConfigKeys (ConfUtils.java:logGet(46)) - raft.server.read.timeout = 10s (default)
2024-02-26 09:18:31,502 [f4d7646f-0fb1-4da2-a8dc-21597b443f6f-groupManagement] INFO  server.RaftServerConfigKeys (ConfUtils.java:logGet(46)) - raft.server.retrycache.expirytime = 600000ms (custom)
2024-02-26 09:18:31,502 [f4d7646f-0fb1-4da2-a8dc-21597b443f6f-groupManagement] INFO  server.RaftServerConfigKeys (ConfUtils.java:logGet(46)) - raft.server.retrycache.statistics.expirytime = 100ms (default)
2024-02-26 09:18:31,502 [f4d7646f-0fb1-4da2-a8dc-21597b443f6f-groupManagement] INFO  server.RaftServerConfigKeys (ConfUtils.java:logGet(46)) - raft.server.read.option = DEFAULT (default)
2024-02-26 09:18:31,502 [f4d7646f-0fb1-4da2-a8dc-21597b443f6f-groupManagement] INFO  server.RaftServerConfigKeys (ConfUtils.java:logGet(46)) - raft.server.read.read-after-write-consistent.write-index-cache.expiry-time = 60s (default)
2024-02-26 09:18:31,501 [f4d7646f-0fb1-4da2-a8dc-21597b443f6f-PipelineCommandHandlerThread-0] INFO  commandhandler.CreatePipelineCommandHandler (CreatePipelineCommandHandler.java:lambda$handle$2(124)) - Created Pipeline RATIS ONE PipelineID=c289f326-1f46-4a1b-b7af-70afc97b979b.
2024-02-26 09:18:31,504 [f4d7646f-0fb1-4da2-a8dc-21597b443f6f-PipelineCommandHandlerThread-0] INFO  server.RaftServer (RaftServerProxy.java:addNew(100)) - f4d7646f-0fb1-4da2-a8dc-21597b443f6f: addNew group-08F59056C036:[4e76a5f4-598e-407f-bd79-992a553d1db1|10.1.0.30:15095, 90984f07-37f5-40e1-bf66-3a8ca2321052|10.1.0.30:15104, f4d7646f-0fb1-4da2-a8dc-21597b443f6f|10.1.0.30:15113] returns group-08F59056C036:java.util.concurrent.CompletableFuture@2542f57[Not completed]
2024-02-26 09:18:31,506 [f4d7646f-0fb1-4da2-a8dc-21597b443f6f-groupManagement] INFO  server.RaftServerConfigKeys (ConfUtils.java:logGet(46)) - raft.server.rpc.request.timeout = 60s (custom)
2024-02-26 09:18:31,506 [f4d7646f-0fb1-4da2-a8dc-21597b443f6f-groupManagement] INFO  server.RaftServerConfigKeys (ConfUtils.java:logGet(46)) - raft.server.log.appender.install.snapshot.enabled = false (custom)
2024-02-26 09:18:31,506 [f4d7646f-0fb1-4da2-a8dc-21597b443f6f-groupManagement] INFO  server.RaftServerConfigKeys (ConfUtils.java:logGet(46)) - raft.server.threadpool.server.cached = true (default)
2024-02-26 09:18:31,507 [f4d7646f-0fb1-4da2-a8dc-21597b443f6f-groupManagement] INFO  server.RaftServerConfigKeys (ConfUtils.java:logGet(46)) - raft.server.threadpool.server.size = 0 (default)
2024-02-26 09:18:31,507 [f4d7646f-0fb1-4da2-a8dc-21597b443f6f-groupManagement] INFO  server.RaftServerConfigKeys (ConfUtils.java:logGet(46)) - raft.server.threadpool.client.cached = true (default)
2024-02-26 09:18:31,507 [f4d7646f-0fb1-4da2-a8dc-21597b443f6f-groupManagement] INFO  server.RaftServerConfigKeys (ConfUtils.java:logGet(46)) - raft.server.threadpool.client.size = 0 (default)
2024-02-26 09:18:31,507 [87e9945c-a125-4404-bbe2-61a5a4b10cf4-groupManagement] INFO  server.RaftServer$Division (RaftServerImpl.java:start(396)) - 87e9945c-a125-4404-bbe2-61a5a4b10cf4@group-F488967C77B6: start as a follower, conf=-1: peers:[87e9945c-a125-4404-bbe2-61a5a4b10cf4|10.1.0.30:15086, b254f787-4ade-443a-8cd7-22935f345023|10.1.0.30:15068, aa7921d1-8be5-430c-af0e-7b09d4ba500e|10.1.0.30:15077]|listeners:[], old=null
2024-02-26 09:18:31,507 [87e9945c-a125-4404-bbe2-61a5a4b10cf4-groupManagement] INFO  server.RaftServer$Division (RaftServerImpl.java:setRole(383)) - 87e9945c-a125-4404-bbe2-61a5a4b10cf4@group-F488967C77B6: changes role from      null to FOLLOWER at term 0 for startAsFollower
2024-02-26 09:18:31,508 [f4d7646f-0fb1-4da2-a8dc-21597b443f6f-groupManagement] INFO  server.RaftServer$Division (RaftServerImpl.java:<init>(256)) - f4d7646f-0fb1-4da2-a8dc-21597b443f6f: new RaftServerImpl for group-08F59056C036:[4e76a5f4-598e-407f-bd79-992a553d1db1|10.1.0.30:15095, 90984f07-37f5-40e1-bf66-3a8ca2321052|10.1.0.30:15104, f4d7646f-0fb1-4da2-a8dc-21597b443f6f|10.1.0.30:15113] with ContainerStateMachine:uninitialized
2024-02-26 09:18:31,508 [87e9945c-a125-4404-bbe2-61a5a4b10cf4-groupManagement] INFO  impl.RoleInfo (RoleInfo.java:updateAndGet(139)) - 87e9945c-a125-4404-bbe2-61a5a4b10cf4: start 87e9945c-a125-4404-bbe2-61a5a4b10cf4@group-F488967C77B6-FollowerState
2024-02-26 09:18:31,510 [f4d7646f-0fb1-4da2-a8dc-21597b443f6f-groupManagement] INFO  server.RaftServerConfigKeys (ConfUtils.java:logGet(46)) - raft.server.rpc.timeout.min = 5s (custom)
2024-02-26 09:18:31,510 [87e9945c-a125-4404-bbe2-61a5a4b10cf4-groupManagement] INFO  util.JmxRegister (JmxRegister.java:tryRegister(44)) - Successfully registered JMX Bean with object name Ratis:service=RaftServer,group=group-F488967C77B6,id=87e9945c-a125-4404-bbe2-61a5a4b10cf4
2024-02-26 09:18:31,510 [87e9945c-a125-4404-bbe2-61a5a4b10cf4-groupManagement] INFO  server.RaftServerConfigKeys (ConfUtils.java:logGet(46)) - raft.server.snapshot.trigger-when-stop.enabled = true (default)
2024-02-26 09:18:31,511 [87e9945c-a125-4404-bbe2-61a5a4b10cf4-groupManagement] INFO  server.RaftServerConfigKeys (ConfUtils.java:logGet(46)) - raft.server.snapshot.auto.trigger.enabled = true (custom)
2024-02-26 09:18:31,511 [87e9945c-a125-4404-bbe2-61a5a4b10cf4-groupManagement] INFO  server.RaftServerConfigKeys (ConfUtils.java:logGet(46)) - raft.server.snapshot.auto.trigger.threshold = 10000 (custom)
2024-02-26 09:18:31,511 [87e9945c-a125-4404-bbe2-61a5a4b10cf4-groupManagement] INFO  server.RaftServerConfigKeys (ConfUtils.java:logGet(46)) - raft.server.snapshot.retention.file.num = 5 (custom)
2024-02-26 09:18:31,511 [87e9945c-a125-4404-bbe2-61a5a4b10cf4-groupManagement] INFO  server.RaftServerConfigKeys (ConfUtils.java:logGet(46)) - raft.server.log.purge.upto.snapshot.index = false (default)
2024-02-26 09:18:31,511 [87e9945c-a125-4404-bbe2-61a5a4b10cf4@group-F488967C77B6-FollowerState] INFO  server.RaftServerConfigKeys (ConfUtils.java:logFallback(53)) - raft.server.rpc.first-election.timeout.min = 5s (fallback to raft.server.rpc.timeout.min)
2024-02-26 09:18:31,512 [87e9945c-a125-4404-bbe2-61a5a4b10cf4-PipelineCommandHandlerThread-0] INFO  ratis.XceiverServerRatis (XceiverServerRatis.java:addGroup(864)) - Created group PipelineID=12e2862d-a2f7-43f0-b7c6-f488967c77b6
2024-02-26 09:18:31,512 [87e9945c-a125-4404-bbe2-61a5a4b10cf4@group-F488967C77B6-FollowerState] INFO  server.RaftServerConfigKeys (ConfUtils.java:logFallback(53)) - raft.server.rpc.first-election.timeout.max = 5200ms (fallback to raft.server.rpc.timeout.max)
2024-02-26 09:18:31,513 [8b754925-a2c8-41f5-ba18-fc172404abb1-groupManagement] INFO  ratis.ContainerStateMachine (ContainerStateMachine.java:loadSnapshot(287)) - group-D99CC601FA38: The snapshot info is null. Setting the last applied index to:(t:0, i:~)
2024-02-26 09:18:31,513 [8b754925-a2c8-41f5-ba18-fc172404abb1-groupManagement] INFO  server.RaftServerConfigKeys (ConfUtils.java:logGet(46)) - raft.server.log.use.memory = false (default)
2024-02-26 09:18:31,513 [8b754925-a2c8-41f5-ba18-fc172404abb1-groupManagement] INFO  server.RaftServerConfigKeys (ConfUtils.java:logGet(46)) - raft.server.log.purge.gap = 1000000 (custom)
2024-02-26 09:18:31,513 [8b754925-a2c8-41f5-ba18-fc172404abb1-groupManagement] INFO  server.RaftServerConfigKeys (ConfUtils.java:logGet(46)) - raft.server.log.appender.buffer.byte-limit = 8388608 (custom)
2024-02-26 09:18:31,513 [8b754925-a2c8-41f5-ba18-fc172404abb1-groupManagement] INFO  server.RaftServerConfigKeys (ConfUtils.java:logGet(46)) - raft.server.log.statemachine.data.read.timeout = 1000ms (default)
2024-02-26 09:18:31,513 [8b754925-a2c8-41f5-ba18-fc172404abb1-groupManagement] INFO  server.RaftServerConfigKeys (ConfUtils.java:logGet(46)) - raft.server.log.purge.preservation.log.num = 0 (default)
2024-02-26 09:18:31,513 [f4d7646f-0fb1-4da2-a8dc-21597b443f6f-groupManagement] INFO  server.RaftServerConfigKeys (ConfUtils.java:logGet(46)) - raft.server.rpc.timeout.max = 5200ms (custom)
2024-02-26 09:18:31,513 [f4d7646f-0fb1-4da2-a8dc-21597b443f6f-groupManagement] INFO  server.RaftServerConfigKeys (ConfUtils.java:logGet(46)) - raft.server.rpc.sleep.time = 25ms (default)
2024-02-26 09:18:31,513 [f4d7646f-0fb1-4da2-a8dc-21597b443f6f-groupManagement] INFO  server.RaftServerConfigKeys (ConfUtils.java:logGet(46)) - raft.server.rpc.slowness.timeout = 300s (custom)
2024-02-26 09:18:31,513 [f4d7646f-0fb1-4da2-a8dc-21597b443f6f-groupManagement] INFO  server.RaftServerConfigKeys (ConfUtils.java:logGet(46)) - raft.server.leaderelection.leader.step-down.wait-time = 10s (default)
2024-02-26 09:18:31,514 [f4d7646f-0fb1-4da2-a8dc-21597b443f6f-groupManagement] INFO  server.RaftServerConfigKeys (ConfUtils.java:logGet(46)) - raft.server.leaderelection.member.majority-add = false (default)
2024-02-26 09:18:31,514 [f4d7646f-0fb1-4da2-a8dc-21597b443f6f-groupManagement] INFO  server.RaftServerConfigKeys (ConfUtils.java:logGet(46)) - raft.server.sleep.deviation.threshold = 300ms (default)
2024-02-26 09:18:31,514 [f4d7646f-0fb1-4da2-a8dc-21597b443f6f-groupManagement] INFO  server.RaftServer$Division (ServerState.java:<init>(113)) - f4d7646f-0fb1-4da2-a8dc-21597b443f6f@group-08F59056C036: ConfigurationManager, init=-1: peers:[4e76a5f4-598e-407f-bd79-992a553d1db1|10.1.0.30:15095, 90984f07-37f5-40e1-bf66-3a8ca2321052|10.1.0.30:15104, f4d7646f-0fb1-4da2-a8dc-21597b443f6f|10.1.0.30:15113]|listeners:[], old=null, confs=<EMPTY_MAP>
2024-02-26 09:18:31,514 [f4d7646f-0fb1-4da2-a8dc-21597b443f6f-groupManagement] INFO  server.RaftServerConfigKeys (ConfUtils.java:logGet(46)) - raft.server.notification.no-leader.timeout = 300s (custom)
2024-02-26 09:18:31,514 [f4d7646f-0fb1-4da2-a8dc-21597b443f6f-groupManagement] INFO  server.RaftServerConfigKeys (ConfUtils.java:logGet(46)) - raft.server.read.timeout = 10s (default)
2024-02-26 09:18:31,514 [f4d7646f-0fb1-4da2-a8dc-21597b443f6f-groupManagement] INFO  server.RaftServerConfigKeys (ConfUtils.java:logGet(46)) - raft.server.retrycache.expirytime = 600000ms (custom)
2024-02-26 09:18:31,514 [f4d7646f-0fb1-4da2-a8dc-21597b443f6f-groupManagement] INFO  server.RaftServerConfigKeys (ConfUtils.java:logGet(46)) - raft.server.retrycache.statistics.expirytime = 100ms (default)
2024-02-26 09:18:31,514 [f4d7646f-0fb1-4da2-a8dc-21597b443f6f-groupManagement] INFO  server.RaftServerConfigKeys (ConfUtils.java:logGet(46)) - raft.server.read.option = DEFAULT (default)
2024-02-26 09:18:31,514 [f4d7646f-0fb1-4da2-a8dc-21597b443f6f-groupManagement] INFO  server.RaftServerConfigKeys (ConfUtils.java:logGet(46)) - raft.server.read.read-after-write-consistent.write-index-cache.expiry-time = 60s (default)
2024-02-26 09:18:31,520 [EventQueue-PipelineReportForPipelineReportHandler] INFO  pipeline.PipelineReportHandler (PipelineReportHandler.java:processPipelineReport(136)) - Opened pipeline PipelineID=b6300412-caf1-4a58-9338-d99cc601fa38
2024-02-26 09:18:31,520 [EventQueue-OpenPipelineForHealthyPipelineSafeModeRule] INFO  safemode.SCMSafeModeManager (HealthyPipelineSafeModeRule.java:process(140)) - SCM in safe mode. Healthy pipelines reported count is 0, required healthy pipeline reported count is 1
2024-02-26 09:18:31,528 [8b754925-a2c8-41f5-ba18-fc172404abb1-groupManagement] INFO  server.RaftServerConfigKeys (ConfUtils.java:logGet(46)) - raft.server.log.segment.size.max = 67108864 (custom)
2024-02-26 09:18:31,529 [8b754925-a2c8-41f5-ba18-fc172404abb1-groupManagement] INFO  server.RaftServerConfigKeys (ConfUtils.java:logGet(46)) - raft.server.log.segment.cache.num.max = 2 (custom)
2024-02-26 09:18:31,529 [8b754925-a2c8-41f5-ba18-fc172404abb1-groupManagement] INFO  server.RaftServerConfigKeys (ConfUtils.java:logGet(46)) - raft.server.log.segment.cache.size.max = 200MB (=209715200) (default)
2024-02-26 09:18:31,529 [8b754925-a2c8-41f5-ba18-fc172404abb1-groupManagement] INFO  server.RaftServerConfigKeys (ConfUtils.java:logGet(46)) - raft.server.log.appender.buffer.byte-limit = 8388608 (custom)
2024-02-26 09:18:31,531 [f4d7646f-0fb1-4da2-a8dc-21597b443f6f-groupManagement] INFO  server.RaftServerConfigKeys (ConfUtils.java:logGet(46)) - raft.server.rpc.request.timeout = 60s (custom)
2024-02-26 09:18:31,531 [f4d7646f-0fb1-4da2-a8dc-21597b443f6f-groupManagement] INFO  server.RaftServerConfigKeys (ConfUtils.java:logGet(46)) - raft.server.log.appender.install.snapshot.enabled = false (custom)
2024-02-26 09:18:31,531 [f4d7646f-0fb1-4da2-a8dc-21597b443f6f-groupManagement] INFO  server.RaftServerConfigKeys (ConfUtils.java:logGet(46)) - raft.server.threadpool.server.cached = true (default)
2024-02-26 09:18:31,531 [f4d7646f-0fb1-4da2-a8dc-21597b443f6f-groupManagement] INFO  server.RaftServerConfigKeys (ConfUtils.java:logGet(46)) - raft.server.threadpool.server.size = 0 (default)
2024-02-26 09:18:31,531 [f4d7646f-0fb1-4da2-a8dc-21597b443f6f-groupManagement] INFO  server.RaftServerConfigKeys (ConfUtils.java:logGet(46)) - raft.server.threadpool.client.cached = true (default)
2024-02-26 09:18:31,531 [f4d7646f-0fb1-4da2-a8dc-21597b443f6f-groupManagement] INFO  server.RaftServerConfigKeys (ConfUtils.java:logGet(46)) - raft.server.threadpool.client.size = 0 (default)
2024-02-26 09:18:31,531 [f4d7646f-0fb1-4da2-a8dc-21597b443f6f-groupManagement] INFO  server.RaftServerConfigKeys (ConfUtils.java:logGet(46)) - raft.server.storage.free-space.min = 0MB (=0) (default)
2024-02-26 09:18:31,531 [f4d7646f-0fb1-4da2-a8dc-21597b443f6f-groupManagement] INFO  server.RaftServerConfigKeys (ConfUtils.java:logGet(46)) - raft.server.log.corruption.policy = EXCEPTION (default)
2024-02-26 09:18:31,531 [f4d7646f-0fb1-4da2-a8dc-21597b443f6f-groupManagement] INFO  server.RaftServerConfigKeys (ConfUtils.java:logGet(46)) - raft.server.storage.dir = [/home/runner/work/ozone/ozone/hadoop-ozone/integration-test/target/test-dir/MiniOzoneClusterImpl-0d79f430-b8c0-477e-97b7-98e50d733022/ozone-meta/datanode-12/ratis] (custom)
2024-02-26 09:18:31,532 [f4d7646f-0fb1-4da2-a8dc-21597b443f6f-groupManagement] INFO  storage.RaftStorageDirectory (RaftStorageDirectoryImpl.java:analyzeStorage(138)) - The storage directory /home/runner/work/ozone/ozone/hadoop-ozone/integration-test/target/test-dir/MiniOzoneClusterImpl-0d79f430-b8c0-477e-97b7-98e50d733022/ozone-meta/datanode-12/ratis/b301387e-7f34-403e-9476-ee4d386c2eb3 does not exist. Creating ...
2024-02-26 09:18:31,533 [8b754925-a2c8-41f5-ba18-fc172404abb1-groupManagement] INFO  util.AwaitToRun (AwaitToRun.java:start(81)) - Thread[8b754925-a2c8-41f5-ba18-fc172404abb1@group-D99CC601FA38-cacheEviction-AwaitToRun,5,main] started
2024-02-26 09:18:31,533 [8b754925-a2c8-41f5-ba18-fc172404abb1-groupManagement] INFO  segmented.SegmentedRaftLogWorker (SegmentedRaftLogWorker.java:<init>(182)) - new 8b754925-a2c8-41f5-ba18-fc172404abb1@group-D99CC601FA38-SegmentedRaftLogWorker for RaftStorageImpl:Storage Directory /home/runner/work/ozone/ozone/hadoop-ozone/integration-test/target/test-dir/MiniOzoneClusterImpl-0d79f430-b8c0-477e-97b7-98e50d733022/ozone-meta/datanode-13/ratis/b6300412-caf1-4a58-9338-d99cc601fa38
2024-02-26 09:18:31,533 [8b754925-a2c8-41f5-ba18-fc172404abb1-groupManagement] INFO  server.RaftServerConfigKeys (ConfUtils.java:logGet(46)) - raft.server.log.queue.byte-limit = 4294967296 (custom)
2024-02-26 09:18:31,533 [8b754925-a2c8-41f5-ba18-fc172404abb1-groupManagement] INFO  server.RaftServerConfigKeys (ConfUtils.java:logGet(46)) - raft.server.log.queue.element-limit = 1024 (custom)
2024-02-26 09:18:31,533 [8b754925-a2c8-41f5-ba18-fc172404abb1-groupManagement] INFO  server.RaftServerConfigKeys (ConfUtils.java:logGet(46)) - raft.server.log.segment.size.max = 67108864 (custom)
2024-02-26 09:18:31,533 [8b754925-a2c8-41f5-ba18-fc172404abb1-groupManagement] INFO  server.RaftServerConfigKeys (ConfUtils.java:logGet(46)) - raft.server.log.preallocated.size = 4194304 (custom)
2024-02-26 09:18:31,533 [8b754925-a2c8-41f5-ba18-fc172404abb1-groupManagement] INFO  server.RaftServerConfigKeys (ConfUtils.java:logGet(46)) - raft.server.log.force.sync.num = 128 (default)
2024-02-26 09:18:31,533 [8b754925-a2c8-41f5-ba18-fc172404abb1-groupManagement] INFO  server.RaftServerConfigKeys (ConfUtils.java:logGet(46)) - raft.server.log.statemachine.data.sync = true (default)
2024-02-26 09:18:31,533 [8b754925-a2c8-41f5-ba18-fc172404abb1-groupManagement] INFO  server.RaftServerConfigKeys (ConfUtils.java:logGet(46)) - raft.server.log.statemachine.data.sync.timeout = 10s (default)
2024-02-26 09:18:31,533 [8b754925-a2c8-41f5-ba18-fc172404abb1-groupManagement] INFO  server.RaftServerConfigKeys (ConfUtils.java:logGet(46)) - raft.server.log.statemachine.data.sync.timeout.retry = 0 (custom)
2024-02-26 09:18:31,534 [8b754925-a2c8-41f5-ba18-fc172404abb1-groupManagement] INFO  server.RaftServerConfigKeys (ConfUtils.java:logGet(46)) - raft.server.log.write.buffer.size = 8388616 (custom)
2024-02-26 09:18:31,536 [f4d7646f-0fb1-4da2-a8dc-21597b443f6f-groupManagement] INFO  storage.RaftStorageDirectory (RaftStorageDirectoryImpl.java:tryLock(228)) - Lock on /home/runner/work/ozone/ozone/hadoop-ozone/integration-test/target/test-dir/MiniOzoneClusterImpl-0d79f430-b8c0-477e-97b7-98e50d733022/ozone-meta/datanode-12/ratis/b301387e-7f34-403e-9476-ee4d386c2eb3/in_use.lock acquired by nodename 86312@fv-az1109-796
2024-02-26 09:18:31,539 [f4d7646f-0fb1-4da2-a8dc-21597b443f6f-groupManagement] INFO  storage.RaftStorage (RaftStorageImpl.java:format(99)) - Storage directory /home/runner/work/ozone/ozone/hadoop-ozone/integration-test/target/test-dir/MiniOzoneClusterImpl-0d79f430-b8c0-477e-97b7-98e50d733022/ozone-meta/datanode-12/ratis/b301387e-7f34-403e-9476-ee4d386c2eb3 has been successfully formatted.
2024-02-26 09:18:31,539 [8b754925-a2c8-41f5-ba18-fc172404abb1-groupManagement] INFO  server.RaftServerConfigKeys (ConfUtils.java:logGet(46)) - raft.server.log.appender.buffer.byte-limit = 8388608 (custom)
2024-02-26 09:18:31,539 [8b754925-a2c8-41f5-ba18-fc172404abb1-groupManagement] INFO  server.RaftServerConfigKeys (ConfUtils.java:logGet(46)) - raft.server.log.unsafe-flush.enabled = false (default)
2024-02-26 09:18:31,539 [8b754925-a2c8-41f5-ba18-fc172404abb1-groupManagement] INFO  server.RaftServerConfigKeys (ConfUtils.java:logGet(46)) - raft.server.log.async-flush.enabled = false (default)
2024-02-26 09:18:31,539 [8b754925-a2c8-41f5-ba18-fc172404abb1-groupManagement] INFO  server.RaftServerConfigKeys (ConfUtils.java:logGet(46)) - raft.server.log.statemachine.data.caching.enabled = true (custom)
2024-02-26 09:18:31,539 [f4d7646f-0fb1-4da2-a8dc-21597b443f6f-groupManagement] WARN  util.FileUtils (LogUtils.java:supplyAndLog(63)) - Failed to Files.newInputStream /home/runner/work/ozone/ozone/hadoop-ozone/integration-test/target/test-dir/MiniOzoneClusterImpl-0d79f430-b8c0-477e-97b7-98e50d733022/ozone-meta/datanode-12/ratis/b301387e-7f34-403e-9476-ee4d386c2eb3/current/raft-meta.conf with options []: java.nio.file.NoSuchFileException: /home/runner/work/ozone/ozone/hadoop-ozone/integration-test/target/test-dir/MiniOzoneClusterImpl-0d79f430-b8c0-477e-97b7-98e50d733022/ozone-meta/datanode-12/ratis/b301387e-7f34-403e-9476-ee4d386c2eb3/current/raft-meta.conf
2024-02-26 09:18:31,540 [8b754925-a2c8-41f5-ba18-fc172404abb1-groupManagement] INFO  segmented.SegmentedRaftLogWorker (SegmentedRaftLogWorker.java:lambda$new$0(134)) - 8b754925-a2c8-41f5-ba18-fc172404abb1@group-D99CC601FA38-SegmentedRaftLogWorker: flushIndex: setUnconditionally 0 -> -1
2024-02-26 09:18:31,540 [8b754925-a2c8-41f5-ba18-fc172404abb1-groupManagement] INFO  segmented.SegmentedRaftLogWorker (SegmentedRaftLogWorker.java:lambda$new$0(134)) - 8b754925-a2c8-41f5-ba18-fc172404abb1@group-D99CC601FA38-SegmentedRaftLogWorker: safeCacheEvictIndex: setUnconditionally 0 -> -1
2024-02-26 09:18:31,546 [b254f787-4ade-443a-8cd7-22935f345023-PipelineCommandHandlerThread-0] INFO  commandhandler.CreatePipelineCommandHandler (CreatePipelineCommandHandler.java:lambda$handle$2(124)) - Created Pipeline RATIS THREE PipelineID=12e2862d-a2f7-43f0-b7c6-f488967c77b6.
2024-02-26 09:18:31,548 [f4d7646f-0fb1-4da2-a8dc-21597b443f6f-groupManagement] INFO  ratis.ContainerStateMachine (ContainerStateMachine.java:loadSnapshot(287)) - group-EE4D386C2EB3: The snapshot info is null. Setting the last applied index to:(t:0, i:~)
2024-02-26 09:18:31,548 [8b754925-a2c8-41f5-ba18-fc172404abb1-groupManagement] INFO  server.RaftServer$Division (RaftServerImpl.java:start(396)) - 8b754925-a2c8-41f5-ba18-fc172404abb1@group-D99CC601FA38: start as a follower, conf=-1: peers:[8b754925-a2c8-41f5-ba18-fc172404abb1|10.1.0.30:15122]|listeners:[], old=null
2024-02-26 09:18:31,548 [8b754925-a2c8-41f5-ba18-fc172404abb1-groupManagement] INFO  server.RaftServer$Division (RaftServerImpl.java:setRole(383)) - 8b754925-a2c8-41f5-ba18-fc172404abb1@group-D99CC601FA38: changes role from      null to FOLLOWER at term 0 for startAsFollower
2024-02-26 09:18:31,548 [8b754925-a2c8-41f5-ba18-fc172404abb1-groupManagement] INFO  impl.RoleInfo (RoleInfo.java:updateAndGet(139)) - 8b754925-a2c8-41f5-ba18-fc172404abb1: start 8b754925-a2c8-41f5-ba18-fc172404abb1@group-D99CC601FA38-FollowerState
2024-02-26 09:18:31,548 [f4d7646f-0fb1-4da2-a8dc-21597b443f6f-groupManagement] INFO  server.RaftServerConfigKeys (ConfUtils.java:logGet(46)) - raft.server.log.use.memory = false (default)
2024-02-26 09:18:31,549 [f4d7646f-0fb1-4da2-a8dc-21597b443f6f-groupManagement] INFO  server.RaftServerConfigKeys (ConfUtils.java:logGet(46)) - raft.server.log.purge.gap = 1000000 (custom)
2024-02-26 09:18:31,549 [f4d7646f-0fb1-4da2-a8dc-21597b443f6f-groupManagement] INFO  server.RaftServerConfigKeys (ConfUtils.java:logGet(46)) - raft.server.log.appender.buffer.byte-limit = 8388608 (custom)
2024-02-26 09:18:31,549 [f4d7646f-0fb1-4da2-a8dc-21597b443f6f-groupManagement] INFO  server.RaftServerConfigKeys (ConfUtils.java:logGet(46)) - raft.server.log.statemachine.data.read.timeout = 1000ms (default)
2024-02-26 09:18:31,549 [f4d7646f-0fb1-4da2-a8dc-21597b443f6f-groupManagement] INFO  server.RaftServerConfigKeys (ConfUtils.java:logGet(46)) - raft.server.log.purge.preservation.log.num = 0 (default)
2024-02-26 09:18:31,550 [8b754925-a2c8-41f5-ba18-fc172404abb1-groupManagement] INFO  util.JmxRegister (JmxRegister.java:tryRegister(44)) - Successfully registered JMX Bean with object name Ratis:service=RaftServer,group=group-D99CC601FA38,id=8b754925-a2c8-41f5-ba18-fc172404abb1
2024-02-26 09:18:31,550 [8b754925-a2c8-41f5-ba18-fc172404abb1-groupManagement] INFO  server.RaftServerConfigKeys (ConfUtils.java:logGet(46)) - raft.server.snapshot.trigger-when-stop.enabled = true (default)
2024-02-26 09:18:31,550 [8b754925-a2c8-41f5-ba18-fc172404abb1-groupManagement] INFO  server.RaftServerConfigKeys (ConfUtils.java:logGet(46)) - raft.server.snapshot.auto.trigger.enabled = true (custom)
2024-02-26 09:18:31,550 [8b754925-a2c8-41f5-ba18-fc172404abb1-groupManagement] INFO  server.RaftServerConfigKeys (ConfUtils.java:logGet(46)) - raft.server.snapshot.auto.trigger.threshold = 10000 (custom)
2024-02-26 09:18:31,550 [8b754925-a2c8-41f5-ba18-fc172404abb1-groupManagement] INFO  server.RaftServerConfigKeys (ConfUtils.java:logGet(46)) - raft.server.snapshot.retention.file.num = 5 (custom)
2024-02-26 09:18:31,550 [8b754925-a2c8-41f5-ba18-fc172404abb1-groupManagement] INFO  server.RaftServerConfigKeys (ConfUtils.java:logGet(46)) - raft.server.log.purge.upto.snapshot.index = false (default)
2024-02-26 09:18:31,551 [8b754925-a2c8-41f5-ba18-fc172404abb1@group-D99CC601FA38-FollowerState] INFO  server.RaftServerConfigKeys (ConfUtils.java:logFallback(53)) - raft.server.rpc.first-election.timeout.min = 5s (fallback to raft.server.rpc.timeout.min)
2024-02-26 09:18:31,551 [8b754925-a2c8-41f5-ba18-fc172404abb1@group-D99CC601FA38-FollowerState] INFO  server.RaftServerConfigKeys (ConfUtils.java:logFallback(53)) - raft.server.rpc.first-election.timeout.max = 5200ms (fallback to raft.server.rpc.timeout.max)
2024-02-26 09:18:31,551 [EventQueue-OpenPipelineForHealthyPipelineSafeModeRule] INFO  safemode.SCMSafeModeManager (HealthyPipelineSafeModeRule.java:process(140)) - SCM in safe mode. Healthy pipelines reported count is 0, required healthy pipeline reported count is 1
2024-02-26 09:18:31,555 [f4d7646f-0fb1-4da2-a8dc-21597b443f6f-groupManagement] INFO  server.RaftServerConfigKeys (ConfUtils.java:logGet(46)) - raft.server.log.segment.size.max = 67108864 (custom)
2024-02-26 09:18:31,556 [f4d7646f-0fb1-4da2-a8dc-21597b443f6f-groupManagement] INFO  server.RaftServerConfigKeys (ConfUtils.java:logGet(46)) - raft.server.log.segment.cache.num.max = 2 (custom)
2024-02-26 09:18:31,556 [f4d7646f-0fb1-4da2-a8dc-21597b443f6f-groupManagement] INFO  server.RaftServerConfigKeys (ConfUtils.java:logGet(46)) - raft.server.log.segment.cache.size.max = 200MB (=209715200) (default)
2024-02-26 09:18:31,556 [f4d7646f-0fb1-4da2-a8dc-21597b443f6f-groupManagement] INFO  server.RaftServerConfigKeys (ConfUtils.java:logGet(46)) - raft.server.log.appender.buffer.byte-limit = 8388608 (custom)
2024-02-26 09:18:31,558 [8b754925-a2c8-41f5-ba18-fc172404abb1-PipelineCommandHandlerThread-0] INFO  ratis.XceiverServerRatis (XceiverServerRatis.java:addGroup(864)) - Created group PipelineID=b6300412-caf1-4a58-9338-d99cc601fa38
2024-02-26 09:18:31,558 [f4d7646f-0fb1-4da2-a8dc-21597b443f6f-groupManagement] INFO  util.AwaitToRun (AwaitToRun.java:start(81)) - Thread[f4d7646f-0fb1-4da2-a8dc-21597b443f6f@group-EE4D386C2EB3-cacheEviction-AwaitToRun,5,main] started
2024-02-26 09:18:31,558 [ca5f02e2-bc43-4498-b1f2-381f8abbb3f5-PipelineCommandHandlerThread-0] INFO  server.RaftServer (RaftServerProxy.java:addNew(100)) - ca5f02e2-bc43-4498-b1f2-381f8abbb3f5: addNew group-8A458A973B78:[ca5f02e2-bc43-4498-b1f2-381f8abbb3f5|10.1.0.30:15131] returns group-8A458A973B78:java.util.concurrent.CompletableFuture@6cbfdb9d[Not completed]
2024-02-26 09:18:31,558 [8b754925-a2c8-41f5-ba18-fc172404abb1-PipelineCommandHandlerThread-0] INFO  commandhandler.CreatePipelineCommandHandler (CreatePipelineCommandHandler.java:lambda$handle$2(124)) - Created Pipeline RATIS ONE PipelineID=b6300412-caf1-4a58-9338-d99cc601fa38.
2024-02-26 09:18:31,558 [f4d7646f-0fb1-4da2-a8dc-21597b443f6f-groupManagement] INFO  segmented.SegmentedRaftLogWorker (SegmentedRaftLogWorker.java:<init>(182)) - new f4d7646f-0fb1-4da2-a8dc-21597b443f6f@group-EE4D386C2EB3-SegmentedRaftLogWorker for RaftStorageImpl:Storage Directory /home/runner/work/ozone/ozone/hadoop-ozone/integration-test/target/test-dir/MiniOzoneClusterImpl-0d79f430-b8c0-477e-97b7-98e50d733022/ozone-meta/datanode-12/ratis/b301387e-7f34-403e-9476-ee4d386c2eb3
2024-02-26 09:18:31,559 [f4d7646f-0fb1-4da2-a8dc-21597b443f6f-groupManagement] INFO  server.RaftServerConfigKeys (ConfUtils.java:logGet(46)) - raft.server.log.queue.byte-limit = 4294967296 (custom)
2024-02-26 09:18:31,559 [f4d7646f-0fb1-4da2-a8dc-21597b443f6f-groupManagement] INFO  server.RaftServerConfigKeys (ConfUtils.java:logGet(46)) - raft.server.log.queue.element-limit = 1024 (custom)
2024-02-26 09:18:31,559 [f4d7646f-0fb1-4da2-a8dc-21597b443f6f-groupManagement] INFO  server.RaftServerConfigKeys (ConfUtils.java:logGet(46)) - raft.server.log.segment.size.max = 67108864 (custom)
2024-02-26 09:18:31,559 [f4d7646f-0fb1-4da2-a8dc-21597b443f6f-groupManagement] INFO  server.RaftServerConfigKeys (ConfUtils.java:logGet(46)) - raft.server.log.preallocated.size = 4194304 (custom)
2024-02-26 09:18:31,560 [f4d7646f-0fb1-4da2-a8dc-21597b443f6f-groupManagement] INFO  server.RaftServerConfigKeys (ConfUtils.java:logGet(46)) - raft.server.log.force.sync.num = 128 (default)
2024-02-26 09:18:31,560 [f4d7646f-0fb1-4da2-a8dc-21597b443f6f-groupManagement] INFO  server.RaftServerConfigKeys (ConfUtils.java:logGet(46)) - raft.server.log.statemachine.data.sync = true (default)
2024-02-26 09:18:31,560 [f4d7646f-0fb1-4da2-a8dc-21597b443f6f-groupManagement] INFO  server.RaftServerConfigKeys (ConfUtils.java:logGet(46)) - raft.server.log.statemachine.data.sync.timeout = 10s (default)
2024-02-26 09:18:31,560 [f4d7646f-0fb1-4da2-a8dc-21597b443f6f-groupManagement] INFO  server.RaftServerConfigKeys (ConfUtils.java:logGet(46)) - raft.server.log.statemachine.data.sync.timeout.retry = 0 (custom)
2024-02-26 09:18:31,560 [f4d7646f-0fb1-4da2-a8dc-21597b443f6f-groupManagement] INFO  server.RaftServerConfigKeys (ConfUtils.java:logGet(46)) - raft.server.log.write.buffer.size = 8388616 (custom)
2024-02-26 09:18:31,562 [ca5f02e2-bc43-4498-b1f2-381f8abbb3f5-groupManagement] INFO  server.RaftServer$Division (RaftServerImpl.java:<init>(256)) - ca5f02e2-bc43-4498-b1f2-381f8abbb3f5: new RaftServerImpl for group-8A458A973B78:[ca5f02e2-bc43-4498-b1f2-381f8abbb3f5|10.1.0.30:15131] with ContainerStateMachine:uninitialized
2024-02-26 09:18:31,562 [ca5f02e2-bc43-4498-b1f2-381f8abbb3f5-groupManagement] INFO  server.RaftServerConfigKeys (ConfUtils.java:logGet(46)) - raft.server.rpc.timeout.min = 5s (custom)
2024-02-26 09:18:31,562 [ca5f02e2-bc43-4498-b1f2-381f8abbb3f5-groupManagement] INFO  server.RaftServerConfigKeys (ConfUtils.java:logGet(46)) - raft.server.rpc.timeout.max = 5200ms (custom)
2024-02-26 09:18:31,562 [ca5f02e2-bc43-4498-b1f2-381f8abbb3f5-groupManagement] INFO  server.RaftServerConfigKeys (ConfUtils.java:logGet(46)) - raft.server.rpc.sleep.time = 25ms (default)
2024-02-26 09:18:31,562 [ca5f02e2-bc43-4498-b1f2-381f8abbb3f5-groupManagement] INFO  server.RaftServerConfigKeys (ConfUtils.java:logGet(46)) - raft.server.rpc.slowness.timeout = 300s (custom)
2024-02-26 09:18:31,562 [ca5f02e2-bc43-4498-b1f2-381f8abbb3f5-groupManagement] INFO  server.RaftServerConfigKeys (ConfUtils.java:logGet(46)) - raft.server.leaderelection.leader.step-down.wait-time = 10s (default)
2024-02-26 09:18:31,562 [ca5f02e2-bc43-4498-b1f2-381f8abbb3f5-groupManagement] INFO  server.RaftServerConfigKeys (ConfUtils.java:logGet(46)) - raft.server.leaderelection.member.majority-add = false (default)
2024-02-26 09:18:31,562 [ca5f02e2-bc43-4498-b1f2-381f8abbb3f5-groupManagement] INFO  server.RaftServerConfigKeys (ConfUtils.java:logGet(46)) - raft.server.sleep.deviation.threshold = 300ms (default)
2024-02-26 09:18:31,562 [main] INFO  ozone.MiniOzoneClusterImpl (MiniOzoneClusterImpl.java:lambda$waitForClusterToBeReady$0(195)) - Nodes are ready. Got 14 of 14 DN Heartbeats.
2024-02-26 09:18:31,562 [main] INFO  ozone.MiniOzoneClusterImpl (MiniOzoneClusterImpl.java:lambda$waitForClusterToBeReady$0(198)) - Waiting for cluster to exit safe mode
2024-02-26 09:18:31,562 [main] INFO  ozone.MiniOzoneClusterImpl (MiniOzoneClusterImpl.java:lambda$waitForClusterToBeReady$0(200)) - SCM became leader
2024-02-26 09:18:31,562 [ca5f02e2-bc43-4498-b1f2-381f8abbb3f5-groupManagement] INFO  server.RaftServer$Division (ServerState.java:<init>(113)) - ca5f02e2-bc43-4498-b1f2-381f8abbb3f5@group-8A458A973B78: ConfigurationManager, init=-1: peers:[ca5f02e2-bc43-4498-b1f2-381f8abbb3f5|10.1.0.30:15131]|listeners:[], old=null, confs=<EMPTY_MAP>
2024-02-26 09:18:31,563 [ca5f02e2-bc43-4498-b1f2-381f8abbb3f5-groupManagement] INFO  server.RaftServerConfigKeys (ConfUtils.java:logGet(46)) - raft.server.notification.no-leader.timeout = 300s (custom)
2024-02-26 09:18:31,563 [ca5f02e2-bc43-4498-b1f2-381f8abbb3f5-groupManagement] INFO  server.RaftServerConfigKeys (ConfUtils.java:logGet(46)) - raft.server.read.timeout = 10s (default)
2024-02-26 09:18:31,563 [ca5f02e2-bc43-4498-b1f2-381f8abbb3f5-groupManagement] INFO  server.RaftServerConfigKeys (ConfUtils.java:logGet(46)) - raft.server.retrycache.expirytime = 600000ms (custom)
2024-02-26 09:18:31,563 [ca5f02e2-bc43-4498-b1f2-381f8abbb3f5-groupManagement] INFO  server.RaftServerConfigKeys (ConfUtils.java:logGet(46)) - raft.server.retrycache.statistics.expirytime = 100ms (default)
2024-02-26 09:18:31,563 [ca5f02e2-bc43-4498-b1f2-381f8abbb3f5-groupManagement] INFO  server.RaftServerConfigKeys (ConfUtils.java:logGet(46)) - raft.server.read.option = DEFAULT (default)
2024-02-26 09:18:31,563 [ca5f02e2-bc43-4498-b1f2-381f8abbb3f5-groupManagement] INFO  server.RaftServerConfigKeys (ConfUtils.java:logGet(46)) - raft.server.read.read-after-write-consistent.write-index-cache.expiry-time = 60s (default)
2024-02-26 09:18:31,565 [f4d7646f-0fb1-4da2-a8dc-21597b443f6f-groupManagement] INFO  server.RaftServerConfigKeys (ConfUtils.java:logGet(46)) - raft.server.log.appender.buffer.byte-limit = 8388608 (custom)
2024-02-26 09:18:31,565 [f4d7646f-0fb1-4da2-a8dc-21597b443f6f-groupManagement] INFO  server.RaftServerConfigKeys (ConfUtils.java:logGet(46)) - raft.server.log.unsafe-flush.enabled = false (default)
2024-02-26 09:18:31,565 [f4d7646f-0fb1-4da2-a8dc-21597b443f6f-groupManagement] INFO  server.RaftServerConfigKeys (ConfUtils.java:logGet(46)) - raft.server.log.async-flush.enabled = false (default)
2024-02-26 09:18:31,565 [f4d7646f-0fb1-4da2-a8dc-21597b443f6f-groupManagement] INFO  server.RaftServerConfigKeys (ConfUtils.java:logGet(46)) - raft.server.log.statemachine.data.caching.enabled = true (custom)
2024-02-26 09:18:31,566 [f4d7646f-0fb1-4da2-a8dc-21597b443f6f-groupManagement] INFO  segmented.SegmentedRaftLogWorker (SegmentedRaftLogWorker.java:lambda$new$0(134)) - f4d7646f-0fb1-4da2-a8dc-21597b443f6f@group-EE4D386C2EB3-SegmentedRaftLogWorker: flushIndex: setUnconditionally 0 -> -1
2024-02-26 09:18:31,566 [f4d7646f-0fb1-4da2-a8dc-21597b443f6f-groupManagement] INFO  segmented.SegmentedRaftLogWorker (SegmentedRaftLogWorker.java:lambda$new$0(134)) - f4d7646f-0fb1-4da2-a8dc-21597b443f6f@group-EE4D386C2EB3-SegmentedRaftLogWorker: safeCacheEvictIndex: setUnconditionally 0 -> -1
2024-02-26 09:18:31,567 [ca5f02e2-bc43-4498-b1f2-381f8abbb3f5-groupManagement] INFO  server.RaftServerConfigKeys (ConfUtils.java:logGet(46)) - raft.server.rpc.request.timeout = 60s (custom)
2024-02-26 09:18:31,567 [ca5f02e2-bc43-4498-b1f2-381f8abbb3f5-groupManagement] INFO  server.RaftServerConfigKeys (ConfUtils.java:logGet(46)) - raft.server.log.appender.install.snapshot.enabled = false (custom)
2024-02-26 09:18:31,567 [ca5f02e2-bc43-4498-b1f2-381f8abbb3f5-groupManagement] INFO  server.RaftServerConfigKeys (ConfUtils.java:logGet(46)) - raft.server.threadpool.server.cached = true (default)
2024-02-26 09:18:31,567 [ca5f02e2-bc43-4498-b1f2-381f8abbb3f5-groupManagement] INFO  server.RaftServerConfigKeys (ConfUtils.java:logGet(46)) - raft.server.threadpool.server.size = 0 (default)
2024-02-26 09:18:31,567 [ca5f02e2-bc43-4498-b1f2-381f8abbb3f5-groupManagement] INFO  server.RaftServerConfigKeys (ConfUtils.java:logGet(46)) - raft.server.threadpool.client.cached = true (default)
2024-02-26 09:18:31,567 [ca5f02e2-bc43-4498-b1f2-381f8abbb3f5-groupManagement] INFO  server.RaftServerConfigKeys (ConfUtils.java:logGet(46)) - raft.server.threadpool.client.size = 0 (default)
2024-02-26 09:18:31,568 [ca5f02e2-bc43-4498-b1f2-381f8abbb3f5-groupManagement] INFO  server.RaftServerConfigKeys (ConfUtils.java:logGet(46)) - raft.server.storage.free-space.min = 0MB (=0) (default)
2024-02-26 09:18:31,568 [ca5f02e2-bc43-4498-b1f2-381f8abbb3f5-groupManagement] INFO  server.RaftServerConfigKeys (ConfUtils.java:logGet(46)) - raft.server.log.corruption.policy = EXCEPTION (default)
2024-02-26 09:18:31,568 [ca5f02e2-bc43-4498-b1f2-381f8abbb3f5-groupManagement] INFO  server.RaftServerConfigKeys (ConfUtils.java:logGet(46)) - raft.server.storage.dir = [/home/runner/work/ozone/ozone/hadoop-ozone/integration-test/target/test-dir/MiniOzoneClusterImpl-0d79f430-b8c0-477e-97b7-98e50d733022/ozone-meta/datanode-14/ratis] (custom)
2024-02-26 09:18:31,568 [ca5f02e2-bc43-4498-b1f2-381f8abbb3f5-groupManagement] INFO  storage.RaftStorageDirectory (RaftStorageDirectoryImpl.java:analyzeStorage(138)) - The storage directory /home/runner/work/ozone/ozone/hadoop-ozone/integration-test/target/test-dir/MiniOzoneClusterImpl-0d79f430-b8c0-477e-97b7-98e50d733022/ozone-meta/datanode-14/ratis/db2754b2-d3f0-44e8-a480-8a458a973b78 does not exist. Creating ...
2024-02-26 09:18:31,571 [ca5f02e2-bc43-4498-b1f2-381f8abbb3f5-groupManagement] INFO  storage.RaftStorageDirectory (RaftStorageDirectoryImpl.java:tryLock(228)) - Lock on /home/runner/work/ozone/ozone/hadoop-ozone/integration-test/target/test-dir/MiniOzoneClusterImpl-0d79f430-b8c0-477e-97b7-98e50d733022/ozone-meta/datanode-14/ratis/db2754b2-d3f0-44e8-a480-8a458a973b78/in_use.lock acquired by nodename 86312@fv-az1109-796
2024-02-26 09:18:31,572 [ca5f02e2-bc43-4498-b1f2-381f8abbb3f5-groupManagement] INFO  storage.RaftStorage (RaftStorageImpl.java:format(99)) - Storage directory /home/runner/work/ozone/ozone/hadoop-ozone/integration-test/target/test-dir/MiniOzoneClusterImpl-0d79f430-b8c0-477e-97b7-98e50d733022/ozone-meta/datanode-14/ratis/db2754b2-d3f0-44e8-a480-8a458a973b78 has been successfully formatted.
2024-02-26 09:18:31,573 [ca5f02e2-bc43-4498-b1f2-381f8abbb3f5-groupManagement] WARN  util.FileUtils (LogUtils.java:supplyAndLog(63)) - Failed to Files.newInputStream /home/runner/work/ozone/ozone/hadoop-ozone/integration-test/target/test-dir/MiniOzoneClusterImpl-0d79f430-b8c0-477e-97b7-98e50d733022/ozone-meta/datanode-14/ratis/db2754b2-d3f0-44e8-a480-8a458a973b78/current/raft-meta.conf with options []: java.nio.file.NoSuchFileException: /home/runner/work/ozone/ozone/hadoop-ozone/integration-test/target/test-dir/MiniOzoneClusterImpl-0d79f430-b8c0-477e-97b7-98e50d733022/ozone-meta/datanode-14/ratis/db2754b2-d3f0-44e8-a480-8a458a973b78/current/raft-meta.conf
2024-02-26 09:18:31,571 [f4d7646f-0fb1-4da2-a8dc-21597b443f6f-groupManagement] INFO  server.RaftServer$Division (RaftServerImpl.java:start(396)) - f4d7646f-0fb1-4da2-a8dc-21597b443f6f@group-EE4D386C2EB3: start as a follower, conf=-1: peers:[4e76a5f4-598e-407f-bd79-992a553d1db1|10.1.0.30:15095, 90984f07-37f5-40e1-bf66-3a8ca2321052|10.1.0.30:15104, f4d7646f-0fb1-4da2-a8dc-21597b443f6f|10.1.0.30:15113]|listeners:[], old=null
2024-02-26 09:18:31,576 [f4d7646f-0fb1-4da2-a8dc-21597b443f6f-groupManagement] INFO  server.RaftServer$Division (RaftServerImpl.java:setRole(383)) - f4d7646f-0fb1-4da2-a8dc-21597b443f6f@group-EE4D386C2EB3: changes role from      null to FOLLOWER at term 0 for startAsFollower
2024-02-26 09:18:31,580 [f4d7646f-0fb1-4da2-a8dc-21597b443f6f-groupManagement] INFO  impl.RoleInfo (RoleInfo.java:updateAndGet(139)) - f4d7646f-0fb1-4da2-a8dc-21597b443f6f: start f4d7646f-0fb1-4da2-a8dc-21597b443f6f@group-EE4D386C2EB3-FollowerState
2024-02-26 09:18:31,583 [f4d7646f-0fb1-4da2-a8dc-21597b443f6f-groupManagement] INFO  util.JmxRegister (JmxRegister.java:tryRegister(44)) - Successfully registered JMX Bean with object name Ratis:service=RaftServer,group=group-EE4D386C2EB3,id=f4d7646f-0fb1-4da2-a8dc-21597b443f6f
2024-02-26 09:18:31,583 [f4d7646f-0fb1-4da2-a8dc-21597b443f6f-groupManagement] INFO  server.RaftServerConfigKeys (ConfUtils.java:logGet(46)) - raft.server.snapshot.trigger-when-stop.enabled = true (default)
2024-02-26 09:18:31,583 [f4d7646f-0fb1-4da2-a8dc-21597b443f6f-groupManagement] INFO  server.RaftServerConfigKeys (ConfUtils.java:logGet(46)) - raft.server.snapshot.auto.trigger.enabled = true (custom)
2024-02-26 09:18:31,583 [f4d7646f-0fb1-4da2-a8dc-21597b443f6f-groupManagement] INFO  server.RaftServerConfigKeys (ConfUtils.java:logGet(46)) - raft.server.snapshot.auto.trigger.threshold = 10000 (custom)
2024-02-26 09:18:31,583 [f4d7646f-0fb1-4da2-a8dc-21597b443f6f-groupManagement] INFO  server.RaftServerConfigKeys (ConfUtils.java:logGet(46)) - raft.server.snapshot.retention.file.num = 5 (custom)
2024-02-26 09:18:31,584 [f4d7646f-0fb1-4da2-a8dc-21597b443f6f-groupManagement] INFO  server.RaftServerConfigKeys (ConfUtils.java:logGet(46)) - raft.server.log.purge.upto.snapshot.index = false (default)
2024-02-26 09:18:31,585 [f4d7646f-0fb1-4da2-a8dc-21597b443f6f-groupManagement] INFO  server.RaftServerConfigKeys (ConfUtils.java:logGet(46)) - raft.server.storage.free-space.min = 0MB (=0) (default)
2024-02-26 09:18:31,585 [f4d7646f-0fb1-4da2-a8dc-21597b443f6f-groupManagement] INFO  server.RaftServerConfigKeys (ConfUtils.java:logGet(46)) - raft.server.log.corruption.policy = EXCEPTION (default)
2024-02-26 09:18:31,585 [f4d7646f-0fb1-4da2-a8dc-21597b443f6f-groupManagement] INFO  server.RaftServerConfigKeys (ConfUtils.java:logGet(46)) - raft.server.storage.dir = [/home/runner/work/ozone/ozone/hadoop-ozone/integration-test/target/test-dir/MiniOzoneClusterImpl-0d79f430-b8c0-477e-97b7-98e50d733022/ozone-meta/datanode-12/ratis] (custom)
2024-02-26 09:18:31,585 [f4d7646f-0fb1-4da2-a8dc-21597b443f6f-groupManagement] INFO  storage.RaftStorageDirectory (RaftStorageDirectoryImpl.java:analyzeStorage(138)) - The storage directory /home/runner/work/ozone/ozone/hadoop-ozone/integration-test/target/test-dir/MiniOzoneClusterImpl-0d79f430-b8c0-477e-97b7-98e50d733022/ozone-meta/datanode-12/ratis/d5a3b6d9-aabc-4c54-8245-08f59056c036 does not exist. Creating ...
2024-02-26 09:18:31,587 [f4d7646f-0fb1-4da2-a8dc-21597b443f6f-groupManagement] INFO  storage.RaftStorageDirectory (RaftStorageDirectoryImpl.java:tryLock(228)) - Lock on /home/runner/work/ozone/ozone/hadoop-ozone/integration-test/target/test-dir/MiniOzoneClusterImpl-0d79f430-b8c0-477e-97b7-98e50d733022/ozone-meta/datanode-12/ratis/d5a3b6d9-aabc-4c54-8245-08f59056c036/in_use.lock acquired by nodename 86312@fv-az1109-796
2024-02-26 09:18:31,587 [ca5f02e2-bc43-4498-b1f2-381f8abbb3f5-groupManagement] INFO  ratis.ContainerStateMachine (ContainerStateMachine.java:loadSnapshot(287)) - group-8A458A973B78: The snapshot info is null. Setting the last applied index to:(t:0, i:~)
2024-02-26 09:18:31,587 [ca5f02e2-bc43-4498-b1f2-381f8abbb3f5-groupManagement] INFO  server.RaftServerConfigKeys (ConfUtils.java:logGet(46)) - raft.server.log.use.memory = false (default)
2024-02-26 09:18:31,587 [ca5f02e2-bc43-4498-b1f2-381f8abbb3f5-groupManagement] INFO  server.RaftServerConfigKeys (ConfUtils.java:logGet(46)) - raft.server.log.purge.gap = 1000000 (custom)
2024-02-26 09:18:31,587 [ca5f02e2-bc43-4498-b1f2-381f8abbb3f5-groupManagement] INFO  server.RaftServerConfigKeys (ConfUtils.java:logGet(46)) - raft.server.log.appender.buffer.byte-limit = 8388608 (custom)
2024-02-26 09:18:31,587 [ca5f02e2-bc43-4498-b1f2-381f8abbb3f5-groupManagement] INFO  server.RaftServerConfigKeys (ConfUtils.java:logGet(46)) - raft.server.log.statemachine.data.read.timeout = 1000ms (default)
2024-02-26 09:18:31,587 [ca5f02e2-bc43-4498-b1f2-381f8abbb3f5-groupManagement] INFO  server.RaftServerConfigKeys (ConfUtils.java:logGet(46)) - raft.server.log.purge.preservation.log.num = 0 (default)
2024-02-26 09:18:31,588 [f4d7646f-0fb1-4da2-a8dc-21597b443f6f-groupManagement] INFO  storage.RaftStorage (RaftStorageImpl.java:format(99)) - Storage directory /home/runner/work/ozone/ozone/hadoop-ozone/integration-test/target/test-dir/MiniOzoneClusterImpl-0d79f430-b8c0-477e-97b7-98e50d733022/ozone-meta/datanode-12/ratis/d5a3b6d9-aabc-4c54-8245-08f59056c036 has been successfully formatted.
2024-02-26 09:18:31,588 [f4d7646f-0fb1-4da2-a8dc-21597b443f6f-groupManagement] WARN  util.FileUtils (LogUtils.java:supplyAndLog(63)) - Failed to Files.newInputStream /home/runner/work/ozone/ozone/hadoop-ozone/integration-test/target/test-dir/MiniOzoneClusterImpl-0d79f430-b8c0-477e-97b7-98e50d733022/ozone-meta/datanode-12/ratis/d5a3b6d9-aabc-4c54-8245-08f59056c036/current/raft-meta.conf with options []: java.nio.file.NoSuchFileException: /home/runner/work/ozone/ozone/hadoop-ozone/integration-test/target/test-dir/MiniOzoneClusterImpl-0d79f430-b8c0-477e-97b7-98e50d733022/ozone-meta/datanode-12/ratis/d5a3b6d9-aabc-4c54-8245-08f59056c036/current/raft-meta.conf
2024-02-26 09:18:31,588 [f4d7646f-0fb1-4da2-a8dc-21597b443f6f-groupManagement] INFO  ratis.ContainerStateMachine (ContainerStateMachine.java:loadSnapshot(287)) - group-08F59056C036: The snapshot info is null. Setting the last applied index to:(t:0, i:~)
2024-02-26 09:18:31,588 [f4d7646f-0fb1-4da2-a8dc-21597b443f6f-groupManagement] INFO  server.RaftServerConfigKeys (ConfUtils.java:logGet(46)) - raft.server.log.use.memory = false (default)
2024-02-26 09:18:31,588 [f4d7646f-0fb1-4da2-a8dc-21597b443f6f-groupManagement] INFO  server.RaftServerConfigKeys (ConfUtils.java:logGet(46)) - raft.server.log.purge.gap = 1000000 (custom)
2024-02-26 09:18:31,589 [f4d7646f-0fb1-4da2-a8dc-21597b443f6f-groupManagement] INFO  server.RaftServerConfigKeys (ConfUtils.java:logGet(46)) - raft.server.log.appender.buffer.byte-limit = 8388608 (custom)
2024-02-26 09:18:31,589 [f4d7646f-0fb1-4da2-a8dc-21597b443f6f-groupManagement] INFO  server.RaftServerConfigKeys (ConfUtils.java:logGet(46)) - raft.server.log.statemachine.data.read.timeout = 1000ms (default)
2024-02-26 09:18:31,589 [f4d7646f-0fb1-4da2-a8dc-21597b443f6f-groupManagement] INFO  server.RaftServerConfigKeys (ConfUtils.java:logGet(46)) - raft.server.log.purge.preservation.log.num = 0 (default)
2024-02-26 09:18:31,589 [f4d7646f-0fb1-4da2-a8dc-21597b443f6f@group-EE4D386C2EB3-FollowerState] INFO  server.RaftServerConfigKeys (ConfUtils.java:logFallback(53)) - raft.server.rpc.first-election.timeout.min = 5s (fallback to raft.server.rpc.timeout.min)
2024-02-26 09:18:31,590 [f4d7646f-0fb1-4da2-a8dc-21597b443f6f@group-EE4D386C2EB3-FollowerState] INFO  server.RaftServerConfigKeys (ConfUtils.java:logFallback(53)) - raft.server.rpc.first-election.timeout.max = 5200ms (fallback to raft.server.rpc.timeout.max)
2024-02-26 09:18:31,590 [EventQueue-PipelineReportForPipelineReportHandler] INFO  pipeline.PipelineReportHandler (PipelineReportHandler.java:processPipelineReport(136)) - Opened pipeline PipelineID=db2754b2-d3f0-44e8-a480-8a458a973b78
2024-02-26 09:18:31,591 [EventQueue-OpenPipelineForHealthyPipelineSafeModeRule] INFO  safemode.SCMSafeModeManager (HealthyPipelineSafeModeRule.java:process(140)) - SCM in safe mode. Healthy pipelines reported count is 0, required healthy pipeline reported count is 1
2024-02-26 09:18:31,592 [ca5f02e2-bc43-4498-b1f2-381f8abbb3f5-groupManagement] INFO  server.RaftServerConfigKeys (ConfUtils.java:logGet(46)) - raft.server.log.segment.size.max = 67108864 (custom)
2024-02-26 09:18:31,593 [ca5f02e2-bc43-4498-b1f2-381f8abbb3f5-groupManagement] INFO  server.RaftServerConfigKeys (ConfUtils.java:logGet(46)) - raft.server.log.segment.cache.num.max = 2 (custom)
2024-02-26 09:18:31,593 [ca5f02e2-bc43-4498-b1f2-381f8abbb3f5-groupManagement] INFO  server.RaftServerConfigKeys (ConfUtils.java:logGet(46)) - raft.server.log.segment.cache.size.max = 200MB (=209715200) (default)
2024-02-26 09:18:31,593 [ca5f02e2-bc43-4498-b1f2-381f8abbb3f5-groupManagement] INFO  server.RaftServerConfigKeys (ConfUtils.java:logGet(46)) - raft.server.log.appender.buffer.byte-limit = 8388608 (custom)
2024-02-26 09:18:31,593 [ca5f02e2-bc43-4498-b1f2-381f8abbb3f5-groupManagement] INFO  util.AwaitToRun (AwaitToRun.java:start(81)) - Thread[ca5f02e2-bc43-4498-b1f2-381f8abbb3f5@group-8A458A973B78-cacheEviction-AwaitToRun,5,main] started
2024-02-26 09:18:31,595 [EventQueue-OpenPipelineForHealthyPipelineSafeModeRule] INFO  safemode.SCMSafeModeManager (HealthyPipelineSafeModeRule.java:process(140)) - SCM in safe mode. Healthy pipelines reported count is 0, required healthy pipeline reported count is 1
2024-02-26 09:18:31,598 [ca5f02e2-bc43-4498-b1f2-381f8abbb3f5-groupManagement] INFO  segmented.SegmentedRaftLogWorker (SegmentedRaftLogWorker.java:<init>(182)) - new ca5f02e2-bc43-4498-b1f2-381f8abbb3f5@group-8A458A973B78-SegmentedRaftLogWorker for RaftStorageImpl:Storage Directory /home/runner/work/ozone/ozone/hadoop-ozone/integration-test/target/test-dir/MiniOzoneClusterImpl-0d79f430-b8c0-477e-97b7-98e50d733022/ozone-meta/datanode-14/ratis/db2754b2-d3f0-44e8-a480-8a458a973b78
2024-02-26 09:18:31,598 [ca5f02e2-bc43-4498-b1f2-381f8abbb3f5-groupManagement] INFO  server.RaftServerConfigKeys (ConfUtils.java:logGet(46)) - raft.server.log.queue.byte-limit = 4294967296 (custom)
2024-02-26 09:18:31,598 [ca5f02e2-bc43-4498-b1f2-381f8abbb3f5-groupManagement] INFO  server.RaftServerConfigKeys (ConfUtils.java:logGet(46)) - raft.server.log.queue.element-limit = 1024 (custom)
2024-02-26 09:18:31,598 [87e9945c-a125-4404-bbe2-61a5a4b10cf4-PipelineCommandHandlerThread-0] INFO  commandhandler.CreatePipelineCommandHandler (CreatePipelineCommandHandler.java:lambda$handle$2(124)) - Created Pipeline RATIS THREE PipelineID=12e2862d-a2f7-43f0-b7c6-f488967c77b6.
2024-02-26 09:18:31,598 [ca5f02e2-bc43-4498-b1f2-381f8abbb3f5-groupManagement] INFO  server.RaftServerConfigKeys (ConfUtils.java:logGet(46)) - raft.server.log.segment.size.max = 67108864 (custom)
2024-02-26 09:18:31,598 [ca5f02e2-bc43-4498-b1f2-381f8abbb3f5-groupManagement] INFO  server.RaftServerConfigKeys (ConfUtils.java:logGet(46)) - raft.server.log.preallocated.size = 4194304 (custom)
2024-02-26 09:18:31,599 [aa7921d1-8be5-430c-af0e-7b09d4ba500e-PipelineCommandHandlerThread-0] INFO  commandhandler.CreatePipelineCommandHandler (CreatePipelineCommandHandler.java:lambda$handle$2(124)) - Created Pipeline RATIS THREE PipelineID=12e2862d-a2f7-43f0-b7c6-f488967c77b6.
2024-02-26 09:18:31,600 [ca5f02e2-bc43-4498-b1f2-381f8abbb3f5-groupManagement] INFO  server.RaftServerConfigKeys (ConfUtils.java:logGet(46)) - raft.server.log.force.sync.num = 128 (default)
2024-02-26 09:18:31,600 [ca5f02e2-bc43-4498-b1f2-381f8abbb3f5-groupManagement] INFO  server.RaftServerConfigKeys (ConfUtils.java:logGet(46)) - raft.server.log.statemachine.data.sync = true (default)
2024-02-26 09:18:31,600 [ca5f02e2-bc43-4498-b1f2-381f8abbb3f5-groupManagement] INFO  server.RaftServerConfigKeys (ConfUtils.java:logGet(46)) - raft.server.log.statemachine.data.sync.timeout = 10s (default)
2024-02-26 09:18:31,601 [ca5f02e2-bc43-4498-b1f2-381f8abbb3f5-groupManagement] INFO  server.RaftServerConfigKeys (ConfUtils.java:logGet(46)) - raft.server.log.statemachine.data.sync.timeout.retry = 0 (custom)
2024-02-26 09:18:31,605 [ca5f02e2-bc43-4498-b1f2-381f8abbb3f5-groupManagement] INFO  server.RaftServerConfigKeys (ConfUtils.java:logGet(46)) - raft.server.log.write.buffer.size = 8388616 (custom)
2024-02-26 09:18:31,606 [ca5f02e2-bc43-4498-b1f2-381f8abbb3f5-groupManagement] INFO  server.RaftServerConfigKeys (ConfUtils.java:logGet(46)) - raft.server.log.appender.buffer.byte-limit = 8388608 (custom)
2024-02-26 09:18:31,606 [ca5f02e2-bc43-4498-b1f2-381f8abbb3f5-groupManagement] INFO  server.RaftServerConfigKeys (ConfUtils.java:logGet(46)) - raft.server.log.unsafe-flush.enabled = false (default)
2024-02-26 09:18:31,606 [ca5f02e2-bc43-4498-b1f2-381f8abbb3f5-groupManagement] INFO  server.RaftServerConfigKeys (ConfUtils.java:logGet(46)) - raft.server.log.async-flush.enabled = false (default)
2024-02-26 09:18:31,607 [ca5f02e2-bc43-4498-b1f2-381f8abbb3f5-groupManagement] INFO  server.RaftServerConfigKeys (ConfUtils.java:logGet(46)) - raft.server.log.statemachine.data.caching.enabled = true (custom)
2024-02-26 09:18:31,607 [ca5f02e2-bc43-4498-b1f2-381f8abbb3f5-groupManagement] INFO  segmented.SegmentedRaftLogWorker (SegmentedRaftLogWorker.java:lambda$new$0(134)) - ca5f02e2-bc43-4498-b1f2-381f8abbb3f5@group-8A458A973B78-SegmentedRaftLogWorker: flushIndex: setUnconditionally 0 -> -1
2024-02-26 09:18:31,607 [ca5f02e2-bc43-4498-b1f2-381f8abbb3f5-groupManagement] INFO  segmented.SegmentedRaftLogWorker (SegmentedRaftLogWorker.java:lambda$new$0(134)) - ca5f02e2-bc43-4498-b1f2-381f8abbb3f5@group-8A458A973B78-SegmentedRaftLogWorker: safeCacheEvictIndex: setUnconditionally 0 -> -1
2024-02-26 09:18:31,610 [ca5f02e2-bc43-4498-b1f2-381f8abbb3f5-groupManagement] INFO  server.RaftServer$Division (RaftServerImpl.java:start(396)) - ca5f02e2-bc43-4498-b1f2-381f8abbb3f5@group-8A458A973B78: start as a follower, conf=-1: peers:[ca5f02e2-bc43-4498-b1f2-381f8abbb3f5|10.1.0.30:15131]|listeners:[], old=null
2024-02-26 09:18:31,610 [ca5f02e2-bc43-4498-b1f2-381f8abbb3f5-groupManagement] INFO  server.RaftServer$Division (RaftServerImpl.java:setRole(383)) - ca5f02e2-bc43-4498-b1f2-381f8abbb3f5@group-8A458A973B78: changes role from      null to FOLLOWER at term 0 for startAsFollower
2024-02-26 09:18:31,612 [ca5f02e2-bc43-4498-b1f2-381f8abbb3f5-groupManagement] INFO  impl.RoleInfo (RoleInfo.java:updateAndGet(139)) - ca5f02e2-bc43-4498-b1f2-381f8abbb3f5: start ca5f02e2-bc43-4498-b1f2-381f8abbb3f5@group-8A458A973B78-FollowerState
2024-02-26 09:18:31,614 [f4d7646f-0fb1-4da2-a8dc-21597b443f6f-groupManagement] INFO  server.RaftServerConfigKeys (ConfUtils.java:logGet(46)) - raft.server.log.segment.size.max = 67108864 (custom)
2024-02-26 09:18:31,615 [f4d7646f-0fb1-4da2-a8dc-21597b443f6f-groupManagement] INFO  server.RaftServerConfigKeys (ConfUtils.java:logGet(46)) - raft.server.log.segment.cache.num.max = 2 (custom)
2024-02-26 09:18:31,615 [f4d7646f-0fb1-4da2-a8dc-21597b443f6f-groupManagement] INFO  server.RaftServerConfigKeys (ConfUtils.java:logGet(46)) - raft.server.log.segment.cache.size.max = 200MB (=209715200) (default)
2024-02-26 09:18:31,615 [f4d7646f-0fb1-4da2-a8dc-21597b443f6f-groupManagement] INFO  server.RaftServerConfigKeys (ConfUtils.java:logGet(46)) - raft.server.log.appender.buffer.byte-limit = 8388608 (custom)
2024-02-26 09:18:31,615 [ca5f02e2-bc43-4498-b1f2-381f8abbb3f5-groupManagement] INFO  util.JmxRegister (JmxRegister.java:tryRegister(44)) - Successfully registered JMX Bean with object name Ratis:service=RaftServer,group=group-8A458A973B78,id=ca5f02e2-bc43-4498-b1f2-381f8abbb3f5
2024-02-26 09:18:31,615 [ca5f02e2-bc43-4498-b1f2-381f8abbb3f5-groupManagement] INFO  server.RaftServerConfigKeys (ConfUtils.java:logGet(46)) - raft.server.snapshot.trigger-when-stop.enabled = true (default)
2024-02-26 09:18:31,615 [ca5f02e2-bc43-4498-b1f2-381f8abbb3f5-groupManagement] INFO  server.RaftServerConfigKeys (ConfUtils.java:logGet(46)) - raft.server.snapshot.auto.trigger.enabled = true (custom)
2024-02-26 09:18:31,615 [ca5f02e2-bc43-4498-b1f2-381f8abbb3f5-groupManagement] INFO  server.RaftServerConfigKeys (ConfUtils.java:logGet(46)) - raft.server.snapshot.auto.trigger.threshold = 10000 (custom)
2024-02-26 09:18:31,615 [ca5f02e2-bc43-4498-b1f2-381f8abbb3f5-groupManagement] INFO  server.RaftServerConfigKeys (ConfUtils.java:logGet(46)) - raft.server.snapshot.retention.file.num = 5 (custom)
2024-02-26 09:18:31,615 [ca5f02e2-bc43-4498-b1f2-381f8abbb3f5-groupManagement] INFO  server.RaftServerConfigKeys (ConfUtils.java:logGet(46)) - raft.server.log.purge.upto.snapshot.index = false (default)
2024-02-26 09:18:31,616 [ca5f02e2-bc43-4498-b1f2-381f8abbb3f5@group-8A458A973B78-FollowerState] INFO  server.RaftServerConfigKeys (ConfUtils.java:logFallback(53)) - raft.server.rpc.first-election.timeout.min = 5s (fallback to raft.server.rpc.timeout.min)
2024-02-26 09:18:31,616 [ca5f02e2-bc43-4498-b1f2-381f8abbb3f5@group-8A458A973B78-FollowerState] INFO  server.RaftServerConfigKeys (ConfUtils.java:logFallback(53)) - raft.server.rpc.first-election.timeout.max = 5200ms (fallback to raft.server.rpc.timeout.max)
2024-02-26 09:18:31,617 [f4d7646f-0fb1-4da2-a8dc-21597b443f6f-groupManagement] INFO  util.AwaitToRun (AwaitToRun.java:start(81)) - Thread[f4d7646f-0fb1-4da2-a8dc-21597b443f6f@group-08F59056C036-cacheEviction-AwaitToRun,5,main] started
2024-02-26 09:18:31,617 [f4d7646f-0fb1-4da2-a8dc-21597b443f6f-groupManagement] INFO  segmented.SegmentedRaftLogWorker (SegmentedRaftLogWorker.java:<init>(182)) - new f4d7646f-0fb1-4da2-a8dc-21597b443f6f@group-08F59056C036-SegmentedRaftLogWorker for RaftStorageImpl:Storage Directory /home/runner/work/ozone/ozone/hadoop-ozone/integration-test/target/test-dir/MiniOzoneClusterImpl-0d79f430-b8c0-477e-97b7-98e50d733022/ozone-meta/datanode-12/ratis/d5a3b6d9-aabc-4c54-8245-08f59056c036
2024-02-26 09:18:31,617 [f4d7646f-0fb1-4da2-a8dc-21597b443f6f-groupManagement] INFO  server.RaftServerConfigKeys (ConfUtils.java:logGet(46)) - raft.server.log.queue.byte-limit = 4294967296 (custom)
2024-02-26 09:18:31,617 [f4d7646f-0fb1-4da2-a8dc-21597b443f6f-groupManagement] INFO  server.RaftServerConfigKeys (ConfUtils.java:logGet(46)) - raft.server.log.queue.element-limit = 1024 (custom)
2024-02-26 09:18:31,617 [f4d7646f-0fb1-4da2-a8dc-21597b443f6f-groupManagement] INFO  server.RaftServerConfigKeys (ConfUtils.java:logGet(46)) - raft.server.log.segment.size.max = 67108864 (custom)
2024-02-26 09:18:31,617 [f4d7646f-0fb1-4da2-a8dc-21597b443f6f-groupManagement] INFO  server.RaftServerConfigKeys (ConfUtils.java:logGet(46)) - raft.server.log.preallocated.size = 4194304 (custom)
2024-02-26 09:18:31,617 [f4d7646f-0fb1-4da2-a8dc-21597b443f6f-groupManagement] INFO  server.RaftServerConfigKeys (ConfUtils.java:logGet(46)) - raft.server.log.force.sync.num = 128 (default)
2024-02-26 09:18:31,617 [f4d7646f-0fb1-4da2-a8dc-21597b443f6f-groupManagement] INFO  server.RaftServerConfigKeys (ConfUtils.java:logGet(46)) - raft.server.log.statemachine.data.sync = true (default)
2024-02-26 09:18:31,617 [f4d7646f-0fb1-4da2-a8dc-21597b443f6f-groupManagement] INFO  server.RaftServerConfigKeys (ConfUtils.java:logGet(46)) - raft.server.log.statemachine.data.sync.timeout = 10s (default)
2024-02-26 09:18:31,617 [f4d7646f-0fb1-4da2-a8dc-21597b443f6f-groupManagement] INFO  server.RaftServerConfigKeys (ConfUtils.java:logGet(46)) - raft.server.log.statemachine.data.sync.timeout.retry = 0 (custom)
2024-02-26 09:18:31,618 [ca5f02e2-bc43-4498-b1f2-381f8abbb3f5-PipelineCommandHandlerThread-0] INFO  ratis.XceiverServerRatis (XceiverServerRatis.java:addGroup(864)) - Created group PipelineID=db2754b2-d3f0-44e8-a480-8a458a973b78
2024-02-26 09:18:31,618 [ca5f02e2-bc43-4498-b1f2-381f8abbb3f5-PipelineCommandHandlerThread-0] INFO  commandhandler.CreatePipelineCommandHandler (CreatePipelineCommandHandler.java:lambda$handle$2(124)) - Created Pipeline RATIS ONE PipelineID=db2754b2-d3f0-44e8-a480-8a458a973b78.
2024-02-26 09:18:31,618 [f4d7646f-0fb1-4da2-a8dc-21597b443f6f-groupManagement] INFO  server.RaftServerConfigKeys (ConfUtils.java:logGet(46)) - raft.server.log.write.buffer.size = 8388616 (custom)
2024-02-26 09:18:31,621 [f4d7646f-0fb1-4da2-a8dc-21597b443f6f-groupManagement] INFO  server.RaftServerConfigKeys (ConfUtils.java:logGet(46)) - raft.server.log.appender.buffer.byte-limit = 8388608 (custom)
2024-02-26 09:18:31,621 [f4d7646f-0fb1-4da2-a8dc-21597b443f6f-groupManagement] INFO  server.RaftServerConfigKeys (ConfUtils.java:logGet(46)) - raft.server.log.unsafe-flush.enabled = false (default)
2024-02-26 09:18:31,621 [f4d7646f-0fb1-4da2-a8dc-21597b443f6f-groupManagement] INFO  server.RaftServerConfigKeys (ConfUtils.java:logGet(46)) - raft.server.log.async-flush.enabled = false (default)
2024-02-26 09:18:31,621 [f4d7646f-0fb1-4da2-a8dc-21597b443f6f-groupManagement] INFO  server.RaftServerConfigKeys (ConfUtils.java:logGet(46)) - raft.server.log.statemachine.data.caching.enabled = true (custom)
2024-02-26 09:18:31,621 [f4d7646f-0fb1-4da2-a8dc-21597b443f6f-groupManagement] INFO  segmented.SegmentedRaftLogWorker (SegmentedRaftLogWorker.java:lambda$new$0(134)) - f4d7646f-0fb1-4da2-a8dc-21597b443f6f@group-08F59056C036-SegmentedRaftLogWorker: flushIndex: setUnconditionally 0 -> -1
2024-02-26 09:18:31,621 [f4d7646f-0fb1-4da2-a8dc-21597b443f6f-groupManagement] INFO  segmented.SegmentedRaftLogWorker (SegmentedRaftLogWorker.java:lambda$new$0(134)) - f4d7646f-0fb1-4da2-a8dc-21597b443f6f@group-08F59056C036-SegmentedRaftLogWorker: safeCacheEvictIndex: setUnconditionally 0 -> -1
2024-02-26 09:18:31,621 [f4d7646f-0fb1-4da2-a8dc-21597b443f6f-groupManagement] INFO  server.RaftServer$Division (RaftServerImpl.java:start(396)) - f4d7646f-0fb1-4da2-a8dc-21597b443f6f@group-08F59056C036: start as a follower, conf=-1: peers:[4e76a5f4-598e-407f-bd79-992a553d1db1|10.1.0.30:15095, 90984f07-37f5-40e1-bf66-3a8ca2321052|10.1.0.30:15104, f4d7646f-0fb1-4da2-a8dc-21597b443f6f|10.1.0.30:15113]|listeners:[], old=null
2024-02-26 09:18:31,621 [f4d7646f-0fb1-4da2-a8dc-21597b443f6f-groupManagement] INFO  server.RaftServer$Division (RaftServerImpl.java:setRole(383)) - f4d7646f-0fb1-4da2-a8dc-21597b443f6f@group-08F59056C036: changes role from      null to FOLLOWER at term 0 for startAsFollower
2024-02-26 09:18:31,622 [f4d7646f-0fb1-4da2-a8dc-21597b443f6f-groupManagement] INFO  impl.RoleInfo (RoleInfo.java:updateAndGet(139)) - f4d7646f-0fb1-4da2-a8dc-21597b443f6f: start f4d7646f-0fb1-4da2-a8dc-21597b443f6f@group-08F59056C036-FollowerState
2024-02-26 09:18:31,622 [f4d7646f-0fb1-4da2-a8dc-21597b443f6f-groupManagement] INFO  util.JmxRegister (JmxRegister.java:tryRegister(44)) - Successfully registered JMX Bean with object name Ratis:service=RaftServer,group=group-08F59056C036,id=f4d7646f-0fb1-4da2-a8dc-21597b443f6f
2024-02-26 09:18:31,622 [f4d7646f-0fb1-4da2-a8dc-21597b443f6f@group-08F59056C036-FollowerState] INFO  server.RaftServerConfigKeys (ConfUtils.java:logFallback(53)) - raft.server.rpc.first-election.timeout.min = 5s (fallback to raft.server.rpc.timeout.min)
2024-02-26 09:18:31,622 [f4d7646f-0fb1-4da2-a8dc-21597b443f6f-groupManagement] INFO  server.RaftServerConfigKeys (ConfUtils.java:logGet(46)) - raft.server.snapshot.trigger-when-stop.enabled = true (default)
2024-02-26 09:18:31,622 [f4d7646f-0fb1-4da2-a8dc-21597b443f6f@group-08F59056C036-FollowerState] INFO  server.RaftServerConfigKeys (ConfUtils.java:logFallback(53)) - raft.server.rpc.first-election.timeout.max = 5200ms (fallback to raft.server.rpc.timeout.max)
2024-02-26 09:18:31,622 [f4d7646f-0fb1-4da2-a8dc-21597b443f6f-groupManagement] INFO  server.RaftServerConfigKeys (ConfUtils.java:logGet(46)) - raft.server.snapshot.auto.trigger.enabled = true (custom)
2024-02-26 09:18:31,622 [f4d7646f-0fb1-4da2-a8dc-21597b443f6f-groupManagement] INFO  server.RaftServerConfigKeys (ConfUtils.java:logGet(46)) - raft.server.snapshot.auto.trigger.threshold = 10000 (custom)
2024-02-26 09:18:31,622 [f4d7646f-0fb1-4da2-a8dc-21597b443f6f-groupManagement] INFO  server.RaftServerConfigKeys (ConfUtils.java:logGet(46)) - raft.server.snapshot.retention.file.num = 5 (custom)
2024-02-26 09:18:31,622 [f4d7646f-0fb1-4da2-a8dc-21597b443f6f-groupManagement] INFO  server.RaftServerConfigKeys (ConfUtils.java:logGet(46)) - raft.server.log.purge.upto.snapshot.index = false (default)
2024-02-26 09:18:31,623 [f4d7646f-0fb1-4da2-a8dc-21597b443f6f-PipelineCommandHandlerThread-0] INFO  ratis.XceiverServerRatis (XceiverServerRatis.java:addGroup(864)) - Created group PipelineID=d5a3b6d9-aabc-4c54-8245-08f59056c036
2024-02-26 09:18:31,640 [4e76a5f4-598e-407f-bd79-992a553d1db1-PipelineCommandHandlerThread-0] INFO  commandhandler.CreatePipelineCommandHandler (CreatePipelineCommandHandler.java:lambda$handle$2(124)) - Created Pipeline RATIS THREE PipelineID=b301387e-7f34-403e-9476-ee4d386c2eb3.
2024-02-26 09:18:31,641 [90984f07-37f5-40e1-bf66-3a8ca2321052-PipelineCommandHandlerThread-0] INFO  commandhandler.CreatePipelineCommandHandler (CreatePipelineCommandHandler.java:lambda$handle$2(124)) - Created Pipeline RATIS THREE PipelineID=b301387e-7f34-403e-9476-ee4d386c2eb3.
2024-02-26 09:18:31,641 [4e76a5f4-598e-407f-bd79-992a553d1db1-PipelineCommandHandlerThread-0] INFO  server.RaftServer (RaftServerProxy.java:addNew(100)) - 4e76a5f4-598e-407f-bd79-992a553d1db1: addNew group-08F59056C036:[4e76a5f4-598e-407f-bd79-992a553d1db1|10.1.0.30:15095, 90984f07-37f5-40e1-bf66-3a8ca2321052|10.1.0.30:15104, f4d7646f-0fb1-4da2-a8dc-21597b443f6f|10.1.0.30:15113] returns group-08F59056C036:java.util.concurrent.CompletableFuture@57540e6c[Not completed]
2024-02-26 09:18:31,641 [90984f07-37f5-40e1-bf66-3a8ca2321052-PipelineCommandHandlerThread-0] INFO  server.RaftServer (RaftServerProxy.java:addNew(100)) - 90984f07-37f5-40e1-bf66-3a8ca2321052: addNew group-08F59056C036:[4e76a5f4-598e-407f-bd79-992a553d1db1|10.1.0.30:15095, 90984f07-37f5-40e1-bf66-3a8ca2321052|10.1.0.30:15104, f4d7646f-0fb1-4da2-a8dc-21597b443f6f|10.1.0.30:15113] returns group-08F59056C036:java.util.concurrent.CompletableFuture@5111dcb2[Not completed]
2024-02-26 09:18:31,642 [90984f07-37f5-40e1-bf66-3a8ca2321052-groupManagement] INFO  server.RaftServer$Division (RaftServerImpl.java:<init>(256)) - 90984f07-37f5-40e1-bf66-3a8ca2321052: new RaftServerImpl for group-08F59056C036:[4e76a5f4-598e-407f-bd79-992a553d1db1|10.1.0.30:15095, 90984f07-37f5-40e1-bf66-3a8ca2321052|10.1.0.30:15104, f4d7646f-0fb1-4da2-a8dc-21597b443f6f|10.1.0.30:15113] with ContainerStateMachine:uninitialized
2024-02-26 09:18:31,642 [4e76a5f4-598e-407f-bd79-992a553d1db1-groupManagement] INFO  server.RaftServer$Division (RaftServerImpl.java:<init>(256)) - 4e76a5f4-598e-407f-bd79-992a553d1db1: new RaftServerImpl for group-08F59056C036:[4e76a5f4-598e-407f-bd79-992a553d1db1|10.1.0.30:15095, 90984f07-37f5-40e1-bf66-3a8ca2321052|10.1.0.30:15104, f4d7646f-0fb1-4da2-a8dc-21597b443f6f|10.1.0.30:15113] with ContainerStateMachine:uninitialized
2024-02-26 09:18:31,642 [90984f07-37f5-40e1-bf66-3a8ca2321052-groupManagement] INFO  server.RaftServerConfigKeys (ConfUtils.java:logGet(46)) - raft.server.rpc.timeout.min = 5s (custom)
2024-02-26 09:18:31,642 [4e76a5f4-598e-407f-bd79-992a553d1db1-groupManagement] INFO  server.RaftServerConfigKeys (ConfUtils.java:logGet(46)) - raft.server.rpc.timeout.min = 5s (custom)
2024-02-26 09:18:31,642 [90984f07-37f5-40e1-bf66-3a8ca2321052-groupManagement] INFO  server.RaftServerConfigKeys (ConfUtils.java:logGet(46)) - raft.server.rpc.timeout.max = 5200ms (custom)
2024-02-26 09:18:31,642 [4e76a5f4-598e-407f-bd79-992a553d1db1-groupManagement] INFO  server.RaftServerConfigKeys (ConfUtils.java:logGet(46)) - raft.server.rpc.timeout.max = 5200ms (custom)
2024-02-26 09:18:31,642 [90984f07-37f5-40e1-bf66-3a8ca2321052-groupManagement] INFO  server.RaftServerConfigKeys (ConfUtils.java:logGet(46)) - raft.server.rpc.sleep.time = 25ms (default)
2024-02-26 09:18:31,642 [4e76a5f4-598e-407f-bd79-992a553d1db1-groupManagement] INFO  server.RaftServerConfigKeys (ConfUtils.java:logGet(46)) - raft.server.rpc.sleep.time = 25ms (default)
2024-02-26 09:18:31,642 [90984f07-37f5-40e1-bf66-3a8ca2321052-groupManagement] INFO  server.RaftServerConfigKeys (ConfUtils.java:logGet(46)) - raft.server.rpc.slowness.timeout = 300s (custom)
2024-02-26 09:18:31,642 [4e76a5f4-598e-407f-bd79-992a553d1db1-groupManagement] INFO  server.RaftServerConfigKeys (ConfUtils.java:logGet(46)) - raft.server.rpc.slowness.timeout = 300s (custom)
2024-02-26 09:18:31,642 [90984f07-37f5-40e1-bf66-3a8ca2321052-groupManagement] INFO  server.RaftServerConfigKeys (ConfUtils.java:logGet(46)) - raft.server.leaderelection.leader.step-down.wait-time = 10s (default)
2024-02-26 09:18:31,642 [4e76a5f4-598e-407f-bd79-992a553d1db1-groupManagement] INFO  server.RaftServerConfigKeys (ConfUtils.java:logGet(46)) - raft.server.leaderelection.leader.step-down.wait-time = 10s (default)
2024-02-26 09:18:31,642 [90984f07-37f5-40e1-bf66-3a8ca2321052-groupManagement] INFO  server.RaftServerConfigKeys (ConfUtils.java:logGet(46)) - raft.server.leaderelection.member.majority-add = false (default)
2024-02-26 09:18:31,642 [4e76a5f4-598e-407f-bd79-992a553d1db1-groupManagement] INFO  server.RaftServerConfigKeys (ConfUtils.java:logGet(46)) - raft.server.leaderelection.member.majority-add = false (default)
2024-02-26 09:18:31,642 [90984f07-37f5-40e1-bf66-3a8ca2321052-groupManagement] INFO  server.RaftServerConfigKeys (ConfUtils.java:logGet(46)) - raft.server.sleep.deviation.threshold = 300ms (default)
2024-02-26 09:18:31,642 [4e76a5f4-598e-407f-bd79-992a553d1db1-groupManagement] INFO  server.RaftServerConfigKeys (ConfUtils.java:logGet(46)) - raft.server.sleep.deviation.threshold = 300ms (default)
2024-02-26 09:18:31,643 [90984f07-37f5-40e1-bf66-3a8ca2321052-groupManagement] INFO  server.RaftServer$Division (ServerState.java:<init>(113)) - 90984f07-37f5-40e1-bf66-3a8ca2321052@group-08F59056C036: ConfigurationManager, init=-1: peers:[4e76a5f4-598e-407f-bd79-992a553d1db1|10.1.0.30:15095, 90984f07-37f5-40e1-bf66-3a8ca2321052|10.1.0.30:15104, f4d7646f-0fb1-4da2-a8dc-21597b443f6f|10.1.0.30:15113]|listeners:[], old=null, confs=<EMPTY_MAP>
2024-02-26 09:18:31,643 [4e76a5f4-598e-407f-bd79-992a553d1db1-groupManagement] INFO  server.RaftServer$Division (ServerState.java:<init>(113)) - 4e76a5f4-598e-407f-bd79-992a553d1db1@group-08F59056C036: ConfigurationManager, init=-1: peers:[4e76a5f4-598e-407f-bd79-992a553d1db1|10.1.0.30:15095, 90984f07-37f5-40e1-bf66-3a8ca2321052|10.1.0.30:15104, f4d7646f-0fb1-4da2-a8dc-21597b443f6f|10.1.0.30:15113]|listeners:[], old=null, confs=<EMPTY_MAP>
2024-02-26 09:18:31,643 [90984f07-37f5-40e1-bf66-3a8ca2321052-groupManagement] INFO  server.RaftServerConfigKeys (ConfUtils.java:logGet(46)) - raft.server.notification.no-leader.timeout = 300s (custom)
2024-02-26 09:18:31,643 [4e76a5f4-598e-407f-bd79-992a553d1db1-groupManagement] INFO  server.RaftServerConfigKeys (ConfUtils.java:logGet(46)) - raft.server.notification.no-leader.timeout = 300s (custom)
2024-02-26 09:18:31,643 [90984f07-37f5-40e1-bf66-3a8ca2321052-groupManagement] INFO  server.RaftServerConfigKeys (ConfUtils.java:logGet(46)) - raft.server.read.timeout = 10s (default)
2024-02-26 09:18:31,643 [90984f07-37f5-40e1-bf66-3a8ca2321052-groupManagement] INFO  server.RaftServerConfigKeys (ConfUtils.java:logGet(46)) - raft.server.retrycache.expirytime = 600000ms (custom)
2024-02-26 09:18:31,643 [90984f07-37f5-40e1-bf66-3a8ca2321052-groupManagement] INFO  server.RaftServerConfigKeys (ConfUtils.java:logGet(46)) - raft.server.retrycache.statistics.expirytime = 100ms (default)
2024-02-26 09:18:31,643 [90984f07-37f5-40e1-bf66-3a8ca2321052-groupManagement] INFO  server.RaftServerConfigKeys (ConfUtils.java:logGet(46)) - raft.server.read.option = DEFAULT (default)
2024-02-26 09:18:31,643 [90984f07-37f5-40e1-bf66-3a8ca2321052-groupManagement] INFO  server.RaftServerConfigKeys (ConfUtils.java:logGet(46)) - raft.server.read.read-after-write-consistent.write-index-cache.expiry-time = 60s (default)
2024-02-26 09:18:31,643 [4e76a5f4-598e-407f-bd79-992a553d1db1-groupManagement] INFO  server.RaftServerConfigKeys (ConfUtils.java:logGet(46)) - raft.server.read.timeout = 10s (default)
2024-02-26 09:18:31,647 [4e76a5f4-598e-407f-bd79-992a553d1db1-groupManagement] INFO  server.RaftServerConfigKeys (ConfUtils.java:logGet(46)) - raft.server.retrycache.expirytime = 600000ms (custom)
2024-02-26 09:18:31,647 [4e76a5f4-598e-407f-bd79-992a553d1db1-groupManagement] INFO  server.RaftServerConfigKeys (ConfUtils.java:logGet(46)) - raft.server.retrycache.statistics.expirytime = 100ms (default)
2024-02-26 09:18:31,647 [4e76a5f4-598e-407f-bd79-992a553d1db1-groupManagement] INFO  server.RaftServerConfigKeys (ConfUtils.java:logGet(46)) - raft.server.read.option = DEFAULT (default)
2024-02-26 09:18:31,647 [4e76a5f4-598e-407f-bd79-992a553d1db1-groupManagement] INFO  server.RaftServerConfigKeys (ConfUtils.java:logGet(46)) - raft.server.read.read-after-write-consistent.write-index-cache.expiry-time = 60s (default)
2024-02-26 09:18:31,657 [4e76a5f4-598e-407f-bd79-992a553d1db1-groupManagement] INFO  server.RaftServerConfigKeys (ConfUtils.java:logGet(46)) - raft.server.rpc.request.timeout = 60s (custom)
2024-02-26 09:18:31,657 [4e76a5f4-598e-407f-bd79-992a553d1db1-groupManagement] INFO  server.RaftServerConfigKeys (ConfUtils.java:logGet(46)) - raft.server.log.appender.install.snapshot.enabled = false (custom)
2024-02-26 09:18:31,657 [4e76a5f4-598e-407f-bd79-992a553d1db1-groupManagement] INFO  server.RaftServerConfigKeys (ConfUtils.java:logGet(46)) - raft.server.threadpool.server.cached = true (default)
2024-02-26 09:18:31,657 [4e76a5f4-598e-407f-bd79-992a553d1db1-groupManagement] INFO  server.RaftServerConfigKeys (ConfUtils.java:logGet(46)) - raft.server.threadpool.server.size = 0 (default)
2024-02-26 09:18:31,657 [4e76a5f4-598e-407f-bd79-992a553d1db1-groupManagement] INFO  server.RaftServerConfigKeys (ConfUtils.java:logGet(46)) - raft.server.threadpool.client.cached = true (default)
2024-02-26 09:18:31,657 [4e76a5f4-598e-407f-bd79-992a553d1db1-groupManagement] INFO  server.RaftServerConfigKeys (ConfUtils.java:logGet(46)) - raft.server.threadpool.client.size = 0 (default)
2024-02-26 09:18:31,657 [4e76a5f4-598e-407f-bd79-992a553d1db1-groupManagement] INFO  server.RaftServerConfigKeys (ConfUtils.java:logGet(46)) - raft.server.storage.free-space.min = 0MB (=0) (default)
2024-02-26 09:18:31,657 [4e76a5f4-598e-407f-bd79-992a553d1db1-groupManagement] INFO  server.RaftServerConfigKeys (ConfUtils.java:logGet(46)) - raft.server.log.corruption.policy = EXCEPTION (default)
2024-02-26 09:18:31,657 [4e76a5f4-598e-407f-bd79-992a553d1db1-groupManagement] INFO  server.RaftServerConfigKeys (ConfUtils.java:logGet(46)) - raft.server.storage.dir = [/home/runner/work/ozone/ozone/hadoop-ozone/integration-test/target/test-dir/MiniOzoneClusterImpl-0d79f430-b8c0-477e-97b7-98e50d733022/ozone-meta/datanode-10/ratis] (custom)
2024-02-26 09:18:31,657 [4e76a5f4-598e-407f-bd79-992a553d1db1-groupManagement] INFO  storage.RaftStorageDirectory (RaftStorageDirectoryImpl.java:analyzeStorage(138)) - The storage directory /home/runner/work/ozone/ozone/hadoop-ozone/integration-test/target/test-dir/MiniOzoneClusterImpl-0d79f430-b8c0-477e-97b7-98e50d733022/ozone-meta/datanode-10/ratis/d5a3b6d9-aabc-4c54-8245-08f59056c036 does not exist. Creating ...
2024-02-26 09:18:31,658 [90984f07-37f5-40e1-bf66-3a8ca2321052-groupManagement] INFO  server.RaftServerConfigKeys (ConfUtils.java:logGet(46)) - raft.server.rpc.request.timeout = 60s (custom)
2024-02-26 09:18:31,658 [90984f07-37f5-40e1-bf66-3a8ca2321052-groupManagement] INFO  server.RaftServerConfigKeys (ConfUtils.java:logGet(46)) - raft.server.log.appender.install.snapshot.enabled = false (custom)
2024-02-26 09:18:31,658 [90984f07-37f5-40e1-bf66-3a8ca2321052-groupManagement] INFO  server.RaftServerConfigKeys (ConfUtils.java:logGet(46)) - raft.server.threadpool.server.cached = true (default)
2024-02-26 09:18:31,658 [90984f07-37f5-40e1-bf66-3a8ca2321052-groupManagement] INFO  server.RaftServerConfigKeys (ConfUtils.java:logGet(46)) - raft.server.threadpool.server.size = 0 (default)
2024-02-26 09:18:31,658 [90984f07-37f5-40e1-bf66-3a8ca2321052-groupManagement] INFO  server.RaftServerConfigKeys (ConfUtils.java:logGet(46)) - raft.server.threadpool.client.cached = true (default)
2024-02-26 09:18:31,658 [90984f07-37f5-40e1-bf66-3a8ca2321052-groupManagement] INFO  server.RaftServerConfigKeys (ConfUtils.java:logGet(46)) - raft.server.threadpool.client.size = 0 (default)
2024-02-26 09:18:31,658 [90984f07-37f5-40e1-bf66-3a8ca2321052-groupManagement] INFO  server.RaftServerConfigKeys (ConfUtils.java:logGet(46)) - raft.server.storage.free-space.min = 0MB (=0) (default)
2024-02-26 09:18:31,659 [90984f07-37f5-40e1-bf66-3a8ca2321052-groupManagement] INFO  server.RaftServerConfigKeys (ConfUtils.java:logGet(46)) - raft.server.log.corruption.policy = EXCEPTION (default)
2024-02-26 09:18:31,659 [90984f07-37f5-40e1-bf66-3a8ca2321052-groupManagement] INFO  server.RaftServerConfigKeys (ConfUtils.java:logGet(46)) - raft.server.storage.dir = [/home/runner/work/ozone/ozone/hadoop-ozone/integration-test/target/test-dir/MiniOzoneClusterImpl-0d79f430-b8c0-477e-97b7-98e50d733022/ozone-meta/datanode-11/ratis] (custom)
2024-02-26 09:18:31,659 [90984f07-37f5-40e1-bf66-3a8ca2321052-groupManagement] INFO  storage.RaftStorageDirectory (RaftStorageDirectoryImpl.java:analyzeStorage(138)) - The storage directory /home/runner/work/ozone/ozone/hadoop-ozone/integration-test/target/test-dir/MiniOzoneClusterImpl-0d79f430-b8c0-477e-97b7-98e50d733022/ozone-meta/datanode-11/ratis/d5a3b6d9-aabc-4c54-8245-08f59056c036 does not exist. Creating ...
2024-02-26 09:18:31,660 [90984f07-37f5-40e1-bf66-3a8ca2321052-groupManagement] INFO  storage.RaftStorageDirectory (RaftStorageDirectoryImpl.java:tryLock(228)) - Lock on /home/runner/work/ozone/ozone/hadoop-ozone/integration-test/target/test-dir/MiniOzoneClusterImpl-0d79f430-b8c0-477e-97b7-98e50d733022/ozone-meta/datanode-11/ratis/d5a3b6d9-aabc-4c54-8245-08f59056c036/in_use.lock acquired by nodename 86312@fv-az1109-796
2024-02-26 09:18:31,661 [4e76a5f4-598e-407f-bd79-992a553d1db1-groupManagement] INFO  storage.RaftStorageDirectory (RaftStorageDirectoryImpl.java:tryLock(228)) - Lock on /home/runner/work/ozone/ozone/hadoop-ozone/integration-test/target/test-dir/MiniOzoneClusterImpl-0d79f430-b8c0-477e-97b7-98e50d733022/ozone-meta/datanode-10/ratis/d5a3b6d9-aabc-4c54-8245-08f59056c036/in_use.lock acquired by nodename 86312@fv-az1109-796
2024-02-26 09:18:31,662 [4e76a5f4-598e-407f-bd79-992a553d1db1-groupManagement] INFO  storage.RaftStorage (RaftStorageImpl.java:format(99)) - Storage directory /home/runner/work/ozone/ozone/hadoop-ozone/integration-test/target/test-dir/MiniOzoneClusterImpl-0d79f430-b8c0-477e-97b7-98e50d733022/ozone-meta/datanode-10/ratis/d5a3b6d9-aabc-4c54-8245-08f59056c036 has been successfully formatted.
2024-02-26 09:18:31,662 [4e76a5f4-598e-407f-bd79-992a553d1db1-groupManagement] WARN  util.FileUtils (LogUtils.java:supplyAndLog(63)) - Failed to Files.newInputStream /home/runner/work/ozone/ozone/hadoop-ozone/integration-test/target/test-dir/MiniOzoneClusterImpl-0d79f430-b8c0-477e-97b7-98e50d733022/ozone-meta/datanode-10/ratis/d5a3b6d9-aabc-4c54-8245-08f59056c036/current/raft-meta.conf with options []: java.nio.file.NoSuchFileException: /home/runner/work/ozone/ozone/hadoop-ozone/integration-test/target/test-dir/MiniOzoneClusterImpl-0d79f430-b8c0-477e-97b7-98e50d733022/ozone-meta/datanode-10/ratis/d5a3b6d9-aabc-4c54-8245-08f59056c036/current/raft-meta.conf
2024-02-26 09:18:31,663 [4e76a5f4-598e-407f-bd79-992a553d1db1-groupManagement] INFO  ratis.ContainerStateMachine (ContainerStateMachine.java:loadSnapshot(287)) - group-08F59056C036: The snapshot info is null. Setting the last applied index to:(t:0, i:~)
2024-02-26 09:18:31,663 [4e76a5f4-598e-407f-bd79-992a553d1db1-groupManagement] INFO  server.RaftServerConfigKeys (ConfUtils.java:logGet(46)) - raft.server.log.use.memory = false (default)
2024-02-26 09:18:31,663 [4e76a5f4-598e-407f-bd79-992a553d1db1-groupManagement] INFO  server.RaftServerConfigKeys (ConfUtils.java:logGet(46)) - raft.server.log.purge.gap = 1000000 (custom)
2024-02-26 09:18:31,663 [4e76a5f4-598e-407f-bd79-992a553d1db1-groupManagement] INFO  server.RaftServerConfigKeys (ConfUtils.java:logGet(46)) - raft.server.log.appender.buffer.byte-limit = 8388608 (custom)
2024-02-26 09:18:31,663 [4e76a5f4-598e-407f-bd79-992a553d1db1-groupManagement] INFO  server.RaftServerConfigKeys (ConfUtils.java:logGet(46)) - raft.server.log.statemachine.data.read.timeout = 1000ms (default)
2024-02-26 09:18:31,663 [4e76a5f4-598e-407f-bd79-992a553d1db1-groupManagement] INFO  server.RaftServerConfigKeys (ConfUtils.java:logGet(46)) - raft.server.log.purge.preservation.log.num = 0 (default)
2024-02-26 09:18:31,664 [EventQueue-OpenPipelineForHealthyPipelineSafeModeRule] INFO  safemode.SCMSafeModeManager (HealthyPipelineSafeModeRule.java:process(140)) - SCM in safe mode. Healthy pipelines reported count is 0, required healthy pipeline reported count is 1
2024-02-26 09:18:31,665 [4e76a5f4-598e-407f-bd79-992a553d1db1-groupManagement] INFO  server.RaftServerConfigKeys (ConfUtils.java:logGet(46)) - raft.server.log.segment.size.max = 67108864 (custom)
2024-02-26 09:18:31,665 [4e76a5f4-598e-407f-bd79-992a553d1db1-groupManagement] INFO  server.RaftServerConfigKeys (ConfUtils.java:logGet(46)) - raft.server.log.segment.cache.num.max = 2 (custom)
2024-02-26 09:18:31,665 [4e76a5f4-598e-407f-bd79-992a553d1db1-groupManagement] INFO  server.RaftServerConfigKeys (ConfUtils.java:logGet(46)) - raft.server.log.segment.cache.size.max = 200MB (=209715200) (default)
2024-02-26 09:18:31,665 [4e76a5f4-598e-407f-bd79-992a553d1db1-groupManagement] INFO  server.RaftServerConfigKeys (ConfUtils.java:logGet(46)) - raft.server.log.appender.buffer.byte-limit = 8388608 (custom)
2024-02-26 09:18:31,666 [90984f07-37f5-40e1-bf66-3a8ca2321052-groupManagement] INFO  storage.RaftStorage (RaftStorageImpl.java:format(99)) - Storage directory /home/runner/work/ozone/ozone/hadoop-ozone/integration-test/target/test-dir/MiniOzoneClusterImpl-0d79f430-b8c0-477e-97b7-98e50d733022/ozone-meta/datanode-11/ratis/d5a3b6d9-aabc-4c54-8245-08f59056c036 has been successfully formatted.
2024-02-26 09:18:31,666 [90984f07-37f5-40e1-bf66-3a8ca2321052-groupManagement] WARN  util.FileUtils (LogUtils.java:supplyAndLog(63)) - Failed to Files.newInputStream /home/runner/work/ozone/ozone/hadoop-ozone/integration-test/target/test-dir/MiniOzoneClusterImpl-0d79f430-b8c0-477e-97b7-98e50d733022/ozone-meta/datanode-11/ratis/d5a3b6d9-aabc-4c54-8245-08f59056c036/current/raft-meta.conf with options []: java.nio.file.NoSuchFileException: /home/runner/work/ozone/ozone/hadoop-ozone/integration-test/target/test-dir/MiniOzoneClusterImpl-0d79f430-b8c0-477e-97b7-98e50d733022/ozone-meta/datanode-11/ratis/d5a3b6d9-aabc-4c54-8245-08f59056c036/current/raft-meta.conf
2024-02-26 09:18:31,666 [4e76a5f4-598e-407f-bd79-992a553d1db1-groupManagement] INFO  util.AwaitToRun (AwaitToRun.java:start(81)) - Thread[4e76a5f4-598e-407f-bd79-992a553d1db1@group-08F59056C036-cacheEviction-AwaitToRun,5,main] started
2024-02-26 09:18:31,666 [4e76a5f4-598e-407f-bd79-992a553d1db1-groupManagement] INFO  segmented.SegmentedRaftLogWorker (SegmentedRaftLogWorker.java:<init>(182)) - new 4e76a5f4-598e-407f-bd79-992a553d1db1@group-08F59056C036-SegmentedRaftLogWorker for RaftStorageImpl:Storage Directory /home/runner/work/ozone/ozone/hadoop-ozone/integration-test/target/test-dir/MiniOzoneClusterImpl-0d79f430-b8c0-477e-97b7-98e50d733022/ozone-meta/datanode-10/ratis/d5a3b6d9-aabc-4c54-8245-08f59056c036
2024-02-26 09:18:31,666 [4e76a5f4-598e-407f-bd79-992a553d1db1-groupManagement] INFO  server.RaftServerConfigKeys (ConfUtils.java:logGet(46)) - raft.server.log.queue.byte-limit = 4294967296 (custom)
2024-02-26 09:18:31,666 [4e76a5f4-598e-407f-bd79-992a553d1db1-groupManagement] INFO  server.RaftServerConfigKeys (ConfUtils.java:logGet(46)) - raft.server.log.queue.element-limit = 1024 (custom)
2024-02-26 09:18:31,666 [4e76a5f4-598e-407f-bd79-992a553d1db1-groupManagement] INFO  server.RaftServerConfigKeys (ConfUtils.java:logGet(46)) - raft.server.log.segment.size.max = 67108864 (custom)
2024-02-26 09:18:31,666 [4e76a5f4-598e-407f-bd79-992a553d1db1-groupManagement] INFO  server.RaftServerConfigKeys (ConfUtils.java:logGet(46)) - raft.server.log.preallocated.size = 4194304 (custom)
2024-02-26 09:18:31,666 [4e76a5f4-598e-407f-bd79-992a553d1db1-groupManagement] INFO  server.RaftServerConfigKeys (ConfUtils.java:logGet(46)) - raft.server.log.force.sync.num = 128 (default)
2024-02-26 09:18:31,667 [4e76a5f4-598e-407f-bd79-992a553d1db1-groupManagement] INFO  server.RaftServerConfigKeys (ConfUtils.java:logGet(46)) - raft.server.log.statemachine.data.sync = true (default)
2024-02-26 09:18:31,667 [4e76a5f4-598e-407f-bd79-992a553d1db1-groupManagement] INFO  server.RaftServerConfigKeys (ConfUtils.java:logGet(46)) - raft.server.log.statemachine.data.sync.timeout = 10s (default)
2024-02-26 09:18:31,667 [4e76a5f4-598e-407f-bd79-992a553d1db1-groupManagement] INFO  server.RaftServerConfigKeys (ConfUtils.java:logGet(46)) - raft.server.log.statemachine.data.sync.timeout.retry = 0 (custom)
2024-02-26 09:18:31,670 [90984f07-37f5-40e1-bf66-3a8ca2321052-groupManagement] INFO  ratis.ContainerStateMachine (ContainerStateMachine.java:loadSnapshot(287)) - group-08F59056C036: The snapshot info is null. Setting the last applied index to:(t:0, i:~)
2024-02-26 09:18:31,671 [90984f07-37f5-40e1-bf66-3a8ca2321052-groupManagement] INFO  server.RaftServerConfigKeys (ConfUtils.java:logGet(46)) - raft.server.log.use.memory = false (default)
2024-02-26 09:18:31,671 [90984f07-37f5-40e1-bf66-3a8ca2321052-groupManagement] INFO  server.RaftServerConfigKeys (ConfUtils.java:logGet(46)) - raft.server.log.purge.gap = 1000000 (custom)
2024-02-26 09:18:31,671 [90984f07-37f5-40e1-bf66-3a8ca2321052-groupManagement] INFO  server.RaftServerConfigKeys (ConfUtils.java:logGet(46)) - raft.server.log.appender.buffer.byte-limit = 8388608 (custom)
2024-02-26 09:18:31,671 [90984f07-37f5-40e1-bf66-3a8ca2321052-groupManagement] INFO  server.RaftServerConfigKeys (ConfUtils.java:logGet(46)) - raft.server.log.statemachine.data.read.timeout = 1000ms (default)
2024-02-26 09:18:31,671 [90984f07-37f5-40e1-bf66-3a8ca2321052-groupManagement] INFO  server.RaftServerConfigKeys (ConfUtils.java:logGet(46)) - raft.server.log.purge.preservation.log.num = 0 (default)
2024-02-26 09:18:31,672 [EventQueue-OpenPipelineForHealthyPipelineSafeModeRule] INFO  safemode.SCMSafeModeManager (HealthyPipelineSafeModeRule.java:process(140)) - SCM in safe mode. Healthy pipelines reported count is 0, required healthy pipeline reported count is 1
2024-02-26 09:18:31,673 [90984f07-37f5-40e1-bf66-3a8ca2321052-groupManagement] INFO  server.RaftServerConfigKeys (ConfUtils.java:logGet(46)) - raft.server.log.segment.size.max = 67108864 (custom)
2024-02-26 09:18:31,673 [90984f07-37f5-40e1-bf66-3a8ca2321052-groupManagement] INFO  server.RaftServerConfigKeys (ConfUtils.java:logGet(46)) - raft.server.log.segment.cache.num.max = 2 (custom)
2024-02-26 09:18:31,673 [90984f07-37f5-40e1-bf66-3a8ca2321052-groupManagement] INFO  server.RaftServerConfigKeys (ConfUtils.java:logGet(46)) - raft.server.log.segment.cache.size.max = 200MB (=209715200) (default)
2024-02-26 09:18:31,673 [90984f07-37f5-40e1-bf66-3a8ca2321052-groupManagement] INFO  server.RaftServerConfigKeys (ConfUtils.java:logGet(46)) - raft.server.log.appender.buffer.byte-limit = 8388608 (custom)
2024-02-26 09:18:31,674 [90984f07-37f5-40e1-bf66-3a8ca2321052-groupManagement] INFO  util.AwaitToRun (AwaitToRun.java:start(81)) - Thread[90984f07-37f5-40e1-bf66-3a8ca2321052@group-08F59056C036-cacheEviction-AwaitToRun,5,main] started
2024-02-26 09:18:31,674 [90984f07-37f5-40e1-bf66-3a8ca2321052-groupManagement] INFO  segmented.SegmentedRaftLogWorker (SegmentedRaftLogWorker.java:<init>(182)) - new 90984f07-37f5-40e1-bf66-3a8ca2321052@group-08F59056C036-SegmentedRaftLogWorker for RaftStorageImpl:Storage Directory /home/runner/work/ozone/ozone/hadoop-ozone/integration-test/target/test-dir/MiniOzoneClusterImpl-0d79f430-b8c0-477e-97b7-98e50d733022/ozone-meta/datanode-11/ratis/d5a3b6d9-aabc-4c54-8245-08f59056c036
2024-02-26 09:18:31,674 [90984f07-37f5-40e1-bf66-3a8ca2321052-groupManagement] INFO  server.RaftServerConfigKeys (ConfUtils.java:logGet(46)) - raft.server.log.queue.byte-limit = 4294967296 (custom)
2024-02-26 09:18:31,674 [90984f07-37f5-40e1-bf66-3a8ca2321052-groupManagement] INFO  server.RaftServerConfigKeys (ConfUtils.java:logGet(46)) - raft.server.log.queue.element-limit = 1024 (custom)
2024-02-26 09:18:31,674 [90984f07-37f5-40e1-bf66-3a8ca2321052-groupManagement] INFO  server.RaftServerConfigKeys (ConfUtils.java:logGet(46)) - raft.server.log.segment.size.max = 67108864 (custom)
2024-02-26 09:18:31,674 [90984f07-37f5-40e1-bf66-3a8ca2321052-groupManagement] INFO  server.RaftServerConfigKeys (ConfUtils.java:logGet(46)) - raft.server.log.preallocated.size = 4194304 (custom)
2024-02-26 09:18:31,674 [90984f07-37f5-40e1-bf66-3a8ca2321052-groupManagement] INFO  server.RaftServerConfigKeys (ConfUtils.java:logGet(46)) - raft.server.log.force.sync.num = 128 (default)
2024-02-26 09:18:31,674 [90984f07-37f5-40e1-bf66-3a8ca2321052-groupManagement] INFO  server.RaftServerConfigKeys (ConfUtils.java:logGet(46)) - raft.server.log.statemachine.data.sync = true (default)
2024-02-26 09:18:31,674 [90984f07-37f5-40e1-bf66-3a8ca2321052-groupManagement] INFO  server.RaftServerConfigKeys (ConfUtils.java:logGet(46)) - raft.server.log.statemachine.data.sync.timeout = 10s (default)
2024-02-26 09:18:31,674 [90984f07-37f5-40e1-bf66-3a8ca2321052-groupManagement] INFO  server.RaftServerConfigKeys (ConfUtils.java:logGet(46)) - raft.server.log.statemachine.data.sync.timeout.retry = 0 (custom)
2024-02-26 09:18:31,675 [90984f07-37f5-40e1-bf66-3a8ca2321052-groupManagement] INFO  server.RaftServerConfigKeys (ConfUtils.java:logGet(46)) - raft.server.log.write.buffer.size = 8388616 (custom)
2024-02-26 09:18:31,675 [4e76a5f4-598e-407f-bd79-992a553d1db1-groupManagement] INFO  server.RaftServerConfigKeys (ConfUtils.java:logGet(46)) - raft.server.log.write.buffer.size = 8388616 (custom)
2024-02-26 09:18:31,676 [90984f07-37f5-40e1-bf66-3a8ca2321052-groupManagement] INFO  server.RaftServerConfigKeys (ConfUtils.java:logGet(46)) - raft.server.log.appender.buffer.byte-limit = 8388608 (custom)
2024-02-26 09:18:31,677 [4e76a5f4-598e-407f-bd79-992a553d1db1-groupManagement] INFO  server.RaftServerConfigKeys (ConfUtils.java:logGet(46)) - raft.server.log.appender.buffer.byte-limit = 8388608 (custom)
2024-02-26 09:18:31,677 [90984f07-37f5-40e1-bf66-3a8ca2321052-groupManagement] INFO  server.RaftServerConfigKeys (ConfUtils.java:logGet(46)) - raft.server.log.unsafe-flush.enabled = false (default)
2024-02-26 09:18:31,677 [4e76a5f4-598e-407f-bd79-992a553d1db1-groupManagement] INFO  server.RaftServerConfigKeys (ConfUtils.java:logGet(46)) - raft.server.log.unsafe-flush.enabled = false (default)
2024-02-26 09:18:31,677 [90984f07-37f5-40e1-bf66-3a8ca2321052-groupManagement] INFO  server.RaftServerConfigKeys (ConfUtils.java:logGet(46)) - raft.server.log.async-flush.enabled = false (default)
2024-02-26 09:18:31,677 [4e76a5f4-598e-407f-bd79-992a553d1db1-groupManagement] INFO  server.RaftServerConfigKeys (ConfUtils.java:logGet(46)) - raft.server.log.async-flush.enabled = false (default)
2024-02-26 09:18:31,677 [4e76a5f4-598e-407f-bd79-992a553d1db1-groupManagement] INFO  server.RaftServerConfigKeys (ConfUtils.java:logGet(46)) - raft.server.log.statemachine.data.caching.enabled = true (custom)
2024-02-26 09:18:31,677 [4e76a5f4-598e-407f-bd79-992a553d1db1-groupManagement] INFO  segmented.SegmentedRaftLogWorker (SegmentedRaftLogWorker.java:lambda$new$0(134)) - 4e76a5f4-598e-407f-bd79-992a553d1db1@group-08F59056C036-SegmentedRaftLogWorker: flushIndex: setUnconditionally 0 -> -1
2024-02-26 09:18:31,677 [4e76a5f4-598e-407f-bd79-992a553d1db1-groupManagement] INFO  segmented.SegmentedRaftLogWorker (SegmentedRaftLogWorker.java:lambda$new$0(134)) - 4e76a5f4-598e-407f-bd79-992a553d1db1@group-08F59056C036-SegmentedRaftLogWorker: safeCacheEvictIndex: setUnconditionally 0 -> -1
2024-02-26 09:18:31,677 [4e76a5f4-598e-407f-bd79-992a553d1db1-groupManagement] INFO  server.RaftServer$Division (RaftServerImpl.java:start(396)) - 4e76a5f4-598e-407f-bd79-992a553d1db1@group-08F59056C036: start as a follower, conf=-1: peers:[4e76a5f4-598e-407f-bd79-992a553d1db1|10.1.0.30:15095, 90984f07-37f5-40e1-bf66-3a8ca2321052|10.1.0.30:15104, f4d7646f-0fb1-4da2-a8dc-21597b443f6f|10.1.0.30:15113]|listeners:[], old=null
2024-02-26 09:18:31,677 [4e76a5f4-598e-407f-bd79-992a553d1db1-groupManagement] INFO  server.RaftServer$Division (RaftServerImpl.java:setRole(383)) - 4e76a5f4-598e-407f-bd79-992a553d1db1@group-08F59056C036: changes role from      null to FOLLOWER at term 0 for startAsFollower
2024-02-26 09:18:31,678 [4e76a5f4-598e-407f-bd79-992a553d1db1-groupManagement] INFO  impl.RoleInfo (RoleInfo.java:updateAndGet(139)) - 4e76a5f4-598e-407f-bd79-992a553d1db1: start 4e76a5f4-598e-407f-bd79-992a553d1db1@group-08F59056C036-FollowerState
2024-02-26 09:18:31,678 [4e76a5f4-598e-407f-bd79-992a553d1db1-groupManagement] INFO  util.JmxRegister (JmxRegister.java:tryRegister(44)) - Successfully registered JMX Bean with object name Ratis:service=RaftServer,group=group-08F59056C036,id=4e76a5f4-598e-407f-bd79-992a553d1db1
2024-02-26 09:18:31,678 [4e76a5f4-598e-407f-bd79-992a553d1db1-groupManagement] INFO  server.RaftServerConfigKeys (ConfUtils.java:logGet(46)) - raft.server.snapshot.trigger-when-stop.enabled = true (default)
2024-02-26 09:18:31,678 [4e76a5f4-598e-407f-bd79-992a553d1db1-groupManagement] INFO  server.RaftServerConfigKeys (ConfUtils.java:logGet(46)) - raft.server.snapshot.auto.trigger.enabled = true (custom)
2024-02-26 09:18:31,678 [4e76a5f4-598e-407f-bd79-992a553d1db1-groupManagement] INFO  server.RaftServerConfigKeys (ConfUtils.java:logGet(46)) - raft.server.snapshot.auto.trigger.threshold = 10000 (custom)
2024-02-26 09:18:31,678 [4e76a5f4-598e-407f-bd79-992a553d1db1-groupManagement] INFO  server.RaftServerConfigKeys (ConfUtils.java:logGet(46)) - raft.server.snapshot.retention.file.num = 5 (custom)
2024-02-26 09:18:31,678 [4e76a5f4-598e-407f-bd79-992a553d1db1-groupManagement] INFO  server.RaftServerConfigKeys (ConfUtils.java:logGet(46)) - raft.server.log.purge.upto.snapshot.index = false (default)
2024-02-26 09:18:31,679 [4e76a5f4-598e-407f-bd79-992a553d1db1@group-08F59056C036-FollowerState] INFO  server.RaftServerConfigKeys (ConfUtils.java:logFallback(53)) - raft.server.rpc.first-election.timeout.min = 5s (fallback to raft.server.rpc.timeout.min)
2024-02-26 09:18:31,679 [4e76a5f4-598e-407f-bd79-992a553d1db1@group-08F59056C036-FollowerState] INFO  server.RaftServerConfigKeys (ConfUtils.java:logFallback(53)) - raft.server.rpc.first-election.timeout.max = 5200ms (fallback to raft.server.rpc.timeout.max)
2024-02-26 09:18:31,679 [4e76a5f4-598e-407f-bd79-992a553d1db1-PipelineCommandHandlerThread-0] INFO  ratis.XceiverServerRatis (XceiverServerRatis.java:addGroup(864)) - Created group PipelineID=d5a3b6d9-aabc-4c54-8245-08f59056c036
2024-02-26 09:18:31,677 [90984f07-37f5-40e1-bf66-3a8ca2321052-groupManagement] INFO  server.RaftServerConfigKeys (ConfUtils.java:logGet(46)) - raft.server.log.statemachine.data.caching.enabled = true (custom)
2024-02-26 09:18:31,688 [90984f07-37f5-40e1-bf66-3a8ca2321052-groupManagement] INFO  segmented.SegmentedRaftLogWorker (SegmentedRaftLogWorker.java:lambda$new$0(134)) - 90984f07-37f5-40e1-bf66-3a8ca2321052@group-08F59056C036-SegmentedRaftLogWorker: flushIndex: setUnconditionally 0 -> -1
2024-02-26 09:18:31,688 [90984f07-37f5-40e1-bf66-3a8ca2321052-groupManagement] INFO  segmented.SegmentedRaftLogWorker (SegmentedRaftLogWorker.java:lambda$new$0(134)) - 90984f07-37f5-40e1-bf66-3a8ca2321052@group-08F59056C036-SegmentedRaftLogWorker: safeCacheEvictIndex: setUnconditionally 0 -> -1
2024-02-26 09:18:31,688 [90984f07-37f5-40e1-bf66-3a8ca2321052-groupManagement] INFO  server.RaftServer$Division (RaftServerImpl.java:start(396)) - 90984f07-37f5-40e1-bf66-3a8ca2321052@group-08F59056C036: start as a follower, conf=-1: peers:[4e76a5f4-598e-407f-bd79-992a553d1db1|10.1.0.30:15095, 90984f07-37f5-40e1-bf66-3a8ca2321052|10.1.0.30:15104, f4d7646f-0fb1-4da2-a8dc-21597b443f6f|10.1.0.30:15113]|listeners:[], old=null
2024-02-26 09:18:31,689 [90984f07-37f5-40e1-bf66-3a8ca2321052-groupManagement] INFO  server.RaftServer$Division (RaftServerImpl.java:setRole(383)) - 90984f07-37f5-40e1-bf66-3a8ca2321052@group-08F59056C036: changes role from      null to FOLLOWER at term 0 for startAsFollower
2024-02-26 09:18:31,691 [90984f07-37f5-40e1-bf66-3a8ca2321052-groupManagement] INFO  impl.RoleInfo (RoleInfo.java:updateAndGet(139)) - 90984f07-37f5-40e1-bf66-3a8ca2321052: start 90984f07-37f5-40e1-bf66-3a8ca2321052@group-08F59056C036-FollowerState
2024-02-26 09:18:31,692 [90984f07-37f5-40e1-bf66-3a8ca2321052-groupManagement] INFO  util.JmxRegister (JmxRegister.java:tryRegister(44)) - Successfully registered JMX Bean with object name Ratis:service=RaftServer,group=group-08F59056C036,id=90984f07-37f5-40e1-bf66-3a8ca2321052
2024-02-26 09:18:31,692 [90984f07-37f5-40e1-bf66-3a8ca2321052-groupManagement] INFO  server.RaftServerConfigKeys (ConfUtils.java:logGet(46)) - raft.server.snapshot.trigger-when-stop.enabled = true (default)
2024-02-26 09:18:31,692 [90984f07-37f5-40e1-bf66-3a8ca2321052-groupManagement] INFO  server.RaftServerConfigKeys (ConfUtils.java:logGet(46)) - raft.server.snapshot.auto.trigger.enabled = true (custom)
2024-02-26 09:18:31,692 [90984f07-37f5-40e1-bf66-3a8ca2321052-groupManagement] INFO  server.RaftServerConfigKeys (ConfUtils.java:logGet(46)) - raft.server.snapshot.auto.trigger.threshold = 10000 (custom)
2024-02-26 09:18:31,692 [90984f07-37f5-40e1-bf66-3a8ca2321052-groupManagement] INFO  server.RaftServerConfigKeys (ConfUtils.java:logGet(46)) - raft.server.snapshot.retention.file.num = 5 (custom)
2024-02-26 09:18:31,692 [90984f07-37f5-40e1-bf66-3a8ca2321052-groupManagement] INFO  server.RaftServerConfigKeys (ConfUtils.java:logGet(46)) - raft.server.log.purge.upto.snapshot.index = false (default)
2024-02-26 09:18:31,692 [90984f07-37f5-40e1-bf66-3a8ca2321052@group-08F59056C036-FollowerState] INFO  server.RaftServerConfigKeys (ConfUtils.java:logFallback(53)) - raft.server.rpc.first-election.timeout.min = 5s (fallback to raft.server.rpc.timeout.min)
2024-02-26 09:18:31,692 [90984f07-37f5-40e1-bf66-3a8ca2321052@group-08F59056C036-FollowerState] INFO  server.RaftServerConfigKeys (ConfUtils.java:logFallback(53)) - raft.server.rpc.first-election.timeout.max = 5200ms (fallback to raft.server.rpc.timeout.max)
2024-02-26 09:18:31,693 [90984f07-37f5-40e1-bf66-3a8ca2321052-PipelineCommandHandlerThread-0] INFO  ratis.XceiverServerRatis (XceiverServerRatis.java:addGroup(864)) - Created group PipelineID=d5a3b6d9-aabc-4c54-8245-08f59056c036
2024-02-26 09:18:31,693 [f4d7646f-0fb1-4da2-a8dc-21597b443f6f-PipelineCommandHandlerThread-0] INFO  commandhandler.CreatePipelineCommandHandler (CreatePipelineCommandHandler.java:lambda$handle$2(124)) - Created Pipeline RATIS THREE PipelineID=d5a3b6d9-aabc-4c54-8245-08f59056c036.
2024-02-26 09:18:31,729 [4e76a5f4-598e-407f-bd79-992a553d1db1-PipelineCommandHandlerThread-0] INFO  commandhandler.CreatePipelineCommandHandler (CreatePipelineCommandHandler.java:lambda$handle$2(124)) - Created Pipeline RATIS THREE PipelineID=d5a3b6d9-aabc-4c54-8245-08f59056c036.
2024-02-26 09:18:31,734 [90984f07-37f5-40e1-bf66-3a8ca2321052-PipelineCommandHandlerThread-0] INFO  commandhandler.CreatePipelineCommandHandler (CreatePipelineCommandHandler.java:lambda$handle$2(124)) - Created Pipeline RATIS THREE PipelineID=d5a3b6d9-aabc-4c54-8245-08f59056c036.
2024-02-26 09:18:32,563 [main] INFO  ozone.MiniOzoneClusterImpl (MiniOzoneClusterImpl.java:lambda$waitForClusterToBeReady$0(195)) - Nodes are ready. Got 14 of 14 DN Heartbeats.
2024-02-26 09:18:32,563 [main] INFO  ozone.MiniOzoneClusterImpl (MiniOzoneClusterImpl.java:lambda$waitForClusterToBeReady$0(198)) - Waiting for cluster to exit safe mode
2024-02-26 09:18:32,563 [main] INFO  ozone.MiniOzoneClusterImpl (MiniOzoneClusterImpl.java:lambda$waitForClusterToBeReady$0(200)) - SCM became leader
2024-02-26 09:18:33,563 [main] INFO  ozone.MiniOzoneClusterImpl (MiniOzoneClusterImpl.java:lambda$waitForClusterToBeReady$0(195)) - Nodes are ready. Got 14 of 14 DN Heartbeats.
2024-02-26 09:18:33,564 [main] INFO  ozone.MiniOzoneClusterImpl (MiniOzoneClusterImpl.java:lambda$waitForClusterToBeReady$0(198)) - Waiting for cluster to exit safe mode
2024-02-26 09:18:33,564 [main] INFO  ozone.MiniOzoneClusterImpl (MiniOzoneClusterImpl.java:lambda$waitForClusterToBeReady$0(200)) - SCM became leader
2024-02-26 09:18:34,564 [main] INFO  ozone.MiniOzoneClusterImpl (MiniOzoneClusterImpl.java:lambda$waitForClusterToBeReady$0(195)) - Nodes are ready. Got 14 of 14 DN Heartbeats.
2024-02-26 09:18:34,564 [main] INFO  ozone.MiniOzoneClusterImpl (MiniOzoneClusterImpl.java:lambda$waitForClusterToBeReady$0(198)) - Waiting for cluster to exit safe mode
2024-02-26 09:18:34,564 [main] INFO  ozone.MiniOzoneClusterImpl (MiniOzoneClusterImpl.java:lambda$waitForClusterToBeReady$0(200)) - SCM became leader
2024-02-26 09:18:34,964 [1fc8e30e-bcf6-4a54-bb04-f74c1c9f090e@group-744C92DF74AE-FollowerState] INFO  impl.FollowerState (FollowerState.java:run(143)) - 1fc8e30e-bcf6-4a54-bb04-f74c1c9f090e@group-744C92DF74AE-FollowerState: change to CANDIDATE, lastRpcElapsedTime:5002929178ns, electionTimeout:5001ms
2024-02-26 09:18:34,965 [1fc8e30e-bcf6-4a54-bb04-f74c1c9f090e@group-744C92DF74AE-FollowerState] INFO  impl.RoleInfo (RoleInfo.java:shutdownFollowerState(110)) - 1fc8e30e-bcf6-4a54-bb04-f74c1c9f090e: shutdown 1fc8e30e-bcf6-4a54-bb04-f74c1c9f090e@group-744C92DF74AE-FollowerState
2024-02-26 09:18:34,965 [1fc8e30e-bcf6-4a54-bb04-f74c1c9f090e@group-744C92DF74AE-FollowerState] INFO  server.RaftServer$Division (RaftServerImpl.java:setRole(383)) - 1fc8e30e-bcf6-4a54-bb04-f74c1c9f090e@group-744C92DF74AE: changes role from  FOLLOWER to CANDIDATE at term 0 for changeToCandidate
2024-02-26 09:18:34,965 [1fc8e30e-bcf6-4a54-bb04-f74c1c9f090e@group-744C92DF74AE-FollowerState] INFO  server.RaftServerConfigKeys (ConfUtils.java:logGet(46)) - raft.server.leaderelection.pre-vote = true (default)
2024-02-26 09:18:34,965 [1fc8e30e-bcf6-4a54-bb04-f74c1c9f090e@group-744C92DF74AE-FollowerState] INFO  impl.RoleInfo (RoleInfo.java:updateAndGet(139)) - 1fc8e30e-bcf6-4a54-bb04-f74c1c9f090e: start 1fc8e30e-bcf6-4a54-bb04-f74c1c9f090e@group-744C92DF74AE-LeaderElection2
2024-02-26 09:18:34,967 [1fc8e30e-bcf6-4a54-bb04-f74c1c9f090e@group-744C92DF74AE-LeaderElection2] INFO  impl.LeaderElection (LeaderElection.java:askForVotes(321)) - 1fc8e30e-bcf6-4a54-bb04-f74c1c9f090e@group-744C92DF74AE-LeaderElection2 PRE_VOTE round 0: submit vote requests at term 0 for -1: peers:[1fc8e30e-bcf6-4a54-bb04-f74c1c9f090e|10.1.0.30:15014]|listeners:[], old=null
2024-02-26 09:18:34,968 [1fc8e30e-bcf6-4a54-bb04-f74c1c9f090e@group-744C92DF74AE-LeaderElection2] INFO  impl.LeaderElection (LeaderElection.java:askForVotes(323)) - 1fc8e30e-bcf6-4a54-bb04-f74c1c9f090e@group-744C92DF74AE-LeaderElection2 PRE_VOTE round 0: result PASSED (term=0)
2024-02-26 09:18:34,969 [1fc8e30e-bcf6-4a54-bb04-f74c1c9f090e@group-744C92DF74AE-LeaderElection2] INFO  impl.LeaderElection (LeaderElection.java:askForVotes(321)) - 1fc8e30e-bcf6-4a54-bb04-f74c1c9f090e@group-744C92DF74AE-LeaderElection2 ELECTION round 0: submit vote requests at term 1 for -1: peers:[1fc8e30e-bcf6-4a54-bb04-f74c1c9f090e|10.1.0.30:15014]|listeners:[], old=null
2024-02-26 09:18:34,969 [1fc8e30e-bcf6-4a54-bb04-f74c1c9f090e@group-744C92DF74AE-LeaderElection2] INFO  impl.LeaderElection (LeaderElection.java:askForVotes(323)) - 1fc8e30e-bcf6-4a54-bb04-f74c1c9f090e@group-744C92DF74AE-LeaderElection2 ELECTION round 0: result PASSED (term=1)
2024-02-26 09:18:34,969 [1fc8e30e-bcf6-4a54-bb04-f74c1c9f090e@group-744C92DF74AE-LeaderElection2] INFO  impl.RoleInfo (RoleInfo.java:shutdownLeaderElection(130)) - 1fc8e30e-bcf6-4a54-bb04-f74c1c9f090e: shutdown 1fc8e30e-bcf6-4a54-bb04-f74c1c9f090e@group-744C92DF74AE-LeaderElection2
2024-02-26 09:18:34,969 [1fc8e30e-bcf6-4a54-bb04-f74c1c9f090e@group-744C92DF74AE-LeaderElection2] INFO  server.RaftServer$Division (RaftServerImpl.java:setRole(383)) - 1fc8e30e-bcf6-4a54-bb04-f74c1c9f090e@group-744C92DF74AE: changes role from CANDIDATE to LEADER at term 1 for changeToLeader
2024-02-26 09:18:34,969 [1fc8e30e-bcf6-4a54-bb04-f74c1c9f090e@group-744C92DF74AE-LeaderElection2] INFO  server.RaftServerConfigKeys (ConfUtils.java:logGet(46)) - raft.server.staging.catchup.gap = 1000 (default)
2024-02-26 09:18:34,969 [1fc8e30e-bcf6-4a54-bb04-f74c1c9f090e@group-744C92DF74AE-LeaderElection2] INFO  server.RaftServerConfigKeys (ConfUtils.java:logGet(46)) - raft.server.write.element-limit = 1024 (custom)
2024-02-26 09:18:34,969 [1fc8e30e-bcf6-4a54-bb04-f74c1c9f090e@group-744C92DF74AE-LeaderElection2] INFO  server.RaftServerConfigKeys (ConfUtils.java:logGet(46)) - raft.server.write.byte-limit = 1024 M (=1073741824) (custom)
2024-02-26 09:18:34,969 [1fc8e30e-bcf6-4a54-bb04-f74c1c9f090e@group-744C92DF74AE-LeaderElection2] INFO  server.RaftServerConfigKeys (ConfUtils.java:logGet(46)) - raft.server.watch.timeout = 180s (custom)
2024-02-26 09:18:34,970 [1fc8e30e-bcf6-4a54-bb04-f74c1c9f090e@group-744C92DF74AE-LeaderElection2] INFO  server.RaftServerConfigKeys (ConfUtils.java:logGet(46)) - raft.server.watch.timeout.denomination = 1s (default)
2024-02-26 09:18:34,970 [1fc8e30e-bcf6-4a54-bb04-f74c1c9f090e@group-744C92DF74AE-LeaderElection2] INFO  server.RaftServerConfigKeys (ConfUtils.java:logGet(46)) - raft.server.watch.element-limit = 65536 (default)
2024-02-26 09:18:34,970 [1fc8e30e-bcf6-4a54-bb04-f74c1c9f090e@group-744C92DF74AE-LeaderElection2] INFO  server.RaftServerConfigKeys (ConfUtils.java:logGet(46)) - raft.server.read.leader.lease.enabled = false (default)
2024-02-26 09:18:34,970 [1fc8e30e-bcf6-4a54-bb04-f74c1c9f090e@group-744C92DF74AE-LeaderElection2] INFO  server.RaftServerConfigKeys (ConfUtils.java:logGet(46)) - raft.server.read.leader.lease.timeout.ratio = 0.9 (default)
2024-02-26 09:18:34,970 [1fc8e30e-bcf6-4a54-bb04-f74c1c9f090e@group-744C92DF74AE-LeaderElection2] INFO  server.RaftServerConfigKeys (ConfUtils.java:logGet(46)) - raft.server.rpc.timeout.min = 5s (custom)
2024-02-26 09:18:34,970 [1fc8e30e-bcf6-4a54-bb04-f74c1c9f090e@group-744C92DF74AE-LeaderElection2] INFO  server.RaftServerConfigKeys (ConfUtils.java:logGet(46)) - raft.server.write.element-limit = 1024 (custom)
2024-02-26 09:18:34,970 [1fc8e30e-bcf6-4a54-bb04-f74c1c9f090e@group-744C92DF74AE-LeaderElection2] INFO  server.RaftServerConfigKeys (ConfUtils.java:logGet(46)) - raft.server.write.follower.gap.ratio.max = -1.0 (default)
2024-02-26 09:18:34,970 [1fc8e30e-bcf6-4a54-bb04-f74c1c9f090e@group-744C92DF74AE-LeaderElection2] INFO  impl.RoleInfo (RoleInfo.java:updateAndGet(139)) - 1fc8e30e-bcf6-4a54-bb04-f74c1c9f090e: start 1fc8e30e-bcf6-4a54-bb04-f74c1c9f090e@group-744C92DF74AE-LeaderStateImpl
2024-02-26 09:18:34,970 [1fc8e30e-bcf6-4a54-bb04-f74c1c9f090e@group-744C92DF74AE-LeaderElection2] INFO  server.RaftServer$Division (RaftServerImpl.java:setFirstElection(574)) - 1fc8e30e-bcf6-4a54-bb04-f74c1c9f090e@group-744C92DF74AE: set firstElectionSinceStartup to false for becomeLeader
2024-02-26 09:18:34,970 [1fc8e30e-bcf6-4a54-bb04-f74c1c9f090e@group-744C92DF74AE-LeaderElection2] INFO  ratis.XceiverServerRatis (XceiverServerRatis.java:handleLeaderChangedNotification(966)) - Leader change notification received for group: group-744C92DF74AE with new leaderId: 1fc8e30e-bcf6-4a54-bb04-f74c1c9f090e
2024-02-26 09:18:34,971 [1fc8e30e-bcf6-4a54-bb04-f74c1c9f090e@group-744C92DF74AE-LeaderElection2] INFO  server.RaftServer$Division (ServerState.java:setLeader(269)) - 1fc8e30e-bcf6-4a54-bb04-f74c1c9f090e@group-744C92DF74AE: change Leader from null to 1fc8e30e-bcf6-4a54-bb04-f74c1c9f090e at term 1 for becomeLeader, leader elected after 5046ms
2024-02-26 09:18:34,971 [1fc8e30e-bcf6-4a54-bb04-f74c1c9f090e@group-744C92DF74AE-LeaderElection2] INFO  segmented.SegmentedRaftLogWorker (SegmentedRaftLogWorker.java:startLogSegment(430)) - 1fc8e30e-bcf6-4a54-bb04-f74c1c9f090e@group-744C92DF74AE-SegmentedRaftLogWorker: Starting segment from index:0
2024-02-26 09:18:34,971 [1fc8e30e-bcf6-4a54-bb04-f74c1c9f090e@group-744C92DF74AE-SegmentedRaftLogWorker] INFO  segmented.BufferedWriteChannel (BufferedWriteChannel.java:open(62)) - open log_inprogress_0 at position 0
2024-02-26 09:18:34,972 [EventQueue-OpenPipelineForHealthyPipelineSafeModeRule] INFO  safemode.SCMSafeModeManager (HealthyPipelineSafeModeRule.java:process(140)) - SCM in safe mode. Healthy pipelines reported count is 0, required healthy pipeline reported count is 1
2024-02-26 09:18:34,976 [1fc8e30e-bcf6-4a54-bb04-f74c1c9f090e@group-744C92DF74AE-LeaderElection2] INFO  server.RaftServer$Division (ServerState.java:setRaftConf(386)) - 1fc8e30e-bcf6-4a54-bb04-f74c1c9f090e@group-744C92DF74AE: set configuration 0: peers:[1fc8e30e-bcf6-4a54-bb04-f74c1c9f090e|10.1.0.30:15014]|listeners:[], old=null
2024-02-26 09:18:34,979 [1fc8e30e-bcf6-4a54-bb04-f74c1c9f090e@group-744C92DF74AE-SegmentedRaftLogWorker] INFO  segmented.SegmentedRaftLogWorker (SegmentedRaftLogWorker.java:execute(634)) - 1fc8e30e-bcf6-4a54-bb04-f74c1c9f090e@group-744C92DF74AE-SegmentedRaftLogWorker: created new log segment /home/runner/work/ozone/ozone/hadoop-ozone/integration-test/target/test-dir/MiniOzoneClusterImpl-0d79f430-b8c0-477e-97b7-98e50d733022/ozone-meta/datanode-1/ratis/7736c517-cf24-4505-bb45-744c92df74ae/current/log_inprogress_0
2024-02-26 09:18:34,981 [1fc8e30e-bcf6-4a54-bb04-f74c1c9f090e@group-744C92DF74AE-StateMachineUpdater] INFO  server.RaftServer$Division (LeaderStateImpl.java:isApplied(320)) - leader is ready since appliedIndex == 0 >= startIndex == 0
2024-02-26 09:18:35,086 [1fc8e30e-bcf6-4a54-bb04-f74c1c9f090e@group-E71E972C389B-FollowerState] INFO  impl.FollowerState (FollowerState.java:run(143)) - 1fc8e30e-bcf6-4a54-bb04-f74c1c9f090e@group-E71E972C389B-FollowerState: change to CANDIDATE, lastRpcElapsedTime:5074325617ns, electionTimeout:5072ms
2024-02-26 09:18:35,087 [1fc8e30e-bcf6-4a54-bb04-f74c1c9f090e@group-E71E972C389B-FollowerState] INFO  impl.RoleInfo (RoleInfo.java:shutdownFollowerState(110)) - 1fc8e30e-bcf6-4a54-bb04-f74c1c9f090e: shutdown 1fc8e30e-bcf6-4a54-bb04-f74c1c9f090e@group-E71E972C389B-FollowerState
2024-02-26 09:18:35,087 [1fc8e30e-bcf6-4a54-bb04-f74c1c9f090e@group-E71E972C389B-FollowerState] INFO  server.RaftServer$Division (RaftServerImpl.java:setRole(383)) - 1fc8e30e-bcf6-4a54-bb04-f74c1c9f090e@group-E71E972C389B: changes role from  FOLLOWER to CANDIDATE at term 0 for changeToCandidate
2024-02-26 09:18:35,087 [1fc8e30e-bcf6-4a54-bb04-f74c1c9f090e@group-E71E972C389B-FollowerState] INFO  server.RaftServerConfigKeys (ConfUtils.java:logGet(46)) - raft.server.leaderelection.pre-vote = true (default)
2024-02-26 09:18:35,087 [1fc8e30e-bcf6-4a54-bb04-f74c1c9f090e@group-E71E972C389B-FollowerState] INFO  impl.RoleInfo (RoleInfo.java:updateAndGet(139)) - 1fc8e30e-bcf6-4a54-bb04-f74c1c9f090e: start 1fc8e30e-bcf6-4a54-bb04-f74c1c9f090e@group-E71E972C389B-LeaderElection3
2024-02-26 09:18:35,089 [1fc8e30e-bcf6-4a54-bb04-f74c1c9f090e@group-E71E972C389B-LeaderElection3] INFO  impl.LeaderElection (LeaderElection.java:askForVotes(321)) - 1fc8e30e-bcf6-4a54-bb04-f74c1c9f090e@group-E71E972C389B-LeaderElection3 PRE_VOTE round 0: submit vote requests at term 0 for -1: peers:[f0a2b3de-ed07-43d6-bdce-9d4b8e15ed2c|10.1.0.30:15032, a70c1067-2103-48d8-b21c-f7bdcf327398|10.1.0.30:15023, 1fc8e30e-bcf6-4a54-bb04-f74c1c9f090e|10.1.0.30:15014]|listeners:[], old=null
2024-02-26 09:18:35,093 [1fc8e30e-bcf6-4a54-bb04-f74c1c9f090e@group-E71E972C389B-LeaderElection3] INFO  server.RaftServerConfigKeys (ConfUtils.java:logFallback(53)) - raft.server.rpc.first-election.timeout.min = 5s (fallback to raft.server.rpc.timeout.min)
2024-02-26 09:18:35,093 [1fc8e30e-bcf6-4a54-bb04-f74c1c9f090e@group-E71E972C389B-LeaderElection3] INFO  server.RaftServerConfigKeys (ConfUtils.java:logFallback(53)) - raft.server.rpc.first-election.timeout.max = 5200ms (fallback to raft.server.rpc.timeout.max)
2024-02-26 09:18:35,093 [1fc8e30e-bcf6-4a54-bb04-f74c1c9f090e@group-E71E972C389B-LeaderElection3-1] INFO  server.GrpcServerProtocolClient (GrpcServerProtocolClient.java:<init>(65)) - Build channel for f0a2b3de-ed07-43d6-bdce-9d4b8e15ed2c|10.1.0.30:15032
2024-02-26 09:18:35,094 [1fc8e30e-bcf6-4a54-bb04-f74c1c9f090e@group-E71E972C389B-LeaderElection3-2] INFO  server.GrpcServerProtocolClient (GrpcServerProtocolClient.java:<init>(65)) - Build channel for a70c1067-2103-48d8-b21c-f7bdcf327398|10.1.0.30:15023
2024-02-26 09:18:35,101 [grpc-default-executor-3] INFO  server.RaftServer$Division (RaftServerImpl.java:requestVote(1389)) - a70c1067-2103-48d8-b21c-f7bdcf327398@group-E71E972C389B: receive requestVote(PRE_VOTE, 1fc8e30e-bcf6-4a54-bb04-f74c1c9f090e, group-E71E972C389B, 0, (t:0, i:0))
2024-02-26 09:18:35,101 [grpc-default-executor-2] INFO  server.RaftServer$Division (RaftServerImpl.java:requestVote(1389)) - f0a2b3de-ed07-43d6-bdce-9d4b8e15ed2c@group-E71E972C389B: receive requestVote(PRE_VOTE, 1fc8e30e-bcf6-4a54-bb04-f74c1c9f090e, group-E71E972C389B, 0, (t:0, i:0))
2024-02-26 09:18:35,103 [grpc-default-executor-2] INFO  impl.VoteContext (VoteContext.java:log(49)) - f0a2b3de-ed07-43d6-bdce-9d4b8e15ed2c@group-E71E972C389B-FOLLOWER: reject PRE_VOTE from 1fc8e30e-bcf6-4a54-bb04-f74c1c9f090e: our priority 1 > candidate's priority 0
2024-02-26 09:18:35,103 [grpc-default-executor-3] INFO  impl.VoteContext (VoteContext.java:log(49)) - a70c1067-2103-48d8-b21c-f7bdcf327398@group-E71E972C389B-FOLLOWER: accept PRE_VOTE from 1fc8e30e-bcf6-4a54-bb04-f74c1c9f090e: our priority 0 <= candidate's priority 0
2024-02-26 09:18:35,106 [grpc-default-executor-2] INFO  server.RaftServer$Division (RaftServerImpl.java:requestVote(1422)) - f0a2b3de-ed07-43d6-bdce-9d4b8e15ed2c@group-E71E972C389B replies to PRE_VOTE vote request: 1fc8e30e-bcf6-4a54-bb04-f74c1c9f090e<-f0a2b3de-ed07-43d6-bdce-9d4b8e15ed2c#0:FAIL-t0. Peer's state: f0a2b3de-ed07-43d6-bdce-9d4b8e15ed2c@group-E71E972C389B:t0, leader=null, voted=, raftlog=Memoized:f0a2b3de-ed07-43d6-bdce-9d4b8e15ed2c@group-E71E972C389B-SegmentedRaftLog:OPENED:c-1, conf=-1: peers:[f0a2b3de-ed07-43d6-bdce-9d4b8e15ed2c|10.1.0.30:15032, a70c1067-2103-48d8-b21c-f7bdcf327398|10.1.0.30:15023, 1fc8e30e-bcf6-4a54-bb04-f74c1c9f090e|10.1.0.30:15014]|listeners:[], old=null
2024-02-26 09:18:35,106 [grpc-default-executor-3] INFO  server.RaftServer$Division (RaftServerImpl.java:requestVote(1422)) - a70c1067-2103-48d8-b21c-f7bdcf327398@group-E71E972C389B replies to PRE_VOTE vote request: 1fc8e30e-bcf6-4a54-bb04-f74c1c9f090e<-a70c1067-2103-48d8-b21c-f7bdcf327398#0:OK-t0. Peer's state: a70c1067-2103-48d8-b21c-f7bdcf327398@group-E71E972C389B:t0, leader=null, voted=, raftlog=Memoized:a70c1067-2103-48d8-b21c-f7bdcf327398@group-E71E972C389B-SegmentedRaftLog:OPENED:c-1, conf=-1: peers:[f0a2b3de-ed07-43d6-bdce-9d4b8e15ed2c|10.1.0.30:15032, a70c1067-2103-48d8-b21c-f7bdcf327398|10.1.0.30:15023, 1fc8e30e-bcf6-4a54-bb04-f74c1c9f090e|10.1.0.30:15014]|listeners:[], old=null
2024-02-26 09:18:35,109 [1fc8e30e-bcf6-4a54-bb04-f74c1c9f090e@group-E71E972C389B-LeaderElection3] INFO  impl.LeaderElection (LeaderElection.java:logAndReturn(89)) - 1fc8e30e-bcf6-4a54-bb04-f74c1c9f090e@group-E71E972C389B-LeaderElection3: PRE_VOTE REJECTED received 1 response(s) and 0 exception(s):
2024-02-26 09:18:35,109 [1fc8e30e-bcf6-4a54-bb04-f74c1c9f090e@group-E71E972C389B-LeaderElection3] INFO  impl.LeaderElection (LeaderElection.java:logAndReturn(93)) -   Response 0: 1fc8e30e-bcf6-4a54-bb04-f74c1c9f090e<-f0a2b3de-ed07-43d6-bdce-9d4b8e15ed2c#0:FAIL-t0
2024-02-26 09:18:35,109 [1fc8e30e-bcf6-4a54-bb04-f74c1c9f090e@group-E71E972C389B-LeaderElection3] INFO  impl.LeaderElection (LeaderElection.java:askForVotes(323)) - 1fc8e30e-bcf6-4a54-bb04-f74c1c9f090e@group-E71E972C389B-LeaderElection3 PRE_VOTE round 0: result REJECTED
2024-02-26 09:18:35,111 [1fc8e30e-bcf6-4a54-bb04-f74c1c9f090e@group-E71E972C389B-LeaderElection3] INFO  server.RaftServer$Division (RaftServerImpl.java:setRole(383)) - 1fc8e30e-bcf6-4a54-bb04-f74c1c9f090e@group-E71E972C389B: changes role from CANDIDATE to FOLLOWER at term 0 for REJECTED
2024-02-26 09:18:35,111 [1fc8e30e-bcf6-4a54-bb04-f74c1c9f090e@group-E71E972C389B-LeaderElection3] INFO  impl.RoleInfo (RoleInfo.java:shutdownLeaderElection(130)) - 1fc8e30e-bcf6-4a54-bb04-f74c1c9f090e: shutdown 1fc8e30e-bcf6-4a54-bb04-f74c1c9f090e@group-E71E972C389B-LeaderElection3
2024-02-26 09:18:35,111 [1fc8e30e-bcf6-4a54-bb04-f74c1c9f090e@group-E71E972C389B-LeaderElection3] INFO  impl.RoleInfo (RoleInfo.java:updateAndGet(139)) - 1fc8e30e-bcf6-4a54-bb04-f74c1c9f090e: start 1fc8e30e-bcf6-4a54-bb04-f74c1c9f090e@group-E71E972C389B-FollowerState
2024-02-26 09:18:35,111 [1fc8e30e-bcf6-4a54-bb04-f74c1c9f090e@group-E71E972C389B-LeaderElection3] INFO  server.RaftServer$Division (RaftServerImpl.java:setFirstElection(574)) - 1fc8e30e-bcf6-4a54-bb04-f74c1c9f090e@group-E71E972C389B: set firstElectionSinceStartup to false for REJECTED
2024-02-26 09:18:35,324 [f0a2b3de-ed07-43d6-bdce-9d4b8e15ed2c@group-2BCDD03A106C-FollowerState] INFO  impl.FollowerState (FollowerState.java:run(143)) - f0a2b3de-ed07-43d6-bdce-9d4b8e15ed2c@group-2BCDD03A106C-FollowerState: change to CANDIDATE, lastRpcElapsedTime:5020358109ns, electionTimeout:5016ms
2024-02-26 09:18:35,324 [f0a2b3de-ed07-43d6-bdce-9d4b8e15ed2c@group-2BCDD03A106C-FollowerState] INFO  impl.RoleInfo (RoleInfo.java:shutdownFollowerState(110)) - f0a2b3de-ed07-43d6-bdce-9d4b8e15ed2c: shutdown f0a2b3de-ed07-43d6-bdce-9d4b8e15ed2c@group-2BCDD03A106C-FollowerState
2024-02-26 09:18:35,324 [f0a2b3de-ed07-43d6-bdce-9d4b8e15ed2c@group-2BCDD03A106C-FollowerState] INFO  server.RaftServer$Division (RaftServerImpl.java:setRole(383)) - f0a2b3de-ed07-43d6-bdce-9d4b8e15ed2c@group-2BCDD03A106C: changes role from  FOLLOWER to CANDIDATE at term 0 for changeToCandidate
2024-02-26 09:18:35,324 [f0a2b3de-ed07-43d6-bdce-9d4b8e15ed2c@group-2BCDD03A106C-FollowerState] INFO  server.RaftServerConfigKeys (ConfUtils.java:logGet(46)) - raft.server.leaderelection.pre-vote = true (default)
2024-02-26 09:18:35,324 [f0a2b3de-ed07-43d6-bdce-9d4b8e15ed2c@group-2BCDD03A106C-FollowerState] INFO  impl.RoleInfo (RoleInfo.java:updateAndGet(139)) - f0a2b3de-ed07-43d6-bdce-9d4b8e15ed2c: start f0a2b3de-ed07-43d6-bdce-9d4b8e15ed2c@group-2BCDD03A106C-LeaderElection4
2024-02-26 09:18:35,326 [f0a2b3de-ed07-43d6-bdce-9d4b8e15ed2c@group-2BCDD03A106C-LeaderElection4] INFO  impl.LeaderElection (LeaderElection.java:askForVotes(321)) - f0a2b3de-ed07-43d6-bdce-9d4b8e15ed2c@group-2BCDD03A106C-LeaderElection4 PRE_VOTE round 0: submit vote requests at term 0 for -1: peers:[f0a2b3de-ed07-43d6-bdce-9d4b8e15ed2c|10.1.0.30:15032]|listeners:[], old=null
2024-02-26 09:18:35,326 [f0a2b3de-ed07-43d6-bdce-9d4b8e15ed2c@group-2BCDD03A106C-LeaderElection4] INFO  impl.LeaderElection (LeaderElection.java:askForVotes(323)) - f0a2b3de-ed07-43d6-bdce-9d4b8e15ed2c@group-2BCDD03A106C-LeaderElection4 PRE_VOTE round 0: result PASSED (term=0)
2024-02-26 09:18:35,327 [f0a2b3de-ed07-43d6-bdce-9d4b8e15ed2c@group-2BCDD03A106C-LeaderElection4] INFO  impl.LeaderElection (LeaderElection.java:askForVotes(321)) - f0a2b3de-ed07-43d6-bdce-9d4b8e15ed2c@group-2BCDD03A106C-LeaderElection4 ELECTION round 0: submit vote requests at term 1 for -1: peers:[f0a2b3de-ed07-43d6-bdce-9d4b8e15ed2c|10.1.0.30:15032]|listeners:[], old=null
2024-02-26 09:18:35,327 [f0a2b3de-ed07-43d6-bdce-9d4b8e15ed2c@group-2BCDD03A106C-LeaderElection4] INFO  impl.LeaderElection (LeaderElection.java:askForVotes(323)) - f0a2b3de-ed07-43d6-bdce-9d4b8e15ed2c@group-2BCDD03A106C-LeaderElection4 ELECTION round 0: result PASSED (term=1)
2024-02-26 09:18:35,327 [f0a2b3de-ed07-43d6-bdce-9d4b8e15ed2c@group-2BCDD03A106C-LeaderElection4] INFO  impl.RoleInfo (RoleInfo.java:shutdownLeaderElection(130)) - f0a2b3de-ed07-43d6-bdce-9d4b8e15ed2c: shutdown f0a2b3de-ed07-43d6-bdce-9d4b8e15ed2c@group-2BCDD03A106C-LeaderElection4
2024-02-26 09:18:35,327 [f0a2b3de-ed07-43d6-bdce-9d4b8e15ed2c@group-2BCDD03A106C-LeaderElection4] INFO  server.RaftServer$Division (RaftServerImpl.java:setRole(383)) - f0a2b3de-ed07-43d6-bdce-9d4b8e15ed2c@group-2BCDD03A106C: changes role from CANDIDATE to LEADER at term 1 for changeToLeader
2024-02-26 09:18:35,327 [f0a2b3de-ed07-43d6-bdce-9d4b8e15ed2c@group-2BCDD03A106C-LeaderElection4] INFO  server.RaftServerConfigKeys (ConfUtils.java:logGet(46)) - raft.server.staging.catchup.gap = 1000 (default)
2024-02-26 09:18:35,327 [f0a2b3de-ed07-43d6-bdce-9d4b8e15ed2c@group-2BCDD03A106C-LeaderElection4] INFO  server.RaftServerConfigKeys (ConfUtils.java:logGet(46)) - raft.server.write.element-limit = 1024 (custom)
2024-02-26 09:18:35,328 [f0a2b3de-ed07-43d6-bdce-9d4b8e15ed2c@group-2BCDD03A106C-LeaderElection4] INFO  server.RaftServerConfigKeys (ConfUtils.java:logGet(46)) - raft.server.write.byte-limit = 1024 M (=1073741824) (custom)
2024-02-26 09:18:35,328 [f0a2b3de-ed07-43d6-bdce-9d4b8e15ed2c@group-2BCDD03A106C-LeaderElection4] INFO  server.RaftServerConfigKeys (ConfUtils.java:logGet(46)) - raft.server.watch.timeout = 180s (custom)
2024-02-26 09:18:35,328 [f0a2b3de-ed07-43d6-bdce-9d4b8e15ed2c@group-2BCDD03A106C-LeaderElection4] INFO  server.RaftServerConfigKeys (ConfUtils.java:logGet(46)) - raft.server.watch.timeout.denomination = 1s (default)
2024-02-26 09:18:35,328 [f0a2b3de-ed07-43d6-bdce-9d4b8e15ed2c@group-2BCDD03A106C-LeaderElection4] INFO  server.RaftServerConfigKeys (ConfUtils.java:logGet(46)) - raft.server.watch.element-limit = 65536 (default)
2024-02-26 09:18:35,328 [f0a2b3de-ed07-43d6-bdce-9d4b8e15ed2c@group-2BCDD03A106C-LeaderElection4] INFO  server.RaftServerConfigKeys (ConfUtils.java:logGet(46)) - raft.server.read.leader.lease.enabled = false (default)
2024-02-26 09:18:35,328 [f0a2b3de-ed07-43d6-bdce-9d4b8e15ed2c@group-2BCDD03A106C-LeaderElection4] INFO  server.RaftServerConfigKeys (ConfUtils.java:logGet(46)) - raft.server.read.leader.lease.timeout.ratio = 0.9 (default)
2024-02-26 09:18:35,328 [f0a2b3de-ed07-43d6-bdce-9d4b8e15ed2c@group-2BCDD03A106C-LeaderElection4] INFO  server.RaftServerConfigKeys (ConfUtils.java:logGet(46)) - raft.server.rpc.timeout.min = 5s (custom)
2024-02-26 09:18:35,328 [f0a2b3de-ed07-43d6-bdce-9d4b8e15ed2c@group-2BCDD03A106C-LeaderElection4] INFO  server.RaftServerConfigKeys (ConfUtils.java:logGet(46)) - raft.server.write.element-limit = 1024 (custom)
2024-02-26 09:18:35,328 [f0a2b3de-ed07-43d6-bdce-9d4b8e15ed2c@group-2BCDD03A106C-LeaderElection4] INFO  server.RaftServerConfigKeys (ConfUtils.java:logGet(46)) - raft.server.write.follower.gap.ratio.max = -1.0 (default)
2024-02-26 09:18:35,329 [f0a2b3de-ed07-43d6-bdce-9d4b8e15ed2c@group-2BCDD03A106C-LeaderElection4] INFO  impl.RoleInfo (RoleInfo.java:updateAndGet(139)) - f0a2b3de-ed07-43d6-bdce-9d4b8e15ed2c: start f0a2b3de-ed07-43d6-bdce-9d4b8e15ed2c@group-2BCDD03A106C-LeaderStateImpl
2024-02-26 09:18:35,329 [f0a2b3de-ed07-43d6-bdce-9d4b8e15ed2c@group-2BCDD03A106C-LeaderElection4] INFO  server.RaftServer$Division (RaftServerImpl.java:setFirstElection(574)) - f0a2b3de-ed07-43d6-bdce-9d4b8e15ed2c@group-2BCDD03A106C: set firstElectionSinceStartup to false for becomeLeader
2024-02-26 09:18:35,329 [f0a2b3de-ed07-43d6-bdce-9d4b8e15ed2c@group-2BCDD03A106C-LeaderElection4] INFO  ratis.XceiverServerRatis (XceiverServerRatis.java:handleLeaderChangedNotification(966)) - Leader change notification received for group: group-2BCDD03A106C with new leaderId: f0a2b3de-ed07-43d6-bdce-9d4b8e15ed2c
2024-02-26 09:18:35,329 [f0a2b3de-ed07-43d6-bdce-9d4b8e15ed2c@group-2BCDD03A106C-LeaderElection4] INFO  server.RaftServer$Division (ServerState.java:setLeader(269)) - f0a2b3de-ed07-43d6-bdce-9d4b8e15ed2c@group-2BCDD03A106C: change Leader from null to f0a2b3de-ed07-43d6-bdce-9d4b8e15ed2c at term 1 for becomeLeader, leader elected after 5119ms
2024-02-26 09:18:35,329 [f0a2b3de-ed07-43d6-bdce-9d4b8e15ed2c@group-2BCDD03A106C-LeaderElection4] INFO  segmented.SegmentedRaftLogWorker (SegmentedRaftLogWorker.java:startLogSegment(430)) - f0a2b3de-ed07-43d6-bdce-9d4b8e15ed2c@group-2BCDD03A106C-SegmentedRaftLogWorker: Starting segment from index:0
2024-02-26 09:18:35,329 [f0a2b3de-ed07-43d6-bdce-9d4b8e15ed2c@group-2BCDD03A106C-SegmentedRaftLogWorker] INFO  segmented.BufferedWriteChannel (BufferedWriteChannel.java:open(62)) - open log_inprogress_0 at position 0
2024-02-26 09:18:35,332 [EventQueue-OpenPipelineForHealthyPipelineSafeModeRule] INFO  safemode.SCMSafeModeManager (HealthyPipelineSafeModeRule.java:process(140)) - SCM in safe mode. Healthy pipelines reported count is 0, required healthy pipeline reported count is 1
2024-02-26 09:18:35,334 [f0a2b3de-ed07-43d6-bdce-9d4b8e15ed2c@group-2BCDD03A106C-LeaderElection4] INFO  server.RaftServer$Division (ServerState.java:setRaftConf(386)) - f0a2b3de-ed07-43d6-bdce-9d4b8e15ed2c@group-2BCDD03A106C: set configuration 0: peers:[f0a2b3de-ed07-43d6-bdce-9d4b8e15ed2c|10.1.0.30:15032]|listeners:[], old=null
2024-02-26 09:18:35,337 [f0a2b3de-ed07-43d6-bdce-9d4b8e15ed2c@group-2BCDD03A106C-SegmentedRaftLogWorker] INFO  segmented.SegmentedRaftLogWorker (SegmentedRaftLogWorker.java:execute(634)) - f0a2b3de-ed07-43d6-bdce-9d4b8e15ed2c@group-2BCDD03A106C-SegmentedRaftLogWorker: created new log segment /home/runner/work/ozone/ozone/hadoop-ozone/integration-test/target/test-dir/MiniOzoneClusterImpl-0d79f430-b8c0-477e-97b7-98e50d733022/ozone-meta/datanode-3/ratis/6895a23e-29dd-40cb-ae31-2bcdd03a106c/current/log_inprogress_0
2024-02-26 09:18:35,339 [f0a2b3de-ed07-43d6-bdce-9d4b8e15ed2c@group-2BCDD03A106C-StateMachineUpdater] INFO  server.RaftServer$Division (LeaderStateImpl.java:isApplied(320)) - leader is ready since appliedIndex == 0 >= startIndex == 0
2024-02-26 09:18:35,360 [a70c1067-2103-48d8-b21c-f7bdcf327398@group-43B6AC2D0D89-FollowerState] INFO  impl.FollowerState (FollowerState.java:run(143)) - a70c1067-2103-48d8-b21c-f7bdcf327398@group-43B6AC2D0D89-FollowerState: change to CANDIDATE, lastRpcElapsedTime:5141635315ns, electionTimeout:5101ms
2024-02-26 09:18:35,360 [a70c1067-2103-48d8-b21c-f7bdcf327398@group-43B6AC2D0D89-FollowerState] INFO  impl.RoleInfo (RoleInfo.java:shutdownFollowerState(110)) - a70c1067-2103-48d8-b21c-f7bdcf327398: shutdown a70c1067-2103-48d8-b21c-f7bdcf327398@group-43B6AC2D0D89-FollowerState
2024-02-26 09:18:35,361 [a70c1067-2103-48d8-b21c-f7bdcf327398@group-43B6AC2D0D89-FollowerState] INFO  server.RaftServer$Division (RaftServerImpl.java:setRole(383)) - a70c1067-2103-48d8-b21c-f7bdcf327398@group-43B6AC2D0D89: changes role from  FOLLOWER to CANDIDATE at term 0 for changeToCandidate
2024-02-26 09:18:35,361 [a70c1067-2103-48d8-b21c-f7bdcf327398@group-43B6AC2D0D89-FollowerState] INFO  server.RaftServerConfigKeys (ConfUtils.java:logGet(46)) - raft.server.leaderelection.pre-vote = true (default)
2024-02-26 09:18:35,361 [a70c1067-2103-48d8-b21c-f7bdcf327398@group-43B6AC2D0D89-FollowerState] INFO  impl.RoleInfo (RoleInfo.java:updateAndGet(139)) - a70c1067-2103-48d8-b21c-f7bdcf327398: start a70c1067-2103-48d8-b21c-f7bdcf327398@group-43B6AC2D0D89-LeaderElection5
2024-02-26 09:18:35,362 [a70c1067-2103-48d8-b21c-f7bdcf327398@group-43B6AC2D0D89-LeaderElection5] INFO  impl.LeaderElection (LeaderElection.java:askForVotes(321)) - a70c1067-2103-48d8-b21c-f7bdcf327398@group-43B6AC2D0D89-LeaderElection5 PRE_VOTE round 0: submit vote requests at term 0 for -1: peers:[a70c1067-2103-48d8-b21c-f7bdcf327398|10.1.0.30:15023]|listeners:[], old=null
2024-02-26 09:18:35,363 [a70c1067-2103-48d8-b21c-f7bdcf327398@group-43B6AC2D0D89-LeaderElection5] INFO  impl.LeaderElection (LeaderElection.java:askForVotes(323)) - a70c1067-2103-48d8-b21c-f7bdcf327398@group-43B6AC2D0D89-LeaderElection5 PRE_VOTE round 0: result PASSED (term=0)
2024-02-26 09:18:35,364 [a70c1067-2103-48d8-b21c-f7bdcf327398@group-43B6AC2D0D89-LeaderElection5] INFO  impl.LeaderElection (LeaderElection.java:askForVotes(321)) - a70c1067-2103-48d8-b21c-f7bdcf327398@group-43B6AC2D0D89-LeaderElection5 ELECTION round 0: submit vote requests at term 1 for -1: peers:[a70c1067-2103-48d8-b21c-f7bdcf327398|10.1.0.30:15023]|listeners:[], old=null
2024-02-26 09:18:35,364 [a70c1067-2103-48d8-b21c-f7bdcf327398@group-43B6AC2D0D89-LeaderElection5] INFO  impl.LeaderElection (LeaderElection.java:askForVotes(323)) - a70c1067-2103-48d8-b21c-f7bdcf327398@group-43B6AC2D0D89-LeaderElection5 ELECTION round 0: result PASSED (term=1)
2024-02-26 09:18:35,364 [a70c1067-2103-48d8-b21c-f7bdcf327398@group-43B6AC2D0D89-LeaderElection5] INFO  impl.RoleInfo (RoleInfo.java:shutdownLeaderElection(130)) - a70c1067-2103-48d8-b21c-f7bdcf327398: shutdown a70c1067-2103-48d8-b21c-f7bdcf327398@group-43B6AC2D0D89-LeaderElection5
2024-02-26 09:18:35,364 [a70c1067-2103-48d8-b21c-f7bdcf327398@group-43B6AC2D0D89-LeaderElection5] INFO  server.RaftServer$Division (RaftServerImpl.java:setRole(383)) - a70c1067-2103-48d8-b21c-f7bdcf327398@group-43B6AC2D0D89: changes role from CANDIDATE to LEADER at term 1 for changeToLeader
2024-02-26 09:18:35,364 [a70c1067-2103-48d8-b21c-f7bdcf327398@group-43B6AC2D0D89-LeaderElection5] INFO  server.RaftServerConfigKeys (ConfUtils.java:logGet(46)) - raft.server.staging.catchup.gap = 1000 (default)
2024-02-26 09:18:35,364 [a70c1067-2103-48d8-b21c-f7bdcf327398@group-43B6AC2D0D89-LeaderElection5] INFO  server.RaftServerConfigKeys (ConfUtils.java:logGet(46)) - raft.server.write.element-limit = 1024 (custom)
2024-02-26 09:18:35,364 [a70c1067-2103-48d8-b21c-f7bdcf327398@group-43B6AC2D0D89-LeaderElection5] INFO  server.RaftServerConfigKeys (ConfUtils.java:logGet(46)) - raft.server.write.byte-limit = 1024 M (=1073741824) (custom)
2024-02-26 09:18:35,365 [a70c1067-2103-48d8-b21c-f7bdcf327398@group-43B6AC2D0D89-LeaderElection5] INFO  server.RaftServerConfigKeys (ConfUtils.java:logGet(46)) - raft.server.watch.timeout = 180s (custom)
2024-02-26 09:18:35,365 [a70c1067-2103-48d8-b21c-f7bdcf327398@group-43B6AC2D0D89-LeaderElection5] INFO  server.RaftServerConfigKeys (ConfUtils.java:logGet(46)) - raft.server.watch.timeout.denomination = 1s (default)
2024-02-26 09:18:35,365 [a70c1067-2103-48d8-b21c-f7bdcf327398@group-43B6AC2D0D89-LeaderElection5] INFO  server.RaftServerConfigKeys (ConfUtils.java:logGet(46)) - raft.server.watch.element-limit = 65536 (default)
2024-02-26 09:18:35,365 [a70c1067-2103-48d8-b21c-f7bdcf327398@group-43B6AC2D0D89-LeaderElection5] INFO  server.RaftServerConfigKeys (ConfUtils.java:logGet(46)) - raft.server.read.leader.lease.enabled = false (default)
2024-02-26 09:18:35,365 [a70c1067-2103-48d8-b21c-f7bdcf327398@group-43B6AC2D0D89-LeaderElection5] INFO  server.RaftServerConfigKeys (ConfUtils.java:logGet(46)) - raft.server.read.leader.lease.timeout.ratio = 0.9 (default)
2024-02-26 09:18:35,365 [a70c1067-2103-48d8-b21c-f7bdcf327398@group-43B6AC2D0D89-LeaderElection5] INFO  server.RaftServerConfigKeys (ConfUtils.java:logGet(46)) - raft.server.rpc.timeout.min = 5s (custom)
2024-02-26 09:18:35,365 [a70c1067-2103-48d8-b21c-f7bdcf327398@group-43B6AC2D0D89-LeaderElection5] INFO  server.RaftServerConfigKeys (ConfUtils.java:logGet(46)) - raft.server.write.element-limit = 1024 (custom)
2024-02-26 09:18:35,365 [a70c1067-2103-48d8-b21c-f7bdcf327398@group-43B6AC2D0D89-LeaderElection5] INFO  server.RaftServerConfigKeys (ConfUtils.java:logGet(46)) - raft.server.write.follower.gap.ratio.max = -1.0 (default)
2024-02-26 09:18:35,366 [a70c1067-2103-48d8-b21c-f7bdcf327398@group-43B6AC2D0D89-LeaderElection5] INFO  impl.RoleInfo (RoleInfo.java:updateAndGet(139)) - a70c1067-2103-48d8-b21c-f7bdcf327398: start a70c1067-2103-48d8-b21c-f7bdcf327398@group-43B6AC2D0D89-LeaderStateImpl
2024-02-26 09:18:35,366 [a70c1067-2103-48d8-b21c-f7bdcf327398@group-43B6AC2D0D89-LeaderElection5] INFO  server.RaftServer$Division (RaftServerImpl.java:setFirstElection(574)) - a70c1067-2103-48d8-b21c-f7bdcf327398@group-43B6AC2D0D89: set firstElectionSinceStartup to false for becomeLeader
2024-02-26 09:18:35,366 [a70c1067-2103-48d8-b21c-f7bdcf327398@group-43B6AC2D0D89-LeaderElection5] INFO  ratis.XceiverServerRatis (XceiverServerRatis.java:handleLeaderChangedNotification(966)) - Leader change notification received for group: group-43B6AC2D0D89 with new leaderId: a70c1067-2103-48d8-b21c-f7bdcf327398
2024-02-26 09:18:35,366 [a70c1067-2103-48d8-b21c-f7bdcf327398@group-43B6AC2D0D89-LeaderElection5] INFO  server.RaftServer$Division (ServerState.java:setLeader(269)) - a70c1067-2103-48d8-b21c-f7bdcf327398@group-43B6AC2D0D89: change Leader from null to a70c1067-2103-48d8-b21c-f7bdcf327398 at term 1 for becomeLeader, leader elected after 5300ms
2024-02-26 09:18:35,366 [a70c1067-2103-48d8-b21c-f7bdcf327398@group-43B6AC2D0D89-LeaderElection5] INFO  segmented.SegmentedRaftLogWorker (SegmentedRaftLogWorker.java:startLogSegment(430)) - a70c1067-2103-48d8-b21c-f7bdcf327398@group-43B6AC2D0D89-SegmentedRaftLogWorker: Starting segment from index:0
2024-02-26 09:18:35,366 [a70c1067-2103-48d8-b21c-f7bdcf327398@group-43B6AC2D0D89-SegmentedRaftLogWorker] INFO  segmented.BufferedWriteChannel (BufferedWriteChannel.java:open(62)) - open log_inprogress_0 at position 0
2024-02-26 09:18:35,367 [EventQueue-OpenPipelineForHealthyPipelineSafeModeRule] INFO  safemode.SCMSafeModeManager (HealthyPipelineSafeModeRule.java:process(140)) - SCM in safe mode. Healthy pipelines reported count is 0, required healthy pipeline reported count is 1
2024-02-26 09:18:35,370 [a70c1067-2103-48d8-b21c-f7bdcf327398@group-43B6AC2D0D89-LeaderElection5] INFO  server.RaftServer$Division (ServerState.java:setRaftConf(386)) - a70c1067-2103-48d8-b21c-f7bdcf327398@group-43B6AC2D0D89: set configuration 0: peers:[a70c1067-2103-48d8-b21c-f7bdcf327398|10.1.0.30:15023]|listeners:[], old=null
2024-02-26 09:18:35,373 [a70c1067-2103-48d8-b21c-f7bdcf327398@group-43B6AC2D0D89-SegmentedRaftLogWorker] INFO  segmented.SegmentedRaftLogWorker (SegmentedRaftLogWorker.java:execute(634)) - a70c1067-2103-48d8-b21c-f7bdcf327398@group-43B6AC2D0D89-SegmentedRaftLogWorker: created new log segment /home/runner/work/ozone/ozone/hadoop-ozone/integration-test/target/test-dir/MiniOzoneClusterImpl-0d79f430-b8c0-477e-97b7-98e50d733022/ozone-meta/datanode-2/ratis/a2a4d12c-48bc-48d6-934f-43b6ac2d0d89/current/log_inprogress_0
2024-02-26 09:18:35,375 [a70c1067-2103-48d8-b21c-f7bdcf327398@group-43B6AC2D0D89-StateMachineUpdater] INFO  server.RaftServer$Division (LeaderStateImpl.java:isApplied(320)) - leader is ready since appliedIndex == 0 >= startIndex == 0
2024-02-26 09:18:35,500 [f0a2b3de-ed07-43d6-bdce-9d4b8e15ed2c@group-E71E972C389B-FollowerState] INFO  impl.FollowerState (FollowerState.java:run(143)) - f0a2b3de-ed07-43d6-bdce-9d4b8e15ed2c@group-E71E972C389B-FollowerState: change to CANDIDATE, lastRpcElapsedTime:5122667347ns, electionTimeout:5111ms
2024-02-26 09:18:35,500 [f0a2b3de-ed07-43d6-bdce-9d4b8e15ed2c@group-E71E972C389B-FollowerState] INFO  impl.RoleInfo (RoleInfo.java:shutdownFollowerState(110)) - f0a2b3de-ed07-43d6-bdce-9d4b8e15ed2c: shutdown f0a2b3de-ed07-43d6-bdce-9d4b8e15ed2c@group-E71E972C389B-FollowerState
2024-02-26 09:18:35,500 [f0a2b3de-ed07-43d6-bdce-9d4b8e15ed2c@group-E71E972C389B-FollowerState] INFO  server.RaftServer$Division (RaftServerImpl.java:setRole(383)) - f0a2b3de-ed07-43d6-bdce-9d4b8e15ed2c@group-E71E972C389B: changes role from  FOLLOWER to CANDIDATE at term 0 for changeToCandidate
2024-02-26 09:18:35,500 [f0a2b3de-ed07-43d6-bdce-9d4b8e15ed2c@group-E71E972C389B-FollowerState] INFO  server.RaftServerConfigKeys (ConfUtils.java:logGet(46)) - raft.server.leaderelection.pre-vote = true (default)
2024-02-26 09:18:35,501 [f0a2b3de-ed07-43d6-bdce-9d4b8e15ed2c@group-E71E972C389B-FollowerState] INFO  impl.RoleInfo (RoleInfo.java:updateAndGet(139)) - f0a2b3de-ed07-43d6-bdce-9d4b8e15ed2c: start f0a2b3de-ed07-43d6-bdce-9d4b8e15ed2c@group-E71E972C389B-LeaderElection6
2024-02-26 09:18:35,502 [f0a2b3de-ed07-43d6-bdce-9d4b8e15ed2c@group-E71E972C389B-LeaderElection6] INFO  impl.LeaderElection (LeaderElection.java:askForVotes(321)) - f0a2b3de-ed07-43d6-bdce-9d4b8e15ed2c@group-E71E972C389B-LeaderElection6 PRE_VOTE round 0: submit vote requests at term 0 for -1: peers:[f0a2b3de-ed07-43d6-bdce-9d4b8e15ed2c|10.1.0.30:15032, a70c1067-2103-48d8-b21c-f7bdcf327398|10.1.0.30:15023, 1fc8e30e-bcf6-4a54-bb04-f74c1c9f090e|10.1.0.30:15014]|listeners:[], old=null
2024-02-26 09:18:35,502 [f0a2b3de-ed07-43d6-bdce-9d4b8e15ed2c@group-E71E972C389B-LeaderElection6-1] INFO  server.GrpcServerProtocolClient (GrpcServerProtocolClient.java:<init>(65)) - Build channel for a70c1067-2103-48d8-b21c-f7bdcf327398|10.1.0.30:15023
2024-02-26 09:18:35,502 [f0a2b3de-ed07-43d6-bdce-9d4b8e15ed2c@group-E71E972C389B-LeaderElection6-2] INFO  server.GrpcServerProtocolClient (GrpcServerProtocolClient.java:<init>(65)) - Build channel for 1fc8e30e-bcf6-4a54-bb04-f74c1c9f090e|10.1.0.30:15014
2024-02-26 09:18:35,502 [f0a2b3de-ed07-43d6-bdce-9d4b8e15ed2c@group-E71E972C389B-LeaderElection6] INFO  server.RaftServerConfigKeys (ConfUtils.java:logFallback(53)) - raft.server.rpc.first-election.timeout.min = 5s (fallback to raft.server.rpc.timeout.min)
2024-02-26 09:18:35,502 [f0a2b3de-ed07-43d6-bdce-9d4b8e15ed2c@group-E71E972C389B-LeaderElection6] INFO  server.RaftServerConfigKeys (ConfUtils.java:logFallback(53)) - raft.server.rpc.first-election.timeout.max = 5200ms (fallback to raft.server.rpc.timeout.max)
2024-02-26 09:18:35,508 [grpc-default-executor-3] INFO  server.RaftServer$Division (RaftServerImpl.java:requestVote(1389)) - 1fc8e30e-bcf6-4a54-bb04-f74c1c9f090e@group-E71E972C389B: receive requestVote(PRE_VOTE, f0a2b3de-ed07-43d6-bdce-9d4b8e15ed2c, group-E71E972C389B, 0, (t:0, i:0))
2024-02-26 09:18:35,508 [grpc-default-executor-3] INFO  impl.VoteContext (VoteContext.java:log(49)) - 1fc8e30e-bcf6-4a54-bb04-f74c1c9f090e@group-E71E972C389B-FOLLOWER: accept PRE_VOTE from f0a2b3de-ed07-43d6-bdce-9d4b8e15ed2c: our priority 0 <= candidate's priority 1
2024-02-26 09:18:35,508 [grpc-default-executor-3] INFO  server.RaftServer$Division (RaftServerImpl.java:requestVote(1422)) - 1fc8e30e-bcf6-4a54-bb04-f74c1c9f090e@group-E71E972C389B replies to PRE_VOTE vote request: f0a2b3de-ed07-43d6-bdce-9d4b8e15ed2c<-1fc8e30e-bcf6-4a54-bb04-f74c1c9f090e#0:OK-t0. Peer's state: 1fc8e30e-bcf6-4a54-bb04-f74c1c9f090e@group-E71E972C389B:t0, leader=null, voted=, raftlog=Memoized:1fc8e30e-bcf6-4a54-bb04-f74c1c9f090e@group-E71E972C389B-SegmentedRaftLog:OPENED:c-1, conf=-1: peers:[f0a2b3de-ed07-43d6-bdce-9d4b8e15ed2c|10.1.0.30:15032, a70c1067-2103-48d8-b21c-f7bdcf327398|10.1.0.30:15023, 1fc8e30e-bcf6-4a54-bb04-f74c1c9f090e|10.1.0.30:15014]|listeners:[], old=null
2024-02-26 09:18:35,509 [grpc-default-executor-2] INFO  server.RaftServer$Division (RaftServerImpl.java:requestVote(1389)) - a70c1067-2103-48d8-b21c-f7bdcf327398@group-E71E972C389B: receive requestVote(PRE_VOTE, f0a2b3de-ed07-43d6-bdce-9d4b8e15ed2c, group-E71E972C389B, 0, (t:0, i:0))
2024-02-26 09:18:35,510 [grpc-default-executor-2] INFO  impl.VoteContext (VoteContext.java:log(49)) - a70c1067-2103-48d8-b21c-f7bdcf327398@group-E71E972C389B-FOLLOWER: accept PRE_VOTE from f0a2b3de-ed07-43d6-bdce-9d4b8e15ed2c: our priority 0 <= candidate's priority 1
2024-02-26 09:18:35,510 [grpc-default-executor-2] INFO  server.RaftServer$Division (RaftServerImpl.java:requestVote(1422)) - a70c1067-2103-48d8-b21c-f7bdcf327398@group-E71E972C389B replies to PRE_VOTE vote request: f0a2b3de-ed07-43d6-bdce-9d4b8e15ed2c<-a70c1067-2103-48d8-b21c-f7bdcf327398#0:OK-t0. Peer's state: a70c1067-2103-48d8-b21c-f7bdcf327398@group-E71E972C389B:t0, leader=null, voted=, raftlog=Memoized:a70c1067-2103-48d8-b21c-f7bdcf327398@group-E71E972C389B-SegmentedRaftLog:OPENED:c-1, conf=-1: peers:[f0a2b3de-ed07-43d6-bdce-9d4b8e15ed2c|10.1.0.30:15032, a70c1067-2103-48d8-b21c-f7bdcf327398|10.1.0.30:15023, 1fc8e30e-bcf6-4a54-bb04-f74c1c9f090e|10.1.0.30:15014]|listeners:[], old=null
2024-02-26 09:18:35,512 [f0a2b3de-ed07-43d6-bdce-9d4b8e15ed2c@group-E71E972C389B-LeaderElection6] INFO  impl.LeaderElection (LeaderElection.java:logAndReturn(89)) - f0a2b3de-ed07-43d6-bdce-9d4b8e15ed2c@group-E71E972C389B-LeaderElection6: PRE_VOTE PASSED received 1 response(s) and 0 exception(s):
2024-02-26 09:18:35,512 [f0a2b3de-ed07-43d6-bdce-9d4b8e15ed2c@group-E71E972C389B-LeaderElection6] INFO  impl.LeaderElection (LeaderElection.java:logAndReturn(93)) -   Response 0: f0a2b3de-ed07-43d6-bdce-9d4b8e15ed2c<-1fc8e30e-bcf6-4a54-bb04-f74c1c9f090e#0:OK-t0
2024-02-26 09:18:35,512 [f0a2b3de-ed07-43d6-bdce-9d4b8e15ed2c@group-E71E972C389B-LeaderElection6] INFO  impl.LeaderElection (LeaderElection.java:askForVotes(323)) - f0a2b3de-ed07-43d6-bdce-9d4b8e15ed2c@group-E71E972C389B-LeaderElection6 PRE_VOTE round 0: result PASSED
2024-02-26 09:18:35,513 [f0a2b3de-ed07-43d6-bdce-9d4b8e15ed2c@group-E71E972C389B-LeaderElection6] INFO  impl.LeaderElection (LeaderElection.java:askForVotes(321)) - f0a2b3de-ed07-43d6-bdce-9d4b8e15ed2c@group-E71E972C389B-LeaderElection6 ELECTION round 0: submit vote requests at term 1 for -1: peers:[f0a2b3de-ed07-43d6-bdce-9d4b8e15ed2c|10.1.0.30:15032, a70c1067-2103-48d8-b21c-f7bdcf327398|10.1.0.30:15023, 1fc8e30e-bcf6-4a54-bb04-f74c1c9f090e|10.1.0.30:15014]|listeners:[], old=null
2024-02-26 09:18:35,516 [f0a2b3de-ed07-43d6-bdce-9d4b8e15ed2c@group-E71E972C389B-LeaderElection6] INFO  server.RaftServerConfigKeys (ConfUtils.java:logFallback(53)) - raft.server.rpc.first-election.timeout.min = 5s (fallback to raft.server.rpc.timeout.min)
2024-02-26 09:18:35,516 [f0a2b3de-ed07-43d6-bdce-9d4b8e15ed2c@group-E71E972C389B-LeaderElection6] INFO  server.RaftServerConfigKeys (ConfUtils.java:logFallback(53)) - raft.server.rpc.first-election.timeout.max = 5200ms (fallback to raft.server.rpc.timeout.max)
2024-02-26 09:18:35,520 [grpc-default-executor-2] INFO  server.RaftServer$Division (RaftServerImpl.java:requestVote(1389)) - a70c1067-2103-48d8-b21c-f7bdcf327398@group-E71E972C389B: receive requestVote(ELECTION, f0a2b3de-ed07-43d6-bdce-9d4b8e15ed2c, group-E71E972C389B, 1, (t:0, i:0))
2024-02-26 09:18:35,520 [grpc-default-executor-3] INFO  server.RaftServer$Division (RaftServerImpl.java:requestVote(1389)) - 1fc8e30e-bcf6-4a54-bb04-f74c1c9f090e@group-E71E972C389B: receive requestVote(ELECTION, f0a2b3de-ed07-43d6-bdce-9d4b8e15ed2c, group-E71E972C389B, 1, (t:0, i:0))
2024-02-26 09:18:35,520 [grpc-default-executor-3] INFO  impl.VoteContext (VoteContext.java:log(49)) - 1fc8e30e-bcf6-4a54-bb04-f74c1c9f090e@group-E71E972C389B-FOLLOWER: accept ELECTION from f0a2b3de-ed07-43d6-bdce-9d4b8e15ed2c: our priority 0 <= candidate's priority 1
2024-02-26 09:18:35,520 [grpc-default-executor-3] INFO  server.RaftServer$Division (RaftServerImpl.java:setRole(383)) - 1fc8e30e-bcf6-4a54-bb04-f74c1c9f090e@group-E71E972C389B: changes role from  FOLLOWER to FOLLOWER at term 1 for candidate:f0a2b3de-ed07-43d6-bdce-9d4b8e15ed2c
2024-02-26 09:18:35,520 [grpc-default-executor-3] INFO  impl.RoleInfo (RoleInfo.java:shutdownFollowerState(110)) - 1fc8e30e-bcf6-4a54-bb04-f74c1c9f090e: shutdown 1fc8e30e-bcf6-4a54-bb04-f74c1c9f090e@group-E71E972C389B-FollowerState
2024-02-26 09:18:35,521 [grpc-default-executor-3] INFO  impl.RoleInfo (RoleInfo.java:updateAndGet(139)) - 1fc8e30e-bcf6-4a54-bb04-f74c1c9f090e: start 1fc8e30e-bcf6-4a54-bb04-f74c1c9f090e@group-E71E972C389B-FollowerState
2024-02-26 09:18:35,521 [1fc8e30e-bcf6-4a54-bb04-f74c1c9f090e@group-E71E972C389B-FollowerState] INFO  impl.FollowerState (FollowerState.java:run(152)) - 1fc8e30e-bcf6-4a54-bb04-f74c1c9f090e@group-E71E972C389B-FollowerState was interrupted
2024-02-26 09:18:35,520 [grpc-default-executor-2] INFO  impl.VoteContext (VoteContext.java:log(49)) - a70c1067-2103-48d8-b21c-f7bdcf327398@group-E71E972C389B-FOLLOWER: accept ELECTION from f0a2b3de-ed07-43d6-bdce-9d4b8e15ed2c: our priority 0 <= candidate's priority 1
2024-02-26 09:18:35,521 [grpc-default-executor-2] INFO  server.RaftServer$Division (RaftServerImpl.java:setRole(383)) - a70c1067-2103-48d8-b21c-f7bdcf327398@group-E71E972C389B: changes role from  FOLLOWER to FOLLOWER at term 1 for candidate:f0a2b3de-ed07-43d6-bdce-9d4b8e15ed2c
2024-02-26 09:18:35,521 [grpc-default-executor-2] INFO  impl.RoleInfo (RoleInfo.java:shutdownFollowerState(110)) - a70c1067-2103-48d8-b21c-f7bdcf327398: shutdown a70c1067-2103-48d8-b21c-f7bdcf327398@group-E71E972C389B-FollowerState
2024-02-26 09:18:35,521 [grpc-default-executor-2] INFO  impl.RoleInfo (RoleInfo.java:updateAndGet(139)) - a70c1067-2103-48d8-b21c-f7bdcf327398: start a70c1067-2103-48d8-b21c-f7bdcf327398@group-E71E972C389B-FollowerState
2024-02-26 09:18:35,521 [a70c1067-2103-48d8-b21c-f7bdcf327398@group-E71E972C389B-FollowerState] INFO  impl.FollowerState (FollowerState.java:run(152)) - a70c1067-2103-48d8-b21c-f7bdcf327398@group-E71E972C389B-FollowerState was interrupted
2024-02-26 09:18:35,521 [grpc-default-executor-2] INFO  server.RaftServer$Division (RaftServerImpl.java:setFirstElection(574)) - a70c1067-2103-48d8-b21c-f7bdcf327398@group-E71E972C389B: set firstElectionSinceStartup to false for candidate:f0a2b3de-ed07-43d6-bdce-9d4b8e15ed2c
2024-02-26 09:18:35,528 [grpc-default-executor-3] INFO  server.RaftServer$Division (RaftServerImpl.java:requestVote(1422)) - 1fc8e30e-bcf6-4a54-bb04-f74c1c9f090e@group-E71E972C389B replies to ELECTION vote request: f0a2b3de-ed07-43d6-bdce-9d4b8e15ed2c<-1fc8e30e-bcf6-4a54-bb04-f74c1c9f090e#0:OK-t1. Peer's state: 1fc8e30e-bcf6-4a54-bb04-f74c1c9f090e@group-E71E972C389B:t1, leader=null, voted=f0a2b3de-ed07-43d6-bdce-9d4b8e15ed2c, raftlog=Memoized:1fc8e30e-bcf6-4a54-bb04-f74c1c9f090e@group-E71E972C389B-SegmentedRaftLog:OPENED:c-1, conf=-1: peers:[f0a2b3de-ed07-43d6-bdce-9d4b8e15ed2c|10.1.0.30:15032, a70c1067-2103-48d8-b21c-f7bdcf327398|10.1.0.30:15023, 1fc8e30e-bcf6-4a54-bb04-f74c1c9f090e|10.1.0.30:15014]|listeners:[], old=null
2024-02-26 09:18:35,529 [grpc-default-executor-2] INFO  server.RaftServer$Division (RaftServerImpl.java:requestVote(1422)) - a70c1067-2103-48d8-b21c-f7bdcf327398@group-E71E972C389B replies to ELECTION vote request: f0a2b3de-ed07-43d6-bdce-9d4b8e15ed2c<-a70c1067-2103-48d8-b21c-f7bdcf327398#0:OK-t1. Peer's state: a70c1067-2103-48d8-b21c-f7bdcf327398@group-E71E972C389B:t1, leader=null, voted=f0a2b3de-ed07-43d6-bdce-9d4b8e15ed2c, raftlog=Memoized:a70c1067-2103-48d8-b21c-f7bdcf327398@group-E71E972C389B-SegmentedRaftLog:OPENED:c-1, conf=-1: peers:[f0a2b3de-ed07-43d6-bdce-9d4b8e15ed2c|10.1.0.30:15032, a70c1067-2103-48d8-b21c-f7bdcf327398|10.1.0.30:15023, 1fc8e30e-bcf6-4a54-bb04-f74c1c9f090e|10.1.0.30:15014]|listeners:[], old=null
2024-02-26 09:18:35,529 [f0a2b3de-ed07-43d6-bdce-9d4b8e15ed2c@group-E71E972C389B-LeaderElection6] INFO  impl.LeaderElection (LeaderElection.java:logAndReturn(89)) - f0a2b3de-ed07-43d6-bdce-9d4b8e15ed2c@group-E71E972C389B-LeaderElection6: ELECTION PASSED received 1 response(s) and 0 exception(s):
2024-02-26 09:18:35,530 [f0a2b3de-ed07-43d6-bdce-9d4b8e15ed2c@group-E71E972C389B-LeaderElection6] INFO  impl.LeaderElection (LeaderElection.java:logAndReturn(93)) -   Response 0: f0a2b3de-ed07-43d6-bdce-9d4b8e15ed2c<-1fc8e30e-bcf6-4a54-bb04-f74c1c9f090e#0:OK-t1
2024-02-26 09:18:35,530 [f0a2b3de-ed07-43d6-bdce-9d4b8e15ed2c@group-E71E972C389B-LeaderElection6] INFO  impl.LeaderElection (LeaderElection.java:askForVotes(323)) - f0a2b3de-ed07-43d6-bdce-9d4b8e15ed2c@group-E71E972C389B-LeaderElection6 ELECTION round 0: result PASSED
2024-02-26 09:18:35,530 [f0a2b3de-ed07-43d6-bdce-9d4b8e15ed2c@group-E71E972C389B-LeaderElection6] INFO  impl.RoleInfo (RoleInfo.java:shutdownLeaderElection(130)) - f0a2b3de-ed07-43d6-bdce-9d4b8e15ed2c: shutdown f0a2b3de-ed07-43d6-bdce-9d4b8e15ed2c@group-E71E972C389B-LeaderElection6
2024-02-26 09:18:35,531 [f0a2b3de-ed07-43d6-bdce-9d4b8e15ed2c@group-E71E972C389B-LeaderElection6] INFO  server.RaftServer$Division (RaftServerImpl.java:setRole(383)) - f0a2b3de-ed07-43d6-bdce-9d4b8e15ed2c@group-E71E972C389B: changes role from CANDIDATE to LEADER at term 1 for changeToLeader
2024-02-26 09:18:35,531 [f0a2b3de-ed07-43d6-bdce-9d4b8e15ed2c@group-E71E972C389B-LeaderElection6] INFO  server.RaftServerConfigKeys (ConfUtils.java:logGet(46)) - raft.server.staging.catchup.gap = 1000 (default)
2024-02-26 09:18:35,532 [f0a2b3de-ed07-43d6-bdce-9d4b8e15ed2c@group-E71E972C389B-LeaderElection6] INFO  server.RaftServerConfigKeys (ConfUtils.java:logGet(46)) - raft.server.write.element-limit = 1024 (custom)
2024-02-26 09:18:35,532 [f0a2b3de-ed07-43d6-bdce-9d4b8e15ed2c@group-E71E972C389B-LeaderElection6] INFO  server.RaftServerConfigKeys (ConfUtils.java:logGet(46)) - raft.server.write.byte-limit = 1024 M (=1073741824) (custom)
2024-02-26 09:18:35,532 [f0a2b3de-ed07-43d6-bdce-9d4b8e15ed2c@group-E71E972C389B-LeaderElection6] INFO  server.RaftServerConfigKeys (ConfUtils.java:logGet(46)) - raft.server.watch.timeout = 180s (custom)
2024-02-26 09:18:35,532 [f0a2b3de-ed07-43d6-bdce-9d4b8e15ed2c@group-E71E972C389B-LeaderElection6] INFO  server.RaftServerConfigKeys (ConfUtils.java:logGet(46)) - raft.server.watch.timeout.denomination = 1s (default)
2024-02-26 09:18:35,532 [f0a2b3de-ed07-43d6-bdce-9d4b8e15ed2c@group-E71E972C389B-LeaderElection6] INFO  server.RaftServerConfigKeys (ConfUtils.java:logGet(46)) - raft.server.watch.element-limit = 65536 (default)
2024-02-26 09:18:35,532 [f0a2b3de-ed07-43d6-bdce-9d4b8e15ed2c@group-E71E972C389B-LeaderElection6] INFO  server.RaftServerConfigKeys (ConfUtils.java:logGet(46)) - raft.server.read.leader.lease.enabled = false (default)
2024-02-26 09:18:35,532 [f0a2b3de-ed07-43d6-bdce-9d4b8e15ed2c@group-E71E972C389B-LeaderElection6] INFO  server.RaftServerConfigKeys (ConfUtils.java:logGet(46)) - raft.server.read.leader.lease.timeout.ratio = 0.9 (default)
2024-02-26 09:18:35,532 [f0a2b3de-ed07-43d6-bdce-9d4b8e15ed2c@group-E71E972C389B-LeaderElection6] INFO  server.RaftServerConfigKeys (ConfUtils.java:logGet(46)) - raft.server.rpc.timeout.min = 5s (custom)
2024-02-26 09:18:35,532 [f0a2b3de-ed07-43d6-bdce-9d4b8e15ed2c@group-E71E972C389B-LeaderElection6] INFO  server.RaftServerConfigKeys (ConfUtils.java:logGet(46)) - raft.server.write.element-limit = 1024 (custom)
2024-02-26 09:18:35,533 [f0a2b3de-ed07-43d6-bdce-9d4b8e15ed2c@group-E71E972C389B-LeaderElection6] INFO  server.RaftServerConfigKeys (ConfUtils.java:logGet(46)) - raft.server.write.follower.gap.ratio.max = -1.0 (default)
2024-02-26 09:18:35,542 [f0a2b3de-ed07-43d6-bdce-9d4b8e15ed2c@group-E71E972C389B-LeaderElection6] INFO  server.RaftServerConfigKeys (ConfUtils.java:logGet(46)) - raft.server.log.appender.snapshot.chunk.size.max = 16MB (=16777216) (default)
2024-02-26 09:18:35,542 [f0a2b3de-ed07-43d6-bdce-9d4b8e15ed2c@group-E71E972C389B-LeaderElection6] INFO  server.RaftServerConfigKeys (ConfUtils.java:logGet(46)) - raft.server.log.appender.buffer.byte-limit = 8388608 (custom)
2024-02-26 09:18:35,542 [f0a2b3de-ed07-43d6-bdce-9d4b8e15ed2c@group-E71E972C389B-LeaderElection6] INFO  server.RaftServerConfigKeys (ConfUtils.java:logGet(46)) - raft.server.log.appender.buffer.element-limit = 1 (custom)
2024-02-26 09:18:35,544 [f0a2b3de-ed07-43d6-bdce-9d4b8e15ed2c@group-E71E972C389B-LeaderElection6] INFO  server.RaftServerConfigKeys (ConfUtils.java:logGet(46)) - raft.server.log.appender.wait-time.min = 0μs (custom)
2024-02-26 09:18:35,545 [f0a2b3de-ed07-43d6-bdce-9d4b8e15ed2c@group-E71E972C389B-LeaderElection6] INFO  grpc.GrpcConfigKeys (ConfUtils.java:logGet(46)) - raft.grpc.server.leader.outstanding.appends.max = 8 (default)
2024-02-26 09:18:35,545 [805285a9-14be-4ba5-9516-049ed8f85315@group-744B58B2B914-FollowerState] INFO  impl.FollowerState (FollowerState.java:run(143)) - 805285a9-14be-4ba5-9516-049ed8f85315@group-744B58B2B914-FollowerState: change to CANDIDATE, lastRpcElapsedTime:5077544185ns, electionTimeout:5074ms
2024-02-26 09:18:35,546 [805285a9-14be-4ba5-9516-049ed8f85315@group-744B58B2B914-FollowerState] INFO  impl.RoleInfo (RoleInfo.java:shutdownFollowerState(110)) - 805285a9-14be-4ba5-9516-049ed8f85315: shutdown 805285a9-14be-4ba5-9516-049ed8f85315@group-744B58B2B914-FollowerState
2024-02-26 09:18:35,546 [f0a2b3de-ed07-43d6-bdce-9d4b8e15ed2c@group-E71E972C389B-LeaderElection6] INFO  server.RaftServerConfigKeys (ConfUtils.java:logGet(46)) - raft.server.rpc.request.timeout = 60s (custom)
2024-02-26 09:18:35,546 [805285a9-14be-4ba5-9516-049ed8f85315@group-744B58B2B914-FollowerState] INFO  server.RaftServer$Division (RaftServerImpl.java:setRole(383)) - 805285a9-14be-4ba5-9516-049ed8f85315@group-744B58B2B914: changes role from  FOLLOWER to CANDIDATE at term 0 for changeToCandidate
2024-02-26 09:18:35,546 [805285a9-14be-4ba5-9516-049ed8f85315@group-744B58B2B914-FollowerState] INFO  server.RaftServerConfigKeys (ConfUtils.java:logGet(46)) - raft.server.leaderelection.pre-vote = true (default)
2024-02-26 09:18:35,546 [805285a9-14be-4ba5-9516-049ed8f85315@group-744B58B2B914-FollowerState] INFO  impl.RoleInfo (RoleInfo.java:updateAndGet(139)) - 805285a9-14be-4ba5-9516-049ed8f85315: start 805285a9-14be-4ba5-9516-049ed8f85315@group-744B58B2B914-LeaderElection7
2024-02-26 09:18:35,547 [f0a2b3de-ed07-43d6-bdce-9d4b8e15ed2c@group-E71E972C389B-LeaderElection6] INFO  grpc.GrpcConfigKeys (ConfUtils.java:logGet(46)) - raft.grpc.server.install_snapshot.request.element-limit = 8 (default)
2024-02-26 09:18:35,547 [f0a2b3de-ed07-43d6-bdce-9d4b8e15ed2c@group-E71E972C389B-LeaderElection6] INFO  grpc.GrpcConfigKeys (ConfUtils.java:logGet(46)) - raft.grpc.server.install_snapshot.request.timeout = 3000ms (default)
2024-02-26 09:18:35,547 [f0a2b3de-ed07-43d6-bdce-9d4b8e15ed2c@group-E71E972C389B-LeaderElection6] INFO  grpc.GrpcConfigKeys (ConfUtils.java:logGet(46)) - raft.grpc.server.log-message.batch.duration = 5s (default)
2024-02-26 09:18:35,547 [f0a2b3de-ed07-43d6-bdce-9d4b8e15ed2c@group-E71E972C389B-LeaderElection6] INFO  server.RaftServerConfigKeys (ConfUtils.java:logGet(46)) - raft.server.log.appender.install.snapshot.enabled = false (custom)
2024-02-26 09:18:35,547 [f0a2b3de-ed07-43d6-bdce-9d4b8e15ed2c@group-E71E972C389B-LeaderElection6] INFO  grpc.GrpcConfigKeys (ConfUtils.java:logGet(46)) - raft.grpc.server.heartbeat.channel = true (default)
2024-02-26 09:18:35,551 [805285a9-14be-4ba5-9516-049ed8f85315@group-744B58B2B914-LeaderElection7] INFO  impl.LeaderElection (LeaderElection.java:askForVotes(321)) - 805285a9-14be-4ba5-9516-049ed8f85315@group-744B58B2B914-LeaderElection7 PRE_VOTE round 0: submit vote requests at term 0 for -1: peers:[805285a9-14be-4ba5-9516-049ed8f85315|10.1.0.30:15041]|listeners:[], old=null
2024-02-26 09:18:35,551 [805285a9-14be-4ba5-9516-049ed8f85315@group-744B58B2B914-LeaderElection7] INFO  impl.LeaderElection (LeaderElection.java:askForVotes(323)) - 805285a9-14be-4ba5-9516-049ed8f85315@group-744B58B2B914-LeaderElection7 PRE_VOTE round 0: result PASSED (term=0)
2024-02-26 09:18:35,552 [f0a2b3de-ed07-43d6-bdce-9d4b8e15ed2c@group-E71E972C389B-LeaderElection6] INFO  server.RaftServerConfigKeys (ConfUtils.java:logGet(46)) - raft.server.log.appender.snapshot.chunk.size.max = 16MB (=16777216) (default)
2024-02-26 09:18:35,552 [f0a2b3de-ed07-43d6-bdce-9d4b8e15ed2c@group-E71E972C389B-LeaderElection6] INFO  server.RaftServerConfigKeys (ConfUtils.java:logGet(46)) - raft.server.log.appender.buffer.byte-limit = 8388608 (custom)
2024-02-26 09:18:35,553 [f0a2b3de-ed07-43d6-bdce-9d4b8e15ed2c@group-E71E972C389B-LeaderElection6] INFO  server.RaftServerConfigKeys (ConfUtils.java:logGet(46)) - raft.server.log.appender.buffer.element-limit = 1 (custom)
2024-02-26 09:18:35,553 [f0a2b3de-ed07-43d6-bdce-9d4b8e15ed2c@group-E71E972C389B-LeaderElection6] INFO  server.RaftServerConfigKeys (ConfUtils.java:logGet(46)) - raft.server.log.appender.wait-time.min = 0μs (custom)
2024-02-26 09:18:35,553 [f0a2b3de-ed07-43d6-bdce-9d4b8e15ed2c@group-E71E972C389B-LeaderElection6] INFO  grpc.GrpcConfigKeys (ConfUtils.java:logGet(46)) - raft.grpc.server.leader.outstanding.appends.max = 8 (default)
2024-02-26 09:18:35,553 [f0a2b3de-ed07-43d6-bdce-9d4b8e15ed2c@group-E71E972C389B-LeaderElection6] INFO  server.RaftServerConfigKeys (ConfUtils.java:logGet(46)) - raft.server.rpc.request.timeout = 60s (custom)
2024-02-26 09:18:35,553 [f0a2b3de-ed07-43d6-bdce-9d4b8e15ed2c@group-E71E972C389B-LeaderElection6] INFO  grpc.GrpcConfigKeys (ConfUtils.java:logGet(46)) - raft.grpc.server.install_snapshot.request.element-limit = 8 (default)
2024-02-26 09:18:35,553 [f0a2b3de-ed07-43d6-bdce-9d4b8e15ed2c@group-E71E972C389B-LeaderElection6] INFO  grpc.GrpcConfigKeys (ConfUtils.java:logGet(46)) - raft.grpc.server.install_snapshot.request.timeout = 3000ms (default)
2024-02-26 09:18:35,553 [f0a2b3de-ed07-43d6-bdce-9d4b8e15ed2c@group-E71E972C389B-LeaderElection6] INFO  grpc.GrpcConfigKeys (ConfUtils.java:logGet(46)) - raft.grpc.server.log-message.batch.duration = 5s (default)
2024-02-26 09:18:35,554 [805285a9-14be-4ba5-9516-049ed8f85315@group-744B58B2B914-LeaderElection7] INFO  impl.LeaderElection (LeaderElection.java:askForVotes(321)) - 805285a9-14be-4ba5-9516-049ed8f85315@group-744B58B2B914-LeaderElection7 ELECTION round 0: submit vote requests at term 1 for -1: peers:[805285a9-14be-4ba5-9516-049ed8f85315|10.1.0.30:15041]|listeners:[], old=null
2024-02-26 09:18:35,554 [805285a9-14be-4ba5-9516-049ed8f85315@group-744B58B2B914-LeaderElection7] INFO  impl.LeaderElection (LeaderElection.java:askForVotes(323)) - 805285a9-14be-4ba5-9516-049ed8f85315@group-744B58B2B914-LeaderElection7 ELECTION round 0: result PASSED (term=1)
2024-02-26 09:18:35,554 [805285a9-14be-4ba5-9516-049ed8f85315@group-744B58B2B914-LeaderElection7] INFO  impl.RoleInfo (RoleInfo.java:shutdownLeaderElection(130)) - 805285a9-14be-4ba5-9516-049ed8f85315: shutdown 805285a9-14be-4ba5-9516-049ed8f85315@group-744B58B2B914-LeaderElection7
2024-02-26 09:18:35,554 [805285a9-14be-4ba5-9516-049ed8f85315@group-744B58B2B914-LeaderElection7] INFO  server.RaftServer$Division (RaftServerImpl.java:setRole(383)) - 805285a9-14be-4ba5-9516-049ed8f85315@group-744B58B2B914: changes role from CANDIDATE to LEADER at term 1 for changeToLeader
2024-02-26 09:18:35,554 [805285a9-14be-4ba5-9516-049ed8f85315@group-744B58B2B914-LeaderElection7] INFO  server.RaftServerConfigKeys (ConfUtils.java:logGet(46)) - raft.server.staging.catchup.gap = 1000 (default)
2024-02-26 09:18:35,554 [f0a2b3de-ed07-43d6-bdce-9d4b8e15ed2c@group-E71E972C389B-LeaderElection6] INFO  server.RaftServerConfigKeys (ConfUtils.java:logGet(46)) - raft.server.log.appender.install.snapshot.enabled = false (custom)
2024-02-26 09:18:35,555 [f0a2b3de-ed07-43d6-bdce-9d4b8e15ed2c@group-E71E972C389B-LeaderElection6] INFO  grpc.GrpcConfigKeys (ConfUtils.java:logGet(46)) - raft.grpc.server.heartbeat.channel = true (default)
2024-02-26 09:18:35,555 [805285a9-14be-4ba5-9516-049ed8f85315@group-744B58B2B914-LeaderElection7] INFO  server.RaftServerConfigKeys (ConfUtils.java:logGet(46)) - raft.server.write.element-limit = 1024 (custom)
2024-02-26 09:18:35,555 [805285a9-14be-4ba5-9516-049ed8f85315@group-744B58B2B914-LeaderElection7] INFO  server.RaftServerConfigKeys (ConfUtils.java:logGet(46)) - raft.server.write.byte-limit = 1024 M (=1073741824) (custom)
2024-02-26 09:18:35,556 [805285a9-14be-4ba5-9516-049ed8f85315@group-744B58B2B914-LeaderElection7] INFO  server.RaftServerConfigKeys (ConfUtils.java:logGet(46)) - raft.server.watch.timeout = 180s (custom)
2024-02-26 09:18:35,556 [805285a9-14be-4ba5-9516-049ed8f85315@group-744B58B2B914-LeaderElection7] INFO  server.RaftServerConfigKeys (ConfUtils.java:logGet(46)) - raft.server.watch.timeout.denomination = 1s (default)
2024-02-26 09:18:35,556 [805285a9-14be-4ba5-9516-049ed8f85315@group-744B58B2B914-LeaderElection7] INFO  server.RaftServerConfigKeys (ConfUtils.java:logGet(46)) - raft.server.watch.element-limit = 65536 (default)
2024-02-26 09:18:35,556 [805285a9-14be-4ba5-9516-049ed8f85315@group-744B58B2B914-LeaderElection7] INFO  server.RaftServerConfigKeys (ConfUtils.java:logGet(46)) - raft.server.read.leader.lease.enabled = false (default)
2024-02-26 09:18:35,557 [805285a9-14be-4ba5-9516-049ed8f85315@group-744B58B2B914-LeaderElection7] INFO  server.RaftServerConfigKeys (ConfUtils.java:logGet(46)) - raft.server.read.leader.lease.timeout.ratio = 0.9 (default)
2024-02-26 09:18:35,557 [805285a9-14be-4ba5-9516-049ed8f85315@group-744B58B2B914-LeaderElection7] INFO  server.RaftServerConfigKeys (ConfUtils.java:logGet(46)) - raft.server.rpc.timeout.min = 5s (custom)
2024-02-26 09:18:35,557 [805285a9-14be-4ba5-9516-049ed8f85315@group-744B58B2B914-LeaderElection7] INFO  server.RaftServerConfigKeys (ConfUtils.java:logGet(46)) - raft.server.write.element-limit = 1024 (custom)
2024-02-26 09:18:35,557 [805285a9-14be-4ba5-9516-049ed8f85315@group-744B58B2B914-LeaderElection7] INFO  server.RaftServerConfigKeys (ConfUtils.java:logGet(46)) - raft.server.write.follower.gap.ratio.max = -1.0 (default)
2024-02-26 09:18:35,557 [805285a9-14be-4ba5-9516-049ed8f85315@group-744B58B2B914-LeaderElection7] INFO  impl.RoleInfo (RoleInfo.java:updateAndGet(139)) - 805285a9-14be-4ba5-9516-049ed8f85315: start 805285a9-14be-4ba5-9516-049ed8f85315@group-744B58B2B914-LeaderStateImpl
2024-02-26 09:18:35,557 [805285a9-14be-4ba5-9516-049ed8f85315@group-744B58B2B914-LeaderElection7] INFO  server.RaftServer$Division (RaftServerImpl.java:setFirstElection(574)) - 805285a9-14be-4ba5-9516-049ed8f85315@group-744B58B2B914: set firstElectionSinceStartup to false for becomeLeader
2024-02-26 09:18:35,557 [805285a9-14be-4ba5-9516-049ed8f85315@group-744B58B2B914-LeaderElection7] INFO  ratis.XceiverServerRatis (XceiverServerRatis.java:handleLeaderChangedNotification(966)) - Leader change notification received for group: group-744B58B2B914 with new leaderId: 805285a9-14be-4ba5-9516-049ed8f85315
2024-02-26 09:18:35,556 [f0a2b3de-ed07-43d6-bdce-9d4b8e15ed2c@group-E71E972C389B-LeaderElection6] INFO  impl.RoleInfo (RoleInfo.java:updateAndGet(139)) - f0a2b3de-ed07-43d6-bdce-9d4b8e15ed2c: start f0a2b3de-ed07-43d6-bdce-9d4b8e15ed2c@group-E71E972C389B-LeaderStateImpl
2024-02-26 09:18:35,558 [f0a2b3de-ed07-43d6-bdce-9d4b8e15ed2c@group-E71E972C389B-LeaderElection6] INFO  server.RaftServer$Division (RaftServerImpl.java:setFirstElection(574)) - f0a2b3de-ed07-43d6-bdce-9d4b8e15ed2c@group-E71E972C389B: set firstElectionSinceStartup to false for becomeLeader
2024-02-26 09:18:35,558 [f0a2b3de-ed07-43d6-bdce-9d4b8e15ed2c@group-E71E972C389B-LeaderElection6] INFO  ratis.XceiverServerRatis (XceiverServerRatis.java:handleLeaderChangedNotification(966)) - Leader change notification received for group: group-E71E972C389B with new leaderId: f0a2b3de-ed07-43d6-bdce-9d4b8e15ed2c
2024-02-26 09:18:35,558 [805285a9-14be-4ba5-9516-049ed8f85315@group-744B58B2B914-LeaderElection7] INFO  server.RaftServer$Division (ServerState.java:setLeader(269)) - 805285a9-14be-4ba5-9516-049ed8f85315@group-744B58B2B914: change Leader from null to 805285a9-14be-4ba5-9516-049ed8f85315 at term 1 for becomeLeader, leader elected after 5134ms
2024-02-26 09:18:35,559 [f0a2b3de-ed07-43d6-bdce-9d4b8e15ed2c@group-E71E972C389B-LeaderElection6] INFO  server.RaftServer$Division (ServerState.java:setLeader(269)) - f0a2b3de-ed07-43d6-bdce-9d4b8e15ed2c@group-E71E972C389B: change Leader from null to f0a2b3de-ed07-43d6-bdce-9d4b8e15ed2c at term 1 for becomeLeader, leader elected after 5240ms
2024-02-26 09:18:35,559 [EventQueue-OpenPipelineForHealthyPipelineSafeModeRule] INFO  safemode.SCMSafeModeManager (HealthyPipelineSafeModeRule.java:process(140)) - SCM in safe mode. Healthy pipelines reported count is 0, required healthy pipeline reported count is 1
2024-02-26 09:18:35,559 [f0a2b3de-ed07-43d6-bdce-9d4b8e15ed2c@group-E71E972C389B-LeaderElection6] INFO  segmented.SegmentedRaftLogWorker (SegmentedRaftLogWorker.java:startLogSegment(430)) - f0a2b3de-ed07-43d6-bdce-9d4b8e15ed2c@group-E71E972C389B-SegmentedRaftLogWorker: Starting segment from index:0
2024-02-26 09:18:35,560 [f0a2b3de-ed07-43d6-bdce-9d4b8e15ed2c@group-E71E972C389B-SegmentedRaftLogWorker] INFO  segmented.BufferedWriteChannel (BufferedWriteChannel.java:open(62)) - open log_inprogress_0 at position 0
2024-02-26 09:18:35,560 [EventQueue-PipelineReportForPipelineReportHandler] INFO  pipeline.PipelineReportHandler (PipelineReportHandler.java:processPipelineReport(136)) - Opened pipeline PipelineID=59bc64b5-f925-4f86-8d61-e71e972c389b
2024-02-26 09:18:35,561 [EventQueue-OpenPipelineForHealthyPipelineSafeModeRule] INFO  safemode.SCMSafeModeManager (HealthyPipelineSafeModeRule.java:process(140)) - SCM in safe mode. Healthy pipelines reported count is 1, required healthy pipeline reported count is 1
2024-02-26 09:18:35,561 [EventQueue-OpenPipelineForHealthyPipelineSafeModeRule] INFO  safemode.SCMSafeModeManager (SCMSafeModeManager.java:validateSafeModeExitRules(200)) - HealthyPipelineSafeModeRule rule is successfully validated
2024-02-26 09:18:35,561 [EventQueue-OpenPipelineForHealthyPipelineSafeModeRule] INFO  safemode.SCMSafeModeManager (SCMSafeModeManager.java:validateSafeModeExitRules(215)) - ScmSafeModeManager, all rules are successfully validated
2024-02-26 09:18:35,561 [EventQueue-OpenPipelineForHealthyPipelineSafeModeRule] INFO  safemode.SCMSafeModeManager (SCMSafeModeManager.java:exitSafeMode(244)) - SCM exiting safe mode.
2024-02-26 09:18:35,561 [EventQueue-OpenPipelineForHealthyPipelineSafeModeRule] INFO  ha.SCMContext (SCMContext.java:updateSafeModeStatus(225)) - Update SafeModeStatus from SafeModeStatus{safeModeStatus=true, preCheckPassed=true} to SafeModeStatus{safeModeStatus=false, preCheckPassed=true}.
2024-02-26 09:18:35,561 [EventQueue-OpenPipelineForHealthyPipelineSafeModeRule] INFO  pipeline.BackgroundPipelineCreator (BackgroundPipelineCreator.java:notifyStatusChanged(258)) - Service BackgroundPipelineCreator transitions to RUNNING.
2024-02-26 09:18:35,561 [EventQueue-OpenPipelineForHealthyPipelineSafeModeRule] INFO  BackgroundPipelineScrubber (BackgroundSCMService.java:notifyStatusChanged(79)) - Service BackgroundPipelineScrubber transitions to RUNNING.
2024-02-26 09:18:35,561 [EventQueue-OpenPipelineForHealthyPipelineSafeModeRule] INFO  ExpiredContainerReplicaOpScrubber (BackgroundSCMService.java:notifyStatusChanged(79)) - Service ExpiredContainerReplicaOpScrubber transitions to RUNNING.
2024-02-26 09:18:35,561 [EventQueue-OpenPipelineForHealthyPipelineSafeModeRule] INFO  block.SCMBlockDeletingService (SCMBlockDeletingService.java:notifyStatusChanged(247)) - notifyStatusChanged:RUNNING
2024-02-26 09:18:35,561 [EventQueue-OpenPipelineForHealthyPipelineSafeModeRule] INFO  replication.ReplicationManager (ReplicationManager.java:notifyStatusChanged(1402)) - Service ReplicationManager transitions to RUNNING.
2024-02-26 09:18:35,566 [f0a2b3de-ed07-43d6-bdce-9d4b8e15ed2c@group-E71E972C389B-LeaderElection6] INFO  server.RaftServer$Division (ServerState.java:setRaftConf(386)) - f0a2b3de-ed07-43d6-bdce-9d4b8e15ed2c@group-E71E972C389B: set configuration 0: peers:[f0a2b3de-ed07-43d6-bdce-9d4b8e15ed2c|10.1.0.30:15032, a70c1067-2103-48d8-b21c-f7bdcf327398|10.1.0.30:15023, 1fc8e30e-bcf6-4a54-bb04-f74c1c9f090e|10.1.0.30:15014]|listeners:[], old=null
2024-02-26 09:18:35,566 [main] INFO  ozone.MiniOzoneClusterImpl (MiniOzoneClusterImpl.java:lambda$waitForClusterToBeReady$0(195)) - Nodes are ready. Got 14 of 14 DN Heartbeats.
2024-02-26 09:18:35,566 [main] INFO  ozone.MiniOzoneClusterImpl (MiniOzoneClusterImpl.java:lambda$waitForClusterToBeReady$0(198)) - Cluster exits safe mode
2024-02-26 09:18:35,566 [main] INFO  ozone.MiniOzoneClusterImpl (MiniOzoneClusterImpl.java:lambda$waitForClusterToBeReady$0(200)) - SCM became leader
2024-02-26 09:18:35,568 [EventQueue-OpenPipelineForHealthyPipelineSafeModeRule] WARN  balancer.ContainerBalancer (ContainerBalancer.java:shouldRun(134)) - Could not find persisted configuration for ContainerBalancer when checking if ContainerBalancer should run. ContainerBalancer should not run now.
2024-02-26 09:18:35,560 [805285a9-14be-4ba5-9516-049ed8f85315@group-744B58B2B914-LeaderElection7] INFO  segmented.SegmentedRaftLogWorker (SegmentedRaftLogWorker.java:startLogSegment(430)) - 805285a9-14be-4ba5-9516-049ed8f85315@group-744B58B2B914-SegmentedRaftLogWorker: Starting segment from index:0
2024-02-26 09:18:35,571 [f0a2b3de-ed07-43d6-bdce-9d4b8e15ed2c@group-E71E972C389B-SegmentedRaftLogWorker] INFO  segmented.SegmentedRaftLogWorker (SegmentedRaftLogWorker.java:execute(634)) - f0a2b3de-ed07-43d6-bdce-9d4b8e15ed2c@group-E71E972C389B-SegmentedRaftLogWorker: created new log segment /home/runner/work/ozone/ozone/hadoop-ozone/integration-test/target/test-dir/MiniOzoneClusterImpl-0d79f430-b8c0-477e-97b7-98e50d733022/ozone-meta/datanode-3/ratis/59bc64b5-f925-4f86-8d61-e71e972c389b/current/log_inprogress_0
2024-02-26 09:18:35,584 [805285a9-14be-4ba5-9516-049ed8f85315@group-744B58B2B914-SegmentedRaftLogWorker] INFO  segmented.BufferedWriteChannel (BufferedWriteChannel.java:open(62)) - open log_inprogress_0 at position 0
2024-02-26 09:18:35,596 [805285a9-14be-4ba5-9516-049ed8f85315@group-744B58B2B914-LeaderElection7] INFO  server.RaftServer$Division (ServerState.java:setRaftConf(386)) - 805285a9-14be-4ba5-9516-049ed8f85315@group-744B58B2B914: set configuration 0: peers:[805285a9-14be-4ba5-9516-049ed8f85315|10.1.0.30:15041]|listeners:[], old=null
2024-02-26 09:18:35,597 [805285a9-14be-4ba5-9516-049ed8f85315@group-744B58B2B914-SegmentedRaftLogWorker] INFO  segmented.SegmentedRaftLogWorker (SegmentedRaftLogWorker.java:execute(634)) - 805285a9-14be-4ba5-9516-049ed8f85315@group-744B58B2B914-SegmentedRaftLogWorker: created new log segment /home/runner/work/ozone/ozone/hadoop-ozone/integration-test/target/test-dir/MiniOzoneClusterImpl-0d79f430-b8c0-477e-97b7-98e50d733022/ozone-meta/datanode-4/ratis/11e5d1c1-8949-4fbf-a4dd-744b58b2b914/current/log_inprogress_0
2024-02-26 09:18:35,600 [main] INFO  protocolPB.OmTransportFactory (OmTransportFactory.java:createFactory(62)) - Loading OM transport implementation org.apache.hadoop.ozone.om.protocolPB.Hadoop3OmTransportFactory as specified by configuration.
2024-02-26 09:18:35,602 [805285a9-14be-4ba5-9516-049ed8f85315@group-744B58B2B914-StateMachineUpdater] INFO  server.RaftServer$Division (LeaderStateImpl.java:isApplied(320)) - leader is ready since appliedIndex == 0 >= startIndex == 0
2024-02-26 09:18:35,633 [1fc8e30e-bcf6-4a54-bb04-f74c1c9f090e-server-thread1] INFO  ratis.XceiverServerRatis (XceiverServerRatis.java:handleLeaderChangedNotification(966)) - Leader change notification received for group: group-E71E972C389B with new leaderId: f0a2b3de-ed07-43d6-bdce-9d4b8e15ed2c
2024-02-26 09:18:35,637 [1fc8e30e-bcf6-4a54-bb04-f74c1c9f090e-server-thread1] INFO  server.RaftServer$Division (ServerState.java:setLeader(269)) - 1fc8e30e-bcf6-4a54-bb04-f74c1c9f090e@group-E71E972C389B: change Leader from null to f0a2b3de-ed07-43d6-bdce-9d4b8e15ed2c at term 1 for appendEntries, leader elected after 5654ms
2024-02-26 09:18:35,637 [a70c1067-2103-48d8-b21c-f7bdcf327398-server-thread1] INFO  ratis.XceiverServerRatis (XceiverServerRatis.java:handleLeaderChangedNotification(966)) - Leader change notification received for group: group-E71E972C389B with new leaderId: f0a2b3de-ed07-43d6-bdce-9d4b8e15ed2c
2024-02-26 09:18:35,638 [a70c1067-2103-48d8-b21c-f7bdcf327398-server-thread1] INFO  server.RaftServer$Division (ServerState.java:setLeader(269)) - a70c1067-2103-48d8-b21c-f7bdcf327398@group-E71E972C389B: change Leader from null to f0a2b3de-ed07-43d6-bdce-9d4b8e15ed2c at term 1 for appendEntries, leader elected after 5360ms
2024-02-26 09:18:35,639 [a70c1067-2103-48d8-b21c-f7bdcf327398-server-thread2] INFO  server.RaftServer$Division (ServerState.java:setRaftConf(386)) - a70c1067-2103-48d8-b21c-f7bdcf327398@group-E71E972C389B: set configuration 0: peers:[f0a2b3de-ed07-43d6-bdce-9d4b8e15ed2c|10.1.0.30:15032, a70c1067-2103-48d8-b21c-f7bdcf327398|10.1.0.30:15023, 1fc8e30e-bcf6-4a54-bb04-f74c1c9f090e|10.1.0.30:15014]|listeners:[], old=null
2024-02-26 09:18:35,642 [1fc8e30e-bcf6-4a54-bb04-f74c1c9f090e-server-thread2] INFO  server.RaftServer$Division (ServerState.java:setRaftConf(386)) - 1fc8e30e-bcf6-4a54-bb04-f74c1c9f090e@group-E71E972C389B: set configuration 0: peers:[f0a2b3de-ed07-43d6-bdce-9d4b8e15ed2c|10.1.0.30:15032, a70c1067-2103-48d8-b21c-f7bdcf327398|10.1.0.30:15023, 1fc8e30e-bcf6-4a54-bb04-f74c1c9f090e|10.1.0.30:15014]|listeners:[], old=null
2024-02-26 09:18:35,643 [a70c1067-2103-48d8-b21c-f7bdcf327398-server-thread2] INFO  segmented.SegmentedRaftLogWorker (SegmentedRaftLogWorker.java:startLogSegment(430)) - a70c1067-2103-48d8-b21c-f7bdcf327398@group-E71E972C389B-SegmentedRaftLogWorker: Starting segment from index:0
2024-02-26 09:18:35,646 [a70c1067-2103-48d8-b21c-f7bdcf327398@group-E71E972C389B-SegmentedRaftLogWorker] INFO  segmented.BufferedWriteChannel (BufferedWriteChannel.java:open(62)) - open log_inprogress_0 at position 0
2024-02-26 09:18:35,650 [1fc8e30e-bcf6-4a54-bb04-f74c1c9f090e-server-thread2] INFO  segmented.SegmentedRaftLogWorker (SegmentedRaftLogWorker.java:startLogSegment(430)) - 1fc8e30e-bcf6-4a54-bb04-f74c1c9f090e@group-E71E972C389B-SegmentedRaftLogWorker: Starting segment from index:0
2024-02-26 09:18:35,651 [1fc8e30e-bcf6-4a54-bb04-f74c1c9f090e@group-E71E972C389B-SegmentedRaftLogWorker] INFO  segmented.BufferedWriteChannel (BufferedWriteChannel.java:open(62)) - open log_inprogress_0 at position 0
2024-02-26 09:18:35,668 [1fc8e30e-bcf6-4a54-bb04-f74c1c9f090e@group-E71E972C389B-SegmentedRaftLogWorker] INFO  segmented.SegmentedRaftLogWorker (SegmentedRaftLogWorker.java:execute(634)) - 1fc8e30e-bcf6-4a54-bb04-f74c1c9f090e@group-E71E972C389B-SegmentedRaftLogWorker: created new log segment /home/runner/work/ozone/ozone/hadoop-ozone/integration-test/target/test-dir/MiniOzoneClusterImpl-0d79f430-b8c0-477e-97b7-98e50d733022/ozone-meta/datanode-1/ratis/59bc64b5-f925-4f86-8d61-e71e972c389b/current/log_inprogress_0
2024-02-26 09:18:35,669 [a70c1067-2103-48d8-b21c-f7bdcf327398@group-E71E972C389B-SegmentedRaftLogWorker] INFO  segmented.SegmentedRaftLogWorker (SegmentedRaftLogWorker.java:execute(634)) - a70c1067-2103-48d8-b21c-f7bdcf327398@group-E71E972C389B-SegmentedRaftLogWorker: created new log segment /home/runner/work/ozone/ozone/hadoop-ozone/integration-test/target/test-dir/MiniOzoneClusterImpl-0d79f430-b8c0-477e-97b7-98e50d733022/ozone-meta/datanode-2/ratis/59bc64b5-f925-4f86-8d61-e71e972c389b/current/log_inprogress_0
2024-02-26 09:18:35,682 [f0a2b3de-ed07-43d6-bdce-9d4b8e15ed2c@group-E71E972C389B-StateMachineUpdater] INFO  server.RaftServer$Division (LeaderStateImpl.java:isApplied(320)) - leader is ready since appliedIndex == 0 >= startIndex == 0
2024-02-26 09:18:35,691 [805285a9-14be-4ba5-9516-049ed8f85315@group-66F4A86A365C-FollowerState] INFO  impl.FollowerState (FollowerState.java:run(143)) - 805285a9-14be-4ba5-9516-049ed8f85315@group-66F4A86A365C-FollowerState: change to CANDIDATE, lastRpcElapsedTime:5185457677ns, electionTimeout:5184ms
2024-02-26 09:18:35,691 [805285a9-14be-4ba5-9516-049ed8f85315@group-66F4A86A365C-FollowerState] INFO  impl.RoleInfo (RoleInfo.java:shutdownFollowerState(110)) - 805285a9-14be-4ba5-9516-049ed8f85315: shutdown 805285a9-14be-4ba5-9516-049ed8f85315@group-66F4A86A365C-FollowerState
2024-02-26 09:18:35,691 [805285a9-14be-4ba5-9516-049ed8f85315@group-66F4A86A365C-FollowerState] INFO  server.RaftServer$Division (RaftServerImpl.java:setRole(383)) - 805285a9-14be-4ba5-9516-049ed8f85315@group-66F4A86A365C: changes role from  FOLLOWER to CANDIDATE at term 0 for changeToCandidate
2024-02-26 09:18:35,692 [805285a9-14be-4ba5-9516-049ed8f85315@group-66F4A86A365C-FollowerState] INFO  server.RaftServerConfigKeys (ConfUtils.java:logGet(46)) - raft.server.leaderelection.pre-vote = true (default)
2024-02-26 09:18:35,692 [805285a9-14be-4ba5-9516-049ed8f85315@group-66F4A86A365C-FollowerState] INFO  impl.RoleInfo (RoleInfo.java:updateAndGet(139)) - 805285a9-14be-4ba5-9516-049ed8f85315: start 805285a9-14be-4ba5-9516-049ed8f85315@group-66F4A86A365C-LeaderElection8
2024-02-26 09:18:35,695 [805285a9-14be-4ba5-9516-049ed8f85315@group-66F4A86A365C-LeaderElection8] INFO  impl.LeaderElection (LeaderElection.java:askForVotes(321)) - 805285a9-14be-4ba5-9516-049ed8f85315@group-66F4A86A365C-LeaderElection8 PRE_VOTE round 0: submit vote requests at term 0 for -1: peers:[805285a9-14be-4ba5-9516-049ed8f85315|10.1.0.30:15041, 62c7a6b6-874c-46f0-a24f-66d1ecaaa81b|10.1.0.30:15050, bca0bda6-c24b-45de-ae86-b5c7c2d890ab|10.1.0.30:15059]|listeners:[], old=null
2024-02-26 09:18:35,697 [805285a9-14be-4ba5-9516-049ed8f85315@group-66F4A86A365C-LeaderElection8-1] INFO  server.GrpcServerProtocolClient (GrpcServerProtocolClient.java:<init>(65)) - Build channel for 62c7a6b6-874c-46f0-a24f-66d1ecaaa81b|10.1.0.30:15050
2024-02-26 09:18:35,702 [805285a9-14be-4ba5-9516-049ed8f85315@group-66F4A86A365C-LeaderElection8] INFO  server.RaftServerConfigKeys (ConfUtils.java:logFallback(53)) - raft.server.rpc.first-election.timeout.min = 5s (fallback to raft.server.rpc.timeout.min)
2024-02-26 09:18:35,703 [805285a9-14be-4ba5-9516-049ed8f85315@group-66F4A86A365C-LeaderElection8] INFO  server.RaftServerConfigKeys (ConfUtils.java:logFallback(53)) - raft.server.rpc.first-election.timeout.max = 5200ms (fallback to raft.server.rpc.timeout.max)
2024-02-26 09:18:35,704 [805285a9-14be-4ba5-9516-049ed8f85315@group-66F4A86A365C-LeaderElection8-2] INFO  server.GrpcServerProtocolClient (GrpcServerProtocolClient.java:<init>(65)) - Build channel for bca0bda6-c24b-45de-ae86-b5c7c2d890ab|10.1.0.30:15059
2024-02-26 09:18:35,705 [grpc-default-executor-0] INFO  server.RaftServer$Division (RaftServerImpl.java:requestVote(1389)) - 62c7a6b6-874c-46f0-a24f-66d1ecaaa81b@group-66F4A86A365C: receive requestVote(PRE_VOTE, 805285a9-14be-4ba5-9516-049ed8f85315, group-66F4A86A365C, 0, (t:0, i:0))
2024-02-26 09:18:35,705 [grpc-default-executor-0] INFO  impl.VoteContext (VoteContext.java:log(49)) - 62c7a6b6-874c-46f0-a24f-66d1ecaaa81b@group-66F4A86A365C-FOLLOWER: accept PRE_VOTE from 805285a9-14be-4ba5-9516-049ed8f85315: our priority 0 <= candidate's priority 0
2024-02-26 09:18:35,706 [grpc-default-executor-0] INFO  server.RaftServer$Division (RaftServerImpl.java:requestVote(1422)) - 62c7a6b6-874c-46f0-a24f-66d1ecaaa81b@group-66F4A86A365C replies to PRE_VOTE vote request: 805285a9-14be-4ba5-9516-049ed8f85315<-62c7a6b6-874c-46f0-a24f-66d1ecaaa81b#0:OK-t0. Peer's state: 62c7a6b6-874c-46f0-a24f-66d1ecaaa81b@group-66F4A86A365C:t0, leader=null, voted=, raftlog=Memoized:62c7a6b6-874c-46f0-a24f-66d1ecaaa81b@group-66F4A86A365C-SegmentedRaftLog:OPENED:c-1, conf=-1: peers:[805285a9-14be-4ba5-9516-049ed8f85315|10.1.0.30:15041, 62c7a6b6-874c-46f0-a24f-66d1ecaaa81b|10.1.0.30:15050, bca0bda6-c24b-45de-ae86-b5c7c2d890ab|10.1.0.30:15059]|listeners:[], old=null
2024-02-26 09:18:35,719 [grpc-default-executor-0] INFO  server.RaftServer$Division (RaftServerImpl.java:requestVote(1389)) - bca0bda6-c24b-45de-ae86-b5c7c2d890ab@group-66F4A86A365C: receive requestVote(PRE_VOTE, 805285a9-14be-4ba5-9516-049ed8f85315, group-66F4A86A365C, 0, (t:0, i:0))
2024-02-26 09:18:35,720 [grpc-default-executor-0] INFO  impl.VoteContext (VoteContext.java:log(49)) - bca0bda6-c24b-45de-ae86-b5c7c2d890ab@group-66F4A86A365C-FOLLOWER: reject PRE_VOTE from 805285a9-14be-4ba5-9516-049ed8f85315: our priority 1 > candidate's priority 0
2024-02-26 09:18:35,720 [grpc-default-executor-0] INFO  server.RaftServer$Division (RaftServerImpl.java:requestVote(1422)) - bca0bda6-c24b-45de-ae86-b5c7c2d890ab@group-66F4A86A365C replies to PRE_VOTE vote request: 805285a9-14be-4ba5-9516-049ed8f85315<-bca0bda6-c24b-45de-ae86-b5c7c2d890ab#0:FAIL-t0. Peer's state: bca0bda6-c24b-45de-ae86-b5c7c2d890ab@group-66F4A86A365C:t0, leader=null, voted=, raftlog=Memoized:bca0bda6-c24b-45de-ae86-b5c7c2d890ab@group-66F4A86A365C-SegmentedRaftLog:OPENED:c-1, conf=-1: peers:[805285a9-14be-4ba5-9516-049ed8f85315|10.1.0.30:15041, 62c7a6b6-874c-46f0-a24f-66d1ecaaa81b|10.1.0.30:15050, bca0bda6-c24b-45de-ae86-b5c7c2d890ab|10.1.0.30:15059]|listeners:[], old=null
2024-02-26 09:18:35,723 [805285a9-14be-4ba5-9516-049ed8f85315@group-66F4A86A365C-LeaderElection8] INFO  impl.LeaderElection (LeaderElection.java:logAndReturn(89)) - 805285a9-14be-4ba5-9516-049ed8f85315@group-66F4A86A365C-LeaderElection8: PRE_VOTE REJECTED received 2 response(s) and 0 exception(s):
2024-02-26 09:18:35,723 [805285a9-14be-4ba5-9516-049ed8f85315@group-66F4A86A365C-LeaderElection8] INFO  impl.LeaderElection (LeaderElection.java:logAndReturn(93)) -   Response 0: 805285a9-14be-4ba5-9516-049ed8f85315<-62c7a6b6-874c-46f0-a24f-66d1ecaaa81b#0:OK-t0
2024-02-26 09:18:35,723 [805285a9-14be-4ba5-9516-049ed8f85315@group-66F4A86A365C-LeaderElection8] INFO  impl.LeaderElection (LeaderElection.java:logAndReturn(93)) -   Response 1: 805285a9-14be-4ba5-9516-049ed8f85315<-bca0bda6-c24b-45de-ae86-b5c7c2d890ab#0:FAIL-t0
2024-02-26 09:18:35,723 [805285a9-14be-4ba5-9516-049ed8f85315@group-66F4A86A365C-LeaderElection8] INFO  impl.LeaderElection (LeaderElection.java:askForVotes(323)) - 805285a9-14be-4ba5-9516-049ed8f85315@group-66F4A86A365C-LeaderElection8 PRE_VOTE round 0: result REJECTED
2024-02-26 09:18:35,723 [805285a9-14be-4ba5-9516-049ed8f85315@group-66F4A86A365C-LeaderElection8] INFO  server.RaftServer$Division (RaftServerImpl.java:setRole(383)) - 805285a9-14be-4ba5-9516-049ed8f85315@group-66F4A86A365C: changes role from CANDIDATE to FOLLOWER at term 0 for REJECTED
2024-02-26 09:18:35,723 [805285a9-14be-4ba5-9516-049ed8f85315@group-66F4A86A365C-LeaderElection8] INFO  impl.RoleInfo (RoleInfo.java:shutdownLeaderElection(130)) - 805285a9-14be-4ba5-9516-049ed8f85315: shutdown 805285a9-14be-4ba5-9516-049ed8f85315@group-66F4A86A365C-LeaderElection8
2024-02-26 09:18:35,723 [805285a9-14be-4ba5-9516-049ed8f85315@group-66F4A86A365C-LeaderElection8] INFO  impl.RoleInfo (RoleInfo.java:updateAndGet(139)) - 805285a9-14be-4ba5-9516-049ed8f85315: start 805285a9-14be-4ba5-9516-049ed8f85315@group-66F4A86A365C-FollowerState
2024-02-26 09:18:35,727 [805285a9-14be-4ba5-9516-049ed8f85315@group-66F4A86A365C-LeaderElection8] INFO  server.RaftServer$Division (RaftServerImpl.java:setFirstElection(574)) - 805285a9-14be-4ba5-9516-049ed8f85315@group-66F4A86A365C: set firstElectionSinceStartup to false for REJECTED
2024-02-26 09:18:35,752 [62c7a6b6-874c-46f0-a24f-66d1ecaaa81b@group-BB7F519A9432-FollowerState] INFO  impl.FollowerState (FollowerState.java:run(143)) - 62c7a6b6-874c-46f0-a24f-66d1ecaaa81b@group-BB7F519A9432-FollowerState: change to CANDIDATE, lastRpcElapsedTime:5151935315ns, electionTimeout:5149ms
2024-02-26 09:18:35,752 [62c7a6b6-874c-46f0-a24f-66d1ecaaa81b@group-BB7F519A9432-FollowerState] INFO  impl.RoleInfo (RoleInfo.java:shutdownFollowerState(110)) - 62c7a6b6-874c-46f0-a24f-66d1ecaaa81b: shutdown 62c7a6b6-874c-46f0-a24f-66d1ecaaa81b@group-BB7F519A9432-FollowerState
2024-02-26 09:18:35,752 [62c7a6b6-874c-46f0-a24f-66d1ecaaa81b@group-BB7F519A9432-FollowerState] INFO  server.RaftServer$Division (RaftServerImpl.java:setRole(383)) - 62c7a6b6-874c-46f0-a24f-66d1ecaaa81b@group-BB7F519A9432: changes role from  FOLLOWER to CANDIDATE at term 0 for changeToCandidate
2024-02-26 09:18:35,752 [62c7a6b6-874c-46f0-a24f-66d1ecaaa81b@group-BB7F519A9432-FollowerState] INFO  server.RaftServerConfigKeys (ConfUtils.java:logGet(46)) - raft.server.leaderelection.pre-vote = true (default)
2024-02-26 09:18:35,752 [62c7a6b6-874c-46f0-a24f-66d1ecaaa81b@group-BB7F519A9432-FollowerState] INFO  impl.RoleInfo (RoleInfo.java:updateAndGet(139)) - 62c7a6b6-874c-46f0-a24f-66d1ecaaa81b: start 62c7a6b6-874c-46f0-a24f-66d1ecaaa81b@group-BB7F519A9432-LeaderElection9
2024-02-26 09:18:35,755 [62c7a6b6-874c-46f0-a24f-66d1ecaaa81b@group-BB7F519A9432-LeaderElection9] INFO  impl.LeaderElection (LeaderElection.java:askForVotes(321)) - 62c7a6b6-874c-46f0-a24f-66d1ecaaa81b@group-BB7F519A9432-LeaderElection9 PRE_VOTE round 0: submit vote requests at term 0 for -1: peers:[62c7a6b6-874c-46f0-a24f-66d1ecaaa81b|10.1.0.30:15050]|listeners:[], old=null
2024-02-26 09:18:35,755 [62c7a6b6-874c-46f0-a24f-66d1ecaaa81b@group-BB7F519A9432-LeaderElection9] INFO  impl.LeaderElection (LeaderElection.java:askForVotes(323)) - 62c7a6b6-874c-46f0-a24f-66d1ecaaa81b@group-BB7F519A9432-LeaderElection9 PRE_VOTE round 0: result PASSED (term=0)
2024-02-26 09:18:35,759 [62c7a6b6-874c-46f0-a24f-66d1ecaaa81b@group-BB7F519A9432-LeaderElection9] INFO  impl.LeaderElection (LeaderElection.java:askForVotes(321)) - 62c7a6b6-874c-46f0-a24f-66d1ecaaa81b@group-BB7F519A9432-LeaderElection9 ELECTION round 0: submit vote requests at term 1 for -1: peers:[62c7a6b6-874c-46f0-a24f-66d1ecaaa81b|10.1.0.30:15050]|listeners:[], old=null
2024-02-26 09:18:35,759 [62c7a6b6-874c-46f0-a24f-66d1ecaaa81b@group-BB7F519A9432-LeaderElection9] INFO  impl.LeaderElection (LeaderElection.java:askForVotes(323)) - 62c7a6b6-874c-46f0-a24f-66d1ecaaa81b@group-BB7F519A9432-LeaderElection9 ELECTION round 0: result PASSED (term=1)
2024-02-26 09:18:35,759 [62c7a6b6-874c-46f0-a24f-66d1ecaaa81b@group-BB7F519A9432-LeaderElection9] INFO  impl.RoleInfo (RoleInfo.java:shutdownLeaderElection(130)) - 62c7a6b6-874c-46f0-a24f-66d1ecaaa81b: shutdown 62c7a6b6-874c-46f0-a24f-66d1ecaaa81b@group-BB7F519A9432-LeaderElection9
2024-02-26 09:18:35,759 [62c7a6b6-874c-46f0-a24f-66d1ecaaa81b@group-BB7F519A9432-LeaderElection9] INFO  server.RaftServer$Division (RaftServerImpl.java:setRole(383)) - 62c7a6b6-874c-46f0-a24f-66d1ecaaa81b@group-BB7F519A9432: changes role from CANDIDATE to LEADER at term 1 for changeToLeader
2024-02-26 09:18:35,759 [62c7a6b6-874c-46f0-a24f-66d1ecaaa81b@group-BB7F519A9432-LeaderElection9] INFO  server.RaftServerConfigKeys (ConfUtils.java:logGet(46)) - raft.server.staging.catchup.gap = 1000 (default)
2024-02-26 09:18:35,759 [62c7a6b6-874c-46f0-a24f-66d1ecaaa81b@group-BB7F519A9432-LeaderElection9] INFO  server.RaftServerConfigKeys (ConfUtils.java:logGet(46)) - raft.server.write.element-limit = 1024 (custom)
2024-02-26 09:18:35,759 [62c7a6b6-874c-46f0-a24f-66d1ecaaa81b@group-BB7F519A9432-LeaderElection9] INFO  server.RaftServerConfigKeys (ConfUtils.java:logGet(46)) - raft.server.write.byte-limit = 1024 M (=1073741824) (custom)
2024-02-26 09:18:35,760 [62c7a6b6-874c-46f0-a24f-66d1ecaaa81b@group-BB7F519A9432-LeaderElection9] INFO  server.RaftServerConfigKeys (ConfUtils.java:logGet(46)) - raft.server.watch.timeout = 180s (custom)
2024-02-26 09:18:35,760 [62c7a6b6-874c-46f0-a24f-66d1ecaaa81b@group-BB7F519A9432-LeaderElection9] INFO  server.RaftServerConfigKeys (ConfUtils.java:logGet(46)) - raft.server.watch.timeout.denomination = 1s (default)
2024-02-26 09:18:35,760 [62c7a6b6-874c-46f0-a24f-66d1ecaaa81b@group-BB7F519A9432-LeaderElection9] INFO  server.RaftServerConfigKeys (ConfUtils.java:logGet(46)) - raft.server.watch.element-limit = 65536 (default)
2024-02-26 09:18:35,760 [62c7a6b6-874c-46f0-a24f-66d1ecaaa81b@group-BB7F519A9432-LeaderElection9] INFO  server.RaftServerConfigKeys (ConfUtils.java:logGet(46)) - raft.server.read.leader.lease.enabled = false (default)
2024-02-26 09:18:35,760 [62c7a6b6-874c-46f0-a24f-66d1ecaaa81b@group-BB7F519A9432-LeaderElection9] INFO  server.RaftServerConfigKeys (ConfUtils.java:logGet(46)) - raft.server.read.leader.lease.timeout.ratio = 0.9 (default)
2024-02-26 09:18:35,760 [62c7a6b6-874c-46f0-a24f-66d1ecaaa81b@group-BB7F519A9432-LeaderElection9] INFO  server.RaftServerConfigKeys (ConfUtils.java:logGet(46)) - raft.server.rpc.timeout.min = 5s (custom)
2024-02-26 09:18:35,760 [62c7a6b6-874c-46f0-a24f-66d1ecaaa81b@group-BB7F519A9432-LeaderElection9] INFO  server.RaftServerConfigKeys (ConfUtils.java:logGet(46)) - raft.server.write.element-limit = 1024 (custom)
2024-02-26 09:18:35,760 [62c7a6b6-874c-46f0-a24f-66d1ecaaa81b@group-BB7F519A9432-LeaderElection9] INFO  server.RaftServerConfigKeys (ConfUtils.java:logGet(46)) - raft.server.write.follower.gap.ratio.max = -1.0 (default)
2024-02-26 09:18:35,760 [62c7a6b6-874c-46f0-a24f-66d1ecaaa81b@group-BB7F519A9432-LeaderElection9] INFO  impl.RoleInfo (RoleInfo.java:updateAndGet(139)) - 62c7a6b6-874c-46f0-a24f-66d1ecaaa81b: start 62c7a6b6-874c-46f0-a24f-66d1ecaaa81b@group-BB7F519A9432-LeaderStateImpl
2024-02-26 09:18:35,760 [62c7a6b6-874c-46f0-a24f-66d1ecaaa81b@group-BB7F519A9432-LeaderElection9] INFO  server.RaftServer$Division (RaftServerImpl.java:setFirstElection(574)) - 62c7a6b6-874c-46f0-a24f-66d1ecaaa81b@group-BB7F519A9432: set firstElectionSinceStartup to false for becomeLeader
2024-02-26 09:18:35,760 [62c7a6b6-874c-46f0-a24f-66d1ecaaa81b@group-BB7F519A9432-LeaderElection9] INFO  ratis.XceiverServerRatis (XceiverServerRatis.java:handleLeaderChangedNotification(966)) - Leader change notification received for group: group-BB7F519A9432 with new leaderId: 62c7a6b6-874c-46f0-a24f-66d1ecaaa81b
2024-02-26 09:18:35,760 [62c7a6b6-874c-46f0-a24f-66d1ecaaa81b@group-BB7F519A9432-LeaderElection9] INFO  server.RaftServer$Division (ServerState.java:setLeader(269)) - 62c7a6b6-874c-46f0-a24f-66d1ecaaa81b@group-BB7F519A9432: change Leader from null to 62c7a6b6-874c-46f0-a24f-66d1ecaaa81b at term 1 for becomeLeader, leader elected after 5188ms
2024-02-26 09:18:35,760 [62c7a6b6-874c-46f0-a24f-66d1ecaaa81b@group-BB7F519A9432-LeaderElection9] INFO  segmented.SegmentedRaftLogWorker (SegmentedRaftLogWorker.java:startLogSegment(430)) - 62c7a6b6-874c-46f0-a24f-66d1ecaaa81b@group-BB7F519A9432-SegmentedRaftLogWorker: Starting segment from index:0
2024-02-26 09:18:35,761 [62c7a6b6-874c-46f0-a24f-66d1ecaaa81b@group-BB7F519A9432-SegmentedRaftLogWorker] INFO  segmented.BufferedWriteChannel (BufferedWriteChannel.java:open(62)) - open log_inprogress_0 at position 0
2024-02-26 09:18:35,762 [62c7a6b6-874c-46f0-a24f-66d1ecaaa81b@group-BB7F519A9432-LeaderElection9] INFO  server.RaftServer$Division (ServerState.java:setRaftConf(386)) - 62c7a6b6-874c-46f0-a24f-66d1ecaaa81b@group-BB7F519A9432: set configuration 0: peers:[62c7a6b6-874c-46f0-a24f-66d1ecaaa81b|10.1.0.30:15050]|listeners:[], old=null
2024-02-26 09:18:35,769 [62c7a6b6-874c-46f0-a24f-66d1ecaaa81b@group-BB7F519A9432-SegmentedRaftLogWorker] INFO  segmented.SegmentedRaftLogWorker (SegmentedRaftLogWorker.java:execute(634)) - 62c7a6b6-874c-46f0-a24f-66d1ecaaa81b@group-BB7F519A9432-SegmentedRaftLogWorker: created new log segment /home/runner/work/ozone/ozone/hadoop-ozone/integration-test/target/test-dir/MiniOzoneClusterImpl-0d79f430-b8c0-477e-97b7-98e50d733022/ozone-meta/datanode-5/ratis/8cf78206-2280-4dd6-a2f1-bb7f519a9432/current/log_inprogress_0
2024-02-26 09:18:35,771 [62c7a6b6-874c-46f0-a24f-66d1ecaaa81b@group-BB7F519A9432-StateMachineUpdater] INFO  server.RaftServer$Division (LeaderStateImpl.java:isApplied(320)) - leader is ready since appliedIndex == 0 >= startIndex == 0
2024-02-26 09:18:35,829 [62c7a6b6-874c-46f0-a24f-66d1ecaaa81b@group-66F4A86A365C-FollowerState] INFO  server.RaftServerConfigKeys (ConfUtils.java:logFallback(53)) - raft.server.rpc.first-election.timeout.min = 5s (fallback to raft.server.rpc.timeout.min)
2024-02-26 09:18:35,829 [62c7a6b6-874c-46f0-a24f-66d1ecaaa81b@group-66F4A86A365C-FollowerState] INFO  server.RaftServerConfigKeys (ConfUtils.java:logFallback(53)) - raft.server.rpc.first-election.timeout.max = 5200ms (fallback to raft.server.rpc.timeout.max)
2024-02-26 09:18:35,867 [bca0bda6-c24b-45de-ae86-b5c7c2d890ab@group-66F4A86A365C-FollowerState] INFO  impl.FollowerState (FollowerState.java:run(143)) - bca0bda6-c24b-45de-ae86-b5c7c2d890ab@group-66F4A86A365C-FollowerState: change to CANDIDATE, lastRpcElapsedTime:5042559582ns, electionTimeout:5034ms
2024-02-26 09:18:35,867 [bca0bda6-c24b-45de-ae86-b5c7c2d890ab@group-66F4A86A365C-FollowerState] INFO  impl.RoleInfo (RoleInfo.java:shutdownFollowerState(110)) - bca0bda6-c24b-45de-ae86-b5c7c2d890ab: shutdown bca0bda6-c24b-45de-ae86-b5c7c2d890ab@group-66F4A86A365C-FollowerState
2024-02-26 09:18:35,867 [bca0bda6-c24b-45de-ae86-b5c7c2d890ab@group-66F4A86A365C-FollowerState] INFO  server.RaftServer$Division (RaftServerImpl.java:setRole(383)) - bca0bda6-c24b-45de-ae86-b5c7c2d890ab@group-66F4A86A365C: changes role from  FOLLOWER to CANDIDATE at term 0 for changeToCandidate
2024-02-26 09:18:35,867 [bca0bda6-c24b-45de-ae86-b5c7c2d890ab@group-66F4A86A365C-FollowerState] INFO  server.RaftServerConfigKeys (ConfUtils.java:logGet(46)) - raft.server.leaderelection.pre-vote = true (default)
2024-02-26 09:18:35,867 [bca0bda6-c24b-45de-ae86-b5c7c2d890ab@group-66F4A86A365C-FollowerState] INFO  impl.RoleInfo (RoleInfo.java:updateAndGet(139)) - bca0bda6-c24b-45de-ae86-b5c7c2d890ab: start bca0bda6-c24b-45de-ae86-b5c7c2d890ab@group-66F4A86A365C-LeaderElection10
2024-02-26 09:18:35,878 [bca0bda6-c24b-45de-ae86-b5c7c2d890ab@group-66F4A86A365C-LeaderElection10] INFO  impl.LeaderElection (LeaderElection.java:askForVotes(321)) - bca0bda6-c24b-45de-ae86-b5c7c2d890ab@group-66F4A86A365C-LeaderElection10 PRE_VOTE round 0: submit vote requests at term 0 for -1: peers:[805285a9-14be-4ba5-9516-049ed8f85315|10.1.0.30:15041, 62c7a6b6-874c-46f0-a24f-66d1ecaaa81b|10.1.0.30:15050, bca0bda6-c24b-45de-ae86-b5c7c2d890ab|10.1.0.30:15059]|listeners:[], old=null
2024-02-26 09:18:35,878 [bca0bda6-c24b-45de-ae86-b5c7c2d890ab@group-66F4A86A365C-LeaderElection10-1] INFO  server.GrpcServerProtocolClient (GrpcServerProtocolClient.java:<init>(65)) - Build channel for 805285a9-14be-4ba5-9516-049ed8f85315|10.1.0.30:15041
2024-02-26 09:18:35,880 [bca0bda6-c24b-45de-ae86-b5c7c2d890ab@group-66F4A86A365C-LeaderElection10] INFO  server.RaftServerConfigKeys (ConfUtils.java:logFallback(53)) - raft.server.rpc.first-election.timeout.min = 5s (fallback to raft.server.rpc.timeout.min)
2024-02-26 09:18:35,880 [bca0bda6-c24b-45de-ae86-b5c7c2d890ab@group-66F4A86A365C-LeaderElection10] INFO  server.RaftServerConfigKeys (ConfUtils.java:logFallback(53)) - raft.server.rpc.first-election.timeout.max = 5200ms (fallback to raft.server.rpc.timeout.max)
2024-02-26 09:18:35,881 [bca0bda6-c24b-45de-ae86-b5c7c2d890ab@group-66F4A86A365C-LeaderElection10-2] INFO  server.GrpcServerProtocolClient (GrpcServerProtocolClient.java:<init>(65)) - Build channel for 62c7a6b6-874c-46f0-a24f-66d1ecaaa81b|10.1.0.30:15050
2024-02-26 09:18:35,891 [grpc-default-executor-0] INFO  server.RaftServer$Division (RaftServerImpl.java:requestVote(1389)) - 805285a9-14be-4ba5-9516-049ed8f85315@group-66F4A86A365C: receive requestVote(PRE_VOTE, bca0bda6-c24b-45de-ae86-b5c7c2d890ab, group-66F4A86A365C, 0, (t:0, i:0))
2024-02-26 09:18:35,891 [grpc-default-executor-0] INFO  impl.VoteContext (VoteContext.java:log(49)) - 805285a9-14be-4ba5-9516-049ed8f85315@group-66F4A86A365C-FOLLOWER: accept PRE_VOTE from bca0bda6-c24b-45de-ae86-b5c7c2d890ab: our priority 0 <= candidate's priority 1
2024-02-26 09:18:35,891 [grpc-default-executor-0] INFO  server.RaftServer$Division (RaftServerImpl.java:requestVote(1422)) - 805285a9-14be-4ba5-9516-049ed8f85315@group-66F4A86A365C replies to PRE_VOTE vote request: bca0bda6-c24b-45de-ae86-b5c7c2d890ab<-805285a9-14be-4ba5-9516-049ed8f85315#0:OK-t0. Peer's state: 805285a9-14be-4ba5-9516-049ed8f85315@group-66F4A86A365C:t0, leader=null, voted=, raftlog=Memoized:805285a9-14be-4ba5-9516-049ed8f85315@group-66F4A86A365C-SegmentedRaftLog:OPENED:c-1, conf=-1: peers:[805285a9-14be-4ba5-9516-049ed8f85315|10.1.0.30:15041, 62c7a6b6-874c-46f0-a24f-66d1ecaaa81b|10.1.0.30:15050, bca0bda6-c24b-45de-ae86-b5c7c2d890ab|10.1.0.30:15059]|listeners:[], old=null
2024-02-26 09:18:35,895 [bca0bda6-c24b-45de-ae86-b5c7c2d890ab@group-66F4A86A365C-LeaderElection10] INFO  impl.LeaderElection (LeaderElection.java:logAndReturn(89)) - bca0bda6-c24b-45de-ae86-b5c7c2d890ab@group-66F4A86A365C-LeaderElection10: PRE_VOTE PASSED received 1 response(s) and 0 exception(s):
2024-02-26 09:18:35,895 [bca0bda6-c24b-45de-ae86-b5c7c2d890ab@group-66F4A86A365C-LeaderElection10] INFO  impl.LeaderElection (LeaderElection.java:logAndReturn(93)) -   Response 0: bca0bda6-c24b-45de-ae86-b5c7c2d890ab<-805285a9-14be-4ba5-9516-049ed8f85315#0:OK-t0
2024-02-26 09:18:35,895 [bca0bda6-c24b-45de-ae86-b5c7c2d890ab@group-66F4A86A365C-LeaderElection10] INFO  impl.LeaderElection (LeaderElection.java:askForVotes(323)) - bca0bda6-c24b-45de-ae86-b5c7c2d890ab@group-66F4A86A365C-LeaderElection10 PRE_VOTE round 0: result PASSED
2024-02-26 09:18:35,897 [bca0bda6-c24b-45de-ae86-b5c7c2d890ab@group-66F4A86A365C-LeaderElection10] INFO  impl.LeaderElection (LeaderElection.java:askForVotes(321)) - bca0bda6-c24b-45de-ae86-b5c7c2d890ab@group-66F4A86A365C-LeaderElection10 ELECTION round 0: submit vote requests at term 1 for -1: peers:[805285a9-14be-4ba5-9516-049ed8f85315|10.1.0.30:15041, 62c7a6b6-874c-46f0-a24f-66d1ecaaa81b|10.1.0.30:15050, bca0bda6-c24b-45de-ae86-b5c7c2d890ab|10.1.0.30:15059]|listeners:[], old=null
2024-02-26 09:18:35,897 [bca0bda6-c24b-45de-ae86-b5c7c2d890ab@group-66F4A86A365C-LeaderElection10] INFO  server.RaftServerConfigKeys (ConfUtils.java:logFallback(53)) - raft.server.rpc.first-election.timeout.min = 5s (fallback to raft.server.rpc.timeout.min)
2024-02-26 09:18:35,897 [bca0bda6-c24b-45de-ae86-b5c7c2d890ab@group-66F4A86A365C-LeaderElection10] INFO  server.RaftServerConfigKeys (ConfUtils.java:logFallback(53)) - raft.server.rpc.first-election.timeout.max = 5200ms (fallback to raft.server.rpc.timeout.max)
2024-02-26 09:18:35,899 [grpc-default-executor-0] INFO  server.RaftServer$Division (RaftServerImpl.java:requestVote(1389)) - 62c7a6b6-874c-46f0-a24f-66d1ecaaa81b@group-66F4A86A365C: receive requestVote(PRE_VOTE, bca0bda6-c24b-45de-ae86-b5c7c2d890ab, group-66F4A86A365C, 0, (t:0, i:0))
2024-02-26 09:18:35,900 [grpc-default-executor-0] INFO  impl.VoteContext (VoteContext.java:log(49)) - 62c7a6b6-874c-46f0-a24f-66d1ecaaa81b@group-66F4A86A365C-FOLLOWER: accept PRE_VOTE from bca0bda6-c24b-45de-ae86-b5c7c2d890ab: our priority 0 <= candidate's priority 1
2024-02-26 09:18:35,900 [grpc-default-executor-0] INFO  server.RaftServer$Division (RaftServerImpl.java:requestVote(1422)) - 62c7a6b6-874c-46f0-a24f-66d1ecaaa81b@group-66F4A86A365C replies to PRE_VOTE vote request: bca0bda6-c24b-45de-ae86-b5c7c2d890ab<-62c7a6b6-874c-46f0-a24f-66d1ecaaa81b#0:OK-t0. Peer's state: 62c7a6b6-874c-46f0-a24f-66d1ecaaa81b@group-66F4A86A365C:t0, leader=null, voted=, raftlog=Memoized:62c7a6b6-874c-46f0-a24f-66d1ecaaa81b@group-66F4A86A365C-SegmentedRaftLog:OPENED:c-1, conf=-1: peers:[805285a9-14be-4ba5-9516-049ed8f85315|10.1.0.30:15041, 62c7a6b6-874c-46f0-a24f-66d1ecaaa81b|10.1.0.30:15050, bca0bda6-c24b-45de-ae86-b5c7c2d890ab|10.1.0.30:15059]|listeners:[], old=null
2024-02-26 09:18:35,908 [grpc-default-executor-3] INFO  server.RaftServer$Division (RaftServerImpl.java:requestVote(1389)) - 62c7a6b6-874c-46f0-a24f-66d1ecaaa81b@group-66F4A86A365C: receive requestVote(ELECTION, bca0bda6-c24b-45de-ae86-b5c7c2d890ab, group-66F4A86A365C, 1, (t:0, i:0))
2024-02-26 09:18:35,908 [grpc-default-executor-3] INFO  impl.VoteContext (VoteContext.java:log(49)) - 62c7a6b6-874c-46f0-a24f-66d1ecaaa81b@group-66F4A86A365C-FOLLOWER: accept ELECTION from bca0bda6-c24b-45de-ae86-b5c7c2d890ab: our priority 0 <= candidate's priority 1
2024-02-26 09:18:35,908 [grpc-default-executor-3] INFO  server.RaftServer$Division (RaftServerImpl.java:setRole(383)) - 62c7a6b6-874c-46f0-a24f-66d1ecaaa81b@group-66F4A86A365C: changes role from  FOLLOWER to FOLLOWER at term 1 for candidate:bca0bda6-c24b-45de-ae86-b5c7c2d890ab
2024-02-26 09:18:35,908 [grpc-default-executor-3] INFO  impl.RoleInfo (RoleInfo.java:shutdownFollowerState(110)) - 62c7a6b6-874c-46f0-a24f-66d1ecaaa81b: shutdown 62c7a6b6-874c-46f0-a24f-66d1ecaaa81b@group-66F4A86A365C-FollowerState
2024-02-26 09:18:35,908 [grpc-default-executor-3] INFO  impl.RoleInfo (RoleInfo.java:updateAndGet(139)) - 62c7a6b6-874c-46f0-a24f-66d1ecaaa81b: start 62c7a6b6-874c-46f0-a24f-66d1ecaaa81b@group-66F4A86A365C-FollowerState
2024-02-26 09:18:35,908 [grpc-default-executor-0] INFO  server.RaftServer$Division (RaftServerImpl.java:requestVote(1389)) - 805285a9-14be-4ba5-9516-049ed8f85315@group-66F4A86A365C: receive requestVote(ELECTION, bca0bda6-c24b-45de-ae86-b5c7c2d890ab, group-66F4A86A365C, 1, (t:0, i:0))
2024-02-26 09:18:35,908 [grpc-default-executor-0] INFO  impl.VoteContext (VoteContext.java:log(49)) - 805285a9-14be-4ba5-9516-049ed8f85315@group-66F4A86A365C-FOLLOWER: accept ELECTION from bca0bda6-c24b-45de-ae86-b5c7c2d890ab: our priority 0 <= candidate's priority 1
2024-02-26 09:18:35,908 [grpc-default-executor-0] INFO  server.RaftServer$Division (RaftServerImpl.java:setRole(383)) - 805285a9-14be-4ba5-9516-049ed8f85315@group-66F4A86A365C: changes role from  FOLLOWER to FOLLOWER at term 1 for candidate:bca0bda6-c24b-45de-ae86-b5c7c2d890ab
2024-02-26 09:18:35,908 [grpc-default-executor-0] INFO  impl.RoleInfo (RoleInfo.java:shutdownFollowerState(110)) - 805285a9-14be-4ba5-9516-049ed8f85315: shutdown 805285a9-14be-4ba5-9516-049ed8f85315@group-66F4A86A365C-FollowerState
2024-02-26 09:18:35,908 [62c7a6b6-874c-46f0-a24f-66d1ecaaa81b@group-66F4A86A365C-FollowerState] INFO  impl.FollowerState (FollowerState.java:run(152)) - 62c7a6b6-874c-46f0-a24f-66d1ecaaa81b@group-66F4A86A365C-FollowerState was interrupted
2024-02-26 09:18:35,914 [grpc-default-executor-0] INFO  impl.RoleInfo (RoleInfo.java:updateAndGet(139)) - 805285a9-14be-4ba5-9516-049ed8f85315: start 805285a9-14be-4ba5-9516-049ed8f85315@group-66F4A86A365C-FollowerState
2024-02-26 09:18:35,914 [805285a9-14be-4ba5-9516-049ed8f85315@group-66F4A86A365C-FollowerState] INFO  impl.FollowerState (FollowerState.java:run(152)) - 805285a9-14be-4ba5-9516-049ed8f85315@group-66F4A86A365C-FollowerState was interrupted
2024-02-26 09:18:35,916 [grpc-default-executor-3] INFO  server.RaftServer$Division (RaftServerImpl.java:setFirstElection(574)) - 62c7a6b6-874c-46f0-a24f-66d1ecaaa81b@group-66F4A86A365C: set firstElectionSinceStartup to false for candidate:bca0bda6-c24b-45de-ae86-b5c7c2d890ab
2024-02-26 09:18:35,917 [grpc-default-executor-0] INFO  server.RaftServer$Division (RaftServerImpl.java:requestVote(1422)) - 805285a9-14be-4ba5-9516-049ed8f85315@group-66F4A86A365C replies to ELECTION vote request: bca0bda6-c24b-45de-ae86-b5c7c2d890ab<-805285a9-14be-4ba5-9516-049ed8f85315#0:OK-t1. Peer's state: 805285a9-14be-4ba5-9516-049ed8f85315@group-66F4A86A365C:t1, leader=null, voted=bca0bda6-c24b-45de-ae86-b5c7c2d890ab, raftlog=Memoized:805285a9-14be-4ba5-9516-049ed8f85315@group-66F4A86A365C-SegmentedRaftLog:OPENED:c-1, conf=-1: peers:[805285a9-14be-4ba5-9516-049ed8f85315|10.1.0.30:15041, 62c7a6b6-874c-46f0-a24f-66d1ecaaa81b|10.1.0.30:15050, bca0bda6-c24b-45de-ae86-b5c7c2d890ab|10.1.0.30:15059]|listeners:[], old=null
2024-02-26 09:18:35,918 [grpc-default-executor-3] INFO  server.RaftServer$Division (RaftServerImpl.java:requestVote(1422)) - 62c7a6b6-874c-46f0-a24f-66d1ecaaa81b@group-66F4A86A365C replies to ELECTION vote request: bca0bda6-c24b-45de-ae86-b5c7c2d890ab<-62c7a6b6-874c-46f0-a24f-66d1ecaaa81b#0:OK-t1. Peer's state: 62c7a6b6-874c-46f0-a24f-66d1ecaaa81b@group-66F4A86A365C:t1, leader=null, voted=bca0bda6-c24b-45de-ae86-b5c7c2d890ab, raftlog=Memoized:62c7a6b6-874c-46f0-a24f-66d1ecaaa81b@group-66F4A86A365C-SegmentedRaftLog:OPENED:c-1, conf=-1: peers:[805285a9-14be-4ba5-9516-049ed8f85315|10.1.0.30:15041, 62c7a6b6-874c-46f0-a24f-66d1ecaaa81b|10.1.0.30:15050, bca0bda6-c24b-45de-ae86-b5c7c2d890ab|10.1.0.30:15059]|listeners:[], old=null
2024-02-26 09:18:35,919 [bca0bda6-c24b-45de-ae86-b5c7c2d890ab@group-66F4A86A365C-LeaderElection10] INFO  impl.LeaderElection (LeaderElection.java:logAndReturn(89)) - bca0bda6-c24b-45de-ae86-b5c7c2d890ab@group-66F4A86A365C-LeaderElection10: ELECTION PASSED received 1 response(s) and 0 exception(s):
2024-02-26 09:18:35,919 [bca0bda6-c24b-45de-ae86-b5c7c2d890ab@group-66F4A86A365C-LeaderElection10] INFO  impl.LeaderElection (LeaderElection.java:logAndReturn(93)) -   Response 0: bca0bda6-c24b-45de-ae86-b5c7c2d890ab<-62c7a6b6-874c-46f0-a24f-66d1ecaaa81b#0:OK-t1
2024-02-26 09:18:35,919 [bca0bda6-c24b-45de-ae86-b5c7c2d890ab@group-66F4A86A365C-LeaderElection10] INFO  impl.LeaderElection (LeaderElection.java:askForVotes(323)) - bca0bda6-c24b-45de-ae86-b5c7c2d890ab@group-66F4A86A365C-LeaderElection10 ELECTION round 0: result PASSED
2024-02-26 09:18:35,919 [bca0bda6-c24b-45de-ae86-b5c7c2d890ab@group-66F4A86A365C-LeaderElection10] INFO  impl.RoleInfo (RoleInfo.java:shutdownLeaderElection(130)) - bca0bda6-c24b-45de-ae86-b5c7c2d890ab: shutdown bca0bda6-c24b-45de-ae86-b5c7c2d890ab@group-66F4A86A365C-LeaderElection10
2024-02-26 09:18:35,919 [bca0bda6-c24b-45de-ae86-b5c7c2d890ab@group-66F4A86A365C-LeaderElection10] INFO  server.RaftServer$Division (RaftServerImpl.java:setRole(383)) - bca0bda6-c24b-45de-ae86-b5c7c2d890ab@group-66F4A86A365C: changes role from CANDIDATE to LEADER at term 1 for changeToLeader
2024-02-26 09:18:35,920 [bca0bda6-c24b-45de-ae86-b5c7c2d890ab@group-66F4A86A365C-LeaderElection10] INFO  server.RaftServerConfigKeys (ConfUtils.java:logGet(46)) - raft.server.staging.catchup.gap = 1000 (default)
2024-02-26 09:18:35,924 [bca0bda6-c24b-45de-ae86-b5c7c2d890ab@group-66F4A86A365C-LeaderElection10] INFO  server.RaftServerConfigKeys (ConfUtils.java:logGet(46)) - raft.server.write.element-limit = 1024 (custom)
2024-02-26 09:18:35,924 [bca0bda6-c24b-45de-ae86-b5c7c2d890ab@group-66F4A86A365C-LeaderElection10] INFO  server.RaftServerConfigKeys (ConfUtils.java:logGet(46)) - raft.server.write.byte-limit = 1024 M (=1073741824) (custom)
2024-02-26 09:18:35,925 [bca0bda6-c24b-45de-ae86-b5c7c2d890ab@group-66F4A86A365C-LeaderElection10] INFO  server.RaftServerConfigKeys (ConfUtils.java:logGet(46)) - raft.server.watch.timeout = 180s (custom)
2024-02-26 09:18:35,925 [bca0bda6-c24b-45de-ae86-b5c7c2d890ab@group-66F4A86A365C-LeaderElection10] INFO  server.RaftServerConfigKeys (ConfUtils.java:logGet(46)) - raft.server.watch.timeout.denomination = 1s (default)
2024-02-26 09:18:35,925 [bca0bda6-c24b-45de-ae86-b5c7c2d890ab@group-66F4A86A365C-LeaderElection10] INFO  server.RaftServerConfigKeys (ConfUtils.java:logGet(46)) - raft.server.watch.element-limit = 65536 (default)
2024-02-26 09:18:35,925 [bca0bda6-c24b-45de-ae86-b5c7c2d890ab@group-66F4A86A365C-LeaderElection10] INFO  server.RaftServerConfigKeys (ConfUtils.java:logGet(46)) - raft.server.read.leader.lease.enabled = false (default)
2024-02-26 09:18:35,925 [bca0bda6-c24b-45de-ae86-b5c7c2d890ab@group-66F4A86A365C-LeaderElection10] INFO  server.RaftServerConfigKeys (ConfUtils.java:logGet(46)) - raft.server.read.leader.lease.timeout.ratio = 0.9 (default)
2024-02-26 09:18:35,925 [bca0bda6-c24b-45de-ae86-b5c7c2d890ab@group-66F4A86A365C-LeaderElection10] INFO  server.RaftServerConfigKeys (ConfUtils.java:logGet(46)) - raft.server.rpc.timeout.min = 5s (custom)
2024-02-26 09:18:35,925 [bca0bda6-c24b-45de-ae86-b5c7c2d890ab@group-66F4A86A365C-LeaderElection10] INFO  server.RaftServerConfigKeys (ConfUtils.java:logGet(46)) - raft.server.write.element-limit = 1024 (custom)
2024-02-26 09:18:35,925 [bca0bda6-c24b-45de-ae86-b5c7c2d890ab@group-66F4A86A365C-LeaderElection10] INFO  server.RaftServerConfigKeys (ConfUtils.java:logGet(46)) - raft.server.write.follower.gap.ratio.max = -1.0 (default)
2024-02-26 09:18:35,926 [bca0bda6-c24b-45de-ae86-b5c7c2d890ab@group-66F4A86A365C-LeaderElection10] INFO  server.RaftServerConfigKeys (ConfUtils.java:logGet(46)) - raft.server.log.appender.snapshot.chunk.size.max = 16MB (=16777216) (default)
2024-02-26 09:18:35,926 [bca0bda6-c24b-45de-ae86-b5c7c2d890ab@group-66F4A86A365C-LeaderElection10] INFO  server.RaftServerConfigKeys (ConfUtils.java:logGet(46)) - raft.server.log.appender.buffer.byte-limit = 8388608 (custom)
2024-02-26 09:18:35,926 [bca0bda6-c24b-45de-ae86-b5c7c2d890ab@group-66F4A86A365C-LeaderElection10] INFO  server.RaftServerConfigKeys (ConfUtils.java:logGet(46)) - raft.server.log.appender.buffer.element-limit = 1 (custom)
2024-02-26 09:18:35,926 [bca0bda6-c24b-45de-ae86-b5c7c2d890ab@group-66F4A86A365C-LeaderElection10] INFO  server.RaftServerConfigKeys (ConfUtils.java:logGet(46)) - raft.server.log.appender.wait-time.min = 0μs (custom)
2024-02-26 09:18:35,924 [bca0bda6-c24b-45de-ae86-b5c7c2d890ab@group-03D8C6A018CC-FollowerState] INFO  impl.FollowerState (FollowerState.java:run(143)) - bca0bda6-c24b-45de-ae86-b5c7c2d890ab@group-03D8C6A018CC-FollowerState: change to CANDIDATE, lastRpcElapsedTime:5176758121ns, electionTimeout:5164ms
2024-02-26 09:18:35,926 [bca0bda6-c24b-45de-ae86-b5c7c2d890ab@group-03D8C6A018CC-FollowerState] INFO  impl.RoleInfo (RoleInfo.java:shutdownFollowerState(110)) - bca0bda6-c24b-45de-ae86-b5c7c2d890ab: shutdown bca0bda6-c24b-45de-ae86-b5c7c2d890ab@group-03D8C6A018CC-FollowerState
2024-02-26 09:18:35,927 [bca0bda6-c24b-45de-ae86-b5c7c2d890ab@group-03D8C6A018CC-FollowerState] INFO  server.RaftServer$Division (RaftServerImpl.java:setRole(383)) - bca0bda6-c24b-45de-ae86-b5c7c2d890ab@group-03D8C6A018CC: changes role from  FOLLOWER to CANDIDATE at term 0 for changeToCandidate
2024-02-26 09:18:35,927 [bca0bda6-c24b-45de-ae86-b5c7c2d890ab@group-03D8C6A018CC-FollowerState] INFO  server.RaftServerConfigKeys (ConfUtils.java:logGet(46)) - raft.server.leaderelection.pre-vote = true (default)
2024-02-26 09:18:35,927 [bca0bda6-c24b-45de-ae86-b5c7c2d890ab@group-03D8C6A018CC-FollowerState] INFO  impl.RoleInfo (RoleInfo.java:updateAndGet(139)) - bca0bda6-c24b-45de-ae86-b5c7c2d890ab: start bca0bda6-c24b-45de-ae86-b5c7c2d890ab@group-03D8C6A018CC-LeaderElection11
2024-02-26 09:18:35,926 [bca0bda6-c24b-45de-ae86-b5c7c2d890ab@group-66F4A86A365C-LeaderElection10] INFO  grpc.GrpcConfigKeys (ConfUtils.java:logGet(46)) - raft.grpc.server.leader.outstanding.appends.max = 8 (default)
2024-02-26 09:18:35,929 [bca0bda6-c24b-45de-ae86-b5c7c2d890ab@group-66F4A86A365C-LeaderElection10] INFO  server.RaftServerConfigKeys (ConfUtils.java:logGet(46)) - raft.server.rpc.request.timeout = 60s (custom)
2024-02-26 09:18:35,929 [bca0bda6-c24b-45de-ae86-b5c7c2d890ab@group-66F4A86A365C-LeaderElection10] INFO  grpc.GrpcConfigKeys (ConfUtils.java:logGet(46)) - raft.grpc.server.install_snapshot.request.element-limit = 8 (default)
2024-02-26 09:18:35,929 [bca0bda6-c24b-45de-ae86-b5c7c2d890ab@group-66F4A86A365C-LeaderElection10] INFO  grpc.GrpcConfigKeys (ConfUtils.java:logGet(46)) - raft.grpc.server.install_snapshot.request.timeout = 3000ms (default)
2024-02-26 09:18:35,929 [bca0bda6-c24b-45de-ae86-b5c7c2d890ab@group-66F4A86A365C-LeaderElection10] INFO  grpc.GrpcConfigKeys (ConfUtils.java:logGet(46)) - raft.grpc.server.log-message.batch.duration = 5s (default)
2024-02-26 09:18:35,929 [bca0bda6-c24b-45de-ae86-b5c7c2d890ab@group-66F4A86A365C-LeaderElection10] INFO  server.RaftServerConfigKeys (ConfUtils.java:logGet(46)) - raft.server.log.appender.install.snapshot.enabled = false (custom)
2024-02-26 09:18:35,960 [bca0bda6-c24b-45de-ae86-b5c7c2d890ab@group-66F4A86A365C-LeaderElection10] INFO  grpc.GrpcConfigKeys (ConfUtils.java:logGet(46)) - raft.grpc.server.heartbeat.channel = true (default)
2024-02-26 09:18:35,962 [bca0bda6-c24b-45de-ae86-b5c7c2d890ab@group-03D8C6A018CC-LeaderElection11] INFO  impl.LeaderElection (LeaderElection.java:askForVotes(321)) - bca0bda6-c24b-45de-ae86-b5c7c2d890ab@group-03D8C6A018CC-LeaderElection11 PRE_VOTE round 0: submit vote requests at term 0 for -1: peers:[bca0bda6-c24b-45de-ae86-b5c7c2d890ab|10.1.0.30:15059]|listeners:[], old=null
2024-02-26 09:18:35,962 [bca0bda6-c24b-45de-ae86-b5c7c2d890ab@group-03D8C6A018CC-LeaderElection11] INFO  impl.LeaderElection (LeaderElection.java:askForVotes(323)) - bca0bda6-c24b-45de-ae86-b5c7c2d890ab@group-03D8C6A018CC-LeaderElection11 PRE_VOTE round 0: result PASSED (term=0)
2024-02-26 09:18:35,964 [bca0bda6-c24b-45de-ae86-b5c7c2d890ab@group-03D8C6A018CC-LeaderElection11] INFO  impl.LeaderElection (LeaderElection.java:askForVotes(321)) - bca0bda6-c24b-45de-ae86-b5c7c2d890ab@group-03D8C6A018CC-LeaderElection11 ELECTION round 0: submit vote requests at term 1 for -1: peers:[bca0bda6-c24b-45de-ae86-b5c7c2d890ab|10.1.0.30:15059]|listeners:[], old=null
2024-02-26 09:18:35,964 [bca0bda6-c24b-45de-ae86-b5c7c2d890ab@group-03D8C6A018CC-LeaderElection11] INFO  impl.LeaderElection (LeaderElection.java:askForVotes(323)) - bca0bda6-c24b-45de-ae86-b5c7c2d890ab@group-03D8C6A018CC-LeaderElection11 ELECTION round 0: result PASSED (term=1)
2024-02-26 09:18:35,964 [bca0bda6-c24b-45de-ae86-b5c7c2d890ab@group-03D8C6A018CC-LeaderElection11] INFO  impl.RoleInfo (RoleInfo.java:shutdownLeaderElection(130)) - bca0bda6-c24b-45de-ae86-b5c7c2d890ab: shutdown bca0bda6-c24b-45de-ae86-b5c7c2d890ab@group-03D8C6A018CC-LeaderElection11
2024-02-26 09:18:35,964 [bca0bda6-c24b-45de-ae86-b5c7c2d890ab@group-03D8C6A018CC-LeaderElection11] INFO  server.RaftServer$Division (RaftServerImpl.java:setRole(383)) - bca0bda6-c24b-45de-ae86-b5c7c2d890ab@group-03D8C6A018CC: changes role from CANDIDATE to LEADER at term 1 for changeToLeader
2024-02-26 09:18:35,964 [bca0bda6-c24b-45de-ae86-b5c7c2d890ab@group-03D8C6A018CC-LeaderElection11] INFO  server.RaftServerConfigKeys (ConfUtils.java:logGet(46)) - raft.server.staging.catchup.gap = 1000 (default)
2024-02-26 09:18:35,964 [bca0bda6-c24b-45de-ae86-b5c7c2d890ab@group-03D8C6A018CC-LeaderElection11] INFO  server.RaftServerConfigKeys (ConfUtils.java:logGet(46)) - raft.server.write.element-limit = 1024 (custom)
2024-02-26 09:18:35,964 [bca0bda6-c24b-45de-ae86-b5c7c2d890ab@group-03D8C6A018CC-LeaderElection11] INFO  server.RaftServerConfigKeys (ConfUtils.java:logGet(46)) - raft.server.write.byte-limit = 1024 M (=1073741824) (custom)
2024-02-26 09:18:35,965 [bca0bda6-c24b-45de-ae86-b5c7c2d890ab@group-66F4A86A365C-LeaderElection10] INFO  server.RaftServerConfigKeys (ConfUtils.java:logGet(46)) - raft.server.log.appender.snapshot.chunk.size.max = 16MB (=16777216) (default)
2024-02-26 09:18:35,965 [bca0bda6-c24b-45de-ae86-b5c7c2d890ab@group-66F4A86A365C-LeaderElection10] INFO  server.RaftServerConfigKeys (ConfUtils.java:logGet(46)) - raft.server.log.appender.buffer.byte-limit = 8388608 (custom)
2024-02-26 09:18:35,965 [bca0bda6-c24b-45de-ae86-b5c7c2d890ab@group-66F4A86A365C-LeaderElection10] INFO  server.RaftServerConfigKeys (ConfUtils.java:logGet(46)) - raft.server.log.appender.buffer.element-limit = 1 (custom)
2024-02-26 09:18:35,965 [bca0bda6-c24b-45de-ae86-b5c7c2d890ab@group-03D8C6A018CC-LeaderElection11] INFO  server.RaftServerConfigKeys (ConfUtils.java:logGet(46)) - raft.server.watch.timeout = 180s (custom)
2024-02-26 09:18:35,965 [bca0bda6-c24b-45de-ae86-b5c7c2d890ab@group-66F4A86A365C-LeaderElection10] INFO  server.RaftServerConfigKeys (ConfUtils.java:logGet(46)) - raft.server.log.appender.wait-time.min = 0μs (custom)
2024-02-26 09:18:35,965 [bca0bda6-c24b-45de-ae86-b5c7c2d890ab@group-66F4A86A365C-LeaderElection10] INFO  grpc.GrpcConfigKeys (ConfUtils.java:logGet(46)) - raft.grpc.server.leader.outstanding.appends.max = 8 (default)
2024-02-26 09:18:35,965 [bca0bda6-c24b-45de-ae86-b5c7c2d890ab@group-66F4A86A365C-LeaderElection10] INFO  server.RaftServerConfigKeys (ConfUtils.java:logGet(46)) - raft.server.rpc.request.timeout = 60s (custom)
2024-02-26 09:18:35,965 [bca0bda6-c24b-45de-ae86-b5c7c2d890ab@group-66F4A86A365C-LeaderElection10] INFO  grpc.GrpcConfigKeys (ConfUtils.java:logGet(46)) - raft.grpc.server.install_snapshot.request.element-limit = 8 (default)
2024-02-26 09:18:35,965 [bca0bda6-c24b-45de-ae86-b5c7c2d890ab@group-66F4A86A365C-LeaderElection10] INFO  grpc.GrpcConfigKeys (ConfUtils.java:logGet(46)) - raft.grpc.server.install_snapshot.request.timeout = 3000ms (default)
2024-02-26 09:18:35,965 [bca0bda6-c24b-45de-ae86-b5c7c2d890ab@group-66F4A86A365C-LeaderElection10] INFO  grpc.GrpcConfigKeys (ConfUtils.java:logGet(46)) - raft.grpc.server.log-message.batch.duration = 5s (default)
2024-02-26 09:18:35,965 [bca0bda6-c24b-45de-ae86-b5c7c2d890ab@group-66F4A86A365C-LeaderElection10] INFO  server.RaftServerConfigKeys (ConfUtils.java:logGet(46)) - raft.server.log.appender.install.snapshot.enabled = false (custom)
2024-02-26 09:18:35,965 [bca0bda6-c24b-45de-ae86-b5c7c2d890ab@group-66F4A86A365C-LeaderElection10] INFO  grpc.GrpcConfigKeys (ConfUtils.java:logGet(46)) - raft.grpc.server.heartbeat.channel = true (default)
2024-02-26 09:18:35,966 [bca0bda6-c24b-45de-ae86-b5c7c2d890ab@group-66F4A86A365C-LeaderElection10] INFO  impl.RoleInfo (RoleInfo.java:updateAndGet(139)) - bca0bda6-c24b-45de-ae86-b5c7c2d890ab: start bca0bda6-c24b-45de-ae86-b5c7c2d890ab@group-66F4A86A365C-LeaderStateImpl
2024-02-26 09:18:35,966 [bca0bda6-c24b-45de-ae86-b5c7c2d890ab@group-66F4A86A365C-LeaderElection10] INFO  server.RaftServer$Division (RaftServerImpl.java:setFirstElection(574)) - bca0bda6-c24b-45de-ae86-b5c7c2d890ab@group-66F4A86A365C: set firstElectionSinceStartup to false for becomeLeader
2024-02-26 09:18:35,966 [bca0bda6-c24b-45de-ae86-b5c7c2d890ab@group-66F4A86A365C-LeaderElection10] INFO  ratis.XceiverServerRatis (XceiverServerRatis.java:handleLeaderChangedNotification(966)) - Leader change notification received for group: group-66F4A86A365C with new leaderId: bca0bda6-c24b-45de-ae86-b5c7c2d890ab
2024-02-26 09:18:35,966 [bca0bda6-c24b-45de-ae86-b5c7c2d890ab@group-66F4A86A365C-LeaderElection10] INFO  server.RaftServer$Division (ServerState.java:setLeader(269)) - bca0bda6-c24b-45de-ae86-b5c7c2d890ab@group-66F4A86A365C: change Leader from null to bca0bda6-c24b-45de-ae86-b5c7c2d890ab at term 1 for becomeLeader, leader elected after 5208ms
2024-02-26 09:18:35,966 [bca0bda6-c24b-45de-ae86-b5c7c2d890ab@group-66F4A86A365C-LeaderElection10] INFO  segmented.SegmentedRaftLogWorker (SegmentedRaftLogWorker.java:startLogSegment(430)) - bca0bda6-c24b-45de-ae86-b5c7c2d890ab@group-66F4A86A365C-SegmentedRaftLogWorker: Starting segment from index:0
2024-02-26 09:18:35,967 [bca0bda6-c24b-45de-ae86-b5c7c2d890ab@group-66F4A86A365C-SegmentedRaftLogWorker] INFO  segmented.BufferedWriteChannel (BufferedWriteChannel.java:open(62)) - open log_inprogress_0 at position 0
2024-02-26 09:18:35,965 [bca0bda6-c24b-45de-ae86-b5c7c2d890ab@group-03D8C6A018CC-LeaderElection11] INFO  server.RaftServerConfigKeys (ConfUtils.java:logGet(46)) - raft.server.watch.timeout.denomination = 1s (default)
2024-02-26 09:18:35,967 [bca0bda6-c24b-45de-ae86-b5c7c2d890ab@group-03D8C6A018CC-LeaderElection11] INFO  server.RaftServerConfigKeys (ConfUtils.java:logGet(46)) - raft.server.watch.element-limit = 65536 (default)
2024-02-26 09:18:35,968 [bca0bda6-c24b-45de-ae86-b5c7c2d890ab@group-03D8C6A018CC-LeaderElection11] INFO  server.RaftServerConfigKeys (ConfUtils.java:logGet(46)) - raft.server.read.leader.lease.enabled = false (default)
2024-02-26 09:18:35,968 [bca0bda6-c24b-45de-ae86-b5c7c2d890ab@group-03D8C6A018CC-LeaderElection11] INFO  server.RaftServerConfigKeys (ConfUtils.java:logGet(46)) - raft.server.read.leader.lease.timeout.ratio = 0.9 (default)
2024-02-26 09:18:35,968 [bca0bda6-c24b-45de-ae86-b5c7c2d890ab@group-03D8C6A018CC-LeaderElection11] INFO  server.RaftServerConfigKeys (ConfUtils.java:logGet(46)) - raft.server.rpc.timeout.min = 5s (custom)
2024-02-26 09:18:35,968 [bca0bda6-c24b-45de-ae86-b5c7c2d890ab@group-03D8C6A018CC-LeaderElection11] INFO  server.RaftServerConfigKeys (ConfUtils.java:logGet(46)) - raft.server.write.element-limit = 1024 (custom)
2024-02-26 09:18:35,968 [bca0bda6-c24b-45de-ae86-b5c7c2d890ab@group-03D8C6A018CC-LeaderElection11] INFO  server.RaftServerConfigKeys (ConfUtils.java:logGet(46)) - raft.server.write.follower.gap.ratio.max = -1.0 (default)
2024-02-26 09:18:35,968 [bca0bda6-c24b-45de-ae86-b5c7c2d890ab@group-03D8C6A018CC-LeaderElection11] INFO  impl.RoleInfo (RoleInfo.java:updateAndGet(139)) - bca0bda6-c24b-45de-ae86-b5c7c2d890ab: start bca0bda6-c24b-45de-ae86-b5c7c2d890ab@group-03D8C6A018CC-LeaderStateImpl
2024-02-26 09:18:35,968 [bca0bda6-c24b-45de-ae86-b5c7c2d890ab@group-03D8C6A018CC-LeaderElection11] INFO  server.RaftServer$Division (RaftServerImpl.java:setFirstElection(574)) - bca0bda6-c24b-45de-ae86-b5c7c2d890ab@group-03D8C6A018CC: set firstElectionSinceStartup to false for becomeLeader
2024-02-26 09:18:35,968 [bca0bda6-c24b-45de-ae86-b5c7c2d890ab@group-03D8C6A018CC-LeaderElection11] INFO  ratis.XceiverServerRatis (XceiverServerRatis.java:handleLeaderChangedNotification(966)) - Leader change notification received for group: group-03D8C6A018CC with new leaderId: bca0bda6-c24b-45de-ae86-b5c7c2d890ab
2024-02-26 09:18:35,968 [bca0bda6-c24b-45de-ae86-b5c7c2d890ab@group-03D8C6A018CC-LeaderElection11] INFO  server.RaftServer$Division (ServerState.java:setLeader(269)) - bca0bda6-c24b-45de-ae86-b5c7c2d890ab@group-03D8C6A018CC: change Leader from null to bca0bda6-c24b-45de-ae86-b5c7c2d890ab at term 1 for becomeLeader, leader elected after 5277ms
2024-02-26 09:18:35,968 [bca0bda6-c24b-45de-ae86-b5c7c2d890ab@group-03D8C6A018CC-LeaderElection11] INFO  segmented.SegmentedRaftLogWorker (SegmentedRaftLogWorker.java:startLogSegment(430)) - bca0bda6-c24b-45de-ae86-b5c7c2d890ab@group-03D8C6A018CC-SegmentedRaftLogWorker: Starting segment from index:0
2024-02-26 09:18:35,972 [EventQueue-PipelineReportForPipelineReportHandler] INFO  pipeline.PipelineReportHandler (PipelineReportHandler.java:processPipelineReport(136)) - Opened pipeline PipelineID=e66b14b8-0bee-4da7-8c90-66f4a86a365c
2024-02-26 09:18:35,973 [bca0bda6-c24b-45de-ae86-b5c7c2d890ab@group-03D8C6A018CC-LeaderElection11] INFO  server.RaftServer$Division (ServerState.java:setRaftConf(386)) - bca0bda6-c24b-45de-ae86-b5c7c2d890ab@group-03D8C6A018CC: set configuration 0: peers:[bca0bda6-c24b-45de-ae86-b5c7c2d890ab|10.1.0.30:15059]|listeners:[], old=null
2024-02-26 09:18:35,973 [bca0bda6-c24b-45de-ae86-b5c7c2d890ab@group-66F4A86A365C-LeaderElection10] INFO  server.RaftServer$Division (ServerState.java:setRaftConf(386)) - bca0bda6-c24b-45de-ae86-b5c7c2d890ab@group-66F4A86A365C: set configuration 0: peers:[805285a9-14be-4ba5-9516-049ed8f85315|10.1.0.30:15041, 62c7a6b6-874c-46f0-a24f-66d1ecaaa81b|10.1.0.30:15050, bca0bda6-c24b-45de-ae86-b5c7c2d890ab|10.1.0.30:15059]|listeners:[], old=null
2024-02-26 09:18:35,975 [bca0bda6-c24b-45de-ae86-b5c7c2d890ab@group-03D8C6A018CC-SegmentedRaftLogWorker] INFO  segmented.BufferedWriteChannel (BufferedWriteChannel.java:open(62)) - open log_inprogress_0 at position 0
2024-02-26 09:18:35,975 [bca0bda6-c24b-45de-ae86-b5c7c2d890ab@group-66F4A86A365C-SegmentedRaftLogWorker] INFO  segmented.SegmentedRaftLogWorker (SegmentedRaftLogWorker.java:execute(634)) - bca0bda6-c24b-45de-ae86-b5c7c2d890ab@group-66F4A86A365C-SegmentedRaftLogWorker: created new log segment /home/runner/work/ozone/ozone/hadoop-ozone/integration-test/target/test-dir/MiniOzoneClusterImpl-0d79f430-b8c0-477e-97b7-98e50d733022/ozone-meta/datanode-6/ratis/e66b14b8-0bee-4da7-8c90-66f4a86a365c/current/log_inprogress_0
2024-02-26 09:18:35,984 [bca0bda6-c24b-45de-ae86-b5c7c2d890ab@group-03D8C6A018CC-SegmentedRaftLogWorker] INFO  segmented.SegmentedRaftLogWorker (SegmentedRaftLogWorker.java:execute(634)) - bca0bda6-c24b-45de-ae86-b5c7c2d890ab@group-03D8C6A018CC-SegmentedRaftLogWorker: created new log segment /home/runner/work/ozone/ozone/hadoop-ozone/integration-test/target/test-dir/MiniOzoneClusterImpl-0d79f430-b8c0-477e-97b7-98e50d733022/ozone-meta/datanode-6/ratis/a75f2f67-ef60-4d48-8ff0-03d8c6a018cc/current/log_inprogress_0
2024-02-26 09:18:35,993 [bca0bda6-c24b-45de-ae86-b5c7c2d890ab@group-03D8C6A018CC-StateMachineUpdater] INFO  server.RaftServer$Division (LeaderStateImpl.java:isApplied(320)) - leader is ready since appliedIndex == 0 >= startIndex == 0
2024-02-26 09:18:36,011 [62c7a6b6-874c-46f0-a24f-66d1ecaaa81b-server-thread2] INFO  ratis.XceiverServerRatis (XceiverServerRatis.java:handleLeaderChangedNotification(966)) - Leader change notification received for group: group-66F4A86A365C with new leaderId: bca0bda6-c24b-45de-ae86-b5c7c2d890ab
2024-02-26 09:18:36,011 [62c7a6b6-874c-46f0-a24f-66d1ecaaa81b-server-thread2] INFO  server.RaftServer$Division (ServerState.java:setLeader(269)) - 62c7a6b6-874c-46f0-a24f-66d1ecaaa81b@group-66F4A86A365C: change Leader from null to bca0bda6-c24b-45de-ae86-b5c7c2d890ab at term 1 for appendEntries, leader elected after 5399ms
2024-02-26 09:18:36,013 [62c7a6b6-874c-46f0-a24f-66d1ecaaa81b-server-thread2] INFO  server.RaftServer$Division (ServerState.java:setRaftConf(386)) - 62c7a6b6-874c-46f0-a24f-66d1ecaaa81b@group-66F4A86A365C: set configuration 0: peers:[805285a9-14be-4ba5-9516-049ed8f85315|10.1.0.30:15041, 62c7a6b6-874c-46f0-a24f-66d1ecaaa81b|10.1.0.30:15050, bca0bda6-c24b-45de-ae86-b5c7c2d890ab|10.1.0.30:15059]|listeners:[], old=null
2024-02-26 09:18:36,015 [62c7a6b6-874c-46f0-a24f-66d1ecaaa81b-server-thread2] INFO  segmented.SegmentedRaftLogWorker (SegmentedRaftLogWorker.java:startLogSegment(430)) - 62c7a6b6-874c-46f0-a24f-66d1ecaaa81b@group-66F4A86A365C-SegmentedRaftLogWorker: Starting segment from index:0
2024-02-26 09:18:36,022 [62c7a6b6-874c-46f0-a24f-66d1ecaaa81b@group-66F4A86A365C-SegmentedRaftLogWorker] INFO  segmented.BufferedWriteChannel (BufferedWriteChannel.java:open(62)) - open log_inprogress_0 at position 0
2024-02-26 09:18:36,026 [805285a9-14be-4ba5-9516-049ed8f85315-server-thread2] INFO  ratis.XceiverServerRatis (XceiverServerRatis.java:handleLeaderChangedNotification(966)) - Leader change notification received for group: group-66F4A86A365C with new leaderId: bca0bda6-c24b-45de-ae86-b5c7c2d890ab
2024-02-26 09:18:36,026 [805285a9-14be-4ba5-9516-049ed8f85315-server-thread2] INFO  server.RaftServer$Division (ServerState.java:setLeader(269)) - 805285a9-14be-4ba5-9516-049ed8f85315@group-66F4A86A365C: change Leader from null to bca0bda6-c24b-45de-ae86-b5c7c2d890ab at term 1 for appendEntries, leader elected after 5546ms
2024-02-26 09:18:36,028 [805285a9-14be-4ba5-9516-049ed8f85315-server-thread2] INFO  server.RaftServer$Division (ServerState.java:setRaftConf(386)) - 805285a9-14be-4ba5-9516-049ed8f85315@group-66F4A86A365C: set configuration 0: peers:[805285a9-14be-4ba5-9516-049ed8f85315|10.1.0.30:15041, 62c7a6b6-874c-46f0-a24f-66d1ecaaa81b|10.1.0.30:15050, bca0bda6-c24b-45de-ae86-b5c7c2d890ab|10.1.0.30:15059]|listeners:[], old=null
2024-02-26 09:18:36,028 [805285a9-14be-4ba5-9516-049ed8f85315-server-thread2] INFO  segmented.SegmentedRaftLogWorker (SegmentedRaftLogWorker.java:startLogSegment(430)) - 805285a9-14be-4ba5-9516-049ed8f85315@group-66F4A86A365C-SegmentedRaftLogWorker: Starting segment from index:0
2024-02-26 09:18:36,029 [805285a9-14be-4ba5-9516-049ed8f85315@group-66F4A86A365C-SegmentedRaftLogWorker] INFO  segmented.BufferedWriteChannel (BufferedWriteChannel.java:open(62)) - open log_inprogress_0 at position 0
2024-02-26 09:18:36,031 [62c7a6b6-874c-46f0-a24f-66d1ecaaa81b@group-66F4A86A365C-SegmentedRaftLogWorker] INFO  segmented.SegmentedRaftLogWorker (SegmentedRaftLogWorker.java:execute(634)) - 62c7a6b6-874c-46f0-a24f-66d1ecaaa81b@group-66F4A86A365C-SegmentedRaftLogWorker: created new log segment /home/runner/work/ozone/ozone/hadoop-ozone/integration-test/target/test-dir/MiniOzoneClusterImpl-0d79f430-b8c0-477e-97b7-98e50d733022/ozone-meta/datanode-5/ratis/e66b14b8-0bee-4da7-8c90-66f4a86a365c/current/log_inprogress_0
2024-02-26 09:18:36,036 [bca0bda6-c24b-45de-ae86-b5c7c2d890ab@group-66F4A86A365C-StateMachineUpdater] INFO  server.RaftServer$Division (LeaderStateImpl.java:isApplied(320)) - leader is ready since appliedIndex == 0 >= startIndex == 0
2024-02-26 09:18:36,036 [805285a9-14be-4ba5-9516-049ed8f85315@group-66F4A86A365C-SegmentedRaftLogWorker] INFO  segmented.SegmentedRaftLogWorker (SegmentedRaftLogWorker.java:execute(634)) - 805285a9-14be-4ba5-9516-049ed8f85315@group-66F4A86A365C-SegmentedRaftLogWorker: created new log segment /home/runner/work/ozone/ozone/hadoop-ozone/integration-test/target/test-dir/MiniOzoneClusterImpl-0d79f430-b8c0-477e-97b7-98e50d733022/ozone-meta/datanode-4/ratis/e66b14b8-0bee-4da7-8c90-66f4a86a365c/current/log_inprogress_0
2024-02-26 09:18:36,055 [62c7a6b6-874c-46f0-a24f-66d1ecaaa81b@group-E406F7D03047-FollowerState] INFO  impl.FollowerState (FollowerState.java:run(143)) - 62c7a6b6-874c-46f0-a24f-66d1ecaaa81b@group-E406F7D03047-FollowerState: change to CANDIDATE, lastRpcElapsedTime:5038776616ns, electionTimeout:5024ms
2024-02-26 09:18:36,055 [62c7a6b6-874c-46f0-a24f-66d1ecaaa81b@group-E406F7D03047-FollowerState] INFO  impl.RoleInfo (RoleInfo.java:shutdownFollowerState(110)) - 62c7a6b6-874c-46f0-a24f-66d1ecaaa81b: shutdown 62c7a6b6-874c-46f0-a24f-66d1ecaaa81b@group-E406F7D03047-FollowerState
2024-02-26 09:18:36,055 [62c7a6b6-874c-46f0-a24f-66d1ecaaa81b@group-E406F7D03047-FollowerState] INFO  server.RaftServer$Division (RaftServerImpl.java:setRole(383)) - 62c7a6b6-874c-46f0-a24f-66d1ecaaa81b@group-E406F7D03047: changes role from  FOLLOWER to CANDIDATE at term 0 for changeToCandidate
2024-02-26 09:18:36,055 [62c7a6b6-874c-46f0-a24f-66d1ecaaa81b@group-E406F7D03047-FollowerState] INFO  server.RaftServerConfigKeys (ConfUtils.java:logGet(46)) - raft.server.leaderelection.pre-vote = true (default)
2024-02-26 09:18:36,055 [62c7a6b6-874c-46f0-a24f-66d1ecaaa81b@group-E406F7D03047-FollowerState] INFO  impl.RoleInfo (RoleInfo.java:updateAndGet(139)) - 62c7a6b6-874c-46f0-a24f-66d1ecaaa81b: start 62c7a6b6-874c-46f0-a24f-66d1ecaaa81b@group-E406F7D03047-LeaderElection12
2024-02-26 09:18:36,059 [a70c1067-2103-48d8-b21c-f7bdcf327398@group-73FBAF7E6709-FollowerState] INFO  impl.FollowerState (FollowerState.java:run(143)) - a70c1067-2103-48d8-b21c-f7bdcf327398@group-73FBAF7E6709-FollowerState: change to CANDIDATE, lastRpcElapsedTime:5046750876ns, electionTimeout:5042ms
2024-02-26 09:18:36,059 [a70c1067-2103-48d8-b21c-f7bdcf327398@group-73FBAF7E6709-FollowerState] INFO  impl.RoleInfo (RoleInfo.java:shutdownFollowerState(110)) - a70c1067-2103-48d8-b21c-f7bdcf327398: shutdown a70c1067-2103-48d8-b21c-f7bdcf327398@group-73FBAF7E6709-FollowerState
2024-02-26 09:18:36,059 [a70c1067-2103-48d8-b21c-f7bdcf327398@group-73FBAF7E6709-FollowerState] INFO  server.RaftServer$Division (RaftServerImpl.java:setRole(383)) - a70c1067-2103-48d8-b21c-f7bdcf327398@group-73FBAF7E6709: changes role from  FOLLOWER to CANDIDATE at term 0 for changeToCandidate
2024-02-26 09:18:36,059 [a70c1067-2103-48d8-b21c-f7bdcf327398@group-73FBAF7E6709-FollowerState] INFO  server.RaftServerConfigKeys (ConfUtils.java:logGet(46)) - raft.server.leaderelection.pre-vote = true (default)
2024-02-26 09:18:36,059 [a70c1067-2103-48d8-b21c-f7bdcf327398@group-73FBAF7E6709-FollowerState] INFO  impl.RoleInfo (RoleInfo.java:updateAndGet(139)) - a70c1067-2103-48d8-b21c-f7bdcf327398: start a70c1067-2103-48d8-b21c-f7bdcf327398@group-73FBAF7E6709-LeaderElection13
2024-02-26 09:18:36,064 [62c7a6b6-874c-46f0-a24f-66d1ecaaa81b@group-E406F7D03047-LeaderElection12] INFO  impl.LeaderElection (LeaderElection.java:askForVotes(321)) - 62c7a6b6-874c-46f0-a24f-66d1ecaaa81b@group-E406F7D03047-LeaderElection12 PRE_VOTE round 0: submit vote requests at term 0 for -1: peers:[805285a9-14be-4ba5-9516-049ed8f85315|10.1.0.30:15041, 62c7a6b6-874c-46f0-a24f-66d1ecaaa81b|10.1.0.30:15050, bca0bda6-c24b-45de-ae86-b5c7c2d890ab|10.1.0.30:15059]|listeners:[], old=null
2024-02-26 09:18:36,064 [a70c1067-2103-48d8-b21c-f7bdcf327398@group-73FBAF7E6709-LeaderElection13] INFO  impl.LeaderElection (LeaderElection.java:askForVotes(321)) - a70c1067-2103-48d8-b21c-f7bdcf327398@group-73FBAF7E6709-LeaderElection13 PRE_VOTE round 0: submit vote requests at term 0 for -1: peers:[f0a2b3de-ed07-43d6-bdce-9d4b8e15ed2c|10.1.0.30:15032, a70c1067-2103-48d8-b21c-f7bdcf327398|10.1.0.30:15023, 1fc8e30e-bcf6-4a54-bb04-f74c1c9f090e|10.1.0.30:15014]|listeners:[], old=null
2024-02-26 09:18:36,064 [62c7a6b6-874c-46f0-a24f-66d1ecaaa81b@group-E406F7D03047-LeaderElection12-1] INFO  server.GrpcServerProtocolClient (GrpcServerProtocolClient.java:<init>(65)) - Build channel for 805285a9-14be-4ba5-9516-049ed8f85315|10.1.0.30:15041
2024-02-26 09:18:36,065 [a70c1067-2103-48d8-b21c-f7bdcf327398@group-73FBAF7E6709-LeaderElection13-1] INFO  server.GrpcServerProtocolClient (GrpcServerProtocolClient.java:<init>(65)) - Build channel for f0a2b3de-ed07-43d6-bdce-9d4b8e15ed2c|10.1.0.30:15032
2024-02-26 09:18:36,067 [62c7a6b6-874c-46f0-a24f-66d1ecaaa81b@group-E406F7D03047-LeaderElection12] INFO  server.RaftServerConfigKeys (ConfUtils.java:logFallback(53)) - raft.server.rpc.first-election.timeout.min = 5s (fallback to raft.server.rpc.timeout.min)
2024-02-26 09:18:36,067 [62c7a6b6-874c-46f0-a24f-66d1ecaaa81b@group-E406F7D03047-LeaderElection12] INFO  server.RaftServerConfigKeys (ConfUtils.java:logFallback(53)) - raft.server.rpc.first-election.timeout.max = 5200ms (fallback to raft.server.rpc.timeout.max)
2024-02-26 09:18:36,068 [62c7a6b6-874c-46f0-a24f-66d1ecaaa81b@group-E406F7D03047-LeaderElection12-2] INFO  server.GrpcServerProtocolClient (GrpcServerProtocolClient.java:<init>(65)) - Build channel for bca0bda6-c24b-45de-ae86-b5c7c2d890ab|10.1.0.30:15059
2024-02-26 09:18:36,075 [a70c1067-2103-48d8-b21c-f7bdcf327398@group-73FBAF7E6709-LeaderElection13] INFO  server.RaftServerConfigKeys (ConfUtils.java:logFallback(53)) - raft.server.rpc.first-election.timeout.min = 5s (fallback to raft.server.rpc.timeout.min)
2024-02-26 09:18:36,075 [a70c1067-2103-48d8-b21c-f7bdcf327398@group-73FBAF7E6709-LeaderElection13-2] INFO  server.GrpcServerProtocolClient (GrpcServerProtocolClient.java:<init>(65)) - Build channel for 1fc8e30e-bcf6-4a54-bb04-f74c1c9f090e|10.1.0.30:15014
2024-02-26 09:18:36,075 [a70c1067-2103-48d8-b21c-f7bdcf327398@group-73FBAF7E6709-LeaderElection13] INFO  server.RaftServerConfigKeys (ConfUtils.java:logFallback(53)) - raft.server.rpc.first-election.timeout.max = 5200ms (fallback to raft.server.rpc.timeout.max)
2024-02-26 09:18:36,079 [b254f787-4ade-443a-8cd7-22935f345023@group-F786DD91C2C9-FollowerState] INFO  impl.FollowerState (FollowerState.java:run(143)) - b254f787-4ade-443a-8cd7-22935f345023@group-F786DD91C2C9-FollowerState: change to CANDIDATE, lastRpcElapsedTime:5108167628ns, electionTimeout:5097ms
2024-02-26 09:18:36,082 [b254f787-4ade-443a-8cd7-22935f345023@group-F786DD91C2C9-FollowerState] INFO  impl.RoleInfo (RoleInfo.java:shutdownFollowerState(110)) - b254f787-4ade-443a-8cd7-22935f345023: shutdown b254f787-4ade-443a-8cd7-22935f345023@group-F786DD91C2C9-FollowerState
2024-02-26 09:18:36,082 [b254f787-4ade-443a-8cd7-22935f345023@group-F786DD91C2C9-FollowerState] INFO  server.RaftServer$Division (RaftServerImpl.java:setRole(383)) - b254f787-4ade-443a-8cd7-22935f345023@group-F786DD91C2C9: changes role from  FOLLOWER to CANDIDATE at term 0 for changeToCandidate
2024-02-26 09:18:36,082 [b254f787-4ade-443a-8cd7-22935f345023@group-F786DD91C2C9-FollowerState] INFO  server.RaftServerConfigKeys (ConfUtils.java:logGet(46)) - raft.server.leaderelection.pre-vote = true (default)
2024-02-26 09:18:36,082 [b254f787-4ade-443a-8cd7-22935f345023@group-F786DD91C2C9-FollowerState] INFO  impl.RoleInfo (RoleInfo.java:updateAndGet(139)) - b254f787-4ade-443a-8cd7-22935f345023: start b254f787-4ade-443a-8cd7-22935f345023@group-F786DD91C2C9-LeaderElection14
2024-02-26 09:18:36,091 [grpc-default-executor-1] INFO  server.RaftServer$Division (RaftServerImpl.java:requestVote(1389)) - 805285a9-14be-4ba5-9516-049ed8f85315@group-E406F7D03047: receive requestVote(PRE_VOTE, 62c7a6b6-874c-46f0-a24f-66d1ecaaa81b, group-E406F7D03047, 0, (t:0, i:0))
2024-02-26 09:18:36,091 [grpc-default-executor-1] INFO  impl.VoteContext (VoteContext.java:log(49)) - 805285a9-14be-4ba5-9516-049ed8f85315@group-E406F7D03047-FOLLOWER: accept PRE_VOTE from 62c7a6b6-874c-46f0-a24f-66d1ecaaa81b: our priority 0 <= candidate's priority 1
2024-02-26 09:18:36,091 [grpc-default-executor-1] INFO  server.RaftServer$Division (RaftServerImpl.java:requestVote(1422)) - 805285a9-14be-4ba5-9516-049ed8f85315@group-E406F7D03047 replies to PRE_VOTE vote request: 62c7a6b6-874c-46f0-a24f-66d1ecaaa81b<-805285a9-14be-4ba5-9516-049ed8f85315#0:OK-t0. Peer's state: 805285a9-14be-4ba5-9516-049ed8f85315@group-E406F7D03047:t0, leader=null, voted=, raftlog=Memoized:805285a9-14be-4ba5-9516-049ed8f85315@group-E406F7D03047-SegmentedRaftLog:OPENED:c-1, conf=-1: peers:[805285a9-14be-4ba5-9516-049ed8f85315|10.1.0.30:15041, 62c7a6b6-874c-46f0-a24f-66d1ecaaa81b|10.1.0.30:15050, bca0bda6-c24b-45de-ae86-b5c7c2d890ab|10.1.0.30:15059]|listeners:[], old=null
2024-02-26 09:18:36,092 [grpc-default-executor-3] INFO  server.RaftServer$Division (RaftServerImpl.java:requestVote(1389)) - bca0bda6-c24b-45de-ae86-b5c7c2d890ab@group-E406F7D03047: receive requestVote(PRE_VOTE, 62c7a6b6-874c-46f0-a24f-66d1ecaaa81b, group-E406F7D03047, 0, (t:0, i:0))
2024-02-26 09:18:36,092 [grpc-default-executor-0] INFO  server.RaftServer$Division (RaftServerImpl.java:requestVote(1389)) - f0a2b3de-ed07-43d6-bdce-9d4b8e15ed2c@group-73FBAF7E6709: receive requestVote(PRE_VOTE, a70c1067-2103-48d8-b21c-f7bdcf327398, group-73FBAF7E6709, 0, (t:0, i:0))
2024-02-26 09:18:36,092 [grpc-default-executor-3] INFO  impl.VoteContext (VoteContext.java:log(49)) - bca0bda6-c24b-45de-ae86-b5c7c2d890ab@group-E406F7D03047-FOLLOWER: accept PRE_VOTE from 62c7a6b6-874c-46f0-a24f-66d1ecaaa81b: our priority 0 <= candidate's priority 1
2024-02-26 09:18:36,092 [grpc-default-executor-0] INFO  impl.VoteContext (VoteContext.java:log(49)) - f0a2b3de-ed07-43d6-bdce-9d4b8e15ed2c@group-73FBAF7E6709-FOLLOWER: accept PRE_VOTE from a70c1067-2103-48d8-b21c-f7bdcf327398: our priority 0 <= candidate's priority 1
2024-02-26 09:18:36,092 [grpc-default-executor-3] INFO  server.RaftServer$Division (RaftServerImpl.java:requestVote(1422)) - bca0bda6-c24b-45de-ae86-b5c7c2d890ab@group-E406F7D03047 replies to PRE_VOTE vote request: 62c7a6b6-874c-46f0-a24f-66d1ecaaa81b<-bca0bda6-c24b-45de-ae86-b5c7c2d890ab#0:OK-t0. Peer's state: bca0bda6-c24b-45de-ae86-b5c7c2d890ab@group-E406F7D03047:t0, leader=null, voted=, raftlog=Memoized:bca0bda6-c24b-45de-ae86-b5c7c2d890ab@group-E406F7D03047-SegmentedRaftLog:OPENED:c-1, conf=-1: peers:[805285a9-14be-4ba5-9516-049ed8f85315|10.1.0.30:15041, 62c7a6b6-874c-46f0-a24f-66d1ecaaa81b|10.1.0.30:15050, bca0bda6-c24b-45de-ae86-b5c7c2d890ab|10.1.0.30:15059]|listeners:[], old=null
2024-02-26 09:18:36,092 [grpc-default-executor-0] INFO  server.RaftServer$Division (RaftServerImpl.java:requestVote(1422)) - f0a2b3de-ed07-43d6-bdce-9d4b8e15ed2c@group-73FBAF7E6709 replies to PRE_VOTE vote request: a70c1067-2103-48d8-b21c-f7bdcf327398<-f0a2b3de-ed07-43d6-bdce-9d4b8e15ed2c#0:OK-t0. Peer's state: f0a2b3de-ed07-43d6-bdce-9d4b8e15ed2c@group-73FBAF7E6709:t0, leader=null, voted=, raftlog=Memoized:f0a2b3de-ed07-43d6-bdce-9d4b8e15ed2c@group-73FBAF7E6709-SegmentedRaftLog:OPENED:c-1, conf=-1: peers:[f0a2b3de-ed07-43d6-bdce-9d4b8e15ed2c|10.1.0.30:15032, a70c1067-2103-48d8-b21c-f7bdcf327398|10.1.0.30:15023, 1fc8e30e-bcf6-4a54-bb04-f74c1c9f090e|10.1.0.30:15014]|listeners:[], old=null
2024-02-26 09:18:36,092 [62c7a6b6-874c-46f0-a24f-66d1ecaaa81b@group-E406F7D03047-LeaderElection12] INFO  impl.LeaderElection (LeaderElection.java:logAndReturn(89)) - 62c7a6b6-874c-46f0-a24f-66d1ecaaa81b@group-E406F7D03047-LeaderElection12: PRE_VOTE PASSED received 1 response(s) and 0 exception(s):
2024-02-26 09:18:36,092 [62c7a6b6-874c-46f0-a24f-66d1ecaaa81b@group-E406F7D03047-LeaderElection12] INFO  impl.LeaderElection (LeaderElection.java:logAndReturn(93)) -   Response 0: 62c7a6b6-874c-46f0-a24f-66d1ecaaa81b<-805285a9-14be-4ba5-9516-049ed8f85315#0:OK-t0
2024-02-26 09:18:36,092 [62c7a6b6-874c-46f0-a24f-66d1ecaaa81b@group-E406F7D03047-LeaderElection12] INFO  impl.LeaderElection (LeaderElection.java:askForVotes(323)) - 62c7a6b6-874c-46f0-a24f-66d1ecaaa81b@group-E406F7D03047-LeaderElection12 PRE_VOTE round 0: result PASSED
2024-02-26 09:18:36,093 [grpc-default-executor-0] INFO  server.RaftServer$Division (RaftServerImpl.java:requestVote(1389)) - 1fc8e30e-bcf6-4a54-bb04-f74c1c9f090e@group-73FBAF7E6709: receive requestVote(PRE_VOTE, a70c1067-2103-48d8-b21c-f7bdcf327398, group-73FBAF7E6709, 0, (t:0, i:0))
2024-02-26 09:18:36,093 [grpc-default-executor-0] INFO  impl.VoteContext (VoteContext.java:log(49)) - 1fc8e30e-bcf6-4a54-bb04-f74c1c9f090e@group-73FBAF7E6709-FOLLOWER: accept PRE_VOTE from a70c1067-2103-48d8-b21c-f7bdcf327398: our priority 0 <= candidate's priority 1
2024-02-26 09:18:36,094 [grpc-default-executor-0] INFO  server.RaftServer$Division (RaftServerImpl.java:requestVote(1422)) - 1fc8e30e-bcf6-4a54-bb04-f74c1c9f090e@group-73FBAF7E6709 replies to PRE_VOTE vote request: a70c1067-2103-48d8-b21c-f7bdcf327398<-1fc8e30e-bcf6-4a54-bb04-f74c1c9f090e#0:OK-t0. Peer's state: 1fc8e30e-bcf6-4a54-bb04-f74c1c9f090e@group-73FBAF7E6709:t0, leader=null, voted=, raftlog=Memoized:1fc8e30e-bcf6-4a54-bb04-f74c1c9f090e@group-73FBAF7E6709-SegmentedRaftLog:OPENED:c-1, conf=-1: peers:[f0a2b3de-ed07-43d6-bdce-9d4b8e15ed2c|10.1.0.30:15032, a70c1067-2103-48d8-b21c-f7bdcf327398|10.1.0.30:15023, 1fc8e30e-bcf6-4a54-bb04-f74c1c9f090e|10.1.0.30:15014]|listeners:[], old=null
2024-02-26 09:18:36,094 [62c7a6b6-874c-46f0-a24f-66d1ecaaa81b@group-E406F7D03047-LeaderElection12] INFO  impl.LeaderElection (LeaderElection.java:askForVotes(321)) - 62c7a6b6-874c-46f0-a24f-66d1ecaaa81b@group-E406F7D03047-LeaderElection12 ELECTION round 0: submit vote requests at term 1 for -1: peers:[805285a9-14be-4ba5-9516-049ed8f85315|10.1.0.30:15041, 62c7a6b6-874c-46f0-a24f-66d1ecaaa81b|10.1.0.30:15050, bca0bda6-c24b-45de-ae86-b5c7c2d890ab|10.1.0.30:15059]|listeners:[], old=null
2024-02-26 09:18:36,095 [62c7a6b6-874c-46f0-a24f-66d1ecaaa81b@group-E406F7D03047-LeaderElection12] INFO  server.RaftServerConfigKeys (ConfUtils.java:logFallback(53)) - raft.server.rpc.first-election.timeout.min = 5s (fallback to raft.server.rpc.timeout.min)
2024-02-26 09:18:36,096 [62c7a6b6-874c-46f0-a24f-66d1ecaaa81b@group-E406F7D03047-LeaderElection12] INFO  server.RaftServerConfigKeys (ConfUtils.java:logFallback(53)) - raft.server.rpc.first-election.timeout.max = 5200ms (fallback to raft.server.rpc.timeout.max)
2024-02-26 09:18:36,097 [b254f787-4ade-443a-8cd7-22935f345023@group-F786DD91C2C9-LeaderElection14] INFO  impl.LeaderElection (LeaderElection.java:askForVotes(321)) - b254f787-4ade-443a-8cd7-22935f345023@group-F786DD91C2C9-LeaderElection14 PRE_VOTE round 0: submit vote requests at term 0 for -1: peers:[b254f787-4ade-443a-8cd7-22935f345023|10.1.0.30:15068]|listeners:[], old=null
2024-02-26 09:18:36,097 [b254f787-4ade-443a-8cd7-22935f345023@group-F786DD91C2C9-LeaderElection14] INFO  impl.LeaderElection (LeaderElection.java:askForVotes(323)) - b254f787-4ade-443a-8cd7-22935f345023@group-F786DD91C2C9-LeaderElection14 PRE_VOTE round 0: result PASSED (term=0)
2024-02-26 09:18:36,098 [grpc-default-executor-0] INFO  server.RaftServer$Division (RaftServerImpl.java:requestVote(1389)) - 805285a9-14be-4ba5-9516-049ed8f85315@group-E406F7D03047: receive requestVote(ELECTION, 62c7a6b6-874c-46f0-a24f-66d1ecaaa81b, group-E406F7D03047, 1, (t:0, i:0))
2024-02-26 09:18:36,099 [a70c1067-2103-48d8-b21c-f7bdcf327398@group-73FBAF7E6709-LeaderElection13] INFO  impl.LeaderElection (LeaderElection.java:logAndReturn(89)) - a70c1067-2103-48d8-b21c-f7bdcf327398@group-73FBAF7E6709-LeaderElection13: PRE_VOTE PASSED received 1 response(s) and 0 exception(s):
2024-02-26 09:18:36,099 [grpc-default-executor-0] INFO  impl.VoteContext (VoteContext.java:log(49)) - 805285a9-14be-4ba5-9516-049ed8f85315@group-E406F7D03047-FOLLOWER: accept ELECTION from 62c7a6b6-874c-46f0-a24f-66d1ecaaa81b: our priority 0 <= candidate's priority 1
2024-02-26 09:18:36,099 [grpc-default-executor-0] INFO  server.RaftServer$Division (RaftServerImpl.java:setRole(383)) - 805285a9-14be-4ba5-9516-049ed8f85315@group-E406F7D03047: changes role from  FOLLOWER to FOLLOWER at term 1 for candidate:62c7a6b6-874c-46f0-a24f-66d1ecaaa81b
2024-02-26 09:18:36,099 [grpc-default-executor-0] INFO  impl.RoleInfo (RoleInfo.java:shutdownFollowerState(110)) - 805285a9-14be-4ba5-9516-049ed8f85315: shutdown 805285a9-14be-4ba5-9516-049ed8f85315@group-E406F7D03047-FollowerState
2024-02-26 09:18:36,099 [grpc-default-executor-0] INFO  impl.RoleInfo (RoleInfo.java:updateAndGet(139)) - 805285a9-14be-4ba5-9516-049ed8f85315: start 805285a9-14be-4ba5-9516-049ed8f85315@group-E406F7D03047-FollowerState
2024-02-26 09:18:36,099 [a70c1067-2103-48d8-b21c-f7bdcf327398@group-73FBAF7E6709-LeaderElection13] INFO  impl.LeaderElection (LeaderElection.java:logAndReturn(93)) -   Response 0: a70c1067-2103-48d8-b21c-f7bdcf327398<-f0a2b3de-ed07-43d6-bdce-9d4b8e15ed2c#0:OK-t0
2024-02-26 09:18:36,100 [grpc-default-executor-0] INFO  server.RaftServer$Division (RaftServerImpl.java:setFirstElection(574)) - 805285a9-14be-4ba5-9516-049ed8f85315@group-E406F7D03047: set firstElectionSinceStartup to false for candidate:62c7a6b6-874c-46f0-a24f-66d1ecaaa81b
2024-02-26 09:18:36,100 [b254f787-4ade-443a-8cd7-22935f345023@group-F786DD91C2C9-LeaderElection14] INFO  impl.LeaderElection (LeaderElection.java:askForVotes(321)) - b254f787-4ade-443a-8cd7-22935f345023@group-F786DD91C2C9-LeaderElection14 ELECTION round 0: submit vote requests at term 1 for -1: peers:[b254f787-4ade-443a-8cd7-22935f345023|10.1.0.30:15068]|listeners:[], old=null
2024-02-26 09:18:36,100 [b254f787-4ade-443a-8cd7-22935f345023@group-F786DD91C2C9-LeaderElection14] INFO  impl.LeaderElection (LeaderElection.java:askForVotes(323)) - b254f787-4ade-443a-8cd7-22935f345023@group-F786DD91C2C9-LeaderElection14 ELECTION round 0: result PASSED (term=1)
2024-02-26 09:18:36,100 [b254f787-4ade-443a-8cd7-22935f345023@group-F786DD91C2C9-LeaderElection14] INFO  impl.RoleInfo (RoleInfo.java:shutdownLeaderElection(130)) - b254f787-4ade-443a-8cd7-22935f345023: shutdown b254f787-4ade-443a-8cd7-22935f345023@group-F786DD91C2C9-LeaderElection14
2024-02-26 09:18:36,100 [805285a9-14be-4ba5-9516-049ed8f85315@group-E406F7D03047-FollowerState] INFO  impl.FollowerState (FollowerState.java:run(152)) - 805285a9-14be-4ba5-9516-049ed8f85315@group-E406F7D03047-FollowerState was interrupted
2024-02-26 09:18:36,100 [b254f787-4ade-443a-8cd7-22935f345023@group-F786DD91C2C9-LeaderElection14] INFO  server.RaftServer$Division (RaftServerImpl.java:setRole(383)) - b254f787-4ade-443a-8cd7-22935f345023@group-F786DD91C2C9: changes role from CANDIDATE to LEADER at term 1 for changeToLeader
2024-02-26 09:18:36,102 [grpc-default-executor-0] INFO  server.RaftServer$Division (RaftServerImpl.java:requestVote(1422)) - 805285a9-14be-4ba5-9516-049ed8f85315@group-E406F7D03047 replies to ELECTION vote request: 62c7a6b6-874c-46f0-a24f-66d1ecaaa81b<-805285a9-14be-4ba5-9516-049ed8f85315#0:OK-t1. Peer's state: 805285a9-14be-4ba5-9516-049ed8f85315@group-E406F7D03047:t1, leader=null, voted=62c7a6b6-874c-46f0-a24f-66d1ecaaa81b, raftlog=Memoized:805285a9-14be-4ba5-9516-049ed8f85315@group-E406F7D03047-SegmentedRaftLog:OPENED:c-1, conf=-1: peers:[805285a9-14be-4ba5-9516-049ed8f85315|10.1.0.30:15041, 62c7a6b6-874c-46f0-a24f-66d1ecaaa81b|10.1.0.30:15050, bca0bda6-c24b-45de-ae86-b5c7c2d890ab|10.1.0.30:15059]|listeners:[], old=null
2024-02-26 09:18:36,102 [b254f787-4ade-443a-8cd7-22935f345023@group-F786DD91C2C9-LeaderElection14] INFO  server.RaftServerConfigKeys (ConfUtils.java:logGet(46)) - raft.server.staging.catchup.gap = 1000 (default)
2024-02-26 09:18:36,102 [grpc-default-executor-3] INFO  server.RaftServer$Division (RaftServerImpl.java:requestVote(1389)) - bca0bda6-c24b-45de-ae86-b5c7c2d890ab@group-E406F7D03047: receive requestVote(ELECTION, 62c7a6b6-874c-46f0-a24f-66d1ecaaa81b, group-E406F7D03047, 1, (t:0, i:0))
2024-02-26 09:18:36,102 [grpc-default-executor-3] INFO  impl.VoteContext (VoteContext.java:log(49)) - bca0bda6-c24b-45de-ae86-b5c7c2d890ab@group-E406F7D03047-FOLLOWER: accept ELECTION from 62c7a6b6-874c-46f0-a24f-66d1ecaaa81b: our priority 0 <= candidate's priority 1
2024-02-26 09:18:36,102 [b254f787-4ade-443a-8cd7-22935f345023@group-F786DD91C2C9-LeaderElection14] INFO  server.RaftServerConfigKeys (ConfUtils.java:logGet(46)) - raft.server.write.element-limit = 1024 (custom)
2024-02-26 09:18:36,102 [grpc-default-executor-3] INFO  server.RaftServer$Division (RaftServerImpl.java:setRole(383)) - bca0bda6-c24b-45de-ae86-b5c7c2d890ab@group-E406F7D03047: changes role from  FOLLOWER to FOLLOWER at term 1 for candidate:62c7a6b6-874c-46f0-a24f-66d1ecaaa81b
2024-02-26 09:18:36,102 [grpc-default-executor-3] INFO  impl.RoleInfo (RoleInfo.java:shutdownFollowerState(110)) - bca0bda6-c24b-45de-ae86-b5c7c2d890ab: shutdown bca0bda6-c24b-45de-ae86-b5c7c2d890ab@group-E406F7D03047-FollowerState
2024-02-26 09:18:36,102 [grpc-default-executor-3] INFO  impl.RoleInfo (RoleInfo.java:updateAndGet(139)) - bca0bda6-c24b-45de-ae86-b5c7c2d890ab: start bca0bda6-c24b-45de-ae86-b5c7c2d890ab@group-E406F7D03047-FollowerState
2024-02-26 09:18:36,102 [b254f787-4ade-443a-8cd7-22935f345023@group-F786DD91C2C9-LeaderElection14] INFO  server.RaftServerConfigKeys (ConfUtils.java:logGet(46)) - raft.server.write.byte-limit = 1024 M (=1073741824) (custom)
2024-02-26 09:18:36,103 [grpc-default-executor-3] INFO  server.RaftServer$Division (RaftServerImpl.java:setFirstElection(574)) - bca0bda6-c24b-45de-ae86-b5c7c2d890ab@group-E406F7D03047: set firstElectionSinceStartup to false for candidate:62c7a6b6-874c-46f0-a24f-66d1ecaaa81b
2024-02-26 09:18:36,103 [b254f787-4ade-443a-8cd7-22935f345023@group-F786DD91C2C9-LeaderElection14] INFO  server.RaftServerConfigKeys (ConfUtils.java:logGet(46)) - raft.server.watch.timeout = 180s (custom)
2024-02-26 09:18:36,103 [b254f787-4ade-443a-8cd7-22935f345023@group-F786DD91C2C9-LeaderElection14] INFO  server.RaftServerConfigKeys (ConfUtils.java:logGet(46)) - raft.server.watch.timeout.denomination = 1s (default)
2024-02-26 09:18:36,103 [b254f787-4ade-443a-8cd7-22935f345023@group-F786DD91C2C9-LeaderElection14] INFO  server.RaftServerConfigKeys (ConfUtils.java:logGet(46)) - raft.server.watch.element-limit = 65536 (default)
2024-02-26 09:18:36,103 [b254f787-4ade-443a-8cd7-22935f345023@group-F786DD91C2C9-LeaderElection14] INFO  server.RaftServerConfigKeys (ConfUtils.java:logGet(46)) - raft.server.read.leader.lease.enabled = false (default)
2024-02-26 09:18:36,103 [b254f787-4ade-443a-8cd7-22935f345023@group-F786DD91C2C9-LeaderElection14] INFO  server.RaftServerConfigKeys (ConfUtils.java:logGet(46)) - raft.server.read.leader.lease.timeout.ratio = 0.9 (default)
2024-02-26 09:18:36,103 [b254f787-4ade-443a-8cd7-22935f345023@group-F786DD91C2C9-LeaderElection14] INFO  server.RaftServerConfigKeys (ConfUtils.java:logGet(46)) - raft.server.rpc.timeout.min = 5s (custom)
2024-02-26 09:18:36,103 [b254f787-4ade-443a-8cd7-22935f345023@group-F786DD91C2C9-LeaderElection14] INFO  server.RaftServerConfigKeys (ConfUtils.java:logGet(46)) - raft.server.write.element-limit = 1024 (custom)
2024-02-26 09:18:36,103 [b254f787-4ade-443a-8cd7-22935f345023@group-F786DD91C2C9-LeaderElection14] INFO  server.RaftServerConfigKeys (ConfUtils.java:logGet(46)) - raft.server.write.follower.gap.ratio.max = -1.0 (default)
2024-02-26 09:18:36,103 [b254f787-4ade-443a-8cd7-22935f345023@group-F786DD91C2C9-LeaderElection14] INFO  impl.RoleInfo (RoleInfo.java:updateAndGet(139)) - b254f787-4ade-443a-8cd7-22935f345023: start b254f787-4ade-443a-8cd7-22935f345023@group-F786DD91C2C9-LeaderStateImpl
2024-02-26 09:18:36,103 [b254f787-4ade-443a-8cd7-22935f345023@group-F786DD91C2C9-LeaderElection14] INFO  server.RaftServer$Division (RaftServerImpl.java:setFirstElection(574)) - b254f787-4ade-443a-8cd7-22935f345023@group-F786DD91C2C9: set firstElectionSinceStartup to false for becomeLeader
2024-02-26 09:18:36,103 [b254f787-4ade-443a-8cd7-22935f345023@group-F786DD91C2C9-LeaderElection14] INFO  ratis.XceiverServerRatis (XceiverServerRatis.java:handleLeaderChangedNotification(966)) - Leader change notification received for group: group-F786DD91C2C9 with new leaderId: b254f787-4ade-443a-8cd7-22935f345023
2024-02-26 09:18:36,104 [b254f787-4ade-443a-8cd7-22935f345023@group-F786DD91C2C9-LeaderElection14] INFO  server.RaftServer$Division (ServerState.java:setLeader(269)) - b254f787-4ade-443a-8cd7-22935f345023@group-F786DD91C2C9: change Leader from null to b254f787-4ade-443a-8cd7-22935f345023 at term 1 for becomeLeader, leader elected after 5276ms
2024-02-26 09:18:36,104 [b254f787-4ade-443a-8cd7-22935f345023@group-F786DD91C2C9-LeaderElection14] INFO  segmented.SegmentedRaftLogWorker (SegmentedRaftLogWorker.java:startLogSegment(430)) - b254f787-4ade-443a-8cd7-22935f345023@group-F786DD91C2C9-SegmentedRaftLogWorker: Starting segment from index:0
2024-02-26 09:18:36,104 [62c7a6b6-874c-46f0-a24f-66d1ecaaa81b@group-E406F7D03047-LeaderElection12] INFO  impl.LeaderElection (LeaderElection.java:logAndReturn(89)) - 62c7a6b6-874c-46f0-a24f-66d1ecaaa81b@group-E406F7D03047-LeaderElection12: ELECTION PASSED received 1 response(s) and 0 exception(s):
2024-02-26 09:18:36,104 [62c7a6b6-874c-46f0-a24f-66d1ecaaa81b@group-E406F7D03047-LeaderElection12] INFO  impl.LeaderElection (LeaderElection.java:logAndReturn(93)) -   Response 0: 62c7a6b6-874c-46f0-a24f-66d1ecaaa81b<-805285a9-14be-4ba5-9516-049ed8f85315#0:OK-t1
2024-02-26 09:18:36,104 [62c7a6b6-874c-46f0-a24f-66d1ecaaa81b@group-E406F7D03047-LeaderElection12] INFO  impl.LeaderElection (LeaderElection.java:askForVotes(323)) - 62c7a6b6-874c-46f0-a24f-66d1ecaaa81b@group-E406F7D03047-LeaderElection12 ELECTION round 0: result PASSED
2024-02-26 09:18:36,104 [62c7a6b6-874c-46f0-a24f-66d1ecaaa81b@group-E406F7D03047-LeaderElection12] INFO  impl.RoleInfo (RoleInfo.java:shutdownLeaderElection(130)) - 62c7a6b6-874c-46f0-a24f-66d1ecaaa81b: shutdown 62c7a6b6-874c-46f0-a24f-66d1ecaaa81b@group-E406F7D03047-LeaderElection12
2024-02-26 09:18:36,104 [62c7a6b6-874c-46f0-a24f-66d1ecaaa81b@group-E406F7D03047-LeaderElection12] INFO  server.RaftServer$Division (RaftServerImpl.java:setRole(383)) - 62c7a6b6-874c-46f0-a24f-66d1ecaaa81b@group-E406F7D03047: changes role from CANDIDATE to LEADER at term 1 for changeToLeader
2024-02-26 09:18:36,104 [62c7a6b6-874c-46f0-a24f-66d1ecaaa81b@group-E406F7D03047-LeaderElection12] INFO  server.RaftServerConfigKeys (ConfUtils.java:logGet(46)) - raft.server.staging.catchup.gap = 1000 (default)
2024-02-26 09:18:36,105 [62c7a6b6-874c-46f0-a24f-66d1ecaaa81b@group-E406F7D03047-LeaderElection12] INFO  server.RaftServerConfigKeys (ConfUtils.java:logGet(46)) - raft.server.write.element-limit = 1024 (custom)
2024-02-26 09:18:36,105 [62c7a6b6-874c-46f0-a24f-66d1ecaaa81b@group-E406F7D03047-LeaderElection12] INFO  server.RaftServerConfigKeys (ConfUtils.java:logGet(46)) - raft.server.write.byte-limit = 1024 M (=1073741824) (custom)
2024-02-26 09:18:36,105 [62c7a6b6-874c-46f0-a24f-66d1ecaaa81b@group-E406F7D03047-LeaderElection12] INFO  server.RaftServerConfigKeys (ConfUtils.java:logGet(46)) - raft.server.watch.timeout = 180s (custom)
2024-02-26 09:18:36,105 [62c7a6b6-874c-46f0-a24f-66d1ecaaa81b@group-E406F7D03047-LeaderElection12] INFO  server.RaftServerConfigKeys (ConfUtils.java:logGet(46)) - raft.server.watch.timeout.denomination = 1s (default)
2024-02-26 09:18:36,105 [62c7a6b6-874c-46f0-a24f-66d1ecaaa81b@group-E406F7D03047-LeaderElection12] INFO  server.RaftServerConfigKeys (ConfUtils.java:logGet(46)) - raft.server.watch.element-limit = 65536 (default)
2024-02-26 09:18:36,105 [62c7a6b6-874c-46f0-a24f-66d1ecaaa81b@group-E406F7D03047-LeaderElection12] INFO  server.RaftServerConfigKeys (ConfUtils.java:logGet(46)) - raft.server.read.leader.lease.enabled = false (default)
2024-02-26 09:18:36,105 [62c7a6b6-874c-46f0-a24f-66d1ecaaa81b@group-E406F7D03047-LeaderElection12] INFO  server.RaftServerConfigKeys (ConfUtils.java:logGet(46)) - raft.server.read.leader.lease.timeout.ratio = 0.9 (default)
2024-02-26 09:18:36,105 [62c7a6b6-874c-46f0-a24f-66d1ecaaa81b@group-E406F7D03047-LeaderElection12] INFO  server.RaftServerConfigKeys (ConfUtils.java:logGet(46)) - raft.server.rpc.timeout.min = 5s (custom)
2024-02-26 09:18:36,105 [62c7a6b6-874c-46f0-a24f-66d1ecaaa81b@group-E406F7D03047-LeaderElection12] INFO  server.RaftServerConfigKeys (ConfUtils.java:logGet(46)) - raft.server.write.element-limit = 1024 (custom)
2024-02-26 09:18:36,105 [62c7a6b6-874c-46f0-a24f-66d1ecaaa81b@group-E406F7D03047-LeaderElection12] INFO  server.RaftServerConfigKeys (ConfUtils.java:logGet(46)) - raft.server.write.follower.gap.ratio.max = -1.0 (default)
2024-02-26 09:18:36,106 [62c7a6b6-874c-46f0-a24f-66d1ecaaa81b@group-E406F7D03047-LeaderElection12] INFO  server.RaftServerConfigKeys (ConfUtils.java:logGet(46)) - raft.server.log.appender.snapshot.chunk.size.max = 16MB (=16777216) (default)
2024-02-26 09:18:36,106 [62c7a6b6-874c-46f0-a24f-66d1ecaaa81b@group-E406F7D03047-LeaderElection12] INFO  server.RaftServerConfigKeys (ConfUtils.java:logGet(46)) - raft.server.log.appender.buffer.byte-limit = 8388608 (custom)
2024-02-26 09:18:36,106 [62c7a6b6-874c-46f0-a24f-66d1ecaaa81b@group-E406F7D03047-LeaderElection12] INFO  server.RaftServerConfigKeys (ConfUtils.java:logGet(46)) - raft.server.log.appender.buffer.element-limit = 1 (custom)
2024-02-26 09:18:36,106 [62c7a6b6-874c-46f0-a24f-66d1ecaaa81b@group-E406F7D03047-LeaderElection12] INFO  server.RaftServerConfigKeys (ConfUtils.java:logGet(46)) - raft.server.log.appender.wait-time.min = 0μs (custom)
2024-02-26 09:18:36,107 [62c7a6b6-874c-46f0-a24f-66d1ecaaa81b@group-E406F7D03047-LeaderElection12] INFO  grpc.GrpcConfigKeys (ConfUtils.java:logGet(46)) - raft.grpc.server.leader.outstanding.appends.max = 8 (default)
2024-02-26 09:18:36,107 [62c7a6b6-874c-46f0-a24f-66d1ecaaa81b@group-E406F7D03047-LeaderElection12] INFO  server.RaftServerConfigKeys (ConfUtils.java:logGet(46)) - raft.server.rpc.request.timeout = 60s (custom)
2024-02-26 09:18:36,107 [62c7a6b6-874c-46f0-a24f-66d1ecaaa81b@group-E406F7D03047-LeaderElection12] INFO  grpc.GrpcConfigKeys (ConfUtils.java:logGet(46)) - raft.grpc.server.install_snapshot.request.element-limit = 8 (default)
2024-02-26 09:18:36,107 [62c7a6b6-874c-46f0-a24f-66d1ecaaa81b@group-E406F7D03047-LeaderElection12] INFO  grpc.GrpcConfigKeys (ConfUtils.java:logGet(46)) - raft.grpc.server.install_snapshot.request.timeout = 3000ms (default)
2024-02-26 09:18:36,107 [62c7a6b6-874c-46f0-a24f-66d1ecaaa81b@group-E406F7D03047-LeaderElection12] INFO  grpc.GrpcConfigKeys (ConfUtils.java:logGet(46)) - raft.grpc.server.log-message.batch.duration = 5s (default)
2024-02-26 09:18:36,107 [62c7a6b6-874c-46f0-a24f-66d1ecaaa81b@group-E406F7D03047-LeaderElection12] INFO  server.RaftServerConfigKeys (ConfUtils.java:logGet(46)) - raft.server.log.appender.install.snapshot.enabled = false (custom)
2024-02-26 09:18:36,109 [b254f787-4ade-443a-8cd7-22935f345023@group-F786DD91C2C9-LeaderElection14] INFO  server.RaftServer$Division (ServerState.java:setRaftConf(386)) - b254f787-4ade-443a-8cd7-22935f345023@group-F786DD91C2C9: set configuration 0: peers:[b254f787-4ade-443a-8cd7-22935f345023|10.1.0.30:15068]|listeners:[], old=null
2024-02-26 09:18:36,102 [bca0bda6-c24b-45de-ae86-b5c7c2d890ab@group-E406F7D03047-FollowerState] INFO  impl.FollowerState (FollowerState.java:run(152)) - bca0bda6-c24b-45de-ae86-b5c7c2d890ab@group-E406F7D03047-FollowerState was interrupted
2024-02-26 09:18:36,109 [62c7a6b6-874c-46f0-a24f-66d1ecaaa81b@group-E406F7D03047-LeaderElection12] INFO  grpc.GrpcConfigKeys (ConfUtils.java:logGet(46)) - raft.grpc.server.heartbeat.channel = true (default)
2024-02-26 09:18:36,108 [b254f787-4ade-443a-8cd7-22935f345023@group-F786DD91C2C9-SegmentedRaftLogWorker] INFO  segmented.BufferedWriteChannel (BufferedWriteChannel.java:open(62)) - open log_inprogress_0 at position 0
2024-02-26 09:18:36,118 [62c7a6b6-874c-46f0-a24f-66d1ecaaa81b@group-E406F7D03047-LeaderElection12] INFO  server.RaftServerConfigKeys (ConfUtils.java:logGet(46)) - raft.server.log.appender.snapshot.chunk.size.max = 16MB (=16777216) (default)
2024-02-26 09:18:36,118 [62c7a6b6-874c-46f0-a24f-66d1ecaaa81b@group-E406F7D03047-LeaderElection12] INFO  server.RaftServerConfigKeys (ConfUtils.java:logGet(46)) - raft.server.log.appender.buffer.byte-limit = 8388608 (custom)
2024-02-26 09:18:36,118 [62c7a6b6-874c-46f0-a24f-66d1ecaaa81b@group-E406F7D03047-LeaderElection12] INFO  server.RaftServerConfigKeys (ConfUtils.java:logGet(46)) - raft.server.log.appender.buffer.element-limit = 1 (custom)
2024-02-26 09:18:36,118 [62c7a6b6-874c-46f0-a24f-66d1ecaaa81b@group-E406F7D03047-LeaderElection12] INFO  server.RaftServerConfigKeys (ConfUtils.java:logGet(46)) - raft.server.log.appender.wait-time.min = 0μs (custom)
2024-02-26 09:18:36,118 [62c7a6b6-874c-46f0-a24f-66d1ecaaa81b@group-E406F7D03047-LeaderElection12] INFO  grpc.GrpcConfigKeys (ConfUtils.java:logGet(46)) - raft.grpc.server.leader.outstanding.appends.max = 8 (default)
2024-02-26 09:18:36,118 [62c7a6b6-874c-46f0-a24f-66d1ecaaa81b@group-E406F7D03047-LeaderElection12] INFO  server.RaftServerConfigKeys (ConfUtils.java:logGet(46)) - raft.server.rpc.request.timeout = 60s (custom)
2024-02-26 09:18:36,118 [62c7a6b6-874c-46f0-a24f-66d1ecaaa81b@group-E406F7D03047-LeaderElection12] INFO  grpc.GrpcConfigKeys (ConfUtils.java:logGet(46)) - raft.grpc.server.install_snapshot.request.element-limit = 8 (default)
2024-02-26 09:18:36,118 [62c7a6b6-874c-46f0-a24f-66d1ecaaa81b@group-E406F7D03047-LeaderElection12] INFO  grpc.GrpcConfigKeys (ConfUtils.java:logGet(46)) - raft.grpc.server.install_snapshot.request.timeout = 3000ms (default)
2024-02-26 09:18:36,118 [62c7a6b6-874c-46f0-a24f-66d1ecaaa81b@group-E406F7D03047-LeaderElection12] INFO  grpc.GrpcConfigKeys (ConfUtils.java:logGet(46)) - raft.grpc.server.log-message.batch.duration = 5s (default)
2024-02-26 09:18:36,119 [62c7a6b6-874c-46f0-a24f-66d1ecaaa81b@group-E406F7D03047-LeaderElection12] INFO  server.RaftServerConfigKeys (ConfUtils.java:logGet(46)) - raft.server.log.appender.install.snapshot.enabled = false (custom)
2024-02-26 09:18:36,119 [62c7a6b6-874c-46f0-a24f-66d1ecaaa81b@group-E406F7D03047-LeaderElection12] INFO  grpc.GrpcConfigKeys (ConfUtils.java:logGet(46)) - raft.grpc.server.heartbeat.channel = true (default)
2024-02-26 09:18:36,119 [62c7a6b6-874c-46f0-a24f-66d1ecaaa81b@group-E406F7D03047-LeaderElection12] INFO  impl.RoleInfo (RoleInfo.java:updateAndGet(139)) - 62c7a6b6-874c-46f0-a24f-66d1ecaaa81b: start 62c7a6b6-874c-46f0-a24f-66d1ecaaa81b@group-E406F7D03047-LeaderStateImpl
2024-02-26 09:18:36,119 [62c7a6b6-874c-46f0-a24f-66d1ecaaa81b@group-E406F7D03047-LeaderElection12] INFO  server.RaftServer$Division (RaftServerImpl.java:setFirstElection(574)) - 62c7a6b6-874c-46f0-a24f-66d1ecaaa81b@group-E406F7D03047: set firstElectionSinceStartup to false for becomeLeader
2024-02-26 09:18:36,119 [62c7a6b6-874c-46f0-a24f-66d1ecaaa81b@group-E406F7D03047-LeaderElection12] INFO  ratis.XceiverServerRatis (XceiverServerRatis.java:handleLeaderChangedNotification(966)) - Leader change notification received for group: group-E406F7D03047 with new leaderId: 62c7a6b6-874c-46f0-a24f-66d1ecaaa81b
2024-02-26 09:18:36,119 [62c7a6b6-874c-46f0-a24f-66d1ecaaa81b@group-E406F7D03047-LeaderElection12] INFO  server.RaftServer$Division (ServerState.java:setLeader(269)) - 62c7a6b6-874c-46f0-a24f-66d1ecaaa81b@group-E406F7D03047: change Leader from null to 62c7a6b6-874c-46f0-a24f-66d1ecaaa81b at term 1 for becomeLeader, leader elected after 5260ms
2024-02-26 09:18:36,107 [grpc-default-executor-3] INFO  server.RaftServer$Division (RaftServerImpl.java:requestVote(1422)) - bca0bda6-c24b-45de-ae86-b5c7c2d890ab@group-E406F7D03047 replies to ELECTION vote request: 62c7a6b6-874c-46f0-a24f-66d1ecaaa81b<-bca0bda6-c24b-45de-ae86-b5c7c2d890ab#0:OK-t1. Peer's state: bca0bda6-c24b-45de-ae86-b5c7c2d890ab@group-E406F7D03047:t1, leader=null, voted=62c7a6b6-874c-46f0-a24f-66d1ecaaa81b, raftlog=Memoized:bca0bda6-c24b-45de-ae86-b5c7c2d890ab@group-E406F7D03047-SegmentedRaftLog:OPENED:c-1, conf=-1: peers:[805285a9-14be-4ba5-9516-049ed8f85315|10.1.0.30:15041, 62c7a6b6-874c-46f0-a24f-66d1ecaaa81b|10.1.0.30:15050, bca0bda6-c24b-45de-ae86-b5c7c2d890ab|10.1.0.30:15059]|listeners:[], old=null
2024-02-26 09:18:36,119 [62c7a6b6-874c-46f0-a24f-66d1ecaaa81b@group-E406F7D03047-LeaderElection12] INFO  segmented.SegmentedRaftLogWorker (SegmentedRaftLogWorker.java:startLogSegment(430)) - 62c7a6b6-874c-46f0-a24f-66d1ecaaa81b@group-E406F7D03047-SegmentedRaftLogWorker: Starting segment from index:0
2024-02-26 09:18:36,103 [a70c1067-2103-48d8-b21c-f7bdcf327398@group-73FBAF7E6709-LeaderElection13] INFO  impl.LeaderElection (LeaderElection.java:askForVotes(323)) - a70c1067-2103-48d8-b21c-f7bdcf327398@group-73FBAF7E6709-LeaderElection13 PRE_VOTE round 0: result PASSED
2024-02-26 09:18:36,123 [62c7a6b6-874c-46f0-a24f-66d1ecaaa81b@group-E406F7D03047-SegmentedRaftLogWorker] INFO  segmented.BufferedWriteChannel (BufferedWriteChannel.java:open(62)) - open log_inprogress_0 at position 0
2024-02-26 09:18:36,123 [1fc8e30e-bcf6-4a54-bb04-f74c1c9f090e@group-73FBAF7E6709-FollowerState] INFO  server.RaftServerConfigKeys (ConfUtils.java:logFallback(53)) - raft.server.rpc.first-election.timeout.min = 5s (fallback to raft.server.rpc.timeout.min)
2024-02-26 09:18:36,123 [1fc8e30e-bcf6-4a54-bb04-f74c1c9f090e@group-73FBAF7E6709-FollowerState] INFO  server.RaftServerConfigKeys (ConfUtils.java:logFallback(53)) - raft.server.rpc.first-election.timeout.max = 5200ms (fallback to raft.server.rpc.timeout.max)
2024-02-26 09:18:36,116 [f0a2b3de-ed07-43d6-bdce-9d4b8e15ed2c@group-73FBAF7E6709-FollowerState] INFO  server.RaftServerConfigKeys (ConfUtils.java:logFallback(53)) - raft.server.rpc.first-election.timeout.min = 5s (fallback to raft.server.rpc.timeout.min)
2024-02-26 09:18:36,123 [f0a2b3de-ed07-43d6-bdce-9d4b8e15ed2c@group-73FBAF7E6709-FollowerState] INFO  server.RaftServerConfigKeys (ConfUtils.java:logFallback(53)) - raft.server.rpc.first-election.timeout.max = 5200ms (fallback to raft.server.rpc.timeout.max)
2024-02-26 09:18:36,124 [EventQueue-PipelineReportForPipelineReportHandler] INFO  pipeline.PipelineReportHandler (PipelineReportHandler.java:processPipelineReport(136)) - Opened pipeline PipelineID=15140eea-1538-47da-817a-e406f7d03047
2024-02-26 09:18:36,125 [a70c1067-2103-48d8-b21c-f7bdcf327398@group-73FBAF7E6709-LeaderElection13] INFO  impl.LeaderElection (LeaderElection.java:askForVotes(321)) - a70c1067-2103-48d8-b21c-f7bdcf327398@group-73FBAF7E6709-LeaderElection13 ELECTION round 0: submit vote requests at term 1 for -1: peers:[f0a2b3de-ed07-43d6-bdce-9d4b8e15ed2c|10.1.0.30:15032, a70c1067-2103-48d8-b21c-f7bdcf327398|10.1.0.30:15023, 1fc8e30e-bcf6-4a54-bb04-f74c1c9f090e|10.1.0.30:15014]|listeners:[], old=null
2024-02-26 09:18:36,126 [b254f787-4ade-443a-8cd7-22935f345023@group-F786DD91C2C9-SegmentedRaftLogWorker] INFO  segmented.SegmentedRaftLogWorker (SegmentedRaftLogWorker.java:execute(634)) - b254f787-4ade-443a-8cd7-22935f345023@group-F786DD91C2C9-SegmentedRaftLogWorker: created new log segment /home/runner/work/ozone/ozone/hadoop-ozone/integration-test/target/test-dir/MiniOzoneClusterImpl-0d79f430-b8c0-477e-97b7-98e50d733022/ozone-meta/datanode-7/ratis/d4958177-6a67-4271-91bd-f786dd91c2c9/current/log_inprogress_0
2024-02-26 09:18:36,127 [a70c1067-2103-48d8-b21c-f7bdcf327398@group-73FBAF7E6709-LeaderElection13] INFO  server.RaftServerConfigKeys (ConfUtils.java:logFallback(53)) - raft.server.rpc.first-election.timeout.min = 5s (fallback to raft.server.rpc.timeout.min)
2024-02-26 09:18:36,127 [a70c1067-2103-48d8-b21c-f7bdcf327398@group-73FBAF7E6709-LeaderElection13] INFO  server.RaftServerConfigKeys (ConfUtils.java:logFallback(53)) - raft.server.rpc.first-election.timeout.max = 5200ms (fallback to raft.server.rpc.timeout.max)
2024-02-26 09:18:36,129 [62c7a6b6-874c-46f0-a24f-66d1ecaaa81b@group-E406F7D03047-LeaderElection12] INFO  server.RaftServer$Division (ServerState.java:setRaftConf(386)) - 62c7a6b6-874c-46f0-a24f-66d1ecaaa81b@group-E406F7D03047: set configuration 0: peers:[805285a9-14be-4ba5-9516-049ed8f85315|10.1.0.30:15041, 62c7a6b6-874c-46f0-a24f-66d1ecaaa81b|10.1.0.30:15050, bca0bda6-c24b-45de-ae86-b5c7c2d890ab|10.1.0.30:15059]|listeners:[], old=null
2024-02-26 09:18:36,130 [grpc-default-executor-3] INFO  server.RaftServer$Division (RaftServerImpl.java:requestVote(1389)) - 1fc8e30e-bcf6-4a54-bb04-f74c1c9f090e@group-73FBAF7E6709: receive requestVote(ELECTION, a70c1067-2103-48d8-b21c-f7bdcf327398, group-73FBAF7E6709, 1, (t:0, i:0))
2024-02-26 09:18:36,130 [grpc-default-executor-3] INFO  impl.VoteContext (VoteContext.java:log(49)) - 1fc8e30e-bcf6-4a54-bb04-f74c1c9f090e@group-73FBAF7E6709-FOLLOWER: accept ELECTION from a70c1067-2103-48d8-b21c-f7bdcf327398: our priority 0 <= candidate's priority 1
2024-02-26 09:18:36,130 [grpc-default-executor-3] INFO  server.RaftServer$Division (RaftServerImpl.java:setRole(383)) - 1fc8e30e-bcf6-4a54-bb04-f74c1c9f090e@group-73FBAF7E6709: changes role from  FOLLOWER to FOLLOWER at term 1 for candidate:a70c1067-2103-48d8-b21c-f7bdcf327398
2024-02-26 09:18:36,130 [grpc-default-executor-3] INFO  impl.RoleInfo (RoleInfo.java:shutdownFollowerState(110)) - 1fc8e30e-bcf6-4a54-bb04-f74c1c9f090e: shutdown 1fc8e30e-bcf6-4a54-bb04-f74c1c9f090e@group-73FBAF7E6709-FollowerState
2024-02-26 09:18:36,130 [grpc-default-executor-0] INFO  server.RaftServer$Division (RaftServerImpl.java:requestVote(1389)) - f0a2b3de-ed07-43d6-bdce-9d4b8e15ed2c@group-73FBAF7E6709: receive requestVote(ELECTION, a70c1067-2103-48d8-b21c-f7bdcf327398, group-73FBAF7E6709, 1, (t:0, i:0))
2024-02-26 09:18:36,130 [grpc-default-executor-3] INFO  impl.RoleInfo (RoleInfo.java:updateAndGet(139)) - 1fc8e30e-bcf6-4a54-bb04-f74c1c9f090e: start 1fc8e30e-bcf6-4a54-bb04-f74c1c9f090e@group-73FBAF7E6709-FollowerState
2024-02-26 09:18:36,131 [grpc-default-executor-0] INFO  impl.VoteContext (VoteContext.java:log(49)) - f0a2b3de-ed07-43d6-bdce-9d4b8e15ed2c@group-73FBAF7E6709-FOLLOWER: accept ELECTION from a70c1067-2103-48d8-b21c-f7bdcf327398: our priority 0 <= candidate's priority 1
2024-02-26 09:18:36,131 [grpc-default-executor-0] INFO  server.RaftServer$Division (RaftServerImpl.java:setRole(383)) - f0a2b3de-ed07-43d6-bdce-9d4b8e15ed2c@group-73FBAF7E6709: changes role from  FOLLOWER to FOLLOWER at term 1 for candidate:a70c1067-2103-48d8-b21c-f7bdcf327398
2024-02-26 09:18:36,131 [grpc-default-executor-0] INFO  impl.RoleInfo (RoleInfo.java:shutdownFollowerState(110)) - f0a2b3de-ed07-43d6-bdce-9d4b8e15ed2c: shutdown f0a2b3de-ed07-43d6-bdce-9d4b8e15ed2c@group-73FBAF7E6709-FollowerState
2024-02-26 09:18:36,131 [1fc8e30e-bcf6-4a54-bb04-f74c1c9f090e@group-73FBAF7E6709-FollowerState] INFO  impl.FollowerState (FollowerState.java:run(152)) - 1fc8e30e-bcf6-4a54-bb04-f74c1c9f090e@group-73FBAF7E6709-FollowerState was interrupted
2024-02-26 09:18:36,132 [grpc-default-executor-3] INFO  server.RaftServer$Division (RaftServerImpl.java:setFirstElection(574)) - 1fc8e30e-bcf6-4a54-bb04-f74c1c9f090e@group-73FBAF7E6709: set firstElectionSinceStartup to false for candidate:a70c1067-2103-48d8-b21c-f7bdcf327398
2024-02-26 09:18:36,132 [b254f787-4ade-443a-8cd7-22935f345023@group-F786DD91C2C9-StateMachineUpdater] INFO  server.RaftServer$Division (LeaderStateImpl.java:isApplied(320)) - leader is ready since appliedIndex == 0 >= startIndex == 0
2024-02-26 09:18:36,132 [grpc-default-executor-0] INFO  impl.RoleInfo (RoleInfo.java:updateAndGet(139)) - f0a2b3de-ed07-43d6-bdce-9d4b8e15ed2c: start f0a2b3de-ed07-43d6-bdce-9d4b8e15ed2c@group-73FBAF7E6709-FollowerState
2024-02-26 09:18:36,132 [f0a2b3de-ed07-43d6-bdce-9d4b8e15ed2c@group-73FBAF7E6709-FollowerState] INFO  impl.FollowerState (FollowerState.java:run(152)) - f0a2b3de-ed07-43d6-bdce-9d4b8e15ed2c@group-73FBAF7E6709-FollowerState was interrupted
2024-02-26 09:18:36,132 [grpc-default-executor-0] INFO  server.RaftServer$Division (RaftServerImpl.java:setFirstElection(574)) - f0a2b3de-ed07-43d6-bdce-9d4b8e15ed2c@group-73FBAF7E6709: set firstElectionSinceStartup to false for candidate:a70c1067-2103-48d8-b21c-f7bdcf327398
2024-02-26 09:18:36,132 [62c7a6b6-874c-46f0-a24f-66d1ecaaa81b@group-E406F7D03047-SegmentedRaftLogWorker] INFO  segmented.SegmentedRaftLogWorker (SegmentedRaftLogWorker.java:execute(634)) - 62c7a6b6-874c-46f0-a24f-66d1ecaaa81b@group-E406F7D03047-SegmentedRaftLogWorker: created new log segment /home/runner/work/ozone/ozone/hadoop-ozone/integration-test/target/test-dir/MiniOzoneClusterImpl-0d79f430-b8c0-477e-97b7-98e50d733022/ozone-meta/datanode-5/ratis/15140eea-1538-47da-817a-e406f7d03047/current/log_inprogress_0
2024-02-26 09:18:36,133 [grpc-default-executor-0] INFO  server.RaftServer$Division (RaftServerImpl.java:requestVote(1422)) - f0a2b3de-ed07-43d6-bdce-9d4b8e15ed2c@group-73FBAF7E6709 replies to ELECTION vote request: a70c1067-2103-48d8-b21c-f7bdcf327398<-f0a2b3de-ed07-43d6-bdce-9d4b8e15ed2c#0:OK-t1. Peer's state: f0a2b3de-ed07-43d6-bdce-9d4b8e15ed2c@group-73FBAF7E6709:t1, leader=null, voted=a70c1067-2103-48d8-b21c-f7bdcf327398, raftlog=Memoized:f0a2b3de-ed07-43d6-bdce-9d4b8e15ed2c@group-73FBAF7E6709-SegmentedRaftLog:OPENED:c-1, conf=-1: peers:[f0a2b3de-ed07-43d6-bdce-9d4b8e15ed2c|10.1.0.30:15032, a70c1067-2103-48d8-b21c-f7bdcf327398|10.1.0.30:15023, 1fc8e30e-bcf6-4a54-bb04-f74c1c9f090e|10.1.0.30:15014]|listeners:[], old=null
2024-02-26 09:18:36,133 [grpc-default-executor-3] INFO  server.RaftServer$Division (RaftServerImpl.java:requestVote(1422)) - 1fc8e30e-bcf6-4a54-bb04-f74c1c9f090e@group-73FBAF7E6709 replies to ELECTION vote request: a70c1067-2103-48d8-b21c-f7bdcf327398<-1fc8e30e-bcf6-4a54-bb04-f74c1c9f090e#0:OK-t1. Peer's state: 1fc8e30e-bcf6-4a54-bb04-f74c1c9f090e@group-73FBAF7E6709:t1, leader=null, voted=a70c1067-2103-48d8-b21c-f7bdcf327398, raftlog=Memoized:1fc8e30e-bcf6-4a54-bb04-f74c1c9f090e@group-73FBAF7E6709-SegmentedRaftLog:OPENED:c-1, conf=-1: peers:[f0a2b3de-ed07-43d6-bdce-9d4b8e15ed2c|10.1.0.30:15032, a70c1067-2103-48d8-b21c-f7bdcf327398|10.1.0.30:15023, 1fc8e30e-bcf6-4a54-bb04-f74c1c9f090e|10.1.0.30:15014]|listeners:[], old=null
2024-02-26 09:18:36,136 [a70c1067-2103-48d8-b21c-f7bdcf327398@group-73FBAF7E6709-LeaderElection13] INFO  impl.LeaderElection (LeaderElection.java:logAndReturn(89)) - a70c1067-2103-48d8-b21c-f7bdcf327398@group-73FBAF7E6709-LeaderElection13: ELECTION PASSED received 1 response(s) and 0 exception(s):
2024-02-26 09:18:36,136 [a70c1067-2103-48d8-b21c-f7bdcf327398@group-73FBAF7E6709-LeaderElection13] INFO  impl.LeaderElection (LeaderElection.java:logAndReturn(93)) -   Response 0: a70c1067-2103-48d8-b21c-f7bdcf327398<-f0a2b3de-ed07-43d6-bdce-9d4b8e15ed2c#0:OK-t1
2024-02-26 09:18:36,136 [a70c1067-2103-48d8-b21c-f7bdcf327398@group-73FBAF7E6709-LeaderElection13] INFO  impl.LeaderElection (LeaderElection.java:askForVotes(323)) - a70c1067-2103-48d8-b21c-f7bdcf327398@group-73FBAF7E6709-LeaderElection13 ELECTION round 0: result PASSED
2024-02-26 09:18:36,136 [a70c1067-2103-48d8-b21c-f7bdcf327398@group-73FBAF7E6709-LeaderElection13] INFO  impl.RoleInfo (RoleInfo.java:shutdownLeaderElection(130)) - a70c1067-2103-48d8-b21c-f7bdcf327398: shutdown a70c1067-2103-48d8-b21c-f7bdcf327398@group-73FBAF7E6709-LeaderElection13
2024-02-26 09:18:36,136 [a70c1067-2103-48d8-b21c-f7bdcf327398@group-73FBAF7E6709-LeaderElection13] INFO  server.RaftServer$Division (RaftServerImpl.java:setRole(383)) - a70c1067-2103-48d8-b21c-f7bdcf327398@group-73FBAF7E6709: changes role from CANDIDATE to LEADER at term 1 for changeToLeader
2024-02-26 09:18:36,136 [a70c1067-2103-48d8-b21c-f7bdcf327398@group-73FBAF7E6709-LeaderElection13] INFO  server.RaftServerConfigKeys (ConfUtils.java:logGet(46)) - raft.server.staging.catchup.gap = 1000 (default)
2024-02-26 09:18:36,136 [a70c1067-2103-48d8-b21c-f7bdcf327398@group-73FBAF7E6709-LeaderElection13] INFO  server.RaftServerConfigKeys (ConfUtils.java:logGet(46)) - raft.server.write.element-limit = 1024 (custom)
2024-02-26 09:18:36,136 [a70c1067-2103-48d8-b21c-f7bdcf327398@group-73FBAF7E6709-LeaderElection13] INFO  server.RaftServerConfigKeys (ConfUtils.java:logGet(46)) - raft.server.write.byte-limit = 1024 M (=1073741824) (custom)
2024-02-26 09:18:36,137 [a70c1067-2103-48d8-b21c-f7bdcf327398@group-73FBAF7E6709-LeaderElection13] INFO  server.RaftServerConfigKeys (ConfUtils.java:logGet(46)) - raft.server.watch.timeout = 180s (custom)
2024-02-26 09:18:36,137 [a70c1067-2103-48d8-b21c-f7bdcf327398@group-73FBAF7E6709-LeaderElection13] INFO  server.RaftServerConfigKeys (ConfUtils.java:logGet(46)) - raft.server.watch.timeout.denomination = 1s (default)
2024-02-26 09:18:36,137 [a70c1067-2103-48d8-b21c-f7bdcf327398@group-73FBAF7E6709-LeaderElection13] INFO  server.RaftServerConfigKeys (ConfUtils.java:logGet(46)) - raft.server.watch.element-limit = 65536 (default)
2024-02-26 09:18:36,137 [a70c1067-2103-48d8-b21c-f7bdcf327398@group-73FBAF7E6709-LeaderElection13] INFO  server.RaftServerConfigKeys (ConfUtils.java:logGet(46)) - raft.server.read.leader.lease.enabled = false (default)
2024-02-26 09:18:36,137 [a70c1067-2103-48d8-b21c-f7bdcf327398@group-73FBAF7E6709-LeaderElection13] INFO  server.RaftServerConfigKeys (ConfUtils.java:logGet(46)) - raft.server.read.leader.lease.timeout.ratio = 0.9 (default)
2024-02-26 09:18:36,137 [a70c1067-2103-48d8-b21c-f7bdcf327398@group-73FBAF7E6709-LeaderElection13] INFO  server.RaftServerConfigKeys (ConfUtils.java:logGet(46)) - raft.server.rpc.timeout.min = 5s (custom)
2024-02-26 09:18:36,137 [a70c1067-2103-48d8-b21c-f7bdcf327398@group-73FBAF7E6709-LeaderElection13] INFO  server.RaftServerConfigKeys (ConfUtils.java:logGet(46)) - raft.server.write.element-limit = 1024 (custom)
2024-02-26 09:18:36,137 [a70c1067-2103-48d8-b21c-f7bdcf327398@group-73FBAF7E6709-LeaderElection13] INFO  server.RaftServerConfigKeys (ConfUtils.java:logGet(46)) - raft.server.write.follower.gap.ratio.max = -1.0 (default)
2024-02-26 09:18:36,138 [a70c1067-2103-48d8-b21c-f7bdcf327398@group-73FBAF7E6709-LeaderElection13] INFO  server.RaftServerConfigKeys (ConfUtils.java:logGet(46)) - raft.server.log.appender.snapshot.chunk.size.max = 16MB (=16777216) (default)
2024-02-26 09:18:36,138 [a70c1067-2103-48d8-b21c-f7bdcf327398@group-73FBAF7E6709-LeaderElection13] INFO  server.RaftServerConfigKeys (ConfUtils.java:logGet(46)) - raft.server.log.appender.buffer.byte-limit = 8388608 (custom)
2024-02-26 09:18:36,138 [a70c1067-2103-48d8-b21c-f7bdcf327398@group-73FBAF7E6709-LeaderElection13] INFO  server.RaftServerConfigKeys (ConfUtils.java:logGet(46)) - raft.server.log.appender.buffer.element-limit = 1 (custom)
2024-02-26 09:18:36,138 [a70c1067-2103-48d8-b21c-f7bdcf327398@group-73FBAF7E6709-LeaderElection13] INFO  server.RaftServerConfigKeys (ConfUtils.java:logGet(46)) - raft.server.log.appender.wait-time.min = 0μs (custom)
2024-02-26 09:18:36,138 [a70c1067-2103-48d8-b21c-f7bdcf327398@group-73FBAF7E6709-LeaderElection13] INFO  grpc.GrpcConfigKeys (ConfUtils.java:logGet(46)) - raft.grpc.server.leader.outstanding.appends.max = 8 (default)
2024-02-26 09:18:36,138 [a70c1067-2103-48d8-b21c-f7bdcf327398@group-73FBAF7E6709-LeaderElection13] INFO  server.RaftServerConfigKeys (ConfUtils.java:logGet(46)) - raft.server.rpc.request.timeout = 60s (custom)
2024-02-26 09:18:36,139 [a70c1067-2103-48d8-b21c-f7bdcf327398@group-73FBAF7E6709-LeaderElection13] INFO  grpc.GrpcConfigKeys (ConfUtils.java:logGet(46)) - raft.grpc.server.install_snapshot.request.element-limit = 8 (default)
2024-02-26 09:18:36,139 [a70c1067-2103-48d8-b21c-f7bdcf327398@group-73FBAF7E6709-LeaderElection13] INFO  grpc.GrpcConfigKeys (ConfUtils.java:logGet(46)) - raft.grpc.server.install_snapshot.request.timeout = 3000ms (default)
2024-02-26 09:18:36,139 [a70c1067-2103-48d8-b21c-f7bdcf327398@group-73FBAF7E6709-LeaderElection13] INFO  grpc.GrpcConfigKeys (ConfUtils.java:logGet(46)) - raft.grpc.server.log-message.batch.duration = 5s (default)
2024-02-26 09:18:36,139 [a70c1067-2103-48d8-b21c-f7bdcf327398@group-73FBAF7E6709-LeaderElection13] INFO  server.RaftServerConfigKeys (ConfUtils.java:logGet(46)) - raft.server.log.appender.install.snapshot.enabled = false (custom)
2024-02-26 09:18:36,139 [a70c1067-2103-48d8-b21c-f7bdcf327398@group-73FBAF7E6709-LeaderElection13] INFO  grpc.GrpcConfigKeys (ConfUtils.java:logGet(46)) - raft.grpc.server.heartbeat.channel = true (default)
2024-02-26 09:18:36,145 [a70c1067-2103-48d8-b21c-f7bdcf327398@group-73FBAF7E6709-LeaderElection13] INFO  server.RaftServerConfigKeys (ConfUtils.java:logGet(46)) - raft.server.log.appender.snapshot.chunk.size.max = 16MB (=16777216) (default)
2024-02-26 09:18:36,145 [a70c1067-2103-48d8-b21c-f7bdcf327398@group-73FBAF7E6709-LeaderElection13] INFO  server.RaftServerConfigKeys (ConfUtils.java:logGet(46)) - raft.server.log.appender.buffer.byte-limit = 8388608 (custom)
2024-02-26 09:18:36,145 [a70c1067-2103-48d8-b21c-f7bdcf327398@group-73FBAF7E6709-LeaderElection13] INFO  server.RaftServerConfigKeys (ConfUtils.java:logGet(46)) - raft.server.log.appender.buffer.element-limit = 1 (custom)
2024-02-26 09:18:36,145 [a70c1067-2103-48d8-b21c-f7bdcf327398@group-73FBAF7E6709-LeaderElection13] INFO  server.RaftServerConfigKeys (ConfUtils.java:logGet(46)) - raft.server.log.appender.wait-time.min = 0μs (custom)
2024-02-26 09:18:36,145 [a70c1067-2103-48d8-b21c-f7bdcf327398@group-73FBAF7E6709-LeaderElection13] INFO  grpc.GrpcConfigKeys (ConfUtils.java:logGet(46)) - raft.grpc.server.leader.outstanding.appends.max = 8 (default)
2024-02-26 09:18:36,145 [a70c1067-2103-48d8-b21c-f7bdcf327398@group-73FBAF7E6709-LeaderElection13] INFO  server.RaftServerConfigKeys (ConfUtils.java:logGet(46)) - raft.server.rpc.request.timeout = 60s (custom)
2024-02-26 09:18:36,145 [a70c1067-2103-48d8-b21c-f7bdcf327398@group-73FBAF7E6709-LeaderElection13] INFO  grpc.GrpcConfigKeys (ConfUtils.java:logGet(46)) - raft.grpc.server.install_snapshot.request.element-limit = 8 (default)
2024-02-26 09:18:36,146 [a70c1067-2103-48d8-b21c-f7bdcf327398@group-73FBAF7E6709-LeaderElection13] INFO  grpc.GrpcConfigKeys (ConfUtils.java:logGet(46)) - raft.grpc.server.install_snapshot.request.timeout = 3000ms (default)
2024-02-26 09:18:36,146 [a70c1067-2103-48d8-b21c-f7bdcf327398@group-73FBAF7E6709-LeaderElection13] INFO  grpc.GrpcConfigKeys (ConfUtils.java:logGet(46)) - raft.grpc.server.log-message.batch.duration = 5s (default)
2024-02-26 09:18:36,146 [a70c1067-2103-48d8-b21c-f7bdcf327398@group-73FBAF7E6709-LeaderElection13] INFO  server.RaftServerConfigKeys (ConfUtils.java:logGet(46)) - raft.server.log.appender.install.snapshot.enabled = false (custom)
2024-02-26 09:18:36,146 [a70c1067-2103-48d8-b21c-f7bdcf327398@group-73FBAF7E6709-LeaderElection13] INFO  grpc.GrpcConfigKeys (ConfUtils.java:logGet(46)) - raft.grpc.server.heartbeat.channel = true (default)
2024-02-26 09:18:36,146 [a70c1067-2103-48d8-b21c-f7bdcf327398@group-73FBAF7E6709-LeaderElection13] INFO  impl.RoleInfo (RoleInfo.java:updateAndGet(139)) - a70c1067-2103-48d8-b21c-f7bdcf327398: start a70c1067-2103-48d8-b21c-f7bdcf327398@group-73FBAF7E6709-LeaderStateImpl
2024-02-26 09:18:36,146 [a70c1067-2103-48d8-b21c-f7bdcf327398@group-73FBAF7E6709-LeaderElection13] INFO  server.RaftServer$Division (RaftServerImpl.java:setFirstElection(574)) - a70c1067-2103-48d8-b21c-f7bdcf327398@group-73FBAF7E6709: set firstElectionSinceStartup to false for becomeLeader
2024-02-26 09:18:36,146 [a70c1067-2103-48d8-b21c-f7bdcf327398@group-73FBAF7E6709-LeaderElection13] INFO  ratis.XceiverServerRatis (XceiverServerRatis.java:handleLeaderChangedNotification(966)) - Leader change notification received for group: group-73FBAF7E6709 with new leaderId: a70c1067-2103-48d8-b21c-f7bdcf327398
2024-02-26 09:18:36,146 [a70c1067-2103-48d8-b21c-f7bdcf327398@group-73FBAF7E6709-LeaderElection13] INFO  server.RaftServer$Division (ServerState.java:setLeader(269)) - a70c1067-2103-48d8-b21c-f7bdcf327398@group-73FBAF7E6709: change Leader from null to a70c1067-2103-48d8-b21c-f7bdcf327398 at term 1 for becomeLeader, leader elected after 5288ms
2024-02-26 09:18:36,147 [a70c1067-2103-48d8-b21c-f7bdcf327398@group-73FBAF7E6709-LeaderElection13] INFO  segmented.SegmentedRaftLogWorker (SegmentedRaftLogWorker.java:startLogSegment(430)) - a70c1067-2103-48d8-b21c-f7bdcf327398@group-73FBAF7E6709-SegmentedRaftLogWorker: Starting segment from index:0
2024-02-26 09:18:36,147 [a70c1067-2103-48d8-b21c-f7bdcf327398@group-73FBAF7E6709-SegmentedRaftLogWorker] INFO  segmented.BufferedWriteChannel (BufferedWriteChannel.java:open(62)) - open log_inprogress_0 at position 0
2024-02-26 09:18:36,151 [a70c1067-2103-48d8-b21c-f7bdcf327398@group-73FBAF7E6709-LeaderElection13] INFO  server.RaftServer$Division (ServerState.java:setRaftConf(386)) - a70c1067-2103-48d8-b21c-f7bdcf327398@group-73FBAF7E6709: set configuration 0: peers:[f0a2b3de-ed07-43d6-bdce-9d4b8e15ed2c|10.1.0.30:15032, a70c1067-2103-48d8-b21c-f7bdcf327398|10.1.0.30:15023, 1fc8e30e-bcf6-4a54-bb04-f74c1c9f090e|10.1.0.30:15014]|listeners:[], old=null
2024-02-26 09:18:36,152 [EventQueue-PipelineReportForPipelineReportHandler] INFO  pipeline.PipelineReportHandler (PipelineReportHandler.java:processPipelineReport(136)) - Opened pipeline PipelineID=9282a3c2-574b-4ce6-8fd7-73fbaf7e6709
2024-02-26 09:18:36,157 [f0a2b3de-ed07-43d6-bdce-9d4b8e15ed2c-server-thread1] INFO  ratis.XceiverServerRatis (XceiverServerRatis.java:handleLeaderChangedNotification(966)) - Leader change notification received for group: group-73FBAF7E6709 with new leaderId: a70c1067-2103-48d8-b21c-f7bdcf327398
2024-02-26 09:18:36,158 [f0a2b3de-ed07-43d6-bdce-9d4b8e15ed2c-server-thread1] INFO  server.RaftServer$Division (ServerState.java:setLeader(269)) - f0a2b3de-ed07-43d6-bdce-9d4b8e15ed2c@group-73FBAF7E6709: change Leader from null to a70c1067-2103-48d8-b21c-f7bdcf327398 at term 1 for appendEntries, leader elected after 5292ms
2024-02-26 09:18:36,159 [805285a9-14be-4ba5-9516-049ed8f85315-server-thread1] INFO  ratis.XceiverServerRatis (XceiverServerRatis.java:handleLeaderChangedNotification(966)) - Leader change notification received for group: group-E406F7D03047 with new leaderId: 62c7a6b6-874c-46f0-a24f-66d1ecaaa81b
2024-02-26 09:18:36,159 [805285a9-14be-4ba5-9516-049ed8f85315-server-thread1] INFO  server.RaftServer$Division (ServerState.java:setLeader(269)) - 805285a9-14be-4ba5-9516-049ed8f85315@group-E406F7D03047: change Leader from null to 62c7a6b6-874c-46f0-a24f-66d1ecaaa81b at term 1 for appendEntries, leader elected after 5180ms
2024-02-26 09:18:36,160 [a70c1067-2103-48d8-b21c-f7bdcf327398@group-73FBAF7E6709-SegmentedRaftLogWorker] INFO  segmented.SegmentedRaftLogWorker (SegmentedRaftLogWorker.java:execute(634)) - a70c1067-2103-48d8-b21c-f7bdcf327398@group-73FBAF7E6709-SegmentedRaftLogWorker: created new log segment /home/runner/work/ozone/ozone/hadoop-ozone/integration-test/target/test-dir/MiniOzoneClusterImpl-0d79f430-b8c0-477e-97b7-98e50d733022/ozone-meta/datanode-2/ratis/9282a3c2-574b-4ce6-8fd7-73fbaf7e6709/current/log_inprogress_0
2024-02-26 09:18:36,161 [f0a2b3de-ed07-43d6-bdce-9d4b8e15ed2c-server-thread3] INFO  server.RaftServer$Division (ServerState.java:setRaftConf(386)) - f0a2b3de-ed07-43d6-bdce-9d4b8e15ed2c@group-73FBAF7E6709: set configuration 0: peers:[f0a2b3de-ed07-43d6-bdce-9d4b8e15ed2c|10.1.0.30:15032, a70c1067-2103-48d8-b21c-f7bdcf327398|10.1.0.30:15023, 1fc8e30e-bcf6-4a54-bb04-f74c1c9f090e|10.1.0.30:15014]|listeners:[], old=null
2024-02-26 09:18:36,162 [f0a2b3de-ed07-43d6-bdce-9d4b8e15ed2c-server-thread3] INFO  segmented.SegmentedRaftLogWorker (SegmentedRaftLogWorker.java:startLogSegment(430)) - f0a2b3de-ed07-43d6-bdce-9d4b8e15ed2c@group-73FBAF7E6709-SegmentedRaftLogWorker: Starting segment from index:0
2024-02-26 09:18:36,162 [f0a2b3de-ed07-43d6-bdce-9d4b8e15ed2c@group-73FBAF7E6709-SegmentedRaftLogWorker] INFO  segmented.BufferedWriteChannel (BufferedWriteChannel.java:open(62)) - open log_inprogress_0 at position 0
2024-02-26 09:18:36,168 [f0a2b3de-ed07-43d6-bdce-9d4b8e15ed2c@group-73FBAF7E6709-SegmentedRaftLogWorker] INFO  segmented.SegmentedRaftLogWorker (SegmentedRaftLogWorker.java:execute(634)) - f0a2b3de-ed07-43d6-bdce-9d4b8e15ed2c@group-73FBAF7E6709-SegmentedRaftLogWorker: created new log segment /home/runner/work/ozone/ozone/hadoop-ozone/integration-test/target/test-dir/MiniOzoneClusterImpl-0d79f430-b8c0-477e-97b7-98e50d733022/ozone-meta/datanode-3/ratis/9282a3c2-574b-4ce6-8fd7-73fbaf7e6709/current/log_inprogress_0
2024-02-26 09:18:36,173 [1fc8e30e-bcf6-4a54-bb04-f74c1c9f090e-server-thread1] INFO  ratis.XceiverServerRatis (XceiverServerRatis.java:handleLeaderChangedNotification(966)) - Leader change notification received for group: group-73FBAF7E6709 with new leaderId: a70c1067-2103-48d8-b21c-f7bdcf327398
2024-02-26 09:18:36,173 [1fc8e30e-bcf6-4a54-bb04-f74c1c9f090e-server-thread1] INFO  server.RaftServer$Division (ServerState.java:setLeader(269)) - 1fc8e30e-bcf6-4a54-bb04-f74c1c9f090e@group-73FBAF7E6709: change Leader from null to a70c1067-2103-48d8-b21c-f7bdcf327398 at term 1 for appendEntries, leader elected after 5293ms
2024-02-26 09:18:36,189 [1fc8e30e-bcf6-4a54-bb04-f74c1c9f090e-server-thread2] INFO  server.RaftServer$Division (ServerState.java:setRaftConf(386)) - 1fc8e30e-bcf6-4a54-bb04-f74c1c9f090e@group-73FBAF7E6709: set configuration 0: peers:[f0a2b3de-ed07-43d6-bdce-9d4b8e15ed2c|10.1.0.30:15032, a70c1067-2103-48d8-b21c-f7bdcf327398|10.1.0.30:15023, 1fc8e30e-bcf6-4a54-bb04-f74c1c9f090e|10.1.0.30:15014]|listeners:[], old=null
2024-02-26 09:18:36,192 [1fc8e30e-bcf6-4a54-bb04-f74c1c9f090e-server-thread2] INFO  segmented.SegmentedRaftLogWorker (SegmentedRaftLogWorker.java:startLogSegment(430)) - 1fc8e30e-bcf6-4a54-bb04-f74c1c9f090e@group-73FBAF7E6709-SegmentedRaftLogWorker: Starting segment from index:0
2024-02-26 09:18:36,193 [1fc8e30e-bcf6-4a54-bb04-f74c1c9f090e@group-73FBAF7E6709-SegmentedRaftLogWorker] INFO  segmented.BufferedWriteChannel (BufferedWriteChannel.java:open(62)) - open log_inprogress_0 at position 0
2024-02-26 09:18:36,193 [a70c1067-2103-48d8-b21c-f7bdcf327398@group-73FBAF7E6709-StateMachineUpdater] INFO  server.RaftServer$Division (LeaderStateImpl.java:isApplied(320)) - leader is ready since appliedIndex == 0 >= startIndex == 0
2024-02-26 09:18:36,203 [1fc8e30e-bcf6-4a54-bb04-f74c1c9f090e@group-73FBAF7E6709-SegmentedRaftLogWorker] INFO  segmented.SegmentedRaftLogWorker (SegmentedRaftLogWorker.java:execute(634)) - 1fc8e30e-bcf6-4a54-bb04-f74c1c9f090e@group-73FBAF7E6709-SegmentedRaftLogWorker: created new log segment /home/runner/work/ozone/ozone/hadoop-ozone/integration-test/target/test-dir/MiniOzoneClusterImpl-0d79f430-b8c0-477e-97b7-98e50d733022/ozone-meta/datanode-1/ratis/9282a3c2-574b-4ce6-8fd7-73fbaf7e6709/current/log_inprogress_0
2024-02-26 09:18:36,204 [805285a9-14be-4ba5-9516-049ed8f85315-server-thread2] INFO  server.RaftServer$Division (ServerState.java:setRaftConf(386)) - 805285a9-14be-4ba5-9516-049ed8f85315@group-E406F7D03047: set configuration 0: peers:[805285a9-14be-4ba5-9516-049ed8f85315|10.1.0.30:15041, 62c7a6b6-874c-46f0-a24f-66d1ecaaa81b|10.1.0.30:15050, bca0bda6-c24b-45de-ae86-b5c7c2d890ab|10.1.0.30:15059]|listeners:[], old=null
2024-02-26 09:18:36,204 [805285a9-14be-4ba5-9516-049ed8f85315-server-thread2] INFO  segmented.SegmentedRaftLogWorker (SegmentedRaftLogWorker.java:startLogSegment(430)) - 805285a9-14be-4ba5-9516-049ed8f85315@group-E406F7D03047-SegmentedRaftLogWorker: Starting segment from index:0
2024-02-26 09:18:36,205 [805285a9-14be-4ba5-9516-049ed8f85315@group-E406F7D03047-SegmentedRaftLogWorker] INFO  segmented.BufferedWriteChannel (BufferedWriteChannel.java:open(62)) - open log_inprogress_0 at position 0
2024-02-26 09:18:36,207 [bca0bda6-c24b-45de-ae86-b5c7c2d890ab-server-thread1] INFO  ratis.XceiverServerRatis (XceiverServerRatis.java:handleLeaderChangedNotification(966)) - Leader change notification received for group: group-E406F7D03047 with new leaderId: 62c7a6b6-874c-46f0-a24f-66d1ecaaa81b
2024-02-26 09:18:36,207 [bca0bda6-c24b-45de-ae86-b5c7c2d890ab-server-thread1] INFO  server.RaftServer$Division (ServerState.java:setLeader(269)) - bca0bda6-c24b-45de-ae86-b5c7c2d890ab@group-E406F7D03047: change Leader from null to 62c7a6b6-874c-46f0-a24f-66d1ecaaa81b at term 1 for appendEntries, leader elected after 5434ms
2024-02-26 09:18:36,212 [bca0bda6-c24b-45de-ae86-b5c7c2d890ab-server-thread1] INFO  server.RaftServer$Division (ServerState.java:setRaftConf(386)) - bca0bda6-c24b-45de-ae86-b5c7c2d890ab@group-E406F7D03047: set configuration 0: peers:[805285a9-14be-4ba5-9516-049ed8f85315|10.1.0.30:15041, 62c7a6b6-874c-46f0-a24f-66d1ecaaa81b|10.1.0.30:15050, bca0bda6-c24b-45de-ae86-b5c7c2d890ab|10.1.0.30:15059]|listeners:[], old=null
2024-02-26 09:18:36,212 [bca0bda6-c24b-45de-ae86-b5c7c2d890ab-server-thread1] INFO  segmented.SegmentedRaftLogWorker (SegmentedRaftLogWorker.java:startLogSegment(430)) - bca0bda6-c24b-45de-ae86-b5c7c2d890ab@group-E406F7D03047-SegmentedRaftLogWorker: Starting segment from index:0
2024-02-26 09:18:36,213 [bca0bda6-c24b-45de-ae86-b5c7c2d890ab@group-E406F7D03047-SegmentedRaftLogWorker] INFO  segmented.BufferedWriteChannel (BufferedWriteChannel.java:open(62)) - open log_inprogress_0 at position 0
2024-02-26 09:18:36,221 [805285a9-14be-4ba5-9516-049ed8f85315@group-E406F7D03047-SegmentedRaftLogWorker] INFO  segmented.SegmentedRaftLogWorker (SegmentedRaftLogWorker.java:execute(634)) - 805285a9-14be-4ba5-9516-049ed8f85315@group-E406F7D03047-SegmentedRaftLogWorker: created new log segment /home/runner/work/ozone/ozone/hadoop-ozone/integration-test/target/test-dir/MiniOzoneClusterImpl-0d79f430-b8c0-477e-97b7-98e50d733022/ozone-meta/datanode-4/ratis/15140eea-1538-47da-817a-e406f7d03047/current/log_inprogress_0
2024-02-26 09:18:36,222 [bca0bda6-c24b-45de-ae86-b5c7c2d890ab@group-E406F7D03047-SegmentedRaftLogWorker] INFO  segmented.SegmentedRaftLogWorker (SegmentedRaftLogWorker.java:execute(634)) - bca0bda6-c24b-45de-ae86-b5c7c2d890ab@group-E406F7D03047-SegmentedRaftLogWorker: created new log segment /home/runner/work/ozone/ozone/hadoop-ozone/integration-test/target/test-dir/MiniOzoneClusterImpl-0d79f430-b8c0-477e-97b7-98e50d733022/ozone-meta/datanode-6/ratis/15140eea-1538-47da-817a-e406f7d03047/current/log_inprogress_0
2024-02-26 09:18:36,226 [62c7a6b6-874c-46f0-a24f-66d1ecaaa81b@group-E406F7D03047-StateMachineUpdater] INFO  server.RaftServer$Division (LeaderStateImpl.java:isApplied(320)) - leader is ready since appliedIndex == 0 >= startIndex == 0
2024-02-26 09:18:36,248 [aa7921d1-8be5-430c-af0e-7b09d4ba500e@group-99153D2F9DA5-FollowerState] INFO  impl.FollowerState (FollowerState.java:run(143)) - aa7921d1-8be5-430c-af0e-7b09d4ba500e@group-99153D2F9DA5-FollowerState: change to CANDIDATE, lastRpcElapsedTime:5147726412ns, electionTimeout:5147ms
2024-02-26 09:18:36,248 [aa7921d1-8be5-430c-af0e-7b09d4ba500e@group-99153D2F9DA5-FollowerState] INFO  impl.RoleInfo (RoleInfo.java:shutdownFollowerState(110)) - aa7921d1-8be5-430c-af0e-7b09d4ba500e: shutdown aa7921d1-8be5-430c-af0e-7b09d4ba500e@group-99153D2F9DA5-FollowerState
2024-02-26 09:18:36,248 [aa7921d1-8be5-430c-af0e-7b09d4ba500e@group-99153D2F9DA5-FollowerState] INFO  server.RaftServer$Division (RaftServerImpl.java:setRole(383)) - aa7921d1-8be5-430c-af0e-7b09d4ba500e@group-99153D2F9DA5: changes role from  FOLLOWER to CANDIDATE at term 0 for changeToCandidate
2024-02-26 09:18:36,248 [aa7921d1-8be5-430c-af0e-7b09d4ba500e@group-99153D2F9DA5-FollowerState] INFO  server.RaftServerConfigKeys (ConfUtils.java:logGet(46)) - raft.server.leaderelection.pre-vote = true (default)
2024-02-26 09:18:36,248 [aa7921d1-8be5-430c-af0e-7b09d4ba500e@group-99153D2F9DA5-FollowerState] INFO  impl.RoleInfo (RoleInfo.java:updateAndGet(139)) - aa7921d1-8be5-430c-af0e-7b09d4ba500e: start aa7921d1-8be5-430c-af0e-7b09d4ba500e@group-99153D2F9DA5-LeaderElection15
2024-02-26 09:18:36,251 [aa7921d1-8be5-430c-af0e-7b09d4ba500e@group-99153D2F9DA5-LeaderElection15] INFO  impl.LeaderElection (LeaderElection.java:askForVotes(321)) - aa7921d1-8be5-430c-af0e-7b09d4ba500e@group-99153D2F9DA5-LeaderElection15 PRE_VOTE round 0: submit vote requests at term 0 for -1: peers:[aa7921d1-8be5-430c-af0e-7b09d4ba500e|10.1.0.30:15077]|listeners:[], old=null
2024-02-26 09:18:36,251 [aa7921d1-8be5-430c-af0e-7b09d4ba500e@group-99153D2F9DA5-LeaderElection15] INFO  impl.LeaderElection (LeaderElection.java:askForVotes(323)) - aa7921d1-8be5-430c-af0e-7b09d4ba500e@group-99153D2F9DA5-LeaderElection15 PRE_VOTE round 0: result PASSED (term=0)
2024-02-26 09:18:36,252 [aa7921d1-8be5-430c-af0e-7b09d4ba500e@group-99153D2F9DA5-LeaderElection15] INFO  impl.LeaderElection (LeaderElection.java:askForVotes(321)) - aa7921d1-8be5-430c-af0e-7b09d4ba500e@group-99153D2F9DA5-LeaderElection15 ELECTION round 0: submit vote requests at term 1 for -1: peers:[aa7921d1-8be5-430c-af0e-7b09d4ba500e|10.1.0.30:15077]|listeners:[], old=null
2024-02-26 09:18:36,252 [aa7921d1-8be5-430c-af0e-7b09d4ba500e@group-99153D2F9DA5-LeaderElection15] INFO  impl.LeaderElection (LeaderElection.java:askForVotes(323)) - aa7921d1-8be5-430c-af0e-7b09d4ba500e@group-99153D2F9DA5-LeaderElection15 ELECTION round 0: result PASSED (term=1)
2024-02-26 09:18:36,253 [aa7921d1-8be5-430c-af0e-7b09d4ba500e@group-99153D2F9DA5-LeaderElection15] INFO  impl.RoleInfo (RoleInfo.java:shutdownLeaderElection(130)) - aa7921d1-8be5-430c-af0e-7b09d4ba500e: shutdown aa7921d1-8be5-430c-af0e-7b09d4ba500e@group-99153D2F9DA5-LeaderElection15
2024-02-26 09:18:36,253 [aa7921d1-8be5-430c-af0e-7b09d4ba500e@group-99153D2F9DA5-LeaderElection15] INFO  server.RaftServer$Division (RaftServerImpl.java:setRole(383)) - aa7921d1-8be5-430c-af0e-7b09d4ba500e@group-99153D2F9DA5: changes role from CANDIDATE to LEADER at term 1 for changeToLeader
2024-02-26 09:18:36,253 [aa7921d1-8be5-430c-af0e-7b09d4ba500e@group-99153D2F9DA5-LeaderElection15] INFO  server.RaftServerConfigKeys (ConfUtils.java:logGet(46)) - raft.server.staging.catchup.gap = 1000 (default)
2024-02-26 09:18:36,253 [aa7921d1-8be5-430c-af0e-7b09d4ba500e@group-99153D2F9DA5-LeaderElection15] INFO  server.RaftServerConfigKeys (ConfUtils.java:logGet(46)) - raft.server.write.element-limit = 1024 (custom)
2024-02-26 09:18:36,253 [aa7921d1-8be5-430c-af0e-7b09d4ba500e@group-99153D2F9DA5-LeaderElection15] INFO  server.RaftServerConfigKeys (ConfUtils.java:logGet(46)) - raft.server.write.byte-limit = 1024 M (=1073741824) (custom)
2024-02-26 09:18:36,253 [aa7921d1-8be5-430c-af0e-7b09d4ba500e@group-99153D2F9DA5-LeaderElection15] INFO  server.RaftServerConfigKeys (ConfUtils.java:logGet(46)) - raft.server.watch.timeout = 180s (custom)
2024-02-26 09:18:36,253 [aa7921d1-8be5-430c-af0e-7b09d4ba500e@group-99153D2F9DA5-LeaderElection15] INFO  server.RaftServerConfigKeys (ConfUtils.java:logGet(46)) - raft.server.watch.timeout.denomination = 1s (default)
2024-02-26 09:18:36,254 [aa7921d1-8be5-430c-af0e-7b09d4ba500e@group-99153D2F9DA5-LeaderElection15] INFO  server.RaftServerConfigKeys (ConfUtils.java:logGet(46)) - raft.server.watch.element-limit = 65536 (default)
2024-02-26 09:18:36,254 [aa7921d1-8be5-430c-af0e-7b09d4ba500e@group-99153D2F9DA5-LeaderElection15] INFO  server.RaftServerConfigKeys (ConfUtils.java:logGet(46)) - raft.server.read.leader.lease.enabled = false (default)
2024-02-26 09:18:36,254 [aa7921d1-8be5-430c-af0e-7b09d4ba500e@group-99153D2F9DA5-LeaderElection15] INFO  server.RaftServerConfigKeys (ConfUtils.java:logGet(46)) - raft.server.read.leader.lease.timeout.ratio = 0.9 (default)
2024-02-26 09:18:36,254 [aa7921d1-8be5-430c-af0e-7b09d4ba500e@group-99153D2F9DA5-LeaderElection15] INFO  server.RaftServerConfigKeys (ConfUtils.java:logGet(46)) - raft.server.rpc.timeout.min = 5s (custom)
2024-02-26 09:18:36,254 [aa7921d1-8be5-430c-af0e-7b09d4ba500e@group-99153D2F9DA5-LeaderElection15] INFO  server.RaftServerConfigKeys (ConfUtils.java:logGet(46)) - raft.server.write.element-limit = 1024 (custom)
2024-02-26 09:18:36,254 [aa7921d1-8be5-430c-af0e-7b09d4ba500e@group-99153D2F9DA5-LeaderElection15] INFO  server.RaftServerConfigKeys (ConfUtils.java:logGet(46)) - raft.server.write.follower.gap.ratio.max = -1.0 (default)
2024-02-26 09:18:36,254 [aa7921d1-8be5-430c-af0e-7b09d4ba500e@group-99153D2F9DA5-LeaderElection15] INFO  impl.RoleInfo (RoleInfo.java:updateAndGet(139)) - aa7921d1-8be5-430c-af0e-7b09d4ba500e: start aa7921d1-8be5-430c-af0e-7b09d4ba500e@group-99153D2F9DA5-LeaderStateImpl
2024-02-26 09:18:36,254 [aa7921d1-8be5-430c-af0e-7b09d4ba500e@group-99153D2F9DA5-LeaderElection15] INFO  server.RaftServer$Division (RaftServerImpl.java:setFirstElection(574)) - aa7921d1-8be5-430c-af0e-7b09d4ba500e@group-99153D2F9DA5: set firstElectionSinceStartup to false for becomeLeader
2024-02-26 09:18:36,254 [aa7921d1-8be5-430c-af0e-7b09d4ba500e@group-99153D2F9DA5-LeaderElection15] INFO  ratis.XceiverServerRatis (XceiverServerRatis.java:handleLeaderChangedNotification(966)) - Leader change notification received for group: group-99153D2F9DA5 with new leaderId: aa7921d1-8be5-430c-af0e-7b09d4ba500e
2024-02-26 09:18:36,254 [aa7921d1-8be5-430c-af0e-7b09d4ba500e@group-99153D2F9DA5-LeaderElection15] INFO  server.RaftServer$Division (ServerState.java:setLeader(269)) - aa7921d1-8be5-430c-af0e-7b09d4ba500e@group-99153D2F9DA5: change Leader from null to aa7921d1-8be5-430c-af0e-7b09d4ba500e at term 1 for becomeLeader, leader elected after 5290ms
2024-02-26 09:18:36,255 [aa7921d1-8be5-430c-af0e-7b09d4ba500e@group-99153D2F9DA5-LeaderElection15] INFO  segmented.SegmentedRaftLogWorker (SegmentedRaftLogWorker.java:startLogSegment(430)) - aa7921d1-8be5-430c-af0e-7b09d4ba500e@group-99153D2F9DA5-SegmentedRaftLogWorker: Starting segment from index:0
2024-02-26 09:18:36,255 [aa7921d1-8be5-430c-af0e-7b09d4ba500e@group-99153D2F9DA5-SegmentedRaftLogWorker] INFO  segmented.BufferedWriteChannel (BufferedWriteChannel.java:open(62)) - open log_inprogress_0 at position 0
2024-02-26 09:18:36,260 [aa7921d1-8be5-430c-af0e-7b09d4ba500e@group-99153D2F9DA5-LeaderElection15] INFO  server.RaftServer$Division (ServerState.java:setRaftConf(386)) - aa7921d1-8be5-430c-af0e-7b09d4ba500e@group-99153D2F9DA5: set configuration 0: peers:[aa7921d1-8be5-430c-af0e-7b09d4ba500e|10.1.0.30:15077]|listeners:[], old=null
2024-02-26 09:18:36,263 [aa7921d1-8be5-430c-af0e-7b09d4ba500e@group-99153D2F9DA5-SegmentedRaftLogWorker] INFO  segmented.SegmentedRaftLogWorker (SegmentedRaftLogWorker.java:execute(634)) - aa7921d1-8be5-430c-af0e-7b09d4ba500e@group-99153D2F9DA5-SegmentedRaftLogWorker: created new log segment /home/runner/work/ozone/ozone/hadoop-ozone/integration-test/target/test-dir/MiniOzoneClusterImpl-0d79f430-b8c0-477e-97b7-98e50d733022/ozone-meta/datanode-8/ratis/51f7e269-e0bb-4d92-b32b-99153d2f9da5/current/log_inprogress_0
2024-02-26 09:18:36,267 [b254f787-4ade-443a-8cd7-22935f345023@group-B7258A4D66EE-FollowerState] INFO  impl.FollowerState (FollowerState.java:run(143)) - b254f787-4ade-443a-8cd7-22935f345023@group-B7258A4D66EE-FollowerState: change to CANDIDATE, lastRpcElapsedTime:5145547797ns, electionTimeout:5136ms
2024-02-26 09:18:36,267 [b254f787-4ade-443a-8cd7-22935f345023@group-B7258A4D66EE-FollowerState] INFO  impl.RoleInfo (RoleInfo.java:shutdownFollowerState(110)) - b254f787-4ade-443a-8cd7-22935f345023: shutdown b254f787-4ade-443a-8cd7-22935f345023@group-B7258A4D66EE-FollowerState
2024-02-26 09:18:36,267 [b254f787-4ade-443a-8cd7-22935f345023@group-B7258A4D66EE-FollowerState] INFO  server.RaftServer$Division (RaftServerImpl.java:setRole(383)) - b254f787-4ade-443a-8cd7-22935f345023@group-B7258A4D66EE: changes role from  FOLLOWER to CANDIDATE at term 0 for changeToCandidate
2024-02-26 09:18:36,270 [b254f787-4ade-443a-8cd7-22935f345023@group-B7258A4D66EE-FollowerState] INFO  server.RaftServerConfigKeys (ConfUtils.java:logGet(46)) - raft.server.leaderelection.pre-vote = true (default)
2024-02-26 09:18:36,270 [b254f787-4ade-443a-8cd7-22935f345023@group-B7258A4D66EE-FollowerState] INFO  impl.RoleInfo (RoleInfo.java:updateAndGet(139)) - b254f787-4ade-443a-8cd7-22935f345023: start b254f787-4ade-443a-8cd7-22935f345023@group-B7258A4D66EE-LeaderElection16
2024-02-26 09:18:36,278 [aa7921d1-8be5-430c-af0e-7b09d4ba500e@group-99153D2F9DA5-StateMachineUpdater] INFO  server.RaftServer$Division (LeaderStateImpl.java:isApplied(320)) - leader is ready since appliedIndex == 0 >= startIndex == 0
2024-02-26 09:18:36,279 [b254f787-4ade-443a-8cd7-22935f345023@group-B7258A4D66EE-LeaderElection16] INFO  impl.LeaderElection (LeaderElection.java:askForVotes(321)) - b254f787-4ade-443a-8cd7-22935f345023@group-B7258A4D66EE-LeaderElection16 PRE_VOTE round 0: submit vote requests at term 0 for -1: peers:[87e9945c-a125-4404-bbe2-61a5a4b10cf4|10.1.0.30:15086, b254f787-4ade-443a-8cd7-22935f345023|10.1.0.30:15068, aa7921d1-8be5-430c-af0e-7b09d4ba500e|10.1.0.30:15077]|listeners:[], old=null
2024-02-26 09:18:36,279 [b254f787-4ade-443a-8cd7-22935f345023@group-B7258A4D66EE-LeaderElection16-1] INFO  server.GrpcServerProtocolClient (GrpcServerProtocolClient.java:<init>(65)) - Build channel for 87e9945c-a125-4404-bbe2-61a5a4b10cf4|10.1.0.30:15086
2024-02-26 09:18:36,282 [b254f787-4ade-443a-8cd7-22935f345023@group-B7258A4D66EE-LeaderElection16] INFO  server.RaftServerConfigKeys (ConfUtils.java:logFallback(53)) - raft.server.rpc.first-election.timeout.min = 5s (fallback to raft.server.rpc.timeout.min)
2024-02-26 09:18:36,283 [b254f787-4ade-443a-8cd7-22935f345023@group-B7258A4D66EE-LeaderElection16] INFO  server.RaftServerConfigKeys (ConfUtils.java:logFallback(53)) - raft.server.rpc.first-election.timeout.max = 5200ms (fallback to raft.server.rpc.timeout.max)
2024-02-26 09:18:36,284 [b254f787-4ade-443a-8cd7-22935f345023@group-B7258A4D66EE-LeaderElection16-2] INFO  server.GrpcServerProtocolClient (GrpcServerProtocolClient.java:<init>(65)) - Build channel for aa7921d1-8be5-430c-af0e-7b09d4ba500e|10.1.0.30:15077
2024-02-26 09:18:36,285 [grpc-default-executor-5] INFO  server.RaftServer$Division (RaftServerImpl.java:requestVote(1389)) - 87e9945c-a125-4404-bbe2-61a5a4b10cf4@group-B7258A4D66EE: receive requestVote(PRE_VOTE, b254f787-4ade-443a-8cd7-22935f345023, group-B7258A4D66EE, 0, (t:0, i:0))
2024-02-26 09:18:36,285 [grpc-default-executor-5] INFO  impl.VoteContext (VoteContext.java:log(49)) - 87e9945c-a125-4404-bbe2-61a5a4b10cf4@group-B7258A4D66EE-FOLLOWER: accept PRE_VOTE from b254f787-4ade-443a-8cd7-22935f345023: our priority 0 <= candidate's priority 0
2024-02-26 09:18:36,286 [grpc-default-executor-5] INFO  server.RaftServer$Division (RaftServerImpl.java:requestVote(1422)) - 87e9945c-a125-4404-bbe2-61a5a4b10cf4@group-B7258A4D66EE replies to PRE_VOTE vote request: b254f787-4ade-443a-8cd7-22935f345023<-87e9945c-a125-4404-bbe2-61a5a4b10cf4#0:OK-t0. Peer's state: 87e9945c-a125-4404-bbe2-61a5a4b10cf4@group-B7258A4D66EE:t0, leader=null, voted=, raftlog=Memoized:87e9945c-a125-4404-bbe2-61a5a4b10cf4@group-B7258A4D66EE-SegmentedRaftLog:OPENED:c-1, conf=-1: peers:[87e9945c-a125-4404-bbe2-61a5a4b10cf4|10.1.0.30:15086, b254f787-4ade-443a-8cd7-22935f345023|10.1.0.30:15068, aa7921d1-8be5-430c-af0e-7b09d4ba500e|10.1.0.30:15077]|listeners:[], old=null
2024-02-26 09:18:36,290 [grpc-default-executor-5] INFO  server.RaftServer$Division (RaftServerImpl.java:requestVote(1389)) - aa7921d1-8be5-430c-af0e-7b09d4ba500e@group-B7258A4D66EE: receive requestVote(PRE_VOTE, b254f787-4ade-443a-8cd7-22935f345023, group-B7258A4D66EE, 0, (t:0, i:0))
2024-02-26 09:18:36,290 [grpc-default-executor-5] INFO  impl.VoteContext (VoteContext.java:log(49)) - aa7921d1-8be5-430c-af0e-7b09d4ba500e@group-B7258A4D66EE-FOLLOWER: reject PRE_VOTE from b254f787-4ade-443a-8cd7-22935f345023: our priority 1 > candidate's priority 0
2024-02-26 09:18:36,291 [grpc-default-executor-5] INFO  server.RaftServer$Division (RaftServerImpl.java:requestVote(1422)) - aa7921d1-8be5-430c-af0e-7b09d4ba500e@group-B7258A4D66EE replies to PRE_VOTE vote request: b254f787-4ade-443a-8cd7-22935f345023<-aa7921d1-8be5-430c-af0e-7b09d4ba500e#0:FAIL-t0. Peer's state: aa7921d1-8be5-430c-af0e-7b09d4ba500e@group-B7258A4D66EE:t0, leader=null, voted=, raftlog=Memoized:aa7921d1-8be5-430c-af0e-7b09d4ba500e@group-B7258A4D66EE-SegmentedRaftLog:OPENED:c-1, conf=-1: peers:[87e9945c-a125-4404-bbe2-61a5a4b10cf4|10.1.0.30:15086, b254f787-4ade-443a-8cd7-22935f345023|10.1.0.30:15068, aa7921d1-8be5-430c-af0e-7b09d4ba500e|10.1.0.30:15077]|listeners:[], old=null
2024-02-26 09:18:36,295 [b254f787-4ade-443a-8cd7-22935f345023@group-B7258A4D66EE-LeaderElection16] INFO  impl.LeaderElection (LeaderElection.java:logAndReturn(89)) - b254f787-4ade-443a-8cd7-22935f345023@group-B7258A4D66EE-LeaderElection16: PRE_VOTE REJECTED received 2 response(s) and 0 exception(s):
2024-02-26 09:18:36,295 [b254f787-4ade-443a-8cd7-22935f345023@group-B7258A4D66EE-LeaderElection16] INFO  impl.LeaderElection (LeaderElection.java:logAndReturn(93)) -   Response 0: b254f787-4ade-443a-8cd7-22935f345023<-87e9945c-a125-4404-bbe2-61a5a4b10cf4#0:OK-t0
2024-02-26 09:18:36,295 [b254f787-4ade-443a-8cd7-22935f345023@group-B7258A4D66EE-LeaderElection16] INFO  impl.LeaderElection (LeaderElection.java:logAndReturn(93)) -   Response 1: b254f787-4ade-443a-8cd7-22935f345023<-aa7921d1-8be5-430c-af0e-7b09d4ba500e#0:FAIL-t0
2024-02-26 09:18:36,295 [b254f787-4ade-443a-8cd7-22935f345023@group-B7258A4D66EE-LeaderElection16] INFO  impl.LeaderElection (LeaderElection.java:askForVotes(323)) - b254f787-4ade-443a-8cd7-22935f345023@group-B7258A4D66EE-LeaderElection16 PRE_VOTE round 0: result REJECTED
2024-02-26 09:18:36,295 [b254f787-4ade-443a-8cd7-22935f345023@group-B7258A4D66EE-LeaderElection16] INFO  server.RaftServer$Division (RaftServerImpl.java:setRole(383)) - b254f787-4ade-443a-8cd7-22935f345023@group-B7258A4D66EE: changes role from CANDIDATE to FOLLOWER at term 0 for REJECTED
2024-02-26 09:18:36,295 [b254f787-4ade-443a-8cd7-22935f345023@group-B7258A4D66EE-LeaderElection16] INFO  impl.RoleInfo (RoleInfo.java:shutdownLeaderElection(130)) - b254f787-4ade-443a-8cd7-22935f345023: shutdown b254f787-4ade-443a-8cd7-22935f345023@group-B7258A4D66EE-LeaderElection16
2024-02-26 09:18:36,295 [b254f787-4ade-443a-8cd7-22935f345023@group-B7258A4D66EE-LeaderElection16] INFO  impl.RoleInfo (RoleInfo.java:updateAndGet(139)) - b254f787-4ade-443a-8cd7-22935f345023: start b254f787-4ade-443a-8cd7-22935f345023@group-B7258A4D66EE-FollowerState
2024-02-26 09:18:36,299 [b254f787-4ade-443a-8cd7-22935f345023@group-B7258A4D66EE-LeaderElection16] INFO  server.RaftServer$Division (RaftServerImpl.java:setFirstElection(574)) - b254f787-4ade-443a-8cd7-22935f345023@group-B7258A4D66EE: set firstElectionSinceStartup to false for REJECTED
2024-02-26 09:18:36,322 [4e76a5f4-598e-407f-bd79-992a553d1db1@group-5E64E6F45F8E-FollowerState] INFO  impl.FollowerState (FollowerState.java:run(143)) - 4e76a5f4-598e-407f-bd79-992a553d1db1@group-5E64E6F45F8E-FollowerState: change to CANDIDATE, lastRpcElapsedTime:5017315807ns, electionTimeout:5015ms
2024-02-26 09:18:36,322 [4e76a5f4-598e-407f-bd79-992a553d1db1@group-5E64E6F45F8E-FollowerState] INFO  impl.RoleInfo (RoleInfo.java:shutdownFollowerState(110)) - 4e76a5f4-598e-407f-bd79-992a553d1db1: shutdown 4e76a5f4-598e-407f-bd79-992a553d1db1@group-5E64E6F45F8E-FollowerState
2024-02-26 09:18:36,322 [4e76a5f4-598e-407f-bd79-992a553d1db1@group-5E64E6F45F8E-FollowerState] INFO  server.RaftServer$Division (RaftServerImpl.java:setRole(383)) - 4e76a5f4-598e-407f-bd79-992a553d1db1@group-5E64E6F45F8E: changes role from  FOLLOWER to CANDIDATE at term 0 for changeToCandidate
2024-02-26 09:18:36,323 [4e76a5f4-598e-407f-bd79-992a553d1db1@group-5E64E6F45F8E-FollowerState] INFO  server.RaftServerConfigKeys (ConfUtils.java:logGet(46)) - raft.server.leaderelection.pre-vote = true (default)
2024-02-26 09:18:36,323 [4e76a5f4-598e-407f-bd79-992a553d1db1@group-5E64E6F45F8E-FollowerState] INFO  impl.RoleInfo (RoleInfo.java:updateAndGet(139)) - 4e76a5f4-598e-407f-bd79-992a553d1db1: start 4e76a5f4-598e-407f-bd79-992a553d1db1@group-5E64E6F45F8E-LeaderElection17
2024-02-26 09:18:36,324 [4e76a5f4-598e-407f-bd79-992a553d1db1@group-5E64E6F45F8E-LeaderElection17] INFO  impl.LeaderElection (LeaderElection.java:askForVotes(321)) - 4e76a5f4-598e-407f-bd79-992a553d1db1@group-5E64E6F45F8E-LeaderElection17 PRE_VOTE round 0: submit vote requests at term 0 for -1: peers:[4e76a5f4-598e-407f-bd79-992a553d1db1|10.1.0.30:15095]|listeners:[], old=null
2024-02-26 09:18:36,327 [4e76a5f4-598e-407f-bd79-992a553d1db1@group-5E64E6F45F8E-LeaderElection17] INFO  impl.LeaderElection (LeaderElection.java:askForVotes(323)) - 4e76a5f4-598e-407f-bd79-992a553d1db1@group-5E64E6F45F8E-LeaderElection17 PRE_VOTE round 0: result PASSED (term=0)
2024-02-26 09:18:36,329 [4e76a5f4-598e-407f-bd79-992a553d1db1@group-5E64E6F45F8E-LeaderElection17] INFO  impl.LeaderElection (LeaderElection.java:askForVotes(321)) - 4e76a5f4-598e-407f-bd79-992a553d1db1@group-5E64E6F45F8E-LeaderElection17 ELECTION round 0: submit vote requests at term 1 for -1: peers:[4e76a5f4-598e-407f-bd79-992a553d1db1|10.1.0.30:15095]|listeners:[], old=null
2024-02-26 09:18:36,329 [4e76a5f4-598e-407f-bd79-992a553d1db1@group-5E64E6F45F8E-LeaderElection17] INFO  impl.LeaderElection (LeaderElection.java:askForVotes(323)) - 4e76a5f4-598e-407f-bd79-992a553d1db1@group-5E64E6F45F8E-LeaderElection17 ELECTION round 0: result PASSED (term=1)
2024-02-26 09:18:36,329 [4e76a5f4-598e-407f-bd79-992a553d1db1@group-5E64E6F45F8E-LeaderElection17] INFO  impl.RoleInfo (RoleInfo.java:shutdownLeaderElection(130)) - 4e76a5f4-598e-407f-bd79-992a553d1db1: shutdown 4e76a5f4-598e-407f-bd79-992a553d1db1@group-5E64E6F45F8E-LeaderElection17
2024-02-26 09:18:36,329 [4e76a5f4-598e-407f-bd79-992a553d1db1@group-5E64E6F45F8E-LeaderElection17] INFO  server.RaftServer$Division (RaftServerImpl.java:setRole(383)) - 4e76a5f4-598e-407f-bd79-992a553d1db1@group-5E64E6F45F8E: changes role from CANDIDATE to LEADER at term 1 for changeToLeader
2024-02-26 09:18:36,330 [4e76a5f4-598e-407f-bd79-992a553d1db1@group-5E64E6F45F8E-LeaderElection17] INFO  server.RaftServerConfigKeys (ConfUtils.java:logGet(46)) - raft.server.staging.catchup.gap = 1000 (default)
2024-02-26 09:18:36,330 [4e76a5f4-598e-407f-bd79-992a553d1db1@group-5E64E6F45F8E-LeaderElection17] INFO  server.RaftServerConfigKeys (ConfUtils.java:logGet(46)) - raft.server.write.element-limit = 1024 (custom)
2024-02-26 09:18:36,330 [4e76a5f4-598e-407f-bd79-992a553d1db1@group-5E64E6F45F8E-LeaderElection17] INFO  server.RaftServerConfigKeys (ConfUtils.java:logGet(46)) - raft.server.write.byte-limit = 1024 M (=1073741824) (custom)
2024-02-26 09:18:36,330 [4e76a5f4-598e-407f-bd79-992a553d1db1@group-5E64E6F45F8E-LeaderElection17] INFO  server.RaftServerConfigKeys (ConfUtils.java:logGet(46)) - raft.server.watch.timeout = 180s (custom)
2024-02-26 09:18:36,330 [4e76a5f4-598e-407f-bd79-992a553d1db1@group-5E64E6F45F8E-LeaderElection17] INFO  server.RaftServerConfigKeys (ConfUtils.java:logGet(46)) - raft.server.watch.timeout.denomination = 1s (default)
2024-02-26 09:18:36,330 [4e76a5f4-598e-407f-bd79-992a553d1db1@group-5E64E6F45F8E-LeaderElection17] INFO  server.RaftServerConfigKeys (ConfUtils.java:logGet(46)) - raft.server.watch.element-limit = 65536 (default)
2024-02-26 09:18:36,331 [4e76a5f4-598e-407f-bd79-992a553d1db1@group-5E64E6F45F8E-LeaderElection17] INFO  server.RaftServerConfigKeys (ConfUtils.java:logGet(46)) - raft.server.read.leader.lease.enabled = false (default)
2024-02-26 09:18:36,331 [4e76a5f4-598e-407f-bd79-992a553d1db1@group-5E64E6F45F8E-LeaderElection17] INFO  server.RaftServerConfigKeys (ConfUtils.java:logGet(46)) - raft.server.read.leader.lease.timeout.ratio = 0.9 (default)
2024-02-26 09:18:36,331 [4e76a5f4-598e-407f-bd79-992a553d1db1@group-5E64E6F45F8E-LeaderElection17] INFO  server.RaftServerConfigKeys (ConfUtils.java:logGet(46)) - raft.server.rpc.timeout.min = 5s (custom)
2024-02-26 09:18:36,331 [4e76a5f4-598e-407f-bd79-992a553d1db1@group-5E64E6F45F8E-LeaderElection17] INFO  server.RaftServerConfigKeys (ConfUtils.java:logGet(46)) - raft.server.write.element-limit = 1024 (custom)
2024-02-26 09:18:36,331 [4e76a5f4-598e-407f-bd79-992a553d1db1@group-5E64E6F45F8E-LeaderElection17] INFO  server.RaftServerConfigKeys (ConfUtils.java:logGet(46)) - raft.server.write.follower.gap.ratio.max = -1.0 (default)
2024-02-26 09:18:36,331 [4e76a5f4-598e-407f-bd79-992a553d1db1@group-5E64E6F45F8E-LeaderElection17] INFO  impl.RoleInfo (RoleInfo.java:updateAndGet(139)) - 4e76a5f4-598e-407f-bd79-992a553d1db1: start 4e76a5f4-598e-407f-bd79-992a553d1db1@group-5E64E6F45F8E-LeaderStateImpl
2024-02-26 09:18:36,331 [4e76a5f4-598e-407f-bd79-992a553d1db1@group-5E64E6F45F8E-LeaderElection17] INFO  server.RaftServer$Division (RaftServerImpl.java:setFirstElection(574)) - 4e76a5f4-598e-407f-bd79-992a553d1db1@group-5E64E6F45F8E: set firstElectionSinceStartup to false for becomeLeader
2024-02-26 09:18:36,331 [4e76a5f4-598e-407f-bd79-992a553d1db1@group-5E64E6F45F8E-LeaderElection17] INFO  ratis.XceiverServerRatis (XceiverServerRatis.java:handleLeaderChangedNotification(966)) - Leader change notification received for group: group-5E64E6F45F8E with new leaderId: 4e76a5f4-598e-407f-bd79-992a553d1db1
2024-02-26 09:18:36,341 [4e76a5f4-598e-407f-bd79-992a553d1db1@group-5E64E6F45F8E-LeaderElection17] INFO  server.RaftServer$Division (ServerState.java:setLeader(269)) - 4e76a5f4-598e-407f-bd79-992a553d1db1@group-5E64E6F45F8E: change Leader from null to 4e76a5f4-598e-407f-bd79-992a553d1db1 at term 1 for becomeLeader, leader elected after 5143ms
2024-02-26 09:18:36,341 [4e76a5f4-598e-407f-bd79-992a553d1db1@group-5E64E6F45F8E-LeaderElection17] INFO  segmented.SegmentedRaftLogWorker (SegmentedRaftLogWorker.java:startLogSegment(430)) - 4e76a5f4-598e-407f-bd79-992a553d1db1@group-5E64E6F45F8E-SegmentedRaftLogWorker: Starting segment from index:0
2024-02-26 09:18:36,342 [4e76a5f4-598e-407f-bd79-992a553d1db1@group-5E64E6F45F8E-SegmentedRaftLogWorker] INFO  segmented.BufferedWriteChannel (BufferedWriteChannel.java:open(62)) - open log_inprogress_0 at position 0
2024-02-26 09:18:36,346 [4e76a5f4-598e-407f-bd79-992a553d1db1@group-5E64E6F45F8E-LeaderElection17] INFO  server.RaftServer$Division (ServerState.java:setRaftConf(386)) - 4e76a5f4-598e-407f-bd79-992a553d1db1@group-5E64E6F45F8E: set configuration 0: peers:[4e76a5f4-598e-407f-bd79-992a553d1db1|10.1.0.30:15095]|listeners:[], old=null
2024-02-26 09:18:36,348 [87e9945c-a125-4404-bbe2-61a5a4b10cf4@group-B7258A4D66EE-FollowerState] INFO  server.RaftServerConfigKeys (ConfUtils.java:logFallback(53)) - raft.server.rpc.first-election.timeout.min = 5s (fallback to raft.server.rpc.timeout.min)
2024-02-26 09:18:36,348 [87e9945c-a125-4404-bbe2-61a5a4b10cf4@group-B7258A4D66EE-FollowerState] INFO  server.RaftServerConfigKeys (ConfUtils.java:logFallback(53)) - raft.server.rpc.first-election.timeout.max = 5200ms (fallback to raft.server.rpc.timeout.max)
2024-02-26 09:18:36,350 [4e76a5f4-598e-407f-bd79-992a553d1db1@group-5E64E6F45F8E-SegmentedRaftLogWorker] INFO  segmented.SegmentedRaftLogWorker (SegmentedRaftLogWorker.java:execute(634)) - 4e76a5f4-598e-407f-bd79-992a553d1db1@group-5E64E6F45F8E-SegmentedRaftLogWorker: created new log segment /home/runner/work/ozone/ozone/hadoop-ozone/integration-test/target/test-dir/MiniOzoneClusterImpl-0d79f430-b8c0-477e-97b7-98e50d733022/ozone-meta/datanode-10/ratis/38c62752-2143-4318-bb0c-5e64e6f45f8e/current/log_inprogress_0
2024-02-26 09:18:36,352 [4e76a5f4-598e-407f-bd79-992a553d1db1@group-5E64E6F45F8E-StateMachineUpdater] INFO  server.RaftServer$Division (LeaderStateImpl.java:isApplied(320)) - leader is ready since appliedIndex == 0 >= startIndex == 0
2024-02-26 09:18:36,381 [main] INFO  rpc.RpcClient (RpcClient.java:createVolume(465)) - Creating Volume: 61dac48d-16e7-4d14-a4de-7d5c0fcb18c6, with runner as owner and space quota set to -1 bytes, counts quota set to -1
2024-02-26 09:18:36,397 [87e9945c-a125-4404-bbe2-61a5a4b10cf4@group-842F6E5EEF7F-FollowerState] INFO  impl.FollowerState (FollowerState.java:run(143)) - 87e9945c-a125-4404-bbe2-61a5a4b10cf4@group-842F6E5EEF7F-FollowerState: change to CANDIDATE, lastRpcElapsedTime:5210819679ns, electionTimeout:5192ms
2024-02-26 09:18:36,397 [87e9945c-a125-4404-bbe2-61a5a4b10cf4@group-842F6E5EEF7F-FollowerState] INFO  impl.RoleInfo (RoleInfo.java:shutdownFollowerState(110)) - 87e9945c-a125-4404-bbe2-61a5a4b10cf4: shutdown 87e9945c-a125-4404-bbe2-61a5a4b10cf4@group-842F6E5EEF7F-FollowerState
2024-02-26 09:18:36,397 [87e9945c-a125-4404-bbe2-61a5a4b10cf4@group-842F6E5EEF7F-FollowerState] INFO  server.RaftServer$Division (RaftServerImpl.java:setRole(383)) - 87e9945c-a125-4404-bbe2-61a5a4b10cf4@group-842F6E5EEF7F: changes role from  FOLLOWER to CANDIDATE at term 0 for changeToCandidate
2024-02-26 09:18:36,397 [87e9945c-a125-4404-bbe2-61a5a4b10cf4@group-842F6E5EEF7F-FollowerState] INFO  server.RaftServerConfigKeys (ConfUtils.java:logGet(46)) - raft.server.leaderelection.pre-vote = true (default)
2024-02-26 09:18:36,397 [87e9945c-a125-4404-bbe2-61a5a4b10cf4@group-842F6E5EEF7F-FollowerState] INFO  impl.RoleInfo (RoleInfo.java:updateAndGet(139)) - 87e9945c-a125-4404-bbe2-61a5a4b10cf4: start 87e9945c-a125-4404-bbe2-61a5a4b10cf4@group-842F6E5EEF7F-LeaderElection18
2024-02-26 09:18:36,399 [87e9945c-a125-4404-bbe2-61a5a4b10cf4@group-842F6E5EEF7F-LeaderElection18] INFO  impl.LeaderElection (LeaderElection.java:askForVotes(321)) - 87e9945c-a125-4404-bbe2-61a5a4b10cf4@group-842F6E5EEF7F-LeaderElection18 PRE_VOTE round 0: submit vote requests at term 0 for -1: peers:[87e9945c-a125-4404-bbe2-61a5a4b10cf4|10.1.0.30:15086]|listeners:[], old=null
2024-02-26 09:18:36,399 [87e9945c-a125-4404-bbe2-61a5a4b10cf4@group-842F6E5EEF7F-LeaderElection18] INFO  impl.LeaderElection (LeaderElection.java:askForVotes(323)) - 87e9945c-a125-4404-bbe2-61a5a4b10cf4@group-842F6E5EEF7F-LeaderElection18 PRE_VOTE round 0: result PASSED (term=0)
2024-02-26 09:18:36,400 [87e9945c-a125-4404-bbe2-61a5a4b10cf4@group-842F6E5EEF7F-LeaderElection18] INFO  impl.LeaderElection (LeaderElection.java:askForVotes(321)) - 87e9945c-a125-4404-bbe2-61a5a4b10cf4@group-842F6E5EEF7F-LeaderElection18 ELECTION round 0: submit vote requests at term 1 for -1: peers:[87e9945c-a125-4404-bbe2-61a5a4b10cf4|10.1.0.30:15086]|listeners:[], old=null
2024-02-26 09:18:36,401 [87e9945c-a125-4404-bbe2-61a5a4b10cf4@group-842F6E5EEF7F-LeaderElection18] INFO  impl.LeaderElection (LeaderElection.java:askForVotes(323)) - 87e9945c-a125-4404-bbe2-61a5a4b10cf4@group-842F6E5EEF7F-LeaderElection18 ELECTION round 0: result PASSED (term=1)
2024-02-26 09:18:36,401 [87e9945c-a125-4404-bbe2-61a5a4b10cf4@group-842F6E5EEF7F-LeaderElection18] INFO  impl.RoleInfo (RoleInfo.java:shutdownLeaderElection(130)) - 87e9945c-a125-4404-bbe2-61a5a4b10cf4: shutdown 87e9945c-a125-4404-bbe2-61a5a4b10cf4@group-842F6E5EEF7F-LeaderElection18
2024-02-26 09:18:36,401 [87e9945c-a125-4404-bbe2-61a5a4b10cf4@group-842F6E5EEF7F-LeaderElection18] INFO  server.RaftServer$Division (RaftServerImpl.java:setRole(383)) - 87e9945c-a125-4404-bbe2-61a5a4b10cf4@group-842F6E5EEF7F: changes role from CANDIDATE to LEADER at term 1 for changeToLeader
2024-02-26 09:18:36,402 [87e9945c-a125-4404-bbe2-61a5a4b10cf4@group-842F6E5EEF7F-LeaderElection18] INFO  server.RaftServerConfigKeys (ConfUtils.java:logGet(46)) - raft.server.staging.catchup.gap = 1000 (default)
2024-02-26 09:18:36,402 [87e9945c-a125-4404-bbe2-61a5a4b10cf4@group-842F6E5EEF7F-LeaderElection18] INFO  server.RaftServerConfigKeys (ConfUtils.java:logGet(46)) - raft.server.write.element-limit = 1024 (custom)
2024-02-26 09:18:36,402 [87e9945c-a125-4404-bbe2-61a5a4b10cf4@group-842F6E5EEF7F-LeaderElection18] INFO  server.RaftServerConfigKeys (ConfUtils.java:logGet(46)) - raft.server.write.byte-limit = 1024 M (=1073741824) (custom)
2024-02-26 09:18:36,403 [87e9945c-a125-4404-bbe2-61a5a4b10cf4@group-842F6E5EEF7F-LeaderElection18] INFO  server.RaftServerConfigKeys (ConfUtils.java:logGet(46)) - raft.server.watch.timeout = 180s (custom)
2024-02-26 09:18:36,403 [87e9945c-a125-4404-bbe2-61a5a4b10cf4@group-842F6E5EEF7F-LeaderElection18] INFO  server.RaftServerConfigKeys (ConfUtils.java:logGet(46)) - raft.server.watch.timeout.denomination = 1s (default)
2024-02-26 09:18:36,403 [87e9945c-a125-4404-bbe2-61a5a4b10cf4@group-842F6E5EEF7F-LeaderElection18] INFO  server.RaftServerConfigKeys (ConfUtils.java:logGet(46)) - raft.server.watch.element-limit = 65536 (default)
2024-02-26 09:18:36,404 [87e9945c-a125-4404-bbe2-61a5a4b10cf4@group-842F6E5EEF7F-LeaderElection18] INFO  server.RaftServerConfigKeys (ConfUtils.java:logGet(46)) - raft.server.read.leader.lease.enabled = false (default)
2024-02-26 09:18:36,404 [87e9945c-a125-4404-bbe2-61a5a4b10cf4@group-842F6E5EEF7F-LeaderElection18] INFO  server.RaftServerConfigKeys (ConfUtils.java:logGet(46)) - raft.server.read.leader.lease.timeout.ratio = 0.9 (default)
2024-02-26 09:18:36,404 [87e9945c-a125-4404-bbe2-61a5a4b10cf4@group-842F6E5EEF7F-LeaderElection18] INFO  server.RaftServerConfigKeys (ConfUtils.java:logGet(46)) - raft.server.rpc.timeout.min = 5s (custom)
2024-02-26 09:18:36,405 [87e9945c-a125-4404-bbe2-61a5a4b10cf4@group-842F6E5EEF7F-LeaderElection18] INFO  server.RaftServerConfigKeys (ConfUtils.java:logGet(46)) - raft.server.write.element-limit = 1024 (custom)
2024-02-26 09:18:36,405 [87e9945c-a125-4404-bbe2-61a5a4b10cf4@group-842F6E5EEF7F-LeaderElection18] INFO  server.RaftServerConfigKeys (ConfUtils.java:logGet(46)) - raft.server.write.follower.gap.ratio.max = -1.0 (default)
2024-02-26 09:18:36,405 [87e9945c-a125-4404-bbe2-61a5a4b10cf4@group-842F6E5EEF7F-LeaderElection18] INFO  impl.RoleInfo (RoleInfo.java:updateAndGet(139)) - 87e9945c-a125-4404-bbe2-61a5a4b10cf4: start 87e9945c-a125-4404-bbe2-61a5a4b10cf4@group-842F6E5EEF7F-LeaderStateImpl
2024-02-26 09:18:36,407 [87e9945c-a125-4404-bbe2-61a5a4b10cf4@group-842F6E5EEF7F-LeaderElection18] INFO  server.RaftServer$Division (RaftServerImpl.java:setFirstElection(574)) - 87e9945c-a125-4404-bbe2-61a5a4b10cf4@group-842F6E5EEF7F: set firstElectionSinceStartup to false for becomeLeader
2024-02-26 09:18:36,407 [87e9945c-a125-4404-bbe2-61a5a4b10cf4@group-842F6E5EEF7F-LeaderElection18] INFO  ratis.XceiverServerRatis (XceiverServerRatis.java:handleLeaderChangedNotification(966)) - Leader change notification received for group: group-842F6E5EEF7F with new leaderId: 87e9945c-a125-4404-bbe2-61a5a4b10cf4
2024-02-26 09:18:36,407 [87e9945c-a125-4404-bbe2-61a5a4b10cf4@group-842F6E5EEF7F-LeaderElection18] INFO  server.RaftServer$Division (ServerState.java:setLeader(269)) - 87e9945c-a125-4404-bbe2-61a5a4b10cf4@group-842F6E5EEF7F: change Leader from null to 87e9945c-a125-4404-bbe2-61a5a4b10cf4 at term 1 for becomeLeader, leader elected after 5358ms
2024-02-26 09:18:36,408 [87e9945c-a125-4404-bbe2-61a5a4b10cf4@group-842F6E5EEF7F-LeaderElection18] INFO  segmented.SegmentedRaftLogWorker (SegmentedRaftLogWorker.java:startLogSegment(430)) - 87e9945c-a125-4404-bbe2-61a5a4b10cf4@group-842F6E5EEF7F-SegmentedRaftLogWorker: Starting segment from index:0
2024-02-26 09:18:36,409 [87e9945c-a125-4404-bbe2-61a5a4b10cf4@group-842F6E5EEF7F-SegmentedRaftLogWorker] INFO  segmented.BufferedWriteChannel (BufferedWriteChannel.java:open(62)) - open log_inprogress_0 at position 0
2024-02-26 09:18:36,411 [87e9945c-a125-4404-bbe2-61a5a4b10cf4@group-842F6E5EEF7F-LeaderElection18] INFO  server.RaftServer$Division (ServerState.java:setRaftConf(386)) - 87e9945c-a125-4404-bbe2-61a5a4b10cf4@group-842F6E5EEF7F: set configuration 0: peers:[87e9945c-a125-4404-bbe2-61a5a4b10cf4|10.1.0.30:15086]|listeners:[], old=null
2024-02-26 09:18:36,415 [aa7921d1-8be5-430c-af0e-7b09d4ba500e@group-B7258A4D66EE-FollowerState] INFO  impl.FollowerState (FollowerState.java:run(143)) - aa7921d1-8be5-430c-af0e-7b09d4ba500e@group-B7258A4D66EE-FollowerState: change to CANDIDATE, lastRpcElapsedTime:5121639476ns, electionTimeout:5119ms
2024-02-26 09:18:36,415 [aa7921d1-8be5-430c-af0e-7b09d4ba500e@group-B7258A4D66EE-FollowerState] INFO  impl.RoleInfo (RoleInfo.java:shutdownFollowerState(110)) - aa7921d1-8be5-430c-af0e-7b09d4ba500e: shutdown aa7921d1-8be5-430c-af0e-7b09d4ba500e@group-B7258A4D66EE-FollowerState
2024-02-26 09:18:36,415 [aa7921d1-8be5-430c-af0e-7b09d4ba500e@group-B7258A4D66EE-FollowerState] INFO  server.RaftServer$Division (RaftServerImpl.java:setRole(383)) - aa7921d1-8be5-430c-af0e-7b09d4ba500e@group-B7258A4D66EE: changes role from  FOLLOWER to CANDIDATE at term 0 for changeToCandidate
2024-02-26 09:18:36,415 [aa7921d1-8be5-430c-af0e-7b09d4ba500e@group-B7258A4D66EE-FollowerState] INFO  server.RaftServerConfigKeys (ConfUtils.java:logGet(46)) - raft.server.leaderelection.pre-vote = true (default)
2024-02-26 09:18:36,415 [aa7921d1-8be5-430c-af0e-7b09d4ba500e@group-B7258A4D66EE-FollowerState] INFO  impl.RoleInfo (RoleInfo.java:updateAndGet(139)) - aa7921d1-8be5-430c-af0e-7b09d4ba500e: start aa7921d1-8be5-430c-af0e-7b09d4ba500e@group-B7258A4D66EE-LeaderElection19
2024-02-26 09:18:36,419 [aa7921d1-8be5-430c-af0e-7b09d4ba500e@group-B7258A4D66EE-LeaderElection19] INFO  impl.LeaderElection (LeaderElection.java:askForVotes(321)) - aa7921d1-8be5-430c-af0e-7b09d4ba500e@group-B7258A4D66EE-LeaderElection19 PRE_VOTE round 0: submit vote requests at term 0 for -1: peers:[87e9945c-a125-4404-bbe2-61a5a4b10cf4|10.1.0.30:15086, b254f787-4ade-443a-8cd7-22935f345023|10.1.0.30:15068, aa7921d1-8be5-430c-af0e-7b09d4ba500e|10.1.0.30:15077]|listeners:[], old=null
2024-02-26 09:18:36,419 [aa7921d1-8be5-430c-af0e-7b09d4ba500e@group-B7258A4D66EE-LeaderElection19-1] INFO  server.GrpcServerProtocolClient (GrpcServerProtocolClient.java:<init>(65)) - Build channel for 87e9945c-a125-4404-bbe2-61a5a4b10cf4|10.1.0.30:15086
2024-02-26 09:18:36,420 [87e9945c-a125-4404-bbe2-61a5a4b10cf4@group-842F6E5EEF7F-SegmentedRaftLogWorker] INFO  segmented.SegmentedRaftLogWorker (SegmentedRaftLogWorker.java:execute(634)) - 87e9945c-a125-4404-bbe2-61a5a4b10cf4@group-842F6E5EEF7F-SegmentedRaftLogWorker: created new log segment /home/runner/work/ozone/ozone/hadoop-ozone/integration-test/target/test-dir/MiniOzoneClusterImpl-0d79f430-b8c0-477e-97b7-98e50d733022/ozone-meta/datanode-9/ratis/f21dd219-1219-404f-836e-842f6e5eef7f/current/log_inprogress_0
2024-02-26 09:18:36,423 [aa7921d1-8be5-430c-af0e-7b09d4ba500e@group-B7258A4D66EE-LeaderElection19] INFO  server.RaftServerConfigKeys (ConfUtils.java:logFallback(53)) - raft.server.rpc.first-election.timeout.min = 5s (fallback to raft.server.rpc.timeout.min)
2024-02-26 09:18:36,423 [aa7921d1-8be5-430c-af0e-7b09d4ba500e@group-B7258A4D66EE-LeaderElection19] INFO  server.RaftServerConfigKeys (ConfUtils.java:logFallback(53)) - raft.server.rpc.first-election.timeout.max = 5200ms (fallback to raft.server.rpc.timeout.max)
2024-02-26 09:18:36,423 [aa7921d1-8be5-430c-af0e-7b09d4ba500e@group-B7258A4D66EE-LeaderElection19-2] INFO  server.GrpcServerProtocolClient (GrpcServerProtocolClient.java:<init>(65)) - Build channel for b254f787-4ade-443a-8cd7-22935f345023|10.1.0.30:15068
2024-02-26 09:18:36,426 [87e9945c-a125-4404-bbe2-61a5a4b10cf4@group-842F6E5EEF7F-StateMachineUpdater] INFO  server.RaftServer$Division (LeaderStateImpl.java:isApplied(320)) - leader is ready since appliedIndex == 0 >= startIndex == 0
2024-02-26 09:18:36,429 [grpc-default-executor-5] INFO  server.RaftServer$Division (RaftServerImpl.java:requestVote(1389)) - 87e9945c-a125-4404-bbe2-61a5a4b10cf4@group-B7258A4D66EE: receive requestVote(PRE_VOTE, aa7921d1-8be5-430c-af0e-7b09d4ba500e, group-B7258A4D66EE, 0, (t:0, i:0))
2024-02-26 09:18:36,429 [grpc-default-executor-5] INFO  impl.VoteContext (VoteContext.java:log(49)) - 87e9945c-a125-4404-bbe2-61a5a4b10cf4@group-B7258A4D66EE-FOLLOWER: accept PRE_VOTE from aa7921d1-8be5-430c-af0e-7b09d4ba500e: our priority 0 <= candidate's priority 1
2024-02-26 09:18:36,429 [grpc-default-executor-5] INFO  server.RaftServer$Division (RaftServerImpl.java:requestVote(1422)) - 87e9945c-a125-4404-bbe2-61a5a4b10cf4@group-B7258A4D66EE replies to PRE_VOTE vote request: aa7921d1-8be5-430c-af0e-7b09d4ba500e<-87e9945c-a125-4404-bbe2-61a5a4b10cf4#0:OK-t0. Peer's state: 87e9945c-a125-4404-bbe2-61a5a4b10cf4@group-B7258A4D66EE:t0, leader=null, voted=, raftlog=Memoized:87e9945c-a125-4404-bbe2-61a5a4b10cf4@group-B7258A4D66EE-SegmentedRaftLog:OPENED:c-1, conf=-1: peers:[87e9945c-a125-4404-bbe2-61a5a4b10cf4|10.1.0.30:15086, b254f787-4ade-443a-8cd7-22935f345023|10.1.0.30:15068, aa7921d1-8be5-430c-af0e-7b09d4ba500e|10.1.0.30:15077]|listeners:[], old=null
2024-02-26 09:18:36,430 [aa7921d1-8be5-430c-af0e-7b09d4ba500e@group-B7258A4D66EE-LeaderElection19] INFO  impl.LeaderElection (LeaderElection.java:logAndReturn(89)) - aa7921d1-8be5-430c-af0e-7b09d4ba500e@group-B7258A4D66EE-LeaderElection19: PRE_VOTE PASSED received 1 response(s) and 0 exception(s):
2024-02-26 09:18:36,430 [aa7921d1-8be5-430c-af0e-7b09d4ba500e@group-B7258A4D66EE-LeaderElection19] INFO  impl.LeaderElection (LeaderElection.java:logAndReturn(93)) -   Response 0: aa7921d1-8be5-430c-af0e-7b09d4ba500e<-87e9945c-a125-4404-bbe2-61a5a4b10cf4#0:OK-t0
2024-02-26 09:18:36,430 [aa7921d1-8be5-430c-af0e-7b09d4ba500e@group-B7258A4D66EE-LeaderElection19] INFO  impl.LeaderElection (LeaderElection.java:askForVotes(323)) - aa7921d1-8be5-430c-af0e-7b09d4ba500e@group-B7258A4D66EE-LeaderElection19 PRE_VOTE round 0: result PASSED
2024-02-26 09:18:36,432 [aa7921d1-8be5-430c-af0e-7b09d4ba500e@group-B7258A4D66EE-LeaderElection19] INFO  impl.LeaderElection (LeaderElection.java:askForVotes(321)) - aa7921d1-8be5-430c-af0e-7b09d4ba500e@group-B7258A4D66EE-LeaderElection19 ELECTION round 0: submit vote requests at term 1 for -1: peers:[87e9945c-a125-4404-bbe2-61a5a4b10cf4|10.1.0.30:15086, b254f787-4ade-443a-8cd7-22935f345023|10.1.0.30:15068, aa7921d1-8be5-430c-af0e-7b09d4ba500e|10.1.0.30:15077]|listeners:[], old=null
2024-02-26 09:18:36,432 [aa7921d1-8be5-430c-af0e-7b09d4ba500e@group-B7258A4D66EE-LeaderElection19] INFO  server.RaftServerConfigKeys (ConfUtils.java:logFallback(53)) - raft.server.rpc.first-election.timeout.min = 5s (fallback to raft.server.rpc.timeout.min)
2024-02-26 09:18:36,433 [aa7921d1-8be5-430c-af0e-7b09d4ba500e@group-B7258A4D66EE-LeaderElection19] INFO  server.RaftServerConfigKeys (ConfUtils.java:logFallback(53)) - raft.server.rpc.first-election.timeout.max = 5200ms (fallback to raft.server.rpc.timeout.max)
2024-02-26 09:18:36,436 [grpc-default-executor-5] INFO  server.RaftServer$Division (RaftServerImpl.java:requestVote(1389)) - b254f787-4ade-443a-8cd7-22935f345023@group-B7258A4D66EE: receive requestVote(PRE_VOTE, aa7921d1-8be5-430c-af0e-7b09d4ba500e, group-B7258A4D66EE, 0, (t:0, i:0))
2024-02-26 09:18:36,436 [grpc-default-executor-5] INFO  impl.VoteContext (VoteContext.java:log(49)) - b254f787-4ade-443a-8cd7-22935f345023@group-B7258A4D66EE-FOLLOWER: accept PRE_VOTE from aa7921d1-8be5-430c-af0e-7b09d4ba500e: our priority 0 <= candidate's priority 1
2024-02-26 09:18:36,436 [grpc-default-executor-5] INFO  server.RaftServer$Division (RaftServerImpl.java:requestVote(1422)) - b254f787-4ade-443a-8cd7-22935f345023@group-B7258A4D66EE replies to PRE_VOTE vote request: aa7921d1-8be5-430c-af0e-7b09d4ba500e<-b254f787-4ade-443a-8cd7-22935f345023#0:OK-t0. Peer's state: b254f787-4ade-443a-8cd7-22935f345023@group-B7258A4D66EE:t0, leader=null, voted=, raftlog=Memoized:b254f787-4ade-443a-8cd7-22935f345023@group-B7258A4D66EE-SegmentedRaftLog:OPENED:c-1, conf=-1: peers:[87e9945c-a125-4404-bbe2-61a5a4b10cf4|10.1.0.30:15086, b254f787-4ade-443a-8cd7-22935f345023|10.1.0.30:15068, aa7921d1-8be5-430c-af0e-7b09d4ba500e|10.1.0.30:15077]|listeners:[], old=null
2024-02-26 09:18:36,444 [90984f07-37f5-40e1-bf66-3a8ca2321052@group-84A835D1B97A-FollowerState] INFO  impl.FollowerState (FollowerState.java:run(143)) - 90984f07-37f5-40e1-bf66-3a8ca2321052@group-84A835D1B97A-FollowerState: change to CANDIDATE, lastRpcElapsedTime:5121090904ns, electionTimeout:5112ms
2024-02-26 09:18:36,444 [90984f07-37f5-40e1-bf66-3a8ca2321052@group-84A835D1B97A-FollowerState] INFO  impl.RoleInfo (RoleInfo.java:shutdownFollowerState(110)) - 90984f07-37f5-40e1-bf66-3a8ca2321052: shutdown 90984f07-37f5-40e1-bf66-3a8ca2321052@group-84A835D1B97A-FollowerState
2024-02-26 09:18:36,444 [90984f07-37f5-40e1-bf66-3a8ca2321052@group-84A835D1B97A-FollowerState] INFO  server.RaftServer$Division (RaftServerImpl.java:setRole(383)) - 90984f07-37f5-40e1-bf66-3a8ca2321052@group-84A835D1B97A: changes role from  FOLLOWER to CANDIDATE at term 0 for changeToCandidate
2024-02-26 09:18:36,444 [90984f07-37f5-40e1-bf66-3a8ca2321052@group-84A835D1B97A-FollowerState] INFO  server.RaftServerConfigKeys (ConfUtils.java:logGet(46)) - raft.server.leaderelection.pre-vote = true (default)
2024-02-26 09:18:36,444 [90984f07-37f5-40e1-bf66-3a8ca2321052@group-84A835D1B97A-FollowerState] INFO  impl.RoleInfo (RoleInfo.java:updateAndGet(139)) - 90984f07-37f5-40e1-bf66-3a8ca2321052: start 90984f07-37f5-40e1-bf66-3a8ca2321052@group-84A835D1B97A-LeaderElection20
2024-02-26 09:18:36,445 [grpc-default-executor-4] INFO  server.RaftServer$Division (RaftServerImpl.java:requestVote(1389)) - 87e9945c-a125-4404-bbe2-61a5a4b10cf4@group-B7258A4D66EE: receive requestVote(ELECTION, aa7921d1-8be5-430c-af0e-7b09d4ba500e, group-B7258A4D66EE, 1, (t:0, i:0))
2024-02-26 09:18:36,445 [grpc-default-executor-4] INFO  impl.VoteContext (VoteContext.java:log(49)) - 87e9945c-a125-4404-bbe2-61a5a4b10cf4@group-B7258A4D66EE-FOLLOWER: accept ELECTION from aa7921d1-8be5-430c-af0e-7b09d4ba500e: our priority 0 <= candidate's priority 1
2024-02-26 09:18:36,445 [grpc-default-executor-4] INFO  server.RaftServer$Division (RaftServerImpl.java:setRole(383)) - 87e9945c-a125-4404-bbe2-61a5a4b10cf4@group-B7258A4D66EE: changes role from  FOLLOWER to FOLLOWER at term 1 for candidate:aa7921d1-8be5-430c-af0e-7b09d4ba500e
2024-02-26 09:18:36,445 [grpc-default-executor-4] INFO  impl.RoleInfo (RoleInfo.java:shutdownFollowerState(110)) - 87e9945c-a125-4404-bbe2-61a5a4b10cf4: shutdown 87e9945c-a125-4404-bbe2-61a5a4b10cf4@group-B7258A4D66EE-FollowerState
2024-02-26 09:18:36,446 [grpc-default-executor-5] INFO  server.RaftServer$Division (RaftServerImpl.java:requestVote(1389)) - b254f787-4ade-443a-8cd7-22935f345023@group-B7258A4D66EE: receive requestVote(ELECTION, aa7921d1-8be5-430c-af0e-7b09d4ba500e, group-B7258A4D66EE, 1, (t:0, i:0))
2024-02-26 09:18:36,446 [grpc-default-executor-5] INFO  impl.VoteContext (VoteContext.java:log(49)) - b254f787-4ade-443a-8cd7-22935f345023@group-B7258A4D66EE-FOLLOWER: accept ELECTION from aa7921d1-8be5-430c-af0e-7b09d4ba500e: our priority 0 <= candidate's priority 1
2024-02-26 09:18:36,446 [grpc-default-executor-5] INFO  server.RaftServer$Division (RaftServerImpl.java:setRole(383)) - b254f787-4ade-443a-8cd7-22935f345023@group-B7258A4D66EE: changes role from  FOLLOWER to FOLLOWER at term 1 for candidate:aa7921d1-8be5-430c-af0e-7b09d4ba500e
2024-02-26 09:18:36,446 [grpc-default-executor-5] INFO  impl.RoleInfo (RoleInfo.java:shutdownFollowerState(110)) - b254f787-4ade-443a-8cd7-22935f345023: shutdown b254f787-4ade-443a-8cd7-22935f345023@group-B7258A4D66EE-FollowerState
2024-02-26 09:18:36,446 [grpc-default-executor-5] INFO  impl.RoleInfo (RoleInfo.java:updateAndGet(139)) - b254f787-4ade-443a-8cd7-22935f345023: start b254f787-4ade-443a-8cd7-22935f345023@group-B7258A4D66EE-FollowerState
2024-02-26 09:18:36,446 [b254f787-4ade-443a-8cd7-22935f345023@group-B7258A4D66EE-FollowerState] INFO  impl.FollowerState (FollowerState.java:run(152)) - b254f787-4ade-443a-8cd7-22935f345023@group-B7258A4D66EE-FollowerState was interrupted
2024-02-26 09:18:36,447 [grpc-default-executor-4] INFO  impl.RoleInfo (RoleInfo.java:updateAndGet(139)) - 87e9945c-a125-4404-bbe2-61a5a4b10cf4: start 87e9945c-a125-4404-bbe2-61a5a4b10cf4@group-B7258A4D66EE-FollowerState
2024-02-26 09:18:36,448 [grpc-default-executor-5] INFO  server.RaftServer$Division (RaftServerImpl.java:requestVote(1422)) - b254f787-4ade-443a-8cd7-22935f345023@group-B7258A4D66EE replies to ELECTION vote request: aa7921d1-8be5-430c-af0e-7b09d4ba500e<-b254f787-4ade-443a-8cd7-22935f345023#0:OK-t1. Peer's state: b254f787-4ade-443a-8cd7-22935f345023@group-B7258A4D66EE:t1, leader=null, voted=aa7921d1-8be5-430c-af0e-7b09d4ba500e, raftlog=Memoized:b254f787-4ade-443a-8cd7-22935f345023@group-B7258A4D66EE-SegmentedRaftLog:OPENED:c-1, conf=-1: peers:[87e9945c-a125-4404-bbe2-61a5a4b10cf4|10.1.0.30:15086, b254f787-4ade-443a-8cd7-22935f345023|10.1.0.30:15068, aa7921d1-8be5-430c-af0e-7b09d4ba500e|10.1.0.30:15077]|listeners:[], old=null
2024-02-26 09:18:36,452 [grpc-default-executor-4] INFO  server.RaftServer$Division (RaftServerImpl.java:setFirstElection(574)) - 87e9945c-a125-4404-bbe2-61a5a4b10cf4@group-B7258A4D66EE: set firstElectionSinceStartup to false for candidate:aa7921d1-8be5-430c-af0e-7b09d4ba500e
2024-02-26 09:18:36,454 [grpc-default-executor-4] INFO  server.RaftServer$Division (RaftServerImpl.java:requestVote(1422)) - 87e9945c-a125-4404-bbe2-61a5a4b10cf4@group-B7258A4D66EE replies to ELECTION vote request: aa7921d1-8be5-430c-af0e-7b09d4ba500e<-87e9945c-a125-4404-bbe2-61a5a4b10cf4#0:OK-t1. Peer's state: 87e9945c-a125-4404-bbe2-61a5a4b10cf4@group-B7258A4D66EE:t1, leader=null, voted=aa7921d1-8be5-430c-af0e-7b09d4ba500e, raftlog=Memoized:87e9945c-a125-4404-bbe2-61a5a4b10cf4@group-B7258A4D66EE-SegmentedRaftLog:OPENED:c-1, conf=-1: peers:[87e9945c-a125-4404-bbe2-61a5a4b10cf4|10.1.0.30:15086, b254f787-4ade-443a-8cd7-22935f345023|10.1.0.30:15068, aa7921d1-8be5-430c-af0e-7b09d4ba500e|10.1.0.30:15077]|listeners:[], old=null
2024-02-26 09:18:36,455 [aa7921d1-8be5-430c-af0e-7b09d4ba500e@group-B7258A4D66EE-LeaderElection19] INFO  impl.LeaderElection (LeaderElection.java:logAndReturn(89)) - aa7921d1-8be5-430c-af0e-7b09d4ba500e@group-B7258A4D66EE-LeaderElection19: ELECTION PASSED received 1 response(s) and 0 exception(s):
2024-02-26 09:18:36,455 [aa7921d1-8be5-430c-af0e-7b09d4ba500e@group-B7258A4D66EE-LeaderElection19] INFO  impl.LeaderElection (LeaderElection.java:logAndReturn(93)) -   Response 0: aa7921d1-8be5-430c-af0e-7b09d4ba500e<-b254f787-4ade-443a-8cd7-22935f345023#0:OK-t1
2024-02-26 09:18:36,455 [aa7921d1-8be5-430c-af0e-7b09d4ba500e@group-B7258A4D66EE-LeaderElection19] INFO  impl.LeaderElection (LeaderElection.java:askForVotes(323)) - aa7921d1-8be5-430c-af0e-7b09d4ba500e@group-B7258A4D66EE-LeaderElection19 ELECTION round 0: result PASSED
2024-02-26 09:18:36,455 [aa7921d1-8be5-430c-af0e-7b09d4ba500e@group-B7258A4D66EE-LeaderElection19] INFO  impl.RoleInfo (RoleInfo.java:shutdownLeaderElection(130)) - aa7921d1-8be5-430c-af0e-7b09d4ba500e: shutdown aa7921d1-8be5-430c-af0e-7b09d4ba500e@group-B7258A4D66EE-LeaderElection19
2024-02-26 09:18:36,455 [aa7921d1-8be5-430c-af0e-7b09d4ba500e@group-B7258A4D66EE-LeaderElection19] INFO  server.RaftServer$Division (RaftServerImpl.java:setRole(383)) - aa7921d1-8be5-430c-af0e-7b09d4ba500e@group-B7258A4D66EE: changes role from CANDIDATE to LEADER at term 1 for changeToLeader
2024-02-26 09:18:36,455 [87e9945c-a125-4404-bbe2-61a5a4b10cf4@group-B7258A4D66EE-FollowerState] INFO  impl.FollowerState (FollowerState.java:run(152)) - 87e9945c-a125-4404-bbe2-61a5a4b10cf4@group-B7258A4D66EE-FollowerState was interrupted
2024-02-26 09:18:36,455 [aa7921d1-8be5-430c-af0e-7b09d4ba500e@group-B7258A4D66EE-LeaderElection19] INFO  server.RaftServerConfigKeys (ConfUtils.java:logGet(46)) - raft.server.staging.catchup.gap = 1000 (default)
2024-02-26 09:18:36,455 [aa7921d1-8be5-430c-af0e-7b09d4ba500e@group-B7258A4D66EE-LeaderElection19] INFO  server.RaftServerConfigKeys (ConfUtils.java:logGet(46)) - raft.server.write.element-limit = 1024 (custom)
2024-02-26 09:18:36,456 [aa7921d1-8be5-430c-af0e-7b09d4ba500e@group-B7258A4D66EE-LeaderElection19] INFO  server.RaftServerConfigKeys (ConfUtils.java:logGet(46)) - raft.server.write.byte-limit = 1024 M (=1073741824) (custom)
2024-02-26 09:18:36,456 [aa7921d1-8be5-430c-af0e-7b09d4ba500e@group-B7258A4D66EE-LeaderElection19] INFO  server.RaftServerConfigKeys (ConfUtils.java:logGet(46)) - raft.server.watch.timeout = 180s (custom)
2024-02-26 09:18:36,456 [aa7921d1-8be5-430c-af0e-7b09d4ba500e@group-B7258A4D66EE-LeaderElection19] INFO  server.RaftServerConfigKeys (ConfUtils.java:logGet(46)) - raft.server.watch.timeout.denomination = 1s (default)
2024-02-26 09:18:36,456 [aa7921d1-8be5-430c-af0e-7b09d4ba500e@group-B7258A4D66EE-LeaderElection19] INFO  server.RaftServerConfigKeys (ConfUtils.java:logGet(46)) - raft.server.watch.element-limit = 65536 (default)
2024-02-26 09:18:36,456 [aa7921d1-8be5-430c-af0e-7b09d4ba500e@group-B7258A4D66EE-LeaderElection19] INFO  server.RaftServerConfigKeys (ConfUtils.java:logGet(46)) - raft.server.read.leader.lease.enabled = false (default)
2024-02-26 09:18:36,456 [aa7921d1-8be5-430c-af0e-7b09d4ba500e@group-B7258A4D66EE-LeaderElection19] INFO  server.RaftServerConfigKeys (ConfUtils.java:logGet(46)) - raft.server.read.leader.lease.timeout.ratio = 0.9 (default)
2024-02-26 09:18:36,456 [aa7921d1-8be5-430c-af0e-7b09d4ba500e@group-B7258A4D66EE-LeaderElection19] INFO  server.RaftServerConfigKeys (ConfUtils.java:logGet(46)) - raft.server.rpc.timeout.min = 5s (custom)
2024-02-26 09:18:36,456 [aa7921d1-8be5-430c-af0e-7b09d4ba500e@group-B7258A4D66EE-LeaderElection19] INFO  server.RaftServerConfigKeys (ConfUtils.java:logGet(46)) - raft.server.write.element-limit = 1024 (custom)
2024-02-26 09:18:36,456 [aa7921d1-8be5-430c-af0e-7b09d4ba500e@group-B7258A4D66EE-LeaderElection19] INFO  server.RaftServerConfigKeys (ConfUtils.java:logGet(46)) - raft.server.write.follower.gap.ratio.max = -1.0 (default)
2024-02-26 09:18:36,457 [aa7921d1-8be5-430c-af0e-7b09d4ba500e@group-B7258A4D66EE-LeaderElection19] INFO  server.RaftServerConfigKeys (ConfUtils.java:logGet(46)) - raft.server.log.appender.snapshot.chunk.size.max = 16MB (=16777216) (default)
2024-02-26 09:18:36,457 [aa7921d1-8be5-430c-af0e-7b09d4ba500e@group-B7258A4D66EE-LeaderElection19] INFO  server.RaftServerConfigKeys (ConfUtils.java:logGet(46)) - raft.server.log.appender.buffer.byte-limit = 8388608 (custom)
2024-02-26 09:18:36,457 [aa7921d1-8be5-430c-af0e-7b09d4ba500e@group-B7258A4D66EE-LeaderElection19] INFO  server.RaftServerConfigKeys (ConfUtils.java:logGet(46)) - raft.server.log.appender.buffer.element-limit = 1 (custom)
2024-02-26 09:18:36,457 [aa7921d1-8be5-430c-af0e-7b09d4ba500e@group-B7258A4D66EE-LeaderElection19] INFO  server.RaftServerConfigKeys (ConfUtils.java:logGet(46)) - raft.server.log.appender.wait-time.min = 0μs (custom)
2024-02-26 09:18:36,457 [aa7921d1-8be5-430c-af0e-7b09d4ba500e@group-B7258A4D66EE-LeaderElection19] INFO  grpc.GrpcConfigKeys (ConfUtils.java:logGet(46)) - raft.grpc.server.leader.outstanding.appends.max = 8 (default)
2024-02-26 09:18:36,457 [aa7921d1-8be5-430c-af0e-7b09d4ba500e@group-B7258A4D66EE-LeaderElection19] INFO  server.RaftServerConfigKeys (ConfUtils.java:logGet(46)) - raft.server.rpc.request.timeout = 60s (custom)
2024-02-26 09:18:36,457 [aa7921d1-8be5-430c-af0e-7b09d4ba500e@group-B7258A4D66EE-LeaderElection19] INFO  grpc.GrpcConfigKeys (ConfUtils.java:logGet(46)) - raft.grpc.server.install_snapshot.request.element-limit = 8 (default)
2024-02-26 09:18:36,457 [aa7921d1-8be5-430c-af0e-7b09d4ba500e@group-B7258A4D66EE-LeaderElection19] INFO  grpc.GrpcConfigKeys (ConfUtils.java:logGet(46)) - raft.grpc.server.install_snapshot.request.timeout = 3000ms (default)
2024-02-26 09:18:36,457 [aa7921d1-8be5-430c-af0e-7b09d4ba500e@group-B7258A4D66EE-LeaderElection19] INFO  grpc.GrpcConfigKeys (ConfUtils.java:logGet(46)) - raft.grpc.server.log-message.batch.duration = 5s (default)
2024-02-26 09:18:36,458 [aa7921d1-8be5-430c-af0e-7b09d4ba500e@group-B7258A4D66EE-LeaderElection19] INFO  server.RaftServerConfigKeys (ConfUtils.java:logGet(46)) - raft.server.log.appender.install.snapshot.enabled = false (custom)
2024-02-26 09:18:36,458 [aa7921d1-8be5-430c-af0e-7b09d4ba500e@group-B7258A4D66EE-LeaderElection19] INFO  grpc.GrpcConfigKeys (ConfUtils.java:logGet(46)) - raft.grpc.server.heartbeat.channel = true (default)
2024-02-26 09:18:36,459 [aa7921d1-8be5-430c-af0e-7b09d4ba500e@group-B7258A4D66EE-LeaderElection19] INFO  server.RaftServerConfigKeys (ConfUtils.java:logGet(46)) - raft.server.log.appender.snapshot.chunk.size.max = 16MB (=16777216) (default)
2024-02-26 09:18:36,459 [aa7921d1-8be5-430c-af0e-7b09d4ba500e@group-B7258A4D66EE-LeaderElection19] INFO  server.RaftServerConfigKeys (ConfUtils.java:logGet(46)) - raft.server.log.appender.buffer.byte-limit = 8388608 (custom)
2024-02-26 09:18:36,459 [aa7921d1-8be5-430c-af0e-7b09d4ba500e@group-B7258A4D66EE-LeaderElection19] INFO  server.RaftServerConfigKeys (ConfUtils.java:logGet(46)) - raft.server.log.appender.buffer.element-limit = 1 (custom)
2024-02-26 09:18:36,461 [aa7921d1-8be5-430c-af0e-7b09d4ba500e@group-B7258A4D66EE-LeaderElection19] INFO  server.RaftServerConfigKeys (ConfUtils.java:logGet(46)) - raft.server.log.appender.wait-time.min = 0μs (custom)
2024-02-26 09:18:36,461 [aa7921d1-8be5-430c-af0e-7b09d4ba500e@group-B7258A4D66EE-LeaderElection19] INFO  grpc.GrpcConfigKeys (ConfUtils.java:logGet(46)) - raft.grpc.server.leader.outstanding.appends.max = 8 (default)
2024-02-26 09:18:36,464 [aa7921d1-8be5-430c-af0e-7b09d4ba500e@group-B7258A4D66EE-LeaderElection19] INFO  server.RaftServerConfigKeys (ConfUtils.java:logGet(46)) - raft.server.rpc.request.timeout = 60s (custom)
2024-02-26 09:18:36,464 [aa7921d1-8be5-430c-af0e-7b09d4ba500e@group-B7258A4D66EE-LeaderElection19] INFO  grpc.GrpcConfigKeys (ConfUtils.java:logGet(46)) - raft.grpc.server.install_snapshot.request.element-limit = 8 (default)
2024-02-26 09:18:36,464 [aa7921d1-8be5-430c-af0e-7b09d4ba500e@group-B7258A4D66EE-LeaderElection19] INFO  grpc.GrpcConfigKeys (ConfUtils.java:logGet(46)) - raft.grpc.server.install_snapshot.request.timeout = 3000ms (default)
2024-02-26 09:18:36,464 [aa7921d1-8be5-430c-af0e-7b09d4ba500e@group-B7258A4D66EE-LeaderElection19] INFO  grpc.GrpcConfigKeys (ConfUtils.java:logGet(46)) - raft.grpc.server.log-message.batch.duration = 5s (default)
2024-02-26 09:18:36,464 [aa7921d1-8be5-430c-af0e-7b09d4ba500e@group-B7258A4D66EE-LeaderElection19] INFO  server.RaftServerConfigKeys (ConfUtils.java:logGet(46)) - raft.server.log.appender.install.snapshot.enabled = false (custom)
2024-02-26 09:18:36,464 [aa7921d1-8be5-430c-af0e-7b09d4ba500e@group-B7258A4D66EE-LeaderElection19] INFO  grpc.GrpcConfigKeys (ConfUtils.java:logGet(46)) - raft.grpc.server.heartbeat.channel = true (default)
2024-02-26 09:18:36,464 [aa7921d1-8be5-430c-af0e-7b09d4ba500e@group-B7258A4D66EE-LeaderElection19] INFO  impl.RoleInfo (RoleInfo.java:updateAndGet(139)) - aa7921d1-8be5-430c-af0e-7b09d4ba500e: start aa7921d1-8be5-430c-af0e-7b09d4ba500e@group-B7258A4D66EE-LeaderStateImpl
2024-02-26 09:18:36,464 [aa7921d1-8be5-430c-af0e-7b09d4ba500e@group-B7258A4D66EE-LeaderElection19] INFO  server.RaftServer$Division (RaftServerImpl.java:setFirstElection(574)) - aa7921d1-8be5-430c-af0e-7b09d4ba500e@group-B7258A4D66EE: set firstElectionSinceStartup to false for becomeLeader
2024-02-26 09:18:36,464 [aa7921d1-8be5-430c-af0e-7b09d4ba500e@group-B7258A4D66EE-LeaderElection19] INFO  ratis.XceiverServerRatis (XceiverServerRatis.java:handleLeaderChangedNotification(966)) - Leader change notification received for group: group-B7258A4D66EE with new leaderId: aa7921d1-8be5-430c-af0e-7b09d4ba500e
2024-02-26 09:18:36,464 [aa7921d1-8be5-430c-af0e-7b09d4ba500e@group-B7258A4D66EE-LeaderElection19] INFO  server.RaftServer$Division (ServerState.java:setLeader(269)) - aa7921d1-8be5-430c-af0e-7b09d4ba500e@group-B7258A4D66EE: change Leader from null to aa7921d1-8be5-430c-af0e-7b09d4ba500e at term 1 for becomeLeader, leader elected after 5299ms
2024-02-26 09:18:36,464 [aa7921d1-8be5-430c-af0e-7b09d4ba500e@group-B7258A4D66EE-LeaderElection19] INFO  segmented.SegmentedRaftLogWorker (SegmentedRaftLogWorker.java:startLogSegment(430)) - aa7921d1-8be5-430c-af0e-7b09d4ba500e@group-B7258A4D66EE-SegmentedRaftLogWorker: Starting segment from index:0
2024-02-26 09:18:36,465 [aa7921d1-8be5-430c-af0e-7b09d4ba500e@group-B7258A4D66EE-SegmentedRaftLogWorker] INFO  segmented.BufferedWriteChannel (BufferedWriteChannel.java:open(62)) - open log_inprogress_0 at position 0
2024-02-26 09:18:36,466 [EventQueue-PipelineReportForPipelineReportHandler] INFO  pipeline.PipelineReportHandler (PipelineReportHandler.java:processPipelineReport(136)) - Opened pipeline PipelineID=b84c48df-f653-405d-a6f4-b7258a4d66ee
2024-02-26 09:18:36,461 [90984f07-37f5-40e1-bf66-3a8ca2321052@group-84A835D1B97A-LeaderElection20] INFO  impl.LeaderElection (LeaderElection.java:askForVotes(321)) - 90984f07-37f5-40e1-bf66-3a8ca2321052@group-84A835D1B97A-LeaderElection20 PRE_VOTE round 0: submit vote requests at term 0 for -1: peers:[90984f07-37f5-40e1-bf66-3a8ca2321052|10.1.0.30:15104]|listeners:[], old=null
2024-02-26 09:18:36,467 [90984f07-37f5-40e1-bf66-3a8ca2321052@group-84A835D1B97A-LeaderElection20] INFO  impl.LeaderElection (LeaderElection.java:askForVotes(323)) - 90984f07-37f5-40e1-bf66-3a8ca2321052@group-84A835D1B97A-LeaderElection20 PRE_VOTE round 0: result PASSED (term=0)
2024-02-26 09:18:36,468 [90984f07-37f5-40e1-bf66-3a8ca2321052@group-84A835D1B97A-LeaderElection20] INFO  impl.LeaderElection (LeaderElection.java:askForVotes(321)) - 90984f07-37f5-40e1-bf66-3a8ca2321052@group-84A835D1B97A-LeaderElection20 ELECTION round 0: submit vote requests at term 1 for -1: peers:[90984f07-37f5-40e1-bf66-3a8ca2321052|10.1.0.30:15104]|listeners:[], old=null
2024-02-26 09:18:36,468 [90984f07-37f5-40e1-bf66-3a8ca2321052@group-84A835D1B97A-LeaderElection20] INFO  impl.LeaderElection (LeaderElection.java:askForVotes(323)) - 90984f07-37f5-40e1-bf66-3a8ca2321052@group-84A835D1B97A-LeaderElection20 ELECTION round 0: result PASSED (term=1)
2024-02-26 09:18:36,468 [90984f07-37f5-40e1-bf66-3a8ca2321052@group-84A835D1B97A-LeaderElection20] INFO  impl.RoleInfo (RoleInfo.java:shutdownLeaderElection(130)) - 90984f07-37f5-40e1-bf66-3a8ca2321052: shutdown 90984f07-37f5-40e1-bf66-3a8ca2321052@group-84A835D1B97A-LeaderElection20
2024-02-26 09:18:36,469 [90984f07-37f5-40e1-bf66-3a8ca2321052@group-84A835D1B97A-LeaderElection20] INFO  server.RaftServer$Division (RaftServerImpl.java:setRole(383)) - 90984f07-37f5-40e1-bf66-3a8ca2321052@group-84A835D1B97A: changes role from CANDIDATE to LEADER at term 1 for changeToLeader
2024-02-26 09:18:36,469 [90984f07-37f5-40e1-bf66-3a8ca2321052@group-84A835D1B97A-LeaderElection20] INFO  server.RaftServerConfigKeys (ConfUtils.java:logGet(46)) - raft.server.staging.catchup.gap = 1000 (default)
2024-02-26 09:18:36,469 [90984f07-37f5-40e1-bf66-3a8ca2321052@group-84A835D1B97A-LeaderElection20] INFO  server.RaftServerConfigKeys (ConfUtils.java:logGet(46)) - raft.server.write.element-limit = 1024 (custom)
2024-02-26 09:18:36,469 [90984f07-37f5-40e1-bf66-3a8ca2321052@group-84A835D1B97A-LeaderElection20] INFO  server.RaftServerConfigKeys (ConfUtils.java:logGet(46)) - raft.server.write.byte-limit = 1024 M (=1073741824) (custom)
2024-02-26 09:18:36,469 [90984f07-37f5-40e1-bf66-3a8ca2321052@group-84A835D1B97A-LeaderElection20] INFO  server.RaftServerConfigKeys (ConfUtils.java:logGet(46)) - raft.server.watch.timeout = 180s (custom)
2024-02-26 09:18:36,469 [90984f07-37f5-40e1-bf66-3a8ca2321052@group-84A835D1B97A-LeaderElection20] INFO  server.RaftServerConfigKeys (ConfUtils.java:logGet(46)) - raft.server.watch.timeout.denomination = 1s (default)
2024-02-26 09:18:36,469 [90984f07-37f5-40e1-bf66-3a8ca2321052@group-84A835D1B97A-LeaderElection20] INFO  server.RaftServerConfigKeys (ConfUtils.java:logGet(46)) - raft.server.watch.element-limit = 65536 (default)
2024-02-26 09:18:36,469 [90984f07-37f5-40e1-bf66-3a8ca2321052@group-84A835D1B97A-LeaderElection20] INFO  server.RaftServerConfigKeys (ConfUtils.java:logGet(46)) - raft.server.read.leader.lease.enabled = false (default)
2024-02-26 09:18:36,470 [90984f07-37f5-40e1-bf66-3a8ca2321052@group-84A835D1B97A-LeaderElection20] INFO  server.RaftServerConfigKeys (ConfUtils.java:logGet(46)) - raft.server.read.leader.lease.timeout.ratio = 0.9 (default)
2024-02-26 09:18:36,470 [90984f07-37f5-40e1-bf66-3a8ca2321052@group-84A835D1B97A-LeaderElection20] INFO  server.RaftServerConfigKeys (ConfUtils.java:logGet(46)) - raft.server.rpc.timeout.min = 5s (custom)
2024-02-26 09:18:36,470 [90984f07-37f5-40e1-bf66-3a8ca2321052@group-84A835D1B97A-LeaderElection20] INFO  server.RaftServerConfigKeys (ConfUtils.java:logGet(46)) - raft.server.write.element-limit = 1024 (custom)
2024-02-26 09:18:36,470 [90984f07-37f5-40e1-bf66-3a8ca2321052@group-84A835D1B97A-LeaderElection20] INFO  server.RaftServerConfigKeys (ConfUtils.java:logGet(46)) - raft.server.write.follower.gap.ratio.max = -1.0 (default)
2024-02-26 09:18:36,470 [90984f07-37f5-40e1-bf66-3a8ca2321052@group-84A835D1B97A-LeaderElection20] INFO  impl.RoleInfo (RoleInfo.java:updateAndGet(139)) - 90984f07-37f5-40e1-bf66-3a8ca2321052: start 90984f07-37f5-40e1-bf66-3a8ca2321052@group-84A835D1B97A-LeaderStateImpl
2024-02-26 09:18:36,470 [90984f07-37f5-40e1-bf66-3a8ca2321052@group-84A835D1B97A-LeaderElection20] INFO  server.RaftServer$Division (RaftServerImpl.java:setFirstElection(574)) - 90984f07-37f5-40e1-bf66-3a8ca2321052@group-84A835D1B97A: set firstElectionSinceStartup to false for becomeLeader
2024-02-26 09:18:36,470 [90984f07-37f5-40e1-bf66-3a8ca2321052@group-84A835D1B97A-LeaderElection20] INFO  ratis.XceiverServerRatis (XceiverServerRatis.java:handleLeaderChangedNotification(966)) - Leader change notification received for group: group-84A835D1B97A with new leaderId: 90984f07-37f5-40e1-bf66-3a8ca2321052
2024-02-26 09:18:36,471 [aa7921d1-8be5-430c-af0e-7b09d4ba500e@group-B7258A4D66EE-LeaderElection19] INFO  server.RaftServer$Division (ServerState.java:setRaftConf(386)) - aa7921d1-8be5-430c-af0e-7b09d4ba500e@group-B7258A4D66EE: set configuration 0: peers:[87e9945c-a125-4404-bbe2-61a5a4b10cf4|10.1.0.30:15086, b254f787-4ade-443a-8cd7-22935f345023|10.1.0.30:15068, aa7921d1-8be5-430c-af0e-7b09d4ba500e|10.1.0.30:15077]|listeners:[], old=null
2024-02-26 09:18:36,471 [90984f07-37f5-40e1-bf66-3a8ca2321052@group-84A835D1B97A-LeaderElection20] INFO  server.RaftServer$Division (ServerState.java:setLeader(269)) - 90984f07-37f5-40e1-bf66-3a8ca2321052@group-84A835D1B97A: change Leader from null to 90984f07-37f5-40e1-bf66-3a8ca2321052 at term 1 for becomeLeader, leader elected after 5227ms
2024-02-26 09:18:36,472 [90984f07-37f5-40e1-bf66-3a8ca2321052@group-84A835D1B97A-LeaderElection20] INFO  segmented.SegmentedRaftLogWorker (SegmentedRaftLogWorker.java:startLogSegment(430)) - 90984f07-37f5-40e1-bf66-3a8ca2321052@group-84A835D1B97A-SegmentedRaftLogWorker: Starting segment from index:0
2024-02-26 09:18:36,472 [om1-OMStateMachineApplyTransactionThread - 0] INFO  volume.OMVolumeCreateRequest (OMVolumeCreateRequest.java:validateAndUpdateCache(198)) - created volume:61dac48d-16e7-4d14-a4de-7d5c0fcb18c6 for user:runner
2024-02-26 09:18:36,473 [90984f07-37f5-40e1-bf66-3a8ca2321052@group-84A835D1B97A-SegmentedRaftLogWorker] INFO  segmented.BufferedWriteChannel (BufferedWriteChannel.java:open(62)) - open log_inprogress_0 at position 0
2024-02-26 09:18:36,474 [90984f07-37f5-40e1-bf66-3a8ca2321052@group-84A835D1B97A-LeaderElection20] INFO  server.RaftServer$Division (ServerState.java:setRaftConf(386)) - 90984f07-37f5-40e1-bf66-3a8ca2321052@group-84A835D1B97A: set configuration 0: peers:[90984f07-37f5-40e1-bf66-3a8ca2321052|10.1.0.30:15104]|listeners:[], old=null
2024-02-26 09:18:36,477 [aa7921d1-8be5-430c-af0e-7b09d4ba500e@group-B7258A4D66EE-SegmentedRaftLogWorker] INFO  segmented.SegmentedRaftLogWorker (SegmentedRaftLogWorker.java:execute(634)) - aa7921d1-8be5-430c-af0e-7b09d4ba500e@group-B7258A4D66EE-SegmentedRaftLogWorker: created new log segment /home/runner/work/ozone/ozone/hadoop-ozone/integration-test/target/test-dir/MiniOzoneClusterImpl-0d79f430-b8c0-477e-97b7-98e50d733022/ozone-meta/datanode-8/ratis/b84c48df-f653-405d-a6f4-b7258a4d66ee/current/log_inprogress_0
2024-02-26 09:18:36,480 [f4d7646f-0fb1-4da2-a8dc-21597b443f6f@group-70AFC97B979B-FollowerState] INFO  impl.FollowerState (FollowerState.java:run(143)) - f4d7646f-0fb1-4da2-a8dc-21597b443f6f@group-70AFC97B979B-FollowerState: change to CANDIDATE, lastRpcElapsedTime:5030600856ns, electionTimeout:5028ms
2024-02-26 09:18:36,480 [f4d7646f-0fb1-4da2-a8dc-21597b443f6f@group-70AFC97B979B-FollowerState] INFO  impl.RoleInfo (RoleInfo.java:shutdownFollowerState(110)) - f4d7646f-0fb1-4da2-a8dc-21597b443f6f: shutdown f4d7646f-0fb1-4da2-a8dc-21597b443f6f@group-70AFC97B979B-FollowerState
2024-02-26 09:18:36,480 [f4d7646f-0fb1-4da2-a8dc-21597b443f6f@group-70AFC97B979B-FollowerState] INFO  server.RaftServer$Division (RaftServerImpl.java:setRole(383)) - f4d7646f-0fb1-4da2-a8dc-21597b443f6f@group-70AFC97B979B: changes role from  FOLLOWER to CANDIDATE at term 0 for changeToCandidate
2024-02-26 09:18:36,481 [f4d7646f-0fb1-4da2-a8dc-21597b443f6f@group-70AFC97B979B-FollowerState] INFO  server.RaftServerConfigKeys (ConfUtils.java:logGet(46)) - raft.server.leaderelection.pre-vote = true (default)
2024-02-26 09:18:36,481 [f4d7646f-0fb1-4da2-a8dc-21597b443f6f@group-70AFC97B979B-FollowerState] INFO  impl.RoleInfo (RoleInfo.java:updateAndGet(139)) - f4d7646f-0fb1-4da2-a8dc-21597b443f6f: start f4d7646f-0fb1-4da2-a8dc-21597b443f6f@group-70AFC97B979B-LeaderElection21
2024-02-26 09:18:36,482 [f4d7646f-0fb1-4da2-a8dc-21597b443f6f@group-70AFC97B979B-LeaderElection21] INFO  impl.LeaderElection (LeaderElection.java:askForVotes(321)) - f4d7646f-0fb1-4da2-a8dc-21597b443f6f@group-70AFC97B979B-LeaderElection21 PRE_VOTE round 0: submit vote requests at term 0 for -1: peers:[f4d7646f-0fb1-4da2-a8dc-21597b443f6f|10.1.0.30:15113]|listeners:[], old=null
2024-02-26 09:18:36,482 [f4d7646f-0fb1-4da2-a8dc-21597b443f6f@group-70AFC97B979B-LeaderElection21] INFO  impl.LeaderElection (LeaderElection.java:askForVotes(323)) - f4d7646f-0fb1-4da2-a8dc-21597b443f6f@group-70AFC97B979B-LeaderElection21 PRE_VOTE round 0: result PASSED (term=0)
2024-02-26 09:18:36,483 [4e76a5f4-598e-407f-bd79-992a553d1db1@group-EE4D386C2EB3-FollowerState] INFO  impl.FollowerState (FollowerState.java:run(143)) - 4e76a5f4-598e-407f-bd79-992a553d1db1@group-EE4D386C2EB3-FollowerState: change to CANDIDATE, lastRpcElapsedTime:5079643579ns, electionTimeout:5060ms
2024-02-26 09:18:36,483 [4e76a5f4-598e-407f-bd79-992a553d1db1@group-EE4D386C2EB3-FollowerState] INFO  impl.RoleInfo (RoleInfo.java:shutdownFollowerState(110)) - 4e76a5f4-598e-407f-bd79-992a553d1db1: shutdown 4e76a5f4-598e-407f-bd79-992a553d1db1@group-EE4D386C2EB3-FollowerState
2024-02-26 09:18:36,483 [4e76a5f4-598e-407f-bd79-992a553d1db1@group-EE4D386C2EB3-FollowerState] INFO  server.RaftServer$Division (RaftServerImpl.java:setRole(383)) - 4e76a5f4-598e-407f-bd79-992a553d1db1@group-EE4D386C2EB3: changes role from  FOLLOWER to CANDIDATE at term 0 for changeToCandidate
2024-02-26 09:18:36,483 [4e76a5f4-598e-407f-bd79-992a553d1db1@group-EE4D386C2EB3-FollowerState] INFO  server.RaftServerConfigKeys (ConfUtils.java:logGet(46)) - raft.server.leaderelection.pre-vote = true (default)
2024-02-26 09:18:36,483 [4e76a5f4-598e-407f-bd79-992a553d1db1@group-EE4D386C2EB3-FollowerState] INFO  impl.RoleInfo (RoleInfo.java:updateAndGet(139)) - 4e76a5f4-598e-407f-bd79-992a553d1db1: start 4e76a5f4-598e-407f-bd79-992a553d1db1@group-EE4D386C2EB3-LeaderElection22
2024-02-26 09:18:36,483 [90984f07-37f5-40e1-bf66-3a8ca2321052@group-EE4D386C2EB3-FollowerState] INFO  impl.FollowerState (FollowerState.java:run(143)) - 90984f07-37f5-40e1-bf66-3a8ca2321052@group-EE4D386C2EB3-FollowerState: change to CANDIDATE, lastRpcElapsedTime:5031208323ns, electionTimeout:5011ms
2024-02-26 09:18:36,483 [90984f07-37f5-40e1-bf66-3a8ca2321052@group-EE4D386C2EB3-FollowerState] INFO  impl.RoleInfo (RoleInfo.java:shutdownFollowerState(110)) - 90984f07-37f5-40e1-bf66-3a8ca2321052: shutdown 90984f07-37f5-40e1-bf66-3a8ca2321052@group-EE4D386C2EB3-FollowerState
2024-02-26 09:18:36,483 [90984f07-37f5-40e1-bf66-3a8ca2321052@group-EE4D386C2EB3-FollowerState] INFO  server.RaftServer$Division (RaftServerImpl.java:setRole(383)) - 90984f07-37f5-40e1-bf66-3a8ca2321052@group-EE4D386C2EB3: changes role from  FOLLOWER to CANDIDATE at term 0 for changeToCandidate
2024-02-26 09:18:36,483 [90984f07-37f5-40e1-bf66-3a8ca2321052@group-84A835D1B97A-SegmentedRaftLogWorker] INFO  segmented.SegmentedRaftLogWorker (SegmentedRaftLogWorker.java:execute(634)) - 90984f07-37f5-40e1-bf66-3a8ca2321052@group-84A835D1B97A-SegmentedRaftLogWorker: created new log segment /home/runner/work/ozone/ozone/hadoop-ozone/integration-test/target/test-dir/MiniOzoneClusterImpl-0d79f430-b8c0-477e-97b7-98e50d733022/ozone-meta/datanode-11/ratis/da84240f-f37b-4bed-b4dd-84a835d1b97a/current/log_inprogress_0
2024-02-26 09:18:36,483 [90984f07-37f5-40e1-bf66-3a8ca2321052@group-EE4D386C2EB3-FollowerState] INFO  server.RaftServerConfigKeys (ConfUtils.java:logGet(46)) - raft.server.leaderelection.pre-vote = true (default)
2024-02-26 09:18:36,490 [f4d7646f-0fb1-4da2-a8dc-21597b443f6f@group-70AFC97B979B-LeaderElection21] INFO  impl.LeaderElection (LeaderElection.java:askForVotes(321)) - f4d7646f-0fb1-4da2-a8dc-21597b443f6f@group-70AFC97B979B-LeaderElection21 ELECTION round 0: submit vote requests at term 1 for -1: peers:[f4d7646f-0fb1-4da2-a8dc-21597b443f6f|10.1.0.30:15113]|listeners:[], old=null
2024-02-26 09:18:36,490 [f4d7646f-0fb1-4da2-a8dc-21597b443f6f@group-70AFC97B979B-LeaderElection21] INFO  impl.LeaderElection (LeaderElection.java:askForVotes(323)) - f4d7646f-0fb1-4da2-a8dc-21597b443f6f@group-70AFC97B979B-LeaderElection21 ELECTION round 0: result PASSED (term=1)
2024-02-26 09:18:36,490 [f4d7646f-0fb1-4da2-a8dc-21597b443f6f@group-70AFC97B979B-LeaderElection21] INFO  impl.RoleInfo (RoleInfo.java:shutdownLeaderElection(130)) - f4d7646f-0fb1-4da2-a8dc-21597b443f6f: shutdown f4d7646f-0fb1-4da2-a8dc-21597b443f6f@group-70AFC97B979B-LeaderElection21
2024-02-26 09:18:36,490 [f4d7646f-0fb1-4da2-a8dc-21597b443f6f@group-70AFC97B979B-LeaderElection21] INFO  server.RaftServer$Division (RaftServerImpl.java:setRole(383)) - f4d7646f-0fb1-4da2-a8dc-21597b443f6f@group-70AFC97B979B: changes role from CANDIDATE to LEADER at term 1 for changeToLeader
2024-02-26 09:18:36,491 [f4d7646f-0fb1-4da2-a8dc-21597b443f6f@group-70AFC97B979B-LeaderElection21] INFO  server.RaftServerConfigKeys (ConfUtils.java:logGet(46)) - raft.server.staging.catchup.gap = 1000 (default)
2024-02-26 09:18:36,491 [f4d7646f-0fb1-4da2-a8dc-21597b443f6f@group-70AFC97B979B-LeaderElection21] INFO  server.RaftServerConfigKeys (ConfUtils.java:logGet(46)) - raft.server.write.element-limit = 1024 (custom)
2024-02-26 09:18:36,491 [f4d7646f-0fb1-4da2-a8dc-21597b443f6f@group-70AFC97B979B-LeaderElection21] INFO  server.RaftServerConfigKeys (ConfUtils.java:logGet(46)) - raft.server.write.byte-limit = 1024 M (=1073741824) (custom)
2024-02-26 09:18:36,490 [90984f07-37f5-40e1-bf66-3a8ca2321052@group-EE4D386C2EB3-FollowerState] INFO  impl.RoleInfo (RoleInfo.java:updateAndGet(139)) - 90984f07-37f5-40e1-bf66-3a8ca2321052: start 90984f07-37f5-40e1-bf66-3a8ca2321052@group-EE4D386C2EB3-LeaderElection23
2024-02-26 09:18:36,491 [4e76a5f4-598e-407f-bd79-992a553d1db1@group-EE4D386C2EB3-LeaderElection22] INFO  impl.LeaderElection (LeaderElection.java:askForVotes(321)) - 4e76a5f4-598e-407f-bd79-992a553d1db1@group-EE4D386C2EB3-LeaderElection22 PRE_VOTE round 0: submit vote requests at term 0 for -1: peers:[4e76a5f4-598e-407f-bd79-992a553d1db1|10.1.0.30:15095, 90984f07-37f5-40e1-bf66-3a8ca2321052|10.1.0.30:15104, f4d7646f-0fb1-4da2-a8dc-21597b443f6f|10.1.0.30:15113]|listeners:[], old=null
2024-02-26 09:18:36,498 [f4d7646f-0fb1-4da2-a8dc-21597b443f6f@group-70AFC97B979B-LeaderElection21] INFO  server.RaftServerConfigKeys (ConfUtils.java:logGet(46)) - raft.server.watch.timeout = 180s (custom)
2024-02-26 09:18:36,498 [f4d7646f-0fb1-4da2-a8dc-21597b443f6f@group-70AFC97B979B-LeaderElection21] INFO  server.RaftServerConfigKeys (ConfUtils.java:logGet(46)) - raft.server.watch.timeout.denomination = 1s (default)
2024-02-26 09:18:36,499 [f4d7646f-0fb1-4da2-a8dc-21597b443f6f@group-70AFC97B979B-LeaderElection21] INFO  server.RaftServerConfigKeys (ConfUtils.java:logGet(46)) - raft.server.watch.element-limit = 65536 (default)
2024-02-26 09:18:36,499 [f4d7646f-0fb1-4da2-a8dc-21597b443f6f@group-70AFC97B979B-LeaderElection21] INFO  server.RaftServerConfigKeys (ConfUtils.java:logGet(46)) - raft.server.read.leader.lease.enabled = false (default)
2024-02-26 09:18:36,499 [f4d7646f-0fb1-4da2-a8dc-21597b443f6f@group-70AFC97B979B-LeaderElection21] INFO  server.RaftServerConfigKeys (ConfUtils.java:logGet(46)) - raft.server.read.leader.lease.timeout.ratio = 0.9 (default)
2024-02-26 09:18:36,499 [f4d7646f-0fb1-4da2-a8dc-21597b443f6f@group-70AFC97B979B-LeaderElection21] INFO  server.RaftServerConfigKeys (ConfUtils.java:logGet(46)) - raft.server.rpc.timeout.min = 5s (custom)
2024-02-26 09:18:36,499 [f4d7646f-0fb1-4da2-a8dc-21597b443f6f@group-70AFC97B979B-LeaderElection21] INFO  server.RaftServerConfigKeys (ConfUtils.java:logGet(46)) - raft.server.write.element-limit = 1024 (custom)
2024-02-26 09:18:36,499 [f4d7646f-0fb1-4da2-a8dc-21597b443f6f@group-70AFC97B979B-LeaderElection21] INFO  server.RaftServerConfigKeys (ConfUtils.java:logGet(46)) - raft.server.write.follower.gap.ratio.max = -1.0 (default)
2024-02-26 09:18:36,499 [f4d7646f-0fb1-4da2-a8dc-21597b443f6f@group-70AFC97B979B-LeaderElection21] INFO  impl.RoleInfo (RoleInfo.java:updateAndGet(139)) - f4d7646f-0fb1-4da2-a8dc-21597b443f6f: start f4d7646f-0fb1-4da2-a8dc-21597b443f6f@group-70AFC97B979B-LeaderStateImpl
2024-02-26 09:18:36,499 [f4d7646f-0fb1-4da2-a8dc-21597b443f6f@group-70AFC97B979B-LeaderElection21] INFO  server.RaftServer$Division (RaftServerImpl.java:setFirstElection(574)) - f4d7646f-0fb1-4da2-a8dc-21597b443f6f@group-70AFC97B979B: set firstElectionSinceStartup to false for becomeLeader
2024-02-26 09:18:36,499 [f4d7646f-0fb1-4da2-a8dc-21597b443f6f@group-70AFC97B979B-LeaderElection21] INFO  ratis.XceiverServerRatis (XceiverServerRatis.java:handleLeaderChangedNotification(966)) - Leader change notification received for group: group-70AFC97B979B with new leaderId: f4d7646f-0fb1-4da2-a8dc-21597b443f6f
2024-02-26 09:18:36,503 [4e76a5f4-598e-407f-bd79-992a553d1db1@group-EE4D386C2EB3-LeaderElection22-1] INFO  server.GrpcServerProtocolClient (GrpcServerProtocolClient.java:<init>(65)) - Build channel for 90984f07-37f5-40e1-bf66-3a8ca2321052|10.1.0.30:15104
2024-02-26 09:18:36,508 [4e76a5f4-598e-407f-bd79-992a553d1db1@group-EE4D386C2EB3-LeaderElection22] INFO  server.RaftServerConfigKeys (ConfUtils.java:logFallback(53)) - raft.server.rpc.first-election.timeout.min = 5s (fallback to raft.server.rpc.timeout.min)
2024-02-26 09:18:36,508 [4e76a5f4-598e-407f-bd79-992a553d1db1@group-EE4D386C2EB3-LeaderElection22] INFO  server.RaftServerConfigKeys (ConfUtils.java:logFallback(53)) - raft.server.rpc.first-election.timeout.max = 5200ms (fallback to raft.server.rpc.timeout.max)
2024-02-26 09:18:36,508 [4e76a5f4-598e-407f-bd79-992a553d1db1@group-EE4D386C2EB3-LeaderElection22-2] INFO  server.GrpcServerProtocolClient (GrpcServerProtocolClient.java:<init>(65)) - Build channel for f4d7646f-0fb1-4da2-a8dc-21597b443f6f|10.1.0.30:15113
2024-02-26 09:18:36,510 [b254f787-4ade-443a-8cd7-22935f345023-server-thread2] INFO  ratis.XceiverServerRatis (XceiverServerRatis.java:handleLeaderChangedNotification(966)) - Leader change notification received for group: group-B7258A4D66EE with new leaderId: aa7921d1-8be5-430c-af0e-7b09d4ba500e
2024-02-26 09:18:36,510 [b254f787-4ade-443a-8cd7-22935f345023-server-thread2] INFO  server.RaftServer$Division (ServerState.java:setLeader(269)) - b254f787-4ade-443a-8cd7-22935f345023@group-B7258A4D66EE: change Leader from null to aa7921d1-8be5-430c-af0e-7b09d4ba500e at term 1 for appendEntries, leader elected after 5508ms
2024-02-26 09:18:36,520 [b254f787-4ade-443a-8cd7-22935f345023-server-thread2] INFO  server.RaftServer$Division (ServerState.java:setRaftConf(386)) - b254f787-4ade-443a-8cd7-22935f345023@group-B7258A4D66EE: set configuration 0: peers:[87e9945c-a125-4404-bbe2-61a5a4b10cf4|10.1.0.30:15086, b254f787-4ade-443a-8cd7-22935f345023|10.1.0.30:15068, aa7921d1-8be5-430c-af0e-7b09d4ba500e|10.1.0.30:15077]|listeners:[], old=null
2024-02-26 09:18:36,520 [b254f787-4ade-443a-8cd7-22935f345023-server-thread2] INFO  segmented.SegmentedRaftLogWorker (SegmentedRaftLogWorker.java:startLogSegment(430)) - b254f787-4ade-443a-8cd7-22935f345023@group-B7258A4D66EE-SegmentedRaftLogWorker: Starting segment from index:0
2024-02-26 09:18:36,518 [main] INFO  rpc.RpcClient (RpcClient.java:createBucket(691)) - Creating Bucket: 61dac48d-16e7-4d14-a4de-7d5c0fcb18c6/811f0e0d-08b8-46f8-b129-9be92846d3e2, with bucket layout OBJECT_STORE, runner as owner, Versioning true, Storage Type set to DISK and Encryption set to false, Replication Type set to server-side default replication type, Namespace Quota set to -1, Space Quota set to -1 
2024-02-26 09:18:36,515 [90984f07-37f5-40e1-bf66-3a8ca2321052@group-84A835D1B97A-StateMachineUpdater] INFO  server.RaftServer$Division (LeaderStateImpl.java:isApplied(320)) - leader is ready since appliedIndex == 0 >= startIndex == 0
2024-02-26 09:18:36,512 [90984f07-37f5-40e1-bf66-3a8ca2321052@group-EE4D386C2EB3-LeaderElection23] INFO  impl.LeaderElection (LeaderElection.java:askForVotes(321)) - 90984f07-37f5-40e1-bf66-3a8ca2321052@group-EE4D386C2EB3-LeaderElection23 PRE_VOTE round 0: submit vote requests at term 0 for -1: peers:[4e76a5f4-598e-407f-bd79-992a553d1db1|10.1.0.30:15095, 90984f07-37f5-40e1-bf66-3a8ca2321052|10.1.0.30:15104, f4d7646f-0fb1-4da2-a8dc-21597b443f6f|10.1.0.30:15113]|listeners:[], old=null
2024-02-26 09:18:36,510 [f4d7646f-0fb1-4da2-a8dc-21597b443f6f@group-70AFC97B979B-LeaderElection21] INFO  server.RaftServer$Division (ServerState.java:setLeader(269)) - f4d7646f-0fb1-4da2-a8dc-21597b443f6f@group-70AFC97B979B: change Leader from null to f4d7646f-0fb1-4da2-a8dc-21597b443f6f at term 1 for becomeLeader, leader elected after 5153ms
2024-02-26 09:18:36,531 [f4d7646f-0fb1-4da2-a8dc-21597b443f6f@group-70AFC97B979B-LeaderElection21] INFO  segmented.SegmentedRaftLogWorker (SegmentedRaftLogWorker.java:startLogSegment(430)) - f4d7646f-0fb1-4da2-a8dc-21597b443f6f@group-70AFC97B979B-SegmentedRaftLogWorker: Starting segment from index:0
2024-02-26 09:18:36,531 [87e9945c-a125-4404-bbe2-61a5a4b10cf4-server-thread1] INFO  ratis.XceiverServerRatis (XceiverServerRatis.java:handleLeaderChangedNotification(966)) - Leader change notification received for group: group-B7258A4D66EE with new leaderId: aa7921d1-8be5-430c-af0e-7b09d4ba500e
2024-02-26 09:18:36,520 [om1-OMDoubleBufferFlushThread] INFO  helpers.OmKeyInfo (OmKeyInfo.java:getCodec(71)) - OmKeyInfo.getCodec ignorePipeline = true
2024-02-26 09:18:36,532 [om1-OMDoubleBufferFlushThread] INFO  helpers.OmKeyInfo (OmKeyInfo.java:getCodec(71)) - OmKeyInfo.getCodec ignorePipeline = true
2024-02-26 09:18:36,532 [om1-OMDoubleBufferFlushThread] INFO  helpers.OmKeyInfo (OmKeyInfo.java:getCodec(71)) - OmKeyInfo.getCodec ignorePipeline = true
2024-02-26 09:18:36,532 [om1-OMDoubleBufferFlushThread] INFO  helpers.OmKeyInfo (OmKeyInfo.java:getCodec(71)) - OmKeyInfo.getCodec ignorePipeline = true
2024-02-26 09:18:36,532 [om1-OMDoubleBufferFlushThread] INFO  helpers.OmKeyInfo (OmKeyInfo.java:getCodec(71)) - OmKeyInfo.getCodec ignorePipeline = true
2024-02-26 09:18:36,532 [87e9945c-a125-4404-bbe2-61a5a4b10cf4-server-thread1] INFO  server.RaftServer$Division (ServerState.java:setLeader(269)) - 87e9945c-a125-4404-bbe2-61a5a4b10cf4@group-B7258A4D66EE: change Leader from null to aa7921d1-8be5-430c-af0e-7b09d4ba500e at term 1 for appendEntries, leader elected after 5309ms
2024-02-26 09:18:36,532 [90984f07-37f5-40e1-bf66-3a8ca2321052@group-EE4D386C2EB3-LeaderElection23-1] INFO  server.GrpcServerProtocolClient (GrpcServerProtocolClient.java:<init>(65)) - Build channel for 4e76a5f4-598e-407f-bd79-992a553d1db1|10.1.0.30:15095
2024-02-26 09:18:36,534 [90984f07-37f5-40e1-bf66-3a8ca2321052@group-EE4D386C2EB3-LeaderElection23] INFO  server.RaftServerConfigKeys (ConfUtils.java:logFallback(53)) - raft.server.rpc.first-election.timeout.min = 5s (fallback to raft.server.rpc.timeout.min)
2024-02-26 09:18:36,534 [90984f07-37f5-40e1-bf66-3a8ca2321052@group-EE4D386C2EB3-LeaderElection23] INFO  server.RaftServerConfigKeys (ConfUtils.java:logFallback(53)) - raft.server.rpc.first-election.timeout.max = 5200ms (fallback to raft.server.rpc.timeout.max)
2024-02-26 09:18:36,535 [b254f787-4ade-443a-8cd7-22935f345023@group-B7258A4D66EE-SegmentedRaftLogWorker] INFO  segmented.BufferedWriteChannel (BufferedWriteChannel.java:open(62)) - open log_inprogress_0 at position 0
2024-02-26 09:18:36,537 [grpc-default-executor-0] INFO  server.RaftServer$Division (RaftServerImpl.java:requestVote(1389)) - 90984f07-37f5-40e1-bf66-3a8ca2321052@group-EE4D386C2EB3: receive requestVote(PRE_VOTE, 4e76a5f4-598e-407f-bd79-992a553d1db1, group-EE4D386C2EB3, 0, (t:0, i:0))
2024-02-26 09:18:36,537 [grpc-default-executor-0] INFO  impl.VoteContext (VoteContext.java:log(49)) - 90984f07-37f5-40e1-bf66-3a8ca2321052@group-EE4D386C2EB3-CANDIDATE: reject PRE_VOTE from 4e76a5f4-598e-407f-bd79-992a553d1db1: our priority 1 > candidate's priority 0
2024-02-26 09:18:36,537 [grpc-default-executor-0] INFO  server.RaftServer$Division (RaftServerImpl.java:requestVote(1422)) - 90984f07-37f5-40e1-bf66-3a8ca2321052@group-EE4D386C2EB3 replies to PRE_VOTE vote request: 4e76a5f4-598e-407f-bd79-992a553d1db1<-90984f07-37f5-40e1-bf66-3a8ca2321052#0:FAIL-t0. Peer's state: 90984f07-37f5-40e1-bf66-3a8ca2321052@group-EE4D386C2EB3:t0, leader=null, voted=, raftlog=Memoized:90984f07-37f5-40e1-bf66-3a8ca2321052@group-EE4D386C2EB3-SegmentedRaftLog:OPENED:c-1, conf=-1: peers:[4e76a5f4-598e-407f-bd79-992a553d1db1|10.1.0.30:15095, 90984f07-37f5-40e1-bf66-3a8ca2321052|10.1.0.30:15104, f4d7646f-0fb1-4da2-a8dc-21597b443f6f|10.1.0.30:15113]|listeners:[], old=null
2024-02-26 09:18:36,539 [90984f07-37f5-40e1-bf66-3a8ca2321052@group-EE4D386C2EB3-LeaderElection23-2] INFO  server.GrpcServerProtocolClient (GrpcServerProtocolClient.java:<init>(65)) - Build channel for f4d7646f-0fb1-4da2-a8dc-21597b443f6f|10.1.0.30:15113
2024-02-26 09:18:36,541 [87e9945c-a125-4404-bbe2-61a5a4b10cf4-server-thread3] INFO  server.RaftServer$Division (ServerState.java:setRaftConf(386)) - 87e9945c-a125-4404-bbe2-61a5a4b10cf4@group-B7258A4D66EE: set configuration 0: peers:[87e9945c-a125-4404-bbe2-61a5a4b10cf4|10.1.0.30:15086, b254f787-4ade-443a-8cd7-22935f345023|10.1.0.30:15068, aa7921d1-8be5-430c-af0e-7b09d4ba500e|10.1.0.30:15077]|listeners:[], old=null
2024-02-26 09:18:36,542 [87e9945c-a125-4404-bbe2-61a5a4b10cf4-server-thread3] INFO  segmented.SegmentedRaftLogWorker (SegmentedRaftLogWorker.java:startLogSegment(430)) - 87e9945c-a125-4404-bbe2-61a5a4b10cf4@group-B7258A4D66EE-SegmentedRaftLogWorker: Starting segment from index:0
2024-02-26 09:18:36,543 [b254f787-4ade-443a-8cd7-22935f345023@group-B7258A4D66EE-SegmentedRaftLogWorker] INFO  segmented.SegmentedRaftLogWorker (SegmentedRaftLogWorker.java:execute(634)) - b254f787-4ade-443a-8cd7-22935f345023@group-B7258A4D66EE-SegmentedRaftLogWorker: created new log segment /home/runner/work/ozone/ozone/hadoop-ozone/integration-test/target/test-dir/MiniOzoneClusterImpl-0d79f430-b8c0-477e-97b7-98e50d733022/ozone-meta/datanode-7/ratis/b84c48df-f653-405d-a6f4-b7258a4d66ee/current/log_inprogress_0
2024-02-26 09:18:36,543 [f4d7646f-0fb1-4da2-a8dc-21597b443f6f@group-70AFC97B979B-LeaderElection21] INFO  server.RaftServer$Division (ServerState.java:setRaftConf(386)) - f4d7646f-0fb1-4da2-a8dc-21597b443f6f@group-70AFC97B979B: set configuration 0: peers:[f4d7646f-0fb1-4da2-a8dc-21597b443f6f|10.1.0.30:15113]|listeners:[], old=null
2024-02-26 09:18:36,544 [f4d7646f-0fb1-4da2-a8dc-21597b443f6f@group-70AFC97B979B-SegmentedRaftLogWorker] INFO  segmented.BufferedWriteChannel (BufferedWriteChannel.java:open(62)) - open log_inprogress_0 at position 0
2024-02-26 09:18:36,550 [87e9945c-a125-4404-bbe2-61a5a4b10cf4@group-B7258A4D66EE-SegmentedRaftLogWorker] INFO  segmented.BufferedWriteChannel (BufferedWriteChannel.java:open(62)) - open log_inprogress_0 at position 0
2024-02-26 09:18:36,552 [f4d7646f-0fb1-4da2-a8dc-21597b443f6f@group-70AFC97B979B-SegmentedRaftLogWorker] INFO  segmented.SegmentedRaftLogWorker (SegmentedRaftLogWorker.java:execute(634)) - f4d7646f-0fb1-4da2-a8dc-21597b443f6f@group-70AFC97B979B-SegmentedRaftLogWorker: created new log segment /home/runner/work/ozone/ozone/hadoop-ozone/integration-test/target/test-dir/MiniOzoneClusterImpl-0d79f430-b8c0-477e-97b7-98e50d733022/ozone-meta/datanode-12/ratis/c289f326-1f46-4a1b-b7af-70afc97b979b/current/log_inprogress_0
2024-02-26 09:18:36,553 [4e76a5f4-598e-407f-bd79-992a553d1db1@group-EE4D386C2EB3-LeaderElection22] INFO  impl.LeaderElection (LeaderElection.java:logAndReturn(89)) - 4e76a5f4-598e-407f-bd79-992a553d1db1@group-EE4D386C2EB3-LeaderElection22: PRE_VOTE REJECTED received 1 response(s) and 0 exception(s):
2024-02-26 09:18:36,553 [4e76a5f4-598e-407f-bd79-992a553d1db1@group-EE4D386C2EB3-LeaderElection22] INFO  impl.LeaderElection (LeaderElection.java:logAndReturn(93)) -   Response 0: 4e76a5f4-598e-407f-bd79-992a553d1db1<-90984f07-37f5-40e1-bf66-3a8ca2321052#0:FAIL-t0
2024-02-26 09:18:36,553 [4e76a5f4-598e-407f-bd79-992a553d1db1@group-EE4D386C2EB3-LeaderElection22] INFO  impl.LeaderElection (LeaderElection.java:askForVotes(323)) - 4e76a5f4-598e-407f-bd79-992a553d1db1@group-EE4D386C2EB3-LeaderElection22 PRE_VOTE round 0: result REJECTED
2024-02-26 09:18:36,553 [4e76a5f4-598e-407f-bd79-992a553d1db1@group-EE4D386C2EB3-LeaderElection22] INFO  server.RaftServer$Division (RaftServerImpl.java:setRole(383)) - 4e76a5f4-598e-407f-bd79-992a553d1db1@group-EE4D386C2EB3: changes role from CANDIDATE to FOLLOWER at term 0 for REJECTED
2024-02-26 09:18:36,553 [4e76a5f4-598e-407f-bd79-992a553d1db1@group-EE4D386C2EB3-LeaderElection22] INFO  impl.RoleInfo (RoleInfo.java:shutdownLeaderElection(130)) - 4e76a5f4-598e-407f-bd79-992a553d1db1: shutdown 4e76a5f4-598e-407f-bd79-992a553d1db1@group-EE4D386C2EB3-LeaderElection22
2024-02-26 09:18:36,557 [4e76a5f4-598e-407f-bd79-992a553d1db1@group-EE4D386C2EB3-LeaderElection22] INFO  impl.RoleInfo (RoleInfo.java:updateAndGet(139)) - 4e76a5f4-598e-407f-bd79-992a553d1db1: start 4e76a5f4-598e-407f-bd79-992a553d1db1@group-EE4D386C2EB3-FollowerState
2024-02-26 09:18:36,558 [4e76a5f4-598e-407f-bd79-992a553d1db1@group-EE4D386C2EB3-LeaderElection22] INFO  server.RaftServer$Division (RaftServerImpl.java:setFirstElection(574)) - 4e76a5f4-598e-407f-bd79-992a553d1db1@group-EE4D386C2EB3: set firstElectionSinceStartup to false for REJECTED
2024-02-26 09:18:36,559 [f4d7646f-0fb1-4da2-a8dc-21597b443f6f@group-70AFC97B979B-StateMachineUpdater] INFO  server.RaftServer$Division (LeaderStateImpl.java:isApplied(320)) - leader is ready since appliedIndex == 0 >= startIndex == 0
2024-02-26 09:18:36,561 [grpc-default-executor-6] INFO  server.RaftServer$Division (RaftServerImpl.java:requestVote(1389)) - f4d7646f-0fb1-4da2-a8dc-21597b443f6f@group-EE4D386C2EB3: receive requestVote(PRE_VOTE, 4e76a5f4-598e-407f-bd79-992a553d1db1, group-EE4D386C2EB3, 0, (t:0, i:0))
2024-02-26 09:18:36,561 [grpc-default-executor-6] INFO  impl.VoteContext (VoteContext.java:log(49)) - f4d7646f-0fb1-4da2-a8dc-21597b443f6f@group-EE4D386C2EB3-FOLLOWER: accept PRE_VOTE from 4e76a5f4-598e-407f-bd79-992a553d1db1: our priority 0 <= candidate's priority 0
2024-02-26 09:18:36,561 [grpc-default-executor-6] INFO  server.RaftServer$Division (RaftServerImpl.java:requestVote(1422)) - f4d7646f-0fb1-4da2-a8dc-21597b443f6f@group-EE4D386C2EB3 replies to PRE_VOTE vote request: 4e76a5f4-598e-407f-bd79-992a553d1db1<-f4d7646f-0fb1-4da2-a8dc-21597b443f6f#0:OK-t0. Peer's state: f4d7646f-0fb1-4da2-a8dc-21597b443f6f@group-EE4D386C2EB3:t0, leader=null, voted=, raftlog=Memoized:f4d7646f-0fb1-4da2-a8dc-21597b443f6f@group-EE4D386C2EB3-SegmentedRaftLog:OPENED:c-1, conf=-1: peers:[4e76a5f4-598e-407f-bd79-992a553d1db1|10.1.0.30:15095, 90984f07-37f5-40e1-bf66-3a8ca2321052|10.1.0.30:15104, f4d7646f-0fb1-4da2-a8dc-21597b443f6f|10.1.0.30:15113]|listeners:[], old=null
2024-02-26 09:18:36,561 [grpc-default-executor-0] INFO  server.RaftServer$Division (RaftServerImpl.java:requestVote(1389)) - 4e76a5f4-598e-407f-bd79-992a553d1db1@group-EE4D386C2EB3: receive requestVote(PRE_VOTE, 90984f07-37f5-40e1-bf66-3a8ca2321052, group-EE4D386C2EB3, 0, (t:0, i:0))
2024-02-26 09:18:36,562 [grpc-default-executor-0] INFO  impl.VoteContext (VoteContext.java:log(49)) - 4e76a5f4-598e-407f-bd79-992a553d1db1@group-EE4D386C2EB3-FOLLOWER: accept PRE_VOTE from 90984f07-37f5-40e1-bf66-3a8ca2321052: our priority 0 <= candidate's priority 1
2024-02-26 09:18:36,562 [grpc-default-executor-0] INFO  server.RaftServer$Division (RaftServerImpl.java:requestVote(1422)) - 4e76a5f4-598e-407f-bd79-992a553d1db1@group-EE4D386C2EB3 replies to PRE_VOTE vote request: 90984f07-37f5-40e1-bf66-3a8ca2321052<-4e76a5f4-598e-407f-bd79-992a553d1db1#0:OK-t0. Peer's state: 4e76a5f4-598e-407f-bd79-992a553d1db1@group-EE4D386C2EB3:t0, leader=null, voted=, raftlog=Memoized:4e76a5f4-598e-407f-bd79-992a553d1db1@group-EE4D386C2EB3-SegmentedRaftLog:OPENED:c-1, conf=-1: peers:[4e76a5f4-598e-407f-bd79-992a553d1db1|10.1.0.30:15095, 90984f07-37f5-40e1-bf66-3a8ca2321052|10.1.0.30:15104, f4d7646f-0fb1-4da2-a8dc-21597b443f6f|10.1.0.30:15113]|listeners:[], old=null
2024-02-26 09:18:36,562 [87e9945c-a125-4404-bbe2-61a5a4b10cf4@group-B7258A4D66EE-SegmentedRaftLogWorker] INFO  segmented.SegmentedRaftLogWorker (SegmentedRaftLogWorker.java:execute(634)) - 87e9945c-a125-4404-bbe2-61a5a4b10cf4@group-B7258A4D66EE-SegmentedRaftLogWorker: created new log segment /home/runner/work/ozone/ozone/hadoop-ozone/integration-test/target/test-dir/MiniOzoneClusterImpl-0d79f430-b8c0-477e-97b7-98e50d733022/ozone-meta/datanode-9/ratis/b84c48df-f653-405d-a6f4-b7258a4d66ee/current/log_inprogress_0
2024-02-26 09:18:36,569 [90984f07-37f5-40e1-bf66-3a8ca2321052@group-EE4D386C2EB3-LeaderElection23] INFO  impl.LeaderElection (LeaderElection.java:logAndReturn(89)) - 90984f07-37f5-40e1-bf66-3a8ca2321052@group-EE4D386C2EB3-LeaderElection23: PRE_VOTE PASSED received 1 response(s) and 0 exception(s):
2024-02-26 09:18:36,569 [90984f07-37f5-40e1-bf66-3a8ca2321052@group-EE4D386C2EB3-LeaderElection23] INFO  impl.LeaderElection (LeaderElection.java:logAndReturn(93)) -   Response 0: 90984f07-37f5-40e1-bf66-3a8ca2321052<-4e76a5f4-598e-407f-bd79-992a553d1db1#0:OK-t0
2024-02-26 09:18:36,569 [90984f07-37f5-40e1-bf66-3a8ca2321052@group-EE4D386C2EB3-LeaderElection23] INFO  impl.LeaderElection (LeaderElection.java:askForVotes(323)) - 90984f07-37f5-40e1-bf66-3a8ca2321052@group-EE4D386C2EB3-LeaderElection23 PRE_VOTE round 0: result PASSED
2024-02-26 09:18:36,572 [b254f787-4ade-443a-8cd7-22935f345023@group-F488967C77B6-FollowerState] INFO  impl.FollowerState (FollowerState.java:run(143)) - b254f787-4ade-443a-8cd7-22935f345023@group-F488967C77B6-FollowerState: change to CANDIDATE, lastRpcElapsedTime:5150607437ns, electionTimeout:5135ms
2024-02-26 09:18:36,572 [b254f787-4ade-443a-8cd7-22935f345023@group-F488967C77B6-FollowerState] INFO  impl.RoleInfo (RoleInfo.java:shutdownFollowerState(110)) - b254f787-4ade-443a-8cd7-22935f345023: shutdown b254f787-4ade-443a-8cd7-22935f345023@group-F488967C77B6-FollowerState
2024-02-26 09:18:36,572 [b254f787-4ade-443a-8cd7-22935f345023@group-F488967C77B6-FollowerState] INFO  server.RaftServer$Division (RaftServerImpl.java:setRole(383)) - b254f787-4ade-443a-8cd7-22935f345023@group-F488967C77B6: changes role from  FOLLOWER to CANDIDATE at term 0 for changeToCandidate
2024-02-26 09:18:36,572 [b254f787-4ade-443a-8cd7-22935f345023@group-F488967C77B6-FollowerState] INFO  server.RaftServerConfigKeys (ConfUtils.java:logGet(46)) - raft.server.leaderelection.pre-vote = true (default)
2024-02-26 09:18:36,573 [b254f787-4ade-443a-8cd7-22935f345023@group-F488967C77B6-FollowerState] INFO  impl.RoleInfo (RoleInfo.java:updateAndGet(139)) - b254f787-4ade-443a-8cd7-22935f345023: start b254f787-4ade-443a-8cd7-22935f345023@group-F488967C77B6-LeaderElection24
2024-02-26 09:18:36,574 [grpc-default-executor-5] INFO  server.RaftServer$Division (RaftServerImpl.java:requestVote(1389)) - f4d7646f-0fb1-4da2-a8dc-21597b443f6f@group-EE4D386C2EB3: receive requestVote(PRE_VOTE, 90984f07-37f5-40e1-bf66-3a8ca2321052, group-EE4D386C2EB3, 0, (t:0, i:0))
2024-02-26 09:18:36,575 [90984f07-37f5-40e1-bf66-3a8ca2321052@group-EE4D386C2EB3-LeaderElection23] INFO  impl.LeaderElection (LeaderElection.java:askForVotes(321)) - 90984f07-37f5-40e1-bf66-3a8ca2321052@group-EE4D386C2EB3-LeaderElection23 ELECTION round 0: submit vote requests at term 1 for -1: peers:[4e76a5f4-598e-407f-bd79-992a553d1db1|10.1.0.30:15095, 90984f07-37f5-40e1-bf66-3a8ca2321052|10.1.0.30:15104, f4d7646f-0fb1-4da2-a8dc-21597b443f6f|10.1.0.30:15113]|listeners:[], old=null
2024-02-26 09:18:36,576 [om1-OMStateMachineApplyTransactionThread - 0] INFO  bucket.OMBucketCreateRequest (OMBucketCreateRequest.java:validateAndUpdateCache(292)) - created bucket: 811f0e0d-08b8-46f8-b129-9be92846d3e2 of layout OBJECT_STORE in volume: 61dac48d-16e7-4d14-a4de-7d5c0fcb18c6
2024-02-26 09:18:36,576 [grpc-default-executor-2] INFO  server.RaftServer$Division (RaftServerImpl.java:requestVote(1389)) - 4e76a5f4-598e-407f-bd79-992a553d1db1@group-EE4D386C2EB3: receive requestVote(ELECTION, 90984f07-37f5-40e1-bf66-3a8ca2321052, group-EE4D386C2EB3, 1, (t:0, i:0))
2024-02-26 09:18:36,576 [grpc-default-executor-2] INFO  impl.VoteContext (VoteContext.java:log(49)) - 4e76a5f4-598e-407f-bd79-992a553d1db1@group-EE4D386C2EB3-FOLLOWER: accept ELECTION from 90984f07-37f5-40e1-bf66-3a8ca2321052: our priority 0 <= candidate's priority 1
2024-02-26 09:18:36,576 [grpc-default-executor-2] INFO  server.RaftServer$Division (RaftServerImpl.java:setRole(383)) - 4e76a5f4-598e-407f-bd79-992a553d1db1@group-EE4D386C2EB3: changes role from  FOLLOWER to FOLLOWER at term 1 for candidate:90984f07-37f5-40e1-bf66-3a8ca2321052
2024-02-26 09:18:36,577 [grpc-default-executor-2] INFO  impl.RoleInfo (RoleInfo.java:shutdownFollowerState(110)) - 4e76a5f4-598e-407f-bd79-992a553d1db1: shutdown 4e76a5f4-598e-407f-bd79-992a553d1db1@group-EE4D386C2EB3-FollowerState
2024-02-26 09:18:36,578 [90984f07-37f5-40e1-bf66-3a8ca2321052@group-EE4D386C2EB3-LeaderElection23] INFO  server.RaftServerConfigKeys (ConfUtils.java:logFallback(53)) - raft.server.rpc.first-election.timeout.min = 5s (fallback to raft.server.rpc.timeout.min)
2024-02-26 09:18:36,578 [90984f07-37f5-40e1-bf66-3a8ca2321052@group-EE4D386C2EB3-LeaderElection23] INFO  server.RaftServerConfigKeys (ConfUtils.java:logFallback(53)) - raft.server.rpc.first-election.timeout.max = 5200ms (fallback to raft.server.rpc.timeout.max)
2024-02-26 09:18:36,581 [aa7921d1-8be5-430c-af0e-7b09d4ba500e@group-B7258A4D66EE-StateMachineUpdater] INFO  server.RaftServer$Division (LeaderStateImpl.java:isApplied(320)) - leader is ready since appliedIndex == 0 >= startIndex == 0
2024-02-26 09:18:36,582 [grpc-default-executor-4] INFO  server.RaftServer$Division (RaftServerImpl.java:requestVote(1389)) - f4d7646f-0fb1-4da2-a8dc-21597b443f6f@group-EE4D386C2EB3: receive requestVote(ELECTION, 90984f07-37f5-40e1-bf66-3a8ca2321052, group-EE4D386C2EB3, 1, (t:0, i:0))
2024-02-26 09:18:36,591 [b254f787-4ade-443a-8cd7-22935f345023@group-F488967C77B6-LeaderElection24] INFO  impl.LeaderElection (LeaderElection.java:askForVotes(321)) - b254f787-4ade-443a-8cd7-22935f345023@group-F488967C77B6-LeaderElection24 PRE_VOTE round 0: submit vote requests at term 0 for -1: peers:[87e9945c-a125-4404-bbe2-61a5a4b10cf4|10.1.0.30:15086, b254f787-4ade-443a-8cd7-22935f345023|10.1.0.30:15068, aa7921d1-8be5-430c-af0e-7b09d4ba500e|10.1.0.30:15077]|listeners:[], old=null
2024-02-26 09:18:36,591 [grpc-default-executor-5] INFO  impl.VoteContext (VoteContext.java:log(49)) - f4d7646f-0fb1-4da2-a8dc-21597b443f6f@group-EE4D386C2EB3-FOLLOWER: accept PRE_VOTE from 90984f07-37f5-40e1-bf66-3a8ca2321052: our priority 0 <= candidate's priority 1
2024-02-26 09:18:36,614 [grpc-default-executor-5] INFO  server.RaftServer$Division (RaftServerImpl.java:requestVote(1422)) - f4d7646f-0fb1-4da2-a8dc-21597b443f6f@group-EE4D386C2EB3 replies to PRE_VOTE vote request: 90984f07-37f5-40e1-bf66-3a8ca2321052<-f4d7646f-0fb1-4da2-a8dc-21597b443f6f#0:OK-t0. Peer's state: f4d7646f-0fb1-4da2-a8dc-21597b443f6f@group-EE4D386C2EB3:t0, leader=null, voted=, raftlog=Memoized:f4d7646f-0fb1-4da2-a8dc-21597b443f6f@group-EE4D386C2EB3-SegmentedRaftLog:OPENED:c-1, conf=-1: peers:[4e76a5f4-598e-407f-bd79-992a553d1db1|10.1.0.30:15095, 90984f07-37f5-40e1-bf66-3a8ca2321052|10.1.0.30:15104, f4d7646f-0fb1-4da2-a8dc-21597b443f6f|10.1.0.30:15113]|listeners:[], old=null
2024-02-26 09:18:36,613 [b254f787-4ade-443a-8cd7-22935f345023@group-F488967C77B6-LeaderElection24] INFO  server.RaftServerConfigKeys (ConfUtils.java:logFallback(53)) - raft.server.rpc.first-election.timeout.min = 5s (fallback to raft.server.rpc.timeout.min)
2024-02-26 09:18:36,614 [b254f787-4ade-443a-8cd7-22935f345023@group-F488967C77B6-LeaderElection24] INFO  server.RaftServerConfigKeys (ConfUtils.java:logFallback(53)) - raft.server.rpc.first-election.timeout.max = 5200ms (fallback to raft.server.rpc.timeout.max)
2024-02-26 09:18:36,614 [grpc-default-executor-4] INFO  impl.VoteContext (VoteContext.java:log(49)) - f4d7646f-0fb1-4da2-a8dc-21597b443f6f@group-EE4D386C2EB3-FOLLOWER: accept ELECTION from 90984f07-37f5-40e1-bf66-3a8ca2321052: our priority 0 <= candidate's priority 1
2024-02-26 09:18:36,614 [grpc-default-executor-4] INFO  server.RaftServer$Division (RaftServerImpl.java:setRole(383)) - f4d7646f-0fb1-4da2-a8dc-21597b443f6f@group-EE4D386C2EB3: changes role from  FOLLOWER to FOLLOWER at term 1 for candidate:90984f07-37f5-40e1-bf66-3a8ca2321052
2024-02-26 09:18:36,614 [grpc-default-executor-4] INFO  impl.RoleInfo (RoleInfo.java:shutdownFollowerState(110)) - f4d7646f-0fb1-4da2-a8dc-21597b443f6f: shutdown f4d7646f-0fb1-4da2-a8dc-21597b443f6f@group-EE4D386C2EB3-FollowerState
2024-02-26 09:18:36,614 [grpc-default-executor-4] INFO  impl.RoleInfo (RoleInfo.java:updateAndGet(139)) - f4d7646f-0fb1-4da2-a8dc-21597b443f6f: start f4d7646f-0fb1-4da2-a8dc-21597b443f6f@group-EE4D386C2EB3-FollowerState
2024-02-26 09:18:36,609 [grpc-default-executor-6] INFO  server.RaftServer$Division (RaftServerImpl.java:requestVote(1389)) - 87e9945c-a125-4404-bbe2-61a5a4b10cf4@group-F488967C77B6: receive requestVote(PRE_VOTE, b254f787-4ade-443a-8cd7-22935f345023, group-F488967C77B6, 0, (t:0, i:0))
2024-02-26 09:18:36,592 [4e76a5f4-598e-407f-bd79-992a553d1db1@group-EE4D386C2EB3-FollowerState] INFO  impl.FollowerState (FollowerState.java:run(152)) - 4e76a5f4-598e-407f-bd79-992a553d1db1@group-EE4D386C2EB3-FollowerState was interrupted
2024-02-26 09:18:36,615 [grpc-default-executor-6] INFO  impl.VoteContext (VoteContext.java:log(49)) - 87e9945c-a125-4404-bbe2-61a5a4b10cf4@group-F488967C77B6-FOLLOWER: accept PRE_VOTE from b254f787-4ade-443a-8cd7-22935f345023: our priority 0 <= candidate's priority 1
2024-02-26 09:18:36,592 [grpc-default-executor-2] INFO  impl.RoleInfo (RoleInfo.java:updateAndGet(139)) - 4e76a5f4-598e-407f-bd79-992a553d1db1: start 4e76a5f4-598e-407f-bd79-992a553d1db1@group-EE4D386C2EB3-FollowerState
2024-02-26 09:18:36,615 [grpc-default-executor-6] INFO  server.RaftServer$Division (RaftServerImpl.java:requestVote(1422)) - 87e9945c-a125-4404-bbe2-61a5a4b10cf4@group-F488967C77B6 replies to PRE_VOTE vote request: b254f787-4ade-443a-8cd7-22935f345023<-87e9945c-a125-4404-bbe2-61a5a4b10cf4#0:OK-t0. Peer's state: 87e9945c-a125-4404-bbe2-61a5a4b10cf4@group-F488967C77B6:t0, leader=null, voted=, raftlog=Memoized:87e9945c-a125-4404-bbe2-61a5a4b10cf4@group-F488967C77B6-SegmentedRaftLog:OPENED:c-1, conf=-1: peers:[87e9945c-a125-4404-bbe2-61a5a4b10cf4|10.1.0.30:15086, b254f787-4ade-443a-8cd7-22935f345023|10.1.0.30:15068, aa7921d1-8be5-430c-af0e-7b09d4ba500e|10.1.0.30:15077]|listeners:[], old=null
2024-02-26 09:18:36,614 [f4d7646f-0fb1-4da2-a8dc-21597b443f6f@group-EE4D386C2EB3-FollowerState] INFO  impl.FollowerState (FollowerState.java:run(152)) - f4d7646f-0fb1-4da2-a8dc-21597b443f6f@group-EE4D386C2EB3-FollowerState was interrupted
2024-02-26 09:18:36,618 [grpc-default-executor-4] INFO  server.RaftServer$Division (RaftServerImpl.java:setFirstElection(574)) - f4d7646f-0fb1-4da2-a8dc-21597b443f6f@group-EE4D386C2EB3: set firstElectionSinceStartup to false for candidate:90984f07-37f5-40e1-bf66-3a8ca2321052
2024-02-26 09:18:36,779 [f4d7646f-0fb1-4da2-a8dc-21597b443f6f@group-08F59056C036-FollowerState] INFO  impl.FollowerState (FollowerState.java:run(143)) - f4d7646f-0fb1-4da2-a8dc-21597b443f6f@group-08F59056C036-FollowerState: change to CANDIDATE, lastRpcElapsedTime:5157296325ns, electionTimeout:5096ms
2024-02-26 09:18:36,779 [f4d7646f-0fb1-4da2-a8dc-21597b443f6f@group-08F59056C036-FollowerState] INFO  impl.RoleInfo (RoleInfo.java:shutdownFollowerState(110)) - f4d7646f-0fb1-4da2-a8dc-21597b443f6f: shutdown f4d7646f-0fb1-4da2-a8dc-21597b443f6f@group-08F59056C036-FollowerState
2024-02-26 09:18:36,779 [f4d7646f-0fb1-4da2-a8dc-21597b443f6f@group-08F59056C036-FollowerState] INFO  server.RaftServer$Division (RaftServerImpl.java:setRole(383)) - f4d7646f-0fb1-4da2-a8dc-21597b443f6f@group-08F59056C036: changes role from  FOLLOWER to CANDIDATE at term 0 for changeToCandidate
2024-02-26 09:18:36,779 [f4d7646f-0fb1-4da2-a8dc-21597b443f6f@group-08F59056C036-FollowerState] INFO  server.RaftServerConfigKeys (ConfUtils.java:logGet(46)) - raft.server.leaderelection.pre-vote = true (default)
2024-02-26 09:18:36,780 [f4d7646f-0fb1-4da2-a8dc-21597b443f6f@group-08F59056C036-FollowerState] INFO  impl.RoleInfo (RoleInfo.java:updateAndGet(139)) - f4d7646f-0fb1-4da2-a8dc-21597b443f6f: start f4d7646f-0fb1-4da2-a8dc-21597b443f6f@group-08F59056C036-LeaderElection25
2024-02-26 09:18:36,781 [87e9945c-a125-4404-bbe2-61a5a4b10cf4@group-F488967C77B6-FollowerState] INFO  server.RaftServerConfigKeys (ConfUtils.java:logFallback(53)) - raft.server.rpc.first-election.timeout.min = 5s (fallback to raft.server.rpc.timeout.min)
2024-02-26 09:18:36,781 [87e9945c-a125-4404-bbe2-61a5a4b10cf4@group-F488967C77B6-FollowerState] INFO  server.RaftServerConfigKeys (ConfUtils.java:logFallback(53)) - raft.server.rpc.first-election.timeout.max = 5200ms (fallback to raft.server.rpc.timeout.max)
2024-02-26 09:18:36,781 [f4d7646f-0fb1-4da2-a8dc-21597b443f6f@group-08F59056C036-LeaderElection25] INFO  impl.LeaderElection (LeaderElection.java:askForVotes(321)) - f4d7646f-0fb1-4da2-a8dc-21597b443f6f@group-08F59056C036-LeaderElection25 PRE_VOTE round 0: submit vote requests at term 0 for -1: peers:[4e76a5f4-598e-407f-bd79-992a553d1db1|10.1.0.30:15095, 90984f07-37f5-40e1-bf66-3a8ca2321052|10.1.0.30:15104, f4d7646f-0fb1-4da2-a8dc-21597b443f6f|10.1.0.30:15113]|listeners:[], old=null
2024-02-26 09:18:36,782 [8b754925-a2c8-41f5-ba18-fc172404abb1@group-D99CC601FA38-FollowerState] INFO  impl.FollowerState (FollowerState.java:run(143)) - 8b754925-a2c8-41f5-ba18-fc172404abb1@group-D99CC601FA38-FollowerState: change to CANDIDATE, lastRpcElapsedTime:5233751259ns, electionTimeout:5124ms
2024-02-26 09:18:36,782 [8b754925-a2c8-41f5-ba18-fc172404abb1@group-D99CC601FA38-FollowerState] INFO  impl.RoleInfo (RoleInfo.java:shutdownFollowerState(110)) - 8b754925-a2c8-41f5-ba18-fc172404abb1: shutdown 8b754925-a2c8-41f5-ba18-fc172404abb1@group-D99CC601FA38-FollowerState
2024-02-26 09:18:36,782 [8b754925-a2c8-41f5-ba18-fc172404abb1@group-D99CC601FA38-FollowerState] INFO  server.RaftServer$Division (RaftServerImpl.java:setRole(383)) - 8b754925-a2c8-41f5-ba18-fc172404abb1@group-D99CC601FA38: changes role from  FOLLOWER to CANDIDATE at term 0 for changeToCandidate
2024-02-26 09:18:36,782 [8b754925-a2c8-41f5-ba18-fc172404abb1@group-D99CC601FA38-FollowerState] INFO  server.RaftServerConfigKeys (ConfUtils.java:logGet(46)) - raft.server.leaderelection.pre-vote = true (default)
2024-02-26 09:18:36,782 [8b754925-a2c8-41f5-ba18-fc172404abb1@group-D99CC601FA38-FollowerState] INFO  impl.RoleInfo (RoleInfo.java:updateAndGet(139)) - 8b754925-a2c8-41f5-ba18-fc172404abb1: start 8b754925-a2c8-41f5-ba18-fc172404abb1@group-D99CC601FA38-LeaderElection26
2024-02-26 09:18:36,782 [aa7921d1-8be5-430c-af0e-7b09d4ba500e@group-F488967C77B6-FollowerState] INFO  impl.FollowerState (FollowerState.java:run(143)) - aa7921d1-8be5-430c-af0e-7b09d4ba500e@group-F488967C77B6-FollowerState: change to CANDIDATE, lastRpcElapsedTime:5297245327ns, electionTimeout:5163ms
2024-02-26 09:18:36,782 [aa7921d1-8be5-430c-af0e-7b09d4ba500e@group-F488967C77B6-FollowerState] INFO  impl.RoleInfo (RoleInfo.java:shutdownFollowerState(110)) - aa7921d1-8be5-430c-af0e-7b09d4ba500e: shutdown aa7921d1-8be5-430c-af0e-7b09d4ba500e@group-F488967C77B6-FollowerState
2024-02-26 09:18:36,782 [aa7921d1-8be5-430c-af0e-7b09d4ba500e@group-F488967C77B6-FollowerState] INFO  server.RaftServer$Division (RaftServerImpl.java:setRole(383)) - aa7921d1-8be5-430c-af0e-7b09d4ba500e@group-F488967C77B6: changes role from  FOLLOWER to CANDIDATE at term 0 for changeToCandidate
2024-02-26 09:18:36,782 [aa7921d1-8be5-430c-af0e-7b09d4ba500e@group-F488967C77B6-FollowerState] INFO  server.RaftServerConfigKeys (ConfUtils.java:logGet(46)) - raft.server.leaderelection.pre-vote = true (default)
2024-02-26 09:18:36,782 [aa7921d1-8be5-430c-af0e-7b09d4ba500e@group-F488967C77B6-FollowerState] INFO  impl.RoleInfo (RoleInfo.java:updateAndGet(139)) - aa7921d1-8be5-430c-af0e-7b09d4ba500e: start aa7921d1-8be5-430c-af0e-7b09d4ba500e@group-F488967C77B6-LeaderElection27
2024-02-26 09:18:36,783 [f4d7646f-0fb1-4da2-a8dc-21597b443f6f@group-08F59056C036-LeaderElection25-1] INFO  server.GrpcServerProtocolClient (GrpcServerProtocolClient.java:<init>(65)) - Build channel for 4e76a5f4-598e-407f-bd79-992a553d1db1|10.1.0.30:15095
2024-02-26 09:18:36,784 [f4d7646f-0fb1-4da2-a8dc-21597b443f6f@group-08F59056C036-LeaderElection25] INFO  server.RaftServerConfigKeys (ConfUtils.java:logFallback(53)) - raft.server.rpc.first-election.timeout.min = 5s (fallback to raft.server.rpc.timeout.min)
2024-02-26 09:18:36,784 [f4d7646f-0fb1-4da2-a8dc-21597b443f6f@group-08F59056C036-LeaderElection25] INFO  server.RaftServerConfigKeys (ConfUtils.java:logFallback(53)) - raft.server.rpc.first-election.timeout.max = 5200ms (fallback to raft.server.rpc.timeout.max)
2024-02-26 09:18:36,784 [grpc-default-executor-4] INFO  server.RaftServer$Division (RaftServerImpl.java:requestVote(1422)) - f4d7646f-0fb1-4da2-a8dc-21597b443f6f@group-EE4D386C2EB3 replies to ELECTION vote request: 90984f07-37f5-40e1-bf66-3a8ca2321052<-f4d7646f-0fb1-4da2-a8dc-21597b443f6f#0:OK-t1. Peer's state: f4d7646f-0fb1-4da2-a8dc-21597b443f6f@group-EE4D386C2EB3:t1, leader=null, voted=90984f07-37f5-40e1-bf66-3a8ca2321052, raftlog=Memoized:f4d7646f-0fb1-4da2-a8dc-21597b443f6f@group-EE4D386C2EB3-SegmentedRaftLog:OPENED:c-1, conf=-1: peers:[4e76a5f4-598e-407f-bd79-992a553d1db1|10.1.0.30:15095, 90984f07-37f5-40e1-bf66-3a8ca2321052|10.1.0.30:15104, f4d7646f-0fb1-4da2-a8dc-21597b443f6f|10.1.0.30:15113]|listeners:[], old=null
2024-02-26 09:18:36,784 [f4d7646f-0fb1-4da2-a8dc-21597b443f6f@group-08F59056C036-LeaderElection25-2] INFO  server.GrpcServerProtocolClient (GrpcServerProtocolClient.java:<init>(65)) - Build channel for 90984f07-37f5-40e1-bf66-3a8ca2321052|10.1.0.30:15104
2024-02-26 09:18:36,788 [4e76a5f4-598e-407f-bd79-992a553d1db1@group-08F59056C036-FollowerState] INFO  impl.FollowerState (FollowerState.java:run(143)) - 4e76a5f4-598e-407f-bd79-992a553d1db1@group-08F59056C036-FollowerState: change to CANDIDATE, lastRpcElapsedTime:5110961475ns, electionTimeout:5102ms
2024-02-26 09:18:36,789 [4e76a5f4-598e-407f-bd79-992a553d1db1@group-08F59056C036-FollowerState] INFO  impl.RoleInfo (RoleInfo.java:shutdownFollowerState(110)) - 4e76a5f4-598e-407f-bd79-992a553d1db1: shutdown 4e76a5f4-598e-407f-bd79-992a553d1db1@group-08F59056C036-FollowerState
2024-02-26 09:18:36,789 [4e76a5f4-598e-407f-bd79-992a553d1db1@group-08F59056C036-FollowerState] INFO  server.RaftServer$Division (RaftServerImpl.java:setRole(383)) - 4e76a5f4-598e-407f-bd79-992a553d1db1@group-08F59056C036: changes role from  FOLLOWER to CANDIDATE at term 0 for changeToCandidate
2024-02-26 09:18:36,789 [4e76a5f4-598e-407f-bd79-992a553d1db1@group-08F59056C036-FollowerState] INFO  server.RaftServerConfigKeys (ConfUtils.java:logGet(46)) - raft.server.leaderelection.pre-vote = true (default)
2024-02-26 09:18:36,789 [4e76a5f4-598e-407f-bd79-992a553d1db1@group-08F59056C036-FollowerState] INFO  impl.RoleInfo (RoleInfo.java:updateAndGet(139)) - 4e76a5f4-598e-407f-bd79-992a553d1db1: start 4e76a5f4-598e-407f-bd79-992a553d1db1@group-08F59056C036-LeaderElection28
2024-02-26 09:18:36,789 [grpc-default-executor-0] INFO  server.RaftServer$Division (RaftServerImpl.java:requestVote(1389)) - aa7921d1-8be5-430c-af0e-7b09d4ba500e@group-F488967C77B6: receive requestVote(PRE_VOTE, b254f787-4ade-443a-8cd7-22935f345023, group-F488967C77B6, 0, (t:0, i:0))
2024-02-26 09:18:36,789 [grpc-default-executor-0] INFO  impl.VoteContext (VoteContext.java:log(49)) - aa7921d1-8be5-430c-af0e-7b09d4ba500e@group-F488967C77B6-CANDIDATE: accept PRE_VOTE from b254f787-4ade-443a-8cd7-22935f345023: our priority 0 <= candidate's priority 1
2024-02-26 09:18:36,789 [grpc-default-executor-0] INFO  server.RaftServer$Division (RaftServerImpl.java:requestVote(1422)) - aa7921d1-8be5-430c-af0e-7b09d4ba500e@group-F488967C77B6 replies to PRE_VOTE vote request: b254f787-4ade-443a-8cd7-22935f345023<-aa7921d1-8be5-430c-af0e-7b09d4ba500e#0:OK-t0. Peer's state: aa7921d1-8be5-430c-af0e-7b09d4ba500e@group-F488967C77B6:t0, leader=null, voted=, raftlog=Memoized:aa7921d1-8be5-430c-af0e-7b09d4ba500e@group-F488967C77B6-SegmentedRaftLog:OPENED:c-1, conf=-1: peers:[87e9945c-a125-4404-bbe2-61a5a4b10cf4|10.1.0.30:15086, b254f787-4ade-443a-8cd7-22935f345023|10.1.0.30:15068, aa7921d1-8be5-430c-af0e-7b09d4ba500e|10.1.0.30:15077]|listeners:[], old=null
2024-02-26 09:18:36,790 [ca5f02e2-bc43-4498-b1f2-381f8abbb3f5@group-8A458A973B78-FollowerState] INFO  impl.FollowerState (FollowerState.java:run(143)) - ca5f02e2-bc43-4498-b1f2-381f8abbb3f5@group-8A458A973B78-FollowerState: change to CANDIDATE, lastRpcElapsedTime:5177607814ns, electionTimeout:5173ms
2024-02-26 09:18:36,790 [ca5f02e2-bc43-4498-b1f2-381f8abbb3f5@group-8A458A973B78-FollowerState] INFO  impl.RoleInfo (RoleInfo.java:shutdownFollowerState(110)) - ca5f02e2-bc43-4498-b1f2-381f8abbb3f5: shutdown ca5f02e2-bc43-4498-b1f2-381f8abbb3f5@group-8A458A973B78-FollowerState
2024-02-26 09:18:36,790 [ca5f02e2-bc43-4498-b1f2-381f8abbb3f5@group-8A458A973B78-FollowerState] INFO  server.RaftServer$Division (RaftServerImpl.java:setRole(383)) - ca5f02e2-bc43-4498-b1f2-381f8abbb3f5@group-8A458A973B78: changes role from  FOLLOWER to CANDIDATE at term 0 for changeToCandidate
2024-02-26 09:18:36,788 [8b754925-a2c8-41f5-ba18-fc172404abb1@group-D99CC601FA38-LeaderElection26] INFO  impl.LeaderElection (LeaderElection.java:askForVotes(321)) - 8b754925-a2c8-41f5-ba18-fc172404abb1@group-D99CC601FA38-LeaderElection26 PRE_VOTE round 0: submit vote requests at term 0 for -1: peers:[8b754925-a2c8-41f5-ba18-fc172404abb1|10.1.0.30:15122]|listeners:[], old=null
2024-02-26 09:18:36,790 [8b754925-a2c8-41f5-ba18-fc172404abb1@group-D99CC601FA38-LeaderElection26] INFO  impl.LeaderElection (LeaderElection.java:askForVotes(323)) - 8b754925-a2c8-41f5-ba18-fc172404abb1@group-D99CC601FA38-LeaderElection26 PRE_VOTE round 0: result PASSED (term=0)
2024-02-26 09:18:36,789 [aa7921d1-8be5-430c-af0e-7b09d4ba500e@group-F488967C77B6-LeaderElection27] INFO  impl.LeaderElection (LeaderElection.java:askForVotes(321)) - aa7921d1-8be5-430c-af0e-7b09d4ba500e@group-F488967C77B6-LeaderElection27 PRE_VOTE round 0: submit vote requests at term 0 for -1: peers:[87e9945c-a125-4404-bbe2-61a5a4b10cf4|10.1.0.30:15086, b254f787-4ade-443a-8cd7-22935f345023|10.1.0.30:15068, aa7921d1-8be5-430c-af0e-7b09d4ba500e|10.1.0.30:15077]|listeners:[], old=null
2024-02-26 09:18:36,791 [aa7921d1-8be5-430c-af0e-7b09d4ba500e@group-F488967C77B6-LeaderElection27] INFO  server.RaftServerConfigKeys (ConfUtils.java:logFallback(53)) - raft.server.rpc.first-election.timeout.min = 5s (fallback to raft.server.rpc.timeout.min)
2024-02-26 09:18:36,793 [aa7921d1-8be5-430c-af0e-7b09d4ba500e@group-F488967C77B6-LeaderElection27] INFO  server.RaftServerConfigKeys (ConfUtils.java:logFallback(53)) - raft.server.rpc.first-election.timeout.max = 5200ms (fallback to raft.server.rpc.timeout.max)
2024-02-26 09:18:36,793 [b254f787-4ade-443a-8cd7-22935f345023@group-F488967C77B6-LeaderElection24] INFO  impl.LeaderElection (LeaderElection.java:logAndReturn(89)) - b254f787-4ade-443a-8cd7-22935f345023@group-F488967C77B6-LeaderElection24: PRE_VOTE PASSED received 1 response(s) and 0 exception(s):
2024-02-26 09:18:36,793 [90984f07-37f5-40e1-bf66-3a8ca2321052@group-EE4D386C2EB3-LeaderElection23] INFO  impl.LeaderElection (LeaderElection.java:logAndReturn(89)) - 90984f07-37f5-40e1-bf66-3a8ca2321052@group-EE4D386C2EB3-LeaderElection23: ELECTION PASSED received 1 response(s) and 0 exception(s):
2024-02-26 09:18:36,794 [90984f07-37f5-40e1-bf66-3a8ca2321052@group-EE4D386C2EB3-LeaderElection23] INFO  impl.LeaderElection (LeaderElection.java:logAndReturn(93)) -   Response 0: 90984f07-37f5-40e1-bf66-3a8ca2321052<-f4d7646f-0fb1-4da2-a8dc-21597b443f6f#0:OK-t1
2024-02-26 09:18:36,794 [90984f07-37f5-40e1-bf66-3a8ca2321052@group-EE4D386C2EB3-LeaderElection23] INFO  impl.LeaderElection (LeaderElection.java:askForVotes(323)) - 90984f07-37f5-40e1-bf66-3a8ca2321052@group-EE4D386C2EB3-LeaderElection23 ELECTION round 0: result PASSED
2024-02-26 09:18:36,794 [90984f07-37f5-40e1-bf66-3a8ca2321052@group-EE4D386C2EB3-LeaderElection23] INFO  impl.RoleInfo (RoleInfo.java:shutdownLeaderElection(130)) - 90984f07-37f5-40e1-bf66-3a8ca2321052: shutdown 90984f07-37f5-40e1-bf66-3a8ca2321052@group-EE4D386C2EB3-LeaderElection23
2024-02-26 09:18:36,794 [90984f07-37f5-40e1-bf66-3a8ca2321052@group-EE4D386C2EB3-LeaderElection23] INFO  server.RaftServer$Division (RaftServerImpl.java:setRole(383)) - 90984f07-37f5-40e1-bf66-3a8ca2321052@group-EE4D386C2EB3: changes role from CANDIDATE to LEADER at term 1 for changeToLeader
2024-02-26 09:18:36,794 [90984f07-37f5-40e1-bf66-3a8ca2321052@group-EE4D386C2EB3-LeaderElection23] INFO  server.RaftServerConfigKeys (ConfUtils.java:logGet(46)) - raft.server.staging.catchup.gap = 1000 (default)
2024-02-26 09:18:36,794 [90984f07-37f5-40e1-bf66-3a8ca2321052@group-EE4D386C2EB3-LeaderElection23] INFO  server.RaftServerConfigKeys (ConfUtils.java:logGet(46)) - raft.server.write.element-limit = 1024 (custom)
2024-02-26 09:18:36,794 [90984f07-37f5-40e1-bf66-3a8ca2321052@group-EE4D386C2EB3-LeaderElection23] INFO  server.RaftServerConfigKeys (ConfUtils.java:logGet(46)) - raft.server.write.byte-limit = 1024 M (=1073741824) (custom)
2024-02-26 09:18:36,795 [90984f07-37f5-40e1-bf66-3a8ca2321052@group-EE4D386C2EB3-LeaderElection23] INFO  server.RaftServerConfigKeys (ConfUtils.java:logGet(46)) - raft.server.watch.timeout = 180s (custom)
2024-02-26 09:18:36,795 [90984f07-37f5-40e1-bf66-3a8ca2321052@group-EE4D386C2EB3-LeaderElection23] INFO  server.RaftServerConfigKeys (ConfUtils.java:logGet(46)) - raft.server.watch.timeout.denomination = 1s (default)
2024-02-26 09:18:36,795 [90984f07-37f5-40e1-bf66-3a8ca2321052@group-EE4D386C2EB3-LeaderElection23] INFO  server.RaftServerConfigKeys (ConfUtils.java:logGet(46)) - raft.server.watch.element-limit = 65536 (default)
2024-02-26 09:18:36,795 [grpc-default-executor-6] INFO  server.RaftServer$Division (RaftServerImpl.java:requestVote(1389)) - 87e9945c-a125-4404-bbe2-61a5a4b10cf4@group-F488967C77B6: receive requestVote(PRE_VOTE, aa7921d1-8be5-430c-af0e-7b09d4ba500e, group-F488967C77B6, 0, (t:0, i:0))
2024-02-26 09:18:36,795 [grpc-default-executor-6] INFO  impl.VoteContext (VoteContext.java:log(49)) - 87e9945c-a125-4404-bbe2-61a5a4b10cf4@group-F488967C77B6-FOLLOWER: accept PRE_VOTE from aa7921d1-8be5-430c-af0e-7b09d4ba500e: our priority 0 <= candidate's priority 0
2024-02-26 09:18:36,793 [4e76a5f4-598e-407f-bd79-992a553d1db1@group-08F59056C036-LeaderElection28] INFO  impl.LeaderElection (LeaderElection.java:askForVotes(321)) - 4e76a5f4-598e-407f-bd79-992a553d1db1@group-08F59056C036-LeaderElection28 PRE_VOTE round 0: submit vote requests at term 0 for -1: peers:[4e76a5f4-598e-407f-bd79-992a553d1db1|10.1.0.30:15095, 90984f07-37f5-40e1-bf66-3a8ca2321052|10.1.0.30:15104, f4d7646f-0fb1-4da2-a8dc-21597b443f6f|10.1.0.30:15113]|listeners:[], old=null
2024-02-26 09:18:36,795 [grpc-default-executor-6] INFO  server.RaftServer$Division (RaftServerImpl.java:requestVote(1422)) - 87e9945c-a125-4404-bbe2-61a5a4b10cf4@group-F488967C77B6 replies to PRE_VOTE vote request: aa7921d1-8be5-430c-af0e-7b09d4ba500e<-87e9945c-a125-4404-bbe2-61a5a4b10cf4#0:OK-t0. Peer's state: 87e9945c-a125-4404-bbe2-61a5a4b10cf4@group-F488967C77B6:t0, leader=null, voted=, raftlog=Memoized:87e9945c-a125-4404-bbe2-61a5a4b10cf4@group-F488967C77B6-SegmentedRaftLog:OPENED:c-1, conf=-1: peers:[87e9945c-a125-4404-bbe2-61a5a4b10cf4|10.1.0.30:15086, b254f787-4ade-443a-8cd7-22935f345023|10.1.0.30:15068, aa7921d1-8be5-430c-af0e-7b09d4ba500e|10.1.0.30:15077]|listeners:[], old=null
2024-02-26 09:18:36,793 [ca5f02e2-bc43-4498-b1f2-381f8abbb3f5@group-8A458A973B78-FollowerState] INFO  server.RaftServerConfigKeys (ConfUtils.java:logGet(46)) - raft.server.leaderelection.pre-vote = true (default)
2024-02-26 09:18:36,796 [ca5f02e2-bc43-4498-b1f2-381f8abbb3f5@group-8A458A973B78-FollowerState] INFO  impl.RoleInfo (RoleInfo.java:updateAndGet(139)) - ca5f02e2-bc43-4498-b1f2-381f8abbb3f5: start ca5f02e2-bc43-4498-b1f2-381f8abbb3f5@group-8A458A973B78-LeaderElection29
2024-02-26 09:18:36,792 [8b754925-a2c8-41f5-ba18-fc172404abb1@group-D99CC601FA38-LeaderElection26] INFO  impl.LeaderElection (LeaderElection.java:askForVotes(321)) - 8b754925-a2c8-41f5-ba18-fc172404abb1@group-D99CC601FA38-LeaderElection26 ELECTION round 0: submit vote requests at term 1 for -1: peers:[8b754925-a2c8-41f5-ba18-fc172404abb1|10.1.0.30:15122]|listeners:[], old=null
2024-02-26 09:18:36,796 [8b754925-a2c8-41f5-ba18-fc172404abb1@group-D99CC601FA38-LeaderElection26] INFO  impl.LeaderElection (LeaderElection.java:askForVotes(323)) - 8b754925-a2c8-41f5-ba18-fc172404abb1@group-D99CC601FA38-LeaderElection26 ELECTION round 0: result PASSED (term=1)
2024-02-26 09:18:36,791 [grpc-default-executor-2] INFO  server.RaftServer$Division (RaftServerImpl.java:requestVote(1422)) - 4e76a5f4-598e-407f-bd79-992a553d1db1@group-EE4D386C2EB3 replies to ELECTION vote request: 90984f07-37f5-40e1-bf66-3a8ca2321052<-4e76a5f4-598e-407f-bd79-992a553d1db1#0:OK-t1. Peer's state: 4e76a5f4-598e-407f-bd79-992a553d1db1@group-EE4D386C2EB3:t1, leader=null, voted=90984f07-37f5-40e1-bf66-3a8ca2321052, raftlog=Memoized:4e76a5f4-598e-407f-bd79-992a553d1db1@group-EE4D386C2EB3-SegmentedRaftLog:OPENED:c-1, conf=-1: peers:[4e76a5f4-598e-407f-bd79-992a553d1db1|10.1.0.30:15095, 90984f07-37f5-40e1-bf66-3a8ca2321052|10.1.0.30:15104, f4d7646f-0fb1-4da2-a8dc-21597b443f6f|10.1.0.30:15113]|listeners:[], old=null
2024-02-26 09:18:36,796 [8b754925-a2c8-41f5-ba18-fc172404abb1@group-D99CC601FA38-LeaderElection26] INFO  impl.RoleInfo (RoleInfo.java:shutdownLeaderElection(130)) - 8b754925-a2c8-41f5-ba18-fc172404abb1: shutdown 8b754925-a2c8-41f5-ba18-fc172404abb1@group-D99CC601FA38-LeaderElection26
2024-02-26 09:18:36,796 [8b754925-a2c8-41f5-ba18-fc172404abb1@group-D99CC601FA38-LeaderElection26] INFO  server.RaftServer$Division (RaftServerImpl.java:setRole(383)) - 8b754925-a2c8-41f5-ba18-fc172404abb1@group-D99CC601FA38: changes role from CANDIDATE to LEADER at term 1 for changeToLeader
2024-02-26 09:18:36,796 [8b754925-a2c8-41f5-ba18-fc172404abb1@group-D99CC601FA38-LeaderElection26] INFO  server.RaftServerConfigKeys (ConfUtils.java:logGet(46)) - raft.server.staging.catchup.gap = 1000 (default)
2024-02-26 09:18:36,795 [grpc-default-executor-4] INFO  server.RaftServer$Division (RaftServerImpl.java:requestVote(1389)) - 4e76a5f4-598e-407f-bd79-992a553d1db1@group-08F59056C036: receive requestVote(PRE_VOTE, f4d7646f-0fb1-4da2-a8dc-21597b443f6f, group-08F59056C036, 0, (t:0, i:0))
2024-02-26 09:18:36,797 [grpc-default-executor-4] INFO  impl.VoteContext (VoteContext.java:log(49)) - 4e76a5f4-598e-407f-bd79-992a553d1db1@group-08F59056C036-CANDIDATE: accept PRE_VOTE from f4d7646f-0fb1-4da2-a8dc-21597b443f6f: our priority 0 <= candidate's priority 1
2024-02-26 09:18:36,795 [90984f07-37f5-40e1-bf66-3a8ca2321052@group-EE4D386C2EB3-LeaderElection23] INFO  server.RaftServerConfigKeys (ConfUtils.java:logGet(46)) - raft.server.read.leader.lease.enabled = false (default)
2024-02-26 09:18:36,797 [90984f07-37f5-40e1-bf66-3a8ca2321052@group-EE4D386C2EB3-LeaderElection23] INFO  server.RaftServerConfigKeys (ConfUtils.java:logGet(46)) - raft.server.read.leader.lease.timeout.ratio = 0.9 (default)
2024-02-26 09:18:36,797 [90984f07-37f5-40e1-bf66-3a8ca2321052@group-EE4D386C2EB3-LeaderElection23] INFO  server.RaftServerConfigKeys (ConfUtils.java:logGet(46)) - raft.server.rpc.timeout.min = 5s (custom)
2024-02-26 09:18:36,797 [90984f07-37f5-40e1-bf66-3a8ca2321052@group-EE4D386C2EB3-LeaderElection23] INFO  server.RaftServerConfigKeys (ConfUtils.java:logGet(46)) - raft.server.write.element-limit = 1024 (custom)
2024-02-26 09:18:36,797 [90984f07-37f5-40e1-bf66-3a8ca2321052@group-EE4D386C2EB3-LeaderElection23] INFO  server.RaftServerConfigKeys (ConfUtils.java:logGet(46)) - raft.server.write.follower.gap.ratio.max = -1.0 (default)
2024-02-26 09:18:36,797 [4e76a5f4-598e-407f-bd79-992a553d1db1@group-08F59056C036-LeaderElection28] INFO  server.RaftServerConfigKeys (ConfUtils.java:logFallback(53)) - raft.server.rpc.first-election.timeout.min = 5s (fallback to raft.server.rpc.timeout.min)
2024-02-26 09:18:36,798 [4e76a5f4-598e-407f-bd79-992a553d1db1@group-08F59056C036-LeaderElection28] INFO  server.RaftServerConfigKeys (ConfUtils.java:logFallback(53)) - raft.server.rpc.first-election.timeout.max = 5200ms (fallback to raft.server.rpc.timeout.max)
2024-02-26 09:18:36,794 [b254f787-4ade-443a-8cd7-22935f345023@group-F488967C77B6-LeaderElection24] INFO  impl.LeaderElection (LeaderElection.java:logAndReturn(93)) -   Response 0: b254f787-4ade-443a-8cd7-22935f345023<-87e9945c-a125-4404-bbe2-61a5a4b10cf4#0:OK-t0
2024-02-26 09:18:36,798 [b254f787-4ade-443a-8cd7-22935f345023@group-F488967C77B6-LeaderElection24] INFO  impl.LeaderElection (LeaderElection.java:askForVotes(323)) - b254f787-4ade-443a-8cd7-22935f345023@group-F488967C77B6-LeaderElection24 PRE_VOTE round 0: result PASSED
2024-02-26 09:18:36,798 [90984f07-37f5-40e1-bf66-3a8ca2321052@group-EE4D386C2EB3-LeaderElection23] INFO  server.RaftServerConfigKeys (ConfUtils.java:logGet(46)) - raft.server.log.appender.snapshot.chunk.size.max = 16MB (=16777216) (default)
2024-02-26 09:18:36,797 [grpc-default-executor-4] INFO  server.RaftServer$Division (RaftServerImpl.java:requestVote(1422)) - 4e76a5f4-598e-407f-bd79-992a553d1db1@group-08F59056C036 replies to PRE_VOTE vote request: f4d7646f-0fb1-4da2-a8dc-21597b443f6f<-4e76a5f4-598e-407f-bd79-992a553d1db1#0:OK-t0. Peer's state: 4e76a5f4-598e-407f-bd79-992a553d1db1@group-08F59056C036:t0, leader=null, voted=, raftlog=Memoized:4e76a5f4-598e-407f-bd79-992a553d1db1@group-08F59056C036-SegmentedRaftLog:OPENED:c-1, conf=-1: peers:[4e76a5f4-598e-407f-bd79-992a553d1db1|10.1.0.30:15095, 90984f07-37f5-40e1-bf66-3a8ca2321052|10.1.0.30:15104, f4d7646f-0fb1-4da2-a8dc-21597b443f6f|10.1.0.30:15113]|listeners:[], old=null
2024-02-26 09:18:36,797 [grpc-default-executor-2] INFO  server.RaftServer$Division (RaftServerImpl.java:requestVote(1389)) - 90984f07-37f5-40e1-bf66-3a8ca2321052@group-08F59056C036: receive requestVote(PRE_VOTE, f4d7646f-0fb1-4da2-a8dc-21597b443f6f, group-08F59056C036, 0, (t:0, i:0))
2024-02-26 09:18:36,800 [b254f787-4ade-443a-8cd7-22935f345023@group-F488967C77B6-LeaderElection24] INFO  impl.LeaderElection (LeaderElection.java:askForVotes(321)) - b254f787-4ade-443a-8cd7-22935f345023@group-F488967C77B6-LeaderElection24 ELECTION round 0: submit vote requests at term 1 for -1: peers:[87e9945c-a125-4404-bbe2-61a5a4b10cf4|10.1.0.30:15086, b254f787-4ade-443a-8cd7-22935f345023|10.1.0.30:15068, aa7921d1-8be5-430c-af0e-7b09d4ba500e|10.1.0.30:15077]|listeners:[], old=null
2024-02-26 09:18:36,800 [grpc-default-executor-2] INFO  impl.VoteContext (VoteContext.java:log(49)) - 90984f07-37f5-40e1-bf66-3a8ca2321052@group-08F59056C036-FOLLOWER: accept PRE_VOTE from f4d7646f-0fb1-4da2-a8dc-21597b443f6f: our priority 0 <= candidate's priority 1
2024-02-26 09:18:36,800 [grpc-default-executor-2] INFO  server.RaftServer$Division (RaftServerImpl.java:requestVote(1422)) - 90984f07-37f5-40e1-bf66-3a8ca2321052@group-08F59056C036 replies to PRE_VOTE vote request: f4d7646f-0fb1-4da2-a8dc-21597b443f6f<-90984f07-37f5-40e1-bf66-3a8ca2321052#0:OK-t0. Peer's state: 90984f07-37f5-40e1-bf66-3a8ca2321052@group-08F59056C036:t0, leader=null, voted=, raftlog=Memoized:90984f07-37f5-40e1-bf66-3a8ca2321052@group-08F59056C036-SegmentedRaftLog:OPENED:c-1, conf=-1: peers:[4e76a5f4-598e-407f-bd79-992a553d1db1|10.1.0.30:15095, 90984f07-37f5-40e1-bf66-3a8ca2321052|10.1.0.30:15104, f4d7646f-0fb1-4da2-a8dc-21597b443f6f|10.1.0.30:15113]|listeners:[], old=null
2024-02-26 09:18:36,802 [b254f787-4ade-443a-8cd7-22935f345023@group-F488967C77B6-LeaderElection24] INFO  server.RaftServerConfigKeys (ConfUtils.java:logFallback(53)) - raft.server.rpc.first-election.timeout.min = 5s (fallback to raft.server.rpc.timeout.min)
2024-02-26 09:18:36,802 [b254f787-4ade-443a-8cd7-22935f345023@group-F488967C77B6-LeaderElection24] INFO  server.RaftServerConfigKeys (ConfUtils.java:logFallback(53)) - raft.server.rpc.first-election.timeout.max = 5200ms (fallback to raft.server.rpc.timeout.max)
2024-02-26 09:18:36,803 [grpc-default-executor-4] INFO  server.RaftServer$Division (RaftServerImpl.java:requestVote(1389)) - 90984f07-37f5-40e1-bf66-3a8ca2321052@group-08F59056C036: receive requestVote(PRE_VOTE, 4e76a5f4-598e-407f-bd79-992a553d1db1, group-08F59056C036, 0, (t:0, i:0))
2024-02-26 09:18:36,803 [8b754925-a2c8-41f5-ba18-fc172404abb1@group-D99CC601FA38-LeaderElection26] INFO  server.RaftServerConfigKeys (ConfUtils.java:logGet(46)) - raft.server.write.element-limit = 1024 (custom)
2024-02-26 09:18:36,803 [8b754925-a2c8-41f5-ba18-fc172404abb1@group-D99CC601FA38-LeaderElection26] INFO  server.RaftServerConfigKeys (ConfUtils.java:logGet(46)) - raft.server.write.byte-limit = 1024 M (=1073741824) (custom)
2024-02-26 09:18:36,804 [8b754925-a2c8-41f5-ba18-fc172404abb1@group-D99CC601FA38-LeaderElection26] INFO  server.RaftServerConfigKeys (ConfUtils.java:logGet(46)) - raft.server.watch.timeout = 180s (custom)
2024-02-26 09:18:36,804 [8b754925-a2c8-41f5-ba18-fc172404abb1@group-D99CC601FA38-LeaderElection26] INFO  server.RaftServerConfigKeys (ConfUtils.java:logGet(46)) - raft.server.watch.timeout.denomination = 1s (default)
2024-02-26 09:18:36,804 [8b754925-a2c8-41f5-ba18-fc172404abb1@group-D99CC601FA38-LeaderElection26] INFO  server.RaftServerConfigKeys (ConfUtils.java:logGet(46)) - raft.server.watch.element-limit = 65536 (default)
2024-02-26 09:18:36,804 [8b754925-a2c8-41f5-ba18-fc172404abb1@group-D99CC601FA38-LeaderElection26] INFO  server.RaftServerConfigKeys (ConfUtils.java:logGet(46)) - raft.server.read.leader.lease.enabled = false (default)
2024-02-26 09:18:36,804 [8b754925-a2c8-41f5-ba18-fc172404abb1@group-D99CC601FA38-LeaderElection26] INFO  server.RaftServerConfigKeys (ConfUtils.java:logGet(46)) - raft.server.read.leader.lease.timeout.ratio = 0.9 (default)
2024-02-26 09:18:36,804 [8b754925-a2c8-41f5-ba18-fc172404abb1@group-D99CC601FA38-LeaderElection26] INFO  server.RaftServerConfigKeys (ConfUtils.java:logGet(46)) - raft.server.rpc.timeout.min = 5s (custom)
2024-02-26 09:18:36,804 [8b754925-a2c8-41f5-ba18-fc172404abb1@group-D99CC601FA38-LeaderElection26] INFO  server.RaftServerConfigKeys (ConfUtils.java:logGet(46)) - raft.server.write.element-limit = 1024 (custom)
2024-02-26 09:18:36,804 [8b754925-a2c8-41f5-ba18-fc172404abb1@group-D99CC601FA38-LeaderElection26] INFO  server.RaftServerConfigKeys (ConfUtils.java:logGet(46)) - raft.server.write.follower.gap.ratio.max = -1.0 (default)
2024-02-26 09:18:36,804 [8b754925-a2c8-41f5-ba18-fc172404abb1@group-D99CC601FA38-LeaderElection26] INFO  impl.RoleInfo (RoleInfo.java:updateAndGet(139)) - 8b754925-a2c8-41f5-ba18-fc172404abb1: start 8b754925-a2c8-41f5-ba18-fc172404abb1@group-D99CC601FA38-LeaderStateImpl
2024-02-26 09:18:36,804 [8b754925-a2c8-41f5-ba18-fc172404abb1@group-D99CC601FA38-LeaderElection26] INFO  server.RaftServer$Division (RaftServerImpl.java:setFirstElection(574)) - 8b754925-a2c8-41f5-ba18-fc172404abb1@group-D99CC601FA38: set firstElectionSinceStartup to false for becomeLeader
2024-02-26 09:18:36,804 [8b754925-a2c8-41f5-ba18-fc172404abb1@group-D99CC601FA38-LeaderElection26] INFO  ratis.XceiverServerRatis (XceiverServerRatis.java:handleLeaderChangedNotification(966)) - Leader change notification received for group: group-D99CC601FA38 with new leaderId: 8b754925-a2c8-41f5-ba18-fc172404abb1
2024-02-26 09:18:36,804 [grpc-default-executor-0] INFO  server.RaftServer$Division (RaftServerImpl.java:requestVote(1389)) - 87e9945c-a125-4404-bbe2-61a5a4b10cf4@group-F488967C77B6: receive requestVote(ELECTION, b254f787-4ade-443a-8cd7-22935f345023, group-F488967C77B6, 1, (t:0, i:0))
2024-02-26 09:18:36,805 [grpc-default-executor-0] INFO  impl.VoteContext (VoteContext.java:log(49)) - 87e9945c-a125-4404-bbe2-61a5a4b10cf4@group-F488967C77B6-FOLLOWER: accept ELECTION from b254f787-4ade-443a-8cd7-22935f345023: our priority 0 <= candidate's priority 1
2024-02-26 09:18:36,805 [grpc-default-executor-0] INFO  server.RaftServer$Division (RaftServerImpl.java:setRole(383)) - 87e9945c-a125-4404-bbe2-61a5a4b10cf4@group-F488967C77B6: changes role from  FOLLOWER to FOLLOWER at term 1 for candidate:b254f787-4ade-443a-8cd7-22935f345023
2024-02-26 09:18:36,805 [grpc-default-executor-0] INFO  impl.RoleInfo (RoleInfo.java:shutdownFollowerState(110)) - 87e9945c-a125-4404-bbe2-61a5a4b10cf4: shutdown 87e9945c-a125-4404-bbe2-61a5a4b10cf4@group-F488967C77B6-FollowerState
2024-02-26 09:18:36,799 [90984f07-37f5-40e1-bf66-3a8ca2321052@group-EE4D386C2EB3-LeaderElection23] INFO  server.RaftServerConfigKeys (ConfUtils.java:logGet(46)) - raft.server.log.appender.buffer.byte-limit = 8388608 (custom)
2024-02-26 09:18:36,806 [90984f07-37f5-40e1-bf66-3a8ca2321052@group-EE4D386C2EB3-LeaderElection23] INFO  server.RaftServerConfigKeys (ConfUtils.java:logGet(46)) - raft.server.log.appender.buffer.element-limit = 1 (custom)
2024-02-26 09:18:36,805 [grpc-default-executor-2] INFO  server.RaftServer$Division (RaftServerImpl.java:requestVote(1389)) - f4d7646f-0fb1-4da2-a8dc-21597b443f6f@group-08F59056C036: receive requestVote(PRE_VOTE, 4e76a5f4-598e-407f-bd79-992a553d1db1, group-08F59056C036, 0, (t:0, i:0))
2024-02-26 09:18:36,806 [grpc-default-executor-2] INFO  impl.VoteContext (VoteContext.java:log(49)) - f4d7646f-0fb1-4da2-a8dc-21597b443f6f@group-08F59056C036-CANDIDATE: reject PRE_VOTE from 4e76a5f4-598e-407f-bd79-992a553d1db1: our priority 1 > candidate's priority 0
2024-02-26 09:18:36,806 [grpc-default-executor-6] INFO  server.RaftServer$Division (RaftServerImpl.java:requestVote(1389)) - aa7921d1-8be5-430c-af0e-7b09d4ba500e@group-F488967C77B6: receive requestVote(ELECTION, b254f787-4ade-443a-8cd7-22935f345023, group-F488967C77B6, 1, (t:0, i:0))
2024-02-26 09:18:36,806 [grpc-default-executor-6] INFO  impl.VoteContext (VoteContext.java:log(49)) - aa7921d1-8be5-430c-af0e-7b09d4ba500e@group-F488967C77B6-CANDIDATE: accept ELECTION from b254f787-4ade-443a-8cd7-22935f345023: our priority 0 <= candidate's priority 1
2024-02-26 09:18:36,806 [grpc-default-executor-6] INFO  server.RaftServer$Division (RaftServerImpl.java:setRole(383)) - aa7921d1-8be5-430c-af0e-7b09d4ba500e@group-F488967C77B6: changes role from CANDIDATE to FOLLOWER at term 1 for candidate:b254f787-4ade-443a-8cd7-22935f345023
2024-02-26 09:18:36,806 [grpc-default-executor-6] INFO  impl.RoleInfo (RoleInfo.java:shutdownLeaderElection(130)) - aa7921d1-8be5-430c-af0e-7b09d4ba500e: shutdown aa7921d1-8be5-430c-af0e-7b09d4ba500e@group-F488967C77B6-LeaderElection27
2024-02-26 09:18:36,806 [grpc-default-executor-2] INFO  server.RaftServer$Division (RaftServerImpl.java:requestVote(1422)) - f4d7646f-0fb1-4da2-a8dc-21597b443f6f@group-08F59056C036 replies to PRE_VOTE vote request: 4e76a5f4-598e-407f-bd79-992a553d1db1<-f4d7646f-0fb1-4da2-a8dc-21597b443f6f#0:FAIL-t0. Peer's state: f4d7646f-0fb1-4da2-a8dc-21597b443f6f@group-08F59056C036:t0, leader=null, voted=, raftlog=Memoized:f4d7646f-0fb1-4da2-a8dc-21597b443f6f@group-08F59056C036-SegmentedRaftLog:OPENED:c-1, conf=-1: peers:[4e76a5f4-598e-407f-bd79-992a553d1db1|10.1.0.30:15095, 90984f07-37f5-40e1-bf66-3a8ca2321052|10.1.0.30:15104, f4d7646f-0fb1-4da2-a8dc-21597b443f6f|10.1.0.30:15113]|listeners:[], old=null
2024-02-26 09:18:36,808 [grpc-default-executor-5] INFO  server.RaftServer$Division (RaftServerImpl.java:requestVote(1389)) - b254f787-4ade-443a-8cd7-22935f345023@group-F488967C77B6: receive requestVote(PRE_VOTE, aa7921d1-8be5-430c-af0e-7b09d4ba500e, group-F488967C77B6, 0, (t:0, i:0))
2024-02-26 09:18:36,808 [grpc-default-executor-5] INFO  impl.VoteContext (VoteContext.java:log(49)) - b254f787-4ade-443a-8cd7-22935f345023@group-F488967C77B6-CANDIDATE: reject PRE_VOTE from aa7921d1-8be5-430c-af0e-7b09d4ba500e: our priority 1 > candidate's priority 0
2024-02-26 09:18:36,808 [grpc-default-executor-5] INFO  server.RaftServer$Division (RaftServerImpl.java:requestVote(1422)) - b254f787-4ade-443a-8cd7-22935f345023@group-F488967C77B6 replies to PRE_VOTE vote request: aa7921d1-8be5-430c-af0e-7b09d4ba500e<-b254f787-4ade-443a-8cd7-22935f345023#0:FAIL-t1. Peer's state: b254f787-4ade-443a-8cd7-22935f345023@group-F488967C77B6:t1, leader=null, voted=b254f787-4ade-443a-8cd7-22935f345023, raftlog=Memoized:b254f787-4ade-443a-8cd7-22935f345023@group-F488967C77B6-SegmentedRaftLog:OPENED:c-1, conf=-1: peers:[87e9945c-a125-4404-bbe2-61a5a4b10cf4|10.1.0.30:15086, b254f787-4ade-443a-8cd7-22935f345023|10.1.0.30:15068, aa7921d1-8be5-430c-af0e-7b09d4ba500e|10.1.0.30:15077]|listeners:[], old=null
2024-02-26 09:18:36,812 [grpc-default-executor-6] INFO  impl.RoleInfo (RoleInfo.java:updateAndGet(139)) - aa7921d1-8be5-430c-af0e-7b09d4ba500e: start aa7921d1-8be5-430c-af0e-7b09d4ba500e@group-F488967C77B6-FollowerState
2024-02-26 09:18:36,812 [87e9945c-a125-4404-bbe2-61a5a4b10cf4@group-F488967C77B6-FollowerState] INFO  impl.FollowerState (FollowerState.java:run(152)) - 87e9945c-a125-4404-bbe2-61a5a4b10cf4@group-F488967C77B6-FollowerState was interrupted
2024-02-26 09:18:36,812 [grpc-default-executor-0] INFO  impl.RoleInfo (RoleInfo.java:updateAndGet(139)) - 87e9945c-a125-4404-bbe2-61a5a4b10cf4: start 87e9945c-a125-4404-bbe2-61a5a4b10cf4@group-F488967C77B6-FollowerState
2024-02-26 09:18:36,812 [90984f07-37f5-40e1-bf66-3a8ca2321052@group-EE4D386C2EB3-LeaderElection23] INFO  server.RaftServerConfigKeys (ConfUtils.java:logGet(46)) - raft.server.log.appender.wait-time.min = 0μs (custom)
2024-02-26 09:18:36,812 [90984f07-37f5-40e1-bf66-3a8ca2321052@group-EE4D386C2EB3-LeaderElection23] INFO  grpc.GrpcConfigKeys (ConfUtils.java:logGet(46)) - raft.grpc.server.leader.outstanding.appends.max = 8 (default)
2024-02-26 09:18:36,812 [90984f07-37f5-40e1-bf66-3a8ca2321052@group-EE4D386C2EB3-LeaderElection23] INFO  server.RaftServerConfigKeys (ConfUtils.java:logGet(46)) - raft.server.rpc.request.timeout = 60s (custom)
2024-02-26 09:18:36,812 [90984f07-37f5-40e1-bf66-3a8ca2321052@group-EE4D386C2EB3-LeaderElection23] INFO  grpc.GrpcConfigKeys (ConfUtils.java:logGet(46)) - raft.grpc.server.install_snapshot.request.element-limit = 8 (default)
2024-02-26 09:18:36,812 [90984f07-37f5-40e1-bf66-3a8ca2321052@group-EE4D386C2EB3-LeaderElection23] INFO  grpc.GrpcConfigKeys (ConfUtils.java:logGet(46)) - raft.grpc.server.install_snapshot.request.timeout = 3000ms (default)
2024-02-26 09:18:36,812 [90984f07-37f5-40e1-bf66-3a8ca2321052@group-EE4D386C2EB3-LeaderElection23] INFO  grpc.GrpcConfigKeys (ConfUtils.java:logGet(46)) - raft.grpc.server.log-message.batch.duration = 5s (default)
2024-02-26 09:18:36,812 [90984f07-37f5-40e1-bf66-3a8ca2321052@group-EE4D386C2EB3-LeaderElection23] INFO  server.RaftServerConfigKeys (ConfUtils.java:logGet(46)) - raft.server.log.appender.install.snapshot.enabled = false (custom)
2024-02-26 09:18:36,812 [90984f07-37f5-40e1-bf66-3a8ca2321052@group-EE4D386C2EB3-LeaderElection23] INFO  grpc.GrpcConfigKeys (ConfUtils.java:logGet(46)) - raft.grpc.server.heartbeat.channel = true (default)
2024-02-26 09:18:36,812 [aa7921d1-8be5-430c-af0e-7b09d4ba500e@group-F488967C77B6-LeaderElection27] INFO  impl.LeaderElection (LeaderElection.java:logAndReturn(89)) - aa7921d1-8be5-430c-af0e-7b09d4ba500e@group-F488967C77B6-LeaderElection27: PRE_VOTE DISCOVERED_A_NEW_TERM (term=1) received 2 response(s) and 0 exception(s):
2024-02-26 09:18:36,813 [aa7921d1-8be5-430c-af0e-7b09d4ba500e@group-F488967C77B6-LeaderElection27] INFO  impl.LeaderElection (LeaderElection.java:logAndReturn(93)) -   Response 0: aa7921d1-8be5-430c-af0e-7b09d4ba500e<-87e9945c-a125-4404-bbe2-61a5a4b10cf4#0:OK-t0
2024-02-26 09:18:36,813 [aa7921d1-8be5-430c-af0e-7b09d4ba500e@group-F488967C77B6-LeaderElection27] INFO  impl.LeaderElection (LeaderElection.java:logAndReturn(93)) -   Response 1: aa7921d1-8be5-430c-af0e-7b09d4ba500e<-b254f787-4ade-443a-8cd7-22935f345023#0:FAIL-t1
2024-02-26 09:18:36,814 [grpc-default-executor-6] INFO  server.RaftServer$Division (RaftServerImpl.java:setFirstElection(574)) - aa7921d1-8be5-430c-af0e-7b09d4ba500e@group-F488967C77B6: set firstElectionSinceStartup to false for candidate:b254f787-4ade-443a-8cd7-22935f345023
2024-02-26 09:18:36,818 [grpc-default-executor-4] INFO  impl.VoteContext (VoteContext.java:log(49)) - 90984f07-37f5-40e1-bf66-3a8ca2321052@group-08F59056C036-FOLLOWER: accept PRE_VOTE from 4e76a5f4-598e-407f-bd79-992a553d1db1: our priority 0 <= candidate's priority 0
2024-02-26 09:18:36,818 [grpc-default-executor-4] INFO  server.RaftServer$Division (RaftServerImpl.java:requestVote(1422)) - 90984f07-37f5-40e1-bf66-3a8ca2321052@group-08F59056C036 replies to PRE_VOTE vote request: 4e76a5f4-598e-407f-bd79-992a553d1db1<-90984f07-37f5-40e1-bf66-3a8ca2321052#0:OK-t0. Peer's state: 90984f07-37f5-40e1-bf66-3a8ca2321052@group-08F59056C036:t0, leader=null, voted=, raftlog=Memoized:90984f07-37f5-40e1-bf66-3a8ca2321052@group-08F59056C036-SegmentedRaftLog:OPENED:c-1, conf=-1: peers:[4e76a5f4-598e-407f-bd79-992a553d1db1|10.1.0.30:15095, 90984f07-37f5-40e1-bf66-3a8ca2321052|10.1.0.30:15104, f4d7646f-0fb1-4da2-a8dc-21597b443f6f|10.1.0.30:15113]|listeners:[], old=null
2024-02-26 09:18:36,818 [90984f07-37f5-40e1-bf66-3a8ca2321052@group-EE4D386C2EB3-LeaderElection23] INFO  server.RaftServerConfigKeys (ConfUtils.java:logGet(46)) - raft.server.log.appender.snapshot.chunk.size.max = 16MB (=16777216) (default)
2024-02-26 09:18:36,818 [90984f07-37f5-40e1-bf66-3a8ca2321052@group-EE4D386C2EB3-LeaderElection23] INFO  server.RaftServerConfigKeys (ConfUtils.java:logGet(46)) - raft.server.log.appender.buffer.byte-limit = 8388608 (custom)
2024-02-26 09:18:36,819 [90984f07-37f5-40e1-bf66-3a8ca2321052@group-EE4D386C2EB3-LeaderElection23] INFO  server.RaftServerConfigKeys (ConfUtils.java:logGet(46)) - raft.server.log.appender.buffer.element-limit = 1 (custom)
2024-02-26 09:18:36,819 [90984f07-37f5-40e1-bf66-3a8ca2321052@group-EE4D386C2EB3-LeaderElection23] INFO  server.RaftServerConfigKeys (ConfUtils.java:logGet(46)) - raft.server.log.appender.wait-time.min = 0μs (custom)
2024-02-26 09:18:36,819 [90984f07-37f5-40e1-bf66-3a8ca2321052@group-EE4D386C2EB3-LeaderElection23] INFO  grpc.GrpcConfigKeys (ConfUtils.java:logGet(46)) - raft.grpc.server.leader.outstanding.appends.max = 8 (default)
2024-02-26 09:18:36,819 [90984f07-37f5-40e1-bf66-3a8ca2321052@group-EE4D386C2EB3-LeaderElection23] INFO  server.RaftServerConfigKeys (ConfUtils.java:logGet(46)) - raft.server.rpc.request.timeout = 60s (custom)
2024-02-26 09:18:36,818 [ca5f02e2-bc43-4498-b1f2-381f8abbb3f5@group-8A458A973B78-LeaderElection29] INFO  impl.LeaderElection (LeaderElection.java:askForVotes(321)) - ca5f02e2-bc43-4498-b1f2-381f8abbb3f5@group-8A458A973B78-LeaderElection29 PRE_VOTE round 0: submit vote requests at term 0 for -1: peers:[ca5f02e2-bc43-4498-b1f2-381f8abbb3f5|10.1.0.30:15131]|listeners:[], old=null
2024-02-26 09:18:36,814 [8b754925-a2c8-41f5-ba18-fc172404abb1@group-D99CC601FA38-LeaderElection26] INFO  server.RaftServer$Division (ServerState.java:setLeader(269)) - 8b754925-a2c8-41f5-ba18-fc172404abb1@group-D99CC601FA38: change Leader from null to 8b754925-a2c8-41f5-ba18-fc172404abb1 at term 1 for becomeLeader, leader elected after 5356ms
2024-02-26 09:18:36,820 [90984f07-37f5-40e1-bf66-3a8ca2321052@group-EE4D386C2EB3-LeaderElection23] INFO  grpc.GrpcConfigKeys (ConfUtils.java:logGet(46)) - raft.grpc.server.install_snapshot.request.element-limit = 8 (default)
2024-02-26 09:18:36,819 [grpc-default-executor-6] INFO  server.RaftServer$Division (RaftServerImpl.java:requestVote(1422)) - aa7921d1-8be5-430c-af0e-7b09d4ba500e@group-F488967C77B6 replies to ELECTION vote request: b254f787-4ade-443a-8cd7-22935f345023<-aa7921d1-8be5-430c-af0e-7b09d4ba500e#0:OK-t1. Peer's state: aa7921d1-8be5-430c-af0e-7b09d4ba500e@group-F488967C77B6:t1, leader=null, voted=b254f787-4ade-443a-8cd7-22935f345023, raftlog=Memoized:aa7921d1-8be5-430c-af0e-7b09d4ba500e@group-F488967C77B6-SegmentedRaftLog:OPENED:c-1, conf=-1: peers:[87e9945c-a125-4404-bbe2-61a5a4b10cf4|10.1.0.30:15086, b254f787-4ade-443a-8cd7-22935f345023|10.1.0.30:15068, aa7921d1-8be5-430c-af0e-7b09d4ba500e|10.1.0.30:15077]|listeners:[], old=null
2024-02-26 09:18:36,820 [ca5f02e2-bc43-4498-b1f2-381f8abbb3f5@group-8A458A973B78-LeaderElection29] INFO  impl.LeaderElection (LeaderElection.java:askForVotes(323)) - ca5f02e2-bc43-4498-b1f2-381f8abbb3f5@group-8A458A973B78-LeaderElection29 PRE_VOTE round 0: result PASSED (term=0)
2024-02-26 09:18:36,820 [8b754925-a2c8-41f5-ba18-fc172404abb1@group-D99CC601FA38-LeaderElection26] INFO  segmented.SegmentedRaftLogWorker (SegmentedRaftLogWorker.java:startLogSegment(430)) - 8b754925-a2c8-41f5-ba18-fc172404abb1@group-D99CC601FA38-SegmentedRaftLogWorker: Starting segment from index:0
2024-02-26 09:18:36,821 [b254f787-4ade-443a-8cd7-22935f345023@group-F488967C77B6-LeaderElection24] INFO  impl.LeaderElection (LeaderElection.java:logAndReturn(89)) - b254f787-4ade-443a-8cd7-22935f345023@group-F488967C77B6-LeaderElection24: ELECTION PASSED received 1 response(s) and 0 exception(s):
2024-02-26 09:18:36,821 [b254f787-4ade-443a-8cd7-22935f345023@group-F488967C77B6-LeaderElection24] INFO  impl.LeaderElection (LeaderElection.java:logAndReturn(93)) -   Response 0: b254f787-4ade-443a-8cd7-22935f345023<-aa7921d1-8be5-430c-af0e-7b09d4ba500e#0:OK-t1
2024-02-26 09:18:36,821 [8b754925-a2c8-41f5-ba18-fc172404abb1@group-D99CC601FA38-LeaderElection26] INFO  server.RaftServer$Division (ServerState.java:setRaftConf(386)) - 8b754925-a2c8-41f5-ba18-fc172404abb1@group-D99CC601FA38: set configuration 0: peers:[8b754925-a2c8-41f5-ba18-fc172404abb1|10.1.0.30:15122]|listeners:[], old=null
2024-02-26 09:18:36,821 [b254f787-4ade-443a-8cd7-22935f345023@group-F488967C77B6-LeaderElection24] INFO  impl.LeaderElection (LeaderElection.java:askForVotes(323)) - b254f787-4ade-443a-8cd7-22935f345023@group-F488967C77B6-LeaderElection24 ELECTION round 0: result PASSED
2024-02-26 09:18:36,821 [b254f787-4ade-443a-8cd7-22935f345023@group-F488967C77B6-LeaderElection24] INFO  impl.RoleInfo (RoleInfo.java:shutdownLeaderElection(130)) - b254f787-4ade-443a-8cd7-22935f345023: shutdown b254f787-4ade-443a-8cd7-22935f345023@group-F488967C77B6-LeaderElection24
2024-02-26 09:18:36,821 [b254f787-4ade-443a-8cd7-22935f345023@group-F488967C77B6-LeaderElection24] INFO  server.RaftServer$Division (RaftServerImpl.java:setRole(383)) - b254f787-4ade-443a-8cd7-22935f345023@group-F488967C77B6: changes role from CANDIDATE to LEADER at term 1 for changeToLeader
2024-02-26 09:18:36,821 [b254f787-4ade-443a-8cd7-22935f345023@group-F488967C77B6-LeaderElection24] INFO  server.RaftServerConfigKeys (ConfUtils.java:logGet(46)) - raft.server.staging.catchup.gap = 1000 (default)
2024-02-26 09:18:36,821 [8b754925-a2c8-41f5-ba18-fc172404abb1@group-D99CC601FA38-SegmentedRaftLogWorker] INFO  segmented.BufferedWriteChannel (BufferedWriteChannel.java:open(62)) - open log_inprogress_0 at position 0
2024-02-26 09:18:36,822 [ca5f02e2-bc43-4498-b1f2-381f8abbb3f5@group-8A458A973B78-LeaderElection29] INFO  impl.LeaderElection (LeaderElection.java:askForVotes(321)) - ca5f02e2-bc43-4498-b1f2-381f8abbb3f5@group-8A458A973B78-LeaderElection29 ELECTION round 0: submit vote requests at term 1 for -1: peers:[ca5f02e2-bc43-4498-b1f2-381f8abbb3f5|10.1.0.30:15131]|listeners:[], old=null
2024-02-26 09:18:36,823 [ca5f02e2-bc43-4498-b1f2-381f8abbb3f5@group-8A458A973B78-LeaderElection29] INFO  impl.LeaderElection (LeaderElection.java:askForVotes(323)) - ca5f02e2-bc43-4498-b1f2-381f8abbb3f5@group-8A458A973B78-LeaderElection29 ELECTION round 0: result PASSED (term=1)
2024-02-26 09:18:36,823 [ca5f02e2-bc43-4498-b1f2-381f8abbb3f5@group-8A458A973B78-LeaderElection29] INFO  impl.RoleInfo (RoleInfo.java:shutdownLeaderElection(130)) - ca5f02e2-bc43-4498-b1f2-381f8abbb3f5: shutdown ca5f02e2-bc43-4498-b1f2-381f8abbb3f5@group-8A458A973B78-LeaderElection29
2024-02-26 09:18:36,823 [ca5f02e2-bc43-4498-b1f2-381f8abbb3f5@group-8A458A973B78-LeaderElection29] INFO  server.RaftServer$Division (RaftServerImpl.java:setRole(383)) - ca5f02e2-bc43-4498-b1f2-381f8abbb3f5@group-8A458A973B78: changes role from CANDIDATE to LEADER at term 1 for changeToLeader
2024-02-26 09:18:36,824 [ca5f02e2-bc43-4498-b1f2-381f8abbb3f5@group-8A458A973B78-LeaderElection29] INFO  server.RaftServerConfigKeys (ConfUtils.java:logGet(46)) - raft.server.staging.catchup.gap = 1000 (default)
2024-02-26 09:18:36,824 [f4d7646f-0fb1-4da2-a8dc-21597b443f6f@group-08F59056C036-LeaderElection25] INFO  impl.LeaderElection (LeaderElection.java:logAndReturn(89)) - f4d7646f-0fb1-4da2-a8dc-21597b443f6f@group-08F59056C036-LeaderElection25: PRE_VOTE PASSED received 1 response(s) and 0 exception(s):
2024-02-26 09:18:36,824 [90984f07-37f5-40e1-bf66-3a8ca2321052@group-EE4D386C2EB3-LeaderElection23] INFO  grpc.GrpcConfigKeys (ConfUtils.java:logGet(46)) - raft.grpc.server.install_snapshot.request.timeout = 3000ms (default)
2024-02-26 09:18:36,824 [90984f07-37f5-40e1-bf66-3a8ca2321052@group-EE4D386C2EB3-LeaderElection23] INFO  grpc.GrpcConfigKeys (ConfUtils.java:logGet(46)) - raft.grpc.server.log-message.batch.duration = 5s (default)
2024-02-26 09:18:36,824 [90984f07-37f5-40e1-bf66-3a8ca2321052@group-EE4D386C2EB3-LeaderElection23] INFO  server.RaftServerConfigKeys (ConfUtils.java:logGet(46)) - raft.server.log.appender.install.snapshot.enabled = false (custom)
2024-02-26 09:18:36,824 [90984f07-37f5-40e1-bf66-3a8ca2321052@group-EE4D386C2EB3-LeaderElection23] INFO  grpc.GrpcConfigKeys (ConfUtils.java:logGet(46)) - raft.grpc.server.heartbeat.channel = true (default)
2024-02-26 09:18:36,825 [90984f07-37f5-40e1-bf66-3a8ca2321052@group-EE4D386C2EB3-LeaderElection23] INFO  impl.RoleInfo (RoleInfo.java:updateAndGet(139)) - 90984f07-37f5-40e1-bf66-3a8ca2321052: start 90984f07-37f5-40e1-bf66-3a8ca2321052@group-EE4D386C2EB3-LeaderStateImpl
2024-02-26 09:18:36,825 [90984f07-37f5-40e1-bf66-3a8ca2321052@group-EE4D386C2EB3-LeaderElection23] INFO  server.RaftServer$Division (RaftServerImpl.java:setFirstElection(574)) - 90984f07-37f5-40e1-bf66-3a8ca2321052@group-EE4D386C2EB3: set firstElectionSinceStartup to false for becomeLeader
2024-02-26 09:18:36,825 [90984f07-37f5-40e1-bf66-3a8ca2321052@group-EE4D386C2EB3-LeaderElection23] INFO  ratis.XceiverServerRatis (XceiverServerRatis.java:handleLeaderChangedNotification(966)) - Leader change notification received for group: group-EE4D386C2EB3 with new leaderId: 90984f07-37f5-40e1-bf66-3a8ca2321052
2024-02-26 09:18:36,825 [f4d7646f-0fb1-4da2-a8dc-21597b443f6f@group-08F59056C036-LeaderElection25] INFO  impl.LeaderElection (LeaderElection.java:logAndReturn(93)) -   Response 0: f4d7646f-0fb1-4da2-a8dc-21597b443f6f<-90984f07-37f5-40e1-bf66-3a8ca2321052#0:OK-t0
2024-02-26 09:18:36,826 [ca5f02e2-bc43-4498-b1f2-381f8abbb3f5@group-8A458A973B78-LeaderElection29] INFO  server.RaftServerConfigKeys (ConfUtils.java:logGet(46)) - raft.server.write.element-limit = 1024 (custom)
2024-02-26 09:18:36,826 [ca5f02e2-bc43-4498-b1f2-381f8abbb3f5@group-8A458A973B78-LeaderElection29] INFO  server.RaftServerConfigKeys (ConfUtils.java:logGet(46)) - raft.server.write.byte-limit = 1024 M (=1073741824) (custom)
2024-02-26 09:18:36,827 [ca5f02e2-bc43-4498-b1f2-381f8abbb3f5@group-8A458A973B78-LeaderElection29] INFO  server.RaftServerConfigKeys (ConfUtils.java:logGet(46)) - raft.server.watch.timeout = 180s (custom)
2024-02-26 09:18:36,827 [4e76a5f4-598e-407f-bd79-992a553d1db1@group-08F59056C036-LeaderElection28] INFO  impl.LeaderElection (LeaderElection.java:logAndReturn(89)) - 4e76a5f4-598e-407f-bd79-992a553d1db1@group-08F59056C036-LeaderElection28: PRE_VOTE REJECTED received 1 response(s) and 0 exception(s):
2024-02-26 09:18:36,827 [4e76a5f4-598e-407f-bd79-992a553d1db1@group-08F59056C036-LeaderElection28] INFO  impl.LeaderElection (LeaderElection.java:logAndReturn(93)) -   Response 0: 4e76a5f4-598e-407f-bd79-992a553d1db1<-f4d7646f-0fb1-4da2-a8dc-21597b443f6f#0:FAIL-t0
2024-02-26 09:18:36,827 [aa7921d1-8be5-430c-af0e-7b09d4ba500e@group-F488967C77B6-LeaderElection27] INFO  impl.LeaderElection (LeaderElection.java:askForVotes(323)) - aa7921d1-8be5-430c-af0e-7b09d4ba500e@group-F488967C77B6-LeaderElection27 PRE_VOTE round 0: result DISCOVERED_A_NEW_TERM (term=1)
2024-02-26 09:18:36,828 [ca5f02e2-bc43-4498-b1f2-381f8abbb3f5@group-8A458A973B78-LeaderElection29] INFO  server.RaftServerConfigKeys (ConfUtils.java:logGet(46)) - raft.server.watch.timeout.denomination = 1s (default)
2024-02-26 09:18:36,828 [ca5f02e2-bc43-4498-b1f2-381f8abbb3f5@group-8A458A973B78-LeaderElection29] INFO  server.RaftServerConfigKeys (ConfUtils.java:logGet(46)) - raft.server.watch.element-limit = 65536 (default)
2024-02-26 09:18:36,828 [f4d7646f-0fb1-4da2-a8dc-21597b443f6f@group-08F59056C036-LeaderElection25] INFO  impl.LeaderElection (LeaderElection.java:askForVotes(323)) - f4d7646f-0fb1-4da2-a8dc-21597b443f6f@group-08F59056C036-LeaderElection25 PRE_VOTE round 0: result PASSED
2024-02-26 09:18:36,830 [b254f787-4ade-443a-8cd7-22935f345023@group-F488967C77B6-LeaderElection24] INFO  server.RaftServerConfigKeys (ConfUtils.java:logGet(46)) - raft.server.write.element-limit = 1024 (custom)
2024-02-26 09:18:36,830 [b254f787-4ade-443a-8cd7-22935f345023@group-F488967C77B6-LeaderElection24] INFO  server.RaftServerConfigKeys (ConfUtils.java:logGet(46)) - raft.server.write.byte-limit = 1024 M (=1073741824) (custom)
2024-02-26 09:18:36,830 [90984f07-37f5-40e1-bf66-3a8ca2321052@group-EE4D386C2EB3-LeaderElection23] INFO  server.RaftServer$Division (ServerState.java:setLeader(269)) - 90984f07-37f5-40e1-bf66-3a8ca2321052@group-EE4D386C2EB3: change Leader from null to 90984f07-37f5-40e1-bf66-3a8ca2321052 at term 1 for becomeLeader, leader elected after 5478ms
2024-02-26 09:18:36,831 [90984f07-37f5-40e1-bf66-3a8ca2321052@group-EE4D386C2EB3-LeaderElection23] INFO  segmented.SegmentedRaftLogWorker (SegmentedRaftLogWorker.java:startLogSegment(430)) - 90984f07-37f5-40e1-bf66-3a8ca2321052@group-EE4D386C2EB3-SegmentedRaftLogWorker: Starting segment from index:0
2024-02-26 09:18:36,831 [8b754925-a2c8-41f5-ba18-fc172404abb1@group-D99CC601FA38-SegmentedRaftLogWorker] INFO  segmented.SegmentedRaftLogWorker (SegmentedRaftLogWorker.java:execute(634)) - 8b754925-a2c8-41f5-ba18-fc172404abb1@group-D99CC601FA38-SegmentedRaftLogWorker: created new log segment /home/runner/work/ozone/ozone/hadoop-ozone/integration-test/target/test-dir/MiniOzoneClusterImpl-0d79f430-b8c0-477e-97b7-98e50d733022/ozone-meta/datanode-13/ratis/b6300412-caf1-4a58-9338-d99cc601fa38/current/log_inprogress_0
2024-02-26 09:18:36,831 [90984f07-37f5-40e1-bf66-3a8ca2321052@group-EE4D386C2EB3-LeaderElection23] INFO  server.RaftServer$Division (ServerState.java:setRaftConf(386)) - 90984f07-37f5-40e1-bf66-3a8ca2321052@group-EE4D386C2EB3: set configuration 0: peers:[4e76a5f4-598e-407f-bd79-992a553d1db1|10.1.0.30:15095, 90984f07-37f5-40e1-bf66-3a8ca2321052|10.1.0.30:15104, f4d7646f-0fb1-4da2-a8dc-21597b443f6f|10.1.0.30:15113]|listeners:[], old=null
2024-02-26 09:18:36,831 [EventQueue-PipelineReportForPipelineReportHandler] INFO  pipeline.PipelineReportHandler (PipelineReportHandler.java:processPipelineReport(136)) - Opened pipeline PipelineID=b301387e-7f34-403e-9476-ee4d386c2eb3
2024-02-26 09:18:36,832 [ca5f02e2-bc43-4498-b1f2-381f8abbb3f5@group-8A458A973B78-LeaderElection29] INFO  server.RaftServerConfigKeys (ConfUtils.java:logGet(46)) - raft.server.read.leader.lease.enabled = false (default)
2024-02-26 09:18:36,832 [ca5f02e2-bc43-4498-b1f2-381f8abbb3f5@group-8A458A973B78-LeaderElection29] INFO  server.RaftServerConfigKeys (ConfUtils.java:logGet(46)) - raft.server.read.leader.lease.timeout.ratio = 0.9 (default)
2024-02-26 09:18:36,832 [ca5f02e2-bc43-4498-b1f2-381f8abbb3f5@group-8A458A973B78-LeaderElection29] INFO  server.RaftServerConfigKeys (ConfUtils.java:logGet(46)) - raft.server.rpc.timeout.min = 5s (custom)
2024-02-26 09:18:36,832 [ca5f02e2-bc43-4498-b1f2-381f8abbb3f5@group-8A458A973B78-LeaderElection29] INFO  server.RaftServerConfigKeys (ConfUtils.java:logGet(46)) - raft.server.write.element-limit = 1024 (custom)
2024-02-26 09:18:36,832 [b254f787-4ade-443a-8cd7-22935f345023@group-F488967C77B6-LeaderElection24] INFO  server.RaftServerConfigKeys (ConfUtils.java:logGet(46)) - raft.server.watch.timeout = 180s (custom)
2024-02-26 09:18:36,832 [b254f787-4ade-443a-8cd7-22935f345023@group-F488967C77B6-LeaderElection24] INFO  server.RaftServerConfigKeys (ConfUtils.java:logGet(46)) - raft.server.watch.timeout.denomination = 1s (default)
2024-02-26 09:18:36,832 [b254f787-4ade-443a-8cd7-22935f345023@group-F488967C77B6-LeaderElection24] INFO  server.RaftServerConfigKeys (ConfUtils.java:logGet(46)) - raft.server.watch.element-limit = 65536 (default)
2024-02-26 09:18:36,832 [b254f787-4ade-443a-8cd7-22935f345023@group-F488967C77B6-LeaderElection24] INFO  server.RaftServerConfigKeys (ConfUtils.java:logGet(46)) - raft.server.read.leader.lease.enabled = false (default)
2024-02-26 09:18:36,832 [b254f787-4ade-443a-8cd7-22935f345023@group-F488967C77B6-LeaderElection24] INFO  server.RaftServerConfigKeys (ConfUtils.java:logGet(46)) - raft.server.read.leader.lease.timeout.ratio = 0.9 (default)
2024-02-26 09:18:36,832 [b254f787-4ade-443a-8cd7-22935f345023@group-F488967C77B6-LeaderElection24] INFO  server.RaftServerConfigKeys (ConfUtils.java:logGet(46)) - raft.server.rpc.timeout.min = 5s (custom)
2024-02-26 09:18:36,832 [b254f787-4ade-443a-8cd7-22935f345023@group-F488967C77B6-LeaderElection24] INFO  server.RaftServerConfigKeys (ConfUtils.java:logGet(46)) - raft.server.write.element-limit = 1024 (custom)
2024-02-26 09:18:36,832 [b254f787-4ade-443a-8cd7-22935f345023@group-F488967C77B6-LeaderElection24] INFO  server.RaftServerConfigKeys (ConfUtils.java:logGet(46)) - raft.server.write.follower.gap.ratio.max = -1.0 (default)
2024-02-26 09:18:36,833 [b254f787-4ade-443a-8cd7-22935f345023@group-F488967C77B6-LeaderElection24] INFO  server.RaftServerConfigKeys (ConfUtils.java:logGet(46)) - raft.server.log.appender.snapshot.chunk.size.max = 16MB (=16777216) (default)
2024-02-26 09:18:36,833 [b254f787-4ade-443a-8cd7-22935f345023@group-F488967C77B6-LeaderElection24] INFO  server.RaftServerConfigKeys (ConfUtils.java:logGet(46)) - raft.server.log.appender.buffer.byte-limit = 8388608 (custom)
2024-02-26 09:18:36,833 [b254f787-4ade-443a-8cd7-22935f345023@group-F488967C77B6-LeaderElection24] INFO  server.RaftServerConfigKeys (ConfUtils.java:logGet(46)) - raft.server.log.appender.buffer.element-limit = 1 (custom)
2024-02-26 09:18:36,833 [90984f07-37f5-40e1-bf66-3a8ca2321052@group-EE4D386C2EB3-SegmentedRaftLogWorker] INFO  segmented.BufferedWriteChannel (BufferedWriteChannel.java:open(62)) - open log_inprogress_0 at position 0
2024-02-26 09:18:36,828 [4e76a5f4-598e-407f-bd79-992a553d1db1@group-08F59056C036-LeaderElection28] INFO  impl.LeaderElection (LeaderElection.java:askForVotes(323)) - 4e76a5f4-598e-407f-bd79-992a553d1db1@group-08F59056C036-LeaderElection28 PRE_VOTE round 0: result REJECTED
2024-02-26 09:18:36,828 [grpc-default-executor-0] INFO  server.RaftServer$Division (RaftServerImpl.java:setFirstElection(574)) - 87e9945c-a125-4404-bbe2-61a5a4b10cf4@group-F488967C77B6: set firstElectionSinceStartup to false for candidate:b254f787-4ade-443a-8cd7-22935f345023
2024-02-26 09:18:36,841 [4e76a5f4-598e-407f-bd79-992a553d1db1@group-08F59056C036-LeaderElection28] INFO  server.RaftServer$Division (RaftServerImpl.java:setRole(383)) - 4e76a5f4-598e-407f-bd79-992a553d1db1@group-08F59056C036: changes role from CANDIDATE to FOLLOWER at term 0 for REJECTED
2024-02-26 09:18:36,842 [4e76a5f4-598e-407f-bd79-992a553d1db1@group-08F59056C036-LeaderElection28] INFO  impl.RoleInfo (RoleInfo.java:shutdownLeaderElection(130)) - 4e76a5f4-598e-407f-bd79-992a553d1db1: shutdown 4e76a5f4-598e-407f-bd79-992a553d1db1@group-08F59056C036-LeaderElection28
2024-02-26 09:18:36,842 [4e76a5f4-598e-407f-bd79-992a553d1db1@group-08F59056C036-LeaderElection28] INFO  impl.RoleInfo (RoleInfo.java:updateAndGet(139)) - 4e76a5f4-598e-407f-bd79-992a553d1db1: start 4e76a5f4-598e-407f-bd79-992a553d1db1@group-08F59056C036-FollowerState
2024-02-26 09:18:36,833 [f4d7646f-0fb1-4da2-a8dc-21597b443f6f@group-08F59056C036-LeaderElection25] INFO  impl.LeaderElection (LeaderElection.java:askForVotes(321)) - f4d7646f-0fb1-4da2-a8dc-21597b443f6f@group-08F59056C036-LeaderElection25 ELECTION round 0: submit vote requests at term 1 for -1: peers:[4e76a5f4-598e-407f-bd79-992a553d1db1|10.1.0.30:15095, 90984f07-37f5-40e1-bf66-3a8ca2321052|10.1.0.30:15104, f4d7646f-0fb1-4da2-a8dc-21597b443f6f|10.1.0.30:15113]|listeners:[], old=null
2024-02-26 09:18:36,832 [ca5f02e2-bc43-4498-b1f2-381f8abbb3f5@group-8A458A973B78-LeaderElection29] INFO  server.RaftServerConfigKeys (ConfUtils.java:logGet(46)) - raft.server.write.follower.gap.ratio.max = -1.0 (default)
2024-02-26 09:18:36,842 [ca5f02e2-bc43-4498-b1f2-381f8abbb3f5@group-8A458A973B78-LeaderElection29] INFO  impl.RoleInfo (RoleInfo.java:updateAndGet(139)) - ca5f02e2-bc43-4498-b1f2-381f8abbb3f5: start ca5f02e2-bc43-4498-b1f2-381f8abbb3f5@group-8A458A973B78-LeaderStateImpl
2024-02-26 09:18:36,842 [ca5f02e2-bc43-4498-b1f2-381f8abbb3f5@group-8A458A973B78-LeaderElection29] INFO  server.RaftServer$Division (RaftServerImpl.java:setFirstElection(574)) - ca5f02e2-bc43-4498-b1f2-381f8abbb3f5@group-8A458A973B78: set firstElectionSinceStartup to false for becomeLeader
2024-02-26 09:18:36,842 [ca5f02e2-bc43-4498-b1f2-381f8abbb3f5@group-8A458A973B78-LeaderElection29] INFO  ratis.XceiverServerRatis (XceiverServerRatis.java:handleLeaderChangedNotification(966)) - Leader change notification received for group: group-8A458A973B78 with new leaderId: ca5f02e2-bc43-4498-b1f2-381f8abbb3f5
2024-02-26 09:18:36,843 [4e76a5f4-598e-407f-bd79-992a553d1db1@group-08F59056C036-LeaderElection28] INFO  server.RaftServer$Division (RaftServerImpl.java:setFirstElection(574)) - 4e76a5f4-598e-407f-bd79-992a553d1db1@group-08F59056C036: set firstElectionSinceStartup to false for REJECTED
2024-02-26 09:18:36,843 [90984f07-37f5-40e1-bf66-3a8ca2321052@group-08F59056C036-FollowerState] INFO  server.RaftServerConfigKeys (ConfUtils.java:logFallback(53)) - raft.server.rpc.first-election.timeout.min = 5s (fallback to raft.server.rpc.timeout.min)
2024-02-26 09:18:36,843 [90984f07-37f5-40e1-bf66-3a8ca2321052@group-08F59056C036-FollowerState] INFO  server.RaftServerConfigKeys (ConfUtils.java:logFallback(53)) - raft.server.rpc.first-election.timeout.max = 5200ms (fallback to raft.server.rpc.timeout.max)
2024-02-26 09:18:36,843 [b254f787-4ade-443a-8cd7-22935f345023@group-F488967C77B6-LeaderElection24] INFO  server.RaftServerConfigKeys (ConfUtils.java:logGet(46)) - raft.server.log.appender.wait-time.min = 0μs (custom)
2024-02-26 09:18:36,844 [b254f787-4ade-443a-8cd7-22935f345023@group-F488967C77B6-LeaderElection24] INFO  grpc.GrpcConfigKeys (ConfUtils.java:logGet(46)) - raft.grpc.server.leader.outstanding.appends.max = 8 (default)
2024-02-26 09:18:36,844 [b254f787-4ade-443a-8cd7-22935f345023@group-F488967C77B6-LeaderElection24] INFO  server.RaftServerConfigKeys (ConfUtils.java:logGet(46)) - raft.server.rpc.request.timeout = 60s (custom)
2024-02-26 09:18:36,844 [b254f787-4ade-443a-8cd7-22935f345023@group-F488967C77B6-LeaderElection24] INFO  grpc.GrpcConfigKeys (ConfUtils.java:logGet(46)) - raft.grpc.server.install_snapshot.request.element-limit = 8 (default)
2024-02-26 09:18:36,844 [b254f787-4ade-443a-8cd7-22935f345023@group-F488967C77B6-LeaderElection24] INFO  grpc.GrpcConfigKeys (ConfUtils.java:logGet(46)) - raft.grpc.server.install_snapshot.request.timeout = 3000ms (default)
2024-02-26 09:18:36,844 [b254f787-4ade-443a-8cd7-22935f345023@group-F488967C77B6-LeaderElection24] INFO  grpc.GrpcConfigKeys (ConfUtils.java:logGet(46)) - raft.grpc.server.log-message.batch.duration = 5s (default)
2024-02-26 09:18:36,844 [b254f787-4ade-443a-8cd7-22935f345023@group-F488967C77B6-LeaderElection24] INFO  server.RaftServerConfigKeys (ConfUtils.java:logGet(46)) - raft.server.log.appender.install.snapshot.enabled = false (custom)
2024-02-26 09:18:36,844 [b254f787-4ade-443a-8cd7-22935f345023@group-F488967C77B6-LeaderElection24] INFO  grpc.GrpcConfigKeys (ConfUtils.java:logGet(46)) - raft.grpc.server.heartbeat.channel = true (default)
2024-02-26 09:18:36,845 [grpc-default-executor-0] INFO  server.RaftServer$Division (RaftServerImpl.java:requestVote(1422)) - 87e9945c-a125-4404-bbe2-61a5a4b10cf4@group-F488967C77B6 replies to ELECTION vote request: b254f787-4ade-443a-8cd7-22935f345023<-87e9945c-a125-4404-bbe2-61a5a4b10cf4#0:OK-t1. Peer's state: 87e9945c-a125-4404-bbe2-61a5a4b10cf4@group-F488967C77B6:t1, leader=null, voted=b254f787-4ade-443a-8cd7-22935f345023, raftlog=Memoized:87e9945c-a125-4404-bbe2-61a5a4b10cf4@group-F488967C77B6-SegmentedRaftLog:OPENED:c-1, conf=-1: peers:[87e9945c-a125-4404-bbe2-61a5a4b10cf4|10.1.0.30:15086, b254f787-4ade-443a-8cd7-22935f345023|10.1.0.30:15068, aa7921d1-8be5-430c-af0e-7b09d4ba500e|10.1.0.30:15077]|listeners:[], old=null
2024-02-26 09:18:36,853 [90984f07-37f5-40e1-bf66-3a8ca2321052@group-EE4D386C2EB3-SegmentedRaftLogWorker] INFO  segmented.SegmentedRaftLogWorker (SegmentedRaftLogWorker.java:execute(634)) - 90984f07-37f5-40e1-bf66-3a8ca2321052@group-EE4D386C2EB3-SegmentedRaftLogWorker: created new log segment /home/runner/work/ozone/ozone/hadoop-ozone/integration-test/target/test-dir/MiniOzoneClusterImpl-0d79f430-b8c0-477e-97b7-98e50d733022/ozone-meta/datanode-11/ratis/b301387e-7f34-403e-9476-ee4d386c2eb3/current/log_inprogress_0
2024-02-26 09:18:36,858 [grpc-default-executor-4] INFO  server.RaftServer$Division (RaftServerImpl.java:requestVote(1389)) - 90984f07-37f5-40e1-bf66-3a8ca2321052@group-08F59056C036: receive requestVote(ELECTION, f4d7646f-0fb1-4da2-a8dc-21597b443f6f, group-08F59056C036, 1, (t:0, i:0))
2024-02-26 09:18:36,858 [8b754925-a2c8-41f5-ba18-fc172404abb1@group-D99CC601FA38-StateMachineUpdater] INFO  server.RaftServer$Division (LeaderStateImpl.java:isApplied(320)) - leader is ready since appliedIndex == 0 >= startIndex == 0
2024-02-26 09:18:36,848 [4e76a5f4-598e-407f-bd79-992a553d1db1-server-thread1] INFO  ratis.XceiverServerRatis (XceiverServerRatis.java:handleLeaderChangedNotification(966)) - Leader change notification received for group: group-EE4D386C2EB3 with new leaderId: 90984f07-37f5-40e1-bf66-3a8ca2321052
2024-02-26 09:18:36,846 [f4d7646f-0fb1-4da2-a8dc-21597b443f6f@group-08F59056C036-LeaderElection25] INFO  server.RaftServerConfigKeys (ConfUtils.java:logFallback(53)) - raft.server.rpc.first-election.timeout.min = 5s (fallback to raft.server.rpc.timeout.min)
2024-02-26 09:18:36,861 [f4d7646f-0fb1-4da2-a8dc-21597b443f6f@group-08F59056C036-LeaderElection25] INFO  server.RaftServerConfigKeys (ConfUtils.java:logFallback(53)) - raft.server.rpc.first-election.timeout.max = 5200ms (fallback to raft.server.rpc.timeout.max)
2024-02-26 09:18:36,846 [ca5f02e2-bc43-4498-b1f2-381f8abbb3f5@group-8A458A973B78-LeaderElection29] INFO  server.RaftServer$Division (ServerState.java:setLeader(269)) - ca5f02e2-bc43-4498-b1f2-381f8abbb3f5@group-8A458A973B78: change Leader from null to ca5f02e2-bc43-4498-b1f2-381f8abbb3f5 at term 1 for becomeLeader, leader elected after 5279ms
2024-02-26 09:18:36,861 [ca5f02e2-bc43-4498-b1f2-381f8abbb3f5@group-8A458A973B78-LeaderElection29] INFO  segmented.SegmentedRaftLogWorker (SegmentedRaftLogWorker.java:startLogSegment(430)) - ca5f02e2-bc43-4498-b1f2-381f8abbb3f5@group-8A458A973B78-SegmentedRaftLogWorker: Starting segment from index:0
2024-02-26 09:18:36,862 [ca5f02e2-bc43-4498-b1f2-381f8abbb3f5@group-8A458A973B78-LeaderElection29] INFO  server.RaftServer$Division (ServerState.java:setRaftConf(386)) - ca5f02e2-bc43-4498-b1f2-381f8abbb3f5@group-8A458A973B78: set configuration 0: peers:[ca5f02e2-bc43-4498-b1f2-381f8abbb3f5|10.1.0.30:15131]|listeners:[], old=null
2024-02-26 09:18:36,861 [f4d7646f-0fb1-4da2-a8dc-21597b443f6f-server-thread1] INFO  ratis.XceiverServerRatis (XceiverServerRatis.java:handleLeaderChangedNotification(966)) - Leader change notification received for group: group-EE4D386C2EB3 with new leaderId: 90984f07-37f5-40e1-bf66-3a8ca2321052
2024-02-26 09:18:36,861 [4e76a5f4-598e-407f-bd79-992a553d1db1-server-thread1] INFO  server.RaftServer$Division (ServerState.java:setLeader(269)) - 4e76a5f4-598e-407f-bd79-992a553d1db1@group-EE4D386C2EB3: change Leader from null to 90984f07-37f5-40e1-bf66-3a8ca2321052 at term 1 for appendEntries, leader elected after 5530ms
2024-02-26 09:18:36,861 [grpc-default-executor-2] INFO  server.RaftServer$Division (RaftServerImpl.java:requestVote(1389)) - 4e76a5f4-598e-407f-bd79-992a553d1db1@group-08F59056C036: receive requestVote(ELECTION, f4d7646f-0fb1-4da2-a8dc-21597b443f6f, group-08F59056C036, 1, (t:0, i:0))
2024-02-26 09:18:36,862 [grpc-default-executor-2] INFO  impl.VoteContext (VoteContext.java:log(49)) - 4e76a5f4-598e-407f-bd79-992a553d1db1@group-08F59056C036-FOLLOWER: accept ELECTION from f4d7646f-0fb1-4da2-a8dc-21597b443f6f: our priority 0 <= candidate's priority 1
2024-02-26 09:18:36,862 [grpc-default-executor-2] INFO  server.RaftServer$Division (RaftServerImpl.java:setRole(383)) - 4e76a5f4-598e-407f-bd79-992a553d1db1@group-08F59056C036: changes role from  FOLLOWER to FOLLOWER at term 1 for candidate:f4d7646f-0fb1-4da2-a8dc-21597b443f6f
2024-02-26 09:18:36,863 [grpc-default-executor-2] INFO  impl.RoleInfo (RoleInfo.java:shutdownFollowerState(110)) - 4e76a5f4-598e-407f-bd79-992a553d1db1: shutdown 4e76a5f4-598e-407f-bd79-992a553d1db1@group-08F59056C036-FollowerState
2024-02-26 09:18:36,860 [b254f787-4ade-443a-8cd7-22935f345023@group-F488967C77B6-LeaderElection24] INFO  server.RaftServerConfigKeys (ConfUtils.java:logGet(46)) - raft.server.log.appender.snapshot.chunk.size.max = 16MB (=16777216) (default)
2024-02-26 09:18:36,863 [b254f787-4ade-443a-8cd7-22935f345023@group-F488967C77B6-LeaderElection24] INFO  server.RaftServerConfigKeys (ConfUtils.java:logGet(46)) - raft.server.log.appender.buffer.byte-limit = 8388608 (custom)
2024-02-26 09:18:36,863 [b254f787-4ade-443a-8cd7-22935f345023@group-F488967C77B6-LeaderElection24] INFO  server.RaftServerConfigKeys (ConfUtils.java:logGet(46)) - raft.server.log.appender.buffer.element-limit = 1 (custom)
2024-02-26 09:18:36,858 [grpc-default-executor-4] INFO  impl.VoteContext (VoteContext.java:log(49)) - 90984f07-37f5-40e1-bf66-3a8ca2321052@group-08F59056C036-FOLLOWER: accept ELECTION from f4d7646f-0fb1-4da2-a8dc-21597b443f6f: our priority 0 <= candidate's priority 1
2024-02-26 09:18:36,863 [grpc-default-executor-4] INFO  server.RaftServer$Division (RaftServerImpl.java:setRole(383)) - 90984f07-37f5-40e1-bf66-3a8ca2321052@group-08F59056C036: changes role from  FOLLOWER to FOLLOWER at term 1 for candidate:f4d7646f-0fb1-4da2-a8dc-21597b443f6f
2024-02-26 09:18:36,863 [grpc-default-executor-4] INFO  impl.RoleInfo (RoleInfo.java:shutdownFollowerState(110)) - 90984f07-37f5-40e1-bf66-3a8ca2321052: shutdown 90984f07-37f5-40e1-bf66-3a8ca2321052@group-08F59056C036-FollowerState
2024-02-26 09:18:36,862 [ca5f02e2-bc43-4498-b1f2-381f8abbb3f5@group-8A458A973B78-SegmentedRaftLogWorker] INFO  segmented.BufferedWriteChannel (BufferedWriteChannel.java:open(62)) - open log_inprogress_0 at position 0
2024-02-26 09:18:36,863 [4e76a5f4-598e-407f-bd79-992a553d1db1-server-thread2] INFO  server.RaftServer$Division (ServerState.java:setRaftConf(386)) - 4e76a5f4-598e-407f-bd79-992a553d1db1@group-EE4D386C2EB3: set configuration 0: peers:[4e76a5f4-598e-407f-bd79-992a553d1db1|10.1.0.30:15095, 90984f07-37f5-40e1-bf66-3a8ca2321052|10.1.0.30:15104, f4d7646f-0fb1-4da2-a8dc-21597b443f6f|10.1.0.30:15113]|listeners:[], old=null
2024-02-26 09:18:36,863 [4e76a5f4-598e-407f-bd79-992a553d1db1-server-thread2] INFO  segmented.SegmentedRaftLogWorker (SegmentedRaftLogWorker.java:startLogSegment(430)) - 4e76a5f4-598e-407f-bd79-992a553d1db1@group-EE4D386C2EB3-SegmentedRaftLogWorker: Starting segment from index:0
2024-02-26 09:18:36,864 [f4d7646f-0fb1-4da2-a8dc-21597b443f6f-server-thread1] INFO  server.RaftServer$Division (ServerState.java:setLeader(269)) - f4d7646f-0fb1-4da2-a8dc-21597b443f6f@group-EE4D386C2EB3: change Leader from null to 90984f07-37f5-40e1-bf66-3a8ca2321052 at term 1 for appendEntries, leader elected after 5359ms
2024-02-26 09:18:36,864 [f4d7646f-0fb1-4da2-a8dc-21597b443f6f-server-thread2] INFO  server.RaftServer$Division (ServerState.java:setRaftConf(386)) - f4d7646f-0fb1-4da2-a8dc-21597b443f6f@group-EE4D386C2EB3: set configuration 0: peers:[4e76a5f4-598e-407f-bd79-992a553d1db1|10.1.0.30:15095, 90984f07-37f5-40e1-bf66-3a8ca2321052|10.1.0.30:15104, f4d7646f-0fb1-4da2-a8dc-21597b443f6f|10.1.0.30:15113]|listeners:[], old=null
2024-02-26 09:18:36,864 [f4d7646f-0fb1-4da2-a8dc-21597b443f6f-server-thread2] INFO  segmented.SegmentedRaftLogWorker (SegmentedRaftLogWorker.java:startLogSegment(430)) - f4d7646f-0fb1-4da2-a8dc-21597b443f6f@group-EE4D386C2EB3-SegmentedRaftLogWorker: Starting segment from index:0
2024-02-26 09:18:36,868 [grpc-default-executor-4] INFO  impl.RoleInfo (RoleInfo.java:updateAndGet(139)) - 90984f07-37f5-40e1-bf66-3a8ca2321052: start 90984f07-37f5-40e1-bf66-3a8ca2321052@group-08F59056C036-FollowerState
2024-02-26 09:18:36,868 [90984f07-37f5-40e1-bf66-3a8ca2321052@group-08F59056C036-FollowerState] INFO  impl.FollowerState (FollowerState.java:run(152)) - 90984f07-37f5-40e1-bf66-3a8ca2321052@group-08F59056C036-FollowerState was interrupted
2024-02-26 09:18:36,872 [ca5f02e2-bc43-4498-b1f2-381f8abbb3f5@group-8A458A973B78-SegmentedRaftLogWorker] INFO  segmented.SegmentedRaftLogWorker (SegmentedRaftLogWorker.java:execute(634)) - ca5f02e2-bc43-4498-b1f2-381f8abbb3f5@group-8A458A973B78-SegmentedRaftLogWorker: created new log segment /home/runner/work/ozone/ozone/hadoop-ozone/integration-test/target/test-dir/MiniOzoneClusterImpl-0d79f430-b8c0-477e-97b7-98e50d733022/ozone-meta/datanode-14/ratis/db2754b2-d3f0-44e8-a480-8a458a973b78/current/log_inprogress_0
2024-02-26 09:18:36,874 [grpc-default-executor-4] INFO  server.RaftServer$Division (RaftServerImpl.java:setFirstElection(574)) - 90984f07-37f5-40e1-bf66-3a8ca2321052@group-08F59056C036: set firstElectionSinceStartup to false for candidate:f4d7646f-0fb1-4da2-a8dc-21597b443f6f
2024-02-26 09:18:36,875 [b254f787-4ade-443a-8cd7-22935f345023@group-F488967C77B6-LeaderElection24] INFO  server.RaftServerConfigKeys (ConfUtils.java:logGet(46)) - raft.server.log.appender.wait-time.min = 0μs (custom)
2024-02-26 09:18:36,875 [b254f787-4ade-443a-8cd7-22935f345023@group-F488967C77B6-LeaderElection24] INFO  grpc.GrpcConfigKeys (ConfUtils.java:logGet(46)) - raft.grpc.server.leader.outstanding.appends.max = 8 (default)
2024-02-26 09:18:36,875 [b254f787-4ade-443a-8cd7-22935f345023@group-F488967C77B6-LeaderElection24] INFO  server.RaftServerConfigKeys (ConfUtils.java:logGet(46)) - raft.server.rpc.request.timeout = 60s (custom)
2024-02-26 09:18:36,875 [grpc-default-executor-4] INFO  server.RaftServer$Division (RaftServerImpl.java:requestVote(1422)) - 90984f07-37f5-40e1-bf66-3a8ca2321052@group-08F59056C036 replies to ELECTION vote request: f4d7646f-0fb1-4da2-a8dc-21597b443f6f<-90984f07-37f5-40e1-bf66-3a8ca2321052#0:OK-t1. Peer's state: 90984f07-37f5-40e1-bf66-3a8ca2321052@group-08F59056C036:t1, leader=null, voted=f4d7646f-0fb1-4da2-a8dc-21597b443f6f, raftlog=Memoized:90984f07-37f5-40e1-bf66-3a8ca2321052@group-08F59056C036-SegmentedRaftLog:OPENED:c-1, conf=-1: peers:[4e76a5f4-598e-407f-bd79-992a553d1db1|10.1.0.30:15095, 90984f07-37f5-40e1-bf66-3a8ca2321052|10.1.0.30:15104, f4d7646f-0fb1-4da2-a8dc-21597b443f6f|10.1.0.30:15113]|listeners:[], old=null
2024-02-26 09:18:36,875 [b254f787-4ade-443a-8cd7-22935f345023@group-F488967C77B6-LeaderElection24] INFO  grpc.GrpcConfigKeys (ConfUtils.java:logGet(46)) - raft.grpc.server.install_snapshot.request.element-limit = 8 (default)
2024-02-26 09:18:36,876 [b254f787-4ade-443a-8cd7-22935f345023@group-F488967C77B6-LeaderElection24] INFO  grpc.GrpcConfigKeys (ConfUtils.java:logGet(46)) - raft.grpc.server.install_snapshot.request.timeout = 3000ms (default)
2024-02-26 09:18:36,876 [b254f787-4ade-443a-8cd7-22935f345023@group-F488967C77B6-LeaderElection24] INFO  grpc.GrpcConfigKeys (ConfUtils.java:logGet(46)) - raft.grpc.server.log-message.batch.duration = 5s (default)
2024-02-26 09:18:36,876 [b254f787-4ade-443a-8cd7-22935f345023@group-F488967C77B6-LeaderElection24] INFO  server.RaftServerConfigKeys (ConfUtils.java:logGet(46)) - raft.server.log.appender.install.snapshot.enabled = false (custom)
2024-02-26 09:18:36,876 [b254f787-4ade-443a-8cd7-22935f345023@group-F488967C77B6-LeaderElection24] INFO  grpc.GrpcConfigKeys (ConfUtils.java:logGet(46)) - raft.grpc.server.heartbeat.channel = true (default)
2024-02-26 09:18:36,876 [b254f787-4ade-443a-8cd7-22935f345023@group-F488967C77B6-LeaderElection24] INFO  impl.RoleInfo (RoleInfo.java:updateAndGet(139)) - b254f787-4ade-443a-8cd7-22935f345023: start b254f787-4ade-443a-8cd7-22935f345023@group-F488967C77B6-LeaderStateImpl
2024-02-26 09:18:36,876 [b254f787-4ade-443a-8cd7-22935f345023@group-F488967C77B6-LeaderElection24] INFO  server.RaftServer$Division (RaftServerImpl.java:setFirstElection(574)) - b254f787-4ade-443a-8cd7-22935f345023@group-F488967C77B6: set firstElectionSinceStartup to false for becomeLeader
2024-02-26 09:18:36,876 [b254f787-4ade-443a-8cd7-22935f345023@group-F488967C77B6-LeaderElection24] INFO  ratis.XceiverServerRatis (XceiverServerRatis.java:handleLeaderChangedNotification(966)) - Leader change notification received for group: group-F488967C77B6 with new leaderId: b254f787-4ade-443a-8cd7-22935f345023
2024-02-26 09:18:36,879 [f4d7646f-0fb1-4da2-a8dc-21597b443f6f@group-EE4D386C2EB3-SegmentedRaftLogWorker] INFO  segmented.BufferedWriteChannel (BufferedWriteChannel.java:open(62)) - open log_inprogress_0 at position 0
2024-02-26 09:18:36,881 [4e76a5f4-598e-407f-bd79-992a553d1db1@group-EE4D386C2EB3-SegmentedRaftLogWorker] INFO  segmented.BufferedWriteChannel (BufferedWriteChannel.java:open(62)) - open log_inprogress_0 at position 0
2024-02-26 09:18:36,883 [ca5f02e2-bc43-4498-b1f2-381f8abbb3f5@group-8A458A973B78-StateMachineUpdater] INFO  server.RaftServer$Division (LeaderStateImpl.java:isApplied(320)) - leader is ready since appliedIndex == 0 >= startIndex == 0
2024-02-26 09:18:36,891 [grpc-default-executor-2] INFO  impl.RoleInfo (RoleInfo.java:updateAndGet(139)) - 4e76a5f4-598e-407f-bd79-992a553d1db1: start 4e76a5f4-598e-407f-bd79-992a553d1db1@group-08F59056C036-FollowerState
2024-02-26 09:18:36,891 [4e76a5f4-598e-407f-bd79-992a553d1db1@group-08F59056C036-FollowerState] INFO  impl.FollowerState (FollowerState.java:run(152)) - 4e76a5f4-598e-407f-bd79-992a553d1db1@group-08F59056C036-FollowerState was interrupted
2024-02-26 09:18:36,892 [4e76a5f4-598e-407f-bd79-992a553d1db1@group-EE4D386C2EB3-SegmentedRaftLogWorker] INFO  segmented.SegmentedRaftLogWorker (SegmentedRaftLogWorker.java:execute(634)) - 4e76a5f4-598e-407f-bd79-992a553d1db1@group-EE4D386C2EB3-SegmentedRaftLogWorker: created new log segment /home/runner/work/ozone/ozone/hadoop-ozone/integration-test/target/test-dir/MiniOzoneClusterImpl-0d79f430-b8c0-477e-97b7-98e50d733022/ozone-meta/datanode-10/ratis/b301387e-7f34-403e-9476-ee4d386c2eb3/current/log_inprogress_0
2024-02-26 09:18:36,892 [f4d7646f-0fb1-4da2-a8dc-21597b443f6f@group-EE4D386C2EB3-SegmentedRaftLogWorker] INFO  segmented.SegmentedRaftLogWorker (SegmentedRaftLogWorker.java:execute(634)) - f4d7646f-0fb1-4da2-a8dc-21597b443f6f@group-EE4D386C2EB3-SegmentedRaftLogWorker: created new log segment /home/runner/work/ozone/ozone/hadoop-ozone/integration-test/target/test-dir/MiniOzoneClusterImpl-0d79f430-b8c0-477e-97b7-98e50d733022/ozone-meta/datanode-12/ratis/b301387e-7f34-403e-9476-ee4d386c2eb3/current/log_inprogress_0
2024-02-26 09:18:36,903 [IPC Server handler 0 on default port 15001] INFO  ha.SequenceIdGenerator (SequenceIdGenerator.java:getNextId(145)) - Allocate a batch for containerId, change lastId from 0 to 1000.
2024-02-26 09:18:36,904 [f4d7646f-0fb1-4da2-a8dc-21597b443f6f@group-08F59056C036-LeaderElection25] INFO  impl.LeaderElection (LeaderElection.java:logAndReturn(89)) - f4d7646f-0fb1-4da2-a8dc-21597b443f6f@group-08F59056C036-LeaderElection25: ELECTION PASSED received 1 response(s) and 0 exception(s):
2024-02-26 09:18:36,904 [f4d7646f-0fb1-4da2-a8dc-21597b443f6f@group-08F59056C036-LeaderElection25] INFO  impl.LeaderElection (LeaderElection.java:logAndReturn(93)) -   Response 0: f4d7646f-0fb1-4da2-a8dc-21597b443f6f<-90984f07-37f5-40e1-bf66-3a8ca2321052#0:OK-t1
2024-02-26 09:18:36,904 [f4d7646f-0fb1-4da2-a8dc-21597b443f6f@group-08F59056C036-LeaderElection25] INFO  impl.LeaderElection (LeaderElection.java:askForVotes(323)) - f4d7646f-0fb1-4da2-a8dc-21597b443f6f@group-08F59056C036-LeaderElection25 ELECTION round 0: result PASSED
2024-02-26 09:18:36,904 [f4d7646f-0fb1-4da2-a8dc-21597b443f6f@group-08F59056C036-LeaderElection25] INFO  impl.RoleInfo (RoleInfo.java:shutdownLeaderElection(130)) - f4d7646f-0fb1-4da2-a8dc-21597b443f6f: shutdown f4d7646f-0fb1-4da2-a8dc-21597b443f6f@group-08F59056C036-LeaderElection25
2024-02-26 09:18:36,910 [f4d7646f-0fb1-4da2-a8dc-21597b443f6f@group-08F59056C036-LeaderElection25] INFO  server.RaftServer$Division (RaftServerImpl.java:setRole(383)) - f4d7646f-0fb1-4da2-a8dc-21597b443f6f@group-08F59056C036: changes role from CANDIDATE to LEADER at term 1 for changeToLeader
2024-02-26 09:18:36,910 [f4d7646f-0fb1-4da2-a8dc-21597b443f6f@group-08F59056C036-LeaderElection25] INFO  server.RaftServerConfigKeys (ConfUtils.java:logGet(46)) - raft.server.staging.catchup.gap = 1000 (default)
2024-02-26 09:18:36,910 [f4d7646f-0fb1-4da2-a8dc-21597b443f6f@group-08F59056C036-LeaderElection25] INFO  server.RaftServerConfigKeys (ConfUtils.java:logGet(46)) - raft.server.write.element-limit = 1024 (custom)
2024-02-26 09:18:36,910 [f4d7646f-0fb1-4da2-a8dc-21597b443f6f@group-08F59056C036-LeaderElection25] INFO  server.RaftServerConfigKeys (ConfUtils.java:logGet(46)) - raft.server.write.byte-limit = 1024 M (=1073741824) (custom)
2024-02-26 09:18:36,910 [f4d7646f-0fb1-4da2-a8dc-21597b443f6f@group-08F59056C036-LeaderElection25] INFO  server.RaftServerConfigKeys (ConfUtils.java:logGet(46)) - raft.server.watch.timeout = 180s (custom)
2024-02-26 09:18:36,910 [f4d7646f-0fb1-4da2-a8dc-21597b443f6f@group-08F59056C036-LeaderElection25] INFO  server.RaftServerConfigKeys (ConfUtils.java:logGet(46)) - raft.server.watch.timeout.denomination = 1s (default)
2024-02-26 09:18:36,910 [f4d7646f-0fb1-4da2-a8dc-21597b443f6f@group-08F59056C036-LeaderElection25] INFO  server.RaftServerConfigKeys (ConfUtils.java:logGet(46)) - raft.server.watch.element-limit = 65536 (default)
2024-02-26 09:18:36,910 [f4d7646f-0fb1-4da2-a8dc-21597b443f6f@group-08F59056C036-LeaderElection25] INFO  server.RaftServerConfigKeys (ConfUtils.java:logGet(46)) - raft.server.read.leader.lease.enabled = false (default)
2024-02-26 09:18:36,911 [f4d7646f-0fb1-4da2-a8dc-21597b443f6f@group-08F59056C036-LeaderElection25] INFO  server.RaftServerConfigKeys (ConfUtils.java:logGet(46)) - raft.server.read.leader.lease.timeout.ratio = 0.9 (default)
2024-02-26 09:18:36,911 [f4d7646f-0fb1-4da2-a8dc-21597b443f6f@group-08F59056C036-LeaderElection25] INFO  server.RaftServerConfigKeys (ConfUtils.java:logGet(46)) - raft.server.rpc.timeout.min = 5s (custom)
2024-02-26 09:18:36,911 [f4d7646f-0fb1-4da2-a8dc-21597b443f6f@group-08F59056C036-LeaderElection25] INFO  server.RaftServerConfigKeys (ConfUtils.java:logGet(46)) - raft.server.write.element-limit = 1024 (custom)
2024-02-26 09:18:36,911 [f4d7646f-0fb1-4da2-a8dc-21597b443f6f@group-08F59056C036-LeaderElection25] INFO  server.RaftServerConfigKeys (ConfUtils.java:logGet(46)) - raft.server.write.follower.gap.ratio.max = -1.0 (default)
2024-02-26 09:18:36,909 [b254f787-4ade-443a-8cd7-22935f345023@group-F488967C77B6-LeaderElection24] INFO  server.RaftServer$Division (ServerState.java:setLeader(269)) - b254f787-4ade-443a-8cd7-22935f345023@group-F488967C77B6: change Leader from null to b254f787-4ade-443a-8cd7-22935f345023 at term 1 for becomeLeader, leader elected after 5554ms
2024-02-26 09:18:36,911 [b254f787-4ade-443a-8cd7-22935f345023@group-F488967C77B6-LeaderElection24] INFO  segmented.SegmentedRaftLogWorker (SegmentedRaftLogWorker.java:startLogSegment(430)) - b254f787-4ade-443a-8cd7-22935f345023@group-F488967C77B6-SegmentedRaftLogWorker: Starting segment from index:0
2024-02-26 09:18:36,911 [b254f787-4ade-443a-8cd7-22935f345023@group-F488967C77B6-LeaderElection24] INFO  server.RaftServer$Division (ServerState.java:setRaftConf(386)) - b254f787-4ade-443a-8cd7-22935f345023@group-F488967C77B6: set configuration 0: peers:[87e9945c-a125-4404-bbe2-61a5a4b10cf4|10.1.0.30:15086, b254f787-4ade-443a-8cd7-22935f345023|10.1.0.30:15068, aa7921d1-8be5-430c-af0e-7b09d4ba500e|10.1.0.30:15077]|listeners:[], old=null
2024-02-26 09:18:36,912 [b254f787-4ade-443a-8cd7-22935f345023@group-F488967C77B6-SegmentedRaftLogWorker] INFO  segmented.BufferedWriteChannel (BufferedWriteChannel.java:open(62)) - open log_inprogress_0 at position 0
2024-02-26 09:18:36,910 [grpc-default-executor-2] INFO  server.RaftServer$Division (RaftServerImpl.java:requestVote(1422)) - 4e76a5f4-598e-407f-bd79-992a553d1db1@group-08F59056C036 replies to ELECTION vote request: f4d7646f-0fb1-4da2-a8dc-21597b443f6f<-4e76a5f4-598e-407f-bd79-992a553d1db1#0:OK-t1. Peer's state: 4e76a5f4-598e-407f-bd79-992a553d1db1@group-08F59056C036:t1, leader=null, voted=f4d7646f-0fb1-4da2-a8dc-21597b443f6f, raftlog=Memoized:4e76a5f4-598e-407f-bd79-992a553d1db1@group-08F59056C036-SegmentedRaftLog:OPENED:c-1, conf=-1: peers:[4e76a5f4-598e-407f-bd79-992a553d1db1|10.1.0.30:15095, 90984f07-37f5-40e1-bf66-3a8ca2321052|10.1.0.30:15104, f4d7646f-0fb1-4da2-a8dc-21597b443f6f|10.1.0.30:15113]|listeners:[], old=null
2024-02-26 09:18:36,914 [f4d7646f-0fb1-4da2-a8dc-21597b443f6f@group-08F59056C036-LeaderElection25] INFO  server.RaftServerConfigKeys (ConfUtils.java:logGet(46)) - raft.server.log.appender.snapshot.chunk.size.max = 16MB (=16777216) (default)
2024-02-26 09:18:36,914 [f4d7646f-0fb1-4da2-a8dc-21597b443f6f@group-08F59056C036-LeaderElection25] INFO  server.RaftServerConfigKeys (ConfUtils.java:logGet(46)) - raft.server.log.appender.buffer.byte-limit = 8388608 (custom)
2024-02-26 09:18:36,914 [f4d7646f-0fb1-4da2-a8dc-21597b443f6f@group-08F59056C036-LeaderElection25] INFO  server.RaftServerConfigKeys (ConfUtils.java:logGet(46)) - raft.server.log.appender.buffer.element-limit = 1 (custom)
2024-02-26 09:18:36,922 [b254f787-4ade-443a-8cd7-22935f345023@group-F488967C77B6-SegmentedRaftLogWorker] INFO  segmented.SegmentedRaftLogWorker (SegmentedRaftLogWorker.java:execute(634)) - b254f787-4ade-443a-8cd7-22935f345023@group-F488967C77B6-SegmentedRaftLogWorker: created new log segment /home/runner/work/ozone/ozone/hadoop-ozone/integration-test/target/test-dir/MiniOzoneClusterImpl-0d79f430-b8c0-477e-97b7-98e50d733022/ozone-meta/datanode-7/ratis/12e2862d-a2f7-43f0-b7c6-f488967c77b6/current/log_inprogress_0
2024-02-26 09:18:36,922 [f4d7646f-0fb1-4da2-a8dc-21597b443f6f@group-08F59056C036-LeaderElection25] INFO  server.RaftServerConfigKeys (ConfUtils.java:logGet(46)) - raft.server.log.appender.wait-time.min = 0μs (custom)
2024-02-26 09:18:36,922 [f4d7646f-0fb1-4da2-a8dc-21597b443f6f@group-08F59056C036-LeaderElection25] INFO  grpc.GrpcConfigKeys (ConfUtils.java:logGet(46)) - raft.grpc.server.leader.outstanding.appends.max = 8 (default)
2024-02-26 09:18:36,922 [f4d7646f-0fb1-4da2-a8dc-21597b443f6f@group-08F59056C036-LeaderElection25] INFO  server.RaftServerConfigKeys (ConfUtils.java:logGet(46)) - raft.server.rpc.request.timeout = 60s (custom)
2024-02-26 09:18:36,922 [f4d7646f-0fb1-4da2-a8dc-21597b443f6f@group-08F59056C036-LeaderElection25] INFO  grpc.GrpcConfigKeys (ConfUtils.java:logGet(46)) - raft.grpc.server.install_snapshot.request.element-limit = 8 (default)
2024-02-26 09:18:36,922 [f4d7646f-0fb1-4da2-a8dc-21597b443f6f@group-08F59056C036-LeaderElection25] INFO  grpc.GrpcConfigKeys (ConfUtils.java:logGet(46)) - raft.grpc.server.install_snapshot.request.timeout = 3000ms (default)
2024-02-26 09:18:36,922 [f4d7646f-0fb1-4da2-a8dc-21597b443f6f@group-08F59056C036-LeaderElection25] INFO  grpc.GrpcConfigKeys (ConfUtils.java:logGet(46)) - raft.grpc.server.log-message.batch.duration = 5s (default)
2024-02-26 09:18:36,922 [IPC Server handler 0 on default port 15001] WARN  ha.SequenceIdGenerator (SequenceIdGenerator.java:allocateBatch(258)) - Failed to allocate a batch for localId, expected lastId is 0, actual lastId is 113750153625600000.
2024-02-26 09:18:36,923 [IPC Server handler 0 on default port 15001] INFO  ha.SequenceIdGenerator (SequenceIdGenerator.java:getNextId(145)) - Allocate a batch for localId, change lastId from 113750153625600000 to 113750153625601000.
2024-02-26 09:18:36,925 [EventQueue-PipelineReportForPipelineReportHandler] INFO  pipeline.PipelineReportHandler (PipelineReportHandler.java:processPipelineReport(136)) - Opened pipeline PipelineID=12e2862d-a2f7-43f0-b7c6-f488967c77b6
2024-02-26 09:18:36,922 [f4d7646f-0fb1-4da2-a8dc-21597b443f6f@group-08F59056C036-LeaderElection25] INFO  server.RaftServerConfigKeys (ConfUtils.java:logGet(46)) - raft.server.log.appender.install.snapshot.enabled = false (custom)
2024-02-26 09:18:36,926 [f4d7646f-0fb1-4da2-a8dc-21597b443f6f@group-08F59056C036-LeaderElection25] INFO  grpc.GrpcConfigKeys (ConfUtils.java:logGet(46)) - raft.grpc.server.heartbeat.channel = true (default)
2024-02-26 09:18:36,927 [90984f07-37f5-40e1-bf66-3a8ca2321052@group-EE4D386C2EB3-StateMachineUpdater] INFO  server.RaftServer$Division (LeaderStateImpl.java:isApplied(320)) - leader is ready since appliedIndex == 0 >= startIndex == 0
2024-02-26 09:18:36,931 [87e9945c-a125-4404-bbe2-61a5a4b10cf4-server-thread1] INFO  ratis.XceiverServerRatis (XceiverServerRatis.java:handleLeaderChangedNotification(966)) - Leader change notification received for group: group-F488967C77B6 with new leaderId: b254f787-4ade-443a-8cd7-22935f345023
2024-02-26 09:18:36,931 [87e9945c-a125-4404-bbe2-61a5a4b10cf4-server-thread1] INFO  server.RaftServer$Division (ServerState.java:setLeader(269)) - 87e9945c-a125-4404-bbe2-61a5a4b10cf4@group-F488967C77B6: change Leader from null to b254f787-4ade-443a-8cd7-22935f345023 at term 1 for appendEntries, leader elected after 5538ms
2024-02-26 09:18:36,931 [87e9945c-a125-4404-bbe2-61a5a4b10cf4-server-thread1] INFO  server.RaftServer$Division (ServerState.java:setRaftConf(386)) - 87e9945c-a125-4404-bbe2-61a5a4b10cf4@group-F488967C77B6: set configuration 0: peers:[87e9945c-a125-4404-bbe2-61a5a4b10cf4|10.1.0.30:15086, b254f787-4ade-443a-8cd7-22935f345023|10.1.0.30:15068, aa7921d1-8be5-430c-af0e-7b09d4ba500e|10.1.0.30:15077]|listeners:[], old=null
2024-02-26 09:18:36,932 [87e9945c-a125-4404-bbe2-61a5a4b10cf4-server-thread1] INFO  segmented.SegmentedRaftLogWorker (SegmentedRaftLogWorker.java:startLogSegment(430)) - 87e9945c-a125-4404-bbe2-61a5a4b10cf4@group-F488967C77B6-SegmentedRaftLogWorker: Starting segment from index:0
2024-02-26 09:18:36,933 [f4d7646f-0fb1-4da2-a8dc-21597b443f6f@group-08F59056C036-LeaderElection25] INFO  server.RaftServerConfigKeys (ConfUtils.java:logGet(46)) - raft.server.log.appender.snapshot.chunk.size.max = 16MB (=16777216) (default)
2024-02-26 09:18:36,933 [f4d7646f-0fb1-4da2-a8dc-21597b443f6f@group-08F59056C036-LeaderElection25] INFO  server.RaftServerConfigKeys (ConfUtils.java:logGet(46)) - raft.server.log.appender.buffer.byte-limit = 8388608 (custom)
2024-02-26 09:18:36,933 [f4d7646f-0fb1-4da2-a8dc-21597b443f6f@group-08F59056C036-LeaderElection25] INFO  server.RaftServerConfigKeys (ConfUtils.java:logGet(46)) - raft.server.log.appender.buffer.element-limit = 1 (custom)
2024-02-26 09:18:36,943 [f4d7646f-0fb1-4da2-a8dc-21597b443f6f@group-08F59056C036-LeaderElection25] INFO  server.RaftServerConfigKeys (ConfUtils.java:logGet(46)) - raft.server.log.appender.wait-time.min = 0μs (custom)
2024-02-26 09:18:36,943 [f4d7646f-0fb1-4da2-a8dc-21597b443f6f@group-08F59056C036-LeaderElection25] INFO  grpc.GrpcConfigKeys (ConfUtils.java:logGet(46)) - raft.grpc.server.leader.outstanding.appends.max = 8 (default)
2024-02-26 09:18:36,943 [f4d7646f-0fb1-4da2-a8dc-21597b443f6f@group-08F59056C036-LeaderElection25] INFO  server.RaftServerConfigKeys (ConfUtils.java:logGet(46)) - raft.server.rpc.request.timeout = 60s (custom)
2024-02-26 09:18:36,943 [f4d7646f-0fb1-4da2-a8dc-21597b443f6f@group-08F59056C036-LeaderElection25] INFO  grpc.GrpcConfigKeys (ConfUtils.java:logGet(46)) - raft.grpc.server.install_snapshot.request.element-limit = 8 (default)
2024-02-26 09:18:36,943 [f4d7646f-0fb1-4da2-a8dc-21597b443f6f@group-08F59056C036-LeaderElection25] INFO  grpc.GrpcConfigKeys (ConfUtils.java:logGet(46)) - raft.grpc.server.install_snapshot.request.timeout = 3000ms (default)
2024-02-26 09:18:36,943 [f4d7646f-0fb1-4da2-a8dc-21597b443f6f@group-08F59056C036-LeaderElection25] INFO  grpc.GrpcConfigKeys (ConfUtils.java:logGet(46)) - raft.grpc.server.log-message.batch.duration = 5s (default)
2024-02-26 09:18:36,943 [f4d7646f-0fb1-4da2-a8dc-21597b443f6f@group-08F59056C036-LeaderElection25] INFO  server.RaftServerConfigKeys (ConfUtils.java:logGet(46)) - raft.server.log.appender.install.snapshot.enabled = false (custom)
2024-02-26 09:18:36,943 [f4d7646f-0fb1-4da2-a8dc-21597b443f6f@group-08F59056C036-LeaderElection25] INFO  grpc.GrpcConfigKeys (ConfUtils.java:logGet(46)) - raft.grpc.server.heartbeat.channel = true (default)
2024-02-26 09:18:36,944 [f4d7646f-0fb1-4da2-a8dc-21597b443f6f@group-08F59056C036-LeaderElection25] INFO  impl.RoleInfo (RoleInfo.java:updateAndGet(139)) - f4d7646f-0fb1-4da2-a8dc-21597b443f6f: start f4d7646f-0fb1-4da2-a8dc-21597b443f6f@group-08F59056C036-LeaderStateImpl
2024-02-26 09:18:36,944 [f4d7646f-0fb1-4da2-a8dc-21597b443f6f@group-08F59056C036-LeaderElection25] INFO  server.RaftServer$Division (RaftServerImpl.java:setFirstElection(574)) - f4d7646f-0fb1-4da2-a8dc-21597b443f6f@group-08F59056C036: set firstElectionSinceStartup to false for becomeLeader
2024-02-26 09:18:36,944 [f4d7646f-0fb1-4da2-a8dc-21597b443f6f@group-08F59056C036-LeaderElection25] INFO  ratis.XceiverServerRatis (XceiverServerRatis.java:handleLeaderChangedNotification(966)) - Leader change notification received for group: group-08F59056C036 with new leaderId: f4d7646f-0fb1-4da2-a8dc-21597b443f6f
2024-02-26 09:18:36,944 [87e9945c-a125-4404-bbe2-61a5a4b10cf4@group-F488967C77B6-SegmentedRaftLogWorker] INFO  segmented.BufferedWriteChannel (BufferedWriteChannel.java:open(62)) - open log_inprogress_0 at position 0
2024-02-26 09:18:36,944 [f4d7646f-0fb1-4da2-a8dc-21597b443f6f@group-08F59056C036-LeaderElection25] INFO  server.RaftServer$Division (ServerState.java:setLeader(269)) - f4d7646f-0fb1-4da2-a8dc-21597b443f6f@group-08F59056C036: change Leader from null to f4d7646f-0fb1-4da2-a8dc-21597b443f6f at term 1 for becomeLeader, leader elected after 5429ms
2024-02-26 09:18:36,945 [f4d7646f-0fb1-4da2-a8dc-21597b443f6f@group-08F59056C036-LeaderElection25] INFO  segmented.SegmentedRaftLogWorker (SegmentedRaftLogWorker.java:startLogSegment(430)) - f4d7646f-0fb1-4da2-a8dc-21597b443f6f@group-08F59056C036-SegmentedRaftLogWorker: Starting segment from index:0
2024-02-26 09:18:36,945 [f4d7646f-0fb1-4da2-a8dc-21597b443f6f@group-08F59056C036-LeaderElection25] INFO  server.RaftServer$Division (ServerState.java:setRaftConf(386)) - f4d7646f-0fb1-4da2-a8dc-21597b443f6f@group-08F59056C036: set configuration 0: peers:[4e76a5f4-598e-407f-bd79-992a553d1db1|10.1.0.30:15095, 90984f07-37f5-40e1-bf66-3a8ca2321052|10.1.0.30:15104, f4d7646f-0fb1-4da2-a8dc-21597b443f6f|10.1.0.30:15113]|listeners:[], old=null
2024-02-26 09:18:36,945 [f4d7646f-0fb1-4da2-a8dc-21597b443f6f@group-08F59056C036-SegmentedRaftLogWorker] INFO  segmented.BufferedWriteChannel (BufferedWriteChannel.java:open(62)) - open log_inprogress_0 at position 0
2024-02-26 09:18:36,946 [aa7921d1-8be5-430c-af0e-7b09d4ba500e-server-thread1] INFO  ratis.XceiverServerRatis (XceiverServerRatis.java:handleLeaderChangedNotification(966)) - Leader change notification received for group: group-F488967C77B6 with new leaderId: b254f787-4ade-443a-8cd7-22935f345023
2024-02-26 09:18:36,948 [aa7921d1-8be5-430c-af0e-7b09d4ba500e-server-thread1] INFO  server.RaftServer$Division (ServerState.java:setLeader(269)) - aa7921d1-8be5-430c-af0e-7b09d4ba500e@group-F488967C77B6: change Leader from null to b254f787-4ade-443a-8cd7-22935f345023 at term 1 for appendEntries, leader elected after 5545ms
2024-02-26 09:18:36,949 [EventQueue-PipelineReportForPipelineReportHandler] INFO  pipeline.PipelineReportHandler (PipelineReportHandler.java:processPipelineReport(136)) - Opened pipeline PipelineID=d5a3b6d9-aabc-4c54-8245-08f59056c036
2024-02-26 09:18:36,956 [f4d7646f-0fb1-4da2-a8dc-21597b443f6f@group-08F59056C036-SegmentedRaftLogWorker] INFO  segmented.SegmentedRaftLogWorker (SegmentedRaftLogWorker.java:execute(634)) - f4d7646f-0fb1-4da2-a8dc-21597b443f6f@group-08F59056C036-SegmentedRaftLogWorker: created new log segment /home/runner/work/ozone/ozone/hadoop-ozone/integration-test/target/test-dir/MiniOzoneClusterImpl-0d79f430-b8c0-477e-97b7-98e50d733022/ozone-meta/datanode-12/ratis/d5a3b6d9-aabc-4c54-8245-08f59056c036/current/log_inprogress_0
2024-02-26 09:18:36,956 [87e9945c-a125-4404-bbe2-61a5a4b10cf4@group-F488967C77B6-SegmentedRaftLogWorker] INFO  segmented.SegmentedRaftLogWorker (SegmentedRaftLogWorker.java:execute(634)) - 87e9945c-a125-4404-bbe2-61a5a4b10cf4@group-F488967C77B6-SegmentedRaftLogWorker: created new log segment /home/runner/work/ozone/ozone/hadoop-ozone/integration-test/target/test-dir/MiniOzoneClusterImpl-0d79f430-b8c0-477e-97b7-98e50d733022/ozone-meta/datanode-9/ratis/12e2862d-a2f7-43f0-b7c6-f488967c77b6/current/log_inprogress_0
2024-02-26 09:18:36,962 [4e76a5f4-598e-407f-bd79-992a553d1db1-server-thread1] INFO  ratis.XceiverServerRatis (XceiverServerRatis.java:handleLeaderChangedNotification(966)) - Leader change notification received for group: group-08F59056C036 with new leaderId: f4d7646f-0fb1-4da2-a8dc-21597b443f6f
2024-02-26 09:18:36,963 [4e76a5f4-598e-407f-bd79-992a553d1db1-server-thread1] INFO  server.RaftServer$Division (ServerState.java:setLeader(269)) - 4e76a5f4-598e-407f-bd79-992a553d1db1@group-08F59056C036: change Leader from null to f4d7646f-0fb1-4da2-a8dc-21597b443f6f at term 1 for appendEntries, leader elected after 5318ms
2024-02-26 09:18:36,964 [aa7921d1-8be5-430c-af0e-7b09d4ba500e-server-thread2] INFO  server.RaftServer$Division (ServerState.java:setRaftConf(386)) - aa7921d1-8be5-430c-af0e-7b09d4ba500e@group-F488967C77B6: set configuration 0: peers:[87e9945c-a125-4404-bbe2-61a5a4b10cf4|10.1.0.30:15086, b254f787-4ade-443a-8cd7-22935f345023|10.1.0.30:15068, aa7921d1-8be5-430c-af0e-7b09d4ba500e|10.1.0.30:15077]|listeners:[], old=null
2024-02-26 09:18:36,965 [aa7921d1-8be5-430c-af0e-7b09d4ba500e-server-thread2] INFO  segmented.SegmentedRaftLogWorker (SegmentedRaftLogWorker.java:startLogSegment(430)) - aa7921d1-8be5-430c-af0e-7b09d4ba500e@group-F488967C77B6-SegmentedRaftLogWorker: Starting segment from index:0
2024-02-26 09:18:36,971 [4e76a5f4-598e-407f-bd79-992a553d1db1-server-thread2] INFO  server.RaftServer$Division (ServerState.java:setRaftConf(386)) - 4e76a5f4-598e-407f-bd79-992a553d1db1@group-08F59056C036: set configuration 0: peers:[4e76a5f4-598e-407f-bd79-992a553d1db1|10.1.0.30:15095, 90984f07-37f5-40e1-bf66-3a8ca2321052|10.1.0.30:15104, f4d7646f-0fb1-4da2-a8dc-21597b443f6f|10.1.0.30:15113]|listeners:[], old=null
2024-02-26 09:18:36,971 [4e76a5f4-598e-407f-bd79-992a553d1db1-server-thread2] INFO  segmented.SegmentedRaftLogWorker (SegmentedRaftLogWorker.java:startLogSegment(430)) - 4e76a5f4-598e-407f-bd79-992a553d1db1@group-08F59056C036-SegmentedRaftLogWorker: Starting segment from index:0
2024-02-26 09:18:36,972 [90984f07-37f5-40e1-bf66-3a8ca2321052-server-thread1] INFO  ratis.XceiverServerRatis (XceiverServerRatis.java:handleLeaderChangedNotification(966)) - Leader change notification received for group: group-08F59056C036 with new leaderId: f4d7646f-0fb1-4da2-a8dc-21597b443f6f
2024-02-26 09:18:36,972 [aa7921d1-8be5-430c-af0e-7b09d4ba500e@group-F488967C77B6-SegmentedRaftLogWorker] INFO  segmented.BufferedWriteChannel (BufferedWriteChannel.java:open(62)) - open log_inprogress_0 at position 0
2024-02-26 09:18:36,973 [90984f07-37f5-40e1-bf66-3a8ca2321052-server-thread1] INFO  server.RaftServer$Division (ServerState.java:setLeader(269)) - 90984f07-37f5-40e1-bf66-3a8ca2321052@group-08F59056C036: change Leader from null to f4d7646f-0fb1-4da2-a8dc-21597b443f6f at term 1 for appendEntries, leader elected after 5329ms
2024-02-26 09:18:36,974 [90984f07-37f5-40e1-bf66-3a8ca2321052-server-thread1] INFO  server.RaftServer$Division (ServerState.java:setRaftConf(386)) - 90984f07-37f5-40e1-bf66-3a8ca2321052@group-08F59056C036: set configuration 0: peers:[4e76a5f4-598e-407f-bd79-992a553d1db1|10.1.0.30:15095, 90984f07-37f5-40e1-bf66-3a8ca2321052|10.1.0.30:15104, f4d7646f-0fb1-4da2-a8dc-21597b443f6f|10.1.0.30:15113]|listeners:[], old=null
2024-02-26 09:18:36,975 [90984f07-37f5-40e1-bf66-3a8ca2321052-server-thread1] INFO  segmented.SegmentedRaftLogWorker (SegmentedRaftLogWorker.java:startLogSegment(430)) - 90984f07-37f5-40e1-bf66-3a8ca2321052@group-08F59056C036-SegmentedRaftLogWorker: Starting segment from index:0
2024-02-26 09:18:36,975 [90984f07-37f5-40e1-bf66-3a8ca2321052@group-08F59056C036-SegmentedRaftLogWorker] INFO  segmented.BufferedWriteChannel (BufferedWriteChannel.java:open(62)) - open log_inprogress_0 at position 0
2024-02-26 09:18:36,975 [4e76a5f4-598e-407f-bd79-992a553d1db1@group-08F59056C036-SegmentedRaftLogWorker] INFO  segmented.BufferedWriteChannel (BufferedWriteChannel.java:open(62)) - open log_inprogress_0 at position 0
2024-02-26 09:18:36,991 [aa7921d1-8be5-430c-af0e-7b09d4ba500e@group-F488967C77B6-SegmentedRaftLogWorker] INFO  segmented.SegmentedRaftLogWorker (SegmentedRaftLogWorker.java:execute(634)) - aa7921d1-8be5-430c-af0e-7b09d4ba500e@group-F488967C77B6-SegmentedRaftLogWorker: created new log segment /home/runner/work/ozone/ozone/hadoop-ozone/integration-test/target/test-dir/MiniOzoneClusterImpl-0d79f430-b8c0-477e-97b7-98e50d733022/ozone-meta/datanode-8/ratis/12e2862d-a2f7-43f0-b7c6-f488967c77b6/current/log_inprogress_0
2024-02-26 09:18:36,991 [4e76a5f4-598e-407f-bd79-992a553d1db1@group-08F59056C036-SegmentedRaftLogWorker] INFO  segmented.SegmentedRaftLogWorker (SegmentedRaftLogWorker.java:execute(634)) - 4e76a5f4-598e-407f-bd79-992a553d1db1@group-08F59056C036-SegmentedRaftLogWorker: created new log segment /home/runner/work/ozone/ozone/hadoop-ozone/integration-test/target/test-dir/MiniOzoneClusterImpl-0d79f430-b8c0-477e-97b7-98e50d733022/ozone-meta/datanode-10/ratis/d5a3b6d9-aabc-4c54-8245-08f59056c036/current/log_inprogress_0
2024-02-26 09:18:36,991 [90984f07-37f5-40e1-bf66-3a8ca2321052@group-08F59056C036-SegmentedRaftLogWorker] INFO  segmented.SegmentedRaftLogWorker (SegmentedRaftLogWorker.java:execute(634)) - 90984f07-37f5-40e1-bf66-3a8ca2321052@group-08F59056C036-SegmentedRaftLogWorker: created new log segment /home/runner/work/ozone/ozone/hadoop-ozone/integration-test/target/test-dir/MiniOzoneClusterImpl-0d79f430-b8c0-477e-97b7-98e50d733022/ozone-meta/datanode-11/ratis/d5a3b6d9-aabc-4c54-8245-08f59056c036/current/log_inprogress_0
2024-02-26 09:18:36,995 [b254f787-4ade-443a-8cd7-22935f345023@group-F488967C77B6-StateMachineUpdater] INFO  server.RaftServer$Division (LeaderStateImpl.java:isApplied(320)) - leader is ready since appliedIndex == 0 >= startIndex == 0
2024-02-26 09:18:36,995 [f4d7646f-0fb1-4da2-a8dc-21597b443f6f@group-08F59056C036-StateMachineUpdater] INFO  server.RaftServer$Division (LeaderStateImpl.java:isApplied(320)) - leader is ready since appliedIndex == 0 >= startIndex == 0
2024-02-26 09:18:37,072 [main] INFO  impl.MetricsSystemImpl (MetricsSystemImpl.java:init(158)) - XceiverClientMetrics metrics system started (again)
2024-02-26 09:18:37,073 [main] INFO  lib.Interns (Interns.java:removeEldestEntry(50)) - Metrics intern cache overflow at 2011 for MetricsSystem={MetricsSystem=MetricsInfoImpl{name=MetricsSystem, description=MetricsSystem}, MetricsSystem record=MetricsInfoImpl{name=MetricsSystem, description=MetricsSystem record}}
]]></system-out>
  </testcase>
  <testcase name="bucketUsedBytesOverWrite(BucketLayout)[2]" classname="org.apache.hadoop.ozone.client.rpc.TestSecureOzoneRpcClient" time="0.127">
    <system-out><![CDATA[2024-02-26 09:18:37,355 [main] INFO  rpc.RpcClient (RpcClient.java:createVolume(465)) - Creating Volume: 421ef59d-1a75-4fb6-a9d4-dc78dc93e1fc, with runner as owner and space quota set to -1 bytes, counts quota set to -1
2024-02-26 09:18:37,358 [om1-OMStateMachineApplyTransactionThread - 0] INFO  volume.OMVolumeCreateRequest (OMVolumeCreateRequest.java:validateAndUpdateCache(198)) - created volume:421ef59d-1a75-4fb6-a9d4-dc78dc93e1fc for user:runner
2024-02-26 09:18:37,360 [main] INFO  rpc.RpcClient (RpcClient.java:createBucket(691)) - Creating Bucket: 421ef59d-1a75-4fb6-a9d4-dc78dc93e1fc/6651500b-3299-4b4e-b5b6-993c39f66ba7, with bucket layout LEGACY, runner as owner, Versioning true, Storage Type set to DISK and Encryption set to false, Replication Type set to server-side default replication type, Namespace Quota set to -1, Space Quota set to -1 
2024-02-26 09:18:37,363 [om1-OMStateMachineApplyTransactionThread - 0] INFO  bucket.OMBucketCreateRequest (OMBucketCreateRequest.java:validateAndUpdateCache(292)) - created bucket: 6651500b-3299-4b4e-b5b6-993c39f66ba7 of layout LEGACY in volume: 421ef59d-1a75-4fb6-a9d4-dc78dc93e1fc
]]></system-out>
  </testcase>
  <testcase name="bucketUsedBytesOverWrite(BucketLayout)[3]" classname="org.apache.hadoop.ozone.client.rpc.TestSecureOzoneRpcClient" time="0.098">
    <system-out><![CDATA[2024-02-26 09:18:37,483 [main] INFO  rpc.RpcClient (RpcClient.java:createVolume(465)) - Creating Volume: 1506e7c4-c8fe-46e3-9f66-1dda9e9292b9, with runner as owner and space quota set to -1 bytes, counts quota set to -1
2024-02-26 09:18:37,486 [om1-OMStateMachineApplyTransactionThread - 0] INFO  volume.OMVolumeCreateRequest (OMVolumeCreateRequest.java:validateAndUpdateCache(198)) - created volume:1506e7c4-c8fe-46e3-9f66-1dda9e9292b9 for user:runner
2024-02-26 09:18:37,489 [main] INFO  rpc.RpcClient (RpcClient.java:createBucket(691)) - Creating Bucket: 1506e7c4-c8fe-46e3-9f66-1dda9e9292b9/a8d2c0aa-4a69-4867-af4a-76e51397988e, with bucket layout FILE_SYSTEM_OPTIMIZED, runner as owner, Versioning true, Storage Type set to DISK and Encryption set to false, Replication Type set to server-side default replication type, Namespace Quota set to -1, Space Quota set to -1 
2024-02-26 09:18:37,492 [om1-OMStateMachineApplyTransactionThread - 0] INFO  bucket.OMBucketCreateRequest (OMBucketCreateRequest.java:validateAndUpdateCache(292)) - created bucket: a8d2c0aa-4a69-4867-af4a-76e51397988e of layout FILE_SYSTEM_OPTIMIZED in volume: 1506e7c4-c8fe-46e3-9f66-1dda9e9292b9
]]></system-out>
  </testcase>
  <testcase name="testAbortUploadFail" classname="org.apache.hadoop.ozone.client.rpc.TestSecureOzoneRpcClient" time="0.031">
    <system-out><![CDATA[2024-02-26 09:18:37,582 [main] INFO  rpc.RpcClient (RpcClient.java:createVolume(465)) - Creating Volume: 4c5f741b-5017-49e0-9ca4-057bfeeb8357, with runner as owner and space quota set to -1 bytes, counts quota set to -1
2024-02-26 09:18:37,585 [om1-OMStateMachineApplyTransactionThread - 0] INFO  volume.OMVolumeCreateRequest (OMVolumeCreateRequest.java:validateAndUpdateCache(198)) - created volume:4c5f741b-5017-49e0-9ca4-057bfeeb8357 for user:runner
2024-02-26 09:18:37,587 [main] INFO  rpc.RpcClient (RpcClient.java:createBucket(691)) - Creating Bucket: 4c5f741b-5017-49e0-9ca4-057bfeeb8357/c6c74371-3a4d-4ae4-a0ee-5ceaeae7913f, with server-side default bucket layout, runner as owner, Versioning false, Storage Type set to DISK and Encryption set to false, Replication Type set to server-side default replication type, Namespace Quota set to -1, Space Quota set to -1 
2024-02-26 09:18:37,590 [om1-OMStateMachineApplyTransactionThread - 0] INFO  bucket.OMBucketCreateRequest (OMBucketCreateRequest.java:validateAndUpdateCache(292)) - created bucket: c6c74371-3a4d-4ae4-a0ee-5ceaeae7913f of layout OBJECT_STORE in volume: 4c5f741b-5017-49e0-9ca4-057bfeeb8357
09:18:37.603 [om1-OMStateMachineApplyTransactionThread - 0] ERROR OMAudit - user=runner | ip=127.0.0.1 | op=ABORT_MULTIPART_UPLOAD {volume=4c5f741b-5017-49e0-9ca4-057bfeeb8357, bucket=c6c74371-3a4d-4ae4-a0ee-5ceaeae7913f, key=383d64fc-3bb8-4146-bd26-e0e4ca4c2c75, dataSize=0, replicationType=NONE, replicationFactor=ZERO} | ret=FAILURE
org.apache.hadoop.ozone.om.exceptions.OMException: Abort Multipart Upload Failed: volume: 4c5f741b-5017-49e0-9ca4-057bfeeb8357bucket: c6c74371-3a4d-4ae4-a0ee-5ceaeae7913fkey: 383d64fc-3bb8-4146-bd26-e0e4ca4c2c75
	at org.apache.hadoop.ozone.om.request.s3.multipart.S3MultipartUploadAbortRequest.validateAndUpdateCache(S3MultipartUploadAbortRequest.java:158) ~[ozone-manager-1.5.0-SNAPSHOT.jar:?]
	at org.apache.hadoop.ozone.protocolPB.OzoneManagerRequestHandler.lambda$0(OzoneManagerRequestHandler.java:403) ~[ozone-manager-1.5.0-SNAPSHOT.jar:?]
	at org.apache.hadoop.util.MetricUtil.captureLatencyNs(MetricUtil.java:45) ~[hdds-common-1.5.0-SNAPSHOT.jar:?]
	at org.apache.hadoop.ozone.protocolPB.OzoneManagerRequestHandler.handleWriteRequest(OzoneManagerRequestHandler.java:399) ~[ozone-manager-1.5.0-SNAPSHOT.jar:?]
	at org.apache.hadoop.ozone.om.ratis.OzoneManagerStateMachine.runCommand(OzoneManagerStateMachine.java:527) ~[ozone-manager-1.5.0-SNAPSHOT.jar:?]
	at org.apache.hadoop.ozone.om.ratis.OzoneManagerStateMachine.lambda$1(OzoneManagerStateMachine.java:345) ~[ozone-manager-1.5.0-SNAPSHOT.jar:?]
	at java.util.concurrent.CompletableFuture$AsyncSupply.run(CompletableFuture.java:1604) [?:1.8.0_402]
	at java.util.concurrent.ThreadPoolExecutor.runWorker(ThreadPoolExecutor.java:1149) [?:1.8.0_402]
	at java.util.concurrent.ThreadPoolExecutor$Worker.run(ThreadPoolExecutor.java:624) [?:1.8.0_402]
	at java.lang.Thread.run(Thread.java:750) [?:1.8.0_402]
2024-02-26 09:18:37,611 [om1-OMStateMachineApplyTransactionThread - 0] ERROR multipart.S3MultipartUploadAbortRequest (S3MultipartUploadAbortRequest.java:validateAndUpdateCache(218)) - Abort Multipart request is failed for KeyName 383d64fc-3bb8-4146-bd26-e0e4ca4c2c75 in VolumeName/Bucket 4c5f741b-5017-49e0-9ca4-057bfeeb8357/c6c74371-3a4d-4ae4-a0ee-5ceaeae7913f
NO_SUCH_MULTIPART_UPLOAD_ERROR org.apache.hadoop.ozone.om.exceptions.OMException: Abort Multipart Upload Failed: volume: 4c5f741b-5017-49e0-9ca4-057bfeeb8357bucket: c6c74371-3a4d-4ae4-a0ee-5ceaeae7913fkey: 383d64fc-3bb8-4146-bd26-e0e4ca4c2c75
	at org.apache.hadoop.ozone.om.request.s3.multipart.S3MultipartUploadAbortRequest.validateAndUpdateCache(S3MultipartUploadAbortRequest.java:158)
	at org.apache.hadoop.ozone.protocolPB.OzoneManagerRequestHandler.lambda$0(OzoneManagerRequestHandler.java:403)
	at org.apache.hadoop.util.MetricUtil.captureLatencyNs(MetricUtil.java:45)
	at org.apache.hadoop.ozone.protocolPB.OzoneManagerRequestHandler.handleWriteRequest(OzoneManagerRequestHandler.java:399)
	at org.apache.hadoop.ozone.om.ratis.OzoneManagerStateMachine.runCommand(OzoneManagerStateMachine.java:527)
	at org.apache.hadoop.ozone.om.ratis.OzoneManagerStateMachine.lambda$1(OzoneManagerStateMachine.java:345)
	at java.util.concurrent.CompletableFuture$AsyncSupply.run(CompletableFuture.java:1604)
	at java.util.concurrent.ThreadPoolExecutor.runWorker(ThreadPoolExecutor.java:1149)
	at java.util.concurrent.ThreadPoolExecutor$Worker.run(ThreadPoolExecutor.java:624)
	at java.lang.Thread.run(Thread.java:750)
]]></system-out>
  </testcase>
  <testcase name="testAbortUploadFailWithInProgressPartUpload" classname="org.apache.hadoop.ozone.client.rpc.TestSecureOzoneRpcClient" time="0.094">
    <system-out><![CDATA[2024-02-26 09:18:37,615 [main] INFO  rpc.RpcClient (RpcClient.java:createVolume(465)) - Creating Volume: 6159f8d5-2835-49f7-b19f-eaed24020358, with runner as owner and space quota set to -1 bytes, counts quota set to -1
2024-02-26 09:18:37,617 [om1-OMStateMachineApplyTransactionThread - 0] INFO  volume.OMVolumeCreateRequest (OMVolumeCreateRequest.java:validateAndUpdateCache(198)) - created volume:6159f8d5-2835-49f7-b19f-eaed24020358 for user:runner
2024-02-26 09:18:37,619 [main] INFO  rpc.RpcClient (RpcClient.java:createBucket(691)) - Creating Bucket: 6159f8d5-2835-49f7-b19f-eaed24020358/783c5a05-e580-4873-a462-bf63f2308539, with server-side default bucket layout, runner as owner, Versioning false, Storage Type set to DISK and Encryption set to false, Replication Type set to server-side default replication type, Namespace Quota set to -1, Space Quota set to -1 
2024-02-26 09:18:37,623 [om1-OMStateMachineApplyTransactionThread - 0] INFO  bucket.OMBucketCreateRequest (OMBucketCreateRequest.java:validateAndUpdateCache(292)) - created bucket: 783c5a05-e580-4873-a462-bf63f2308539 of layout OBJECT_STORE in volume: 6159f8d5-2835-49f7-b19f-eaed24020358
09:18:37.703 [om1-OMStateMachineApplyTransactionThread - 0] ERROR OMAudit - user=runner | ip=127.0.0.1 | op=COMMIT_MULTIPART_UPLOAD_PARTKEY {volume=6159f8d5-2835-49f7-b19f-eaed24020358, bucket=783c5a05-e580-4873-a462-bf63f2308539, key=58825e8d-5ed9-45a5-8827-51e052cd5b15, dataSize=4, replicationType=NONE, replicationFactor=ZERO, partNumber=1, partName=/6159f8d5-2835-49f7-b19f-eaed24020358/783c5a05-e580-4873-a462-bf63f2308539/58825e8d-5ed9-45a5-8827-51e052cd5b15-b12cf1da-8586-49f4-97fa-313df4fdb783-111997034013065223-1} | ret=FAILURE
org.apache.hadoop.ozone.om.exceptions.OMException: No such Multipart upload is with specified uploadId b12cf1da-8586-49f4-97fa-313df4fdb783-111997034013065223
	at org.apache.hadoop.ozone.om.request.s3.multipart.S3MultipartUploadCommitPartRequest.validateAndUpdateCache(S3MultipartUploadCommitPartRequest.java:190) ~[ozone-manager-1.5.0-SNAPSHOT.jar:?]
	at org.apache.hadoop.ozone.protocolPB.OzoneManagerRequestHandler.lambda$0(OzoneManagerRequestHandler.java:403) ~[ozone-manager-1.5.0-SNAPSHOT.jar:?]
	at org.apache.hadoop.util.MetricUtil.captureLatencyNs(MetricUtil.java:45) ~[hdds-common-1.5.0-SNAPSHOT.jar:?]
	at org.apache.hadoop.ozone.protocolPB.OzoneManagerRequestHandler.handleWriteRequest(OzoneManagerRequestHandler.java:399) ~[ozone-manager-1.5.0-SNAPSHOT.jar:?]
	at org.apache.hadoop.ozone.om.ratis.OzoneManagerStateMachine.runCommand(OzoneManagerStateMachine.java:527) ~[ozone-manager-1.5.0-SNAPSHOT.jar:?]
	at org.apache.hadoop.ozone.om.ratis.OzoneManagerStateMachine.lambda$1(OzoneManagerStateMachine.java:345) ~[ozone-manager-1.5.0-SNAPSHOT.jar:?]
	at java.util.concurrent.CompletableFuture$AsyncSupply.run(CompletableFuture.java:1604) [?:1.8.0_402]
	at java.util.concurrent.ThreadPoolExecutor.runWorker(ThreadPoolExecutor.java:1149) [?:1.8.0_402]
	at java.util.concurrent.ThreadPoolExecutor$Worker.run(ThreadPoolExecutor.java:624) [?:1.8.0_402]
	at java.lang.Thread.run(Thread.java:750) [?:1.8.0_402]
2024-02-26 09:18:37,704 [om1-OMStateMachineApplyTransactionThread - 0] ERROR multipart.S3MultipartUploadCommitPartRequest (S3MultipartUploadCommitPartRequest.java:logResult(334)) - MultipartUpload Commit is failed for Key:58825e8d-5ed9-45a5-8827-51e052cd5b15 in Volume/Bucket 6159f8d5-2835-49f7-b19f-eaed24020358/783c5a05-e580-4873-a462-bf63f2308539
NO_SUCH_MULTIPART_UPLOAD_ERROR org.apache.hadoop.ozone.om.exceptions.OMException: No such Multipart upload is with specified uploadId b12cf1da-8586-49f4-97fa-313df4fdb783-111997034013065223
	at org.apache.hadoop.ozone.om.request.s3.multipart.S3MultipartUploadCommitPartRequest.validateAndUpdateCache(S3MultipartUploadCommitPartRequest.java:190)
	at org.apache.hadoop.ozone.protocolPB.OzoneManagerRequestHandler.lambda$0(OzoneManagerRequestHandler.java:403)
	at org.apache.hadoop.util.MetricUtil.captureLatencyNs(MetricUtil.java:45)
	at org.apache.hadoop.ozone.protocolPB.OzoneManagerRequestHandler.handleWriteRequest(OzoneManagerRequestHandler.java:399)
	at org.apache.hadoop.ozone.om.ratis.OzoneManagerStateMachine.runCommand(OzoneManagerStateMachine.java:527)
	at org.apache.hadoop.ozone.om.ratis.OzoneManagerStateMachine.lambda$1(OzoneManagerStateMachine.java:345)
	at java.util.concurrent.CompletableFuture$AsyncSupply.run(CompletableFuture.java:1604)
	at java.util.concurrent.ThreadPoolExecutor.runWorker(ThreadPoolExecutor.java:1149)
	at java.util.concurrent.ThreadPoolExecutor$Worker.run(ThreadPoolExecutor.java:624)
	at java.lang.Thread.run(Thread.java:750)
]]></system-out>
  </testcase>
  <testcase name="testAbortUploadSuccessWithOutAnyParts" classname="org.apache.hadoop.ozone.client.rpc.TestSecureOzoneRpcClient" time="0.017">
    <system-out><![CDATA[2024-02-26 09:18:37,709 [main] INFO  rpc.RpcClient (RpcClient.java:createVolume(465)) - Creating Volume: 5d508d97-1bee-4b3c-9ef2-fc2c7e5b9cd1, with runner as owner and space quota set to -1 bytes, counts quota set to -1
2024-02-26 09:18:37,712 [om1-OMStateMachineApplyTransactionThread - 0] INFO  volume.OMVolumeCreateRequest (OMVolumeCreateRequest.java:validateAndUpdateCache(198)) - created volume:5d508d97-1bee-4b3c-9ef2-fc2c7e5b9cd1 for user:runner
2024-02-26 09:18:37,714 [main] INFO  rpc.RpcClient (RpcClient.java:createBucket(691)) - Creating Bucket: 5d508d97-1bee-4b3c-9ef2-fc2c7e5b9cd1/27c91469-2b05-4013-958a-7706cd24e164, with server-side default bucket layout, runner as owner, Versioning false, Storage Type set to DISK and Encryption set to false, Replication Type set to server-side default replication type, Namespace Quota set to -1, Space Quota set to -1 
2024-02-26 09:18:37,717 [om1-OMStateMachineApplyTransactionThread - 0] INFO  bucket.OMBucketCreateRequest (OMBucketCreateRequest.java:validateAndUpdateCache(292)) - created bucket: 27c91469-2b05-4013-958a-7706cd24e164 of layout OBJECT_STORE in volume: 5d508d97-1bee-4b3c-9ef2-fc2c7e5b9cd1
]]></system-out>
  </testcase>
  <testcase name="testAbortUploadSuccessWithParts" classname="org.apache.hadoop.ozone.client.rpc.TestSecureOzoneRpcClient" time="0.065">
    <system-out><![CDATA[2024-02-26 09:18:37,728 [main] INFO  rpc.RpcClient (RpcClient.java:createVolume(465)) - Creating Volume: b69d0c5c-888a-47db-8baf-114f97b2b5ce, with runner as owner and space quota set to -1 bytes, counts quota set to -1
2024-02-26 09:18:37,730 [om1-OMStateMachineApplyTransactionThread - 0] INFO  volume.OMVolumeCreateRequest (OMVolumeCreateRequest.java:validateAndUpdateCache(198)) - created volume:b69d0c5c-888a-47db-8baf-114f97b2b5ce for user:runner
2024-02-26 09:18:37,733 [main] INFO  rpc.RpcClient (RpcClient.java:createBucket(691)) - Creating Bucket: b69d0c5c-888a-47db-8baf-114f97b2b5ce/e34dd8cc-333a-4346-bbb3-8ee44aea6bdb, with server-side default bucket layout, runner as owner, Versioning false, Storage Type set to DISK and Encryption set to false, Replication Type set to server-side default replication type, Namespace Quota set to -1, Space Quota set to -1 
2024-02-26 09:18:37,735 [om1-OMStateMachineApplyTransactionThread - 0] INFO  bucket.OMBucketCreateRequest (OMBucketCreateRequest.java:validateAndUpdateCache(292)) - created bucket: e34dd8cc-333a-4346-bbb3-8ee44aea6bdb of layout OBJECT_STORE in volume: b69d0c5c-888a-47db-8baf-114f97b2b5ce
]]></system-out>
  </testcase>
  <testcase name="testAclsAfterCallingSetBucketProperty" classname="org.apache.hadoop.ozone.client.rpc.TestSecureOzoneRpcClient" time="0.037">
    <system-out><![CDATA[2024-02-26 09:18:37,794 [main] INFO  rpc.RpcClient (RpcClient.java:createVolume(465)) - Creating Volume: 1efcad42-fc0f-4183-8706-98f764948e41, with runner as owner and space quota set to -1 bytes, counts quota set to -1
2024-02-26 09:18:37,796 [om1-OMStateMachineApplyTransactionThread - 0] INFO  volume.OMVolumeCreateRequest (OMVolumeCreateRequest.java:validateAndUpdateCache(198)) - created volume:1efcad42-fc0f-4183-8706-98f764948e41 for user:runner
2024-02-26 09:18:37,799 [main] INFO  rpc.RpcClient (RpcClient.java:createBucket(691)) - Creating Bucket: 1efcad42-fc0f-4183-8706-98f764948e41/3c8f4be6-7328-4782-bd18-d7a0c7edaa66, with server-side default bucket layout, runner as owner, Versioning false, Storage Type set to DISK and Encryption set to false, Replication Type set to server-side default replication type, Namespace Quota set to -1, Space Quota set to -1 
2024-02-26 09:18:37,802 [om1-OMStateMachineApplyTransactionThread - 0] INFO  bucket.OMBucketCreateRequest (OMBucketCreateRequest.java:validateAndUpdateCache(292)) - created bucket: 3c8f4be6-7328-4782-bd18-d7a0c7edaa66 of layout OBJECT_STORE in volume: 1efcad42-fc0f-4183-8706-98f764948e41
]]></system-out>
  </testcase>
  <testcase name="testAddBucketAcl" classname="org.apache.hadoop.ozone.client.rpc.TestSecureOzoneRpcClient" time="0.076">
    <system-out><![CDATA[2024-02-26 09:18:37,831 [main] INFO  rpc.RpcClient (RpcClient.java:createVolume(465)) - Creating Volume: 4c31c034-c4b3-45ae-bdbf-af2ed99a8888, with runner as owner and space quota set to -1 bytes, counts quota set to -1
2024-02-26 09:18:37,834 [om1-OMStateMachineApplyTransactionThread - 0] INFO  volume.OMVolumeCreateRequest (OMVolumeCreateRequest.java:validateAndUpdateCache(198)) - created volume:4c31c034-c4b3-45ae-bdbf-af2ed99a8888 for user:runner
2024-02-26 09:18:37,837 [main] INFO  rpc.RpcClient (RpcClient.java:createBucket(691)) - Creating Bucket: 4c31c034-c4b3-45ae-bdbf-af2ed99a8888/b7ee9ebe-428d-490f-8c49-49a64df83b37, with server-side default bucket layout, runner as owner, Versioning false, Storage Type set to DISK and Encryption set to false, Replication Type set to server-side default replication type, Namespace Quota set to -1, Space Quota set to -1 
2024-02-26 09:18:37,839 [om1-OMStateMachineApplyTransactionThread - 0] INFO  bucket.OMBucketCreateRequest (OMBucketCreateRequest.java:validateAndUpdateCache(292)) - created bucket: b7ee9ebe-428d-490f-8c49-49a64df83b37 of layout OBJECT_STORE in volume: 4c31c034-c4b3-45ae-bdbf-af2ed99a8888
]]></system-out>
  </testcase>
  <testcase name="testBucketQuota(ReplicationConfig)[1]" classname="org.apache.hadoop.ozone.client.rpc.TestSecureOzoneRpcClient" time="0.534">
    <system-out><![CDATA[2024-02-26 09:18:37,911 [main] INFO  rpc.RpcClient (RpcClient.java:createVolume(465)) - Creating Volume: 89bcff06-3aa4-4cd8-bf4e-3d38ee911d15, with runner as owner and space quota set to -1 bytes, counts quota set to -1
2024-02-26 09:18:37,915 [om1-OMStateMachineApplyTransactionThread - 0] INFO  volume.OMVolumeCreateRequest (OMVolumeCreateRequest.java:validateAndUpdateCache(198)) - created volume:89bcff06-3aa4-4cd8-bf4e-3d38ee911d15 for user:runner
2024-02-26 09:18:37,917 [main] INFO  rpc.RpcClient (RpcClient.java:createBucket(691)) - Creating Bucket: 89bcff06-3aa4-4cd8-bf4e-3d38ee911d15/760629ed-555c-492a-b2f0-f3aa664d3d4e, with server-side default bucket layout, runner as owner, Versioning false, Storage Type set to DISK and Encryption set to false, Replication Type set to server-side default replication type, Namespace Quota set to -1, Space Quota set to -1 
2024-02-26 09:18:37,920 [om1-OMStateMachineApplyTransactionThread - 0] INFO  bucket.OMBucketCreateRequest (OMBucketCreateRequest.java:validateAndUpdateCache(292)) - created bucket: 760629ed-555c-492a-b2f0-f3aa664d3d4e of layout OBJECT_STORE in volume: 89bcff06-3aa4-4cd8-bf4e-3d38ee911d15
2024-02-26 09:18:37,966 [main] INFO  rpc.RpcClient (RpcClient.java:createVolume(465)) - Creating Volume: 2bce5bea-b127-4a71-b848-1e588055d884, with runner as owner and space quota set to -1 bytes, counts quota set to -1
2024-02-26 09:18:37,968 [om1-OMStateMachineApplyTransactionThread - 0] INFO  volume.OMVolumeCreateRequest (OMVolumeCreateRequest.java:validateAndUpdateCache(198)) - created volume:2bce5bea-b127-4a71-b848-1e588055d884 for user:runner
2024-02-26 09:18:37,972 [main] INFO  rpc.RpcClient (RpcClient.java:createBucket(691)) - Creating Bucket: 2bce5bea-b127-4a71-b848-1e588055d884/c52fc7d3-2705-493d-a317-e48d768c59a0, with server-side default bucket layout, runner as owner, Versioning false, Storage Type set to DISK and Encryption set to false, Replication Type set to server-side default replication type, Namespace Quota set to -1, Space Quota set to -1 
2024-02-26 09:18:37,974 [om1-OMStateMachineApplyTransactionThread - 0] INFO  bucket.OMBucketCreateRequest (OMBucketCreateRequest.java:validateAndUpdateCache(292)) - created bucket: c52fc7d3-2705-493d-a317-e48d768c59a0 of layout OBJECT_STORE in volume: 2bce5bea-b127-4a71-b848-1e588055d884
2024-02-26 09:18:38,074 [main] INFO  rpc.RpcClient (RpcClient.java:createVolume(465)) - Creating Volume: e2fc8cd8-5b0e-4c33-a4ad-84f931b3670d, with runner as owner and space quota set to -1 bytes, counts quota set to -1
2024-02-26 09:18:38,077 [om1-OMStateMachineApplyTransactionThread - 0] INFO  volume.OMVolumeCreateRequest (OMVolumeCreateRequest.java:validateAndUpdateCache(198)) - created volume:e2fc8cd8-5b0e-4c33-a4ad-84f931b3670d for user:runner
2024-02-26 09:18:38,079 [main] INFO  rpc.RpcClient (RpcClient.java:createBucket(691)) - Creating Bucket: e2fc8cd8-5b0e-4c33-a4ad-84f931b3670d/2e0653ff-79dc-47b2-b86c-d5074084819b, with server-side default bucket layout, runner as owner, Versioning false, Storage Type set to DISK and Encryption set to false, Replication Type set to server-side default replication type, Namespace Quota set to -1, Space Quota set to -1 
2024-02-26 09:18:38,081 [om1-OMStateMachineApplyTransactionThread - 0] INFO  bucket.OMBucketCreateRequest (OMBucketCreateRequest.java:validateAndUpdateCache(292)) - created bucket: 2e0653ff-79dc-47b2-b86c-d5074084819b of layout OBJECT_STORE in volume: e2fc8cd8-5b0e-4c33-a4ad-84f931b3670d
2024-02-26 09:18:38,243 [main] INFO  rpc.RpcClient (RpcClient.java:createVolume(465)) - Creating Volume: fbbe65e1-a261-41c8-bbf8-dd8a9ed0a8db, with runner as owner and space quota set to -1 bytes, counts quota set to -1
2024-02-26 09:18:38,245 [om1-OMStateMachineApplyTransactionThread - 0] INFO  volume.OMVolumeCreateRequest (OMVolumeCreateRequest.java:validateAndUpdateCache(198)) - created volume:fbbe65e1-a261-41c8-bbf8-dd8a9ed0a8db for user:runner
2024-02-26 09:18:38,247 [main] INFO  rpc.RpcClient (RpcClient.java:createBucket(691)) - Creating Bucket: fbbe65e1-a261-41c8-bbf8-dd8a9ed0a8db/1fea782d-04a3-4719-9f2b-e4424d27d47b, with server-side default bucket layout, runner as owner, Versioning false, Storage Type set to DISK and Encryption set to false, Replication Type set to server-side default replication type, Namespace Quota set to -1, Space Quota set to -1 
2024-02-26 09:18:38,249 [om1-OMStateMachineApplyTransactionThread - 0] INFO  bucket.OMBucketCreateRequest (OMBucketCreateRequest.java:validateAndUpdateCache(292)) - created bucket: 1fea782d-04a3-4719-9f2b-e4424d27d47b of layout OBJECT_STORE in volume: fbbe65e1-a261-41c8-bbf8-dd8a9ed0a8db
]]></system-out>
  </testcase>
  <testcase name="testBucketQuota(ReplicationConfig)[2]" classname="org.apache.hadoop.ozone.client.rpc.TestSecureOzoneRpcClient" time="2.799">
    <system-out><![CDATA[2024-02-26 09:18:38,446 [main] INFO  rpc.RpcClient (RpcClient.java:createVolume(465)) - Creating Volume: 329dbefb-8cf5-4160-8a3b-70cbe70124d8, with runner as owner and space quota set to -1 bytes, counts quota set to -1
2024-02-26 09:18:38,448 [om1-OMStateMachineApplyTransactionThread - 0] INFO  volume.OMVolumeCreateRequest (OMVolumeCreateRequest.java:validateAndUpdateCache(198)) - created volume:329dbefb-8cf5-4160-8a3b-70cbe70124d8 for user:runner
2024-02-26 09:18:38,450 [main] INFO  rpc.RpcClient (RpcClient.java:createBucket(691)) - Creating Bucket: 329dbefb-8cf5-4160-8a3b-70cbe70124d8/d689fcf1-b72c-4aae-a1cf-388d1506ebc5, with server-side default bucket layout, runner as owner, Versioning false, Storage Type set to DISK and Encryption set to false, Replication Type set to server-side default replication type, Namespace Quota set to -1, Space Quota set to -1 
2024-02-26 09:18:38,452 [om1-OMStateMachineApplyTransactionThread - 0] INFO  bucket.OMBucketCreateRequest (OMBucketCreateRequest.java:validateAndUpdateCache(292)) - created bucket: d689fcf1-b72c-4aae-a1cf-388d1506ebc5 of layout OBJECT_STORE in volume: 329dbefb-8cf5-4160-8a3b-70cbe70124d8
2024-02-26 09:18:38,491 [main] INFO  rpc.RpcClient (RpcClient.java:createVolume(465)) - Creating Volume: e8d79d69-e7ff-43ad-ab1b-2dab0c4c8a6b, with runner as owner and space quota set to -1 bytes, counts quota set to -1
2024-02-26 09:18:38,493 [om1-OMStateMachineApplyTransactionThread - 0] INFO  volume.OMVolumeCreateRequest (OMVolumeCreateRequest.java:validateAndUpdateCache(198)) - created volume:e8d79d69-e7ff-43ad-ab1b-2dab0c4c8a6b for user:runner
2024-02-26 09:18:38,496 [main] INFO  rpc.RpcClient (RpcClient.java:createBucket(691)) - Creating Bucket: e8d79d69-e7ff-43ad-ab1b-2dab0c4c8a6b/456bffdd-ecab-475d-9439-c77683429bf0, with server-side default bucket layout, runner as owner, Versioning false, Storage Type set to DISK and Encryption set to false, Replication Type set to server-side default replication type, Namespace Quota set to -1, Space Quota set to -1 
2024-02-26 09:18:38,498 [om1-OMStateMachineApplyTransactionThread - 0] INFO  bucket.OMBucketCreateRequest (OMBucketCreateRequest.java:validateAndUpdateCache(292)) - created bucket: 456bffdd-ecab-475d-9439-c77683429bf0 of layout OBJECT_STORE in volume: e8d79d69-e7ff-43ad-ab1b-2dab0c4c8a6b
2024-02-26 09:18:38,662 [main] INFO  rpc.RpcClient (RpcClient.java:createVolume(465)) - Creating Volume: 704d792f-e554-4b54-a35b-86b2c3ae293c, with runner as owner and space quota set to -1 bytes, counts quota set to -1
2024-02-26 09:18:38,664 [om1-OMStateMachineApplyTransactionThread - 0] INFO  volume.OMVolumeCreateRequest (OMVolumeCreateRequest.java:validateAndUpdateCache(198)) - created volume:704d792f-e554-4b54-a35b-86b2c3ae293c for user:runner
2024-02-26 09:18:38,666 [main] INFO  rpc.RpcClient (RpcClient.java:createBucket(691)) - Creating Bucket: 704d792f-e554-4b54-a35b-86b2c3ae293c/6f766430-9c62-4cd8-be8c-885954bf6a58, with server-side default bucket layout, runner as owner, Versioning false, Storage Type set to DISK and Encryption set to false, Replication Type set to server-side default replication type, Namespace Quota set to -1, Space Quota set to -1 
2024-02-26 09:18:38,667 [om1-OMStateMachineApplyTransactionThread - 0] INFO  bucket.OMBucketCreateRequest (OMBucketCreateRequest.java:validateAndUpdateCache(292)) - created bucket: 6f766430-9c62-4cd8-be8c-885954bf6a58 of layout OBJECT_STORE in volume: 704d792f-e554-4b54-a35b-86b2c3ae293c
2024-02-26 09:18:38,993 [main] INFO  rpc.RpcClient (RpcClient.java:createVolume(465)) - Creating Volume: ce61409b-c73b-4ef5-af40-8fc94f7b732f, with runner as owner and space quota set to -1 bytes, counts quota set to -1
2024-02-26 09:18:38,995 [om1-OMStateMachineApplyTransactionThread - 0] INFO  volume.OMVolumeCreateRequest (OMVolumeCreateRequest.java:validateAndUpdateCache(198)) - created volume:ce61409b-c73b-4ef5-af40-8fc94f7b732f for user:runner
2024-02-26 09:18:38,997 [main] INFO  rpc.RpcClient (RpcClient.java:createBucket(691)) - Creating Bucket: ce61409b-c73b-4ef5-af40-8fc94f7b732f/cdf6bc88-5855-42c3-a910-22cc2c92a351, with server-side default bucket layout, runner as owner, Versioning false, Storage Type set to DISK and Encryption set to false, Replication Type set to server-side default replication type, Namespace Quota set to -1, Space Quota set to -1 
2024-02-26 09:18:38,999 [om1-OMStateMachineApplyTransactionThread - 0] INFO  bucket.OMBucketCreateRequest (OMBucketCreateRequest.java:validateAndUpdateCache(292)) - created bucket: cdf6bc88-5855-42c3-a910-22cc2c92a351 of layout OBJECT_STORE in volume: ce61409b-c73b-4ef5-af40-8fc94f7b732f
2024-02-26 09:18:39,414 [main] INFO  rpc.RpcClient (RpcClient.java:createVolume(465)) - Creating Volume: bf814d05-71c7-450b-98a3-9f565fed8436, with runner as owner and space quota set to -1 bytes, counts quota set to -1
2024-02-26 09:18:39,417 [om1-OMStateMachineApplyTransactionThread - 0] INFO  volume.OMVolumeCreateRequest (OMVolumeCreateRequest.java:validateAndUpdateCache(198)) - created volume:bf814d05-71c7-450b-98a3-9f565fed8436 for user:runner
2024-02-26 09:18:39,419 [main] INFO  rpc.RpcClient (RpcClient.java:createBucket(691)) - Creating Bucket: bf814d05-71c7-450b-98a3-9f565fed8436/39922743-ae7d-4e80-a931-9aeec777c828, with server-side default bucket layout, runner as owner, Versioning false, Storage Type set to DISK and Encryption set to false, Replication Type set to server-side default replication type, Namespace Quota set to -1, Space Quota set to -1 
2024-02-26 09:18:39,421 [om1-OMStateMachineApplyTransactionThread - 0] INFO  bucket.OMBucketCreateRequest (OMBucketCreateRequest.java:validateAndUpdateCache(292)) - created bucket: 39922743-ae7d-4e80-a931-9aeec777c828 of layout OBJECT_STORE in volume: bf814d05-71c7-450b-98a3-9f565fed8436
2024-02-26 09:18:39,775 [main] INFO  rpc.RpcClient (RpcClient.java:createVolume(465)) - Creating Volume: fcbffa40-6878-411d-9a11-dd9828b27f1a, with runner as owner and space quota set to -1 bytes, counts quota set to -1
2024-02-26 09:18:39,777 [om1-OMStateMachineApplyTransactionThread - 0] INFO  volume.OMVolumeCreateRequest (OMVolumeCreateRequest.java:validateAndUpdateCache(198)) - created volume:fcbffa40-6878-411d-9a11-dd9828b27f1a for user:runner
2024-02-26 09:18:39,779 [main] INFO  rpc.RpcClient (RpcClient.java:createBucket(691)) - Creating Bucket: fcbffa40-6878-411d-9a11-dd9828b27f1a/403611d7-042b-4608-9ac0-7bb96f0b6e8a, with server-side default bucket layout, runner as owner, Versioning false, Storage Type set to DISK and Encryption set to false, Replication Type set to server-side default replication type, Namespace Quota set to -1, Space Quota set to -1 
2024-02-26 09:18:39,781 [om1-OMStateMachineApplyTransactionThread - 0] INFO  bucket.OMBucketCreateRequest (OMBucketCreateRequest.java:validateAndUpdateCache(292)) - created bucket: 403611d7-042b-4608-9ac0-7bb96f0b6e8a of layout OBJECT_STORE in volume: fcbffa40-6878-411d-9a11-dd9828b27f1a
2024-02-26 09:18:40,333 [main] INFO  rpc.RpcClient (RpcClient.java:createVolume(465)) - Creating Volume: 6b709d01-c088-40f2-bb29-fb6be77109d7, with runner as owner and space quota set to -1 bytes, counts quota set to -1
2024-02-26 09:18:40,335 [om1-OMStateMachineApplyTransactionThread - 0] INFO  volume.OMVolumeCreateRequest (OMVolumeCreateRequest.java:validateAndUpdateCache(198)) - created volume:6b709d01-c088-40f2-bb29-fb6be77109d7 for user:runner
2024-02-26 09:18:40,339 [main] INFO  rpc.RpcClient (RpcClient.java:createBucket(691)) - Creating Bucket: 6b709d01-c088-40f2-bb29-fb6be77109d7/286470ce-f34a-49d0-b072-f9a58dd0a821, with server-side default bucket layout, runner as owner, Versioning false, Storage Type set to DISK and Encryption set to false, Replication Type set to server-side default replication type, Namespace Quota set to -1, Space Quota set to -1 
2024-02-26 09:18:40,341 [om1-OMStateMachineApplyTransactionThread - 0] INFO  bucket.OMBucketCreateRequest (OMBucketCreateRequest.java:validateAndUpdateCache(292)) - created bucket: 286470ce-f34a-49d0-b072-f9a58dd0a821 of layout OBJECT_STORE in volume: 6b709d01-c088-40f2-bb29-fb6be77109d7
2024-02-26 09:18:40,794 [main] INFO  rpc.RpcClient (RpcClient.java:createVolume(465)) - Creating Volume: cad3eee8-2a22-477d-b2aa-a49c9bdf2be3, with runner as owner and space quota set to -1 bytes, counts quota set to -1
2024-02-26 09:18:40,796 [om1-OMStateMachineApplyTransactionThread - 0] INFO  volume.OMVolumeCreateRequest (OMVolumeCreateRequest.java:validateAndUpdateCache(198)) - created volume:cad3eee8-2a22-477d-b2aa-a49c9bdf2be3 for user:runner
2024-02-26 09:18:40,798 [main] INFO  rpc.RpcClient (RpcClient.java:createBucket(691)) - Creating Bucket: cad3eee8-2a22-477d-b2aa-a49c9bdf2be3/979f91eb-26e0-47c5-bbd5-130c2ab203fc, with server-side default bucket layout, runner as owner, Versioning false, Storage Type set to DISK and Encryption set to false, Replication Type set to server-side default replication type, Namespace Quota set to -1, Space Quota set to -1 
2024-02-26 09:18:40,799 [om1-OMStateMachineApplyTransactionThread - 0] INFO  bucket.OMBucketCreateRequest (OMBucketCreateRequest.java:validateAndUpdateCache(292)) - created bucket: 979f91eb-26e0-47c5-bbd5-130c2ab203fc of layout OBJECT_STORE in volume: cad3eee8-2a22-477d-b2aa-a49c9bdf2be3
]]></system-out>
  </testcase>
  <testcase name="testBucketQuota(ReplicationConfig)[3]" classname="org.apache.hadoop.ozone.client.rpc.TestSecureOzoneRpcClient" time="2.587">
    <system-out><![CDATA[2024-02-26 09:18:41,245 [main] INFO  rpc.RpcClient (RpcClient.java:createVolume(465)) - Creating Volume: 4e97d0ae-36de-4ee1-bac5-cd6eaac0f9d9, with runner as owner and space quota set to -1 bytes, counts quota set to -1
2024-02-26 09:18:41,247 [om1-OMStateMachineApplyTransactionThread - 0] INFO  volume.OMVolumeCreateRequest (OMVolumeCreateRequest.java:validateAndUpdateCache(198)) - created volume:4e97d0ae-36de-4ee1-bac5-cd6eaac0f9d9 for user:runner
2024-02-26 09:18:41,249 [main] INFO  rpc.RpcClient (RpcClient.java:createBucket(691)) - Creating Bucket: 4e97d0ae-36de-4ee1-bac5-cd6eaac0f9d9/ddb60a9e-2557-49ab-831b-b953a552049e, with server-side default bucket layout, runner as owner, Versioning false, Storage Type set to DISK and Encryption set to false, Replication Type set to server-side default replication type, Namespace Quota set to -1, Space Quota set to -1 
2024-02-26 09:18:41,250 [om1-OMStateMachineApplyTransactionThread - 0] INFO  bucket.OMBucketCreateRequest (OMBucketCreateRequest.java:validateAndUpdateCache(292)) - created bucket: ddb60a9e-2557-49ab-831b-b953a552049e of layout OBJECT_STORE in volume: 4e97d0ae-36de-4ee1-bac5-cd6eaac0f9d9
2024-02-26 09:18:41,257 [IPC Server handler 3 on default port 15001] INFO  algorithms.SCMContainerPlacementRackScatter (SCMContainerPlacementRackScatter.java:chooseDatanodesInternal(370)) - Chosen nodes: [87e9945c-a125-4404-bbe2-61a5a4b10cf4(fv-az1109-796.pxagtw4bd2yejgkn5xrroktb3f.dx.internal.cloudapp.net/10.1.0.30), a70c1067-2103-48d8-b21c-f7bdcf327398(fv-az1109-796.pxagtw4bd2yejgkn5xrroktb3f.dx.internal.cloudapp.net/10.1.0.30), 805285a9-14be-4ba5-9516-049ed8f85315(fv-az1109-796.pxagtw4bd2yejgkn5xrroktb3f.dx.internal.cloudapp.net/10.1.0.30), 8b754925-a2c8-41f5-ba18-fc172404abb1(fv-az1109-796.pxagtw4bd2yejgkn5xrroktb3f.dx.internal.cloudapp.net/10.1.0.30), 4e76a5f4-598e-407f-bd79-992a553d1db1(fv-az1109-796.pxagtw4bd2yejgkn5xrroktb3f.dx.internal.cloudapp.net/10.1.0.30)]. isPolicySatisfied: true.
2024-02-26 09:18:41,259 [IPC Server handler 3 on default port 15001] INFO  pipeline.WritableECContainerProvider (WritableECContainerProvider.java:allocateContainer(211)) - Created and opened new pipeline Pipeline[ Id: 493ca287-baeb-4742-a28f-87cea7f92003, Nodes: 87e9945c-a125-4404-bbe2-61a5a4b10cf4(fv-az1109-796.pxagtw4bd2yejgkn5xrroktb3f.dx.internal.cloudapp.net/10.1.0.30)a70c1067-2103-48d8-b21c-f7bdcf327398(fv-az1109-796.pxagtw4bd2yejgkn5xrroktb3f.dx.internal.cloudapp.net/10.1.0.30)805285a9-14be-4ba5-9516-049ed8f85315(fv-az1109-796.pxagtw4bd2yejgkn5xrroktb3f.dx.internal.cloudapp.net/10.1.0.30)8b754925-a2c8-41f5-ba18-fc172404abb1(fv-az1109-796.pxagtw4bd2yejgkn5xrroktb3f.dx.internal.cloudapp.net/10.1.0.30)4e76a5f4-598e-407f-bd79-992a553d1db1(fv-az1109-796.pxagtw4bd2yejgkn5xrroktb3f.dx.internal.cloudapp.net/10.1.0.30), ReplicationConfig: EC{rs-3-2-1024k}, State:ALLOCATED, leaderId:, CreationTimestamp2024-02-26T09:18:41.257Z[Etc/UTC]]
2024-02-26 09:18:41,286 [main] WARN  erasurecode.ErasureCodeNative (ErasureCodeNative.java:<clinit>(55)) - ISA-L support is not available in your platform... using builtin-java codec where applicable
2024-02-26 09:18:41,374 [IPC Server handler 6 on default port 15001] INFO  algorithms.SCMContainerPlacementRackScatter (SCMContainerPlacementRackScatter.java:chooseDatanodesInternal(370)) - Chosen nodes: [f0a2b3de-ed07-43d6-bdce-9d4b8e15ed2c(fv-az1109-796.pxagtw4bd2yejgkn5xrroktb3f.dx.internal.cloudapp.net/10.1.0.30), 90984f07-37f5-40e1-bf66-3a8ca2321052(fv-az1109-796.pxagtw4bd2yejgkn5xrroktb3f.dx.internal.cloudapp.net/10.1.0.30), 1fc8e30e-bcf6-4a54-bb04-f74c1c9f090e(fv-az1109-796.pxagtw4bd2yejgkn5xrroktb3f.dx.internal.cloudapp.net/10.1.0.30), 62c7a6b6-874c-46f0-a24f-66d1ecaaa81b(fv-az1109-796.pxagtw4bd2yejgkn5xrroktb3f.dx.internal.cloudapp.net/10.1.0.30), bca0bda6-c24b-45de-ae86-b5c7c2d890ab(fv-az1109-796.pxagtw4bd2yejgkn5xrroktb3f.dx.internal.cloudapp.net/10.1.0.30)]. isPolicySatisfied: true.
2024-02-26 09:18:41,376 [IPC Server handler 6 on default port 15001] INFO  pipeline.WritableECContainerProvider (WritableECContainerProvider.java:allocateContainer(211)) - Created and opened new pipeline Pipeline[ Id: fb00984c-d35c-4467-ba3d-c27049de112c, Nodes: f0a2b3de-ed07-43d6-bdce-9d4b8e15ed2c(fv-az1109-796.pxagtw4bd2yejgkn5xrroktb3f.dx.internal.cloudapp.net/10.1.0.30)90984f07-37f5-40e1-bf66-3a8ca2321052(fv-az1109-796.pxagtw4bd2yejgkn5xrroktb3f.dx.internal.cloudapp.net/10.1.0.30)1fc8e30e-bcf6-4a54-bb04-f74c1c9f090e(fv-az1109-796.pxagtw4bd2yejgkn5xrroktb3f.dx.internal.cloudapp.net/10.1.0.30)62c7a6b6-874c-46f0-a24f-66d1ecaaa81b(fv-az1109-796.pxagtw4bd2yejgkn5xrroktb3f.dx.internal.cloudapp.net/10.1.0.30)bca0bda6-c24b-45de-ae86-b5c7c2d890ab(fv-az1109-796.pxagtw4bd2yejgkn5xrroktb3f.dx.internal.cloudapp.net/10.1.0.30), ReplicationConfig: EC{rs-3-2-1024k}, State:ALLOCATED, leaderId:, CreationTimestamp2024-02-26T09:18:41.374Z[Etc/UTC]]
2024-02-26 09:18:41,393 [main] INFO  rpc.RpcClient (RpcClient.java:createVolume(465)) - Creating Volume: c9fe20e3-2bc6-4c36-882c-cf2c1a92fd23, with runner as owner and space quota set to -1 bytes, counts quota set to -1
2024-02-26 09:18:41,395 [om1-OMStateMachineApplyTransactionThread - 0] INFO  volume.OMVolumeCreateRequest (OMVolumeCreateRequest.java:validateAndUpdateCache(198)) - created volume:c9fe20e3-2bc6-4c36-882c-cf2c1a92fd23 for user:runner
2024-02-26 09:18:41,396 [main] INFO  rpc.RpcClient (RpcClient.java:createBucket(691)) - Creating Bucket: c9fe20e3-2bc6-4c36-882c-cf2c1a92fd23/f38d09da-2cc9-41e8-b59e-5b7d39d2bdba, with server-side default bucket layout, runner as owner, Versioning false, Storage Type set to DISK and Encryption set to false, Replication Type set to server-side default replication type, Namespace Quota set to -1, Space Quota set to -1 
2024-02-26 09:18:41,398 [om1-OMStateMachineApplyTransactionThread - 0] INFO  bucket.OMBucketCreateRequest (OMBucketCreateRequest.java:validateAndUpdateCache(292)) - created bucket: f38d09da-2cc9-41e8-b59e-5b7d39d2bdba of layout OBJECT_STORE in volume: c9fe20e3-2bc6-4c36-882c-cf2c1a92fd23
2024-02-26 09:18:41,402 [IPC Server handler 7 on default port 15001] INFO  algorithms.SCMContainerPlacementRackScatter (SCMContainerPlacementRackScatter.java:chooseDatanodesInternal(370)) - Chosen nodes: [b254f787-4ade-443a-8cd7-22935f345023(fv-az1109-796.pxagtw4bd2yejgkn5xrroktb3f.dx.internal.cloudapp.net/10.1.0.30), 4e76a5f4-598e-407f-bd79-992a553d1db1(fv-az1109-796.pxagtw4bd2yejgkn5xrroktb3f.dx.internal.cloudapp.net/10.1.0.30), a70c1067-2103-48d8-b21c-f7bdcf327398(fv-az1109-796.pxagtw4bd2yejgkn5xrroktb3f.dx.internal.cloudapp.net/10.1.0.30), 90984f07-37f5-40e1-bf66-3a8ca2321052(fv-az1109-796.pxagtw4bd2yejgkn5xrroktb3f.dx.internal.cloudapp.net/10.1.0.30), 8b754925-a2c8-41f5-ba18-fc172404abb1(fv-az1109-796.pxagtw4bd2yejgkn5xrroktb3f.dx.internal.cloudapp.net/10.1.0.30)]. isPolicySatisfied: true.
2024-02-26 09:18:41,403 [IPC Server handler 7 on default port 15001] INFO  pipeline.WritableECContainerProvider (WritableECContainerProvider.java:allocateContainer(211)) - Created and opened new pipeline Pipeline[ Id: 88bf0017-b846-44e2-9a11-821281a4796e, Nodes: b254f787-4ade-443a-8cd7-22935f345023(fv-az1109-796.pxagtw4bd2yejgkn5xrroktb3f.dx.internal.cloudapp.net/10.1.0.30)4e76a5f4-598e-407f-bd79-992a553d1db1(fv-az1109-796.pxagtw4bd2yejgkn5xrroktb3f.dx.internal.cloudapp.net/10.1.0.30)a70c1067-2103-48d8-b21c-f7bdcf327398(fv-az1109-796.pxagtw4bd2yejgkn5xrroktb3f.dx.internal.cloudapp.net/10.1.0.30)90984f07-37f5-40e1-bf66-3a8ca2321052(fv-az1109-796.pxagtw4bd2yejgkn5xrroktb3f.dx.internal.cloudapp.net/10.1.0.30)8b754925-a2c8-41f5-ba18-fc172404abb1(fv-az1109-796.pxagtw4bd2yejgkn5xrroktb3f.dx.internal.cloudapp.net/10.1.0.30), ReplicationConfig: EC{rs-3-2-1024k}, State:ALLOCATED, leaderId:, CreationTimestamp2024-02-26T09:18:41.402Z[Etc/UTC]]
2024-02-26 09:18:41,494 [IPC Server handler 2 on default port 15001] INFO  algorithms.SCMContainerPlacementRackScatter (SCMContainerPlacementRackScatter.java:chooseDatanodesInternal(370)) - Chosen nodes: [1fc8e30e-bcf6-4a54-bb04-f74c1c9f090e(fv-az1109-796.pxagtw4bd2yejgkn5xrroktb3f.dx.internal.cloudapp.net/10.1.0.30), 805285a9-14be-4ba5-9516-049ed8f85315(fv-az1109-796.pxagtw4bd2yejgkn5xrroktb3f.dx.internal.cloudapp.net/10.1.0.30), f4d7646f-0fb1-4da2-a8dc-21597b443f6f(fv-az1109-796.pxagtw4bd2yejgkn5xrroktb3f.dx.internal.cloudapp.net/10.1.0.30), bca0bda6-c24b-45de-ae86-b5c7c2d890ab(fv-az1109-796.pxagtw4bd2yejgkn5xrroktb3f.dx.internal.cloudapp.net/10.1.0.30), 8b754925-a2c8-41f5-ba18-fc172404abb1(fv-az1109-796.pxagtw4bd2yejgkn5xrroktb3f.dx.internal.cloudapp.net/10.1.0.30)]. isPolicySatisfied: true.
2024-02-26 09:18:41,496 [IPC Server handler 2 on default port 15001] INFO  pipeline.WritableECContainerProvider (WritableECContainerProvider.java:allocateContainer(211)) - Created and opened new pipeline Pipeline[ Id: 935f9549-3297-4c9d-98a5-f5d35fdfb1c4, Nodes: 1fc8e30e-bcf6-4a54-bb04-f74c1c9f090e(fv-az1109-796.pxagtw4bd2yejgkn5xrroktb3f.dx.internal.cloudapp.net/10.1.0.30)805285a9-14be-4ba5-9516-049ed8f85315(fv-az1109-796.pxagtw4bd2yejgkn5xrroktb3f.dx.internal.cloudapp.net/10.1.0.30)f4d7646f-0fb1-4da2-a8dc-21597b443f6f(fv-az1109-796.pxagtw4bd2yejgkn5xrroktb3f.dx.internal.cloudapp.net/10.1.0.30)bca0bda6-c24b-45de-ae86-b5c7c2d890ab(fv-az1109-796.pxagtw4bd2yejgkn5xrroktb3f.dx.internal.cloudapp.net/10.1.0.30)8b754925-a2c8-41f5-ba18-fc172404abb1(fv-az1109-796.pxagtw4bd2yejgkn5xrroktb3f.dx.internal.cloudapp.net/10.1.0.30), ReplicationConfig: EC{rs-3-2-1024k}, State:ALLOCATED, leaderId:, CreationTimestamp2024-02-26T09:18:41.494Z[Etc/UTC]]
2024-02-26 09:18:41,564 [main] INFO  rpc.RpcClient (RpcClient.java:createVolume(465)) - Creating Volume: ddb229e4-0609-46a9-90e6-912300243f2e, with runner as owner and space quota set to -1 bytes, counts quota set to -1
2024-02-26 09:18:41,566 [om1-OMStateMachineApplyTransactionThread - 0] INFO  volume.OMVolumeCreateRequest (OMVolumeCreateRequest.java:validateAndUpdateCache(198)) - created volume:ddb229e4-0609-46a9-90e6-912300243f2e for user:runner
2024-02-26 09:18:41,567 [main] INFO  rpc.RpcClient (RpcClient.java:createBucket(691)) - Creating Bucket: ddb229e4-0609-46a9-90e6-912300243f2e/d0a8b545-cba5-4a45-a39a-1f9295124587, with server-side default bucket layout, runner as owner, Versioning false, Storage Type set to DISK and Encryption set to false, Replication Type set to server-side default replication type, Namespace Quota set to -1, Space Quota set to -1 
2024-02-26 09:18:41,568 [om1-OMStateMachineApplyTransactionThread - 0] INFO  bucket.OMBucketCreateRequest (OMBucketCreateRequest.java:validateAndUpdateCache(292)) - created bucket: d0a8b545-cba5-4a45-a39a-1f9295124587 of layout OBJECT_STORE in volume: ddb229e4-0609-46a9-90e6-912300243f2e
2024-02-26 09:18:41,571 [IPC Server handler 5 on default port 15001] INFO  algorithms.SCMContainerPlacementRackScatter (SCMContainerPlacementRackScatter.java:chooseDatanodesInternal(370)) - Chosen nodes: [1fc8e30e-bcf6-4a54-bb04-f74c1c9f090e(fv-az1109-796.pxagtw4bd2yejgkn5xrroktb3f.dx.internal.cloudapp.net/10.1.0.30), 62c7a6b6-874c-46f0-a24f-66d1ecaaa81b(fv-az1109-796.pxagtw4bd2yejgkn5xrroktb3f.dx.internal.cloudapp.net/10.1.0.30), 4e76a5f4-598e-407f-bd79-992a553d1db1(fv-az1109-796.pxagtw4bd2yejgkn5xrroktb3f.dx.internal.cloudapp.net/10.1.0.30), bca0bda6-c24b-45de-ae86-b5c7c2d890ab(fv-az1109-796.pxagtw4bd2yejgkn5xrroktb3f.dx.internal.cloudapp.net/10.1.0.30), 90984f07-37f5-40e1-bf66-3a8ca2321052(fv-az1109-796.pxagtw4bd2yejgkn5xrroktb3f.dx.internal.cloudapp.net/10.1.0.30)]. isPolicySatisfied: true.
2024-02-26 09:18:41,573 [IPC Server handler 5 on default port 15001] INFO  pipeline.WritableECContainerProvider (WritableECContainerProvider.java:allocateContainer(211)) - Created and opened new pipeline Pipeline[ Id: 96ec7057-a4f1-44a2-94d4-bfa863ebadff, Nodes: 1fc8e30e-bcf6-4a54-bb04-f74c1c9f090e(fv-az1109-796.pxagtw4bd2yejgkn5xrroktb3f.dx.internal.cloudapp.net/10.1.0.30)62c7a6b6-874c-46f0-a24f-66d1ecaaa81b(fv-az1109-796.pxagtw4bd2yejgkn5xrroktb3f.dx.internal.cloudapp.net/10.1.0.30)4e76a5f4-598e-407f-bd79-992a553d1db1(fv-az1109-796.pxagtw4bd2yejgkn5xrroktb3f.dx.internal.cloudapp.net/10.1.0.30)bca0bda6-c24b-45de-ae86-b5c7c2d890ab(fv-az1109-796.pxagtw4bd2yejgkn5xrroktb3f.dx.internal.cloudapp.net/10.1.0.30)90984f07-37f5-40e1-bf66-3a8ca2321052(fv-az1109-796.pxagtw4bd2yejgkn5xrroktb3f.dx.internal.cloudapp.net/10.1.0.30), ReplicationConfig: EC{rs-3-2-1024k}, State:ALLOCATED, leaderId:, CreationTimestamp2024-02-26T09:18:41.572Z[Etc/UTC]]
2024-02-26 09:18:41,781 [main] INFO  rpc.RpcClient (RpcClient.java:createVolume(465)) - Creating Volume: 9941df52-fab8-4bc0-b57d-fe658eff886d, with runner as owner and space quota set to -1 bytes, counts quota set to -1
2024-02-26 09:18:41,783 [om1-OMStateMachineApplyTransactionThread - 0] INFO  volume.OMVolumeCreateRequest (OMVolumeCreateRequest.java:validateAndUpdateCache(198)) - created volume:9941df52-fab8-4bc0-b57d-fe658eff886d for user:runner
2024-02-26 09:18:41,784 [main] INFO  rpc.RpcClient (RpcClient.java:createBucket(691)) - Creating Bucket: 9941df52-fab8-4bc0-b57d-fe658eff886d/eacd66e1-33f8-4a83-bb07-a2c16efe5842, with server-side default bucket layout, runner as owner, Versioning false, Storage Type set to DISK and Encryption set to false, Replication Type set to server-side default replication type, Namespace Quota set to -1, Space Quota set to -1 
2024-02-26 09:18:41,785 [om1-OMStateMachineApplyTransactionThread - 0] INFO  bucket.OMBucketCreateRequest (OMBucketCreateRequest.java:validateAndUpdateCache(292)) - created bucket: eacd66e1-33f8-4a83-bb07-a2c16efe5842 of layout OBJECT_STORE in volume: 9941df52-fab8-4bc0-b57d-fe658eff886d
2024-02-26 09:18:41,995 [main] INFO  rpc.RpcClient (RpcClient.java:createVolume(465)) - Creating Volume: ce202b95-debb-47dd-b7fa-22ad4a3124eb, with runner as owner and space quota set to -1 bytes, counts quota set to -1
2024-02-26 09:18:41,997 [om1-OMStateMachineApplyTransactionThread - 0] INFO  volume.OMVolumeCreateRequest (OMVolumeCreateRequest.java:validateAndUpdateCache(198)) - created volume:ce202b95-debb-47dd-b7fa-22ad4a3124eb for user:runner
2024-02-26 09:18:41,999 [main] INFO  rpc.RpcClient (RpcClient.java:createBucket(691)) - Creating Bucket: ce202b95-debb-47dd-b7fa-22ad4a3124eb/194d13db-952f-4740-869d-89d4ddd24dc3, with server-side default bucket layout, runner as owner, Versioning false, Storage Type set to DISK and Encryption set to false, Replication Type set to server-side default replication type, Namespace Quota set to -1, Space Quota set to -1 
2024-02-26 09:18:42,000 [om1-OMStateMachineApplyTransactionThread - 0] INFO  bucket.OMBucketCreateRequest (OMBucketCreateRequest.java:validateAndUpdateCache(292)) - created bucket: 194d13db-952f-4740-869d-89d4ddd24dc3 of layout OBJECT_STORE in volume: ce202b95-debb-47dd-b7fa-22ad4a3124eb
2024-02-26 09:18:42,195 [main] INFO  rpc.RpcClient (RpcClient.java:createVolume(465)) - Creating Volume: 85027281-aa05-4634-b318-616a85db8836, with runner as owner and space quota set to -1 bytes, counts quota set to -1
2024-02-26 09:18:42,196 [om1-OMStateMachineApplyTransactionThread - 0] INFO  volume.OMVolumeCreateRequest (OMVolumeCreateRequest.java:validateAndUpdateCache(198)) - created volume:85027281-aa05-4634-b318-616a85db8836 for user:runner
2024-02-26 09:18:42,198 [main] INFO  rpc.RpcClient (RpcClient.java:createBucket(691)) - Creating Bucket: 85027281-aa05-4634-b318-616a85db8836/c87438da-348b-414c-a6d4-8ac8ef504850, with server-side default bucket layout, runner as owner, Versioning false, Storage Type set to DISK and Encryption set to false, Replication Type set to server-side default replication type, Namespace Quota set to -1, Space Quota set to -1 
2024-02-26 09:18:42,199 [om1-OMStateMachineApplyTransactionThread - 0] INFO  bucket.OMBucketCreateRequest (OMBucketCreateRequest.java:validateAndUpdateCache(292)) - created bucket: c87438da-348b-414c-a6d4-8ac8ef504850 of layout OBJECT_STORE in volume: 85027281-aa05-4634-b318-616a85db8836
2024-02-26 09:18:42,406 [main] INFO  rpc.RpcClient (RpcClient.java:createVolume(465)) - Creating Volume: cedc9e1c-b9da-4118-9e3a-6d36a7ab62d5, with runner as owner and space quota set to -1 bytes, counts quota set to -1
2024-02-26 09:18:42,407 [om1-OMStateMachineApplyTransactionThread - 0] INFO  volume.OMVolumeCreateRequest (OMVolumeCreateRequest.java:validateAndUpdateCache(198)) - created volume:cedc9e1c-b9da-4118-9e3a-6d36a7ab62d5 for user:runner
2024-02-26 09:18:42,409 [main] INFO  rpc.RpcClient (RpcClient.java:createBucket(691)) - Creating Bucket: cedc9e1c-b9da-4118-9e3a-6d36a7ab62d5/d27f5ef2-110a-4a89-859f-913f39e88d12, with server-side default bucket layout, runner as owner, Versioning false, Storage Type set to DISK and Encryption set to false, Replication Type set to server-side default replication type, Namespace Quota set to -1, Space Quota set to -1 
2024-02-26 09:18:42,411 [om1-OMStateMachineApplyTransactionThread - 0] INFO  bucket.OMBucketCreateRequest (OMBucketCreateRequest.java:validateAndUpdateCache(292)) - created bucket: d27f5ef2-110a-4a89-859f-913f39e88d12 of layout OBJECT_STORE in volume: cedc9e1c-b9da-4118-9e3a-6d36a7ab62d5
2024-02-26 09:18:42,629 [main] INFO  rpc.RpcClient (RpcClient.java:createVolume(465)) - Creating Volume: c8fa0347-d34a-485a-b104-555e03cdc730, with runner as owner and space quota set to -1 bytes, counts quota set to -1
2024-02-26 09:18:42,630 [om1-OMStateMachineApplyTransactionThread - 0] INFO  volume.OMVolumeCreateRequest (OMVolumeCreateRequest.java:validateAndUpdateCache(198)) - created volume:c8fa0347-d34a-485a-b104-555e03cdc730 for user:runner
2024-02-26 09:18:42,632 [main] INFO  rpc.RpcClient (RpcClient.java:createBucket(691)) - Creating Bucket: c8fa0347-d34a-485a-b104-555e03cdc730/03fac3e8-e7bf-49ba-889a-685aaf898290, with server-side default bucket layout, runner as owner, Versioning false, Storage Type set to DISK and Encryption set to false, Replication Type set to server-side default replication type, Namespace Quota set to -1, Space Quota set to -1 
2024-02-26 09:18:42,633 [om1-OMStateMachineApplyTransactionThread - 0] INFO  bucket.OMBucketCreateRequest (OMBucketCreateRequest.java:validateAndUpdateCache(292)) - created bucket: 03fac3e8-e7bf-49ba-889a-685aaf898290 of layout OBJECT_STORE in volume: c8fa0347-d34a-485a-b104-555e03cdc730
2024-02-26 09:18:42,833 [main] INFO  rpc.RpcClient (RpcClient.java:createVolume(465)) - Creating Volume: a9bf7217-89b2-4128-b8b7-2746d2e80b25, with runner as owner and space quota set to -1 bytes, counts quota set to -1
2024-02-26 09:18:42,835 [om1-OMStateMachineApplyTransactionThread - 0] INFO  volume.OMVolumeCreateRequest (OMVolumeCreateRequest.java:validateAndUpdateCache(198)) - created volume:a9bf7217-89b2-4128-b8b7-2746d2e80b25 for user:runner
2024-02-26 09:18:42,837 [main] INFO  rpc.RpcClient (RpcClient.java:createBucket(691)) - Creating Bucket: a9bf7217-89b2-4128-b8b7-2746d2e80b25/181e4543-e286-4abc-a64c-9beeb72e6897, with server-side default bucket layout, runner as owner, Versioning false, Storage Type set to DISK and Encryption set to false, Replication Type set to server-side default replication type, Namespace Quota set to -1, Space Quota set to -1 
2024-02-26 09:18:42,838 [om1-OMStateMachineApplyTransactionThread - 0] INFO  bucket.OMBucketCreateRequest (OMBucketCreateRequest.java:validateAndUpdateCache(292)) - created bucket: 181e4543-e286-4abc-a64c-9beeb72e6897 of layout OBJECT_STORE in volume: a9bf7217-89b2-4128-b8b7-2746d2e80b25
2024-02-26 09:18:43,086 [main] INFO  rpc.RpcClient (RpcClient.java:createVolume(465)) - Creating Volume: a3f3839e-34c5-46f5-b488-188b1bde5a8e, with runner as owner and space quota set to -1 bytes, counts quota set to -1
2024-02-26 09:18:43,087 [om1-OMStateMachineApplyTransactionThread - 0] INFO  volume.OMVolumeCreateRequest (OMVolumeCreateRequest.java:validateAndUpdateCache(198)) - created volume:a3f3839e-34c5-46f5-b488-188b1bde5a8e for user:runner
2024-02-26 09:18:43,089 [main] INFO  rpc.RpcClient (RpcClient.java:createBucket(691)) - Creating Bucket: a3f3839e-34c5-46f5-b488-188b1bde5a8e/8e1f1625-5c07-4555-ae60-58405fd2823b, with server-side default bucket layout, runner as owner, Versioning false, Storage Type set to DISK and Encryption set to false, Replication Type set to server-side default replication type, Namespace Quota set to -1, Space Quota set to -1 
2024-02-26 09:18:43,090 [om1-OMStateMachineApplyTransactionThread - 0] INFO  bucket.OMBucketCreateRequest (OMBucketCreateRequest.java:validateAndUpdateCache(292)) - created bucket: 8e1f1625-5c07-4555-ae60-58405fd2823b of layout OBJECT_STORE in volume: a3f3839e-34c5-46f5-b488-188b1bde5a8e
2024-02-26 09:18:43,308 [main] INFO  rpc.RpcClient (RpcClient.java:createVolume(465)) - Creating Volume: 6fd7505c-d101-49e7-bcb8-dab1184e3a8b, with runner as owner and space quota set to -1 bytes, counts quota set to -1
2024-02-26 09:18:43,309 [om1-OMStateMachineApplyTransactionThread - 0] INFO  volume.OMVolumeCreateRequest (OMVolumeCreateRequest.java:validateAndUpdateCache(198)) - created volume:6fd7505c-d101-49e7-bcb8-dab1184e3a8b for user:runner
2024-02-26 09:18:43,311 [main] INFO  rpc.RpcClient (RpcClient.java:createBucket(691)) - Creating Bucket: 6fd7505c-d101-49e7-bcb8-dab1184e3a8b/0feb827a-5094-445e-83c7-16c54aec50f9, with server-side default bucket layout, runner as owner, Versioning false, Storage Type set to DISK and Encryption set to false, Replication Type set to server-side default replication type, Namespace Quota set to -1, Space Quota set to -1 
2024-02-26 09:18:43,312 [om1-OMStateMachineApplyTransactionThread - 0] INFO  bucket.OMBucketCreateRequest (OMBucketCreateRequest.java:validateAndUpdateCache(292)) - created bucket: 0feb827a-5094-445e-83c7-16c54aec50f9 of layout OBJECT_STORE in volume: 6fd7505c-d101-49e7-bcb8-dab1184e3a8b
2024-02-26 09:18:43,564 [main] INFO  rpc.RpcClient (RpcClient.java:createVolume(465)) - Creating Volume: 9f88b2f5-f60b-4a7a-8fd0-d8cab38fbac8, with runner as owner and space quota set to -1 bytes, counts quota set to -1
2024-02-26 09:18:43,565 [om1-OMStateMachineApplyTransactionThread - 0] INFO  volume.OMVolumeCreateRequest (OMVolumeCreateRequest.java:validateAndUpdateCache(198)) - created volume:9f88b2f5-f60b-4a7a-8fd0-d8cab38fbac8 for user:runner
2024-02-26 09:18:43,567 [main] INFO  rpc.RpcClient (RpcClient.java:createBucket(691)) - Creating Bucket: 9f88b2f5-f60b-4a7a-8fd0-d8cab38fbac8/ca61b0e2-3890-4d50-82cd-830dd376ed78, with server-side default bucket layout, runner as owner, Versioning false, Storage Type set to DISK and Encryption set to false, Replication Type set to server-side default replication type, Namespace Quota set to -1, Space Quota set to -1 
2024-02-26 09:18:43,568 [om1-OMStateMachineApplyTransactionThread - 0] INFO  bucket.OMBucketCreateRequest (OMBucketCreateRequest.java:validateAndUpdateCache(292)) - created bucket: ca61b0e2-3890-4d50-82cd-830dd376ed78 of layout OBJECT_STORE in volume: 9f88b2f5-f60b-4a7a-8fd0-d8cab38fbac8
]]></system-out>
  </testcase>
  <testcase name="testBucketQuotaInNamespace" classname="org.apache.hadoop.ozone.client.rpc.TestSecureOzoneRpcClient" time="0.073">
    <system-out><![CDATA[2024-02-26 09:18:43,833 [main] INFO  rpc.RpcClient (RpcClient.java:createVolume(465)) - Creating Volume: 6330151f-c319-44a0-9bb3-bc9c8c9fa9a2, with runner as owner and space quota set to -1 bytes, counts quota set to -1
2024-02-26 09:18:43,839 [om1-OMStateMachineApplyTransactionThread - 0] INFO  volume.OMVolumeCreateRequest (OMVolumeCreateRequest.java:validateAndUpdateCache(198)) - created volume:6330151f-c319-44a0-9bb3-bc9c8c9fa9a2 for user:runner
2024-02-26 09:18:43,841 [main] INFO  rpc.RpcClient (RpcClient.java:createBucket(691)) - Creating Bucket: 6330151f-c319-44a0-9bb3-bc9c8c9fa9a2/0c2df5fd-73c5-47ab-ab6d-2c68256b131b, with server-side default bucket layout, runner as owner, Versioning false, Storage Type set to DISK and Encryption set to false, Replication Type set to server-side default replication type, Namespace Quota set to -1, Space Quota set to -1 
2024-02-26 09:18:43,842 [om1-OMStateMachineApplyTransactionThread - 0] INFO  bucket.OMBucketCreateRequest (OMBucketCreateRequest.java:validateAndUpdateCache(292)) - created bucket: 0c2df5fd-73c5-47ab-ab6d-2c68256b131b of layout OBJECT_STORE in volume: 6330151f-c319-44a0-9bb3-bc9c8c9fa9a2
09:18:43.889 [om1-OMStateMachineApplyTransactionThread - 0] ERROR OMAudit - user=runner | ip=127.0.0.1 | op=ALLOCATE_KEY {volume=6330151f-c319-44a0-9bb3-bc9c8c9fa9a2, bucket=0c2df5fd-73c5-47ab-ab6d-2c68256b131b, key=df1baafc-a460-4952-a292-8521d66ffa52, dataSize=12, replicationType=RATIS, replicationFactor=ONE} | ret=FAILURE
org.apache.hadoop.ozone.om.exceptions.OMException: The namespace quota of Bucket:0c2df5fd-73c5-47ab-ab6d-2c68256b131b exceeded: quotaInNamespace: 2 but namespace consumed: 3.
	at org.apache.hadoop.ozone.om.request.key.OMKeyRequest.checkBucketQuotaInNamespace(OMKeyRequest.java:659) ~[ozone-manager-1.5.0-SNAPSHOT.jar:?]
	at org.apache.hadoop.ozone.om.request.key.OMKeyCreateRequest.validateAndUpdateCache(OMKeyCreateRequest.java:310) ~[ozone-manager-1.5.0-SNAPSHOT.jar:?]
	at org.apache.hadoop.ozone.protocolPB.OzoneManagerRequestHandler.lambda$0(OzoneManagerRequestHandler.java:403) ~[ozone-manager-1.5.0-SNAPSHOT.jar:?]
	at org.apache.hadoop.util.MetricUtil.captureLatencyNs(MetricUtil.java:45) ~[hdds-common-1.5.0-SNAPSHOT.jar:?]
	at org.apache.hadoop.ozone.protocolPB.OzoneManagerRequestHandler.handleWriteRequest(OzoneManagerRequestHandler.java:399) ~[ozone-manager-1.5.0-SNAPSHOT.jar:?]
	at org.apache.hadoop.ozone.om.ratis.OzoneManagerStateMachine.runCommand(OzoneManagerStateMachine.java:527) ~[ozone-manager-1.5.0-SNAPSHOT.jar:?]
	at org.apache.hadoop.ozone.om.ratis.OzoneManagerStateMachine.lambda$1(OzoneManagerStateMachine.java:345) ~[ozone-manager-1.5.0-SNAPSHOT.jar:?]
	at java.util.concurrent.CompletableFuture$AsyncSupply.run(CompletableFuture.java:1604) [?:1.8.0_402]
	at java.util.concurrent.ThreadPoolExecutor.runWorker(ThreadPoolExecutor.java:1149) [?:1.8.0_402]
	at java.util.concurrent.ThreadPoolExecutor$Worker.run(ThreadPoolExecutor.java:624) [?:1.8.0_402]
	at java.lang.Thread.run(Thread.java:750) [?:1.8.0_402]
2024-02-26 09:18:43,889 [om1-OMStateMachineApplyTransactionThread - 0] ERROR key.OMKeyCreateRequest (OMKeyCreateRequest.java:logResult(384)) - Key creation failed. Volume:6330151f-c319-44a0-9bb3-bc9c8c9fa9a2, Bucket:0c2df5fd-73c5-47ab-ab6d-2c68256b131b, Key:df1baafc-a460-4952-a292-8521d66ffa52. 
QUOTA_EXCEEDED org.apache.hadoop.ozone.om.exceptions.OMException: The namespace quota of Bucket:0c2df5fd-73c5-47ab-ab6d-2c68256b131b exceeded: quotaInNamespace: 2 but namespace consumed: 3.
	at org.apache.hadoop.ozone.om.request.key.OMKeyRequest.checkBucketQuotaInNamespace(OMKeyRequest.java:659)
	at org.apache.hadoop.ozone.om.request.key.OMKeyCreateRequest.validateAndUpdateCache(OMKeyCreateRequest.java:310)
	at org.apache.hadoop.ozone.protocolPB.OzoneManagerRequestHandler.lambda$0(OzoneManagerRequestHandler.java:403)
	at org.apache.hadoop.util.MetricUtil.captureLatencyNs(MetricUtil.java:45)
	at org.apache.hadoop.ozone.protocolPB.OzoneManagerRequestHandler.handleWriteRequest(OzoneManagerRequestHandler.java:399)
	at org.apache.hadoop.ozone.om.ratis.OzoneManagerStateMachine.runCommand(OzoneManagerStateMachine.java:527)
	at org.apache.hadoop.ozone.om.ratis.OzoneManagerStateMachine.lambda$1(OzoneManagerStateMachine.java:345)
	at java.util.concurrent.CompletableFuture$AsyncSupply.run(CompletableFuture.java:1604)
	at java.util.concurrent.ThreadPoolExecutor.runWorker(ThreadPoolExecutor.java:1149)
	at java.util.concurrent.ThreadPoolExecutor$Worker.run(ThreadPoolExecutor.java:624)
	at java.lang.Thread.run(Thread.java:750)
]]></system-out>
  </testcase>
  <testcase name="testBucketSetOwner" classname="org.apache.hadoop.ozone.client.rpc.TestSecureOzoneRpcClient" time="0.025">
    <system-out><![CDATA[2024-02-26 09:18:43,907 [main] INFO  rpc.RpcClient (RpcClient.java:createVolume(465)) - Creating Volume: f51fe68d-56c5-487d-b787-98430ef155ba, with runner as owner and space quota set to -1 bytes, counts quota set to -1
2024-02-26 09:18:43,909 [om1-OMStateMachineApplyTransactionThread - 0] INFO  volume.OMVolumeCreateRequest (OMVolumeCreateRequest.java:validateAndUpdateCache(198)) - created volume:f51fe68d-56c5-487d-b787-98430ef155ba for user:runner
2024-02-26 09:18:43,910 [main] INFO  rpc.RpcClient (RpcClient.java:createBucket(691)) - Creating Bucket: f51fe68d-56c5-487d-b787-98430ef155ba/d0bd9052-70a8-4536-ae06-adb37d1ff183, with server-side default bucket layout, runner as owner, Versioning false, Storage Type set to DISK and Encryption set to false, Replication Type set to server-side default replication type, Namespace Quota set to -1, Space Quota set to -1 
2024-02-26 09:18:43,912 [om1-OMStateMachineApplyTransactionThread - 0] INFO  bucket.OMBucketCreateRequest (OMBucketCreateRequest.java:validateAndUpdateCache(292)) - created bucket: d0bd9052-70a8-4536-ae06-adb37d1ff183 of layout OBJECT_STORE in volume: f51fe68d-56c5-487d-b787-98430ef155ba
]]></system-out>
  </testcase>
  <testcase name="testBucketUsedBytes" classname="org.apache.hadoop.ozone.client.rpc.TestSecureOzoneRpcClient" time="0.083">
    <system-out><![CDATA[2024-02-26 09:18:43,933 [main] INFO  rpc.RpcClient (RpcClient.java:createVolume(465)) - Creating Volume: d62253de-a57d-4275-9039-d44ab949e5f9, with runner as owner and space quota set to -1 bytes, counts quota set to -1
2024-02-26 09:18:43,935 [om1-OMStateMachineApplyTransactionThread - 0] INFO  volume.OMVolumeCreateRequest (OMVolumeCreateRequest.java:validateAndUpdateCache(198)) - created volume:d62253de-a57d-4275-9039-d44ab949e5f9 for user:runner
2024-02-26 09:18:43,936 [main] INFO  rpc.RpcClient (RpcClient.java:createBucket(691)) - Creating Bucket: d62253de-a57d-4275-9039-d44ab949e5f9/58c1e5af-fb87-432e-b454-f621abe3d18c, with bucket layout OBJECT_STORE, runner as owner, Versioning false, Storage Type set to DISK and Encryption set to false, Replication Type set to server-side default replication type, Namespace Quota set to -1, Space Quota set to -1 
2024-02-26 09:18:43,938 [om1-OMStateMachineApplyTransactionThread - 0] INFO  bucket.OMBucketCreateRequest (OMBucketCreateRequest.java:validateAndUpdateCache(292)) - created bucket: 58c1e5af-fb87-432e-b454-f621abe3d18c of layout OBJECT_STORE in volume: d62253de-a57d-4275-9039-d44ab949e5f9
]]></system-out>
  </testcase>
  <testcase name="testBucketUsedNamespace(BucketLayout)[1]" classname="org.apache.hadoop.ozone.client.rpc.TestSecureOzoneRpcClient" time="0.136">
    <system-out><![CDATA[2024-02-26 09:18:44,019 [main] INFO  rpc.RpcClient (RpcClient.java:createVolume(465)) - Creating Volume: 97cb87da-0293-4c84-9d15-633d064f9fcf, with runner as owner and space quota set to -1 bytes, counts quota set to -1
2024-02-26 09:18:44,021 [om1-OMStateMachineApplyTransactionThread - 0] INFO  volume.OMVolumeCreateRequest (OMVolumeCreateRequest.java:validateAndUpdateCache(198)) - created volume:97cb87da-0293-4c84-9d15-633d064f9fcf for user:runner
2024-02-26 09:18:44,023 [main] INFO  rpc.RpcClient (RpcClient.java:createBucket(691)) - Creating Bucket: 97cb87da-0293-4c84-9d15-633d064f9fcf/082c4377-537a-4fd9-b6f3-614b446d8f47, with bucket layout OBJECT_STORE, runner as owner, Versioning false, Storage Type set to DISK and Encryption set to false, Replication Type set to server-side default replication type, Namespace Quota set to -1, Space Quota set to -1 
2024-02-26 09:18:44,024 [om1-OMStateMachineApplyTransactionThread - 0] INFO  bucket.OMBucketCreateRequest (OMBucketCreateRequest.java:validateAndUpdateCache(292)) - created bucket: 082c4377-537a-4fd9-b6f3-614b446d8f47 of layout OBJECT_STORE in volume: 97cb87da-0293-4c84-9d15-633d064f9fcf
2024-02-26 09:18:44,126 [main] INFO  protocolPB.OmTransportFactory (OmTransportFactory.java:createFactory(62)) - Loading OM transport implementation org.apache.hadoop.ozone.om.protocolPB.Hadoop3OmTransportFactory as specified by configuration.
]]></system-out>
  </testcase>
  <testcase name="testBucketUsedNamespace(BucketLayout)[2]" classname="org.apache.hadoop.ozone.client.rpc.TestSecureOzoneRpcClient" time="0.153">
    <system-out><![CDATA[2024-02-26 09:18:44,156 [main] INFO  rpc.RpcClient (RpcClient.java:createVolume(465)) - Creating Volume: 24a21f7b-3cae-48ee-a116-852576e4167e, with runner as owner and space quota set to -1 bytes, counts quota set to -1
2024-02-26 09:18:44,158 [om1-OMStateMachineApplyTransactionThread - 0] INFO  volume.OMVolumeCreateRequest (OMVolumeCreateRequest.java:validateAndUpdateCache(198)) - created volume:24a21f7b-3cae-48ee-a116-852576e4167e for user:runner
2024-02-26 09:18:44,159 [main] INFO  rpc.RpcClient (RpcClient.java:createBucket(691)) - Creating Bucket: 24a21f7b-3cae-48ee-a116-852576e4167e/01988e66-f571-484a-8545-9a4c38b1f3c7, with bucket layout LEGACY, runner as owner, Versioning false, Storage Type set to DISK and Encryption set to false, Replication Type set to server-side default replication type, Namespace Quota set to -1, Space Quota set to -1 
2024-02-26 09:18:44,160 [om1-OMStateMachineApplyTransactionThread - 0] INFO  bucket.OMBucketCreateRequest (OMBucketCreateRequest.java:validateAndUpdateCache(292)) - created bucket: 01988e66-f571-484a-8545-9a4c38b1f3c7 of layout LEGACY in volume: 24a21f7b-3cae-48ee-a116-852576e4167e
2024-02-26 09:18:44,210 [main] INFO  protocolPB.OmTransportFactory (OmTransportFactory.java:createFactory(62)) - Loading OM transport implementation org.apache.hadoop.ozone.om.protocolPB.Hadoop3OmTransportFactory as specified by configuration.
]]></system-out>
  </testcase>
  <testcase name="testBucketUsedNamespace(BucketLayout)[3]" classname="org.apache.hadoop.ozone.client.rpc.TestSecureOzoneRpcClient" time="0.112">
    <system-out><![CDATA[2024-02-26 09:18:44,311 [main] INFO  rpc.RpcClient (RpcClient.java:createVolume(465)) - Creating Volume: 479460c9-f78c-4595-80df-f864e3b0eaf6, with runner as owner and space quota set to -1 bytes, counts quota set to -1
2024-02-26 09:18:44,313 [om1-OMStateMachineApplyTransactionThread - 0] INFO  volume.OMVolumeCreateRequest (OMVolumeCreateRequest.java:validateAndUpdateCache(198)) - created volume:479460c9-f78c-4595-80df-f864e3b0eaf6 for user:runner
2024-02-26 09:18:44,314 [main] INFO  rpc.RpcClient (RpcClient.java:createBucket(691)) - Creating Bucket: 479460c9-f78c-4595-80df-f864e3b0eaf6/164fa0bf-c634-486d-9c2c-eff7fb1a2b4c, with bucket layout FILE_SYSTEM_OPTIMIZED, runner as owner, Versioning false, Storage Type set to DISK and Encryption set to false, Replication Type set to server-side default replication type, Namespace Quota set to -1, Space Quota set to -1 
2024-02-26 09:18:44,315 [om1-OMStateMachineApplyTransactionThread - 0] INFO  bucket.OMBucketCreateRequest (OMBucketCreateRequest.java:validateAndUpdateCache(292)) - created bucket: 164fa0bf-c634-486d-9c2c-eff7fb1a2b4c of layout FILE_SYSTEM_OPTIMIZED in volume: 479460c9-f78c-4595-80df-f864e3b0eaf6
2024-02-26 09:18:44,377 [main] INFO  protocolPB.OmTransportFactory (OmTransportFactory.java:createFactory(62)) - Loading OM transport implementation org.apache.hadoop.ozone.om.protocolPB.Hadoop3OmTransportFactory as specified by configuration.
]]></system-out>
  </testcase>
  <testcase name="testCheckUsedBytesQuota" classname="org.apache.hadoop.ozone.client.rpc.TestSecureOzoneRpcClient" time="0.456">
    <system-out><![CDATA[2024-02-26 09:18:44,423 [main] INFO  rpc.RpcClient (RpcClient.java:createVolume(465)) - Creating Volume: 6a0d423f-1508-43b9-8c9e-67e0f5f1560b, with runner as owner and space quota set to -1 bytes, counts quota set to -1
2024-02-26 09:18:44,425 [om1-OMStateMachineApplyTransactionThread - 0] INFO  volume.OMVolumeCreateRequest (OMVolumeCreateRequest.java:validateAndUpdateCache(198)) - created volume:6a0d423f-1508-43b9-8c9e-67e0f5f1560b for user:runner
2024-02-26 09:18:44,426 [main] INFO  rpc.RpcClient (RpcClient.java:createBucket(691)) - Creating Bucket: 6a0d423f-1508-43b9-8c9e-67e0f5f1560b/35fe063c-d3f9-420a-bdca-4b71d035add6, with server-side default bucket layout, runner as owner, Versioning false, Storage Type set to DISK and Encryption set to false, Replication Type set to server-side default replication type, Namespace Quota set to -1, Space Quota set to -1 
2024-02-26 09:18:44,428 [om1-OMStateMachineApplyTransactionThread - 0] INFO  bucket.OMBucketCreateRequest (OMBucketCreateRequest.java:validateAndUpdateCache(292)) - created bucket: 35fe063c-d3f9-420a-bdca-4b71d035add6 of layout OBJECT_STORE in volume: 6a0d423f-1508-43b9-8c9e-67e0f5f1560b
09:18:44.444 [om1-OMStateMachineApplyTransactionThread - 0] ERROR OMAudit - user=runner | ip=127.0.0.1 | op=ALLOCATE_KEY {volume=6a0d423f-1508-43b9-8c9e-67e0f5f1560b, bucket=35fe063c-d3f9-420a-bdca-4b71d035add6, key=252325f4-eef8-46f3-b4da-a2f2e83d80ec, dataSize=12, replicationType=RATIS, replicationFactor=ONE} | ret=FAILURE
org.apache.hadoop.ozone.om.exceptions.OMException: The DiskSpace quota of bucket:35fe063c-d3f9-420a-bdca-4b71d035add6 exceeded quotaInBytes: 1 Bytes but diskspace consumed: 4194304 Bytes.
	at org.apache.hadoop.ozone.om.request.key.OMKeyRequest.checkBucketQuotaInBytes(OMKeyRequest.java:640) ~[ozone-manager-1.5.0-SNAPSHOT.jar:?]
	at org.apache.hadoop.ozone.om.request.key.OMKeyCreateRequest.validateAndUpdateCache(OMKeyCreateRequest.java:308) ~[ozone-manager-1.5.0-SNAPSHOT.jar:?]
	at org.apache.hadoop.ozone.protocolPB.OzoneManagerRequestHandler.lambda$0(OzoneManagerRequestHandler.java:403) ~[ozone-manager-1.5.0-SNAPSHOT.jar:?]
	at org.apache.hadoop.util.MetricUtil.captureLatencyNs(MetricUtil.java:45) ~[hdds-common-1.5.0-SNAPSHOT.jar:?]
	at org.apache.hadoop.ozone.protocolPB.OzoneManagerRequestHandler.handleWriteRequest(OzoneManagerRequestHandler.java:399) ~[ozone-manager-1.5.0-SNAPSHOT.jar:?]
	at org.apache.hadoop.ozone.om.ratis.OzoneManagerStateMachine.runCommand(OzoneManagerStateMachine.java:527) ~[ozone-manager-1.5.0-SNAPSHOT.jar:?]
	at org.apache.hadoop.ozone.om.ratis.OzoneManagerStateMachine.lambda$1(OzoneManagerStateMachine.java:345) ~[ozone-manager-1.5.0-SNAPSHOT.jar:?]
	at java.util.concurrent.CompletableFuture$AsyncSupply.run(CompletableFuture.java:1604) [?:1.8.0_402]
	at java.util.concurrent.ThreadPoolExecutor.runWorker(ThreadPoolExecutor.java:1149) [?:1.8.0_402]
	at java.util.concurrent.ThreadPoolExecutor$Worker.run(ThreadPoolExecutor.java:624) [?:1.8.0_402]
	at java.lang.Thread.run(Thread.java:750) [?:1.8.0_402]
2024-02-26 09:18:44,444 [om1-OMStateMachineApplyTransactionThread - 0] ERROR key.OMKeyCreateRequest (OMKeyCreateRequest.java:logResult(384)) - Key creation failed. Volume:6a0d423f-1508-43b9-8c9e-67e0f5f1560b, Bucket:35fe063c-d3f9-420a-bdca-4b71d035add6, Key:252325f4-eef8-46f3-b4da-a2f2e83d80ec. 
QUOTA_EXCEEDED org.apache.hadoop.ozone.om.exceptions.OMException: The DiskSpace quota of bucket:35fe063c-d3f9-420a-bdca-4b71d035add6 exceeded quotaInBytes: 1 Bytes but diskspace consumed: 4194304 Bytes.
	at org.apache.hadoop.ozone.om.request.key.OMKeyRequest.checkBucketQuotaInBytes(OMKeyRequest.java:640)
	at org.apache.hadoop.ozone.om.request.key.OMKeyCreateRequest.validateAndUpdateCache(OMKeyCreateRequest.java:308)
	at org.apache.hadoop.ozone.protocolPB.OzoneManagerRequestHandler.lambda$0(OzoneManagerRequestHandler.java:403)
	at org.apache.hadoop.util.MetricUtil.captureLatencyNs(MetricUtil.java:45)
	at org.apache.hadoop.ozone.protocolPB.OzoneManagerRequestHandler.handleWriteRequest(OzoneManagerRequestHandler.java:399)
	at org.apache.hadoop.ozone.om.ratis.OzoneManagerStateMachine.runCommand(OzoneManagerStateMachine.java:527)
	at org.apache.hadoop.ozone.om.ratis.OzoneManagerStateMachine.lambda$1(OzoneManagerStateMachine.java:345)
	at java.util.concurrent.CompletableFuture$AsyncSupply.run(CompletableFuture.java:1604)
	at java.util.concurrent.ThreadPoolExecutor.runWorker(ThreadPoolExecutor.java:1149)
	at java.util.concurrent.ThreadPoolExecutor$Worker.run(ThreadPoolExecutor.java:624)
	at java.lang.Thread.run(Thread.java:750)
09:18:44.461 [om1-OMStateMachineApplyTransactionThread - 0] ERROR OMAudit - user=runner | ip=127.0.0.1 | op=CREATE_FILE {volume=6a0d423f-1508-43b9-8c9e-67e0f5f1560b, bucket=35fe063c-d3f9-420a-bdca-4b71d035add6, key=17a1182f-dbeb-42aa-99b0-5b951f3bdbfc, dataSize=4194304, replicationType=RATIS, replicationFactor=ONE} | ret=FAILURE
org.apache.hadoop.ozone.om.exceptions.OMException: The DiskSpace quota of bucket:35fe063c-d3f9-420a-bdca-4b71d035add6 exceeded quotaInBytes: 1 Bytes but diskspace consumed: 4194304 Bytes.
	at org.apache.hadoop.ozone.om.request.key.OMKeyRequest.checkBucketQuotaInBytes(OMKeyRequest.java:640) ~[ozone-manager-1.5.0-SNAPSHOT.jar:?]
	at org.apache.hadoop.ozone.om.request.file.OMFileCreateRequest.validateAndUpdateCache(OMFileCreateRequest.java:279) ~[ozone-manager-1.5.0-SNAPSHOT.jar:?]
	at org.apache.hadoop.ozone.protocolPB.OzoneManagerRequestHandler.lambda$0(OzoneManagerRequestHandler.java:403) ~[ozone-manager-1.5.0-SNAPSHOT.jar:?]
	at org.apache.hadoop.util.MetricUtil.captureLatencyNs(MetricUtil.java:45) ~[hdds-common-1.5.0-SNAPSHOT.jar:?]
	at org.apache.hadoop.ozone.protocolPB.OzoneManagerRequestHandler.handleWriteRequest(OzoneManagerRequestHandler.java:399) ~[ozone-manager-1.5.0-SNAPSHOT.jar:?]
	at org.apache.hadoop.ozone.om.ratis.OzoneManagerStateMachine.runCommand(OzoneManagerStateMachine.java:527) ~[ozone-manager-1.5.0-SNAPSHOT.jar:?]
	at org.apache.hadoop.ozone.om.ratis.OzoneManagerStateMachine.lambda$1(OzoneManagerStateMachine.java:345) ~[ozone-manager-1.5.0-SNAPSHOT.jar:?]
	at java.util.concurrent.CompletableFuture$AsyncSupply.run(CompletableFuture.java:1604) [?:1.8.0_402]
	at java.util.concurrent.ThreadPoolExecutor.runWorker(ThreadPoolExecutor.java:1149) [?:1.8.0_402]
	at java.util.concurrent.ThreadPoolExecutor$Worker.run(ThreadPoolExecutor.java:624) [?:1.8.0_402]
	at java.lang.Thread.run(Thread.java:750) [?:1.8.0_402]
2024-02-26 09:18:44,461 [om1-OMStateMachineApplyTransactionThread - 0] ERROR file.OMFileCreateRequest (OMFileCreateRequest.java:validateAndUpdateCache(339)) - File create failed. Volume:6a0d423f-1508-43b9-8c9e-67e0f5f1560b, Bucket:35fe063c-d3f9-420a-bdca-4b71d035add6, Key17a1182f-dbeb-42aa-99b0-5b951f3bdbfc.
QUOTA_EXCEEDED org.apache.hadoop.ozone.om.exceptions.OMException: The DiskSpace quota of bucket:35fe063c-d3f9-420a-bdca-4b71d035add6 exceeded quotaInBytes: 1 Bytes but diskspace consumed: 4194304 Bytes.
	at org.apache.hadoop.ozone.om.request.key.OMKeyRequest.checkBucketQuotaInBytes(OMKeyRequest.java:640)
	at org.apache.hadoop.ozone.om.request.file.OMFileCreateRequest.validateAndUpdateCache(OMFileCreateRequest.java:279)
	at org.apache.hadoop.ozone.protocolPB.OzoneManagerRequestHandler.lambda$0(OzoneManagerRequestHandler.java:403)
	at org.apache.hadoop.util.MetricUtil.captureLatencyNs(MetricUtil.java:45)
	at org.apache.hadoop.ozone.protocolPB.OzoneManagerRequestHandler.handleWriteRequest(OzoneManagerRequestHandler.java:399)
	at org.apache.hadoop.ozone.om.ratis.OzoneManagerStateMachine.runCommand(OzoneManagerStateMachine.java:527)
	at org.apache.hadoop.ozone.om.ratis.OzoneManagerStateMachine.lambda$1(OzoneManagerStateMachine.java:345)
	at java.util.concurrent.CompletableFuture$AsyncSupply.run(CompletableFuture.java:1604)
	at java.util.concurrent.ThreadPoolExecutor.runWorker(ThreadPoolExecutor.java:1149)
	at java.util.concurrent.ThreadPoolExecutor$Worker.run(ThreadPoolExecutor.java:624)
	at java.lang.Thread.run(Thread.java:750)
2024-02-26 09:18:44,848 [om1-OMStateMachineApplyTransactionThread - 0] ERROR key.OMAllocateBlockRequest (OMAllocateBlockRequest.java:validateAndUpdateCache(251)) - Allocate Block failed. Volume:6a0d423f-1508-43b9-8c9e-67e0f5f1560b, Bucket:35fe063c-d3f9-420a-bdca-4b71d035add6, OpenKey:/6a0d423f-1508-43b9-8c9e-67e0f5f1560b/35fe063c-d3f9-420a-bdca-4b71d035add6/1528dab1-8a15-4544-8caf-ea55c21be116/111997034461265997. Exception:{}
QUOTA_EXCEEDED org.apache.hadoop.ozone.om.exceptions.OMException: The DiskSpace quota of bucket:35fe063c-d3f9-420a-bdca-4b71d035add6 exceeded quotaInBytes: 16777216 Bytes but diskspace consumed: 20971520 Bytes.
	at org.apache.hadoop.ozone.om.request.key.OMKeyRequest.checkBucketQuotaInBytes(OMKeyRequest.java:640)
	at org.apache.hadoop.ozone.om.request.key.OMAllocateBlockRequest.validateAndUpdateCache(OMAllocateBlockRequest.java:223)
	at org.apache.hadoop.ozone.protocolPB.OzoneManagerRequestHandler.lambda$0(OzoneManagerRequestHandler.java:403)
	at org.apache.hadoop.util.MetricUtil.captureLatencyNs(MetricUtil.java:45)
	at org.apache.hadoop.ozone.protocolPB.OzoneManagerRequestHandler.handleWriteRequest(OzoneManagerRequestHandler.java:399)
	at org.apache.hadoop.ozone.om.ratis.OzoneManagerStateMachine.runCommand(OzoneManagerStateMachine.java:527)
	at org.apache.hadoop.ozone.om.ratis.OzoneManagerStateMachine.lambda$1(OzoneManagerStateMachine.java:345)
	at java.util.concurrent.CompletableFuture$AsyncSupply.run(CompletableFuture.java:1604)
	at java.util.concurrent.ThreadPoolExecutor.runWorker(ThreadPoolExecutor.java:1149)
	at java.util.concurrent.ThreadPoolExecutor$Worker.run(ThreadPoolExecutor.java:624)
	at java.lang.Thread.run(Thread.java:750)
09:18:44.848 [om1-OMStateMachineApplyTransactionThread - 0] ERROR OMAudit - user=runner | ip=127.0.0.1 | op=ALLOCATE_BLOCK {volume=6a0d423f-1508-43b9-8c9e-67e0f5f1560b, bucket=35fe063c-d3f9-420a-bdca-4b71d035add6, key=1528dab1-8a15-4544-8caf-ea55c21be116, dataSize=12, replicationType=RATIS, replicationFactor=ONE, clientID=111997034461265997} | ret=FAILURE
org.apache.hadoop.ozone.om.exceptions.OMException: The DiskSpace quota of bucket:35fe063c-d3f9-420a-bdca-4b71d035add6 exceeded quotaInBytes: 16777216 Bytes but diskspace consumed: 20971520 Bytes.
	at org.apache.hadoop.ozone.om.request.key.OMKeyRequest.checkBucketQuotaInBytes(OMKeyRequest.java:640) ~[ozone-manager-1.5.0-SNAPSHOT.jar:?]
	at org.apache.hadoop.ozone.om.request.key.OMAllocateBlockRequest.validateAndUpdateCache(OMAllocateBlockRequest.java:223) ~[ozone-manager-1.5.0-SNAPSHOT.jar:?]
	at org.apache.hadoop.ozone.protocolPB.OzoneManagerRequestHandler.lambda$0(OzoneManagerRequestHandler.java:403) ~[ozone-manager-1.5.0-SNAPSHOT.jar:?]
	at org.apache.hadoop.util.MetricUtil.captureLatencyNs(MetricUtil.java:45) ~[hdds-common-1.5.0-SNAPSHOT.jar:?]
	at org.apache.hadoop.ozone.protocolPB.OzoneManagerRequestHandler.handleWriteRequest(OzoneManagerRequestHandler.java:399) ~[ozone-manager-1.5.0-SNAPSHOT.jar:?]
	at org.apache.hadoop.ozone.om.ratis.OzoneManagerStateMachine.runCommand(OzoneManagerStateMachine.java:527) ~[ozone-manager-1.5.0-SNAPSHOT.jar:?]
	at org.apache.hadoop.ozone.om.ratis.OzoneManagerStateMachine.lambda$1(OzoneManagerStateMachine.java:345) ~[ozone-manager-1.5.0-SNAPSHOT.jar:?]
	at java.util.concurrent.CompletableFuture$AsyncSupply.run(CompletableFuture.java:1604) [?:1.8.0_402]
	at java.util.concurrent.ThreadPoolExecutor.runWorker(ThreadPoolExecutor.java:1149) [?:1.8.0_402]
	at java.util.concurrent.ThreadPoolExecutor$Worker.run(ThreadPoolExecutor.java:624) [?:1.8.0_402]
	at java.lang.Thread.run(Thread.java:750) [?:1.8.0_402]
]]></system-out>
  </testcase>
  <testcase name="testCommitPartAfterCompleteUpload" classname="org.apache.hadoop.ozone.client.rpc.TestSecureOzoneRpcClient" time="0.393">
    <system-out><![CDATA[2024-02-26 09:18:44,880 [main] INFO  rpc.RpcClient (RpcClient.java:createVolume(465)) - Creating Volume: be4271d5-85e8-4111-8d06-1fdecadd93e7, with runner as owner and space quota set to -1 bytes, counts quota set to -1
2024-02-26 09:18:44,881 [om1-OMStateMachineApplyTransactionThread - 0] INFO  volume.OMVolumeCreateRequest (OMVolumeCreateRequest.java:validateAndUpdateCache(198)) - created volume:be4271d5-85e8-4111-8d06-1fdecadd93e7 for user:runner
2024-02-26 09:18:44,883 [main] INFO  rpc.RpcClient (RpcClient.java:createBucket(691)) - Creating Bucket: be4271d5-85e8-4111-8d06-1fdecadd93e7/8f53c8d5-21d0-4b5a-aea3-e56ef6c4cb3b, with server-side default bucket layout, runner as owner, Versioning false, Storage Type set to DISK and Encryption set to false, Replication Type set to server-side default replication type, Namespace Quota set to -1, Space Quota set to -1 
2024-02-26 09:18:44,885 [om1-OMStateMachineApplyTransactionThread - 0] INFO  bucket.OMBucketCreateRequest (OMBucketCreateRequest.java:validateAndUpdateCache(292)) - created bucket: 8f53c8d5-21d0-4b5a-aea3-e56ef6c4cb3b of layout OBJECT_STORE in volume: be4271d5-85e8-4111-8d06-1fdecadd93e7
2024-02-26 09:18:45,137 [IPC Server handler 30 on default port 15001] WARN  node.SCMNodeManager (SCMNodeManager.java:getNodesByAddress(1554)) - Cannot find node for address 127.0.0.1
2024-02-26 09:18:45,139 [IPC Server handler 12 on default port 15001] WARN  node.SCMNodeManager (SCMNodeManager.java:getNodesByAddress(1554)) - Cannot find node for address 127.0.0.1
09:18:45.270 [om1-OMStateMachineApplyTransactionThread - 0] ERROR OMAudit - user=runner | ip=127.0.0.1 | op=COMMIT_MULTIPART_UPLOAD_PARTKEY {volume=be4271d5-85e8-4111-8d06-1fdecadd93e7, bucket=8f53c8d5-21d0-4b5a-aea3-e56ef6c4cb3b, key=00983961-4191-4e23-9509-76dc8526b7d0, dataSize=5242880, replicationType=NONE, replicationFactor=ZERO, partNumber=2, partName=/be4271d5-85e8-4111-8d06-1fdecadd93e7/8f53c8d5-21d0-4b5a-aea3-e56ef6c4cb3b/00983961-4191-4e23-9509-76dc8526b7d0-10203b0a-ab8a-49b4-8435-5b391ac2f2f6-111997034488594512-2} | ret=FAILURE
org.apache.hadoop.ozone.om.exceptions.OMException: No such Multipart upload is with specified uploadId 10203b0a-ab8a-49b4-8435-5b391ac2f2f6-111997034488594512
	at org.apache.hadoop.ozone.om.request.s3.multipart.S3MultipartUploadCommitPartRequest.validateAndUpdateCache(S3MultipartUploadCommitPartRequest.java:190) ~[ozone-manager-1.5.0-SNAPSHOT.jar:?]
	at org.apache.hadoop.ozone.protocolPB.OzoneManagerRequestHandler.lambda$0(OzoneManagerRequestHandler.java:403) ~[ozone-manager-1.5.0-SNAPSHOT.jar:?]
	at org.apache.hadoop.util.MetricUtil.captureLatencyNs(MetricUtil.java:45) ~[hdds-common-1.5.0-SNAPSHOT.jar:?]
	at org.apache.hadoop.ozone.protocolPB.OzoneManagerRequestHandler.handleWriteRequest(OzoneManagerRequestHandler.java:399) ~[ozone-manager-1.5.0-SNAPSHOT.jar:?]
	at org.apache.hadoop.ozone.om.ratis.OzoneManagerStateMachine.runCommand(OzoneManagerStateMachine.java:527) ~[ozone-manager-1.5.0-SNAPSHOT.jar:?]
	at org.apache.hadoop.ozone.om.ratis.OzoneManagerStateMachine.lambda$1(OzoneManagerStateMachine.java:345) ~[ozone-manager-1.5.0-SNAPSHOT.jar:?]
	at java.util.concurrent.CompletableFuture$AsyncSupply.run(CompletableFuture.java:1604) [?:1.8.0_402]
	at java.util.concurrent.ThreadPoolExecutor.runWorker(ThreadPoolExecutor.java:1149) [?:1.8.0_402]
	at java.util.concurrent.ThreadPoolExecutor$Worker.run(ThreadPoolExecutor.java:624) [?:1.8.0_402]
	at java.lang.Thread.run(Thread.java:750) [?:1.8.0_402]
2024-02-26 09:18:45,271 [om1-OMStateMachineApplyTransactionThread - 0] ERROR multipart.S3MultipartUploadCommitPartRequest (S3MultipartUploadCommitPartRequest.java:logResult(334)) - MultipartUpload Commit is failed for Key:00983961-4191-4e23-9509-76dc8526b7d0 in Volume/Bucket be4271d5-85e8-4111-8d06-1fdecadd93e7/8f53c8d5-21d0-4b5a-aea3-e56ef6c4cb3b
NO_SUCH_MULTIPART_UPLOAD_ERROR org.apache.hadoop.ozone.om.exceptions.OMException: No such Multipart upload is with specified uploadId 10203b0a-ab8a-49b4-8435-5b391ac2f2f6-111997034488594512
	at org.apache.hadoop.ozone.om.request.s3.multipart.S3MultipartUploadCommitPartRequest.validateAndUpdateCache(S3MultipartUploadCommitPartRequest.java:190)
	at org.apache.hadoop.ozone.protocolPB.OzoneManagerRequestHandler.lambda$0(OzoneManagerRequestHandler.java:403)
	at org.apache.hadoop.util.MetricUtil.captureLatencyNs(MetricUtil.java:45)
	at org.apache.hadoop.ozone.protocolPB.OzoneManagerRequestHandler.handleWriteRequest(OzoneManagerRequestHandler.java:399)
	at org.apache.hadoop.ozone.om.ratis.OzoneManagerStateMachine.runCommand(OzoneManagerStateMachine.java:527)
	at org.apache.hadoop.ozone.om.ratis.OzoneManagerStateMachine.lambda$1(OzoneManagerStateMachine.java:345)
	at java.util.concurrent.CompletableFuture$AsyncSupply.run(CompletableFuture.java:1604)
	at java.util.concurrent.ThreadPoolExecutor.runWorker(ThreadPoolExecutor.java:1149)
	at java.util.concurrent.ThreadPoolExecutor$Worker.run(ThreadPoolExecutor.java:624)
	at java.lang.Thread.run(Thread.java:750)
]]></system-out>
  </testcase>
  <testcase name="testCreateBucket" classname="org.apache.hadoop.ozone.client.rpc.TestSecureOzoneRpcClient" time="0.006">
    <system-out><![CDATA[2024-02-26 09:18:45,273 [main] INFO  rpc.RpcClient (RpcClient.java:createVolume(465)) - Creating Volume: e4dbf78b-5c8b-4e82-add5-1d7911f49bc7, with runner as owner and space quota set to -1 bytes, counts quota set to -1
2024-02-26 09:18:45,274 [om1-OMStateMachineApplyTransactionThread - 0] INFO  volume.OMVolumeCreateRequest (OMVolumeCreateRequest.java:validateAndUpdateCache(198)) - created volume:e4dbf78b-5c8b-4e82-add5-1d7911f49bc7 for user:runner
2024-02-26 09:18:45,276 [main] INFO  rpc.RpcClient (RpcClient.java:createBucket(691)) - Creating Bucket: e4dbf78b-5c8b-4e82-add5-1d7911f49bc7/56341a7d-9847-4c8d-9b05-2b3e610d214b, with server-side default bucket layout, runner as owner, Versioning false, Storage Type set to DISK and Encryption set to false, Replication Type set to server-side default replication type, Namespace Quota set to -1, Space Quota set to -1 
2024-02-26 09:18:45,277 [om1-OMStateMachineApplyTransactionThread - 0] INFO  bucket.OMBucketCreateRequest (OMBucketCreateRequest.java:validateAndUpdateCache(292)) - created bucket: 56341a7d-9847-4c8d-9b05-2b3e610d214b of layout OBJECT_STORE in volume: e4dbf78b-5c8b-4e82-add5-1d7911f49bc7
]]></system-out>
  </testcase>
  <testcase name="testCreateBucketWithAcls" classname="org.apache.hadoop.ozone.client.rpc.TestSecureOzoneRpcClient" time="0.006">
    <system-out><![CDATA[2024-02-26 09:18:45,279 [main] INFO  rpc.RpcClient (RpcClient.java:createVolume(465)) - Creating Volume: feadcc62-e0fa-43c7-9643-d3ed5c9d0613, with runner as owner and space quota set to -1 bytes, counts quota set to -1
2024-02-26 09:18:45,280 [om1-OMStateMachineApplyTransactionThread - 0] INFO  volume.OMVolumeCreateRequest (OMVolumeCreateRequest.java:validateAndUpdateCache(198)) - created volume:feadcc62-e0fa-43c7-9643-d3ed5c9d0613 for user:runner
2024-02-26 09:18:45,282 [main] INFO  rpc.RpcClient (RpcClient.java:createBucket(691)) - Creating Bucket: feadcc62-e0fa-43c7-9643-d3ed5c9d0613/9894e00a-5485-4dc6-8cf6-607694f9b0bd, with server-side default bucket layout, runner as owner, Versioning false, Storage Type set to DISK and Encryption set to false, Replication Type set to server-side default replication type, Namespace Quota set to -1, Space Quota set to -1 
2024-02-26 09:18:45,283 [om1-OMStateMachineApplyTransactionThread - 0] INFO  bucket.OMBucketCreateRequest (OMBucketCreateRequest.java:validateAndUpdateCache(292)) - created bucket: 9894e00a-5485-4dc6-8cf6-607694f9b0bd of layout OBJECT_STORE in volume: feadcc62-e0fa-43c7-9643-d3ed5c9d0613
]]></system-out>
  </testcase>
  <testcase name="testCreateBucketWithAllArgument" classname="org.apache.hadoop.ozone.client.rpc.TestSecureOzoneRpcClient" time="0.01">
    <system-out><![CDATA[2024-02-26 09:18:45,286 [main] INFO  rpc.RpcClient (RpcClient.java:createVolume(465)) - Creating Volume: a896d1bc-b6bc-4d9f-91ab-26ed888a30f2, with runner as owner and space quota set to -1 bytes, counts quota set to -1
2024-02-26 09:18:45,289 [om1-OMStateMachineApplyTransactionThread - 0] INFO  volume.OMVolumeCreateRequest (OMVolumeCreateRequest.java:validateAndUpdateCache(198)) - created volume:a896d1bc-b6bc-4d9f-91ab-26ed888a30f2 for user:runner
2024-02-26 09:18:45,291 [main] INFO  rpc.RpcClient (RpcClient.java:createBucket(691)) - Creating Bucket: a896d1bc-b6bc-4d9f-91ab-26ed888a30f2/0ed5bff1-04c2-451d-91a9-a2b122aac979, with server-side default bucket layout, runner as owner, Versioning true, Storage Type set to SSD and Encryption set to false, Replication Type set to EC, Namespace Quota set to -1, Space Quota set to -1 
2024-02-26 09:18:45,294 [om1-OMStateMachineApplyTransactionThread - 0] INFO  bucket.OMBucketCreateRequest (OMBucketCreateRequest.java:validateAndUpdateCache(292)) - created bucket: 0ed5bff1-04c2-451d-91a9-a2b122aac979 of layout OBJECT_STORE in volume: a896d1bc-b6bc-4d9f-91ab-26ed888a30f2
]]></system-out>
  </testcase>
  <testcase name="testCreateBucketWithMetadata" classname="org.apache.hadoop.ozone.client.rpc.TestSecureOzoneRpcClient" time="0.006">
    <system-out><![CDATA[2024-02-26 09:18:45,297 [main] INFO  rpc.RpcClient (RpcClient.java:createVolume(465)) - Creating Volume: 99acd772-77da-49b4-bc86-367465d43641, with runner as owner and space quota set to -1 bytes, counts quota set to -1
2024-02-26 09:18:45,298 [om1-OMStateMachineApplyTransactionThread - 0] INFO  volume.OMVolumeCreateRequest (OMVolumeCreateRequest.java:validateAndUpdateCache(198)) - created volume:99acd772-77da-49b4-bc86-367465d43641 for user:runner
2024-02-26 09:18:45,299 [main] INFO  rpc.RpcClient (RpcClient.java:createBucket(691)) - Creating Bucket: 99acd772-77da-49b4-bc86-367465d43641/ad779149-6607-4351-b391-36b93004b2f3, with server-side default bucket layout, runner as owner, Versioning false, Storage Type set to DISK and Encryption set to false, Replication Type set to server-side default replication type, Namespace Quota set to -1, Space Quota set to -1 
2024-02-26 09:18:45,300 [om1-OMStateMachineApplyTransactionThread - 0] INFO  bucket.OMBucketCreateRequest (OMBucketCreateRequest.java:validateAndUpdateCache(292)) - created bucket: ad779149-6607-4351-b391-36b93004b2f3 of layout OBJECT_STORE in volume: 99acd772-77da-49b4-bc86-367465d43641
]]></system-out>
  </testcase>
  <testcase name="testCreateBucketWithReplicationConfig" classname="org.apache.hadoop.ozone.client.rpc.TestSecureOzoneRpcClient" time="0.006">
    <system-out><![CDATA[2024-02-26 09:18:45,302 [main] INFO  rpc.RpcClient (RpcClient.java:createVolume(465)) - Creating Volume: 27e39e09-67d6-4574-a157-f66de5203558, with runner as owner and space quota set to -1 bytes, counts quota set to -1
2024-02-26 09:18:45,304 [om1-OMStateMachineApplyTransactionThread - 0] INFO  volume.OMVolumeCreateRequest (OMVolumeCreateRequest.java:validateAndUpdateCache(198)) - created volume:27e39e09-67d6-4574-a157-f66de5203558 for user:runner
2024-02-26 09:18:45,305 [main] INFO  rpc.RpcClient (RpcClient.java:createBucket(691)) - Creating Bucket: 27e39e09-67d6-4574-a157-f66de5203558/328410d1-c865-4f4a-a073-71103d5add89, with server-side default bucket layout, runner as owner, Versioning false, Storage Type set to DISK and Encryption set to false, Replication Type set to EC, Namespace Quota set to -1, Space Quota set to -1 
2024-02-26 09:18:45,306 [om1-OMStateMachineApplyTransactionThread - 0] INFO  bucket.OMBucketCreateRequest (OMBucketCreateRequest.java:validateAndUpdateCache(292)) - created bucket: 328410d1-c865-4f4a-a073-71103d5add89 of layout OBJECT_STORE in volume: 27e39e09-67d6-4574-a157-f66de5203558
]]></system-out>
  </testcase>
  <testcase name="testCreateBucketWithStorageType" classname="org.apache.hadoop.ozone.client.rpc.TestSecureOzoneRpcClient" time="0.005">
    <system-out><![CDATA[2024-02-26 09:18:45,308 [main] INFO  rpc.RpcClient (RpcClient.java:createVolume(465)) - Creating Volume: 14118e2d-f3ef-43e1-b1db-7a569bf6b854, with runner as owner and space quota set to -1 bytes, counts quota set to -1
2024-02-26 09:18:45,310 [om1-OMStateMachineApplyTransactionThread - 0] INFO  volume.OMVolumeCreateRequest (OMVolumeCreateRequest.java:validateAndUpdateCache(198)) - created volume:14118e2d-f3ef-43e1-b1db-7a569bf6b854 for user:runner
2024-02-26 09:18:45,311 [main] INFO  rpc.RpcClient (RpcClient.java:createBucket(691)) - Creating Bucket: 14118e2d-f3ef-43e1-b1db-7a569bf6b854/1f88b3ab-6795-47b1-84eb-f05abeea98ed, with server-side default bucket layout, runner as owner, Versioning false, Storage Type set to SSD and Encryption set to false, Replication Type set to server-side default replication type, Namespace Quota set to -1, Space Quota set to -1 
2024-02-26 09:18:45,312 [om1-OMStateMachineApplyTransactionThread - 0] INFO  bucket.OMBucketCreateRequest (OMBucketCreateRequest.java:validateAndUpdateCache(292)) - created bucket: 1f88b3ab-6795-47b1-84eb-f05abeea98ed of layout OBJECT_STORE in volume: 14118e2d-f3ef-43e1-b1db-7a569bf6b854
]]></system-out>
  </testcase>
  <testcase name="testCreateBucketWithVersioning" classname="org.apache.hadoop.ozone.client.rpc.TestSecureOzoneRpcClient" time="0.005">
    <system-out><![CDATA[2024-02-26 09:18:45,314 [main] INFO  rpc.RpcClient (RpcClient.java:createVolume(465)) - Creating Volume: 8eaa1872-52d9-497d-bc00-92c9188726a8, with runner as owner and space quota set to -1 bytes, counts quota set to -1
2024-02-26 09:18:45,315 [om1-OMStateMachineApplyTransactionThread - 0] INFO  volume.OMVolumeCreateRequest (OMVolumeCreateRequest.java:validateAndUpdateCache(198)) - created volume:8eaa1872-52d9-497d-bc00-92c9188726a8 for user:runner
2024-02-26 09:18:45,316 [main] INFO  rpc.RpcClient (RpcClient.java:createBucket(691)) - Creating Bucket: 8eaa1872-52d9-497d-bc00-92c9188726a8/05918b93-2e89-4949-a244-9145fb37af99, with server-side default bucket layout, runner as owner, Versioning true, Storage Type set to DISK and Encryption set to false, Replication Type set to server-side default replication type, Namespace Quota set to -1, Space Quota set to -1 
2024-02-26 09:18:45,317 [om1-OMStateMachineApplyTransactionThread - 0] INFO  bucket.OMBucketCreateRequest (OMBucketCreateRequest.java:validateAndUpdateCache(292)) - created bucket: 05918b93-2e89-4949-a244-9145fb37af99 of layout OBJECT_STORE in volume: 8eaa1872-52d9-497d-bc00-92c9188726a8
]]></system-out>
  </testcase>
  <testcase name="testCreateS3Bucket" classname="org.apache.hadoop.ozone.client.rpc.TestSecureOzoneRpcClient" time="0.007">
    <system-out><![CDATA[2024-02-26 09:18:45,323 [main] INFO  rpc.RpcClient (RpcClient.java:createBucket(691)) - Creating Bucket: s3v/366be51d-0837-457f-9928-bd3d685d3b9a, with bucket layout OBJECT_STORE, runner as owner, Versioning false, Storage Type set to DISK and Encryption set to false, Replication Type set to server-side default replication type, Namespace Quota set to -1, Space Quota set to -1 
2024-02-26 09:18:45,324 [om1-OMStateMachineApplyTransactionThread - 0] INFO  bucket.OMBucketCreateRequest (OMBucketCreateRequest.java:validateAndUpdateCache(292)) - created bucket: 366be51d-0837-457f-9928-bd3d685d3b9a of layout OBJECT_STORE in volume: s3v
]]></system-out>
  </testcase>
  <testcase name="testCreateVolumeWithMetadata" classname="org.apache.hadoop.ozone.client.rpc.TestSecureOzoneRpcClient" time="0.004">
    <system-out><![CDATA[2024-02-26 09:18:45,327 [main] INFO  rpc.RpcClient (RpcClient.java:createVolume(465)) - Creating Volume: a5751fbb-d30e-4669-b494-92af41499528, with runner as owner and space quota set to -1 bytes, counts quota set to -1
2024-02-26 09:18:45,328 [om1-OMStateMachineApplyTransactionThread - 0] INFO  volume.OMVolumeCreateRequest (OMVolumeCreateRequest.java:validateAndUpdateCache(198)) - created volume:a5751fbb-d30e-4669-b494-92af41499528 for user:runner
]]></system-out>
  </testcase>
  <testcase name="testDefaultS3GVolumeExists" classname="org.apache.hadoop.ozone.client.rpc.TestSecureOzoneRpcClient" time="0.001"/>
  <testcase name="testDeleteBucket" classname="org.apache.hadoop.ozone.client.rpc.TestSecureOzoneRpcClient" time="0.009">
    <system-out><![CDATA[2024-02-26 09:18:45,332 [main] INFO  rpc.RpcClient (RpcClient.java:createVolume(465)) - Creating Volume: d5dedf13-d78d-465c-886b-0ad6782c19a5, with runner as owner and space quota set to -1 bytes, counts quota set to -1
2024-02-26 09:18:45,333 [om1-OMStateMachineApplyTransactionThread - 0] INFO  volume.OMVolumeCreateRequest (OMVolumeCreateRequest.java:validateAndUpdateCache(198)) - created volume:d5dedf13-d78d-465c-886b-0ad6782c19a5 for user:runner
2024-02-26 09:18:45,334 [main] INFO  rpc.RpcClient (RpcClient.java:createBucket(691)) - Creating Bucket: d5dedf13-d78d-465c-886b-0ad6782c19a5/23a2f501-7124-4809-9de9-7f8e0b9fb2c7, with server-side default bucket layout, runner as owner, Versioning false, Storage Type set to DISK and Encryption set to false, Replication Type set to server-side default replication type, Namespace Quota set to -1, Space Quota set to -1 
2024-02-26 09:18:45,335 [om1-OMStateMachineApplyTransactionThread - 0] INFO  bucket.OMBucketCreateRequest (OMBucketCreateRequest.java:validateAndUpdateCache(292)) - created bucket: 23a2f501-7124-4809-9de9-7f8e0b9fb2c7 of layout OBJECT_STORE in volume: d5dedf13-d78d-465c-886b-0ad6782c19a5
09:18:45.339 [IPC Server handler 18 on default port 15004] ERROR OMAudit - user=runner | ip=127.0.0.1 | op=READ_BUCKET {volume=d5dedf13-d78d-465c-886b-0ad6782c19a5, bucket=23a2f501-7124-4809-9de9-7f8e0b9fb2c7} | ret=FAILURE
org.apache.hadoop.ozone.om.exceptions.OMException: Bucket not found
	at org.apache.hadoop.ozone.om.OzoneManager.getBucketOwner(OzoneManager.java:2532) ~[ozone-manager-1.5.0-SNAPSHOT.jar:?]
	at org.apache.hadoop.ozone.om.OzoneManager.getBucketOwner(OzoneManager.java:2500) ~[ozone-manager-1.5.0-SNAPSHOT.jar:?]
	at org.apache.hadoop.ozone.om.OmMetadataReader.checkAcls(OmMetadataReader.java:456) ~[ozone-manager-1.5.0-SNAPSHOT.jar:?]
	at org.apache.hadoop.ozone.om.OzoneManager.getBucketInfo(OzoneManager.java:2789) ~[ozone-manager-1.5.0-SNAPSHOT.jar:?]
	at org.apache.hadoop.ozone.protocolPB.OzoneManagerRequestHandler.infoBucket(OzoneManagerRequestHandler.java:601) ~[ozone-manager-1.5.0-SNAPSHOT.jar:?]
	at org.apache.hadoop.ozone.protocolPB.OzoneManagerRequestHandler.handleReadRequest(OzoneManagerRequestHandler.java:213) ~[ozone-manager-1.5.0-SNAPSHOT.jar:?]
	at org.apache.hadoop.ozone.protocolPB.OzoneManagerProtocolServerSideTranslatorPB.submitReadRequestToOM(OzoneManagerProtocolServerSideTranslatorPB.java:250) ~[ozone-manager-1.5.0-SNAPSHOT.jar:?]
	at org.apache.hadoop.ozone.protocolPB.OzoneManagerProtocolServerSideTranslatorPB.internalProcessRequest(OzoneManagerProtocolServerSideTranslatorPB.java:196) ~[ozone-manager-1.5.0-SNAPSHOT.jar:?]
	at org.apache.hadoop.ozone.protocolPB.OzoneManagerProtocolServerSideTranslatorPB.processRequest(OzoneManagerProtocolServerSideTranslatorPB.java:156) ~[ozone-manager-1.5.0-SNAPSHOT.jar:?]
	at org.apache.hadoop.hdds.server.OzoneProtocolMessageDispatcher.processRequest(OzoneProtocolMessageDispatcher.java:89) [hdds-server-framework-1.5.0-SNAPSHOT.jar:?]
	at org.apache.hadoop.ozone.protocolPB.OzoneManagerProtocolServerSideTranslatorPB.submitRequest(OzoneManagerProtocolServerSideTranslatorPB.java:147) [ozone-manager-1.5.0-SNAPSHOT.jar:?]
	at org.apache.hadoop.ozone.protocol.proto.OzoneManagerProtocolProtos$OzoneManagerService$2.callBlockingMethod(OzoneManagerProtocolProtos.java) [ozone-interface-client-1.5.0-SNAPSHOT.jar:?]
	at org.apache.hadoop.ipc.ProtobufRpcEngine$Server.processCall(ProtobufRpcEngine.java:484) [hadoop-common-3.3.6.jar:?]
	at org.apache.hadoop.ipc.ProtobufRpcEngine2$Server$ProtoBufRpcInvoker.call(ProtobufRpcEngine2.java:595) [hadoop-common-3.3.6.jar:?]
	at org.apache.hadoop.ipc.ProtobufRpcEngine2$Server$ProtoBufRpcInvoker.call(ProtobufRpcEngine2.java:573) [hadoop-common-3.3.6.jar:?]
	at org.apache.hadoop.ipc.RPC$Server.call(RPC.java:1227) [hadoop-common-3.3.6.jar:?]
	at org.apache.hadoop.ipc.Server$RpcCall.run(Server.java:1094) [hadoop-common-3.3.6.jar:?]
	at org.apache.hadoop.ipc.Server$RpcCall.run(Server.java:1017) [hadoop-common-3.3.6.jar:?]
	at java.security.AccessController.doPrivileged(Native Method) ~[?:1.8.0_402]
	at javax.security.auth.Subject.doAs(Subject.java:422) [?:1.8.0_402]
	at org.apache.hadoop.security.UserGroupInformation.doAs(UserGroupInformation.java:1899) [hadoop-common-3.3.6.jar:?]
	at org.apache.hadoop.ipc.Server$Handler.run(Server.java:3048) [hadoop-common-3.3.6.jar:?]
]]></system-out>
  </testcase>
  <testcase name="testDeleteBucketWithTheSamePrefix(BucketLayout)[1]" classname="org.apache.hadoop.ozone.client.rpc.TestSecureOzoneRpcClient" time="0.016">
    <system-out><![CDATA[2024-02-26 09:18:45,342 [main] INFO  rpc.RpcClient (RpcClient.java:createVolume(465)) - Creating Volume: 8484898c-47dc-4a94-b5e2-1545df385ac3, with runner as owner and space quota set to -1 bytes, counts quota set to -1
2024-02-26 09:18:45,343 [om1-OMStateMachineApplyTransactionThread - 0] INFO  volume.OMVolumeCreateRequest (OMVolumeCreateRequest.java:validateAndUpdateCache(198)) - created volume:8484898c-47dc-4a94-b5e2-1545df385ac3 for user:runner
2024-02-26 09:18:45,344 [main] INFO  rpc.RpcClient (RpcClient.java:createBucket(691)) - Creating Bucket: 8484898c-47dc-4a94-b5e2-1545df385ac3/bucket1, with bucket layout OBJECT_STORE, runner as owner, Versioning false, Storage Type set to DISK and Encryption set to false, Replication Type set to server-side default replication type, Namespace Quota set to -1, Space Quota set to -1 
2024-02-26 09:18:45,345 [om1-OMStateMachineApplyTransactionThread - 0] INFO  bucket.OMBucketCreateRequest (OMBucketCreateRequest.java:validateAndUpdateCache(292)) - created bucket: bucket1 of layout OBJECT_STORE in volume: 8484898c-47dc-4a94-b5e2-1545df385ac3
2024-02-26 09:18:45,346 [main] INFO  rpc.RpcClient (RpcClient.java:createBucket(691)) - Creating Bucket: 8484898c-47dc-4a94-b5e2-1545df385ac3/bucket11, with bucket layout OBJECT_STORE, runner as owner, Versioning false, Storage Type set to DISK and Encryption set to false, Replication Type set to server-side default replication type, Namespace Quota set to -1, Space Quota set to -1 
2024-02-26 09:18:45,347 [om1-OMStateMachineApplyTransactionThread - 0] INFO  bucket.OMBucketCreateRequest (OMBucketCreateRequest.java:validateAndUpdateCache(292)) - created bucket: bucket11 of layout OBJECT_STORE in volume: 8484898c-47dc-4a94-b5e2-1545df385ac3
09:18:45.356 [IPC Server handler 4 on default port 15004] ERROR OMAudit - user=runner | ip=127.0.0.1 | op=READ_BUCKET {volume=8484898c-47dc-4a94-b5e2-1545df385ac3, bucket=bucket1} | ret=FAILURE
org.apache.hadoop.ozone.om.exceptions.OMException: Bucket not found
	at org.apache.hadoop.ozone.om.OzoneManager.getBucketOwner(OzoneManager.java:2532) ~[ozone-manager-1.5.0-SNAPSHOT.jar:?]
	at org.apache.hadoop.ozone.om.OzoneManager.getBucketOwner(OzoneManager.java:2500) ~[ozone-manager-1.5.0-SNAPSHOT.jar:?]
	at org.apache.hadoop.ozone.om.OmMetadataReader.checkAcls(OmMetadataReader.java:456) ~[ozone-manager-1.5.0-SNAPSHOT.jar:?]
	at org.apache.hadoop.ozone.om.OzoneManager.getBucketInfo(OzoneManager.java:2789) ~[ozone-manager-1.5.0-SNAPSHOT.jar:?]
	at org.apache.hadoop.ozone.protocolPB.OzoneManagerRequestHandler.infoBucket(OzoneManagerRequestHandler.java:601) ~[ozone-manager-1.5.0-SNAPSHOT.jar:?]
	at org.apache.hadoop.ozone.protocolPB.OzoneManagerRequestHandler.handleReadRequest(OzoneManagerRequestHandler.java:213) ~[ozone-manager-1.5.0-SNAPSHOT.jar:?]
	at org.apache.hadoop.ozone.protocolPB.OzoneManagerProtocolServerSideTranslatorPB.submitReadRequestToOM(OzoneManagerProtocolServerSideTranslatorPB.java:250) ~[ozone-manager-1.5.0-SNAPSHOT.jar:?]
	at org.apache.hadoop.ozone.protocolPB.OzoneManagerProtocolServerSideTranslatorPB.internalProcessRequest(OzoneManagerProtocolServerSideTranslatorPB.java:196) ~[ozone-manager-1.5.0-SNAPSHOT.jar:?]
	at org.apache.hadoop.ozone.protocolPB.OzoneManagerProtocolServerSideTranslatorPB.processRequest(OzoneManagerProtocolServerSideTranslatorPB.java:156) ~[ozone-manager-1.5.0-SNAPSHOT.jar:?]
	at org.apache.hadoop.hdds.server.OzoneProtocolMessageDispatcher.processRequest(OzoneProtocolMessageDispatcher.java:89) [hdds-server-framework-1.5.0-SNAPSHOT.jar:?]
	at org.apache.hadoop.ozone.protocolPB.OzoneManagerProtocolServerSideTranslatorPB.submitRequest(OzoneManagerProtocolServerSideTranslatorPB.java:147) [ozone-manager-1.5.0-SNAPSHOT.jar:?]
	at org.apache.hadoop.ozone.protocol.proto.OzoneManagerProtocolProtos$OzoneManagerService$2.callBlockingMethod(OzoneManagerProtocolProtos.java) [ozone-interface-client-1.5.0-SNAPSHOT.jar:?]
	at org.apache.hadoop.ipc.ProtobufRpcEngine$Server.processCall(ProtobufRpcEngine.java:484) [hadoop-common-3.3.6.jar:?]
	at org.apache.hadoop.ipc.ProtobufRpcEngine2$Server$ProtoBufRpcInvoker.call(ProtobufRpcEngine2.java:595) [hadoop-common-3.3.6.jar:?]
	at org.apache.hadoop.ipc.ProtobufRpcEngine2$Server$ProtoBufRpcInvoker.call(ProtobufRpcEngine2.java:573) [hadoop-common-3.3.6.jar:?]
	at org.apache.hadoop.ipc.RPC$Server.call(RPC.java:1227) [hadoop-common-3.3.6.jar:?]
	at org.apache.hadoop.ipc.Server$RpcCall.run(Server.java:1094) [hadoop-common-3.3.6.jar:?]
	at org.apache.hadoop.ipc.Server$RpcCall.run(Server.java:1017) [hadoop-common-3.3.6.jar:?]
	at java.security.AccessController.doPrivileged(Native Method) ~[?:1.8.0_402]
	at javax.security.auth.Subject.doAs(Subject.java:422) [?:1.8.0_402]
	at org.apache.hadoop.security.UserGroupInformation.doAs(UserGroupInformation.java:1899) [hadoop-common-3.3.6.jar:?]
	at org.apache.hadoop.ipc.Server$Handler.run(Server.java:3048) [hadoop-common-3.3.6.jar:?]
]]></system-out>
  </testcase>
  <testcase name="testDeleteBucketWithTheSamePrefix(BucketLayout)[2]" classname="org.apache.hadoop.ozone.client.rpc.TestSecureOzoneRpcClient" time="0.017">
    <system-out><![CDATA[2024-02-26 09:18:45,359 [main] INFO  rpc.RpcClient (RpcClient.java:createVolume(465)) - Creating Volume: 8d381407-61b3-4818-8d46-07032578a4d1, with runner as owner and space quota set to -1 bytes, counts quota set to -1
2024-02-26 09:18:45,360 [om1-OMStateMachineApplyTransactionThread - 0] INFO  volume.OMVolumeCreateRequest (OMVolumeCreateRequest.java:validateAndUpdateCache(198)) - created volume:8d381407-61b3-4818-8d46-07032578a4d1 for user:runner
2024-02-26 09:18:45,361 [main] INFO  rpc.RpcClient (RpcClient.java:createBucket(691)) - Creating Bucket: 8d381407-61b3-4818-8d46-07032578a4d1/bucket1, with bucket layout LEGACY, runner as owner, Versioning false, Storage Type set to DISK and Encryption set to false, Replication Type set to server-side default replication type, Namespace Quota set to -1, Space Quota set to -1 
2024-02-26 09:18:45,362 [om1-OMStateMachineApplyTransactionThread - 0] INFO  bucket.OMBucketCreateRequest (OMBucketCreateRequest.java:validateAndUpdateCache(292)) - created bucket: bucket1 of layout LEGACY in volume: 8d381407-61b3-4818-8d46-07032578a4d1
2024-02-26 09:18:45,363 [main] INFO  rpc.RpcClient (RpcClient.java:createBucket(691)) - Creating Bucket: 8d381407-61b3-4818-8d46-07032578a4d1/bucket11, with bucket layout LEGACY, runner as owner, Versioning false, Storage Type set to DISK and Encryption set to false, Replication Type set to server-side default replication type, Namespace Quota set to -1, Space Quota set to -1 
2024-02-26 09:18:45,364 [om1-OMStateMachineApplyTransactionThread - 0] INFO  bucket.OMBucketCreateRequest (OMBucketCreateRequest.java:validateAndUpdateCache(292)) - created bucket: bucket11 of layout LEGACY in volume: 8d381407-61b3-4818-8d46-07032578a4d1
09:18:45.373 [IPC Server handler 14 on default port 15004] ERROR OMAudit - user=runner | ip=127.0.0.1 | op=READ_BUCKET {volume=8d381407-61b3-4818-8d46-07032578a4d1, bucket=bucket1} | ret=FAILURE
org.apache.hadoop.ozone.om.exceptions.OMException: Bucket not found
	at org.apache.hadoop.ozone.om.OzoneManager.getBucketOwner(OzoneManager.java:2532) ~[ozone-manager-1.5.0-SNAPSHOT.jar:?]
	at org.apache.hadoop.ozone.om.OzoneManager.getBucketOwner(OzoneManager.java:2500) ~[ozone-manager-1.5.0-SNAPSHOT.jar:?]
	at org.apache.hadoop.ozone.om.OmMetadataReader.checkAcls(OmMetadataReader.java:456) ~[ozone-manager-1.5.0-SNAPSHOT.jar:?]
	at org.apache.hadoop.ozone.om.OzoneManager.getBucketInfo(OzoneManager.java:2789) ~[ozone-manager-1.5.0-SNAPSHOT.jar:?]
	at org.apache.hadoop.ozone.protocolPB.OzoneManagerRequestHandler.infoBucket(OzoneManagerRequestHandler.java:601) ~[ozone-manager-1.5.0-SNAPSHOT.jar:?]
	at org.apache.hadoop.ozone.protocolPB.OzoneManagerRequestHandler.handleReadRequest(OzoneManagerRequestHandler.java:213) ~[ozone-manager-1.5.0-SNAPSHOT.jar:?]
	at org.apache.hadoop.ozone.protocolPB.OzoneManagerProtocolServerSideTranslatorPB.submitReadRequestToOM(OzoneManagerProtocolServerSideTranslatorPB.java:250) ~[ozone-manager-1.5.0-SNAPSHOT.jar:?]
	at org.apache.hadoop.ozone.protocolPB.OzoneManagerProtocolServerSideTranslatorPB.internalProcessRequest(OzoneManagerProtocolServerSideTranslatorPB.java:196) ~[ozone-manager-1.5.0-SNAPSHOT.jar:?]
	at org.apache.hadoop.ozone.protocolPB.OzoneManagerProtocolServerSideTranslatorPB.processRequest(OzoneManagerProtocolServerSideTranslatorPB.java:156) ~[ozone-manager-1.5.0-SNAPSHOT.jar:?]
	at org.apache.hadoop.hdds.server.OzoneProtocolMessageDispatcher.processRequest(OzoneProtocolMessageDispatcher.java:89) [hdds-server-framework-1.5.0-SNAPSHOT.jar:?]
	at org.apache.hadoop.ozone.protocolPB.OzoneManagerProtocolServerSideTranslatorPB.submitRequest(OzoneManagerProtocolServerSideTranslatorPB.java:147) [ozone-manager-1.5.0-SNAPSHOT.jar:?]
	at org.apache.hadoop.ozone.protocol.proto.OzoneManagerProtocolProtos$OzoneManagerService$2.callBlockingMethod(OzoneManagerProtocolProtos.java) [ozone-interface-client-1.5.0-SNAPSHOT.jar:?]
	at org.apache.hadoop.ipc.ProtobufRpcEngine$Server.processCall(ProtobufRpcEngine.java:484) [hadoop-common-3.3.6.jar:?]
	at org.apache.hadoop.ipc.ProtobufRpcEngine2$Server$ProtoBufRpcInvoker.call(ProtobufRpcEngine2.java:595) [hadoop-common-3.3.6.jar:?]
	at org.apache.hadoop.ipc.ProtobufRpcEngine2$Server$ProtoBufRpcInvoker.call(ProtobufRpcEngine2.java:573) [hadoop-common-3.3.6.jar:?]
	at org.apache.hadoop.ipc.RPC$Server.call(RPC.java:1227) [hadoop-common-3.3.6.jar:?]
	at org.apache.hadoop.ipc.Server$RpcCall.run(Server.java:1094) [hadoop-common-3.3.6.jar:?]
	at org.apache.hadoop.ipc.Server$RpcCall.run(Server.java:1017) [hadoop-common-3.3.6.jar:?]
	at java.security.AccessController.doPrivileged(Native Method) ~[?:1.8.0_402]
	at javax.security.auth.Subject.doAs(Subject.java:422) [?:1.8.0_402]
	at org.apache.hadoop.security.UserGroupInformation.doAs(UserGroupInformation.java:1899) [hadoop-common-3.3.6.jar:?]
	at org.apache.hadoop.ipc.Server$Handler.run(Server.java:3048) [hadoop-common-3.3.6.jar:?]
]]></system-out>
  </testcase>
  <testcase name="testDeleteBucketWithTheSamePrefix(BucketLayout)[3]" classname="org.apache.hadoop.ozone.client.rpc.TestSecureOzoneRpcClient" time="0.025">
    <system-out><![CDATA[2024-02-26 09:18:45,377 [main] INFO  rpc.RpcClient (RpcClient.java:createVolume(465)) - Creating Volume: 18854182-7e81-4105-8d4e-4d26cfaddcac, with runner as owner and space quota set to -1 bytes, counts quota set to -1
2024-02-26 09:18:45,386 [om1-OMStateMachineApplyTransactionThread - 0] INFO  volume.OMVolumeCreateRequest (OMVolumeCreateRequest.java:validateAndUpdateCache(198)) - created volume:18854182-7e81-4105-8d4e-4d26cfaddcac for user:runner
2024-02-26 09:18:45,388 [main] INFO  rpc.RpcClient (RpcClient.java:createBucket(691)) - Creating Bucket: 18854182-7e81-4105-8d4e-4d26cfaddcac/bucket1, with bucket layout FILE_SYSTEM_OPTIMIZED, runner as owner, Versioning false, Storage Type set to DISK and Encryption set to false, Replication Type set to server-side default replication type, Namespace Quota set to -1, Space Quota set to -1 
2024-02-26 09:18:45,389 [om1-OMStateMachineApplyTransactionThread - 0] INFO  bucket.OMBucketCreateRequest (OMBucketCreateRequest.java:validateAndUpdateCache(292)) - created bucket: bucket1 of layout FILE_SYSTEM_OPTIMIZED in volume: 18854182-7e81-4105-8d4e-4d26cfaddcac
2024-02-26 09:18:45,390 [main] INFO  rpc.RpcClient (RpcClient.java:createBucket(691)) - Creating Bucket: 18854182-7e81-4105-8d4e-4d26cfaddcac/bucket11, with bucket layout FILE_SYSTEM_OPTIMIZED, runner as owner, Versioning false, Storage Type set to DISK and Encryption set to false, Replication Type set to server-side default replication type, Namespace Quota set to -1, Space Quota set to -1 
2024-02-26 09:18:45,391 [om1-OMStateMachineApplyTransactionThread - 0] INFO  bucket.OMBucketCreateRequest (OMBucketCreateRequest.java:validateAndUpdateCache(292)) - created bucket: bucket11 of layout FILE_SYSTEM_OPTIMIZED in volume: 18854182-7e81-4105-8d4e-4d26cfaddcac
09:18:45.400 [IPC Server handler 9 on default port 15004] ERROR OMAudit - user=runner | ip=127.0.0.1 | op=READ_BUCKET {volume=18854182-7e81-4105-8d4e-4d26cfaddcac, bucket=bucket1} | ret=FAILURE
org.apache.hadoop.ozone.om.exceptions.OMException: Bucket not found
	at org.apache.hadoop.ozone.om.OzoneManager.getBucketOwner(OzoneManager.java:2532) ~[ozone-manager-1.5.0-SNAPSHOT.jar:?]
	at org.apache.hadoop.ozone.om.OzoneManager.getBucketOwner(OzoneManager.java:2500) ~[ozone-manager-1.5.0-SNAPSHOT.jar:?]
	at org.apache.hadoop.ozone.om.OmMetadataReader.checkAcls(OmMetadataReader.java:456) ~[ozone-manager-1.5.0-SNAPSHOT.jar:?]
	at org.apache.hadoop.ozone.om.OzoneManager.getBucketInfo(OzoneManager.java:2789) ~[ozone-manager-1.5.0-SNAPSHOT.jar:?]
	at org.apache.hadoop.ozone.protocolPB.OzoneManagerRequestHandler.infoBucket(OzoneManagerRequestHandler.java:601) ~[ozone-manager-1.5.0-SNAPSHOT.jar:?]
	at org.apache.hadoop.ozone.protocolPB.OzoneManagerRequestHandler.handleReadRequest(OzoneManagerRequestHandler.java:213) ~[ozone-manager-1.5.0-SNAPSHOT.jar:?]
	at org.apache.hadoop.ozone.protocolPB.OzoneManagerProtocolServerSideTranslatorPB.submitReadRequestToOM(OzoneManagerProtocolServerSideTranslatorPB.java:250) ~[ozone-manager-1.5.0-SNAPSHOT.jar:?]
	at org.apache.hadoop.ozone.protocolPB.OzoneManagerProtocolServerSideTranslatorPB.internalProcessRequest(OzoneManagerProtocolServerSideTranslatorPB.java:196) ~[ozone-manager-1.5.0-SNAPSHOT.jar:?]
	at org.apache.hadoop.ozone.protocolPB.OzoneManagerProtocolServerSideTranslatorPB.processRequest(OzoneManagerProtocolServerSideTranslatorPB.java:156) ~[ozone-manager-1.5.0-SNAPSHOT.jar:?]
	at org.apache.hadoop.hdds.server.OzoneProtocolMessageDispatcher.processRequest(OzoneProtocolMessageDispatcher.java:89) [hdds-server-framework-1.5.0-SNAPSHOT.jar:?]
	at org.apache.hadoop.ozone.protocolPB.OzoneManagerProtocolServerSideTranslatorPB.submitRequest(OzoneManagerProtocolServerSideTranslatorPB.java:147) [ozone-manager-1.5.0-SNAPSHOT.jar:?]
	at org.apache.hadoop.ozone.protocol.proto.OzoneManagerProtocolProtos$OzoneManagerService$2.callBlockingMethod(OzoneManagerProtocolProtos.java) [ozone-interface-client-1.5.0-SNAPSHOT.jar:?]
	at org.apache.hadoop.ipc.ProtobufRpcEngine$Server.processCall(ProtobufRpcEngine.java:484) [hadoop-common-3.3.6.jar:?]
	at org.apache.hadoop.ipc.ProtobufRpcEngine2$Server$ProtoBufRpcInvoker.call(ProtobufRpcEngine2.java:595) [hadoop-common-3.3.6.jar:?]
	at org.apache.hadoop.ipc.ProtobufRpcEngine2$Server$ProtoBufRpcInvoker.call(ProtobufRpcEngine2.java:573) [hadoop-common-3.3.6.jar:?]
	at org.apache.hadoop.ipc.RPC$Server.call(RPC.java:1227) [hadoop-common-3.3.6.jar:?]
	at org.apache.hadoop.ipc.Server$RpcCall.run(Server.java:1094) [hadoop-common-3.3.6.jar:?]
	at org.apache.hadoop.ipc.Server$RpcCall.run(Server.java:1017) [hadoop-common-3.3.6.jar:?]
	at java.security.AccessController.doPrivileged(Native Method) ~[?:1.8.0_402]
	at javax.security.auth.Subject.doAs(Subject.java:422) [?:1.8.0_402]
	at org.apache.hadoop.security.UserGroupInformation.doAs(UserGroupInformation.java:1899) [hadoop-common-3.3.6.jar:?]
	at org.apache.hadoop.ipc.Server$Handler.run(Server.java:3048) [hadoop-common-3.3.6.jar:?]
]]></system-out>
  </testcase>
  <testcase name="testDeleteKey" classname="org.apache.hadoop.ozone.client.rpc.TestSecureOzoneRpcClient" time="0.024">
    <system-out><![CDATA[2024-02-26 09:18:45,402 [main] INFO  rpc.RpcClient (RpcClient.java:createVolume(465)) - Creating Volume: c8f51337-afc4-48bb-a03d-0f1b05f025d9, with runner as owner and space quota set to -1 bytes, counts quota set to -1
2024-02-26 09:18:45,403 [om1-OMStateMachineApplyTransactionThread - 0] INFO  volume.OMVolumeCreateRequest (OMVolumeCreateRequest.java:validateAndUpdateCache(198)) - created volume:c8f51337-afc4-48bb-a03d-0f1b05f025d9 for user:runner
2024-02-26 09:18:45,404 [main] INFO  rpc.RpcClient (RpcClient.java:createBucket(691)) - Creating Bucket: c8f51337-afc4-48bb-a03d-0f1b05f025d9/9f724294-d984-4bc7-b518-038fc45b6287, with server-side default bucket layout, runner as owner, Versioning false, Storage Type set to DISK and Encryption set to false, Replication Type set to server-side default replication type, Namespace Quota set to -1, Space Quota set to -1 
2024-02-26 09:18:45,406 [om1-OMStateMachineApplyTransactionThread - 0] INFO  bucket.OMBucketCreateRequest (OMBucketCreateRequest.java:validateAndUpdateCache(292)) - created bucket: 9f724294-d984-4bc7-b518-038fc45b6287 of layout OBJECT_STORE in volume: c8f51337-afc4-48bb-a03d-0f1b05f025d9
2024-02-26 09:18:45,419 [IPC Server handler 26 on default port 15001] WARN  node.SCMNodeManager (SCMNodeManager.java:getNodesByAddress(1554)) - Cannot find node for address 127.0.0.1
09:18:45.425 [IPC Server handler 8 on default port 15004] ERROR OMAudit - user=runner | ip=127.0.0.1 | op=READ_KEY {volume=c8f51337-afc4-48bb-a03d-0f1b05f025d9, bucket=9f724294-d984-4bc7-b518-038fc45b6287, key=dc6ace12-23df-4db1-b770-dc17d4a85972, dataSize=0, replicationConfig=null} | ret=FAILURE
org.apache.hadoop.ozone.om.exceptions.OMException: Key:dc6ace12-23df-4db1-b770-dc17d4a85972 not found
	at org.apache.hadoop.ozone.om.KeyManagerImpl.readKeyInfo(KeyManagerImpl.java:480) ~[ozone-manager-1.5.0-SNAPSHOT.jar:?]
	at org.apache.hadoop.ozone.om.KeyManagerImpl.lambda$11(KeyManagerImpl.java:2050) ~[ozone-manager-1.5.0-SNAPSHOT.jar:?]
	at org.apache.hadoop.util.MetricUtil.captureLatencyNs(MetricUtil.java:45) ~[hdds-common-1.5.0-SNAPSHOT.jar:?]
	at org.apache.hadoop.ozone.om.KeyManagerImpl.getKeyInfo(KeyManagerImpl.java:2048) ~[ozone-manager-1.5.0-SNAPSHOT.jar:?]
	at org.apache.hadoop.ozone.om.OmMetadataReader.getKeyInfo(OmMetadataReader.java:190) ~[ozone-manager-1.5.0-SNAPSHOT.jar:?]
	at org.apache.hadoop.ozone.om.OzoneManager.getKeyInfo(OzoneManager.java:2865) ~[ozone-manager-1.5.0-SNAPSHOT.jar:?]
	at org.apache.hadoop.ozone.protocolPB.OzoneManagerRequestHandler.getKeyInfo(OzoneManagerRequestHandler.java:641) ~[ozone-manager-1.5.0-SNAPSHOT.jar:?]
	at org.apache.hadoop.ozone.protocolPB.OzoneManagerRequestHandler.handleReadRequest(OzoneManagerRequestHandler.java:328) ~[ozone-manager-1.5.0-SNAPSHOT.jar:?]
	at org.apache.hadoop.ozone.protocolPB.OzoneManagerProtocolServerSideTranslatorPB.submitReadRequestToOM(OzoneManagerProtocolServerSideTranslatorPB.java:250) ~[ozone-manager-1.5.0-SNAPSHOT.jar:?]
	at org.apache.hadoop.ozone.protocolPB.OzoneManagerProtocolServerSideTranslatorPB.internalProcessRequest(OzoneManagerProtocolServerSideTranslatorPB.java:196) ~[ozone-manager-1.5.0-SNAPSHOT.jar:?]
	at org.apache.hadoop.ozone.protocolPB.OzoneManagerProtocolServerSideTranslatorPB.processRequest(OzoneManagerProtocolServerSideTranslatorPB.java:156) ~[ozone-manager-1.5.0-SNAPSHOT.jar:?]
	at org.apache.hadoop.hdds.server.OzoneProtocolMessageDispatcher.processRequest(OzoneProtocolMessageDispatcher.java:89) [hdds-server-framework-1.5.0-SNAPSHOT.jar:?]
	at org.apache.hadoop.ozone.protocolPB.OzoneManagerProtocolServerSideTranslatorPB.submitRequest(OzoneManagerProtocolServerSideTranslatorPB.java:147) [ozone-manager-1.5.0-SNAPSHOT.jar:?]
	at org.apache.hadoop.ozone.protocol.proto.OzoneManagerProtocolProtos$OzoneManagerService$2.callBlockingMethod(OzoneManagerProtocolProtos.java) [ozone-interface-client-1.5.0-SNAPSHOT.jar:?]
	at org.apache.hadoop.ipc.ProtobufRpcEngine$Server.processCall(ProtobufRpcEngine.java:484) [hadoop-common-3.3.6.jar:?]
	at org.apache.hadoop.ipc.ProtobufRpcEngine2$Server$ProtoBufRpcInvoker.call(ProtobufRpcEngine2.java:595) [hadoop-common-3.3.6.jar:?]
	at org.apache.hadoop.ipc.ProtobufRpcEngine2$Server$ProtoBufRpcInvoker.call(ProtobufRpcEngine2.java:573) [hadoop-common-3.3.6.jar:?]
	at org.apache.hadoop.ipc.RPC$Server.call(RPC.java:1227) [hadoop-common-3.3.6.jar:?]
	at org.apache.hadoop.ipc.Server$RpcCall.run(Server.java:1094) [hadoop-common-3.3.6.jar:?]
	at org.apache.hadoop.ipc.Server$RpcCall.run(Server.java:1017) [hadoop-common-3.3.6.jar:?]
	at java.security.AccessController.doPrivileged(Native Method) ~[?:1.8.0_402]
	at javax.security.auth.Subject.doAs(Subject.java:422) [?:1.8.0_402]
	at org.apache.hadoop.security.UserGroupInformation.doAs(UserGroupInformation.java:1899) [hadoop-common-3.3.6.jar:?]
	at org.apache.hadoop.ipc.Server$Handler.run(Server.java:3048) [hadoop-common-3.3.6.jar:?]
]]></system-out>
  </testcase>
  <testcase name="testDeleteLinkedBucket" classname="org.apache.hadoop.ozone.client.rpc.TestSecureOzoneRpcClient" time="0.02">
    <system-out><![CDATA[2024-02-26 09:18:45,426 [main] INFO  rpc.RpcClient (RpcClient.java:createVolume(465)) - Creating Volume: d153c9d6-d52f-4073-9bf5-a829ed73a38e, with runner as owner and space quota set to -1 bytes, counts quota set to -1
2024-02-26 09:18:45,428 [om1-OMStateMachineApplyTransactionThread - 0] INFO  volume.OMVolumeCreateRequest (OMVolumeCreateRequest.java:validateAndUpdateCache(198)) - created volume:d153c9d6-d52f-4073-9bf5-a829ed73a38e for user:runner
2024-02-26 09:18:45,430 [main] INFO  rpc.RpcClient (RpcClient.java:createBucket(691)) - Creating Bucket: d153c9d6-d52f-4073-9bf5-a829ed73a38e/f8a721a7-cc8d-409a-b9d0-a8a7ec92e102, with server-side default bucket layout, runner as owner, Versioning false, Storage Type set to DISK and Encryption set to false, Replication Type set to server-side default replication type, Namespace Quota set to -1, Space Quota set to -1 
2024-02-26 09:18:45,431 [om1-OMStateMachineApplyTransactionThread - 0] INFO  bucket.OMBucketCreateRequest (OMBucketCreateRequest.java:validateAndUpdateCache(292)) - created bucket: f8a721a7-cc8d-409a-b9d0-a8a7ec92e102 of layout OBJECT_STORE in volume: d153c9d6-d52f-4073-9bf5-a829ed73a38e
2024-02-26 09:18:45,433 [main] INFO  rpc.RpcClient (RpcClient.java:createBucket(691)) - Creating Bucket: d153c9d6-d52f-4073-9bf5-a829ed73a38e/f18910c5-422e-4a29-bc45-142796ae7877, with server-side default bucket layout, runner as owner, Versioning false, Storage Type set to DISK and Encryption set to false, Replication Type set to server-side default replication type, Namespace Quota set to -1, Space Quota set to -1 
2024-02-26 09:18:45,434 [om1-OMStateMachineApplyTransactionThread - 0] INFO  bucket.OMBucketCreateRequest (OMBucketCreateRequest.java:validateAndUpdateCache(292)) - created bucket: f18910c5-422e-4a29-bc45-142796ae7877 of layout OBJECT_STORE in volume: d153c9d6-d52f-4073-9bf5-a829ed73a38e
09:18:45.438 [IPC Server handler 19 on default port 15004] ERROR OMAudit - user=runner | ip=127.0.0.1 | op=READ_BUCKET {volume=d153c9d6-d52f-4073-9bf5-a829ed73a38e, bucket=f8a721a7-cc8d-409a-b9d0-a8a7ec92e102} | ret=FAILURE
org.apache.hadoop.ozone.om.exceptions.OMException: Bucket not found
	at org.apache.hadoop.ozone.om.OzoneManager.getBucketOwner(OzoneManager.java:2532) ~[ozone-manager-1.5.0-SNAPSHOT.jar:?]
	at org.apache.hadoop.ozone.om.OzoneManager.getBucketOwner(OzoneManager.java:2500) ~[ozone-manager-1.5.0-SNAPSHOT.jar:?]
	at org.apache.hadoop.ozone.om.OmMetadataReader.checkAcls(OmMetadataReader.java:456) ~[ozone-manager-1.5.0-SNAPSHOT.jar:?]
	at org.apache.hadoop.ozone.om.OzoneManager.getBucketInfo(OzoneManager.java:2789) ~[ozone-manager-1.5.0-SNAPSHOT.jar:?]
	at org.apache.hadoop.ozone.protocolPB.OzoneManagerRequestHandler.infoBucket(OzoneManagerRequestHandler.java:601) ~[ozone-manager-1.5.0-SNAPSHOT.jar:?]
	at org.apache.hadoop.ozone.protocolPB.OzoneManagerRequestHandler.handleReadRequest(OzoneManagerRequestHandler.java:213) ~[ozone-manager-1.5.0-SNAPSHOT.jar:?]
	at org.apache.hadoop.ozone.protocolPB.OzoneManagerProtocolServerSideTranslatorPB.submitReadRequestToOM(OzoneManagerProtocolServerSideTranslatorPB.java:250) ~[ozone-manager-1.5.0-SNAPSHOT.jar:?]
	at org.apache.hadoop.ozone.protocolPB.OzoneManagerProtocolServerSideTranslatorPB.internalProcessRequest(OzoneManagerProtocolServerSideTranslatorPB.java:196) ~[ozone-manager-1.5.0-SNAPSHOT.jar:?]
	at org.apache.hadoop.ozone.protocolPB.OzoneManagerProtocolServerSideTranslatorPB.processRequest(OzoneManagerProtocolServerSideTranslatorPB.java:156) ~[ozone-manager-1.5.0-SNAPSHOT.jar:?]
	at org.apache.hadoop.hdds.server.OzoneProtocolMessageDispatcher.processRequest(OzoneProtocolMessageDispatcher.java:89) [hdds-server-framework-1.5.0-SNAPSHOT.jar:?]
	at org.apache.hadoop.ozone.protocolPB.OzoneManagerProtocolServerSideTranslatorPB.submitRequest(OzoneManagerProtocolServerSideTranslatorPB.java:147) [ozone-manager-1.5.0-SNAPSHOT.jar:?]
	at org.apache.hadoop.ozone.protocol.proto.OzoneManagerProtocolProtos$OzoneManagerService$2.callBlockingMethod(OzoneManagerProtocolProtos.java) [ozone-interface-client-1.5.0-SNAPSHOT.jar:?]
	at org.apache.hadoop.ipc.ProtobufRpcEngine$Server.processCall(ProtobufRpcEngine.java:484) [hadoop-common-3.3.6.jar:?]
	at org.apache.hadoop.ipc.ProtobufRpcEngine2$Server$ProtoBufRpcInvoker.call(ProtobufRpcEngine2.java:595) [hadoop-common-3.3.6.jar:?]
	at org.apache.hadoop.ipc.ProtobufRpcEngine2$Server$ProtoBufRpcInvoker.call(ProtobufRpcEngine2.java:573) [hadoop-common-3.3.6.jar:?]
	at org.apache.hadoop.ipc.RPC$Server.call(RPC.java:1227) [hadoop-common-3.3.6.jar:?]
	at org.apache.hadoop.ipc.Server$RpcCall.run(Server.java:1094) [hadoop-common-3.3.6.jar:?]
	at org.apache.hadoop.ipc.Server$RpcCall.run(Server.java:1017) [hadoop-common-3.3.6.jar:?]
	at java.security.AccessController.doPrivileged(Native Method) ~[?:1.8.0_402]
	at javax.security.auth.Subject.doAs(Subject.java:422) [?:1.8.0_402]
	at org.apache.hadoop.security.UserGroupInformation.doAs(UserGroupInformation.java:1899) [hadoop-common-3.3.6.jar:?]
	at org.apache.hadoop.ipc.Server$Handler.run(Server.java:3048) [hadoop-common-3.3.6.jar:?]
2024-02-26 09:18:45,440 [IPC Server handler 13 on default port 15004] WARN  om.OzoneManager (OzoneManager.java:resolveBucketLink(4307)) - Bucket f8a721a7-cc8d-409a-b9d0-a8a7ec92e102 not found in volume d153c9d6-d52f-4073-9bf5-a829ed73a38e
09:18:45.443 [IPC Server handler 9 on default port 15004] ERROR OMAudit - user=runner | ip=127.0.0.1 | op=READ_BUCKET {volume=d153c9d6-d52f-4073-9bf5-a829ed73a38e, bucket=f18910c5-422e-4a29-bc45-142796ae7877} | ret=FAILURE
org.apache.hadoop.ozone.om.exceptions.OMException: Bucket not found
	at org.apache.hadoop.ozone.om.OzoneManager.getBucketOwner(OzoneManager.java:2532) ~[ozone-manager-1.5.0-SNAPSHOT.jar:?]
	at org.apache.hadoop.ozone.om.OzoneManager.getBucketOwner(OzoneManager.java:2500) ~[ozone-manager-1.5.0-SNAPSHOT.jar:?]
	at org.apache.hadoop.ozone.om.OmMetadataReader.checkAcls(OmMetadataReader.java:456) ~[ozone-manager-1.5.0-SNAPSHOT.jar:?]
	at org.apache.hadoop.ozone.om.OzoneManager.getBucketInfo(OzoneManager.java:2789) ~[ozone-manager-1.5.0-SNAPSHOT.jar:?]
	at org.apache.hadoop.ozone.protocolPB.OzoneManagerRequestHandler.infoBucket(OzoneManagerRequestHandler.java:601) ~[ozone-manager-1.5.0-SNAPSHOT.jar:?]
	at org.apache.hadoop.ozone.protocolPB.OzoneManagerRequestHandler.handleReadRequest(OzoneManagerRequestHandler.java:213) ~[ozone-manager-1.5.0-SNAPSHOT.jar:?]
	at org.apache.hadoop.ozone.protocolPB.OzoneManagerProtocolServerSideTranslatorPB.submitReadRequestToOM(OzoneManagerProtocolServerSideTranslatorPB.java:250) ~[ozone-manager-1.5.0-SNAPSHOT.jar:?]
	at org.apache.hadoop.ozone.protocolPB.OzoneManagerProtocolServerSideTranslatorPB.internalProcessRequest(OzoneManagerProtocolServerSideTranslatorPB.java:196) ~[ozone-manager-1.5.0-SNAPSHOT.jar:?]
	at org.apache.hadoop.ozone.protocolPB.OzoneManagerProtocolServerSideTranslatorPB.processRequest(OzoneManagerProtocolServerSideTranslatorPB.java:156) ~[ozone-manager-1.5.0-SNAPSHOT.jar:?]
	at org.apache.hadoop.hdds.server.OzoneProtocolMessageDispatcher.processRequest(OzoneProtocolMessageDispatcher.java:89) [hdds-server-framework-1.5.0-SNAPSHOT.jar:?]
	at org.apache.hadoop.ozone.protocolPB.OzoneManagerProtocolServerSideTranslatorPB.submitRequest(OzoneManagerProtocolServerSideTranslatorPB.java:147) [ozone-manager-1.5.0-SNAPSHOT.jar:?]
	at org.apache.hadoop.ozone.protocol.proto.OzoneManagerProtocolProtos$OzoneManagerService$2.callBlockingMethod(OzoneManagerProtocolProtos.java) [ozone-interface-client-1.5.0-SNAPSHOT.jar:?]
	at org.apache.hadoop.ipc.ProtobufRpcEngine$Server.processCall(ProtobufRpcEngine.java:484) [hadoop-common-3.3.6.jar:?]
	at org.apache.hadoop.ipc.ProtobufRpcEngine2$Server$ProtoBufRpcInvoker.call(ProtobufRpcEngine2.java:595) [hadoop-common-3.3.6.jar:?]
	at org.apache.hadoop.ipc.ProtobufRpcEngine2$Server$ProtoBufRpcInvoker.call(ProtobufRpcEngine2.java:573) [hadoop-common-3.3.6.jar:?]
	at org.apache.hadoop.ipc.RPC$Server.call(RPC.java:1227) [hadoop-common-3.3.6.jar:?]
	at org.apache.hadoop.ipc.Server$RpcCall.run(Server.java:1094) [hadoop-common-3.3.6.jar:?]
	at org.apache.hadoop.ipc.Server$RpcCall.run(Server.java:1017) [hadoop-common-3.3.6.jar:?]
	at java.security.AccessController.doPrivileged(Native Method) ~[?:1.8.0_402]
	at javax.security.auth.Subject.doAs(Subject.java:422) [?:1.8.0_402]
	at org.apache.hadoop.security.UserGroupInformation.doAs(UserGroupInformation.java:1899) [hadoop-common-3.3.6.jar:?]
	at org.apache.hadoop.ipc.Server$Handler.run(Server.java:3048) [hadoop-common-3.3.6.jar:?]
]]></system-out>
  </testcase>
  <testcase name="testDeleteS3Bucket" classname="org.apache.hadoop.ozone.client.rpc.TestSecureOzoneRpcClient" time="0.01">
    <system-out><![CDATA[2024-02-26 09:18:45,448 [main] INFO  rpc.RpcClient (RpcClient.java:createBucket(691)) - Creating Bucket: s3v/ea85d9c8-9cf1-40af-9776-94a86a097ebb, with bucket layout OBJECT_STORE, runner as owner, Versioning false, Storage Type set to DISK and Encryption set to false, Replication Type set to server-side default replication type, Namespace Quota set to -1, Space Quota set to -1 
2024-02-26 09:18:45,450 [om1-OMStateMachineApplyTransactionThread - 0] INFO  bucket.OMBucketCreateRequest (OMBucketCreateRequest.java:validateAndUpdateCache(292)) - created bucket: ea85d9c8-9cf1-40af-9776-94a86a097ebb of layout OBJECT_STORE in volume: s3v
09:18:45.456 [IPC Server handler 8 on default port 15004] ERROR OMAudit - user=runner | ip=127.0.0.1 | op=READ_BUCKET {volume=s3v, bucket=ea85d9c8-9cf1-40af-9776-94a86a097ebb} | ret=FAILURE
org.apache.hadoop.ozone.om.exceptions.OMException: Bucket not found
	at org.apache.hadoop.ozone.om.OzoneManager.getBucketOwner(OzoneManager.java:2532) ~[ozone-manager-1.5.0-SNAPSHOT.jar:?]
	at org.apache.hadoop.ozone.om.OzoneManager.getBucketOwner(OzoneManager.java:2500) ~[ozone-manager-1.5.0-SNAPSHOT.jar:?]
	at org.apache.hadoop.ozone.om.OmMetadataReader.checkAcls(OmMetadataReader.java:456) ~[ozone-manager-1.5.0-SNAPSHOT.jar:?]
	at org.apache.hadoop.ozone.om.OzoneManager.getBucketInfo(OzoneManager.java:2789) ~[ozone-manager-1.5.0-SNAPSHOT.jar:?]
	at org.apache.hadoop.ozone.protocolPB.OzoneManagerRequestHandler.infoBucket(OzoneManagerRequestHandler.java:601) ~[ozone-manager-1.5.0-SNAPSHOT.jar:?]
	at org.apache.hadoop.ozone.protocolPB.OzoneManagerRequestHandler.handleReadRequest(OzoneManagerRequestHandler.java:213) ~[ozone-manager-1.5.0-SNAPSHOT.jar:?]
	at org.apache.hadoop.ozone.protocolPB.OzoneManagerProtocolServerSideTranslatorPB.submitReadRequestToOM(OzoneManagerProtocolServerSideTranslatorPB.java:250) ~[ozone-manager-1.5.0-SNAPSHOT.jar:?]
	at org.apache.hadoop.ozone.protocolPB.OzoneManagerProtocolServerSideTranslatorPB.internalProcessRequest(OzoneManagerProtocolServerSideTranslatorPB.java:196) ~[ozone-manager-1.5.0-SNAPSHOT.jar:?]
	at org.apache.hadoop.ozone.protocolPB.OzoneManagerProtocolServerSideTranslatorPB.processRequest(OzoneManagerProtocolServerSideTranslatorPB.java:156) ~[ozone-manager-1.5.0-SNAPSHOT.jar:?]
	at org.apache.hadoop.hdds.server.OzoneProtocolMessageDispatcher.processRequest(OzoneProtocolMessageDispatcher.java:89) [hdds-server-framework-1.5.0-SNAPSHOT.jar:?]
	at org.apache.hadoop.ozone.protocolPB.OzoneManagerProtocolServerSideTranslatorPB.submitRequest(OzoneManagerProtocolServerSideTranslatorPB.java:147) [ozone-manager-1.5.0-SNAPSHOT.jar:?]
	at org.apache.hadoop.ozone.protocol.proto.OzoneManagerProtocolProtos$OzoneManagerService$2.callBlockingMethod(OzoneManagerProtocolProtos.java) [ozone-interface-client-1.5.0-SNAPSHOT.jar:?]
	at org.apache.hadoop.ipc.ProtobufRpcEngine$Server.processCall(ProtobufRpcEngine.java:484) [hadoop-common-3.3.6.jar:?]
	at org.apache.hadoop.ipc.ProtobufRpcEngine2$Server$ProtoBufRpcInvoker.call(ProtobufRpcEngine2.java:595) [hadoop-common-3.3.6.jar:?]
	at org.apache.hadoop.ipc.ProtobufRpcEngine2$Server$ProtoBufRpcInvoker.call(ProtobufRpcEngine2.java:573) [hadoop-common-3.3.6.jar:?]
	at org.apache.hadoop.ipc.RPC$Server.call(RPC.java:1227) [hadoop-common-3.3.6.jar:?]
	at org.apache.hadoop.ipc.Server$RpcCall.run(Server.java:1094) [hadoop-common-3.3.6.jar:?]
	at org.apache.hadoop.ipc.Server$RpcCall.run(Server.java:1017) [hadoop-common-3.3.6.jar:?]
	at java.security.AccessController.doPrivileged(Native Method) ~[?:1.8.0_402]
	at javax.security.auth.Subject.doAs(Subject.java:422) [?:1.8.0_402]
	at org.apache.hadoop.security.UserGroupInformation.doAs(UserGroupInformation.java:1899) [hadoop-common-3.3.6.jar:?]
	at org.apache.hadoop.ipc.Server$Handler.run(Server.java:3048) [hadoop-common-3.3.6.jar:?]
]]></system-out>
  </testcase>
  <testcase name="testDeleteS3NonExistingBucket" classname="org.apache.hadoop.ozone.client.rpc.TestSecureOzoneRpcClient" time="0.003">
    <system-out><![CDATA[09:18:45.460 [om1-OMStateMachineApplyTransactionThread - 0] ERROR OMAudit - user=runner | ip=127.0.0.1 | op=DELETE_BUCKET {volume=s3v, bucket=083adf4e-328b-407d-8bc6-06ff8a00a5cd} | ret=FAILURE
org.apache.hadoop.ozone.om.exceptions.OMException: Bucket not found
	at org.apache.hadoop.ozone.om.OzoneManager.getBucketOwner(OzoneManager.java:2532) ~[ozone-manager-1.5.0-SNAPSHOT.jar:?]
	at org.apache.hadoop.ozone.om.OzoneManager.getBucketOwner(OzoneManager.java:2500) ~[ozone-manager-1.5.0-SNAPSHOT.jar:?]
	at org.apache.hadoop.ozone.om.request.OMClientRequest.checkAcls(OMClientRequest.java:240) ~[ozone-manager-1.5.0-SNAPSHOT.jar:?]
	at org.apache.hadoop.ozone.om.request.bucket.OMBucketDeleteRequest.validateAndUpdateCache(OMBucketDeleteRequest.java:113) ~[ozone-manager-1.5.0-SNAPSHOT.jar:?]
	at org.apache.hadoop.ozone.protocolPB.OzoneManagerRequestHandler.lambda$0(OzoneManagerRequestHandler.java:403) ~[ozone-manager-1.5.0-SNAPSHOT.jar:?]
	at org.apache.hadoop.util.MetricUtil.captureLatencyNs(MetricUtil.java:45) ~[hdds-common-1.5.0-SNAPSHOT.jar:?]
	at org.apache.hadoop.ozone.protocolPB.OzoneManagerRequestHandler.handleWriteRequest(OzoneManagerRequestHandler.java:399) ~[ozone-manager-1.5.0-SNAPSHOT.jar:?]
	at org.apache.hadoop.ozone.om.ratis.OzoneManagerStateMachine.runCommand(OzoneManagerStateMachine.java:527) ~[ozone-manager-1.5.0-SNAPSHOT.jar:?]
	at org.apache.hadoop.ozone.om.ratis.OzoneManagerStateMachine.lambda$1(OzoneManagerStateMachine.java:345) ~[ozone-manager-1.5.0-SNAPSHOT.jar:?]
	at java.util.concurrent.CompletableFuture$AsyncSupply.run(CompletableFuture.java:1604) [?:1.8.0_402]
	at java.util.concurrent.ThreadPoolExecutor.runWorker(ThreadPoolExecutor.java:1149) [?:1.8.0_402]
	at java.util.concurrent.ThreadPoolExecutor$Worker.run(ThreadPoolExecutor.java:624) [?:1.8.0_402]
	at java.lang.Thread.run(Thread.java:750) [?:1.8.0_402]
2024-02-26 09:18:45,461 [om1-OMStateMachineApplyTransactionThread - 0] ERROR bucket.OMBucketDeleteRequest (OMBucketDeleteRequest.java:validateAndUpdateCache(227)) - Delete bucket failed for bucket:083adf4e-328b-407d-8bc6-06ff8a00a5cd in volume:s3v
BUCKET_NOT_FOUND org.apache.hadoop.ozone.om.exceptions.OMException: Bucket not found
	at org.apache.hadoop.ozone.om.OzoneManager.getBucketOwner(OzoneManager.java:2532)
	at org.apache.hadoop.ozone.om.OzoneManager.getBucketOwner(OzoneManager.java:2500)
	at org.apache.hadoop.ozone.om.request.OMClientRequest.checkAcls(OMClientRequest.java:240)
	at org.apache.hadoop.ozone.om.request.bucket.OMBucketDeleteRequest.validateAndUpdateCache(OMBucketDeleteRequest.java:113)
	at org.apache.hadoop.ozone.protocolPB.OzoneManagerRequestHandler.lambda$0(OzoneManagerRequestHandler.java:403)
	at org.apache.hadoop.util.MetricUtil.captureLatencyNs(MetricUtil.java:45)
	at org.apache.hadoop.ozone.protocolPB.OzoneManagerRequestHandler.handleWriteRequest(OzoneManagerRequestHandler.java:399)
	at org.apache.hadoop.ozone.om.ratis.OzoneManagerStateMachine.runCommand(OzoneManagerStateMachine.java:527)
	at org.apache.hadoop.ozone.om.ratis.OzoneManagerStateMachine.lambda$1(OzoneManagerStateMachine.java:345)
	at java.util.concurrent.CompletableFuture$AsyncSupply.run(CompletableFuture.java:1604)
	at java.util.concurrent.ThreadPoolExecutor.runWorker(ThreadPoolExecutor.java:1149)
	at java.util.concurrent.ThreadPoolExecutor$Worker.run(ThreadPoolExecutor.java:624)
	at java.lang.Thread.run(Thread.java:750)
]]></system-out>
  </testcase>
  <testcase name="testDeleteVolume" classname="org.apache.hadoop.ozone.client.rpc.TestSecureOzoneRpcClient" time="0.006">
    <system-out><![CDATA[2024-02-26 09:18:45,462 [main] INFO  rpc.RpcClient (RpcClient.java:createVolume(465)) - Creating Volume: 4f444524-4c88-4bae-a912-fdf7001be2db, with runner as owner and space quota set to -1 bytes, counts quota set to -1
2024-02-26 09:18:45,464 [om1-OMStateMachineApplyTransactionThread - 0] INFO  volume.OMVolumeCreateRequest (OMVolumeCreateRequest.java:validateAndUpdateCache(198)) - created volume:4f444524-4c88-4bae-a912-fdf7001be2db for user:runner
09:18:45.467 [IPC Server handler 2 on default port 15004] ERROR OMAudit - user=runner | ip=127.0.0.1 | op=READ_VOLUME {volume=4f444524-4c88-4bae-a912-fdf7001be2db} | ret=FAILURE
org.apache.hadoop.ozone.om.exceptions.OMException: Volume 4f444524-4c88-4bae-a912-fdf7001be2db is not found
	at org.apache.hadoop.ozone.om.OzoneManager.getVolumeOwner(OzoneManager.java:2485) ~[ozone-manager-1.5.0-SNAPSHOT.jar:?]
	at org.apache.hadoop.ozone.om.OzoneManager.getVolumeOwner(OzoneManager.java:2457) ~[ozone-manager-1.5.0-SNAPSHOT.jar:?]
	at org.apache.hadoop.ozone.om.OmMetadataReader.checkAcls(OmMetadataReader.java:455) ~[ozone-manager-1.5.0-SNAPSHOT.jar:?]
	at org.apache.hadoop.ozone.om.OzoneManager.getVolumeInfo(OzoneManager.java:2607) ~[ozone-manager-1.5.0-SNAPSHOT.jar:?]
	at org.apache.hadoop.ozone.protocolPB.OzoneManagerRequestHandler.infoVolume(OzoneManagerRequestHandler.java:527) ~[ozone-manager-1.5.0-SNAPSHOT.jar:?]
	at org.apache.hadoop.ozone.protocolPB.OzoneManagerRequestHandler.handleReadRequest(OzoneManagerRequestHandler.java:203) ~[ozone-manager-1.5.0-SNAPSHOT.jar:?]
	at org.apache.hadoop.ozone.protocolPB.OzoneManagerProtocolServerSideTranslatorPB.submitReadRequestToOM(OzoneManagerProtocolServerSideTranslatorPB.java:250) ~[ozone-manager-1.5.0-SNAPSHOT.jar:?]
	at org.apache.hadoop.ozone.protocolPB.OzoneManagerProtocolServerSideTranslatorPB.internalProcessRequest(OzoneManagerProtocolServerSideTranslatorPB.java:196) ~[ozone-manager-1.5.0-SNAPSHOT.jar:?]
	at org.apache.hadoop.ozone.protocolPB.OzoneManagerProtocolServerSideTranslatorPB.processRequest(OzoneManagerProtocolServerSideTranslatorPB.java:156) ~[ozone-manager-1.5.0-SNAPSHOT.jar:?]
	at org.apache.hadoop.hdds.server.OzoneProtocolMessageDispatcher.processRequest(OzoneProtocolMessageDispatcher.java:89) [hdds-server-framework-1.5.0-SNAPSHOT.jar:?]
	at org.apache.hadoop.ozone.protocolPB.OzoneManagerProtocolServerSideTranslatorPB.submitRequest(OzoneManagerProtocolServerSideTranslatorPB.java:147) [ozone-manager-1.5.0-SNAPSHOT.jar:?]
	at org.apache.hadoop.ozone.protocol.proto.OzoneManagerProtocolProtos$OzoneManagerService$2.callBlockingMethod(OzoneManagerProtocolProtos.java) [ozone-interface-client-1.5.0-SNAPSHOT.jar:?]
	at org.apache.hadoop.ipc.ProtobufRpcEngine$Server.processCall(ProtobufRpcEngine.java:484) [hadoop-common-3.3.6.jar:?]
	at org.apache.hadoop.ipc.ProtobufRpcEngine2$Server$ProtoBufRpcInvoker.call(ProtobufRpcEngine2.java:595) [hadoop-common-3.3.6.jar:?]
	at org.apache.hadoop.ipc.ProtobufRpcEngine2$Server$ProtoBufRpcInvoker.call(ProtobufRpcEngine2.java:573) [hadoop-common-3.3.6.jar:?]
	at org.apache.hadoop.ipc.RPC$Server.call(RPC.java:1227) [hadoop-common-3.3.6.jar:?]
	at org.apache.hadoop.ipc.Server$RpcCall.run(Server.java:1094) [hadoop-common-3.3.6.jar:?]
	at org.apache.hadoop.ipc.Server$RpcCall.run(Server.java:1017) [hadoop-common-3.3.6.jar:?]
	at java.security.AccessController.doPrivileged(Native Method) ~[?:1.8.0_402]
	at javax.security.auth.Subject.doAs(Subject.java:422) [?:1.8.0_402]
	at org.apache.hadoop.security.UserGroupInformation.doAs(UserGroupInformation.java:1899) [hadoop-common-3.3.6.jar:?]
	at org.apache.hadoop.ipc.Server$Handler.run(Server.java:3048) [hadoop-common-3.3.6.jar:?]
]]></system-out>
  </testcase>
  <testcase name="testDeletedKeyForGDPR" classname="org.apache.hadoop.ozone.client.rpc.TestSecureOzoneRpcClient" time="0.068">
    <system-out><![CDATA[2024-02-26 09:18:45,469 [main] INFO  rpc.RpcClient (RpcClient.java:createVolume(465)) - Creating Volume: 807370bf-0548-4f39-a02b-31cca54fc2d4, with runner as owner and space quota set to -1 bytes, counts quota set to -1
2024-02-26 09:18:45,470 [om1-OMStateMachineApplyTransactionThread - 0] INFO  volume.OMVolumeCreateRequest (OMVolumeCreateRequest.java:validateAndUpdateCache(198)) - created volume:807370bf-0548-4f39-a02b-31cca54fc2d4 for user:runner
2024-02-26 09:18:45,471 [main] INFO  rpc.RpcClient (RpcClient.java:createBucket(691)) - Creating Bucket: 807370bf-0548-4f39-a02b-31cca54fc2d4/3346123b-49c7-4b90-a702-bafbb82eefed, with server-side default bucket layout, runner as owner, Versioning false, Storage Type set to DISK and Encryption set to false, Replication Type set to server-side default replication type, Namespace Quota set to -1, Space Quota set to -1 
2024-02-26 09:18:45,472 [om1-OMStateMachineApplyTransactionThread - 0] INFO  bucket.OMBucketCreateRequest (OMBucketCreateRequest.java:validateAndUpdateCache(292)) - created bucket: 3346123b-49c7-4b90-a702-bafbb82eefed of layout OBJECT_STORE in volume: 807370bf-0548-4f39-a02b-31cca54fc2d4
2024-02-26 09:18:45,508 [IPC Server handler 25 on default port 15001] WARN  node.SCMNodeManager (SCMNodeManager.java:getNodesByAddress(1554)) - Cannot find node for address 127.0.0.1
2024-02-26 09:18:45,515 [IPC Server handler 14 on default port 15001] WARN  node.SCMNodeManager (SCMNodeManager.java:getNodesByAddress(1554)) - Cannot find node for address 127.0.0.1
]]></system-out>
  </testcase>
  <testcase name="testFSOBucketUsedBytes" classname="org.apache.hadoop.ozone.client.rpc.TestSecureOzoneRpcClient" time="0.045">
    <system-out><![CDATA[2024-02-26 09:18:45,538 [main] INFO  rpc.RpcClient (RpcClient.java:createVolume(465)) - Creating Volume: 5c91f07d-9a6e-49d1-9383-0ff737fbae4d, with runner as owner and space quota set to -1 bytes, counts quota set to -1
2024-02-26 09:18:45,539 [om1-OMStateMachineApplyTransactionThread - 0] INFO  volume.OMVolumeCreateRequest (OMVolumeCreateRequest.java:validateAndUpdateCache(198)) - created volume:5c91f07d-9a6e-49d1-9383-0ff737fbae4d for user:runner
2024-02-26 09:18:45,540 [main] INFO  rpc.RpcClient (RpcClient.java:createBucket(691)) - Creating Bucket: 5c91f07d-9a6e-49d1-9383-0ff737fbae4d/60b09318-5080-426f-805e-eb72a4afdf60, with bucket layout FILE_SYSTEM_OPTIMIZED, runner as owner, Versioning false, Storage Type set to DISK and Encryption set to false, Replication Type set to server-side default replication type, Namespace Quota set to -1, Space Quota set to -1 
2024-02-26 09:18:45,541 [om1-OMStateMachineApplyTransactionThread - 0] INFO  bucket.OMBucketCreateRequest (OMBucketCreateRequest.java:validateAndUpdateCache(292)) - created bucket: 60b09318-5080-426f-805e-eb72a4afdf60 of layout FILE_SYSTEM_OPTIMIZED in volume: 5c91f07d-9a6e-49d1-9383-0ff737fbae4d
]]></system-out>
  </testcase>
  <testcase name="testGetKeyDetails" classname="org.apache.hadoop.ozone.client.rpc.TestSecureOzoneRpcClient" time="0.032">
    <system-out><![CDATA[2024-02-26 09:18:45,583 [main] INFO  rpc.RpcClient (RpcClient.java:createVolume(465)) - Creating Volume: 56116973-c600-4283-82e3-a1b50255a727, with runner as owner and space quota set to -1 bytes, counts quota set to -1
2024-02-26 09:18:45,585 [om1-OMStateMachineApplyTransactionThread - 0] INFO  volume.OMVolumeCreateRequest (OMVolumeCreateRequest.java:validateAndUpdateCache(198)) - created volume:56116973-c600-4283-82e3-a1b50255a727 for user:runner
2024-02-26 09:18:45,586 [main] INFO  rpc.RpcClient (RpcClient.java:createBucket(691)) - Creating Bucket: 56116973-c600-4283-82e3-a1b50255a727/6e26547c-6491-4ae3-a690-9a28f7942112, with server-side default bucket layout, runner as owner, Versioning false, Storage Type set to DISK and Encryption set to false, Replication Type set to server-side default replication type, Namespace Quota set to -1, Space Quota set to -1 
2024-02-26 09:18:45,587 [om1-OMStateMachineApplyTransactionThread - 0] INFO  bucket.OMBucketCreateRequest (OMBucketCreateRequest.java:validateAndUpdateCache(292)) - created bucket: 6e26547c-6491-4ae3-a690-9a28f7942112 of layout OBJECT_STORE in volume: 56116973-c600-4283-82e3-a1b50255a727
2024-02-26 09:18:45,602 [IPC Server handler 81 on default port 15001] WARN  node.SCMNodeManager (SCMNodeManager.java:getNodesByAddress(1554)) - Cannot find node for address 127.0.0.1
]]></system-out>
  </testcase>
  <testcase name="testHeadObject" classname="org.apache.hadoop.ozone.client.rpc.TestSecureOzoneRpcClient" time="0.024">
    <system-out><![CDATA[2024-02-26 09:18:45,616 [main] INFO  rpc.RpcClient (RpcClient.java:createVolume(465)) - Creating Volume: 3cf19b5c-b3a7-413e-958b-bba1263003f2, with runner as owner and space quota set to -1 bytes, counts quota set to -1
2024-02-26 09:18:45,617 [om1-OMStateMachineApplyTransactionThread - 0] INFO  volume.OMVolumeCreateRequest (OMVolumeCreateRequest.java:validateAndUpdateCache(198)) - created volume:3cf19b5c-b3a7-413e-958b-bba1263003f2 for user:runner
2024-02-26 09:18:45,619 [main] INFO  rpc.RpcClient (RpcClient.java:createBucket(691)) - Creating Bucket: 3cf19b5c-b3a7-413e-958b-bba1263003f2/529dcf7a-6307-4b08-9f0d-dc65564b5c8f, with server-side default bucket layout, runner as owner, Versioning false, Storage Type set to DISK and Encryption set to false, Replication Type set to server-side default replication type, Namespace Quota set to -1, Space Quota set to -1 
2024-02-26 09:18:45,621 [om1-OMStateMachineApplyTransactionThread - 0] INFO  bucket.OMBucketCreateRequest (OMBucketCreateRequest.java:validateAndUpdateCache(292)) - created bucket: 529dcf7a-6307-4b08-9f0d-dc65564b5c8f of layout OBJECT_STORE in volume: 3cf19b5c-b3a7-413e-958b-bba1263003f2
09:18:45.638 [IPC Server handler 13 on default port 15004] ERROR OMAudit - user=runner | ip=127.0.0.1 | op=READ_KEY {volume=3cf19b5c-b3a7-413e-958b-bba1263003f2, bucket=529dcf7a-6307-4b08-9f0d-dc65564b5c8f, key=99d51c37-dfe2-4afd-b402-2b59f21c367a, dataSize=0, replicationConfig=null} | ret=FAILURE
org.apache.hadoop.ozone.om.exceptions.OMException: Key:99d51c37-dfe2-4afd-b402-2b59f21c367a not found
	at org.apache.hadoop.ozone.om.KeyManagerImpl.readKeyInfo(KeyManagerImpl.java:480) ~[ozone-manager-1.5.0-SNAPSHOT.jar:?]
	at org.apache.hadoop.ozone.om.KeyManagerImpl.lambda$11(KeyManagerImpl.java:2050) ~[ozone-manager-1.5.0-SNAPSHOT.jar:?]
	at org.apache.hadoop.util.MetricUtil.captureLatencyNs(MetricUtil.java:45) ~[hdds-common-1.5.0-SNAPSHOT.jar:?]
	at org.apache.hadoop.ozone.om.KeyManagerImpl.getKeyInfo(KeyManagerImpl.java:2048) ~[ozone-manager-1.5.0-SNAPSHOT.jar:?]
	at org.apache.hadoop.ozone.om.OmMetadataReader.getKeyInfo(OmMetadataReader.java:190) ~[ozone-manager-1.5.0-SNAPSHOT.jar:?]
	at org.apache.hadoop.ozone.om.OzoneManager.getKeyInfo(OzoneManager.java:2865) ~[ozone-manager-1.5.0-SNAPSHOT.jar:?]
	at org.apache.hadoop.ozone.protocolPB.OzoneManagerRequestHandler.getKeyInfo(OzoneManagerRequestHandler.java:641) ~[ozone-manager-1.5.0-SNAPSHOT.jar:?]
	at org.apache.hadoop.ozone.protocolPB.OzoneManagerRequestHandler.handleReadRequest(OzoneManagerRequestHandler.java:328) ~[ozone-manager-1.5.0-SNAPSHOT.jar:?]
	at org.apache.hadoop.ozone.protocolPB.OzoneManagerProtocolServerSideTranslatorPB.submitReadRequestToOM(OzoneManagerProtocolServerSideTranslatorPB.java:250) ~[ozone-manager-1.5.0-SNAPSHOT.jar:?]
	at org.apache.hadoop.ozone.protocolPB.OzoneManagerProtocolServerSideTranslatorPB.internalProcessRequest(OzoneManagerProtocolServerSideTranslatorPB.java:196) ~[ozone-manager-1.5.0-SNAPSHOT.jar:?]
	at org.apache.hadoop.ozone.protocolPB.OzoneManagerProtocolServerSideTranslatorPB.processRequest(OzoneManagerProtocolServerSideTranslatorPB.java:156) ~[ozone-manager-1.5.0-SNAPSHOT.jar:?]
	at org.apache.hadoop.hdds.server.OzoneProtocolMessageDispatcher.processRequest(OzoneProtocolMessageDispatcher.java:89) [hdds-server-framework-1.5.0-SNAPSHOT.jar:?]
	at org.apache.hadoop.ozone.protocolPB.OzoneManagerProtocolServerSideTranslatorPB.submitRequest(OzoneManagerProtocolServerSideTranslatorPB.java:147) [ozone-manager-1.5.0-SNAPSHOT.jar:?]
	at org.apache.hadoop.ozone.protocol.proto.OzoneManagerProtocolProtos$OzoneManagerService$2.callBlockingMethod(OzoneManagerProtocolProtos.java) [ozone-interface-client-1.5.0-SNAPSHOT.jar:?]
	at org.apache.hadoop.ipc.ProtobufRpcEngine$Server.processCall(ProtobufRpcEngine.java:484) [hadoop-common-3.3.6.jar:?]
	at org.apache.hadoop.ipc.ProtobufRpcEngine2$Server$ProtoBufRpcInvoker.call(ProtobufRpcEngine2.java:595) [hadoop-common-3.3.6.jar:?]
	at org.apache.hadoop.ipc.ProtobufRpcEngine2$Server$ProtoBufRpcInvoker.call(ProtobufRpcEngine2.java:573) [hadoop-common-3.3.6.jar:?]
	at org.apache.hadoop.ipc.RPC$Server.call(RPC.java:1227) [hadoop-common-3.3.6.jar:?]
	at org.apache.hadoop.ipc.Server$RpcCall.run(Server.java:1094) [hadoop-common-3.3.6.jar:?]
	at org.apache.hadoop.ipc.Server$RpcCall.run(Server.java:1017) [hadoop-common-3.3.6.jar:?]
	at java.security.AccessController.doPrivileged(Native Method) ~[?:1.8.0_402]
	at javax.security.auth.Subject.doAs(Subject.java:422) [?:1.8.0_402]
	at org.apache.hadoop.security.UserGroupInformation.doAs(UserGroupInformation.java:1899) [hadoop-common-3.3.6.jar:?]
	at org.apache.hadoop.ipc.Server$Handler.run(Server.java:3048) [hadoop-common-3.3.6.jar:?]
]]></system-out>
  </testcase>
  <testcase name="testInitiateMultipartUpload(ReplicationConfig)[1]" classname="org.apache.hadoop.ozone.client.rpc.TestSecureOzoneRpcClient" time="0.012">
    <system-out><![CDATA[2024-02-26 09:18:45,642 [main] INFO  rpc.RpcClient (RpcClient.java:createVolume(465)) - Creating Volume: c6935725-2c88-4cfe-80b4-445dbebfc5f1, with runner as owner and space quota set to -1 bytes, counts quota set to -1
2024-02-26 09:18:45,644 [om1-OMStateMachineApplyTransactionThread - 0] INFO  volume.OMVolumeCreateRequest (OMVolumeCreateRequest.java:validateAndUpdateCache(198)) - created volume:c6935725-2c88-4cfe-80b4-445dbebfc5f1 for user:runner
2024-02-26 09:18:45,646 [main] INFO  rpc.RpcClient (RpcClient.java:createBucket(691)) - Creating Bucket: c6935725-2c88-4cfe-80b4-445dbebfc5f1/d51dee8f-8e23-408d-b4ea-24f5487742bf, with server-side default bucket layout, runner as owner, Versioning false, Storage Type set to DISK and Encryption set to false, Replication Type set to server-side default replication type, Namespace Quota set to -1, Space Quota set to -1 
2024-02-26 09:18:45,648 [om1-OMStateMachineApplyTransactionThread - 0] INFO  bucket.OMBucketCreateRequest (OMBucketCreateRequest.java:validateAndUpdateCache(292)) - created bucket: d51dee8f-8e23-408d-b4ea-24f5487742bf of layout OBJECT_STORE in volume: c6935725-2c88-4cfe-80b4-445dbebfc5f1
]]></system-out>
  </testcase>
  <testcase name="testInitiateMultipartUpload(ReplicationConfig)[2]" classname="org.apache.hadoop.ozone.client.rpc.TestSecureOzoneRpcClient" time="0.011">
    <system-out><![CDATA[2024-02-26 09:18:45,656 [main] INFO  rpc.RpcClient (RpcClient.java:createVolume(465)) - Creating Volume: 5c12ade3-e020-4b2e-98f8-a7c4be286596, with runner as owner and space quota set to -1 bytes, counts quota set to -1
2024-02-26 09:18:45,658 [om1-OMStateMachineApplyTransactionThread - 0] INFO  volume.OMVolumeCreateRequest (OMVolumeCreateRequest.java:validateAndUpdateCache(198)) - created volume:5c12ade3-e020-4b2e-98f8-a7c4be286596 for user:runner
2024-02-26 09:18:45,659 [main] INFO  rpc.RpcClient (RpcClient.java:createBucket(691)) - Creating Bucket: 5c12ade3-e020-4b2e-98f8-a7c4be286596/172896ce-41b4-4d84-a66e-2adc00ec2e76, with server-side default bucket layout, runner as owner, Versioning false, Storage Type set to DISK and Encryption set to false, Replication Type set to server-side default replication type, Namespace Quota set to -1, Space Quota set to -1 
2024-02-26 09:18:45,661 [om1-OMStateMachineApplyTransactionThread - 0] INFO  bucket.OMBucketCreateRequest (OMBucketCreateRequest.java:validateAndUpdateCache(292)) - created bucket: 172896ce-41b4-4d84-a66e-2adc00ec2e76 of layout OBJECT_STORE in volume: 5c12ade3-e020-4b2e-98f8-a7c4be286596
]]></system-out>
  </testcase>
  <testcase name="testInitiateMultipartUpload(ReplicationConfig)[3]" classname="org.apache.hadoop.ozone.client.rpc.TestSecureOzoneRpcClient" time="0.009">
    <system-out><![CDATA[2024-02-26 09:18:45,668 [main] INFO  rpc.RpcClient (RpcClient.java:createVolume(465)) - Creating Volume: e16b3300-07e5-43c0-8d1c-c20fc0d91464, with runner as owner and space quota set to -1 bytes, counts quota set to -1
2024-02-26 09:18:45,670 [om1-OMStateMachineApplyTransactionThread - 0] INFO  volume.OMVolumeCreateRequest (OMVolumeCreateRequest.java:validateAndUpdateCache(198)) - created volume:e16b3300-07e5-43c0-8d1c-c20fc0d91464 for user:runner
2024-02-26 09:18:45,671 [main] INFO  rpc.RpcClient (RpcClient.java:createBucket(691)) - Creating Bucket: e16b3300-07e5-43c0-8d1c-c20fc0d91464/c263485b-267b-4cd1-9e58-7e9986123d17, with server-side default bucket layout, runner as owner, Versioning false, Storage Type set to DISK and Encryption set to false, Replication Type set to server-side default replication type, Namespace Quota set to -1, Space Quota set to -1 
2024-02-26 09:18:45,673 [om1-OMStateMachineApplyTransactionThread - 0] INFO  bucket.OMBucketCreateRequest (OMBucketCreateRequest.java:validateAndUpdateCache(292)) - created bucket: c263485b-267b-4cd1-9e58-7e9986123d17 of layout OBJECT_STORE in volume: e16b3300-07e5-43c0-8d1c-c20fc0d91464
]]></system-out>
  </testcase>
  <testcase name="testInitiateMultipartUploadWithDefaultReplication" classname="org.apache.hadoop.ozone.client.rpc.TestSecureOzoneRpcClient" time="0.01">
    <system-out><![CDATA[2024-02-26 09:18:45,678 [main] INFO  rpc.RpcClient (RpcClient.java:createVolume(465)) - Creating Volume: 45d7dcc3-4811-4e0f-895c-142cc50b68dd, with runner as owner and space quota set to -1 bytes, counts quota set to -1
2024-02-26 09:18:45,679 [om1-OMStateMachineApplyTransactionThread - 0] INFO  volume.OMVolumeCreateRequest (OMVolumeCreateRequest.java:validateAndUpdateCache(198)) - created volume:45d7dcc3-4811-4e0f-895c-142cc50b68dd for user:runner
2024-02-26 09:18:45,681 [main] INFO  rpc.RpcClient (RpcClient.java:createBucket(691)) - Creating Bucket: 45d7dcc3-4811-4e0f-895c-142cc50b68dd/5709995c-8bb0-4b66-a7b5-28c4dffb3c2b, with server-side default bucket layout, runner as owner, Versioning false, Storage Type set to DISK and Encryption set to false, Replication Type set to server-side default replication type, Namespace Quota set to -1, Space Quota set to -1 
2024-02-26 09:18:45,682 [om1-OMStateMachineApplyTransactionThread - 0] INFO  bucket.OMBucketCreateRequest (OMBucketCreateRequest.java:validateAndUpdateCache(292)) - created bucket: 5709995c-8bb0-4b66-a7b5-28c4dffb3c2b of layout OBJECT_STORE in volume: 45d7dcc3-4811-4e0f-895c-142cc50b68dd
]]></system-out>
  </testcase>
  <testcase name="testInvalidBucketCreation" classname="org.apache.hadoop.ozone.client.rpc.TestSecureOzoneRpcClient" time="0.003">
    <system-out><![CDATA[2024-02-26 09:18:45,689 [main] INFO  rpc.RpcClient (RpcClient.java:createVolume(465)) - Creating Volume: 4c4ce15f-e0ae-4c27-863c-c41df270e1b8, with runner as owner and space quota set to -1 bytes, counts quota set to -1
2024-02-26 09:18:45,690 [om1-OMStateMachineApplyTransactionThread - 0] INFO  volume.OMVolumeCreateRequest (OMVolumeCreateRequest.java:validateAndUpdateCache(198)) - created volume:4c4ce15f-e0ae-4c27-863c-c41df270e1b8 for user:runner
]]></system-out>
  </testcase>
  <testcase name="testKeyReadWriteForGDPR" classname="org.apache.hadoop.ozone.client.rpc.TestSecureOzoneRpcClient" time="0.033">
    <system-out><![CDATA[2024-02-26 09:18:45,693 [main] INFO  rpc.RpcClient (RpcClient.java:createVolume(465)) - Creating Volume: 8b392c4f-125f-43cf-b568-baa6d5dd316d, with runner as owner and space quota set to -1 bytes, counts quota set to -1
2024-02-26 09:18:45,694 [om1-OMStateMachineApplyTransactionThread - 0] INFO  volume.OMVolumeCreateRequest (OMVolumeCreateRequest.java:validateAndUpdateCache(198)) - created volume:8b392c4f-125f-43cf-b568-baa6d5dd316d for user:runner
2024-02-26 09:18:45,696 [main] INFO  rpc.RpcClient (RpcClient.java:createBucket(691)) - Creating Bucket: 8b392c4f-125f-43cf-b568-baa6d5dd316d/f46a4257-e3e2-44ce-82c2-d669cc44b504, with bucket layout OBJECT_STORE, runner as owner, Versioning false, Storage Type set to DISK and Encryption set to false, Replication Type set to server-side default replication type, Namespace Quota set to -1, Space Quota set to -1 
2024-02-26 09:18:45,697 [om1-OMStateMachineApplyTransactionThread - 0] INFO  bucket.OMBucketCreateRequest (OMBucketCreateRequest.java:validateAndUpdateCache(292)) - created bucket: f46a4257-e3e2-44ce-82c2-d669cc44b504 of layout OBJECT_STORE in volume: 8b392c4f-125f-43cf-b568-baa6d5dd316d
2024-02-26 09:18:45,710 [IPC Server handler 65 on default port 15001] WARN  node.SCMNodeManager (SCMNodeManager.java:getNodesByAddress(1554)) - Cannot find node for address 127.0.0.1
2024-02-26 09:18:45,712 [IPC Server handler 27 on default port 15001] WARN  node.SCMNodeManager (SCMNodeManager.java:getNodesByAddress(1554)) - Cannot find node for address 127.0.0.1
2024-02-26 09:18:45,721 [IPC Server handler 24 on default port 15001] WARN  node.SCMNodeManager (SCMNodeManager.java:getNodesByAddress(1554)) - Cannot find node for address 127.0.0.1
2024-02-26 09:18:45,723 [IPC Server handler 78 on default port 15001] WARN  node.SCMNodeManager (SCMNodeManager.java:getNodesByAddress(1554)) - Cannot find node for address 127.0.0.1
]]></system-out>
  </testcase>
  <testcase name="testKeysRename" classname="org.apache.hadoop.ozone.client.rpc.TestSecureOzoneRpcClient" time="0.056">
    <system-out><![CDATA[2024-02-26 09:18:45,727 [main] INFO  rpc.RpcClient (RpcClient.java:createVolume(465)) - Creating Volume: 756cdd1c-e247-43ab-b782-6288e2c1b9e1, with runner as owner and space quota set to -1 bytes, counts quota set to -1
2024-02-26 09:18:45,728 [om1-OMStateMachineApplyTransactionThread - 0] INFO  volume.OMVolumeCreateRequest (OMVolumeCreateRequest.java:validateAndUpdateCache(198)) - created volume:756cdd1c-e247-43ab-b782-6288e2c1b9e1 for user:runner
2024-02-26 09:18:45,730 [main] INFO  rpc.RpcClient (RpcClient.java:createBucket(691)) - Creating Bucket: 756cdd1c-e247-43ab-b782-6288e2c1b9e1/6b132355-e2c8-4ec6-b51b-8cd2ef389725, with bucket layout OBJECT_STORE, runner as owner, Versioning false, Storage Type set to DISK and Encryption set to false, Replication Type set to server-side default replication type, Namespace Quota set to -1, Space Quota set to -1 
2024-02-26 09:18:45,732 [om1-OMStateMachineApplyTransactionThread - 0] INFO  bucket.OMBucketCreateRequest (OMBucketCreateRequest.java:validateAndUpdateCache(292)) - created bucket: 6b132355-e2c8-4ec6-b51b-8cd2ef389725 of layout OBJECT_STORE in volume: 756cdd1c-e247-43ab-b782-6288e2c1b9e1
2024-02-26 09:18:45,747 [IPC Server handler 60 on default port 15001] WARN  node.SCMNodeManager (SCMNodeManager.java:getNodesByAddress(1554)) - Cannot find node for address 127.0.0.1
2024-02-26 09:18:45,760 [IPC Server handler 23 on default port 15001] WARN  node.SCMNodeManager (SCMNodeManager.java:getNodesByAddress(1554)) - Cannot find node for address 127.0.0.1
2024-02-26 09:18:45,777 [IPC Server handler 29 on default port 15001] WARN  node.SCMNodeManager (SCMNodeManager.java:getNodesByAddress(1554)) - Cannot find node for address 127.0.0.1
2024-02-26 09:18:45,779 [IPC Server handler 32 on default port 15001] WARN  node.SCMNodeManager (SCMNodeManager.java:getNodesByAddress(1554)) - Cannot find node for address 127.0.0.1
09:18:45.780 [IPC Server handler 11 on default port 15004] ERROR OMAudit - user=runner | ip=127.0.0.1 | op=READ_KEY {volume=756cdd1c-e247-43ab-b782-6288e2c1b9e1, bucket=6b132355-e2c8-4ec6-b51b-8cd2ef389725, key=dir/file1, dataSize=0, replicationConfig=null} | ret=FAILURE
org.apache.hadoop.ozone.om.exceptions.OMException: Key:dir/file1 not found
	at org.apache.hadoop.ozone.om.KeyManagerImpl.readKeyInfo(KeyManagerImpl.java:480) ~[ozone-manager-1.5.0-SNAPSHOT.jar:?]
	at org.apache.hadoop.ozone.om.KeyManagerImpl.lambda$11(KeyManagerImpl.java:2050) ~[ozone-manager-1.5.0-SNAPSHOT.jar:?]
	at org.apache.hadoop.util.MetricUtil.captureLatencyNs(MetricUtil.java:45) ~[hdds-common-1.5.0-SNAPSHOT.jar:?]
	at org.apache.hadoop.ozone.om.KeyManagerImpl.getKeyInfo(KeyManagerImpl.java:2048) ~[ozone-manager-1.5.0-SNAPSHOT.jar:?]
	at org.apache.hadoop.ozone.om.OmMetadataReader.getKeyInfo(OmMetadataReader.java:190) ~[ozone-manager-1.5.0-SNAPSHOT.jar:?]
	at org.apache.hadoop.ozone.om.OzoneManager.getKeyInfo(OzoneManager.java:2865) ~[ozone-manager-1.5.0-SNAPSHOT.jar:?]
	at org.apache.hadoop.ozone.protocolPB.OzoneManagerRequestHandler.getKeyInfo(OzoneManagerRequestHandler.java:641) ~[ozone-manager-1.5.0-SNAPSHOT.jar:?]
	at org.apache.hadoop.ozone.protocolPB.OzoneManagerRequestHandler.handleReadRequest(OzoneManagerRequestHandler.java:328) ~[ozone-manager-1.5.0-SNAPSHOT.jar:?]
	at org.apache.hadoop.ozone.protocolPB.OzoneManagerProtocolServerSideTranslatorPB.submitReadRequestToOM(OzoneManagerProtocolServerSideTranslatorPB.java:250) ~[ozone-manager-1.5.0-SNAPSHOT.jar:?]
	at org.apache.hadoop.ozone.protocolPB.OzoneManagerProtocolServerSideTranslatorPB.internalProcessRequest(OzoneManagerProtocolServerSideTranslatorPB.java:196) ~[ozone-manager-1.5.0-SNAPSHOT.jar:?]
	at org.apache.hadoop.ozone.protocolPB.OzoneManagerProtocolServerSideTranslatorPB.processRequest(OzoneManagerProtocolServerSideTranslatorPB.java:156) ~[ozone-manager-1.5.0-SNAPSHOT.jar:?]
	at org.apache.hadoop.hdds.server.OzoneProtocolMessageDispatcher.processRequest(OzoneProtocolMessageDispatcher.java:89) [hdds-server-framework-1.5.0-SNAPSHOT.jar:?]
	at org.apache.hadoop.ozone.protocolPB.OzoneManagerProtocolServerSideTranslatorPB.submitRequest(OzoneManagerProtocolServerSideTranslatorPB.java:147) [ozone-manager-1.5.0-SNAPSHOT.jar:?]
	at org.apache.hadoop.ozone.protocol.proto.OzoneManagerProtocolProtos$OzoneManagerService$2.callBlockingMethod(OzoneManagerProtocolProtos.java) [ozone-interface-client-1.5.0-SNAPSHOT.jar:?]
	at org.apache.hadoop.ipc.ProtobufRpcEngine$Server.processCall(ProtobufRpcEngine.java:484) [hadoop-common-3.3.6.jar:?]
	at org.apache.hadoop.ipc.ProtobufRpcEngine2$Server$ProtoBufRpcInvoker.call(ProtobufRpcEngine2.java:595) [hadoop-common-3.3.6.jar:?]
	at org.apache.hadoop.ipc.ProtobufRpcEngine2$Server$ProtoBufRpcInvoker.call(ProtobufRpcEngine2.java:573) [hadoop-common-3.3.6.jar:?]
	at org.apache.hadoop.ipc.RPC$Server.call(RPC.java:1227) [hadoop-common-3.3.6.jar:?]
	at org.apache.hadoop.ipc.Server$RpcCall.run(Server.java:1094) [hadoop-common-3.3.6.jar:?]
	at org.apache.hadoop.ipc.Server$RpcCall.run(Server.java:1017) [hadoop-common-3.3.6.jar:?]
	at java.security.AccessController.doPrivileged(Native Method) ~[?:1.8.0_402]
	at javax.security.auth.Subject.doAs(Subject.java:422) [?:1.8.0_402]
	at org.apache.hadoop.security.UserGroupInformation.doAs(UserGroupInformation.java:1899) [hadoop-common-3.3.6.jar:?]
	at org.apache.hadoop.ipc.Server$Handler.run(Server.java:3048) [hadoop-common-3.3.6.jar:?]
09:18:45.781 [IPC Server handler 8 on default port 15004] ERROR OMAudit - user=runner | ip=127.0.0.1 | op=READ_KEY {volume=756cdd1c-e247-43ab-b782-6288e2c1b9e1, bucket=6b132355-e2c8-4ec6-b51b-8cd2ef389725, key=dir/file2, dataSize=0, replicationConfig=null} | ret=FAILURE
org.apache.hadoop.ozone.om.exceptions.OMException: Key:dir/file2 not found
	at org.apache.hadoop.ozone.om.KeyManagerImpl.readKeyInfo(KeyManagerImpl.java:480) ~[ozone-manager-1.5.0-SNAPSHOT.jar:?]
	at org.apache.hadoop.ozone.om.KeyManagerImpl.lambda$11(KeyManagerImpl.java:2050) ~[ozone-manager-1.5.0-SNAPSHOT.jar:?]
	at org.apache.hadoop.util.MetricUtil.captureLatencyNs(MetricUtil.java:45) ~[hdds-common-1.5.0-SNAPSHOT.jar:?]
	at org.apache.hadoop.ozone.om.KeyManagerImpl.getKeyInfo(KeyManagerImpl.java:2048) ~[ozone-manager-1.5.0-SNAPSHOT.jar:?]
	at org.apache.hadoop.ozone.om.OmMetadataReader.getKeyInfo(OmMetadataReader.java:190) ~[ozone-manager-1.5.0-SNAPSHOT.jar:?]
	at org.apache.hadoop.ozone.om.OzoneManager.getKeyInfo(OzoneManager.java:2865) ~[ozone-manager-1.5.0-SNAPSHOT.jar:?]
	at org.apache.hadoop.ozone.protocolPB.OzoneManagerRequestHandler.getKeyInfo(OzoneManagerRequestHandler.java:641) ~[ozone-manager-1.5.0-SNAPSHOT.jar:?]
	at org.apache.hadoop.ozone.protocolPB.OzoneManagerRequestHandler.handleReadRequest(OzoneManagerRequestHandler.java:328) ~[ozone-manager-1.5.0-SNAPSHOT.jar:?]
	at org.apache.hadoop.ozone.protocolPB.OzoneManagerProtocolServerSideTranslatorPB.submitReadRequestToOM(OzoneManagerProtocolServerSideTranslatorPB.java:250) ~[ozone-manager-1.5.0-SNAPSHOT.jar:?]
	at org.apache.hadoop.ozone.protocolPB.OzoneManagerProtocolServerSideTranslatorPB.internalProcessRequest(OzoneManagerProtocolServerSideTranslatorPB.java:196) ~[ozone-manager-1.5.0-SNAPSHOT.jar:?]
	at org.apache.hadoop.ozone.protocolPB.OzoneManagerProtocolServerSideTranslatorPB.processRequest(OzoneManagerProtocolServerSideTranslatorPB.java:156) ~[ozone-manager-1.5.0-SNAPSHOT.jar:?]
	at org.apache.hadoop.hdds.server.OzoneProtocolMessageDispatcher.processRequest(OzoneProtocolMessageDispatcher.java:89) [hdds-server-framework-1.5.0-SNAPSHOT.jar:?]
	at org.apache.hadoop.ozone.protocolPB.OzoneManagerProtocolServerSideTranslatorPB.submitRequest(OzoneManagerProtocolServerSideTranslatorPB.java:147) [ozone-manager-1.5.0-SNAPSHOT.jar:?]
	at org.apache.hadoop.ozone.protocol.proto.OzoneManagerProtocolProtos$OzoneManagerService$2.callBlockingMethod(OzoneManagerProtocolProtos.java) [ozone-interface-client-1.5.0-SNAPSHOT.jar:?]
	at org.apache.hadoop.ipc.ProtobufRpcEngine$Server.processCall(ProtobufRpcEngine.java:484) [hadoop-common-3.3.6.jar:?]
	at org.apache.hadoop.ipc.ProtobufRpcEngine2$Server$ProtoBufRpcInvoker.call(ProtobufRpcEngine2.java:595) [hadoop-common-3.3.6.jar:?]
	at org.apache.hadoop.ipc.ProtobufRpcEngine2$Server$ProtoBufRpcInvoker.call(ProtobufRpcEngine2.java:573) [hadoop-common-3.3.6.jar:?]
	at org.apache.hadoop.ipc.RPC$Server.call(RPC.java:1227) [hadoop-common-3.3.6.jar:?]
	at org.apache.hadoop.ipc.Server$RpcCall.run(Server.java:1094) [hadoop-common-3.3.6.jar:?]
	at org.apache.hadoop.ipc.Server$RpcCall.run(Server.java:1017) [hadoop-common-3.3.6.jar:?]
	at java.security.AccessController.doPrivileged(Native Method) ~[?:1.8.0_402]
	at javax.security.auth.Subject.doAs(Subject.java:422) [?:1.8.0_402]
	at org.apache.hadoop.security.UserGroupInformation.doAs(UserGroupInformation.java:1899) [hadoop-common-3.3.6.jar:?]
	at org.apache.hadoop.ipc.Server$Handler.run(Server.java:3048) [hadoop-common-3.3.6.jar:?]
]]></system-out>
  </testcase>
  <testcase name="testKeysRenameFail" classname="org.apache.hadoop.ozone.client.rpc.TestSecureOzoneRpcClient" time="0.029">
    <system-out><![CDATA[2024-02-26 09:18:45,783 [main] INFO  rpc.RpcClient (RpcClient.java:createVolume(465)) - Creating Volume: e9054cdd-c6f5-426a-8614-e836f16ac41e, with runner as owner and space quota set to -1 bytes, counts quota set to -1
2024-02-26 09:18:45,785 [om1-OMStateMachineApplyTransactionThread - 0] INFO  volume.OMVolumeCreateRequest (OMVolumeCreateRequest.java:validateAndUpdateCache(198)) - created volume:e9054cdd-c6f5-426a-8614-e836f16ac41e for user:runner
2024-02-26 09:18:45,786 [main] INFO  rpc.RpcClient (RpcClient.java:createBucket(691)) - Creating Bucket: e9054cdd-c6f5-426a-8614-e836f16ac41e/ee3c73bd-9974-411d-861d-792b02ef0552, with bucket layout OBJECT_STORE, runner as owner, Versioning false, Storage Type set to DISK and Encryption set to false, Replication Type set to server-side default replication type, Namespace Quota set to -1, Space Quota set to -1 
2024-02-26 09:18:45,788 [om1-OMStateMachineApplyTransactionThread - 0] INFO  bucket.OMBucketCreateRequest (OMBucketCreateRequest.java:validateAndUpdateCache(292)) - created bucket: ee3c73bd-9974-411d-861d-792b02ef0552 of layout OBJECT_STORE in volume: e9054cdd-c6f5-426a-8614-e836f16ac41e
2024-02-26 09:18:45,805 [IPC Server handler 35 on default port 15001] WARN  node.SCMNodeManager (SCMNodeManager.java:getNodesByAddress(1554)) - Cannot find node for address 127.0.0.1
2024-02-26 09:18:45,808 [om1-OMStateMachineApplyTransactionThread - 0] ERROR key.OMKeysRenameRequest (OMKeysRenameRequest.java:validateAndUpdateCache(192)) - Received a request to rename a Key does not exist /e9054cdd-c6f5-426a-8614-e836f16ac41e/ee3c73bd-9974-411d-861d-792b02ef0552/dir/file2
2024-02-26 09:18:45,809 [IPC Server handler 16 on default port 15001] WARN  node.SCMNodeManager (SCMNodeManager.java:getNodesByAddress(1554)) - Cannot find node for address 127.0.0.1
09:18:45.811 [IPC Server handler 15 on default port 15004] ERROR OMAudit - user=runner | ip=127.0.0.1 | op=READ_KEY {volume=e9054cdd-c6f5-426a-8614-e836f16ac41e, bucket=ee3c73bd-9974-411d-861d-792b02ef0552, key=dir/file2, dataSize=0, replicationConfig=null} | ret=FAILURE
org.apache.hadoop.ozone.om.exceptions.OMException: Key:dir/file2 not found
	at org.apache.hadoop.ozone.om.KeyManagerImpl.readKeyInfo(KeyManagerImpl.java:480) ~[ozone-manager-1.5.0-SNAPSHOT.jar:?]
	at org.apache.hadoop.ozone.om.KeyManagerImpl.lambda$11(KeyManagerImpl.java:2050) ~[ozone-manager-1.5.0-SNAPSHOT.jar:?]
	at org.apache.hadoop.util.MetricUtil.captureLatencyNs(MetricUtil.java:45) ~[hdds-common-1.5.0-SNAPSHOT.jar:?]
	at org.apache.hadoop.ozone.om.KeyManagerImpl.getKeyInfo(KeyManagerImpl.java:2048) ~[ozone-manager-1.5.0-SNAPSHOT.jar:?]
	at org.apache.hadoop.ozone.om.OmMetadataReader.getKeyInfo(OmMetadataReader.java:190) ~[ozone-manager-1.5.0-SNAPSHOT.jar:?]
	at org.apache.hadoop.ozone.om.OzoneManager.getKeyInfo(OzoneManager.java:2865) ~[ozone-manager-1.5.0-SNAPSHOT.jar:?]
	at org.apache.hadoop.ozone.protocolPB.OzoneManagerRequestHandler.getKeyInfo(OzoneManagerRequestHandler.java:641) ~[ozone-manager-1.5.0-SNAPSHOT.jar:?]
	at org.apache.hadoop.ozone.protocolPB.OzoneManagerRequestHandler.handleReadRequest(OzoneManagerRequestHandler.java:328) ~[ozone-manager-1.5.0-SNAPSHOT.jar:?]
	at org.apache.hadoop.ozone.protocolPB.OzoneManagerProtocolServerSideTranslatorPB.submitReadRequestToOM(OzoneManagerProtocolServerSideTranslatorPB.java:250) ~[ozone-manager-1.5.0-SNAPSHOT.jar:?]
	at org.apache.hadoop.ozone.protocolPB.OzoneManagerProtocolServerSideTranslatorPB.internalProcessRequest(OzoneManagerProtocolServerSideTranslatorPB.java:196) ~[ozone-manager-1.5.0-SNAPSHOT.jar:?]
	at org.apache.hadoop.ozone.protocolPB.OzoneManagerProtocolServerSideTranslatorPB.processRequest(OzoneManagerProtocolServerSideTranslatorPB.java:156) ~[ozone-manager-1.5.0-SNAPSHOT.jar:?]
	at org.apache.hadoop.hdds.server.OzoneProtocolMessageDispatcher.processRequest(OzoneProtocolMessageDispatcher.java:89) [hdds-server-framework-1.5.0-SNAPSHOT.jar:?]
	at org.apache.hadoop.ozone.protocolPB.OzoneManagerProtocolServerSideTranslatorPB.submitRequest(OzoneManagerProtocolServerSideTranslatorPB.java:147) [ozone-manager-1.5.0-SNAPSHOT.jar:?]
	at org.apache.hadoop.ozone.protocol.proto.OzoneManagerProtocolProtos$OzoneManagerService$2.callBlockingMethod(OzoneManagerProtocolProtos.java) [ozone-interface-client-1.5.0-SNAPSHOT.jar:?]
	at org.apache.hadoop.ipc.ProtobufRpcEngine$Server.processCall(ProtobufRpcEngine.java:484) [hadoop-common-3.3.6.jar:?]
	at org.apache.hadoop.ipc.ProtobufRpcEngine2$Server$ProtoBufRpcInvoker.call(ProtobufRpcEngine2.java:595) [hadoop-common-3.3.6.jar:?]
	at org.apache.hadoop.ipc.ProtobufRpcEngine2$Server$ProtoBufRpcInvoker.call(ProtobufRpcEngine2.java:573) [hadoop-common-3.3.6.jar:?]
	at org.apache.hadoop.ipc.RPC$Server.call(RPC.java:1227) [hadoop-common-3.3.6.jar:?]
	at org.apache.hadoop.ipc.Server$RpcCall.run(Server.java:1094) [hadoop-common-3.3.6.jar:?]
	at org.apache.hadoop.ipc.Server$RpcCall.run(Server.java:1017) [hadoop-common-3.3.6.jar:?]
	at java.security.AccessController.doPrivileged(Native Method) ~[?:1.8.0_402]
	at javax.security.auth.Subject.doAs(Subject.java:422) [?:1.8.0_402]
	at org.apache.hadoop.security.UserGroupInformation.doAs(UserGroupInformation.java:1899) [hadoop-common-3.3.6.jar:?]
	at org.apache.hadoop.ipc.Server$Handler.run(Server.java:3048) [hadoop-common-3.3.6.jar:?]
]]></system-out>
  </testcase>
  <testcase name="testListBucket" classname="org.apache.hadoop.ozone.client.rpc.TestSecureOzoneRpcClient" time="0.694">
    <system-out><![CDATA[2024-02-26 09:18:45,812 [main] INFO  rpc.RpcClient (RpcClient.java:createVolume(465)) - Creating Volume: vol-a-96936, with runner as owner and space quota set to -1 bytes, counts quota set to -1
2024-02-26 09:18:45,814 [om1-OMStateMachineApplyTransactionThread - 0] INFO  volume.OMVolumeCreateRequest (OMVolumeCreateRequest.java:validateAndUpdateCache(198)) - created volume:vol-a-96936 for user:runner
2024-02-26 09:18:45,814 [main] INFO  rpc.RpcClient (RpcClient.java:createVolume(465)) - Creating Volume: vol-b-95859, with runner as owner and space quota set to -1 bytes, counts quota set to -1
2024-02-26 09:18:45,816 [om1-OMStateMachineApplyTransactionThread - 0] INFO  volume.OMVolumeCreateRequest (OMVolumeCreateRequest.java:validateAndUpdateCache(198)) - created volume:vol-b-95859 for user:runner
2024-02-26 09:18:45,817 [main] INFO  rpc.RpcClient (RpcClient.java:createBucket(691)) - Creating Bucket: vol-a-96936/bucket-a-0-66130, with server-side default bucket layout, runner as owner, Versioning false, Storage Type set to DISK and Encryption set to false, Replication Type set to server-side default replication type, Namespace Quota set to -1, Space Quota set to -1 
2024-02-26 09:18:45,818 [om1-OMStateMachineApplyTransactionThread - 0] INFO  bucket.OMBucketCreateRequest (OMBucketCreateRequest.java:validateAndUpdateCache(292)) - created bucket: bucket-a-0-66130 of layout OBJECT_STORE in volume: vol-a-96936
2024-02-26 09:18:45,847 [om1-OMStateMachineApplyTransactionThread - 0] WARN  snapshot.OMSnapshotCreateRequest (OMSnapshotCreateRequest.java:estimateBucketDataSize(337)) - DefaultReplicationConfig is not correctly set in OmBucketInfo for volume 'vol-a-96936' bucket 'bucket-a-0-66130'. Falling back to config default 'RATIS/THREE'
2024-02-26 09:18:45,854 [om1-OMStateMachineApplyTransactionThread - 0] INFO  snapshot.OMSnapshotCreateRequest (OMSnapshotCreateRequest.java:validateAndUpdateCache(218)) - Created snapshot: 's20240226-091845.831' with snapshotId: '3bc801f6-fe3e-4d66-a430-a1361cd79ab6' under path 'vol-a-96936/bucket-a-0-66130'
2024-02-26 09:18:45,855 [main] INFO  rpc.RpcClient (RpcClient.java:createBucket(691)) - Creating Bucket: vol-b-95859/bucket-a-0-14929, with server-side default bucket layout, runner as owner, Versioning false, Storage Type set to DISK and Encryption set to false, Replication Type set to server-side default replication type, Namespace Quota set to -1, Space Quota set to -1 
2024-02-26 09:18:45,857 [om1-OMStateMachineApplyTransactionThread - 0] INFO  bucket.OMBucketCreateRequest (OMBucketCreateRequest.java:validateAndUpdateCache(292)) - created bucket: bucket-a-0-14929 of layout OBJECT_STORE in volume: vol-b-95859
2024-02-26 09:18:45,882 [om1-OMStateMachineApplyTransactionThread - 0] WARN  snapshot.OMSnapshotCreateRequest (OMSnapshotCreateRequest.java:estimateBucketDataSize(337)) - DefaultReplicationConfig is not correctly set in OmBucketInfo for volume 'vol-b-95859' bucket 'bucket-a-0-14929'. Falling back to config default 'RATIS/THREE'
2024-02-26 09:18:45,882 [om1-OMStateMachineApplyTransactionThread - 0] INFO  snapshot.OMSnapshotCreateRequest (OMSnapshotCreateRequest.java:validateAndUpdateCache(218)) - Created snapshot: 's20240226-091845.861' with snapshotId: '4be1bd08-0a34-49da-ad3b-5975145d9ee3' under path 'vol-b-95859/bucket-a-0-14929'
2024-02-26 09:18:45,883 [main] INFO  rpc.RpcClient (RpcClient.java:createBucket(691)) - Creating Bucket: vol-a-96936/bucket-a-1-63610, with server-side default bucket layout, runner as owner, Versioning false, Storage Type set to DISK and Encryption set to false, Replication Type set to server-side default replication type, Namespace Quota set to -1, Space Quota set to -1 
2024-02-26 09:18:45,884 [om1-OMStateMachineApplyTransactionThread - 0] INFO  bucket.OMBucketCreateRequest (OMBucketCreateRequest.java:validateAndUpdateCache(292)) - created bucket: bucket-a-1-63610 of layout OBJECT_STORE in volume: vol-a-96936
2024-02-26 09:18:45,904 [om1-OMDoubleBufferFlushThread] INFO  db.RDBCheckpointManager (RDBCheckpointManager.java:createCheckpoint(89)) - Created checkpoint in rocksDB at /home/runner/work/ozone/ozone/hadoop-ozone/integration-test/target/test-dir/MiniOzoneClusterImpl-0d79f430-b8c0-477e-97b7-98e50d733022/ozone-meta/db.snapshots/checkpointState/om.db-3bc801f6-fe3e-4d66-a430-a1361cd79ab6 in 48 milliseconds
2024-02-26 09:18:45,912 [om1-OMStateMachineApplyTransactionThread - 0] WARN  snapshot.OMSnapshotCreateRequest (OMSnapshotCreateRequest.java:estimateBucketDataSize(337)) - DefaultReplicationConfig is not correctly set in OmBucketInfo for volume 'vol-a-96936' bucket 'bucket-a-1-63610'. Falling back to config default 'RATIS/THREE'
2024-02-26 09:18:45,912 [om1-OMStateMachineApplyTransactionThread - 0] INFO  snapshot.OMSnapshotCreateRequest (OMSnapshotCreateRequest.java:validateAndUpdateCache(218)) - Created snapshot: 's20240226-091845.886' with snapshotId: '03e4d8c0-2ca8-4653-9336-6546ee8efcf1' under path 'vol-a-96936/bucket-a-1-63610'
2024-02-26 09:18:45,913 [main] INFO  rpc.RpcClient (RpcClient.java:createBucket(691)) - Creating Bucket: vol-b-95859/bucket-a-1-95877, with server-side default bucket layout, runner as owner, Versioning false, Storage Type set to DISK and Encryption set to false, Replication Type set to server-side default replication type, Namespace Quota set to -1, Space Quota set to -1 
2024-02-26 09:18:45,914 [om1-OMStateMachineApplyTransactionThread - 0] INFO  bucket.OMBucketCreateRequest (OMBucketCreateRequest.java:validateAndUpdateCache(292)) - created bucket: bucket-a-1-95877 of layout OBJECT_STORE in volume: vol-b-95859
2024-02-26 09:18:45,915 [om1-OMDoubleBufferFlushThread] INFO  om.OmSnapshotManager (OmSnapshotManager.java:createOmSnapshotCheckpoint(491)) - Created checkpoint : /home/runner/work/ozone/ozone/hadoop-ozone/integration-test/target/test-dir/MiniOzoneClusterImpl-0d79f430-b8c0-477e-97b7-98e50d733022/ozone-meta/db.snapshots/checkpointState/om.db-3bc801f6-fe3e-4d66-a430-a1361cd79ab6 for snapshot s20240226-091845.831
2024-02-26 09:18:45,934 [om1-OMStateMachineApplyTransactionThread - 0] WARN  snapshot.OMSnapshotCreateRequest (OMSnapshotCreateRequest.java:estimateBucketDataSize(337)) - DefaultReplicationConfig is not correctly set in OmBucketInfo for volume 'vol-b-95859' bucket 'bucket-a-1-95877'. Falling back to config default 'RATIS/THREE'
2024-02-26 09:18:45,934 [om1-OMStateMachineApplyTransactionThread - 0] INFO  snapshot.OMSnapshotCreateRequest (OMSnapshotCreateRequest.java:validateAndUpdateCache(218)) - Created snapshot: 's20240226-091845.915' with snapshotId: '013b7c52-9a12-428c-9632-fd843dce9bf1' under path 'vol-b-95859/bucket-a-1-95877'
2024-02-26 09:18:45,935 [main] INFO  rpc.RpcClient (RpcClient.java:createBucket(691)) - Creating Bucket: vol-a-96936/bucket-a-2-11893, with server-side default bucket layout, runner as owner, Versioning false, Storage Type set to DISK and Encryption set to false, Replication Type set to server-side default replication type, Namespace Quota set to -1, Space Quota set to -1 
2024-02-26 09:18:45,935 [om1-OMDoubleBufferFlushThread] INFO  db.RDBCheckpointManager (RDBCheckpointManager.java:createCheckpoint(89)) - Created checkpoint in rocksDB at /home/runner/work/ozone/ozone/hadoop-ozone/integration-test/target/test-dir/MiniOzoneClusterImpl-0d79f430-b8c0-477e-97b7-98e50d733022/ozone-meta/db.snapshots/checkpointState/om.db-4be1bd08-0a34-49da-ad3b-5975145d9ee3 in 15 milliseconds
2024-02-26 09:18:45,936 [om1-OMDoubleBufferFlushThread] INFO  om.OmSnapshotManager (OmSnapshotManager.java:createOmSnapshotCheckpoint(491)) - Created checkpoint : /home/runner/work/ozone/ozone/hadoop-ozone/integration-test/target/test-dir/MiniOzoneClusterImpl-0d79f430-b8c0-477e-97b7-98e50d733022/ozone-meta/db.snapshots/checkpointState/om.db-4be1bd08-0a34-49da-ad3b-5975145d9ee3 for snapshot s20240226-091845.861
2024-02-26 09:18:45,938 [om1-OMStateMachineApplyTransactionThread - 0] INFO  bucket.OMBucketCreateRequest (OMBucketCreateRequest.java:validateAndUpdateCache(292)) - created bucket: bucket-a-2-11893 of layout OBJECT_STORE in volume: vol-a-96936
2024-02-26 09:18:45,950 [om1-OMDoubleBufferFlushThread] INFO  db.RDBCheckpointManager (RDBCheckpointManager.java:createCheckpoint(89)) - Created checkpoint in rocksDB at /home/runner/work/ozone/ozone/hadoop-ozone/integration-test/target/test-dir/MiniOzoneClusterImpl-0d79f430-b8c0-477e-97b7-98e50d733022/ozone-meta/db.snapshots/checkpointState/om.db-03e4d8c0-2ca8-4653-9336-6546ee8efcf1 in 12 milliseconds
2024-02-26 09:18:45,951 [om1-OMDoubleBufferFlushThread] INFO  om.OmSnapshotManager (OmSnapshotManager.java:createOmSnapshotCheckpoint(491)) - Created checkpoint : /home/runner/work/ozone/ozone/hadoop-ozone/integration-test/target/test-dir/MiniOzoneClusterImpl-0d79f430-b8c0-477e-97b7-98e50d733022/ozone-meta/db.snapshots/checkpointState/om.db-03e4d8c0-2ca8-4653-9336-6546ee8efcf1 for snapshot s20240226-091845.886
2024-02-26 09:18:45,960 [om1-OMStateMachineApplyTransactionThread - 0] WARN  snapshot.OMSnapshotCreateRequest (OMSnapshotCreateRequest.java:estimateBucketDataSize(337)) - DefaultReplicationConfig is not correctly set in OmBucketInfo for volume 'vol-a-96936' bucket 'bucket-a-2-11893'. Falling back to config default 'RATIS/THREE'
2024-02-26 09:18:45,961 [om1-OMStateMachineApplyTransactionThread - 0] INFO  snapshot.OMSnapshotCreateRequest (OMSnapshotCreateRequest.java:validateAndUpdateCache(218)) - Created snapshot: 's20240226-091845.940' with snapshotId: 'd49315f7-0c40-4bab-9bf4-eb47d3606090' under path 'vol-a-96936/bucket-a-2-11893'
2024-02-26 09:18:45,961 [main] INFO  rpc.RpcClient (RpcClient.java:createBucket(691)) - Creating Bucket: vol-b-95859/bucket-a-2-28349, with server-side default bucket layout, runner as owner, Versioning false, Storage Type set to DISK and Encryption set to false, Replication Type set to server-side default replication type, Namespace Quota set to -1, Space Quota set to -1 
2024-02-26 09:18:45,963 [om1-OMStateMachineApplyTransactionThread - 0] INFO  bucket.OMBucketCreateRequest (OMBucketCreateRequest.java:validateAndUpdateCache(292)) - created bucket: bucket-a-2-28349 of layout OBJECT_STORE in volume: vol-b-95859
2024-02-26 09:18:45,972 [om1-OMDoubleBufferFlushThread] INFO  db.RDBCheckpointManager (RDBCheckpointManager.java:createCheckpoint(89)) - Created checkpoint in rocksDB at /home/runner/work/ozone/ozone/hadoop-ozone/integration-test/target/test-dir/MiniOzoneClusterImpl-0d79f430-b8c0-477e-97b7-98e50d733022/ozone-meta/db.snapshots/checkpointState/om.db-013b7c52-9a12-428c-9632-fd843dce9bf1 in 19 milliseconds
2024-02-26 09:18:45,972 [om1-OMDoubleBufferFlushThread] INFO  om.OmSnapshotManager (OmSnapshotManager.java:createOmSnapshotCheckpoint(491)) - Created checkpoint : /home/runner/work/ozone/ozone/hadoop-ozone/integration-test/target/test-dir/MiniOzoneClusterImpl-0d79f430-b8c0-477e-97b7-98e50d733022/ozone-meta/db.snapshots/checkpointState/om.db-013b7c52-9a12-428c-9632-fd843dce9bf1 for snapshot s20240226-091845.915
2024-02-26 09:18:45,988 [om1-OMDoubleBufferFlushThread] INFO  db.RDBCheckpointManager (RDBCheckpointManager.java:createCheckpoint(89)) - Created checkpoint in rocksDB at /home/runner/work/ozone/ozone/hadoop-ozone/integration-test/target/test-dir/MiniOzoneClusterImpl-0d79f430-b8c0-477e-97b7-98e50d733022/ozone-meta/db.snapshots/checkpointState/om.db-d49315f7-0c40-4bab-9bf4-eb47d3606090 in 13 milliseconds
2024-02-26 09:18:45,989 [om1-OMDoubleBufferFlushThread] INFO  om.OmSnapshotManager (OmSnapshotManager.java:createOmSnapshotCheckpoint(491)) - Created checkpoint : /home/runner/work/ozone/ozone/hadoop-ozone/integration-test/target/test-dir/MiniOzoneClusterImpl-0d79f430-b8c0-477e-97b7-98e50d733022/ozone-meta/db.snapshots/checkpointState/om.db-d49315f7-0c40-4bab-9bf4-eb47d3606090 for snapshot s20240226-091845.940
2024-02-26 09:18:45,990 [om1-OMStateMachineApplyTransactionThread - 0] WARN  snapshot.OMSnapshotCreateRequest (OMSnapshotCreateRequest.java:estimateBucketDataSize(337)) - DefaultReplicationConfig is not correctly set in OmBucketInfo for volume 'vol-b-95859' bucket 'bucket-a-2-28349'. Falling back to config default 'RATIS/THREE'
2024-02-26 09:18:45,991 [om1-OMStateMachineApplyTransactionThread - 0] INFO  snapshot.OMSnapshotCreateRequest (OMSnapshotCreateRequest.java:validateAndUpdateCache(218)) - Created snapshot: 's20240226-091845.966' with snapshotId: '639b9301-6001-46c8-8088-c04f79728795' under path 'vol-b-95859/bucket-a-2-28349'
2024-02-26 09:18:45,991 [main] INFO  rpc.RpcClient (RpcClient.java:createBucket(691)) - Creating Bucket: vol-a-96936/bucket-a-3-00362, with server-side default bucket layout, runner as owner, Versioning false, Storage Type set to DISK and Encryption set to false, Replication Type set to server-side default replication type, Namespace Quota set to -1, Space Quota set to -1 
2024-02-26 09:18:45,993 [om1-OMStateMachineApplyTransactionThread - 0] INFO  bucket.OMBucketCreateRequest (OMBucketCreateRequest.java:validateAndUpdateCache(292)) - created bucket: bucket-a-3-00362 of layout OBJECT_STORE in volume: vol-a-96936
2024-02-26 09:18:46,005 [om1-OMDoubleBufferFlushThread] INFO  db.RDBCheckpointManager (RDBCheckpointManager.java:createCheckpoint(89)) - Created checkpoint in rocksDB at /home/runner/work/ozone/ozone/hadoop-ozone/integration-test/target/test-dir/MiniOzoneClusterImpl-0d79f430-b8c0-477e-97b7-98e50d733022/ozone-meta/db.snapshots/checkpointState/om.db-639b9301-6001-46c8-8088-c04f79728795 in 13 milliseconds
2024-02-26 09:18:46,006 [om1-OMDoubleBufferFlushThread] INFO  om.OmSnapshotManager (OmSnapshotManager.java:createOmSnapshotCheckpoint(491)) - Created checkpoint : /home/runner/work/ozone/ozone/hadoop-ozone/integration-test/target/test-dir/MiniOzoneClusterImpl-0d79f430-b8c0-477e-97b7-98e50d733022/ozone-meta/db.snapshots/checkpointState/om.db-639b9301-6001-46c8-8088-c04f79728795 for snapshot s20240226-091845.966
2024-02-26 09:18:46,012 [om1-OMStateMachineApplyTransactionThread - 0] WARN  snapshot.OMSnapshotCreateRequest (OMSnapshotCreateRequest.java:estimateBucketDataSize(337)) - DefaultReplicationConfig is not correctly set in OmBucketInfo for volume 'vol-a-96936' bucket 'bucket-a-3-00362'. Falling back to config default 'RATIS/THREE'
2024-02-26 09:18:46,012 [om1-OMStateMachineApplyTransactionThread - 0] INFO  snapshot.OMSnapshotCreateRequest (OMSnapshotCreateRequest.java:validateAndUpdateCache(218)) - Created snapshot: 's20240226-091845.994' with snapshotId: 'a0aa3974-3cc5-42c4-a7a1-75d8ceffff81' under path 'vol-a-96936/bucket-a-3-00362'
2024-02-26 09:18:46,013 [main] INFO  rpc.RpcClient (RpcClient.java:createBucket(691)) - Creating Bucket: vol-b-95859/bucket-a-3-76555, with server-side default bucket layout, runner as owner, Versioning false, Storage Type set to DISK and Encryption set to false, Replication Type set to server-side default replication type, Namespace Quota set to -1, Space Quota set to -1 
2024-02-26 09:18:46,015 [om1-OMStateMachineApplyTransactionThread - 0] INFO  bucket.OMBucketCreateRequest (OMBucketCreateRequest.java:validateAndUpdateCache(292)) - created bucket: bucket-a-3-76555 of layout OBJECT_STORE in volume: vol-b-95859
2024-02-26 09:18:46,028 [om1-OMDoubleBufferFlushThread] INFO  db.RDBCheckpointManager (RDBCheckpointManager.java:createCheckpoint(89)) - Created checkpoint in rocksDB at /home/runner/work/ozone/ozone/hadoop-ozone/integration-test/target/test-dir/MiniOzoneClusterImpl-0d79f430-b8c0-477e-97b7-98e50d733022/ozone-meta/db.snapshots/checkpointState/om.db-a0aa3974-3cc5-42c4-a7a1-75d8ceffff81 in 14 milliseconds
2024-02-26 09:18:46,029 [om1-OMDoubleBufferFlushThread] INFO  om.OmSnapshotManager (OmSnapshotManager.java:createOmSnapshotCheckpoint(491)) - Created checkpoint : /home/runner/work/ozone/ozone/hadoop-ozone/integration-test/target/test-dir/MiniOzoneClusterImpl-0d79f430-b8c0-477e-97b7-98e50d733022/ozone-meta/db.snapshots/checkpointState/om.db-a0aa3974-3cc5-42c4-a7a1-75d8ceffff81 for snapshot s20240226-091845.994
2024-02-26 09:18:46,033 [om1-OMStateMachineApplyTransactionThread - 0] WARN  snapshot.OMSnapshotCreateRequest (OMSnapshotCreateRequest.java:estimateBucketDataSize(337)) - DefaultReplicationConfig is not correctly set in OmBucketInfo for volume 'vol-b-95859' bucket 'bucket-a-3-76555'. Falling back to config default 'RATIS/THREE'
2024-02-26 09:18:46,034 [om1-OMStateMachineApplyTransactionThread - 0] INFO  snapshot.OMSnapshotCreateRequest (OMSnapshotCreateRequest.java:validateAndUpdateCache(218)) - Created snapshot: 's20240226-091846.016' with snapshotId: 'af949fc6-a122-437e-b380-285906cb9c5e' under path 'vol-b-95859/bucket-a-3-76555'
2024-02-26 09:18:46,034 [main] INFO  rpc.RpcClient (RpcClient.java:createBucket(691)) - Creating Bucket: vol-a-96936/bucket-a-4-05820, with server-side default bucket layout, runner as owner, Versioning false, Storage Type set to DISK and Encryption set to false, Replication Type set to server-side default replication type, Namespace Quota set to -1, Space Quota set to -1 
2024-02-26 09:18:46,036 [om1-OMStateMachineApplyTransactionThread - 0] INFO  bucket.OMBucketCreateRequest (OMBucketCreateRequest.java:validateAndUpdateCache(292)) - created bucket: bucket-a-4-05820 of layout OBJECT_STORE in volume: vol-a-96936
2024-02-26 09:18:46,049 [om1-OMDoubleBufferFlushThread] INFO  db.RDBCheckpointManager (RDBCheckpointManager.java:createCheckpoint(89)) - Created checkpoint in rocksDB at /home/runner/work/ozone/ozone/hadoop-ozone/integration-test/target/test-dir/MiniOzoneClusterImpl-0d79f430-b8c0-477e-97b7-98e50d733022/ozone-meta/db.snapshots/checkpointState/om.db-af949fc6-a122-437e-b380-285906cb9c5e in 14 milliseconds
2024-02-26 09:18:46,050 [om1-OMDoubleBufferFlushThread] INFO  om.OmSnapshotManager (OmSnapshotManager.java:createOmSnapshotCheckpoint(491)) - Created checkpoint : /home/runner/work/ozone/ozone/hadoop-ozone/integration-test/target/test-dir/MiniOzoneClusterImpl-0d79f430-b8c0-477e-97b7-98e50d733022/ozone-meta/db.snapshots/checkpointState/om.db-af949fc6-a122-437e-b380-285906cb9c5e for snapshot s20240226-091846.016
2024-02-26 09:18:46,054 [om1-OMStateMachineApplyTransactionThread - 0] WARN  snapshot.OMSnapshotCreateRequest (OMSnapshotCreateRequest.java:estimateBucketDataSize(337)) - DefaultReplicationConfig is not correctly set in OmBucketInfo for volume 'vol-a-96936' bucket 'bucket-a-4-05820'. Falling back to config default 'RATIS/THREE'
2024-02-26 09:18:46,055 [om1-OMStateMachineApplyTransactionThread - 0] INFO  snapshot.OMSnapshotCreateRequest (OMSnapshotCreateRequest.java:validateAndUpdateCache(218)) - Created snapshot: 's20240226-091846.037' with snapshotId: '86b115ea-c43b-4159-9a1b-8f74ee3a8e47' under path 'vol-a-96936/bucket-a-4-05820'
2024-02-26 09:18:46,055 [main] INFO  rpc.RpcClient (RpcClient.java:createBucket(691)) - Creating Bucket: vol-b-95859/bucket-a-4-07697, with server-side default bucket layout, runner as owner, Versioning false, Storage Type set to DISK and Encryption set to false, Replication Type set to server-side default replication type, Namespace Quota set to -1, Space Quota set to -1 
2024-02-26 09:18:46,057 [om1-OMStateMachineApplyTransactionThread - 0] INFO  bucket.OMBucketCreateRequest (OMBucketCreateRequest.java:validateAndUpdateCache(292)) - created bucket: bucket-a-4-07697 of layout OBJECT_STORE in volume: vol-b-95859
2024-02-26 09:18:46,071 [om1-OMDoubleBufferFlushThread] INFO  db.RDBCheckpointManager (RDBCheckpointManager.java:createCheckpoint(89)) - Created checkpoint in rocksDB at /home/runner/work/ozone/ozone/hadoop-ozone/integration-test/target/test-dir/MiniOzoneClusterImpl-0d79f430-b8c0-477e-97b7-98e50d733022/ozone-meta/db.snapshots/checkpointState/om.db-86b115ea-c43b-4159-9a1b-8f74ee3a8e47 in 15 milliseconds
2024-02-26 09:18:46,072 [om1-OMDoubleBufferFlushThread] INFO  om.OmSnapshotManager (OmSnapshotManager.java:createOmSnapshotCheckpoint(491)) - Created checkpoint : /home/runner/work/ozone/ozone/hadoop-ozone/integration-test/target/test-dir/MiniOzoneClusterImpl-0d79f430-b8c0-477e-97b7-98e50d733022/ozone-meta/db.snapshots/checkpointState/om.db-86b115ea-c43b-4159-9a1b-8f74ee3a8e47 for snapshot s20240226-091846.037
2024-02-26 09:18:46,075 [om1-OMStateMachineApplyTransactionThread - 0] WARN  snapshot.OMSnapshotCreateRequest (OMSnapshotCreateRequest.java:estimateBucketDataSize(337)) - DefaultReplicationConfig is not correctly set in OmBucketInfo for volume 'vol-b-95859' bucket 'bucket-a-4-07697'. Falling back to config default 'RATIS/THREE'
2024-02-26 09:18:46,076 [om1-OMStateMachineApplyTransactionThread - 0] INFO  snapshot.OMSnapshotCreateRequest (OMSnapshotCreateRequest.java:validateAndUpdateCache(218)) - Created snapshot: 's20240226-091846.058' with snapshotId: '0462a0a9-306b-471e-bc4f-761a3be4963d' under path 'vol-b-95859/bucket-a-4-07697'
2024-02-26 09:18:46,076 [main] INFO  rpc.RpcClient (RpcClient.java:createBucket(691)) - Creating Bucket: vol-a-96936/bucket-a-5-06276, with server-side default bucket layout, runner as owner, Versioning false, Storage Type set to DISK and Encryption set to false, Replication Type set to server-side default replication type, Namespace Quota set to -1, Space Quota set to -1 
2024-02-26 09:18:46,078 [om1-OMStateMachineApplyTransactionThread - 0] INFO  bucket.OMBucketCreateRequest (OMBucketCreateRequest.java:validateAndUpdateCache(292)) - created bucket: bucket-a-5-06276 of layout OBJECT_STORE in volume: vol-a-96936
2024-02-26 09:18:46,096 [om1-OMStateMachineApplyTransactionThread - 0] WARN  snapshot.OMSnapshotCreateRequest (OMSnapshotCreateRequest.java:estimateBucketDataSize(337)) - DefaultReplicationConfig is not correctly set in OmBucketInfo for volume 'vol-a-96936' bucket 'bucket-a-5-06276'. Falling back to config default 'RATIS/THREE'
2024-02-26 09:18:46,097 [om1-OMStateMachineApplyTransactionThread - 0] INFO  snapshot.OMSnapshotCreateRequest (OMSnapshotCreateRequest.java:validateAndUpdateCache(218)) - Created snapshot: 's20240226-091846.079' with snapshotId: '86655816-c124-4023-9904-700bc2a498d7' under path 'vol-a-96936/bucket-a-5-06276'
2024-02-26 09:18:46,097 [main] INFO  rpc.RpcClient (RpcClient.java:createBucket(691)) - Creating Bucket: vol-b-95859/bucket-a-5-77961, with server-side default bucket layout, runner as owner, Versioning false, Storage Type set to DISK and Encryption set to false, Replication Type set to server-side default replication type, Namespace Quota set to -1, Space Quota set to -1 
2024-02-26 09:18:46,099 [om1-OMStateMachineApplyTransactionThread - 0] INFO  bucket.OMBucketCreateRequest (OMBucketCreateRequest.java:validateAndUpdateCache(292)) - created bucket: bucket-a-5-77961 of layout OBJECT_STORE in volume: vol-b-95859
2024-02-26 09:18:46,103 [om1-OMDoubleBufferFlushThread] INFO  db.RDBCheckpointManager (RDBCheckpointManager.java:createCheckpoint(89)) - Created checkpoint in rocksDB at /home/runner/work/ozone/ozone/hadoop-ozone/integration-test/target/test-dir/MiniOzoneClusterImpl-0d79f430-b8c0-477e-97b7-98e50d733022/ozone-meta/db.snapshots/checkpointState/om.db-0462a0a9-306b-471e-bc4f-761a3be4963d in 26 milliseconds
2024-02-26 09:18:46,104 [om1-OMDoubleBufferFlushThread] INFO  om.OmSnapshotManager (OmSnapshotManager.java:createOmSnapshotCheckpoint(491)) - Created checkpoint : /home/runner/work/ozone/ozone/hadoop-ozone/integration-test/target/test-dir/MiniOzoneClusterImpl-0d79f430-b8c0-477e-97b7-98e50d733022/ozone-meta/db.snapshots/checkpointState/om.db-0462a0a9-306b-471e-bc4f-761a3be4963d for snapshot s20240226-091846.058
2024-02-26 09:18:46,116 [om1-OMStateMachineApplyTransactionThread - 0] WARN  snapshot.OMSnapshotCreateRequest (OMSnapshotCreateRequest.java:estimateBucketDataSize(337)) - DefaultReplicationConfig is not correctly set in OmBucketInfo for volume 'vol-b-95859' bucket 'bucket-a-5-77961'. Falling back to config default 'RATIS/THREE'
2024-02-26 09:18:46,116 [om1-OMStateMachineApplyTransactionThread - 0] INFO  snapshot.OMSnapshotCreateRequest (OMSnapshotCreateRequest.java:validateAndUpdateCache(218)) - Created snapshot: 's20240226-091846.100' with snapshotId: '0ca5f3e3-2ffb-4f53-9520-9dd858a6d62d' under path 'vol-b-95859/bucket-a-5-77961'
2024-02-26 09:18:46,117 [main] INFO  rpc.RpcClient (RpcClient.java:createBucket(691)) - Creating Bucket: vol-a-96936/bucket-a-6-72480, with server-side default bucket layout, runner as owner, Versioning false, Storage Type set to DISK and Encryption set to false, Replication Type set to server-side default replication type, Namespace Quota set to -1, Space Quota set to -1 
2024-02-26 09:18:46,118 [om1-OMStateMachineApplyTransactionThread - 0] INFO  bucket.OMBucketCreateRequest (OMBucketCreateRequest.java:validateAndUpdateCache(292)) - created bucket: bucket-a-6-72480 of layout OBJECT_STORE in volume: vol-a-96936
2024-02-26 09:18:46,119 [om1-OMDoubleBufferFlushThread] INFO  db.RDBCheckpointManager (RDBCheckpointManager.java:createCheckpoint(89)) - Created checkpoint in rocksDB at /home/runner/work/ozone/ozone/hadoop-ozone/integration-test/target/test-dir/MiniOzoneClusterImpl-0d79f430-b8c0-477e-97b7-98e50d733022/ozone-meta/db.snapshots/checkpointState/om.db-86655816-c124-4023-9904-700bc2a498d7 in 14 milliseconds
2024-02-26 09:18:46,120 [om1-OMDoubleBufferFlushThread] INFO  om.OmSnapshotManager (OmSnapshotManager.java:createOmSnapshotCheckpoint(491)) - Created checkpoint : /home/runner/work/ozone/ozone/hadoop-ozone/integration-test/target/test-dir/MiniOzoneClusterImpl-0d79f430-b8c0-477e-97b7-98e50d733022/ozone-meta/db.snapshots/checkpointState/om.db-86655816-c124-4023-9904-700bc2a498d7 for snapshot s20240226-091846.079
2024-02-26 09:18:46,135 [om1-OMStateMachineApplyTransactionThread - 0] WARN  snapshot.OMSnapshotCreateRequest (OMSnapshotCreateRequest.java:estimateBucketDataSize(337)) - DefaultReplicationConfig is not correctly set in OmBucketInfo for volume 'vol-a-96936' bucket 'bucket-a-6-72480'. Falling back to config default 'RATIS/THREE'
2024-02-26 09:18:46,135 [om1-OMStateMachineApplyTransactionThread - 0] INFO  snapshot.OMSnapshotCreateRequest (OMSnapshotCreateRequest.java:validateAndUpdateCache(218)) - Created snapshot: 's20240226-091846.119' with snapshotId: '64f2dfcd-1016-4941-b120-7a7835939bce' under path 'vol-a-96936/bucket-a-6-72480'
2024-02-26 09:18:46,136 [main] INFO  rpc.RpcClient (RpcClient.java:createBucket(691)) - Creating Bucket: vol-b-95859/bucket-a-6-81816, with server-side default bucket layout, runner as owner, Versioning false, Storage Type set to DISK and Encryption set to false, Replication Type set to server-side default replication type, Namespace Quota set to -1, Space Quota set to -1 
2024-02-26 09:18:46,138 [om1-OMStateMachineApplyTransactionThread - 0] INFO  bucket.OMBucketCreateRequest (OMBucketCreateRequest.java:validateAndUpdateCache(292)) - created bucket: bucket-a-6-81816 of layout OBJECT_STORE in volume: vol-b-95859
2024-02-26 09:18:46,138 [om1-OMDoubleBufferFlushThread] INFO  db.RDBCheckpointManager (RDBCheckpointManager.java:createCheckpoint(89)) - Created checkpoint in rocksDB at /home/runner/work/ozone/ozone/hadoop-ozone/integration-test/target/test-dir/MiniOzoneClusterImpl-0d79f430-b8c0-477e-97b7-98e50d733022/ozone-meta/db.snapshots/checkpointState/om.db-0ca5f3e3-2ffb-4f53-9520-9dd858a6d62d in 16 milliseconds
2024-02-26 09:18:46,139 [om1-OMDoubleBufferFlushThread] INFO  om.OmSnapshotManager (OmSnapshotManager.java:createOmSnapshotCheckpoint(491)) - Created checkpoint : /home/runner/work/ozone/ozone/hadoop-ozone/integration-test/target/test-dir/MiniOzoneClusterImpl-0d79f430-b8c0-477e-97b7-98e50d733022/ozone-meta/db.snapshots/checkpointState/om.db-0ca5f3e3-2ffb-4f53-9520-9dd858a6d62d for snapshot s20240226-091846.100
2024-02-26 09:18:46,153 [om1-OMDoubleBufferFlushThread] INFO  db.RDBCheckpointManager (RDBCheckpointManager.java:createCheckpoint(89)) - Created checkpoint in rocksDB at /home/runner/work/ozone/ozone/hadoop-ozone/integration-test/target/test-dir/MiniOzoneClusterImpl-0d79f430-b8c0-477e-97b7-98e50d733022/ozone-meta/db.snapshots/checkpointState/om.db-64f2dfcd-1016-4941-b120-7a7835939bce in 13 milliseconds
2024-02-26 09:18:46,154 [om1-OMDoubleBufferFlushThread] INFO  om.OmSnapshotManager (OmSnapshotManager.java:createOmSnapshotCheckpoint(491)) - Created checkpoint : /home/runner/work/ozone/ozone/hadoop-ozone/integration-test/target/test-dir/MiniOzoneClusterImpl-0d79f430-b8c0-477e-97b7-98e50d733022/ozone-meta/db.snapshots/checkpointState/om.db-64f2dfcd-1016-4941-b120-7a7835939bce for snapshot s20240226-091846.119
2024-02-26 09:18:46,154 [om1-OMStateMachineApplyTransactionThread - 0] WARN  snapshot.OMSnapshotCreateRequest (OMSnapshotCreateRequest.java:estimateBucketDataSize(337)) - DefaultReplicationConfig is not correctly set in OmBucketInfo for volume 'vol-b-95859' bucket 'bucket-a-6-81816'. Falling back to config default 'RATIS/THREE'
2024-02-26 09:18:46,155 [om1-OMStateMachineApplyTransactionThread - 0] INFO  snapshot.OMSnapshotCreateRequest (OMSnapshotCreateRequest.java:validateAndUpdateCache(218)) - Created snapshot: 's20240226-091846.139' with snapshotId: 'e8593f49-9dcb-42b5-bea9-3bb3def915e3' under path 'vol-b-95859/bucket-a-6-81816'
2024-02-26 09:18:46,155 [main] INFO  rpc.RpcClient (RpcClient.java:createBucket(691)) - Creating Bucket: vol-a-96936/bucket-a-7-95942, with server-side default bucket layout, runner as owner, Versioning false, Storage Type set to DISK and Encryption set to false, Replication Type set to server-side default replication type, Namespace Quota set to -1, Space Quota set to -1 
2024-02-26 09:18:46,157 [om1-OMStateMachineApplyTransactionThread - 0] INFO  bucket.OMBucketCreateRequest (OMBucketCreateRequest.java:validateAndUpdateCache(292)) - created bucket: bucket-a-7-95942 of layout OBJECT_STORE in volume: vol-a-96936
2024-02-26 09:18:46,171 [om1-OMStateMachineApplyTransactionThread - 0] WARN  snapshot.OMSnapshotCreateRequest (OMSnapshotCreateRequest.java:estimateBucketDataSize(337)) - DefaultReplicationConfig is not correctly set in OmBucketInfo for volume 'vol-a-96936' bucket 'bucket-a-7-95942'. Falling back to config default 'RATIS/THREE'
2024-02-26 09:18:46,171 [om1-OMStateMachineApplyTransactionThread - 0] INFO  snapshot.OMSnapshotCreateRequest (OMSnapshotCreateRequest.java:validateAndUpdateCache(218)) - Created snapshot: 's20240226-091846.158' with snapshotId: 'b753f2b9-beb3-4cd5-974a-76a2772a9628' under path 'vol-a-96936/bucket-a-7-95942'
2024-02-26 09:18:46,172 [main] INFO  rpc.RpcClient (RpcClient.java:createBucket(691)) - Creating Bucket: vol-b-95859/bucket-a-7-35629, with server-side default bucket layout, runner as owner, Versioning false, Storage Type set to DISK and Encryption set to false, Replication Type set to server-side default replication type, Namespace Quota set to -1, Space Quota set to -1 
2024-02-26 09:18:46,173 [om1-OMStateMachineApplyTransactionThread - 0] INFO  bucket.OMBucketCreateRequest (OMBucketCreateRequest.java:validateAndUpdateCache(292)) - created bucket: bucket-a-7-35629 of layout OBJECT_STORE in volume: vol-b-95859
2024-02-26 09:18:46,173 [om1-OMDoubleBufferFlushThread] INFO  db.RDBCheckpointManager (RDBCheckpointManager.java:createCheckpoint(89)) - Created checkpoint in rocksDB at /home/runner/work/ozone/ozone/hadoop-ozone/integration-test/target/test-dir/MiniOzoneClusterImpl-0d79f430-b8c0-477e-97b7-98e50d733022/ozone-meta/db.snapshots/checkpointState/om.db-e8593f49-9dcb-42b5-bea9-3bb3def915e3 in 16 milliseconds
2024-02-26 09:18:46,175 [om1-OMDoubleBufferFlushThread] INFO  om.OmSnapshotManager (OmSnapshotManager.java:createOmSnapshotCheckpoint(491)) - Created checkpoint : /home/runner/work/ozone/ozone/hadoop-ozone/integration-test/target/test-dir/MiniOzoneClusterImpl-0d79f430-b8c0-477e-97b7-98e50d733022/ozone-meta/db.snapshots/checkpointState/om.db-e8593f49-9dcb-42b5-bea9-3bb3def915e3 for snapshot s20240226-091846.139
2024-02-26 09:18:46,189 [om1-OMStateMachineApplyTransactionThread - 0] WARN  snapshot.OMSnapshotCreateRequest (OMSnapshotCreateRequest.java:estimateBucketDataSize(337)) - DefaultReplicationConfig is not correctly set in OmBucketInfo for volume 'vol-b-95859' bucket 'bucket-a-7-35629'. Falling back to config default 'RATIS/THREE'
2024-02-26 09:18:46,189 [om1-OMStateMachineApplyTransactionThread - 0] INFO  snapshot.OMSnapshotCreateRequest (OMSnapshotCreateRequest.java:validateAndUpdateCache(218)) - Created snapshot: 's20240226-091846.175' with snapshotId: '8b63004e-58d8-4b95-886e-476d15d36144' under path 'vol-b-95859/bucket-a-7-35629'
2024-02-26 09:18:46,190 [main] INFO  rpc.RpcClient (RpcClient.java:createBucket(691)) - Creating Bucket: vol-a-96936/bucket-a-8-98532, with server-side default bucket layout, runner as owner, Versioning false, Storage Type set to DISK and Encryption set to false, Replication Type set to server-side default replication type, Namespace Quota set to -1, Space Quota set to -1 
2024-02-26 09:18:46,192 [om1-OMStateMachineApplyTransactionThread - 0] INFO  bucket.OMBucketCreateRequest (OMBucketCreateRequest.java:validateAndUpdateCache(292)) - created bucket: bucket-a-8-98532 of layout OBJECT_STORE in volume: vol-a-96936
2024-02-26 09:18:46,193 [om1-OMDoubleBufferFlushThread] INFO  db.RDBCheckpointManager (RDBCheckpointManager.java:createCheckpoint(89)) - Created checkpoint in rocksDB at /home/runner/work/ozone/ozone/hadoop-ozone/integration-test/target/test-dir/MiniOzoneClusterImpl-0d79f430-b8c0-477e-97b7-98e50d733022/ozone-meta/db.snapshots/checkpointState/om.db-b753f2b9-beb3-4cd5-974a-76a2772a9628 in 16 milliseconds
2024-02-26 09:18:46,194 [om1-OMDoubleBufferFlushThread] INFO  om.OmSnapshotManager (OmSnapshotManager.java:createOmSnapshotCheckpoint(491)) - Created checkpoint : /home/runner/work/ozone/ozone/hadoop-ozone/integration-test/target/test-dir/MiniOzoneClusterImpl-0d79f430-b8c0-477e-97b7-98e50d733022/ozone-meta/db.snapshots/checkpointState/om.db-b753f2b9-beb3-4cd5-974a-76a2772a9628 for snapshot s20240226-091846.158
2024-02-26 09:18:46,210 [om1-OMStateMachineApplyTransactionThread - 0] WARN  snapshot.OMSnapshotCreateRequest (OMSnapshotCreateRequest.java:estimateBucketDataSize(337)) - DefaultReplicationConfig is not correctly set in OmBucketInfo for volume 'vol-a-96936' bucket 'bucket-a-8-98532'. Falling back to config default 'RATIS/THREE'
2024-02-26 09:18:46,210 [om1-OMStateMachineApplyTransactionThread - 0] INFO  snapshot.OMSnapshotCreateRequest (OMSnapshotCreateRequest.java:validateAndUpdateCache(218)) - Created snapshot: 's20240226-091846.193' with snapshotId: 'b1aeec87-4fdd-40e1-baac-580dec8af060' under path 'vol-a-96936/bucket-a-8-98532'
2024-02-26 09:18:46,211 [main] INFO  rpc.RpcClient (RpcClient.java:createBucket(691)) - Creating Bucket: vol-b-95859/bucket-a-8-87715, with server-side default bucket layout, runner as owner, Versioning false, Storage Type set to DISK and Encryption set to false, Replication Type set to server-side default replication type, Namespace Quota set to -1, Space Quota set to -1 
2024-02-26 09:18:46,213 [om1-OMStateMachineApplyTransactionThread - 0] INFO  bucket.OMBucketCreateRequest (OMBucketCreateRequest.java:validateAndUpdateCache(292)) - created bucket: bucket-a-8-87715 of layout OBJECT_STORE in volume: vol-b-95859
2024-02-26 09:18:46,215 [om1-OMDoubleBufferFlushThread] INFO  db.RDBCheckpointManager (RDBCheckpointManager.java:createCheckpoint(89)) - Created checkpoint in rocksDB at /home/runner/work/ozone/ozone/hadoop-ozone/integration-test/target/test-dir/MiniOzoneClusterImpl-0d79f430-b8c0-477e-97b7-98e50d733022/ozone-meta/db.snapshots/checkpointState/om.db-8b63004e-58d8-4b95-886e-476d15d36144 in 17 milliseconds
2024-02-26 09:18:46,216 [om1-OMDoubleBufferFlushThread] INFO  om.OmSnapshotManager (OmSnapshotManager.java:createOmSnapshotCheckpoint(491)) - Created checkpoint : /home/runner/work/ozone/ozone/hadoop-ozone/integration-test/target/test-dir/MiniOzoneClusterImpl-0d79f430-b8c0-477e-97b7-98e50d733022/ozone-meta/db.snapshots/checkpointState/om.db-8b63004e-58d8-4b95-886e-476d15d36144 for snapshot s20240226-091846.175
2024-02-26 09:18:46,237 [om1-OMStateMachineApplyTransactionThread - 0] WARN  snapshot.OMSnapshotCreateRequest (OMSnapshotCreateRequest.java:estimateBucketDataSize(337)) - DefaultReplicationConfig is not correctly set in OmBucketInfo for volume 'vol-b-95859' bucket 'bucket-a-8-87715'. Falling back to config default 'RATIS/THREE'
2024-02-26 09:18:46,237 [om1-OMStateMachineApplyTransactionThread - 0] INFO  snapshot.OMSnapshotCreateRequest (OMSnapshotCreateRequest.java:validateAndUpdateCache(218)) - Created snapshot: 's20240226-091846.214' with snapshotId: '670fc324-7865-405b-9101-18eb849568ab' under path 'vol-b-95859/bucket-a-8-87715'
2024-02-26 09:18:46,238 [om1-OMDoubleBufferFlushThread] INFO  db.RDBCheckpointManager (RDBCheckpointManager.java:createCheckpoint(89)) - Created checkpoint in rocksDB at /home/runner/work/ozone/ozone/hadoop-ozone/integration-test/target/test-dir/MiniOzoneClusterImpl-0d79f430-b8c0-477e-97b7-98e50d733022/ozone-meta/db.snapshots/checkpointState/om.db-b1aeec87-4fdd-40e1-baac-580dec8af060 in 19 milliseconds
2024-02-26 09:18:46,238 [main] INFO  rpc.RpcClient (RpcClient.java:createBucket(691)) - Creating Bucket: vol-a-96936/bucket-a-9-84994, with server-side default bucket layout, runner as owner, Versioning false, Storage Type set to DISK and Encryption set to false, Replication Type set to server-side default replication type, Namespace Quota set to -1, Space Quota set to -1 
2024-02-26 09:18:46,239 [om1-OMDoubleBufferFlushThread] INFO  om.OmSnapshotManager (OmSnapshotManager.java:createOmSnapshotCheckpoint(491)) - Created checkpoint : /home/runner/work/ozone/ozone/hadoop-ozone/integration-test/target/test-dir/MiniOzoneClusterImpl-0d79f430-b8c0-477e-97b7-98e50d733022/ozone-meta/db.snapshots/checkpointState/om.db-b1aeec87-4fdd-40e1-baac-580dec8af060 for snapshot s20240226-091846.193
2024-02-26 09:18:46,240 [om1-OMStateMachineApplyTransactionThread - 0] INFO  bucket.OMBucketCreateRequest (OMBucketCreateRequest.java:validateAndUpdateCache(292)) - created bucket: bucket-a-9-84994 of layout OBJECT_STORE in volume: vol-a-96936
2024-02-26 09:18:46,253 [om1-OMDoubleBufferFlushThread] INFO  db.RDBCheckpointManager (RDBCheckpointManager.java:createCheckpoint(89)) - Created checkpoint in rocksDB at /home/runner/work/ozone/ozone/hadoop-ozone/integration-test/target/test-dir/MiniOzoneClusterImpl-0d79f430-b8c0-477e-97b7-98e50d733022/ozone-meta/db.snapshots/checkpointState/om.db-670fc324-7865-405b-9101-18eb849568ab in 13 milliseconds
2024-02-26 09:18:46,253 [om1-OMDoubleBufferFlushThread] INFO  om.OmSnapshotManager (OmSnapshotManager.java:createOmSnapshotCheckpoint(491)) - Created checkpoint : /home/runner/work/ozone/ozone/hadoop-ozone/integration-test/target/test-dir/MiniOzoneClusterImpl-0d79f430-b8c0-477e-97b7-98e50d733022/ozone-meta/db.snapshots/checkpointState/om.db-670fc324-7865-405b-9101-18eb849568ab for snapshot s20240226-091846.214
2024-02-26 09:18:46,254 [om1-OMStateMachineApplyTransactionThread - 0] WARN  snapshot.OMSnapshotCreateRequest (OMSnapshotCreateRequest.java:estimateBucketDataSize(337)) - DefaultReplicationConfig is not correctly set in OmBucketInfo for volume 'vol-a-96936' bucket 'bucket-a-9-84994'. Falling back to config default 'RATIS/THREE'
2024-02-26 09:18:46,255 [om1-OMStateMachineApplyTransactionThread - 0] INFO  snapshot.OMSnapshotCreateRequest (OMSnapshotCreateRequest.java:validateAndUpdateCache(218)) - Created snapshot: 's20240226-091846.241' with snapshotId: 'a8b06030-db9c-4e85-8096-1fb729fae3bb' under path 'vol-a-96936/bucket-a-9-84994'
2024-02-26 09:18:46,255 [main] INFO  rpc.RpcClient (RpcClient.java:createBucket(691)) - Creating Bucket: vol-b-95859/bucket-a-9-15970, with server-side default bucket layout, runner as owner, Versioning false, Storage Type set to DISK and Encryption set to false, Replication Type set to server-side default replication type, Namespace Quota set to -1, Space Quota set to -1 
2024-02-26 09:18:46,257 [om1-OMStateMachineApplyTransactionThread - 0] INFO  bucket.OMBucketCreateRequest (OMBucketCreateRequest.java:validateAndUpdateCache(292)) - created bucket: bucket-a-9-15970 of layout OBJECT_STORE in volume: vol-b-95859
2024-02-26 09:18:46,269 [om1-OMDoubleBufferFlushThread] INFO  db.RDBCheckpointManager (RDBCheckpointManager.java:createCheckpoint(89)) - Created checkpoint in rocksDB at /home/runner/work/ozone/ozone/hadoop-ozone/integration-test/target/test-dir/MiniOzoneClusterImpl-0d79f430-b8c0-477e-97b7-98e50d733022/ozone-meta/db.snapshots/checkpointState/om.db-a8b06030-db9c-4e85-8096-1fb729fae3bb in 14 milliseconds
2024-02-26 09:18:46,270 [om1-OMDoubleBufferFlushThread] INFO  om.OmSnapshotManager (OmSnapshotManager.java:createOmSnapshotCheckpoint(491)) - Created checkpoint : /home/runner/work/ozone/ozone/hadoop-ozone/integration-test/target/test-dir/MiniOzoneClusterImpl-0d79f430-b8c0-477e-97b7-98e50d733022/ozone-meta/db.snapshots/checkpointState/om.db-a8b06030-db9c-4e85-8096-1fb729fae3bb for snapshot s20240226-091846.241
2024-02-26 09:18:46,273 [om1-OMStateMachineApplyTransactionThread - 0] WARN  snapshot.OMSnapshotCreateRequest (OMSnapshotCreateRequest.java:estimateBucketDataSize(337)) - DefaultReplicationConfig is not correctly set in OmBucketInfo for volume 'vol-b-95859' bucket 'bucket-a-9-15970'. Falling back to config default 'RATIS/THREE'
2024-02-26 09:18:46,273 [om1-OMStateMachineApplyTransactionThread - 0] INFO  snapshot.OMSnapshotCreateRequest (OMSnapshotCreateRequest.java:validateAndUpdateCache(218)) - Created snapshot: 's20240226-091846.258' with snapshotId: '8f0454d3-fe36-4a1f-bdb8-bc89632de0d4' under path 'vol-b-95859/bucket-a-9-15970'
2024-02-26 09:18:46,273 [main] INFO  rpc.RpcClient (RpcClient.java:createBucket(691)) - Creating Bucket: vol-a-96936/bucket-b-0-13304, with server-side default bucket layout, runner as owner, Versioning false, Storage Type set to DISK and Encryption set to false, Replication Type set to server-side default replication type, Namespace Quota set to -1, Space Quota set to -1 
2024-02-26 09:18:46,275 [om1-OMStateMachineApplyTransactionThread - 0] INFO  bucket.OMBucketCreateRequest (OMBucketCreateRequest.java:validateAndUpdateCache(292)) - created bucket: bucket-b-0-13304 of layout OBJECT_STORE in volume: vol-a-96936
2024-02-26 09:18:46,290 [om1-OMStateMachineApplyTransactionThread - 0] WARN  snapshot.OMSnapshotCreateRequest (OMSnapshotCreateRequest.java:estimateBucketDataSize(337)) - DefaultReplicationConfig is not correctly set in OmBucketInfo for volume 'vol-a-96936' bucket 'bucket-b-0-13304'. Falling back to config default 'RATIS/THREE'
2024-02-26 09:18:46,290 [om1-OMStateMachineApplyTransactionThread - 0] INFO  snapshot.OMSnapshotCreateRequest (OMSnapshotCreateRequest.java:validateAndUpdateCache(218)) - Created snapshot: 's20240226-091846.276' with snapshotId: 'afd8206b-4f50-4026-b55c-2c5a9e0e912c' under path 'vol-a-96936/bucket-b-0-13304'
2024-02-26 09:18:46,290 [om1-OMDoubleBufferFlushThread] INFO  db.RDBCheckpointManager (RDBCheckpointManager.java:createCheckpoint(89)) - Created checkpoint in rocksDB at /home/runner/work/ozone/ozone/hadoop-ozone/integration-test/target/test-dir/MiniOzoneClusterImpl-0d79f430-b8c0-477e-97b7-98e50d733022/ozone-meta/db.snapshots/checkpointState/om.db-8f0454d3-fe36-4a1f-bdb8-bc89632de0d4 in 16 milliseconds
2024-02-26 09:18:46,291 [main] INFO  rpc.RpcClient (RpcClient.java:createBucket(691)) - Creating Bucket: vol-b-95859/bucket-b-0-05978, with server-side default bucket layout, runner as owner, Versioning false, Storage Type set to DISK and Encryption set to false, Replication Type set to server-side default replication type, Namespace Quota set to -1, Space Quota set to -1 
2024-02-26 09:18:46,292 [om1-OMDoubleBufferFlushThread] INFO  om.OmSnapshotManager (OmSnapshotManager.java:createOmSnapshotCheckpoint(491)) - Created checkpoint : /home/runner/work/ozone/ozone/hadoop-ozone/integration-test/target/test-dir/MiniOzoneClusterImpl-0d79f430-b8c0-477e-97b7-98e50d733022/ozone-meta/db.snapshots/checkpointState/om.db-8f0454d3-fe36-4a1f-bdb8-bc89632de0d4 for snapshot s20240226-091846.258
2024-02-26 09:18:46,293 [om1-OMStateMachineApplyTransactionThread - 0] INFO  bucket.OMBucketCreateRequest (OMBucketCreateRequest.java:validateAndUpdateCache(292)) - created bucket: bucket-b-0-05978 of layout OBJECT_STORE in volume: vol-b-95859
2024-02-26 09:18:46,293 [main] INFO  rpc.RpcClient (RpcClient.java:createBucket(691)) - Creating Bucket: vol-a-96936/bucket-b-1-72074, with server-side default bucket layout, runner as owner, Versioning false, Storage Type set to DISK and Encryption set to false, Replication Type set to server-side default replication type, Namespace Quota set to -1, Space Quota set to -1 
2024-02-26 09:18:46,294 [om1-OMStateMachineApplyTransactionThread - 0] INFO  bucket.OMBucketCreateRequest (OMBucketCreateRequest.java:validateAndUpdateCache(292)) - created bucket: bucket-b-1-72074 of layout OBJECT_STORE in volume: vol-a-96936
2024-02-26 09:18:46,311 [om1-OMStateMachineApplyTransactionThread - 0] WARN  snapshot.OMSnapshotCreateRequest (OMSnapshotCreateRequest.java:estimateBucketDataSize(337)) - DefaultReplicationConfig is not correctly set in OmBucketInfo for volume 'vol-a-96936' bucket 'bucket-b-1-72074'. Falling back to config default 'RATIS/THREE'
2024-02-26 09:18:46,311 [om1-OMDoubleBufferFlushThread] INFO  db.RDBCheckpointManager (RDBCheckpointManager.java:createCheckpoint(89)) - Created checkpoint in rocksDB at /home/runner/work/ozone/ozone/hadoop-ozone/integration-test/target/test-dir/MiniOzoneClusterImpl-0d79f430-b8c0-477e-97b7-98e50d733022/ozone-meta/db.snapshots/checkpointState/om.db-afd8206b-4f50-4026-b55c-2c5a9e0e912c in 15 milliseconds
2024-02-26 09:18:46,312 [om1-OMStateMachineApplyTransactionThread - 0] INFO  snapshot.OMSnapshotCreateRequest (OMSnapshotCreateRequest.java:validateAndUpdateCache(218)) - Created snapshot: 's20240226-091846.295' with snapshotId: 'e8affc06-6909-4502-8f82-dd8bb3f10135' under path 'vol-a-96936/bucket-b-1-72074'
2024-02-26 09:18:46,312 [om1-OMDoubleBufferFlushThread] INFO  om.OmSnapshotManager (OmSnapshotManager.java:createOmSnapshotCheckpoint(491)) - Created checkpoint : /home/runner/work/ozone/ozone/hadoop-ozone/integration-test/target/test-dir/MiniOzoneClusterImpl-0d79f430-b8c0-477e-97b7-98e50d733022/ozone-meta/db.snapshots/checkpointState/om.db-afd8206b-4f50-4026-b55c-2c5a9e0e912c for snapshot s20240226-091846.276
2024-02-26 09:18:46,312 [main] INFO  rpc.RpcClient (RpcClient.java:createBucket(691)) - Creating Bucket: vol-b-95859/bucket-b-1-98070, with server-side default bucket layout, runner as owner, Versioning false, Storage Type set to DISK and Encryption set to false, Replication Type set to server-side default replication type, Namespace Quota set to -1, Space Quota set to -1 
2024-02-26 09:18:46,314 [om1-OMStateMachineApplyTransactionThread - 0] INFO  bucket.OMBucketCreateRequest (OMBucketCreateRequest.java:validateAndUpdateCache(292)) - created bucket: bucket-b-1-98070 of layout OBJECT_STORE in volume: vol-b-95859
2024-02-26 09:18:46,314 [main] INFO  rpc.RpcClient (RpcClient.java:createBucket(691)) - Creating Bucket: vol-a-96936/bucket-b-2-41812, with server-side default bucket layout, runner as owner, Versioning false, Storage Type set to DISK and Encryption set to false, Replication Type set to server-side default replication type, Namespace Quota set to -1, Space Quota set to -1 
2024-02-26 09:18:46,316 [om1-OMStateMachineApplyTransactionThread - 0] INFO  bucket.OMBucketCreateRequest (OMBucketCreateRequest.java:validateAndUpdateCache(292)) - created bucket: bucket-b-2-41812 of layout OBJECT_STORE in volume: vol-a-96936
2024-02-26 09:18:46,329 [om1-OMDoubleBufferFlushThread] INFO  db.RDBCheckpointManager (RDBCheckpointManager.java:createCheckpoint(89)) - Created checkpoint in rocksDB at /home/runner/work/ozone/ozone/hadoop-ozone/integration-test/target/test-dir/MiniOzoneClusterImpl-0d79f430-b8c0-477e-97b7-98e50d733022/ozone-meta/db.snapshots/checkpointState/om.db-e8affc06-6909-4502-8f82-dd8bb3f10135 in 15 milliseconds
2024-02-26 09:18:46,330 [om1-OMDoubleBufferFlushThread] INFO  om.OmSnapshotManager (OmSnapshotManager.java:createOmSnapshotCheckpoint(491)) - Created checkpoint : /home/runner/work/ozone/ozone/hadoop-ozone/integration-test/target/test-dir/MiniOzoneClusterImpl-0d79f430-b8c0-477e-97b7-98e50d733022/ozone-meta/db.snapshots/checkpointState/om.db-e8affc06-6909-4502-8f82-dd8bb3f10135 for snapshot s20240226-091846.295
2024-02-26 09:18:46,331 [om1-OMStateMachineApplyTransactionThread - 0] WARN  snapshot.OMSnapshotCreateRequest (OMSnapshotCreateRequest.java:estimateBucketDataSize(337)) - DefaultReplicationConfig is not correctly set in OmBucketInfo for volume 'vol-a-96936' bucket 'bucket-b-2-41812'. Falling back to config default 'RATIS/THREE'
2024-02-26 09:18:46,331 [om1-OMStateMachineApplyTransactionThread - 0] INFO  snapshot.OMSnapshotCreateRequest (OMSnapshotCreateRequest.java:validateAndUpdateCache(218)) - Created snapshot: 's20240226-091846.317' with snapshotId: '2468af62-7756-4c1c-85cc-b3025fbb5213' under path 'vol-a-96936/bucket-b-2-41812'
2024-02-26 09:18:46,331 [main] INFO  rpc.RpcClient (RpcClient.java:createBucket(691)) - Creating Bucket: vol-b-95859/bucket-b-2-45229, with server-side default bucket layout, runner as owner, Versioning false, Storage Type set to DISK and Encryption set to false, Replication Type set to server-side default replication type, Namespace Quota set to -1, Space Quota set to -1 
2024-02-26 09:18:46,333 [om1-OMStateMachineApplyTransactionThread - 0] INFO  bucket.OMBucketCreateRequest (OMBucketCreateRequest.java:validateAndUpdateCache(292)) - created bucket: bucket-b-2-45229 of layout OBJECT_STORE in volume: vol-b-95859
2024-02-26 09:18:46,334 [main] INFO  rpc.RpcClient (RpcClient.java:createBucket(691)) - Creating Bucket: vol-a-96936/bucket-b-3-07683, with server-side default bucket layout, runner as owner, Versioning false, Storage Type set to DISK and Encryption set to false, Replication Type set to server-side default replication type, Namespace Quota set to -1, Space Quota set to -1 
2024-02-26 09:18:46,335 [om1-OMStateMachineApplyTransactionThread - 0] INFO  bucket.OMBucketCreateRequest (OMBucketCreateRequest.java:validateAndUpdateCache(292)) - created bucket: bucket-b-3-07683 of layout OBJECT_STORE in volume: vol-a-96936
2024-02-26 09:18:46,347 [om1-OMDoubleBufferFlushThread] INFO  db.RDBCheckpointManager (RDBCheckpointManager.java:createCheckpoint(89)) - Created checkpoint in rocksDB at /home/runner/work/ozone/ozone/hadoop-ozone/integration-test/target/test-dir/MiniOzoneClusterImpl-0d79f430-b8c0-477e-97b7-98e50d733022/ozone-meta/db.snapshots/checkpointState/om.db-2468af62-7756-4c1c-85cc-b3025fbb5213 in 14 milliseconds
2024-02-26 09:18:46,348 [om1-OMDoubleBufferFlushThread] INFO  om.OmSnapshotManager (OmSnapshotManager.java:createOmSnapshotCheckpoint(491)) - Created checkpoint : /home/runner/work/ozone/ozone/hadoop-ozone/integration-test/target/test-dir/MiniOzoneClusterImpl-0d79f430-b8c0-477e-97b7-98e50d733022/ozone-meta/db.snapshots/checkpointState/om.db-2468af62-7756-4c1c-85cc-b3025fbb5213 for snapshot s20240226-091846.317
2024-02-26 09:18:46,353 [om1-OMStateMachineApplyTransactionThread - 0] WARN  snapshot.OMSnapshotCreateRequest (OMSnapshotCreateRequest.java:estimateBucketDataSize(337)) - DefaultReplicationConfig is not correctly set in OmBucketInfo for volume 'vol-a-96936' bucket 'bucket-b-3-07683'. Falling back to config default 'RATIS/THREE'
2024-02-26 09:18:46,353 [om1-OMStateMachineApplyTransactionThread - 0] INFO  snapshot.OMSnapshotCreateRequest (OMSnapshotCreateRequest.java:validateAndUpdateCache(218)) - Created snapshot: 's20240226-091846.336' with snapshotId: 'b32d6299-15ec-4fff-a011-2b43f6937fa1' under path 'vol-a-96936/bucket-b-3-07683'
2024-02-26 09:18:46,354 [main] INFO  rpc.RpcClient (RpcClient.java:createBucket(691)) - Creating Bucket: vol-b-95859/bucket-b-3-13262, with server-side default bucket layout, runner as owner, Versioning false, Storage Type set to DISK and Encryption set to false, Replication Type set to server-side default replication type, Namespace Quota set to -1, Space Quota set to -1 
2024-02-26 09:18:46,355 [om1-OMStateMachineApplyTransactionThread - 0] INFO  bucket.OMBucketCreateRequest (OMBucketCreateRequest.java:validateAndUpdateCache(292)) - created bucket: bucket-b-3-13262 of layout OBJECT_STORE in volume: vol-b-95859
2024-02-26 09:18:46,356 [main] INFO  rpc.RpcClient (RpcClient.java:createBucket(691)) - Creating Bucket: vol-a-96936/bucket-b-4-46814, with server-side default bucket layout, runner as owner, Versioning false, Storage Type set to DISK and Encryption set to false, Replication Type set to server-side default replication type, Namespace Quota set to -1, Space Quota set to -1 
2024-02-26 09:18:46,357 [om1-OMStateMachineApplyTransactionThread - 0] INFO  bucket.OMBucketCreateRequest (OMBucketCreateRequest.java:validateAndUpdateCache(292)) - created bucket: bucket-b-4-46814 of layout OBJECT_STORE in volume: vol-a-96936
2024-02-26 09:18:46,373 [om1-OMStateMachineApplyTransactionThread - 0] WARN  snapshot.OMSnapshotCreateRequest (OMSnapshotCreateRequest.java:estimateBucketDataSize(337)) - DefaultReplicationConfig is not correctly set in OmBucketInfo for volume 'vol-a-96936' bucket 'bucket-b-4-46814'. Falling back to config default 'RATIS/THREE'
2024-02-26 09:18:46,373 [om1-OMStateMachineApplyTransactionThread - 0] INFO  snapshot.OMSnapshotCreateRequest (OMSnapshotCreateRequest.java:validateAndUpdateCache(218)) - Created snapshot: 's20240226-091846.358' with snapshotId: '3cc0207c-befe-42b0-9c60-b2294223dbfd' under path 'vol-a-96936/bucket-b-4-46814'
2024-02-26 09:18:46,374 [main] INFO  rpc.RpcClient (RpcClient.java:createBucket(691)) - Creating Bucket: vol-b-95859/bucket-b-4-80143, with server-side default bucket layout, runner as owner, Versioning false, Storage Type set to DISK and Encryption set to false, Replication Type set to server-side default replication type, Namespace Quota set to -1, Space Quota set to -1 
2024-02-26 09:18:46,375 [om1-OMStateMachineApplyTransactionThread - 0] INFO  bucket.OMBucketCreateRequest (OMBucketCreateRequest.java:validateAndUpdateCache(292)) - created bucket: bucket-b-4-80143 of layout OBJECT_STORE in volume: vol-b-95859
2024-02-26 09:18:46,376 [main] INFO  rpc.RpcClient (RpcClient.java:createBucket(691)) - Creating Bucket: vol-a-96936/bucket-b-5-55518, with server-side default bucket layout, runner as owner, Versioning false, Storage Type set to DISK and Encryption set to false, Replication Type set to server-side default replication type, Namespace Quota set to -1, Space Quota set to -1 
2024-02-26 09:18:46,376 [om1-OMDoubleBufferFlushThread] INFO  db.RDBCheckpointManager (RDBCheckpointManager.java:createCheckpoint(89)) - Created checkpoint in rocksDB at /home/runner/work/ozone/ozone/hadoop-ozone/integration-test/target/test-dir/MiniOzoneClusterImpl-0d79f430-b8c0-477e-97b7-98e50d733022/ozone-meta/db.snapshots/checkpointState/om.db-b32d6299-15ec-4fff-a011-2b43f6937fa1 in 22 milliseconds
2024-02-26 09:18:46,377 [om1-OMDoubleBufferFlushThread] INFO  om.OmSnapshotManager (OmSnapshotManager.java:createOmSnapshotCheckpoint(491)) - Created checkpoint : /home/runner/work/ozone/ozone/hadoop-ozone/integration-test/target/test-dir/MiniOzoneClusterImpl-0d79f430-b8c0-477e-97b7-98e50d733022/ozone-meta/db.snapshots/checkpointState/om.db-b32d6299-15ec-4fff-a011-2b43f6937fa1 for snapshot s20240226-091846.336
2024-02-26 09:18:46,377 [om1-OMStateMachineApplyTransactionThread - 0] INFO  bucket.OMBucketCreateRequest (OMBucketCreateRequest.java:validateAndUpdateCache(292)) - created bucket: bucket-b-5-55518 of layout OBJECT_STORE in volume: vol-a-96936
2024-02-26 09:18:46,392 [om1-OMStateMachineApplyTransactionThread - 0] WARN  snapshot.OMSnapshotCreateRequest (OMSnapshotCreateRequest.java:estimateBucketDataSize(337)) - DefaultReplicationConfig is not correctly set in OmBucketInfo for volume 'vol-a-96936' bucket 'bucket-b-5-55518'. Falling back to config default 'RATIS/THREE'
2024-02-26 09:18:46,393 [om1-OMStateMachineApplyTransactionThread - 0] INFO  snapshot.OMSnapshotCreateRequest (OMSnapshotCreateRequest.java:validateAndUpdateCache(218)) - Created snapshot: 's20240226-091846.378' with snapshotId: 'e2ad8107-7d16-4164-aca9-f8f3223b1d95' under path 'vol-a-96936/bucket-b-5-55518'
2024-02-26 09:18:46,393 [main] INFO  rpc.RpcClient (RpcClient.java:createBucket(691)) - Creating Bucket: vol-b-95859/bucket-b-5-87248, with server-side default bucket layout, runner as owner, Versioning false, Storage Type set to DISK and Encryption set to false, Replication Type set to server-side default replication type, Namespace Quota set to -1, Space Quota set to -1 
2024-02-26 09:18:46,395 [om1-OMStateMachineApplyTransactionThread - 0] INFO  bucket.OMBucketCreateRequest (OMBucketCreateRequest.java:validateAndUpdateCache(292)) - created bucket: bucket-b-5-87248 of layout OBJECT_STORE in volume: vol-b-95859
2024-02-26 09:18:46,395 [om1-OMDoubleBufferFlushThread] INFO  db.RDBCheckpointManager (RDBCheckpointManager.java:createCheckpoint(89)) - Created checkpoint in rocksDB at /home/runner/work/ozone/ozone/hadoop-ozone/integration-test/target/test-dir/MiniOzoneClusterImpl-0d79f430-b8c0-477e-97b7-98e50d733022/ozone-meta/db.snapshots/checkpointState/om.db-3cc0207c-befe-42b0-9c60-b2294223dbfd in 17 milliseconds
2024-02-26 09:18:46,395 [main] INFO  rpc.RpcClient (RpcClient.java:createBucket(691)) - Creating Bucket: vol-a-96936/bucket-b-6-34894, with server-side default bucket layout, runner as owner, Versioning false, Storage Type set to DISK and Encryption set to false, Replication Type set to server-side default replication type, Namespace Quota set to -1, Space Quota set to -1 
2024-02-26 09:18:46,396 [om1-OMDoubleBufferFlushThread] INFO  om.OmSnapshotManager (OmSnapshotManager.java:createOmSnapshotCheckpoint(491)) - Created checkpoint : /home/runner/work/ozone/ozone/hadoop-ozone/integration-test/target/test-dir/MiniOzoneClusterImpl-0d79f430-b8c0-477e-97b7-98e50d733022/ozone-meta/db.snapshots/checkpointState/om.db-3cc0207c-befe-42b0-9c60-b2294223dbfd for snapshot s20240226-091846.358
2024-02-26 09:18:46,402 [om1-OMStateMachineApplyTransactionThread - 0] INFO  bucket.OMBucketCreateRequest (OMBucketCreateRequest.java:validateAndUpdateCache(292)) - created bucket: bucket-b-6-34894 of layout OBJECT_STORE in volume: vol-a-96936
2024-02-26 09:18:46,414 [om1-OMDoubleBufferFlushThread] INFO  db.RDBCheckpointManager (RDBCheckpointManager.java:createCheckpoint(89)) - Created checkpoint in rocksDB at /home/runner/work/ozone/ozone/hadoop-ozone/integration-test/target/test-dir/MiniOzoneClusterImpl-0d79f430-b8c0-477e-97b7-98e50d733022/ozone-meta/db.snapshots/checkpointState/om.db-e2ad8107-7d16-4164-aca9-f8f3223b1d95 in 15 milliseconds
2024-02-26 09:18:46,415 [om1-OMDoubleBufferFlushThread] INFO  om.OmSnapshotManager (OmSnapshotManager.java:createOmSnapshotCheckpoint(491)) - Created checkpoint : /home/runner/work/ozone/ozone/hadoop-ozone/integration-test/target/test-dir/MiniOzoneClusterImpl-0d79f430-b8c0-477e-97b7-98e50d733022/ozone-meta/db.snapshots/checkpointState/om.db-e2ad8107-7d16-4164-aca9-f8f3223b1d95 for snapshot s20240226-091846.378
2024-02-26 09:18:46,418 [om1-OMStateMachineApplyTransactionThread - 0] WARN  snapshot.OMSnapshotCreateRequest (OMSnapshotCreateRequest.java:estimateBucketDataSize(337)) - DefaultReplicationConfig is not correctly set in OmBucketInfo for volume 'vol-a-96936' bucket 'bucket-b-6-34894'. Falling back to config default 'RATIS/THREE'
2024-02-26 09:18:46,418 [om1-OMStateMachineApplyTransactionThread - 0] INFO  snapshot.OMSnapshotCreateRequest (OMSnapshotCreateRequest.java:validateAndUpdateCache(218)) - Created snapshot: 's20240226-091846.404' with snapshotId: '3ff7b62a-5f02-418e-a760-febcb57354fb' under path 'vol-a-96936/bucket-b-6-34894'
2024-02-26 09:18:46,419 [main] INFO  rpc.RpcClient (RpcClient.java:createBucket(691)) - Creating Bucket: vol-b-95859/bucket-b-6-98209, with server-side default bucket layout, runner as owner, Versioning false, Storage Type set to DISK and Encryption set to false, Replication Type set to server-side default replication type, Namespace Quota set to -1, Space Quota set to -1 
2024-02-26 09:18:46,421 [om1-OMStateMachineApplyTransactionThread - 0] INFO  bucket.OMBucketCreateRequest (OMBucketCreateRequest.java:validateAndUpdateCache(292)) - created bucket: bucket-b-6-98209 of layout OBJECT_STORE in volume: vol-b-95859
2024-02-26 09:18:46,421 [main] INFO  rpc.RpcClient (RpcClient.java:createBucket(691)) - Creating Bucket: vol-a-96936/bucket-b-7-26234, with server-side default bucket layout, runner as owner, Versioning false, Storage Type set to DISK and Encryption set to false, Replication Type set to server-side default replication type, Namespace Quota set to -1, Space Quota set to -1 
2024-02-26 09:18:46,423 [om1-OMStateMachineApplyTransactionThread - 0] INFO  bucket.OMBucketCreateRequest (OMBucketCreateRequest.java:validateAndUpdateCache(292)) - created bucket: bucket-b-7-26234 of layout OBJECT_STORE in volume: vol-a-96936
2024-02-26 09:18:46,433 [om1-OMDoubleBufferFlushThread] INFO  db.RDBCheckpointManager (RDBCheckpointManager.java:createCheckpoint(89)) - Created checkpoint in rocksDB at /home/runner/work/ozone/ozone/hadoop-ozone/integration-test/target/test-dir/MiniOzoneClusterImpl-0d79f430-b8c0-477e-97b7-98e50d733022/ozone-meta/db.snapshots/checkpointState/om.db-3ff7b62a-5f02-418e-a760-febcb57354fb in 14 milliseconds
2024-02-26 09:18:46,434 [om1-OMDoubleBufferFlushThread] INFO  om.OmSnapshotManager (OmSnapshotManager.java:createOmSnapshotCheckpoint(491)) - Created checkpoint : /home/runner/work/ozone/ozone/hadoop-ozone/integration-test/target/test-dir/MiniOzoneClusterImpl-0d79f430-b8c0-477e-97b7-98e50d733022/ozone-meta/db.snapshots/checkpointState/om.db-3ff7b62a-5f02-418e-a760-febcb57354fb for snapshot s20240226-091846.404
2024-02-26 09:18:46,438 [om1-OMStateMachineApplyTransactionThread - 0] WARN  snapshot.OMSnapshotCreateRequest (OMSnapshotCreateRequest.java:estimateBucketDataSize(337)) - DefaultReplicationConfig is not correctly set in OmBucketInfo for volume 'vol-a-96936' bucket 'bucket-b-7-26234'. Falling back to config default 'RATIS/THREE'
2024-02-26 09:18:46,438 [om1-OMStateMachineApplyTransactionThread - 0] INFO  snapshot.OMSnapshotCreateRequest (OMSnapshotCreateRequest.java:validateAndUpdateCache(218)) - Created snapshot: 's20240226-091846.424' with snapshotId: '778afd5d-d3c1-405d-b84f-9374b64a791d' under path 'vol-a-96936/bucket-b-7-26234'
2024-02-26 09:18:46,438 [main] INFO  rpc.RpcClient (RpcClient.java:createBucket(691)) - Creating Bucket: vol-b-95859/bucket-b-7-75587, with server-side default bucket layout, runner as owner, Versioning false, Storage Type set to DISK and Encryption set to false, Replication Type set to server-side default replication type, Namespace Quota set to -1, Space Quota set to -1 
2024-02-26 09:18:46,440 [om1-OMStateMachineApplyTransactionThread - 0] INFO  bucket.OMBucketCreateRequest (OMBucketCreateRequest.java:validateAndUpdateCache(292)) - created bucket: bucket-b-7-75587 of layout OBJECT_STORE in volume: vol-b-95859
2024-02-26 09:18:46,440 [main] INFO  rpc.RpcClient (RpcClient.java:createBucket(691)) - Creating Bucket: vol-a-96936/bucket-b-8-47695, with server-side default bucket layout, runner as owner, Versioning false, Storage Type set to DISK and Encryption set to false, Replication Type set to server-side default replication type, Namespace Quota set to -1, Space Quota set to -1 
2024-02-26 09:18:46,441 [om1-OMStateMachineApplyTransactionThread - 0] INFO  bucket.OMBucketCreateRequest (OMBucketCreateRequest.java:validateAndUpdateCache(292)) - created bucket: bucket-b-8-47695 of layout OBJECT_STORE in volume: vol-a-96936
2024-02-26 09:18:46,456 [om1-OMStateMachineApplyTransactionThread - 0] WARN  snapshot.OMSnapshotCreateRequest (OMSnapshotCreateRequest.java:estimateBucketDataSize(337)) - DefaultReplicationConfig is not correctly set in OmBucketInfo for volume 'vol-a-96936' bucket 'bucket-b-8-47695'. Falling back to config default 'RATIS/THREE'
2024-02-26 09:18:46,456 [om1-OMStateMachineApplyTransactionThread - 0] INFO  snapshot.OMSnapshotCreateRequest (OMSnapshotCreateRequest.java:validateAndUpdateCache(218)) - Created snapshot: 's20240226-091846.442' with snapshotId: '8f221e1b-520f-4273-8501-ae0eda7dcd91' under path 'vol-a-96936/bucket-b-8-47695'
2024-02-26 09:18:46,457 [om1-OMDoubleBufferFlushThread] INFO  db.RDBCheckpointManager (RDBCheckpointManager.java:createCheckpoint(89)) - Created checkpoint in rocksDB at /home/runner/work/ozone/ozone/hadoop-ozone/integration-test/target/test-dir/MiniOzoneClusterImpl-0d79f430-b8c0-477e-97b7-98e50d733022/ozone-meta/db.snapshots/checkpointState/om.db-778afd5d-d3c1-405d-b84f-9374b64a791d in 18 milliseconds
2024-02-26 09:18:46,457 [main] INFO  rpc.RpcClient (RpcClient.java:createBucket(691)) - Creating Bucket: vol-b-95859/bucket-b-8-71063, with server-side default bucket layout, runner as owner, Versioning false, Storage Type set to DISK and Encryption set to false, Replication Type set to server-side default replication type, Namespace Quota set to -1, Space Quota set to -1 
2024-02-26 09:18:46,457 [om1-OMDoubleBufferFlushThread] INFO  om.OmSnapshotManager (OmSnapshotManager.java:createOmSnapshotCheckpoint(491)) - Created checkpoint : /home/runner/work/ozone/ozone/hadoop-ozone/integration-test/target/test-dir/MiniOzoneClusterImpl-0d79f430-b8c0-477e-97b7-98e50d733022/ozone-meta/db.snapshots/checkpointState/om.db-778afd5d-d3c1-405d-b84f-9374b64a791d for snapshot s20240226-091846.424
2024-02-26 09:18:46,458 [om1-OMStateMachineApplyTransactionThread - 0] INFO  bucket.OMBucketCreateRequest (OMBucketCreateRequest.java:validateAndUpdateCache(292)) - created bucket: bucket-b-8-71063 of layout OBJECT_STORE in volume: vol-b-95859
2024-02-26 09:18:46,459 [main] INFO  rpc.RpcClient (RpcClient.java:createBucket(691)) - Creating Bucket: vol-a-96936/bucket-b-9-90567, with server-side default bucket layout, runner as owner, Versioning false, Storage Type set to DISK and Encryption set to false, Replication Type set to server-side default replication type, Namespace Quota set to -1, Space Quota set to -1 
2024-02-26 09:18:46,460 [om1-OMStateMachineApplyTransactionThread - 0] INFO  bucket.OMBucketCreateRequest (OMBucketCreateRequest.java:validateAndUpdateCache(292)) - created bucket: bucket-b-9-90567 of layout OBJECT_STORE in volume: vol-a-96936
2024-02-26 09:18:46,474 [om1-OMDoubleBufferFlushThread] INFO  db.RDBCheckpointManager (RDBCheckpointManager.java:createCheckpoint(89)) - Created checkpoint in rocksDB at /home/runner/work/ozone/ozone/hadoop-ozone/integration-test/target/test-dir/MiniOzoneClusterImpl-0d79f430-b8c0-477e-97b7-98e50d733022/ozone-meta/db.snapshots/checkpointState/om.db-8f221e1b-520f-4273-8501-ae0eda7dcd91 in 14 milliseconds
2024-02-26 09:18:46,475 [om1-OMDoubleBufferFlushThread] INFO  om.OmSnapshotManager (OmSnapshotManager.java:createOmSnapshotCheckpoint(491)) - Created checkpoint : /home/runner/work/ozone/ozone/hadoop-ozone/integration-test/target/test-dir/MiniOzoneClusterImpl-0d79f430-b8c0-477e-97b7-98e50d733022/ozone-meta/db.snapshots/checkpointState/om.db-8f221e1b-520f-4273-8501-ae0eda7dcd91 for snapshot s20240226-091846.442
2024-02-26 09:18:46,475 [om1-OMStateMachineApplyTransactionThread - 0] WARN  snapshot.OMSnapshotCreateRequest (OMSnapshotCreateRequest.java:estimateBucketDataSize(337)) - DefaultReplicationConfig is not correctly set in OmBucketInfo for volume 'vol-a-96936' bucket 'bucket-b-9-90567'. Falling back to config default 'RATIS/THREE'
2024-02-26 09:18:46,476 [om1-OMStateMachineApplyTransactionThread - 0] INFO  snapshot.OMSnapshotCreateRequest (OMSnapshotCreateRequest.java:validateAndUpdateCache(218)) - Created snapshot: 's20240226-091846.461' with snapshotId: '723ff631-24c7-4b51-b787-6f211c56497e' under path 'vol-a-96936/bucket-b-9-90567'
2024-02-26 09:18:46,476 [main] INFO  rpc.RpcClient (RpcClient.java:createBucket(691)) - Creating Bucket: vol-b-95859/bucket-b-9-49178, with server-side default bucket layout, runner as owner, Versioning false, Storage Type set to DISK and Encryption set to false, Replication Type set to server-side default replication type, Namespace Quota set to -1, Space Quota set to -1 
2024-02-26 09:18:46,478 [om1-OMStateMachineApplyTransactionThread - 0] INFO  bucket.OMBucketCreateRequest (OMBucketCreateRequest.java:validateAndUpdateCache(292)) - created bucket: bucket-b-9-49178 of layout OBJECT_STORE in volume: vol-b-95859
2024-02-26 09:18:46,495 [om1-OMDoubleBufferFlushThread] INFO  db.RDBCheckpointManager (RDBCheckpointManager.java:createCheckpoint(89)) - Created checkpoint in rocksDB at /home/runner/work/ozone/ozone/hadoop-ozone/integration-test/target/test-dir/MiniOzoneClusterImpl-0d79f430-b8c0-477e-97b7-98e50d733022/ozone-meta/db.snapshots/checkpointState/om.db-723ff631-24c7-4b51-b787-6f211c56497e in 17 milliseconds
2024-02-26 09:18:46,496 [om1-OMDoubleBufferFlushThread] INFO  om.OmSnapshotManager (OmSnapshotManager.java:createOmSnapshotCheckpoint(491)) - Created checkpoint : /home/runner/work/ozone/ozone/hadoop-ozone/integration-test/target/test-dir/MiniOzoneClusterImpl-0d79f430-b8c0-477e-97b7-98e50d733022/ozone-meta/db.snapshots/checkpointState/om.db-723ff631-24c7-4b51-b787-6f211c56497e for snapshot s20240226-091846.461
]]></system-out>
  </testcase>
  <testcase name="testListBucketsOnEmptyVolume" classname="org.apache.hadoop.ozone.client.rpc.TestSecureOzoneRpcClient" time="0.004">
    <system-out><![CDATA[2024-02-26 09:18:46,507 [main] INFO  rpc.RpcClient (RpcClient.java:createVolume(465)) - Creating Volume: vol-empty, with runner as owner and space quota set to -1 bytes, counts quota set to -1
2024-02-26 09:18:46,509 [om1-OMStateMachineApplyTransactionThread - 0] INFO  volume.OMVolumeCreateRequest (OMVolumeCreateRequest.java:validateAndUpdateCache(198)) - created volume:vol-empty for user:runner
]]></system-out>
  </testcase>
  <testcase name="testListBucketsReplicationConfig" classname="org.apache.hadoop.ozone.client.rpc.TestSecureOzoneRpcClient" time="0.01">
    <system-out><![CDATA[2024-02-26 09:18:46,512 [main] INFO  rpc.RpcClient (RpcClient.java:createVolume(465)) - Creating Volume: d84abb12-42c3-4c78-851d-b72b7524b88f, with runner as owner and space quota set to -1 bytes, counts quota set to -1
2024-02-26 09:18:46,513 [om1-OMStateMachineApplyTransactionThread - 0] INFO  volume.OMVolumeCreateRequest (OMVolumeCreateRequest.java:validateAndUpdateCache(198)) - created volume:d84abb12-42c3-4c78-851d-b72b7524b88f for user:runner
2024-02-26 09:18:46,514 [main] INFO  rpc.RpcClient (RpcClient.java:createBucket(691)) - Creating Bucket: d84abb12-42c3-4c78-851d-b72b7524b88f/8e47d552-60e3-4192-82f7-ca7e4c6bb9da, with server-side default bucket layout, runner as owner, Versioning false, Storage Type set to DISK and Encryption set to false, Replication Type set to server-side default replication type, Namespace Quota set to -1, Space Quota set to -1 
2024-02-26 09:18:46,515 [om1-OMStateMachineApplyTransactionThread - 0] INFO  bucket.OMBucketCreateRequest (OMBucketCreateRequest.java:validateAndUpdateCache(292)) - created bucket: 8e47d552-60e3-4192-82f7-ca7e4c6bb9da of layout OBJECT_STORE in volume: d84abb12-42c3-4c78-851d-b72b7524b88f
2024-02-26 09:18:46,516 [main] INFO  rpc.RpcClient (RpcClient.java:createBucket(691)) - Creating Bucket: d84abb12-42c3-4c78-851d-b72b7524b88f/b80a35a2-1c45-4835-8ca9-f7b3ded215d8, with server-side default bucket layout, runner as owner, Versioning false, Storage Type set to DISK and Encryption set to false, Replication Type set to EC, Namespace Quota set to -1, Space Quota set to -1 
2024-02-26 09:18:46,518 [om1-OMStateMachineApplyTransactionThread - 0] INFO  bucket.OMBucketCreateRequest (OMBucketCreateRequest.java:validateAndUpdateCache(292)) - created bucket: b80a35a2-1c45-4835-8ca9-f7b3ded215d8 of layout OBJECT_STORE in volume: d84abb12-42c3-4c78-851d-b72b7524b88f
2024-02-26 09:18:46,519 [main] INFO  rpc.RpcClient (RpcClient.java:createBucket(691)) - Creating Bucket: d84abb12-42c3-4c78-851d-b72b7524b88f/3e0caf40-da62-4f87-a049-7f708280630a, with server-side default bucket layout, runner as owner, Versioning false, Storage Type set to DISK and Encryption set to false, Replication Type set to RATIS, Namespace Quota set to -1, Space Quota set to -1 
2024-02-26 09:18:46,520 [om1-OMStateMachineApplyTransactionThread - 0] INFO  bucket.OMBucketCreateRequest (OMBucketCreateRequest.java:validateAndUpdateCache(292)) - created bucket: 3e0caf40-da62-4f87-a049-7f708280630a of layout OBJECT_STORE in volume: d84abb12-42c3-4c78-851d-b72b7524b88f
]]></system-out>
  </testcase>
  <testcase name="testListKey" classname="org.apache.hadoop.ozone.client.rpc.TestSecureOzoneRpcClient" time="0.785">
    <system-out><![CDATA[2024-02-26 09:18:46,523 [main] INFO  rpc.RpcClient (RpcClient.java:createVolume(465)) - Creating Volume: vol-a-49606, with runner as owner and space quota set to -1 bytes, counts quota set to -1
2024-02-26 09:18:46,524 [om1-OMStateMachineApplyTransactionThread - 0] INFO  volume.OMVolumeCreateRequest (OMVolumeCreateRequest.java:validateAndUpdateCache(198)) - created volume:vol-a-49606 for user:runner
2024-02-26 09:18:46,524 [main] INFO  rpc.RpcClient (RpcClient.java:createVolume(465)) - Creating Volume: vol-b-30835, with runner as owner and space quota set to -1 bytes, counts quota set to -1
2024-02-26 09:18:46,526 [om1-OMStateMachineApplyTransactionThread - 0] INFO  volume.OMVolumeCreateRequest (OMVolumeCreateRequest.java:validateAndUpdateCache(198)) - created volume:vol-b-30835 for user:runner
2024-02-26 09:18:46,527 [main] INFO  rpc.RpcClient (RpcClient.java:createBucket(691)) - Creating Bucket: vol-a-49606/buc-a-55254, with server-side default bucket layout, runner as owner, Versioning false, Storage Type set to DISK and Encryption set to false, Replication Type set to server-side default replication type, Namespace Quota set to -1, Space Quota set to -1 
2024-02-26 09:18:46,529 [om1-OMStateMachineApplyTransactionThread - 0] INFO  bucket.OMBucketCreateRequest (OMBucketCreateRequest.java:validateAndUpdateCache(292)) - created bucket: buc-a-55254 of layout OBJECT_STORE in volume: vol-a-49606
2024-02-26 09:18:46,529 [main] INFO  rpc.RpcClient (RpcClient.java:createBucket(691)) - Creating Bucket: vol-a-49606/buc-b-27989, with server-side default bucket layout, runner as owner, Versioning false, Storage Type set to DISK and Encryption set to false, Replication Type set to server-side default replication type, Namespace Quota set to -1, Space Quota set to -1 
2024-02-26 09:18:46,530 [om1-OMStateMachineApplyTransactionThread - 0] INFO  bucket.OMBucketCreateRequest (OMBucketCreateRequest.java:validateAndUpdateCache(292)) - created bucket: buc-b-27989 of layout OBJECT_STORE in volume: vol-a-49606
2024-02-26 09:18:46,531 [main] INFO  rpc.RpcClient (RpcClient.java:createBucket(691)) - Creating Bucket: vol-b-30835/buc-a-55254, with server-side default bucket layout, runner as owner, Versioning false, Storage Type set to DISK and Encryption set to false, Replication Type set to server-side default replication type, Namespace Quota set to -1, Space Quota set to -1 
2024-02-26 09:18:46,532 [om1-OMStateMachineApplyTransactionThread - 0] INFO  bucket.OMBucketCreateRequest (OMBucketCreateRequest.java:validateAndUpdateCache(292)) - created bucket: buc-a-55254 of layout OBJECT_STORE in volume: vol-b-30835
2024-02-26 09:18:46,533 [main] INFO  rpc.RpcClient (RpcClient.java:createBucket(691)) - Creating Bucket: vol-b-30835/buc-b-27989, with server-side default bucket layout, runner as owner, Versioning false, Storage Type set to DISK and Encryption set to false, Replication Type set to server-side default replication type, Namespace Quota set to -1, Space Quota set to -1 
2024-02-26 09:18:46,534 [om1-OMStateMachineApplyTransactionThread - 0] INFO  bucket.OMBucketCreateRequest (OMBucketCreateRequest.java:validateAndUpdateCache(292)) - created bucket: buc-b-27989 of layout OBJECT_STORE in volume: vol-b-30835
]]></system-out>
  </testcase>
  <testcase name="testListKeyOnEmptyBucket" classname="org.apache.hadoop.ozone.client.rpc.TestSecureOzoneRpcClient" time="0.011">
    <system-out><![CDATA[2024-02-26 09:18:47,308 [main] INFO  rpc.RpcClient (RpcClient.java:createVolume(465)) - Creating Volume: vol-69815, with runner as owner and space quota set to -1 bytes, counts quota set to -1
2024-02-26 09:18:47,312 [om1-OMStateMachineApplyTransactionThread - 0] INFO  volume.OMVolumeCreateRequest (OMVolumeCreateRequest.java:validateAndUpdateCache(198)) - created volume:vol-69815 for user:runner
2024-02-26 09:18:47,314 [main] INFO  rpc.RpcClient (RpcClient.java:createBucket(691)) - Creating Bucket: vol-69815/buc-02456, with server-side default bucket layout, runner as owner, Versioning false, Storage Type set to DISK and Encryption set to false, Replication Type set to server-side default replication type, Namespace Quota set to -1, Space Quota set to -1 
2024-02-26 09:18:47,315 [om1-OMStateMachineApplyTransactionThread - 0] INFO  bucket.OMBucketCreateRequest (OMBucketCreateRequest.java:validateAndUpdateCache(292)) - created bucket: buc-02456 of layout OBJECT_STORE in volume: vol-69815
]]></system-out>
  </testcase>
  <testcase name="testListMultipartUploadParts(ReplicationConfig)[1]" classname="org.apache.hadoop.ozone.client.rpc.TestSecureOzoneRpcClient" time="0.153">
    <system-out><![CDATA[2024-02-26 09:18:47,320 [main] INFO  rpc.RpcClient (RpcClient.java:createVolume(465)) - Creating Volume: bf1243fc-27c6-4f63-bb69-5932f9081a29, with runner as owner and space quota set to -1 bytes, counts quota set to -1
2024-02-26 09:18:47,321 [om1-OMStateMachineApplyTransactionThread - 0] INFO  volume.OMVolumeCreateRequest (OMVolumeCreateRequest.java:validateAndUpdateCache(198)) - created volume:bf1243fc-27c6-4f63-bb69-5932f9081a29 for user:runner
2024-02-26 09:18:47,322 [main] INFO  rpc.RpcClient (RpcClient.java:createBucket(691)) - Creating Bucket: bf1243fc-27c6-4f63-bb69-5932f9081a29/0da90ea3-1023-499d-a34d-6978992cb42a, with server-side default bucket layout, runner as owner, Versioning false, Storage Type set to DISK and Encryption set to false, Replication Type set to server-side default replication type, Namespace Quota set to -1, Space Quota set to -1 
2024-02-26 09:18:47,323 [om1-OMStateMachineApplyTransactionThread - 0] INFO  bucket.OMBucketCreateRequest (OMBucketCreateRequest.java:validateAndUpdateCache(292)) - created bucket: 0da90ea3-1023-499d-a34d-6978992cb42a of layout OBJECT_STORE in volume: bf1243fc-27c6-4f63-bb69-5932f9081a29
2024-02-26 09:18:47,465 [IPC Server handler 17 on default port 15004] DEBUG db.CodecBuffer (CodecBuffer.java:setCapacity(329)) - setCapacity: 4096 -> 5810, max=2147483647
]]></system-out>
  </testcase>
  <testcase name="testListMultipartUploadParts(ReplicationConfig)[2]" classname="org.apache.hadoop.ozone.client.rpc.TestSecureOzoneRpcClient" time="0.217">
    <system-out><![CDATA[2024-02-26 09:18:47,473 [main] INFO  rpc.RpcClient (RpcClient.java:createVolume(465)) - Creating Volume: b0acf3f1-aee1-4696-9e7d-cd7d8085846e, with runner as owner and space quota set to -1 bytes, counts quota set to -1
2024-02-26 09:18:47,474 [om1-OMStateMachineApplyTransactionThread - 0] INFO  volume.OMVolumeCreateRequest (OMVolumeCreateRequest.java:validateAndUpdateCache(198)) - created volume:b0acf3f1-aee1-4696-9e7d-cd7d8085846e for user:runner
2024-02-26 09:18:47,475 [main] INFO  rpc.RpcClient (RpcClient.java:createBucket(691)) - Creating Bucket: b0acf3f1-aee1-4696-9e7d-cd7d8085846e/22d4500d-e9cf-4db2-aba9-da22ab1b9f68, with server-side default bucket layout, runner as owner, Versioning false, Storage Type set to DISK and Encryption set to false, Replication Type set to server-side default replication type, Namespace Quota set to -1, Space Quota set to -1 
2024-02-26 09:18:47,476 [om1-OMStateMachineApplyTransactionThread - 0] INFO  bucket.OMBucketCreateRequest (OMBucketCreateRequest.java:validateAndUpdateCache(292)) - created bucket: 22d4500d-e9cf-4db2-aba9-da22ab1b9f68 of layout OBJECT_STORE in volume: b0acf3f1-aee1-4696-9e7d-cd7d8085846e
2024-02-26 09:18:47,685 [om1-OMStateMachineApplyTransactionThread - 0] DEBUG db.CodecBuffer (CodecBuffer.java:setCapacity(329)) - setCapacity: 4096 -> 6610, max=2147483647
2024-02-26 09:18:47,687 [IPC Server handler 16 on default port 15004] DEBUG db.CodecBuffer (CodecBuffer.java:setCapacity(329)) - setCapacity: 4096 -> 9871, max=2147483647
]]></system-out>
  </testcase>
  <testcase name="testListMultipartUploadParts(ReplicationConfig)[3]" classname="org.apache.hadoop.ozone.client.rpc.TestSecureOzoneRpcClient" time="0.175">
    <system-out><![CDATA[2024-02-26 09:18:47,690 [main] INFO  rpc.RpcClient (RpcClient.java:createVolume(465)) - Creating Volume: 77984c0c-00eb-4ed4-94de-60a93e4b0ba1, with runner as owner and space quota set to -1 bytes, counts quota set to -1
2024-02-26 09:18:47,692 [om1-OMStateMachineApplyTransactionThread - 0] INFO  volume.OMVolumeCreateRequest (OMVolumeCreateRequest.java:validateAndUpdateCache(198)) - created volume:77984c0c-00eb-4ed4-94de-60a93e4b0ba1 for user:runner
2024-02-26 09:18:47,693 [main] INFO  rpc.RpcClient (RpcClient.java:createBucket(691)) - Creating Bucket: 77984c0c-00eb-4ed4-94de-60a93e4b0ba1/67d54bc1-2935-46ed-a0dc-10ba1d37a41f, with server-side default bucket layout, runner as owner, Versioning false, Storage Type set to DISK and Encryption set to false, Replication Type set to server-side default replication type, Namespace Quota set to -1, Space Quota set to -1 
2024-02-26 09:18:47,694 [om1-OMStateMachineApplyTransactionThread - 0] INFO  bucket.OMBucketCreateRequest (OMBucketCreateRequest.java:validateAndUpdateCache(292)) - created bucket: 67d54bc1-2935-46ed-a0dc-10ba1d37a41f of layout OBJECT_STORE in volume: 77984c0c-00eb-4ed4-94de-60a93e4b0ba1
2024-02-26 09:18:47,860 [om1-OMStateMachineApplyTransactionThread - 0] DEBUG db.CodecBuffer (CodecBuffer.java:setCapacity(329)) - setCapacity: 4096 -> 5034, max=2147483647
2024-02-26 09:18:47,862 [IPC Server handler 7 on default port 15004] DEBUG db.CodecBuffer (CodecBuffer.java:setCapacity(329)) - setCapacity: 4096 -> 7502, max=2147483647
]]></system-out>
  </testcase>
  <testcase name="testListMultipartUploadPartsWithContinuation(ReplicationConfig)[1]" classname="org.apache.hadoop.ozone.client.rpc.TestSecureOzoneRpcClient" time="0.137">
    <system-out><![CDATA[2024-02-26 09:18:47,868 [main] INFO  rpc.RpcClient (RpcClient.java:createVolume(465)) - Creating Volume: 90bcfd76-50f1-4570-9002-d3257c3365f1, with runner as owner and space quota set to -1 bytes, counts quota set to -1
2024-02-26 09:18:47,870 [om1-OMStateMachineApplyTransactionThread - 0] INFO  volume.OMVolumeCreateRequest (OMVolumeCreateRequest.java:validateAndUpdateCache(198)) - created volume:90bcfd76-50f1-4570-9002-d3257c3365f1 for user:runner
2024-02-26 09:18:47,871 [main] INFO  rpc.RpcClient (RpcClient.java:createBucket(691)) - Creating Bucket: 90bcfd76-50f1-4570-9002-d3257c3365f1/884f855b-ebb3-4c26-aed5-8cd718b3fbd4, with server-side default bucket layout, runner as owner, Versioning false, Storage Type set to DISK and Encryption set to false, Replication Type set to server-side default replication type, Namespace Quota set to -1, Space Quota set to -1 
2024-02-26 09:18:47,872 [om1-OMStateMachineApplyTransactionThread - 0] INFO  bucket.OMBucketCreateRequest (OMBucketCreateRequest.java:validateAndUpdateCache(292)) - created bucket: 884f855b-ebb3-4c26-aed5-8cd718b3fbd4 of layout OBJECT_STORE in volume: 90bcfd76-50f1-4570-9002-d3257c3365f1
2024-02-26 09:18:48,002 [IPC Server handler 5 on default port 15004] DEBUG db.CodecBuffer (CodecBuffer.java:setCapacity(329)) - setCapacity: 4096 -> 5806, max=2147483647
2024-02-26 09:18:48,003 [IPC Server handler 6 on default port 15004] DEBUG db.CodecBuffer (CodecBuffer.java:setCapacity(329)) - setCapacity: 4096 -> 5806, max=2147483647
]]></system-out>
  </testcase>
  <testcase name="testListMultipartUploadPartsWithContinuation(ReplicationConfig)[2]" classname="org.apache.hadoop.ozone.client.rpc.TestSecureOzoneRpcClient" time="0.222">
    <system-out><![CDATA[2024-02-26 09:18:48,006 [main] INFO  rpc.RpcClient (RpcClient.java:createVolume(465)) - Creating Volume: a73acfc7-4681-4261-9a8e-bf36c83e8ae8, with runner as owner and space quota set to -1 bytes, counts quota set to -1
2024-02-26 09:18:48,007 [om1-OMStateMachineApplyTransactionThread - 0] INFO  volume.OMVolumeCreateRequest (OMVolumeCreateRequest.java:validateAndUpdateCache(198)) - created volume:a73acfc7-4681-4261-9a8e-bf36c83e8ae8 for user:runner
2024-02-26 09:18:48,008 [main] INFO  rpc.RpcClient (RpcClient.java:createBucket(691)) - Creating Bucket: a73acfc7-4681-4261-9a8e-bf36c83e8ae8/17f47d87-f587-4bb9-909d-3b4fe853e029, with server-side default bucket layout, runner as owner, Versioning false, Storage Type set to DISK and Encryption set to false, Replication Type set to server-side default replication type, Namespace Quota set to -1, Space Quota set to -1 
2024-02-26 09:18:48,010 [om1-OMStateMachineApplyTransactionThread - 0] INFO  bucket.OMBucketCreateRequest (OMBucketCreateRequest.java:validateAndUpdateCache(292)) - created bucket: 17f47d87-f587-4bb9-909d-3b4fe853e029 of layout OBJECT_STORE in volume: a73acfc7-4681-4261-9a8e-bf36c83e8ae8
2024-02-26 09:18:48,223 [om1-OMStateMachineApplyTransactionThread - 0] DEBUG db.CodecBuffer (CodecBuffer.java:setCapacity(329)) - setCapacity: 4096 -> 6608, max=2147483647
2024-02-26 09:18:48,225 [IPC Server handler 1 on default port 15004] DEBUG db.CodecBuffer (CodecBuffer.java:setCapacity(329)) - setCapacity: 4096 -> 9871, max=2147483647
2024-02-26 09:18:48,226 [IPC Server handler 5 on default port 15004] DEBUG db.CodecBuffer (CodecBuffer.java:setCapacity(329)) - setCapacity: 4096 -> 9871, max=2147483647
]]></system-out>
  </testcase>
  <testcase name="testListMultipartUploadPartsWithContinuation(ReplicationConfig)[3]" classname="org.apache.hadoop.ozone.client.rpc.TestSecureOzoneRpcClient" time="0.178">
    <system-out><![CDATA[2024-02-26 09:18:48,229 [main] INFO  rpc.RpcClient (RpcClient.java:createVolume(465)) - Creating Volume: 4d17f587-daa3-49c2-bc35-9cdb609f7b6f, with runner as owner and space quota set to -1 bytes, counts quota set to -1
2024-02-26 09:18:48,230 [om1-OMStateMachineApplyTransactionThread - 0] INFO  volume.OMVolumeCreateRequest (OMVolumeCreateRequest.java:validateAndUpdateCache(198)) - created volume:4d17f587-daa3-49c2-bc35-9cdb609f7b6f for user:runner
2024-02-26 09:18:48,232 [main] INFO  rpc.RpcClient (RpcClient.java:createBucket(691)) - Creating Bucket: 4d17f587-daa3-49c2-bc35-9cdb609f7b6f/4087f8fe-4ef7-456e-845f-e7cb6fd73c6f, with server-side default bucket layout, runner as owner, Versioning false, Storage Type set to DISK and Encryption set to false, Replication Type set to server-side default replication type, Namespace Quota set to -1, Space Quota set to -1 
2024-02-26 09:18:48,233 [om1-OMStateMachineApplyTransactionThread - 0] INFO  bucket.OMBucketCreateRequest (OMBucketCreateRequest.java:validateAndUpdateCache(292)) - created bucket: 4087f8fe-4ef7-456e-845f-e7cb6fd73c6f of layout OBJECT_STORE in volume: 4d17f587-daa3-49c2-bc35-9cdb609f7b6f
2024-02-26 09:18:48,402 [om1-OMStateMachineApplyTransactionThread - 0] DEBUG db.CodecBuffer (CodecBuffer.java:setCapacity(329)) - setCapacity: 4096 -> 5031, max=2147483647
2024-02-26 09:18:48,404 [IPC Server handler 9 on default port 15004] DEBUG db.CodecBuffer (CodecBuffer.java:setCapacity(329)) - setCapacity: 4096 -> 7499, max=2147483647
2024-02-26 09:18:48,405 [IPC Server handler 0 on default port 15004] DEBUG db.CodecBuffer (CodecBuffer.java:setCapacity(329)) - setCapacity: 4096 -> 7499, max=2147483647
]]></system-out>
  </testcase>
  <testcase name="testListPartsInvalidInput(int, int, String)[1]" classname="org.apache.hadoop.ozone.client.rpc.TestSecureOzoneRpcClient" time="0.008">
    <system-out><![CDATA[2024-02-26 09:18:48,439 [main] INFO  rpc.RpcClient (RpcClient.java:createVolume(465)) - Creating Volume: 300e4ac6-4de5-44cb-b664-4f8d0de794e8, with runner as owner and space quota set to -1 bytes, counts quota set to -1
2024-02-26 09:18:48,441 [om1-OMStateMachineApplyTransactionThread - 0] INFO  volume.OMVolumeCreateRequest (OMVolumeCreateRequest.java:validateAndUpdateCache(198)) - created volume:300e4ac6-4de5-44cb-b664-4f8d0de794e8 for user:runner
2024-02-26 09:18:48,442 [main] INFO  rpc.RpcClient (RpcClient.java:createBucket(691)) - Creating Bucket: 300e4ac6-4de5-44cb-b664-4f8d0de794e8/fb2a28fe-6f43-4031-8c3b-795cf7f49618, with server-side default bucket layout, runner as owner, Versioning false, Storage Type set to DISK and Encryption set to false, Replication Type set to server-side default replication type, Namespace Quota set to -1, Space Quota set to -1 
2024-02-26 09:18:48,444 [om1-OMStateMachineApplyTransactionThread - 0] INFO  bucket.OMBucketCreateRequest (OMBucketCreateRequest.java:validateAndUpdateCache(292)) - created bucket: fb2a28fe-6f43-4031-8c3b-795cf7f49618 of layout OBJECT_STORE in volume: 300e4ac6-4de5-44cb-b664-4f8d0de794e8
]]></system-out>
  </testcase>
  <testcase name="testListPartsInvalidInput(int, int, String)[2]" classname="org.apache.hadoop.ozone.client.rpc.TestSecureOzoneRpcClient" time="0.005">
    <system-out><![CDATA[2024-02-26 09:18:48,447 [main] INFO  rpc.RpcClient (RpcClient.java:createVolume(465)) - Creating Volume: 48877e80-e7f3-416f-aaf0-6c8fd1c12c00, with runner as owner and space quota set to -1 bytes, counts quota set to -1
2024-02-26 09:18:48,449 [om1-OMStateMachineApplyTransactionThread - 0] INFO  volume.OMVolumeCreateRequest (OMVolumeCreateRequest.java:validateAndUpdateCache(198)) - created volume:48877e80-e7f3-416f-aaf0-6c8fd1c12c00 for user:runner
2024-02-26 09:18:48,449 [main] INFO  rpc.RpcClient (RpcClient.java:createBucket(691)) - Creating Bucket: 48877e80-e7f3-416f-aaf0-6c8fd1c12c00/6aeef87a-7327-42d4-a54a-9a89f1a656eb, with server-side default bucket layout, runner as owner, Versioning false, Storage Type set to DISK and Encryption set to false, Replication Type set to server-side default replication type, Namespace Quota set to -1, Space Quota set to -1 
2024-02-26 09:18:48,450 [om1-OMStateMachineApplyTransactionThread - 0] INFO  bucket.OMBucketCreateRequest (OMBucketCreateRequest.java:validateAndUpdateCache(292)) - created bucket: 6aeef87a-7327-42d4-a54a-9a89f1a656eb of layout OBJECT_STORE in volume: 48877e80-e7f3-416f-aaf0-6c8fd1c12c00
]]></system-out>
  </testcase>
  <testcase name="testListPartsWithInvalidUploadID" classname="org.apache.hadoop.ozone.client.rpc.TestSecureOzoneRpcClient" time="0.01">
    <system-out><![CDATA[2024-02-26 09:18:48,453 [main] INFO  rpc.RpcClient (RpcClient.java:createVolume(465)) - Creating Volume: 02a5085e-9ae4-4b3d-90f7-ef492114b1c9, with runner as owner and space quota set to -1 bytes, counts quota set to -1
2024-02-26 09:18:48,454 [om1-OMStateMachineApplyTransactionThread - 0] INFO  volume.OMVolumeCreateRequest (OMVolumeCreateRequest.java:validateAndUpdateCache(198)) - created volume:02a5085e-9ae4-4b3d-90f7-ef492114b1c9 for user:runner
2024-02-26 09:18:48,455 [main] INFO  rpc.RpcClient (RpcClient.java:createBucket(691)) - Creating Bucket: 02a5085e-9ae4-4b3d-90f7-ef492114b1c9/fd1efeb6-42bd-4fac-bde7-0bb352f5bb99, with server-side default bucket layout, runner as owner, Versioning false, Storage Type set to DISK and Encryption set to false, Replication Type set to server-side default replication type, Namespace Quota set to -1, Space Quota set to -1 
2024-02-26 09:18:48,456 [om1-OMStateMachineApplyTransactionThread - 0] INFO  bucket.OMBucketCreateRequest (OMBucketCreateRequest.java:validateAndUpdateCache(292)) - created bucket: fd1efeb6-42bd-4fac-bde7-0bb352f5bb99 of layout OBJECT_STORE in volume: 02a5085e-9ae4-4b3d-90f7-ef492114b1c9
09:18:48.459 [IPC Server handler 17 on default port 15004] ERROR OMAudit - user=runner | ip=127.0.0.1 | op=LIST_MULTIPART_UPLOAD_PARTS {volume=02a5085e-9ae4-4b3d-90f7-ef492114b1c9, bucket=fd1efeb6-42bd-4fac-bde7-0bb352f5bb99, key=b33c5610-1672-49bc-97bf-2c37f6bcbb65, uploadID=random, partNumberMarker=100, maxParts=2} | ret=FAILURE
org.apache.hadoop.ozone.om.exceptions.OMException: No Such Multipart upload exists for this key.
	at org.apache.hadoop.ozone.om.KeyManagerImpl.listParts(KeyManagerImpl.java:808) ~[ozone-manager-1.5.0-SNAPSHOT.jar:?]
	at org.apache.hadoop.ozone.om.OzoneManager.listParts(OzoneManager.java:3583) ~[ozone-manager-1.5.0-SNAPSHOT.jar:?]
	at org.apache.hadoop.ozone.protocolPB.OzoneManagerRequestHandler.listParts(OzoneManagerRequestHandler.java:957) ~[ozone-manager-1.5.0-SNAPSHOT.jar:?]
	at org.apache.hadoop.ozone.protocolPB.OzoneManagerRequestHandler.handleReadRequest(OzoneManagerRequestHandler.java:244) ~[ozone-manager-1.5.0-SNAPSHOT.jar:?]
	at org.apache.hadoop.ozone.protocolPB.OzoneManagerProtocolServerSideTranslatorPB.submitReadRequestToOM(OzoneManagerProtocolServerSideTranslatorPB.java:250) ~[ozone-manager-1.5.0-SNAPSHOT.jar:?]
	at org.apache.hadoop.ozone.protocolPB.OzoneManagerProtocolServerSideTranslatorPB.internalProcessRequest(OzoneManagerProtocolServerSideTranslatorPB.java:196) ~[ozone-manager-1.5.0-SNAPSHOT.jar:?]
	at org.apache.hadoop.ozone.protocolPB.OzoneManagerProtocolServerSideTranslatorPB.processRequest(OzoneManagerProtocolServerSideTranslatorPB.java:156) ~[ozone-manager-1.5.0-SNAPSHOT.jar:?]
	at org.apache.hadoop.hdds.server.OzoneProtocolMessageDispatcher.processRequest(OzoneProtocolMessageDispatcher.java:89) [hdds-server-framework-1.5.0-SNAPSHOT.jar:?]
	at org.apache.hadoop.ozone.protocolPB.OzoneManagerProtocolServerSideTranslatorPB.submitRequest(OzoneManagerProtocolServerSideTranslatorPB.java:147) [ozone-manager-1.5.0-SNAPSHOT.jar:?]
	at org.apache.hadoop.ozone.protocol.proto.OzoneManagerProtocolProtos$OzoneManagerService$2.callBlockingMethod(OzoneManagerProtocolProtos.java) [ozone-interface-client-1.5.0-SNAPSHOT.jar:?]
	at org.apache.hadoop.ipc.ProtobufRpcEngine$Server.processCall(ProtobufRpcEngine.java:484) [hadoop-common-3.3.6.jar:?]
	at org.apache.hadoop.ipc.ProtobufRpcEngine2$Server$ProtoBufRpcInvoker.call(ProtobufRpcEngine2.java:595) [hadoop-common-3.3.6.jar:?]
	at org.apache.hadoop.ipc.ProtobufRpcEngine2$Server$ProtoBufRpcInvoker.call(ProtobufRpcEngine2.java:573) [hadoop-common-3.3.6.jar:?]
	at org.apache.hadoop.ipc.RPC$Server.call(RPC.java:1227) [hadoop-common-3.3.6.jar:?]
	at org.apache.hadoop.ipc.Server$RpcCall.run(Server.java:1094) [hadoop-common-3.3.6.jar:?]
	at org.apache.hadoop.ipc.Server$RpcCall.run(Server.java:1017) [hadoop-common-3.3.6.jar:?]
	at java.security.AccessController.doPrivileged(Native Method) ~[?:1.8.0_402]
	at javax.security.auth.Subject.doAs(Subject.java:422) [?:1.8.0_402]
	at org.apache.hadoop.security.UserGroupInformation.doAs(UserGroupInformation.java:1899) [hadoop-common-3.3.6.jar:?]
	at org.apache.hadoop.ipc.Server$Handler.run(Server.java:3048) [hadoop-common-3.3.6.jar:?]
]]></system-out>
  </testcase>
  <testcase name="testListPartsWithPartMarkerGreaterThanPartCount" classname="org.apache.hadoop.ozone.client.rpc.TestSecureOzoneRpcClient" time="0.051">
    <system-out><![CDATA[2024-02-26 09:18:48,463 [main] INFO  rpc.RpcClient (RpcClient.java:createVolume(465)) - Creating Volume: fa9a6f27-637b-4d30-822f-1e8e92ce8c37, with runner as owner and space quota set to -1 bytes, counts quota set to -1
2024-02-26 09:18:48,464 [om1-OMStateMachineApplyTransactionThread - 0] INFO  volume.OMVolumeCreateRequest (OMVolumeCreateRequest.java:validateAndUpdateCache(198)) - created volume:fa9a6f27-637b-4d30-822f-1e8e92ce8c37 for user:runner
2024-02-26 09:18:48,465 [main] INFO  rpc.RpcClient (RpcClient.java:createBucket(691)) - Creating Bucket: fa9a6f27-637b-4d30-822f-1e8e92ce8c37/c8e2360a-a57c-4532-8921-cb3ae226a052, with server-side default bucket layout, runner as owner, Versioning false, Storage Type set to DISK and Encryption set to false, Replication Type set to server-side default replication type, Namespace Quota set to -1, Space Quota set to -1 
2024-02-26 09:18:48,466 [om1-OMStateMachineApplyTransactionThread - 0] INFO  bucket.OMBucketCreateRequest (OMBucketCreateRequest.java:validateAndUpdateCache(292)) - created bucket: c8e2360a-a57c-4532-8921-cb3ae226a052 of layout OBJECT_STORE in volume: fa9a6f27-637b-4d30-822f-1e8e92ce8c37
]]></system-out>
  </testcase>
  <testcase name="testListVolume" classname="org.apache.hadoop.ozone.client.rpc.TestSecureOzoneRpcClient" time="0.041">
    <system-out><![CDATA[2024-02-26 09:18:48,514 [main] INFO  rpc.RpcClient (RpcClient.java:createVolume(465)) - Creating Volume: vol-list-a-0-54416, with runner as owner and space quota set to -1 bytes, counts quota set to -1
2024-02-26 09:18:48,515 [om1-OMStateMachineApplyTransactionThread - 0] INFO  volume.OMVolumeCreateRequest (OMVolumeCreateRequest.java:validateAndUpdateCache(198)) - created volume:vol-list-a-0-54416 for user:runner
2024-02-26 09:18:48,516 [main] INFO  rpc.RpcClient (RpcClient.java:createVolume(465)) - Creating Volume: vol-list-a-1-16060, with runner as owner and space quota set to -1 bytes, counts quota set to -1
2024-02-26 09:18:48,517 [om1-OMStateMachineApplyTransactionThread - 0] INFO  volume.OMVolumeCreateRequest (OMVolumeCreateRequest.java:validateAndUpdateCache(198)) - created volume:vol-list-a-1-16060 for user:runner
2024-02-26 09:18:48,518 [main] INFO  rpc.RpcClient (RpcClient.java:createVolume(465)) - Creating Volume: vol-list-a-2-02363, with runner as owner and space quota set to -1 bytes, counts quota set to -1
2024-02-26 09:18:48,519 [om1-OMStateMachineApplyTransactionThread - 0] INFO  volume.OMVolumeCreateRequest (OMVolumeCreateRequest.java:validateAndUpdateCache(198)) - created volume:vol-list-a-2-02363 for user:runner
2024-02-26 09:18:48,519 [main] INFO  rpc.RpcClient (RpcClient.java:createVolume(465)) - Creating Volume: vol-list-a-3-13302, with runner as owner and space quota set to -1 bytes, counts quota set to -1
2024-02-26 09:18:48,520 [om1-OMStateMachineApplyTransactionThread - 0] INFO  volume.OMVolumeCreateRequest (OMVolumeCreateRequest.java:validateAndUpdateCache(198)) - created volume:vol-list-a-3-13302 for user:runner
2024-02-26 09:18:48,521 [main] INFO  rpc.RpcClient (RpcClient.java:createVolume(465)) - Creating Volume: vol-list-a-4-64328, with runner as owner and space quota set to -1 bytes, counts quota set to -1
2024-02-26 09:18:48,522 [om1-OMStateMachineApplyTransactionThread - 0] INFO  volume.OMVolumeCreateRequest (OMVolumeCreateRequest.java:validateAndUpdateCache(198)) - created volume:vol-list-a-4-64328 for user:runner
2024-02-26 09:18:48,522 [main] INFO  rpc.RpcClient (RpcClient.java:createVolume(465)) - Creating Volume: vol-list-a-5-67706, with runner as owner and space quota set to -1 bytes, counts quota set to -1
2024-02-26 09:18:48,523 [om1-OMStateMachineApplyTransactionThread - 0] INFO  volume.OMVolumeCreateRequest (OMVolumeCreateRequest.java:validateAndUpdateCache(198)) - created volume:vol-list-a-5-67706 for user:runner
2024-02-26 09:18:48,523 [main] INFO  rpc.RpcClient (RpcClient.java:createVolume(465)) - Creating Volume: vol-list-a-6-71567, with runner as owner and space quota set to -1 bytes, counts quota set to -1
2024-02-26 09:18:48,524 [om1-OMStateMachineApplyTransactionThread - 0] INFO  volume.OMVolumeCreateRequest (OMVolumeCreateRequest.java:validateAndUpdateCache(198)) - created volume:vol-list-a-6-71567 for user:runner
2024-02-26 09:18:48,525 [main] INFO  rpc.RpcClient (RpcClient.java:createVolume(465)) - Creating Volume: vol-list-a-7-97963, with runner as owner and space quota set to -1 bytes, counts quota set to -1
2024-02-26 09:18:48,526 [om1-OMStateMachineApplyTransactionThread - 0] INFO  volume.OMVolumeCreateRequest (OMVolumeCreateRequest.java:validateAndUpdateCache(198)) - created volume:vol-list-a-7-97963 for user:runner
2024-02-26 09:18:48,526 [main] INFO  rpc.RpcClient (RpcClient.java:createVolume(465)) - Creating Volume: vol-list-a-8-49114, with runner as owner and space quota set to -1 bytes, counts quota set to -1
2024-02-26 09:18:48,528 [om1-OMStateMachineApplyTransactionThread - 0] INFO  volume.OMVolumeCreateRequest (OMVolumeCreateRequest.java:validateAndUpdateCache(198)) - created volume:vol-list-a-8-49114 for user:runner
2024-02-26 09:18:48,530 [main] INFO  rpc.RpcClient (RpcClient.java:createVolume(465)) - Creating Volume: vol-list-a-9-43637, with runner as owner and space quota set to -1 bytes, counts quota set to -1
2024-02-26 09:18:48,531 [om1-OMStateMachineApplyTransactionThread - 0] INFO  volume.OMVolumeCreateRequest (OMVolumeCreateRequest.java:validateAndUpdateCache(198)) - created volume:vol-list-a-9-43637 for user:runner
2024-02-26 09:18:48,531 [main] INFO  rpc.RpcClient (RpcClient.java:createVolume(465)) - Creating Volume: vol-list-b-0-75670, with runner as owner and space quota set to -1 bytes, counts quota set to -1
2024-02-26 09:18:48,532 [om1-OMStateMachineApplyTransactionThread - 0] INFO  volume.OMVolumeCreateRequest (OMVolumeCreateRequest.java:validateAndUpdateCache(198)) - created volume:vol-list-b-0-75670 for user:runner
2024-02-26 09:18:48,533 [main] INFO  rpc.RpcClient (RpcClient.java:createVolume(465)) - Creating Volume: vol-list-b-1-09229, with runner as owner and space quota set to -1 bytes, counts quota set to -1
2024-02-26 09:18:48,534 [om1-OMStateMachineApplyTransactionThread - 0] INFO  volume.OMVolumeCreateRequest (OMVolumeCreateRequest.java:validateAndUpdateCache(198)) - created volume:vol-list-b-1-09229 for user:runner
2024-02-26 09:18:48,534 [main] INFO  rpc.RpcClient (RpcClient.java:createVolume(465)) - Creating Volume: vol-list-b-2-75441, with runner as owner and space quota set to -1 bytes, counts quota set to -1
2024-02-26 09:18:48,535 [om1-OMStateMachineApplyTransactionThread - 0] INFO  volume.OMVolumeCreateRequest (OMVolumeCreateRequest.java:validateAndUpdateCache(198)) - created volume:vol-list-b-2-75441 for user:runner
2024-02-26 09:18:48,536 [main] INFO  rpc.RpcClient (RpcClient.java:createVolume(465)) - Creating Volume: vol-list-b-3-36250, with runner as owner and space quota set to -1 bytes, counts quota set to -1
2024-02-26 09:18:48,537 [om1-OMStateMachineApplyTransactionThread - 0] INFO  volume.OMVolumeCreateRequest (OMVolumeCreateRequest.java:validateAndUpdateCache(198)) - created volume:vol-list-b-3-36250 for user:runner
2024-02-26 09:18:48,537 [main] INFO  rpc.RpcClient (RpcClient.java:createVolume(465)) - Creating Volume: vol-list-b-4-40791, with runner as owner and space quota set to -1 bytes, counts quota set to -1
2024-02-26 09:18:48,538 [om1-OMStateMachineApplyTransactionThread - 0] INFO  volume.OMVolumeCreateRequest (OMVolumeCreateRequest.java:validateAndUpdateCache(198)) - created volume:vol-list-b-4-40791 for user:runner
2024-02-26 09:18:48,539 [main] INFO  rpc.RpcClient (RpcClient.java:createVolume(465)) - Creating Volume: vol-list-b-5-71304, with runner as owner and space quota set to -1 bytes, counts quota set to -1
2024-02-26 09:18:48,540 [om1-OMStateMachineApplyTransactionThread - 0] INFO  volume.OMVolumeCreateRequest (OMVolumeCreateRequest.java:validateAndUpdateCache(198)) - created volume:vol-list-b-5-71304 for user:runner
2024-02-26 09:18:48,540 [main] INFO  rpc.RpcClient (RpcClient.java:createVolume(465)) - Creating Volume: vol-list-b-6-38831, with runner as owner and space quota set to -1 bytes, counts quota set to -1
2024-02-26 09:18:48,541 [om1-OMStateMachineApplyTransactionThread - 0] INFO  volume.OMVolumeCreateRequest (OMVolumeCreateRequest.java:validateAndUpdateCache(198)) - created volume:vol-list-b-6-38831 for user:runner
2024-02-26 09:18:48,542 [main] INFO  rpc.RpcClient (RpcClient.java:createVolume(465)) - Creating Volume: vol-list-b-7-43081, with runner as owner and space quota set to -1 bytes, counts quota set to -1
2024-02-26 09:18:48,543 [om1-OMStateMachineApplyTransactionThread - 0] INFO  volume.OMVolumeCreateRequest (OMVolumeCreateRequest.java:validateAndUpdateCache(198)) - created volume:vol-list-b-7-43081 for user:runner
2024-02-26 09:18:48,543 [main] INFO  rpc.RpcClient (RpcClient.java:createVolume(465)) - Creating Volume: vol-list-b-8-93421, with runner as owner and space quota set to -1 bytes, counts quota set to -1
2024-02-26 09:18:48,544 [om1-OMStateMachineApplyTransactionThread - 0] INFO  volume.OMVolumeCreateRequest (OMVolumeCreateRequest.java:validateAndUpdateCache(198)) - created volume:vol-list-b-8-93421 for user:runner
2024-02-26 09:18:48,545 [main] INFO  rpc.RpcClient (RpcClient.java:createVolume(465)) - Creating Volume: vol-list-b-9-95071, with runner as owner and space quota set to -1 bytes, counts quota set to -1
2024-02-26 09:18:48,546 [om1-OMStateMachineApplyTransactionThread - 0] INFO  volume.OMVolumeCreateRequest (OMVolumeCreateRequest.java:validateAndUpdateCache(198)) - created volume:vol-list-b-9-95071 for user:runner
]]></system-out>
  </testcase>
  <testcase name="testMissingParentBucketUsedNamespace(BucketLayout)[1]" classname="org.apache.hadoop.ozone.client.rpc.TestSecureOzoneRpcClient" time="0.013">
    <system-out><![CDATA[2024-02-26 09:18:48,557 [main] INFO  rpc.RpcClient (RpcClient.java:createVolume(465)) - Creating Volume: b1f010c4-9b75-49aa-99fd-d766265a44f3, with runner as owner and space quota set to -1 bytes, counts quota set to -1
2024-02-26 09:18:48,558 [om1-OMStateMachineApplyTransactionThread - 0] INFO  volume.OMVolumeCreateRequest (OMVolumeCreateRequest.java:validateAndUpdateCache(198)) - created volume:b1f010c4-9b75-49aa-99fd-d766265a44f3 for user:runner
2024-02-26 09:18:48,559 [main] INFO  rpc.RpcClient (RpcClient.java:createBucket(691)) - Creating Bucket: b1f010c4-9b75-49aa-99fd-d766265a44f3/6747df89-4d58-482d-a7b1-0dbb0704a1f7, with bucket layout OBJECT_STORE, runner as owner, Versioning false, Storage Type set to DISK and Encryption set to false, Replication Type set to server-side default replication type, Namespace Quota set to -1, Space Quota set to -1 
2024-02-26 09:18:48,560 [om1-OMStateMachineApplyTransactionThread - 0] INFO  bucket.OMBucketCreateRequest (OMBucketCreateRequest.java:validateAndUpdateCache(292)) - created bucket: 6747df89-4d58-482d-a7b1-0dbb0704a1f7 of layout OBJECT_STORE in volume: b1f010c4-9b75-49aa-99fd-d766265a44f3
]]></system-out>
  </testcase>
  <testcase name="testMissingParentBucketUsedNamespace(BucketLayout)[2]" classname="org.apache.hadoop.ozone.client.rpc.TestSecureOzoneRpcClient" time="0.017">
    <system-out><![CDATA[2024-02-26 09:18:48,569 [main] INFO  rpc.RpcClient (RpcClient.java:createVolume(465)) - Creating Volume: a8224465-eecd-4ee5-b48e-905048137d37, with runner as owner and space quota set to -1 bytes, counts quota set to -1
2024-02-26 09:18:48,571 [om1-OMStateMachineApplyTransactionThread - 0] INFO  volume.OMVolumeCreateRequest (OMVolumeCreateRequest.java:validateAndUpdateCache(198)) - created volume:a8224465-eecd-4ee5-b48e-905048137d37 for user:runner
2024-02-26 09:18:48,572 [main] INFO  rpc.RpcClient (RpcClient.java:createBucket(691)) - Creating Bucket: a8224465-eecd-4ee5-b48e-905048137d37/878d9f7a-d19e-4b90-84a1-7d5805a68265, with bucket layout LEGACY, runner as owner, Versioning false, Storage Type set to DISK and Encryption set to false, Replication Type set to server-side default replication type, Namespace Quota set to -1, Space Quota set to -1 
2024-02-26 09:18:48,573 [om1-OMStateMachineApplyTransactionThread - 0] INFO  bucket.OMBucketCreateRequest (OMBucketCreateRequest.java:validateAndUpdateCache(292)) - created bucket: 878d9f7a-d19e-4b90-84a1-7d5805a68265 of layout LEGACY in volume: a8224465-eecd-4ee5-b48e-905048137d37
]]></system-out>
  </testcase>
  <testcase name="testMissingParentBucketUsedNamespace(BucketLayout)[3]" classname="org.apache.hadoop.ozone.client.rpc.TestSecureOzoneRpcClient" time="0.016">
    <system-out><![CDATA[2024-02-26 09:18:48,587 [main] INFO  rpc.RpcClient (RpcClient.java:createVolume(465)) - Creating Volume: eea1d8fd-a78c-4943-a7a3-23481fd9da10, with runner as owner and space quota set to -1 bytes, counts quota set to -1
2024-02-26 09:18:48,588 [om1-OMStateMachineApplyTransactionThread - 0] INFO  volume.OMVolumeCreateRequest (OMVolumeCreateRequest.java:validateAndUpdateCache(198)) - created volume:eea1d8fd-a78c-4943-a7a3-23481fd9da10 for user:runner
2024-02-26 09:18:48,589 [main] INFO  rpc.RpcClient (RpcClient.java:createBucket(691)) - Creating Bucket: eea1d8fd-a78c-4943-a7a3-23481fd9da10/f72d7627-82a7-473f-9cfc-c2d52d9fba70, with bucket layout FILE_SYSTEM_OPTIMIZED, runner as owner, Versioning false, Storage Type set to DISK and Encryption set to false, Replication Type set to server-side default replication type, Namespace Quota set to -1, Space Quota set to -1 
2024-02-26 09:18:48,590 [om1-OMStateMachineApplyTransactionThread - 0] INFO  bucket.OMBucketCreateRequest (OMBucketCreateRequest.java:validateAndUpdateCache(292)) - created bucket: f72d7627-82a7-473f-9cfc-c2d52d9fba70 of layout FILE_SYSTEM_OPTIMIZED in volume: eea1d8fd-a78c-4943-a7a3-23481fd9da10
]]></system-out>
  </testcase>
  <testcase name="testMultipartPartNumberExceedingAllowedRange" classname="org.apache.hadoop.ozone.client.rpc.TestSecureOzoneRpcClient" time="0.014">
    <system-out><![CDATA[2024-02-26 09:18:48,603 [main] INFO  rpc.RpcClient (RpcClient.java:createVolume(465)) - Creating Volume: f92df3db-8bc4-432b-8c8d-f68e00cc0bc8, with runner as owner and space quota set to -1 bytes, counts quota set to -1
2024-02-26 09:18:48,605 [om1-OMStateMachineApplyTransactionThread - 0] INFO  volume.OMVolumeCreateRequest (OMVolumeCreateRequest.java:validateAndUpdateCache(198)) - created volume:f92df3db-8bc4-432b-8c8d-f68e00cc0bc8 for user:runner
2024-02-26 09:18:48,606 [main] INFO  rpc.RpcClient (RpcClient.java:createBucket(691)) - Creating Bucket: f92df3db-8bc4-432b-8c8d-f68e00cc0bc8/0a9eeb72-6def-4bab-8ac9-b66898c73dbb, with server-side default bucket layout, runner as owner, Versioning false, Storage Type set to DISK and Encryption set to false, Replication Type set to server-side default replication type, Namespace Quota set to -1, Space Quota set to -1 
2024-02-26 09:18:48,607 [om1-OMStateMachineApplyTransactionThread - 0] INFO  bucket.OMBucketCreateRequest (OMBucketCreateRequest.java:validateAndUpdateCache(292)) - created bucket: 0a9eeb72-6def-4bab-8ac9-b66898c73dbb of layout OBJECT_STORE in volume: f92df3db-8bc4-432b-8c8d-f68e00cc0bc8
]]></system-out>
  </testcase>
  <testcase name="testMultipartUploadOverride(ReplicationConfig)[1]" classname="org.apache.hadoop.ozone.client.rpc.TestSecureOzoneRpcClient" time="0.389">
    <system-out><![CDATA[2024-02-26 09:18:48,620 [main] INFO  rpc.RpcClient (RpcClient.java:createVolume(465)) - Creating Volume: f59ac79e-94c6-44d8-88d7-4723393a335a, with runner as owner and space quota set to -1 bytes, counts quota set to -1
2024-02-26 09:18:48,621 [om1-OMStateMachineApplyTransactionThread - 0] INFO  volume.OMVolumeCreateRequest (OMVolumeCreateRequest.java:validateAndUpdateCache(198)) - created volume:f59ac79e-94c6-44d8-88d7-4723393a335a for user:runner
2024-02-26 09:18:48,622 [main] INFO  rpc.RpcClient (RpcClient.java:createBucket(691)) - Creating Bucket: f59ac79e-94c6-44d8-88d7-4723393a335a/49caa96e-4b3f-480b-a7bc-b75124816ee3, with server-side default bucket layout, runner as owner, Versioning false, Storage Type set to DISK and Encryption set to false, Replication Type set to server-side default replication type, Namespace Quota set to -1, Space Quota set to -1 
2024-02-26 09:18:48,624 [om1-OMStateMachineApplyTransactionThread - 0] INFO  bucket.OMBucketCreateRequest (OMBucketCreateRequest.java:validateAndUpdateCache(292)) - created bucket: 49caa96e-4b3f-480b-a7bc-b75124816ee3 of layout OBJECT_STORE in volume: f59ac79e-94c6-44d8-88d7-4723393a335a
2024-02-26 09:18:48,725 [om1-OMStateMachineApplyTransactionThread - 0] DEBUG db.CodecBuffer (CodecBuffer.java:setCapacity(329)) - setCapacity: 4096 -> 5078, max=2147483647
2024-02-26 09:18:48,730 [IPC Server handler 32 on default port 15001] WARN  node.SCMNodeManager (SCMNodeManager.java:getNodesByAddress(1554)) - Cannot find node for address 127.0.0.1
2024-02-26 09:18:48,730 [IPC Server handler 31 on default port 15001] WARN  node.SCMNodeManager (SCMNodeManager.java:getNodesByAddress(1554)) - Cannot find node for address 127.0.0.1
2024-02-26 09:18:48,731 [IPC Server handler 35 on default port 15001] WARN  node.SCMNodeManager (SCMNodeManager.java:getNodesByAddress(1554)) - Cannot find node for address 127.0.0.1
2024-02-26 09:18:48,731 [IPC Server handler 16 on default port 15001] WARN  node.SCMNodeManager (SCMNodeManager.java:getNodesByAddress(1554)) - Cannot find node for address 127.0.0.1
2024-02-26 09:18:48,732 [IPC Server handler 13 on default port 15001] WARN  node.SCMNodeManager (SCMNodeManager.java:getNodesByAddress(1554)) - Cannot find node for address 127.0.0.1
2024-02-26 09:18:48,917 [om1-OMStateMachineApplyTransactionThread - 0] DEBUG db.CodecBuffer (CodecBuffer.java:setCapacity(329)) - setCapacity: 4096 -> 5072, max=2147483647
2024-02-26 09:18:48,921 [IPC Server handler 89 on default port 15001] WARN  node.SCMNodeManager (SCMNodeManager.java:getNodesByAddress(1554)) - Cannot find node for address 127.0.0.1
2024-02-26 09:18:48,922 [IPC Server handler 93 on default port 15001] WARN  node.SCMNodeManager (SCMNodeManager.java:getNodesByAddress(1554)) - Cannot find node for address 127.0.0.1
2024-02-26 09:18:48,923 [IPC Server handler 90 on default port 15001] WARN  node.SCMNodeManager (SCMNodeManager.java:getNodesByAddress(1554)) - Cannot find node for address 127.0.0.1
2024-02-26 09:18:48,923 [IPC Server handler 91 on default port 15001] WARN  node.SCMNodeManager (SCMNodeManager.java:getNodesByAddress(1554)) - Cannot find node for address 127.0.0.1
]]></system-out>
  </testcase>
  <testcase name="testMultipartUploadOverride(ReplicationConfig)[2]" classname="org.apache.hadoop.ozone.client.rpc.TestSecureOzoneRpcClient" time="0.51">
    <system-out><![CDATA[2024-02-26 09:18:49,010 [main] INFO  rpc.RpcClient (RpcClient.java:createVolume(465)) - Creating Volume: 68e05e37-72bb-4486-9759-3070f5d76725, with runner as owner and space quota set to -1 bytes, counts quota set to -1
2024-02-26 09:18:49,012 [om1-OMStateMachineApplyTransactionThread - 0] INFO  volume.OMVolumeCreateRequest (OMVolumeCreateRequest.java:validateAndUpdateCache(198)) - created volume:68e05e37-72bb-4486-9759-3070f5d76725 for user:runner
2024-02-26 09:18:49,013 [main] INFO  rpc.RpcClient (RpcClient.java:createBucket(691)) - Creating Bucket: 68e05e37-72bb-4486-9759-3070f5d76725/ad9cb77e-1b5b-4877-80ac-f0159d79170c, with server-side default bucket layout, runner as owner, Versioning false, Storage Type set to DISK and Encryption set to false, Replication Type set to server-side default replication type, Namespace Quota set to -1, Space Quota set to -1 
2024-02-26 09:18:49,014 [om1-OMStateMachineApplyTransactionThread - 0] INFO  bucket.OMBucketCreateRequest (OMBucketCreateRequest.java:validateAndUpdateCache(292)) - created bucket: ad9cb77e-1b5b-4877-80ac-f0159d79170c of layout OBJECT_STORE in volume: 68e05e37-72bb-4486-9759-3070f5d76725
2024-02-26 09:18:49,221 [om1-OMStateMachineApplyTransactionThread - 0] DEBUG db.CodecBuffer (CodecBuffer.java:setCapacity(329)) - setCapacity: 4096 -> 6611, max=2147483647
2024-02-26 09:18:49,227 [om1-OMStateMachineApplyTransactionThread - 0] DEBUG db.CodecBuffer (CodecBuffer.java:setCapacity(329)) - setCapacity: 4096 -> 8469, max=2147483647
2024-02-26 09:18:49,231 [IPC Server handler 2 on default port 15001] WARN  node.SCMNodeManager (SCMNodeManager.java:getNodesByAddress(1554)) - Cannot find node for address 127.0.0.1
2024-02-26 09:18:49,232 [IPC Server handler 5 on default port 15001] WARN  node.SCMNodeManager (SCMNodeManager.java:getNodesByAddress(1554)) - Cannot find node for address 127.0.0.1
2024-02-26 09:18:49,425 [om1-OMStateMachineApplyTransactionThread - 0] DEBUG db.CodecBuffer (CodecBuffer.java:setCapacity(329)) - setCapacity: 4096 -> 6611, max=2147483647
2024-02-26 09:18:49,427 [om1-OMStateMachineApplyTransactionThread - 0] DEBUG db.CodecBuffer (CodecBuffer.java:setCapacity(329)) - setCapacity: 4096 -> 8468, max=2147483647
2024-02-26 09:18:49,433 [IPC Server handler 17 on default port 15001] WARN  node.SCMNodeManager (SCMNodeManager.java:getNodesByAddress(1554)) - Cannot find node for address 127.0.0.1
2024-02-26 09:18:49,433 [IPC Server handler 18 on default port 15001] WARN  node.SCMNodeManager (SCMNodeManager.java:getNodesByAddress(1554)) - Cannot find node for address 127.0.0.1
2024-02-26 09:18:49,434 [IPC Server handler 81 on default port 15001] WARN  node.SCMNodeManager (SCMNodeManager.java:getNodesByAddress(1554)) - Cannot find node for address 127.0.0.1
]]></system-out>
  </testcase>
  <testcase name="testMultipartUploadOverride(ReplicationConfig)[3]" classname="org.apache.hadoop.ozone.client.rpc.TestSecureOzoneRpcClient" time="0.586">
    <system-out><![CDATA[2024-02-26 09:18:49,520 [main] INFO  rpc.RpcClient (RpcClient.java:createVolume(465)) - Creating Volume: 23e3d058-856a-4376-9a8c-cdce7624df3c, with runner as owner and space quota set to -1 bytes, counts quota set to -1
2024-02-26 09:18:49,522 [om1-OMStateMachineApplyTransactionThread - 0] INFO  volume.OMVolumeCreateRequest (OMVolumeCreateRequest.java:validateAndUpdateCache(198)) - created volume:23e3d058-856a-4376-9a8c-cdce7624df3c for user:runner
2024-02-26 09:18:49,523 [main] INFO  rpc.RpcClient (RpcClient.java:createBucket(691)) - Creating Bucket: 23e3d058-856a-4376-9a8c-cdce7624df3c/c24075de-a877-4669-b65f-b8fded3cdb3f, with server-side default bucket layout, runner as owner, Versioning false, Storage Type set to DISK and Encryption set to false, Replication Type set to server-side default replication type, Namespace Quota set to -1, Space Quota set to -1 
2024-02-26 09:18:49,525 [om1-OMStateMachineApplyTransactionThread - 0] INFO  bucket.OMBucketCreateRequest (OMBucketCreateRequest.java:validateAndUpdateCache(292)) - created bucket: c24075de-a877-4669-b65f-b8fded3cdb3f of layout OBJECT_STORE in volume: 23e3d058-856a-4376-9a8c-cdce7624df3c
2024-02-26 09:18:49,630 [om1-OMStateMachineApplyTransactionThread - 0] DEBUG db.CodecBuffer (CodecBuffer.java:setCapacity(329)) - setCapacity: 4096 -> 5033, max=2147483647
2024-02-26 09:18:49,633 [om1-OMStateMachineApplyTransactionThread - 0] DEBUG db.CodecBuffer (CodecBuffer.java:setCapacity(329)) - setCapacity: 4096 -> 7496, max=2147483647
2024-02-26 09:18:49,638 [IPC Server handler 24 on default port 15001] WARN  node.SCMNodeManager (SCMNodeManager.java:getNodesByAddress(1554)) - Cannot find node for address 127.0.0.1
2024-02-26 09:18:49,639 [IPC Server handler 78 on default port 15001] WARN  node.SCMNodeManager (SCMNodeManager.java:getNodesByAddress(1554)) - Cannot find node for address 127.0.0.1
2024-02-26 09:18:50,025 [om1-OMStateMachineApplyTransactionThread - 0] DEBUG db.CodecBuffer (CodecBuffer.java:setCapacity(329)) - setCapacity: 4096 -> 5031, max=2147483647
2024-02-26 09:18:50,028 [om1-OMStateMachineApplyTransactionThread - 0] DEBUG db.CodecBuffer (CodecBuffer.java:setCapacity(329)) - setCapacity: 4096 -> 7492, max=2147483647
2024-02-26 09:18:50,034 [IPC Server handler 39 on default port 15001] WARN  node.SCMNodeManager (SCMNodeManager.java:getNodesByAddress(1554)) - Cannot find node for address 127.0.0.1
2024-02-26 09:18:50,034 [IPC Server handler 33 on default port 15001] WARN  node.SCMNodeManager (SCMNodeManager.java:getNodesByAddress(1554)) - Cannot find node for address 127.0.0.1
]]></system-out>
  </testcase>
  <testcase name="testMultipartUploadWithACL" classname="org.apache.hadoop.ozone.client.rpc.TestSecureOzoneRpcClient" time="0.288">
    <system-out><![CDATA[2024-02-26 09:18:50,107 [main] INFO  rpc.RpcClient (RpcClient.java:createVolume(465)) - Creating Volume: fb9d320c-52d3-437e-a4e6-2a670bd7613d, with runner as owner and space quota set to -1 bytes, counts quota set to -1
2024-02-26 09:18:50,109 [om1-OMStateMachineApplyTransactionThread - 0] INFO  volume.OMVolumeCreateRequest (OMVolumeCreateRequest.java:validateAndUpdateCache(198)) - created volume:fb9d320c-52d3-437e-a4e6-2a670bd7613d for user:runner
2024-02-26 09:18:50,110 [main] INFO  rpc.RpcClient (RpcClient.java:createBucket(691)) - Creating Bucket: fb9d320c-52d3-437e-a4e6-2a670bd7613d/f86998e9-ed5a-444d-a7e5-88b7bc05d162, with bucket layout OBJECT_STORE, runner as owner, Versioning false, Storage Type set to DISK and Encryption set to false, Replication Type set to server-side default replication type, Namespace Quota set to -1, Space Quota set to -1 
2024-02-26 09:18:50,113 [om1-OMStateMachineApplyTransactionThread - 0] INFO  bucket.OMBucketCreateRequest (OMBucketCreateRequest.java:validateAndUpdateCache(292)) - created bucket: f86998e9-ed5a-444d-a7e5-88b7bc05d162 of layout OBJECT_STORE in volume: fb9d320c-52d3-437e-a4e6-2a670bd7613d
2024-02-26 09:18:50,228 [om1-OMStateMachineApplyTransactionThread - 0] DEBUG db.CodecBuffer (CodecBuffer.java:setCapacity(329)) - setCapacity: 4096 -> 5178, max=2147483647
2024-02-26 09:18:50,232 [IPC Server handler 5 on default port 15001] WARN  node.SCMNodeManager (SCMNodeManager.java:getNodesByAddress(1554)) - Cannot find node for address 127.0.0.1
2024-02-26 09:18:50,232 [IPC Server handler 20 on default port 15001] WARN  node.SCMNodeManager (SCMNodeManager.java:getNodesByAddress(1554)) - Cannot find node for address 127.0.0.1
2024-02-26 09:18:50,233 [IPC Server handler 19 on default port 15001] WARN  node.SCMNodeManager (SCMNodeManager.java:getNodesByAddress(1554)) - Cannot find node for address 127.0.0.1
2024-02-26 09:18:50,300 [main] INFO  protocolPB.OmTransportFactory (OmTransportFactory.java:createFactory(62)) - Loading OM transport implementation org.apache.hadoop.ozone.om.protocolPB.Hadoop3OmTransportFactory as specified by configuration.
2024-02-26 09:18:50,334 [IPC Server handler 7 on default port 15004] WARN  om.OzoneManager (OmMetadataReader.java:checkAcls(555)) - User test-user doesn't have CREATE permission to access key Volume:fb9d320c-52d3-437e-a4e6-2a670bd7613d Bucket:f86998e9-ed5a-444d-a7e5-88b7bc05d162 Key:f4cb63b0-c279-4405-9486-c112964c6668
2024-02-26 09:18:50,393 [IPC Server handler 4 on default port 15004] WARN  om.OzoneManager (OmMetadataReader.java:checkAcls(555)) - User test-user doesn't have READ permission to access key Volume:fb9d320c-52d3-437e-a4e6-2a670bd7613d Bucket:f86998e9-ed5a-444d-a7e5-88b7bc05d162 Key:3c85c73c-f182-485b-91e2-c68a4d21acc9
09:18:50.393 [IPC Server handler 4 on default port 15004] ERROR OMAudit - user=test-user | ip=127.0.0.1 | op=READ_KEY {volume=fb9d320c-52d3-437e-a4e6-2a670bd7613d, bucket=f86998e9-ed5a-444d-a7e5-88b7bc05d162, key=3c85c73c-f182-485b-91e2-c68a4d21acc9, dataSize=0, replicationConfig=null} | ret=FAILURE
org.apache.hadoop.ozone.om.exceptions.OMException: User test-user doesn't have READ permission to access key Volume:fb9d320c-52d3-437e-a4e6-2a670bd7613d Bucket:f86998e9-ed5a-444d-a7e5-88b7bc05d162 Key:3c85c73c-f182-485b-91e2-c68a4d21acc9
	at org.apache.hadoop.ozone.om.OmMetadataReader.checkAcls(OmMetadataReader.java:558) ~[ozone-manager-1.5.0-SNAPSHOT.jar:?]
	at org.apache.hadoop.ozone.om.OmMetadataReader.checkAcls(OmMetadataReader.java:533) ~[ozone-manager-1.5.0-SNAPSHOT.jar:?]
	at org.apache.hadoop.ozone.om.OzoneAclUtils.checkAllAcls(OzoneAclUtils.java:123) ~[ozone-manager-1.5.0-SNAPSHOT.jar:?]
	at org.apache.hadoop.ozone.om.OmMetadataReader.checkAcls(OmMetadataReader.java:495) ~[ozone-manager-1.5.0-SNAPSHOT.jar:?]
	at org.apache.hadoop.ozone.om.OmMetadataReader.lambda$3(OmMetadataReader.java:183) ~[ozone-manager-1.5.0-SNAPSHOT.jar:?]
	at org.apache.hadoop.util.MetricUtil.captureLatencyNs(MetricUtil.java:56) ~[hdds-common-1.5.0-SNAPSHOT.jar:?]
	at org.apache.hadoop.ozone.om.OmMetadataReader.getKeyInfo(OmMetadataReader.java:182) ~[ozone-manager-1.5.0-SNAPSHOT.jar:?]
	at org.apache.hadoop.ozone.om.OzoneManager.getKeyInfo(OzoneManager.java:2865) ~[ozone-manager-1.5.0-SNAPSHOT.jar:?]
	at org.apache.hadoop.ozone.protocolPB.OzoneManagerRequestHandler.getKeyInfo(OzoneManagerRequestHandler.java:641) ~[ozone-manager-1.5.0-SNAPSHOT.jar:?]
	at org.apache.hadoop.ozone.protocolPB.OzoneManagerRequestHandler.handleReadRequest(OzoneManagerRequestHandler.java:328) ~[ozone-manager-1.5.0-SNAPSHOT.jar:?]
	at org.apache.hadoop.ozone.protocolPB.OzoneManagerProtocolServerSideTranslatorPB.submitReadRequestToOM(OzoneManagerProtocolServerSideTranslatorPB.java:250) ~[ozone-manager-1.5.0-SNAPSHOT.jar:?]
	at org.apache.hadoop.ozone.protocolPB.OzoneManagerProtocolServerSideTranslatorPB.internalProcessRequest(OzoneManagerProtocolServerSideTranslatorPB.java:196) ~[ozone-manager-1.5.0-SNAPSHOT.jar:?]
	at org.apache.hadoop.ozone.protocolPB.OzoneManagerProtocolServerSideTranslatorPB.processRequest(OzoneManagerProtocolServerSideTranslatorPB.java:156) ~[ozone-manager-1.5.0-SNAPSHOT.jar:?]
	at org.apache.hadoop.hdds.server.OzoneProtocolMessageDispatcher.processRequest(OzoneProtocolMessageDispatcher.java:89) [hdds-server-framework-1.5.0-SNAPSHOT.jar:?]
	at org.apache.hadoop.ozone.protocolPB.OzoneManagerProtocolServerSideTranslatorPB.submitRequest(OzoneManagerProtocolServerSideTranslatorPB.java:147) [ozone-manager-1.5.0-SNAPSHOT.jar:?]
	at org.apache.hadoop.ozone.protocol.proto.OzoneManagerProtocolProtos$OzoneManagerService$2.callBlockingMethod(OzoneManagerProtocolProtos.java) [ozone-interface-client-1.5.0-SNAPSHOT.jar:?]
	at org.apache.hadoop.ipc.ProtobufRpcEngine$Server.processCall(ProtobufRpcEngine.java:484) [hadoop-common-3.3.6.jar:?]
	at org.apache.hadoop.ipc.ProtobufRpcEngine2$Server$ProtoBufRpcInvoker.call(ProtobufRpcEngine2.java:595) [hadoop-common-3.3.6.jar:?]
	at org.apache.hadoop.ipc.ProtobufRpcEngine2$Server$ProtoBufRpcInvoker.call(ProtobufRpcEngine2.java:573) [hadoop-common-3.3.6.jar:?]
	at org.apache.hadoop.ipc.RPC$Server.call(RPC.java:1227) [hadoop-common-3.3.6.jar:?]
	at org.apache.hadoop.ipc.Server$RpcCall.run(Server.java:1094) [hadoop-common-3.3.6.jar:?]
	at org.apache.hadoop.ipc.Server$RpcCall.run(Server.java:1017) [hadoop-common-3.3.6.jar:?]
	at java.security.AccessController.doPrivileged(Native Method) ~[?:1.8.0_402]
	at javax.security.auth.Subject.doAs(Subject.java:422) [?:1.8.0_402]
	at org.apache.hadoop.security.UserGroupInformation.doAs(UserGroupInformation.java:1899) [hadoop-common-3.3.6.jar:?]
	at org.apache.hadoop.ipc.Server$Handler.run(Server.java:3048) [hadoop-common-3.3.6.jar:?]
]]></system-out>
  </testcase>
  <testcase name="testMultipartUploadWithMissingParts" classname="org.apache.hadoop.ozone.client.rpc.TestSecureOzoneRpcClient" time="0.019">
    <system-out><![CDATA[2024-02-26 09:18:50,396 [main] INFO  rpc.RpcClient (RpcClient.java:createVolume(465)) - Creating Volume: c17568da-1b66-42b5-a253-afe0a335643a, with runner as owner and space quota set to -1 bytes, counts quota set to -1
2024-02-26 09:18:50,397 [om1-OMStateMachineApplyTransactionThread - 0] INFO  volume.OMVolumeCreateRequest (OMVolumeCreateRequest.java:validateAndUpdateCache(198)) - created volume:c17568da-1b66-42b5-a253-afe0a335643a for user:runner
2024-02-26 09:18:50,398 [main] INFO  rpc.RpcClient (RpcClient.java:createBucket(691)) - Creating Bucket: c17568da-1b66-42b5-a253-afe0a335643a/7ced4b81-6ac7-4119-b8ee-3e6289889b93, with server-side default bucket layout, runner as owner, Versioning false, Storage Type set to DISK and Encryption set to false, Replication Type set to server-side default replication type, Namespace Quota set to -1, Space Quota set to -1 
2024-02-26 09:18:50,400 [om1-OMStateMachineApplyTransactionThread - 0] INFO  bucket.OMBucketCreateRequest (OMBucketCreateRequest.java:validateAndUpdateCache(292)) - created bucket: 7ced4b81-6ac7-4119-b8ee-3e6289889b93 of layout OBJECT_STORE in volume: c17568da-1b66-42b5-a253-afe0a335643a
09:18:50.412 [om1-OMStateMachineApplyTransactionThread - 0] ERROR OMAudit - user=runner | ip=127.0.0.1 | op=COMPLETE_MULTIPART_UPLOAD {volume=c17568da-1b66-42b5-a253-afe0a335643a, bucket=7ced4b81-6ac7-4119-b8ee-3e6289889b93, key=72d486d5-1be1-4e21-9ed0-e9fe15912d6a, dataSize=0, replicationType=NONE, replicationFactor=ZERO, multipartList=[partNumber: 3 partName: "7ddf32e17a6ac5ce04a8ecbf782ca509" eTag: "7ddf32e17a6ac5ce04a8ecbf782ca509" ]} | ret=FAILURE
org.apache.hadoop.ozone.om.exceptions.OMException: Complete Multipart Upload Failed: volume: c17568da-1b66-42b5-a253-afe0a335643a bucket: 7ced4b81-6ac7-4119-b8ee-3e6289889b93 key: 72d486d5-1be1-4e21-9ed0-e9fe15912d6a. Provided Part info is { 7ddf32e17a6ac5ce04a8ecbf782ca509, 3}, whereas OM has eTag null
	at org.apache.hadoop.ozone.om.request.s3.multipart.S3MultipartUploadCompleteRequest.getMultipartDataSize(S3MultipartUploadCompleteRequest.java:531) ~[ozone-manager-1.5.0-SNAPSHOT.jar:?]
	at org.apache.hadoop.ozone.om.request.s3.multipart.S3MultipartUploadCompleteRequest.validateAndUpdateCache(S3MultipartUploadCompleteRequest.java:221) ~[ozone-manager-1.5.0-SNAPSHOT.jar:?]
	at org.apache.hadoop.ozone.protocolPB.OzoneManagerRequestHandler.lambda$0(OzoneManagerRequestHandler.java:403) ~[ozone-manager-1.5.0-SNAPSHOT.jar:?]
	at org.apache.hadoop.util.MetricUtil.captureLatencyNs(MetricUtil.java:45) ~[hdds-common-1.5.0-SNAPSHOT.jar:?]
	at org.apache.hadoop.ozone.protocolPB.OzoneManagerRequestHandler.handleWriteRequest(OzoneManagerRequestHandler.java:399) ~[ozone-manager-1.5.0-SNAPSHOT.jar:?]
	at org.apache.hadoop.ozone.om.ratis.OzoneManagerStateMachine.runCommand(OzoneManagerStateMachine.java:527) ~[ozone-manager-1.5.0-SNAPSHOT.jar:?]
	at org.apache.hadoop.ozone.om.ratis.OzoneManagerStateMachine.lambda$1(OzoneManagerStateMachine.java:345) ~[ozone-manager-1.5.0-SNAPSHOT.jar:?]
	at java.util.concurrent.CompletableFuture$AsyncSupply.run(CompletableFuture.java:1604) [?:1.8.0_402]
	at java.util.concurrent.ThreadPoolExecutor.runWorker(ThreadPoolExecutor.java:1149) [?:1.8.0_402]
	at java.util.concurrent.ThreadPoolExecutor$Worker.run(ThreadPoolExecutor.java:624) [?:1.8.0_402]
	at java.lang.Thread.run(Thread.java:750) [?:1.8.0_402]
2024-02-26 09:18:50,413 [om1-OMStateMachineApplyTransactionThread - 0] ERROR multipart.S3MultipartUploadCompleteRequest (S3MultipartUploadCompleteRequest.java:logResult(375)) - MultipartUpload Complete request failed for Key: 72d486d5-1be1-4e21-9ed0-e9fe15912d6a in Volume/Bucket c17568da-1b66-42b5-a253-afe0a335643a/7ced4b81-6ac7-4119-b8ee-3e6289889b93
INVALID_PART org.apache.hadoop.ozone.om.exceptions.OMException: Complete Multipart Upload Failed: volume: c17568da-1b66-42b5-a253-afe0a335643a bucket: 7ced4b81-6ac7-4119-b8ee-3e6289889b93 key: 72d486d5-1be1-4e21-9ed0-e9fe15912d6a. Provided Part info is { 7ddf32e17a6ac5ce04a8ecbf782ca509, 3}, whereas OM has eTag null
	at org.apache.hadoop.ozone.om.request.s3.multipart.S3MultipartUploadCompleteRequest.getMultipartDataSize(S3MultipartUploadCompleteRequest.java:531)
	at org.apache.hadoop.ozone.om.request.s3.multipart.S3MultipartUploadCompleteRequest.validateAndUpdateCache(S3MultipartUploadCompleteRequest.java:221)
	at org.apache.hadoop.ozone.protocolPB.OzoneManagerRequestHandler.lambda$0(OzoneManagerRequestHandler.java:403)
	at org.apache.hadoop.util.MetricUtil.captureLatencyNs(MetricUtil.java:45)
	at org.apache.hadoop.ozone.protocolPB.OzoneManagerRequestHandler.handleWriteRequest(OzoneManagerRequestHandler.java:399)
	at org.apache.hadoop.ozone.om.ratis.OzoneManagerStateMachine.runCommand(OzoneManagerStateMachine.java:527)
	at org.apache.hadoop.ozone.om.ratis.OzoneManagerStateMachine.lambda$1(OzoneManagerStateMachine.java:345)
	at java.util.concurrent.CompletableFuture$AsyncSupply.run(CompletableFuture.java:1604)
	at java.util.concurrent.ThreadPoolExecutor.runWorker(ThreadPoolExecutor.java:1149)
	at java.util.concurrent.ThreadPoolExecutor$Worker.run(ThreadPoolExecutor.java:624)
	at java.lang.Thread.run(Thread.java:750)
]]></system-out>
  </testcase>
  <testcase name="testMultipartUploadWithPartsLessThanMinSize" classname="org.apache.hadoop.ozone.client.rpc.TestSecureOzoneRpcClient" time="0.029">
    <system-out><![CDATA[2024-02-26 09:18:50,414 [main] INFO  rpc.RpcClient (RpcClient.java:createVolume(465)) - Creating Volume: ce6ca7e1-6a41-4a82-81ce-c159e01f0cc7, with runner as owner and space quota set to -1 bytes, counts quota set to -1
2024-02-26 09:18:50,416 [om1-OMStateMachineApplyTransactionThread - 0] INFO  volume.OMVolumeCreateRequest (OMVolumeCreateRequest.java:validateAndUpdateCache(198)) - created volume:ce6ca7e1-6a41-4a82-81ce-c159e01f0cc7 for user:runner
2024-02-26 09:18:50,417 [main] INFO  rpc.RpcClient (RpcClient.java:createBucket(691)) - Creating Bucket: ce6ca7e1-6a41-4a82-81ce-c159e01f0cc7/49aaac49-6cb3-4f2b-9f6b-c59b8b67e66e, with server-side default bucket layout, runner as owner, Versioning false, Storage Type set to DISK and Encryption set to false, Replication Type set to server-side default replication type, Namespace Quota set to -1, Space Quota set to -1 
2024-02-26 09:18:50,418 [om1-OMStateMachineApplyTransactionThread - 0] INFO  bucket.OMBucketCreateRequest (OMBucketCreateRequest.java:validateAndUpdateCache(292)) - created bucket: 49aaac49-6cb3-4f2b-9f6b-c59b8b67e66e of layout OBJECT_STORE in volume: ce6ca7e1-6a41-4a82-81ce-c159e01f0cc7
2024-02-26 09:18:50,442 [om1-OMStateMachineApplyTransactionThread - 0] ERROR multipart.S3MultipartUploadCompleteRequest (S3MultipartUploadCompleteRequest.java:getMultipartDataSize(550)) - MultipartUpload: /ce6ca7e1-6a41-4a82-81ce-c159e01f0cc7/49aaac49-6cb3-4f2b-9f6b-c59b8b67e66e/65545fd2-c258-40d1-90b9-0db43cef1776 Part number: 1 size 4  is less than minimum part size 5242880
09:18:50.442 [om1-OMStateMachineApplyTransactionThread - 0] ERROR OMAudit - user=runner | ip=127.0.0.1 | op=COMPLETE_MULTIPART_UPLOAD {volume=ce6ca7e1-6a41-4a82-81ce-c159e01f0cc7, bucket=49aaac49-6cb3-4f2b-9f6b-c59b8b67e66e, key=65545fd2-c258-40d1-90b9-0db43cef1776, dataSize=0, replicationType=NONE, replicationFactor=ZERO, multipartList=[partNumber: 1 partName: "8d777f385d3dfec8815d20f7496026dc" eTag: "8d777f385d3dfec8815d20f7496026dc" , partNumber: 2 partName: "8d777f385d3dfec8815d20f7496026dc" eTag: "8d777f385d3dfec8815d20f7496026dc" ]} | ret=FAILURE
org.apache.hadoop.ozone.om.exceptions.OMException: Complete Multipart Upload Failed: volume: ce6ca7e1-6a41-4a82-81ce-c159e01f0cc7 bucket: 49aaac49-6cb3-4f2b-9f6b-c59b8b67e66e key: 65545fd2-c258-40d1-90b9-0db43cef1776. Entity too small.
	at org.apache.hadoop.ozone.om.request.s3.multipart.S3MultipartUploadCompleteRequest.getMultipartDataSize(S3MultipartUploadCompleteRequest.java:554) ~[ozone-manager-1.5.0-SNAPSHOT.jar:?]
	at org.apache.hadoop.ozone.om.request.s3.multipart.S3MultipartUploadCompleteRequest.validateAndUpdateCache(S3MultipartUploadCompleteRequest.java:221) ~[ozone-manager-1.5.0-SNAPSHOT.jar:?]
	at org.apache.hadoop.ozone.protocolPB.OzoneManagerRequestHandler.lambda$0(OzoneManagerRequestHandler.java:403) ~[ozone-manager-1.5.0-SNAPSHOT.jar:?]
	at org.apache.hadoop.util.MetricUtil.captureLatencyNs(MetricUtil.java:45) ~[hdds-common-1.5.0-SNAPSHOT.jar:?]
	at org.apache.hadoop.ozone.protocolPB.OzoneManagerRequestHandler.handleWriteRequest(OzoneManagerRequestHandler.java:399) ~[ozone-manager-1.5.0-SNAPSHOT.jar:?]
	at org.apache.hadoop.ozone.om.ratis.OzoneManagerStateMachine.runCommand(OzoneManagerStateMachine.java:527) ~[ozone-manager-1.5.0-SNAPSHOT.jar:?]
	at org.apache.hadoop.ozone.om.ratis.OzoneManagerStateMachine.lambda$1(OzoneManagerStateMachine.java:345) ~[ozone-manager-1.5.0-SNAPSHOT.jar:?]
	at java.util.concurrent.CompletableFuture$AsyncSupply.run(CompletableFuture.java:1604) [?:1.8.0_402]
	at java.util.concurrent.ThreadPoolExecutor.runWorker(ThreadPoolExecutor.java:1149) [?:1.8.0_402]
	at java.util.concurrent.ThreadPoolExecutor$Worker.run(ThreadPoolExecutor.java:624) [?:1.8.0_402]
	at java.lang.Thread.run(Thread.java:750) [?:1.8.0_402]
2024-02-26 09:18:50,442 [om1-OMStateMachineApplyTransactionThread - 0] ERROR multipart.S3MultipartUploadCompleteRequest (S3MultipartUploadCompleteRequest.java:logResult(375)) - MultipartUpload Complete request failed for Key: 65545fd2-c258-40d1-90b9-0db43cef1776 in Volume/Bucket ce6ca7e1-6a41-4a82-81ce-c159e01f0cc7/49aaac49-6cb3-4f2b-9f6b-c59b8b67e66e
ENTITY_TOO_SMALL org.apache.hadoop.ozone.om.exceptions.OMException: Complete Multipart Upload Failed: volume: ce6ca7e1-6a41-4a82-81ce-c159e01f0cc7 bucket: 49aaac49-6cb3-4f2b-9f6b-c59b8b67e66e key: 65545fd2-c258-40d1-90b9-0db43cef1776. Entity too small.
	at org.apache.hadoop.ozone.om.request.s3.multipart.S3MultipartUploadCompleteRequest.getMultipartDataSize(S3MultipartUploadCompleteRequest.java:554)
	at org.apache.hadoop.ozone.om.request.s3.multipart.S3MultipartUploadCompleteRequest.validateAndUpdateCache(S3MultipartUploadCompleteRequest.java:221)
	at org.apache.hadoop.ozone.protocolPB.OzoneManagerRequestHandler.lambda$0(OzoneManagerRequestHandler.java:403)
	at org.apache.hadoop.util.MetricUtil.captureLatencyNs(MetricUtil.java:45)
	at org.apache.hadoop.ozone.protocolPB.OzoneManagerRequestHandler.handleWriteRequest(OzoneManagerRequestHandler.java:399)
	at org.apache.hadoop.ozone.om.ratis.OzoneManagerStateMachine.runCommand(OzoneManagerStateMachine.java:527)
	at org.apache.hadoop.ozone.om.ratis.OzoneManagerStateMachine.lambda$1(OzoneManagerStateMachine.java:345)
	at java.util.concurrent.CompletableFuture$AsyncSupply.run(CompletableFuture.java:1604)
	at java.util.concurrent.ThreadPoolExecutor.runWorker(ThreadPoolExecutor.java:1149)
	at java.util.concurrent.ThreadPoolExecutor$Worker.run(ThreadPoolExecutor.java:624)
	at java.lang.Thread.run(Thread.java:750)
]]></system-out>
  </testcase>
  <testcase name="testMultipartUploadWithPartsMisMatchWithIncorrectPartName" classname="org.apache.hadoop.ozone.client.rpc.TestSecureOzoneRpcClient" time="0.027">
    <system-out><![CDATA[2024-02-26 09:18:50,445 [main] INFO  rpc.RpcClient (RpcClient.java:createVolume(465)) - Creating Volume: d323e0df-5e0b-4262-bc29-c5f1ee591f38, with runner as owner and space quota set to -1 bytes, counts quota set to -1
2024-02-26 09:18:50,446 [om1-OMStateMachineApplyTransactionThread - 0] INFO  volume.OMVolumeCreateRequest (OMVolumeCreateRequest.java:validateAndUpdateCache(198)) - created volume:d323e0df-5e0b-4262-bc29-c5f1ee591f38 for user:runner
2024-02-26 09:18:50,447 [main] INFO  rpc.RpcClient (RpcClient.java:createBucket(691)) - Creating Bucket: d323e0df-5e0b-4262-bc29-c5f1ee591f38/8198f822-aaa9-4dc3-b634-cf802a8fcdf2, with server-side default bucket layout, runner as owner, Versioning false, Storage Type set to DISK and Encryption set to false, Replication Type set to server-side default replication type, Namespace Quota set to -1, Space Quota set to -1 
2024-02-26 09:18:50,448 [om1-OMStateMachineApplyTransactionThread - 0] INFO  bucket.OMBucketCreateRequest (OMBucketCreateRequest.java:validateAndUpdateCache(292)) - created bucket: 8198f822-aaa9-4dc3-b634-cf802a8fcdf2 of layout OBJECT_STORE in volume: d323e0df-5e0b-4262-bc29-c5f1ee591f38
09:18:50.469 [om1-OMStateMachineApplyTransactionThread - 0] ERROR OMAudit - user=runner | ip=127.0.0.1 | op=COMPLETE_MULTIPART_UPLOAD {volume=d323e0df-5e0b-4262-bc29-c5f1ee591f38, bucket=8198f822-aaa9-4dc3-b634-cf802a8fcdf2, key=9d6d86fc-71c3-4bc9-a840-d295d9f81818, dataSize=0, replicationType=NONE, replicationFactor=ZERO, multipartList=[partNumber: 1 partName: "f7319fe775e88d937644c1a65f8f2411" eTag: "f7319fe775e88d937644c1a65f8f2411" ]} | ret=FAILURE
org.apache.hadoop.ozone.om.exceptions.OMException: Complete Multipart Upload Failed: volume: d323e0df-5e0b-4262-bc29-c5f1ee591f38 bucket: 8198f822-aaa9-4dc3-b634-cf802a8fcdf2 key: 9d6d86fc-71c3-4bc9-a840-d295d9f81818. Provided Part info is { f7319fe775e88d937644c1a65f8f2411, 1}, whereas OM has eTag 8d777f385d3dfec8815d20f7496026dc
	at org.apache.hadoop.ozone.om.request.s3.multipart.S3MultipartUploadCompleteRequest.getMultipartDataSize(S3MultipartUploadCompleteRequest.java:531) ~[ozone-manager-1.5.0-SNAPSHOT.jar:?]
	at org.apache.hadoop.ozone.om.request.s3.multipart.S3MultipartUploadCompleteRequest.validateAndUpdateCache(S3MultipartUploadCompleteRequest.java:221) ~[ozone-manager-1.5.0-SNAPSHOT.jar:?]
	at org.apache.hadoop.ozone.protocolPB.OzoneManagerRequestHandler.lambda$0(OzoneManagerRequestHandler.java:403) ~[ozone-manager-1.5.0-SNAPSHOT.jar:?]
	at org.apache.hadoop.util.MetricUtil.captureLatencyNs(MetricUtil.java:45) ~[hdds-common-1.5.0-SNAPSHOT.jar:?]
	at org.apache.hadoop.ozone.protocolPB.OzoneManagerRequestHandler.handleWriteRequest(OzoneManagerRequestHandler.java:399) ~[ozone-manager-1.5.0-SNAPSHOT.jar:?]
	at org.apache.hadoop.ozone.om.ratis.OzoneManagerStateMachine.runCommand(OzoneManagerStateMachine.java:527) ~[ozone-manager-1.5.0-SNAPSHOT.jar:?]
	at org.apache.hadoop.ozone.om.ratis.OzoneManagerStateMachine.lambda$1(OzoneManagerStateMachine.java:345) ~[ozone-manager-1.5.0-SNAPSHOT.jar:?]
	at java.util.concurrent.CompletableFuture$AsyncSupply.run(CompletableFuture.java:1604) [?:1.8.0_402]
	at java.util.concurrent.ThreadPoolExecutor.runWorker(ThreadPoolExecutor.java:1149) [?:1.8.0_402]
	at java.util.concurrent.ThreadPoolExecutor$Worker.run(ThreadPoolExecutor.java:624) [?:1.8.0_402]
	at java.lang.Thread.run(Thread.java:750) [?:1.8.0_402]
2024-02-26 09:18:50,470 [om1-OMStateMachineApplyTransactionThread - 0] ERROR multipart.S3MultipartUploadCompleteRequest (S3MultipartUploadCompleteRequest.java:logResult(375)) - MultipartUpload Complete request failed for Key: 9d6d86fc-71c3-4bc9-a840-d295d9f81818 in Volume/Bucket d323e0df-5e0b-4262-bc29-c5f1ee591f38/8198f822-aaa9-4dc3-b634-cf802a8fcdf2
INVALID_PART org.apache.hadoop.ozone.om.exceptions.OMException: Complete Multipart Upload Failed: volume: d323e0df-5e0b-4262-bc29-c5f1ee591f38 bucket: 8198f822-aaa9-4dc3-b634-cf802a8fcdf2 key: 9d6d86fc-71c3-4bc9-a840-d295d9f81818. Provided Part info is { f7319fe775e88d937644c1a65f8f2411, 1}, whereas OM has eTag 8d777f385d3dfec8815d20f7496026dc
	at org.apache.hadoop.ozone.om.request.s3.multipart.S3MultipartUploadCompleteRequest.getMultipartDataSize(S3MultipartUploadCompleteRequest.java:531)
	at org.apache.hadoop.ozone.om.request.s3.multipart.S3MultipartUploadCompleteRequest.validateAndUpdateCache(S3MultipartUploadCompleteRequest.java:221)
	at org.apache.hadoop.ozone.protocolPB.OzoneManagerRequestHandler.lambda$0(OzoneManagerRequestHandler.java:403)
	at org.apache.hadoop.util.MetricUtil.captureLatencyNs(MetricUtil.java:45)
	at org.apache.hadoop.ozone.protocolPB.OzoneManagerRequestHandler.handleWriteRequest(OzoneManagerRequestHandler.java:399)
	at org.apache.hadoop.ozone.om.ratis.OzoneManagerStateMachine.runCommand(OzoneManagerStateMachine.java:527)
	at org.apache.hadoop.ozone.om.ratis.OzoneManagerStateMachine.lambda$1(OzoneManagerStateMachine.java:345)
	at java.util.concurrent.CompletableFuture$AsyncSupply.run(CompletableFuture.java:1604)
	at java.util.concurrent.ThreadPoolExecutor.runWorker(ThreadPoolExecutor.java:1149)
	at java.util.concurrent.ThreadPoolExecutor$Worker.run(ThreadPoolExecutor.java:624)
	at java.lang.Thread.run(Thread.java:750)
]]></system-out>
  </testcase>
  <testcase name="testMultipartUploadWithPartsMisMatchWithListSizeDifferent" classname="org.apache.hadoop.ozone.client.rpc.TestSecureOzoneRpcClient" time="0.009">
    <system-out><![CDATA[2024-02-26 09:18:50,471 [main] INFO  rpc.RpcClient (RpcClient.java:createVolume(465)) - Creating Volume: 2b22ad9b-d27f-4191-99b5-f260a667f053, with runner as owner and space quota set to -1 bytes, counts quota set to -1
2024-02-26 09:18:50,473 [om1-OMStateMachineApplyTransactionThread - 0] INFO  volume.OMVolumeCreateRequest (OMVolumeCreateRequest.java:validateAndUpdateCache(198)) - created volume:2b22ad9b-d27f-4191-99b5-f260a667f053 for user:runner
2024-02-26 09:18:50,474 [main] INFO  rpc.RpcClient (RpcClient.java:createBucket(691)) - Creating Bucket: 2b22ad9b-d27f-4191-99b5-f260a667f053/382d12d3-af9f-426b-9f0e-d5029bdb4985, with server-side default bucket layout, runner as owner, Versioning false, Storage Type set to DISK and Encryption set to false, Replication Type set to server-side default replication type, Namespace Quota set to -1, Space Quota set to -1 
2024-02-26 09:18:50,475 [om1-OMStateMachineApplyTransactionThread - 0] INFO  bucket.OMBucketCreateRequest (OMBucketCreateRequest.java:validateAndUpdateCache(292)) - created bucket: 382d12d3-af9f-426b-9f0e-d5029bdb4985 of layout OBJECT_STORE in volume: 2b22ad9b-d27f-4191-99b5-f260a667f053
2024-02-26 09:18:50,479 [om1-OMStateMachineApplyTransactionThread - 0] ERROR multipart.S3MultipartUploadCompleteRequest (S3MultipartUploadCompleteRequest.java:validateAndUpdateCache(207)) - Complete MultipartUpload failed for key /2b22ad9b-d27f-4191-99b5-f260a667f053/382d12d3-af9f-426b-9f0e-d5029bdb4985/2ab4dfec-26f0-4b00-a713-6abf5eb19953 , MPU Key has no parts in OM, parts given to upload are [partNumber: 1
partName: "58486b62-28c7-4d08-86d8-3427f6b0b4d4"
eTag: "58486b62-28c7-4d08-86d8-3427f6b0b4d4"
]
09:18:50.479 [om1-OMStateMachineApplyTransactionThread - 0] ERROR OMAudit - user=runner | ip=127.0.0.1 | op=COMPLETE_MULTIPART_UPLOAD {volume=2b22ad9b-d27f-4191-99b5-f260a667f053, bucket=382d12d3-af9f-426b-9f0e-d5029bdb4985, key=2ab4dfec-26f0-4b00-a713-6abf5eb19953, dataSize=0, replicationType=NONE, replicationFactor=ZERO, multipartList=[partNumber: 1 partName: "58486b62-28c7-4d08-86d8-3427f6b0b4d4" eTag: "58486b62-28c7-4d08-86d8-3427f6b0b4d4" ]} | ret=FAILURE
org.apache.hadoop.ozone.om.exceptions.OMException: Complete Multipart Upload Failed: volume: 2b22ad9b-d27f-4191-99b5-f260a667f053 bucket: 382d12d3-af9f-426b-9f0e-d5029bdb4985 key: 2ab4dfec-26f0-4b00-a713-6abf5eb19953
	at org.apache.hadoop.ozone.om.request.s3.multipart.S3MultipartUploadCompleteRequest.validateAndUpdateCache(S3MultipartUploadCompleteRequest.java:210) ~[ozone-manager-1.5.0-SNAPSHOT.jar:?]
	at org.apache.hadoop.ozone.protocolPB.OzoneManagerRequestHandler.lambda$0(OzoneManagerRequestHandler.java:403) ~[ozone-manager-1.5.0-SNAPSHOT.jar:?]
	at org.apache.hadoop.util.MetricUtil.captureLatencyNs(MetricUtil.java:45) ~[hdds-common-1.5.0-SNAPSHOT.jar:?]
	at org.apache.hadoop.ozone.protocolPB.OzoneManagerRequestHandler.handleWriteRequest(OzoneManagerRequestHandler.java:399) ~[ozone-manager-1.5.0-SNAPSHOT.jar:?]
	at org.apache.hadoop.ozone.om.ratis.OzoneManagerStateMachine.runCommand(OzoneManagerStateMachine.java:527) ~[ozone-manager-1.5.0-SNAPSHOT.jar:?]
	at org.apache.hadoop.ozone.om.ratis.OzoneManagerStateMachine.lambda$1(OzoneManagerStateMachine.java:345) ~[ozone-manager-1.5.0-SNAPSHOT.jar:?]
	at java.util.concurrent.CompletableFuture$AsyncSupply.run(CompletableFuture.java:1604) [?:1.8.0_402]
	at java.util.concurrent.ThreadPoolExecutor.runWorker(ThreadPoolExecutor.java:1149) [?:1.8.0_402]
	at java.util.concurrent.ThreadPoolExecutor$Worker.run(ThreadPoolExecutor.java:624) [?:1.8.0_402]
	at java.lang.Thread.run(Thread.java:750) [?:1.8.0_402]
2024-02-26 09:18:50,479 [om1-OMStateMachineApplyTransactionThread - 0] ERROR multipart.S3MultipartUploadCompleteRequest (S3MultipartUploadCompleteRequest.java:logResult(375)) - MultipartUpload Complete request failed for Key: 2ab4dfec-26f0-4b00-a713-6abf5eb19953 in Volume/Bucket 2b22ad9b-d27f-4191-99b5-f260a667f053/382d12d3-af9f-426b-9f0e-d5029bdb4985
INVALID_PART org.apache.hadoop.ozone.om.exceptions.OMException: Complete Multipart Upload Failed: volume: 2b22ad9b-d27f-4191-99b5-f260a667f053 bucket: 382d12d3-af9f-426b-9f0e-d5029bdb4985 key: 2ab4dfec-26f0-4b00-a713-6abf5eb19953
	at org.apache.hadoop.ozone.om.request.s3.multipart.S3MultipartUploadCompleteRequest.validateAndUpdateCache(S3MultipartUploadCompleteRequest.java:210)
	at org.apache.hadoop.ozone.protocolPB.OzoneManagerRequestHandler.lambda$0(OzoneManagerRequestHandler.java:403)
	at org.apache.hadoop.util.MetricUtil.captureLatencyNs(MetricUtil.java:45)
	at org.apache.hadoop.ozone.protocolPB.OzoneManagerRequestHandler.handleWriteRequest(OzoneManagerRequestHandler.java:399)
	at org.apache.hadoop.ozone.om.ratis.OzoneManagerStateMachine.runCommand(OzoneManagerStateMachine.java:527)
	at org.apache.hadoop.ozone.om.ratis.OzoneManagerStateMachine.lambda$1(OzoneManagerStateMachine.java:345)
	at java.util.concurrent.CompletableFuture$AsyncSupply.run(CompletableFuture.java:1604)
	at java.util.concurrent.ThreadPoolExecutor.runWorker(ThreadPoolExecutor.java:1149)
	at java.util.concurrent.ThreadPoolExecutor$Worker.run(ThreadPoolExecutor.java:624)
	at java.lang.Thread.run(Thread.java:750)
]]></system-out>
  </testcase>
  <testcase name="testNativeAclsForBucket" classname="org.apache.hadoop.ozone.client.rpc.TestSecureOzoneRpcClient" time="0.055">
    <system-out><![CDATA[2024-02-26 09:18:50,481 [main] INFO  rpc.RpcClient (RpcClient.java:createVolume(465)) - Creating Volume: 6b35e769-cf4f-43cf-8ca2-66cd61353db0, with runner as owner and space quota set to -1 bytes, counts quota set to -1
2024-02-26 09:18:50,482 [om1-OMStateMachineApplyTransactionThread - 0] INFO  volume.OMVolumeCreateRequest (OMVolumeCreateRequest.java:validateAndUpdateCache(198)) - created volume:6b35e769-cf4f-43cf-8ca2-66cd61353db0 for user:runner
2024-02-26 09:18:50,483 [main] INFO  rpc.RpcClient (RpcClient.java:createBucket(691)) - Creating Bucket: 6b35e769-cf4f-43cf-8ca2-66cd61353db0/b46a3638-8e22-4131-ba06-25982c75be38, with server-side default bucket layout, runner as owner, Versioning false, Storage Type set to DISK and Encryption set to false, Replication Type set to server-side default replication type, Namespace Quota set to -1, Space Quota set to -1 
2024-02-26 09:18:50,484 [om1-OMStateMachineApplyTransactionThread - 0] INFO  bucket.OMBucketCreateRequest (OMBucketCreateRequest.java:validateAndUpdateCache(292)) - created bucket: b46a3638-8e22-4131-ba06-25982c75be38 of layout OBJECT_STORE in volume: 6b35e769-cf4f-43cf-8ca2-66cd61353db0
2024-02-26 09:18:50,532 [om1-OMStateMachineApplyTransactionThread - 0] DEBUG db.CodecBuffer (CodecBuffer.java:setCapacity(329)) - setCapacity: 4096 -> 7502, max=2147483647
2024-02-26 09:18:50,533 [main] INFO  rpc.RpcClient (RpcClient.java:createBucket(691)) - Creating Bucket: 6b35e769-cf4f-43cf-8ca2-66cd61353db0/b46a3638-8e22-4131-ba06-25982c75be38, with server-side default bucket layout, runner as owner, Versioning false, Storage Type set to DISK and Encryption set to false, Replication Type set to server-side default replication type, Namespace Quota set to -1, Space Quota set to -1 
2024-02-26 09:18:50,534 [om1-OMStateMachineApplyTransactionThread - 0] INFO  bucket.OMBucketCreateRequest (OMBucketCreateRequest.java:validateAndUpdateCache(292)) - created bucket: b46a3638-8e22-4131-ba06-25982c75be38 of layout OBJECT_STORE in volume: 6b35e769-cf4f-43cf-8ca2-66cd61353db0
]]></system-out>
  </testcase>
  <testcase name="testNativeAclsForKey" classname="org.apache.hadoop.ozone.client.rpc.TestSecureOzoneRpcClient" time="0.124">
    <system-out><![CDATA[2024-02-26 09:18:50,537 [main] INFO  rpc.RpcClient (RpcClient.java:createVolume(465)) - Creating Volume: 81f83d23-9678-4a79-aa89-35e81af95c5a, with runner as owner and space quota set to -1 bytes, counts quota set to -1
2024-02-26 09:18:50,538 [om1-OMStateMachineApplyTransactionThread - 0] INFO  volume.OMVolumeCreateRequest (OMVolumeCreateRequest.java:validateAndUpdateCache(198)) - created volume:81f83d23-9678-4a79-aa89-35e81af95c5a for user:runner
2024-02-26 09:18:50,538 [main] INFO  rpc.RpcClient (RpcClient.java:createBucket(691)) - Creating Bucket: 81f83d23-9678-4a79-aa89-35e81af95c5a/12192721-7054-4ed3-8f09-f9463d88f046, with server-side default bucket layout, runner as owner, Versioning false, Storage Type set to DISK and Encryption set to false, Replication Type set to server-side default replication type, Namespace Quota set to -1, Space Quota set to -1 
2024-02-26 09:18:50,539 [om1-OMStateMachineApplyTransactionThread - 0] INFO  bucket.OMBucketCreateRequest (OMBucketCreateRequest.java:validateAndUpdateCache(292)) - created bucket: 12192721-7054-4ed3-8f09-f9463d88f046 of layout OBJECT_STORE in volume: 81f83d23-9678-4a79-aa89-35e81af95c5a
]]></system-out>
  </testcase>
  <testcase name="testNativeAclsForPrefix" classname="org.apache.hadoop.ozone.client.rpc.TestSecureOzoneRpcClient" time="0.051">
    <system-out><![CDATA[2024-02-26 09:18:50,661 [main] INFO  rpc.RpcClient (RpcClient.java:createVolume(465)) - Creating Volume: eed2f52e-19dc-4c4f-8c2d-da0ac225925f, with runner as owner and space quota set to -1 bytes, counts quota set to -1
2024-02-26 09:18:50,662 [om1-OMStateMachineApplyTransactionThread - 0] INFO  volume.OMVolumeCreateRequest (OMVolumeCreateRequest.java:validateAndUpdateCache(198)) - created volume:eed2f52e-19dc-4c4f-8c2d-da0ac225925f for user:runner
2024-02-26 09:18:50,663 [main] INFO  rpc.RpcClient (RpcClient.java:createBucket(691)) - Creating Bucket: eed2f52e-19dc-4c4f-8c2d-da0ac225925f/8c8fe2ad-1efa-4069-a048-ed2e8fdf24a7, with server-side default bucket layout, runner as owner, Versioning false, Storage Type set to DISK and Encryption set to false, Replication Type set to server-side default replication type, Namespace Quota set to -1, Space Quota set to -1 
2024-02-26 09:18:50,664 [om1-OMStateMachineApplyTransactionThread - 0] INFO  bucket.OMBucketCreateRequest (OMBucketCreateRequest.java:validateAndUpdateCache(292)) - created bucket: 8c8fe2ad-1efa-4069-a048-ed2e8fdf24a7 of layout OBJECT_STORE in volume: eed2f52e-19dc-4c4f-8c2d-da0ac225925f
]]></system-out>
  </testcase>
  <testcase name="testNativeAclsForVolume" classname="org.apache.hadoop.ozone.client.rpc.TestSecureOzoneRpcClient" time="0.049">
    <system-out><![CDATA[2024-02-26 09:18:50,712 [main] INFO  rpc.RpcClient (RpcClient.java:createVolume(465)) - Creating Volume: 314c3cdc-0590-4641-82e9-5c126cf48f83, with runner as owner and space quota set to -1 bytes, counts quota set to -1
2024-02-26 09:18:50,714 [om1-OMStateMachineApplyTransactionThread - 0] INFO  volume.OMVolumeCreateRequest (OMVolumeCreateRequest.java:validateAndUpdateCache(198)) - created volume:314c3cdc-0590-4641-82e9-5c126cf48f83 for user:runner
]]></system-out>
  </testcase>
  <testcase name="testNoSuchUploadError" classname="org.apache.hadoop.ozone.client.rpc.TestSecureOzoneRpcClient" time="0.008">
    <system-out><![CDATA[2024-02-26 09:18:50,761 [main] INFO  rpc.RpcClient (RpcClient.java:createVolume(465)) - Creating Volume: 481deeeb-eefb-4142-98a2-3e31c07e855a, with runner as owner and space quota set to -1 bytes, counts quota set to -1
2024-02-26 09:18:50,763 [om1-OMStateMachineApplyTransactionThread - 0] INFO  volume.OMVolumeCreateRequest (OMVolumeCreateRequest.java:validateAndUpdateCache(198)) - created volume:481deeeb-eefb-4142-98a2-3e31c07e855a for user:runner
2024-02-26 09:18:50,764 [main] INFO  rpc.RpcClient (RpcClient.java:createBucket(691)) - Creating Bucket: 481deeeb-eefb-4142-98a2-3e31c07e855a/36657bee-17bb-437b-8194-9936777766c0, with server-side default bucket layout, runner as owner, Versioning false, Storage Type set to DISK and Encryption set to false, Replication Type set to server-side default replication type, Namespace Quota set to -1, Space Quota set to -1 
2024-02-26 09:18:50,765 [om1-OMStateMachineApplyTransactionThread - 0] INFO  bucket.OMBucketCreateRequest (OMBucketCreateRequest.java:validateAndUpdateCache(292)) - created bucket: 36657bee-17bb-437b-8194-9936777766c0 of layout OBJECT_STORE in volume: 481deeeb-eefb-4142-98a2-3e31c07e855a
09:18:50.768 [om1-OMStateMachineApplyTransactionThread - 0] ERROR OMAudit - user=runner | ip=127.0.0.1 | op=ALLOCATE_KEY {volume=481deeeb-eefb-4142-98a2-3e31c07e855a, bucket=36657bee-17bb-437b-8194-9936777766c0, key=19603b3d-ecf8-4781-a653-7f2dd8776138, dataSize=12, replicationType=NONE, replicationFactor=ZERO} | ret=FAILURE
org.apache.hadoop.ozone.om.exceptions.OMException: No such Multipart upload is with specified uploadId random
	at org.apache.hadoop.ozone.om.request.key.OMKeyRequest.prepareMultipartFileInfo(OMKeyRequest.java:877) ~[ozone-manager-1.5.0-SNAPSHOT.jar:?]
	at org.apache.hadoop.ozone.om.request.key.OMKeyRequest.prepareFileInfo(OMKeyRequest.java:757) ~[ozone-manager-1.5.0-SNAPSHOT.jar:?]
	at org.apache.hadoop.ozone.om.request.key.OMKeyRequest.prepareKeyInfo(OMKeyRequest.java:734) ~[ozone-manager-1.5.0-SNAPSHOT.jar:?]
	at org.apache.hadoop.ozone.om.request.key.OMKeyCreateRequest.validateAndUpdateCache(OMKeyCreateRequest.java:278) ~[ozone-manager-1.5.0-SNAPSHOT.jar:?]
	at org.apache.hadoop.ozone.protocolPB.OzoneManagerRequestHandler.lambda$0(OzoneManagerRequestHandler.java:403) ~[ozone-manager-1.5.0-SNAPSHOT.jar:?]
	at org.apache.hadoop.util.MetricUtil.captureLatencyNs(MetricUtil.java:45) ~[hdds-common-1.5.0-SNAPSHOT.jar:?]
	at org.apache.hadoop.ozone.protocolPB.OzoneManagerRequestHandler.handleWriteRequest(OzoneManagerRequestHandler.java:399) ~[ozone-manager-1.5.0-SNAPSHOT.jar:?]
	at org.apache.hadoop.ozone.om.ratis.OzoneManagerStateMachine.runCommand(OzoneManagerStateMachine.java:527) ~[ozone-manager-1.5.0-SNAPSHOT.jar:?]
	at org.apache.hadoop.ozone.om.ratis.OzoneManagerStateMachine.lambda$1(OzoneManagerStateMachine.java:345) ~[ozone-manager-1.5.0-SNAPSHOT.jar:?]
	at java.util.concurrent.CompletableFuture$AsyncSupply.run(CompletableFuture.java:1604) [?:1.8.0_402]
	at java.util.concurrent.ThreadPoolExecutor.runWorker(ThreadPoolExecutor.java:1149) [?:1.8.0_402]
	at java.util.concurrent.ThreadPoolExecutor$Worker.run(ThreadPoolExecutor.java:624) [?:1.8.0_402]
	at java.lang.Thread.run(Thread.java:750) [?:1.8.0_402]
2024-02-26 09:18:50,768 [om1-OMStateMachineApplyTransactionThread - 0] ERROR key.OMKeyCreateRequest (OMKeyCreateRequest.java:logResult(384)) - Key creation failed. Volume:481deeeb-eefb-4142-98a2-3e31c07e855a, Bucket:36657bee-17bb-437b-8194-9936777766c0, Key:19603b3d-ecf8-4781-a653-7f2dd8776138. 
NO_SUCH_MULTIPART_UPLOAD_ERROR org.apache.hadoop.ozone.om.exceptions.OMException: No such Multipart upload is with specified uploadId random
	at org.apache.hadoop.ozone.om.request.key.OMKeyRequest.prepareMultipartFileInfo(OMKeyRequest.java:877)
	at org.apache.hadoop.ozone.om.request.key.OMKeyRequest.prepareFileInfo(OMKeyRequest.java:757)
	at org.apache.hadoop.ozone.om.request.key.OMKeyRequest.prepareKeyInfo(OMKeyRequest.java:734)
	at org.apache.hadoop.ozone.om.request.key.OMKeyCreateRequest.validateAndUpdateCache(OMKeyCreateRequest.java:278)
	at org.apache.hadoop.ozone.protocolPB.OzoneManagerRequestHandler.lambda$0(OzoneManagerRequestHandler.java:403)
	at org.apache.hadoop.util.MetricUtil.captureLatencyNs(MetricUtil.java:45)
	at org.apache.hadoop.ozone.protocolPB.OzoneManagerRequestHandler.handleWriteRequest(OzoneManagerRequestHandler.java:399)
	at org.apache.hadoop.ozone.om.ratis.OzoneManagerStateMachine.runCommand(OzoneManagerStateMachine.java:527)
	at org.apache.hadoop.ozone.om.ratis.OzoneManagerStateMachine.lambda$1(OzoneManagerStateMachine.java:345)
	at java.util.concurrent.CompletableFuture$AsyncSupply.run(CompletableFuture.java:1604)
	at java.util.concurrent.ThreadPoolExecutor.runWorker(ThreadPoolExecutor.java:1149)
	at java.util.concurrent.ThreadPoolExecutor$Worker.run(ThreadPoolExecutor.java:624)
	at java.lang.Thread.run(Thread.java:750)
]]></system-out>
  </testcase>
  <testcase name="testOMClientProxyProvider" classname="org.apache.hadoop.ozone.client.rpc.TestSecureOzoneRpcClient" time="0.001"/>
  <testcase name="testPutKey" classname="org.apache.hadoop.ozone.client.rpc.TestSecureOzoneRpcClient" time="0.164">
    <system-out><![CDATA[2024-02-26 09:18:50,771 [main] INFO  rpc.RpcClient (RpcClient.java:createVolume(465)) - Creating Volume: d145e6cd-cea7-4fe4-a37a-5a293989901a, with runner as owner and space quota set to -1 bytes, counts quota set to -1
2024-02-26 09:18:50,772 [om1-OMStateMachineApplyTransactionThread - 0] INFO  volume.OMVolumeCreateRequest (OMVolumeCreateRequest.java:validateAndUpdateCache(198)) - created volume:d145e6cd-cea7-4fe4-a37a-5a293989901a for user:runner
2024-02-26 09:18:50,772 [main] INFO  rpc.RpcClient (RpcClient.java:createBucket(691)) - Creating Bucket: d145e6cd-cea7-4fe4-a37a-5a293989901a/8a5a8499-0a82-4618-a583-1893507c1e23, with server-side default bucket layout, runner as owner, Versioning false, Storage Type set to DISK and Encryption set to false, Replication Type set to server-side default replication type, Namespace Quota set to -1, Space Quota set to -1 
2024-02-26 09:18:50,774 [om1-OMStateMachineApplyTransactionThread - 0] INFO  bucket.OMBucketCreateRequest (OMBucketCreateRequest.java:validateAndUpdateCache(292)) - created bucket: 8a5a8499-0a82-4618-a583-1893507c1e23 of layout OBJECT_STORE in volume: d145e6cd-cea7-4fe4-a37a-5a293989901a
2024-02-26 09:18:50,784 [IPC Server handler 8 on default port 15001] WARN  node.SCMNodeManager (SCMNodeManager.java:getNodesByAddress(1554)) - Cannot find node for address 127.0.0.1
2024-02-26 09:18:50,785 [IPC Server handler 79 on default port 15001] WARN  node.SCMNodeManager (SCMNodeManager.java:getNodesByAddress(1554)) - Cannot find node for address 127.0.0.1
2024-02-26 09:18:50,798 [IPC Server handler 75 on default port 15001] WARN  node.SCMNodeManager (SCMNodeManager.java:getNodesByAddress(1554)) - Cannot find node for address 127.0.0.1
2024-02-26 09:18:50,799 [IPC Server handler 76 on default port 15001] WARN  node.SCMNodeManager (SCMNodeManager.java:getNodesByAddress(1554)) - Cannot find node for address 127.0.0.1
2024-02-26 09:18:50,814 [IPC Server handler 15 on default port 15001] WARN  node.SCMNodeManager (SCMNodeManager.java:getNodesByAddress(1554)) - Cannot find node for address 127.0.0.1
2024-02-26 09:18:50,816 [IPC Server handler 11 on default port 15001] WARN  node.SCMNodeManager (SCMNodeManager.java:getNodesByAddress(1554)) - Cannot find node for address 127.0.0.1
2024-02-26 09:18:50,833 [IPC Server handler 82 on default port 15001] WARN  node.SCMNodeManager (SCMNodeManager.java:getNodesByAddress(1554)) - Cannot find node for address 127.0.0.1
2024-02-26 09:18:50,835 [IPC Server handler 62 on default port 15001] WARN  node.SCMNodeManager (SCMNodeManager.java:getNodesByAddress(1554)) - Cannot find node for address 127.0.0.1
2024-02-26 09:18:50,849 [IPC Server handler 99 on default port 15001] WARN  node.SCMNodeManager (SCMNodeManager.java:getNodesByAddress(1554)) - Cannot find node for address 127.0.0.1
2024-02-26 09:18:50,850 [IPC Server handler 95 on default port 15001] WARN  node.SCMNodeManager (SCMNodeManager.java:getNodesByAddress(1554)) - Cannot find node for address 127.0.0.1
2024-02-26 09:18:50,865 [IPC Server handler 97 on default port 15001] WARN  node.SCMNodeManager (SCMNodeManager.java:getNodesByAddress(1554)) - Cannot find node for address 127.0.0.1
2024-02-26 09:18:50,866 [IPC Server handler 92 on default port 15001] WARN  node.SCMNodeManager (SCMNodeManager.java:getNodesByAddress(1554)) - Cannot find node for address 127.0.0.1
2024-02-26 09:18:50,879 [IPC Server handler 93 on default port 15001] WARN  node.SCMNodeManager (SCMNodeManager.java:getNodesByAddress(1554)) - Cannot find node for address 127.0.0.1
2024-02-26 09:18:50,881 [IPC Server handler 90 on default port 15001] WARN  node.SCMNodeManager (SCMNodeManager.java:getNodesByAddress(1554)) - Cannot find node for address 127.0.0.1
2024-02-26 09:18:50,894 [IPC Server handler 96 on default port 15001] WARN  node.SCMNodeManager (SCMNodeManager.java:getNodesByAddress(1554)) - Cannot find node for address 127.0.0.1
2024-02-26 09:18:50,896 [IPC Server handler 85 on default port 15001] WARN  node.SCMNodeManager (SCMNodeManager.java:getNodesByAddress(1554)) - Cannot find node for address 127.0.0.1
2024-02-26 09:18:50,909 [IPC Server handler 98 on default port 15001] WARN  node.SCMNodeManager (SCMNodeManager.java:getNodesByAddress(1554)) - Cannot find node for address 127.0.0.1
2024-02-26 09:18:50,910 [IPC Server handler 87 on default port 15001] WARN  node.SCMNodeManager (SCMNodeManager.java:getNodesByAddress(1554)) - Cannot find node for address 127.0.0.1
2024-02-26 09:18:50,926 [IPC Server handler 83 on default port 15001] WARN  node.SCMNodeManager (SCMNodeManager.java:getNodesByAddress(1554)) - Cannot find node for address 127.0.0.1
2024-02-26 09:18:50,928 [IPC Server handler 70 on default port 15001] WARN  node.SCMNodeManager (SCMNodeManager.java:getNodesByAddress(1554)) - Cannot find node for address 127.0.0.1
]]></system-out>
  </testcase>
  <testcase name="testPutKeyRatisOneNode" classname="org.apache.hadoop.ozone.client.rpc.TestSecureOzoneRpcClient" time="0.15">
    <system-out><![CDATA[2024-02-26 09:18:50,935 [main] INFO  rpc.RpcClient (RpcClient.java:createVolume(465)) - Creating Volume: 35bcda13-fd55-479f-8855-304a5e485fd1, with runner as owner and space quota set to -1 bytes, counts quota set to -1
2024-02-26 09:18:50,937 [om1-OMStateMachineApplyTransactionThread - 0] INFO  volume.OMVolumeCreateRequest (OMVolumeCreateRequest.java:validateAndUpdateCache(198)) - created volume:35bcda13-fd55-479f-8855-304a5e485fd1 for user:runner
2024-02-26 09:18:50,938 [main] INFO  rpc.RpcClient (RpcClient.java:createBucket(691)) - Creating Bucket: 35bcda13-fd55-479f-8855-304a5e485fd1/81377aac-5bc5-443c-8224-258cd680d22e, with server-side default bucket layout, runner as owner, Versioning false, Storage Type set to DISK and Encryption set to false, Replication Type set to server-side default replication type, Namespace Quota set to -1, Space Quota set to -1 
2024-02-26 09:18:50,940 [om1-OMStateMachineApplyTransactionThread - 0] INFO  bucket.OMBucketCreateRequest (OMBucketCreateRequest.java:validateAndUpdateCache(292)) - created bucket: 81377aac-5bc5-443c-8224-258cd680d22e of layout OBJECT_STORE in volume: 35bcda13-fd55-479f-8855-304a5e485fd1
2024-02-26 09:18:50,949 [IPC Server handler 39 on default port 15001] WARN  node.SCMNodeManager (SCMNodeManager.java:getNodesByAddress(1554)) - Cannot find node for address 127.0.0.1
2024-02-26 09:18:50,950 [IPC Server handler 33 on default port 15001] WARN  node.SCMNodeManager (SCMNodeManager.java:getNodesByAddress(1554)) - Cannot find node for address 127.0.0.1
2024-02-26 09:18:50,961 [IPC Server handler 37 on default port 15001] WARN  node.SCMNodeManager (SCMNodeManager.java:getNodesByAddress(1554)) - Cannot find node for address 127.0.0.1
2024-02-26 09:18:50,962 [IPC Server handler 72 on default port 15001] WARN  node.SCMNodeManager (SCMNodeManager.java:getNodesByAddress(1554)) - Cannot find node for address 127.0.0.1
2024-02-26 09:18:50,975 [IPC Server handler 44 on default port 15001] WARN  node.SCMNodeManager (SCMNodeManager.java:getNodesByAddress(1554)) - Cannot find node for address 127.0.0.1
2024-02-26 09:18:50,976 [IPC Server handler 66 on default port 15001] WARN  node.SCMNodeManager (SCMNodeManager.java:getNodesByAddress(1554)) - Cannot find node for address 127.0.0.1
2024-02-26 09:18:50,987 [IPC Server handler 56 on default port 15001] WARN  node.SCMNodeManager (SCMNodeManager.java:getNodesByAddress(1554)) - Cannot find node for address 127.0.0.1
2024-02-26 09:18:50,991 [IPC Server handler 51 on default port 15001] WARN  node.SCMNodeManager (SCMNodeManager.java:getNodesByAddress(1554)) - Cannot find node for address 127.0.0.1
2024-02-26 09:18:51,004 [IPC Server handler 42 on default port 15001] WARN  node.SCMNodeManager (SCMNodeManager.java:getNodesByAddress(1554)) - Cannot find node for address 127.0.0.1
2024-02-26 09:18:51,006 [IPC Server handler 47 on default port 15001] WARN  node.SCMNodeManager (SCMNodeManager.java:getNodesByAddress(1554)) - Cannot find node for address 127.0.0.1
2024-02-26 09:18:51,019 [IPC Server handler 40 on default port 15001] WARN  node.SCMNodeManager (SCMNodeManager.java:getNodesByAddress(1554)) - Cannot find node for address 127.0.0.1
2024-02-26 09:18:51,020 [IPC Server handler 45 on default port 15001] WARN  node.SCMNodeManager (SCMNodeManager.java:getNodesByAddress(1554)) - Cannot find node for address 127.0.0.1
2024-02-26 09:18:51,035 [IPC Server handler 71 on default port 15001] WARN  node.SCMNodeManager (SCMNodeManager.java:getNodesByAddress(1554)) - Cannot find node for address 127.0.0.1
2024-02-26 09:18:51,037 [IPC Server handler 52 on default port 15001] WARN  node.SCMNodeManager (SCMNodeManager.java:getNodesByAddress(1554)) - Cannot find node for address 127.0.0.1
2024-02-26 09:18:51,052 [IPC Server handler 50 on default port 15001] WARN  node.SCMNodeManager (SCMNodeManager.java:getNodesByAddress(1554)) - Cannot find node for address 127.0.0.1
2024-02-26 09:18:51,053 [IPC Server handler 46 on default port 15001] WARN  node.SCMNodeManager (SCMNodeManager.java:getNodesByAddress(1554)) - Cannot find node for address 127.0.0.1
2024-02-26 09:18:51,066 [IPC Server handler 54 on default port 15001] WARN  node.SCMNodeManager (SCMNodeManager.java:getNodesByAddress(1554)) - Cannot find node for address 127.0.0.1
2024-02-26 09:18:51,067 [IPC Server handler 55 on default port 15001] WARN  node.SCMNodeManager (SCMNodeManager.java:getNodesByAddress(1554)) - Cannot find node for address 127.0.0.1
2024-02-26 09:18:51,079 [IPC Server handler 49 on default port 15001] WARN  node.SCMNodeManager (SCMNodeManager.java:getNodesByAddress(1554)) - Cannot find node for address 127.0.0.1
2024-02-26 09:18:51,080 [IPC Server handler 74 on default port 15001] WARN  node.SCMNodeManager (SCMNodeManager.java:getNodesByAddress(1554)) - Cannot find node for address 127.0.0.1
]]></system-out>
  </testcase>
  <testcase name="testPutKeyRatisThreeNodes" classname="org.apache.hadoop.ozone.client.rpc.TestSecureOzoneRpcClient" time="0.206">
    <system-out><![CDATA[2024-02-26 09:18:51,086 [main] INFO  rpc.RpcClient (RpcClient.java:createVolume(465)) - Creating Volume: 43fd8859-a6c5-46e1-8c06-3a20cbd967b6, with runner as owner and space quota set to -1 bytes, counts quota set to -1
2024-02-26 09:18:51,087 [om1-OMStateMachineApplyTransactionThread - 0] INFO  volume.OMVolumeCreateRequest (OMVolumeCreateRequest.java:validateAndUpdateCache(198)) - created volume:43fd8859-a6c5-46e1-8c06-3a20cbd967b6 for user:runner
2024-02-26 09:18:51,089 [main] INFO  rpc.RpcClient (RpcClient.java:createBucket(691)) - Creating Bucket: 43fd8859-a6c5-46e1-8c06-3a20cbd967b6/cbc77643-9373-4075-ad97-24e54d5ec20b, with server-side default bucket layout, runner as owner, Versioning false, Storage Type set to DISK and Encryption set to false, Replication Type set to server-side default replication type, Namespace Quota set to -1, Space Quota set to -1 
2024-02-26 09:18:51,090 [om1-OMStateMachineApplyTransactionThread - 0] INFO  bucket.OMBucketCreateRequest (OMBucketCreateRequest.java:validateAndUpdateCache(292)) - created bucket: cbc77643-9373-4075-ad97-24e54d5ec20b of layout OBJECT_STORE in volume: 43fd8859-a6c5-46e1-8c06-3a20cbd967b6
2024-02-26 09:18:51,102 [IPC Server handler 36 on default port 15001] WARN  node.SCMNodeManager (SCMNodeManager.java:getNodesByAddress(1554)) - Cannot find node for address 127.0.0.1
2024-02-26 09:18:51,104 [IPC Server handler 38 on default port 15001] WARN  node.SCMNodeManager (SCMNodeManager.java:getNodesByAddress(1554)) - Cannot find node for address 127.0.0.1
2024-02-26 09:18:51,118 [IPC Server handler 0 on default port 15001] WARN  node.SCMNodeManager (SCMNodeManager.java:getNodesByAddress(1554)) - Cannot find node for address 127.0.0.1
2024-02-26 09:18:51,120 [IPC Server handler 3 on default port 15001] WARN  node.SCMNodeManager (SCMNodeManager.java:getNodesByAddress(1554)) - Cannot find node for address 127.0.0.1
2024-02-26 09:18:51,136 [IPC Server handler 6 on default port 15001] WARN  node.SCMNodeManager (SCMNodeManager.java:getNodesByAddress(1554)) - Cannot find node for address 127.0.0.1
2024-02-26 09:18:51,137 [IPC Server handler 7 on default port 15001] WARN  node.SCMNodeManager (SCMNodeManager.java:getNodesByAddress(1554)) - Cannot find node for address 127.0.0.1
2024-02-26 09:18:51,163 [IPC Server handler 5 on default port 15001] WARN  node.SCMNodeManager (SCMNodeManager.java:getNodesByAddress(1554)) - Cannot find node for address 127.0.0.1
2024-02-26 09:18:51,165 [IPC Server handler 20 on default port 15001] WARN  node.SCMNodeManager (SCMNodeManager.java:getNodesByAddress(1554)) - Cannot find node for address 127.0.0.1
2024-02-26 09:18:51,182 [IPC Server handler 22 on default port 15001] WARN  node.SCMNodeManager (SCMNodeManager.java:getNodesByAddress(1554)) - Cannot find node for address 127.0.0.1
2024-02-26 09:18:51,183 [IPC Server handler 4 on default port 15001] WARN  node.SCMNodeManager (SCMNodeManager.java:getNodesByAddress(1554)) - Cannot find node for address 127.0.0.1
2024-02-26 09:18:51,201 [IPC Server handler 9 on default port 15001] WARN  node.SCMNodeManager (SCMNodeManager.java:getNodesByAddress(1554)) - Cannot find node for address 127.0.0.1
2024-02-26 09:18:51,203 [IPC Server handler 25 on default port 15001] WARN  node.SCMNodeManager (SCMNodeManager.java:getNodesByAddress(1554)) - Cannot find node for address 127.0.0.1
2024-02-26 09:18:51,226 [IPC Server handler 63 on default port 15001] WARN  node.SCMNodeManager (SCMNodeManager.java:getNodesByAddress(1554)) - Cannot find node for address 127.0.0.1
2024-02-26 09:18:51,228 [IPC Server handler 28 on default port 15001] WARN  node.SCMNodeManager (SCMNodeManager.java:getNodesByAddress(1554)) - Cannot find node for address 127.0.0.1
2024-02-26 09:18:51,249 [IPC Server handler 18 on default port 15001] WARN  node.SCMNodeManager (SCMNodeManager.java:getNodesByAddress(1554)) - Cannot find node for address 127.0.0.1
2024-02-26 09:18:51,250 [IPC Server handler 81 on default port 15001] WARN  node.SCMNodeManager (SCMNodeManager.java:getNodesByAddress(1554)) - Cannot find node for address 127.0.0.1
2024-02-26 09:18:51,264 [IPC Server handler 12 on default port 15001] WARN  node.SCMNodeManager (SCMNodeManager.java:getNodesByAddress(1554)) - Cannot find node for address 127.0.0.1
2024-02-26 09:18:51,266 [IPC Server handler 65 on default port 15001] WARN  node.SCMNodeManager (SCMNodeManager.java:getNodesByAddress(1554)) - Cannot find node for address 127.0.0.1
2024-02-26 09:18:51,282 [IPC Server handler 24 on default port 15001] WARN  node.SCMNodeManager (SCMNodeManager.java:getNodesByAddress(1554)) - Cannot find node for address 127.0.0.1
2024-02-26 09:18:51,283 [IPC Server handler 78 on default port 15001] WARN  node.SCMNodeManager (SCMNodeManager.java:getNodesByAddress(1554)) - Cannot find node for address 127.0.0.1
]]></system-out>
  </testcase>
  <testcase name="testPutKeyRatisThreeNodesParallel" classname="org.apache.hadoop.ozone.client.rpc.TestSecureOzoneRpcClient" time="4.579">
    <failure type="java.lang.AssertionError"><![CDATA[java.lang.AssertionError: testPutKeyRatisThreeNodesParallel failed
	at org.apache.hadoop.ozone.client.rpc.TestOzoneRpcClientAbstract.testPutKeyRatisThreeNodesParallel(TestOzoneRpcClientAbstract.java:1669)
	at java.lang.reflect.Method.invoke(Method.java:498)
	at java.util.ArrayList.forEach(ArrayList.java:1259)
	at java.util.ArrayList.forEach(ArrayList.java:1259)
]]></failure>
    <system-out><![CDATA[2024-02-26 09:18:51,294 [main] INFO  rpc.RpcClient (RpcClient.java:createVolume(465)) - Creating Volume: ad62682c-613d-4751-a892-35be444d5a90, with runner as owner and space quota set to -1 bytes, counts quota set to -1
2024-02-26 09:18:51,295 [om1-OMStateMachineApplyTransactionThread - 0] INFO  volume.OMVolumeCreateRequest (OMVolumeCreateRequest.java:validateAndUpdateCache(198)) - created volume:ad62682c-613d-4751-a892-35be444d5a90 for user:runner
2024-02-26 09:18:51,296 [main] INFO  rpc.RpcClient (RpcClient.java:createBucket(691)) - Creating Bucket: ad62682c-613d-4751-a892-35be444d5a90/d61d316b-739a-4500-829b-f8cfefd638f9, with server-side default bucket layout, runner as owner, Versioning false, Storage Type set to DISK and Encryption set to false, Replication Type set to server-side default replication type, Namespace Quota set to -1, Space Quota set to -1 
2024-02-26 09:18:51,297 [om1-OMStateMachineApplyTransactionThread - 0] INFO  bucket.OMBucketCreateRequest (OMBucketCreateRequest.java:validateAndUpdateCache(292)) - created bucket: d61d316b-739a-4500-829b-f8cfefd638f9 of layout OBJECT_STORE in volume: ad62682c-613d-4751-a892-35be444d5a90
2024-02-26 09:18:51,931 [IPC Server handler 67 on default port 15001] WARN  node.SCMNodeManager (SCMNodeManager.java:getNodesByAddress(1554)) - Cannot find node for address 127.0.0.1
2024-02-26 09:18:51,932 [IPC Server handler 39 on default port 15001] WARN  node.SCMNodeManager (SCMNodeManager.java:getNodesByAddress(1554)) - Cannot find node for address 127.0.0.1
2024-02-26 09:18:51,934 [IPC Server handler 33 on default port 15001] WARN  node.SCMNodeManager (SCMNodeManager.java:getNodesByAddress(1554)) - Cannot find node for address 127.0.0.1
2024-02-26 09:18:51,934 [IPC Server handler 58 on default port 15001] WARN  node.SCMNodeManager (SCMNodeManager.java:getNodesByAddress(1554)) - Cannot find node for address 127.0.0.1
2024-02-26 09:18:51,936 [IPC Server handler 37 on default port 15001] WARN  node.SCMNodeManager (SCMNodeManager.java:getNodesByAddress(1554)) - Cannot find node for address 127.0.0.1
2024-02-26 09:18:51,937 [IPC Server handler 72 on default port 15001] WARN  node.SCMNodeManager (SCMNodeManager.java:getNodesByAddress(1554)) - Cannot find node for address 127.0.0.1
2024-02-26 09:18:51,938 [IPC Server handler 34 on default port 15001] WARN  node.SCMNodeManager (SCMNodeManager.java:getNodesByAddress(1554)) - Cannot find node for address 127.0.0.1
2024-02-26 09:18:51,938 [IPC Server handler 44 on default port 15001] WARN  node.SCMNodeManager (SCMNodeManager.java:getNodesByAddress(1554)) - Cannot find node for address 127.0.0.1
2024-02-26 09:18:51,974 [IPC Server handler 66 on default port 15001] WARN  node.SCMNodeManager (SCMNodeManager.java:getNodesByAddress(1554)) - Cannot find node for address 127.0.0.1
2024-02-26 09:18:51,974 [IPC Server handler 68 on default port 15001] WARN  node.SCMNodeManager (SCMNodeManager.java:getNodesByAddress(1554)) - Cannot find node for address 127.0.0.1
2024-02-26 09:18:51,977 [IPC Server handler 56 on default port 15001] WARN  node.SCMNodeManager (SCMNodeManager.java:getNodesByAddress(1554)) - Cannot find node for address 127.0.0.1
2024-02-26 09:18:51,979 [IPC Server handler 51 on default port 15001] WARN  node.SCMNodeManager (SCMNodeManager.java:getNodesByAddress(1554)) - Cannot find node for address 127.0.0.1
2024-02-26 09:18:51,980 [IPC Server handler 57 on default port 15001] WARN  node.SCMNodeManager (SCMNodeManager.java:getNodesByAddress(1554)) - Cannot find node for address 127.0.0.1
2024-02-26 09:18:51,980 [IPC Server handler 42 on default port 15001] WARN  node.SCMNodeManager (SCMNodeManager.java:getNodesByAddress(1554)) - Cannot find node for address 127.0.0.1
2024-02-26 09:18:52,711 [IPC Server handler 32 on default port 15001] WARN  node.SCMNodeManager (SCMNodeManager.java:getNodesByAddress(1554)) - Cannot find node for address 127.0.0.1
2024-02-26 09:18:52,712 [IPC Server handler 31 on default port 15001] WARN  node.SCMNodeManager (SCMNodeManager.java:getNodesByAddress(1554)) - Cannot find node for address 127.0.0.1
2024-02-26 09:18:52,713 [IPC Server handler 35 on default port 15001] WARN  node.SCMNodeManager (SCMNodeManager.java:getNodesByAddress(1554)) - Cannot find node for address 127.0.0.1
2024-02-26 09:18:52,714 [IPC Server handler 16 on default port 15001] WARN  node.SCMNodeManager (SCMNodeManager.java:getNodesByAddress(1554)) - Cannot find node for address 127.0.0.1
2024-02-26 09:18:52,722 [IPC Server handler 13 on default port 15001] WARN  node.SCMNodeManager (SCMNodeManager.java:getNodesByAddress(1554)) - Cannot find node for address 127.0.0.1
2024-02-26 09:18:52,723 [IPC Server handler 10 on default port 15001] WARN  node.SCMNodeManager (SCMNodeManager.java:getNodesByAddress(1554)) - Cannot find node for address 127.0.0.1
2024-02-26 09:18:52,723 [IPC Server handler 8 on default port 15001] WARN  node.SCMNodeManager (SCMNodeManager.java:getNodesByAddress(1554)) - Cannot find node for address 127.0.0.1
2024-02-26 09:18:52,724 [IPC Server handler 79 on default port 15001] WARN  node.SCMNodeManager (SCMNodeManager.java:getNodesByAddress(1554)) - Cannot find node for address 127.0.0.1
2024-02-26 09:18:52,766 [IPC Server handler 77 on default port 15001] WARN  node.SCMNodeManager (SCMNodeManager.java:getNodesByAddress(1554)) - Cannot find node for address 127.0.0.1
2024-02-26 09:18:52,767 [IPC Server handler 75 on default port 15001] WARN  node.SCMNodeManager (SCMNodeManager.java:getNodesByAddress(1554)) - Cannot find node for address 127.0.0.1
2024-02-26 09:18:52,768 [IPC Server handler 76 on default port 15001] WARN  node.SCMNodeManager (SCMNodeManager.java:getNodesByAddress(1554)) - Cannot find node for address 127.0.0.1
2024-02-26 09:18:52,771 [IPC Server handler 80 on default port 15001] WARN  node.SCMNodeManager (SCMNodeManager.java:getNodesByAddress(1554)) - Cannot find node for address 127.0.0.1
2024-02-26 09:18:52,771 [IPC Server handler 15 on default port 15001] WARN  node.SCMNodeManager (SCMNodeManager.java:getNodesByAddress(1554)) - Cannot find node for address 127.0.0.1
2024-02-26 09:18:52,772 [IPC Server handler 11 on default port 15001] WARN  node.SCMNodeManager (SCMNodeManager.java:getNodesByAddress(1554)) - Cannot find node for address 127.0.0.1
2024-02-26 09:18:54,695 [IPC Server handler 29 on default port 15001] WARN  node.SCMNodeManager (SCMNodeManager.java:getNodesByAddress(1554)) - Cannot find node for address 127.0.0.1
2024-02-26 09:18:54,696 [IPC Server handler 32 on default port 15001] WARN  node.SCMNodeManager (SCMNodeManager.java:getNodesByAddress(1554)) - Cannot find node for address 127.0.0.1
2024-02-26 09:18:54,697 [IPC Server handler 31 on default port 15001] WARN  node.SCMNodeManager (SCMNodeManager.java:getNodesByAddress(1554)) - Cannot find node for address 127.0.0.1
2024-02-26 09:18:54,698 [IPC Server handler 35 on default port 15001] WARN  node.SCMNodeManager (SCMNodeManager.java:getNodesByAddress(1554)) - Cannot find node for address 127.0.0.1
2024-02-26 09:18:54,699 [IPC Server handler 16 on default port 15001] WARN  node.SCMNodeManager (SCMNodeManager.java:getNodesByAddress(1554)) - Cannot find node for address 127.0.0.1
2024-02-26 09:18:54,700 [IPC Server handler 13 on default port 15001] WARN  node.SCMNodeManager (SCMNodeManager.java:getNodesByAddress(1554)) - Cannot find node for address 127.0.0.1
2024-02-26 09:18:55,320 [IPC Server handler 21 on default port 15001] WARN  node.SCMNodeManager (SCMNodeManager.java:getNodesByAddress(1554)) - Cannot find node for address 127.0.0.1
2024-02-26 09:18:55,321 [IPC Server handler 60 on default port 15001] WARN  node.SCMNodeManager (SCMNodeManager.java:getNodesByAddress(1554)) - Cannot find node for address 127.0.0.1
2024-02-26 09:18:55,321 [IPC Server handler 64 on default port 15001] WARN  node.SCMNodeManager (SCMNodeManager.java:getNodesByAddress(1554)) - Cannot find node for address 127.0.0.1
2024-02-26 09:18:55,324 [IPC Server handler 23 on default port 15001] WARN  node.SCMNodeManager (SCMNodeManager.java:getNodesByAddress(1554)) - Cannot find node for address 127.0.0.1
2024-02-26 09:18:55,324 [IPC Server handler 29 on default port 15001] WARN  node.SCMNodeManager (SCMNodeManager.java:getNodesByAddress(1554)) - Cannot find node for address 127.0.0.1
2024-02-26 09:18:55,325 [IPC Server handler 32 on default port 15001] WARN  node.SCMNodeManager (SCMNodeManager.java:getNodesByAddress(1554)) - Cannot find node for address 127.0.0.1
2024-02-26 09:18:55,732 [IPC Server handler 86 on default port 15001] WARN  node.SCMNodeManager (SCMNodeManager.java:getNodesByAddress(1554)) - Cannot find node for address 127.0.0.1
2024-02-26 09:18:55,733 [IPC Server handler 85 on default port 15001] WARN  node.SCMNodeManager (SCMNodeManager.java:getNodesByAddress(1554)) - Cannot find node for address 127.0.0.1
2024-02-26 09:18:55,733 [IPC Server handler 96 on default port 15001] WARN  node.SCMNodeManager (SCMNodeManager.java:getNodesByAddress(1554)) - Cannot find node for address 127.0.0.1
2024-02-26 09:18:55,735 [IPC Server handler 91 on default port 15001] WARN  node.SCMNodeManager (SCMNodeManager.java:getNodesByAddress(1554)) - Cannot find node for address 127.0.0.1
2024-02-26 09:18:55,736 [IPC Server handler 90 on default port 15001] WARN  node.SCMNodeManager (SCMNodeManager.java:getNodesByAddress(1554)) - Cannot find node for address 127.0.0.1
2024-02-26 09:18:55,736 [IPC Server handler 93 on default port 15001] WARN  node.SCMNodeManager (SCMNodeManager.java:getNodesByAddress(1554)) - Cannot find node for address 127.0.0.1
]]></system-out>
  </testcase>
  <testcase name="testPutKeySuccessWithBlockToken" classname="org.apache.hadoop.ozone.client.rpc.TestSecureOzoneRpcClient" time="0.352">
    <system-out><![CDATA[2024-02-26 09:18:55,877 [main] INFO  rpc.RpcClient (RpcClient.java:createVolume(465)) - Creating Volume: 8d1a5e6d-5138-438e-9ccc-0fceea8b8e1a, with runner as owner and space quota set to -1 bytes, counts quota set to -1
2024-02-26 09:18:55,883 [om1-OMStateMachineApplyTransactionThread - 0] INFO  volume.OMVolumeCreateRequest (OMVolumeCreateRequest.java:validateAndUpdateCache(198)) - created volume:8d1a5e6d-5138-438e-9ccc-0fceea8b8e1a for user:runner
2024-02-26 09:18:55,885 [main] INFO  rpc.RpcClient (RpcClient.java:createBucket(691)) - Creating Bucket: 8d1a5e6d-5138-438e-9ccc-0fceea8b8e1a/c917e91a-590a-4bb5-8dbf-2faf577616b3, with bucket layout OBJECT_STORE, runner as owner, Versioning false, Storage Type set to DISK and Encryption set to false, Replication Type set to server-side default replication type, Namespace Quota set to -1, Space Quota set to -1 
2024-02-26 09:18:55,886 [om1-OMStateMachineApplyTransactionThread - 0] INFO  bucket.OMBucketCreateRequest (OMBucketCreateRequest.java:validateAndUpdateCache(292)) - created bucket: c917e91a-590a-4bb5-8dbf-2faf577616b3 of layout OBJECT_STORE in volume: 8d1a5e6d-5138-438e-9ccc-0fceea8b8e1a
2024-02-26 09:18:55,900 [IPC Server handler 92 on default port 15001] WARN  node.SCMNodeManager (SCMNodeManager.java:getNodesByAddress(1554)) - Cannot find node for address 127.0.0.1
2024-02-26 09:18:55,902 [IPC Server handler 97 on default port 15001] WARN  node.SCMNodeManager (SCMNodeManager.java:getNodesByAddress(1554)) - Cannot find node for address 127.0.0.1
2024-02-26 09:18:55,918 [IPC Server handler 84 on default port 15001] WARN  node.SCMNodeManager (SCMNodeManager.java:getNodesByAddress(1554)) - Cannot find node for address 127.0.0.1
2024-02-26 09:18:55,921 [IPC Server handler 83 on default port 15001] WARN  node.SCMNodeManager (SCMNodeManager.java:getNodesByAddress(1554)) - Cannot find node for address 127.0.0.1
2024-02-26 09:18:55,934 [IPC Server handler 33 on default port 15001] WARN  node.SCMNodeManager (SCMNodeManager.java:getNodesByAddress(1554)) - Cannot find node for address 127.0.0.1
2024-02-26 09:18:55,936 [IPC Server handler 37 on default port 15001] WARN  node.SCMNodeManager (SCMNodeManager.java:getNodesByAddress(1554)) - Cannot find node for address 127.0.0.1
2024-02-26 09:18:55,953 [IPC Server handler 57 on default port 15001] WARN  node.SCMNodeManager (SCMNodeManager.java:getNodesByAddress(1554)) - Cannot find node for address 127.0.0.1
2024-02-26 09:18:55,962 [IPC Server handler 51 on default port 15001] WARN  node.SCMNodeManager (SCMNodeManager.java:getNodesByAddress(1554)) - Cannot find node for address 127.0.0.1
2024-02-26 09:18:55,976 [IPC Server handler 56 on default port 15001] WARN  node.SCMNodeManager (SCMNodeManager.java:getNodesByAddress(1554)) - Cannot find node for address 127.0.0.1
2024-02-26 09:18:55,978 [IPC Server handler 66 on default port 15001] WARN  node.SCMNodeManager (SCMNodeManager.java:getNodesByAddress(1554)) - Cannot find node for address 127.0.0.1
2024-02-26 09:18:55,993 [IPC Server handler 53 on default port 15001] WARN  node.SCMNodeManager (SCMNodeManager.java:getNodesByAddress(1554)) - Cannot find node for address 127.0.0.1
2024-02-26 09:18:55,995 [IPC Server handler 40 on default port 15001] WARN  node.SCMNodeManager (SCMNodeManager.java:getNodesByAddress(1554)) - Cannot find node for address 127.0.0.1
2024-02-26 09:18:56,010 [IPC Server handler 48 on default port 15001] WARN  node.SCMNodeManager (SCMNodeManager.java:getNodesByAddress(1554)) - Cannot find node for address 127.0.0.1
2024-02-26 09:18:56,012 [IPC Server handler 71 on default port 15001] WARN  node.SCMNodeManager (SCMNodeManager.java:getNodesByAddress(1554)) - Cannot find node for address 127.0.0.1
2024-02-26 09:18:56,026 [IPC Server handler 73 on default port 15001] WARN  node.SCMNodeManager (SCMNodeManager.java:getNodesByAddress(1554)) - Cannot find node for address 127.0.0.1
2024-02-26 09:18:56,027 [IPC Server handler 50 on default port 15001] WARN  node.SCMNodeManager (SCMNodeManager.java:getNodesByAddress(1554)) - Cannot find node for address 127.0.0.1
2024-02-26 09:18:56,041 [IPC Server handler 43 on default port 15001] WARN  node.SCMNodeManager (SCMNodeManager.java:getNodesByAddress(1554)) - Cannot find node for address 127.0.0.1
2024-02-26 09:18:56,043 [IPC Server handler 54 on default port 15001] WARN  node.SCMNodeManager (SCMNodeManager.java:getNodesByAddress(1554)) - Cannot find node for address 127.0.0.1
2024-02-26 09:18:56,056 [IPC Server handler 41 on default port 15001] WARN  node.SCMNodeManager (SCMNodeManager.java:getNodesByAddress(1554)) - Cannot find node for address 127.0.0.1
2024-02-26 09:18:56,058 [IPC Server handler 49 on default port 15001] WARN  node.SCMNodeManager (SCMNodeManager.java:getNodesByAddress(1554)) - Cannot find node for address 127.0.0.1
2024-02-26 09:18:56,063 [main] INFO  rpc.RpcClient (RpcClient.java:createVolume(465)) - Creating Volume: b44a12b5-710b-4047-bbfe-202cbf05741c, with runner as owner and space quota set to -1 bytes, counts quota set to -1
2024-02-26 09:18:56,065 [om1-OMStateMachineApplyTransactionThread - 0] INFO  volume.OMVolumeCreateRequest (OMVolumeCreateRequest.java:validateAndUpdateCache(198)) - created volume:b44a12b5-710b-4047-bbfe-202cbf05741c for user:runner
2024-02-26 09:18:56,066 [main] INFO  rpc.RpcClient (RpcClient.java:createBucket(691)) - Creating Bucket: b44a12b5-710b-4047-bbfe-202cbf05741c/2c330919-ba4f-45fd-a5a5-4871dfefd00f, with bucket layout FILE_SYSTEM_OPTIMIZED, runner as owner, Versioning false, Storage Type set to DISK and Encryption set to false, Replication Type set to server-side default replication type, Namespace Quota set to -1, Space Quota set to -1 
2024-02-26 09:18:56,067 [om1-OMStateMachineApplyTransactionThread - 0] INFO  bucket.OMBucketCreateRequest (OMBucketCreateRequest.java:validateAndUpdateCache(292)) - created bucket: 2c330919-ba4f-45fd-a5a5-4871dfefd00f of layout FILE_SYSTEM_OPTIMIZED in volume: b44a12b5-710b-4047-bbfe-202cbf05741c
2024-02-26 09:18:56,077 [IPC Server handler 69 on default port 15001] WARN  node.SCMNodeManager (SCMNodeManager.java:getNodesByAddress(1554)) - Cannot find node for address 127.0.0.1
2024-02-26 09:18:56,079 [IPC Server handler 36 on default port 15001] WARN  node.SCMNodeManager (SCMNodeManager.java:getNodesByAddress(1554)) - Cannot find node for address 127.0.0.1
2024-02-26 09:18:56,093 [IPC Server handler 59 on default port 15001] WARN  node.SCMNodeManager (SCMNodeManager.java:getNodesByAddress(1554)) - Cannot find node for address 127.0.0.1
2024-02-26 09:18:56,094 [IPC Server handler 0 on default port 15001] WARN  node.SCMNodeManager (SCMNodeManager.java:getNodesByAddress(1554)) - Cannot find node for address 127.0.0.1
2024-02-26 09:18:56,109 [IPC Server handler 1 on default port 15001] WARN  node.SCMNodeManager (SCMNodeManager.java:getNodesByAddress(1554)) - Cannot find node for address 127.0.0.1
2024-02-26 09:18:56,111 [IPC Server handler 6 on default port 15001] WARN  node.SCMNodeManager (SCMNodeManager.java:getNodesByAddress(1554)) - Cannot find node for address 127.0.0.1
2024-02-26 09:18:56,124 [IPC Server handler 2 on default port 15001] WARN  node.SCMNodeManager (SCMNodeManager.java:getNodesByAddress(1554)) - Cannot find node for address 127.0.0.1
2024-02-26 09:18:56,126 [IPC Server handler 5 on default port 15001] WARN  node.SCMNodeManager (SCMNodeManager.java:getNodesByAddress(1554)) - Cannot find node for address 127.0.0.1
2024-02-26 09:18:56,138 [IPC Server handler 19 on default port 15001] WARN  node.SCMNodeManager (SCMNodeManager.java:getNodesByAddress(1554)) - Cannot find node for address 127.0.0.1
2024-02-26 09:18:56,139 [IPC Server handler 22 on default port 15001] WARN  node.SCMNodeManager (SCMNodeManager.java:getNodesByAddress(1554)) - Cannot find node for address 127.0.0.1
2024-02-26 09:18:56,152 [IPC Server handler 26 on default port 15001] WARN  node.SCMNodeManager (SCMNodeManager.java:getNodesByAddress(1554)) - Cannot find node for address 127.0.0.1
2024-02-26 09:18:56,153 [IPC Server handler 9 on default port 15001] WARN  node.SCMNodeManager (SCMNodeManager.java:getNodesByAddress(1554)) - Cannot find node for address 127.0.0.1
2024-02-26 09:18:56,171 [IPC Server handler 30 on default port 15001] WARN  node.SCMNodeManager (SCMNodeManager.java:getNodesByAddress(1554)) - Cannot find node for address 127.0.0.1
2024-02-26 09:18:56,173 [IPC Server handler 81 on default port 15001] WARN  node.SCMNodeManager (SCMNodeManager.java:getNodesByAddress(1554)) - Cannot find node for address 127.0.0.1
2024-02-26 09:18:56,186 [IPC Server handler 17 on default port 15001] WARN  node.SCMNodeManager (SCMNodeManager.java:getNodesByAddress(1554)) - Cannot find node for address 127.0.0.1
2024-02-26 09:18:56,187 [IPC Server handler 63 on default port 15001] WARN  node.SCMNodeManager (SCMNodeManager.java:getNodesByAddress(1554)) - Cannot find node for address 127.0.0.1
2024-02-26 09:18:56,201 [IPC Server handler 28 on default port 15001] WARN  node.SCMNodeManager (SCMNodeManager.java:getNodesByAddress(1554)) - Cannot find node for address 127.0.0.1
2024-02-26 09:18:56,203 [IPC Server handler 12 on default port 15001] WARN  node.SCMNodeManager (SCMNodeManager.java:getNodesByAddress(1554)) - Cannot find node for address 127.0.0.1
2024-02-26 09:18:56,220 [IPC Server handler 27 on default port 15001] WARN  node.SCMNodeManager (SCMNodeManager.java:getNodesByAddress(1554)) - Cannot find node for address 127.0.0.1
2024-02-26 09:18:56,222 [IPC Server handler 24 on default port 15001] WARN  node.SCMNodeManager (SCMNodeManager.java:getNodesByAddress(1554)) - Cannot find node for address 127.0.0.1
]]></system-out>
  </testcase>
  <testcase name="testPutKeyWithReplicationConfig(String, boolean)[1]" classname="org.apache.hadoop.ozone.client.rpc.TestSecureOzoneRpcClient" time="0.01">
    <system-out><![CDATA[2024-02-26 09:18:56,231 [main] INFO  rpc.RpcClient (RpcClient.java:createVolume(465)) - Creating Volume: 2ffd63b0-a06e-4e70-a875-41718f640830, with runner as owner and space quota set to -1 bytes, counts quota set to -1
2024-02-26 09:18:56,233 [om1-OMStateMachineApplyTransactionThread - 0] INFO  volume.OMVolumeCreateRequest (OMVolumeCreateRequest.java:validateAndUpdateCache(198)) - created volume:2ffd63b0-a06e-4e70-a875-41718f640830 for user:runner
2024-02-26 09:18:56,237 [main] INFO  rpc.RpcClient (RpcClient.java:createBucket(691)) - Creating Bucket: 2ffd63b0-a06e-4e70-a875-41718f640830/84034af6-1b9c-4536-a477-4e9b95892929, with server-side default bucket layout, runner as owner, Versioning false, Storage Type set to DISK and Encryption set to false, Replication Type set to server-side default replication type, Namespace Quota set to -1, Space Quota set to -1 
2024-02-26 09:18:56,238 [om1-OMStateMachineApplyTransactionThread - 0] INFO  bucket.OMBucketCreateRequest (OMBucketCreateRequest.java:validateAndUpdateCache(292)) - created bucket: 84034af6-1b9c-4536-a477-4e9b95892929 of layout OBJECT_STORE in volume: 2ffd63b0-a06e-4e70-a875-41718f640830
]]></system-out>
  </testcase>
  <testcase name="testPutKeyWithReplicationConfig(String, boolean)[2]" classname="org.apache.hadoop.ozone.client.rpc.TestSecureOzoneRpcClient" time="0.006">
    <system-out><![CDATA[2024-02-26 09:18:56,241 [main] INFO  rpc.RpcClient (RpcClient.java:createVolume(465)) - Creating Volume: 72811292-4da0-4a30-aecc-4149ffbbeac8, with runner as owner and space quota set to -1 bytes, counts quota set to -1
2024-02-26 09:18:56,242 [om1-OMStateMachineApplyTransactionThread - 0] INFO  volume.OMVolumeCreateRequest (OMVolumeCreateRequest.java:validateAndUpdateCache(198)) - created volume:72811292-4da0-4a30-aecc-4149ffbbeac8 for user:runner
2024-02-26 09:18:56,243 [main] INFO  rpc.RpcClient (RpcClient.java:createBucket(691)) - Creating Bucket: 72811292-4da0-4a30-aecc-4149ffbbeac8/02368813-8058-4e2c-ba11-b3191138f593, with server-side default bucket layout, runner as owner, Versioning false, Storage Type set to DISK and Encryption set to false, Replication Type set to server-side default replication type, Namespace Quota set to -1, Space Quota set to -1 
2024-02-26 09:18:56,245 [om1-OMStateMachineApplyTransactionThread - 0] INFO  bucket.OMBucketCreateRequest (OMBucketCreateRequest.java:validateAndUpdateCache(292)) - created bucket: 02368813-8058-4e2c-ba11-b3191138f593 of layout OBJECT_STORE in volume: 72811292-4da0-4a30-aecc-4149ffbbeac8
]]></system-out>
  </testcase>
  <testcase name="testPutKeyWithReplicationConfig(String, boolean)[3]" classname="org.apache.hadoop.ozone.client.rpc.TestSecureOzoneRpcClient" time="0.021">
    <system-out><![CDATA[2024-02-26 09:18:56,247 [main] INFO  rpc.RpcClient (RpcClient.java:createVolume(465)) - Creating Volume: 025188f3-a497-4681-ab2f-588ba8d2c60f, with runner as owner and space quota set to -1 bytes, counts quota set to -1
2024-02-26 09:18:56,248 [om1-OMStateMachineApplyTransactionThread - 0] INFO  volume.OMVolumeCreateRequest (OMVolumeCreateRequest.java:validateAndUpdateCache(198)) - created volume:025188f3-a497-4681-ab2f-588ba8d2c60f for user:runner
2024-02-26 09:18:56,249 [main] INFO  rpc.RpcClient (RpcClient.java:createBucket(691)) - Creating Bucket: 025188f3-a497-4681-ab2f-588ba8d2c60f/f147fc46-62a2-44c8-a489-3decb35508db, with server-side default bucket layout, runner as owner, Versioning false, Storage Type set to DISK and Encryption set to false, Replication Type set to server-side default replication type, Namespace Quota set to -1, Space Quota set to -1 
2024-02-26 09:18:56,250 [om1-OMStateMachineApplyTransactionThread - 0] INFO  bucket.OMBucketCreateRequest (OMBucketCreateRequest.java:validateAndUpdateCache(292)) - created bucket: f147fc46-62a2-44c8-a489-3decb35508db of layout OBJECT_STORE in volume: 025188f3-a497-4681-ab2f-588ba8d2c60f
2024-02-26 09:18:56,262 [IPC Server handler 21 on default port 15001] WARN  node.SCMNodeManager (SCMNodeManager.java:getNodesByAddress(1554)) - Cannot find node for address 127.0.0.1
2024-02-26 09:18:56,263 [IPC Server handler 60 on default port 15001] WARN  node.SCMNodeManager (SCMNodeManager.java:getNodesByAddress(1554)) - Cannot find node for address 127.0.0.1
]]></system-out>
  </testcase>
  <testcase name="testPutKeyWithReplicationConfig(String, boolean)[4]" classname="org.apache.hadoop.ozone.client.rpc.TestSecureOzoneRpcClient" time="0.077">
    <system-out><![CDATA[2024-02-26 09:18:56,268 [main] INFO  rpc.RpcClient (RpcClient.java:createVolume(465)) - Creating Volume: 22dbf21a-3915-470c-8dff-04b10cffe945, with runner as owner and space quota set to -1 bytes, counts quota set to -1
2024-02-26 09:18:56,270 [om1-OMStateMachineApplyTransactionThread - 0] INFO  volume.OMVolumeCreateRequest (OMVolumeCreateRequest.java:validateAndUpdateCache(198)) - created volume:22dbf21a-3915-470c-8dff-04b10cffe945 for user:runner
2024-02-26 09:18:56,271 [main] INFO  rpc.RpcClient (RpcClient.java:createBucket(691)) - Creating Bucket: 22dbf21a-3915-470c-8dff-04b10cffe945/c076578b-4d84-43bf-b707-21a6ac43b426, with server-side default bucket layout, runner as owner, Versioning false, Storage Type set to DISK and Encryption set to false, Replication Type set to server-side default replication type, Namespace Quota set to -1, Space Quota set to -1 
2024-02-26 09:18:56,272 [om1-OMStateMachineApplyTransactionThread - 0] INFO  bucket.OMBucketCreateRequest (OMBucketCreateRequest.java:validateAndUpdateCache(292)) - created bucket: c076578b-4d84-43bf-b707-21a6ac43b426 of layout OBJECT_STORE in volume: 22dbf21a-3915-470c-8dff-04b10cffe945
2024-02-26 09:18:56,275 [IPC Server handler 64 on default port 15001] INFO  algorithms.SCMContainerPlacementRackScatter (SCMContainerPlacementRackScatter.java:chooseDatanodesInternal(370)) - Chosen nodes: [1fc8e30e-bcf6-4a54-bb04-f74c1c9f090e(fv-az1109-796.pxagtw4bd2yejgkn5xrroktb3f.dx.internal.cloudapp.net/10.1.0.30), f4d7646f-0fb1-4da2-a8dc-21597b443f6f(fv-az1109-796.pxagtw4bd2yejgkn5xrroktb3f.dx.internal.cloudapp.net/10.1.0.30), b254f787-4ade-443a-8cd7-22935f345023(fv-az1109-796.pxagtw4bd2yejgkn5xrroktb3f.dx.internal.cloudapp.net/10.1.0.30), aa7921d1-8be5-430c-af0e-7b09d4ba500e(fv-az1109-796.pxagtw4bd2yejgkn5xrroktb3f.dx.internal.cloudapp.net/10.1.0.30), f0a2b3de-ed07-43d6-bdce-9d4b8e15ed2c(fv-az1109-796.pxagtw4bd2yejgkn5xrroktb3f.dx.internal.cloudapp.net/10.1.0.30), 805285a9-14be-4ba5-9516-049ed8f85315(fv-az1109-796.pxagtw4bd2yejgkn5xrroktb3f.dx.internal.cloudapp.net/10.1.0.30), 4e76a5f4-598e-407f-bd79-992a553d1db1(fv-az1109-796.pxagtw4bd2yejgkn5xrroktb3f.dx.internal.cloudapp.net/10.1.0.30), a70c1067-2103-48d8-b21c-f7bdcf327398(fv-az1109-796.pxagtw4bd2yejgkn5xrroktb3f.dx.internal.cloudapp.net/10.1.0.30), 87e9945c-a125-4404-bbe2-61a5a4b10cf4(fv-az1109-796.pxagtw4bd2yejgkn5xrroktb3f.dx.internal.cloudapp.net/10.1.0.30)]. isPolicySatisfied: true.
2024-02-26 09:18:56,277 [IPC Server handler 64 on default port 15001] INFO  pipeline.WritableECContainerProvider (WritableECContainerProvider.java:allocateContainer(211)) - Created and opened new pipeline Pipeline[ Id: 91cc317f-6c27-4f86-b05e-9e4e86d9ce8c, Nodes: 1fc8e30e-bcf6-4a54-bb04-f74c1c9f090e(fv-az1109-796.pxagtw4bd2yejgkn5xrroktb3f.dx.internal.cloudapp.net/10.1.0.30)f4d7646f-0fb1-4da2-a8dc-21597b443f6f(fv-az1109-796.pxagtw4bd2yejgkn5xrroktb3f.dx.internal.cloudapp.net/10.1.0.30)b254f787-4ade-443a-8cd7-22935f345023(fv-az1109-796.pxagtw4bd2yejgkn5xrroktb3f.dx.internal.cloudapp.net/10.1.0.30)aa7921d1-8be5-430c-af0e-7b09d4ba500e(fv-az1109-796.pxagtw4bd2yejgkn5xrroktb3f.dx.internal.cloudapp.net/10.1.0.30)f0a2b3de-ed07-43d6-bdce-9d4b8e15ed2c(fv-az1109-796.pxagtw4bd2yejgkn5xrroktb3f.dx.internal.cloudapp.net/10.1.0.30)805285a9-14be-4ba5-9516-049ed8f85315(fv-az1109-796.pxagtw4bd2yejgkn5xrroktb3f.dx.internal.cloudapp.net/10.1.0.30)4e76a5f4-598e-407f-bd79-992a553d1db1(fv-az1109-796.pxagtw4bd2yejgkn5xrroktb3f.dx.internal.cloudapp.net/10.1.0.30)a70c1067-2103-48d8-b21c-f7bdcf327398(fv-az1109-796.pxagtw4bd2yejgkn5xrroktb3f.dx.internal.cloudapp.net/10.1.0.30)87e9945c-a125-4404-bbe2-61a5a4b10cf4(fv-az1109-796.pxagtw4bd2yejgkn5xrroktb3f.dx.internal.cloudapp.net/10.1.0.30), ReplicationConfig: EC{rs-6-3-1024k}, State:ALLOCATED, leaderId:, CreationTimestamp2024-02-26T09:18:56.275Z[Etc/UTC]]
2024-02-26 09:18:56,340 [IPC Server handler 31 on default port 15001] WARN  node.SCMNodeManager (SCMNodeManager.java:getNodesByAddress(1554)) - Cannot find node for address 127.0.0.1
2024-02-26 09:18:56,342 [IPC Server handler 35 on default port 15001] WARN  node.SCMNodeManager (SCMNodeManager.java:getNodesByAddress(1554)) - Cannot find node for address 127.0.0.1
]]></system-out>
  </testcase>
  <testcase name="testPutKeyWithReplicationConfig(String, boolean)[5]" classname="org.apache.hadoop.ozone.client.rpc.TestSecureOzoneRpcClient" time="0.07">
    <system-out><![CDATA[2024-02-26 09:18:56,346 [main] INFO  rpc.RpcClient (RpcClient.java:createVolume(465)) - Creating Volume: a90c272c-91a4-42bd-a675-a7f27308ba23, with runner as owner and space quota set to -1 bytes, counts quota set to -1
2024-02-26 09:18:56,347 [om1-OMStateMachineApplyTransactionThread - 0] INFO  volume.OMVolumeCreateRequest (OMVolumeCreateRequest.java:validateAndUpdateCache(198)) - created volume:a90c272c-91a4-42bd-a675-a7f27308ba23 for user:runner
2024-02-26 09:18:56,348 [main] INFO  rpc.RpcClient (RpcClient.java:createBucket(691)) - Creating Bucket: a90c272c-91a4-42bd-a675-a7f27308ba23/1194cbdc-96ea-475f-9fce-347486f531a8, with server-side default bucket layout, runner as owner, Versioning false, Storage Type set to DISK and Encryption set to false, Replication Type set to server-side default replication type, Namespace Quota set to -1, Space Quota set to -1 
2024-02-26 09:18:56,350 [om1-OMStateMachineApplyTransactionThread - 0] INFO  bucket.OMBucketCreateRequest (OMBucketCreateRequest.java:validateAndUpdateCache(292)) - created bucket: 1194cbdc-96ea-475f-9fce-347486f531a8 of layout OBJECT_STORE in volume: a90c272c-91a4-42bd-a675-a7f27308ba23
2024-02-26 09:18:56,352 [IPC Server handler 16 on default port 15001] INFO  algorithms.SCMContainerPlacementRackScatter (SCMContainerPlacementRackScatter.java:chooseDatanodesInternal(370)) - Chosen nodes: [90984f07-37f5-40e1-bf66-3a8ca2321052(fv-az1109-796.pxagtw4bd2yejgkn5xrroktb3f.dx.internal.cloudapp.net/10.1.0.30), f0a2b3de-ed07-43d6-bdce-9d4b8e15ed2c(fv-az1109-796.pxagtw4bd2yejgkn5xrroktb3f.dx.internal.cloudapp.net/10.1.0.30), 805285a9-14be-4ba5-9516-049ed8f85315(fv-az1109-796.pxagtw4bd2yejgkn5xrroktb3f.dx.internal.cloudapp.net/10.1.0.30), ca5f02e2-bc43-4498-b1f2-381f8abbb3f5(fv-az1109-796.pxagtw4bd2yejgkn5xrroktb3f.dx.internal.cloudapp.net/10.1.0.30), 62c7a6b6-874c-46f0-a24f-66d1ecaaa81b(fv-az1109-796.pxagtw4bd2yejgkn5xrroktb3f.dx.internal.cloudapp.net/10.1.0.30), 87e9945c-a125-4404-bbe2-61a5a4b10cf4(fv-az1109-796.pxagtw4bd2yejgkn5xrroktb3f.dx.internal.cloudapp.net/10.1.0.30), 8b754925-a2c8-41f5-ba18-fc172404abb1(fv-az1109-796.pxagtw4bd2yejgkn5xrroktb3f.dx.internal.cloudapp.net/10.1.0.30), a70c1067-2103-48d8-b21c-f7bdcf327398(fv-az1109-796.pxagtw4bd2yejgkn5xrroktb3f.dx.internal.cloudapp.net/10.1.0.30), 1fc8e30e-bcf6-4a54-bb04-f74c1c9f090e(fv-az1109-796.pxagtw4bd2yejgkn5xrroktb3f.dx.internal.cloudapp.net/10.1.0.30), bca0bda6-c24b-45de-ae86-b5c7c2d890ab(fv-az1109-796.pxagtw4bd2yejgkn5xrroktb3f.dx.internal.cloudapp.net/10.1.0.30), aa7921d1-8be5-430c-af0e-7b09d4ba500e(fv-az1109-796.pxagtw4bd2yejgkn5xrroktb3f.dx.internal.cloudapp.net/10.1.0.30), f4d7646f-0fb1-4da2-a8dc-21597b443f6f(fv-az1109-796.pxagtw4bd2yejgkn5xrroktb3f.dx.internal.cloudapp.net/10.1.0.30), b254f787-4ade-443a-8cd7-22935f345023(fv-az1109-796.pxagtw4bd2yejgkn5xrroktb3f.dx.internal.cloudapp.net/10.1.0.30), 4e76a5f4-598e-407f-bd79-992a553d1db1(fv-az1109-796.pxagtw4bd2yejgkn5xrroktb3f.dx.internal.cloudapp.net/10.1.0.30)]. isPolicySatisfied: true.
2024-02-26 09:18:56,354 [IPC Server handler 16 on default port 15001] INFO  pipeline.WritableECContainerProvider (WritableECContainerProvider.java:allocateContainer(211)) - Created and opened new pipeline Pipeline[ Id: e2c5bd5a-947e-40ad-bcab-c6b755dc0316, Nodes: 90984f07-37f5-40e1-bf66-3a8ca2321052(fv-az1109-796.pxagtw4bd2yejgkn5xrroktb3f.dx.internal.cloudapp.net/10.1.0.30)f0a2b3de-ed07-43d6-bdce-9d4b8e15ed2c(fv-az1109-796.pxagtw4bd2yejgkn5xrroktb3f.dx.internal.cloudapp.net/10.1.0.30)805285a9-14be-4ba5-9516-049ed8f85315(fv-az1109-796.pxagtw4bd2yejgkn5xrroktb3f.dx.internal.cloudapp.net/10.1.0.30)ca5f02e2-bc43-4498-b1f2-381f8abbb3f5(fv-az1109-796.pxagtw4bd2yejgkn5xrroktb3f.dx.internal.cloudapp.net/10.1.0.30)62c7a6b6-874c-46f0-a24f-66d1ecaaa81b(fv-az1109-796.pxagtw4bd2yejgkn5xrroktb3f.dx.internal.cloudapp.net/10.1.0.30)87e9945c-a125-4404-bbe2-61a5a4b10cf4(fv-az1109-796.pxagtw4bd2yejgkn5xrroktb3f.dx.internal.cloudapp.net/10.1.0.30)8b754925-a2c8-41f5-ba18-fc172404abb1(fv-az1109-796.pxagtw4bd2yejgkn5xrroktb3f.dx.internal.cloudapp.net/10.1.0.30)a70c1067-2103-48d8-b21c-f7bdcf327398(fv-az1109-796.pxagtw4bd2yejgkn5xrroktb3f.dx.internal.cloudapp.net/10.1.0.30)1fc8e30e-bcf6-4a54-bb04-f74c1c9f090e(fv-az1109-796.pxagtw4bd2yejgkn5xrroktb3f.dx.internal.cloudapp.net/10.1.0.30)bca0bda6-c24b-45de-ae86-b5c7c2d890ab(fv-az1109-796.pxagtw4bd2yejgkn5xrroktb3f.dx.internal.cloudapp.net/10.1.0.30)aa7921d1-8be5-430c-af0e-7b09d4ba500e(fv-az1109-796.pxagtw4bd2yejgkn5xrroktb3f.dx.internal.cloudapp.net/10.1.0.30)f4d7646f-0fb1-4da2-a8dc-21597b443f6f(fv-az1109-796.pxagtw4bd2yejgkn5xrroktb3f.dx.internal.cloudapp.net/10.1.0.30)b254f787-4ade-443a-8cd7-22935f345023(fv-az1109-796.pxagtw4bd2yejgkn5xrroktb3f.dx.internal.cloudapp.net/10.1.0.30)4e76a5f4-598e-407f-bd79-992a553d1db1(fv-az1109-796.pxagtw4bd2yejgkn5xrroktb3f.dx.internal.cloudapp.net/10.1.0.30), ReplicationConfig: EC{rs-10-4-1024k}, State:ALLOCATED, leaderId:, CreationTimestamp2024-02-26T09:18:56.352Z[Etc/UTC]]
2024-02-26 09:18:56,411 [IPC Server handler 13 on default port 15001] WARN  node.SCMNodeManager (SCMNodeManager.java:getNodesByAddress(1554)) - Cannot find node for address 127.0.0.1
2024-02-26 09:18:56,413 [IPC Server handler 86 on default port 15001] WARN  node.SCMNodeManager (SCMNodeManager.java:getNodesByAddress(1554)) - Cannot find node for address 127.0.0.1
]]></system-out>
  </testcase>
  <testcase name="testReadKeyWithCorruptedData" classname="org.apache.hadoop.ozone.client.rpc.TestSecureOzoneRpcClient" time="0.039">
    <system-out><![CDATA[2024-02-26 09:18:56,417 [main] INFO  rpc.RpcClient (RpcClient.java:createVolume(465)) - Creating Volume: 27bf17a2-ef18-422b-af50-16ffc85023b7, with runner as owner and space quota set to -1 bytes, counts quota set to -1
2024-02-26 09:18:56,419 [om1-OMStateMachineApplyTransactionThread - 0] INFO  volume.OMVolumeCreateRequest (OMVolumeCreateRequest.java:validateAndUpdateCache(198)) - created volume:27bf17a2-ef18-422b-af50-16ffc85023b7 for user:runner
2024-02-26 09:18:56,420 [main] INFO  rpc.RpcClient (RpcClient.java:createBucket(691)) - Creating Bucket: 27bf17a2-ef18-422b-af50-16ffc85023b7/93a4b787-2638-4245-9759-8e5d37073514, with server-side default bucket layout, runner as owner, Versioning false, Storage Type set to DISK and Encryption set to false, Replication Type set to server-side default replication type, Namespace Quota set to -1, Space Quota set to -1 
2024-02-26 09:18:56,421 [om1-OMStateMachineApplyTransactionThread - 0] INFO  bucket.OMBucketCreateRequest (OMBucketCreateRequest.java:validateAndUpdateCache(292)) - created bucket: 93a4b787-2638-4245-9759-8e5d37073514 of layout OBJECT_STORE in volume: 27bf17a2-ef18-422b-af50-16ffc85023b7
2024-02-26 09:18:56,429 [IPC Server handler 96 on default port 15001] WARN  node.SCMNodeManager (SCMNodeManager.java:getNodesByAddress(1554)) - Cannot find node for address 127.0.0.1
2024-02-26 09:18:56,449 [IPC Server handler 91 on default port 15001] WARN  node.SCMNodeManager (SCMNodeManager.java:getNodesByAddress(1554)) - Cannot find node for address 127.0.0.1
2024-02-26 09:18:56,452 [main] ERROR scm.XceiverClientGrpc (XceiverClientGrpc.java:sendCommandWithRetry(443)) - Failed to execute command ReadChunk on the pipeline Pipeline[ Id: da84240f-f37b-4bed-b4dd-84a835d1b97a, Nodes: 90984f07-37f5-40e1-bf66-3a8ca2321052(fv-az1109-796.pxagtw4bd2yejgkn5xrroktb3f.dx.internal.cloudapp.net/10.1.0.30), ReplicationConfig: STANDALONE/ONE, State:OPEN, leaderId:90984f07-37f5-40e1-bf66-3a8ca2321052, CreationTimestamp2024-02-26T09:18:28.228Z[Etc/UTC]].
2024-02-26 09:18:56,454 [main] ERROR scm.XceiverClientGrpc (XceiverClientGrpc.java:sendCommandWithRetry(443)) - Failed to execute command ReadChunk on the pipeline Pipeline[ Id: da84240f-f37b-4bed-b4dd-84a835d1b97a, Nodes: 90984f07-37f5-40e1-bf66-3a8ca2321052(fv-az1109-796.pxagtw4bd2yejgkn5xrroktb3f.dx.internal.cloudapp.net/10.1.0.30), ReplicationConfig: STANDALONE/ONE, State:OPEN, leaderId:90984f07-37f5-40e1-bf66-3a8ca2321052, CreationTimestamp2024-02-26T09:18:28.228Z[Etc/UTC]].
2024-02-26 09:18:56,455 [main] ERROR scm.XceiverClientGrpc (XceiverClientGrpc.java:sendCommandWithRetry(443)) - Failed to execute command ReadChunk on the pipeline Pipeline[ Id: da84240f-f37b-4bed-b4dd-84a835d1b97a, Nodes: 90984f07-37f5-40e1-bf66-3a8ca2321052(fv-az1109-796.pxagtw4bd2yejgkn5xrroktb3f.dx.internal.cloudapp.net/10.1.0.30), ReplicationConfig: STANDALONE/ONE, State:OPEN, leaderId:90984f07-37f5-40e1-bf66-3a8ca2321052, CreationTimestamp2024-02-26T09:18:28.228Z[Etc/UTC]].
]]></system-out>
  </testcase>
  <testcase name="testReadKeyWithCorruptedDataWithMutiNodes" classname="org.apache.hadoop.ozone.client.rpc.TestSecureOzoneRpcClient" time="0.091">
    <system-out><![CDATA[2024-02-26 09:18:56,456 [main] INFO  rpc.RpcClient (RpcClient.java:createVolume(465)) - Creating Volume: dd2ccf82-7aba-4de4-add2-fd58120e515c, with runner as owner and space quota set to -1 bytes, counts quota set to -1
2024-02-26 09:18:56,458 [om1-OMStateMachineApplyTransactionThread - 0] INFO  volume.OMVolumeCreateRequest (OMVolumeCreateRequest.java:validateAndUpdateCache(198)) - created volume:dd2ccf82-7aba-4de4-add2-fd58120e515c for user:runner
2024-02-26 09:18:56,459 [main] INFO  rpc.RpcClient (RpcClient.java:createBucket(691)) - Creating Bucket: dd2ccf82-7aba-4de4-add2-fd58120e515c/43b97aef-4865-47c2-8dbf-90e85b7f01bf, with server-side default bucket layout, runner as owner, Versioning false, Storage Type set to DISK and Encryption set to false, Replication Type set to server-side default replication type, Namespace Quota set to -1, Space Quota set to -1 
2024-02-26 09:18:56,460 [om1-OMStateMachineApplyTransactionThread - 0] INFO  bucket.OMBucketCreateRequest (OMBucketCreateRequest.java:validateAndUpdateCache(292)) - created bucket: 43b97aef-4865-47c2-8dbf-90e85b7f01bf of layout OBJECT_STORE in volume: dd2ccf82-7aba-4de4-add2-fd58120e515c
2024-02-26 09:18:56,471 [IPC Server handler 93 on default port 15001] WARN  node.SCMNodeManager (SCMNodeManager.java:getNodesByAddress(1554)) - Cannot find node for address 127.0.0.1
2024-02-26 09:18:56,481 [IPC Server handler 89 on default port 15001] WARN  node.SCMNodeManager (SCMNodeManager.java:getNodesByAddress(1554)) - Cannot find node for address 127.0.0.1
2024-02-26 09:18:56,493 [IPC Server handler 92 on default port 15001] WARN  node.SCMNodeManager (SCMNodeManager.java:getNodesByAddress(1554)) - Cannot find node for address 127.0.0.1
2024-02-26 09:18:56,508 [IPC Server handler 97 on default port 15001] WARN  node.SCMNodeManager (SCMNodeManager.java:getNodesByAddress(1554)) - Cannot find node for address 127.0.0.1
2024-02-26 09:18:56,515 [main] ERROR scm.XceiverClientGrpc (XceiverClientGrpc.java:sendCommandWithRetry(443)) - Failed to execute command ReadChunk on the pipeline Pipeline[ Id: 9282a3c2-574b-4ce6-8fd7-73fbaf7e6709, Nodes: a70c1067-2103-48d8-b21c-f7bdcf327398(fv-az1109-796.pxagtw4bd2yejgkn5xrroktb3f.dx.internal.cloudapp.net/10.1.0.30)f0a2b3de-ed07-43d6-bdce-9d4b8e15ed2c(fv-az1109-796.pxagtw4bd2yejgkn5xrroktb3f.dx.internal.cloudapp.net/10.1.0.30)1fc8e30e-bcf6-4a54-bb04-f74c1c9f090e(fv-az1109-796.pxagtw4bd2yejgkn5xrroktb3f.dx.internal.cloudapp.net/10.1.0.30), ReplicationConfig: STANDALONE/THREE, State:OPEN, leaderId:a70c1067-2103-48d8-b21c-f7bdcf327398, CreationTimestamp2024-02-26T09:18:27.208Z[Etc/UTC]].
2024-02-26 09:18:56,516 [main] WARN  storage.ContainerProtocolCalls (ContainerProtocolCalls.java:tryEachDatanode(150)) - Failed to read chunk 113750153625600391_chunk_1 (len=12) conID: 16 locID: 113750153625600391 bcsId: 160 from a70c1067-2103-48d8-b21c-f7bdcf327398(fv-az1109-796.pxagtw4bd2yejgkn5xrroktb3f.dx.internal.cloudapp.net/10.1.0.30); will try another datanode.
org.apache.hadoop.ozone.common.OzoneChecksumException: Checksum mismatch at index 0
	at org.apache.hadoop.ozone.common.ChecksumData.verifyChecksumDataMatches(ChecksumData.java:139)
	at org.apache.hadoop.ozone.common.Checksum.verifyChecksum(Checksum.java:296)
	at org.apache.hadoop.hdds.scm.storage.ChunkInputStream.validateChunk(ChunkInputStream.java:488)
	at org.apache.hadoop.hdds.scm.XceiverClientGrpc.sendCommandWithRetry(XceiverClientGrpc.java:400)
	at org.apache.hadoop.hdds.scm.XceiverClientGrpc.lambda$sendCommandWithTraceIDAndRetry$0(XceiverClientGrpc.java:340)
	at org.apache.hadoop.hdds.tracing.TracingUtil.executeInSpan(TracingUtil.java:159)
	at org.apache.hadoop.hdds.tracing.TracingUtil.executeInNewSpan(TracingUtil.java:149)
	at org.apache.hadoop.hdds.scm.XceiverClientGrpc.sendCommandWithTraceIDAndRetry(XceiverClientGrpc.java:335)
	at org.apache.hadoop.hdds.scm.XceiverClientGrpc.sendCommand(XceiverClientGrpc.java:316)
	at org.apache.hadoop.hdds.scm.storage.ContainerProtocolCalls.readChunk(ContainerProtocolCalls.java:327)
	at org.apache.hadoop.hdds.scm.storage.ContainerProtocolCalls.lambda$readChunk$2(ContainerProtocolCalls.java:314)
	at org.apache.hadoop.hdds.scm.storage.ContainerProtocolCalls.tryEachDatanode(ContainerProtocolCalls.java:146)
	at org.apache.hadoop.hdds.scm.storage.ContainerProtocolCalls.readChunk(ContainerProtocolCalls.java:313)
	at org.apache.hadoop.hdds.scm.storage.ChunkInputStream.readChunk(ChunkInputStream.java:425)
	at org.apache.hadoop.hdds.scm.storage.ChunkInputStream.readChunkDataIntoBuffers(ChunkInputStream.java:402)
	at org.apache.hadoop.hdds.scm.storage.ChunkInputStream.readChunkFromContainer(ChunkInputStream.java:387)
	at org.apache.hadoop.hdds.scm.storage.ChunkInputStream.prepareRead(ChunkInputStream.java:329)
	at org.apache.hadoop.hdds.scm.storage.ChunkInputStream.read(ChunkInputStream.java:173)
	at org.apache.hadoop.hdds.scm.storage.ByteArrayReader.readFromBlock(ByteArrayReader.java:54)
	at org.apache.hadoop.hdds.scm.storage.BlockInputStream.readWithStrategy(BlockInputStream.java:354)
	at org.apache.hadoop.hdds.scm.storage.ExtendedInputStream.read(ExtendedInputStream.java:56)
	at org.apache.hadoop.hdds.scm.storage.ByteArrayReader.readFromBlock(ByteArrayReader.java:54)
	at org.apache.hadoop.hdds.scm.storage.MultipartInputStream.readWithStrategy(MultipartInputStream.java:96)
	at org.apache.hadoop.hdds.scm.storage.ExtendedInputStream.read(ExtendedInputStream.java:56)
	at org.apache.hadoop.ozone.client.io.OzoneInputStream.read(OzoneInputStream.java:56)
	at java.io.InputStream.read(InputStream.java:101)
	at org.apache.hadoop.ozone.client.rpc.TestOzoneRpcClientAbstract.lambda$testReadKeyWithCorruptedDataWithMutiNodes$29(TestOzoneRpcClientAbstract.java:2067)
	at org.junit.jupiter.api.AssertThrows.assertThrows(AssertThrows.java:53)
	at org.junit.jupiter.api.AssertThrows.assertThrows(AssertThrows.java:35)
	at org.junit.jupiter.api.Assertions.assertThrows(Assertions.java:3115)
	at org.apache.hadoop.ozone.client.rpc.TestOzoneRpcClientAbstract.testReadKeyWithCorruptedDataWithMutiNodes(TestOzoneRpcClientAbstract.java:2064)
	at sun.reflect.NativeMethodAccessorImpl.invoke0(Native Method)
	at sun.reflect.NativeMethodAccessorImpl.invoke(NativeMethodAccessorImpl.java:62)
	at sun.reflect.DelegatingMethodAccessorImpl.invoke(DelegatingMethodAccessorImpl.java:43)
	at java.lang.reflect.Method.invoke(Method.java:498)
	at org.junit.platform.commons.util.ReflectionUtils.invokeMethod(ReflectionUtils.java:728)
	at org.junit.jupiter.engine.execution.MethodInvocation.proceed(MethodInvocation.java:60)
	at org.junit.jupiter.engine.execution.InvocationInterceptorChain$ValidatingInvocation.proceed(InvocationInterceptorChain.java:131)
	at org.junit.jupiter.engine.extension.SameThreadTimeoutInvocation.proceed(SameThreadTimeoutInvocation.java:45)
	at org.junit.jupiter.engine.extension.TimeoutExtension.intercept(TimeoutExtension.java:156)
	at org.junit.jupiter.engine.extension.TimeoutExtension.interceptTestableMethod(TimeoutExtension.java:147)
	at org.junit.jupiter.engine.extension.TimeoutExtension.interceptTestMethod(TimeoutExtension.java:86)
	at org.junit.jupiter.engine.execution.InterceptingExecutableInvoker$ReflectiveInterceptorCall.lambda$ofVoidMethod$0(InterceptingExecutableInvoker.java:103)
	at org.junit.jupiter.engine.execution.InterceptingExecutableInvoker.lambda$invoke$0(InterceptingExecutableInvoker.java:93)
	at org.junit.jupiter.engine.execution.InvocationInterceptorChain$InterceptedInvocation.proceed(InvocationInterceptorChain.java:106)
	at org.junit.jupiter.engine.execution.InvocationInterceptorChain.proceed(InvocationInterceptorChain.java:64)
	at org.junit.jupiter.engine.execution.InvocationInterceptorChain.chainAndInvoke(InvocationInterceptorChain.java:45)
	at org.junit.jupiter.engine.execution.InvocationInterceptorChain.invoke(InvocationInterceptorChain.java:37)
	at org.junit.jupiter.engine.execution.InterceptingExecutableInvoker.invoke(InterceptingExecutableInvoker.java:92)
	at org.junit.jupiter.engine.execution.InterceptingExecutableInvoker.invoke(InterceptingExecutableInvoker.java:86)
	at org.junit.jupiter.engine.descriptor.TestMethodTestDescriptor.lambda$invokeTestMethod$7(TestMethodTestDescriptor.java:218)
	at org.junit.platform.engine.support.hierarchical.ThrowableCollector.execute(ThrowableCollector.java:73)
	at org.junit.jupiter.engine.descriptor.TestMethodTestDescriptor.invokeTestMethod(TestMethodTestDescriptor.java:214)
	at org.junit.jupiter.engine.descriptor.TestMethodTestDescriptor.execute(TestMethodTestDescriptor.java:139)
	at org.junit.jupiter.engine.descriptor.TestMethodTestDescriptor.execute(TestMethodTestDescriptor.java:69)
	at org.junit.platform.engine.support.hierarchical.NodeTestTask.lambda$executeRecursively$6(NodeTestTask.java:151)
	at org.junit.platform.engine.support.hierarchical.ThrowableCollector.execute(ThrowableCollector.java:73)
	at org.junit.platform.engine.support.hierarchical.NodeTestTask.lambda$executeRecursively$8(NodeTestTask.java:141)
	at org.junit.platform.engine.support.hierarchical.Node.around(Node.java:137)
	at org.junit.platform.engine.support.hierarchical.NodeTestTask.lambda$executeRecursively$9(NodeTestTask.java:139)
	at org.junit.platform.engine.support.hierarchical.ThrowableCollector.execute(ThrowableCollector.java:73)
	at org.junit.platform.engine.support.hierarchical.NodeTestTask.executeRecursively(NodeTestTask.java:138)
	at org.junit.platform.engine.support.hierarchical.NodeTestTask.execute(NodeTestTask.java:95)
	at java.util.ArrayList.forEach(ArrayList.java:1259)
	at org.junit.platform.engine.support.hierarchical.SameThreadHierarchicalTestExecutorService.invokeAll(SameThreadHierarchicalTestExecutorService.java:41)
	at org.junit.platform.engine.support.hierarchical.NodeTestTask.lambda$executeRecursively$6(NodeTestTask.java:155)
	at org.junit.platform.engine.support.hierarchical.ThrowableCollector.execute(ThrowableCollector.java:73)
	at org.junit.platform.engine.support.hierarchical.NodeTestTask.lambda$executeRecursively$8(NodeTestTask.java:141)
	at org.junit.platform.engine.support.hierarchical.Node.around(Node.java:137)
	at org.junit.platform.engine.support.hierarchical.NodeTestTask.lambda$executeRecursively$9(NodeTestTask.java:139)
	at org.junit.platform.engine.support.hierarchical.ThrowableCollector.execute(ThrowableCollector.java:73)
	at org.junit.platform.engine.support.hierarchical.NodeTestTask.executeRecursively(NodeTestTask.java:138)
	at org.junit.platform.engine.support.hierarchical.NodeTestTask.execute(NodeTestTask.java:95)
	at java.util.ArrayList.forEach(ArrayList.java:1259)
	at org.junit.platform.engine.support.hierarchical.SameThreadHierarchicalTestExecutorService.invokeAll(SameThreadHierarchicalTestExecutorService.java:41)
	at org.junit.platform.engine.support.hierarchical.NodeTestTask.lambda$executeRecursively$6(NodeTestTask.java:155)
	at org.junit.platform.engine.support.hierarchical.ThrowableCollector.execute(ThrowableCollector.java:73)
	at org.junit.platform.engine.support.hierarchical.NodeTestTask.lambda$executeRecursively$8(NodeTestTask.java:141)
	at org.junit.platform.engine.support.hierarchical.Node.around(Node.java:137)
	at org.junit.platform.engine.support.hierarchical.NodeTestTask.lambda$executeRecursively$9(NodeTestTask.java:139)
	at org.junit.platform.engine.support.hierarchical.ThrowableCollector.execute(ThrowableCollector.java:73)
	at org.junit.platform.engine.support.hierarchical.NodeTestTask.executeRecursively(NodeTestTask.java:138)
	at org.junit.platform.engine.support.hierarchical.NodeTestTask.execute(NodeTestTask.java:95)
	at org.junit.platform.engine.support.hierarchical.SameThreadHierarchicalTestExecutorService.submit(SameThreadHierarchicalTestExecutorService.java:35)
	at org.junit.platform.engine.support.hierarchical.HierarchicalTestExecutor.execute(HierarchicalTestExecutor.java:57)
	at org.junit.platform.engine.support.hierarchical.HierarchicalTestEngine.execute(HierarchicalTestEngine.java:54)
	at org.junit.platform.launcher.core.EngineExecutionOrchestrator.execute(EngineExecutionOrchestrator.java:198)
	at org.junit.platform.launcher.core.EngineExecutionOrchestrator.execute(EngineExecutionOrchestrator.java:169)
	at org.junit.platform.launcher.core.EngineExecutionOrchestrator.execute(EngineExecutionOrchestrator.java:93)
	at org.junit.platform.launcher.core.EngineExecutionOrchestrator.lambda$execute$0(EngineExecutionOrchestrator.java:58)
	at org.junit.platform.launcher.core.EngineExecutionOrchestrator.withInterceptedStreams(EngineExecutionOrchestrator.java:141)
	at org.junit.platform.launcher.core.EngineExecutionOrchestrator.execute(EngineExecutionOrchestrator.java:57)
	at org.junit.platform.launcher.core.DefaultLauncher.execute(DefaultLauncher.java:103)
	at org.junit.platform.launcher.core.DefaultLauncher.execute(DefaultLauncher.java:85)
	at org.junit.platform.launcher.core.DelegatingLauncher.execute(DelegatingLauncher.java:47)
	at org.junit.platform.launcher.core.SessionPerRequestLauncher.execute(SessionPerRequestLauncher.java:63)
	at org.apache.maven.surefire.junitplatform.JUnitPlatformProvider.execute(JUnitPlatformProvider.java:188)
	at org.apache.maven.surefire.junitplatform.JUnitPlatformProvider.invokeAllTests(JUnitPlatformProvider.java:154)
	at org.apache.maven.surefire.junitplatform.JUnitPlatformProvider.invoke(JUnitPlatformProvider.java:124)
	at org.apache.maven.surefire.booter.ForkedBooter.runSuitesInProcess(ForkedBooter.java:428)
	at org.apache.maven.surefire.booter.ForkedBooter.execute(ForkedBooter.java:162)
	at org.apache.maven.surefire.booter.ForkedBooter.run(ForkedBooter.java:562)
	at org.apache.maven.surefire.booter.ForkedBooter.main(ForkedBooter.java:548)
2024-02-26 09:18:56,519 [main] ERROR scm.XceiverClientGrpc (XceiverClientGrpc.java:sendCommandWithRetry(443)) - Failed to execute command ReadChunk on the pipeline Pipeline[ Id: 9282a3c2-574b-4ce6-8fd7-73fbaf7e6709, Nodes: a70c1067-2103-48d8-b21c-f7bdcf327398(fv-az1109-796.pxagtw4bd2yejgkn5xrroktb3f.dx.internal.cloudapp.net/10.1.0.30)f0a2b3de-ed07-43d6-bdce-9d4b8e15ed2c(fv-az1109-796.pxagtw4bd2yejgkn5xrroktb3f.dx.internal.cloudapp.net/10.1.0.30)1fc8e30e-bcf6-4a54-bb04-f74c1c9f090e(fv-az1109-796.pxagtw4bd2yejgkn5xrroktb3f.dx.internal.cloudapp.net/10.1.0.30), ReplicationConfig: STANDALONE/THREE, State:OPEN, leaderId:a70c1067-2103-48d8-b21c-f7bdcf327398, CreationTimestamp2024-02-26T09:18:27.208Z[Etc/UTC]].
2024-02-26 09:18:56,520 [main] WARN  storage.ContainerProtocolCalls (ContainerProtocolCalls.java:tryEachDatanode(150)) - Failed to read chunk 113750153625600391_chunk_1 (len=12) conID: 16 locID: 113750153625600391 bcsId: 160 from 1fc8e30e-bcf6-4a54-bb04-f74c1c9f090e(fv-az1109-796.pxagtw4bd2yejgkn5xrroktb3f.dx.internal.cloudapp.net/10.1.0.30); will try another datanode.
org.apache.hadoop.ozone.common.OzoneChecksumException: Checksum mismatch at index 0
	at org.apache.hadoop.ozone.common.ChecksumData.verifyChecksumDataMatches(ChecksumData.java:139)
	at org.apache.hadoop.ozone.common.Checksum.verifyChecksum(Checksum.java:296)
	at org.apache.hadoop.hdds.scm.storage.ChunkInputStream.validateChunk(ChunkInputStream.java:488)
	at org.apache.hadoop.hdds.scm.XceiverClientGrpc.sendCommandWithRetry(XceiverClientGrpc.java:400)
	at org.apache.hadoop.hdds.scm.XceiverClientGrpc.lambda$sendCommandWithTraceIDAndRetry$0(XceiverClientGrpc.java:340)
	at org.apache.hadoop.hdds.tracing.TracingUtil.executeInSpan(TracingUtil.java:159)
	at org.apache.hadoop.hdds.tracing.TracingUtil.executeInNewSpan(TracingUtil.java:149)
	at org.apache.hadoop.hdds.scm.XceiverClientGrpc.sendCommandWithTraceIDAndRetry(XceiverClientGrpc.java:335)
	at org.apache.hadoop.hdds.scm.XceiverClientGrpc.sendCommand(XceiverClientGrpc.java:316)
	at org.apache.hadoop.hdds.scm.storage.ContainerProtocolCalls.readChunk(ContainerProtocolCalls.java:327)
	at org.apache.hadoop.hdds.scm.storage.ContainerProtocolCalls.lambda$readChunk$2(ContainerProtocolCalls.java:314)
	at org.apache.hadoop.hdds.scm.storage.ContainerProtocolCalls.tryEachDatanode(ContainerProtocolCalls.java:146)
	at org.apache.hadoop.hdds.scm.storage.ContainerProtocolCalls.readChunk(ContainerProtocolCalls.java:313)
	at org.apache.hadoop.hdds.scm.storage.ChunkInputStream.readChunk(ChunkInputStream.java:425)
	at org.apache.hadoop.hdds.scm.storage.ChunkInputStream.readChunkDataIntoBuffers(ChunkInputStream.java:402)
	at org.apache.hadoop.hdds.scm.storage.ChunkInputStream.readChunkFromContainer(ChunkInputStream.java:387)
	at org.apache.hadoop.hdds.scm.storage.ChunkInputStream.prepareRead(ChunkInputStream.java:329)
	at org.apache.hadoop.hdds.scm.storage.ChunkInputStream.read(ChunkInputStream.java:173)
	at org.apache.hadoop.hdds.scm.storage.ByteArrayReader.readFromBlock(ByteArrayReader.java:54)
	at org.apache.hadoop.hdds.scm.storage.BlockInputStream.readWithStrategy(BlockInputStream.java:354)
	at org.apache.hadoop.hdds.scm.storage.ExtendedInputStream.read(ExtendedInputStream.java:56)
	at org.apache.hadoop.hdds.scm.storage.ByteArrayReader.readFromBlock(ByteArrayReader.java:54)
	at org.apache.hadoop.hdds.scm.storage.MultipartInputStream.readWithStrategy(MultipartInputStream.java:96)
	at org.apache.hadoop.hdds.scm.storage.ExtendedInputStream.read(ExtendedInputStream.java:56)
	at org.apache.hadoop.ozone.client.io.OzoneInputStream.read(OzoneInputStream.java:56)
	at java.io.InputStream.read(InputStream.java:101)
	at org.apache.hadoop.ozone.client.rpc.TestOzoneRpcClientAbstract.lambda$testReadKeyWithCorruptedDataWithMutiNodes$29(TestOzoneRpcClientAbstract.java:2067)
	at org.junit.jupiter.api.AssertThrows.assertThrows(AssertThrows.java:53)
	at org.junit.jupiter.api.AssertThrows.assertThrows(AssertThrows.java:35)
	at org.junit.jupiter.api.Assertions.assertThrows(Assertions.java:3115)
	at org.apache.hadoop.ozone.client.rpc.TestOzoneRpcClientAbstract.testReadKeyWithCorruptedDataWithMutiNodes(TestOzoneRpcClientAbstract.java:2064)
	at sun.reflect.NativeMethodAccessorImpl.invoke0(Native Method)
	at sun.reflect.NativeMethodAccessorImpl.invoke(NativeMethodAccessorImpl.java:62)
	at sun.reflect.DelegatingMethodAccessorImpl.invoke(DelegatingMethodAccessorImpl.java:43)
	at java.lang.reflect.Method.invoke(Method.java:498)
	at org.junit.platform.commons.util.ReflectionUtils.invokeMethod(ReflectionUtils.java:728)
	at org.junit.jupiter.engine.execution.MethodInvocation.proceed(MethodInvocation.java:60)
	at org.junit.jupiter.engine.execution.InvocationInterceptorChain$ValidatingInvocation.proceed(InvocationInterceptorChain.java:131)
	at org.junit.jupiter.engine.extension.SameThreadTimeoutInvocation.proceed(SameThreadTimeoutInvocation.java:45)
	at org.junit.jupiter.engine.extension.TimeoutExtension.intercept(TimeoutExtension.java:156)
	at org.junit.jupiter.engine.extension.TimeoutExtension.interceptTestableMethod(TimeoutExtension.java:147)
	at org.junit.jupiter.engine.extension.TimeoutExtension.interceptTestMethod(TimeoutExtension.java:86)
	at org.junit.jupiter.engine.execution.InterceptingExecutableInvoker$ReflectiveInterceptorCall.lambda$ofVoidMethod$0(InterceptingExecutableInvoker.java:103)
	at org.junit.jupiter.engine.execution.InterceptingExecutableInvoker.lambda$invoke$0(InterceptingExecutableInvoker.java:93)
	at org.junit.jupiter.engine.execution.InvocationInterceptorChain$InterceptedInvocation.proceed(InvocationInterceptorChain.java:106)
	at org.junit.jupiter.engine.execution.InvocationInterceptorChain.proceed(InvocationInterceptorChain.java:64)
	at org.junit.jupiter.engine.execution.InvocationInterceptorChain.chainAndInvoke(InvocationInterceptorChain.java:45)
	at org.junit.jupiter.engine.execution.InvocationInterceptorChain.invoke(InvocationInterceptorChain.java:37)
	at org.junit.jupiter.engine.execution.InterceptingExecutableInvoker.invoke(InterceptingExecutableInvoker.java:92)
	at org.junit.jupiter.engine.execution.InterceptingExecutableInvoker.invoke(InterceptingExecutableInvoker.java:86)
	at org.junit.jupiter.engine.descriptor.TestMethodTestDescriptor.lambda$invokeTestMethod$7(TestMethodTestDescriptor.java:218)
	at org.junit.platform.engine.support.hierarchical.ThrowableCollector.execute(ThrowableCollector.java:73)
	at org.junit.jupiter.engine.descriptor.TestMethodTestDescriptor.invokeTestMethod(TestMethodTestDescriptor.java:214)
	at org.junit.jupiter.engine.descriptor.TestMethodTestDescriptor.execute(TestMethodTestDescriptor.java:139)
	at org.junit.jupiter.engine.descriptor.TestMethodTestDescriptor.execute(TestMethodTestDescriptor.java:69)
	at org.junit.platform.engine.support.hierarchical.NodeTestTask.lambda$executeRecursively$6(NodeTestTask.java:151)
	at org.junit.platform.engine.support.hierarchical.ThrowableCollector.execute(ThrowableCollector.java:73)
	at org.junit.platform.engine.support.hierarchical.NodeTestTask.lambda$executeRecursively$8(NodeTestTask.java:141)
	at org.junit.platform.engine.support.hierarchical.Node.around(Node.java:137)
	at org.junit.platform.engine.support.hierarchical.NodeTestTask.lambda$executeRecursively$9(NodeTestTask.java:139)
	at org.junit.platform.engine.support.hierarchical.ThrowableCollector.execute(ThrowableCollector.java:73)
	at org.junit.platform.engine.support.hierarchical.NodeTestTask.executeRecursively(NodeTestTask.java:138)
	at org.junit.platform.engine.support.hierarchical.NodeTestTask.execute(NodeTestTask.java:95)
	at java.util.ArrayList.forEach(ArrayList.java:1259)
	at org.junit.platform.engine.support.hierarchical.SameThreadHierarchicalTestExecutorService.invokeAll(SameThreadHierarchicalTestExecutorService.java:41)
	at org.junit.platform.engine.support.hierarchical.NodeTestTask.lambda$executeRecursively$6(NodeTestTask.java:155)
	at org.junit.platform.engine.support.hierarchical.ThrowableCollector.execute(ThrowableCollector.java:73)
	at org.junit.platform.engine.support.hierarchical.NodeTestTask.lambda$executeRecursively$8(NodeTestTask.java:141)
	at org.junit.platform.engine.support.hierarchical.Node.around(Node.java:137)
	at org.junit.platform.engine.support.hierarchical.NodeTestTask.lambda$executeRecursively$9(NodeTestTask.java:139)
	at org.junit.platform.engine.support.hierarchical.ThrowableCollector.execute(ThrowableCollector.java:73)
	at org.junit.platform.engine.support.hierarchical.NodeTestTask.executeRecursively(NodeTestTask.java:138)
	at org.junit.platform.engine.support.hierarchical.NodeTestTask.execute(NodeTestTask.java:95)
	at java.util.ArrayList.forEach(ArrayList.java:1259)
	at org.junit.platform.engine.support.hierarchical.SameThreadHierarchicalTestExecutorService.invokeAll(SameThreadHierarchicalTestExecutorService.java:41)
	at org.junit.platform.engine.support.hierarchical.NodeTestTask.lambda$executeRecursively$6(NodeTestTask.java:155)
	at org.junit.platform.engine.support.hierarchical.ThrowableCollector.execute(ThrowableCollector.java:73)
	at org.junit.platform.engine.support.hierarchical.NodeTestTask.lambda$executeRecursively$8(NodeTestTask.java:141)
	at org.junit.platform.engine.support.hierarchical.Node.around(Node.java:137)
	at org.junit.platform.engine.support.hierarchical.NodeTestTask.lambda$executeRecursively$9(NodeTestTask.java:139)
	at org.junit.platform.engine.support.hierarchical.ThrowableCollector.execute(ThrowableCollector.java:73)
	at org.junit.platform.engine.support.hierarchical.NodeTestTask.executeRecursively(NodeTestTask.java:138)
	at org.junit.platform.engine.support.hierarchical.NodeTestTask.execute(NodeTestTask.java:95)
	at org.junit.platform.engine.support.hierarchical.SameThreadHierarchicalTestExecutorService.submit(SameThreadHierarchicalTestExecutorService.java:35)
	at org.junit.platform.engine.support.hierarchical.HierarchicalTestExecutor.execute(HierarchicalTestExecutor.java:57)
	at org.junit.platform.engine.support.hierarchical.HierarchicalTestEngine.execute(HierarchicalTestEngine.java:54)
	at org.junit.platform.launcher.core.EngineExecutionOrchestrator.execute(EngineExecutionOrchestrator.java:198)
	at org.junit.platform.launcher.core.EngineExecutionOrchestrator.execute(EngineExecutionOrchestrator.java:169)
	at org.junit.platform.launcher.core.EngineExecutionOrchestrator.execute(EngineExecutionOrchestrator.java:93)
	at org.junit.platform.launcher.core.EngineExecutionOrchestrator.lambda$execute$0(EngineExecutionOrchestrator.java:58)
	at org.junit.platform.launcher.core.EngineExecutionOrchestrator.withInterceptedStreams(EngineExecutionOrchestrator.java:141)
	at org.junit.platform.launcher.core.EngineExecutionOrchestrator.execute(EngineExecutionOrchestrator.java:57)
	at org.junit.platform.launcher.core.DefaultLauncher.execute(DefaultLauncher.java:103)
	at org.junit.platform.launcher.core.DefaultLauncher.execute(DefaultLauncher.java:85)
	at org.junit.platform.launcher.core.DelegatingLauncher.execute(DelegatingLauncher.java:47)
	at org.junit.platform.launcher.core.SessionPerRequestLauncher.execute(SessionPerRequestLauncher.java:63)
	at org.apache.maven.surefire.junitplatform.JUnitPlatformProvider.execute(JUnitPlatformProvider.java:188)
	at org.apache.maven.surefire.junitplatform.JUnitPlatformProvider.invokeAllTests(JUnitPlatformProvider.java:154)
	at org.apache.maven.surefire.junitplatform.JUnitPlatformProvider.invoke(JUnitPlatformProvider.java:124)
	at org.apache.maven.surefire.booter.ForkedBooter.runSuitesInProcess(ForkedBooter.java:428)
	at org.apache.maven.surefire.booter.ForkedBooter.execute(ForkedBooter.java:162)
	at org.apache.maven.surefire.booter.ForkedBooter.run(ForkedBooter.java:562)
	at org.apache.maven.surefire.booter.ForkedBooter.main(ForkedBooter.java:548)
2024-02-26 09:18:56,524 [main] ERROR scm.XceiverClientGrpc (XceiverClientGrpc.java:sendCommandWithRetry(443)) - Failed to execute command ReadChunk on the pipeline Pipeline[ Id: 9282a3c2-574b-4ce6-8fd7-73fbaf7e6709, Nodes: a70c1067-2103-48d8-b21c-f7bdcf327398(fv-az1109-796.pxagtw4bd2yejgkn5xrroktb3f.dx.internal.cloudapp.net/10.1.0.30)f0a2b3de-ed07-43d6-bdce-9d4b8e15ed2c(fv-az1109-796.pxagtw4bd2yejgkn5xrroktb3f.dx.internal.cloudapp.net/10.1.0.30)1fc8e30e-bcf6-4a54-bb04-f74c1c9f090e(fv-az1109-796.pxagtw4bd2yejgkn5xrroktb3f.dx.internal.cloudapp.net/10.1.0.30), ReplicationConfig: STANDALONE/THREE, State:OPEN, leaderId:a70c1067-2103-48d8-b21c-f7bdcf327398, CreationTimestamp2024-02-26T09:18:27.208Z[Etc/UTC]].
2024-02-26 09:18:56,528 [main] ERROR scm.XceiverClientGrpc (XceiverClientGrpc.java:sendCommandWithRetry(443)) - Failed to execute command ReadChunk on the pipeline Pipeline[ Id: 9282a3c2-574b-4ce6-8fd7-73fbaf7e6709, Nodes: a70c1067-2103-48d8-b21c-f7bdcf327398(fv-az1109-796.pxagtw4bd2yejgkn5xrroktb3f.dx.internal.cloudapp.net/10.1.0.30)f0a2b3de-ed07-43d6-bdce-9d4b8e15ed2c(fv-az1109-796.pxagtw4bd2yejgkn5xrroktb3f.dx.internal.cloudapp.net/10.1.0.30)1fc8e30e-bcf6-4a54-bb04-f74c1c9f090e(fv-az1109-796.pxagtw4bd2yejgkn5xrroktb3f.dx.internal.cloudapp.net/10.1.0.30), ReplicationConfig: STANDALONE/THREE, State:OPEN, leaderId:a70c1067-2103-48d8-b21c-f7bdcf327398, CreationTimestamp2024-02-26T09:18:27.208Z[Etc/UTC]].
2024-02-26 09:18:56,528 [main] WARN  storage.ContainerProtocolCalls (ContainerProtocolCalls.java:tryEachDatanode(150)) - Failed to read chunk 113750153625600391_chunk_1 (len=12) conID: 16 locID: 113750153625600391 bcsId: 160 from a70c1067-2103-48d8-b21c-f7bdcf327398(fv-az1109-796.pxagtw4bd2yejgkn5xrroktb3f.dx.internal.cloudapp.net/10.1.0.30); will try another datanode.
org.apache.hadoop.ozone.common.OzoneChecksumException: Checksum mismatch at index 0
	at org.apache.hadoop.ozone.common.ChecksumData.verifyChecksumDataMatches(ChecksumData.java:139)
	at org.apache.hadoop.ozone.common.Checksum.verifyChecksum(Checksum.java:296)
	at org.apache.hadoop.hdds.scm.storage.ChunkInputStream.validateChunk(ChunkInputStream.java:488)
	at org.apache.hadoop.hdds.scm.XceiverClientGrpc.sendCommandWithRetry(XceiverClientGrpc.java:400)
	at org.apache.hadoop.hdds.scm.XceiverClientGrpc.lambda$sendCommandWithTraceIDAndRetry$0(XceiverClientGrpc.java:340)
	at org.apache.hadoop.hdds.tracing.TracingUtil.executeInSpan(TracingUtil.java:159)
	at org.apache.hadoop.hdds.tracing.TracingUtil.executeInNewSpan(TracingUtil.java:149)
	at org.apache.hadoop.hdds.scm.XceiverClientGrpc.sendCommandWithTraceIDAndRetry(XceiverClientGrpc.java:335)
	at org.apache.hadoop.hdds.scm.XceiverClientGrpc.sendCommand(XceiverClientGrpc.java:316)
	at org.apache.hadoop.hdds.scm.storage.ContainerProtocolCalls.readChunk(ContainerProtocolCalls.java:327)
	at org.apache.hadoop.hdds.scm.storage.ContainerProtocolCalls.lambda$readChunk$2(ContainerProtocolCalls.java:314)
	at org.apache.hadoop.hdds.scm.storage.ContainerProtocolCalls.tryEachDatanode(ContainerProtocolCalls.java:146)
	at org.apache.hadoop.hdds.scm.storage.ContainerProtocolCalls.readChunk(ContainerProtocolCalls.java:313)
	at org.apache.hadoop.hdds.scm.storage.ChunkInputStream.readChunk(ChunkInputStream.java:425)
	at org.apache.hadoop.hdds.scm.storage.ChunkInputStream.readChunkDataIntoBuffers(ChunkInputStream.java:402)
	at org.apache.hadoop.hdds.scm.storage.ChunkInputStream.readChunkFromContainer(ChunkInputStream.java:387)
	at org.apache.hadoop.hdds.scm.storage.ChunkInputStream.prepareRead(ChunkInputStream.java:319)
	at org.apache.hadoop.hdds.scm.storage.ChunkInputStream.read(ChunkInputStream.java:173)
	at org.apache.hadoop.hdds.scm.storage.ByteArrayReader.readFromBlock(ByteArrayReader.java:54)
	at org.apache.hadoop.hdds.scm.storage.BlockInputStream.readWithStrategy(BlockInputStream.java:354)
	at org.apache.hadoop.hdds.scm.storage.ExtendedInputStream.read(ExtendedInputStream.java:56)
	at org.apache.hadoop.hdds.scm.storage.ByteArrayReader.readFromBlock(ByteArrayReader.java:54)
	at org.apache.hadoop.hdds.scm.storage.MultipartInputStream.readWithStrategy(MultipartInputStream.java:96)
	at org.apache.hadoop.hdds.scm.storage.ExtendedInputStream.read(ExtendedInputStream.java:56)
	at org.apache.hadoop.ozone.client.io.OzoneInputStream.read(OzoneInputStream.java:56)
	at java.io.InputStream.read(InputStream.java:101)
	at org.apache.hadoop.ozone.client.rpc.TestOzoneRpcClientAbstract.lambda$testReadKeyWithCorruptedDataWithMutiNodes$29(TestOzoneRpcClientAbstract.java:2067)
	at org.junit.jupiter.api.AssertThrows.assertThrows(AssertThrows.java:53)
	at org.junit.jupiter.api.AssertThrows.assertThrows(AssertThrows.java:35)
	at org.junit.jupiter.api.Assertions.assertThrows(Assertions.java:3115)
	at org.apache.hadoop.ozone.client.rpc.TestOzoneRpcClientAbstract.testReadKeyWithCorruptedDataWithMutiNodes(TestOzoneRpcClientAbstract.java:2064)
	at sun.reflect.NativeMethodAccessorImpl.invoke0(Native Method)
	at sun.reflect.NativeMethodAccessorImpl.invoke(NativeMethodAccessorImpl.java:62)
	at sun.reflect.DelegatingMethodAccessorImpl.invoke(DelegatingMethodAccessorImpl.java:43)
	at java.lang.reflect.Method.invoke(Method.java:498)
	at org.junit.platform.commons.util.ReflectionUtils.invokeMethod(ReflectionUtils.java:728)
	at org.junit.jupiter.engine.execution.MethodInvocation.proceed(MethodInvocation.java:60)
	at org.junit.jupiter.engine.execution.InvocationInterceptorChain$ValidatingInvocation.proceed(InvocationInterceptorChain.java:131)
	at org.junit.jupiter.engine.extension.SameThreadTimeoutInvocation.proceed(SameThreadTimeoutInvocation.java:45)
	at org.junit.jupiter.engine.extension.TimeoutExtension.intercept(TimeoutExtension.java:156)
	at org.junit.jupiter.engine.extension.TimeoutExtension.interceptTestableMethod(TimeoutExtension.java:147)
	at org.junit.jupiter.engine.extension.TimeoutExtension.interceptTestMethod(TimeoutExtension.java:86)
	at org.junit.jupiter.engine.execution.InterceptingExecutableInvoker$ReflectiveInterceptorCall.lambda$ofVoidMethod$0(InterceptingExecutableInvoker.java:103)
	at org.junit.jupiter.engine.execution.InterceptingExecutableInvoker.lambda$invoke$0(InterceptingExecutableInvoker.java:93)
	at org.junit.jupiter.engine.execution.InvocationInterceptorChain$InterceptedInvocation.proceed(InvocationInterceptorChain.java:106)
	at org.junit.jupiter.engine.execution.InvocationInterceptorChain.proceed(InvocationInterceptorChain.java:64)
	at org.junit.jupiter.engine.execution.InvocationInterceptorChain.chainAndInvoke(InvocationInterceptorChain.java:45)
	at org.junit.jupiter.engine.execution.InvocationInterceptorChain.invoke(InvocationInterceptorChain.java:37)
	at org.junit.jupiter.engine.execution.InterceptingExecutableInvoker.invoke(InterceptingExecutableInvoker.java:92)
	at org.junit.jupiter.engine.execution.InterceptingExecutableInvoker.invoke(InterceptingExecutableInvoker.java:86)
	at org.junit.jupiter.engine.descriptor.TestMethodTestDescriptor.lambda$invokeTestMethod$7(TestMethodTestDescriptor.java:218)
	at org.junit.platform.engine.support.hierarchical.ThrowableCollector.execute(ThrowableCollector.java:73)
	at org.junit.jupiter.engine.descriptor.TestMethodTestDescriptor.invokeTestMethod(TestMethodTestDescriptor.java:214)
	at org.junit.jupiter.engine.descriptor.TestMethodTestDescriptor.execute(TestMethodTestDescriptor.java:139)
	at org.junit.jupiter.engine.descriptor.TestMethodTestDescriptor.execute(TestMethodTestDescriptor.java:69)
	at org.junit.platform.engine.support.hierarchical.NodeTestTask.lambda$executeRecursively$6(NodeTestTask.java:151)
	at org.junit.platform.engine.support.hierarchical.ThrowableCollector.execute(ThrowableCollector.java:73)
	at org.junit.platform.engine.support.hierarchical.NodeTestTask.lambda$executeRecursively$8(NodeTestTask.java:141)
	at org.junit.platform.engine.support.hierarchical.Node.around(Node.java:137)
	at org.junit.platform.engine.support.hierarchical.NodeTestTask.lambda$executeRecursively$9(NodeTestTask.java:139)
	at org.junit.platform.engine.support.hierarchical.ThrowableCollector.execute(ThrowableCollector.java:73)
	at org.junit.platform.engine.support.hierarchical.NodeTestTask.executeRecursively(NodeTestTask.java:138)
	at org.junit.platform.engine.support.hierarchical.NodeTestTask.execute(NodeTestTask.java:95)
	at java.util.ArrayList.forEach(ArrayList.java:1259)
	at org.junit.platform.engine.support.hierarchical.SameThreadHierarchicalTestExecutorService.invokeAll(SameThreadHierarchicalTestExecutorService.java:41)
	at org.junit.platform.engine.support.hierarchical.NodeTestTask.lambda$executeRecursively$6(NodeTestTask.java:155)
	at org.junit.platform.engine.support.hierarchical.ThrowableCollector.execute(ThrowableCollector.java:73)
	at org.junit.platform.engine.support.hierarchical.NodeTestTask.lambda$executeRecursively$8(NodeTestTask.java:141)
	at org.junit.platform.engine.support.hierarchical.Node.around(Node.java:137)
	at org.junit.platform.engine.support.hierarchical.NodeTestTask.lambda$executeRecursively$9(NodeTestTask.java:139)
	at org.junit.platform.engine.support.hierarchical.ThrowableCollector.execute(ThrowableCollector.java:73)
	at org.junit.platform.engine.support.hierarchical.NodeTestTask.executeRecursively(NodeTestTask.java:138)
	at org.junit.platform.engine.support.hierarchical.NodeTestTask.execute(NodeTestTask.java:95)
	at java.util.ArrayList.forEach(ArrayList.java:1259)
	at org.junit.platform.engine.support.hierarchical.SameThreadHierarchicalTestExecutorService.invokeAll(SameThreadHierarchicalTestExecutorService.java:41)
	at org.junit.platform.engine.support.hierarchical.NodeTestTask.lambda$executeRecursively$6(NodeTestTask.java:155)
	at org.junit.platform.engine.support.hierarchical.ThrowableCollector.execute(ThrowableCollector.java:73)
	at org.junit.platform.engine.support.hierarchical.NodeTestTask.lambda$executeRecursively$8(NodeTestTask.java:141)
	at org.junit.platform.engine.support.hierarchical.Node.around(Node.java:137)
	at org.junit.platform.engine.support.hierarchical.NodeTestTask.lambda$executeRecursively$9(NodeTestTask.java:139)
	at org.junit.platform.engine.support.hierarchical.ThrowableCollector.execute(ThrowableCollector.java:73)
	at org.junit.platform.engine.support.hierarchical.NodeTestTask.executeRecursively(NodeTestTask.java:138)
	at org.junit.platform.engine.support.hierarchical.NodeTestTask.execute(NodeTestTask.java:95)
	at org.junit.platform.engine.support.hierarchical.SameThreadHierarchicalTestExecutorService.submit(SameThreadHierarchicalTestExecutorService.java:35)
	at org.junit.platform.engine.support.hierarchical.HierarchicalTestExecutor.execute(HierarchicalTestExecutor.java:57)
	at org.junit.platform.engine.support.hierarchical.HierarchicalTestEngine.execute(HierarchicalTestEngine.java:54)
	at org.junit.platform.launcher.core.EngineExecutionOrchestrator.execute(EngineExecutionOrchestrator.java:198)
	at org.junit.platform.launcher.core.EngineExecutionOrchestrator.execute(EngineExecutionOrchestrator.java:169)
	at org.junit.platform.launcher.core.EngineExecutionOrchestrator.execute(EngineExecutionOrchestrator.java:93)
	at org.junit.platform.launcher.core.EngineExecutionOrchestrator.lambda$execute$0(EngineExecutionOrchestrator.java:58)
	at org.junit.platform.launcher.core.EngineExecutionOrchestrator.withInterceptedStreams(EngineExecutionOrchestrator.java:141)
	at org.junit.platform.launcher.core.EngineExecutionOrchestrator.execute(EngineExecutionOrchestrator.java:57)
	at org.junit.platform.launcher.core.DefaultLauncher.execute(DefaultLauncher.java:103)
	at org.junit.platform.launcher.core.DefaultLauncher.execute(DefaultLauncher.java:85)
	at org.junit.platform.launcher.core.DelegatingLauncher.execute(DelegatingLauncher.java:47)
	at org.junit.platform.launcher.core.SessionPerRequestLauncher.execute(SessionPerRequestLauncher.java:63)
	at org.apache.maven.surefire.junitplatform.JUnitPlatformProvider.execute(JUnitPlatformProvider.java:188)
	at org.apache.maven.surefire.junitplatform.JUnitPlatformProvider.invokeAllTests(JUnitPlatformProvider.java:154)
	at org.apache.maven.surefire.junitplatform.JUnitPlatformProvider.invoke(JUnitPlatformProvider.java:124)
	at org.apache.maven.surefire.booter.ForkedBooter.runSuitesInProcess(ForkedBooter.java:428)
	at org.apache.maven.surefire.booter.ForkedBooter.execute(ForkedBooter.java:162)
	at org.apache.maven.surefire.booter.ForkedBooter.run(ForkedBooter.java:562)
	at org.apache.maven.surefire.booter.ForkedBooter.main(ForkedBooter.java:548)
2024-02-26 09:18:56,531 [main] ERROR scm.XceiverClientGrpc (XceiverClientGrpc.java:sendCommandWithRetry(443)) - Failed to execute command ReadChunk on the pipeline Pipeline[ Id: 9282a3c2-574b-4ce6-8fd7-73fbaf7e6709, Nodes: a70c1067-2103-48d8-b21c-f7bdcf327398(fv-az1109-796.pxagtw4bd2yejgkn5xrroktb3f.dx.internal.cloudapp.net/10.1.0.30)f0a2b3de-ed07-43d6-bdce-9d4b8e15ed2c(fv-az1109-796.pxagtw4bd2yejgkn5xrroktb3f.dx.internal.cloudapp.net/10.1.0.30)1fc8e30e-bcf6-4a54-bb04-f74c1c9f090e(fv-az1109-796.pxagtw4bd2yejgkn5xrroktb3f.dx.internal.cloudapp.net/10.1.0.30), ReplicationConfig: STANDALONE/THREE, State:OPEN, leaderId:a70c1067-2103-48d8-b21c-f7bdcf327398, CreationTimestamp2024-02-26T09:18:27.208Z[Etc/UTC]].
2024-02-26 09:18:56,531 [main] WARN  storage.ContainerProtocolCalls (ContainerProtocolCalls.java:tryEachDatanode(150)) - Failed to read chunk 113750153625600391_chunk_1 (len=12) conID: 16 locID: 113750153625600391 bcsId: 160 from 1fc8e30e-bcf6-4a54-bb04-f74c1c9f090e(fv-az1109-796.pxagtw4bd2yejgkn5xrroktb3f.dx.internal.cloudapp.net/10.1.0.30); will try another datanode.
org.apache.hadoop.ozone.common.OzoneChecksumException: Checksum mismatch at index 0
	at org.apache.hadoop.ozone.common.ChecksumData.verifyChecksumDataMatches(ChecksumData.java:139)
	at org.apache.hadoop.ozone.common.Checksum.verifyChecksum(Checksum.java:296)
	at org.apache.hadoop.hdds.scm.storage.ChunkInputStream.validateChunk(ChunkInputStream.java:488)
	at org.apache.hadoop.hdds.scm.XceiverClientGrpc.sendCommandWithRetry(XceiverClientGrpc.java:400)
	at org.apache.hadoop.hdds.scm.XceiverClientGrpc.lambda$sendCommandWithTraceIDAndRetry$0(XceiverClientGrpc.java:340)
	at org.apache.hadoop.hdds.tracing.TracingUtil.executeInSpan(TracingUtil.java:159)
	at org.apache.hadoop.hdds.tracing.TracingUtil.executeInNewSpan(TracingUtil.java:149)
	at org.apache.hadoop.hdds.scm.XceiverClientGrpc.sendCommandWithTraceIDAndRetry(XceiverClientGrpc.java:335)
	at org.apache.hadoop.hdds.scm.XceiverClientGrpc.sendCommand(XceiverClientGrpc.java:316)
	at org.apache.hadoop.hdds.scm.storage.ContainerProtocolCalls.readChunk(ContainerProtocolCalls.java:327)
	at org.apache.hadoop.hdds.scm.storage.ContainerProtocolCalls.lambda$readChunk$2(ContainerProtocolCalls.java:314)
	at org.apache.hadoop.hdds.scm.storage.ContainerProtocolCalls.tryEachDatanode(ContainerProtocolCalls.java:146)
	at org.apache.hadoop.hdds.scm.storage.ContainerProtocolCalls.readChunk(ContainerProtocolCalls.java:313)
	at org.apache.hadoop.hdds.scm.storage.ChunkInputStream.readChunk(ChunkInputStream.java:425)
	at org.apache.hadoop.hdds.scm.storage.ChunkInputStream.readChunkDataIntoBuffers(ChunkInputStream.java:402)
	at org.apache.hadoop.hdds.scm.storage.ChunkInputStream.readChunkFromContainer(ChunkInputStream.java:387)
	at org.apache.hadoop.hdds.scm.storage.ChunkInputStream.prepareRead(ChunkInputStream.java:319)
	at org.apache.hadoop.hdds.scm.storage.ChunkInputStream.read(ChunkInputStream.java:173)
	at org.apache.hadoop.hdds.scm.storage.ByteArrayReader.readFromBlock(ByteArrayReader.java:54)
	at org.apache.hadoop.hdds.scm.storage.BlockInputStream.readWithStrategy(BlockInputStream.java:354)
	at org.apache.hadoop.hdds.scm.storage.ExtendedInputStream.read(ExtendedInputStream.java:56)
	at org.apache.hadoop.hdds.scm.storage.ByteArrayReader.readFromBlock(ByteArrayReader.java:54)
	at org.apache.hadoop.hdds.scm.storage.MultipartInputStream.readWithStrategy(MultipartInputStream.java:96)
	at org.apache.hadoop.hdds.scm.storage.ExtendedInputStream.read(ExtendedInputStream.java:56)
	at org.apache.hadoop.ozone.client.io.OzoneInputStream.read(OzoneInputStream.java:56)
	at java.io.InputStream.read(InputStream.java:101)
	at org.apache.hadoop.ozone.client.rpc.TestOzoneRpcClientAbstract.lambda$testReadKeyWithCorruptedDataWithMutiNodes$29(TestOzoneRpcClientAbstract.java:2067)
	at org.junit.jupiter.api.AssertThrows.assertThrows(AssertThrows.java:53)
	at org.junit.jupiter.api.AssertThrows.assertThrows(AssertThrows.java:35)
	at org.junit.jupiter.api.Assertions.assertThrows(Assertions.java:3115)
	at org.apache.hadoop.ozone.client.rpc.TestOzoneRpcClientAbstract.testReadKeyWithCorruptedDataWithMutiNodes(TestOzoneRpcClientAbstract.java:2064)
	at sun.reflect.NativeMethodAccessorImpl.invoke0(Native Method)
	at sun.reflect.NativeMethodAccessorImpl.invoke(NativeMethodAccessorImpl.java:62)
	at sun.reflect.DelegatingMethodAccessorImpl.invoke(DelegatingMethodAccessorImpl.java:43)
	at java.lang.reflect.Method.invoke(Method.java:498)
	at org.junit.platform.commons.util.ReflectionUtils.invokeMethod(ReflectionUtils.java:728)
	at org.junit.jupiter.engine.execution.MethodInvocation.proceed(MethodInvocation.java:60)
	at org.junit.jupiter.engine.execution.InvocationInterceptorChain$ValidatingInvocation.proceed(InvocationInterceptorChain.java:131)
	at org.junit.jupiter.engine.extension.SameThreadTimeoutInvocation.proceed(SameThreadTimeoutInvocation.java:45)
	at org.junit.jupiter.engine.extension.TimeoutExtension.intercept(TimeoutExtension.java:156)
	at org.junit.jupiter.engine.extension.TimeoutExtension.interceptTestableMethod(TimeoutExtension.java:147)
	at org.junit.jupiter.engine.extension.TimeoutExtension.interceptTestMethod(TimeoutExtension.java:86)
	at org.junit.jupiter.engine.execution.InterceptingExecutableInvoker$ReflectiveInterceptorCall.lambda$ofVoidMethod$0(InterceptingExecutableInvoker.java:103)
	at org.junit.jupiter.engine.execution.InterceptingExecutableInvoker.lambda$invoke$0(InterceptingExecutableInvoker.java:93)
	at org.junit.jupiter.engine.execution.InvocationInterceptorChain$InterceptedInvocation.proceed(InvocationInterceptorChain.java:106)
	at org.junit.jupiter.engine.execution.InvocationInterceptorChain.proceed(InvocationInterceptorChain.java:64)
	at org.junit.jupiter.engine.execution.InvocationInterceptorChain.chainAndInvoke(InvocationInterceptorChain.java:45)
	at org.junit.jupiter.engine.execution.InvocationInterceptorChain.invoke(InvocationInterceptorChain.java:37)
	at org.junit.jupiter.engine.execution.InterceptingExecutableInvoker.invoke(InterceptingExecutableInvoker.java:92)
	at org.junit.jupiter.engine.execution.InterceptingExecutableInvoker.invoke(InterceptingExecutableInvoker.java:86)
	at org.junit.jupiter.engine.descriptor.TestMethodTestDescriptor.lambda$invokeTestMethod$7(TestMethodTestDescriptor.java:218)
	at org.junit.platform.engine.support.hierarchical.ThrowableCollector.execute(ThrowableCollector.java:73)
	at org.junit.jupiter.engine.descriptor.TestMethodTestDescriptor.invokeTestMethod(TestMethodTestDescriptor.java:214)
	at org.junit.jupiter.engine.descriptor.TestMethodTestDescriptor.execute(TestMethodTestDescriptor.java:139)
	at org.junit.jupiter.engine.descriptor.TestMethodTestDescriptor.execute(TestMethodTestDescriptor.java:69)
	at org.junit.platform.engine.support.hierarchical.NodeTestTask.lambda$executeRecursively$6(NodeTestTask.java:151)
	at org.junit.platform.engine.support.hierarchical.ThrowableCollector.execute(ThrowableCollector.java:73)
	at org.junit.platform.engine.support.hierarchical.NodeTestTask.lambda$executeRecursively$8(NodeTestTask.java:141)
	at org.junit.platform.engine.support.hierarchical.Node.around(Node.java:137)
	at org.junit.platform.engine.support.hierarchical.NodeTestTask.lambda$executeRecursively$9(NodeTestTask.java:139)
	at org.junit.platform.engine.support.hierarchical.ThrowableCollector.execute(ThrowableCollector.java:73)
	at org.junit.platform.engine.support.hierarchical.NodeTestTask.executeRecursively(NodeTestTask.java:138)
	at org.junit.platform.engine.support.hierarchical.NodeTestTask.execute(NodeTestTask.java:95)
	at java.util.ArrayList.forEach(ArrayList.java:1259)
	at org.junit.platform.engine.support.hierarchical.SameThreadHierarchicalTestExecutorService.invokeAll(SameThreadHierarchicalTestExecutorService.java:41)
	at org.junit.platform.engine.support.hierarchical.NodeTestTask.lambda$executeRecursively$6(NodeTestTask.java:155)
	at org.junit.platform.engine.support.hierarchical.ThrowableCollector.execute(ThrowableCollector.java:73)
	at org.junit.platform.engine.support.hierarchical.NodeTestTask.lambda$executeRecursively$8(NodeTestTask.java:141)
	at org.junit.platform.engine.support.hierarchical.Node.around(Node.java:137)
	at org.junit.platform.engine.support.hierarchical.NodeTestTask.lambda$executeRecursively$9(NodeTestTask.java:139)
	at org.junit.platform.engine.support.hierarchical.ThrowableCollector.execute(ThrowableCollector.java:73)
	at org.junit.platform.engine.support.hierarchical.NodeTestTask.executeRecursively(NodeTestTask.java:138)
	at org.junit.platform.engine.support.hierarchical.NodeTestTask.execute(NodeTestTask.java:95)
	at java.util.ArrayList.forEach(ArrayList.java:1259)
	at org.junit.platform.engine.support.hierarchical.SameThreadHierarchicalTestExecutorService.invokeAll(SameThreadHierarchicalTestExecutorService.java:41)
	at org.junit.platform.engine.support.hierarchical.NodeTestTask.lambda$executeRecursively$6(NodeTestTask.java:155)
	at org.junit.platform.engine.support.hierarchical.ThrowableCollector.execute(ThrowableCollector.java:73)
	at org.junit.platform.engine.support.hierarchical.NodeTestTask.lambda$executeRecursively$8(NodeTestTask.java:141)
	at org.junit.platform.engine.support.hierarchical.Node.around(Node.java:137)
	at org.junit.platform.engine.support.hierarchical.NodeTestTask.lambda$executeRecursively$9(NodeTestTask.java:139)
	at org.junit.platform.engine.support.hierarchical.ThrowableCollector.execute(ThrowableCollector.java:73)
	at org.junit.platform.engine.support.hierarchical.NodeTestTask.executeRecursively(NodeTestTask.java:138)
	at org.junit.platform.engine.support.hierarchical.NodeTestTask.execute(NodeTestTask.java:95)
	at org.junit.platform.engine.support.hierarchical.SameThreadHierarchicalTestExecutorService.submit(SameThreadHierarchicalTestExecutorService.java:35)
	at org.junit.platform.engine.support.hierarchical.HierarchicalTestExecutor.execute(HierarchicalTestExecutor.java:57)
	at org.junit.platform.engine.support.hierarchical.HierarchicalTestEngine.execute(HierarchicalTestEngine.java:54)
	at org.junit.platform.launcher.core.EngineExecutionOrchestrator.execute(EngineExecutionOrchestrator.java:198)
	at org.junit.platform.launcher.core.EngineExecutionOrchestrator.execute(EngineExecutionOrchestrator.java:169)
	at org.junit.platform.launcher.core.EngineExecutionOrchestrator.execute(EngineExecutionOrchestrator.java:93)
	at org.junit.platform.launcher.core.EngineExecutionOrchestrator.lambda$execute$0(EngineExecutionOrchestrator.java:58)
	at org.junit.platform.launcher.core.EngineExecutionOrchestrator.withInterceptedStreams(EngineExecutionOrchestrator.java:141)
	at org.junit.platform.launcher.core.EngineExecutionOrchestrator.execute(EngineExecutionOrchestrator.java:57)
	at org.junit.platform.launcher.core.DefaultLauncher.execute(DefaultLauncher.java:103)
	at org.junit.platform.launcher.core.DefaultLauncher.execute(DefaultLauncher.java:85)
	at org.junit.platform.launcher.core.DelegatingLauncher.execute(DelegatingLauncher.java:47)
	at org.junit.platform.launcher.core.SessionPerRequestLauncher.execute(SessionPerRequestLauncher.java:63)
	at org.apache.maven.surefire.junitplatform.JUnitPlatformProvider.execute(JUnitPlatformProvider.java:188)
	at org.apache.maven.surefire.junitplatform.JUnitPlatformProvider.invokeAllTests(JUnitPlatformProvider.java:154)
	at org.apache.maven.surefire.junitplatform.JUnitPlatformProvider.invoke(JUnitPlatformProvider.java:124)
	at org.apache.maven.surefire.booter.ForkedBooter.runSuitesInProcess(ForkedBooter.java:428)
	at org.apache.maven.surefire.booter.ForkedBooter.execute(ForkedBooter.java:162)
	at org.apache.maven.surefire.booter.ForkedBooter.run(ForkedBooter.java:562)
	at org.apache.maven.surefire.booter.ForkedBooter.main(ForkedBooter.java:548)
2024-02-26 09:18:56,536 [main] ERROR scm.XceiverClientGrpc (XceiverClientGrpc.java:sendCommandWithRetry(443)) - Failed to execute command ReadChunk on the pipeline Pipeline[ Id: 9282a3c2-574b-4ce6-8fd7-73fbaf7e6709, Nodes: a70c1067-2103-48d8-b21c-f7bdcf327398(fv-az1109-796.pxagtw4bd2yejgkn5xrroktb3f.dx.internal.cloudapp.net/10.1.0.30)f0a2b3de-ed07-43d6-bdce-9d4b8e15ed2c(fv-az1109-796.pxagtw4bd2yejgkn5xrroktb3f.dx.internal.cloudapp.net/10.1.0.30)1fc8e30e-bcf6-4a54-bb04-f74c1c9f090e(fv-az1109-796.pxagtw4bd2yejgkn5xrroktb3f.dx.internal.cloudapp.net/10.1.0.30), ReplicationConfig: STANDALONE/THREE, State:OPEN, leaderId:a70c1067-2103-48d8-b21c-f7bdcf327398, CreationTimestamp2024-02-26T09:18:27.208Z[Etc/UTC]].
2024-02-26 09:18:56,538 [main] ERROR scm.XceiverClientGrpc (XceiverClientGrpc.java:sendCommandWithRetry(443)) - Failed to execute command ReadChunk on the pipeline Pipeline[ Id: 9282a3c2-574b-4ce6-8fd7-73fbaf7e6709, Nodes: a70c1067-2103-48d8-b21c-f7bdcf327398(fv-az1109-796.pxagtw4bd2yejgkn5xrroktb3f.dx.internal.cloudapp.net/10.1.0.30)f0a2b3de-ed07-43d6-bdce-9d4b8e15ed2c(fv-az1109-796.pxagtw4bd2yejgkn5xrroktb3f.dx.internal.cloudapp.net/10.1.0.30)1fc8e30e-bcf6-4a54-bb04-f74c1c9f090e(fv-az1109-796.pxagtw4bd2yejgkn5xrroktb3f.dx.internal.cloudapp.net/10.1.0.30), ReplicationConfig: STANDALONE/THREE, State:OPEN, leaderId:a70c1067-2103-48d8-b21c-f7bdcf327398, CreationTimestamp2024-02-26T09:18:27.208Z[Etc/UTC]].
2024-02-26 09:18:56,539 [main] WARN  storage.ContainerProtocolCalls (ContainerProtocolCalls.java:tryEachDatanode(150)) - Failed to read chunk 113750153625600391_chunk_1 (len=12) conID: 16 locID: 113750153625600391 bcsId: 160 from a70c1067-2103-48d8-b21c-f7bdcf327398(fv-az1109-796.pxagtw4bd2yejgkn5xrroktb3f.dx.internal.cloudapp.net/10.1.0.30); will try another datanode.
org.apache.hadoop.ozone.common.OzoneChecksumException: Checksum mismatch at index 0
	at org.apache.hadoop.ozone.common.ChecksumData.verifyChecksumDataMatches(ChecksumData.java:139)
	at org.apache.hadoop.ozone.common.Checksum.verifyChecksum(Checksum.java:296)
	at org.apache.hadoop.hdds.scm.storage.ChunkInputStream.validateChunk(ChunkInputStream.java:488)
	at org.apache.hadoop.hdds.scm.XceiverClientGrpc.sendCommandWithRetry(XceiverClientGrpc.java:400)
	at org.apache.hadoop.hdds.scm.XceiverClientGrpc.lambda$sendCommandWithTraceIDAndRetry$0(XceiverClientGrpc.java:340)
	at org.apache.hadoop.hdds.tracing.TracingUtil.executeInSpan(TracingUtil.java:159)
	at org.apache.hadoop.hdds.tracing.TracingUtil.executeInNewSpan(TracingUtil.java:149)
	at org.apache.hadoop.hdds.scm.XceiverClientGrpc.sendCommandWithTraceIDAndRetry(XceiverClientGrpc.java:335)
	at org.apache.hadoop.hdds.scm.XceiverClientGrpc.sendCommand(XceiverClientGrpc.java:316)
	at org.apache.hadoop.hdds.scm.storage.ContainerProtocolCalls.readChunk(ContainerProtocolCalls.java:327)
	at org.apache.hadoop.hdds.scm.storage.ContainerProtocolCalls.lambda$readChunk$2(ContainerProtocolCalls.java:314)
	at org.apache.hadoop.hdds.scm.storage.ContainerProtocolCalls.tryEachDatanode(ContainerProtocolCalls.java:146)
	at org.apache.hadoop.hdds.scm.storage.ContainerProtocolCalls.readChunk(ContainerProtocolCalls.java:313)
	at org.apache.hadoop.hdds.scm.storage.ChunkInputStream.readChunk(ChunkInputStream.java:425)
	at org.apache.hadoop.hdds.scm.storage.ChunkInputStream.readChunkDataIntoBuffers(ChunkInputStream.java:402)
	at org.apache.hadoop.hdds.scm.storage.ChunkInputStream.readChunkFromContainer(ChunkInputStream.java:387)
	at org.apache.hadoop.hdds.scm.storage.ChunkInputStream.prepareRead(ChunkInputStream.java:319)
	at org.apache.hadoop.hdds.scm.storage.ChunkInputStream.read(ChunkInputStream.java:173)
	at org.apache.hadoop.hdds.scm.storage.ByteArrayReader.readFromBlock(ByteArrayReader.java:54)
	at org.apache.hadoop.hdds.scm.storage.BlockInputStream.readWithStrategy(BlockInputStream.java:354)
	at org.apache.hadoop.hdds.scm.storage.ExtendedInputStream.read(ExtendedInputStream.java:56)
	at org.apache.hadoop.hdds.scm.storage.ByteArrayReader.readFromBlock(ByteArrayReader.java:54)
	at org.apache.hadoop.hdds.scm.storage.MultipartInputStream.readWithStrategy(MultipartInputStream.java:96)
	at org.apache.hadoop.hdds.scm.storage.ExtendedInputStream.read(ExtendedInputStream.java:56)
	at org.apache.hadoop.ozone.client.io.OzoneInputStream.read(OzoneInputStream.java:56)
	at java.io.InputStream.read(InputStream.java:101)
	at org.apache.hadoop.ozone.client.rpc.TestOzoneRpcClientAbstract.lambda$testReadKeyWithCorruptedDataWithMutiNodes$29(TestOzoneRpcClientAbstract.java:2067)
	at org.junit.jupiter.api.AssertThrows.assertThrows(AssertThrows.java:53)
	at org.junit.jupiter.api.AssertThrows.assertThrows(AssertThrows.java:35)
	at org.junit.jupiter.api.Assertions.assertThrows(Assertions.java:3115)
	at org.apache.hadoop.ozone.client.rpc.TestOzoneRpcClientAbstract.testReadKeyWithCorruptedDataWithMutiNodes(TestOzoneRpcClientAbstract.java:2064)
	at sun.reflect.NativeMethodAccessorImpl.invoke0(Native Method)
	at sun.reflect.NativeMethodAccessorImpl.invoke(NativeMethodAccessorImpl.java:62)
	at sun.reflect.DelegatingMethodAccessorImpl.invoke(DelegatingMethodAccessorImpl.java:43)
	at java.lang.reflect.Method.invoke(Method.java:498)
	at org.junit.platform.commons.util.ReflectionUtils.invokeMethod(ReflectionUtils.java:728)
	at org.junit.jupiter.engine.execution.MethodInvocation.proceed(MethodInvocation.java:60)
	at org.junit.jupiter.engine.execution.InvocationInterceptorChain$ValidatingInvocation.proceed(InvocationInterceptorChain.java:131)
	at org.junit.jupiter.engine.extension.SameThreadTimeoutInvocation.proceed(SameThreadTimeoutInvocation.java:45)
	at org.junit.jupiter.engine.extension.TimeoutExtension.intercept(TimeoutExtension.java:156)
	at org.junit.jupiter.engine.extension.TimeoutExtension.interceptTestableMethod(TimeoutExtension.java:147)
	at org.junit.jupiter.engine.extension.TimeoutExtension.interceptTestMethod(TimeoutExtension.java:86)
	at org.junit.jupiter.engine.execution.InterceptingExecutableInvoker$ReflectiveInterceptorCall.lambda$ofVoidMethod$0(InterceptingExecutableInvoker.java:103)
	at org.junit.jupiter.engine.execution.InterceptingExecutableInvoker.lambda$invoke$0(InterceptingExecutableInvoker.java:93)
	at org.junit.jupiter.engine.execution.InvocationInterceptorChain$InterceptedInvocation.proceed(InvocationInterceptorChain.java:106)
	at org.junit.jupiter.engine.execution.InvocationInterceptorChain.proceed(InvocationInterceptorChain.java:64)
	at org.junit.jupiter.engine.execution.InvocationInterceptorChain.chainAndInvoke(InvocationInterceptorChain.java:45)
	at org.junit.jupiter.engine.execution.InvocationInterceptorChain.invoke(InvocationInterceptorChain.java:37)
	at org.junit.jupiter.engine.execution.InterceptingExecutableInvoker.invoke(InterceptingExecutableInvoker.java:92)
	at org.junit.jupiter.engine.execution.InterceptingExecutableInvoker.invoke(InterceptingExecutableInvoker.java:86)
	at org.junit.jupiter.engine.descriptor.TestMethodTestDescriptor.lambda$invokeTestMethod$7(TestMethodTestDescriptor.java:218)
	at org.junit.platform.engine.support.hierarchical.ThrowableCollector.execute(ThrowableCollector.java:73)
	at org.junit.jupiter.engine.descriptor.TestMethodTestDescriptor.invokeTestMethod(TestMethodTestDescriptor.java:214)
	at org.junit.jupiter.engine.descriptor.TestMethodTestDescriptor.execute(TestMethodTestDescriptor.java:139)
	at org.junit.jupiter.engine.descriptor.TestMethodTestDescriptor.execute(TestMethodTestDescriptor.java:69)
	at org.junit.platform.engine.support.hierarchical.NodeTestTask.lambda$executeRecursively$6(NodeTestTask.java:151)
	at org.junit.platform.engine.support.hierarchical.ThrowableCollector.execute(ThrowableCollector.java:73)
	at org.junit.platform.engine.support.hierarchical.NodeTestTask.lambda$executeRecursively$8(NodeTestTask.java:141)
	at org.junit.platform.engine.support.hierarchical.Node.around(Node.java:137)
	at org.junit.platform.engine.support.hierarchical.NodeTestTask.lambda$executeRecursively$9(NodeTestTask.java:139)
	at org.junit.platform.engine.support.hierarchical.ThrowableCollector.execute(ThrowableCollector.java:73)
	at org.junit.platform.engine.support.hierarchical.NodeTestTask.executeRecursively(NodeTestTask.java:138)
	at org.junit.platform.engine.support.hierarchical.NodeTestTask.execute(NodeTestTask.java:95)
	at java.util.ArrayList.forEach(ArrayList.java:1259)
	at org.junit.platform.engine.support.hierarchical.SameThreadHierarchicalTestExecutorService.invokeAll(SameThreadHierarchicalTestExecutorService.java:41)
	at org.junit.platform.engine.support.hierarchical.NodeTestTask.lambda$executeRecursively$6(NodeTestTask.java:155)
	at org.junit.platform.engine.support.hierarchical.ThrowableCollector.execute(ThrowableCollector.java:73)
	at org.junit.platform.engine.support.hierarchical.NodeTestTask.lambda$executeRecursively$8(NodeTestTask.java:141)
	at org.junit.platform.engine.support.hierarchical.Node.around(Node.java:137)
	at org.junit.platform.engine.support.hierarchical.NodeTestTask.lambda$executeRecursively$9(NodeTestTask.java:139)
	at org.junit.platform.engine.support.hierarchical.ThrowableCollector.execute(ThrowableCollector.java:73)
	at org.junit.platform.engine.support.hierarchical.NodeTestTask.executeRecursively(NodeTestTask.java:138)
	at org.junit.platform.engine.support.hierarchical.NodeTestTask.execute(NodeTestTask.java:95)
	at java.util.ArrayList.forEach(ArrayList.java:1259)
	at org.junit.platform.engine.support.hierarchical.SameThreadHierarchicalTestExecutorService.invokeAll(SameThreadHierarchicalTestExecutorService.java:41)
	at org.junit.platform.engine.support.hierarchical.NodeTestTask.lambda$executeRecursively$6(NodeTestTask.java:155)
	at org.junit.platform.engine.support.hierarchical.ThrowableCollector.execute(ThrowableCollector.java:73)
	at org.junit.platform.engine.support.hierarchical.NodeTestTask.lambda$executeRecursively$8(NodeTestTask.java:141)
	at org.junit.platform.engine.support.hierarchical.Node.around(Node.java:137)
	at org.junit.platform.engine.support.hierarchical.NodeTestTask.lambda$executeRecursively$9(NodeTestTask.java:139)
	at org.junit.platform.engine.support.hierarchical.ThrowableCollector.execute(ThrowableCollector.java:73)
	at org.junit.platform.engine.support.hierarchical.NodeTestTask.executeRecursively(NodeTestTask.java:138)
	at org.junit.platform.engine.support.hierarchical.NodeTestTask.execute(NodeTestTask.java:95)
	at org.junit.platform.engine.support.hierarchical.SameThreadHierarchicalTestExecutorService.submit(SameThreadHierarchicalTestExecutorService.java:35)
	at org.junit.platform.engine.support.hierarchical.HierarchicalTestExecutor.execute(HierarchicalTestExecutor.java:57)
	at org.junit.platform.engine.support.hierarchical.HierarchicalTestEngine.execute(HierarchicalTestEngine.java:54)
	at org.junit.platform.launcher.core.EngineExecutionOrchestrator.execute(EngineExecutionOrchestrator.java:198)
	at org.junit.platform.launcher.core.EngineExecutionOrchestrator.execute(EngineExecutionOrchestrator.java:169)
	at org.junit.platform.launcher.core.EngineExecutionOrchestrator.execute(EngineExecutionOrchestrator.java:93)
	at org.junit.platform.launcher.core.EngineExecutionOrchestrator.lambda$execute$0(EngineExecutionOrchestrator.java:58)
	at org.junit.platform.launcher.core.EngineExecutionOrchestrator.withInterceptedStreams(EngineExecutionOrchestrator.java:141)
	at org.junit.platform.launcher.core.EngineExecutionOrchestrator.execute(EngineExecutionOrchestrator.java:57)
	at org.junit.platform.launcher.core.DefaultLauncher.execute(DefaultLauncher.java:103)
	at org.junit.platform.launcher.core.DefaultLauncher.execute(DefaultLauncher.java:85)
	at org.junit.platform.launcher.core.DelegatingLauncher.execute(DelegatingLauncher.java:47)
	at org.junit.platform.launcher.core.SessionPerRequestLauncher.execute(SessionPerRequestLauncher.java:63)
	at org.apache.maven.surefire.junitplatform.JUnitPlatformProvider.execute(JUnitPlatformProvider.java:188)
	at org.apache.maven.surefire.junitplatform.JUnitPlatformProvider.invokeAllTests(JUnitPlatformProvider.java:154)
	at org.apache.maven.surefire.junitplatform.JUnitPlatformProvider.invoke(JUnitPlatformProvider.java:124)
	at org.apache.maven.surefire.booter.ForkedBooter.runSuitesInProcess(ForkedBooter.java:428)
	at org.apache.maven.surefire.booter.ForkedBooter.execute(ForkedBooter.java:162)
	at org.apache.maven.surefire.booter.ForkedBooter.run(ForkedBooter.java:562)
	at org.apache.maven.surefire.booter.ForkedBooter.main(ForkedBooter.java:548)
2024-02-26 09:18:56,542 [main] ERROR scm.XceiverClientGrpc (XceiverClientGrpc.java:sendCommandWithRetry(443)) - Failed to execute command ReadChunk on the pipeline Pipeline[ Id: 9282a3c2-574b-4ce6-8fd7-73fbaf7e6709, Nodes: a70c1067-2103-48d8-b21c-f7bdcf327398(fv-az1109-796.pxagtw4bd2yejgkn5xrroktb3f.dx.internal.cloudapp.net/10.1.0.30)f0a2b3de-ed07-43d6-bdce-9d4b8e15ed2c(fv-az1109-796.pxagtw4bd2yejgkn5xrroktb3f.dx.internal.cloudapp.net/10.1.0.30)1fc8e30e-bcf6-4a54-bb04-f74c1c9f090e(fv-az1109-796.pxagtw4bd2yejgkn5xrroktb3f.dx.internal.cloudapp.net/10.1.0.30), ReplicationConfig: STANDALONE/THREE, State:OPEN, leaderId:a70c1067-2103-48d8-b21c-f7bdcf327398, CreationTimestamp2024-02-26T09:18:27.208Z[Etc/UTC]].
2024-02-26 09:18:56,542 [main] WARN  storage.ContainerProtocolCalls (ContainerProtocolCalls.java:tryEachDatanode(150)) - Failed to read chunk 113750153625600391_chunk_1 (len=12) conID: 16 locID: 113750153625600391 bcsId: 160 from 1fc8e30e-bcf6-4a54-bb04-f74c1c9f090e(fv-az1109-796.pxagtw4bd2yejgkn5xrroktb3f.dx.internal.cloudapp.net/10.1.0.30); will try another datanode.
org.apache.hadoop.ozone.common.OzoneChecksumException: Checksum mismatch at index 0
	at org.apache.hadoop.ozone.common.ChecksumData.verifyChecksumDataMatches(ChecksumData.java:139)
	at org.apache.hadoop.ozone.common.Checksum.verifyChecksum(Checksum.java:296)
	at org.apache.hadoop.hdds.scm.storage.ChunkInputStream.validateChunk(ChunkInputStream.java:488)
	at org.apache.hadoop.hdds.scm.XceiverClientGrpc.sendCommandWithRetry(XceiverClientGrpc.java:400)
	at org.apache.hadoop.hdds.scm.XceiverClientGrpc.lambda$sendCommandWithTraceIDAndRetry$0(XceiverClientGrpc.java:340)
	at org.apache.hadoop.hdds.tracing.TracingUtil.executeInSpan(TracingUtil.java:159)
	at org.apache.hadoop.hdds.tracing.TracingUtil.executeInNewSpan(TracingUtil.java:149)
	at org.apache.hadoop.hdds.scm.XceiverClientGrpc.sendCommandWithTraceIDAndRetry(XceiverClientGrpc.java:335)
	at org.apache.hadoop.hdds.scm.XceiverClientGrpc.sendCommand(XceiverClientGrpc.java:316)
	at org.apache.hadoop.hdds.scm.storage.ContainerProtocolCalls.readChunk(ContainerProtocolCalls.java:327)
	at org.apache.hadoop.hdds.scm.storage.ContainerProtocolCalls.lambda$readChunk$2(ContainerProtocolCalls.java:314)
	at org.apache.hadoop.hdds.scm.storage.ContainerProtocolCalls.tryEachDatanode(ContainerProtocolCalls.java:146)
	at org.apache.hadoop.hdds.scm.storage.ContainerProtocolCalls.readChunk(ContainerProtocolCalls.java:313)
	at org.apache.hadoop.hdds.scm.storage.ChunkInputStream.readChunk(ChunkInputStream.java:425)
	at org.apache.hadoop.hdds.scm.storage.ChunkInputStream.readChunkDataIntoBuffers(ChunkInputStream.java:402)
	at org.apache.hadoop.hdds.scm.storage.ChunkInputStream.readChunkFromContainer(ChunkInputStream.java:387)
	at org.apache.hadoop.hdds.scm.storage.ChunkInputStream.prepareRead(ChunkInputStream.java:319)
	at org.apache.hadoop.hdds.scm.storage.ChunkInputStream.read(ChunkInputStream.java:173)
	at org.apache.hadoop.hdds.scm.storage.ByteArrayReader.readFromBlock(ByteArrayReader.java:54)
	at org.apache.hadoop.hdds.scm.storage.BlockInputStream.readWithStrategy(BlockInputStream.java:354)
	at org.apache.hadoop.hdds.scm.storage.ExtendedInputStream.read(ExtendedInputStream.java:56)
	at org.apache.hadoop.hdds.scm.storage.ByteArrayReader.readFromBlock(ByteArrayReader.java:54)
	at org.apache.hadoop.hdds.scm.storage.MultipartInputStream.readWithStrategy(MultipartInputStream.java:96)
	at org.apache.hadoop.hdds.scm.storage.ExtendedInputStream.read(ExtendedInputStream.java:56)
	at org.apache.hadoop.ozone.client.io.OzoneInputStream.read(OzoneInputStream.java:56)
	at java.io.InputStream.read(InputStream.java:101)
	at org.apache.hadoop.ozone.client.rpc.TestOzoneRpcClientAbstract.lambda$testReadKeyWithCorruptedDataWithMutiNodes$29(TestOzoneRpcClientAbstract.java:2067)
	at org.junit.jupiter.api.AssertThrows.assertThrows(AssertThrows.java:53)
	at org.junit.jupiter.api.AssertThrows.assertThrows(AssertThrows.java:35)
	at org.junit.jupiter.api.Assertions.assertThrows(Assertions.java:3115)
	at org.apache.hadoop.ozone.client.rpc.TestOzoneRpcClientAbstract.testReadKeyWithCorruptedDataWithMutiNodes(TestOzoneRpcClientAbstract.java:2064)
	at sun.reflect.NativeMethodAccessorImpl.invoke0(Native Method)
	at sun.reflect.NativeMethodAccessorImpl.invoke(NativeMethodAccessorImpl.java:62)
	at sun.reflect.DelegatingMethodAccessorImpl.invoke(DelegatingMethodAccessorImpl.java:43)
	at java.lang.reflect.Method.invoke(Method.java:498)
	at org.junit.platform.commons.util.ReflectionUtils.invokeMethod(ReflectionUtils.java:728)
	at org.junit.jupiter.engine.execution.MethodInvocation.proceed(MethodInvocation.java:60)
	at org.junit.jupiter.engine.execution.InvocationInterceptorChain$ValidatingInvocation.proceed(InvocationInterceptorChain.java:131)
	at org.junit.jupiter.engine.extension.SameThreadTimeoutInvocation.proceed(SameThreadTimeoutInvocation.java:45)
	at org.junit.jupiter.engine.extension.TimeoutExtension.intercept(TimeoutExtension.java:156)
	at org.junit.jupiter.engine.extension.TimeoutExtension.interceptTestableMethod(TimeoutExtension.java:147)
	at org.junit.jupiter.engine.extension.TimeoutExtension.interceptTestMethod(TimeoutExtension.java:86)
	at org.junit.jupiter.engine.execution.InterceptingExecutableInvoker$ReflectiveInterceptorCall.lambda$ofVoidMethod$0(InterceptingExecutableInvoker.java:103)
	at org.junit.jupiter.engine.execution.InterceptingExecutableInvoker.lambda$invoke$0(InterceptingExecutableInvoker.java:93)
	at org.junit.jupiter.engine.execution.InvocationInterceptorChain$InterceptedInvocation.proceed(InvocationInterceptorChain.java:106)
	at org.junit.jupiter.engine.execution.InvocationInterceptorChain.proceed(InvocationInterceptorChain.java:64)
	at org.junit.jupiter.engine.execution.InvocationInterceptorChain.chainAndInvoke(InvocationInterceptorChain.java:45)
	at org.junit.jupiter.engine.execution.InvocationInterceptorChain.invoke(InvocationInterceptorChain.java:37)
	at org.junit.jupiter.engine.execution.InterceptingExecutableInvoker.invoke(InterceptingExecutableInvoker.java:92)
	at org.junit.jupiter.engine.execution.InterceptingExecutableInvoker.invoke(InterceptingExecutableInvoker.java:86)
	at org.junit.jupiter.engine.descriptor.TestMethodTestDescriptor.lambda$invokeTestMethod$7(TestMethodTestDescriptor.java:218)
	at org.junit.platform.engine.support.hierarchical.ThrowableCollector.execute(ThrowableCollector.java:73)
	at org.junit.jupiter.engine.descriptor.TestMethodTestDescriptor.invokeTestMethod(TestMethodTestDescriptor.java:214)
	at org.junit.jupiter.engine.descriptor.TestMethodTestDescriptor.execute(TestMethodTestDescriptor.java:139)
	at org.junit.jupiter.engine.descriptor.TestMethodTestDescriptor.execute(TestMethodTestDescriptor.java:69)
	at org.junit.platform.engine.support.hierarchical.NodeTestTask.lambda$executeRecursively$6(NodeTestTask.java:151)
	at org.junit.platform.engine.support.hierarchical.ThrowableCollector.execute(ThrowableCollector.java:73)
	at org.junit.platform.engine.support.hierarchical.NodeTestTask.lambda$executeRecursively$8(NodeTestTask.java:141)
	at org.junit.platform.engine.support.hierarchical.Node.around(Node.java:137)
	at org.junit.platform.engine.support.hierarchical.NodeTestTask.lambda$executeRecursively$9(NodeTestTask.java:139)
	at org.junit.platform.engine.support.hierarchical.ThrowableCollector.execute(ThrowableCollector.java:73)
	at org.junit.platform.engine.support.hierarchical.NodeTestTask.executeRecursively(NodeTestTask.java:138)
	at org.junit.platform.engine.support.hierarchical.NodeTestTask.execute(NodeTestTask.java:95)
	at java.util.ArrayList.forEach(ArrayList.java:1259)
	at org.junit.platform.engine.support.hierarchical.SameThreadHierarchicalTestExecutorService.invokeAll(SameThreadHierarchicalTestExecutorService.java:41)
	at org.junit.platform.engine.support.hierarchical.NodeTestTask.lambda$executeRecursively$6(NodeTestTask.java:155)
	at org.junit.platform.engine.support.hierarchical.ThrowableCollector.execute(ThrowableCollector.java:73)
	at org.junit.platform.engine.support.hierarchical.NodeTestTask.lambda$executeRecursively$8(NodeTestTask.java:141)
	at org.junit.platform.engine.support.hierarchical.Node.around(Node.java:137)
	at org.junit.platform.engine.support.hierarchical.NodeTestTask.lambda$executeRecursively$9(NodeTestTask.java:139)
	at org.junit.platform.engine.support.hierarchical.ThrowableCollector.execute(ThrowableCollector.java:73)
	at org.junit.platform.engine.support.hierarchical.NodeTestTask.executeRecursively(NodeTestTask.java:138)
	at org.junit.platform.engine.support.hierarchical.NodeTestTask.execute(NodeTestTask.java:95)
	at java.util.ArrayList.forEach(ArrayList.java:1259)
	at org.junit.platform.engine.support.hierarchical.SameThreadHierarchicalTestExecutorService.invokeAll(SameThreadHierarchicalTestExecutorService.java:41)
	at org.junit.platform.engine.support.hierarchical.NodeTestTask.lambda$executeRecursively$6(NodeTestTask.java:155)
	at org.junit.platform.engine.support.hierarchical.ThrowableCollector.execute(ThrowableCollector.java:73)
	at org.junit.platform.engine.support.hierarchical.NodeTestTask.lambda$executeRecursively$8(NodeTestTask.java:141)
	at org.junit.platform.engine.support.hierarchical.Node.around(Node.java:137)
	at org.junit.platform.engine.support.hierarchical.NodeTestTask.lambda$executeRecursively$9(NodeTestTask.java:139)
	at org.junit.platform.engine.support.hierarchical.ThrowableCollector.execute(ThrowableCollector.java:73)
	at org.junit.platform.engine.support.hierarchical.NodeTestTask.executeRecursively(NodeTestTask.java:138)
	at org.junit.platform.engine.support.hierarchical.NodeTestTask.execute(NodeTestTask.java:95)
	at org.junit.platform.engine.support.hierarchical.SameThreadHierarchicalTestExecutorService.submit(SameThreadHierarchicalTestExecutorService.java:35)
	at org.junit.platform.engine.support.hierarchical.HierarchicalTestExecutor.execute(HierarchicalTestExecutor.java:57)
	at org.junit.platform.engine.support.hierarchical.HierarchicalTestEngine.execute(HierarchicalTestEngine.java:54)
	at org.junit.platform.launcher.core.EngineExecutionOrchestrator.execute(EngineExecutionOrchestrator.java:198)
	at org.junit.platform.launcher.core.EngineExecutionOrchestrator.execute(EngineExecutionOrchestrator.java:169)
	at org.junit.platform.launcher.core.EngineExecutionOrchestrator.execute(EngineExecutionOrchestrator.java:93)
	at org.junit.platform.launcher.core.EngineExecutionOrchestrator.lambda$execute$0(EngineExecutionOrchestrator.java:58)
	at org.junit.platform.launcher.core.EngineExecutionOrchestrator.withInterceptedStreams(EngineExecutionOrchestrator.java:141)
	at org.junit.platform.launcher.core.EngineExecutionOrchestrator.execute(EngineExecutionOrchestrator.java:57)
	at org.junit.platform.launcher.core.DefaultLauncher.execute(DefaultLauncher.java:103)
	at org.junit.platform.launcher.core.DefaultLauncher.execute(DefaultLauncher.java:85)
	at org.junit.platform.launcher.core.DelegatingLauncher.execute(DelegatingLauncher.java:47)
	at org.junit.platform.launcher.core.SessionPerRequestLauncher.execute(SessionPerRequestLauncher.java:63)
	at org.apache.maven.surefire.junitplatform.JUnitPlatformProvider.execute(JUnitPlatformProvider.java:188)
	at org.apache.maven.surefire.junitplatform.JUnitPlatformProvider.invokeAllTests(JUnitPlatformProvider.java:154)
	at org.apache.maven.surefire.junitplatform.JUnitPlatformProvider.invoke(JUnitPlatformProvider.java:124)
	at org.apache.maven.surefire.booter.ForkedBooter.runSuitesInProcess(ForkedBooter.java:428)
	at org.apache.maven.surefire.booter.ForkedBooter.execute(ForkedBooter.java:162)
	at org.apache.maven.surefire.booter.ForkedBooter.run(ForkedBooter.java:562)
	at org.apache.maven.surefire.booter.ForkedBooter.main(ForkedBooter.java:548)
2024-02-26 09:18:56,545 [main] ERROR scm.XceiverClientGrpc (XceiverClientGrpc.java:sendCommandWithRetry(443)) - Failed to execute command ReadChunk on the pipeline Pipeline[ Id: 9282a3c2-574b-4ce6-8fd7-73fbaf7e6709, Nodes: a70c1067-2103-48d8-b21c-f7bdcf327398(fv-az1109-796.pxagtw4bd2yejgkn5xrroktb3f.dx.internal.cloudapp.net/10.1.0.30)f0a2b3de-ed07-43d6-bdce-9d4b8e15ed2c(fv-az1109-796.pxagtw4bd2yejgkn5xrroktb3f.dx.internal.cloudapp.net/10.1.0.30)1fc8e30e-bcf6-4a54-bb04-f74c1c9f090e(fv-az1109-796.pxagtw4bd2yejgkn5xrroktb3f.dx.internal.cloudapp.net/10.1.0.30), ReplicationConfig: STANDALONE/THREE, State:OPEN, leaderId:a70c1067-2103-48d8-b21c-f7bdcf327398, CreationTimestamp2024-02-26T09:18:27.208Z[Etc/UTC]].
]]></system-out>
  </testcase>
  <testcase name="testReadKeyWithVerifyChecksumFlagDisable" classname="org.apache.hadoop.ozone.client.rpc.TestSecureOzoneRpcClient" time="0.041">
    <system-out><![CDATA[2024-02-26 09:18:56,548 [main] INFO  rpc.RpcClient (RpcClient.java:createVolume(465)) - Creating Volume: ed302d43-c2aa-4790-b294-fc9cb31422c3, with runner as owner and space quota set to -1 bytes, counts quota set to -1
2024-02-26 09:18:56,549 [om1-OMStateMachineApplyTransactionThread - 0] INFO  volume.OMVolumeCreateRequest (OMVolumeCreateRequest.java:validateAndUpdateCache(198)) - created volume:ed302d43-c2aa-4790-b294-fc9cb31422c3 for user:runner
2024-02-26 09:18:56,550 [main] INFO  rpc.RpcClient (RpcClient.java:createBucket(691)) - Creating Bucket: ed302d43-c2aa-4790-b294-fc9cb31422c3/5a127fe1-0192-423c-b761-0141b16b2285, with server-side default bucket layout, runner as owner, Versioning false, Storage Type set to DISK and Encryption set to false, Replication Type set to server-side default replication type, Namespace Quota set to -1, Space Quota set to -1 
2024-02-26 09:18:56,552 [om1-OMStateMachineApplyTransactionThread - 0] INFO  bucket.OMBucketCreateRequest (OMBucketCreateRequest.java:validateAndUpdateCache(292)) - created bucket: 5a127fe1-0192-423c-b761-0141b16b2285 of layout OBJECT_STORE in volume: ed302d43-c2aa-4790-b294-fc9cb31422c3
2024-02-26 09:18:56,561 [IPC Server handler 95 on default port 15001] WARN  node.SCMNodeManager (SCMNodeManager.java:getNodesByAddress(1554)) - Cannot find node for address 127.0.0.1
2024-02-26 09:18:56,566 [main] INFO  protocolPB.OmTransportFactory (OmTransportFactory.java:createFactory(62)) - Loading OM transport implementation org.apache.hadoop.ozone.om.protocolPB.Hadoop3OmTransportFactory as specified by configuration.
2024-02-26 09:18:56,578 [IPC Server handler 99 on default port 15001] WARN  node.SCMNodeManager (SCMNodeManager.java:getNodesByAddress(1554)) - Cannot find node for address 127.0.0.1
]]></system-out>
  </testcase>
  <testcase name="testReadKeyWithVerifyChecksumFlagEnable" classname="org.apache.hadoop.ozone.client.rpc.TestSecureOzoneRpcClient" time="0.04">
    <system-out><![CDATA[2024-02-26 09:18:56,588 [main] INFO  rpc.RpcClient (RpcClient.java:createVolume(465)) - Creating Volume: 152c59d2-209d-4229-a4b3-bf497578ca1e, with runner as owner and space quota set to -1 bytes, counts quota set to -1
2024-02-26 09:18:56,590 [om1-OMStateMachineApplyTransactionThread - 0] INFO  volume.OMVolumeCreateRequest (OMVolumeCreateRequest.java:validateAndUpdateCache(198)) - created volume:152c59d2-209d-4229-a4b3-bf497578ca1e for user:runner
2024-02-26 09:18:56,591 [main] INFO  rpc.RpcClient (RpcClient.java:createBucket(691)) - Creating Bucket: 152c59d2-209d-4229-a4b3-bf497578ca1e/464e516e-041f-445e-96ce-7c8c7359d139, with server-side default bucket layout, runner as owner, Versioning false, Storage Type set to DISK and Encryption set to false, Replication Type set to server-side default replication type, Namespace Quota set to -1, Space Quota set to -1 
2024-02-26 09:18:56,592 [om1-OMStateMachineApplyTransactionThread - 0] INFO  bucket.OMBucketCreateRequest (OMBucketCreateRequest.java:validateAndUpdateCache(292)) - created bucket: 464e516e-041f-445e-96ce-7c8c7359d139 of layout OBJECT_STORE in volume: 152c59d2-209d-4229-a4b3-bf497578ca1e
2024-02-26 09:18:56,601 [IPC Server handler 98 on default port 15001] WARN  node.SCMNodeManager (SCMNodeManager.java:getNodesByAddress(1554)) - Cannot find node for address 127.0.0.1
2024-02-26 09:18:56,606 [main] INFO  protocolPB.OmTransportFactory (OmTransportFactory.java:createFactory(62)) - Loading OM transport implementation org.apache.hadoop.ozone.om.protocolPB.Hadoop3OmTransportFactory as specified by configuration.
2024-02-26 09:18:56,618 [IPC Server handler 87 on default port 15001] WARN  node.SCMNodeManager (SCMNodeManager.java:getNodesByAddress(1554)) - Cannot find node for address 127.0.0.1
2024-02-26 09:18:56,624 [main] ERROR scm.XceiverClientGrpc (XceiverClientGrpc.java:sendCommandWithRetry(443)) - Failed to execute command ReadChunk on the pipeline Pipeline[ Id: b6300412-caf1-4a58-9338-d99cc601fa38, Nodes: 8b754925-a2c8-41f5-ba18-fc172404abb1(fv-az1109-796.pxagtw4bd2yejgkn5xrroktb3f.dx.internal.cloudapp.net/10.1.0.30), ReplicationConfig: STANDALONE/ONE, State:OPEN, leaderId:8b754925-a2c8-41f5-ba18-fc172404abb1, CreationTimestamp2024-02-26T09:18:28.434Z[Etc/UTC]].
2024-02-26 09:18:56,626 [main] ERROR scm.XceiverClientGrpc (XceiverClientGrpc.java:sendCommandWithRetry(443)) - Failed to execute command ReadChunk on the pipeline Pipeline[ Id: b6300412-caf1-4a58-9338-d99cc601fa38, Nodes: 8b754925-a2c8-41f5-ba18-fc172404abb1(fv-az1109-796.pxagtw4bd2yejgkn5xrroktb3f.dx.internal.cloudapp.net/10.1.0.30), ReplicationConfig: STANDALONE/ONE, State:OPEN, leaderId:8b754925-a2c8-41f5-ba18-fc172404abb1, CreationTimestamp2024-02-26T09:18:28.434Z[Etc/UTC]].
2024-02-26 09:18:56,626 [main] ERROR scm.XceiverClientGrpc (XceiverClientGrpc.java:sendCommandWithRetry(443)) - Failed to execute command ReadChunk on the pipeline Pipeline[ Id: b6300412-caf1-4a58-9338-d99cc601fa38, Nodes: 8b754925-a2c8-41f5-ba18-fc172404abb1(fv-az1109-796.pxagtw4bd2yejgkn5xrroktb3f.dx.internal.cloudapp.net/10.1.0.30), ReplicationConfig: STANDALONE/ONE, State:OPEN, leaderId:8b754925-a2c8-41f5-ba18-fc172404abb1, CreationTimestamp2024-02-26T09:18:28.434Z[Etc/UTC]].
]]></system-out>
  </testcase>
  <testcase name="testRemoveBucketAcl" classname="org.apache.hadoop.ozone.client.rpc.TestSecureOzoneRpcClient" time="0.017">
    <system-out><![CDATA[2024-02-26 09:18:56,629 [main] INFO  rpc.RpcClient (RpcClient.java:createVolume(465)) - Creating Volume: d9290094-8114-4280-a70b-f48733d8158e, with runner as owner and space quota set to -1 bytes, counts quota set to -1
2024-02-26 09:18:56,630 [om1-OMStateMachineApplyTransactionThread - 0] INFO  volume.OMVolumeCreateRequest (OMVolumeCreateRequest.java:validateAndUpdateCache(198)) - created volume:d9290094-8114-4280-a70b-f48733d8158e for user:runner
2024-02-26 09:18:56,631 [main] INFO  rpc.RpcClient (RpcClient.java:createBucket(691)) - Creating Bucket: d9290094-8114-4280-a70b-f48733d8158e/55971dec-0700-40a8-b817-c9254363335b, with server-side default bucket layout, runner as owner, Versioning false, Storage Type set to DISK and Encryption set to false, Replication Type set to server-side default replication type, Namespace Quota set to -1, Space Quota set to -1 
2024-02-26 09:18:56,633 [om1-OMStateMachineApplyTransactionThread - 0] INFO  bucket.OMBucketCreateRequest (OMBucketCreateRequest.java:validateAndUpdateCache(292)) - created bucket: 55971dec-0700-40a8-b817-c9254363335b of layout OBJECT_STORE in volume: d9290094-8114-4280-a70b-f48733d8158e
]]></system-out>
  </testcase>
  <testcase name="testRemoveBucketAclUsingRpcClientRemoveAcl" classname="org.apache.hadoop.ozone.client.rpc.TestSecureOzoneRpcClient" time="0.008">
    <system-out><![CDATA[2024-02-26 09:18:56,646 [main] INFO  rpc.RpcClient (RpcClient.java:createVolume(465)) - Creating Volume: b1f89f27-e647-4fb5-ae37-b557bdb329d1, with runner as owner and space quota set to -1 bytes, counts quota set to -1
2024-02-26 09:18:56,647 [om1-OMStateMachineApplyTransactionThread - 0] INFO  volume.OMVolumeCreateRequest (OMVolumeCreateRequest.java:validateAndUpdateCache(198)) - created volume:b1f89f27-e647-4fb5-ae37-b557bdb329d1 for user:runner
2024-02-26 09:18:56,648 [main] INFO  rpc.RpcClient (RpcClient.java:createBucket(691)) - Creating Bucket: b1f89f27-e647-4fb5-ae37-b557bdb329d1/f7f56ab2-0288-463a-b8ca-01b5c4db8c9d, with server-side default bucket layout, runner as owner, Versioning false, Storage Type set to DISK and Encryption set to false, Replication Type set to server-side default replication type, Namespace Quota set to -1, Space Quota set to -1 
2024-02-26 09:18:56,649 [om1-OMStateMachineApplyTransactionThread - 0] INFO  bucket.OMBucketCreateRequest (OMBucketCreateRequest.java:validateAndUpdateCache(292)) - created bucket: f7f56ab2-0288-463a-b8ca-01b5c4db8c9d of layout OBJECT_STORE in volume: b1f89f27-e647-4fb5-ae37-b557bdb329d1
]]></system-out>
  </testcase>
  <testcase name="testRenameKey" classname="org.apache.hadoop.ozone.client.rpc.TestSecureOzoneRpcClient" time="0.024">
    <system-out><![CDATA[2024-02-26 09:18:56,654 [main] INFO  rpc.RpcClient (RpcClient.java:createVolume(465)) - Creating Volume: 357af215-0c98-4915-b1e9-9a5b372109bd, with runner as owner and space quota set to -1 bytes, counts quota set to -1
2024-02-26 09:18:56,655 [om1-OMStateMachineApplyTransactionThread - 0] INFO  volume.OMVolumeCreateRequest (OMVolumeCreateRequest.java:validateAndUpdateCache(198)) - created volume:357af215-0c98-4915-b1e9-9a5b372109bd for user:runner
2024-02-26 09:18:56,656 [main] INFO  rpc.RpcClient (RpcClient.java:createBucket(691)) - Creating Bucket: 357af215-0c98-4915-b1e9-9a5b372109bd/0640a82d-32da-4fba-aac0-41b95a1273b6, with server-side default bucket layout, runner as owner, Versioning false, Storage Type set to DISK and Encryption set to false, Replication Type set to server-side default replication type, Namespace Quota set to -1, Space Quota set to -1 
2024-02-26 09:18:56,657 [om1-OMStateMachineApplyTransactionThread - 0] INFO  bucket.OMBucketCreateRequest (OMBucketCreateRequest.java:validateAndUpdateCache(292)) - created bucket: 0640a82d-32da-4fba-aac0-41b95a1273b6 of layout OBJECT_STORE in volume: 357af215-0c98-4915-b1e9-9a5b372109bd
2024-02-26 09:18:56,666 [IPC Server handler 82 on default port 15001] WARN  node.SCMNodeManager (SCMNodeManager.java:getNodesByAddress(1554)) - Cannot find node for address 127.0.0.1
09:18:56.670 [om1-OMStateMachineApplyTransactionThread - 0] ERROR OMAudit - user=runner | ip=127.0.0.1 | op=RENAME_KEY {volume=357af215-0c98-4915-b1e9-9a5b372109bd, bucket=0640a82d-32da-4fba-aac0-41b95a1273b6, dataSize=0, replicationType=NONE, replicationFactor=ZERO, srcKey=a0b59829-c64d-4a1b-9c4e-9a5a16af4c26, dstKey=} | ret=FAILURE
org.apache.hadoop.ozone.om.exceptions.OMException: Key name is empty
	at org.apache.hadoop.ozone.om.request.key.OMKeyRenameRequest.validateAndUpdateCache(OMKeyRenameRequest.java:161) ~[ozone-manager-1.5.0-SNAPSHOT.jar:?]
	at org.apache.hadoop.ozone.protocolPB.OzoneManagerRequestHandler.lambda$0(OzoneManagerRequestHandler.java:403) ~[ozone-manager-1.5.0-SNAPSHOT.jar:?]
	at org.apache.hadoop.util.MetricUtil.captureLatencyNs(MetricUtil.java:45) ~[hdds-common-1.5.0-SNAPSHOT.jar:?]
	at org.apache.hadoop.ozone.protocolPB.OzoneManagerRequestHandler.handleWriteRequest(OzoneManagerRequestHandler.java:399) ~[ozone-manager-1.5.0-SNAPSHOT.jar:?]
	at org.apache.hadoop.ozone.om.ratis.OzoneManagerStateMachine.runCommand(OzoneManagerStateMachine.java:527) ~[ozone-manager-1.5.0-SNAPSHOT.jar:?]
	at org.apache.hadoop.ozone.om.ratis.OzoneManagerStateMachine.lambda$1(OzoneManagerStateMachine.java:345) ~[ozone-manager-1.5.0-SNAPSHOT.jar:?]
	at java.util.concurrent.CompletableFuture$AsyncSupply.run(CompletableFuture.java:1604) [?:1.8.0_402]
	at java.util.concurrent.ThreadPoolExecutor.runWorker(ThreadPoolExecutor.java:1149) [?:1.8.0_402]
	at java.util.concurrent.ThreadPoolExecutor$Worker.run(ThreadPoolExecutor.java:624) [?:1.8.0_402]
	at java.lang.Thread.run(Thread.java:750) [?:1.8.0_402]
2024-02-26 09:18:56,670 [om1-OMStateMachineApplyTransactionThread - 0] ERROR key.OMKeyRenameRequest (OMKeyRenameRequest.java:validateAndUpdateCache(241)) - Rename key failed for volume:357af215-0c98-4915-b1e9-9a5b372109bd bucket:0640a82d-32da-4fba-aac0-41b95a1273b6 fromKey:a0b59829-c64d-4a1b-9c4e-9a5a16af4c26 toKey:. Exception: Key name is empty.
09:18:56.676 [IPC Server handler 15 on default port 15004] ERROR OMAudit - user=runner | ip=127.0.0.1 | op=READ_KEY {volume=357af215-0c98-4915-b1e9-9a5b372109bd, bucket=0640a82d-32da-4fba-aac0-41b95a1273b6, key=a0b59829-c64d-4a1b-9c4e-9a5a16af4c26, dataSize=0, replicationConfig=null} | ret=FAILURE
org.apache.hadoop.ozone.om.exceptions.OMException: Key:a0b59829-c64d-4a1b-9c4e-9a5a16af4c26 not found
	at org.apache.hadoop.ozone.om.KeyManagerImpl.readKeyInfo(KeyManagerImpl.java:480) ~[ozone-manager-1.5.0-SNAPSHOT.jar:?]
	at org.apache.hadoop.ozone.om.KeyManagerImpl.lambda$11(KeyManagerImpl.java:2050) ~[ozone-manager-1.5.0-SNAPSHOT.jar:?]
	at org.apache.hadoop.util.MetricUtil.captureLatencyNs(MetricUtil.java:45) ~[hdds-common-1.5.0-SNAPSHOT.jar:?]
	at org.apache.hadoop.ozone.om.KeyManagerImpl.getKeyInfo(KeyManagerImpl.java:2048) ~[ozone-manager-1.5.0-SNAPSHOT.jar:?]
	at org.apache.hadoop.ozone.om.OmMetadataReader.getKeyInfo(OmMetadataReader.java:190) ~[ozone-manager-1.5.0-SNAPSHOT.jar:?]
	at org.apache.hadoop.ozone.om.OzoneManager.getKeyInfo(OzoneManager.java:2865) ~[ozone-manager-1.5.0-SNAPSHOT.jar:?]
	at org.apache.hadoop.ozone.protocolPB.OzoneManagerRequestHandler.getKeyInfo(OzoneManagerRequestHandler.java:641) ~[ozone-manager-1.5.0-SNAPSHOT.jar:?]
	at org.apache.hadoop.ozone.protocolPB.OzoneManagerRequestHandler.handleReadRequest(OzoneManagerRequestHandler.java:328) ~[ozone-manager-1.5.0-SNAPSHOT.jar:?]
	at org.apache.hadoop.ozone.protocolPB.OzoneManagerProtocolServerSideTranslatorPB.submitReadRequestToOM(OzoneManagerProtocolServerSideTranslatorPB.java:250) ~[ozone-manager-1.5.0-SNAPSHOT.jar:?]
	at org.apache.hadoop.ozone.protocolPB.OzoneManagerProtocolServerSideTranslatorPB.internalProcessRequest(OzoneManagerProtocolServerSideTranslatorPB.java:196) ~[ozone-manager-1.5.0-SNAPSHOT.jar:?]
	at org.apache.hadoop.ozone.protocolPB.OzoneManagerProtocolServerSideTranslatorPB.processRequest(OzoneManagerProtocolServerSideTranslatorPB.java:156) ~[ozone-manager-1.5.0-SNAPSHOT.jar:?]
	at org.apache.hadoop.hdds.server.OzoneProtocolMessageDispatcher.processRequest(OzoneProtocolMessageDispatcher.java:89) [hdds-server-framework-1.5.0-SNAPSHOT.jar:?]
	at org.apache.hadoop.ozone.protocolPB.OzoneManagerProtocolServerSideTranslatorPB.submitRequest(OzoneManagerProtocolServerSideTranslatorPB.java:147) [ozone-manager-1.5.0-SNAPSHOT.jar:?]
	at org.apache.hadoop.ozone.protocol.proto.OzoneManagerProtocolProtos$OzoneManagerService$2.callBlockingMethod(OzoneManagerProtocolProtos.java) [ozone-interface-client-1.5.0-SNAPSHOT.jar:?]
	at org.apache.hadoop.ipc.ProtobufRpcEngine$Server.processCall(ProtobufRpcEngine.java:484) [hadoop-common-3.3.6.jar:?]
	at org.apache.hadoop.ipc.ProtobufRpcEngine2$Server$ProtoBufRpcInvoker.call(ProtobufRpcEngine2.java:595) [hadoop-common-3.3.6.jar:?]
	at org.apache.hadoop.ipc.ProtobufRpcEngine2$Server$ProtoBufRpcInvoker.call(ProtobufRpcEngine2.java:573) [hadoop-common-3.3.6.jar:?]
	at org.apache.hadoop.ipc.RPC$Server.call(RPC.java:1227) [hadoop-common-3.3.6.jar:?]
	at org.apache.hadoop.ipc.Server$RpcCall.run(Server.java:1094) [hadoop-common-3.3.6.jar:?]
	at org.apache.hadoop.ipc.Server$RpcCall.run(Server.java:1017) [hadoop-common-3.3.6.jar:?]
	at java.security.AccessController.doPrivileged(Native Method) ~[?:1.8.0_402]
	at javax.security.auth.Subject.doAs(Subject.java:422) [?:1.8.0_402]
	at org.apache.hadoop.security.UserGroupInformation.doAs(UserGroupInformation.java:1899) [hadoop-common-3.3.6.jar:?]
	at org.apache.hadoop.ipc.Server$Handler.run(Server.java:3048) [hadoop-common-3.3.6.jar:?]
2024-02-26 09:18:56,677 [IPC Server handler 61 on default port 15001] WARN  node.SCMNodeManager (SCMNodeManager.java:getNodesByAddress(1554)) - Cannot find node for address 127.0.0.1
]]></system-out>
  </testcase>
  <testcase name="testS3Auth" classname="org.apache.hadoop.ozone.client.rpc.TestSecureOzoneRpcClient" time="0.02">
    <system-out><![CDATA[2024-02-26 09:18:56,680 [main] INFO  om.S3SecretManager (S3SecretManager.java:updateCache(105)) - Updating cache for accessId/user: runner.
2024-02-26 09:18:56,686 [om1-OMStateMachineApplyTransactionThread - 0] INFO  volume.OMVolumeCreateRequest (OMVolumeCreateRequest.java:validateAndUpdateCache(198)) - created volume:1a2dd1a4-7cd6-4075-96be-f5aa28e8b758 for user:runner
2024-02-26 09:18:56,687 [main] INFO  om.S3SecretManager (S3SecretManager.java:updateCache(105)) - Updating cache for accessId/user: runner.
2024-02-26 09:18:56,688 [main] ERROR protocolPB.OzoneManagerProtocolServerSideTranslatorPB (S3SecurityUtil.java:validateS3Credential(70)) - signatures do NOT match for S3 identifier:OzoneToken owner=runner, renewer=, realUser=, issueDate=1970-01-01T00:00:00Z, maxDate=1970-01-01T00:00:00Z, sequenceNumber=0, masterKeyId=0, strToSign=AWS4-HMAC-SHA256
20150830T123600Z
20150830/us-east-1/iam/aws4_request
f536975d06c0309214f805bb90ccff089219ecd68b2577efef23edd43b7e1a59, signature=5d672d79c15b13162d9279b0855cfba6789a8edb4c82c400e06b5924a6f2b5d7, awsAccessKeyId=runner, omServiceId=null, omCertSerialId=null
org.apache.hadoop.security.token.SecretManager$InvalidToken: Invalid S3 identifier:OzoneToken owner=runner, renewer=, realUser=, issueDate=1970-01-01T00:00:00Z, maxDate=1970-01-01T00:00:00Z, sequenceNumber=0, masterKeyId=0, strToSign=AWS4-HMAC-SHA256
20150830T123600Z
20150830/us-east-1/iam/aws4_request
f536975d06c0309214f805bb90ccff089219ecd68b2577efef23edd43b7e1a59, signature=5d672d79c15b13162d9279b0855cfba6789a8edb4c82c400e06b5924a6f2b5d7, awsAccessKeyId=runner, omServiceId=null, omCertSerialId=null
	at org.apache.hadoop.ozone.security.OzoneDelegationTokenSecretManager.validateS3AuthInfo(OzoneDelegationTokenSecretManager.java:507)
	at org.apache.hadoop.ozone.security.OzoneDelegationTokenSecretManager.retrievePassword(OzoneDelegationTokenSecretManager.java:406)
	at org.apache.hadoop.ozone.security.S3SecurityUtil.validateS3Credential(S3SecurityUtil.java:61)
	at org.apache.hadoop.ozone.protocolPB.OzoneManagerProtocolServerSideTranslatorPB.internalProcessRequest(OzoneManagerProtocolServerSideTranslatorPB.java:185)
	at org.apache.hadoop.ozone.protocolPB.OzoneManagerProtocolServerSideTranslatorPB.processRequest(OzoneManagerProtocolServerSideTranslatorPB.java:156)
	at org.apache.hadoop.hdds.server.OzoneProtocolMessageDispatcher.processRequest(OzoneProtocolMessageDispatcher.java:89)
	at org.apache.hadoop.ozone.protocolPB.OzoneManagerProtocolServerSideTranslatorPB.submitRequest(OzoneManagerProtocolServerSideTranslatorPB.java:147)
	at org.apache.hadoop.ozone.client.rpc.TestSecureOzoneRpcClient.testS3Auth(TestSecureOzoneRpcClient.java:315)
	at sun.reflect.NativeMethodAccessorImpl.invoke0(Native Method)
	at sun.reflect.NativeMethodAccessorImpl.invoke(NativeMethodAccessorImpl.java:62)
	at sun.reflect.DelegatingMethodAccessorImpl.invoke(DelegatingMethodAccessorImpl.java:43)
	at java.lang.reflect.Method.invoke(Method.java:498)
	at org.junit.platform.commons.util.ReflectionUtils.invokeMethod(ReflectionUtils.java:728)
	at org.junit.jupiter.engine.execution.MethodInvocation.proceed(MethodInvocation.java:60)
	at org.junit.jupiter.engine.execution.InvocationInterceptorChain$ValidatingInvocation.proceed(InvocationInterceptorChain.java:131)
	at org.junit.jupiter.engine.extension.SameThreadTimeoutInvocation.proceed(SameThreadTimeoutInvocation.java:45)
	at org.junit.jupiter.engine.extension.TimeoutExtension.intercept(TimeoutExtension.java:156)
	at org.junit.jupiter.engine.extension.TimeoutExtension.interceptTestableMethod(TimeoutExtension.java:147)
	at org.junit.jupiter.engine.extension.TimeoutExtension.interceptTestMethod(TimeoutExtension.java:86)
	at org.junit.jupiter.engine.execution.InterceptingExecutableInvoker$ReflectiveInterceptorCall.lambda$ofVoidMethod$0(InterceptingExecutableInvoker.java:103)
	at org.junit.jupiter.engine.execution.InterceptingExecutableInvoker.lambda$invoke$0(InterceptingExecutableInvoker.java:93)
	at org.junit.jupiter.engine.execution.InvocationInterceptorChain$InterceptedInvocation.proceed(InvocationInterceptorChain.java:106)
	at org.junit.jupiter.engine.execution.InvocationInterceptorChain.proceed(InvocationInterceptorChain.java:64)
	at org.junit.jupiter.engine.execution.InvocationInterceptorChain.chainAndInvoke(InvocationInterceptorChain.java:45)
	at org.junit.jupiter.engine.execution.InvocationInterceptorChain.invoke(InvocationInterceptorChain.java:37)
	at org.junit.jupiter.engine.execution.InterceptingExecutableInvoker.invoke(InterceptingExecutableInvoker.java:92)
	at org.junit.jupiter.engine.execution.InterceptingExecutableInvoker.invoke(InterceptingExecutableInvoker.java:86)
	at org.junit.jupiter.engine.descriptor.TestMethodTestDescriptor.lambda$invokeTestMethod$7(TestMethodTestDescriptor.java:218)
	at org.junit.platform.engine.support.hierarchical.ThrowableCollector.execute(ThrowableCollector.java:73)
	at org.junit.jupiter.engine.descriptor.TestMethodTestDescriptor.invokeTestMethod(TestMethodTestDescriptor.java:214)
	at org.junit.jupiter.engine.descriptor.TestMethodTestDescriptor.execute(TestMethodTestDescriptor.java:139)
	at org.junit.jupiter.engine.descriptor.TestMethodTestDescriptor.execute(TestMethodTestDescriptor.java:69)
	at org.junit.platform.engine.support.hierarchical.NodeTestTask.lambda$executeRecursively$6(NodeTestTask.java:151)
	at org.junit.platform.engine.support.hierarchical.ThrowableCollector.execute(ThrowableCollector.java:73)
	at org.junit.platform.engine.support.hierarchical.NodeTestTask.lambda$executeRecursively$8(NodeTestTask.java:141)
	at org.junit.platform.engine.support.hierarchical.Node.around(Node.java:137)
	at org.junit.platform.engine.support.hierarchical.NodeTestTask.lambda$executeRecursively$9(NodeTestTask.java:139)
	at org.junit.platform.engine.support.hierarchical.ThrowableCollector.execute(ThrowableCollector.java:73)
	at org.junit.platform.engine.support.hierarchical.NodeTestTask.executeRecursively(NodeTestTask.java:138)
	at org.junit.platform.engine.support.hierarchical.NodeTestTask.execute(NodeTestTask.java:95)
	at java.util.ArrayList.forEach(ArrayList.java:1259)
	at org.junit.platform.engine.support.hierarchical.SameThreadHierarchicalTestExecutorService.invokeAll(SameThreadHierarchicalTestExecutorService.java:41)
	at org.junit.platform.engine.support.hierarchical.NodeTestTask.lambda$executeRecursively$6(NodeTestTask.java:155)
	at org.junit.platform.engine.support.hierarchical.ThrowableCollector.execute(ThrowableCollector.java:73)
	at org.junit.platform.engine.support.hierarchical.NodeTestTask.lambda$executeRecursively$8(NodeTestTask.java:141)
	at org.junit.platform.engine.support.hierarchical.Node.around(Node.java:137)
	at org.junit.platform.engine.support.hierarchical.NodeTestTask.lambda$executeRecursively$9(NodeTestTask.java:139)
	at org.junit.platform.engine.support.hierarchical.ThrowableCollector.execute(ThrowableCollector.java:73)
	at org.junit.platform.engine.support.hierarchical.NodeTestTask.executeRecursively(NodeTestTask.java:138)
	at org.junit.platform.engine.support.hierarchical.NodeTestTask.execute(NodeTestTask.java:95)
	at java.util.ArrayList.forEach(ArrayList.java:1259)
	at org.junit.platform.engine.support.hierarchical.SameThreadHierarchicalTestExecutorService.invokeAll(SameThreadHierarchicalTestExecutorService.java:41)
	at org.junit.platform.engine.support.hierarchical.NodeTestTask.lambda$executeRecursively$6(NodeTestTask.java:155)
	at org.junit.platform.engine.support.hierarchical.ThrowableCollector.execute(ThrowableCollector.java:73)
	at org.junit.platform.engine.support.hierarchical.NodeTestTask.lambda$executeRecursively$8(NodeTestTask.java:141)
	at org.junit.platform.engine.support.hierarchical.Node.around(Node.java:137)
	at org.junit.platform.engine.support.hierarchical.NodeTestTask.lambda$executeRecursively$9(NodeTestTask.java:139)
	at org.junit.platform.engine.support.hierarchical.ThrowableCollector.execute(ThrowableCollector.java:73)
	at org.junit.platform.engine.support.hierarchical.NodeTestTask.executeRecursively(NodeTestTask.java:138)
	at org.junit.platform.engine.support.hierarchical.NodeTestTask.execute(NodeTestTask.java:95)
	at org.junit.platform.engine.support.hierarchical.SameThreadHierarchicalTestExecutorService.submit(SameThreadHierarchicalTestExecutorService.java:35)
	at org.junit.platform.engine.support.hierarchical.HierarchicalTestExecutor.execute(HierarchicalTestExecutor.java:57)
	at org.junit.platform.engine.support.hierarchical.HierarchicalTestEngine.execute(HierarchicalTestEngine.java:54)
	at org.junit.platform.launcher.core.EngineExecutionOrchestrator.execute(EngineExecutionOrchestrator.java:198)
	at org.junit.platform.launcher.core.EngineExecutionOrchestrator.execute(EngineExecutionOrchestrator.java:169)
	at org.junit.platform.launcher.core.EngineExecutionOrchestrator.execute(EngineExecutionOrchestrator.java:93)
	at org.junit.platform.launcher.core.EngineExecutionOrchestrator.lambda$execute$0(EngineExecutionOrchestrator.java:58)
	at org.junit.platform.launcher.core.EngineExecutionOrchestrator.withInterceptedStreams(EngineExecutionOrchestrator.java:141)
	at org.junit.platform.launcher.core.EngineExecutionOrchestrator.execute(EngineExecutionOrchestrator.java:57)
	at org.junit.platform.launcher.core.DefaultLauncher.execute(DefaultLauncher.java:103)
	at org.junit.platform.launcher.core.DefaultLauncher.execute(DefaultLauncher.java:85)
	at org.junit.platform.launcher.core.DelegatingLauncher.execute(DelegatingLauncher.java:47)
	at org.junit.platform.launcher.core.SessionPerRequestLauncher.execute(SessionPerRequestLauncher.java:63)
	at org.apache.maven.surefire.junitplatform.JUnitPlatformProvider.execute(JUnitPlatformProvider.java:188)
	at org.apache.maven.surefire.junitplatform.JUnitPlatformProvider.invokeAllTests(JUnitPlatformProvider.java:154)
	at org.apache.maven.surefire.junitplatform.JUnitPlatformProvider.invoke(JUnitPlatformProvider.java:124)
	at org.apache.maven.surefire.booter.ForkedBooter.runSuitesInProcess(ForkedBooter.java:428)
	at org.apache.maven.surefire.booter.ForkedBooter.execute(ForkedBooter.java:162)
	at org.apache.maven.surefire.booter.ForkedBooter.run(ForkedBooter.java:562)
	at org.apache.maven.surefire.booter.ForkedBooter.main(ForkedBooter.java:548)
2024-02-26 09:18:56,696 [main] ERROR protocolPB.OzoneManagerProtocolServerSideTranslatorPB (S3SecurityUtil.java:validateS3Credential(70)) - signatures do NOT match for S3 identifier:OzoneToken owner=runner, renewer=, realUser=, issueDate=1970-01-01T00:00:00Z, maxDate=1970-01-01T00:00:00Z, sequenceNumber=0, masterKeyId=0, strToSign=AWS4-HMAC-SHA256
20150830T123600Z
20150830/us-east-1/iam/aws4_request
f536975d06c0309214f805bb90ccff089219ecd68b2577efef23edd43b7e1a59, signature=5d672d79c15b13162d9279b0855cfba6789a8edb4c82c400e06b5924a6f2b5d7, awsAccessKeyId=runner, omServiceId=null, omCertSerialId=null
org.apache.hadoop.security.token.SecretManager$InvalidToken: Invalid S3 identifier:OzoneToken owner=runner, renewer=, realUser=, issueDate=1970-01-01T00:00:00Z, maxDate=1970-01-01T00:00:00Z, sequenceNumber=0, masterKeyId=0, strToSign=AWS4-HMAC-SHA256
20150830T123600Z
20150830/us-east-1/iam/aws4_request
f536975d06c0309214f805bb90ccff089219ecd68b2577efef23edd43b7e1a59, signature=5d672d79c15b13162d9279b0855cfba6789a8edb4c82c400e06b5924a6f2b5d7, awsAccessKeyId=runner, omServiceId=null, omCertSerialId=null
	at org.apache.hadoop.ozone.security.OzoneDelegationTokenSecretManager.validateS3AuthInfo(OzoneDelegationTokenSecretManager.java:507)
	at org.apache.hadoop.ozone.security.OzoneDelegationTokenSecretManager.retrievePassword(OzoneDelegationTokenSecretManager.java:406)
	at org.apache.hadoop.ozone.security.S3SecurityUtil.validateS3Credential(S3SecurityUtil.java:61)
	at org.apache.hadoop.ozone.protocolPB.OzoneManagerProtocolServerSideTranslatorPB.internalProcessRequest(OzoneManagerProtocolServerSideTranslatorPB.java:185)
	at org.apache.hadoop.ozone.protocolPB.OzoneManagerProtocolServerSideTranslatorPB.processRequest(OzoneManagerProtocolServerSideTranslatorPB.java:156)
	at org.apache.hadoop.hdds.server.OzoneProtocolMessageDispatcher.processRequest(OzoneProtocolMessageDispatcher.java:89)
	at org.apache.hadoop.ozone.protocolPB.OzoneManagerProtocolServerSideTranslatorPB.submitRequest(OzoneManagerProtocolServerSideTranslatorPB.java:147)
	at org.apache.hadoop.ozone.client.rpc.TestSecureOzoneRpcClient.testS3Auth(TestSecureOzoneRpcClient.java:320)
	at sun.reflect.NativeMethodAccessorImpl.invoke0(Native Method)
	at sun.reflect.NativeMethodAccessorImpl.invoke(NativeMethodAccessorImpl.java:62)
	at sun.reflect.DelegatingMethodAccessorImpl.invoke(DelegatingMethodAccessorImpl.java:43)
	at java.lang.reflect.Method.invoke(Method.java:498)
	at org.junit.platform.commons.util.ReflectionUtils.invokeMethod(ReflectionUtils.java:728)
	at org.junit.jupiter.engine.execution.MethodInvocation.proceed(MethodInvocation.java:60)
	at org.junit.jupiter.engine.execution.InvocationInterceptorChain$ValidatingInvocation.proceed(InvocationInterceptorChain.java:131)
	at org.junit.jupiter.engine.extension.SameThreadTimeoutInvocation.proceed(SameThreadTimeoutInvocation.java:45)
	at org.junit.jupiter.engine.extension.TimeoutExtension.intercept(TimeoutExtension.java:156)
	at org.junit.jupiter.engine.extension.TimeoutExtension.interceptTestableMethod(TimeoutExtension.java:147)
	at org.junit.jupiter.engine.extension.TimeoutExtension.interceptTestMethod(TimeoutExtension.java:86)
	at org.junit.jupiter.engine.execution.InterceptingExecutableInvoker$ReflectiveInterceptorCall.lambda$ofVoidMethod$0(InterceptingExecutableInvoker.java:103)
	at org.junit.jupiter.engine.execution.InterceptingExecutableInvoker.lambda$invoke$0(InterceptingExecutableInvoker.java:93)
	at org.junit.jupiter.engine.execution.InvocationInterceptorChain$InterceptedInvocation.proceed(InvocationInterceptorChain.java:106)
	at org.junit.jupiter.engine.execution.InvocationInterceptorChain.proceed(InvocationInterceptorChain.java:64)
	at org.junit.jupiter.engine.execution.InvocationInterceptorChain.chainAndInvoke(InvocationInterceptorChain.java:45)
	at org.junit.jupiter.engine.execution.InvocationInterceptorChain.invoke(InvocationInterceptorChain.java:37)
	at org.junit.jupiter.engine.execution.InterceptingExecutableInvoker.invoke(InterceptingExecutableInvoker.java:92)
	at org.junit.jupiter.engine.execution.InterceptingExecutableInvoker.invoke(InterceptingExecutableInvoker.java:86)
	at org.junit.jupiter.engine.descriptor.TestMethodTestDescriptor.lambda$invokeTestMethod$7(TestMethodTestDescriptor.java:218)
	at org.junit.platform.engine.support.hierarchical.ThrowableCollector.execute(ThrowableCollector.java:73)
	at org.junit.jupiter.engine.descriptor.TestMethodTestDescriptor.invokeTestMethod(TestMethodTestDescriptor.java:214)
	at org.junit.jupiter.engine.descriptor.TestMethodTestDescriptor.execute(TestMethodTestDescriptor.java:139)
	at org.junit.jupiter.engine.descriptor.TestMethodTestDescriptor.execute(TestMethodTestDescriptor.java:69)
	at org.junit.platform.engine.support.hierarchical.NodeTestTask.lambda$executeRecursively$6(NodeTestTask.java:151)
	at org.junit.platform.engine.support.hierarchical.ThrowableCollector.execute(ThrowableCollector.java:73)
	at org.junit.platform.engine.support.hierarchical.NodeTestTask.lambda$executeRecursively$8(NodeTestTask.java:141)
	at org.junit.platform.engine.support.hierarchical.Node.around(Node.java:137)
	at org.junit.platform.engine.support.hierarchical.NodeTestTask.lambda$executeRecursively$9(NodeTestTask.java:139)
	at org.junit.platform.engine.support.hierarchical.ThrowableCollector.execute(ThrowableCollector.java:73)
	at org.junit.platform.engine.support.hierarchical.NodeTestTask.executeRecursively(NodeTestTask.java:138)
	at org.junit.platform.engine.support.hierarchical.NodeTestTask.execute(NodeTestTask.java:95)
	at java.util.ArrayList.forEach(ArrayList.java:1259)
	at org.junit.platform.engine.support.hierarchical.SameThreadHierarchicalTestExecutorService.invokeAll(SameThreadHierarchicalTestExecutorService.java:41)
	at org.junit.platform.engine.support.hierarchical.NodeTestTask.lambda$executeRecursively$6(NodeTestTask.java:155)
	at org.junit.platform.engine.support.hierarchical.ThrowableCollector.execute(ThrowableCollector.java:73)
	at org.junit.platform.engine.support.hierarchical.NodeTestTask.lambda$executeRecursively$8(NodeTestTask.java:141)
	at org.junit.platform.engine.support.hierarchical.Node.around(Node.java:137)
	at org.junit.platform.engine.support.hierarchical.NodeTestTask.lambda$executeRecursively$9(NodeTestTask.java:139)
	at org.junit.platform.engine.support.hierarchical.ThrowableCollector.execute(ThrowableCollector.java:73)
	at org.junit.platform.engine.support.hierarchical.NodeTestTask.executeRecursively(NodeTestTask.java:138)
	at org.junit.platform.engine.support.hierarchical.NodeTestTask.execute(NodeTestTask.java:95)
	at java.util.ArrayList.forEach(ArrayList.java:1259)
	at org.junit.platform.engine.support.hierarchical.SameThreadHierarchicalTestExecutorService.invokeAll(SameThreadHierarchicalTestExecutorService.java:41)
	at org.junit.platform.engine.support.hierarchical.NodeTestTask.lambda$executeRecursively$6(NodeTestTask.java:155)
	at org.junit.platform.engine.support.hierarchical.ThrowableCollector.execute(ThrowableCollector.java:73)
	at org.junit.platform.engine.support.hierarchical.NodeTestTask.lambda$executeRecursively$8(NodeTestTask.java:141)
	at org.junit.platform.engine.support.hierarchical.Node.around(Node.java:137)
	at org.junit.platform.engine.support.hierarchical.NodeTestTask.lambda$executeRecursively$9(NodeTestTask.java:139)
	at org.junit.platform.engine.support.hierarchical.ThrowableCollector.execute(ThrowableCollector.java:73)
	at org.junit.platform.engine.support.hierarchical.NodeTestTask.executeRecursively(NodeTestTask.java:138)
	at org.junit.platform.engine.support.hierarchical.NodeTestTask.execute(NodeTestTask.java:95)
	at org.junit.platform.engine.support.hierarchical.SameThreadHierarchicalTestExecutorService.submit(SameThreadHierarchicalTestExecutorService.java:35)
	at org.junit.platform.engine.support.hierarchical.HierarchicalTestExecutor.execute(HierarchicalTestExecutor.java:57)
	at org.junit.platform.engine.support.hierarchical.HierarchicalTestEngine.execute(HierarchicalTestEngine.java:54)
	at org.junit.platform.launcher.core.EngineExecutionOrchestrator.execute(EngineExecutionOrchestrator.java:198)
	at org.junit.platform.launcher.core.EngineExecutionOrchestrator.execute(EngineExecutionOrchestrator.java:169)
	at org.junit.platform.launcher.core.EngineExecutionOrchestrator.execute(EngineExecutionOrchestrator.java:93)
	at org.junit.platform.launcher.core.EngineExecutionOrchestrator.lambda$execute$0(EngineExecutionOrchestrator.java:58)
	at org.junit.platform.launcher.core.EngineExecutionOrchestrator.withInterceptedStreams(EngineExecutionOrchestrator.java:141)
	at org.junit.platform.launcher.core.EngineExecutionOrchestrator.execute(EngineExecutionOrchestrator.java:57)
	at org.junit.platform.launcher.core.DefaultLauncher.execute(DefaultLauncher.java:103)
	at org.junit.platform.launcher.core.DefaultLauncher.execute(DefaultLauncher.java:85)
	at org.junit.platform.launcher.core.DelegatingLauncher.execute(DelegatingLauncher.java:47)
	at org.junit.platform.launcher.core.SessionPerRequestLauncher.execute(SessionPerRequestLauncher.java:63)
	at org.apache.maven.surefire.junitplatform.JUnitPlatformProvider.execute(JUnitPlatformProvider.java:188)
	at org.apache.maven.surefire.junitplatform.JUnitPlatformProvider.invokeAllTests(JUnitPlatformProvider.java:154)
	at org.apache.maven.surefire.junitplatform.JUnitPlatformProvider.invoke(JUnitPlatformProvider.java:124)
	at org.apache.maven.surefire.booter.ForkedBooter.runSuitesInProcess(ForkedBooter.java:428)
	at org.apache.maven.surefire.booter.ForkedBooter.execute(ForkedBooter.java:162)
	at org.apache.maven.surefire.booter.ForkedBooter.run(ForkedBooter.java:562)
	at org.apache.maven.surefire.booter.ForkedBooter.main(ForkedBooter.java:548)
]]></system-out>
  </testcase>
  <testcase name="testSetAndClrQuota" classname="org.apache.hadoop.ozone.client.rpc.TestSecureOzoneRpcClient" time="0.049">
    <system-out><![CDATA[2024-02-26 09:18:56,699 [main] INFO  rpc.RpcClient (RpcClient.java:createVolume(465)) - Creating Volume: 668c94cf-7835-489f-83a3-7e213b4ce56c, with runner as owner and space quota set to -1 bytes, counts quota set to -1
2024-02-26 09:18:56,700 [om1-OMStateMachineApplyTransactionThread - 0] INFO  volume.OMVolumeCreateRequest (OMVolumeCreateRequest.java:validateAndUpdateCache(198)) - created volume:668c94cf-7835-489f-83a3-7e213b4ce56c for user:runner
2024-02-26 09:18:56,702 [main] INFO  rpc.RpcClient (RpcClient.java:createBucket(691)) - Creating Bucket: 668c94cf-7835-489f-83a3-7e213b4ce56c/27cdfb72-9ef8-46f5-9832-493d61933a57, with server-side default bucket layout, runner as owner, Versioning false, Storage Type set to DISK and Encryption set to false, Replication Type set to server-side default replication type, Namespace Quota set to -1, Space Quota set to -1 
2024-02-26 09:18:56,703 [om1-OMStateMachineApplyTransactionThread - 0] INFO  bucket.OMBucketCreateRequest (OMBucketCreateRequest.java:validateAndUpdateCache(292)) - created bucket: 27cdfb72-9ef8-46f5-9832-493d61933a57 of layout OBJECT_STORE in volume: 668c94cf-7835-489f-83a3-7e213b4ce56c
2024-02-26 09:18:56,712 [main] INFO  rpc.RpcClient (RpcClient.java:createBucket(691)) - Creating Bucket: 668c94cf-7835-489f-83a3-7e213b4ce56c/5b1baccc-adf6-4923-806d-87a48a07408e, with server-side default bucket layout, runner as owner, Versioning false, Storage Type set to DISK and Encryption set to false, Replication Type set to server-side default replication type, Namespace Quota set to -1, Space Quota set to -1 
2024-02-26 09:18:56,713 [om1-OMStateMachineApplyTransactionThread - 0] INFO  bucket.OMBucketCreateRequest (OMBucketCreateRequest.java:validateAndUpdateCache(292)) - created bucket: 5b1baccc-adf6-4923-806d-87a48a07408e of layout OBJECT_STORE in volume: 668c94cf-7835-489f-83a3-7e213b4ce56c
09:18:56.723 [om1-OMStateMachineApplyTransactionThread - 0] ERROR OMAudit - user=runner | ip=127.0.0.1 | op=UPDATE_BUCKET {volume=668c94cf-7835-489f-83a3-7e213b4ce56c, bucket=27cdfb72-9ef8-46f5-9832-493d61933a57, gdprEnabled=null, isVersionEnabled=null} | ret=FAILURE
org.apache.hadoop.ozone.om.exceptions.OMException: Can not clear bucket spaceQuota because volume spaceQuota is not cleared.
	at org.apache.hadoop.ozone.om.request.bucket.OMBucketSetPropertyRequest.checkQuotaBytesValid(OMBucketSetPropertyRequest.java:289) ~[ozone-manager-1.5.0-SNAPSHOT.jar:?]
	at org.apache.hadoop.ozone.om.request.bucket.OMBucketSetPropertyRequest.validateAndUpdateCache(OMBucketSetPropertyRequest.java:192) ~[ozone-manager-1.5.0-SNAPSHOT.jar:?]
	at org.apache.hadoop.ozone.protocolPB.OzoneManagerRequestHandler.lambda$0(OzoneManagerRequestHandler.java:403) ~[ozone-manager-1.5.0-SNAPSHOT.jar:?]
	at org.apache.hadoop.util.MetricUtil.captureLatencyNs(MetricUtil.java:45) ~[hdds-common-1.5.0-SNAPSHOT.jar:?]
	at org.apache.hadoop.ozone.protocolPB.OzoneManagerRequestHandler.handleWriteRequest(OzoneManagerRequestHandler.java:399) ~[ozone-manager-1.5.0-SNAPSHOT.jar:?]
	at org.apache.hadoop.ozone.om.ratis.OzoneManagerStateMachine.runCommand(OzoneManagerStateMachine.java:527) ~[ozone-manager-1.5.0-SNAPSHOT.jar:?]
	at org.apache.hadoop.ozone.om.ratis.OzoneManagerStateMachine.lambda$1(OzoneManagerStateMachine.java:345) ~[ozone-manager-1.5.0-SNAPSHOT.jar:?]
	at java.util.concurrent.CompletableFuture$AsyncSupply.run(CompletableFuture.java:1604) [?:1.8.0_402]
	at java.util.concurrent.ThreadPoolExecutor.runWorker(ThreadPoolExecutor.java:1149) [?:1.8.0_402]
	at java.util.concurrent.ThreadPoolExecutor$Worker.run(ThreadPoolExecutor.java:624) [?:1.8.0_402]
	at java.lang.Thread.run(Thread.java:750) [?:1.8.0_402]
2024-02-26 09:18:56,723 [om1-OMStateMachineApplyTransactionThread - 0] ERROR bucket.OMBucketSetPropertyRequest (OMBucketSetPropertyRequest.java:validateAndUpdateCache(249)) - Setting bucket property failed for bucket:27cdfb72-9ef8-46f5-9832-493d61933a57 in volume:668c94cf-7835-489f-83a3-7e213b4ce56c
QUOTA_ERROR org.apache.hadoop.ozone.om.exceptions.OMException: Can not clear bucket spaceQuota because volume spaceQuota is not cleared.
	at org.apache.hadoop.ozone.om.request.bucket.OMBucketSetPropertyRequest.checkQuotaBytesValid(OMBucketSetPropertyRequest.java:289)
	at org.apache.hadoop.ozone.om.request.bucket.OMBucketSetPropertyRequest.validateAndUpdateCache(OMBucketSetPropertyRequest.java:192)
	at org.apache.hadoop.ozone.protocolPB.OzoneManagerRequestHandler.lambda$0(OzoneManagerRequestHandler.java:403)
	at org.apache.hadoop.util.MetricUtil.captureLatencyNs(MetricUtil.java:45)
	at org.apache.hadoop.ozone.protocolPB.OzoneManagerRequestHandler.handleWriteRequest(OzoneManagerRequestHandler.java:399)
	at org.apache.hadoop.ozone.om.ratis.OzoneManagerStateMachine.runCommand(OzoneManagerStateMachine.java:527)
	at org.apache.hadoop.ozone.om.ratis.OzoneManagerStateMachine.lambda$1(OzoneManagerStateMachine.java:345)
	at java.util.concurrent.CompletableFuture$AsyncSupply.run(CompletableFuture.java:1604)
	at java.util.concurrent.ThreadPoolExecutor.runWorker(ThreadPoolExecutor.java:1149)
	at java.util.concurrent.ThreadPoolExecutor$Worker.run(ThreadPoolExecutor.java:624)
	at java.lang.Thread.run(Thread.java:750)
]]></system-out>
  </testcase>
  <testcase name="testSetBucketQuotaIllegal" classname="org.apache.hadoop.ozone.client.rpc.TestSecureOzoneRpcClient" time="0.012">
    <system-out><![CDATA[2024-02-26 09:18:56,750 [main] INFO  rpc.RpcClient (RpcClient.java:createVolume(465)) - Creating Volume: f4aefb0d-7c63-4343-b426-9f56fc6fdc68, with runner as owner and space quota set to -1 bytes, counts quota set to -1
2024-02-26 09:18:56,751 [om1-OMStateMachineApplyTransactionThread - 0] INFO  volume.OMVolumeCreateRequest (OMVolumeCreateRequest.java:validateAndUpdateCache(198)) - created volume:f4aefb0d-7c63-4343-b426-9f56fc6fdc68 for user:runner
2024-02-26 09:18:56,752 [main] INFO  rpc.RpcClient (RpcClient.java:createBucket(691)) - Creating Bucket: f4aefb0d-7c63-4343-b426-9f56fc6fdc68/0116ba74-ef97-4941-b80a-ae7b1f29356c, with server-side default bucket layout, runner as owner, Versioning false, Storage Type set to DISK and Encryption set to false, Replication Type set to server-side default replication type, Namespace Quota set to -1, Space Quota set to -1 
2024-02-26 09:18:56,753 [om1-OMStateMachineApplyTransactionThread - 0] INFO  bucket.OMBucketCreateRequest (OMBucketCreateRequest.java:validateAndUpdateCache(292)) - created bucket: 0116ba74-ef97-4941-b80a-ae7b1f29356c of layout OBJECT_STORE in volume: f4aefb0d-7c63-4343-b426-9f56fc6fdc68
]]></system-out>
  </testcase>
  <testcase name="testSetBucketStorageType" classname="org.apache.hadoop.ozone.client.rpc.TestSecureOzoneRpcClient" time="0.007">
    <system-out><![CDATA[2024-02-26 09:18:56,762 [main] INFO  rpc.RpcClient (RpcClient.java:createVolume(465)) - Creating Volume: 2142769a-e22d-4d9f-872c-47953d61bcb3, with runner as owner and space quota set to -1 bytes, counts quota set to -1
2024-02-26 09:18:56,763 [om1-OMStateMachineApplyTransactionThread - 0] INFO  volume.OMVolumeCreateRequest (OMVolumeCreateRequest.java:validateAndUpdateCache(198)) - created volume:2142769a-e22d-4d9f-872c-47953d61bcb3 for user:runner
2024-02-26 09:18:56,765 [main] INFO  rpc.RpcClient (RpcClient.java:createBucket(691)) - Creating Bucket: 2142769a-e22d-4d9f-872c-47953d61bcb3/b30a1b4f-7f91-460a-bc45-942dcfd646ea, with server-side default bucket layout, runner as owner, Versioning false, Storage Type set to DISK and Encryption set to false, Replication Type set to server-side default replication type, Namespace Quota set to -1, Space Quota set to -1 
2024-02-26 09:18:56,766 [om1-OMStateMachineApplyTransactionThread - 0] INFO  bucket.OMBucketCreateRequest (OMBucketCreateRequest.java:validateAndUpdateCache(292)) - created bucket: b30a1b4f-7f91-460a-bc45-942dcfd646ea of layout OBJECT_STORE in volume: 2142769a-e22d-4d9f-872c-47953d61bcb3
]]></system-out>
  </testcase>
  <testcase name="testSetBucketVersioning" classname="org.apache.hadoop.ozone.client.rpc.TestSecureOzoneRpcClient" time="0.006">
    <system-out><![CDATA[2024-02-26 09:18:56,769 [main] INFO  rpc.RpcClient (RpcClient.java:createVolume(465)) - Creating Volume: da7b6389-4fa5-4586-baa8-e1cc9501a8a1, with runner as owner and space quota set to -1 bytes, counts quota set to -1
2024-02-26 09:18:56,770 [om1-OMStateMachineApplyTransactionThread - 0] INFO  volume.OMVolumeCreateRequest (OMVolumeCreateRequest.java:validateAndUpdateCache(198)) - created volume:da7b6389-4fa5-4586-baa8-e1cc9501a8a1 for user:runner
2024-02-26 09:18:56,771 [main] INFO  rpc.RpcClient (RpcClient.java:createBucket(691)) - Creating Bucket: da7b6389-4fa5-4586-baa8-e1cc9501a8a1/0f53114f-cc00-4256-ba9e-9a1a091b16b7, with server-side default bucket layout, runner as owner, Versioning false, Storage Type set to DISK and Encryption set to false, Replication Type set to server-side default replication type, Namespace Quota set to -1, Space Quota set to -1 
2024-02-26 09:18:56,772 [om1-OMStateMachineApplyTransactionThread - 0] INFO  bucket.OMBucketCreateRequest (OMBucketCreateRequest.java:validateAndUpdateCache(292)) - created bucket: 0f53114f-cc00-4256-ba9e-9a1a091b16b7 of layout OBJECT_STORE in volume: da7b6389-4fa5-4586-baa8-e1cc9501a8a1
]]></system-out>
  </testcase>
  <testcase name="testSetECReplicationConfigOnBucket" classname="org.apache.hadoop.ozone.client.rpc.TestSecureOzoneRpcClient" time="0.008">
    <system-out><![CDATA[2024-02-26 09:18:56,776 [main] INFO  rpc.RpcClient (RpcClient.java:createVolume(465)) - Creating Volume: 9faac83b-91bb-45ba-a26c-ee4f58650562, with runner as owner and space quota set to -1 bytes, counts quota set to -1
2024-02-26 09:18:56,777 [om1-OMStateMachineApplyTransactionThread - 0] INFO  volume.OMVolumeCreateRequest (OMVolumeCreateRequest.java:validateAndUpdateCache(198)) - created volume:9faac83b-91bb-45ba-a26c-ee4f58650562 for user:runner
2024-02-26 09:18:56,778 [main] INFO  rpc.RpcClient (RpcClient.java:createBucket(691)) - Creating Bucket: 9faac83b-91bb-45ba-a26c-ee4f58650562/39aff098-8be2-475c-a176-2d9c16da9893, with server-side default bucket layout, runner as owner, Versioning true, Storage Type set to DISK and Encryption set to false, Replication Type set to STAND_ALONE, Namespace Quota set to -1, Space Quota set to -1 
2024-02-26 09:18:56,779 [om1-OMStateMachineApplyTransactionThread - 0] INFO  bucket.OMBucketCreateRequest (OMBucketCreateRequest.java:validateAndUpdateCache(292)) - created bucket: 39aff098-8be2-475c-a176-2d9c16da9893 of layout OBJECT_STORE in volume: 9faac83b-91bb-45ba-a26c-ee4f58650562
]]></system-out>
  </testcase>
  <testcase name="testSetS3VolumeAcl" classname="org.apache.hadoop.ozone.client.rpc.TestSecureOzoneRpcClient" time="0.002"/>
  <testcase name="testSetVolumeQuota" classname="org.apache.hadoop.ozone.client.rpc.TestSecureOzoneRpcClient" time="0.005">
    <system-out><![CDATA[2024-02-26 09:18:56,787 [main] INFO  rpc.RpcClient (RpcClient.java:createVolume(465)) - Creating Volume: 4082c7ae-90e7-46d1-b59c-ff9e37683deb, with runner as owner and space quota set to -1 bytes, counts quota set to -1
2024-02-26 09:18:56,788 [om1-OMStateMachineApplyTransactionThread - 0] INFO  volume.OMVolumeCreateRequest (OMVolumeCreateRequest.java:validateAndUpdateCache(198)) - created volume:4082c7ae-90e7-46d1-b59c-ff9e37683deb for user:runner
]]></system-out>
  </testcase>
  <testcase name="testSetVolumeQuotaIllegal" classname="org.apache.hadoop.ozone.client.rpc.TestSecureOzoneRpcClient" time="0.005">
    <system-out><![CDATA[2024-02-26 09:18:56,793 [main] INFO  rpc.RpcClient (RpcClient.java:createVolume(465)) - Creating Volume: 146bc933-cab8-4559-8de8-c16f3151cf35, with runner as owner and space quota set to -1 bytes, counts quota set to -1
2024-02-26 09:18:56,794 [om1-OMStateMachineApplyTransactionThread - 0] INFO  volume.OMVolumeCreateRequest (OMVolumeCreateRequest.java:validateAndUpdateCache(198)) - created volume:146bc933-cab8-4559-8de8-c16f3151cf35 for user:runner
]]></system-out>
  </testcase>
  <testcase name="testUploadPartOverride(ReplicationConfig)[1]" classname="org.apache.hadoop.ozone.client.rpc.TestSecureOzoneRpcClient" time="0.022">
    <system-out><![CDATA[2024-02-26 09:18:56,799 [main] INFO  rpc.RpcClient (RpcClient.java:createVolume(465)) - Creating Volume: 1c7f43b7-457a-4c9a-a689-ad493aca74cd, with runner as owner and space quota set to -1 bytes, counts quota set to -1
2024-02-26 09:18:56,801 [om1-OMStateMachineApplyTransactionThread - 0] INFO  volume.OMVolumeCreateRequest (OMVolumeCreateRequest.java:validateAndUpdateCache(198)) - created volume:1c7f43b7-457a-4c9a-a689-ad493aca74cd for user:runner
2024-02-26 09:18:56,802 [main] INFO  rpc.RpcClient (RpcClient.java:createBucket(691)) - Creating Bucket: 1c7f43b7-457a-4c9a-a689-ad493aca74cd/8d24bc32-e7ed-46c9-a2ce-d79401994c7d, with server-side default bucket layout, runner as owner, Versioning false, Storage Type set to DISK and Encryption set to false, Replication Type set to server-side default replication type, Namespace Quota set to -1, Space Quota set to -1 
2024-02-26 09:18:56,803 [om1-OMStateMachineApplyTransactionThread - 0] INFO  bucket.OMBucketCreateRequest (OMBucketCreateRequest.java:validateAndUpdateCache(292)) - created bucket: 8d24bc32-e7ed-46c9-a2ce-d79401994c7d of layout OBJECT_STORE in volume: 1c7f43b7-457a-4c9a-a689-ad493aca74cd
]]></system-out>
  </testcase>
  <testcase name="testUploadPartOverride(ReplicationConfig)[2]" classname="org.apache.hadoop.ozone.client.rpc.TestSecureOzoneRpcClient" time="0.028">
    <system-out><![CDATA[2024-02-26 09:18:56,822 [main] INFO  rpc.RpcClient (RpcClient.java:createVolume(465)) - Creating Volume: 475b924f-f160-4b9f-8767-bdfd6e7fc318, with runner as owner and space quota set to -1 bytes, counts quota set to -1
2024-02-26 09:18:56,824 [om1-OMStateMachineApplyTransactionThread - 0] INFO  volume.OMVolumeCreateRequest (OMVolumeCreateRequest.java:validateAndUpdateCache(198)) - created volume:475b924f-f160-4b9f-8767-bdfd6e7fc318 for user:runner
2024-02-26 09:18:56,825 [main] INFO  rpc.RpcClient (RpcClient.java:createBucket(691)) - Creating Bucket: 475b924f-f160-4b9f-8767-bdfd6e7fc318/30580e90-950f-4071-a6b5-8954b8e2e306, with server-side default bucket layout, runner as owner, Versioning false, Storage Type set to DISK and Encryption set to false, Replication Type set to server-side default replication type, Namespace Quota set to -1, Space Quota set to -1 
2024-02-26 09:18:56,826 [om1-OMStateMachineApplyTransactionThread - 0] INFO  bucket.OMBucketCreateRequest (OMBucketCreateRequest.java:validateAndUpdateCache(292)) - created bucket: 30580e90-950f-4071-a6b5-8954b8e2e306 of layout OBJECT_STORE in volume: 475b924f-f160-4b9f-8767-bdfd6e7fc318
]]></system-out>
  </testcase>
  <testcase name="testUploadPartOverride(ReplicationConfig)[3]" classname="org.apache.hadoop.ozone.client.rpc.TestSecureOzoneRpcClient" time="0.028">
    <system-out><![CDATA[2024-02-26 09:18:56,852 [main] INFO  rpc.RpcClient (RpcClient.java:createVolume(465)) - Creating Volume: c48cb5f2-666e-4f24-a2cd-70e68ab88688, with runner as owner and space quota set to -1 bytes, counts quota set to -1
2024-02-26 09:18:56,853 [om1-OMStateMachineApplyTransactionThread - 0] INFO  volume.OMVolumeCreateRequest (OMVolumeCreateRequest.java:validateAndUpdateCache(198)) - created volume:c48cb5f2-666e-4f24-a2cd-70e68ab88688 for user:runner
2024-02-26 09:18:56,854 [main] INFO  rpc.RpcClient (RpcClient.java:createBucket(691)) - Creating Bucket: c48cb5f2-666e-4f24-a2cd-70e68ab88688/54f33d67-b58f-4275-bbc1-7c6aaa1628a9, with server-side default bucket layout, runner as owner, Versioning false, Storage Type set to DISK and Encryption set to false, Replication Type set to server-side default replication type, Namespace Quota set to -1, Space Quota set to -1 
2024-02-26 09:18:56,855 [om1-OMStateMachineApplyTransactionThread - 0] INFO  bucket.OMBucketCreateRequest (OMBucketCreateRequest.java:validateAndUpdateCache(292)) - created bucket: 54f33d67-b58f-4275-bbc1-7c6aaa1628a9 of layout OBJECT_STORE in volume: c48cb5f2-666e-4f24-a2cd-70e68ab88688
]]></system-out>
  </testcase>
  <testcase name="testUploadPartWithNoOverride(ReplicationConfig)[1]" classname="org.apache.hadoop.ozone.client.rpc.TestSecureOzoneRpcClient" time="0.015">
    <system-out><![CDATA[2024-02-26 09:18:56,883 [main] INFO  rpc.RpcClient (RpcClient.java:createVolume(465)) - Creating Volume: 1d683e5f-d836-4440-a0ea-fd934cb0f2ae, with runner as owner and space quota set to -1 bytes, counts quota set to -1
2024-02-26 09:18:56,884 [om1-OMStateMachineApplyTransactionThread - 0] INFO  volume.OMVolumeCreateRequest (OMVolumeCreateRequest.java:validateAndUpdateCache(198)) - created volume:1d683e5f-d836-4440-a0ea-fd934cb0f2ae for user:runner
2024-02-26 09:18:56,885 [main] INFO  rpc.RpcClient (RpcClient.java:createBucket(691)) - Creating Bucket: 1d683e5f-d836-4440-a0ea-fd934cb0f2ae/4b60fe0b-49da-46a4-9eb9-b86a2b5a3648, with server-side default bucket layout, runner as owner, Versioning false, Storage Type set to DISK and Encryption set to false, Replication Type set to server-side default replication type, Namespace Quota set to -1, Space Quota set to -1 
2024-02-26 09:18:56,886 [om1-OMStateMachineApplyTransactionThread - 0] INFO  bucket.OMBucketCreateRequest (OMBucketCreateRequest.java:validateAndUpdateCache(292)) - created bucket: 4b60fe0b-49da-46a4-9eb9-b86a2b5a3648 of layout OBJECT_STORE in volume: 1d683e5f-d836-4440-a0ea-fd934cb0f2ae
]]></system-out>
  </testcase>
  <testcase name="testUploadPartWithNoOverride(ReplicationConfig)[2]" classname="org.apache.hadoop.ozone.client.rpc.TestSecureOzoneRpcClient" time="0.017">
    <system-out><![CDATA[2024-02-26 09:18:56,898 [main] INFO  rpc.RpcClient (RpcClient.java:createVolume(465)) - Creating Volume: 88157b8c-d56d-4955-8d5a-7be14c87fcaa, with runner as owner and space quota set to -1 bytes, counts quota set to -1
2024-02-26 09:18:56,899 [om1-OMStateMachineApplyTransactionThread - 0] INFO  volume.OMVolumeCreateRequest (OMVolumeCreateRequest.java:validateAndUpdateCache(198)) - created volume:88157b8c-d56d-4955-8d5a-7be14c87fcaa for user:runner
2024-02-26 09:18:56,900 [main] INFO  rpc.RpcClient (RpcClient.java:createBucket(691)) - Creating Bucket: 88157b8c-d56d-4955-8d5a-7be14c87fcaa/dab9083c-3b64-48e0-9048-d6a4346f9c41, with server-side default bucket layout, runner as owner, Versioning false, Storage Type set to DISK and Encryption set to false, Replication Type set to server-side default replication type, Namespace Quota set to -1, Space Quota set to -1 
2024-02-26 09:18:56,901 [om1-OMStateMachineApplyTransactionThread - 0] INFO  bucket.OMBucketCreateRequest (OMBucketCreateRequest.java:validateAndUpdateCache(292)) - created bucket: dab9083c-3b64-48e0-9048-d6a4346f9c41 of layout OBJECT_STORE in volume: 88157b8c-d56d-4955-8d5a-7be14c87fcaa
]]></system-out>
  </testcase>
  <testcase name="testUploadPartWithNoOverride(ReplicationConfig)[3]" classname="org.apache.hadoop.ozone.client.rpc.TestSecureOzoneRpcClient" time="0.019">
    <system-out><![CDATA[2024-02-26 09:18:56,916 [main] INFO  rpc.RpcClient (RpcClient.java:createVolume(465)) - Creating Volume: 55ead2cd-1fc9-4618-a2ca-8e6564af82c0, with runner as owner and space quota set to -1 bytes, counts quota set to -1
2024-02-26 09:18:56,917 [om1-OMStateMachineApplyTransactionThread - 0] INFO  volume.OMVolumeCreateRequest (OMVolumeCreateRequest.java:validateAndUpdateCache(198)) - created volume:55ead2cd-1fc9-4618-a2ca-8e6564af82c0 for user:runner
2024-02-26 09:18:56,918 [main] INFO  rpc.RpcClient (RpcClient.java:createBucket(691)) - Creating Bucket: 55ead2cd-1fc9-4618-a2ca-8e6564af82c0/1f168e8b-e2a2-4e86-90b1-ee04ad557ebc, with server-side default bucket layout, runner as owner, Versioning false, Storage Type set to DISK and Encryption set to false, Replication Type set to server-side default replication type, Namespace Quota set to -1, Space Quota set to -1 
2024-02-26 09:18:56,920 [om1-OMStateMachineApplyTransactionThread - 0] INFO  bucket.OMBucketCreateRequest (OMBucketCreateRequest.java:validateAndUpdateCache(292)) - created bucket: 1f168e8b-e2a2-4e86-90b1-ee04ad557ebc of layout OBJECT_STORE in volume: 55ead2cd-1fc9-4618-a2ca-8e6564af82c0
]]></system-out>
  </testcase>
  <testcase name="testUsedBytesWithUploadPart" classname="org.apache.hadoop.ozone.client.rpc.TestSecureOzoneRpcClient" time="0.281">
    <system-out><![CDATA[2024-02-26 09:18:57,019 [main] INFO  rpc.RpcClient (RpcClient.java:createVolume(465)) - Creating Volume: 5fe042e3-abcb-41ec-82d2-7687a15c4d4c, with runner as owner and space quota set to -1 bytes, counts quota set to -1
2024-02-26 09:18:57,021 [om1-OMStateMachineApplyTransactionThread - 0] INFO  volume.OMVolumeCreateRequest (OMVolumeCreateRequest.java:validateAndUpdateCache(198)) - created volume:5fe042e3-abcb-41ec-82d2-7687a15c4d4c for user:runner
2024-02-26 09:18:57,022 [main] INFO  rpc.RpcClient (RpcClient.java:createBucket(691)) - Creating Bucket: 5fe042e3-abcb-41ec-82d2-7687a15c4d4c/a78c25a0-6c2e-4e22-a5e1-bd2d6dfeb63a, with server-side default bucket layout, runner as owner, Versioning false, Storage Type set to DISK and Encryption set to false, Replication Type set to server-side default replication type, Namespace Quota set to -1, Space Quota set to -1 
2024-02-26 09:18:57,023 [om1-OMStateMachineApplyTransactionThread - 0] INFO  bucket.OMBucketCreateRequest (OMBucketCreateRequest.java:validateAndUpdateCache(292)) - created bucket: a78c25a0-6c2e-4e22-a5e1-bd2d6dfeb63a of layout OBJECT_STORE in volume: 5fe042e3-abcb-41ec-82d2-7687a15c4d4c
2024-02-26 09:18:57,214 [om1-OMStateMachineApplyTransactionThread - 0] DEBUG db.CodecBuffer (CodecBuffer.java:setCapacity(329)) - setCapacity: 4096 -> 4880, max=2147483647
]]></system-out>
  </testcase>
  <testcase name="testValidateBlockLengthWithCommitKey" classname="org.apache.hadoop.ozone.client.rpc.TestSecureOzoneRpcClient" time="0.016">
    <system-out><![CDATA[2024-02-26 09:18:57,217 [main] INFO  rpc.RpcClient (RpcClient.java:createVolume(465)) - Creating Volume: 2aa95bed-6734-4b13-8f96-9d2d8980b713, with runner as owner and space quota set to -1 bytes, counts quota set to -1
2024-02-26 09:18:57,218 [om1-OMStateMachineApplyTransactionThread - 0] INFO  volume.OMVolumeCreateRequest (OMVolumeCreateRequest.java:validateAndUpdateCache(198)) - created volume:2aa95bed-6734-4b13-8f96-9d2d8980b713 for user:runner
2024-02-26 09:18:57,220 [main] INFO  rpc.RpcClient (RpcClient.java:createBucket(691)) - Creating Bucket: 2aa95bed-6734-4b13-8f96-9d2d8980b713/19ec4370-e85f-4a5e-aeb6-b3ee56da87e6, with server-side default bucket layout, runner as owner, Versioning false, Storage Type set to DISK and Encryption set to false, Replication Type set to server-side default replication type, Namespace Quota set to -1, Space Quota set to -1 
2024-02-26 09:18:57,221 [om1-OMStateMachineApplyTransactionThread - 0] INFO  bucket.OMBucketCreateRequest (OMBucketCreateRequest.java:validateAndUpdateCache(292)) - created bucket: 19ec4370-e85f-4a5e-aeb6-b3ee56da87e6 of layout OBJECT_STORE in volume: 2aa95bed-6734-4b13-8f96-9d2d8980b713
]]></system-out>
  </testcase>
  <testcase name="testVolumeSetOwner" classname="org.apache.hadoop.ozone.client.rpc.TestSecureOzoneRpcClient" time="0.01">
    <system-out><![CDATA[2024-02-26 09:18:57,235 [main] INFO  rpc.RpcClient (RpcClient.java:createVolume(465)) - Creating Volume: 5408db50-96e6-43a9-8b6e-cf7067cc8c0d, with runner as owner and space quota set to -1 bytes, counts quota set to -1
2024-02-26 09:18:57,237 [om1-OMStateMachineApplyTransactionThread - 0] INFO  volume.OMVolumeCreateRequest (OMVolumeCreateRequest.java:validateAndUpdateCache(198)) - created volume:5408db50-96e6-43a9-8b6e-cf7067cc8c0d for user:runner
2024-02-26 09:18:57,243 [om1-OMStateMachineApplyTransactionThread - 0] WARN  volume.OMVolumeSetOwnerRequest (OMVolumeSetOwnerRequest.java:validateAndUpdateCache(133)) - Volume '5408db50-96e6-43a9-8b6e-cf7067cc8c0d' owner is already user 'someRandomUser1'.
]]></system-out>
  </testcase>
  <testcase name="testVolumeUsedNamespace" classname="org.apache.hadoop.ozone.client.rpc.TestSecureOzoneRpcClient" time="0.018">
    <system-out><![CDATA[2024-02-26 09:18:57,245 [main] INFO  rpc.RpcClient (RpcClient.java:createVolume(465)) - Creating Volume: 2514cf61-5b90-41e9-aa23-de8da0596c9a, with runner as owner and space quota set to -1 bytes, counts quota set to 1
2024-02-26 09:18:57,247 [om1-OMStateMachineApplyTransactionThread - 0] INFO  volume.OMVolumeCreateRequest (OMVolumeCreateRequest.java:validateAndUpdateCache(198)) - created volume:2514cf61-5b90-41e9-aa23-de8da0596c9a for user:runner
2024-02-26 09:18:57,248 [main] INFO  rpc.RpcClient (RpcClient.java:createBucket(691)) - Creating Bucket: 2514cf61-5b90-41e9-aa23-de8da0596c9a/0363abfd-98fa-4a5d-a142-65bc3fc32a69, with server-side default bucket layout, runner as owner, Versioning false, Storage Type set to DISK and Encryption set to false, Replication Type set to server-side default replication type, Namespace Quota set to -1, Space Quota set to -1 
2024-02-26 09:18:57,249 [om1-OMStateMachineApplyTransactionThread - 0] INFO  bucket.OMBucketCreateRequest (OMBucketCreateRequest.java:validateAndUpdateCache(292)) - created bucket: 0363abfd-98fa-4a5d-a142-65bc3fc32a69 of layout OBJECT_STORE in volume: 2514cf61-5b90-41e9-aa23-de8da0596c9a
2024-02-26 09:18:57,250 [main] INFO  rpc.RpcClient (RpcClient.java:createBucket(691)) - Creating Bucket: 2514cf61-5b90-41e9-aa23-de8da0596c9a/1e7c4627-7c8c-4808-942a-647a765fe038, with server-side default bucket layout, runner as owner, Versioning false, Storage Type set to DISK and Encryption set to false, Replication Type set to server-side default replication type, Namespace Quota set to -1, Space Quota set to -1 
09:18:57.252 [om1-OMStateMachineApplyTransactionThread - 0] ERROR OMAudit - user=runner | ip=127.0.0.1 | op=CREATE_BUCKET {volume=2514cf61-5b90-41e9-aa23-de8da0596c9a, bucket=1e7c4627-7c8c-4808-942a-647a765fe038, bucketLayout=OBJECT_STORE, gdprEnabled=null, acls=[user:runner:a[ACCESS], group:docker:a[ACCESS], group:adm:a[ACCESS], group:systemd-journal:a[ACCESS]], isVersionEnabled=false, storageType=DISK, creationTime=1708939137251, bucketEncryptionKey=null, modificationTime=1708939137251, usedBytes=0, usedNamespace=0} | ret=FAILURE
org.apache.hadoop.ozone.om.exceptions.OMException: The namespace quota of Volume:2514cf61-5b90-41e9-aa23-de8da0596c9a exceeded: quotaInNamespace: 1 but namespace consumed: 2.
	at org.apache.hadoop.ozone.om.request.bucket.OMBucketCreateRequest.checkQuotaInNamespace(OMBucketCreateRequest.java:347) ~[ozone-manager-1.5.0-SNAPSHOT.jar:?]
	at org.apache.hadoop.ozone.om.request.bucket.OMBucketCreateRequest.validateAndUpdateCache(OMBucketCreateRequest.java:252) ~[ozone-manager-1.5.0-SNAPSHOT.jar:?]
	at org.apache.hadoop.ozone.protocolPB.OzoneManagerRequestHandler.lambda$0(OzoneManagerRequestHandler.java:403) ~[ozone-manager-1.5.0-SNAPSHOT.jar:?]
	at org.apache.hadoop.util.MetricUtil.captureLatencyNs(MetricUtil.java:45) ~[hdds-common-1.5.0-SNAPSHOT.jar:?]
	at org.apache.hadoop.ozone.protocolPB.OzoneManagerRequestHandler.handleWriteRequest(OzoneManagerRequestHandler.java:399) ~[ozone-manager-1.5.0-SNAPSHOT.jar:?]
	at org.apache.hadoop.ozone.om.ratis.OzoneManagerStateMachine.runCommand(OzoneManagerStateMachine.java:527) ~[ozone-manager-1.5.0-SNAPSHOT.jar:?]
	at org.apache.hadoop.ozone.om.ratis.OzoneManagerStateMachine.lambda$1(OzoneManagerStateMachine.java:345) ~[ozone-manager-1.5.0-SNAPSHOT.jar:?]
	at java.util.concurrent.CompletableFuture$AsyncSupply.run(CompletableFuture.java:1604) [?:1.8.0_402]
	at java.util.concurrent.ThreadPoolExecutor.runWorker(ThreadPoolExecutor.java:1149) [?:1.8.0_402]
	at java.util.concurrent.ThreadPoolExecutor$Worker.run(ThreadPoolExecutor.java:624) [?:1.8.0_402]
	at java.lang.Thread.run(Thread.java:750) [?:1.8.0_402]
2024-02-26 09:18:57,252 [om1-OMStateMachineApplyTransactionThread - 0] ERROR bucket.OMBucketCreateRequest (OMBucketCreateRequest.java:validateAndUpdateCache(304)) - Bucket creation failed for bucket:1e7c4627-7c8c-4808-942a-647a765fe038 in volume:2514cf61-5b90-41e9-aa23-de8da0596c9a
QUOTA_EXCEEDED org.apache.hadoop.ozone.om.exceptions.OMException: The namespace quota of Volume:2514cf61-5b90-41e9-aa23-de8da0596c9a exceeded: quotaInNamespace: 1 but namespace consumed: 2.
	at org.apache.hadoop.ozone.om.request.bucket.OMBucketCreateRequest.checkQuotaInNamespace(OMBucketCreateRequest.java:347)
	at org.apache.hadoop.ozone.om.request.bucket.OMBucketCreateRequest.validateAndUpdateCache(OMBucketCreateRequest.java:252)
	at org.apache.hadoop.ozone.protocolPB.OzoneManagerRequestHandler.lambda$0(OzoneManagerRequestHandler.java:403)
	at org.apache.hadoop.util.MetricUtil.captureLatencyNs(MetricUtil.java:45)
	at org.apache.hadoop.ozone.protocolPB.OzoneManagerRequestHandler.handleWriteRequest(OzoneManagerRequestHandler.java:399)
	at org.apache.hadoop.ozone.om.ratis.OzoneManagerStateMachine.runCommand(OzoneManagerStateMachine.java:527)
	at org.apache.hadoop.ozone.om.ratis.OzoneManagerStateMachine.lambda$1(OzoneManagerStateMachine.java:345)
	at java.util.concurrent.CompletableFuture$AsyncSupply.run(CompletableFuture.java:1604)
	at java.util.concurrent.ThreadPoolExecutor.runWorker(ThreadPoolExecutor.java:1149)
	at java.util.concurrent.ThreadPoolExecutor$Worker.run(ThreadPoolExecutor.java:624)
	at java.lang.Thread.run(Thread.java:750)
2024-02-26 09:18:57,253 [main] INFO  rpc.RpcClient (RpcClient.java:createVolume(465)) - Creating Volume: da8eb1ee-47fa-4262-b1dc-d5e11b26d5e7, with runner as owner and space quota set to -1 bytes, counts quota set to -1
2024-02-26 09:18:57,254 [om1-OMStateMachineApplyTransactionThread - 0] INFO  volume.OMVolumeCreateRequest (OMVolumeCreateRequest.java:validateAndUpdateCache(198)) - created volume:da8eb1ee-47fa-4262-b1dc-d5e11b26d5e7 for user:runner
2024-02-26 09:18:57,256 [main] INFO  rpc.RpcClient (RpcClient.java:createBucket(691)) - Creating Bucket: da8eb1ee-47fa-4262-b1dc-d5e11b26d5e7/dab4c89f-d190-4879-a013-4f4619c67369, with server-side default bucket layout, runner as owner, Versioning false, Storage Type set to DISK and Encryption set to false, Replication Type set to server-side default replication type, Namespace Quota set to -1, Space Quota set to -1 
2024-02-26 09:18:57,257 [om1-OMStateMachineApplyTransactionThread - 0] INFO  bucket.OMBucketCreateRequest (OMBucketCreateRequest.java:validateAndUpdateCache(292)) - created bucket: dab4c89f-d190-4879-a013-4f4619c67369 of layout OBJECT_STORE in volume: da8eb1ee-47fa-4262-b1dc-d5e11b26d5e7
]]></system-out>
  </testcase>
  <testcase name="testZReadKeyWithUnhealthyContainerReplica" classname="org.apache.hadoop.ozone.client.rpc.TestSecureOzoneRpcClient" time="0.001"/>
</testsuite>