<?xml version="1.0" encoding="UTF-8"?>
<testsuite xmlns:xsi="http://www.w3.org/2001/XMLSchema-instance" xsi:noNamespaceSchemaLocation="https://maven.apache.org/surefire/maven-surefire-plugin/xsd/surefire-test-report-3.0.xsd" version="3.0" name="org.apache.hadoop.ozone.scm.TestSecretKeySnapshot" time="87.594" tests="1" errors="0" skipped="0" failures="1">
  <properties>
    <property name="awt.toolkit" value="sun.awt.X11.XToolkit"/>
    <property name="file.encoding.pkg" value="sun.io"/>
    <property name="java.specification.version" value="1.8"/>
    <property name="sun.cpu.isalist" value=""/>
    <property name="sun.jnu.encoding" value="UTF-8"/>
    <property name="java.class.path" value="/home/runner/work/ozone/ozone/hadoop-ozone/integration-test/target/test-classes:/home/runner/work/ozone/ozone/hadoop-ozone/integration-test/target/classes:/home/runner/.m2/repository/org/apache/ozone/ozone-common/1.4.0-SNAPSHOT/ozone-common-1.4.0-SNAPSHOT.jar:/home/runner/.m2/repository/io/grpc/grpc-netty/1.51.1/grpc-netty-1.51.1.jar:/home/runner/.m2/repository/io/grpc/grpc-core/1.51.1/grpc-core-1.51.1.jar:/home/runner/.m2/repository/com/google/android/annotations/4.1.1.4/annotations-4.1.1.4.jar:/home/runner/.m2/repository/org/codehaus/mojo/animal-sniffer-annotations/1.21/animal-sniffer-annotations-1.21.jar:/home/runner/.m2/repository/com/google/errorprone/error_prone_annotations/2.2.0/error_prone_annotations-2.2.0.jar:/home/runner/.m2/repository/io/perfmark/perfmark-api/0.25.0/perfmark-api-0.25.0.jar:/home/runner/.m2/repository/io/netty/netty-codec-http2/4.1.86.Final/netty-codec-http2-4.1.86.Final.jar:/home/runner/.m2/repository/io/netty/netty-common/4.1.86.Final/netty-common-4.1.86.Final.jar:/home/runner/.m2/repository/io/netty/netty-buffer/4.1.86.Final/netty-buffer-4.1.86.Final.jar:/home/runner/.m2/repository/io/netty/netty-codec-http/4.1.86.Final/netty-codec-http-4.1.86.Final.jar:/home/runner/.m2/repository/io/netty/netty-handler-proxy/4.1.86.Final/netty-handler-proxy-4.1.86.Final.jar:/home/runner/.m2/repository/io/netty/netty-codec-socks/4.1.86.Final/netty-codec-socks-4.1.86.Final.jar:/home/runner/.m2/repository/io/netty/netty-tcnative-boringssl-static/2.0.54.Final/netty-tcnative-boringssl-static-2.0.54.Final.jar:/home/runner/.m2/repository/io/netty/netty-tcnative-classes/2.0.54.Final/netty-tcnative-classes-2.0.54.Final.jar:/home/runner/.m2/repository/io/netty/netty-tcnative-boringssl-static/2.0.54.Final/netty-tcnative-boringssl-static-2.0.54.Final-linux-x86_64.jar:/home/runner/.m2/repository/io/netty/netty-tcnative-boringssl-static/2.0.54.Final/netty-tcnative-boringssl-static-2.0.54.Final-linux-aarch_64.jar:/home/runner/.m2/repository/io/netty/netty-tcnative-boringssl-static/2.0.54.Final/netty-tcnative-boringssl-static-2.0.54.Final-osx-x86_64.jar:/home/runner/.m2/repository/io/netty/netty-tcnative-boringssl-static/2.0.54.Final/netty-tcnative-boringssl-static-2.0.54.Final-osx-aarch_64.jar:/home/runner/.m2/repository/io/netty/netty-tcnative-boringssl-static/2.0.54.Final/netty-tcnative-boringssl-static-2.0.54.Final-windows-x86_64.jar:/home/runner/.m2/repository/org/apache/commons/commons-compress/1.21/commons-compress-1.21.jar:/home/runner/.m2/repository/org/apache/ozone/hdds-common/1.4.0-SNAPSHOT/hdds-common-1.4.0-SNAPSHOT.jar:/home/runner/.m2/repository/org/apache/ozone/hdds-client/1.4.0-SNAPSHOT/hdds-client-1.4.0-SNAPSHOT.jar:/home/runner/.m2/repository/org/apache/ozone/ozone-interface-client/1.4.0-SNAPSHOT/ozone-interface-client-1.4.0-SNAPSHOT.jar:/home/runner/.m2/repository/org/apache/hadoop/hadoop-hdfs-client/3.3.5/hadoop-hdfs-client-3.3.5.jar:/home/runner/.m2/repository/com/squareup/okhttp3/okhttp/4.9.3/okhttp-4.9.3.jar:/home/runner/.m2/repository/com/squareup/okio/okio/2.8.0/okio-2.8.0.jar:/home/runner/.m2/repository/org/jetbrains/kotlin/kotlin-stdlib-common/1.6.21/kotlin-stdlib-common-1.6.21.jar:/home/runner/.m2/repository/org/apache/ozone/hdds-test-utils/1.4.0-SNAPSHOT/hdds-test-utils-1.4.0-SNAPSHOT.jar:/home/runner/.m2/repository/com/google/guava/guava/31.1-jre/guava-31.1-jre.jar:/home/runner/.m2/repository/com/google/guava/failureaccess/1.0.1/failureaccess-1.0.1.jar:/home/runner/.m2/repository/com/google/guava/listenablefuture/9999.0-empty-to-avoid-conflict-with-guava/listenablefuture-9999.0-empty-to-avoid-conflict-with-guava.jar:/home/runner/.m2/repository/com/google/code/findbugs/jsr305/3.0.0/jsr305-3.0.0.jar:/home/runner/.m2/repository/org/checkerframework/checker-qual/3.12.0/checker-qual-3.12.0.jar:/home/runner/.m2/repository/com/google/j2objc/j2objc-annotations/1.3/j2objc-annotations-1.3.jar:/home/runner/.m2/repository/commons-io/commons-io/2.11.0/commons-io-2.11.0.jar:/home/runner/.m2/repository/commons-logging/commons-logging/1.2/commons-logging-1.2.jar:/home/runner/.m2/repository/ch/qos/reload4j/reload4j/1.2.22/reload4j-1.2.22.jar:/home/runner/.m2/repository/org/slf4j/slf4j-api/1.7.36/slf4j-api-1.7.36.jar:/home/runner/.m2/repository/org/apache/ozone/hdds-server-scm/1.4.0-SNAPSHOT/hdds-server-scm-1.4.0-SNAPSHOT.jar:/home/runner/.m2/repository/org/apache/ozone/hdds-container-service/1.4.0-SNAPSHOT/hdds-container-service-1.4.0-SNAPSHOT.jar:/home/runner/.m2/repository/org/apache/ozone/hdds-hadoop-dependency-server/1.4.0-SNAPSHOT/hdds-hadoop-dependency-server-1.4.0-SNAPSHOT.jar:/home/runner/.m2/repository/org/apache/hadoop/hadoop-hdfs/3.3.5/hadoop-hdfs-3.3.5.jar:/home/runner/.m2/repository/commons-daemon/commons-daemon/1.0.13/commons-daemon-1.0.13.jar:/home/runner/.m2/repository/org/apache/ozone/hdds-server-framework/1.4.0-SNAPSHOT/hdds-server-framework-1.4.0-SNAPSHOT.jar:/home/runner/.m2/repository/io/dropwizard/metrics/metrics-core/3.2.4/metrics-core-3.2.4.jar:/home/runner/.m2/repository/org/apache/commons/commons-text/1.10.0/commons-text-1.10.0.jar:/home/runner/.m2/repository/org/bouncycastle/bcprov-jdk15on/1.67/bcprov-jdk15on-1.67.jar:/home/runner/.m2/repository/com/google/protobuf/protobuf-java/2.5.0/protobuf-java-2.5.0.jar:/home/runner/.m2/repository/org/apache/ozone/hdds-server-framework/1.4.0-SNAPSHOT/hdds-server-framework-1.4.0-SNAPSHOT-tests.jar:/home/runner/.m2/repository/org/apache/ozone/hdds-interface-server/1.4.0-SNAPSHOT/hdds-interface-server-1.4.0-SNAPSHOT.jar:/home/runner/.m2/repository/org/apache/ozone/hdds-interface-admin/1.4.0-SNAPSHOT/hdds-interface-admin-1.4.0-SNAPSHOT.jar:/home/runner/.m2/repository/org/apache/ozone/hdds-managed-rocksdb/1.4.0-SNAPSHOT/hdds-managed-rocksdb-1.4.0-SNAPSHOT.jar:/home/runner/.m2/repository/org/rocksdb/rocksdbjni/7.7.3/rocksdbjni-7.7.3.jar:/home/runner/.m2/repository/org/slf4j/slf4j-reload4j/1.7.36/slf4j-reload4j-1.7.36.jar:/home/runner/.m2/repository/org/apache/commons/commons-configuration2/2.1.1/commons-configuration2-2.1.1.jar:/home/runner/.m2/repository/org/apache/logging/log4j/log4j-core/2.17.1/log4j-core-2.17.1.jar:/home/runner/.m2/repository/com/lmax/disruptor/3.4.2/disruptor-3.4.2.jar:/home/runner/.m2/repository/org/eclipse/jetty/jetty-util/9.4.51.v20230217/jetty-util-9.4.51.v20230217.jar:/home/runner/.m2/repository/org/eclipse/jetty/jetty-server/9.4.51.v20230217/jetty-server-9.4.51.v20230217.jar:/home/runner/.m2/repository/org/eclipse/jetty/jetty-http/9.4.51.v20230217/jetty-http-9.4.51.v20230217.jar:/home/runner/.m2/repository/org/eclipse/jetty/jetty-io/9.4.51.v20230217/jetty-io-9.4.51.v20230217.jar:/home/runner/.m2/repository/org/eclipse/jetty/jetty-servlet/9.4.51.v20230217/jetty-servlet-9.4.51.v20230217.jar:/home/runner/.m2/repository/org/eclipse/jetty/jetty-security/9.4.51.v20230217/jetty-security-9.4.51.v20230217.jar:/home/runner/.m2/repository/org/eclipse/jetty/jetty-util-ajax/9.4.51.v20230217/jetty-util-ajax-9.4.51.v20230217.jar:/home/runner/.m2/repository/org/eclipse/jetty/jetty-webapp/9.4.51.v20230217/jetty-webapp-9.4.51.v20230217.jar:/home/runner/.m2/repository/org/eclipse/jetty/jetty-xml/9.4.51.v20230217/jetty-xml-9.4.51.v20230217.jar:/home/runner/.m2/repository/org/apache/ratis/ratis-server/2.5.1/ratis-server-2.5.1.jar:/home/runner/.m2/repository/org/apache/ratis/ratis-thirdparty-misc/1.0.4/ratis-thirdparty-misc-1.0.4.jar:/home/runner/.m2/repository/org/apache/ratis/ratis-proto/2.5.1/ratis-proto-2.5.1.jar:/home/runner/.m2/repository/org/apache/ratis/ratis-common/2.5.1/ratis-common-2.5.1.jar:/home/runner/.m2/repository/org/apache/ratis/ratis-client/2.5.1/ratis-client-2.5.1.jar:/home/runner/.m2/repository/org/apache/ratis/ratis-server-api/2.5.1/ratis-server-api-2.5.1.jar:/home/runner/.m2/repository/org/apache/ratis/ratis-metrics/2.5.1/ratis-metrics-2.5.1.jar:/home/runner/.m2/repository/io/prometheus/simpleclient_dropwizard/0.7.0/simpleclient_dropwizard-0.7.0.jar:/home/runner/.m2/repository/io/prometheus/simpleclient/0.7.0/simpleclient-0.7.0.jar:/home/runner/.m2/repository/io/prometheus/simpleclient_common/0.7.0/simpleclient_common-0.7.0.jar:/home/runner/.m2/repository/com/fasterxml/jackson/datatype/jackson-datatype-jsr310/2.13.4/jackson-datatype-jsr310-2.13.4.jar:/home/runner/.m2/repository/com/fasterxml/jackson/core/jackson-core/2.13.4/jackson-core-2.13.4.jar:/home/runner/.m2/repository/com/github/spotbugs/spotbugs-annotations/3.1.12/spotbugs-annotations-3.1.12.jar:/home/runner/.m2/repository/org/apache/ozone/rocksdb-checkpoint-differ/1.4.0-SNAPSHOT/rocksdb-checkpoint-differ-1.4.0-SNAPSHOT.jar:/home/runner/.m2/repository/org/awaitility/awaitility/4.2.0/awaitility-4.2.0.jar:/home/runner/.m2/repository/org/hamcrest/hamcrest/2.1/hamcrest-2.1.jar:/home/runner/.m2/repository/org/apache/ozone/ozone-manager/1.4.0-SNAPSHOT/ozone-manager-1.4.0-SNAPSHOT.jar:/home/runner/.m2/repository/org/aspectj/aspectjrt/1.9.7/aspectjrt-1.9.7.jar:/home/runner/.m2/repository/org/aspectj/aspectjweaver/1.9.7/aspectjweaver-1.9.7.jar:/home/runner/.m2/repository/org/apache/ozone/hdds-interface-client/1.4.0-SNAPSHOT/hdds-interface-client-1.4.0-SNAPSHOT.jar:/home/runner/.m2/repository/org/apache/hadoop/thirdparty/hadoop-shaded-protobuf_3_7/1.1.1/hadoop-shaded-protobuf_3_7-1.1.1.jar:/home/runner/.m2/repository/org/apache/ozone/ozone-interface-storage/1.4.0-SNAPSHOT/ozone-interface-storage-1.4.0-SNAPSHOT.jar:/home/runner/.m2/repository/org/reflections/reflections/0.9.11/reflections-0.9.11.jar:/home/runner/.m2/repository/com/sun/jersey/jersey-client/1.19/jersey-client-1.19.jar:/home/runner/.m2/repository/org/codehaus/jackson/jackson-core-asl/1.9.13/jackson-core-asl-1.9.13.jar:/home/runner/.m2/repository/org/codehaus/jackson/jackson-mapper-asl/1.9.13/jackson-mapper-asl-1.9.13.jar:/home/runner/.m2/repository/org/codehaus/jackson/jackson-jaxrs/1.9.13/jackson-jaxrs-1.9.13.jar:/home/runner/.m2/repository/org/apache/ranger/ranger-intg/2.3.0/ranger-intg-2.3.0.jar:/home/runner/.m2/repository/org/apache/ranger/ranger-plugins-common/2.3.0/ranger-plugins-common-2.3.0.jar:/home/runner/.m2/repository/commons-lang/commons-lang/2.6/commons-lang-2.6.jar:/home/runner/.m2/repository/org/apache/ranger/ranger-plugins-cred/2.3.0/ranger-plugins-cred-2.3.0.jar:/home/runner/.m2/repository/org/apache/ranger/ranger-plugins-audit/2.3.0/ranger-plugins-audit-2.3.0.jar:/home/runner/.m2/repository/org/eclipse/jetty/jetty-client/9.4.51.v20230217/jetty-client-9.4.51.v20230217.jar:/home/runner/.m2/repository/org/apache/httpcomponents/httpmime/4.5.6/httpmime-4.5.6.jar:/home/runner/.m2/repository/org/apache/httpcomponents/httpcore-nio/4.4.13/httpcore-nio-4.4.13.jar:/home/runner/.m2/repository/org/apache/httpcomponents/httpasyncclient/4.1.3/httpasyncclient-4.1.3.jar:/home/runner/.m2/repository/com/carrotsearch/hppc/0.8.0/hppc-0.8.0.jar:/home/runner/.m2/repository/org/apache/orc/orc-core/1.5.8/orc-core-1.5.8.jar:/home/runner/.m2/repository/net/java/dev/jna/jna/5.2.0/jna-5.2.0.jar:/home/runner/.m2/repository/net/java/dev/jna/jna-platform/5.2.0/jna-platform-5.2.0.jar:/home/runner/.m2/repository/com/kstruct/gethostname4j/0.0.2/gethostname4j-0.0.2.jar:/home/runner/.m2/repository/org/apache/ranger/ranger-plugin-classloader/2.3.0/ranger-plugin-classloader-2.3.0.jar:/home/runner/.m2/repository/org/apache/ozone/hdds-rocks-native/1.4.0-SNAPSHOT/hdds-rocks-native-1.4.0-SNAPSHOT.jar:/home/runner/.m2/repository/org/apache/hadoop/hadoop-minikdc/3.3.5/hadoop-minikdc-3.3.5.jar:/home/runner/.m2/repository/org/apache/kerby/kerb-simplekdc/1.0.1/kerb-simplekdc-1.0.1.jar:/home/runner/.m2/repository/org/apache/kerby/kerb-client/1.0.1/kerb-client-1.0.1.jar:/home/runner/.m2/repository/org/apache/kerby/kerby-config/1.0.1/kerby-config-1.0.1.jar:/home/runner/.m2/repository/org/apache/kerby/kerb-common/1.0.1/kerb-common-1.0.1.jar:/home/runner/.m2/repository/org/apache/kerby/kerb-crypto/1.0.1/kerb-crypto-1.0.1.jar:/home/runner/.m2/repository/org/apache/kerby/kerb-util/1.0.1/kerb-util-1.0.1.jar:/home/runner/.m2/repository/org/apache/kerby/token-provider/1.0.1/token-provider-1.0.1.jar:/home/runner/.m2/repository/org/apache/kerby/kerb-admin/1.0.1/kerb-admin-1.0.1.jar:/home/runner/.m2/repository/org/apache/kerby/kerb-server/1.0.1/kerb-server-1.0.1.jar:/home/runner/.m2/repository/org/apache/kerby/kerb-identity/1.0.1/kerb-identity-1.0.1.jar:/home/runner/.m2/repository/org/apache/kerby/kerby-xdr/1.0.1/kerby-xdr-1.0.1.jar:/home/runner/.m2/repository/org/apache/ozone/ozone-s3gateway/1.4.0-SNAPSHOT/ozone-s3gateway-1.4.0-SNAPSHOT.jar:/home/runner/.m2/repository/org/javassist/javassist/3.21.0-GA/javassist-3.21.0-GA.jar:/home/runner/.m2/repository/org/jboss/weld/servlet/weld-servlet-shaded/3.1.9.Final/weld-servlet-shaded-3.1.9.Final.jar:/home/runner/.m2/repository/org/glassfish/jersey/containers/jersey-container-servlet-core/2.34/jersey-container-servlet-core-2.34.jar:/home/runner/.m2/repository/org/glassfish/hk2/external/jakarta.inject/2.6.1/jakarta.inject-2.6.1.jar:/home/runner/.m2/repository/org/glassfish/jersey/core/jersey-common/2.34/jersey-common-2.34.jar:/home/runner/.m2/repository/jakarta/ws/rs/jakarta.ws.rs-api/2.1.6/jakarta.ws.rs-api-2.1.6.jar:/home/runner/.m2/repository/org/glassfish/jersey/ext/cdi/jersey-cdi1x/2.34/jersey-cdi1x-2.34.jar:/home/runner/.m2/repository/org/glassfish/jersey/inject/jersey-hk2/2.34/jersey-hk2-2.34.jar:/home/runner/.m2/repository/org/glassfish/hk2/hk2-locator/2.6.1/hk2-locator-2.6.1.jar:/home/runner/.m2/repository/org/glassfish/jersey/media/jersey-media-jaxb/2.34/jersey-media-jaxb-2.34.jar:/home/runner/.m2/repository/org/glassfish/hk2/osgi-resource-locator/1.0.3/osgi-resource-locator-1.0.3.jar:/home/runner/.m2/repository/org/glassfish/hk2/hk2-api/2.5.0/hk2-api-2.5.0.jar:/home/runner/.m2/repository/org/glassfish/hk2/hk2-utils/2.5.0/hk2-utils-2.5.0.jar:/home/runner/.m2/repository/org/glassfish/hk2/external/aopalliance-repackaged/2.5.0/aopalliance-repackaged-2.5.0.jar:/home/runner/.m2/repository/com/fasterxml/jackson/dataformat/jackson-dataformat-xml/2.13.4/jackson-dataformat-xml-2.13.4.jar:/home/runner/.m2/repository/org/codehaus/woodstox/stax2-api/4.2.1/stax2-api-4.2.1.jar:/home/runner/.m2/repository/com/fasterxml/woodstox/woodstox-core/5.4.0/woodstox-core-5.4.0.jar:/home/runner/.m2/repository/com/fasterxml/jackson/module/jackson-module-jaxb-annotations/2.13.4/jackson-module-jaxb-annotations-2.13.4.jar:/home/runner/.m2/repository/jakarta/xml/bind/jakarta.xml.bind-api/2.3.3/jakarta.xml.bind-api-2.3.3.jar:/home/runner/.m2/repository/jakarta/activation/jakarta.activation-api/1.2.2/jakarta.activation-api-1.2.2.jar:/home/runner/.m2/repository/javax/enterprise/cdi-api/2.0/cdi-api-2.0.jar:/home/runner/.m2/repository/javax/el/javax.el-api/3.0.0/javax.el-api-3.0.0.jar:/home/runner/.m2/repository/javax/interceptor/javax.interceptor-api/1.2/javax.interceptor-api-1.2.jar:/home/runner/.m2/repository/javax/inject/javax.inject/1/javax.inject-1.jar:/home/runner/.m2/repository/javax/xml/bind/jaxb-api/2.3.0/jaxb-api-2.3.0.jar:/home/runner/.m2/repository/org/glassfish/jaxb/jaxb-runtime/2.3.0.1/jaxb-runtime-2.3.0.1.jar:/home/runner/.m2/repository/org/glassfish/jaxb/jaxb-core/2.3.0.1/jaxb-core-2.3.0.1.jar:/home/runner/.m2/repository/org/glassfish/jaxb/txw2/2.3.0.1/txw2-2.3.0.1.jar:/home/runner/.m2/repository/com/sun/istack/istack-commons-runtime/3.0.5/istack-commons-runtime-3.0.5.jar:/home/runner/.m2/repository/org/jvnet/staxex/stax-ex/1.7.8/stax-ex-1.7.8.jar:/home/runner/.m2/repository/com/sun/xml/fastinfoset/FastInfoset/1.2.13/FastInfoset-1.2.13.jar:/home/runner/.m2/repository/javax/activation/activation/1.1.1/activation-1.1.1.jar:/home/runner/.m2/repository/io/grpc/grpc-protobuf/1.51.1/grpc-protobuf-1.51.1.jar:/home/runner/.m2/repository/com/google/api/grpc/proto-google-common-protos/2.9.0/proto-google-common-protos-2.9.0.jar:/home/runner/.m2/repository/io/grpc/grpc-protobuf-lite/1.51.1/grpc-protobuf-lite-1.51.1.jar:/home/runner/.m2/repository/io/grpc/grpc-stub/1.51.1/grpc-stub-1.51.1.jar:/home/runner/.m2/repository/io/netty/netty-transport/4.1.86.Final/netty-transport-4.1.86.Final.jar:/home/runner/.m2/repository/io/netty/netty-resolver/4.1.86.Final/netty-resolver-4.1.86.Final.jar:/home/runner/.m2/repository/org/apache/ozone/ozone-csi/1.4.0-SNAPSHOT/ozone-csi-1.4.0-SNAPSHOT.jar:/home/runner/.m2/repository/com/google/protobuf/protobuf-java-util/3.19.6/protobuf-java-util-3.19.6.jar:/home/runner/.m2/repository/com/google/code/gson/gson/2.9.0/gson-2.9.0.jar:/home/runner/.m2/repository/org/apache/ozone/hdds-config/1.4.0-SNAPSHOT/hdds-config-1.4.0-SNAPSHOT.jar:/home/runner/.m2/repository/io/netty/netty-transport-native-epoll/4.1.86.Final/netty-transport-native-epoll-4.1.86.Final-linux-x86_64.jar:/home/runner/.m2/repository/io/netty/netty-transport-classes-epoll/4.1.86.Final/netty-transport-classes-epoll-4.1.86.Final.jar:/home/runner/.m2/repository/io/netty/netty-transport-native-unix-common/4.1.86.Final/netty-transport-native-unix-common-4.1.86.Final.jar:/home/runner/.m2/repository/org/apache/ozone/ozone-recon/1.4.0-SNAPSHOT/ozone-recon-1.4.0-SNAPSHOT.jar:/home/runner/.m2/repository/org/apache/ozone/ozone-reconcodegen/1.4.0-SNAPSHOT/ozone-reconcodegen-1.4.0-SNAPSHOT.jar:/home/runner/.m2/repository/com/google/inject/guice/5.1.0/guice-5.1.0.jar:/home/runner/.m2/repository/aopalliance/aopalliance/1.0/aopalliance-1.0.jar:/home/runner/.m2/repository/com/google/inject/extensions/guice-assistedinject/5.1.0/guice-assistedinject-5.1.0.jar:/home/runner/.m2/repository/com/google/inject/extensions/guice-servlet/5.1.0/guice-servlet-5.1.0.jar:/home/runner/.m2/repository/org/glassfish/jersey/containers/jersey-container-servlet/2.34/jersey-container-servlet-2.34.jar:/home/runner/.m2/repository/org/glassfish/hk2/guice-bridge/2.5.0/guice-bridge-2.5.0.jar:/home/runner/.m2/repository/org/glassfish/jersey/core/jersey-server/2.34/jersey-server-2.34.jar:/home/runner/.m2/repository/org/glassfish/jersey/core/jersey-client/2.34/jersey-client-2.34.jar:/home/runner/.m2/repository/jakarta/annotation/jakarta.annotation-api/1.3.5/jakarta.annotation-api-1.3.5.jar:/home/runner/.m2/repository/jakarta/validation/jakarta.validation-api/2.0.2/jakarta.validation-api-2.0.2.jar:/home/runner/.m2/repository/org/glassfish/jersey/media/jersey-media-json-jackson/2.34/jersey-media-json-jackson-2.34.jar:/home/runner/.m2/repository/org/glassfish/jersey/ext/jersey-entity-filtering/2.34/jersey-entity-filtering-2.34.jar:/home/runner/.m2/repository/org/jooq/jooq/3.11.10/jooq-3.11.10.jar:/home/runner/.m2/repository/org/jooq/jooq-meta/3.11.10/jooq-meta-3.11.10.jar:/home/runner/.m2/repository/org/jooq/jooq-codegen/3.11.10/jooq-codegen-3.11.10.jar:/home/runner/.m2/repository/com/jolbox/bonecp/0.8.0.RELEASE/bonecp-0.8.0.RELEASE.jar:/home/runner/.m2/repository/org/apache/derby/derby/10.14.2.0/derby-10.14.2.0.jar:/home/runner/.m2/repository/org/xerial/sqlite-jdbc/3.41.2.2/sqlite-jdbc-3.41.2.2.jar:/home/runner/.m2/repository/org/springframework/spring-jdbc/5.3.27/spring-jdbc-5.3.27.jar:/home/runner/.m2/repository/org/springframework/spring-beans/5.3.27/spring-beans-5.3.27.jar:/home/runner/.m2/repository/org/springframework/spring-core/5.3.27/spring-core-5.3.27.jar:/home/runner/.m2/repository/org/springframework/spring-tx/5.3.27/spring-tx-5.3.27.jar:/home/runner/.m2/repository/org/apache/ozone/ozone-client/1.4.0-SNAPSHOT/ozone-client-1.4.0-SNAPSHOT.jar:/home/runner/.m2/repository/org/apache/ozone/hdds-erasurecode/1.4.0-SNAPSHOT/hdds-erasurecode-1.4.0-SNAPSHOT.jar:/home/runner/.m2/repository/org/apache/ozone/ozone-filesystem/1.4.0-SNAPSHOT/ozone-filesystem-1.4.0-SNAPSHOT.jar:/home/runner/.m2/repository/org/apache/ozone/ozone-filesystem-common/1.4.0-SNAPSHOT/ozone-filesystem-common-1.4.0-SNAPSHOT.jar:/home/runner/.m2/repository/org/apache/ozone/ozone-tools/1.4.0-SNAPSHOT/ozone-tools-1.4.0-SNAPSHOT.jar:/home/runner/.m2/repository/com/amazonaws/aws-java-sdk-core/1.12.261/aws-java-sdk-core-1.12.261.jar:/home/runner/.m2/repository/org/apache/httpcomponents/httpclient/4.5.13/httpclient-4.5.13.jar:/home/runner/.m2/repository/org/apache/httpcomponents/httpcore/4.4.13/httpcore-4.4.13.jar:/home/runner/.m2/repository/software/amazon/ion/ion-java/1.0.2/ion-java-1.0.2.jar:/home/runner/.m2/repository/com/fasterxml/jackson/dataformat/jackson-dataformat-cbor/2.13.4/jackson-dataformat-cbor-2.13.4.jar:/home/runner/.m2/repository/joda-time/joda-time/2.10.6/joda-time-2.10.6.jar:/home/runner/.m2/repository/com/amazonaws/aws-java-sdk-s3/1.12.261/aws-java-sdk-s3-1.12.261.jar:/home/runner/.m2/repository/com/amazonaws/aws-java-sdk-kms/1.12.261/aws-java-sdk-kms-1.12.261.jar:/home/runner/.m2/repository/com/amazonaws/jmespath-java/1.12.261/jmespath-java-1.12.261.jar:/home/runner/.m2/repository/org/kohsuke/metainf-services/metainf-services/1.8/metainf-services-1.8.jar:/home/runner/.m2/repository/org/apache/ozone/hdds-tools/1.4.0-SNAPSHOT/hdds-tools-1.4.0-SNAPSHOT.jar:/home/runner/.m2/repository/org/apache/ratis/ratis-tools/2.5.1/ratis-tools-2.5.1.jar:/home/runner/.m2/repository/commons-cli/commons-cli/1.2/commons-cli-1.2.jar:/home/runner/.m2/repository/org/apache/commons/commons-lang3/3.7/commons-lang3-3.7.jar:/home/runner/.m2/repository/org/apache/ozone/ozone-manager/1.4.0-SNAPSHOT/ozone-manager-1.4.0-SNAPSHOT-tests.jar:/home/runner/.m2/repository/org/apache/ozone/hdds-common/1.4.0-SNAPSHOT/hdds-common-1.4.0-SNAPSHOT-tests.jar:/home/runner/.m2/repository/org/apache/ozone/hdds-hadoop-dependency-client/1.4.0-SNAPSHOT/hdds-hadoop-dependency-client-1.4.0-SNAPSHOT.jar:/home/runner/.m2/repository/info/picocli/picocli/4.6.1/picocli-4.6.1.jar:/home/runner/.m2/repository/com/fasterxml/jackson/core/jackson-annotations/2.13.4/jackson-annotations-2.13.4.jar:/home/runner/.m2/repository/org/apache/ozone/hdds-annotation-processing/1.4.0-SNAPSHOT/hdds-annotation-processing-1.4.0-SNAPSHOT.jar:/home/runner/.m2/repository/javax/annotation/javax.annotation-api/1.2/javax.annotation-api-1.2.jar:/home/runner/.m2/repository/org/apache/ratis/ratis-netty/2.5.1/ratis-netty-2.5.1.jar:/home/runner/.m2/repository/org/apache/ratis/ratis-grpc/2.5.1/ratis-grpc-2.5.1.jar:/home/runner/.m2/repository/org/apache/logging/log4j/log4j-api/2.17.1/log4j-api-2.17.1.jar:/home/runner/.m2/repository/org/apache/commons/commons-pool2/2.6.0/commons-pool2-2.6.0.jar:/home/runner/.m2/repository/org/bouncycastle/bcpkix-jdk15on/1.67/bcpkix-jdk15on-1.67.jar:/home/runner/.m2/repository/commons-validator/commons-validator/1.6/commons-validator-1.6.jar:/home/runner/.m2/repository/commons-beanutils/commons-beanutils/1.9.4/commons-beanutils-1.9.4.jar:/home/runner/.m2/repository/commons-digester/commons-digester/1.8.1/commons-digester-1.8.1.jar:/home/runner/.m2/repository/commons-collections/commons-collections/3.2.2/commons-collections-3.2.2.jar:/home/runner/.m2/repository/io/jaegertracing/jaeger-client/1.6.0/jaeger-client-1.6.0.jar:/home/runner/.m2/repository/io/jaegertracing/jaeger-thrift/1.6.0/jaeger-thrift-1.6.0.jar:/home/runner/.m2/repository/org/apache/thrift/libthrift/0.14.1/libthrift-0.14.1.jar:/home/runner/.m2/repository/io/jaegertracing/jaeger-core/1.6.0/jaeger-core-1.6.0.jar:/home/runner/.m2/repository/io/jaegertracing/jaeger-tracerresolver/1.6.0/jaeger-tracerresolver-1.6.0.jar:/home/runner/.m2/repository/io/opentracing/contrib/opentracing-tracerresolver/0.1.8/opentracing-tracerresolver-0.1.8.jar:/home/runner/.m2/repository/org/jetbrains/kotlin/kotlin-stdlib/1.6.21/kotlin-stdlib-1.6.21.jar:/home/runner/.m2/repository/org/jetbrains/annotations/13.0/annotations-13.0.jar:/home/runner/.m2/repository/io/opentracing/opentracing-util/0.33.0/opentracing-util-0.33.0.jar:/home/runner/.m2/repository/io/opentracing/opentracing-api/0.33.0/opentracing-api-0.33.0.jar:/home/runner/.m2/repository/io/opentracing/opentracing-noop/0.33.0/opentracing-noop-0.33.0.jar:/home/runner/.m2/repository/org/yaml/snakeyaml/2.0/snakeyaml-2.0.jar:/home/runner/.m2/repository/io/grpc/grpc-api/1.51.1/grpc-api-1.51.1.jar:/home/runner/.m2/repository/io/grpc/grpc-context/1.51.1/grpc-context-1.51.1.jar:/home/runner/.m2/repository/junit/junit/4.13.1/junit-4.13.1.jar:/home/runner/.m2/repository/org/hamcrest/hamcrest-core/1.3/hamcrest-core-1.3.jar:/home/runner/.m2/repository/org/junit/jupiter/junit-jupiter-api/5.8.2/junit-jupiter-api-5.8.2.jar:/home/runner/.m2/repository/org/opentest4j/opentest4j/1.2.0/opentest4j-1.2.0.jar:/home/runner/.m2/repository/org/junit/platform/junit-platform-commons/1.8.2/junit-platform-commons-1.8.2.jar:/home/runner/.m2/repository/org/apiguardian/apiguardian-api/1.1.2/apiguardian-api-1.1.2.jar:/home/runner/.m2/repository/org/junit/jupiter/junit-jupiter-params/5.8.2/junit-jupiter-params-5.8.2.jar:/home/runner/.m2/repository/org/junit/jupiter/junit-jupiter-migrationsupport/5.8.2/junit-jupiter-migrationsupport-5.8.2.jar:/home/runner/.m2/repository/org/junit/jupiter/junit-jupiter-engine/5.8.2/junit-jupiter-engine-5.8.2.jar:/home/runner/.m2/repository/org/junit/platform/junit-platform-engine/1.8.2/junit-platform-engine-1.8.2.jar:/home/runner/.m2/repository/org/junit/vintage/junit-vintage-engine/5.8.2/junit-vintage-engine-5.8.2.jar:/home/runner/.m2/repository/org/junit/platform/junit-platform-launcher/1.8.2/junit-platform-launcher-1.8.2.jar:/home/runner/.m2/repository/org/mockito/mockito-core/3.5.9/mockito-core-3.5.9.jar:/home/runner/.m2/repository/net/bytebuddy/byte-buddy/1.10.13/byte-buddy-1.10.13.jar:/home/runner/.m2/repository/net/bytebuddy/byte-buddy-agent/1.10.13/byte-buddy-agent-1.10.13.jar:/home/runner/.m2/repository/org/objenesis/objenesis/1.0/objenesis-1.0.jar:/home/runner/.m2/repository/org/apache/hadoop/hadoop-kms/3.3.5/hadoop-kms-3.3.5.jar:/home/runner/.m2/repository/org/apache/hadoop/hadoop-auth/3.3.5/hadoop-auth-3.3.5.jar:/home/runner/.m2/repository/com/nimbusds/nimbus-jose-jwt/9.8.1/nimbus-jose-jwt-9.8.1.jar:/home/runner/.m2/repository/com/github/stephenc/jcip/jcip-annotations/1.0-1/jcip-annotations-1.0-1.jar:/home/runner/.m2/repository/net/minidev/json-smart/2.4.7/json-smart-2.4.7.jar:/home/runner/.m2/repository/net/minidev/accessors-smart/2.4.7/accessors-smart-2.4.7.jar:/home/runner/.m2/repository/org/ow2/asm/asm/5.0.4/asm-5.0.4.jar:/home/runner/.m2/repository/org/apache/zookeeper/zookeeper/3.5.6/zookeeper-3.5.6.jar:/home/runner/.m2/repository/org/apache/zookeeper/zookeeper-jute/3.5.6/zookeeper-jute-3.5.6.jar:/home/runner/.m2/repository/org/apache/yetus/audience-annotations/0.5.0/audience-annotations-0.5.0.jar:/home/runner/.m2/repository/org/apache/curator/curator-framework/4.2.0/curator-framework-4.2.0.jar:/home/runner/.m2/repository/org/apache/hadoop/thirdparty/hadoop-shaded-guava/1.1.1/hadoop-shaded-guava-1.1.1.jar:/home/runner/.m2/repository/com/sun/jersey/jersey-core/1.19/jersey-core-1.19.jar:/home/runner/.m2/repository/javax/ws/rs/jsr311-api/1.1.1/jsr311-api-1.1.1.jar:/home/runner/.m2/repository/com/sun/jersey/jersey-server/1.19/jersey-server-1.19.jar:/home/runner/.m2/repository/javax/servlet/javax.servlet-api/3.1.0/javax.servlet-api-3.1.0.jar:/home/runner/.m2/repository/org/apache/hadoop/hadoop-common/3.3.5/hadoop-common-3.3.5.jar:/home/runner/.m2/repository/org/apache/commons/commons-math3/3.1.1/commons-math3-3.1.1.jar:/home/runner/.m2/repository/commons-net/commons-net/3.9.0/commons-net-3.9.0.jar:/home/runner/.m2/repository/com/sun/jersey/jersey-servlet/1.19/jersey-servlet-1.19.jar:/home/runner/.m2/repository/com/github/pjfanning/jersey-json/1.20/jersey-json-1.20.jar:/home/runner/.m2/repository/org/codehaus/jettison/jettison/1.1/jettison-1.1.jar:/home/runner/.m2/repository/com/sun/xml/bind/jaxb-impl/2.2.3-1/jaxb-impl-2.2.3-1.jar:/home/runner/.m2/repository/com/google/re2j/re2j/1.1/re2j-1.1.jar:/home/runner/.m2/repository/com/jcraft/jsch/0.1.54/jsch-0.1.54.jar:/home/runner/.m2/repository/org/apache/curator/curator-client/4.2.0/curator-client-4.2.0.jar:/home/runner/.m2/repository/org/apache/curator/curator-recipes/4.2.0/curator-recipes-4.2.0.jar:/home/runner/.m2/repository/org/apache/kerby/kerb-core/1.0.1/kerb-core-1.0.1.jar:/home/runner/.m2/repository/org/apache/kerby/kerby-pkix/1.0.1/kerby-pkix-1.0.1.jar:/home/runner/.m2/repository/org/apache/kerby/kerby-asn1/1.0.1/kerby-asn1-1.0.1.jar:/home/runner/.m2/repository/org/apache/kerby/kerby-util/1.0.1/kerby-util-1.0.1.jar:/home/runner/.m2/repository/dnsjava/dnsjava/2.1.7/dnsjava-2.1.7.jar:/home/runner/.m2/repository/org/xerial/snappy/snappy-java/1.1.8.2/snappy-java-1.1.8.2.jar:/home/runner/.m2/repository/com/fasterxml/jackson/core/jackson-databind/2.13.4.2/jackson-databind-2.13.4.2.jar:/home/runner/.m2/repository/org/apache/hadoop/hadoop-kms/3.3.5/hadoop-kms-3.3.5-tests.jar:/home/runner/.m2/repository/org/apache/ozone/hdds-server-scm/1.4.0-SNAPSHOT/hdds-server-scm-1.4.0-SNAPSHOT-tests.jar:/home/runner/.m2/repository/org/apache/ozone/hdds-container-service/1.4.0-SNAPSHOT/hdds-container-service-1.4.0-SNAPSHOT-tests.jar:/home/runner/.m2/repository/com/github/luben/zstd-jni/1.5.2-5/zstd-jni-1.5.2-5.jar:/home/runner/.m2/repository/commons-codec/commons-codec/1.15/commons-codec-1.15.jar:/home/runner/.m2/repository/io/netty/netty-codec/4.1.86.Final/netty-codec-4.1.86.Final.jar:/home/runner/.m2/repository/io/netty/netty-handler/4.1.86.Final/netty-handler-4.1.86.Final.jar:/home/runner/.m2/repository/org/apache/ozone/hdds-hadoop-dependency-test/1.4.0-SNAPSHOT/hdds-hadoop-dependency-test-1.4.0-SNAPSHOT.jar:/home/runner/.m2/repository/org/apache/hadoop/hadoop-common/3.3.5/hadoop-common-3.3.5-tests.jar:/home/runner/.m2/repository/org/apache/hadoop/hadoop-hdfs/3.3.5/hadoop-hdfs-3.3.5-tests.jar:/home/runner/.m2/repository/org/assertj/assertj-core/3.12.2/assertj-core-3.12.2.jar:/home/runner/.m2/repository/org/apache/hadoop/hadoop-distcp/3.3.5/hadoop-distcp-3.3.5.jar:/home/runner/.m2/repository/org/apache/hadoop/hadoop-mapreduce-client-jobclient/3.3.5/hadoop-mapreduce-client-jobclient-3.3.5.jar:/home/runner/.m2/repository/org/apache/hadoop/hadoop-mapreduce-client-common/3.3.5/hadoop-mapreduce-client-common-3.3.5.jar:/home/runner/.m2/repository/org/apache/hadoop/hadoop-yarn-common/3.3.5/hadoop-yarn-common-3.3.5.jar:/home/runner/.m2/repository/org/apache/hadoop/hadoop-yarn-api/3.3.5/hadoop-yarn-api-3.3.5.jar:/home/runner/.m2/repository/com/sun/jersey/contribs/jersey-guice/1.19/jersey-guice-1.19.jar:/home/runner/.m2/repository/com/fasterxml/jackson/jaxrs/jackson-jaxrs-json-provider/2.13.4/jackson-jaxrs-json-provider-2.13.4.jar:/home/runner/.m2/repository/com/fasterxml/jackson/jaxrs/jackson-jaxrs-base/2.13.4/jackson-jaxrs-base-2.13.4.jar:/home/runner/.m2/repository/org/apache/hadoop/hadoop-yarn-client/3.3.5/hadoop-yarn-client-3.3.5.jar:/home/runner/.m2/repository/org/eclipse/jetty/websocket/websocket-client/9.4.48.v20220622/websocket-client-9.4.48.v20220622.jar:/home/runner/.m2/repository/org/eclipse/jetty/websocket/websocket-common/9.4.48.v20220622/websocket-common-9.4.48.v20220622.jar:/home/runner/.m2/repository/org/eclipse/jetty/websocket/websocket-api/9.4.48.v20220622/websocket-api-9.4.48.v20220622.jar:/home/runner/.m2/repository/org/jline/jline/3.9.0/jline-3.9.0.jar:/home/runner/.m2/repository/org/apache/hadoop/hadoop-mapreduce-client-core/3.3.5/hadoop-mapreduce-client-core-3.3.5.jar:/home/runner/.m2/repository/org/apache/avro/avro/1.7.7/avro-1.7.7.jar:/home/runner/.m2/repository/com/thoughtworks/paranamer/paranamer/2.3/paranamer-2.3.jar:/home/runner/.m2/repository/org/apache/hadoop/hadoop-annotations/3.3.5/hadoop-annotations-3.3.5.jar:/usr/lib/jvm/temurin-8-jdk-amd64/jre/../lib/tools.jar:/home/runner/.m2/repository/io/netty/netty/3.10.6.Final/netty-3.10.6.Final.jar:/home/runner/.m2/repository/org/apache/hadoop/hadoop-distcp/3.3.5/hadoop-distcp-3.3.5-tests.jar:/home/runner/.m2/repository/org/slf4j/jul-to-slf4j/1.7.36/jul-to-slf4j-1.7.36.jar:"/>
    <property name="java.vm.vendor" value="Temurin"/>
    <property name="sun.arch.data.model" value="64"/>
    <property name="test.build.dir" value="/home/runner/work/ozone/ozone/hadoop-ozone/integration-test/target/test-dir"/>
    <property name="sun.security.krb5.debug" value="false"/>
    <property name="test.cache.data" value=""/>
    <property name="java.vendor.url" value="https://adoptium.net/"/>
    <property name="user.timezone" value="Etc/UTC"/>
    <property name="os.name" value="Linux"/>
    <property name="java.vm.specification.version" value="1.8"/>
    <property name="test.build.data" value="/home/runner/work/ozone/ozone/hadoop-ozone/integration-test/target/test-dir"/>
    <property name="sun.java.launcher" value="SUN_STANDARD"/>
    <property name="sun.boot.library.path" value="/usr/lib/jvm/temurin-8-jdk-amd64/jre/lib/amd64"/>
    <property name="sun.java.command" value="/home/runner/work/ozone/ozone/hadoop-ozone/integration-test/target/surefire/surefirebooter6243966342950467625.jar /home/runner/work/ozone/ozone/hadoop-ozone/integration-test/target/surefire 2023-06-17T00-34-34_266-jvmRun1 surefire4141833459729904075tmp surefire_125705567763606852704tmp"/>
    <property name="native.lib.tmp.dir" value="/tmp"/>
    <property name="surefire.test.class.path" value="/home/runner/work/ozone/ozone/hadoop-ozone/integration-test/target/test-classes:/home/runner/work/ozone/ozone/hadoop-ozone/integration-test/target/classes:/home/runner/.m2/repository/org/apache/ozone/ozone-common/1.4.0-SNAPSHOT/ozone-common-1.4.0-SNAPSHOT.jar:/home/runner/.m2/repository/io/grpc/grpc-netty/1.51.1/grpc-netty-1.51.1.jar:/home/runner/.m2/repository/io/grpc/grpc-core/1.51.1/grpc-core-1.51.1.jar:/home/runner/.m2/repository/com/google/android/annotations/4.1.1.4/annotations-4.1.1.4.jar:/home/runner/.m2/repository/org/codehaus/mojo/animal-sniffer-annotations/1.21/animal-sniffer-annotations-1.21.jar:/home/runner/.m2/repository/com/google/errorprone/error_prone_annotations/2.2.0/error_prone_annotations-2.2.0.jar:/home/runner/.m2/repository/io/perfmark/perfmark-api/0.25.0/perfmark-api-0.25.0.jar:/home/runner/.m2/repository/io/netty/netty-codec-http2/4.1.86.Final/netty-codec-http2-4.1.86.Final.jar:/home/runner/.m2/repository/io/netty/netty-common/4.1.86.Final/netty-common-4.1.86.Final.jar:/home/runner/.m2/repository/io/netty/netty-buffer/4.1.86.Final/netty-buffer-4.1.86.Final.jar:/home/runner/.m2/repository/io/netty/netty-codec-http/4.1.86.Final/netty-codec-http-4.1.86.Final.jar:/home/runner/.m2/repository/io/netty/netty-handler-proxy/4.1.86.Final/netty-handler-proxy-4.1.86.Final.jar:/home/runner/.m2/repository/io/netty/netty-codec-socks/4.1.86.Final/netty-codec-socks-4.1.86.Final.jar:/home/runner/.m2/repository/io/netty/netty-tcnative-boringssl-static/2.0.54.Final/netty-tcnative-boringssl-static-2.0.54.Final.jar:/home/runner/.m2/repository/io/netty/netty-tcnative-classes/2.0.54.Final/netty-tcnative-classes-2.0.54.Final.jar:/home/runner/.m2/repository/io/netty/netty-tcnative-boringssl-static/2.0.54.Final/netty-tcnative-boringssl-static-2.0.54.Final-linux-x86_64.jar:/home/runner/.m2/repository/io/netty/netty-tcnative-boringssl-static/2.0.54.Final/netty-tcnative-boringssl-static-2.0.54.Final-linux-aarch_64.jar:/home/runner/.m2/repository/io/netty/netty-tcnative-boringssl-static/2.0.54.Final/netty-tcnative-boringssl-static-2.0.54.Final-osx-x86_64.jar:/home/runner/.m2/repository/io/netty/netty-tcnative-boringssl-static/2.0.54.Final/netty-tcnative-boringssl-static-2.0.54.Final-osx-aarch_64.jar:/home/runner/.m2/repository/io/netty/netty-tcnative-boringssl-static/2.0.54.Final/netty-tcnative-boringssl-static-2.0.54.Final-windows-x86_64.jar:/home/runner/.m2/repository/org/apache/commons/commons-compress/1.21/commons-compress-1.21.jar:/home/runner/.m2/repository/org/apache/ozone/hdds-common/1.4.0-SNAPSHOT/hdds-common-1.4.0-SNAPSHOT.jar:/home/runner/.m2/repository/org/apache/ozone/hdds-client/1.4.0-SNAPSHOT/hdds-client-1.4.0-SNAPSHOT.jar:/home/runner/.m2/repository/org/apache/ozone/ozone-interface-client/1.4.0-SNAPSHOT/ozone-interface-client-1.4.0-SNAPSHOT.jar:/home/runner/.m2/repository/org/apache/hadoop/hadoop-hdfs-client/3.3.5/hadoop-hdfs-client-3.3.5.jar:/home/runner/.m2/repository/com/squareup/okhttp3/okhttp/4.9.3/okhttp-4.9.3.jar:/home/runner/.m2/repository/com/squareup/okio/okio/2.8.0/okio-2.8.0.jar:/home/runner/.m2/repository/org/jetbrains/kotlin/kotlin-stdlib-common/1.6.21/kotlin-stdlib-common-1.6.21.jar:/home/runner/.m2/repository/org/apache/ozone/hdds-test-utils/1.4.0-SNAPSHOT/hdds-test-utils-1.4.0-SNAPSHOT.jar:/home/runner/.m2/repository/com/google/guava/guava/31.1-jre/guava-31.1-jre.jar:/home/runner/.m2/repository/com/google/guava/failureaccess/1.0.1/failureaccess-1.0.1.jar:/home/runner/.m2/repository/com/google/guava/listenablefuture/9999.0-empty-to-avoid-conflict-with-guava/listenablefuture-9999.0-empty-to-avoid-conflict-with-guava.jar:/home/runner/.m2/repository/com/google/code/findbugs/jsr305/3.0.0/jsr305-3.0.0.jar:/home/runner/.m2/repository/org/checkerframework/checker-qual/3.12.0/checker-qual-3.12.0.jar:/home/runner/.m2/repository/com/google/j2objc/j2objc-annotations/1.3/j2objc-annotations-1.3.jar:/home/runner/.m2/repository/commons-io/commons-io/2.11.0/commons-io-2.11.0.jar:/home/runner/.m2/repository/commons-logging/commons-logging/1.2/commons-logging-1.2.jar:/home/runner/.m2/repository/ch/qos/reload4j/reload4j/1.2.22/reload4j-1.2.22.jar:/home/runner/.m2/repository/org/slf4j/slf4j-api/1.7.36/slf4j-api-1.7.36.jar:/home/runner/.m2/repository/org/apache/ozone/hdds-server-scm/1.4.0-SNAPSHOT/hdds-server-scm-1.4.0-SNAPSHOT.jar:/home/runner/.m2/repository/org/apache/ozone/hdds-container-service/1.4.0-SNAPSHOT/hdds-container-service-1.4.0-SNAPSHOT.jar:/home/runner/.m2/repository/org/apache/ozone/hdds-hadoop-dependency-server/1.4.0-SNAPSHOT/hdds-hadoop-dependency-server-1.4.0-SNAPSHOT.jar:/home/runner/.m2/repository/org/apache/hadoop/hadoop-hdfs/3.3.5/hadoop-hdfs-3.3.5.jar:/home/runner/.m2/repository/commons-daemon/commons-daemon/1.0.13/commons-daemon-1.0.13.jar:/home/runner/.m2/repository/org/apache/ozone/hdds-server-framework/1.4.0-SNAPSHOT/hdds-server-framework-1.4.0-SNAPSHOT.jar:/home/runner/.m2/repository/io/dropwizard/metrics/metrics-core/3.2.4/metrics-core-3.2.4.jar:/home/runner/.m2/repository/org/apache/commons/commons-text/1.10.0/commons-text-1.10.0.jar:/home/runner/.m2/repository/org/bouncycastle/bcprov-jdk15on/1.67/bcprov-jdk15on-1.67.jar:/home/runner/.m2/repository/com/google/protobuf/protobuf-java/2.5.0/protobuf-java-2.5.0.jar:/home/runner/.m2/repository/org/apache/ozone/hdds-server-framework/1.4.0-SNAPSHOT/hdds-server-framework-1.4.0-SNAPSHOT-tests.jar:/home/runner/.m2/repository/org/apache/ozone/hdds-interface-server/1.4.0-SNAPSHOT/hdds-interface-server-1.4.0-SNAPSHOT.jar:/home/runner/.m2/repository/org/apache/ozone/hdds-interface-admin/1.4.0-SNAPSHOT/hdds-interface-admin-1.4.0-SNAPSHOT.jar:/home/runner/.m2/repository/org/apache/ozone/hdds-managed-rocksdb/1.4.0-SNAPSHOT/hdds-managed-rocksdb-1.4.0-SNAPSHOT.jar:/home/runner/.m2/repository/org/rocksdb/rocksdbjni/7.7.3/rocksdbjni-7.7.3.jar:/home/runner/.m2/repository/org/slf4j/slf4j-reload4j/1.7.36/slf4j-reload4j-1.7.36.jar:/home/runner/.m2/repository/org/apache/commons/commons-configuration2/2.1.1/commons-configuration2-2.1.1.jar:/home/runner/.m2/repository/org/apache/logging/log4j/log4j-core/2.17.1/log4j-core-2.17.1.jar:/home/runner/.m2/repository/com/lmax/disruptor/3.4.2/disruptor-3.4.2.jar:/home/runner/.m2/repository/org/eclipse/jetty/jetty-util/9.4.51.v20230217/jetty-util-9.4.51.v20230217.jar:/home/runner/.m2/repository/org/eclipse/jetty/jetty-server/9.4.51.v20230217/jetty-server-9.4.51.v20230217.jar:/home/runner/.m2/repository/org/eclipse/jetty/jetty-http/9.4.51.v20230217/jetty-http-9.4.51.v20230217.jar:/home/runner/.m2/repository/org/eclipse/jetty/jetty-io/9.4.51.v20230217/jetty-io-9.4.51.v20230217.jar:/home/runner/.m2/repository/org/eclipse/jetty/jetty-servlet/9.4.51.v20230217/jetty-servlet-9.4.51.v20230217.jar:/home/runner/.m2/repository/org/eclipse/jetty/jetty-security/9.4.51.v20230217/jetty-security-9.4.51.v20230217.jar:/home/runner/.m2/repository/org/eclipse/jetty/jetty-util-ajax/9.4.51.v20230217/jetty-util-ajax-9.4.51.v20230217.jar:/home/runner/.m2/repository/org/eclipse/jetty/jetty-webapp/9.4.51.v20230217/jetty-webapp-9.4.51.v20230217.jar:/home/runner/.m2/repository/org/eclipse/jetty/jetty-xml/9.4.51.v20230217/jetty-xml-9.4.51.v20230217.jar:/home/runner/.m2/repository/org/apache/ratis/ratis-server/2.5.1/ratis-server-2.5.1.jar:/home/runner/.m2/repository/org/apache/ratis/ratis-thirdparty-misc/1.0.4/ratis-thirdparty-misc-1.0.4.jar:/home/runner/.m2/repository/org/apache/ratis/ratis-proto/2.5.1/ratis-proto-2.5.1.jar:/home/runner/.m2/repository/org/apache/ratis/ratis-common/2.5.1/ratis-common-2.5.1.jar:/home/runner/.m2/repository/org/apache/ratis/ratis-client/2.5.1/ratis-client-2.5.1.jar:/home/runner/.m2/repository/org/apache/ratis/ratis-server-api/2.5.1/ratis-server-api-2.5.1.jar:/home/runner/.m2/repository/org/apache/ratis/ratis-metrics/2.5.1/ratis-metrics-2.5.1.jar:/home/runner/.m2/repository/io/prometheus/simpleclient_dropwizard/0.7.0/simpleclient_dropwizard-0.7.0.jar:/home/runner/.m2/repository/io/prometheus/simpleclient/0.7.0/simpleclient-0.7.0.jar:/home/runner/.m2/repository/io/prometheus/simpleclient_common/0.7.0/simpleclient_common-0.7.0.jar:/home/runner/.m2/repository/com/fasterxml/jackson/datatype/jackson-datatype-jsr310/2.13.4/jackson-datatype-jsr310-2.13.4.jar:/home/runner/.m2/repository/com/fasterxml/jackson/core/jackson-core/2.13.4/jackson-core-2.13.4.jar:/home/runner/.m2/repository/com/github/spotbugs/spotbugs-annotations/3.1.12/spotbugs-annotations-3.1.12.jar:/home/runner/.m2/repository/org/apache/ozone/rocksdb-checkpoint-differ/1.4.0-SNAPSHOT/rocksdb-checkpoint-differ-1.4.0-SNAPSHOT.jar:/home/runner/.m2/repository/org/awaitility/awaitility/4.2.0/awaitility-4.2.0.jar:/home/runner/.m2/repository/org/hamcrest/hamcrest/2.1/hamcrest-2.1.jar:/home/runner/.m2/repository/org/apache/ozone/ozone-manager/1.4.0-SNAPSHOT/ozone-manager-1.4.0-SNAPSHOT.jar:/home/runner/.m2/repository/org/aspectj/aspectjrt/1.9.7/aspectjrt-1.9.7.jar:/home/runner/.m2/repository/org/aspectj/aspectjweaver/1.9.7/aspectjweaver-1.9.7.jar:/home/runner/.m2/repository/org/apache/ozone/hdds-interface-client/1.4.0-SNAPSHOT/hdds-interface-client-1.4.0-SNAPSHOT.jar:/home/runner/.m2/repository/org/apache/hadoop/thirdparty/hadoop-shaded-protobuf_3_7/1.1.1/hadoop-shaded-protobuf_3_7-1.1.1.jar:/home/runner/.m2/repository/org/apache/ozone/ozone-interface-storage/1.4.0-SNAPSHOT/ozone-interface-storage-1.4.0-SNAPSHOT.jar:/home/runner/.m2/repository/org/reflections/reflections/0.9.11/reflections-0.9.11.jar:/home/runner/.m2/repository/com/sun/jersey/jersey-client/1.19/jersey-client-1.19.jar:/home/runner/.m2/repository/org/codehaus/jackson/jackson-core-asl/1.9.13/jackson-core-asl-1.9.13.jar:/home/runner/.m2/repository/org/codehaus/jackson/jackson-mapper-asl/1.9.13/jackson-mapper-asl-1.9.13.jar:/home/runner/.m2/repository/org/codehaus/jackson/jackson-jaxrs/1.9.13/jackson-jaxrs-1.9.13.jar:/home/runner/.m2/repository/org/apache/ranger/ranger-intg/2.3.0/ranger-intg-2.3.0.jar:/home/runner/.m2/repository/org/apache/ranger/ranger-plugins-common/2.3.0/ranger-plugins-common-2.3.0.jar:/home/runner/.m2/repository/commons-lang/commons-lang/2.6/commons-lang-2.6.jar:/home/runner/.m2/repository/org/apache/ranger/ranger-plugins-cred/2.3.0/ranger-plugins-cred-2.3.0.jar:/home/runner/.m2/repository/org/apache/ranger/ranger-plugins-audit/2.3.0/ranger-plugins-audit-2.3.0.jar:/home/runner/.m2/repository/org/eclipse/jetty/jetty-client/9.4.51.v20230217/jetty-client-9.4.51.v20230217.jar:/home/runner/.m2/repository/org/apache/httpcomponents/httpmime/4.5.6/httpmime-4.5.6.jar:/home/runner/.m2/repository/org/apache/httpcomponents/httpcore-nio/4.4.13/httpcore-nio-4.4.13.jar:/home/runner/.m2/repository/org/apache/httpcomponents/httpasyncclient/4.1.3/httpasyncclient-4.1.3.jar:/home/runner/.m2/repository/com/carrotsearch/hppc/0.8.0/hppc-0.8.0.jar:/home/runner/.m2/repository/org/apache/orc/orc-core/1.5.8/orc-core-1.5.8.jar:/home/runner/.m2/repository/net/java/dev/jna/jna/5.2.0/jna-5.2.0.jar:/home/runner/.m2/repository/net/java/dev/jna/jna-platform/5.2.0/jna-platform-5.2.0.jar:/home/runner/.m2/repository/com/kstruct/gethostname4j/0.0.2/gethostname4j-0.0.2.jar:/home/runner/.m2/repository/org/apache/ranger/ranger-plugin-classloader/2.3.0/ranger-plugin-classloader-2.3.0.jar:/home/runner/.m2/repository/org/apache/ozone/hdds-rocks-native/1.4.0-SNAPSHOT/hdds-rocks-native-1.4.0-SNAPSHOT.jar:/home/runner/.m2/repository/org/apache/hadoop/hadoop-minikdc/3.3.5/hadoop-minikdc-3.3.5.jar:/home/runner/.m2/repository/org/apache/kerby/kerb-simplekdc/1.0.1/kerb-simplekdc-1.0.1.jar:/home/runner/.m2/repository/org/apache/kerby/kerb-client/1.0.1/kerb-client-1.0.1.jar:/home/runner/.m2/repository/org/apache/kerby/kerby-config/1.0.1/kerby-config-1.0.1.jar:/home/runner/.m2/repository/org/apache/kerby/kerb-common/1.0.1/kerb-common-1.0.1.jar:/home/runner/.m2/repository/org/apache/kerby/kerb-crypto/1.0.1/kerb-crypto-1.0.1.jar:/home/runner/.m2/repository/org/apache/kerby/kerb-util/1.0.1/kerb-util-1.0.1.jar:/home/runner/.m2/repository/org/apache/kerby/token-provider/1.0.1/token-provider-1.0.1.jar:/home/runner/.m2/repository/org/apache/kerby/kerb-admin/1.0.1/kerb-admin-1.0.1.jar:/home/runner/.m2/repository/org/apache/kerby/kerb-server/1.0.1/kerb-server-1.0.1.jar:/home/runner/.m2/repository/org/apache/kerby/kerb-identity/1.0.1/kerb-identity-1.0.1.jar:/home/runner/.m2/repository/org/apache/kerby/kerby-xdr/1.0.1/kerby-xdr-1.0.1.jar:/home/runner/.m2/repository/org/apache/ozone/ozone-s3gateway/1.4.0-SNAPSHOT/ozone-s3gateway-1.4.0-SNAPSHOT.jar:/home/runner/.m2/repository/org/javassist/javassist/3.21.0-GA/javassist-3.21.0-GA.jar:/home/runner/.m2/repository/org/jboss/weld/servlet/weld-servlet-shaded/3.1.9.Final/weld-servlet-shaded-3.1.9.Final.jar:/home/runner/.m2/repository/org/glassfish/jersey/containers/jersey-container-servlet-core/2.34/jersey-container-servlet-core-2.34.jar:/home/runner/.m2/repository/org/glassfish/hk2/external/jakarta.inject/2.6.1/jakarta.inject-2.6.1.jar:/home/runner/.m2/repository/org/glassfish/jersey/core/jersey-common/2.34/jersey-common-2.34.jar:/home/runner/.m2/repository/jakarta/ws/rs/jakarta.ws.rs-api/2.1.6/jakarta.ws.rs-api-2.1.6.jar:/home/runner/.m2/repository/org/glassfish/jersey/ext/cdi/jersey-cdi1x/2.34/jersey-cdi1x-2.34.jar:/home/runner/.m2/repository/org/glassfish/jersey/inject/jersey-hk2/2.34/jersey-hk2-2.34.jar:/home/runner/.m2/repository/org/glassfish/hk2/hk2-locator/2.6.1/hk2-locator-2.6.1.jar:/home/runner/.m2/repository/org/glassfish/jersey/media/jersey-media-jaxb/2.34/jersey-media-jaxb-2.34.jar:/home/runner/.m2/repository/org/glassfish/hk2/osgi-resource-locator/1.0.3/osgi-resource-locator-1.0.3.jar:/home/runner/.m2/repository/org/glassfish/hk2/hk2-api/2.5.0/hk2-api-2.5.0.jar:/home/runner/.m2/repository/org/glassfish/hk2/hk2-utils/2.5.0/hk2-utils-2.5.0.jar:/home/runner/.m2/repository/org/glassfish/hk2/external/aopalliance-repackaged/2.5.0/aopalliance-repackaged-2.5.0.jar:/home/runner/.m2/repository/com/fasterxml/jackson/dataformat/jackson-dataformat-xml/2.13.4/jackson-dataformat-xml-2.13.4.jar:/home/runner/.m2/repository/org/codehaus/woodstox/stax2-api/4.2.1/stax2-api-4.2.1.jar:/home/runner/.m2/repository/com/fasterxml/woodstox/woodstox-core/5.4.0/woodstox-core-5.4.0.jar:/home/runner/.m2/repository/com/fasterxml/jackson/module/jackson-module-jaxb-annotations/2.13.4/jackson-module-jaxb-annotations-2.13.4.jar:/home/runner/.m2/repository/jakarta/xml/bind/jakarta.xml.bind-api/2.3.3/jakarta.xml.bind-api-2.3.3.jar:/home/runner/.m2/repository/jakarta/activation/jakarta.activation-api/1.2.2/jakarta.activation-api-1.2.2.jar:/home/runner/.m2/repository/javax/enterprise/cdi-api/2.0/cdi-api-2.0.jar:/home/runner/.m2/repository/javax/el/javax.el-api/3.0.0/javax.el-api-3.0.0.jar:/home/runner/.m2/repository/javax/interceptor/javax.interceptor-api/1.2/javax.interceptor-api-1.2.jar:/home/runner/.m2/repository/javax/inject/javax.inject/1/javax.inject-1.jar:/home/runner/.m2/repository/javax/xml/bind/jaxb-api/2.3.0/jaxb-api-2.3.0.jar:/home/runner/.m2/repository/org/glassfish/jaxb/jaxb-runtime/2.3.0.1/jaxb-runtime-2.3.0.1.jar:/home/runner/.m2/repository/org/glassfish/jaxb/jaxb-core/2.3.0.1/jaxb-core-2.3.0.1.jar:/home/runner/.m2/repository/org/glassfish/jaxb/txw2/2.3.0.1/txw2-2.3.0.1.jar:/home/runner/.m2/repository/com/sun/istack/istack-commons-runtime/3.0.5/istack-commons-runtime-3.0.5.jar:/home/runner/.m2/repository/org/jvnet/staxex/stax-ex/1.7.8/stax-ex-1.7.8.jar:/home/runner/.m2/repository/com/sun/xml/fastinfoset/FastInfoset/1.2.13/FastInfoset-1.2.13.jar:/home/runner/.m2/repository/javax/activation/activation/1.1.1/activation-1.1.1.jar:/home/runner/.m2/repository/io/grpc/grpc-protobuf/1.51.1/grpc-protobuf-1.51.1.jar:/home/runner/.m2/repository/com/google/api/grpc/proto-google-common-protos/2.9.0/proto-google-common-protos-2.9.0.jar:/home/runner/.m2/repository/io/grpc/grpc-protobuf-lite/1.51.1/grpc-protobuf-lite-1.51.1.jar:/home/runner/.m2/repository/io/grpc/grpc-stub/1.51.1/grpc-stub-1.51.1.jar:/home/runner/.m2/repository/io/netty/netty-transport/4.1.86.Final/netty-transport-4.1.86.Final.jar:/home/runner/.m2/repository/io/netty/netty-resolver/4.1.86.Final/netty-resolver-4.1.86.Final.jar:/home/runner/.m2/repository/org/apache/ozone/ozone-csi/1.4.0-SNAPSHOT/ozone-csi-1.4.0-SNAPSHOT.jar:/home/runner/.m2/repository/com/google/protobuf/protobuf-java-util/3.19.6/protobuf-java-util-3.19.6.jar:/home/runner/.m2/repository/com/google/code/gson/gson/2.9.0/gson-2.9.0.jar:/home/runner/.m2/repository/org/apache/ozone/hdds-config/1.4.0-SNAPSHOT/hdds-config-1.4.0-SNAPSHOT.jar:/home/runner/.m2/repository/io/netty/netty-transport-native-epoll/4.1.86.Final/netty-transport-native-epoll-4.1.86.Final-linux-x86_64.jar:/home/runner/.m2/repository/io/netty/netty-transport-classes-epoll/4.1.86.Final/netty-transport-classes-epoll-4.1.86.Final.jar:/home/runner/.m2/repository/io/netty/netty-transport-native-unix-common/4.1.86.Final/netty-transport-native-unix-common-4.1.86.Final.jar:/home/runner/.m2/repository/org/apache/ozone/ozone-recon/1.4.0-SNAPSHOT/ozone-recon-1.4.0-SNAPSHOT.jar:/home/runner/.m2/repository/org/apache/ozone/ozone-reconcodegen/1.4.0-SNAPSHOT/ozone-reconcodegen-1.4.0-SNAPSHOT.jar:/home/runner/.m2/repository/com/google/inject/guice/5.1.0/guice-5.1.0.jar:/home/runner/.m2/repository/aopalliance/aopalliance/1.0/aopalliance-1.0.jar:/home/runner/.m2/repository/com/google/inject/extensions/guice-assistedinject/5.1.0/guice-assistedinject-5.1.0.jar:/home/runner/.m2/repository/com/google/inject/extensions/guice-servlet/5.1.0/guice-servlet-5.1.0.jar:/home/runner/.m2/repository/org/glassfish/jersey/containers/jersey-container-servlet/2.34/jersey-container-servlet-2.34.jar:/home/runner/.m2/repository/org/glassfish/hk2/guice-bridge/2.5.0/guice-bridge-2.5.0.jar:/home/runner/.m2/repository/org/glassfish/jersey/core/jersey-server/2.34/jersey-server-2.34.jar:/home/runner/.m2/repository/org/glassfish/jersey/core/jersey-client/2.34/jersey-client-2.34.jar:/home/runner/.m2/repository/jakarta/annotation/jakarta.annotation-api/1.3.5/jakarta.annotation-api-1.3.5.jar:/home/runner/.m2/repository/jakarta/validation/jakarta.validation-api/2.0.2/jakarta.validation-api-2.0.2.jar:/home/runner/.m2/repository/org/glassfish/jersey/media/jersey-media-json-jackson/2.34/jersey-media-json-jackson-2.34.jar:/home/runner/.m2/repository/org/glassfish/jersey/ext/jersey-entity-filtering/2.34/jersey-entity-filtering-2.34.jar:/home/runner/.m2/repository/org/jooq/jooq/3.11.10/jooq-3.11.10.jar:/home/runner/.m2/repository/org/jooq/jooq-meta/3.11.10/jooq-meta-3.11.10.jar:/home/runner/.m2/repository/org/jooq/jooq-codegen/3.11.10/jooq-codegen-3.11.10.jar:/home/runner/.m2/repository/com/jolbox/bonecp/0.8.0.RELEASE/bonecp-0.8.0.RELEASE.jar:/home/runner/.m2/repository/org/apache/derby/derby/10.14.2.0/derby-10.14.2.0.jar:/home/runner/.m2/repository/org/xerial/sqlite-jdbc/3.41.2.2/sqlite-jdbc-3.41.2.2.jar:/home/runner/.m2/repository/org/springframework/spring-jdbc/5.3.27/spring-jdbc-5.3.27.jar:/home/runner/.m2/repository/org/springframework/spring-beans/5.3.27/spring-beans-5.3.27.jar:/home/runner/.m2/repository/org/springframework/spring-core/5.3.27/spring-core-5.3.27.jar:/home/runner/.m2/repository/org/springframework/spring-tx/5.3.27/spring-tx-5.3.27.jar:/home/runner/.m2/repository/org/apache/ozone/ozone-client/1.4.0-SNAPSHOT/ozone-client-1.4.0-SNAPSHOT.jar:/home/runner/.m2/repository/org/apache/ozone/hdds-erasurecode/1.4.0-SNAPSHOT/hdds-erasurecode-1.4.0-SNAPSHOT.jar:/home/runner/.m2/repository/org/apache/ozone/ozone-filesystem/1.4.0-SNAPSHOT/ozone-filesystem-1.4.0-SNAPSHOT.jar:/home/runner/.m2/repository/org/apache/ozone/ozone-filesystem-common/1.4.0-SNAPSHOT/ozone-filesystem-common-1.4.0-SNAPSHOT.jar:/home/runner/.m2/repository/org/apache/ozone/ozone-tools/1.4.0-SNAPSHOT/ozone-tools-1.4.0-SNAPSHOT.jar:/home/runner/.m2/repository/com/amazonaws/aws-java-sdk-core/1.12.261/aws-java-sdk-core-1.12.261.jar:/home/runner/.m2/repository/org/apache/httpcomponents/httpclient/4.5.13/httpclient-4.5.13.jar:/home/runner/.m2/repository/org/apache/httpcomponents/httpcore/4.4.13/httpcore-4.4.13.jar:/home/runner/.m2/repository/software/amazon/ion/ion-java/1.0.2/ion-java-1.0.2.jar:/home/runner/.m2/repository/com/fasterxml/jackson/dataformat/jackson-dataformat-cbor/2.13.4/jackson-dataformat-cbor-2.13.4.jar:/home/runner/.m2/repository/joda-time/joda-time/2.10.6/joda-time-2.10.6.jar:/home/runner/.m2/repository/com/amazonaws/aws-java-sdk-s3/1.12.261/aws-java-sdk-s3-1.12.261.jar:/home/runner/.m2/repository/com/amazonaws/aws-java-sdk-kms/1.12.261/aws-java-sdk-kms-1.12.261.jar:/home/runner/.m2/repository/com/amazonaws/jmespath-java/1.12.261/jmespath-java-1.12.261.jar:/home/runner/.m2/repository/org/kohsuke/metainf-services/metainf-services/1.8/metainf-services-1.8.jar:/home/runner/.m2/repository/org/apache/ozone/hdds-tools/1.4.0-SNAPSHOT/hdds-tools-1.4.0-SNAPSHOT.jar:/home/runner/.m2/repository/org/apache/ratis/ratis-tools/2.5.1/ratis-tools-2.5.1.jar:/home/runner/.m2/repository/commons-cli/commons-cli/1.2/commons-cli-1.2.jar:/home/runner/.m2/repository/org/apache/commons/commons-lang3/3.7/commons-lang3-3.7.jar:/home/runner/.m2/repository/org/apache/ozone/ozone-manager/1.4.0-SNAPSHOT/ozone-manager-1.4.0-SNAPSHOT-tests.jar:/home/runner/.m2/repository/org/apache/ozone/hdds-common/1.4.0-SNAPSHOT/hdds-common-1.4.0-SNAPSHOT-tests.jar:/home/runner/.m2/repository/org/apache/ozone/hdds-hadoop-dependency-client/1.4.0-SNAPSHOT/hdds-hadoop-dependency-client-1.4.0-SNAPSHOT.jar:/home/runner/.m2/repository/info/picocli/picocli/4.6.1/picocli-4.6.1.jar:/home/runner/.m2/repository/com/fasterxml/jackson/core/jackson-annotations/2.13.4/jackson-annotations-2.13.4.jar:/home/runner/.m2/repository/org/apache/ozone/hdds-annotation-processing/1.4.0-SNAPSHOT/hdds-annotation-processing-1.4.0-SNAPSHOT.jar:/home/runner/.m2/repository/javax/annotation/javax.annotation-api/1.2/javax.annotation-api-1.2.jar:/home/runner/.m2/repository/org/apache/ratis/ratis-netty/2.5.1/ratis-netty-2.5.1.jar:/home/runner/.m2/repository/org/apache/ratis/ratis-grpc/2.5.1/ratis-grpc-2.5.1.jar:/home/runner/.m2/repository/org/apache/logging/log4j/log4j-api/2.17.1/log4j-api-2.17.1.jar:/home/runner/.m2/repository/org/apache/commons/commons-pool2/2.6.0/commons-pool2-2.6.0.jar:/home/runner/.m2/repository/org/bouncycastle/bcpkix-jdk15on/1.67/bcpkix-jdk15on-1.67.jar:/home/runner/.m2/repository/commons-validator/commons-validator/1.6/commons-validator-1.6.jar:/home/runner/.m2/repository/commons-beanutils/commons-beanutils/1.9.4/commons-beanutils-1.9.4.jar:/home/runner/.m2/repository/commons-digester/commons-digester/1.8.1/commons-digester-1.8.1.jar:/home/runner/.m2/repository/commons-collections/commons-collections/3.2.2/commons-collections-3.2.2.jar:/home/runner/.m2/repository/io/jaegertracing/jaeger-client/1.6.0/jaeger-client-1.6.0.jar:/home/runner/.m2/repository/io/jaegertracing/jaeger-thrift/1.6.0/jaeger-thrift-1.6.0.jar:/home/runner/.m2/repository/org/apache/thrift/libthrift/0.14.1/libthrift-0.14.1.jar:/home/runner/.m2/repository/io/jaegertracing/jaeger-core/1.6.0/jaeger-core-1.6.0.jar:/home/runner/.m2/repository/io/jaegertracing/jaeger-tracerresolver/1.6.0/jaeger-tracerresolver-1.6.0.jar:/home/runner/.m2/repository/io/opentracing/contrib/opentracing-tracerresolver/0.1.8/opentracing-tracerresolver-0.1.8.jar:/home/runner/.m2/repository/org/jetbrains/kotlin/kotlin-stdlib/1.6.21/kotlin-stdlib-1.6.21.jar:/home/runner/.m2/repository/org/jetbrains/annotations/13.0/annotations-13.0.jar:/home/runner/.m2/repository/io/opentracing/opentracing-util/0.33.0/opentracing-util-0.33.0.jar:/home/runner/.m2/repository/io/opentracing/opentracing-api/0.33.0/opentracing-api-0.33.0.jar:/home/runner/.m2/repository/io/opentracing/opentracing-noop/0.33.0/opentracing-noop-0.33.0.jar:/home/runner/.m2/repository/org/yaml/snakeyaml/2.0/snakeyaml-2.0.jar:/home/runner/.m2/repository/io/grpc/grpc-api/1.51.1/grpc-api-1.51.1.jar:/home/runner/.m2/repository/io/grpc/grpc-context/1.51.1/grpc-context-1.51.1.jar:/home/runner/.m2/repository/junit/junit/4.13.1/junit-4.13.1.jar:/home/runner/.m2/repository/org/hamcrest/hamcrest-core/1.3/hamcrest-core-1.3.jar:/home/runner/.m2/repository/org/junit/jupiter/junit-jupiter-api/5.8.2/junit-jupiter-api-5.8.2.jar:/home/runner/.m2/repository/org/opentest4j/opentest4j/1.2.0/opentest4j-1.2.0.jar:/home/runner/.m2/repository/org/junit/platform/junit-platform-commons/1.8.2/junit-platform-commons-1.8.2.jar:/home/runner/.m2/repository/org/apiguardian/apiguardian-api/1.1.2/apiguardian-api-1.1.2.jar:/home/runner/.m2/repository/org/junit/jupiter/junit-jupiter-params/5.8.2/junit-jupiter-params-5.8.2.jar:/home/runner/.m2/repository/org/junit/jupiter/junit-jupiter-migrationsupport/5.8.2/junit-jupiter-migrationsupport-5.8.2.jar:/home/runner/.m2/repository/org/junit/jupiter/junit-jupiter-engine/5.8.2/junit-jupiter-engine-5.8.2.jar:/home/runner/.m2/repository/org/junit/platform/junit-platform-engine/1.8.2/junit-platform-engine-1.8.2.jar:/home/runner/.m2/repository/org/junit/vintage/junit-vintage-engine/5.8.2/junit-vintage-engine-5.8.2.jar:/home/runner/.m2/repository/org/junit/platform/junit-platform-launcher/1.8.2/junit-platform-launcher-1.8.2.jar:/home/runner/.m2/repository/org/mockito/mockito-core/3.5.9/mockito-core-3.5.9.jar:/home/runner/.m2/repository/net/bytebuddy/byte-buddy/1.10.13/byte-buddy-1.10.13.jar:/home/runner/.m2/repository/net/bytebuddy/byte-buddy-agent/1.10.13/byte-buddy-agent-1.10.13.jar:/home/runner/.m2/repository/org/objenesis/objenesis/1.0/objenesis-1.0.jar:/home/runner/.m2/repository/org/apache/hadoop/hadoop-kms/3.3.5/hadoop-kms-3.3.5.jar:/home/runner/.m2/repository/org/apache/hadoop/hadoop-auth/3.3.5/hadoop-auth-3.3.5.jar:/home/runner/.m2/repository/com/nimbusds/nimbus-jose-jwt/9.8.1/nimbus-jose-jwt-9.8.1.jar:/home/runner/.m2/repository/com/github/stephenc/jcip/jcip-annotations/1.0-1/jcip-annotations-1.0-1.jar:/home/runner/.m2/repository/net/minidev/json-smart/2.4.7/json-smart-2.4.7.jar:/home/runner/.m2/repository/net/minidev/accessors-smart/2.4.7/accessors-smart-2.4.7.jar:/home/runner/.m2/repository/org/ow2/asm/asm/5.0.4/asm-5.0.4.jar:/home/runner/.m2/repository/org/apache/zookeeper/zookeeper/3.5.6/zookeeper-3.5.6.jar:/home/runner/.m2/repository/org/apache/zookeeper/zookeeper-jute/3.5.6/zookeeper-jute-3.5.6.jar:/home/runner/.m2/repository/org/apache/yetus/audience-annotations/0.5.0/audience-annotations-0.5.0.jar:/home/runner/.m2/repository/org/apache/curator/curator-framework/4.2.0/curator-framework-4.2.0.jar:/home/runner/.m2/repository/org/apache/hadoop/thirdparty/hadoop-shaded-guava/1.1.1/hadoop-shaded-guava-1.1.1.jar:/home/runner/.m2/repository/com/sun/jersey/jersey-core/1.19/jersey-core-1.19.jar:/home/runner/.m2/repository/javax/ws/rs/jsr311-api/1.1.1/jsr311-api-1.1.1.jar:/home/runner/.m2/repository/com/sun/jersey/jersey-server/1.19/jersey-server-1.19.jar:/home/runner/.m2/repository/javax/servlet/javax.servlet-api/3.1.0/javax.servlet-api-3.1.0.jar:/home/runner/.m2/repository/org/apache/hadoop/hadoop-common/3.3.5/hadoop-common-3.3.5.jar:/home/runner/.m2/repository/org/apache/commons/commons-math3/3.1.1/commons-math3-3.1.1.jar:/home/runner/.m2/repository/commons-net/commons-net/3.9.0/commons-net-3.9.0.jar:/home/runner/.m2/repository/com/sun/jersey/jersey-servlet/1.19/jersey-servlet-1.19.jar:/home/runner/.m2/repository/com/github/pjfanning/jersey-json/1.20/jersey-json-1.20.jar:/home/runner/.m2/repository/org/codehaus/jettison/jettison/1.1/jettison-1.1.jar:/home/runner/.m2/repository/com/sun/xml/bind/jaxb-impl/2.2.3-1/jaxb-impl-2.2.3-1.jar:/home/runner/.m2/repository/com/google/re2j/re2j/1.1/re2j-1.1.jar:/home/runner/.m2/repository/com/jcraft/jsch/0.1.54/jsch-0.1.54.jar:/home/runner/.m2/repository/org/apache/curator/curator-client/4.2.0/curator-client-4.2.0.jar:/home/runner/.m2/repository/org/apache/curator/curator-recipes/4.2.0/curator-recipes-4.2.0.jar:/home/runner/.m2/repository/org/apache/kerby/kerb-core/1.0.1/kerb-core-1.0.1.jar:/home/runner/.m2/repository/org/apache/kerby/kerby-pkix/1.0.1/kerby-pkix-1.0.1.jar:/home/runner/.m2/repository/org/apache/kerby/kerby-asn1/1.0.1/kerby-asn1-1.0.1.jar:/home/runner/.m2/repository/org/apache/kerby/kerby-util/1.0.1/kerby-util-1.0.1.jar:/home/runner/.m2/repository/dnsjava/dnsjava/2.1.7/dnsjava-2.1.7.jar:/home/runner/.m2/repository/org/xerial/snappy/snappy-java/1.1.8.2/snappy-java-1.1.8.2.jar:/home/runner/.m2/repository/com/fasterxml/jackson/core/jackson-databind/2.13.4.2/jackson-databind-2.13.4.2.jar:/home/runner/.m2/repository/org/apache/hadoop/hadoop-kms/3.3.5/hadoop-kms-3.3.5-tests.jar:/home/runner/.m2/repository/org/apache/ozone/hdds-server-scm/1.4.0-SNAPSHOT/hdds-server-scm-1.4.0-SNAPSHOT-tests.jar:/home/runner/.m2/repository/org/apache/ozone/hdds-container-service/1.4.0-SNAPSHOT/hdds-container-service-1.4.0-SNAPSHOT-tests.jar:/home/runner/.m2/repository/com/github/luben/zstd-jni/1.5.2-5/zstd-jni-1.5.2-5.jar:/home/runner/.m2/repository/commons-codec/commons-codec/1.15/commons-codec-1.15.jar:/home/runner/.m2/repository/io/netty/netty-codec/4.1.86.Final/netty-codec-4.1.86.Final.jar:/home/runner/.m2/repository/io/netty/netty-handler/4.1.86.Final/netty-handler-4.1.86.Final.jar:/home/runner/.m2/repository/org/apache/ozone/hdds-hadoop-dependency-test/1.4.0-SNAPSHOT/hdds-hadoop-dependency-test-1.4.0-SNAPSHOT.jar:/home/runner/.m2/repository/org/apache/hadoop/hadoop-common/3.3.5/hadoop-common-3.3.5-tests.jar:/home/runner/.m2/repository/org/apache/hadoop/hadoop-hdfs/3.3.5/hadoop-hdfs-3.3.5-tests.jar:/home/runner/.m2/repository/org/assertj/assertj-core/3.12.2/assertj-core-3.12.2.jar:/home/runner/.m2/repository/org/apache/hadoop/hadoop-distcp/3.3.5/hadoop-distcp-3.3.5.jar:/home/runner/.m2/repository/org/apache/hadoop/hadoop-mapreduce-client-jobclient/3.3.5/hadoop-mapreduce-client-jobclient-3.3.5.jar:/home/runner/.m2/repository/org/apache/hadoop/hadoop-mapreduce-client-common/3.3.5/hadoop-mapreduce-client-common-3.3.5.jar:/home/runner/.m2/repository/org/apache/hadoop/hadoop-yarn-common/3.3.5/hadoop-yarn-common-3.3.5.jar:/home/runner/.m2/repository/org/apache/hadoop/hadoop-yarn-api/3.3.5/hadoop-yarn-api-3.3.5.jar:/home/runner/.m2/repository/com/sun/jersey/contribs/jersey-guice/1.19/jersey-guice-1.19.jar:/home/runner/.m2/repository/com/fasterxml/jackson/jaxrs/jackson-jaxrs-json-provider/2.13.4/jackson-jaxrs-json-provider-2.13.4.jar:/home/runner/.m2/repository/com/fasterxml/jackson/jaxrs/jackson-jaxrs-base/2.13.4/jackson-jaxrs-base-2.13.4.jar:/home/runner/.m2/repository/org/apache/hadoop/hadoop-yarn-client/3.3.5/hadoop-yarn-client-3.3.5.jar:/home/runner/.m2/repository/org/eclipse/jetty/websocket/websocket-client/9.4.48.v20220622/websocket-client-9.4.48.v20220622.jar:/home/runner/.m2/repository/org/eclipse/jetty/websocket/websocket-common/9.4.48.v20220622/websocket-common-9.4.48.v20220622.jar:/home/runner/.m2/repository/org/eclipse/jetty/websocket/websocket-api/9.4.48.v20220622/websocket-api-9.4.48.v20220622.jar:/home/runner/.m2/repository/org/jline/jline/3.9.0/jline-3.9.0.jar:/home/runner/.m2/repository/org/apache/hadoop/hadoop-mapreduce-client-core/3.3.5/hadoop-mapreduce-client-core-3.3.5.jar:/home/runner/.m2/repository/org/apache/avro/avro/1.7.7/avro-1.7.7.jar:/home/runner/.m2/repository/com/thoughtworks/paranamer/paranamer/2.3/paranamer-2.3.jar:/home/runner/.m2/repository/org/apache/hadoop/hadoop-annotations/3.3.5/hadoop-annotations-3.3.5.jar:/usr/lib/jvm/temurin-8-jdk-amd64/jre/../lib/tools.jar:/home/runner/.m2/repository/io/netty/netty/3.10.6.Final/netty-3.10.6.Final.jar:/home/runner/.m2/repository/org/apache/hadoop/hadoop-distcp/3.3.5/hadoop-distcp-3.3.5-tests.jar:/home/runner/.m2/repository/org/slf4j/jul-to-slf4j/1.7.36/jul-to-slf4j-1.7.36.jar:"/>
    <property name="sun.cpu.endian" value="little"/>
    <property name="user.home" value="/home/runner"/>
    <property name="user.language" value="en"/>
    <property name="java.specification.vendor" value="Oracle Corporation"/>
    <property name="java.home" value="/usr/lib/jvm/temurin-8-jdk-amd64/jre"/>
    <property name="java.security.krb5.conf" value="/home/runner/work/ozone/ozone/hadoop-ozone/integration-test/target/test-dir/TestSecretKeySnapshot/1686962822195/krb5.conf"/>
    <property name="file.separator" value="/"/>
    <property name="basedir" value="/home/runner/work/ozone/ozone/hadoop-ozone/integration-test"/>
    <property name="line.separator" value="&#10;"/>
    <property name="java.vm.specification.vendor" value="Oracle Corporation"/>
    <property name="java.specification.name" value="Java Platform API Specification"/>
    <property name="skip.installnpx" value="true"/>
    <property name="java.awt.graphicsenv" value="sun.awt.X11GraphicsEnvironment"/>
    <property name="surefire.real.class.path" value="/home/runner/work/ozone/ozone/hadoop-ozone/integration-test/target/surefire/surefirebooter6243966342950467625.jar:/home/runner/.m2/repository/org/jacoco/org.jacoco.agent/0.8.5/org.jacoco.agent-0.8.5-runtime.jar"/>
    <property name="sun.boot.class.path" value="/usr/lib/jvm/temurin-8-jdk-amd64/jre/lib/resources.jar:/usr/lib/jvm/temurin-8-jdk-amd64/jre/lib/rt.jar:/usr/lib/jvm/temurin-8-jdk-amd64/jre/lib/sunrsasign.jar:/usr/lib/jvm/temurin-8-jdk-amd64/jre/lib/jsse.jar:/usr/lib/jvm/temurin-8-jdk-amd64/jre/lib/jce.jar:/usr/lib/jvm/temurin-8-jdk-amd64/jre/lib/charsets.jar:/usr/lib/jvm/temurin-8-jdk-amd64/jre/lib/jfr.jar:/usr/lib/jvm/temurin-8-jdk-amd64/jre/classes"/>
    <property name="hadoop.log.dir" value="/home/runner/work/ozone/ozone/hadoop-ozone/integration-test/target/log"/>
    <property name="sun.management.compiler" value="HotSpot 64-Bit Tiered Compilers"/>
    <property name="java.runtime.version" value="1.8.0_372-b07"/>
    <property name="skip.npx" value="true"/>
    <property name="user.name" value="runner"/>
    <property name="java.net.preferIPv4Stack" value="true"/>
    <property name="path.separator" value=":"/>
    <property name="java.security.egd" value="file:///dev/urandom"/>
    <property name="os.version" value="5.15.0-1039-azure"/>
    <property name="java.endorsed.dirs" value="/usr/lib/jvm/temurin-8-jdk-amd64/jre/lib/endorsed"/>
    <property name="java.runtime.name" value="OpenJDK Runtime Environment"/>
    <property name="file.encoding" value="UTF-8"/>
    <property name="java.vm.name" value="OpenJDK 64-Bit Server VM"/>
    <property name="test.build.webapps" value=""/>
    <property name="localRepository" value="/home/runner/.m2/repository"/>
    <property name="jetty.git.hash" value="b45c405e4544384de066f814ed42ae3dceacdd49"/>
    <property name="java.vendor.url.bug" value="https://github.com/adoptium/adoptium-support/issues"/>
    <property name="require.test.libhadoop" value=""/>
    <property name="java.io.tmpdir" value="/tmp"/>
    <property name="java.version" value="1.8.0_372"/>
    <property name="user.dir" value="/home/runner/work/ozone/ozone/hadoop-ozone/integration-test"/>
    <property name="os.arch" value="amd64"/>
    <property name="test.build.classes" value="/home/runner/work/ozone/ozone/hadoop-ozone/integration-test/target/test-classes"/>
    <property name="java.vm.specification.name" value="Java Virtual Machine Specification"/>
    <property name="java.awt.printerjob" value="sun.print.PSPrinterJob"/>
    <property name="sun.os.patch.level" value="unknown"/>
    <property name="org.apache.ratis.thirdparty.io.netty.allocator.useCacheForAllThreads" value="false"/>
    <property name="hadoop.tmp.dir" value="/home/runner/work/ozone/ozone/hadoop-ozone/integration-test/target/tmp"/>
    <property name="java.library.path" value="/usr/java/packages/lib/amd64:/usr/lib64:/lib64:/lib:/usr/lib"/>
    <property name="java.vendor" value="Temurin"/>
    <property name="java.vm.info" value="mixed mode"/>
    <property name="java.vm.version" value="25.372-b07"/>
    <property name="java.specification.maintenance.version" value="4"/>
    <property name="sun.io.unicode.encoding" value="UnicodeLittle"/>
    <property name="java.ext.dirs" value="/usr/lib/jvm/temurin-8-jdk-amd64/jre/lib/ext:/usr/java/packages/lib/ext"/>
    <property name="java.class.version" value="52.0"/>
  </properties>
  <testcase name="testInstallSnapshot" classname="org.apache.hadoop.ozone.scm.TestSecretKeySnapshot" time="87.489">
    <failure type="org.opentest4j.AssertionFailedError"><![CDATA[org.opentest4j.AssertionFailedError: expected: <[SecretKey(id = 392168e8-bac7-4c57-a617-bfde58a791db, creation at: 2023-06-17T00:48:19.759Z, expire at: 2023-06-17T00:49:20.759Z), SecretKey(id = 6f09d060-30f4-4980-9a13-21b117799a9a, creation at: 2023-06-17T00:47:49.759Z, expire at: 2023-06-17T00:48:50.759Z), SecretKey(id = d2282791-1de8-41db-82d9-01f4c51e3fcb, creation at: 2023-06-17T00:47:19.712Z, expire at: 2023-06-17T00:48:20.712Z)]> but was: <[SecretKey(id = 6f09d060-30f4-4980-9a13-21b117799a9a, creation at: 2023-06-17T00:47:49.759Z, expire at: 2023-06-17T00:48:50.759Z), SecretKey(id = d2282791-1de8-41db-82d9-01f4c51e3fcb, creation at: 2023-06-17T00:47:19.712Z, expire at: 2023-06-17T00:48:20.712Z)]>
	at org.junit.jupiter.api.AssertionUtils.fail(AssertionUtils.java:55)
	at org.junit.jupiter.api.AssertionUtils.failNotEqual(AssertionUtils.java:62)
	at org.junit.jupiter.api.AssertEquals.assertEquals(AssertEquals.java:182)
	at org.junit.jupiter.api.AssertEquals.assertEquals(AssertEquals.java:177)
	at org.junit.jupiter.api.Assertions.assertEquals(Assertions.java:1141)
	at org.apache.hadoop.ozone.scm.TestSecretKeySnapshot.testInstallSnapshot(TestSecretKeySnapshot.java:265)
	at sun.reflect.NativeMethodAccessorImpl.invoke0(Native Method)
	at sun.reflect.NativeMethodAccessorImpl.invoke(NativeMethodAccessorImpl.java:62)
	at sun.reflect.DelegatingMethodAccessorImpl.invoke(DelegatingMethodAccessorImpl.java:43)
	at java.lang.reflect.Method.invoke(Method.java:498)
	at org.junit.platform.commons.util.ReflectionUtils.invokeMethod(ReflectionUtils.java:725)
	at org.junit.jupiter.engine.execution.MethodInvocation.proceed(MethodInvocation.java:60)
	at org.junit.jupiter.engine.execution.InvocationInterceptorChain$ValidatingInvocation.proceed(InvocationInterceptorChain.java:131)
	at org.junit.jupiter.engine.extension.TimeoutInvocation.proceed(TimeoutInvocation.java:46)
	at org.junit.jupiter.engine.extension.TimeoutExtension.intercept(TimeoutExtension.java:149)
	at org.junit.jupiter.engine.extension.TimeoutExtension.interceptTestableMethod(TimeoutExtension.java:140)
	at org.junit.jupiter.engine.extension.TimeoutExtension.interceptTestMethod(TimeoutExtension.java:84)
	at org.junit.jupiter.engine.execution.ExecutableInvoker$ReflectiveInterceptorCall.lambda$ofVoidMethod$0(ExecutableInvoker.java:115)
	at org.junit.jupiter.engine.execution.ExecutableInvoker.lambda$invoke$0(ExecutableInvoker.java:105)
	at org.junit.jupiter.engine.execution.InvocationInterceptorChain$InterceptedInvocation.proceed(InvocationInterceptorChain.java:106)
	at org.junit.jupiter.engine.execution.InvocationInterceptorChain.proceed(InvocationInterceptorChain.java:64)
	at org.junit.jupiter.engine.execution.InvocationInterceptorChain.chainAndInvoke(InvocationInterceptorChain.java:45)
	at org.junit.jupiter.engine.execution.InvocationInterceptorChain.invoke(InvocationInterceptorChain.java:37)
	at org.junit.jupiter.engine.execution.ExecutableInvoker.invoke(ExecutableInvoker.java:104)
	at org.junit.jupiter.engine.execution.ExecutableInvoker.invoke(ExecutableInvoker.java:98)
	at org.junit.jupiter.engine.descriptor.TestMethodTestDescriptor.lambda$invokeTestMethod$7(TestMethodTestDescriptor.java:214)
	at org.junit.platform.engine.support.hierarchical.ThrowableCollector.execute(ThrowableCollector.java:73)
	at org.junit.jupiter.engine.descriptor.TestMethodTestDescriptor.invokeTestMethod(TestMethodTestDescriptor.java:210)
	at org.junit.jupiter.engine.descriptor.TestMethodTestDescriptor.execute(TestMethodTestDescriptor.java:135)
	at org.junit.jupiter.engine.descriptor.TestMethodTestDescriptor.execute(TestMethodTestDescriptor.java:66)
	at org.junit.platform.engine.support.hierarchical.NodeTestTask.lambda$executeRecursively$6(NodeTestTask.java:151)
	at org.junit.platform.engine.support.hierarchical.ThrowableCollector.execute(ThrowableCollector.java:73)
	at org.junit.platform.engine.support.hierarchical.NodeTestTask.lambda$executeRecursively$8(NodeTestTask.java:141)
	at org.junit.platform.engine.support.hierarchical.Node.around(Node.java:137)
	at org.junit.platform.engine.support.hierarchical.NodeTestTask.lambda$executeRecursively$9(NodeTestTask.java:139)
	at org.junit.platform.engine.support.hierarchical.ThrowableCollector.execute(ThrowableCollector.java:73)
	at org.junit.platform.engine.support.hierarchical.NodeTestTask.executeRecursively(NodeTestTask.java:138)
	at org.junit.platform.engine.support.hierarchical.NodeTestTask.execute(NodeTestTask.java:95)
	at java.util.ArrayList.forEach(ArrayList.java:1259)
	at org.junit.platform.engine.support.hierarchical.SameThreadHierarchicalTestExecutorService.invokeAll(SameThreadHierarchicalTestExecutorService.java:41)
	at org.junit.platform.engine.support.hierarchical.NodeTestTask.lambda$executeRecursively$6(NodeTestTask.java:155)
	at org.junit.platform.engine.support.hierarchical.ThrowableCollector.execute(ThrowableCollector.java:73)
	at org.junit.platform.engine.support.hierarchical.NodeTestTask.lambda$executeRecursively$8(NodeTestTask.java:141)
	at org.junit.platform.engine.support.hierarchical.Node.around(Node.java:137)
	at org.junit.platform.engine.support.hierarchical.NodeTestTask.lambda$executeRecursively$9(NodeTestTask.java:139)
	at org.junit.platform.engine.support.hierarchical.ThrowableCollector.execute(ThrowableCollector.java:73)
	at org.junit.platform.engine.support.hierarchical.NodeTestTask.executeRecursively(NodeTestTask.java:138)
	at org.junit.platform.engine.support.hierarchical.NodeTestTask.execute(NodeTestTask.java:95)
	at java.util.ArrayList.forEach(ArrayList.java:1259)
	at org.junit.platform.engine.support.hierarchical.SameThreadHierarchicalTestExecutorService.invokeAll(SameThreadHierarchicalTestExecutorService.java:41)
	at org.junit.platform.engine.support.hierarchical.NodeTestTask.lambda$executeRecursively$6(NodeTestTask.java:155)
	at org.junit.platform.engine.support.hierarchical.ThrowableCollector.execute(ThrowableCollector.java:73)
	at org.junit.platform.engine.support.hierarchical.NodeTestTask.lambda$executeRecursively$8(NodeTestTask.java:141)
	at org.junit.platform.engine.support.hierarchical.Node.around(Node.java:137)
	at org.junit.platform.engine.support.hierarchical.NodeTestTask.lambda$executeRecursively$9(NodeTestTask.java:139)
	at org.junit.platform.engine.support.hierarchical.ThrowableCollector.execute(ThrowableCollector.java:73)
	at org.junit.platform.engine.support.hierarchical.NodeTestTask.executeRecursively(NodeTestTask.java:138)
	at org.junit.platform.engine.support.hierarchical.NodeTestTask.execute(NodeTestTask.java:95)
	at org.junit.platform.engine.support.hierarchical.SameThreadHierarchicalTestExecutorService.submit(SameThreadHierarchicalTestExecutorService.java:35)
	at org.junit.platform.engine.support.hierarchical.HierarchicalTestExecutor.execute(HierarchicalTestExecutor.java:57)
	at org.junit.platform.engine.support.hierarchical.HierarchicalTestEngine.execute(HierarchicalTestEngine.java:54)
	at org.junit.platform.launcher.core.EngineExecutionOrchestrator.execute(EngineExecutionOrchestrator.java:107)
	at org.junit.platform.launcher.core.EngineExecutionOrchestrator.execute(EngineExecutionOrchestrator.java:88)
	at org.junit.platform.launcher.core.EngineExecutionOrchestrator.lambda$execute$0(EngineExecutionOrchestrator.java:54)
	at org.junit.platform.launcher.core.EngineExecutionOrchestrator.withInterceptedStreams(EngineExecutionOrchestrator.java:67)
	at org.junit.platform.launcher.core.EngineExecutionOrchestrator.execute(EngineExecutionOrchestrator.java:52)
	at org.junit.platform.launcher.core.DefaultLauncher.execute(DefaultLauncher.java:114)
	at org.junit.platform.launcher.core.DefaultLauncher.execute(DefaultLauncher.java:86)
	at org.junit.platform.launcher.core.DefaultLauncherSession$DelegatingLauncher.execute(DefaultLauncherSession.java:86)
	at org.junit.platform.launcher.core.SessionPerRequestLauncher.execute(SessionPerRequestLauncher.java:53)
	at org.apache.maven.surefire.junitplatform.JUnitPlatformProvider.execute(JUnitPlatformProvider.java:188)
	at org.apache.maven.surefire.junitplatform.JUnitPlatformProvider.invokeAllTests(JUnitPlatformProvider.java:154)
	at org.apache.maven.surefire.junitplatform.JUnitPlatformProvider.invoke(JUnitPlatformProvider.java:124)
	at org.apache.maven.surefire.booter.ForkedBooter.runSuitesInProcess(ForkedBooter.java:428)
	at org.apache.maven.surefire.booter.ForkedBooter.execute(ForkedBooter.java:162)
	at org.apache.maven.surefire.booter.ForkedBooter.run(ForkedBooter.java:562)
	at org.apache.maven.surefire.booter.ForkedBooter.main(ForkedBooter.java:548)
]]></failure>
    <system-out><![CDATA[2023-06-17 00:47:02,195 [main] INFO  minikdc.MiniKdc (MiniKdc.java:<init>(225)) - Configuration:
2023-06-17 00:47:02,197 [main] INFO  minikdc.MiniKdc (MiniKdc.java:<init>(226)) - ---------------------------------------------------------------
2023-06-17 00:47:02,199 [main] INFO  minikdc.MiniKdc (MiniKdc.java:<init>(228)) -   debug: false
2023-06-17 00:47:02,199 [main] INFO  minikdc.MiniKdc (MiniKdc.java:<init>(228)) -   transport: TCP
2023-06-17 00:47:02,200 [main] INFO  minikdc.MiniKdc (MiniKdc.java:<init>(228)) -   max.ticket.lifetime: 86400000
2023-06-17 00:47:02,200 [main] INFO  minikdc.MiniKdc (MiniKdc.java:<init>(228)) -   org.name: EXAMPLE
2023-06-17 00:47:02,200 [main] INFO  minikdc.MiniKdc (MiniKdc.java:<init>(228)) -   kdc.port: 0
2023-06-17 00:47:02,201 [main] INFO  minikdc.MiniKdc (MiniKdc.java:<init>(228)) -   org.domain: COM
2023-06-17 00:47:02,201 [main] INFO  minikdc.MiniKdc (MiniKdc.java:<init>(228)) -   max.renewable.lifetime: 604800000
2023-06-17 00:47:02,202 [main] INFO  minikdc.MiniKdc (MiniKdc.java:<init>(228)) -   instance: DefaultKrbServer
2023-06-17 00:47:02,202 [main] INFO  minikdc.MiniKdc (MiniKdc.java:<init>(228)) -   kdc.bind.address: localhost
2023-06-17 00:47:02,202 [main] INFO  minikdc.MiniKdc (MiniKdc.java:<init>(230)) - ---------------------------------------------------------------
2023-06-17 00:47:02,332 [main] INFO  minikdc.MiniKdc (MiniKdc.java:start(285)) - MiniKdc started.
2023-06-17 00:47:02,677 [main] WARN  server.ServerUtils (ServerUtils.java:getScmDbDir(155)) - ozone.scm.db.dirs is not configured. We recommend adding this setting. Falling back to ozone.metadata.dirs instead.
2023-06-17 00:47:02,918 [main] INFO  reflections.Reflections (Reflections.java:scan(232)) - Reflections took 172 ms to scan 7 urls, producing 158 keys and 368 values 
2023-06-17 00:47:03,023 [main] INFO  ha.SCMHANodeDetails (SCMHANodeDetails.java:loadSCMHAConfig(210)) - ServiceID for StorageContainerManager is SCMServiceId
2023-06-17 00:47:03,033 [main] INFO  ha.SCMHANodeDetails (SCMHANodeDetails.java:loadSCMHAConfig(221)) - ServiceID for StorageContainerManager is SCMServiceId
2023-06-17 00:47:03,073 [main] WARN  scm.ScmUtils (ScmUtils.java:logWarn(190)) - ConfigKey ozone.scm.block.client.address is deprecated, For configuring different ports for each SCM use PortConfigKey ozone.scm.block.client.port appended with serviceId and nodeId. If want to configure same port configure ozone.scm.block.client.port
2023-06-17 00:47:03,074 [main] WARN  scm.ScmUtils (ScmUtils.java:logWarn(190)) - ConfigKey ozone.scm.client.address is deprecated, For configuring different ports for each SCM use PortConfigKey ozone.scm.client.port appended with serviceId and nodeId. If want to configure same port configure ozone.scm.client.port
2023-06-17 00:47:03,074 [main] WARN  scm.ScmUtils (ScmUtils.java:logWarn(190)) - ConfigKey ozone.scm.datanode.address is deprecated, For configuring different ports for each SCM use PortConfigKey ozone.scm.datanode.port appended with serviceId and nodeId. If want to configure same port configure ozone.scm.datanode.port
2023-06-17 00:47:03,083 [main] WARN  scm.ScmUtils (ScmUtils.java:logWarn(190)) - ConfigKey ozone.scm.block.client.address is deprecated, For configuring different ports for each SCM use PortConfigKey ozone.scm.block.client.port appended with serviceId and nodeId. If want to configure same port configure ozone.scm.block.client.port
2023-06-17 00:47:03,084 [main] WARN  scm.ScmUtils (ScmUtils.java:logWarn(190)) - ConfigKey ozone.scm.client.address is deprecated, For configuring different ports for each SCM use PortConfigKey ozone.scm.client.port appended with serviceId and nodeId. If want to configure same port configure ozone.scm.client.port
2023-06-17 00:47:03,084 [main] WARN  scm.ScmUtils (ScmUtils.java:logWarn(190)) - ConfigKey ozone.scm.datanode.address is deprecated, For configuring different ports for each SCM use PortConfigKey ozone.scm.datanode.port appended with serviceId and nodeId. If want to configure same port configure ozone.scm.datanode.port
2023-06-17 00:47:03,085 [main] INFO  ha.SCMHANodeDetails (SCMHANodeDetails.java:loadSCMHAConfig(308)) - Found matching SCM address with SCMServiceId: SCMServiceId, SCMNodeId: scmNode-1, RPC Address: localhost:15003 and Ratis port: 15003
2023-06-17 00:47:03,085 [main] INFO  ha.SCMHANodeDetails (ConfUtils.java:setNodeSpecificConfigs(97)) - Setting configuration key ozone.scm.datanode.address with value of key ozone.scm.datanode.address.SCMServiceId.scmNode-1: 127.0.0.1:15004
2023-06-17 00:47:03,086 [main] INFO  ha.SCMHANodeDetails (ConfUtils.java:setNodeSpecificConfigs(97)) - Setting configuration key ozone.scm.block.client.address with value of key ozone.scm.block.client.address.SCMServiceId.scmNode-1: 127.0.0.1:15007
2023-06-17 00:47:03,086 [main] INFO  ha.SCMHANodeDetails (ConfUtils.java:setNodeSpecificConfigs(97)) - Setting configuration key ozone.scm.client.address with value of key ozone.scm.client.address.SCMServiceId.scmNode-1: 127.0.0.1:15005
2023-06-17 00:47:03,086 [main] INFO  ha.SCMHANodeDetails (ConfUtils.java:setNodeSpecificConfigs(97)) - Setting configuration key ozone.scm.security.service.address with value of key ozone.scm.security.service.address.SCMServiceId.scmNode-1: 127.0.0.1:15002
2023-06-17 00:47:03,087 [main] INFO  ha.SCMHANodeDetails (ConfUtils.java:setNodeSpecificConfigs(97)) - Setting configuration key ozone.scm.ratis.port with value of key ozone.scm.ratis.port.SCMServiceId.scmNode-1: 15003
2023-06-17 00:47:03,087 [main] INFO  ha.SCMHANodeDetails (ConfUtils.java:setNodeSpecificConfigs(97)) - Setting configuration key ozone.scm.grpc.port with value of key ozone.scm.grpc.port.SCMServiceId.scmNode-1: 15006
2023-06-17 00:47:03,087 [main] INFO  ha.SCMHANodeDetails (ConfUtils.java:setNodeSpecificConfigs(97)) - Setting configuration key ozone.scm.http-address with value of key ozone.scm.http-address.SCMServiceId.scmNode-1: 127.0.0.1:15000
2023-06-17 00:47:03,088 [main] INFO  ha.SCMHANodeDetails (ConfUtils.java:setNodeSpecificConfigs(97)) - Setting configuration key ozone.scm.https-address with value of key ozone.scm.https-address.SCMServiceId.scmNode-1: 127.0.0.1:15001
2023-06-17 00:47:03,088 [main] INFO  ha.SCMHANodeDetails (ConfUtils.java:setNodeSpecificConfigs(97)) - Setting configuration key ozone.scm.address with value of key ozone.scm.address.SCMServiceId.scmNode-1: 127.0.0.1
2023-06-17 00:47:03,088 [main] WARN  scm.ScmUtils (ScmUtils.java:logWarn(190)) - ConfigKey ozone.scm.block.client.address is deprecated, For configuring different ports for each SCM use PortConfigKey ozone.scm.block.client.port appended with serviceId and nodeId. If want to configure same port configure ozone.scm.block.client.port
2023-06-17 00:47:03,089 [main] WARN  scm.ScmUtils (ScmUtils.java:logWarn(190)) - ConfigKey ozone.scm.client.address is deprecated, For configuring different ports for each SCM use PortConfigKey ozone.scm.client.port appended with serviceId and nodeId. If want to configure same port configure ozone.scm.client.port
2023-06-17 00:47:03,092 [main] WARN  scm.ScmUtils (ScmUtils.java:logWarn(190)) - ConfigKey ozone.scm.datanode.address is deprecated, For configuring different ports for each SCM use PortConfigKey ozone.scm.datanode.port appended with serviceId and nodeId. If want to configure same port configure ozone.scm.datanode.port
2023-06-17 00:47:03,098 [main] INFO  ha.SCMNodeInfo (SCMNodeInfo.java:getPort(197)) - ConfigKey ozone.scm.client.address is deprecated, For configuring different ports for each SCM use PortConfigKey ozone.scm.client.port appended with serviceId and nodeId
2023-06-17 00:47:03,098 [main] INFO  ha.SCMNodeInfo (SCMNodeInfo.java:getPort(197)) - ConfigKey ozone.scm.block.client.address is deprecated, For configuring different ports for each SCM use PortConfigKey ozone.scm.block.client.port appended with serviceId and nodeId
2023-06-17 00:47:03,099 [main] INFO  ha.SCMNodeInfo (SCMNodeInfo.java:getPort(197)) - ConfigKey ozone.scm.security.service.address is deprecated, For configuring different ports for each SCM use PortConfigKey ozone.scm.security.service.port appended with serviceId and nodeId
2023-06-17 00:47:03,099 [main] INFO  ha.SCMNodeInfo (SCMNodeInfo.java:getPort(197)) - ConfigKey ozone.scm.datanode.address is deprecated, For configuring different ports for each SCM use PortConfigKey ozone.scm.datanode.port appended with serviceId and nodeId
2023-06-17 00:47:03,100 [main] INFO  ha.SCMNodeInfo (SCMNodeInfo.java:getPort(197)) - ConfigKey ozone.scm.client.address is deprecated, For configuring different ports for each SCM use PortConfigKey ozone.scm.client.port appended with serviceId and nodeId
2023-06-17 00:47:03,101 [main] INFO  ha.SCMNodeInfo (SCMNodeInfo.java:getPort(197)) - ConfigKey ozone.scm.block.client.address is deprecated, For configuring different ports for each SCM use PortConfigKey ozone.scm.block.client.port appended with serviceId and nodeId
2023-06-17 00:47:03,101 [main] INFO  ha.SCMNodeInfo (SCMNodeInfo.java:getPort(197)) - ConfigKey ozone.scm.security.service.address is deprecated, For configuring different ports for each SCM use PortConfigKey ozone.scm.security.service.port appended with serviceId and nodeId
2023-06-17 00:47:03,107 [main] INFO  ha.SCMNodeInfo (SCMNodeInfo.java:getPort(197)) - ConfigKey ozone.scm.datanode.address is deprecated, For configuring different ports for each SCM use PortConfigKey ozone.scm.datanode.port appended with serviceId and nodeId
2023-06-17 00:47:03,107 [main] INFO  ha.SCMNodeInfo (SCMNodeInfo.java:getPort(197)) - ConfigKey ozone.scm.client.address is deprecated, For configuring different ports for each SCM use PortConfigKey ozone.scm.client.port appended with serviceId and nodeId
2023-06-17 00:47:03,107 [main] INFO  ha.SCMNodeInfo (SCMNodeInfo.java:getPort(197)) - ConfigKey ozone.scm.block.client.address is deprecated, For configuring different ports for each SCM use PortConfigKey ozone.scm.block.client.port appended with serviceId and nodeId
2023-06-17 00:47:03,107 [main] INFO  ha.SCMNodeInfo (SCMNodeInfo.java:getPort(197)) - ConfigKey ozone.scm.security.service.address is deprecated, For configuring different ports for each SCM use PortConfigKey ozone.scm.security.service.port appended with serviceId and nodeId
2023-06-17 00:47:03,108 [main] INFO  ha.SCMNodeInfo (SCMNodeInfo.java:getPort(197)) - ConfigKey ozone.scm.datanode.address is deprecated, For configuring different ports for each SCM use PortConfigKey ozone.scm.datanode.port appended with serviceId and nodeId
2023-06-17 00:47:03,113 [main] INFO  ha.HASecurityUtils (HASecurityUtils.java:initializeSecurity(93)) - Initializing secure StorageContainerManager.
2023-06-17 00:47:03,680 [main] WARN  client.SCMCertificateClient (DefaultCertificateClient.java:loadAllCertificates(161)) - Certificates could not be loaded.
java.nio.file.NoSuchFileException: /home/runner/work/ozone/ozone/hadoop-ozone/integration-test/target/test-dir/MiniOzoneClusterImpl-a3d962f4-5b41-4a19-a1e3-7934b631c69d/scmNode-1/scm/sub-ca/certs
	at sun.nio.fs.UnixException.translateToIOException(UnixException.java:86)
	at sun.nio.fs.UnixException.rethrowAsIOException(UnixException.java:102)
	at sun.nio.fs.UnixException.rethrowAsIOException(UnixException.java:107)
	at sun.nio.fs.UnixFileSystemProvider.newDirectoryStream(UnixFileSystemProvider.java:427)
	at java.nio.file.Files.newDirectoryStream(Files.java:457)
	at java.nio.file.Files.list(Files.java:3451)
	at org.apache.hadoop.hdds.security.x509.certificate.client.DefaultCertificateClient.loadAllCertificates(DefaultCertificateClient.java:156)
	at org.apache.hadoop.hdds.security.x509.certificate.client.DefaultCertificateClient.updateCertSerialId(DefaultCertificateClient.java:1206)
	at org.apache.hadoop.hdds.security.x509.certificate.client.DefaultCertificateClient.<init>(DefaultCertificateClient.java:148)
	at org.apache.hadoop.hdds.security.x509.certificate.client.SCMCertificateClient.<init>(SCMCertificateClient.java:54)
	at org.apache.hadoop.hdds.scm.ha.HASecurityUtils.initializeSecurity(HASecurityUtils.java:97)
	at org.apache.hadoop.hdds.scm.server.StorageContainerManager.scmInit(StorageContainerManager.java:1262)
	at org.apache.hadoop.ozone.MiniOzoneHAClusterImpl$Builder.createSCMService(MiniOzoneHAClusterImpl.java:569)
	at org.apache.hadoop.ozone.MiniOzoneHAClusterImpl$Builder.build(MiniOzoneHAClusterImpl.java:407)
	at org.apache.hadoop.ozone.scm.TestSecretKeySnapshot.init(TestSecretKeySnapshot.java:137)
	at sun.reflect.NativeMethodAccessorImpl.invoke0(Native Method)
	at sun.reflect.NativeMethodAccessorImpl.invoke(NativeMethodAccessorImpl.java:62)
	at sun.reflect.DelegatingMethodAccessorImpl.invoke(DelegatingMethodAccessorImpl.java:43)
	at java.lang.reflect.Method.invoke(Method.java:498)
	at org.junit.platform.commons.util.ReflectionUtils.invokeMethod(ReflectionUtils.java:725)
	at org.junit.jupiter.engine.execution.MethodInvocation.proceed(MethodInvocation.java:60)
	at org.junit.jupiter.engine.execution.InvocationInterceptorChain$ValidatingInvocation.proceed(InvocationInterceptorChain.java:131)
	at org.junit.jupiter.engine.extension.TimeoutExtension.intercept(TimeoutExtension.java:149)
	at org.junit.jupiter.engine.extension.TimeoutExtension.interceptLifecycleMethod(TimeoutExtension.java:126)
	at org.junit.jupiter.engine.extension.TimeoutExtension.interceptBeforeEachMethod(TimeoutExtension.java:76)
	at org.junit.jupiter.engine.execution.ExecutableInvoker$ReflectiveInterceptorCall.lambda$ofVoidMethod$0(ExecutableInvoker.java:115)
	at org.junit.jupiter.engine.execution.ExecutableInvoker.lambda$invoke$0(ExecutableInvoker.java:105)
	at org.junit.jupiter.engine.execution.InvocationInterceptorChain$InterceptedInvocation.proceed(InvocationInterceptorChain.java:106)
	at org.junit.jupiter.engine.execution.InvocationInterceptorChain.proceed(InvocationInterceptorChain.java:64)
	at org.junit.jupiter.engine.execution.InvocationInterceptorChain.chainAndInvoke(InvocationInterceptorChain.java:45)
	at org.junit.jupiter.engine.execution.InvocationInterceptorChain.invoke(InvocationInterceptorChain.java:37)
	at org.junit.jupiter.engine.execution.ExecutableInvoker.invoke(ExecutableInvoker.java:104)
	at org.junit.jupiter.engine.execution.ExecutableInvoker.invoke(ExecutableInvoker.java:98)
	at org.junit.jupiter.engine.descriptor.ClassBasedTestDescriptor.invokeMethodInExtensionContext(ClassBasedTestDescriptor.java:506)
	at org.junit.jupiter.engine.descriptor.ClassBasedTestDescriptor.lambda$synthesizeBeforeEachMethodAdapter$21(ClassBasedTestDescriptor.java:491)
	at org.junit.jupiter.engine.descriptor.TestMethodTestDescriptor.lambda$invokeBeforeEachMethods$3(TestMethodTestDescriptor.java:171)
	at org.junit.jupiter.engine.descriptor.TestMethodTestDescriptor.lambda$invokeBeforeMethodsOrCallbacksUntilExceptionOccurs$6(TestMethodTestDescriptor.java:199)
	at org.junit.platform.engine.support.hierarchical.ThrowableCollector.execute(ThrowableCollector.java:73)
	at org.junit.jupiter.engine.descriptor.TestMethodTestDescriptor.invokeBeforeMethodsOrCallbacksUntilExceptionOccurs(TestMethodTestDescriptor.java:199)
	at org.junit.jupiter.engine.descriptor.TestMethodTestDescriptor.invokeBeforeEachMethods(TestMethodTestDescriptor.java:168)
	at org.junit.jupiter.engine.descriptor.TestMethodTestDescriptor.execute(TestMethodTestDescriptor.java:131)
	at org.junit.jupiter.engine.descriptor.TestMethodTestDescriptor.execute(TestMethodTestDescriptor.java:66)
	at org.junit.platform.engine.support.hierarchical.NodeTestTask.lambda$executeRecursively$6(NodeTestTask.java:151)
	at org.junit.platform.engine.support.hierarchical.ThrowableCollector.execute(ThrowableCollector.java:73)
	at org.junit.platform.engine.support.hierarchical.NodeTestTask.lambda$executeRecursively$8(NodeTestTask.java:141)
	at org.junit.platform.engine.support.hierarchical.Node.around(Node.java:137)
	at org.junit.platform.engine.support.hierarchical.NodeTestTask.lambda$executeRecursively$9(NodeTestTask.java:139)
	at org.junit.platform.engine.support.hierarchical.ThrowableCollector.execute(ThrowableCollector.java:73)
	at org.junit.platform.engine.support.hierarchical.NodeTestTask.executeRecursively(NodeTestTask.java:138)
	at org.junit.platform.engine.support.hierarchical.NodeTestTask.execute(NodeTestTask.java:95)
	at java.util.ArrayList.forEach(ArrayList.java:1259)
	at org.junit.platform.engine.support.hierarchical.SameThreadHierarchicalTestExecutorService.invokeAll(SameThreadHierarchicalTestExecutorService.java:41)
	at org.junit.platform.engine.support.hierarchical.NodeTestTask.lambda$executeRecursively$6(NodeTestTask.java:155)
	at org.junit.platform.engine.support.hierarchical.ThrowableCollector.execute(ThrowableCollector.java:73)
	at org.junit.platform.engine.support.hierarchical.NodeTestTask.lambda$executeRecursively$8(NodeTestTask.java:141)
	at org.junit.platform.engine.support.hierarchical.Node.around(Node.java:137)
	at org.junit.platform.engine.support.hierarchical.NodeTestTask.lambda$executeRecursively$9(NodeTestTask.java:139)
	at org.junit.platform.engine.support.hierarchical.ThrowableCollector.execute(ThrowableCollector.java:73)
	at org.junit.platform.engine.support.hierarchical.NodeTestTask.executeRecursively(NodeTestTask.java:138)
	at org.junit.platform.engine.support.hierarchical.NodeTestTask.execute(NodeTestTask.java:95)
	at java.util.ArrayList.forEach(ArrayList.java:1259)
	at org.junit.platform.engine.support.hierarchical.SameThreadHierarchicalTestExecutorService.invokeAll(SameThreadHierarchicalTestExecutorService.java:41)
	at org.junit.platform.engine.support.hierarchical.NodeTestTask.lambda$executeRecursively$6(NodeTestTask.java:155)
	at org.junit.platform.engine.support.hierarchical.ThrowableCollector.execute(ThrowableCollector.java:73)
	at org.junit.platform.engine.support.hierarchical.NodeTestTask.lambda$executeRecursively$8(NodeTestTask.java:141)
	at org.junit.platform.engine.support.hierarchical.Node.around(Node.java:137)
	at org.junit.platform.engine.support.hierarchical.NodeTestTask.lambda$executeRecursively$9(NodeTestTask.java:139)
	at org.junit.platform.engine.support.hierarchical.ThrowableCollector.execute(ThrowableCollector.java:73)
	at org.junit.platform.engine.support.hierarchical.NodeTestTask.executeRecursively(NodeTestTask.java:138)
	at org.junit.platform.engine.support.hierarchical.NodeTestTask.execute(NodeTestTask.java:95)
	at org.junit.platform.engine.support.hierarchical.SameThreadHierarchicalTestExecutorService.submit(SameThreadHierarchicalTestExecutorService.java:35)
	at org.junit.platform.engine.support.hierarchical.HierarchicalTestExecutor.execute(HierarchicalTestExecutor.java:57)
	at org.junit.platform.engine.support.hierarchical.HierarchicalTestEngine.execute(HierarchicalTestEngine.java:54)
	at org.junit.platform.launcher.core.EngineExecutionOrchestrator.execute(EngineExecutionOrchestrator.java:107)
	at org.junit.platform.launcher.core.EngineExecutionOrchestrator.execute(EngineExecutionOrchestrator.java:88)
	at org.junit.platform.launcher.core.EngineExecutionOrchestrator.lambda$execute$0(EngineExecutionOrchestrator.java:54)
	at org.junit.platform.launcher.core.EngineExecutionOrchestrator.withInterceptedStreams(EngineExecutionOrchestrator.java:67)
	at org.junit.platform.launcher.core.EngineExecutionOrchestrator.execute(EngineExecutionOrchestrator.java:52)
	at org.junit.platform.launcher.core.DefaultLauncher.execute(DefaultLauncher.java:114)
	at org.junit.platform.launcher.core.DefaultLauncher.execute(DefaultLauncher.java:86)
	at org.junit.platform.launcher.core.DefaultLauncherSession$DelegatingLauncher.execute(DefaultLauncherSession.java:86)
	at org.junit.platform.launcher.core.SessionPerRequestLauncher.execute(SessionPerRequestLauncher.java:53)
	at org.apache.maven.surefire.junitplatform.JUnitPlatformProvider.execute(JUnitPlatformProvider.java:188)
	at org.apache.maven.surefire.junitplatform.JUnitPlatformProvider.invokeAllTests(JUnitPlatformProvider.java:154)
	at org.apache.maven.surefire.junitplatform.JUnitPlatformProvider.invoke(JUnitPlatformProvider.java:124)
	at org.apache.maven.surefire.booter.ForkedBooter.runSuitesInProcess(ForkedBooter.java:428)
	at org.apache.maven.surefire.booter.ForkedBooter.execute(ForkedBooter.java:162)
	at org.apache.maven.surefire.booter.ForkedBooter.run(ForkedBooter.java:562)
	at org.apache.maven.surefire.booter.ForkedBooter.main(ForkedBooter.java:548)
2023-06-17 00:47:03,694 [main] WARN  client.SCMCertificateClient (DefaultCertificateClient.java:loadAllCertificates(161)) - Certificates could not be loaded.
java.nio.file.NoSuchFileException: /home/runner/work/ozone/ozone/hadoop-ozone/integration-test/target/test-dir/MiniOzoneClusterImpl-a3d962f4-5b41-4a19-a1e3-7934b631c69d/scmNode-1/scm/sub-ca/certs
	at sun.nio.fs.UnixException.translateToIOException(UnixException.java:86)
	at sun.nio.fs.UnixException.rethrowAsIOException(UnixException.java:102)
	at sun.nio.fs.UnixException.rethrowAsIOException(UnixException.java:107)
	at sun.nio.fs.UnixFileSystemProvider.newDirectoryStream(UnixFileSystemProvider.java:427)
	at java.nio.file.Files.newDirectoryStream(Files.java:457)
	at java.nio.file.Files.list(Files.java:3451)
	at org.apache.hadoop.hdds.security.x509.certificate.client.DefaultCertificateClient.loadAllCertificates(DefaultCertificateClient.java:156)
	at org.apache.hadoop.hdds.security.x509.certificate.client.DefaultCertificateClient.getCertPath(DefaultCertificateClient.java:324)
	at org.apache.hadoop.hdds.security.x509.certificate.client.DefaultCertificateClient.getCertificate(DefaultCertificateClient.java:300)
	at org.apache.hadoop.hdds.security.x509.certificate.client.DefaultCertificateClient.init(DefaultCertificateClient.java:669)
	at org.apache.hadoop.hdds.scm.ha.HASecurityUtils.initializeSecurity(HASecurityUtils.java:98)
	at org.apache.hadoop.hdds.scm.server.StorageContainerManager.scmInit(StorageContainerManager.java:1262)
	at org.apache.hadoop.ozone.MiniOzoneHAClusterImpl$Builder.createSCMService(MiniOzoneHAClusterImpl.java:569)
	at org.apache.hadoop.ozone.MiniOzoneHAClusterImpl$Builder.build(MiniOzoneHAClusterImpl.java:407)
	at org.apache.hadoop.ozone.scm.TestSecretKeySnapshot.init(TestSecretKeySnapshot.java:137)
	at sun.reflect.NativeMethodAccessorImpl.invoke0(Native Method)
	at sun.reflect.NativeMethodAccessorImpl.invoke(NativeMethodAccessorImpl.java:62)
	at sun.reflect.DelegatingMethodAccessorImpl.invoke(DelegatingMethodAccessorImpl.java:43)
	at java.lang.reflect.Method.invoke(Method.java:498)
	at org.junit.platform.commons.util.ReflectionUtils.invokeMethod(ReflectionUtils.java:725)
	at org.junit.jupiter.engine.execution.MethodInvocation.proceed(MethodInvocation.java:60)
	at org.junit.jupiter.engine.execution.InvocationInterceptorChain$ValidatingInvocation.proceed(InvocationInterceptorChain.java:131)
	at org.junit.jupiter.engine.extension.TimeoutExtension.intercept(TimeoutExtension.java:149)
	at org.junit.jupiter.engine.extension.TimeoutExtension.interceptLifecycleMethod(TimeoutExtension.java:126)
	at org.junit.jupiter.engine.extension.TimeoutExtension.interceptBeforeEachMethod(TimeoutExtension.java:76)
	at org.junit.jupiter.engine.execution.ExecutableInvoker$ReflectiveInterceptorCall.lambda$ofVoidMethod$0(ExecutableInvoker.java:115)
	at org.junit.jupiter.engine.execution.ExecutableInvoker.lambda$invoke$0(ExecutableInvoker.java:105)
	at org.junit.jupiter.engine.execution.InvocationInterceptorChain$InterceptedInvocation.proceed(InvocationInterceptorChain.java:106)
	at org.junit.jupiter.engine.execution.InvocationInterceptorChain.proceed(InvocationInterceptorChain.java:64)
	at org.junit.jupiter.engine.execution.InvocationInterceptorChain.chainAndInvoke(InvocationInterceptorChain.java:45)
	at org.junit.jupiter.engine.execution.InvocationInterceptorChain.invoke(InvocationInterceptorChain.java:37)
	at org.junit.jupiter.engine.execution.ExecutableInvoker.invoke(ExecutableInvoker.java:104)
	at org.junit.jupiter.engine.execution.ExecutableInvoker.invoke(ExecutableInvoker.java:98)
	at org.junit.jupiter.engine.descriptor.ClassBasedTestDescriptor.invokeMethodInExtensionContext(ClassBasedTestDescriptor.java:506)
	at org.junit.jupiter.engine.descriptor.ClassBasedTestDescriptor.lambda$synthesizeBeforeEachMethodAdapter$21(ClassBasedTestDescriptor.java:491)
	at org.junit.jupiter.engine.descriptor.TestMethodTestDescriptor.lambda$invokeBeforeEachMethods$3(TestMethodTestDescriptor.java:171)
	at org.junit.jupiter.engine.descriptor.TestMethodTestDescriptor.lambda$invokeBeforeMethodsOrCallbacksUntilExceptionOccurs$6(TestMethodTestDescriptor.java:199)
	at org.junit.platform.engine.support.hierarchical.ThrowableCollector.execute(ThrowableCollector.java:73)
	at org.junit.jupiter.engine.descriptor.TestMethodTestDescriptor.invokeBeforeMethodsOrCallbacksUntilExceptionOccurs(TestMethodTestDescriptor.java:199)
	at org.junit.jupiter.engine.descriptor.TestMethodTestDescriptor.invokeBeforeEachMethods(TestMethodTestDescriptor.java:168)
	at org.junit.jupiter.engine.descriptor.TestMethodTestDescriptor.execute(TestMethodTestDescriptor.java:131)
	at org.junit.jupiter.engine.descriptor.TestMethodTestDescriptor.execute(TestMethodTestDescriptor.java:66)
	at org.junit.platform.engine.support.hierarchical.NodeTestTask.lambda$executeRecursively$6(NodeTestTask.java:151)
	at org.junit.platform.engine.support.hierarchical.ThrowableCollector.execute(ThrowableCollector.java:73)
	at org.junit.platform.engine.support.hierarchical.NodeTestTask.lambda$executeRecursively$8(NodeTestTask.java:141)
	at org.junit.platform.engine.support.hierarchical.Node.around(Node.java:137)
	at org.junit.platform.engine.support.hierarchical.NodeTestTask.lambda$executeRecursively$9(NodeTestTask.java:139)
	at org.junit.platform.engine.support.hierarchical.ThrowableCollector.execute(ThrowableCollector.java:73)
	at org.junit.platform.engine.support.hierarchical.NodeTestTask.executeRecursively(NodeTestTask.java:138)
	at org.junit.platform.engine.support.hierarchical.NodeTestTask.execute(NodeTestTask.java:95)
	at java.util.ArrayList.forEach(ArrayList.java:1259)
	at org.junit.platform.engine.support.hierarchical.SameThreadHierarchicalTestExecutorService.invokeAll(SameThreadHierarchicalTestExecutorService.java:41)
	at org.junit.platform.engine.support.hierarchical.NodeTestTask.lambda$executeRecursively$6(NodeTestTask.java:155)
	at org.junit.platform.engine.support.hierarchical.ThrowableCollector.execute(ThrowableCollector.java:73)
	at org.junit.platform.engine.support.hierarchical.NodeTestTask.lambda$executeRecursively$8(NodeTestTask.java:141)
	at org.junit.platform.engine.support.hierarchical.Node.around(Node.java:137)
	at org.junit.platform.engine.support.hierarchical.NodeTestTask.lambda$executeRecursively$9(NodeTestTask.java:139)
	at org.junit.platform.engine.support.hierarchical.ThrowableCollector.execute(ThrowableCollector.java:73)
	at org.junit.platform.engine.support.hierarchical.NodeTestTask.executeRecursively(NodeTestTask.java:138)
	at org.junit.platform.engine.support.hierarchical.NodeTestTask.execute(NodeTestTask.java:95)
	at java.util.ArrayList.forEach(ArrayList.java:1259)
	at org.junit.platform.engine.support.hierarchical.SameThreadHierarchicalTestExecutorService.invokeAll(SameThreadHierarchicalTestExecutorService.java:41)
	at org.junit.platform.engine.support.hierarchical.NodeTestTask.lambda$executeRecursively$6(NodeTestTask.java:155)
	at org.junit.platform.engine.support.hierarchical.ThrowableCollector.execute(ThrowableCollector.java:73)
	at org.junit.platform.engine.support.hierarchical.NodeTestTask.lambda$executeRecursively$8(NodeTestTask.java:141)
	at org.junit.platform.engine.support.hierarchical.Node.around(Node.java:137)
	at org.junit.platform.engine.support.hierarchical.NodeTestTask.lambda$executeRecursively$9(NodeTestTask.java:139)
	at org.junit.platform.engine.support.hierarchical.ThrowableCollector.execute(ThrowableCollector.java:73)
	at org.junit.platform.engine.support.hierarchical.NodeTestTask.executeRecursively(NodeTestTask.java:138)
	at org.junit.platform.engine.support.hierarchical.NodeTestTask.execute(NodeTestTask.java:95)
	at org.junit.platform.engine.support.hierarchical.SameThreadHierarchicalTestExecutorService.submit(SameThreadHierarchicalTestExecutorService.java:35)
	at org.junit.platform.engine.support.hierarchical.HierarchicalTestExecutor.execute(HierarchicalTestExecutor.java:57)
	at org.junit.platform.engine.support.hierarchical.HierarchicalTestEngine.execute(HierarchicalTestEngine.java:54)
	at org.junit.platform.launcher.core.EngineExecutionOrchestrator.execute(EngineExecutionOrchestrator.java:107)
	at org.junit.platform.launcher.core.EngineExecutionOrchestrator.execute(EngineExecutionOrchestrator.java:88)
	at org.junit.platform.launcher.core.EngineExecutionOrchestrator.lambda$execute$0(EngineExecutionOrchestrator.java:54)
	at org.junit.platform.launcher.core.EngineExecutionOrchestrator.withInterceptedStreams(EngineExecutionOrchestrator.java:67)
	at org.junit.platform.launcher.core.EngineExecutionOrchestrator.execute(EngineExecutionOrchestrator.java:52)
	at org.junit.platform.launcher.core.DefaultLauncher.execute(DefaultLauncher.java:114)
	at org.junit.platform.launcher.core.DefaultLauncher.execute(DefaultLauncher.java:86)
	at org.junit.platform.launcher.core.DefaultLauncherSession$DelegatingLauncher.execute(DefaultLauncherSession.java:86)
	at org.junit.platform.launcher.core.SessionPerRequestLauncher.execute(SessionPerRequestLauncher.java:53)
	at org.apache.maven.surefire.junitplatform.JUnitPlatformProvider.execute(JUnitPlatformProvider.java:188)
	at org.apache.maven.surefire.junitplatform.JUnitPlatformProvider.invokeAllTests(JUnitPlatformProvider.java:154)
	at org.apache.maven.surefire.junitplatform.JUnitPlatformProvider.invoke(JUnitPlatformProvider.java:124)
	at org.apache.maven.surefire.booter.ForkedBooter.runSuitesInProcess(ForkedBooter.java:428)
	at org.apache.maven.surefire.booter.ForkedBooter.execute(ForkedBooter.java:162)
	at org.apache.maven.surefire.booter.ForkedBooter.run(ForkedBooter.java:562)
	at org.apache.maven.surefire.booter.ForkedBooter.main(ForkedBooter.java:548)
2023-06-17 00:47:03,700 [main] INFO  client.SCMCertificateClient (DefaultCertificateClient.java:init(692)) - Certificate client init case: 0
2023-06-17 00:47:03,701 [main] INFO  client.SCMCertificateClient (SCMCertificateClient.java:handleCase(68)) - Creating keypair for client as keypair and certificate not found.
2023-06-17 00:47:04,282 [main] INFO  ha.HASecurityUtils (HASecurityUtils.java:initializeSecurity(99)) - Init response: GETCERT
2023-06-17 00:47:04,654 [main] INFO  ozone.OzoneSecurityUtil (OzoneSecurityUtil.java:getValidInetsForCurrentHost(119)) - ip:fe80:0:0:0:20d:3aff:fe6f:2520%eth0 not returned.
2023-06-17 00:47:04,655 [main] INFO  ozone.OzoneSecurityUtil (OzoneSecurityUtil.java:getValidInetsForCurrentHost(116)) - Adding ip:10.1.0.235,host:fv-az275-58.go2hi5et44qedpdz5zrtt3gknc.xx.internal.cloudapp.net
2023-06-17 00:47:04,655 [main] INFO  ozone.OzoneSecurityUtil (OzoneSecurityUtil.java:getValidInetsForCurrentHost(119)) - ip:0:0:0:0:0:0:0:1%lo not returned.
2023-06-17 00:47:04,656 [main] INFO  ozone.OzoneSecurityUtil (OzoneSecurityUtil.java:getValidInetsForCurrentHost(119)) - ip:127.0.0.1 not returned.
2023-06-17 00:47:04,725 [main] INFO  utils.SelfSignedCertificate (SelfSignedCertificate.java:generateCertificate(158)) - Certificate 1 is issued by CN=scm@fv-az275-58,OU=746ad1cd-7733-4d67-8369-e04f45d32291,O=a3d962f4-5b41-4a19-a1e3-7934b631c69d to CN=scm@fv-az275-58,OU=746ad1cd-7733-4d67-8369-e04f45d32291,O=a3d962f4-5b41-4a19-a1e3-7934b631c69d, valid from Sat Jun 17 00:47:04 UTC 2023 to Tue Jul 25 00:47:04 UTC 2028
2023-06-17 00:47:04,756 [main] INFO  ozone.OzoneSecurityUtil (OzoneSecurityUtil.java:getValidInetsForCurrentHost(119)) - ip:fe80:0:0:0:20d:3aff:fe6f:2520%eth0 not returned.
2023-06-17 00:47:04,757 [main] INFO  ozone.OzoneSecurityUtil (OzoneSecurityUtil.java:getValidInetsForCurrentHost(116)) - Adding ip:10.1.0.235,host:fv-az275-58.go2hi5et44qedpdz5zrtt3gknc.xx.internal.cloudapp.net
2023-06-17 00:47:04,757 [main] INFO  ozone.OzoneSecurityUtil (OzoneSecurityUtil.java:getValidInetsForCurrentHost(119)) - ip:0:0:0:0:0:0:0:1%lo not returned.
2023-06-17 00:47:04,757 [main] INFO  ozone.OzoneSecurityUtil (OzoneSecurityUtil.java:getValidInetsForCurrentHost(119)) - ip:127.0.0.1 not returned.
2023-06-17 00:47:04,758 [main] INFO  ha.HASecurityUtils (HASecurityUtils.java:generateCSR(280)) - Creating csr for SCM->hostName:localhost,scmId:746ad1cd-7733-4d67-8369-e04f45d32291,clusterId:a3d962f4-5b41-4a19-a1e3-7934b631c69d,subject:scm-sub@localhost
2023-06-17 00:47:04,844 [main] INFO  ha.HASecurityUtils (HASecurityUtils.java:initializeSecurity(112)) - Successfully stored SCM signed certificate.
2023-06-17 00:47:04,980 [main] INFO  server.RaftServer (ConfUtils.java:logGet(46)) - raft.rpc.type = GRPC (default)
2023-06-17 00:47:05,070 [main] INFO  grpc.GrpcConfigKeys (ConfUtils.java:logFallback(53)) - raft.grpc.admin.host = null (fallback to raft.grpc.server.host)
2023-06-17 00:47:05,073 [main] INFO  grpc.GrpcConfigKeys (ConfUtils.java:logFallback(53)) - raft.grpc.admin.port = 15003 (fallback to raft.grpc.server.port)
2023-06-17 00:47:05,073 [main] INFO  grpc.GrpcConfigKeys (ConfUtils.java:logFallback(53)) - raft.grpc.client.host = null (fallback to raft.grpc.server.host)
2023-06-17 00:47:05,074 [main] INFO  grpc.GrpcConfigKeys (ConfUtils.java:logFallback(53)) - raft.grpc.client.port = 15003 (fallback to raft.grpc.server.port)
2023-06-17 00:47:05,075 [main] INFO  grpc.GrpcConfigKeys (ConfUtils.java:logGet(46)) - raft.grpc.server.host = null (default)
2023-06-17 00:47:05,075 [main] INFO  grpc.GrpcConfigKeys (ConfUtils.java:logGet(46)) - raft.grpc.server.port = 15003 (custom)
2023-06-17 00:47:05,076 [main] INFO  server.GrpcService (ConfUtils.java:logGet(46)) - raft.grpc.message.size.max = 32m (=33554432) (custom)
2023-06-17 00:47:05,078 [main] INFO  server.RaftServerConfigKeys (ConfUtils.java:logGet(46)) - raft.server.log.appender.buffer.byte-limit = 33554432 (custom)
2023-06-17 00:47:05,079 [main] INFO  server.GrpcService (ConfUtils.java:logGet(46)) - raft.grpc.flow.control.window = 1MB (=1048576) (default)
2023-06-17 00:47:05,080 [main] INFO  server.RaftServerConfigKeys (ConfUtils.java:logGet(46)) - raft.server.rpc.request.timeout = 30000ms (custom)
2023-06-17 00:47:05,094 [main] INFO  grpc.GrpcConfigKeys (ConfUtils.java:logGet(46)) - raft.grpc.server.heartbeat.channel = true (default)
2023-06-17 00:47:05,100 [main] INFO  grpc.GrpcConfigKeys (ConfUtils.java:logGet(46)) - raft.grpc.server.async.request.thread.pool.cached = true (default)
2023-06-17 00:47:05,101 [main] INFO  grpc.GrpcConfigKeys (ConfUtils.java:logGet(46)) - raft.grpc.server.async.request.thread.pool.size = 32 (default)
2023-06-17 00:47:05,352 [main] INFO  impl.DataStreamServerImpl (ConfUtils.java:logGet(46)) - raft.datastream.type = DISABLED (default)
2023-06-17 00:47:05,355 [main] INFO  server.RaftServerConfigKeys (ConfUtils.java:logGet(46)) - raft.server.threadpool.proxy.cached = true (default)
2023-06-17 00:47:05,356 [main] INFO  server.RaftServerConfigKeys (ConfUtils.java:logGet(46)) - raft.server.threadpool.proxy.size = 0 (default)
2023-06-17 00:47:05,358 [main] INFO  server.RaftServerConfigKeys (ConfUtils.java:logGet(46)) - raft.server.rpc.slowness.timeout = 120000ms (custom)
2023-06-17 00:47:05,358 [main] INFO  server.RaftServerConfigKeys (ConfUtils.java:logGet(46)) - raft.server.leaderelection.leader.step-down.wait-time = 10s (default)
2023-06-17 00:47:05,362 [main] INFO  server.RaftServerConfigKeys (ConfUtils.java:logGet(46)) - raft.server.storage.dir = [/home/runner/work/ozone/ozone/hadoop-ozone/integration-test/target/test-dir/MiniOzoneClusterImpl-a3d962f4-5b41-4a19-a1e3-7934b631c69d/scmNode-1/scm-ha] (custom)
2023-06-17 00:47:05,370 [main] INFO  server.RaftServer (RaftServerProxy.java:addNew(98)) - 746ad1cd-7733-4d67-8369-e04f45d32291: addNew group-7934B631C69D:[746ad1cd-7733-4d67-8369-e04f45d32291|rpc:localhost:15003|priority:0|startupRole:FOLLOWER] returns group-7934B631C69D:java.util.concurrent.CompletableFuture@76216830[Not completed]
2023-06-17 00:47:05,391 [746ad1cd-7733-4d67-8369-e04f45d32291-groupManagement] INFO  server.RaftServer$Division (RaftServerImpl.java:<init>(198)) - 746ad1cd-7733-4d67-8369-e04f45d32291: new RaftServerImpl for group-7934B631C69D:[746ad1cd-7733-4d67-8369-e04f45d32291|rpc:localhost:15003|priority:0|startupRole:FOLLOWER] with SCMStateMachine:uninitialized
2023-06-17 00:47:05,394 [746ad1cd-7733-4d67-8369-e04f45d32291-groupManagement] INFO  server.RaftServerConfigKeys (ConfUtils.java:logGet(46)) - raft.server.rpc.timeout.min = 5000ms (custom)
2023-06-17 00:47:05,394 [746ad1cd-7733-4d67-8369-e04f45d32291-groupManagement] INFO  server.RaftServerConfigKeys (ConfUtils.java:logGet(46)) - raft.server.rpc.timeout.max = 5200ms (custom)
2023-06-17 00:47:05,395 [746ad1cd-7733-4d67-8369-e04f45d32291-groupManagement] INFO  server.RaftServerConfigKeys (ConfUtils.java:logGet(46)) - raft.server.rpc.sleep.time = 25ms (default)
2023-06-17 00:47:05,395 [746ad1cd-7733-4d67-8369-e04f45d32291-groupManagement] INFO  server.RaftServerConfigKeys (ConfUtils.java:logGet(46)) - raft.server.rpc.slowness.timeout = 120000ms (custom)
2023-06-17 00:47:05,395 [746ad1cd-7733-4d67-8369-e04f45d32291-groupManagement] INFO  server.RaftServerConfigKeys (ConfUtils.java:logGet(46)) - raft.server.leaderelection.leader.step-down.wait-time = 10s (default)
2023-06-17 00:47:05,395 [746ad1cd-7733-4d67-8369-e04f45d32291-groupManagement] INFO  server.RaftServerConfigKeys (ConfUtils.java:logGet(46)) - raft.server.sleep.deviation.threshold = 300ms (default)
2023-06-17 00:47:05,403 [746ad1cd-7733-4d67-8369-e04f45d32291-groupManagement] INFO  server.RaftServer$Division (ServerState.java:<init>(120)) - 746ad1cd-7733-4d67-8369-e04f45d32291@group-7934B631C69D: ConfigurationManager, init=-1: peers:[746ad1cd-7733-4d67-8369-e04f45d32291|rpc:localhost:15003|priority:0|startupRole:FOLLOWER]|listeners:[], old=null, confs=<EMPTY_MAP>
2023-06-17 00:47:05,404 [746ad1cd-7733-4d67-8369-e04f45d32291-groupManagement] INFO  server.RaftServerConfigKeys (ConfUtils.java:logGet(46)) - raft.server.storage.dir = [/home/runner/work/ozone/ozone/hadoop-ozone/integration-test/target/test-dir/MiniOzoneClusterImpl-a3d962f4-5b41-4a19-a1e3-7934b631c69d/scmNode-1/scm-ha] (custom)
2023-06-17 00:47:05,410 [746ad1cd-7733-4d67-8369-e04f45d32291-groupManagement] INFO  server.RaftServerConfigKeys (ConfUtils.java:logGet(46)) - raft.server.log.corruption.policy = EXCEPTION (default)
2023-06-17 00:47:05,411 [746ad1cd-7733-4d67-8369-e04f45d32291-groupManagement] INFO  server.RaftServerConfigKeys (ConfUtils.java:logGet(46)) - raft.server.storage.free-space.min = 0MB (=0) (default)
2023-06-17 00:47:05,419 [746ad1cd-7733-4d67-8369-e04f45d32291-groupManagement] INFO  server.RaftServerConfigKeys (ConfUtils.java:logGet(46)) - raft.server.notification.no-leader.timeout = 60s (default)
2023-06-17 00:47:05,431 [746ad1cd-7733-4d67-8369-e04f45d32291-groupManagement] INFO  server.RaftServerConfigKeys (ConfUtils.java:logGet(46)) - raft.server.read.timeout = 10s (default)
2023-06-17 00:47:05,435 [746ad1cd-7733-4d67-8369-e04f45d32291-groupManagement] INFO  server.RaftServerConfigKeys (ConfUtils.java:logGet(46)) - raft.server.retrycache.expirytime = 60000ms (default)
2023-06-17 00:47:05,435 [746ad1cd-7733-4d67-8369-e04f45d32291-groupManagement] INFO  server.RaftServerConfigKeys (ConfUtils.java:logGet(46)) - raft.server.retrycache.statistics.expirytime = 100μs (default)
2023-06-17 00:47:05,477 [746ad1cd-7733-4d67-8369-e04f45d32291-groupManagement] INFO  server.RaftServerConfigKeys (ConfUtils.java:logGet(46)) - raft.server.read.option = DEFAULT (default)
2023-06-17 00:47:05,488 [746ad1cd-7733-4d67-8369-e04f45d32291-groupManagement] INFO  metrics.MetricRegistries (MetricRegistriesLoader.java:load(64)) - Loaded MetricRegistries class org.apache.ratis.metrics.impl.MetricRegistriesImpl
2023-06-17 00:47:05,573 [746ad1cd-7733-4d67-8369-e04f45d32291-groupManagement] INFO  server.RaftServerConfigKeys (ConfUtils.java:logGet(46)) - raft.server.rpc.request.timeout = 30000ms (custom)
2023-06-17 00:47:05,578 [746ad1cd-7733-4d67-8369-e04f45d32291-groupManagement] INFO  server.RaftServerConfigKeys (ConfUtils.java:logGet(46)) - raft.server.log.appender.install.snapshot.enabled = false (custom)
2023-06-17 00:47:05,578 [746ad1cd-7733-4d67-8369-e04f45d32291-groupManagement] INFO  server.RaftServerConfigKeys (ConfUtils.java:logGet(46)) - raft.server.threadpool.server.cached = true (default)
2023-06-17 00:47:05,579 [746ad1cd-7733-4d67-8369-e04f45d32291-groupManagement] INFO  server.RaftServerConfigKeys (ConfUtils.java:logGet(46)) - raft.server.threadpool.server.size = 0 (default)
2023-06-17 00:47:05,580 [746ad1cd-7733-4d67-8369-e04f45d32291-groupManagement] INFO  server.RaftServerConfigKeys (ConfUtils.java:logGet(46)) - raft.server.threadpool.client.cached = true (default)
2023-06-17 00:47:05,580 [746ad1cd-7733-4d67-8369-e04f45d32291-groupManagement] INFO  server.RaftServerConfigKeys (ConfUtils.java:logGet(46)) - raft.server.threadpool.client.size = 0 (default)
2023-06-17 00:47:05,581 [746ad1cd-7733-4d67-8369-e04f45d32291-impl-thread1] INFO  storage.RaftStorageDirectory (RaftStorageDirectoryImpl.java:analyzeStorage(137)) - The storage directory /home/runner/work/ozone/ozone/hadoop-ozone/integration-test/target/test-dir/MiniOzoneClusterImpl-a3d962f4-5b41-4a19-a1e3-7934b631c69d/scmNode-1/scm-ha/a3d962f4-5b41-4a19-a1e3-7934b631c69d does not exist. Creating ...
2023-06-17 00:47:05,590 [746ad1cd-7733-4d67-8369-e04f45d32291-impl-thread1] INFO  storage.RaftStorageDirectory (RaftStorageDirectoryImpl.java:tryLock(231)) - Lock on /home/runner/work/ozone/ozone/hadoop-ozone/integration-test/target/test-dir/MiniOzoneClusterImpl-a3d962f4-5b41-4a19-a1e3-7934b631c69d/scmNode-1/scm-ha/a3d962f4-5b41-4a19-a1e3-7934b631c69d/in_use.lock acquired by nodename 26315@fv-az275-58
2023-06-17 00:47:05,598 [746ad1cd-7733-4d67-8369-e04f45d32291-impl-thread1] INFO  storage.RaftStorage (RaftStorageImpl.java:format(96)) - Storage directory /home/runner/work/ozone/ozone/hadoop-ozone/integration-test/target/test-dir/MiniOzoneClusterImpl-a3d962f4-5b41-4a19-a1e3-7934b631c69d/scmNode-1/scm-ha/a3d962f4-5b41-4a19-a1e3-7934b631c69d has been successfully formatted.
2023-06-17 00:47:05,601 [746ad1cd-7733-4d67-8369-e04f45d32291-impl-thread1] INFO  server.RaftServerConfigKeys (ConfUtils.java:logGet(46)) - raft.server.log.use.memory = false (default)
2023-06-17 00:47:05,611 [746ad1cd-7733-4d67-8369-e04f45d32291-impl-thread1] INFO  server.RaftServerConfigKeys (ConfUtils.java:logGet(46)) - raft.server.log.purge.gap = 100 (custom)
2023-06-17 00:47:05,611 [746ad1cd-7733-4d67-8369-e04f45d32291-impl-thread1] INFO  server.RaftServerConfigKeys (ConfUtils.java:logGet(46)) - raft.server.log.appender.buffer.byte-limit = 33554432 (custom)
2023-06-17 00:47:05,613 [746ad1cd-7733-4d67-8369-e04f45d32291-impl-thread1] INFO  server.RaftServerConfigKeys (ConfUtils.java:logGet(46)) - raft.server.log.statemachine.data.read.timeout = 1000ms (default)
2023-06-17 00:47:05,614 [746ad1cd-7733-4d67-8369-e04f45d32291-impl-thread1] INFO  server.RaftServerConfigKeys (ConfUtils.java:logGet(46)) - raft.server.log.purge.preservation.log.num = 0 (default)
2023-06-17 00:47:05,616 [746ad1cd-7733-4d67-8369-e04f45d32291-impl-thread1] INFO  server.RaftServerConfigKeys (ConfUtils.java:logGet(46)) - raft.server.log.segment.size.max = 4194304 (custom)
2023-06-17 00:47:05,623 [746ad1cd-7733-4d67-8369-e04f45d32291-impl-thread1] INFO  server.RaftServerConfigKeys (ConfUtils.java:logGet(46)) - raft.server.log.segment.cache.num.max = 2 (custom)
2023-06-17 00:47:05,623 [746ad1cd-7733-4d67-8369-e04f45d32291-impl-thread1] INFO  server.RaftServerConfigKeys (ConfUtils.java:logGet(46)) - raft.server.log.segment.cache.size.max = 200MB (=209715200) (default)
2023-06-17 00:47:05,623 [746ad1cd-7733-4d67-8369-e04f45d32291-impl-thread1] INFO  server.RaftServerConfigKeys (ConfUtils.java:logGet(46)) - raft.server.log.appender.buffer.byte-limit = 33554432 (custom)
2023-06-17 00:47:05,632 [746ad1cd-7733-4d67-8369-e04f45d32291-impl-thread1] INFO  segmented.SegmentedRaftLogWorker (SegmentedRaftLogWorker.java:<init>(188)) - new 746ad1cd-7733-4d67-8369-e04f45d32291@group-7934B631C69D-SegmentedRaftLogWorker for RaftStorageImpl:Storage Directory /home/runner/work/ozone/ozone/hadoop-ozone/integration-test/target/test-dir/MiniOzoneClusterImpl-a3d962f4-5b41-4a19-a1e3-7934b631c69d/scmNode-1/scm-ha/a3d962f4-5b41-4a19-a1e3-7934b631c69d
2023-06-17 00:47:05,633 [746ad1cd-7733-4d67-8369-e04f45d32291-impl-thread1] INFO  server.RaftServerConfigKeys (ConfUtils.java:logGet(46)) - raft.server.log.queue.byte-limit = 64MB (=67108864) (default)
2023-06-17 00:47:05,634 [746ad1cd-7733-4d67-8369-e04f45d32291-impl-thread1] INFO  server.RaftServerConfigKeys (ConfUtils.java:logGet(46)) - raft.server.log.queue.element-limit = 4096 (default)
2023-06-17 00:47:05,635 [746ad1cd-7733-4d67-8369-e04f45d32291-impl-thread1] INFO  server.RaftServerConfigKeys (ConfUtils.java:logGet(46)) - raft.server.log.segment.size.max = 4194304 (custom)
2023-06-17 00:47:05,635 [746ad1cd-7733-4d67-8369-e04f45d32291-impl-thread1] INFO  server.RaftServerConfigKeys (ConfUtils.java:logGet(46)) - raft.server.log.preallocated.size = 4194304 (custom)
2023-06-17 00:47:05,636 [746ad1cd-7733-4d67-8369-e04f45d32291-impl-thread1] INFO  server.RaftServerConfigKeys (ConfUtils.java:logGet(46)) - raft.server.log.force.sync.num = 128 (default)
2023-06-17 00:47:05,637 [746ad1cd-7733-4d67-8369-e04f45d32291-impl-thread1] INFO  server.RaftServerConfigKeys (ConfUtils.java:logGet(46)) - raft.server.log.statemachine.data.sync = true (default)
2023-06-17 00:47:05,637 [746ad1cd-7733-4d67-8369-e04f45d32291-impl-thread1] INFO  server.RaftServerConfigKeys (ConfUtils.java:logGet(46)) - raft.server.log.statemachine.data.sync.timeout = 10s (default)
2023-06-17 00:47:05,637 [746ad1cd-7733-4d67-8369-e04f45d32291-impl-thread1] INFO  server.RaftServerConfigKeys (ConfUtils.java:logGet(46)) - raft.server.log.statemachine.data.sync.timeout.retry = -1 (default)
2023-06-17 00:47:05,652 [746ad1cd-7733-4d67-8369-e04f45d32291-impl-thread1] INFO  server.RaftServerConfigKeys (ConfUtils.java:logGet(46)) - raft.server.log.write.buffer.size = 64KB (=65536) (default)
2023-06-17 00:47:05,653 [746ad1cd-7733-4d67-8369-e04f45d32291-impl-thread1] INFO  server.RaftServerConfigKeys (ConfUtils.java:logGet(46)) - raft.server.log.appender.buffer.byte-limit = 33554432 (custom)
2023-06-17 00:47:05,660 [746ad1cd-7733-4d67-8369-e04f45d32291-impl-thread1] INFO  server.RaftServerConfigKeys (ConfUtils.java:logGet(46)) - raft.server.log.unsafe-flush.enabled = false (default)
2023-06-17 00:47:05,660 [746ad1cd-7733-4d67-8369-e04f45d32291-impl-thread1] INFO  server.RaftServerConfigKeys (ConfUtils.java:logGet(46)) - raft.server.log.async-flush.enabled = false (default)
2023-06-17 00:47:05,661 [746ad1cd-7733-4d67-8369-e04f45d32291-impl-thread1] INFO  server.RaftServerConfigKeys (ConfUtils.java:logGet(46)) - raft.server.log.statemachine.data.caching.enabled = false (default)
2023-06-17 00:47:05,669 [746ad1cd-7733-4d67-8369-e04f45d32291-impl-thread1] INFO  segmented.SegmentedRaftLogWorker (SegmentedRaftLogWorker.java:lambda$new$0(135)) - 746ad1cd-7733-4d67-8369-e04f45d32291@group-7934B631C69D-SegmentedRaftLogWorker: flushIndex: setUnconditionally 0 -> -1
2023-06-17 00:47:05,669 [746ad1cd-7733-4d67-8369-e04f45d32291-impl-thread1] INFO  segmented.SegmentedRaftLogWorker (SegmentedRaftLogWorker.java:lambda$new$0(135)) - 746ad1cd-7733-4d67-8369-e04f45d32291@group-7934B631C69D-SegmentedRaftLogWorker: safeCacheEvictIndex: setUnconditionally 0 -> -1
2023-06-17 00:47:05,672 [746ad1cd-7733-4d67-8369-e04f45d32291-impl-thread1] INFO  server.RaftServer$Division (RaftServerImpl.java:start(342)) - 746ad1cd-7733-4d67-8369-e04f45d32291@group-7934B631C69D: start as a follower, conf=-1: peers:[746ad1cd-7733-4d67-8369-e04f45d32291|rpc:localhost:15003|priority:0|startupRole:FOLLOWER]|listeners:[], old=null
2023-06-17 00:47:05,673 [746ad1cd-7733-4d67-8369-e04f45d32291-impl-thread1] INFO  server.RaftServer$Division (RaftServerImpl.java:setRole(329)) - 746ad1cd-7733-4d67-8369-e04f45d32291@group-7934B631C69D: changes role from      null to FOLLOWER at term 0 for startAsFollower
2023-06-17 00:47:05,675 [746ad1cd-7733-4d67-8369-e04f45d32291-impl-thread1] INFO  impl.RoleInfo (RoleInfo.java:updateAndGet(139)) - 746ad1cd-7733-4d67-8369-e04f45d32291: start 746ad1cd-7733-4d67-8369-e04f45d32291@group-7934B631C69D-FollowerState
2023-06-17 00:47:05,685 [746ad1cd-7733-4d67-8369-e04f45d32291@group-7934B631C69D-FollowerState] INFO  server.RaftServerConfigKeys (ConfUtils.java:logFallback(53)) - raft.server.rpc.first-election.timeout.min = 5000ms (fallback to raft.server.rpc.timeout.min)
2023-06-17 00:47:05,686 [746ad1cd-7733-4d67-8369-e04f45d32291@group-7934B631C69D-FollowerState] INFO  server.RaftServerConfigKeys (ConfUtils.java:logFallback(53)) - raft.server.rpc.first-election.timeout.max = 5200ms (fallback to raft.server.rpc.timeout.max)
2023-06-17 00:47:05,690 [746ad1cd-7733-4d67-8369-e04f45d32291-impl-thread1] INFO  util.JmxRegister (JmxRegister.java:tryRegister(44)) - Successfully registered JMX Bean with object name Ratis:service=RaftServer,group=group-7934B631C69D,id=746ad1cd-7733-4d67-8369-e04f45d32291
2023-06-17 00:47:05,693 [746ad1cd-7733-4d67-8369-e04f45d32291-impl-thread1] INFO  server.RaftServerConfigKeys (ConfUtils.java:logGet(46)) - raft.server.snapshot.auto.trigger.enabled = true (custom)
2023-06-17 00:47:05,694 [746ad1cd-7733-4d67-8369-e04f45d32291-impl-thread1] INFO  server.RaftServerConfigKeys (ConfUtils.java:logGet(46)) - raft.server.snapshot.auto.trigger.threshold = 100 (custom)
2023-06-17 00:47:05,694 [746ad1cd-7733-4d67-8369-e04f45d32291-impl-thread1] INFO  server.RaftServerConfigKeys (ConfUtils.java:logGet(46)) - raft.server.snapshot.retention.file.num = -1 (default)
2023-06-17 00:47:05,696 [746ad1cd-7733-4d67-8369-e04f45d32291-impl-thread1] INFO  server.RaftServerConfigKeys (ConfUtils.java:logGet(46)) - raft.server.log.purge.upto.snapshot.index = true (custom)
2023-06-17 00:47:05,716 [main] INFO  server.RaftServer (RaftServerProxy.java:startImpl(400)) - 746ad1cd-7733-4d67-8369-e04f45d32291: start RPC server
2023-06-17 00:47:05,895 [main] INFO  server.GrpcService (GrpcService.java:startImpl(302)) - 746ad1cd-7733-4d67-8369-e04f45d32291: GrpcService started, listening on 15003
2023-06-17 00:47:05,903 [JvmPauseMonitor0] INFO  util.JvmPauseMonitor (JvmPauseMonitor.java:run(103)) - JvmPauseMonitor-746ad1cd-7733-4d67-8369-e04f45d32291: Started
2023-06-17 00:47:10,770 [746ad1cd-7733-4d67-8369-e04f45d32291@group-7934B631C69D-FollowerState] INFO  impl.FollowerState (FollowerState.java:run(143)) - 746ad1cd-7733-4d67-8369-e04f45d32291@group-7934B631C69D-FollowerState: change to CANDIDATE, lastRpcElapsedTime:5095757785ns, electionTimeout:5083ms
2023-06-17 00:47:10,772 [746ad1cd-7733-4d67-8369-e04f45d32291@group-7934B631C69D-FollowerState] INFO  impl.RoleInfo (RoleInfo.java:shutdownFollowerState(110)) - 746ad1cd-7733-4d67-8369-e04f45d32291: shutdown 746ad1cd-7733-4d67-8369-e04f45d32291@group-7934B631C69D-FollowerState
2023-06-17 00:47:10,772 [746ad1cd-7733-4d67-8369-e04f45d32291@group-7934B631C69D-FollowerState] INFO  server.RaftServer$Division (RaftServerImpl.java:setRole(329)) - 746ad1cd-7733-4d67-8369-e04f45d32291@group-7934B631C69D: changes role from  FOLLOWER to CANDIDATE at term 0 for changeToCandidate
2023-06-17 00:47:10,776 [746ad1cd-7733-4d67-8369-e04f45d32291@group-7934B631C69D-FollowerState] INFO  server.RaftServerConfigKeys (ConfUtils.java:logGet(46)) - raft.server.leaderelection.pre-vote = true (default)
2023-06-17 00:47:10,776 [746ad1cd-7733-4d67-8369-e04f45d32291@group-7934B631C69D-FollowerState] INFO  impl.RoleInfo (RoleInfo.java:updateAndGet(139)) - 746ad1cd-7733-4d67-8369-e04f45d32291: start 746ad1cd-7733-4d67-8369-e04f45d32291@group-7934B631C69D-LeaderElection1
2023-06-17 00:47:10,779 [746ad1cd-7733-4d67-8369-e04f45d32291@group-7934B631C69D-LeaderElection1] INFO  impl.LeaderElection (LeaderElection.java:askForVotes(321)) - 746ad1cd-7733-4d67-8369-e04f45d32291@group-7934B631C69D-LeaderElection1 PRE_VOTE round 0: submit vote requests at term 0 for -1: peers:[746ad1cd-7733-4d67-8369-e04f45d32291|rpc:localhost:15003|priority:0|startupRole:FOLLOWER]|listeners:[], old=null
2023-06-17 00:47:10,780 [746ad1cd-7733-4d67-8369-e04f45d32291@group-7934B631C69D-LeaderElection1] INFO  impl.LeaderElection (LeaderElection.java:askForVotes(323)) - 746ad1cd-7733-4d67-8369-e04f45d32291@group-7934B631C69D-LeaderElection1 PRE_VOTE round 0: result PASSED (term=0)
2023-06-17 00:47:10,783 [746ad1cd-7733-4d67-8369-e04f45d32291@group-7934B631C69D-LeaderElection1] INFO  impl.LeaderElection (LeaderElection.java:askForVotes(321)) - 746ad1cd-7733-4d67-8369-e04f45d32291@group-7934B631C69D-LeaderElection1 ELECTION round 0: submit vote requests at term 1 for -1: peers:[746ad1cd-7733-4d67-8369-e04f45d32291|rpc:localhost:15003|priority:0|startupRole:FOLLOWER]|listeners:[], old=null
2023-06-17 00:47:10,783 [746ad1cd-7733-4d67-8369-e04f45d32291@group-7934B631C69D-LeaderElection1] INFO  impl.LeaderElection (LeaderElection.java:askForVotes(323)) - 746ad1cd-7733-4d67-8369-e04f45d32291@group-7934B631C69D-LeaderElection1 ELECTION round 0: result PASSED (term=1)
2023-06-17 00:47:10,783 [746ad1cd-7733-4d67-8369-e04f45d32291@group-7934B631C69D-LeaderElection1] INFO  impl.RoleInfo (RoleInfo.java:shutdownLeaderElection(130)) - 746ad1cd-7733-4d67-8369-e04f45d32291: shutdown 746ad1cd-7733-4d67-8369-e04f45d32291@group-7934B631C69D-LeaderElection1
2023-06-17 00:47:10,784 [746ad1cd-7733-4d67-8369-e04f45d32291@group-7934B631C69D-LeaderElection1] INFO  server.RaftServer$Division (RaftServerImpl.java:setRole(329)) - 746ad1cd-7733-4d67-8369-e04f45d32291@group-7934B631C69D: changes role from CANDIDATE to LEADER at term 1 for changeToLeader
2023-06-17 00:47:10,784 [746ad1cd-7733-4d67-8369-e04f45d32291@group-7934B631C69D-LeaderElection1] INFO  server.RaftServer$Division (ServerState.java:setLeader(317)) - 746ad1cd-7733-4d67-8369-e04f45d32291@group-7934B631C69D: change Leader from null to 746ad1cd-7733-4d67-8369-e04f45d32291 at term 1 for becomeLeader, leader elected after 5365ms
2023-06-17 00:47:10,801 [746ad1cd-7733-4d67-8369-e04f45d32291@group-7934B631C69D-LeaderElection1] INFO  server.RaftServerConfigKeys (ConfUtils.java:logGet(46)) - raft.server.staging.catchup.gap = 1000 (default)
2023-06-17 00:47:10,807 [746ad1cd-7733-4d67-8369-e04f45d32291@group-7934B631C69D-LeaderElection1] INFO  server.RaftServerConfigKeys (ConfUtils.java:logGet(46)) - raft.server.write.element-limit = 4096 (default)
2023-06-17 00:47:10,810 [746ad1cd-7733-4d67-8369-e04f45d32291@group-7934B631C69D-LeaderElection1] INFO  server.RaftServerConfigKeys (ConfUtils.java:logGet(46)) - raft.server.write.byte-limit = 64MB (=67108864) (default)
2023-06-17 00:47:10,818 [746ad1cd-7733-4d67-8369-e04f45d32291@group-7934B631C69D-LeaderElection1] INFO  server.RaftServerConfigKeys (ConfUtils.java:logGet(46)) - raft.server.watch.timeout = 10s (default)
2023-06-17 00:47:10,819 [746ad1cd-7733-4d67-8369-e04f45d32291@group-7934B631C69D-LeaderElection1] INFO  server.RaftServerConfigKeys (ConfUtils.java:logGet(46)) - raft.server.watch.timeout.denomination = 1s (default)
2023-06-17 00:47:10,819 [746ad1cd-7733-4d67-8369-e04f45d32291@group-7934B631C69D-LeaderElection1] INFO  server.RaftServerConfigKeys (ConfUtils.java:logGet(46)) - raft.server.watch.element-limit = 65536 (default)
2023-06-17 00:47:10,825 [746ad1cd-7733-4d67-8369-e04f45d32291@group-7934B631C69D-LeaderElection1] INFO  server.RaftServerConfigKeys (ConfUtils.java:logGet(46)) - raft.server.write.element-limit = 4096 (default)
2023-06-17 00:47:10,827 [746ad1cd-7733-4d67-8369-e04f45d32291@group-7934B631C69D-LeaderElection1] INFO  server.RaftServerConfigKeys (ConfUtils.java:logGet(46)) - raft.server.write.follower.gap.ratio.max = -1.0 (default)
2023-06-17 00:47:10,829 [746ad1cd-7733-4d67-8369-e04f45d32291@group-7934B631C69D-LeaderElection1] INFO  impl.RoleInfo (RoleInfo.java:updateAndGet(139)) - 746ad1cd-7733-4d67-8369-e04f45d32291: start 746ad1cd-7733-4d67-8369-e04f45d32291@group-7934B631C69D-LeaderStateImpl
2023-06-17 00:47:10,853 [746ad1cd-7733-4d67-8369-e04f45d32291@group-7934B631C69D-LeaderElection1] INFO  segmented.SegmentedRaftLogWorker (SegmentedRaftLogWorker.java:startLogSegment(447)) - 746ad1cd-7733-4d67-8369-e04f45d32291@group-7934B631C69D-SegmentedRaftLogWorker: Starting segment from index:0
2023-06-17 00:47:10,924 [746ad1cd-7733-4d67-8369-e04f45d32291@group-7934B631C69D-LeaderElection1] INFO  server.RaftServer$Division (ServerState.java:setRaftConf(434)) - 746ad1cd-7733-4d67-8369-e04f45d32291@group-7934B631C69D: set configuration 0: peers:[746ad1cd-7733-4d67-8369-e04f45d32291|rpc:localhost:15003|admin:|client:|dataStream:|priority:0|startupRole:FOLLOWER]|listeners:[], old=null
2023-06-17 00:47:11,004 [746ad1cd-7733-4d67-8369-e04f45d32291@group-7934B631C69D-SegmentedRaftLogWorker] INFO  segmented.SegmentedRaftLogWorker (SegmentedRaftLogWorker.java:execute(651)) - 746ad1cd-7733-4d67-8369-e04f45d32291@group-7934B631C69D-SegmentedRaftLogWorker: created new log segment /home/runner/work/ozone/ozone/hadoop-ozone/integration-test/target/test-dir/MiniOzoneClusterImpl-a3d962f4-5b41-4a19-a1e3-7934b631c69d/scmNode-1/scm-ha/a3d962f4-5b41-4a19-a1e3-7934b631c69d/current/log_inprogress_0
2023-06-17 00:47:11,911 [main] INFO  server.RaftServer (RaftServerProxy.java:lambda$close$6(416)) - 746ad1cd-7733-4d67-8369-e04f45d32291: close
2023-06-17 00:47:11,912 [main] INFO  server.GrpcService (GrpcService.java:closeImpl(311)) - 746ad1cd-7733-4d67-8369-e04f45d32291: shutdown server GrpcServerProtocolService now
2023-06-17 00:47:11,912 [746ad1cd-7733-4d67-8369-e04f45d32291-impl-thread1] INFO  server.RaftServer$Division (RaftServerImpl.java:lambda$close$4(466)) - 746ad1cd-7733-4d67-8369-e04f45d32291@group-7934B631C69D: shutdown
2023-06-17 00:47:11,913 [746ad1cd-7733-4d67-8369-e04f45d32291-impl-thread1] INFO  util.JmxRegister (JmxRegister.java:unregister(73)) - Successfully un-registered JMX Bean with object name Ratis:service=RaftServer,group=group-7934B631C69D,id=746ad1cd-7733-4d67-8369-e04f45d32291
2023-06-17 00:47:11,913 [746ad1cd-7733-4d67-8369-e04f45d32291-impl-thread1] INFO  impl.RoleInfo (RoleInfo.java:shutdownLeaderState(93)) - 746ad1cd-7733-4d67-8369-e04f45d32291: shutdown 746ad1cd-7733-4d67-8369-e04f45d32291@group-7934B631C69D-LeaderStateImpl
2023-06-17 00:47:11,919 [746ad1cd-7733-4d67-8369-e04f45d32291-impl-thread1] INFO  impl.PendingRequests (PendingRequests.java:sendNotLeaderResponses(289)) - 746ad1cd-7733-4d67-8369-e04f45d32291@group-7934B631C69D-PendingRequests: sendNotLeaderResponses
2023-06-17 00:47:11,922 [746ad1cd-7733-4d67-8369-e04f45d32291-impl-thread1] INFO  impl.StateMachineUpdater (StateMachineUpdater.java:stopAndJoin(155)) - 746ad1cd-7733-4d67-8369-e04f45d32291@group-7934B631C69D-StateMachineUpdater: set stopIndex = 0
2023-06-17 00:47:11,923 [746ad1cd-7733-4d67-8369-e04f45d32291@group-7934B631C69D-StateMachineUpdater] INFO  impl.StateMachineUpdater (StateMachineUpdater.java:takeSnapshot(291)) - 746ad1cd-7733-4d67-8369-e04f45d32291@group-7934B631C69D-StateMachineUpdater: Took a snapshot at index 0
2023-06-17 00:47:11,924 [746ad1cd-7733-4d67-8369-e04f45d32291@group-7934B631C69D-StateMachineUpdater] INFO  impl.StateMachineUpdater (StateMachineUpdater.java:lambda$new$0(97)) - 746ad1cd-7733-4d67-8369-e04f45d32291@group-7934B631C69D-StateMachineUpdater: snapshotIndex: updateIncreasingly -1 -> 0
2023-06-17 00:47:11,935 [746ad1cd-7733-4d67-8369-e04f45d32291-impl-thread1] INFO  server.RaftServer$Division (ServerState.java:close(472)) - 746ad1cd-7733-4d67-8369-e04f45d32291@group-7934B631C69D: closes. applyIndex: 0
2023-06-17 00:47:11,938 [main] INFO  server.GrpcService (GrpcService.java:closeImpl(320)) - 746ad1cd-7733-4d67-8369-e04f45d32291: shutdown server GrpcServerProtocolService successfully
2023-06-17 00:47:12,011 [746ad1cd-7733-4d67-8369-e04f45d32291-impl-thread1] INFO  segmented.SegmentedRaftLogWorker (SegmentedRaftLogWorker.java:close(252)) - 746ad1cd-7733-4d67-8369-e04f45d32291@group-7934B631C69D-SegmentedRaftLogWorker close()
2023-06-17 00:47:12,013 [JvmPauseMonitor0] INFO  util.JvmPauseMonitor (JvmPauseMonitor.java:run(109)) - JvmPauseMonitor-746ad1cd-7733-4d67-8369-e04f45d32291: Stopped
2023-06-17 00:47:12,013 [main] WARN  server.ServerUtils (ServerUtils.java:getScmDbDir(155)) - ozone.scm.db.dirs is not configured. We recommend adding this setting. Falling back to ozone.metadata.dirs instead.
2023-06-17 00:47:12,017 [main] INFO  server.StorageContainerManager (StorageContainerManager.java:scmInit(1290)) - SCM initialization succeeded. Current cluster id for sd=/home/runner/work/ozone/ozone/hadoop-ozone/integration-test/target/test-dir/MiniOzoneClusterImpl-a3d962f4-5b41-4a19-a1e3-7934b631c69d/scmNode-1/scm; cid=a3d962f4-5b41-4a19-a1e3-7934b631c69d; layoutVersion=7; scmId=746ad1cd-7733-4d67-8369-e04f45d32291
2023-06-17 00:47:12,032 [main] WARN  server.ServerUtils (ServerUtils.java:getScmDbDir(155)) - ozone.scm.db.dirs is not configured. We recommend adding this setting. Falling back to ozone.metadata.dirs instead.
2023-06-17 00:47:12,032 [main] INFO  ha.SCMHANodeDetails (SCMHANodeDetails.java:loadSCMHAConfig(210)) - ServiceID for StorageContainerManager is SCMServiceId
2023-06-17 00:47:12,033 [main] INFO  ha.SCMHANodeDetails (SCMHANodeDetails.java:loadSCMHAConfig(221)) - ServiceID for StorageContainerManager is SCMServiceId
2023-06-17 00:47:12,033 [main] WARN  scm.ScmUtils (ScmUtils.java:logWarn(190)) - ConfigKey ozone.scm.block.client.address is deprecated, For configuring different ports for each SCM use PortConfigKey ozone.scm.block.client.port appended with serviceId and nodeId. If want to configure same port configure ozone.scm.block.client.port
2023-06-17 00:47:12,033 [main] WARN  scm.ScmUtils (ScmUtils.java:logWarn(190)) - ConfigKey ozone.scm.client.address is deprecated, For configuring different ports for each SCM use PortConfigKey ozone.scm.client.port appended with serviceId and nodeId. If want to configure same port configure ozone.scm.client.port
2023-06-17 00:47:12,034 [main] WARN  scm.ScmUtils (ScmUtils.java:logWarn(190)) - ConfigKey ozone.scm.datanode.address is deprecated, For configuring different ports for each SCM use PortConfigKey ozone.scm.datanode.port appended with serviceId and nodeId. If want to configure same port configure ozone.scm.datanode.port
2023-06-17 00:47:12,034 [main] WARN  scm.ScmUtils (ScmUtils.java:logWarn(190)) - ConfigKey ozone.scm.block.client.address is deprecated, For configuring different ports for each SCM use PortConfigKey ozone.scm.block.client.port appended with serviceId and nodeId. If want to configure same port configure ozone.scm.block.client.port
2023-06-17 00:47:12,034 [main] WARN  scm.ScmUtils (ScmUtils.java:logWarn(190)) - ConfigKey ozone.scm.client.address is deprecated, For configuring different ports for each SCM use PortConfigKey ozone.scm.client.port appended with serviceId and nodeId. If want to configure same port configure ozone.scm.client.port
2023-06-17 00:47:12,035 [main] WARN  scm.ScmUtils (ScmUtils.java:logWarn(190)) - ConfigKey ozone.scm.datanode.address is deprecated, For configuring different ports for each SCM use PortConfigKey ozone.scm.datanode.port appended with serviceId and nodeId. If want to configure same port configure ozone.scm.datanode.port
2023-06-17 00:47:12,035 [main] INFO  ha.SCMHANodeDetails (SCMHANodeDetails.java:loadSCMHAConfig(308)) - Found matching SCM address with SCMServiceId: SCMServiceId, SCMNodeId: scmNode-1, RPC Address: localhost:15003 and Ratis port: 15003
2023-06-17 00:47:12,035 [main] INFO  ha.SCMHANodeDetails (ConfUtils.java:setNodeSpecificConfigs(97)) - Setting configuration key ozone.scm.datanode.address with value of key ozone.scm.datanode.address.SCMServiceId.scmNode-1: 127.0.0.1:15004
2023-06-17 00:47:12,035 [main] INFO  ha.SCMHANodeDetails (ConfUtils.java:setNodeSpecificConfigs(97)) - Setting configuration key ozone.scm.block.client.address with value of key ozone.scm.block.client.address.SCMServiceId.scmNode-1: 127.0.0.1:15007
2023-06-17 00:47:12,036 [main] INFO  ha.SCMHANodeDetails (ConfUtils.java:setNodeSpecificConfigs(97)) - Setting configuration key ozone.scm.client.address with value of key ozone.scm.client.address.SCMServiceId.scmNode-1: 127.0.0.1:15005
2023-06-17 00:47:12,036 [main] INFO  ha.SCMHANodeDetails (ConfUtils.java:setNodeSpecificConfigs(97)) - Setting configuration key ozone.scm.security.service.address with value of key ozone.scm.security.service.address.SCMServiceId.scmNode-1: 127.0.0.1:15002
2023-06-17 00:47:12,036 [main] INFO  ha.SCMHANodeDetails (ConfUtils.java:setNodeSpecificConfigs(97)) - Setting configuration key ozone.scm.ratis.port with value of key ozone.scm.ratis.port.SCMServiceId.scmNode-1: 15003
2023-06-17 00:47:12,036 [main] INFO  ha.SCMHANodeDetails (ConfUtils.java:setNodeSpecificConfigs(97)) - Setting configuration key ozone.scm.grpc.port with value of key ozone.scm.grpc.port.SCMServiceId.scmNode-1: 15006
2023-06-17 00:47:12,037 [main] INFO  ha.SCMHANodeDetails (ConfUtils.java:setNodeSpecificConfigs(97)) - Setting configuration key ozone.scm.http-address with value of key ozone.scm.http-address.SCMServiceId.scmNode-1: 127.0.0.1:15000
2023-06-17 00:47:12,037 [main] INFO  ha.SCMHANodeDetails (ConfUtils.java:setNodeSpecificConfigs(97)) - Setting configuration key ozone.scm.https-address with value of key ozone.scm.https-address.SCMServiceId.scmNode-1: 127.0.0.1:15001
2023-06-17 00:47:12,037 [main] INFO  ha.SCMHANodeDetails (ConfUtils.java:setNodeSpecificConfigs(97)) - Setting configuration key ozone.scm.address with value of key ozone.scm.address.SCMServiceId.scmNode-1: 127.0.0.1
2023-06-17 00:47:12,037 [main] WARN  scm.ScmUtils (ScmUtils.java:logWarn(190)) - ConfigKey ozone.scm.block.client.address is deprecated, For configuring different ports for each SCM use PortConfigKey ozone.scm.block.client.port appended with serviceId and nodeId. If want to configure same port configure ozone.scm.block.client.port
2023-06-17 00:47:12,037 [main] WARN  scm.ScmUtils (ScmUtils.java:logWarn(190)) - ConfigKey ozone.scm.client.address is deprecated, For configuring different ports for each SCM use PortConfigKey ozone.scm.client.port appended with serviceId and nodeId. If want to configure same port configure ozone.scm.client.port
2023-06-17 00:47:12,038 [main] WARN  scm.ScmUtils (ScmUtils.java:logWarn(190)) - ConfigKey ozone.scm.datanode.address is deprecated, For configuring different ports for each SCM use PortConfigKey ozone.scm.datanode.port appended with serviceId and nodeId. If want to configure same port configure ozone.scm.datanode.port
2023-06-17 00:47:12,070 [main] INFO  client.SCMCertificateClient (DefaultCertificateClient.java:readCertificateFile(196)) - Added certificate   [0]         Version: 3
         SerialNumber: 1853911944075
             IssuerDN: CN=scm@fv-az275-58,OU=746ad1cd-7733-4d67-8369-e04f45d32291,O=a3d962f4-5b41-4a19-a1e3-7934b631c69d
           Start Date: Sat Jun 17 00:47:04 UTC 2023
           Final Date: Tue Jul 25 00:47:04 UTC 2028
            SubjectDN: CN=scm-sub@localhost,OU=746ad1cd-7733-4d67-8369-e04f45d32291,O=a3d962f4-5b41-4a19-a1e3-7934b631c69d
           Public Key: RSA Public Key [c5:15:4b:98:cb:52:07:a9:6b:f5:b9:6e:60:4f:b7:1f:01:45:44:04],[56:66:d1:a4]
        modulus: c758ee6590ac2b2fe29d68c370167153b5d184ecbbbe240f342cc21060f23519472fdcf7a43d1ed286b4e31a7dddaeb140085301dcd321bbec62d054c33c472121292bb59dcdb416d26a6063d92efa0f3fb937523c09139c147d4e54fcdf5163c59a0fdd861755de69078874ded643ed83c8459471e35f1521be4e6e6fb6bfdfb6925def931f77fef59cdd0f28cea161d41e35edf67148bdcb60f6ad04ea8c0a1cd5ed3cfad2399a1a471965d2006b2b9d1552157e29da3af247b0a36b1a453ac312da1254489042718892e9af15497c269accd50f429999f6cabf4190df2b8a2af8e3515be102662504dcdaa7dfd5e6455b94cb16fa534b59aea08e9840062f
public exponent: 10001

  Signature Algorithm: SHA256WITHRSA
            Signature: 03c9f5f112bfe42b1906a2fff182149fe915be66
                       95bc962641855f12d4f947cbc8ded8c3a95e8cfb
                       e6a9d49dfdfb287ba98c267731a3ec88a8670560
                       0bd59df333e987ef42233071cc5493183fb892a4
                       fde3f79413d1e16b3904952bf8a2635fcff54fc6
                       35a6b8211bef4ef0f534073d7d34cb2c55342c35
                       b18623db241aef982c191c912f7e142c5bd27641
                       5f0d2bf66f0b730d65b6f005e57f73bef65243c5
                       c4d0383035ba78c28d3bb97c05995dc2475a24a3
                       f8bd1d62536c038b1759fa423b41c5d1a89ef230
                       acbf22a30f3622d7434029add6fa186f0a0779d1
                       9449b188b7421a02430db7fd2414149c92d7e349
                       bc588c7af996d3ba79e54a7b7a479a9a
       Extensions: 
                       critical(false) 2.5.29.17 value = Sequence
    Tagged [7] IMPLICIT 
        DER Octet String[4] 
    Tagged [2] IMPLICIT 
        DER Octet String[63] 

                       critical(true) BasicConstraints: isCa(true)
                       critical(true) KeyUsage: 0xbe
 from file: /home/runner/work/ozone/ozone/hadoop-ozone/integration-test/target/test-dir/MiniOzoneClusterImpl-a3d962f4-5b41-4a19-a1e3-7934b631c69d/scmNode-1/scm/sub-ca/certs/certificate.crt.
2023-06-17 00:47:12,079 [main] INFO  client.SCMCertificateClient (DefaultCertificateClient.java:readCertificateFile(196)) - Added certificate   [0]         Version: 3
         SerialNumber: 1853911944075
             IssuerDN: CN=scm@fv-az275-58,OU=746ad1cd-7733-4d67-8369-e04f45d32291,O=a3d962f4-5b41-4a19-a1e3-7934b631c69d
           Start Date: Sat Jun 17 00:47:04 UTC 2023
           Final Date: Tue Jul 25 00:47:04 UTC 2028
            SubjectDN: CN=scm-sub@localhost,OU=746ad1cd-7733-4d67-8369-e04f45d32291,O=a3d962f4-5b41-4a19-a1e3-7934b631c69d
           Public Key: RSA Public Key [c5:15:4b:98:cb:52:07:a9:6b:f5:b9:6e:60:4f:b7:1f:01:45:44:04],[56:66:d1:a4]
        modulus: c758ee6590ac2b2fe29d68c370167153b5d184ecbbbe240f342cc21060f23519472fdcf7a43d1ed286b4e31a7dddaeb140085301dcd321bbec62d054c33c472121292bb59dcdb416d26a6063d92efa0f3fb937523c09139c147d4e54fcdf5163c59a0fdd861755de69078874ded643ed83c8459471e35f1521be4e6e6fb6bfdfb6925def931f77fef59cdd0f28cea161d41e35edf67148bdcb60f6ad04ea8c0a1cd5ed3cfad2399a1a471965d2006b2b9d1552157e29da3af247b0a36b1a453ac312da1254489042718892e9af15497c269accd50f429999f6cabf4190df2b8a2af8e3515be102662504dcdaa7dfd5e6455b94cb16fa534b59aea08e9840062f
public exponent: 10001

  Signature Algorithm: SHA256WITHRSA
            Signature: 03c9f5f112bfe42b1906a2fff182149fe915be66
                       95bc962641855f12d4f947cbc8ded8c3a95e8cfb
                       e6a9d49dfdfb287ba98c267731a3ec88a8670560
                       0bd59df333e987ef42233071cc5493183fb892a4
                       fde3f79413d1e16b3904952bf8a2635fcff54fc6
                       35a6b8211bef4ef0f534073d7d34cb2c55342c35
                       b18623db241aef982c191c912f7e142c5bd27641
                       5f0d2bf66f0b730d65b6f005e57f73bef65243c5
                       c4d0383035ba78c28d3bb97c05995dc2475a24a3
                       f8bd1d62536c038b1759fa423b41c5d1a89ef230
                       acbf22a30f3622d7434029add6fa186f0a0779d1
                       9449b188b7421a02430db7fd2414149c92d7e349
                       bc588c7af996d3ba79e54a7b7a479a9a
       Extensions: 
                       critical(false) 2.5.29.17 value = Sequence
    Tagged [7] IMPLICIT 
        DER Octet String[4] 
    Tagged [2] IMPLICIT 
        DER Octet String[63] 

                       critical(true) BasicConstraints: isCa(true)
                       critical(true) KeyUsage: 0xbe
 from file: /home/runner/work/ozone/ozone/hadoop-ozone/integration-test/target/test-dir/MiniOzoneClusterImpl-a3d962f4-5b41-4a19-a1e3-7934b631c69d/scmNode-1/scm/sub-ca/certs/1853911944075.crt.
2023-06-17 00:47:12,083 [main] INFO  client.SCMCertificateClient (DefaultCertificateClient.java:readCertificateFile(196)) - Added certificate   [0]         Version: 3
         SerialNumber: 1
             IssuerDN: CN=scm@fv-az275-58,OU=746ad1cd-7733-4d67-8369-e04f45d32291,O=a3d962f4-5b41-4a19-a1e3-7934b631c69d
           Start Date: Sat Jun 17 00:47:04 UTC 2023
           Final Date: Tue Jul 25 00:47:04 UTC 2028
            SubjectDN: CN=scm@fv-az275-58,OU=746ad1cd-7733-4d67-8369-e04f45d32291,O=a3d962f4-5b41-4a19-a1e3-7934b631c69d
           Public Key: RSA Public Key [7b:cf:70:d0:93:42:f4:01:f0:1e:ea:34:a2:6b:b9:62:05:69:f3:f2],[56:66:d1:a4]
        modulus: 88c84ab6323162062ea29aff9950a3eb1747e40235d1b92004a1d388be2e74237d7c413db826096b95327af74a77ed9e9fa8d319bed40f7071beadd0ec24ba64a931246b05b5adfefff07372da2faf5d158f837ffe8fd7e1bbb603a9241df8bb1db7a8a959e73331d3e78dccd286663fcbf06fce6c34d3884f1215801d54ede04d580a20a5c4d962ebef7ea23b83166539ac7a48ad5213cfcddaff22fbada65600293cc34bac796dadc8ec395ecc1d7a821477be0b8d54e9c7ecfa66c40e75de5357141d1b9fa3c92f4bb8a17059e0c408df292b59942fd36ca83c9cfd3455b9b77e61674099be87bf9d89089d4e7c0265834505605b858f3d18dac3135da177
public exponent: 10001

  Signature Algorithm: SHA256WITHRSA
            Signature: 01eab1b276f40e81071c2de0e5d4c6dcd3753d8c
                       4f2b12dd12917d79558fa1c3f55e4d9dde3e89e7
                       72c5d767f0b5da8574e06e7e6c5d56e1bc30501b
                       1b65d29db17cb08368cec918d6c5a100481705f8
                       875403be83d4e3223f9f2547b27fca066b199c40
                       f7bf16bc8acc72de9b069d65bc172814124c6de2
                       c6a337be5fbc3f6b9d2ef4b2b5a63e6ff409936d
                       65c750fdbe96aad1b5e4b4117ca703b126239794
                       df57f070c10551f45cb5b45cb1225fcd469e576d
                       440c138ed74c9b6b5996d85a512763472c743115
                       538c14bc0b074563187c8d5ee3ded7e66f166501
                       e97b67bdb1aa8e94aaafec24ba5c87234f1f24ab
                       acbd58bc49435754d552c14bc7d73da0
       Extensions: 
                       critical(true) BasicConstraints: isCa(true)
                       critical(true) KeyUsage: 0x6
                       critical(false) 2.5.29.17 value = Sequence
    Tagged [7] IMPLICIT 
        DER Octet String[4] 
    Tagged [2] IMPLICIT 
        DER Octet String[63] 

 from file: /home/runner/work/ozone/ozone/hadoop-ozone/integration-test/target/test-dir/MiniOzoneClusterImpl-a3d962f4-5b41-4a19-a1e3-7934b631c69d/scmNode-1/scm/sub-ca/certs/CA-1.crt.
2023-06-17 00:47:12,088 [main] INFO  client.SCMCertificateClient (DefaultCertificateClient.java:startCertificateMonitor(1260)) - CertificateLifetimeMonitor for scm/sub-ca is started with first delay 158716791914 ms and interval 86400000 ms.
2023-06-17 00:47:12,117 [main] INFO  ha.SCMNodeInfo (SCMNodeInfo.java:getPort(197)) - ConfigKey ozone.scm.client.address is deprecated, For configuring different ports for each SCM use PortConfigKey ozone.scm.client.port appended with serviceId and nodeId
2023-06-17 00:47:12,118 [main] INFO  ha.SCMNodeInfo (SCMNodeInfo.java:getPort(197)) - ConfigKey ozone.scm.block.client.address is deprecated, For configuring different ports for each SCM use PortConfigKey ozone.scm.block.client.port appended with serviceId and nodeId
2023-06-17 00:47:12,118 [main] INFO  ha.SCMNodeInfo (SCMNodeInfo.java:getPort(197)) - ConfigKey ozone.scm.security.service.address is deprecated, For configuring different ports for each SCM use PortConfigKey ozone.scm.security.service.port appended with serviceId and nodeId
2023-06-17 00:47:12,118 [main] INFO  ha.SCMNodeInfo (SCMNodeInfo.java:getPort(197)) - ConfigKey ozone.scm.datanode.address is deprecated, For configuring different ports for each SCM use PortConfigKey ozone.scm.datanode.port appended with serviceId and nodeId
2023-06-17 00:47:12,119 [main] INFO  ha.SCMNodeInfo (SCMNodeInfo.java:getPort(197)) - ConfigKey ozone.scm.client.address is deprecated, For configuring different ports for each SCM use PortConfigKey ozone.scm.client.port appended with serviceId and nodeId
2023-06-17 00:47:12,120 [main] INFO  ha.SCMNodeInfo (SCMNodeInfo.java:getPort(197)) - ConfigKey ozone.scm.block.client.address is deprecated, For configuring different ports for each SCM use PortConfigKey ozone.scm.block.client.port appended with serviceId and nodeId
2023-06-17 00:47:12,120 [main] INFO  ha.SCMNodeInfo (SCMNodeInfo.java:getPort(197)) - ConfigKey ozone.scm.security.service.address is deprecated, For configuring different ports for each SCM use PortConfigKey ozone.scm.security.service.port appended with serviceId and nodeId
2023-06-17 00:47:12,120 [main] INFO  ha.SCMNodeInfo (SCMNodeInfo.java:getPort(197)) - ConfigKey ozone.scm.datanode.address is deprecated, For configuring different ports for each SCM use PortConfigKey ozone.scm.datanode.port appended with serviceId and nodeId
2023-06-17 00:47:12,120 [main] INFO  ha.SCMNodeInfo (SCMNodeInfo.java:getPort(197)) - ConfigKey ozone.scm.client.address is deprecated, For configuring different ports for each SCM use PortConfigKey ozone.scm.client.port appended with serviceId and nodeId
2023-06-17 00:47:12,121 [main] INFO  ha.SCMNodeInfo (SCMNodeInfo.java:getPort(197)) - ConfigKey ozone.scm.block.client.address is deprecated, For configuring different ports for each SCM use PortConfigKey ozone.scm.block.client.port appended with serviceId and nodeId
2023-06-17 00:47:12,121 [main] INFO  ha.SCMNodeInfo (SCMNodeInfo.java:getPort(197)) - ConfigKey ozone.scm.security.service.address is deprecated, For configuring different ports for each SCM use PortConfigKey ozone.scm.security.service.port appended with serviceId and nodeId
2023-06-17 00:47:12,121 [main] INFO  ha.SCMNodeInfo (SCMNodeInfo.java:getPort(197)) - ConfigKey ozone.scm.datanode.address is deprecated, For configuring different ports for each SCM use PortConfigKey ozone.scm.datanode.port appended with serviceId and nodeId
2023-06-17 00:47:12,206 [pool-2-thread-1] INFO  request.KdcRequest (KdcRequest.java:preauth(651)) - The preauth data is empty.
2023-06-17 00:47:12,213 [pool-2-thread-1] INFO  server.KdcHandler (KdcHandler.java:handleRecoverableException(177)) - KRB error occurred while processing request:Additional pre-authentication required
2023-06-17 00:47:12,271 [pool-2-thread-1] INFO  request.AsRequest (AsRequest.java:issueTicket(112)) - AS_REQ ISSUE: authtime 1686962832268,scm/fv-az275-58.go2hi5et44qedpdz5zrtt3gknc.xx.internal.cloudapp.net@EXAMPLE.COM for krbtgt/EXAMPLE.COM@EXAMPLE.COM
2023-06-17 00:47:12,283 [main] INFO  security.UserGroupInformation (UserGroupInformation.java:loginUserFromKeytab(1132)) - Login successful for user scm/fv-az275-58.go2hi5et44qedpdz5zrtt3gknc.xx.internal.cloudapp.net@EXAMPLE.COM using keytab file scm.keytab. Keytab auto renewal enabled : false
2023-06-17 00:47:12,283 [main] INFO  server.StorageContainerManager (StorageContainerManager.java:loginAsSCMUserIfSecurityEnabled(1042)) - SCM login successful.
2023-06-17 00:47:12,387 [main] WARN  utils.HAUtils (HAUtils.java:getMetaDir(352)) - ozone.scm.db.dirs is not configured. We recommend adding this setting. Falling back to ozone.metadata.dirs instead.
2023-06-17 00:47:12,565 [main] WARN  db.DBStoreBuilder (DBStoreBuilder.java:applyDBDefinition(165)) - ozone.scm.db.dirs is not configured. We recommend adding this setting. Falling back to ozone.metadata.dirs instead.
2023-06-17 00:47:12,844 [main] INFO  net.NodeSchemaLoader (NodeSchemaLoader.java:loadSchemaFromFile(129)) - Loading schema from [jar:file:/home/runner/.m2/repository/org/apache/ozone/hdds-common/1.4.0-SNAPSHOT/hdds-common-1.4.0-SNAPSHOT.jar!/network-topology-default.xml]
2023-06-17 00:47:12,845 [main] INFO  net.NodeSchemaLoader (NodeSchemaLoader.java:loadSchema(176)) - Loading network topology layer schema file
2023-06-17 00:47:12,978 [main] INFO  ha.SCMRatisServerImpl (SCMRatisServerImpl.java:<init>(98)) - starting Raft server for scm:746ad1cd-7733-4d67-8369-e04f45d32291
2023-06-17 00:47:12,980 [main] INFO  server.RaftServer (ConfUtils.java:logGet(46)) - raft.rpc.type = GRPC (default)
2023-06-17 00:47:12,980 [main] INFO  grpc.GrpcConfigKeys (ConfUtils.java:logFallback(53)) - raft.grpc.admin.host = null (fallback to raft.grpc.server.host)
2023-06-17 00:47:12,981 [main] INFO  grpc.GrpcConfigKeys (ConfUtils.java:logFallback(53)) - raft.grpc.admin.port = 15003 (fallback to raft.grpc.server.port)
2023-06-17 00:47:12,981 [main] INFO  grpc.GrpcConfigKeys (ConfUtils.java:logFallback(53)) - raft.grpc.client.host = null (fallback to raft.grpc.server.host)
2023-06-17 00:47:12,981 [main] INFO  grpc.GrpcConfigKeys (ConfUtils.java:logFallback(53)) - raft.grpc.client.port = 15003 (fallback to raft.grpc.server.port)
2023-06-17 00:47:12,981 [main] INFO  grpc.GrpcConfigKeys (ConfUtils.java:logGet(46)) - raft.grpc.server.host = null (default)
2023-06-17 00:47:12,982 [main] INFO  grpc.GrpcConfigKeys (ConfUtils.java:logGet(46)) - raft.grpc.server.port = 15003 (custom)
2023-06-17 00:47:12,982 [main] INFO  server.GrpcService (ConfUtils.java:logGet(46)) - raft.grpc.message.size.max = 32m (=33554432) (custom)
2023-06-17 00:47:12,982 [main] INFO  server.RaftServerConfigKeys (ConfUtils.java:logGet(46)) - raft.server.log.appender.buffer.byte-limit = 33554432 (custom)
2023-06-17 00:47:12,982 [main] INFO  server.GrpcService (ConfUtils.java:logGet(46)) - raft.grpc.flow.control.window = 1MB (=1048576) (default)
2023-06-17 00:47:12,983 [main] INFO  server.RaftServerConfigKeys (ConfUtils.java:logGet(46)) - raft.server.rpc.request.timeout = 30000ms (custom)
2023-06-17 00:47:12,983 [main] INFO  grpc.GrpcConfigKeys (ConfUtils.java:logGet(46)) - raft.grpc.server.heartbeat.channel = true (default)
2023-06-17 00:47:12,983 [main] INFO  grpc.GrpcConfigKeys (ConfUtils.java:logGet(46)) - raft.grpc.server.async.request.thread.pool.cached = true (default)
2023-06-17 00:47:12,984 [main] INFO  grpc.GrpcConfigKeys (ConfUtils.java:logGet(46)) - raft.grpc.server.async.request.thread.pool.size = 32 (default)
2023-06-17 00:47:12,986 [main] INFO  impl.DataStreamServerImpl (ConfUtils.java:logGet(46)) - raft.datastream.type = DISABLED (default)
2023-06-17 00:47:12,986 [main] INFO  server.RaftServerConfigKeys (ConfUtils.java:logGet(46)) - raft.server.threadpool.proxy.cached = true (default)
2023-06-17 00:47:12,986 [main] INFO  server.RaftServerConfigKeys (ConfUtils.java:logGet(46)) - raft.server.threadpool.proxy.size = 0 (default)
2023-06-17 00:47:12,987 [main] INFO  server.RaftServerConfigKeys (ConfUtils.java:logGet(46)) - raft.server.rpc.slowness.timeout = 120000ms (custom)
2023-06-17 00:47:12,987 [main] INFO  server.RaftServerConfigKeys (ConfUtils.java:logGet(46)) - raft.server.leaderelection.leader.step-down.wait-time = 10s (default)
2023-06-17 00:47:12,987 [main] INFO  server.RaftServerConfigKeys (ConfUtils.java:logGet(46)) - raft.server.storage.dir = [/home/runner/work/ozone/ozone/hadoop-ozone/integration-test/target/test-dir/MiniOzoneClusterImpl-a3d962f4-5b41-4a19-a1e3-7934b631c69d/scmNode-1/scm-ha] (custom)
2023-06-17 00:47:12,988 [746ad1cd-7733-4d67-8369-e04f45d32291-impl-thread1] INFO  server.RaftServer (RaftServerProxy.java:initGroupDir(258)) - 746ad1cd-7733-4d67-8369-e04f45d32291: found a subdirectory /home/runner/work/ozone/ozone/hadoop-ozone/integration-test/target/test-dir/MiniOzoneClusterImpl-a3d962f4-5b41-4a19-a1e3-7934b631c69d/scmNode-1/scm-ha/a3d962f4-5b41-4a19-a1e3-7934b631c69d
2023-06-17 00:47:12,989 [main] INFO  server.RaftServer (RaftServerProxy.java:addNew(98)) - 746ad1cd-7733-4d67-8369-e04f45d32291: addNew group-7934B631C69D:[] returns group-7934B631C69D:java.util.concurrent.CompletableFuture@45849604[Not completed]
2023-06-17 00:47:12,992 [746ad1cd-7733-4d67-8369-e04f45d32291-groupManagement] INFO  server.RaftServer$Division (RaftServerImpl.java:<init>(198)) - 746ad1cd-7733-4d67-8369-e04f45d32291: new RaftServerImpl for group-7934B631C69D:[] with SCMStateMachine:uninitialized
2023-06-17 00:47:12,992 [746ad1cd-7733-4d67-8369-e04f45d32291-groupManagement] INFO  server.RaftServerConfigKeys (ConfUtils.java:logGet(46)) - raft.server.rpc.timeout.min = 5000ms (custom)
2023-06-17 00:47:12,992 [746ad1cd-7733-4d67-8369-e04f45d32291-groupManagement] INFO  server.RaftServerConfigKeys (ConfUtils.java:logGet(46)) - raft.server.rpc.timeout.max = 5200ms (custom)
2023-06-17 00:47:12,993 [746ad1cd-7733-4d67-8369-e04f45d32291-groupManagement] INFO  server.RaftServerConfigKeys (ConfUtils.java:logGet(46)) - raft.server.rpc.sleep.time = 25ms (default)
2023-06-17 00:47:12,993 [746ad1cd-7733-4d67-8369-e04f45d32291-groupManagement] INFO  server.RaftServerConfigKeys (ConfUtils.java:logGet(46)) - raft.server.rpc.slowness.timeout = 120000ms (custom)
2023-06-17 00:47:12,993 [746ad1cd-7733-4d67-8369-e04f45d32291-groupManagement] INFO  server.RaftServerConfigKeys (ConfUtils.java:logGet(46)) - raft.server.leaderelection.leader.step-down.wait-time = 10s (default)
2023-06-17 00:47:12,993 [746ad1cd-7733-4d67-8369-e04f45d32291-groupManagement] INFO  server.RaftServerConfigKeys (ConfUtils.java:logGet(46)) - raft.server.sleep.deviation.threshold = 300ms (default)
2023-06-17 00:47:12,993 [746ad1cd-7733-4d67-8369-e04f45d32291-groupManagement] INFO  server.RaftServer$Division (ServerState.java:<init>(120)) - 746ad1cd-7733-4d67-8369-e04f45d32291@group-7934B631C69D: ConfigurationManager, init=-1: peers:[]|listeners:[], old=null, confs=<EMPTY_MAP>
2023-06-17 00:47:12,993 [746ad1cd-7733-4d67-8369-e04f45d32291-groupManagement] INFO  server.RaftServerConfigKeys (ConfUtils.java:logGet(46)) - raft.server.storage.dir = [/home/runner/work/ozone/ozone/hadoop-ozone/integration-test/target/test-dir/MiniOzoneClusterImpl-a3d962f4-5b41-4a19-a1e3-7934b631c69d/scmNode-1/scm-ha] (custom)
2023-06-17 00:47:12,994 [746ad1cd-7733-4d67-8369-e04f45d32291-groupManagement] INFO  server.RaftServerConfigKeys (ConfUtils.java:logGet(46)) - raft.server.log.corruption.policy = EXCEPTION (default)
2023-06-17 00:47:12,994 [746ad1cd-7733-4d67-8369-e04f45d32291-groupManagement] INFO  server.RaftServerConfigKeys (ConfUtils.java:logGet(46)) - raft.server.storage.free-space.min = 0MB (=0) (default)
2023-06-17 00:47:12,994 [746ad1cd-7733-4d67-8369-e04f45d32291-groupManagement] INFO  server.RaftServerConfigKeys (ConfUtils.java:logGet(46)) - raft.server.notification.no-leader.timeout = 60s (default)
2023-06-17 00:47:12,994 [746ad1cd-7733-4d67-8369-e04f45d32291-groupManagement] INFO  server.RaftServerConfigKeys (ConfUtils.java:logGet(46)) - raft.server.read.timeout = 10s (default)
2023-06-17 00:47:12,994 [746ad1cd-7733-4d67-8369-e04f45d32291-groupManagement] INFO  server.RaftServerConfigKeys (ConfUtils.java:logGet(46)) - raft.server.retrycache.expirytime = 60000ms (default)
2023-06-17 00:47:12,994 [746ad1cd-7733-4d67-8369-e04f45d32291-groupManagement] INFO  server.RaftServerConfigKeys (ConfUtils.java:logGet(46)) - raft.server.retrycache.statistics.expirytime = 100μs (default)
2023-06-17 00:47:12,994 [746ad1cd-7733-4d67-8369-e04f45d32291-groupManagement] INFO  server.RaftServerConfigKeys (ConfUtils.java:logGet(46)) - raft.server.read.option = DEFAULT (default)
2023-06-17 00:47:13,004 [746ad1cd-7733-4d67-8369-e04f45d32291-groupManagement] INFO  server.RaftServerConfigKeys (ConfUtils.java:logGet(46)) - raft.server.rpc.request.timeout = 30000ms (custom)
2023-06-17 00:47:13,004 [746ad1cd-7733-4d67-8369-e04f45d32291-groupManagement] INFO  server.RaftServerConfigKeys (ConfUtils.java:logGet(46)) - raft.server.log.appender.install.snapshot.enabled = false (custom)
2023-06-17 00:47:13,004 [746ad1cd-7733-4d67-8369-e04f45d32291-groupManagement] INFO  server.RaftServerConfigKeys (ConfUtils.java:logGet(46)) - raft.server.threadpool.server.cached = true (default)
2023-06-17 00:47:13,004 [746ad1cd-7733-4d67-8369-e04f45d32291-groupManagement] INFO  server.RaftServerConfigKeys (ConfUtils.java:logGet(46)) - raft.server.threadpool.server.size = 0 (default)
2023-06-17 00:47:13,005 [746ad1cd-7733-4d67-8369-e04f45d32291-groupManagement] INFO  server.RaftServerConfigKeys (ConfUtils.java:logGet(46)) - raft.server.threadpool.client.cached = true (default)
2023-06-17 00:47:13,005 [746ad1cd-7733-4d67-8369-e04f45d32291-groupManagement] INFO  server.RaftServerConfigKeys (ConfUtils.java:logGet(46)) - raft.server.threadpool.client.size = 0 (default)
2023-06-17 00:47:13,007 [main] INFO  ha.SCMSnapshotProvider (SCMSnapshotProvider.java:<init>(66)) - Initializing SCM Snapshot Provider
2023-06-17 00:47:13,007 [main] WARN  server.ServerUtils (ServerUtils.java:getDefaultRatisDirectory(323)) - Storage directory for Ratis is not configured. It is a good idea to map this to an SSD disk. Falling back to ozone.metadata.dirs
2023-06-17 00:47:13,008 [main] WARN  ha.SCMHAUtils (SCMHAUtils.java:getSCMRatisSnapshotDirectory(153)) - SCM snapshot dir is not configured. Falling back to ozone.metadata.dirs config
2023-06-17 00:47:13,052 [main] INFO  upgrade.AbstractLayoutVersionManager (AbstractLayoutVersionManager.java:init(83)) - Initializing Layout version manager with metadata layout = HADOOP_PRC_PORTS_IN_DATANODEDETAILS (version = 7), software layout = HADOOP_PRC_PORTS_IN_DATANODEDETAILS (version = 7)
2023-06-17 00:47:13,096 [main] INFO  ha.SequenceIdGenerator (SequenceIdGenerator.java:upgradeToSequenceId(349)) - upgrade localId to 111677748019200000
2023-06-17 00:47:13,097 [main] INFO  ha.SequenceIdGenerator (SequenceIdGenerator.java:upgradeToSequenceId(359)) - upgrade delTxnId to 0
2023-06-17 00:47:13,103 [main] INFO  ha.SequenceIdGenerator (SequenceIdGenerator.java:upgradeToSequenceId(376)) - upgrade containerId to 0
2023-06-17 00:47:13,105 [main] INFO  ha.SequenceIdGenerator (SequenceIdGenerator.java:<init>(220)) - Init the HA SequenceIdGenerator.
2023-06-17 00:47:13,181 [main] INFO  node.SCMNodeManager (SCMNodeManager.java:<init>(159)) - Entering startup safe mode.
2023-06-17 00:47:13,199 [main] INFO  algorithms.ContainerPlacementPolicyFactory (ContainerPlacementPolicyFactory.java:getPolicyInternal(86)) - Create container placement policy of type org.apache.hadoop.hdds.scm.container.placement.algorithms.SCMContainerPlacementRackAware
2023-06-17 00:47:13,202 [main] INFO  algorithms.ContainerPlacementPolicyFactory (ContainerPlacementPolicyFactory.java:getPolicyInternal(86)) - Create container placement policy of type org.apache.hadoop.hdds.scm.container.placement.algorithms.SCMContainerPlacementRackScatter
2023-06-17 00:47:13,213 [main] INFO  pipeline.PipelineStateManagerImpl (PipelineStateManagerImpl.java:initialize(78)) - No pipeline exists in current db
2023-06-17 00:47:13,231 [main] INFO  algorithms.LeaderChoosePolicyFactory (LeaderChoosePolicyFactory.java:getPolicy(57)) - Create leader choose policy of type org.apache.hadoop.hdds.scm.pipeline.leader.choose.algorithms.MinLeaderCountChoosePolicy
2023-06-17 00:47:13,232 [main] INFO  algorithms.ContainerPlacementPolicyFactory (ContainerPlacementPolicyFactory.java:getPolicyInternal(86)) - Create container placement policy of type org.apache.hadoop.hdds.scm.container.placement.algorithms.SCMContainerPlacementRackScatter
2023-06-17 00:47:13,238 [main] INFO  ha.SCMServiceManager (SCMServiceManager.java:register(42)) - Registering service BackgroundPipelineCreator.
2023-06-17 00:47:13,239 [main] INFO  pipeline.BackgroundPipelineCreator (BackgroundPipelineCreator.java:start(124)) - Starting RatisPipelineUtilsThread.
2023-06-17 00:47:13,242 [main] INFO  BackgroundPipelineScrubber (BackgroundSCMService.java:start(68)) - Starting BackgroundPipelineScrubber Service.
2023-06-17 00:47:13,245 [main] INFO  ha.SCMServiceManager (SCMServiceManager.java:register(42)) - Registering service BackgroundPipelineScrubber.
2023-06-17 00:47:13,254 [main] INFO  ExpiredContainerReplicaOpScrubber (BackgroundSCMService.java:start(68)) - Starting ExpiredContainerReplicaOpScrubber Service.
2023-06-17 00:47:13,256 [main] INFO  ha.SCMServiceManager (SCMServiceManager.java:register(42)) - Registering service ExpiredContainerReplicaOpScrubber.
2023-06-17 00:47:13,300 [main] INFO  algorithms.PipelineChoosePolicyFactory (PipelineChoosePolicyFactory.java:createPipelineChoosePolicyFromClass(73)) - Create pipeline choose policy of type org.apache.hadoop.hdds.scm.pipeline.choose.algorithms.RandomPipelineChoosePolicy
2023-06-17 00:47:13,326 [main] INFO  ha.SCMServiceManager (SCMServiceManager.java:register(42)) - Registering service SCMBlockDeletingService.
2023-06-17 00:47:13,398 [main] INFO  replication.ReplicationManager (ReplicationManager.java:start(286)) - Starting Replication Monitor Thread.
2023-06-17 00:47:13,411 [main] INFO  ha.SCMServiceManager (SCMServiceManager.java:register(42)) - Registering service ReplicationManager.
2023-06-17 00:47:13,413 [ReplicationMonitor] INFO  replication.ReplicationManager (ReplicationManager.java:processAll(361)) - Replication Manager is not ready to run until 300000ms after safemode exit
2023-06-17 00:47:13,424 [main] INFO  safemode.ContainerSafeModeRule (ContainerSafeModeRule.java:<init>(89)) - containers with one replica threshold count 0
2023-06-17 00:47:13,428 [main] INFO  safemode.HealthyPipelineSafeModeRule (HealthyPipelineSafeModeRule.java:initializeRule(169)) - Total pipeline count is 0, healthy pipeline threshold count is 0
2023-06-17 00:47:13,430 [main] INFO  safemode.OneReplicaPipelineSafeModeRule (OneReplicaPipelineSafeModeRule.java:initializeRule(180)) - Total pipeline count is 0, pipeline's with at least one datanode reported threshold count is 0
2023-06-17 00:47:13,758 [main] INFO  security.SecretKeyManagerService (SecretKeyManagerService.java:start(143)) - Scheduling rotation checker with interval PT1S
2023-06-17 00:47:13,759 [main] INFO  ha.SCMServiceManager (SCMServiceManager.java:register(42)) - Registering service SecretKeyManagerService.
2023-06-17 00:47:13,767 [main] INFO  authority.DefaultCAServer (DefaultCAServer.java:lambda$processVerificationStatus$0(465)) - CertificateServer validation is successful
2023-06-17 00:47:13,768 [main] INFO  authority.DefaultCAServer (DefaultCAServer.java:lambda$processVerificationStatus$0(465)) - CertificateServer validation is successful
2023-06-17 00:47:13,769 [main] INFO  server.StorageContainerManager (StorageContainerManager.java:persistPrimarySCMCerts(910)) - Storing sub-ca certificate serialId 1853911944075 on primary SCM
2023-06-17 00:47:13,784 [main] INFO  server.StorageContainerManager (StorageContainerManager.java:persistPrimarySCMCerts(918)) - Storing root certificate serialId 1
2023-06-17 00:47:13,836 [main] INFO  ipc.CallQueueManager (CallQueueManager.java:<init>(90)) - Using callQueue: class java.util.concurrent.LinkedBlockingQueue, queueCapacity: 200, scheduler: class org.apache.hadoop.ipc.DefaultRpcScheduler, ipcBackoff: false.
2023-06-17 00:47:13,890 [Socket Reader #1 for port 15002] INFO  ipc.Server (Server.java:run(1319)) - Starting Socket Reader #1 for port 15002
2023-06-17 00:47:13,944 [Listener at 0.0.0.0/15002] INFO  hdds.HddsUtils (HddsUtils.java:preserveThreadName(848)) - Restoring thread name: main
2023-06-17 00:47:13,956 [main] INFO  ha.SCMServiceManager (SCMServiceManager.java:register(42)) - Registering service RootCARotationManager.
2023-06-17 00:47:13,958 [main] INFO  server.StorageContainerManager (StorageContainerManager.java:<init>(414)) - SCM start with adminUsers: [runner, scm]
2023-06-17 00:47:14,318 [main] INFO  audit.AuditLogger (AuditLogger.java:refreshDebugCmdSet(126)) - Refresh DebugCmdSet for SCMAudit to [].
2023-06-17 00:47:14,327 [main] INFO  ipc.CallQueueManager (CallQueueManager.java:<init>(90)) - Using callQueue: class java.util.concurrent.LinkedBlockingQueue, queueCapacity: 10000, scheduler: class org.apache.hadoop.ipc.DefaultRpcScheduler, ipcBackoff: false.
2023-06-17 00:47:14,328 [Socket Reader #1 for port 15004] INFO  ipc.Server (Server.java:run(1319)) - Starting Socket Reader #1 for port 15004
2023-06-17 00:47:14,332 [Listener at 0.0.0.0/15004] INFO  hdds.HddsUtils (HddsUtils.java:preserveThreadName(848)) - Restoring thread name: main
2023-06-17 00:47:14,369 [main] INFO  audit.AuditLogger (AuditLogger.java:refreshDebugCmdSet(126)) - Refresh DebugCmdSet for SCMAudit to [].
2023-06-17 00:47:14,379 [main] INFO  ipc.CallQueueManager (CallQueueManager.java:<init>(90)) - Using callQueue: class java.util.concurrent.LinkedBlockingQueue, queueCapacity: 10000, scheduler: class org.apache.hadoop.ipc.DefaultRpcScheduler, ipcBackoff: false.
2023-06-17 00:47:14,380 [Socket Reader #1 for port 15007] INFO  ipc.Server (Server.java:run(1319)) - Starting Socket Reader #1 for port 15007
2023-06-17 00:47:14,383 [Listener at 0.0.0.0/15007] INFO  hdds.HddsUtils (HddsUtils.java:preserveThreadName(848)) - Restoring thread name: main
2023-06-17 00:47:14,423 [main] INFO  audit.AuditLogger (AuditLogger.java:refreshDebugCmdSet(126)) - Refresh DebugCmdSet for SCMAudit to [].
2023-06-17 00:47:14,437 [main] INFO  ipc.CallQueueManager (CallQueueManager.java:<init>(90)) - Using callQueue: class java.util.concurrent.LinkedBlockingQueue, queueCapacity: 10000, scheduler: class org.apache.hadoop.ipc.DefaultRpcScheduler, ipcBackoff: false.
2023-06-17 00:47:14,438 [Socket Reader #1 for port 15005] INFO  ipc.Server (Server.java:run(1319)) - Starting Socket Reader #1 for port 15005
2023-06-17 00:47:14,445 [Listener at 0.0.0.0/15005] INFO  hdds.HddsUtils (HddsUtils.java:preserveThreadName(848)) - Restoring thread name: main
2023-06-17 00:47:14,532 [main] INFO  ha.SCMServiceManager (SCMServiceManager.java:register(42)) - Registering service ContainerBalancer.
2023-06-17 00:47:14,534 [main] INFO  server.StorageContainerManager (StorageContainerManager.java:<init>(427)) - 
Container Balancer status:
Key                            Value
Running                        false
Container Balancer Configuration values:
Key                                                Value
Threshold                                          10
Max Datanodes to Involve per Iteration(percent)    20
Max Size to Move per Iteration                     500GB
Max Size Entering Target per Iteration             26GB
Max Size Leaving Source per Iteration              26GB

2023-06-17 00:47:14,535 [main] INFO  ha.SCMContext (SCMContext.java:updateSafeModeStatus(228)) - Update SafeModeStatus from SafeModeStatus{safeModeStatus=true, preCheckPassed=false} to SafeModeStatus{safeModeStatus=true, preCheckPassed=false}.
2023-06-17 00:47:14,544 [main] INFO  server.StorageContainerManager (StorageContainerManager.java:start(1483)) - StorageContainerLocationProtocol RPC server is listening at /0.0.0.0:15005
2023-06-17 00:47:14,547 [main] INFO  ha.SCMRatisServerImpl (SCMRatisServerImpl.java:start(189)) - starting ratis server 0.0.0.0:15003
2023-06-17 00:47:14,549 [746ad1cd-7733-4d67-8369-e04f45d32291-impl-thread1] INFO  storage.RaftStorageDirectory (RaftStorageDirectoryImpl.java:tryLock(231)) - Lock on /home/runner/work/ozone/ozone/hadoop-ozone/integration-test/target/test-dir/MiniOzoneClusterImpl-a3d962f4-5b41-4a19-a1e3-7934b631c69d/scmNode-1/scm-ha/a3d962f4-5b41-4a19-a1e3-7934b631c69d/in_use.lock acquired by nodename 26315@fv-az275-58
2023-06-17 00:47:14,551 [746ad1cd-7733-4d67-8369-e04f45d32291-impl-thread1] INFO  storage.RaftStorage (RaftStorageImpl.java:analyzeAndRecoverStorage(117)) - Read RaftStorageMetadata{term=1, votedFor=746ad1cd-7733-4d67-8369-e04f45d32291} from /home/runner/work/ozone/ozone/hadoop-ozone/integration-test/target/test-dir/MiniOzoneClusterImpl-a3d962f4-5b41-4a19-a1e3-7934b631c69d/scmNode-1/scm-ha/a3d962f4-5b41-4a19-a1e3-7934b631c69d/current/raft-meta
2023-06-17 00:47:14,555 [746ad1cd-7733-4d67-8369-e04f45d32291-impl-thread1] INFO  server.RaftServer$Division (ServerState.java:setRaftConf(434)) - 746ad1cd-7733-4d67-8369-e04f45d32291@group-7934B631C69D: set configuration 0: peers:[746ad1cd-7733-4d67-8369-e04f45d32291|rpc:localhost:15003|admin:|client:|dataStream:|priority:0|startupRole:FOLLOWER]|listeners:[], old=null
2023-06-17 00:47:14,555 [746ad1cd-7733-4d67-8369-e04f45d32291-impl-thread1] INFO  server.RaftServerConfigKeys (ConfUtils.java:logGet(46)) - raft.server.log.use.memory = false (default)
2023-06-17 00:47:14,556 [746ad1cd-7733-4d67-8369-e04f45d32291-impl-thread1] INFO  server.RaftServerConfigKeys (ConfUtils.java:logGet(46)) - raft.server.log.purge.gap = 100 (custom)
2023-06-17 00:47:14,556 [746ad1cd-7733-4d67-8369-e04f45d32291-impl-thread1] INFO  server.RaftServerConfigKeys (ConfUtils.java:logGet(46)) - raft.server.log.appender.buffer.byte-limit = 33554432 (custom)
2023-06-17 00:47:14,556 [746ad1cd-7733-4d67-8369-e04f45d32291-impl-thread1] INFO  server.RaftServerConfigKeys (ConfUtils.java:logGet(46)) - raft.server.log.statemachine.data.read.timeout = 1000ms (default)
2023-06-17 00:47:14,556 [746ad1cd-7733-4d67-8369-e04f45d32291-impl-thread1] INFO  server.RaftServerConfigKeys (ConfUtils.java:logGet(46)) - raft.server.log.purge.preservation.log.num = 0 (default)
2023-06-17 00:47:14,557 [746ad1cd-7733-4d67-8369-e04f45d32291-impl-thread1] INFO  server.RaftServerConfigKeys (ConfUtils.java:logGet(46)) - raft.server.log.segment.size.max = 4194304 (custom)
2023-06-17 00:47:14,557 [746ad1cd-7733-4d67-8369-e04f45d32291-impl-thread1] INFO  server.RaftServerConfigKeys (ConfUtils.java:logGet(46)) - raft.server.log.segment.cache.num.max = 2 (custom)
2023-06-17 00:47:14,559 [746ad1cd-7733-4d67-8369-e04f45d32291-impl-thread1] INFO  server.RaftServerConfigKeys (ConfUtils.java:logGet(46)) - raft.server.log.segment.cache.size.max = 200MB (=209715200) (default)
2023-06-17 00:47:14,560 [746ad1cd-7733-4d67-8369-e04f45d32291-impl-thread1] INFO  server.RaftServerConfigKeys (ConfUtils.java:logGet(46)) - raft.server.log.appender.buffer.byte-limit = 33554432 (custom)
2023-06-17 00:47:14,560 [746ad1cd-7733-4d67-8369-e04f45d32291-impl-thread1] INFO  segmented.SegmentedRaftLogWorker (SegmentedRaftLogWorker.java:<init>(188)) - new 746ad1cd-7733-4d67-8369-e04f45d32291@group-7934B631C69D-SegmentedRaftLogWorker for RaftStorageImpl:Storage Directory /home/runner/work/ozone/ozone/hadoop-ozone/integration-test/target/test-dir/MiniOzoneClusterImpl-a3d962f4-5b41-4a19-a1e3-7934b631c69d/scmNode-1/scm-ha/a3d962f4-5b41-4a19-a1e3-7934b631c69d
2023-06-17 00:47:14,560 [746ad1cd-7733-4d67-8369-e04f45d32291-impl-thread1] INFO  server.RaftServerConfigKeys (ConfUtils.java:logGet(46)) - raft.server.log.queue.byte-limit = 64MB (=67108864) (default)
2023-06-17 00:47:14,560 [746ad1cd-7733-4d67-8369-e04f45d32291-impl-thread1] INFO  server.RaftServerConfigKeys (ConfUtils.java:logGet(46)) - raft.server.log.queue.element-limit = 4096 (default)
2023-06-17 00:47:14,561 [746ad1cd-7733-4d67-8369-e04f45d32291-impl-thread1] INFO  server.RaftServerConfigKeys (ConfUtils.java:logGet(46)) - raft.server.log.segment.size.max = 4194304 (custom)
2023-06-17 00:47:14,561 [746ad1cd-7733-4d67-8369-e04f45d32291-impl-thread1] INFO  server.RaftServerConfigKeys (ConfUtils.java:logGet(46)) - raft.server.log.preallocated.size = 4194304 (custom)
2023-06-17 00:47:14,561 [746ad1cd-7733-4d67-8369-e04f45d32291-impl-thread1] INFO  server.RaftServerConfigKeys (ConfUtils.java:logGet(46)) - raft.server.log.force.sync.num = 128 (default)
2023-06-17 00:47:14,561 [746ad1cd-7733-4d67-8369-e04f45d32291-impl-thread1] INFO  server.RaftServerConfigKeys (ConfUtils.java:logGet(46)) - raft.server.log.statemachine.data.sync = true (default)
2023-06-17 00:47:14,561 [746ad1cd-7733-4d67-8369-e04f45d32291-impl-thread1] INFO  server.RaftServerConfigKeys (ConfUtils.java:logGet(46)) - raft.server.log.statemachine.data.sync.timeout = 10s (default)
2023-06-17 00:47:14,561 [746ad1cd-7733-4d67-8369-e04f45d32291-impl-thread1] INFO  server.RaftServerConfigKeys (ConfUtils.java:logGet(46)) - raft.server.log.statemachine.data.sync.timeout.retry = -1 (default)
2023-06-17 00:47:14,563 [746ad1cd-7733-4d67-8369-e04f45d32291-impl-thread1] INFO  server.RaftServerConfigKeys (ConfUtils.java:logGet(46)) - raft.server.log.write.buffer.size = 64KB (=65536) (default)
2023-06-17 00:47:14,563 [746ad1cd-7733-4d67-8369-e04f45d32291-impl-thread1] INFO  server.RaftServerConfigKeys (ConfUtils.java:logGet(46)) - raft.server.log.appender.buffer.byte-limit = 33554432 (custom)
2023-06-17 00:47:14,570 [746ad1cd-7733-4d67-8369-e04f45d32291-impl-thread1] INFO  server.RaftServerConfigKeys (ConfUtils.java:logGet(46)) - raft.server.log.unsafe-flush.enabled = false (default)
2023-06-17 00:47:14,571 [746ad1cd-7733-4d67-8369-e04f45d32291-impl-thread1] INFO  server.RaftServerConfigKeys (ConfUtils.java:logGet(46)) - raft.server.log.async-flush.enabled = false (default)
2023-06-17 00:47:14,571 [746ad1cd-7733-4d67-8369-e04f45d32291-impl-thread1] INFO  server.RaftServerConfigKeys (ConfUtils.java:logGet(46)) - raft.server.log.statemachine.data.caching.enabled = false (default)
2023-06-17 00:47:14,581 [746ad1cd-7733-4d67-8369-e04f45d32291-impl-thread1] INFO  server.RaftServer$Division (ServerState.java:setRaftConf(434)) - 746ad1cd-7733-4d67-8369-e04f45d32291@group-7934B631C69D: set configuration 0: peers:[746ad1cd-7733-4d67-8369-e04f45d32291|rpc:localhost:15003|admin:|client:|dataStream:|priority:0|startupRole:FOLLOWER]|listeners:[], old=null
2023-06-17 00:47:14,582 [746ad1cd-7733-4d67-8369-e04f45d32291-impl-thread1] INFO  segmented.LogSegment (LogSegment.java:loadSegment(170)) - Successfully read 1 entries from segment file /home/runner/work/ozone/ozone/hadoop-ozone/integration-test/target/test-dir/MiniOzoneClusterImpl-a3d962f4-5b41-4a19-a1e3-7934b631c69d/scmNode-1/scm-ha/a3d962f4-5b41-4a19-a1e3-7934b631c69d/current/log_inprogress_0
2023-06-17 00:47:14,582 [746ad1cd-7733-4d67-8369-e04f45d32291-impl-thread1] INFO  segmented.SegmentedRaftLogWorker (SegmentedRaftLogWorker.java:lambda$new$0(135)) - 746ad1cd-7733-4d67-8369-e04f45d32291@group-7934B631C69D-SegmentedRaftLogWorker: safeCacheEvictIndex: setUnconditionally 0 -> -1
2023-06-17 00:47:14,583 [746ad1cd-7733-4d67-8369-e04f45d32291-impl-thread1] INFO  server.RaftServer$Division (RaftServerImpl.java:start(342)) - 746ad1cd-7733-4d67-8369-e04f45d32291@group-7934B631C69D: start as a follower, conf=0: peers:[746ad1cd-7733-4d67-8369-e04f45d32291|rpc:localhost:15003|admin:|client:|dataStream:|priority:0|startupRole:FOLLOWER]|listeners:[], old=null
2023-06-17 00:47:14,583 [746ad1cd-7733-4d67-8369-e04f45d32291-impl-thread1] INFO  server.RaftServer$Division (RaftServerImpl.java:setRole(329)) - 746ad1cd-7733-4d67-8369-e04f45d32291@group-7934B631C69D: changes role from      null to FOLLOWER at term 1 for startAsFollower
2023-06-17 00:47:14,583 [746ad1cd-7733-4d67-8369-e04f45d32291-impl-thread1] INFO  impl.RoleInfo (RoleInfo.java:updateAndGet(139)) - 746ad1cd-7733-4d67-8369-e04f45d32291: start 746ad1cd-7733-4d67-8369-e04f45d32291@group-7934B631C69D-FollowerState
2023-06-17 00:47:14,585 [746ad1cd-7733-4d67-8369-e04f45d32291-impl-thread1] INFO  util.JmxRegister (JmxRegister.java:tryRegister(44)) - Successfully registered JMX Bean with object name Ratis:service=RaftServer,group=group-7934B631C69D,id=746ad1cd-7733-4d67-8369-e04f45d32291
2023-06-17 00:47:14,589 [746ad1cd-7733-4d67-8369-e04f45d32291-impl-thread1] INFO  server.RaftServerConfigKeys (ConfUtils.java:logGet(46)) - raft.server.snapshot.auto.trigger.enabled = true (custom)
2023-06-17 00:47:14,590 [746ad1cd-7733-4d67-8369-e04f45d32291-impl-thread1] INFO  server.RaftServerConfigKeys (ConfUtils.java:logGet(46)) - raft.server.snapshot.auto.trigger.threshold = 100 (custom)
2023-06-17 00:47:14,590 [746ad1cd-7733-4d67-8369-e04f45d32291-impl-thread1] INFO  server.RaftServerConfigKeys (ConfUtils.java:logGet(46)) - raft.server.snapshot.retention.file.num = -1 (default)
2023-06-17 00:47:14,590 [746ad1cd-7733-4d67-8369-e04f45d32291-impl-thread1] INFO  server.RaftServerConfigKeys (ConfUtils.java:logGet(46)) - raft.server.log.purge.upto.snapshot.index = true (custom)
2023-06-17 00:47:14,589 [746ad1cd-7733-4d67-8369-e04f45d32291@group-7934B631C69D-FollowerState] INFO  server.RaftServerConfigKeys (ConfUtils.java:logFallback(53)) - raft.server.rpc.first-election.timeout.min = 5000ms (fallback to raft.server.rpc.timeout.min)
2023-06-17 00:47:14,591 [746ad1cd-7733-4d67-8369-e04f45d32291@group-7934B631C69D-FollowerState] INFO  server.RaftServerConfigKeys (ConfUtils.java:logFallback(53)) - raft.server.rpc.first-election.timeout.max = 5200ms (fallback to raft.server.rpc.timeout.max)
2023-06-17 00:47:14,592 [main] INFO  server.RaftServer (RaftServerProxy.java:startImpl(400)) - 746ad1cd-7733-4d67-8369-e04f45d32291: start RPC server
2023-06-17 00:47:14,597 [main] INFO  server.GrpcService (GrpcService.java:startImpl(302)) - 746ad1cd-7733-4d67-8369-e04f45d32291: GrpcService started, listening on 15003
2023-06-17 00:47:14,608 [JvmPauseMonitor1] INFO  util.JvmPauseMonitor (JvmPauseMonitor.java:run(103)) - JvmPauseMonitor-746ad1cd-7733-4d67-8369-e04f45d32291: Started
2023-06-17 00:47:14,615 [main] INFO  ha.SCMHAManagerImpl (SCMHAManagerImpl.java:start(139)) -  scm role is FOLLOWER peers [746ad1cd-7733-4d67-8369-e04f45d32291|rpc:localhost:15003|admin:|client:|dataStream:|priority:0|startupRole:FOLLOWER]
2023-06-17 00:47:14,615 [main] INFO  ha.InterSCMGrpcService (InterSCMGrpcProtocolService.java:start(95)) - Starting SCM Grpc Service at port 15006
2023-06-17 00:47:14,620 [main] INFO  SCMHATransactionMonitor (BackgroundSCMService.java:start(68)) - Starting SCMHATransactionMonitor Service.
2023-06-17 00:47:14,620 [main] INFO  ha.SCMServiceManager (SCMServiceManager.java:register(42)) - Registering service SCMHATransactionMonitor.
2023-06-17 00:47:14,621 [main] INFO  SCMHATransactionMonitor (BackgroundSCMService.java:start(65)) - SCMHATransactionMonitor Service is already running, skip start.
2023-06-17 00:47:14,740 [main] WARN  impl.MetricsConfig (MetricsConfig.java:loadFirst(136)) - Cannot locate configuration: tried hadoop-metrics2-storagecontainermanager.properties,hadoop-metrics2.properties
2023-06-17 00:47:14,777 [main] INFO  impl.MetricsSystemImpl (MetricsSystemImpl.java:startTimer(378)) - Scheduled Metric snapshot period at 10 second(s).
2023-06-17 00:47:14,777 [main] INFO  impl.MetricsSystemImpl (MetricsSystemImpl.java:start(191)) - StorageContainerManager metrics system started
2023-06-17 00:47:14,886 [main] INFO  server.SCMClientProtocolServer (SCMClientProtocolServer.java:start(201)) - RPC server for Client  is listening at /0.0.0.0:15005
2023-06-17 00:47:14,886 [IPC Server Responder] INFO  ipc.Server (Server.java:run(1558)) - IPC Server Responder: starting
2023-06-17 00:47:14,912 [IPC Server listener on 15005] INFO  ipc.Server (Server.java:run(1398)) - IPC Server listener on 15005: starting
2023-06-17 00:47:14,924 [main] INFO  server.StorageContainerManager (StorageContainerManager.java:start(1496)) - ScmBlockLocationProtocol RPC server is listening at /0.0.0.0:15007
2023-06-17 00:47:14,929 [main] INFO  server.SCMBlockProtocolServer (SCMBlockProtocolServer.java:start(152)) - RPC server for Block Protocol is listening at /0.0.0.0:15007
2023-06-17 00:47:14,930 [IPC Server Responder] INFO  ipc.Server (Server.java:run(1558)) - IPC Server Responder: starting
2023-06-17 00:47:14,937 [IPC Server listener on 15007] INFO  ipc.Server (Server.java:run(1398)) - IPC Server listener on 15007: starting
2023-06-17 00:47:14,958 [main] INFO  server.SCMSecurityProtocolServer (SCMSecurityProtocolServer.java:start(465)) - Starting RPC server for SCMSecurityProtocolServer. is listening at /0.0.0.0:15002
2023-06-17 00:47:14,960 [IPC Server Responder] INFO  ipc.Server (Server.java:run(1558)) - IPC Server Responder: starting
2023-06-17 00:47:14,960 [IPC Server listener on 15002] INFO  ipc.Server (Server.java:run(1398)) - IPC Server listener on 15002: starting
2023-06-17 00:47:14,960 [main] INFO  server.SCMUpdateServiceGrpcServer (SCMUpdateServiceGrpcServer.java:start(58)) - SCMUpdateService starting
2023-06-17 00:47:15,004 [main] INFO  security.RootCARotationManager (RootCARotationManager.java:start(135)) - Monitor task for root certificate 1 is started with interval PT24H.
2023-06-17 00:47:15,043 [main] INFO  http.BaseHttpServer (BaseHttpServer.java:newHttpServer2BuilderForOzone(224)) - Starting Web-server for scm at: http://0.0.0.0:15000
2023-06-17 00:47:15,044 [main] INFO  http.BaseHttpServer (BaseHttpServer.java:<init>(111)) - Hadoop Security Enabled: true Ozone Security Enabled: true Ozone HTTP Security Enabled: false 
2023-06-17 00:47:15,079 [main] INFO  util.log (Log.java:initialized(170)) - Logging initialized @14668ms to org.eclipse.jetty.util.log.Slf4jLog
2023-06-17 00:47:15,216 [main] WARN  server.AuthenticationFilter (AuthenticationFilter.java:constructSecretProvider(240)) - Unable to initialize FileSignerSecretProvider, falling back to use random secrets. Reason: Could not read signature secret file: /home/runner/hadoop-http-auth-signature-secret
2023-06-17 00:47:15,226 [main] INFO  http.HttpRequestLog (HttpRequestLog.java:getRequestLog(86)) - Http request log for http.requests.scm is not defined
2023-06-17 00:47:15,235 [main] INFO  http.HttpServer2 (HttpServer2.java:addGlobalFilter(1031)) - Added global filter 'safety' (class=org.apache.hadoop.hdds.server.http.HttpServer2$QuotingInputFilter)
2023-06-17 00:47:15,238 [main] INFO  http.HttpServer2 (HttpServer2.java:addFilter(1007)) - Added filter static_user_filter (class=org.apache.hadoop.http.lib.StaticUserWebFilter$StaticUserFilter) to context scm
2023-06-17 00:47:15,238 [main] INFO  http.HttpServer2 (HttpServer2.java:addFilter(1015)) - Added filter static_user_filter (class=org.apache.hadoop.http.lib.StaticUserWebFilter$StaticUserFilter) to context logs
2023-06-17 00:47:15,239 [main] INFO  http.HttpServer2 (HttpServer2.java:addFilter(1015)) - Added filter static_user_filter (class=org.apache.hadoop.http.lib.StaticUserWebFilter$StaticUserFilter) to context static
2023-06-17 00:47:15,458 [main] INFO  http.BaseHttpServer (BaseHttpServer.java:<init>(190)) - HTTP server of scm uses base directory /home/runner/work/ozone/ozone/hadoop-ozone/integration-test/target/test-dir/MiniOzoneClusterImpl-a3d962f4-5b41-4a19-a1e3-7934b631c69d/scmNode-1/webserver
2023-06-17 00:47:15,459 [main] INFO  http.HttpServer2 (HttpServer2.java:bindListener(1250)) - Jetty bound to port 15000
2023-06-17 00:47:15,461 [main] INFO  server.Server (Server.java:doStart(375)) - jetty-9.4.51.v20230217; built: 2023-02-17T08:19:37.309Z; git: b45c405e4544384de066f814ed42ae3dceacdd49; jvm 1.8.0_372-b07
2023-06-17 00:47:15,493 [main] INFO  server.session (DefaultSessionIdManager.java:doStart(334)) - DefaultSessionIdManager workerName=node0
2023-06-17 00:47:15,493 [main] INFO  server.session (DefaultSessionIdManager.java:doStart(339)) - No SessionScavenger set, using defaults
2023-06-17 00:47:15,495 [main] INFO  server.session (HouseKeeper.java:startScavenging(132)) - node0 Scavenging every 660000ms
2023-06-17 00:47:15,508 [main] INFO  handler.ContextHandler (ContextHandler.java:doStart(921)) - Started o.e.j.s.ServletContextHandler@54422189{logs,/logs,file:///home/runner/work/ozone/ozone/hadoop-ozone/integration-test/target/log,AVAILABLE}
2023-06-17 00:47:15,509 [main] INFO  handler.ContextHandler (ContextHandler.java:doStart(921)) - Started o.e.j.s.ServletContextHandler@5e435f0d{static,/static,file:///home/runner/work/ozone/ozone/hadoop-ozone/integration-test/target/test-classes/webapps/static,AVAILABLE}
2023-06-17 00:47:15,561 [main] INFO  handler.ContextHandler (ContextHandler.java:doStart(921)) - Started o.e.j.w.WebAppContext@5dd3841{scm,/,file:///home/runner/work/ozone/ozone/hadoop-ozone/integration-test/target/test-classes/webapps/scm/,AVAILABLE}{file:/home/runner/work/ozone/ozone/hadoop-ozone/integration-test/target/test-classes/webapps/scm}
2023-06-17 00:47:15,572 [main] INFO  server.AbstractConnector (AbstractConnector.java:doStart(333)) - Started ServerConnector@5205b2e5{HTTP/1.1, (http/1.1)}{0.0.0.0:15000}
2023-06-17 00:47:15,572 [main] INFO  server.Server (Server.java:doStart(415)) - Started @15161ms
2023-06-17 00:47:15,575 [main] INFO  impl.MetricsSinkAdapter (MetricsSinkAdapter.java:start(204)) - Sink prometheus started
2023-06-17 00:47:15,575 [main] INFO  impl.MetricsSystemImpl (MetricsSystemImpl.java:registerSink(305)) - Registered sink prometheus
2023-06-17 00:47:15,576 [main] INFO  http.BaseHttpServer (BaseHttpServer.java:updateConnectorAddress(344)) - HTTP server of scm listening at http://0.0.0.0:15000
2023-06-17 00:47:15,581 [main] INFO  ozone.MiniOzoneHAClusterImpl (MiniOzoneHAClusterImpl.java:createSCMService(588)) - Started SCM RPC server at /0.0.0.0:15005
2023-06-17 00:47:15,582 [main] WARN  server.ServerUtils (ServerUtils.java:getScmDbDir(155)) - ozone.scm.db.dirs is not configured. We recommend adding this setting. Falling back to ozone.metadata.dirs instead.
2023-06-17 00:47:15,583 [main] INFO  ha.SCMHANodeDetails (SCMHANodeDetails.java:loadSCMHAConfig(210)) - ServiceID for StorageContainerManager is SCMServiceId
2023-06-17 00:47:15,583 [main] INFO  ha.SCMHANodeDetails (SCMHANodeDetails.java:loadSCMHAConfig(221)) - ServiceID for StorageContainerManager is SCMServiceId
2023-06-17 00:47:15,583 [main] WARN  scm.ScmUtils (ScmUtils.java:logWarn(190)) - ConfigKey ozone.scm.block.client.address is deprecated, For configuring different ports for each SCM use PortConfigKey ozone.scm.block.client.port appended with serviceId and nodeId. If want to configure same port configure ozone.scm.block.client.port
2023-06-17 00:47:15,583 [main] WARN  scm.ScmUtils (ScmUtils.java:logWarn(190)) - ConfigKey ozone.scm.client.address is deprecated, For configuring different ports for each SCM use PortConfigKey ozone.scm.client.port appended with serviceId and nodeId. If want to configure same port configure ozone.scm.client.port
2023-06-17 00:47:15,584 [main] WARN  scm.ScmUtils (ScmUtils.java:logWarn(190)) - ConfigKey ozone.scm.datanode.address is deprecated, For configuring different ports for each SCM use PortConfigKey ozone.scm.datanode.port appended with serviceId and nodeId. If want to configure same port configure ozone.scm.datanode.port
2023-06-17 00:47:15,584 [main] WARN  scm.ScmUtils (ScmUtils.java:logWarn(190)) - ConfigKey ozone.scm.block.client.address is deprecated, For configuring different ports for each SCM use PortConfigKey ozone.scm.block.client.port appended with serviceId and nodeId. If want to configure same port configure ozone.scm.block.client.port
2023-06-17 00:47:15,584 [main] WARN  scm.ScmUtils (ScmUtils.java:logWarn(190)) - ConfigKey ozone.scm.client.address is deprecated, For configuring different ports for each SCM use PortConfigKey ozone.scm.client.port appended with serviceId and nodeId. If want to configure same port configure ozone.scm.client.port
2023-06-17 00:47:15,585 [main] WARN  scm.ScmUtils (ScmUtils.java:logWarn(190)) - ConfigKey ozone.scm.datanode.address is deprecated, For configuring different ports for each SCM use PortConfigKey ozone.scm.datanode.port appended with serviceId and nodeId. If want to configure same port configure ozone.scm.datanode.port
2023-06-17 00:47:15,585 [main] INFO  ha.SCMHANodeDetails (SCMHANodeDetails.java:loadSCMHAConfig(308)) - Found matching SCM address with SCMServiceId: SCMServiceId, SCMNodeId: scmNode-2, RPC Address: localhost:15011 and Ratis port: 15011
2023-06-17 00:47:15,585 [main] INFO  ha.SCMHANodeDetails (ConfUtils.java:setNodeSpecificConfigs(97)) - Setting configuration key ozone.scm.datanode.address with value of key ozone.scm.datanode.address.SCMServiceId.scmNode-2: 127.0.0.1:15012
2023-06-17 00:47:15,585 [main] INFO  ha.SCMHANodeDetails (ConfUtils.java:setNodeSpecificConfigs(97)) - Setting configuration key ozone.scm.block.client.address with value of key ozone.scm.block.client.address.SCMServiceId.scmNode-2: 127.0.0.1:15015
2023-06-17 00:47:15,586 [main] INFO  ha.SCMHANodeDetails (ConfUtils.java:setNodeSpecificConfigs(97)) - Setting configuration key ozone.scm.client.address with value of key ozone.scm.client.address.SCMServiceId.scmNode-2: 127.0.0.1:15013
2023-06-17 00:47:15,586 [main] INFO  ha.SCMHANodeDetails (ConfUtils.java:setNodeSpecificConfigs(97)) - Setting configuration key ozone.scm.security.service.address with value of key ozone.scm.security.service.address.SCMServiceId.scmNode-2: 127.0.0.1:15010
2023-06-17 00:47:15,586 [main] INFO  ha.SCMHANodeDetails (ConfUtils.java:setNodeSpecificConfigs(97)) - Setting configuration key ozone.scm.ratis.port with value of key ozone.scm.ratis.port.SCMServiceId.scmNode-2: 15011
2023-06-17 00:47:15,586 [main] INFO  ha.SCMHANodeDetails (ConfUtils.java:setNodeSpecificConfigs(97)) - Setting configuration key ozone.scm.grpc.port with value of key ozone.scm.grpc.port.SCMServiceId.scmNode-2: 15014
2023-06-17 00:47:15,586 [main] INFO  ha.SCMHANodeDetails (ConfUtils.java:setNodeSpecificConfigs(97)) - Setting configuration key ozone.scm.http-address with value of key ozone.scm.http-address.SCMServiceId.scmNode-2: 127.0.0.1:15008
2023-06-17 00:47:15,587 [main] INFO  ha.SCMHANodeDetails (ConfUtils.java:setNodeSpecificConfigs(97)) - Setting configuration key ozone.scm.https-address with value of key ozone.scm.https-address.SCMServiceId.scmNode-2: 127.0.0.1:15009
2023-06-17 00:47:15,587 [main] INFO  ha.SCMHANodeDetails (ConfUtils.java:setNodeSpecificConfigs(97)) - Setting configuration key ozone.scm.address with value of key ozone.scm.address.SCMServiceId.scmNode-2: 127.0.0.1
2023-06-17 00:47:15,587 [main] WARN  scm.ScmUtils (ScmUtils.java:logWarn(190)) - ConfigKey ozone.scm.block.client.address is deprecated, For configuring different ports for each SCM use PortConfigKey ozone.scm.block.client.port appended with serviceId and nodeId. If want to configure same port configure ozone.scm.block.client.port
2023-06-17 00:47:15,587 [main] WARN  scm.ScmUtils (ScmUtils.java:logWarn(190)) - ConfigKey ozone.scm.client.address is deprecated, For configuring different ports for each SCM use PortConfigKey ozone.scm.client.port appended with serviceId and nodeId. If want to configure same port configure ozone.scm.client.port
2023-06-17 00:47:15,587 [main] WARN  scm.ScmUtils (ScmUtils.java:logWarn(190)) - ConfigKey ozone.scm.datanode.address is deprecated, For configuring different ports for each SCM use PortConfigKey ozone.scm.datanode.port appended with serviceId and nodeId. If want to configure same port configure ozone.scm.datanode.port
2023-06-17 00:47:15,588 [main] INFO  ha.SCMNodeInfo (SCMNodeInfo.java:getPort(197)) - ConfigKey ozone.scm.client.address is deprecated, For configuring different ports for each SCM use PortConfigKey ozone.scm.client.port appended with serviceId and nodeId
2023-06-17 00:47:15,588 [main] INFO  ha.SCMNodeInfo (SCMNodeInfo.java:getPort(197)) - ConfigKey ozone.scm.block.client.address is deprecated, For configuring different ports for each SCM use PortConfigKey ozone.scm.block.client.port appended with serviceId and nodeId
2023-06-17 00:47:15,588 [main] INFO  ha.SCMNodeInfo (SCMNodeInfo.java:getPort(197)) - ConfigKey ozone.scm.security.service.address is deprecated, For configuring different ports for each SCM use PortConfigKey ozone.scm.security.service.port appended with serviceId and nodeId
2023-06-17 00:47:15,588 [main] INFO  ha.SCMNodeInfo (SCMNodeInfo.java:getPort(197)) - ConfigKey ozone.scm.datanode.address is deprecated, For configuring different ports for each SCM use PortConfigKey ozone.scm.datanode.port appended with serviceId and nodeId
2023-06-17 00:47:15,589 [main] INFO  ha.SCMNodeInfo (SCMNodeInfo.java:getPort(197)) - ConfigKey ozone.scm.client.address is deprecated, For configuring different ports for each SCM use PortConfigKey ozone.scm.client.port appended with serviceId and nodeId
2023-06-17 00:47:15,589 [main] INFO  ha.SCMNodeInfo (SCMNodeInfo.java:getPort(197)) - ConfigKey ozone.scm.block.client.address is deprecated, For configuring different ports for each SCM use PortConfigKey ozone.scm.block.client.port appended with serviceId and nodeId
2023-06-17 00:47:15,589 [main] INFO  ha.SCMNodeInfo (SCMNodeInfo.java:getPort(197)) - ConfigKey ozone.scm.security.service.address is deprecated, For configuring different ports for each SCM use PortConfigKey ozone.scm.security.service.port appended with serviceId and nodeId
2023-06-17 00:47:15,589 [main] INFO  ha.SCMNodeInfo (SCMNodeInfo.java:getPort(197)) - ConfigKey ozone.scm.datanode.address is deprecated, For configuring different ports for each SCM use PortConfigKey ozone.scm.datanode.port appended with serviceId and nodeId
2023-06-17 00:47:15,589 [main] INFO  ha.SCMNodeInfo (SCMNodeInfo.java:getPort(197)) - ConfigKey ozone.scm.client.address is deprecated, For configuring different ports for each SCM use PortConfigKey ozone.scm.client.port appended with serviceId and nodeId
2023-06-17 00:47:15,590 [main] INFO  ha.SCMNodeInfo (SCMNodeInfo.java:getPort(197)) - ConfigKey ozone.scm.block.client.address is deprecated, For configuring different ports for each SCM use PortConfigKey ozone.scm.block.client.port appended with serviceId and nodeId
2023-06-17 00:47:15,590 [main] INFO  ha.SCMNodeInfo (SCMNodeInfo.java:getPort(197)) - ConfigKey ozone.scm.security.service.address is deprecated, For configuring different ports for each SCM use PortConfigKey ozone.scm.security.service.port appended with serviceId and nodeId
2023-06-17 00:47:15,590 [main] INFO  ha.SCMNodeInfo (SCMNodeInfo.java:getPort(197)) - ConfigKey ozone.scm.datanode.address is deprecated, For configuring different ports for each SCM use PortConfigKey ozone.scm.datanode.port appended with serviceId and nodeId
2023-06-17 00:47:15,594 [pool-2-thread-1] INFO  request.KdcRequest (KdcRequest.java:preauth(651)) - The preauth data is empty.
2023-06-17 00:47:15,594 [pool-2-thread-1] INFO  server.KdcHandler (KdcHandler.java:handleRecoverableException(177)) - KRB error occurred while processing request:Additional pre-authentication required
2023-06-17 00:47:15,603 [pool-2-thread-1] INFO  request.AsRequest (AsRequest.java:issueTicket(112)) - AS_REQ ISSUE: authtime 1686962835602,scm/fv-az275-58.go2hi5et44qedpdz5zrtt3gknc.xx.internal.cloudapp.net@EXAMPLE.COM for krbtgt/EXAMPLE.COM@EXAMPLE.COM
2023-06-17 00:47:15,606 [main] INFO  security.UserGroupInformation (UserGroupInformation.java:loginUserFromKeytab(1132)) - Login successful for user scm/fv-az275-58.go2hi5et44qedpdz5zrtt3gknc.xx.internal.cloudapp.net@EXAMPLE.COM using keytab file scm.keytab. Keytab auto renewal enabled : false
2023-06-17 00:47:15,606 [main] INFO  server.StorageContainerManager (StorageContainerManager.java:loginAsSCMUserIfSecurityEnabled(1042)) - SCM login successful.
2023-06-17 00:47:15,614 [main] INFO  ha.SCMNodeInfo (SCMNodeInfo.java:getPort(197)) - ConfigKey ozone.scm.client.address is deprecated, For configuring different ports for each SCM use PortConfigKey ozone.scm.client.port appended with serviceId and nodeId
2023-06-17 00:47:15,614 [main] INFO  ha.SCMNodeInfo (SCMNodeInfo.java:getPort(197)) - ConfigKey ozone.scm.block.client.address is deprecated, For configuring different ports for each SCM use PortConfigKey ozone.scm.block.client.port appended with serviceId and nodeId
2023-06-17 00:47:15,614 [main] INFO  ha.SCMNodeInfo (SCMNodeInfo.java:getPort(197)) - ConfigKey ozone.scm.security.service.address is deprecated, For configuring different ports for each SCM use PortConfigKey ozone.scm.security.service.port appended with serviceId and nodeId
2023-06-17 00:47:15,616 [main] INFO  ha.SCMNodeInfo (SCMNodeInfo.java:getPort(197)) - ConfigKey ozone.scm.datanode.address is deprecated, For configuring different ports for each SCM use PortConfigKey ozone.scm.datanode.port appended with serviceId and nodeId
2023-06-17 00:47:15,617 [main] INFO  ha.SCMNodeInfo (SCMNodeInfo.java:getPort(197)) - ConfigKey ozone.scm.client.address is deprecated, For configuring different ports for each SCM use PortConfigKey ozone.scm.client.port appended with serviceId and nodeId
2023-06-17 00:47:15,617 [main] INFO  ha.SCMNodeInfo (SCMNodeInfo.java:getPort(197)) - ConfigKey ozone.scm.block.client.address is deprecated, For configuring different ports for each SCM use PortConfigKey ozone.scm.block.client.port appended with serviceId and nodeId
2023-06-17 00:47:15,617 [main] INFO  ha.SCMNodeInfo (SCMNodeInfo.java:getPort(197)) - ConfigKey ozone.scm.security.service.address is deprecated, For configuring different ports for each SCM use PortConfigKey ozone.scm.security.service.port appended with serviceId and nodeId
2023-06-17 00:47:15,617 [main] INFO  ha.SCMNodeInfo (SCMNodeInfo.java:getPort(197)) - ConfigKey ozone.scm.datanode.address is deprecated, For configuring different ports for each SCM use PortConfigKey ozone.scm.datanode.port appended with serviceId and nodeId
2023-06-17 00:47:15,618 [main] INFO  proxy.SCMBlockLocationFailoverProxyProvider (SCMBlockLocationFailoverProxyProvider.java:<init>(114)) - Created block location fail-over proxy with 2 nodes: [nodeId=scmNode-3,nodeAddress=/127.0.0.1:15023, nodeId=scmNode-1,nodeAddress=/127.0.0.1:15007]
2023-06-17 00:47:15,802 [pool-2-thread-1] INFO  request.TgsRequest (TgsRequest.java:issueTicket(115)) - TGS_REQ ISSUE: authtime 1686962835802,scm/fv-az275-58.go2hi5et44qedpdz5zrtt3gknc.xx.internal.cloudapp.net for scm/fv-az275-58.go2hi5et44qedpdz5zrtt3gknc.xx.internal.cloudapp.net@EXAMPLE.COM
2023-06-17 00:47:15,830 [Socket Reader #1 for port 15007] INFO  ipc.Server (Server.java:saslProcess(2116)) - Auth successful for scm/fv-az275-58.go2hi5et44qedpdz5zrtt3gknc.xx.internal.cloudapp.net@EXAMPLE.COM (auth:KERBEROS) from 10.1.0.235:45523
2023-06-17 00:47:19,653 [746ad1cd-7733-4d67-8369-e04f45d32291@group-7934B631C69D-FollowerState] INFO  impl.FollowerState (FollowerState.java:run(143)) - 746ad1cd-7733-4d67-8369-e04f45d32291@group-7934B631C69D-FollowerState: change to CANDIDATE, lastRpcElapsedTime:5069712082ns, electionTimeout:5061ms
2023-06-17 00:47:19,655 [746ad1cd-7733-4d67-8369-e04f45d32291@group-7934B631C69D-FollowerState] INFO  impl.RoleInfo (RoleInfo.java:shutdownFollowerState(110)) - 746ad1cd-7733-4d67-8369-e04f45d32291: shutdown 746ad1cd-7733-4d67-8369-e04f45d32291@group-7934B631C69D-FollowerState
2023-06-17 00:47:19,655 [746ad1cd-7733-4d67-8369-e04f45d32291@group-7934B631C69D-FollowerState] INFO  server.RaftServer$Division (RaftServerImpl.java:setRole(329)) - 746ad1cd-7733-4d67-8369-e04f45d32291@group-7934B631C69D: changes role from  FOLLOWER to CANDIDATE at term 1 for changeToCandidate
2023-06-17 00:47:19,655 [746ad1cd-7733-4d67-8369-e04f45d32291@group-7934B631C69D-FollowerState] INFO  server.RaftServerConfigKeys (ConfUtils.java:logGet(46)) - raft.server.leaderelection.pre-vote = true (default)
2023-06-17 00:47:19,655 [746ad1cd-7733-4d67-8369-e04f45d32291@group-7934B631C69D-FollowerState] INFO  impl.RoleInfo (RoleInfo.java:updateAndGet(139)) - 746ad1cd-7733-4d67-8369-e04f45d32291: start 746ad1cd-7733-4d67-8369-e04f45d32291@group-7934B631C69D-LeaderElection2
2023-06-17 00:47:19,657 [746ad1cd-7733-4d67-8369-e04f45d32291@group-7934B631C69D-LeaderElection2] INFO  impl.LeaderElection (LeaderElection.java:askForVotes(321)) - 746ad1cd-7733-4d67-8369-e04f45d32291@group-7934B631C69D-LeaderElection2 PRE_VOTE round 0: submit vote requests at term 1 for 0: peers:[746ad1cd-7733-4d67-8369-e04f45d32291|rpc:localhost:15003|admin:|client:|dataStream:|priority:0|startupRole:FOLLOWER]|listeners:[], old=null
2023-06-17 00:47:19,658 [746ad1cd-7733-4d67-8369-e04f45d32291@group-7934B631C69D-LeaderElection2] INFO  impl.LeaderElection (LeaderElection.java:askForVotes(323)) - 746ad1cd-7733-4d67-8369-e04f45d32291@group-7934B631C69D-LeaderElection2 PRE_VOTE round 0: result PASSED (term=1)
2023-06-17 00:47:19,660 [746ad1cd-7733-4d67-8369-e04f45d32291@group-7934B631C69D-LeaderElection2] INFO  impl.LeaderElection (LeaderElection.java:askForVotes(321)) - 746ad1cd-7733-4d67-8369-e04f45d32291@group-7934B631C69D-LeaderElection2 ELECTION round 0: submit vote requests at term 2 for 0: peers:[746ad1cd-7733-4d67-8369-e04f45d32291|rpc:localhost:15003|admin:|client:|dataStream:|priority:0|startupRole:FOLLOWER]|listeners:[], old=null
2023-06-17 00:47:19,660 [746ad1cd-7733-4d67-8369-e04f45d32291@group-7934B631C69D-LeaderElection2] INFO  impl.LeaderElection (LeaderElection.java:askForVotes(323)) - 746ad1cd-7733-4d67-8369-e04f45d32291@group-7934B631C69D-LeaderElection2 ELECTION round 0: result PASSED (term=2)
2023-06-17 00:47:19,661 [746ad1cd-7733-4d67-8369-e04f45d32291@group-7934B631C69D-LeaderElection2] INFO  impl.RoleInfo (RoleInfo.java:shutdownLeaderElection(130)) - 746ad1cd-7733-4d67-8369-e04f45d32291: shutdown 746ad1cd-7733-4d67-8369-e04f45d32291@group-7934B631C69D-LeaderElection2
2023-06-17 00:47:19,661 [746ad1cd-7733-4d67-8369-e04f45d32291@group-7934B631C69D-LeaderElection2] INFO  server.RaftServer$Division (RaftServerImpl.java:setRole(329)) - 746ad1cd-7733-4d67-8369-e04f45d32291@group-7934B631C69D: changes role from CANDIDATE to LEADER at term 2 for changeToLeader
2023-06-17 00:47:19,661 [746ad1cd-7733-4d67-8369-e04f45d32291@group-7934B631C69D-LeaderElection2] INFO  ha.SCMStateMachine (SCMStateMachine.java:notifyLeaderChanged(290)) - current SCM becomes leader of term 2.
2023-06-17 00:47:19,661 [746ad1cd-7733-4d67-8369-e04f45d32291@group-7934B631C69D-LeaderElection2] INFO  ha.SCMContext (SCMContext.java:updateLeaderAndTerm(99)) - update <isLeader,term> from <false,0> to <true,2>
2023-06-17 00:47:19,669 [746ad1cd-7733-4d67-8369-e04f45d32291@group-7934B631C69D-LeaderElection2] INFO  server.RaftServer$Division (ServerState.java:setLeader(317)) - 746ad1cd-7733-4d67-8369-e04f45d32291@group-7934B631C69D: change Leader from null to 746ad1cd-7733-4d67-8369-e04f45d32291 at term 2 for becomeLeader, leader elected after 6666ms
2023-06-17 00:47:19,669 [746ad1cd-7733-4d67-8369-e04f45d32291@group-7934B631C69D-LeaderElection2] INFO  server.RaftServerConfigKeys (ConfUtils.java:logGet(46)) - raft.server.staging.catchup.gap = 1000 (default)
2023-06-17 00:47:19,669 [746ad1cd-7733-4d67-8369-e04f45d32291@group-7934B631C69D-LeaderElection2] INFO  server.RaftServerConfigKeys (ConfUtils.java:logGet(46)) - raft.server.write.element-limit = 4096 (default)
2023-06-17 00:47:19,670 [746ad1cd-7733-4d67-8369-e04f45d32291@group-7934B631C69D-LeaderElection2] INFO  server.RaftServerConfigKeys (ConfUtils.java:logGet(46)) - raft.server.write.byte-limit = 64MB (=67108864) (default)
2023-06-17 00:47:19,671 [746ad1cd-7733-4d67-8369-e04f45d32291@group-7934B631C69D-LeaderElection2] INFO  server.RaftServerConfigKeys (ConfUtils.java:logGet(46)) - raft.server.watch.timeout = 10s (default)
2023-06-17 00:47:19,676 [746ad1cd-7733-4d67-8369-e04f45d32291@group-7934B631C69D-LeaderElection2] INFO  server.RaftServerConfigKeys (ConfUtils.java:logGet(46)) - raft.server.watch.timeout.denomination = 1s (default)
2023-06-17 00:47:19,676 [746ad1cd-7733-4d67-8369-e04f45d32291@group-7934B631C69D-LeaderElection2] INFO  server.RaftServerConfigKeys (ConfUtils.java:logGet(46)) - raft.server.watch.element-limit = 65536 (default)
2023-06-17 00:47:19,676 [746ad1cd-7733-4d67-8369-e04f45d32291@group-7934B631C69D-LeaderElection2] INFO  server.RaftServerConfigKeys (ConfUtils.java:logGet(46)) - raft.server.write.element-limit = 4096 (default)
2023-06-17 00:47:19,676 [746ad1cd-7733-4d67-8369-e04f45d32291@group-7934B631C69D-LeaderElection2] INFO  server.RaftServerConfigKeys (ConfUtils.java:logGet(46)) - raft.server.write.follower.gap.ratio.max = -1.0 (default)
2023-06-17 00:47:19,677 [746ad1cd-7733-4d67-8369-e04f45d32291@group-7934B631C69D-LeaderElection2] INFO  impl.RoleInfo (RoleInfo.java:updateAndGet(139)) - 746ad1cd-7733-4d67-8369-e04f45d32291: start 746ad1cd-7733-4d67-8369-e04f45d32291@group-7934B631C69D-LeaderStateImpl
2023-06-17 00:47:19,678 [746ad1cd-7733-4d67-8369-e04f45d32291@group-7934B631C69D-LeaderElection2] INFO  segmented.SegmentedRaftLogWorker (SegmentedRaftLogWorker.java:rollLogSegment(452)) - 746ad1cd-7733-4d67-8369-e04f45d32291@group-7934B631C69D-SegmentedRaftLogWorker: Rolling segment log-0_0 to index:0
2023-06-17 00:47:19,682 [746ad1cd-7733-4d67-8369-e04f45d32291@group-7934B631C69D-SegmentedRaftLogWorker] INFO  segmented.SegmentedRaftLogWorker (SegmentedRaftLogWorker.java:execute(608)) - 746ad1cd-7733-4d67-8369-e04f45d32291@group-7934B631C69D-SegmentedRaftLogWorker: Rolled log segment from /home/runner/work/ozone/ozone/hadoop-ozone/integration-test/target/test-dir/MiniOzoneClusterImpl-a3d962f4-5b41-4a19-a1e3-7934b631c69d/scmNode-1/scm-ha/a3d962f4-5b41-4a19-a1e3-7934b631c69d/current/log_inprogress_0 to /home/runner/work/ozone/ozone/hadoop-ozone/integration-test/target/test-dir/MiniOzoneClusterImpl-a3d962f4-5b41-4a19-a1e3-7934b631c69d/scmNode-1/scm-ha/a3d962f4-5b41-4a19-a1e3-7934b631c69d/current/log_0-0
2023-06-17 00:47:19,684 [746ad1cd-7733-4d67-8369-e04f45d32291@group-7934B631C69D-LeaderElection2] INFO  server.RaftServer$Division (ServerState.java:setRaftConf(434)) - 746ad1cd-7733-4d67-8369-e04f45d32291@group-7934B631C69D: set configuration 1: peers:[746ad1cd-7733-4d67-8369-e04f45d32291|rpc:localhost:15003|admin:|client:|dataStream:|priority:0|startupRole:FOLLOWER]|listeners:[], old=null
2023-06-17 00:47:19,698 [746ad1cd-7733-4d67-8369-e04f45d32291@group-7934B631C69D-SegmentedRaftLogWorker] INFO  segmented.SegmentedRaftLogWorker (SegmentedRaftLogWorker.java:execute(651)) - 746ad1cd-7733-4d67-8369-e04f45d32291@group-7934B631C69D-SegmentedRaftLogWorker: created new log segment /home/runner/work/ozone/ozone/hadoop-ozone/integration-test/target/test-dir/MiniOzoneClusterImpl-a3d962f4-5b41-4a19-a1e3-7934b631c69d/scmNode-1/scm-ha/a3d962f4-5b41-4a19-a1e3-7934b631c69d/current/log_inprogress_1
2023-06-17 00:47:19,708 [746ad1cd-7733-4d67-8369-e04f45d32291@group-7934B631C69D-StateMachineUpdater] INFO  ha.SCMContext (SCMContext.java:setLeaderReady(126)) - update <isLeaderReady> from <false> to <true>
2023-06-17 00:47:19,710 [746ad1cd-7733-4d67-8369-e04f45d32291@group-7934B631C69D-StateMachineUpdater] INFO  pipeline.BackgroundPipelineCreator (BackgroundPipelineCreator.java:notifyStatusChanged(254)) - Service BackgroundPipelineCreator transitions to RUNNING.
2023-06-17 00:47:19,711 [SecretKeyManagerService] INFO  symmetric.SecretKeyManager (SecretKeyManager.java:checkAndInitialize(80)) - Initializing SecretKeys.
2023-06-17 00:47:19,713 [SecretKeyManagerService] INFO  symmetric.SecretKeyManager (SecretKeyManager.java:checkAndInitialize(94)) - No valid key has been loaded. A new key is generated: SecretKey(id = d2282791-1de8-41db-82d9-01f4c51e3fcb, creation at: 2023-06-17T00:47:19.712Z, expire at: 2023-06-17T00:48:20.712Z)
2023-06-17 00:47:19,722 [746ad1cd-7733-4d67-8369-e04f45d32291@group-7934B631C69D-StateMachineUpdater] INFO  safemode.HealthyPipelineSafeModeRule (HealthyPipelineSafeModeRule.java:initializeRule(165)) - Refreshed total pipeline count is 0, healthy pipeline threshold count is 0
2023-06-17 00:47:19,723 [746ad1cd-7733-4d67-8369-e04f45d32291@group-7934B631C69D-StateMachineUpdater] INFO  safemode.ContainerSafeModeRule (ContainerSafeModeRule.java:reInitializeRule(177)) - Refreshed one replica container threshold 0, currentThreshold 0
2023-06-17 00:47:19,724 [746ad1cd-7733-4d67-8369-e04f45d32291@group-7934B631C69D-StateMachineUpdater] INFO  safemode.OneReplicaPipelineSafeModeRule (OneReplicaPipelineSafeModeRule.java:initializeRule(176)) - Refreshed Total pipeline count is 0, pipeline's with at least one datanode reported threshold count is 0
2023-06-17 00:47:19,724 [746ad1cd-7733-4d67-8369-e04f45d32291@group-7934B631C69D-StateMachineUpdater] INFO  server.SCMDatanodeProtocolServer (SCMDatanodeProtocolServer.java:start(193)) - ScmDatanodeProtocol RPC server for DataNodes is listening at /0.0.0.0:15004
2023-06-17 00:47:19,744 [IPC Server listener on 15004] INFO  ipc.Server (Server.java:run(1398)) - IPC Server listener on 15004: starting
2023-06-17 00:47:19,744 [IPC Server Responder] INFO  ipc.Server (Server.java:run(1558)) - IPC Server Responder: starting
2023-06-17 00:47:19,846 [746ad1cd-7733-4d67-8369-e04f45d32291@group-7934B631C69D-StateMachineUpdater] INFO  symmetric.SecretKeyStateImpl (SecretKeyStateImpl.java:updateKeysInternal(113)) - Updating keys with [SecretKey(id = d2282791-1de8-41db-82d9-01f4c51e3fcb, creation at: 2023-06-17T00:47:19.712Z, expire at: 2023-06-17T00:48:20.712Z)]
2023-06-17 00:47:19,847 [746ad1cd-7733-4d67-8369-e04f45d32291@group-7934B631C69D-StateMachineUpdater] INFO  symmetric.SecretKeyStateImpl (SecretKeyStateImpl.java:updateKeysInternal(128)) - Current key updated SecretKey(id = d2282791-1de8-41db-82d9-01f4c51e3fcb, creation at: 2023-06-17T00:47:19.712Z, expire at: 2023-06-17T00:48:20.712Z)
2023-06-17 00:47:19,919 [746ad1cd-7733-4d67-8369-e04f45d32291@group-7934B631C69D-StateMachineUpdater] INFO  symmetric.LocalSecretKeyStore (LocalSecretKeyStore.java:save(109)) - Saved [SecretKey(id = d2282791-1de8-41db-82d9-01f4c51e3fcb, creation at: 2023-06-17T00:47:19.712Z, expire at: 2023-06-17T00:48:20.712Z)] to file /home/runner/work/ozone/ozone/hadoop-ozone/integration-test/target/test-dir/MiniOzoneClusterImpl-a3d962f4-5b41-4a19-a1e3-7934b631c69d/scmNode-1/scm/keys/secret_keys.json
2023-06-17 00:47:19,921 [746ad1cd-7733-4d67-8369-e04f45d32291@group-7934B631C69D-StateMachineUpdater] INFO  safemode.SCMSafeModeManager (SCMSafeModeManager.java:validateSafeModeExitRules(200)) - HealthyPipelineSafeModeRule rule is successfully validated
2023-06-17 00:47:19,922 [746ad1cd-7733-4d67-8369-e04f45d32291@group-7934B631C69D-StateMachineUpdater] INFO  safemode.SCMSafeModeManager (SCMSafeModeManager.java:validateSafeModeExitRules(200)) - ContainerSafeModeRule rule is successfully validated
2023-06-17 00:47:19,924 [746ad1cd-7733-4d67-8369-e04f45d32291@group-7934B631C69D-StateMachineUpdater] INFO  safemode.SCMSafeModeManager (SCMSafeModeManager.java:validateSafeModeExitRules(200)) - AtleastOneDatanodeReportedRule rule is successfully validated
2023-06-17 00:47:20,027 [main] INFO  ha.SCMNodeInfo (SCMNodeInfo.java:getPort(197)) - ConfigKey ozone.scm.client.address is deprecated, For configuring different ports for each SCM use PortConfigKey ozone.scm.client.port appended with serviceId and nodeId
2023-06-17 00:47:20,028 [main] INFO  ha.SCMNodeInfo (SCMNodeInfo.java:getPort(197)) - ConfigKey ozone.scm.block.client.address is deprecated, For configuring different ports for each SCM use PortConfigKey ozone.scm.block.client.port appended with serviceId and nodeId
2023-06-17 00:47:20,028 [main] INFO  ha.SCMNodeInfo (SCMNodeInfo.java:getPort(197)) - ConfigKey ozone.scm.security.service.address is deprecated, For configuring different ports for each SCM use PortConfigKey ozone.scm.security.service.port appended with serviceId and nodeId
2023-06-17 00:47:20,028 [main] INFO  ha.SCMNodeInfo (SCMNodeInfo.java:getPort(197)) - ConfigKey ozone.scm.datanode.address is deprecated, For configuring different ports for each SCM use PortConfigKey ozone.scm.datanode.port appended with serviceId and nodeId
2023-06-17 00:47:20,028 [main] INFO  ha.SCMNodeInfo (SCMNodeInfo.java:getPort(197)) - ConfigKey ozone.scm.client.address is deprecated, For configuring different ports for each SCM use PortConfigKey ozone.scm.client.port appended with serviceId and nodeId
2023-06-17 00:47:20,028 [main] INFO  ha.SCMNodeInfo (SCMNodeInfo.java:getPort(197)) - ConfigKey ozone.scm.block.client.address is deprecated, For configuring different ports for each SCM use PortConfigKey ozone.scm.block.client.port appended with serviceId and nodeId
2023-06-17 00:47:20,029 [main] INFO  ha.SCMNodeInfo (SCMNodeInfo.java:getPort(197)) - ConfigKey ozone.scm.security.service.address is deprecated, For configuring different ports for each SCM use PortConfigKey ozone.scm.security.service.port appended with serviceId and nodeId
2023-06-17 00:47:20,029 [main] INFO  ha.SCMNodeInfo (SCMNodeInfo.java:getPort(197)) - ConfigKey ozone.scm.datanode.address is deprecated, For configuring different ports for each SCM use PortConfigKey ozone.scm.datanode.port appended with serviceId and nodeId
2023-06-17 00:47:20,029 [main] INFO  ha.SCMNodeInfo (SCMNodeInfo.java:getPort(197)) - ConfigKey ozone.scm.client.address is deprecated, For configuring different ports for each SCM use PortConfigKey ozone.scm.client.port appended with serviceId and nodeId
2023-06-17 00:47:20,029 [main] INFO  ha.SCMNodeInfo (SCMNodeInfo.java:getPort(197)) - ConfigKey ozone.scm.block.client.address is deprecated, For configuring different ports for each SCM use PortConfigKey ozone.scm.block.client.port appended with serviceId and nodeId
2023-06-17 00:47:20,029 [main] INFO  ha.SCMNodeInfo (SCMNodeInfo.java:getPort(197)) - ConfigKey ozone.scm.security.service.address is deprecated, For configuring different ports for each SCM use PortConfigKey ozone.scm.security.service.port appended with serviceId and nodeId
2023-06-17 00:47:20,029 [main] INFO  ha.SCMNodeInfo (SCMNodeInfo.java:getPort(197)) - ConfigKey ozone.scm.datanode.address is deprecated, For configuring different ports for each SCM use PortConfigKey ozone.scm.datanode.port appended with serviceId and nodeId
2023-06-17 00:47:20,030 [main] INFO  ha.HASecurityUtils (HASecurityUtils.java:initializeSecurity(93)) - Initializing secure StorageContainerManager.
2023-06-17 00:47:20,030 [main] WARN  client.SCMCertificateClient (DefaultCertificateClient.java:loadAllCertificates(161)) - Certificates could not be loaded.
java.nio.file.NoSuchFileException: /home/runner/work/ozone/ozone/hadoop-ozone/integration-test/target/test-dir/MiniOzoneClusterImpl-a3d962f4-5b41-4a19-a1e3-7934b631c69d/scmNode-2/scm/sub-ca/certs
	at sun.nio.fs.UnixException.translateToIOException(UnixException.java:86)
	at sun.nio.fs.UnixException.rethrowAsIOException(UnixException.java:102)
	at sun.nio.fs.UnixException.rethrowAsIOException(UnixException.java:107)
	at sun.nio.fs.UnixFileSystemProvider.newDirectoryStream(UnixFileSystemProvider.java:427)
	at java.nio.file.Files.newDirectoryStream(Files.java:457)
	at java.nio.file.Files.list(Files.java:3451)
	at org.apache.hadoop.hdds.security.x509.certificate.client.DefaultCertificateClient.loadAllCertificates(DefaultCertificateClient.java:156)
	at org.apache.hadoop.hdds.security.x509.certificate.client.DefaultCertificateClient.updateCertSerialId(DefaultCertificateClient.java:1206)
	at org.apache.hadoop.hdds.security.x509.certificate.client.DefaultCertificateClient.<init>(DefaultCertificateClient.java:148)
	at org.apache.hadoop.hdds.security.x509.certificate.client.SCMCertificateClient.<init>(SCMCertificateClient.java:54)
	at org.apache.hadoop.hdds.scm.ha.HASecurityUtils.initializeSecurity(HASecurityUtils.java:97)
	at org.apache.hadoop.hdds.scm.server.StorageContainerManager.scmBootstrap(StorageContainerManager.java:1190)
	at org.apache.hadoop.ozone.MiniOzoneHAClusterImpl$Builder.createSCMService(MiniOzoneHAClusterImpl.java:571)
	at org.apache.hadoop.ozone.MiniOzoneHAClusterImpl$Builder.build(MiniOzoneHAClusterImpl.java:407)
	at org.apache.hadoop.ozone.scm.TestSecretKeySnapshot.init(TestSecretKeySnapshot.java:137)
	at sun.reflect.NativeMethodAccessorImpl.invoke0(Native Method)
	at sun.reflect.NativeMethodAccessorImpl.invoke(NativeMethodAccessorImpl.java:62)
	at sun.reflect.DelegatingMethodAccessorImpl.invoke(DelegatingMethodAccessorImpl.java:43)
	at java.lang.reflect.Method.invoke(Method.java:498)
	at org.junit.platform.commons.util.ReflectionUtils.invokeMethod(ReflectionUtils.java:725)
	at org.junit.jupiter.engine.execution.MethodInvocation.proceed(MethodInvocation.java:60)
	at org.junit.jupiter.engine.execution.InvocationInterceptorChain$ValidatingInvocation.proceed(InvocationInterceptorChain.java:131)
	at org.junit.jupiter.engine.extension.TimeoutExtension.intercept(TimeoutExtension.java:149)
	at org.junit.jupiter.engine.extension.TimeoutExtension.interceptLifecycleMethod(TimeoutExtension.java:126)
	at org.junit.jupiter.engine.extension.TimeoutExtension.interceptBeforeEachMethod(TimeoutExtension.java:76)
	at org.junit.jupiter.engine.execution.ExecutableInvoker$ReflectiveInterceptorCall.lambda$ofVoidMethod$0(ExecutableInvoker.java:115)
	at org.junit.jupiter.engine.execution.ExecutableInvoker.lambda$invoke$0(ExecutableInvoker.java:105)
	at org.junit.jupiter.engine.execution.InvocationInterceptorChain$InterceptedInvocation.proceed(InvocationInterceptorChain.java:106)
	at org.junit.jupiter.engine.execution.InvocationInterceptorChain.proceed(InvocationInterceptorChain.java:64)
	at org.junit.jupiter.engine.execution.InvocationInterceptorChain.chainAndInvoke(InvocationInterceptorChain.java:45)
	at org.junit.jupiter.engine.execution.InvocationInterceptorChain.invoke(InvocationInterceptorChain.java:37)
	at org.junit.jupiter.engine.execution.ExecutableInvoker.invoke(ExecutableInvoker.java:104)
	at org.junit.jupiter.engine.execution.ExecutableInvoker.invoke(ExecutableInvoker.java:98)
	at org.junit.jupiter.engine.descriptor.ClassBasedTestDescriptor.invokeMethodInExtensionContext(ClassBasedTestDescriptor.java:506)
	at org.junit.jupiter.engine.descriptor.ClassBasedTestDescriptor.lambda$synthesizeBeforeEachMethodAdapter$21(ClassBasedTestDescriptor.java:491)
	at org.junit.jupiter.engine.descriptor.TestMethodTestDescriptor.lambda$invokeBeforeEachMethods$3(TestMethodTestDescriptor.java:171)
	at org.junit.jupiter.engine.descriptor.TestMethodTestDescriptor.lambda$invokeBeforeMethodsOrCallbacksUntilExceptionOccurs$6(TestMethodTestDescriptor.java:199)
	at org.junit.platform.engine.support.hierarchical.ThrowableCollector.execute(ThrowableCollector.java:73)
	at org.junit.jupiter.engine.descriptor.TestMethodTestDescriptor.invokeBeforeMethodsOrCallbacksUntilExceptionOccurs(TestMethodTestDescriptor.java:199)
	at org.junit.jupiter.engine.descriptor.TestMethodTestDescriptor.invokeBeforeEachMethods(TestMethodTestDescriptor.java:168)
	at org.junit.jupiter.engine.descriptor.TestMethodTestDescriptor.execute(TestMethodTestDescriptor.java:131)
	at org.junit.jupiter.engine.descriptor.TestMethodTestDescriptor.execute(TestMethodTestDescriptor.java:66)
	at org.junit.platform.engine.support.hierarchical.NodeTestTask.lambda$executeRecursively$6(NodeTestTask.java:151)
	at org.junit.platform.engine.support.hierarchical.ThrowableCollector.execute(ThrowableCollector.java:73)
	at org.junit.platform.engine.support.hierarchical.NodeTestTask.lambda$executeRecursively$8(NodeTestTask.java:141)
	at org.junit.platform.engine.support.hierarchical.Node.around(Node.java:137)
	at org.junit.platform.engine.support.hierarchical.NodeTestTask.lambda$executeRecursively$9(NodeTestTask.java:139)
	at org.junit.platform.engine.support.hierarchical.ThrowableCollector.execute(ThrowableCollector.java:73)
	at org.junit.platform.engine.support.hierarchical.NodeTestTask.executeRecursively(NodeTestTask.java:138)
	at org.junit.platform.engine.support.hierarchical.NodeTestTask.execute(NodeTestTask.java:95)
	at java.util.ArrayList.forEach(ArrayList.java:1259)
	at org.junit.platform.engine.support.hierarchical.SameThreadHierarchicalTestExecutorService.invokeAll(SameThreadHierarchicalTestExecutorService.java:41)
	at org.junit.platform.engine.support.hierarchical.NodeTestTask.lambda$executeRecursively$6(NodeTestTask.java:155)
	at org.junit.platform.engine.support.hierarchical.ThrowableCollector.execute(ThrowableCollector.java:73)
	at org.junit.platform.engine.support.hierarchical.NodeTestTask.lambda$executeRecursively$8(NodeTestTask.java:141)
	at org.junit.platform.engine.support.hierarchical.Node.around(Node.java:137)
	at org.junit.platform.engine.support.hierarchical.NodeTestTask.lambda$executeRecursively$9(NodeTestTask.java:139)
	at org.junit.platform.engine.support.hierarchical.ThrowableCollector.execute(ThrowableCollector.java:73)
	at org.junit.platform.engine.support.hierarchical.NodeTestTask.executeRecursively(NodeTestTask.java:138)
	at org.junit.platform.engine.support.hierarchical.NodeTestTask.execute(NodeTestTask.java:95)
	at java.util.ArrayList.forEach(ArrayList.java:1259)
	at org.junit.platform.engine.support.hierarchical.SameThreadHierarchicalTestExecutorService.invokeAll(SameThreadHierarchicalTestExecutorService.java:41)
	at org.junit.platform.engine.support.hierarchical.NodeTestTask.lambda$executeRecursively$6(NodeTestTask.java:155)
	at org.junit.platform.engine.support.hierarchical.ThrowableCollector.execute(ThrowableCollector.java:73)
	at org.junit.platform.engine.support.hierarchical.NodeTestTask.lambda$executeRecursively$8(NodeTestTask.java:141)
	at org.junit.platform.engine.support.hierarchical.Node.around(Node.java:137)
	at org.junit.platform.engine.support.hierarchical.NodeTestTask.lambda$executeRecursively$9(NodeTestTask.java:139)
	at org.junit.platform.engine.support.hierarchical.ThrowableCollector.execute(ThrowableCollector.java:73)
	at org.junit.platform.engine.support.hierarchical.NodeTestTask.executeRecursively(NodeTestTask.java:138)
	at org.junit.platform.engine.support.hierarchical.NodeTestTask.execute(NodeTestTask.java:95)
	at org.junit.platform.engine.support.hierarchical.SameThreadHierarchicalTestExecutorService.submit(SameThreadHierarchicalTestExecutorService.java:35)
	at org.junit.platform.engine.support.hierarchical.HierarchicalTestExecutor.execute(HierarchicalTestExecutor.java:57)
	at org.junit.platform.engine.support.hierarchical.HierarchicalTestEngine.execute(HierarchicalTestEngine.java:54)
	at org.junit.platform.launcher.core.EngineExecutionOrchestrator.execute(EngineExecutionOrchestrator.java:107)
	at org.junit.platform.launcher.core.EngineExecutionOrchestrator.execute(EngineExecutionOrchestrator.java:88)
	at org.junit.platform.launcher.core.EngineExecutionOrchestrator.lambda$execute$0(EngineExecutionOrchestrator.java:54)
	at org.junit.platform.launcher.core.EngineExecutionOrchestrator.withInterceptedStreams(EngineExecutionOrchestrator.java:67)
	at org.junit.platform.launcher.core.EngineExecutionOrchestrator.execute(EngineExecutionOrchestrator.java:52)
	at org.junit.platform.launcher.core.DefaultLauncher.execute(DefaultLauncher.java:114)
	at org.junit.platform.launcher.core.DefaultLauncher.execute(DefaultLauncher.java:86)
	at org.junit.platform.launcher.core.DefaultLauncherSession$DelegatingLauncher.execute(DefaultLauncherSession.java:86)
	at org.junit.platform.launcher.core.SessionPerRequestLauncher.execute(SessionPerRequestLauncher.java:53)
	at org.apache.maven.surefire.junitplatform.JUnitPlatformProvider.execute(JUnitPlatformProvider.java:188)
	at org.apache.maven.surefire.junitplatform.JUnitPlatformProvider.invokeAllTests(JUnitPlatformProvider.java:154)
	at org.apache.maven.surefire.junitplatform.JUnitPlatformProvider.invoke(JUnitPlatformProvider.java:124)
	at org.apache.maven.surefire.booter.ForkedBooter.runSuitesInProcess(ForkedBooter.java:428)
	at org.apache.maven.surefire.booter.ForkedBooter.execute(ForkedBooter.java:162)
	at org.apache.maven.surefire.booter.ForkedBooter.run(ForkedBooter.java:562)
	at org.apache.maven.surefire.booter.ForkedBooter.main(ForkedBooter.java:548)
2023-06-17 00:47:20,031 [main] WARN  client.SCMCertificateClient (DefaultCertificateClient.java:loadAllCertificates(161)) - Certificates could not be loaded.
java.nio.file.NoSuchFileException: /home/runner/work/ozone/ozone/hadoop-ozone/integration-test/target/test-dir/MiniOzoneClusterImpl-a3d962f4-5b41-4a19-a1e3-7934b631c69d/scmNode-2/scm/sub-ca/certs
	at sun.nio.fs.UnixException.translateToIOException(UnixException.java:86)
	at sun.nio.fs.UnixException.rethrowAsIOException(UnixException.java:102)
	at sun.nio.fs.UnixException.rethrowAsIOException(UnixException.java:107)
	at sun.nio.fs.UnixFileSystemProvider.newDirectoryStream(UnixFileSystemProvider.java:427)
	at java.nio.file.Files.newDirectoryStream(Files.java:457)
	at java.nio.file.Files.list(Files.java:3451)
	at org.apache.hadoop.hdds.security.x509.certificate.client.DefaultCertificateClient.loadAllCertificates(DefaultCertificateClient.java:156)
	at org.apache.hadoop.hdds.security.x509.certificate.client.DefaultCertificateClient.getCertPath(DefaultCertificateClient.java:324)
	at org.apache.hadoop.hdds.security.x509.certificate.client.DefaultCertificateClient.getCertificate(DefaultCertificateClient.java:300)
	at org.apache.hadoop.hdds.security.x509.certificate.client.DefaultCertificateClient.init(DefaultCertificateClient.java:669)
	at org.apache.hadoop.hdds.scm.ha.HASecurityUtils.initializeSecurity(HASecurityUtils.java:98)
	at org.apache.hadoop.hdds.scm.server.StorageContainerManager.scmBootstrap(StorageContainerManager.java:1190)
	at org.apache.hadoop.ozone.MiniOzoneHAClusterImpl$Builder.createSCMService(MiniOzoneHAClusterImpl.java:571)
	at org.apache.hadoop.ozone.MiniOzoneHAClusterImpl$Builder.build(MiniOzoneHAClusterImpl.java:407)
	at org.apache.hadoop.ozone.scm.TestSecretKeySnapshot.init(TestSecretKeySnapshot.java:137)
	at sun.reflect.NativeMethodAccessorImpl.invoke0(Native Method)
	at sun.reflect.NativeMethodAccessorImpl.invoke(NativeMethodAccessorImpl.java:62)
	at sun.reflect.DelegatingMethodAccessorImpl.invoke(DelegatingMethodAccessorImpl.java:43)
	at java.lang.reflect.Method.invoke(Method.java:498)
	at org.junit.platform.commons.util.ReflectionUtils.invokeMethod(ReflectionUtils.java:725)
	at org.junit.jupiter.engine.execution.MethodInvocation.proceed(MethodInvocation.java:60)
	at org.junit.jupiter.engine.execution.InvocationInterceptorChain$ValidatingInvocation.proceed(InvocationInterceptorChain.java:131)
	at org.junit.jupiter.engine.extension.TimeoutExtension.intercept(TimeoutExtension.java:149)
	at org.junit.jupiter.engine.extension.TimeoutExtension.interceptLifecycleMethod(TimeoutExtension.java:126)
	at org.junit.jupiter.engine.extension.TimeoutExtension.interceptBeforeEachMethod(TimeoutExtension.java:76)
	at org.junit.jupiter.engine.execution.ExecutableInvoker$ReflectiveInterceptorCall.lambda$ofVoidMethod$0(ExecutableInvoker.java:115)
	at org.junit.jupiter.engine.execution.ExecutableInvoker.lambda$invoke$0(ExecutableInvoker.java:105)
	at org.junit.jupiter.engine.execution.InvocationInterceptorChain$InterceptedInvocation.proceed(InvocationInterceptorChain.java:106)
	at org.junit.jupiter.engine.execution.InvocationInterceptorChain.proceed(InvocationInterceptorChain.java:64)
	at org.junit.jupiter.engine.execution.InvocationInterceptorChain.chainAndInvoke(InvocationInterceptorChain.java:45)
	at org.junit.jupiter.engine.execution.InvocationInterceptorChain.invoke(InvocationInterceptorChain.java:37)
	at org.junit.jupiter.engine.execution.ExecutableInvoker.invoke(ExecutableInvoker.java:104)
	at org.junit.jupiter.engine.execution.ExecutableInvoker.invoke(ExecutableInvoker.java:98)
	at org.junit.jupiter.engine.descriptor.ClassBasedTestDescriptor.invokeMethodInExtensionContext(ClassBasedTestDescriptor.java:506)
	at org.junit.jupiter.engine.descriptor.ClassBasedTestDescriptor.lambda$synthesizeBeforeEachMethodAdapter$21(ClassBasedTestDescriptor.java:491)
	at org.junit.jupiter.engine.descriptor.TestMethodTestDescriptor.lambda$invokeBeforeEachMethods$3(TestMethodTestDescriptor.java:171)
	at org.junit.jupiter.engine.descriptor.TestMethodTestDescriptor.lambda$invokeBeforeMethodsOrCallbacksUntilExceptionOccurs$6(TestMethodTestDescriptor.java:199)
	at org.junit.platform.engine.support.hierarchical.ThrowableCollector.execute(ThrowableCollector.java:73)
	at org.junit.jupiter.engine.descriptor.TestMethodTestDescriptor.invokeBeforeMethodsOrCallbacksUntilExceptionOccurs(TestMethodTestDescriptor.java:199)
	at org.junit.jupiter.engine.descriptor.TestMethodTestDescriptor.invokeBeforeEachMethods(TestMethodTestDescriptor.java:168)
	at org.junit.jupiter.engine.descriptor.TestMethodTestDescriptor.execute(TestMethodTestDescriptor.java:131)
	at org.junit.jupiter.engine.descriptor.TestMethodTestDescriptor.execute(TestMethodTestDescriptor.java:66)
	at org.junit.platform.engine.support.hierarchical.NodeTestTask.lambda$executeRecursively$6(NodeTestTask.java:151)
	at org.junit.platform.engine.support.hierarchical.ThrowableCollector.execute(ThrowableCollector.java:73)
	at org.junit.platform.engine.support.hierarchical.NodeTestTask.lambda$executeRecursively$8(NodeTestTask.java:141)
	at org.junit.platform.engine.support.hierarchical.Node.around(Node.java:137)
	at org.junit.platform.engine.support.hierarchical.NodeTestTask.lambda$executeRecursively$9(NodeTestTask.java:139)
	at org.junit.platform.engine.support.hierarchical.ThrowableCollector.execute(ThrowableCollector.java:73)
	at org.junit.platform.engine.support.hierarchical.NodeTestTask.executeRecursively(NodeTestTask.java:138)
	at org.junit.platform.engine.support.hierarchical.NodeTestTask.execute(NodeTestTask.java:95)
	at java.util.ArrayList.forEach(ArrayList.java:1259)
	at org.junit.platform.engine.support.hierarchical.SameThreadHierarchicalTestExecutorService.invokeAll(SameThreadHierarchicalTestExecutorService.java:41)
	at org.junit.platform.engine.support.hierarchical.NodeTestTask.lambda$executeRecursively$6(NodeTestTask.java:155)
	at org.junit.platform.engine.support.hierarchical.ThrowableCollector.execute(ThrowableCollector.java:73)
	at org.junit.platform.engine.support.hierarchical.NodeTestTask.lambda$executeRecursively$8(NodeTestTask.java:141)
	at org.junit.platform.engine.support.hierarchical.Node.around(Node.java:137)
	at org.junit.platform.engine.support.hierarchical.NodeTestTask.lambda$executeRecursively$9(NodeTestTask.java:139)
	at org.junit.platform.engine.support.hierarchical.ThrowableCollector.execute(ThrowableCollector.java:73)
	at org.junit.platform.engine.support.hierarchical.NodeTestTask.executeRecursively(NodeTestTask.java:138)
	at org.junit.platform.engine.support.hierarchical.NodeTestTask.execute(NodeTestTask.java:95)
	at java.util.ArrayList.forEach(ArrayList.java:1259)
	at org.junit.platform.engine.support.hierarchical.SameThreadHierarchicalTestExecutorService.invokeAll(SameThreadHierarchicalTestExecutorService.java:41)
	at org.junit.platform.engine.support.hierarchical.NodeTestTask.lambda$executeRecursively$6(NodeTestTask.java:155)
	at org.junit.platform.engine.support.hierarchical.ThrowableCollector.execute(ThrowableCollector.java:73)
	at org.junit.platform.engine.support.hierarchical.NodeTestTask.lambda$executeRecursively$8(NodeTestTask.java:141)
	at org.junit.platform.engine.support.hierarchical.Node.around(Node.java:137)
	at org.junit.platform.engine.support.hierarchical.NodeTestTask.lambda$executeRecursively$9(NodeTestTask.java:139)
	at org.junit.platform.engine.support.hierarchical.ThrowableCollector.execute(ThrowableCollector.java:73)
	at org.junit.platform.engine.support.hierarchical.NodeTestTask.executeRecursively(NodeTestTask.java:138)
	at org.junit.platform.engine.support.hierarchical.NodeTestTask.execute(NodeTestTask.java:95)
	at org.junit.platform.engine.support.hierarchical.SameThreadHierarchicalTestExecutorService.submit(SameThreadHierarchicalTestExecutorService.java:35)
	at org.junit.platform.engine.support.hierarchical.HierarchicalTestExecutor.execute(HierarchicalTestExecutor.java:57)
	at org.junit.platform.engine.support.hierarchical.HierarchicalTestEngine.execute(HierarchicalTestEngine.java:54)
	at org.junit.platform.launcher.core.EngineExecutionOrchestrator.execute(EngineExecutionOrchestrator.java:107)
	at org.junit.platform.launcher.core.EngineExecutionOrchestrator.execute(EngineExecutionOrchestrator.java:88)
	at org.junit.platform.launcher.core.EngineExecutionOrchestrator.lambda$execute$0(EngineExecutionOrchestrator.java:54)
	at org.junit.platform.launcher.core.EngineExecutionOrchestrator.withInterceptedStreams(EngineExecutionOrchestrator.java:67)
	at org.junit.platform.launcher.core.EngineExecutionOrchestrator.execute(EngineExecutionOrchestrator.java:52)
	at org.junit.platform.launcher.core.DefaultLauncher.execute(DefaultLauncher.java:114)
	at org.junit.platform.launcher.core.DefaultLauncher.execute(DefaultLauncher.java:86)
	at org.junit.platform.launcher.core.DefaultLauncherSession$DelegatingLauncher.execute(DefaultLauncherSession.java:86)
	at org.junit.platform.launcher.core.SessionPerRequestLauncher.execute(SessionPerRequestLauncher.java:53)
	at org.apache.maven.surefire.junitplatform.JUnitPlatformProvider.execute(JUnitPlatformProvider.java:188)
	at org.apache.maven.surefire.junitplatform.JUnitPlatformProvider.invokeAllTests(JUnitPlatformProvider.java:154)
	at org.apache.maven.surefire.junitplatform.JUnitPlatformProvider.invoke(JUnitPlatformProvider.java:124)
	at org.apache.maven.surefire.booter.ForkedBooter.runSuitesInProcess(ForkedBooter.java:428)
	at org.apache.maven.surefire.booter.ForkedBooter.execute(ForkedBooter.java:162)
	at org.apache.maven.surefire.booter.ForkedBooter.run(ForkedBooter.java:562)
	at org.apache.maven.surefire.booter.ForkedBooter.main(ForkedBooter.java:548)
2023-06-17 00:47:20,033 [main] INFO  client.SCMCertificateClient (DefaultCertificateClient.java:init(692)) - Certificate client init case: 0
2023-06-17 00:47:20,033 [main] INFO  client.SCMCertificateClient (SCMCertificateClient.java:handleCase(68)) - Creating keypair for client as keypair and certificate not found.
2023-06-17 00:47:20,449 [main] INFO  ha.HASecurityUtils (HASecurityUtils.java:initializeSecurity(99)) - Init response: GETCERT
2023-06-17 00:47:20,450 [main] INFO  ozone.OzoneSecurityUtil (OzoneSecurityUtil.java:getValidInetsForCurrentHost(119)) - ip:fe80:0:0:0:20d:3aff:fe6f:2520%eth0 not returned.
2023-06-17 00:47:20,450 [main] INFO  ozone.OzoneSecurityUtil (OzoneSecurityUtil.java:getValidInetsForCurrentHost(116)) - Adding ip:10.1.0.235,host:fv-az275-58.go2hi5et44qedpdz5zrtt3gknc.xx.internal.cloudapp.net
2023-06-17 00:47:20,450 [main] INFO  ozone.OzoneSecurityUtil (OzoneSecurityUtil.java:getValidInetsForCurrentHost(119)) - ip:0:0:0:0:0:0:0:1%lo not returned.
2023-06-17 00:47:20,450 [main] INFO  ozone.OzoneSecurityUtil (OzoneSecurityUtil.java:getValidInetsForCurrentHost(119)) - ip:127.0.0.1 not returned.
2023-06-17 00:47:20,451 [main] INFO  ha.HASecurityUtils (HASecurityUtils.java:generateCSR(280)) - Creating csr for SCM->hostName:localhost,scmId:1b2d6476-f033-43c5-b598-7121a6e75b28,clusterId:a3d962f4-5b41-4a19-a1e3-7934b631c69d,subject:scm-sub@localhost
2023-06-17 00:47:20,466 [main] INFO  ha.SCMNodeInfo (SCMNodeInfo.java:getPort(197)) - ConfigKey ozone.scm.client.address is deprecated, For configuring different ports for each SCM use PortConfigKey ozone.scm.client.port appended with serviceId and nodeId
2023-06-17 00:47:20,467 [main] INFO  ha.SCMNodeInfo (SCMNodeInfo.java:getPort(197)) - ConfigKey ozone.scm.block.client.address is deprecated, For configuring different ports for each SCM use PortConfigKey ozone.scm.block.client.port appended with serviceId and nodeId
2023-06-17 00:47:20,467 [main] INFO  ha.SCMNodeInfo (SCMNodeInfo.java:getPort(197)) - ConfigKey ozone.scm.security.service.address is deprecated, For configuring different ports for each SCM use PortConfigKey ozone.scm.security.service.port appended with serviceId and nodeId
2023-06-17 00:47:20,467 [main] INFO  ha.SCMNodeInfo (SCMNodeInfo.java:getPort(197)) - ConfigKey ozone.scm.datanode.address is deprecated, For configuring different ports for each SCM use PortConfigKey ozone.scm.datanode.port appended with serviceId and nodeId
2023-06-17 00:47:20,467 [main] INFO  ha.SCMNodeInfo (SCMNodeInfo.java:getPort(197)) - ConfigKey ozone.scm.client.address is deprecated, For configuring different ports for each SCM use PortConfigKey ozone.scm.client.port appended with serviceId and nodeId
2023-06-17 00:47:20,468 [main] INFO  ha.SCMNodeInfo (SCMNodeInfo.java:getPort(197)) - ConfigKey ozone.scm.block.client.address is deprecated, For configuring different ports for each SCM use PortConfigKey ozone.scm.block.client.port appended with serviceId and nodeId
2023-06-17 00:47:20,468 [main] INFO  ha.SCMNodeInfo (SCMNodeInfo.java:getPort(197)) - ConfigKey ozone.scm.security.service.address is deprecated, For configuring different ports for each SCM use PortConfigKey ozone.scm.security.service.port appended with serviceId and nodeId
2023-06-17 00:47:20,468 [main] INFO  ha.SCMNodeInfo (SCMNodeInfo.java:getPort(197)) - ConfigKey ozone.scm.datanode.address is deprecated, For configuring different ports for each SCM use PortConfigKey ozone.scm.datanode.port appended with serviceId and nodeId
2023-06-17 00:47:20,541 [Socket Reader #1 for port 15002] INFO  ipc.Server (Server.java:saslProcess(2116)) - Auth successful for scm/fv-az275-58.go2hi5et44qedpdz5zrtt3gknc.xx.internal.cloudapp.net@EXAMPLE.COM (auth:KERBEROS) from 10.1.0.235:37007
2023-06-17 00:47:20,597 [IPC Server handler 0 on default port 15002] INFO  server.SCMSecurityProtocolServer (SCMSecurityProtocolServer.java:getSCMCertificate(271)) - Processing CSR for scm localhost, nodeId: 1b2d6476-f033-43c5-b598-7121a6e75b28
2023-06-17 00:47:21,256 [main] INFO  ha.HASecurityUtils (HASecurityUtils.java:initializeSecurity(112)) - Successfully stored SCM signed certificate.
2023-06-17 00:47:21,261 [main] INFO  server.StorageContainerManager (StorageContainerManager.java:scmBootstrap(1196)) - SCM BootStrap  is successful for ClusterID a3d962f4-5b41-4a19-a1e3-7934b631c69d, SCMID 1b2d6476-f033-43c5-b598-7121a6e75b28
2023-06-17 00:47:21,262 [main] INFO  server.StorageContainerManager (StorageContainerManager.java:scmBootstrap(1198)) - Primary SCM Node ID 746ad1cd-7733-4d67-8369-e04f45d32291
2023-06-17 00:47:21,262 [main] WARN  server.ServerUtils (ServerUtils.java:getScmDbDir(155)) - ozone.scm.db.dirs is not configured. We recommend adding this setting. Falling back to ozone.metadata.dirs instead.
2023-06-17 00:47:21,267 [main] INFO  ha.SCMHANodeDetails (SCMHANodeDetails.java:loadSCMHAConfig(210)) - ServiceID for StorageContainerManager is SCMServiceId
2023-06-17 00:47:21,267 [main] INFO  ha.SCMHANodeDetails (SCMHANodeDetails.java:loadSCMHAConfig(221)) - ServiceID for StorageContainerManager is SCMServiceId
2023-06-17 00:47:21,268 [main] WARN  scm.ScmUtils (ScmUtils.java:logWarn(190)) - ConfigKey ozone.scm.block.client.address is deprecated, For configuring different ports for each SCM use PortConfigKey ozone.scm.block.client.port appended with serviceId and nodeId. If want to configure same port configure ozone.scm.block.client.port
2023-06-17 00:47:21,269 [main] WARN  scm.ScmUtils (ScmUtils.java:logWarn(190)) - ConfigKey ozone.scm.client.address is deprecated, For configuring different ports for each SCM use PortConfigKey ozone.scm.client.port appended with serviceId and nodeId. If want to configure same port configure ozone.scm.client.port
2023-06-17 00:47:21,271 [main] WARN  scm.ScmUtils (ScmUtils.java:logWarn(190)) - ConfigKey ozone.scm.datanode.address is deprecated, For configuring different ports for each SCM use PortConfigKey ozone.scm.datanode.port appended with serviceId and nodeId. If want to configure same port configure ozone.scm.datanode.port
2023-06-17 00:47:21,272 [main] WARN  scm.ScmUtils (ScmUtils.java:logWarn(190)) - ConfigKey ozone.scm.block.client.address is deprecated, For configuring different ports for each SCM use PortConfigKey ozone.scm.block.client.port appended with serviceId and nodeId. If want to configure same port configure ozone.scm.block.client.port
2023-06-17 00:47:21,273 [main] WARN  scm.ScmUtils (ScmUtils.java:logWarn(190)) - ConfigKey ozone.scm.client.address is deprecated, For configuring different ports for each SCM use PortConfigKey ozone.scm.client.port appended with serviceId and nodeId. If want to configure same port configure ozone.scm.client.port
2023-06-17 00:47:21,275 [main] WARN  scm.ScmUtils (ScmUtils.java:logWarn(190)) - ConfigKey ozone.scm.datanode.address is deprecated, For configuring different ports for each SCM use PortConfigKey ozone.scm.datanode.port appended with serviceId and nodeId. If want to configure same port configure ozone.scm.datanode.port
2023-06-17 00:47:21,276 [main] INFO  ha.SCMHANodeDetails (SCMHANodeDetails.java:loadSCMHAConfig(308)) - Found matching SCM address with SCMServiceId: SCMServiceId, SCMNodeId: scmNode-2, RPC Address: localhost:15011 and Ratis port: 15011
2023-06-17 00:47:21,277 [main] INFO  ha.SCMHANodeDetails (ConfUtils.java:setNodeSpecificConfigs(97)) - Setting configuration key ozone.scm.datanode.address with value of key ozone.scm.datanode.address.SCMServiceId.scmNode-2: 127.0.0.1:15012
2023-06-17 00:47:21,279 [main] INFO  ha.SCMHANodeDetails (ConfUtils.java:setNodeSpecificConfigs(97)) - Setting configuration key ozone.scm.block.client.address with value of key ozone.scm.block.client.address.SCMServiceId.scmNode-2: 127.0.0.1:15015
2023-06-17 00:47:21,280 [main] INFO  ha.SCMHANodeDetails (ConfUtils.java:setNodeSpecificConfigs(97)) - Setting configuration key ozone.scm.client.address with value of key ozone.scm.client.address.SCMServiceId.scmNode-2: 127.0.0.1:15013
2023-06-17 00:47:21,280 [main] INFO  ha.SCMHANodeDetails (ConfUtils.java:setNodeSpecificConfigs(97)) - Setting configuration key ozone.scm.security.service.address with value of key ozone.scm.security.service.address.SCMServiceId.scmNode-2: 127.0.0.1:15010
2023-06-17 00:47:21,281 [main] INFO  ha.SCMHANodeDetails (ConfUtils.java:setNodeSpecificConfigs(97)) - Setting configuration key ozone.scm.ratis.port with value of key ozone.scm.ratis.port.SCMServiceId.scmNode-2: 15011
2023-06-17 00:47:21,282 [main] INFO  ha.SCMHANodeDetails (ConfUtils.java:setNodeSpecificConfigs(97)) - Setting configuration key ozone.scm.grpc.port with value of key ozone.scm.grpc.port.SCMServiceId.scmNode-2: 15014
2023-06-17 00:47:21,282 [main] INFO  ha.SCMHANodeDetails (ConfUtils.java:setNodeSpecificConfigs(97)) - Setting configuration key ozone.scm.http-address with value of key ozone.scm.http-address.SCMServiceId.scmNode-2: 127.0.0.1:15008
2023-06-17 00:47:21,282 [main] INFO  ha.SCMHANodeDetails (ConfUtils.java:setNodeSpecificConfigs(97)) - Setting configuration key ozone.scm.https-address with value of key ozone.scm.https-address.SCMServiceId.scmNode-2: 127.0.0.1:15009
2023-06-17 00:47:21,283 [main] INFO  ha.SCMHANodeDetails (ConfUtils.java:setNodeSpecificConfigs(97)) - Setting configuration key ozone.scm.address with value of key ozone.scm.address.SCMServiceId.scmNode-2: 127.0.0.1
2023-06-17 00:47:21,286 [main] WARN  scm.ScmUtils (ScmUtils.java:logWarn(190)) - ConfigKey ozone.scm.block.client.address is deprecated, For configuring different ports for each SCM use PortConfigKey ozone.scm.block.client.port appended with serviceId and nodeId. If want to configure same port configure ozone.scm.block.client.port
2023-06-17 00:47:21,287 [main] WARN  scm.ScmUtils (ScmUtils.java:logWarn(190)) - ConfigKey ozone.scm.client.address is deprecated, For configuring different ports for each SCM use PortConfigKey ozone.scm.client.port appended with serviceId and nodeId. If want to configure same port configure ozone.scm.client.port
2023-06-17 00:47:21,287 [main] WARN  scm.ScmUtils (ScmUtils.java:logWarn(190)) - ConfigKey ozone.scm.datanode.address is deprecated, For configuring different ports for each SCM use PortConfigKey ozone.scm.datanode.port appended with serviceId and nodeId. If want to configure same port configure ozone.scm.datanode.port
2023-06-17 00:47:21,308 [main] INFO  client.SCMCertificateClient (DefaultCertificateClient.java:readCertificateFile(196)) - Added certificate   [0]         Version: 3
         SerialNumber: 1869709305730
             IssuerDN: CN=scm@fv-az275-58,OU=746ad1cd-7733-4d67-8369-e04f45d32291,O=a3d962f4-5b41-4a19-a1e3-7934b631c69d
           Start Date: Sat Jun 17 00:47:20 UTC 2023
           Final Date: Tue Jul 25 00:47:20 UTC 2028
            SubjectDN: CN=scm-sub@localhost,OU=1b2d6476-f033-43c5-b598-7121a6e75b28,O=a3d962f4-5b41-4a19-a1e3-7934b631c69d
           Public Key: RSA Public Key [33:66:e2:c7:51:55:46:c1:77:65:b6:f0:98:00:f2:f9:5c:b4:2f:c2],[56:66:d1:a4]
        modulus: e2a712b38649026eb5fa93783a71a5698e68c5cfedd2619aaaf4e4903ac04d7cad15def0a1f5aa6f149e16a14e67b0eab1bf6516781d99ea1a4c28b6366898a5eadaea3eaedc81ec2329e7445ee6402dd5d38b5086de3f03e3ec1216a904fb0a127ffd91bf27002182c3a502b299d3906ae182483f94b4c66afe8651b9a24c07424bc1f08d5115a5a7a61fc70ad22e431eaa2915c2556feb8ad8cc349a670e1f14d993f8ce4835349f79aab16d4a6ba113c702b0c5eeb05d9e0f4efe136ce20e50b4a1133547067842cf714066400c32030d5619c2ea712844686ce5d77f857d1877dbf00d7f5b758693962059bf5f30a3f1406a8ec4ddd3eda2af2bc6ec8257
public exponent: 10001

  Signature Algorithm: SHA256WITHRSA
            Signature: 434d8165761f8cf4a09424d7e967e666c3f9ee45
                       64dc1d96fc0dfab3516e81f05fb1ca3a39a5ec18
                       571507f6a1d45171e613b2f3db477ea3f5a78506
                       f0e036328905b75a24f1c39b2bfa896e72e011b5
                       f49632ad9342e2fd62ca0f9b4b9d2dede1f4c470
                       2dde4fbd086c36ea58c935d88b764a8d4689d98c
                       f3a22ebf3d8b5841ee1a6b36747668a581850cd8
                       9b32404e95145c12e670ec65d2f8ea560f868a33
                       303f51cd8b1ff69ef92e327b63962c10e7273823
                       e6b532f8b01e3a92fd51f19b2de6a0da2663bb69
                       e04a8afeee2700a9bbb04a82c6f2c025ebd7c38b
                       1c2194221d76b444c5757a0f05e311298fb0d520
                       b91873038afffad443a0cd6955741965
       Extensions: 
                       critical(false) 2.5.29.17 value = Sequence
    Tagged [7] IMPLICIT 
        DER Octet String[4] 
    Tagged [2] IMPLICIT 
        DER Octet String[63] 

                       critical(true) BasicConstraints: isCa(true)
                       critical(true) KeyUsage: 0xbe
 from file: /home/runner/work/ozone/ozone/hadoop-ozone/integration-test/target/test-dir/MiniOzoneClusterImpl-a3d962f4-5b41-4a19-a1e3-7934b631c69d/scmNode-2/scm/sub-ca/certs/certificate.crt.
2023-06-17 00:47:21,317 [main] INFO  client.SCMCertificateClient (DefaultCertificateClient.java:readCertificateFile(196)) - Added certificate   [0]         Version: 3
         SerialNumber: 1
             IssuerDN: CN=scm@fv-az275-58,OU=746ad1cd-7733-4d67-8369-e04f45d32291,O=a3d962f4-5b41-4a19-a1e3-7934b631c69d
           Start Date: Sat Jun 17 00:47:04 UTC 2023
           Final Date: Tue Jul 25 00:47:04 UTC 2028
            SubjectDN: CN=scm@fv-az275-58,OU=746ad1cd-7733-4d67-8369-e04f45d32291,O=a3d962f4-5b41-4a19-a1e3-7934b631c69d
           Public Key: RSA Public Key [7b:cf:70:d0:93:42:f4:01:f0:1e:ea:34:a2:6b:b9:62:05:69:f3:f2],[56:66:d1:a4]
        modulus: 88c84ab6323162062ea29aff9950a3eb1747e40235d1b92004a1d388be2e74237d7c413db826096b95327af74a77ed9e9fa8d319bed40f7071beadd0ec24ba64a931246b05b5adfefff07372da2faf5d158f837ffe8fd7e1bbb603a9241df8bb1db7a8a959e73331d3e78dccd286663fcbf06fce6c34d3884f1215801d54ede04d580a20a5c4d962ebef7ea23b83166539ac7a48ad5213cfcddaff22fbada65600293cc34bac796dadc8ec395ecc1d7a821477be0b8d54e9c7ecfa66c40e75de5357141d1b9fa3c92f4bb8a17059e0c408df292b59942fd36ca83c9cfd3455b9b77e61674099be87bf9d89089d4e7c0265834505605b858f3d18dac3135da177
public exponent: 10001

  Signature Algorithm: SHA256WITHRSA
            Signature: 01eab1b276f40e81071c2de0e5d4c6dcd3753d8c
                       4f2b12dd12917d79558fa1c3f55e4d9dde3e89e7
                       72c5d767f0b5da8574e06e7e6c5d56e1bc30501b
                       1b65d29db17cb08368cec918d6c5a100481705f8
                       875403be83d4e3223f9f2547b27fca066b199c40
                       f7bf16bc8acc72de9b069d65bc172814124c6de2
                       c6a337be5fbc3f6b9d2ef4b2b5a63e6ff409936d
                       65c750fdbe96aad1b5e4b4117ca703b126239794
                       df57f070c10551f45cb5b45cb1225fcd469e576d
                       440c138ed74c9b6b5996d85a512763472c743115
                       538c14bc0b074563187c8d5ee3ded7e66f166501
                       e97b67bdb1aa8e94aaafec24ba5c87234f1f24ab
                       acbd58bc49435754d552c14bc7d73da0
       Extensions: 
                       critical(true) BasicConstraints: isCa(true)
                       critical(true) KeyUsage: 0x6
                       critical(false) 2.5.29.17 value = Sequence
    Tagged [7] IMPLICIT 
        DER Octet String[4] 
    Tagged [2] IMPLICIT 
        DER Octet String[63] 

 from file: /home/runner/work/ozone/ozone/hadoop-ozone/integration-test/target/test-dir/MiniOzoneClusterImpl-a3d962f4-5b41-4a19-a1e3-7934b631c69d/scmNode-2/scm/sub-ca/certs/CA-1.crt.
2023-06-17 00:47:21,325 [main] INFO  client.SCMCertificateClient (DefaultCertificateClient.java:readCertificateFile(196)) - Added certificate   [0]         Version: 3
         SerialNumber: 1869709305730
             IssuerDN: CN=scm@fv-az275-58,OU=746ad1cd-7733-4d67-8369-e04f45d32291,O=a3d962f4-5b41-4a19-a1e3-7934b631c69d
           Start Date: Sat Jun 17 00:47:20 UTC 2023
           Final Date: Tue Jul 25 00:47:20 UTC 2028
            SubjectDN: CN=scm-sub@localhost,OU=1b2d6476-f033-43c5-b598-7121a6e75b28,O=a3d962f4-5b41-4a19-a1e3-7934b631c69d
           Public Key: RSA Public Key [33:66:e2:c7:51:55:46:c1:77:65:b6:f0:98:00:f2:f9:5c:b4:2f:c2],[56:66:d1:a4]
        modulus: e2a712b38649026eb5fa93783a71a5698e68c5cfedd2619aaaf4e4903ac04d7cad15def0a1f5aa6f149e16a14e67b0eab1bf6516781d99ea1a4c28b6366898a5eadaea3eaedc81ec2329e7445ee6402dd5d38b5086de3f03e3ec1216a904fb0a127ffd91bf27002182c3a502b299d3906ae182483f94b4c66afe8651b9a24c07424bc1f08d5115a5a7a61fc70ad22e431eaa2915c2556feb8ad8cc349a670e1f14d993f8ce4835349f79aab16d4a6ba113c702b0c5eeb05d9e0f4efe136ce20e50b4a1133547067842cf714066400c32030d5619c2ea712844686ce5d77f857d1877dbf00d7f5b758693962059bf5f30a3f1406a8ec4ddd3eda2af2bc6ec8257
public exponent: 10001

  Signature Algorithm: SHA256WITHRSA
            Signature: 434d8165761f8cf4a09424d7e967e666c3f9ee45
                       64dc1d96fc0dfab3516e81f05fb1ca3a39a5ec18
                       571507f6a1d45171e613b2f3db477ea3f5a78506
                       f0e036328905b75a24f1c39b2bfa896e72e011b5
                       f49632ad9342e2fd62ca0f9b4b9d2dede1f4c470
                       2dde4fbd086c36ea58c935d88b764a8d4689d98c
                       f3a22ebf3d8b5841ee1a6b36747668a581850cd8
                       9b32404e95145c12e670ec65d2f8ea560f868a33
                       303f51cd8b1ff69ef92e327b63962c10e7273823
                       e6b532f8b01e3a92fd51f19b2de6a0da2663bb69
                       e04a8afeee2700a9bbb04a82c6f2c025ebd7c38b
                       1c2194221d76b444c5757a0f05e311298fb0d520
                       b91873038afffad443a0cd6955741965
       Extensions: 
                       critical(false) 2.5.29.17 value = Sequence
    Tagged [7] IMPLICIT 
        DER Octet String[4] 
    Tagged [2] IMPLICIT 
        DER Octet String[63] 

                       critical(true) BasicConstraints: isCa(true)
                       critical(true) KeyUsage: 0xbe
 from file: /home/runner/work/ozone/ozone/hadoop-ozone/integration-test/target/test-dir/MiniOzoneClusterImpl-a3d962f4-5b41-4a19-a1e3-7934b631c69d/scmNode-2/scm/sub-ca/certs/1869709305730.crt.
2023-06-17 00:47:21,327 [main] INFO  client.SCMCertificateClient (DefaultCertificateClient.java:startCertificateMonitor(1260)) - CertificateLifetimeMonitor for scm/sub-ca is started with first delay 158716798673 ms and interval 86400000 ms.
2023-06-17 00:47:21,328 [main] INFO  ha.SCMNodeInfo (SCMNodeInfo.java:getPort(197)) - ConfigKey ozone.scm.client.address is deprecated, For configuring different ports for each SCM use PortConfigKey ozone.scm.client.port appended with serviceId and nodeId
2023-06-17 00:47:21,330 [main] INFO  ha.SCMNodeInfo (SCMNodeInfo.java:getPort(197)) - ConfigKey ozone.scm.block.client.address is deprecated, For configuring different ports for each SCM use PortConfigKey ozone.scm.block.client.port appended with serviceId and nodeId
2023-06-17 00:47:21,330 [main] INFO  ha.SCMNodeInfo (SCMNodeInfo.java:getPort(197)) - ConfigKey ozone.scm.security.service.address is deprecated, For configuring different ports for each SCM use PortConfigKey ozone.scm.security.service.port appended with serviceId and nodeId
2023-06-17 00:47:21,330 [main] INFO  ha.SCMNodeInfo (SCMNodeInfo.java:getPort(197)) - ConfigKey ozone.scm.datanode.address is deprecated, For configuring different ports for each SCM use PortConfigKey ozone.scm.datanode.port appended with serviceId and nodeId
2023-06-17 00:47:21,330 [main] INFO  ha.SCMNodeInfo (SCMNodeInfo.java:getPort(197)) - ConfigKey ozone.scm.client.address is deprecated, For configuring different ports for each SCM use PortConfigKey ozone.scm.client.port appended with serviceId and nodeId
2023-06-17 00:47:21,330 [main] INFO  ha.SCMNodeInfo (SCMNodeInfo.java:getPort(197)) - ConfigKey ozone.scm.block.client.address is deprecated, For configuring different ports for each SCM use PortConfigKey ozone.scm.block.client.port appended with serviceId and nodeId
2023-06-17 00:47:21,331 [main] INFO  ha.SCMNodeInfo (SCMNodeInfo.java:getPort(197)) - ConfigKey ozone.scm.security.service.address is deprecated, For configuring different ports for each SCM use PortConfigKey ozone.scm.security.service.port appended with serviceId and nodeId
2023-06-17 00:47:21,331 [main] INFO  ha.SCMNodeInfo (SCMNodeInfo.java:getPort(197)) - ConfigKey ozone.scm.datanode.address is deprecated, For configuring different ports for each SCM use PortConfigKey ozone.scm.datanode.port appended with serviceId and nodeId
2023-06-17 00:47:21,331 [main] INFO  ha.SCMNodeInfo (SCMNodeInfo.java:getPort(197)) - ConfigKey ozone.scm.client.address is deprecated, For configuring different ports for each SCM use PortConfigKey ozone.scm.client.port appended with serviceId and nodeId
2023-06-17 00:47:21,331 [main] INFO  ha.SCMNodeInfo (SCMNodeInfo.java:getPort(197)) - ConfigKey ozone.scm.block.client.address is deprecated, For configuring different ports for each SCM use PortConfigKey ozone.scm.block.client.port appended with serviceId and nodeId
2023-06-17 00:47:21,331 [main] INFO  ha.SCMNodeInfo (SCMNodeInfo.java:getPort(197)) - ConfigKey ozone.scm.security.service.address is deprecated, For configuring different ports for each SCM use PortConfigKey ozone.scm.security.service.port appended with serviceId and nodeId
2023-06-17 00:47:21,332 [main] INFO  ha.SCMNodeInfo (SCMNodeInfo.java:getPort(197)) - ConfigKey ozone.scm.datanode.address is deprecated, For configuring different ports for each SCM use PortConfigKey ozone.scm.datanode.port appended with serviceId and nodeId
2023-06-17 00:47:21,336 [pool-2-thread-1] INFO  request.KdcRequest (KdcRequest.java:preauth(651)) - The preauth data is empty.
2023-06-17 00:47:21,337 [pool-2-thread-1] INFO  server.KdcHandler (KdcHandler.java:handleRecoverableException(177)) - KRB error occurred while processing request:Additional pre-authentication required
2023-06-17 00:47:21,348 [pool-2-thread-1] INFO  request.AsRequest (AsRequest.java:issueTicket(112)) - AS_REQ ISSUE: authtime 1686962841347,scm/fv-az275-58.go2hi5et44qedpdz5zrtt3gknc.xx.internal.cloudapp.net@EXAMPLE.COM for krbtgt/EXAMPLE.COM@EXAMPLE.COM
2023-06-17 00:47:21,356 [main] INFO  security.UserGroupInformation (UserGroupInformation.java:loginUserFromKeytab(1132)) - Login successful for user scm/fv-az275-58.go2hi5et44qedpdz5zrtt3gknc.xx.internal.cloudapp.net@EXAMPLE.COM using keytab file scm.keytab. Keytab auto renewal enabled : false
2023-06-17 00:47:21,356 [main] INFO  server.StorageContainerManager (StorageContainerManager.java:loginAsSCMUserIfSecurityEnabled(1042)) - SCM login successful.
2023-06-17 00:47:21,356 [main] WARN  utils.HAUtils (HAUtils.java:getMetaDir(352)) - ozone.scm.db.dirs is not configured. We recommend adding this setting. Falling back to ozone.metadata.dirs instead.
2023-06-17 00:47:21,357 [main] WARN  db.DBStoreBuilder (DBStoreBuilder.java:applyDBDefinition(165)) - ozone.scm.db.dirs is not configured. We recommend adding this setting. Falling back to ozone.metadata.dirs instead.
2023-06-17 00:47:21,492 [main] INFO  net.NodeSchemaLoader (NodeSchemaLoader.java:loadSchemaFromFile(129)) - Loading schema from [jar:file:/home/runner/.m2/repository/org/apache/ozone/hdds-common/1.4.0-SNAPSHOT/hdds-common-1.4.0-SNAPSHOT.jar!/network-topology-default.xml]
2023-06-17 00:47:21,492 [main] INFO  net.NodeSchemaLoader (NodeSchemaLoader.java:loadSchema(176)) - Loading network topology layer schema file
2023-06-17 00:47:21,495 [main] WARN  impl.MetricRegistriesImpl (MetricRegistriesImpl.java:addReporterRegistration(111)) - New reporters are added after registries were created. Some metrics will be missing from the reporter. Please add reporter before adding any new registry.
2023-06-17 00:47:21,495 [main] WARN  impl.MetricRegistriesImpl (MetricRegistriesImpl.java:addReporterRegistration(111)) - New reporters are added after registries were created. Some metrics will be missing from the reporter. Please add reporter before adding any new registry.
2023-06-17 00:47:21,515 [main] INFO  ha.SCMRatisServerImpl (SCMRatisServerImpl.java:<init>(98)) - starting Raft server for scm:1b2d6476-f033-43c5-b598-7121a6e75b28
2023-06-17 00:47:21,516 [main] INFO  server.RaftServer (ConfUtils.java:logGet(46)) - raft.rpc.type = GRPC (default)
2023-06-17 00:47:21,517 [main] INFO  grpc.GrpcConfigKeys (ConfUtils.java:logFallback(53)) - raft.grpc.admin.host = null (fallback to raft.grpc.server.host)
2023-06-17 00:47:21,517 [main] INFO  grpc.GrpcConfigKeys (ConfUtils.java:logFallback(53)) - raft.grpc.admin.port = 15011 (fallback to raft.grpc.server.port)
2023-06-17 00:47:21,517 [main] INFO  grpc.GrpcConfigKeys (ConfUtils.java:logFallback(53)) - raft.grpc.client.host = null (fallback to raft.grpc.server.host)
2023-06-17 00:47:21,517 [main] INFO  grpc.GrpcConfigKeys (ConfUtils.java:logFallback(53)) - raft.grpc.client.port = 15011 (fallback to raft.grpc.server.port)
2023-06-17 00:47:21,518 [main] INFO  grpc.GrpcConfigKeys (ConfUtils.java:logGet(46)) - raft.grpc.server.host = null (default)
2023-06-17 00:47:21,518 [main] INFO  grpc.GrpcConfigKeys (ConfUtils.java:logGet(46)) - raft.grpc.server.port = 15011 (custom)
2023-06-17 00:47:21,518 [main] INFO  server.GrpcService (ConfUtils.java:logGet(46)) - raft.grpc.message.size.max = 32m (=33554432) (custom)
2023-06-17 00:47:21,518 [main] INFO  server.RaftServerConfigKeys (ConfUtils.java:logGet(46)) - raft.server.log.appender.buffer.byte-limit = 33554432 (custom)
2023-06-17 00:47:21,518 [main] INFO  server.GrpcService (ConfUtils.java:logGet(46)) - raft.grpc.flow.control.window = 1MB (=1048576) (default)
2023-06-17 00:47:21,519 [main] INFO  server.RaftServerConfigKeys (ConfUtils.java:logGet(46)) - raft.server.rpc.request.timeout = 30000ms (custom)
2023-06-17 00:47:21,519 [main] INFO  grpc.GrpcConfigKeys (ConfUtils.java:logGet(46)) - raft.grpc.server.heartbeat.channel = true (default)
2023-06-17 00:47:21,519 [main] INFO  grpc.GrpcConfigKeys (ConfUtils.java:logGet(46)) - raft.grpc.server.async.request.thread.pool.cached = true (default)
2023-06-17 00:47:21,519 [main] INFO  grpc.GrpcConfigKeys (ConfUtils.java:logGet(46)) - raft.grpc.server.async.request.thread.pool.size = 32 (default)
2023-06-17 00:47:21,521 [main] INFO  impl.DataStreamServerImpl (ConfUtils.java:logGet(46)) - raft.datastream.type = DISABLED (default)
2023-06-17 00:47:21,521 [main] INFO  server.RaftServerConfigKeys (ConfUtils.java:logGet(46)) - raft.server.threadpool.proxy.cached = true (default)
2023-06-17 00:47:21,521 [main] INFO  server.RaftServerConfigKeys (ConfUtils.java:logGet(46)) - raft.server.threadpool.proxy.size = 0 (default)
2023-06-17 00:47:21,521 [main] INFO  server.RaftServerConfigKeys (ConfUtils.java:logGet(46)) - raft.server.rpc.slowness.timeout = 120000ms (custom)
2023-06-17 00:47:21,523 [main] INFO  server.RaftServerConfigKeys (ConfUtils.java:logGet(46)) - raft.server.leaderelection.leader.step-down.wait-time = 10s (default)
2023-06-17 00:47:21,523 [main] INFO  server.RaftServerConfigKeys (ConfUtils.java:logGet(46)) - raft.server.storage.dir = [/home/runner/work/ozone/ozone/hadoop-ozone/integration-test/target/test-dir/MiniOzoneClusterImpl-a3d962f4-5b41-4a19-a1e3-7934b631c69d/scmNode-2/scm-ha] (custom)
2023-06-17 00:47:21,524 [main] INFO  server.RaftServer (RaftServerProxy.java:addNew(98)) - 1b2d6476-f033-43c5-b598-7121a6e75b28: addNew group-7934B631C69D:[] returns group-7934B631C69D:java.util.concurrent.CompletableFuture@4817bd3[Not completed]
2023-06-17 00:47:21,524 [1b2d6476-f033-43c5-b598-7121a6e75b28-groupManagement] INFO  server.RaftServer$Division (RaftServerImpl.java:<init>(198)) - 1b2d6476-f033-43c5-b598-7121a6e75b28: new RaftServerImpl for group-7934B631C69D:[] with SCMStateMachine:uninitialized
2023-06-17 00:47:21,525 [1b2d6476-f033-43c5-b598-7121a6e75b28-groupManagement] INFO  server.RaftServerConfigKeys (ConfUtils.java:logGet(46)) - raft.server.rpc.timeout.min = 5000ms (custom)
2023-06-17 00:47:21,526 [1b2d6476-f033-43c5-b598-7121a6e75b28-groupManagement] INFO  server.RaftServerConfigKeys (ConfUtils.java:logGet(46)) - raft.server.rpc.timeout.max = 5200ms (custom)
2023-06-17 00:47:21,527 [1b2d6476-f033-43c5-b598-7121a6e75b28-groupManagement] INFO  server.RaftServerConfigKeys (ConfUtils.java:logGet(46)) - raft.server.rpc.sleep.time = 25ms (default)
2023-06-17 00:47:21,527 [1b2d6476-f033-43c5-b598-7121a6e75b28-groupManagement] INFO  server.RaftServerConfigKeys (ConfUtils.java:logGet(46)) - raft.server.rpc.slowness.timeout = 120000ms (custom)
2023-06-17 00:47:21,527 [1b2d6476-f033-43c5-b598-7121a6e75b28-groupManagement] INFO  server.RaftServerConfigKeys (ConfUtils.java:logGet(46)) - raft.server.leaderelection.leader.step-down.wait-time = 10s (default)
2023-06-17 00:47:21,527 [1b2d6476-f033-43c5-b598-7121a6e75b28-groupManagement] INFO  server.RaftServerConfigKeys (ConfUtils.java:logGet(46)) - raft.server.sleep.deviation.threshold = 300ms (default)
2023-06-17 00:47:21,527 [1b2d6476-f033-43c5-b598-7121a6e75b28-groupManagement] INFO  server.RaftServer$Division (ServerState.java:<init>(120)) - 1b2d6476-f033-43c5-b598-7121a6e75b28@group-7934B631C69D: ConfigurationManager, init=-1: peers:[]|listeners:[], old=null, confs=<EMPTY_MAP>
2023-06-17 00:47:21,528 [1b2d6476-f033-43c5-b598-7121a6e75b28-groupManagement] INFO  server.RaftServerConfigKeys (ConfUtils.java:logGet(46)) - raft.server.storage.dir = [/home/runner/work/ozone/ozone/hadoop-ozone/integration-test/target/test-dir/MiniOzoneClusterImpl-a3d962f4-5b41-4a19-a1e3-7934b631c69d/scmNode-2/scm-ha] (custom)
2023-06-17 00:47:21,528 [1b2d6476-f033-43c5-b598-7121a6e75b28-groupManagement] INFO  server.RaftServerConfigKeys (ConfUtils.java:logGet(46)) - raft.server.log.corruption.policy = EXCEPTION (default)
2023-06-17 00:47:21,528 [1b2d6476-f033-43c5-b598-7121a6e75b28-groupManagement] INFO  server.RaftServerConfigKeys (ConfUtils.java:logGet(46)) - raft.server.storage.free-space.min = 0MB (=0) (default)
2023-06-17 00:47:21,529 [1b2d6476-f033-43c5-b598-7121a6e75b28-groupManagement] INFO  server.RaftServerConfigKeys (ConfUtils.java:logGet(46)) - raft.server.notification.no-leader.timeout = 60s (default)
2023-06-17 00:47:21,529 [1b2d6476-f033-43c5-b598-7121a6e75b28-groupManagement] INFO  server.RaftServerConfigKeys (ConfUtils.java:logGet(46)) - raft.server.read.timeout = 10s (default)
2023-06-17 00:47:21,529 [1b2d6476-f033-43c5-b598-7121a6e75b28-groupManagement] INFO  server.RaftServerConfigKeys (ConfUtils.java:logGet(46)) - raft.server.retrycache.expirytime = 60000ms (default)
2023-06-17 00:47:21,529 [1b2d6476-f033-43c5-b598-7121a6e75b28-groupManagement] INFO  server.RaftServerConfigKeys (ConfUtils.java:logGet(46)) - raft.server.retrycache.statistics.expirytime = 100μs (default)
2023-06-17 00:47:21,530 [1b2d6476-f033-43c5-b598-7121a6e75b28-groupManagement] INFO  server.RaftServerConfigKeys (ConfUtils.java:logGet(46)) - raft.server.read.option = DEFAULT (default)
2023-06-17 00:47:21,536 [1b2d6476-f033-43c5-b598-7121a6e75b28-groupManagement] INFO  server.RaftServerConfigKeys (ConfUtils.java:logGet(46)) - raft.server.rpc.request.timeout = 30000ms (custom)
2023-06-17 00:47:21,539 [1b2d6476-f033-43c5-b598-7121a6e75b28-groupManagement] INFO  server.RaftServerConfigKeys (ConfUtils.java:logGet(46)) - raft.server.log.appender.install.snapshot.enabled = false (custom)
2023-06-17 00:47:21,539 [1b2d6476-f033-43c5-b598-7121a6e75b28-groupManagement] INFO  server.RaftServerConfigKeys (ConfUtils.java:logGet(46)) - raft.server.threadpool.server.cached = true (default)
2023-06-17 00:47:21,539 [1b2d6476-f033-43c5-b598-7121a6e75b28-groupManagement] INFO  server.RaftServerConfigKeys (ConfUtils.java:logGet(46)) - raft.server.threadpool.server.size = 0 (default)
2023-06-17 00:47:21,539 [1b2d6476-f033-43c5-b598-7121a6e75b28-groupManagement] INFO  server.RaftServerConfigKeys (ConfUtils.java:logGet(46)) - raft.server.threadpool.client.cached = true (default)
2023-06-17 00:47:21,539 [1b2d6476-f033-43c5-b598-7121a6e75b28-groupManagement] INFO  server.RaftServerConfigKeys (ConfUtils.java:logGet(46)) - raft.server.threadpool.client.size = 0 (default)
2023-06-17 00:47:21,539 [main] INFO  ha.SCMSnapshotProvider (SCMSnapshotProvider.java:<init>(66)) - Initializing SCM Snapshot Provider
2023-06-17 00:47:21,539 [main] WARN  server.ServerUtils (ServerUtils.java:getDefaultRatisDirectory(323)) - Storage directory for Ratis is not configured. It is a good idea to map this to an SSD disk. Falling back to ozone.metadata.dirs
2023-06-17 00:47:21,540 [main] WARN  ha.SCMHAUtils (SCMHAUtils.java:getSCMRatisSnapshotDirectory(153)) - SCM snapshot dir is not configured. Falling back to ozone.metadata.dirs config
2023-06-17 00:47:21,542 [main] INFO  upgrade.AbstractLayoutVersionManager (AbstractLayoutVersionManager.java:init(83)) - Initializing Layout version manager with metadata layout = HADOOP_PRC_PORTS_IN_DATANODEDETAILS (version = 7), software layout = HADOOP_PRC_PORTS_IN_DATANODEDETAILS (version = 7)
2023-06-17 00:47:21,546 [main] INFO  ha.SequenceIdGenerator (SequenceIdGenerator.java:upgradeToSequenceId(349)) - upgrade localId to 111677748019200000
2023-06-17 00:47:21,548 [main] INFO  ha.SequenceIdGenerator (SequenceIdGenerator.java:upgradeToSequenceId(359)) - upgrade delTxnId to 0
2023-06-17 00:47:21,549 [main] INFO  ha.SequenceIdGenerator (SequenceIdGenerator.java:upgradeToSequenceId(376)) - upgrade containerId to 0
2023-06-17 00:47:21,550 [main] INFO  ha.SequenceIdGenerator (SequenceIdGenerator.java:<init>(220)) - Init the HA SequenceIdGenerator.
2023-06-17 00:47:21,550 [main] WARN  server.ServerUtils (ServerUtils.java:sanitizeUserArgs(80)) - ozone.scm.stale.node.interval value = 300000 is larger than max = 100000 based on the key value of ozone.scm.heartbeat.thread.interval, reset to the max value 100000.
2023-06-17 00:47:21,550 [main] WARN  server.ServerUtils (ServerUtils.java:sanitizeUserArgs(80)) - ozone.scm.stale.node.interval value = 300000 is larger than max = 100000 based on the key value of ozone.scm.heartbeat.thread.interval, reset to the max value 100000.
2023-06-17 00:47:21,551 [main] INFO  node.SCMNodeManager (SCMNodeManager.java:<init>(159)) - Entering startup safe mode.
2023-06-17 00:47:21,552 [main] INFO  algorithms.ContainerPlacementPolicyFactory (ContainerPlacementPolicyFactory.java:getPolicyInternal(86)) - Create container placement policy of type org.apache.hadoop.hdds.scm.container.placement.algorithms.SCMContainerPlacementRackAware
2023-06-17 00:47:21,553 [main] INFO  algorithms.ContainerPlacementPolicyFactory (ContainerPlacementPolicyFactory.java:getPolicyInternal(86)) - Create container placement policy of type org.apache.hadoop.hdds.scm.container.placement.algorithms.SCMContainerPlacementRackScatter
2023-06-17 00:47:21,553 [main] INFO  pipeline.PipelineStateManagerImpl (PipelineStateManagerImpl.java:initialize(78)) - No pipeline exists in current db
2023-06-17 00:47:21,554 [main] INFO  algorithms.LeaderChoosePolicyFactory (LeaderChoosePolicyFactory.java:getPolicy(57)) - Create leader choose policy of type org.apache.hadoop.hdds.scm.pipeline.leader.choose.algorithms.MinLeaderCountChoosePolicy
2023-06-17 00:47:21,554 [main] INFO  algorithms.ContainerPlacementPolicyFactory (ContainerPlacementPolicyFactory.java:getPolicyInternal(86)) - Create container placement policy of type org.apache.hadoop.hdds.scm.container.placement.algorithms.SCMContainerPlacementRackScatter
2023-06-17 00:47:21,555 [main] INFO  ha.SCMServiceManager (SCMServiceManager.java:register(42)) - Registering service BackgroundPipelineCreator.
2023-06-17 00:47:21,555 [main] INFO  pipeline.BackgroundPipelineCreator (BackgroundPipelineCreator.java:start(124)) - Starting RatisPipelineUtilsThread.
2023-06-17 00:47:21,555 [main] INFO  BackgroundPipelineScrubber (BackgroundSCMService.java:start(68)) - Starting BackgroundPipelineScrubber Service.
2023-06-17 00:47:21,555 [main] INFO  ha.SCMServiceManager (SCMServiceManager.java:register(42)) - Registering service BackgroundPipelineScrubber.
2023-06-17 00:47:21,556 [main] INFO  ExpiredContainerReplicaOpScrubber (BackgroundSCMService.java:start(68)) - Starting ExpiredContainerReplicaOpScrubber Service.
2023-06-17 00:47:21,556 [main] INFO  ha.SCMServiceManager (SCMServiceManager.java:register(42)) - Registering service ExpiredContainerReplicaOpScrubber.
2023-06-17 00:47:21,558 [main] INFO  algorithms.PipelineChoosePolicyFactory (PipelineChoosePolicyFactory.java:createPipelineChoosePolicyFromClass(73)) - Create pipeline choose policy of type org.apache.hadoop.hdds.scm.pipeline.choose.algorithms.RandomPipelineChoosePolicy
2023-06-17 00:47:21,559 [main] INFO  ha.SCMServiceManager (SCMServiceManager.java:register(42)) - Registering service SCMBlockDeletingService.
2023-06-17 00:47:21,560 [main] INFO  replication.ReplicationManager (ReplicationManager.java:start(286)) - Starting Replication Monitor Thread.
2023-06-17 00:47:21,563 [main] INFO  ha.SCMServiceManager (SCMServiceManager.java:register(42)) - Registering service ReplicationManager.
2023-06-17 00:47:21,565 [main] INFO  safemode.ContainerSafeModeRule (ContainerSafeModeRule.java:<init>(89)) - containers with one replica threshold count 0
2023-06-17 00:47:21,565 [main] INFO  safemode.HealthyPipelineSafeModeRule (HealthyPipelineSafeModeRule.java:initializeRule(169)) - Total pipeline count is 0, healthy pipeline threshold count is 0
2023-06-17 00:47:21,566 [main] INFO  safemode.OneReplicaPipelineSafeModeRule (OneReplicaPipelineSafeModeRule.java:initializeRule(180)) - Total pipeline count is 0, pipeline's with at least one datanode reported threshold count is 0
2023-06-17 00:47:21,582 [main] INFO  security.SecretKeyManagerService (SecretKeyManagerService.java:start(143)) - Scheduling rotation checker with interval PT1S
2023-06-17 00:47:21,582 [ReplicationMonitor] INFO  replication.ReplicationManager (ReplicationManager.java:processAll(361)) - Replication Manager is not ready to run until 3000ms after safemode exit
2023-06-17 00:47:21,583 [main] INFO  ha.SCMServiceManager (SCMServiceManager.java:register(42)) - Registering service SecretKeyManagerService.
2023-06-17 00:47:21,584 [main] INFO  authority.DefaultCAServer (DefaultCAServer.java:lambda$processVerificationStatus$0(465)) - CertificateServer validation is successful
2023-06-17 00:47:21,585 [main] INFO  ipc.CallQueueManager (CallQueueManager.java:<init>(90)) - Using callQueue: class java.util.concurrent.LinkedBlockingQueue, queueCapacity: 200, scheduler: class org.apache.hadoop.ipc.DefaultRpcScheduler, ipcBackoff: false.
2023-06-17 00:47:21,586 [Socket Reader #1 for port 15010] INFO  ipc.Server (Server.java:run(1319)) - Starting Socket Reader #1 for port 15010
2023-06-17 00:47:21,590 [Listener at 0.0.0.0/15010] INFO  hdds.HddsUtils (HddsUtils.java:preserveThreadName(848)) - Restoring thread name: main
2023-06-17 00:47:21,591 [main] INFO  ha.SCMServiceManager (SCMServiceManager.java:register(42)) - Registering service RootCARotationManager.
2023-06-17 00:47:21,591 [main] INFO  server.StorageContainerManager (StorageContainerManager.java:<init>(414)) - SCM start with adminUsers: [runner, scm]
2023-06-17 00:47:21,592 [main] INFO  ipc.CallQueueManager (CallQueueManager.java:<init>(90)) - Using callQueue: class java.util.concurrent.LinkedBlockingQueue, queueCapacity: 2000, scheduler: class org.apache.hadoop.ipc.DefaultRpcScheduler, ipcBackoff: false.
2023-06-17 00:47:21,593 [Socket Reader #1 for port 15012] INFO  ipc.Server (Server.java:run(1319)) - Starting Socket Reader #1 for port 15012
2023-06-17 00:47:21,595 [Listener at 0.0.0.0/15012] INFO  hdds.HddsUtils (HddsUtils.java:preserveThreadName(848)) - Restoring thread name: main
2023-06-17 00:47:21,596 [main] INFO  ipc.CallQueueManager (CallQueueManager.java:<init>(90)) - Using callQueue: class java.util.concurrent.LinkedBlockingQueue, queueCapacity: 2000, scheduler: class org.apache.hadoop.ipc.DefaultRpcScheduler, ipcBackoff: false.
2023-06-17 00:47:21,597 [Socket Reader #1 for port 15015] INFO  ipc.Server (Server.java:run(1319)) - Starting Socket Reader #1 for port 15015
2023-06-17 00:47:21,600 [Listener at 0.0.0.0/15015] INFO  hdds.HddsUtils (HddsUtils.java:preserveThreadName(848)) - Restoring thread name: main
2023-06-17 00:47:21,601 [main] INFO  ipc.CallQueueManager (CallQueueManager.java:<init>(90)) - Using callQueue: class java.util.concurrent.LinkedBlockingQueue, queueCapacity: 2000, scheduler: class org.apache.hadoop.ipc.DefaultRpcScheduler, ipcBackoff: false.
2023-06-17 00:47:21,602 [Socket Reader #1 for port 15013] INFO  ipc.Server (Server.java:run(1319)) - Starting Socket Reader #1 for port 15013
2023-06-17 00:47:21,604 [Listener at 0.0.0.0/15013] INFO  hdds.HddsUtils (HddsUtils.java:preserveThreadName(848)) - Restoring thread name: main
2023-06-17 00:47:21,615 [main] INFO  ha.SCMServiceManager (SCMServiceManager.java:register(42)) - Registering service ContainerBalancer.
2023-06-17 00:47:21,616 [main] INFO  server.StorageContainerManager (StorageContainerManager.java:<init>(427)) - 
Container Balancer status:
Key                            Value
Running                        false
Container Balancer Configuration values:
Key                                                Value
Threshold                                          10
Max Datanodes to Involve per Iteration(percent)    20
Max Size to Move per Iteration                     500GB
Max Size Entering Target per Iteration             26GB
Max Size Leaving Source per Iteration              26GB

2023-06-17 00:47:21,616 [main] INFO  ha.SCMContext (SCMContext.java:updateSafeModeStatus(228)) - Update SafeModeStatus from SafeModeStatus{safeModeStatus=true, preCheckPassed=false} to SafeModeStatus{safeModeStatus=true, preCheckPassed=false}.
2023-06-17 00:47:21,617 [main] INFO  server.StorageContainerManager (StorageContainerManager.java:start(1483)) - StorageContainerLocationProtocol RPC server is listening at /0.0.0.0:15013
2023-06-17 00:47:21,617 [main] INFO  ha.SCMRatisServerImpl (SCMRatisServerImpl.java:start(189)) - starting ratis server 0.0.0.0:15011
2023-06-17 00:47:21,618 [1b2d6476-f033-43c5-b598-7121a6e75b28-impl-thread1] INFO  storage.RaftStorageDirectory (RaftStorageDirectoryImpl.java:analyzeStorage(137)) - The storage directory /home/runner/work/ozone/ozone/hadoop-ozone/integration-test/target/test-dir/MiniOzoneClusterImpl-a3d962f4-5b41-4a19-a1e3-7934b631c69d/scmNode-2/scm-ha/a3d962f4-5b41-4a19-a1e3-7934b631c69d does not exist. Creating ...
2023-06-17 00:47:21,622 [1b2d6476-f033-43c5-b598-7121a6e75b28-impl-thread1] INFO  storage.RaftStorageDirectory (RaftStorageDirectoryImpl.java:tryLock(231)) - Lock on /home/runner/work/ozone/ozone/hadoop-ozone/integration-test/target/test-dir/MiniOzoneClusterImpl-a3d962f4-5b41-4a19-a1e3-7934b631c69d/scmNode-2/scm-ha/a3d962f4-5b41-4a19-a1e3-7934b631c69d/in_use.lock acquired by nodename 26315@fv-az275-58
2023-06-17 00:47:21,624 [1b2d6476-f033-43c5-b598-7121a6e75b28-impl-thread1] INFO  storage.RaftStorage (RaftStorageImpl.java:format(96)) - Storage directory /home/runner/work/ozone/ozone/hadoop-ozone/integration-test/target/test-dir/MiniOzoneClusterImpl-a3d962f4-5b41-4a19-a1e3-7934b631c69d/scmNode-2/scm-ha/a3d962f4-5b41-4a19-a1e3-7934b631c69d has been successfully formatted.
2023-06-17 00:47:21,624 [1b2d6476-f033-43c5-b598-7121a6e75b28-impl-thread1] INFO  server.RaftServerConfigKeys (ConfUtils.java:logGet(46)) - raft.server.log.use.memory = false (default)
2023-06-17 00:47:21,624 [1b2d6476-f033-43c5-b598-7121a6e75b28-impl-thread1] INFO  server.RaftServerConfigKeys (ConfUtils.java:logGet(46)) - raft.server.log.purge.gap = 100 (custom)
2023-06-17 00:47:21,625 [1b2d6476-f033-43c5-b598-7121a6e75b28-impl-thread1] INFO  server.RaftServerConfigKeys (ConfUtils.java:logGet(46)) - raft.server.log.appender.buffer.byte-limit = 33554432 (custom)
2023-06-17 00:47:21,625 [1b2d6476-f033-43c5-b598-7121a6e75b28-impl-thread1] INFO  server.RaftServerConfigKeys (ConfUtils.java:logGet(46)) - raft.server.log.statemachine.data.read.timeout = 1000ms (default)
2023-06-17 00:47:21,625 [1b2d6476-f033-43c5-b598-7121a6e75b28-impl-thread1] INFO  server.RaftServerConfigKeys (ConfUtils.java:logGet(46)) - raft.server.log.purge.preservation.log.num = 0 (default)
2023-06-17 00:47:21,625 [1b2d6476-f033-43c5-b598-7121a6e75b28-impl-thread1] INFO  server.RaftServerConfigKeys (ConfUtils.java:logGet(46)) - raft.server.log.segment.size.max = 4194304 (custom)
2023-06-17 00:47:21,626 [1b2d6476-f033-43c5-b598-7121a6e75b28-impl-thread1] INFO  server.RaftServerConfigKeys (ConfUtils.java:logGet(46)) - raft.server.log.segment.cache.num.max = 2 (custom)
2023-06-17 00:47:21,626 [1b2d6476-f033-43c5-b598-7121a6e75b28-impl-thread1] INFO  server.RaftServerConfigKeys (ConfUtils.java:logGet(46)) - raft.server.log.segment.cache.size.max = 200MB (=209715200) (default)
2023-06-17 00:47:21,626 [1b2d6476-f033-43c5-b598-7121a6e75b28-impl-thread1] INFO  server.RaftServerConfigKeys (ConfUtils.java:logGet(46)) - raft.server.log.appender.buffer.byte-limit = 33554432 (custom)
2023-06-17 00:47:21,626 [1b2d6476-f033-43c5-b598-7121a6e75b28-impl-thread1] INFO  segmented.SegmentedRaftLogWorker (SegmentedRaftLogWorker.java:<init>(188)) - new 1b2d6476-f033-43c5-b598-7121a6e75b28@group-7934B631C69D-SegmentedRaftLogWorker for RaftStorageImpl:Storage Directory /home/runner/work/ozone/ozone/hadoop-ozone/integration-test/target/test-dir/MiniOzoneClusterImpl-a3d962f4-5b41-4a19-a1e3-7934b631c69d/scmNode-2/scm-ha/a3d962f4-5b41-4a19-a1e3-7934b631c69d
2023-06-17 00:47:21,626 [1b2d6476-f033-43c5-b598-7121a6e75b28-impl-thread1] INFO  server.RaftServerConfigKeys (ConfUtils.java:logGet(46)) - raft.server.log.queue.byte-limit = 64MB (=67108864) (default)
2023-06-17 00:47:21,626 [1b2d6476-f033-43c5-b598-7121a6e75b28-impl-thread1] INFO  server.RaftServerConfigKeys (ConfUtils.java:logGet(46)) - raft.server.log.queue.element-limit = 4096 (default)
2023-06-17 00:47:21,627 [1b2d6476-f033-43c5-b598-7121a6e75b28-impl-thread1] INFO  server.RaftServerConfigKeys (ConfUtils.java:logGet(46)) - raft.server.log.segment.size.max = 4194304 (custom)
2023-06-17 00:47:21,627 [1b2d6476-f033-43c5-b598-7121a6e75b28-impl-thread1] INFO  server.RaftServerConfigKeys (ConfUtils.java:logGet(46)) - raft.server.log.preallocated.size = 4194304 (custom)
2023-06-17 00:47:21,627 [1b2d6476-f033-43c5-b598-7121a6e75b28-impl-thread1] INFO  server.RaftServerConfigKeys (ConfUtils.java:logGet(46)) - raft.server.log.force.sync.num = 128 (default)
2023-06-17 00:47:21,627 [1b2d6476-f033-43c5-b598-7121a6e75b28-impl-thread1] INFO  server.RaftServerConfigKeys (ConfUtils.java:logGet(46)) - raft.server.log.statemachine.data.sync = true (default)
2023-06-17 00:47:21,627 [1b2d6476-f033-43c5-b598-7121a6e75b28-impl-thread1] INFO  server.RaftServerConfigKeys (ConfUtils.java:logGet(46)) - raft.server.log.statemachine.data.sync.timeout = 10s (default)
2023-06-17 00:47:21,627 [1b2d6476-f033-43c5-b598-7121a6e75b28-impl-thread1] INFO  server.RaftServerConfigKeys (ConfUtils.java:logGet(46)) - raft.server.log.statemachine.data.sync.timeout.retry = -1 (default)
2023-06-17 00:47:21,628 [1b2d6476-f033-43c5-b598-7121a6e75b28-impl-thread1] INFO  server.RaftServerConfigKeys (ConfUtils.java:logGet(46)) - raft.server.log.write.buffer.size = 64KB (=65536) (default)
2023-06-17 00:47:21,628 [1b2d6476-f033-43c5-b598-7121a6e75b28-impl-thread1] INFO  server.RaftServerConfigKeys (ConfUtils.java:logGet(46)) - raft.server.log.appender.buffer.byte-limit = 33554432 (custom)
2023-06-17 00:47:21,637 [1b2d6476-f033-43c5-b598-7121a6e75b28-impl-thread1] INFO  server.RaftServerConfigKeys (ConfUtils.java:logGet(46)) - raft.server.log.unsafe-flush.enabled = false (default)
2023-06-17 00:47:21,638 [1b2d6476-f033-43c5-b598-7121a6e75b28-impl-thread1] INFO  server.RaftServerConfigKeys (ConfUtils.java:logGet(46)) - raft.server.log.async-flush.enabled = false (default)
2023-06-17 00:47:21,638 [1b2d6476-f033-43c5-b598-7121a6e75b28-impl-thread1] INFO  server.RaftServerConfigKeys (ConfUtils.java:logGet(46)) - raft.server.log.statemachine.data.caching.enabled = false (default)
2023-06-17 00:47:21,638 [1b2d6476-f033-43c5-b598-7121a6e75b28-impl-thread1] INFO  segmented.SegmentedRaftLogWorker (SegmentedRaftLogWorker.java:lambda$new$0(135)) - 1b2d6476-f033-43c5-b598-7121a6e75b28@group-7934B631C69D-SegmentedRaftLogWorker: flushIndex: setUnconditionally 0 -> -1
2023-06-17 00:47:21,638 [1b2d6476-f033-43c5-b598-7121a6e75b28-impl-thread1] INFO  segmented.SegmentedRaftLogWorker (SegmentedRaftLogWorker.java:lambda$new$0(135)) - 1b2d6476-f033-43c5-b598-7121a6e75b28@group-7934B631C69D-SegmentedRaftLogWorker: safeCacheEvictIndex: setUnconditionally 0 -> -1
2023-06-17 00:47:21,639 [1b2d6476-f033-43c5-b598-7121a6e75b28-impl-thread1] INFO  server.RaftServer$Division (RaftServerImpl.java:start(348)) - 1b2d6476-f033-43c5-b598-7121a6e75b28@group-7934B631C69D: start with initializing state, conf=-1: peers:[]|listeners:[], old=null
2023-06-17 00:47:21,639 [1b2d6476-f033-43c5-b598-7121a6e75b28-impl-thread1] INFO  server.RaftServer$Division (RaftServerImpl.java:setRole(329)) - 1b2d6476-f033-43c5-b598-7121a6e75b28@group-7934B631C69D: changes role from      null to FOLLOWER at term 0 for startInitializing
2023-06-17 00:47:21,639 [1b2d6476-f033-43c5-b598-7121a6e75b28-impl-thread1] INFO  util.JmxRegister (JmxRegister.java:tryRegister(44)) - Successfully registered JMX Bean with object name Ratis:service=RaftServer,group=group-7934B631C69D,id=1b2d6476-f033-43c5-b598-7121a6e75b28
2023-06-17 00:47:21,639 [1b2d6476-f033-43c5-b598-7121a6e75b28-impl-thread1] INFO  server.RaftServerConfigKeys (ConfUtils.java:logGet(46)) - raft.server.snapshot.auto.trigger.enabled = true (custom)
2023-06-17 00:47:21,639 [1b2d6476-f033-43c5-b598-7121a6e75b28-impl-thread1] INFO  server.RaftServerConfigKeys (ConfUtils.java:logGet(46)) - raft.server.snapshot.auto.trigger.threshold = 100 (custom)
2023-06-17 00:47:21,639 [1b2d6476-f033-43c5-b598-7121a6e75b28-impl-thread1] INFO  server.RaftServerConfigKeys (ConfUtils.java:logGet(46)) - raft.server.snapshot.retention.file.num = -1 (default)
2023-06-17 00:47:21,640 [1b2d6476-f033-43c5-b598-7121a6e75b28-impl-thread1] INFO  server.RaftServerConfigKeys (ConfUtils.java:logGet(46)) - raft.server.log.purge.upto.snapshot.index = true (custom)
2023-06-17 00:47:21,643 [main] INFO  server.RaftServer (RaftServerProxy.java:startImpl(400)) - 1b2d6476-f033-43c5-b598-7121a6e75b28: start RPC server
2023-06-17 00:47:21,647 [main] INFO  server.GrpcService (GrpcService.java:startImpl(302)) - 1b2d6476-f033-43c5-b598-7121a6e75b28: GrpcService started, listening on 15011
2023-06-17 00:47:21,650 [main] INFO  ha.SCMNodeInfo (SCMNodeInfo.java:getPort(197)) - ConfigKey ozone.scm.client.address is deprecated, For configuring different ports for each SCM use PortConfigKey ozone.scm.client.port appended with serviceId and nodeId
2023-06-17 00:47:21,650 [main] INFO  ha.SCMNodeInfo (SCMNodeInfo.java:getPort(197)) - ConfigKey ozone.scm.block.client.address is deprecated, For configuring different ports for each SCM use PortConfigKey ozone.scm.block.client.port appended with serviceId and nodeId
2023-06-17 00:47:21,650 [main] INFO  ha.SCMNodeInfo (SCMNodeInfo.java:getPort(197)) - ConfigKey ozone.scm.security.service.address is deprecated, For configuring different ports for each SCM use PortConfigKey ozone.scm.security.service.port appended with serviceId and nodeId
2023-06-17 00:47:21,651 [main] INFO  ha.SCMNodeInfo (SCMNodeInfo.java:getPort(197)) - ConfigKey ozone.scm.datanode.address is deprecated, For configuring different ports for each SCM use PortConfigKey ozone.scm.datanode.port appended with serviceId and nodeId
2023-06-17 00:47:21,651 [main] INFO  ha.SCMNodeInfo (SCMNodeInfo.java:getPort(197)) - ConfigKey ozone.scm.client.address is deprecated, For configuring different ports for each SCM use PortConfigKey ozone.scm.client.port appended with serviceId and nodeId
2023-06-17 00:47:21,651 [main] INFO  ha.SCMNodeInfo (SCMNodeInfo.java:getPort(197)) - ConfigKey ozone.scm.block.client.address is deprecated, For configuring different ports for each SCM use PortConfigKey ozone.scm.block.client.port appended with serviceId and nodeId
2023-06-17 00:47:21,651 [main] INFO  ha.SCMNodeInfo (SCMNodeInfo.java:getPort(197)) - ConfigKey ozone.scm.security.service.address is deprecated, For configuring different ports for each SCM use PortConfigKey ozone.scm.security.service.port appended with serviceId and nodeId
2023-06-17 00:47:21,651 [main] INFO  ha.SCMNodeInfo (SCMNodeInfo.java:getPort(197)) - ConfigKey ozone.scm.datanode.address is deprecated, For configuring different ports for each SCM use PortConfigKey ozone.scm.datanode.port appended with serviceId and nodeId
2023-06-17 00:47:21,653 [main] INFO  proxy.SCMBlockLocationFailoverProxyProvider (SCMBlockLocationFailoverProxyProvider.java:<init>(114)) - Created block location fail-over proxy with 2 nodes: [nodeId=scmNode-3,nodeAddress=/127.0.0.1:15023, nodeId=scmNode-1,nodeAddress=/127.0.0.1:15007]
2023-06-17 00:47:21,656 [JvmPauseMonitor2] INFO  util.JvmPauseMonitor (JvmPauseMonitor.java:run(103)) - JvmPauseMonitor-1b2d6476-f033-43c5-b598-7121a6e75b28: Started
2023-06-17 00:47:21,665 [pool-2-thread-1] INFO  request.TgsRequest (TgsRequest.java:issueTicket(115)) - TGS_REQ ISSUE: authtime 1686962841665,scm/fv-az275-58.go2hi5et44qedpdz5zrtt3gknc.xx.internal.cloudapp.net for scm/fv-az275-58.go2hi5et44qedpdz5zrtt3gknc.xx.internal.cloudapp.net@EXAMPLE.COM
2023-06-17 00:47:21,683 [Socket Reader #1 for port 15007] INFO  ipc.Server (Server.java:saslProcess(2116)) - Auth successful for scm/fv-az275-58.go2hi5et44qedpdz5zrtt3gknc.xx.internal.cloudapp.net@EXAMPLE.COM (auth:KERBEROS) from 10.1.0.235:38763
2023-06-17 00:47:21,703 [IPC Server handler 1 on default port 15007] INFO  ha.SCMRatisServerImpl (SCMRatisServerImpl.java:addSCM(316)) - 746ad1cd-7733-4d67-8369-e04f45d32291: Submitting SetConfiguration request to Ratis server with new SCM peers list: [746ad1cd-7733-4d67-8369-e04f45d32291|rpc:localhost:15003|admin:|client:|dataStream:|priority:0|startupRole:FOLLOWER, 1b2d6476-f033-43c5-b598-7121a6e75b28|rpc:localhost:15011|priority:0|startupRole:FOLLOWER]
2023-06-17 00:47:21,707 [IPC Server handler 1 on default port 15007] INFO  server.RaftServer$Division (RaftServerImpl.java:setConfigurationAsync(1196)) - 746ad1cd-7733-4d67-8369-e04f45d32291@group-7934B631C69D: receive setConfiguration SetConfigurationRequest:client-EA6F9FFA306E->746ad1cd-7733-4d67-8369-e04f45d32291@group-7934B631C69D, cid=1, seq=0, RW, null, SET_UNCONDITIONALLY, servers:[746ad1cd-7733-4d67-8369-e04f45d32291|rpc:localhost:15003|admin:|client:|dataStream:|priority:0|startupRole:FOLLOWER, 1b2d6476-f033-43c5-b598-7121a6e75b28|rpc:localhost:15011|priority:0|startupRole:FOLLOWER], listeners:[]
2023-06-17 00:47:21,708 [IPC Server handler 1 on default port 15007] INFO  server.RaftServer$Division (LeaderStateImpl.java:startSetConfiguration(443)) - 746ad1cd-7733-4d67-8369-e04f45d32291@group-7934B631C69D-LeaderStateImpl: startSetConfiguration SetConfigurationRequest:client-EA6F9FFA306E->746ad1cd-7733-4d67-8369-e04f45d32291@group-7934B631C69D, cid=1, seq=0, RW, null, SET_UNCONDITIONALLY, servers:[746ad1cd-7733-4d67-8369-e04f45d32291|rpc:localhost:15003|admin:|client:|dataStream:|priority:0|startupRole:FOLLOWER, 1b2d6476-f033-43c5-b598-7121a6e75b28|rpc:localhost:15011|priority:0|startupRole:FOLLOWER], listeners:[]
2023-06-17 00:47:21,726 [IPC Server handler 1 on default port 15007] INFO  server.RaftServerConfigKeys (ConfUtils.java:logGet(46)) - raft.server.log.appender.snapshot.chunk.size.max = 16MB (=16777216) (default)
2023-06-17 00:47:21,726 [IPC Server handler 1 on default port 15007] INFO  server.RaftServerConfigKeys (ConfUtils.java:logGet(46)) - raft.server.log.appender.buffer.byte-limit = 33554432 (custom)
2023-06-17 00:47:21,727 [IPC Server handler 1 on default port 15007] INFO  server.RaftServerConfigKeys (ConfUtils.java:logGet(46)) - raft.server.log.appender.buffer.element-limit = 1024 (custom)
2023-06-17 00:47:21,730 [IPC Server handler 1 on default port 15007] INFO  server.RaftServerConfigKeys (ConfUtils.java:logGet(46)) - raft.server.log.appender.wait-time.min = 10ms (default)
2023-06-17 00:47:21,734 [IPC Server handler 1 on default port 15007] INFO  grpc.GrpcConfigKeys (ConfUtils.java:logGet(46)) - raft.grpc.server.leader.outstanding.appends.max = 128 (default)
2023-06-17 00:47:21,735 [IPC Server handler 1 on default port 15007] INFO  server.RaftServerConfigKeys (ConfUtils.java:logGet(46)) - raft.server.rpc.request.timeout = 30000ms (custom)
2023-06-17 00:47:21,735 [IPC Server handler 1 on default port 15007] INFO  grpc.GrpcConfigKeys (ConfUtils.java:logGet(46)) - raft.grpc.server.install_snapshot.request.element-limit = 8 (default)
2023-06-17 00:47:21,735 [IPC Server handler 1 on default port 15007] INFO  grpc.GrpcConfigKeys (ConfUtils.java:logGet(46)) - raft.grpc.server.install_snapshot.request.timeout = 3000ms (default)
2023-06-17 00:47:21,735 [IPC Server handler 1 on default port 15007] INFO  server.RaftServerConfigKeys (ConfUtils.java:logGet(46)) - raft.server.log.appender.install.snapshot.enabled = false (custom)
2023-06-17 00:47:21,736 [IPC Server handler 1 on default port 15007] INFO  grpc.GrpcConfigKeys (ConfUtils.java:logGet(46)) - raft.grpc.server.heartbeat.channel = true (default)
2023-06-17 00:47:21,744 [746ad1cd-7733-4d67-8369-e04f45d32291@group-7934B631C69D->1b2d6476-f033-43c5-b598-7121a6e75b28-GrpcLogAppender-LogAppenderDaemon] INFO  server.GrpcLogAppender (GrpcLogAppender.java:installSnapshot(649)) - 746ad1cd-7733-4d67-8369-e04f45d32291@group-7934B631C69D->1b2d6476-f033-43c5-b598-7121a6e75b28-GrpcLogAppender: followerNextIndex = 0 but logStartIndex = 0, notify follower to install snapshot-(t:1, i:0)
2023-06-17 00:47:21,758 [746ad1cd-7733-4d67-8369-e04f45d32291@group-7934B631C69D->1b2d6476-f033-43c5-b598-7121a6e75b28-GrpcLogAppender-LogAppenderDaemon] INFO  server.GrpcLogAppender (GrpcLogAppender.java:installSnapshot(657)) - 746ad1cd-7733-4d67-8369-e04f45d32291@group-7934B631C69D->1b2d6476-f033-43c5-b598-7121a6e75b28-GrpcLogAppender: send 746ad1cd-7733-4d67-8369-e04f45d32291->1b2d6476-f033-43c5-b598-7121a6e75b28#0-t2,notify:(t:1, i:0)
2023-06-17 00:47:21,759 [746ad1cd-7733-4d67-8369-e04f45d32291@group-7934B631C69D->1b2d6476-f033-43c5-b598-7121a6e75b28-GrpcLogAppender-LogAppenderDaemon] INFO  server.GrpcServerProtocolClient (GrpcServerProtocolClient.java:<init>(65)) - Build channel for 1b2d6476-f033-43c5-b598-7121a6e75b28
2023-06-17 00:47:21,787 [grpc-default-executor-0] INFO  impl.SnapshotInstallationHandler (SnapshotInstallationHandler.java:installSnapshot(89)) - 1b2d6476-f033-43c5-b598-7121a6e75b28@group-7934B631C69D: receive installSnapshot: 746ad1cd-7733-4d67-8369-e04f45d32291->1b2d6476-f033-43c5-b598-7121a6e75b28#0-t2,notify:(t:1, i:0)
2023-06-17 00:47:21,789 [grpc-default-executor-0] INFO  ha.SCMStateMachine (SCMStateMachine.java:notifyLeaderChanged(286)) - leader changed, yet current SCM is still follower.
2023-06-17 00:47:21,789 [grpc-default-executor-0] INFO  server.RaftServer$Division (ServerState.java:setLeader(317)) - 1b2d6476-f033-43c5-b598-7121a6e75b28@group-7934B631C69D: change Leader from null to 746ad1cd-7733-4d67-8369-e04f45d32291 at term 2 for installSnapshot, leader elected after 260ms
2023-06-17 00:47:21,790 [grpc-default-executor-0] INFO  impl.SnapshotInstallationHandler (SnapshotInstallationHandler.java:notifyStateMachineToInstallSnapshot(221)) - 1b2d6476-f033-43c5-b598-7121a6e75b28@group-7934B631C69D: Received notification to install snapshot at index 0
2023-06-17 00:47:21,792 [grpc-default-executor-0] INFO  impl.SnapshotInstallationHandler (SnapshotInstallationHandler.java:notifyStateMachineToInstallSnapshot(230)) - 1b2d6476-f033-43c5-b598-7121a6e75b28@group-7934B631C69D: InstallSnapshot notification result: ALREADY_INSTALLED, current snapshot index: -1
2023-06-17 00:47:21,897 [grpc-default-executor-0] INFO  impl.SnapshotInstallationHandler (SnapshotInstallationHandler.java:installSnapshotImpl(134)) - 1b2d6476-f033-43c5-b598-7121a6e75b28@group-7934B631C69D: set new configuration index: 1
configurationEntry {
  peers {
    id: "746ad1cd-7733-4d67-8369-e04f45d32291"
    address: "localhost:15003"
    startupRole: FOLLOWER
  }
}
 from snapshot
2023-06-17 00:47:21,898 [grpc-default-executor-0] INFO  server.RaftServer$Division (ServerState.java:setRaftConf(434)) - 1b2d6476-f033-43c5-b598-7121a6e75b28@group-7934B631C69D: set configuration 1: peers:[746ad1cd-7733-4d67-8369-e04f45d32291|rpc:localhost:15003|admin:|client:|dataStream:|priority:0|startupRole:FOLLOWER]|listeners:[], old=null
2023-06-17 00:47:21,899 [grpc-default-executor-0] INFO  impl.SnapshotInstallationHandler (SnapshotInstallationHandler.java:installSnapshot(100)) - 1b2d6476-f033-43c5-b598-7121a6e75b28@group-7934B631C69D: reply installSnapshot: 746ad1cd-7733-4d67-8369-e04f45d32291<-1b2d6476-f033-43c5-b598-7121a6e75b28#0:OK-t0,ALREADY_INSTALLED
2023-06-17 00:47:21,902 [grpc-default-executor-2] INFO  server.GrpcLogAppender (GrpcLogAppender.java:onNext(507)) - 746ad1cd-7733-4d67-8369-e04f45d32291@group-7934B631C69D->1b2d6476-f033-43c5-b598-7121a6e75b28-InstallSnapshotResponseHandler: received the first reply 746ad1cd-7733-4d67-8369-e04f45d32291<-1b2d6476-f033-43c5-b598-7121a6e75b28#0:OK-t0,ALREADY_INSTALLED
2023-06-17 00:47:21,904 [grpc-default-executor-0] INFO  server.GrpcServerProtocolService (GrpcServerProtocolService.java:onCompleted(155)) - 1b2d6476-f033-43c5-b598-7121a6e75b28: Completed INSTALL_SNAPSHOT, lastRequest: 746ad1cd-7733-4d67-8369-e04f45d32291->1b2d6476-f033-43c5-b598-7121a6e75b28#0-t2,notify:(t:1, i:0)
2023-06-17 00:47:21,905 [grpc-default-executor-0] INFO  server.GrpcServerProtocolService (GrpcServerProtocolService.java:lambda$onCompleted$5(157)) - 1b2d6476-f033-43c5-b598-7121a6e75b28: Completed INSTALL_SNAPSHOT, lastReply: null
2023-06-17 00:47:21,905 [grpc-default-executor-2] INFO  server.GrpcLogAppender (GrpcLogAppender.java:onNext(530)) - 746ad1cd-7733-4d67-8369-e04f45d32291@group-7934B631C69D->1b2d6476-f033-43c5-b598-7121a6e75b28-InstallSnapshotResponseHandler: Follower snapshot is already at index 0.
2023-06-17 00:47:21,906 [grpc-default-executor-2] INFO  leader.FollowerInfo (FollowerInfoImpl.java:lambda$new$0(52)) - 746ad1cd-7733-4d67-8369-e04f45d32291@group-7934B631C69D->1b2d6476-f033-43c5-b598-7121a6e75b28: matchIndex: setUnconditionally -1 -> 0
2023-06-17 00:47:21,907 [grpc-default-executor-2] INFO  leader.FollowerInfo (FollowerInfoImpl.java:lambda$new$0(52)) - 746ad1cd-7733-4d67-8369-e04f45d32291@group-7934B631C69D->1b2d6476-f033-43c5-b598-7121a6e75b28: nextIndex: setUnconditionally 0 -> 1
2023-06-17 00:47:21,907 [grpc-default-executor-2] INFO  leader.FollowerInfo (FollowerInfoImpl.java:setAttemptedToInstallSnapshot(126)) - Follower 746ad1cd-7733-4d67-8369-e04f45d32291@group-7934B631C69D->1b2d6476-f033-43c5-b598-7121a6e75b28 acknowledged installing snapshot
2023-06-17 00:47:21,908 [grpc-default-executor-2] INFO  server.GrpcLogAppender (GrpcLogAppender.java:increaseNextIndex(337)) - 746ad1cd-7733-4d67-8369-e04f45d32291@group-7934B631C69D->1b2d6476-f033-43c5-b598-7121a6e75b28-GrpcLogAppender: updateNextIndex 1 for ALREADY_INSTALLED
2023-06-17 00:47:21,940 [1b2d6476-f033-43c5-b598-7121a6e75b28-server-thread1] INFO  impl.RoleInfo (RoleInfo.java:updateAndGet(139)) - 1b2d6476-f033-43c5-b598-7121a6e75b28: start 1b2d6476-f033-43c5-b598-7121a6e75b28@group-7934B631C69D-FollowerState
2023-06-17 00:47:21,942 [1b2d6476-f033-43c5-b598-7121a6e75b28-server-thread1] INFO  server.RaftServer$Division (RaftServerImpl.java:checkInconsistentAppendEntries(1613)) - 1b2d6476-f033-43c5-b598-7121a6e75b28@group-7934B631C69D: Failed appendEntries as previous log entry ((t:1, i:0)) is not found
2023-06-17 00:47:21,944 [1b2d6476-f033-43c5-b598-7121a6e75b28-server-thread1] INFO  server.RaftServer$Division (RaftServerImpl.java:checkInconsistentAppendEntries(1583)) - 1b2d6476-f033-43c5-b598-7121a6e75b28@group-7934B631C69D: inconsistency entries. Reply:746ad1cd-7733-4d67-8369-e04f45d32291<-1b2d6476-f033-43c5-b598-7121a6e75b28#0:FAIL-t2,INCONSISTENCY,nextIndex=0,followerCommit=-1,matchIndex=-1
2023-06-17 00:47:21,944 [1b2d6476-f033-43c5-b598-7121a6e75b28@group-7934B631C69D-FollowerState] INFO  server.RaftServerConfigKeys (ConfUtils.java:logFallback(53)) - raft.server.rpc.first-election.timeout.min = 5000ms (fallback to raft.server.rpc.timeout.min)
2023-06-17 00:47:21,944 [1b2d6476-f033-43c5-b598-7121a6e75b28@group-7934B631C69D-FollowerState] INFO  server.RaftServerConfigKeys (ConfUtils.java:logFallback(53)) - raft.server.rpc.first-election.timeout.max = 5200ms (fallback to raft.server.rpc.timeout.max)
2023-06-17 00:47:21,951 [1b2d6476-f033-43c5-b598-7121a6e75b28-server-thread1] INFO  server.RaftServer$Division (RaftServerImpl.java:checkInconsistentAppendEntries(1613)) - 1b2d6476-f033-43c5-b598-7121a6e75b28@group-7934B631C69D: Failed appendEntries as previous log entry ((t:1, i:0)) is not found
2023-06-17 00:47:21,951 [1b2d6476-f033-43c5-b598-7121a6e75b28-server-thread1] INFO  server.RaftServer$Division (RaftServerImpl.java:checkInconsistentAppendEntries(1583)) - 1b2d6476-f033-43c5-b598-7121a6e75b28@group-7934B631C69D: inconsistency entries. Reply:746ad1cd-7733-4d67-8369-e04f45d32291<-1b2d6476-f033-43c5-b598-7121a6e75b28#1:FAIL-t2,INCONSISTENCY,nextIndex=0,followerCommit=-1,matchIndex=-1
2023-06-17 00:47:21,952 [grpc-default-executor-2] WARN  server.GrpcLogAppender (GrpcLogAppender.java:onNextImpl(401)) - 746ad1cd-7733-4d67-8369-e04f45d32291@group-7934B631C69D->1b2d6476-f033-43c5-b598-7121a6e75b28-AppendLogResponseHandler: received INCONSISTENCY reply with nextIndex 0
2023-06-17 00:47:21,954 [grpc-default-executor-0] WARN  server.GrpcLogAppender (GrpcLogAppender.java:onNextImpl(401)) - 746ad1cd-7733-4d67-8369-e04f45d32291@group-7934B631C69D->1b2d6476-f033-43c5-b598-7121a6e75b28-AppendLogResponseHandler: received INCONSISTENCY reply with nextIndex 0
2023-06-17 00:47:21,955 [grpc-default-executor-2] INFO  leader.FollowerInfo (FollowerInfoImpl.java:lambda$new$0(52)) - 746ad1cd-7733-4d67-8369-e04f45d32291@group-7934B631C69D->1b2d6476-f033-43c5-b598-7121a6e75b28: setNextIndex nextIndex: updateUnconditionally 7 -> 0
2023-06-17 00:47:21,964 [1b2d6476-f033-43c5-b598-7121a6e75b28-server-thread1] INFO  server.RaftServer$Division (ServerState.java:setRaftConf(434)) - 1b2d6476-f033-43c5-b598-7121a6e75b28@group-7934B631C69D: set configuration 0: peers:[746ad1cd-7733-4d67-8369-e04f45d32291|rpc:localhost:15003|admin:|client:|dataStream:|priority:0|startupRole:FOLLOWER]|listeners:[], old=null
2023-06-17 00:47:21,964 [1b2d6476-f033-43c5-b598-7121a6e75b28-server-thread1] INFO  server.RaftServer$Division (ServerState.java:setRaftConf(434)) - 1b2d6476-f033-43c5-b598-7121a6e75b28@group-7934B631C69D: set configuration 1: peers:[746ad1cd-7733-4d67-8369-e04f45d32291|rpc:localhost:15003|admin:|client:|dataStream:|priority:0|startupRole:FOLLOWER]|listeners:[], old=null
2023-06-17 00:47:21,964 [1b2d6476-f033-43c5-b598-7121a6e75b28-server-thread1] INFO  segmented.SegmentedRaftLogWorker (SegmentedRaftLogWorker.java:startLogSegment(447)) - 1b2d6476-f033-43c5-b598-7121a6e75b28@group-7934B631C69D-SegmentedRaftLogWorker: Starting segment from index:0
2023-06-17 00:47:21,978 [1b2d6476-f033-43c5-b598-7121a6e75b28-server-thread1] INFO  segmented.SegmentedRaftLogWorker (SegmentedRaftLogWorker.java:rollLogSegment(452)) - 1b2d6476-f033-43c5-b598-7121a6e75b28@group-7934B631C69D-SegmentedRaftLogWorker: Rolling segment log-0_0 to index:0
2023-06-17 00:47:21,985 [1b2d6476-f033-43c5-b598-7121a6e75b28@group-7934B631C69D-SegmentedRaftLogWorker] INFO  segmented.SegmentedRaftLogWorker (SegmentedRaftLogWorker.java:execute(651)) - 1b2d6476-f033-43c5-b598-7121a6e75b28@group-7934B631C69D-SegmentedRaftLogWorker: created new log segment /home/runner/work/ozone/ozone/hadoop-ozone/integration-test/target/test-dir/MiniOzoneClusterImpl-a3d962f4-5b41-4a19-a1e3-7934b631c69d/scmNode-2/scm-ha/a3d962f4-5b41-4a19-a1e3-7934b631c69d/current/log_inprogress_0
2023-06-17 00:47:21,987 [1b2d6476-f033-43c5-b598-7121a6e75b28@group-7934B631C69D-SegmentedRaftLogWorker] INFO  segmented.SegmentedRaftLogWorker (SegmentedRaftLogWorker.java:execute(608)) - 1b2d6476-f033-43c5-b598-7121a6e75b28@group-7934B631C69D-SegmentedRaftLogWorker: Rolled log segment from /home/runner/work/ozone/ozone/hadoop-ozone/integration-test/target/test-dir/MiniOzoneClusterImpl-a3d962f4-5b41-4a19-a1e3-7934b631c69d/scmNode-2/scm-ha/a3d962f4-5b41-4a19-a1e3-7934b631c69d/current/log_inprogress_0 to /home/runner/work/ozone/ozone/hadoop-ozone/integration-test/target/test-dir/MiniOzoneClusterImpl-a3d962f4-5b41-4a19-a1e3-7934b631c69d/scmNode-2/scm-ha/a3d962f4-5b41-4a19-a1e3-7934b631c69d/current/log_0-0
2023-06-17 00:47:21,999 [1b2d6476-f033-43c5-b598-7121a6e75b28@group-7934B631C69D-SegmentedRaftLogWorker] INFO  segmented.SegmentedRaftLogWorker (SegmentedRaftLogWorker.java:execute(651)) - 1b2d6476-f033-43c5-b598-7121a6e75b28@group-7934B631C69D-SegmentedRaftLogWorker: created new log segment /home/runner/work/ozone/ozone/hadoop-ozone/integration-test/target/test-dir/MiniOzoneClusterImpl-a3d962f4-5b41-4a19-a1e3-7934b631c69d/scmNode-2/scm-ha/a3d962f4-5b41-4a19-a1e3-7934b631c69d/current/log_inprogress_1
2023-06-17 00:47:22,009 [1b2d6476-f033-43c5-b598-7121a6e75b28@group-7934B631C69D-StateMachineUpdater] INFO  safemode.HealthyPipelineSafeModeRule (HealthyPipelineSafeModeRule.java:initializeRule(165)) - Refreshed total pipeline count is 0, healthy pipeline threshold count is 0
2023-06-17 00:47:22,010 [1b2d6476-f033-43c5-b598-7121a6e75b28@group-7934B631C69D-StateMachineUpdater] INFO  safemode.ContainerSafeModeRule (ContainerSafeModeRule.java:reInitializeRule(177)) - Refreshed one replica container threshold 0, currentThreshold 0
2023-06-17 00:47:22,010 [1b2d6476-f033-43c5-b598-7121a6e75b28@group-7934B631C69D-StateMachineUpdater] INFO  safemode.OneReplicaPipelineSafeModeRule (OneReplicaPipelineSafeModeRule.java:initializeRule(176)) - Refreshed Total pipeline count is 0, pipeline's with at least one datanode reported threshold count is 0
2023-06-17 00:47:22,010 [1b2d6476-f033-43c5-b598-7121a6e75b28@group-7934B631C69D-StateMachineUpdater] INFO  server.SCMDatanodeProtocolServer (SCMDatanodeProtocolServer.java:start(193)) - ScmDatanodeProtocol RPC server for DataNodes is listening at /0.0.0.0:15012
2023-06-17 00:47:22,014 [746ad1cd-7733-4d67-8369-e04f45d32291@group-7934B631C69D-LeaderStateImpl] INFO  server.RaftServer$Division (ServerState.java:setRaftConf(434)) - 746ad1cd-7733-4d67-8369-e04f45d32291@group-7934B631C69D: set configuration 7: peers:[1b2d6476-f033-43c5-b598-7121a6e75b28|rpc:localhost:15011|priority:0|startupRole:FOLLOWER, 746ad1cd-7733-4d67-8369-e04f45d32291|rpc:localhost:15003|admin:|client:|dataStream:|priority:0|startupRole:FOLLOWER]|listeners:[], old=peers:[746ad1cd-7733-4d67-8369-e04f45d32291|rpc:localhost:15003|admin:|client:|dataStream:|priority:0|startupRole:FOLLOWER]|listeners:[]
2023-06-17 00:47:22,017 [IPC Server Responder] INFO  ipc.Server (Server.java:run(1558)) - IPC Server Responder: starting
2023-06-17 00:47:22,018 [1b2d6476-f033-43c5-b598-7121a6e75b28-server-thread1] INFO  server.RaftServer$Division (ServerState.java:setRaftConf(434)) - 1b2d6476-f033-43c5-b598-7121a6e75b28@group-7934B631C69D: set configuration 7: peers:[1b2d6476-f033-43c5-b598-7121a6e75b28|rpc:localhost:15011|admin:|client:|dataStream:|priority:0|startupRole:FOLLOWER, 746ad1cd-7733-4d67-8369-e04f45d32291|rpc:localhost:15003|admin:|client:|dataStream:|priority:0|startupRole:FOLLOWER]|listeners:[], old=peers:[746ad1cd-7733-4d67-8369-e04f45d32291|rpc:localhost:15003|admin:|client:|dataStream:|priority:0|startupRole:FOLLOWER]|listeners:[]
2023-06-17 00:47:22,019 [IPC Server listener on 15012] INFO  ipc.Server (Server.java:run(1398)) - IPC Server listener on 15012: starting
2023-06-17 00:47:22,037 [746ad1cd-7733-4d67-8369-e04f45d32291@group-7934B631C69D-LeaderStateImpl] INFO  server.RaftServer$Division (ServerState.java:setRaftConf(434)) - 746ad1cd-7733-4d67-8369-e04f45d32291@group-7934B631C69D: set configuration 9: peers:[1b2d6476-f033-43c5-b598-7121a6e75b28|rpc:localhost:15011|priority:0|startupRole:FOLLOWER, 746ad1cd-7733-4d67-8369-e04f45d32291|rpc:localhost:15003|admin:|client:|dataStream:|priority:0|startupRole:FOLLOWER]|listeners:[], old=null
2023-06-17 00:47:22,041 [1b2d6476-f033-43c5-b598-7121a6e75b28@group-7934B631C69D-StateMachineUpdater] INFO  symmetric.SecretKeyStateImpl (SecretKeyStateImpl.java:updateKeysInternal(113)) - Updating keys with [SecretKey(id = d2282791-1de8-41db-82d9-01f4c51e3fcb, creation at: 2023-06-17T00:47:19.712Z, expire at: 2023-06-17T00:48:20.712Z)]
2023-06-17 00:47:22,053 [1b2d6476-f033-43c5-b598-7121a6e75b28@group-7934B631C69D-StateMachineUpdater] INFO  symmetric.SecretKeyStateImpl (SecretKeyStateImpl.java:updateKeysInternal(128)) - Current key updated SecretKey(id = d2282791-1de8-41db-82d9-01f4c51e3fcb, creation at: 2023-06-17T00:47:19.712Z, expire at: 2023-06-17T00:48:20.712Z)
2023-06-17 00:47:22,054 [1b2d6476-f033-43c5-b598-7121a6e75b28-server-thread1] INFO  server.RaftServer$Division (ServerState.java:setRaftConf(434)) - 1b2d6476-f033-43c5-b598-7121a6e75b28@group-7934B631C69D: set configuration 9: peers:[1b2d6476-f033-43c5-b598-7121a6e75b28|rpc:localhost:15011|admin:|client:|dataStream:|priority:0|startupRole:FOLLOWER, 746ad1cd-7733-4d67-8369-e04f45d32291|rpc:localhost:15003|admin:|client:|dataStream:|priority:0|startupRole:FOLLOWER]|listeners:[], old=null
2023-06-17 00:47:22,055 [1b2d6476-f033-43c5-b598-7121a6e75b28@group-7934B631C69D-StateMachineUpdater] INFO  symmetric.LocalSecretKeyStore (LocalSecretKeyStore.java:save(109)) - Saved [SecretKey(id = d2282791-1de8-41db-82d9-01f4c51e3fcb, creation at: 2023-06-17T00:47:19.712Z, expire at: 2023-06-17T00:48:20.712Z)] to file /home/runner/work/ozone/ozone/hadoop-ozone/integration-test/target/test-dir/MiniOzoneClusterImpl-a3d962f4-5b41-4a19-a1e3-7934b631c69d/scmNode-2/scm/keys/secret_keys.json
2023-06-17 00:47:22,056 [1b2d6476-f033-43c5-b598-7121a6e75b28@group-7934B631C69D-StateMachineUpdater] INFO  safemode.SCMSafeModeManager (SCMSafeModeManager.java:validateSafeModeExitRules(200)) - HealthyPipelineSafeModeRule rule is successfully validated
2023-06-17 00:47:22,056 [1b2d6476-f033-43c5-b598-7121a6e75b28@group-7934B631C69D-StateMachineUpdater] INFO  safemode.SCMSafeModeManager (SCMSafeModeManager.java:validateSafeModeExitRules(200)) - ContainerSafeModeRule rule is successfully validated
2023-06-17 00:47:22,056 [1b2d6476-f033-43c5-b598-7121a6e75b28@group-7934B631C69D-StateMachineUpdater] INFO  safemode.SCMSafeModeManager (SCMSafeModeManager.java:validateSafeModeExitRules(200)) - AtleastOneDatanodeReportedRule rule is successfully validated
2023-06-17 00:47:22,074 [IPC Server handler 1 on default port 15007] INFO  ha.SCMRatisServerImpl (SCMRatisServerImpl.java:addSCM(327)) - Successfully added new SCM: 1b2d6476-f033-43c5-b598-7121a6e75b28.
2023-06-17 00:47:22,078 [main] INFO  ha.SCMHAManagerImpl (SCMHAManagerImpl.java:start(135)) - Successfully added SCM scmNode-2 to group group-7934B631C69D:[1b2d6476-f033-43c5-b598-7121a6e75b28|rpc:localhost:15011|admin:|client:|dataStream:|priority:0|startupRole:FOLLOWER, 746ad1cd-7733-4d67-8369-e04f45d32291|rpc:localhost:15003|admin:|client:|dataStream:|priority:0|startupRole:FOLLOWER]
2023-06-17 00:47:22,078 [main] INFO  ha.InterSCMGrpcService (InterSCMGrpcProtocolService.java:start(95)) - Starting SCM Grpc Service at port 15014
2023-06-17 00:47:22,084 [main] INFO  SCMHATransactionMonitor (BackgroundSCMService.java:start(68)) - Starting SCMHATransactionMonitor Service.
2023-06-17 00:47:22,085 [main] INFO  ha.SCMServiceManager (SCMServiceManager.java:register(42)) - Registering service SCMHATransactionMonitor.
2023-06-17 00:47:22,085 [main] INFO  SCMHATransactionMonitor (BackgroundSCMService.java:start(65)) - SCMHATransactionMonitor Service is already running, skip start.
2023-06-17 00:47:22,085 [main] INFO  impl.MetricsSystemImpl (MetricsSystemImpl.java:init(158)) - StorageContainerManager metrics system started (again)
2023-06-17 00:47:22,105 [main] INFO  server.SCMClientProtocolServer (SCMClientProtocolServer.java:start(201)) - RPC server for Client  is listening at /0.0.0.0:15013
2023-06-17 00:47:22,109 [IPC Server Responder] INFO  ipc.Server (Server.java:run(1558)) - IPC Server Responder: starting
2023-06-17 00:47:22,116 [IPC Server listener on 15013] INFO  ipc.Server (Server.java:run(1398)) - IPC Server listener on 15013: starting
2023-06-17 00:47:22,129 [main] INFO  server.StorageContainerManager (StorageContainerManager.java:start(1496)) - ScmBlockLocationProtocol RPC server is listening at /0.0.0.0:15015
2023-06-17 00:47:22,130 [main] INFO  server.SCMBlockProtocolServer (SCMBlockProtocolServer.java:start(152)) - RPC server for Block Protocol is listening at /0.0.0.0:15015
2023-06-17 00:47:22,130 [IPC Server Responder] INFO  ipc.Server (Server.java:run(1558)) - IPC Server Responder: starting
2023-06-17 00:47:22,132 [IPC Server listener on 15015] INFO  ipc.Server (Server.java:run(1398)) - IPC Server listener on 15015: starting
2023-06-17 00:47:22,133 [main] INFO  server.SCMSecurityProtocolServer (SCMSecurityProtocolServer.java:start(465)) - Starting RPC server for SCMSecurityProtocolServer. is listening at /0.0.0.0:15010
2023-06-17 00:47:22,135 [IPC Server Responder] INFO  ipc.Server (Server.java:run(1558)) - IPC Server Responder: starting
2023-06-17 00:47:22,135 [main] INFO  server.SCMUpdateServiceGrpcServer (SCMUpdateServiceGrpcServer.java:start(58)) - SCMUpdateService starting
2023-06-17 00:47:22,137 [IPC Server listener on 15010] INFO  ipc.Server (Server.java:run(1398)) - IPC Server listener on 15010: starting
2023-06-17 00:47:22,154 [main] INFO  ha.SCMNodeInfo (SCMNodeInfo.java:getPort(197)) - ConfigKey ozone.scm.client.address is deprecated, For configuring different ports for each SCM use PortConfigKey ozone.scm.client.port appended with serviceId and nodeId
2023-06-17 00:47:22,154 [main] INFO  ha.SCMNodeInfo (SCMNodeInfo.java:getPort(197)) - ConfigKey ozone.scm.block.client.address is deprecated, For configuring different ports for each SCM use PortConfigKey ozone.scm.block.client.port appended with serviceId and nodeId
2023-06-17 00:47:22,154 [main] INFO  ha.SCMNodeInfo (SCMNodeInfo.java:getPort(197)) - ConfigKey ozone.scm.security.service.address is deprecated, For configuring different ports for each SCM use PortConfigKey ozone.scm.security.service.port appended with serviceId and nodeId
2023-06-17 00:47:22,154 [main] INFO  ha.SCMNodeInfo (SCMNodeInfo.java:getPort(197)) - ConfigKey ozone.scm.datanode.address is deprecated, For configuring different ports for each SCM use PortConfigKey ozone.scm.datanode.port appended with serviceId and nodeId
2023-06-17 00:47:22,155 [main] INFO  ha.SCMNodeInfo (SCMNodeInfo.java:getPort(197)) - ConfigKey ozone.scm.client.address is deprecated, For configuring different ports for each SCM use PortConfigKey ozone.scm.client.port appended with serviceId and nodeId
2023-06-17 00:47:22,155 [main] INFO  ha.SCMNodeInfo (SCMNodeInfo.java:getPort(197)) - ConfigKey ozone.scm.block.client.address is deprecated, For configuring different ports for each SCM use PortConfigKey ozone.scm.block.client.port appended with serviceId and nodeId
2023-06-17 00:47:22,155 [main] INFO  ha.SCMNodeInfo (SCMNodeInfo.java:getPort(197)) - ConfigKey ozone.scm.security.service.address is deprecated, For configuring different ports for each SCM use PortConfigKey ozone.scm.security.service.port appended with serviceId and nodeId
2023-06-17 00:47:22,155 [main] INFO  ha.SCMNodeInfo (SCMNodeInfo.java:getPort(197)) - ConfigKey ozone.scm.datanode.address is deprecated, For configuring different ports for each SCM use PortConfigKey ozone.scm.datanode.port appended with serviceId and nodeId
2023-06-17 00:47:22,155 [main] INFO  ha.SCMNodeInfo (SCMNodeInfo.java:getPort(197)) - ConfigKey ozone.scm.client.address is deprecated, For configuring different ports for each SCM use PortConfigKey ozone.scm.client.port appended with serviceId and nodeId
2023-06-17 00:47:22,155 [main] INFO  ha.SCMNodeInfo (SCMNodeInfo.java:getPort(197)) - ConfigKey ozone.scm.block.client.address is deprecated, For configuring different ports for each SCM use PortConfigKey ozone.scm.block.client.port appended with serviceId and nodeId
2023-06-17 00:47:22,156 [main] INFO  ha.SCMNodeInfo (SCMNodeInfo.java:getPort(197)) - ConfigKey ozone.scm.security.service.address is deprecated, For configuring different ports for each SCM use PortConfigKey ozone.scm.security.service.port appended with serviceId and nodeId
2023-06-17 00:47:22,156 [main] INFO  ha.SCMNodeInfo (SCMNodeInfo.java:getPort(197)) - ConfigKey ozone.scm.datanode.address is deprecated, For configuring different ports for each SCM use PortConfigKey ozone.scm.datanode.port appended with serviceId and nodeId
2023-06-17 00:47:22,189 [Socket Reader #1 for port 15002] INFO  ipc.Server (Server.java:saslProcess(2116)) - Auth successful for scm/fv-az275-58.go2hi5et44qedpdz5zrtt3gknc.xx.internal.cloudapp.net@EXAMPLE.COM (auth:KERBEROS) from 10.1.0.235:41763
2023-06-17 00:47:22,208 [main] INFO  server.StorageContainerManager (StorageContainerManager.java:persistSCMCertificates(1557)) - Persist certificate serialId 1 on Scm Bootstrap Node 1b2d6476-f033-43c5-b598-7121a6e75b28
2023-06-17 00:47:22,211 [main] INFO  server.StorageContainerManager (StorageContainerManager.java:persistSCMCertificates(1557)) - Persist certificate serialId 1853911944075 on Scm Bootstrap Node 1b2d6476-f033-43c5-b598-7121a6e75b28
2023-06-17 00:47:22,213 [main] INFO  security.RootCARotationManager (RootCARotationManager.java:start(135)) - Monitor task for root certificate 1 is started with interval PT24H.
2023-06-17 00:47:22,222 [main] INFO  http.BaseHttpServer (BaseHttpServer.java:newHttpServer2BuilderForOzone(224)) - Starting Web-server for scm at: http://0.0.0.0:15008
2023-06-17 00:47:22,222 [main] INFO  http.BaseHttpServer (BaseHttpServer.java:<init>(111)) - Hadoop Security Enabled: true Ozone Security Enabled: true Ozone HTTP Security Enabled: false 
2023-06-17 00:47:22,224 [main] WARN  server.AuthenticationFilter (AuthenticationFilter.java:constructSecretProvider(240)) - Unable to initialize FileSignerSecretProvider, falling back to use random secrets. Reason: Could not read signature secret file: /home/runner/hadoop-http-auth-signature-secret
2023-06-17 00:47:22,227 [main] INFO  http.HttpRequestLog (HttpRequestLog.java:getRequestLog(86)) - Http request log for http.requests.scm is not defined
2023-06-17 00:47:22,229 [main] INFO  http.HttpServer2 (HttpServer2.java:addGlobalFilter(1031)) - Added global filter 'safety' (class=org.apache.hadoop.hdds.server.http.HttpServer2$QuotingInputFilter)
2023-06-17 00:47:22,231 [main] INFO  http.HttpServer2 (HttpServer2.java:addFilter(1007)) - Added filter static_user_filter (class=org.apache.hadoop.http.lib.StaticUserWebFilter$StaticUserFilter) to context scm
2023-06-17 00:47:22,231 [main] INFO  http.HttpServer2 (HttpServer2.java:addFilter(1015)) - Added filter static_user_filter (class=org.apache.hadoop.http.lib.StaticUserWebFilter$StaticUserFilter) to context logs
2023-06-17 00:47:22,231 [main] INFO  http.HttpServer2 (HttpServer2.java:addFilter(1015)) - Added filter static_user_filter (class=org.apache.hadoop.http.lib.StaticUserWebFilter$StaticUserFilter) to context static
2023-06-17 00:47:22,234 [main] INFO  http.BaseHttpServer (BaseHttpServer.java:<init>(190)) - HTTP server of scm uses base directory /home/runner/work/ozone/ozone/hadoop-ozone/integration-test/target/test-dir/MiniOzoneClusterImpl-a3d962f4-5b41-4a19-a1e3-7934b631c69d/scmNode-2/webserver
2023-06-17 00:47:22,235 [main] INFO  http.HttpServer2 (HttpServer2.java:bindListener(1250)) - Jetty bound to port 15008
2023-06-17 00:47:22,235 [main] INFO  server.Server (Server.java:doStart(375)) - jetty-9.4.51.v20230217; built: 2023-02-17T08:19:37.309Z; git: b45c405e4544384de066f814ed42ae3dceacdd49; jvm 1.8.0_372-b07
2023-06-17 00:47:22,241 [main] INFO  server.session (DefaultSessionIdManager.java:doStart(334)) - DefaultSessionIdManager workerName=node0
2023-06-17 00:47:22,241 [main] INFO  server.session (DefaultSessionIdManager.java:doStart(339)) - No SessionScavenger set, using defaults
2023-06-17 00:47:22,242 [main] INFO  server.session (HouseKeeper.java:startScavenging(132)) - node0 Scavenging every 660000ms
2023-06-17 00:47:22,243 [main] INFO  handler.ContextHandler (ContextHandler.java:doStart(921)) - Started o.e.j.s.ServletContextHandler@6385af63{logs,/logs,file:///home/runner/work/ozone/ozone/hadoop-ozone/integration-test/target/log,AVAILABLE}
2023-06-17 00:47:22,243 [main] INFO  handler.ContextHandler (ContextHandler.java:doStart(921)) - Started o.e.j.s.ServletContextHandler@29514616{static,/static,file:///home/runner/work/ozone/ozone/hadoop-ozone/integration-test/target/test-classes/webapps/static,AVAILABLE}
2023-06-17 00:47:22,248 [main] INFO  handler.ContextHandler (ContextHandler.java:doStart(921)) - Started o.e.j.w.WebAppContext@1f79536b{scm,/,file:///home/runner/work/ozone/ozone/hadoop-ozone/integration-test/target/test-classes/webapps/scm/,AVAILABLE}{file:/home/runner/work/ozone/ozone/hadoop-ozone/integration-test/target/test-classes/webapps/scm}
2023-06-17 00:47:22,249 [main] INFO  server.AbstractConnector (AbstractConnector.java:doStart(333)) - Started ServerConnector@26d68ea4{HTTP/1.1, (http/1.1)}{0.0.0.0:15008}
2023-06-17 00:47:22,250 [main] INFO  server.Server (Server.java:doStart(415)) - Started @21839ms
2023-06-17 00:47:22,250 [main] WARN  impl.MetricsSystemImpl (MetricsSystemImpl.java:register(279)) - Sink prometheus already exists!
2023-06-17 00:47:22,251 [main] INFO  http.BaseHttpServer (BaseHttpServer.java:updateConnectorAddress(344)) - HTTP server of scm listening at http://0.0.0.0:15008
2023-06-17 00:47:22,252 [main] INFO  ozone.MiniOzoneHAClusterImpl (MiniOzoneHAClusterImpl.java:createSCMService(588)) - Started SCM RPC server at /0.0.0.0:15013
2023-06-17 00:47:22,253 [main] WARN  server.ServerUtils (ServerUtils.java:getScmDbDir(155)) - ozone.scm.db.dirs is not configured. We recommend adding this setting. Falling back to ozone.metadata.dirs instead.
2023-06-17 00:47:22,253 [main] INFO  ha.SCMHANodeDetails (SCMHANodeDetails.java:loadSCMHAConfig(210)) - ServiceID for StorageContainerManager is SCMServiceId
2023-06-17 00:47:22,254 [main] INFO  ha.SCMHANodeDetails (SCMHANodeDetails.java:loadSCMHAConfig(221)) - ServiceID for StorageContainerManager is SCMServiceId
2023-06-17 00:47:22,254 [main] WARN  scm.ScmUtils (ScmUtils.java:logWarn(190)) - ConfigKey ozone.scm.block.client.address is deprecated, For configuring different ports for each SCM use PortConfigKey ozone.scm.block.client.port appended with serviceId and nodeId. If want to configure same port configure ozone.scm.block.client.port
2023-06-17 00:47:22,254 [main] WARN  scm.ScmUtils (ScmUtils.java:logWarn(190)) - ConfigKey ozone.scm.client.address is deprecated, For configuring different ports for each SCM use PortConfigKey ozone.scm.client.port appended with serviceId and nodeId. If want to configure same port configure ozone.scm.client.port
2023-06-17 00:47:22,254 [main] WARN  scm.ScmUtils (ScmUtils.java:logWarn(190)) - ConfigKey ozone.scm.datanode.address is deprecated, For configuring different ports for each SCM use PortConfigKey ozone.scm.datanode.port appended with serviceId and nodeId. If want to configure same port configure ozone.scm.datanode.port
2023-06-17 00:47:22,255 [main] WARN  scm.ScmUtils (ScmUtils.java:logWarn(190)) - ConfigKey ozone.scm.block.client.address is deprecated, For configuring different ports for each SCM use PortConfigKey ozone.scm.block.client.port appended with serviceId and nodeId. If want to configure same port configure ozone.scm.block.client.port
2023-06-17 00:47:22,255 [main] WARN  scm.ScmUtils (ScmUtils.java:logWarn(190)) - ConfigKey ozone.scm.client.address is deprecated, For configuring different ports for each SCM use PortConfigKey ozone.scm.client.port appended with serviceId and nodeId. If want to configure same port configure ozone.scm.client.port
2023-06-17 00:47:22,255 [main] WARN  scm.ScmUtils (ScmUtils.java:logWarn(190)) - ConfigKey ozone.scm.datanode.address is deprecated, For configuring different ports for each SCM use PortConfigKey ozone.scm.datanode.port appended with serviceId and nodeId. If want to configure same port configure ozone.scm.datanode.port
2023-06-17 00:47:22,255 [main] INFO  ha.SCMHANodeDetails (SCMHANodeDetails.java:loadSCMHAConfig(308)) - Found matching SCM address with SCMServiceId: SCMServiceId, SCMNodeId: scmNode-3, RPC Address: localhost:15019 and Ratis port: 15019
2023-06-17 00:47:22,256 [main] INFO  ha.SCMHANodeDetails (ConfUtils.java:setNodeSpecificConfigs(97)) - Setting configuration key ozone.scm.datanode.address with value of key ozone.scm.datanode.address.SCMServiceId.scmNode-3: 127.0.0.1:15020
2023-06-17 00:47:22,256 [main] INFO  ha.SCMHANodeDetails (ConfUtils.java:setNodeSpecificConfigs(97)) - Setting configuration key ozone.scm.block.client.address with value of key ozone.scm.block.client.address.SCMServiceId.scmNode-3: 127.0.0.1:15023
2023-06-17 00:47:22,256 [main] INFO  ha.SCMHANodeDetails (ConfUtils.java:setNodeSpecificConfigs(97)) - Setting configuration key ozone.scm.client.address with value of key ozone.scm.client.address.SCMServiceId.scmNode-3: 127.0.0.1:15021
2023-06-17 00:47:22,256 [main] INFO  ha.SCMHANodeDetails (ConfUtils.java:setNodeSpecificConfigs(97)) - Setting configuration key ozone.scm.security.service.address with value of key ozone.scm.security.service.address.SCMServiceId.scmNode-3: 127.0.0.1:15018
2023-06-17 00:47:22,256 [main] INFO  ha.SCMHANodeDetails (ConfUtils.java:setNodeSpecificConfigs(97)) - Setting configuration key ozone.scm.ratis.port with value of key ozone.scm.ratis.port.SCMServiceId.scmNode-3: 15019
2023-06-17 00:47:22,256 [main] INFO  ha.SCMHANodeDetails (ConfUtils.java:setNodeSpecificConfigs(97)) - Setting configuration key ozone.scm.grpc.port with value of key ozone.scm.grpc.port.SCMServiceId.scmNode-3: 15022
2023-06-17 00:47:22,257 [main] INFO  ha.SCMHANodeDetails (ConfUtils.java:setNodeSpecificConfigs(97)) - Setting configuration key ozone.scm.http-address with value of key ozone.scm.http-address.SCMServiceId.scmNode-3: 127.0.0.1:15016
2023-06-17 00:47:22,257 [main] INFO  ha.SCMHANodeDetails (ConfUtils.java:setNodeSpecificConfigs(97)) - Setting configuration key ozone.scm.https-address with value of key ozone.scm.https-address.SCMServiceId.scmNode-3: 127.0.0.1:15017
2023-06-17 00:47:22,257 [main] INFO  ha.SCMHANodeDetails (ConfUtils.java:setNodeSpecificConfigs(97)) - Setting configuration key ozone.scm.address with value of key ozone.scm.address.SCMServiceId.scmNode-3: 127.0.0.1
2023-06-17 00:47:22,257 [main] WARN  scm.ScmUtils (ScmUtils.java:logWarn(190)) - ConfigKey ozone.scm.block.client.address is deprecated, For configuring different ports for each SCM use PortConfigKey ozone.scm.block.client.port appended with serviceId and nodeId. If want to configure same port configure ozone.scm.block.client.port
2023-06-17 00:47:22,257 [main] WARN  scm.ScmUtils (ScmUtils.java:logWarn(190)) - ConfigKey ozone.scm.client.address is deprecated, For configuring different ports for each SCM use PortConfigKey ozone.scm.client.port appended with serviceId and nodeId. If want to configure same port configure ozone.scm.client.port
2023-06-17 00:47:22,258 [main] WARN  scm.ScmUtils (ScmUtils.java:logWarn(190)) - ConfigKey ozone.scm.datanode.address is deprecated, For configuring different ports for each SCM use PortConfigKey ozone.scm.datanode.port appended with serviceId and nodeId. If want to configure same port configure ozone.scm.datanode.port
2023-06-17 00:47:22,258 [main] INFO  ha.SCMNodeInfo (SCMNodeInfo.java:getPort(197)) - ConfigKey ozone.scm.client.address is deprecated, For configuring different ports for each SCM use PortConfigKey ozone.scm.client.port appended with serviceId and nodeId
2023-06-17 00:47:22,258 [main] INFO  ha.SCMNodeInfo (SCMNodeInfo.java:getPort(197)) - ConfigKey ozone.scm.block.client.address is deprecated, For configuring different ports for each SCM use PortConfigKey ozone.scm.block.client.port appended with serviceId and nodeId
2023-06-17 00:47:22,268 [main] INFO  ha.SCMNodeInfo (SCMNodeInfo.java:getPort(197)) - ConfigKey ozone.scm.security.service.address is deprecated, For configuring different ports for each SCM use PortConfigKey ozone.scm.security.service.port appended with serviceId and nodeId
2023-06-17 00:47:22,268 [main] INFO  ha.SCMNodeInfo (SCMNodeInfo.java:getPort(197)) - ConfigKey ozone.scm.datanode.address is deprecated, For configuring different ports for each SCM use PortConfigKey ozone.scm.datanode.port appended with serviceId and nodeId
2023-06-17 00:47:22,268 [main] INFO  ha.SCMNodeInfo (SCMNodeInfo.java:getPort(197)) - ConfigKey ozone.scm.client.address is deprecated, For configuring different ports for each SCM use PortConfigKey ozone.scm.client.port appended with serviceId and nodeId
2023-06-17 00:47:22,268 [main] INFO  ha.SCMNodeInfo (SCMNodeInfo.java:getPort(197)) - ConfigKey ozone.scm.block.client.address is deprecated, For configuring different ports for each SCM use PortConfigKey ozone.scm.block.client.port appended with serviceId and nodeId
2023-06-17 00:47:22,268 [main] INFO  ha.SCMNodeInfo (SCMNodeInfo.java:getPort(197)) - ConfigKey ozone.scm.security.service.address is deprecated, For configuring different ports for each SCM use PortConfigKey ozone.scm.security.service.port appended with serviceId and nodeId
2023-06-17 00:47:22,269 [main] INFO  ha.SCMNodeInfo (SCMNodeInfo.java:getPort(197)) - ConfigKey ozone.scm.datanode.address is deprecated, For configuring different ports for each SCM use PortConfigKey ozone.scm.datanode.port appended with serviceId and nodeId
2023-06-17 00:47:22,269 [main] INFO  ha.SCMNodeInfo (SCMNodeInfo.java:getPort(197)) - ConfigKey ozone.scm.client.address is deprecated, For configuring different ports for each SCM use PortConfigKey ozone.scm.client.port appended with serviceId and nodeId
2023-06-17 00:47:22,270 [main] INFO  ha.SCMNodeInfo (SCMNodeInfo.java:getPort(197)) - ConfigKey ozone.scm.block.client.address is deprecated, For configuring different ports for each SCM use PortConfigKey ozone.scm.block.client.port appended with serviceId and nodeId
2023-06-17 00:47:22,270 [main] INFO  ha.SCMNodeInfo (SCMNodeInfo.java:getPort(197)) - ConfigKey ozone.scm.security.service.address is deprecated, For configuring different ports for each SCM use PortConfigKey ozone.scm.security.service.port appended with serviceId and nodeId
2023-06-17 00:47:22,270 [main] INFO  ha.SCMNodeInfo (SCMNodeInfo.java:getPort(197)) - ConfigKey ozone.scm.datanode.address is deprecated, For configuring different ports for each SCM use PortConfigKey ozone.scm.datanode.port appended with serviceId and nodeId
2023-06-17 00:47:22,274 [pool-2-thread-1] INFO  request.KdcRequest (KdcRequest.java:preauth(651)) - The preauth data is empty.
2023-06-17 00:47:22,274 [pool-2-thread-1] INFO  server.KdcHandler (KdcHandler.java:handleRecoverableException(177)) - KRB error occurred while processing request:Additional pre-authentication required
2023-06-17 00:47:22,280 [pool-2-thread-1] INFO  request.AsRequest (AsRequest.java:issueTicket(112)) - AS_REQ ISSUE: authtime 1686962842280,scm/fv-az275-58.go2hi5et44qedpdz5zrtt3gknc.xx.internal.cloudapp.net@EXAMPLE.COM for krbtgt/EXAMPLE.COM@EXAMPLE.COM
2023-06-17 00:47:22,283 [main] INFO  security.UserGroupInformation (UserGroupInformation.java:loginUserFromKeytab(1132)) - Login successful for user scm/fv-az275-58.go2hi5et44qedpdz5zrtt3gknc.xx.internal.cloudapp.net@EXAMPLE.COM using keytab file scm.keytab. Keytab auto renewal enabled : false
2023-06-17 00:47:22,283 [main] INFO  server.StorageContainerManager (StorageContainerManager.java:loginAsSCMUserIfSecurityEnabled(1042)) - SCM login successful.
2023-06-17 00:47:22,286 [main] INFO  ha.SCMNodeInfo (SCMNodeInfo.java:getPort(197)) - ConfigKey ozone.scm.client.address is deprecated, For configuring different ports for each SCM use PortConfigKey ozone.scm.client.port appended with serviceId and nodeId
2023-06-17 00:47:22,286 [main] INFO  ha.SCMNodeInfo (SCMNodeInfo.java:getPort(197)) - ConfigKey ozone.scm.block.client.address is deprecated, For configuring different ports for each SCM use PortConfigKey ozone.scm.block.client.port appended with serviceId and nodeId
2023-06-17 00:47:22,286 [main] INFO  ha.SCMNodeInfo (SCMNodeInfo.java:getPort(197)) - ConfigKey ozone.scm.security.service.address is deprecated, For configuring different ports for each SCM use PortConfigKey ozone.scm.security.service.port appended with serviceId and nodeId
2023-06-17 00:47:22,286 [main] INFO  ha.SCMNodeInfo (SCMNodeInfo.java:getPort(197)) - ConfigKey ozone.scm.datanode.address is deprecated, For configuring different ports for each SCM use PortConfigKey ozone.scm.datanode.port appended with serviceId and nodeId
2023-06-17 00:47:22,286 [main] INFO  ha.SCMNodeInfo (SCMNodeInfo.java:getPort(197)) - ConfigKey ozone.scm.client.address is deprecated, For configuring different ports for each SCM use PortConfigKey ozone.scm.client.port appended with serviceId and nodeId
2023-06-17 00:47:22,287 [main] INFO  ha.SCMNodeInfo (SCMNodeInfo.java:getPort(197)) - ConfigKey ozone.scm.block.client.address is deprecated, For configuring different ports for each SCM use PortConfigKey ozone.scm.block.client.port appended with serviceId and nodeId
2023-06-17 00:47:22,287 [main] INFO  ha.SCMNodeInfo (SCMNodeInfo.java:getPort(197)) - ConfigKey ozone.scm.security.service.address is deprecated, For configuring different ports for each SCM use PortConfigKey ozone.scm.security.service.port appended with serviceId and nodeId
2023-06-17 00:47:22,287 [main] INFO  ha.SCMNodeInfo (SCMNodeInfo.java:getPort(197)) - ConfigKey ozone.scm.datanode.address is deprecated, For configuring different ports for each SCM use PortConfigKey ozone.scm.datanode.port appended with serviceId and nodeId
2023-06-17 00:47:22,288 [main] INFO  proxy.SCMBlockLocationFailoverProxyProvider (SCMBlockLocationFailoverProxyProvider.java:<init>(114)) - Created block location fail-over proxy with 2 nodes: [nodeId=scmNode-2,nodeAddress=/127.0.0.1:15015, nodeId=scmNode-1,nodeAddress=/127.0.0.1:15007]
2023-06-17 00:47:22,297 [pool-2-thread-1] INFO  request.TgsRequest (TgsRequest.java:issueTicket(115)) - TGS_REQ ISSUE: authtime 1686962842296,scm/fv-az275-58.go2hi5et44qedpdz5zrtt3gknc.xx.internal.cloudapp.net for scm/fv-az275-58.go2hi5et44qedpdz5zrtt3gknc.xx.internal.cloudapp.net@EXAMPLE.COM
2023-06-17 00:47:22,308 [Socket Reader #1 for port 15007] INFO  ipc.Server (Server.java:saslProcess(2116)) - Auth successful for scm/fv-az275-58.go2hi5et44qedpdz5zrtt3gknc.xx.internal.cloudapp.net@EXAMPLE.COM (auth:KERBEROS) from 10.1.0.235:37055
2023-06-17 00:47:22,315 [main] INFO  ha.SCMNodeInfo (SCMNodeInfo.java:getPort(197)) - ConfigKey ozone.scm.client.address is deprecated, For configuring different ports for each SCM use PortConfigKey ozone.scm.client.port appended with serviceId and nodeId
2023-06-17 00:47:22,315 [main] INFO  ha.SCMNodeInfo (SCMNodeInfo.java:getPort(197)) - ConfigKey ozone.scm.block.client.address is deprecated, For configuring different ports for each SCM use PortConfigKey ozone.scm.block.client.port appended with serviceId and nodeId
2023-06-17 00:47:22,315 [main] INFO  ha.SCMNodeInfo (SCMNodeInfo.java:getPort(197)) - ConfigKey ozone.scm.security.service.address is deprecated, For configuring different ports for each SCM use PortConfigKey ozone.scm.security.service.port appended with serviceId and nodeId
2023-06-17 00:47:22,316 [main] INFO  ha.SCMNodeInfo (SCMNodeInfo.java:getPort(197)) - ConfigKey ozone.scm.datanode.address is deprecated, For configuring different ports for each SCM use PortConfigKey ozone.scm.datanode.port appended with serviceId and nodeId
2023-06-17 00:47:22,316 [main] INFO  ha.SCMNodeInfo (SCMNodeInfo.java:getPort(197)) - ConfigKey ozone.scm.client.address is deprecated, For configuring different ports for each SCM use PortConfigKey ozone.scm.client.port appended with serviceId and nodeId
2023-06-17 00:47:22,316 [main] INFO  ha.SCMNodeInfo (SCMNodeInfo.java:getPort(197)) - ConfigKey ozone.scm.block.client.address is deprecated, For configuring different ports for each SCM use PortConfigKey ozone.scm.block.client.port appended with serviceId and nodeId
2023-06-17 00:47:22,316 [main] INFO  ha.SCMNodeInfo (SCMNodeInfo.java:getPort(197)) - ConfigKey ozone.scm.security.service.address is deprecated, For configuring different ports for each SCM use PortConfigKey ozone.scm.security.service.port appended with serviceId and nodeId
2023-06-17 00:47:22,316 [main] INFO  ha.SCMNodeInfo (SCMNodeInfo.java:getPort(197)) - ConfigKey ozone.scm.datanode.address is deprecated, For configuring different ports for each SCM use PortConfigKey ozone.scm.datanode.port appended with serviceId and nodeId
2023-06-17 00:47:22,316 [main] INFO  ha.SCMNodeInfo (SCMNodeInfo.java:getPort(197)) - ConfigKey ozone.scm.client.address is deprecated, For configuring different ports for each SCM use PortConfigKey ozone.scm.client.port appended with serviceId and nodeId
2023-06-17 00:47:22,317 [main] INFO  ha.SCMNodeInfo (SCMNodeInfo.java:getPort(197)) - ConfigKey ozone.scm.block.client.address is deprecated, For configuring different ports for each SCM use PortConfigKey ozone.scm.block.client.port appended with serviceId and nodeId
2023-06-17 00:47:22,317 [main] INFO  ha.SCMNodeInfo (SCMNodeInfo.java:getPort(197)) - ConfigKey ozone.scm.security.service.address is deprecated, For configuring different ports for each SCM use PortConfigKey ozone.scm.security.service.port appended with serviceId and nodeId
2023-06-17 00:47:22,317 [main] INFO  ha.SCMNodeInfo (SCMNodeInfo.java:getPort(197)) - ConfigKey ozone.scm.datanode.address is deprecated, For configuring different ports for each SCM use PortConfigKey ozone.scm.datanode.port appended with serviceId and nodeId
2023-06-17 00:47:22,317 [main] INFO  ha.HASecurityUtils (HASecurityUtils.java:initializeSecurity(93)) - Initializing secure StorageContainerManager.
2023-06-17 00:47:22,318 [main] WARN  client.SCMCertificateClient (DefaultCertificateClient.java:loadAllCertificates(161)) - Certificates could not be loaded.
java.nio.file.NoSuchFileException: /home/runner/work/ozone/ozone/hadoop-ozone/integration-test/target/test-dir/MiniOzoneClusterImpl-a3d962f4-5b41-4a19-a1e3-7934b631c69d/scmNode-3/scm/sub-ca/certs
	at sun.nio.fs.UnixException.translateToIOException(UnixException.java:86)
	at sun.nio.fs.UnixException.rethrowAsIOException(UnixException.java:102)
	at sun.nio.fs.UnixException.rethrowAsIOException(UnixException.java:107)
	at sun.nio.fs.UnixFileSystemProvider.newDirectoryStream(UnixFileSystemProvider.java:427)
	at java.nio.file.Files.newDirectoryStream(Files.java:457)
	at java.nio.file.Files.list(Files.java:3451)
	at org.apache.hadoop.hdds.security.x509.certificate.client.DefaultCertificateClient.loadAllCertificates(DefaultCertificateClient.java:156)
	at org.apache.hadoop.hdds.security.x509.certificate.client.DefaultCertificateClient.updateCertSerialId(DefaultCertificateClient.java:1206)
	at org.apache.hadoop.hdds.security.x509.certificate.client.DefaultCertificateClient.<init>(DefaultCertificateClient.java:148)
	at org.apache.hadoop.hdds.security.x509.certificate.client.SCMCertificateClient.<init>(SCMCertificateClient.java:54)
	at org.apache.hadoop.hdds.scm.ha.HASecurityUtils.initializeSecurity(HASecurityUtils.java:97)
	at org.apache.hadoop.hdds.scm.server.StorageContainerManager.scmBootstrap(StorageContainerManager.java:1190)
	at org.apache.hadoop.ozone.MiniOzoneHAClusterImpl$Builder.createSCMService(MiniOzoneHAClusterImpl.java:571)
	at org.apache.hadoop.ozone.MiniOzoneHAClusterImpl$Builder.build(MiniOzoneHAClusterImpl.java:407)
	at org.apache.hadoop.ozone.scm.TestSecretKeySnapshot.init(TestSecretKeySnapshot.java:137)
	at sun.reflect.NativeMethodAccessorImpl.invoke0(Native Method)
	at sun.reflect.NativeMethodAccessorImpl.invoke(NativeMethodAccessorImpl.java:62)
	at sun.reflect.DelegatingMethodAccessorImpl.invoke(DelegatingMethodAccessorImpl.java:43)
	at java.lang.reflect.Method.invoke(Method.java:498)
	at org.junit.platform.commons.util.ReflectionUtils.invokeMethod(ReflectionUtils.java:725)
	at org.junit.jupiter.engine.execution.MethodInvocation.proceed(MethodInvocation.java:60)
	at org.junit.jupiter.engine.execution.InvocationInterceptorChain$ValidatingInvocation.proceed(InvocationInterceptorChain.java:131)
	at org.junit.jupiter.engine.extension.TimeoutExtension.intercept(TimeoutExtension.java:149)
	at org.junit.jupiter.engine.extension.TimeoutExtension.interceptLifecycleMethod(TimeoutExtension.java:126)
	at org.junit.jupiter.engine.extension.TimeoutExtension.interceptBeforeEachMethod(TimeoutExtension.java:76)
	at org.junit.jupiter.engine.execution.ExecutableInvoker$ReflectiveInterceptorCall.lambda$ofVoidMethod$0(ExecutableInvoker.java:115)
	at org.junit.jupiter.engine.execution.ExecutableInvoker.lambda$invoke$0(ExecutableInvoker.java:105)
	at org.junit.jupiter.engine.execution.InvocationInterceptorChain$InterceptedInvocation.proceed(InvocationInterceptorChain.java:106)
	at org.junit.jupiter.engine.execution.InvocationInterceptorChain.proceed(InvocationInterceptorChain.java:64)
	at org.junit.jupiter.engine.execution.InvocationInterceptorChain.chainAndInvoke(InvocationInterceptorChain.java:45)
	at org.junit.jupiter.engine.execution.InvocationInterceptorChain.invoke(InvocationInterceptorChain.java:37)
	at org.junit.jupiter.engine.execution.ExecutableInvoker.invoke(ExecutableInvoker.java:104)
	at org.junit.jupiter.engine.execution.ExecutableInvoker.invoke(ExecutableInvoker.java:98)
	at org.junit.jupiter.engine.descriptor.ClassBasedTestDescriptor.invokeMethodInExtensionContext(ClassBasedTestDescriptor.java:506)
	at org.junit.jupiter.engine.descriptor.ClassBasedTestDescriptor.lambda$synthesizeBeforeEachMethodAdapter$21(ClassBasedTestDescriptor.java:491)
	at org.junit.jupiter.engine.descriptor.TestMethodTestDescriptor.lambda$invokeBeforeEachMethods$3(TestMethodTestDescriptor.java:171)
	at org.junit.jupiter.engine.descriptor.TestMethodTestDescriptor.lambda$invokeBeforeMethodsOrCallbacksUntilExceptionOccurs$6(TestMethodTestDescriptor.java:199)
	at org.junit.platform.engine.support.hierarchical.ThrowableCollector.execute(ThrowableCollector.java:73)
	at org.junit.jupiter.engine.descriptor.TestMethodTestDescriptor.invokeBeforeMethodsOrCallbacksUntilExceptionOccurs(TestMethodTestDescriptor.java:199)
	at org.junit.jupiter.engine.descriptor.TestMethodTestDescriptor.invokeBeforeEachMethods(TestMethodTestDescriptor.java:168)
	at org.junit.jupiter.engine.descriptor.TestMethodTestDescriptor.execute(TestMethodTestDescriptor.java:131)
	at org.junit.jupiter.engine.descriptor.TestMethodTestDescriptor.execute(TestMethodTestDescriptor.java:66)
	at org.junit.platform.engine.support.hierarchical.NodeTestTask.lambda$executeRecursively$6(NodeTestTask.java:151)
	at org.junit.platform.engine.support.hierarchical.ThrowableCollector.execute(ThrowableCollector.java:73)
	at org.junit.platform.engine.support.hierarchical.NodeTestTask.lambda$executeRecursively$8(NodeTestTask.java:141)
	at org.junit.platform.engine.support.hierarchical.Node.around(Node.java:137)
	at org.junit.platform.engine.support.hierarchical.NodeTestTask.lambda$executeRecursively$9(NodeTestTask.java:139)
	at org.junit.platform.engine.support.hierarchical.ThrowableCollector.execute(ThrowableCollector.java:73)
	at org.junit.platform.engine.support.hierarchical.NodeTestTask.executeRecursively(NodeTestTask.java:138)
	at org.junit.platform.engine.support.hierarchical.NodeTestTask.execute(NodeTestTask.java:95)
	at java.util.ArrayList.forEach(ArrayList.java:1259)
	at org.junit.platform.engine.support.hierarchical.SameThreadHierarchicalTestExecutorService.invokeAll(SameThreadHierarchicalTestExecutorService.java:41)
	at org.junit.platform.engine.support.hierarchical.NodeTestTask.lambda$executeRecursively$6(NodeTestTask.java:155)
	at org.junit.platform.engine.support.hierarchical.ThrowableCollector.execute(ThrowableCollector.java:73)
	at org.junit.platform.engine.support.hierarchical.NodeTestTask.lambda$executeRecursively$8(NodeTestTask.java:141)
	at org.junit.platform.engine.support.hierarchical.Node.around(Node.java:137)
	at org.junit.platform.engine.support.hierarchical.NodeTestTask.lambda$executeRecursively$9(NodeTestTask.java:139)
	at org.junit.platform.engine.support.hierarchical.ThrowableCollector.execute(ThrowableCollector.java:73)
	at org.junit.platform.engine.support.hierarchical.NodeTestTask.executeRecursively(NodeTestTask.java:138)
	at org.junit.platform.engine.support.hierarchical.NodeTestTask.execute(NodeTestTask.java:95)
	at java.util.ArrayList.forEach(ArrayList.java:1259)
	at org.junit.platform.engine.support.hierarchical.SameThreadHierarchicalTestExecutorService.invokeAll(SameThreadHierarchicalTestExecutorService.java:41)
	at org.junit.platform.engine.support.hierarchical.NodeTestTask.lambda$executeRecursively$6(NodeTestTask.java:155)
	at org.junit.platform.engine.support.hierarchical.ThrowableCollector.execute(ThrowableCollector.java:73)
	at org.junit.platform.engine.support.hierarchical.NodeTestTask.lambda$executeRecursively$8(NodeTestTask.java:141)
	at org.junit.platform.engine.support.hierarchical.Node.around(Node.java:137)
	at org.junit.platform.engine.support.hierarchical.NodeTestTask.lambda$executeRecursively$9(NodeTestTask.java:139)
	at org.junit.platform.engine.support.hierarchical.ThrowableCollector.execute(ThrowableCollector.java:73)
	at org.junit.platform.engine.support.hierarchical.NodeTestTask.executeRecursively(NodeTestTask.java:138)
	at org.junit.platform.engine.support.hierarchical.NodeTestTask.execute(NodeTestTask.java:95)
	at org.junit.platform.engine.support.hierarchical.SameThreadHierarchicalTestExecutorService.submit(SameThreadHierarchicalTestExecutorService.java:35)
	at org.junit.platform.engine.support.hierarchical.HierarchicalTestExecutor.execute(HierarchicalTestExecutor.java:57)
	at org.junit.platform.engine.support.hierarchical.HierarchicalTestEngine.execute(HierarchicalTestEngine.java:54)
	at org.junit.platform.launcher.core.EngineExecutionOrchestrator.execute(EngineExecutionOrchestrator.java:107)
	at org.junit.platform.launcher.core.EngineExecutionOrchestrator.execute(EngineExecutionOrchestrator.java:88)
	at org.junit.platform.launcher.core.EngineExecutionOrchestrator.lambda$execute$0(EngineExecutionOrchestrator.java:54)
	at org.junit.platform.launcher.core.EngineExecutionOrchestrator.withInterceptedStreams(EngineExecutionOrchestrator.java:67)
	at org.junit.platform.launcher.core.EngineExecutionOrchestrator.execute(EngineExecutionOrchestrator.java:52)
	at org.junit.platform.launcher.core.DefaultLauncher.execute(DefaultLauncher.java:114)
	at org.junit.platform.launcher.core.DefaultLauncher.execute(DefaultLauncher.java:86)
	at org.junit.platform.launcher.core.DefaultLauncherSession$DelegatingLauncher.execute(DefaultLauncherSession.java:86)
	at org.junit.platform.launcher.core.SessionPerRequestLauncher.execute(SessionPerRequestLauncher.java:53)
	at org.apache.maven.surefire.junitplatform.JUnitPlatformProvider.execute(JUnitPlatformProvider.java:188)
	at org.apache.maven.surefire.junitplatform.JUnitPlatformProvider.invokeAllTests(JUnitPlatformProvider.java:154)
	at org.apache.maven.surefire.junitplatform.JUnitPlatformProvider.invoke(JUnitPlatformProvider.java:124)
	at org.apache.maven.surefire.booter.ForkedBooter.runSuitesInProcess(ForkedBooter.java:428)
	at org.apache.maven.surefire.booter.ForkedBooter.execute(ForkedBooter.java:162)
	at org.apache.maven.surefire.booter.ForkedBooter.run(ForkedBooter.java:562)
	at org.apache.maven.surefire.booter.ForkedBooter.main(ForkedBooter.java:548)
2023-06-17 00:47:22,319 [main] WARN  client.SCMCertificateClient (DefaultCertificateClient.java:loadAllCertificates(161)) - Certificates could not be loaded.
java.nio.file.NoSuchFileException: /home/runner/work/ozone/ozone/hadoop-ozone/integration-test/target/test-dir/MiniOzoneClusterImpl-a3d962f4-5b41-4a19-a1e3-7934b631c69d/scmNode-3/scm/sub-ca/certs
	at sun.nio.fs.UnixException.translateToIOException(UnixException.java:86)
	at sun.nio.fs.UnixException.rethrowAsIOException(UnixException.java:102)
	at sun.nio.fs.UnixException.rethrowAsIOException(UnixException.java:107)
	at sun.nio.fs.UnixFileSystemProvider.newDirectoryStream(UnixFileSystemProvider.java:427)
	at java.nio.file.Files.newDirectoryStream(Files.java:457)
	at java.nio.file.Files.list(Files.java:3451)
	at org.apache.hadoop.hdds.security.x509.certificate.client.DefaultCertificateClient.loadAllCertificates(DefaultCertificateClient.java:156)
	at org.apache.hadoop.hdds.security.x509.certificate.client.DefaultCertificateClient.getCertPath(DefaultCertificateClient.java:324)
	at org.apache.hadoop.hdds.security.x509.certificate.client.DefaultCertificateClient.getCertificate(DefaultCertificateClient.java:300)
	at org.apache.hadoop.hdds.security.x509.certificate.client.DefaultCertificateClient.init(DefaultCertificateClient.java:669)
	at org.apache.hadoop.hdds.scm.ha.HASecurityUtils.initializeSecurity(HASecurityUtils.java:98)
	at org.apache.hadoop.hdds.scm.server.StorageContainerManager.scmBootstrap(StorageContainerManager.java:1190)
	at org.apache.hadoop.ozone.MiniOzoneHAClusterImpl$Builder.createSCMService(MiniOzoneHAClusterImpl.java:571)
	at org.apache.hadoop.ozone.MiniOzoneHAClusterImpl$Builder.build(MiniOzoneHAClusterImpl.java:407)
	at org.apache.hadoop.ozone.scm.TestSecretKeySnapshot.init(TestSecretKeySnapshot.java:137)
	at sun.reflect.NativeMethodAccessorImpl.invoke0(Native Method)
	at sun.reflect.NativeMethodAccessorImpl.invoke(NativeMethodAccessorImpl.java:62)
	at sun.reflect.DelegatingMethodAccessorImpl.invoke(DelegatingMethodAccessorImpl.java:43)
	at java.lang.reflect.Method.invoke(Method.java:498)
	at org.junit.platform.commons.util.ReflectionUtils.invokeMethod(ReflectionUtils.java:725)
	at org.junit.jupiter.engine.execution.MethodInvocation.proceed(MethodInvocation.java:60)
	at org.junit.jupiter.engine.execution.InvocationInterceptorChain$ValidatingInvocation.proceed(InvocationInterceptorChain.java:131)
	at org.junit.jupiter.engine.extension.TimeoutExtension.intercept(TimeoutExtension.java:149)
	at org.junit.jupiter.engine.extension.TimeoutExtension.interceptLifecycleMethod(TimeoutExtension.java:126)
	at org.junit.jupiter.engine.extension.TimeoutExtension.interceptBeforeEachMethod(TimeoutExtension.java:76)
	at org.junit.jupiter.engine.execution.ExecutableInvoker$ReflectiveInterceptorCall.lambda$ofVoidMethod$0(ExecutableInvoker.java:115)
	at org.junit.jupiter.engine.execution.ExecutableInvoker.lambda$invoke$0(ExecutableInvoker.java:105)
	at org.junit.jupiter.engine.execution.InvocationInterceptorChain$InterceptedInvocation.proceed(InvocationInterceptorChain.java:106)
	at org.junit.jupiter.engine.execution.InvocationInterceptorChain.proceed(InvocationInterceptorChain.java:64)
	at org.junit.jupiter.engine.execution.InvocationInterceptorChain.chainAndInvoke(InvocationInterceptorChain.java:45)
	at org.junit.jupiter.engine.execution.InvocationInterceptorChain.invoke(InvocationInterceptorChain.java:37)
	at org.junit.jupiter.engine.execution.ExecutableInvoker.invoke(ExecutableInvoker.java:104)
	at org.junit.jupiter.engine.execution.ExecutableInvoker.invoke(ExecutableInvoker.java:98)
	at org.junit.jupiter.engine.descriptor.ClassBasedTestDescriptor.invokeMethodInExtensionContext(ClassBasedTestDescriptor.java:506)
	at org.junit.jupiter.engine.descriptor.ClassBasedTestDescriptor.lambda$synthesizeBeforeEachMethodAdapter$21(ClassBasedTestDescriptor.java:491)
	at org.junit.jupiter.engine.descriptor.TestMethodTestDescriptor.lambda$invokeBeforeEachMethods$3(TestMethodTestDescriptor.java:171)
	at org.junit.jupiter.engine.descriptor.TestMethodTestDescriptor.lambda$invokeBeforeMethodsOrCallbacksUntilExceptionOccurs$6(TestMethodTestDescriptor.java:199)
	at org.junit.platform.engine.support.hierarchical.ThrowableCollector.execute(ThrowableCollector.java:73)
	at org.junit.jupiter.engine.descriptor.TestMethodTestDescriptor.invokeBeforeMethodsOrCallbacksUntilExceptionOccurs(TestMethodTestDescriptor.java:199)
	at org.junit.jupiter.engine.descriptor.TestMethodTestDescriptor.invokeBeforeEachMethods(TestMethodTestDescriptor.java:168)
	at org.junit.jupiter.engine.descriptor.TestMethodTestDescriptor.execute(TestMethodTestDescriptor.java:131)
	at org.junit.jupiter.engine.descriptor.TestMethodTestDescriptor.execute(TestMethodTestDescriptor.java:66)
	at org.junit.platform.engine.support.hierarchical.NodeTestTask.lambda$executeRecursively$6(NodeTestTask.java:151)
	at org.junit.platform.engine.support.hierarchical.ThrowableCollector.execute(ThrowableCollector.java:73)
	at org.junit.platform.engine.support.hierarchical.NodeTestTask.lambda$executeRecursively$8(NodeTestTask.java:141)
	at org.junit.platform.engine.support.hierarchical.Node.around(Node.java:137)
	at org.junit.platform.engine.support.hierarchical.NodeTestTask.lambda$executeRecursively$9(NodeTestTask.java:139)
	at org.junit.platform.engine.support.hierarchical.ThrowableCollector.execute(ThrowableCollector.java:73)
	at org.junit.platform.engine.support.hierarchical.NodeTestTask.executeRecursively(NodeTestTask.java:138)
	at org.junit.platform.engine.support.hierarchical.NodeTestTask.execute(NodeTestTask.java:95)
	at java.util.ArrayList.forEach(ArrayList.java:1259)
	at org.junit.platform.engine.support.hierarchical.SameThreadHierarchicalTestExecutorService.invokeAll(SameThreadHierarchicalTestExecutorService.java:41)
	at org.junit.platform.engine.support.hierarchical.NodeTestTask.lambda$executeRecursively$6(NodeTestTask.java:155)
	at org.junit.platform.engine.support.hierarchical.ThrowableCollector.execute(ThrowableCollector.java:73)
	at org.junit.platform.engine.support.hierarchical.NodeTestTask.lambda$executeRecursively$8(NodeTestTask.java:141)
	at org.junit.platform.engine.support.hierarchical.Node.around(Node.java:137)
	at org.junit.platform.engine.support.hierarchical.NodeTestTask.lambda$executeRecursively$9(NodeTestTask.java:139)
	at org.junit.platform.engine.support.hierarchical.ThrowableCollector.execute(ThrowableCollector.java:73)
	at org.junit.platform.engine.support.hierarchical.NodeTestTask.executeRecursively(NodeTestTask.java:138)
	at org.junit.platform.engine.support.hierarchical.NodeTestTask.execute(NodeTestTask.java:95)
	at java.util.ArrayList.forEach(ArrayList.java:1259)
	at org.junit.platform.engine.support.hierarchical.SameThreadHierarchicalTestExecutorService.invokeAll(SameThreadHierarchicalTestExecutorService.java:41)
	at org.junit.platform.engine.support.hierarchical.NodeTestTask.lambda$executeRecursively$6(NodeTestTask.java:155)
	at org.junit.platform.engine.support.hierarchical.ThrowableCollector.execute(ThrowableCollector.java:73)
	at org.junit.platform.engine.support.hierarchical.NodeTestTask.lambda$executeRecursively$8(NodeTestTask.java:141)
	at org.junit.platform.engine.support.hierarchical.Node.around(Node.java:137)
	at org.junit.platform.engine.support.hierarchical.NodeTestTask.lambda$executeRecursively$9(NodeTestTask.java:139)
	at org.junit.platform.engine.support.hierarchical.ThrowableCollector.execute(ThrowableCollector.java:73)
	at org.junit.platform.engine.support.hierarchical.NodeTestTask.executeRecursively(NodeTestTask.java:138)
	at org.junit.platform.engine.support.hierarchical.NodeTestTask.execute(NodeTestTask.java:95)
	at org.junit.platform.engine.support.hierarchical.SameThreadHierarchicalTestExecutorService.submit(SameThreadHierarchicalTestExecutorService.java:35)
	at org.junit.platform.engine.support.hierarchical.HierarchicalTestExecutor.execute(HierarchicalTestExecutor.java:57)
	at org.junit.platform.engine.support.hierarchical.HierarchicalTestEngine.execute(HierarchicalTestEngine.java:54)
	at org.junit.platform.launcher.core.EngineExecutionOrchestrator.execute(EngineExecutionOrchestrator.java:107)
	at org.junit.platform.launcher.core.EngineExecutionOrchestrator.execute(EngineExecutionOrchestrator.java:88)
	at org.junit.platform.launcher.core.EngineExecutionOrchestrator.lambda$execute$0(EngineExecutionOrchestrator.java:54)
	at org.junit.platform.launcher.core.EngineExecutionOrchestrator.withInterceptedStreams(EngineExecutionOrchestrator.java:67)
	at org.junit.platform.launcher.core.EngineExecutionOrchestrator.execute(EngineExecutionOrchestrator.java:52)
	at org.junit.platform.launcher.core.DefaultLauncher.execute(DefaultLauncher.java:114)
	at org.junit.platform.launcher.core.DefaultLauncher.execute(DefaultLauncher.java:86)
	at org.junit.platform.launcher.core.DefaultLauncherSession$DelegatingLauncher.execute(DefaultLauncherSession.java:86)
	at org.junit.platform.launcher.core.SessionPerRequestLauncher.execute(SessionPerRequestLauncher.java:53)
	at org.apache.maven.surefire.junitplatform.JUnitPlatformProvider.execute(JUnitPlatformProvider.java:188)
	at org.apache.maven.surefire.junitplatform.JUnitPlatformProvider.invokeAllTests(JUnitPlatformProvider.java:154)
	at org.apache.maven.surefire.junitplatform.JUnitPlatformProvider.invoke(JUnitPlatformProvider.java:124)
	at org.apache.maven.surefire.booter.ForkedBooter.runSuitesInProcess(ForkedBooter.java:428)
	at org.apache.maven.surefire.booter.ForkedBooter.execute(ForkedBooter.java:162)
	at org.apache.maven.surefire.booter.ForkedBooter.run(ForkedBooter.java:562)
	at org.apache.maven.surefire.booter.ForkedBooter.main(ForkedBooter.java:548)
2023-06-17 00:47:22,320 [main] INFO  client.SCMCertificateClient (DefaultCertificateClient.java:init(692)) - Certificate client init case: 0
2023-06-17 00:47:22,320 [main] INFO  client.SCMCertificateClient (SCMCertificateClient.java:handleCase(68)) - Creating keypair for client as keypair and certificate not found.
2023-06-17 00:47:22,864 [main] INFO  ha.HASecurityUtils (HASecurityUtils.java:initializeSecurity(99)) - Init response: GETCERT
2023-06-17 00:47:22,865 [main] INFO  ozone.OzoneSecurityUtil (OzoneSecurityUtil.java:getValidInetsForCurrentHost(119)) - ip:fe80:0:0:0:20d:3aff:fe6f:2520%eth0 not returned.
2023-06-17 00:47:22,865 [main] INFO  ozone.OzoneSecurityUtil (OzoneSecurityUtil.java:getValidInetsForCurrentHost(116)) - Adding ip:10.1.0.235,host:fv-az275-58.go2hi5et44qedpdz5zrtt3gknc.xx.internal.cloudapp.net
2023-06-17 00:47:22,865 [main] INFO  ozone.OzoneSecurityUtil (OzoneSecurityUtil.java:getValidInetsForCurrentHost(119)) - ip:0:0:0:0:0:0:0:1%lo not returned.
2023-06-17 00:47:22,865 [main] INFO  ozone.OzoneSecurityUtil (OzoneSecurityUtil.java:getValidInetsForCurrentHost(119)) - ip:127.0.0.1 not returned.
2023-06-17 00:47:22,866 [main] INFO  ha.HASecurityUtils (HASecurityUtils.java:generateCSR(280)) - Creating csr for SCM->hostName:localhost,scmId:8fbffa03-1fc4-4a41-ac4c-0c93200d4489,clusterId:a3d962f4-5b41-4a19-a1e3-7934b631c69d,subject:scm-sub@localhost
2023-06-17 00:47:22,870 [main] INFO  ha.SCMNodeInfo (SCMNodeInfo.java:getPort(197)) - ConfigKey ozone.scm.client.address is deprecated, For configuring different ports for each SCM use PortConfigKey ozone.scm.client.port appended with serviceId and nodeId
2023-06-17 00:47:22,870 [main] INFO  ha.SCMNodeInfo (SCMNodeInfo.java:getPort(197)) - ConfigKey ozone.scm.block.client.address is deprecated, For configuring different ports for each SCM use PortConfigKey ozone.scm.block.client.port appended with serviceId and nodeId
2023-06-17 00:47:22,870 [main] INFO  ha.SCMNodeInfo (SCMNodeInfo.java:getPort(197)) - ConfigKey ozone.scm.security.service.address is deprecated, For configuring different ports for each SCM use PortConfigKey ozone.scm.security.service.port appended with serviceId and nodeId
2023-06-17 00:47:22,870 [main] INFO  ha.SCMNodeInfo (SCMNodeInfo.java:getPort(197)) - ConfigKey ozone.scm.datanode.address is deprecated, For configuring different ports for each SCM use PortConfigKey ozone.scm.datanode.port appended with serviceId and nodeId
2023-06-17 00:47:22,870 [main] INFO  ha.SCMNodeInfo (SCMNodeInfo.java:getPort(197)) - ConfigKey ozone.scm.client.address is deprecated, For configuring different ports for each SCM use PortConfigKey ozone.scm.client.port appended with serviceId and nodeId
2023-06-17 00:47:22,870 [main] INFO  ha.SCMNodeInfo (SCMNodeInfo.java:getPort(197)) - ConfigKey ozone.scm.block.client.address is deprecated, For configuring different ports for each SCM use PortConfigKey ozone.scm.block.client.port appended with serviceId and nodeId
2023-06-17 00:47:22,871 [main] INFO  ha.SCMNodeInfo (SCMNodeInfo.java:getPort(197)) - ConfigKey ozone.scm.security.service.address is deprecated, For configuring different ports for each SCM use PortConfigKey ozone.scm.security.service.port appended with serviceId and nodeId
2023-06-17 00:47:22,871 [main] INFO  ha.SCMNodeInfo (SCMNodeInfo.java:getPort(197)) - ConfigKey ozone.scm.datanode.address is deprecated, For configuring different ports for each SCM use PortConfigKey ozone.scm.datanode.port appended with serviceId and nodeId
2023-06-17 00:47:22,881 [Socket Reader #1 for port 15002] INFO  ipc.Server (Server.java:saslProcess(2116)) - Auth successful for scm/fv-az275-58.go2hi5et44qedpdz5zrtt3gknc.xx.internal.cloudapp.net@EXAMPLE.COM (auth:KERBEROS) from 10.1.0.235:44155
2023-06-17 00:47:22,888 [IPC Server handler 1 on default port 15002] INFO  server.SCMSecurityProtocolServer (SCMSecurityProtocolServer.java:getSCMCertificate(271)) - Processing CSR for scm localhost, nodeId: 8fbffa03-1fc4-4a41-ac4c-0c93200d4489
2023-06-17 00:47:22,997 [main] INFO  ha.HASecurityUtils (HASecurityUtils.java:initializeSecurity(112)) - Successfully stored SCM signed certificate.
2023-06-17 00:47:22,999 [main] INFO  server.StorageContainerManager (StorageContainerManager.java:scmBootstrap(1196)) - SCM BootStrap  is successful for ClusterID a3d962f4-5b41-4a19-a1e3-7934b631c69d, SCMID 8fbffa03-1fc4-4a41-ac4c-0c93200d4489
2023-06-17 00:47:22,999 [main] INFO  server.StorageContainerManager (StorageContainerManager.java:scmBootstrap(1198)) - Primary SCM Node ID 746ad1cd-7733-4d67-8369-e04f45d32291
2023-06-17 00:47:22,999 [main] WARN  server.ServerUtils (ServerUtils.java:getScmDbDir(155)) - ozone.scm.db.dirs is not configured. We recommend adding this setting. Falling back to ozone.metadata.dirs instead.
2023-06-17 00:47:23,000 [main] INFO  ha.SCMHANodeDetails (SCMHANodeDetails.java:loadSCMHAConfig(210)) - ServiceID for StorageContainerManager is SCMServiceId
2023-06-17 00:47:23,000 [main] INFO  ha.SCMHANodeDetails (SCMHANodeDetails.java:loadSCMHAConfig(221)) - ServiceID for StorageContainerManager is SCMServiceId
2023-06-17 00:47:23,000 [main] WARN  scm.ScmUtils (ScmUtils.java:logWarn(190)) - ConfigKey ozone.scm.block.client.address is deprecated, For configuring different ports for each SCM use PortConfigKey ozone.scm.block.client.port appended with serviceId and nodeId. If want to configure same port configure ozone.scm.block.client.port
2023-06-17 00:47:23,000 [main] WARN  scm.ScmUtils (ScmUtils.java:logWarn(190)) - ConfigKey ozone.scm.client.address is deprecated, For configuring different ports for each SCM use PortConfigKey ozone.scm.client.port appended with serviceId and nodeId. If want to configure same port configure ozone.scm.client.port
2023-06-17 00:47:23,001 [main] WARN  scm.ScmUtils (ScmUtils.java:logWarn(190)) - ConfigKey ozone.scm.datanode.address is deprecated, For configuring different ports for each SCM use PortConfigKey ozone.scm.datanode.port appended with serviceId and nodeId. If want to configure same port configure ozone.scm.datanode.port
2023-06-17 00:47:23,001 [main] WARN  scm.ScmUtils (ScmUtils.java:logWarn(190)) - ConfigKey ozone.scm.block.client.address is deprecated, For configuring different ports for each SCM use PortConfigKey ozone.scm.block.client.port appended with serviceId and nodeId. If want to configure same port configure ozone.scm.block.client.port
2023-06-17 00:47:23,001 [main] WARN  scm.ScmUtils (ScmUtils.java:logWarn(190)) - ConfigKey ozone.scm.client.address is deprecated, For configuring different ports for each SCM use PortConfigKey ozone.scm.client.port appended with serviceId and nodeId. If want to configure same port configure ozone.scm.client.port
2023-06-17 00:47:23,001 [main] WARN  scm.ScmUtils (ScmUtils.java:logWarn(190)) - ConfigKey ozone.scm.datanode.address is deprecated, For configuring different ports for each SCM use PortConfigKey ozone.scm.datanode.port appended with serviceId and nodeId. If want to configure same port configure ozone.scm.datanode.port
2023-06-17 00:47:23,002 [main] INFO  ha.SCMHANodeDetails (SCMHANodeDetails.java:loadSCMHAConfig(308)) - Found matching SCM address with SCMServiceId: SCMServiceId, SCMNodeId: scmNode-3, RPC Address: localhost:15019 and Ratis port: 15019
2023-06-17 00:47:23,002 [main] INFO  ha.SCMHANodeDetails (ConfUtils.java:setNodeSpecificConfigs(97)) - Setting configuration key ozone.scm.datanode.address with value of key ozone.scm.datanode.address.SCMServiceId.scmNode-3: 127.0.0.1:15020
2023-06-17 00:47:23,002 [main] INFO  ha.SCMHANodeDetails (ConfUtils.java:setNodeSpecificConfigs(97)) - Setting configuration key ozone.scm.block.client.address with value of key ozone.scm.block.client.address.SCMServiceId.scmNode-3: 127.0.0.1:15023
2023-06-17 00:47:23,002 [main] INFO  ha.SCMHANodeDetails (ConfUtils.java:setNodeSpecificConfigs(97)) - Setting configuration key ozone.scm.client.address with value of key ozone.scm.client.address.SCMServiceId.scmNode-3: 127.0.0.1:15021
2023-06-17 00:47:23,002 [main] INFO  ha.SCMHANodeDetails (ConfUtils.java:setNodeSpecificConfigs(97)) - Setting configuration key ozone.scm.security.service.address with value of key ozone.scm.security.service.address.SCMServiceId.scmNode-3: 127.0.0.1:15018
2023-06-17 00:47:23,003 [main] INFO  ha.SCMHANodeDetails (ConfUtils.java:setNodeSpecificConfigs(97)) - Setting configuration key ozone.scm.ratis.port with value of key ozone.scm.ratis.port.SCMServiceId.scmNode-3: 15019
2023-06-17 00:47:23,003 [main] INFO  ha.SCMHANodeDetails (ConfUtils.java:setNodeSpecificConfigs(97)) - Setting configuration key ozone.scm.grpc.port with value of key ozone.scm.grpc.port.SCMServiceId.scmNode-3: 15022
2023-06-17 00:47:23,003 [main] INFO  ha.SCMHANodeDetails (ConfUtils.java:setNodeSpecificConfigs(97)) - Setting configuration key ozone.scm.http-address with value of key ozone.scm.http-address.SCMServiceId.scmNode-3: 127.0.0.1:15016
2023-06-17 00:47:23,003 [main] INFO  ha.SCMHANodeDetails (ConfUtils.java:setNodeSpecificConfigs(97)) - Setting configuration key ozone.scm.https-address with value of key ozone.scm.https-address.SCMServiceId.scmNode-3: 127.0.0.1:15017
2023-06-17 00:47:23,003 [main] INFO  ha.SCMHANodeDetails (ConfUtils.java:setNodeSpecificConfigs(97)) - Setting configuration key ozone.scm.address with value of key ozone.scm.address.SCMServiceId.scmNode-3: 127.0.0.1
2023-06-17 00:47:23,004 [main] WARN  scm.ScmUtils (ScmUtils.java:logWarn(190)) - ConfigKey ozone.scm.block.client.address is deprecated, For configuring different ports for each SCM use PortConfigKey ozone.scm.block.client.port appended with serviceId and nodeId. If want to configure same port configure ozone.scm.block.client.port
2023-06-17 00:47:23,004 [main] WARN  scm.ScmUtils (ScmUtils.java:logWarn(190)) - ConfigKey ozone.scm.client.address is deprecated, For configuring different ports for each SCM use PortConfigKey ozone.scm.client.port appended with serviceId and nodeId. If want to configure same port configure ozone.scm.client.port
2023-06-17 00:47:23,004 [main] WARN  scm.ScmUtils (ScmUtils.java:logWarn(190)) - ConfigKey ozone.scm.datanode.address is deprecated, For configuring different ports for each SCM use PortConfigKey ozone.scm.datanode.port appended with serviceId and nodeId. If want to configure same port configure ozone.scm.datanode.port
2023-06-17 00:47:23,008 [main] INFO  client.SCMCertificateClient (DefaultCertificateClient.java:readCertificateFile(196)) - Added certificate   [0]         Version: 3
         SerialNumber: 1871987438052
             IssuerDN: CN=scm@fv-az275-58,OU=746ad1cd-7733-4d67-8369-e04f45d32291,O=a3d962f4-5b41-4a19-a1e3-7934b631c69d
           Start Date: Sat Jun 17 00:47:22 UTC 2023
           Final Date: Tue Jul 25 00:47:22 UTC 2028
            SubjectDN: CN=scm-sub@localhost,OU=8fbffa03-1fc4-4a41-ac4c-0c93200d4489,O=a3d962f4-5b41-4a19-a1e3-7934b631c69d
           Public Key: RSA Public Key [8c:4e:23:4f:13:81:42:35:d5:de:7a:8b:a2:e1:bb:a2:ca:f4:85:da],[56:66:d1:a4]
        modulus: f981ab532afae336743a8d055f8837eeaa7d30e4e1274ce84c716463ffd4a08a8ca09900b39a106ca3ee11f1407ada338a1f34e1a907d10471f7af05995c2e9f3a3b91edb7e58758e49aa9af65963464269f2886d7963e62e21979afec3b15a2c52f381debdffe369f57d3d56ddd74ee2fa246341ede41c4af4c22fd525086aedf49a002ba249ed318326866c030f8b833bedab19ed38775a8d5d88ba1738dab3783f59eb83499e3901d66483fb66a38f7cf74be675362ac03b1f613b02a146fed170aff97f194827fd521058d500361dbac377bcfd2fc07a120e05766aebd2309ea18f4456694010052452f06f97ed1af96bbb4153bf6fabc39c3924e459831
public exponent: 10001

  Signature Algorithm: SHA256WITHRSA
            Signature: 29d4983805a38fb3acb380ca58593d1594634533
                       24e626c20522ea32cfa32c1257461b4fc14c9088
                       fdd00997559bb1b3c916869e3491c1bb322abadf
                       f5d76eed54c039a72b61bbef00bedb3eb2b71678
                       51fbfb37ccc95a1184cc3b4109ff8554c7e1f307
                       32d77fc5cae46e24033de5e3d03809018093b4cc
                       72205cc12e64b818f47b1eb67f94af1b1240811a
                       5a6b47a96c620027140b827222ad060e026fa392
                       d5b1c77e07e4fa6a890c30996ec9045546b3e3db
                       77e26c8207733d7568e84424fe750117e79596c7
                       f8eae888fca19445f78c1058d45e9f01ea2cbb49
                       2906d892284424210f9a5c85902dc99a1d228f5e
                       e5c6adf23ffa497270f35e057bc79b44
       Extensions: 
                       critical(false) 2.5.29.17 value = Sequence
    Tagged [7] IMPLICIT 
        DER Octet String[4] 
    Tagged [2] IMPLICIT 
        DER Octet String[63] 

                       critical(true) BasicConstraints: isCa(true)
                       critical(true) KeyUsage: 0xbe
 from file: /home/runner/work/ozone/ozone/hadoop-ozone/integration-test/target/test-dir/MiniOzoneClusterImpl-a3d962f4-5b41-4a19-a1e3-7934b631c69d/scmNode-3/scm/sub-ca/certs/certificate.crt.
2023-06-17 00:47:23,010 [main] INFO  client.SCMCertificateClient (DefaultCertificateClient.java:readCertificateFile(196)) - Added certificate   [0]         Version: 3
         SerialNumber: 1871987438052
             IssuerDN: CN=scm@fv-az275-58,OU=746ad1cd-7733-4d67-8369-e04f45d32291,O=a3d962f4-5b41-4a19-a1e3-7934b631c69d
           Start Date: Sat Jun 17 00:47:22 UTC 2023
           Final Date: Tue Jul 25 00:47:22 UTC 2028
            SubjectDN: CN=scm-sub@localhost,OU=8fbffa03-1fc4-4a41-ac4c-0c93200d4489,O=a3d962f4-5b41-4a19-a1e3-7934b631c69d
           Public Key: RSA Public Key [8c:4e:23:4f:13:81:42:35:d5:de:7a:8b:a2:e1:bb:a2:ca:f4:85:da],[56:66:d1:a4]
        modulus: f981ab532afae336743a8d055f8837eeaa7d30e4e1274ce84c716463ffd4a08a8ca09900b39a106ca3ee11f1407ada338a1f34e1a907d10471f7af05995c2e9f3a3b91edb7e58758e49aa9af65963464269f2886d7963e62e21979afec3b15a2c52f381debdffe369f57d3d56ddd74ee2fa246341ede41c4af4c22fd525086aedf49a002ba249ed318326866c030f8b833bedab19ed38775a8d5d88ba1738dab3783f59eb83499e3901d66483fb66a38f7cf74be675362ac03b1f613b02a146fed170aff97f194827fd521058d500361dbac377bcfd2fc07a120e05766aebd2309ea18f4456694010052452f06f97ed1af96bbb4153bf6fabc39c3924e459831
public exponent: 10001

  Signature Algorithm: SHA256WITHRSA
            Signature: 29d4983805a38fb3acb380ca58593d1594634533
                       24e626c20522ea32cfa32c1257461b4fc14c9088
                       fdd00997559bb1b3c916869e3491c1bb322abadf
                       f5d76eed54c039a72b61bbef00bedb3eb2b71678
                       51fbfb37ccc95a1184cc3b4109ff8554c7e1f307
                       32d77fc5cae46e24033de5e3d03809018093b4cc
                       72205cc12e64b818f47b1eb67f94af1b1240811a
                       5a6b47a96c620027140b827222ad060e026fa392
                       d5b1c77e07e4fa6a890c30996ec9045546b3e3db
                       77e26c8207733d7568e84424fe750117e79596c7
                       f8eae888fca19445f78c1058d45e9f01ea2cbb49
                       2906d892284424210f9a5c85902dc99a1d228f5e
                       e5c6adf23ffa497270f35e057bc79b44
       Extensions: 
                       critical(false) 2.5.29.17 value = Sequence
    Tagged [7] IMPLICIT 
        DER Octet String[4] 
    Tagged [2] IMPLICIT 
        DER Octet String[63] 

                       critical(true) BasicConstraints: isCa(true)
                       critical(true) KeyUsage: 0xbe
 from file: /home/runner/work/ozone/ozone/hadoop-ozone/integration-test/target/test-dir/MiniOzoneClusterImpl-a3d962f4-5b41-4a19-a1e3-7934b631c69d/scmNode-3/scm/sub-ca/certs/1871987438052.crt.
2023-06-17 00:47:23,014 [main] INFO  client.SCMCertificateClient (DefaultCertificateClient.java:readCertificateFile(196)) - Added certificate   [0]         Version: 3
         SerialNumber: 1
             IssuerDN: CN=scm@fv-az275-58,OU=746ad1cd-7733-4d67-8369-e04f45d32291,O=a3d962f4-5b41-4a19-a1e3-7934b631c69d
           Start Date: Sat Jun 17 00:47:04 UTC 2023
           Final Date: Tue Jul 25 00:47:04 UTC 2028
            SubjectDN: CN=scm@fv-az275-58,OU=746ad1cd-7733-4d67-8369-e04f45d32291,O=a3d962f4-5b41-4a19-a1e3-7934b631c69d
           Public Key: RSA Public Key [7b:cf:70:d0:93:42:f4:01:f0:1e:ea:34:a2:6b:b9:62:05:69:f3:f2],[56:66:d1:a4]
        modulus: 88c84ab6323162062ea29aff9950a3eb1747e40235d1b92004a1d388be2e74237d7c413db826096b95327af74a77ed9e9fa8d319bed40f7071beadd0ec24ba64a931246b05b5adfefff07372da2faf5d158f837ffe8fd7e1bbb603a9241df8bb1db7a8a959e73331d3e78dccd286663fcbf06fce6c34d3884f1215801d54ede04d580a20a5c4d962ebef7ea23b83166539ac7a48ad5213cfcddaff22fbada65600293cc34bac796dadc8ec395ecc1d7a821477be0b8d54e9c7ecfa66c40e75de5357141d1b9fa3c92f4bb8a17059e0c408df292b59942fd36ca83c9cfd3455b9b77e61674099be87bf9d89089d4e7c0265834505605b858f3d18dac3135da177
public exponent: 10001

  Signature Algorithm: SHA256WITHRSA
            Signature: 01eab1b276f40e81071c2de0e5d4c6dcd3753d8c
                       4f2b12dd12917d79558fa1c3f55e4d9dde3e89e7
                       72c5d767f0b5da8574e06e7e6c5d56e1bc30501b
                       1b65d29db17cb08368cec918d6c5a100481705f8
                       875403be83d4e3223f9f2547b27fca066b199c40
                       f7bf16bc8acc72de9b069d65bc172814124c6de2
                       c6a337be5fbc3f6b9d2ef4b2b5a63e6ff409936d
                       65c750fdbe96aad1b5e4b4117ca703b126239794
                       df57f070c10551f45cb5b45cb1225fcd469e576d
                       440c138ed74c9b6b5996d85a512763472c743115
                       538c14bc0b074563187c8d5ee3ded7e66f166501
                       e97b67bdb1aa8e94aaafec24ba5c87234f1f24ab
                       acbd58bc49435754d552c14bc7d73da0
       Extensions: 
                       critical(true) BasicConstraints: isCa(true)
                       critical(true) KeyUsage: 0x6
                       critical(false) 2.5.29.17 value = Sequence
    Tagged [7] IMPLICIT 
        DER Octet String[4] 
    Tagged [2] IMPLICIT 
        DER Octet String[63] 

 from file: /home/runner/work/ozone/ozone/hadoop-ozone/integration-test/target/test-dir/MiniOzoneClusterImpl-a3d962f4-5b41-4a19-a1e3-7934b631c69d/scmNode-3/scm/sub-ca/certs/CA-1.crt.
2023-06-17 00:47:23,015 [main] INFO  client.SCMCertificateClient (DefaultCertificateClient.java:startCertificateMonitor(1260)) - CertificateLifetimeMonitor for scm/sub-ca is started with first delay 158716798986 ms and interval 86400000 ms.
2023-06-17 00:47:23,015 [main] INFO  ha.SCMNodeInfo (SCMNodeInfo.java:getPort(197)) - ConfigKey ozone.scm.client.address is deprecated, For configuring different ports for each SCM use PortConfigKey ozone.scm.client.port appended with serviceId and nodeId
2023-06-17 00:47:23,015 [main] INFO  ha.SCMNodeInfo (SCMNodeInfo.java:getPort(197)) - ConfigKey ozone.scm.block.client.address is deprecated, For configuring different ports for each SCM use PortConfigKey ozone.scm.block.client.port appended with serviceId and nodeId
2023-06-17 00:47:23,016 [main] INFO  ha.SCMNodeInfo (SCMNodeInfo.java:getPort(197)) - ConfigKey ozone.scm.security.service.address is deprecated, For configuring different ports for each SCM use PortConfigKey ozone.scm.security.service.port appended with serviceId and nodeId
2023-06-17 00:47:23,016 [main] INFO  ha.SCMNodeInfo (SCMNodeInfo.java:getPort(197)) - ConfigKey ozone.scm.datanode.address is deprecated, For configuring different ports for each SCM use PortConfigKey ozone.scm.datanode.port appended with serviceId and nodeId
2023-06-17 00:47:23,016 [main] INFO  ha.SCMNodeInfo (SCMNodeInfo.java:getPort(197)) - ConfigKey ozone.scm.client.address is deprecated, For configuring different ports for each SCM use PortConfigKey ozone.scm.client.port appended with serviceId and nodeId
2023-06-17 00:47:23,016 [main] INFO  ha.SCMNodeInfo (SCMNodeInfo.java:getPort(197)) - ConfigKey ozone.scm.block.client.address is deprecated, For configuring different ports for each SCM use PortConfigKey ozone.scm.block.client.port appended with serviceId and nodeId
2023-06-17 00:47:23,016 [main] INFO  ha.SCMNodeInfo (SCMNodeInfo.java:getPort(197)) - ConfigKey ozone.scm.security.service.address is deprecated, For configuring different ports for each SCM use PortConfigKey ozone.scm.security.service.port appended with serviceId and nodeId
2023-06-17 00:47:23,016 [main] INFO  ha.SCMNodeInfo (SCMNodeInfo.java:getPort(197)) - ConfigKey ozone.scm.datanode.address is deprecated, For configuring different ports for each SCM use PortConfigKey ozone.scm.datanode.port appended with serviceId and nodeId
2023-06-17 00:47:23,017 [main] INFO  ha.SCMNodeInfo (SCMNodeInfo.java:getPort(197)) - ConfigKey ozone.scm.client.address is deprecated, For configuring different ports for each SCM use PortConfigKey ozone.scm.client.port appended with serviceId and nodeId
2023-06-17 00:47:23,017 [main] INFO  ha.SCMNodeInfo (SCMNodeInfo.java:getPort(197)) - ConfigKey ozone.scm.block.client.address is deprecated, For configuring different ports for each SCM use PortConfigKey ozone.scm.block.client.port appended with serviceId and nodeId
2023-06-17 00:47:23,017 [main] INFO  ha.SCMNodeInfo (SCMNodeInfo.java:getPort(197)) - ConfigKey ozone.scm.security.service.address is deprecated, For configuring different ports for each SCM use PortConfigKey ozone.scm.security.service.port appended with serviceId and nodeId
2023-06-17 00:47:23,017 [main] INFO  ha.SCMNodeInfo (SCMNodeInfo.java:getPort(197)) - ConfigKey ozone.scm.datanode.address is deprecated, For configuring different ports for each SCM use PortConfigKey ozone.scm.datanode.port appended with serviceId and nodeId
2023-06-17 00:47:23,020 [pool-2-thread-1] INFO  request.KdcRequest (KdcRequest.java:preauth(651)) - The preauth data is empty.
2023-06-17 00:47:23,022 [pool-2-thread-1] INFO  server.KdcHandler (KdcHandler.java:handleRecoverableException(177)) - KRB error occurred while processing request:Additional pre-authentication required
2023-06-17 00:47:23,028 [pool-2-thread-1] INFO  request.AsRequest (AsRequest.java:issueTicket(112)) - AS_REQ ISSUE: authtime 1686962843027,scm/fv-az275-58.go2hi5et44qedpdz5zrtt3gknc.xx.internal.cloudapp.net@EXAMPLE.COM for krbtgt/EXAMPLE.COM@EXAMPLE.COM
2023-06-17 00:47:23,030 [main] INFO  security.UserGroupInformation (UserGroupInformation.java:loginUserFromKeytab(1132)) - Login successful for user scm/fv-az275-58.go2hi5et44qedpdz5zrtt3gknc.xx.internal.cloudapp.net@EXAMPLE.COM using keytab file scm.keytab. Keytab auto renewal enabled : false
2023-06-17 00:47:23,031 [main] INFO  server.StorageContainerManager (StorageContainerManager.java:loginAsSCMUserIfSecurityEnabled(1042)) - SCM login successful.
2023-06-17 00:47:23,032 [main] WARN  utils.HAUtils (HAUtils.java:getMetaDir(352)) - ozone.scm.db.dirs is not configured. We recommend adding this setting. Falling back to ozone.metadata.dirs instead.
2023-06-17 00:47:23,033 [main] WARN  db.DBStoreBuilder (DBStoreBuilder.java:applyDBDefinition(165)) - ozone.scm.db.dirs is not configured. We recommend adding this setting. Falling back to ozone.metadata.dirs instead.
2023-06-17 00:47:23,188 [main] INFO  net.NodeSchemaLoader (NodeSchemaLoader.java:loadSchemaFromFile(129)) - Loading schema from [jar:file:/home/runner/.m2/repository/org/apache/ozone/hdds-common/1.4.0-SNAPSHOT/hdds-common-1.4.0-SNAPSHOT.jar!/network-topology-default.xml]
2023-06-17 00:47:23,188 [main] INFO  net.NodeSchemaLoader (NodeSchemaLoader.java:loadSchema(176)) - Loading network topology layer schema file
2023-06-17 00:47:23,201 [main] WARN  impl.MetricRegistriesImpl (MetricRegistriesImpl.java:addReporterRegistration(111)) - New reporters are added after registries were created. Some metrics will be missing from the reporter. Please add reporter before adding any new registry.
2023-06-17 00:47:23,201 [main] WARN  impl.MetricRegistriesImpl (MetricRegistriesImpl.java:addReporterRegistration(111)) - New reporters are added after registries were created. Some metrics will be missing from the reporter. Please add reporter before adding any new registry.
2023-06-17 00:47:23,237 [main] INFO  ha.SCMRatisServerImpl (SCMRatisServerImpl.java:<init>(98)) - starting Raft server for scm:8fbffa03-1fc4-4a41-ac4c-0c93200d4489
2023-06-17 00:47:23,238 [main] INFO  server.RaftServer (ConfUtils.java:logGet(46)) - raft.rpc.type = GRPC (default)
2023-06-17 00:47:23,238 [main] INFO  grpc.GrpcConfigKeys (ConfUtils.java:logFallback(53)) - raft.grpc.admin.host = null (fallback to raft.grpc.server.host)
2023-06-17 00:47:23,238 [main] INFO  grpc.GrpcConfigKeys (ConfUtils.java:logFallback(53)) - raft.grpc.admin.port = 15019 (fallback to raft.grpc.server.port)
2023-06-17 00:47:23,238 [main] INFO  grpc.GrpcConfigKeys (ConfUtils.java:logFallback(53)) - raft.grpc.client.host = null (fallback to raft.grpc.server.host)
2023-06-17 00:47:23,239 [main] INFO  grpc.GrpcConfigKeys (ConfUtils.java:logFallback(53)) - raft.grpc.client.port = 15019 (fallback to raft.grpc.server.port)
2023-06-17 00:47:23,239 [main] INFO  grpc.GrpcConfigKeys (ConfUtils.java:logGet(46)) - raft.grpc.server.host = null (default)
2023-06-17 00:47:23,239 [main] INFO  grpc.GrpcConfigKeys (ConfUtils.java:logGet(46)) - raft.grpc.server.port = 15019 (custom)
2023-06-17 00:47:23,240 [main] INFO  server.GrpcService (ConfUtils.java:logGet(46)) - raft.grpc.message.size.max = 32m (=33554432) (custom)
2023-06-17 00:47:23,240 [main] INFO  server.RaftServerConfigKeys (ConfUtils.java:logGet(46)) - raft.server.log.appender.buffer.byte-limit = 33554432 (custom)
2023-06-17 00:47:23,240 [main] INFO  server.GrpcService (ConfUtils.java:logGet(46)) - raft.grpc.flow.control.window = 1MB (=1048576) (default)
2023-06-17 00:47:23,241 [main] INFO  server.RaftServerConfigKeys (ConfUtils.java:logGet(46)) - raft.server.rpc.request.timeout = 30000ms (custom)
2023-06-17 00:47:23,241 [main] INFO  grpc.GrpcConfigKeys (ConfUtils.java:logGet(46)) - raft.grpc.server.heartbeat.channel = true (default)
2023-06-17 00:47:23,241 [main] INFO  grpc.GrpcConfigKeys (ConfUtils.java:logGet(46)) - raft.grpc.server.async.request.thread.pool.cached = true (default)
2023-06-17 00:47:23,241 [main] INFO  grpc.GrpcConfigKeys (ConfUtils.java:logGet(46)) - raft.grpc.server.async.request.thread.pool.size = 32 (default)
2023-06-17 00:47:23,243 [main] INFO  impl.DataStreamServerImpl (ConfUtils.java:logGet(46)) - raft.datastream.type = DISABLED (default)
2023-06-17 00:47:23,244 [main] INFO  server.RaftServerConfigKeys (ConfUtils.java:logGet(46)) - raft.server.threadpool.proxy.cached = true (default)
2023-06-17 00:47:23,244 [main] INFO  server.RaftServerConfigKeys (ConfUtils.java:logGet(46)) - raft.server.threadpool.proxy.size = 0 (default)
2023-06-17 00:47:23,245 [main] INFO  server.RaftServerConfigKeys (ConfUtils.java:logGet(46)) - raft.server.rpc.slowness.timeout = 120000ms (custom)
2023-06-17 00:47:23,245 [main] INFO  server.RaftServerConfigKeys (ConfUtils.java:logGet(46)) - raft.server.leaderelection.leader.step-down.wait-time = 10s (default)
2023-06-17 00:47:23,245 [main] INFO  server.RaftServerConfigKeys (ConfUtils.java:logGet(46)) - raft.server.storage.dir = [/home/runner/work/ozone/ozone/hadoop-ozone/integration-test/target/test-dir/MiniOzoneClusterImpl-a3d962f4-5b41-4a19-a1e3-7934b631c69d/scmNode-3/scm-ha] (custom)
2023-06-17 00:47:23,246 [main] INFO  server.RaftServer (RaftServerProxy.java:addNew(98)) - 8fbffa03-1fc4-4a41-ac4c-0c93200d4489: addNew group-7934B631C69D:[] returns group-7934B631C69D:java.util.concurrent.CompletableFuture@6831286e[Not completed]
2023-06-17 00:47:23,247 [8fbffa03-1fc4-4a41-ac4c-0c93200d4489-groupManagement] INFO  server.RaftServer$Division (RaftServerImpl.java:<init>(198)) - 8fbffa03-1fc4-4a41-ac4c-0c93200d4489: new RaftServerImpl for group-7934B631C69D:[] with SCMStateMachine:uninitialized
2023-06-17 00:47:23,247 [8fbffa03-1fc4-4a41-ac4c-0c93200d4489-groupManagement] INFO  server.RaftServerConfigKeys (ConfUtils.java:logGet(46)) - raft.server.rpc.timeout.min = 5000ms (custom)
2023-06-17 00:47:23,247 [8fbffa03-1fc4-4a41-ac4c-0c93200d4489-groupManagement] INFO  server.RaftServerConfigKeys (ConfUtils.java:logGet(46)) - raft.server.rpc.timeout.max = 5200ms (custom)
2023-06-17 00:47:23,247 [8fbffa03-1fc4-4a41-ac4c-0c93200d4489-groupManagement] INFO  server.RaftServerConfigKeys (ConfUtils.java:logGet(46)) - raft.server.rpc.sleep.time = 25ms (default)
2023-06-17 00:47:23,248 [8fbffa03-1fc4-4a41-ac4c-0c93200d4489-groupManagement] INFO  server.RaftServerConfigKeys (ConfUtils.java:logGet(46)) - raft.server.rpc.slowness.timeout = 120000ms (custom)
2023-06-17 00:47:23,248 [8fbffa03-1fc4-4a41-ac4c-0c93200d4489-groupManagement] INFO  server.RaftServerConfigKeys (ConfUtils.java:logGet(46)) - raft.server.leaderelection.leader.step-down.wait-time = 10s (default)
2023-06-17 00:47:23,248 [8fbffa03-1fc4-4a41-ac4c-0c93200d4489-groupManagement] INFO  server.RaftServerConfigKeys (ConfUtils.java:logGet(46)) - raft.server.sleep.deviation.threshold = 300ms (default)
2023-06-17 00:47:23,248 [8fbffa03-1fc4-4a41-ac4c-0c93200d4489-groupManagement] INFO  server.RaftServer$Division (ServerState.java:<init>(120)) - 8fbffa03-1fc4-4a41-ac4c-0c93200d4489@group-7934B631C69D: ConfigurationManager, init=-1: peers:[]|listeners:[], old=null, confs=<EMPTY_MAP>
2023-06-17 00:47:23,248 [8fbffa03-1fc4-4a41-ac4c-0c93200d4489-groupManagement] INFO  server.RaftServerConfigKeys (ConfUtils.java:logGet(46)) - raft.server.storage.dir = [/home/runner/work/ozone/ozone/hadoop-ozone/integration-test/target/test-dir/MiniOzoneClusterImpl-a3d962f4-5b41-4a19-a1e3-7934b631c69d/scmNode-3/scm-ha] (custom)
2023-06-17 00:47:23,248 [8fbffa03-1fc4-4a41-ac4c-0c93200d4489-groupManagement] INFO  server.RaftServerConfigKeys (ConfUtils.java:logGet(46)) - raft.server.log.corruption.policy = EXCEPTION (default)
2023-06-17 00:47:23,248 [8fbffa03-1fc4-4a41-ac4c-0c93200d4489-groupManagement] INFO  server.RaftServerConfigKeys (ConfUtils.java:logGet(46)) - raft.server.storage.free-space.min = 0MB (=0) (default)
2023-06-17 00:47:23,248 [8fbffa03-1fc4-4a41-ac4c-0c93200d4489-groupManagement] INFO  server.RaftServerConfigKeys (ConfUtils.java:logGet(46)) - raft.server.notification.no-leader.timeout = 60s (default)
2023-06-17 00:47:23,248 [8fbffa03-1fc4-4a41-ac4c-0c93200d4489-groupManagement] INFO  server.RaftServerConfigKeys (ConfUtils.java:logGet(46)) - raft.server.read.timeout = 10s (default)
2023-06-17 00:47:23,248 [8fbffa03-1fc4-4a41-ac4c-0c93200d4489-groupManagement] INFO  server.RaftServerConfigKeys (ConfUtils.java:logGet(46)) - raft.server.retrycache.expirytime = 60000ms (default)
2023-06-17 00:47:23,249 [8fbffa03-1fc4-4a41-ac4c-0c93200d4489-groupManagement] INFO  server.RaftServerConfigKeys (ConfUtils.java:logGet(46)) - raft.server.retrycache.statistics.expirytime = 100μs (default)
2023-06-17 00:47:23,249 [8fbffa03-1fc4-4a41-ac4c-0c93200d4489-groupManagement] INFO  server.RaftServerConfigKeys (ConfUtils.java:logGet(46)) - raft.server.read.option = DEFAULT (default)
2023-06-17 00:47:23,255 [8fbffa03-1fc4-4a41-ac4c-0c93200d4489-groupManagement] INFO  server.RaftServerConfigKeys (ConfUtils.java:logGet(46)) - raft.server.rpc.request.timeout = 30000ms (custom)
2023-06-17 00:47:23,255 [8fbffa03-1fc4-4a41-ac4c-0c93200d4489-groupManagement] INFO  server.RaftServerConfigKeys (ConfUtils.java:logGet(46)) - raft.server.log.appender.install.snapshot.enabled = false (custom)
2023-06-17 00:47:23,256 [8fbffa03-1fc4-4a41-ac4c-0c93200d4489-groupManagement] INFO  server.RaftServerConfigKeys (ConfUtils.java:logGet(46)) - raft.server.threadpool.server.cached = true (default)
2023-06-17 00:47:23,256 [8fbffa03-1fc4-4a41-ac4c-0c93200d4489-groupManagement] INFO  server.RaftServerConfigKeys (ConfUtils.java:logGet(46)) - raft.server.threadpool.server.size = 0 (default)
2023-06-17 00:47:23,256 [8fbffa03-1fc4-4a41-ac4c-0c93200d4489-groupManagement] INFO  server.RaftServerConfigKeys (ConfUtils.java:logGet(46)) - raft.server.threadpool.client.cached = true (default)
2023-06-17 00:47:23,256 [8fbffa03-1fc4-4a41-ac4c-0c93200d4489-groupManagement] INFO  server.RaftServerConfigKeys (ConfUtils.java:logGet(46)) - raft.server.threadpool.client.size = 0 (default)
2023-06-17 00:47:23,257 [main] INFO  ha.SCMSnapshotProvider (SCMSnapshotProvider.java:<init>(66)) - Initializing SCM Snapshot Provider
2023-06-17 00:47:23,257 [main] WARN  server.ServerUtils (ServerUtils.java:getDefaultRatisDirectory(323)) - Storage directory for Ratis is not configured. It is a good idea to map this to an SSD disk. Falling back to ozone.metadata.dirs
2023-06-17 00:47:23,258 [main] WARN  ha.SCMHAUtils (SCMHAUtils.java:getSCMRatisSnapshotDirectory(153)) - SCM snapshot dir is not configured. Falling back to ozone.metadata.dirs config
2023-06-17 00:47:23,260 [main] INFO  upgrade.AbstractLayoutVersionManager (AbstractLayoutVersionManager.java:init(83)) - Initializing Layout version manager with metadata layout = HADOOP_PRC_PORTS_IN_DATANODEDETAILS (version = 7), software layout = HADOOP_PRC_PORTS_IN_DATANODEDETAILS (version = 7)
2023-06-17 00:47:23,263 [main] INFO  ha.SequenceIdGenerator (SequenceIdGenerator.java:upgradeToSequenceId(349)) - upgrade localId to 111677748019200000
2023-06-17 00:47:23,265 [main] INFO  ha.SequenceIdGenerator (SequenceIdGenerator.java:upgradeToSequenceId(359)) - upgrade delTxnId to 0
2023-06-17 00:47:23,266 [main] INFO  ha.SequenceIdGenerator (SequenceIdGenerator.java:upgradeToSequenceId(376)) - upgrade containerId to 0
2023-06-17 00:47:23,266 [main] INFO  ha.SequenceIdGenerator (SequenceIdGenerator.java:<init>(220)) - Init the HA SequenceIdGenerator.
2023-06-17 00:47:23,267 [main] WARN  server.ServerUtils (ServerUtils.java:sanitizeUserArgs(80)) - ozone.scm.stale.node.interval value = 300000 is larger than max = 100000 based on the key value of ozone.scm.heartbeat.thread.interval, reset to the max value 100000.
2023-06-17 00:47:23,267 [main] WARN  server.ServerUtils (ServerUtils.java:sanitizeUserArgs(80)) - ozone.scm.stale.node.interval value = 300000 is larger than max = 100000 based on the key value of ozone.scm.heartbeat.thread.interval, reset to the max value 100000.
2023-06-17 00:47:23,271 [main] INFO  node.SCMNodeManager (SCMNodeManager.java:<init>(159)) - Entering startup safe mode.
2023-06-17 00:47:23,274 [main] INFO  algorithms.ContainerPlacementPolicyFactory (ContainerPlacementPolicyFactory.java:getPolicyInternal(86)) - Create container placement policy of type org.apache.hadoop.hdds.scm.container.placement.algorithms.SCMContainerPlacementRackAware
2023-06-17 00:47:23,275 [main] INFO  algorithms.ContainerPlacementPolicyFactory (ContainerPlacementPolicyFactory.java:getPolicyInternal(86)) - Create container placement policy of type org.apache.hadoop.hdds.scm.container.placement.algorithms.SCMContainerPlacementRackScatter
2023-06-17 00:47:23,275 [main] INFO  pipeline.PipelineStateManagerImpl (PipelineStateManagerImpl.java:initialize(78)) - No pipeline exists in current db
2023-06-17 00:47:23,277 [main] INFO  algorithms.LeaderChoosePolicyFactory (LeaderChoosePolicyFactory.java:getPolicy(57)) - Create leader choose policy of type org.apache.hadoop.hdds.scm.pipeline.leader.choose.algorithms.MinLeaderCountChoosePolicy
2023-06-17 00:47:23,278 [main] INFO  algorithms.ContainerPlacementPolicyFactory (ContainerPlacementPolicyFactory.java:getPolicyInternal(86)) - Create container placement policy of type org.apache.hadoop.hdds.scm.container.placement.algorithms.SCMContainerPlacementRackScatter
2023-06-17 00:47:23,279 [main] INFO  ha.SCMServiceManager (SCMServiceManager.java:register(42)) - Registering service BackgroundPipelineCreator.
2023-06-17 00:47:23,279 [main] INFO  pipeline.BackgroundPipelineCreator (BackgroundPipelineCreator.java:start(124)) - Starting RatisPipelineUtilsThread.
2023-06-17 00:47:23,279 [main] INFO  BackgroundPipelineScrubber (BackgroundSCMService.java:start(68)) - Starting BackgroundPipelineScrubber Service.
2023-06-17 00:47:23,280 [main] INFO  ha.SCMServiceManager (SCMServiceManager.java:register(42)) - Registering service BackgroundPipelineScrubber.
2023-06-17 00:47:23,280 [main] INFO  ExpiredContainerReplicaOpScrubber (BackgroundSCMService.java:start(68)) - Starting ExpiredContainerReplicaOpScrubber Service.
2023-06-17 00:47:23,282 [main] INFO  ha.SCMServiceManager (SCMServiceManager.java:register(42)) - Registering service ExpiredContainerReplicaOpScrubber.
2023-06-17 00:47:23,284 [main] INFO  algorithms.PipelineChoosePolicyFactory (PipelineChoosePolicyFactory.java:createPipelineChoosePolicyFromClass(73)) - Create pipeline choose policy of type org.apache.hadoop.hdds.scm.pipeline.choose.algorithms.RandomPipelineChoosePolicy
2023-06-17 00:47:23,285 [main] INFO  ha.SCMServiceManager (SCMServiceManager.java:register(42)) - Registering service SCMBlockDeletingService.
2023-06-17 00:47:23,286 [main] INFO  replication.ReplicationManager (ReplicationManager.java:start(286)) - Starting Replication Monitor Thread.
2023-06-17 00:47:23,291 [main] INFO  ha.SCMServiceManager (SCMServiceManager.java:register(42)) - Registering service ReplicationManager.
2023-06-17 00:47:23,292 [main] INFO  safemode.ContainerSafeModeRule (ContainerSafeModeRule.java:<init>(89)) - containers with one replica threshold count 0
2023-06-17 00:47:23,293 [main] INFO  safemode.HealthyPipelineSafeModeRule (HealthyPipelineSafeModeRule.java:initializeRule(169)) - Total pipeline count is 0, healthy pipeline threshold count is 0
2023-06-17 00:47:23,293 [ReplicationMonitor] INFO  replication.ReplicationManager (ReplicationManager.java:processAll(361)) - Replication Manager is not ready to run until 3000ms after safemode exit
2023-06-17 00:47:23,293 [main] INFO  safemode.OneReplicaPipelineSafeModeRule (OneReplicaPipelineSafeModeRule.java:initializeRule(180)) - Total pipeline count is 0, pipeline's with at least one datanode reported threshold count is 0
2023-06-17 00:47:23,295 [main] INFO  security.SecretKeyManagerService (SecretKeyManagerService.java:start(143)) - Scheduling rotation checker with interval PT1S
2023-06-17 00:47:23,296 [main] INFO  ha.SCMServiceManager (SCMServiceManager.java:register(42)) - Registering service SecretKeyManagerService.
2023-06-17 00:47:23,297 [main] INFO  authority.DefaultCAServer (DefaultCAServer.java:lambda$processVerificationStatus$0(465)) - CertificateServer validation is successful
2023-06-17 00:47:23,299 [main] INFO  ipc.CallQueueManager (CallQueueManager.java:<init>(90)) - Using callQueue: class java.util.concurrent.LinkedBlockingQueue, queueCapacity: 200, scheduler: class org.apache.hadoop.ipc.DefaultRpcScheduler, ipcBackoff: false.
2023-06-17 00:47:23,300 [Socket Reader #1 for port 15018] INFO  ipc.Server (Server.java:run(1319)) - Starting Socket Reader #1 for port 15018
2023-06-17 00:47:23,303 [Listener at 0.0.0.0/15018] INFO  hdds.HddsUtils (HddsUtils.java:preserveThreadName(848)) - Restoring thread name: main
2023-06-17 00:47:23,304 [main] INFO  ha.SCMServiceManager (SCMServiceManager.java:register(42)) - Registering service RootCARotationManager.
2023-06-17 00:47:23,304 [main] INFO  server.StorageContainerManager (StorageContainerManager.java:<init>(414)) - SCM start with adminUsers: [runner, scm]
2023-06-17 00:47:23,304 [main] INFO  ipc.CallQueueManager (CallQueueManager.java:<init>(90)) - Using callQueue: class java.util.concurrent.LinkedBlockingQueue, queueCapacity: 2000, scheduler: class org.apache.hadoop.ipc.DefaultRpcScheduler, ipcBackoff: false.
2023-06-17 00:47:23,310 [Socket Reader #1 for port 15020] INFO  ipc.Server (Server.java:run(1319)) - Starting Socket Reader #1 for port 15020
2023-06-17 00:47:23,331 [Listener at 0.0.0.0/15020] INFO  hdds.HddsUtils (HddsUtils.java:preserveThreadName(848)) - Restoring thread name: main
2023-06-17 00:47:23,332 [main] INFO  ipc.CallQueueManager (CallQueueManager.java:<init>(90)) - Using callQueue: class java.util.concurrent.LinkedBlockingQueue, queueCapacity: 2000, scheduler: class org.apache.hadoop.ipc.DefaultRpcScheduler, ipcBackoff: false.
2023-06-17 00:47:23,336 [Socket Reader #1 for port 15023] INFO  ipc.Server (Server.java:run(1319)) - Starting Socket Reader #1 for port 15023
2023-06-17 00:47:23,344 [Listener at 0.0.0.0/15023] INFO  hdds.HddsUtils (HddsUtils.java:preserveThreadName(848)) - Restoring thread name: main
2023-06-17 00:47:23,344 [main] INFO  ipc.CallQueueManager (CallQueueManager.java:<init>(90)) - Using callQueue: class java.util.concurrent.LinkedBlockingQueue, queueCapacity: 2000, scheduler: class org.apache.hadoop.ipc.DefaultRpcScheduler, ipcBackoff: false.
2023-06-17 00:47:23,347 [Socket Reader #1 for port 15021] INFO  ipc.Server (Server.java:run(1319)) - Starting Socket Reader #1 for port 15021
2023-06-17 00:47:23,366 [Listener at 0.0.0.0/15021] INFO  hdds.HddsUtils (HddsUtils.java:preserveThreadName(848)) - Restoring thread name: main
2023-06-17 00:47:23,381 [main] INFO  ha.SCMServiceManager (SCMServiceManager.java:register(42)) - Registering service ContainerBalancer.
2023-06-17 00:47:23,381 [main] INFO  server.StorageContainerManager (StorageContainerManager.java:<init>(427)) - 
Container Balancer status:
Key                            Value
Running                        false
Container Balancer Configuration values:
Key                                                Value
Threshold                                          10
Max Datanodes to Involve per Iteration(percent)    20
Max Size to Move per Iteration                     500GB
Max Size Entering Target per Iteration             26GB
Max Size Leaving Source per Iteration              26GB

2023-06-17 00:47:23,381 [main] INFO  ha.SCMContext (SCMContext.java:updateSafeModeStatus(228)) - Update SafeModeStatus from SafeModeStatus{safeModeStatus=true, preCheckPassed=false} to SafeModeStatus{safeModeStatus=true, preCheckPassed=false}.
2023-06-17 00:47:23,382 [main] INFO  ozone.MiniOzoneHAClusterImpl (MiniOzoneHAClusterImpl.java:createSCMService(592)) - Intialized SCM at /0.0.0.0:15021. This SCM is currently inactive (not running).
2023-06-17 00:47:23,387 [main] WARN  server.ServerUtils (ServerUtils.java:getDBPath(311)) - ozone.om.db.dirs is not configured. We recommend adding this setting. Falling back to ozone.metadata.dirs instead.
2023-06-17 00:47:23,479 [main] INFO  audit.AuditLogger (AuditLogger.java:refreshDebugCmdSet(126)) - Refresh DebugCmdSet for OMAudit to [].
2023-06-17 00:47:23,554 [main] INFO  om.OzoneManager (OzoneManager.java:initializeSecurity(1355)) - Initializing secure OzoneManager.
2023-06-17 00:47:23,558 [main] WARN  security.OMCertificateClient (DefaultCertificateClient.java:loadAllCertificates(161)) - Certificates could not be loaded.
java.nio.file.NoSuchFileException: /home/runner/work/ozone/ozone/hadoop-ozone/integration-test/target/test-dir/MiniOzoneClusterImpl-a3d962f4-5b41-4a19-a1e3-7934b631c69d/ozone-meta/om/certs
	at sun.nio.fs.UnixException.translateToIOException(UnixException.java:86)
	at sun.nio.fs.UnixException.rethrowAsIOException(UnixException.java:102)
	at sun.nio.fs.UnixException.rethrowAsIOException(UnixException.java:107)
	at sun.nio.fs.UnixFileSystemProvider.newDirectoryStream(UnixFileSystemProvider.java:427)
	at java.nio.file.Files.newDirectoryStream(Files.java:457)
	at java.nio.file.Files.list(Files.java:3451)
	at org.apache.hadoop.hdds.security.x509.certificate.client.DefaultCertificateClient.loadAllCertificates(DefaultCertificateClient.java:156)
	at org.apache.hadoop.hdds.security.x509.certificate.client.DefaultCertificateClient.updateCertSerialId(DefaultCertificateClient.java:1206)
	at org.apache.hadoop.hdds.security.x509.certificate.client.DefaultCertificateClient.<init>(DefaultCertificateClient.java:148)
	at org.apache.hadoop.hdds.security.x509.certificate.client.CommonCertificateClient.<init>(CommonCertificateClient.java:43)
	at org.apache.hadoop.ozone.security.OMCertificateClient.<init>(OMCertificateClient.java:67)
	at org.apache.hadoop.ozone.om.OzoneManager.initializeSecurity(OzoneManager.java:1358)
	at org.apache.hadoop.ozone.MiniOzoneClusterImpl$Builder.initializeOmStorage(MiniOzoneClusterImpl.java:790)
	at org.apache.hadoop.ozone.MiniOzoneClusterImpl$Builder.createOM(MiniOzoneClusterImpl.java:808)
	at org.apache.hadoop.ozone.MiniOzoneHAClusterImpl$Builder.createOMService(MiniOzoneHAClusterImpl.java:467)
	at org.apache.hadoop.ozone.MiniOzoneHAClusterImpl$Builder.build(MiniOzoneHAClusterImpl.java:408)
	at org.apache.hadoop.ozone.scm.TestSecretKeySnapshot.init(TestSecretKeySnapshot.java:137)
	at sun.reflect.NativeMethodAccessorImpl.invoke0(Native Method)
	at sun.reflect.NativeMethodAccessorImpl.invoke(NativeMethodAccessorImpl.java:62)
	at sun.reflect.DelegatingMethodAccessorImpl.invoke(DelegatingMethodAccessorImpl.java:43)
	at java.lang.reflect.Method.invoke(Method.java:498)
	at org.junit.platform.commons.util.ReflectionUtils.invokeMethod(ReflectionUtils.java:725)
	at org.junit.jupiter.engine.execution.MethodInvocation.proceed(MethodInvocation.java:60)
	at org.junit.jupiter.engine.execution.InvocationInterceptorChain$ValidatingInvocation.proceed(InvocationInterceptorChain.java:131)
	at org.junit.jupiter.engine.extension.TimeoutExtension.intercept(TimeoutExtension.java:149)
	at org.junit.jupiter.engine.extension.TimeoutExtension.interceptLifecycleMethod(TimeoutExtension.java:126)
	at org.junit.jupiter.engine.extension.TimeoutExtension.interceptBeforeEachMethod(TimeoutExtension.java:76)
	at org.junit.jupiter.engine.execution.ExecutableInvoker$ReflectiveInterceptorCall.lambda$ofVoidMethod$0(ExecutableInvoker.java:115)
	at org.junit.jupiter.engine.execution.ExecutableInvoker.lambda$invoke$0(ExecutableInvoker.java:105)
	at org.junit.jupiter.engine.execution.InvocationInterceptorChain$InterceptedInvocation.proceed(InvocationInterceptorChain.java:106)
	at org.junit.jupiter.engine.execution.InvocationInterceptorChain.proceed(InvocationInterceptorChain.java:64)
	at org.junit.jupiter.engine.execution.InvocationInterceptorChain.chainAndInvoke(InvocationInterceptorChain.java:45)
	at org.junit.jupiter.engine.execution.InvocationInterceptorChain.invoke(InvocationInterceptorChain.java:37)
	at org.junit.jupiter.engine.execution.ExecutableInvoker.invoke(ExecutableInvoker.java:104)
	at org.junit.jupiter.engine.execution.ExecutableInvoker.invoke(ExecutableInvoker.java:98)
	at org.junit.jupiter.engine.descriptor.ClassBasedTestDescriptor.invokeMethodInExtensionContext(ClassBasedTestDescriptor.java:506)
	at org.junit.jupiter.engine.descriptor.ClassBasedTestDescriptor.lambda$synthesizeBeforeEachMethodAdapter$21(ClassBasedTestDescriptor.java:491)
	at org.junit.jupiter.engine.descriptor.TestMethodTestDescriptor.lambda$invokeBeforeEachMethods$3(TestMethodTestDescriptor.java:171)
	at org.junit.jupiter.engine.descriptor.TestMethodTestDescriptor.lambda$invokeBeforeMethodsOrCallbacksUntilExceptionOccurs$6(TestMethodTestDescriptor.java:199)
	at org.junit.platform.engine.support.hierarchical.ThrowableCollector.execute(ThrowableCollector.java:73)
	at org.junit.jupiter.engine.descriptor.TestMethodTestDescriptor.invokeBeforeMethodsOrCallbacksUntilExceptionOccurs(TestMethodTestDescriptor.java:199)
	at org.junit.jupiter.engine.descriptor.TestMethodTestDescriptor.invokeBeforeEachMethods(TestMethodTestDescriptor.java:168)
	at org.junit.jupiter.engine.descriptor.TestMethodTestDescriptor.execute(TestMethodTestDescriptor.java:131)
	at org.junit.jupiter.engine.descriptor.TestMethodTestDescriptor.execute(TestMethodTestDescriptor.java:66)
	at org.junit.platform.engine.support.hierarchical.NodeTestTask.lambda$executeRecursively$6(NodeTestTask.java:151)
	at org.junit.platform.engine.support.hierarchical.ThrowableCollector.execute(ThrowableCollector.java:73)
	at org.junit.platform.engine.support.hierarchical.NodeTestTask.lambda$executeRecursively$8(NodeTestTask.java:141)
	at org.junit.platform.engine.support.hierarchical.Node.around(Node.java:137)
	at org.junit.platform.engine.support.hierarchical.NodeTestTask.lambda$executeRecursively$9(NodeTestTask.java:139)
	at org.junit.platform.engine.support.hierarchical.ThrowableCollector.execute(ThrowableCollector.java:73)
	at org.junit.platform.engine.support.hierarchical.NodeTestTask.executeRecursively(NodeTestTask.java:138)
	at org.junit.platform.engine.support.hierarchical.NodeTestTask.execute(NodeTestTask.java:95)
	at java.util.ArrayList.forEach(ArrayList.java:1259)
	at org.junit.platform.engine.support.hierarchical.SameThreadHierarchicalTestExecutorService.invokeAll(SameThreadHierarchicalTestExecutorService.java:41)
	at org.junit.platform.engine.support.hierarchical.NodeTestTask.lambda$executeRecursively$6(NodeTestTask.java:155)
	at org.junit.platform.engine.support.hierarchical.ThrowableCollector.execute(ThrowableCollector.java:73)
	at org.junit.platform.engine.support.hierarchical.NodeTestTask.lambda$executeRecursively$8(NodeTestTask.java:141)
	at org.junit.platform.engine.support.hierarchical.Node.around(Node.java:137)
	at org.junit.platform.engine.support.hierarchical.NodeTestTask.lambda$executeRecursively$9(NodeTestTask.java:139)
	at org.junit.platform.engine.support.hierarchical.ThrowableCollector.execute(ThrowableCollector.java:73)
	at org.junit.platform.engine.support.hierarchical.NodeTestTask.executeRecursively(NodeTestTask.java:138)
	at org.junit.platform.engine.support.hierarchical.NodeTestTask.execute(NodeTestTask.java:95)
	at java.util.ArrayList.forEach(ArrayList.java:1259)
	at org.junit.platform.engine.support.hierarchical.SameThreadHierarchicalTestExecutorService.invokeAll(SameThreadHierarchicalTestExecutorService.java:41)
	at org.junit.platform.engine.support.hierarchical.NodeTestTask.lambda$executeRecursively$6(NodeTestTask.java:155)
	at org.junit.platform.engine.support.hierarchical.ThrowableCollector.execute(ThrowableCollector.java:73)
	at org.junit.platform.engine.support.hierarchical.NodeTestTask.lambda$executeRecursively$8(NodeTestTask.java:141)
	at org.junit.platform.engine.support.hierarchical.Node.around(Node.java:137)
	at org.junit.platform.engine.support.hierarchical.NodeTestTask.lambda$executeRecursively$9(NodeTestTask.java:139)
	at org.junit.platform.engine.support.hierarchical.ThrowableCollector.execute(ThrowableCollector.java:73)
	at org.junit.platform.engine.support.hierarchical.NodeTestTask.executeRecursively(NodeTestTask.java:138)
	at org.junit.platform.engine.support.hierarchical.NodeTestTask.execute(NodeTestTask.java:95)
	at org.junit.platform.engine.support.hierarchical.SameThreadHierarchicalTestExecutorService.submit(SameThreadHierarchicalTestExecutorService.java:35)
	at org.junit.platform.engine.support.hierarchical.HierarchicalTestExecutor.execute(HierarchicalTestExecutor.java:57)
	at org.junit.platform.engine.support.hierarchical.HierarchicalTestEngine.execute(HierarchicalTestEngine.java:54)
	at org.junit.platform.launcher.core.EngineExecutionOrchestrator.execute(EngineExecutionOrchestrator.java:107)
	at org.junit.platform.launcher.core.EngineExecutionOrchestrator.execute(EngineExecutionOrchestrator.java:88)
	at org.junit.platform.launcher.core.EngineExecutionOrchestrator.lambda$execute$0(EngineExecutionOrchestrator.java:54)
	at org.junit.platform.launcher.core.EngineExecutionOrchestrator.withInterceptedStreams(EngineExecutionOrchestrator.java:67)
	at org.junit.platform.launcher.core.EngineExecutionOrchestrator.execute(EngineExecutionOrchestrator.java:52)
	at org.junit.platform.launcher.core.DefaultLauncher.execute(DefaultLauncher.java:114)
	at org.junit.platform.launcher.core.DefaultLauncher.execute(DefaultLauncher.java:86)
	at org.junit.platform.launcher.core.DefaultLauncherSession$DelegatingLauncher.execute(DefaultLauncherSession.java:86)
	at org.junit.platform.launcher.core.SessionPerRequestLauncher.execute(SessionPerRequestLauncher.java:53)
	at org.apache.maven.surefire.junitplatform.JUnitPlatformProvider.execute(JUnitPlatformProvider.java:188)
	at org.apache.maven.surefire.junitplatform.JUnitPlatformProvider.invokeAllTests(JUnitPlatformProvider.java:154)
	at org.apache.maven.surefire.junitplatform.JUnitPlatformProvider.invoke(JUnitPlatformProvider.java:124)
	at org.apache.maven.surefire.booter.ForkedBooter.runSuitesInProcess(ForkedBooter.java:428)
	at org.apache.maven.surefire.booter.ForkedBooter.execute(ForkedBooter.java:162)
	at org.apache.maven.surefire.booter.ForkedBooter.run(ForkedBooter.java:562)
	at org.apache.maven.surefire.booter.ForkedBooter.main(ForkedBooter.java:548)
2023-06-17 00:47:23,573 [main] INFO  om.OzoneManager (OzoneManager.java:getOmDetailsProto(4486)) - OzoneManager ports added:[name: "RPC"
value: 15036
]
2023-06-17 00:47:23,574 [main] ERROR security.OMCertificateClient (DefaultCertificateClient.java:getCertPath(319)) - Default certificate serial id is not set. Can't locate the default certificate for this client.
2023-06-17 00:47:23,574 [main] INFO  security.OMCertificateClient (DefaultCertificateClient.java:init(692)) - Certificate client init case: 0
2023-06-17 00:47:23,576 [main] INFO  security.OMCertificateClient (CommonCertificateClient.java:handleCase(67)) - Creating keypair for client as keypair and certificate not found.
2023-06-17 00:47:23,664 [main] INFO  om.OzoneManager (OzoneManager.java:initializeSecurity(1370)) - Init response: GETCERT
2023-06-17 00:47:23,665 [main] INFO  ozone.OzoneSecurityUtil (OzoneSecurityUtil.java:getValidInetsForCurrentHost(119)) - ip:fe80:0:0:0:20d:3aff:fe6f:2520%eth0 not returned.
2023-06-17 00:47:23,665 [main] INFO  ozone.OzoneSecurityUtil (OzoneSecurityUtil.java:getValidInetsForCurrentHost(116)) - Adding ip:10.1.0.235,host:fv-az275-58.go2hi5et44qedpdz5zrtt3gknc.xx.internal.cloudapp.net
2023-06-17 00:47:23,666 [main] INFO  ozone.OzoneSecurityUtil (OzoneSecurityUtil.java:getValidInetsForCurrentHost(119)) - ip:0:0:0:0:0:0:0:1%lo not returned.
2023-06-17 00:47:23,666 [main] INFO  ozone.OzoneSecurityUtil (OzoneSecurityUtil.java:getValidInetsForCurrentHost(119)) - ip:127.0.0.1 not returned.
2023-06-17 00:47:23,669 [main] INFO  ha.OMHANodeDetails (OMHANodeDetails.java:loadOMHAConfig(115)) - ozone.om.internal.service.id is not defined, falling back to ozone.om.service.ids to find serviceID for OzoneManager if it is HA enabled cluster
2023-06-17 00:47:23,669 [main] INFO  ha.OMHANodeDetails (OMHANodeDetails.java:loadOMHAConfig(226)) - Configuration does not have ozone.om.address set. Falling back to the default OM address /127.0.0.1:15036
2023-06-17 00:47:23,669 [main] INFO  ha.OMHANodeDetails (OMHANodeDetails.java:getOMNodeDetailsForNonHA(254)) - OM Service ID is not set. Setting it to the default ID: omServiceIdDefault
2023-06-17 00:47:23,670 [main] INFO  ha.OMHANodeDetails (OMHANodeDetails.java:getOMNodeDetailsForNonHA(261)) - OM Node ID is not set. Setting it to the default ID: om1
2023-06-17 00:47:23,672 [main] INFO  security.OMCertificateClient (OMCertificateClient.java:getCSRBuilder(117)) - Creating csr for OM->dns:localhost,ip:127.0.0.1,scmId:d4a9ccd9-e82e-4e90-acff-d86498b759a4,clusterId:a3d962f4-5b41-4a19-a1e3-7934b631c69d,subject:scm@localhost
2023-06-17 00:47:23,679 [main] INFO  ha.SCMNodeInfo (SCMNodeInfo.java:getPort(197)) - ConfigKey ozone.scm.client.address is deprecated, For configuring different ports for each SCM use PortConfigKey ozone.scm.client.port appended with serviceId and nodeId
2023-06-17 00:47:23,679 [main] INFO  ha.SCMNodeInfo (SCMNodeInfo.java:getPort(197)) - ConfigKey ozone.scm.block.client.address is deprecated, For configuring different ports for each SCM use PortConfigKey ozone.scm.block.client.port appended with serviceId and nodeId
2023-06-17 00:47:23,680 [main] INFO  ha.SCMNodeInfo (SCMNodeInfo.java:getPort(197)) - ConfigKey ozone.scm.security.service.address is deprecated, For configuring different ports for each SCM use PortConfigKey ozone.scm.security.service.port appended with serviceId and nodeId
2023-06-17 00:47:23,680 [main] INFO  ha.SCMNodeInfo (SCMNodeInfo.java:getPort(197)) - ConfigKey ozone.scm.datanode.address is deprecated, For configuring different ports for each SCM use PortConfigKey ozone.scm.datanode.port appended with serviceId and nodeId
2023-06-17 00:47:23,680 [main] INFO  ha.SCMNodeInfo (SCMNodeInfo.java:getPort(197)) - ConfigKey ozone.scm.client.address is deprecated, For configuring different ports for each SCM use PortConfigKey ozone.scm.client.port appended with serviceId and nodeId
2023-06-17 00:47:23,680 [main] INFO  ha.SCMNodeInfo (SCMNodeInfo.java:getPort(197)) - ConfigKey ozone.scm.block.client.address is deprecated, For configuring different ports for each SCM use PortConfigKey ozone.scm.block.client.port appended with serviceId and nodeId
2023-06-17 00:47:23,681 [main] INFO  ha.SCMNodeInfo (SCMNodeInfo.java:getPort(197)) - ConfigKey ozone.scm.security.service.address is deprecated, For configuring different ports for each SCM use PortConfigKey ozone.scm.security.service.port appended with serviceId and nodeId
2023-06-17 00:47:23,681 [main] INFO  ha.SCMNodeInfo (SCMNodeInfo.java:getPort(197)) - ConfigKey ozone.scm.datanode.address is deprecated, For configuring different ports for each SCM use PortConfigKey ozone.scm.datanode.port appended with serviceId and nodeId
2023-06-17 00:47:23,681 [main] INFO  ha.SCMNodeInfo (SCMNodeInfo.java:getPort(197)) - ConfigKey ozone.scm.client.address is deprecated, For configuring different ports for each SCM use PortConfigKey ozone.scm.client.port appended with serviceId and nodeId
2023-06-17 00:47:23,681 [main] INFO  ha.SCMNodeInfo (SCMNodeInfo.java:getPort(197)) - ConfigKey ozone.scm.block.client.address is deprecated, For configuring different ports for each SCM use PortConfigKey ozone.scm.block.client.port appended with serviceId and nodeId
2023-06-17 00:47:23,681 [main] INFO  ha.SCMNodeInfo (SCMNodeInfo.java:getPort(197)) - ConfigKey ozone.scm.security.service.address is deprecated, For configuring different ports for each SCM use PortConfigKey ozone.scm.security.service.port appended with serviceId and nodeId
2023-06-17 00:47:23,681 [main] INFO  ha.SCMNodeInfo (SCMNodeInfo.java:getPort(197)) - ConfigKey ozone.scm.datanode.address is deprecated, For configuring different ports for each SCM use PortConfigKey ozone.scm.datanode.port appended with serviceId and nodeId
2023-06-17 00:47:23,695 [pool-2-thread-1] INFO  request.TgsRequest (TgsRequest.java:issueTicket(115)) - TGS_REQ ISSUE: authtime 1686962843695,scm/fv-az275-58.go2hi5et44qedpdz5zrtt3gknc.xx.internal.cloudapp.net for scm/fv-az275-58.go2hi5et44qedpdz5zrtt3gknc.xx.internal.cloudapp.net@EXAMPLE.COM
2023-06-17 00:47:23,712 [Socket Reader #1 for port 15002] INFO  ipc.Server (Server.java:saslProcess(2116)) - Auth successful for scm/fv-az275-58.go2hi5et44qedpdz5zrtt3gknc.xx.internal.cloudapp.net@EXAMPLE.COM (auth:KERBEROS) from 10.1.0.235:46303
2023-06-17 00:47:23,728 [IPC Server handler 1 on default port 15002] INFO  server.SCMSecurityProtocolServer (SCMSecurityProtocolServer.java:getOMCertificate(245)) - Processing CSR for om localhost, UUID: ec6aa386-fd27-49ef-80a0-22f92d63418a
2023-06-17 00:47:23,767 [main] INFO  security.OMCertificateClient (DefaultCertificateClient.java:readCertificateFile(196)) - Added certificate   [0]         Version: 3
         SerialNumber: 1872828891272
             IssuerDN: CN=scm-sub@localhost,OU=746ad1cd-7733-4d67-8369-e04f45d32291,O=a3d962f4-5b41-4a19-a1e3-7934b631c69d
           Start Date: Sat Jun 17 00:47:23 UTC 2023
           Final Date: Sun Jun 16 00:47:23 UTC 2024
            SubjectDN: CN=scm@localhost,OU=d4a9ccd9-e82e-4e90-acff-d86498b759a4,O=a3d962f4-5b41-4a19-a1e3-7934b631c69d
           Public Key: RSA Public Key [41:ce:b2:82:88:ce:cf:09:c7:2e:54:05:f6:76:5a:3b:21:70:a8:a9],[56:66:d1:a4]
        modulus: 95b225de96a9f3438042191657ce6d8135e7c767ea2a3b0d61422891f0356561798fa00b7c0104b14a53daa5126799ef214287dce1618f77b471d90baf4bb492454f43e5b10c6d9b9fe310a1889f8b5b84d4586ed2ae8c7d83aefb6afd7dd2b73071e94ee16cb5c4704d8fb481b6e4cdd1b0abc96d79ad05baa447319a2eca448f7ae1d3b473a6ed83de5f6092b47b58a1d8c2ad77da1227c6b333a951768e5e22dfcee755a3b823e3bd1df804a40cbdd34c264658f19745c6c2d857a35a8a391d11bf1212afb982d779d16c0993d1afcff23ae7f1617f49fe6bcfda5d3603673d9fdd779b0916a77c75d767a82903e0853c6cf9666e75a36b74127804aed283
public exponent: 10001

  Signature Algorithm: SHA256WITHRSA
            Signature: b50c35d9710f138069a4e6e1687f83fa98a4a3b5
                       020ecdf7d3b156ab955458685fd4e6b0171b240a
                       b45cf4655b8bb081c15c812f8f7a4bebb6f44d9d
                       872668fbc2e6cdb56c6207a7ab511d0cba0c1f5d
                       ec6e138ec31e465cf8c9ff215d84f68232f0e819
                       1dea3910da95f97986e1306dcd439102d62c7605
                       2438f4f923a315cc7fce2a7cd82da8babc2ced5a
                       4d11e61ff41589b61c8b70b2e180fc67a07da05d
                       1b23a5f3505c596d796cdc57688700114243bd63
                       6b20d10b1470a3df6c159abc3984099bd147a91c
                       b47b721376ce8c5ac6c654a8ebabe7882a810dce
                       19814d3620d966479e2face0776d4d82c7e4854e
                       5c2ffc5a1d397b2cfd226457ea84d0b4
       Extensions: 
                       critical(false) 2.5.29.17 value = Sequence
    Tagged [7] IMPLICIT 
        DER Octet String[4] 
    Tagged [2] IMPLICIT 
        DER Octet String[63] 
    Tagged [0] IMPLICIT 
        Sequence
            ObjectIdentifier(2.16.840.1.113730.3.1.34)
            Tagged [0]
                UTF8String(omServiceIdDefault) 

                       critical(true) KeyUsage: 0xb8
 from file: /home/runner/work/ozone/ozone/hadoop-ozone/integration-test/target/test-dir/MiniOzoneClusterImpl-a3d962f4-5b41-4a19-a1e3-7934b631c69d/ozone-meta/om/certs/1872828891272.crt.
2023-06-17 00:47:23,772 [main] INFO  security.OMCertificateClient (DefaultCertificateClient.java:readCertificateFile(196)) - Added certificate   [0]         Version: 3
         SerialNumber: 1
             IssuerDN: CN=scm@fv-az275-58,OU=746ad1cd-7733-4d67-8369-e04f45d32291,O=a3d962f4-5b41-4a19-a1e3-7934b631c69d
           Start Date: Sat Jun 17 00:47:04 UTC 2023
           Final Date: Tue Jul 25 00:47:04 UTC 2028
            SubjectDN: CN=scm@fv-az275-58,OU=746ad1cd-7733-4d67-8369-e04f45d32291,O=a3d962f4-5b41-4a19-a1e3-7934b631c69d
           Public Key: RSA Public Key [7b:cf:70:d0:93:42:f4:01:f0:1e:ea:34:a2:6b:b9:62:05:69:f3:f2],[56:66:d1:a4]
        modulus: 88c84ab6323162062ea29aff9950a3eb1747e40235d1b92004a1d388be2e74237d7c413db826096b95327af74a77ed9e9fa8d319bed40f7071beadd0ec24ba64a931246b05b5adfefff07372da2faf5d158f837ffe8fd7e1bbb603a9241df8bb1db7a8a959e73331d3e78dccd286663fcbf06fce6c34d3884f1215801d54ede04d580a20a5c4d962ebef7ea23b83166539ac7a48ad5213cfcddaff22fbada65600293cc34bac796dadc8ec395ecc1d7a821477be0b8d54e9c7ecfa66c40e75de5357141d1b9fa3c92f4bb8a17059e0c408df292b59942fd36ca83c9cfd3455b9b77e61674099be87bf9d89089d4e7c0265834505605b858f3d18dac3135da177
public exponent: 10001

  Signature Algorithm: SHA256WITHRSA
            Signature: 01eab1b276f40e81071c2de0e5d4c6dcd3753d8c
                       4f2b12dd12917d79558fa1c3f55e4d9dde3e89e7
                       72c5d767f0b5da8574e06e7e6c5d56e1bc30501b
                       1b65d29db17cb08368cec918d6c5a100481705f8
                       875403be83d4e3223f9f2547b27fca066b199c40
                       f7bf16bc8acc72de9b069d65bc172814124c6de2
                       c6a337be5fbc3f6b9d2ef4b2b5a63e6ff409936d
                       65c750fdbe96aad1b5e4b4117ca703b126239794
                       df57f070c10551f45cb5b45cb1225fcd469e576d
                       440c138ed74c9b6b5996d85a512763472c743115
                       538c14bc0b074563187c8d5ee3ded7e66f166501
                       e97b67bdb1aa8e94aaafec24ba5c87234f1f24ab
                       acbd58bc49435754d552c14bc7d73da0
       Extensions: 
                       critical(true) BasicConstraints: isCa(true)
                       critical(true) KeyUsage: 0x6
                       critical(false) 2.5.29.17 value = Sequence
    Tagged [7] IMPLICIT 
        DER Octet String[4] 
    Tagged [2] IMPLICIT 
        DER Octet String[63] 

 from file: /home/runner/work/ozone/ozone/hadoop-ozone/integration-test/target/test-dir/MiniOzoneClusterImpl-a3d962f4-5b41-4a19-a1e3-7934b631c69d/ozone-meta/om/certs/ROOTCA-1.crt.
2023-06-17 00:47:23,774 [main] INFO  security.OMCertificateClient (DefaultCertificateClient.java:readCertificateFile(196)) - Added certificate   [0]         Version: 3
         SerialNumber: 1853911944075
             IssuerDN: CN=scm@fv-az275-58,OU=746ad1cd-7733-4d67-8369-e04f45d32291,O=a3d962f4-5b41-4a19-a1e3-7934b631c69d
           Start Date: Sat Jun 17 00:47:04 UTC 2023
           Final Date: Tue Jul 25 00:47:04 UTC 2028
            SubjectDN: CN=scm-sub@localhost,OU=746ad1cd-7733-4d67-8369-e04f45d32291,O=a3d962f4-5b41-4a19-a1e3-7934b631c69d
           Public Key: RSA Public Key [c5:15:4b:98:cb:52:07:a9:6b:f5:b9:6e:60:4f:b7:1f:01:45:44:04],[56:66:d1:a4]
        modulus: c758ee6590ac2b2fe29d68c370167153b5d184ecbbbe240f342cc21060f23519472fdcf7a43d1ed286b4e31a7dddaeb140085301dcd321bbec62d054c33c472121292bb59dcdb416d26a6063d92efa0f3fb937523c09139c147d4e54fcdf5163c59a0fdd861755de69078874ded643ed83c8459471e35f1521be4e6e6fb6bfdfb6925def931f77fef59cdd0f28cea161d41e35edf67148bdcb60f6ad04ea8c0a1cd5ed3cfad2399a1a471965d2006b2b9d1552157e29da3af247b0a36b1a453ac312da1254489042718892e9af15497c269accd50f429999f6cabf4190df2b8a2af8e3515be102662504dcdaa7dfd5e6455b94cb16fa534b59aea08e9840062f
public exponent: 10001

  Signature Algorithm: SHA256WITHRSA
            Signature: 03c9f5f112bfe42b1906a2fff182149fe915be66
                       95bc962641855f12d4f947cbc8ded8c3a95e8cfb
                       e6a9d49dfdfb287ba98c267731a3ec88a8670560
                       0bd59df333e987ef42233071cc5493183fb892a4
                       fde3f79413d1e16b3904952bf8a2635fcff54fc6
                       35a6b8211bef4ef0f534073d7d34cb2c55342c35
                       b18623db241aef982c191c912f7e142c5bd27641
                       5f0d2bf66f0b730d65b6f005e57f73bef65243c5
                       c4d0383035ba78c28d3bb97c05995dc2475a24a3
                       f8bd1d62536c038b1759fa423b41c5d1a89ef230
                       acbf22a30f3622d7434029add6fa186f0a0779d1
                       9449b188b7421a02430db7fd2414149c92d7e349
                       bc588c7af996d3ba79e54a7b7a479a9a
       Extensions: 
                       critical(false) 2.5.29.17 value = Sequence
    Tagged [7] IMPLICIT 
        DER Octet String[4] 
    Tagged [2] IMPLICIT 
        DER Octet String[63] 

                       critical(true) BasicConstraints: isCa(true)
                       critical(true) KeyUsage: 0xbe
 from file: /home/runner/work/ozone/ozone/hadoop-ozone/integration-test/target/test-dir/MiniOzoneClusterImpl-a3d962f4-5b41-4a19-a1e3-7934b631c69d/ozone-meta/om/certs/CA-1853911944075.crt.
2023-06-17 00:47:23,775 [main] INFO  security.OMCertificateClient (DefaultCertificateClient.java:startCertificateMonitor(1260)) - CertificateLifetimeMonitor for om is started with first delay 29116799226 ms and interval 86400000 ms.
2023-06-17 00:47:23,775 [main] INFO  om.OzoneManager (OzoneManager.java:initializeSecurity(1380)) - Successfully stored SCM signed certificate.
2023-06-17 00:47:23,781 [main] INFO  ha.OMHANodeDetails (OMHANodeDetails.java:loadOMHAConfig(115)) - ozone.om.internal.service.id is not defined, falling back to ozone.om.service.ids to find serviceID for OzoneManager if it is HA enabled cluster
2023-06-17 00:47:23,781 [main] INFO  ha.OMHANodeDetails (OMHANodeDetails.java:loadOMHAConfig(226)) - Configuration does not have ozone.om.address set. Falling back to the default OM address /127.0.0.1:15036
2023-06-17 00:47:23,781 [main] INFO  ha.OMHANodeDetails (OMHANodeDetails.java:getOMNodeDetailsForNonHA(254)) - OM Service ID is not set. Setting it to the default ID: omServiceIdDefault
2023-06-17 00:47:23,782 [main] INFO  ha.OMHANodeDetails (OMHANodeDetails.java:getOMNodeDetailsForNonHA(261)) - OM Node ID is not set. Setting it to the default ID: om1
2023-06-17 00:47:23,782 [main] WARN  server.ServerUtils (ServerUtils.java:getDBPath(311)) - ozone.om.db.dirs is not configured. We recommend adding this setting. Falling back to ozone.metadata.dirs instead.
2023-06-17 00:47:23,787 [main] INFO  upgrade.AbstractLayoutVersionManager (AbstractLayoutVersionManager.java:init(83)) - Initializing Layout version manager with metadata layout = FILESYSTEM_SNAPSHOT (version = 5), software layout = FILESYSTEM_SNAPSHOT (version = 5)
2023-06-17 00:47:23,985 [main] INFO  reflections.Reflections (Reflections.java:scan(232)) - Reflections took 189 ms to scan 2 urls, producing 181 keys and 499 values [using 2 cores]
2023-06-17 00:47:23,994 [main] INFO  upgrade.OMLayoutVersionManager (OMLayoutVersionManager.java:lambda$0(115)) - Skipping Upgrade Action MockOmUpgradeAction since it has been finalized.
2023-06-17 00:47:24,000 [pool-2-thread-1] INFO  request.KdcRequest (KdcRequest.java:preauth(651)) - The preauth data is empty.
2023-06-17 00:47:24,001 [pool-2-thread-1] INFO  server.KdcHandler (KdcHandler.java:handleRecoverableException(177)) - KRB error occurred while processing request:Additional pre-authentication required
2023-06-17 00:47:24,022 [pool-2-thread-2] INFO  request.AsRequest (AsRequest.java:issueTicket(112)) - AS_REQ ISSUE: authtime 1686962844020,scm/fv-az275-58.go2hi5et44qedpdz5zrtt3gknc.xx.internal.cloudapp.net@EXAMPLE.COM for krbtgt/EXAMPLE.COM@EXAMPLE.COM
2023-06-17 00:47:24,024 [main] INFO  security.UserGroupInformation (UserGroupInformation.java:loginUserFromKeytab(1132)) - Login successful for user scm/fv-az275-58.go2hi5et44qedpdz5zrtt3gknc.xx.internal.cloudapp.net@EXAMPLE.COM using keytab file scm.keytab. Keytab auto renewal enabled : false
2023-06-17 00:47:24,025 [main] INFO  om.OzoneManager (OzoneManager.java:loginOMUser(1134)) - Ozone Manager login successful.
2023-06-17 00:47:24,025 [main] WARN  server.ServerUtils (ServerUtils.java:getDBPath(311)) - ozone.om.db.dirs is not configured. We recommend adding this setting. Falling back to ozone.metadata.dirs instead.
2023-06-17 00:47:24,040 [main] INFO  ha.SCMNodeInfo (SCMNodeInfo.java:getPort(197)) - ConfigKey ozone.scm.client.address is deprecated, For configuring different ports for each SCM use PortConfigKey ozone.scm.client.port appended with serviceId and nodeId
2023-06-17 00:47:24,040 [main] INFO  ha.SCMNodeInfo (SCMNodeInfo.java:getPort(197)) - ConfigKey ozone.scm.block.client.address is deprecated, For configuring different ports for each SCM use PortConfigKey ozone.scm.block.client.port appended with serviceId and nodeId
2023-06-17 00:47:24,040 [main] INFO  ha.SCMNodeInfo (SCMNodeInfo.java:getPort(197)) - ConfigKey ozone.scm.security.service.address is deprecated, For configuring different ports for each SCM use PortConfigKey ozone.scm.security.service.port appended with serviceId and nodeId
2023-06-17 00:47:24,040 [main] INFO  ha.SCMNodeInfo (SCMNodeInfo.java:getPort(197)) - ConfigKey ozone.scm.datanode.address is deprecated, For configuring different ports for each SCM use PortConfigKey ozone.scm.datanode.port appended with serviceId and nodeId
2023-06-17 00:47:24,040 [main] INFO  ha.SCMNodeInfo (SCMNodeInfo.java:getPort(197)) - ConfigKey ozone.scm.client.address is deprecated, For configuring different ports for each SCM use PortConfigKey ozone.scm.client.port appended with serviceId and nodeId
2023-06-17 00:47:24,040 [main] INFO  ha.SCMNodeInfo (SCMNodeInfo.java:getPort(197)) - ConfigKey ozone.scm.block.client.address is deprecated, For configuring different ports for each SCM use PortConfigKey ozone.scm.block.client.port appended with serviceId and nodeId
2023-06-17 00:47:24,041 [main] INFO  ha.SCMNodeInfo (SCMNodeInfo.java:getPort(197)) - ConfigKey ozone.scm.security.service.address is deprecated, For configuring different ports for each SCM use PortConfigKey ozone.scm.security.service.port appended with serviceId and nodeId
2023-06-17 00:47:24,041 [main] INFO  ha.SCMNodeInfo (SCMNodeInfo.java:getPort(197)) - ConfigKey ozone.scm.datanode.address is deprecated, For configuring different ports for each SCM use PortConfigKey ozone.scm.datanode.port appended with serviceId and nodeId
2023-06-17 00:47:24,042 [main] INFO  ha.SCMNodeInfo (SCMNodeInfo.java:getPort(197)) - ConfigKey ozone.scm.client.address is deprecated, For configuring different ports for each SCM use PortConfigKey ozone.scm.client.port appended with serviceId and nodeId
2023-06-17 00:47:24,042 [main] INFO  ha.SCMNodeInfo (SCMNodeInfo.java:getPort(197)) - ConfigKey ozone.scm.block.client.address is deprecated, For configuring different ports for each SCM use PortConfigKey ozone.scm.block.client.port appended with serviceId and nodeId
2023-06-17 00:47:24,043 [main] INFO  ha.SCMNodeInfo (SCMNodeInfo.java:getPort(197)) - ConfigKey ozone.scm.security.service.address is deprecated, For configuring different ports for each SCM use PortConfigKey ozone.scm.security.service.port appended with serviceId and nodeId
2023-06-17 00:47:24,043 [main] INFO  ha.SCMNodeInfo (SCMNodeInfo.java:getPort(197)) - ConfigKey ozone.scm.datanode.address is deprecated, For configuring different ports for each SCM use PortConfigKey ozone.scm.datanode.port appended with serviceId and nodeId
2023-06-17 00:47:24,215 [main] INFO  ha.SCMNodeInfo (SCMNodeInfo.java:getPort(197)) - ConfigKey ozone.scm.client.address is deprecated, For configuring different ports for each SCM use PortConfigKey ozone.scm.client.port appended with serviceId and nodeId
2023-06-17 00:47:24,216 [main] INFO  ha.SCMNodeInfo (SCMNodeInfo.java:getPort(197)) - ConfigKey ozone.scm.block.client.address is deprecated, For configuring different ports for each SCM use PortConfigKey ozone.scm.block.client.port appended with serviceId and nodeId
2023-06-17 00:47:24,216 [main] INFO  ha.SCMNodeInfo (SCMNodeInfo.java:getPort(197)) - ConfigKey ozone.scm.security.service.address is deprecated, For configuring different ports for each SCM use PortConfigKey ozone.scm.security.service.port appended with serviceId and nodeId
2023-06-17 00:47:24,216 [main] INFO  ha.SCMNodeInfo (SCMNodeInfo.java:getPort(197)) - ConfigKey ozone.scm.datanode.address is deprecated, For configuring different ports for each SCM use PortConfigKey ozone.scm.datanode.port appended with serviceId and nodeId
2023-06-17 00:47:24,217 [main] INFO  ha.SCMNodeInfo (SCMNodeInfo.java:getPort(197)) - ConfigKey ozone.scm.client.address is deprecated, For configuring different ports for each SCM use PortConfigKey ozone.scm.client.port appended with serviceId and nodeId
2023-06-17 00:47:24,217 [main] INFO  ha.SCMNodeInfo (SCMNodeInfo.java:getPort(197)) - ConfigKey ozone.scm.block.client.address is deprecated, For configuring different ports for each SCM use PortConfigKey ozone.scm.block.client.port appended with serviceId and nodeId
2023-06-17 00:47:24,217 [main] INFO  ha.SCMNodeInfo (SCMNodeInfo.java:getPort(197)) - ConfigKey ozone.scm.security.service.address is deprecated, For configuring different ports for each SCM use PortConfigKey ozone.scm.security.service.port appended with serviceId and nodeId
2023-06-17 00:47:24,217 [main] INFO  ha.SCMNodeInfo (SCMNodeInfo.java:getPort(197)) - ConfigKey ozone.scm.datanode.address is deprecated, For configuring different ports for each SCM use PortConfigKey ozone.scm.datanode.port appended with serviceId and nodeId
2023-06-17 00:47:24,217 [main] INFO  ha.SCMNodeInfo (SCMNodeInfo.java:getPort(197)) - ConfigKey ozone.scm.client.address is deprecated, For configuring different ports for each SCM use PortConfigKey ozone.scm.client.port appended with serviceId and nodeId
2023-06-17 00:47:24,218 [main] INFO  ha.SCMNodeInfo (SCMNodeInfo.java:getPort(197)) - ConfigKey ozone.scm.block.client.address is deprecated, For configuring different ports for each SCM use PortConfigKey ozone.scm.block.client.port appended with serviceId and nodeId
2023-06-17 00:47:24,218 [main] INFO  ha.SCMNodeInfo (SCMNodeInfo.java:getPort(197)) - ConfigKey ozone.scm.security.service.address is deprecated, For configuring different ports for each SCM use PortConfigKey ozone.scm.security.service.port appended with serviceId and nodeId
2023-06-17 00:47:24,218 [main] INFO  ha.SCMNodeInfo (SCMNodeInfo.java:getPort(197)) - ConfigKey ozone.scm.datanode.address is deprecated, For configuring different ports for each SCM use PortConfigKey ozone.scm.datanode.port appended with serviceId and nodeId
2023-06-17 00:47:24,218 [main] INFO  proxy.SCMBlockLocationFailoverProxyProvider (SCMBlockLocationFailoverProxyProvider.java:<init>(114)) - Created block location fail-over proxy with 3 nodes: [nodeId=scmNode-2,nodeAddress=/127.0.0.1:15015, nodeId=scmNode-3,nodeAddress=/127.0.0.1:15023, nodeId=scmNode-1,nodeAddress=/127.0.0.1:15007]
2023-06-17 00:47:24,231 [main] INFO  ha.SCMNodeInfo (SCMNodeInfo.java:getPort(197)) - ConfigKey ozone.scm.client.address is deprecated, For configuring different ports for each SCM use PortConfigKey ozone.scm.client.port appended with serviceId and nodeId
2023-06-17 00:47:24,232 [main] INFO  ha.SCMNodeInfo (SCMNodeInfo.java:getPort(197)) - ConfigKey ozone.scm.block.client.address is deprecated, For configuring different ports for each SCM use PortConfigKey ozone.scm.block.client.port appended with serviceId and nodeId
2023-06-17 00:47:24,236 [main] INFO  ha.SCMNodeInfo (SCMNodeInfo.java:getPort(197)) - ConfigKey ozone.scm.security.service.address is deprecated, For configuring different ports for each SCM use PortConfigKey ozone.scm.security.service.port appended with serviceId and nodeId
2023-06-17 00:47:24,236 [main] INFO  ha.SCMNodeInfo (SCMNodeInfo.java:getPort(197)) - ConfigKey ozone.scm.datanode.address is deprecated, For configuring different ports for each SCM use PortConfigKey ozone.scm.datanode.port appended with serviceId and nodeId
2023-06-17 00:47:24,236 [main] INFO  ha.SCMNodeInfo (SCMNodeInfo.java:getPort(197)) - ConfigKey ozone.scm.client.address is deprecated, For configuring different ports for each SCM use PortConfigKey ozone.scm.client.port appended with serviceId and nodeId
2023-06-17 00:47:24,236 [main] INFO  ha.SCMNodeInfo (SCMNodeInfo.java:getPort(197)) - ConfigKey ozone.scm.block.client.address is deprecated, For configuring different ports for each SCM use PortConfigKey ozone.scm.block.client.port appended with serviceId and nodeId
2023-06-17 00:47:24,236 [main] INFO  ha.SCMNodeInfo (SCMNodeInfo.java:getPort(197)) - ConfigKey ozone.scm.security.service.address is deprecated, For configuring different ports for each SCM use PortConfigKey ozone.scm.security.service.port appended with serviceId and nodeId
2023-06-17 00:47:24,237 [main] INFO  ha.SCMNodeInfo (SCMNodeInfo.java:getPort(197)) - ConfigKey ozone.scm.datanode.address is deprecated, For configuring different ports for each SCM use PortConfigKey ozone.scm.datanode.port appended with serviceId and nodeId
2023-06-17 00:47:24,237 [main] INFO  ha.SCMNodeInfo (SCMNodeInfo.java:getPort(197)) - ConfigKey ozone.scm.client.address is deprecated, For configuring different ports for each SCM use PortConfigKey ozone.scm.client.port appended with serviceId and nodeId
2023-06-17 00:47:24,237 [main] INFO  ha.SCMNodeInfo (SCMNodeInfo.java:getPort(197)) - ConfigKey ozone.scm.block.client.address is deprecated, For configuring different ports for each SCM use PortConfigKey ozone.scm.block.client.port appended with serviceId and nodeId
2023-06-17 00:47:24,237 [main] INFO  ha.SCMNodeInfo (SCMNodeInfo.java:getPort(197)) - ConfigKey ozone.scm.security.service.address is deprecated, For configuring different ports for each SCM use PortConfigKey ozone.scm.security.service.port appended with serviceId and nodeId
2023-06-17 00:47:24,237 [main] INFO  ha.SCMNodeInfo (SCMNodeInfo.java:getPort(197)) - ConfigKey ozone.scm.datanode.address is deprecated, For configuring different ports for each SCM use PortConfigKey ozone.scm.datanode.port appended with serviceId and nodeId
2023-06-17 00:47:24,239 [main] INFO  proxy.SCMBlockLocationFailoverProxyProvider (SCMBlockLocationFailoverProxyProvider.java:<init>(114)) - Created block location fail-over proxy with 3 nodes: [nodeId=scmNode-2,nodeAddress=/127.0.0.1:15015, nodeId=scmNode-3,nodeAddress=/127.0.0.1:15023, nodeId=scmNode-1,nodeAddress=/127.0.0.1:15007]
2023-06-17 00:47:24,254 [pool-2-thread-2] INFO  request.TgsRequest (TgsRequest.java:issueTicket(115)) - TGS_REQ ISSUE: authtime 1686962844253,scm/fv-az275-58.go2hi5et44qedpdz5zrtt3gknc.xx.internal.cloudapp.net for scm/fv-az275-58.go2hi5et44qedpdz5zrtt3gknc.xx.internal.cloudapp.net@EXAMPLE.COM
2023-06-17 00:47:24,273 [Socket Reader #1 for port 15007] INFO  ipc.Server (Server.java:saslProcess(2116)) - Auth successful for scm/fv-az275-58.go2hi5et44qedpdz5zrtt3gknc.xx.internal.cloudapp.net@EXAMPLE.COM (auth:KERBEROS) from 10.1.0.235:42547
2023-06-17 00:47:24,297 [main] INFO  security.OMCertificateClient (DefaultCertificateClient.java:readCertificateFile(196)) - Added certificate   [0]         Version: 3
         SerialNumber: 1872828891272
             IssuerDN: CN=scm-sub@localhost,OU=746ad1cd-7733-4d67-8369-e04f45d32291,O=a3d962f4-5b41-4a19-a1e3-7934b631c69d
           Start Date: Sat Jun 17 00:47:23 UTC 2023
           Final Date: Sun Jun 16 00:47:23 UTC 2024
            SubjectDN: CN=scm@localhost,OU=d4a9ccd9-e82e-4e90-acff-d86498b759a4,O=a3d962f4-5b41-4a19-a1e3-7934b631c69d
           Public Key: RSA Public Key [41:ce:b2:82:88:ce:cf:09:c7:2e:54:05:f6:76:5a:3b:21:70:a8:a9],[56:66:d1:a4]
        modulus: 95b225de96a9f3438042191657ce6d8135e7c767ea2a3b0d61422891f0356561798fa00b7c0104b14a53daa5126799ef214287dce1618f77b471d90baf4bb492454f43e5b10c6d9b9fe310a1889f8b5b84d4586ed2ae8c7d83aefb6afd7dd2b73071e94ee16cb5c4704d8fb481b6e4cdd1b0abc96d79ad05baa447319a2eca448f7ae1d3b473a6ed83de5f6092b47b58a1d8c2ad77da1227c6b333a951768e5e22dfcee755a3b823e3bd1df804a40cbdd34c264658f19745c6c2d857a35a8a391d11bf1212afb982d779d16c0993d1afcff23ae7f1617f49fe6bcfda5d3603673d9fdd779b0916a77c75d767a82903e0853c6cf9666e75a36b74127804aed283
public exponent: 10001

  Signature Algorithm: SHA256WITHRSA
            Signature: b50c35d9710f138069a4e6e1687f83fa98a4a3b5
                       020ecdf7d3b156ab955458685fd4e6b0171b240a
                       b45cf4655b8bb081c15c812f8f7a4bebb6f44d9d
                       872668fbc2e6cdb56c6207a7ab511d0cba0c1f5d
                       ec6e138ec31e465cf8c9ff215d84f68232f0e819
                       1dea3910da95f97986e1306dcd439102d62c7605
                       2438f4f923a315cc7fce2a7cd82da8babc2ced5a
                       4d11e61ff41589b61c8b70b2e180fc67a07da05d
                       1b23a5f3505c596d796cdc57688700114243bd63
                       6b20d10b1470a3df6c159abc3984099bd147a91c
                       b47b721376ce8c5ac6c654a8ebabe7882a810dce
                       19814d3620d966479e2face0776d4d82c7e4854e
                       5c2ffc5a1d397b2cfd226457ea84d0b4
       Extensions: 
                       critical(false) 2.5.29.17 value = Sequence
    Tagged [7] IMPLICIT 
        DER Octet String[4] 
    Tagged [2] IMPLICIT 
        DER Octet String[63] 
    Tagged [0] IMPLICIT 
        Sequence
            ObjectIdentifier(2.16.840.1.113730.3.1.34)
            Tagged [0]
                UTF8String(omServiceIdDefault) 

                       critical(true) KeyUsage: 0xb8
 from file: /home/runner/work/ozone/ozone/hadoop-ozone/integration-test/target/test-dir/MiniOzoneClusterImpl-a3d962f4-5b41-4a19-a1e3-7934b631c69d/ozone-meta/om/certs/1872828891272.crt.
2023-06-17 00:47:24,300 [main] INFO  security.OMCertificateClient (DefaultCertificateClient.java:readCertificateFile(196)) - Added certificate   [0]         Version: 3
         SerialNumber: 1
             IssuerDN: CN=scm@fv-az275-58,OU=746ad1cd-7733-4d67-8369-e04f45d32291,O=a3d962f4-5b41-4a19-a1e3-7934b631c69d
           Start Date: Sat Jun 17 00:47:04 UTC 2023
           Final Date: Tue Jul 25 00:47:04 UTC 2028
            SubjectDN: CN=scm@fv-az275-58,OU=746ad1cd-7733-4d67-8369-e04f45d32291,O=a3d962f4-5b41-4a19-a1e3-7934b631c69d
           Public Key: RSA Public Key [7b:cf:70:d0:93:42:f4:01:f0:1e:ea:34:a2:6b:b9:62:05:69:f3:f2],[56:66:d1:a4]
        modulus: 88c84ab6323162062ea29aff9950a3eb1747e40235d1b92004a1d388be2e74237d7c413db826096b95327af74a77ed9e9fa8d319bed40f7071beadd0ec24ba64a931246b05b5adfefff07372da2faf5d158f837ffe8fd7e1bbb603a9241df8bb1db7a8a959e73331d3e78dccd286663fcbf06fce6c34d3884f1215801d54ede04d580a20a5c4d962ebef7ea23b83166539ac7a48ad5213cfcddaff22fbada65600293cc34bac796dadc8ec395ecc1d7a821477be0b8d54e9c7ecfa66c40e75de5357141d1b9fa3c92f4bb8a17059e0c408df292b59942fd36ca83c9cfd3455b9b77e61674099be87bf9d89089d4e7c0265834505605b858f3d18dac3135da177
public exponent: 10001

  Signature Algorithm: SHA256WITHRSA
            Signature: 01eab1b276f40e81071c2de0e5d4c6dcd3753d8c
                       4f2b12dd12917d79558fa1c3f55e4d9dde3e89e7
                       72c5d767f0b5da8574e06e7e6c5d56e1bc30501b
                       1b65d29db17cb08368cec918d6c5a100481705f8
                       875403be83d4e3223f9f2547b27fca066b199c40
                       f7bf16bc8acc72de9b069d65bc172814124c6de2
                       c6a337be5fbc3f6b9d2ef4b2b5a63e6ff409936d
                       65c750fdbe96aad1b5e4b4117ca703b126239794
                       df57f070c10551f45cb5b45cb1225fcd469e576d
                       440c138ed74c9b6b5996d85a512763472c743115
                       538c14bc0b074563187c8d5ee3ded7e66f166501
                       e97b67bdb1aa8e94aaafec24ba5c87234f1f24ab
                       acbd58bc49435754d552c14bc7d73da0
       Extensions: 
                       critical(true) BasicConstraints: isCa(true)
                       critical(true) KeyUsage: 0x6
                       critical(false) 2.5.29.17 value = Sequence
    Tagged [7] IMPLICIT 
        DER Octet String[4] 
    Tagged [2] IMPLICIT 
        DER Octet String[63] 

 from file: /home/runner/work/ozone/ozone/hadoop-ozone/integration-test/target/test-dir/MiniOzoneClusterImpl-a3d962f4-5b41-4a19-a1e3-7934b631c69d/ozone-meta/om/certs/ROOTCA-1.crt.
2023-06-17 00:47:24,302 [main] INFO  security.OMCertificateClient (DefaultCertificateClient.java:readCertificateFile(196)) - Added certificate   [0]         Version: 3
         SerialNumber: 1853911944075
             IssuerDN: CN=scm@fv-az275-58,OU=746ad1cd-7733-4d67-8369-e04f45d32291,O=a3d962f4-5b41-4a19-a1e3-7934b631c69d
           Start Date: Sat Jun 17 00:47:04 UTC 2023
           Final Date: Tue Jul 25 00:47:04 UTC 2028
            SubjectDN: CN=scm-sub@localhost,OU=746ad1cd-7733-4d67-8369-e04f45d32291,O=a3d962f4-5b41-4a19-a1e3-7934b631c69d
           Public Key: RSA Public Key [c5:15:4b:98:cb:52:07:a9:6b:f5:b9:6e:60:4f:b7:1f:01:45:44:04],[56:66:d1:a4]
        modulus: c758ee6590ac2b2fe29d68c370167153b5d184ecbbbe240f342cc21060f23519472fdcf7a43d1ed286b4e31a7dddaeb140085301dcd321bbec62d054c33c472121292bb59dcdb416d26a6063d92efa0f3fb937523c09139c147d4e54fcdf5163c59a0fdd861755de69078874ded643ed83c8459471e35f1521be4e6e6fb6bfdfb6925def931f77fef59cdd0f28cea161d41e35edf67148bdcb60f6ad04ea8c0a1cd5ed3cfad2399a1a471965d2006b2b9d1552157e29da3af247b0a36b1a453ac312da1254489042718892e9af15497c269accd50f429999f6cabf4190df2b8a2af8e3515be102662504dcdaa7dfd5e6455b94cb16fa534b59aea08e9840062f
public exponent: 10001

  Signature Algorithm: SHA256WITHRSA
            Signature: 03c9f5f112bfe42b1906a2fff182149fe915be66
                       95bc962641855f12d4f947cbc8ded8c3a95e8cfb
                       e6a9d49dfdfb287ba98c267731a3ec88a8670560
                       0bd59df333e987ef42233071cc5493183fb892a4
                       fde3f79413d1e16b3904952bf8a2635fcff54fc6
                       35a6b8211bef4ef0f534073d7d34cb2c55342c35
                       b18623db241aef982c191c912f7e142c5bd27641
                       5f0d2bf66f0b730d65b6f005e57f73bef65243c5
                       c4d0383035ba78c28d3bb97c05995dc2475a24a3
                       f8bd1d62536c038b1759fa423b41c5d1a89ef230
                       acbf22a30f3622d7434029add6fa186f0a0779d1
                       9449b188b7421a02430db7fd2414149c92d7e349
                       bc588c7af996d3ba79e54a7b7a479a9a
       Extensions: 
                       critical(false) 2.5.29.17 value = Sequence
    Tagged [7] IMPLICIT 
        DER Octet String[4] 
    Tagged [2] IMPLICIT 
        DER Octet String[63] 

                       critical(true) BasicConstraints: isCa(true)
                       critical(true) KeyUsage: 0xbe
 from file: /home/runner/work/ozone/ozone/hadoop-ozone/integration-test/target/test-dir/MiniOzoneClusterImpl-a3d962f4-5b41-4a19-a1e3-7934b631c69d/ozone-meta/om/certs/CA-1853911944075.crt.
2023-06-17 00:47:24,303 [main] INFO  security.OMCertificateClient (DefaultCertificateClient.java:startCertificateMonitor(1260)) - CertificateLifetimeMonitor for om is started with first delay 29116798698 ms and interval 86400000 ms.
2023-06-17 00:47:24,303 [main] INFO  om.OzoneManager (OzoneManager.java:getOmDetailsProto(4486)) - OzoneManager ports added:[name: "RPC"
value: 15036
]
2023-06-17 00:47:24,306 [main] INFO  ha.SCMNodeInfo (SCMNodeInfo.java:getPort(197)) - ConfigKey ozone.scm.client.address is deprecated, For configuring different ports for each SCM use PortConfigKey ozone.scm.client.port appended with serviceId and nodeId
2023-06-17 00:47:24,306 [main] INFO  ha.SCMNodeInfo (SCMNodeInfo.java:getPort(197)) - ConfigKey ozone.scm.block.client.address is deprecated, For configuring different ports for each SCM use PortConfigKey ozone.scm.block.client.port appended with serviceId and nodeId
2023-06-17 00:47:24,306 [main] INFO  ha.SCMNodeInfo (SCMNodeInfo.java:getPort(197)) - ConfigKey ozone.scm.security.service.address is deprecated, For configuring different ports for each SCM use PortConfigKey ozone.scm.security.service.port appended with serviceId and nodeId
2023-06-17 00:47:24,307 [main] INFO  ha.SCMNodeInfo (SCMNodeInfo.java:getPort(197)) - ConfigKey ozone.scm.datanode.address is deprecated, For configuring different ports for each SCM use PortConfigKey ozone.scm.datanode.port appended with serviceId and nodeId
2023-06-17 00:47:24,307 [main] INFO  ha.SCMNodeInfo (SCMNodeInfo.java:getPort(197)) - ConfigKey ozone.scm.client.address is deprecated, For configuring different ports for each SCM use PortConfigKey ozone.scm.client.port appended with serviceId and nodeId
2023-06-17 00:47:24,307 [main] INFO  ha.SCMNodeInfo (SCMNodeInfo.java:getPort(197)) - ConfigKey ozone.scm.block.client.address is deprecated, For configuring different ports for each SCM use PortConfigKey ozone.scm.block.client.port appended with serviceId and nodeId
2023-06-17 00:47:24,307 [main] INFO  ha.SCMNodeInfo (SCMNodeInfo.java:getPort(197)) - ConfigKey ozone.scm.security.service.address is deprecated, For configuring different ports for each SCM use PortConfigKey ozone.scm.security.service.port appended with serviceId and nodeId
2023-06-17 00:47:24,307 [main] INFO  ha.SCMNodeInfo (SCMNodeInfo.java:getPort(197)) - ConfigKey ozone.scm.datanode.address is deprecated, For configuring different ports for each SCM use PortConfigKey ozone.scm.datanode.port appended with serviceId and nodeId
2023-06-17 00:47:24,307 [main] INFO  ha.SCMNodeInfo (SCMNodeInfo.java:getPort(197)) - ConfigKey ozone.scm.client.address is deprecated, For configuring different ports for each SCM use PortConfigKey ozone.scm.client.port appended with serviceId and nodeId
2023-06-17 00:47:24,308 [main] INFO  ha.SCMNodeInfo (SCMNodeInfo.java:getPort(197)) - ConfigKey ozone.scm.block.client.address is deprecated, For configuring different ports for each SCM use PortConfigKey ozone.scm.block.client.port appended with serviceId and nodeId
2023-06-17 00:47:24,308 [main] INFO  ha.SCMNodeInfo (SCMNodeInfo.java:getPort(197)) - ConfigKey ozone.scm.security.service.address is deprecated, For configuring different ports for each SCM use PortConfigKey ozone.scm.security.service.port appended with serviceId and nodeId
2023-06-17 00:47:24,308 [main] INFO  ha.SCMNodeInfo (SCMNodeInfo.java:getPort(197)) - ConfigKey ozone.scm.datanode.address is deprecated, For configuring different ports for each SCM use PortConfigKey ozone.scm.datanode.port appended with serviceId and nodeId
2023-06-17 00:47:24,355 [main] INFO  om.OzoneManager (OzoneManager.java:<init>(644)) - OM start with adminUsers: [runner, scm]
2023-06-17 00:47:24,377 [main] WARN  server.ServerUtils (ServerUtils.java:getDBPath(311)) - ozone.om.db.dirs is not configured. We recommend adding this setting. Falling back to ozone.metadata.dirs instead.
2023-06-17 00:47:24,415 [main] INFO  helpers.OmKeyInfo (OmKeyInfo.java:getCodec(71)) - OmKeyInfo.getCodec ignorePipeline = true
2023-06-17 00:47:24,903 [main] INFO  om.OzoneManager (OzoneManager.java:instantiateServices(773)) - S3 Multi-Tenancy is disabled
2023-06-17 00:47:24,931 [main] INFO  security.OzoneSecretStore (OzoneSecretStore.java:loadState(69)) - Loaded 0 tokens
2023-06-17 00:47:24,932 [main] INFO  security.OzoneDelegationTokenSecretManager (OzoneDelegationTokenSecretManager.java:loadTokenSecretState(530)) - Loading token state into token manager.
2023-06-17 00:47:24,965 [main] INFO  om.OmSnapshotManager (OmSnapshotManager.java:<init>(170)) - Ozone filesystem snapshot feature is enabled.
2023-06-17 00:47:24,986 [main] WARN  server.ServerUtils (ServerUtils.java:getDBPath(311)) - ozone.om.snapshot.diff.db.dir is not configured. We recommend adding this setting. Falling back to ozone.metadata.dirs instead.
2023-06-17 00:47:25,041 [main] INFO  utils.NativeLibraryLoader (NativeLibraryLoader.java:loadLibrary(105)) - Loading Library: ozone_rocksdb_tools
2023-06-17 00:47:25,043 [main] INFO  snapshot.SnapshotDiffManager (SnapshotDiffManager.java:closeExecutorService(1267)) - Shutting down executorService: 'SstDumpToolExecutor'
2023-06-17 00:47:25,120 [main] INFO  om.OzoneManager (OzoneManager.java:addS3GVolumeToDB(4237)) - Created Volume s3v With Owner scm required for S3Gateway operations.
2023-06-17 00:47:25,200 [main] WARN  server.ServerUtils (ServerUtils.java:getDefaultRatisDirectory(323)) - Storage directory for Ratis is not configured. It is a good idea to map this to an SSD disk. Falling back to ozone.metadata.dirs
2023-06-17 00:47:25,202 [main] WARN  utils.OzoneManagerRatisUtils (OzoneManagerRatisUtils.java:getOMRatisSnapshotDirectory(461)) - ozone.om.ratis.snapshot.dir is not configured. Falling back to ozone.metadata.dirs config
2023-06-17 00:47:25,209 [main] WARN  impl.MetricRegistriesImpl (MetricRegistriesImpl.java:addReporterRegistration(111)) - New reporters are added after registries were created. Some metrics will be missing from the reporter. Please add reporter before adding any new registry.
2023-06-17 00:47:25,209 [main] WARN  impl.MetricRegistriesImpl (MetricRegistriesImpl.java:addReporterRegistration(111)) - New reporters are added after registries were created. Some metrics will be missing from the reporter. Please add reporter before adding any new registry.
2023-06-17 00:47:25,209 [main] WARN  server.ServerUtils (ServerUtils.java:getDefaultRatisDirectory(323)) - Storage directory for Ratis is not configured. It is a good idea to map this to an SSD disk. Falling back to ozone.metadata.dirs
2023-06-17 00:47:25,213 [main] INFO  ratis.OzoneManagerRatisServer (OzoneManagerRatisServer.java:<init>(163)) - Instantiating OM Ratis server with groupID: omServiceIdDefault and peers: localhost:15039
2023-06-17 00:47:25,220 [main] INFO  ratis.OzoneManagerStateMachine (OzoneManagerStateMachine.java:loadSnapshotInfoFromDB(670)) - LastAppliedIndex is set from TransactionInfo from OM DB as (t:0, i:~)
2023-06-17 00:47:25,266 [main] INFO  server.RaftServer (ConfUtils.java:logGet(46)) - raft.rpc.type = GRPC (default)
2023-06-17 00:47:25,267 [main] INFO  grpc.GrpcConfigKeys (ConfUtils.java:logFallback(53)) - raft.grpc.admin.host = null (fallback to raft.grpc.server.host)
2023-06-17 00:47:25,267 [main] INFO  grpc.GrpcConfigKeys (ConfUtils.java:logFallback(53)) - raft.grpc.admin.port = 15039 (fallback to raft.grpc.server.port)
2023-06-17 00:47:25,267 [main] INFO  grpc.GrpcConfigKeys (ConfUtils.java:logFallback(53)) - raft.grpc.client.host = null (fallback to raft.grpc.server.host)
2023-06-17 00:47:25,267 [main] INFO  grpc.GrpcConfigKeys (ConfUtils.java:logFallback(53)) - raft.grpc.client.port = 15039 (fallback to raft.grpc.server.port)
2023-06-17 00:47:25,268 [main] INFO  grpc.GrpcConfigKeys (ConfUtils.java:logGet(46)) - raft.grpc.server.host = null (default)
2023-06-17 00:47:25,268 [main] INFO  grpc.GrpcConfigKeys (ConfUtils.java:logGet(46)) - raft.grpc.server.port = 15039 (custom)
2023-06-17 00:47:25,268 [main] INFO  server.GrpcService (ConfUtils.java:logGet(46)) - raft.grpc.message.size.max = 33554432 (custom)
2023-06-17 00:47:25,268 [main] INFO  server.RaftServerConfigKeys (ConfUtils.java:logGet(46)) - raft.server.log.appender.buffer.byte-limit = 33554432 (custom)
2023-06-17 00:47:25,268 [main] INFO  server.GrpcService (ConfUtils.java:logGet(46)) - raft.grpc.flow.control.window = 1MB (=1048576) (default)
2023-06-17 00:47:25,269 [main] INFO  server.RaftServerConfigKeys (ConfUtils.java:logGet(46)) - raft.server.rpc.request.timeout = 3000ms (default)
2023-06-17 00:47:25,269 [main] INFO  grpc.GrpcConfigKeys (ConfUtils.java:logGet(46)) - raft.grpc.server.heartbeat.channel = true (default)
2023-06-17 00:47:25,269 [main] INFO  grpc.GrpcConfigKeys (ConfUtils.java:logGet(46)) - raft.grpc.server.async.request.thread.pool.cached = true (default)
2023-06-17 00:47:25,269 [main] INFO  grpc.GrpcConfigKeys (ConfUtils.java:logGet(46)) - raft.grpc.server.async.request.thread.pool.size = 32 (default)
2023-06-17 00:47:25,271 [main] INFO  impl.DataStreamServerImpl (ConfUtils.java:logGet(46)) - raft.datastream.type = DISABLED (default)
2023-06-17 00:47:25,271 [main] INFO  server.RaftServerConfigKeys (ConfUtils.java:logGet(46)) - raft.server.threadpool.proxy.cached = true (default)
2023-06-17 00:47:25,271 [main] INFO  server.RaftServerConfigKeys (ConfUtils.java:logGet(46)) - raft.server.threadpool.proxy.size = 0 (default)
2023-06-17 00:47:25,271 [main] INFO  server.RaftServerConfigKeys (ConfUtils.java:logGet(46)) - raft.server.rpc.slowness.timeout = 2s (custom)
2023-06-17 00:47:25,272 [main] INFO  server.RaftServerConfigKeys (ConfUtils.java:logGet(46)) - raft.server.leaderelection.leader.step-down.wait-time = 10s (default)
2023-06-17 00:47:25,272 [main] INFO  server.RaftServerConfigKeys (ConfUtils.java:logGet(46)) - raft.server.storage.dir = [/home/runner/work/ozone/ozone/hadoop-ozone/integration-test/target/test-dir/MiniOzoneClusterImpl-a3d962f4-5b41-4a19-a1e3-7934b631c69d/ozone-meta/ratis] (custom)
2023-06-17 00:47:25,275 [main] INFO  server.RaftServer (RaftServerProxy.java:addNew(98)) - om1: addNew group-C5BA1605619E:[om1|rpc:localhost:15039|priority:0|startupRole:FOLLOWER] returns group-C5BA1605619E:java.util.concurrent.CompletableFuture@324c615d[Not completed]
2023-06-17 00:47:25,276 [main] INFO  om.OzoneManager (OzoneManager.java:initializeRatisServer(2106)) - OzoneManager Ratis server initialized at port 15039
2023-06-17 00:47:25,276 [om1-groupManagement] INFO  server.RaftServer$Division (RaftServerImpl.java:<init>(198)) - om1: new RaftServerImpl for group-C5BA1605619E:[om1|rpc:localhost:15039|priority:0|startupRole:FOLLOWER] with OzoneManagerStateMachine:uninitialized
2023-06-17 00:47:25,277 [om1-groupManagement] INFO  server.RaftServerConfigKeys (ConfUtils.java:logGet(46)) - raft.server.rpc.timeout.min = 1s (custom)
2023-06-17 00:47:25,278 [om1-groupManagement] INFO  server.RaftServerConfigKeys (ConfUtils.java:logGet(46)) - raft.server.rpc.timeout.max = 1200ms (custom)
2023-06-17 00:47:25,278 [om1-groupManagement] INFO  server.RaftServerConfigKeys (ConfUtils.java:logGet(46)) - raft.server.rpc.sleep.time = 25ms (default)
2023-06-17 00:47:25,278 [om1-groupManagement] INFO  server.RaftServerConfigKeys (ConfUtils.java:logGet(46)) - raft.server.rpc.slowness.timeout = 2s (custom)
2023-06-17 00:47:25,278 [om1-groupManagement] INFO  server.RaftServerConfigKeys (ConfUtils.java:logGet(46)) - raft.server.leaderelection.leader.step-down.wait-time = 10s (default)
2023-06-17 00:47:25,278 [om1-groupManagement] INFO  server.RaftServerConfigKeys (ConfUtils.java:logGet(46)) - raft.server.sleep.deviation.threshold = 300ms (default)
2023-06-17 00:47:25,281 [om1-groupManagement] INFO  server.RaftServer$Division (ServerState.java:<init>(120)) - om1@group-C5BA1605619E: ConfigurationManager, init=-1: peers:[om1|rpc:localhost:15039|priority:0|startupRole:FOLLOWER]|listeners:[], old=null, confs=<EMPTY_MAP>
2023-06-17 00:47:25,281 [om1-groupManagement] INFO  server.RaftServerConfigKeys (ConfUtils.java:logGet(46)) - raft.server.storage.dir = [/home/runner/work/ozone/ozone/hadoop-ozone/integration-test/target/test-dir/MiniOzoneClusterImpl-a3d962f4-5b41-4a19-a1e3-7934b631c69d/ozone-meta/ratis] (custom)
2023-06-17 00:47:25,281 [om1-groupManagement] INFO  server.RaftServerConfigKeys (ConfUtils.java:logGet(46)) - raft.server.log.corruption.policy = EXCEPTION (default)
2023-06-17 00:47:25,281 [om1-groupManagement] INFO  server.RaftServerConfigKeys (ConfUtils.java:logGet(46)) - raft.server.storage.free-space.min = 0MB (=0) (default)
2023-06-17 00:47:25,282 [om1-groupManagement] INFO  server.RaftServerConfigKeys (ConfUtils.java:logGet(46)) - raft.server.notification.no-leader.timeout = 2s (custom)
2023-06-17 00:47:25,283 [om1-groupManagement] INFO  server.RaftServerConfigKeys (ConfUtils.java:logGet(46)) - raft.server.read.timeout = 10s (default)
2023-06-17 00:47:25,283 [om1-groupManagement] INFO  server.RaftServerConfigKeys (ConfUtils.java:logGet(46)) - raft.server.retrycache.expirytime = 300s (custom)
2023-06-17 00:47:25,283 [om1-groupManagement] INFO  server.RaftServerConfigKeys (ConfUtils.java:logGet(46)) - raft.server.retrycache.statistics.expirytime = 100μs (default)
2023-06-17 00:47:25,283 [om1-groupManagement] INFO  server.RaftServerConfigKeys (ConfUtils.java:logGet(46)) - raft.server.read.option = DEFAULT (default)
2023-06-17 00:47:25,289 [main] INFO  om.OzoneManager (OzoneManager.java:getRpcServer(1166)) - Creating RPC Server
2023-06-17 00:47:25,290 [om1-groupManagement] INFO  server.RaftServerConfigKeys (ConfUtils.java:logGet(46)) - raft.server.rpc.request.timeout = 3000ms (default)
2023-06-17 00:47:25,290 [om1-groupManagement] INFO  server.RaftServerConfigKeys (ConfUtils.java:logGet(46)) - raft.server.log.appender.install.snapshot.enabled = false (custom)
2023-06-17 00:47:25,290 [om1-groupManagement] INFO  server.RaftServerConfigKeys (ConfUtils.java:logGet(46)) - raft.server.threadpool.server.cached = true (default)
2023-06-17 00:47:25,290 [om1-groupManagement] INFO  server.RaftServerConfigKeys (ConfUtils.java:logGet(46)) - raft.server.threadpool.server.size = 0 (default)
2023-06-17 00:47:25,290 [om1-groupManagement] INFO  server.RaftServerConfigKeys (ConfUtils.java:logGet(46)) - raft.server.threadpool.client.cached = true (default)
2023-06-17 00:47:25,290 [om1-groupManagement] INFO  server.RaftServerConfigKeys (ConfUtils.java:logGet(46)) - raft.server.threadpool.client.size = 0 (default)
2023-06-17 00:47:26,214 [main] INFO  reflections.Reflections (Reflections.java:scan(232)) - Reflections took 871 ms to scan 19 urls, producing 69 keys and 5366 values [using 2 cores]
2023-06-17 00:47:26,442 [main] INFO  ipc.CallQueueManager (CallQueueManager.java:<init>(90)) - Using callQueue: class java.util.concurrent.LinkedBlockingQueue, queueCapacity: 2000, scheduler: class org.apache.hadoop.ipc.DefaultRpcScheduler, ipcBackoff: false.
2023-06-17 00:47:26,444 [Socket Reader #1 for port 15036] INFO  ipc.Server (Server.java:run(1319)) - Starting Socket Reader #1 for port 15036
2023-06-17 00:47:26,451 [Listener at 127.0.0.1/15036] INFO  hdds.HddsUtils (HddsUtils.java:preserveThreadName(848)) - Restoring thread name: main
2023-06-17 00:47:26,490 [main] INFO  impl.MetricsSystemImpl (MetricsSystemImpl.java:init(158)) - OzoneManager metrics system started (again)
2023-06-17 00:47:26,509 [main] INFO  om.OzoneManager (OzoneManager.java:start(1588)) - OzoneManager RPC server is listening at localhost/127.0.0.1:15036
2023-06-17 00:47:26,510 [main] INFO  ratis.OzoneManagerRatisServer (OzoneManagerRatisServer.java:start(558)) - Starting OzoneManagerRatisServer om1 at port 15039
2023-06-17 00:47:26,510 [om1-impl-thread1] INFO  storage.RaftStorageDirectory (RaftStorageDirectoryImpl.java:analyzeStorage(137)) - The storage directory /home/runner/work/ozone/ozone/hadoop-ozone/integration-test/target/test-dir/MiniOzoneClusterImpl-a3d962f4-5b41-4a19-a1e3-7934b631c69d/ozone-meta/ratis/bf265839-605b-3f16-9796-c5ba1605619e does not exist. Creating ...
2023-06-17 00:47:26,512 [om1-impl-thread1] INFO  storage.RaftStorageDirectory (RaftStorageDirectoryImpl.java:tryLock(231)) - Lock on /home/runner/work/ozone/ozone/hadoop-ozone/integration-test/target/test-dir/MiniOzoneClusterImpl-a3d962f4-5b41-4a19-a1e3-7934b631c69d/ozone-meta/ratis/bf265839-605b-3f16-9796-c5ba1605619e/in_use.lock acquired by nodename 26315@fv-az275-58
2023-06-17 00:47:26,516 [om1-impl-thread1] INFO  storage.RaftStorage (RaftStorageImpl.java:format(96)) - Storage directory /home/runner/work/ozone/ozone/hadoop-ozone/integration-test/target/test-dir/MiniOzoneClusterImpl-a3d962f4-5b41-4a19-a1e3-7934b631c69d/ozone-meta/ratis/bf265839-605b-3f16-9796-c5ba1605619e has been successfully formatted.
2023-06-17 00:47:26,517 [om1-impl-thread1] INFO  server.RaftServerConfigKeys (ConfUtils.java:logGet(46)) - raft.server.log.use.memory = false (default)
2023-06-17 00:47:26,517 [om1-impl-thread1] INFO  server.RaftServerConfigKeys (ConfUtils.java:logGet(46)) - raft.server.log.purge.gap = 1000000 (custom)
2023-06-17 00:47:26,517 [om1-impl-thread1] INFO  server.RaftServerConfigKeys (ConfUtils.java:logGet(46)) - raft.server.log.appender.buffer.byte-limit = 33554432 (custom)
2023-06-17 00:47:26,517 [om1-impl-thread1] INFO  server.RaftServerConfigKeys (ConfUtils.java:logGet(46)) - raft.server.log.statemachine.data.read.timeout = 1000ms (default)
2023-06-17 00:47:26,517 [om1-impl-thread1] INFO  server.RaftServerConfigKeys (ConfUtils.java:logGet(46)) - raft.server.log.purge.preservation.log.num = 0 (default)
2023-06-17 00:47:26,518 [om1-impl-thread1] INFO  server.RaftServerConfigKeys (ConfUtils.java:logGet(46)) - raft.server.log.segment.size.max = 4194304 (custom)
2023-06-17 00:47:26,521 [om1-impl-thread1] INFO  server.RaftServerConfigKeys (ConfUtils.java:logGet(46)) - raft.server.log.segment.cache.num.max = 2 (custom)
2023-06-17 00:47:26,521 [om1-impl-thread1] INFO  server.RaftServerConfigKeys (ConfUtils.java:logGet(46)) - raft.server.log.segment.cache.size.max = 200MB (=209715200) (default)
2023-06-17 00:47:26,521 [om1-impl-thread1] INFO  server.RaftServerConfigKeys (ConfUtils.java:logGet(46)) - raft.server.log.appender.buffer.byte-limit = 33554432 (custom)
2023-06-17 00:47:26,521 [om1-impl-thread1] INFO  segmented.SegmentedRaftLogWorker (SegmentedRaftLogWorker.java:<init>(188)) - new om1@group-C5BA1605619E-SegmentedRaftLogWorker for RaftStorageImpl:Storage Directory /home/runner/work/ozone/ozone/hadoop-ozone/integration-test/target/test-dir/MiniOzoneClusterImpl-a3d962f4-5b41-4a19-a1e3-7934b631c69d/ozone-meta/ratis/bf265839-605b-3f16-9796-c5ba1605619e
2023-06-17 00:47:26,521 [om1-impl-thread1] INFO  server.RaftServerConfigKeys (ConfUtils.java:logGet(46)) - raft.server.log.queue.byte-limit = 64MB (=67108864) (default)
2023-06-17 00:47:26,522 [om1-impl-thread1] INFO  server.RaftServerConfigKeys (ConfUtils.java:logGet(46)) - raft.server.log.queue.element-limit = 4096 (default)
2023-06-17 00:47:26,522 [om1-impl-thread1] INFO  server.RaftServerConfigKeys (ConfUtils.java:logGet(46)) - raft.server.log.segment.size.max = 4194304 (custom)
2023-06-17 00:47:26,522 [om1-impl-thread1] INFO  server.RaftServerConfigKeys (ConfUtils.java:logGet(46)) - raft.server.log.preallocated.size = 4194304 (custom)
2023-06-17 00:47:26,522 [om1-impl-thread1] INFO  server.RaftServerConfigKeys (ConfUtils.java:logGet(46)) - raft.server.log.force.sync.num = 128 (default)
2023-06-17 00:47:26,522 [om1-impl-thread1] INFO  server.RaftServerConfigKeys (ConfUtils.java:logGet(46)) - raft.server.log.statemachine.data.sync = true (default)
2023-06-17 00:47:26,522 [om1-impl-thread1] INFO  server.RaftServerConfigKeys (ConfUtils.java:logGet(46)) - raft.server.log.statemachine.data.sync.timeout = 10s (default)
2023-06-17 00:47:26,522 [om1-impl-thread1] INFO  server.RaftServerConfigKeys (ConfUtils.java:logGet(46)) - raft.server.log.statemachine.data.sync.timeout.retry = -1 (default)
2023-06-17 00:47:26,524 [om1-impl-thread1] INFO  server.RaftServerConfigKeys (ConfUtils.java:logGet(46)) - raft.server.log.write.buffer.size = 64KB (=65536) (default)
2023-06-17 00:47:26,525 [om1-impl-thread1] INFO  server.RaftServerConfigKeys (ConfUtils.java:logGet(46)) - raft.server.log.appender.buffer.byte-limit = 33554432 (custom)
2023-06-17 00:47:26,539 [om1-impl-thread1] INFO  server.RaftServerConfigKeys (ConfUtils.java:logGet(46)) - raft.server.log.unsafe-flush.enabled = false (default)
2023-06-17 00:47:26,539 [om1-impl-thread1] INFO  server.RaftServerConfigKeys (ConfUtils.java:logGet(46)) - raft.server.log.async-flush.enabled = false (default)
2023-06-17 00:47:26,539 [om1-impl-thread1] INFO  server.RaftServerConfigKeys (ConfUtils.java:logGet(46)) - raft.server.log.statemachine.data.caching.enabled = false (default)
2023-06-17 00:47:26,539 [om1-impl-thread1] INFO  segmented.SegmentedRaftLogWorker (SegmentedRaftLogWorker.java:lambda$new$0(135)) - om1@group-C5BA1605619E-SegmentedRaftLogWorker: flushIndex: setUnconditionally 0 -> -1
2023-06-17 00:47:26,539 [om1-impl-thread1] INFO  segmented.SegmentedRaftLogWorker (SegmentedRaftLogWorker.java:lambda$new$0(135)) - om1@group-C5BA1605619E-SegmentedRaftLogWorker: safeCacheEvictIndex: setUnconditionally 0 -> -1
2023-06-17 00:47:26,543 [om1-impl-thread1] INFO  server.RaftServer$Division (RaftServerImpl.java:start(342)) - om1@group-C5BA1605619E: start as a follower, conf=-1: peers:[om1|rpc:localhost:15039|priority:0|startupRole:FOLLOWER]|listeners:[], old=null
2023-06-17 00:47:26,543 [om1-impl-thread1] INFO  server.RaftServer$Division (RaftServerImpl.java:setRole(329)) - om1@group-C5BA1605619E: changes role from      null to FOLLOWER at term 0 for startAsFollower
2023-06-17 00:47:26,545 [om1-impl-thread1] INFO  impl.RoleInfo (RoleInfo.java:updateAndGet(139)) - om1: start om1@group-C5BA1605619E-FollowerState
2023-06-17 00:47:26,545 [om1-impl-thread1] INFO  util.JmxRegister (JmxRegister.java:tryRegister(44)) - Successfully registered JMX Bean with object name Ratis:service=RaftServer,group=group-C5BA1605619E,id=om1
2023-06-17 00:47:26,546 [om1-impl-thread1] INFO  server.RaftServerConfigKeys (ConfUtils.java:logGet(46)) - raft.server.snapshot.auto.trigger.enabled = true (custom)
2023-06-17 00:47:26,546 [om1-impl-thread1] INFO  server.RaftServerConfigKeys (ConfUtils.java:logGet(46)) - raft.server.snapshot.auto.trigger.threshold = 400000 (default)
2023-06-17 00:47:26,546 [om1-impl-thread1] INFO  server.RaftServerConfigKeys (ConfUtils.java:logGet(46)) - raft.server.snapshot.retention.file.num = -1 (default)
2023-06-17 00:47:26,547 [om1-impl-thread1] INFO  server.RaftServerConfigKeys (ConfUtils.java:logGet(46)) - raft.server.log.purge.upto.snapshot.index = true (custom)
2023-06-17 00:47:26,549 [om1@group-C5BA1605619E-FollowerState] INFO  server.RaftServerConfigKeys (ConfUtils.java:logFallback(53)) - raft.server.rpc.first-election.timeout.min = 1s (fallback to raft.server.rpc.timeout.min)
2023-06-17 00:47:26,549 [om1@group-C5BA1605619E-FollowerState] INFO  server.RaftServerConfigKeys (ConfUtils.java:logFallback(53)) - raft.server.rpc.first-election.timeout.max = 1200ms (fallback to raft.server.rpc.timeout.max)
2023-06-17 00:47:26,551 [main] INFO  server.RaftServer (RaftServerProxy.java:startImpl(400)) - om1: start RPC server
2023-06-17 00:47:26,555 [main] INFO  server.GrpcService (GrpcService.java:startImpl(302)) - om1: GrpcService started, listening on 15039
2023-06-17 00:47:26,566 [main] INFO  om.OzoneManager (OzoneManager.java:startSecretManager(1066)) - Starting secret key client.
2023-06-17 00:47:26,570 [JvmPauseMonitor3] INFO  util.JvmPauseMonitor (JvmPauseMonitor.java:run(103)) - JvmPauseMonitor-om1: Started
2023-06-17 00:47:26,586 [Socket Reader #1 for port 15002] INFO  ipc.Server (Server.java:saslProcess(2116)) - Auth successful for scm/fv-az275-58.go2hi5et44qedpdz5zrtt3gknc.xx.internal.cloudapp.net@EXAMPLE.COM (auth:KERBEROS) from 10.1.0.235:33539
2023-06-17 00:47:26,894 [JvmPauseMonitor2] WARN  util.JvmPauseMonitor (JvmPauseMonitor.java:detectPause(124)) - JvmPauseMonitor-1b2d6476-f033-43c5-b598-7121a6e75b28: Detected pause in JVM or host machine approximately 0.233s with 0.271s GC time.
GC pool 'PS MarkSweep' had collection(s): count=1 time=271ms
2023-06-17 00:47:26,910 [main] INFO  symmetric.DefaultSecretKeySignerClient (DefaultSecretKeySignerClient.java:start(73)) - Initial secret key fetched from SCM: SecretKey(id = d2282791-1de8-41db-82d9-01f4c51e3fcb, creation at: 2023-06-17T00:47:19.712Z, expire at: 2023-06-17T00:48:20.712Z).
2023-06-17 00:47:26,911 [main] INFO  symmetric.DefaultSecretKeySignerClient (DefaultSecretKeySignerClient.java:scheduleSecretKeyPoller(105)) - Scheduling SecretKeyPoller with initial delay of PT22.801S and interval of PT1S
2023-06-17 00:47:26,912 [main] INFO  om.OzoneManager (OzoneManager.java:startSecretManager(1077)) - Starting OM delegation token secret manager
2023-06-17 00:47:26,912 [main] INFO  security.OzoneDelegationTokenSecretManager (OzoneSecretManager.java:updateCurrentKey(175)) - Updating current master key for generating tokens. Cert id 1872828891272
2023-06-17 00:47:26,918 [main] INFO  om.OzoneManager (OzoneManager.java:start(1604)) - Version File has different layout version (5) than OM DB (null). That is expected if this OM has never been finalized to a newer layout version.
2023-06-17 00:47:26,922 [Thread[Thread-510,5,main]] INFO  security.OzoneDelegationTokenSecretManager (OzoneDelegationTokenSecretManager.java:run(636)) - Starting expired delegation token remover thread, tokenRemoverScanInterval=60 min(s)
2023-06-17 00:47:26,928 [main] INFO  ha.SCMNodeInfo (SCMNodeInfo.java:getPort(197)) - ConfigKey ozone.scm.client.address is deprecated, For configuring different ports for each SCM use PortConfigKey ozone.scm.client.port appended with serviceId and nodeId
2023-06-17 00:47:26,928 [main] INFO  ha.SCMNodeInfo (SCMNodeInfo.java:getPort(197)) - ConfigKey ozone.scm.block.client.address is deprecated, For configuring different ports for each SCM use PortConfigKey ozone.scm.block.client.port appended with serviceId and nodeId
2023-06-17 00:47:26,928 [main] INFO  ha.SCMNodeInfo (SCMNodeInfo.java:getPort(197)) - ConfigKey ozone.scm.security.service.address is deprecated, For configuring different ports for each SCM use PortConfigKey ozone.scm.security.service.port appended with serviceId and nodeId
2023-06-17 00:47:26,929 [main] INFO  ha.SCMNodeInfo (SCMNodeInfo.java:getPort(197)) - ConfigKey ozone.scm.datanode.address is deprecated, For configuring different ports for each SCM use PortConfigKey ozone.scm.datanode.port appended with serviceId and nodeId
2023-06-17 00:47:26,929 [main] INFO  ha.SCMNodeInfo (SCMNodeInfo.java:getPort(197)) - ConfigKey ozone.scm.client.address is deprecated, For configuring different ports for each SCM use PortConfigKey ozone.scm.client.port appended with serviceId and nodeId
2023-06-17 00:47:26,929 [main] INFO  ha.SCMNodeInfo (SCMNodeInfo.java:getPort(197)) - ConfigKey ozone.scm.block.client.address is deprecated, For configuring different ports for each SCM use PortConfigKey ozone.scm.block.client.port appended with serviceId and nodeId
2023-06-17 00:47:26,929 [main] INFO  ha.SCMNodeInfo (SCMNodeInfo.java:getPort(197)) - ConfigKey ozone.scm.security.service.address is deprecated, For configuring different ports for each SCM use PortConfigKey ozone.scm.security.service.port appended with serviceId and nodeId
2023-06-17 00:47:26,930 [main] INFO  ha.SCMNodeInfo (SCMNodeInfo.java:getPort(197)) - ConfigKey ozone.scm.datanode.address is deprecated, For configuring different ports for each SCM use PortConfigKey ozone.scm.datanode.port appended with serviceId and nodeId
2023-06-17 00:47:26,930 [main] INFO  ha.SCMNodeInfo (SCMNodeInfo.java:getPort(197)) - ConfigKey ozone.scm.client.address is deprecated, For configuring different ports for each SCM use PortConfigKey ozone.scm.client.port appended with serviceId and nodeId
2023-06-17 00:47:26,930 [main] INFO  ha.SCMNodeInfo (SCMNodeInfo.java:getPort(197)) - ConfigKey ozone.scm.block.client.address is deprecated, For configuring different ports for each SCM use PortConfigKey ozone.scm.block.client.port appended with serviceId and nodeId
2023-06-17 00:47:26,930 [main] INFO  ha.SCMNodeInfo (SCMNodeInfo.java:getPort(197)) - ConfigKey ozone.scm.security.service.address is deprecated, For configuring different ports for each SCM use PortConfigKey ozone.scm.security.service.port appended with serviceId and nodeId
2023-06-17 00:47:26,930 [main] INFO  ha.SCMNodeInfo (SCMNodeInfo.java:getPort(197)) - ConfigKey ozone.scm.datanode.address is deprecated, For configuring different ports for each SCM use PortConfigKey ozone.scm.datanode.port appended with serviceId and nodeId
2023-06-17 00:47:26,943 [Socket Reader #1 for port 15002] INFO  ipc.Server (Server.java:saslProcess(2116)) - Auth successful for scm/fv-az275-58.go2hi5et44qedpdz5zrtt3gknc.xx.internal.cloudapp.net@EXAMPLE.COM (auth:KERBEROS) from 10.1.0.235:46773
2023-06-17 00:47:26,985 [1b2d6476-f033-43c5-b598-7121a6e75b28@group-7934B631C69D-FollowerState] INFO  server.RaftServerConfigKeys (ConfUtils.java:logFallback(53)) - raft.server.rpc.first-election.timeout.min = 5000ms (fallback to raft.server.rpc.timeout.min)
2023-06-17 00:47:26,985 [1b2d6476-f033-43c5-b598-7121a6e75b28@group-7934B631C69D-FollowerState] INFO  server.RaftServerConfigKeys (ConfUtils.java:logFallback(53)) - raft.server.rpc.first-election.timeout.max = 5200ms (fallback to raft.server.rpc.timeout.max)
2023-06-17 00:47:26,990 [main] INFO  http.BaseHttpServer (BaseHttpServer.java:newHttpServer2BuilderForOzone(224)) - Starting Web-server for ozoneManager at: http://0.0.0.0:15037
2023-06-17 00:47:26,990 [main] INFO  http.BaseHttpServer (BaseHttpServer.java:<init>(111)) - Hadoop Security Enabled: true Ozone Security Enabled: true Ozone HTTP Security Enabled: false 
2023-06-17 00:47:26,993 [main] WARN  server.AuthenticationFilter (AuthenticationFilter.java:constructSecretProvider(240)) - Unable to initialize FileSignerSecretProvider, falling back to use random secrets. Reason: Could not read signature secret file: /home/runner/hadoop-http-auth-signature-secret
2023-06-17 00:47:26,999 [main] INFO  http.HttpRequestLog (HttpRequestLog.java:getRequestLog(86)) - Http request log for http.requests.ozoneManager is not defined
2023-06-17 00:47:27,001 [main] INFO  http.HttpServer2 (HttpServer2.java:addGlobalFilter(1031)) - Added global filter 'safety' (class=org.apache.hadoop.hdds.server.http.HttpServer2$QuotingInputFilter)
2023-06-17 00:47:27,004 [main] INFO  http.HttpServer2 (HttpServer2.java:addFilter(1007)) - Added filter static_user_filter (class=org.apache.hadoop.http.lib.StaticUserWebFilter$StaticUserFilter) to context ozoneManager
2023-06-17 00:47:27,004 [main] INFO  http.HttpServer2 (HttpServer2.java:addFilter(1015)) - Added filter static_user_filter (class=org.apache.hadoop.http.lib.StaticUserWebFilter$StaticUserFilter) to context logs
2023-06-17 00:47:27,004 [main] INFO  http.HttpServer2 (HttpServer2.java:addFilter(1015)) - Added filter static_user_filter (class=org.apache.hadoop.http.lib.StaticUserWebFilter$StaticUserFilter) to context static
2023-06-17 00:47:27,009 [main] INFO  http.BaseHttpServer (BaseHttpServer.java:<init>(190)) - HTTP server of ozoneManager uses base directory /home/runner/work/ozone/ozone/hadoop-ozone/integration-test/target/test-dir/MiniOzoneClusterImpl-a3d962f4-5b41-4a19-a1e3-7934b631c69d/ozone-meta/webserver
2023-06-17 00:47:27,015 [main] INFO  http.HttpServer2 (HttpServer2.java:bindListener(1250)) - Jetty bound to port 15037
2023-06-17 00:47:27,015 [main] INFO  server.Server (Server.java:doStart(375)) - jetty-9.4.51.v20230217; built: 2023-02-17T08:19:37.309Z; git: b45c405e4544384de066f814ed42ae3dceacdd49; jvm 1.8.0_372-b07
2023-06-17 00:47:27,030 [main] INFO  server.session (DefaultSessionIdManager.java:doStart(334)) - DefaultSessionIdManager workerName=node0
2023-06-17 00:47:27,030 [main] INFO  server.session (DefaultSessionIdManager.java:doStart(339)) - No SessionScavenger set, using defaults
2023-06-17 00:47:27,031 [main] INFO  server.session (HouseKeeper.java:startScavenging(132)) - node0 Scavenging every 600000ms
2023-06-17 00:47:27,032 [main] INFO  handler.ContextHandler (ContextHandler.java:doStart(921)) - Started o.e.j.s.ServletContextHandler@69fc400b{logs,/logs,file:///home/runner/work/ozone/ozone/hadoop-ozone/integration-test/target/log,AVAILABLE}
2023-06-17 00:47:27,032 [main] INFO  handler.ContextHandler (ContextHandler.java:doStart(921)) - Started o.e.j.s.ServletContextHandler@133efe21{static,/static,file:///home/runner/work/ozone/ozone/hadoop-ozone/integration-test/target/test-classes/webapps/static,AVAILABLE}
2023-06-17 00:47:27,042 [main] INFO  handler.ContextHandler (ContextHandler.java:doStart(921)) - Started o.e.j.w.WebAppContext@672c8149{ozoneManager,/,file:///home/runner/work/ozone/ozone/hadoop-ozone/integration-test/target/test-classes/webapps/ozoneManager/,AVAILABLE}{file:/home/runner/work/ozone/ozone/hadoop-ozone/integration-test/target/test-classes/webapps/ozoneManager}
2023-06-17 00:47:27,045 [main] INFO  server.AbstractConnector (AbstractConnector.java:doStart(333)) - Started ServerConnector@1f70ab49{HTTP/1.1, (http/1.1)}{0.0.0.0:15037}
2023-06-17 00:47:27,047 [main] INFO  server.Server (Server.java:doStart(415)) - Started @26634ms
2023-06-17 00:47:27,047 [main] WARN  impl.MetricsSystemImpl (MetricsSystemImpl.java:register(279)) - Sink prometheus already exists!
2023-06-17 00:47:27,048 [main] INFO  http.BaseHttpServer (BaseHttpServer.java:updateConnectorAddress(344)) - HTTP server of ozoneManager listening at http://0.0.0.0:15037
2023-06-17 00:47:27,048 [IPC Server Responder] INFO  ipc.Server (Server.java:run(1558)) - IPC Server Responder: starting
2023-06-17 00:47:27,048 [IPC Server listener on 15036] INFO  ipc.Server (Server.java:run(1398)) - IPC Server listener on 15036: starting
2023-06-17 00:47:27,052 [main] INFO  om.OzoneManager (OzoneManager.java:startTrashEmptier(2059)) - Trash Interval set to 0. Files deleted won't move to trash
2023-06-17 00:47:27,245 [main] WARN  impl.MetricRegistriesImpl (MetricRegistriesImpl.java:addReporterRegistration(111)) - New reporters are added after registries were created. Some metrics will be missing from the reporter. Please add reporter before adding any new registry.
2023-06-17 00:47:27,245 [main] WARN  impl.MetricRegistriesImpl (MetricRegistriesImpl.java:addReporterRegistration(111)) - New reporters are added after registries were created. Some metrics will be missing from the reporter. Please add reporter before adding any new registry.
2023-06-17 00:47:27,245 [main] INFO  impl.MetricsSystemImpl (MetricsSystemImpl.java:init(158)) - HddsDatanode metrics system started (again)
2023-06-17 00:47:27,280 [main] INFO  ozone.HddsDatanodeService (HddsDatanodeService.java:start(262)) - HddsDatanodeService host:fv-az275-58.go2hi5et44qedpdz5zrtt3gknc.xx.internal.cloudapp.net ip:10.1.0.235
2023-06-17 00:47:27,283 [main] WARN  client.DNCertificateClient (DefaultCertificateClient.java:loadAllCertificates(161)) - Certificates could not be loaded.
java.nio.file.NoSuchFileException: /home/runner/work/ozone/ozone/hadoop-ozone/integration-test/target/test-dir/MiniOzoneClusterImpl-a3d962f4-5b41-4a19-a1e3-7934b631c69d/datanode-0/meta/dn/certs
	at sun.nio.fs.UnixException.translateToIOException(UnixException.java:86)
	at sun.nio.fs.UnixException.rethrowAsIOException(UnixException.java:102)
	at sun.nio.fs.UnixException.rethrowAsIOException(UnixException.java:107)
	at sun.nio.fs.UnixFileSystemProvider.newDirectoryStream(UnixFileSystemProvider.java:427)
	at java.nio.file.Files.newDirectoryStream(Files.java:457)
	at java.nio.file.Files.list(Files.java:3451)
	at org.apache.hadoop.hdds.security.x509.certificate.client.DefaultCertificateClient.loadAllCertificates(DefaultCertificateClient.java:156)
	at org.apache.hadoop.hdds.security.x509.certificate.client.DefaultCertificateClient.updateCertSerialId(DefaultCertificateClient.java:1206)
	at org.apache.hadoop.hdds.security.x509.certificate.client.DefaultCertificateClient.<init>(DefaultCertificateClient.java:148)
	at org.apache.hadoop.hdds.security.x509.certificate.client.DNCertificateClient.<init>(DNCertificateClient.java:57)
	at org.apache.hadoop.ozone.HddsDatanodeService.start(HddsDatanodeService.java:269)
	at org.apache.hadoop.ozone.MiniOzoneClusterImpl.lambda$startHddsDatanodes$4(MiniOzoneClusterImpl.java:488)
	at java.util.ArrayList.forEach(ArrayList.java:1259)
	at org.apache.hadoop.ozone.MiniOzoneClusterImpl.startHddsDatanodes(MiniOzoneClusterImpl.java:481)
	at org.apache.hadoop.ozone.MiniOzoneHAClusterImpl$Builder.build(MiniOzoneHAClusterImpl.java:426)
	at org.apache.hadoop.ozone.scm.TestSecretKeySnapshot.init(TestSecretKeySnapshot.java:137)
	at sun.reflect.NativeMethodAccessorImpl.invoke0(Native Method)
	at sun.reflect.NativeMethodAccessorImpl.invoke(NativeMethodAccessorImpl.java:62)
	at sun.reflect.DelegatingMethodAccessorImpl.invoke(DelegatingMethodAccessorImpl.java:43)
	at java.lang.reflect.Method.invoke(Method.java:498)
	at org.junit.platform.commons.util.ReflectionUtils.invokeMethod(ReflectionUtils.java:725)
	at org.junit.jupiter.engine.execution.MethodInvocation.proceed(MethodInvocation.java:60)
	at org.junit.jupiter.engine.execution.InvocationInterceptorChain$ValidatingInvocation.proceed(InvocationInterceptorChain.java:131)
	at org.junit.jupiter.engine.extension.TimeoutExtension.intercept(TimeoutExtension.java:149)
	at org.junit.jupiter.engine.extension.TimeoutExtension.interceptLifecycleMethod(TimeoutExtension.java:126)
	at org.junit.jupiter.engine.extension.TimeoutExtension.interceptBeforeEachMethod(TimeoutExtension.java:76)
	at org.junit.jupiter.engine.execution.ExecutableInvoker$ReflectiveInterceptorCall.lambda$ofVoidMethod$0(ExecutableInvoker.java:115)
	at org.junit.jupiter.engine.execution.ExecutableInvoker.lambda$invoke$0(ExecutableInvoker.java:105)
	at org.junit.jupiter.engine.execution.InvocationInterceptorChain$InterceptedInvocation.proceed(InvocationInterceptorChain.java:106)
	at org.junit.jupiter.engine.execution.InvocationInterceptorChain.proceed(InvocationInterceptorChain.java:64)
	at org.junit.jupiter.engine.execution.InvocationInterceptorChain.chainAndInvoke(InvocationInterceptorChain.java:45)
	at org.junit.jupiter.engine.execution.InvocationInterceptorChain.invoke(InvocationInterceptorChain.java:37)
	at org.junit.jupiter.engine.execution.ExecutableInvoker.invoke(ExecutableInvoker.java:104)
	at org.junit.jupiter.engine.execution.ExecutableInvoker.invoke(ExecutableInvoker.java:98)
	at org.junit.jupiter.engine.descriptor.ClassBasedTestDescriptor.invokeMethodInExtensionContext(ClassBasedTestDescriptor.java:506)
	at org.junit.jupiter.engine.descriptor.ClassBasedTestDescriptor.lambda$synthesizeBeforeEachMethodAdapter$21(ClassBasedTestDescriptor.java:491)
	at org.junit.jupiter.engine.descriptor.TestMethodTestDescriptor.lambda$invokeBeforeEachMethods$3(TestMethodTestDescriptor.java:171)
	at org.junit.jupiter.engine.descriptor.TestMethodTestDescriptor.lambda$invokeBeforeMethodsOrCallbacksUntilExceptionOccurs$6(TestMethodTestDescriptor.java:199)
	at org.junit.platform.engine.support.hierarchical.ThrowableCollector.execute(ThrowableCollector.java:73)
	at org.junit.jupiter.engine.descriptor.TestMethodTestDescriptor.invokeBeforeMethodsOrCallbacksUntilExceptionOccurs(TestMethodTestDescriptor.java:199)
	at org.junit.jupiter.engine.descriptor.TestMethodTestDescriptor.invokeBeforeEachMethods(TestMethodTestDescriptor.java:168)
	at org.junit.jupiter.engine.descriptor.TestMethodTestDescriptor.execute(TestMethodTestDescriptor.java:131)
	at org.junit.jupiter.engine.descriptor.TestMethodTestDescriptor.execute(TestMethodTestDescriptor.java:66)
	at org.junit.platform.engine.support.hierarchical.NodeTestTask.lambda$executeRecursively$6(NodeTestTask.java:151)
	at org.junit.platform.engine.support.hierarchical.ThrowableCollector.execute(ThrowableCollector.java:73)
	at org.junit.platform.engine.support.hierarchical.NodeTestTask.lambda$executeRecursively$8(NodeTestTask.java:141)
	at org.junit.platform.engine.support.hierarchical.Node.around(Node.java:137)
	at org.junit.platform.engine.support.hierarchical.NodeTestTask.lambda$executeRecursively$9(NodeTestTask.java:139)
	at org.junit.platform.engine.support.hierarchical.ThrowableCollector.execute(ThrowableCollector.java:73)
	at org.junit.platform.engine.support.hierarchical.NodeTestTask.executeRecursively(NodeTestTask.java:138)
	at org.junit.platform.engine.support.hierarchical.NodeTestTask.execute(NodeTestTask.java:95)
	at java.util.ArrayList.forEach(ArrayList.java:1259)
	at org.junit.platform.engine.support.hierarchical.SameThreadHierarchicalTestExecutorService.invokeAll(SameThreadHierarchicalTestExecutorService.java:41)
	at org.junit.platform.engine.support.hierarchical.NodeTestTask.lambda$executeRecursively$6(NodeTestTask.java:155)
	at org.junit.platform.engine.support.hierarchical.ThrowableCollector.execute(ThrowableCollector.java:73)
	at org.junit.platform.engine.support.hierarchical.NodeTestTask.lambda$executeRecursively$8(NodeTestTask.java:141)
	at org.junit.platform.engine.support.hierarchical.Node.around(Node.java:137)
	at org.junit.platform.engine.support.hierarchical.NodeTestTask.lambda$executeRecursively$9(NodeTestTask.java:139)
	at org.junit.platform.engine.support.hierarchical.ThrowableCollector.execute(ThrowableCollector.java:73)
	at org.junit.platform.engine.support.hierarchical.NodeTestTask.executeRecursively(NodeTestTask.java:138)
	at org.junit.platform.engine.support.hierarchical.NodeTestTask.execute(NodeTestTask.java:95)
	at java.util.ArrayList.forEach(ArrayList.java:1259)
	at org.junit.platform.engine.support.hierarchical.SameThreadHierarchicalTestExecutorService.invokeAll(SameThreadHierarchicalTestExecutorService.java:41)
	at org.junit.platform.engine.support.hierarchical.NodeTestTask.lambda$executeRecursively$6(NodeTestTask.java:155)
	at org.junit.platform.engine.support.hierarchical.ThrowableCollector.execute(ThrowableCollector.java:73)
	at org.junit.platform.engine.support.hierarchical.NodeTestTask.lambda$executeRecursively$8(NodeTestTask.java:141)
	at org.junit.platform.engine.support.hierarchical.Node.around(Node.java:137)
	at org.junit.platform.engine.support.hierarchical.NodeTestTask.lambda$executeRecursively$9(NodeTestTask.java:139)
	at org.junit.platform.engine.support.hierarchical.ThrowableCollector.execute(ThrowableCollector.java:73)
	at org.junit.platform.engine.support.hierarchical.NodeTestTask.executeRecursively(NodeTestTask.java:138)
	at org.junit.platform.engine.support.hierarchical.NodeTestTask.execute(NodeTestTask.java:95)
	at org.junit.platform.engine.support.hierarchical.SameThreadHierarchicalTestExecutorService.submit(SameThreadHierarchicalTestExecutorService.java:35)
	at org.junit.platform.engine.support.hierarchical.HierarchicalTestExecutor.execute(HierarchicalTestExecutor.java:57)
	at org.junit.platform.engine.support.hierarchical.HierarchicalTestEngine.execute(HierarchicalTestEngine.java:54)
	at org.junit.platform.launcher.core.EngineExecutionOrchestrator.execute(EngineExecutionOrchestrator.java:107)
	at org.junit.platform.launcher.core.EngineExecutionOrchestrator.execute(EngineExecutionOrchestrator.java:88)
	at org.junit.platform.launcher.core.EngineExecutionOrchestrator.lambda$execute$0(EngineExecutionOrchestrator.java:54)
	at org.junit.platform.launcher.core.EngineExecutionOrchestrator.withInterceptedStreams(EngineExecutionOrchestrator.java:67)
	at org.junit.platform.launcher.core.EngineExecutionOrchestrator.execute(EngineExecutionOrchestrator.java:52)
	at org.junit.platform.launcher.core.DefaultLauncher.execute(DefaultLauncher.java:114)
	at org.junit.platform.launcher.core.DefaultLauncher.execute(DefaultLauncher.java:86)
	at org.junit.platform.launcher.core.DefaultLauncherSession$DelegatingLauncher.execute(DefaultLauncherSession.java:86)
	at org.junit.platform.launcher.core.SessionPerRequestLauncher.execute(SessionPerRequestLauncher.java:53)
	at org.apache.maven.surefire.junitplatform.JUnitPlatformProvider.execute(JUnitPlatformProvider.java:188)
	at org.apache.maven.surefire.junitplatform.JUnitPlatformProvider.invokeAllTests(JUnitPlatformProvider.java:154)
	at org.apache.maven.surefire.junitplatform.JUnitPlatformProvider.invoke(JUnitPlatformProvider.java:124)
	at org.apache.maven.surefire.booter.ForkedBooter.runSuitesInProcess(ForkedBooter.java:428)
	at org.apache.maven.surefire.booter.ForkedBooter.execute(ForkedBooter.java:162)
	at org.apache.maven.surefire.booter.ForkedBooter.run(ForkedBooter.java:562)
	at org.apache.maven.surefire.booter.ForkedBooter.main(ForkedBooter.java:548)
2023-06-17 00:47:27,285 [main] INFO  ozone.HddsDatanodeService (HddsDatanodeService.java:start(274)) - Ozone security is enabled. Attempting login for Hdds Datanode user. Principal: scm/fv-az275-58.go2hi5et44qedpdz5zrtt3gknc.xx.internal.cloudapp.net@EXAMPLE.COM,keytab: /home/runner/work/ozone/ozone/hadoop-ozone/integration-test/target/test-dir/TestSecretKeySnapshot/scm.keytab
2023-06-17 00:47:27,289 [pool-2-thread-2] INFO  request.KdcRequest (KdcRequest.java:preauth(651)) - The preauth data is empty.
2023-06-17 00:47:27,291 [pool-2-thread-2] INFO  server.KdcHandler (KdcHandler.java:handleRecoverableException(177)) - KRB error occurred while processing request:Additional pre-authentication required
2023-06-17 00:47:27,308 [pool-2-thread-2] INFO  request.AsRequest (AsRequest.java:issueTicket(112)) - AS_REQ ISSUE: authtime 1686962847306,scm/fv-az275-58.go2hi5et44qedpdz5zrtt3gknc.xx.internal.cloudapp.net@EXAMPLE.COM for krbtgt/EXAMPLE.COM@EXAMPLE.COM
2023-06-17 00:47:27,322 [main] INFO  security.UserGroupInformation (UserGroupInformation.java:loginUserFromKeytab(1132)) - Login successful for user scm/fv-az275-58.go2hi5et44qedpdz5zrtt3gknc.xx.internal.cloudapp.net@EXAMPLE.COM using keytab file scm.keytab. Keytab auto renewal enabled : false
2023-06-17 00:47:27,322 [main] INFO  ozone.HddsDatanodeService (HddsDatanodeService.java:start(292)) - Hdds Datanode login successful.
2023-06-17 00:47:27,362 [main] INFO  ozone.HddsDatanodeService (HddsDatanodeService.java:initializeCertificateClient(399)) - Initializing secure Datanode.
2023-06-17 00:47:27,363 [main] ERROR client.DNCertificateClient (DefaultCertificateClient.java:getCertPath(319)) - Default certificate serial id is not set. Can't locate the default certificate for this client.
2023-06-17 00:47:27,363 [main] INFO  client.DNCertificateClient (DefaultCertificateClient.java:init(692)) - Certificate client init case: 0
2023-06-17 00:47:27,364 [main] INFO  client.DNCertificateClient (DefaultCertificateClient.java:handleCase(710)) - Creating keypair for client as keypair and certificate not found.
2023-06-17 00:47:27,679 [om1@group-C5BA1605619E-FollowerState] INFO  impl.FollowerState (FollowerState.java:run(143)) - om1@group-C5BA1605619E-FollowerState: change to CANDIDATE, lastRpcElapsedTime:1133745296ns, electionTimeout:1129ms
2023-06-17 00:47:27,679 [om1@group-C5BA1605619E-FollowerState] INFO  impl.RoleInfo (RoleInfo.java:shutdownFollowerState(110)) - om1: shutdown om1@group-C5BA1605619E-FollowerState
2023-06-17 00:47:27,679 [om1@group-C5BA1605619E-FollowerState] INFO  server.RaftServer$Division (RaftServerImpl.java:setRole(329)) - om1@group-C5BA1605619E: changes role from  FOLLOWER to CANDIDATE at term 0 for changeToCandidate
2023-06-17 00:47:27,683 [om1@group-C5BA1605619E-FollowerState] INFO  server.RaftServerConfigKeys (ConfUtils.java:logGet(46)) - raft.server.leaderelection.pre-vote = true (default)
2023-06-17 00:47:27,683 [om1@group-C5BA1605619E-FollowerState] INFO  impl.RoleInfo (RoleInfo.java:updateAndGet(139)) - om1: start om1@group-C5BA1605619E-LeaderElection3
2023-06-17 00:47:27,706 [om1@group-C5BA1605619E-LeaderElection3] INFO  impl.LeaderElection (LeaderElection.java:askForVotes(321)) - om1@group-C5BA1605619E-LeaderElection3 PRE_VOTE round 0: submit vote requests at term 0 for -1: peers:[om1|rpc:localhost:15039|priority:0|startupRole:FOLLOWER]|listeners:[], old=null
2023-06-17 00:47:27,706 [om1@group-C5BA1605619E-LeaderElection3] INFO  impl.LeaderElection (LeaderElection.java:askForVotes(323)) - om1@group-C5BA1605619E-LeaderElection3 PRE_VOTE round 0: result PASSED (term=0)
2023-06-17 00:47:27,708 [om1@group-C5BA1605619E-LeaderElection3] INFO  impl.LeaderElection (LeaderElection.java:askForVotes(321)) - om1@group-C5BA1605619E-LeaderElection3 ELECTION round 0: submit vote requests at term 1 for -1: peers:[om1|rpc:localhost:15039|priority:0|startupRole:FOLLOWER]|listeners:[], old=null
2023-06-17 00:47:27,708 [om1@group-C5BA1605619E-LeaderElection3] INFO  impl.LeaderElection (LeaderElection.java:askForVotes(323)) - om1@group-C5BA1605619E-LeaderElection3 ELECTION round 0: result PASSED (term=1)
2023-06-17 00:47:27,708 [om1@group-C5BA1605619E-LeaderElection3] INFO  impl.RoleInfo (RoleInfo.java:shutdownLeaderElection(130)) - om1: shutdown om1@group-C5BA1605619E-LeaderElection3
2023-06-17 00:47:27,708 [om1@group-C5BA1605619E-LeaderElection3] INFO  server.RaftServer$Division (RaftServerImpl.java:setRole(329)) - om1@group-C5BA1605619E: changes role from CANDIDATE to LEADER at term 1 for changeToLeader
2023-06-17 00:47:27,712 [om1@group-C5BA1605619E-LeaderElection3] INFO  server.RaftServer$Division (ServerState.java:setLeader(317)) - om1@group-C5BA1605619E: change Leader from null to om1 at term 1 for becomeLeader, leader elected after 2426ms
2023-06-17 00:47:27,712 [om1@group-C5BA1605619E-LeaderElection3] INFO  server.RaftServerConfigKeys (ConfUtils.java:logGet(46)) - raft.server.staging.catchup.gap = 1000 (default)
2023-06-17 00:47:27,713 [om1@group-C5BA1605619E-LeaderElection3] INFO  server.RaftServerConfigKeys (ConfUtils.java:logGet(46)) - raft.server.write.element-limit = 4096 (default)
2023-06-17 00:47:27,713 [om1@group-C5BA1605619E-LeaderElection3] INFO  server.RaftServerConfigKeys (ConfUtils.java:logGet(46)) - raft.server.write.byte-limit = 64MB (=67108864) (default)
2023-06-17 00:47:27,714 [om1@group-C5BA1605619E-LeaderElection3] INFO  server.RaftServerConfigKeys (ConfUtils.java:logGet(46)) - raft.server.watch.timeout = 10s (default)
2023-06-17 00:47:27,714 [om1@group-C5BA1605619E-LeaderElection3] INFO  server.RaftServerConfigKeys (ConfUtils.java:logGet(46)) - raft.server.watch.timeout.denomination = 1s (default)
2023-06-17 00:47:27,714 [om1@group-C5BA1605619E-LeaderElection3] INFO  server.RaftServerConfigKeys (ConfUtils.java:logGet(46)) - raft.server.watch.element-limit = 65536 (default)
2023-06-17 00:47:27,714 [om1@group-C5BA1605619E-LeaderElection3] INFO  server.RaftServerConfigKeys (ConfUtils.java:logGet(46)) - raft.server.write.element-limit = 4096 (default)
2023-06-17 00:47:27,716 [om1@group-C5BA1605619E-LeaderElection3] INFO  server.RaftServerConfigKeys (ConfUtils.java:logGet(46)) - raft.server.write.follower.gap.ratio.max = -1.0 (default)
2023-06-17 00:47:27,716 [om1@group-C5BA1605619E-LeaderElection3] INFO  impl.RoleInfo (RoleInfo.java:updateAndGet(139)) - om1: start om1@group-C5BA1605619E-LeaderStateImpl
2023-06-17 00:47:27,719 [om1@group-C5BA1605619E-LeaderElection3] INFO  segmented.SegmentedRaftLogWorker (SegmentedRaftLogWorker.java:startLogSegment(447)) - om1@group-C5BA1605619E-SegmentedRaftLogWorker: Starting segment from index:0
2023-06-17 00:47:27,743 [om1@group-C5BA1605619E-SegmentedRaftLogWorker] INFO  segmented.SegmentedRaftLogWorker (SegmentedRaftLogWorker.java:execute(651)) - om1@group-C5BA1605619E-SegmentedRaftLogWorker: created new log segment /home/runner/work/ozone/ozone/hadoop-ozone/integration-test/target/test-dir/MiniOzoneClusterImpl-a3d962f4-5b41-4a19-a1e3-7934b631c69d/ozone-meta/ratis/bf265839-605b-3f16-9796-c5ba1605619e/current/log_inprogress_0
2023-06-17 00:47:27,748 [om1@group-C5BA1605619E-LeaderElection3] INFO  server.RaftServer$Division (ServerState.java:setRaftConf(434)) - om1@group-C5BA1605619E: set configuration 0: peers:[om1|rpc:localhost:15039|admin:|client:|dataStream:|priority:0|startupRole:FOLLOWER]|listeners:[], old=null
2023-06-17 00:47:27,749 [om1@group-C5BA1605619E-StateMachineUpdater] INFO  ratis.OzoneManagerStateMachine (OzoneManagerStateMachine.java:notifyConfigurationChanged(201)) - Received Configuration change notification from Ratis. New Peer list:
[id: "om1"
address: "localhost:15039"
startupRole: FOLLOWER
]
2023-06-17 00:47:27,829 [main] INFO  ozone.HddsDatanodeService (HddsDatanodeService.java:initializeCertificateClient(409)) - Init response: GETCERT
2023-06-17 00:47:27,831 [main] INFO  ozone.OzoneSecurityUtil (OzoneSecurityUtil.java:getValidInetsForCurrentHost(119)) - ip:fe80:0:0:0:20d:3aff:fe6f:2520%eth0 not returned.
2023-06-17 00:47:27,831 [main] INFO  ozone.OzoneSecurityUtil (OzoneSecurityUtil.java:getValidInetsForCurrentHost(116)) - Adding ip:10.1.0.235,host:fv-az275-58.go2hi5et44qedpdz5zrtt3gknc.xx.internal.cloudapp.net
2023-06-17 00:47:27,832 [main] INFO  ozone.OzoneSecurityUtil (OzoneSecurityUtil.java:getValidInetsForCurrentHost(119)) - ip:0:0:0:0:0:0:0:1%lo not returned.
2023-06-17 00:47:27,832 [main] INFO  ozone.OzoneSecurityUtil (OzoneSecurityUtil.java:getValidInetsForCurrentHost(119)) - ip:127.0.0.1 not returned.
2023-06-17 00:47:27,833 [main] INFO  client.DNCertificateClient (DNCertificateClient.java:getCSRBuilder(85)) - Created csr for DN-> subject:scm@fv-az275-58.go2hi5et44qedpdz5zrtt3gknc.xx.internal.cloudapp.net
2023-06-17 00:47:27,841 [main] INFO  ha.SCMNodeInfo (SCMNodeInfo.java:getPort(197)) - ConfigKey ozone.scm.client.address is deprecated, For configuring different ports for each SCM use PortConfigKey ozone.scm.client.port appended with serviceId and nodeId
2023-06-17 00:47:27,842 [main] INFO  ha.SCMNodeInfo (SCMNodeInfo.java:getPort(197)) - ConfigKey ozone.scm.block.client.address is deprecated, For configuring different ports for each SCM use PortConfigKey ozone.scm.block.client.port appended with serviceId and nodeId
2023-06-17 00:47:27,842 [main] INFO  ha.SCMNodeInfo (SCMNodeInfo.java:getPort(197)) - ConfigKey ozone.scm.security.service.address is deprecated, For configuring different ports for each SCM use PortConfigKey ozone.scm.security.service.port appended with serviceId and nodeId
2023-06-17 00:47:27,842 [main] INFO  ha.SCMNodeInfo (SCMNodeInfo.java:getPort(197)) - ConfigKey ozone.scm.datanode.address is deprecated, For configuring different ports for each SCM use PortConfigKey ozone.scm.datanode.port appended with serviceId and nodeId
2023-06-17 00:47:27,843 [main] INFO  ha.SCMNodeInfo (SCMNodeInfo.java:getPort(197)) - ConfigKey ozone.scm.client.address is deprecated, For configuring different ports for each SCM use PortConfigKey ozone.scm.client.port appended with serviceId and nodeId
2023-06-17 00:47:27,843 [main] INFO  ha.SCMNodeInfo (SCMNodeInfo.java:getPort(197)) - ConfigKey ozone.scm.block.client.address is deprecated, For configuring different ports for each SCM use PortConfigKey ozone.scm.block.client.port appended with serviceId and nodeId
2023-06-17 00:47:27,843 [main] INFO  ha.SCMNodeInfo (SCMNodeInfo.java:getPort(197)) - ConfigKey ozone.scm.security.service.address is deprecated, For configuring different ports for each SCM use PortConfigKey ozone.scm.security.service.port appended with serviceId and nodeId
2023-06-17 00:47:27,843 [main] INFO  ha.SCMNodeInfo (SCMNodeInfo.java:getPort(197)) - ConfigKey ozone.scm.datanode.address is deprecated, For configuring different ports for each SCM use PortConfigKey ozone.scm.datanode.port appended with serviceId and nodeId
2023-06-17 00:47:27,844 [main] INFO  ha.SCMNodeInfo (SCMNodeInfo.java:getPort(197)) - ConfigKey ozone.scm.client.address is deprecated, For configuring different ports for each SCM use PortConfigKey ozone.scm.client.port appended with serviceId and nodeId
2023-06-17 00:47:27,844 [main] INFO  ha.SCMNodeInfo (SCMNodeInfo.java:getPort(197)) - ConfigKey ozone.scm.block.client.address is deprecated, For configuring different ports for each SCM use PortConfigKey ozone.scm.block.client.port appended with serviceId and nodeId
2023-06-17 00:47:27,844 [main] INFO  ha.SCMNodeInfo (SCMNodeInfo.java:getPort(197)) - ConfigKey ozone.scm.security.service.address is deprecated, For configuring different ports for each SCM use PortConfigKey ozone.scm.security.service.port appended with serviceId and nodeId
2023-06-17 00:47:27,844 [main] INFO  ha.SCMNodeInfo (SCMNodeInfo.java:getPort(197)) - ConfigKey ozone.scm.datanode.address is deprecated, For configuring different ports for each SCM use PortConfigKey ozone.scm.datanode.port appended with serviceId and nodeId
2023-06-17 00:47:27,867 [pool-2-thread-2] INFO  request.TgsRequest (TgsRequest.java:issueTicket(115)) - TGS_REQ ISSUE: authtime 1686962847866,scm/fv-az275-58.go2hi5et44qedpdz5zrtt3gknc.xx.internal.cloudapp.net for scm/fv-az275-58.go2hi5et44qedpdz5zrtt3gknc.xx.internal.cloudapp.net@EXAMPLE.COM
2023-06-17 00:47:27,888 [Socket Reader #1 for port 15002] INFO  ipc.Server (Server.java:saslProcess(2116)) - Auth successful for scm/fv-az275-58.go2hi5et44qedpdz5zrtt3gknc.xx.internal.cloudapp.net@EXAMPLE.COM (auth:KERBEROS) from 10.1.0.235:41701
2023-06-17 00:47:27,906 [IPC Server handler 1 on default port 15002] INFO  server.SCMSecurityProtocolServer (SCMSecurityProtocolServer.java:getDataNodeCertificate(186)) - Processing CSR for dn fv-az275-58.go2hi5et44qedpdz5zrtt3gknc.xx.internal.cloudapp.net, UUID: b906f068-6630-4fe8-91f5-8d80c31a04ef
2023-06-17 00:47:27,945 [main] INFO  client.DNCertificateClient (DefaultCertificateClient.java:readCertificateFile(196)) - Added certificate   [0]         Version: 3
         SerialNumber: 1877010553597
             IssuerDN: CN=scm-sub@localhost,OU=746ad1cd-7733-4d67-8369-e04f45d32291,O=a3d962f4-5b41-4a19-a1e3-7934b631c69d
           Start Date: Sat Jun 17 00:47:27 UTC 2023
           Final Date: Sun Jun 16 00:47:27 UTC 2024
            SubjectDN: CN=scm@fv-az275-58.go2hi5et44qedpdz5zrtt3gknc.xx.internal.cloudapp.net,OU=746ad1cd-7733-4d67-8369-e04f45d32291,O=a3d962f4-5b41-4a19-a1e3-7934b631c69d
           Public Key: RSA Public Key [c4:c5:4b:fa:d4:3c:52:60:cc:8f:98:00:5f:34:9b:ee:42:c9:82:89],[56:66:d1:a4]
        modulus: bd35310369033ebb82aba754a1f9238932c2b1b6724bf0f68e8987c33d0db72321bc693afcdc137495ead20ebfd125602d0f59fbd85dbf5b330cbe41cf373c4ba3afc46b15e5abd60f9eab8e9ca672ed691b77067b96e5a100c64ed6501b7f18c6d7ec11772ed8328eac2b783ff6a4e56acd1905f47aee81297be35e525ec5b6a55a8ebb57d52b610b93a654da9f72b4b2715b590671332e6b869e32c81039174fc88be2bc996f9e01f649f5ba11217a6cd508e4a0ba4b4f7f1a5effb8b5f31724597712427c75e406e880f6bd5aeeebe58f80f5c90bb55f3616332b418b55346d1a311f144b4c62ef9712900aa1ae983dc90f3761ea75570c8f0b7cb81d6c95
public exponent: 10001

  Signature Algorithm: SHA256WITHRSA
            Signature: b008e5c6667d74810796f1d39b18f4bf90293252
                       190a13cd70ed61026abfe44fde31f60bef6effa7
                       cd0897a1c76b979ccd114ba0e7d5f940b5ad3944
                       7f902b13c314ba68aff46f160b969f0542f63a10
                       7ade4dd67a659b75e9aff619da49fe834680f80d
                       eceed6aa85d425e1089115768cdbb8c9be953412
                       e512a339e5a6932bbaa50c96b6310b9a570c7a16
                       fcc3635182240140b165d2b57ba533bcb6829a18
                       bc2f2697eff95e0fbd30c7418895e40e99891ba7
                       0d90f2e7dae81a6923f6f02be70ad141bf683e07
                       a3b81a7be43a6bce3b843cfd7c40774296e7015c
                       7d11f5283d1a296b93e1412cfb1b36a102311d5a
                       f8888b17b9ef1d19e1a07c9ee0ba2cbd
       Extensions: 
                       critical(false) 2.5.29.17 value = Sequence
    Tagged [7] IMPLICIT 
        DER Octet String[4] 
    Tagged [2] IMPLICIT 
        DER Octet String[63] 

                       critical(true) KeyUsage: 0xb8
 from file: /home/runner/work/ozone/ozone/hadoop-ozone/integration-test/target/test-dir/MiniOzoneClusterImpl-a3d962f4-5b41-4a19-a1e3-7934b631c69d/datanode-0/meta/dn/certs/1877010553597.crt.
2023-06-17 00:47:27,949 [main] INFO  client.DNCertificateClient (DefaultCertificateClient.java:readCertificateFile(196)) - Added certificate   [0]         Version: 3
         SerialNumber: 1
             IssuerDN: CN=scm@fv-az275-58,OU=746ad1cd-7733-4d67-8369-e04f45d32291,O=a3d962f4-5b41-4a19-a1e3-7934b631c69d
           Start Date: Sat Jun 17 00:47:04 UTC 2023
           Final Date: Tue Jul 25 00:47:04 UTC 2028
            SubjectDN: CN=scm@fv-az275-58,OU=746ad1cd-7733-4d67-8369-e04f45d32291,O=a3d962f4-5b41-4a19-a1e3-7934b631c69d
           Public Key: RSA Public Key [7b:cf:70:d0:93:42:f4:01:f0:1e:ea:34:a2:6b:b9:62:05:69:f3:f2],[56:66:d1:a4]
        modulus: 88c84ab6323162062ea29aff9950a3eb1747e40235d1b92004a1d388be2e74237d7c413db826096b95327af74a77ed9e9fa8d319bed40f7071beadd0ec24ba64a931246b05b5adfefff07372da2faf5d158f837ffe8fd7e1bbb603a9241df8bb1db7a8a959e73331d3e78dccd286663fcbf06fce6c34d3884f1215801d54ede04d580a20a5c4d962ebef7ea23b83166539ac7a48ad5213cfcddaff22fbada65600293cc34bac796dadc8ec395ecc1d7a821477be0b8d54e9c7ecfa66c40e75de5357141d1b9fa3c92f4bb8a17059e0c408df292b59942fd36ca83c9cfd3455b9b77e61674099be87bf9d89089d4e7c0265834505605b858f3d18dac3135da177
public exponent: 10001

  Signature Algorithm: SHA256WITHRSA
            Signature: 01eab1b276f40e81071c2de0e5d4c6dcd3753d8c
                       4f2b12dd12917d79558fa1c3f55e4d9dde3e89e7
                       72c5d767f0b5da8574e06e7e6c5d56e1bc30501b
                       1b65d29db17cb08368cec918d6c5a100481705f8
                       875403be83d4e3223f9f2547b27fca066b199c40
                       f7bf16bc8acc72de9b069d65bc172814124c6de2
                       c6a337be5fbc3f6b9d2ef4b2b5a63e6ff409936d
                       65c750fdbe96aad1b5e4b4117ca703b126239794
                       df57f070c10551f45cb5b45cb1225fcd469e576d
                       440c138ed74c9b6b5996d85a512763472c743115
                       538c14bc0b074563187c8d5ee3ded7e66f166501
                       e97b67bdb1aa8e94aaafec24ba5c87234f1f24ab
                       acbd58bc49435754d552c14bc7d73da0
       Extensions: 
                       critical(true) BasicConstraints: isCa(true)
                       critical(true) KeyUsage: 0x6
                       critical(false) 2.5.29.17 value = Sequence
    Tagged [7] IMPLICIT 
        DER Octet String[4] 
    Tagged [2] IMPLICIT 
        DER Octet String[63] 

 from file: /home/runner/work/ozone/ozone/hadoop-ozone/integration-test/target/test-dir/MiniOzoneClusterImpl-a3d962f4-5b41-4a19-a1e3-7934b631c69d/datanode-0/meta/dn/certs/ROOTCA-1.crt.
2023-06-17 00:47:27,951 [main] INFO  client.DNCertificateClient (DefaultCertificateClient.java:readCertificateFile(196)) - Added certificate   [0]         Version: 3
         SerialNumber: 1853911944075
             IssuerDN: CN=scm@fv-az275-58,OU=746ad1cd-7733-4d67-8369-e04f45d32291,O=a3d962f4-5b41-4a19-a1e3-7934b631c69d
           Start Date: Sat Jun 17 00:47:04 UTC 2023
           Final Date: Tue Jul 25 00:47:04 UTC 2028
            SubjectDN: CN=scm-sub@localhost,OU=746ad1cd-7733-4d67-8369-e04f45d32291,O=a3d962f4-5b41-4a19-a1e3-7934b631c69d
           Public Key: RSA Public Key [c5:15:4b:98:cb:52:07:a9:6b:f5:b9:6e:60:4f:b7:1f:01:45:44:04],[56:66:d1:a4]
        modulus: c758ee6590ac2b2fe29d68c370167153b5d184ecbbbe240f342cc21060f23519472fdcf7a43d1ed286b4e31a7dddaeb140085301dcd321bbec62d054c33c472121292bb59dcdb416d26a6063d92efa0f3fb937523c09139c147d4e54fcdf5163c59a0fdd861755de69078874ded643ed83c8459471e35f1521be4e6e6fb6bfdfb6925def931f77fef59cdd0f28cea161d41e35edf67148bdcb60f6ad04ea8c0a1cd5ed3cfad2399a1a471965d2006b2b9d1552157e29da3af247b0a36b1a453ac312da1254489042718892e9af15497c269accd50f429999f6cabf4190df2b8a2af8e3515be102662504dcdaa7dfd5e6455b94cb16fa534b59aea08e9840062f
public exponent: 10001

  Signature Algorithm: SHA256WITHRSA
            Signature: 03c9f5f112bfe42b1906a2fff182149fe915be66
                       95bc962641855f12d4f947cbc8ded8c3a95e8cfb
                       e6a9d49dfdfb287ba98c267731a3ec88a8670560
                       0bd59df333e987ef42233071cc5493183fb892a4
                       fde3f79413d1e16b3904952bf8a2635fcff54fc6
                       35a6b8211bef4ef0f534073d7d34cb2c55342c35
                       b18623db241aef982c191c912f7e142c5bd27641
                       5f0d2bf66f0b730d65b6f005e57f73bef65243c5
                       c4d0383035ba78c28d3bb97c05995dc2475a24a3
                       f8bd1d62536c038b1759fa423b41c5d1a89ef230
                       acbf22a30f3622d7434029add6fa186f0a0779d1
                       9449b188b7421a02430db7fd2414149c92d7e349
                       bc588c7af996d3ba79e54a7b7a479a9a
       Extensions: 
                       critical(false) 2.5.29.17 value = Sequence
    Tagged [7] IMPLICIT 
        DER Octet String[4] 
    Tagged [2] IMPLICIT 
        DER Octet String[63] 

                       critical(true) BasicConstraints: isCa(true)
                       critical(true) KeyUsage: 0xbe
 from file: /home/runner/work/ozone/ozone/hadoop-ozone/integration-test/target/test-dir/MiniOzoneClusterImpl-a3d962f4-5b41-4a19-a1e3-7934b631c69d/datanode-0/meta/dn/certs/CA-1853911944075.crt.
2023-06-17 00:47:27,956 [main] INFO  client.DNCertificateClient (DefaultCertificateClient.java:startCertificateMonitor(1260)) - CertificateLifetimeMonitor for dn is started with first delay 29116799046 ms and interval 86400000 ms.
2023-06-17 00:47:28,069 [main] INFO  ozone.HddsDatanodeService (HddsDatanodeService.java:initializeCertificateClient(421)) - Successfully stored SCM signed certificate, case:GETCERT.
2023-06-17 00:47:28,070 [main] INFO  ha.SCMNodeInfo (SCMNodeInfo.java:getPort(197)) - ConfigKey ozone.scm.client.address is deprecated, For configuring different ports for each SCM use PortConfigKey ozone.scm.client.port appended with serviceId and nodeId
2023-06-17 00:47:28,070 [main] INFO  ha.SCMNodeInfo (SCMNodeInfo.java:getPort(197)) - ConfigKey ozone.scm.block.client.address is deprecated, For configuring different ports for each SCM use PortConfigKey ozone.scm.block.client.port appended with serviceId and nodeId
2023-06-17 00:47:28,070 [main] INFO  ha.SCMNodeInfo (SCMNodeInfo.java:getPort(197)) - ConfigKey ozone.scm.security.service.address is deprecated, For configuring different ports for each SCM use PortConfigKey ozone.scm.security.service.port appended with serviceId and nodeId
2023-06-17 00:47:28,070 [main] INFO  ha.SCMNodeInfo (SCMNodeInfo.java:getPort(197)) - ConfigKey ozone.scm.datanode.address is deprecated, For configuring different ports for each SCM use PortConfigKey ozone.scm.datanode.port appended with serviceId and nodeId
2023-06-17 00:47:28,070 [main] INFO  ha.SCMNodeInfo (SCMNodeInfo.java:getPort(197)) - ConfigKey ozone.scm.client.address is deprecated, For configuring different ports for each SCM use PortConfigKey ozone.scm.client.port appended with serviceId and nodeId
2023-06-17 00:47:28,070 [main] INFO  ha.SCMNodeInfo (SCMNodeInfo.java:getPort(197)) - ConfigKey ozone.scm.block.client.address is deprecated, For configuring different ports for each SCM use PortConfigKey ozone.scm.block.client.port appended with serviceId and nodeId
2023-06-17 00:47:28,071 [main] INFO  ha.SCMNodeInfo (SCMNodeInfo.java:getPort(197)) - ConfigKey ozone.scm.security.service.address is deprecated, For configuring different ports for each SCM use PortConfigKey ozone.scm.security.service.port appended with serviceId and nodeId
2023-06-17 00:47:28,071 [main] INFO  ha.SCMNodeInfo (SCMNodeInfo.java:getPort(197)) - ConfigKey ozone.scm.datanode.address is deprecated, For configuring different ports for each SCM use PortConfigKey ozone.scm.datanode.port appended with serviceId and nodeId
2023-06-17 00:47:28,071 [main] INFO  ha.SCMNodeInfo (SCMNodeInfo.java:getPort(197)) - ConfigKey ozone.scm.client.address is deprecated, For configuring different ports for each SCM use PortConfigKey ozone.scm.client.port appended with serviceId and nodeId
2023-06-17 00:47:28,071 [main] INFO  ha.SCMNodeInfo (SCMNodeInfo.java:getPort(197)) - ConfigKey ozone.scm.block.client.address is deprecated, For configuring different ports for each SCM use PortConfigKey ozone.scm.block.client.port appended with serviceId and nodeId
2023-06-17 00:47:28,071 [main] INFO  ha.SCMNodeInfo (SCMNodeInfo.java:getPort(197)) - ConfigKey ozone.scm.security.service.address is deprecated, For configuring different ports for each SCM use PortConfigKey ozone.scm.security.service.port appended with serviceId and nodeId
2023-06-17 00:47:28,072 [main] INFO  ha.SCMNodeInfo (SCMNodeInfo.java:getPort(197)) - ConfigKey ozone.scm.datanode.address is deprecated, For configuring different ports for each SCM use PortConfigKey ozone.scm.datanode.port appended with serviceId and nodeId
2023-06-17 00:47:28,075 [main] INFO  symmetric.DefaultSecretKeyVerifierClient (DefaultSecretKeyVerifierClient.java:<init>(77)) - Initializing secret key cache with size 6, TTL PT1M1S
2023-06-17 00:47:28,088 [Socket Reader #1 for port 15002] INFO  ipc.Server (Server.java:saslProcess(2116)) - Auth successful for scm/fv-az275-58.go2hi5et44qedpdz5zrtt3gknc.xx.internal.cloudapp.net@EXAMPLE.COM (auth:KERBEROS) from 10.1.0.235:43759
2023-06-17 00:47:28,104 [main] INFO  symmetric.DefaultSecretKeySignerClient (DefaultSecretKeySignerClient.java:start(73)) - Initial secret key fetched from SCM: SecretKey(id = d2282791-1de8-41db-82d9-01f4c51e3fcb, creation at: 2023-06-17T00:47:19.712Z, expire at: 2023-06-17T00:48:20.712Z).
2023-06-17 00:47:28,104 [main] INFO  symmetric.DefaultSecretKeySignerClient (DefaultSecretKeySignerClient.java:scheduleSecretKeyPoller(105)) - Scheduling SecretKeyPoller with initial delay of PT21.608S and interval of PT1S
2023-06-17 00:47:28,119 [main] INFO  upgrade.AbstractLayoutVersionManager (AbstractLayoutVersionManager.java:init(83)) - Initializing Layout version manager with metadata layout = HADOOP_PRC_PORTS_IN_DATANODEDETAILS (version = 7), software layout = HADOOP_PRC_PORTS_IN_DATANODEDETAILS (version = 7)
2023-06-17 00:47:28,124 [main] INFO  ha.SCMNodeInfo (SCMNodeInfo.java:getPort(197)) - ConfigKey ozone.scm.client.address is deprecated, For configuring different ports for each SCM use PortConfigKey ozone.scm.client.port appended with serviceId and nodeId
2023-06-17 00:47:28,124 [main] INFO  ha.SCMNodeInfo (SCMNodeInfo.java:getPort(197)) - ConfigKey ozone.scm.block.client.address is deprecated, For configuring different ports for each SCM use PortConfigKey ozone.scm.block.client.port appended with serviceId and nodeId
2023-06-17 00:47:28,124 [main] INFO  ha.SCMNodeInfo (SCMNodeInfo.java:getPort(197)) - ConfigKey ozone.scm.security.service.address is deprecated, For configuring different ports for each SCM use PortConfigKey ozone.scm.security.service.port appended with serviceId and nodeId
2023-06-17 00:47:28,124 [main] INFO  ha.SCMNodeInfo (SCMNodeInfo.java:getPort(197)) - ConfigKey ozone.scm.datanode.address is deprecated, For configuring different ports for each SCM use PortConfigKey ozone.scm.datanode.port appended with serviceId and nodeId
2023-06-17 00:47:28,124 [main] INFO  ha.SCMNodeInfo (SCMNodeInfo.java:getPort(197)) - ConfigKey ozone.scm.client.address is deprecated, For configuring different ports for each SCM use PortConfigKey ozone.scm.client.port appended with serviceId and nodeId
2023-06-17 00:47:28,124 [main] INFO  ha.SCMNodeInfo (SCMNodeInfo.java:getPort(197)) - ConfigKey ozone.scm.block.client.address is deprecated, For configuring different ports for each SCM use PortConfigKey ozone.scm.block.client.port appended with serviceId and nodeId
2023-06-17 00:47:28,125 [main] INFO  ha.SCMNodeInfo (SCMNodeInfo.java:getPort(197)) - ConfigKey ozone.scm.security.service.address is deprecated, For configuring different ports for each SCM use PortConfigKey ozone.scm.security.service.port appended with serviceId and nodeId
2023-06-17 00:47:28,125 [main] INFO  ha.SCMNodeInfo (SCMNodeInfo.java:getPort(197)) - ConfigKey ozone.scm.datanode.address is deprecated, For configuring different ports for each SCM use PortConfigKey ozone.scm.datanode.port appended with serviceId and nodeId
2023-06-17 00:47:28,125 [main] INFO  ha.SCMNodeInfo (SCMNodeInfo.java:getPort(197)) - ConfigKey ozone.scm.client.address is deprecated, For configuring different ports for each SCM use PortConfigKey ozone.scm.client.port appended with serviceId and nodeId
2023-06-17 00:47:28,125 [main] INFO  ha.SCMNodeInfo (SCMNodeInfo.java:getPort(197)) - ConfigKey ozone.scm.block.client.address is deprecated, For configuring different ports for each SCM use PortConfigKey ozone.scm.block.client.port appended with serviceId and nodeId
2023-06-17 00:47:28,126 [main] INFO  ha.SCMNodeInfo (SCMNodeInfo.java:getPort(197)) - ConfigKey ozone.scm.security.service.address is deprecated, For configuring different ports for each SCM use PortConfigKey ozone.scm.security.service.port appended with serviceId and nodeId
2023-06-17 00:47:28,127 [main] INFO  ha.SCMNodeInfo (SCMNodeInfo.java:getPort(197)) - ConfigKey ozone.scm.datanode.address is deprecated, For configuring different ports for each SCM use PortConfigKey ozone.scm.datanode.port appended with serviceId and nodeId
2023-06-17 00:47:28,129 [main] INFO  statemachine.DatanodeStateMachine (DatanodeStateMachine.java:getEndPointTaskThreadPoolSize(279)) - Datanode State Machine Task Thread Pool size 4
2023-06-17 00:47:28,214 [main] INFO  volume.HddsVolume (HddsVolume.java:<init>(130)) - Creating HddsVolume: /home/runner/work/ozone/ozone/hadoop-ozone/integration-test/target/test-dir/MiniOzoneClusterImpl-a3d962f4-5b41-4a19-a1e3-7934b631c69d/datanode-0/data-0/containers/hdds of storage type : DISK capacity : 9223372036854775807
2023-06-17 00:47:28,217 [main] INFO  volume.MutableVolumeSet (MutableVolumeSet.java:initializeVolumeSet(175)) - Added Volume : /home/runner/work/ozone/ozone/hadoop-ozone/integration-test/target/test-dir/MiniOzoneClusterImpl-a3d962f4-5b41-4a19-a1e3-7934b631c69d/datanode-0/data-0/containers/hdds to VolumeSet
2023-06-17 00:47:28,218 [main] INFO  volume.ThrottledAsyncChecker (ThrottledAsyncChecker.java:schedule(141)) - Scheduling a check for /home/runner/work/ozone/ozone/hadoop-ozone/integration-test/target/test-dir/MiniOzoneClusterImpl-a3d962f4-5b41-4a19-a1e3-7934b631c69d/datanode-0/data-0/containers/hdds
2023-06-17 00:47:28,248 [main] INFO  volume.StorageVolumeChecker (StorageVolumeChecker.java:checkAllVolumes(202)) - Scheduled health check for volume /home/runner/work/ozone/ozone/hadoop-ozone/integration-test/target/test-dir/MiniOzoneClusterImpl-a3d962f4-5b41-4a19-a1e3-7934b631c69d/datanode-0/data-0/containers/hdds
2023-06-17 00:47:28,270 [main] INFO  volume.MutableVolumeSet (MutableVolumeSet.java:initializeVolumeSet(175)) - Added Volume : /home/runner/work/ozone/ozone/hadoop-ozone/integration-test/target/test-dir/MiniOzoneClusterImpl-a3d962f4-5b41-4a19-a1e3-7934b631c69d/datanode-0/data/ratis to VolumeSet
2023-06-17 00:47:28,271 [main] INFO  volume.ThrottledAsyncChecker (ThrottledAsyncChecker.java:schedule(141)) - Scheduling a check for /home/runner/work/ozone/ozone/hadoop-ozone/integration-test/target/test-dir/MiniOzoneClusterImpl-a3d962f4-5b41-4a19-a1e3-7934b631c69d/datanode-0/data/ratis
2023-06-17 00:47:28,272 [main] INFO  volume.StorageVolumeChecker (StorageVolumeChecker.java:checkAllVolumes(202)) - Scheduled health check for volume /home/runner/work/ozone/ozone/hadoop-ozone/integration-test/target/test-dir/MiniOzoneClusterImpl-a3d962f4-5b41-4a19-a1e3-7934b631c69d/datanode-0/data/ratis
2023-06-17 00:47:28,299 [Thread-552] INFO  ozoneimpl.ContainerReader (ContainerReader.java:readVolume(175)) - Finish verifying containers on volume /home/runner/work/ozone/ozone/hadoop-ozone/integration-test/target/test-dir/MiniOzoneClusterImpl-a3d962f4-5b41-4a19-a1e3-7934b631c69d/datanode-0/data-0/containers/hdds
2023-06-17 00:47:28,299 [main] INFO  ozoneimpl.OzoneContainer (OzoneContainer.java:buildContainerSet(316)) - Build ContainerSet costs 0s
2023-06-17 00:47:28,357 [main] INFO  audit.AuditLogger (AuditLogger.java:refreshDebugCmdSet(126)) - Refresh DebugCmdSet for DNAudit to [].
2023-06-17 00:47:28,400 [main] INFO  server.RaftServer (ConfUtils.java:logGet(46)) - raft.rpc.type = GRPC (default)
2023-06-17 00:47:28,400 [main] INFO  grpc.GrpcConfigKeys (ConfUtils.java:logFallback(53)) - raft.grpc.admin.host = null (fallback to raft.grpc.server.host)
2023-06-17 00:47:28,400 [main] INFO  grpc.GrpcConfigKeys (ConfUtils.java:logGet(46)) - raft.grpc.admin.port = 15045 (custom)
2023-06-17 00:47:28,401 [main] INFO  grpc.GrpcConfigKeys (ConfUtils.java:logFallback(53)) - raft.grpc.client.host = null (fallback to raft.grpc.server.host)
2023-06-17 00:47:28,401 [main] INFO  grpc.GrpcConfigKeys (ConfUtils.java:logGet(46)) - raft.grpc.client.port = 15044 (custom)
2023-06-17 00:47:28,401 [main] INFO  grpc.GrpcConfigKeys (ConfUtils.java:logGet(46)) - raft.grpc.server.host = null (default)
2023-06-17 00:47:28,401 [main] INFO  grpc.GrpcConfigKeys (ConfUtils.java:logGet(46)) - raft.grpc.server.port = 15046 (custom)
2023-06-17 00:47:28,405 [main] INFO  server.GrpcService (ConfUtils.java:logGet(46)) - raft.grpc.message.size.max = 32MB (=33554432) (custom)
2023-06-17 00:47:28,405 [main] INFO  server.RaftServerConfigKeys (ConfUtils.java:logGet(46)) - raft.server.log.appender.buffer.byte-limit = 33554432 (custom)
2023-06-17 00:47:28,405 [main] INFO  server.GrpcService (ConfUtils.java:logGet(46)) - raft.grpc.flow.control.window = 5MB (=5242880) (custom)
2023-06-17 00:47:28,405 [main] INFO  server.RaftServerConfigKeys (ConfUtils.java:logGet(46)) - raft.server.rpc.request.timeout = 60s (custom)
2023-06-17 00:47:28,406 [main] INFO  grpc.GrpcConfigKeys (ConfUtils.java:logGet(46)) - raft.grpc.server.heartbeat.channel = true (default)
2023-06-17 00:47:28,406 [main] INFO  grpc.GrpcConfigKeys (ConfUtils.java:logGet(46)) - raft.grpc.server.async.request.thread.pool.cached = true (default)
2023-06-17 00:47:28,406 [main] INFO  grpc.GrpcConfigKeys (ConfUtils.java:logGet(46)) - raft.grpc.server.async.request.thread.pool.size = 32 (default)
2023-06-17 00:47:28,411 [main] INFO  impl.DataStreamServerImpl (ConfUtils.java:logGet(46)) - raft.datastream.type = NETTY (custom)
2023-06-17 00:47:28,422 [main] INFO  server.RaftServerConfigKeys (ConfUtils.java:logGet(46)) - raft.server.data-stream.async.request.thread.pool.cached = false (default)
2023-06-17 00:47:28,423 [main] INFO  server.RaftServerConfigKeys (ConfUtils.java:logGet(46)) - raft.server.data-stream.async.request.thread.pool.size = 20 (custom)
2023-06-17 00:47:28,423 [main] INFO  server.RaftServerConfigKeys (ConfUtils.java:logGet(46)) - raft.server.data-stream.async.write.thread.pool.size = 16 (default)
2023-06-17 00:47:28,424 [main] INFO  server.RaftServerConfigKeys (ConfUtils.java:logGet(46)) - raft.server.data-stream.client.pool.size = 10 (default)
2023-06-17 00:47:28,427 [main] INFO  netty.NettyConfigKeys$DataStream (ConfUtils.java:logGet(46)) - raft.netty.dataStream.server.use-epoll = false (default)
2023-06-17 00:47:28,427 [main] INFO  netty.NettyConfigKeys$DataStream (ConfUtils.java:logGet(46)) - raft.netty.dataStream.server.boss-group.size = 0 (default)
2023-06-17 00:47:28,438 [main] INFO  netty.NettyConfigKeys$DataStream (ConfUtils.java:logGet(46)) - raft.netty.dataStream.server.worker-group.size = 0 (default)
2023-06-17 00:47:28,439 [main] INFO  netty.NettyConfigKeys$DataStream (ConfUtils.java:logGet(46)) - raft.netty.dataStream.server.tls.conf = null (default)
2023-06-17 00:47:28,441 [main] INFO  netty.NettyConfigKeys$DataStream (ConfUtils.java:logGet(46)) - raft.netty.dataStream.host = null (default)
2023-06-17 00:47:28,442 [main] INFO  netty.NettyConfigKeys$DataStream (ConfUtils.java:logGet(46)) - raft.netty.dataStream.port = 15047 (custom)
2023-06-17 00:47:28,456 [main] INFO  server.RaftServerConfigKeys (ConfUtils.java:logGet(46)) - raft.server.threadpool.proxy.cached = true (default)
2023-06-17 00:47:28,456 [main] INFO  server.RaftServerConfigKeys (ConfUtils.java:logGet(46)) - raft.server.threadpool.proxy.size = 0 (default)
2023-06-17 00:47:28,457 [main] INFO  server.RaftServerConfigKeys (ConfUtils.java:logGet(46)) - raft.server.rpc.slowness.timeout = 300s (custom)
2023-06-17 00:47:28,457 [main] INFO  server.RaftServerConfigKeys (ConfUtils.java:logGet(46)) - raft.server.leaderelection.leader.step-down.wait-time = 10s (default)
2023-06-17 00:47:28,458 [main] INFO  server.RaftServerConfigKeys (ConfUtils.java:logGet(46)) - raft.server.storage.dir = [/home/runner/work/ozone/ozone/hadoop-ozone/integration-test/target/test-dir/MiniOzoneClusterImpl-a3d962f4-5b41-4a19-a1e3-7934b631c69d/datanode-0/data/ratis] (custom)
2023-06-17 00:47:28,473 [b906f068-6630-4fe8-91f5-8d80c31a04ef-NettyServerStreamRpc-bossGroup--thread1] INFO  logging.LoggingHandler (AbstractInternalLogger.java:log(148)) - [id: 0x458385a7] REGISTERED
2023-06-17 00:47:28,477 [b906f068-6630-4fe8-91f5-8d80c31a04ef-NettyServerStreamRpc-bossGroup--thread1] INFO  logging.LoggingHandler (AbstractInternalLogger.java:log(148)) - [id: 0x458385a7] BIND: 0.0.0.0/0.0.0.0:15047
2023-06-17 00:47:28,478 [b906f068-6630-4fe8-91f5-8d80c31a04ef-NettyServerStreamRpc-bossGroup--thread1] INFO  logging.LoggingHandler (AbstractInternalLogger.java:log(148)) - [id: 0x458385a7, L:/0:0:0:0:0:0:0:0:15047] ACTIVE
2023-06-17 00:47:28,499 [main] INFO  server.XceiverServerGrpc (XceiverServerGrpc.java:<init>(132)) - GrpcServer channel type EpollServerSocketChannel
2023-06-17 00:47:28,567 [main] INFO  replication.ReplicationSupervisor (ReplicationSupervisor.java:nodeStateUpdated(305)) - Node state updated to IN_SERVICE, scaling executor pool size to 10
2023-06-17 00:47:28,643 [main] INFO  http.BaseHttpServer (BaseHttpServer.java:newHttpServer2BuilderForOzone(224)) - Starting Web-server for hddsDatanode at: http://0.0.0.0:15041
2023-06-17 00:47:28,643 [main] INFO  http.BaseHttpServer (BaseHttpServer.java:<init>(111)) - Hadoop Security Enabled: true Ozone Security Enabled: true Ozone HTTP Security Enabled: false 
2023-06-17 00:47:28,645 [main] WARN  server.AuthenticationFilter (AuthenticationFilter.java:constructSecretProvider(240)) - Unable to initialize FileSignerSecretProvider, falling back to use random secrets. Reason: Could not read signature secret file: /home/runner/hadoop-http-auth-signature-secret
2023-06-17 00:47:28,646 [main] INFO  http.HttpRequestLog (HttpRequestLog.java:getRequestLog(86)) - Http request log for http.requests.hddsDatanode is not defined
2023-06-17 00:47:28,648 [main] INFO  http.HttpServer2 (HttpServer2.java:addGlobalFilter(1031)) - Added global filter 'safety' (class=org.apache.hadoop.hdds.server.http.HttpServer2$QuotingInputFilter)
2023-06-17 00:47:28,649 [main] INFO  http.HttpServer2 (HttpServer2.java:addFilter(1007)) - Added filter static_user_filter (class=org.apache.hadoop.http.lib.StaticUserWebFilter$StaticUserFilter) to context hddsDatanode
2023-06-17 00:47:28,649 [main] INFO  http.HttpServer2 (HttpServer2.java:addFilter(1015)) - Added filter static_user_filter (class=org.apache.hadoop.http.lib.StaticUserWebFilter$StaticUserFilter) to context logs
2023-06-17 00:47:28,649 [main] INFO  http.HttpServer2 (HttpServer2.java:addFilter(1015)) - Added filter static_user_filter (class=org.apache.hadoop.http.lib.StaticUserWebFilter$StaticUserFilter) to context static
2023-06-17 00:47:28,650 [main] INFO  http.BaseHttpServer (BaseHttpServer.java:<init>(190)) - HTTP server of hddsDatanode uses base directory /home/runner/work/ozone/ozone/hadoop-ozone/integration-test/target/test-dir/MiniOzoneClusterImpl-a3d962f4-5b41-4a19-a1e3-7934b631c69d/datanode-0/meta/webserver
2023-06-17 00:47:28,650 [main] INFO  http.HttpServer2 (HttpServer2.java:bindListener(1250)) - Jetty bound to port 15041
2023-06-17 00:47:28,651 [main] INFO  server.Server (Server.java:doStart(375)) - jetty-9.4.51.v20230217; built: 2023-02-17T08:19:37.309Z; git: b45c405e4544384de066f814ed42ae3dceacdd49; jvm 1.8.0_372-b07
2023-06-17 00:47:28,654 [main] INFO  server.session (DefaultSessionIdManager.java:doStart(334)) - DefaultSessionIdManager workerName=node0
2023-06-17 00:47:28,654 [main] INFO  server.session (DefaultSessionIdManager.java:doStart(339)) - No SessionScavenger set, using defaults
2023-06-17 00:47:28,654 [main] INFO  server.session (HouseKeeper.java:startScavenging(132)) - node0 Scavenging every 660000ms
2023-06-17 00:47:28,655 [main] INFO  handler.ContextHandler (ContextHandler.java:doStart(921)) - Started o.e.j.s.ServletContextHandler@a4d762e{logs,/logs,file:///home/runner/work/ozone/ozone/hadoop-ozone/integration-test/target/log,AVAILABLE}
2023-06-17 00:47:28,656 [main] INFO  handler.ContextHandler (ContextHandler.java:doStart(921)) - Started o.e.j.s.ServletContextHandler@3b806f13{static,/static,jar:file:/home/runner/.m2/repository/org/apache/ozone/hdds-container-service/1.4.0-SNAPSHOT/hdds-container-service-1.4.0-SNAPSHOT.jar!/webapps/static,AVAILABLE}
2023-06-17 00:47:28,954 [main] INFO  handler.ContextHandler (ContextHandler.java:doStart(921)) - Started o.e.j.w.WebAppContext@57fe742a{hddsDatanode,/,file:///home/runner/work/ozone/ozone/hadoop-ozone/integration-test/target/test-dir/MiniOzoneClusterImpl-a3d962f4-5b41-4a19-a1e3-7934b631c69d/datanode-0/meta/webserver/jetty-0_0_0_0-15041-hdds-container-service-1_4_0-SNAPSHOT_jar-_-any-2179986253712751456/webapp/,AVAILABLE}{jar:file:/home/runner/.m2/repository/org/apache/ozone/hdds-container-service/1.4.0-SNAPSHOT/hdds-container-service-1.4.0-SNAPSHOT.jar!/webapps/hddsDatanode}
2023-06-17 00:47:28,958 [main] INFO  server.AbstractConnector (AbstractConnector.java:doStart(333)) - Started ServerConnector@377623e9{HTTP/1.1, (http/1.1)}{0.0.0.0:15041}
2023-06-17 00:47:28,958 [main] INFO  server.Server (Server.java:doStart(415)) - Started @28547ms
2023-06-17 00:47:28,958 [main] WARN  impl.MetricsSystemImpl (MetricsSystemImpl.java:register(279)) - Sink prometheus already exists!
2023-06-17 00:47:28,959 [main] INFO  http.BaseHttpServer (BaseHttpServer.java:updateConnectorAddress(344)) - HTTP server of hddsDatanode listening at http://0.0.0.0:15041
2023-06-17 00:47:28,965 [main] INFO  ipc.CallQueueManager (CallQueueManager.java:<init>(90)) - Using callQueue: class java.util.concurrent.LinkedBlockingQueue, queueCapacity: 100, scheduler: class org.apache.hadoop.ipc.DefaultRpcScheduler, ipcBackoff: false.
2023-06-17 00:47:28,966 [Socket Reader #1 for port 15042] INFO  ipc.Server (Server.java:run(1319)) - Starting Socket Reader #1 for port 15042
2023-06-17 00:47:28,971 [Listener at 0.0.0.0/15042] INFO  hdds.HddsUtils (HddsUtils.java:preserveThreadName(848)) - Restoring thread name: main
2023-06-17 00:47:28,971 [main] INFO  ozone.HddsDatanodeService (HddsDatanodeService.java:start(344)) - Datanode start with admins: [runner, scm]
2023-06-17 00:47:28,971 [main] INFO  ozone.HddsDatanodeClientProtocolServer (HddsDatanodeClientProtocolServer.java:start(72)) - RPC server for Client /0.0.0.0:15042
2023-06-17 00:47:28,972 [IPC Server Responder] INFO  ipc.Server (Server.java:run(1558)) - IPC Server Responder: starting
2023-06-17 00:47:28,972 [IPC Server listener on 15042] INFO  ipc.Server (Server.java:run(1398)) - IPC Server listener on 15042: starting
2023-06-17 00:47:28,979 [main] INFO  ozone.MiniOzoneClusterImpl (MiniOzoneClusterImpl.java:lambda$waitForClusterToBeReady$0(224)) - Waiting for nodes to be ready. Got 0 of 1 DN Heartbeats.
2023-06-17 00:47:28,979 [main] INFO  ozone.MiniOzoneClusterImpl (MiniOzoneClusterImpl.java:lambda$waitForClusterToBeReady$0(227)) - Waiting for cluster to exit safe mode
2023-06-17 00:47:28,985 [main] INFO  ozone.MiniOzoneClusterImpl (MiniOzoneClusterImpl.java:lambda$waitForClusterToBeReady$0(229)) - SCM became leader
2023-06-17 00:47:28,975 [Datanode State Machine Daemon Thread] INFO  statemachine.DatanodeStateMachine (DatanodeStateMachine.java:lambda$startDaemon$0(531)) - Ozone container server started.
2023-06-17 00:47:29,008 [Datanode State Machine Task Thread - 0] INFO  ha.SCMNodeInfo (SCMNodeInfo.java:getPort(197)) - ConfigKey ozone.scm.client.address is deprecated, For configuring different ports for each SCM use PortConfigKey ozone.scm.client.port appended with serviceId and nodeId
2023-06-17 00:47:29,008 [Datanode State Machine Task Thread - 0] INFO  ha.SCMNodeInfo (SCMNodeInfo.java:getPort(197)) - ConfigKey ozone.scm.block.client.address is deprecated, For configuring different ports for each SCM use PortConfigKey ozone.scm.block.client.port appended with serviceId and nodeId
2023-06-17 00:47:29,008 [Datanode State Machine Task Thread - 0] INFO  ha.SCMNodeInfo (SCMNodeInfo.java:getPort(197)) - ConfigKey ozone.scm.security.service.address is deprecated, For configuring different ports for each SCM use PortConfigKey ozone.scm.security.service.port appended with serviceId and nodeId
2023-06-17 00:47:29,008 [Datanode State Machine Task Thread - 0] INFO  ha.SCMNodeInfo (SCMNodeInfo.java:getPort(197)) - ConfigKey ozone.scm.datanode.address is deprecated, For configuring different ports for each SCM use PortConfigKey ozone.scm.datanode.port appended with serviceId and nodeId
2023-06-17 00:47:29,008 [Datanode State Machine Task Thread - 0] INFO  ha.SCMNodeInfo (SCMNodeInfo.java:getPort(197)) - ConfigKey ozone.scm.client.address is deprecated, For configuring different ports for each SCM use PortConfigKey ozone.scm.client.port appended with serviceId and nodeId
2023-06-17 00:47:29,008 [Datanode State Machine Task Thread - 0] INFO  ha.SCMNodeInfo (SCMNodeInfo.java:getPort(197)) - ConfigKey ozone.scm.block.client.address is deprecated, For configuring different ports for each SCM use PortConfigKey ozone.scm.block.client.port appended with serviceId and nodeId
2023-06-17 00:47:29,008 [Datanode State Machine Task Thread - 0] INFO  ha.SCMNodeInfo (SCMNodeInfo.java:getPort(197)) - ConfigKey ozone.scm.security.service.address is deprecated, For configuring different ports for each SCM use PortConfigKey ozone.scm.security.service.port appended with serviceId and nodeId
2023-06-17 00:47:29,008 [Datanode State Machine Task Thread - 0] INFO  ha.SCMNodeInfo (SCMNodeInfo.java:getPort(197)) - ConfigKey ozone.scm.datanode.address is deprecated, For configuring different ports for each SCM use PortConfigKey ozone.scm.datanode.port appended with serviceId and nodeId
2023-06-17 00:47:29,008 [Datanode State Machine Task Thread - 0] INFO  ha.SCMNodeInfo (SCMNodeInfo.java:getPort(197)) - ConfigKey ozone.scm.client.address is deprecated, For configuring different ports for each SCM use PortConfigKey ozone.scm.client.port appended with serviceId and nodeId
2023-06-17 00:47:29,009 [Datanode State Machine Task Thread - 0] INFO  ha.SCMNodeInfo (SCMNodeInfo.java:getPort(197)) - ConfigKey ozone.scm.block.client.address is deprecated, For configuring different ports for each SCM use PortConfigKey ozone.scm.block.client.port appended with serviceId and nodeId
2023-06-17 00:47:29,009 [Datanode State Machine Task Thread - 0] INFO  ha.SCMNodeInfo (SCMNodeInfo.java:getPort(197)) - ConfigKey ozone.scm.security.service.address is deprecated, For configuring different ports for each SCM use PortConfigKey ozone.scm.security.service.port appended with serviceId and nodeId
2023-06-17 00:47:29,009 [Datanode State Machine Task Thread - 0] INFO  ha.SCMNodeInfo (SCMNodeInfo.java:getPort(197)) - ConfigKey ozone.scm.datanode.address is deprecated, For configuring different ports for each SCM use PortConfigKey ozone.scm.datanode.port appended with serviceId and nodeId
2023-06-17 00:47:29,079 [Datanode State Machine Task Thread - 0] INFO  datanode.InitDatanodeState (InitDatanodeState.java:persistContainerDatanodeDetails(138)) - DatanodeDetails is persisted to /home/runner/work/ozone/ozone/hadoop-ozone/integration-test/target/test-dir/MiniOzoneClusterImpl-a3d962f4-5b41-4a19-a1e3-7934b631c69d/datanode-0/meta/datanode.id
2023-06-17 00:47:29,985 [main] INFO  ozone.MiniOzoneClusterImpl (MiniOzoneClusterImpl.java:lambda$waitForClusterToBeReady$0(224)) - Waiting for nodes to be ready. Got 0 of 1 DN Heartbeats.
2023-06-17 00:47:29,986 [main] INFO  ozone.MiniOzoneClusterImpl (MiniOzoneClusterImpl.java:lambda$waitForClusterToBeReady$0(227)) - Waiting for cluster to exit safe mode
2023-06-17 00:47:29,986 [main] INFO  ozone.MiniOzoneClusterImpl (MiniOzoneClusterImpl.java:lambda$waitForClusterToBeReady$0(229)) - SCM became leader
2023-06-17 00:47:30,987 [main] INFO  ozone.MiniOzoneClusterImpl (MiniOzoneClusterImpl.java:lambda$waitForClusterToBeReady$0(224)) - Waiting for nodes to be ready. Got 0 of 1 DN Heartbeats.
2023-06-17 00:47:30,987 [main] INFO  ozone.MiniOzoneClusterImpl (MiniOzoneClusterImpl.java:lambda$waitForClusterToBeReady$0(227)) - Waiting for cluster to exit safe mode
2023-06-17 00:47:30,987 [main] INFO  ozone.MiniOzoneClusterImpl (MiniOzoneClusterImpl.java:lambda$waitForClusterToBeReady$0(229)) - SCM became leader
2023-06-17 00:47:31,035 [Socket Reader #1 for port 15012] INFO  ipc.Server (Server.java:saslProcess(2116)) - Auth successful for scm/fv-az275-58.go2hi5et44qedpdz5zrtt3gknc.xx.internal.cloudapp.net@EXAMPLE.COM (auth:KERBEROS) from 10.1.0.235:42861
2023-06-17 00:47:31,052 [Socket Reader #1 for port 15004] INFO  ipc.Server (Server.java:saslProcess(2116)) - Auth successful for scm/fv-az275-58.go2hi5et44qedpdz5zrtt3gknc.xx.internal.cloudapp.net@EXAMPLE.COM (auth:KERBEROS) from 10.1.0.235:32939
2023-06-17 00:47:31,193 [EndpointStateMachine task thread for /127.0.0.1:15004 - 0 ] INFO  utils.DatanodeStoreCache (DatanodeStoreCache.java:addDB(66)) - Added db /home/runner/work/ozone/ozone/hadoop-ozone/integration-test/target/test-dir/MiniOzoneClusterImpl-a3d962f4-5b41-4a19-a1e3-7934b631c69d/datanode-0/data-0/containers/hdds/a3d962f4-5b41-4a19-a1e3-7934b631c69d/DS-718379e1-1434-474a-9ad4-166011cc259f/container.db to cache
2023-06-17 00:47:31,193 [EndpointStateMachine task thread for /127.0.0.1:15004 - 0 ] INFO  volume.HddsVolume (HddsVolume.java:createDbStore(350)) - SchemaV3 db is created and loaded at /home/runner/work/ozone/ozone/hadoop-ozone/integration-test/target/test-dir/MiniOzoneClusterImpl-a3d962f4-5b41-4a19-a1e3-7934b631c69d/datanode-0/data-0/containers/hdds/a3d962f4-5b41-4a19-a1e3-7934b631c69d/DS-718379e1-1434-474a-9ad4-166011cc259f/container.db for volume DS-718379e1-1434-474a-9ad4-166011cc259f
2023-06-17 00:47:31,199 [EndpointStateMachine task thread for /127.0.0.1:15004 - 0 ] INFO  ozoneimpl.OzoneContainer (OzoneContainer.java:start(411)) - Attempting to start container services.
2023-06-17 00:47:31,205 [EndpointStateMachine task thread for /127.0.0.1:15004 - 0 ] INFO  ozoneimpl.OzoneContainer (OzoneContainer.java:startContainerScrub(327)) - Scheduled background container scanners and the on-demand container scanner have been disabled.
2023-06-17 00:47:31,210 [EndpointStateMachine task thread for /127.0.0.1:15004 - 0 ] INFO  replication.ReplicationServer (ReplicationServer.java:start(128)) - ReplicationServer is started using port 15048
2023-06-17 00:47:31,210 [EndpointStateMachine task thread for /127.0.0.1:15004 - 0 ] INFO  ratis.XceiverServerRatis (XceiverServerRatis.java:start(517)) - Starting XceiverServerRatis b906f068-6630-4fe8-91f5-8d80c31a04ef
2023-06-17 00:47:31,211 [EndpointStateMachine task thread for /127.0.0.1:15004 - 0 ] INFO  server.RaftServer (RaftServerProxy.java:startImpl(400)) - b906f068-6630-4fe8-91f5-8d80c31a04ef: start RPC server
2023-06-17 00:47:31,218 [EndpointStateMachine task thread for /127.0.0.1:15004 - 0 ] INFO  server.GrpcService (GrpcService.java:startImpl(302)) - b906f068-6630-4fe8-91f5-8d80c31a04ef: GrpcService started, listening on 15044
2023-06-17 00:47:31,228 [EndpointStateMachine task thread for /127.0.0.1:15004 - 0 ] INFO  server.GrpcService (GrpcService.java:startImpl(302)) - b906f068-6630-4fe8-91f5-8d80c31a04ef: GrpcService started, listening on 15046
2023-06-17 00:47:31,234 [EndpointStateMachine task thread for /127.0.0.1:15004 - 0 ] INFO  server.GrpcService (GrpcService.java:startImpl(302)) - b906f068-6630-4fe8-91f5-8d80c31a04ef: GrpcService started, listening on 15045
2023-06-17 00:47:31,234 [EndpointStateMachine task thread for /127.0.0.1:15004 - 0 ] INFO  ratis.XceiverServerRatis (XceiverServerRatis.java:getRealPort(543)) - XceiverServerRatis b906f068-6630-4fe8-91f5-8d80c31a04ef is started using port 15044 for RATIS
2023-06-17 00:47:31,234 [JvmPauseMonitor4] INFO  util.JvmPauseMonitor (JvmPauseMonitor.java:run(103)) - JvmPauseMonitor-b906f068-6630-4fe8-91f5-8d80c31a04ef: Started
2023-06-17 00:47:31,234 [EndpointStateMachine task thread for /127.0.0.1:15004 - 0 ] INFO  ratis.XceiverServerRatis (XceiverServerRatis.java:getRealPort(543)) - XceiverServerRatis b906f068-6630-4fe8-91f5-8d80c31a04ef is started using port 15045 for RATIS_ADMIN
2023-06-17 00:47:31,235 [EndpointStateMachine task thread for /127.0.0.1:15004 - 0 ] INFO  ratis.XceiverServerRatis (XceiverServerRatis.java:getRealPort(543)) - XceiverServerRatis b906f068-6630-4fe8-91f5-8d80c31a04ef is started using port 15046 for RATIS_SERVER
2023-06-17 00:47:31,235 [EndpointStateMachine task thread for /127.0.0.1:15004 - 0 ] INFO  ratis.XceiverServerRatis (XceiverServerRatis.java:getRealPort(543)) - XceiverServerRatis b906f068-6630-4fe8-91f5-8d80c31a04ef is started using port 15047 for RATIS_DATASTREAM
2023-06-17 00:47:31,240 [EndpointStateMachine task thread for /127.0.0.1:15012 - 0 ] INFO  ozoneimpl.OzoneContainer (OzoneContainer.java:start(407)) - Ignore. OzoneContainer already started.
2023-06-17 00:47:31,245 [BlockDeletingService#0] INFO  interfaces.ContainerDeletionChoosingPolicyTemplate (ContainerDeletionChoosingPolicyTemplate.java:chooseContainerForBlockDeletion(83)) - Chosen 0/5000 blocks from 0 candidate containers.
2023-06-17 00:47:31,987 [main] INFO  ozone.MiniOzoneClusterImpl (MiniOzoneClusterImpl.java:lambda$waitForClusterToBeReady$0(224)) - Waiting for nodes to be ready. Got 0 of 1 DN Heartbeats.
2023-06-17 00:47:31,988 [main] INFO  ozone.MiniOzoneClusterImpl (MiniOzoneClusterImpl.java:lambda$waitForClusterToBeReady$0(227)) - Waiting for cluster to exit safe mode
2023-06-17 00:47:31,988 [main] INFO  ozone.MiniOzoneClusterImpl (MiniOzoneClusterImpl.java:lambda$waitForClusterToBeReady$0(229)) - SCM became leader
2023-06-17 00:47:32,014 [1b2d6476-f033-43c5-b598-7121a6e75b28@group-7934B631C69D-FollowerState] INFO  server.RaftServerConfigKeys (ConfUtils.java:logFallback(53)) - raft.server.rpc.first-election.timeout.min = 5000ms (fallback to raft.server.rpc.timeout.min)
2023-06-17 00:47:32,015 [1b2d6476-f033-43c5-b598-7121a6e75b28@group-7934B631C69D-FollowerState] INFO  server.RaftServerConfigKeys (ConfUtils.java:logFallback(53)) - raft.server.rpc.first-election.timeout.max = 5200ms (fallback to raft.server.rpc.timeout.max)
2023-06-17 00:47:32,988 [main] INFO  ozone.MiniOzoneClusterImpl (MiniOzoneClusterImpl.java:lambda$waitForClusterToBeReady$0(224)) - Waiting for nodes to be ready. Got 0 of 1 DN Heartbeats.
2023-06-17 00:47:32,989 [main] INFO  ozone.MiniOzoneClusterImpl (MiniOzoneClusterImpl.java:lambda$waitForClusterToBeReady$0(227)) - Waiting for cluster to exit safe mode
2023-06-17 00:47:32,989 [main] INFO  ozone.MiniOzoneClusterImpl (MiniOzoneClusterImpl.java:lambda$waitForClusterToBeReady$0(229)) - SCM became leader
2023-06-17 00:47:33,076 [IPC Server handler 17 on default port 15012] INFO  net.NetworkTopologyImpl (NetworkTopologyImpl.java:add(112)) - Added a new node: /default-rack/b906f068-6630-4fe8-91f5-8d80c31a04ef
2023-06-17 00:47:33,079 [IPC Server handler 17 on default port 15012] INFO  node.SCMNodeManager (SCMNodeManager.java:register(407)) - Registered Data node : b906f068-6630-4fe8-91f5-8d80c31a04ef{ip: 10.1.0.235, host: fv-az275-58.go2hi5et44qedpdz5zrtt3gknc.xx.internal.cloudapp.net, ports: [HTTP=15041, CLIENT_RPC=15042, REPLICATION=15048, RATIS=15044, RATIS_ADMIN=15045, RATIS_SERVER=15046, RATIS_DATASTREAM=15047, STANDALONE=15043], networkLocation: /default-rack, certSerialId: 1877010553597, persistedOpState: null, persistedOpStateExpiryEpochSec: 0}
2023-06-17 00:47:33,091 [IPC Server handler 0 on default port 15004] INFO  net.NetworkTopologyImpl (NetworkTopologyImpl.java:add(112)) - Added a new node: /default-rack/b906f068-6630-4fe8-91f5-8d80c31a04ef
2023-06-17 00:47:33,092 [IPC Server handler 0 on default port 15004] INFO  node.SCMNodeManager (SCMNodeManager.java:register(407)) - Registered Data node : b906f068-6630-4fe8-91f5-8d80c31a04ef{ip: 10.1.0.235, host: fv-az275-58.go2hi5et44qedpdz5zrtt3gknc.xx.internal.cloudapp.net, ports: [HTTP=15041, CLIENT_RPC=15042, REPLICATION=15048, RATIS=15044, RATIS_ADMIN=15045, RATIS_SERVER=15046, RATIS_DATASTREAM=15047, STANDALONE=15043], networkLocation: /default-rack, certSerialId: 1877010553597, persistedOpState: null, persistedOpStateExpiryEpochSec: 0}
2023-06-17 00:47:33,109 [EventQueue-NodeRegistrationContainerReportForDataNodeSafeModeRule] INFO  safemode.SCMSafeModeManager (DataNodeSafeModeRule.java:process(71)) - SCM in safe mode. 1 DataNodes registered, 1 required.
2023-06-17 00:47:33,129 [EventQueue-NewNodeForNewNodeHandler] INFO  pipeline.BackgroundPipelineCreator (BackgroundPipelineCreator.java:notifyEventTriggered(269)) - ignore, not leader SCM.
2023-06-17 00:47:33,109 [EventQueue-NodeRegistrationContainerReportForDataNodeSafeModeRule] INFO  safemode.SCMSafeModeManager (DataNodeSafeModeRule.java:process(71)) - SCM in safe mode. 1 DataNodes registered, 1 required.
2023-06-17 00:47:33,136 [EventQueue-NodeRegistrationContainerReportForDataNodeSafeModeRule] INFO  safemode.SCMSafeModeManager (SCMSafeModeManager.java:validateSafeModeExitRules(200)) - DataNodeSafeModeRule rule is successfully validated
2023-06-17 00:47:33,136 [EventQueue-NodeRegistrationContainerReportForDataNodeSafeModeRule] INFO  safemode.SCMSafeModeManager (SCMSafeModeManager.java:completePreCheck(229)) - All SCM safe mode pre check rules have passed
2023-06-17 00:47:33,136 [EventQueue-NodeRegistrationContainerReportForDataNodeSafeModeRule] INFO  ha.SCMContext (SCMContext.java:updateSafeModeStatus(228)) - Update SafeModeStatus from SafeModeStatus{safeModeStatus=true, preCheckPassed=false} to SafeModeStatus{safeModeStatus=true, preCheckPassed=true}.
2023-06-17 00:47:33,126 [EventQueue-NewNodeForNewNodeHandler] INFO  pipeline.BackgroundPipelineCreator (BackgroundPipelineCreator.java:notifyEventTriggered(276)) - trigger a one-shot run on RatisPipelineUtilsThread.
2023-06-17 00:47:33,136 [EventQueue-NodeRegistrationContainerReportForDataNodeSafeModeRule] INFO  pipeline.BackgroundPipelineCreator (BackgroundPipelineCreator.java:notifyEventTriggered(276)) - trigger a one-shot run on RatisPipelineUtilsThread.
2023-06-17 00:47:33,137 [EventQueue-NodeRegistrationContainerReportForDataNodeSafeModeRule] INFO  safemode.SCMSafeModeManager (SCMSafeModeManager.java:validateSafeModeExitRules(215)) - ScmSafeModeManager, all rules are successfully validated
2023-06-17 00:47:33,137 [EventQueue-NodeRegistrationContainerReportForDataNodeSafeModeRule] INFO  safemode.SCMSafeModeManager (SCMSafeModeManager.java:exitSafeMode(244)) - SCM exiting safe mode.
2023-06-17 00:47:33,137 [EventQueue-NodeRegistrationContainerReportForDataNodeSafeModeRule] INFO  ha.SCMContext (SCMContext.java:updateSafeModeStatus(228)) - Update SafeModeStatus from SafeModeStatus{safeModeStatus=true, preCheckPassed=true} to SafeModeStatus{safeModeStatus=false, preCheckPassed=true}.
2023-06-17 00:47:33,137 [EventQueue-NodeRegistrationContainerReportForDataNodeSafeModeRule] INFO  BackgroundPipelineScrubber (BackgroundSCMService.java:notifyStatusChanged(82)) - Service BackgroundPipelineScrubber transitions to RUNNING.
2023-06-17 00:47:33,138 [EventQueue-NodeRegistrationContainerReportForDataNodeSafeModeRule] INFO  ExpiredContainerReplicaOpScrubber (BackgroundSCMService.java:notifyStatusChanged(82)) - Service ExpiredContainerReplicaOpScrubber transitions to RUNNING.
2023-06-17 00:47:33,139 [EventQueue-NodeRegistrationContainerReportForDataNodeSafeModeRule] INFO  safemode.SCMSafeModeManager (SCMSafeModeManager.java:validateSafeModeExitRules(200)) - DataNodeSafeModeRule rule is successfully validated
2023-06-17 00:47:33,139 [EventQueue-NodeRegistrationContainerReportForDataNodeSafeModeRule] INFO  safemode.SCMSafeModeManager (SCMSafeModeManager.java:completePreCheck(229)) - All SCM safe mode pre check rules have passed
2023-06-17 00:47:33,139 [EventQueue-NodeRegistrationContainerReportForDataNodeSafeModeRule] INFO  ha.SCMContext (SCMContext.java:updateSafeModeStatus(228)) - Update SafeModeStatus from SafeModeStatus{safeModeStatus=true, preCheckPassed=false} to SafeModeStatus{safeModeStatus=true, preCheckPassed=true}.
2023-06-17 00:47:33,139 [EventQueue-NodeRegistrationContainerReportForDataNodeSafeModeRule] INFO  pipeline.BackgroundPipelineCreator (BackgroundPipelineCreator.java:notifyEventTriggered(269)) - ignore, not leader SCM.
2023-06-17 00:47:33,139 [EventQueue-NodeRegistrationContainerReportForDataNodeSafeModeRule] INFO  safemode.SCMSafeModeManager (SCMSafeModeManager.java:validateSafeModeExitRules(215)) - ScmSafeModeManager, all rules are successfully validated
2023-06-17 00:47:33,139 [EventQueue-NodeRegistrationContainerReportForDataNodeSafeModeRule] INFO  safemode.SCMSafeModeManager (SCMSafeModeManager.java:exitSafeMode(244)) - SCM exiting safe mode.
2023-06-17 00:47:33,139 [EventQueue-NodeRegistrationContainerReportForDataNodeSafeModeRule] INFO  ha.SCMContext (SCMContext.java:updateSafeModeStatus(228)) - Update SafeModeStatus from SafeModeStatus{safeModeStatus=true, preCheckPassed=true} to SafeModeStatus{safeModeStatus=false, preCheckPassed=true}.
2023-06-17 00:47:33,139 [EventQueue-NodeRegistrationContainerReportForDataNodeSafeModeRule] INFO  replication.ReplicationManager (ReplicationManager.java:notifyStatusChanged(1361)) - Service ReplicationManager transitions to RUNNING.
2023-06-17 00:47:33,139 [EventQueue-NodeRegistrationContainerReportForDataNodeSafeModeRule] INFO  security.RootCARotationManager (RootCARotationManager.java:notifyStatusChanged(104)) - notifyStatusChanged: enable monitor task
2023-06-17 00:47:33,144 [EventQueue-NodeRegistrationContainerReportForDataNodeSafeModeRule] WARN  balancer.ContainerBalancer (ContainerBalancer.java:shouldRun(135)) - Could not find persisted configuration for ContainerBalancer when checking if ContainerBalancer should run. ContainerBalancer should not run now.
2023-06-17 00:47:33,144 [EventQueue-NodeRegistrationContainerReportForDataNodeSafeModeRule] INFO  SCMHATransactionMonitor (BackgroundSCMService.java:notifyStatusChanged(82)) - Service SCMHATransactionMonitor transitions to RUNNING.
2023-06-17 00:47:33,156 [RatisPipelineUtilsThread - 0] INFO  pipeline.RatisPipelineProvider (RatisPipelineProvider.java:lambda$create$0(206)) - Sending CreatePipelineCommand for pipeline:PipelineID=1d138773-6f06-4b75-a8db-f300513684fb to datanode:b906f068-6630-4fe8-91f5-8d80c31a04ef
2023-06-17 00:47:33,179 [746ad1cd-7733-4d67-8369-e04f45d32291@group-7934B631C69D-StateMachineUpdater] INFO  pipeline.PipelineStateManagerImpl (PipelineStateManagerImpl.java:addPipeline(103)) - Created pipeline Pipeline[ Id: 1d138773-6f06-4b75-a8db-f300513684fb, Nodes: b906f068-6630-4fe8-91f5-8d80c31a04ef(fv-az275-58.go2hi5et44qedpdz5zrtt3gknc.xx.internal.cloudapp.net/10.1.0.235), ReplicationConfig: RATIS/ONE, State:ALLOCATED, leaderId:, CreationTimestamp2023-06-17T00:47:33.155Z[Etc/UTC]].
2023-06-17 00:47:33,187 [1b2d6476-f033-43c5-b598-7121a6e75b28@group-7934B631C69D-StateMachineUpdater] INFO  pipeline.PipelineStateManagerImpl (PipelineStateManagerImpl.java:addPipeline(103)) - Created pipeline Pipeline[ Id: 1d138773-6f06-4b75-a8db-f300513684fb, Nodes: b906f068-6630-4fe8-91f5-8d80c31a04ef(fv-az275-58.go2hi5et44qedpdz5zrtt3gknc.xx.internal.cloudapp.net/10.1.0.235), ReplicationConfig: RATIS/ONE, State:ALLOCATED, leaderId:, CreationTimestamp2023-06-17T00:47:33.155Z[Etc/UTC]].
2023-06-17 00:47:33,191 [RatisPipelineUtilsThread - 0] ERROR scm.SCMCommonPlacementPolicy (SCMCommonPlacementPolicy.java:filterNodesWithSpace(285)) - Unable to find enough nodes that meet the space requirement of 1073741824 bytes for metadata and 5368709120 bytes for data in healthy node set. Required 3. Found 1.
2023-06-17 00:47:33,193 [RatisPipelineUtilsThread - 0] ERROR scm.SCMCommonPlacementPolicy (SCMCommonPlacementPolicy.java:filterNodesWithSpace(285)) - Unable to find enough nodes that meet the space requirement of 1073741824 bytes for metadata and 5368709120 bytes for data in healthy node set. Required 3. Found 1.
2023-06-17 00:47:33,989 [main] INFO  ozone.MiniOzoneClusterImpl (MiniOzoneClusterImpl.java:lambda$waitForClusterToBeReady$0(224)) - Nodes are ready. Got 1 of 1 DN Heartbeats.
2023-06-17 00:47:33,990 [main] INFO  ozone.MiniOzoneClusterImpl (MiniOzoneClusterImpl.java:lambda$waitForClusterToBeReady$0(227)) - Cluster exits safe mode
2023-06-17 00:47:33,990 [main] INFO  ozone.MiniOzoneClusterImpl (MiniOzoneClusterImpl.java:lambda$waitForClusterToBeReady$0(229)) - SCM became leader
2023-06-17 00:47:36,019 [Datanode State Machine Daemon Thread] ERROR datanode.RunningDatanodeState (RunningDatanodeState.java:computeNextContainerState(207)) - Error in executing end point task.
java.util.concurrent.ExecutionException: java.util.concurrent.TimeoutException
	at java.util.concurrent.FutureTask.report(FutureTask.java:122)
	at java.util.concurrent.FutureTask.get(FutureTask.java:192)
	at org.apache.hadoop.ozone.container.common.states.datanode.RunningDatanodeState.computeNextContainerState(RunningDatanodeState.java:199)
	at org.apache.hadoop.ozone.container.common.states.datanode.RunningDatanodeState.await(RunningDatanodeState.java:239)
	at org.apache.hadoop.ozone.container.common.states.datanode.RunningDatanodeState.await(RunningDatanodeState.java:50)
	at org.apache.hadoop.ozone.container.common.statemachine.StateContext.execute(StateContext.java:666)
	at org.apache.hadoop.ozone.container.common.statemachine.DatanodeStateMachine.startStateMachineThread(DatanodeStateMachine.java:334)
	at org.apache.hadoop.ozone.container.common.statemachine.DatanodeStateMachine.lambda$startDaemon$0(DatanodeStateMachine.java:532)
	at java.lang.Thread.run(Thread.java:750)
Caused by: java.util.concurrent.TimeoutException
	at java.util.concurrent.FutureTask.get(FutureTask.java:205)
	at org.apache.hadoop.ozone.container.common.states.datanode.RunningDatanodeState.lambda$execute$0(RunningDatanodeState.java:157)
	at java.util.concurrent.FutureTask.run(FutureTask.java:266)
	at java.util.concurrent.Executors$RunnableAdapter.call(Executors.java:511)
	at java.util.concurrent.FutureTask.run(FutureTask.java:266)
	at java.util.concurrent.ThreadPoolExecutor.runWorker(ThreadPoolExecutor.java:1149)
	at java.util.concurrent.ThreadPoolExecutor$Worker.run(ThreadPoolExecutor.java:624)
	... 1 more
2023-06-17 00:47:36,048 [EndpointStateMachine task thread for /127.0.0.1:15020 - 0 ] WARN  statemachine.EndpointStateMachine (EndpointStateMachine.java:logIfNeeded(242)) - Unable to communicate to SCM server at localhost:15020 for past 0 seconds.
java.io.IOException: DestHost:destPort localhost:15020 , LocalHost:localPort fv-az275-58/10.1.0.235:0. Failed on local exception: java.io.IOException: java.net.SocketTimeoutException: 5000 millis timeout while waiting for channel to be ready for read. ch : java.nio.channels.SocketChannel[connected local=/10.1.0.235:34871 remote=localhost/127.0.0.1:15020]
	at sun.reflect.NativeConstructorAccessorImpl.newInstance0(Native Method)
	at sun.reflect.NativeConstructorAccessorImpl.newInstance(NativeConstructorAccessorImpl.java:62)
	at sun.reflect.DelegatingConstructorAccessorImpl.newInstance(DelegatingConstructorAccessorImpl.java:45)
	at java.lang.reflect.Constructor.newInstance(Constructor.java:423)
	at org.apache.hadoop.net.NetUtils.wrapWithMessage(NetUtils.java:930)
	at org.apache.hadoop.net.NetUtils.wrapException(NetUtils.java:905)
	at org.apache.hadoop.ipc.Client.getRpcResponse(Client.java:1588)
	at org.apache.hadoop.ipc.Client.call(Client.java:1530)
	at org.apache.hadoop.ipc.Client.call(Client.java:1427)
	at org.apache.hadoop.ipc.ProtobufRpcEngine$Invoker.invoke(ProtobufRpcEngine.java:250)
	at org.apache.hadoop.ipc.ProtobufRpcEngine$Invoker.invoke(ProtobufRpcEngine.java:132)
	at com.sun.proxy.$Proxy57.submitRequest(Unknown Source)
	at org.apache.hadoop.ozone.protocolPB.StorageContainerDatanodeProtocolClientSideTranslatorPB.submitRequest(StorageContainerDatanodeProtocolClientSideTranslatorPB.java:117)
	at org.apache.hadoop.ozone.protocolPB.StorageContainerDatanodeProtocolClientSideTranslatorPB.getVersion(StorageContainerDatanodeProtocolClientSideTranslatorPB.java:133)
	at org.apache.hadoop.ozone.container.common.states.endpoint.VersionEndpointTask.call(VersionEndpointTask.java:71)
	at org.apache.hadoop.ozone.container.common.states.endpoint.VersionEndpointTask.call(VersionEndpointTask.java:42)
	at java.util.concurrent.FutureTask.run(FutureTask.java:266)
	at java.util.concurrent.ThreadPoolExecutor.runWorker(ThreadPoolExecutor.java:1149)
	at java.util.concurrent.ThreadPoolExecutor$Worker.run(ThreadPoolExecutor.java:624)
	at java.lang.Thread.run(Thread.java:750)
Caused by: java.io.IOException: java.net.SocketTimeoutException: 5000 millis timeout while waiting for channel to be ready for read. ch : java.nio.channels.SocketChannel[connected local=/10.1.0.235:34871 remote=localhost/127.0.0.1:15020]
	at org.apache.hadoop.ipc.Client$Connection$1.run(Client.java:755)
	at java.security.AccessController.doPrivileged(Native Method)
	at javax.security.auth.Subject.doAs(Subject.java:422)
	at org.apache.hadoop.security.UserGroupInformation.doAs(UserGroupInformation.java:1899)
	at org.apache.hadoop.ipc.Client$Connection.handleSaslConnectionFailure(Client.java:709)
	at org.apache.hadoop.ipc.Client$Connection.setupIOstreams(Client.java:813)
	at org.apache.hadoop.ipc.Client$Connection.access$3800(Client.java:363)
	at org.apache.hadoop.ipc.Client.getConnection(Client.java:1649)
	at org.apache.hadoop.ipc.Client.call(Client.java:1474)
	... 12 more
Caused by: java.net.SocketTimeoutException: 5000 millis timeout while waiting for channel to be ready for read. ch : java.nio.channels.SocketChannel[connected local=/10.1.0.235:34871 remote=localhost/127.0.0.1:15020]
	at org.apache.hadoop.net.SocketIOWithTimeout.doIO(SocketIOWithTimeout.java:163)
	at org.apache.hadoop.net.SocketInputStream.read(SocketInputStream.java:161)
	at org.apache.hadoop.net.SocketInputStream.read(SocketInputStream.java:131)
	at java.io.FilterInputStream.read(FilterInputStream.java:133)
	at java.io.BufferedInputStream.fill(BufferedInputStream.java:246)
	at java.io.BufferedInputStream.read(BufferedInputStream.java:265)
	at java.io.DataInputStream.readInt(DataInputStream.java:387)
	at org.apache.hadoop.ipc.Client$IpcStreams.readResponse(Client.java:1923)
	at org.apache.hadoop.security.SaslRpcClient.saslConnect(SaslRpcClient.java:367)
	at org.apache.hadoop.ipc.Client$Connection.setupSaslConnection(Client.java:577)
	at org.apache.hadoop.ipc.Client$Connection.access$2100(Client.java:363)
	at org.apache.hadoop.ipc.Client$Connection$2.run(Client.java:800)
	at org.apache.hadoop.ipc.Client$Connection$2.run(Client.java:796)
	at java.security.AccessController.doPrivileged(Native Method)
	at javax.security.auth.Subject.doAs(Subject.java:422)
	at org.apache.hadoop.security.UserGroupInformation.doAs(UserGroupInformation.java:1899)
	at org.apache.hadoop.ipc.Client$Connection.setupIOstreams(Client.java:796)
	... 15 more
2023-06-17 00:47:36,050 [PipelineCommandHandlerThread-0] INFO  server.RaftServer (RaftServerProxy.java:addNew(98)) - b906f068-6630-4fe8-91f5-8d80c31a04ef: addNew group-F300513684FB:[b906f068-6630-4fe8-91f5-8d80c31a04ef|rpc:10.1.0.235:15046|admin:10.1.0.235:15045|client:10.1.0.235:15044|dataStream:10.1.0.235:15047|priority:1|startupRole:FOLLOWER] returns group-F300513684FB:java.util.concurrent.CompletableFuture@70b5c42b[Not completed]
2023-06-17 00:47:36,064 [b906f068-6630-4fe8-91f5-8d80c31a04ef-groupManagement] INFO  server.RaftServer$Division (RaftServerImpl.java:<init>(198)) - b906f068-6630-4fe8-91f5-8d80c31a04ef: new RaftServerImpl for group-F300513684FB:[b906f068-6630-4fe8-91f5-8d80c31a04ef|rpc:10.1.0.235:15046|admin:10.1.0.235:15045|client:10.1.0.235:15044|dataStream:10.1.0.235:15047|priority:1|startupRole:FOLLOWER] with ContainerStateMachine:uninitialized
2023-06-17 00:47:36,064 [b906f068-6630-4fe8-91f5-8d80c31a04ef-groupManagement] INFO  server.RaftServerConfigKeys (ConfUtils.java:logGet(46)) - raft.server.rpc.timeout.min = 5s (custom)
2023-06-17 00:47:36,064 [b906f068-6630-4fe8-91f5-8d80c31a04ef-groupManagement] INFO  server.RaftServerConfigKeys (ConfUtils.java:logGet(46)) - raft.server.rpc.timeout.max = 5200ms (custom)
2023-06-17 00:47:36,064 [b906f068-6630-4fe8-91f5-8d80c31a04ef-groupManagement] INFO  server.RaftServerConfigKeys (ConfUtils.java:logGet(46)) - raft.server.rpc.sleep.time = 25ms (default)
2023-06-17 00:47:36,064 [b906f068-6630-4fe8-91f5-8d80c31a04ef-groupManagement] INFO  server.RaftServerConfigKeys (ConfUtils.java:logGet(46)) - raft.server.rpc.slowness.timeout = 300s (custom)
2023-06-17 00:47:36,065 [b906f068-6630-4fe8-91f5-8d80c31a04ef-groupManagement] INFO  server.RaftServerConfigKeys (ConfUtils.java:logGet(46)) - raft.server.leaderelection.leader.step-down.wait-time = 10s (default)
2023-06-17 00:47:36,065 [b906f068-6630-4fe8-91f5-8d80c31a04ef-groupManagement] INFO  server.RaftServerConfigKeys (ConfUtils.java:logGet(46)) - raft.server.sleep.deviation.threshold = 300ms (default)
2023-06-17 00:47:36,065 [b906f068-6630-4fe8-91f5-8d80c31a04ef-groupManagement] INFO  server.RaftServer$Division (ServerState.java:<init>(120)) - b906f068-6630-4fe8-91f5-8d80c31a04ef@group-F300513684FB: ConfigurationManager, init=-1: peers:[b906f068-6630-4fe8-91f5-8d80c31a04ef|rpc:10.1.0.235:15046|admin:10.1.0.235:15045|client:10.1.0.235:15044|dataStream:10.1.0.235:15047|priority:1|startupRole:FOLLOWER]|listeners:[], old=null, confs=<EMPTY_MAP>
2023-06-17 00:47:36,065 [b906f068-6630-4fe8-91f5-8d80c31a04ef-groupManagement] INFO  server.RaftServerConfigKeys (ConfUtils.java:logGet(46)) - raft.server.storage.dir = [/home/runner/work/ozone/ozone/hadoop-ozone/integration-test/target/test-dir/MiniOzoneClusterImpl-a3d962f4-5b41-4a19-a1e3-7934b631c69d/datanode-0/data/ratis] (custom)
2023-06-17 00:47:36,065 [b906f068-6630-4fe8-91f5-8d80c31a04ef-groupManagement] INFO  server.RaftServerConfigKeys (ConfUtils.java:logGet(46)) - raft.server.log.corruption.policy = EXCEPTION (default)
2023-06-17 00:47:36,065 [b906f068-6630-4fe8-91f5-8d80c31a04ef-groupManagement] INFO  server.RaftServerConfigKeys (ConfUtils.java:logGet(46)) - raft.server.storage.free-space.min = 0MB (=0) (default)
2023-06-17 00:47:36,065 [b906f068-6630-4fe8-91f5-8d80c31a04ef-groupManagement] INFO  server.RaftServerConfigKeys (ConfUtils.java:logGet(46)) - raft.server.notification.no-leader.timeout = 300s (custom)
2023-06-17 00:47:36,066 [b906f068-6630-4fe8-91f5-8d80c31a04ef-groupManagement] INFO  server.RaftServerConfigKeys (ConfUtils.java:logGet(46)) - raft.server.read.timeout = 10s (default)
2023-06-17 00:47:36,066 [b906f068-6630-4fe8-91f5-8d80c31a04ef-groupManagement] INFO  server.RaftServerConfigKeys (ConfUtils.java:logGet(46)) - raft.server.retrycache.expirytime = 600000ms (custom)
2023-06-17 00:47:36,066 [b906f068-6630-4fe8-91f5-8d80c31a04ef-groupManagement] INFO  server.RaftServerConfigKeys (ConfUtils.java:logGet(46)) - raft.server.retrycache.statistics.expirytime = 100μs (default)
2023-06-17 00:47:36,066 [b906f068-6630-4fe8-91f5-8d80c31a04ef-groupManagement] INFO  server.RaftServerConfigKeys (ConfUtils.java:logGet(46)) - raft.server.read.option = DEFAULT (default)
2023-06-17 00:47:36,073 [b906f068-6630-4fe8-91f5-8d80c31a04ef-groupManagement] INFO  server.RaftServerConfigKeys (ConfUtils.java:logGet(46)) - raft.server.rpc.request.timeout = 60s (custom)
2023-06-17 00:47:36,073 [b906f068-6630-4fe8-91f5-8d80c31a04ef-groupManagement] INFO  server.RaftServerConfigKeys (ConfUtils.java:logGet(46)) - raft.server.log.appender.install.snapshot.enabled = false (custom)
2023-06-17 00:47:36,073 [b906f068-6630-4fe8-91f5-8d80c31a04ef-groupManagement] INFO  server.RaftServerConfigKeys (ConfUtils.java:logGet(46)) - raft.server.threadpool.server.cached = true (default)
2023-06-17 00:47:36,073 [b906f068-6630-4fe8-91f5-8d80c31a04ef-groupManagement] INFO  server.RaftServerConfigKeys (ConfUtils.java:logGet(46)) - raft.server.threadpool.server.size = 0 (default)
2023-06-17 00:47:36,073 [b906f068-6630-4fe8-91f5-8d80c31a04ef-groupManagement] INFO  server.RaftServerConfigKeys (ConfUtils.java:logGet(46)) - raft.server.threadpool.client.cached = true (default)
2023-06-17 00:47:36,074 [b906f068-6630-4fe8-91f5-8d80c31a04ef-groupManagement] INFO  server.RaftServerConfigKeys (ConfUtils.java:logGet(46)) - raft.server.threadpool.client.size = 0 (default)
2023-06-17 00:47:36,074 [b906f068-6630-4fe8-91f5-8d80c31a04ef-groupManagement] INFO  storage.RaftStorageDirectory (RaftStorageDirectoryImpl.java:analyzeStorage(137)) - The storage directory /home/runner/work/ozone/ozone/hadoop-ozone/integration-test/target/test-dir/MiniOzoneClusterImpl-a3d962f4-5b41-4a19-a1e3-7934b631c69d/datanode-0/data/ratis/1d138773-6f06-4b75-a8db-f300513684fb does not exist. Creating ...
2023-06-17 00:47:36,076 [b906f068-6630-4fe8-91f5-8d80c31a04ef-groupManagement] INFO  storage.RaftStorageDirectory (RaftStorageDirectoryImpl.java:tryLock(231)) - Lock on /home/runner/work/ozone/ozone/hadoop-ozone/integration-test/target/test-dir/MiniOzoneClusterImpl-a3d962f4-5b41-4a19-a1e3-7934b631c69d/datanode-0/data/ratis/1d138773-6f06-4b75-a8db-f300513684fb/in_use.lock acquired by nodename 26315@fv-az275-58
2023-06-17 00:47:36,079 [b906f068-6630-4fe8-91f5-8d80c31a04ef-groupManagement] INFO  storage.RaftStorage (RaftStorageImpl.java:format(96)) - Storage directory /home/runner/work/ozone/ozone/hadoop-ozone/integration-test/target/test-dir/MiniOzoneClusterImpl-a3d962f4-5b41-4a19-a1e3-7934b631c69d/datanode-0/data/ratis/1d138773-6f06-4b75-a8db-f300513684fb has been successfully formatted.
2023-06-17 00:47:36,092 [b906f068-6630-4fe8-91f5-8d80c31a04ef-groupManagement] INFO  ratis.ContainerStateMachine (ContainerStateMachine.java:loadSnapshot(262)) - group-F300513684FB: The snapshot info is null. Setting the last applied indexto:(t:0, i:~)
2023-06-17 00:47:36,093 [b906f068-6630-4fe8-91f5-8d80c31a04ef-groupManagement] INFO  server.RaftServerConfigKeys (ConfUtils.java:logGet(46)) - raft.server.log.use.memory = false (default)
2023-06-17 00:47:36,093 [b906f068-6630-4fe8-91f5-8d80c31a04ef-groupManagement] INFO  server.RaftServerConfigKeys (ConfUtils.java:logGet(46)) - raft.server.log.purge.gap = 1000000 (custom)
2023-06-17 00:47:36,093 [b906f068-6630-4fe8-91f5-8d80c31a04ef-groupManagement] INFO  server.RaftServerConfigKeys (ConfUtils.java:logGet(46)) - raft.server.log.appender.buffer.byte-limit = 33554432 (custom)
2023-06-17 00:47:36,093 [b906f068-6630-4fe8-91f5-8d80c31a04ef-groupManagement] INFO  server.RaftServerConfigKeys (ConfUtils.java:logGet(46)) - raft.server.log.statemachine.data.read.timeout = 1000ms (default)
2023-06-17 00:47:36,093 [b906f068-6630-4fe8-91f5-8d80c31a04ef-groupManagement] INFO  server.RaftServerConfigKeys (ConfUtils.java:logGet(46)) - raft.server.log.purge.preservation.log.num = 0 (default)
2023-06-17 00:47:36,094 [b906f068-6630-4fe8-91f5-8d80c31a04ef-groupManagement] INFO  server.RaftServerConfigKeys (ConfUtils.java:logGet(46)) - raft.server.log.segment.size.max = 1048576 (custom)
2023-06-17 00:47:36,100 [b906f068-6630-4fe8-91f5-8d80c31a04ef-groupManagement] INFO  server.RaftServerConfigKeys (ConfUtils.java:logGet(46)) - raft.server.log.segment.cache.num.max = 2 (custom)
2023-06-17 00:47:36,100 [b906f068-6630-4fe8-91f5-8d80c31a04ef-groupManagement] INFO  server.RaftServerConfigKeys (ConfUtils.java:logGet(46)) - raft.server.log.segment.cache.size.max = 200MB (=209715200) (default)
2023-06-17 00:47:36,100 [b906f068-6630-4fe8-91f5-8d80c31a04ef-groupManagement] INFO  server.RaftServerConfigKeys (ConfUtils.java:logGet(46)) - raft.server.log.appender.buffer.byte-limit = 33554432 (custom)
2023-06-17 00:47:36,100 [b906f068-6630-4fe8-91f5-8d80c31a04ef-groupManagement] INFO  segmented.SegmentedRaftLogWorker (SegmentedRaftLogWorker.java:<init>(188)) - new b906f068-6630-4fe8-91f5-8d80c31a04ef@group-F300513684FB-SegmentedRaftLogWorker for RaftStorageImpl:Storage Directory /home/runner/work/ozone/ozone/hadoop-ozone/integration-test/target/test-dir/MiniOzoneClusterImpl-a3d962f4-5b41-4a19-a1e3-7934b631c69d/datanode-0/data/ratis/1d138773-6f06-4b75-a8db-f300513684fb
2023-06-17 00:47:36,100 [b906f068-6630-4fe8-91f5-8d80c31a04ef-groupManagement] INFO  server.RaftServerConfigKeys (ConfUtils.java:logGet(46)) - raft.server.log.queue.byte-limit = 4294967296 (custom)
2023-06-17 00:47:36,100 [b906f068-6630-4fe8-91f5-8d80c31a04ef-groupManagement] INFO  server.RaftServerConfigKeys (ConfUtils.java:logGet(46)) - raft.server.log.queue.element-limit = 1024 (custom)
2023-06-17 00:47:36,100 [b906f068-6630-4fe8-91f5-8d80c31a04ef-groupManagement] INFO  server.RaftServerConfigKeys (ConfUtils.java:logGet(46)) - raft.server.log.segment.size.max = 1048576 (custom)
2023-06-17 00:47:36,100 [b906f068-6630-4fe8-91f5-8d80c31a04ef-groupManagement] INFO  server.RaftServerConfigKeys (ConfUtils.java:logGet(46)) - raft.server.log.preallocated.size = 16384 (custom)
2023-06-17 00:47:36,100 [b906f068-6630-4fe8-91f5-8d80c31a04ef-groupManagement] INFO  server.RaftServerConfigKeys (ConfUtils.java:logGet(46)) - raft.server.log.force.sync.num = 128 (default)
2023-06-17 00:47:36,108 [EventQueue-PipelineReportForPipelineReportHandler] INFO  pipeline.PipelineManagerImpl (PipelineManagerImpl.java:openPipeline(367)) - Pipeline Pipeline[ Id: 1d138773-6f06-4b75-a8db-f300513684fb, Nodes: b906f068-6630-4fe8-91f5-8d80c31a04ef(fv-az275-58.go2hi5et44qedpdz5zrtt3gknc.xx.internal.cloudapp.net/10.1.0.235), ReplicationConfig: RATIS/ONE, State:ALLOCATED, leaderId:b906f068-6630-4fe8-91f5-8d80c31a04ef, CreationTimestamp2023-06-17T00:47:33.155Z[Etc/UTC]] moved to OPEN state
2023-06-17 00:47:36,109 [b906f068-6630-4fe8-91f5-8d80c31a04ef-groupManagement] INFO  server.RaftServerConfigKeys (ConfUtils.java:logGet(46)) - raft.server.log.statemachine.data.sync = true (default)
2023-06-17 00:47:36,111 [b906f068-6630-4fe8-91f5-8d80c31a04ef-groupManagement] INFO  server.RaftServerConfigKeys (ConfUtils.java:logGet(46)) - raft.server.log.statemachine.data.sync.timeout = 10s (default)
2023-06-17 00:47:36,111 [b906f068-6630-4fe8-91f5-8d80c31a04ef-groupManagement] INFO  server.RaftServerConfigKeys (ConfUtils.java:logGet(46)) - raft.server.log.statemachine.data.sync.timeout.retry = -1 (default)
2023-06-17 00:47:36,119 [EventQueue-PipelineReportForPipelineReportHandler] INFO  pipeline.PipelineManagerImpl (PipelineManagerImpl.java:openPipeline(367)) - Pipeline Pipeline[ Id: 1d138773-6f06-4b75-a8db-f300513684fb, Nodes: b906f068-6630-4fe8-91f5-8d80c31a04ef(fv-az275-58.go2hi5et44qedpdz5zrtt3gknc.xx.internal.cloudapp.net/10.1.0.235), ReplicationConfig: RATIS/ONE, State:ALLOCATED, leaderId:b906f068-6630-4fe8-91f5-8d80c31a04ef, CreationTimestamp2023-06-17T00:47:33.155Z[Etc/UTC]] moved to OPEN state
2023-06-17 00:47:36,137 [b906f068-6630-4fe8-91f5-8d80c31a04ef-groupManagement] INFO  server.RaftServerConfigKeys (ConfUtils.java:logGet(46)) - raft.server.log.write.buffer.size = 1048576 (custom)
2023-06-17 00:47:36,138 [b906f068-6630-4fe8-91f5-8d80c31a04ef-groupManagement] INFO  server.RaftServerConfigKeys (ConfUtils.java:logGet(46)) - raft.server.log.appender.buffer.byte-limit = 33554432 (custom)
2023-06-17 00:47:36,192 [b906f068-6630-4fe8-91f5-8d80c31a04ef-groupManagement] INFO  server.RaftServerConfigKeys (ConfUtils.java:logGet(46)) - raft.server.log.unsafe-flush.enabled = false (default)
2023-06-17 00:47:36,192 [b906f068-6630-4fe8-91f5-8d80c31a04ef-groupManagement] INFO  server.RaftServerConfigKeys (ConfUtils.java:logGet(46)) - raft.server.log.async-flush.enabled = false (default)
2023-06-17 00:47:36,198 [b906f068-6630-4fe8-91f5-8d80c31a04ef-groupManagement] INFO  server.RaftServerConfigKeys (ConfUtils.java:logGet(46)) - raft.server.log.statemachine.data.caching.enabled = true (custom)
2023-06-17 00:47:36,198 [b906f068-6630-4fe8-91f5-8d80c31a04ef-groupManagement] INFO  segmented.SegmentedRaftLogWorker (SegmentedRaftLogWorker.java:lambda$new$0(135)) - b906f068-6630-4fe8-91f5-8d80c31a04ef@group-F300513684FB-SegmentedRaftLogWorker: flushIndex: setUnconditionally 0 -> -1
2023-06-17 00:47:36,198 [b906f068-6630-4fe8-91f5-8d80c31a04ef-groupManagement] INFO  segmented.SegmentedRaftLogWorker (SegmentedRaftLogWorker.java:lambda$new$0(135)) - b906f068-6630-4fe8-91f5-8d80c31a04ef@group-F300513684FB-SegmentedRaftLogWorker: safeCacheEvictIndex: setUnconditionally 0 -> -1
2023-06-17 00:47:36,200 [b906f068-6630-4fe8-91f5-8d80c31a04ef-groupManagement] INFO  server.RaftServer$Division (RaftServerImpl.java:start(342)) - b906f068-6630-4fe8-91f5-8d80c31a04ef@group-F300513684FB: start as a follower, conf=-1: peers:[b906f068-6630-4fe8-91f5-8d80c31a04ef|rpc:10.1.0.235:15046|admin:10.1.0.235:15045|client:10.1.0.235:15044|dataStream:10.1.0.235:15047|priority:1|startupRole:FOLLOWER]|listeners:[], old=null
2023-06-17 00:47:36,200 [b906f068-6630-4fe8-91f5-8d80c31a04ef-groupManagement] INFO  server.RaftServer$Division (RaftServerImpl.java:setRole(329)) - b906f068-6630-4fe8-91f5-8d80c31a04ef@group-F300513684FB: changes role from      null to FOLLOWER at term 0 for startAsFollower
2023-06-17 00:47:36,201 [b906f068-6630-4fe8-91f5-8d80c31a04ef-groupManagement] INFO  impl.RoleInfo (RoleInfo.java:updateAndGet(139)) - b906f068-6630-4fe8-91f5-8d80c31a04ef: start b906f068-6630-4fe8-91f5-8d80c31a04ef@group-F300513684FB-FollowerState
2023-06-17 00:47:36,201 [b906f068-6630-4fe8-91f5-8d80c31a04ef-groupManagement] INFO  util.JmxRegister (JmxRegister.java:tryRegister(44)) - Successfully registered JMX Bean with object name Ratis:service=RaftServer,group=group-F300513684FB,id=b906f068-6630-4fe8-91f5-8d80c31a04ef
2023-06-17 00:47:36,202 [b906f068-6630-4fe8-91f5-8d80c31a04ef-groupManagement] INFO  server.RaftServerConfigKeys (ConfUtils.java:logGet(46)) - raft.server.snapshot.auto.trigger.enabled = true (custom)
2023-06-17 00:47:36,202 [b906f068-6630-4fe8-91f5-8d80c31a04ef-groupManagement] INFO  server.RaftServerConfigKeys (ConfUtils.java:logGet(46)) - raft.server.snapshot.auto.trigger.threshold = 10000 (custom)
2023-06-17 00:47:36,202 [b906f068-6630-4fe8-91f5-8d80c31a04ef-groupManagement] INFO  server.RaftServerConfigKeys (ConfUtils.java:logGet(46)) - raft.server.snapshot.retention.file.num = 5 (custom)
2023-06-17 00:47:36,202 [b906f068-6630-4fe8-91f5-8d80c31a04ef-groupManagement] INFO  server.RaftServerConfigKeys (ConfUtils.java:logGet(46)) - raft.server.log.purge.upto.snapshot.index = false (default)
2023-06-17 00:47:36,202 [b906f068-6630-4fe8-91f5-8d80c31a04ef@group-F300513684FB-FollowerState] INFO  server.RaftServerConfigKeys (ConfUtils.java:logFallback(53)) - raft.server.rpc.first-election.timeout.min = 5s (fallback to raft.server.rpc.timeout.min)
2023-06-17 00:47:36,203 [b906f068-6630-4fe8-91f5-8d80c31a04ef@group-F300513684FB-FollowerState] INFO  server.RaftServerConfigKeys (ConfUtils.java:logFallback(53)) - raft.server.rpc.first-election.timeout.max = 5200ms (fallback to raft.server.rpc.timeout.max)
2023-06-17 00:47:36,208 [PipelineCommandHandlerThread-0] INFO  ratis.XceiverServerRatis (XceiverServerRatis.java:addGroup(804)) - Created group PipelineID=1d138773-6f06-4b75-a8db-f300513684fb
2023-06-17 00:47:36,209 [PipelineCommandHandlerThread-0] INFO  commandhandler.CreatePipelineCommandHandler (CreatePipelineCommandHandler.java:lambda$handle$2(124)) - Created Pipeline RATIS ONE PipelineID=1d138773-6f06-4b75-a8db-f300513684fb.
2023-06-17 00:47:37,062 [1b2d6476-f033-43c5-b598-7121a6e75b28@group-7934B631C69D-FollowerState] INFO  server.RaftServerConfigKeys (ConfUtils.java:logFallback(53)) - raft.server.rpc.first-election.timeout.min = 5000ms (fallback to raft.server.rpc.timeout.min)
2023-06-17 00:47:37,062 [1b2d6476-f033-43c5-b598-7121a6e75b28@group-7934B631C69D-FollowerState] INFO  server.RaftServerConfigKeys (ConfUtils.java:logFallback(53)) - raft.server.rpc.first-election.timeout.max = 5200ms (fallback to raft.server.rpc.timeout.max)
2023-06-17 00:47:41,087 [Datanode State Machine Daemon Thread] ERROR datanode.RunningDatanodeState (RunningDatanodeState.java:computeNextContainerState(207)) - Error in executing end point task.
java.util.concurrent.ExecutionException: java.util.concurrent.TimeoutException
	at java.util.concurrent.FutureTask.report(FutureTask.java:122)
	at java.util.concurrent.FutureTask.get(FutureTask.java:192)
	at org.apache.hadoop.ozone.container.common.states.datanode.RunningDatanodeState.computeNextContainerState(RunningDatanodeState.java:199)
	at org.apache.hadoop.ozone.container.common.states.datanode.RunningDatanodeState.await(RunningDatanodeState.java:239)
	at org.apache.hadoop.ozone.container.common.states.datanode.RunningDatanodeState.await(RunningDatanodeState.java:50)
	at org.apache.hadoop.ozone.container.common.statemachine.StateContext.execute(StateContext.java:666)
	at org.apache.hadoop.ozone.container.common.statemachine.DatanodeStateMachine.startStateMachineThread(DatanodeStateMachine.java:334)
	at org.apache.hadoop.ozone.container.common.statemachine.DatanodeStateMachine.lambda$startDaemon$0(DatanodeStateMachine.java:532)
	at java.lang.Thread.run(Thread.java:750)
Caused by: java.util.concurrent.TimeoutException
	at java.util.concurrent.FutureTask.get(FutureTask.java:205)
	at org.apache.hadoop.ozone.container.common.states.datanode.RunningDatanodeState.lambda$execute$0(RunningDatanodeState.java:157)
	at java.util.concurrent.FutureTask.run(FutureTask.java:266)
	at java.util.concurrent.Executors$RunnableAdapter.call(Executors.java:511)
	at java.util.concurrent.FutureTask.run(FutureTask.java:266)
	at java.util.concurrent.ThreadPoolExecutor.runWorker(ThreadPoolExecutor.java:1149)
	at java.util.concurrent.ThreadPoolExecutor$Worker.run(ThreadPoolExecutor.java:624)
	... 1 more
2023-06-17 00:47:41,284 [b906f068-6630-4fe8-91f5-8d80c31a04ef@group-F300513684FB-FollowerState] INFO  impl.FollowerState (FollowerState.java:run(143)) - b906f068-6630-4fe8-91f5-8d80c31a04ef@group-F300513684FB-FollowerState: change to CANDIDATE, lastRpcElapsedTime:5083410529ns, electionTimeout:5081ms
2023-06-17 00:47:41,284 [b906f068-6630-4fe8-91f5-8d80c31a04ef@group-F300513684FB-FollowerState] INFO  impl.RoleInfo (RoleInfo.java:shutdownFollowerState(110)) - b906f068-6630-4fe8-91f5-8d80c31a04ef: shutdown b906f068-6630-4fe8-91f5-8d80c31a04ef@group-F300513684FB-FollowerState
2023-06-17 00:47:41,284 [b906f068-6630-4fe8-91f5-8d80c31a04ef@group-F300513684FB-FollowerState] INFO  server.RaftServer$Division (RaftServerImpl.java:setRole(329)) - b906f068-6630-4fe8-91f5-8d80c31a04ef@group-F300513684FB: changes role from  FOLLOWER to CANDIDATE at term 0 for changeToCandidate
2023-06-17 00:47:41,286 [b906f068-6630-4fe8-91f5-8d80c31a04ef@group-F300513684FB-FollowerState] INFO  server.RaftServerConfigKeys (ConfUtils.java:logGet(46)) - raft.server.leaderelection.pre-vote = true (default)
2023-06-17 00:47:41,286 [b906f068-6630-4fe8-91f5-8d80c31a04ef@group-F300513684FB-FollowerState] INFO  impl.RoleInfo (RoleInfo.java:updateAndGet(139)) - b906f068-6630-4fe8-91f5-8d80c31a04ef: start b906f068-6630-4fe8-91f5-8d80c31a04ef@group-F300513684FB-LeaderElection4
2023-06-17 00:47:41,291 [b906f068-6630-4fe8-91f5-8d80c31a04ef@group-F300513684FB-LeaderElection4] INFO  impl.LeaderElection (LeaderElection.java:askForVotes(321)) - b906f068-6630-4fe8-91f5-8d80c31a04ef@group-F300513684FB-LeaderElection4 PRE_VOTE round 0: submit vote requests at term 0 for -1: peers:[b906f068-6630-4fe8-91f5-8d80c31a04ef|rpc:10.1.0.235:15046|admin:10.1.0.235:15045|client:10.1.0.235:15044|dataStream:10.1.0.235:15047|priority:1|startupRole:FOLLOWER]|listeners:[], old=null
2023-06-17 00:47:41,291 [b906f068-6630-4fe8-91f5-8d80c31a04ef@group-F300513684FB-LeaderElection4] INFO  impl.LeaderElection (LeaderElection.java:askForVotes(323)) - b906f068-6630-4fe8-91f5-8d80c31a04ef@group-F300513684FB-LeaderElection4 PRE_VOTE round 0: result PASSED (term=0)
2023-06-17 00:47:41,293 [b906f068-6630-4fe8-91f5-8d80c31a04ef@group-F300513684FB-LeaderElection4] INFO  impl.LeaderElection (LeaderElection.java:askForVotes(321)) - b906f068-6630-4fe8-91f5-8d80c31a04ef@group-F300513684FB-LeaderElection4 ELECTION round 0: submit vote requests at term 1 for -1: peers:[b906f068-6630-4fe8-91f5-8d80c31a04ef|rpc:10.1.0.235:15046|admin:10.1.0.235:15045|client:10.1.0.235:15044|dataStream:10.1.0.235:15047|priority:1|startupRole:FOLLOWER]|listeners:[], old=null
2023-06-17 00:47:41,293 [b906f068-6630-4fe8-91f5-8d80c31a04ef@group-F300513684FB-LeaderElection4] INFO  impl.LeaderElection (LeaderElection.java:askForVotes(323)) - b906f068-6630-4fe8-91f5-8d80c31a04ef@group-F300513684FB-LeaderElection4 ELECTION round 0: result PASSED (term=1)
2023-06-17 00:47:41,293 [b906f068-6630-4fe8-91f5-8d80c31a04ef@group-F300513684FB-LeaderElection4] INFO  impl.RoleInfo (RoleInfo.java:shutdownLeaderElection(130)) - b906f068-6630-4fe8-91f5-8d80c31a04ef: shutdown b906f068-6630-4fe8-91f5-8d80c31a04ef@group-F300513684FB-LeaderElection4
2023-06-17 00:47:41,293 [b906f068-6630-4fe8-91f5-8d80c31a04ef@group-F300513684FB-LeaderElection4] INFO  server.RaftServer$Division (RaftServerImpl.java:setRole(329)) - b906f068-6630-4fe8-91f5-8d80c31a04ef@group-F300513684FB: changes role from CANDIDATE to LEADER at term 1 for changeToLeader
2023-06-17 00:47:41,293 [b906f068-6630-4fe8-91f5-8d80c31a04ef@group-F300513684FB-LeaderElection4] INFO  ratis.XceiverServerRatis (XceiverServerRatis.java:handleLeaderChangedNotification(902)) - Leader change notification received for group: group-F300513684FB with new leaderId: b906f068-6630-4fe8-91f5-8d80c31a04ef
2023-06-17 00:47:41,294 [b906f068-6630-4fe8-91f5-8d80c31a04ef@group-F300513684FB-LeaderElection4] INFO  server.RaftServer$Division (ServerState.java:setLeader(317)) - b906f068-6630-4fe8-91f5-8d80c31a04ef@group-F300513684FB: change Leader from null to b906f068-6630-4fe8-91f5-8d80c31a04ef at term 1 for becomeLeader, leader elected after 5227ms
2023-06-17 00:47:41,294 [b906f068-6630-4fe8-91f5-8d80c31a04ef@group-F300513684FB-LeaderElection4] INFO  server.RaftServerConfigKeys (ConfUtils.java:logGet(46)) - raft.server.staging.catchup.gap = 1000 (default)
2023-06-17 00:47:41,296 [b906f068-6630-4fe8-91f5-8d80c31a04ef@group-F300513684FB-LeaderElection4] INFO  server.RaftServerConfigKeys (ConfUtils.java:logGet(46)) - raft.server.write.element-limit = 1024 (custom)
2023-06-17 00:47:41,296 [b906f068-6630-4fe8-91f5-8d80c31a04ef@group-F300513684FB-LeaderElection4] INFO  server.RaftServerConfigKeys (ConfUtils.java:logGet(46)) - raft.server.write.byte-limit = 1024 M (=1073741824) (custom)
2023-06-17 00:47:41,297 [b906f068-6630-4fe8-91f5-8d80c31a04ef@group-F300513684FB-LeaderElection4] INFO  server.RaftServerConfigKeys (ConfUtils.java:logGet(46)) - raft.server.watch.timeout = 180s (custom)
2023-06-17 00:47:41,301 [b906f068-6630-4fe8-91f5-8d80c31a04ef@group-F300513684FB-LeaderElection4] INFO  server.RaftServerConfigKeys (ConfUtils.java:logGet(46)) - raft.server.watch.timeout.denomination = 1s (default)
2023-06-17 00:47:41,301 [b906f068-6630-4fe8-91f5-8d80c31a04ef@group-F300513684FB-LeaderElection4] INFO  server.RaftServerConfigKeys (ConfUtils.java:logGet(46)) - raft.server.watch.element-limit = 65536 (default)
2023-06-17 00:47:41,301 [b906f068-6630-4fe8-91f5-8d80c31a04ef@group-F300513684FB-LeaderElection4] INFO  server.RaftServerConfigKeys (ConfUtils.java:logGet(46)) - raft.server.write.element-limit = 1024 (custom)
2023-06-17 00:47:41,301 [b906f068-6630-4fe8-91f5-8d80c31a04ef@group-F300513684FB-LeaderElection4] INFO  server.RaftServerConfigKeys (ConfUtils.java:logGet(46)) - raft.server.write.follower.gap.ratio.max = -1.0 (default)
2023-06-17 00:47:41,301 [b906f068-6630-4fe8-91f5-8d80c31a04ef@group-F300513684FB-LeaderElection4] INFO  impl.RoleInfo (RoleInfo.java:updateAndGet(139)) - b906f068-6630-4fe8-91f5-8d80c31a04ef: start b906f068-6630-4fe8-91f5-8d80c31a04ef@group-F300513684FB-LeaderStateImpl
2023-06-17 00:47:41,302 [b906f068-6630-4fe8-91f5-8d80c31a04ef@group-F300513684FB-LeaderElection4] INFO  segmented.SegmentedRaftLogWorker (SegmentedRaftLogWorker.java:startLogSegment(447)) - b906f068-6630-4fe8-91f5-8d80c31a04ef@group-F300513684FB-SegmentedRaftLogWorker: Starting segment from index:0
2023-06-17 00:47:41,310 [b906f068-6630-4fe8-91f5-8d80c31a04ef@group-F300513684FB-LeaderElection4] INFO  server.RaftServer$Division (ServerState.java:setRaftConf(434)) - b906f068-6630-4fe8-91f5-8d80c31a04ef@group-F300513684FB: set configuration 0: peers:[b906f068-6630-4fe8-91f5-8d80c31a04ef|rpc:10.1.0.235:15046|admin:10.1.0.235:15045|client:10.1.0.235:15044|dataStream:10.1.0.235:15047|priority:1|startupRole:FOLLOWER]|listeners:[], old=null
2023-06-17 00:47:41,311 [b906f068-6630-4fe8-91f5-8d80c31a04ef@group-F300513684FB-SegmentedRaftLogWorker] INFO  segmented.SegmentedRaftLogWorker (SegmentedRaftLogWorker.java:execute(651)) - b906f068-6630-4fe8-91f5-8d80c31a04ef@group-F300513684FB-SegmentedRaftLogWorker: created new log segment /home/runner/work/ozone/ozone/hadoop-ozone/integration-test/target/test-dir/MiniOzoneClusterImpl-a3d962f4-5b41-4a19-a1e3-7934b631c69d/datanode-0/data/ratis/1d138773-6f06-4b75-a8db-f300513684fb/current/log_inprogress_0
2023-06-17 00:47:42,168 [1b2d6476-f033-43c5-b598-7121a6e75b28@group-7934B631C69D-FollowerState] INFO  server.RaftServerConfigKeys (ConfUtils.java:logFallback(53)) - raft.server.rpc.first-election.timeout.min = 5000ms (fallback to raft.server.rpc.timeout.min)
2023-06-17 00:47:42,168 [1b2d6476-f033-43c5-b598-7121a6e75b28@group-7934B631C69D-FollowerState] INFO  server.RaftServerConfigKeys (ConfUtils.java:logFallback(53)) - raft.server.rpc.first-election.timeout.max = 5200ms (fallback to raft.server.rpc.timeout.max)
2023-06-17 00:47:43,297 [Datanode State Machine Daemon Thread] ERROR datanode.RunningDatanodeState (RunningDatanodeState.java:computeNextContainerState(207)) - Error in executing end point task.
java.util.concurrent.ExecutionException: java.util.concurrent.TimeoutException
	at java.util.concurrent.FutureTask.report(FutureTask.java:122)
	at java.util.concurrent.FutureTask.get(FutureTask.java:192)
	at org.apache.hadoop.ozone.container.common.states.datanode.RunningDatanodeState.computeNextContainerState(RunningDatanodeState.java:199)
	at org.apache.hadoop.ozone.container.common.states.datanode.RunningDatanodeState.await(RunningDatanodeState.java:239)
	at org.apache.hadoop.ozone.container.common.states.datanode.RunningDatanodeState.await(RunningDatanodeState.java:50)
	at org.apache.hadoop.ozone.container.common.statemachine.StateContext.execute(StateContext.java:666)
	at org.apache.hadoop.ozone.container.common.statemachine.DatanodeStateMachine.startStateMachineThread(DatanodeStateMachine.java:334)
	at org.apache.hadoop.ozone.container.common.statemachine.DatanodeStateMachine.lambda$startDaemon$0(DatanodeStateMachine.java:532)
	at java.lang.Thread.run(Thread.java:750)
Caused by: java.util.concurrent.TimeoutException
	at java.util.concurrent.FutureTask.get(FutureTask.java:205)
	at org.apache.hadoop.ozone.container.common.states.datanode.RunningDatanodeState.lambda$execute$0(RunningDatanodeState.java:157)
	at java.util.concurrent.FutureTask.run(FutureTask.java:266)
	at java.util.concurrent.Executors$RunnableAdapter.call(Executors.java:511)
	at java.util.concurrent.FutureTask.run(FutureTask.java:266)
	at java.util.concurrent.ThreadPoolExecutor.runWorker(ThreadPoolExecutor.java:1149)
	at java.util.concurrent.ThreadPoolExecutor$Worker.run(ThreadPoolExecutor.java:624)
	... 1 more
2023-06-17 00:47:47,356 [1b2d6476-f033-43c5-b598-7121a6e75b28@group-7934B631C69D-FollowerState] INFO  server.RaftServerConfigKeys (ConfUtils.java:logFallback(53)) - raft.server.rpc.first-election.timeout.min = 5000ms (fallback to raft.server.rpc.timeout.min)
2023-06-17 00:47:47,357 [1b2d6476-f033-43c5-b598-7121a6e75b28@group-7934B631C69D-FollowerState] INFO  server.RaftServerConfigKeys (ConfUtils.java:logFallback(53)) - raft.server.rpc.first-election.timeout.max = 5200ms (fallback to raft.server.rpc.timeout.max)
2023-06-17 00:47:48,303 [Datanode State Machine Daemon Thread] ERROR datanode.RunningDatanodeState (RunningDatanodeState.java:computeNextContainerState(207)) - Error in executing end point task.
java.util.concurrent.ExecutionException: java.util.concurrent.TimeoutException
	at java.util.concurrent.FutureTask.report(FutureTask.java:122)
	at java.util.concurrent.FutureTask.get(FutureTask.java:192)
	at org.apache.hadoop.ozone.container.common.states.datanode.RunningDatanodeState.computeNextContainerState(RunningDatanodeState.java:199)
	at org.apache.hadoop.ozone.container.common.states.datanode.RunningDatanodeState.await(RunningDatanodeState.java:239)
	at org.apache.hadoop.ozone.container.common.states.datanode.RunningDatanodeState.await(RunningDatanodeState.java:50)
	at org.apache.hadoop.ozone.container.common.statemachine.StateContext.execute(StateContext.java:666)
	at org.apache.hadoop.ozone.container.common.statemachine.DatanodeStateMachine.startStateMachineThread(DatanodeStateMachine.java:334)
	at org.apache.hadoop.ozone.container.common.statemachine.DatanodeStateMachine.lambda$startDaemon$0(DatanodeStateMachine.java:532)
	at java.lang.Thread.run(Thread.java:750)
Caused by: java.util.concurrent.TimeoutException
	at java.util.concurrent.FutureTask.get(FutureTask.java:205)
	at org.apache.hadoop.ozone.container.common.states.datanode.RunningDatanodeState.lambda$execute$0(RunningDatanodeState.java:157)
	at java.util.concurrent.FutureTask.run(FutureTask.java:266)
	at java.util.concurrent.Executors$RunnableAdapter.call(Executors.java:511)
	at java.util.concurrent.FutureTask.run(FutureTask.java:266)
	at java.util.concurrent.ThreadPoolExecutor.runWorker(ThreadPoolExecutor.java:1149)
	at java.util.concurrent.ThreadPoolExecutor$Worker.run(ThreadPoolExecutor.java:624)
	... 1 more
2023-06-17 00:47:49,308 [Datanode State Machine Daemon Thread] ERROR datanode.RunningDatanodeState (RunningDatanodeState.java:computeNextContainerState(207)) - Error in executing end point task.
java.util.concurrent.ExecutionException: java.util.concurrent.TimeoutException
	at java.util.concurrent.FutureTask.report(FutureTask.java:122)
	at java.util.concurrent.FutureTask.get(FutureTask.java:192)
	at org.apache.hadoop.ozone.container.common.states.datanode.RunningDatanodeState.computeNextContainerState(RunningDatanodeState.java:199)
	at org.apache.hadoop.ozone.container.common.states.datanode.RunningDatanodeState.await(RunningDatanodeState.java:239)
	at org.apache.hadoop.ozone.container.common.states.datanode.RunningDatanodeState.await(RunningDatanodeState.java:50)
	at org.apache.hadoop.ozone.container.common.statemachine.StateContext.execute(StateContext.java:666)
	at org.apache.hadoop.ozone.container.common.statemachine.DatanodeStateMachine.startStateMachineThread(DatanodeStateMachine.java:334)
	at org.apache.hadoop.ozone.container.common.statemachine.DatanodeStateMachine.lambda$startDaemon$0(DatanodeStateMachine.java:532)
	at java.lang.Thread.run(Thread.java:750)
Caused by: java.util.concurrent.TimeoutException
	at java.util.concurrent.FutureTask.get(FutureTask.java:205)
	at org.apache.hadoop.ozone.container.common.states.datanode.RunningDatanodeState.lambda$execute$0(RunningDatanodeState.java:157)
	at java.util.concurrent.FutureTask.run(FutureTask.java:266)
	at java.util.concurrent.Executors$RunnableAdapter.call(Executors.java:511)
	at java.util.concurrent.FutureTask.run(FutureTask.java:266)
	at java.util.concurrent.ThreadPoolExecutor.runWorker(ThreadPoolExecutor.java:1149)
	at java.util.concurrent.ThreadPoolExecutor$Worker.run(ThreadPoolExecutor.java:624)
	... 1 more
2023-06-17 00:47:49,728 [Socket Reader #1 for port 15002] INFO  ipc.Server (Server.java:saslProcess(2116)) - Auth successful for scm/fv-az275-58.go2hi5et44qedpdz5zrtt3gknc.xx.internal.cloudapp.net@EXAMPLE.COM (auth:KERBEROS) from 10.1.0.235:38029
2023-06-17 00:47:49,736 [Socket Reader #1 for port 15002] INFO  ipc.Server (Server.java:saslProcess(2116)) - Auth successful for scm/fv-az275-58.go2hi5et44qedpdz5zrtt3gknc.xx.internal.cloudapp.net@EXAMPLE.COM (auth:KERBEROS) from 10.1.0.235:42421
2023-06-17 00:47:49,759 [SecretKeyManagerService] INFO  symmetric.SecretKeyManager (SecretKeyManager.java:checkAndRotate(124)) - SecretKey rotation is happening, new key generated SecretKey(id = 6f09d060-30f4-4980-9a13-21b117799a9a, creation at: 2023-06-17T00:47:49.759Z, expire at: 2023-06-17T00:48:50.759Z)
2023-06-17 00:47:49,765 [746ad1cd-7733-4d67-8369-e04f45d32291@group-7934B631C69D-StateMachineUpdater] INFO  symmetric.SecretKeyStateImpl (SecretKeyStateImpl.java:updateKeysInternal(113)) - Updating keys with [SecretKey(id = d2282791-1de8-41db-82d9-01f4c51e3fcb, creation at: 2023-06-17T00:47:19.712Z, expire at: 2023-06-17T00:48:20.712Z), SecretKey(id = 6f09d060-30f4-4980-9a13-21b117799a9a, creation at: 2023-06-17T00:47:49.759Z, expire at: 2023-06-17T00:48:50.759Z)]
2023-06-17 00:47:49,765 [746ad1cd-7733-4d67-8369-e04f45d32291@group-7934B631C69D-StateMachineUpdater] INFO  symmetric.SecretKeyStateImpl (SecretKeyStateImpl.java:updateKeysInternal(128)) - Current key updated SecretKey(id = 6f09d060-30f4-4980-9a13-21b117799a9a, creation at: 2023-06-17T00:47:49.759Z, expire at: 2023-06-17T00:48:50.759Z)
2023-06-17 00:47:49,766 [746ad1cd-7733-4d67-8369-e04f45d32291@group-7934B631C69D-StateMachineUpdater] INFO  symmetric.LocalSecretKeyStore (LocalSecretKeyStore.java:save(109)) - Saved [SecretKey(id = 6f09d060-30f4-4980-9a13-21b117799a9a, creation at: 2023-06-17T00:47:49.759Z, expire at: 2023-06-17T00:48:50.759Z), SecretKey(id = d2282791-1de8-41db-82d9-01f4c51e3fcb, creation at: 2023-06-17T00:47:19.712Z, expire at: 2023-06-17T00:48:20.712Z)] to file /home/runner/work/ozone/ozone/hadoop-ozone/integration-test/target/test-dir/MiniOzoneClusterImpl-a3d962f4-5b41-4a19-a1e3-7934b631c69d/scmNode-1/scm/keys/secret_keys.json
2023-06-17 00:47:49,775 [1b2d6476-f033-43c5-b598-7121a6e75b28@group-7934B631C69D-StateMachineUpdater] INFO  symmetric.SecretKeyStateImpl (SecretKeyStateImpl.java:updateKeysInternal(113)) - Updating keys with [SecretKey(id = d2282791-1de8-41db-82d9-01f4c51e3fcb, creation at: 2023-06-17T00:47:19.712Z, expire at: 2023-06-17T00:48:20.712Z), SecretKey(id = 6f09d060-30f4-4980-9a13-21b117799a9a, creation at: 2023-06-17T00:47:49.759Z, expire at: 2023-06-17T00:48:50.759Z)]
2023-06-17 00:47:49,775 [1b2d6476-f033-43c5-b598-7121a6e75b28@group-7934B631C69D-StateMachineUpdater] INFO  symmetric.SecretKeyStateImpl (SecretKeyStateImpl.java:updateKeysInternal(128)) - Current key updated SecretKey(id = 6f09d060-30f4-4980-9a13-21b117799a9a, creation at: 2023-06-17T00:47:49.759Z, expire at: 2023-06-17T00:48:50.759Z)
2023-06-17 00:47:49,775 [1b2d6476-f033-43c5-b598-7121a6e75b28@group-7934B631C69D-StateMachineUpdater] INFO  symmetric.LocalSecretKeyStore (LocalSecretKeyStore.java:save(109)) - Saved [SecretKey(id = 6f09d060-30f4-4980-9a13-21b117799a9a, creation at: 2023-06-17T00:47:49.759Z, expire at: 2023-06-17T00:48:50.759Z), SecretKey(id = d2282791-1de8-41db-82d9-01f4c51e3fcb, creation at: 2023-06-17T00:47:19.712Z, expire at: 2023-06-17T00:48:20.712Z)] to file /home/runner/work/ozone/ozone/hadoop-ozone/integration-test/target/test-dir/MiniOzoneClusterImpl-a3d962f4-5b41-4a19-a1e3-7934b631c69d/scmNode-2/scm/keys/secret_keys.json
2023-06-17 00:47:50,018 [main] INFO  ha.SequenceIdGenerator (SequenceIdGenerator.java:getNextId(128)) - Allocate a batch for containerId, change lastId from 0 to 1000.
2023-06-17 00:47:50,714 [SecretKeyPoller] INFO  symmetric.DefaultSecretKeySignerClient (DefaultSecretKeySignerClient.java:checkAndRefresh(122)) - New secret key fetched from SCM: SecretKey(id = 6f09d060-30f4-4980-9a13-21b117799a9a, creation at: 2023-06-17T00:47:49.759Z, expire at: 2023-06-17T00:48:50.759Z).
2023-06-17 00:47:50,719 [SecretKeyPoller] INFO  symmetric.DefaultSecretKeySignerClient (DefaultSecretKeySignerClient.java:checkAndRefresh(122)) - New secret key fetched from SCM: SecretKey(id = 6f09d060-30f4-4980-9a13-21b117799a9a, creation at: 2023-06-17T00:47:49.759Z, expire at: 2023-06-17T00:48:50.759Z).
2023-06-17 00:47:52,381 [1b2d6476-f033-43c5-b598-7121a6e75b28@group-7934B631C69D-FollowerState] INFO  server.RaftServerConfigKeys (ConfUtils.java:logFallback(53)) - raft.server.rpc.first-election.timeout.min = 5000ms (fallback to raft.server.rpc.timeout.min)
2023-06-17 00:47:52,381 [1b2d6476-f033-43c5-b598-7121a6e75b28@group-7934B631C69D-FollowerState] INFO  server.RaftServerConfigKeys (ConfUtils.java:logFallback(53)) - raft.server.rpc.first-election.timeout.max = 5200ms (fallback to raft.server.rpc.timeout.max)
2023-06-17 00:47:53,310 [Datanode State Machine Daemon Thread] ERROR datanode.RunningDatanodeState (RunningDatanodeState.java:computeNextContainerState(207)) - Error in executing end point task.
java.util.concurrent.ExecutionException: java.util.concurrent.TimeoutException
	at java.util.concurrent.FutureTask.report(FutureTask.java:122)
	at java.util.concurrent.FutureTask.get(FutureTask.java:192)
	at org.apache.hadoop.ozone.container.common.states.datanode.RunningDatanodeState.computeNextContainerState(RunningDatanodeState.java:199)
	at org.apache.hadoop.ozone.container.common.states.datanode.RunningDatanodeState.await(RunningDatanodeState.java:239)
	at org.apache.hadoop.ozone.container.common.states.datanode.RunningDatanodeState.await(RunningDatanodeState.java:50)
	at org.apache.hadoop.ozone.container.common.statemachine.StateContext.execute(StateContext.java:666)
	at org.apache.hadoop.ozone.container.common.statemachine.DatanodeStateMachine.startStateMachineThread(DatanodeStateMachine.java:334)
	at org.apache.hadoop.ozone.container.common.statemachine.DatanodeStateMachine.lambda$startDaemon$0(DatanodeStateMachine.java:532)
	at java.lang.Thread.run(Thread.java:750)
Caused by: java.util.concurrent.TimeoutException
	at java.util.concurrent.FutureTask.get(FutureTask.java:205)
	at org.apache.hadoop.ozone.container.common.states.datanode.RunningDatanodeState.lambda$execute$0(RunningDatanodeState.java:157)
	at java.util.concurrent.FutureTask.run(FutureTask.java:266)
	at java.util.concurrent.Executors$RunnableAdapter.call(Executors.java:511)
	at java.util.concurrent.FutureTask.run(FutureTask.java:266)
	at java.util.concurrent.ThreadPoolExecutor.runWorker(ThreadPoolExecutor.java:1149)
	at java.util.concurrent.ThreadPoolExecutor$Worker.run(ThreadPoolExecutor.java:624)
	... 1 more
2023-06-17 00:47:54,002 [746ad1cd-7733-4d67-8369-e04f45d32291@group-7934B631C69D-StateMachineUpdater] INFO  ha.SCMStateMachine (SCMStateMachine.java:takeSnapshot(330)) - Current Snapshot Index 100, takeSnapshot took 1 ms
2023-06-17 00:47:54,002 [746ad1cd-7733-4d67-8369-e04f45d32291@group-7934B631C69D-StateMachineUpdater] INFO  impl.StateMachineUpdater (StateMachineUpdater.java:takeSnapshot(291)) - 746ad1cd-7733-4d67-8369-e04f45d32291@group-7934B631C69D-StateMachineUpdater: Took a snapshot at index 100
2023-06-17 00:47:54,002 [746ad1cd-7733-4d67-8369-e04f45d32291@group-7934B631C69D-StateMachineUpdater] INFO  impl.StateMachineUpdater (StateMachineUpdater.java:lambda$new$0(97)) - 746ad1cd-7733-4d67-8369-e04f45d32291@group-7934B631C69D-StateMachineUpdater: snapshotIndex: updateIncreasingly -1 -> 100
2023-06-17 00:47:54,002 [746ad1cd-7733-4d67-8369-e04f45d32291@group-7934B631C69D-StateMachineUpdater] INFO  raftlog.RaftLog (RaftLogBase.java:purge(314)) - 746ad1cd-7733-4d67-8369-e04f45d32291@group-7934B631C69D-SegmentedRaftLog: purge 100
2023-06-17 00:47:54,004 [746ad1cd-7733-4d67-8369-e04f45d32291@group-7934B631C69D-StateMachineUpdater] INFO  raftlog.RaftLog (RaftLogBase.java:lambda$new$0(53)) - 746ad1cd-7733-4d67-8369-e04f45d32291@group-7934B631C69D-SegmentedRaftLog: snapshotIndex: updateIncreasingly -1 -> 100
2023-06-17 00:47:54,006 [746ad1cd-7733-4d67-8369-e04f45d32291@group-7934B631C69D-StateMachineUpdater] INFO  raftlog.RaftLog (RaftLogBase.java:lambda$new$0(53)) - 746ad1cd-7733-4d67-8369-e04f45d32291@group-7934B631C69D-SegmentedRaftLog: purgeIndex: updateToMax old=-1, new=0, updated? true
2023-06-17 00:47:54,098 [1b2d6476-f033-43c5-b598-7121a6e75b28@group-7934B631C69D-StateMachineUpdater] INFO  ha.SCMStateMachine (SCMStateMachine.java:takeSnapshot(330)) - Current Snapshot Index 100, takeSnapshot took 4 ms
2023-06-17 00:47:54,099 [1b2d6476-f033-43c5-b598-7121a6e75b28@group-7934B631C69D-StateMachineUpdater] INFO  impl.StateMachineUpdater (StateMachineUpdater.java:takeSnapshot(291)) - 1b2d6476-f033-43c5-b598-7121a6e75b28@group-7934B631C69D-StateMachineUpdater: Took a snapshot at index 100
2023-06-17 00:47:54,099 [1b2d6476-f033-43c5-b598-7121a6e75b28@group-7934B631C69D-StateMachineUpdater] INFO  impl.StateMachineUpdater (StateMachineUpdater.java:lambda$new$0(97)) - 1b2d6476-f033-43c5-b598-7121a6e75b28@group-7934B631C69D-StateMachineUpdater: snapshotIndex: updateIncreasingly -1 -> 100
2023-06-17 00:47:54,099 [1b2d6476-f033-43c5-b598-7121a6e75b28@group-7934B631C69D-StateMachineUpdater] INFO  raftlog.RaftLog (RaftLogBase.java:purge(314)) - 1b2d6476-f033-43c5-b598-7121a6e75b28@group-7934B631C69D-SegmentedRaftLog: purge 100
2023-06-17 00:47:54,099 [1b2d6476-f033-43c5-b598-7121a6e75b28@group-7934B631C69D-StateMachineUpdater] INFO  raftlog.RaftLog (RaftLogBase.java:lambda$new$0(53)) - 1b2d6476-f033-43c5-b598-7121a6e75b28@group-7934B631C69D-SegmentedRaftLog: snapshotIndex: updateIncreasingly -1 -> 100
2023-06-17 00:47:54,099 [1b2d6476-f033-43c5-b598-7121a6e75b28@group-7934B631C69D-SegmentedRaftLogWorker] INFO  raftlog.RaftLog (RaftLogBase.java:lambda$new$0(53)) - 1b2d6476-f033-43c5-b598-7121a6e75b28@group-7934B631C69D-SegmentedRaftLog: purgeIndex: updateToMax old=-1, new=0, updated? true
2023-06-17 00:47:57,314 [Datanode State Machine Daemon Thread] ERROR datanode.RunningDatanodeState (RunningDatanodeState.java:computeNextContainerState(207)) - Error in executing end point task.
java.util.concurrent.ExecutionException: java.util.concurrent.TimeoutException
	at java.util.concurrent.FutureTask.report(FutureTask.java:122)
	at java.util.concurrent.FutureTask.get(FutureTask.java:192)
	at org.apache.hadoop.ozone.container.common.states.datanode.RunningDatanodeState.computeNextContainerState(RunningDatanodeState.java:199)
	at org.apache.hadoop.ozone.container.common.states.datanode.RunningDatanodeState.await(RunningDatanodeState.java:239)
	at org.apache.hadoop.ozone.container.common.states.datanode.RunningDatanodeState.await(RunningDatanodeState.java:50)
	at org.apache.hadoop.ozone.container.common.statemachine.StateContext.execute(StateContext.java:666)
	at org.apache.hadoop.ozone.container.common.statemachine.DatanodeStateMachine.startStateMachineThread(DatanodeStateMachine.java:334)
	at org.apache.hadoop.ozone.container.common.statemachine.DatanodeStateMachine.lambda$startDaemon$0(DatanodeStateMachine.java:532)
	at java.lang.Thread.run(Thread.java:750)
Caused by: java.util.concurrent.TimeoutException
	at java.util.concurrent.FutureTask.get(FutureTask.java:205)
	at org.apache.hadoop.ozone.container.common.states.datanode.RunningDatanodeState.lambda$execute$0(RunningDatanodeState.java:157)
	at java.util.concurrent.FutureTask.run(FutureTask.java:266)
	at java.util.concurrent.Executors$RunnableAdapter.call(Executors.java:511)
	at java.util.concurrent.FutureTask.run(FutureTask.java:266)
	at java.util.concurrent.ThreadPoolExecutor.runWorker(ThreadPoolExecutor.java:1149)
	at java.util.concurrent.ThreadPoolExecutor$Worker.run(ThreadPoolExecutor.java:624)
	... 1 more
2023-06-17 00:47:57,416 [1b2d6476-f033-43c5-b598-7121a6e75b28@group-7934B631C69D-FollowerState] INFO  server.RaftServerConfigKeys (ConfUtils.java:logFallback(53)) - raft.server.rpc.first-election.timeout.min = 5000ms (fallback to raft.server.rpc.timeout.min)
2023-06-17 00:47:57,416 [1b2d6476-f033-43c5-b598-7121a6e75b28@group-7934B631C69D-FollowerState] INFO  server.RaftServerConfigKeys (ConfUtils.java:logFallback(53)) - raft.server.rpc.first-election.timeout.max = 5200ms (fallback to raft.server.rpc.timeout.max)
2023-06-17 00:47:58,318 [Datanode State Machine Daemon Thread] ERROR datanode.RunningDatanodeState (RunningDatanodeState.java:computeNextContainerState(207)) - Error in executing end point task.
java.util.concurrent.ExecutionException: java.util.concurrent.TimeoutException
	at java.util.concurrent.FutureTask.report(FutureTask.java:122)
	at java.util.concurrent.FutureTask.get(FutureTask.java:192)
	at org.apache.hadoop.ozone.container.common.states.datanode.RunningDatanodeState.computeNextContainerState(RunningDatanodeState.java:199)
	at org.apache.hadoop.ozone.container.common.states.datanode.RunningDatanodeState.await(RunningDatanodeState.java:239)
	at org.apache.hadoop.ozone.container.common.states.datanode.RunningDatanodeState.await(RunningDatanodeState.java:50)
	at org.apache.hadoop.ozone.container.common.statemachine.StateContext.execute(StateContext.java:666)
	at org.apache.hadoop.ozone.container.common.statemachine.DatanodeStateMachine.startStateMachineThread(DatanodeStateMachine.java:334)
	at org.apache.hadoop.ozone.container.common.statemachine.DatanodeStateMachine.lambda$startDaemon$0(DatanodeStateMachine.java:532)
	at java.lang.Thread.run(Thread.java:750)
Caused by: java.util.concurrent.TimeoutException
	at java.util.concurrent.FutureTask.get(FutureTask.java:205)
	at org.apache.hadoop.ozone.container.common.states.datanode.RunningDatanodeState.lambda$execute$0(RunningDatanodeState.java:157)
	at java.util.concurrent.FutureTask.run(FutureTask.java:266)
	at java.util.concurrent.Executors$RunnableAdapter.call(Executors.java:511)
	at java.util.concurrent.FutureTask.run(FutureTask.java:266)
	at java.util.concurrent.ThreadPoolExecutor.runWorker(ThreadPoolExecutor.java:1149)
	at java.util.concurrent.ThreadPoolExecutor$Worker.run(ThreadPoolExecutor.java:624)
	... 1 more
2023-06-17 00:47:59,268 [746ad1cd-7733-4d67-8369-e04f45d32291@group-7934B631C69D-StateMachineUpdater] INFO  ha.SCMStateMachine (SCMStateMachine.java:takeSnapshot(330)) - Current Snapshot Index 200, takeSnapshot took 1 ms
2023-06-17 00:47:59,268 [746ad1cd-7733-4d67-8369-e04f45d32291@group-7934B631C69D-StateMachineUpdater] INFO  impl.StateMachineUpdater (StateMachineUpdater.java:takeSnapshot(291)) - 746ad1cd-7733-4d67-8369-e04f45d32291@group-7934B631C69D-StateMachineUpdater: Took a snapshot at index 200
2023-06-17 00:47:59,268 [746ad1cd-7733-4d67-8369-e04f45d32291@group-7934B631C69D-StateMachineUpdater] INFO  impl.StateMachineUpdater (StateMachineUpdater.java:lambda$new$0(97)) - 746ad1cd-7733-4d67-8369-e04f45d32291@group-7934B631C69D-StateMachineUpdater: snapshotIndex: updateIncreasingly 100 -> 200
2023-06-17 00:47:59,268 [746ad1cd-7733-4d67-8369-e04f45d32291@group-7934B631C69D-StateMachineUpdater] INFO  raftlog.RaftLog (RaftLogBase.java:purge(314)) - 746ad1cd-7733-4d67-8369-e04f45d32291@group-7934B631C69D-SegmentedRaftLog: purge 200
2023-06-17 00:47:59,268 [746ad1cd-7733-4d67-8369-e04f45d32291@group-7934B631C69D-StateMachineUpdater] INFO  raftlog.RaftLog (RaftLogBase.java:lambda$new$0(53)) - 746ad1cd-7733-4d67-8369-e04f45d32291@group-7934B631C69D-SegmentedRaftLog: snapshotIndex: updateIncreasingly 100 -> 200
2023-06-17 00:47:59,268 [746ad1cd-7733-4d67-8369-e04f45d32291@group-7934B631C69D-StateMachineUpdater] INFO  raftlog.RaftLog (RaftLogBase.java:lambda$new$0(53)) - 746ad1cd-7733-4d67-8369-e04f45d32291@group-7934B631C69D-SegmentedRaftLog: purgeIndex: updateToMax old=0, new=200, updated? true
2023-06-17 00:47:59,362 [1b2d6476-f033-43c5-b598-7121a6e75b28@group-7934B631C69D-StateMachineUpdater] INFO  ha.SCMStateMachine (SCMStateMachine.java:takeSnapshot(330)) - Current Snapshot Index 200, takeSnapshot took 2 ms
2023-06-17 00:47:59,362 [1b2d6476-f033-43c5-b598-7121a6e75b28@group-7934B631C69D-StateMachineUpdater] INFO  impl.StateMachineUpdater (StateMachineUpdater.java:takeSnapshot(291)) - 1b2d6476-f033-43c5-b598-7121a6e75b28@group-7934B631C69D-StateMachineUpdater: Took a snapshot at index 200
2023-06-17 00:47:59,362 [1b2d6476-f033-43c5-b598-7121a6e75b28@group-7934B631C69D-StateMachineUpdater] INFO  impl.StateMachineUpdater (StateMachineUpdater.java:lambda$new$0(97)) - 1b2d6476-f033-43c5-b598-7121a6e75b28@group-7934B631C69D-StateMachineUpdater: snapshotIndex: updateIncreasingly 100 -> 200
2023-06-17 00:47:59,362 [1b2d6476-f033-43c5-b598-7121a6e75b28@group-7934B631C69D-StateMachineUpdater] INFO  raftlog.RaftLog (RaftLogBase.java:purge(314)) - 1b2d6476-f033-43c5-b598-7121a6e75b28@group-7934B631C69D-SegmentedRaftLog: purge 200
2023-06-17 00:47:59,363 [1b2d6476-f033-43c5-b598-7121a6e75b28@group-7934B631C69D-StateMachineUpdater] INFO  raftlog.RaftLog (RaftLogBase.java:lambda$new$0(53)) - 1b2d6476-f033-43c5-b598-7121a6e75b28@group-7934B631C69D-SegmentedRaftLog: snapshotIndex: updateIncreasingly 100 -> 200
2023-06-17 00:47:59,363 [1b2d6476-f033-43c5-b598-7121a6e75b28@group-7934B631C69D-StateMachineUpdater] INFO  raftlog.RaftLog (RaftLogBase.java:lambda$new$0(53)) - 1b2d6476-f033-43c5-b598-7121a6e75b28@group-7934B631C69D-SegmentedRaftLog: purgeIndex: updateToMax old=0, new=200, updated? true
2023-06-17 00:47:59,462 [main] INFO  scm.TestSecretKeySnapshot (TestSecretKeySnapshot.java:testInstallSnapshot(227)) - Starting follower...
2023-06-17 00:47:59,463 [main] INFO  server.StorageContainerManager (StorageContainerManager.java:start(1483)) - StorageContainerLocationProtocol RPC server is listening at /0.0.0.0:15021
2023-06-17 00:47:59,463 [main] INFO  ha.SCMRatisServerImpl (SCMRatisServerImpl.java:start(189)) - starting ratis server 0.0.0.0:15019
2023-06-17 00:47:59,463 [8fbffa03-1fc4-4a41-ac4c-0c93200d4489-impl-thread1] INFO  storage.RaftStorageDirectory (RaftStorageDirectoryImpl.java:analyzeStorage(137)) - The storage directory /home/runner/work/ozone/ozone/hadoop-ozone/integration-test/target/test-dir/MiniOzoneClusterImpl-a3d962f4-5b41-4a19-a1e3-7934b631c69d/scmNode-3/scm-ha/a3d962f4-5b41-4a19-a1e3-7934b631c69d does not exist. Creating ...
2023-06-17 00:47:59,465 [8fbffa03-1fc4-4a41-ac4c-0c93200d4489-impl-thread1] INFO  storage.RaftStorageDirectory (RaftStorageDirectoryImpl.java:tryLock(231)) - Lock on /home/runner/work/ozone/ozone/hadoop-ozone/integration-test/target/test-dir/MiniOzoneClusterImpl-a3d962f4-5b41-4a19-a1e3-7934b631c69d/scmNode-3/scm-ha/a3d962f4-5b41-4a19-a1e3-7934b631c69d/in_use.lock acquired by nodename 26315@fv-az275-58
2023-06-17 00:47:59,467 [8fbffa03-1fc4-4a41-ac4c-0c93200d4489-impl-thread1] INFO  storage.RaftStorage (RaftStorageImpl.java:format(96)) - Storage directory /home/runner/work/ozone/ozone/hadoop-ozone/integration-test/target/test-dir/MiniOzoneClusterImpl-a3d962f4-5b41-4a19-a1e3-7934b631c69d/scmNode-3/scm-ha/a3d962f4-5b41-4a19-a1e3-7934b631c69d has been successfully formatted.
2023-06-17 00:47:59,467 [8fbffa03-1fc4-4a41-ac4c-0c93200d4489-impl-thread1] INFO  server.RaftServerConfigKeys (ConfUtils.java:logGet(46)) - raft.server.log.use.memory = false (default)
2023-06-17 00:47:59,467 [8fbffa03-1fc4-4a41-ac4c-0c93200d4489-impl-thread1] INFO  server.RaftServerConfigKeys (ConfUtils.java:logGet(46)) - raft.server.log.purge.gap = 100 (custom)
2023-06-17 00:47:59,467 [8fbffa03-1fc4-4a41-ac4c-0c93200d4489-impl-thread1] INFO  server.RaftServerConfigKeys (ConfUtils.java:logGet(46)) - raft.server.log.appender.buffer.byte-limit = 33554432 (custom)
2023-06-17 00:47:59,468 [8fbffa03-1fc4-4a41-ac4c-0c93200d4489-impl-thread1] INFO  server.RaftServerConfigKeys (ConfUtils.java:logGet(46)) - raft.server.log.statemachine.data.read.timeout = 1000ms (default)
2023-06-17 00:47:59,468 [8fbffa03-1fc4-4a41-ac4c-0c93200d4489-impl-thread1] INFO  server.RaftServerConfigKeys (ConfUtils.java:logGet(46)) - raft.server.log.purge.preservation.log.num = 0 (default)
2023-06-17 00:47:59,468 [8fbffa03-1fc4-4a41-ac4c-0c93200d4489-impl-thread1] INFO  server.RaftServerConfigKeys (ConfUtils.java:logGet(46)) - raft.server.log.segment.size.max = 4194304 (custom)
2023-06-17 00:47:59,469 [8fbffa03-1fc4-4a41-ac4c-0c93200d4489-impl-thread1] INFO  server.RaftServerConfigKeys (ConfUtils.java:logGet(46)) - raft.server.log.segment.cache.num.max = 2 (custom)
2023-06-17 00:47:59,469 [8fbffa03-1fc4-4a41-ac4c-0c93200d4489-impl-thread1] INFO  server.RaftServerConfigKeys (ConfUtils.java:logGet(46)) - raft.server.log.segment.cache.size.max = 200MB (=209715200) (default)
2023-06-17 00:47:59,469 [8fbffa03-1fc4-4a41-ac4c-0c93200d4489-impl-thread1] INFO  server.RaftServerConfigKeys (ConfUtils.java:logGet(46)) - raft.server.log.appender.buffer.byte-limit = 33554432 (custom)
2023-06-17 00:47:59,469 [8fbffa03-1fc4-4a41-ac4c-0c93200d4489-impl-thread1] INFO  segmented.SegmentedRaftLogWorker (SegmentedRaftLogWorker.java:<init>(188)) - new 8fbffa03-1fc4-4a41-ac4c-0c93200d4489@group-7934B631C69D-SegmentedRaftLogWorker for RaftStorageImpl:Storage Directory /home/runner/work/ozone/ozone/hadoop-ozone/integration-test/target/test-dir/MiniOzoneClusterImpl-a3d962f4-5b41-4a19-a1e3-7934b631c69d/scmNode-3/scm-ha/a3d962f4-5b41-4a19-a1e3-7934b631c69d
2023-06-17 00:47:59,469 [8fbffa03-1fc4-4a41-ac4c-0c93200d4489-impl-thread1] INFO  server.RaftServerConfigKeys (ConfUtils.java:logGet(46)) - raft.server.log.queue.byte-limit = 64MB (=67108864) (default)
2023-06-17 00:47:59,469 [8fbffa03-1fc4-4a41-ac4c-0c93200d4489-impl-thread1] INFO  server.RaftServerConfigKeys (ConfUtils.java:logGet(46)) - raft.server.log.queue.element-limit = 4096 (default)
2023-06-17 00:47:59,469 [8fbffa03-1fc4-4a41-ac4c-0c93200d4489-impl-thread1] INFO  server.RaftServerConfigKeys (ConfUtils.java:logGet(46)) - raft.server.log.segment.size.max = 4194304 (custom)
2023-06-17 00:47:59,469 [8fbffa03-1fc4-4a41-ac4c-0c93200d4489-impl-thread1] INFO  server.RaftServerConfigKeys (ConfUtils.java:logGet(46)) - raft.server.log.preallocated.size = 4194304 (custom)
2023-06-17 00:47:59,469 [8fbffa03-1fc4-4a41-ac4c-0c93200d4489-impl-thread1] INFO  server.RaftServerConfigKeys (ConfUtils.java:logGet(46)) - raft.server.log.force.sync.num = 128 (default)
2023-06-17 00:47:59,470 [8fbffa03-1fc4-4a41-ac4c-0c93200d4489-impl-thread1] INFO  server.RaftServerConfigKeys (ConfUtils.java:logGet(46)) - raft.server.log.statemachine.data.sync = true (default)
2023-06-17 00:47:59,470 [8fbffa03-1fc4-4a41-ac4c-0c93200d4489-impl-thread1] INFO  server.RaftServerConfigKeys (ConfUtils.java:logGet(46)) - raft.server.log.statemachine.data.sync.timeout = 10s (default)
2023-06-17 00:47:59,470 [8fbffa03-1fc4-4a41-ac4c-0c93200d4489-impl-thread1] INFO  server.RaftServerConfigKeys (ConfUtils.java:logGet(46)) - raft.server.log.statemachine.data.sync.timeout.retry = -1 (default)
2023-06-17 00:47:59,471 [8fbffa03-1fc4-4a41-ac4c-0c93200d4489-impl-thread1] INFO  server.RaftServerConfigKeys (ConfUtils.java:logGet(46)) - raft.server.log.write.buffer.size = 64KB (=65536) (default)
2023-06-17 00:47:59,471 [8fbffa03-1fc4-4a41-ac4c-0c93200d4489-impl-thread1] INFO  server.RaftServerConfigKeys (ConfUtils.java:logGet(46)) - raft.server.log.appender.buffer.byte-limit = 33554432 (custom)
2023-06-17 00:47:59,480 [8fbffa03-1fc4-4a41-ac4c-0c93200d4489-impl-thread1] INFO  server.RaftServerConfigKeys (ConfUtils.java:logGet(46)) - raft.server.log.unsafe-flush.enabled = false (default)
2023-06-17 00:47:59,480 [8fbffa03-1fc4-4a41-ac4c-0c93200d4489-impl-thread1] INFO  server.RaftServerConfigKeys (ConfUtils.java:logGet(46)) - raft.server.log.async-flush.enabled = false (default)
2023-06-17 00:47:59,480 [8fbffa03-1fc4-4a41-ac4c-0c93200d4489-impl-thread1] INFO  server.RaftServerConfigKeys (ConfUtils.java:logGet(46)) - raft.server.log.statemachine.data.caching.enabled = false (default)
2023-06-17 00:47:59,481 [8fbffa03-1fc4-4a41-ac4c-0c93200d4489-impl-thread1] INFO  segmented.SegmentedRaftLogWorker (SegmentedRaftLogWorker.java:lambda$new$0(135)) - 8fbffa03-1fc4-4a41-ac4c-0c93200d4489@group-7934B631C69D-SegmentedRaftLogWorker: flushIndex: setUnconditionally 0 -> -1
2023-06-17 00:47:59,481 [8fbffa03-1fc4-4a41-ac4c-0c93200d4489-impl-thread1] INFO  segmented.SegmentedRaftLogWorker (SegmentedRaftLogWorker.java:lambda$new$0(135)) - 8fbffa03-1fc4-4a41-ac4c-0c93200d4489@group-7934B631C69D-SegmentedRaftLogWorker: safeCacheEvictIndex: setUnconditionally 0 -> -1
2023-06-17 00:47:59,481 [8fbffa03-1fc4-4a41-ac4c-0c93200d4489-impl-thread1] INFO  server.RaftServer$Division (RaftServerImpl.java:start(348)) - 8fbffa03-1fc4-4a41-ac4c-0c93200d4489@group-7934B631C69D: start with initializing state, conf=-1: peers:[]|listeners:[], old=null
2023-06-17 00:47:59,481 [8fbffa03-1fc4-4a41-ac4c-0c93200d4489-impl-thread1] INFO  server.RaftServer$Division (RaftServerImpl.java:setRole(329)) - 8fbffa03-1fc4-4a41-ac4c-0c93200d4489@group-7934B631C69D: changes role from      null to FOLLOWER at term 0 for startInitializing
2023-06-17 00:47:59,482 [8fbffa03-1fc4-4a41-ac4c-0c93200d4489-impl-thread1] INFO  util.JmxRegister (JmxRegister.java:tryRegister(44)) - Successfully registered JMX Bean with object name Ratis:service=RaftServer,group=group-7934B631C69D,id=8fbffa03-1fc4-4a41-ac4c-0c93200d4489
2023-06-17 00:47:59,482 [8fbffa03-1fc4-4a41-ac4c-0c93200d4489-impl-thread1] INFO  server.RaftServerConfigKeys (ConfUtils.java:logGet(46)) - raft.server.snapshot.auto.trigger.enabled = true (custom)
2023-06-17 00:47:59,482 [8fbffa03-1fc4-4a41-ac4c-0c93200d4489-impl-thread1] INFO  server.RaftServerConfigKeys (ConfUtils.java:logGet(46)) - raft.server.snapshot.auto.trigger.threshold = 100 (custom)
2023-06-17 00:47:59,482 [8fbffa03-1fc4-4a41-ac4c-0c93200d4489-impl-thread1] INFO  server.RaftServerConfigKeys (ConfUtils.java:logGet(46)) - raft.server.snapshot.retention.file.num = -1 (default)
2023-06-17 00:47:59,482 [8fbffa03-1fc4-4a41-ac4c-0c93200d4489-impl-thread1] INFO  server.RaftServerConfigKeys (ConfUtils.java:logGet(46)) - raft.server.log.purge.upto.snapshot.index = true (custom)
2023-06-17 00:47:59,486 [main] INFO  server.RaftServer (RaftServerProxy.java:startImpl(400)) - 8fbffa03-1fc4-4a41-ac4c-0c93200d4489: start RPC server
2023-06-17 00:47:59,490 [main] INFO  server.GrpcService (GrpcService.java:startImpl(302)) - 8fbffa03-1fc4-4a41-ac4c-0c93200d4489: GrpcService started, listening on 15019
2023-06-17 00:47:59,491 [JvmPauseMonitor5] INFO  util.JvmPauseMonitor (JvmPauseMonitor.java:run(103)) - JvmPauseMonitor-8fbffa03-1fc4-4a41-ac4c-0c93200d4489: Started
2023-06-17 00:47:59,492 [main] INFO  ha.SCMNodeInfo (SCMNodeInfo.java:getPort(197)) - ConfigKey ozone.scm.client.address is deprecated, For configuring different ports for each SCM use PortConfigKey ozone.scm.client.port appended with serviceId and nodeId
2023-06-17 00:47:59,492 [main] INFO  ha.SCMNodeInfo (SCMNodeInfo.java:getPort(197)) - ConfigKey ozone.scm.block.client.address is deprecated, For configuring different ports for each SCM use PortConfigKey ozone.scm.block.client.port appended with serviceId and nodeId
2023-06-17 00:47:59,492 [main] INFO  ha.SCMNodeInfo (SCMNodeInfo.java:getPort(197)) - ConfigKey ozone.scm.security.service.address is deprecated, For configuring different ports for each SCM use PortConfigKey ozone.scm.security.service.port appended with serviceId and nodeId
2023-06-17 00:47:59,492 [main] INFO  ha.SCMNodeInfo (SCMNodeInfo.java:getPort(197)) - ConfigKey ozone.scm.datanode.address is deprecated, For configuring different ports for each SCM use PortConfigKey ozone.scm.datanode.port appended with serviceId and nodeId
2023-06-17 00:47:59,492 [main] INFO  ha.SCMNodeInfo (SCMNodeInfo.java:getPort(197)) - ConfigKey ozone.scm.client.address is deprecated, For configuring different ports for each SCM use PortConfigKey ozone.scm.client.port appended with serviceId and nodeId
2023-06-17 00:47:59,492 [main] INFO  ha.SCMNodeInfo (SCMNodeInfo.java:getPort(197)) - ConfigKey ozone.scm.block.client.address is deprecated, For configuring different ports for each SCM use PortConfigKey ozone.scm.block.client.port appended with serviceId and nodeId
2023-06-17 00:47:59,493 [main] INFO  ha.SCMNodeInfo (SCMNodeInfo.java:getPort(197)) - ConfigKey ozone.scm.security.service.address is deprecated, For configuring different ports for each SCM use PortConfigKey ozone.scm.security.service.port appended with serviceId and nodeId
2023-06-17 00:47:59,493 [main] INFO  ha.SCMNodeInfo (SCMNodeInfo.java:getPort(197)) - ConfigKey ozone.scm.datanode.address is deprecated, For configuring different ports for each SCM use PortConfigKey ozone.scm.datanode.port appended with serviceId and nodeId
2023-06-17 00:47:59,493 [main] INFO  proxy.SCMBlockLocationFailoverProxyProvider (SCMBlockLocationFailoverProxyProvider.java:<init>(114)) - Created block location fail-over proxy with 2 nodes: [nodeId=scmNode-2,nodeAddress=/127.0.0.1:15015, nodeId=scmNode-1,nodeAddress=/127.0.0.1:15007]
2023-06-17 00:47:59,506 [Socket Reader #1 for port 15007] INFO  ipc.Server (Server.java:saslProcess(2116)) - Auth successful for scm/fv-az275-58.go2hi5et44qedpdz5zrtt3gknc.xx.internal.cloudapp.net@EXAMPLE.COM (auth:KERBEROS) from 10.1.0.235:35863
2023-06-17 00:47:59,525 [IPC Server handler 7 on default port 15007] INFO  ha.SCMRatisServerImpl (SCMRatisServerImpl.java:addSCM(316)) - 746ad1cd-7733-4d67-8369-e04f45d32291: Submitting SetConfiguration request to Ratis server with new SCM peers list: [1b2d6476-f033-43c5-b598-7121a6e75b28|rpc:localhost:15011|priority:0|startupRole:FOLLOWER, 746ad1cd-7733-4d67-8369-e04f45d32291|rpc:localhost:15003|admin:|client:|dataStream:|priority:0|startupRole:FOLLOWER, 8fbffa03-1fc4-4a41-ac4c-0c93200d4489|rpc:localhost:15019|priority:0|startupRole:FOLLOWER]
2023-06-17 00:47:59,525 [IPC Server handler 7 on default port 15007] INFO  server.RaftServer$Division (RaftServerImpl.java:setConfigurationAsync(1196)) - 746ad1cd-7733-4d67-8369-e04f45d32291@group-7934B631C69D: receive setConfiguration SetConfigurationRequest:client-EA6F9FFA306E->746ad1cd-7733-4d67-8369-e04f45d32291@group-7934B631C69D, cid=97, seq=0, RW, null, SET_UNCONDITIONALLY, servers:[1b2d6476-f033-43c5-b598-7121a6e75b28|rpc:localhost:15011|priority:0|startupRole:FOLLOWER, 746ad1cd-7733-4d67-8369-e04f45d32291|rpc:localhost:15003|admin:|client:|dataStream:|priority:0|startupRole:FOLLOWER, 8fbffa03-1fc4-4a41-ac4c-0c93200d4489|rpc:localhost:15019|priority:0|startupRole:FOLLOWER], listeners:[]
2023-06-17 00:47:59,526 [IPC Server handler 7 on default port 15007] INFO  server.RaftServer$Division (LeaderStateImpl.java:startSetConfiguration(443)) - 746ad1cd-7733-4d67-8369-e04f45d32291@group-7934B631C69D-LeaderStateImpl: startSetConfiguration SetConfigurationRequest:client-EA6F9FFA306E->746ad1cd-7733-4d67-8369-e04f45d32291@group-7934B631C69D, cid=97, seq=0, RW, null, SET_UNCONDITIONALLY, servers:[1b2d6476-f033-43c5-b598-7121a6e75b28|rpc:localhost:15011|priority:0|startupRole:FOLLOWER, 746ad1cd-7733-4d67-8369-e04f45d32291|rpc:localhost:15003|admin:|client:|dataStream:|priority:0|startupRole:FOLLOWER, 8fbffa03-1fc4-4a41-ac4c-0c93200d4489|rpc:localhost:15019|priority:0|startupRole:FOLLOWER], listeners:[]
2023-06-17 00:47:59,526 [IPC Server handler 7 on default port 15007] INFO  server.RaftServerConfigKeys (ConfUtils.java:logGet(46)) - raft.server.log.appender.snapshot.chunk.size.max = 16MB (=16777216) (default)
2023-06-17 00:47:59,526 [IPC Server handler 7 on default port 15007] INFO  server.RaftServerConfigKeys (ConfUtils.java:logGet(46)) - raft.server.log.appender.buffer.byte-limit = 33554432 (custom)
2023-06-17 00:47:59,526 [IPC Server handler 7 on default port 15007] INFO  server.RaftServerConfigKeys (ConfUtils.java:logGet(46)) - raft.server.log.appender.buffer.element-limit = 1024 (custom)
2023-06-17 00:47:59,531 [IPC Server handler 7 on default port 15007] INFO  server.RaftServerConfigKeys (ConfUtils.java:logGet(46)) - raft.server.log.appender.wait-time.min = 10ms (default)
2023-06-17 00:47:59,531 [IPC Server handler 7 on default port 15007] INFO  grpc.GrpcConfigKeys (ConfUtils.java:logGet(46)) - raft.grpc.server.leader.outstanding.appends.max = 128 (default)
2023-06-17 00:47:59,532 [IPC Server handler 7 on default port 15007] INFO  server.RaftServerConfigKeys (ConfUtils.java:logGet(46)) - raft.server.rpc.request.timeout = 30000ms (custom)
2023-06-17 00:47:59,532 [IPC Server handler 7 on default port 15007] INFO  grpc.GrpcConfigKeys (ConfUtils.java:logGet(46)) - raft.grpc.server.install_snapshot.request.element-limit = 8 (default)
2023-06-17 00:47:59,532 [IPC Server handler 7 on default port 15007] INFO  grpc.GrpcConfigKeys (ConfUtils.java:logGet(46)) - raft.grpc.server.install_snapshot.request.timeout = 3000ms (default)
2023-06-17 00:47:59,532 [IPC Server handler 7 on default port 15007] INFO  server.RaftServerConfigKeys (ConfUtils.java:logGet(46)) - raft.server.log.appender.install.snapshot.enabled = false (custom)
2023-06-17 00:47:59,532 [IPC Server handler 7 on default port 15007] INFO  grpc.GrpcConfigKeys (ConfUtils.java:logGet(46)) - raft.grpc.server.heartbeat.channel = true (default)
2023-06-17 00:47:59,533 [746ad1cd-7733-4d67-8369-e04f45d32291@group-7934B631C69D->8fbffa03-1fc4-4a41-ac4c-0c93200d4489-GrpcLogAppender-LogAppenderDaemon] INFO  server.GrpcLogAppender (GrpcLogAppender.java:installSnapshot(649)) - 746ad1cd-7733-4d67-8369-e04f45d32291@group-7934B631C69D->8fbffa03-1fc4-4a41-ac4c-0c93200d4489-GrpcLogAppender: followerNextIndex = 0 but logStartIndex = 1, notify follower to install snapshot-(t:2, i:1)
2023-06-17 00:47:59,535 [746ad1cd-7733-4d67-8369-e04f45d32291@group-7934B631C69D->8fbffa03-1fc4-4a41-ac4c-0c93200d4489-GrpcLogAppender-LogAppenderDaemon] INFO  server.GrpcLogAppender (GrpcLogAppender.java:installSnapshot(657)) - 746ad1cd-7733-4d67-8369-e04f45d32291@group-7934B631C69D->8fbffa03-1fc4-4a41-ac4c-0c93200d4489-GrpcLogAppender: send 746ad1cd-7733-4d67-8369-e04f45d32291->8fbffa03-1fc4-4a41-ac4c-0c93200d4489#0-t2,notify:(t:2, i:1)
2023-06-17 00:47:59,535 [746ad1cd-7733-4d67-8369-e04f45d32291@group-7934B631C69D->8fbffa03-1fc4-4a41-ac4c-0c93200d4489-GrpcLogAppender-LogAppenderDaemon] INFO  server.GrpcServerProtocolClient (GrpcServerProtocolClient.java:<init>(65)) - Build channel for 8fbffa03-1fc4-4a41-ac4c-0c93200d4489
2023-06-17 00:47:59,549 [grpc-default-executor-2] INFO  impl.SnapshotInstallationHandler (SnapshotInstallationHandler.java:installSnapshot(89)) - 8fbffa03-1fc4-4a41-ac4c-0c93200d4489@group-7934B631C69D: receive installSnapshot: 746ad1cd-7733-4d67-8369-e04f45d32291->8fbffa03-1fc4-4a41-ac4c-0c93200d4489#0-t2,notify:(t:2, i:1)
2023-06-17 00:47:59,552 [grpc-default-executor-2] INFO  ha.SCMStateMachine (SCMStateMachine.java:notifyLeaderChanged(286)) - leader changed, yet current SCM is still follower.
2023-06-17 00:47:59,552 [grpc-default-executor-2] INFO  server.RaftServer$Division (ServerState.java:setLeader(317)) - 8fbffa03-1fc4-4a41-ac4c-0c93200d4489@group-7934B631C69D: change Leader from null to 746ad1cd-7733-4d67-8369-e04f45d32291 at term 2 for installSnapshot, leader elected after 36303ms
2023-06-17 00:47:59,552 [grpc-default-executor-2] INFO  impl.SnapshotInstallationHandler (SnapshotInstallationHandler.java:notifyStateMachineToInstallSnapshot(221)) - 8fbffa03-1fc4-4a41-ac4c-0c93200d4489@group-7934B631C69D: Received notification to install snapshot at index 1
2023-06-17 00:47:59,556 [grpc-default-executor-2] INFO  impl.SnapshotInstallationHandler (SnapshotInstallationHandler.java:notifyStateMachineToInstallSnapshot(254)) - 8fbffa03-1fc4-4a41-ac4c-0c93200d4489@group-7934B631C69D: notifyInstallSnapshot: nextIndex is 0 but the leader's first available index is 1.
2023-06-17 00:47:59,557 [grpc-default-executor-2] INFO  ha.SCMStateMachine (SCMStateMachine.java:notifyInstallSnapshotFromLeader(239)) - Received install snapshot notification from SCM leader: localhost:15003 with term index: (t:2, i:1)
2023-06-17 00:47:59,558 [grpc-default-executor-2] INFO  impl.SnapshotInstallationHandler (SnapshotInstallationHandler.java:installSnapshotImpl(134)) - 8fbffa03-1fc4-4a41-ac4c-0c93200d4489@group-7934B631C69D: set new configuration index: 9
configurationEntry {
  peers {
    id: "1b2d6476-f033-43c5-b598-7121a6e75b28"
    address: "localhost:15011"
    startupRole: FOLLOWER
  }
  peers {
    id: "746ad1cd-7733-4d67-8369-e04f45d32291"
    address: "localhost:15003"
    startupRole: FOLLOWER
  }
}
 from snapshot
2023-06-17 00:47:59,562 [grpc-default-executor-2] INFO  server.RaftServer$Division (ServerState.java:setRaftConf(434)) - 8fbffa03-1fc4-4a41-ac4c-0c93200d4489@group-7934B631C69D: set configuration 9: peers:[1b2d6476-f033-43c5-b598-7121a6e75b28|rpc:localhost:15011|admin:|client:|dataStream:|priority:0|startupRole:FOLLOWER, 746ad1cd-7733-4d67-8369-e04f45d32291|rpc:localhost:15003|admin:|client:|dataStream:|priority:0|startupRole:FOLLOWER]|listeners:[], old=null
2023-06-17 00:47:59,562 [grpc-default-executor-2] INFO  impl.SnapshotInstallationHandler (SnapshotInstallationHandler.java:installSnapshot(100)) - 8fbffa03-1fc4-4a41-ac4c-0c93200d4489@group-7934B631C69D: reply installSnapshot: 746ad1cd-7733-4d67-8369-e04f45d32291<-8fbffa03-1fc4-4a41-ac4c-0c93200d4489#0:FAIL-t0,IN_PROGRESS
2023-06-17 00:47:59,562 [pool-99-thread-1] INFO  ha.SCMHAManagerImpl (SCMHAManagerImpl.java:getDBCheckpointFromLeader(260)) - Downloading checkpoint from leader SCM scmNode-1 and reloading state from the checkpoint.
2023-06-17 00:47:59,563 [grpc-default-executor-2] INFO  server.GrpcServerProtocolService (GrpcServerProtocolService.java:onCompleted(155)) - 8fbffa03-1fc4-4a41-ac4c-0c93200d4489: Completed INSTALL_SNAPSHOT, lastRequest: 746ad1cd-7733-4d67-8369-e04f45d32291->8fbffa03-1fc4-4a41-ac4c-0c93200d4489#0-t2,notify:(t:2, i:1)
2023-06-17 00:47:59,563 [grpc-default-executor-2] INFO  server.GrpcServerProtocolService (GrpcServerProtocolService.java:lambda$onCompleted$5(157)) - 8fbffa03-1fc4-4a41-ac4c-0c93200d4489: Completed INSTALL_SNAPSHOT, lastReply: null
2023-06-17 00:47:59,565 [grpc-default-executor-0] INFO  server.GrpcLogAppender (GrpcLogAppender.java:onNext(507)) - 746ad1cd-7733-4d67-8369-e04f45d32291@group-7934B631C69D->8fbffa03-1fc4-4a41-ac4c-0c93200d4489-InstallSnapshotResponseHandler: received the first reply 746ad1cd-7733-4d67-8369-e04f45d32291<-8fbffa03-1fc4-4a41-ac4c-0c93200d4489#0:FAIL-t0,IN_PROGRESS
2023-06-17 00:47:59,565 [grpc-default-executor-0] INFO  server.GrpcLogAppender (GrpcLogAppender.java:onNext(525)) - 746ad1cd-7733-4d67-8369-e04f45d32291@group-7934B631C69D->8fbffa03-1fc4-4a41-ac4c-0c93200d4489-InstallSnapshotResponseHandler: InstallSnapshot in progress.
2023-06-17 00:47:59,584 [746ad1cd-7733-4d67-8369-e04f45d32291@group-7934B631C69D->8fbffa03-1fc4-4a41-ac4c-0c93200d4489-GrpcLogAppender-LogAppenderDaemon] INFO  server.GrpcLogAppender (GrpcLogAppender.java:installSnapshot(649)) - 746ad1cd-7733-4d67-8369-e04f45d32291@group-7934B631C69D->8fbffa03-1fc4-4a41-ac4c-0c93200d4489-GrpcLogAppender: followerNextIndex = 0 but logStartIndex = 1, notify follower to install snapshot-(t:2, i:1)
2023-06-17 00:47:59,584 [746ad1cd-7733-4d67-8369-e04f45d32291@group-7934B631C69D->8fbffa03-1fc4-4a41-ac4c-0c93200d4489-GrpcLogAppender-LogAppenderDaemon] INFO  server.GrpcLogAppender (GrpcLogAppender.java:installSnapshot(657)) - 746ad1cd-7733-4d67-8369-e04f45d32291@group-7934B631C69D->8fbffa03-1fc4-4a41-ac4c-0c93200d4489-GrpcLogAppender: send 746ad1cd-7733-4d67-8369-e04f45d32291->8fbffa03-1fc4-4a41-ac4c-0c93200d4489#0-t2,notify:(t:2, i:1)
2023-06-17 00:47:59,597 [grpc-default-executor-3] INFO  impl.SnapshotInstallationHandler (SnapshotInstallationHandler.java:installSnapshot(89)) - 8fbffa03-1fc4-4a41-ac4c-0c93200d4489@group-7934B631C69D: receive installSnapshot: 746ad1cd-7733-4d67-8369-e04f45d32291->8fbffa03-1fc4-4a41-ac4c-0c93200d4489#0-t2,notify:(t:2, i:1)
2023-06-17 00:47:59,598 [grpc-default-executor-3] INFO  impl.SnapshotInstallationHandler (SnapshotInstallationHandler.java:installSnapshot(100)) - 8fbffa03-1fc4-4a41-ac4c-0c93200d4489@group-7934B631C69D: reply installSnapshot: 746ad1cd-7733-4d67-8369-e04f45d32291<-8fbffa03-1fc4-4a41-ac4c-0c93200d4489#0:FAIL-t2,IN_PROGRESS
2023-06-17 00:47:59,598 [grpc-default-executor-3] INFO  server.GrpcServerProtocolService (GrpcServerProtocolService.java:onCompleted(155)) - 8fbffa03-1fc4-4a41-ac4c-0c93200d4489: Completed INSTALL_SNAPSHOT, lastRequest: 746ad1cd-7733-4d67-8369-e04f45d32291->8fbffa03-1fc4-4a41-ac4c-0c93200d4489#0-t2,notify:(t:2, i:1)
2023-06-17 00:47:59,599 [grpc-default-executor-3] INFO  server.GrpcServerProtocolService (GrpcServerProtocolService.java:lambda$onCompleted$5(157)) - 8fbffa03-1fc4-4a41-ac4c-0c93200d4489: Completed INSTALL_SNAPSHOT, lastReply: null
2023-06-17 00:47:59,600 [grpc-default-executor-1] INFO  server.GrpcLogAppender (GrpcLogAppender.java:onNext(507)) - 746ad1cd-7733-4d67-8369-e04f45d32291@group-7934B631C69D->8fbffa03-1fc4-4a41-ac4c-0c93200d4489-InstallSnapshotResponseHandler: received a reply 746ad1cd-7733-4d67-8369-e04f45d32291<-8fbffa03-1fc4-4a41-ac4c-0c93200d4489#0:FAIL-t2,IN_PROGRESS
2023-06-17 00:47:59,600 [grpc-default-executor-1] INFO  server.GrpcLogAppender (GrpcLogAppender.java:onNext(525)) - 746ad1cd-7733-4d67-8369-e04f45d32291@group-7934B631C69D->8fbffa03-1fc4-4a41-ac4c-0c93200d4489-InstallSnapshotResponseHandler: InstallSnapshot in progress.
2023-06-17 00:47:59,601 [8fbffa03-1fc4-4a41-ac4c-0c93200d4489-server-thread1] INFO  impl.RoleInfo (RoleInfo.java:updateAndGet(139)) - 8fbffa03-1fc4-4a41-ac4c-0c93200d4489: start 8fbffa03-1fc4-4a41-ac4c-0c93200d4489@group-7934B631C69D-FollowerState
2023-06-17 00:47:59,601 [8fbffa03-1fc4-4a41-ac4c-0c93200d4489-server-thread1] INFO  server.RaftServer$Division (RaftServerImpl.java:checkInconsistentAppendEntries(1591)) - 8fbffa03-1fc4-4a41-ac4c-0c93200d4489@group-7934B631C69D: Failed appendEntries as snapshot (1) installation is in progress
2023-06-17 00:47:59,601 [8fbffa03-1fc4-4a41-ac4c-0c93200d4489-server-thread1] INFO  server.RaftServer$Division (RaftServerImpl.java:checkInconsistentAppendEntries(1583)) - 8fbffa03-1fc4-4a41-ac4c-0c93200d4489@group-7934B631C69D: inconsistency entries. Reply:746ad1cd-7733-4d67-8369-e04f45d32291<-8fbffa03-1fc4-4a41-ac4c-0c93200d4489#0:FAIL-t2,INCONSISTENCY,nextIndex=0,followerCommit=-1,matchIndex=-1
2023-06-17 00:47:59,602 [8fbffa03-1fc4-4a41-ac4c-0c93200d4489@group-7934B631C69D-FollowerState] INFO  server.RaftServerConfigKeys (ConfUtils.java:logFallback(53)) - raft.server.rpc.first-election.timeout.min = 5000ms (fallback to raft.server.rpc.timeout.min)
2023-06-17 00:47:59,602 [8fbffa03-1fc4-4a41-ac4c-0c93200d4489@group-7934B631C69D-FollowerState] INFO  server.RaftServerConfigKeys (ConfUtils.java:logFallback(53)) - raft.server.rpc.first-election.timeout.max = 5200ms (fallback to raft.server.rpc.timeout.max)
2023-06-17 00:47:59,605 [8fbffa03-1fc4-4a41-ac4c-0c93200d4489-server-thread1] INFO  server.RaftServer$Division (RaftServerImpl.java:checkInconsistentAppendEntries(1591)) - 8fbffa03-1fc4-4a41-ac4c-0c93200d4489@group-7934B631C69D: Failed appendEntries as snapshot (1) installation is in progress
2023-06-17 00:47:59,606 [8fbffa03-1fc4-4a41-ac4c-0c93200d4489-server-thread1] INFO  server.RaftServer$Division (RaftServerImpl.java:checkInconsistentAppendEntries(1583)) - 8fbffa03-1fc4-4a41-ac4c-0c93200d4489@group-7934B631C69D: inconsistency entries. Reply:746ad1cd-7733-4d67-8369-e04f45d32291<-8fbffa03-1fc4-4a41-ac4c-0c93200d4489#1:FAIL-t2,INCONSISTENCY,nextIndex=0,followerCommit=-1,matchIndex=-1
2023-06-17 00:47:59,606 [grpc-default-executor-3] WARN  server.GrpcLogAppender (GrpcLogAppender.java:onNextImpl(401)) - 746ad1cd-7733-4d67-8369-e04f45d32291@group-7934B631C69D->8fbffa03-1fc4-4a41-ac4c-0c93200d4489-AppendLogResponseHandler: received INCONSISTENCY reply with nextIndex 0
2023-06-17 00:47:59,606 [746ad1cd-7733-4d67-8369-e04f45d32291@group-7934B631C69D->8fbffa03-1fc4-4a41-ac4c-0c93200d4489-GrpcLogAppender-LogAppenderDaemon] INFO  server.GrpcLogAppender (GrpcLogAppender.java:installSnapshot(649)) - 746ad1cd-7733-4d67-8369-e04f45d32291@group-7934B631C69D->8fbffa03-1fc4-4a41-ac4c-0c93200d4489-GrpcLogAppender: followerNextIndex = 0 but logStartIndex = 1, notify follower to install snapshot-(t:2, i:1)
2023-06-17 00:47:59,606 [746ad1cd-7733-4d67-8369-e04f45d32291@group-7934B631C69D->8fbffa03-1fc4-4a41-ac4c-0c93200d4489-GrpcLogAppender-LogAppenderDaemon] INFO  server.GrpcLogAppender (GrpcLogAppender.java:installSnapshot(657)) - 746ad1cd-7733-4d67-8369-e04f45d32291@group-7934B631C69D->8fbffa03-1fc4-4a41-ac4c-0c93200d4489-GrpcLogAppender: send 746ad1cd-7733-4d67-8369-e04f45d32291->8fbffa03-1fc4-4a41-ac4c-0c93200d4489#0-t2,notify:(t:2, i:1)
2023-06-17 00:47:59,606 [grpc-default-executor-3] WARN  server.GrpcLogAppender (GrpcLogAppender.java:onNextImpl(401)) - 746ad1cd-7733-4d67-8369-e04f45d32291@group-7934B631C69D->8fbffa03-1fc4-4a41-ac4c-0c93200d4489-AppendLogResponseHandler: received INCONSISTENCY reply with nextIndex 0
2023-06-17 00:47:59,608 [grpc-default-executor-3] INFO  impl.SnapshotInstallationHandler (SnapshotInstallationHandler.java:installSnapshot(89)) - 8fbffa03-1fc4-4a41-ac4c-0c93200d4489@group-7934B631C69D: receive installSnapshot: 746ad1cd-7733-4d67-8369-e04f45d32291->8fbffa03-1fc4-4a41-ac4c-0c93200d4489#0-t2,notify:(t:2, i:1)
2023-06-17 00:47:59,608 [grpc-default-executor-3] INFO  impl.SnapshotInstallationHandler (SnapshotInstallationHandler.java:installSnapshot(100)) - 8fbffa03-1fc4-4a41-ac4c-0c93200d4489@group-7934B631C69D: reply installSnapshot: 746ad1cd-7733-4d67-8369-e04f45d32291<-8fbffa03-1fc4-4a41-ac4c-0c93200d4489#0:FAIL-t2,IN_PROGRESS
2023-06-17 00:47:59,608 [grpc-default-executor-3] INFO  server.GrpcServerProtocolService (GrpcServerProtocolService.java:onCompleted(155)) - 8fbffa03-1fc4-4a41-ac4c-0c93200d4489: Completed INSTALL_SNAPSHOT, lastRequest: 746ad1cd-7733-4d67-8369-e04f45d32291->8fbffa03-1fc4-4a41-ac4c-0c93200d4489#0-t2,notify:(t:2, i:1)
2023-06-17 00:47:59,608 [grpc-default-executor-3] INFO  server.GrpcServerProtocolService (GrpcServerProtocolService.java:lambda$onCompleted$5(157)) - 8fbffa03-1fc4-4a41-ac4c-0c93200d4489: Completed INSTALL_SNAPSHOT, lastReply: null
2023-06-17 00:47:59,611 [grpc-default-executor-3] INFO  server.GrpcLogAppender (GrpcLogAppender.java:onNext(507)) - 746ad1cd-7733-4d67-8369-e04f45d32291@group-7934B631C69D->8fbffa03-1fc4-4a41-ac4c-0c93200d4489-InstallSnapshotResponseHandler: received a reply 746ad1cd-7733-4d67-8369-e04f45d32291<-8fbffa03-1fc4-4a41-ac4c-0c93200d4489#0:FAIL-t2,IN_PROGRESS
2023-06-17 00:47:59,611 [grpc-default-executor-3] INFO  server.GrpcLogAppender (GrpcLogAppender.java:onNext(525)) - 746ad1cd-7733-4d67-8369-e04f45d32291@group-7934B631C69D->8fbffa03-1fc4-4a41-ac4c-0c93200d4489-InstallSnapshotResponseHandler: InstallSnapshot in progress.
2023-06-17 00:47:59,620 [8fbffa03-1fc4-4a41-ac4c-0c93200d4489-server-thread1] INFO  server.RaftServer$Division (RaftServerImpl.java:checkInconsistentAppendEntries(1591)) - 8fbffa03-1fc4-4a41-ac4c-0c93200d4489@group-7934B631C69D: Failed appendEntries as snapshot (1) installation is in progress
2023-06-17 00:47:59,620 [8fbffa03-1fc4-4a41-ac4c-0c93200d4489-server-thread1] INFO  server.RaftServer$Division (RaftServerImpl.java:checkInconsistentAppendEntries(1583)) - 8fbffa03-1fc4-4a41-ac4c-0c93200d4489@group-7934B631C69D: inconsistency entries. Reply:746ad1cd-7733-4d67-8369-e04f45d32291<-8fbffa03-1fc4-4a41-ac4c-0c93200d4489#2:FAIL-t2,INCONSISTENCY,nextIndex=0,followerCommit=-1,matchIndex=-1
2023-06-17 00:47:59,622 [grpc-default-executor-3] WARN  server.GrpcLogAppender (GrpcLogAppender.java:onNextImpl(401)) - 746ad1cd-7733-4d67-8369-e04f45d32291@group-7934B631C69D->8fbffa03-1fc4-4a41-ac4c-0c93200d4489-AppendLogResponseHandler: received INCONSISTENCY reply with nextIndex 0
2023-06-17 00:47:59,622 [746ad1cd-7733-4d67-8369-e04f45d32291@group-7934B631C69D->8fbffa03-1fc4-4a41-ac4c-0c93200d4489-GrpcLogAppender-LogAppenderDaemon] INFO  server.GrpcLogAppender (GrpcLogAppender.java:installSnapshot(649)) - 746ad1cd-7733-4d67-8369-e04f45d32291@group-7934B631C69D->8fbffa03-1fc4-4a41-ac4c-0c93200d4489-GrpcLogAppender: followerNextIndex = 0 but logStartIndex = 1, notify follower to install snapshot-(t:2, i:1)
2023-06-17 00:47:59,622 [746ad1cd-7733-4d67-8369-e04f45d32291@group-7934B631C69D->8fbffa03-1fc4-4a41-ac4c-0c93200d4489-GrpcLogAppender-LogAppenderDaemon] INFO  server.GrpcLogAppender (GrpcLogAppender.java:installSnapshot(657)) - 746ad1cd-7733-4d67-8369-e04f45d32291@group-7934B631C69D->8fbffa03-1fc4-4a41-ac4c-0c93200d4489-GrpcLogAppender: send 746ad1cd-7733-4d67-8369-e04f45d32291->8fbffa03-1fc4-4a41-ac4c-0c93200d4489#0-t2,notify:(t:2, i:1)
2023-06-17 00:47:59,623 [grpc-default-executor-2] INFO  impl.SnapshotInstallationHandler (SnapshotInstallationHandler.java:installSnapshot(89)) - 8fbffa03-1fc4-4a41-ac4c-0c93200d4489@group-7934B631C69D: receive installSnapshot: 746ad1cd-7733-4d67-8369-e04f45d32291->8fbffa03-1fc4-4a41-ac4c-0c93200d4489#0-t2,notify:(t:2, i:1)
2023-06-17 00:47:59,624 [grpc-default-executor-2] INFO  impl.SnapshotInstallationHandler (SnapshotInstallationHandler.java:installSnapshot(100)) - 8fbffa03-1fc4-4a41-ac4c-0c93200d4489@group-7934B631C69D: reply installSnapshot: 746ad1cd-7733-4d67-8369-e04f45d32291<-8fbffa03-1fc4-4a41-ac4c-0c93200d4489#0:FAIL-t2,IN_PROGRESS
2023-06-17 00:47:59,624 [grpc-default-executor-2] INFO  server.GrpcServerProtocolService (GrpcServerProtocolService.java:onCompleted(155)) - 8fbffa03-1fc4-4a41-ac4c-0c93200d4489: Completed INSTALL_SNAPSHOT, lastRequest: 746ad1cd-7733-4d67-8369-e04f45d32291->8fbffa03-1fc4-4a41-ac4c-0c93200d4489#0-t2,notify:(t:2, i:1)
2023-06-17 00:47:59,624 [grpc-default-executor-2] INFO  server.GrpcServerProtocolService (GrpcServerProtocolService.java:lambda$onCompleted$5(157)) - 8fbffa03-1fc4-4a41-ac4c-0c93200d4489: Completed INSTALL_SNAPSHOT, lastReply: null
2023-06-17 00:47:59,624 [grpc-default-executor-3] INFO  server.GrpcLogAppender (GrpcLogAppender.java:onNext(507)) - 746ad1cd-7733-4d67-8369-e04f45d32291@group-7934B631C69D->8fbffa03-1fc4-4a41-ac4c-0c93200d4489-InstallSnapshotResponseHandler: received a reply 746ad1cd-7733-4d67-8369-e04f45d32291<-8fbffa03-1fc4-4a41-ac4c-0c93200d4489#0:FAIL-t2,IN_PROGRESS
2023-06-17 00:47:59,624 [grpc-default-executor-3] INFO  server.GrpcLogAppender (GrpcLogAppender.java:onNext(525)) - 746ad1cd-7733-4d67-8369-e04f45d32291@group-7934B631C69D->8fbffa03-1fc4-4a41-ac4c-0c93200d4489-InstallSnapshotResponseHandler: InstallSnapshot in progress.
2023-06-17 00:47:59,631 [grpc-default-executor-3] INFO  ha.SCMDBCheckpointProvider (SCMDBCheckpointProvider.java:writeDBCheckPointToSream(49)) - Received request to obtain SCM DB checkpoint snapshot
2023-06-17 00:47:59,634 [8fbffa03-1fc4-4a41-ac4c-0c93200d4489-server-thread1] INFO  server.RaftServer$Division (RaftServerImpl.java:checkInconsistentAppendEntries(1591)) - 8fbffa03-1fc4-4a41-ac4c-0c93200d4489@group-7934B631C69D: Failed appendEntries as snapshot (1) installation is in progress
2023-06-17 00:47:59,634 [8fbffa03-1fc4-4a41-ac4c-0c93200d4489-server-thread1] INFO  server.RaftServer$Division (RaftServerImpl.java:checkInconsistentAppendEntries(1583)) - 8fbffa03-1fc4-4a41-ac4c-0c93200d4489@group-7934B631C69D: inconsistency entries. Reply:746ad1cd-7733-4d67-8369-e04f45d32291<-8fbffa03-1fc4-4a41-ac4c-0c93200d4489#3:FAIL-t2,INCONSISTENCY,nextIndex=0,followerCommit=-1,matchIndex=-1
2023-06-17 00:47:59,635 [grpc-default-executor-2] WARN  server.GrpcLogAppender (GrpcLogAppender.java:onNextImpl(401)) - 746ad1cd-7733-4d67-8369-e04f45d32291@group-7934B631C69D->8fbffa03-1fc4-4a41-ac4c-0c93200d4489-AppendLogResponseHandler: received INCONSISTENCY reply with nextIndex 0
2023-06-17 00:47:59,635 [746ad1cd-7733-4d67-8369-e04f45d32291@group-7934B631C69D->8fbffa03-1fc4-4a41-ac4c-0c93200d4489-GrpcLogAppender-LogAppenderDaemon] INFO  server.GrpcLogAppender (GrpcLogAppender.java:installSnapshot(649)) - 746ad1cd-7733-4d67-8369-e04f45d32291@group-7934B631C69D->8fbffa03-1fc4-4a41-ac4c-0c93200d4489-GrpcLogAppender: followerNextIndex = 0 but logStartIndex = 1, notify follower to install snapshot-(t:2, i:1)
2023-06-17 00:47:59,635 [746ad1cd-7733-4d67-8369-e04f45d32291@group-7934B631C69D->8fbffa03-1fc4-4a41-ac4c-0c93200d4489-GrpcLogAppender-LogAppenderDaemon] INFO  server.GrpcLogAppender (GrpcLogAppender.java:installSnapshot(657)) - 746ad1cd-7733-4d67-8369-e04f45d32291@group-7934B631C69D->8fbffa03-1fc4-4a41-ac4c-0c93200d4489-GrpcLogAppender: send 746ad1cd-7733-4d67-8369-e04f45d32291->8fbffa03-1fc4-4a41-ac4c-0c93200d4489#0-t2,notify:(t:2, i:1)
2023-06-17 00:47:59,637 [grpc-default-executor-2] INFO  impl.SnapshotInstallationHandler (SnapshotInstallationHandler.java:installSnapshot(89)) - 8fbffa03-1fc4-4a41-ac4c-0c93200d4489@group-7934B631C69D: receive installSnapshot: 746ad1cd-7733-4d67-8369-e04f45d32291->8fbffa03-1fc4-4a41-ac4c-0c93200d4489#0-t2,notify:(t:2, i:1)
2023-06-17 00:47:59,638 [grpc-default-executor-2] INFO  impl.SnapshotInstallationHandler (SnapshotInstallationHandler.java:installSnapshot(100)) - 8fbffa03-1fc4-4a41-ac4c-0c93200d4489@group-7934B631C69D: reply installSnapshot: 746ad1cd-7733-4d67-8369-e04f45d32291<-8fbffa03-1fc4-4a41-ac4c-0c93200d4489#0:FAIL-t2,IN_PROGRESS
2023-06-17 00:47:59,638 [grpc-default-executor-2] INFO  server.GrpcServerProtocolService (GrpcServerProtocolService.java:onCompleted(155)) - 8fbffa03-1fc4-4a41-ac4c-0c93200d4489: Completed INSTALL_SNAPSHOT, lastRequest: 746ad1cd-7733-4d67-8369-e04f45d32291->8fbffa03-1fc4-4a41-ac4c-0c93200d4489#0-t2,notify:(t:2, i:1)
2023-06-17 00:47:59,638 [grpc-default-executor-2] INFO  server.GrpcServerProtocolService (GrpcServerProtocolService.java:lambda$onCompleted$5(157)) - 8fbffa03-1fc4-4a41-ac4c-0c93200d4489: Completed INSTALL_SNAPSHOT, lastReply: null
2023-06-17 00:47:59,639 [grpc-default-executor-1] INFO  server.GrpcLogAppender (GrpcLogAppender.java:onNext(507)) - 746ad1cd-7733-4d67-8369-e04f45d32291@group-7934B631C69D->8fbffa03-1fc4-4a41-ac4c-0c93200d4489-InstallSnapshotResponseHandler: received a reply 746ad1cd-7733-4d67-8369-e04f45d32291<-8fbffa03-1fc4-4a41-ac4c-0c93200d4489#0:FAIL-t2,IN_PROGRESS
2023-06-17 00:47:59,639 [grpc-default-executor-1] INFO  server.GrpcLogAppender (GrpcLogAppender.java:onNext(525)) - 746ad1cd-7733-4d67-8369-e04f45d32291@group-7934B631C69D->8fbffa03-1fc4-4a41-ac4c-0c93200d4489-InstallSnapshotResponseHandler: InstallSnapshot in progress.
2023-06-17 00:47:59,647 [8fbffa03-1fc4-4a41-ac4c-0c93200d4489-server-thread1] INFO  server.RaftServer$Division (RaftServerImpl.java:checkInconsistentAppendEntries(1591)) - 8fbffa03-1fc4-4a41-ac4c-0c93200d4489@group-7934B631C69D: Failed appendEntries as snapshot (1) installation is in progress
2023-06-17 00:47:59,647 [8fbffa03-1fc4-4a41-ac4c-0c93200d4489-server-thread1] INFO  server.RaftServer$Division (RaftServerImpl.java:checkInconsistentAppendEntries(1583)) - 8fbffa03-1fc4-4a41-ac4c-0c93200d4489@group-7934B631C69D: inconsistency entries. Reply:746ad1cd-7733-4d67-8369-e04f45d32291<-8fbffa03-1fc4-4a41-ac4c-0c93200d4489#4:FAIL-t2,INCONSISTENCY,nextIndex=0,followerCommit=-1,matchIndex=-1
2023-06-17 00:47:59,648 [grpc-default-executor-1] WARN  server.GrpcLogAppender (GrpcLogAppender.java:onNextImpl(401)) - 746ad1cd-7733-4d67-8369-e04f45d32291@group-7934B631C69D->8fbffa03-1fc4-4a41-ac4c-0c93200d4489-AppendLogResponseHandler: received INCONSISTENCY reply with nextIndex 0
2023-06-17 00:47:59,648 [746ad1cd-7733-4d67-8369-e04f45d32291@group-7934B631C69D->8fbffa03-1fc4-4a41-ac4c-0c93200d4489-GrpcLogAppender-LogAppenderDaemon] INFO  server.GrpcLogAppender (GrpcLogAppender.java:installSnapshot(649)) - 746ad1cd-7733-4d67-8369-e04f45d32291@group-7934B631C69D->8fbffa03-1fc4-4a41-ac4c-0c93200d4489-GrpcLogAppender: followerNextIndex = 0 but logStartIndex = 1, notify follower to install snapshot-(t:2, i:1)
2023-06-17 00:47:59,648 [746ad1cd-7733-4d67-8369-e04f45d32291@group-7934B631C69D->8fbffa03-1fc4-4a41-ac4c-0c93200d4489-GrpcLogAppender-LogAppenderDaemon] INFO  server.GrpcLogAppender (GrpcLogAppender.java:installSnapshot(657)) - 746ad1cd-7733-4d67-8369-e04f45d32291@group-7934B631C69D->8fbffa03-1fc4-4a41-ac4c-0c93200d4489-GrpcLogAppender: send 746ad1cd-7733-4d67-8369-e04f45d32291->8fbffa03-1fc4-4a41-ac4c-0c93200d4489#0-t2,notify:(t:2, i:1)
2023-06-17 00:47:59,650 [grpc-default-executor-1] INFO  impl.SnapshotInstallationHandler (SnapshotInstallationHandler.java:installSnapshot(89)) - 8fbffa03-1fc4-4a41-ac4c-0c93200d4489@group-7934B631C69D: receive installSnapshot: 746ad1cd-7733-4d67-8369-e04f45d32291->8fbffa03-1fc4-4a41-ac4c-0c93200d4489#0-t2,notify:(t:2, i:1)
2023-06-17 00:47:59,650 [grpc-default-executor-1] INFO  impl.SnapshotInstallationHandler (SnapshotInstallationHandler.java:installSnapshot(100)) - 8fbffa03-1fc4-4a41-ac4c-0c93200d4489@group-7934B631C69D: reply installSnapshot: 746ad1cd-7733-4d67-8369-e04f45d32291<-8fbffa03-1fc4-4a41-ac4c-0c93200d4489#0:FAIL-t2,IN_PROGRESS
2023-06-17 00:47:59,650 [grpc-default-executor-1] INFO  server.GrpcServerProtocolService (GrpcServerProtocolService.java:onCompleted(155)) - 8fbffa03-1fc4-4a41-ac4c-0c93200d4489: Completed INSTALL_SNAPSHOT, lastRequest: 746ad1cd-7733-4d67-8369-e04f45d32291->8fbffa03-1fc4-4a41-ac4c-0c93200d4489#0-t2,notify:(t:2, i:1)
2023-06-17 00:47:59,651 [grpc-default-executor-1] INFO  server.GrpcServerProtocolService (GrpcServerProtocolService.java:lambda$onCompleted$5(157)) - 8fbffa03-1fc4-4a41-ac4c-0c93200d4489: Completed INSTALL_SNAPSHOT, lastReply: null
2023-06-17 00:47:59,652 [grpc-default-executor-1] INFO  server.GrpcLogAppender (GrpcLogAppender.java:onNext(507)) - 746ad1cd-7733-4d67-8369-e04f45d32291@group-7934B631C69D->8fbffa03-1fc4-4a41-ac4c-0c93200d4489-InstallSnapshotResponseHandler: received a reply 746ad1cd-7733-4d67-8369-e04f45d32291<-8fbffa03-1fc4-4a41-ac4c-0c93200d4489#0:FAIL-t2,IN_PROGRESS
2023-06-17 00:47:59,653 [grpc-default-executor-1] INFO  server.GrpcLogAppender (GrpcLogAppender.java:onNext(525)) - 746ad1cd-7733-4d67-8369-e04f45d32291@group-7934B631C69D->8fbffa03-1fc4-4a41-ac4c-0c93200d4489-InstallSnapshotResponseHandler: InstallSnapshot in progress.
2023-06-17 00:47:59,658 [grpc-default-executor-3] INFO  db.RDBCheckpointManager (RDBCheckpointManager.java:createCheckpoint(89)) - Created checkpoint in rocksDB at /home/runner/work/ozone/ozone/hadoop-ozone/integration-test/target/test-dir/MiniOzoneClusterImpl-a3d962f4-5b41-4a19-a1e3-7934b631c69d/scmNode-1/db.checkpoints/scm.db_checkpoint_1686962879654 in 4 milliseconds
2023-06-17 00:47:59,661 [8fbffa03-1fc4-4a41-ac4c-0c93200d4489-server-thread1] INFO  server.RaftServer$Division (RaftServerImpl.java:checkInconsistentAppendEntries(1591)) - 8fbffa03-1fc4-4a41-ac4c-0c93200d4489@group-7934B631C69D: Failed appendEntries as snapshot (1) installation is in progress
2023-06-17 00:47:59,661 [8fbffa03-1fc4-4a41-ac4c-0c93200d4489-server-thread1] INFO  server.RaftServer$Division (RaftServerImpl.java:checkInconsistentAppendEntries(1583)) - 8fbffa03-1fc4-4a41-ac4c-0c93200d4489@group-7934B631C69D: inconsistency entries. Reply:746ad1cd-7733-4d67-8369-e04f45d32291<-8fbffa03-1fc4-4a41-ac4c-0c93200d4489#5:FAIL-t2,INCONSISTENCY,nextIndex=0,followerCommit=-1,matchIndex=-1
2023-06-17 00:47:59,662 [grpc-default-executor-1] WARN  server.GrpcLogAppender (GrpcLogAppender.java:onNextImpl(401)) - 746ad1cd-7733-4d67-8369-e04f45d32291@group-7934B631C69D->8fbffa03-1fc4-4a41-ac4c-0c93200d4489-AppendLogResponseHandler: received INCONSISTENCY reply with nextIndex 0
2023-06-17 00:47:59,662 [746ad1cd-7733-4d67-8369-e04f45d32291@group-7934B631C69D->8fbffa03-1fc4-4a41-ac4c-0c93200d4489-GrpcLogAppender-LogAppenderDaemon] INFO  server.GrpcLogAppender (GrpcLogAppender.java:installSnapshot(649)) - 746ad1cd-7733-4d67-8369-e04f45d32291@group-7934B631C69D->8fbffa03-1fc4-4a41-ac4c-0c93200d4489-GrpcLogAppender: followerNextIndex = 0 but logStartIndex = 1, notify follower to install snapshot-(t:2, i:1)
2023-06-17 00:47:59,662 [746ad1cd-7733-4d67-8369-e04f45d32291@group-7934B631C69D->8fbffa03-1fc4-4a41-ac4c-0c93200d4489-GrpcLogAppender-LogAppenderDaemon] INFO  server.GrpcLogAppender (GrpcLogAppender.java:installSnapshot(657)) - 746ad1cd-7733-4d67-8369-e04f45d32291@group-7934B631C69D->8fbffa03-1fc4-4a41-ac4c-0c93200d4489-GrpcLogAppender: send 746ad1cd-7733-4d67-8369-e04f45d32291->8fbffa03-1fc4-4a41-ac4c-0c93200d4489#0-t2,notify:(t:2, i:1)
2023-06-17 00:47:59,663 [grpc-default-executor-1] INFO  impl.SnapshotInstallationHandler (SnapshotInstallationHandler.java:installSnapshot(89)) - 8fbffa03-1fc4-4a41-ac4c-0c93200d4489@group-7934B631C69D: receive installSnapshot: 746ad1cd-7733-4d67-8369-e04f45d32291->8fbffa03-1fc4-4a41-ac4c-0c93200d4489#0-t2,notify:(t:2, i:1)
2023-06-17 00:47:59,663 [grpc-default-executor-1] INFO  impl.SnapshotInstallationHandler (SnapshotInstallationHandler.java:installSnapshot(100)) - 8fbffa03-1fc4-4a41-ac4c-0c93200d4489@group-7934B631C69D: reply installSnapshot: 746ad1cd-7733-4d67-8369-e04f45d32291<-8fbffa03-1fc4-4a41-ac4c-0c93200d4489#0:FAIL-t2,IN_PROGRESS
2023-06-17 00:47:59,664 [grpc-default-executor-1] INFO  server.GrpcServerProtocolService (GrpcServerProtocolService.java:onCompleted(155)) - 8fbffa03-1fc4-4a41-ac4c-0c93200d4489: Completed INSTALL_SNAPSHOT, lastRequest: 746ad1cd-7733-4d67-8369-e04f45d32291->8fbffa03-1fc4-4a41-ac4c-0c93200d4489#0-t2,notify:(t:2, i:1)
2023-06-17 00:47:59,664 [grpc-default-executor-1] INFO  server.GrpcServerProtocolService (GrpcServerProtocolService.java:lambda$onCompleted$5(157)) - 8fbffa03-1fc4-4a41-ac4c-0c93200d4489: Completed INSTALL_SNAPSHOT, lastReply: null
2023-06-17 00:47:59,665 [grpc-default-executor-1] INFO  server.GrpcLogAppender (GrpcLogAppender.java:onNext(507)) - 746ad1cd-7733-4d67-8369-e04f45d32291@group-7934B631C69D->8fbffa03-1fc4-4a41-ac4c-0c93200d4489-InstallSnapshotResponseHandler: received a reply 746ad1cd-7733-4d67-8369-e04f45d32291<-8fbffa03-1fc4-4a41-ac4c-0c93200d4489#0:FAIL-t2,IN_PROGRESS
2023-06-17 00:47:59,665 [grpc-default-executor-1] INFO  server.GrpcLogAppender (GrpcLogAppender.java:onNext(525)) - 746ad1cd-7733-4d67-8369-e04f45d32291@group-7934B631C69D->8fbffa03-1fc4-4a41-ac4c-0c93200d4489-InstallSnapshotResponseHandler: InstallSnapshot in progress.
2023-06-17 00:47:59,673 [8fbffa03-1fc4-4a41-ac4c-0c93200d4489-server-thread1] INFO  server.RaftServer$Division (RaftServerImpl.java:checkInconsistentAppendEntries(1591)) - 8fbffa03-1fc4-4a41-ac4c-0c93200d4489@group-7934B631C69D: Failed appendEntries as snapshot (1) installation is in progress
2023-06-17 00:47:59,673 [8fbffa03-1fc4-4a41-ac4c-0c93200d4489-server-thread1] INFO  server.RaftServer$Division (RaftServerImpl.java:checkInconsistentAppendEntries(1583)) - 8fbffa03-1fc4-4a41-ac4c-0c93200d4489@group-7934B631C69D: inconsistency entries. Reply:746ad1cd-7733-4d67-8369-e04f45d32291<-8fbffa03-1fc4-4a41-ac4c-0c93200d4489#6:FAIL-t2,INCONSISTENCY,nextIndex=0,followerCommit=-1,matchIndex=-1
2023-06-17 00:47:59,674 [grpc-default-executor-1] WARN  server.GrpcLogAppender (GrpcLogAppender.java:onNextImpl(401)) - 746ad1cd-7733-4d67-8369-e04f45d32291@group-7934B631C69D->8fbffa03-1fc4-4a41-ac4c-0c93200d4489-AppendLogResponseHandler: received INCONSISTENCY reply with nextIndex 0
2023-06-17 00:47:59,674 [746ad1cd-7733-4d67-8369-e04f45d32291@group-7934B631C69D->8fbffa03-1fc4-4a41-ac4c-0c93200d4489-GrpcLogAppender-LogAppenderDaemon] INFO  server.GrpcLogAppender (GrpcLogAppender.java:installSnapshot(649)) - 746ad1cd-7733-4d67-8369-e04f45d32291@group-7934B631C69D->8fbffa03-1fc4-4a41-ac4c-0c93200d4489-GrpcLogAppender: followerNextIndex = 0 but logStartIndex = 1, notify follower to install snapshot-(t:2, i:1)
2023-06-17 00:47:59,674 [746ad1cd-7733-4d67-8369-e04f45d32291@group-7934B631C69D->8fbffa03-1fc4-4a41-ac4c-0c93200d4489-GrpcLogAppender-LogAppenderDaemon] INFO  server.GrpcLogAppender (GrpcLogAppender.java:installSnapshot(657)) - 746ad1cd-7733-4d67-8369-e04f45d32291@group-7934B631C69D->8fbffa03-1fc4-4a41-ac4c-0c93200d4489-GrpcLogAppender: send 746ad1cd-7733-4d67-8369-e04f45d32291->8fbffa03-1fc4-4a41-ac4c-0c93200d4489#0-t2,notify:(t:2, i:1)
2023-06-17 00:47:59,675 [grpc-default-executor-1] INFO  impl.SnapshotInstallationHandler (SnapshotInstallationHandler.java:installSnapshot(89)) - 8fbffa03-1fc4-4a41-ac4c-0c93200d4489@group-7934B631C69D: receive installSnapshot: 746ad1cd-7733-4d67-8369-e04f45d32291->8fbffa03-1fc4-4a41-ac4c-0c93200d4489#0-t2,notify:(t:2, i:1)
2023-06-17 00:47:59,676 [grpc-default-executor-1] INFO  impl.SnapshotInstallationHandler (SnapshotInstallationHandler.java:installSnapshot(100)) - 8fbffa03-1fc4-4a41-ac4c-0c93200d4489@group-7934B631C69D: reply installSnapshot: 746ad1cd-7733-4d67-8369-e04f45d32291<-8fbffa03-1fc4-4a41-ac4c-0c93200d4489#0:FAIL-t2,IN_PROGRESS
2023-06-17 00:47:59,676 [grpc-default-executor-1] INFO  server.GrpcServerProtocolService (GrpcServerProtocolService.java:onCompleted(155)) - 8fbffa03-1fc4-4a41-ac4c-0c93200d4489: Completed INSTALL_SNAPSHOT, lastRequest: 746ad1cd-7733-4d67-8369-e04f45d32291->8fbffa03-1fc4-4a41-ac4c-0c93200d4489#0-t2,notify:(t:2, i:1)
2023-06-17 00:47:59,676 [grpc-default-executor-1] INFO  server.GrpcServerProtocolService (GrpcServerProtocolService.java:lambda$onCompleted$5(157)) - 8fbffa03-1fc4-4a41-ac4c-0c93200d4489: Completed INSTALL_SNAPSHOT, lastReply: null
2023-06-17 00:47:59,680 [grpc-default-executor-1] INFO  server.GrpcLogAppender (GrpcLogAppender.java:onNext(507)) - 746ad1cd-7733-4d67-8369-e04f45d32291@group-7934B631C69D->8fbffa03-1fc4-4a41-ac4c-0c93200d4489-InstallSnapshotResponseHandler: received a reply 746ad1cd-7733-4d67-8369-e04f45d32291<-8fbffa03-1fc4-4a41-ac4c-0c93200d4489#0:FAIL-t2,IN_PROGRESS
2023-06-17 00:47:59,680 [grpc-default-executor-1] INFO  server.GrpcLogAppender (GrpcLogAppender.java:onNext(525)) - 746ad1cd-7733-4d67-8369-e04f45d32291@group-7934B631C69D->8fbffa03-1fc4-4a41-ac4c-0c93200d4489-InstallSnapshotResponseHandler: InstallSnapshot in progress.
2023-06-17 00:47:59,686 [8fbffa03-1fc4-4a41-ac4c-0c93200d4489-server-thread1] INFO  server.RaftServer$Division (RaftServerImpl.java:checkInconsistentAppendEntries(1591)) - 8fbffa03-1fc4-4a41-ac4c-0c93200d4489@group-7934B631C69D: Failed appendEntries as snapshot (1) installation is in progress
2023-06-17 00:47:59,686 [8fbffa03-1fc4-4a41-ac4c-0c93200d4489-server-thread1] INFO  server.RaftServer$Division (RaftServerImpl.java:checkInconsistentAppendEntries(1583)) - 8fbffa03-1fc4-4a41-ac4c-0c93200d4489@group-7934B631C69D: inconsistency entries. Reply:746ad1cd-7733-4d67-8369-e04f45d32291<-8fbffa03-1fc4-4a41-ac4c-0c93200d4489#7:FAIL-t2,INCONSISTENCY,nextIndex=0,followerCommit=-1,matchIndex=-1
2023-06-17 00:47:59,687 [grpc-default-executor-1] WARN  server.GrpcLogAppender (GrpcLogAppender.java:onNextImpl(401)) - 746ad1cd-7733-4d67-8369-e04f45d32291@group-7934B631C69D->8fbffa03-1fc4-4a41-ac4c-0c93200d4489-AppendLogResponseHandler: received INCONSISTENCY reply with nextIndex 0
2023-06-17 00:47:59,687 [746ad1cd-7733-4d67-8369-e04f45d32291@group-7934B631C69D->8fbffa03-1fc4-4a41-ac4c-0c93200d4489-GrpcLogAppender-LogAppenderDaemon] INFO  server.GrpcLogAppender (GrpcLogAppender.java:installSnapshot(649)) - 746ad1cd-7733-4d67-8369-e04f45d32291@group-7934B631C69D->8fbffa03-1fc4-4a41-ac4c-0c93200d4489-GrpcLogAppender: followerNextIndex = 0 but logStartIndex = 1, notify follower to install snapshot-(t:2, i:1)
2023-06-17 00:47:59,687 [746ad1cd-7733-4d67-8369-e04f45d32291@group-7934B631C69D->8fbffa03-1fc4-4a41-ac4c-0c93200d4489-GrpcLogAppender-LogAppenderDaemon] INFO  server.GrpcLogAppender (GrpcLogAppender.java:installSnapshot(657)) - 746ad1cd-7733-4d67-8369-e04f45d32291@group-7934B631C69D->8fbffa03-1fc4-4a41-ac4c-0c93200d4489-GrpcLogAppender: send 746ad1cd-7733-4d67-8369-e04f45d32291->8fbffa03-1fc4-4a41-ac4c-0c93200d4489#0-t2,notify:(t:2, i:1)
2023-06-17 00:47:59,688 [grpc-default-executor-1] INFO  impl.SnapshotInstallationHandler (SnapshotInstallationHandler.java:installSnapshot(89)) - 8fbffa03-1fc4-4a41-ac4c-0c93200d4489@group-7934B631C69D: receive installSnapshot: 746ad1cd-7733-4d67-8369-e04f45d32291->8fbffa03-1fc4-4a41-ac4c-0c93200d4489#0-t2,notify:(t:2, i:1)
2023-06-17 00:47:59,689 [grpc-default-executor-1] INFO  impl.SnapshotInstallationHandler (SnapshotInstallationHandler.java:installSnapshot(100)) - 8fbffa03-1fc4-4a41-ac4c-0c93200d4489@group-7934B631C69D: reply installSnapshot: 746ad1cd-7733-4d67-8369-e04f45d32291<-8fbffa03-1fc4-4a41-ac4c-0c93200d4489#0:FAIL-t2,IN_PROGRESS
2023-06-17 00:47:59,689 [grpc-default-executor-1] INFO  server.GrpcServerProtocolService (GrpcServerProtocolService.java:onCompleted(155)) - 8fbffa03-1fc4-4a41-ac4c-0c93200d4489: Completed INSTALL_SNAPSHOT, lastRequest: 746ad1cd-7733-4d67-8369-e04f45d32291->8fbffa03-1fc4-4a41-ac4c-0c93200d4489#0-t2,notify:(t:2, i:1)
2023-06-17 00:47:59,689 [grpc-default-executor-1] INFO  server.GrpcServerProtocolService (GrpcServerProtocolService.java:lambda$onCompleted$5(157)) - 8fbffa03-1fc4-4a41-ac4c-0c93200d4489: Completed INSTALL_SNAPSHOT, lastReply: null
2023-06-17 00:47:59,690 [grpc-default-executor-2] INFO  server.GrpcLogAppender (GrpcLogAppender.java:onNext(507)) - 746ad1cd-7733-4d67-8369-e04f45d32291@group-7934B631C69D->8fbffa03-1fc4-4a41-ac4c-0c93200d4489-InstallSnapshotResponseHandler: received a reply 746ad1cd-7733-4d67-8369-e04f45d32291<-8fbffa03-1fc4-4a41-ac4c-0c93200d4489#0:FAIL-t2,IN_PROGRESS
2023-06-17 00:47:59,691 [grpc-default-executor-2] INFO  server.GrpcLogAppender (GrpcLogAppender.java:onNext(525)) - 746ad1cd-7733-4d67-8369-e04f45d32291@group-7934B631C69D->8fbffa03-1fc4-4a41-ac4c-0c93200d4489-InstallSnapshotResponseHandler: InstallSnapshot in progress.
2023-06-17 00:47:59,699 [8fbffa03-1fc4-4a41-ac4c-0c93200d4489-server-thread1] INFO  server.RaftServer$Division (RaftServerImpl.java:checkInconsistentAppendEntries(1591)) - 8fbffa03-1fc4-4a41-ac4c-0c93200d4489@group-7934B631C69D: Failed appendEntries as snapshot (1) installation is in progress
2023-06-17 00:47:59,699 [8fbffa03-1fc4-4a41-ac4c-0c93200d4489-server-thread1] INFO  server.RaftServer$Division (RaftServerImpl.java:checkInconsistentAppendEntries(1583)) - 8fbffa03-1fc4-4a41-ac4c-0c93200d4489@group-7934B631C69D: inconsistency entries. Reply:746ad1cd-7733-4d67-8369-e04f45d32291<-8fbffa03-1fc4-4a41-ac4c-0c93200d4489#8:FAIL-t2,INCONSISTENCY,nextIndex=0,followerCommit=-1,matchIndex=-1
2023-06-17 00:47:59,700 [grpc-default-executor-1] WARN  server.GrpcLogAppender (GrpcLogAppender.java:onNextImpl(401)) - 746ad1cd-7733-4d67-8369-e04f45d32291@group-7934B631C69D->8fbffa03-1fc4-4a41-ac4c-0c93200d4489-AppendLogResponseHandler: received INCONSISTENCY reply with nextIndex 0
2023-06-17 00:47:59,700 [746ad1cd-7733-4d67-8369-e04f45d32291@group-7934B631C69D->8fbffa03-1fc4-4a41-ac4c-0c93200d4489-GrpcLogAppender-LogAppenderDaemon] INFO  server.GrpcLogAppender (GrpcLogAppender.java:installSnapshot(649)) - 746ad1cd-7733-4d67-8369-e04f45d32291@group-7934B631C69D->8fbffa03-1fc4-4a41-ac4c-0c93200d4489-GrpcLogAppender: followerNextIndex = 0 but logStartIndex = 1, notify follower to install snapshot-(t:2, i:1)
2023-06-17 00:47:59,700 [746ad1cd-7733-4d67-8369-e04f45d32291@group-7934B631C69D->8fbffa03-1fc4-4a41-ac4c-0c93200d4489-GrpcLogAppender-LogAppenderDaemon] INFO  server.GrpcLogAppender (GrpcLogAppender.java:installSnapshot(657)) - 746ad1cd-7733-4d67-8369-e04f45d32291@group-7934B631C69D->8fbffa03-1fc4-4a41-ac4c-0c93200d4489-GrpcLogAppender: send 746ad1cd-7733-4d67-8369-e04f45d32291->8fbffa03-1fc4-4a41-ac4c-0c93200d4489#0-t2,notify:(t:2, i:1)
2023-06-17 00:47:59,701 [grpc-default-executor-2] INFO  impl.SnapshotInstallationHandler (SnapshotInstallationHandler.java:installSnapshot(89)) - 8fbffa03-1fc4-4a41-ac4c-0c93200d4489@group-7934B631C69D: receive installSnapshot: 746ad1cd-7733-4d67-8369-e04f45d32291->8fbffa03-1fc4-4a41-ac4c-0c93200d4489#0-t2,notify:(t:2, i:1)
2023-06-17 00:47:59,702 [grpc-default-executor-2] INFO  impl.SnapshotInstallationHandler (SnapshotInstallationHandler.java:installSnapshot(100)) - 8fbffa03-1fc4-4a41-ac4c-0c93200d4489@group-7934B631C69D: reply installSnapshot: 746ad1cd-7733-4d67-8369-e04f45d32291<-8fbffa03-1fc4-4a41-ac4c-0c93200d4489#0:FAIL-t2,IN_PROGRESS
2023-06-17 00:47:59,702 [grpc-default-executor-2] INFO  server.GrpcServerProtocolService (GrpcServerProtocolService.java:onCompleted(155)) - 8fbffa03-1fc4-4a41-ac4c-0c93200d4489: Completed INSTALL_SNAPSHOT, lastRequest: 746ad1cd-7733-4d67-8369-e04f45d32291->8fbffa03-1fc4-4a41-ac4c-0c93200d4489#0-t2,notify:(t:2, i:1)
2023-06-17 00:47:59,702 [grpc-default-executor-2] INFO  server.GrpcServerProtocolService (GrpcServerProtocolService.java:lambda$onCompleted$5(157)) - 8fbffa03-1fc4-4a41-ac4c-0c93200d4489: Completed INSTALL_SNAPSHOT, lastReply: null
2023-06-17 00:47:59,703 [grpc-default-executor-1] INFO  server.GrpcLogAppender (GrpcLogAppender.java:onNext(507)) - 746ad1cd-7733-4d67-8369-e04f45d32291@group-7934B631C69D->8fbffa03-1fc4-4a41-ac4c-0c93200d4489-InstallSnapshotResponseHandler: received a reply 746ad1cd-7733-4d67-8369-e04f45d32291<-8fbffa03-1fc4-4a41-ac4c-0c93200d4489#0:FAIL-t2,IN_PROGRESS
2023-06-17 00:47:59,703 [grpc-default-executor-1] INFO  server.GrpcLogAppender (GrpcLogAppender.java:onNext(525)) - 746ad1cd-7733-4d67-8369-e04f45d32291@group-7934B631C69D->8fbffa03-1fc4-4a41-ac4c-0c93200d4489-InstallSnapshotResponseHandler: InstallSnapshot in progress.
2023-06-17 00:47:59,711 [8fbffa03-1fc4-4a41-ac4c-0c93200d4489-server-thread1] INFO  server.RaftServer$Division (RaftServerImpl.java:checkInconsistentAppendEntries(1591)) - 8fbffa03-1fc4-4a41-ac4c-0c93200d4489@group-7934B631C69D: Failed appendEntries as snapshot (1) installation is in progress
2023-06-17 00:47:59,711 [8fbffa03-1fc4-4a41-ac4c-0c93200d4489-server-thread1] INFO  server.RaftServer$Division (RaftServerImpl.java:checkInconsistentAppendEntries(1583)) - 8fbffa03-1fc4-4a41-ac4c-0c93200d4489@group-7934B631C69D: inconsistency entries. Reply:746ad1cd-7733-4d67-8369-e04f45d32291<-8fbffa03-1fc4-4a41-ac4c-0c93200d4489#9:FAIL-t2,INCONSISTENCY,nextIndex=0,followerCommit=-1,matchIndex=-1
2023-06-17 00:47:59,712 [grpc-default-executor-3] INFO  db.RDBCheckpointUtils (RDBCheckpointUtils.java:waitForCheckpointDirectoryExist(59)) - Waited for 47 milliseconds for checkpoint directory /home/runner/work/ozone/ozone/hadoop-ozone/integration-test/target/test-dir/MiniOzoneClusterImpl-a3d962f4-5b41-4a19-a1e3-7934b631c69d/scmNode-1/db.checkpoints/scm.db_checkpoint_1686962879654 availability.
2023-06-17 00:47:59,712 [grpc-default-executor-1] WARN  server.GrpcLogAppender (GrpcLogAppender.java:onNextImpl(401)) - 746ad1cd-7733-4d67-8369-e04f45d32291@group-7934B631C69D->8fbffa03-1fc4-4a41-ac4c-0c93200d4489-AppendLogResponseHandler: received INCONSISTENCY reply with nextIndex 0
2023-06-17 00:47:59,712 [746ad1cd-7733-4d67-8369-e04f45d32291@group-7934B631C69D->8fbffa03-1fc4-4a41-ac4c-0c93200d4489-GrpcLogAppender-LogAppenderDaemon] INFO  server.GrpcLogAppender (GrpcLogAppender.java:installSnapshot(649)) - 746ad1cd-7733-4d67-8369-e04f45d32291@group-7934B631C69D->8fbffa03-1fc4-4a41-ac4c-0c93200d4489-GrpcLogAppender: followerNextIndex = 0 but logStartIndex = 1, notify follower to install snapshot-(t:2, i:1)
2023-06-17 00:47:59,712 [746ad1cd-7733-4d67-8369-e04f45d32291@group-7934B631C69D->8fbffa03-1fc4-4a41-ac4c-0c93200d4489-GrpcLogAppender-LogAppenderDaemon] INFO  server.GrpcLogAppender (GrpcLogAppender.java:installSnapshot(657)) - 746ad1cd-7733-4d67-8369-e04f45d32291@group-7934B631C69D->8fbffa03-1fc4-4a41-ac4c-0c93200d4489-GrpcLogAppender: send 746ad1cd-7733-4d67-8369-e04f45d32291->8fbffa03-1fc4-4a41-ac4c-0c93200d4489#0-t2,notify:(t:2, i:1)
2023-06-17 00:47:59,714 [grpc-default-executor-1] INFO  impl.SnapshotInstallationHandler (SnapshotInstallationHandler.java:installSnapshot(89)) - 8fbffa03-1fc4-4a41-ac4c-0c93200d4489@group-7934B631C69D: receive installSnapshot: 746ad1cd-7733-4d67-8369-e04f45d32291->8fbffa03-1fc4-4a41-ac4c-0c93200d4489#0-t2,notify:(t:2, i:1)
2023-06-17 00:47:59,714 [grpc-default-executor-1] INFO  impl.SnapshotInstallationHandler (SnapshotInstallationHandler.java:installSnapshot(100)) - 8fbffa03-1fc4-4a41-ac4c-0c93200d4489@group-7934B631C69D: reply installSnapshot: 746ad1cd-7733-4d67-8369-e04f45d32291<-8fbffa03-1fc4-4a41-ac4c-0c93200d4489#0:FAIL-t2,IN_PROGRESS
2023-06-17 00:47:59,714 [grpc-default-executor-1] INFO  server.GrpcServerProtocolService (GrpcServerProtocolService.java:onCompleted(155)) - 8fbffa03-1fc4-4a41-ac4c-0c93200d4489: Completed INSTALL_SNAPSHOT, lastRequest: 746ad1cd-7733-4d67-8369-e04f45d32291->8fbffa03-1fc4-4a41-ac4c-0c93200d4489#0-t2,notify:(t:2, i:1)
2023-06-17 00:47:59,714 [grpc-default-executor-1] INFO  server.GrpcServerProtocolService (GrpcServerProtocolService.java:lambda$onCompleted$5(157)) - 8fbffa03-1fc4-4a41-ac4c-0c93200d4489: Completed INSTALL_SNAPSHOT, lastReply: null
2023-06-17 00:47:59,715 [grpc-default-executor-2] INFO  server.GrpcLogAppender (GrpcLogAppender.java:onNext(507)) - 746ad1cd-7733-4d67-8369-e04f45d32291@group-7934B631C69D->8fbffa03-1fc4-4a41-ac4c-0c93200d4489-InstallSnapshotResponseHandler: received a reply 746ad1cd-7733-4d67-8369-e04f45d32291<-8fbffa03-1fc4-4a41-ac4c-0c93200d4489#0:FAIL-t2,IN_PROGRESS
2023-06-17 00:47:59,715 [grpc-default-executor-2] INFO  server.GrpcLogAppender (GrpcLogAppender.java:onNext(525)) - 746ad1cd-7733-4d67-8369-e04f45d32291@group-7934B631C69D->8fbffa03-1fc4-4a41-ac4c-0c93200d4489-InstallSnapshotResponseHandler: InstallSnapshot in progress.
2023-06-17 00:47:59,724 [8fbffa03-1fc4-4a41-ac4c-0c93200d4489-server-thread1] INFO  server.RaftServer$Division (RaftServerImpl.java:checkInconsistentAppendEntries(1591)) - 8fbffa03-1fc4-4a41-ac4c-0c93200d4489@group-7934B631C69D: Failed appendEntries as snapshot (1) installation is in progress
2023-06-17 00:47:59,724 [8fbffa03-1fc4-4a41-ac4c-0c93200d4489-server-thread1] INFO  server.RaftServer$Division (RaftServerImpl.java:checkInconsistentAppendEntries(1583)) - 8fbffa03-1fc4-4a41-ac4c-0c93200d4489@group-7934B631C69D: inconsistency entries. Reply:746ad1cd-7733-4d67-8369-e04f45d32291<-8fbffa03-1fc4-4a41-ac4c-0c93200d4489#10:FAIL-t2,INCONSISTENCY,nextIndex=0,followerCommit=-1,matchIndex=-1
2023-06-17 00:47:59,726 [grpc-default-executor-1] WARN  server.GrpcLogAppender (GrpcLogAppender.java:onNextImpl(401)) - 746ad1cd-7733-4d67-8369-e04f45d32291@group-7934B631C69D->8fbffa03-1fc4-4a41-ac4c-0c93200d4489-AppendLogResponseHandler: received INCONSISTENCY reply with nextIndex 0
2023-06-17 00:47:59,729 [746ad1cd-7733-4d67-8369-e04f45d32291@group-7934B631C69D->8fbffa03-1fc4-4a41-ac4c-0c93200d4489-GrpcLogAppender-LogAppenderDaemon] INFO  server.GrpcLogAppender (GrpcLogAppender.java:installSnapshot(649)) - 746ad1cd-7733-4d67-8369-e04f45d32291@group-7934B631C69D->8fbffa03-1fc4-4a41-ac4c-0c93200d4489-GrpcLogAppender: followerNextIndex = 0 but logStartIndex = 1, notify follower to install snapshot-(t:2, i:1)
2023-06-17 00:47:59,729 [746ad1cd-7733-4d67-8369-e04f45d32291@group-7934B631C69D->8fbffa03-1fc4-4a41-ac4c-0c93200d4489-GrpcLogAppender-LogAppenderDaemon] INFO  server.GrpcLogAppender (GrpcLogAppender.java:installSnapshot(657)) - 746ad1cd-7733-4d67-8369-e04f45d32291@group-7934B631C69D->8fbffa03-1fc4-4a41-ac4c-0c93200d4489-GrpcLogAppender: send 746ad1cd-7733-4d67-8369-e04f45d32291->8fbffa03-1fc4-4a41-ac4c-0c93200d4489#0-t2,notify:(t:2, i:1)
2023-06-17 00:47:59,731 [grpc-default-executor-2] INFO  impl.SnapshotInstallationHandler (SnapshotInstallationHandler.java:installSnapshot(89)) - 8fbffa03-1fc4-4a41-ac4c-0c93200d4489@group-7934B631C69D: receive installSnapshot: 746ad1cd-7733-4d67-8369-e04f45d32291->8fbffa03-1fc4-4a41-ac4c-0c93200d4489#0-t2,notify:(t:2, i:1)
2023-06-17 00:47:59,731 [grpc-default-executor-2] INFO  impl.SnapshotInstallationHandler (SnapshotInstallationHandler.java:installSnapshot(100)) - 8fbffa03-1fc4-4a41-ac4c-0c93200d4489@group-7934B631C69D: reply installSnapshot: 746ad1cd-7733-4d67-8369-e04f45d32291<-8fbffa03-1fc4-4a41-ac4c-0c93200d4489#0:FAIL-t2,IN_PROGRESS
2023-06-17 00:47:59,731 [grpc-default-executor-2] INFO  server.GrpcServerProtocolService (GrpcServerProtocolService.java:onCompleted(155)) - 8fbffa03-1fc4-4a41-ac4c-0c93200d4489: Completed INSTALL_SNAPSHOT, lastRequest: 746ad1cd-7733-4d67-8369-e04f45d32291->8fbffa03-1fc4-4a41-ac4c-0c93200d4489#0-t2,notify:(t:2, i:1)
2023-06-17 00:47:59,731 [grpc-default-executor-2] INFO  server.GrpcServerProtocolService (GrpcServerProtocolService.java:lambda$onCompleted$5(157)) - 8fbffa03-1fc4-4a41-ac4c-0c93200d4489: Completed INSTALL_SNAPSHOT, lastReply: null
2023-06-17 00:47:59,732 [grpc-default-executor-1] INFO  server.GrpcLogAppender (GrpcLogAppender.java:onNext(507)) - 746ad1cd-7733-4d67-8369-e04f45d32291@group-7934B631C69D->8fbffa03-1fc4-4a41-ac4c-0c93200d4489-InstallSnapshotResponseHandler: received a reply 746ad1cd-7733-4d67-8369-e04f45d32291<-8fbffa03-1fc4-4a41-ac4c-0c93200d4489#0:FAIL-t2,IN_PROGRESS
2023-06-17 00:47:59,732 [grpc-default-executor-1] INFO  server.GrpcLogAppender (GrpcLogAppender.java:onNext(525)) - 746ad1cd-7733-4d67-8369-e04f45d32291@group-7934B631C69D->8fbffa03-1fc4-4a41-ac4c-0c93200d4489-InstallSnapshotResponseHandler: InstallSnapshot in progress.
2023-06-17 00:47:59,740 [8fbffa03-1fc4-4a41-ac4c-0c93200d4489-server-thread1] INFO  server.RaftServer$Division (RaftServerImpl.java:checkInconsistentAppendEntries(1591)) - 8fbffa03-1fc4-4a41-ac4c-0c93200d4489@group-7934B631C69D: Failed appendEntries as snapshot (1) installation is in progress
2023-06-17 00:47:59,741 [8fbffa03-1fc4-4a41-ac4c-0c93200d4489-server-thread1] INFO  server.RaftServer$Division (RaftServerImpl.java:checkInconsistentAppendEntries(1583)) - 8fbffa03-1fc4-4a41-ac4c-0c93200d4489@group-7934B631C69D: inconsistency entries. Reply:746ad1cd-7733-4d67-8369-e04f45d32291<-8fbffa03-1fc4-4a41-ac4c-0c93200d4489#11:FAIL-t2,INCONSISTENCY,nextIndex=0,followerCommit=-1,matchIndex=-1
2023-06-17 00:47:59,741 [grpc-default-executor-1] WARN  server.GrpcLogAppender (GrpcLogAppender.java:onNextImpl(401)) - 746ad1cd-7733-4d67-8369-e04f45d32291@group-7934B631C69D->8fbffa03-1fc4-4a41-ac4c-0c93200d4489-AppendLogResponseHandler: received INCONSISTENCY reply with nextIndex 0
2023-06-17 00:47:59,741 [746ad1cd-7733-4d67-8369-e04f45d32291@group-7934B631C69D->8fbffa03-1fc4-4a41-ac4c-0c93200d4489-GrpcLogAppender-LogAppenderDaemon] INFO  server.GrpcLogAppender (GrpcLogAppender.java:installSnapshot(649)) - 746ad1cd-7733-4d67-8369-e04f45d32291@group-7934B631C69D->8fbffa03-1fc4-4a41-ac4c-0c93200d4489-GrpcLogAppender: followerNextIndex = 0 but logStartIndex = 1, notify follower to install snapshot-(t:2, i:1)
2023-06-17 00:47:59,741 [746ad1cd-7733-4d67-8369-e04f45d32291@group-7934B631C69D->8fbffa03-1fc4-4a41-ac4c-0c93200d4489-GrpcLogAppender-LogAppenderDaemon] INFO  server.GrpcLogAppender (GrpcLogAppender.java:installSnapshot(657)) - 746ad1cd-7733-4d67-8369-e04f45d32291@group-7934B631C69D->8fbffa03-1fc4-4a41-ac4c-0c93200d4489-GrpcLogAppender: send 746ad1cd-7733-4d67-8369-e04f45d32291->8fbffa03-1fc4-4a41-ac4c-0c93200d4489#0-t2,notify:(t:2, i:1)
2023-06-17 00:47:59,743 [grpc-default-executor-1] INFO  impl.SnapshotInstallationHandler (SnapshotInstallationHandler.java:installSnapshot(89)) - 8fbffa03-1fc4-4a41-ac4c-0c93200d4489@group-7934B631C69D: receive installSnapshot: 746ad1cd-7733-4d67-8369-e04f45d32291->8fbffa03-1fc4-4a41-ac4c-0c93200d4489#0-t2,notify:(t:2, i:1)
2023-06-17 00:47:59,744 [grpc-default-executor-1] INFO  impl.SnapshotInstallationHandler (SnapshotInstallationHandler.java:installSnapshot(100)) - 8fbffa03-1fc4-4a41-ac4c-0c93200d4489@group-7934B631C69D: reply installSnapshot: 746ad1cd-7733-4d67-8369-e04f45d32291<-8fbffa03-1fc4-4a41-ac4c-0c93200d4489#0:FAIL-t2,IN_PROGRESS
2023-06-17 00:47:59,744 [grpc-default-executor-1] INFO  server.GrpcServerProtocolService (GrpcServerProtocolService.java:onCompleted(155)) - 8fbffa03-1fc4-4a41-ac4c-0c93200d4489: Completed INSTALL_SNAPSHOT, lastRequest: 746ad1cd-7733-4d67-8369-e04f45d32291->8fbffa03-1fc4-4a41-ac4c-0c93200d4489#0-t2,notify:(t:2, i:1)
2023-06-17 00:47:59,744 [grpc-default-executor-1] INFO  server.GrpcServerProtocolService (GrpcServerProtocolService.java:lambda$onCompleted$5(157)) - 8fbffa03-1fc4-4a41-ac4c-0c93200d4489: Completed INSTALL_SNAPSHOT, lastReply: null
2023-06-17 00:47:59,745 [grpc-default-executor-2] INFO  server.GrpcLogAppender (GrpcLogAppender.java:onNext(507)) - 746ad1cd-7733-4d67-8369-e04f45d32291@group-7934B631C69D->8fbffa03-1fc4-4a41-ac4c-0c93200d4489-InstallSnapshotResponseHandler: received a reply 746ad1cd-7733-4d67-8369-e04f45d32291<-8fbffa03-1fc4-4a41-ac4c-0c93200d4489#0:FAIL-t2,IN_PROGRESS
2023-06-17 00:47:59,745 [grpc-default-executor-2] INFO  server.GrpcLogAppender (GrpcLogAppender.java:onNext(525)) - 746ad1cd-7733-4d67-8369-e04f45d32291@group-7934B631C69D->8fbffa03-1fc4-4a41-ac4c-0c93200d4489-InstallSnapshotResponseHandler: InstallSnapshot in progress.
2023-06-17 00:47:59,753 [8fbffa03-1fc4-4a41-ac4c-0c93200d4489-server-thread1] INFO  server.RaftServer$Division (RaftServerImpl.java:checkInconsistentAppendEntries(1591)) - 8fbffa03-1fc4-4a41-ac4c-0c93200d4489@group-7934B631C69D: Failed appendEntries as snapshot (1) installation is in progress
2023-06-17 00:47:59,754 [8fbffa03-1fc4-4a41-ac4c-0c93200d4489-server-thread1] INFO  server.RaftServer$Division (RaftServerImpl.java:checkInconsistentAppendEntries(1583)) - 8fbffa03-1fc4-4a41-ac4c-0c93200d4489@group-7934B631C69D: inconsistency entries. Reply:746ad1cd-7733-4d67-8369-e04f45d32291<-8fbffa03-1fc4-4a41-ac4c-0c93200d4489#12:FAIL-t2,INCONSISTENCY,nextIndex=0,followerCommit=-1,matchIndex=-1
2023-06-17 00:47:59,754 [grpc-default-executor-1] WARN  server.GrpcLogAppender (GrpcLogAppender.java:onNextImpl(401)) - 746ad1cd-7733-4d67-8369-e04f45d32291@group-7934B631C69D->8fbffa03-1fc4-4a41-ac4c-0c93200d4489-AppendLogResponseHandler: received INCONSISTENCY reply with nextIndex 0
2023-06-17 00:47:59,754 [746ad1cd-7733-4d67-8369-e04f45d32291@group-7934B631C69D->8fbffa03-1fc4-4a41-ac4c-0c93200d4489-GrpcLogAppender-LogAppenderDaemon] INFO  server.GrpcLogAppender (GrpcLogAppender.java:installSnapshot(649)) - 746ad1cd-7733-4d67-8369-e04f45d32291@group-7934B631C69D->8fbffa03-1fc4-4a41-ac4c-0c93200d4489-GrpcLogAppender: followerNextIndex = 0 but logStartIndex = 1, notify follower to install snapshot-(t:2, i:1)
2023-06-17 00:47:59,755 [746ad1cd-7733-4d67-8369-e04f45d32291@group-7934B631C69D->8fbffa03-1fc4-4a41-ac4c-0c93200d4489-GrpcLogAppender-LogAppenderDaemon] INFO  server.GrpcLogAppender (GrpcLogAppender.java:installSnapshot(657)) - 746ad1cd-7733-4d67-8369-e04f45d32291@group-7934B631C69D->8fbffa03-1fc4-4a41-ac4c-0c93200d4489-GrpcLogAppender: send 746ad1cd-7733-4d67-8369-e04f45d32291->8fbffa03-1fc4-4a41-ac4c-0c93200d4489#0-t2,notify:(t:2, i:1)
2023-06-17 00:47:59,756 [grpc-default-executor-2] INFO  impl.SnapshotInstallationHandler (SnapshotInstallationHandler.java:installSnapshot(89)) - 8fbffa03-1fc4-4a41-ac4c-0c93200d4489@group-7934B631C69D: receive installSnapshot: 746ad1cd-7733-4d67-8369-e04f45d32291->8fbffa03-1fc4-4a41-ac4c-0c93200d4489#0-t2,notify:(t:2, i:1)
2023-06-17 00:47:59,756 [grpc-default-executor-2] INFO  impl.SnapshotInstallationHandler (SnapshotInstallationHandler.java:installSnapshot(100)) - 8fbffa03-1fc4-4a41-ac4c-0c93200d4489@group-7934B631C69D: reply installSnapshot: 746ad1cd-7733-4d67-8369-e04f45d32291<-8fbffa03-1fc4-4a41-ac4c-0c93200d4489#0:FAIL-t2,IN_PROGRESS
2023-06-17 00:47:59,756 [grpc-default-executor-2] INFO  server.GrpcServerProtocolService (GrpcServerProtocolService.java:onCompleted(155)) - 8fbffa03-1fc4-4a41-ac4c-0c93200d4489: Completed INSTALL_SNAPSHOT, lastRequest: 746ad1cd-7733-4d67-8369-e04f45d32291->8fbffa03-1fc4-4a41-ac4c-0c93200d4489#0-t2,notify:(t:2, i:1)
2023-06-17 00:47:59,756 [grpc-default-executor-2] INFO  server.GrpcServerProtocolService (GrpcServerProtocolService.java:lambda$onCompleted$5(157)) - 8fbffa03-1fc4-4a41-ac4c-0c93200d4489: Completed INSTALL_SNAPSHOT, lastReply: null
2023-06-17 00:47:59,757 [grpc-default-executor-1] INFO  server.GrpcLogAppender (GrpcLogAppender.java:onNext(507)) - 746ad1cd-7733-4d67-8369-e04f45d32291@group-7934B631C69D->8fbffa03-1fc4-4a41-ac4c-0c93200d4489-InstallSnapshotResponseHandler: received a reply 746ad1cd-7733-4d67-8369-e04f45d32291<-8fbffa03-1fc4-4a41-ac4c-0c93200d4489#0:FAIL-t2,IN_PROGRESS
2023-06-17 00:47:59,758 [grpc-default-executor-1] INFO  server.GrpcLogAppender (GrpcLogAppender.java:onNext(525)) - 746ad1cd-7733-4d67-8369-e04f45d32291@group-7934B631C69D->8fbffa03-1fc4-4a41-ac4c-0c93200d4489-InstallSnapshotResponseHandler: InstallSnapshot in progress.
2023-06-17 00:47:59,761 [grpc-default-executor-3] INFO  ha.SCMGrpcOutputStream (SCMGrpcOutputStream.java:close(111)) - Sent 95744 bytes for cluster a3d962f4-5b41-4a19-a1e3-7934b631c69d
2023-06-17 00:47:59,762 [grpc-default-executor-3] INFO  ha.SCMDBCheckpointProvider (SCMDBCheckpointProvider.java:writeDBCheckPointToSream(75)) - Time taken to write the checkpoint to response output stream: 46 milliseconds
2023-06-17 00:47:59,762 [grpc-default-executor-3] INFO  db.RocksDBCheckpoint (RocksDBCheckpoint.java:cleanupCheckpoint(78)) - Cleaning up RocksDB checkpoint at /home/runner/work/ozone/ozone/hadoop-ozone/integration-test/target/test-dir/MiniOzoneClusterImpl-a3d962f4-5b41-4a19-a1e3-7934b631c69d/scmNode-1/db.checkpoints/scm.db_checkpoint_1686962879654
2023-06-17 00:47:59,764 [grpc-default-executor-1] INFO  ha.InterSCMGrpcClient (InterSCMGrpcClient.java:onCompleted(175)) - Checkpoint is downloaded to /home/runner/work/ozone/ozone/hadoop-ozone/integration-test/target/test-dir/MiniOzoneClusterImpl-a3d962f4-5b41-4a19-a1e3-7934b631c69d/scmNode-3/snapshot/scm.db-scmNode-1-1686962879563.tar
2023-06-17 00:47:59,768 [8fbffa03-1fc4-4a41-ac4c-0c93200d4489-server-thread1] INFO  server.RaftServer$Division (RaftServerImpl.java:checkInconsistentAppendEntries(1591)) - 8fbffa03-1fc4-4a41-ac4c-0c93200d4489@group-7934B631C69D: Failed appendEntries as snapshot (1) installation is in progress
2023-06-17 00:47:59,768 [8fbffa03-1fc4-4a41-ac4c-0c93200d4489-server-thread1] INFO  server.RaftServer$Division (RaftServerImpl.java:checkInconsistentAppendEntries(1583)) - 8fbffa03-1fc4-4a41-ac4c-0c93200d4489@group-7934B631C69D: inconsistency entries. Reply:746ad1cd-7733-4d67-8369-e04f45d32291<-8fbffa03-1fc4-4a41-ac4c-0c93200d4489#13:FAIL-t2,INCONSISTENCY,nextIndex=0,followerCommit=-1,matchIndex=-1
2023-06-17 00:47:59,769 [grpc-default-executor-1] WARN  server.GrpcLogAppender (GrpcLogAppender.java:onNextImpl(401)) - 746ad1cd-7733-4d67-8369-e04f45d32291@group-7934B631C69D->8fbffa03-1fc4-4a41-ac4c-0c93200d4489-AppendLogResponseHandler: received INCONSISTENCY reply with nextIndex 0
2023-06-17 00:47:59,769 [746ad1cd-7733-4d67-8369-e04f45d32291@group-7934B631C69D->8fbffa03-1fc4-4a41-ac4c-0c93200d4489-GrpcLogAppender-LogAppenderDaemon] INFO  server.GrpcLogAppender (GrpcLogAppender.java:installSnapshot(649)) - 746ad1cd-7733-4d67-8369-e04f45d32291@group-7934B631C69D->8fbffa03-1fc4-4a41-ac4c-0c93200d4489-GrpcLogAppender: followerNextIndex = 0 but logStartIndex = 1, notify follower to install snapshot-(t:2, i:1)
2023-06-17 00:47:59,769 [746ad1cd-7733-4d67-8369-e04f45d32291@group-7934B631C69D->8fbffa03-1fc4-4a41-ac4c-0c93200d4489-GrpcLogAppender-LogAppenderDaemon] INFO  server.GrpcLogAppender (GrpcLogAppender.java:installSnapshot(657)) - 746ad1cd-7733-4d67-8369-e04f45d32291@group-7934B631C69D->8fbffa03-1fc4-4a41-ac4c-0c93200d4489-GrpcLogAppender: send 746ad1cd-7733-4d67-8369-e04f45d32291->8fbffa03-1fc4-4a41-ac4c-0c93200d4489#0-t2,notify:(t:2, i:1)
2023-06-17 00:47:59,772 [grpc-default-executor-2] INFO  impl.SnapshotInstallationHandler (SnapshotInstallationHandler.java:installSnapshot(89)) - 8fbffa03-1fc4-4a41-ac4c-0c93200d4489@group-7934B631C69D: receive installSnapshot: 746ad1cd-7733-4d67-8369-e04f45d32291->8fbffa03-1fc4-4a41-ac4c-0c93200d4489#0-t2,notify:(t:2, i:1)
2023-06-17 00:47:59,772 [grpc-default-executor-2] INFO  impl.SnapshotInstallationHandler (SnapshotInstallationHandler.java:installSnapshot(100)) - 8fbffa03-1fc4-4a41-ac4c-0c93200d4489@group-7934B631C69D: reply installSnapshot: 746ad1cd-7733-4d67-8369-e04f45d32291<-8fbffa03-1fc4-4a41-ac4c-0c93200d4489#0:FAIL-t2,IN_PROGRESS
2023-06-17 00:47:59,776 [grpc-default-executor-2] INFO  server.GrpcServerProtocolService (GrpcServerProtocolService.java:onCompleted(155)) - 8fbffa03-1fc4-4a41-ac4c-0c93200d4489: Completed INSTALL_SNAPSHOT, lastRequest: 746ad1cd-7733-4d67-8369-e04f45d32291->8fbffa03-1fc4-4a41-ac4c-0c93200d4489#0-t2,notify:(t:2, i:1)
2023-06-17 00:47:59,776 [grpc-default-executor-2] INFO  server.GrpcServerProtocolService (GrpcServerProtocolService.java:lambda$onCompleted$5(157)) - 8fbffa03-1fc4-4a41-ac4c-0c93200d4489: Completed INSTALL_SNAPSHOT, lastReply: null
2023-06-17 00:47:59,782 [grpc-default-executor-2] INFO  server.GrpcLogAppender (GrpcLogAppender.java:onNext(507)) - 746ad1cd-7733-4d67-8369-e04f45d32291@group-7934B631C69D->8fbffa03-1fc4-4a41-ac4c-0c93200d4489-InstallSnapshotResponseHandler: received a reply 746ad1cd-7733-4d67-8369-e04f45d32291<-8fbffa03-1fc4-4a41-ac4c-0c93200d4489#0:FAIL-t2,IN_PROGRESS
2023-06-17 00:47:59,782 [grpc-default-executor-2] INFO  server.GrpcLogAppender (GrpcLogAppender.java:onNext(525)) - 746ad1cd-7733-4d67-8369-e04f45d32291@group-7934B631C69D->8fbffa03-1fc4-4a41-ac4c-0c93200d4489-InstallSnapshotResponseHandler: InstallSnapshot in progress.
2023-06-17 00:47:59,784 [pool-99-thread-1] INFO  ha.SCMSnapshotProvider (SCMSnapshotProvider.java:getSCMDBSnapshot(131)) - Successfully downloaded latest checkpoint from leader SCM: scmNode-1 path /home/runner/work/ozone/ozone/hadoop-ozone/integration-test/target/test-dir/MiniOzoneClusterImpl-a3d962f4-5b41-4a19-a1e3-7934b631c69d/scmNode-3/snapshot/scm.db-scmNode-1-1686962879563
2023-06-17 00:47:59,785 [pool-99-thread-1] INFO  ha.SCMHAManagerImpl (SCMHAManagerImpl.java:downloadCheckpointFromLeader(197)) - Downloaded checkpoint from Leader scmNode-1 to the location /home/runner/work/ozone/ozone/hadoop-ozone/integration-test/target/test-dir/MiniOzoneClusterImpl-a3d962f4-5b41-4a19-a1e3-7934b631c69d/scmNode-3/snapshot/scm.db-scmNode-1-1686962879563
2023-06-17 00:47:59,785 [pool-99-thread-1] INFO  ha.SCMHAManagerImpl (SCMHAManagerImpl.java:getSecretKeysFromLeader(209)) - Getting secret keys from leader scmNode-1.
2023-06-17 00:47:59,785 [pool-99-thread-1] INFO  ha.SCMNodeInfo (SCMNodeInfo.java:getPort(197)) - ConfigKey ozone.scm.client.address is deprecated, For configuring different ports for each SCM use PortConfigKey ozone.scm.client.port appended with serviceId and nodeId
2023-06-17 00:47:59,785 [pool-99-thread-1] INFO  ha.SCMNodeInfo (SCMNodeInfo.java:getPort(197)) - ConfigKey ozone.scm.block.client.address is deprecated, For configuring different ports for each SCM use PortConfigKey ozone.scm.block.client.port appended with serviceId and nodeId
2023-06-17 00:47:59,785 [pool-99-thread-1] INFO  ha.SCMNodeInfo (SCMNodeInfo.java:getPort(197)) - ConfigKey ozone.scm.security.service.address is deprecated, For configuring different ports for each SCM use PortConfigKey ozone.scm.security.service.port appended with serviceId and nodeId
2023-06-17 00:47:59,785 [pool-99-thread-1] INFO  ha.SCMNodeInfo (SCMNodeInfo.java:getPort(197)) - ConfigKey ozone.scm.datanode.address is deprecated, For configuring different ports for each SCM use PortConfigKey ozone.scm.datanode.port appended with serviceId and nodeId
2023-06-17 00:47:59,785 [pool-99-thread-1] INFO  ha.SCMNodeInfo (SCMNodeInfo.java:getPort(197)) - ConfigKey ozone.scm.client.address is deprecated, For configuring different ports for each SCM use PortConfigKey ozone.scm.client.port appended with serviceId and nodeId
2023-06-17 00:47:59,785 [pool-99-thread-1] INFO  ha.SCMNodeInfo (SCMNodeInfo.java:getPort(197)) - ConfigKey ozone.scm.block.client.address is deprecated, For configuring different ports for each SCM use PortConfigKey ozone.scm.block.client.port appended with serviceId and nodeId
2023-06-17 00:47:59,785 [pool-99-thread-1] INFO  ha.SCMNodeInfo (SCMNodeInfo.java:getPort(197)) - ConfigKey ozone.scm.security.service.address is deprecated, For configuring different ports for each SCM use PortConfigKey ozone.scm.security.service.port appended with serviceId and nodeId
2023-06-17 00:47:59,785 [pool-99-thread-1] INFO  ha.SCMNodeInfo (SCMNodeInfo.java:getPort(197)) - ConfigKey ozone.scm.datanode.address is deprecated, For configuring different ports for each SCM use PortConfigKey ozone.scm.datanode.port appended with serviceId and nodeId
2023-06-17 00:47:59,785 [pool-99-thread-1] INFO  ha.SCMNodeInfo (SCMNodeInfo.java:getPort(197)) - ConfigKey ozone.scm.client.address is deprecated, For configuring different ports for each SCM use PortConfigKey ozone.scm.client.port appended with serviceId and nodeId
2023-06-17 00:47:59,785 [pool-99-thread-1] INFO  ha.SCMNodeInfo (SCMNodeInfo.java:getPort(197)) - ConfigKey ozone.scm.block.client.address is deprecated, For configuring different ports for each SCM use PortConfigKey ozone.scm.block.client.port appended with serviceId and nodeId
2023-06-17 00:47:59,785 [pool-99-thread-1] INFO  ha.SCMNodeInfo (SCMNodeInfo.java:getPort(197)) - ConfigKey ozone.scm.security.service.address is deprecated, For configuring different ports for each SCM use PortConfigKey ozone.scm.security.service.port appended with serviceId and nodeId
2023-06-17 00:47:59,789 [pool-99-thread-1] INFO  ha.SCMNodeInfo (SCMNodeInfo.java:getPort(197)) - ConfigKey ozone.scm.datanode.address is deprecated, For configuring different ports for each SCM use PortConfigKey ozone.scm.datanode.port appended with serviceId and nodeId
2023-06-17 00:47:59,793 [746ad1cd-7733-4d67-8369-e04f45d32291@group-7934B631C69D->8fbffa03-1fc4-4a41-ac4c-0c93200d4489-GrpcLogAppender-LogAppenderDaemon] INFO  server.GrpcLogAppender (GrpcLogAppender.java:installSnapshot(649)) - 746ad1cd-7733-4d67-8369-e04f45d32291@group-7934B631C69D->8fbffa03-1fc4-4a41-ac4c-0c93200d4489-GrpcLogAppender: followerNextIndex = 0 but logStartIndex = 1, notify follower to install snapshot-(t:2, i:1)
2023-06-17 00:47:59,793 [746ad1cd-7733-4d67-8369-e04f45d32291@group-7934B631C69D->8fbffa03-1fc4-4a41-ac4c-0c93200d4489-GrpcLogAppender-LogAppenderDaemon] INFO  server.GrpcLogAppender (GrpcLogAppender.java:installSnapshot(657)) - 746ad1cd-7733-4d67-8369-e04f45d32291@group-7934B631C69D->8fbffa03-1fc4-4a41-ac4c-0c93200d4489-GrpcLogAppender: send 746ad1cd-7733-4d67-8369-e04f45d32291->8fbffa03-1fc4-4a41-ac4c-0c93200d4489#0-t2,notify:(t:2, i:1)
2023-06-17 00:47:59,786 [8fbffa03-1fc4-4a41-ac4c-0c93200d4489-server-thread1] INFO  server.RaftServer$Division (RaftServerImpl.java:checkInconsistentAppendEntries(1591)) - 8fbffa03-1fc4-4a41-ac4c-0c93200d4489@group-7934B631C69D: Failed appendEntries as snapshot (1) installation is in progress
2023-06-17 00:47:59,793 [8fbffa03-1fc4-4a41-ac4c-0c93200d4489-server-thread1] INFO  server.RaftServer$Division (RaftServerImpl.java:checkInconsistentAppendEntries(1583)) - 8fbffa03-1fc4-4a41-ac4c-0c93200d4489@group-7934B631C69D: inconsistency entries. Reply:746ad1cd-7733-4d67-8369-e04f45d32291<-8fbffa03-1fc4-4a41-ac4c-0c93200d4489#14:FAIL-t2,INCONSISTENCY,nextIndex=0,followerCommit=-1,matchIndex=-1
2023-06-17 00:47:59,797 [grpc-default-executor-2] WARN  server.GrpcLogAppender (GrpcLogAppender.java:onNextImpl(401)) - 746ad1cd-7733-4d67-8369-e04f45d32291@group-7934B631C69D->8fbffa03-1fc4-4a41-ac4c-0c93200d4489-AppendLogResponseHandler: received INCONSISTENCY reply with nextIndex 0
2023-06-17 00:47:59,798 [grpc-default-executor-2] INFO  impl.SnapshotInstallationHandler (SnapshotInstallationHandler.java:installSnapshot(89)) - 8fbffa03-1fc4-4a41-ac4c-0c93200d4489@group-7934B631C69D: receive installSnapshot: 746ad1cd-7733-4d67-8369-e04f45d32291->8fbffa03-1fc4-4a41-ac4c-0c93200d4489#0-t2,notify:(t:2, i:1)
2023-06-17 00:47:59,798 [grpc-default-executor-2] INFO  impl.SnapshotInstallationHandler (SnapshotInstallationHandler.java:installSnapshot(100)) - 8fbffa03-1fc4-4a41-ac4c-0c93200d4489@group-7934B631C69D: reply installSnapshot: 746ad1cd-7733-4d67-8369-e04f45d32291<-8fbffa03-1fc4-4a41-ac4c-0c93200d4489#0:FAIL-t2,IN_PROGRESS
2023-06-17 00:47:59,798 [grpc-default-executor-2] INFO  server.GrpcServerProtocolService (GrpcServerProtocolService.java:onCompleted(155)) - 8fbffa03-1fc4-4a41-ac4c-0c93200d4489: Completed INSTALL_SNAPSHOT, lastRequest: 746ad1cd-7733-4d67-8369-e04f45d32291->8fbffa03-1fc4-4a41-ac4c-0c93200d4489#0-t2,notify:(t:2, i:1)
2023-06-17 00:47:59,798 [grpc-default-executor-2] INFO  server.GrpcServerProtocolService (GrpcServerProtocolService.java:lambda$onCompleted$5(157)) - 8fbffa03-1fc4-4a41-ac4c-0c93200d4489: Completed INSTALL_SNAPSHOT, lastReply: null
2023-06-17 00:47:59,799 [grpc-default-executor-1] INFO  server.GrpcLogAppender (GrpcLogAppender.java:onNext(507)) - 746ad1cd-7733-4d67-8369-e04f45d32291@group-7934B631C69D->8fbffa03-1fc4-4a41-ac4c-0c93200d4489-InstallSnapshotResponseHandler: received a reply 746ad1cd-7733-4d67-8369-e04f45d32291<-8fbffa03-1fc4-4a41-ac4c-0c93200d4489#0:FAIL-t2,IN_PROGRESS
2023-06-17 00:47:59,799 [grpc-default-executor-1] INFO  server.GrpcLogAppender (GrpcLogAppender.java:onNext(525)) - 746ad1cd-7733-4d67-8369-e04f45d32291@group-7934B631C69D->8fbffa03-1fc4-4a41-ac4c-0c93200d4489-InstallSnapshotResponseHandler: InstallSnapshot in progress.
2023-06-17 00:47:59,805 [Socket Reader #1 for port 15002] INFO  ipc.Server (Server.java:saslProcess(2116)) - Auth successful for scm/fv-az275-58.go2hi5et44qedpdz5zrtt3gknc.xx.internal.cloudapp.net@EXAMPLE.COM (auth:KERBEROS) from 10.1.0.235:41249
2023-06-17 00:47:59,810 [8fbffa03-1fc4-4a41-ac4c-0c93200d4489-server-thread1] INFO  server.RaftServer$Division (RaftServerImpl.java:checkInconsistentAppendEntries(1591)) - 8fbffa03-1fc4-4a41-ac4c-0c93200d4489@group-7934B631C69D: Failed appendEntries as snapshot (1) installation is in progress
2023-06-17 00:47:59,810 [8fbffa03-1fc4-4a41-ac4c-0c93200d4489-server-thread1] INFO  server.RaftServer$Division (RaftServerImpl.java:checkInconsistentAppendEntries(1583)) - 8fbffa03-1fc4-4a41-ac4c-0c93200d4489@group-7934B631C69D: inconsistency entries. Reply:746ad1cd-7733-4d67-8369-e04f45d32291<-8fbffa03-1fc4-4a41-ac4c-0c93200d4489#15:FAIL-t2,INCONSISTENCY,nextIndex=0,followerCommit=-1,matchIndex=-1
2023-06-17 00:47:59,811 [grpc-default-executor-2] WARN  server.GrpcLogAppender (GrpcLogAppender.java:onNextImpl(401)) - 746ad1cd-7733-4d67-8369-e04f45d32291@group-7934B631C69D->8fbffa03-1fc4-4a41-ac4c-0c93200d4489-AppendLogResponseHandler: received INCONSISTENCY reply with nextIndex 0
2023-06-17 00:47:59,811 [746ad1cd-7733-4d67-8369-e04f45d32291@group-7934B631C69D->8fbffa03-1fc4-4a41-ac4c-0c93200d4489-GrpcLogAppender-LogAppenderDaemon] INFO  server.GrpcLogAppender (GrpcLogAppender.java:installSnapshot(649)) - 746ad1cd-7733-4d67-8369-e04f45d32291@group-7934B631C69D->8fbffa03-1fc4-4a41-ac4c-0c93200d4489-GrpcLogAppender: followerNextIndex = 0 but logStartIndex = 1, notify follower to install snapshot-(t:2, i:1)
2023-06-17 00:47:59,811 [746ad1cd-7733-4d67-8369-e04f45d32291@group-7934B631C69D->8fbffa03-1fc4-4a41-ac4c-0c93200d4489-GrpcLogAppender-LogAppenderDaemon] INFO  server.GrpcLogAppender (GrpcLogAppender.java:installSnapshot(657)) - 746ad1cd-7733-4d67-8369-e04f45d32291@group-7934B631C69D->8fbffa03-1fc4-4a41-ac4c-0c93200d4489-GrpcLogAppender: send 746ad1cd-7733-4d67-8369-e04f45d32291->8fbffa03-1fc4-4a41-ac4c-0c93200d4489#0-t2,notify:(t:2, i:1)
2023-06-17 00:47:59,812 [grpc-default-executor-2] INFO  impl.SnapshotInstallationHandler (SnapshotInstallationHandler.java:installSnapshot(89)) - 8fbffa03-1fc4-4a41-ac4c-0c93200d4489@group-7934B631C69D: receive installSnapshot: 746ad1cd-7733-4d67-8369-e04f45d32291->8fbffa03-1fc4-4a41-ac4c-0c93200d4489#0-t2,notify:(t:2, i:1)
2023-06-17 00:47:59,812 [grpc-default-executor-2] INFO  impl.SnapshotInstallationHandler (SnapshotInstallationHandler.java:installSnapshot(100)) - 8fbffa03-1fc4-4a41-ac4c-0c93200d4489@group-7934B631C69D: reply installSnapshot: 746ad1cd-7733-4d67-8369-e04f45d32291<-8fbffa03-1fc4-4a41-ac4c-0c93200d4489#0:FAIL-t2,IN_PROGRESS
2023-06-17 00:47:59,813 [grpc-default-executor-2] INFO  server.GrpcServerProtocolService (GrpcServerProtocolService.java:onCompleted(155)) - 8fbffa03-1fc4-4a41-ac4c-0c93200d4489: Completed INSTALL_SNAPSHOT, lastRequest: 746ad1cd-7733-4d67-8369-e04f45d32291->8fbffa03-1fc4-4a41-ac4c-0c93200d4489#0-t2,notify:(t:2, i:1)
2023-06-17 00:47:59,813 [grpc-default-executor-2] INFO  server.GrpcServerProtocolService (GrpcServerProtocolService.java:lambda$onCompleted$5(157)) - 8fbffa03-1fc4-4a41-ac4c-0c93200d4489: Completed INSTALL_SNAPSHOT, lastReply: null
2023-06-17 00:47:59,814 [grpc-default-executor-1] INFO  server.GrpcLogAppender (GrpcLogAppender.java:onNext(507)) - 746ad1cd-7733-4d67-8369-e04f45d32291@group-7934B631C69D->8fbffa03-1fc4-4a41-ac4c-0c93200d4489-InstallSnapshotResponseHandler: received a reply 746ad1cd-7733-4d67-8369-e04f45d32291<-8fbffa03-1fc4-4a41-ac4c-0c93200d4489#0:FAIL-t2,IN_PROGRESS
2023-06-17 00:47:59,814 [grpc-default-executor-1] INFO  server.GrpcLogAppender (GrpcLogAppender.java:onNext(525)) - 746ad1cd-7733-4d67-8369-e04f45d32291@group-7934B631C69D->8fbffa03-1fc4-4a41-ac4c-0c93200d4489-InstallSnapshotResponseHandler: InstallSnapshot in progress.
2023-06-17 00:47:59,833 [746ad1cd-7733-4d67-8369-e04f45d32291@group-7934B631C69D->8fbffa03-1fc4-4a41-ac4c-0c93200d4489-GrpcLogAppender-LogAppenderDaemon] INFO  server.GrpcLogAppender (GrpcLogAppender.java:installSnapshot(649)) - 746ad1cd-7733-4d67-8369-e04f45d32291@group-7934B631C69D->8fbffa03-1fc4-4a41-ac4c-0c93200d4489-GrpcLogAppender: followerNextIndex = 0 but logStartIndex = 1, notify follower to install snapshot-(t:2, i:1)
2023-06-17 00:47:59,833 [746ad1cd-7733-4d67-8369-e04f45d32291@group-7934B631C69D->8fbffa03-1fc4-4a41-ac4c-0c93200d4489-GrpcLogAppender-LogAppenderDaemon] INFO  server.GrpcLogAppender (GrpcLogAppender.java:installSnapshot(657)) - 746ad1cd-7733-4d67-8369-e04f45d32291@group-7934B631C69D->8fbffa03-1fc4-4a41-ac4c-0c93200d4489-GrpcLogAppender: send 746ad1cd-7733-4d67-8369-e04f45d32291->8fbffa03-1fc4-4a41-ac4c-0c93200d4489#0-t2,notify:(t:2, i:1)
2023-06-17 00:47:59,835 [grpc-default-executor-3] INFO  impl.SnapshotInstallationHandler (SnapshotInstallationHandler.java:installSnapshot(89)) - 8fbffa03-1fc4-4a41-ac4c-0c93200d4489@group-7934B631C69D: receive installSnapshot: 746ad1cd-7733-4d67-8369-e04f45d32291->8fbffa03-1fc4-4a41-ac4c-0c93200d4489#0-t2,notify:(t:2, i:1)
2023-06-17 00:47:59,835 [8fbffa03-1fc4-4a41-ac4c-0c93200d4489-server-thread1] INFO  server.RaftServer$Division (RaftServerImpl.java:checkInconsistentAppendEntries(1591)) - 8fbffa03-1fc4-4a41-ac4c-0c93200d4489@group-7934B631C69D: Failed appendEntries as snapshot (1) installation is in progress
2023-06-17 00:47:59,835 [grpc-default-executor-3] INFO  impl.SnapshotInstallationHandler (SnapshotInstallationHandler.java:installSnapshot(100)) - 8fbffa03-1fc4-4a41-ac4c-0c93200d4489@group-7934B631C69D: reply installSnapshot: 746ad1cd-7733-4d67-8369-e04f45d32291<-8fbffa03-1fc4-4a41-ac4c-0c93200d4489#0:FAIL-t2,IN_PROGRESS
2023-06-17 00:47:59,837 [grpc-default-executor-3] INFO  server.GrpcServerProtocolService (GrpcServerProtocolService.java:onCompleted(155)) - 8fbffa03-1fc4-4a41-ac4c-0c93200d4489: Completed INSTALL_SNAPSHOT, lastRequest: 746ad1cd-7733-4d67-8369-e04f45d32291->8fbffa03-1fc4-4a41-ac4c-0c93200d4489#0-t2,notify:(t:2, i:1)
2023-06-17 00:47:59,837 [grpc-default-executor-3] INFO  server.GrpcServerProtocolService (GrpcServerProtocolService.java:lambda$onCompleted$5(157)) - 8fbffa03-1fc4-4a41-ac4c-0c93200d4489: Completed INSTALL_SNAPSHOT, lastReply: null
2023-06-17 00:47:59,841 [grpc-default-executor-1] INFO  server.GrpcLogAppender (GrpcLogAppender.java:onNext(507)) - 746ad1cd-7733-4d67-8369-e04f45d32291@group-7934B631C69D->8fbffa03-1fc4-4a41-ac4c-0c93200d4489-InstallSnapshotResponseHandler: received a reply 746ad1cd-7733-4d67-8369-e04f45d32291<-8fbffa03-1fc4-4a41-ac4c-0c93200d4489#0:FAIL-t2,IN_PROGRESS
2023-06-17 00:47:59,841 [grpc-default-executor-1] INFO  server.GrpcLogAppender (GrpcLogAppender.java:onNext(525)) - 746ad1cd-7733-4d67-8369-e04f45d32291@group-7934B631C69D->8fbffa03-1fc4-4a41-ac4c-0c93200d4489-InstallSnapshotResponseHandler: InstallSnapshot in progress.
2023-06-17 00:47:59,835 [8fbffa03-1fc4-4a41-ac4c-0c93200d4489-server-thread1] INFO  server.RaftServer$Division (RaftServerImpl.java:checkInconsistentAppendEntries(1583)) - 8fbffa03-1fc4-4a41-ac4c-0c93200d4489@group-7934B631C69D: inconsistency entries. Reply:746ad1cd-7733-4d67-8369-e04f45d32291<-8fbffa03-1fc4-4a41-ac4c-0c93200d4489#16:FAIL-t2,INCONSISTENCY,nextIndex=0,followerCommit=-1,matchIndex=-1
2023-06-17 00:47:59,842 [grpc-default-executor-2] WARN  server.GrpcLogAppender (GrpcLogAppender.java:onNextImpl(401)) - 746ad1cd-7733-4d67-8369-e04f45d32291@group-7934B631C69D->8fbffa03-1fc4-4a41-ac4c-0c93200d4489-AppendLogResponseHandler: received INCONSISTENCY reply with nextIndex 0
2023-06-17 00:47:59,845 [pool-99-thread-1] INFO  ha.SCMStateMachine (SCMStateMachine.java:lambda$notifyInstallSnapshotFromLeader$2(255)) - Got secret keys from leaders [SecretKey(id = 6f09d060-30f4-4980-9a13-21b117799a9a, creation at: 2023-06-17T00:47:49.759Z, expire at: 2023-06-17T00:48:50.759Z), SecretKey(id = d2282791-1de8-41db-82d9-01f4c51e3fcb, creation at: 2023-06-17T00:47:19.712Z, expire at: 2023-06-17T00:48:20.712Z)]
2023-06-17 00:47:59,847 [8fbffa03-1fc4-4a41-ac4c-0c93200d4489-server-thread1] INFO  server.RaftServer$Division (RaftServerImpl.java:checkInconsistentAppendEntries(1591)) - 8fbffa03-1fc4-4a41-ac4c-0c93200d4489@group-7934B631C69D: Failed appendEntries as snapshot (1) installation is in progress
2023-06-17 00:47:59,847 [8fbffa03-1fc4-4a41-ac4c-0c93200d4489-server-thread1] INFO  server.RaftServer$Division (RaftServerImpl.java:checkInconsistentAppendEntries(1583)) - 8fbffa03-1fc4-4a41-ac4c-0c93200d4489@group-7934B631C69D: inconsistency entries. Reply:746ad1cd-7733-4d67-8369-e04f45d32291<-8fbffa03-1fc4-4a41-ac4c-0c93200d4489#17:FAIL-t2,INCONSISTENCY,nextIndex=0,followerCommit=-1,matchIndex=-1
2023-06-17 00:47:59,848 [grpc-default-executor-3] WARN  server.GrpcLogAppender (GrpcLogAppender.java:onNextImpl(401)) - 746ad1cd-7733-4d67-8369-e04f45d32291@group-7934B631C69D->8fbffa03-1fc4-4a41-ac4c-0c93200d4489-AppendLogResponseHandler: received INCONSISTENCY reply with nextIndex 0
2023-06-17 00:47:59,848 [746ad1cd-7733-4d67-8369-e04f45d32291@group-7934B631C69D->8fbffa03-1fc4-4a41-ac4c-0c93200d4489-GrpcLogAppender-LogAppenderDaemon] INFO  server.GrpcLogAppender (GrpcLogAppender.java:installSnapshot(649)) - 746ad1cd-7733-4d67-8369-e04f45d32291@group-7934B631C69D->8fbffa03-1fc4-4a41-ac4c-0c93200d4489-GrpcLogAppender: followerNextIndex = 0 but logStartIndex = 1, notify follower to install snapshot-(t:2, i:1)
2023-06-17 00:47:59,848 [746ad1cd-7733-4d67-8369-e04f45d32291@group-7934B631C69D->8fbffa03-1fc4-4a41-ac4c-0c93200d4489-GrpcLogAppender-LogAppenderDaemon] INFO  server.GrpcLogAppender (GrpcLogAppender.java:installSnapshot(657)) - 746ad1cd-7733-4d67-8369-e04f45d32291@group-7934B631C69D->8fbffa03-1fc4-4a41-ac4c-0c93200d4489-GrpcLogAppender: send 746ad1cd-7733-4d67-8369-e04f45d32291->8fbffa03-1fc4-4a41-ac4c-0c93200d4489#0-t2,notify:(t:2, i:1)
2023-06-17 00:47:59,849 [grpc-default-executor-3] INFO  impl.SnapshotInstallationHandler (SnapshotInstallationHandler.java:installSnapshot(89)) - 8fbffa03-1fc4-4a41-ac4c-0c93200d4489@group-7934B631C69D: receive installSnapshot: 746ad1cd-7733-4d67-8369-e04f45d32291->8fbffa03-1fc4-4a41-ac4c-0c93200d4489#0-t2,notify:(t:2, i:1)
2023-06-17 00:47:59,850 [grpc-default-executor-3] INFO  impl.SnapshotInstallationHandler (SnapshotInstallationHandler.java:installSnapshot(100)) - 8fbffa03-1fc4-4a41-ac4c-0c93200d4489@group-7934B631C69D: reply installSnapshot: 746ad1cd-7733-4d67-8369-e04f45d32291<-8fbffa03-1fc4-4a41-ac4c-0c93200d4489#0:FAIL-t2,IN_PROGRESS
2023-06-17 00:47:59,850 [grpc-default-executor-3] INFO  server.GrpcServerProtocolService (GrpcServerProtocolService.java:onCompleted(155)) - 8fbffa03-1fc4-4a41-ac4c-0c93200d4489: Completed INSTALL_SNAPSHOT, lastRequest: 746ad1cd-7733-4d67-8369-e04f45d32291->8fbffa03-1fc4-4a41-ac4c-0c93200d4489#0-t2,notify:(t:2, i:1)
2023-06-17 00:47:59,850 [grpc-default-executor-3] INFO  server.GrpcServerProtocolService (GrpcServerProtocolService.java:lambda$onCompleted$5(157)) - 8fbffa03-1fc4-4a41-ac4c-0c93200d4489: Completed INSTALL_SNAPSHOT, lastReply: null
2023-06-17 00:47:59,851 [grpc-default-executor-2] INFO  server.GrpcLogAppender (GrpcLogAppender.java:onNext(507)) - 746ad1cd-7733-4d67-8369-e04f45d32291@group-7934B631C69D->8fbffa03-1fc4-4a41-ac4c-0c93200d4489-InstallSnapshotResponseHandler: received a reply 746ad1cd-7733-4d67-8369-e04f45d32291<-8fbffa03-1fc4-4a41-ac4c-0c93200d4489#0:FAIL-t2,IN_PROGRESS
2023-06-17 00:47:59,851 [grpc-default-executor-2] INFO  server.GrpcLogAppender (GrpcLogAppender.java:onNext(525)) - 746ad1cd-7733-4d67-8369-e04f45d32291@group-7934B631C69D->8fbffa03-1fc4-4a41-ac4c-0c93200d4489-InstallSnapshotResponseHandler: InstallSnapshot in progress.
2023-06-17 00:47:59,861 [8fbffa03-1fc4-4a41-ac4c-0c93200d4489-server-thread1] INFO  server.RaftServer$Division (RaftServerImpl.java:checkInconsistentAppendEntries(1591)) - 8fbffa03-1fc4-4a41-ac4c-0c93200d4489@group-7934B631C69D: Failed appendEntries as snapshot (1) installation is in progress
2023-06-17 00:47:59,861 [8fbffa03-1fc4-4a41-ac4c-0c93200d4489-server-thread1] INFO  server.RaftServer$Division (RaftServerImpl.java:checkInconsistentAppendEntries(1583)) - 8fbffa03-1fc4-4a41-ac4c-0c93200d4489@group-7934B631C69D: inconsistency entries. Reply:746ad1cd-7733-4d67-8369-e04f45d32291<-8fbffa03-1fc4-4a41-ac4c-0c93200d4489#18:FAIL-t2,INCONSISTENCY,nextIndex=0,followerCommit=-1,matchIndex=-1
2023-06-17 00:47:59,861 [grpc-default-executor-3] WARN  server.GrpcLogAppender (GrpcLogAppender.java:onNextImpl(401)) - 746ad1cd-7733-4d67-8369-e04f45d32291@group-7934B631C69D->8fbffa03-1fc4-4a41-ac4c-0c93200d4489-AppendLogResponseHandler: received INCONSISTENCY reply with nextIndex 0
2023-06-17 00:47:59,861 [746ad1cd-7733-4d67-8369-e04f45d32291@group-7934B631C69D->8fbffa03-1fc4-4a41-ac4c-0c93200d4489-GrpcLogAppender-LogAppenderDaemon] INFO  server.GrpcLogAppender (GrpcLogAppender.java:installSnapshot(649)) - 746ad1cd-7733-4d67-8369-e04f45d32291@group-7934B631C69D->8fbffa03-1fc4-4a41-ac4c-0c93200d4489-GrpcLogAppender: followerNextIndex = 0 but logStartIndex = 1, notify follower to install snapshot-(t:2, i:1)
2023-06-17 00:47:59,862 [746ad1cd-7733-4d67-8369-e04f45d32291@group-7934B631C69D->8fbffa03-1fc4-4a41-ac4c-0c93200d4489-GrpcLogAppender-LogAppenderDaemon] INFO  server.GrpcLogAppender (GrpcLogAppender.java:installSnapshot(657)) - 746ad1cd-7733-4d67-8369-e04f45d32291@group-7934B631C69D->8fbffa03-1fc4-4a41-ac4c-0c93200d4489-GrpcLogAppender: send 746ad1cd-7733-4d67-8369-e04f45d32291->8fbffa03-1fc4-4a41-ac4c-0c93200d4489#0-t2,notify:(t:2, i:1)
2023-06-17 00:47:59,863 [grpc-default-executor-3] INFO  impl.SnapshotInstallationHandler (SnapshotInstallationHandler.java:installSnapshot(89)) - 8fbffa03-1fc4-4a41-ac4c-0c93200d4489@group-7934B631C69D: receive installSnapshot: 746ad1cd-7733-4d67-8369-e04f45d32291->8fbffa03-1fc4-4a41-ac4c-0c93200d4489#0-t2,notify:(t:2, i:1)
2023-06-17 00:47:59,863 [grpc-default-executor-3] INFO  impl.SnapshotInstallationHandler (SnapshotInstallationHandler.java:installSnapshot(100)) - 8fbffa03-1fc4-4a41-ac4c-0c93200d4489@group-7934B631C69D: reply installSnapshot: 746ad1cd-7733-4d67-8369-e04f45d32291<-8fbffa03-1fc4-4a41-ac4c-0c93200d4489#0:FAIL-t2,IN_PROGRESS
2023-06-17 00:47:59,863 [grpc-default-executor-3] INFO  server.GrpcServerProtocolService (GrpcServerProtocolService.java:onCompleted(155)) - 8fbffa03-1fc4-4a41-ac4c-0c93200d4489: Completed INSTALL_SNAPSHOT, lastRequest: 746ad1cd-7733-4d67-8369-e04f45d32291->8fbffa03-1fc4-4a41-ac4c-0c93200d4489#0-t2,notify:(t:2, i:1)
2023-06-17 00:47:59,863 [grpc-default-executor-3] INFO  server.GrpcServerProtocolService (GrpcServerProtocolService.java:lambda$onCompleted$5(157)) - 8fbffa03-1fc4-4a41-ac4c-0c93200d4489: Completed INSTALL_SNAPSHOT, lastReply: null
2023-06-17 00:47:59,864 [grpc-default-executor-2] INFO  server.GrpcLogAppender (GrpcLogAppender.java:onNext(507)) - 746ad1cd-7733-4d67-8369-e04f45d32291@group-7934B631C69D->8fbffa03-1fc4-4a41-ac4c-0c93200d4489-InstallSnapshotResponseHandler: received a reply 746ad1cd-7733-4d67-8369-e04f45d32291<-8fbffa03-1fc4-4a41-ac4c-0c93200d4489#0:FAIL-t2,IN_PROGRESS
2023-06-17 00:47:59,864 [grpc-default-executor-2] INFO  server.GrpcLogAppender (GrpcLogAppender.java:onNext(525)) - 746ad1cd-7733-4d67-8369-e04f45d32291@group-7934B631C69D->8fbffa03-1fc4-4a41-ac4c-0c93200d4489-InstallSnapshotResponseHandler: InstallSnapshot in progress.
2023-06-17 00:47:59,873 [8fbffa03-1fc4-4a41-ac4c-0c93200d4489-server-thread1] INFO  server.RaftServer$Division (RaftServerImpl.java:checkInconsistentAppendEntries(1591)) - 8fbffa03-1fc4-4a41-ac4c-0c93200d4489@group-7934B631C69D: Failed appendEntries as snapshot (1) installation is in progress
2023-06-17 00:47:59,874 [8fbffa03-1fc4-4a41-ac4c-0c93200d4489-server-thread1] INFO  server.RaftServer$Division (RaftServerImpl.java:checkInconsistentAppendEntries(1583)) - 8fbffa03-1fc4-4a41-ac4c-0c93200d4489@group-7934B631C69D: inconsistency entries. Reply:746ad1cd-7733-4d67-8369-e04f45d32291<-8fbffa03-1fc4-4a41-ac4c-0c93200d4489#19:FAIL-t2,INCONSISTENCY,nextIndex=0,followerCommit=-1,matchIndex=-1
2023-06-17 00:47:59,874 [grpc-default-executor-3] WARN  server.GrpcLogAppender (GrpcLogAppender.java:onNextImpl(401)) - 746ad1cd-7733-4d67-8369-e04f45d32291@group-7934B631C69D->8fbffa03-1fc4-4a41-ac4c-0c93200d4489-AppendLogResponseHandler: received INCONSISTENCY reply with nextIndex 0
2023-06-17 00:47:59,874 [746ad1cd-7733-4d67-8369-e04f45d32291@group-7934B631C69D->8fbffa03-1fc4-4a41-ac4c-0c93200d4489-GrpcLogAppender-LogAppenderDaemon] INFO  server.GrpcLogAppender (GrpcLogAppender.java:installSnapshot(649)) - 746ad1cd-7733-4d67-8369-e04f45d32291@group-7934B631C69D->8fbffa03-1fc4-4a41-ac4c-0c93200d4489-GrpcLogAppender: followerNextIndex = 0 but logStartIndex = 1, notify follower to install snapshot-(t:2, i:1)
2023-06-17 00:47:59,875 [746ad1cd-7733-4d67-8369-e04f45d32291@group-7934B631C69D->8fbffa03-1fc4-4a41-ac4c-0c93200d4489-GrpcLogAppender-LogAppenderDaemon] INFO  server.GrpcLogAppender (GrpcLogAppender.java:installSnapshot(657)) - 746ad1cd-7733-4d67-8369-e04f45d32291@group-7934B631C69D->8fbffa03-1fc4-4a41-ac4c-0c93200d4489-GrpcLogAppender: send 746ad1cd-7733-4d67-8369-e04f45d32291->8fbffa03-1fc4-4a41-ac4c-0c93200d4489#0-t2,notify:(t:2, i:1)
2023-06-17 00:47:59,876 [grpc-default-executor-3] INFO  impl.SnapshotInstallationHandler (SnapshotInstallationHandler.java:installSnapshot(89)) - 8fbffa03-1fc4-4a41-ac4c-0c93200d4489@group-7934B631C69D: receive installSnapshot: 746ad1cd-7733-4d67-8369-e04f45d32291->8fbffa03-1fc4-4a41-ac4c-0c93200d4489#0-t2,notify:(t:2, i:1)
2023-06-17 00:47:59,876 [grpc-default-executor-3] INFO  impl.SnapshotInstallationHandler (SnapshotInstallationHandler.java:installSnapshot(100)) - 8fbffa03-1fc4-4a41-ac4c-0c93200d4489@group-7934B631C69D: reply installSnapshot: 746ad1cd-7733-4d67-8369-e04f45d32291<-8fbffa03-1fc4-4a41-ac4c-0c93200d4489#0:FAIL-t2,IN_PROGRESS
2023-06-17 00:47:59,876 [grpc-default-executor-3] INFO  server.GrpcServerProtocolService (GrpcServerProtocolService.java:onCompleted(155)) - 8fbffa03-1fc4-4a41-ac4c-0c93200d4489: Completed INSTALL_SNAPSHOT, lastRequest: 746ad1cd-7733-4d67-8369-e04f45d32291->8fbffa03-1fc4-4a41-ac4c-0c93200d4489#0-t2,notify:(t:2, i:1)
2023-06-17 00:47:59,876 [grpc-default-executor-3] INFO  server.GrpcServerProtocolService (GrpcServerProtocolService.java:lambda$onCompleted$5(157)) - 8fbffa03-1fc4-4a41-ac4c-0c93200d4489: Completed INSTALL_SNAPSHOT, lastReply: null
2023-06-17 00:47:59,878 [grpc-default-executor-3] INFO  server.GrpcLogAppender (GrpcLogAppender.java:onNext(507)) - 746ad1cd-7733-4d67-8369-e04f45d32291@group-7934B631C69D->8fbffa03-1fc4-4a41-ac4c-0c93200d4489-InstallSnapshotResponseHandler: received a reply 746ad1cd-7733-4d67-8369-e04f45d32291<-8fbffa03-1fc4-4a41-ac4c-0c93200d4489#0:FAIL-t2,IN_PROGRESS
2023-06-17 00:47:59,878 [grpc-default-executor-3] INFO  server.GrpcLogAppender (GrpcLogAppender.java:onNext(525)) - 746ad1cd-7733-4d67-8369-e04f45d32291@group-7934B631C69D->8fbffa03-1fc4-4a41-ac4c-0c93200d4489-InstallSnapshotResponseHandler: InstallSnapshot in progress.
2023-06-17 00:47:59,887 [8fbffa03-1fc4-4a41-ac4c-0c93200d4489-server-thread1] INFO  server.RaftServer$Division (RaftServerImpl.java:checkInconsistentAppendEntries(1591)) - 8fbffa03-1fc4-4a41-ac4c-0c93200d4489@group-7934B631C69D: Failed appendEntries as snapshot (1) installation is in progress
2023-06-17 00:47:59,887 [8fbffa03-1fc4-4a41-ac4c-0c93200d4489-server-thread1] INFO  server.RaftServer$Division (RaftServerImpl.java:checkInconsistentAppendEntries(1583)) - 8fbffa03-1fc4-4a41-ac4c-0c93200d4489@group-7934B631C69D: inconsistency entries. Reply:746ad1cd-7733-4d67-8369-e04f45d32291<-8fbffa03-1fc4-4a41-ac4c-0c93200d4489#20:FAIL-t2,INCONSISTENCY,nextIndex=0,followerCommit=-1,matchIndex=-1
2023-06-17 00:47:59,888 [grpc-default-executor-3] WARN  server.GrpcLogAppender (GrpcLogAppender.java:onNextImpl(401)) - 746ad1cd-7733-4d67-8369-e04f45d32291@group-7934B631C69D->8fbffa03-1fc4-4a41-ac4c-0c93200d4489-AppendLogResponseHandler: received INCONSISTENCY reply with nextIndex 0
2023-06-17 00:47:59,888 [746ad1cd-7733-4d67-8369-e04f45d32291@group-7934B631C69D->8fbffa03-1fc4-4a41-ac4c-0c93200d4489-GrpcLogAppender-LogAppenderDaemon] INFO  server.GrpcLogAppender (GrpcLogAppender.java:installSnapshot(649)) - 746ad1cd-7733-4d67-8369-e04f45d32291@group-7934B631C69D->8fbffa03-1fc4-4a41-ac4c-0c93200d4489-GrpcLogAppender: followerNextIndex = 0 but logStartIndex = 1, notify follower to install snapshot-(t:2, i:1)
2023-06-17 00:47:59,888 [746ad1cd-7733-4d67-8369-e04f45d32291@group-7934B631C69D->8fbffa03-1fc4-4a41-ac4c-0c93200d4489-GrpcLogAppender-LogAppenderDaemon] INFO  server.GrpcLogAppender (GrpcLogAppender.java:installSnapshot(657)) - 746ad1cd-7733-4d67-8369-e04f45d32291@group-7934B631C69D->8fbffa03-1fc4-4a41-ac4c-0c93200d4489-GrpcLogAppender: send 746ad1cd-7733-4d67-8369-e04f45d32291->8fbffa03-1fc4-4a41-ac4c-0c93200d4489#0-t2,notify:(t:2, i:1)
2023-06-17 00:47:59,891 [grpc-default-executor-2] INFO  impl.SnapshotInstallationHandler (SnapshotInstallationHandler.java:installSnapshot(89)) - 8fbffa03-1fc4-4a41-ac4c-0c93200d4489@group-7934B631C69D: receive installSnapshot: 746ad1cd-7733-4d67-8369-e04f45d32291->8fbffa03-1fc4-4a41-ac4c-0c93200d4489#0-t2,notify:(t:2, i:1)
2023-06-17 00:47:59,893 [grpc-default-executor-2] INFO  impl.SnapshotInstallationHandler (SnapshotInstallationHandler.java:installSnapshot(100)) - 8fbffa03-1fc4-4a41-ac4c-0c93200d4489@group-7934B631C69D: reply installSnapshot: 746ad1cd-7733-4d67-8369-e04f45d32291<-8fbffa03-1fc4-4a41-ac4c-0c93200d4489#0:FAIL-t2,IN_PROGRESS
2023-06-17 00:47:59,893 [grpc-default-executor-2] INFO  server.GrpcServerProtocolService (GrpcServerProtocolService.java:onCompleted(155)) - 8fbffa03-1fc4-4a41-ac4c-0c93200d4489: Completed INSTALL_SNAPSHOT, lastRequest: 746ad1cd-7733-4d67-8369-e04f45d32291->8fbffa03-1fc4-4a41-ac4c-0c93200d4489#0-t2,notify:(t:2, i:1)
2023-06-17 00:47:59,893 [grpc-default-executor-2] INFO  server.GrpcServerProtocolService (GrpcServerProtocolService.java:lambda$onCompleted$5(157)) - 8fbffa03-1fc4-4a41-ac4c-0c93200d4489: Completed INSTALL_SNAPSHOT, lastReply: null
2023-06-17 00:47:59,894 [grpc-default-executor-3] INFO  server.GrpcLogAppender (GrpcLogAppender.java:onNext(507)) - 746ad1cd-7733-4d67-8369-e04f45d32291@group-7934B631C69D->8fbffa03-1fc4-4a41-ac4c-0c93200d4489-InstallSnapshotResponseHandler: received a reply 746ad1cd-7733-4d67-8369-e04f45d32291<-8fbffa03-1fc4-4a41-ac4c-0c93200d4489#0:FAIL-t2,IN_PROGRESS
2023-06-17 00:47:59,894 [grpc-default-executor-3] INFO  server.GrpcLogAppender (GrpcLogAppender.java:onNext(525)) - 746ad1cd-7733-4d67-8369-e04f45d32291@group-7934B631C69D->8fbffa03-1fc4-4a41-ac4c-0c93200d4489-InstallSnapshotResponseHandler: InstallSnapshot in progress.
2023-06-17 00:47:59,899 [8fbffa03-1fc4-4a41-ac4c-0c93200d4489-server-thread1] INFO  server.RaftServer$Division (RaftServerImpl.java:checkInconsistentAppendEntries(1591)) - 8fbffa03-1fc4-4a41-ac4c-0c93200d4489@group-7934B631C69D: Failed appendEntries as snapshot (1) installation is in progress
2023-06-17 00:47:59,899 [8fbffa03-1fc4-4a41-ac4c-0c93200d4489-server-thread1] INFO  server.RaftServer$Division (RaftServerImpl.java:checkInconsistentAppendEntries(1583)) - 8fbffa03-1fc4-4a41-ac4c-0c93200d4489@group-7934B631C69D: inconsistency entries. Reply:746ad1cd-7733-4d67-8369-e04f45d32291<-8fbffa03-1fc4-4a41-ac4c-0c93200d4489#21:FAIL-t2,INCONSISTENCY,nextIndex=0,followerCommit=-1,matchIndex=-1
2023-06-17 00:47:59,900 [grpc-default-executor-2] WARN  server.GrpcLogAppender (GrpcLogAppender.java:onNextImpl(401)) - 746ad1cd-7733-4d67-8369-e04f45d32291@group-7934B631C69D->8fbffa03-1fc4-4a41-ac4c-0c93200d4489-AppendLogResponseHandler: received INCONSISTENCY reply with nextIndex 0
2023-06-17 00:47:59,900 [746ad1cd-7733-4d67-8369-e04f45d32291@group-7934B631C69D->8fbffa03-1fc4-4a41-ac4c-0c93200d4489-GrpcLogAppender-LogAppenderDaemon] INFO  server.GrpcLogAppender (GrpcLogAppender.java:installSnapshot(649)) - 746ad1cd-7733-4d67-8369-e04f45d32291@group-7934B631C69D->8fbffa03-1fc4-4a41-ac4c-0c93200d4489-GrpcLogAppender: followerNextIndex = 0 but logStartIndex = 1, notify follower to install snapshot-(t:2, i:1)
2023-06-17 00:47:59,900 [746ad1cd-7733-4d67-8369-e04f45d32291@group-7934B631C69D->8fbffa03-1fc4-4a41-ac4c-0c93200d4489-GrpcLogAppender-LogAppenderDaemon] INFO  server.GrpcLogAppender (GrpcLogAppender.java:installSnapshot(657)) - 746ad1cd-7733-4d67-8369-e04f45d32291@group-7934B631C69D->8fbffa03-1fc4-4a41-ac4c-0c93200d4489-GrpcLogAppender: send 746ad1cd-7733-4d67-8369-e04f45d32291->8fbffa03-1fc4-4a41-ac4c-0c93200d4489#0-t2,notify:(t:2, i:1)
2023-06-17 00:47:59,902 [grpc-default-executor-2] INFO  impl.SnapshotInstallationHandler (SnapshotInstallationHandler.java:installSnapshot(89)) - 8fbffa03-1fc4-4a41-ac4c-0c93200d4489@group-7934B631C69D: receive installSnapshot: 746ad1cd-7733-4d67-8369-e04f45d32291->8fbffa03-1fc4-4a41-ac4c-0c93200d4489#0-t2,notify:(t:2, i:1)
2023-06-17 00:47:59,902 [grpc-default-executor-2] INFO  impl.SnapshotInstallationHandler (SnapshotInstallationHandler.java:installSnapshot(100)) - 8fbffa03-1fc4-4a41-ac4c-0c93200d4489@group-7934B631C69D: reply installSnapshot: 746ad1cd-7733-4d67-8369-e04f45d32291<-8fbffa03-1fc4-4a41-ac4c-0c93200d4489#0:FAIL-t2,IN_PROGRESS
2023-06-17 00:47:59,903 [grpc-default-executor-2] INFO  server.GrpcServerProtocolService (GrpcServerProtocolService.java:onCompleted(155)) - 8fbffa03-1fc4-4a41-ac4c-0c93200d4489: Completed INSTALL_SNAPSHOT, lastRequest: 746ad1cd-7733-4d67-8369-e04f45d32291->8fbffa03-1fc4-4a41-ac4c-0c93200d4489#0-t2,notify:(t:2, i:1)
2023-06-17 00:47:59,903 [grpc-default-executor-2] INFO  server.GrpcServerProtocolService (GrpcServerProtocolService.java:lambda$onCompleted$5(157)) - 8fbffa03-1fc4-4a41-ac4c-0c93200d4489: Completed INSTALL_SNAPSHOT, lastReply: null
2023-06-17 00:47:59,903 [grpc-default-executor-3] INFO  server.GrpcLogAppender (GrpcLogAppender.java:onNext(507)) - 746ad1cd-7733-4d67-8369-e04f45d32291@group-7934B631C69D->8fbffa03-1fc4-4a41-ac4c-0c93200d4489-InstallSnapshotResponseHandler: received a reply 746ad1cd-7733-4d67-8369-e04f45d32291<-8fbffa03-1fc4-4a41-ac4c-0c93200d4489#0:FAIL-t2,IN_PROGRESS
2023-06-17 00:47:59,904 [grpc-default-executor-3] INFO  server.GrpcLogAppender (GrpcLogAppender.java:onNext(525)) - 746ad1cd-7733-4d67-8369-e04f45d32291@group-7934B631C69D->8fbffa03-1fc4-4a41-ac4c-0c93200d4489-InstallSnapshotResponseHandler: InstallSnapshot in progress.
2023-06-17 00:47:59,911 [8fbffa03-1fc4-4a41-ac4c-0c93200d4489-server-thread1] INFO  server.RaftServer$Division (RaftServerImpl.java:checkInconsistentAppendEntries(1591)) - 8fbffa03-1fc4-4a41-ac4c-0c93200d4489@group-7934B631C69D: Failed appendEntries as snapshot (1) installation is in progress
2023-06-17 00:47:59,912 [8fbffa03-1fc4-4a41-ac4c-0c93200d4489-server-thread1] INFO  server.RaftServer$Division (RaftServerImpl.java:checkInconsistentAppendEntries(1583)) - 8fbffa03-1fc4-4a41-ac4c-0c93200d4489@group-7934B631C69D: inconsistency entries. Reply:746ad1cd-7733-4d67-8369-e04f45d32291<-8fbffa03-1fc4-4a41-ac4c-0c93200d4489#22:FAIL-t2,INCONSISTENCY,nextIndex=0,followerCommit=-1,matchIndex=-1
2023-06-17 00:47:59,912 [grpc-default-executor-2] WARN  server.GrpcLogAppender (GrpcLogAppender.java:onNextImpl(401)) - 746ad1cd-7733-4d67-8369-e04f45d32291@group-7934B631C69D->8fbffa03-1fc4-4a41-ac4c-0c93200d4489-AppendLogResponseHandler: received INCONSISTENCY reply with nextIndex 0
2023-06-17 00:47:59,912 [746ad1cd-7733-4d67-8369-e04f45d32291@group-7934B631C69D->8fbffa03-1fc4-4a41-ac4c-0c93200d4489-GrpcLogAppender-LogAppenderDaemon] INFO  server.GrpcLogAppender (GrpcLogAppender.java:installSnapshot(649)) - 746ad1cd-7733-4d67-8369-e04f45d32291@group-7934B631C69D->8fbffa03-1fc4-4a41-ac4c-0c93200d4489-GrpcLogAppender: followerNextIndex = 0 but logStartIndex = 1, notify follower to install snapshot-(t:2, i:1)
2023-06-17 00:47:59,913 [746ad1cd-7733-4d67-8369-e04f45d32291@group-7934B631C69D->8fbffa03-1fc4-4a41-ac4c-0c93200d4489-GrpcLogAppender-LogAppenderDaemon] INFO  server.GrpcLogAppender (GrpcLogAppender.java:installSnapshot(657)) - 746ad1cd-7733-4d67-8369-e04f45d32291@group-7934B631C69D->8fbffa03-1fc4-4a41-ac4c-0c93200d4489-GrpcLogAppender: send 746ad1cd-7733-4d67-8369-e04f45d32291->8fbffa03-1fc4-4a41-ac4c-0c93200d4489#0-t2,notify:(t:2, i:1)
2023-06-17 00:47:59,914 [grpc-default-executor-3] INFO  impl.SnapshotInstallationHandler (SnapshotInstallationHandler.java:installSnapshot(89)) - 8fbffa03-1fc4-4a41-ac4c-0c93200d4489@group-7934B631C69D: receive installSnapshot: 746ad1cd-7733-4d67-8369-e04f45d32291->8fbffa03-1fc4-4a41-ac4c-0c93200d4489#0-t2,notify:(t:2, i:1)
2023-06-17 00:47:59,914 [grpc-default-executor-3] INFO  impl.SnapshotInstallationHandler (SnapshotInstallationHandler.java:installSnapshot(100)) - 8fbffa03-1fc4-4a41-ac4c-0c93200d4489@group-7934B631C69D: reply installSnapshot: 746ad1cd-7733-4d67-8369-e04f45d32291<-8fbffa03-1fc4-4a41-ac4c-0c93200d4489#0:FAIL-t2,IN_PROGRESS
2023-06-17 00:47:59,914 [grpc-default-executor-3] INFO  server.GrpcServerProtocolService (GrpcServerProtocolService.java:onCompleted(155)) - 8fbffa03-1fc4-4a41-ac4c-0c93200d4489: Completed INSTALL_SNAPSHOT, lastRequest: 746ad1cd-7733-4d67-8369-e04f45d32291->8fbffa03-1fc4-4a41-ac4c-0c93200d4489#0-t2,notify:(t:2, i:1)
2023-06-17 00:47:59,914 [grpc-default-executor-3] INFO  server.GrpcServerProtocolService (GrpcServerProtocolService.java:lambda$onCompleted$5(157)) - 8fbffa03-1fc4-4a41-ac4c-0c93200d4489: Completed INSTALL_SNAPSHOT, lastReply: null
2023-06-17 00:47:59,915 [grpc-default-executor-2] INFO  server.GrpcLogAppender (GrpcLogAppender.java:onNext(507)) - 746ad1cd-7733-4d67-8369-e04f45d32291@group-7934B631C69D->8fbffa03-1fc4-4a41-ac4c-0c93200d4489-InstallSnapshotResponseHandler: received a reply 746ad1cd-7733-4d67-8369-e04f45d32291<-8fbffa03-1fc4-4a41-ac4c-0c93200d4489#0:FAIL-t2,IN_PROGRESS
2023-06-17 00:47:59,915 [grpc-default-executor-2] INFO  server.GrpcLogAppender (GrpcLogAppender.java:onNext(525)) - 746ad1cd-7733-4d67-8369-e04f45d32291@group-7934B631C69D->8fbffa03-1fc4-4a41-ac4c-0c93200d4489-InstallSnapshotResponseHandler: InstallSnapshot in progress.
2023-06-17 00:47:59,925 [8fbffa03-1fc4-4a41-ac4c-0c93200d4489-server-thread1] INFO  server.RaftServer$Division (RaftServerImpl.java:checkInconsistentAppendEntries(1591)) - 8fbffa03-1fc4-4a41-ac4c-0c93200d4489@group-7934B631C69D: Failed appendEntries as snapshot (1) installation is in progress
2023-06-17 00:47:59,925 [8fbffa03-1fc4-4a41-ac4c-0c93200d4489-server-thread1] INFO  server.RaftServer$Division (RaftServerImpl.java:checkInconsistentAppendEntries(1583)) - 8fbffa03-1fc4-4a41-ac4c-0c93200d4489@group-7934B631C69D: inconsistency entries. Reply:746ad1cd-7733-4d67-8369-e04f45d32291<-8fbffa03-1fc4-4a41-ac4c-0c93200d4489#23:FAIL-t2,INCONSISTENCY,nextIndex=0,followerCommit=-1,matchIndex=-1
2023-06-17 00:47:59,925 [grpc-default-executor-2] WARN  server.GrpcLogAppender (GrpcLogAppender.java:onNextImpl(401)) - 746ad1cd-7733-4d67-8369-e04f45d32291@group-7934B631C69D->8fbffa03-1fc4-4a41-ac4c-0c93200d4489-AppendLogResponseHandler: received INCONSISTENCY reply with nextIndex 0
2023-06-17 00:47:59,926 [746ad1cd-7733-4d67-8369-e04f45d32291@group-7934B631C69D->8fbffa03-1fc4-4a41-ac4c-0c93200d4489-GrpcLogAppender-LogAppenderDaemon] INFO  server.GrpcLogAppender (GrpcLogAppender.java:installSnapshot(649)) - 746ad1cd-7733-4d67-8369-e04f45d32291@group-7934B631C69D->8fbffa03-1fc4-4a41-ac4c-0c93200d4489-GrpcLogAppender: followerNextIndex = 0 but logStartIndex = 1, notify follower to install snapshot-(t:2, i:1)
2023-06-17 00:47:59,926 [746ad1cd-7733-4d67-8369-e04f45d32291@group-7934B631C69D->8fbffa03-1fc4-4a41-ac4c-0c93200d4489-GrpcLogAppender-LogAppenderDaemon] INFO  server.GrpcLogAppender (GrpcLogAppender.java:installSnapshot(657)) - 746ad1cd-7733-4d67-8369-e04f45d32291@group-7934B631C69D->8fbffa03-1fc4-4a41-ac4c-0c93200d4489-GrpcLogAppender: send 746ad1cd-7733-4d67-8369-e04f45d32291->8fbffa03-1fc4-4a41-ac4c-0c93200d4489#0-t2,notify:(t:2, i:1)
2023-06-17 00:47:59,927 [grpc-default-executor-2] INFO  impl.SnapshotInstallationHandler (SnapshotInstallationHandler.java:installSnapshot(89)) - 8fbffa03-1fc4-4a41-ac4c-0c93200d4489@group-7934B631C69D: receive installSnapshot: 746ad1cd-7733-4d67-8369-e04f45d32291->8fbffa03-1fc4-4a41-ac4c-0c93200d4489#0-t2,notify:(t:2, i:1)
2023-06-17 00:47:59,927 [grpc-default-executor-2] INFO  impl.SnapshotInstallationHandler (SnapshotInstallationHandler.java:installSnapshot(100)) - 8fbffa03-1fc4-4a41-ac4c-0c93200d4489@group-7934B631C69D: reply installSnapshot: 746ad1cd-7733-4d67-8369-e04f45d32291<-8fbffa03-1fc4-4a41-ac4c-0c93200d4489#0:FAIL-t2,IN_PROGRESS
2023-06-17 00:47:59,927 [grpc-default-executor-2] INFO  server.GrpcServerProtocolService (GrpcServerProtocolService.java:onCompleted(155)) - 8fbffa03-1fc4-4a41-ac4c-0c93200d4489: Completed INSTALL_SNAPSHOT, lastRequest: 746ad1cd-7733-4d67-8369-e04f45d32291->8fbffa03-1fc4-4a41-ac4c-0c93200d4489#0-t2,notify:(t:2, i:1)
2023-06-17 00:47:59,927 [grpc-default-executor-2] INFO  server.GrpcServerProtocolService (GrpcServerProtocolService.java:lambda$onCompleted$5(157)) - 8fbffa03-1fc4-4a41-ac4c-0c93200d4489: Completed INSTALL_SNAPSHOT, lastReply: null
2023-06-17 00:47:59,928 [grpc-default-executor-3] INFO  server.GrpcLogAppender (GrpcLogAppender.java:onNext(507)) - 746ad1cd-7733-4d67-8369-e04f45d32291@group-7934B631C69D->8fbffa03-1fc4-4a41-ac4c-0c93200d4489-InstallSnapshotResponseHandler: received a reply 746ad1cd-7733-4d67-8369-e04f45d32291<-8fbffa03-1fc4-4a41-ac4c-0c93200d4489#0:FAIL-t2,IN_PROGRESS
2023-06-17 00:47:59,928 [grpc-default-executor-3] INFO  server.GrpcLogAppender (GrpcLogAppender.java:onNext(525)) - 746ad1cd-7733-4d67-8369-e04f45d32291@group-7934B631C69D->8fbffa03-1fc4-4a41-ac4c-0c93200d4489-InstallSnapshotResponseHandler: InstallSnapshot in progress.
2023-06-17 00:47:59,935 [pool-99-thread-1] INFO  ha.SCMHAManagerImpl (SCMHAManagerImpl.java:verifyCheckpointFromLeader(226)) - Installing checkpoint with SCMTransactionInfo 2#202
2023-06-17 00:47:59,935 [pool-99-thread-1] INFO  impl.SnapshotInstallationHandler (SnapshotInstallationHandler.java:lambda$notifyStateMachineToInstallSnapshot$2(277)) - 8fbffa03-1fc4-4a41-ac4c-0c93200d4489@group-7934B631C69D: StateMachine successfully installed snapshot index 202. Reloading the StateMachine.
2023-06-17 00:47:59,940 [8fbffa03-1fc4-4a41-ac4c-0c93200d4489-server-thread1] INFO  server.RaftServer$Division (RaftServerImpl.java:checkInconsistentAppendEntries(1591)) - 8fbffa03-1fc4-4a41-ac4c-0c93200d4489@group-7934B631C69D: Failed appendEntries as snapshot (1) installation is in progress
2023-06-17 00:47:59,940 [8fbffa03-1fc4-4a41-ac4c-0c93200d4489-server-thread1] INFO  server.RaftServer$Division (RaftServerImpl.java:checkInconsistentAppendEntries(1583)) - 8fbffa03-1fc4-4a41-ac4c-0c93200d4489@group-7934B631C69D: inconsistency entries. Reply:746ad1cd-7733-4d67-8369-e04f45d32291<-8fbffa03-1fc4-4a41-ac4c-0c93200d4489#24:FAIL-t2,INCONSISTENCY,nextIndex=0,followerCommit=-1,matchIndex=-1
2023-06-17 00:47:59,940 [grpc-default-executor-2] WARN  server.GrpcLogAppender (GrpcLogAppender.java:onNextImpl(401)) - 746ad1cd-7733-4d67-8369-e04f45d32291@group-7934B631C69D->8fbffa03-1fc4-4a41-ac4c-0c93200d4489-AppendLogResponseHandler: received INCONSISTENCY reply with nextIndex 0
2023-06-17 00:47:59,940 [746ad1cd-7733-4d67-8369-e04f45d32291@group-7934B631C69D->8fbffa03-1fc4-4a41-ac4c-0c93200d4489-GrpcLogAppender-LogAppenderDaemon] INFO  server.GrpcLogAppender (GrpcLogAppender.java:installSnapshot(649)) - 746ad1cd-7733-4d67-8369-e04f45d32291@group-7934B631C69D->8fbffa03-1fc4-4a41-ac4c-0c93200d4489-GrpcLogAppender: followerNextIndex = 0 but logStartIndex = 1, notify follower to install snapshot-(t:2, i:1)
2023-06-17 00:47:59,940 [746ad1cd-7733-4d67-8369-e04f45d32291@group-7934B631C69D->8fbffa03-1fc4-4a41-ac4c-0c93200d4489-GrpcLogAppender-LogAppenderDaemon] INFO  server.GrpcLogAppender (GrpcLogAppender.java:installSnapshot(657)) - 746ad1cd-7733-4d67-8369-e04f45d32291@group-7934B631C69D->8fbffa03-1fc4-4a41-ac4c-0c93200d4489-GrpcLogAppender: send 746ad1cd-7733-4d67-8369-e04f45d32291->8fbffa03-1fc4-4a41-ac4c-0c93200d4489#0-t2,notify:(t:2, i:1)
2023-06-17 00:47:59,942 [grpc-default-executor-2] INFO  impl.SnapshotInstallationHandler (SnapshotInstallationHandler.java:installSnapshot(89)) - 8fbffa03-1fc4-4a41-ac4c-0c93200d4489@group-7934B631C69D: receive installSnapshot: 746ad1cd-7733-4d67-8369-e04f45d32291->8fbffa03-1fc4-4a41-ac4c-0c93200d4489#0-t2,notify:(t:2, i:1)
2023-06-17 00:47:59,942 [grpc-default-executor-2] INFO  raftlog.RaftLog (RaftLogBase.java:lambda$new$0(53)) - 8fbffa03-1fc4-4a41-ac4c-0c93200d4489@group-7934B631C69D-SegmentedRaftLog: snapshotIndex: updateIncreasingly -1 -> 202
2023-06-17 00:47:59,942 [grpc-default-executor-2] INFO  segmented.SegmentedRaftLogWorker (SegmentedRaftLogWorker.java:lambda$new$0(135)) - 8fbffa03-1fc4-4a41-ac4c-0c93200d4489@group-7934B631C69D-SegmentedRaftLogWorker: flushIndex: setUnconditionally -1 -> 202
2023-06-17 00:47:59,942 [grpc-default-executor-2] INFO  segmented.SegmentedRaftLogWorker (SegmentedRaftLogWorker.java:lambda$new$0(135)) - 8fbffa03-1fc4-4a41-ac4c-0c93200d4489@group-7934B631C69D-SegmentedRaftLogWorker: safeCacheEvictIndex: setUnconditionally -1 -> 202
2023-06-17 00:47:59,942 [grpc-default-executor-2] INFO  impl.SnapshotInstallationHandler (SnapshotInstallationHandler.java:notifyStateMachineToInstallSnapshot(321)) - 8fbffa03-1fc4-4a41-ac4c-0c93200d4489@group-7934B631C69D: InstallSnapshot notification result: SNAPSHOT_INSTALLED, at index: (t:2, i:202)
2023-06-17 00:47:59,943 [grpc-default-executor-2] INFO  impl.SnapshotInstallationHandler (SnapshotInstallationHandler.java:installSnapshot(100)) - 8fbffa03-1fc4-4a41-ac4c-0c93200d4489@group-7934B631C69D: reply installSnapshot: 746ad1cd-7733-4d67-8369-e04f45d32291<-8fbffa03-1fc4-4a41-ac4c-0c93200d4489#0:OK-t2,SNAPSHOT_INSTALLED,snapshotIndex=202
2023-06-17 00:47:59,943 [grpc-default-executor-2] INFO  server.GrpcServerProtocolService (GrpcServerProtocolService.java:onCompleted(155)) - 8fbffa03-1fc4-4a41-ac4c-0c93200d4489: Completed INSTALL_SNAPSHOT, lastRequest: 746ad1cd-7733-4d67-8369-e04f45d32291->8fbffa03-1fc4-4a41-ac4c-0c93200d4489#0-t2,notify:(t:2, i:1)
2023-06-17 00:47:59,943 [grpc-default-executor-2] INFO  server.GrpcServerProtocolService (GrpcServerProtocolService.java:lambda$onCompleted$5(157)) - 8fbffa03-1fc4-4a41-ac4c-0c93200d4489: Completed INSTALL_SNAPSHOT, lastReply: null
2023-06-17 00:47:59,944 [grpc-default-executor-3] INFO  server.GrpcLogAppender (GrpcLogAppender.java:onNext(507)) - 746ad1cd-7733-4d67-8369-e04f45d32291@group-7934B631C69D->8fbffa03-1fc4-4a41-ac4c-0c93200d4489-InstallSnapshotResponseHandler: received a reply 746ad1cd-7733-4d67-8369-e04f45d32291<-8fbffa03-1fc4-4a41-ac4c-0c93200d4489#0:OK-t2,SNAPSHOT_INSTALLED,snapshotIndex=202
2023-06-17 00:47:59,944 [grpc-default-executor-3] INFO  server.GrpcLogAppender (GrpcLogAppender.java:onNext(547)) - 746ad1cd-7733-4d67-8369-e04f45d32291@group-7934B631C69D->8fbffa03-1fc4-4a41-ac4c-0c93200d4489-InstallSnapshotResponseHandler: Follower installed snapshot at index 202
2023-06-17 00:47:59,944 [grpc-default-executor-3] INFO  leader.FollowerInfo (FollowerInfoImpl.java:lambda$new$0(52)) - 746ad1cd-7733-4d67-8369-e04f45d32291@group-7934B631C69D->8fbffa03-1fc4-4a41-ac4c-0c93200d4489: snapshotIndex: setUnconditionally 0 -> 202
2023-06-17 00:47:59,944 [grpc-default-executor-3] INFO  leader.FollowerInfo (FollowerInfoImpl.java:lambda$new$0(52)) - 746ad1cd-7733-4d67-8369-e04f45d32291@group-7934B631C69D->8fbffa03-1fc4-4a41-ac4c-0c93200d4489: matchIndex: setUnconditionally -1 -> 202
2023-06-17 00:47:59,944 [grpc-default-executor-3] INFO  leader.FollowerInfo (FollowerInfoImpl.java:lambda$new$0(52)) - 746ad1cd-7733-4d67-8369-e04f45d32291@group-7934B631C69D->8fbffa03-1fc4-4a41-ac4c-0c93200d4489: nextIndex: setUnconditionally 0 -> 203
2023-06-17 00:47:59,944 [grpc-default-executor-3] INFO  leader.FollowerInfo (FollowerInfoImpl.java:setAttemptedToInstallSnapshot(126)) - Follower 746ad1cd-7733-4d67-8369-e04f45d32291@group-7934B631C69D->8fbffa03-1fc4-4a41-ac4c-0c93200d4489 acknowledged installing snapshot
2023-06-17 00:47:59,944 [grpc-default-executor-3] INFO  server.GrpcLogAppender (GrpcLogAppender.java:increaseNextIndex(337)) - 746ad1cd-7733-4d67-8369-e04f45d32291@group-7934B631C69D->8fbffa03-1fc4-4a41-ac4c-0c93200d4489-GrpcLogAppender: updateNextIndex 203 for SNAPSHOT_INSTALLED
2023-06-17 00:47:59,944 [grpc-default-executor-3] INFO  server.GrpcLogAppender (GrpcLogAppender.java:onFollowerCatchup(479)) - 746ad1cd-7733-4d67-8369-e04f45d32291@group-7934B631C69D->8fbffa03-1fc4-4a41-ac4c-0c93200d4489-InstallSnapshotResponseHandler: Follower can catch up leader after install the snapshot, as leader's start index is 203
2023-06-17 00:47:59,984 [8fbffa03-1fc4-4a41-ac4c-0c93200d4489@group-7934B631C69D-StateMachineUpdater] INFO  ha.SCMHAManagerImpl (SCMHAManagerImpl.java:installCheckpoint(281)) - Installing checkpoint with SCMTransactionInfo 2#202
2023-06-17 00:47:59,994 [8fbffa03-1fc4-4a41-ac4c-0c93200d4489@group-7934B631C69D-StateMachineUpdater] INFO  ha.SCMHAManagerImpl (SCMHAManagerImpl.java:installCheckpoint(320)) - Replaced DB with checkpoint, term: 2, index: 202
2023-06-17 00:47:59,994 [8fbffa03-1fc4-4a41-ac4c-0c93200d4489@group-7934B631C69D-StateMachineUpdater] WARN  utils.HAUtils (HAUtils.java:getMetaDir(352)) - ozone.scm.db.dirs is not configured. We recommend adding this setting. Falling back to ozone.metadata.dirs instead.
2023-06-17 00:47:59,995 [8fbffa03-1fc4-4a41-ac4c-0c93200d4489@group-7934B631C69D-StateMachineUpdater] WARN  db.DBStoreBuilder (DBStoreBuilder.java:applyDBDefinition(165)) - ozone.scm.db.dirs is not configured. We recommend adding this setting. Falling back to ozone.metadata.dirs instead.
2023-06-17 00:48:00,035 [8fbffa03-1fc4-4a41-ac4c-0c93200d4489@group-7934B631C69D-StateMachineUpdater] INFO  ha.SequenceIdGenerator (SequenceIdGenerator.java:reinitialize(167)) - reinitialize SequenceIdGenerator.
2023-06-17 00:48:00,043 [8fbffa03-1fc4-4a41-ac4c-0c93200d4489@group-7934B631C69D-StateMachineUpdater] INFO  ha.SCMHAManagerImpl (SCMHAManagerImpl.java:installCheckpoint(335)) - Reloaded SCM state with Term: 2 and Index: 202
2023-06-17 00:48:00,047 [8fbffa03-1fc4-4a41-ac4c-0c93200d4489@group-7934B631C69D-StateMachineUpdater] INFO  symmetric.SecretKeyStateImpl (SecretKeyStateImpl.java:updateKeysInternal(113)) - Updating keys with [SecretKey(id = 6f09d060-30f4-4980-9a13-21b117799a9a, creation at: 2023-06-17T00:47:49.759Z, expire at: 2023-06-17T00:48:50.759Z), SecretKey(id = d2282791-1de8-41db-82d9-01f4c51e3fcb, creation at: 2023-06-17T00:47:19.712Z, expire at: 2023-06-17T00:48:20.712Z)]
2023-06-17 00:48:00,047 [8fbffa03-1fc4-4a41-ac4c-0c93200d4489@group-7934B631C69D-StateMachineUpdater] INFO  symmetric.SecretKeyStateImpl (SecretKeyStateImpl.java:updateKeysInternal(128)) - Current key updated SecretKey(id = 6f09d060-30f4-4980-9a13-21b117799a9a, creation at: 2023-06-17T00:47:49.759Z, expire at: 2023-06-17T00:48:50.759Z)
2023-06-17 00:48:00,050 [8fbffa03-1fc4-4a41-ac4c-0c93200d4489@group-7934B631C69D-StateMachineUpdater] INFO  symmetric.LocalSecretKeyStore (LocalSecretKeyStore.java:save(109)) - Saved [SecretKey(id = 6f09d060-30f4-4980-9a13-21b117799a9a, creation at: 2023-06-17T00:47:49.759Z, expire at: 2023-06-17T00:48:50.759Z), SecretKey(id = d2282791-1de8-41db-82d9-01f4c51e3fcb, creation at: 2023-06-17T00:47:19.712Z, expire at: 2023-06-17T00:48:20.712Z)] to file /home/runner/work/ozone/ozone/hadoop-ozone/integration-test/target/test-dir/MiniOzoneClusterImpl-a3d962f4-5b41-4a19-a1e3-7934b631c69d/scmNode-3/scm/keys/secret_keys.json
2023-06-17 00:48:00,050 [8fbffa03-1fc4-4a41-ac4c-0c93200d4489@group-7934B631C69D-StateMachineUpdater] INFO  impl.StateMachineUpdater (StateMachineUpdater.java:lambda$new$0(97)) - 8fbffa03-1fc4-4a41-ac4c-0c93200d4489@group-7934B631C69D-StateMachineUpdater: snapshotIndex: setUnconditionally -1 -> 202
2023-06-17 00:48:00,050 [8fbffa03-1fc4-4a41-ac4c-0c93200d4489@group-7934B631C69D-StateMachineUpdater] INFO  impl.StateMachineUpdater (StateMachineUpdater.java:lambda$new$0(97)) - 8fbffa03-1fc4-4a41-ac4c-0c93200d4489@group-7934B631C69D-StateMachineUpdater: appliedIndex: setUnconditionally -1 -> 202
2023-06-17 00:48:00,322 [Datanode State Machine Daemon Thread] ERROR datanode.RunningDatanodeState (RunningDatanodeState.java:computeNextContainerState(207)) - Error in executing end point task.
java.util.concurrent.ExecutionException: java.util.concurrent.TimeoutException
	at java.util.concurrent.FutureTask.report(FutureTask.java:122)
	at java.util.concurrent.FutureTask.get(FutureTask.java:192)
	at org.apache.hadoop.ozone.container.common.states.datanode.RunningDatanodeState.computeNextContainerState(RunningDatanodeState.java:199)
	at org.apache.hadoop.ozone.container.common.states.datanode.RunningDatanodeState.await(RunningDatanodeState.java:239)
	at org.apache.hadoop.ozone.container.common.states.datanode.RunningDatanodeState.await(RunningDatanodeState.java:50)
	at org.apache.hadoop.ozone.container.common.statemachine.StateContext.execute(StateContext.java:666)
	at org.apache.hadoop.ozone.container.common.statemachine.DatanodeStateMachine.startStateMachineThread(DatanodeStateMachine.java:334)
	at org.apache.hadoop.ozone.container.common.statemachine.DatanodeStateMachine.lambda$startDaemon$0(DatanodeStateMachine.java:532)
	at java.lang.Thread.run(Thread.java:750)
Caused by: java.util.concurrent.TimeoutException
	at java.util.concurrent.FutureTask.get(FutureTask.java:205)
	at org.apache.hadoop.ozone.container.common.states.datanode.RunningDatanodeState.lambda$execute$0(RunningDatanodeState.java:157)
	at java.util.concurrent.FutureTask.run(FutureTask.java:266)
	at java.util.concurrent.Executors$RunnableAdapter.call(Executors.java:511)
	at java.util.concurrent.FutureTask.run(FutureTask.java:266)
	at java.util.concurrent.ThreadPoolExecutor.runWorker(ThreadPoolExecutor.java:1149)
	at java.util.concurrent.ThreadPoolExecutor$Worker.run(ThreadPoolExecutor.java:624)
	... 1 more
2023-06-17 00:48:02,327 [Datanode State Machine Daemon Thread] ERROR datanode.RunningDatanodeState (RunningDatanodeState.java:computeNextContainerState(207)) - Error in executing end point task.
java.util.concurrent.ExecutionException: java.util.concurrent.TimeoutException
	at java.util.concurrent.FutureTask.report(FutureTask.java:122)
	at java.util.concurrent.FutureTask.get(FutureTask.java:192)
	at org.apache.hadoop.ozone.container.common.states.datanode.RunningDatanodeState.computeNextContainerState(RunningDatanodeState.java:199)
	at org.apache.hadoop.ozone.container.common.states.datanode.RunningDatanodeState.await(RunningDatanodeState.java:239)
	at org.apache.hadoop.ozone.container.common.states.datanode.RunningDatanodeState.await(RunningDatanodeState.java:50)
	at org.apache.hadoop.ozone.container.common.statemachine.StateContext.execute(StateContext.java:666)
	at org.apache.hadoop.ozone.container.common.statemachine.DatanodeStateMachine.startStateMachineThread(DatanodeStateMachine.java:334)
	at org.apache.hadoop.ozone.container.common.statemachine.DatanodeStateMachine.lambda$startDaemon$0(DatanodeStateMachine.java:532)
	at java.lang.Thread.run(Thread.java:750)
Caused by: java.util.concurrent.TimeoutException
	at java.util.concurrent.FutureTask.get(FutureTask.java:205)
	at org.apache.hadoop.ozone.container.common.states.datanode.RunningDatanodeState.lambda$execute$0(RunningDatanodeState.java:157)
	at java.util.concurrent.FutureTask.run(FutureTask.java:266)
	at java.util.concurrent.Executors$RunnableAdapter.call(Executors.java:511)
	at java.util.concurrent.FutureTask.run(FutureTask.java:266)
	at java.util.concurrent.ThreadPoolExecutor.runWorker(ThreadPoolExecutor.java:1149)
	at java.util.concurrent.ThreadPoolExecutor$Worker.run(ThreadPoolExecutor.java:624)
	... 1 more
2023-06-17 00:48:02,448 [1b2d6476-f033-43c5-b598-7121a6e75b28@group-7934B631C69D-FollowerState] INFO  server.RaftServerConfigKeys (ConfUtils.java:logFallback(53)) - raft.server.rpc.first-election.timeout.min = 5000ms (fallback to raft.server.rpc.timeout.min)
2023-06-17 00:48:02,448 [1b2d6476-f033-43c5-b598-7121a6e75b28@group-7934B631C69D-FollowerState] INFO  server.RaftServerConfigKeys (ConfUtils.java:logFallback(53)) - raft.server.rpc.first-election.timeout.max = 5200ms (fallback to raft.server.rpc.timeout.max)
2023-06-17 00:48:04,329 [Datanode State Machine Daemon Thread] ERROR datanode.RunningDatanodeState (RunningDatanodeState.java:computeNextContainerState(207)) - Error in executing end point task.
java.util.concurrent.ExecutionException: java.util.concurrent.TimeoutException
	at java.util.concurrent.FutureTask.report(FutureTask.java:122)
	at java.util.concurrent.FutureTask.get(FutureTask.java:192)
	at org.apache.hadoop.ozone.container.common.states.datanode.RunningDatanodeState.computeNextContainerState(RunningDatanodeState.java:199)
	at org.apache.hadoop.ozone.container.common.states.datanode.RunningDatanodeState.await(RunningDatanodeState.java:239)
	at org.apache.hadoop.ozone.container.common.states.datanode.RunningDatanodeState.await(RunningDatanodeState.java:50)
	at org.apache.hadoop.ozone.container.common.statemachine.StateContext.execute(StateContext.java:666)
	at org.apache.hadoop.ozone.container.common.statemachine.DatanodeStateMachine.startStateMachineThread(DatanodeStateMachine.java:334)
	at org.apache.hadoop.ozone.container.common.statemachine.DatanodeStateMachine.lambda$startDaemon$0(DatanodeStateMachine.java:532)
	at java.lang.Thread.run(Thread.java:750)
Caused by: java.util.concurrent.TimeoutException
	at java.util.concurrent.FutureTask.get(FutureTask.java:205)
	at org.apache.hadoop.ozone.container.common.states.datanode.RunningDatanodeState.lambda$execute$0(RunningDatanodeState.java:157)
	at java.util.concurrent.FutureTask.run(FutureTask.java:266)
	at java.util.concurrent.Executors$RunnableAdapter.call(Executors.java:511)
	at java.util.concurrent.FutureTask.run(FutureTask.java:266)
	at java.util.concurrent.ThreadPoolExecutor.runWorker(ThreadPoolExecutor.java:1149)
	at java.util.concurrent.ThreadPoolExecutor$Worker.run(ThreadPoolExecutor.java:624)
	... 1 more
2023-06-17 00:48:04,571 [746ad1cd-7733-4d67-8369-e04f45d32291@group-7934B631C69D-LeaderStateImpl] INFO  server.RaftServer$Division (ServerState.java:setRaftConf(434)) - 746ad1cd-7733-4d67-8369-e04f45d32291@group-7934B631C69D: set configuration 203: peers:[1b2d6476-f033-43c5-b598-7121a6e75b28|rpc:localhost:15011|priority:0|startupRole:FOLLOWER, 8fbffa03-1fc4-4a41-ac4c-0c93200d4489|rpc:localhost:15019|priority:0|startupRole:FOLLOWER, 746ad1cd-7733-4d67-8369-e04f45d32291|rpc:localhost:15003|admin:|client:|dataStream:|priority:0|startupRole:FOLLOWER]|listeners:[], old=peers:[1b2d6476-f033-43c5-b598-7121a6e75b28|rpc:localhost:15011|priority:0|startupRole:FOLLOWER, 746ad1cd-7733-4d67-8369-e04f45d32291|rpc:localhost:15003|admin:|client:|dataStream:|priority:0|startupRole:FOLLOWER]|listeners:[]
2023-06-17 00:48:04,574 [1b2d6476-f033-43c5-b598-7121a6e75b28-server-thread1] INFO  server.RaftServer$Division (ServerState.java:setRaftConf(434)) - 1b2d6476-f033-43c5-b598-7121a6e75b28@group-7934B631C69D: set configuration 203: peers:[1b2d6476-f033-43c5-b598-7121a6e75b28|rpc:localhost:15011|admin:|client:|dataStream:|priority:0|startupRole:FOLLOWER, 8fbffa03-1fc4-4a41-ac4c-0c93200d4489|rpc:localhost:15019|admin:|client:|dataStream:|priority:0|startupRole:FOLLOWER, 746ad1cd-7733-4d67-8369-e04f45d32291|rpc:localhost:15003|admin:|client:|dataStream:|priority:0|startupRole:FOLLOWER]|listeners:[], old=peers:[1b2d6476-f033-43c5-b598-7121a6e75b28|rpc:localhost:15011|admin:|client:|dataStream:|priority:0|startupRole:FOLLOWER, 746ad1cd-7733-4d67-8369-e04f45d32291|rpc:localhost:15003|admin:|client:|dataStream:|priority:0|startupRole:FOLLOWER]|listeners:[]
2023-06-17 00:48:04,575 [8fbffa03-1fc4-4a41-ac4c-0c93200d4489-server-thread2] INFO  server.RaftServer$Division (ServerState.java:setRaftConf(434)) - 8fbffa03-1fc4-4a41-ac4c-0c93200d4489@group-7934B631C69D: set configuration 203: peers:[1b2d6476-f033-43c5-b598-7121a6e75b28|rpc:localhost:15011|admin:|client:|dataStream:|priority:0|startupRole:FOLLOWER, 8fbffa03-1fc4-4a41-ac4c-0c93200d4489|rpc:localhost:15019|admin:|client:|dataStream:|priority:0|startupRole:FOLLOWER, 746ad1cd-7733-4d67-8369-e04f45d32291|rpc:localhost:15003|admin:|client:|dataStream:|priority:0|startupRole:FOLLOWER]|listeners:[], old=peers:[1b2d6476-f033-43c5-b598-7121a6e75b28|rpc:localhost:15011|admin:|client:|dataStream:|priority:0|startupRole:FOLLOWER, 746ad1cd-7733-4d67-8369-e04f45d32291|rpc:localhost:15003|admin:|client:|dataStream:|priority:0|startupRole:FOLLOWER]|listeners:[]
2023-06-17 00:48:04,577 [8fbffa03-1fc4-4a41-ac4c-0c93200d4489-server-thread2] INFO  segmented.SegmentedRaftLogWorker (SegmentedRaftLogWorker.java:startLogSegment(447)) - 8fbffa03-1fc4-4a41-ac4c-0c93200d4489@group-7934B631C69D-SegmentedRaftLogWorker: Starting segment from index:203
2023-06-17 00:48:04,577 [8fbffa03-1fc4-4a41-ac4c-0c93200d4489-server-thread2] INFO  server.RaftServer$Division (RaftServerImpl.java:appendEntriesAsync(1539)) -  FOLLOWER 8fbffa03-1fc4-4a41-ac4c-0c93200d4489@group-7934B631C69D:t2, leader=746ad1cd-7733-4d67-8369-e04f45d32291, voted=null, raftlog=Memoized:8fbffa03-1fc4-4a41-ac4c-0c93200d4489@group-7934B631C69D-SegmentedRaftLog:OPENED:c202, conf=203: peers:[1b2d6476-f033-43c5-b598-7121a6e75b28|rpc:localhost:15011|admin:|client:|dataStream:|priority:0|startupRole:FOLLOWER, 8fbffa03-1fc4-4a41-ac4c-0c93200d4489|rpc:localhost:15019|admin:|client:|dataStream:|priority:0|startupRole:FOLLOWER, 746ad1cd-7733-4d67-8369-e04f45d32291|rpc:localhost:15003|admin:|client:|dataStream:|priority:0|startupRole:FOLLOWER]|listeners:[], old=peers:[1b2d6476-f033-43c5-b598-7121a6e75b28|rpc:localhost:15011|admin:|client:|dataStream:|priority:0|startupRole:FOLLOWER, 746ad1cd-7733-4d67-8369-e04f45d32291|rpc:localhost:15003|admin:|client:|dataStream:|priority:0|startupRole:FOLLOWER]|listeners:[] RUNNING: Follower has completed install the snapshot 202.
2023-06-17 00:48:04,581 [746ad1cd-7733-4d67-8369-e04f45d32291@group-7934B631C69D-LeaderStateImpl] INFO  server.RaftServer$Division (ServerState.java:setRaftConf(434)) - 746ad1cd-7733-4d67-8369-e04f45d32291@group-7934B631C69D: set configuration 205: peers:[1b2d6476-f033-43c5-b598-7121a6e75b28|rpc:localhost:15011|priority:0|startupRole:FOLLOWER, 8fbffa03-1fc4-4a41-ac4c-0c93200d4489|rpc:localhost:15019|priority:0|startupRole:FOLLOWER, 746ad1cd-7733-4d67-8369-e04f45d32291|rpc:localhost:15003|admin:|client:|dataStream:|priority:0|startupRole:FOLLOWER]|listeners:[], old=null
2023-06-17 00:48:04,584 [8fbffa03-1fc4-4a41-ac4c-0c93200d4489-server-thread2] INFO  server.RaftServer$Division (ServerState.java:setRaftConf(434)) - 8fbffa03-1fc4-4a41-ac4c-0c93200d4489@group-7934B631C69D: set configuration 205: peers:[1b2d6476-f033-43c5-b598-7121a6e75b28|rpc:localhost:15011|admin:|client:|dataStream:|priority:0|startupRole:FOLLOWER, 8fbffa03-1fc4-4a41-ac4c-0c93200d4489|rpc:localhost:15019|admin:|client:|dataStream:|priority:0|startupRole:FOLLOWER, 746ad1cd-7733-4d67-8369-e04f45d32291|rpc:localhost:15003|admin:|client:|dataStream:|priority:0|startupRole:FOLLOWER]|listeners:[], old=null
2023-06-17 00:48:04,586 [1b2d6476-f033-43c5-b598-7121a6e75b28-server-thread1] INFO  server.RaftServer$Division (ServerState.java:setRaftConf(434)) - 1b2d6476-f033-43c5-b598-7121a6e75b28@group-7934B631C69D: set configuration 205: peers:[1b2d6476-f033-43c5-b598-7121a6e75b28|rpc:localhost:15011|admin:|client:|dataStream:|priority:0|startupRole:FOLLOWER, 8fbffa03-1fc4-4a41-ac4c-0c93200d4489|rpc:localhost:15019|admin:|client:|dataStream:|priority:0|startupRole:FOLLOWER, 746ad1cd-7733-4d67-8369-e04f45d32291|rpc:localhost:15003|admin:|client:|dataStream:|priority:0|startupRole:FOLLOWER]|listeners:[], old=null
2023-06-17 00:48:04,591 [IPC Server handler 7 on default port 15007] INFO  ha.SCMRatisServerImpl (SCMRatisServerImpl.java:addSCM(327)) - Successfully added new SCM: 8fbffa03-1fc4-4a41-ac4c-0c93200d4489.
2023-06-17 00:48:04,596 [main] INFO  ha.SCMHAManagerImpl (SCMHAManagerImpl.java:start(135)) - Successfully added SCM scmNode-3 to group group-7934B631C69D:[1b2d6476-f033-43c5-b598-7121a6e75b28|rpc:localhost:15011|admin:|client:|dataStream:|priority:0|startupRole:FOLLOWER, 8fbffa03-1fc4-4a41-ac4c-0c93200d4489|rpc:localhost:15019|admin:|client:|dataStream:|priority:0|startupRole:FOLLOWER, 746ad1cd-7733-4d67-8369-e04f45d32291|rpc:localhost:15003|admin:|client:|dataStream:|priority:0|startupRole:FOLLOWER]
2023-06-17 00:48:04,602 [main] INFO  ha.InterSCMGrpcService (InterSCMGrpcProtocolService.java:start(95)) - Starting SCM Grpc Service at port 15022
2023-06-17 00:48:04,602 [8fbffa03-1fc4-4a41-ac4c-0c93200d4489@group-7934B631C69D-SegmentedRaftLogWorker] INFO  segmented.SegmentedRaftLogWorker (SegmentedRaftLogWorker.java:execute(651)) - 8fbffa03-1fc4-4a41-ac4c-0c93200d4489@group-7934B631C69D-SegmentedRaftLogWorker: created new log segment /home/runner/work/ozone/ozone/hadoop-ozone/integration-test/target/test-dir/MiniOzoneClusterImpl-a3d962f4-5b41-4a19-a1e3-7934b631c69d/scmNode-3/scm-ha/a3d962f4-5b41-4a19-a1e3-7934b631c69d/current/log_inprogress_203
2023-06-17 00:48:04,606 [main] INFO  SCMHATransactionMonitor (BackgroundSCMService.java:start(68)) - Starting SCMHATransactionMonitor Service.
2023-06-17 00:48:04,607 [main] INFO  ha.SCMServiceManager (SCMServiceManager.java:register(42)) - Registering service SCMHATransactionMonitor.
2023-06-17 00:48:04,607 [main] INFO  SCMHATransactionMonitor (BackgroundSCMService.java:start(65)) - SCMHATransactionMonitor Service is already running, skip start.
2023-06-17 00:48:04,607 [main] INFO  impl.MetricsSystemImpl (MetricsSystemImpl.java:init(158)) - StorageContainerManager metrics system started (again)
2023-06-17 00:48:04,617 [8fbffa03-1fc4-4a41-ac4c-0c93200d4489@group-7934B631C69D-StateMachineUpdater] INFO  safemode.HealthyPipelineSafeModeRule (HealthyPipelineSafeModeRule.java:initializeRule(165)) - Refreshed total pipeline count is 0, healthy pipeline threshold count is 0
2023-06-17 00:48:04,619 [8fbffa03-1fc4-4a41-ac4c-0c93200d4489@group-7934B631C69D-StateMachineUpdater] INFO  safemode.ContainerSafeModeRule (ContainerSafeModeRule.java:reInitializeRule(177)) - Refreshed one replica container threshold 0, currentThreshold 0
2023-06-17 00:48:04,619 [8fbffa03-1fc4-4a41-ac4c-0c93200d4489@group-7934B631C69D-StateMachineUpdater] INFO  safemode.OneReplicaPipelineSafeModeRule (OneReplicaPipelineSafeModeRule.java:initializeRule(176)) - Refreshed Total pipeline count is 0, pipeline's with at least one datanode reported threshold count is 0
2023-06-17 00:48:04,619 [8fbffa03-1fc4-4a41-ac4c-0c93200d4489@group-7934B631C69D-StateMachineUpdater] INFO  server.SCMDatanodeProtocolServer (SCMDatanodeProtocolServer.java:start(193)) - ScmDatanodeProtocol RPC server for DataNodes is listening at /0.0.0.0:15020
2023-06-17 00:48:04,623 [IPC Server listener on 15020] INFO  ipc.Server (Server.java:run(1398)) - IPC Server listener on 15020: starting
2023-06-17 00:48:04,626 [IPC Server Responder] INFO  ipc.Server (Server.java:run(1558)) - IPC Server Responder: starting
2023-06-17 00:48:04,636 [main] INFO  server.SCMClientProtocolServer (SCMClientProtocolServer.java:start(201)) - RPC server for Client  is listening at /0.0.0.0:15021
2023-06-17 00:48:04,637 [IPC Server Responder] INFO  ipc.Server (Server.java:run(1558)) - IPC Server Responder: starting
2023-06-17 00:48:04,637 [IPC Server listener on 15021] INFO  ipc.Server (Server.java:run(1398)) - IPC Server listener on 15021: starting
2023-06-17 00:48:04,644 [Socket Reader #1 for port 15020] INFO  ipc.Server (Server.java:saslProcess(2116)) - Auth successful for scm/fv-az275-58.go2hi5et44qedpdz5zrtt3gknc.xx.internal.cloudapp.net@EXAMPLE.COM (auth:KERBEROS) from 10.1.0.235:44697
2023-06-17 00:48:04,647 [main] INFO  server.StorageContainerManager (StorageContainerManager.java:start(1496)) - ScmBlockLocationProtocol RPC server is listening at /0.0.0.0:15023
2023-06-17 00:48:04,647 [main] INFO  server.SCMBlockProtocolServer (SCMBlockProtocolServer.java:start(152)) - RPC server for Block Protocol is listening at /0.0.0.0:15023
2023-06-17 00:48:04,649 [IPC Server Responder] INFO  ipc.Server (Server.java:run(1558)) - IPC Server Responder: starting
2023-06-17 00:48:04,649 [IPC Server listener on 15023] INFO  ipc.Server (Server.java:run(1398)) - IPC Server listener on 15023: starting
2023-06-17 00:48:04,658 [main] INFO  server.SCMSecurityProtocolServer (SCMSecurityProtocolServer.java:start(465)) - Starting RPC server for SCMSecurityProtocolServer. is listening at /0.0.0.0:15018
2023-06-17 00:48:04,658 [IPC Server Responder] INFO  ipc.Server (Server.java:run(1558)) - IPC Server Responder: starting
2023-06-17 00:48:04,659 [IPC Server listener on 15018] INFO  ipc.Server (Server.java:run(1398)) - IPC Server listener on 15018: starting
2023-06-17 00:48:04,659 [main] INFO  server.SCMUpdateServiceGrpcServer (SCMUpdateServiceGrpcServer.java:start(58)) - SCMUpdateService starting
2023-06-17 00:48:04,691 [main] INFO  ha.SCMNodeInfo (SCMNodeInfo.java:getPort(197)) - ConfigKey ozone.scm.client.address is deprecated, For configuring different ports for each SCM use PortConfigKey ozone.scm.client.port appended with serviceId and nodeId
2023-06-17 00:48:04,691 [main] INFO  ha.SCMNodeInfo (SCMNodeInfo.java:getPort(197)) - ConfigKey ozone.scm.block.client.address is deprecated, For configuring different ports for each SCM use PortConfigKey ozone.scm.block.client.port appended with serviceId and nodeId
2023-06-17 00:48:04,691 [main] INFO  ha.SCMNodeInfo (SCMNodeInfo.java:getPort(197)) - ConfigKey ozone.scm.security.service.address is deprecated, For configuring different ports for each SCM use PortConfigKey ozone.scm.security.service.port appended with serviceId and nodeId
2023-06-17 00:48:04,691 [main] INFO  ha.SCMNodeInfo (SCMNodeInfo.java:getPort(197)) - ConfigKey ozone.scm.datanode.address is deprecated, For configuring different ports for each SCM use PortConfigKey ozone.scm.datanode.port appended with serviceId and nodeId
2023-06-17 00:48:04,691 [main] INFO  ha.SCMNodeInfo (SCMNodeInfo.java:getPort(197)) - ConfigKey ozone.scm.client.address is deprecated, For configuring different ports for each SCM use PortConfigKey ozone.scm.client.port appended with serviceId and nodeId
2023-06-17 00:48:04,692 [main] INFO  ha.SCMNodeInfo (SCMNodeInfo.java:getPort(197)) - ConfigKey ozone.scm.block.client.address is deprecated, For configuring different ports for each SCM use PortConfigKey ozone.scm.block.client.port appended with serviceId and nodeId
2023-06-17 00:48:04,692 [main] INFO  ha.SCMNodeInfo (SCMNodeInfo.java:getPort(197)) - ConfigKey ozone.scm.security.service.address is deprecated, For configuring different ports for each SCM use PortConfigKey ozone.scm.security.service.port appended with serviceId and nodeId
2023-06-17 00:48:04,692 [main] INFO  ha.SCMNodeInfo (SCMNodeInfo.java:getPort(197)) - ConfigKey ozone.scm.datanode.address is deprecated, For configuring different ports for each SCM use PortConfigKey ozone.scm.datanode.port appended with serviceId and nodeId
2023-06-17 00:48:04,692 [main] INFO  ha.SCMNodeInfo (SCMNodeInfo.java:getPort(197)) - ConfigKey ozone.scm.client.address is deprecated, For configuring different ports for each SCM use PortConfigKey ozone.scm.client.port appended with serviceId and nodeId
2023-06-17 00:48:04,692 [main] INFO  ha.SCMNodeInfo (SCMNodeInfo.java:getPort(197)) - ConfigKey ozone.scm.block.client.address is deprecated, For configuring different ports for each SCM use PortConfigKey ozone.scm.block.client.port appended with serviceId and nodeId
2023-06-17 00:48:04,692 [main] INFO  ha.SCMNodeInfo (SCMNodeInfo.java:getPort(197)) - ConfigKey ozone.scm.security.service.address is deprecated, For configuring different ports for each SCM use PortConfigKey ozone.scm.security.service.port appended with serviceId and nodeId
2023-06-17 00:48:04,692 [main] INFO  ha.SCMNodeInfo (SCMNodeInfo.java:getPort(197)) - ConfigKey ozone.scm.datanode.address is deprecated, For configuring different ports for each SCM use PortConfigKey ozone.scm.datanode.port appended with serviceId and nodeId
2023-06-17 00:48:04,710 [EndpointStateMachine task thread for /127.0.0.1:15020 - 0 ] INFO  ozoneimpl.OzoneContainer (OzoneContainer.java:start(407)) - Ignore. OzoneContainer already started.
2023-06-17 00:48:04,711 [Socket Reader #1 for port 15002] INFO  ipc.Server (Server.java:saslProcess(2116)) - Auth successful for scm/fv-az275-58.go2hi5et44qedpdz5zrtt3gknc.xx.internal.cloudapp.net@EXAMPLE.COM (auth:KERBEROS) from 10.1.0.235:44319
2023-06-17 00:48:04,731 [main] INFO  security.RootCARotationManager (RootCARotationManager.java:start(135)) - Monitor task for root certificate 1 is started with interval PT24H.
2023-06-17 00:48:04,733 [main] INFO  http.BaseHttpServer (BaseHttpServer.java:newHttpServer2BuilderForOzone(224)) - Starting Web-server for scm at: http://0.0.0.0:15016
2023-06-17 00:48:04,733 [main] INFO  http.BaseHttpServer (BaseHttpServer.java:<init>(111)) - Hadoop Security Enabled: true Ozone Security Enabled: true Ozone HTTP Security Enabled: false 
2023-06-17 00:48:04,735 [main] WARN  server.AuthenticationFilter (AuthenticationFilter.java:constructSecretProvider(240)) - Unable to initialize FileSignerSecretProvider, falling back to use random secrets. Reason: Could not read signature secret file: /home/runner/hadoop-http-auth-signature-secret
2023-06-17 00:48:04,736 [main] INFO  http.HttpRequestLog (HttpRequestLog.java:getRequestLog(86)) - Http request log for http.requests.scm is not defined
2023-06-17 00:48:04,738 [main] INFO  http.HttpServer2 (HttpServer2.java:addGlobalFilter(1031)) - Added global filter 'safety' (class=org.apache.hadoop.hdds.server.http.HttpServer2$QuotingInputFilter)
2023-06-17 00:48:04,739 [main] INFO  http.HttpServer2 (HttpServer2.java:addFilter(1007)) - Added filter static_user_filter (class=org.apache.hadoop.http.lib.StaticUserWebFilter$StaticUserFilter) to context scm
2023-06-17 00:48:04,739 [main] INFO  http.HttpServer2 (HttpServer2.java:addFilter(1015)) - Added filter static_user_filter (class=org.apache.hadoop.http.lib.StaticUserWebFilter$StaticUserFilter) to context static
2023-06-17 00:48:04,740 [main] INFO  http.HttpServer2 (HttpServer2.java:addFilter(1015)) - Added filter static_user_filter (class=org.apache.hadoop.http.lib.StaticUserWebFilter$StaticUserFilter) to context logs
2023-06-17 00:48:04,740 [main] INFO  http.BaseHttpServer (BaseHttpServer.java:<init>(190)) - HTTP server of scm uses base directory /home/runner/work/ozone/ozone/hadoop-ozone/integration-test/target/test-dir/MiniOzoneClusterImpl-a3d962f4-5b41-4a19-a1e3-7934b631c69d/scmNode-3/webserver
2023-06-17 00:48:04,741 [main] INFO  http.HttpServer2 (HttpServer2.java:bindListener(1250)) - Jetty bound to port 15016
2023-06-17 00:48:04,741 [main] INFO  server.Server (Server.java:doStart(375)) - jetty-9.4.51.v20230217; built: 2023-02-17T08:19:37.309Z; git: b45c405e4544384de066f814ed42ae3dceacdd49; jvm 1.8.0_372-b07
2023-06-17 00:48:04,745 [main] INFO  server.session (DefaultSessionIdManager.java:doStart(334)) - DefaultSessionIdManager workerName=node0
2023-06-17 00:48:04,746 [main] INFO  server.session (DefaultSessionIdManager.java:doStart(339)) - No SessionScavenger set, using defaults
2023-06-17 00:48:04,746 [main] INFO  server.session (HouseKeeper.java:startScavenging(132)) - node0 Scavenging every 660000ms
2023-06-17 00:48:04,747 [8fbffa03-1fc4-4a41-ac4c-0c93200d4489@group-7934B631C69D-FollowerState] INFO  server.RaftServerConfigKeys (ConfUtils.java:logFallback(53)) - raft.server.rpc.first-election.timeout.min = 5000ms (fallback to raft.server.rpc.timeout.min)
2023-06-17 00:48:04,747 [8fbffa03-1fc4-4a41-ac4c-0c93200d4489@group-7934B631C69D-FollowerState] INFO  server.RaftServerConfigKeys (ConfUtils.java:logFallback(53)) - raft.server.rpc.first-election.timeout.max = 5200ms (fallback to raft.server.rpc.timeout.max)
2023-06-17 00:48:04,748 [main] INFO  handler.ContextHandler (ContextHandler.java:doStart(921)) - Started o.e.j.s.ServletContextHandler@2e00fc16{logs,/logs,file:///home/runner/work/ozone/ozone/hadoop-ozone/integration-test/target/log,AVAILABLE}
2023-06-17 00:48:04,749 [main] INFO  handler.ContextHandler (ContextHandler.java:doStart(921)) - Started o.e.j.s.ServletContextHandler@700ab3db{static,/static,file:///home/runner/work/ozone/ozone/hadoop-ozone/integration-test/target/test-classes/webapps/static,AVAILABLE}
2023-06-17 00:48:04,758 [main] INFO  handler.ContextHandler (ContextHandler.java:doStart(921)) - Started o.e.j.w.WebAppContext@1917be91{scm,/,file:///home/runner/work/ozone/ozone/hadoop-ozone/integration-test/target/test-classes/webapps/scm/,AVAILABLE}{file:/home/runner/work/ozone/ozone/hadoop-ozone/integration-test/target/test-classes/webapps/scm}
2023-06-17 00:48:04,761 [main] INFO  server.AbstractConnector (AbstractConnector.java:doStart(333)) - Started ServerConnector@64e68150{HTTP/1.1, (http/1.1)}{0.0.0.0:15016}
2023-06-17 00:48:04,761 [main] INFO  server.Server (Server.java:doStart(415)) - Started @64350ms
2023-06-17 00:48:04,761 [main] WARN  impl.MetricsSystemImpl (MetricsSystemImpl.java:register(279)) - Sink prometheus already exists!
2023-06-17 00:48:04,762 [main] INFO  http.BaseHttpServer (BaseHttpServer.java:updateConnectorAddress(344)) - HTTP server of scm listening at http://0.0.0.0:15016
2023-06-17 00:48:04,765 [main] INFO  scm.TestSecretKeySnapshot (TestSecretKeySnapshot.java:testInstallSnapshot(252)) - Follower secret keys after snapshot: [SecretKey(id = 6f09d060-30f4-4980-9a13-21b117799a9a, creation at: 2023-06-17T00:47:49.759Z, expire at: 2023-06-17T00:48:50.759Z), SecretKey(id = d2282791-1de8-41db-82d9-01f4c51e3fcb, creation at: 2023-06-17T00:47:19.712Z, expire at: 2023-06-17T00:48:20.712Z)]
2023-06-17 00:48:05,336 [IPC Server handler 2 on default port 15020] INFO  net.NetworkTopologyImpl (NetworkTopologyImpl.java:add(112)) - Added a new node: /default-rack/b906f068-6630-4fe8-91f5-8d80c31a04ef
2023-06-17 00:48:05,336 [IPC Server handler 2 on default port 15020] INFO  node.SCMNodeManager (SCMNodeManager.java:register(407)) - Registered Data node : b906f068-6630-4fe8-91f5-8d80c31a04ef{ip: 10.1.0.235, host: fv-az275-58.go2hi5et44qedpdz5zrtt3gknc.xx.internal.cloudapp.net, ports: [HTTP=15041, CLIENT_RPC=15042, REPLICATION=15048, RATIS=15044, RATIS_ADMIN=15045, RATIS_SERVER=15046, RATIS_DATASTREAM=15047, STANDALONE=15043], networkLocation: /default-rack, certSerialId: 1877010553597, persistedOpState: null, persistedOpStateExpiryEpochSec: 0}
2023-06-17 00:48:05,340 [EventQueue-NodeRegistrationContainerReportForDataNodeSafeModeRule] INFO  safemode.SCMSafeModeManager (DataNodeSafeModeRule.java:process(71)) - SCM in safe mode. 1 DataNodes registered, 1 required.
2023-06-17 00:48:05,340 [EventQueue-NodeRegistrationContainerReportForDataNodeSafeModeRule] INFO  safemode.SCMSafeModeManager (SCMSafeModeManager.java:validateSafeModeExitRules(200)) - DataNodeSafeModeRule rule is successfully validated
2023-06-17 00:48:05,340 [EventQueue-NodeRegistrationContainerReportForDataNodeSafeModeRule] INFO  safemode.SCMSafeModeManager (SCMSafeModeManager.java:completePreCheck(229)) - All SCM safe mode pre check rules have passed
2023-06-17 00:48:05,340 [EventQueue-NodeRegistrationContainerReportForDataNodeSafeModeRule] INFO  ha.SCMContext (SCMContext.java:updateSafeModeStatus(228)) - Update SafeModeStatus from SafeModeStatus{safeModeStatus=true, preCheckPassed=false} to SafeModeStatus{safeModeStatus=true, preCheckPassed=true}.
2023-06-17 00:48:05,350 [EventQueue-NodeRegistrationContainerReportForDataNodeSafeModeRule] INFO  pipeline.BackgroundPipelineCreator (BackgroundPipelineCreator.java:notifyEventTriggered(269)) - ignore, not leader SCM.
2023-06-17 00:48:05,351 [EventQueue-NewNodeForNewNodeHandler] INFO  pipeline.BackgroundPipelineCreator (BackgroundPipelineCreator.java:notifyEventTriggered(269)) - ignore, not leader SCM.
2023-06-17 00:48:05,354 [EventQueue-NodeRegistrationContainerReportForContainerSafeModeRule] INFO  safemode.SCMSafeModeManager (SCMSafeModeManager.java:validateSafeModeExitRules(200)) - ContainerSafeModeRule rule is successfully validated
2023-06-17 00:48:05,356 [EventQueue-PipelineReportForOneReplicaPipelineSafeModeRule] INFO  safemode.SCMSafeModeManager (SCMSafeModeManager.java:validateSafeModeExitRules(200)) - AtleastOneDatanodeReportedRule rule is successfully validated
2023-06-17 00:48:05,356 [EventQueue-OpenPipelineForHealthyPipelineSafeModeRule] INFO  safemode.SCMSafeModeManager (SCMSafeModeManager.java:validateSafeModeExitRules(200)) - HealthyPipelineSafeModeRule rule is successfully validated
2023-06-17 00:48:05,356 [EventQueue-OpenPipelineForHealthyPipelineSafeModeRule] INFO  safemode.SCMSafeModeManager (SCMSafeModeManager.java:validateSafeModeExitRules(215)) - ScmSafeModeManager, all rules are successfully validated
2023-06-17 00:48:05,356 [EventQueue-OpenPipelineForHealthyPipelineSafeModeRule] INFO  safemode.SCMSafeModeManager (SCMSafeModeManager.java:exitSafeMode(244)) - SCM exiting safe mode.
2023-06-17 00:48:05,356 [EventQueue-OpenPipelineForHealthyPipelineSafeModeRule] INFO  ha.SCMContext (SCMContext.java:updateSafeModeStatus(228)) - Update SafeModeStatus from SafeModeStatus{safeModeStatus=true, preCheckPassed=true} to SafeModeStatus{safeModeStatus=false, preCheckPassed=true}.
2023-06-17 00:48:07,597 [1b2d6476-f033-43c5-b598-7121a6e75b28@group-7934B631C69D-FollowerState] INFO  server.RaftServerConfigKeys (ConfUtils.java:logFallback(53)) - raft.server.rpc.first-election.timeout.min = 5000ms (fallback to raft.server.rpc.timeout.min)
2023-06-17 00:48:07,597 [1b2d6476-f033-43c5-b598-7121a6e75b28@group-7934B631C69D-FollowerState] INFO  server.RaftServerConfigKeys (ConfUtils.java:logFallback(53)) - raft.server.rpc.first-election.timeout.max = 5200ms (fallback to raft.server.rpc.timeout.max)
2023-06-17 00:48:09,940 [8fbffa03-1fc4-4a41-ac4c-0c93200d4489@group-7934B631C69D-FollowerState] INFO  server.RaftServerConfigKeys (ConfUtils.java:logFallback(53)) - raft.server.rpc.first-election.timeout.min = 5000ms (fallback to raft.server.rpc.timeout.min)
2023-06-17 00:48:09,940 [8fbffa03-1fc4-4a41-ac4c-0c93200d4489@group-7934B631C69D-FollowerState] INFO  server.RaftServerConfigKeys (ConfUtils.java:logFallback(53)) - raft.server.rpc.first-election.timeout.max = 5200ms (fallback to raft.server.rpc.timeout.max)
2023-06-17 00:48:12,787 [1b2d6476-f033-43c5-b598-7121a6e75b28@group-7934B631C69D-FollowerState] INFO  server.RaftServerConfigKeys (ConfUtils.java:logFallback(53)) - raft.server.rpc.first-election.timeout.min = 5000ms (fallback to raft.server.rpc.timeout.min)
2023-06-17 00:48:12,787 [1b2d6476-f033-43c5-b598-7121a6e75b28@group-7934B631C69D-FollowerState] INFO  server.RaftServerConfigKeys (ConfUtils.java:logFallback(53)) - raft.server.rpc.first-election.timeout.max = 5200ms (fallback to raft.server.rpc.timeout.max)
2023-06-17 00:48:15,123 [8fbffa03-1fc4-4a41-ac4c-0c93200d4489@group-7934B631C69D-FollowerState] INFO  server.RaftServerConfigKeys (ConfUtils.java:logFallback(53)) - raft.server.rpc.first-election.timeout.min = 5000ms (fallback to raft.server.rpc.timeout.min)
2023-06-17 00:48:15,123 [8fbffa03-1fc4-4a41-ac4c-0c93200d4489@group-7934B631C69D-FollowerState] INFO  server.RaftServerConfigKeys (ConfUtils.java:logFallback(53)) - raft.server.rpc.first-election.timeout.max = 5200ms (fallback to raft.server.rpc.timeout.max)
2023-06-17 00:48:17,981 [1b2d6476-f033-43c5-b598-7121a6e75b28@group-7934B631C69D-FollowerState] INFO  server.RaftServerConfigKeys (ConfUtils.java:logFallback(53)) - raft.server.rpc.first-election.timeout.min = 5000ms (fallback to raft.server.rpc.timeout.min)
2023-06-17 00:48:17,981 [1b2d6476-f033-43c5-b598-7121a6e75b28@group-7934B631C69D-FollowerState] INFO  server.RaftServerConfigKeys (ConfUtils.java:logFallback(53)) - raft.server.rpc.first-election.timeout.max = 5200ms (fallback to raft.server.rpc.timeout.max)
2023-06-17 00:48:19,759 [SecretKeyManagerService] INFO  symmetric.SecretKeyManager (SecretKeyManager.java:checkAndRotate(124)) - SecretKey rotation is happening, new key generated SecretKey(id = 392168e8-bac7-4c57-a617-bfde58a791db, creation at: 2023-06-17T00:48:19.759Z, expire at: 2023-06-17T00:49:20.759Z)
2023-06-17 00:48:19,765 [746ad1cd-7733-4d67-8369-e04f45d32291@group-7934B631C69D-StateMachineUpdater] INFO  symmetric.SecretKeyStateImpl (SecretKeyStateImpl.java:updateKeysInternal(113)) - Updating keys with [SecretKey(id = 6f09d060-30f4-4980-9a13-21b117799a9a, creation at: 2023-06-17T00:47:49.759Z, expire at: 2023-06-17T00:48:50.759Z), SecretKey(id = d2282791-1de8-41db-82d9-01f4c51e3fcb, creation at: 2023-06-17T00:47:19.712Z, expire at: 2023-06-17T00:48:20.712Z), SecretKey(id = 392168e8-bac7-4c57-a617-bfde58a791db, creation at: 2023-06-17T00:48:19.759Z, expire at: 2023-06-17T00:49:20.759Z)]
2023-06-17 00:48:19,766 [746ad1cd-7733-4d67-8369-e04f45d32291@group-7934B631C69D-StateMachineUpdater] INFO  symmetric.SecretKeyStateImpl (SecretKeyStateImpl.java:updateKeysInternal(128)) - Current key updated SecretKey(id = 392168e8-bac7-4c57-a617-bfde58a791db, creation at: 2023-06-17T00:48:19.759Z, expire at: 2023-06-17T00:49:20.759Z)
2023-06-17 00:48:19,766 [746ad1cd-7733-4d67-8369-e04f45d32291@group-7934B631C69D-StateMachineUpdater] INFO  symmetric.LocalSecretKeyStore (LocalSecretKeyStore.java:save(109)) - Saved [SecretKey(id = 392168e8-bac7-4c57-a617-bfde58a791db, creation at: 2023-06-17T00:48:19.759Z, expire at: 2023-06-17T00:49:20.759Z), SecretKey(id = 6f09d060-30f4-4980-9a13-21b117799a9a, creation at: 2023-06-17T00:47:49.759Z, expire at: 2023-06-17T00:48:50.759Z), SecretKey(id = d2282791-1de8-41db-82d9-01f4c51e3fcb, creation at: 2023-06-17T00:47:19.712Z, expire at: 2023-06-17T00:48:20.712Z)] to file /home/runner/work/ozone/ozone/hadoop-ozone/integration-test/target/test-dir/MiniOzoneClusterImpl-a3d962f4-5b41-4a19-a1e3-7934b631c69d/scmNode-1/scm/keys/secret_keys.json
2023-06-17 00:48:19,774 [1b2d6476-f033-43c5-b598-7121a6e75b28@group-7934B631C69D-StateMachineUpdater] INFO  symmetric.SecretKeyStateImpl (SecretKeyStateImpl.java:updateKeysInternal(113)) - Updating keys with [SecretKey(id = 6f09d060-30f4-4980-9a13-21b117799a9a, creation at: 2023-06-17T00:47:49.759Z, expire at: 2023-06-17T00:48:50.759Z), SecretKey(id = d2282791-1de8-41db-82d9-01f4c51e3fcb, creation at: 2023-06-17T00:47:19.712Z, expire at: 2023-06-17T00:48:20.712Z), SecretKey(id = 392168e8-bac7-4c57-a617-bfde58a791db, creation at: 2023-06-17T00:48:19.759Z, expire at: 2023-06-17T00:49:20.759Z)]
2023-06-17 00:48:19,777 [1b2d6476-f033-43c5-b598-7121a6e75b28@group-7934B631C69D-StateMachineUpdater] INFO  symmetric.SecretKeyStateImpl (SecretKeyStateImpl.java:updateKeysInternal(128)) - Current key updated SecretKey(id = 392168e8-bac7-4c57-a617-bfde58a791db, creation at: 2023-06-17T00:48:19.759Z, expire at: 2023-06-17T00:49:20.759Z)
2023-06-17 00:48:19,774 [8fbffa03-1fc4-4a41-ac4c-0c93200d4489@group-7934B631C69D-StateMachineUpdater] INFO  symmetric.SecretKeyStateImpl (SecretKeyStateImpl.java:updateKeysInternal(113)) - Updating keys with [SecretKey(id = 6f09d060-30f4-4980-9a13-21b117799a9a, creation at: 2023-06-17T00:47:49.759Z, expire at: 2023-06-17T00:48:50.759Z), SecretKey(id = d2282791-1de8-41db-82d9-01f4c51e3fcb, creation at: 2023-06-17T00:47:19.712Z, expire at: 2023-06-17T00:48:20.712Z), SecretKey(id = 392168e8-bac7-4c57-a617-bfde58a791db, creation at: 2023-06-17T00:48:19.759Z, expire at: 2023-06-17T00:49:20.759Z)]
2023-06-17 00:48:19,779 [8fbffa03-1fc4-4a41-ac4c-0c93200d4489@group-7934B631C69D-StateMachineUpdater] INFO  symmetric.SecretKeyStateImpl (SecretKeyStateImpl.java:updateKeysInternal(128)) - Current key updated SecretKey(id = 392168e8-bac7-4c57-a617-bfde58a791db, creation at: 2023-06-17T00:48:19.759Z, expire at: 2023-06-17T00:49:20.759Z)
2023-06-17 00:48:19,778 [1b2d6476-f033-43c5-b598-7121a6e75b28@group-7934B631C69D-StateMachineUpdater] INFO  symmetric.LocalSecretKeyStore (LocalSecretKeyStore.java:save(109)) - Saved [SecretKey(id = 392168e8-bac7-4c57-a617-bfde58a791db, creation at: 2023-06-17T00:48:19.759Z, expire at: 2023-06-17T00:49:20.759Z), SecretKey(id = 6f09d060-30f4-4980-9a13-21b117799a9a, creation at: 2023-06-17T00:47:49.759Z, expire at: 2023-06-17T00:48:50.759Z), SecretKey(id = d2282791-1de8-41db-82d9-01f4c51e3fcb, creation at: 2023-06-17T00:47:19.712Z, expire at: 2023-06-17T00:48:20.712Z)] to file /home/runner/work/ozone/ozone/hadoop-ozone/integration-test/target/test-dir/MiniOzoneClusterImpl-a3d962f4-5b41-4a19-a1e3-7934b631c69d/scmNode-2/scm/keys/secret_keys.json
2023-06-17 00:48:19,782 [8fbffa03-1fc4-4a41-ac4c-0c93200d4489@group-7934B631C69D-StateMachineUpdater] INFO  symmetric.LocalSecretKeyStore (LocalSecretKeyStore.java:save(109)) - Saved [SecretKey(id = 392168e8-bac7-4c57-a617-bfde58a791db, creation at: 2023-06-17T00:48:19.759Z, expire at: 2023-06-17T00:49:20.759Z), SecretKey(id = 6f09d060-30f4-4980-9a13-21b117799a9a, creation at: 2023-06-17T00:47:49.759Z, expire at: 2023-06-17T00:48:50.759Z), SecretKey(id = d2282791-1de8-41db-82d9-01f4c51e3fcb, creation at: 2023-06-17T00:47:19.712Z, expire at: 2023-06-17T00:48:20.712Z)] to file /home/runner/work/ozone/ozone/hadoop-ozone/integration-test/target/test-dir/MiniOzoneClusterImpl-a3d962f4-5b41-4a19-a1e3-7934b631c69d/scmNode-3/scm/keys/secret_keys.json
2023-06-17 00:48:19,784 [main] INFO  impl.DefaultInternalKdcServerImpl (DefaultInternalKdcServerImpl.java:doStop(102)) - Default Internal kdc server stopped.
2023-06-17 00:48:20,226 [8fbffa03-1fc4-4a41-ac4c-0c93200d4489@group-7934B631C69D-FollowerState] INFO  server.RaftServerConfigKeys (ConfUtils.java:logFallback(53)) - raft.server.rpc.first-election.timeout.min = 5000ms (fallback to raft.server.rpc.timeout.min)
2023-06-17 00:48:20,228 [8fbffa03-1fc4-4a41-ac4c-0c93200d4489@group-7934B631C69D-FollowerState] INFO  server.RaftServerConfigKeys (ConfUtils.java:logFallback(53)) - raft.server.rpc.first-election.timeout.max = 5200ms (fallback to raft.server.rpc.timeout.max)
2023-06-17 00:48:20,721 [Socket Reader #1 for port 15002] INFO  ipc.Server (Server.java:saslProcess(2116)) - Auth successful for scm/fv-az275-58.go2hi5et44qedpdz5zrtt3gknc.xx.internal.cloudapp.net@EXAMPLE.COM (auth:KERBEROS) from 10.1.0.235:42401
2023-06-17 00:48:20,736 [SecretKeyPoller] INFO  symmetric.DefaultSecretKeySignerClient (DefaultSecretKeySignerClient.java:checkAndRefresh(122)) - New secret key fetched from SCM: SecretKey(id = 392168e8-bac7-4c57-a617-bfde58a791db, creation at: 2023-06-17T00:48:19.759Z, expire at: 2023-06-17T00:49:20.759Z).
2023-06-17 00:48:20,739 [Socket Reader #1 for port 15002] INFO  ipc.Server (Server.java:saslProcess(2116)) - Auth successful for scm/fv-az275-58.go2hi5et44qedpdz5zrtt3gknc.xx.internal.cloudapp.net@EXAMPLE.COM (auth:KERBEROS) from 10.1.0.235:37497
2023-06-17 00:48:20,758 [SecretKeyPoller] INFO  symmetric.DefaultSecretKeySignerClient (DefaultSecretKeySignerClient.java:checkAndRefresh(122)) - New secret key fetched from SCM: SecretKey(id = 392168e8-bac7-4c57-a617-bfde58a791db, creation at: 2023-06-17T00:48:19.759Z, expire at: 2023-06-17T00:49:20.759Z).
2023-06-17 00:48:20,786 [main] INFO  minikdc.MiniKdc (MiniKdc.java:stop(359)) - MiniKdc stopped.
2023-06-17 00:48:20,786 [main] INFO  ozone.MiniOzoneHAClusterImpl (MiniOzoneHAClusterImpl.java:stop(307)) - Stopping the OzoneManager om1
2023-06-17 00:48:20,787 [main] INFO  om.OzoneManager (OzoneManager.java:stop(2165)) - om1[localhost:15036]: Stopping Ozone Manager
2023-06-17 00:48:20,787 [main] INFO  ipc.Server (Server.java:stop(3501)) - Stopping server on 15036
2023-06-17 00:48:20,796 [IPC Server listener on 15036] INFO  ipc.Server (Server.java:run(1430)) - Stopping IPC Server listener on 15036
2023-06-17 00:48:20,799 [IPC Server Responder] INFO  ipc.Server (Server.java:run(1563)) - Stopping IPC Server Responder
2023-06-17 00:48:20,807 [main] INFO  server.RaftServer (RaftServerProxy.java:lambda$close$6(416)) - om1: close
2023-06-17 00:48:20,807 [main] INFO  server.GrpcService (GrpcService.java:closeImpl(311)) - om1: shutdown server GrpcServerProtocolService now
2023-06-17 00:48:20,808 [om1-impl-thread1] INFO  server.RaftServer$Division (RaftServerImpl.java:lambda$close$4(466)) - om1@group-C5BA1605619E: shutdown
2023-06-17 00:48:20,808 [om1-impl-thread1] INFO  util.JmxRegister (JmxRegister.java:unregister(73)) - Successfully un-registered JMX Bean with object name Ratis:service=RaftServer,group=group-C5BA1605619E,id=om1
2023-06-17 00:48:20,808 [om1-impl-thread1] INFO  impl.RoleInfo (RoleInfo.java:shutdownLeaderState(93)) - om1: shutdown om1@group-C5BA1605619E-LeaderStateImpl
2023-06-17 00:48:20,808 [om1-impl-thread1] INFO  impl.PendingRequests (PendingRequests.java:sendNotLeaderResponses(289)) - om1@group-C5BA1605619E-PendingRequests: sendNotLeaderResponses
2023-06-17 00:48:20,809 [om1-impl-thread1] INFO  impl.StateMachineUpdater (StateMachineUpdater.java:stopAndJoin(155)) - om1@group-C5BA1605619E-StateMachineUpdater: set stopIndex = 0
2023-06-17 00:48:20,809 [om1@group-C5BA1605619E-StateMachineUpdater] INFO  ratis.OzoneManagerStateMachine (OzoneManagerStateMachine.java:takeSnapshot(479)) - Current Snapshot Index (t:1, i:0)
2023-06-17 00:48:20,817 [main] INFO  server.GrpcService (GrpcService.java:closeImpl(320)) - om1: shutdown server GrpcServerProtocolService successfully
2023-06-17 00:48:20,834 [om1@group-C5BA1605619E-StateMachineUpdater] INFO  impl.StateMachineUpdater (StateMachineUpdater.java:takeSnapshot(291)) - om1@group-C5BA1605619E-StateMachineUpdater: Took a snapshot at index 0
2023-06-17 00:48:20,834 [om1@group-C5BA1605619E-StateMachineUpdater] INFO  impl.StateMachineUpdater (StateMachineUpdater.java:lambda$new$0(97)) - om1@group-C5BA1605619E-StateMachineUpdater: snapshotIndex: updateIncreasingly -1 -> 0
2023-06-17 00:48:20,834 [om1@group-C5BA1605619E-StateMachineUpdater] INFO  ratis.OzoneManagerStateMachine (OzoneManagerStateMachine.java:close(533)) - StateMachine has shutdown. Shutdown OzoneManager if not already shutdown.
2023-06-17 00:48:20,834 [om1@group-C5BA1605619E-StateMachineUpdater] INFO  ratis.OzoneManagerDoubleBuffer (OzoneManagerDoubleBuffer.java:stopDaemon(559)) - Stopping OMDoubleBuffer flush thread
2023-06-17 00:48:20,835 [OMDoubleBufferFlushThread] INFO  ratis.OzoneManagerDoubleBuffer (OzoneManagerDoubleBuffer.java:canFlush(648)) - OMDoubleBuffer flush thread OMDoubleBufferFlushThread is interrupted and will exit.
2023-06-17 00:48:20,837 [om1-impl-thread1] INFO  server.RaftServer$Division (ServerState.java:close(472)) - om1@group-C5BA1605619E: closes. applyIndex: 0
2023-06-17 00:48:21,757 [om1-impl-thread1] INFO  segmented.SegmentedRaftLogWorker (SegmentedRaftLogWorker.java:close(252)) - om1@group-C5BA1605619E-SegmentedRaftLogWorker close()
2023-06-17 00:48:21,758 [JvmPauseMonitor3] INFO  util.JvmPauseMonitor (JvmPauseMonitor.java:run(109)) - JvmPauseMonitor-om1: Stopped
2023-06-17 00:48:21,758 [main] INFO  ratis.OzoneManagerStateMachine (OzoneManagerStateMachine.java:close(533)) - StateMachine has shutdown. Shutdown OzoneManager if not already shutdown.
2023-06-17 00:48:21,758 [main] INFO  ratis.OzoneManagerDoubleBuffer (OzoneManagerDoubleBuffer.java:stopDaemon(568)) - OMDoubleBuffer flush thread is not running.
2023-06-17 00:48:21,760 [main] INFO  utils.BackgroundService (BackgroundService.java:shutdown(141)) - Shutting down service KeyDeletingService
2023-06-17 00:48:21,760 [main] INFO  utils.BackgroundService (BackgroundService.java:shutdown(141)) - Shutting down service KeyDeletingService
2023-06-17 00:48:21,760 [main] INFO  utils.BackgroundService (BackgroundService.java:shutdown(141)) - Shutting down service OpenKeyCleanupService
2023-06-17 00:48:21,761 [main] INFO  utils.BackgroundService (BackgroundService.java:shutdown(141)) - Shutting down service SstFilteringService
2023-06-17 00:48:21,761 [main] INFO  utils.BackgroundService (BackgroundService.java:shutdown(141)) - Shutting down service SnapshotDeletingService
2023-06-17 00:48:21,761 [main] INFO  om.OzoneManager (OzoneManager.java:stopSecretManager(1037)) - Stopping secret key client.
2023-06-17 00:48:21,761 [main] INFO  om.OzoneManager (OzoneManager.java:stopSecretManager(1042)) - Stopping OM delegation token secret manager.
2023-06-17 00:48:21,762 [Thread[Thread-510,5,main]] INFO  security.OzoneDelegationTokenSecretManager (OzoneDelegationTokenSecretManager.java:run(653)) - ExpiredTokenRemover was interrupted.
java.lang.InterruptedException: sleep interrupted
	at java.lang.Thread.sleep(Native Method)
	at org.apache.hadoop.ozone.security.OzoneDelegationTokenSecretManager$ExpiredTokenRemover.run(OzoneDelegationTokenSecretManager.java:649)
	at java.lang.Thread.run(Thread.java:750)
2023-06-17 00:48:21,765 [main] INFO  handler.ContextHandler (ContextHandler.java:doStop(1159)) - Stopped o.e.j.w.WebAppContext@672c8149{ozoneManager,/,null,STOPPED}{file:/home/runner/work/ozone/ozone/hadoop-ozone/integration-test/target/test-classes/webapps/ozoneManager}
2023-06-17 00:48:21,770 [main] INFO  server.AbstractConnector (AbstractConnector.java:doStop(383)) - Stopped ServerConnector@1f70ab49{HTTP/1.1, (http/1.1)}{0.0.0.0:15037}
2023-06-17 00:48:21,770 [main] INFO  server.session (HouseKeeper.java:stopScavenging(149)) - node0 Stopped scavenging
2023-06-17 00:48:21,771 [main] INFO  handler.ContextHandler (ContextHandler.java:doStop(1159)) - Stopped o.e.j.s.ServletContextHandler@133efe21{static,/static,file:///home/runner/work/ozone/ozone/hadoop-ozone/integration-test/target/test-classes/webapps/static,STOPPED}
2023-06-17 00:48:21,771 [main] INFO  handler.ContextHandler (ContextHandler.java:doStop(1159)) - Stopped o.e.j.s.ServletContextHandler@69fc400b{logs,/logs,file:///home/runner/work/ozone/ozone/hadoop-ozone/integration-test/target/log,STOPPED}
2023-06-17 00:48:21,778 [main] INFO  snapshot.SnapshotDiffManager (SnapshotDiffManager.java:closeExecutorService(1267)) - Shutting down executorService: 'SnapDiffExecutor'
2023-06-17 00:48:21,778 [main] INFO  snapshot.SnapshotDiffManager (SnapshotDiffManager.java:closeExecutorService(1267)) - Shutting down executorService: 'SstDumpToolExecutor'
2023-06-17 00:48:21,779 [main] INFO  utils.BackgroundService (BackgroundService.java:shutdown(141)) - Shutting down service SnapshotDiffCleanupService
2023-06-17 00:48:21,781 [main] INFO  ozone.MiniOzoneHAClusterImpl (MiniOzoneHAClusterImpl.java:stop(315)) - Stopping the StorageContainerManager 1b2d6476-f033-43c5-b598-7121a6e75b28
2023-06-17 00:48:21,781 [main] INFO  server.StorageContainerManager (StorageContainerManager.java:stop(1584)) - Container Balancer is not running.
2023-06-17 00:48:21,781 [main] INFO  server.StorageContainerManager (StorageContainerManager.java:stopReplicationManager(1717)) - Stopping Replication Manager Service.
2023-06-17 00:48:21,781 [main] INFO  replication.ReplicationManager (ReplicationManager.java:stop(319)) - Stopping Replication Monitor Thread.
2023-06-17 00:48:21,781 [Under Replicated Processor] WARN  replication.UnhealthyReplicationProcessor (UnhealthyReplicationProcessor.java:run(178)) - Under Replicated Processor interrupted. Exiting...
2023-06-17 00:48:21,782 [Over Replicated Processor] WARN  replication.UnhealthyReplicationProcessor (UnhealthyReplicationProcessor.java:run(178)) - Over Replicated Processor interrupted. Exiting...
2023-06-17 00:48:21,782 [main] INFO  server.StorageContainerManager (StorageContainerManager.java:stop(1593)) - Stopping the Datanode Admin Monitor.
2023-06-17 00:48:21,782 [ReplicationMonitor] INFO  replication.ReplicationManager (ReplicationManager.java:run(918)) - Replication Monitor Thread is stopped
2023-06-17 00:48:21,783 [main] INFO  server.StorageContainerManager (StorageContainerManager.java:stop(1600)) - Stopping datanode service RPC server
2023-06-17 00:48:21,783 [main] INFO  server.SCMDatanodeProtocolServer (SCMDatanodeProtocolServer.java:stop(424)) - Stopping the RPC server for DataNodes
2023-06-17 00:48:21,783 [main] INFO  ipc.Server (Server.java:stop(3501)) - Stopping server on 15012
2023-06-17 00:48:21,786 [IPC Server listener on 15012] INFO  ipc.Server (Server.java:run(1430)) - Stopping IPC Server listener on 15012
2023-06-17 00:48:21,790 [IPC Server Responder] INFO  ipc.Server (Server.java:run(1563)) - Stopping IPC Server Responder
2023-06-17 00:48:21,874 [SCM Heartbeat Processing Thread - 0] WARN  node.NodeStateManager (NodeStateManager.java:scheduleNextHealthCheck(870)) - Current Thread is interrupted, shutting down HB processing thread for Node Manager.
2023-06-17 00:48:21,878 [main] INFO  server.StorageContainerManager (StorageContainerManager.java:stop(1608)) - Stopping block service RPC server
2023-06-17 00:48:21,878 [main] INFO  server.SCMBlockProtocolServer (SCMBlockProtocolServer.java:stop(161)) - Stopping the RPC server for Block Protocol
2023-06-17 00:48:21,879 [main] INFO  ipc.Server (Server.java:stop(3501)) - Stopping server on 15015
2023-06-17 00:48:21,881 [IPC Server Responder] INFO  ipc.Server (Server.java:run(1563)) - Stopping IPC Server Responder
2023-06-17 00:48:21,881 [main] INFO  server.StorageContainerManager (StorageContainerManager.java:stop(1615)) - Stopping the StorageContainerLocationProtocol RPC server
2023-06-17 00:48:21,881 [main] INFO  server.SCMClientProtocolServer (SCMClientProtocolServer.java:stop(210)) - Stopping the RPC server for Client Protocol
2023-06-17 00:48:21,881 [main] INFO  ipc.Server (Server.java:stop(3501)) - Stopping server on 15013
2023-06-17 00:48:21,881 [IPC Server listener on 15015] INFO  ipc.Server (Server.java:run(1430)) - Stopping IPC Server listener on 15015
2023-06-17 00:48:21,888 [IPC Server listener on 15013] INFO  ipc.Server (Server.java:run(1430)) - Stopping IPC Server listener on 15013
2023-06-17 00:48:21,891 [IPC Server Responder] INFO  ipc.Server (Server.java:run(1563)) - Stopping IPC Server Responder
2023-06-17 00:48:21,891 [main] INFO  server.StorageContainerManager (StorageContainerManager.java:stop(1622)) - Stopping Storage Container Manager HTTP server.
2023-06-17 00:48:21,892 [main] INFO  handler.ContextHandler (ContextHandler.java:doStop(1159)) - Stopped o.e.j.w.WebAppContext@1f79536b{scm,/,null,STOPPED}{file:/home/runner/work/ozone/ozone/hadoop-ozone/integration-test/target/test-classes/webapps/scm}
2023-06-17 00:48:21,893 [main] INFO  server.AbstractConnector (AbstractConnector.java:doStop(383)) - Stopped ServerConnector@26d68ea4{HTTP/1.1, (http/1.1)}{0.0.0.0:15008}
2023-06-17 00:48:21,893 [main] INFO  server.session (HouseKeeper.java:stopScavenging(149)) - node0 Stopped scavenging
2023-06-17 00:48:21,894 [main] INFO  handler.ContextHandler (ContextHandler.java:doStop(1159)) - Stopped o.e.j.s.ServletContextHandler@29514616{static,/static,file:///home/runner/work/ozone/ozone/hadoop-ozone/integration-test/target/test-classes/webapps/static,STOPPED}
2023-06-17 00:48:21,894 [main] INFO  handler.ContextHandler (ContextHandler.java:doStop(1159)) - Stopped o.e.j.s.ServletContextHandler@6385af63{logs,/logs,file:///home/runner/work/ozone/ozone/hadoop-ozone/integration-test/target/log,STOPPED}
2023-06-17 00:48:21,895 [main] INFO  server.StorageContainerManager (StorageContainerManager.java:stop(1630)) - Stopping SCM LayoutVersionManager Service.
2023-06-17 00:48:21,895 [main] INFO  server.SCMSecurityProtocolServer (SCMSecurityProtocolServer.java:stop(473)) - Stopping the SCMSecurityProtocolServer.
2023-06-17 00:48:21,896 [main] INFO  ipc.Server (Server.java:stop(3501)) - Stopping server on 15010
2023-06-17 00:48:21,896 [IPC Server listener on 15010] INFO  ipc.Server (Server.java:run(1430)) - Stopping IPC Server listener on 15010
2023-06-17 00:48:21,898 [main] INFO  server.SCMUpdateServiceGrpcServer (SCMUpdateServiceGrpcServer.java:stop(73)) - SCMUpdateService stopping
2023-06-17 00:48:21,900 [main] INFO  server.SCMUpdateServiceGrpcServer (SCMUpdateServiceGrpcServer.java:stop(85)) - SCMUpdateService stopped!
2023-06-17 00:48:21,900 [IPC Server Responder] INFO  ipc.Server (Server.java:run(1563)) - Stopping IPC Server Responder
2023-06-17 00:48:21,900 [main] INFO  server.StorageContainerManager (StorageContainerManager.java:stop(1642)) - Stopping Block Manager Service.
2023-06-17 00:48:21,900 [main] INFO  utils.BackgroundService (BackgroundService.java:shutdown(141)) - Shutting down service SCMBlockDeletingService
2023-06-17 00:48:21,901 [main] INFO  utils.BackgroundService (BackgroundService.java:shutdown(141)) - Shutting down service SCMBlockDeletingService
2023-06-17 00:48:21,901 [main] INFO  server.StorageContainerManager (StorageContainerManager.java:stop(1662)) - Stopping SCM Event Queue.
2023-06-17 00:48:21,903 [main] INFO  server.StorageContainerManager (StorageContainerManager.java:stop(1673)) - Stopping SCM HA services.
2023-06-17 00:48:21,903 [main] INFO  ha.SCMRatisServerImpl (SCMRatisServerImpl.java:stop(254)) - stopping ratis server 0.0.0.0:15011
2023-06-17 00:48:21,904 [main] INFO  server.RaftServer (RaftServerProxy.java:lambda$close$6(416)) - 1b2d6476-f033-43c5-b598-7121a6e75b28: close
2023-06-17 00:48:21,904 [main] INFO  server.GrpcService (GrpcService.java:closeImpl(311)) - 1b2d6476-f033-43c5-b598-7121a6e75b28: shutdown server GrpcServerProtocolService now
2023-06-17 00:48:21,910 [1b2d6476-f033-43c5-b598-7121a6e75b28-impl-thread2] INFO  server.RaftServer$Division (RaftServerImpl.java:lambda$close$4(466)) - 1b2d6476-f033-43c5-b598-7121a6e75b28@group-7934B631C69D: shutdown
2023-06-17 00:48:21,910 [1b2d6476-f033-43c5-b598-7121a6e75b28-impl-thread2] INFO  util.JmxRegister (JmxRegister.java:unregister(73)) - Successfully un-registered JMX Bean with object name Ratis:service=RaftServer,group=group-7934B631C69D,id=1b2d6476-f033-43c5-b598-7121a6e75b28
2023-06-17 00:48:21,910 [1b2d6476-f033-43c5-b598-7121a6e75b28-impl-thread2] INFO  impl.RoleInfo (RoleInfo.java:shutdownFollowerState(110)) - 1b2d6476-f033-43c5-b598-7121a6e75b28: shutdown 1b2d6476-f033-43c5-b598-7121a6e75b28@group-7934B631C69D-FollowerState
2023-06-17 00:48:21,912 [grpc-default-executor-3] WARN  server.GrpcServerProtocolService (LogUtils.java:warn(122)) - 1b2d6476-f033-43c5-b598-7121a6e75b28: APPEND_ENTRIES onError, lastRequest: null: org.apache.ratis.thirdparty.io.grpc.StatusRuntimeException: CANCELLED: client cancelled
2023-06-17 00:48:21,917 [1b2d6476-f033-43c5-b598-7121a6e75b28@group-7934B631C69D-FollowerState] INFO  impl.FollowerState (FollowerState.java:run(152)) - 1b2d6476-f033-43c5-b598-7121a6e75b28@group-7934B631C69D-FollowerState was interrupted
2023-06-17 00:48:21,919 [1b2d6476-f033-43c5-b598-7121a6e75b28-impl-thread2] INFO  impl.StateMachineUpdater (StateMachineUpdater.java:stopAndJoin(155)) - 1b2d6476-f033-43c5-b598-7121a6e75b28@group-7934B631C69D-StateMachineUpdater: set stopIndex = 207
2023-06-17 00:48:21,921 [1b2d6476-f033-43c5-b598-7121a6e75b28@group-7934B631C69D-StateMachineUpdater] INFO  ha.SCMStateMachine (SCMStateMachine.java:takeSnapshot(330)) - Current Snapshot Index 207, takeSnapshot took 1 ms
2023-06-17 00:48:21,921 [1b2d6476-f033-43c5-b598-7121a6e75b28@group-7934B631C69D-StateMachineUpdater] INFO  impl.StateMachineUpdater (StateMachineUpdater.java:takeSnapshot(291)) - 1b2d6476-f033-43c5-b598-7121a6e75b28@group-7934B631C69D-StateMachineUpdater: Took a snapshot at index 207
2023-06-17 00:48:21,921 [1b2d6476-f033-43c5-b598-7121a6e75b28@group-7934B631C69D-StateMachineUpdater] INFO  impl.StateMachineUpdater (StateMachineUpdater.java:lambda$new$0(97)) - 1b2d6476-f033-43c5-b598-7121a6e75b28@group-7934B631C69D-StateMachineUpdater: snapshotIndex: updateIncreasingly 200 -> 207
2023-06-17 00:48:21,921 [1b2d6476-f033-43c5-b598-7121a6e75b28@group-7934B631C69D-StateMachineUpdater] INFO  server.StorageContainerManager (StorageContainerManager.java:stop(1573)) - Storage Container Manager is not running.
2023-06-17 00:48:21,921 [1b2d6476-f033-43c5-b598-7121a6e75b28@group-7934B631C69D-StateMachineUpdater] INFO  server.StorageContainerManager (StorageContainerManager.java:stopReplicationManager(1717)) - Stopping Replication Manager Service.
2023-06-17 00:48:21,921 [1b2d6476-f033-43c5-b598-7121a6e75b28@group-7934B631C69D-StateMachineUpdater] INFO  replication.ReplicationManager (ReplicationManager.java:stop(329)) - Replication Monitor Thread is not running.
2023-06-17 00:48:21,921 [1b2d6476-f033-43c5-b598-7121a6e75b28@group-7934B631C69D-StateMachineUpdater] INFO  server.StorageContainerManager (ExitUtils.java:terminate(131)) - Terminating with exit status 0: scm statemachine is closed by ratis, terminate SCM
2023-06-17 00:48:21,922 [1b2d6476-f033-43c5-b598-7121a6e75b28@group-7934B631C69D-StateMachineUpdater] WARN  impl.StateMachineUpdater (StateMachineUpdater.java:stop(139)) - 1b2d6476-f033-43c5-b598-7121a6e75b28@group-7934B631C69D-StateMachineUpdater: Failed to close SCMStateMachine SCMStateMachine:1b2d6476-f033-43c5-b598-7121a6e75b28:group-7934B631C69D
org.apache.ratis.util.ExitUtils$ExitException: scm statemachine is closed by ratis, terminate SCM
	at org.apache.ratis.util.ExitUtils.terminate(ExitUtils.java:141)
	at org.apache.ratis.util.ExitUtils.terminate(ExitUtils.java:151)
	at org.apache.ratis.util.ExitUtils.terminate(ExitUtils.java:155)
	at org.apache.hadoop.hdds.scm.server.StorageContainerManager.shutDown(StorageContainerManager.java:1727)
	at org.apache.hadoop.hdds.scm.ha.SCMStateMachine.close(SCMStateMachine.java:445)
	at org.apache.ratis.server.impl.StateMachineUpdater.stop(StateMachineUpdater.java:134)
	at org.apache.ratis.server.impl.StateMachineUpdater.run(StateMachineUpdater.java:189)
	at java.lang.Thread.run(Thread.java:750)
2023-06-17 00:48:21,923 [1b2d6476-f033-43c5-b598-7121a6e75b28-impl-thread2] INFO  server.RaftServer$Division (ServerState.java:close(472)) - 1b2d6476-f033-43c5-b598-7121a6e75b28@group-7934B631C69D: closes. applyIndex: 206
2023-06-17 00:48:21,925 [grpc-default-executor-3] WARN  server.GrpcServerProtocolService (LogUtils.java:warn(122)) - 1b2d6476-f033-43c5-b598-7121a6e75b28: APPEND_ENTRIES onError, lastRequest: 746ad1cd-7733-4d67-8369-e04f45d32291->1b2d6476-f033-43c5-b598-7121a6e75b28#330-t2,previous=(t:2, i:207),leaderCommit=207,initializing? true,entries: size=1, first=(t:2, i:208), METADATAENTRY(c:207): org.apache.ratis.thirdparty.io.grpc.StatusRuntimeException: CANCELLED: client cancelled
2023-06-17 00:48:21,928 [grpc-default-executor-2] WARN  server.GrpcLogAppender (LogUtils.java:warn(122)) - 746ad1cd-7733-4d67-8369-e04f45d32291@group-7934B631C69D->1b2d6476-f033-43c5-b598-7121a6e75b28-AppendLogResponseHandler: Failed appendEntries: org.apache.ratis.thirdparty.io.grpc.StatusRuntimeException: CANCELLED: RST_STREAM closed stream. HTTP/2 error code: CANCEL
2023-06-17 00:48:21,929 [main] INFO  server.GrpcService (GrpcService.java:closeImpl(320)) - 1b2d6476-f033-43c5-b598-7121a6e75b28: shutdown server GrpcServerProtocolService successfully
2023-06-17 00:48:21,930 [grpc-default-executor-2] INFO  leader.FollowerInfo (FollowerInfoImpl.java:lambda$new$0(52)) - 746ad1cd-7733-4d67-8369-e04f45d32291@group-7934B631C69D->1b2d6476-f033-43c5-b598-7121a6e75b28: decreaseNextIndex nextIndex: updateUnconditionally 209 -> 208
2023-06-17 00:48:21,931 [grpc-default-executor-3] WARN  server.GrpcLogAppender (LogUtils.java:warn(122)) - 746ad1cd-7733-4d67-8369-e04f45d32291@group-7934B631C69D->1b2d6476-f033-43c5-b598-7121a6e75b28-AppendLogResponseHandler: Failed appendEntries: org.apache.ratis.thirdparty.io.grpc.StatusRuntimeException: CANCELLED: RST_STREAM closed stream. HTTP/2 error code: CANCEL
2023-06-17 00:48:21,931 [grpc-default-executor-3] INFO  leader.FollowerInfo (FollowerInfoImpl.java:lambda$new$0(52)) - 746ad1cd-7733-4d67-8369-e04f45d32291@group-7934B631C69D->1b2d6476-f033-43c5-b598-7121a6e75b28: decreaseNextIndex nextIndex: updateUnconditionally 208 -> 207
2023-06-17 00:48:22,294 [grpc-default-executor-1] WARN  server.GrpcLogAppender (LogUtils.java:warn(122)) - 746ad1cd-7733-4d67-8369-e04f45d32291@group-7934B631C69D->1b2d6476-f033-43c5-b598-7121a6e75b28-AppendLogResponseHandler: Failed appendEntries: org.apache.ratis.thirdparty.io.grpc.StatusRuntimeException: UNAVAILABLE: io exception
2023-06-17 00:48:22,294 [grpc-default-executor-1] INFO  leader.FollowerInfo (FollowerInfoImpl.java:lambda$new$0(52)) - 746ad1cd-7733-4d67-8369-e04f45d32291@group-7934B631C69D->1b2d6476-f033-43c5-b598-7121a6e75b28: decreaseNextIndex nextIndex: updateUnconditionally 207 -> 206
2023-06-17 00:48:22,294 [grpc-default-executor-3] WARN  server.GrpcLogAppender (LogUtils.java:warn(122)) - 746ad1cd-7733-4d67-8369-e04f45d32291@group-7934B631C69D->1b2d6476-f033-43c5-b598-7121a6e75b28-AppendLogResponseHandler: Failed appendEntries: org.apache.ratis.thirdparty.io.grpc.StatusRuntimeException: UNAVAILABLE: io exception
2023-06-17 00:48:22,295 [grpc-default-executor-3] INFO  leader.FollowerInfo (FollowerInfoImpl.java:lambda$new$0(52)) - 746ad1cd-7733-4d67-8369-e04f45d32291@group-7934B631C69D->1b2d6476-f033-43c5-b598-7121a6e75b28: decreaseNextIndex nextIndex: updateUnconditionally 206 -> 205
2023-06-17 00:48:22,302 [grpc-default-executor-3] WARN  server.GrpcLogAppender (LogUtils.java:warn(122)) - 746ad1cd-7733-4d67-8369-e04f45d32291@group-7934B631C69D->1b2d6476-f033-43c5-b598-7121a6e75b28-AppendLogResponseHandler: Failed appendEntries: org.apache.ratis.thirdparty.io.grpc.StatusRuntimeException: UNAVAILABLE: io exception
2023-06-17 00:48:22,302 [grpc-default-executor-3] INFO  leader.FollowerInfo (FollowerInfoImpl.java:lambda$new$0(52)) - 746ad1cd-7733-4d67-8369-e04f45d32291@group-7934B631C69D->1b2d6476-f033-43c5-b598-7121a6e75b28: decreaseNextIndex nextIndex: updateUnconditionally 209 -> 208
2023-06-17 00:48:22,310 [grpc-default-executor-0] WARN  server.GrpcLogAppender (LogUtils.java:warn(122)) - 746ad1cd-7733-4d67-8369-e04f45d32291@group-7934B631C69D->1b2d6476-f033-43c5-b598-7121a6e75b28-AppendLogResponseHandler: Failed appendEntries: org.apache.ratis.thirdparty.io.grpc.StatusRuntimeException: UNAVAILABLE: io exception
2023-06-17 00:48:22,312 [grpc-default-executor-2] WARN  server.GrpcLogAppender (LogUtils.java:warn(122)) - 746ad1cd-7733-4d67-8369-e04f45d32291@group-7934B631C69D->1b2d6476-f033-43c5-b598-7121a6e75b28-AppendLogResponseHandler: Failed appendEntries: org.apache.ratis.thirdparty.io.grpc.StatusRuntimeException: UNAVAILABLE: io exception
2023-06-17 00:48:22,313 [grpc-default-executor-0] INFO  leader.FollowerInfo (FollowerInfoImpl.java:lambda$new$0(52)) - 746ad1cd-7733-4d67-8369-e04f45d32291@group-7934B631C69D->1b2d6476-f033-43c5-b598-7121a6e75b28: decreaseNextIndex nextIndex: updateUnconditionally 209 -> 208
2023-06-17 00:48:22,314 [grpc-default-executor-3] WARN  server.GrpcLogAppender (LogUtils.java:warn(122)) - 746ad1cd-7733-4d67-8369-e04f45d32291@group-7934B631C69D->1b2d6476-f033-43c5-b598-7121a6e75b28-AppendLogResponseHandler: Failed appendEntries: org.apache.ratis.thirdparty.io.grpc.StatusRuntimeException: UNAVAILABLE: io exception
2023-06-17 00:48:22,314 [grpc-default-executor-2] INFO  leader.FollowerInfo (FollowerInfoImpl.java:lambda$new$0(52)) - 746ad1cd-7733-4d67-8369-e04f45d32291@group-7934B631C69D->1b2d6476-f033-43c5-b598-7121a6e75b28: decreaseNextIndex nextIndex: updateUnconditionally 208 -> 207
2023-06-17 00:48:22,314 [grpc-default-executor-3] INFO  leader.FollowerInfo (FollowerInfoImpl.java:lambda$new$0(52)) - 746ad1cd-7733-4d67-8369-e04f45d32291@group-7934B631C69D->1b2d6476-f033-43c5-b598-7121a6e75b28: decreaseNextIndex nextIndex: updateUnconditionally 207 -> 206
2023-06-17 00:48:22,336 [EndpointStateMachine task thread for /127.0.0.1:15012 - 0 ] WARN  statemachine.EndpointStateMachine (EndpointStateMachine.java:logIfNeeded(242)) - Unable to communicate to SCM server at localhost:15012 for past 0 seconds.
java.io.EOFException: End of File Exception between local host is: "fv-az275-58/10.1.0.235"; destination host is: "localhost":15012; : java.io.EOFException; For more details see:  http://wiki.apache.org/hadoop/EOFException
	at sun.reflect.NativeConstructorAccessorImpl.newInstance0(Native Method)
	at sun.reflect.NativeConstructorAccessorImpl.newInstance(NativeConstructorAccessorImpl.java:62)
	at sun.reflect.DelegatingConstructorAccessorImpl.newInstance(DelegatingConstructorAccessorImpl.java:45)
	at java.lang.reflect.Constructor.newInstance(Constructor.java:423)
	at org.apache.hadoop.net.NetUtils.wrapWithMessage(NetUtils.java:930)
	at org.apache.hadoop.net.NetUtils.wrapException(NetUtils.java:879)
	at org.apache.hadoop.ipc.Client.getRpcResponse(Client.java:1588)
	at org.apache.hadoop.ipc.Client.call(Client.java:1530)
	at org.apache.hadoop.ipc.Client.call(Client.java:1427)
	at org.apache.hadoop.ipc.ProtobufRpcEngine$Invoker.invoke(ProtobufRpcEngine.java:250)
	at org.apache.hadoop.ipc.ProtobufRpcEngine$Invoker.invoke(ProtobufRpcEngine.java:132)
	at com.sun.proxy.$Proxy57.submitRequest(Unknown Source)
	at org.apache.hadoop.ozone.protocolPB.StorageContainerDatanodeProtocolClientSideTranslatorPB.submitRequest(StorageContainerDatanodeProtocolClientSideTranslatorPB.java:117)
	at org.apache.hadoop.ozone.protocolPB.StorageContainerDatanodeProtocolClientSideTranslatorPB.sendHeartbeat(StorageContainerDatanodeProtocolClientSideTranslatorPB.java:149)
	at org.apache.hadoop.ozone.container.common.states.endpoint.HeartbeatEndpointTask.call(HeartbeatEndpointTask.java:185)
	at org.apache.hadoop.ozone.container.common.states.endpoint.HeartbeatEndpointTask.call(HeartbeatEndpointTask.java:87)
	at java.util.concurrent.FutureTask.run(FutureTask.java:266)
	at java.util.concurrent.ThreadPoolExecutor.runWorker(ThreadPoolExecutor.java:1149)
	at java.util.concurrent.ThreadPoolExecutor$Worker.run(ThreadPoolExecutor.java:624)
	at java.lang.Thread.run(Thread.java:750)
Caused by: java.io.EOFException
	at java.io.DataInputStream.readInt(DataInputStream.java:392)
	at org.apache.hadoop.ipc.Client$IpcStreams.readResponse(Client.java:1923)
	at org.apache.hadoop.ipc.Client$Connection.receiveRpcResponse(Client.java:1204)
	at org.apache.hadoop.ipc.Client$Connection.run(Client.java:1095)
2023-06-17 00:48:22,777 [1b2d6476-f033-43c5-b598-7121a6e75b28-impl-thread2] INFO  segmented.SegmentedRaftLogWorker (SegmentedRaftLogWorker.java:close(252)) - 1b2d6476-f033-43c5-b598-7121a6e75b28@group-7934B631C69D-SegmentedRaftLogWorker close()
2023-06-17 00:48:22,780 [JvmPauseMonitor2] INFO  util.JvmPauseMonitor (JvmPauseMonitor.java:run(109)) - JvmPauseMonitor-1b2d6476-f033-43c5-b598-7121a6e75b28: Stopped
2023-06-17 00:48:22,780 [main] INFO  SCMHATransactionMonitor (BackgroundSCMService.java:stop(131)) - Stopping SCMHATransactionMonitor Service.
2023-06-17 00:48:22,780 [SCMHATransactionMonitorThread] WARN  SCMHATransactionMonitor (BackgroundSCMService.java:run(115)) - SCMHATransactionMonitor is interrupted, exit
2023-06-17 00:48:22,781 [main] INFO  pipeline.BackgroundPipelineCreator (BackgroundPipelineCreator.java:stop(149)) - Stopping RatisPipelineUtilsThread.
2023-06-17 00:48:22,781 [RatisPipelineUtilsThread - 0] WARN  pipeline.BackgroundPipelineCreator (BackgroundPipelineCreator.java:run(180)) - RatisPipelineUtilsThread is interrupted.
2023-06-17 00:48:22,781 [main] INFO  BackgroundPipelineScrubber (BackgroundSCMService.java:stop(131)) - Stopping BackgroundPipelineScrubber Service.
2023-06-17 00:48:22,783 [main] INFO  impl.MetricsSystemImpl (MetricsSystemImpl.java:stop(210)) - Stopping StorageContainerManager metrics system...
2023-06-17 00:48:22,784 [BackgroundPipelineScrubberThread] WARN  BackgroundPipelineScrubber (BackgroundSCMService.java:run(115)) - BackgroundPipelineScrubber is interrupted, exit
2023-06-17 00:48:22,792 [prometheus] INFO  impl.MetricsSinkAdapter (MetricsSinkAdapter.java:publishMetricsFromQueue(141)) - prometheus thread interrupted.
2023-06-17 00:48:22,792 [main] INFO  impl.MetricsSystemImpl (MetricsSystemImpl.java:stop(216)) - StorageContainerManager metrics system stopped.
2023-06-17 00:48:22,793 [main] WARN  pipeline.BackgroundPipelineCreator (BackgroundPipelineCreator.java:stop(145)) - RatisPipelineUtilsThread is not running, just ignore.
2023-06-17 00:48:22,793 [main] INFO  BackgroundPipelineScrubber (BackgroundSCMService.java:stop(126)) - BackgroundPipelineScrubber Service is not running, skip stop.
2023-06-17 00:48:22,794 [ExpiredContainerReplicaOpScrubberThread] WARN  ExpiredContainerReplicaOpScrubber (BackgroundSCMService.java:run(115)) - ExpiredContainerReplicaOpScrubber is interrupted, exit
2023-06-17 00:48:22,794 [main] INFO  ExpiredContainerReplicaOpScrubber (BackgroundSCMService.java:stop(131)) - Stopping ExpiredContainerReplicaOpScrubber Service.
2023-06-17 00:48:22,794 [main] INFO  utils.BackgroundService (BackgroundService.java:shutdown(141)) - Shutting down service SCMBlockDeletingService
2023-06-17 00:48:22,794 [main] INFO  replication.ReplicationManager (ReplicationManager.java:stop(329)) - Replication Monitor Thread is not running.
2023-06-17 00:48:22,795 [main] WARN  balancer.ContainerBalancer (ContainerBalancer.java:stop(328)) - Cannot stop Container Balancer because it's not running or stopping
2023-06-17 00:48:22,795 [main] INFO  SCMHATransactionMonitor (BackgroundSCMService.java:stop(126)) - SCMHATransactionMonitor Service is not running, skip stop.
2023-06-17 00:48:22,795 [Lease Manager-LeaseManager#LeaseMonitor] WARN  lease.LeaseManager (LeaseManager.java:run(272)) - Lease manager is interrupted. Shutting down...
java.lang.InterruptedException
	at java.util.concurrent.locks.AbstractQueuedSynchronizer.doAcquireSharedNanos(AbstractQueuedSynchronizer.java:1039)
	at java.util.concurrent.locks.AbstractQueuedSynchronizer.tryAcquireSharedNanos(AbstractQueuedSynchronizer.java:1328)
	at java.util.concurrent.Semaphore.tryAcquire(Semaphore.java:409)
	at org.apache.hadoop.ozone.lease.LeaseManager$LeaseMonitor.run(LeaseManager.java:270)
	at java.lang.Thread.run(Thread.java:750)
2023-06-17 00:48:22,795 [main] INFO  server.StorageContainerManager (StorageContainerManager.java:stop(1708)) - Stopping SCM MetadataStore.
2023-06-17 00:48:22,798 [main] INFO  server.SCMSecurityProtocolServer (SCMSecurityProtocolServer.java:join(483)) - Join RPC server for SCMSecurityProtocolServer.
2023-06-17 00:48:22,798 [main] INFO  server.SCMSecurityProtocolServer (SCMSecurityProtocolServer.java:join(485)) - Join gRPC server for SCMSecurityProtocolServer.
2023-06-17 00:48:22,798 [main] INFO  ozone.MiniOzoneHAClusterImpl (MiniOzoneHAClusterImpl.java:stop(315)) - Stopping the StorageContainerManager 8fbffa03-1fc4-4a41-ac4c-0c93200d4489
2023-06-17 00:48:22,798 [main] INFO  server.StorageContainerManager (StorageContainerManager.java:stop(1584)) - Container Balancer is not running.
2023-06-17 00:48:22,798 [main] INFO  server.StorageContainerManager (StorageContainerManager.java:stopReplicationManager(1717)) - Stopping Replication Manager Service.
2023-06-17 00:48:22,798 [main] INFO  replication.ReplicationManager (ReplicationManager.java:stop(319)) - Stopping Replication Monitor Thread.
2023-06-17 00:48:22,799 [main] INFO  server.StorageContainerManager (StorageContainerManager.java:stop(1593)) - Stopping the Datanode Admin Monitor.
2023-06-17 00:48:22,799 [Over Replicated Processor] WARN  replication.UnhealthyReplicationProcessor (UnhealthyReplicationProcessor.java:run(178)) - Over Replicated Processor interrupted. Exiting...
2023-06-17 00:48:22,799 [main] INFO  server.StorageContainerManager (StorageContainerManager.java:stop(1600)) - Stopping datanode service RPC server
2023-06-17 00:48:22,799 [main] INFO  server.SCMDatanodeProtocolServer (SCMDatanodeProtocolServer.java:stop(424)) - Stopping the RPC server for DataNodes
2023-06-17 00:48:22,799 [main] INFO  ipc.Server (Server.java:stop(3501)) - Stopping server on 15020
2023-06-17 00:48:22,799 [Under Replicated Processor] WARN  replication.UnhealthyReplicationProcessor (UnhealthyReplicationProcessor.java:run(178)) - Under Replicated Processor interrupted. Exiting...
2023-06-17 00:48:22,799 [ReplicationMonitor] INFO  replication.ReplicationManager (ReplicationManager.java:run(918)) - Replication Monitor Thread is stopped
2023-06-17 00:48:22,804 [IPC Server listener on 15020] INFO  ipc.Server (Server.java:run(1430)) - Stopping IPC Server listener on 15020
2023-06-17 00:48:22,805 [IPC Server Responder] INFO  ipc.Server (Server.java:run(1563)) - Stopping IPC Server Responder
2023-06-17 00:48:22,811 [SCM Heartbeat Processing Thread - 0] WARN  node.NodeStateManager (NodeStateManager.java:scheduleNextHealthCheck(870)) - Current Thread is interrupted, shutting down HB processing thread for Node Manager.
2023-06-17 00:48:22,812 [main] INFO  server.StorageContainerManager (StorageContainerManager.java:stop(1608)) - Stopping block service RPC server
2023-06-17 00:48:22,812 [main] INFO  server.SCMBlockProtocolServer (SCMBlockProtocolServer.java:stop(161)) - Stopping the RPC server for Block Protocol
2023-06-17 00:48:22,812 [main] INFO  ipc.Server (Server.java:stop(3501)) - Stopping server on 15023
2023-06-17 00:48:22,814 [IPC Server Responder] INFO  ipc.Server (Server.java:run(1563)) - Stopping IPC Server Responder
2023-06-17 00:48:22,814 [main] INFO  server.StorageContainerManager (StorageContainerManager.java:stop(1615)) - Stopping the StorageContainerLocationProtocol RPC server
2023-06-17 00:48:22,814 [main] INFO  server.SCMClientProtocolServer (SCMClientProtocolServer.java:stop(210)) - Stopping the RPC server for Client Protocol
2023-06-17 00:48:22,815 [main] INFO  ipc.Server (Server.java:stop(3501)) - Stopping server on 15021
2023-06-17 00:48:22,815 [IPC Server listener on 15023] INFO  ipc.Server (Server.java:run(1430)) - Stopping IPC Server listener on 15023
2023-06-17 00:48:22,818 [IPC Server listener on 15021] INFO  ipc.Server (Server.java:run(1430)) - Stopping IPC Server listener on 15021
2023-06-17 00:48:22,821 [IPC Server Responder] INFO  ipc.Server (Server.java:run(1563)) - Stopping IPC Server Responder
2023-06-17 00:48:22,821 [main] INFO  server.StorageContainerManager (StorageContainerManager.java:stop(1622)) - Stopping Storage Container Manager HTTP server.
2023-06-17 00:48:22,823 [main] INFO  handler.ContextHandler (ContextHandler.java:doStop(1159)) - Stopped o.e.j.w.WebAppContext@1917be91{scm,/,null,STOPPED}{file:/home/runner/work/ozone/ozone/hadoop-ozone/integration-test/target/test-classes/webapps/scm}
2023-06-17 00:48:22,824 [main] INFO  server.AbstractConnector (AbstractConnector.java:doStop(383)) - Stopped ServerConnector@64e68150{HTTP/1.1, (http/1.1)}{0.0.0.0:15016}
2023-06-17 00:48:22,825 [main] INFO  server.session (HouseKeeper.java:stopScavenging(149)) - node0 Stopped scavenging
2023-06-17 00:48:22,825 [main] INFO  handler.ContextHandler (ContextHandler.java:doStop(1159)) - Stopped o.e.j.s.ServletContextHandler@700ab3db{static,/static,file:///home/runner/work/ozone/ozone/hadoop-ozone/integration-test/target/test-classes/webapps/static,STOPPED}
2023-06-17 00:48:22,825 [main] INFO  handler.ContextHandler (ContextHandler.java:doStop(1159)) - Stopped o.e.j.s.ServletContextHandler@2e00fc16{logs,/logs,file:///home/runner/work/ozone/ozone/hadoop-ozone/integration-test/target/log,STOPPED}
2023-06-17 00:48:22,827 [main] INFO  server.StorageContainerManager (StorageContainerManager.java:stop(1630)) - Stopping SCM LayoutVersionManager Service.
2023-06-17 00:48:22,828 [main] INFO  server.SCMSecurityProtocolServer (SCMSecurityProtocolServer.java:stop(473)) - Stopping the SCMSecurityProtocolServer.
2023-06-17 00:48:22,828 [main] INFO  ipc.Server (Server.java:stop(3501)) - Stopping server on 15018
2023-06-17 00:48:22,829 [IPC Server listener on 15018] INFO  ipc.Server (Server.java:run(1430)) - Stopping IPC Server listener on 15018
2023-06-17 00:48:22,830 [IPC Server Responder] INFO  ipc.Server (Server.java:run(1563)) - Stopping IPC Server Responder
2023-06-17 00:48:22,830 [main] INFO  server.SCMUpdateServiceGrpcServer (SCMUpdateServiceGrpcServer.java:stop(73)) - SCMUpdateService stopping
2023-06-17 00:48:22,831 [main] INFO  server.SCMUpdateServiceGrpcServer (SCMUpdateServiceGrpcServer.java:stop(85)) - SCMUpdateService stopped!
2023-06-17 00:48:22,831 [main] INFO  server.StorageContainerManager (StorageContainerManager.java:stop(1642)) - Stopping Block Manager Service.
2023-06-17 00:48:22,831 [main] INFO  utils.BackgroundService (BackgroundService.java:shutdown(141)) - Shutting down service SCMBlockDeletingService
2023-06-17 00:48:22,831 [main] INFO  utils.BackgroundService (BackgroundService.java:shutdown(141)) - Shutting down service SCMBlockDeletingService
2023-06-17 00:48:22,832 [main] INFO  server.StorageContainerManager (StorageContainerManager.java:stop(1662)) - Stopping SCM Event Queue.
2023-06-17 00:48:22,836 [main] INFO  server.StorageContainerManager (StorageContainerManager.java:stop(1673)) - Stopping SCM HA services.
2023-06-17 00:48:22,836 [main] INFO  ha.SCMRatisServerImpl (SCMRatisServerImpl.java:stop(254)) - stopping ratis server 0.0.0.0:15019
2023-06-17 00:48:22,837 [main] INFO  server.RaftServer (RaftServerProxy.java:lambda$close$6(416)) - 8fbffa03-1fc4-4a41-ac4c-0c93200d4489: close
2023-06-17 00:48:22,837 [8fbffa03-1fc4-4a41-ac4c-0c93200d4489-impl-thread1] INFO  server.RaftServer$Division (RaftServerImpl.java:lambda$close$4(466)) - 8fbffa03-1fc4-4a41-ac4c-0c93200d4489@group-7934B631C69D: shutdown
2023-06-17 00:48:22,837 [8fbffa03-1fc4-4a41-ac4c-0c93200d4489-impl-thread1] INFO  util.JmxRegister (JmxRegister.java:unregister(73)) - Successfully un-registered JMX Bean with object name Ratis:service=RaftServer,group=group-7934B631C69D,id=8fbffa03-1fc4-4a41-ac4c-0c93200d4489
2023-06-17 00:48:22,837 [8fbffa03-1fc4-4a41-ac4c-0c93200d4489-impl-thread1] INFO  impl.RoleInfo (RoleInfo.java:shutdownFollowerState(110)) - 8fbffa03-1fc4-4a41-ac4c-0c93200d4489: shutdown 8fbffa03-1fc4-4a41-ac4c-0c93200d4489@group-7934B631C69D-FollowerState
2023-06-17 00:48:22,837 [8fbffa03-1fc4-4a41-ac4c-0c93200d4489-impl-thread1] INFO  impl.StateMachineUpdater (StateMachineUpdater.java:stopAndJoin(155)) - 8fbffa03-1fc4-4a41-ac4c-0c93200d4489@group-7934B631C69D-StateMachineUpdater: set stopIndex = 208
2023-06-17 00:48:22,837 [8fbffa03-1fc4-4a41-ac4c-0c93200d4489@group-7934B631C69D-FollowerState] INFO  impl.FollowerState (FollowerState.java:run(152)) - 8fbffa03-1fc4-4a41-ac4c-0c93200d4489@group-7934B631C69D-FollowerState was interrupted
2023-06-17 00:48:22,838 [8fbffa03-1fc4-4a41-ac4c-0c93200d4489@group-7934B631C69D-StateMachineUpdater] INFO  ha.SCMStateMachine (SCMStateMachine.java:takeSnapshot(330)) - Current Snapshot Index 208, takeSnapshot took 1 ms
2023-06-17 00:48:22,839 [8fbffa03-1fc4-4a41-ac4c-0c93200d4489@group-7934B631C69D-StateMachineUpdater] INFO  impl.StateMachineUpdater (StateMachineUpdater.java:takeSnapshot(291)) - 8fbffa03-1fc4-4a41-ac4c-0c93200d4489@group-7934B631C69D-StateMachineUpdater: Took a snapshot at index 208
2023-06-17 00:48:22,839 [8fbffa03-1fc4-4a41-ac4c-0c93200d4489@group-7934B631C69D-StateMachineUpdater] INFO  impl.StateMachineUpdater (StateMachineUpdater.java:lambda$new$0(97)) - 8fbffa03-1fc4-4a41-ac4c-0c93200d4489@group-7934B631C69D-StateMachineUpdater: snapshotIndex: updateIncreasingly 202 -> 208
2023-06-17 00:48:22,839 [8fbffa03-1fc4-4a41-ac4c-0c93200d4489@group-7934B631C69D-StateMachineUpdater] INFO  raftlog.RaftLog (RaftLogBase.java:purge(314)) - 8fbffa03-1fc4-4a41-ac4c-0c93200d4489@group-7934B631C69D-SegmentedRaftLog: purge 208
2023-06-17 00:48:22,839 [8fbffa03-1fc4-4a41-ac4c-0c93200d4489@group-7934B631C69D-StateMachineUpdater] INFO  raftlog.RaftLog (RaftLogBase.java:lambda$new$0(53)) - 8fbffa03-1fc4-4a41-ac4c-0c93200d4489@group-7934B631C69D-SegmentedRaftLog: snapshotIndex: updateIncreasingly 202 -> 208
2023-06-17 00:48:22,839 [8fbffa03-1fc4-4a41-ac4c-0c93200d4489@group-7934B631C69D-StateMachineUpdater] INFO  raftlog.RaftLog (RaftLogBase.java:lambda$new$0(53)) - 8fbffa03-1fc4-4a41-ac4c-0c93200d4489@group-7934B631C69D-SegmentedRaftLog: purgeIndex: updateToMax old=-1, new=208, updated? true
2023-06-17 00:48:22,839 [8fbffa03-1fc4-4a41-ac4c-0c93200d4489@group-7934B631C69D-StateMachineUpdater] INFO  server.StorageContainerManager (StorageContainerManager.java:stop(1573)) - Storage Container Manager is not running.
2023-06-17 00:48:22,839 [8fbffa03-1fc4-4a41-ac4c-0c93200d4489@group-7934B631C69D-StateMachineUpdater] INFO  server.StorageContainerManager (StorageContainerManager.java:stopReplicationManager(1717)) - Stopping Replication Manager Service.
2023-06-17 00:48:22,839 [8fbffa03-1fc4-4a41-ac4c-0c93200d4489@group-7934B631C69D-StateMachineUpdater] INFO  replication.ReplicationManager (ReplicationManager.java:stop(329)) - Replication Monitor Thread is not running.
2023-06-17 00:48:22,839 [8fbffa03-1fc4-4a41-ac4c-0c93200d4489@group-7934B631C69D-StateMachineUpdater] INFO  server.StorageContainerManager (ExitUtils.java:terminate(131)) - Terminating with exit status 0: scm statemachine is closed by ratis, terminate SCM
2023-06-17 00:48:22,839 [8fbffa03-1fc4-4a41-ac4c-0c93200d4489@group-7934B631C69D-StateMachineUpdater] WARN  impl.StateMachineUpdater (StateMachineUpdater.java:stop(139)) - 8fbffa03-1fc4-4a41-ac4c-0c93200d4489@group-7934B631C69D-StateMachineUpdater: Failed to close SCMStateMachine SCMStateMachine:8fbffa03-1fc4-4a41-ac4c-0c93200d4489:group-7934B631C69D
org.apache.ratis.util.ExitUtils$ExitException: scm statemachine is closed by ratis, terminate SCM
	at org.apache.ratis.util.ExitUtils.terminate(ExitUtils.java:141)
	at org.apache.ratis.util.ExitUtils.terminate(ExitUtils.java:151)
	at org.apache.ratis.util.ExitUtils.terminate(ExitUtils.java:155)
	at org.apache.hadoop.hdds.scm.server.StorageContainerManager.shutDown(StorageContainerManager.java:1727)
	at org.apache.hadoop.hdds.scm.ha.SCMStateMachine.close(SCMStateMachine.java:445)
	at org.apache.ratis.server.impl.StateMachineUpdater.stop(StateMachineUpdater.java:134)
	at org.apache.ratis.server.impl.StateMachineUpdater.run(StateMachineUpdater.java:189)
	at java.lang.Thread.run(Thread.java:750)
2023-06-17 00:48:22,840 [8fbffa03-1fc4-4a41-ac4c-0c93200d4489-impl-thread1] INFO  server.RaftServer$Division (ServerState.java:close(472)) - 8fbffa03-1fc4-4a41-ac4c-0c93200d4489@group-7934B631C69D: closes. applyIndex: 208
2023-06-17 00:48:22,846 [main] INFO  server.GrpcService (GrpcService.java:closeImpl(311)) - 8fbffa03-1fc4-4a41-ac4c-0c93200d4489: shutdown server GrpcServerProtocolService now
2023-06-17 00:48:22,847 [grpc-default-executor-0] WARN  server.GrpcLogAppender (LogUtils.java:warn(122)) - 746ad1cd-7733-4d67-8369-e04f45d32291@group-7934B631C69D->8fbffa03-1fc4-4a41-ac4c-0c93200d4489-AppendLogResponseHandler: Failed appendEntries: org.apache.ratis.thirdparty.io.grpc.StatusRuntimeException: CANCELLED: RST_STREAM closed stream. HTTP/2 error code: CANCEL
2023-06-17 00:48:22,848 [grpc-default-executor-0] INFO  leader.FollowerInfo (FollowerInfoImpl.java:lambda$new$0(52)) - 746ad1cd-7733-4d67-8369-e04f45d32291@group-7934B631C69D->8fbffa03-1fc4-4a41-ac4c-0c93200d4489: decreaseNextIndex nextIndex: updateUnconditionally 209 -> 208
2023-06-17 00:48:22,848 [grpc-default-executor-2] WARN  server.GrpcServerProtocolService (LogUtils.java:warn(122)) - 8fbffa03-1fc4-4a41-ac4c-0c93200d4489: APPEND_ENTRIES onError, lastRequest: 746ad1cd-7733-4d67-8369-e04f45d32291->8fbffa03-1fc4-4a41-ac4c-0c93200d4489#43-t2,previous=(t:2, i:207),leaderCommit=207,initializing? true,entries: size=1, first=(t:2, i:208), METADATAENTRY(c:207): org.apache.ratis.thirdparty.io.grpc.StatusRuntimeException: CANCELLED: client cancelled
2023-06-17 00:48:22,858 [grpc-default-executor-0] WARN  server.GrpcServerProtocolService (LogUtils.java:warn(122)) - 8fbffa03-1fc4-4a41-ac4c-0c93200d4489: APPEND_ENTRIES onError, lastRequest: null: org.apache.ratis.thirdparty.io.grpc.StatusRuntimeException: CANCELLED: client cancelled
2023-06-17 00:48:22,864 [grpc-default-executor-0] WARN  server.GrpcLogAppender (LogUtils.java:warn(122)) - 746ad1cd-7733-4d67-8369-e04f45d32291@group-7934B631C69D->8fbffa03-1fc4-4a41-ac4c-0c93200d4489-AppendLogResponseHandler: Failed appendEntries: org.apache.ratis.thirdparty.io.grpc.StatusRuntimeException: CANCELLED: RST_STREAM closed stream. HTTP/2 error code: CANCEL
2023-06-17 00:48:22,865 [grpc-default-executor-0] INFO  leader.FollowerInfo (FollowerInfoImpl.java:lambda$new$0(52)) - 746ad1cd-7733-4d67-8369-e04f45d32291@group-7934B631C69D->8fbffa03-1fc4-4a41-ac4c-0c93200d4489: decreaseNextIndex nextIndex: updateUnconditionally 208 -> 207
2023-06-17 00:48:22,865 [main] INFO  server.GrpcService (GrpcService.java:closeImpl(320)) - 8fbffa03-1fc4-4a41-ac4c-0c93200d4489: shutdown server GrpcServerProtocolService successfully
2023-06-17 00:48:23,338 [EndpointStateMachine task thread for /127.0.0.1:15020 - 0 ] WARN  statemachine.EndpointStateMachine (EndpointStateMachine.java:logIfNeeded(242)) - Unable to communicate to SCM server at localhost:15020 for past 0 seconds.
java.io.EOFException: End of File Exception between local host is: "fv-az275-58/10.1.0.235"; destination host is: "localhost":15020; : java.io.EOFException; For more details see:  http://wiki.apache.org/hadoop/EOFException
	at sun.reflect.NativeConstructorAccessorImpl.newInstance0(Native Method)
	at sun.reflect.NativeConstructorAccessorImpl.newInstance(NativeConstructorAccessorImpl.java:62)
	at sun.reflect.DelegatingConstructorAccessorImpl.newInstance(DelegatingConstructorAccessorImpl.java:45)
	at java.lang.reflect.Constructor.newInstance(Constructor.java:423)
	at org.apache.hadoop.net.NetUtils.wrapWithMessage(NetUtils.java:930)
	at org.apache.hadoop.net.NetUtils.wrapException(NetUtils.java:879)
	at org.apache.hadoop.ipc.Client.getRpcResponse(Client.java:1588)
	at org.apache.hadoop.ipc.Client.call(Client.java:1530)
	at org.apache.hadoop.ipc.Client.call(Client.java:1427)
	at org.apache.hadoop.ipc.ProtobufRpcEngine$Invoker.invoke(ProtobufRpcEngine.java:250)
	at org.apache.hadoop.ipc.ProtobufRpcEngine$Invoker.invoke(ProtobufRpcEngine.java:132)
	at com.sun.proxy.$Proxy57.submitRequest(Unknown Source)
	at org.apache.hadoop.ozone.protocolPB.StorageContainerDatanodeProtocolClientSideTranslatorPB.submitRequest(StorageContainerDatanodeProtocolClientSideTranslatorPB.java:117)
	at org.apache.hadoop.ozone.protocolPB.StorageContainerDatanodeProtocolClientSideTranslatorPB.sendHeartbeat(StorageContainerDatanodeProtocolClientSideTranslatorPB.java:149)
	at org.apache.hadoop.ozone.container.common.states.endpoint.HeartbeatEndpointTask.call(HeartbeatEndpointTask.java:185)
	at org.apache.hadoop.ozone.container.common.states.endpoint.HeartbeatEndpointTask.call(HeartbeatEndpointTask.java:87)
	at java.util.concurrent.FutureTask.run(FutureTask.java:266)
	at java.util.concurrent.ThreadPoolExecutor.runWorker(ThreadPoolExecutor.java:1149)
	at java.util.concurrent.ThreadPoolExecutor$Worker.run(ThreadPoolExecutor.java:624)
	at java.lang.Thread.run(Thread.java:750)
Caused by: java.io.EOFException
	at java.io.DataInputStream.readInt(DataInputStream.java:392)
	at org.apache.hadoop.ipc.Client$IpcStreams.readResponse(Client.java:1923)
	at org.apache.hadoop.ipc.Client$Connection.receiveRpcResponse(Client.java:1204)
	at org.apache.hadoop.ipc.Client$Connection.run(Client.java:1095)
2023-06-17 00:48:23,530 [grpc-default-executor-0] WARN  server.GrpcLogAppender (LogUtils.java:warn(122)) - 746ad1cd-7733-4d67-8369-e04f45d32291@group-7934B631C69D->1b2d6476-f033-43c5-b598-7121a6e75b28-AppendLogResponseHandler: Failed appendEntries: org.apache.ratis.thirdparty.io.grpc.StatusRuntimeException: UNAVAILABLE: io exception
2023-06-17 00:48:23,531 [grpc-default-executor-2] WARN  server.GrpcLogAppender (LogUtils.java:warn(122)) - 746ad1cd-7733-4d67-8369-e04f45d32291@group-7934B631C69D->1b2d6476-f033-43c5-b598-7121a6e75b28-AppendLogResponseHandler: Failed appendEntries: org.apache.ratis.thirdparty.io.grpc.StatusRuntimeException: UNAVAILABLE: io exception
2023-06-17 00:48:23,534 [grpc-default-executor-0] INFO  leader.FollowerInfo (FollowerInfoImpl.java:lambda$new$0(52)) - 746ad1cd-7733-4d67-8369-e04f45d32291@group-7934B631C69D->1b2d6476-f033-43c5-b598-7121a6e75b28: decreaseNextIndex nextIndex: updateUnconditionally 206 -> 205
2023-06-17 00:48:23,534 [grpc-default-executor-2] INFO  leader.FollowerInfo (FollowerInfoImpl.java:lambda$new$0(52)) - 746ad1cd-7733-4d67-8369-e04f45d32291@group-7934B631C69D->1b2d6476-f033-43c5-b598-7121a6e75b28: decreaseNextIndex nextIndex: updateUnconditionally 205 -> 204
2023-06-17 00:48:23,541 [grpc-default-executor-2] WARN  server.GrpcLogAppender (LogUtils.java:warn(122)) - 746ad1cd-7733-4d67-8369-e04f45d32291@group-7934B631C69D->1b2d6476-f033-43c5-b598-7121a6e75b28-AppendLogResponseHandler: Failed appendEntries: org.apache.ratis.thirdparty.io.grpc.StatusRuntimeException: UNAVAILABLE: io exception
2023-06-17 00:48:23,542 [grpc-default-executor-2] INFO  leader.FollowerInfo (FollowerInfoImpl.java:lambda$new$0(52)) - 746ad1cd-7733-4d67-8369-e04f45d32291@group-7934B631C69D->1b2d6476-f033-43c5-b598-7121a6e75b28: decreaseNextIndex nextIndex: updateUnconditionally 209 -> 208
2023-06-17 00:48:23,542 [grpc-default-executor-0] WARN  server.GrpcLogAppender (LogUtils.java:warn(122)) - 746ad1cd-7733-4d67-8369-e04f45d32291@group-7934B631C69D->1b2d6476-f033-43c5-b598-7121a6e75b28-AppendLogResponseHandler: Failed appendEntries: org.apache.ratis.thirdparty.io.grpc.StatusRuntimeException: UNAVAILABLE: io exception
2023-06-17 00:48:23,542 [grpc-default-executor-0] INFO  leader.FollowerInfo (FollowerInfoImpl.java:lambda$new$0(52)) - 746ad1cd-7733-4d67-8369-e04f45d32291@group-7934B631C69D->1b2d6476-f033-43c5-b598-7121a6e75b28: decreaseNextIndex nextIndex: updateUnconditionally 208 -> 207
2023-06-17 00:48:23,780 [8fbffa03-1fc4-4a41-ac4c-0c93200d4489-impl-thread1] INFO  segmented.SegmentedRaftLogWorker (SegmentedRaftLogWorker.java:close(252)) - 8fbffa03-1fc4-4a41-ac4c-0c93200d4489@group-7934B631C69D-SegmentedRaftLogWorker close()
2023-06-17 00:48:23,781 [JvmPauseMonitor5] INFO  util.JvmPauseMonitor (JvmPauseMonitor.java:run(109)) - JvmPauseMonitor-8fbffa03-1fc4-4a41-ac4c-0c93200d4489: Stopped
2023-06-17 00:48:23,782 [main] INFO  SCMHATransactionMonitor (BackgroundSCMService.java:stop(131)) - Stopping SCMHATransactionMonitor Service.
2023-06-17 00:48:23,783 [SCMHATransactionMonitorThread] WARN  SCMHATransactionMonitor (BackgroundSCMService.java:run(115)) - SCMHATransactionMonitor is interrupted, exit
2023-06-17 00:48:23,783 [main] INFO  pipeline.BackgroundPipelineCreator (BackgroundPipelineCreator.java:stop(149)) - Stopping RatisPipelineUtilsThread.
2023-06-17 00:48:23,783 [RatisPipelineUtilsThread - 0] WARN  pipeline.BackgroundPipelineCreator (BackgroundPipelineCreator.java:run(180)) - RatisPipelineUtilsThread is interrupted.
2023-06-17 00:48:23,783 [BackgroundPipelineScrubberThread] WARN  BackgroundPipelineScrubber (BackgroundSCMService.java:run(115)) - BackgroundPipelineScrubber is interrupted, exit
2023-06-17 00:48:23,783 [main] INFO  BackgroundPipelineScrubber (BackgroundSCMService.java:stop(131)) - Stopping BackgroundPipelineScrubber Service.
2023-06-17 00:48:23,784 [main] INFO  impl.MetricsSystemImpl (MetricsSystemImpl.java:stop(205)) - StorageContainerManager metrics system stopped (again)
2023-06-17 00:48:23,784 [main] WARN  pipeline.BackgroundPipelineCreator (BackgroundPipelineCreator.java:stop(145)) - RatisPipelineUtilsThread is not running, just ignore.
2023-06-17 00:48:23,784 [main] INFO  BackgroundPipelineScrubber (BackgroundSCMService.java:stop(126)) - BackgroundPipelineScrubber Service is not running, skip stop.
2023-06-17 00:48:23,784 [main] INFO  ExpiredContainerReplicaOpScrubber (BackgroundSCMService.java:stop(131)) - Stopping ExpiredContainerReplicaOpScrubber Service.
2023-06-17 00:48:23,784 [ExpiredContainerReplicaOpScrubberThread] WARN  ExpiredContainerReplicaOpScrubber (BackgroundSCMService.java:run(115)) - ExpiredContainerReplicaOpScrubber is interrupted, exit
2023-06-17 00:48:23,785 [main] INFO  utils.BackgroundService (BackgroundService.java:shutdown(141)) - Shutting down service SCMBlockDeletingService
2023-06-17 00:48:23,785 [main] INFO  replication.ReplicationManager (ReplicationManager.java:stop(329)) - Replication Monitor Thread is not running.
2023-06-17 00:48:23,785 [main] WARN  balancer.ContainerBalancer (ContainerBalancer.java:stop(328)) - Cannot stop Container Balancer because it's not running or stopping
2023-06-17 00:48:23,785 [main] INFO  SCMHATransactionMonitor (BackgroundSCMService.java:stop(126)) - SCMHATransactionMonitor Service is not running, skip stop.
2023-06-17 00:48:23,786 [Lease Manager-LeaseManager#LeaseMonitor] WARN  lease.LeaseManager (LeaseManager.java:run(272)) - Lease manager is interrupted. Shutting down...
java.lang.InterruptedException
	at java.util.concurrent.locks.AbstractQueuedSynchronizer.doAcquireSharedNanos(AbstractQueuedSynchronizer.java:1039)
	at java.util.concurrent.locks.AbstractQueuedSynchronizer.tryAcquireSharedNanos(AbstractQueuedSynchronizer.java:1328)
	at java.util.concurrent.Semaphore.tryAcquire(Semaphore.java:409)
	at org.apache.hadoop.ozone.lease.LeaseManager$LeaseMonitor.run(LeaseManager.java:270)
	at java.lang.Thread.run(Thread.java:750)
2023-06-17 00:48:23,786 [main] INFO  server.StorageContainerManager (StorageContainerManager.java:stop(1708)) - Stopping SCM MetadataStore.
2023-06-17 00:48:23,788 [main] INFO  server.SCMSecurityProtocolServer (SCMSecurityProtocolServer.java:join(483)) - Join RPC server for SCMSecurityProtocolServer.
2023-06-17 00:48:23,789 [main] INFO  server.SCMSecurityProtocolServer (SCMSecurityProtocolServer.java:join(485)) - Join gRPC server for SCMSecurityProtocolServer.
2023-06-17 00:48:23,789 [main] INFO  ozone.MiniOzoneHAClusterImpl (MiniOzoneHAClusterImpl.java:stop(315)) - Stopping the StorageContainerManager 746ad1cd-7733-4d67-8369-e04f45d32291
2023-06-17 00:48:23,789 [main] INFO  server.StorageContainerManager (StorageContainerManager.java:stop(1584)) - Container Balancer is not running.
2023-06-17 00:48:23,789 [main] INFO  server.StorageContainerManager (StorageContainerManager.java:stopReplicationManager(1717)) - Stopping Replication Manager Service.
2023-06-17 00:48:23,789 [main] INFO  replication.ReplicationManager (ReplicationManager.java:stop(319)) - Stopping Replication Monitor Thread.
2023-06-17 00:48:23,789 [Over Replicated Processor] WARN  replication.UnhealthyReplicationProcessor (UnhealthyReplicationProcessor.java:run(178)) - Over Replicated Processor interrupted. Exiting...
2023-06-17 00:48:23,790 [ReplicationMonitor] INFO  replication.ReplicationManager (ReplicationManager.java:run(918)) - Replication Monitor Thread is stopped
2023-06-17 00:48:23,790 [Under Replicated Processor] WARN  replication.UnhealthyReplicationProcessor (UnhealthyReplicationProcessor.java:run(178)) - Under Replicated Processor interrupted. Exiting...
2023-06-17 00:48:23,790 [main] INFO  server.StorageContainerManager (StorageContainerManager.java:stop(1593)) - Stopping the Datanode Admin Monitor.
2023-06-17 00:48:23,790 [main] INFO  server.StorageContainerManager (StorageContainerManager.java:stop(1600)) - Stopping datanode service RPC server
2023-06-17 00:48:23,790 [main] INFO  server.SCMDatanodeProtocolServer (SCMDatanodeProtocolServer.java:stop(424)) - Stopping the RPC server for DataNodes
2023-06-17 00:48:23,790 [main] INFO  ipc.Server (Server.java:stop(3501)) - Stopping server on 15004
2023-06-17 00:48:23,796 [IPC Server listener on 15004] INFO  ipc.Server (Server.java:run(1430)) - Stopping IPC Server listener on 15004
2023-06-17 00:48:23,799 [IPC Server Responder] INFO  ipc.Server (Server.java:run(1563)) - Stopping IPC Server Responder
2023-06-17 00:48:24,335 [Datanode State Machine Daemon Thread] ERROR datanode.RunningDatanodeState (RunningDatanodeState.java:computeNextContainerState(207)) - Error in executing end point task.
java.util.concurrent.ExecutionException: java.util.concurrent.TimeoutException
	at java.util.concurrent.FutureTask.report(FutureTask.java:122)
	at java.util.concurrent.FutureTask.get(FutureTask.java:192)
	at org.apache.hadoop.ozone.container.common.states.datanode.RunningDatanodeState.computeNextContainerState(RunningDatanodeState.java:199)
	at org.apache.hadoop.ozone.container.common.states.datanode.RunningDatanodeState.await(RunningDatanodeState.java:239)
	at org.apache.hadoop.ozone.container.common.states.datanode.RunningDatanodeState.await(RunningDatanodeState.java:50)
	at org.apache.hadoop.ozone.container.common.statemachine.StateContext.execute(StateContext.java:666)
	at org.apache.hadoop.ozone.container.common.statemachine.DatanodeStateMachine.startStateMachineThread(DatanodeStateMachine.java:334)
	at org.apache.hadoop.ozone.container.common.statemachine.DatanodeStateMachine.lambda$startDaemon$0(DatanodeStateMachine.java:532)
	at java.lang.Thread.run(Thread.java:750)
Caused by: java.util.concurrent.TimeoutException
	at java.util.concurrent.FutureTask.get(FutureTask.java:205)
	at org.apache.hadoop.ozone.container.common.states.datanode.RunningDatanodeState.lambda$execute$0(RunningDatanodeState.java:157)
	at java.util.concurrent.FutureTask.run(FutureTask.java:266)
	at java.util.concurrent.Executors$RunnableAdapter.call(Executors.java:511)
	at java.util.concurrent.FutureTask.run(FutureTask.java:266)
	at java.util.concurrent.ThreadPoolExecutor.runWorker(ThreadPoolExecutor.java:1149)
	at java.util.concurrent.ThreadPoolExecutor$Worker.run(ThreadPoolExecutor.java:624)
	... 1 more
2023-06-17 00:48:24,338 [EndpointStateMachine task thread for /127.0.0.1:15012 - 0 ] INFO  ipc.Client (Client.java:handleConnectionFailure(967)) - Retrying connect to server: localhost/127.0.0.1:15012. Already tried 0 time(s); retry policy is RetryUpToMaximumCountWithFixedSleep(maxRetries=15, sleepTime=1000 MILLISECONDS)
2023-06-17 00:48:24,338 [EndpointStateMachine task thread for /127.0.0.1:15004 - 0 ] WARN  statemachine.EndpointStateMachine (EndpointStateMachine.java:logIfNeeded(242)) - Unable to communicate to SCM server at localhost:15004 for past 0 seconds.
java.io.EOFException: End of File Exception between local host is: "fv-az275-58/10.1.0.235"; destination host is: "localhost":15004; : java.io.EOFException; For more details see:  http://wiki.apache.org/hadoop/EOFException
	at sun.reflect.NativeConstructorAccessorImpl.newInstance0(Native Method)
	at sun.reflect.NativeConstructorAccessorImpl.newInstance(NativeConstructorAccessorImpl.java:62)
	at sun.reflect.DelegatingConstructorAccessorImpl.newInstance(DelegatingConstructorAccessorImpl.java:45)
	at java.lang.reflect.Constructor.newInstance(Constructor.java:423)
	at org.apache.hadoop.net.NetUtils.wrapWithMessage(NetUtils.java:930)
	at org.apache.hadoop.net.NetUtils.wrapException(NetUtils.java:879)
	at org.apache.hadoop.ipc.Client.getRpcResponse(Client.java:1588)
	at org.apache.hadoop.ipc.Client.call(Client.java:1530)
	at org.apache.hadoop.ipc.Client.call(Client.java:1427)
	at org.apache.hadoop.ipc.ProtobufRpcEngine$Invoker.invoke(ProtobufRpcEngine.java:250)
	at org.apache.hadoop.ipc.ProtobufRpcEngine$Invoker.invoke(ProtobufRpcEngine.java:132)
	at com.sun.proxy.$Proxy57.submitRequest(Unknown Source)
	at org.apache.hadoop.ozone.protocolPB.StorageContainerDatanodeProtocolClientSideTranslatorPB.submitRequest(StorageContainerDatanodeProtocolClientSideTranslatorPB.java:117)
	at org.apache.hadoop.ozone.protocolPB.StorageContainerDatanodeProtocolClientSideTranslatorPB.sendHeartbeat(StorageContainerDatanodeProtocolClientSideTranslatorPB.java:149)
	at org.apache.hadoop.ozone.container.common.states.endpoint.HeartbeatEndpointTask.call(HeartbeatEndpointTask.java:185)
	at org.apache.hadoop.ozone.container.common.states.endpoint.HeartbeatEndpointTask.call(HeartbeatEndpointTask.java:87)
	at java.util.concurrent.FutureTask.run(FutureTask.java:266)
	at java.util.concurrent.ThreadPoolExecutor.runWorker(ThreadPoolExecutor.java:1149)
	at java.util.concurrent.ThreadPoolExecutor$Worker.run(ThreadPoolExecutor.java:624)
	at java.lang.Thread.run(Thread.java:750)
Caused by: java.io.EOFException
	at java.io.DataInputStream.readInt(DataInputStream.java:392)
	at org.apache.hadoop.ipc.Client$IpcStreams.readResponse(Client.java:1923)
	at org.apache.hadoop.ipc.Client$Connection.receiveRpcResponse(Client.java:1204)
	at org.apache.hadoop.ipc.Client$Connection.run(Client.java:1095)
2023-06-17 00:48:24,782 [grpc-default-executor-0] WARN  server.GrpcLogAppender (LogUtils.java:warn(122)) - 746ad1cd-7733-4d67-8369-e04f45d32291@group-7934B631C69D->1b2d6476-f033-43c5-b598-7121a6e75b28-AppendLogResponseHandler: Failed appendEntries: org.apache.ratis.thirdparty.io.grpc.StatusRuntimeException: UNAVAILABLE: io exception
2023-06-17 00:48:24,782 [grpc-default-executor-2] WARN  server.GrpcLogAppender (LogUtils.java:warn(122)) - 746ad1cd-7733-4d67-8369-e04f45d32291@group-7934B631C69D->1b2d6476-f033-43c5-b598-7121a6e75b28-AppendLogResponseHandler: Failed appendEntries: org.apache.ratis.thirdparty.io.grpc.StatusRuntimeException: UNAVAILABLE: io exception
2023-06-17 00:48:24,783 [grpc-default-executor-0] INFO  leader.FollowerInfo (FollowerInfoImpl.java:lambda$new$0(52)) - 746ad1cd-7733-4d67-8369-e04f45d32291@group-7934B631C69D->1b2d6476-f033-43c5-b598-7121a6e75b28: decreaseNextIndex nextIndex: updateUnconditionally 207 -> 206
2023-06-17 00:48:24,784 [grpc-default-executor-2] INFO  leader.FollowerInfo (FollowerInfoImpl.java:lambda$new$0(52)) - 746ad1cd-7733-4d67-8369-e04f45d32291@group-7934B631C69D->1b2d6476-f033-43c5-b598-7121a6e75b28: decreaseNextIndex nextIndex: updateUnconditionally 206 -> 205
2023-06-17 00:48:24,792 [grpc-default-executor-2] WARN  server.GrpcLogAppender (LogUtils.java:warn(122)) - 746ad1cd-7733-4d67-8369-e04f45d32291@group-7934B631C69D->1b2d6476-f033-43c5-b598-7121a6e75b28-AppendLogResponseHandler: Failed appendEntries: org.apache.ratis.thirdparty.io.grpc.StatusRuntimeException: UNAVAILABLE: io exception
2023-06-17 00:48:24,793 [grpc-default-executor-2] INFO  leader.FollowerInfo (FollowerInfoImpl.java:lambda$new$0(52)) - 746ad1cd-7733-4d67-8369-e04f45d32291@group-7934B631C69D->1b2d6476-f033-43c5-b598-7121a6e75b28: decreaseNextIndex nextIndex: updateUnconditionally 209 -> 208
2023-06-17 00:48:24,793 [grpc-default-executor-0] WARN  server.GrpcLogAppender (LogUtils.java:warn(122)) - 746ad1cd-7733-4d67-8369-e04f45d32291@group-7934B631C69D->1b2d6476-f033-43c5-b598-7121a6e75b28-AppendLogResponseHandler: Failed appendEntries: org.apache.ratis.thirdparty.io.grpc.StatusRuntimeException: UNAVAILABLE: io exception
2023-06-17 00:48:24,794 [grpc-default-executor-0] INFO  leader.FollowerInfo (FollowerInfoImpl.java:lambda$new$0(52)) - 746ad1cd-7733-4d67-8369-e04f45d32291@group-7934B631C69D->1b2d6476-f033-43c5-b598-7121a6e75b28: decreaseNextIndex nextIndex: updateUnconditionally 208 -> 207
2023-06-17 00:48:24,808 [grpc-default-executor-3] WARN  server.GrpcLogAppender (LogUtils.java:warn(122)) - 746ad1cd-7733-4d67-8369-e04f45d32291@group-7934B631C69D->8fbffa03-1fc4-4a41-ac4c-0c93200d4489-AppendLogResponseHandler: Failed appendEntries: org.apache.ratis.thirdparty.io.grpc.StatusRuntimeException: UNAVAILABLE: io exception
2023-06-17 00:48:24,809 [grpc-default-executor-2] WARN  server.GrpcLogAppender (LogUtils.java:warn(122)) - 746ad1cd-7733-4d67-8369-e04f45d32291@group-7934B631C69D->8fbffa03-1fc4-4a41-ac4c-0c93200d4489-AppendLogResponseHandler: Failed appendEntries: org.apache.ratis.thirdparty.io.grpc.StatusRuntimeException: UNAVAILABLE: io exception
2023-06-17 00:48:24,811 [grpc-default-executor-3] INFO  leader.FollowerInfo (FollowerInfoImpl.java:lambda$new$0(52)) - 746ad1cd-7733-4d67-8369-e04f45d32291@group-7934B631C69D->8fbffa03-1fc4-4a41-ac4c-0c93200d4489: decreaseNextIndex nextIndex: updateUnconditionally 207 -> 206
2023-06-17 00:48:24,812 [grpc-default-executor-2] INFO  leader.FollowerInfo (FollowerInfoImpl.java:lambda$new$0(52)) - 746ad1cd-7733-4d67-8369-e04f45d32291@group-7934B631C69D->8fbffa03-1fc4-4a41-ac4c-0c93200d4489: decreaseNextIndex nextIndex: updateUnconditionally 206 -> 205
2023-06-17 00:48:24,816 [grpc-default-executor-2] WARN  server.GrpcLogAppender (LogUtils.java:warn(122)) - 746ad1cd-7733-4d67-8369-e04f45d32291@group-7934B631C69D->8fbffa03-1fc4-4a41-ac4c-0c93200d4489-AppendLogResponseHandler: Failed appendEntries: org.apache.ratis.thirdparty.io.grpc.StatusRuntimeException: UNAVAILABLE: io exception
2023-06-17 00:48:24,816 [grpc-default-executor-3] WARN  server.GrpcLogAppender (LogUtils.java:warn(122)) - 746ad1cd-7733-4d67-8369-e04f45d32291@group-7934B631C69D->8fbffa03-1fc4-4a41-ac4c-0c93200d4489-AppendLogResponseHandler: Failed appendEntries: org.apache.ratis.thirdparty.io.grpc.StatusRuntimeException: UNAVAILABLE: io exception
2023-06-17 00:48:24,817 [grpc-default-executor-2] INFO  leader.FollowerInfo (FollowerInfoImpl.java:lambda$new$0(52)) - 746ad1cd-7733-4d67-8369-e04f45d32291@group-7934B631C69D->8fbffa03-1fc4-4a41-ac4c-0c93200d4489: decreaseNextIndex nextIndex: updateUnconditionally 209 -> 208
2023-06-17 00:48:24,817 [grpc-default-executor-3] INFO  leader.FollowerInfo (FollowerInfoImpl.java:lambda$new$0(52)) - 746ad1cd-7733-4d67-8369-e04f45d32291@group-7934B631C69D->8fbffa03-1fc4-4a41-ac4c-0c93200d4489: decreaseNextIndex nextIndex: updateUnconditionally 208 -> 207
2023-06-17 00:48:25,184 [SCM Heartbeat Processing Thread - 0] WARN  node.NodeStateManager (NodeStateManager.java:scheduleNextHealthCheck(870)) - Current Thread is interrupted, shutting down HB processing thread for Node Manager.
2023-06-17 00:48:25,184 [main] INFO  server.StorageContainerManager (StorageContainerManager.java:stop(1608)) - Stopping block service RPC server
2023-06-17 00:48:25,185 [main] INFO  server.SCMBlockProtocolServer (SCMBlockProtocolServer.java:stop(161)) - Stopping the RPC server for Block Protocol
2023-06-17 00:48:25,185 [main] INFO  ipc.Server (Server.java:stop(3501)) - Stopping server on 15007
2023-06-17 00:48:25,188 [IPC Server listener on 15007] INFO  ipc.Server (Server.java:run(1430)) - Stopping IPC Server listener on 15007
2023-06-17 00:48:25,189 [IPC Server Responder] INFO  ipc.Server (Server.java:run(1563)) - Stopping IPC Server Responder
2023-06-17 00:48:25,189 [main] INFO  server.StorageContainerManager (StorageContainerManager.java:stop(1615)) - Stopping the StorageContainerLocationProtocol RPC server
2023-06-17 00:48:25,191 [main] INFO  server.SCMClientProtocolServer (SCMClientProtocolServer.java:stop(210)) - Stopping the RPC server for Client Protocol
2023-06-17 00:48:25,191 [main] INFO  ipc.Server (Server.java:stop(3501)) - Stopping server on 15005
2023-06-17 00:48:25,204 [IPC Server listener on 15005] INFO  ipc.Server (Server.java:run(1430)) - Stopping IPC Server listener on 15005
2023-06-17 00:48:25,205 [IPC Server Responder] INFO  ipc.Server (Server.java:run(1563)) - Stopping IPC Server Responder
2023-06-17 00:48:25,205 [main] INFO  server.StorageContainerManager (StorageContainerManager.java:stop(1622)) - Stopping Storage Container Manager HTTP server.
2023-06-17 00:48:25,207 [main] INFO  handler.ContextHandler (ContextHandler.java:doStop(1159)) - Stopped o.e.j.w.WebAppContext@5dd3841{scm,/,null,STOPPED}{file:/home/runner/work/ozone/ozone/hadoop-ozone/integration-test/target/test-classes/webapps/scm}
2023-06-17 00:48:25,208 [main] INFO  server.AbstractConnector (AbstractConnector.java:doStop(383)) - Stopped ServerConnector@5205b2e5{HTTP/1.1, (http/1.1)}{0.0.0.0:15000}
2023-06-17 00:48:25,208 [main] INFO  server.session (HouseKeeper.java:stopScavenging(149)) - node0 Stopped scavenging
2023-06-17 00:48:25,209 [main] INFO  handler.ContextHandler (ContextHandler.java:doStop(1159)) - Stopped o.e.j.s.ServletContextHandler@5e435f0d{static,/static,file:///home/runner/work/ozone/ozone/hadoop-ozone/integration-test/target/test-classes/webapps/static,STOPPED}
2023-06-17 00:48:25,209 [main] INFO  handler.ContextHandler (ContextHandler.java:doStop(1159)) - Stopped o.e.j.s.ServletContextHandler@54422189{logs,/logs,file:///home/runner/work/ozone/ozone/hadoop-ozone/integration-test/target/log,STOPPED}
2023-06-17 00:48:25,210 [main] INFO  server.StorageContainerManager (StorageContainerManager.java:stop(1630)) - Stopping SCM LayoutVersionManager Service.
2023-06-17 00:48:25,211 [main] INFO  server.SCMSecurityProtocolServer (SCMSecurityProtocolServer.java:stop(473)) - Stopping the SCMSecurityProtocolServer.
2023-06-17 00:48:25,211 [main] INFO  ipc.Server (Server.java:stop(3501)) - Stopping server on 15002
2023-06-17 00:48:25,211 [IPC Server listener on 15002] INFO  ipc.Server (Server.java:run(1430)) - Stopping IPC Server listener on 15002
2023-06-17 00:48:25,212 [IPC Server Responder] INFO  ipc.Server (Server.java:run(1563)) - Stopping IPC Server Responder
2023-06-17 00:48:25,212 [main] INFO  server.SCMUpdateServiceGrpcServer (SCMUpdateServiceGrpcServer.java:stop(73)) - SCMUpdateService stopping
2023-06-17 00:48:25,213 [main] INFO  server.SCMUpdateServiceGrpcServer (SCMUpdateServiceGrpcServer.java:stop(85)) - SCMUpdateService stopped!
2023-06-17 00:48:25,213 [main] INFO  server.StorageContainerManager (StorageContainerManager.java:stop(1642)) - Stopping Block Manager Service.
2023-06-17 00:48:25,213 [main] INFO  utils.BackgroundService (BackgroundService.java:shutdown(141)) - Shutting down service SCMBlockDeletingService
2023-06-17 00:48:25,214 [main] INFO  utils.BackgroundService (BackgroundService.java:shutdown(141)) - Shutting down service SCMBlockDeletingService
2023-06-17 00:48:25,214 [main] INFO  server.StorageContainerManager (StorageContainerManager.java:stop(1662)) - Stopping SCM Event Queue.
2023-06-17 00:48:25,215 [main] INFO  server.StorageContainerManager (StorageContainerManager.java:stop(1673)) - Stopping SCM HA services.
2023-06-17 00:48:25,215 [main] INFO  ha.SCMRatisServerImpl (SCMRatisServerImpl.java:stop(254)) - stopping ratis server 0.0.0.0:15003
2023-06-17 00:48:25,216 [main] INFO  server.RaftServer (RaftServerProxy.java:lambda$close$6(416)) - 746ad1cd-7733-4d67-8369-e04f45d32291: close
2023-06-17 00:48:25,216 [main] INFO  server.GrpcService (GrpcService.java:closeImpl(311)) - 746ad1cd-7733-4d67-8369-e04f45d32291: shutdown server GrpcServerProtocolService now
2023-06-17 00:48:25,217 [746ad1cd-7733-4d67-8369-e04f45d32291-impl-thread2] INFO  server.RaftServer$Division (RaftServerImpl.java:lambda$close$4(466)) - 746ad1cd-7733-4d67-8369-e04f45d32291@group-7934B631C69D: shutdown
2023-06-17 00:48:25,217 [746ad1cd-7733-4d67-8369-e04f45d32291-impl-thread2] INFO  util.JmxRegister (JmxRegister.java:unregister(73)) - Successfully un-registered JMX Bean with object name Ratis:service=RaftServer,group=group-7934B631C69D,id=746ad1cd-7733-4d67-8369-e04f45d32291
2023-06-17 00:48:25,217 [746ad1cd-7733-4d67-8369-e04f45d32291-impl-thread2] INFO  impl.RoleInfo (RoleInfo.java:shutdownLeaderState(93)) - 746ad1cd-7733-4d67-8369-e04f45d32291: shutdown 746ad1cd-7733-4d67-8369-e04f45d32291@group-7934B631C69D-LeaderStateImpl
2023-06-17 00:48:25,218 [746ad1cd-7733-4d67-8369-e04f45d32291-impl-thread2] INFO  impl.PendingRequests (PendingRequests.java:sendNotLeaderResponses(289)) - 746ad1cd-7733-4d67-8369-e04f45d32291@group-7934B631C69D-PendingRequests: sendNotLeaderResponses
2023-06-17 00:48:25,218 [746ad1cd-7733-4d67-8369-e04f45d32291@group-7934B631C69D->8fbffa03-1fc4-4a41-ac4c-0c93200d4489-GrpcLogAppender-LogAppenderDaemon] WARN  server.GrpcLogAppender (GrpcLogAppender.java:mayWait(199)) - 746ad1cd-7733-4d67-8369-e04f45d32291@group-7934B631C69D->8fbffa03-1fc4-4a41-ac4c-0c93200d4489-GrpcLogAppender: Wait interrupted by java.lang.InterruptedException
2023-06-17 00:48:25,218 [746ad1cd-7733-4d67-8369-e04f45d32291@group-7934B631C69D->1b2d6476-f033-43c5-b598-7121a6e75b28-GrpcLogAppender-LogAppenderDaemon] WARN  server.GrpcLogAppender (GrpcLogAppender.java:mayWait(199)) - 746ad1cd-7733-4d67-8369-e04f45d32291@group-7934B631C69D->1b2d6476-f033-43c5-b598-7121a6e75b28-GrpcLogAppender: Wait interrupted by java.lang.InterruptedException
2023-06-17 00:48:25,222 [Thread-744] INFO  server.GrpcServerProtocolClient (GrpcServerProtocolClient.java:close(103)) - 1b2d6476-f033-43c5-b598-7121a6e75b28 Close channels
2023-06-17 00:48:25,222 [Thread-745] INFO  server.GrpcServerProtocolClient (GrpcServerProtocolClient.java:close(103)) - 8fbffa03-1fc4-4a41-ac4c-0c93200d4489 Close channels
2023-06-17 00:48:25,225 [746ad1cd-7733-4d67-8369-e04f45d32291-impl-thread2] INFO  ha.SCMStateMachine (SCMStateMachine.java:notifyNotLeader(210)) - current leader SCM steps down.
2023-06-17 00:48:25,231 [746ad1cd-7733-4d67-8369-e04f45d32291-impl-thread2] INFO  ha.SCMContext (SCMContext.java:updateLeaderAndTerm(99)) - update <isLeader,term> from <true,2> to <false,0>
2023-06-17 00:48:25,231 [746ad1cd-7733-4d67-8369-e04f45d32291-impl-thread2] INFO  ha.SCMContext (SCMContext.java:updateLeaderAndTerm(106)) - update <isLeaderReady> from <false> to <false>
2023-06-17 00:48:25,231 [746ad1cd-7733-4d67-8369-e04f45d32291-impl-thread2] INFO  BackgroundPipelineScrubber (BackgroundSCMService.java:notifyStatusChanged(88)) - Service BackgroundPipelineScrubber transitions to PAUSING.
2023-06-17 00:48:25,231 [746ad1cd-7733-4d67-8369-e04f45d32291-impl-thread2] INFO  ExpiredContainerReplicaOpScrubber (BackgroundSCMService.java:notifyStatusChanged(88)) - Service ExpiredContainerReplicaOpScrubber transitions to PAUSING.
2023-06-17 00:48:25,231 [746ad1cd-7733-4d67-8369-e04f45d32291-impl-thread2] INFO  security.RootCARotationManager (RootCARotationManager.java:notifyStatusChanged(98)) - notifyStatusChanged: disable monitor task.
2023-06-17 00:48:25,231 [746ad1cd-7733-4d67-8369-e04f45d32291-impl-thread2] INFO  SCMHATransactionMonitor (BackgroundSCMService.java:notifyStatusChanged(88)) - Service SCMHATransactionMonitor transitions to PAUSING.
2023-06-17 00:48:25,236 [main] INFO  server.GrpcService (GrpcService.java:closeImpl(320)) - 746ad1cd-7733-4d67-8369-e04f45d32291: shutdown server GrpcServerProtocolService successfully
2023-06-17 00:48:25,237 [746ad1cd-7733-4d67-8369-e04f45d32291-impl-thread2] INFO  impl.StateMachineUpdater (StateMachineUpdater.java:stopAndJoin(155)) - 746ad1cd-7733-4d67-8369-e04f45d32291@group-7934B631C69D-StateMachineUpdater: set stopIndex = 208
2023-06-17 00:48:25,237 [746ad1cd-7733-4d67-8369-e04f45d32291@group-7934B631C69D-StateMachineUpdater] INFO  ha.SCMStateMachine (SCMStateMachine.java:takeSnapshot(330)) - Current Snapshot Index 208, takeSnapshot took 1 ms
2023-06-17 00:48:25,237 [746ad1cd-7733-4d67-8369-e04f45d32291@group-7934B631C69D-StateMachineUpdater] INFO  impl.StateMachineUpdater (StateMachineUpdater.java:takeSnapshot(291)) - 746ad1cd-7733-4d67-8369-e04f45d32291@group-7934B631C69D-StateMachineUpdater: Took a snapshot at index 208
2023-06-17 00:48:25,238 [746ad1cd-7733-4d67-8369-e04f45d32291@group-7934B631C69D-StateMachineUpdater] INFO  impl.StateMachineUpdater (StateMachineUpdater.java:lambda$new$0(97)) - 746ad1cd-7733-4d67-8369-e04f45d32291@group-7934B631C69D-StateMachineUpdater: snapshotIndex: updateIncreasingly 200 -> 208
2023-06-17 00:48:25,238 [746ad1cd-7733-4d67-8369-e04f45d32291@group-7934B631C69D-StateMachineUpdater] INFO  server.StorageContainerManager (StorageContainerManager.java:stop(1573)) - Storage Container Manager is not running.
2023-06-17 00:48:25,238 [746ad1cd-7733-4d67-8369-e04f45d32291@group-7934B631C69D-StateMachineUpdater] INFO  server.StorageContainerManager (StorageContainerManager.java:stopReplicationManager(1717)) - Stopping Replication Manager Service.
2023-06-17 00:48:25,238 [746ad1cd-7733-4d67-8369-e04f45d32291@group-7934B631C69D-StateMachineUpdater] INFO  replication.ReplicationManager (ReplicationManager.java:stop(329)) - Replication Monitor Thread is not running.
2023-06-17 00:48:25,238 [746ad1cd-7733-4d67-8369-e04f45d32291@group-7934B631C69D-StateMachineUpdater] INFO  server.StorageContainerManager (ExitUtils.java:terminate(131)) - Terminating with exit status 0: scm statemachine is closed by ratis, terminate SCM
2023-06-17 00:48:25,238 [746ad1cd-7733-4d67-8369-e04f45d32291@group-7934B631C69D-StateMachineUpdater] WARN  impl.StateMachineUpdater (StateMachineUpdater.java:stop(139)) - 746ad1cd-7733-4d67-8369-e04f45d32291@group-7934B631C69D-StateMachineUpdater: Failed to close SCMStateMachine SCMStateMachine:746ad1cd-7733-4d67-8369-e04f45d32291:group-7934B631C69D
org.apache.ratis.util.ExitUtils$ExitException: scm statemachine is closed by ratis, terminate SCM
	at org.apache.ratis.util.ExitUtils.terminate(ExitUtils.java:141)
	at org.apache.ratis.util.ExitUtils.terminate(ExitUtils.java:151)
	at org.apache.ratis.util.ExitUtils.terminate(ExitUtils.java:155)
	at org.apache.hadoop.hdds.scm.server.StorageContainerManager.shutDown(StorageContainerManager.java:1727)
	at org.apache.hadoop.hdds.scm.ha.SCMStateMachine.close(SCMStateMachine.java:445)
	at org.apache.ratis.server.impl.StateMachineUpdater.stop(StateMachineUpdater.java:134)
	at org.apache.ratis.server.impl.StateMachineUpdater.run(StateMachineUpdater.java:189)
	at java.lang.Thread.run(Thread.java:750)
2023-06-17 00:48:25,239 [746ad1cd-7733-4d67-8369-e04f45d32291-impl-thread2] INFO  server.RaftServer$Division (ServerState.java:close(472)) - 746ad1cd-7733-4d67-8369-e04f45d32291@group-7934B631C69D: closes. applyIndex: 208
2023-06-17 00:48:25,337 [Datanode State Machine Daemon Thread] ERROR datanode.RunningDatanodeState (RunningDatanodeState.java:computeNextContainerState(207)) - Error in executing end point task.
java.util.concurrent.ExecutionException: java.util.concurrent.TimeoutException
	at java.util.concurrent.FutureTask.report(FutureTask.java:122)
	at java.util.concurrent.FutureTask.get(FutureTask.java:192)
	at org.apache.hadoop.ozone.container.common.states.datanode.RunningDatanodeState.computeNextContainerState(RunningDatanodeState.java:199)
	at org.apache.hadoop.ozone.container.common.states.datanode.RunningDatanodeState.await(RunningDatanodeState.java:239)
	at org.apache.hadoop.ozone.container.common.states.datanode.RunningDatanodeState.await(RunningDatanodeState.java:50)
	at org.apache.hadoop.ozone.container.common.statemachine.StateContext.execute(StateContext.java:666)
	at org.apache.hadoop.ozone.container.common.statemachine.DatanodeStateMachine.startStateMachineThread(DatanodeStateMachine.java:334)
	at org.apache.hadoop.ozone.container.common.statemachine.DatanodeStateMachine.lambda$startDaemon$0(DatanodeStateMachine.java:532)
	at java.lang.Thread.run(Thread.java:750)
Caused by: java.util.concurrent.TimeoutException
	at java.util.concurrent.FutureTask.get(FutureTask.java:205)
	at org.apache.hadoop.ozone.container.common.states.datanode.RunningDatanodeState.lambda$execute$0(RunningDatanodeState.java:157)
	at java.util.concurrent.FutureTask.run(FutureTask.java:266)
	at java.util.concurrent.Executors$RunnableAdapter.call(Executors.java:511)
	at java.util.concurrent.FutureTask.run(FutureTask.java:266)
	at java.util.concurrent.ThreadPoolExecutor.runWorker(ThreadPoolExecutor.java:1149)
	at java.util.concurrent.ThreadPoolExecutor$Worker.run(ThreadPoolExecutor.java:624)
	... 1 more
2023-06-17 00:48:25,338 [EndpointStateMachine task thread for /127.0.0.1:15020 - 0 ] INFO  ipc.Client (Client.java:handleConnectionFailure(967)) - Retrying connect to server: localhost/127.0.0.1:15020. Already tried 0 time(s); retry policy is RetryUpToMaximumCountWithFixedSleep(maxRetries=15, sleepTime=1000 MILLISECONDS)
2023-06-17 00:48:25,339 [EndpointStateMachine task thread for /127.0.0.1:15012 - 0 ] INFO  ipc.Client (Client.java:handleConnectionFailure(967)) - Retrying connect to server: localhost/127.0.0.1:15012. Already tried 1 time(s); retry policy is RetryUpToMaximumCountWithFixedSleep(maxRetries=15, sleepTime=1000 MILLISECONDS)
2023-06-17 00:48:25,768 [746ad1cd-7733-4d67-8369-e04f45d32291-impl-thread2] INFO  segmented.SegmentedRaftLogWorker (SegmentedRaftLogWorker.java:close(252)) - 746ad1cd-7733-4d67-8369-e04f45d32291@group-7934B631C69D-SegmentedRaftLogWorker close()
2023-06-17 00:48:25,769 [JvmPauseMonitor1] INFO  util.JvmPauseMonitor (JvmPauseMonitor.java:run(109)) - JvmPauseMonitor-746ad1cd-7733-4d67-8369-e04f45d32291: Stopped
2023-06-17 00:48:25,770 [main] INFO  SCMHATransactionMonitor (BackgroundSCMService.java:stop(131)) - Stopping SCMHATransactionMonitor Service.
2023-06-17 00:48:25,770 [SCMHATransactionMonitorThread] WARN  SCMHATransactionMonitor (BackgroundSCMService.java:run(115)) - SCMHATransactionMonitor is interrupted, exit
2023-06-17 00:48:25,771 [main] INFO  pipeline.BackgroundPipelineCreator (BackgroundPipelineCreator.java:stop(149)) - Stopping RatisPipelineUtilsThread.
2023-06-17 00:48:25,771 [RatisPipelineUtilsThread - 0] WARN  pipeline.BackgroundPipelineCreator (BackgroundPipelineCreator.java:run(180)) - RatisPipelineUtilsThread is interrupted.
2023-06-17 00:48:25,771 [main] INFO  BackgroundPipelineScrubber (BackgroundSCMService.java:stop(131)) - Stopping BackgroundPipelineScrubber Service.
2023-06-17 00:48:25,771 [main] INFO  impl.MetricsSystemImpl (MetricsSystemImpl.java:stop(205)) - StorageContainerManager metrics system stopped (again)
2023-06-17 00:48:25,772 [main] WARN  pipeline.BackgroundPipelineCreator (BackgroundPipelineCreator.java:stop(145)) - RatisPipelineUtilsThread is not running, just ignore.
2023-06-17 00:48:25,772 [main] INFO  BackgroundPipelineScrubber (BackgroundSCMService.java:stop(126)) - BackgroundPipelineScrubber Service is not running, skip stop.
2023-06-17 00:48:25,772 [main] INFO  ExpiredContainerReplicaOpScrubber (BackgroundSCMService.java:stop(131)) - Stopping ExpiredContainerReplicaOpScrubber Service.
2023-06-17 00:48:25,772 [main] INFO  utils.BackgroundService (BackgroundService.java:shutdown(141)) - Shutting down service SCMBlockDeletingService
2023-06-17 00:48:25,772 [ExpiredContainerReplicaOpScrubberThread] WARN  ExpiredContainerReplicaOpScrubber (BackgroundSCMService.java:run(115)) - ExpiredContainerReplicaOpScrubber is interrupted, exit
2023-06-17 00:48:25,772 [BackgroundPipelineScrubberThread] WARN  BackgroundPipelineScrubber (BackgroundSCMService.java:run(115)) - BackgroundPipelineScrubber is interrupted, exit
2023-06-17 00:48:25,772 [main] INFO  replication.ReplicationManager (ReplicationManager.java:stop(329)) - Replication Monitor Thread is not running.
2023-06-17 00:48:25,773 [main] WARN  balancer.ContainerBalancer (ContainerBalancer.java:stop(328)) - Cannot stop Container Balancer because it's not running or stopping
2023-06-17 00:48:25,773 [main] INFO  SCMHATransactionMonitor (BackgroundSCMService.java:stop(126)) - SCMHATransactionMonitor Service is not running, skip stop.
2023-06-17 00:48:25,773 [Lease Manager-LeaseManager#LeaseMonitor] WARN  lease.LeaseManager (LeaseManager.java:run(272)) - Lease manager is interrupted. Shutting down...
java.lang.InterruptedException
	at java.util.concurrent.locks.AbstractQueuedSynchronizer.doAcquireSharedNanos(AbstractQueuedSynchronizer.java:1039)
	at java.util.concurrent.locks.AbstractQueuedSynchronizer.tryAcquireSharedNanos(AbstractQueuedSynchronizer.java:1328)
	at java.util.concurrent.Semaphore.tryAcquire(Semaphore.java:409)
	at org.apache.hadoop.ozone.lease.LeaseManager$LeaseMonitor.run(LeaseManager.java:270)
	at java.lang.Thread.run(Thread.java:750)
2023-06-17 00:48:25,773 [main] INFO  server.StorageContainerManager (StorageContainerManager.java:stop(1708)) - Stopping SCM MetadataStore.
2023-06-17 00:48:25,775 [main] INFO  server.SCMSecurityProtocolServer (SCMSecurityProtocolServer.java:join(483)) - Join RPC server for SCMSecurityProtocolServer.
2023-06-17 00:48:25,775 [main] INFO  server.SCMSecurityProtocolServer (SCMSecurityProtocolServer.java:join(485)) - Join gRPC server for SCMSecurityProtocolServer.
2023-06-17 00:48:25,775 [main] INFO  ozone.MiniOzoneClusterImpl (MiniOzoneClusterImpl.java:stop(461)) - Stopping the Mini Ozone Cluster
2023-06-17 00:48:25,775 [main] INFO  ozone.MiniOzoneClusterImpl (MiniOzoneClusterImpl.java:stopDatanodes(529)) - Stopping the HddsDatanodes
2023-06-17 00:48:26,339 [EndpointStateMachine task thread for /127.0.0.1:15020 - 0 ] INFO  ipc.Client (Client.java:handleConnectionFailure(967)) - Retrying connect to server: localhost/127.0.0.1:15020. Already tried 1 time(s); retry policy is RetryUpToMaximumCountWithFixedSleep(maxRetries=15, sleepTime=1000 MILLISECONDS)
2023-06-17 00:48:26,339 [EndpointStateMachine task thread for /127.0.0.1:15004 - 0 ] INFO  ipc.Client (Client.java:handleConnectionFailure(967)) - Retrying connect to server: localhost/127.0.0.1:15004. Already tried 0 time(s); retry policy is RetryUpToMaximumCountWithFixedSleep(maxRetries=15, sleepTime=1000 MILLISECONDS)
2023-06-17 00:48:26,340 [EndpointStateMachine task thread for /127.0.0.1:15012 - 0 ] INFO  ipc.Client (Client.java:handleConnectionFailure(967)) - Retrying connect to server: localhost/127.0.0.1:15012. Already tried 2 time(s); retry policy is RetryUpToMaximumCountWithFixedSleep(maxRetries=15, sleepTime=1000 MILLISECONDS)
2023-06-17 00:48:26,340 [main] INFO  ozoneimpl.OzoneContainer (OzoneContainer.java:stop(433)) - Attempting to stop container services.
2023-06-17 00:48:26,342 [main] INFO  server.RaftServer (RaftServerProxy.java:lambda$close$6(416)) - b906f068-6630-4fe8-91f5-8d80c31a04ef: close
2023-06-17 00:48:26,342 [main] INFO  server.GrpcService (GrpcService.java:closeImpl(311)) - b906f068-6630-4fe8-91f5-8d80c31a04ef: shutdown server org.apache.ratis.grpc.server.GrpcClientProtocolService now
2023-06-17 00:48:26,342 [b906f068-6630-4fe8-91f5-8d80c31a04ef-impl-thread1] INFO  server.RaftServer$Division (RaftServerImpl.java:lambda$close$4(466)) - b906f068-6630-4fe8-91f5-8d80c31a04ef@group-F300513684FB: shutdown
2023-06-17 00:48:26,343 [b906f068-6630-4fe8-91f5-8d80c31a04ef-impl-thread1] INFO  util.JmxRegister (JmxRegister.java:unregister(73)) - Successfully un-registered JMX Bean with object name Ratis:service=RaftServer,group=group-F300513684FB,id=b906f068-6630-4fe8-91f5-8d80c31a04ef
2023-06-17 00:48:26,343 [b906f068-6630-4fe8-91f5-8d80c31a04ef-impl-thread1] INFO  impl.RoleInfo (RoleInfo.java:shutdownLeaderState(93)) - b906f068-6630-4fe8-91f5-8d80c31a04ef: shutdown b906f068-6630-4fe8-91f5-8d80c31a04ef@group-F300513684FB-LeaderStateImpl
2023-06-17 00:48:26,343 [b906f068-6630-4fe8-91f5-8d80c31a04ef-impl-thread1] INFO  impl.PendingRequests (PendingRequests.java:sendNotLeaderResponses(289)) - b906f068-6630-4fe8-91f5-8d80c31a04ef@group-F300513684FB-PendingRequests: sendNotLeaderResponses
2023-06-17 00:48:26,343 [main] INFO  server.GrpcService (GrpcService.java:closeImpl(320)) - b906f068-6630-4fe8-91f5-8d80c31a04ef: shutdown server org.apache.ratis.grpc.server.GrpcClientProtocolService successfully
2023-06-17 00:48:26,343 [b906f068-6630-4fe8-91f5-8d80c31a04ef-impl-thread1] INFO  impl.StateMachineUpdater (StateMachineUpdater.java:stopAndJoin(155)) - b906f068-6630-4fe8-91f5-8d80c31a04ef@group-F300513684FB-StateMachineUpdater: set stopIndex = 0
2023-06-17 00:48:26,343 [main] INFO  server.GrpcService (GrpcService.java:closeImpl(311)) - b906f068-6630-4fe8-91f5-8d80c31a04ef: shutdown server GrpcServerProtocolService now
2023-06-17 00:48:26,344 [b906f068-6630-4fe8-91f5-8d80c31a04ef@group-F300513684FB-StateMachineUpdater] INFO  ratis.ContainerStateMachine (ContainerStateMachine.java:takeSnapshot(330)) - group-F300513684FB: Taking a snapshot at:(t:1, i:0) file /home/runner/work/ozone/ozone/hadoop-ozone/integration-test/target/test-dir/MiniOzoneClusterImpl-a3d962f4-5b41-4a19-a1e3-7934b631c69d/datanode-0/data/ratis/1d138773-6f06-4b75-a8db-f300513684fb/sm/snapshot.1_0
2023-06-17 00:48:26,349 [main] INFO  server.GrpcService (GrpcService.java:closeImpl(320)) - b906f068-6630-4fe8-91f5-8d80c31a04ef: shutdown server GrpcServerProtocolService successfully
2023-06-17 00:48:26,349 [main] INFO  server.GrpcService (GrpcService.java:closeImpl(311)) - b906f068-6630-4fe8-91f5-8d80c31a04ef: shutdown server org.apache.ratis.grpc.server.GrpcAdminProtocolService now
2023-06-17 00:48:26,371 [main] INFO  server.GrpcService (GrpcService.java:closeImpl(320)) - b906f068-6630-4fe8-91f5-8d80c31a04ef: shutdown server org.apache.ratis.grpc.server.GrpcAdminProtocolService successfully
2023-06-17 00:48:26,372 [b906f068-6630-4fe8-91f5-8d80c31a04ef-NettyServerStreamRpc-bossGroup--thread1] INFO  logging.LoggingHandler (AbstractInternalLogger.java:log(148)) - [id: 0x458385a7, L:/0:0:0:0:0:0:0:0:15047] CLOSE
2023-06-17 00:48:26,372 [b906f068-6630-4fe8-91f5-8d80c31a04ef-NettyServerStreamRpc-bossGroup--thread1] INFO  logging.LoggingHandler (AbstractInternalLogger.java:log(148)) - [id: 0x458385a7, L:/0:0:0:0:0:0:0:0:15047] INACTIVE
2023-06-17 00:48:26,372 [b906f068-6630-4fe8-91f5-8d80c31a04ef-NettyServerStreamRpc-bossGroup--thread1] INFO  logging.LoggingHandler (AbstractInternalLogger.java:log(148)) - [id: 0x458385a7, L:/0:0:0:0:0:0:0:0:15047] UNREGISTERED
2023-06-17 00:48:26,390 [b906f068-6630-4fe8-91f5-8d80c31a04ef@group-F300513684FB-StateMachineUpdater] INFO  ratis.ContainerStateMachine (ContainerStateMachine.java:takeSnapshot(341)) - group-F300513684FB: Finished taking a snapshot at:(t:1, i:0) file:/home/runner/work/ozone/ozone/hadoop-ozone/integration-test/target/test-dir/MiniOzoneClusterImpl-a3d962f4-5b41-4a19-a1e3-7934b631c69d/datanode-0/data/ratis/1d138773-6f06-4b75-a8db-f300513684fb/sm/snapshot.1_0 took: 47 ms
2023-06-17 00:48:26,392 [b906f068-6630-4fe8-91f5-8d80c31a04ef@group-F300513684FB-StateMachineUpdater] INFO  impl.StateMachineUpdater (StateMachineUpdater.java:takeSnapshot(291)) - b906f068-6630-4fe8-91f5-8d80c31a04ef@group-F300513684FB-StateMachineUpdater: Took a snapshot at index 0
2023-06-17 00:48:26,392 [b906f068-6630-4fe8-91f5-8d80c31a04ef@group-F300513684FB-StateMachineUpdater] INFO  impl.StateMachineUpdater (StateMachineUpdater.java:lambda$new$0(97)) - b906f068-6630-4fe8-91f5-8d80c31a04ef@group-F300513684FB-StateMachineUpdater: snapshotIndex: updateIncreasingly -1 -> 0
2023-06-17 00:48:26,395 [b906f068-6630-4fe8-91f5-8d80c31a04ef-impl-thread1] INFO  server.RaftServer$Division (ServerState.java:close(472)) - b906f068-6630-4fe8-91f5-8d80c31a04ef@group-F300513684FB: closes. applyIndex: 0
2023-06-17 00:48:27,323 [b906f068-6630-4fe8-91f5-8d80c31a04ef-impl-thread1] INFO  segmented.SegmentedRaftLogWorker (SegmentedRaftLogWorker.java:close(252)) - b906f068-6630-4fe8-91f5-8d80c31a04ef@group-F300513684FB-SegmentedRaftLogWorker close()
2023-06-17 00:48:27,324 [JvmPauseMonitor4] INFO  util.JvmPauseMonitor (JvmPauseMonitor.java:run(109)) - JvmPauseMonitor-b906f068-6630-4fe8-91f5-8d80c31a04ef: Stopped
2023-06-17 00:48:27,340 [EndpointStateMachine task thread for /127.0.0.1:15004 - 0 ] INFO  ipc.Client (Client.java:handleConnectionFailure(967)) - Retrying connect to server: localhost/127.0.0.1:15004. Already tried 1 time(s); retry policy is RetryUpToMaximumCountWithFixedSleep(maxRetries=15, sleepTime=1000 MILLISECONDS)
2023-06-17 00:48:27,340 [EndpointStateMachine task thread for /127.0.0.1:15020 - 0 ] INFO  ipc.Client (Client.java:handleConnectionFailure(967)) - Retrying connect to server: localhost/127.0.0.1:15020. Already tried 2 time(s); retry policy is RetryUpToMaximumCountWithFixedSleep(maxRetries=15, sleepTime=1000 MILLISECONDS)
2023-06-17 00:48:27,341 [EndpointStateMachine task thread for /127.0.0.1:15012 - 0 ] INFO  ipc.Client (Client.java:handleConnectionFailure(967)) - Retrying connect to server: localhost/127.0.0.1:15012. Already tried 3 time(s); retry policy is RetryUpToMaximumCountWithFixedSleep(maxRetries=15, sleepTime=1000 MILLISECONDS)
2023-06-17 00:48:28,341 [EndpointStateMachine task thread for /127.0.0.1:15004 - 0 ] INFO  ipc.Client (Client.java:handleConnectionFailure(967)) - Retrying connect to server: localhost/127.0.0.1:15004. Already tried 2 time(s); retry policy is RetryUpToMaximumCountWithFixedSleep(maxRetries=15, sleepTime=1000 MILLISECONDS)
2023-06-17 00:48:28,342 [EndpointStateMachine task thread for /127.0.0.1:15020 - 0 ] INFO  ipc.Client (Client.java:handleConnectionFailure(967)) - Retrying connect to server: localhost/127.0.0.1:15020. Already tried 3 time(s); retry policy is RetryUpToMaximumCountWithFixedSleep(maxRetries=15, sleepTime=1000 MILLISECONDS)
2023-06-17 00:48:28,342 [EndpointStateMachine task thread for /127.0.0.1:15012 - 0 ] INFO  ipc.Client (Client.java:handleConnectionFailure(967)) - Retrying connect to server: localhost/127.0.0.1:15012. Already tried 4 time(s); retry policy is RetryUpToMaximumCountWithFixedSleep(maxRetries=15, sleepTime=1000 MILLISECONDS)
2023-06-17 00:48:29,342 [EndpointStateMachine task thread for /127.0.0.1:15004 - 0 ] INFO  ipc.Client (Client.java:handleConnectionFailure(967)) - Retrying connect to server: localhost/127.0.0.1:15004. Already tried 3 time(s); retry policy is RetryUpToMaximumCountWithFixedSleep(maxRetries=15, sleepTime=1000 MILLISECONDS)
2023-06-17 00:48:29,343 [EndpointStateMachine task thread for /127.0.0.1:15012 - 0 ] INFO  ipc.Client (Client.java:handleConnectionFailure(967)) - Retrying connect to server: localhost/127.0.0.1:15012. Already tried 5 time(s); retry policy is RetryUpToMaximumCountWithFixedSleep(maxRetries=15, sleepTime=1000 MILLISECONDS)
2023-06-17 00:48:29,342 [EndpointStateMachine task thread for /127.0.0.1:15020 - 0 ] INFO  ipc.Client (Client.java:handleConnectionFailure(967)) - Retrying connect to server: localhost/127.0.0.1:15020. Already tried 4 time(s); retry policy is RetryUpToMaximumCountWithFixedSleep(maxRetries=15, sleepTime=1000 MILLISECONDS)
2023-06-17 00:48:29,350 [main] INFO  utils.DatanodeStoreCache (DatanodeStoreCache.java:shutdownCache(110)) - Skip clearing cache in mini cluster mode. Entries left: [/home/runner/work/ozone/ozone/hadoop-ozone/integration-test/target/test-dir/MiniOzoneClusterImpl-a3d962f4-5b41-4a19-a1e3-7934b631c69d/datanode-0/data-0/containers/hdds/a3d962f4-5b41-4a19-a1e3-7934b631c69d/DS-718379e1-1434-474a-9ad4-166011cc259f/container.db]
2023-06-17 00:48:29,351 [main] INFO  utils.DatanodeStoreCache (DatanodeStoreCache.java:removeDB(104)) - Removed db /home/runner/work/ozone/ozone/hadoop-ozone/integration-test/target/test-dir/MiniOzoneClusterImpl-a3d962f4-5b41-4a19-a1e3-7934b631c69d/datanode-0/data-0/containers/hdds/a3d962f4-5b41-4a19-a1e3-7934b631c69d/DS-718379e1-1434-474a-9ad4-166011cc259f/container.db from cache
2023-06-17 00:48:29,352 [main] INFO  volume.HddsVolume (HddsVolume.java:closeDbStore(437)) - SchemaV3 db is stopped at /home/runner/work/ozone/ozone/hadoop-ozone/integration-test/target/test-dir/MiniOzoneClusterImpl-a3d962f4-5b41-4a19-a1e3-7934b631c69d/datanode-0/data-0/containers/hdds/a3d962f4-5b41-4a19-a1e3-7934b631c69d/DS-718379e1-1434-474a-9ad4-166011cc259f/container.db for volume DS-718379e1-1434-474a-9ad4-166011cc259f
2023-06-17 00:48:29,352 [main] INFO  utils.BackgroundService (BackgroundService.java:shutdown(141)) - Shutting down service BlockDeletingService
2023-06-17 00:48:29,352 [main] INFO  utils.BackgroundService (BackgroundService.java:shutdown(141)) - Shutting down service StaleRecoveringContainerScrubbingService
2023-06-17 00:48:29,353 [main] INFO  statemachine.DatanodeStateMachine (DatanodeStateMachine.java:stopDaemon(613)) - Ozone container server stopped.
2023-06-17 00:48:29,367 [main] INFO  handler.ContextHandler (ContextHandler.java:doStop(1159)) - Stopped o.e.j.w.WebAppContext@57fe742a{hddsDatanode,/,null,STOPPED}{jar:file:/home/runner/.m2/repository/org/apache/ozone/hdds-container-service/1.4.0-SNAPSHOT/hdds-container-service-1.4.0-SNAPSHOT.jar!/webapps/hddsDatanode}
2023-06-17 00:48:29,367 [main] INFO  server.AbstractConnector (AbstractConnector.java:doStop(383)) - Stopped ServerConnector@377623e9{HTTP/1.1, (http/1.1)}{0.0.0.0:15041}
2023-06-17 00:48:29,367 [main] INFO  server.session (HouseKeeper.java:stopScavenging(149)) - node0 Stopped scavenging
2023-06-17 00:48:29,368 [main] INFO  handler.ContextHandler (ContextHandler.java:doStop(1159)) - Stopped o.e.j.s.ServletContextHandler@3b806f13{static,/static,jar:file:/home/runner/.m2/repository/org/apache/ozone/hdds-container-service/1.4.0-SNAPSHOT/hdds-container-service-1.4.0-SNAPSHOT.jar!/webapps/static,STOPPED}
2023-06-17 00:48:29,368 [main] INFO  handler.ContextHandler (ContextHandler.java:doStop(1159)) - Stopped o.e.j.s.ServletContextHandler@a4d762e{logs,/logs,file:///home/runner/work/ozone/ozone/hadoop-ozone/integration-test/target/log,STOPPED}
2023-06-17 00:48:29,369 [main] INFO  ozone.HddsDatanodeClientProtocolServer (HddsDatanodeClientProtocolServer.java:stop(78)) - Stopping the RPC server for Client Protocol
2023-06-17 00:48:29,370 [main] INFO  ipc.Server (Server.java:stop(3501)) - Stopping server on 15042
2023-06-17 00:48:29,371 [IPC Server listener on 15042] INFO  ipc.Server (Server.java:run(1430)) - Stopping IPC Server listener on 15042
2023-06-17 00:48:29,371 [IPC Server Responder] INFO  ipc.Server (Server.java:run(1563)) - Stopping IPC Server Responder
]]></system-out>
  </testcase>
</testsuite>